<?xml version="1.0" encoding="UTF-8"?>
<testsuite xmlns:xsi="http://www.w3.org/2001/XMLSchema-instance" xsi:noNamespaceSchemaLocation="https://maven.apache.org/surefire/maven-surefire-plugin/xsd/surefire-test-report-3.0.xsd" version="3.0" name="TestSuite" time="5,237.483" tests="27" errors="0" skipped="6" failures="11">
  <properties>
    <property name="java.specification.version" value="19"/>
    <property name="webdriver.chrome.driver" value="C:\Users\dP-PL\.cache\selenium\chromedriver\win64\119.0.6045.105\chromedriver.exe"/>
    <property name="sun.cpu.isalist" value="amd64"/>
    <property name="sun.jnu.encoding" value="Cp1252"/>
    <property name="java.class.path" value="D:\XGL Final\XGLFinal\target\test-classes;D:\XGL Final\XGLFinal\target\classes;C:\Users\dP-PL\.m2\repository\org\seleniumhq\selenium\selenium-java\3.141.59\selenium-java-3.141.59.jar;C:\Users\dP-PL\.m2\repository\org\seleniumhq\selenium\selenium-api\3.141.59\selenium-api-3.141.59.jar;C:\Users\dP-PL\.m2\repository\org\seleniumhq\selenium\selenium-chrome-driver\3.141.59\selenium-chrome-driver-3.141.59.jar;C:\Users\dP-PL\.m2\repository\org\seleniumhq\selenium\selenium-edge-driver\3.141.59\selenium-edge-driver-3.141.59.jar;C:\Users\dP-PL\.m2\repository\org\seleniumhq\selenium\selenium-firefox-driver\3.141.59\selenium-firefox-driver-3.141.59.jar;C:\Users\dP-PL\.m2\repository\org\seleniumhq\selenium\selenium-ie-driver\3.141.59\selenium-ie-driver-3.141.59.jar;C:\Users\dP-PL\.m2\repository\org\seleniumhq\selenium\selenium-opera-driver\3.141.59\selenium-opera-driver-3.141.59.jar;C:\Users\dP-PL\.m2\repository\org\seleniumhq\selenium\selenium-remote-driver\3.141.59\selenium-remote-driver-3.141.59.jar;C:\Users\dP-PL\.m2\repository\org\seleniumhq\selenium\selenium-safari-driver\3.141.59\selenium-safari-driver-3.141.59.jar;C:\Users\dP-PL\.m2\repository\org\seleniumhq\selenium\selenium-support\3.141.59\selenium-support-3.141.59.jar;C:\Users\dP-PL\.m2\repository\net\bytebuddy\byte-buddy\1.8.15\byte-buddy-1.8.15.jar;C:\Users\dP-PL\.m2\repository\org\apache\commons\commons-exec\1.3\commons-exec-1.3.jar;C:\Users\dP-PL\.m2\repository\com\google\guava\guava\25.0-jre\guava-25.0-jre.jar;C:\Users\dP-PL\.m2\repository\org\checkerframework\checker-compat-qual\2.0.0\checker-compat-qual-2.0.0.jar;C:\Users\dP-PL\.m2\repository\com\google\errorprone\error_prone_annotations\2.1.3\error_prone_annotations-2.1.3.jar;C:\Users\dP-PL\.m2\repository\com\google\j2objc\j2objc-annotations\1.1\j2objc-annotations-1.1.jar;C:\Users\dP-PL\.m2\repository\org\codehaus\mojo\animal-sniffer-annotations\1.14\animal-sniffer-annotations-1.14.jar;C:\Users\dP-PL\.m2\repository\com\squareup\okhttp3\okhttp\3.11.0\okhttp-3.11.0.jar;C:\Users\dP-PL\.m2\repository\com\squareup\okio\okio\1.14.0\okio-1.14.0.jar;C:\Users\dP-PL\.m2\repository\org\seleniumhq\selenium\selenium-http-jdk-client\4.8.1\selenium-http-jdk-client-4.8.1.jar;C:\Users\dP-PL\.m2\repository\com\google\auto\service\auto-service-annotations\1.0.1\auto-service-annotations-1.0.1.jar;C:\Users\dP-PL\.m2\repository\com\google\auto\service\auto-service\1.0.1\auto-service-1.0.1.jar;C:\Users\dP-PL\.m2\repository\com\google\auto\auto-common\1.2\auto-common-1.2.jar;C:\Users\dP-PL\.m2\repository\org\seleniumhq\selenium\selenium-http\4.8.1\selenium-http-4.8.1.jar;C:\Users\dP-PL\.m2\repository\dev\failsafe\failsafe\3.3.0\failsafe-3.3.0.jar;C:\Users\dP-PL\.m2\repository\org\seleniumhq\selenium\selenium-json\4.8.1\selenium-json-4.8.1.jar;C:\Users\dP-PL\.m2\repository\io\github\bonigarcia\webdrivermanager\5.5.3\webdrivermanager-5.5.3.jar;C:\Users\dP-PL\.m2\repository\com\github\docker-java\docker-java\3.3.3\docker-java-3.3.3.jar;C:\Users\dP-PL\.m2\repository\com\github\docker-java\docker-java-core\3.3.3\docker-java-core-3.3.3.jar;C:\Users\dP-PL\.m2\repository\com\github\docker-java\docker-java-api\3.3.3\docker-java-api-3.3.3.jar;C:\Users\dP-PL\.m2\repository\org\bouncycastle\bcpkix-jdk18on\1.75\bcpkix-jdk18on-1.75.jar;C:\Users\dP-PL\.m2\repository\org\bouncycastle\bcprov-jdk18on\1.75\bcprov-jdk18on-1.75.jar;C:\Users\dP-PL\.m2\repository\org\bouncycastle\bcutil-jdk18on\1.75\bcutil-jdk18on-1.75.jar;C:\Users\dP-PL\.m2\repository\com\github\docker-java\docker-java-transport-httpclient5\3.3.3\docker-java-transport-httpclient5-3.3.3.jar;C:\Users\dP-PL\.m2\repository\com\github\docker-java\docker-java-transport\3.3.3\docker-java-transport-3.3.3.jar;C:\Users\dP-PL\.m2\repository\net\java\dev\jna\jna\5.12.1\jna-5.12.1.jar;C:\Users\dP-PL\.m2\repository\org\brotli\dec\0.1.2\dec-0.1.2.jar;C:\Users\dP-PL\.m2\repository\org\apache\commons\commons-lang3\3.13.0\commons-lang3-3.13.0.jar;C:\Users\dP-PL\.m2\repository\org\apache\httpcomponents\client5\httpclient5\5.2.1\httpclient5-5.2.1.jar;C:\Users\dP-PL\.m2\repository\org\apache\httpcomponents\core5\httpcore5\5.2\httpcore5-5.2.jar;C:\Users\dP-PL\.m2\repository\org\apache\httpcomponents\core5\httpcore5-h2\5.2\httpcore5-h2-5.2.jar;C:\Users\dP-PL\.m2\repository\org\testng\testng\7.6.1\testng-7.6.1.jar;C:\Users\dP-PL\.m2\repository\com\google\code\findbugs\jsr305\3.0.2\jsr305-3.0.2.jar;C:\Users\dP-PL\.m2\repository\com\beust\jcommander\1.82\jcommander-1.82.jar;C:\Users\dP-PL\.m2\repository\org\webjars\jquery\3.6.0\jquery-3.6.0.jar;C:\Users\dP-PL\.m2\repository\net\rcarz\Jira-client\0.5\Jira-client-0.5.jar;C:\Users\dP-PL\.m2\repository\org\apache\httpcomponents\httpmime\4.2.5\httpmime-4.2.5.jar;C:\Users\dP-PL\.m2\repository\net\sf\json-lib\json-lib\2.4\json-lib-2.4-jdk15.jar;C:\Users\dP-PL\.m2\repository\commons-beanutils\commons-beanutils\1.8.0\commons-beanutils-1.8.0.jar;C:\Users\dP-PL\.m2\repository\commons-collections\commons-collections\3.2.1\commons-collections-3.2.1.jar;C:\Users\dP-PL\.m2\repository\commons-lang\commons-lang\2.5\commons-lang-2.5.jar;C:\Users\dP-PL\.m2\repository\net\sf\ezmorph\ezmorph\1.0.6\ezmorph-1.0.6.jar;C:\Users\dP-PL\.m2\repository\joda-time\joda-time\2.3\joda-time-2.3.jar;C:\Users\dP-PL\.m2\repository\junit\junit\4.8.2\junit-4.8.2.jar;C:\Users\dP-PL\.m2\repository\org\mockito\mockito-all\1.9.0\mockito-all-1.9.0.jar;C:\Users\dP-PL\.m2\repository\commons-httpclient\commons-httpclient\3.1\commons-httpclient-3.1.jar;C:\Users\dP-PL\.m2\repository\org\apache\maven\plugins\maven-surefire-plugin\3.0.0-M7\maven-surefire-plugin-3.0.0-M7.jar;C:\Users\dP-PL\.m2\repository\org\apache\maven\surefire\maven-surefire-common\3.0.0-M7\maven-surefire-common-3.0.0-M7.jar;C:\Users\dP-PL\.m2\repository\org\apache\maven\surefire\surefire-api\3.0.0-M7\surefire-api-3.0.0-M7.jar;C:\Users\dP-PL\.m2\repository\org\apache\maven\surefire\surefire-logger-api\3.0.0-M7\surefire-logger-api-3.0.0-M7.jar;C:\Users\dP-PL\.m2\repository\org\apache\maven\surefire\surefire-extensions-api\3.0.0-M7\surefire-extensions-api-3.0.0-M7.jar;C:\Users\dP-PL\.m2\repository\org\apache\maven\surefire\surefire-booter\3.0.0-M7\surefire-booter-3.0.0-M7.jar;C:\Users\dP-PL\.m2\repository\org\apache\maven\surefire\surefire-extensions-spi\3.0.0-M7\surefire-extensions-spi-3.0.0-M7.jar;C:\Users\dP-PL\.m2\repository\org\apache\maven\shared\maven-common-artifact-filters\3.1.1\maven-common-artifact-filters-3.1.1.jar;C:\Users\dP-PL\.m2\repository\org\codehaus\plexus\plexus-java\1.1.1\plexus-java-1.1.1.jar;C:\Users\dP-PL\.m2\repository\org\ow2\asm\asm\9.2\asm-9.2.jar;C:\Users\dP-PL\.m2\repository\com\thoughtworks\qdox\qdox\2.0.1\qdox-2.0.1.jar;C:\Users\dP-PL\.m2\repository\org\apache\maven\surefire\surefire-shared-utils\3.0.0-M7\surefire-shared-utils-3.0.0-M7.jar;C:\Users\dP-PL\.m2\repository\com\aventstack\extentreports\5.0.8\extentreports-5.0.8.jar;C:\Users\dP-PL\.m2\repository\io\reactivex\rxjava3\rxjava\3.0.4\rxjava-3.0.4.jar;C:\Users\dP-PL\.m2\repository\org\reactivestreams\reactive-streams\1.0.3\reactive-streams-1.0.3.jar;C:\Users\dP-PL\.m2\repository\org\freemarker\freemarker\2.3.30\freemarker-2.3.30.jar;C:\Users\dP-PL\.m2\repository\org\projectlombok\lombok\1.18.22\lombok-1.18.22.jar;C:\Users\dP-PL\.m2\repository\org\apache\poi\poi-ooxml\5.2.2\poi-ooxml-5.2.2.jar;C:\Users\dP-PL\.m2\repository\org\apache\poi\poi\5.2.2\poi-5.2.2.jar;C:\Users\dP-PL\.m2\repository\org\apache\commons\commons-math3\3.6.1\commons-math3-3.6.1.jar;C:\Users\dP-PL\.m2\repository\com\zaxxer\SparseBitSet\1.2\SparseBitSet-1.2.jar;C:\Users\dP-PL\.m2\repository\org\apache\poi\poi-ooxml-lite\5.2.2\poi-ooxml-lite-5.2.2.jar;C:\Users\dP-PL\.m2\repository\org\apache\xmlbeans\xmlbeans\5.0.3\xmlbeans-5.0.3.jar;C:\Users\dP-PL\.m2\repository\org\apache\commons\commons-compress\1.21\commons-compress-1.21.jar;C:\Users\dP-PL\.m2\repository\commons-io\commons-io\2.11.0\commons-io-2.11.0.jar;C:\Users\dP-PL\.m2\repository\com\github\virtuald\curvesapi\1.07\curvesapi-1.07.jar;C:\Users\dP-PL\.m2\repository\org\apache\commons\commons-collections4\4.4\commons-collections4-4.4.jar;C:\Users\dP-PL\.m2\repository\org\apache\logging\log4j\log4j-api\2.17.0\log4j-api-2.17.0.jar;C:\Users\dP-PL\.m2\repository\org\apache\logging\log4j\log4j-core\2.17.0\log4j-core-2.17.0.jar;C:\Users\dP-PL\.m2\repository\org\slf4j\slf4j-api\1.7.32\slf4j-api-1.7.32.jar;C:\Users\dP-PL\.m2\repository\org\apache\logging\log4j\log4j-slf4j-impl\2.17.0\log4j-slf4j-impl-2.17.0.jar;C:\Users\dP-PL\.m2\repository\com\microsoft\sqlserver\mssql-jdbc\12.4.0.jre11\mssql-jdbc-12.4.0.jre11.jar;C:\Users\dP-PL\.m2\repository\com\oracle\database\jdbc\ojdbc11\23.2.0.0\ojdbc11-23.2.0.0.jar;C:\Users\dP-PL\.m2\repository\net\lightbody\bmp\browsermob-core\2.1.5\browsermob-core-2.1.5.jar;C:\Users\dP-PL\.m2\repository\net\lightbody\bmp\littleproxy\1.1.0-beta-bmp-17\littleproxy-1.1.0-beta-bmp-17.jar;C:\Users\dP-PL\.m2\repository\com\fasterxml\jackson\core\jackson-core\2.8.9\jackson-core-2.8.9.jar;C:\Users\dP-PL\.m2\repository\com\fasterxml\jackson\core\jackson-databind\2.8.9\jackson-databind-2.8.9.jar;C:\Users\dP-PL\.m2\repository\com\fasterxml\jackson\core\jackson-annotations\2.8.9\jackson-annotations-2.8.9.jar;C:\Users\dP-PL\.m2\repository\dnsjava\dnsjava\2.1.8\dnsjava-2.1.8.jar;C:\Users\dP-PL\.m2\repository\org\slf4j\jcl-over-slf4j\1.7.25\jcl-over-slf4j-1.7.25.jar;C:\Users\dP-PL\.m2\repository\com\jcraft\jzlib\1.1.3\jzlib-1.1.3.jar;C:\Users\dP-PL\.m2\repository\io\netty\netty-all\4.0.51.Final\netty-all-4.0.51.Final.jar;C:\Users\dP-PL\.m2\repository\org\bouncycastle\bcprov-jdk15on\1.58\bcprov-jdk15on-1.58.jar;C:\Users\dP-PL\.m2\repository\org\bouncycastle\bcpkix-jdk15on\1.58\bcpkix-jdk15on-1.58.jar;C:\Users\dP-PL\.m2\repository\net\lightbody\bmp\mitm\2.1.5\mitm-2.1.5.jar;C:\Users\dP-PL\.m2\repository\dom4j\dom4j\1.1\dom4j-1.1.jar;C:\Users\dP-PL\.m2\repository\org\apache\httpcomponents\httpclient\4.5.13\httpclient-4.5.13.jar;C:\Users\dP-PL\.m2\repository\org\apache\httpcomponents\httpcore\4.4.13\httpcore-4.4.13.jar;C:\Users\dP-PL\.m2\repository\commons-logging\commons-logging\1.2\commons-logging-1.2.jar;C:\Users\dP-PL\.m2\repository\commons-codec\commons-codec\1.11\commons-codec-1.11.jar;C:\Users\dP-PL\.m2\repository\com\google\code\gson\gson\2.8.8\gson-2.8.8.jar;C:\Users\dP-PL\.m2\repository\ch\fortysix\maven-postman-plugin\0.1.6\maven-postman-plugin-0.1.6.jar;C:\Users\dP-PL\.m2\repository\org\codehaus\gmaven\gmaven-mojo\1.2\gmaven-mojo-1.2.jar;C:\Users\dP-PL\.m2\repository\org\codehaus\gmaven\runtime\gmaven-runtime-api\1.2\gmaven-runtime-api-1.2.jar;C:\Users\dP-PL\.m2\repository\org\codehaus\gmaven\feature\gmaven-feature-api\1.2\gmaven-feature-api-1.2.jar;C:\Users\dP-PL\.m2\repository\org\apache\maven\maven-project\2.0.10\maven-project-2.0.10.jar;C:\Users\dP-PL\.m2\repository\org\apache\maven\maven-plugin-registry\2.0.10\maven-plugin-registry-2.0.10.jar;C:\Users\dP-PL\.m2\repository\org\codehaus\plexus\plexus-interpolation\1.1\plexus-interpolation-1.1.jar;C:\Users\dP-PL\.m2\repository\org\apache\maven\maven-plugin-api\2.0.10\maven-plugin-api-2.0.10.jar;C:\Users\dP-PL\.m2\repository\org\codehaus\gmaven\runtime\gmaven-runtime-1.7\1.2\gmaven-runtime-1.7-1.2.jar;C:\Users\dP-PL\.m2\repository\org\codehaus\gmaven\feature\gmaven-feature-support\1.2\gmaven-feature-support-1.2.jar;C:\Users\dP-PL\.m2\repository\org\codehaus\gmaven\runtime\gmaven-runtime-support\1.2\gmaven-runtime-support-1.2.jar;C:\Users\dP-PL\.m2\repository\org\sonatype\gshell\gshell-io\2.0\gshell-io-2.0.jar;C:\Users\dP-PL\.m2\repository\org\sonatype\gossip\gossip\1.0\gossip-1.0.jar;C:\Users\dP-PL\.m2\repository\org\codehaus\groovy\groovy-all\1.7-beta-2\groovy-all-1.7-beta-2.jar;C:\Users\dP-PL\.m2\repository\jline\jline\0.9.94\jline-0.9.94.jar;C:\Users\dP-PL\.m2\repository\javax\mail\mail\1.4.1\mail-1.4.1.jar;C:\Users\dP-PL\.m2\repository\javax\activation\activation\1.1\activation-1.1.jar;C:\Users\dP-PL\.m2\repository\org\apache\ant\ant\1.7.1\ant-1.7.1.jar;C:\Users\dP-PL\.m2\repository\org\apache\ant\ant-launcher\1.7.1\ant-launcher-1.7.1.jar;C:\Users\dP-PL\.m2\repository\org\slf4j\log4j-over-slf4j\1.5.10\log4j-over-slf4j-1.5.10.jar;C:\Users\dP-PL\.m2\repository\org\apache\maven\shared\file-management\1.2.1\file-management-1.2.1.jar;C:\Users\dP-PL\.m2\repository\org\apache\maven\shared\maven-shared-io\1.1\maven-shared-io-1.1.jar;C:\Users\dP-PL\.m2\repository\org\codehaus\plexus\plexus-container-default\1.0-alpha-9\plexus-container-default-1.0-alpha-9.jar;C:\Users\dP-PL\.m2\repository\org\apache\maven\reporting\maven-reporting-api\2.2.1\maven-reporting-api-2.2.1.jar;C:\Users\dP-PL\.m2\repository\org\apache\maven\doxia\doxia-logging-api\1.1\doxia-logging-api-1.1.jar;C:\Users\dP-PL\.m2\repository\org\apache\maven\reporting\maven-reporting-impl\2.0.4.3\maven-reporting-impl-2.0.4.3.jar;C:\Users\dP-PL\.m2\repository\org\apache\maven\doxia\doxia-core\1.0\doxia-core-1.0.jar;C:\Users\dP-PL\.m2\repository\org\apache\maven\doxia\doxia-site-renderer\1.0\doxia-site-renderer-1.0.jar;C:\Users\dP-PL\.m2\repository\org\codehaus\plexus\plexus-i18n\1.0-beta-7\plexus-i18n-1.0-beta-7.jar;C:\Users\dP-PL\.m2\repository\org\codehaus\plexus\plexus-velocity\1.1.7\plexus-velocity-1.1.7.jar;C:\Users\dP-PL\.m2\repository\org\apache\velocity\velocity\1.5\velocity-1.5.jar;C:\Users\dP-PL\.m2\repository\org\apache\maven\doxia\doxia-decoration-model\1.0\doxia-decoration-model-1.0.jar;C:\Users\dP-PL\.m2\repository\org\apache\maven\doxia\doxia-module-apt\1.0\doxia-module-apt-1.0.jar;C:\Users\dP-PL\.m2\repository\org\apache\maven\doxia\doxia-module-fml\1.0\doxia-module-fml-1.0.jar;C:\Users\dP-PL\.m2\repository\org\apache\maven\doxia\doxia-module-xdoc\1.0\doxia-module-xdoc-1.0.jar;C:\Users\dP-PL\.m2\repository\org\apache\maven\doxia\doxia-module-xhtml\1.0\doxia-module-xhtml-1.0.jar;C:\Users\dP-PL\.m2\repository\commons-validator\commons-validator\1.2.0\commons-validator-1.2.0.jar;C:\Users\dP-PL\.m2\repository\commons-digester\commons-digester\1.6\commons-digester-1.6.jar;C:\Users\dP-PL\.m2\repository\oro\oro\2.0.8\oro-2.0.8.jar;C:\Users\dP-PL\.m2\repository\xml-apis\xml-apis\1.0.b2\xml-apis-1.0.b2.jar;C:\Users\dP-PL\.m2\repository\org\apache\maven\shared\maven-doxia-tools\1.0.2\maven-doxia-tools-1.0.2.jar;C:\Users\dP-PL\.m2\repository\org\apache\maven\doxia\doxia-sink-api\1.1.2\doxia-sink-api-1.1.2.jar;C:\Users\dP-PL\.m2\repository\org\codehaus\plexus\plexus-utils\2.0.1\plexus-utils-2.0.1.jar;C:\Users\dP-PL\.m2\repository\nekohtml\nekohtml\1.9.6.2\nekohtml-1.9.6.2.jar;C:\Users\dP-PL\.m2\repository\xerces\xercesImpl\2.8.1\xercesImpl-2.8.1.jar;C:\Users\dP-PL\.m2\repository\org\apache\commons\commons-email\1.2\commons-email-1.2.jar;C:\Users\dP-PL\.m2\repository\org\apache\maven\maven-core\2.2.1\maven-core-2.2.1.jar;C:\Users\dP-PL\.m2\repository\org\apache\maven\maven-settings\2.2.1\maven-settings-2.2.1.jar;C:\Users\dP-PL\.m2\repository\org\apache\maven\wagon\wagon-file\1.0-beta-6\wagon-file-1.0-beta-6.jar;C:\Users\dP-PL\.m2\repository\org\apache\maven\maven-plugin-parameter-documenter\2.2.1\maven-plugin-parameter-documenter-2.2.1.jar;C:\Users\dP-PL\.m2\repository\org\apache\maven\wagon\wagon-http-lightweight\1.0-beta-6\wagon-http-lightweight-1.0-beta-6.jar;C:\Users\dP-PL\.m2\repository\org\apache\maven\wagon\wagon-http-shared\1.0-beta-6\wagon-http-shared-1.0-beta-6.jar;C:\Users\dP-PL\.m2\repository\nekohtml\xercesMinimal\1.9.6.2\xercesMinimal-1.9.6.2.jar;C:\Users\dP-PL\.m2\repository\org\apache\maven\wagon\wagon-http\1.0-beta-6\wagon-http-1.0-beta-6.jar;C:\Users\dP-PL\.m2\repository\org\apache\maven\wagon\wagon-webdav-jackrabbit\1.0-beta-6\wagon-webdav-jackrabbit-1.0-beta-6.jar;C:\Users\dP-PL\.m2\repository\org\apache\jackrabbit\jackrabbit-webdav\1.5.0\jackrabbit-webdav-1.5.0.jar;C:\Users\dP-PL\.m2\repository\org\apache\jackrabbit\jackrabbit-jcr-commons\1.5.0\jackrabbit-jcr-commons-1.5.0.jar;C:\Users\dP-PL\.m2\repository\org\slf4j\slf4j-nop\1.5.3\slf4j-nop-1.5.3.jar;C:\Users\dP-PL\.m2\repository\org\slf4j\slf4j-jdk14\1.5.6\slf4j-jdk14-1.5.6.jar;C:\Users\dP-PL\.m2\repository\org\apache\maven\maven-profile\2.2.1\maven-profile-2.2.1.jar;C:\Users\dP-PL\.m2\repository\org\apache\maven\maven-model\2.2.1\maven-model-2.2.1.jar;C:\Users\dP-PL\.m2\repository\org\apache\maven\maven-artifact\2.2.1\maven-artifact-2.2.1.jar;C:\Users\dP-PL\.m2\repository\org\apache\maven\wagon\wagon-provider-api\1.0-beta-6\wagon-provider-api-1.0-beta-6.jar;C:\Users\dP-PL\.m2\repository\org\apache\maven\maven-repository-metadata\2.2.1\maven-repository-metadata-2.2.1.jar;C:\Users\dP-PL\.m2\repository\org\apache\maven\maven-error-diagnostics\2.2.1\maven-error-diagnostics-2.2.1.jar;C:\Users\dP-PL\.m2\repository\commons-cli\commons-cli\1.2\commons-cli-1.2.jar;C:\Users\dP-PL\.m2\repository\org\apache\maven\wagon\wagon-ssh-external\1.0-beta-6\wagon-ssh-external-1.0-beta-6.jar;C:\Users\dP-PL\.m2\repository\org\apache\maven\wagon\wagon-ssh-common\1.0-beta-6\wagon-ssh-common-1.0-beta-6.jar;C:\Users\dP-PL\.m2\repository\org\apache\maven\maven-plugin-descriptor\2.2.1\maven-plugin-descriptor-2.2.1.jar;C:\Users\dP-PL\.m2\repository\org\codehaus\plexus\plexus-interactivity-api\1.0-alpha-4\plexus-interactivity-api-1.0-alpha-4.jar;C:\Users\dP-PL\.m2\repository\org\apache\maven\maven-artifact-manager\2.2.1\maven-artifact-manager-2.2.1.jar;C:\Users\dP-PL\.m2\repository\backport-util-concurrent\backport-util-concurrent\3.1\backport-util-concurrent-3.1.jar;C:\Users\dP-PL\.m2\repository\org\apache\maven\maven-monitor\2.2.1\maven-monitor-2.2.1.jar;C:\Users\dP-PL\.m2\repository\org\apache\maven\wagon\wagon-ssh\1.0-beta-6\wagon-ssh-1.0-beta-6.jar;C:\Users\dP-PL\.m2\repository\com\jcraft\jsch\0.1.38\jsch-0.1.38.jar;C:\Users\dP-PL\.m2\repository\classworlds\classworlds\1.1\classworlds-1.1.jar;C:\Users\dP-PL\.m2\repository\org\sonatype\plexus\plexus-sec-dispatcher\1.3\plexus-sec-dispatcher-1.3.jar;C:\Users\dP-PL\.m2\repository\org\sonatype\plexus\plexus-cipher\1.4\plexus-cipher-1.4.jar;"/>
    <property name="java.vm.vendor" value="Oracle Corporation"/>
    <property name="sun.arch.data.model" value="64"/>
    <property name="user.variant" value=""/>
    <property name="java.vendor.url" value="https://java.oracle.com/"/>
    <property name="user.timezone" value="Asia/Calcutta"/>
    <property name="os.name" value="Windows 10"/>
    <property name="java.vm.specification.version" value="19"/>
    <property name="sun.java.launcher" value="SUN_STANDARD"/>
    <property name="user.country" value="IN"/>
    <property name="sun.boot.library.path" value="C:\Program Files\Java\jdk-19\bin"/>
    <property name="sun.java.command" value="C:\Users\dP-PL\AppData\Local\Temp\surefire11756526425778732633\surefirebooter-20231129212304065_3.jar C:\Users\dP-PL\AppData\Local\Temp\surefire11756526425778732633 2023-11-29T21-23-03_564-jvmRun1 surefire-20231129212304065_1tmp surefire_0-20231129212304065_2tmp"/>
    <property name="jdk.debug" value="release"/>
    <property name="surefire.test.class.path" value="D:\XGL Final\XGLFinal\target\test-classes;D:\XGL Final\XGLFinal\target\classes;C:\Users\dP-PL\.m2\repository\org\seleniumhq\selenium\selenium-java\3.141.59\selenium-java-3.141.59.jar;C:\Users\dP-PL\.m2\repository\org\seleniumhq\selenium\selenium-api\3.141.59\selenium-api-3.141.59.jar;C:\Users\dP-PL\.m2\repository\org\seleniumhq\selenium\selenium-chrome-driver\3.141.59\selenium-chrome-driver-3.141.59.jar;C:\Users\dP-PL\.m2\repository\org\seleniumhq\selenium\selenium-edge-driver\3.141.59\selenium-edge-driver-3.141.59.jar;C:\Users\dP-PL\.m2\repository\org\seleniumhq\selenium\selenium-firefox-driver\3.141.59\selenium-firefox-driver-3.141.59.jar;C:\Users\dP-PL\.m2\repository\org\seleniumhq\selenium\selenium-ie-driver\3.141.59\selenium-ie-driver-3.141.59.jar;C:\Users\dP-PL\.m2\repository\org\seleniumhq\selenium\selenium-opera-driver\3.141.59\selenium-opera-driver-3.141.59.jar;C:\Users\dP-PL\.m2\repository\org\seleniumhq\selenium\selenium-remote-driver\3.141.59\selenium-remote-driver-3.141.59.jar;C:\Users\dP-PL\.m2\repository\org\seleniumhq\selenium\selenium-safari-driver\3.141.59\selenium-safari-driver-3.141.59.jar;C:\Users\dP-PL\.m2\repository\org\seleniumhq\selenium\selenium-support\3.141.59\selenium-support-3.141.59.jar;C:\Users\dP-PL\.m2\repository\net\bytebuddy\byte-buddy\1.8.15\byte-buddy-1.8.15.jar;C:\Users\dP-PL\.m2\repository\org\apache\commons\commons-exec\1.3\commons-exec-1.3.jar;C:\Users\dP-PL\.m2\repository\com\google\guava\guava\25.0-jre\guava-25.0-jre.jar;C:\Users\dP-PL\.m2\repository\org\checkerframework\checker-compat-qual\2.0.0\checker-compat-qual-2.0.0.jar;C:\Users\dP-PL\.m2\repository\com\google\errorprone\error_prone_annotations\2.1.3\error_prone_annotations-2.1.3.jar;C:\Users\dP-PL\.m2\repository\com\google\j2objc\j2objc-annotations\1.1\j2objc-annotations-1.1.jar;C:\Users\dP-PL\.m2\repository\org\codehaus\mojo\animal-sniffer-annotations\1.14\animal-sniffer-annotations-1.14.jar;C:\Users\dP-PL\.m2\repository\com\squareup\okhttp3\okhttp\3.11.0\okhttp-3.11.0.jar;C:\Users\dP-PL\.m2\repository\com\squareup\okio\okio\1.14.0\okio-1.14.0.jar;C:\Users\dP-PL\.m2\repository\org\seleniumhq\selenium\selenium-http-jdk-client\4.8.1\selenium-http-jdk-client-4.8.1.jar;C:\Users\dP-PL\.m2\repository\com\google\auto\service\auto-service-annotations\1.0.1\auto-service-annotations-1.0.1.jar;C:\Users\dP-PL\.m2\repository\com\google\auto\service\auto-service\1.0.1\auto-service-1.0.1.jar;C:\Users\dP-PL\.m2\repository\com\google\auto\auto-common\1.2\auto-common-1.2.jar;C:\Users\dP-PL\.m2\repository\org\seleniumhq\selenium\selenium-http\4.8.1\selenium-http-4.8.1.jar;C:\Users\dP-PL\.m2\repository\dev\failsafe\failsafe\3.3.0\failsafe-3.3.0.jar;C:\Users\dP-PL\.m2\repository\org\seleniumhq\selenium\selenium-json\4.8.1\selenium-json-4.8.1.jar;C:\Users\dP-PL\.m2\repository\io\github\bonigarcia\webdrivermanager\5.5.3\webdrivermanager-5.5.3.jar;C:\Users\dP-PL\.m2\repository\com\github\docker-java\docker-java\3.3.3\docker-java-3.3.3.jar;C:\Users\dP-PL\.m2\repository\com\github\docker-java\docker-java-core\3.3.3\docker-java-core-3.3.3.jar;C:\Users\dP-PL\.m2\repository\com\github\docker-java\docker-java-api\3.3.3\docker-java-api-3.3.3.jar;C:\Users\dP-PL\.m2\repository\org\bouncycastle\bcpkix-jdk18on\1.75\bcpkix-jdk18on-1.75.jar;C:\Users\dP-PL\.m2\repository\org\bouncycastle\bcprov-jdk18on\1.75\bcprov-jdk18on-1.75.jar;C:\Users\dP-PL\.m2\repository\org\bouncycastle\bcutil-jdk18on\1.75\bcutil-jdk18on-1.75.jar;C:\Users\dP-PL\.m2\repository\com\github\docker-java\docker-java-transport-httpclient5\3.3.3\docker-java-transport-httpclient5-3.3.3.jar;C:\Users\dP-PL\.m2\repository\com\github\docker-java\docker-java-transport\3.3.3\docker-java-transport-3.3.3.jar;C:\Users\dP-PL\.m2\repository\net\java\dev\jna\jna\5.12.1\jna-5.12.1.jar;C:\Users\dP-PL\.m2\repository\org\brotli\dec\0.1.2\dec-0.1.2.jar;C:\Users\dP-PL\.m2\repository\org\apache\commons\commons-lang3\3.13.0\commons-lang3-3.13.0.jar;C:\Users\dP-PL\.m2\repository\org\apache\httpcomponents\client5\httpclient5\5.2.1\httpclient5-5.2.1.jar;C:\Users\dP-PL\.m2\repository\org\apache\httpcomponents\core5\httpcore5\5.2\httpcore5-5.2.jar;C:\Users\dP-PL\.m2\repository\org\apache\httpcomponents\core5\httpcore5-h2\5.2\httpcore5-h2-5.2.jar;C:\Users\dP-PL\.m2\repository\org\testng\testng\7.6.1\testng-7.6.1.jar;C:\Users\dP-PL\.m2\repository\com\google\code\findbugs\jsr305\3.0.2\jsr305-3.0.2.jar;C:\Users\dP-PL\.m2\repository\com\beust\jcommander\1.82\jcommander-1.82.jar;C:\Users\dP-PL\.m2\repository\org\webjars\jquery\3.6.0\jquery-3.6.0.jar;C:\Users\dP-PL\.m2\repository\net\rcarz\Jira-client\0.5\Jira-client-0.5.jar;C:\Users\dP-PL\.m2\repository\org\apache\httpcomponents\httpmime\4.2.5\httpmime-4.2.5.jar;C:\Users\dP-PL\.m2\repository\net\sf\json-lib\json-lib\2.4\json-lib-2.4-jdk15.jar;C:\Users\dP-PL\.m2\repository\commons-beanutils\commons-beanutils\1.8.0\commons-beanutils-1.8.0.jar;C:\Users\dP-PL\.m2\repository\commons-collections\commons-collections\3.2.1\commons-collections-3.2.1.jar;C:\Users\dP-PL\.m2\repository\commons-lang\commons-lang\2.5\commons-lang-2.5.jar;C:\Users\dP-PL\.m2\repository\net\sf\ezmorph\ezmorph\1.0.6\ezmorph-1.0.6.jar;C:\Users\dP-PL\.m2\repository\joda-time\joda-time\2.3\joda-time-2.3.jar;C:\Users\dP-PL\.m2\repository\junit\junit\4.8.2\junit-4.8.2.jar;C:\Users\dP-PL\.m2\repository\org\mockito\mockito-all\1.9.0\mockito-all-1.9.0.jar;C:\Users\dP-PL\.m2\repository\commons-httpclient\commons-httpclient\3.1\commons-httpclient-3.1.jar;C:\Users\dP-PL\.m2\repository\org\apache\maven\plugins\maven-surefire-plugin\3.0.0-M7\maven-surefire-plugin-3.0.0-M7.jar;C:\Users\dP-PL\.m2\repository\org\apache\maven\surefire\maven-surefire-common\3.0.0-M7\maven-surefire-common-3.0.0-M7.jar;C:\Users\dP-PL\.m2\repository\org\apache\maven\surefire\surefire-api\3.0.0-M7\surefire-api-3.0.0-M7.jar;C:\Users\dP-PL\.m2\repository\org\apache\maven\surefire\surefire-logger-api\3.0.0-M7\surefire-logger-api-3.0.0-M7.jar;C:\Users\dP-PL\.m2\repository\org\apache\maven\surefire\surefire-extensions-api\3.0.0-M7\surefire-extensions-api-3.0.0-M7.jar;C:\Users\dP-PL\.m2\repository\org\apache\maven\surefire\surefire-booter\3.0.0-M7\surefire-booter-3.0.0-M7.jar;C:\Users\dP-PL\.m2\repository\org\apache\maven\surefire\surefire-extensions-spi\3.0.0-M7\surefire-extensions-spi-3.0.0-M7.jar;C:\Users\dP-PL\.m2\repository\org\apache\maven\shared\maven-common-artifact-filters\3.1.1\maven-common-artifact-filters-3.1.1.jar;C:\Users\dP-PL\.m2\repository\org\codehaus\plexus\plexus-java\1.1.1\plexus-java-1.1.1.jar;C:\Users\dP-PL\.m2\repository\org\ow2\asm\asm\9.2\asm-9.2.jar;C:\Users\dP-PL\.m2\repository\com\thoughtworks\qdox\qdox\2.0.1\qdox-2.0.1.jar;C:\Users\dP-PL\.m2\repository\org\apache\maven\surefire\surefire-shared-utils\3.0.0-M7\surefire-shared-utils-3.0.0-M7.jar;C:\Users\dP-PL\.m2\repository\com\aventstack\extentreports\5.0.8\extentreports-5.0.8.jar;C:\Users\dP-PL\.m2\repository\io\reactivex\rxjava3\rxjava\3.0.4\rxjava-3.0.4.jar;C:\Users\dP-PL\.m2\repository\org\reactivestreams\reactive-streams\1.0.3\reactive-streams-1.0.3.jar;C:\Users\dP-PL\.m2\repository\org\freemarker\freemarker\2.3.30\freemarker-2.3.30.jar;C:\Users\dP-PL\.m2\repository\org\projectlombok\lombok\1.18.22\lombok-1.18.22.jar;C:\Users\dP-PL\.m2\repository\org\apache\poi\poi-ooxml\5.2.2\poi-ooxml-5.2.2.jar;C:\Users\dP-PL\.m2\repository\org\apache\poi\poi\5.2.2\poi-5.2.2.jar;C:\Users\dP-PL\.m2\repository\org\apache\commons\commons-math3\3.6.1\commons-math3-3.6.1.jar;C:\Users\dP-PL\.m2\repository\com\zaxxer\SparseBitSet\1.2\SparseBitSet-1.2.jar;C:\Users\dP-PL\.m2\repository\org\apache\poi\poi-ooxml-lite\5.2.2\poi-ooxml-lite-5.2.2.jar;C:\Users\dP-PL\.m2\repository\org\apache\xmlbeans\xmlbeans\5.0.3\xmlbeans-5.0.3.jar;C:\Users\dP-PL\.m2\repository\org\apache\commons\commons-compress\1.21\commons-compress-1.21.jar;C:\Users\dP-PL\.m2\repository\commons-io\commons-io\2.11.0\commons-io-2.11.0.jar;C:\Users\dP-PL\.m2\repository\com\github\virtuald\curvesapi\1.07\curvesapi-1.07.jar;C:\Users\dP-PL\.m2\repository\org\apache\commons\commons-collections4\4.4\commons-collections4-4.4.jar;C:\Users\dP-PL\.m2\repository\org\apache\logging\log4j\log4j-api\2.17.0\log4j-api-2.17.0.jar;C:\Users\dP-PL\.m2\repository\org\apache\logging\log4j\log4j-core\2.17.0\log4j-core-2.17.0.jar;C:\Users\dP-PL\.m2\repository\org\slf4j\slf4j-api\1.7.32\slf4j-api-1.7.32.jar;C:\Users\dP-PL\.m2\repository\org\apache\logging\log4j\log4j-slf4j-impl\2.17.0\log4j-slf4j-impl-2.17.0.jar;C:\Users\dP-PL\.m2\repository\com\microsoft\sqlserver\mssql-jdbc\12.4.0.jre11\mssql-jdbc-12.4.0.jre11.jar;C:\Users\dP-PL\.m2\repository\com\oracle\database\jdbc\ojdbc11\23.2.0.0\ojdbc11-23.2.0.0.jar;C:\Users\dP-PL\.m2\repository\net\lightbody\bmp\browsermob-core\2.1.5\browsermob-core-2.1.5.jar;C:\Users\dP-PL\.m2\repository\net\lightbody\bmp\littleproxy\1.1.0-beta-bmp-17\littleproxy-1.1.0-beta-bmp-17.jar;C:\Users\dP-PL\.m2\repository\com\fasterxml\jackson\core\jackson-core\2.8.9\jackson-core-2.8.9.jar;C:\Users\dP-PL\.m2\repository\com\fasterxml\jackson\core\jackson-databind\2.8.9\jackson-databind-2.8.9.jar;C:\Users\dP-PL\.m2\repository\com\fasterxml\jackson\core\jackson-annotations\2.8.9\jackson-annotations-2.8.9.jar;C:\Users\dP-PL\.m2\repository\dnsjava\dnsjava\2.1.8\dnsjava-2.1.8.jar;C:\Users\dP-PL\.m2\repository\org\slf4j\jcl-over-slf4j\1.7.25\jcl-over-slf4j-1.7.25.jar;C:\Users\dP-PL\.m2\repository\com\jcraft\jzlib\1.1.3\jzlib-1.1.3.jar;C:\Users\dP-PL\.m2\repository\io\netty\netty-all\4.0.51.Final\netty-all-4.0.51.Final.jar;C:\Users\dP-PL\.m2\repository\org\bouncycastle\bcprov-jdk15on\1.58\bcprov-jdk15on-1.58.jar;C:\Users\dP-PL\.m2\repository\org\bouncycastle\bcpkix-jdk15on\1.58\bcpkix-jdk15on-1.58.jar;C:\Users\dP-PL\.m2\repository\net\lightbody\bmp\mitm\2.1.5\mitm-2.1.5.jar;C:\Users\dP-PL\.m2\repository\dom4j\dom4j\1.1\dom4j-1.1.jar;C:\Users\dP-PL\.m2\repository\org\apache\httpcomponents\httpclient\4.5.13\httpclient-4.5.13.jar;C:\Users\dP-PL\.m2\repository\org\apache\httpcomponents\httpcore\4.4.13\httpcore-4.4.13.jar;C:\Users\dP-PL\.m2\repository\commons-logging\commons-logging\1.2\commons-logging-1.2.jar;C:\Users\dP-PL\.m2\repository\commons-codec\commons-codec\1.11\commons-codec-1.11.jar;C:\Users\dP-PL\.m2\repository\com\google\code\gson\gson\2.8.8\gson-2.8.8.jar;C:\Users\dP-PL\.m2\repository\ch\fortysix\maven-postman-plugin\0.1.6\maven-postman-plugin-0.1.6.jar;C:\Users\dP-PL\.m2\repository\org\codehaus\gmaven\gmaven-mojo\1.2\gmaven-mojo-1.2.jar;C:\Users\dP-PL\.m2\repository\org\codehaus\gmaven\runtime\gmaven-runtime-api\1.2\gmaven-runtime-api-1.2.jar;C:\Users\dP-PL\.m2\repository\org\codehaus\gmaven\feature\gmaven-feature-api\1.2\gmaven-feature-api-1.2.jar;C:\Users\dP-PL\.m2\repository\org\apache\maven\maven-project\2.0.10\maven-project-2.0.10.jar;C:\Users\dP-PL\.m2\repository\org\apache\maven\maven-plugin-registry\2.0.10\maven-plugin-registry-2.0.10.jar;C:\Users\dP-PL\.m2\repository\org\codehaus\plexus\plexus-interpolation\1.1\plexus-interpolation-1.1.jar;C:\Users\dP-PL\.m2\repository\org\apache\maven\maven-plugin-api\2.0.10\maven-plugin-api-2.0.10.jar;C:\Users\dP-PL\.m2\repository\org\codehaus\gmaven\runtime\gmaven-runtime-1.7\1.2\gmaven-runtime-1.7-1.2.jar;C:\Users\dP-PL\.m2\repository\org\codehaus\gmaven\feature\gmaven-feature-support\1.2\gmaven-feature-support-1.2.jar;C:\Users\dP-PL\.m2\repository\org\codehaus\gmaven\runtime\gmaven-runtime-support\1.2\gmaven-runtime-support-1.2.jar;C:\Users\dP-PL\.m2\repository\org\sonatype\gshell\gshell-io\2.0\gshell-io-2.0.jar;C:\Users\dP-PL\.m2\repository\org\sonatype\gossip\gossip\1.0\gossip-1.0.jar;C:\Users\dP-PL\.m2\repository\org\codehaus\groovy\groovy-all\1.7-beta-2\groovy-all-1.7-beta-2.jar;C:\Users\dP-PL\.m2\repository\jline\jline\0.9.94\jline-0.9.94.jar;C:\Users\dP-PL\.m2\repository\javax\mail\mail\1.4.1\mail-1.4.1.jar;C:\Users\dP-PL\.m2\repository\javax\activation\activation\1.1\activation-1.1.jar;C:\Users\dP-PL\.m2\repository\org\apache\ant\ant\1.7.1\ant-1.7.1.jar;C:\Users\dP-PL\.m2\repository\org\apache\ant\ant-launcher\1.7.1\ant-launcher-1.7.1.jar;C:\Users\dP-PL\.m2\repository\org\slf4j\log4j-over-slf4j\1.5.10\log4j-over-slf4j-1.5.10.jar;C:\Users\dP-PL\.m2\repository\org\apache\maven\shared\file-management\1.2.1\file-management-1.2.1.jar;C:\Users\dP-PL\.m2\repository\org\apache\maven\shared\maven-shared-io\1.1\maven-shared-io-1.1.jar;C:\Users\dP-PL\.m2\repository\org\codehaus\plexus\plexus-container-default\1.0-alpha-9\plexus-container-default-1.0-alpha-9.jar;C:\Users\dP-PL\.m2\repository\org\apache\maven\reporting\maven-reporting-api\2.2.1\maven-reporting-api-2.2.1.jar;C:\Users\dP-PL\.m2\repository\org\apache\maven\doxia\doxia-logging-api\1.1\doxia-logging-api-1.1.jar;C:\Users\dP-PL\.m2\repository\org\apache\maven\reporting\maven-reporting-impl\2.0.4.3\maven-reporting-impl-2.0.4.3.jar;C:\Users\dP-PL\.m2\repository\org\apache\maven\doxia\doxia-core\1.0\doxia-core-1.0.jar;C:\Users\dP-PL\.m2\repository\org\apache\maven\doxia\doxia-site-renderer\1.0\doxia-site-renderer-1.0.jar;C:\Users\dP-PL\.m2\repository\org\codehaus\plexus\plexus-i18n\1.0-beta-7\plexus-i18n-1.0-beta-7.jar;C:\Users\dP-PL\.m2\repository\org\codehaus\plexus\plexus-velocity\1.1.7\plexus-velocity-1.1.7.jar;C:\Users\dP-PL\.m2\repository\org\apache\velocity\velocity\1.5\velocity-1.5.jar;C:\Users\dP-PL\.m2\repository\org\apache\maven\doxia\doxia-decoration-model\1.0\doxia-decoration-model-1.0.jar;C:\Users\dP-PL\.m2\repository\org\apache\maven\doxia\doxia-module-apt\1.0\doxia-module-apt-1.0.jar;C:\Users\dP-PL\.m2\repository\org\apache\maven\doxia\doxia-module-fml\1.0\doxia-module-fml-1.0.jar;C:\Users\dP-PL\.m2\repository\org\apache\maven\doxia\doxia-module-xdoc\1.0\doxia-module-xdoc-1.0.jar;C:\Users\dP-PL\.m2\repository\org\apache\maven\doxia\doxia-module-xhtml\1.0\doxia-module-xhtml-1.0.jar;C:\Users\dP-PL\.m2\repository\commons-validator\commons-validator\1.2.0\commons-validator-1.2.0.jar;C:\Users\dP-PL\.m2\repository\commons-digester\commons-digester\1.6\commons-digester-1.6.jar;C:\Users\dP-PL\.m2\repository\oro\oro\2.0.8\oro-2.0.8.jar;C:\Users\dP-PL\.m2\repository\xml-apis\xml-apis\1.0.b2\xml-apis-1.0.b2.jar;C:\Users\dP-PL\.m2\repository\org\apache\maven\shared\maven-doxia-tools\1.0.2\maven-doxia-tools-1.0.2.jar;C:\Users\dP-PL\.m2\repository\org\apache\maven\doxia\doxia-sink-api\1.1.2\doxia-sink-api-1.1.2.jar;C:\Users\dP-PL\.m2\repository\org\codehaus\plexus\plexus-utils\2.0.1\plexus-utils-2.0.1.jar;C:\Users\dP-PL\.m2\repository\nekohtml\nekohtml\1.9.6.2\nekohtml-1.9.6.2.jar;C:\Users\dP-PL\.m2\repository\xerces\xercesImpl\2.8.1\xercesImpl-2.8.1.jar;C:\Users\dP-PL\.m2\repository\org\apache\commons\commons-email\1.2\commons-email-1.2.jar;C:\Users\dP-PL\.m2\repository\org\apache\maven\maven-core\2.2.1\maven-core-2.2.1.jar;C:\Users\dP-PL\.m2\repository\org\apache\maven\maven-settings\2.2.1\maven-settings-2.2.1.jar;C:\Users\dP-PL\.m2\repository\org\apache\maven\wagon\wagon-file\1.0-beta-6\wagon-file-1.0-beta-6.jar;C:\Users\dP-PL\.m2\repository\org\apache\maven\maven-plugin-parameter-documenter\2.2.1\maven-plugin-parameter-documenter-2.2.1.jar;C:\Users\dP-PL\.m2\repository\org\apache\maven\wagon\wagon-http-lightweight\1.0-beta-6\wagon-http-lightweight-1.0-beta-6.jar;C:\Users\dP-PL\.m2\repository\org\apache\maven\wagon\wagon-http-shared\1.0-beta-6\wagon-http-shared-1.0-beta-6.jar;C:\Users\dP-PL\.m2\repository\nekohtml\xercesMinimal\1.9.6.2\xercesMinimal-1.9.6.2.jar;C:\Users\dP-PL\.m2\repository\org\apache\maven\wagon\wagon-http\1.0-beta-6\wagon-http-1.0-beta-6.jar;C:\Users\dP-PL\.m2\repository\org\apache\maven\wagon\wagon-webdav-jackrabbit\1.0-beta-6\wagon-webdav-jackrabbit-1.0-beta-6.jar;C:\Users\dP-PL\.m2\repository\org\apache\jackrabbit\jackrabbit-webdav\1.5.0\jackrabbit-webdav-1.5.0.jar;C:\Users\dP-PL\.m2\repository\org\apache\jackrabbit\jackrabbit-jcr-commons\1.5.0\jackrabbit-jcr-commons-1.5.0.jar;C:\Users\dP-PL\.m2\repository\org\slf4j\slf4j-nop\1.5.3\slf4j-nop-1.5.3.jar;C:\Users\dP-PL\.m2\repository\org\slf4j\slf4j-jdk14\1.5.6\slf4j-jdk14-1.5.6.jar;C:\Users\dP-PL\.m2\repository\org\apache\maven\maven-profile\2.2.1\maven-profile-2.2.1.jar;C:\Users\dP-PL\.m2\repository\org\apache\maven\maven-model\2.2.1\maven-model-2.2.1.jar;C:\Users\dP-PL\.m2\repository\org\apache\maven\maven-artifact\2.2.1\maven-artifact-2.2.1.jar;C:\Users\dP-PL\.m2\repository\org\apache\maven\wagon\wagon-provider-api\1.0-beta-6\wagon-provider-api-1.0-beta-6.jar;C:\Users\dP-PL\.m2\repository\org\apache\maven\maven-repository-metadata\2.2.1\maven-repository-metadata-2.2.1.jar;C:\Users\dP-PL\.m2\repository\org\apache\maven\maven-error-diagnostics\2.2.1\maven-error-diagnostics-2.2.1.jar;C:\Users\dP-PL\.m2\repository\commons-cli\commons-cli\1.2\commons-cli-1.2.jar;C:\Users\dP-PL\.m2\repository\org\apache\maven\wagon\wagon-ssh-external\1.0-beta-6\wagon-ssh-external-1.0-beta-6.jar;C:\Users\dP-PL\.m2\repository\org\apache\maven\wagon\wagon-ssh-common\1.0-beta-6\wagon-ssh-common-1.0-beta-6.jar;C:\Users\dP-PL\.m2\repository\org\apache\maven\maven-plugin-descriptor\2.2.1\maven-plugin-descriptor-2.2.1.jar;C:\Users\dP-PL\.m2\repository\org\codehaus\plexus\plexus-interactivity-api\1.0-alpha-4\plexus-interactivity-api-1.0-alpha-4.jar;C:\Users\dP-PL\.m2\repository\org\apache\maven\maven-artifact-manager\2.2.1\maven-artifact-manager-2.2.1.jar;C:\Users\dP-PL\.m2\repository\backport-util-concurrent\backport-util-concurrent\3.1\backport-util-concurrent-3.1.jar;C:\Users\dP-PL\.m2\repository\org\apache\maven\maven-monitor\2.2.1\maven-monitor-2.2.1.jar;C:\Users\dP-PL\.m2\repository\org\apache\maven\wagon\wagon-ssh\1.0-beta-6\wagon-ssh-1.0-beta-6.jar;C:\Users\dP-PL\.m2\repository\com\jcraft\jsch\0.1.38\jsch-0.1.38.jar;C:\Users\dP-PL\.m2\repository\classworlds\classworlds\1.1\classworlds-1.1.jar;C:\Users\dP-PL\.m2\repository\org\sonatype\plexus\plexus-sec-dispatcher\1.3\plexus-sec-dispatcher-1.3.jar;C:\Users\dP-PL\.m2\repository\org\sonatype\plexus\plexus-cipher\1.4\plexus-cipher-1.4.jar;"/>
    <property name="sun.cpu.endian" value="little"/>
    <property name="user.home" value="C:\Users\dP-PL"/>
    <property name="user.language" value="en"/>
    <property name="java.specification.vendor" value="Oracle Corporation"/>
    <property name="java.version.date" value="2022-10-18"/>
    <property name="java.home" value="C:\Program Files\Java\jdk-19"/>
    <property name="file.separator" value="\"/>
    <property name="basedir" value="D:\XGL Final\XGLFinal"/>
    <property name="java.vm.compressedOopsMode" value="Zero based"/>
    <property name="line.separator" value="&#10;"/>
    <property name="java.vm.specification.vendor" value="Oracle Corporation"/>
    <property name="java.specification.name" value="Java Platform API Specification"/>
    <property name="surefire.real.class.path" value="C:\Users\dP-PL\AppData\Local\Temp\surefire11756526425778732633\surefirebooter-20231129212304065_3.jar"/>
    <property name="user.script" value=""/>
    <property name="sun.management.compiler" value="HotSpot 64-Bit Tiered Compilers"/>
    <property name="java.runtime.version" value="19.0.1+10-21"/>
    <property name="user.name" value="dP-PL"/>
    <property name="stdout.encoding" value="Cp1252"/>
    <property name="path.separator" value=";"/>
    <property name="os.version" value="10.0"/>
    <property name="java.runtime.name" value="Java(TM) SE Runtime Environment"/>
    <property name="file.encoding" value="UTF-8"/>
    <property name="java.vm.name" value="Java HotSpot(TM) 64-Bit Server VM"/>
    <property name="localRepository" value="C:\Users\dP-PL\.m2\repository"/>
    <property name="java.vendor.url.bug" value="https://bugreport.java.com/bugreport/"/>
    <property name="java.io.tmpdir" value="C:\Users\dP-PL\AppData\Local\Temp\"/>
    <property name="idea.version" value="2022.2.4"/>
    <property name="java.version" value="19.0.1"/>
    <property name="user.dir" value="D:\XGL Final\XGLFinal"/>
    <property name="os.arch" value="amd64"/>
    <property name="java.vm.specification.name" value="Java Virtual Machine Specification"/>
    <property name="sun.os.patch.level" value=""/>
    <property name="native.encoding" value="Cp1252"/>
    <property name="java.library.path" value="C:\Program Files\Java\jdk-19\bin;C:\WINDOWS\Sun\Java\bin;C:\WINDOWS\system32;C:\WINDOWS;C:\Python311\Scripts\;C:\Python311\;C:\Program Files\Common Files\Oracle\Java\javapath;C:\WINDOWS\system32;C:\WINDOWS;C:\WINDOWS\System32\Wbem;C:\WINDOWS\System32\WindowsPowerShell\v1.0\;C:\WINDOWS\System32\OpenSSH\;C:\Program Files (x86)\CrSSL\bin;C:\Program Files\Git\cmd;C:\Users\dP-PL\apache-maven-3.8.6\bin;C:\Program Files\Java\jdk-19\bin;C:\Program Files\nodejs\;C:\ProgramData\chocolatey\bin;C:\Program Files\PuTTY\;C:\Users\dP-PL\AppData\Local\Microsoft\WindowsApps;C:\Program Files\JetBrains\IntelliJ IDEA Community Edition 2022.2.4\bin;;C:\Program Files\Java\jdk-19\bin;C:\Users\dP-PL\AppData\Roaming\npm;C:\Users\dP-PL\AppData\Local\Programs\Microsoft VS Code\bin;C:\Users\dP-PL\apache-jmeter-5.5\bin;;."/>
    <property name="java.vm.info" value="mixed mode, sharing"/>
    <property name="stderr.encoding" value="Cp1252"/>
    <property name="java.vendor" value="Oracle Corporation"/>
    <property name="java.vm.version" value="19.0.1+10-21"/>
    <property name="sun.io.unicode.encoding" value="UnicodeLittle"/>
    <property name="java.class.version" value="63.0"/>
    <property name="webdriver.http.factory" value="jdk-http-client"/>
  </properties>
  <testcase name="About" classname="XGLT_15177_Test" time="62.857">
    <system-out><![CDATA[Archive created successfully.
FileNotFoundException occurred: screenshots (The system cannot find the file specified)
Archive created successfully.
Test Suite started!
2023-11-29 21:23:06,292 [main] INFO  base.BaseClass - Login to XGL
2023-11-29 21:23:06,348 [main] INFO  XGLT_15177_Test - Setting up browser
2023-11-29 21:23:06,723 [main] INFO  io.github.bonigarcia.wdm.WebDriverManager - Using chromedriver 119.0.6045.105 (resolved driver for Chrome 119)
2023-11-29 21:23:06,749 [main] INFO  io.github.bonigarcia.wdm.WebDriverManager - Exporting webdriver.chrome.driver as C:\Users\dP-PL\.cache\selenium\chromedriver\win64\119.0.6045.105\chromedriver.exe
2023-11-29 21:23:15,464 [main] INFO  base.BaseClass - Before navigating to {url}
2023-11-29 21:23:23,029 [main] INFO  base.BaseClass - Navigated to {url}
2023-11-29 21:23:23,721 [main] INFO  base.BaseClass - Trying to find Element By {by.toString()})
2023-11-29 21:23:23,739 [main] INFO  base.BaseClass - Found Element By {by.toString()}
2023-11-29 21:23:23,798 [main] INFO  base.BaseClass - Trying to find Element By {by.toString()})
2023-11-29 21:23:23,813 [main] INFO  base.BaseClass - Found Element By {by.toString()}
2023-11-29 21:23:23,875 [main] INFO  base.BaseClass - Trying to find Element By {by.toString()})
2023-11-29 21:23:23,890 [main] INFO  base.BaseClass - Found Element By {by.toString()}
2023-11-29 21:23:23,891 [main] INFO  base.BaseClass - Trying to click on: {element.toString()}
2023-11-29 21:23:23,933 [main] INFO  base.BaseClass - Clicked on: {element.toString()}
2023-11-29 21:23:23,936 [main] INFO  base.BaseClass - Trying to find Element By {by.toString()})
2023-11-29 21:23:54,044 [main] INFO  base.BaseClass - Found Element By {by.toString()}
2023-11-29 21:23:54,197 [main] INFO  base.BaseClass - Trying to find Element By {by.toString()})
NoSuchElementException occurred: no such element: Unable to locate element: {"method":"xpath","selector":"//div[@class='modal-content']/div/i[contains(@class,'close')]"}
  (Session info: chrome=119.0.6045.200)
For documentation on this error, please visit: https://www.seleniumhq.org/exceptions/no_such_element.html
Build info: version: '3.141.59', revision: 'e82be7d358', time: '2018-11-14T08:17:03'
System info: host: 'DPLAP166', ip: '137.237.3.153', os.name: 'Windows 10', os.arch: 'amd64', os.version: '10.0', java.version: '19.0.1'
Driver info: org.openqa.selenium.chrome.ChromeDriver
Capabilities {acceptInsecureCerts: true, browserName: chrome, browserVersion: 119.0.6045.200, chrome: {chromedriverVersion: 119.0.6045.105 (38c72552c5e..., userDataDir: C:\Users\dP-PL\AppData\Loca...}, fedcm:accounts: true, goog:chromeOptions: {debuggerAddress: localhost:49741}, javascriptEnabled: true, networkConnectionEnabled: false, pageLoadStrategy: normal, platform: WINDOWS, platformName: WINDOWS, proxy: Proxy(), setWindowRect: true, strictFileInteractability: false, timeouts: {implicit: 0, pageLoad: 300000, script: 30000}, unhandledPromptBehavior: dismiss and notify, webauthn:extension:credBlob: true, webauthn:extension:largeBlob: true, webauthn:extension:minPinLength: true, webauthn:extension:prf: true, webauthn:virtualAuthenticators: true}
Session ID: 4f69c213b0d8f2c0b0a8b18730d9c57b
*** Element info: {Using=xpath, value=//div[@class='modal-content']/div/i[contains(@class,'close')]}
Before method Test name: Maintainance Tests
About started!
2023-11-29 21:24:44,326 [main] INFO  base.BaseClass - Trying to find Element By {by.toString()})
2023-11-29 21:24:44,343 [main] INFO  base.BaseClass - Found Element By {by.toString()}
2023-11-29 21:24:44,343 [main] INFO  base.BaseClass - Trying to click on: {element.toString()}
2023-11-29 21:24:44,425 [main] INFO  base.BaseClass - Clicked on: {element.toString()}
2023-11-29 21:24:44,428 [main] INFO  base.BaseClass - Trying to find Element By {by.toString()})
2023-11-29 21:24:44,443 [main] INFO  base.BaseClass - Found Element By {by.toString()}
2023-11-29 21:24:44,596 [main] INFO  base.BaseClass - Trying to find Element By {by.toString()})
2023-11-29 21:24:44,610 [main] INFO  base.BaseClass - Found Element By {by.toString()}
2023-11-29 21:24:45,146 [main] INFO  base.BaseClass - Trying to find Element By {by.toString()})
2023-11-29 21:24:45,164 [main] INFO  base.BaseClass - Found Element By {by.toString()}
2023-11-29 21:24:45,688 [main] INFO  base.BaseClass - Trying to find Element By {by.toString()})
2023-11-29 21:24:45,703 [main] INFO  base.BaseClass - Found Element By {by.toString()}
2023-11-29 21:24:46,233 [main] INFO  base.BaseClass - Trying to find Element By {by.toString()})
2023-11-29 21:24:46,261 [main] INFO  base.BaseClass - Found Element By {by.toString()}
2023-11-29 21:24:46,794 [main] INFO  base.BaseClass - Trying to find Element By {by.toString()})
2023-11-29 21:24:46,820 [main] INFO  base.BaseClass - Found Element By {by.toString()}
2023-11-29 21:24:47,355 [main] INFO  base.BaseClass - Trying to find Element By {by.toString()})
2023-11-29 21:24:47,381 [main] INFO  base.BaseClass - Found Element By {by.toString()}
2023-11-29 21:24:47,915 [main] INFO  base.BaseClass - Trying to find Element By {by.toString()})
2023-11-29 21:24:47,939 [main] INFO  base.BaseClass - Found Element By {by.toString()}
2023-11-29 21:24:48,474 [main] INFO  base.BaseClass - Trying to find Element By {by.toString()})
2023-11-29 21:24:48,499 [main] INFO  base.BaseClass - Found Element By {by.toString()}
2023-11-29 21:24:49,027 [main] INFO  base.BaseClass - Trying to find Element By {by.toString()})
2023-11-29 21:24:49,042 [main] INFO  base.BaseClass - Found Element By {by.toString()}
2023-11-29 21:24:49,571 [main] INFO  base.BaseClass - Trying to find Element By {by.toString()})
2023-11-29 21:24:49,593 [main] INFO  base.BaseClass - Found Element By {by.toString()}
2023-11-29 21:24:50,118 [main] INFO  base.BaseClass - Trying to find Element By {by.toString()})
2023-11-29 21:24:50,140 [main] INFO  base.BaseClass - Found Element By {by.toString()}
2023-11-29 21:24:50,677 [main] INFO  base.BaseClass - Trying to find Element By {by.toString()})
2023-11-29 21:24:50,700 [main] INFO  base.BaseClass - Found Element By {by.toString()}
2023-11-29 21:24:51,235 [main] INFO  base.BaseClass - Trying to find Element By {by.toString()})
2023-11-29 21:24:51,265 [main] INFO  base.BaseClass - Found Element By {by.toString()}
2023-11-29 21:24:51,792 [main] INFO  base.BaseClass - Trying to find Element By {by.toString()})
2023-11-29 21:24:51,809 [main] INFO  base.BaseClass - Found Element By {by.toString()}
2023-11-29 21:24:52,347 [main] INFO  base.BaseClass - Trying to find Element By {by.toString()})
2023-11-29 21:24:52,367 [main] INFO  base.BaseClass - Found Element By {by.toString()}
2023-11-29 21:24:52,894 [main] INFO  base.BaseClass - Trying to find Element By {by.toString()})
2023-11-29 21:24:52,913 [main] INFO  base.BaseClass - Found Element By {by.toString()}
2023-11-29 21:24:53,438 [main] INFO  base.BaseClass - Trying to find Element By {by.toString()})
2023-11-29 21:24:53,454 [main] INFO  base.BaseClass - Found Element By {by.toString()}
2023-11-29 21:24:53,996 [main] INFO  base.BaseClass - Trying to find Element By {by.toString()})
2023-11-29 21:24:54,016 [main] INFO  base.BaseClass - Found Element By {by.toString()}
2023-11-29 21:24:54,556 [main] INFO  base.BaseClass - Trying to find Element By {by.toString()})
2023-11-29 21:24:54,583 [main] INFO  base.BaseClass - Found Element By {by.toString()}
2023-11-29 21:24:55,114 [main] INFO  base.BaseClass - Trying to find Element By {by.toString()})
2023-11-29 21:24:55,136 [main] INFO  base.BaseClass - Found Element By {by.toString()}
2023-11-29 21:24:55,672 [main] INFO  base.BaseClass - Trying to find Element By {by.toString()})
2023-11-29 21:24:55,700 [main] INFO  base.BaseClass - Found Element By {by.toString()}
2023-11-29 21:24:56,229 [main] INFO  base.BaseClass - Trying to find Element By {by.toString()})
2023-11-29 21:24:56,250 [main] INFO  base.BaseClass - Found Element By {by.toString()}
2023-11-29 21:24:56,770 [main] INFO  base.BaseClass - Trying to find Element By {by.toString()})
2023-11-29 21:24:56,793 [main] INFO  base.BaseClass - Found Element By {by.toString()}
2023-11-29 21:24:57,325 [main] INFO  base.BaseClass - Trying to find Element By {by.toString()})
2023-11-29 21:24:57,349 [main] INFO  base.BaseClass - Found Element By {by.toString()}
2023-11-29 21:24:57,881 [main] INFO  base.BaseClass - Trying to find Element By {by.toString()})
2023-11-29 21:24:57,899 [main] INFO  base.BaseClass - Found Element By {by.toString()}
2023-11-29 21:24:58,422 [main] INFO  base.BaseClass - Trying to find Element By {by.toString()})
2023-11-29 21:24:58,439 [main] INFO  base.BaseClass - Found Element By {by.toString()}
2023-11-29 21:24:58,964 [main] INFO  base.BaseClass - Trying to find Element By {by.toString()})
2023-11-29 21:24:58,981 [main] INFO  base.BaseClass - Found Element By {by.toString()}
2023-11-29 21:24:59,508 [main] INFO  base.BaseClass - Trying to find Element By {by.toString()})
2023-11-29 21:24:59,529 [main] INFO  base.BaseClass - Found Element By {by.toString()}
2023-11-29 21:25:00,050 [main] INFO  base.BaseClass - Trying to find Element By {by.toString()})
2023-11-29 21:25:00,069 [main] INFO  base.BaseClass - Found Element By {by.toString()}
2023-11-29 21:25:00,592 [main] INFO  base.BaseClass - Trying to find Element By {by.toString()})
2023-11-29 21:25:00,616 [main] INFO  base.BaseClass - Found Element By {by.toString()}
2023-11-29 21:25:01,151 [main] INFO  base.BaseClass - Trying to find Element By {by.toString()})
2023-11-29 21:25:01,163 [main] INFO  base.BaseClass - Found Element By {by.toString()}
2023-11-29 21:25:01,689 [main] INFO  base.BaseClass - Trying to find Element By {by.toString()})
2023-11-29 21:25:01,710 [main] INFO  base.BaseClass - Found Element By {by.toString()}
2023-11-29 21:25:02,248 [main] INFO  base.BaseClass - Trying to find Element By {by.toString()})
2023-11-29 21:25:02,277 [main] INFO  base.BaseClass - Found Element By {by.toString()}
2023-11-29 21:25:02,810 [main] INFO  base.BaseClass - Trying to find Element By {by.toString()})
2023-11-29 21:25:02,833 [main] INFO  base.BaseClass - Found Element By {by.toString()}
2023-11-29 21:25:03,370 [main] INFO  base.BaseClass - Trying to find Element By {by.toString()})
2023-11-29 21:25:03,399 [main] INFO  base.BaseClass - Found Element By {by.toString()}
2023-11-29 21:25:03,926 [main] INFO  base.BaseClass - Trying to find Element By {by.toString()})
2023-11-29 21:25:03,942 [main] INFO  base.BaseClass - Found Element By {by.toString()}
2023-11-29 21:25:04,471 [main] INFO  base.BaseClass - Trying to find Element By {by.toString()})
2023-11-29 21:25:04,485 [main] INFO  base.BaseClass - Found Element By {by.toString()}
2023-11-29 21:25:05,011 [main] INFO  base.BaseClass - Trying to find Element By {by.toString()})
2023-11-29 21:25:05,046 [main] INFO  base.BaseClass - Found Element By {by.toString()}
2023-11-29 21:25:05,614 [main] INFO  base.BaseClass - Trying to find Element By {by.toString()})
2023-11-29 21:25:05,626 [main] INFO  base.BaseClass - Found Element By {by.toString()}
2023-11-29 21:25:06,143 [main] INFO  base.BaseClass - Trying to find Element By {by.toString()})
2023-11-29 21:25:06,163 [main] INFO  base.BaseClass - Found Element By {by.toString()}
2023-11-29 21:25:06,687 [main] INFO  base.BaseClass - Trying to find Element By {by.toString()})
2023-11-29 21:25:06,701 [main] INFO  base.BaseClass - Found Element By {by.toString()}
2023-11-29 21:25:07,229 [main] INFO  base.BaseClass - Trying to find Element By {by.toString()})
2023-11-29 21:25:07,247 [main] INFO  base.BaseClass - Found Element By {by.toString()}
2023-11-29 21:25:07,770 [main] INFO  base.BaseClass - Trying to find Element By {by.toString()})
2023-11-29 21:25:07,794 [main] INFO  base.BaseClass - Found Element By {by.toString()}
2023-11-29 21:25:08,316 [main] INFO  base.BaseClass - Trying to find Element By {by.toString()})
2023-11-29 21:25:08,331 [main] INFO  base.BaseClass - Found Element By {by.toString()}
2023-11-29 21:25:08,859 [main] INFO  base.BaseClass - Trying to find Element By {by.toString()})
2023-11-29 21:25:08,877 [main] INFO  base.BaseClass - Found Element By {by.toString()}
2023-11-29 21:25:09,403 [main] INFO  base.BaseClass - Trying to find Element By {by.toString()})
2023-11-29 21:25:09,421 [main] INFO  base.BaseClass - Found Element By {by.toString()}
2023-11-29 21:25:09,960 [main] INFO  base.BaseClass - Trying to find Element By {by.toString()})
2023-11-29 21:25:09,981 [main] INFO  base.BaseClass - Found Element By {by.toString()}
2023-11-29 21:25:10,520 [main] INFO  base.BaseClass - Trying to find Element By {by.toString()})
2023-11-29 21:25:10,539 [main] INFO  base.BaseClass - Found Element By {by.toString()}
2023-11-29 21:25:11,077 [main] INFO  base.BaseClass - Trying to find Element By {by.toString()})
2023-11-29 21:25:11,091 [main] INFO  base.BaseClass - Found Element By {by.toString()}
2023-11-29 21:25:11,621 [main] INFO  base.BaseClass - Trying to find Element By {by.toString()})
2023-11-29 21:25:11,631 [main] INFO  base.BaseClass - Found Element By {by.toString()}
2023-11-29 21:25:12,147 [main] INFO  base.BaseClass - Trying to find Element By {by.toString()})
2023-11-29 21:25:12,157 [main] INFO  base.BaseClass - Found Element By {by.toString()}
2023-11-29 21:25:12,674 [main] INFO  base.BaseClass - Trying to find Element By {by.toString()})
2023-11-29 21:25:12,684 [main] INFO  base.BaseClass - Found Element By {by.toString()}
2023-11-29 21:25:13,238 [main] INFO  base.BaseClass - Trying to find Element By {by.toString()})
2023-11-29 21:25:13,265 [main] INFO  base.BaseClass - Found Element By {by.toString()}
2023-11-29 21:25:13,799 [main] INFO  base.BaseClass - Trying to find Element By {by.toString()})
2023-11-29 21:25:13,813 [main] INFO  base.BaseClass - Found Element By {by.toString()}
2023-11-29 21:25:14,340 [main] INFO  base.BaseClass - Trying to find Element By {by.toString()})
2023-11-29 21:25:14,370 [main] INFO  base.BaseClass - Found Element By {by.toString()}
2023-11-29 21:25:14,897 [main] INFO  base.BaseClass - Trying to find Element By {by.toString()})
2023-11-29 21:25:14,907 [main] INFO  base.BaseClass - Found Element By {by.toString()}
TimeoutException occurred: Expected condition failed: waiting for helper.WaitUtility$5@3b0c3951 (tried for 30 second(s) with 500 milliseconds interval)
Build info: version: '3.141.59', revision: 'e82be7d358', time: '2018-11-14T08:17:03'
System info: host: 'DPLAP166', ip: '137.237.3.153', os.name: 'Windows 10', os.arch: 'amd64', os.version: '10.0', java.version: '19.0.1'
Driver info: org.openqa.selenium.support.events.EventFiringWebDriver
Capabilities {acceptInsecureCerts: true, browserName: chrome, browserVersion: 119.0.6045.200, chrome: {chromedriverVersion: 119.0.6045.105 (38c72552c5e..., userDataDir: C:\Users\dP-PL\AppData\Loca...}, fedcm:accounts: true, goog:chromeOptions: {debuggerAddress: localhost:49741}, javascriptEnabled: true, networkConnectionEnabled: false, pageLoadStrategy: normal, platform: WINDOWS, platformName: WINDOWS, proxy: Proxy(), setWindowRect: true, strictFileInteractability: false, timeouts: {implicit: 0, pageLoad: 300000, script: 30000}, unhandledPromptBehavior: dismiss and notify, webauthn:extension:credBlob: true, webauthn:extension:largeBlob: true, webauthn:extension:minPinLength: true, webauthn:extension:prf: true, webauthn:virtualAuthenticators: true}
Session ID: 4f69c213b0d8f2c0b0a8b18730d9c57b
2023-11-29 21:25:14,924 [main] ERROR XGLT_15177_Test - Element did not become visible within the specified time: Expected condition failed: waiting for helper.WaitUtility$5@3b0c3951 (tried for 30 second(s) with 500 milliseconds interval)
Build info: version: '3.141.59', revision: 'e82be7d358', time: '2018-11-14T08:17:03'
System info: host: 'DPLAP166', ip: '137.237.3.153', os.name: 'Windows 10', os.arch: 'amd64', os.version: '10.0', java.version: '19.0.1'
Driver info: org.openqa.selenium.support.events.EventFiringWebDriver
Capabilities {acceptInsecureCerts: true, browserName: chrome, browserVersion: 119.0.6045.200, chrome: {chromedriverVersion: 119.0.6045.105 (38c72552c5e..., userDataDir: C:\Users\dP-PL\AppData\Loca...}, fedcm:accounts: true, goog:chromeOptions: {debuggerAddress: localhost:49741}, javascriptEnabled: true, networkConnectionEnabled: false, pageLoadStrategy: normal, platform: WINDOWS, platformName: WINDOWS, proxy: Proxy(), setWindowRect: true, strictFileInteractability: false, timeouts: {implicit: 0, pageLoad: 300000, script: 30000}, unhandledPromptBehavior: dismiss and notify, webauthn:extension:credBlob: true, webauthn:extension:largeBlob: true, webauthn:extension:minPinLength: true, webauthn:extension:prf: true, webauthn:virtualAuthenticators: true}
Session ID: 4f69c213b0d8f2c0b0a8b18730d9c57b
2023-11-29 21:25:14,924 [main] INFO  base.BaseClass - Trying to find Element By {by.toString()})
2023-11-29 21:25:14,935 [main] INFO  base.BaseClass - Found Element By {by.toString()}
2023-11-29 21:25:14,935 [main] INFO  base.BaseClass - Trying to click on: {element.toString()}
2023-11-29 21:25:14,998 [main] INFO  base.BaseClass - Clicked on: {element.toString()}
2023-11-29 21:25:15,001 [main] INFO  base.BaseClass - Trying to find Element By {by.toString()})
2023-11-29 21:25:15,918 [main] INFO  base.BaseClass - Found Element By {by.toString()}
2023-11-29 21:25:15,982 [main] INFO  base.BaseClass - Trying to find Element By {by.toString()})
2023-11-29 21:25:16,203 [main] INFO  base.BaseClass - Found Element By {by.toString()}
2023-11-29 21:25:16,204 [main] INFO  base.BaseClass - Trying to find Element By {by.toString()})
2023-11-29 21:25:16,221 [main] INFO  base.BaseClass - Found Element By {by.toString()}
2023-11-29 21:25:16,223 [main] INFO  base.BaseClass - Trying to find Element By {by.toString()})
2023-11-29 21:25:16,238 [main] INFO  base.BaseClass - Found Element By {by.toString()}
2023-11-29 21:25:16,259 [main] INFO  base.BaseClass - Trying to find Element By {by.toString()})
2023-11-29 21:25:16,268 [main] INFO  base.BaseClass - Found Element By {by.toString()}
2023-11-29 21:25:16,268 [main] INFO  base.BaseClass - Trying to find Element By {by.toString()})
2023-11-29 21:25:16,278 [main] INFO  base.BaseClass - Found Element By {by.toString()}
2023-11-29 21:25:16,279 [main] INFO  base.BaseClass - Trying to find Element By {by.toString()})
2023-11-29 21:25:16,288 [main] INFO  base.BaseClass - Found Element By {by.toString()}
2023-11-29 21:25:16,306 [main] INFO  base.BaseClass - Trying to find Element By {by.toString()})
2023-11-29 21:25:16,315 [main] INFO  base.BaseClass - Found Element By {by.toString()}
2023-11-29 21:25:16,316 [main] INFO  base.BaseClass - Trying to find Element By {by.toString()})
2023-11-29 21:25:16,324 [main] INFO  base.BaseClass - Found Element By {by.toString()}
2023-11-29 21:25:16,325 [main] INFO  base.BaseClass - Trying to find Element By {by.toString()})
2023-11-29 21:25:16,333 [main] INFO  base.BaseClass - Found Element By {by.toString()}
2023-11-29 21:25:16,350 [main] INFO  base.BaseClass - Trying to find Element By {by.toString()})
2023-11-29 21:25:16,359 [main] INFO  base.BaseClass - Found Element By {by.toString()}
2023-11-29 21:25:16,359 [main] INFO  base.BaseClass - Trying to find Element By {by.toString()})
2023-11-29 21:25:16,368 [main] INFO  base.BaseClass - Found Element By {by.toString()}
2023-11-29 21:25:16,368 [main] INFO  base.BaseClass - Trying to find Element By {by.toString()})
2023-11-29 21:25:16,378 [main] INFO  base.BaseClass - Found Element By {by.toString()}
2023-11-29 21:25:16,395 [main] INFO  base.BaseClass - Trying to find Element By {by.toString()})
2023-11-29 21:25:16,405 [main] INFO  base.BaseClass - Found Element By {by.toString()}
2023-11-29 21:25:16,405 [main] INFO  base.BaseClass - Trying to find Element By {by.toString()})
2023-11-29 21:25:16,415 [main] INFO  base.BaseClass - Found Element By {by.toString()}
2023-11-29 21:25:16,415 [main] INFO  base.BaseClass - Trying to find Element By {by.toString()})
2023-11-29 21:25:16,425 [main] INFO  base.BaseClass - Found Element By {by.toString()}
2023-11-29 21:25:16,446 [main] INFO  base.BaseClass - Trying to find Element By {by.toString()})
2023-11-29 21:25:16,458 [main] INFO  base.BaseClass - Found Element By {by.toString()}
2023-11-29 21:25:16,460 [main] INFO  base.BaseClass - Trying to find Element By {by.toString()})
2023-11-29 21:25:16,471 [main] INFO  base.BaseClass - Found Element By {by.toString()}
2023-11-29 21:25:16,480 [main] INFO  base.BaseClass - Trying to find Element By {by.toString()})
2023-11-29 21:25:16,503 [main] INFO  base.BaseClass - Found Element By {by.toString()}
2023-11-29 21:25:16,834 [main] INFO  base.BaseClass - Trying to find Element By {by.toString()})
2023-11-29 21:25:16,852 [main] INFO  base.BaseClass - Found Element By {by.toString()}
2023-11-29 21:25:17,379 [main] INFO  base.BaseClass - Trying to find Element By {by.toString()})
2023-11-29 21:25:17,393 [main] INFO  base.BaseClass - Found Element By {by.toString()}
2023-11-29 21:25:17,922 [main] INFO  base.BaseClass - Trying to find Element By {by.toString()})
2023-11-29 21:25:17,938 [main] INFO  base.BaseClass - Found Element By {by.toString()}
2023-11-29 21:25:18,467 [main] INFO  base.BaseClass - Trying to find Element By {by.toString()})
2023-11-29 21:25:18,483 [main] INFO  base.BaseClass - Found Element By {by.toString()}
2023-11-29 21:25:19,015 [main] INFO  base.BaseClass - Trying to find Element By {by.toString()})
2023-11-29 21:25:19,031 [main] INFO  base.BaseClass - Found Element By {by.toString()}
2023-11-29 21:25:19,558 [main] INFO  base.BaseClass - Trying to find Element By {by.toString()})
2023-11-29 21:25:19,567 [main] INFO  base.BaseClass - Found Element By {by.toString()}
2023-11-29 21:25:20,085 [main] INFO  base.BaseClass - Trying to find Element By {by.toString()})
2023-11-29 21:25:20,103 [main] INFO  base.BaseClass - Found Element By {by.toString()}
2023-11-29 21:25:20,627 [main] INFO  base.BaseClass - Trying to find Element By {by.toString()})
2023-11-29 21:25:20,640 [main] INFO  base.BaseClass - Found Element By {by.toString()}
2023-11-29 21:25:21,165 [main] INFO  base.BaseClass - Trying to find Element By {by.toString()})
2023-11-29 21:25:21,187 [main] INFO  base.BaseClass - Found Element By {by.toString()}
2023-11-29 21:25:21,705 [main] INFO  base.BaseClass - Trying to find Element By {by.toString()})
2023-11-29 21:25:21,726 [main] INFO  base.BaseClass - Found Element By {by.toString()}
2023-11-29 21:25:22,265 [main] INFO  base.BaseClass - Trying to find Element By {by.toString()})
2023-11-29 21:25:22,275 [main] INFO  base.BaseClass - Found Element By {by.toString()}
2023-11-29 21:25:22,791 [main] INFO  base.BaseClass - Trying to find Element By {by.toString()})
2023-11-29 21:25:22,811 [main] INFO  base.BaseClass - Found Element By {by.toString()}
2023-11-29 21:25:23,349 [main] INFO  base.BaseClass - Trying to find Element By {by.toString()})
2023-11-29 21:25:23,361 [main] INFO  base.BaseClass - Found Element By {by.toString()}
2023-11-29 21:25:23,881 [main] INFO  base.BaseClass - Trying to find Element By {by.toString()})
2023-11-29 21:25:23,899 [main] INFO  base.BaseClass - Found Element By {by.toString()}
2023-11-29 21:25:24,423 [main] INFO  base.BaseClass - Trying to find Element By {by.toString()})
2023-11-29 21:25:24,436 [main] INFO  base.BaseClass - Found Element By {by.toString()}
2023-11-29 21:25:24,956 [main] INFO  base.BaseClass - Trying to find Element By {by.toString()})
2023-11-29 21:25:24,977 [main] INFO  base.BaseClass - Found Element By {by.toString()}
2023-11-29 21:25:25,496 [main] INFO  base.BaseClass - Trying to find Element By {by.toString()})
2023-11-29 21:25:25,508 [main] INFO  base.BaseClass - Found Element By {by.toString()}
2023-11-29 21:25:26,037 [main] INFO  base.BaseClass - Trying to find Element By {by.toString()})
2023-11-29 21:25:26,048 [main] INFO  base.BaseClass - Found Element By {by.toString()}
2023-11-29 21:25:26,565 [main] INFO  base.BaseClass - Trying to find Element By {by.toString()})
2023-11-29 21:25:26,591 [main] INFO  base.BaseClass - Found Element By {by.toString()}
2023-11-29 21:25:27,122 [main] INFO  base.BaseClass - Trying to find Element By {by.toString()})
2023-11-29 21:25:27,141 [main] INFO  base.BaseClass - Found Element By {by.toString()}
2023-11-29 21:25:27,667 [main] INFO  base.BaseClass - Trying to find Element By {by.toString()})
2023-11-29 21:25:27,679 [main] INFO  base.BaseClass - Found Element By {by.toString()}
2023-11-29 21:25:28,197 [main] INFO  base.BaseClass - Trying to find Element By {by.toString()})
2023-11-29 21:25:28,215 [main] INFO  base.BaseClass - Found Element By {by.toString()}
2023-11-29 21:25:28,737 [main] INFO  base.BaseClass - Trying to find Element By {by.toString()})
2023-11-29 21:25:28,757 [main] INFO  base.BaseClass - Found Element By {by.toString()}
2023-11-29 21:25:29,300 [main] INFO  base.BaseClass - Trying to find Element By {by.toString()})
2023-11-29 21:25:29,320 [main] INFO  base.BaseClass - Found Element By {by.toString()}
2023-11-29 21:25:29,845 [main] INFO  base.BaseClass - Trying to find Element By {by.toString()})
2023-11-29 21:25:29,857 [main] INFO  base.BaseClass - Found Element By {by.toString()}
2023-11-29 21:25:30,372 [main] INFO  base.BaseClass - Trying to find Element By {by.toString()})
2023-11-29 21:25:30,400 [main] INFO  base.BaseClass - Found Element By {by.toString()}
2023-11-29 21:25:30,928 [main] INFO  base.BaseClass - Trying to find Element By {by.toString()})
2023-11-29 21:25:30,942 [main] INFO  base.BaseClass - Found Element By {by.toString()}
2023-11-29 21:25:31,473 [main] INFO  base.BaseClass - Trying to find Element By {by.toString()})
2023-11-29 21:25:31,487 [main] INFO  base.BaseClass - Found Element By {by.toString()}
2023-11-29 21:25:32,014 [main] INFO  base.BaseClass - Trying to find Element By {by.toString()})
2023-11-29 21:25:32,036 [main] INFO  base.BaseClass - Found Element By {by.toString()}
2023-11-29 21:25:32,560 [main] INFO  base.BaseClass - Trying to find Element By {by.toString()})
2023-11-29 21:25:32,576 [main] INFO  base.BaseClass - Found Element By {by.toString()}
2023-11-29 21:25:33,098 [main] INFO  base.BaseClass - Trying to find Element By {by.toString()})
2023-11-29 21:25:33,109 [main] INFO  base.BaseClass - Found Element By {by.toString()}
2023-11-29 21:25:33,625 [main] INFO  base.BaseClass - Trying to find Element By {by.toString()})
2023-11-29 21:25:33,646 [main] INFO  base.BaseClass - Found Element By {by.toString()}
2023-11-29 21:25:34,170 [main] INFO  base.BaseClass - Trying to find Element By {by.toString()})
2023-11-29 21:25:34,181 [main] INFO  base.BaseClass - Found Element By {by.toString()}
2023-11-29 21:25:34,699 [main] INFO  base.BaseClass - Trying to find Element By {by.toString()})
2023-11-29 21:25:34,719 [main] INFO  base.BaseClass - Found Element By {by.toString()}
2023-11-29 21:25:35,256 [main] INFO  base.BaseClass - Trying to find Element By {by.toString()})
2023-11-29 21:25:35,278 [main] INFO  base.BaseClass - Found Element By {by.toString()}
2023-11-29 21:25:35,812 [main] INFO  base.BaseClass - Trying to find Element By {by.toString()})
2023-11-29 21:25:35,826 [main] INFO  base.BaseClass - Found Element By {by.toString()}
2023-11-29 21:25:36,357 [main] INFO  base.BaseClass - Trying to find Element By {by.toString()})
2023-11-29 21:25:36,382 [main] INFO  base.BaseClass - Found Element By {by.toString()}
2023-11-29 21:25:36,916 [main] INFO  base.BaseClass - Trying to find Element By {by.toString()})
2023-11-29 21:25:36,936 [main] INFO  base.BaseClass - Found Element By {by.toString()}
2023-11-29 21:25:37,458 [main] INFO  base.BaseClass - Trying to find Element By {by.toString()})
2023-11-29 21:25:37,478 [main] INFO  base.BaseClass - Found Element By {by.toString()}
2023-11-29 21:25:38,002 [main] INFO  base.BaseClass - Trying to find Element By {by.toString()})
2023-11-29 21:25:38,028 [main] INFO  base.BaseClass - Found Element By {by.toString()}
2023-11-29 21:25:38,561 [main] INFO  base.BaseClass - Trying to find Element By {by.toString()})
2023-11-29 21:25:38,576 [main] INFO  base.BaseClass - Found Element By {by.toString()}
2023-11-29 21:25:39,108 [main] INFO  base.BaseClass - Trying to find Element By {by.toString()})
2023-11-29 21:25:39,130 [main] INFO  base.BaseClass - Found Element By {by.toString()}
2023-11-29 21:25:39,663 [main] INFO  base.BaseClass - Trying to find Element By {by.toString()})
2023-11-29 21:25:39,683 [main] INFO  base.BaseClass - Found Element By {by.toString()}
2023-11-29 21:25:40,223 [main] INFO  base.BaseClass - Trying to find Element By {by.toString()})
2023-11-29 21:25:40,249 [main] INFO  base.BaseClass - Found Element By {by.toString()}
2023-11-29 21:25:40,785 [main] INFO  base.BaseClass - Trying to find Element By {by.toString()})
2023-11-29 21:25:40,804 [main] INFO  base.BaseClass - Found Element By {by.toString()}
2023-11-29 21:25:41,336 [main] INFO  base.BaseClass - Trying to find Element By {by.toString()})
2023-11-29 21:25:41,354 [main] INFO  base.BaseClass - Found Element By {by.toString()}
2023-11-29 21:25:41,892 [main] INFO  base.BaseClass - Trying to find Element By {by.toString()})
2023-11-29 21:25:41,910 [main] INFO  base.BaseClass - Found Element By {by.toString()}
2023-11-29 21:25:42,433 [main] INFO  base.BaseClass - Trying to find Element By {by.toString()})
2023-11-29 21:25:42,451 [main] INFO  base.BaseClass - Found Element By {by.toString()}
2023-11-29 21:25:42,976 [main] INFO  base.BaseClass - Trying to find Element By {by.toString()})
2023-11-29 21:25:42,997 [main] INFO  base.BaseClass - Found Element By {by.toString()}
2023-11-29 21:25:43,523 [main] INFO  base.BaseClass - Trying to find Element By {by.toString()})
2023-11-29 21:25:43,550 [main] INFO  base.BaseClass - Found Element By {by.toString()}
2023-11-29 21:25:44,083 [main] INFO  base.BaseClass - Trying to find Element By {by.toString()})
2023-11-29 21:25:44,104 [main] INFO  base.BaseClass - Found Element By {by.toString()}
2023-11-29 21:25:44,626 [main] INFO  base.BaseClass - Trying to find Element By {by.toString()})
2023-11-29 21:25:44,649 [main] INFO  base.BaseClass - Found Element By {by.toString()}
2023-11-29 21:25:45,184 [main] INFO  base.BaseClass - Trying to find Element By {by.toString()})
2023-11-29 21:25:45,196 [main] INFO  base.BaseClass - Found Element By {by.toString()}
2023-11-29 21:25:45,729 [main] INFO  base.BaseClass - Trying to find Element By {by.toString()})
2023-11-29 21:25:45,747 [main] INFO  base.BaseClass - Found Element By {by.toString()}
2023-11-29 21:25:46,287 [main] INFO  base.BaseClass - Trying to find Element By {by.toString()})
2023-11-29 21:25:46,300 [main] INFO  base.BaseClass - Found Element By {by.toString()}
2023-11-29 21:25:46,832 [main] INFO  base.BaseClass - Trying to find Element By {by.toString()})
2023-11-29 21:25:46,855 [main] INFO  base.BaseClass - Found Element By {by.toString()}
TimeoutException occurred: Expected condition failed: waiting for helper.WaitUtility$5@6f15f52a (tried for 30 second(s) with 500 milliseconds interval)
Build info: version: '3.141.59', revision: 'e82be7d358', time: '2018-11-14T08:17:03'
System info: host: 'DPLAP166', ip: '137.237.3.153', os.name: 'Windows 10', os.arch: 'amd64', os.version: '10.0', java.version: '19.0.1'
Driver info: org.openqa.selenium.support.events.EventFiringWebDriver
Capabilities {acceptInsecureCerts: true, browserName: chrome, browserVersion: 119.0.6045.200, chrome: {chromedriverVersion: 119.0.6045.105 (38c72552c5e..., userDataDir: C:\Users\dP-PL\AppData\Loca...}, fedcm:accounts: true, goog:chromeOptions: {debuggerAddress: localhost:49741}, javascriptEnabled: true, networkConnectionEnabled: false, pageLoadStrategy: normal, platform: WINDOWS, platformName: WINDOWS, proxy: Proxy(), setWindowRect: true, strictFileInteractability: false, timeouts: {implicit: 0, pageLoad: 300000, script: 30000}, unhandledPromptBehavior: dismiss and notify, webauthn:extension:credBlob: true, webauthn:extension:largeBlob: true, webauthn:extension:minPinLength: true, webauthn:extension:prf: true, webauthn:virtualAuthenticators: true}
Session ID: 4f69c213b0d8f2c0b0a8b18730d9c57b
2023-11-29 21:25:46,876 [main] ERROR XGLT_15177_Test - Element did not become visible within the specified time: Expected condition failed: waiting for helper.WaitUtility$5@6f15f52a (tried for 30 second(s) with 500 milliseconds interval)
Build info: version: '3.141.59', revision: 'e82be7d358', time: '2018-11-14T08:17:03'
System info: host: 'DPLAP166', ip: '137.237.3.153', os.name: 'Windows 10', os.arch: 'amd64', os.version: '10.0', java.version: '19.0.1'
Driver info: org.openqa.selenium.support.events.EventFiringWebDriver
Capabilities {acceptInsecureCerts: true, browserName: chrome, browserVersion: 119.0.6045.200, chrome: {chromedriverVersion: 119.0.6045.105 (38c72552c5e..., userDataDir: C:\Users\dP-PL\AppData\Loca...}, fedcm:accounts: true, goog:chromeOptions: {debuggerAddress: localhost:49741}, javascriptEnabled: true, networkConnectionEnabled: false, pageLoadStrategy: normal, platform: WINDOWS, platformName: WINDOWS, proxy: Proxy(), setWindowRect: true, strictFileInteractability: false, timeouts: {implicit: 0, pageLoad: 300000, script: 30000}, unhandledPromptBehavior: dismiss and notify, webauthn:extension:credBlob: true, webauthn:extension:largeBlob: true, webauthn:extension:minPinLength: true, webauthn:extension:prf: true, webauthn:virtualAuthenticators: true}
Session ID: 4f69c213b0d8f2c0b0a8b18730d9c57b
2023-11-29 21:25:46,876 [main] INFO  base.BaseClass - Trying to find Element By {by.toString()})
2023-11-29 21:25:46,886 [main] INFO  base.BaseClass - Found Element By {by.toString()}
2023-11-29 21:25:46,887 [main] INFO  base.BaseClass - Trying to click on: {element.toString()}
2023-11-29 21:25:46,952 [main] INFO  base.BaseClass - Clicked on: {element.toString()}
About passed!
]]></system-out>
    <system-err><![CDATA[SLF4J: Class path contains multiple SLF4J bindings.
SLF4J: Found binding in [jar:file:/C:/Users/dP-PL/.m2/repository/org/apache/logging/log4j/log4j-slf4j-impl/2.17.0/log4j-slf4j-impl-2.17.0.jar!/org/slf4j/impl/StaticLoggerBinder.class]
SLF4J: Found binding in [jar:file:/C:/Users/dP-PL/.m2/repository/org/sonatype/gossip/gossip/1.0/gossip-1.0.jar!/org/slf4j/impl/StaticLoggerBinder.class]
SLF4J: Found binding in [jar:file:/C:/Users/dP-PL/.m2/repository/org/slf4j/slf4j-nop/1.5.3/slf4j-nop-1.5.3.jar!/org/slf4j/impl/StaticLoggerBinder.class]
SLF4J: Found binding in [jar:file:/C:/Users/dP-PL/.m2/repository/org/slf4j/slf4j-jdk14/1.5.6/slf4j-jdk14-1.5.6.jar!/org/slf4j/impl/StaticLoggerBinder.class]
SLF4J: See http://www.slf4j.org/codes.html#multiple_bindings for an explanation.
SLF4J: Actual binding is of type [org.apache.logging.slf4j.Log4jLoggerFactory]
Starting ChromeDriver 119.0.6045.105 (38c72552c5e15ba9b3117c0967a0fd105072d7c6-refs/branch-heads/6045@{#1103}) on port 30019
Only local connections are allowed.
Please see https://chromedriver.chromium.org/security-considerations for suggestions on keeping ChromeDriver safe.
ChromeDriver was started successfully.
Nov 29, 2023 9:23:15 PM org.openqa.selenium.remote.ProtocolHandshake createSession
INFO: Detected dialect: W3C
]]></system-err>
  </testcase>
  <testcase name="search_Network" classname="Create_Network" time="213.64">
    <system-out><![CDATA[2023-11-29 21:25:47,153 [main] INFO  XGLT_15177_Test - closing up browser
2023-11-29 21:25:48,698 [main] INFO  base.BaseClass - Login to XGL
2023-11-29 21:25:48,698 [main] INFO  XGLT_15177_Test - Setting up browser
2023-11-29 21:25:48,714 [main] INFO  io.github.bonigarcia.wdm.WebDriverManager - Using chromedriver 119.0.6045.105 (resolved driver for Chrome 119)
2023-11-29 21:25:48,750 [main] INFO  io.github.bonigarcia.wdm.WebDriverManager - Exporting webdriver.chrome.driver as C:\Users\dP-PL\.cache\selenium\chromedriver\win64\119.0.6045.105\chromedriver.exe
2023-11-29 21:25:50,914 [main] INFO  base.BaseClass - Before navigating to {url}
2023-11-29 21:25:59,462 [main] INFO  base.BaseClass - Navigated to {url}
2023-11-29 21:26:00,911 [main] INFO  base.BaseClass - Trying to find Element By {by.toString()})
2023-11-29 21:26:00,931 [main] INFO  base.BaseClass - Found Element By {by.toString()}
2023-11-29 21:26:00,980 [main] INFO  base.BaseClass - Trying to find Element By {by.toString()})
2023-11-29 21:26:00,992 [main] INFO  base.BaseClass - Found Element By {by.toString()}
2023-11-29 21:26:01,058 [main] INFO  base.BaseClass - Trying to find Element By {by.toString()})
2023-11-29 21:26:01,071 [main] INFO  base.BaseClass - Found Element By {by.toString()}
2023-11-29 21:26:01,072 [main] INFO  base.BaseClass - Trying to click on: {element.toString()}
2023-11-29 21:26:01,109 [main] INFO  base.BaseClass - Clicked on: {element.toString()}
2023-11-29 21:26:01,110 [main] INFO  base.BaseClass - Trying to find Element By {by.toString()})
2023-11-29 21:26:51,245 [main] INFO  base.BaseClass - Found Element By {by.toString()}
2023-11-29 21:26:51,268 [main] INFO  base.BaseClass - Trying to find Element By {by.toString()})
2023-11-29 21:26:56,815 [main] INFO  base.BaseClass - Found Element By {by.toString()}
2023-11-29 21:26:56,815 [main] INFO  base.BaseClass - Trying to click on: {element.toString()}
2023-11-29 21:26:57,012 [main] INFO  base.BaseClass - Clicked on: {element.toString()}
Before method Test name: Maintainance Tests
search_Network started!
2023-11-29 21:26:57,033 [main] INFO  base.BaseClass - Trying to find Element By {by.toString()})
2023-11-29 21:26:57,050 [main] INFO  base.BaseClass - Found Element By {by.toString()}
2023-11-29 21:26:57,574 [main] INFO  base.BaseClass - Trying to find Element By {by.toString()})
2023-11-29 21:26:57,585 [main] INFO  base.BaseClass - Found Element By {by.toString()}
2023-11-29 21:26:58,104 [main] INFO  base.BaseClass - Trying to find Element By {by.toString()})
2023-11-29 21:26:58,120 [main] INFO  base.BaseClass - Found Element By {by.toString()}
2023-11-29 21:26:58,648 [main] INFO  base.BaseClass - Trying to find Element By {by.toString()})
2023-11-29 21:26:58,671 [main] INFO  base.BaseClass - Found Element By {by.toString()}
2023-11-29 21:26:59,203 [main] INFO  base.BaseClass - Trying to find Element By {by.toString()})
2023-11-29 21:26:59,220 [main] INFO  base.BaseClass - Found Element By {by.toString()}
2023-11-29 21:26:59,742 [main] INFO  base.BaseClass - Trying to find Element By {by.toString()})
2023-11-29 21:26:59,758 [main] INFO  base.BaseClass - Found Element By {by.toString()}
2023-11-29 21:27:00,282 [main] INFO  base.BaseClass - Trying to find Element By {by.toString()})
2023-11-29 21:27:00,308 [main] INFO  base.BaseClass - Found Element By {by.toString()}
2023-11-29 21:27:00,839 [main] INFO  base.BaseClass - Trying to find Element By {by.toString()})
2023-11-29 21:27:00,850 [main] INFO  base.BaseClass - Found Element By {by.toString()}
2023-11-29 21:27:01,367 [main] INFO  base.BaseClass - Trying to find Element By {by.toString()})
2023-11-29 21:27:01,386 [main] INFO  base.BaseClass - Found Element By {by.toString()}
2023-11-29 21:27:01,911 [main] INFO  base.BaseClass - Trying to find Element By {by.toString()})
2023-11-29 21:27:01,928 [main] INFO  base.BaseClass - Found Element By {by.toString()}
2023-11-29 21:27:02,468 [main] INFO  base.BaseClass - Trying to find Element By {by.toString()})
2023-11-29 21:27:02,478 [main] INFO  base.BaseClass - Found Element By {by.toString()}
2023-11-29 21:27:03,003 [main] INFO  base.BaseClass - Trying to find Element By {by.toString()})
2023-11-29 21:27:03,019 [main] INFO  base.BaseClass - Found Element By {by.toString()}
2023-11-29 21:27:03,559 [main] INFO  base.BaseClass - Trying to find Element By {by.toString()})
2023-11-29 21:27:03,573 [main] INFO  base.BaseClass - Found Element By {by.toString()}
2023-11-29 21:27:04,103 [main] INFO  base.BaseClass - Trying to find Element By {by.toString()})
2023-11-29 21:27:04,127 [main] INFO  base.BaseClass - Found Element By {by.toString()}
2023-11-29 21:27:04,659 [main] INFO  base.BaseClass - Trying to find Element By {by.toString()})
2023-11-29 21:27:04,675 [main] INFO  base.BaseClass - Found Element By {by.toString()}
2023-11-29 21:27:05,199 [main] INFO  base.BaseClass - Trying to find Element By {by.toString()})
2023-11-29 21:27:05,227 [main] INFO  base.BaseClass - Found Element By {by.toString()}
2023-11-29 21:27:05,756 [main] INFO  base.BaseClass - Trying to find Element By {by.toString()})
2023-11-29 21:27:05,773 [main] INFO  base.BaseClass - Found Element By {by.toString()}
2023-11-29 21:27:06,312 [main] INFO  base.BaseClass - Trying to find Element By {by.toString()})
2023-11-29 21:27:06,330 [main] INFO  base.BaseClass - Found Element By {by.toString()}
2023-11-29 21:27:06,866 [main] INFO  base.BaseClass - Trying to find Element By {by.toString()})
2023-11-29 21:27:06,881 [main] INFO  base.BaseClass - Found Element By {by.toString()}
2023-11-29 21:27:07,422 [main] INFO  base.BaseClass - Trying to find Element By {by.toString()})
2023-11-29 21:27:07,445 [main] INFO  base.BaseClass - Found Element By {by.toString()}
2023-11-29 21:27:07,969 [main] INFO  base.BaseClass - Trying to find Element By {by.toString()})
2023-11-29 21:27:07,987 [main] INFO  base.BaseClass - Found Element By {by.toString()}
2023-11-29 21:27:08,512 [main] INFO  base.BaseClass - Trying to find Element By {by.toString()})
2023-11-29 21:27:08,527 [main] INFO  base.BaseClass - Found Element By {by.toString()}
2023-11-29 21:27:09,055 [main] INFO  base.BaseClass - Trying to find Element By {by.toString()})
2023-11-29 21:27:09,082 [main] INFO  base.BaseClass - Found Element By {by.toString()}
2023-11-29 21:27:09,617 [main] INFO  base.BaseClass - Trying to find Element By {by.toString()})
2023-11-29 21:27:09,627 [main] INFO  base.BaseClass - Found Element By {by.toString()}
2023-11-29 21:27:10,143 [main] INFO  base.BaseClass - Trying to find Element By {by.toString()})
2023-11-29 21:27:10,173 [main] INFO  base.BaseClass - Found Element By {by.toString()}
2023-11-29 21:27:10,687 [main] INFO  base.BaseClass - Trying to find Element By {by.toString()})
2023-11-29 21:27:10,713 [main] INFO  base.BaseClass - Found Element By {by.toString()}
2023-11-29 21:27:11,246 [main] INFO  base.BaseClass - Trying to find Element By {by.toString()})
2023-11-29 21:27:11,263 [main] INFO  base.BaseClass - Found Element By {by.toString()}
2023-11-29 21:27:11,790 [main] INFO  base.BaseClass - Trying to find Element By {by.toString()})
2023-11-29 21:27:11,852 [main] INFO  base.BaseClass - Found Element By {by.toString()}
2023-11-29 21:27:12,378 [main] INFO  base.BaseClass - Trying to find Element By {by.toString()})
2023-11-29 21:27:12,399 [main] INFO  base.BaseClass - Found Element By {by.toString()}
2023-11-29 21:27:12,922 [main] INFO  base.BaseClass - Trying to find Element By {by.toString()})
2023-11-29 21:27:12,940 [main] INFO  base.BaseClass - Found Element By {by.toString()}
2023-11-29 21:27:13,465 [main] INFO  base.BaseClass - Trying to find Element By {by.toString()})
2023-11-29 21:27:13,486 [main] INFO  base.BaseClass - Found Element By {by.toString()}
2023-11-29 21:27:14,010 [main] INFO  base.BaseClass - Trying to find Element By {by.toString()})
2023-11-29 21:27:14,032 [main] INFO  base.BaseClass - Found Element By {by.toString()}
2023-11-29 21:27:14,554 [main] INFO  base.BaseClass - Trying to find Element By {by.toString()})
2023-11-29 21:27:14,577 [main] INFO  base.BaseClass - Found Element By {by.toString()}
2023-11-29 21:27:15,098 [main] INFO  base.BaseClass - Trying to find Element By {by.toString()})
2023-11-29 21:27:15,110 [main] INFO  base.BaseClass - Found Element By {by.toString()}
2023-11-29 21:27:15,640 [main] INFO  base.BaseClass - Trying to find Element By {by.toString()})
2023-11-29 21:27:15,658 [main] INFO  base.BaseClass - Found Element By {by.toString()}
2023-11-29 21:27:16,186 [main] INFO  base.BaseClass - Trying to find Element By {by.toString()})
2023-11-29 21:27:16,206 [main] INFO  base.BaseClass - Found Element By {by.toString()}
2023-11-29 21:27:16,728 [main] INFO  base.BaseClass - Trying to find Element By {by.toString()})
2023-11-29 21:27:16,758 [main] INFO  base.BaseClass - Found Element By {by.toString()}
2023-11-29 21:27:17,285 [main] INFO  base.BaseClass - Trying to find Element By {by.toString()})
2023-11-29 21:27:17,306 [main] INFO  base.BaseClass - Found Element By {by.toString()}
2023-11-29 21:27:17,840 [main] INFO  base.BaseClass - Trying to find Element By {by.toString()})
2023-11-29 21:27:17,861 [main] INFO  base.BaseClass - Found Element By {by.toString()}
2023-11-29 21:27:18,387 [main] INFO  base.BaseClass - Trying to find Element By {by.toString()})
2023-11-29 21:27:18,410 [main] INFO  base.BaseClass - Found Element By {by.toString()}
2023-11-29 21:27:18,942 [main] INFO  base.BaseClass - Trying to find Element By {by.toString()})
2023-11-29 21:27:18,953 [main] INFO  base.BaseClass - Found Element By {by.toString()}
2023-11-29 21:27:19,472 [main] INFO  base.BaseClass - Trying to find Element By {by.toString()})
2023-11-29 21:27:19,492 [main] INFO  base.BaseClass - Found Element By {by.toString()}
2023-11-29 21:27:20,013 [main] INFO  base.BaseClass - Trying to find Element By {by.toString()})
2023-11-29 21:27:20,038 [main] INFO  base.BaseClass - Found Element By {by.toString()}
2023-11-29 21:27:20,558 [main] INFO  base.BaseClass - Trying to find Element By {by.toString()})
2023-11-29 21:27:20,572 [main] INFO  base.BaseClass - Found Element By {by.toString()}
2023-11-29 21:27:21,088 [main] INFO  base.BaseClass - Trying to find Element By {by.toString()})
2023-11-29 21:27:21,105 [main] INFO  base.BaseClass - Found Element By {by.toString()}
2023-11-29 21:27:21,633 [main] INFO  base.BaseClass - Trying to find Element By {by.toString()})
2023-11-29 21:27:21,657 [main] INFO  base.BaseClass - Found Element By {by.toString()}
2023-11-29 21:27:22,188 [main] INFO  base.BaseClass - Trying to find Element By {by.toString()})
2023-11-29 21:27:22,211 [main] INFO  base.BaseClass - Found Element By {by.toString()}
2023-11-29 21:27:22,746 [main] INFO  base.BaseClass - Trying to find Element By {by.toString()})
2023-11-29 21:27:22,766 [main] INFO  base.BaseClass - Found Element By {by.toString()}
2023-11-29 21:27:23,286 [main] INFO  base.BaseClass - Trying to find Element By {by.toString()})
2023-11-29 21:27:23,314 [main] INFO  base.BaseClass - Found Element By {by.toString()}
2023-11-29 21:27:23,842 [main] INFO  base.BaseClass - Trying to find Element By {by.toString()})
2023-11-29 21:27:23,862 [main] INFO  base.BaseClass - Found Element By {by.toString()}
2023-11-29 21:27:24,390 [main] INFO  base.BaseClass - Trying to find Element By {by.toString()})
2023-11-29 21:27:24,418 [main] INFO  base.BaseClass - Found Element By {by.toString()}
2023-11-29 21:27:24,945 [main] INFO  base.BaseClass - Trying to find Element By {by.toString()})
2023-11-29 21:27:24,960 [main] INFO  base.BaseClass - Found Element By {by.toString()}
2023-11-29 21:27:25,491 [main] INFO  base.BaseClass - Trying to find Element By {by.toString()})
2023-11-29 21:27:25,504 [main] INFO  base.BaseClass - Found Element By {by.toString()}
2023-11-29 21:27:26,023 [main] INFO  base.BaseClass - Trying to find Element By {by.toString()})
2023-11-29 21:27:26,039 [main] INFO  base.BaseClass - Found Element By {by.toString()}
2023-11-29 21:27:26,566 [main] INFO  base.BaseClass - Trying to find Element By {by.toString()})
2023-11-29 21:27:26,589 [main] INFO  base.BaseClass - Found Element By {by.toString()}
2023-11-29 21:27:27,110 [main] INFO  base.BaseClass - Trying to find Element By {by.toString()})
2023-11-29 21:27:27,134 [main] INFO  base.BaseClass - Found Element By {by.toString()}
TimeoutException occurred: Expected condition failed: waiting for helper.WaitUtility$5@2e204155 (tried for 30 second(s) with 500 milliseconds interval)
Build info: version: '3.141.59', revision: 'e82be7d358', time: '2018-11-14T08:17:03'
System info: host: 'DPLAP166', ip: '137.237.3.153', os.name: 'Windows 10', os.arch: 'amd64', os.version: '10.0', java.version: '19.0.1'
Driver info: org.openqa.selenium.support.events.EventFiringWebDriver
Capabilities {acceptInsecureCerts: true, browserName: chrome, browserVersion: 119.0.6045.200, chrome: {chromedriverVersion: 119.0.6045.105 (38c72552c5e..., userDataDir: C:\Users\dP-PL\AppData\Loca...}, fedcm:accounts: true, goog:chromeOptions: {debuggerAddress: localhost:50091}, javascriptEnabled: true, networkConnectionEnabled: false, pageLoadStrategy: normal, platform: WINDOWS, platformName: WINDOWS, proxy: Proxy(), setWindowRect: true, strictFileInteractability: false, timeouts: {implicit: 0, pageLoad: 300000, script: 30000}, unhandledPromptBehavior: dismiss and notify, webauthn:extension:credBlob: true, webauthn:extension:largeBlob: true, webauthn:extension:minPinLength: true, webauthn:extension:prf: true, webauthn:virtualAuthenticators: true}
Session ID: 694c67e2b41bbee132cbcacd5abe9663
2023-11-29 21:27:27,155 [main] ERROR XGLT_15177_Test - Element did not become visible within the specified time: Expected condition failed: waiting for helper.WaitUtility$5@2e204155 (tried for 30 second(s) with 500 milliseconds interval)
Build info: version: '3.141.59', revision: 'e82be7d358', time: '2018-11-14T08:17:03'
System info: host: 'DPLAP166', ip: '137.237.3.153', os.name: 'Windows 10', os.arch: 'amd64', os.version: '10.0', java.version: '19.0.1'
Driver info: org.openqa.selenium.support.events.EventFiringWebDriver
Capabilities {acceptInsecureCerts: true, browserName: chrome, browserVersion: 119.0.6045.200, chrome: {chromedriverVersion: 119.0.6045.105 (38c72552c5e..., userDataDir: C:\Users\dP-PL\AppData\Loca...}, fedcm:accounts: true, goog:chromeOptions: {debuggerAddress: localhost:50091}, javascriptEnabled: true, networkConnectionEnabled: false, pageLoadStrategy: normal, platform: WINDOWS, platformName: WINDOWS, proxy: Proxy(), setWindowRect: true, strictFileInteractability: false, timeouts: {implicit: 0, pageLoad: 300000, script: 30000}, unhandledPromptBehavior: dismiss and notify, webauthn:extension:credBlob: true, webauthn:extension:largeBlob: true, webauthn:extension:minPinLength: true, webauthn:extension:prf: true, webauthn:virtualAuthenticators: true}
Session ID: 694c67e2b41bbee132cbcacd5abe9663
2023-11-29 21:27:27,155 [main] INFO  base.BaseClass - Trying to find Element By {by.toString()})
2023-11-29 21:27:27,168 [main] INFO  base.BaseClass - Found Element By {by.toString()}
2023-11-29 21:27:27,168 [main] INFO  base.BaseClass - Trying to click on: {element.toString()}
2023-11-29 21:27:27,224 [main] INFO  base.BaseClass - Clicked on: {element.toString()}
2023-11-29 21:27:27,224 [main] INFO  base.BaseClass - Trying to find Element By {by.toString()})
2023-11-29 21:27:27,237 [main] INFO  base.BaseClass - Found Element By {by.toString()}
2023-11-29 21:27:27,763 [main] INFO  base.BaseClass - Trying to find Element By {by.toString()})
2023-11-29 21:27:27,787 [main] INFO  base.BaseClass - Found Element By {by.toString()}
2023-11-29 21:27:28,322 [main] INFO  base.BaseClass - Trying to find Element By {by.toString()})
2023-11-29 21:27:28,351 [main] INFO  base.BaseClass - Found Element By {by.toString()}
2023-11-29 21:27:28,880 [main] INFO  base.BaseClass - Trying to find Element By {by.toString()})
2023-11-29 21:27:28,898 [main] INFO  base.BaseClass - Found Element By {by.toString()}
2023-11-29 21:27:29,425 [main] INFO  base.BaseClass - Trying to find Element By {by.toString()})
2023-11-29 21:27:29,447 [main] INFO  base.BaseClass - Found Element By {by.toString()}
2023-11-29 21:27:29,984 [main] INFO  base.BaseClass - Trying to find Element By {by.toString()})
2023-11-29 21:27:30,005 [main] INFO  base.BaseClass - Found Element By {by.toString()}
2023-11-29 21:27:30,541 [main] INFO  base.BaseClass - Trying to find Element By {by.toString()})
2023-11-29 21:27:30,561 [main] INFO  base.BaseClass - Found Element By {by.toString()}
2023-11-29 21:27:31,085 [main] INFO  base.BaseClass - Trying to find Element By {by.toString()})
2023-11-29 21:27:31,110 [main] INFO  base.BaseClass - Found Element By {by.toString()}
2023-11-29 21:27:31,643 [main] INFO  base.BaseClass - Trying to find Element By {by.toString()})
2023-11-29 21:27:31,659 [main] INFO  base.BaseClass - Found Element By {by.toString()}
2023-11-29 21:27:32,184 [main] INFO  base.BaseClass - Trying to find Element By {by.toString()})
2023-11-29 21:27:32,215 [main] INFO  base.BaseClass - Found Element By {by.toString()}
2023-11-29 21:27:32,743 [main] INFO  base.BaseClass - Trying to find Element By {by.toString()})
2023-11-29 21:27:32,772 [main] INFO  base.BaseClass - Found Element By {by.toString()}
2023-11-29 21:27:33,300 [main] INFO  base.BaseClass - Trying to find Element By {by.toString()})
2023-11-29 21:27:33,323 [main] INFO  base.BaseClass - Found Element By {by.toString()}
2023-11-29 21:27:33,857 [main] INFO  base.BaseClass - Trying to find Element By {by.toString()})
2023-11-29 21:27:33,883 [main] INFO  base.BaseClass - Found Element By {by.toString()}
2023-11-29 21:27:34,415 [main] INFO  base.BaseClass - Trying to find Element By {by.toString()})
2023-11-29 21:27:34,442 [main] INFO  base.BaseClass - Found Element By {by.toString()}
2023-11-29 21:27:34,974 [main] INFO  base.BaseClass - Trying to find Element By {by.toString()})
2023-11-29 21:27:34,993 [main] INFO  base.BaseClass - Found Element By {by.toString()}
2023-11-29 21:27:35,530 [main] INFO  base.BaseClass - Trying to find Element By {by.toString()})
2023-11-29 21:27:35,559 [main] INFO  base.BaseClass - Found Element By {by.toString()}
2023-11-29 21:27:36,089 [main] INFO  base.BaseClass - Trying to find Element By {by.toString()})
2023-11-29 21:27:36,104 [main] INFO  base.BaseClass - Found Element By {by.toString()}
2023-11-29 21:27:36,630 [main] INFO  base.BaseClass - Trying to find Element By {by.toString()})
2023-11-29 21:27:36,655 [main] INFO  base.BaseClass - Found Element By {by.toString()}
2023-11-29 21:27:37,175 [main] INFO  base.BaseClass - Trying to find Element By {by.toString()})
2023-11-29 21:27:37,196 [main] INFO  base.BaseClass - Found Element By {by.toString()}
2023-11-29 21:27:37,721 [main] INFO  base.BaseClass - Trying to find Element By {by.toString()})
2023-11-29 21:27:37,745 [main] INFO  base.BaseClass - Found Element By {by.toString()}
2023-11-29 21:27:38,267 [main] INFO  base.BaseClass - Trying to find Element By {by.toString()})
2023-11-29 21:27:38,289 [main] INFO  base.BaseClass - Found Element By {by.toString()}
2023-11-29 21:27:38,810 [main] INFO  base.BaseClass - Trying to find Element By {by.toString()})
2023-11-29 21:27:38,838 [main] INFO  base.BaseClass - Found Element By {by.toString()}
2023-11-29 21:27:39,366 [main] INFO  base.BaseClass - Trying to find Element By {by.toString()})
2023-11-29 21:27:39,393 [main] INFO  base.BaseClass - Found Element By {by.toString()}
2023-11-29 21:27:39,921 [main] INFO  base.BaseClass - Trying to find Element By {by.toString()})
2023-11-29 21:27:39,943 [main] INFO  base.BaseClass - Found Element By {by.toString()}
2023-11-29 21:27:40,479 [main] INFO  base.BaseClass - Trying to find Element By {by.toString()})
2023-11-29 21:27:40,495 [main] INFO  base.BaseClass - Found Element By {by.toString()}
2023-11-29 21:27:41,020 [main] INFO  base.BaseClass - Trying to find Element By {by.toString()})
2023-11-29 21:27:41,041 [main] INFO  base.BaseClass - Found Element By {by.toString()}
2023-11-29 21:27:41,576 [main] INFO  base.BaseClass - Trying to find Element By {by.toString()})
2023-11-29 21:27:41,589 [main] INFO  base.BaseClass - Found Element By {by.toString()}
2023-11-29 21:27:42,122 [main] INFO  base.BaseClass - Trying to find Element By {by.toString()})
2023-11-29 21:27:42,137 [main] INFO  base.BaseClass - Found Element By {by.toString()}
2023-11-29 21:27:42,666 [main] INFO  base.BaseClass - Trying to find Element By {by.toString()})
2023-11-29 21:27:42,681 [main] INFO  base.BaseClass - Found Element By {by.toString()}
2023-11-29 21:27:43,212 [main] INFO  base.BaseClass - Trying to find Element By {by.toString()})
2023-11-29 21:27:43,231 [main] INFO  base.BaseClass - Found Element By {by.toString()}
2023-11-29 21:27:43,774 [main] INFO  base.BaseClass - Trying to find Element By {by.toString()})
2023-11-29 21:27:43,794 [main] INFO  base.BaseClass - Found Element By {by.toString()}
2023-11-29 21:27:44,317 [main] INFO  base.BaseClass - Trying to find Element By {by.toString()})
2023-11-29 21:27:44,342 [main] INFO  base.BaseClass - Found Element By {by.toString()}
2023-11-29 21:27:44,875 [main] INFO  base.BaseClass - Trying to find Element By {by.toString()})
2023-11-29 21:27:44,894 [main] INFO  base.BaseClass - Found Element By {by.toString()}
2023-11-29 21:27:45,417 [main] INFO  base.BaseClass - Trying to find Element By {by.toString()})
2023-11-29 21:27:45,442 [main] INFO  base.BaseClass - Found Element By {by.toString()}
2023-11-29 21:27:45,975 [main] INFO  base.BaseClass - Trying to find Element By {by.toString()})
2023-11-29 21:27:45,999 [main] INFO  base.BaseClass - Found Element By {by.toString()}
2023-11-29 21:27:46,533 [main] INFO  base.BaseClass - Trying to find Element By {by.toString()})
2023-11-29 21:27:46,552 [main] INFO  base.BaseClass - Found Element By {by.toString()}
2023-11-29 21:27:47,080 [main] INFO  base.BaseClass - Trying to find Element By {by.toString()})
2023-11-29 21:27:47,103 [main] INFO  base.BaseClass - Found Element By {by.toString()}
2023-11-29 21:27:47,648 [main] INFO  base.BaseClass - Trying to find Element By {by.toString()})
2023-11-29 21:27:47,666 [main] INFO  base.BaseClass - Found Element By {by.toString()}
2023-11-29 21:27:48,193 [main] INFO  base.BaseClass - Trying to find Element By {by.toString()})
2023-11-29 21:27:48,209 [main] INFO  base.BaseClass - Found Element By {by.toString()}
2023-11-29 21:27:48,735 [main] INFO  base.BaseClass - Trying to find Element By {by.toString()})
2023-11-29 21:27:48,755 [main] INFO  base.BaseClass - Found Element By {by.toString()}
2023-11-29 21:27:49,278 [main] INFO  base.BaseClass - Trying to find Element By {by.toString()})
2023-11-29 21:27:49,292 [main] INFO  base.BaseClass - Found Element By {by.toString()}
2023-11-29 21:27:49,826 [main] INFO  base.BaseClass - Trying to find Element By {by.toString()})
2023-11-29 21:27:49,836 [main] INFO  base.BaseClass - Found Element By {by.toString()}
2023-11-29 21:27:50,350 [main] INFO  base.BaseClass - Trying to find Element By {by.toString()})
2023-11-29 21:27:50,367 [main] INFO  base.BaseClass - Found Element By {by.toString()}
2023-11-29 21:27:50,905 [main] INFO  base.BaseClass - Trying to find Element By {by.toString()})
2023-11-29 21:27:50,913 [main] INFO  base.BaseClass - Found Element By {by.toString()}
2023-11-29 21:27:51,435 [main] INFO  base.BaseClass - Trying to find Element By {by.toString()})
2023-11-29 21:27:51,458 [main] INFO  base.BaseClass - Found Element By {by.toString()}
2023-11-29 21:27:51,992 [main] INFO  base.BaseClass - Trying to find Element By {by.toString()})
2023-11-29 21:27:52,011 [main] INFO  base.BaseClass - Found Element By {by.toString()}
2023-11-29 21:27:52,531 [main] INFO  base.BaseClass - Trying to find Element By {by.toString()})
2023-11-29 21:27:52,540 [main] INFO  base.BaseClass - Found Element By {by.toString()}
2023-11-29 21:27:53,058 [main] INFO  base.BaseClass - Trying to find Element By {by.toString()})
2023-11-29 21:27:53,067 [main] INFO  base.BaseClass - Found Element By {by.toString()}
2023-11-29 21:27:53,587 [main] INFO  base.BaseClass - Trying to find Element By {by.toString()})
2023-11-29 21:27:53,595 [main] INFO  base.BaseClass - Found Element By {by.toString()}
2023-11-29 21:27:54,115 [main] INFO  base.BaseClass - Trying to find Element By {by.toString()})
2023-11-29 21:27:54,129 [main] INFO  base.BaseClass - Found Element By {by.toString()}
2023-11-29 21:27:54,658 [main] INFO  base.BaseClass - Trying to find Element By {by.toString()})
2023-11-29 21:27:54,677 [main] INFO  base.BaseClass - Found Element By {by.toString()}
2023-11-29 21:27:55,199 [main] INFO  base.BaseClass - Trying to find Element By {by.toString()})
2023-11-29 21:27:55,218 [main] INFO  base.BaseClass - Found Element By {by.toString()}
2023-11-29 21:27:55,756 [main] INFO  base.BaseClass - Trying to find Element By {by.toString()})
2023-11-29 21:27:55,767 [main] INFO  base.BaseClass - Found Element By {by.toString()}
2023-11-29 21:27:56,298 [main] INFO  base.BaseClass - Trying to find Element By {by.toString()})
2023-11-29 21:27:56,318 [main] INFO  base.BaseClass - Found Element By {by.toString()}
2023-11-29 21:27:56,858 [main] INFO  base.BaseClass - Trying to find Element By {by.toString()})
2023-11-29 21:27:57,558 [main] INFO  base.BaseClass - Found Element By {by.toString()}
TimeoutException occurred: Expected condition failed: waiting for helper.WaitUtility$5@2b8cf049 (tried for 30 second(s) with 500 milliseconds interval)
Build info: version: '3.141.59', revision: 'e82be7d358', time: '2018-11-14T08:17:03'
System info: host: 'DPLAP166', ip: '137.237.3.153', os.name: 'Windows 10', os.arch: 'amd64', os.version: '10.0', java.version: '19.0.1'
Driver info: org.openqa.selenium.support.events.EventFiringWebDriver
Capabilities {acceptInsecureCerts: true, browserName: chrome, browserVersion: 119.0.6045.200, chrome: {chromedriverVersion: 119.0.6045.105 (38c72552c5e..., userDataDir: C:\Users\dP-PL\AppData\Loca...}, fedcm:accounts: true, goog:chromeOptions: {debuggerAddress: localhost:50091}, javascriptEnabled: true, networkConnectionEnabled: false, pageLoadStrategy: normal, platform: WINDOWS, platformName: WINDOWS, proxy: Proxy(), setWindowRect: true, strictFileInteractability: false, timeouts: {implicit: 0, pageLoad: 300000, script: 30000}, unhandledPromptBehavior: dismiss and notify, webauthn:extension:credBlob: true, webauthn:extension:largeBlob: true, webauthn:extension:minPinLength: true, webauthn:extension:prf: true, webauthn:virtualAuthenticators: true}
Session ID: 694c67e2b41bbee132cbcacd5abe9663
2023-11-29 21:27:57,576 [main] ERROR XGLT_15177_Test - Element did not become visible within the specified time: Expected condition failed: waiting for helper.WaitUtility$5@2b8cf049 (tried for 30 second(s) with 500 milliseconds interval)
Build info: version: '3.141.59', revision: 'e82be7d358', time: '2018-11-14T08:17:03'
System info: host: 'DPLAP166', ip: '137.237.3.153', os.name: 'Windows 10', os.arch: 'amd64', os.version: '10.0', java.version: '19.0.1'
Driver info: org.openqa.selenium.support.events.EventFiringWebDriver
Capabilities {acceptInsecureCerts: true, browserName: chrome, browserVersion: 119.0.6045.200, chrome: {chromedriverVersion: 119.0.6045.105 (38c72552c5e..., userDataDir: C:\Users\dP-PL\AppData\Loca...}, fedcm:accounts: true, goog:chromeOptions: {debuggerAddress: localhost:50091}, javascriptEnabled: true, networkConnectionEnabled: false, pageLoadStrategy: normal, platform: WINDOWS, platformName: WINDOWS, proxy: Proxy(), setWindowRect: true, strictFileInteractability: false, timeouts: {implicit: 0, pageLoad: 300000, script: 30000}, unhandledPromptBehavior: dismiss and notify, webauthn:extension:credBlob: true, webauthn:extension:largeBlob: true, webauthn:extension:minPinLength: true, webauthn:extension:prf: true, webauthn:virtualAuthenticators: true}
Session ID: 694c67e2b41bbee132cbcacd5abe9663
2023-11-29 21:27:57,577 [main] INFO  base.BaseClass - Trying to find Element By {by.toString()})
2023-11-29 21:27:57,586 [main] INFO  base.BaseClass - Found Element By {by.toString()}
2023-11-29 21:27:57,586 [main] INFO  base.BaseClass - Trying to click on: {element.toString()}
2023-11-29 21:27:57,720 [main] INFO  base.BaseClass - Clicked on: {element.toString()}
2023-11-29 21:27:57,720 [main] INFO  base.BaseClass - Trying to find Element By {by.toString()})
2023-11-29 21:27:57,737 [main] INFO  base.BaseClass - Found Element By {by.toString()}
2023-11-29 21:27:58,253 [main] INFO  base.BaseClass - Trying to find Element By {by.toString()})
2023-11-29 21:27:58,293 [main] INFO  base.BaseClass - Found Element By {by.toString()}
2023-11-29 21:27:58,822 [main] INFO  base.BaseClass - Trying to find Element By {by.toString()})
2023-11-29 21:27:58,846 [main] INFO  base.BaseClass - Found Element By {by.toString()}
2023-11-29 21:27:59,380 [main] INFO  base.BaseClass - Trying to find Element By {by.toString()})
2023-11-29 21:27:59,402 [main] INFO  base.BaseClass - Found Element By {by.toString()}
2023-11-29 21:27:59,925 [main] INFO  base.BaseClass - Trying to find Element By {by.toString()})
2023-11-29 21:27:59,947 [main] INFO  base.BaseClass - Found Element By {by.toString()}
2023-11-29 21:28:00,466 [main] INFO  base.BaseClass - Trying to find Element By {by.toString()})
2023-11-29 21:28:00,485 [main] INFO  base.BaseClass - Found Element By {by.toString()}
2023-11-29 21:28:01,009 [main] INFO  base.BaseClass - Trying to find Element By {by.toString()})
2023-11-29 21:28:01,029 [main] INFO  base.BaseClass - Found Element By {by.toString()}
2023-11-29 21:28:01,553 [main] INFO  base.BaseClass - Trying to find Element By {by.toString()})
2023-11-29 21:28:01,579 [main] INFO  base.BaseClass - Found Element By {by.toString()}
2023-11-29 21:28:02,106 [main] INFO  base.BaseClass - Trying to find Element By {by.toString()})
2023-11-29 21:28:02,141 [main] INFO  base.BaseClass - Found Element By {by.toString()}
2023-11-29 21:28:02,663 [main] INFO  base.BaseClass - Trying to find Element By {by.toString()})
2023-11-29 21:28:02,675 [main] INFO  base.BaseClass - Found Element By {by.toString()}
2023-11-29 21:28:03,208 [main] INFO  base.BaseClass - Trying to find Element By {by.toString()})
2023-11-29 21:28:03,225 [main] INFO  base.BaseClass - Found Element By {by.toString()}
2023-11-29 21:28:03,764 [main] INFO  base.BaseClass - Trying to find Element By {by.toString()})
2023-11-29 21:28:03,786 [main] INFO  base.BaseClass - Found Element By {by.toString()}
2023-11-29 21:28:04,307 [main] INFO  base.BaseClass - Trying to find Element By {by.toString()})
2023-11-29 21:28:04,332 [main] INFO  base.BaseClass - Found Element By {by.toString()}
2023-11-29 21:28:04,853 [main] INFO  base.BaseClass - Trying to find Element By {by.toString()})
2023-11-29 21:28:04,875 [main] INFO  base.BaseClass - Found Element By {by.toString()}
2023-11-29 21:28:05,397 [main] INFO  base.BaseClass - Trying to find Element By {by.toString()})
2023-11-29 21:28:05,419 [main] INFO  base.BaseClass - Found Element By {by.toString()}
2023-11-29 21:28:05,955 [main] INFO  base.BaseClass - Trying to find Element By {by.toString()})
2023-11-29 21:28:05,982 [main] INFO  base.BaseClass - Found Element By {by.toString()}
2023-11-29 21:28:06,513 [main] INFO  base.BaseClass - Trying to find Element By {by.toString()})
2023-11-29 21:28:06,541 [main] INFO  base.BaseClass - Found Element By {by.toString()}
2023-11-29 21:28:07,071 [main] INFO  base.BaseClass - Trying to find Element By {by.toString()})
2023-11-29 21:28:07,096 [main] INFO  base.BaseClass - Found Element By {by.toString()}
2023-11-29 21:28:07,627 [main] INFO  base.BaseClass - Trying to find Element By {by.toString()})
2023-11-29 21:28:07,965 [main] INFO  base.BaseClass - Found Element By {by.toString()}
2023-11-29 21:28:08,497 [main] INFO  base.BaseClass - Trying to find Element By {by.toString()})
2023-11-29 21:28:08,524 [main] INFO  base.BaseClass - Found Element By {by.toString()}
2023-11-29 21:28:09,055 [main] INFO  base.BaseClass - Trying to find Element By {by.toString()})
2023-11-29 21:28:09,082 [main] INFO  base.BaseClass - Found Element By {by.toString()}
2023-11-29 21:28:09,610 [main] INFO  base.BaseClass - Trying to find Element By {by.toString()})
2023-11-29 21:28:09,635 [main] INFO  base.BaseClass - Found Element By {by.toString()}
2023-11-29 21:28:10,170 [main] INFO  base.BaseClass - Trying to find Element By {by.toString()})
2023-11-29 21:28:10,194 [main] INFO  base.BaseClass - Found Element By {by.toString()}
2023-11-29 21:28:10,725 [main] INFO  base.BaseClass - Trying to find Element By {by.toString()})
2023-11-29 21:28:10,745 [main] INFO  base.BaseClass - Found Element By {by.toString()}
2023-11-29 21:28:11,271 [main] INFO  base.BaseClass - Trying to find Element By {by.toString()})
2023-11-29 21:28:11,282 [main] INFO  base.BaseClass - Found Element By {by.toString()}
2023-11-29 21:28:11,813 [main] INFO  base.BaseClass - Trying to find Element By {by.toString()})
2023-11-29 21:28:11,834 [main] INFO  base.BaseClass - Found Element By {by.toString()}
2023-11-29 21:28:12,359 [main] INFO  base.BaseClass - Trying to find Element By {by.toString()})
2023-11-29 21:28:12,379 [main] INFO  base.BaseClass - Found Element By {by.toString()}
2023-11-29 21:28:12,916 [main] INFO  base.BaseClass - Trying to find Element By {by.toString()})
2023-11-29 21:28:12,932 [main] INFO  base.BaseClass - Found Element By {by.toString()}
2023-11-29 21:28:13,460 [main] INFO  base.BaseClass - Trying to find Element By {by.toString()})
2023-11-29 21:28:13,485 [main] INFO  base.BaseClass - Found Element By {by.toString()}
2023-11-29 21:28:14,028 [main] INFO  base.BaseClass - Trying to find Element By {by.toString()})
2023-11-29 21:28:14,045 [main] INFO  base.BaseClass - Found Element By {by.toString()}
2023-11-29 21:28:14,573 [main] INFO  base.BaseClass - Trying to find Element By {by.toString()})
2023-11-29 21:28:14,589 [main] INFO  base.BaseClass - Found Element By {by.toString()}
2023-11-29 21:28:15,115 [main] INFO  base.BaseClass - Trying to find Element By {by.toString()})
2023-11-29 21:28:15,140 [main] INFO  base.BaseClass - Found Element By {by.toString()}
2023-11-29 21:28:15,672 [main] INFO  base.BaseClass - Trying to find Element By {by.toString()})
2023-11-29 21:28:15,695 [main] INFO  base.BaseClass - Found Element By {by.toString()}
2023-11-29 21:28:16,226 [main] INFO  base.BaseClass - Trying to find Element By {by.toString()})
2023-11-29 21:28:16,249 [main] INFO  base.BaseClass - Found Element By {by.toString()}
2023-11-29 21:28:16,770 [main] INFO  base.BaseClass - Trying to find Element By {by.toString()})
2023-11-29 21:28:16,790 [main] INFO  base.BaseClass - Found Element By {by.toString()}
2023-11-29 21:28:17,325 [main] INFO  base.BaseClass - Trying to find Element By {by.toString()})
2023-11-29 21:28:17,346 [main] INFO  base.BaseClass - Found Element By {by.toString()}
2023-11-29 21:28:17,867 [main] INFO  base.BaseClass - Trying to find Element By {by.toString()})
2023-11-29 21:28:17,880 [main] INFO  base.BaseClass - Found Element By {by.toString()}
2023-11-29 21:28:18,410 [main] INFO  base.BaseClass - Trying to find Element By {by.toString()})
2023-11-29 21:28:18,426 [main] INFO  base.BaseClass - Found Element By {by.toString()}
2023-11-29 21:28:18,960 [main] INFO  base.BaseClass - Trying to find Element By {by.toString()})
2023-11-29 21:28:18,975 [main] INFO  base.BaseClass - Found Element By {by.toString()}
2023-11-29 21:28:19,505 [main] INFO  base.BaseClass - Trying to find Element By {by.toString()})
2023-11-29 21:28:19,524 [main] INFO  base.BaseClass - Found Element By {by.toString()}
2023-11-29 21:28:20,063 [main] INFO  base.BaseClass - Trying to find Element By {by.toString()})
2023-11-29 21:28:20,089 [main] INFO  base.BaseClass - Found Element By {by.toString()}
2023-11-29 21:28:20,623 [main] INFO  base.BaseClass - Trying to find Element By {by.toString()})
2023-11-29 21:28:20,637 [main] INFO  base.BaseClass - Found Element By {by.toString()}
2023-11-29 21:28:21,166 [main] INFO  base.BaseClass - Trying to find Element By {by.toString()})
2023-11-29 21:28:21,178 [main] INFO  base.BaseClass - Found Element By {by.toString()}
2023-11-29 21:28:21,696 [main] INFO  base.BaseClass - Trying to find Element By {by.toString()})
2023-11-29 21:28:21,716 [main] INFO  base.BaseClass - Found Element By {by.toString()}
2023-11-29 21:28:22,237 [main] INFO  base.BaseClass - Trying to find Element By {by.toString()})
2023-11-29 21:28:22,255 [main] INFO  base.BaseClass - Found Element By {by.toString()}
2023-11-29 21:28:22,778 [main] INFO  base.BaseClass - Trying to find Element By {by.toString()})
2023-11-29 21:28:22,800 [main] INFO  base.BaseClass - Found Element By {by.toString()}
2023-11-29 21:28:23,323 [main] INFO  base.BaseClass - Trying to find Element By {by.toString()})
2023-11-29 21:28:23,347 [main] INFO  base.BaseClass - Found Element By {by.toString()}
2023-11-29 21:28:23,881 [main] INFO  base.BaseClass - Trying to find Element By {by.toString()})
2023-11-29 21:28:23,895 [main] INFO  base.BaseClass - Found Element By {by.toString()}
2023-11-29 21:28:24,423 [main] INFO  base.BaseClass - Trying to find Element By {by.toString()})
2023-11-29 21:28:24,446 [main] INFO  base.BaseClass - Found Element By {by.toString()}
2023-11-29 21:28:24,982 [main] INFO  base.BaseClass - Trying to find Element By {by.toString()})
2023-11-29 21:28:25,002 [main] INFO  base.BaseClass - Found Element By {by.toString()}
2023-11-29 21:28:25,541 [main] INFO  base.BaseClass - Trying to find Element By {by.toString()})
2023-11-29 21:28:25,565 [main] INFO  base.BaseClass - Found Element By {by.toString()}
2023-11-29 21:28:26,084 [main] INFO  base.BaseClass - Trying to find Element By {by.toString()})
2023-11-29 21:28:26,097 [main] INFO  base.BaseClass - Found Element By {by.toString()}
2023-11-29 21:28:26,627 [main] INFO  base.BaseClass - Trying to find Element By {by.toString()})
2023-11-29 21:28:26,641 [main] INFO  base.BaseClass - Found Element By {by.toString()}
2023-11-29 21:28:27,169 [main] INFO  base.BaseClass - Trying to find Element By {by.toString()})
2023-11-29 21:28:27,181 [main] INFO  base.BaseClass - Found Element By {by.toString()}
2023-11-29 21:28:27,710 [main] INFO  base.BaseClass - Trying to find Element By {by.toString()})
2023-11-29 21:28:27,723 [main] INFO  base.BaseClass - Found Element By {by.toString()}
TimeoutException occurred: Expected condition failed: waiting for helper.WaitUtility$5@3a13f663 (tried for 30 second(s) with 500 milliseconds interval)
Build info: version: '3.141.59', revision: 'e82be7d358', time: '2018-11-14T08:17:03'
System info: host: 'DPLAP166', ip: '137.237.3.153', os.name: 'Windows 10', os.arch: 'amd64', os.version: '10.0', java.version: '19.0.1'
Driver info: org.openqa.selenium.support.events.EventFiringWebDriver
Capabilities {acceptInsecureCerts: true, browserName: chrome, browserVersion: 119.0.6045.200, chrome: {chromedriverVersion: 119.0.6045.105 (38c72552c5e..., userDataDir: C:\Users\dP-PL\AppData\Loca...}, fedcm:accounts: true, goog:chromeOptions: {debuggerAddress: localhost:50091}, javascriptEnabled: true, networkConnectionEnabled: false, pageLoadStrategy: normal, platform: WINDOWS, platformName: WINDOWS, proxy: Proxy(), setWindowRect: true, strictFileInteractability: false, timeouts: {implicit: 0, pageLoad: 300000, script: 30000}, unhandledPromptBehavior: dismiss and notify, webauthn:extension:credBlob: true, webauthn:extension:largeBlob: true, webauthn:extension:minPinLength: true, webauthn:extension:prf: true, webauthn:virtualAuthenticators: true}
Session ID: 694c67e2b41bbee132cbcacd5abe9663
2023-11-29 21:28:27,743 [main] ERROR XGLT_15177_Test - Element did not become visible within the specified time: Expected condition failed: waiting for helper.WaitUtility$5@3a13f663 (tried for 30 second(s) with 500 milliseconds interval)
Build info: version: '3.141.59', revision: 'e82be7d358', time: '2018-11-14T08:17:03'
System info: host: 'DPLAP166', ip: '137.237.3.153', os.name: 'Windows 10', os.arch: 'amd64', os.version: '10.0', java.version: '19.0.1'
Driver info: org.openqa.selenium.support.events.EventFiringWebDriver
Capabilities {acceptInsecureCerts: true, browserName: chrome, browserVersion: 119.0.6045.200, chrome: {chromedriverVersion: 119.0.6045.105 (38c72552c5e..., userDataDir: C:\Users\dP-PL\AppData\Loca...}, fedcm:accounts: true, goog:chromeOptions: {debuggerAddress: localhost:50091}, javascriptEnabled: true, networkConnectionEnabled: false, pageLoadStrategy: normal, platform: WINDOWS, platformName: WINDOWS, proxy: Proxy(), setWindowRect: true, strictFileInteractability: false, timeouts: {implicit: 0, pageLoad: 300000, script: 30000}, unhandledPromptBehavior: dismiss and notify, webauthn:extension:credBlob: true, webauthn:extension:largeBlob: true, webauthn:extension:minPinLength: true, webauthn:extension:prf: true, webauthn:virtualAuthenticators: true}
Session ID: 694c67e2b41bbee132cbcacd5abe9663
2023-11-29 21:28:27,743 [main] INFO  base.BaseClass - Trying to find Element By {by.toString()})
2023-11-29 21:28:27,755 [main] INFO  base.BaseClass - Found Element By {by.toString()}
2023-11-29 21:28:27,755 [main] INFO  base.BaseClass - Trying to click on: {element.toString()}
2023-11-29 21:28:27,872 [main] INFO  base.BaseClass - Clicked on: {element.toString()}
2023-11-29 21:28:27,872 [main] INFO  base.BaseClass - Trying to find Element By {by.toString()})
2023-11-29 21:28:27,891 [main] INFO  base.BaseClass - Found Element By {by.toString()}
2023-11-29 21:28:28,420 [main] INFO  base.BaseClass - Trying to find Element By {by.toString()})
2023-11-29 21:28:28,468 [main] INFO  base.BaseClass - Found Element By {by.toString()}
2023-11-29 21:28:28,996 [main] INFO  base.BaseClass - Trying to find Element By {by.toString()})
2023-11-29 21:28:29,014 [main] INFO  base.BaseClass - Found Element By {by.toString()}
2023-11-29 21:28:29,541 [main] INFO  base.BaseClass - Trying to find Element By {by.toString()})
2023-11-29 21:28:29,560 [main] INFO  base.BaseClass - Found Element By {by.toString()}
2023-11-29 21:28:30,096 [main] INFO  base.BaseClass - Trying to find Element By {by.toString()})
2023-11-29 21:28:30,113 [main] INFO  base.BaseClass - Found Element By {by.toString()}
2023-11-29 21:28:30,653 [main] INFO  base.BaseClass - Trying to find Element By {by.toString()})
2023-11-29 21:28:30,672 [main] INFO  base.BaseClass - Found Element By {by.toString()}
2023-11-29 21:28:31,214 [main] INFO  base.BaseClass - Trying to find Element By {by.toString()})
2023-11-29 21:28:31,227 [main] INFO  base.BaseClass - Found Element By {by.toString()}
2023-11-29 21:28:31,753 [main] INFO  base.BaseClass - Trying to find Element By {by.toString()})
2023-11-29 21:28:31,774 [main] INFO  base.BaseClass - Found Element By {by.toString()}
2023-11-29 21:28:32,294 [main] INFO  base.BaseClass - Trying to find Element By {by.toString()})
2023-11-29 21:28:32,322 [main] INFO  base.BaseClass - Found Element By {by.toString()}
2023-11-29 21:28:32,851 [main] INFO  base.BaseClass - Trying to find Element By {by.toString()})
2023-11-29 21:28:32,874 [main] INFO  base.BaseClass - Found Element By {by.toString()}
2023-11-29 21:28:33,393 [main] INFO  base.BaseClass - Trying to find Element By {by.toString()})
2023-11-29 21:28:33,415 [main] INFO  base.BaseClass - Found Element By {by.toString()}
2023-11-29 21:28:33,937 [main] INFO  base.BaseClass - Trying to find Element By {by.toString()})
2023-11-29 21:28:33,958 [main] INFO  base.BaseClass - Found Element By {by.toString()}
2023-11-29 21:28:34,481 [main] INFO  base.BaseClass - Trying to find Element By {by.toString()})
2023-11-29 21:28:34,502 [main] INFO  base.BaseClass - Found Element By {by.toString()}
2023-11-29 21:28:35,039 [main] INFO  base.BaseClass - Trying to find Element By {by.toString()})
2023-11-29 21:28:35,049 [main] INFO  base.BaseClass - Found Element By {by.toString()}
2023-11-29 21:28:35,566 [main] INFO  base.BaseClass - Trying to find Element By {by.toString()})
2023-11-29 21:28:35,590 [main] INFO  base.BaseClass - Found Element By {by.toString()}
2023-11-29 21:28:36,120 [main] INFO  base.BaseClass - Trying to find Element By {by.toString()})
2023-11-29 21:28:36,140 [main] INFO  base.BaseClass - Found Element By {by.toString()}
2023-11-29 21:28:36,660 [main] INFO  base.BaseClass - Trying to find Element By {by.toString()})
2023-11-29 21:28:36,682 [main] INFO  base.BaseClass - Found Element By {by.toString()}
2023-11-29 21:28:37,204 [main] INFO  base.BaseClass - Trying to find Element By {by.toString()})
2023-11-29 21:28:37,218 [main] INFO  base.BaseClass - Found Element By {by.toString()}
2023-11-29 21:28:37,748 [main] INFO  base.BaseClass - Trying to find Element By {by.toString()})
2023-11-29 21:28:37,774 [main] INFO  base.BaseClass - Found Element By {by.toString()}
2023-11-29 21:28:38,296 [main] INFO  base.BaseClass - Trying to find Element By {by.toString()})
2023-11-29 21:28:38,324 [main] INFO  base.BaseClass - Found Element By {by.toString()}
2023-11-29 21:28:38,853 [main] INFO  base.BaseClass - Trying to find Element By {by.toString()})
2023-11-29 21:28:38,876 [main] INFO  base.BaseClass - Found Element By {by.toString()}
2023-11-29 21:28:39,396 [main] INFO  base.BaseClass - Trying to find Element By {by.toString()})
2023-11-29 21:28:39,419 [main] INFO  base.BaseClass - Found Element By {by.toString()}
2023-11-29 21:28:39,953 [main] INFO  base.BaseClass - Trying to find Element By {by.toString()})
2023-11-29 21:28:39,980 [main] INFO  base.BaseClass - Found Element By {by.toString()}
2023-11-29 21:28:40,513 [main] INFO  base.BaseClass - Trying to find Element By {by.toString()})
2023-11-29 21:28:40,539 [main] INFO  base.BaseClass - Found Element By {by.toString()}
2023-11-29 21:28:41,072 [main] INFO  base.BaseClass - Trying to find Element By {by.toString()})
2023-11-29 21:28:41,094 [main] INFO  base.BaseClass - Found Element By {by.toString()}
2023-11-29 21:28:41,632 [main] INFO  base.BaseClass - Trying to find Element By {by.toString()})
2023-11-29 21:28:41,653 [main] INFO  base.BaseClass - Found Element By {by.toString()}
2023-11-29 21:28:42,189 [main] INFO  base.BaseClass - Trying to find Element By {by.toString()})
2023-11-29 21:28:42,212 [main] INFO  base.BaseClass - Found Element By {by.toString()}
2023-11-29 21:28:42,751 [main] INFO  base.BaseClass - Trying to find Element By {by.toString()})
2023-11-29 21:28:42,760 [main] INFO  base.BaseClass - Found Element By {by.toString()}
2023-11-29 21:28:43,278 [main] INFO  base.BaseClass - Trying to find Element By {by.toString()})
2023-11-29 21:28:43,298 [main] INFO  base.BaseClass - Found Element By {by.toString()}
2023-11-29 21:28:43,835 [main] INFO  base.BaseClass - Trying to find Element By {by.toString()})
2023-11-29 21:28:43,846 [main] INFO  base.BaseClass - Found Element By {by.toString()}
2023-11-29 21:28:44,374 [main] INFO  base.BaseClass - Trying to find Element By {by.toString()})
2023-11-29 21:28:44,390 [main] INFO  base.BaseClass - Found Element By {by.toString()}
2023-11-29 21:28:44,930 [main] INFO  base.BaseClass - Trying to find Element By {by.toString()})
2023-11-29 21:28:44,954 [main] INFO  base.BaseClass - Found Element By {by.toString()}
2023-11-29 21:28:45,475 [main] INFO  base.BaseClass - Trying to find Element By {by.toString()})
2023-11-29 21:28:45,487 [main] INFO  base.BaseClass - Found Element By {by.toString()}
2023-11-29 21:28:46,014 [main] INFO  base.BaseClass - Trying to find Element By {by.toString()})
2023-11-29 21:28:46,033 [main] INFO  base.BaseClass - Found Element By {by.toString()}
2023-11-29 21:28:46,557 [main] INFO  base.BaseClass - Trying to find Element By {by.toString()})
2023-11-29 21:28:46,582 [main] INFO  base.BaseClass - Found Element By {by.toString()}
2023-11-29 21:28:47,112 [main] INFO  base.BaseClass - Trying to find Element By {by.toString()})
2023-11-29 21:28:47,144 [main] INFO  base.BaseClass - Found Element By {by.toString()}
2023-11-29 21:28:47,671 [main] INFO  base.BaseClass - Trying to find Element By {by.toString()})
2023-11-29 21:28:47,686 [main] INFO  base.BaseClass - Found Element By {by.toString()}
2023-11-29 21:28:48,217 [main] INFO  base.BaseClass - Trying to find Element By {by.toString()})
2023-11-29 21:28:48,246 [main] INFO  base.BaseClass - Found Element By {by.toString()}
2023-11-29 21:28:48,773 [main] INFO  base.BaseClass - Trying to find Element By {by.toString()})
2023-11-29 21:28:48,791 [main] INFO  base.BaseClass - Found Element By {by.toString()}
2023-11-29 21:28:49,315 [main] INFO  base.BaseClass - Trying to find Element By {by.toString()})
2023-11-29 21:28:49,330 [main] INFO  base.BaseClass - Found Element By {by.toString()}
2023-11-29 21:28:49,860 [main] INFO  base.BaseClass - Trying to find Element By {by.toString()})
2023-11-29 21:28:49,886 [main] INFO  base.BaseClass - Found Element By {by.toString()}
2023-11-29 21:28:50,418 [main] INFO  base.BaseClass - Trying to find Element By {by.toString()})
2023-11-29 21:28:50,442 [main] INFO  base.BaseClass - Found Element By {by.toString()}
2023-11-29 21:28:50,976 [main] INFO  base.BaseClass - Trying to find Element By {by.toString()})
2023-11-29 21:28:51,001 [main] INFO  base.BaseClass - Found Element By {by.toString()}
2023-11-29 21:28:51,533 [main] INFO  base.BaseClass - Trying to find Element By {by.toString()})
2023-11-29 21:28:51,560 [main] INFO  base.BaseClass - Found Element By {by.toString()}
2023-11-29 21:28:52,089 [main] INFO  base.BaseClass - Trying to find Element By {by.toString()})
2023-11-29 21:28:52,111 [main] INFO  base.BaseClass - Found Element By {by.toString()}
2023-11-29 21:28:52,636 [main] INFO  base.BaseClass - Trying to find Element By {by.toString()})
2023-11-29 21:28:52,664 [main] INFO  base.BaseClass - Found Element By {by.toString()}
2023-11-29 21:28:53,188 [main] INFO  base.BaseClass - Trying to find Element By {by.toString()})
2023-11-29 21:28:53,205 [main] INFO  base.BaseClass - Found Element By {by.toString()}
2023-11-29 21:28:53,737 [main] INFO  base.BaseClass - Trying to find Element By {by.toString()})
2023-11-29 21:28:53,747 [main] INFO  base.BaseClass - Found Element By {by.toString()}
2023-11-29 21:28:54,268 [main] INFO  base.BaseClass - Trying to find Element By {by.toString()})
2023-11-29 21:28:54,281 [main] INFO  base.BaseClass - Found Element By {by.toString()}
2023-11-29 21:28:54,810 [main] INFO  base.BaseClass - Trying to find Element By {by.toString()})
2023-11-29 21:28:54,835 [main] INFO  base.BaseClass - Found Element By {by.toString()}
2023-11-29 21:28:55,369 [main] INFO  base.BaseClass - Trying to find Element By {by.toString()})
2023-11-29 21:28:55,394 [main] INFO  base.BaseClass - Found Element By {by.toString()}
2023-11-29 21:28:55,916 [main] INFO  base.BaseClass - Trying to find Element By {by.toString()})
2023-11-29 21:28:55,932 [main] INFO  base.BaseClass - Found Element By {by.toString()}
2023-11-29 21:28:56,459 [main] INFO  base.BaseClass - Trying to find Element By {by.toString()})
2023-11-29 21:28:56,471 [main] INFO  base.BaseClass - Found Element By {by.toString()}
2023-11-29 21:28:57,004 [main] INFO  base.BaseClass - Trying to find Element By {by.toString()})
2023-11-29 21:28:57,026 [main] INFO  base.BaseClass - Found Element By {by.toString()}
2023-11-29 21:28:57,560 [main] INFO  base.BaseClass - Trying to find Element By {by.toString()})
2023-11-29 21:28:57,579 [main] INFO  base.BaseClass - Found Element By {by.toString()}
2023-11-29 21:28:58,103 [main] INFO  base.BaseClass - Trying to find Element By {by.toString()})
2023-11-29 21:28:58,117 [main] INFO  base.BaseClass - Found Element By {by.toString()}
TimeoutException occurred: Expected condition failed: waiting for helper.WaitUtility$5@3921e96f (tried for 30 second(s) with 500 milliseconds interval)
Build info: version: '3.141.59', revision: 'e82be7d358', time: '2018-11-14T08:17:03'
System info: host: 'DPLAP166', ip: '137.237.3.153', os.name: 'Windows 10', os.arch: 'amd64', os.version: '10.0', java.version: '19.0.1'
Driver info: org.openqa.selenium.support.events.EventFiringWebDriver
Capabilities {acceptInsecureCerts: true, browserName: chrome, browserVersion: 119.0.6045.200, chrome: {chromedriverVersion: 119.0.6045.105 (38c72552c5e..., userDataDir: C:\Users\dP-PL\AppData\Loca...}, fedcm:accounts: true, goog:chromeOptions: {debuggerAddress: localhost:50091}, javascriptEnabled: true, networkConnectionEnabled: false, pageLoadStrategy: normal, platform: WINDOWS, platformName: WINDOWS, proxy: Proxy(), setWindowRect: true, strictFileInteractability: false, timeouts: {implicit: 0, pageLoad: 300000, script: 30000}, unhandledPromptBehavior: dismiss and notify, webauthn:extension:credBlob: true, webauthn:extension:largeBlob: true, webauthn:extension:minPinLength: true, webauthn:extension:prf: true, webauthn:virtualAuthenticators: true}
Session ID: 694c67e2b41bbee132cbcacd5abe9663
2023-11-29 21:28:58,145 [main] ERROR XGLT_15177_Test - Element did not become visible within the specified time: Expected condition failed: waiting for helper.WaitUtility$5@3921e96f (tried for 30 second(s) with 500 milliseconds interval)
Build info: version: '3.141.59', revision: 'e82be7d358', time: '2018-11-14T08:17:03'
System info: host: 'DPLAP166', ip: '137.237.3.153', os.name: 'Windows 10', os.arch: 'amd64', os.version: '10.0', java.version: '19.0.1'
Driver info: org.openqa.selenium.support.events.EventFiringWebDriver
Capabilities {acceptInsecureCerts: true, browserName: chrome, browserVersion: 119.0.6045.200, chrome: {chromedriverVersion: 119.0.6045.105 (38c72552c5e..., userDataDir: C:\Users\dP-PL\AppData\Loca...}, fedcm:accounts: true, goog:chromeOptions: {debuggerAddress: localhost:50091}, javascriptEnabled: true, networkConnectionEnabled: false, pageLoadStrategy: normal, platform: WINDOWS, platformName: WINDOWS, proxy: Proxy(), setWindowRect: true, strictFileInteractability: false, timeouts: {implicit: 0, pageLoad: 300000, script: 30000}, unhandledPromptBehavior: dismiss and notify, webauthn:extension:credBlob: true, webauthn:extension:largeBlob: true, webauthn:extension:minPinLength: true, webauthn:extension:prf: true, webauthn:virtualAuthenticators: true}
Session ID: 694c67e2b41bbee132cbcacd5abe9663
2023-11-29 21:28:58,146 [main] INFO  base.BaseClass - Trying to find Element By {by.toString()})
2023-11-29 21:28:58,158 [main] INFO  base.BaseClass - Found Element By {by.toString()}
2023-11-29 21:28:58,158 [main] INFO  base.BaseClass - Trying to click on: {element.toString()}
2023-11-29 21:28:58,230 [main] INFO  base.BaseClass - Clicked on: {element.toString()}
2023-11-29 21:28:58,230 [main] INFO  base.BaseClass - Trying to find Element By {by.toString()})
2023-11-29 21:28:58,243 [main] INFO  base.BaseClass - Found Element By {by.toString()}
2023-11-29 21:28:58,757 [main] INFO  base.BaseClass - Trying to find Element By {by.toString()})
2023-11-29 21:28:58,779 [main] INFO  base.BaseClass - Found Element By {by.toString()}
2023-11-29 21:28:59,301 [main] INFO  base.BaseClass - Trying to find Element By {by.toString()})
2023-11-29 21:28:59,325 [main] INFO  base.BaseClass - Found Element By {by.toString()}
2023-11-29 21:28:59,860 [main] INFO  base.BaseClass - Trying to find Element By {by.toString()})
2023-11-29 21:28:59,890 [main] INFO  base.BaseClass - Found Element By {by.toString()}
2023-11-29 21:29:00,419 [main] INFO  base.BaseClass - Trying to find Element By {by.toString()})
2023-11-29 21:29:00,431 [main] INFO  base.BaseClass - Found Element By {by.toString()}
2023-11-29 21:29:00,962 [main] INFO  base.BaseClass - Trying to find Element By {by.toString()})
2023-11-29 21:29:00,990 [main] INFO  base.BaseClass - Found Element By {by.toString()}
2023-11-29 21:29:01,521 [main] INFO  base.BaseClass - Trying to find Element By {by.toString()})
2023-11-29 21:29:01,532 [main] INFO  base.BaseClass - Found Element By {by.toString()}
2023-11-29 21:29:02,049 [main] INFO  base.BaseClass - Trying to find Element By {by.toString()})
2023-11-29 21:29:02,063 [main] INFO  base.BaseClass - Found Element By {by.toString()}
2023-11-29 21:29:02,590 [main] INFO  base.BaseClass - Trying to find Element By {by.toString()})
2023-11-29 21:29:02,601 [main] INFO  base.BaseClass - Found Element By {by.toString()}
2023-11-29 21:29:03,134 [main] INFO  base.BaseClass - Trying to find Element By {by.toString()})
2023-11-29 21:29:03,148 [main] INFO  base.BaseClass - Found Element By {by.toString()}
2023-11-29 21:29:03,676 [main] INFO  base.BaseClass - Trying to find Element By {by.toString()})
2023-11-29 21:29:03,690 [main] INFO  base.BaseClass - Found Element By {by.toString()}
2023-11-29 21:29:04,216 [main] INFO  base.BaseClass - Trying to find Element By {by.toString()})
2023-11-29 21:29:04,239 [main] INFO  base.BaseClass - Found Element By {by.toString()}
2023-11-29 21:29:04,772 [main] INFO  base.BaseClass - Trying to find Element By {by.toString()})
2023-11-29 21:29:04,792 [main] INFO  base.BaseClass - Found Element By {by.toString()}
2023-11-29 21:29:05,313 [main] INFO  base.BaseClass - Trying to find Element By {by.toString()})
2023-11-29 21:29:05,331 [main] INFO  base.BaseClass - Found Element By {by.toString()}
2023-11-29 21:29:05,854 [main] INFO  base.BaseClass - Trying to find Element By {by.toString()})
2023-11-29 21:29:05,869 [main] INFO  base.BaseClass - Found Element By {by.toString()}
2023-11-29 21:29:06,399 [main] INFO  base.BaseClass - Trying to find Element By {by.toString()})
2023-11-29 21:29:06,418 [main] INFO  base.BaseClass - Found Element By {by.toString()}
2023-11-29 21:29:06,940 [main] INFO  base.BaseClass - Trying to find Element By {by.toString()})
2023-11-29 21:29:06,961 [main] INFO  base.BaseClass - Found Element By {by.toString()}
2023-11-29 21:29:07,496 [main] INFO  base.BaseClass - Trying to find Element By {by.toString()})
2023-11-29 21:29:07,513 [main] INFO  base.BaseClass - Found Element By {by.toString()}
2023-11-29 21:29:08,045 [main] INFO  base.BaseClass - Trying to find Element By {by.toString()})
2023-11-29 21:29:08,068 [main] INFO  base.BaseClass - Found Element By {by.toString()}
2023-11-29 21:29:08,587 [main] INFO  base.BaseClass - Trying to find Element By {by.toString()})
2023-11-29 21:29:08,609 [main] INFO  base.BaseClass - Found Element By {by.toString()}
2023-11-29 21:29:09,147 [main] INFO  base.BaseClass - Trying to find Element By {by.toString()})
2023-11-29 21:29:09,157 [main] INFO  base.BaseClass - Found Element By {by.toString()}
2023-11-29 21:29:09,676 [main] INFO  base.BaseClass - Trying to find Element By {by.toString()})
2023-11-29 21:29:09,688 [main] INFO  base.BaseClass - Found Element By {by.toString()}
2023-11-29 21:29:10,206 [main] INFO  base.BaseClass - Trying to find Element By {by.toString()})
2023-11-29 21:29:10,218 [main] INFO  base.BaseClass - Found Element By {by.toString()}
2023-11-29 21:29:10,756 [main] INFO  base.BaseClass - Trying to find Element By {by.toString()})
2023-11-29 21:29:10,873 [main] INFO  base.BaseClass - Found Element By {by.toString()}
2023-11-29 21:29:11,456 [main] INFO  base.BaseClass - Trying to find Element By {by.toString()})
2023-11-29 21:29:11,475 [main] INFO  base.BaseClass - Found Element By {by.toString()}
2023-11-29 21:29:12,001 [main] INFO  base.BaseClass - Trying to find Element By {by.toString()})
2023-11-29 21:29:12,028 [main] INFO  base.BaseClass - Found Element By {by.toString()}
2023-11-29 21:29:12,557 [main] INFO  base.BaseClass - Trying to find Element By {by.toString()})
2023-11-29 21:29:12,582 [main] INFO  base.BaseClass - Found Element By {by.toString()}
2023-11-29 21:29:13,098 [main] INFO  base.BaseClass - Trying to find Element By {by.toString()})
2023-11-29 21:29:13,125 [main] INFO  base.BaseClass - Found Element By {by.toString()}
2023-11-29 21:29:13,653 [main] INFO  base.BaseClass - Trying to find Element By {by.toString()})
2023-11-29 21:29:13,674 [main] INFO  base.BaseClass - Found Element By {by.toString()}
2023-11-29 21:29:14,215 [main] INFO  base.BaseClass - Trying to find Element By {by.toString()})
2023-11-29 21:29:14,234 [main] INFO  base.BaseClass - Found Element By {by.toString()}
2023-11-29 21:29:14,758 [main] INFO  base.BaseClass - Trying to find Element By {by.toString()})
2023-11-29 21:29:14,778 [main] INFO  base.BaseClass - Found Element By {by.toString()}
2023-11-29 21:29:15,297 [main] INFO  base.BaseClass - Trying to find Element By {by.toString()})
2023-11-29 21:29:15,327 [main] INFO  base.BaseClass - Found Element By {by.toString()}
2023-11-29 21:29:15,859 [main] INFO  base.BaseClass - Trying to find Element By {by.toString()})
2023-11-29 21:29:15,888 [main] INFO  base.BaseClass - Found Element By {by.toString()}
2023-11-29 21:29:16,422 [main] INFO  base.BaseClass - Trying to find Element By {by.toString()})
2023-11-29 21:29:16,434 [main] INFO  base.BaseClass - Found Element By {by.toString()}
2023-11-29 21:29:16,952 [main] INFO  base.BaseClass - Trying to find Element By {by.toString()})
2023-11-29 21:29:16,964 [main] INFO  base.BaseClass - Found Element By {by.toString()}
2023-11-29 21:29:17,490 [main] INFO  base.BaseClass - Trying to find Element By {by.toString()})
2023-11-29 21:29:17,506 [main] INFO  base.BaseClass - Found Element By {by.toString()}
2023-11-29 21:29:18,032 [main] INFO  base.BaseClass - Trying to find Element By {by.toString()})
2023-11-29 21:29:18,053 [main] INFO  base.BaseClass - Found Element By {by.toString()}
2023-11-29 21:29:18,575 [main] INFO  base.BaseClass - Trying to find Element By {by.toString()})
2023-11-29 21:29:18,588 [main] INFO  base.BaseClass - Found Element By {by.toString()}
2023-11-29 21:29:19,115 [main] INFO  base.BaseClass - Trying to find Element By {by.toString()})
2023-11-29 21:29:19,144 [main] INFO  base.BaseClass - Found Element By {by.toString()}
2023-11-29 21:29:19,674 [main] INFO  base.BaseClass - Trying to find Element By {by.toString()})
2023-11-29 21:29:19,685 [main] INFO  base.BaseClass - Found Element By {by.toString()}
2023-11-29 21:29:20,203 [main] INFO  base.BaseClass - Trying to find Element By {by.toString()})
2023-11-29 21:29:20,213 [main] INFO  base.BaseClass - Found Element By {by.toString()}
2023-11-29 21:29:20,731 [main] INFO  base.BaseClass - Trying to find Element By {by.toString()})
2023-11-29 21:29:20,745 [main] INFO  base.BaseClass - Found Element By {by.toString()}
2023-11-29 21:29:21,274 [main] INFO  base.BaseClass - Trying to find Element By {by.toString()})
2023-11-29 21:29:21,293 [main] INFO  base.BaseClass - Found Element By {by.toString()}
2023-11-29 21:29:21,816 [main] INFO  base.BaseClass - Trying to find Element By {by.toString()})
2023-11-29 21:29:21,829 [main] INFO  base.BaseClass - Found Element By {by.toString()}
2023-11-29 21:29:22,360 [main] INFO  base.BaseClass - Trying to find Element By {by.toString()})
2023-11-29 21:29:22,378 [main] INFO  base.BaseClass - Found Element By {by.toString()}
2023-11-29 21:29:22,915 [main] INFO  base.BaseClass - Trying to find Element By {by.toString()})
2023-11-29 21:29:22,934 [main] INFO  base.BaseClass - Found Element By {by.toString()}
2023-11-29 21:29:23,474 [main] INFO  base.BaseClass - Trying to find Element By {by.toString()})
2023-11-29 21:29:23,497 [main] INFO  base.BaseClass - Found Element By {by.toString()}
2023-11-29 21:29:24,029 [main] INFO  base.BaseClass - Trying to find Element By {by.toString()})
2023-11-29 21:29:24,047 [main] INFO  base.BaseClass - Found Element By {by.toString()}
2023-11-29 21:29:24,585 [main] INFO  base.BaseClass - Trying to find Element By {by.toString()})
2023-11-29 21:29:24,606 [main] INFO  base.BaseClass - Found Element By {by.toString()}
2023-11-29 21:29:25,127 [main] INFO  base.BaseClass - Trying to find Element By {by.toString()})
2023-11-29 21:29:25,144 [main] INFO  base.BaseClass - Found Element By {by.toString()}
2023-11-29 21:29:25,668 [main] INFO  base.BaseClass - Trying to find Element By {by.toString()})
2023-11-29 21:29:25,689 [main] INFO  base.BaseClass - Found Element By {by.toString()}
2023-11-29 21:29:26,227 [main] INFO  base.BaseClass - Trying to find Element By {by.toString()})
2023-11-29 21:29:26,247 [main] INFO  base.BaseClass - Found Element By {by.toString()}
2023-11-29 21:29:26,782 [main] INFO  base.BaseClass - Trying to find Element By {by.toString()})
2023-11-29 21:29:26,802 [main] INFO  base.BaseClass - Found Element By {by.toString()}
2023-11-29 21:29:27,324 [main] INFO  base.BaseClass - Trying to find Element By {by.toString()})
2023-11-29 21:29:27,348 [main] INFO  base.BaseClass - Found Element By {by.toString()}
2023-11-29 21:29:27,882 [main] INFO  base.BaseClass - Trying to find Element By {by.toString()})
2023-11-29 21:29:27,895 [main] INFO  base.BaseClass - Found Element By {by.toString()}
2023-11-29 21:29:28,411 [main] INFO  base.BaseClass - Trying to find Element By {by.toString()})
2023-11-29 21:29:28,429 [main] INFO  base.BaseClass - Found Element By {by.toString()}
TimeoutException occurred: Expected condition failed: waiting for helper.WaitUtility$5@759b05d1 (tried for 30 second(s) with 500 milliseconds interval)
Build info: version: '3.141.59', revision: 'e82be7d358', time: '2018-11-14T08:17:03'
System info: host: 'DPLAP166', ip: '137.237.3.153', os.name: 'Windows 10', os.arch: 'amd64', os.version: '10.0', java.version: '19.0.1'
Driver info: org.openqa.selenium.support.events.EventFiringWebDriver
Capabilities {acceptInsecureCerts: true, browserName: chrome, browserVersion: 119.0.6045.200, chrome: {chromedriverVersion: 119.0.6045.105 (38c72552c5e..., userDataDir: C:\Users\dP-PL\AppData\Loca...}, fedcm:accounts: true, goog:chromeOptions: {debuggerAddress: localhost:50091}, javascriptEnabled: true, networkConnectionEnabled: false, pageLoadStrategy: normal, platform: WINDOWS, platformName: WINDOWS, proxy: Proxy(), setWindowRect: true, strictFileInteractability: false, timeouts: {implicit: 0, pageLoad: 300000, script: 30000}, unhandledPromptBehavior: dismiss and notify, webauthn:extension:credBlob: true, webauthn:extension:largeBlob: true, webauthn:extension:minPinLength: true, webauthn:extension:prf: true, webauthn:virtualAuthenticators: true}
Session ID: 694c67e2b41bbee132cbcacd5abe9663
2023-11-29 21:29:28,447 [main] ERROR XGLT_15177_Test - Element did not become visible within the specified time: Expected condition failed: waiting for helper.WaitUtility$5@759b05d1 (tried for 30 second(s) with 500 milliseconds interval)
Build info: version: '3.141.59', revision: 'e82be7d358', time: '2018-11-14T08:17:03'
System info: host: 'DPLAP166', ip: '137.237.3.153', os.name: 'Windows 10', os.arch: 'amd64', os.version: '10.0', java.version: '19.0.1'
Driver info: org.openqa.selenium.support.events.EventFiringWebDriver
Capabilities {acceptInsecureCerts: true, browserName: chrome, browserVersion: 119.0.6045.200, chrome: {chromedriverVersion: 119.0.6045.105 (38c72552c5e..., userDataDir: C:\Users\dP-PL\AppData\Loca...}, fedcm:accounts: true, goog:chromeOptions: {debuggerAddress: localhost:50091}, javascriptEnabled: true, networkConnectionEnabled: false, pageLoadStrategy: normal, platform: WINDOWS, platformName: WINDOWS, proxy: Proxy(), setWindowRect: true, strictFileInteractability: false, timeouts: {implicit: 0, pageLoad: 300000, script: 30000}, unhandledPromptBehavior: dismiss and notify, webauthn:extension:credBlob: true, webauthn:extension:largeBlob: true, webauthn:extension:minPinLength: true, webauthn:extension:prf: true, webauthn:virtualAuthenticators: true}
Session ID: 694c67e2b41bbee132cbcacd5abe9663
2023-11-29 21:29:28,447 [main] INFO  base.BaseClass - Trying to find Element By {by.toString()})
2023-11-29 21:29:28,458 [main] INFO  base.BaseClass - Found Element By {by.toString()}
2023-11-29 21:29:28,458 [main] INFO  base.BaseClass - Trying to click on: {element.toString()}
2023-11-29 21:29:28,526 [main] INFO  base.BaseClass - Clicked on: {element.toString()}
2023-11-29 21:29:28,527 [main] INFO  base.BaseClass - Trying to find Element By {by.toString()})
2023-11-29 21:29:28,541 [main] INFO  base.BaseClass - Found Element By {by.toString()}
2023-11-29 21:29:28,624 [main] INFO  base.BaseClass - Trying to find Element By {by.toString()})
2023-11-29 21:29:28,637 [main] INFO  base.BaseClass - Found Element By {by.toString()}
2023-11-29 21:29:29,169 [main] INFO  base.BaseClass - Trying to find Element By {by.toString()})
2023-11-29 21:29:29,192 [main] INFO  base.BaseClass - Found Element By {by.toString()}
2023-11-29 21:29:29,728 [main] INFO  base.BaseClass - Trying to find Element By {by.toString()})
2023-11-29 21:29:29,749 [main] INFO  base.BaseClass - Found Element By {by.toString()}
2023-11-29 21:29:30,273 [main] INFO  base.BaseClass - Trying to find Element By {by.toString()})
2023-11-29 21:29:30,287 [main] INFO  base.BaseClass - Found Element By {by.toString()}
2023-11-29 21:29:30,812 [main] INFO  base.BaseClass - Trying to find Element By {by.toString()})
2023-11-29 21:29:30,830 [main] INFO  base.BaseClass - Found Element By {by.toString()}
2023-11-29 21:29:31,354 [main] INFO  base.BaseClass - Trying to find Element By {by.toString()})
2023-11-29 21:29:31,374 [main] INFO  base.BaseClass - Found Element By {by.toString()}
2023-11-29 21:29:31,915 [main] INFO  base.BaseClass - Trying to find Element By {by.toString()})
2023-11-29 21:29:31,953 [main] INFO  base.BaseClass - Found Element By {by.toString()}
2023-11-29 21:29:32,474 [main] INFO  base.BaseClass - Trying to find Element By {by.toString()})
2023-11-29 21:29:32,485 [main] INFO  base.BaseClass - Found Element By {by.toString()}
2023-11-29 21:29:33,003 [main] INFO  base.BaseClass - Trying to find Element By {by.toString()})
2023-11-29 21:29:33,017 [main] INFO  base.BaseClass - Found Element By {by.toString()}
2023-11-29 21:29:33,531 [main] INFO  base.BaseClass - Trying to find Element By {by.toString()})
2023-11-29 21:29:33,547 [main] INFO  base.BaseClass - Found Element By {by.toString()}
2023-11-29 21:29:34,073 [main] INFO  base.BaseClass - Trying to find Element By {by.toString()})
2023-11-29 21:29:34,088 [main] INFO  base.BaseClass - Found Element By {by.toString()}
2023-11-29 21:29:34,613 [main] INFO  base.BaseClass - Trying to find Element By {by.toString()})
2023-11-29 21:29:34,635 [main] INFO  base.BaseClass - Found Element By {by.toString()}
2023-11-29 21:29:35,157 [main] INFO  base.BaseClass - Trying to find Element By {by.toString()})
2023-11-29 21:29:35,170 [main] INFO  base.BaseClass - Found Element By {by.toString()}
2023-11-29 21:29:35,695 [main] INFO  base.BaseClass - Trying to find Element By {by.toString()})
2023-11-29 21:29:35,708 [main] INFO  base.BaseClass - Found Element By {by.toString()}
2023-11-29 21:29:36,239 [main] INFO  base.BaseClass - Trying to find Element By {by.toString()})
2023-11-29 21:29:36,253 [main] INFO  base.BaseClass - Found Element By {by.toString()}
2023-11-29 21:29:36,784 [main] INFO  base.BaseClass - Trying to find Element By {by.toString()})
2023-11-29 21:29:36,806 [main] INFO  base.BaseClass - Found Element By {by.toString()}
2023-11-29 21:29:37,326 [main] INFO  base.BaseClass - Trying to find Element By {by.toString()})
2023-11-29 21:29:37,343 [main] INFO  base.BaseClass - Found Element By {by.toString()}
2023-11-29 21:29:37,864 [main] INFO  base.BaseClass - Trying to find Element By {by.toString()})
2023-11-29 21:29:37,878 [main] INFO  base.BaseClass - Found Element By {by.toString()}
2023-11-29 21:29:38,405 [main] INFO  base.BaseClass - Trying to find Element By {by.toString()})
2023-11-29 21:29:38,418 [main] INFO  base.BaseClass - Found Element By {by.toString()}
2023-11-29 21:29:38,953 [main] INFO  base.BaseClass - Trying to find Element By {by.toString()})
2023-11-29 21:29:38,969 [main] INFO  base.BaseClass - Found Element By {by.toString()}
2023-11-29 21:29:39,496 [main] INFO  base.BaseClass - Trying to find Element By {by.toString()})
2023-11-29 21:29:39,516 [main] INFO  base.BaseClass - Found Element By {by.toString()}
2023-11-29 21:29:40,039 [main] INFO  base.BaseClass - Trying to find Element By {by.toString()})
2023-11-29 21:29:40,054 [main] INFO  base.BaseClass - Found Element By {by.toString()}
2023-11-29 21:29:40,583 [main] INFO  base.BaseClass - Trying to find Element By {by.toString()})
2023-11-29 21:29:40,604 [main] INFO  base.BaseClass - Found Element By {by.toString()}
2023-11-29 21:29:41,127 [main] INFO  base.BaseClass - Trying to find Element By {by.toString()})
2023-11-29 21:29:41,148 [main] INFO  base.BaseClass - Found Element By {by.toString()}
2023-11-29 21:29:41,668 [main] INFO  base.BaseClass - Trying to find Element By {by.toString()})
2023-11-29 21:29:41,687 [main] INFO  base.BaseClass - Found Element By {by.toString()}
2023-11-29 21:29:42,210 [main] INFO  base.BaseClass - Trying to find Element By {by.toString()})
2023-11-29 21:29:42,234 [main] INFO  base.BaseClass - Found Element By {by.toString()}
2023-11-29 21:29:42,764 [main] INFO  base.BaseClass - Trying to find Element By {by.toString()})
2023-11-29 21:29:42,781 [main] INFO  base.BaseClass - Found Element By {by.toString()}
2023-11-29 21:29:43,307 [main] INFO  base.BaseClass - Trying to find Element By {by.toString()})
2023-11-29 21:29:43,317 [main] INFO  base.BaseClass - Found Element By {by.toString()}
2023-11-29 21:29:43,833 [main] INFO  base.BaseClass - Trying to find Element By {by.toString()})
2023-11-29 21:29:43,853 [main] INFO  base.BaseClass - Found Element By {by.toString()}
2023-11-29 21:29:44,388 [main] INFO  base.BaseClass - Trying to find Element By {by.toString()})
2023-11-29 21:29:44,401 [main] INFO  base.BaseClass - Found Element By {by.toString()}
2023-11-29 21:29:44,926 [main] INFO  base.BaseClass - Trying to find Element By {by.toString()})
2023-11-29 21:29:44,946 [main] INFO  base.BaseClass - Found Element By {by.toString()}
2023-11-29 21:29:45,483 [main] INFO  base.BaseClass - Trying to find Element By {by.toString()})
2023-11-29 21:29:45,502 [main] INFO  base.BaseClass - Found Element By {by.toString()}
2023-11-29 21:29:46,028 [main] INFO  base.BaseClass - Trying to find Element By {by.toString()})
2023-11-29 21:29:46,043 [main] INFO  base.BaseClass - Found Element By {by.toString()}
2023-11-29 21:29:46,569 [main] INFO  base.BaseClass - Trying to find Element By {by.toString()})
2023-11-29 21:29:46,590 [main] INFO  base.BaseClass - Found Element By {by.toString()}
2023-11-29 21:29:47,110 [main] INFO  base.BaseClass - Trying to find Element By {by.toString()})
2023-11-29 21:29:47,121 [main] INFO  base.BaseClass - Found Element By {by.toString()}
2023-11-29 21:29:47,638 [main] INFO  base.BaseClass - Trying to find Element By {by.toString()})
2023-11-29 21:29:47,658 [main] INFO  base.BaseClass - Found Element By {by.toString()}
2023-11-29 21:29:48,178 [main] INFO  base.BaseClass - Trying to find Element By {by.toString()})
2023-11-29 21:29:48,199 [main] INFO  base.BaseClass - Found Element By {by.toString()}
2023-11-29 21:29:48,721 [main] INFO  base.BaseClass - Trying to find Element By {by.toString()})
2023-11-29 21:29:48,734 [main] INFO  base.BaseClass - Found Element By {by.toString()}
2023-11-29 21:29:49,266 [main] INFO  base.BaseClass - Trying to find Element By {by.toString()})
2023-11-29 21:29:49,287 [main] INFO  base.BaseClass - Found Element By {by.toString()}
2023-11-29 21:29:49,812 [main] INFO  base.BaseClass - Trying to find Element By {by.toString()})
2023-11-29 21:29:49,826 [main] INFO  base.BaseClass - Found Element By {by.toString()}
2023-11-29 21:29:50,349 [main] INFO  base.BaseClass - Trying to find Element By {by.toString()})
2023-11-29 21:29:50,362 [main] INFO  base.BaseClass - Found Element By {by.toString()}
2023-11-29 21:29:50,884 [main] INFO  base.BaseClass - Trying to find Element By {by.toString()})
2023-11-29 21:29:50,904 [main] INFO  base.BaseClass - Found Element By {by.toString()}
2023-11-29 21:29:51,426 [main] INFO  base.BaseClass - Trying to find Element By {by.toString()})
2023-11-29 21:29:51,439 [main] INFO  base.BaseClass - Found Element By {by.toString()}
2023-11-29 21:29:51,965 [main] INFO  base.BaseClass - Trying to find Element By {by.toString()})
2023-11-29 21:29:51,980 [main] INFO  base.BaseClass - Found Element By {by.toString()}
2023-11-29 21:29:52,507 [main] INFO  base.BaseClass - Trying to find Element By {by.toString()})
2023-11-29 21:29:52,519 [main] INFO  base.BaseClass - Found Element By {by.toString()}
2023-11-29 21:29:53,037 [main] INFO  base.BaseClass - Trying to find Element By {by.toString()})
2023-11-29 21:29:53,053 [main] INFO  base.BaseClass - Found Element By {by.toString()}
2023-11-29 21:29:53,580 [main] INFO  base.BaseClass - Trying to find Element By {by.toString()})
2023-11-29 21:29:53,591 [main] INFO  base.BaseClass - Found Element By {by.toString()}
2023-11-29 21:29:54,123 [main] INFO  base.BaseClass - Trying to find Element By {by.toString()})
2023-11-29 21:29:54,142 [main] INFO  base.BaseClass - Found Element By {by.toString()}
2023-11-29 21:29:54,667 [main] INFO  base.BaseClass - Trying to find Element By {by.toString()})
2023-11-29 21:29:54,693 [main] INFO  base.BaseClass - Found Element By {by.toString()}
2023-11-29 21:29:55,226 [main] INFO  base.BaseClass - Trying to find Element By {by.toString()})
2023-11-29 21:29:55,251 [main] INFO  base.BaseClass - Found Element By {by.toString()}
2023-11-29 21:29:55,786 [main] INFO  base.BaseClass - Trying to find Element By {by.toString()})
2023-11-29 21:29:55,811 [main] INFO  base.BaseClass - Found Element By {by.toString()}
2023-11-29 21:29:56,345 [main] INFO  base.BaseClass - Trying to find Element By {by.toString()})
2023-11-29 21:29:56,369 [main] INFO  base.BaseClass - Found Element By {by.toString()}
2023-11-29 21:29:56,901 [main] INFO  base.BaseClass - Trying to find Element By {by.toString()})
2023-11-29 21:29:56,915 [main] INFO  base.BaseClass - Found Element By {by.toString()}
2023-11-29 21:29:57,443 [main] INFO  base.BaseClass - Trying to find Element By {by.toString()})
2023-11-29 21:29:57,459 [main] INFO  base.BaseClass - Found Element By {by.toString()}
2023-11-29 21:29:57,983 [main] INFO  base.BaseClass - Trying to find Element By {by.toString()})
2023-11-29 21:29:58,000 [main] INFO  base.BaseClass - Found Element By {by.toString()}
2023-11-29 21:29:58,524 [main] INFO  base.BaseClass - Trying to find Element By {by.toString()})
2023-11-29 21:29:58,535 [main] INFO  base.BaseClass - Found Element By {by.toString()}
2023-11-29 21:29:59,063 [main] INFO  base.BaseClass - Trying to find Element By {by.toString()})
2023-11-29 21:29:59,084 [main] INFO  base.BaseClass - Found Element By {by.toString()}
TimeoutException occurred: Expected condition failed: waiting for helper.WaitUtility$5@66b62ebd (tried for 30 second(s) with 500 milliseconds interval)
Build info: version: '3.141.59', revision: 'e82be7d358', time: '2018-11-14T08:17:03'
System info: host: 'DPLAP166', ip: '137.237.3.153', os.name: 'Windows 10', os.arch: 'amd64', os.version: '10.0', java.version: '19.0.1'
Driver info: org.openqa.selenium.support.events.EventFiringWebDriver
Capabilities {acceptInsecureCerts: true, browserName: chrome, browserVersion: 119.0.6045.200, chrome: {chromedriverVersion: 119.0.6045.105 (38c72552c5e..., userDataDir: C:\Users\dP-PL\AppData\Loca...}, fedcm:accounts: true, goog:chromeOptions: {debuggerAddress: localhost:50091}, javascriptEnabled: true, networkConnectionEnabled: false, pageLoadStrategy: normal, platform: WINDOWS, platformName: WINDOWS, proxy: Proxy(), setWindowRect: true, strictFileInteractability: false, timeouts: {implicit: 0, pageLoad: 300000, script: 30000}, unhandledPromptBehavior: dismiss and notify, webauthn:extension:credBlob: true, webauthn:extension:largeBlob: true, webauthn:extension:minPinLength: true, webauthn:extension:prf: true, webauthn:virtualAuthenticators: true}
Session ID: 694c67e2b41bbee132cbcacd5abe9663
2023-11-29 21:29:59,103 [main] ERROR XGLT_15177_Test - Element did not become visible within the specified time: Expected condition failed: waiting for helper.WaitUtility$5@66b62ebd (tried for 30 second(s) with 500 milliseconds interval)
Build info: version: '3.141.59', revision: 'e82be7d358', time: '2018-11-14T08:17:03'
System info: host: 'DPLAP166', ip: '137.237.3.153', os.name: 'Windows 10', os.arch: 'amd64', os.version: '10.0', java.version: '19.0.1'
Driver info: org.openqa.selenium.support.events.EventFiringWebDriver
Capabilities {acceptInsecureCerts: true, browserName: chrome, browserVersion: 119.0.6045.200, chrome: {chromedriverVersion: 119.0.6045.105 (38c72552c5e..., userDataDir: C:\Users\dP-PL\AppData\Loca...}, fedcm:accounts: true, goog:chromeOptions: {debuggerAddress: localhost:50091}, javascriptEnabled: true, networkConnectionEnabled: false, pageLoadStrategy: normal, platform: WINDOWS, platformName: WINDOWS, proxy: Proxy(), setWindowRect: true, strictFileInteractability: false, timeouts: {implicit: 0, pageLoad: 300000, script: 30000}, unhandledPromptBehavior: dismiss and notify, webauthn:extension:credBlob: true, webauthn:extension:largeBlob: true, webauthn:extension:minPinLength: true, webauthn:extension:prf: true, webauthn:virtualAuthenticators: true}
Session ID: 694c67e2b41bbee132cbcacd5abe9663
2023-11-29 21:29:59,103 [main] INFO  base.BaseClass - Trying to find Element By {by.toString()})
2023-11-29 21:29:59,114 [main] INFO  base.BaseClass - Found Element By {by.toString()}
2023-11-29 21:29:59,114 [main] INFO  base.BaseClass - Trying to click on: {element.toString()}
2023-11-29 21:29:59,169 [main] INFO  base.BaseClass - Clicked on: {element.toString()}
2023-11-29 21:30:00,186 [main] INFO  base.BaseClass - Trying to find Element By {by.toString()})
2023-11-29 21:30:00,201 [main] INFO  base.BaseClass - Found Element By {by.toString()}
2023-11-29 21:30:00,222 [main] INFO  base.BaseClass - Trying to find Element By {by.toString()})
2023-11-29 21:30:00,238 [main] INFO  base.BaseClass - Found Element By {by.toString()}
2023-11-29 21:30:00,249 [main] INFO  base.BaseClass - Trying to find Element By {by.toString()})
2023-11-29 21:30:00,258 [main] INFO  base.BaseClass - Found Element By {by.toString()}
2023-11-29 21:30:00,258 [main] INFO  base.BaseClass - Trying to click on: {element.toString()}
2023-11-29 21:30:00,297 [main] INFO  base.BaseClass - Clicked on: {element.toString()}
2023-11-29 21:30:00,297 [main] INFO  base.BaseClass - Trying to find Element By {by.toString()})
2023-11-29 21:30:00,307 [main] INFO  base.BaseClass - Found Element By {by.toString()}
2023-11-29 21:30:00,362 [main] INFO  base.BaseClass - Trying to find Element By {by.toString()})
2023-11-29 21:30:00,374 [main] INFO  base.BaseClass - Found Element By {by.toString()}
2023-11-29 21:30:00,890 [main] INFO  base.BaseClass - Trying to find Element By {by.toString()})
2023-11-29 21:30:00,910 [main] INFO  base.BaseClass - Found Element By {by.toString()}
2023-11-29 21:30:01,433 [main] INFO  base.BaseClass - Trying to find Element By {by.toString()})
2023-11-29 21:30:01,458 [main] INFO  base.BaseClass - Found Element By {by.toString()}
2023-11-29 21:30:01,989 [main] INFO  base.BaseClass - Trying to find Element By {by.toString()})
2023-11-29 21:30:02,001 [main] INFO  base.BaseClass - Found Element By {by.toString()}
2023-11-29 21:30:02,535 [main] INFO  base.BaseClass - Trying to find Element By {by.toString()})
2023-11-29 21:30:02,552 [main] INFO  base.BaseClass - Found Element By {by.toString()}
2023-11-29 21:30:03,078 [main] INFO  base.BaseClass - Trying to find Element By {by.toString()})
2023-11-29 21:30:03,098 [main] INFO  base.BaseClass - Found Element By {by.toString()}
2023-11-29 21:30:03,620 [main] INFO  base.BaseClass - Trying to find Element By {by.toString()})
2023-11-29 21:30:03,640 [main] INFO  base.BaseClass - Found Element By {by.toString()}
2023-11-29 21:30:04,161 [main] INFO  base.BaseClass - Trying to find Element By {by.toString()})
2023-11-29 21:30:04,178 [main] INFO  base.BaseClass - Found Element By {by.toString()}
2023-11-29 21:30:04,704 [main] INFO  base.BaseClass - Trying to find Element By {by.toString()})
2023-11-29 21:30:04,723 [main] INFO  base.BaseClass - Found Element By {by.toString()}
2023-11-29 21:30:05,250 [main] INFO  base.BaseClass - Trying to find Element By {by.toString()})
2023-11-29 21:30:05,269 [main] INFO  base.BaseClass - Found Element By {by.toString()}
2023-11-29 21:30:05,793 [main] INFO  base.BaseClass - Trying to find Element By {by.toString()})
2023-11-29 21:30:05,809 [main] INFO  base.BaseClass - Found Element By {by.toString()}
2023-11-29 21:30:06,335 [main] INFO  base.BaseClass - Trying to find Element By {by.toString()})
2023-11-29 21:30:06,359 [main] INFO  base.BaseClass - Found Element By {by.toString()}
2023-11-29 21:30:06,879 [main] INFO  base.BaseClass - Trying to find Element By {by.toString()})
2023-11-29 21:30:06,889 [main] INFO  base.BaseClass - Found Element By {by.toString()}
2023-11-29 21:30:07,418 [main] INFO  base.BaseClass - Trying to find Element By {by.toString()})
2023-11-29 21:30:07,430 [main] INFO  base.BaseClass - Found Element By {by.toString()}
2023-11-29 21:30:07,953 [main] INFO  base.BaseClass - Trying to find Element By {by.toString()})
2023-11-29 21:30:07,963 [main] INFO  base.BaseClass - Found Element By {by.toString()}
2023-11-29 21:30:08,483 [main] INFO  base.BaseClass - Trying to find Element By {by.toString()})
2023-11-29 21:30:08,493 [main] INFO  base.BaseClass - Found Element By {by.toString()}
2023-11-29 21:30:09,010 [main] INFO  base.BaseClass - Trying to find Element By {by.toString()})
2023-11-29 21:30:09,022 [main] INFO  base.BaseClass - Found Element By {by.toString()}
2023-11-29 21:30:09,549 [main] INFO  base.BaseClass - Trying to find Element By {by.toString()})
2023-11-29 21:30:09,559 [main] INFO  base.BaseClass - Found Element By {by.toString()}
2023-11-29 21:30:10,081 [main] INFO  base.BaseClass - Trying to find Element By {by.toString()})
2023-11-29 21:30:10,093 [main] INFO  base.BaseClass - Found Element By {by.toString()}
2023-11-29 21:30:10,623 [main] INFO  base.BaseClass - Trying to find Element By {by.toString()})
2023-11-29 21:30:10,639 [main] INFO  base.BaseClass - Found Element By {by.toString()}
2023-11-29 21:30:11,184 [main] INFO  base.BaseClass - Trying to find Element By {by.toString()})
2023-11-29 21:30:11,197 [main] INFO  base.BaseClass - Found Element By {by.toString()}
2023-11-29 21:30:11,725 [main] INFO  base.BaseClass - Trying to find Element By {by.toString()})
2023-11-29 21:30:11,746 [main] INFO  base.BaseClass - Found Element By {by.toString()}
2023-11-29 21:30:12,266 [main] INFO  base.BaseClass - Trying to find Element By {by.toString()})
2023-11-29 21:30:12,284 [main] INFO  base.BaseClass - Found Element By {by.toString()}
2023-11-29 21:30:12,811 [main] INFO  base.BaseClass - Trying to find Element By {by.toString()})
2023-11-29 21:30:12,840 [main] INFO  base.BaseClass - Found Element By {by.toString()}
2023-11-29 21:30:13,373 [main] INFO  base.BaseClass - Trying to find Element By {by.toString()})
2023-11-29 21:30:13,399 [main] INFO  base.BaseClass - Found Element By {by.toString()}
2023-11-29 21:30:13,929 [main] INFO  base.BaseClass - Trying to find Element By {by.toString()})
2023-11-29 21:30:13,950 [main] INFO  base.BaseClass - Found Element By {by.toString()}
2023-11-29 21:30:14,487 [main] INFO  base.BaseClass - Trying to find Element By {by.toString()})
2023-11-29 21:30:14,511 [main] INFO  base.BaseClass - Found Element By {by.toString()}
2023-11-29 21:30:15,034 [main] INFO  base.BaseClass - Trying to find Element By {by.toString()})
2023-11-29 21:30:15,049 [main] INFO  base.BaseClass - Found Element By {by.toString()}
2023-11-29 21:30:15,575 [main] INFO  base.BaseClass - Trying to find Element By {by.toString()})
2023-11-29 21:30:15,594 [main] INFO  base.BaseClass - Found Element By {by.toString()}
2023-11-29 21:30:16,117 [main] INFO  base.BaseClass - Trying to find Element By {by.toString()})
2023-11-29 21:30:16,137 [main] INFO  base.BaseClass - Found Element By {by.toString()}
2023-11-29 21:30:16,660 [main] INFO  base.BaseClass - Trying to find Element By {by.toString()})
2023-11-29 21:30:16,682 [main] INFO  base.BaseClass - Found Element By {by.toString()}
2023-11-29 21:30:17,204 [main] INFO  base.BaseClass - Trying to find Element By {by.toString()})
2023-11-29 21:30:17,226 [main] INFO  base.BaseClass - Found Element By {by.toString()}
2023-11-29 21:30:17,777 [main] INFO  base.BaseClass - Trying to find Element By {by.toString()})
2023-11-29 21:30:17,795 [main] INFO  base.BaseClass - Found Element By {by.toString()}
2023-11-29 21:30:18,320 [main] INFO  base.BaseClass - Trying to find Element By {by.toString()})
2023-11-29 21:30:18,333 [main] INFO  base.BaseClass - Found Element By {by.toString()}
2023-11-29 21:30:18,848 [main] INFO  base.BaseClass - Trying to find Element By {by.toString()})
2023-11-29 21:30:18,866 [main] INFO  base.BaseClass - Found Element By {by.toString()}
2023-11-29 21:30:19,391 [main] INFO  base.BaseClass - Trying to find Element By {by.toString()})
2023-11-29 21:30:19,409 [main] INFO  base.BaseClass - Found Element By {by.toString()}
2023-11-29 21:30:19,944 [main] INFO  base.BaseClass - Trying to find Element By {by.toString()})
2023-11-29 21:30:19,957 [main] INFO  base.BaseClass - Found Element By {by.toString()}
2023-11-29 21:30:20,488 [main] INFO  base.BaseClass - Trying to find Element By {by.toString()})
2023-11-29 21:30:20,506 [main] INFO  base.BaseClass - Found Element By {by.toString()}
2023-11-29 21:30:21,031 [main] INFO  base.BaseClass - Trying to find Element By {by.toString()})
2023-11-29 21:30:21,046 [main] INFO  base.BaseClass - Found Element By {by.toString()}
2023-11-29 21:30:21,577 [main] INFO  base.BaseClass - Trying to find Element By {by.toString()})
2023-11-29 21:30:21,591 [main] INFO  base.BaseClass - Found Element By {by.toString()}
2023-11-29 21:30:22,120 [main] INFO  base.BaseClass - Trying to find Element By {by.toString()})
2023-11-29 21:30:22,132 [main] INFO  base.BaseClass - Found Element By {by.toString()}
2023-11-29 21:30:22,661 [main] INFO  base.BaseClass - Trying to find Element By {by.toString()})
2023-11-29 21:30:22,682 [main] INFO  base.BaseClass - Found Element By {by.toString()}
2023-11-29 21:30:23,207 [main] INFO  base.BaseClass - Trying to find Element By {by.toString()})
2023-11-29 21:30:23,225 [main] INFO  base.BaseClass - Found Element By {by.toString()}
2023-11-29 21:30:23,764 [main] INFO  base.BaseClass - Trying to find Element By {by.toString()})
2023-11-29 21:30:23,794 [main] INFO  base.BaseClass - Found Element By {by.toString()}
2023-11-29 21:30:24,325 [main] INFO  base.BaseClass - Trying to find Element By {by.toString()})
2023-11-29 21:30:24,340 [main] INFO  base.BaseClass - Found Element By {by.toString()}
2023-11-29 21:30:24,866 [main] INFO  base.BaseClass - Trying to find Element By {by.toString()})
2023-11-29 21:30:24,894 [main] INFO  base.BaseClass - Found Element By {by.toString()}
2023-11-29 21:30:25,423 [main] INFO  base.BaseClass - Trying to find Element By {by.toString()})
2023-11-29 21:30:25,442 [main] INFO  base.BaseClass - Found Element By {by.toString()}
2023-11-29 21:30:25,982 [main] INFO  base.BaseClass - Trying to find Element By {by.toString()})
2023-11-29 21:30:25,994 [main] INFO  base.BaseClass - Found Element By {by.toString()}
2023-11-29 21:30:26,510 [main] INFO  base.BaseClass - Trying to find Element By {by.toString()})
2023-11-29 21:30:26,537 [main] INFO  base.BaseClass - Found Element By {by.toString()}
2023-11-29 21:30:27,067 [main] INFO  base.BaseClass - Trying to find Element By {by.toString()})
2023-11-29 21:30:27,089 [main] INFO  base.BaseClass - Found Element By {by.toString()}
2023-11-29 21:30:27,613 [main] INFO  base.BaseClass - Trying to find Element By {by.toString()})
2023-11-29 21:30:27,629 [main] INFO  base.BaseClass - Found Element By {by.toString()}
2023-11-29 21:30:28,153 [main] INFO  base.BaseClass - Trying to find Element By {by.toString()})
2023-11-29 21:30:28,172 [main] INFO  base.BaseClass - Found Element By {by.toString()}
2023-11-29 21:30:28,698 [main] INFO  base.BaseClass - Trying to find Element By {by.toString()})
2023-11-29 21:30:28,715 [main] INFO  base.BaseClass - Found Element By {by.toString()}
2023-11-29 21:30:29,253 [main] INFO  base.BaseClass - Trying to find Element By {by.toString()})
2023-11-29 21:30:29,268 [main] INFO  base.BaseClass - Found Element By {by.toString()}
2023-11-29 21:30:29,794 [main] INFO  base.BaseClass - Trying to find Element By {by.toString()})
2023-11-29 21:30:29,818 [main] INFO  base.BaseClass - Found Element By {by.toString()}
2023-11-29 21:30:30,353 [main] INFO  base.BaseClass - Trying to find Element By {by.toString()})
2023-11-29 21:30:30,364 [main] INFO  base.BaseClass - Found Element By {by.toString()}
TimeoutException occurred: Expected condition failed: waiting for helper.WaitUtility$5@6bf34912 (tried for 30 second(s) with 500 milliseconds interval)
Build info: version: '3.141.59', revision: 'e82be7d358', time: '2018-11-14T08:17:03'
System info: host: 'DPLAP166', ip: '137.237.3.153', os.name: 'Windows 10', os.arch: 'amd64', os.version: '10.0', java.version: '19.0.1'
Driver info: org.openqa.selenium.support.events.EventFiringWebDriver
Capabilities {acceptInsecureCerts: true, browserName: chrome, browserVersion: 119.0.6045.200, chrome: {chromedriverVersion: 119.0.6045.105 (38c72552c5e..., userDataDir: C:\Users\dP-PL\AppData\Loca...}, fedcm:accounts: true, goog:chromeOptions: {debuggerAddress: localhost:50091}, javascriptEnabled: true, networkConnectionEnabled: false, pageLoadStrategy: normal, platform: WINDOWS, platformName: WINDOWS, proxy: Proxy(), setWindowRect: true, strictFileInteractability: false, timeouts: {implicit: 0, pageLoad: 300000, script: 30000}, unhandledPromptBehavior: dismiss and notify, webauthn:extension:credBlob: true, webauthn:extension:largeBlob: true, webauthn:extension:minPinLength: true, webauthn:extension:prf: true, webauthn:virtualAuthenticators: true}
Session ID: 694c67e2b41bbee132cbcacd5abe9663
2023-11-29 21:30:30,379 [main] ERROR XGLT_15177_Test - Element did not become visible within the specified time: Expected condition failed: waiting for helper.WaitUtility$5@6bf34912 (tried for 30 second(s) with 500 milliseconds interval)
Build info: version: '3.141.59', revision: 'e82be7d358', time: '2018-11-14T08:17:03'
System info: host: 'DPLAP166', ip: '137.237.3.153', os.name: 'Windows 10', os.arch: 'amd64', os.version: '10.0', java.version: '19.0.1'
Driver info: org.openqa.selenium.support.events.EventFiringWebDriver
Capabilities {acceptInsecureCerts: true, browserName: chrome, browserVersion: 119.0.6045.200, chrome: {chromedriverVersion: 119.0.6045.105 (38c72552c5e..., userDataDir: C:\Users\dP-PL\AppData\Loca...}, fedcm:accounts: true, goog:chromeOptions: {debuggerAddress: localhost:50091}, javascriptEnabled: true, networkConnectionEnabled: false, pageLoadStrategy: normal, platform: WINDOWS, platformName: WINDOWS, proxy: Proxy(), setWindowRect: true, strictFileInteractability: false, timeouts: {implicit: 0, pageLoad: 300000, script: 30000}, unhandledPromptBehavior: dismiss and notify, webauthn:extension:credBlob: true, webauthn:extension:largeBlob: true, webauthn:extension:minPinLength: true, webauthn:extension:prf: true, webauthn:virtualAuthenticators: true}
Session ID: 694c67e2b41bbee132cbcacd5abe9663
2023-11-29 21:30:30,379 [main] INFO  base.BaseClass - Trying to find Element By {by.toString()})
2023-11-29 21:30:30,390 [main] INFO  base.BaseClass - Found Element By {by.toString()}
2023-11-29 21:30:30,390 [main] INFO  base.BaseClass - Trying to click on: {element.toString()}
2023-11-29 21:30:30,458 [main] INFO  base.BaseClass - Clicked on: {element.toString()}
2023-11-29 21:30:30,458 [main] INFO  base.BaseClass - Trying to find Element By {by.toString()})
2023-11-29 21:30:30,470 [main] INFO  base.BaseClass - Found Element By {by.toString()}
Can proceed to create a new network 03
search_Network passed!
]]></system-out>
    <system-err><![CDATA[Starting ChromeDriver 119.0.6045.105 (38c72552c5e15ba9b3117c0967a0fd105072d7c6-refs/branch-heads/6045@{#1103}) on port 29520
Only local connections are allowed.
Please see https://chromedriver.chromium.org/security-considerations for suggestions on keeping ChromeDriver safe.
ChromeDriver was started successfully.
Nov 29, 2023 9:25:50 PM org.openqa.selenium.remote.ProtocolHandshake createSession
INFO: Detected dialect: W3C
]]></system-err>
  </testcase>
  <testcase name="create_Network" classname="Create_Network" time="60.998">
    <system-out><![CDATA[Before method Test name: Maintainance Tests
create_Network started!
2023-11-29 21:30:30,659 [main] INFO  base.BaseClass - Trying to find Element By {by.toString()})
2023-11-29 21:30:30,672 [main] INFO  base.BaseClass - Found Element By {by.toString()}
2023-11-29 21:30:31,191 [main] INFO  base.BaseClass - Trying to find Element By {by.toString()})
2023-11-29 21:30:31,204 [main] INFO  base.BaseClass - Found Element By {by.toString()}
2023-11-29 21:30:31,734 [main] INFO  base.BaseClass - Trying to find Element By {by.toString()})
2023-11-29 21:30:31,750 [main] INFO  base.BaseClass - Found Element By {by.toString()}
2023-11-29 21:30:32,280 [main] INFO  base.BaseClass - Trying to find Element By {by.toString()})
2023-11-29 21:30:32,304 [main] INFO  base.BaseClass - Found Element By {by.toString()}
2023-11-29 21:30:32,835 [main] INFO  base.BaseClass - Trying to find Element By {by.toString()})
2023-11-29 21:30:32,851 [main] INFO  base.BaseClass - Found Element By {by.toString()}
2023-11-29 21:30:33,391 [main] INFO  base.BaseClass - Trying to find Element By {by.toString()})
2023-11-29 21:30:33,406 [main] INFO  base.BaseClass - Found Element By {by.toString()}
2023-11-29 21:30:33,934 [main] INFO  base.BaseClass - Trying to find Element By {by.toString()})
2023-11-29 21:30:33,953 [main] INFO  base.BaseClass - Found Element By {by.toString()}
2023-11-29 21:30:34,480 [main] INFO  base.BaseClass - Trying to find Element By {by.toString()})
2023-11-29 21:30:34,504 [main] INFO  base.BaseClass - Found Element By {by.toString()}
2023-11-29 21:30:35,039 [main] INFO  base.BaseClass - Trying to find Element By {by.toString()})
2023-11-29 21:30:35,058 [main] INFO  base.BaseClass - Found Element By {by.toString()}
2023-11-29 21:30:35,580 [main] INFO  base.BaseClass - Trying to find Element By {by.toString()})
2023-11-29 21:30:35,608 [main] INFO  base.BaseClass - Found Element By {by.toString()}
2023-11-29 21:30:36,135 [main] INFO  base.BaseClass - Trying to find Element By {by.toString()})
2023-11-29 21:30:36,148 [main] INFO  base.BaseClass - Found Element By {by.toString()}
2023-11-29 21:30:36,681 [main] INFO  base.BaseClass - Trying to find Element By {by.toString()})
2023-11-29 21:30:36,699 [main] INFO  base.BaseClass - Found Element By {by.toString()}
2023-11-29 21:30:37,224 [main] INFO  base.BaseClass - Trying to find Element By {by.toString()})
2023-11-29 21:30:37,247 [main] INFO  base.BaseClass - Found Element By {by.toString()}
2023-11-29 21:30:37,768 [main] INFO  base.BaseClass - Trying to find Element By {by.toString()})
2023-11-29 21:30:37,791 [main] INFO  base.BaseClass - Found Element By {by.toString()}
2023-11-29 21:30:38,325 [main] INFO  base.BaseClass - Trying to find Element By {by.toString()})
2023-11-29 21:30:38,339 [main] INFO  base.BaseClass - Found Element By {by.toString()}
2023-11-29 21:30:38,866 [main] INFO  base.BaseClass - Trying to find Element By {by.toString()})
2023-11-29 21:30:38,882 [main] INFO  base.BaseClass - Found Element By {by.toString()}
2023-11-29 21:30:39,408 [main] INFO  base.BaseClass - Trying to find Element By {by.toString()})
2023-11-29 21:30:39,432 [main] INFO  base.BaseClass - Found Element By {by.toString()}
2023-11-29 21:30:39,955 [main] INFO  base.BaseClass - Trying to find Element By {by.toString()})
2023-11-29 21:30:39,969 [main] INFO  base.BaseClass - Found Element By {by.toString()}
2023-11-29 21:30:40,502 [main] INFO  base.BaseClass - Trying to find Element By {by.toString()})
2023-11-29 21:30:40,525 [main] INFO  base.BaseClass - Found Element By {by.toString()}
2023-11-29 21:30:41,060 [main] INFO  base.BaseClass - Trying to find Element By {by.toString()})
2023-11-29 21:30:41,083 [main] INFO  base.BaseClass - Found Element By {by.toString()}
2023-11-29 21:30:41,606 [main] INFO  base.BaseClass - Trying to find Element By {by.toString()})
2023-11-29 21:30:41,633 [main] INFO  base.BaseClass - Found Element By {by.toString()}
2023-11-29 21:30:42,167 [main] INFO  base.BaseClass - Trying to find Element By {by.toString()})
2023-11-29 21:30:42,186 [main] INFO  base.BaseClass - Found Element By {by.toString()}
2023-11-29 21:30:42,712 [main] INFO  base.BaseClass - Trying to find Element By {by.toString()})
2023-11-29 21:30:42,731 [main] INFO  base.BaseClass - Found Element By {by.toString()}
2023-11-29 21:30:43,268 [main] INFO  base.BaseClass - Trying to find Element By {by.toString()})
2023-11-29 21:30:43,283 [main] INFO  base.BaseClass - Found Element By {by.toString()}
2023-11-29 21:30:43,811 [main] INFO  base.BaseClass - Trying to find Element By {by.toString()})
2023-11-29 21:30:43,835 [main] INFO  base.BaseClass - Found Element By {by.toString()}
2023-11-29 21:30:44,372 [main] INFO  base.BaseClass - Trying to find Element By {by.toString()})
2023-11-29 21:30:44,390 [main] INFO  base.BaseClass - Found Element By {by.toString()}
2023-11-29 21:30:44,915 [main] INFO  base.BaseClass - Trying to find Element By {by.toString()})
2023-11-29 21:30:44,930 [main] INFO  base.BaseClass - Found Element By {by.toString()}
2023-11-29 21:30:45,455 [main] INFO  base.BaseClass - Trying to find Element By {by.toString()})
2023-11-29 21:30:45,479 [main] INFO  base.BaseClass - Found Element By {by.toString()}
2023-11-29 21:30:46,016 [main] INFO  base.BaseClass - Trying to find Element By {by.toString()})
2023-11-29 21:30:46,038 [main] INFO  base.BaseClass - Found Element By {by.toString()}
2023-11-29 21:30:46,570 [main] INFO  base.BaseClass - Trying to find Element By {by.toString()})
2023-11-29 21:30:46,591 [main] INFO  base.BaseClass - Found Element By {by.toString()}
2023-11-29 21:30:47,130 [main] INFO  base.BaseClass - Trying to find Element By {by.toString()})
2023-11-29 21:30:47,147 [main] INFO  base.BaseClass - Found Element By {by.toString()}
2023-11-29 21:30:47,686 [main] INFO  base.BaseClass - Trying to find Element By {by.toString()})
2023-11-29 21:30:47,700 [main] INFO  base.BaseClass - Found Element By {by.toString()}
2023-11-29 21:30:48,226 [main] INFO  base.BaseClass - Trying to find Element By {by.toString()})
2023-11-29 21:30:48,240 [main] INFO  base.BaseClass - Found Element By {by.toString()}
2023-11-29 21:30:48,768 [main] INFO  base.BaseClass - Trying to find Element By {by.toString()})
2023-11-29 21:30:48,785 [main] INFO  base.BaseClass - Found Element By {by.toString()}
2023-11-29 21:30:49,311 [main] INFO  base.BaseClass - Trying to find Element By {by.toString()})
2023-11-29 21:30:49,327 [main] INFO  base.BaseClass - Found Element By {by.toString()}
2023-11-29 21:30:49,856 [main] INFO  base.BaseClass - Trying to find Element By {by.toString()})
2023-11-29 21:30:49,877 [main] INFO  base.BaseClass - Found Element By {by.toString()}
2023-11-29 21:30:50,398 [main] INFO  base.BaseClass - Trying to find Element By {by.toString()})
2023-11-29 21:30:50,412 [main] INFO  base.BaseClass - Found Element By {by.toString()}
2023-11-29 21:30:50,944 [main] INFO  base.BaseClass - Trying to find Element By {by.toString()})
2023-11-29 21:30:50,967 [main] INFO  base.BaseClass - Found Element By {by.toString()}
2023-11-29 21:30:51,492 [main] INFO  base.BaseClass - Trying to find Element By {by.toString()})
2023-11-29 21:30:51,506 [main] INFO  base.BaseClass - Found Element By {by.toString()}
2023-11-29 21:30:52,035 [main] INFO  base.BaseClass - Trying to find Element By {by.toString()})
2023-11-29 21:30:52,054 [main] INFO  base.BaseClass - Found Element By {by.toString()}
2023-11-29 21:30:52,594 [main] INFO  base.BaseClass - Trying to find Element By {by.toString()})
2023-11-29 21:30:52,617 [main] INFO  base.BaseClass - Found Element By {by.toString()}
2023-11-29 21:30:53,152 [main] INFO  base.BaseClass - Trying to find Element By {by.toString()})
2023-11-29 21:30:53,170 [main] INFO  base.BaseClass - Found Element By {by.toString()}
2023-11-29 21:30:53,693 [main] INFO  base.BaseClass - Trying to find Element By {by.toString()})
2023-11-29 21:30:53,706 [main] INFO  base.BaseClass - Found Element By {by.toString()}
2023-11-29 21:30:54,234 [main] INFO  base.BaseClass - Trying to find Element By {by.toString()})
2023-11-29 21:30:54,255 [main] INFO  base.BaseClass - Found Element By {by.toString()}
2023-11-29 21:30:54,774 [main] INFO  base.BaseClass - Trying to find Element By {by.toString()})
2023-11-29 21:30:54,793 [main] INFO  base.BaseClass - Found Element By {by.toString()}
2023-11-29 21:30:55,333 [main] INFO  base.BaseClass - Trying to find Element By {by.toString()})
2023-11-29 21:30:55,354 [main] INFO  base.BaseClass - Found Element By {by.toString()}
2023-11-29 21:30:55,874 [main] INFO  base.BaseClass - Trying to find Element By {by.toString()})
2023-11-29 21:30:55,894 [main] INFO  base.BaseClass - Found Element By {by.toString()}
2023-11-29 21:30:56,419 [main] INFO  base.BaseClass - Trying to find Element By {by.toString()})
2023-11-29 21:30:56,436 [main] INFO  base.BaseClass - Found Element By {by.toString()}
2023-11-29 21:30:56,964 [main] INFO  base.BaseClass - Trying to find Element By {by.toString()})
2023-11-29 21:30:56,987 [main] INFO  base.BaseClass - Found Element By {by.toString()}
2023-11-29 21:30:57,521 [main] INFO  base.BaseClass - Trying to find Element By {by.toString()})
2023-11-29 21:30:57,543 [main] INFO  base.BaseClass - Found Element By {by.toString()}
2023-11-29 21:30:58,067 [main] INFO  base.BaseClass - Trying to find Element By {by.toString()})
2023-11-29 21:30:58,088 [main] INFO  base.BaseClass - Found Element By {by.toString()}
2023-11-29 21:30:58,612 [main] INFO  base.BaseClass - Trying to find Element By {by.toString()})
2023-11-29 21:30:58,632 [main] INFO  base.BaseClass - Found Element By {by.toString()}
2023-11-29 21:30:59,154 [main] INFO  base.BaseClass - Trying to find Element By {by.toString()})
2023-11-29 21:30:59,168 [main] INFO  base.BaseClass - Found Element By {by.toString()}
2023-11-29 21:30:59,698 [main] INFO  base.BaseClass - Trying to find Element By {by.toString()})
2023-11-29 21:30:59,722 [main] INFO  base.BaseClass - Found Element By {by.toString()}
2023-11-29 21:31:00,252 [main] INFO  base.BaseClass - Trying to find Element By {by.toString()})
2023-11-29 21:31:00,275 [main] INFO  base.BaseClass - Found Element By {by.toString()}
2023-11-29 21:31:00,794 [main] INFO  base.BaseClass - Trying to find Element By {by.toString()})
2023-11-29 21:31:00,816 [main] INFO  base.BaseClass - Found Element By {by.toString()}
TimeoutException occurred: Expected condition failed: waiting for helper.WaitUtility$5@38241615 (tried for 30 second(s) with 500 milliseconds interval)
Build info: version: '3.141.59', revision: 'e82be7d358', time: '2018-11-14T08:17:03'
System info: host: 'DPLAP166', ip: '137.237.3.153', os.name: 'Windows 10', os.arch: 'amd64', os.version: '10.0', java.version: '19.0.1'
Driver info: org.openqa.selenium.support.events.EventFiringWebDriver
Capabilities {acceptInsecureCerts: true, browserName: chrome, browserVersion: 119.0.6045.200, chrome: {chromedriverVersion: 119.0.6045.105 (38c72552c5e..., userDataDir: C:\Users\dP-PL\AppData\Loca...}, fedcm:accounts: true, goog:chromeOptions: {debuggerAddress: localhost:50091}, javascriptEnabled: true, networkConnectionEnabled: false, pageLoadStrategy: normal, platform: WINDOWS, platformName: WINDOWS, proxy: Proxy(), setWindowRect: true, strictFileInteractability: false, timeouts: {implicit: 0, pageLoad: 300000, script: 30000}, unhandledPromptBehavior: dismiss and notify, webauthn:extension:credBlob: true, webauthn:extension:largeBlob: true, webauthn:extension:minPinLength: true, webauthn:extension:prf: true, webauthn:virtualAuthenticators: true}
Session ID: 694c67e2b41bbee132cbcacd5abe9663
2023-11-29 21:31:00,839 [main] ERROR XGLT_15177_Test - Element did not become visible within the specified time: Expected condition failed: waiting for helper.WaitUtility$5@38241615 (tried for 30 second(s) with 500 milliseconds interval)
Build info: version: '3.141.59', revision: 'e82be7d358', time: '2018-11-14T08:17:03'
System info: host: 'DPLAP166', ip: '137.237.3.153', os.name: 'Windows 10', os.arch: 'amd64', os.version: '10.0', java.version: '19.0.1'
Driver info: org.openqa.selenium.support.events.EventFiringWebDriver
Capabilities {acceptInsecureCerts: true, browserName: chrome, browserVersion: 119.0.6045.200, chrome: {chromedriverVersion: 119.0.6045.105 (38c72552c5e..., userDataDir: C:\Users\dP-PL\AppData\Loca...}, fedcm:accounts: true, goog:chromeOptions: {debuggerAddress: localhost:50091}, javascriptEnabled: true, networkConnectionEnabled: false, pageLoadStrategy: normal, platform: WINDOWS, platformName: WINDOWS, proxy: Proxy(), setWindowRect: true, strictFileInteractability: false, timeouts: {implicit: 0, pageLoad: 300000, script: 30000}, unhandledPromptBehavior: dismiss and notify, webauthn:extension:credBlob: true, webauthn:extension:largeBlob: true, webauthn:extension:minPinLength: true, webauthn:extension:prf: true, webauthn:virtualAuthenticators: true}
Session ID: 694c67e2b41bbee132cbcacd5abe9663
2023-11-29 21:31:00,839 [main] INFO  base.BaseClass - Trying to find Element By {by.toString()})
2023-11-29 21:31:00,852 [main] INFO  base.BaseClass - Found Element By {by.toString()}
2023-11-29 21:31:00,852 [main] INFO  base.BaseClass - Trying to click on: {element.toString()}
2023-11-29 21:31:00,976 [main] INFO  base.BaseClass - Clicked on: {element.toString()}
2023-11-29 21:31:00,977 [main] INFO  base.BaseClass - Trying to find Element By {by.toString()})
2023-11-29 21:31:00,994 [main] INFO  base.BaseClass - Found Element By {by.toString()}
2023-11-29 21:31:01,008 [main] INFO  base.BaseClass - Trying to find Element By {by.toString()})
2023-11-29 21:31:01,015 [main] INFO  base.BaseClass - Found Element By {by.toString()}
2023-11-29 21:31:01,022 [main] INFO  base.BaseClass - Trying to find Element By {by.toString()})
2023-11-29 21:31:01,031 [main] INFO  base.BaseClass - Found Element By {by.toString()}
2023-11-29 21:31:01,031 [main] INFO  base.BaseClass - Trying to click on: {element.toString()}
2023-11-29 21:31:01,074 [main] INFO  base.BaseClass - Clicked on: {element.toString()}
2023-11-29 21:31:01,074 [main] INFO  base.BaseClass - Trying to find Element By {by.toString()})
2023-11-29 21:31:01,084 [main] INFO  base.BaseClass - Found Element By {by.toString()}
2023-11-29 21:31:01,117 [main] INFO  base.BaseClass - Trying to find Element By {by.toString()})
2023-11-29 21:31:01,131 [main] INFO  base.BaseClass - Found Element By {by.toString()}
2023-11-29 21:31:01,145 [main] INFO  base.BaseClass - Trying to find Element By {by.toString()})
2023-11-29 21:31:01,155 [main] INFO  base.BaseClass - Found Element By {by.toString()}
2023-11-29 21:31:01,163 [main] INFO  base.BaseClass - Trying to find Element By {by.toString()})
2023-11-29 21:31:01,172 [main] INFO  base.BaseClass - Found Element By {by.toString()}
2023-11-29 21:31:01,172 [main] INFO  base.BaseClass - Trying to click on: {element.toString()}
2023-11-29 21:31:01,207 [main] INFO  base.BaseClass - Clicked on: {element.toString()}
2023-11-29 21:31:01,207 [main] INFO  base.BaseClass - Trying to find Element By {by.toString()})
2023-11-29 21:31:01,216 [main] INFO  base.BaseClass - Found Element By {by.toString()}
2023-11-29 21:31:01,270 [main] INFO  base.BaseClass - Trying to find Element By {by.toString()})
2023-11-29 21:31:01,285 [main] INFO  base.BaseClass - Found Element By {by.toString()}
2023-11-29 21:31:01,802 [main] INFO  base.BaseClass - Trying to find Element By {by.toString()})
2023-11-29 21:31:01,820 [main] INFO  base.BaseClass - Found Element By {by.toString()}
2023-11-29 21:31:02,346 [main] INFO  base.BaseClass - Trying to find Element By {by.toString()})
2023-11-29 21:31:02,357 [main] INFO  base.BaseClass - Found Element By {by.toString()}
2023-11-29 21:31:02,907 [main] INFO  base.BaseClass - Trying to find Element By {by.toString()})
2023-11-29 21:31:02,937 [main] INFO  base.BaseClass - Found Element By {by.toString()}
2023-11-29 21:31:03,494 [main] INFO  base.BaseClass - Trying to find Element By {by.toString()})
2023-11-29 21:31:03,507 [main] INFO  base.BaseClass - Found Element By {by.toString()}
2023-11-29 21:31:04,039 [main] INFO  base.BaseClass - Trying to find Element By {by.toString()})
2023-11-29 21:31:04,050 [main] INFO  base.BaseClass - Found Element By {by.toString()}
2023-11-29 21:31:04,567 [main] INFO  base.BaseClass - Trying to find Element By {by.toString()})
2023-11-29 21:31:04,587 [main] INFO  base.BaseClass - Found Element By {by.toString()}
2023-11-29 21:31:05,110 [main] INFO  base.BaseClass - Trying to find Element By {by.toString()})
2023-11-29 21:31:05,120 [main] INFO  base.BaseClass - Found Element By {by.toString()}
2023-11-29 21:31:05,639 [main] INFO  base.BaseClass - Trying to find Element By {by.toString()})
2023-11-29 21:31:05,653 [main] INFO  base.BaseClass - Found Element By {by.toString()}
2023-11-29 21:31:06,181 [main] INFO  base.BaseClass - Trying to find Element By {by.toString()})
2023-11-29 21:31:06,203 [main] INFO  base.BaseClass - Found Element By {by.toString()}
2023-11-29 21:31:06,738 [main] INFO  base.BaseClass - Trying to find Element By {by.toString()})
2023-11-29 21:31:06,760 [main] INFO  base.BaseClass - Found Element By {by.toString()}
2023-11-29 21:31:07,284 [main] INFO  base.BaseClass - Trying to find Element By {by.toString()})
2023-11-29 21:31:07,303 [main] INFO  base.BaseClass - Found Element By {by.toString()}
2023-11-29 21:31:07,826 [main] INFO  base.BaseClass - Trying to find Element By {by.toString()})
2023-11-29 21:31:07,848 [main] INFO  base.BaseClass - Found Element By {by.toString()}
2023-11-29 21:31:08,383 [main] INFO  base.BaseClass - Trying to find Element By {by.toString()})
2023-11-29 21:31:08,401 [main] INFO  base.BaseClass - Found Element By {by.toString()}
2023-11-29 21:31:08,924 [main] INFO  base.BaseClass - Trying to find Element By {by.toString()})
2023-11-29 21:31:08,938 [main] INFO  base.BaseClass - Found Element By {by.toString()}
2023-11-29 21:31:09,468 [main] INFO  base.BaseClass - Trying to find Element By {by.toString()})
2023-11-29 21:31:09,478 [main] INFO  base.BaseClass - Found Element By {by.toString()}
2023-11-29 21:31:09,996 [main] INFO  base.BaseClass - Trying to find Element By {by.toString()})
2023-11-29 21:31:10,007 [main] INFO  base.BaseClass - Found Element By {by.toString()}
2023-11-29 21:31:10,534 [main] INFO  base.BaseClass - Trying to find Element By {by.toString()})
2023-11-29 21:31:10,553 [main] INFO  base.BaseClass - Found Element By {by.toString()}
2023-11-29 21:31:11,076 [main] INFO  base.BaseClass - Trying to find Element By {by.toString()})
2023-11-29 21:31:11,084 [main] INFO  base.BaseClass - Found Element By {by.toString()}
2023-11-29 21:31:11,600 [main] INFO  base.BaseClass - Trying to find Element By {by.toString()})
2023-11-29 21:31:11,623 [main] INFO  base.BaseClass - Found Element By {by.toString()}
2023-11-29 21:31:12,160 [main] INFO  base.BaseClass - Trying to find Element By {by.toString()})
2023-11-29 21:31:12,185 [main] INFO  base.BaseClass - Found Element By {by.toString()}
2023-11-29 21:31:12,705 [main] INFO  base.BaseClass - Trying to find Element By {by.toString()})
2023-11-29 21:31:12,727 [main] INFO  base.BaseClass - Found Element By {by.toString()}
2023-11-29 21:31:13,263 [main] INFO  base.BaseClass - Trying to find Element By {by.toString()})
2023-11-29 21:31:13,281 [main] INFO  base.BaseClass - Found Element By {by.toString()}
2023-11-29 21:31:13,820 [main] INFO  base.BaseClass - Trying to find Element By {by.toString()})
2023-11-29 21:31:13,834 [main] INFO  base.BaseClass - Found Element By {by.toString()}
2023-11-29 21:31:14,364 [main] INFO  base.BaseClass - Trying to find Element By {by.toString()})
2023-11-29 21:31:14,380 [main] INFO  base.BaseClass - Found Element By {by.toString()}
2023-11-29 21:31:14,909 [main] INFO  base.BaseClass - Trying to find Element By {by.toString()})
2023-11-29 21:31:14,924 [main] INFO  base.BaseClass - Found Element By {by.toString()}
2023-11-29 21:31:15,451 [main] INFO  base.BaseClass - Trying to find Element By {by.toString()})
2023-11-29 21:31:15,473 [main] INFO  base.BaseClass - Found Element By {by.toString()}
2023-11-29 21:31:15,994 [main] INFO  base.BaseClass - Trying to find Element By {by.toString()})
2023-11-29 21:31:16,015 [main] INFO  base.BaseClass - Found Element By {by.toString()}
2023-11-29 21:31:16,552 [main] INFO  base.BaseClass - Trying to find Element By {by.toString()})
2023-11-29 21:31:16,574 [main] INFO  base.BaseClass - Found Element By {by.toString()}
2023-11-29 21:31:17,095 [main] INFO  base.BaseClass - Trying to find Element By {by.toString()})
2023-11-29 21:31:17,106 [main] INFO  base.BaseClass - Found Element By {by.toString()}
2023-11-29 21:31:17,637 [main] INFO  base.BaseClass - Trying to find Element By {by.toString()})
2023-11-29 21:31:17,652 [main] INFO  base.BaseClass - Found Element By {by.toString()}
2023-11-29 21:31:18,180 [main] INFO  base.BaseClass - Trying to find Element By {by.toString()})
2023-11-29 21:31:18,204 [main] INFO  base.BaseClass - Found Element By {by.toString()}
2023-11-29 21:31:18,738 [main] INFO  base.BaseClass - Trying to find Element By {by.toString()})
2023-11-29 21:31:18,756 [main] INFO  base.BaseClass - Found Element By {by.toString()}
2023-11-29 21:31:19,300 [main] INFO  base.BaseClass - Trying to find Element By {by.toString()})
2023-11-29 21:31:19,322 [main] INFO  base.BaseClass - Found Element By {by.toString()}
2023-11-29 21:31:19,843 [main] INFO  base.BaseClass - Trying to find Element By {by.toString()})
2023-11-29 21:31:19,911 [main] INFO  base.BaseClass - Found Element By {by.toString()}
2023-11-29 21:31:20,433 [main] INFO  base.BaseClass - Trying to find Element By {by.toString()})
2023-11-29 21:31:20,461 [main] INFO  base.BaseClass - Found Element By {by.toString()}
2023-11-29 21:31:20,992 [main] INFO  base.BaseClass - Trying to find Element By {by.toString()})
2023-11-29 21:31:21,006 [main] INFO  base.BaseClass - Found Element By {by.toString()}
2023-11-29 21:31:21,537 [main] INFO  base.BaseClass - Trying to find Element By {by.toString()})
2023-11-29 21:31:21,559 [main] INFO  base.BaseClass - Found Element By {by.toString()}
2023-11-29 21:31:22,083 [main] INFO  base.BaseClass - Trying to find Element By {by.toString()})
2023-11-29 21:31:22,105 [main] INFO  base.BaseClass - Found Element By {by.toString()}
2023-11-29 21:31:22,642 [main] INFO  base.BaseClass - Trying to find Element By {by.toString()})
2023-11-29 21:31:22,661 [main] INFO  base.BaseClass - Found Element By {by.toString()}
2023-11-29 21:31:23,199 [main] INFO  base.BaseClass - Trying to find Element By {by.toString()})
2023-11-29 21:31:23,224 [main] INFO  base.BaseClass - Found Element By {by.toString()}
2023-11-29 21:31:23,745 [main] INFO  base.BaseClass - Trying to find Element By {by.toString()})
2023-11-29 21:31:23,763 [main] INFO  base.BaseClass - Found Element By {by.toString()}
2023-11-29 21:31:24,292 [main] INFO  base.BaseClass - Trying to find Element By {by.toString()})
2023-11-29 21:31:24,308 [main] INFO  base.BaseClass - Found Element By {by.toString()}
2023-11-29 21:31:24,834 [main] INFO  base.BaseClass - Trying to find Element By {by.toString()})
2023-11-29 21:31:24,861 [main] INFO  base.BaseClass - Found Element By {by.toString()}
2023-11-29 21:31:25,391 [main] INFO  base.BaseClass - Trying to find Element By {by.toString()})
2023-11-29 21:31:25,412 [main] INFO  base.BaseClass - Found Element By {by.toString()}
2023-11-29 21:31:25,934 [main] INFO  base.BaseClass - Trying to find Element By {by.toString()})
2023-11-29 21:31:25,946 [main] INFO  base.BaseClass - Found Element By {by.toString()}
2023-11-29 21:31:26,480 [main] INFO  base.BaseClass - Trying to find Element By {by.toString()})
2023-11-29 21:31:26,490 [main] INFO  base.BaseClass - Found Element By {by.toString()}
2023-11-29 21:31:27,006 [main] INFO  base.BaseClass - Trying to find Element By {by.toString()})
2023-11-29 21:31:27,022 [main] INFO  base.BaseClass - Found Element By {by.toString()}
2023-11-29 21:31:27,553 [main] INFO  base.BaseClass - Trying to find Element By {by.toString()})
2023-11-29 21:31:27,565 [main] INFO  base.BaseClass - Found Element By {by.toString()}
2023-11-29 21:31:28,094 [main] INFO  base.BaseClass - Trying to find Element By {by.toString()})
2023-11-29 21:31:28,113 [main] INFO  base.BaseClass - Found Element By {by.toString()}
2023-11-29 21:31:28,636 [main] INFO  base.BaseClass - Trying to find Element By {by.toString()})
2023-11-29 21:31:28,658 [main] INFO  base.BaseClass - Found Element By {by.toString()}
2023-11-29 21:31:29,180 [main] INFO  base.BaseClass - Trying to find Element By {by.toString()})
2023-11-29 21:31:29,196 [main] INFO  base.BaseClass - Found Element By {by.toString()}
2023-11-29 21:31:29,726 [main] INFO  base.BaseClass - Trying to find Element By {by.toString()})
2023-11-29 21:31:29,746 [main] INFO  base.BaseClass - Found Element By {by.toString()}
2023-11-29 21:31:30,267 [main] INFO  base.BaseClass - Trying to find Element By {by.toString()})
2023-11-29 21:31:30,285 [main] INFO  base.BaseClass - Found Element By {by.toString()}
2023-11-29 21:31:30,811 [main] INFO  base.BaseClass - Trying to find Element By {by.toString()})
2023-11-29 21:31:30,824 [main] INFO  base.BaseClass - Found Element By {by.toString()}
2023-11-29 21:31:31,341 [main] INFO  base.BaseClass - Trying to find Element By {by.toString()})
2023-11-29 21:31:31,363 [main] INFO  base.BaseClass - Found Element By {by.toString()}
TimeoutException occurred: Expected condition failed: waiting for helper.WaitUtility$5@c4fc610 (tried for 30 second(s) with 500 milliseconds interval)
Build info: version: '3.141.59', revision: 'e82be7d358', time: '2018-11-14T08:17:03'
System info: host: 'DPLAP166', ip: '137.237.3.153', os.name: 'Windows 10', os.arch: 'amd64', os.version: '10.0', java.version: '19.0.1'
Driver info: org.openqa.selenium.support.events.EventFiringWebDriver
Capabilities {acceptInsecureCerts: true, browserName: chrome, browserVersion: 119.0.6045.200, chrome: {chromedriverVersion: 119.0.6045.105 (38c72552c5e..., userDataDir: C:\Users\dP-PL\AppData\Loca...}, fedcm:accounts: true, goog:chromeOptions: {debuggerAddress: localhost:50091}, javascriptEnabled: true, networkConnectionEnabled: false, pageLoadStrategy: normal, platform: WINDOWS, platformName: WINDOWS, proxy: Proxy(), setWindowRect: true, strictFileInteractability: false, timeouts: {implicit: 0, pageLoad: 300000, script: 30000}, unhandledPromptBehavior: dismiss and notify, webauthn:extension:credBlob: true, webauthn:extension:largeBlob: true, webauthn:extension:minPinLength: true, webauthn:extension:prf: true, webauthn:virtualAuthenticators: true}
Session ID: 694c67e2b41bbee132cbcacd5abe9663
2023-11-29 21:31:31,390 [main] ERROR XGLT_15177_Test - Element did not become visible within the specified time: Expected condition failed: waiting for helper.WaitUtility$5@c4fc610 (tried for 30 second(s) with 500 milliseconds interval)
Build info: version: '3.141.59', revision: 'e82be7d358', time: '2018-11-14T08:17:03'
System info: host: 'DPLAP166', ip: '137.237.3.153', os.name: 'Windows 10', os.arch: 'amd64', os.version: '10.0', java.version: '19.0.1'
Driver info: org.openqa.selenium.support.events.EventFiringWebDriver
Capabilities {acceptInsecureCerts: true, browserName: chrome, browserVersion: 119.0.6045.200, chrome: {chromedriverVersion: 119.0.6045.105 (38c72552c5e..., userDataDir: C:\Users\dP-PL\AppData\Loca...}, fedcm:accounts: true, goog:chromeOptions: {debuggerAddress: localhost:50091}, javascriptEnabled: true, networkConnectionEnabled: false, pageLoadStrategy: normal, platform: WINDOWS, platformName: WINDOWS, proxy: Proxy(), setWindowRect: true, strictFileInteractability: false, timeouts: {implicit: 0, pageLoad: 300000, script: 30000}, unhandledPromptBehavior: dismiss and notify, webauthn:extension:credBlob: true, webauthn:extension:largeBlob: true, webauthn:extension:minPinLength: true, webauthn:extension:prf: true, webauthn:virtualAuthenticators: true}
Session ID: 694c67e2b41bbee132cbcacd5abe9663
2023-11-29 21:31:31,390 [main] INFO  base.BaseClass - Trying to find Element By {by.toString()})
2023-11-29 21:31:31,406 [main] INFO  base.BaseClass - Found Element By {by.toString()}
2023-11-29 21:31:31,406 [main] INFO  base.BaseClass - Trying to click on: {element.toString()}
2023-11-29 21:31:31,472 [main] INFO  base.BaseClass - Clicked on: {element.toString()}
2023-11-29 21:31:31,472 [main] INFO  base.BaseClass - Trying to find Element By {by.toString()})
2023-11-29 21:31:31,485 [main] INFO  base.BaseClass - Found Element By {by.toString()}
Network 03 is created
create_Network passed!
]]></system-out>
  </testcase>
  <testcase name="CreateNewSalesPerson" classname="XGLT_6748_Test" time="268.799">
    <system-out><![CDATA[2023-11-29 21:31:31,656 [main] INFO  XGLT_15177_Test - closing up browser
2023-11-29 21:31:31,947 [main] INFO  XGLT_15177_Test - closing up browser
2023-11-29 21:31:31,949 [main] INFO  base.BaseClass - Login to XGL
2023-11-29 21:31:31,949 [main] INFO  XGLT_15177_Test - Setting up browser
2023-11-29 21:31:31,988 [main] INFO  io.github.bonigarcia.wdm.WebDriverManager - Using chromedriver 119.0.6045.105 (resolved driver for Chrome 119)
2023-11-29 21:31:32,011 [main] INFO  io.github.bonigarcia.wdm.WebDriverManager - Exporting webdriver.chrome.driver as C:\Users\dP-PL\.cache\selenium\chromedriver\win64\119.0.6045.105\chromedriver.exe
2023-11-29 21:31:33,368 [main] INFO  base.BaseClass - Before navigating to {url}
2023-11-29 21:31:39,256 [main] INFO  base.BaseClass - Navigated to {url}
2023-11-29 21:31:39,730 [main] INFO  base.BaseClass - Trying to find Element By {by.toString()})
2023-11-29 21:31:39,749 [main] INFO  base.BaseClass - Found Element By {by.toString()}
2023-11-29 21:31:39,797 [main] INFO  base.BaseClass - Trying to find Element By {by.toString()})
2023-11-29 21:31:39,810 [main] INFO  base.BaseClass - Found Element By {by.toString()}
2023-11-29 21:31:39,876 [main] INFO  base.BaseClass - Trying to find Element By {by.toString()})
2023-11-29 21:31:39,890 [main] INFO  base.BaseClass - Found Element By {by.toString()}
2023-11-29 21:31:39,890 [main] INFO  base.BaseClass - Trying to click on: {element.toString()}
2023-11-29 21:31:39,927 [main] INFO  base.BaseClass - Clicked on: {element.toString()}
2023-11-29 21:31:39,927 [main] INFO  base.BaseClass - Trying to find Element By {by.toString()})
2023-11-29 21:31:50,440 [main] INFO  base.BaseClass - Found Element By {by.toString()}
2023-11-29 21:31:50,464 [main] INFO  base.BaseClass - Trying to find Element By {by.toString()})
NoSuchElementException occurred: no such element: Unable to locate element: {"method":"xpath","selector":"//div[@class='modal-content']/div/i[contains(@class,'close')]"}
  (Session info: chrome=119.0.6045.200)
For documentation on this error, please visit: https://www.seleniumhq.org/exceptions/no_such_element.html
Build info: version: '3.141.59', revision: 'e82be7d358', time: '2018-11-14T08:17:03'
System info: host: 'DPLAP166', ip: '137.237.3.153', os.name: 'Windows 10', os.arch: 'amd64', os.version: '10.0', java.version: '19.0.1'
Driver info: org.openqa.selenium.chrome.ChromeDriver
Capabilities {acceptInsecureCerts: true, browserName: chrome, browserVersion: 119.0.6045.200, chrome: {chromedriverVersion: 119.0.6045.105 (38c72552c5e..., userDataDir: C:\Users\dP-PL\AppData\Loca...}, fedcm:accounts: true, goog:chromeOptions: {debuggerAddress: localhost:50808}, javascriptEnabled: true, networkConnectionEnabled: false, pageLoadStrategy: normal, platform: WINDOWS, platformName: WINDOWS, proxy: Proxy(), setWindowRect: true, strictFileInteractability: false, timeouts: {implicit: 0, pageLoad: 300000, script: 30000}, unhandledPromptBehavior: dismiss and notify, webauthn:extension:credBlob: true, webauthn:extension:largeBlob: true, webauthn:extension:minPinLength: true, webauthn:extension:prf: true, webauthn:virtualAuthenticators: true}
Session ID: fd2d99cf60a899f1e240ca18afbc2ce1
*** Element info: {Using=xpath, value=//div[@class='modal-content']/div/i[contains(@class,'close')]}
Before method Test name: Maintainance Tests
CreateNewSalesPerson started!
2023-11-29 21:32:40,547 [main] INFO  base.BaseClass - Trying to find Element By {by.toString()})
2023-11-29 21:32:40,561 [main] INFO  base.BaseClass - Found Element By {by.toString()}
2023-11-29 21:32:41,090 [main] INFO  base.BaseClass - Trying to find Element By {by.toString()})
2023-11-29 21:32:41,098 [main] INFO  base.BaseClass - Found Element By {by.toString()}
2023-11-29 21:32:41,618 [main] INFO  base.BaseClass - Trying to find Element By {by.toString()})
2023-11-29 21:32:41,637 [main] INFO  base.BaseClass - Found Element By {by.toString()}
2023-11-29 21:32:42,176 [main] INFO  base.BaseClass - Trying to find Element By {by.toString()})
2023-11-29 21:32:42,189 [main] INFO  base.BaseClass - Found Element By {by.toString()}
2023-11-29 21:32:42,717 [main] INFO  base.BaseClass - Trying to find Element By {by.toString()})
2023-11-29 21:32:42,738 [main] INFO  base.BaseClass - Found Element By {by.toString()}
2023-11-29 21:32:43,272 [main] INFO  base.BaseClass - Trying to find Element By {by.toString()})
2023-11-29 21:32:43,282 [main] INFO  base.BaseClass - Found Element By {by.toString()}
2023-11-29 21:32:43,801 [main] INFO  base.BaseClass - Trying to find Element By {by.toString()})
2023-11-29 21:32:43,826 [main] INFO  base.BaseClass - Found Element By {by.toString()}
2023-11-29 21:32:44,358 [main] INFO  base.BaseClass - Trying to find Element By {by.toString()})
2023-11-29 21:32:44,366 [main] INFO  base.BaseClass - Found Element By {by.toString()}
2023-11-29 21:32:44,885 [main] INFO  base.BaseClass - Trying to find Element By {by.toString()})
2023-11-29 21:32:44,895 [main] INFO  base.BaseClass - Found Element By {by.toString()}
2023-11-29 21:32:45,411 [main] INFO  base.BaseClass - Trying to find Element By {by.toString()})
2023-11-29 21:32:45,425 [main] INFO  base.BaseClass - Found Element By {by.toString()}
2023-11-29 21:32:45,951 [main] INFO  base.BaseClass - Trying to find Element By {by.toString()})
2023-11-29 21:32:45,961 [main] INFO  base.BaseClass - Found Element By {by.toString()}
2023-11-29 21:32:46,491 [main] INFO  base.BaseClass - Trying to find Element By {by.toString()})
2023-11-29 21:32:46,507 [main] INFO  base.BaseClass - Found Element By {by.toString()}
2023-11-29 21:32:47,035 [main] INFO  base.BaseClass - Trying to find Element By {by.toString()})
2023-11-29 21:32:47,051 [main] INFO  base.BaseClass - Found Element By {by.toString()}
2023-11-29 21:32:47,580 [main] INFO  base.BaseClass - Trying to find Element By {by.toString()})
2023-11-29 21:32:47,603 [main] INFO  base.BaseClass - Found Element By {by.toString()}
2023-11-29 21:32:48,140 [main] INFO  base.BaseClass - Trying to find Element By {by.toString()})
2023-11-29 21:32:48,159 [main] INFO  base.BaseClass - Found Element By {by.toString()}
2023-11-29 21:32:48,694 [main] INFO  base.BaseClass - Trying to find Element By {by.toString()})
2023-11-29 21:32:48,720 [main] INFO  base.BaseClass - Found Element By {by.toString()}
2023-11-29 21:32:49,251 [main] INFO  base.BaseClass - Trying to find Element By {by.toString()})
2023-11-29 21:32:49,265 [main] INFO  base.BaseClass - Found Element By {by.toString()}
2023-11-29 21:32:49,781 [main] INFO  base.BaseClass - Trying to find Element By {by.toString()})
2023-11-29 21:32:49,792 [main] INFO  base.BaseClass - Found Element By {by.toString()}
2023-11-29 21:32:50,311 [main] INFO  base.BaseClass - Trying to find Element By {by.toString()})
2023-11-29 21:32:50,320 [main] INFO  base.BaseClass - Found Element By {by.toString()}
2023-11-29 21:32:50,855 [main] INFO  base.BaseClass - Trying to find Element By {by.toString()})
2023-11-29 21:32:50,870 [main] INFO  base.BaseClass - Found Element By {by.toString()}
2023-11-29 21:32:51,400 [main] INFO  base.BaseClass - Trying to find Element By {by.toString()})
2023-11-29 21:32:51,419 [main] INFO  base.BaseClass - Found Element By {by.toString()}
2023-11-29 21:32:51,956 [main] INFO  base.BaseClass - Trying to find Element By {by.toString()})
2023-11-29 21:32:51,975 [main] INFO  base.BaseClass - Found Element By {by.toString()}
2023-11-29 21:32:52,516 [main] INFO  base.BaseClass - Trying to find Element By {by.toString()})
2023-11-29 21:32:52,541 [main] INFO  base.BaseClass - Found Element By {by.toString()}
2023-11-29 21:32:53,074 [main] INFO  base.BaseClass - Trying to find Element By {by.toString()})
2023-11-29 21:32:53,095 [main] INFO  base.BaseClass - Found Element By {by.toString()}
2023-11-29 21:32:53,623 [main] INFO  base.BaseClass - Trying to find Element By {by.toString()})
2023-11-29 21:32:53,646 [main] INFO  base.BaseClass - Found Element By {by.toString()}
2023-11-29 21:32:54,177 [main] INFO  base.BaseClass - Trying to find Element By {by.toString()})
2023-11-29 21:32:54,192 [main] INFO  base.BaseClass - Found Element By {by.toString()}
2023-11-29 21:32:54,724 [main] INFO  base.BaseClass - Trying to find Element By {by.toString()})
2023-11-29 21:32:54,739 [main] INFO  base.BaseClass - Found Element By {by.toString()}
2023-11-29 21:32:55,270 [main] INFO  base.BaseClass - Trying to find Element By {by.toString()})
2023-11-29 21:32:55,289 [main] INFO  base.BaseClass - Found Element By {by.toString()}
2023-11-29 21:32:55,812 [main] INFO  base.BaseClass - Trying to find Element By {by.toString()})
2023-11-29 21:32:55,834 [main] INFO  base.BaseClass - Found Element By {by.toString()}
2023-11-29 21:32:56,371 [main] INFO  base.BaseClass - Trying to find Element By {by.toString()})
2023-11-29 21:32:56,396 [main] INFO  base.BaseClass - Found Element By {by.toString()}
2023-11-29 21:32:56,931 [main] INFO  base.BaseClass - Trying to find Element By {by.toString()})
2023-11-29 21:32:56,948 [main] INFO  base.BaseClass - Found Element By {by.toString()}
2023-11-29 21:32:57,473 [main] INFO  base.BaseClass - Trying to find Element By {by.toString()})
2023-11-29 21:32:57,495 [main] INFO  base.BaseClass - Found Element By {by.toString()}
2023-11-29 21:32:58,017 [main] INFO  base.BaseClass - Trying to find Element By {by.toString()})
2023-11-29 21:32:58,042 [main] INFO  base.BaseClass - Found Element By {by.toString()}
2023-11-29 21:32:58,578 [main] INFO  base.BaseClass - Trying to find Element By {by.toString()})
2023-11-29 21:32:58,602 [main] INFO  base.BaseClass - Found Element By {by.toString()}
2023-11-29 21:32:59,140 [main] INFO  base.BaseClass - Trying to find Element By {by.toString()})
2023-11-29 21:32:59,155 [main] INFO  base.BaseClass - Found Element By {by.toString()}
2023-11-29 21:32:59,681 [main] INFO  base.BaseClass - Trying to find Element By {by.toString()})
2023-11-29 21:32:59,699 [main] INFO  base.BaseClass - Found Element By {by.toString()}
2023-11-29 21:33:00,225 [main] INFO  base.BaseClass - Trying to find Element By {by.toString()})
2023-11-29 21:33:00,241 [main] INFO  base.BaseClass - Found Element By {by.toString()}
2023-11-29 21:33:00,765 [main] INFO  base.BaseClass - Trying to find Element By {by.toString()})
2023-11-29 21:33:00,787 [main] INFO  base.BaseClass - Found Element By {by.toString()}
2023-11-29 21:33:01,322 [main] INFO  base.BaseClass - Trying to find Element By {by.toString()})
2023-11-29 21:33:01,337 [main] INFO  base.BaseClass - Found Element By {by.toString()}
2023-11-29 21:33:01,862 [main] INFO  base.BaseClass - Trying to find Element By {by.toString()})
2023-11-29 21:33:01,880 [main] INFO  base.BaseClass - Found Element By {by.toString()}
2023-11-29 21:33:02,404 [main] INFO  base.BaseClass - Trying to find Element By {by.toString()})
2023-11-29 21:33:02,427 [main] INFO  base.BaseClass - Found Element By {by.toString()}
2023-11-29 21:33:02,948 [main] INFO  base.BaseClass - Trying to find Element By {by.toString()})
2023-11-29 21:33:02,972 [main] INFO  base.BaseClass - Found Element By {by.toString()}
2023-11-29 21:33:03,501 [main] INFO  base.BaseClass - Trying to find Element By {by.toString()})
2023-11-29 21:33:03,522 [main] INFO  base.BaseClass - Found Element By {by.toString()}
2023-11-29 21:33:04,059 [main] INFO  base.BaseClass - Trying to find Element By {by.toString()})
2023-11-29 21:33:04,084 [main] INFO  base.BaseClass - Found Element By {by.toString()}
2023-11-29 21:33:04,618 [main] INFO  base.BaseClass - Trying to find Element By {by.toString()})
2023-11-29 21:33:04,634 [main] INFO  base.BaseClass - Found Element By {by.toString()}
2023-11-29 21:33:05,164 [main] INFO  base.BaseClass - Trying to find Element By {by.toString()})
2023-11-29 21:33:05,183 [main] INFO  base.BaseClass - Found Element By {by.toString()}
2023-11-29 21:33:05,709 [main] INFO  base.BaseClass - Trying to find Element By {by.toString()})
2023-11-29 21:33:05,731 [main] INFO  base.BaseClass - Found Element By {by.toString()}
2023-11-29 21:33:06,251 [main] INFO  base.BaseClass - Trying to find Element By {by.toString()})
2023-11-29 21:33:06,261 [main] INFO  base.BaseClass - Found Element By {by.toString()}
2023-11-29 21:33:06,777 [main] INFO  base.BaseClass - Trying to find Element By {by.toString()})
2023-11-29 21:33:06,797 [main] INFO  base.BaseClass - Found Element By {by.toString()}
2023-11-29 21:33:07,336 [main] INFO  base.BaseClass - Trying to find Element By {by.toString()})
2023-11-29 21:33:07,357 [main] INFO  base.BaseClass - Found Element By {by.toString()}
2023-11-29 21:33:07,877 [main] INFO  base.BaseClass - Trying to find Element By {by.toString()})
2023-11-29 21:33:07,896 [main] INFO  base.BaseClass - Found Element By {by.toString()}
2023-11-29 21:33:08,431 [main] INFO  base.BaseClass - Trying to find Element By {by.toString()})
2023-11-29 21:33:08,450 [main] INFO  base.BaseClass - Found Element By {by.toString()}
2023-11-29 21:33:08,985 [main] INFO  base.BaseClass - Trying to find Element By {by.toString()})
2023-11-29 21:33:09,005 [main] INFO  base.BaseClass - Found Element By {by.toString()}
2023-11-29 21:33:09,526 [main] INFO  base.BaseClass - Trying to find Element By {by.toString()})
2023-11-29 21:33:09,545 [main] INFO  base.BaseClass - Found Element By {by.toString()}
2023-11-29 21:33:10,072 [main] INFO  base.BaseClass - Trying to find Element By {by.toString()})
2023-11-29 21:33:10,091 [main] INFO  base.BaseClass - Found Element By {by.toString()}
2023-11-29 21:33:10,617 [main] INFO  base.BaseClass - Trying to find Element By {by.toString()})
2023-11-29 21:33:10,636 [main] INFO  base.BaseClass - Found Element By {by.toString()}
TimeoutException occurred: Expected condition failed: waiting for helper.WaitUtility$5@40f7fb45 (tried for 30 second(s) with 500 milliseconds interval)
Build info: version: '3.141.59', revision: 'e82be7d358', time: '2018-11-14T08:17:03'
System info: host: 'DPLAP166', ip: '137.237.3.153', os.name: 'Windows 10', os.arch: 'amd64', os.version: '10.0', java.version: '19.0.1'
Driver info: org.openqa.selenium.support.events.EventFiringWebDriver
Capabilities {acceptInsecureCerts: true, browserName: chrome, browserVersion: 119.0.6045.200, chrome: {chromedriverVersion: 119.0.6045.105 (38c72552c5e..., userDataDir: C:\Users\dP-PL\AppData\Loca...}, fedcm:accounts: true, goog:chromeOptions: {debuggerAddress: localhost:50808}, javascriptEnabled: true, networkConnectionEnabled: false, pageLoadStrategy: normal, platform: WINDOWS, platformName: WINDOWS, proxy: Proxy(), setWindowRect: true, strictFileInteractability: false, timeouts: {implicit: 0, pageLoad: 300000, script: 30000}, unhandledPromptBehavior: dismiss and notify, webauthn:extension:credBlob: true, webauthn:extension:largeBlob: true, webauthn:extension:minPinLength: true, webauthn:extension:prf: true, webauthn:virtualAuthenticators: true}
Session ID: fd2d99cf60a899f1e240ca18afbc2ce1
2023-11-29 21:33:10,650 [main] ERROR XGLT_15177_Test - Element did not become visible within the specified time: Expected condition failed: waiting for helper.WaitUtility$5@40f7fb45 (tried for 30 second(s) with 500 milliseconds interval)
Build info: version: '3.141.59', revision: 'e82be7d358', time: '2018-11-14T08:17:03'
System info: host: 'DPLAP166', ip: '137.237.3.153', os.name: 'Windows 10', os.arch: 'amd64', os.version: '10.0', java.version: '19.0.1'
Driver info: org.openqa.selenium.support.events.EventFiringWebDriver
Capabilities {acceptInsecureCerts: true, browserName: chrome, browserVersion: 119.0.6045.200, chrome: {chromedriverVersion: 119.0.6045.105 (38c72552c5e..., userDataDir: C:\Users\dP-PL\AppData\Loca...}, fedcm:accounts: true, goog:chromeOptions: {debuggerAddress: localhost:50808}, javascriptEnabled: true, networkConnectionEnabled: false, pageLoadStrategy: normal, platform: WINDOWS, platformName: WINDOWS, proxy: Proxy(), setWindowRect: true, strictFileInteractability: false, timeouts: {implicit: 0, pageLoad: 300000, script: 30000}, unhandledPromptBehavior: dismiss and notify, webauthn:extension:credBlob: true, webauthn:extension:largeBlob: true, webauthn:extension:minPinLength: true, webauthn:extension:prf: true, webauthn:virtualAuthenticators: true}
Session ID: fd2d99cf60a899f1e240ca18afbc2ce1
2023-11-29 21:33:10,650 [main] INFO  base.BaseClass - Trying to find Element By {by.toString()})
2023-11-29 21:33:10,659 [main] INFO  base.BaseClass - Found Element By {by.toString()}
2023-11-29 21:33:10,659 [main] INFO  base.BaseClass - Trying to click on: {element.toString()}
2023-11-29 21:33:10,728 [main] INFO  base.BaseClass - Clicked on: {element.toString()}
2023-11-29 21:33:10,728 [main] INFO  base.BaseClass - Trying to find Element By {by.toString()})
2023-11-29 21:33:10,741 [main] INFO  base.BaseClass - Found Element By {by.toString()}
2023-11-29 21:33:11,256 [main] INFO  base.BaseClass - Trying to find Element By {by.toString()})
2023-11-29 21:33:11,280 [main] INFO  base.BaseClass - Found Element By {by.toString()}
2023-11-29 21:33:11,800 [main] INFO  base.BaseClass - Trying to find Element By {by.toString()})
2023-11-29 21:33:11,830 [main] INFO  base.BaseClass - Found Element By {by.toString()}
2023-11-29 21:33:12,355 [main] INFO  base.BaseClass - Trying to find Element By {by.toString()})
2023-11-29 21:33:12,373 [main] INFO  base.BaseClass - Found Element By {by.toString()}
2023-11-29 21:33:12,898 [main] INFO  base.BaseClass - Trying to find Element By {by.toString()})
2023-11-29 21:33:12,917 [main] INFO  base.BaseClass - Found Element By {by.toString()}
2023-11-29 21:33:13,440 [main] INFO  base.BaseClass - Trying to find Element By {by.toString()})
2023-11-29 21:33:13,461 [main] INFO  base.BaseClass - Found Element By {by.toString()}
2023-11-29 21:33:13,979 [main] INFO  base.BaseClass - Trying to find Element By {by.toString()})
2023-11-29 21:33:14,007 [main] INFO  base.BaseClass - Found Element By {by.toString()}
2023-11-29 21:33:14,536 [main] INFO  base.BaseClass - Trying to find Element By {by.toString()})
2023-11-29 21:33:14,560 [main] INFO  base.BaseClass - Found Element By {by.toString()}
2023-11-29 21:33:15,090 [main] INFO  base.BaseClass - Trying to find Element By {by.toString()})
2023-11-29 21:33:15,113 [main] INFO  base.BaseClass - Found Element By {by.toString()}
2023-11-29 21:33:15,650 [main] INFO  base.BaseClass - Trying to find Element By {by.toString()})
2023-11-29 21:33:15,667 [main] INFO  base.BaseClass - Found Element By {by.toString()}
2023-11-29 21:33:16,196 [main] INFO  base.BaseClass - Trying to find Element By {by.toString()})
2023-11-29 21:33:16,220 [main] INFO  base.BaseClass - Found Element By {by.toString()}
2023-11-29 21:33:16,753 [main] INFO  base.BaseClass - Trying to find Element By {by.toString()})
2023-11-29 21:33:16,769 [main] INFO  base.BaseClass - Found Element By {by.toString()}
2023-11-29 21:33:17,293 [main] INFO  base.BaseClass - Trying to find Element By {by.toString()})
2023-11-29 21:33:17,306 [main] INFO  base.BaseClass - Found Element By {by.toString()}
2023-11-29 21:33:17,819 [main] INFO  base.BaseClass - Trying to find Element By {by.toString()})
2023-11-29 21:33:17,831 [main] INFO  base.BaseClass - Found Element By {by.toString()}
2023-11-29 21:33:18,361 [main] INFO  base.BaseClass - Trying to find Element By {by.toString()})
2023-11-29 21:33:18,378 [main] INFO  base.BaseClass - Found Element By {by.toString()}
2023-11-29 21:33:18,901 [main] INFO  base.BaseClass - Trying to find Element By {by.toString()})
2023-11-29 21:33:18,912 [main] INFO  base.BaseClass - Found Element By {by.toString()}
2023-11-29 21:33:19,438 [main] INFO  base.BaseClass - Trying to find Element By {by.toString()})
2023-11-29 21:33:19,450 [main] INFO  base.BaseClass - Found Element By {by.toString()}
2023-11-29 21:33:19,978 [main] INFO  base.BaseClass - Trying to find Element By {by.toString()})
2023-11-29 21:33:19,997 [main] INFO  base.BaseClass - Found Element By {by.toString()}
2023-11-29 21:33:20,516 [main] INFO  base.BaseClass - Trying to find Element By {by.toString()})
2023-11-29 21:33:20,529 [main] INFO  base.BaseClass - Found Element By {by.toString()}
2023-11-29 21:33:21,055 [main] INFO  base.BaseClass - Trying to find Element By {by.toString()})
2023-11-29 21:33:21,071 [main] INFO  base.BaseClass - Found Element By {by.toString()}
2023-11-29 21:33:21,610 [main] INFO  base.BaseClass - Trying to find Element By {by.toString()})
2023-11-29 21:33:21,620 [main] INFO  base.BaseClass - Found Element By {by.toString()}
2023-11-29 21:33:22,140 [main] INFO  base.BaseClass - Trying to find Element By {by.toString()})
2023-11-29 21:33:22,155 [main] INFO  base.BaseClass - Found Element By {by.toString()}
2023-11-29 21:33:22,681 [main] INFO  base.BaseClass - Trying to find Element By {by.toString()})
2023-11-29 21:33:22,706 [main] INFO  base.BaseClass - Found Element By {by.toString()}
2023-11-29 21:33:23,239 [main] INFO  base.BaseClass - Trying to find Element By {by.toString()})
2023-11-29 21:33:23,264 [main] INFO  base.BaseClass - Found Element By {by.toString()}
2023-11-29 21:33:23,797 [main] INFO  base.BaseClass - Trying to find Element By {by.toString()})
2023-11-29 21:33:23,820 [main] INFO  base.BaseClass - Found Element By {by.toString()}
2023-11-29 21:33:24,339 [main] INFO  base.BaseClass - Trying to find Element By {by.toString()})
2023-11-29 21:33:24,356 [main] INFO  base.BaseClass - Found Element By {by.toString()}
2023-11-29 21:33:24,880 [main] INFO  base.BaseClass - Trying to find Element By {by.toString()})
2023-11-29 21:33:24,899 [main] INFO  base.BaseClass - Found Element By {by.toString()}
2023-11-29 21:33:25,425 [main] INFO  base.BaseClass - Trying to find Element By {by.toString()})
2023-11-29 21:33:25,440 [main] INFO  base.BaseClass - Found Element By {by.toString()}
2023-11-29 21:33:25,966 [main] INFO  base.BaseClass - Trying to find Element By {by.toString()})
2023-11-29 21:33:25,989 [main] INFO  base.BaseClass - Found Element By {by.toString()}
2023-11-29 21:33:26,525 [main] INFO  base.BaseClass - Trying to find Element By {by.toString()})
2023-11-29 21:33:26,610 [main] INFO  base.BaseClass - Found Element By {by.toString()}
2023-11-29 21:33:27,191 [main] INFO  base.BaseClass - Trying to find Element By {by.toString()})
2023-11-29 21:33:27,204 [main] INFO  base.BaseClass - Found Element By {by.toString()}
2023-11-29 21:33:27,729 [main] INFO  base.BaseClass - Trying to find Element By {by.toString()})
2023-11-29 21:33:27,749 [main] INFO  base.BaseClass - Found Element By {by.toString()}
2023-11-29 21:33:28,285 [main] INFO  base.BaseClass - Trying to find Element By {by.toString()})
2023-11-29 21:33:28,310 [main] INFO  base.BaseClass - Found Element By {by.toString()}
2023-11-29 21:33:28,830 [main] INFO  base.BaseClass - Trying to find Element By {by.toString()})
2023-11-29 21:33:28,849 [main] INFO  base.BaseClass - Found Element By {by.toString()}
2023-11-29 21:33:29,390 [main] INFO  base.BaseClass - Trying to find Element By {by.toString()})
2023-11-29 21:33:29,417 [main] INFO  base.BaseClass - Found Element By {by.toString()}
2023-11-29 21:33:29,944 [main] INFO  base.BaseClass - Trying to find Element By {by.toString()})
2023-11-29 21:33:29,963 [main] INFO  base.BaseClass - Found Element By {by.toString()}
2023-11-29 21:33:30,486 [main] INFO  base.BaseClass - Trying to find Element By {by.toString()})
2023-11-29 21:33:30,501 [main] INFO  base.BaseClass - Found Element By {by.toString()}
2023-11-29 21:33:31,025 [main] INFO  base.BaseClass - Trying to find Element By {by.toString()})
2023-11-29 21:33:31,039 [main] INFO  base.BaseClass - Found Element By {by.toString()}
2023-11-29 21:33:31,568 [main] INFO  base.BaseClass - Trying to find Element By {by.toString()})
2023-11-29 21:33:31,591 [main] INFO  base.BaseClass - Found Element By {by.toString()}
2023-11-29 21:33:32,124 [main] INFO  base.BaseClass - Trying to find Element By {by.toString()})
2023-11-29 21:33:32,148 [main] INFO  base.BaseClass - Found Element By {by.toString()}
2023-11-29 21:33:32,682 [main] INFO  base.BaseClass - Trying to find Element By {by.toString()})
2023-11-29 21:33:32,692 [main] INFO  base.BaseClass - Found Element By {by.toString()}
2023-11-29 21:33:33,212 [main] INFO  base.BaseClass - Trying to find Element By {by.toString()})
2023-11-29 21:33:33,231 [main] INFO  base.BaseClass - Found Element By {by.toString()}
2023-11-29 21:33:33,769 [main] INFO  base.BaseClass - Trying to find Element By {by.toString()})
2023-11-29 21:33:33,794 [main] INFO  base.BaseClass - Found Element By {by.toString()}
2023-11-29 21:33:34,330 [main] INFO  base.BaseClass - Trying to find Element By {by.toString()})
2023-11-29 21:33:34,356 [main] INFO  base.BaseClass - Found Element By {by.toString()}
2023-11-29 21:33:34,887 [main] INFO  base.BaseClass - Trying to find Element By {by.toString()})
2023-11-29 21:33:34,904 [main] INFO  base.BaseClass - Found Element By {by.toString()}
2023-11-29 21:33:35,430 [main] INFO  base.BaseClass - Trying to find Element By {by.toString()})
2023-11-29 21:33:35,440 [main] INFO  base.BaseClass - Found Element By {by.toString()}
2023-11-29 21:33:35,958 [main] INFO  base.BaseClass - Trying to find Element By {by.toString()})
2023-11-29 21:33:35,967 [main] INFO  base.BaseClass - Found Element By {by.toString()}
2023-11-29 21:33:36,484 [main] INFO  base.BaseClass - Trying to find Element By {by.toString()})
2023-11-29 21:33:36,493 [main] INFO  base.BaseClass - Found Element By {by.toString()}
2023-11-29 21:33:37,012 [main] INFO  base.BaseClass - Trying to find Element By {by.toString()})
2023-11-29 21:33:37,037 [main] INFO  base.BaseClass - Found Element By {by.toString()}
2023-11-29 21:33:37,570 [main] INFO  base.BaseClass - Trying to find Element By {by.toString()})
2023-11-29 21:33:37,586 [main] INFO  base.BaseClass - Found Element By {by.toString()}
2023-11-29 21:33:38,115 [main] INFO  base.BaseClass - Trying to find Element By {by.toString()})
2023-11-29 21:33:38,145 [main] INFO  base.BaseClass - Found Element By {by.toString()}
2023-11-29 21:33:38,674 [main] INFO  base.BaseClass - Trying to find Element By {by.toString()})
2023-11-29 21:33:38,699 [main] INFO  base.BaseClass - Found Element By {by.toString()}
2023-11-29 21:33:39,230 [main] INFO  base.BaseClass - Trying to find Element By {by.toString()})
2023-11-29 21:33:39,241 [main] INFO  base.BaseClass - Found Element By {by.toString()}
2023-11-29 21:33:39,757 [main] INFO  base.BaseClass - Trying to find Element By {by.toString()})
2023-11-29 21:33:39,780 [main] INFO  base.BaseClass - Found Element By {by.toString()}
2023-11-29 21:33:40,313 [main] INFO  base.BaseClass - Trying to find Element By {by.toString()})
2023-11-29 21:33:40,338 [main] INFO  base.BaseClass - Found Element By {by.toString()}
2023-11-29 21:33:40,870 [main] INFO  base.BaseClass - Trying to find Element By {by.toString()})
2023-11-29 21:33:40,884 [main] INFO  base.BaseClass - Found Element By {by.toString()}
TimeoutException occurred: Expected condition failed: waiting for helper.WaitUtility$5@590182a6 (tried for 30 second(s) with 500 milliseconds interval)
Build info: version: '3.141.59', revision: 'e82be7d358', time: '2018-11-14T08:17:03'
System info: host: 'DPLAP166', ip: '137.237.3.153', os.name: 'Windows 10', os.arch: 'amd64', os.version: '10.0', java.version: '19.0.1'
Driver info: org.openqa.selenium.support.events.EventFiringWebDriver
Capabilities {acceptInsecureCerts: true, browserName: chrome, browserVersion: 119.0.6045.200, chrome: {chromedriverVersion: 119.0.6045.105 (38c72552c5e..., userDataDir: C:\Users\dP-PL\AppData\Loca...}, fedcm:accounts: true, goog:chromeOptions: {debuggerAddress: localhost:50808}, javascriptEnabled: true, networkConnectionEnabled: false, pageLoadStrategy: normal, platform: WINDOWS, platformName: WINDOWS, proxy: Proxy(), setWindowRect: true, strictFileInteractability: false, timeouts: {implicit: 0, pageLoad: 300000, script: 30000}, unhandledPromptBehavior: dismiss and notify, webauthn:extension:credBlob: true, webauthn:extension:largeBlob: true, webauthn:extension:minPinLength: true, webauthn:extension:prf: true, webauthn:virtualAuthenticators: true}
Session ID: fd2d99cf60a899f1e240ca18afbc2ce1
2023-11-29 21:33:40,899 [main] ERROR XGLT_15177_Test - Element did not become visible within the specified time: Expected condition failed: waiting for helper.WaitUtility$5@590182a6 (tried for 30 second(s) with 500 milliseconds interval)
Build info: version: '3.141.59', revision: 'e82be7d358', time: '2018-11-14T08:17:03'
System info: host: 'DPLAP166', ip: '137.237.3.153', os.name: 'Windows 10', os.arch: 'amd64', os.version: '10.0', java.version: '19.0.1'
Driver info: org.openqa.selenium.support.events.EventFiringWebDriver
Capabilities {acceptInsecureCerts: true, browserName: chrome, browserVersion: 119.0.6045.200, chrome: {chromedriverVersion: 119.0.6045.105 (38c72552c5e..., userDataDir: C:\Users\dP-PL\AppData\Loca...}, fedcm:accounts: true, goog:chromeOptions: {debuggerAddress: localhost:50808}, javascriptEnabled: true, networkConnectionEnabled: false, pageLoadStrategy: normal, platform: WINDOWS, platformName: WINDOWS, proxy: Proxy(), setWindowRect: true, strictFileInteractability: false, timeouts: {implicit: 0, pageLoad: 300000, script: 30000}, unhandledPromptBehavior: dismiss and notify, webauthn:extension:credBlob: true, webauthn:extension:largeBlob: true, webauthn:extension:minPinLength: true, webauthn:extension:prf: true, webauthn:virtualAuthenticators: true}
Session ID: fd2d99cf60a899f1e240ca18afbc2ce1
2023-11-29 21:33:40,899 [main] INFO  base.BaseClass - Trying to find Element By {by.toString()})
2023-11-29 21:33:40,908 [main] INFO  base.BaseClass - Found Element By {by.toString()}
2023-11-29 21:33:40,909 [main] INFO  base.BaseClass - Trying to click on: {element.toString()}
2023-11-29 21:33:41,071 [main] INFO  base.BaseClass - Clicked on: {element.toString()}
2023-11-29 21:33:41,785 [main] INFO  base.BaseClass - Trying to find Element By {by.toString()})
2023-11-29 21:33:41,807 [main] INFO  base.BaseClass - Found Element By {by.toString()}
2023-11-29 21:33:41,886 [main] INFO  base.BaseClass - Trying to find Element By {by.toString()})
2023-11-29 21:33:41,900 [main] INFO  base.BaseClass - Found Element By {by.toString()}
2023-11-29 21:33:42,419 [main] INFO  base.BaseClass - Trying to find Element By {by.toString()})
2023-11-29 21:33:42,439 [main] INFO  base.BaseClass - Found Element By {by.toString()}
2023-11-29 21:33:42,962 [main] INFO  base.BaseClass - Trying to find Element By {by.toString()})
2023-11-29 21:33:42,977 [main] INFO  base.BaseClass - Found Element By {by.toString()}
2023-11-29 21:33:43,505 [main] INFO  base.BaseClass - Trying to find Element By {by.toString()})
2023-11-29 21:33:43,524 [main] INFO  base.BaseClass - Found Element By {by.toString()}
2023-11-29 21:33:44,051 [main] INFO  base.BaseClass - Trying to find Element By {by.toString()})
2023-11-29 21:33:44,078 [main] INFO  base.BaseClass - Found Element By {by.toString()}
2023-11-29 21:33:44,612 [main] INFO  base.BaseClass - Trying to find Element By {by.toString()})
2023-11-29 21:33:44,635 [main] INFO  base.BaseClass - Found Element By {by.toString()}
2023-11-29 21:33:45,167 [main] INFO  base.BaseClass - Trying to find Element By {by.toString()})
2023-11-29 21:33:45,177 [main] INFO  base.BaseClass - Found Element By {by.toString()}
2023-11-29 21:33:45,694 [main] INFO  base.BaseClass - Trying to find Element By {by.toString()})
2023-11-29 21:33:45,712 [main] INFO  base.BaseClass - Found Element By {by.toString()}
2023-11-29 21:33:46,252 [main] INFO  base.BaseClass - Trying to find Element By {by.toString()})
2023-11-29 21:33:46,268 [main] INFO  base.BaseClass - Found Element By {by.toString()}
2023-11-29 21:33:46,796 [main] INFO  base.BaseClass - Trying to find Element By {by.toString()})
2023-11-29 21:33:46,817 [main] INFO  base.BaseClass - Found Element By {by.toString()}
2023-11-29 21:33:47,336 [main] INFO  base.BaseClass - Trying to find Element By {by.toString()})
2023-11-29 21:33:47,360 [main] INFO  base.BaseClass - Found Element By {by.toString()}
2023-11-29 21:33:47,882 [main] INFO  base.BaseClass - Trying to find Element By {by.toString()})
2023-11-29 21:33:47,898 [main] INFO  base.BaseClass - Found Element By {by.toString()}
2023-11-29 21:33:48,423 [main] INFO  base.BaseClass - Trying to find Element By {by.toString()})
2023-11-29 21:33:48,451 [main] INFO  base.BaseClass - Found Element By {by.toString()}
2023-11-29 21:33:48,980 [main] INFO  base.BaseClass - Trying to find Element By {by.toString()})
2023-11-29 21:33:48,992 [main] INFO  base.BaseClass - Found Element By {by.toString()}
2023-11-29 21:33:49,521 [main] INFO  base.BaseClass - Trying to find Element By {by.toString()})
2023-11-29 21:33:49,536 [main] INFO  base.BaseClass - Found Element By {by.toString()}
2023-11-29 21:33:50,064 [main] INFO  base.BaseClass - Trying to find Element By {by.toString()})
2023-11-29 21:33:50,077 [main] INFO  base.BaseClass - Found Element By {by.toString()}
2023-11-29 21:33:50,594 [main] INFO  base.BaseClass - Trying to find Element By {by.toString()})
2023-11-29 21:33:50,615 [main] INFO  base.BaseClass - Found Element By {by.toString()}
2023-11-29 21:33:51,138 [main] INFO  base.BaseClass - Trying to find Element By {by.toString()})
2023-11-29 21:33:51,153 [main] INFO  base.BaseClass - Found Element By {by.toString()}
2023-11-29 21:33:51,683 [main] INFO  base.BaseClass - Trying to find Element By {by.toString()})
2023-11-29 21:33:51,702 [main] INFO  base.BaseClass - Found Element By {by.toString()}
2023-11-29 21:33:52,227 [main] INFO  base.BaseClass - Trying to find Element By {by.toString()})
2023-11-29 21:33:52,245 [main] INFO  base.BaseClass - Found Element By {by.toString()}
2023-11-29 21:33:52,771 [main] INFO  base.BaseClass - Trying to find Element By {by.toString()})
2023-11-29 21:33:52,790 [main] INFO  base.BaseClass - Found Element By {by.toString()}
2023-11-29 21:33:53,326 [main] INFO  base.BaseClass - Trying to find Element By {by.toString()})
2023-11-29 21:33:53,342 [main] INFO  base.BaseClass - Found Element By {by.toString()}
2023-11-29 21:33:53,871 [main] INFO  base.BaseClass - Trying to find Element By {by.toString()})
2023-11-29 21:33:53,882 [main] INFO  base.BaseClass - Found Element By {by.toString()}
2023-11-29 21:33:54,397 [main] INFO  base.BaseClass - Trying to find Element By {by.toString()})
2023-11-29 21:33:54,421 [main] INFO  base.BaseClass - Found Element By {by.toString()}
2023-11-29 21:33:54,942 [main] INFO  base.BaseClass - Trying to find Element By {by.toString()})
2023-11-29 21:33:54,954 [main] INFO  base.BaseClass - Found Element By {by.toString()}
2023-11-29 21:33:55,472 [main] INFO  base.BaseClass - Trying to find Element By {by.toString()})
2023-11-29 21:33:55,494 [main] INFO  base.BaseClass - Found Element By {by.toString()}
2023-11-29 21:33:56,028 [main] INFO  base.BaseClass - Trying to find Element By {by.toString()})
2023-11-29 21:33:56,047 [main] INFO  base.BaseClass - Found Element By {by.toString()}
2023-11-29 21:33:56,573 [main] INFO  base.BaseClass - Trying to find Element By {by.toString()})
2023-11-29 21:33:56,587 [main] INFO  base.BaseClass - Found Element By {by.toString()}
2023-11-29 21:33:57,116 [main] INFO  base.BaseClass - Trying to find Element By {by.toString()})
2023-11-29 21:33:57,132 [main] INFO  base.BaseClass - Found Element By {by.toString()}
2023-11-29 21:33:57,660 [main] INFO  base.BaseClass - Trying to find Element By {by.toString()})
2023-11-29 21:33:57,679 [main] INFO  base.BaseClass - Found Element By {by.toString()}
2023-11-29 21:33:58,217 [main] INFO  base.BaseClass - Trying to find Element By {by.toString()})
2023-11-29 21:33:58,227 [main] INFO  base.BaseClass - Found Element By {by.toString()}
2023-11-29 21:33:58,744 [main] INFO  base.BaseClass - Trying to find Element By {by.toString()})
2023-11-29 21:33:58,770 [main] INFO  base.BaseClass - Found Element By {by.toString()}
2023-11-29 21:33:59,300 [main] INFO  base.BaseClass - Trying to find Element By {by.toString()})
2023-11-29 21:33:59,312 [main] INFO  base.BaseClass - Found Element By {by.toString()}
2023-11-29 21:33:59,841 [main] INFO  base.BaseClass - Trying to find Element By {by.toString()})
2023-11-29 21:33:59,860 [main] INFO  base.BaseClass - Found Element By {by.toString()}
2023-11-29 21:34:00,382 [main] INFO  base.BaseClass - Trying to find Element By {by.toString()})
2023-11-29 21:34:00,403 [main] INFO  base.BaseClass - Found Element By {by.toString()}
2023-11-29 21:34:00,941 [main] INFO  base.BaseClass - Trying to find Element By {by.toString()})
2023-11-29 21:34:00,970 [main] INFO  base.BaseClass - Found Element By {by.toString()}
2023-11-29 21:34:01,497 [main] INFO  base.BaseClass - Trying to find Element By {by.toString()})
2023-11-29 21:34:01,515 [main] INFO  base.BaseClass - Found Element By {by.toString()}
2023-11-29 21:34:02,041 [main] INFO  base.BaseClass - Trying to find Element By {by.toString()})
2023-11-29 21:34:02,068 [main] INFO  base.BaseClass - Found Element By {by.toString()}
2023-11-29 21:34:02,598 [main] INFO  base.BaseClass - Trying to find Element By {by.toString()})
2023-11-29 21:34:02,616 [main] INFO  base.BaseClass - Found Element By {by.toString()}
2023-11-29 21:34:03,143 [main] INFO  base.BaseClass - Trying to find Element By {by.toString()})
2023-11-29 21:34:03,161 [main] INFO  base.BaseClass - Found Element By {by.toString()}
2023-11-29 21:34:03,688 [main] INFO  base.BaseClass - Trying to find Element By {by.toString()})
2023-11-29 21:34:03,708 [main] INFO  base.BaseClass - Found Element By {by.toString()}
2023-11-29 21:34:04,230 [main] INFO  base.BaseClass - Trying to find Element By {by.toString()})
2023-11-29 21:34:04,243 [main] INFO  base.BaseClass - Found Element By {by.toString()}
2023-11-29 21:34:04,774 [main] INFO  base.BaseClass - Trying to find Element By {by.toString()})
2023-11-29 21:34:04,793 [main] INFO  base.BaseClass - Found Element By {by.toString()}
2023-11-29 21:34:05,333 [main] INFO  base.BaseClass - Trying to find Element By {by.toString()})
2023-11-29 21:34:05,348 [main] INFO  base.BaseClass - Found Element By {by.toString()}
2023-11-29 21:34:05,876 [main] INFO  base.BaseClass - Trying to find Element By {by.toString()})
2023-11-29 21:34:05,887 [main] INFO  base.BaseClass - Found Element By {by.toString()}
2023-11-29 21:34:06,402 [main] INFO  base.BaseClass - Trying to find Element By {by.toString()})
2023-11-29 21:34:06,425 [main] INFO  base.BaseClass - Found Element By {by.toString()}
2023-11-29 21:34:06,943 [main] INFO  base.BaseClass - Trying to find Element By {by.toString()})
2023-11-29 21:34:06,965 [main] INFO  base.BaseClass - Found Element By {by.toString()}
2023-11-29 21:34:07,487 [main] INFO  base.BaseClass - Trying to find Element By {by.toString()})
2023-11-29 21:34:07,511 [main] INFO  base.BaseClass - Found Element By {by.toString()}
2023-11-29 21:34:08,046 [main] INFO  base.BaseClass - Trying to find Element By {by.toString()})
2023-11-29 21:34:08,060 [main] INFO  base.BaseClass - Found Element By {by.toString()}
2023-11-29 21:34:08,586 [main] INFO  base.BaseClass - Trying to find Element By {by.toString()})
2023-11-29 21:34:08,597 [main] INFO  base.BaseClass - Found Element By {by.toString()}
2023-11-29 21:34:09,117 [main] INFO  base.BaseClass - Trying to find Element By {by.toString()})
2023-11-29 21:34:09,139 [main] INFO  base.BaseClass - Found Element By {by.toString()}
2023-11-29 21:34:09,663 [main] INFO  base.BaseClass - Trying to find Element By {by.toString()})
2023-11-29 21:34:09,679 [main] INFO  base.BaseClass - Found Element By {by.toString()}
2023-11-29 21:34:10,208 [main] INFO  base.BaseClass - Trying to find Element By {by.toString()})
2023-11-29 21:34:10,219 [main] INFO  base.BaseClass - Found Element By {by.toString()}
2023-11-29 21:34:10,748 [main] INFO  base.BaseClass - Trying to find Element By {by.toString()})
2023-11-29 21:34:10,768 [main] INFO  base.BaseClass - Found Element By {by.toString()}
2023-11-29 21:34:11,292 [main] INFO  base.BaseClass - Trying to find Element By {by.toString()})
2023-11-29 21:34:11,310 [main] INFO  base.BaseClass - Found Element By {by.toString()}
2023-11-29 21:34:11,849 [main] INFO  base.BaseClass - Trying to find Element By {by.toString()})
2023-11-29 21:34:11,866 [main] INFO  base.BaseClass - Found Element By {by.toString()}
2023-11-29 21:34:12,390 [main] INFO  base.BaseClass - Trying to find Element By {by.toString()})
2023-11-29 21:34:12,412 [main] INFO  base.BaseClass - Found Element By {by.toString()}
TimeoutException occurred: Expected condition failed: waiting for helper.WaitUtility$5@25fa5c0c (tried for 30 second(s) with 500 milliseconds interval)
Build info: version: '3.141.59', revision: 'e82be7d358', time: '2018-11-14T08:17:03'
System info: host: 'DPLAP166', ip: '137.237.3.153', os.name: 'Windows 10', os.arch: 'amd64', os.version: '10.0', java.version: '19.0.1'
Driver info: org.openqa.selenium.support.events.EventFiringWebDriver
Capabilities {acceptInsecureCerts: true, browserName: chrome, browserVersion: 119.0.6045.200, chrome: {chromedriverVersion: 119.0.6045.105 (38c72552c5e..., userDataDir: C:\Users\dP-PL\AppData\Loca...}, fedcm:accounts: true, goog:chromeOptions: {debuggerAddress: localhost:50808}, javascriptEnabled: true, networkConnectionEnabled: false, pageLoadStrategy: normal, platform: WINDOWS, platformName: WINDOWS, proxy: Proxy(), setWindowRect: true, strictFileInteractability: false, timeouts: {implicit: 0, pageLoad: 300000, script: 30000}, unhandledPromptBehavior: dismiss and notify, webauthn:extension:credBlob: true, webauthn:extension:largeBlob: true, webauthn:extension:minPinLength: true, webauthn:extension:prf: true, webauthn:virtualAuthenticators: true}
Session ID: fd2d99cf60a899f1e240ca18afbc2ce1
2023-11-29 21:34:12,434 [main] ERROR XGLT_15177_Test - Element did not become visible within the specified time: Expected condition failed: waiting for helper.WaitUtility$5@25fa5c0c (tried for 30 second(s) with 500 milliseconds interval)
Build info: version: '3.141.59', revision: 'e82be7d358', time: '2018-11-14T08:17:03'
System info: host: 'DPLAP166', ip: '137.237.3.153', os.name: 'Windows 10', os.arch: 'amd64', os.version: '10.0', java.version: '19.0.1'
Driver info: org.openqa.selenium.support.events.EventFiringWebDriver
Capabilities {acceptInsecureCerts: true, browserName: chrome, browserVersion: 119.0.6045.200, chrome: {chromedriverVersion: 119.0.6045.105 (38c72552c5e..., userDataDir: C:\Users\dP-PL\AppData\Loca...}, fedcm:accounts: true, goog:chromeOptions: {debuggerAddress: localhost:50808}, javascriptEnabled: true, networkConnectionEnabled: false, pageLoadStrategy: normal, platform: WINDOWS, platformName: WINDOWS, proxy: Proxy(), setWindowRect: true, strictFileInteractability: false, timeouts: {implicit: 0, pageLoad: 300000, script: 30000}, unhandledPromptBehavior: dismiss and notify, webauthn:extension:credBlob: true, webauthn:extension:largeBlob: true, webauthn:extension:minPinLength: true, webauthn:extension:prf: true, webauthn:virtualAuthenticators: true}
Session ID: fd2d99cf60a899f1e240ca18afbc2ce1
2023-11-29 21:34:12,434 [main] INFO  base.BaseClass - Trying to find Element By {by.toString()})
2023-11-29 21:34:12,446 [main] INFO  base.BaseClass - Found Element By {by.toString()}
2023-11-29 21:34:12,446 [main] INFO  base.BaseClass - Trying to click on: {element.toString()}
2023-11-29 21:34:12,569 [main] INFO  base.BaseClass - Clicked on: {element.toString()}
2023-11-29 21:34:12,569 [main] INFO  base.BaseClass - Trying to find Element By {by.toString()})
2023-11-29 21:34:12,583 [main] INFO  base.BaseClass - Found Element By {by.toString()}
2023-11-29 21:34:12,596 [main] INFO  base.BaseClass - Trying to find Element By {by.toString()})
2023-11-29 21:34:12,605 [main] INFO  base.BaseClass - Found Element By {by.toString()}
2023-11-29 21:34:12,614 [main] INFO  base.BaseClass - Trying to find Element By {by.toString()})
2023-11-29 21:34:12,623 [main] INFO  base.BaseClass - Found Element By {by.toString()}
2023-11-29 21:34:12,623 [main] INFO  base.BaseClass - Trying to click on: {element.toString()}
2023-11-29 21:34:12,689 [main] INFO  base.BaseClass - Clicked on: {element.toString()}
2023-11-29 21:34:12,689 [main] INFO  base.BaseClass - Trying to find Element By {by.toString()})
2023-11-29 21:34:12,702 [main] INFO  base.BaseClass - Found Element By {by.toString()}
2023-11-29 21:34:12,745 [main] INFO  base.BaseClass - Trying to find Element By {by.toString()})
2023-11-29 21:34:12,761 [main] INFO  base.BaseClass - Found Element By {by.toString()}
2023-11-29 21:34:12,773 [main] INFO  base.BaseClass - Trying to find Element By {by.toString()})
2023-11-29 21:34:12,783 [main] INFO  base.BaseClass - Found Element By {by.toString()}
2023-11-29 21:34:12,789 [main] INFO  base.BaseClass - Trying to find Element By {by.toString()})
2023-11-29 21:34:12,797 [main] INFO  base.BaseClass - Found Element By {by.toString()}
2023-11-29 21:34:12,797 [main] INFO  base.BaseClass - Trying to click on: {element.toString()}
2023-11-29 21:34:12,838 [main] INFO  base.BaseClass - Clicked on: {element.toString()}
2023-11-29 21:34:12,838 [main] INFO  base.BaseClass - Trying to find Element By {by.toString()})
2023-11-29 21:34:12,846 [main] INFO  base.BaseClass - Found Element By {by.toString()}
2023-11-29 21:34:13,232 [main] INFO  base.BaseClass - Trying to find Element By {by.toString()})
2023-11-29 21:34:13,257 [main] INFO  base.BaseClass - Found Element By {by.toString()}
2023-11-29 21:34:13,784 [main] INFO  base.BaseClass - Trying to find Element By {by.toString()})
2023-11-29 21:34:13,806 [main] INFO  base.BaseClass - Found Element By {by.toString()}
2023-11-29 21:34:14,328 [main] INFO  base.BaseClass - Trying to find Element By {by.toString()})
2023-11-29 21:34:14,338 [main] INFO  base.BaseClass - Found Element By {by.toString()}
2023-11-29 21:34:14,854 [main] INFO  base.BaseClass - Trying to find Element By {by.toString()})
2023-11-29 21:34:14,867 [main] INFO  base.BaseClass - Found Element By {by.toString()}
2023-11-29 21:34:15,398 [main] INFO  base.BaseClass - Trying to find Element By {by.toString()})
2023-11-29 21:34:15,420 [main] INFO  base.BaseClass - Found Element By {by.toString()}
2023-11-29 21:34:15,952 [main] INFO  base.BaseClass - Trying to find Element By {by.toString()})
2023-11-29 21:34:15,973 [main] INFO  base.BaseClass - Found Element By {by.toString()}
2023-11-29 21:34:16,506 [main] INFO  base.BaseClass - Trying to find Element By {by.toString()})
2023-11-29 21:34:16,524 [main] INFO  base.BaseClass - Found Element By {by.toString()}
2023-11-29 21:34:17,046 [main] INFO  base.BaseClass - Trying to find Element By {by.toString()})
2023-11-29 21:34:17,067 [main] INFO  base.BaseClass - Found Element By {by.toString()}
2023-11-29 21:34:17,589 [main] INFO  base.BaseClass - Trying to find Element By {by.toString()})
2023-11-29 21:34:17,605 [main] INFO  base.BaseClass - Found Element By {by.toString()}
2023-11-29 21:34:18,132 [main] INFO  base.BaseClass - Trying to find Element By {by.toString()})
2023-11-29 21:34:18,143 [main] INFO  base.BaseClass - Found Element By {by.toString()}
2023-11-29 21:34:18,659 [main] INFO  base.BaseClass - Trying to find Element By {by.toString()})
2023-11-29 21:34:18,676 [main] INFO  base.BaseClass - Found Element By {by.toString()}
2023-11-29 21:34:19,199 [main] INFO  base.BaseClass - Trying to find Element By {by.toString()})
2023-11-29 21:34:19,217 [main] INFO  base.BaseClass - Found Element By {by.toString()}
2023-11-29 21:34:19,744 [main] INFO  base.BaseClass - Trying to find Element By {by.toString()})
2023-11-29 21:34:19,762 [main] INFO  base.BaseClass - Found Element By {by.toString()}
2023-11-29 21:34:20,289 [main] INFO  base.BaseClass - Trying to find Element By {by.toString()})
2023-11-29 21:34:20,311 [main] INFO  base.BaseClass - Found Element By {by.toString()}
2023-11-29 21:34:20,846 [main] INFO  base.BaseClass - Trying to find Element By {by.toString()})
2023-11-29 21:34:20,867 [main] INFO  base.BaseClass - Found Element By {by.toString()}
2023-11-29 21:34:21,391 [main] INFO  base.BaseClass - Trying to find Element By {by.toString()})
2023-11-29 21:34:21,404 [main] INFO  base.BaseClass - Found Element By {by.toString()}
2023-11-29 21:34:21,933 [main] INFO  base.BaseClass - Trying to find Element By {by.toString()})
2023-11-29 21:34:21,947 [main] INFO  base.BaseClass - Found Element By {by.toString()}
2023-11-29 21:34:22,476 [main] INFO  base.BaseClass - Trying to find Element By {by.toString()})
2023-11-29 21:34:22,490 [main] INFO  base.BaseClass - Found Element By {by.toString()}
2023-11-29 21:34:23,021 [main] INFO  base.BaseClass - Trying to find Element By {by.toString()})
2023-11-29 21:34:23,038 [main] INFO  base.BaseClass - Found Element By {by.toString()}
2023-11-29 21:34:23,567 [main] INFO  base.BaseClass - Trying to find Element By {by.toString()})
2023-11-29 21:34:23,579 [main] INFO  base.BaseClass - Found Element By {by.toString()}
2023-11-29 21:34:24,107 [main] INFO  base.BaseClass - Trying to find Element By {by.toString()})
2023-11-29 21:34:24,122 [main] INFO  base.BaseClass - Found Element By {by.toString()}
2023-11-29 21:34:24,651 [main] INFO  base.BaseClass - Trying to find Element By {by.toString()})
2023-11-29 21:34:24,676 [main] INFO  base.BaseClass - Found Element By {by.toString()}
2023-11-29 21:34:25,209 [main] INFO  base.BaseClass - Trying to find Element By {by.toString()})
2023-11-29 21:34:25,224 [main] INFO  base.BaseClass - Found Element By {by.toString()}
2023-11-29 21:34:25,753 [main] INFO  base.BaseClass - Trying to find Element By {by.toString()})
2023-11-29 21:34:25,771 [main] INFO  base.BaseClass - Found Element By {by.toString()}
2023-11-29 21:34:26,310 [main] INFO  base.BaseClass - Trying to find Element By {by.toString()})
2023-11-29 21:34:26,330 [main] INFO  base.BaseClass - Found Element By {by.toString()}
2023-11-29 21:34:26,864 [main] INFO  base.BaseClass - Trying to find Element By {by.toString()})
2023-11-29 21:34:26,890 [main] INFO  base.BaseClass - Found Element By {by.toString()}
2023-11-29 21:34:27,409 [main] INFO  base.BaseClass - Trying to find Element By {by.toString()})
2023-11-29 21:34:27,427 [main] INFO  base.BaseClass - Found Element By {by.toString()}
2023-11-29 21:34:27,954 [main] INFO  base.BaseClass - Trying to find Element By {by.toString()})
2023-11-29 21:34:27,967 [main] INFO  base.BaseClass - Found Element By {by.toString()}
2023-11-29 21:34:28,500 [main] INFO  base.BaseClass - Trying to find Element By {by.toString()})
2023-11-29 21:34:28,521 [main] INFO  base.BaseClass - Found Element By {by.toString()}
2023-11-29 21:34:29,040 [main] INFO  base.BaseClass - Trying to find Element By {by.toString()})
2023-11-29 21:34:29,063 [main] INFO  base.BaseClass - Found Element By {by.toString()}
2023-11-29 21:34:29,581 [main] INFO  base.BaseClass - Trying to find Element By {by.toString()})
2023-11-29 21:34:29,594 [main] INFO  base.BaseClass - Found Element By {by.toString()}
2023-11-29 21:34:30,124 [main] INFO  base.BaseClass - Trying to find Element By {by.toString()})
2023-11-29 21:34:30,141 [main] INFO  base.BaseClass - Found Element By {by.toString()}
2023-11-29 21:34:30,667 [main] INFO  base.BaseClass - Trying to find Element By {by.toString()})
2023-11-29 21:34:30,690 [main] INFO  base.BaseClass - Found Element By {by.toString()}
2023-11-29 21:34:31,226 [main] INFO  base.BaseClass - Trying to find Element By {by.toString()})
2023-11-29 21:34:31,241 [main] INFO  base.BaseClass - Found Element By {by.toString()}
2023-11-29 21:34:31,769 [main] INFO  base.BaseClass - Trying to find Element By {by.toString()})
2023-11-29 21:34:31,783 [main] INFO  base.BaseClass - Found Element By {by.toString()}
2023-11-29 21:34:32,309 [main] INFO  base.BaseClass - Trying to find Element By {by.toString()})
2023-11-29 21:34:32,329 [main] INFO  base.BaseClass - Found Element By {by.toString()}
2023-11-29 21:34:32,869 [main] INFO  base.BaseClass - Trying to find Element By {by.toString()})
2023-11-29 21:34:32,885 [main] INFO  base.BaseClass - Found Element By {by.toString()}
2023-11-29 21:34:33,397 [main] INFO  base.BaseClass - Trying to find Element By {by.toString()})
2023-11-29 21:34:33,419 [main] INFO  base.BaseClass - Found Element By {by.toString()}
TimeoutException occurred: Expected condition failed: waiting for helper.WaitUtility$4@5a7e2f07 (tried for 20 second(s) with 500 milliseconds interval)
Build info: version: '3.141.59', revision: 'e82be7d358', time: '2018-11-14T08:17:03'
System info: host: 'DPLAP166', ip: '137.237.3.153', os.name: 'Windows 10', os.arch: 'amd64', os.version: '10.0', java.version: '19.0.1'
Driver info: org.openqa.selenium.support.events.EventFiringWebDriver
Capabilities {acceptInsecureCerts: true, browserName: chrome, browserVersion: 119.0.6045.200, chrome: {chromedriverVersion: 119.0.6045.105 (38c72552c5e..., userDataDir: C:\Users\dP-PL\AppData\Loca...}, fedcm:accounts: true, goog:chromeOptions: {debuggerAddress: localhost:50808}, javascriptEnabled: true, networkConnectionEnabled: false, pageLoadStrategy: normal, platform: WINDOWS, platformName: WINDOWS, proxy: Proxy(), setWindowRect: true, strictFileInteractability: false, timeouts: {implicit: 0, pageLoad: 300000, script: 30000}, unhandledPromptBehavior: dismiss and notify, webauthn:extension:credBlob: true, webauthn:extension:largeBlob: true, webauthn:extension:minPinLength: true, webauthn:extension:prf: true, webauthn:virtualAuthenticators: true}
Session ID: fd2d99cf60a899f1e240ca18afbc2ce1
2023-11-29 21:34:33,442 [main] ERROR XGLT_15177_Test - Element did not become visible within the specified time: Expected condition failed: waiting for helper.WaitUtility$4@5a7e2f07 (tried for 20 second(s) with 500 milliseconds interval)
Build info: version: '3.141.59', revision: 'e82be7d358', time: '2018-11-14T08:17:03'
System info: host: 'DPLAP166', ip: '137.237.3.153', os.name: 'Windows 10', os.arch: 'amd64', os.version: '10.0', java.version: '19.0.1'
Driver info: org.openqa.selenium.support.events.EventFiringWebDriver
Capabilities {acceptInsecureCerts: true, browserName: chrome, browserVersion: 119.0.6045.200, chrome: {chromedriverVersion: 119.0.6045.105 (38c72552c5e..., userDataDir: C:\Users\dP-PL\AppData\Loca...}, fedcm:accounts: true, goog:chromeOptions: {debuggerAddress: localhost:50808}, javascriptEnabled: true, networkConnectionEnabled: false, pageLoadStrategy: normal, platform: WINDOWS, platformName: WINDOWS, proxy: Proxy(), setWindowRect: true, strictFileInteractability: false, timeouts: {implicit: 0, pageLoad: 300000, script: 30000}, unhandledPromptBehavior: dismiss and notify, webauthn:extension:credBlob: true, webauthn:extension:largeBlob: true, webauthn:extension:minPinLength: true, webauthn:extension:prf: true, webauthn:virtualAuthenticators: true}
Session ID: fd2d99cf60a899f1e240ca18afbc2ce1
2023-11-29 21:34:33,467 [Forwarding actions on session fd2d99cf60a899f1e240ca18afbc2ce1 to remote] INFO  base.BaseClass - Trying to find Element By {by.toString()})
2023-11-29 21:34:33,479 [Forwarding actions on session fd2d99cf60a899f1e240ca18afbc2ce1 to remote] INFO  base.BaseClass - Found Element By {by.toString()}
2023-11-29 21:34:33,632 [main] INFO  base.BaseClass - Trying to find Element By {by.toString()})
2023-11-29 21:34:33,645 [main] INFO  base.BaseClass - Found Element By {by.toString()}
2023-11-29 21:34:34,174 [main] INFO  base.BaseClass - Trying to find Element By {by.toString()})
2023-11-29 21:34:34,189 [main] INFO  base.BaseClass - Found Element By {by.toString()}
2023-11-29 21:34:34,717 [main] INFO  base.BaseClass - Trying to find Element By {by.toString()})
2023-11-29 21:34:34,741 [main] INFO  base.BaseClass - Found Element By {by.toString()}
2023-11-29 21:34:35,277 [main] INFO  base.BaseClass - Trying to find Element By {by.toString()})
2023-11-29 21:34:35,301 [main] INFO  base.BaseClass - Found Element By {by.toString()}
2023-11-29 21:34:35,821 [main] INFO  base.BaseClass - Trying to find Element By {by.toString()})
2023-11-29 21:34:35,842 [main] INFO  base.BaseClass - Found Element By {by.toString()}
2023-11-29 21:34:36,365 [main] INFO  base.BaseClass - Trying to find Element By {by.toString()})
2023-11-29 21:34:36,387 [main] INFO  base.BaseClass - Found Element By {by.toString()}
2023-11-29 21:34:36,908 [main] INFO  base.BaseClass - Trying to find Element By {by.toString()})
2023-11-29 21:34:36,926 [main] INFO  base.BaseClass - Found Element By {by.toString()}
2023-11-29 21:34:37,448 [main] INFO  base.BaseClass - Trying to find Element By {by.toString()})
2023-11-29 21:34:37,472 [main] INFO  base.BaseClass - Found Element By {by.toString()}
2023-11-29 21:34:38,009 [main] INFO  base.BaseClass - Trying to find Element By {by.toString()})
2023-11-29 21:34:38,029 [main] INFO  base.BaseClass - Found Element By {by.toString()}
2023-11-29 21:34:38,557 [main] INFO  base.BaseClass - Trying to find Element By {by.toString()})
2023-11-29 21:34:38,577 [main] INFO  base.BaseClass - Found Element By {by.toString()}
2023-11-29 21:34:39,101 [main] INFO  base.BaseClass - Trying to find Element By {by.toString()})
2023-11-29 21:34:39,127 [main] INFO  base.BaseClass - Found Element By {by.toString()}
2023-11-29 21:34:39,662 [main] INFO  base.BaseClass - Trying to find Element By {by.toString()})
2023-11-29 21:34:39,685 [main] INFO  base.BaseClass - Found Element By {by.toString()}
2023-11-29 21:34:40,205 [main] INFO  base.BaseClass - Trying to find Element By {by.toString()})
2023-11-29 21:34:40,220 [main] INFO  base.BaseClass - Found Element By {by.toString()}
2023-11-29 21:34:40,749 [main] INFO  base.BaseClass - Trying to find Element By {by.toString()})
2023-11-29 21:34:40,769 [main] INFO  base.BaseClass - Found Element By {by.toString()}
2023-11-29 21:34:41,297 [main] INFO  base.BaseClass - Trying to find Element By {by.toString()})
2023-11-29 21:34:41,321 [main] INFO  base.BaseClass - Found Element By {by.toString()}
2023-11-29 21:34:41,853 [main] INFO  base.BaseClass - Trying to find Element By {by.toString()})
2023-11-29 21:34:41,870 [main] INFO  base.BaseClass - Found Element By {by.toString()}
2023-11-29 21:34:42,396 [main] INFO  base.BaseClass - Trying to find Element By {by.toString()})
2023-11-29 21:34:42,412 [main] INFO  base.BaseClass - Found Element By {by.toString()}
2023-11-29 21:34:42,940 [main] INFO  base.BaseClass - Trying to find Element By {by.toString()})
2023-11-29 21:34:42,963 [main] INFO  base.BaseClass - Found Element By {by.toString()}
2023-11-29 21:34:43,499 [main] INFO  base.BaseClass - Trying to find Element By {by.toString()})
2023-11-29 21:34:43,521 [main] INFO  base.BaseClass - Found Element By {by.toString()}
2023-11-29 21:34:44,054 [main] INFO  base.BaseClass - Trying to find Element By {by.toString()})
2023-11-29 21:34:44,087 [main] INFO  base.BaseClass - Found Element By {by.toString()}
2023-11-29 21:34:44,610 [main] INFO  base.BaseClass - Trying to find Element By {by.toString()})
2023-11-29 21:34:44,625 [main] INFO  base.BaseClass - Found Element By {by.toString()}
2023-11-29 21:34:45,153 [main] INFO  base.BaseClass - Trying to find Element By {by.toString()})
2023-11-29 21:34:45,169 [main] INFO  base.BaseClass - Found Element By {by.toString()}
2023-11-29 21:34:45,710 [main] INFO  base.BaseClass - Trying to find Element By {by.toString()})
2023-11-29 21:34:45,733 [main] INFO  base.BaseClass - Found Element By {by.toString()}
2023-11-29 21:34:46,254 [main] INFO  base.BaseClass - Trying to find Element By {by.toString()})
2023-11-29 21:34:46,267 [main] INFO  base.BaseClass - Found Element By {by.toString()}
2023-11-29 21:34:46,794 [main] INFO  base.BaseClass - Trying to find Element By {by.toString()})
2023-11-29 21:34:46,821 [main] INFO  base.BaseClass - Found Element By {by.toString()}
2023-11-29 21:34:47,349 [main] INFO  base.BaseClass - Trying to find Element By {by.toString()})
2023-11-29 21:34:47,373 [main] INFO  base.BaseClass - Found Element By {by.toString()}
2023-11-29 21:34:47,902 [main] INFO  base.BaseClass - Trying to find Element By {by.toString()})
2023-11-29 21:34:47,912 [main] INFO  base.BaseClass - Found Element By {by.toString()}
2023-11-29 21:34:48,429 [main] INFO  base.BaseClass - Trying to find Element By {by.toString()})
2023-11-29 21:34:48,450 [main] INFO  base.BaseClass - Found Element By {by.toString()}
2023-11-29 21:34:48,971 [main] INFO  base.BaseClass - Trying to find Element By {by.toString()})
2023-11-29 21:34:49,009 [main] INFO  base.BaseClass - Found Element By {by.toString()}
2023-11-29 21:34:49,529 [main] INFO  base.BaseClass - Trying to find Element By {by.toString()})
2023-11-29 21:34:49,543 [main] INFO  base.BaseClass - Found Element By {by.toString()}
2023-11-29 21:34:50,071 [main] INFO  base.BaseClass - Trying to find Element By {by.toString()})
2023-11-29 21:34:50,093 [main] INFO  base.BaseClass - Found Element By {by.toString()}
2023-11-29 21:34:50,626 [main] INFO  base.BaseClass - Trying to find Element By {by.toString()})
2023-11-29 21:34:50,647 [main] INFO  base.BaseClass - Found Element By {by.toString()}
2023-11-29 21:34:51,164 [main] INFO  base.BaseClass - Trying to find Element By {by.toString()})
2023-11-29 21:34:51,189 [main] INFO  base.BaseClass - Found Element By {by.toString()}
2023-11-29 21:34:51,724 [main] INFO  base.BaseClass - Trying to find Element By {by.toString()})
2023-11-29 21:34:51,743 [main] INFO  base.BaseClass - Found Element By {by.toString()}
2023-11-29 21:34:52,278 [main] INFO  base.BaseClass - Trying to find Element By {by.toString()})
2023-11-29 21:34:52,302 [main] INFO  base.BaseClass - Found Element By {by.toString()}
2023-11-29 21:34:52,836 [main] INFO  base.BaseClass - Trying to find Element By {by.toString()})
2023-11-29 21:34:52,859 [main] INFO  base.BaseClass - Found Element By {by.toString()}
2023-11-29 21:34:53,381 [main] INFO  base.BaseClass - Trying to find Element By {by.toString()})
2023-11-29 21:34:53,407 [main] INFO  base.BaseClass - Found Element By {by.toString()}
2023-11-29 21:34:53,936 [main] INFO  base.BaseClass - Trying to find Element By {by.toString()})
2023-11-29 21:34:53,960 [main] INFO  base.BaseClass - Found Element By {by.toString()}
2023-11-29 21:34:54,479 [main] INFO  base.BaseClass - Trying to find Element By {by.toString()})
2023-11-29 21:34:54,495 [main] INFO  base.BaseClass - Found Element By {by.toString()}
2023-11-29 21:34:55,020 [main] INFO  base.BaseClass - Trying to find Element By {by.toString()})
2023-11-29 21:34:55,036 [main] INFO  base.BaseClass - Found Element By {by.toString()}
2023-11-29 21:34:55,565 [main] INFO  base.BaseClass - Trying to find Element By {by.toString()})
2023-11-29 21:34:55,589 [main] INFO  base.BaseClass - Found Element By {by.toString()}
2023-11-29 21:34:56,111 [main] INFO  base.BaseClass - Trying to find Element By {by.toString()})
2023-11-29 21:34:56,137 [main] INFO  base.BaseClass - Found Element By {by.toString()}
2023-11-29 21:34:56,668 [main] INFO  base.BaseClass - Trying to find Element By {by.toString()})
2023-11-29 21:34:56,693 [main] INFO  base.BaseClass - Found Element By {by.toString()}
2023-11-29 21:34:57,230 [main] INFO  base.BaseClass - Trying to find Element By {by.toString()})
2023-11-29 21:34:57,245 [main] INFO  base.BaseClass - Found Element By {by.toString()}
2023-11-29 21:34:57,782 [main] INFO  base.BaseClass - Trying to find Element By {by.toString()})
2023-11-29 21:34:57,796 [main] INFO  base.BaseClass - Found Element By {by.toString()}
2023-11-29 21:34:58,341 [main] INFO  base.BaseClass - Trying to find Element By {by.toString()})
2023-11-29 21:34:58,357 [main] INFO  base.BaseClass - Found Element By {by.toString()}
2023-11-29 21:34:58,881 [main] INFO  base.BaseClass - Trying to find Element By {by.toString()})
2023-11-29 21:34:58,900 [main] INFO  base.BaseClass - Found Element By {by.toString()}
2023-11-29 21:34:59,424 [main] INFO  base.BaseClass - Trying to find Element By {by.toString()})
2023-11-29 21:34:59,433 [main] INFO  base.BaseClass - Found Element By {by.toString()}
2023-11-29 21:34:59,948 [main] INFO  base.BaseClass - Trying to find Element By {by.toString()})
2023-11-29 21:34:59,964 [main] INFO  base.BaseClass - Found Element By {by.toString()}
2023-11-29 21:35:00,495 [main] INFO  base.BaseClass - Trying to find Element By {by.toString()})
2023-11-29 21:35:00,507 [main] INFO  base.BaseClass - Found Element By {by.toString()}
2023-11-29 21:35:01,038 [main] INFO  base.BaseClass - Trying to find Element By {by.toString()})
2023-11-29 21:35:01,057 [main] INFO  base.BaseClass - Found Element By {by.toString()}
2023-11-29 21:35:01,581 [main] INFO  base.BaseClass - Trying to find Element By {by.toString()})
2023-11-29 21:35:01,606 [main] INFO  base.BaseClass - Found Element By {by.toString()}
2023-11-29 21:35:02,139 [main] INFO  base.BaseClass - Trying to find Element By {by.toString()})
2023-11-29 21:35:02,156 [main] INFO  base.BaseClass - Found Element By {by.toString()}
2023-11-29 21:35:02,682 [main] INFO  base.BaseClass - Trying to find Element By {by.toString()})
2023-11-29 21:35:02,703 [main] INFO  base.BaseClass - Found Element By {by.toString()}
2023-11-29 21:35:03,227 [main] INFO  base.BaseClass - Trying to find Element By {by.toString()})
2023-11-29 21:35:03,249 [main] INFO  base.BaseClass - Found Element By {by.toString()}
2023-11-29 21:35:03,769 [main] INFO  base.BaseClass - Trying to find Element By {by.toString()})
2023-11-29 21:35:03,796 [main] INFO  base.BaseClass - Found Element By {by.toString()}
TimeoutException occurred: Expected condition failed: waiting for helper.WaitUtility$5@2c476b8f (tried for 30 second(s) with 500 milliseconds interval)
Build info: version: '3.141.59', revision: 'e82be7d358', time: '2018-11-14T08:17:03'
System info: host: 'DPLAP166', ip: '137.237.3.153', os.name: 'Windows 10', os.arch: 'amd64', os.version: '10.0', java.version: '19.0.1'
Driver info: org.openqa.selenium.support.events.EventFiringWebDriver
Capabilities {acceptInsecureCerts: true, browserName: chrome, browserVersion: 119.0.6045.200, chrome: {chromedriverVersion: 119.0.6045.105 (38c72552c5e..., userDataDir: C:\Users\dP-PL\AppData\Loca...}, fedcm:accounts: true, goog:chromeOptions: {debuggerAddress: localhost:50808}, javascriptEnabled: true, networkConnectionEnabled: false, pageLoadStrategy: normal, platform: WINDOWS, platformName: WINDOWS, proxy: Proxy(), setWindowRect: true, strictFileInteractability: false, timeouts: {implicit: 0, pageLoad: 300000, script: 30000}, unhandledPromptBehavior: dismiss and notify, webauthn:extension:credBlob: true, webauthn:extension:largeBlob: true, webauthn:extension:minPinLength: true, webauthn:extension:prf: true, webauthn:virtualAuthenticators: true}
Session ID: fd2d99cf60a899f1e240ca18afbc2ce1
2023-11-29 21:35:03,815 [main] ERROR XGLT_15177_Test - Element did not become visible within the specified time: Expected condition failed: waiting for helper.WaitUtility$5@2c476b8f (tried for 30 second(s) with 500 milliseconds interval)
Build info: version: '3.141.59', revision: 'e82be7d358', time: '2018-11-14T08:17:03'
System info: host: 'DPLAP166', ip: '137.237.3.153', os.name: 'Windows 10', os.arch: 'amd64', os.version: '10.0', java.version: '19.0.1'
Driver info: org.openqa.selenium.support.events.EventFiringWebDriver
Capabilities {acceptInsecureCerts: true, browserName: chrome, browserVersion: 119.0.6045.200, chrome: {chromedriverVersion: 119.0.6045.105 (38c72552c5e..., userDataDir: C:\Users\dP-PL\AppData\Loca...}, fedcm:accounts: true, goog:chromeOptions: {debuggerAddress: localhost:50808}, javascriptEnabled: true, networkConnectionEnabled: false, pageLoadStrategy: normal, platform: WINDOWS, platformName: WINDOWS, proxy: Proxy(), setWindowRect: true, strictFileInteractability: false, timeouts: {implicit: 0, pageLoad: 300000, script: 30000}, unhandledPromptBehavior: dismiss and notify, webauthn:extension:credBlob: true, webauthn:extension:largeBlob: true, webauthn:extension:minPinLength: true, webauthn:extension:prf: true, webauthn:virtualAuthenticators: true}
Session ID: fd2d99cf60a899f1e240ca18afbc2ce1
2023-11-29 21:35:03,815 [main] INFO  base.BaseClass - Trying to find Element By {by.toString()})
2023-11-29 21:35:03,825 [main] INFO  base.BaseClass - Found Element By {by.toString()}
2023-11-29 21:35:03,825 [main] INFO  base.BaseClass - Trying to click on: {element.toString()}
2023-11-29 21:35:03,900 [main] INFO  base.BaseClass - Clicked on: {element.toString()}
2023-11-29 21:35:03,901 [main] INFO  base.BaseClass - Trying to find Element By {by.toString()})
2023-11-29 21:35:03,914 [main] INFO  base.BaseClass - Found Element By {by.toString()}
TimeoutException occurred: Expected condition failed: waiting for helper.WaitUtility$5@bb510b (tried for 30 second(s) with 500 milliseconds interval)
Build info: version: '3.141.59', revision: 'e82be7d358', time: '2018-11-14T08:17:03'
System info: host: 'DPLAP166', ip: '137.237.3.153', os.name: 'Windows 10', os.arch: 'amd64', os.version: '10.0', java.version: '19.0.1'
Driver info: org.openqa.selenium.support.events.EventFiringWebDriver
Capabilities {acceptInsecureCerts: true, browserName: chrome, browserVersion: 119.0.6045.200, chrome: {chromedriverVersion: 119.0.6045.105 (38c72552c5e..., userDataDir: C:\Users\dP-PL\AppData\Loca...}, fedcm:accounts: true, goog:chromeOptions: {debuggerAddress: localhost:50808}, javascriptEnabled: true, networkConnectionEnabled: false, pageLoadStrategy: normal, platform: WINDOWS, platformName: WINDOWS, proxy: Proxy(), setWindowRect: true, strictFileInteractability: false, timeouts: {implicit: 0, pageLoad: 300000, script: 30000}, unhandledPromptBehavior: dismiss and notify, webauthn:extension:credBlob: true, webauthn:extension:largeBlob: true, webauthn:extension:minPinLength: true, webauthn:extension:prf: true, webauthn:virtualAuthenticators: true}
Session ID: fd2d99cf60a899f1e240ca18afbc2ce1
2023-11-29 21:35:34,009 [main] ERROR XGLT_15177_Test - Element did not become visible within the specified time: Expected condition failed: waiting for helper.WaitUtility$5@bb510b (tried for 30 second(s) with 500 milliseconds interval)
Build info: version: '3.141.59', revision: 'e82be7d358', time: '2018-11-14T08:17:03'
System info: host: 'DPLAP166', ip: '137.237.3.153', os.name: 'Windows 10', os.arch: 'amd64', os.version: '10.0', java.version: '19.0.1'
Driver info: org.openqa.selenium.support.events.EventFiringWebDriver
Capabilities {acceptInsecureCerts: true, browserName: chrome, browserVersion: 119.0.6045.200, chrome: {chromedriverVersion: 119.0.6045.105 (38c72552c5e..., userDataDir: C:\Users\dP-PL\AppData\Loca...}, fedcm:accounts: true, goog:chromeOptions: {debuggerAddress: localhost:50808}, javascriptEnabled: true, networkConnectionEnabled: false, pageLoadStrategy: normal, platform: WINDOWS, platformName: WINDOWS, proxy: Proxy(), setWindowRect: true, strictFileInteractability: false, timeouts: {implicit: 0, pageLoad: 300000, script: 30000}, unhandledPromptBehavior: dismiss and notify, webauthn:extension:credBlob: true, webauthn:extension:largeBlob: true, webauthn:extension:minPinLength: true, webauthn:extension:prf: true, webauthn:virtualAuthenticators: true}
Session ID: fd2d99cf60a899f1e240ca18afbc2ce1
2023-11-29 21:35:34,009 [main] INFO  base.BaseClass - Trying to click on: {element.toString()}
2023-11-29 21:35:34,081 [main] INFO  base.BaseClass - Clicked on: {element.toString()}
2023-11-29 21:35:34,081 [Forwarding actions on session fd2d99cf60a899f1e240ca18afbc2ce1 to remote] INFO  base.BaseClass - Trying to find Element By {by.toString()})
2023-11-29 21:35:34,095 [Forwarding actions on session fd2d99cf60a899f1e240ca18afbc2ce1 to remote] INFO  base.BaseClass - Found Element By {by.toString()}
2023-11-29 21:35:34,224 [main] INFO  base.BaseClass - Trying to find Element By {by.toString()})
2023-11-29 21:35:34,245 [main] INFO  base.BaseClass - Found Element By {by.toString()}
2023-11-29 21:35:34,770 [main] INFO  base.BaseClass - Trying to find Element By {by.toString()})
2023-11-29 21:35:34,785 [main] INFO  base.BaseClass - Found Element By {by.toString()}
2023-11-29 21:35:35,311 [main] INFO  base.BaseClass - Trying to find Element By {by.toString()})
2023-11-29 21:35:35,332 [main] INFO  base.BaseClass - Found Element By {by.toString()}
2023-11-29 21:35:35,866 [main] INFO  base.BaseClass - Trying to find Element By {by.toString()})
2023-11-29 21:35:35,887 [main] INFO  base.BaseClass - Found Element By {by.toString()}
2023-11-29 21:35:36,426 [main] INFO  base.BaseClass - Trying to find Element By {by.toString()})
2023-11-29 21:35:36,450 [main] INFO  base.BaseClass - Found Element By {by.toString()}
2023-11-29 21:35:36,982 [main] INFO  base.BaseClass - Trying to find Element By {by.toString()})
2023-11-29 21:35:37,003 [main] INFO  base.BaseClass - Found Element By {by.toString()}
2023-11-29 21:35:37,524 [main] INFO  base.BaseClass - Trying to find Element By {by.toString()})
2023-11-29 21:35:37,546 [main] INFO  base.BaseClass - Found Element By {by.toString()}
2023-11-29 21:35:38,067 [main] INFO  base.BaseClass - Trying to find Element By {by.toString()})
2023-11-29 21:35:38,083 [main] INFO  base.BaseClass - Found Element By {by.toString()}
2023-11-29 21:35:38,606 [main] INFO  base.BaseClass - Trying to find Element By {by.toString()})
2023-11-29 21:35:38,616 [main] INFO  base.BaseClass - Found Element By {by.toString()}
2023-11-29 21:35:39,131 [main] INFO  base.BaseClass - Trying to find Element By {by.toString()})
2023-11-29 21:35:39,139 [main] INFO  base.BaseClass - Found Element By {by.toString()}
2023-11-29 21:35:39,660 [main] INFO  base.BaseClass - Trying to find Element By {by.toString()})
2023-11-29 21:35:39,679 [main] INFO  base.BaseClass - Found Element By {by.toString()}
2023-11-29 21:35:40,206 [main] INFO  base.BaseClass - Trying to find Element By {by.toString()})
2023-11-29 21:35:40,222 [main] INFO  base.BaseClass - Found Element By {by.toString()}
2023-11-29 21:35:40,747 [main] INFO  base.BaseClass - Trying to find Element By {by.toString()})
2023-11-29 21:35:40,776 [main] INFO  base.BaseClass - Found Element By {by.toString()}
2023-11-29 21:35:41,306 [main] INFO  base.BaseClass - Trying to find Element By {by.toString()})
2023-11-29 21:35:41,329 [main] INFO  base.BaseClass - Found Element By {by.toString()}
2023-11-29 21:35:41,864 [main] INFO  base.BaseClass - Trying to find Element By {by.toString()})
2023-11-29 21:35:41,875 [main] INFO  base.BaseClass - Found Element By {by.toString()}
2023-11-29 21:35:42,396 [main] INFO  base.BaseClass - Trying to find Element By {by.toString()})
2023-11-29 21:35:42,410 [main] INFO  base.BaseClass - Found Element By {by.toString()}
2023-11-29 21:35:42,923 [main] INFO  base.BaseClass - Trying to find Element By {by.toString()})
2023-11-29 21:35:42,937 [main] INFO  base.BaseClass - Found Element By {by.toString()}
2023-11-29 21:35:43,466 [main] INFO  base.BaseClass - Trying to find Element By {by.toString()})
2023-11-29 21:35:43,479 [main] INFO  base.BaseClass - Found Element By {by.toString()}
2023-11-29 21:35:43,995 [main] INFO  base.BaseClass - Trying to find Element By {by.toString()})
2023-11-29 21:35:44,011 [main] INFO  base.BaseClass - Found Element By {by.toString()}
2023-11-29 21:35:44,537 [main] INFO  base.BaseClass - Trying to find Element By {by.toString()})
2023-11-29 21:35:44,560 [main] INFO  base.BaseClass - Found Element By {by.toString()}
2023-11-29 21:35:45,080 [main] INFO  base.BaseClass - Trying to find Element By {by.toString()})
2023-11-29 21:35:45,104 [main] INFO  base.BaseClass - Found Element By {by.toString()}
2023-11-29 21:35:45,638 [main] INFO  base.BaseClass - Trying to find Element By {by.toString()})
2023-11-29 21:35:45,651 [main] INFO  base.BaseClass - Found Element By {by.toString()}
2023-11-29 21:35:46,181 [main] INFO  base.BaseClass - Trying to find Element By {by.toString()})
2023-11-29 21:35:46,194 [main] INFO  base.BaseClass - Found Element By {by.toString()}
2023-11-29 21:35:46,726 [main] INFO  base.BaseClass - Trying to find Element By {by.toString()})
2023-11-29 21:35:46,742 [main] INFO  base.BaseClass - Found Element By {by.toString()}
2023-11-29 21:35:47,283 [main] INFO  base.BaseClass - Trying to find Element By {by.toString()})
2023-11-29 21:35:47,309 [main] INFO  base.BaseClass - Found Element By {by.toString()}
2023-11-29 21:35:47,842 [main] INFO  base.BaseClass - Trying to find Element By {by.toString()})
2023-11-29 21:35:47,856 [main] INFO  base.BaseClass - Found Element By {by.toString()}
2023-11-29 21:35:48,383 [main] INFO  base.BaseClass - Trying to find Element By {by.toString()})
2023-11-29 21:35:48,396 [main] INFO  base.BaseClass - Found Element By {by.toString()}
2023-11-29 21:35:48,922 [main] INFO  base.BaseClass - Trying to find Element By {by.toString()})
2023-11-29 21:35:48,932 [main] INFO  base.BaseClass - Found Element By {by.toString()}
2023-11-29 21:35:49,449 [main] INFO  base.BaseClass - Trying to find Element By {by.toString()})
2023-11-29 21:35:49,466 [main] INFO  base.BaseClass - Found Element By {by.toString()}
2023-11-29 21:35:49,991 [main] INFO  base.BaseClass - Trying to find Element By {by.toString()})
2023-11-29 21:35:50,004 [main] INFO  base.BaseClass - Found Element By {by.toString()}
2023-11-29 21:35:50,532 [main] INFO  base.BaseClass - Trying to find Element By {by.toString()})
2023-11-29 21:35:50,615 [main] INFO  base.BaseClass - Found Element By {by.toString()}
2023-11-29 21:35:51,207 [main] INFO  base.BaseClass - Trying to find Element By {by.toString()})
2023-11-29 21:35:51,227 [main] INFO  base.BaseClass - Found Element By {by.toString()}
2023-11-29 21:35:51,757 [main] INFO  base.BaseClass - Trying to find Element By {by.toString()})
2023-11-29 21:35:51,783 [main] INFO  base.BaseClass - Found Element By {by.toString()}
2023-11-29 21:35:52,341 [main] INFO  base.BaseClass - Trying to find Element By {by.toString()})
2023-11-29 21:35:52,353 [main] INFO  base.BaseClass - Found Element By {by.toString()}
2023-11-29 21:35:52,870 [main] INFO  base.BaseClass - Trying to find Element By {by.toString()})
2023-11-29 21:35:52,888 [main] INFO  base.BaseClass - Found Element By {by.toString()}
2023-11-29 21:35:53,413 [main] INFO  base.BaseClass - Trying to find Element By {by.toString()})
2023-11-29 21:35:53,427 [main] INFO  base.BaseClass - Found Element By {by.toString()}
2023-11-29 21:35:53,953 [main] INFO  base.BaseClass - Trying to find Element By {by.toString()})
2023-11-29 21:35:53,969 [main] INFO  base.BaseClass - Found Element By {by.toString()}
2023-11-29 21:35:54,494 [main] INFO  base.BaseClass - Trying to find Element By {by.toString()})
2023-11-29 21:35:54,507 [main] INFO  base.BaseClass - Found Element By {by.toString()}
2023-11-29 21:35:55,036 [main] INFO  base.BaseClass - Trying to find Element By {by.toString()})
2023-11-29 21:35:55,051 [main] INFO  base.BaseClass - Found Element By {by.toString()}
2023-11-29 21:35:55,581 [main] INFO  base.BaseClass - Trying to find Element By {by.toString()})
2023-11-29 21:35:55,596 [main] INFO  base.BaseClass - Found Element By {by.toString()}
2023-11-29 21:35:56,123 [main] INFO  base.BaseClass - Trying to find Element By {by.toString()})
2023-11-29 21:35:56,138 [main] INFO  base.BaseClass - Found Element By {by.toString()}
2023-11-29 21:35:56,666 [main] INFO  base.BaseClass - Trying to find Element By {by.toString()})
2023-11-29 21:35:56,690 [main] INFO  base.BaseClass - Found Element By {by.toString()}
2023-11-29 21:35:57,208 [main] INFO  base.BaseClass - Trying to find Element By {by.toString()})
2023-11-29 21:35:57,225 [main] INFO  base.BaseClass - Found Element By {by.toString()}
2023-11-29 21:35:57,750 [main] INFO  base.BaseClass - Trying to find Element By {by.toString()})
2023-11-29 21:35:57,763 [main] INFO  base.BaseClass - Found Element By {by.toString()}
2023-11-29 21:35:58,292 [main] INFO  base.BaseClass - Trying to find Element By {by.toString()})
2023-11-29 21:35:58,306 [main] INFO  base.BaseClass - Found Element By {by.toString()}
2023-11-29 21:35:58,834 [main] INFO  base.BaseClass - Trying to find Element By {by.toString()})
2023-11-29 21:35:58,856 [main] INFO  base.BaseClass - Found Element By {by.toString()}
2023-11-29 21:35:59,376 [main] INFO  base.BaseClass - Trying to find Element By {by.toString()})
2023-11-29 21:35:59,400 [main] INFO  base.BaseClass - Found Element By {by.toString()}
2023-11-29 21:35:59,934 [main] INFO  base.BaseClass - Trying to find Element By {by.toString()})
2023-11-29 21:35:59,951 [main] INFO  base.BaseClass - Found Element By {by.toString()}
2023-11-29 21:36:00,480 [main] INFO  base.BaseClass - Trying to find Element By {by.toString()})
2023-11-29 21:36:00,498 [main] INFO  base.BaseClass - Found Element By {by.toString()}
2023-11-29 21:36:01,023 [main] INFO  base.BaseClass - Trying to find Element By {by.toString()})
2023-11-29 21:36:01,036 [main] INFO  base.BaseClass - Found Element By {by.toString()}
2023-11-29 21:36:01,566 [main] INFO  base.BaseClass - Trying to find Element By {by.toString()})
2023-11-29 21:36:01,581 [main] INFO  base.BaseClass - Found Element By {by.toString()}
2023-11-29 21:36:02,110 [main] INFO  base.BaseClass - Trying to find Element By {by.toString()})
2023-11-29 21:36:02,124 [main] INFO  base.BaseClass - Found Element By {by.toString()}
2023-11-29 21:36:02,652 [main] INFO  base.BaseClass - Trying to find Element By {by.toString()})
2023-11-29 21:36:02,671 [main] INFO  base.BaseClass - Found Element By {by.toString()}
2023-11-29 21:36:03,199 [main] INFO  base.BaseClass - Trying to find Element By {by.toString()})
2023-11-29 21:36:03,217 [main] INFO  base.BaseClass - Found Element By {by.toString()}
2023-11-29 21:36:03,742 [main] INFO  base.BaseClass - Trying to find Element By {by.toString()})
2023-11-29 21:36:03,755 [main] INFO  base.BaseClass - Found Element By {by.toString()}
2023-11-29 21:36:04,283 [main] INFO  base.BaseClass - Trying to find Element By {by.toString()})
2023-11-29 21:36:04,301 [main] INFO  base.BaseClass - Found Element By {by.toString()}
TimeoutException occurred: Expected condition failed: waiting for helper.WaitUtility$5@3ee0a533 (tried for 30 second(s) with 500 milliseconds interval)
Build info: version: '3.141.59', revision: 'e82be7d358', time: '2018-11-14T08:17:03'
System info: host: 'DPLAP166', ip: '137.237.3.153', os.name: 'Windows 10', os.arch: 'amd64', os.version: '10.0', java.version: '19.0.1'
Driver info: org.openqa.selenium.support.events.EventFiringWebDriver
Capabilities {acceptInsecureCerts: true, browserName: chrome, browserVersion: 119.0.6045.200, chrome: {chromedriverVersion: 119.0.6045.105 (38c72552c5e..., userDataDir: C:\Users\dP-PL\AppData\Loca...}, fedcm:accounts: true, goog:chromeOptions: {debuggerAddress: localhost:50808}, javascriptEnabled: true, networkConnectionEnabled: false, pageLoadStrategy: normal, platform: WINDOWS, platformName: WINDOWS, proxy: Proxy(), setWindowRect: true, strictFileInteractability: false, timeouts: {implicit: 0, pageLoad: 300000, script: 30000}, unhandledPromptBehavior: dismiss and notify, webauthn:extension:credBlob: true, webauthn:extension:largeBlob: true, webauthn:extension:minPinLength: true, webauthn:extension:prf: true, webauthn:virtualAuthenticators: true}
Session ID: fd2d99cf60a899f1e240ca18afbc2ce1
2023-11-29 21:36:04,324 [main] ERROR XGLT_15177_Test - Element did not become visible within the specified time: Expected condition failed: waiting for helper.WaitUtility$5@3ee0a533 (tried for 30 second(s) with 500 milliseconds interval)
Build info: version: '3.141.59', revision: 'e82be7d358', time: '2018-11-14T08:17:03'
System info: host: 'DPLAP166', ip: '137.237.3.153', os.name: 'Windows 10', os.arch: 'amd64', os.version: '10.0', java.version: '19.0.1'
Driver info: org.openqa.selenium.support.events.EventFiringWebDriver
Capabilities {acceptInsecureCerts: true, browserName: chrome, browserVersion: 119.0.6045.200, chrome: {chromedriverVersion: 119.0.6045.105 (38c72552c5e..., userDataDir: C:\Users\dP-PL\AppData\Loca...}, fedcm:accounts: true, goog:chromeOptions: {debuggerAddress: localhost:50808}, javascriptEnabled: true, networkConnectionEnabled: false, pageLoadStrategy: normal, platform: WINDOWS, platformName: WINDOWS, proxy: Proxy(), setWindowRect: true, strictFileInteractability: false, timeouts: {implicit: 0, pageLoad: 300000, script: 30000}, unhandledPromptBehavior: dismiss and notify, webauthn:extension:credBlob: true, webauthn:extension:largeBlob: true, webauthn:extension:minPinLength: true, webauthn:extension:prf: true, webauthn:virtualAuthenticators: true}
Session ID: fd2d99cf60a899f1e240ca18afbc2ce1
2023-11-29 21:36:04,324 [main] INFO  base.BaseClass - Trying to find Element By {by.toString()})
2023-11-29 21:36:04,336 [main] INFO  base.BaseClass - Found Element By {by.toString()}
2023-11-29 21:36:04,336 [main] INFO  base.BaseClass - Trying to click on: {element.toString()}
2023-11-29 21:36:04,371 [main] INFO  base.BaseClass - Clicked on: {element.toString()}
2023-11-29 21:36:04,371 [main] INFO  base.BaseClass - Trying to find Element By {by.toString()})
2023-11-29 21:36:04,381 [main] INFO  base.BaseClass - Found Element By {by.toString()}
TimeoutException occurred: Expected condition failed: waiting for helper.WaitUtility$5@8937f62 (tried for 30 second(s) with 500 milliseconds interval)
Build info: version: '3.141.59', revision: 'e82be7d358', time: '2018-11-14T08:17:03'
System info: host: 'DPLAP166', ip: '137.237.3.153', os.name: 'Windows 10', os.arch: 'amd64', os.version: '10.0', java.version: '19.0.1'
Driver info: org.openqa.selenium.support.events.EventFiringWebDriver
Capabilities {acceptInsecureCerts: true, browserName: chrome, browserVersion: 119.0.6045.200, chrome: {chromedriverVersion: 119.0.6045.105 (38c72552c5e..., userDataDir: C:\Users\dP-PL\AppData\Loca...}, fedcm:accounts: true, goog:chromeOptions: {debuggerAddress: localhost:50808}, javascriptEnabled: true, networkConnectionEnabled: false, pageLoadStrategy: normal, platform: WINDOWS, platformName: WINDOWS, proxy: Proxy(), setWindowRect: true, strictFileInteractability: false, timeouts: {implicit: 0, pageLoad: 300000, script: 30000}, unhandledPromptBehavior: dismiss and notify, webauthn:extension:credBlob: true, webauthn:extension:largeBlob: true, webauthn:extension:minPinLength: true, webauthn:extension:prf: true, webauthn:virtualAuthenticators: true}
Session ID: fd2d99cf60a899f1e240ca18afbc2ce1
2023-11-29 21:36:34,816 [main] ERROR XGLT_15177_Test - Element did not become visible within the specified time: Expected condition failed: waiting for helper.WaitUtility$5@8937f62 (tried for 30 second(s) with 500 milliseconds interval)
Build info: version: '3.141.59', revision: 'e82be7d358', time: '2018-11-14T08:17:03'
System info: host: 'DPLAP166', ip: '137.237.3.153', os.name: 'Windows 10', os.arch: 'amd64', os.version: '10.0', java.version: '19.0.1'
Driver info: org.openqa.selenium.support.events.EventFiringWebDriver
Capabilities {acceptInsecureCerts: true, browserName: chrome, browserVersion: 119.0.6045.200, chrome: {chromedriverVersion: 119.0.6045.105 (38c72552c5e..., userDataDir: C:\Users\dP-PL\AppData\Loca...}, fedcm:accounts: true, goog:chromeOptions: {debuggerAddress: localhost:50808}, javascriptEnabled: true, networkConnectionEnabled: false, pageLoadStrategy: normal, platform: WINDOWS, platformName: WINDOWS, proxy: Proxy(), setWindowRect: true, strictFileInteractability: false, timeouts: {implicit: 0, pageLoad: 300000, script: 30000}, unhandledPromptBehavior: dismiss and notify, webauthn:extension:credBlob: true, webauthn:extension:largeBlob: true, webauthn:extension:minPinLength: true, webauthn:extension:prf: true, webauthn:virtualAuthenticators: true}
Session ID: fd2d99cf60a899f1e240ca18afbc2ce1
2023-11-29 21:36:34,816 [main] INFO  base.BaseClass - Trying to click on: {element.toString()}
2023-11-29 21:36:34,847 [main] INFO  base.BaseClass - Clicked on: {element.toString()}
2023-11-29 21:36:34,847 [main] INFO  base.BaseClass - Trying to find Element By {by.toString()})
2023-11-29 21:36:34,862 [main] INFO  base.BaseClass - Found Element By {by.toString()}
2023-11-29 21:36:35,390 [main] INFO  base.BaseClass - Trying to find Element By {by.toString()})
2023-11-29 21:36:35,417 [main] INFO  base.BaseClass - Found Element By {by.toString()}
2023-11-29 21:36:35,963 [main] INFO  base.BaseClass - Trying to find Element By {by.toString()})
2023-11-29 21:36:35,990 [main] INFO  base.BaseClass - Found Element By {by.toString()}
2023-11-29 21:36:36,538 [main] INFO  base.BaseClass - Trying to find Element By {by.toString()})
2023-11-29 21:36:36,563 [main] INFO  base.BaseClass - Found Element By {by.toString()}
2023-11-29 21:36:37,100 [main] INFO  base.BaseClass - Trying to find Element By {by.toString()})
2023-11-29 21:36:37,127 [main] INFO  base.BaseClass - Found Element By {by.toString()}
2023-11-29 21:36:37,675 [main] INFO  base.BaseClass - Trying to find Element By {by.toString()})
2023-11-29 21:36:37,702 [main] INFO  base.BaseClass - Found Element By {by.toString()}
2023-11-29 21:36:38,237 [main] INFO  base.BaseClass - Trying to find Element By {by.toString()})
2023-11-29 21:36:38,263 [main] INFO  base.BaseClass - Found Element By {by.toString()}
2023-11-29 21:36:38,812 [main] INFO  base.BaseClass - Trying to find Element By {by.toString()})
2023-11-29 21:36:38,837 [main] INFO  base.BaseClass - Found Element By {by.toString()}
2023-11-29 21:36:39,372 [main] INFO  base.BaseClass - Trying to find Element By {by.toString()})
2023-11-29 21:36:39,398 [main] INFO  base.BaseClass - Found Element By {by.toString()}
2023-11-29 21:36:39,950 [main] INFO  base.BaseClass - Trying to find Element By {by.toString()})
2023-11-29 21:36:39,975 [main] INFO  base.BaseClass - Found Element By {by.toString()}
2023-11-29 21:36:40,513 [main] INFO  base.BaseClass - Trying to find Element By {by.toString()})
2023-11-29 21:36:40,537 [main] INFO  base.BaseClass - Found Element By {by.toString()}
2023-11-29 21:36:41,072 [main] INFO  base.BaseClass - Trying to find Element By {by.toString()})
2023-11-29 21:36:41,096 [main] INFO  base.BaseClass - Found Element By {by.toString()}
2023-11-29 21:36:41,633 [main] INFO  base.BaseClass - Trying to find Element By {by.toString()})
2023-11-29 21:36:41,658 [main] INFO  base.BaseClass - Found Element By {by.toString()}
2023-11-29 21:36:42,197 [main] INFO  base.BaseClass - Trying to find Element By {by.toString()})
2023-11-29 21:36:42,220 [main] INFO  base.BaseClass - Found Element By {by.toString()}
2023-11-29 21:36:42,773 [main] INFO  base.BaseClass - Trying to find Element By {by.toString()})
2023-11-29 21:36:42,799 [main] INFO  base.BaseClass - Found Element By {by.toString()}
2023-11-29 21:36:43,337 [main] INFO  base.BaseClass - Trying to find Element By {by.toString()})
2023-11-29 21:36:43,894 [main] INFO  base.BaseClass - Found Element By {by.toString()}
2023-11-29 21:36:44,429 [main] INFO  base.BaseClass - Trying to find Element By {by.toString()})
2023-11-29 21:36:44,451 [main] INFO  base.BaseClass - Found Element By {by.toString()}
2023-11-29 21:36:44,992 [main] INFO  base.BaseClass - Trying to find Element By {by.toString()})
2023-11-29 21:36:45,017 [main] INFO  base.BaseClass - Found Element By {by.toString()}
2023-11-29 21:36:45,553 [main] INFO  base.BaseClass - Trying to find Element By {by.toString()})
2023-11-29 21:36:45,582 [main] INFO  base.BaseClass - Found Element By {by.toString()}
2023-11-29 21:36:46,132 [main] INFO  base.BaseClass - Trying to find Element By {by.toString()})
2023-11-29 21:36:46,157 [main] INFO  base.BaseClass - Found Element By {by.toString()}
2023-11-29 21:36:46,694 [main] INFO  base.BaseClass - Trying to find Element By {by.toString()})
2023-11-29 21:36:46,719 [main] INFO  base.BaseClass - Found Element By {by.toString()}
2023-11-29 21:36:47,259 [main] INFO  base.BaseClass - Trying to find Element By {by.toString()})
2023-11-29 21:36:47,282 [main] INFO  base.BaseClass - Found Element By {by.toString()}
2023-11-29 21:36:47,822 [main] INFO  base.BaseClass - Trying to find Element By {by.toString()})
2023-11-29 21:36:47,847 [main] INFO  base.BaseClass - Found Element By {by.toString()}
2023-11-29 21:36:48,387 [main] INFO  base.BaseClass - Trying to find Element By {by.toString()})
2023-11-29 21:36:48,411 [main] INFO  base.BaseClass - Found Element By {by.toString()}
2023-11-29 21:36:48,952 [main] INFO  base.BaseClass - Trying to find Element By {by.toString()})
2023-11-29 21:36:48,976 [main] INFO  base.BaseClass - Found Element By {by.toString()}
2023-11-29 21:36:49,514 [main] INFO  base.BaseClass - Trying to find Element By {by.toString()})
2023-11-29 21:36:49,537 [main] INFO  base.BaseClass - Found Element By {by.toString()}
2023-11-29 21:36:50,072 [main] INFO  base.BaseClass - Trying to find Element By {by.toString()})
2023-11-29 21:36:50,096 [main] INFO  base.BaseClass - Found Element By {by.toString()}
2023-11-29 21:36:50,638 [main] INFO  base.BaseClass - Trying to find Element By {by.toString()})
2023-11-29 21:36:50,668 [main] INFO  base.BaseClass - Found Element By {by.toString()}
2023-11-29 21:36:51,215 [main] INFO  base.BaseClass - Trying to find Element By {by.toString()})
2023-11-29 21:36:51,240 [main] INFO  base.BaseClass - Found Element By {by.toString()}
2023-11-29 21:36:51,780 [main] INFO  base.BaseClass - Trying to find Element By {by.toString()})
2023-11-29 21:36:51,805 [main] INFO  base.BaseClass - Found Element By {by.toString()}
2023-11-29 21:36:52,345 [main] INFO  base.BaseClass - Trying to find Element By {by.toString()})
2023-11-29 21:36:52,370 [main] INFO  base.BaseClass - Found Element By {by.toString()}
2023-11-29 21:36:52,909 [main] INFO  base.BaseClass - Trying to find Element By {by.toString()})
2023-11-29 21:36:52,921 [main] INFO  base.BaseClass - Found Element By {by.toString()}
2023-11-29 21:36:53,456 [main] INFO  base.BaseClass - Trying to find Element By {by.toString()})
2023-11-29 21:36:53,482 [main] INFO  base.BaseClass - Found Element By {by.toString()}
2023-11-29 21:36:54,018 [main] INFO  base.BaseClass - Trying to find Element By {by.toString()})
2023-11-29 21:36:54,043 [main] INFO  base.BaseClass - Found Element By {by.toString()}
2023-11-29 21:36:54,583 [main] INFO  base.BaseClass - Trying to find Element By {by.toString()})
2023-11-29 21:36:54,607 [main] INFO  base.BaseClass - Found Element By {by.toString()}
2023-11-29 21:36:55,148 [main] INFO  base.BaseClass - Trying to find Element By {by.toString()})
2023-11-29 21:36:55,173 [main] INFO  base.BaseClass - Found Element By {by.toString()}
2023-11-29 21:36:55,709 [main] INFO  base.BaseClass - Trying to find Element By {by.toString()})
2023-11-29 21:36:55,721 [main] INFO  base.BaseClass - Found Element By {by.toString()}
2023-11-29 21:36:56,255 [main] INFO  base.BaseClass - Trying to find Element By {by.toString()})
2023-11-29 21:36:56,279 [main] INFO  base.BaseClass - Found Element By {by.toString()}
2023-11-29 21:36:56,831 [main] INFO  base.BaseClass - Trying to find Element By {by.toString()})
2023-11-29 21:36:56,860 [main] INFO  base.BaseClass - Found Element By {by.toString()}
2023-11-29 21:36:57,390 [main] INFO  base.BaseClass - Trying to find Element By {by.toString()})
2023-11-29 21:36:57,416 [main] INFO  base.BaseClass - Found Element By {by.toString()}
2023-11-29 21:36:57,969 [main] INFO  base.BaseClass - Trying to find Element By {by.toString()})
2023-11-29 21:36:57,996 [main] INFO  base.BaseClass - Found Element By {by.toString()}
2023-11-29 21:36:58,548 [main] INFO  base.BaseClass - Trying to find Element By {by.toString()})
2023-11-29 21:36:58,575 [main] INFO  base.BaseClass - Found Element By {by.toString()}
2023-11-29 21:36:59,123 [main] INFO  base.BaseClass - Trying to find Element By {by.toString()})
2023-11-29 21:36:59,149 [main] INFO  base.BaseClass - Found Element By {by.toString()}
2023-11-29 21:36:59,686 [main] INFO  base.BaseClass - Trying to find Element By {by.toString()})
2023-11-29 21:36:59,713 [main] INFO  base.BaseClass - Found Element By {by.toString()}
2023-11-29 21:37:00,252 [main] INFO  base.BaseClass - Trying to find Element By {by.toString()})
2023-11-29 21:37:00,276 [main] INFO  base.BaseClass - Found Element By {by.toString()}
2023-11-29 21:37:00,800 [main] INFO  base.BaseClass - Trying to find Element By {by.toString()})
2023-11-29 21:37:00,815 [main] INFO  base.BaseClass - Found Element By {by.toString()}
2023-11-29 21:37:01,348 [main] INFO  base.BaseClass - Trying to find Element By {by.toString()})
2023-11-29 21:37:01,374 [main] INFO  base.BaseClass - Found Element By {by.toString()}
2023-11-29 21:37:01,924 [main] INFO  base.BaseClass - Trying to find Element By {by.toString()})
2023-11-29 21:37:01,949 [main] INFO  base.BaseClass - Found Element By {by.toString()}
2023-11-29 21:37:02,490 [main] INFO  base.BaseClass - Trying to find Element By {by.toString()})
2023-11-29 21:37:02,575 [main] INFO  base.BaseClass - Found Element By {by.toString()}
2023-11-29 21:37:03,098 [main] INFO  base.BaseClass - Trying to find Element By {by.toString()})
2023-11-29 21:37:03,124 [main] INFO  base.BaseClass - Found Element By {by.toString()}
2023-11-29 21:37:03,662 [main] INFO  base.BaseClass - Trying to find Element By {by.toString()})
2023-11-29 21:37:03,688 [main] INFO  base.BaseClass - Found Element By {by.toString()}
2023-11-29 21:37:04,228 [main] INFO  base.BaseClass - Trying to find Element By {by.toString()})
2023-11-29 21:37:04,253 [main] INFO  base.BaseClass - Found Element By {by.toString()}
2023-11-29 21:37:04,793 [main] INFO  base.BaseClass - Trying to find Element By {by.toString()})
2023-11-29 21:37:04,809 [main] INFO  base.BaseClass - Found Element By {by.toString()}
2023-11-29 21:37:05,328 [main] INFO  base.BaseClass - Trying to find Element By {by.toString()})
2023-11-29 21:37:05,352 [main] INFO  base.BaseClass - Found Element By {by.toString()}
TimeoutException occurred: Expected condition failed: waiting for helper.WaitUtility$5@10055e52 (tried for 30 second(s) with 500 milliseconds interval)
Build info: version: '3.141.59', revision: 'e82be7d358', time: '2018-11-14T08:17:03'
System info: host: 'DPLAP166', ip: '137.237.3.153', os.name: 'Windows 10', os.arch: 'amd64', os.version: '10.0', java.version: '19.0.1'
Driver info: org.openqa.selenium.support.events.EventFiringWebDriver
Capabilities {acceptInsecureCerts: true, browserName: chrome, browserVersion: 119.0.6045.200, chrome: {chromedriverVersion: 119.0.6045.105 (38c72552c5e..., userDataDir: C:\Users\dP-PL\AppData\Loca...}, fedcm:accounts: true, goog:chromeOptions: {debuggerAddress: localhost:50808}, javascriptEnabled: true, networkConnectionEnabled: false, pageLoadStrategy: normal, platform: WINDOWS, platformName: WINDOWS, proxy: Proxy(), setWindowRect: true, strictFileInteractability: false, timeouts: {implicit: 0, pageLoad: 300000, script: 30000}, unhandledPromptBehavior: dismiss and notify, webauthn:extension:credBlob: true, webauthn:extension:largeBlob: true, webauthn:extension:minPinLength: true, webauthn:extension:prf: true, webauthn:virtualAuthenticators: true}
Session ID: fd2d99cf60a899f1e240ca18afbc2ce1
2023-11-29 21:37:05,385 [main] ERROR XGLT_15177_Test - Element did not become visible within the specified time: Expected condition failed: waiting for helper.WaitUtility$5@10055e52 (tried for 30 second(s) with 500 milliseconds interval)
Build info: version: '3.141.59', revision: 'e82be7d358', time: '2018-11-14T08:17:03'
System info: host: 'DPLAP166', ip: '137.237.3.153', os.name: 'Windows 10', os.arch: 'amd64', os.version: '10.0', java.version: '19.0.1'
Driver info: org.openqa.selenium.support.events.EventFiringWebDriver
Capabilities {acceptInsecureCerts: true, browserName: chrome, browserVersion: 119.0.6045.200, chrome: {chromedriverVersion: 119.0.6045.105 (38c72552c5e..., userDataDir: C:\Users\dP-PL\AppData\Loca...}, fedcm:accounts: true, goog:chromeOptions: {debuggerAddress: localhost:50808}, javascriptEnabled: true, networkConnectionEnabled: false, pageLoadStrategy: normal, platform: WINDOWS, platformName: WINDOWS, proxy: Proxy(), setWindowRect: true, strictFileInteractability: false, timeouts: {implicit: 0, pageLoad: 300000, script: 30000}, unhandledPromptBehavior: dismiss and notify, webauthn:extension:credBlob: true, webauthn:extension:largeBlob: true, webauthn:extension:minPinLength: true, webauthn:extension:prf: true, webauthn:virtualAuthenticators: true}
Session ID: fd2d99cf60a899f1e240ca18afbc2ce1
2023-11-29 21:37:05,385 [main] INFO  base.BaseClass - Trying to find Element By {by.toString()})
2023-11-29 21:37:05,400 [main] INFO  base.BaseClass - Found Element By {by.toString()}
2023-11-29 21:37:05,400 [main] INFO  base.BaseClass - Trying to click on: {element.toString()}
2023-11-29 21:37:05,467 [main] INFO  base.BaseClass - Clicked on: {element.toString()}
2023-11-29 21:37:05,469 [main] INFO  base.BaseClass - Trying to find Element By {by.toString()})
2023-11-29 21:37:05,482 [main] INFO  base.BaseClass - Found Element By {by.toString()}
2023-11-29 21:37:05,493 [main] INFO  base.BaseClass - Trying to find Element By {by.toString()})
2023-11-29 21:37:05,501 [main] INFO  base.BaseClass - Found Element By {by.toString()}
Writing on Excel file Finished ...
CreateNewSalesPerson passed!
]]></system-out>
    <system-err><![CDATA[Starting ChromeDriver 119.0.6045.105 (38c72552c5e15ba9b3117c0967a0fd105072d7c6-refs/branch-heads/6045@{#1103}) on port 17037
Only local connections are allowed.
Please see https://chromedriver.chromium.org/security-considerations for suggestions on keeping ChromeDriver safe.
ChromeDriver was started successfully.
Nov 29, 2023 9:31:33 PM org.openqa.selenium.remote.ProtocolHandshake createSession
INFO: Detected dialect: W3C
]]></system-err>
  </testcase>
  <testcase name="MissonControlReset" classname="XGLT_6693_Test" time="247.106">
    <system-out><![CDATA[2023-11-29 21:37:09,322 [main] INFO  XGLT_15177_Test - closing up browser
2023-11-29 21:37:09,569 [main] INFO  base.BaseClass - Login to XGL
2023-11-29 21:37:09,569 [main] INFO  XGLT_15177_Test - Setting up browser
2023-11-29 21:37:09,594 [main] INFO  io.github.bonigarcia.wdm.WebDriverManager - Using chromedriver 119.0.6045.105 (resolved driver for Chrome 119)
2023-11-29 21:37:09,614 [main] INFO  io.github.bonigarcia.wdm.WebDriverManager - Exporting webdriver.chrome.driver as C:\Users\dP-PL\.cache\selenium\chromedriver\win64\119.0.6045.105\chromedriver.exe
2023-11-29 21:37:10,637 [main] INFO  base.BaseClass - Before navigating to {url}
2023-11-29 21:37:16,746 [main] INFO  base.BaseClass - Navigated to {url}
2023-11-29 21:37:17,132 [main] INFO  base.BaseClass - Trying to find Element By {by.toString()})
2023-11-29 21:37:17,145 [main] INFO  base.BaseClass - Found Element By {by.toString()}
2023-11-29 21:37:17,187 [main] INFO  base.BaseClass - Trying to find Element By {by.toString()})
2023-11-29 21:37:17,201 [main] INFO  base.BaseClass - Found Element By {by.toString()}
2023-11-29 21:37:17,264 [main] INFO  base.BaseClass - Trying to find Element By {by.toString()})
2023-11-29 21:37:17,276 [main] INFO  base.BaseClass - Found Element By {by.toString()}
2023-11-29 21:37:17,276 [main] INFO  base.BaseClass - Trying to click on: {element.toString()}
2023-11-29 21:37:17,312 [main] INFO  base.BaseClass - Clicked on: {element.toString()}
2023-11-29 21:37:17,312 [main] INFO  base.BaseClass - Trying to find Element By {by.toString()})
2023-11-29 21:37:28,179 [main] INFO  base.BaseClass - Found Element By {by.toString()}
2023-11-29 21:37:28,200 [main] INFO  base.BaseClass - Trying to find Element By {by.toString()})
NoSuchElementException occurred: no such element: Unable to locate element: {"method":"xpath","selector":"//div[@class='modal-content']/div/i[contains(@class,'close')]"}
  (Session info: chrome=119.0.6045.200)
For documentation on this error, please visit: https://www.seleniumhq.org/exceptions/no_such_element.html
Build info: version: '3.141.59', revision: 'e82be7d358', time: '2018-11-14T08:17:03'
System info: host: 'DPLAP166', ip: '137.237.3.153', os.name: 'Windows 10', os.arch: 'amd64', os.version: '10.0', java.version: '19.0.1'
Driver info: org.openqa.selenium.chrome.ChromeDriver
Capabilities {acceptInsecureCerts: true, browserName: chrome, browserVersion: 119.0.6045.200, chrome: {chromedriverVersion: 119.0.6045.105 (38c72552c5e..., userDataDir: C:\Users\dP-PL\AppData\Loca...}, fedcm:accounts: true, goog:chromeOptions: {debuggerAddress: localhost:51512}, javascriptEnabled: true, networkConnectionEnabled: false, pageLoadStrategy: normal, platform: WINDOWS, platformName: WINDOWS, proxy: Proxy(), setWindowRect: true, strictFileInteractability: false, timeouts: {implicit: 0, pageLoad: 300000, script: 30000}, unhandledPromptBehavior: dismiss and notify, webauthn:extension:credBlob: true, webauthn:extension:largeBlob: true, webauthn:extension:minPinLength: true, webauthn:extension:prf: true, webauthn:virtualAuthenticators: true}
Session ID: 432599458cdc1471a0efad8b79ba5d44
*** Element info: {Using=xpath, value=//div[@class='modal-content']/div/i[contains(@class,'close')]}
Before method Test name: Maintainance Tests
MissonControlReset started!
2023-11-29 21:38:18,239 [main] INFO  base.BaseClass - Trying to find Element By {by.toString()})
2023-11-29 21:38:18,257 [main] INFO  base.BaseClass - Found Element By {by.toString()}
2023-11-29 21:38:18,780 [main] INFO  base.BaseClass - Trying to find Element By {by.toString()})
2023-11-29 21:38:18,790 [main] INFO  base.BaseClass - Found Element By {by.toString()}
2023-11-29 21:38:19,309 [main] INFO  base.BaseClass - Trying to find Element By {by.toString()})
2023-11-29 21:38:19,335 [main] INFO  base.BaseClass - Found Element By {by.toString()}
2023-11-29 21:38:19,872 [main] INFO  base.BaseClass - Trying to find Element By {by.toString()})
2023-11-29 21:38:19,891 [main] INFO  base.BaseClass - Found Element By {by.toString()}
2023-11-29 21:38:20,416 [main] INFO  base.BaseClass - Trying to find Element By {by.toString()})
2023-11-29 21:38:20,443 [main] INFO  base.BaseClass - Found Element By {by.toString()}
2023-11-29 21:38:20,978 [main] INFO  base.BaseClass - Trying to find Element By {by.toString()})
2023-11-29 21:38:21,004 [main] INFO  base.BaseClass - Found Element By {by.toString()}
2023-11-29 21:38:21,527 [main] INFO  base.BaseClass - Trying to find Element By {by.toString()})
2023-11-29 21:38:21,553 [main] INFO  base.BaseClass - Found Element By {by.toString()}
2023-11-29 21:38:22,082 [main] INFO  base.BaseClass - Trying to find Element By {by.toString()})
2023-11-29 21:38:22,108 [main] INFO  base.BaseClass - Found Element By {by.toString()}
2023-11-29 21:38:22,646 [main] INFO  base.BaseClass - Trying to find Element By {by.toString()})
2023-11-29 21:38:22,672 [main] INFO  base.BaseClass - Found Element By {by.toString()}
2023-11-29 21:38:23,216 [main] INFO  base.BaseClass - Trying to find Element By {by.toString()})
2023-11-29 21:38:23,236 [main] INFO  base.BaseClass - Found Element By {by.toString()}
2023-11-29 21:38:23,760 [main] INFO  base.BaseClass - Trying to find Element By {by.toString()})
2023-11-29 21:38:23,786 [main] INFO  base.BaseClass - Found Element By {by.toString()}
2023-11-29 21:38:24,330 [main] INFO  base.BaseClass - Trying to find Element By {by.toString()})
2023-11-29 21:38:24,348 [main] INFO  base.BaseClass - Found Element By {by.toString()}
2023-11-29 21:38:24,874 [main] INFO  base.BaseClass - Trying to find Element By {by.toString()})
2023-11-29 21:38:24,883 [main] INFO  base.BaseClass - Found Element By {by.toString()}
2023-11-29 21:38:25,401 [main] INFO  base.BaseClass - Trying to find Element By {by.toString()})
2023-11-29 21:38:25,443 [main] INFO  base.BaseClass - Found Element By {by.toString()}
2023-11-29 21:38:25,962 [main] INFO  base.BaseClass - Trying to find Element By {by.toString()})
2023-11-29 21:38:25,973 [main] INFO  base.BaseClass - Found Element By {by.toString()}
2023-11-29 21:38:26,493 [main] INFO  base.BaseClass - Trying to find Element By {by.toString()})
2023-11-29 21:38:26,521 [main] INFO  base.BaseClass - Found Element By {by.toString()}
2023-11-29 21:38:27,056 [main] INFO  base.BaseClass - Trying to find Element By {by.toString()})
2023-11-29 21:38:27,082 [main] INFO  base.BaseClass - Found Element By {by.toString()}
2023-11-29 21:38:27,621 [main] INFO  base.BaseClass - Trying to find Element By {by.toString()})
2023-11-29 21:38:27,647 [main] INFO  base.BaseClass - Found Element By {by.toString()}
2023-11-29 21:38:28,173 [main] INFO  base.BaseClass - Trying to find Element By {by.toString()})
2023-11-29 21:38:28,183 [main] INFO  base.BaseClass - Found Element By {by.toString()}
2023-11-29 21:38:28,708 [main] INFO  base.BaseClass - Trying to find Element By {by.toString()})
2023-11-29 21:38:28,734 [main] INFO  base.BaseClass - Found Element By {by.toString()}
2023-11-29 21:38:29,272 [main] INFO  base.BaseClass - Trying to find Element By {by.toString()})
2023-11-29 21:38:29,295 [main] INFO  base.BaseClass - Found Element By {by.toString()}
2023-11-29 21:38:29,822 [main] INFO  base.BaseClass - Trying to find Element By {by.toString()})
2023-11-29 21:38:29,846 [main] INFO  base.BaseClass - Found Element By {by.toString()}
2023-11-29 21:38:30,368 [main] INFO  base.BaseClass - Trying to find Element By {by.toString()})
2023-11-29 21:38:30,393 [main] INFO  base.BaseClass - Found Element By {by.toString()}
2023-11-29 21:38:30,934 [main] INFO  base.BaseClass - Trying to find Element By {by.toString()})
2023-11-29 21:38:30,946 [main] INFO  base.BaseClass - Found Element By {by.toString()}
2023-11-29 21:38:31,466 [main] INFO  base.BaseClass - Trying to find Element By {by.toString()})
2023-11-29 21:38:31,492 [main] INFO  base.BaseClass - Found Element By {by.toString()}
2023-11-29 21:38:32,014 [main] INFO  base.BaseClass - Trying to find Element By {by.toString()})
2023-11-29 21:38:32,040 [main] INFO  base.BaseClass - Found Element By {by.toString()}
2023-11-29 21:38:32,577 [main] INFO  base.BaseClass - Trying to find Element By {by.toString()})
2023-11-29 21:38:32,602 [main] INFO  base.BaseClass - Found Element By {by.toString()}
2023-11-29 21:38:33,141 [main] INFO  base.BaseClass - Trying to find Element By {by.toString()})
2023-11-29 21:38:33,167 [main] INFO  base.BaseClass - Found Element By {by.toString()}
2023-11-29 21:38:33,705 [main] INFO  base.BaseClass - Trying to find Element By {by.toString()})
2023-11-29 21:38:33,730 [main] INFO  base.BaseClass - Found Element By {by.toString()}
2023-11-29 21:38:34,269 [main] INFO  base.BaseClass - Trying to find Element By {by.toString()})
2023-11-29 21:38:34,295 [main] INFO  base.BaseClass - Found Element By {by.toString()}
2023-11-29 21:38:34,831 [main] INFO  base.BaseClass - Trying to find Element By {by.toString()})
2023-11-29 21:38:34,857 [main] INFO  base.BaseClass - Found Element By {by.toString()}
2023-11-29 21:38:35,391 [main] INFO  base.BaseClass - Trying to find Element By {by.toString()})
2023-11-29 21:38:35,418 [main] INFO  base.BaseClass - Found Element By {by.toString()}
2023-11-29 21:38:35,968 [main] INFO  base.BaseClass - Trying to find Element By {by.toString()})
2023-11-29 21:38:35,994 [main] INFO  base.BaseClass - Found Element By {by.toString()}
2023-11-29 21:38:36,528 [main] INFO  base.BaseClass - Trying to find Element By {by.toString()})
2023-11-29 21:38:36,553 [main] INFO  base.BaseClass - Found Element By {by.toString()}
2023-11-29 21:38:37,089 [main] INFO  base.BaseClass - Trying to find Element By {by.toString()})
2023-11-29 21:38:37,114 [main] INFO  base.BaseClass - Found Element By {by.toString()}
2023-11-29 21:38:37,651 [main] INFO  base.BaseClass - Trying to find Element By {by.toString()})
2023-11-29 21:38:37,677 [main] INFO  base.BaseClass - Found Element By {by.toString()}
2023-11-29 21:38:38,215 [main] INFO  base.BaseClass - Trying to find Element By {by.toString()})
2023-11-29 21:38:38,237 [main] INFO  base.BaseClass - Found Element By {by.toString()}
2023-11-29 21:38:38,766 [main] INFO  base.BaseClass - Trying to find Element By {by.toString()})
2023-11-29 21:38:38,792 [main] INFO  base.BaseClass - Found Element By {by.toString()}
2023-11-29 21:38:39,327 [main] INFO  base.BaseClass - Trying to find Element By {by.toString()})
2023-11-29 21:38:39,353 [main] INFO  base.BaseClass - Found Element By {by.toString()}
2023-11-29 21:38:39,879 [main] INFO  base.BaseClass - Trying to find Element By {by.toString()})
2023-11-29 21:38:39,909 [main] INFO  base.BaseClass - Found Element By {by.toString()}
2023-11-29 21:38:40,444 [main] INFO  base.BaseClass - Trying to find Element By {by.toString()})
2023-11-29 21:38:40,468 [main] INFO  base.BaseClass - Found Element By {by.toString()}
2023-11-29 21:38:41,009 [main] INFO  base.BaseClass - Trying to find Element By {by.toString()})
2023-11-29 21:38:41,032 [main] INFO  base.BaseClass - Found Element By {by.toString()}
2023-11-29 21:38:41,572 [main] INFO  base.BaseClass - Trying to find Element By {by.toString()})
2023-11-29 21:38:41,596 [main] INFO  base.BaseClass - Found Element By {by.toString()}
2023-11-29 21:38:42,137 [main] INFO  base.BaseClass - Trying to find Element By {by.toString()})
2023-11-29 21:38:42,161 [main] INFO  base.BaseClass - Found Element By {by.toString()}
2023-11-29 21:38:42,687 [main] INFO  base.BaseClass - Trying to find Element By {by.toString()})
2023-11-29 21:38:42,711 [main] INFO  base.BaseClass - Found Element By {by.toString()}
2023-11-29 21:38:43,237 [main] INFO  base.BaseClass - Trying to find Element By {by.toString()})
2023-11-29 21:38:43,264 [main] INFO  base.BaseClass - Found Element By {by.toString()}
2023-11-29 21:38:43,801 [main] INFO  base.BaseClass - Trying to find Element By {by.toString()})
2023-11-29 21:38:43,827 [main] INFO  base.BaseClass - Found Element By {by.toString()}
2023-11-29 21:38:44,349 [main] INFO  base.BaseClass - Trying to find Element By {by.toString()})
2023-11-29 21:38:44,375 [main] INFO  base.BaseClass - Found Element By {by.toString()}
2023-11-29 21:38:44,912 [main] INFO  base.BaseClass - Trying to find Element By {by.toString()})
2023-11-29 21:38:44,937 [main] INFO  base.BaseClass - Found Element By {by.toString()}
2023-11-29 21:38:45,481 [main] INFO  base.BaseClass - Trying to find Element By {by.toString()})
2023-11-29 21:38:45,505 [main] INFO  base.BaseClass - Found Element By {by.toString()}
2023-11-29 21:38:46,043 [main] INFO  base.BaseClass - Trying to find Element By {by.toString()})
2023-11-29 21:38:46,061 [main] INFO  base.BaseClass - Found Element By {by.toString()}
2023-11-29 21:38:46,587 [main] INFO  base.BaseClass - Trying to find Element By {by.toString()})
2023-11-29 21:38:46,611 [main] INFO  base.BaseClass - Found Element By {by.toString()}
2023-11-29 21:38:47,150 [main] INFO  base.BaseClass - Trying to find Element By {by.toString()})
2023-11-29 21:38:47,176 [main] INFO  base.BaseClass - Found Element By {by.toString()}
2023-11-29 21:38:47,712 [main] INFO  base.BaseClass - Trying to find Element By {by.toString()})
2023-11-29 21:38:47,738 [main] INFO  base.BaseClass - Found Element By {by.toString()}
2023-11-29 21:38:48,272 [main] INFO  base.BaseClass - Trying to find Element By {by.toString()})
2023-11-29 21:38:48,298 [main] INFO  base.BaseClass - Found Element By {by.toString()}
TimeoutException occurred: Expected condition failed: waiting for helper.WaitUtility$5@328b60fb (tried for 30 second(s) with 500 milliseconds interval)
Build info: version: '3.141.59', revision: 'e82be7d358', time: '2018-11-14T08:17:03'
System info: host: 'DPLAP166', ip: '137.237.3.153', os.name: 'Windows 10', os.arch: 'amd64', os.version: '10.0', java.version: '19.0.1'
Driver info: org.openqa.selenium.support.events.EventFiringWebDriver
Capabilities {acceptInsecureCerts: true, browserName: chrome, browserVersion: 119.0.6045.200, chrome: {chromedriverVersion: 119.0.6045.105 (38c72552c5e..., userDataDir: C:\Users\dP-PL\AppData\Loca...}, fedcm:accounts: true, goog:chromeOptions: {debuggerAddress: localhost:51512}, javascriptEnabled: true, networkConnectionEnabled: false, pageLoadStrategy: normal, platform: WINDOWS, platformName: WINDOWS, proxy: Proxy(), setWindowRect: true, strictFileInteractability: false, timeouts: {implicit: 0, pageLoad: 300000, script: 30000}, unhandledPromptBehavior: dismiss and notify, webauthn:extension:credBlob: true, webauthn:extension:largeBlob: true, webauthn:extension:minPinLength: true, webauthn:extension:prf: true, webauthn:virtualAuthenticators: true}
Session ID: 432599458cdc1471a0efad8b79ba5d44
2023-11-29 21:38:48,323 [main] ERROR XGLT_15177_Test - Element did not become visible within the specified time: Expected condition failed: waiting for helper.WaitUtility$5@328b60fb (tried for 30 second(s) with 500 milliseconds interval)
Build info: version: '3.141.59', revision: 'e82be7d358', time: '2018-11-14T08:17:03'
System info: host: 'DPLAP166', ip: '137.237.3.153', os.name: 'Windows 10', os.arch: 'amd64', os.version: '10.0', java.version: '19.0.1'
Driver info: org.openqa.selenium.support.events.EventFiringWebDriver
Capabilities {acceptInsecureCerts: true, browserName: chrome, browserVersion: 119.0.6045.200, chrome: {chromedriverVersion: 119.0.6045.105 (38c72552c5e..., userDataDir: C:\Users\dP-PL\AppData\Loca...}, fedcm:accounts: true, goog:chromeOptions: {debuggerAddress: localhost:51512}, javascriptEnabled: true, networkConnectionEnabled: false, pageLoadStrategy: normal, platform: WINDOWS, platformName: WINDOWS, proxy: Proxy(), setWindowRect: true, strictFileInteractability: false, timeouts: {implicit: 0, pageLoad: 300000, script: 30000}, unhandledPromptBehavior: dismiss and notify, webauthn:extension:credBlob: true, webauthn:extension:largeBlob: true, webauthn:extension:minPinLength: true, webauthn:extension:prf: true, webauthn:virtualAuthenticators: true}
Session ID: 432599458cdc1471a0efad8b79ba5d44
2023-11-29 21:38:48,323 [main] INFO  base.BaseClass - Trying to find Element By {by.toString()})
2023-11-29 21:38:48,337 [main] INFO  base.BaseClass - Found Element By {by.toString()}
2023-11-29 21:38:48,379 [main] INFO  base.BaseClass - Trying to find Element By {by.toString()})
2023-11-29 21:38:48,389 [main] INFO  base.BaseClass - Found Element By {by.toString()}
2023-11-29 21:38:48,396 [main] INFO  base.BaseClass - Trying to find Element By {by.toString()})
2023-11-29 21:38:48,406 [main] INFO  base.BaseClass - Found Element By {by.toString()}
2023-11-29 21:38:48,413 [main] INFO  base.BaseClass - Trying to find Element By {by.toString()})
2023-11-29 21:38:48,422 [main] INFO  base.BaseClass - Found Element By {by.toString()}
2023-11-29 21:38:48,945 [main] INFO  base.BaseClass - Trying to find Element By {by.toString()})
2023-11-29 21:38:48,973 [main] INFO  base.BaseClass - Found Element By {by.toString()}
2023-11-29 21:38:49,509 [main] INFO  base.BaseClass - Trying to find Element By {by.toString()})
2023-11-29 21:38:49,535 [main] INFO  base.BaseClass - Found Element By {by.toString()}
2023-11-29 21:38:50,071 [main] INFO  base.BaseClass - Trying to find Element By {by.toString()})
2023-11-29 21:38:50,096 [main] INFO  base.BaseClass - Found Element By {by.toString()}
2023-11-29 21:38:50,631 [main] INFO  base.BaseClass - Trying to find Element By {by.toString()})
2023-11-29 21:38:50,658 [main] INFO  base.BaseClass - Found Element By {by.toString()}
2023-11-29 21:38:51,194 [main] INFO  base.BaseClass - Trying to find Element By {by.toString()})
2023-11-29 21:38:51,218 [main] INFO  base.BaseClass - Found Element By {by.toString()}
2023-11-29 21:38:51,756 [main] INFO  base.BaseClass - Trying to find Element By {by.toString()})
2023-11-29 21:38:51,781 [main] INFO  base.BaseClass - Found Element By {by.toString()}
2023-11-29 21:38:52,319 [main] INFO  base.BaseClass - Trying to find Element By {by.toString()})
2023-11-29 21:38:52,345 [main] INFO  base.BaseClass - Found Element By {by.toString()}
2023-11-29 21:38:52,884 [main] INFO  base.BaseClass - Trying to find Element By {by.toString()})
2023-11-29 21:38:52,911 [main] INFO  base.BaseClass - Found Element By {by.toString()}
2023-11-29 21:38:53,444 [main] INFO  base.BaseClass - Trying to find Element By {by.toString()})
2023-11-29 21:38:53,469 [main] INFO  base.BaseClass - Found Element By {by.toString()}
2023-11-29 21:38:54,004 [main] INFO  base.BaseClass - Trying to find Element By {by.toString()})
2023-11-29 21:38:54,032 [main] INFO  base.BaseClass - Found Element By {by.toString()}
2023-11-29 21:38:54,568 [main] INFO  base.BaseClass - Trying to find Element By {by.toString()})
2023-11-29 21:38:54,594 [main] INFO  base.BaseClass - Found Element By {by.toString()}
2023-11-29 21:38:55,129 [main] INFO  base.BaseClass - Trying to find Element By {by.toString()})
2023-11-29 21:38:55,154 [main] INFO  base.BaseClass - Found Element By {by.toString()}
2023-11-29 21:38:55,696 [main] INFO  base.BaseClass - Trying to find Element By {by.toString()})
2023-11-29 21:38:55,717 [main] INFO  base.BaseClass - Found Element By {by.toString()}
2023-11-29 21:38:56,242 [main] INFO  base.BaseClass - Trying to find Element By {by.toString()})
2023-11-29 21:38:56,267 [main] INFO  base.BaseClass - Found Element By {by.toString()}
2023-11-29 21:38:56,792 [main] INFO  base.BaseClass - Trying to find Element By {by.toString()})
2023-11-29 21:38:56,819 [main] INFO  base.BaseClass - Found Element By {by.toString()}
2023-11-29 21:38:57,355 [main] INFO  base.BaseClass - Trying to find Element By {by.toString()})
2023-11-29 21:38:57,382 [main] INFO  base.BaseClass - Found Element By {by.toString()}
2023-11-29 21:38:57,919 [main] INFO  base.BaseClass - Trying to find Element By {by.toString()})
2023-11-29 21:38:57,946 [main] INFO  base.BaseClass - Found Element By {by.toString()}
2023-11-29 21:38:58,479 [main] INFO  base.BaseClass - Trying to find Element By {by.toString()})
2023-11-29 21:38:58,505 [main] INFO  base.BaseClass - Found Element By {by.toString()}
2023-11-29 21:38:59,028 [main] INFO  base.BaseClass - Trying to find Element By {by.toString()})
2023-11-29 21:38:59,052 [main] INFO  base.BaseClass - Found Element By {by.toString()}
2023-11-29 21:38:59,592 [main] INFO  base.BaseClass - Trying to find Element By {by.toString()})
2023-11-29 21:38:59,618 [main] INFO  base.BaseClass - Found Element By {by.toString()}
2023-11-29 21:39:00,155 [main] INFO  base.BaseClass - Trying to find Element By {by.toString()})
2023-11-29 21:39:00,165 [main] INFO  base.BaseClass - Found Element By {by.toString()}
2023-11-29 21:39:00,689 [main] INFO  base.BaseClass - Trying to find Element By {by.toString()})
2023-11-29 21:39:00,715 [main] INFO  base.BaseClass - Found Element By {by.toString()}
2023-11-29 21:39:01,253 [main] INFO  base.BaseClass - Trying to find Element By {by.toString()})
2023-11-29 21:39:01,278 [main] INFO  base.BaseClass - Found Element By {by.toString()}
2023-11-29 21:39:01,801 [main] INFO  base.BaseClass - Trying to find Element By {by.toString()})
2023-11-29 21:39:01,826 [main] INFO  base.BaseClass - Found Element By {by.toString()}
2023-11-29 21:39:02,363 [main] INFO  base.BaseClass - Trying to find Element By {by.toString()})
2023-11-29 21:39:02,390 [main] INFO  base.BaseClass - Found Element By {by.toString()}
2023-11-29 21:39:02,923 [main] INFO  base.BaseClass - Trying to find Element By {by.toString()})
2023-11-29 21:39:02,948 [main] INFO  base.BaseClass - Found Element By {by.toString()}
2023-11-29 21:39:03,481 [main] INFO  base.BaseClass - Trying to find Element By {by.toString()})
2023-11-29 21:39:03,497 [main] INFO  base.BaseClass - Found Element By {by.toString()}
2023-11-29 21:39:04,013 [main] INFO  base.BaseClass - Trying to find Element By {by.toString()})
2023-11-29 21:39:04,039 [main] INFO  base.BaseClass - Found Element By {by.toString()}
2023-11-29 21:39:04,574 [main] INFO  base.BaseClass - Trying to find Element By {by.toString()})
2023-11-29 21:39:04,595 [main] INFO  base.BaseClass - Found Element By {by.toString()}
2023-11-29 21:39:05,117 [main] INFO  base.BaseClass - Trying to find Element By {by.toString()})
2023-11-29 21:39:05,143 [main] INFO  base.BaseClass - Found Element By {by.toString()}
2023-11-29 21:39:05,678 [main] INFO  base.BaseClass - Trying to find Element By {by.toString()})
2023-11-29 21:39:05,705 [main] INFO  base.BaseClass - Found Element By {by.toString()}
2023-11-29 21:39:06,237 [main] INFO  base.BaseClass - Trying to find Element By {by.toString()})
2023-11-29 21:39:06,254 [main] INFO  base.BaseClass - Found Element By {by.toString()}
2023-11-29 21:39:06,780 [main] INFO  base.BaseClass - Trying to find Element By {by.toString()})
2023-11-29 21:39:06,806 [main] INFO  base.BaseClass - Found Element By {by.toString()}
2023-11-29 21:39:07,340 [main] INFO  base.BaseClass - Trying to find Element By {by.toString()})
2023-11-29 21:39:07,356 [main] INFO  base.BaseClass - Found Element By {by.toString()}
2023-11-29 21:39:07,878 [main] INFO  base.BaseClass - Trying to find Element By {by.toString()})
2023-11-29 21:39:07,898 [main] INFO  base.BaseClass - Found Element By {by.toString()}
2023-11-29 21:39:08,423 [main] INFO  base.BaseClass - Trying to find Element By {by.toString()})
2023-11-29 21:39:08,449 [main] INFO  base.BaseClass - Found Element By {by.toString()}
2023-11-29 21:39:08,988 [main] INFO  base.BaseClass - Trying to find Element By {by.toString()})
2023-11-29 21:39:09,014 [main] INFO  base.BaseClass - Found Element By {by.toString()}
2023-11-29 21:39:09,553 [main] INFO  base.BaseClass - Trying to find Element By {by.toString()})
2023-11-29 21:39:09,577 [main] INFO  base.BaseClass - Found Element By {by.toString()}
2023-11-29 21:39:10,114 [main] INFO  base.BaseClass - Trying to find Element By {by.toString()})
2023-11-29 21:39:10,142 [main] INFO  base.BaseClass - Found Element By {by.toString()}
2023-11-29 21:39:10,680 [main] INFO  base.BaseClass - Trying to find Element By {by.toString()})
2023-11-29 21:39:10,690 [main] INFO  base.BaseClass - Found Element By {by.toString()}
2023-11-29 21:39:11,209 [main] INFO  base.BaseClass - Trying to find Element By {by.toString()})
2023-11-29 21:39:11,234 [main] INFO  base.BaseClass - Found Element By {by.toString()}
2023-11-29 21:39:11,774 [main] INFO  base.BaseClass - Trying to find Element By {by.toString()})
2023-11-29 21:39:11,801 [main] INFO  base.BaseClass - Found Element By {by.toString()}
2023-11-29 21:39:12,333 [main] INFO  base.BaseClass - Trying to find Element By {by.toString()})
2023-11-29 21:39:12,358 [main] INFO  base.BaseClass - Found Element By {by.toString()}
2023-11-29 21:39:12,894 [main] INFO  base.BaseClass - Trying to find Element By {by.toString()})
2023-11-29 21:39:12,921 [main] INFO  base.BaseClass - Found Element By {by.toString()}
2023-11-29 21:39:13,444 [main] INFO  base.BaseClass - Trying to find Element By {by.toString()})
2023-11-29 21:39:13,454 [main] INFO  base.BaseClass - Found Element By {by.toString()}
2023-11-29 21:39:13,980 [main] INFO  base.BaseClass - Trying to find Element By {by.toString()})
2023-11-29 21:39:13,990 [main] INFO  base.BaseClass - Found Element By {by.toString()}
2023-11-29 21:39:14,514 [main] INFO  base.BaseClass - Trying to find Element By {by.toString()})
2023-11-29 21:39:14,522 [main] INFO  base.BaseClass - Found Element By {by.toString()}
2023-11-29 21:39:15,042 [main] INFO  base.BaseClass - Trying to find Element By {by.toString()})
2023-11-29 21:39:15,057 [main] INFO  base.BaseClass - Found Element By {by.toString()}
2023-11-29 21:39:15,586 [main] INFO  base.BaseClass - Trying to find Element By {by.toString()})
2023-11-29 21:39:15,612 [main] INFO  base.BaseClass - Found Element By {by.toString()}
2023-11-29 21:39:16,149 [main] INFO  base.BaseClass - Trying to find Element By {by.toString()})
2023-11-29 21:39:16,174 [main] INFO  base.BaseClass - Found Element By {by.toString()}
2023-11-29 21:39:16,709 [main] INFO  base.BaseClass - Trying to find Element By {by.toString()})
2023-11-29 21:39:16,733 [main] INFO  base.BaseClass - Found Element By {by.toString()}
2023-11-29 21:39:17,259 [main] INFO  base.BaseClass - Trying to find Element By {by.toString()})
2023-11-29 21:39:17,284 [main] INFO  base.BaseClass - Found Element By {by.toString()}
2023-11-29 21:39:17,821 [main] INFO  base.BaseClass - Trying to find Element By {by.toString()})
2023-11-29 21:39:17,847 [main] INFO  base.BaseClass - Found Element By {by.toString()}
2023-11-29 21:39:18,386 [main] INFO  base.BaseClass - Trying to find Element By {by.toString()})
2023-11-29 21:39:18,398 [main] INFO  base.BaseClass - Found Element By {by.toString()}
TimeoutException occurred: Expected condition failed: waiting for helper.WaitUtility$5@6b869242 (tried for 30 second(s) with 500 milliseconds interval)
Build info: version: '3.141.59', revision: 'e82be7d358', time: '2018-11-14T08:17:03'
System info: host: 'DPLAP166', ip: '137.237.3.153', os.name: 'Windows 10', os.arch: 'amd64', os.version: '10.0', java.version: '19.0.1'
Driver info: org.openqa.selenium.support.events.EventFiringWebDriver
Capabilities {acceptInsecureCerts: true, browserName: chrome, browserVersion: 119.0.6045.200, chrome: {chromedriverVersion: 119.0.6045.105 (38c72552c5e..., userDataDir: C:\Users\dP-PL\AppData\Loca...}, fedcm:accounts: true, goog:chromeOptions: {debuggerAddress: localhost:51512}, javascriptEnabled: true, networkConnectionEnabled: false, pageLoadStrategy: normal, platform: WINDOWS, platformName: WINDOWS, proxy: Proxy(), setWindowRect: true, strictFileInteractability: false, timeouts: {implicit: 0, pageLoad: 300000, script: 30000}, unhandledPromptBehavior: dismiss and notify, webauthn:extension:credBlob: true, webauthn:extension:largeBlob: true, webauthn:extension:minPinLength: true, webauthn:extension:prf: true, webauthn:virtualAuthenticators: true}
Session ID: 432599458cdc1471a0efad8b79ba5d44
2023-11-29 21:39:18,416 [main] ERROR XGLT_15177_Test - Element did not become visible within the specified time: Expected condition failed: waiting for helper.WaitUtility$5@6b869242 (tried for 30 second(s) with 500 milliseconds interval)
Build info: version: '3.141.59', revision: 'e82be7d358', time: '2018-11-14T08:17:03'
System info: host: 'DPLAP166', ip: '137.237.3.153', os.name: 'Windows 10', os.arch: 'amd64', os.version: '10.0', java.version: '19.0.1'
Driver info: org.openqa.selenium.support.events.EventFiringWebDriver
Capabilities {acceptInsecureCerts: true, browserName: chrome, browserVersion: 119.0.6045.200, chrome: {chromedriverVersion: 119.0.6045.105 (38c72552c5e..., userDataDir: C:\Users\dP-PL\AppData\Loca...}, fedcm:accounts: true, goog:chromeOptions: {debuggerAddress: localhost:51512}, javascriptEnabled: true, networkConnectionEnabled: false, pageLoadStrategy: normal, platform: WINDOWS, platformName: WINDOWS, proxy: Proxy(), setWindowRect: true, strictFileInteractability: false, timeouts: {implicit: 0, pageLoad: 300000, script: 30000}, unhandledPromptBehavior: dismiss and notify, webauthn:extension:credBlob: true, webauthn:extension:largeBlob: true, webauthn:extension:minPinLength: true, webauthn:extension:prf: true, webauthn:virtualAuthenticators: true}
Session ID: 432599458cdc1471a0efad8b79ba5d44
2023-11-29 21:39:18,416 [main] INFO  base.BaseClass - Trying to find Element By {by.toString()})
2023-11-29 21:39:18,424 [main] INFO  base.BaseClass - Found Element By {by.toString()}
2023-11-29 21:39:18,460 [main] INFO  base.BaseClass - Trying to find Element By {by.toString()})
2023-11-29 21:39:18,476 [main] INFO  base.BaseClass - Found Element By {by.toString()}
2023-11-29 21:39:18,997 [main] INFO  base.BaseClass - Trying to find Element By {by.toString()})
2023-11-29 21:39:19,024 [main] INFO  base.BaseClass - Found Element By {by.toString()}
2023-11-29 21:39:19,559 [main] INFO  base.BaseClass - Trying to find Element By {by.toString()})
2023-11-29 21:39:19,583 [main] INFO  base.BaseClass - Found Element By {by.toString()}
2023-11-29 21:39:20,120 [main] INFO  base.BaseClass - Trying to find Element By {by.toString()})
2023-11-29 21:39:20,146 [main] INFO  base.BaseClass - Found Element By {by.toString()}
2023-11-29 21:39:20,681 [main] INFO  base.BaseClass - Trying to find Element By {by.toString()})
2023-11-29 21:39:20,706 [main] INFO  base.BaseClass - Found Element By {by.toString()}
2023-11-29 21:39:21,244 [main] INFO  base.BaseClass - Trying to find Element By {by.toString()})
2023-11-29 21:39:21,260 [main] INFO  base.BaseClass - Found Element By {by.toString()}
2023-11-29 21:39:21,779 [main] INFO  base.BaseClass - Trying to find Element By {by.toString()})
2023-11-29 21:39:21,804 [main] INFO  base.BaseClass - Found Element By {by.toString()}
2023-11-29 21:39:22,338 [main] INFO  base.BaseClass - Trying to find Element By {by.toString()})
2023-11-29 21:39:22,364 [main] INFO  base.BaseClass - Found Element By {by.toString()}
2023-11-29 21:39:22,902 [main] INFO  base.BaseClass - Trying to find Element By {by.toString()})
2023-11-29 21:39:22,927 [main] INFO  base.BaseClass - Found Element By {by.toString()}
2023-11-29 21:39:23,451 [main] INFO  base.BaseClass - Trying to find Element By {by.toString()})
2023-11-29 21:39:23,477 [main] INFO  base.BaseClass - Found Element By {by.toString()}
2023-11-29 21:39:24,015 [main] INFO  base.BaseClass - Trying to find Element By {by.toString()})
2023-11-29 21:39:24,040 [main] INFO  base.BaseClass - Found Element By {by.toString()}
2023-11-29 21:39:24,577 [main] INFO  base.BaseClass - Trying to find Element By {by.toString()})
2023-11-29 21:39:24,602 [main] INFO  base.BaseClass - Found Element By {by.toString()}
2023-11-29 21:39:25,137 [main] INFO  base.BaseClass - Trying to find Element By {by.toString()})
2023-11-29 21:39:25,162 [main] INFO  base.BaseClass - Found Element By {by.toString()}
2023-11-29 21:39:25,699 [main] INFO  base.BaseClass - Trying to find Element By {by.toString()})
2023-11-29 21:39:25,725 [main] INFO  base.BaseClass - Found Element By {by.toString()}
2023-11-29 21:39:26,260 [main] INFO  base.BaseClass - Trying to find Element By {by.toString()})
2023-11-29 21:39:26,288 [main] INFO  base.BaseClass - Found Element By {by.toString()}
2023-11-29 21:39:26,822 [main] INFO  base.BaseClass - Trying to find Element By {by.toString()})
2023-11-29 21:39:26,844 [main] INFO  base.BaseClass - Found Element By {by.toString()}
2023-11-29 21:39:27,386 [main] INFO  base.BaseClass - Trying to find Element By {by.toString()})
2023-11-29 21:39:27,411 [main] INFO  base.BaseClass - Found Element By {by.toString()}
2023-11-29 21:39:27,949 [main] INFO  base.BaseClass - Trying to find Element By {by.toString()})
2023-11-29 21:39:27,975 [main] INFO  base.BaseClass - Found Element By {by.toString()}
2023-11-29 21:39:28,514 [main] INFO  base.BaseClass - Trying to find Element By {by.toString()})
2023-11-29 21:39:28,536 [main] INFO  base.BaseClass - Found Element By {by.toString()}
2023-11-29 21:39:29,058 [main] INFO  base.BaseClass - Trying to find Element By {by.toString()})
2023-11-29 21:39:29,085 [main] INFO  base.BaseClass - Found Element By {by.toString()}
2023-11-29 21:39:29,618 [main] INFO  base.BaseClass - Trying to find Element By {by.toString()})
2023-11-29 21:39:29,647 [main] INFO  base.BaseClass - Found Element By {by.toString()}
2023-11-29 21:39:30,183 [main] INFO  base.BaseClass - Trying to find Element By {by.toString()})
2023-11-29 21:39:30,198 [main] INFO  base.BaseClass - Found Element By {by.toString()}
2023-11-29 21:39:30,726 [main] INFO  base.BaseClass - Trying to find Element By {by.toString()})
2023-11-29 21:39:30,751 [main] INFO  base.BaseClass - Found Element By {by.toString()}
2023-11-29 21:39:31,301 [main] INFO  base.BaseClass - Trying to find Element By {by.toString()})
2023-11-29 21:39:31,324 [main] INFO  base.BaseClass - Found Element By {by.toString()}
2023-11-29 21:39:31,849 [main] INFO  base.BaseClass - Trying to find Element By {by.toString()})
2023-11-29 21:39:31,874 [main] INFO  base.BaseClass - Found Element By {by.toString()}
2023-11-29 21:39:32,409 [main] INFO  base.BaseClass - Trying to find Element By {by.toString()})
2023-11-29 21:39:32,434 [main] INFO  base.BaseClass - Found Element By {by.toString()}
2023-11-29 21:39:32,974 [main] INFO  base.BaseClass - Trying to find Element By {by.toString()})
2023-11-29 21:39:33,001 [main] INFO  base.BaseClass - Found Element By {by.toString()}
2023-11-29 21:39:33,538 [main] INFO  base.BaseClass - Trying to find Element By {by.toString()})
2023-11-29 21:39:33,565 [main] INFO  base.BaseClass - Found Element By {by.toString()}
2023-11-29 21:39:34,105 [main] INFO  base.BaseClass - Trying to find Element By {by.toString()})
2023-11-29 21:39:34,131 [main] INFO  base.BaseClass - Found Element By {by.toString()}
2023-11-29 21:39:34,667 [main] INFO  base.BaseClass - Trying to find Element By {by.toString()})
2023-11-29 21:39:34,693 [main] INFO  base.BaseClass - Found Element By {by.toString()}
2023-11-29 21:39:35,227 [main] INFO  base.BaseClass - Trying to find Element By {by.toString()})
2023-11-29 21:39:35,252 [main] INFO  base.BaseClass - Found Element By {by.toString()}
2023-11-29 21:39:35,780 [main] INFO  base.BaseClass - Trying to find Element By {by.toString()})
2023-11-29 21:39:35,805 [main] INFO  base.BaseClass - Found Element By {by.toString()}
2023-11-29 21:39:36,341 [main] INFO  base.BaseClass - Trying to find Element By {by.toString()})
2023-11-29 21:39:36,367 [main] INFO  base.BaseClass - Found Element By {by.toString()}
2023-11-29 21:39:36,908 [main] INFO  base.BaseClass - Trying to find Element By {by.toString()})
2023-11-29 21:39:36,932 [main] INFO  base.BaseClass - Found Element By {by.toString()}
2023-11-29 21:39:37,472 [main] INFO  base.BaseClass - Trying to find Element By {by.toString()})
2023-11-29 21:39:38,025 [main] INFO  base.BaseClass - Found Element By {by.toString()}
2023-11-29 21:39:38,565 [main] INFO  base.BaseClass - Trying to find Element By {by.toString()})
2023-11-29 21:39:38,593 [main] INFO  base.BaseClass - Found Element By {by.toString()}
2023-11-29 21:39:39,125 [main] INFO  base.BaseClass - Trying to find Element By {by.toString()})
2023-11-29 21:39:39,149 [main] INFO  base.BaseClass - Found Element By {by.toString()}
2023-11-29 21:39:39,686 [main] INFO  base.BaseClass - Trying to find Element By {by.toString()})
2023-11-29 21:39:39,699 [main] INFO  base.BaseClass - Found Element By {by.toString()}
2023-11-29 21:39:40,231 [main] INFO  base.BaseClass - Trying to find Element By {by.toString()})
2023-11-29 21:39:40,254 [main] INFO  base.BaseClass - Found Element By {by.toString()}
2023-11-29 21:39:40,781 [main] INFO  base.BaseClass - Trying to find Element By {by.toString()})
2023-11-29 21:39:40,804 [main] INFO  base.BaseClass - Found Element By {by.toString()}
2023-11-29 21:39:41,349 [main] INFO  base.BaseClass - Trying to find Element By {by.toString()})
2023-11-29 21:39:41,373 [main] INFO  base.BaseClass - Found Element By {by.toString()}
2023-11-29 21:39:41,909 [main] INFO  base.BaseClass - Trying to find Element By {by.toString()})
2023-11-29 21:39:41,935 [main] INFO  base.BaseClass - Found Element By {by.toString()}
2023-11-29 21:39:42,470 [main] INFO  base.BaseClass - Trying to find Element By {by.toString()})
2023-11-29 21:39:42,480 [main] INFO  base.BaseClass - Found Element By {by.toString()}
2023-11-29 21:39:42,997 [main] INFO  base.BaseClass - Trying to find Element By {by.toString()})
2023-11-29 21:39:43,024 [main] INFO  base.BaseClass - Found Element By {by.toString()}
2023-11-29 21:39:43,563 [main] INFO  base.BaseClass - Trying to find Element By {by.toString()})
2023-11-29 21:39:43,583 [main] INFO  base.BaseClass - Found Element By {by.toString()}
2023-11-29 21:39:44,112 [main] INFO  base.BaseClass - Trying to find Element By {by.toString()})
2023-11-29 21:39:44,138 [main] INFO  base.BaseClass - Found Element By {by.toString()}
2023-11-29 21:39:44,674 [main] INFO  base.BaseClass - Trying to find Element By {by.toString()})
2023-11-29 21:39:44,699 [main] INFO  base.BaseClass - Found Element By {by.toString()}
2023-11-29 21:39:45,238 [main] INFO  base.BaseClass - Trying to find Element By {by.toString()})
2023-11-29 21:39:45,262 [main] INFO  base.BaseClass - Found Element By {by.toString()}
2023-11-29 21:39:45,800 [main] INFO  base.BaseClass - Trying to find Element By {by.toString()})
2023-11-29 21:39:45,823 [main] INFO  base.BaseClass - Found Element By {by.toString()}
2023-11-29 21:39:46,344 [main] INFO  base.BaseClass - Trying to find Element By {by.toString()})
2023-11-29 21:39:46,369 [main] INFO  base.BaseClass - Found Element By {by.toString()}
2023-11-29 21:39:46,909 [main] INFO  base.BaseClass - Trying to find Element By {by.toString()})
2023-11-29 21:39:46,933 [main] INFO  base.BaseClass - Found Element By {by.toString()}
2023-11-29 21:39:47,471 [main] INFO  base.BaseClass - Trying to find Element By {by.toString()})
2023-11-29 21:39:47,497 [main] INFO  base.BaseClass - Found Element By {by.toString()}
2023-11-29 21:39:48,032 [main] INFO  base.BaseClass - Trying to find Element By {by.toString()})
2023-11-29 21:39:48,058 [main] INFO  base.BaseClass - Found Element By {by.toString()}
2023-11-29 21:39:48,594 [main] INFO  base.BaseClass - Trying to find Element By {by.toString()})
2023-11-29 21:39:48,618 [main] INFO  base.BaseClass - Found Element By {by.toString()}
TimeoutException occurred: Expected condition failed: waiting for helper.WaitUtility$5@261be6cf (tried for 30 second(s) with 500 milliseconds interval)
Build info: version: '3.141.59', revision: 'e82be7d358', time: '2018-11-14T08:17:03'
System info: host: 'DPLAP166', ip: '137.237.3.153', os.name: 'Windows 10', os.arch: 'amd64', os.version: '10.0', java.version: '19.0.1'
Driver info: org.openqa.selenium.support.events.EventFiringWebDriver
Capabilities {acceptInsecureCerts: true, browserName: chrome, browserVersion: 119.0.6045.200, chrome: {chromedriverVersion: 119.0.6045.105 (38c72552c5e..., userDataDir: C:\Users\dP-PL\AppData\Loca...}, fedcm:accounts: true, goog:chromeOptions: {debuggerAddress: localhost:51512}, javascriptEnabled: true, networkConnectionEnabled: false, pageLoadStrategy: normal, platform: WINDOWS, platformName: WINDOWS, proxy: Proxy(), setWindowRect: true, strictFileInteractability: false, timeouts: {implicit: 0, pageLoad: 300000, script: 30000}, unhandledPromptBehavior: dismiss and notify, webauthn:extension:credBlob: true, webauthn:extension:largeBlob: true, webauthn:extension:minPinLength: true, webauthn:extension:prf: true, webauthn:virtualAuthenticators: true}
Session ID: 432599458cdc1471a0efad8b79ba5d44
2023-11-29 21:39:48,643 [main] ERROR XGLT_15177_Test - Element did not become visible within the specified time: Expected condition failed: waiting for helper.WaitUtility$5@261be6cf (tried for 30 second(s) with 500 milliseconds interval)
Build info: version: '3.141.59', revision: 'e82be7d358', time: '2018-11-14T08:17:03'
System info: host: 'DPLAP166', ip: '137.237.3.153', os.name: 'Windows 10', os.arch: 'amd64', os.version: '10.0', java.version: '19.0.1'
Driver info: org.openqa.selenium.support.events.EventFiringWebDriver
Capabilities {acceptInsecureCerts: true, browserName: chrome, browserVersion: 119.0.6045.200, chrome: {chromedriverVersion: 119.0.6045.105 (38c72552c5e..., userDataDir: C:\Users\dP-PL\AppData\Loca...}, fedcm:accounts: true, goog:chromeOptions: {debuggerAddress: localhost:51512}, javascriptEnabled: true, networkConnectionEnabled: false, pageLoadStrategy: normal, platform: WINDOWS, platformName: WINDOWS, proxy: Proxy(), setWindowRect: true, strictFileInteractability: false, timeouts: {implicit: 0, pageLoad: 300000, script: 30000}, unhandledPromptBehavior: dismiss and notify, webauthn:extension:credBlob: true, webauthn:extension:largeBlob: true, webauthn:extension:minPinLength: true, webauthn:extension:prf: true, webauthn:virtualAuthenticators: true}
Session ID: 432599458cdc1471a0efad8b79ba5d44
2023-11-29 21:39:48,643 [main] INFO  base.BaseClass - Trying to find Element By {by.toString()})
2023-11-29 21:39:48,653 [main] INFO  base.BaseClass - Found Element By {by.toString()}
2023-11-29 21:39:48,653 [main] INFO  base.BaseClass - Trying to click on: {element.toString()}
2023-11-29 21:39:48,717 [main] INFO  base.BaseClass - Clicked on: {element.toString()}
2023-11-29 21:39:50,343 [main] INFO  base.BaseClass - Trying to find Element By {by.toString()})
2023-11-29 21:39:50,773 [main] INFO  base.BaseClass - Found Element By {by.toString()}
2023-11-29 21:39:51,292 [main] INFO  base.BaseClass - Trying to find Element By {by.toString()})
2023-11-29 21:39:51,308 [main] INFO  base.BaseClass - Found Element By {by.toString()}
2023-11-29 21:39:51,837 [main] INFO  base.BaseClass - Trying to find Element By {by.toString()})
2023-11-29 21:39:51,917 [main] INFO  base.BaseClass - Found Element By {by.toString()}
2023-11-29 21:39:52,524 [main] INFO  base.BaseClass - Trying to find Element By {by.toString()})
2023-11-29 21:39:52,548 [main] INFO  base.BaseClass - Found Element By {by.toString()}
2023-11-29 21:39:53,070 [main] INFO  base.BaseClass - Trying to find Element By {by.toString()})
2023-11-29 21:39:53,094 [main] INFO  base.BaseClass - Found Element By {by.toString()}
2023-11-29 21:39:53,615 [main] INFO  base.BaseClass - Trying to find Element By {by.toString()})
2023-11-29 21:39:53,640 [main] INFO  base.BaseClass - Found Element By {by.toString()}
2023-11-29 21:39:54,177 [main] INFO  base.BaseClass - Trying to find Element By {by.toString()})
2023-11-29 21:39:54,206 [main] INFO  base.BaseClass - Found Element By {by.toString()}
2023-11-29 21:39:54,742 [main] INFO  base.BaseClass - Trying to find Element By {by.toString()})
2023-11-29 21:39:54,770 [main] INFO  base.BaseClass - Found Element By {by.toString()}
2023-11-29 21:39:55,302 [main] INFO  base.BaseClass - Trying to find Element By {by.toString()})
2023-11-29 21:39:55,329 [main] INFO  base.BaseClass - Found Element By {by.toString()}
2023-11-29 21:39:55,850 [main] INFO  base.BaseClass - Trying to find Element By {by.toString()})
2023-11-29 21:39:55,873 [main] INFO  base.BaseClass - Found Element By {by.toString()}
2023-11-29 21:39:56,395 [main] INFO  base.BaseClass - Trying to find Element By {by.toString()})
2023-11-29 21:39:56,421 [main] INFO  base.BaseClass - Found Element By {by.toString()}
2023-11-29 21:39:56,943 [main] INFO  base.BaseClass - Trying to find Element By {by.toString()})
2023-11-29 21:39:56,962 [main] INFO  base.BaseClass - Found Element By {by.toString()}
2023-11-29 21:39:57,489 [main] INFO  base.BaseClass - Trying to find Element By {by.toString()})
2023-11-29 21:39:57,517 [main] INFO  base.BaseClass - Found Element By {by.toString()}
2023-11-29 21:39:58,050 [main] INFO  base.BaseClass - Trying to find Element By {by.toString()})
2023-11-29 21:39:58,077 [main] INFO  base.BaseClass - Found Element By {by.toString()}
2023-11-29 21:39:58,612 [main] INFO  base.BaseClass - Trying to find Element By {by.toString()})
2023-11-29 21:39:58,641 [main] INFO  base.BaseClass - Found Element By {by.toString()}
2023-11-29 21:39:59,172 [main] INFO  base.BaseClass - Trying to find Element By {by.toString()})
2023-11-29 21:39:59,202 [main] INFO  base.BaseClass - Found Element By {by.toString()}
2023-11-29 21:39:59,733 [main] INFO  base.BaseClass - Trying to find Element By {by.toString()})
2023-11-29 21:39:59,745 [main] INFO  base.BaseClass - Found Element By {by.toString()}
2023-11-29 21:40:00,266 [main] INFO  base.BaseClass - Trying to find Element By {by.toString()})
2023-11-29 21:40:00,448 [main] INFO  base.BaseClass - Found Element By {by.toString()}
2023-11-29 21:40:00,985 [main] INFO  base.BaseClass - Trying to find Element By {by.toString()})
2023-11-29 21:40:01,014 [main] INFO  base.BaseClass - Found Element By {by.toString()}
2023-11-29 21:40:01,547 [main] INFO  base.BaseClass - Trying to find Element By {by.toString()})
2023-11-29 21:40:01,559 [main] INFO  base.BaseClass - Found Element By {by.toString()}
2023-11-29 21:40:02,080 [main] INFO  base.BaseClass - Trying to find Element By {by.toString()})
2023-11-29 21:40:02,108 [main] INFO  base.BaseClass - Found Element By {by.toString()}
2023-11-29 21:40:02,642 [main] INFO  base.BaseClass - Trying to find Element By {by.toString()})
2023-11-29 21:40:02,666 [main] INFO  base.BaseClass - Found Element By {by.toString()}
2023-11-29 21:40:03,201 [main] INFO  base.BaseClass - Trying to find Element By {by.toString()})
2023-11-29 21:40:03,280 [main] INFO  base.BaseClass - Found Element By {by.toString()}
2023-11-29 21:40:03,808 [main] INFO  base.BaseClass - Trying to find Element By {by.toString()})
2023-11-29 21:40:03,833 [main] INFO  base.BaseClass - Found Element By {by.toString()}
2023-11-29 21:40:04,356 [main] INFO  base.BaseClass - Trying to find Element By {by.toString()})
2023-11-29 21:40:04,382 [main] INFO  base.BaseClass - Found Element By {by.toString()}
2023-11-29 21:40:04,902 [main] INFO  base.BaseClass - Trying to find Element By {by.toString()})
2023-11-29 21:40:04,927 [main] INFO  base.BaseClass - Found Element By {by.toString()}
2023-11-29 21:40:05,463 [main] INFO  base.BaseClass - Trying to find Element By {by.toString()})
2023-11-29 21:40:05,491 [main] INFO  base.BaseClass - Found Element By {by.toString()}
2023-11-29 21:40:06,013 [main] INFO  base.BaseClass - Trying to find Element By {by.toString()})
2023-11-29 21:40:06,037 [main] INFO  base.BaseClass - Found Element By {by.toString()}
2023-11-29 21:40:06,558 [main] INFO  base.BaseClass - Trying to find Element By {by.toString()})
2023-11-29 21:40:06,588 [main] INFO  base.BaseClass - Found Element By {by.toString()}
2023-11-29 21:40:07,116 [main] INFO  base.BaseClass - Trying to find Element By {by.toString()})
2023-11-29 21:40:07,143 [main] INFO  base.BaseClass - Found Element By {by.toString()}
2023-11-29 21:40:07,663 [main] INFO  base.BaseClass - Trying to find Element By {by.toString()})
2023-11-29 21:40:07,683 [main] INFO  base.BaseClass - Found Element By {by.toString()}
2023-11-29 21:40:08,224 [main] INFO  base.BaseClass - Trying to find Element By {by.toString()})
2023-11-29 21:40:08,247 [main] INFO  base.BaseClass - Found Element By {by.toString()}
2023-11-29 21:40:08,771 [main] INFO  base.BaseClass - Trying to find Element By {by.toString()})
2023-11-29 21:40:08,795 [main] INFO  base.BaseClass - Found Element By {by.toString()}
2023-11-29 21:40:09,333 [main] INFO  base.BaseClass - Trying to find Element By {by.toString()})
2023-11-29 21:40:09,352 [main] INFO  base.BaseClass - Found Element By {by.toString()}
2023-11-29 21:40:09,878 [main] INFO  base.BaseClass - Trying to find Element By {by.toString()})
2023-11-29 21:40:09,901 [main] INFO  base.BaseClass - Found Element By {by.toString()}
2023-11-29 21:40:10,438 [main] INFO  base.BaseClass - Trying to find Element By {by.toString()})
2023-11-29 21:40:10,463 [main] INFO  base.BaseClass - Found Element By {by.toString()}
2023-11-29 21:40:10,986 [main] INFO  base.BaseClass - Trying to find Element By {by.toString()})
2023-11-29 21:40:11,010 [main] INFO  base.BaseClass - Found Element By {by.toString()}
2023-11-29 21:40:11,536 [main] INFO  base.BaseClass - Trying to find Element By {by.toString()})
2023-11-29 21:40:11,560 [main] INFO  base.BaseClass - Found Element By {by.toString()}
2023-11-29 21:40:12,083 [main] INFO  base.BaseClass - Trying to find Element By {by.toString()})
2023-11-29 21:40:12,105 [main] INFO  base.BaseClass - Found Element By {by.toString()}
2023-11-29 21:40:12,630 [main] INFO  base.BaseClass - Trying to find Element By {by.toString()})
2023-11-29 21:40:12,653 [main] INFO  base.BaseClass - Found Element By {by.toString()}
2023-11-29 21:40:13,178 [main] INFO  base.BaseClass - Trying to find Element By {by.toString()})
2023-11-29 21:40:13,204 [main] INFO  base.BaseClass - Found Element By {by.toString()}
2023-11-29 21:40:13,731 [main] INFO  base.BaseClass - Trying to find Element By {by.toString()})
2023-11-29 21:40:13,749 [main] INFO  base.BaseClass - Found Element By {by.toString()}
2023-11-29 21:40:14,279 [main] INFO  base.BaseClass - Trying to find Element By {by.toString()})
2023-11-29 21:40:14,304 [main] INFO  base.BaseClass - Found Element By {by.toString()}
2023-11-29 21:40:14,838 [main] INFO  base.BaseClass - Trying to find Element By {by.toString()})
2023-11-29 21:40:14,866 [main] INFO  base.BaseClass - Found Element By {by.toString()}
2023-11-29 21:40:15,402 [main] INFO  base.BaseClass - Trying to find Element By {by.toString()})
2023-11-29 21:40:15,431 [main] INFO  base.BaseClass - Found Element By {by.toString()}
2023-11-29 21:40:15,965 [main] INFO  base.BaseClass - Trying to find Element By {by.toString()})
2023-11-29 21:40:15,994 [main] INFO  base.BaseClass - Found Element By {by.toString()}
2023-11-29 21:40:16,529 [main] INFO  base.BaseClass - Trying to find Element By {by.toString()})
2023-11-29 21:40:16,558 [main] INFO  base.BaseClass - Found Element By {by.toString()}
2023-11-29 21:40:17,089 [main] INFO  base.BaseClass - Trying to find Element By {by.toString()})
2023-11-29 21:40:17,105 [main] INFO  base.BaseClass - Found Element By {by.toString()}
2023-11-29 21:40:17,635 [main] INFO  base.BaseClass - Trying to find Element By {by.toString()})
2023-11-29 21:40:17,644 [main] INFO  base.BaseClass - Found Element By {by.toString()}
2023-11-29 21:40:18,167 [main] INFO  base.BaseClass - Trying to find Element By {by.toString()})
2023-11-29 21:40:18,177 [main] INFO  base.BaseClass - Found Element By {by.toString()}
2023-11-29 21:40:18,701 [main] INFO  base.BaseClass - Trying to find Element By {by.toString()})
2023-11-29 21:40:18,717 [main] INFO  base.BaseClass - Found Element By {by.toString()}
2023-11-29 21:40:19,249 [main] INFO  base.BaseClass - Trying to find Element By {by.toString()})
2023-11-29 21:40:19,269 [main] INFO  base.BaseClass - Found Element By {by.toString()}
2023-11-29 21:40:19,793 [main] INFO  base.BaseClass - Trying to find Element By {by.toString()})
2023-11-29 21:40:19,804 [main] INFO  base.BaseClass - Found Element By {by.toString()}
2023-11-29 21:40:20,322 [main] INFO  base.BaseClass - Trying to find Element By {by.toString()})
2023-11-29 21:40:20,340 [main] INFO  base.BaseClass - Found Element By {by.toString()}
TimeoutException occurred: Expected condition failed: waiting for helper.WaitUtility$5@49e84b0a (tried for 30 second(s) with 500 milliseconds interval)
Build info: version: '3.141.59', revision: 'e82be7d358', time: '2018-11-14T08:17:03'
System info: host: 'DPLAP166', ip: '137.237.3.153', os.name: 'Windows 10', os.arch: 'amd64', os.version: '10.0', java.version: '19.0.1'
Driver info: org.openqa.selenium.support.events.EventFiringWebDriver
Capabilities {acceptInsecureCerts: true, browserName: chrome, browserVersion: 119.0.6045.200, chrome: {chromedriverVersion: 119.0.6045.105 (38c72552c5e..., userDataDir: C:\Users\dP-PL\AppData\Loca...}, fedcm:accounts: true, goog:chromeOptions: {debuggerAddress: localhost:51512}, javascriptEnabled: true, networkConnectionEnabled: false, pageLoadStrategy: normal, platform: WINDOWS, platformName: WINDOWS, proxy: Proxy(), setWindowRect: true, strictFileInteractability: false, timeouts: {implicit: 0, pageLoad: 300000, script: 30000}, unhandledPromptBehavior: dismiss and notify, webauthn:extension:credBlob: true, webauthn:extension:largeBlob: true, webauthn:extension:minPinLength: true, webauthn:extension:prf: true, webauthn:virtualAuthenticators: true}
Session ID: 432599458cdc1471a0efad8b79ba5d44
2023-11-29 21:40:20,367 [main] ERROR XGLT_15177_Test - Element did not become visible within the specified time: Expected condition failed: waiting for helper.WaitUtility$5@49e84b0a (tried for 30 second(s) with 500 milliseconds interval)
Build info: version: '3.141.59', revision: 'e82be7d358', time: '2018-11-14T08:17:03'
System info: host: 'DPLAP166', ip: '137.237.3.153', os.name: 'Windows 10', os.arch: 'amd64', os.version: '10.0', java.version: '19.0.1'
Driver info: org.openqa.selenium.support.events.EventFiringWebDriver
Capabilities {acceptInsecureCerts: true, browserName: chrome, browserVersion: 119.0.6045.200, chrome: {chromedriverVersion: 119.0.6045.105 (38c72552c5e..., userDataDir: C:\Users\dP-PL\AppData\Loca...}, fedcm:accounts: true, goog:chromeOptions: {debuggerAddress: localhost:51512}, javascriptEnabled: true, networkConnectionEnabled: false, pageLoadStrategy: normal, platform: WINDOWS, platformName: WINDOWS, proxy: Proxy(), setWindowRect: true, strictFileInteractability: false, timeouts: {implicit: 0, pageLoad: 300000, script: 30000}, unhandledPromptBehavior: dismiss and notify, webauthn:extension:credBlob: true, webauthn:extension:largeBlob: true, webauthn:extension:minPinLength: true, webauthn:extension:prf: true, webauthn:virtualAuthenticators: true}
Session ID: 432599458cdc1471a0efad8b79ba5d44
2023-11-29 21:40:20,368 [main] INFO  base.BaseClass - Trying to find Element By {by.toString()})
2023-11-29 21:40:20,377 [main] INFO  base.BaseClass - Found Element By {by.toString()}
2023-11-29 21:40:20,434 [main] INFO  base.BaseClass - Trying to find Element By {by.toString()})
2023-11-29 21:40:20,443 [main] INFO  base.BaseClass - Found Element By {by.toString()}
2023-11-29 21:40:20,453 [main] INFO  base.BaseClass - Trying to find Element By {by.toString()})
2023-11-29 21:40:20,463 [main] INFO  base.BaseClass - Found Element By {by.toString()}
2023-11-29 21:40:20,471 [main] INFO  base.BaseClass - Trying to find Element By {by.toString()})
2023-11-29 21:40:20,478 [main] INFO  base.BaseClass - Found Element By {by.toString()}
2023-11-29 21:40:20,995 [main] INFO  base.BaseClass - Trying to find Element By {by.toString()})
2023-11-29 21:40:21,015 [main] INFO  base.BaseClass - Found Element By {by.toString()}
2023-11-29 21:40:21,537 [main] INFO  base.BaseClass - Trying to find Element By {by.toString()})
2023-11-29 21:40:21,551 [main] INFO  base.BaseClass - Found Element By {by.toString()}
2023-11-29 21:40:22,066 [main] INFO  base.BaseClass - Trying to find Element By {by.toString()})
2023-11-29 21:40:22,089 [main] INFO  base.BaseClass - Found Element By {by.toString()}
2023-11-29 21:40:22,609 [main] INFO  base.BaseClass - Trying to find Element By {by.toString()})
2023-11-29 21:40:22,625 [main] INFO  base.BaseClass - Found Element By {by.toString()}
2023-11-29 21:40:23,140 [main] INFO  base.BaseClass - Trying to find Element By {by.toString()})
2023-11-29 21:40:23,165 [main] INFO  base.BaseClass - Found Element By {by.toString()}
2023-11-29 21:40:23,684 [main] INFO  base.BaseClass - Trying to find Element By {by.toString()})
2023-11-29 21:40:23,701 [main] INFO  base.BaseClass - Found Element By {by.toString()}
2023-11-29 21:40:24,219 [main] INFO  base.BaseClass - Trying to find Element By {by.toString()})
2023-11-29 21:40:24,242 [main] INFO  base.BaseClass - Found Element By {by.toString()}
2023-11-29 21:40:24,764 [main] INFO  base.BaseClass - Trying to find Element By {by.toString()})
2023-11-29 21:40:24,785 [main] INFO  base.BaseClass - Found Element By {by.toString()}
2023-11-29 21:40:25,311 [main] INFO  base.BaseClass - Trying to find Element By {by.toString()})
2023-11-29 21:40:25,338 [main] INFO  base.BaseClass - Found Element By {by.toString()}
2023-11-29 21:40:25,874 [main] INFO  base.BaseClass - Trying to find Element By {by.toString()})
2023-11-29 21:40:25,904 [main] INFO  base.BaseClass - Found Element By {by.toString()}
2023-11-29 21:40:26,435 [main] INFO  base.BaseClass - Trying to find Element By {by.toString()})
2023-11-29 21:40:26,464 [main] INFO  base.BaseClass - Found Element By {by.toString()}
2023-11-29 21:40:26,995 [main] INFO  base.BaseClass - Trying to find Element By {by.toString()})
2023-11-29 21:40:27,023 [main] INFO  base.BaseClass - Found Element By {by.toString()}
2023-11-29 21:40:27,541 [main] INFO  base.BaseClass - Trying to find Element By {by.toString()})
2023-11-29 21:40:27,560 [main] INFO  base.BaseClass - Found Element By {by.toString()}
2023-11-29 21:40:28,086 [main] INFO  base.BaseClass - Trying to find Element By {by.toString()})
2023-11-29 21:40:28,113 [main] INFO  base.BaseClass - Found Element By {by.toString()}
2023-11-29 21:40:28,646 [main] INFO  base.BaseClass - Trying to find Element By {by.toString()})
2023-11-29 21:40:28,673 [main] INFO  base.BaseClass - Found Element By {by.toString()}
2023-11-29 21:40:29,208 [main] INFO  base.BaseClass - Trying to find Element By {by.toString()})
2023-11-29 21:40:29,223 [main] INFO  base.BaseClass - Found Element By {by.toString()}
2023-11-29 21:40:29,754 [main] INFO  base.BaseClass - Trying to find Element By {by.toString()})
2023-11-29 21:40:29,784 [main] INFO  base.BaseClass - Found Element By {by.toString()}
2023-11-29 21:40:30,315 [main] INFO  base.BaseClass - Trying to find Element By {by.toString()})
2023-11-29 21:40:30,333 [main] INFO  base.BaseClass - Found Element By {by.toString()}
2023-11-29 21:40:30,862 [main] INFO  base.BaseClass - Trying to find Element By {by.toString()})
2023-11-29 21:40:30,883 [main] INFO  base.BaseClass - Found Element By {by.toString()}
2023-11-29 21:40:31,422 [main] INFO  base.BaseClass - Trying to find Element By {by.toString()})
2023-11-29 21:40:31,448 [main] INFO  base.BaseClass - Found Element By {by.toString()}
2023-11-29 21:40:31,968 [main] INFO  base.BaseClass - Trying to find Element By {by.toString()})
2023-11-29 21:40:31,990 [main] INFO  base.BaseClass - Found Element By {by.toString()}
2023-11-29 21:40:32,515 [main] INFO  base.BaseClass - Trying to find Element By {by.toString()})
2023-11-29 21:40:32,535 [main] INFO  base.BaseClass - Found Element By {by.toString()}
2023-11-29 21:40:33,064 [main] INFO  base.BaseClass - Trying to find Element By {by.toString()})
2023-11-29 21:40:33,074 [main] INFO  base.BaseClass - Found Element By {by.toString()}
2023-11-29 21:40:33,598 [main] INFO  base.BaseClass - Trying to find Element By {by.toString()})
2023-11-29 21:40:33,609 [main] INFO  base.BaseClass - Found Element By {by.toString()}
2023-11-29 21:40:34,135 [main] INFO  base.BaseClass - Trying to find Element By {by.toString()})
2023-11-29 21:40:34,155 [main] INFO  base.BaseClass - Found Element By {by.toString()}
2023-11-29 21:40:34,693 [main] INFO  base.BaseClass - Trying to find Element By {by.toString()})
2023-11-29 21:40:34,722 [main] INFO  base.BaseClass - Found Element By {by.toString()}
2023-11-29 21:40:35,252 [main] INFO  base.BaseClass - Trying to find Element By {by.toString()})
2023-11-29 21:40:35,281 [main] INFO  base.BaseClass - Found Element By {by.toString()}
2023-11-29 21:40:35,816 [main] INFO  base.BaseClass - Trying to find Element By {by.toString()})
2023-11-29 21:40:35,832 [main] INFO  base.BaseClass - Found Element By {by.toString()}
2023-11-29 21:40:36,361 [main] INFO  base.BaseClass - Trying to find Element By {by.toString()})
2023-11-29 21:40:36,389 [main] INFO  base.BaseClass - Found Element By {by.toString()}
2023-11-29 21:40:36,925 [main] INFO  base.BaseClass - Trying to find Element By {by.toString()})
2023-11-29 21:40:36,946 [main] INFO  base.BaseClass - Found Element By {by.toString()}
2023-11-29 21:40:37,469 [main] INFO  base.BaseClass - Trying to find Element By {by.toString()})
2023-11-29 21:40:37,494 [main] INFO  base.BaseClass - Found Element By {by.toString()}
2023-11-29 21:40:38,029 [main] INFO  base.BaseClass - Trying to find Element By {by.toString()})
2023-11-29 21:40:38,051 [main] INFO  base.BaseClass - Found Element By {by.toString()}
2023-11-29 21:40:38,576 [main] INFO  base.BaseClass - Trying to find Element By {by.toString()})
2023-11-29 21:40:38,592 [main] INFO  base.BaseClass - Found Element By {by.toString()}
2023-11-29 21:40:39,110 [main] INFO  base.BaseClass - Trying to find Element By {by.toString()})
2023-11-29 21:40:39,134 [main] INFO  base.BaseClass - Found Element By {by.toString()}
2023-11-29 21:40:39,654 [main] INFO  base.BaseClass - Trying to find Element By {by.toString()})
2023-11-29 21:40:39,676 [main] INFO  base.BaseClass - Found Element By {by.toString()}
2023-11-29 21:40:40,202 [main] INFO  base.BaseClass - Trying to find Element By {by.toString()})
2023-11-29 21:40:40,231 [main] INFO  base.BaseClass - Found Element By {by.toString()}
2023-11-29 21:40:40,750 [main] INFO  base.BaseClass - Trying to find Element By {by.toString()})
2023-11-29 21:40:40,770 [main] INFO  base.BaseClass - Found Element By {by.toString()}
2023-11-29 21:40:41,296 [main] INFO  base.BaseClass - Trying to find Element By {by.toString()})
2023-11-29 21:40:41,490 [main] INFO  base.BaseClass - Found Element By {by.toString()}
2023-11-29 21:40:42,011 [main] INFO  base.BaseClass - Trying to find Element By {by.toString()})
2023-11-29 21:40:42,040 [main] INFO  base.BaseClass - Found Element By {by.toString()}
2023-11-29 21:40:42,574 [main] INFO  base.BaseClass - Trying to find Element By {by.toString()})
2023-11-29 21:40:42,604 [main] INFO  base.BaseClass - Found Element By {by.toString()}
2023-11-29 21:40:43,146 [main] INFO  base.BaseClass - Trying to find Element By {by.toString()})
2023-11-29 21:40:43,174 [main] INFO  base.BaseClass - Found Element By {by.toString()}
2023-11-29 21:40:43,709 [main] INFO  base.BaseClass - Trying to find Element By {by.toString()})
2023-11-29 21:40:43,738 [main] INFO  base.BaseClass - Found Element By {by.toString()}
2023-11-29 21:40:44,269 [main] INFO  base.BaseClass - Trying to find Element By {by.toString()})
2023-11-29 21:40:44,293 [main] INFO  base.BaseClass - Found Element By {by.toString()}
2023-11-29 21:40:44,809 [main] INFO  base.BaseClass - Trying to find Element By {by.toString()})
2023-11-29 21:40:44,840 [main] INFO  base.BaseClass - Found Element By {by.toString()}
2023-11-29 21:40:45,369 [main] INFO  base.BaseClass - Trying to find Element By {by.toString()})
2023-11-29 21:40:45,393 [main] INFO  base.BaseClass - Found Element By {by.toString()}
2023-11-29 21:40:45,918 [main] INFO  base.BaseClass - Trying to find Element By {by.toString()})
2023-11-29 21:40:45,946 [main] INFO  base.BaseClass - Found Element By {by.toString()}
2023-11-29 21:40:46,477 [main] INFO  base.BaseClass - Trying to find Element By {by.toString()})
2023-11-29 21:40:46,504 [main] INFO  base.BaseClass - Found Element By {by.toString()}
2023-11-29 21:40:47,037 [main] INFO  base.BaseClass - Trying to find Element By {by.toString()})
2023-11-29 21:40:47,067 [main] INFO  base.BaseClass - Found Element By {by.toString()}
2023-11-29 21:40:47,597 [main] INFO  base.BaseClass - Trying to find Element By {by.toString()})
2023-11-29 21:40:47,623 [main] INFO  base.BaseClass - Found Element By {by.toString()}
2023-11-29 21:40:48,143 [main] INFO  base.BaseClass - Trying to find Element By {by.toString()})
2023-11-29 21:40:48,531 [main] INFO  base.BaseClass - Found Element By {by.toString()}
2023-11-29 21:40:49,061 [main] INFO  base.BaseClass - Trying to find Element By {by.toString()})
2023-11-29 21:40:49,089 [main] INFO  base.BaseClass - Found Element By {by.toString()}
2023-11-29 21:40:49,610 [main] INFO  base.BaseClass - Trying to find Element By {by.toString()})
2023-11-29 21:40:49,638 [main] INFO  base.BaseClass - Found Element By {by.toString()}
2023-11-29 21:40:50,173 [main] INFO  base.BaseClass - Trying to find Element By {by.toString()})
2023-11-29 21:40:50,203 [main] INFO  base.BaseClass - Found Element By {by.toString()}
2023-11-29 21:40:50,732 [main] INFO  base.BaseClass - Trying to find Element By {by.toString()})
2023-11-29 21:40:50,760 [main] INFO  base.BaseClass - Found Element By {by.toString()}
TimeoutException occurred: Expected condition failed: waiting for helper.WaitUtility$5@21ced418 (tried for 30 second(s) with 500 milliseconds interval)
Build info: version: '3.141.59', revision: 'e82be7d358', time: '2018-11-14T08:17:03'
System info: host: 'DPLAP166', ip: '137.237.3.153', os.name: 'Windows 10', os.arch: 'amd64', os.version: '10.0', java.version: '19.0.1'
Driver info: org.openqa.selenium.support.events.EventFiringWebDriver
Capabilities {acceptInsecureCerts: true, browserName: chrome, browserVersion: 119.0.6045.200, chrome: {chromedriverVersion: 119.0.6045.105 (38c72552c5e..., userDataDir: C:\Users\dP-PL\AppData\Loca...}, fedcm:accounts: true, goog:chromeOptions: {debuggerAddress: localhost:51512}, javascriptEnabled: true, networkConnectionEnabled: false, pageLoadStrategy: normal, platform: WINDOWS, platformName: WINDOWS, proxy: Proxy(), setWindowRect: true, strictFileInteractability: false, timeouts: {implicit: 0, pageLoad: 300000, script: 30000}, unhandledPromptBehavior: dismiss and notify, webauthn:extension:credBlob: true, webauthn:extension:largeBlob: true, webauthn:extension:minPinLength: true, webauthn:extension:prf: true, webauthn:virtualAuthenticators: true}
Session ID: 432599458cdc1471a0efad8b79ba5d44
2023-11-29 21:40:50,786 [main] ERROR XGLT_15177_Test - Element did not become visible within the specified time: Expected condition failed: waiting for helper.WaitUtility$5@21ced418 (tried for 30 second(s) with 500 milliseconds interval)
Build info: version: '3.141.59', revision: 'e82be7d358', time: '2018-11-14T08:17:03'
System info: host: 'DPLAP166', ip: '137.237.3.153', os.name: 'Windows 10', os.arch: 'amd64', os.version: '10.0', java.version: '19.0.1'
Driver info: org.openqa.selenium.support.events.EventFiringWebDriver
Capabilities {acceptInsecureCerts: true, browserName: chrome, browserVersion: 119.0.6045.200, chrome: {chromedriverVersion: 119.0.6045.105 (38c72552c5e..., userDataDir: C:\Users\dP-PL\AppData\Loca...}, fedcm:accounts: true, goog:chromeOptions: {debuggerAddress: localhost:51512}, javascriptEnabled: true, networkConnectionEnabled: false, pageLoadStrategy: normal, platform: WINDOWS, platformName: WINDOWS, proxy: Proxy(), setWindowRect: true, strictFileInteractability: false, timeouts: {implicit: 0, pageLoad: 300000, script: 30000}, unhandledPromptBehavior: dismiss and notify, webauthn:extension:credBlob: true, webauthn:extension:largeBlob: true, webauthn:extension:minPinLength: true, webauthn:extension:prf: true, webauthn:virtualAuthenticators: true}
Session ID: 432599458cdc1471a0efad8b79ba5d44
2023-11-29 21:40:50,786 [main] INFO  base.BaseClass - Trying to find Element By {by.toString()})
2023-11-29 21:40:50,798 [main] INFO  base.BaseClass - Found Element By {by.toString()}
2023-11-29 21:40:50,820 [main] INFO  base.BaseClass - Trying to find Element By {by.toString()})
2023-11-29 21:40:50,836 [main] INFO  base.BaseClass - Found Element By {by.toString()}
2023-11-29 21:40:51,354 [main] INFO  base.BaseClass - Trying to find Element By {by.toString()})
2023-11-29 21:40:51,376 [main] INFO  base.BaseClass - Found Element By {by.toString()}
2023-11-29 21:40:51,919 [main] INFO  base.BaseClass - Trying to find Element By {by.toString()})
2023-11-29 21:40:51,946 [main] INFO  base.BaseClass - Found Element By {by.toString()}
2023-11-29 21:40:52,464 [main] INFO  base.BaseClass - Trying to find Element By {by.toString()})
2023-11-29 21:40:52,490 [main] INFO  base.BaseClass - Found Element By {by.toString()}
2023-11-29 21:40:53,011 [main] INFO  base.BaseClass - Trying to find Element By {by.toString()})
2023-11-29 21:40:53,040 [main] INFO  base.BaseClass - Found Element By {by.toString()}
2023-11-29 21:40:53,557 [main] INFO  base.BaseClass - Trying to find Element By {by.toString()})
2023-11-29 21:40:53,578 [main] INFO  base.BaseClass - Found Element By {by.toString()}
2023-11-29 21:40:54,104 [main] INFO  base.BaseClass - Trying to find Element By {by.toString()})
2023-11-29 21:40:54,121 [main] INFO  base.BaseClass - Found Element By {by.toString()}
2023-11-29 21:40:54,651 [main] INFO  base.BaseClass - Trying to find Element By {by.toString()})
2023-11-29 21:40:54,678 [main] INFO  base.BaseClass - Found Element By {by.toString()}
2023-11-29 21:40:55,212 [main] INFO  base.BaseClass - Trying to find Element By {by.toString()})
2023-11-29 21:40:55,243 [main] INFO  base.BaseClass - Found Element By {by.toString()}
2023-11-29 21:40:55,763 [main] INFO  base.BaseClass - Trying to find Element By {by.toString()})
2023-11-29 21:40:55,777 [main] INFO  base.BaseClass - Found Element By {by.toString()}
2023-11-29 21:40:56,307 [main] INFO  base.BaseClass - Trying to find Element By {by.toString()})
2023-11-29 21:40:56,337 [main] INFO  base.BaseClass - Found Element By {by.toString()}
2023-11-29 21:40:56,868 [main] INFO  base.BaseClass - Trying to find Element By {by.toString()})
2023-11-29 21:40:56,894 [main] INFO  base.BaseClass - Found Element By {by.toString()}
2023-11-29 21:40:57,427 [main] INFO  base.BaseClass - Trying to find Element By {by.toString()})
2023-11-29 21:40:57,455 [main] INFO  base.BaseClass - Found Element By {by.toString()}
2023-11-29 21:40:57,987 [main] INFO  base.BaseClass - Trying to find Element By {by.toString()})
2023-11-29 21:40:58,175 [main] INFO  base.BaseClass - Found Element By {by.toString()}
2023-11-29 21:40:58,701 [main] INFO  base.BaseClass - Trying to find Element By {by.toString()})
2023-11-29 21:40:58,720 [main] INFO  base.BaseClass - Found Element By {by.toString()}
2023-11-29 21:40:59,247 [main] INFO  base.BaseClass - Trying to find Element By {by.toString()})
2023-11-29 21:40:59,270 [main] INFO  base.BaseClass - Found Element By {by.toString()}
2023-11-29 21:40:59,793 [main] INFO  base.BaseClass - Trying to find Element By {by.toString()})
2023-11-29 21:40:59,815 [main] INFO  base.BaseClass - Found Element By {by.toString()}
2023-11-29 21:41:00,353 [main] INFO  base.BaseClass - Trying to find Element By {by.toString()})
2023-11-29 21:41:00,392 [main] INFO  base.BaseClass - Found Element By {by.toString()}
2023-11-29 21:41:00,919 [main] INFO  base.BaseClass - Trying to find Element By {by.toString()})
2023-11-29 21:41:00,947 [main] INFO  base.BaseClass - Found Element By {by.toString()}
2023-11-29 21:41:01,485 [main] INFO  base.BaseClass - Trying to find Element By {by.toString()})
2023-11-29 21:41:01,495 [main] INFO  base.BaseClass - Found Element By {by.toString()}
2023-11-29 21:41:02,016 [main] INFO  base.BaseClass - Trying to find Element By {by.toString()})
2023-11-29 21:41:02,041 [main] INFO  base.BaseClass - Found Element By {by.toString()}
2023-11-29 21:41:02,575 [main] INFO  base.BaseClass - Trying to find Element By {by.toString()})
2023-11-29 21:41:02,603 [main] INFO  base.BaseClass - Found Element By {by.toString()}
2023-11-29 21:41:03,122 [main] INFO  base.BaseClass - Trying to find Element By {by.toString()})
2023-11-29 21:41:03,152 [main] INFO  base.BaseClass - Found Element By {by.toString()}
2023-11-29 21:41:03,679 [main] INFO  base.BaseClass - Trying to find Element By {by.toString()})
2023-11-29 21:41:03,704 [main] INFO  base.BaseClass - Found Element By {by.toString()}
2023-11-29 21:41:04,240 [main] INFO  base.BaseClass - Trying to find Element By {by.toString()})
2023-11-29 21:41:04,262 [main] INFO  base.BaseClass - Found Element By {by.toString()}
2023-11-29 21:41:04,791 [main] INFO  base.BaseClass - Trying to find Element By {by.toString()})
2023-11-29 21:41:04,804 [main] INFO  base.BaseClass - Found Element By {by.toString()}
2023-11-29 21:41:05,324 [main] INFO  base.BaseClass - Trying to find Element By {by.toString()})
2023-11-29 21:41:05,354 [main] INFO  base.BaseClass - Found Element By {by.toString()}
2023-11-29 21:41:05,887 [main] INFO  base.BaseClass - Trying to find Element By {by.toString()})
2023-11-29 21:41:05,915 [main] INFO  base.BaseClass - Found Element By {by.toString()}
2023-11-29 21:41:06,448 [main] INFO  base.BaseClass - Trying to find Element By {by.toString()})
2023-11-29 21:41:06,478 [main] INFO  base.BaseClass - Found Element By {by.toString()}
2023-11-29 21:41:07,007 [main] INFO  base.BaseClass - Trying to find Element By {by.toString()})
2023-11-29 21:41:07,037 [main] INFO  base.BaseClass - Found Element By {by.toString()}
2023-11-29 21:41:07,568 [main] INFO  base.BaseClass - Trying to find Element By {by.toString()})
2023-11-29 21:41:07,594 [main] INFO  base.BaseClass - Found Element By {by.toString()}
2023-11-29 21:41:08,130 [main] INFO  base.BaseClass - Trying to find Element By {by.toString()})
2023-11-29 21:41:08,158 [main] INFO  base.BaseClass - Found Element By {by.toString()}
2023-11-29 21:41:08,676 [main] INFO  base.BaseClass - Trying to find Element By {by.toString()})
2023-11-29 21:41:08,706 [main] INFO  base.BaseClass - Found Element By {by.toString()}
2023-11-29 21:41:09,240 [main] INFO  base.BaseClass - Trying to find Element By {by.toString()})
2023-11-29 21:41:09,271 [main] INFO  base.BaseClass - Found Element By {by.toString()}
2023-11-29 21:41:09,805 [main] INFO  base.BaseClass - Trying to find Element By {by.toString()})
2023-11-29 21:41:09,834 [main] INFO  base.BaseClass - Found Element By {by.toString()}
2023-11-29 21:41:10,370 [main] INFO  base.BaseClass - Trying to find Element By {by.toString()})
2023-11-29 21:41:10,401 [main] INFO  base.BaseClass - Found Element By {by.toString()}
2023-11-29 21:41:10,931 [main] INFO  base.BaseClass - Trying to find Element By {by.toString()})
2023-11-29 21:41:10,939 [main] INFO  base.BaseClass - Found Element By {by.toString()}
2023-11-29 21:41:11,460 [main] INFO  base.BaseClass - Trying to find Element By {by.toString()})
2023-11-29 21:41:11,489 [main] INFO  base.BaseClass - Found Element By {by.toString()}
2023-11-29 21:41:12,020 [main] INFO  base.BaseClass - Trying to find Element By {by.toString()})
2023-11-29 21:41:12,035 [main] INFO  base.BaseClass - Found Element By {by.toString()}
2023-11-29 21:41:12,563 [main] INFO  base.BaseClass - Trying to find Element By {by.toString()})
2023-11-29 21:41:12,587 [main] INFO  base.BaseClass - Found Element By {by.toString()}
2023-11-29 21:41:13,109 [main] INFO  base.BaseClass - Trying to find Element By {by.toString()})
2023-11-29 21:41:13,138 [main] INFO  base.BaseClass - Found Element By {by.toString()}
2023-11-29 21:41:13,670 [main] INFO  base.BaseClass - Trying to find Element By {by.toString()})
2023-11-29 21:41:13,696 [main] INFO  base.BaseClass - Found Element By {by.toString()}
2023-11-29 21:41:14,232 [main] INFO  base.BaseClass - Trying to find Element By {by.toString()})
2023-11-29 21:41:14,244 [main] INFO  base.BaseClass - Found Element By {by.toString()}
2023-11-29 21:41:14,763 [main] INFO  base.BaseClass - Trying to find Element By {by.toString()})
2023-11-29 21:41:14,786 [main] INFO  base.BaseClass - Found Element By {by.toString()}
2023-11-29 21:41:15,313 [main] INFO  base.BaseClass - Trying to find Element By {by.toString()})
2023-11-29 21:41:15,339 [main] INFO  base.BaseClass - Found Element By {by.toString()}
2023-11-29 21:41:15,872 [main] INFO  base.BaseClass - Trying to find Element By {by.toString()})
2023-11-29 21:41:15,893 [main] INFO  base.BaseClass - Found Element By {by.toString()}
2023-11-29 21:41:16,419 [main] INFO  base.BaseClass - Trying to find Element By {by.toString()})
2023-11-29 21:41:16,442 [main] INFO  base.BaseClass - Found Element By {by.toString()}
2023-11-29 21:41:16,969 [main] INFO  base.BaseClass - Trying to find Element By {by.toString()})
2023-11-29 21:41:16,991 [main] INFO  base.BaseClass - Found Element By {by.toString()}
2023-11-29 21:41:17,512 [main] INFO  base.BaseClass - Trying to find Element By {by.toString()})
2023-11-29 21:41:17,540 [main] INFO  base.BaseClass - Found Element By {by.toString()}
2023-11-29 21:41:18,073 [main] INFO  base.BaseClass - Trying to find Element By {by.toString()})
2023-11-29 21:41:18,097 [main] INFO  base.BaseClass - Found Element By {by.toString()}
2023-11-29 21:41:18,622 [main] INFO  base.BaseClass - Trying to find Element By {by.toString()})
2023-11-29 21:41:18,638 [main] INFO  base.BaseClass - Found Element By {by.toString()}
2023-11-29 21:41:19,154 [main] INFO  base.BaseClass - Trying to find Element By {by.toString()})
2023-11-29 21:41:19,175 [main] INFO  base.BaseClass - Found Element By {by.toString()}
2023-11-29 21:41:19,701 [main] INFO  base.BaseClass - Trying to find Element By {by.toString()})
2023-11-29 21:41:19,726 [main] INFO  base.BaseClass - Found Element By {by.toString()}
2023-11-29 21:41:20,255 [main] INFO  base.BaseClass - Trying to find Element By {by.toString()})
2023-11-29 21:41:20,282 [main] INFO  base.BaseClass - Found Element By {by.toString()}
2023-11-29 21:41:20,801 [main] INFO  base.BaseClass - Trying to find Element By {by.toString()})
2023-11-29 21:41:20,831 [main] INFO  base.BaseClass - Found Element By {by.toString()}
TimeoutException occurred: Expected condition failed: waiting for helper.WaitUtility$5@27f0979 (tried for 30 second(s) with 500 milliseconds interval)
Build info: version: '3.141.59', revision: 'e82be7d358', time: '2018-11-14T08:17:03'
System info: host: 'DPLAP166', ip: '137.237.3.153', os.name: 'Windows 10', os.arch: 'amd64', os.version: '10.0', java.version: '19.0.1'
Driver info: org.openqa.selenium.support.events.EventFiringWebDriver
Capabilities {acceptInsecureCerts: true, browserName: chrome, browserVersion: 119.0.6045.200, chrome: {chromedriverVersion: 119.0.6045.105 (38c72552c5e..., userDataDir: C:\Users\dP-PL\AppData\Loca...}, fedcm:accounts: true, goog:chromeOptions: {debuggerAddress: localhost:51512}, javascriptEnabled: true, networkConnectionEnabled: false, pageLoadStrategy: normal, platform: WINDOWS, platformName: WINDOWS, proxy: Proxy(), setWindowRect: true, strictFileInteractability: false, timeouts: {implicit: 0, pageLoad: 300000, script: 30000}, unhandledPromptBehavior: dismiss and notify, webauthn:extension:credBlob: true, webauthn:extension:largeBlob: true, webauthn:extension:minPinLength: true, webauthn:extension:prf: true, webauthn:virtualAuthenticators: true}
Session ID: 432599458cdc1471a0efad8b79ba5d44
2023-11-29 21:41:20,848 [main] ERROR XGLT_15177_Test - Element did not become visible within the specified time: Expected condition failed: waiting for helper.WaitUtility$5@27f0979 (tried for 30 second(s) with 500 milliseconds interval)
Build info: version: '3.141.59', revision: 'e82be7d358', time: '2018-11-14T08:17:03'
System info: host: 'DPLAP166', ip: '137.237.3.153', os.name: 'Windows 10', os.arch: 'amd64', os.version: '10.0', java.version: '19.0.1'
Driver info: org.openqa.selenium.support.events.EventFiringWebDriver
Capabilities {acceptInsecureCerts: true, browserName: chrome, browserVersion: 119.0.6045.200, chrome: {chromedriverVersion: 119.0.6045.105 (38c72552c5e..., userDataDir: C:\Users\dP-PL\AppData\Loca...}, fedcm:accounts: true, goog:chromeOptions: {debuggerAddress: localhost:51512}, javascriptEnabled: true, networkConnectionEnabled: false, pageLoadStrategy: normal, platform: WINDOWS, platformName: WINDOWS, proxy: Proxy(), setWindowRect: true, strictFileInteractability: false, timeouts: {implicit: 0, pageLoad: 300000, script: 30000}, unhandledPromptBehavior: dismiss and notify, webauthn:extension:credBlob: true, webauthn:extension:largeBlob: true, webauthn:extension:minPinLength: true, webauthn:extension:prf: true, webauthn:virtualAuthenticators: true}
Session ID: 432599458cdc1471a0efad8b79ba5d44
2023-11-29 21:41:20,848 [main] INFO  base.BaseClass - Trying to find Element By {by.toString()})
2023-11-29 21:41:20,855 [main] INFO  base.BaseClass - Found Element By {by.toString()}
2023-11-29 21:41:20,855 [main] INFO  base.BaseClass - Trying to click on: {element.toString()}
2023-11-29 21:41:20,921 [main] INFO  base.BaseClass - Clicked on: {element.toString()}
2023-11-29 21:41:20,921 [main] INFO  base.BaseClass - Trying to find Element By {by.toString()})
2023-11-29 21:41:20,936 [main] INFO  base.BaseClass - Found Element By {by.toString()}
TimeoutException occurred: Expected condition failed: waiting for helper.WaitUtility$5@52d7889a (tried for 30 second(s) with 500 milliseconds interval)
Build info: version: '3.141.59', revision: 'e82be7d358', time: '2018-11-14T08:17:03'
System info: host: 'DPLAP166', ip: '137.237.3.153', os.name: 'Windows 10', os.arch: 'amd64', os.version: '10.0', java.version: '19.0.1'
Driver info: org.openqa.selenium.support.events.EventFiringWebDriver
Capabilities {acceptInsecureCerts: true, browserName: chrome, browserVersion: 119.0.6045.200, chrome: {chromedriverVersion: 119.0.6045.105 (38c72552c5e..., userDataDir: C:\Users\dP-PL\AppData\Loca...}, fedcm:accounts: true, goog:chromeOptions: {debuggerAddress: localhost:51512}, javascriptEnabled: true, networkConnectionEnabled: false, pageLoadStrategy: normal, platform: WINDOWS, platformName: WINDOWS, proxy: Proxy(), setWindowRect: true, strictFileInteractability: false, timeouts: {implicit: 0, pageLoad: 300000, script: 30000}, unhandledPromptBehavior: dismiss and notify, webauthn:extension:credBlob: true, webauthn:extension:largeBlob: true, webauthn:extension:minPinLength: true, webauthn:extension:prf: true, webauthn:virtualAuthenticators: true}
Session ID: 432599458cdc1471a0efad8b79ba5d44
2023-11-29 21:41:51,289 [main] ERROR XGLT_15177_Test - Element did not become visible within the specified time: Expected condition failed: waiting for helper.WaitUtility$5@52d7889a (tried for 30 second(s) with 500 milliseconds interval)
Build info: version: '3.141.59', revision: 'e82be7d358', time: '2018-11-14T08:17:03'
System info: host: 'DPLAP166', ip: '137.237.3.153', os.name: 'Windows 10', os.arch: 'amd64', os.version: '10.0', java.version: '19.0.1'
Driver info: org.openqa.selenium.support.events.EventFiringWebDriver
Capabilities {acceptInsecureCerts: true, browserName: chrome, browserVersion: 119.0.6045.200, chrome: {chromedriverVersion: 119.0.6045.105 (38c72552c5e..., userDataDir: C:\Users\dP-PL\AppData\Loca...}, fedcm:accounts: true, goog:chromeOptions: {debuggerAddress: localhost:51512}, javascriptEnabled: true, networkConnectionEnabled: false, pageLoadStrategy: normal, platform: WINDOWS, platformName: WINDOWS, proxy: Proxy(), setWindowRect: true, strictFileInteractability: false, timeouts: {implicit: 0, pageLoad: 300000, script: 30000}, unhandledPromptBehavior: dismiss and notify, webauthn:extension:credBlob: true, webauthn:extension:largeBlob: true, webauthn:extension:minPinLength: true, webauthn:extension:prf: true, webauthn:virtualAuthenticators: true}
Session ID: 432599458cdc1471a0efad8b79ba5d44
2023-11-29 21:41:51,289 [main] INFO  base.BaseClass - Trying to click on: {element.toString()}
2023-11-29 21:41:51,350 [main] INFO  base.BaseClass - Clicked on: {element.toString()}
2023-11-29 21:41:51,350 [main] INFO  base.BaseClass - Trying to find Element By {by.toString()})
2023-11-29 21:41:51,363 [main] INFO  base.BaseClass - Found Element By {by.toString()}
2023-11-29 21:41:51,877 [main] INFO  base.BaseClass - Trying to find Element By {by.toString()})
2023-11-29 21:41:51,889 [main] INFO  base.BaseClass - Found Element By {by.toString()}
2023-11-29 21:41:52,406 [main] INFO  base.BaseClass - Trying to find Element By {by.toString()})
2023-11-29 21:41:52,420 [main] INFO  base.BaseClass - Found Element By {by.toString()}
2023-11-29 21:41:52,938 [main] INFO  base.BaseClass - Trying to find Element By {by.toString()})
2023-11-29 21:41:52,951 [main] INFO  base.BaseClass - Found Element By {by.toString()}
2023-11-29 21:41:53,471 [main] INFO  base.BaseClass - Trying to find Element By {by.toString()})
2023-11-29 21:41:53,488 [main] INFO  base.BaseClass - Found Element By {by.toString()}
2023-11-29 21:41:54,021 [main] INFO  base.BaseClass - Trying to find Element By {by.toString()})
2023-11-29 21:41:54,033 [main] INFO  base.BaseClass - Found Element By {by.toString()}
2023-11-29 21:41:54,549 [main] INFO  base.BaseClass - Trying to find Element By {by.toString()})
2023-11-29 21:41:54,576 [main] INFO  base.BaseClass - Found Element By {by.toString()}
2023-11-29 21:41:55,096 [main] INFO  base.BaseClass - Trying to find Element By {by.toString()})
2023-11-29 21:41:55,116 [main] INFO  base.BaseClass - Found Element By {by.toString()}
2023-11-29 21:41:55,642 [main] INFO  base.BaseClass - Trying to find Element By {by.toString()})
2023-11-29 21:41:55,657 [main] INFO  base.BaseClass - Found Element By {by.toString()}
2023-11-29 21:41:56,186 [main] INFO  base.BaseClass - Trying to find Element By {by.toString()})
2023-11-29 21:41:56,212 [main] INFO  base.BaseClass - Found Element By {by.toString()}
2023-11-29 21:41:56,748 [main] INFO  base.BaseClass - Trying to find Element By {by.toString()})
2023-11-29 21:41:56,769 [main] INFO  base.BaseClass - Found Element By {by.toString()}
2023-11-29 21:41:57,296 [main] INFO  base.BaseClass - Trying to find Element By {by.toString()})
2023-11-29 21:41:57,319 [main] INFO  base.BaseClass - Found Element By {by.toString()}
2023-11-29 21:41:57,839 [main] INFO  base.BaseClass - Trying to find Element By {by.toString()})
2023-11-29 21:41:57,867 [main] INFO  base.BaseClass - Found Element By {by.toString()}
2023-11-29 21:41:58,413 [main] INFO  base.BaseClass - Trying to find Element By {by.toString()})
2023-11-29 21:41:58,434 [main] INFO  base.BaseClass - Found Element By {by.toString()}
2023-11-29 21:41:58,958 [main] INFO  base.BaseClass - Trying to find Element By {by.toString()})
2023-11-29 21:41:58,986 [main] INFO  base.BaseClass - Found Element By {by.toString()}
2023-11-29 21:41:59,521 [main] INFO  base.BaseClass - Trying to find Element By {by.toString()})
2023-11-29 21:41:59,545 [main] INFO  base.BaseClass - Found Element By {by.toString()}
2023-11-29 21:42:00,077 [main] INFO  base.BaseClass - Trying to find Element By {by.toString()})
2023-11-29 21:42:00,086 [main] INFO  base.BaseClass - Found Element By {by.toString()}
2023-11-29 21:42:00,603 [main] INFO  base.BaseClass - Trying to find Element By {by.toString()})
2023-11-29 21:42:00,631 [main] INFO  base.BaseClass - Found Element By {by.toString()}
2023-11-29 21:42:01,150 [main] INFO  base.BaseClass - Trying to find Element By {by.toString()})
2023-11-29 21:42:01,178 [main] INFO  base.BaseClass - Found Element By {by.toString()}
2023-11-29 21:42:01,712 [main] INFO  base.BaseClass - Trying to find Element By {by.toString()})
2023-11-29 21:42:01,720 [main] INFO  base.BaseClass - Found Element By {by.toString()}
2023-11-29 21:42:02,232 [main] INFO  base.BaseClass - Trying to find Element By {by.toString()})
2023-11-29 21:42:02,239 [main] INFO  base.BaseClass - Found Element By {by.toString()}
2023-11-29 21:42:02,759 [main] INFO  base.BaseClass - Trying to find Element By {by.toString()})
2023-11-29 21:42:02,779 [main] INFO  base.BaseClass - Found Element By {by.toString()}
2023-11-29 21:42:03,302 [main] INFO  base.BaseClass - Trying to find Element By {by.toString()})
2023-11-29 21:42:03,325 [main] INFO  base.BaseClass - Found Element By {by.toString()}
2023-11-29 21:42:03,862 [main] INFO  base.BaseClass - Trying to find Element By {by.toString()})
2023-11-29 21:42:03,873 [main] INFO  base.BaseClass - Found Element By {by.toString()}
2023-11-29 21:42:04,394 [main] INFO  base.BaseClass - Trying to find Element By {by.toString()})
2023-11-29 21:42:04,401 [main] INFO  base.BaseClass - Found Element By {by.toString()}
2023-11-29 21:42:04,925 [main] INFO  base.BaseClass - Trying to find Element By {by.toString()})
2023-11-29 21:42:04,938 [main] INFO  base.BaseClass - Found Element By {by.toString()}
2023-11-29 21:42:05,454 [main] INFO  base.BaseClass - Trying to find Element By {by.toString()})
2023-11-29 21:42:05,481 [main] INFO  base.BaseClass - Found Element By {by.toString()}
2023-11-29 21:42:06,001 [main] INFO  base.BaseClass - Trying to find Element By {by.toString()})
2023-11-29 21:42:06,026 [main] INFO  base.BaseClass - Found Element By {by.toString()}
2023-11-29 21:42:06,548 [main] INFO  base.BaseClass - Trying to find Element By {by.toString()})
2023-11-29 21:42:06,575 [main] INFO  base.BaseClass - Found Element By {by.toString()}
2023-11-29 21:42:07,111 [main] INFO  base.BaseClass - Trying to find Element By {by.toString()})
2023-11-29 21:42:07,136 [main] INFO  base.BaseClass - Found Element By {by.toString()}
2023-11-29 21:42:07,661 [main] INFO  base.BaseClass - Trying to find Element By {by.toString()})
2023-11-29 21:42:07,684 [main] INFO  base.BaseClass - Found Element By {by.toString()}
2023-11-29 21:42:08,208 [main] INFO  base.BaseClass - Trying to find Element By {by.toString()})
2023-11-29 21:42:08,235 [main] INFO  base.BaseClass - Found Element By {by.toString()}
2023-11-29 21:42:08,756 [main] INFO  base.BaseClass - Trying to find Element By {by.toString()})
2023-11-29 21:42:08,784 [main] INFO  base.BaseClass - Found Element By {by.toString()}
2023-11-29 21:42:09,302 [main] INFO  base.BaseClass - Trying to find Element By {by.toString()})
2023-11-29 21:42:09,330 [main] INFO  base.BaseClass - Found Element By {by.toString()}
2023-11-29 21:42:09,851 [main] INFO  base.BaseClass - Trying to find Element By {by.toString()})
2023-11-29 21:42:09,882 [main] INFO  base.BaseClass - Found Element By {by.toString()}
2023-11-29 21:42:10,413 [main] INFO  base.BaseClass - Trying to find Element By {by.toString()})
2023-11-29 21:42:10,438 [main] INFO  base.BaseClass - Found Element By {by.toString()}
2023-11-29 21:42:10,957 [main] INFO  base.BaseClass - Trying to find Element By {by.toString()})
2023-11-29 21:42:10,987 [main] INFO  base.BaseClass - Found Element By {by.toString()}
2023-11-29 21:42:11,522 [main] INFO  base.BaseClass - Trying to find Element By {by.toString()})
2023-11-29 21:42:11,549 [main] INFO  base.BaseClass - Found Element By {by.toString()}
2023-11-29 21:42:12,084 [main] INFO  base.BaseClass - Trying to find Element By {by.toString()})
2023-11-29 21:42:12,107 [main] INFO  base.BaseClass - Found Element By {by.toString()}
2023-11-29 21:42:12,630 [main] INFO  base.BaseClass - Trying to find Element By {by.toString()})
2023-11-29 21:42:12,652 [main] INFO  base.BaseClass - Found Element By {by.toString()}
2023-11-29 21:42:13,173 [main] INFO  base.BaseClass - Trying to find Element By {by.toString()})
2023-11-29 21:42:13,199 [main] INFO  base.BaseClass - Found Element By {by.toString()}
2023-11-29 21:42:13,721 [main] INFO  base.BaseClass - Trying to find Element By {by.toString()})
2023-11-29 21:42:13,748 [main] INFO  base.BaseClass - Found Element By {by.toString()}
2023-11-29 21:42:14,269 [main] INFO  base.BaseClass - Trying to find Element By {by.toString()})
2023-11-29 21:42:14,293 [main] INFO  base.BaseClass - Found Element By {by.toString()}
2023-11-29 21:42:14,813 [main] INFO  base.BaseClass - Trying to find Element By {by.toString()})
2023-11-29 21:42:14,837 [main] INFO  base.BaseClass - Found Element By {by.toString()}
2023-11-29 21:42:15,362 [main] INFO  base.BaseClass - Trying to find Element By {by.toString()})
2023-11-29 21:42:15,390 [main] INFO  base.BaseClass - Found Element By {by.toString()}
2023-11-29 21:42:15,922 [main] INFO  base.BaseClass - Trying to find Element By {by.toString()})
2023-11-29 21:42:15,945 [main] INFO  base.BaseClass - Found Element By {by.toString()}
2023-11-29 21:42:16,467 [main] INFO  base.BaseClass - Trying to find Element By {by.toString()})
2023-11-29 21:42:16,492 [main] INFO  base.BaseClass - Found Element By {by.toString()}
2023-11-29 21:42:17,014 [main] INFO  base.BaseClass - Trying to find Element By {by.toString()})
2023-11-29 21:42:17,038 [main] INFO  base.BaseClass - Found Element By {by.toString()}
2023-11-29 21:42:17,575 [main] INFO  base.BaseClass - Trying to find Element By {by.toString()})
2023-11-29 21:42:17,597 [main] INFO  base.BaseClass - Found Element By {by.toString()}
2023-11-29 21:42:18,126 [main] INFO  base.BaseClass - Trying to find Element By {by.toString()})
2023-11-29 21:42:18,146 [main] INFO  base.BaseClass - Found Element By {by.toString()}
2023-11-29 21:42:18,674 [main] INFO  base.BaseClass - Trying to find Element By {by.toString()})
2023-11-29 21:42:18,701 [main] INFO  base.BaseClass - Found Element By {by.toString()}
2023-11-29 21:42:19,220 [main] INFO  base.BaseClass - Trying to find Element By {by.toString()})
2023-11-29 21:42:19,247 [main] INFO  base.BaseClass - Found Element By {by.toString()}
2023-11-29 21:42:19,782 [main] INFO  base.BaseClass - Trying to find Element By {by.toString()})
2023-11-29 21:42:19,806 [main] INFO  base.BaseClass - Found Element By {by.toString()}
2023-11-29 21:42:20,330 [main] INFO  base.BaseClass - Trying to find Element By {by.toString()})
2023-11-29 21:42:20,344 [main] INFO  base.BaseClass - Found Element By {by.toString()}
2023-11-29 21:42:20,861 [main] INFO  base.BaseClass - Trying to find Element By {by.toString()})
2023-11-29 21:42:20,890 [main] INFO  base.BaseClass - Found Element By {by.toString()}
2023-11-29 21:42:21,424 [main] INFO  base.BaseClass - Trying to find Element By {by.toString()})
2023-11-29 21:42:21,452 [main] INFO  base.BaseClass - Found Element By {by.toString()}
TimeoutException occurred: Expected condition failed: waiting for helper.WaitUtility$5@714bd7ad (tried for 30 second(s) with 500 milliseconds interval)
Build info: version: '3.141.59', revision: 'e82be7d358', time: '2018-11-14T08:17:03'
System info: host: 'DPLAP166', ip: '137.237.3.153', os.name: 'Windows 10', os.arch: 'amd64', os.version: '10.0', java.version: '19.0.1'
Driver info: org.openqa.selenium.support.events.EventFiringWebDriver
Capabilities {acceptInsecureCerts: true, browserName: chrome, browserVersion: 119.0.6045.200, chrome: {chromedriverVersion: 119.0.6045.105 (38c72552c5e..., userDataDir: C:\Users\dP-PL\AppData\Loca...}, fedcm:accounts: true, goog:chromeOptions: {debuggerAddress: localhost:51512}, javascriptEnabled: true, networkConnectionEnabled: false, pageLoadStrategy: normal, platform: WINDOWS, platformName: WINDOWS, proxy: Proxy(), setWindowRect: true, strictFileInteractability: false, timeouts: {implicit: 0, pageLoad: 300000, script: 30000}, unhandledPromptBehavior: dismiss and notify, webauthn:extension:credBlob: true, webauthn:extension:largeBlob: true, webauthn:extension:minPinLength: true, webauthn:extension:prf: true, webauthn:virtualAuthenticators: true}
Session ID: 432599458cdc1471a0efad8b79ba5d44
2023-11-29 21:42:21,470 [main] ERROR XGLT_15177_Test - Element did not become visible within the specified time: Expected condition failed: waiting for helper.WaitUtility$5@714bd7ad (tried for 30 second(s) with 500 milliseconds interval)
Build info: version: '3.141.59', revision: 'e82be7d358', time: '2018-11-14T08:17:03'
System info: host: 'DPLAP166', ip: '137.237.3.153', os.name: 'Windows 10', os.arch: 'amd64', os.version: '10.0', java.version: '19.0.1'
Driver info: org.openqa.selenium.support.events.EventFiringWebDriver
Capabilities {acceptInsecureCerts: true, browserName: chrome, browserVersion: 119.0.6045.200, chrome: {chromedriverVersion: 119.0.6045.105 (38c72552c5e..., userDataDir: C:\Users\dP-PL\AppData\Loca...}, fedcm:accounts: true, goog:chromeOptions: {debuggerAddress: localhost:51512}, javascriptEnabled: true, networkConnectionEnabled: false, pageLoadStrategy: normal, platform: WINDOWS, platformName: WINDOWS, proxy: Proxy(), setWindowRect: true, strictFileInteractability: false, timeouts: {implicit: 0, pageLoad: 300000, script: 30000}, unhandledPromptBehavior: dismiss and notify, webauthn:extension:credBlob: true, webauthn:extension:largeBlob: true, webauthn:extension:minPinLength: true, webauthn:extension:prf: true, webauthn:virtualAuthenticators: true}
Session ID: 432599458cdc1471a0efad8b79ba5d44
2023-11-29 21:42:21,470 [main] INFO  base.BaseClass - Trying to find Element By {by.toString()})
2023-11-29 21:42:21,479 [main] INFO  base.BaseClass - Found Element By {by.toString()}
2023-11-29 21:42:21,479 [main] INFO  base.BaseClass - Trying to click on: {element.toString()}
2023-11-29 21:42:21,536 [main] INFO  base.BaseClass - Clicked on: {element.toString()}
2023-11-29 21:42:21,536 [main] INFO  base.BaseClass - Trying to find Element By {by.toString()})
2023-11-29 21:42:25,155 [main] INFO  base.BaseClass - Found Element By {by.toString()}
MissonControlReset passed!
]]></system-out>
    <system-err><![CDATA[Starting ChromeDriver 119.0.6045.105 (38c72552c5e15ba9b3117c0967a0fd105072d7c6-refs/branch-heads/6045@{#1103}) on port 31503
Only local connections are allowed.
Please see https://chromedriver.chromium.org/security-considerations for suggestions on keeping ChromeDriver safe.
ChromeDriver was started successfully.
Nov 29, 2023 9:37:10 PM org.openqa.selenium.remote.ProtocolHandshake createSession
INFO: Detected dialect: W3C
]]></system-err>
  </testcase>
  <testcase name="NetworkInstanceCurrentWeekPA" classname="XGLT_6688_Test" time="519.544">
    <failure message="no such element: Unable to locate element: {&quot;method&quot;:&quot;xpath&quot;,&quot;selector&quot;:&quot;//h1[contains(text(),&apos;Pending Allocation&apos;)]/following-sibling::h1&quot;}&#10;  (Session info: chrome=119.0.6045.200)&#10;For documentation on this error, please visit: https://www.seleniumhq.org/exceptions/no_such_element.html&#10;Build info: version: &apos;3.141.59&apos;, revision: &apos;e82be7d358&apos;, time: &apos;2018-11-14T08:17:03&apos;&#10;System info: host: &apos;DPLAP166&apos;, ip: &apos;137.237.3.153&apos;, os.name: &apos;Windows 10&apos;, os.arch: &apos;amd64&apos;, os.version: &apos;10.0&apos;, java.version: &apos;19.0.1&apos;&#10;Driver info: org.openqa.selenium.chrome.ChromeDriver&#10;Capabilities {acceptInsecureCerts: true, browserName: chrome, browserVersion: 119.0.6045.200, chrome: {chromedriverVersion: 119.0.6045.105 (38c72552c5e..., userDataDir: C:\Users\dP-PL\AppData\Loca...}, fedcm:accounts: true, goog:chromeOptions: {debuggerAddress: localhost:52174}, javascriptEnabled: true, networkConnectionEnabled: false, pageLoadStrategy: normal, platform: WINDOWS, platformName: WINDOWS, proxy: Proxy(), setWindowRect: true, strictFileInteractability: false, timeouts: {implicit: 0, pageLoad: 300000, script: 30000}, unhandledPromptBehavior: dismiss and notify, webauthn:extension:credBlob: true, webauthn:extension:largeBlob: true, webauthn:extension:minPinLength: true, webauthn:extension:prf: true, webauthn:virtualAuthenticators: true}&#10;Session ID: 9904d8dcdce8f65bcf1cf5b9aa8273f1&#10;*** Element info: {Using=xpath, value=//h1[contains(text(),&apos;Pending Allocation&apos;)]/following-sibling::h1}" type="org.openqa.selenium.NoSuchElementException"><![CDATA[org.openqa.selenium.NoSuchElementException: 
no such element: Unable to locate element: {"method":"xpath","selector":"//h1[contains(text(),'Pending Allocation')]/following-sibling::h1"}
  (Session info: chrome=119.0.6045.200)
For documentation on this error, please visit: https://www.seleniumhq.org/exceptions/no_such_element.html
Build info: version: '3.141.59', revision: 'e82be7d358', time: '2018-11-14T08:17:03'
System info: host: 'DPLAP166', ip: '137.237.3.153', os.name: 'Windows 10', os.arch: 'amd64', os.version: '10.0', java.version: '19.0.1'
Driver info: org.openqa.selenium.chrome.ChromeDriver
Capabilities {acceptInsecureCerts: true, browserName: chrome, browserVersion: 119.0.6045.200, chrome: {chromedriverVersion: 119.0.6045.105 (38c72552c5e..., userDataDir: C:\Users\dP-PL\AppData\Loca...}, fedcm:accounts: true, goog:chromeOptions: {debuggerAddress: localhost:52174}, javascriptEnabled: true, networkConnectionEnabled: false, pageLoadStrategy: normal, platform: WINDOWS, platformName: WINDOWS, proxy: Proxy(), setWindowRect: true, strictFileInteractability: false, timeouts: {implicit: 0, pageLoad: 300000, script: 30000}, unhandledPromptBehavior: dismiss and notify, webauthn:extension:credBlob: true, webauthn:extension:largeBlob: true, webauthn:extension:minPinLength: true, webauthn:extension:prf: true, webauthn:virtualAuthenticators: true}
Session ID: 9904d8dcdce8f65bcf1cf5b9aa8273f1
*** Element info: {Using=xpath, value=//h1[contains(text(),'Pending Allocation')]/following-sibling::h1}
	at java.base/jdk.internal.reflect.DirectConstructorHandleAccessor.newInstance(DirectConstructorHandleAccessor.java:67)
	at java.base/java.lang.reflect.Constructor.newInstanceWithCaller(Constructor.java:500)
	at java.base/java.lang.reflect.Constructor.newInstance(Constructor.java:484)
	at org.openqa.selenium.remote.http.W3CHttpResponseCodec.createException(W3CHttpResponseCodec.java:187)
	at org.openqa.selenium.remote.http.W3CHttpResponseCodec.decode(W3CHttpResponseCodec.java:122)
	at org.openqa.selenium.remote.http.W3CHttpResponseCodec.decode(W3CHttpResponseCodec.java:49)
	at org.openqa.selenium.remote.HttpCommandExecutor.execute(HttpCommandExecutor.java:158)
	at org.openqa.selenium.remote.service.DriverCommandExecutor.execute(DriverCommandExecutor.java:83)
	at org.openqa.selenium.remote.RemoteWebDriver.execute(RemoteWebDriver.java:552)
	at org.openqa.selenium.remote.RemoteWebDriver.findElement(RemoteWebDriver.java:323)
	at org.openqa.selenium.remote.RemoteWebDriver.findElementByXPath(RemoteWebDriver.java:428)
	at org.openqa.selenium.By$ByXPath.findElement(By.java:353)
	at org.openqa.selenium.remote.RemoteWebDriver.findElement(RemoteWebDriver.java:315)
	at java.base/jdk.internal.reflect.DirectMethodHandleAccessor.invoke(DirectMethodHandleAccessor.java:104)
	at java.base/java.lang.reflect.Method.invoke(Method.java:578)
	at org.openqa.selenium.support.events.EventFiringWebDriver.lambda$new$1(EventFiringWebDriver.java:105)
	at jdk.proxy2/jdk.proxy2.$Proxy25.findElement(Unknown Source)
	at org.openqa.selenium.support.events.EventFiringWebDriver.findElement(EventFiringWebDriver.java:194)
	at org.openqa.selenium.support.pagefactory.DefaultElementLocator.findElement(DefaultElementLocator.java:69)
	at org.openqa.selenium.support.pagefactory.internal.LocatingElementHandler.invoke(LocatingElementHandler.java:38)
	at jdk.proxy2/jdk.proxy2.$Proxy28.getText(Unknown Source)
	at pages.NetworkInstancePage.getactualpendingallocationcount(NetworkInstancePage.java:139)
	at pages.NetworkInstancePage.verifypendingallocationcount(NetworkInstancePage.java:149)
	at XGLT_6688_Test.NetworkInstanceCurrentWeekPA(XGLT_6688_Test.java:48)
	at java.base/jdk.internal.reflect.DirectMethodHandleAccessor.invoke(DirectMethodHandleAccessor.java:104)
	at java.base/java.lang.reflect.Method.invoke(Method.java:578)
	at org.testng.internal.invokers.MethodInvocationHelper.invokeMethod(MethodInvocationHelper.java:139)
	at org.testng.internal.invokers.TestInvoker.invokeMethod(TestInvoker.java:677)
	at org.testng.internal.invokers.TestInvoker.invokeTestMethod(TestInvoker.java:221)
	at org.testng.internal.invokers.MethodRunner.runInSequence(MethodRunner.java:50)
	at org.testng.internal.invokers.TestInvoker$MethodInvocationAgent.invoke(TestInvoker.java:962)
	at org.testng.internal.invokers.TestInvoker.invokeTestMethods(TestInvoker.java:194)
	at org.testng.internal.invokers.TestMethodWorker.invokeTestMethods(TestMethodWorker.java:148)
	at org.testng.internal.invokers.TestMethodWorker.run(TestMethodWorker.java:128)
	at java.base/java.util.ArrayList.forEach(ArrayList.java:1511)
	at org.testng.TestRunner.privateRun(TestRunner.java:806)
	at org.testng.TestRunner.run(TestRunner.java:601)
	at org.testng.SuiteRunner.runTest(SuiteRunner.java:433)
	at org.testng.SuiteRunner.runSequentially(SuiteRunner.java:427)
	at org.testng.SuiteRunner.privateRun(SuiteRunner.java:387)
	at org.testng.SuiteRunner.run(SuiteRunner.java:330)
	at org.testng.SuiteRunnerWorker.runSuite(SuiteRunnerWorker.java:52)
	at org.testng.SuiteRunnerWorker.run(SuiteRunnerWorker.java:95)
	at org.testng.TestNG.runSuitesSequentially(TestNG.java:1256)
	at org.testng.TestNG.runSuitesLocally(TestNG.java:1176)
	at org.testng.TestNG.runSuites(TestNG.java:1099)
	at org.testng.TestNG.run(TestNG.java:1067)
	at org.apache.maven.surefire.testng.TestNGExecutor.run(TestNGExecutor.java:324)
	at org.apache.maven.surefire.testng.TestNGXmlTestSuite.execute(TestNGXmlTestSuite.java:74)
	at org.apache.maven.surefire.testng.TestNGProvider.invoke(TestNGProvider.java:123)
	at org.apache.maven.surefire.booter.ForkedBooter.runSuitesInProcess(ForkedBooter.java:456)
	at org.apache.maven.surefire.booter.ForkedBooter.execute(ForkedBooter.java:169)
	at org.apache.maven.surefire.booter.ForkedBooter.run(ForkedBooter.java:595)
	at org.apache.maven.surefire.booter.ForkedBooter.main(ForkedBooter.java:581)
]]></failure>
    <system-out><![CDATA[2023-11-29 21:42:25,324 [main] INFO  XGLT_15177_Test - closing up browser
2023-11-29 21:42:26,925 [main] INFO  base.BaseClass - Login to XGL
2023-11-29 21:42:26,926 [main] INFO  XGLT_15177_Test - Setting up browser
2023-11-29 21:42:26,943 [main] INFO  io.github.bonigarcia.wdm.WebDriverManager - Using chromedriver 119.0.6045.105 (resolved driver for Chrome 119)
2023-11-29 21:42:26,956 [main] INFO  io.github.bonigarcia.wdm.WebDriverManager - Exporting webdriver.chrome.driver as C:\Users\dP-PL\.cache\selenium\chromedriver\win64\119.0.6045.105\chromedriver.exe
2023-11-29 21:42:28,421 [main] INFO  base.BaseClass - Before navigating to {url}
2023-11-29 21:42:33,744 [main] INFO  base.BaseClass - Navigated to {url}
2023-11-29 21:42:34,121 [main] INFO  base.BaseClass - Trying to find Element By {by.toString()})
2023-11-29 21:42:34,137 [main] INFO  base.BaseClass - Found Element By {by.toString()}
2023-11-29 21:42:34,181 [main] INFO  base.BaseClass - Trying to find Element By {by.toString()})
2023-11-29 21:42:34,193 [main] INFO  base.BaseClass - Found Element By {by.toString()}
2023-11-29 21:42:34,256 [main] INFO  base.BaseClass - Trying to find Element By {by.toString()})
2023-11-29 21:42:34,267 [main] INFO  base.BaseClass - Found Element By {by.toString()}
2023-11-29 21:42:34,268 [main] INFO  base.BaseClass - Trying to click on: {element.toString()}
2023-11-29 21:42:34,300 [main] INFO  base.BaseClass - Clicked on: {element.toString()}
2023-11-29 21:42:34,300 [main] INFO  base.BaseClass - Trying to find Element By {by.toString()})
2023-11-29 21:42:40,503 [main] INFO  base.BaseClass - Found Element By {by.toString()}
2023-11-29 21:42:40,522 [main] INFO  base.BaseClass - Trying to find Element By {by.toString()})
2023-11-29 21:42:42,326 [main] INFO  base.BaseClass - Found Element By {by.toString()}
2023-11-29 21:42:42,326 [main] INFO  base.BaseClass - Trying to click on: {element.toString()}
2023-11-29 21:42:42,501 [main] INFO  base.BaseClass - Clicked on: {element.toString()}
Before method Test name: Maintainance Tests
NetworkInstanceCurrentWeekPA started!
2023-11-29 21:42:42,503 [main] INFO  base.BaseClass - Trying to find Element By {by.toString()})
2023-11-29 21:42:42,517 [main] INFO  base.BaseClass - Found Element By {by.toString()}
2023-11-29 21:42:42,530 [main] INFO  base.BaseClass - Trying to find Element By {by.toString()})
2023-11-29 21:42:42,541 [main] INFO  base.BaseClass - Found Element By {by.toString()}
2023-11-29 21:42:43,069 [main] INFO  base.BaseClass - Trying to find Element By {by.toString()})
2023-11-29 21:42:43,089 [main] INFO  base.BaseClass - Found Element By {by.toString()}
2023-11-29 21:42:43,621 [main] INFO  base.BaseClass - Trying to find Element By {by.toString()})
2023-11-29 21:42:43,649 [main] INFO  base.BaseClass - Found Element By {by.toString()}
2023-11-29 21:42:44,201 [main] INFO  base.BaseClass - Trying to find Element By {by.toString()})
2023-11-29 21:42:44,227 [main] INFO  base.BaseClass - Found Element By {by.toString()}
2023-11-29 21:42:44,780 [main] INFO  base.BaseClass - Trying to find Element By {by.toString()})
2023-11-29 21:42:44,805 [main] INFO  base.BaseClass - Found Element By {by.toString()}
2023-11-29 21:42:45,340 [main] INFO  base.BaseClass - Trying to find Element By {by.toString()})
2023-11-29 21:42:45,365 [main] INFO  base.BaseClass - Found Element By {by.toString()}
2023-11-29 21:42:45,901 [main] INFO  base.BaseClass - Trying to find Element By {by.toString()})
2023-11-29 21:42:45,926 [main] INFO  base.BaseClass - Found Element By {by.toString()}
2023-11-29 21:42:46,466 [main] INFO  base.BaseClass - Trying to find Element By {by.toString()})
2023-11-29 21:42:46,481 [main] INFO  base.BaseClass - Found Element By {by.toString()}
2023-11-29 21:42:47,010 [main] INFO  base.BaseClass - Trying to find Element By {by.toString()})
2023-11-29 21:42:47,022 [main] INFO  base.BaseClass - Found Element By {by.toString()}
2023-11-29 21:42:47,541 [main] INFO  base.BaseClass - Trying to find Element By {by.toString()})
2023-11-29 21:42:47,566 [main] INFO  base.BaseClass - Found Element By {by.toString()}
2023-11-29 21:42:48,106 [main] INFO  base.BaseClass - Trying to find Element By {by.toString()})
2023-11-29 21:42:48,133 [main] INFO  base.BaseClass - Found Element By {by.toString()}
2023-11-29 21:42:48,685 [main] INFO  base.BaseClass - Trying to find Element By {by.toString()})
2023-11-29 21:42:48,712 [main] INFO  base.BaseClass - Found Element By {by.toString()}
2023-11-29 21:42:49,249 [main] INFO  base.BaseClass - Trying to find Element By {by.toString()})
2023-11-29 21:42:49,258 [main] INFO  base.BaseClass - Found Element By {by.toString()}
2023-11-29 21:42:49,775 [main] INFO  base.BaseClass - Trying to find Element By {by.toString()})
2023-11-29 21:42:49,802 [main] INFO  base.BaseClass - Found Element By {by.toString()}
2023-11-29 21:42:50,351 [main] INFO  base.BaseClass - Trying to find Element By {by.toString()})
2023-11-29 21:42:50,366 [main] INFO  base.BaseClass - Found Element By {by.toString()}
2023-11-29 21:42:50,897 [main] INFO  base.BaseClass - Trying to find Element By {by.toString()})
2023-11-29 21:42:50,925 [main] INFO  base.BaseClass - Found Element By {by.toString()}
2023-11-29 21:42:51,455 [main] INFO  base.BaseClass - Trying to find Element By {by.toString()})
2023-11-29 21:42:51,470 [main] INFO  base.BaseClass - Found Element By {by.toString()}
2023-11-29 21:42:52,000 [main] INFO  base.BaseClass - Trying to find Element By {by.toString()})
2023-11-29 21:42:52,024 [main] INFO  base.BaseClass - Found Element By {by.toString()}
2023-11-29 21:42:52,548 [main] INFO  base.BaseClass - Trying to find Element By {by.toString()})
2023-11-29 21:42:52,576 [main] INFO  base.BaseClass - Found Element By {by.toString()}
2023-11-29 21:42:53,124 [main] INFO  base.BaseClass - Trying to find Element By {by.toString()})
2023-11-29 21:42:53,149 [main] INFO  base.BaseClass - Found Element By {by.toString()}
2023-11-29 21:42:53,682 [main] INFO  base.BaseClass - Trying to find Element By {by.toString()})
2023-11-29 21:42:53,707 [main] INFO  base.BaseClass - Found Element By {by.toString()}
2023-11-29 21:42:54,246 [main] INFO  base.BaseClass - Trying to find Element By {by.toString()})
2023-11-29 21:42:54,272 [main] INFO  base.BaseClass - Found Element By {by.toString()}
2023-11-29 21:42:54,805 [main] INFO  base.BaseClass - Trying to find Element By {by.toString()})
2023-11-29 21:42:54,830 [main] INFO  base.BaseClass - Found Element By {by.toString()}
2023-11-29 21:42:55,376 [main] INFO  base.BaseClass - Trying to find Element By {by.toString()})
2023-11-29 21:42:55,399 [main] INFO  base.BaseClass - Found Element By {by.toString()}
2023-11-29 21:42:55,927 [main] INFO  base.BaseClass - Trying to find Element By {by.toString()})
2023-11-29 21:42:55,937 [main] INFO  base.BaseClass - Found Element By {by.toString()}
2023-11-29 21:42:56,452 [main] INFO  base.BaseClass - Trying to find Element By {by.toString()})
2023-11-29 21:42:56,461 [main] INFO  base.BaseClass - Found Element By {by.toString()}
2023-11-29 21:42:56,976 [main] INFO  base.BaseClass - Trying to find Element By {by.toString()})
2023-11-29 21:42:56,996 [main] INFO  base.BaseClass - Found Element By {by.toString()}
2023-11-29 21:42:57,518 [main] INFO  base.BaseClass - Trying to find Element By {by.toString()})
2023-11-29 21:42:57,528 [main] INFO  base.BaseClass - Found Element By {by.toString()}
2023-11-29 21:42:58,057 [main] INFO  base.BaseClass - Trying to find Element By {by.toString()})
2023-11-29 21:42:58,077 [main] INFO  base.BaseClass - Found Element By {by.toString()}
2023-11-29 21:42:58,610 [main] INFO  base.BaseClass - Trying to find Element By {by.toString()})
2023-11-29 21:42:58,622 [main] INFO  base.BaseClass - Found Element By {by.toString()}
2023-11-29 21:42:59,153 [main] INFO  base.BaseClass - Trying to find Element By {by.toString()})
2023-11-29 21:42:59,164 [main] INFO  base.BaseClass - Found Element By {by.toString()}
2023-11-29 21:42:59,689 [main] INFO  base.BaseClass - Trying to find Element By {by.toString()})
2023-11-29 21:42:59,703 [main] INFO  base.BaseClass - Found Element By {by.toString()}
2023-11-29 21:43:00,227 [main] INFO  base.BaseClass - Trying to find Element By {by.toString()})
2023-11-29 21:43:00,239 [main] INFO  base.BaseClass - Found Element By {by.toString()}
2023-11-29 21:43:00,760 [main] INFO  base.BaseClass - Trying to find Element By {by.toString()})
2023-11-29 21:43:00,769 [main] INFO  base.BaseClass - Found Element By {by.toString()}
2023-11-29 21:43:01,285 [main] INFO  base.BaseClass - Trying to find Element By {by.toString()})
2023-11-29 21:43:01,305 [main] INFO  base.BaseClass - Found Element By {by.toString()}
2023-11-29 21:43:01,827 [main] INFO  base.BaseClass - Trying to find Element By {by.toString()})
2023-11-29 21:43:01,841 [main] INFO  base.BaseClass - Found Element By {by.toString()}
2023-11-29 21:43:02,364 [main] INFO  base.BaseClass - Trying to find Element By {by.toString()})
2023-11-29 21:43:02,388 [main] INFO  base.BaseClass - Found Element By {by.toString()}
2023-11-29 21:43:02,918 [main] INFO  base.BaseClass - Trying to find Element By {by.toString()})
2023-11-29 21:43:02,927 [main] INFO  base.BaseClass - Found Element By {by.toString()}
2023-11-29 21:43:03,443 [main] INFO  base.BaseClass - Trying to find Element By {by.toString()})
2023-11-29 21:43:03,466 [main] INFO  base.BaseClass - Found Element By {by.toString()}
2023-11-29 21:43:03,989 [main] INFO  base.BaseClass - Trying to find Element By {by.toString()})
2023-11-29 21:43:04,006 [main] INFO  base.BaseClass - Found Element By {by.toString()}
2023-11-29 21:43:04,535 [main] INFO  base.BaseClass - Trying to find Element By {by.toString()})
2023-11-29 21:43:04,565 [main] INFO  base.BaseClass - Found Element By {by.toString()}
2023-11-29 21:43:05,088 [main] INFO  base.BaseClass - Trying to find Element By {by.toString()})
2023-11-29 21:43:05,102 [main] INFO  base.BaseClass - Found Element By {by.toString()}
2023-11-29 21:43:05,630 [main] INFO  base.BaseClass - Trying to find Element By {by.toString()})
2023-11-29 21:43:05,648 [main] INFO  base.BaseClass - Found Element By {by.toString()}
2023-11-29 21:43:06,183 [main] INFO  base.BaseClass - Trying to find Element By {by.toString()})
2023-11-29 21:43:06,198 [main] INFO  base.BaseClass - Found Element By {by.toString()}
2023-11-29 21:43:06,722 [main] INFO  base.BaseClass - Trying to find Element By {by.toString()})
2023-11-29 21:43:06,742 [main] INFO  base.BaseClass - Found Element By {by.toString()}
2023-11-29 21:43:07,278 [main] INFO  base.BaseClass - Trying to find Element By {by.toString()})
2023-11-29 21:43:07,295 [main] INFO  base.BaseClass - Found Element By {by.toString()}
2023-11-29 21:43:07,836 [main] INFO  base.BaseClass - Trying to find Element By {by.toString()})
2023-11-29 21:43:07,862 [main] INFO  base.BaseClass - Found Element By {by.toString()}
2023-11-29 21:43:08,395 [main] INFO  base.BaseClass - Trying to find Element By {by.toString()})
2023-11-29 21:43:08,406 [main] INFO  base.BaseClass - Found Element By {by.toString()}
2023-11-29 21:43:08,930 [main] INFO  base.BaseClass - Trying to find Element By {by.toString()})
2023-11-29 21:43:08,939 [main] INFO  base.BaseClass - Found Element By {by.toString()}
2023-11-29 21:43:09,463 [main] INFO  base.BaseClass - Trying to find Element By {by.toString()})
2023-11-29 21:43:09,488 [main] INFO  base.BaseClass - Found Element By {by.toString()}
2023-11-29 21:43:10,026 [main] INFO  base.BaseClass - Trying to find Element By {by.toString()})
2023-11-29 21:43:10,052 [main] INFO  base.BaseClass - Found Element By {by.toString()}
2023-11-29 21:43:10,603 [main] INFO  base.BaseClass - Trying to find Element By {by.toString()})
2023-11-29 21:43:10,628 [main] INFO  base.BaseClass - Found Element By {by.toString()}
2023-11-29 21:43:11,164 [main] INFO  base.BaseClass - Trying to find Element By {by.toString()})
2023-11-29 21:43:11,189 [main] INFO  base.BaseClass - Found Element By {by.toString()}
2023-11-29 21:43:11,741 [main] INFO  base.BaseClass - Trying to find Element By {by.toString()})
2023-11-29 21:43:11,766 [main] INFO  base.BaseClass - Found Element By {by.toString()}
2023-11-29 21:43:12,307 [main] INFO  base.BaseClass - Trying to find Element By {by.toString()})
2023-11-29 21:43:12,332 [main] INFO  base.BaseClass - Found Element By {by.toString()}
2023-11-29 21:43:12,873 [main] INFO  base.BaseClass - Trying to find Element By {by.toString()})
2023-11-29 21:43:12,898 [main] INFO  base.BaseClass - Found Element By {by.toString()}
TimeoutException occurred: Expected condition failed: waiting for helper.WaitUtility$5@d98fc62 (tried for 30 second(s) with 500 milliseconds interval)
Build info: version: '3.141.59', revision: 'e82be7d358', time: '2018-11-14T08:17:03'
System info: host: 'DPLAP166', ip: '137.237.3.153', os.name: 'Windows 10', os.arch: 'amd64', os.version: '10.0', java.version: '19.0.1'
Driver info: org.openqa.selenium.support.events.EventFiringWebDriver
Capabilities {acceptInsecureCerts: true, browserName: chrome, browserVersion: 119.0.6045.200, chrome: {chromedriverVersion: 119.0.6045.105 (38c72552c5e..., userDataDir: C:\Users\dP-PL\AppData\Loca...}, fedcm:accounts: true, goog:chromeOptions: {debuggerAddress: localhost:52174}, javascriptEnabled: true, networkConnectionEnabled: false, pageLoadStrategy: normal, platform: WINDOWS, platformName: WINDOWS, proxy: Proxy(), setWindowRect: true, strictFileInteractability: false, timeouts: {implicit: 0, pageLoad: 300000, script: 30000}, unhandledPromptBehavior: dismiss and notify, webauthn:extension:credBlob: true, webauthn:extension:largeBlob: true, webauthn:extension:minPinLength: true, webauthn:extension:prf: true, webauthn:virtualAuthenticators: true}
Session ID: 9904d8dcdce8f65bcf1cf5b9aa8273f1
2023-11-29 21:43:12,934 [main] ERROR XGLT_15177_Test - Element did not become visible within the specified time: Expected condition failed: waiting for helper.WaitUtility$5@d98fc62 (tried for 30 second(s) with 500 milliseconds interval)
Build info: version: '3.141.59', revision: 'e82be7d358', time: '2018-11-14T08:17:03'
System info: host: 'DPLAP166', ip: '137.237.3.153', os.name: 'Windows 10', os.arch: 'amd64', os.version: '10.0', java.version: '19.0.1'
Driver info: org.openqa.selenium.support.events.EventFiringWebDriver
Capabilities {acceptInsecureCerts: true, browserName: chrome, browserVersion: 119.0.6045.200, chrome: {chromedriverVersion: 119.0.6045.105 (38c72552c5e..., userDataDir: C:\Users\dP-PL\AppData\Loca...}, fedcm:accounts: true, goog:chromeOptions: {debuggerAddress: localhost:52174}, javascriptEnabled: true, networkConnectionEnabled: false, pageLoadStrategy: normal, platform: WINDOWS, platformName: WINDOWS, proxy: Proxy(), setWindowRect: true, strictFileInteractability: false, timeouts: {implicit: 0, pageLoad: 300000, script: 30000}, unhandledPromptBehavior: dismiss and notify, webauthn:extension:credBlob: true, webauthn:extension:largeBlob: true, webauthn:extension:minPinLength: true, webauthn:extension:prf: true, webauthn:virtualAuthenticators: true}
Session ID: 9904d8dcdce8f65bcf1cf5b9aa8273f1
2023-11-29 21:43:12,934 [main] INFO  base.BaseClass - Trying to find Element By {by.toString()})
2023-11-29 21:43:12,955 [main] INFO  base.BaseClass - Found Element By {by.toString()}
2023-11-29 21:43:13,000 [main] INFO  base.BaseClass - Trying to find Element By {by.toString()})
2023-11-29 21:43:13,010 [main] INFO  base.BaseClass - Found Element By {by.toString()}
2023-11-29 21:43:13,018 [main] INFO  base.BaseClass - Trying to find Element By {by.toString()})
2023-11-29 21:43:13,028 [main] INFO  base.BaseClass - Found Element By {by.toString()}
2023-11-29 21:43:13,035 [main] INFO  base.BaseClass - Trying to find Element By {by.toString()})
2023-11-29 21:43:13,043 [main] INFO  base.BaseClass - Found Element By {by.toString()}
2023-11-29 21:43:13,562 [main] INFO  base.BaseClass - Trying to find Element By {by.toString()})
2023-11-29 21:43:13,584 [main] INFO  base.BaseClass - Found Element By {by.toString()}
2023-11-29 21:43:14,106 [main] INFO  base.BaseClass - Trying to find Element By {by.toString()})
2023-11-29 21:43:14,134 [main] INFO  base.BaseClass - Found Element By {by.toString()}
2023-11-29 21:43:14,683 [main] INFO  base.BaseClass - Trying to find Element By {by.toString()})
2023-11-29 21:43:14,709 [main] INFO  base.BaseClass - Found Element By {by.toString()}
2023-11-29 21:43:15,246 [main] INFO  base.BaseClass - Trying to find Element By {by.toString()})
2023-11-29 21:43:15,275 [main] INFO  base.BaseClass - Found Element By {by.toString()}
2023-11-29 21:43:15,809 [main] INFO  base.BaseClass - Trying to find Element By {by.toString()})
2023-11-29 21:43:15,834 [main] INFO  base.BaseClass - Found Element By {by.toString()}
2023-11-29 21:43:16,371 [main] INFO  base.BaseClass - Trying to find Element By {by.toString()})
2023-11-29 21:43:16,397 [main] INFO  base.BaseClass - Found Element By {by.toString()}
2023-11-29 21:43:16,933 [main] INFO  base.BaseClass - Trying to find Element By {by.toString()})
2023-11-29 21:43:16,958 [main] INFO  base.BaseClass - Found Element By {by.toString()}
2023-11-29 21:43:17,508 [main] INFO  base.BaseClass - Trying to find Element By {by.toString()})
2023-11-29 21:43:17,533 [main] INFO  base.BaseClass - Found Element By {by.toString()}
2023-11-29 21:43:18,072 [main] INFO  base.BaseClass - Trying to find Element By {by.toString()})
2023-11-29 21:43:18,099 [main] INFO  base.BaseClass - Found Element By {by.toString()}
2023-11-29 21:43:18,637 [main] INFO  base.BaseClass - Trying to find Element By {by.toString()})
2023-11-29 21:43:18,661 [main] INFO  base.BaseClass - Found Element By {by.toString()}
2023-11-29 21:43:19,201 [main] INFO  base.BaseClass - Trying to find Element By {by.toString()})
2023-11-29 21:43:19,224 [main] INFO  base.BaseClass - Found Element By {by.toString()}
2023-11-29 21:43:19,767 [main] INFO  base.BaseClass - Trying to find Element By {by.toString()})
2023-11-29 21:43:19,792 [main] INFO  base.BaseClass - Found Element By {by.toString()}
2023-11-29 21:43:20,330 [main] INFO  base.BaseClass - Trying to find Element By {by.toString()})
2023-11-29 21:43:20,354 [main] INFO  base.BaseClass - Found Element By {by.toString()}
2023-11-29 21:43:20,895 [main] INFO  base.BaseClass - Trying to find Element By {by.toString()})
2023-11-29 21:43:20,920 [main] INFO  base.BaseClass - Found Element By {by.toString()}
2023-11-29 21:43:21,457 [main] INFO  base.BaseClass - Trying to find Element By {by.toString()})
2023-11-29 21:43:21,467 [main] INFO  base.BaseClass - Found Element By {by.toString()}
2023-11-29 21:43:21,985 [main] INFO  base.BaseClass - Trying to find Element By {by.toString()})
2023-11-29 21:43:22,014 [main] INFO  base.BaseClass - Found Element By {by.toString()}
2023-11-29 21:43:22,560 [main] INFO  base.BaseClass - Trying to find Element By {by.toString()})
2023-11-29 21:43:22,582 [main] INFO  base.BaseClass - Found Element By {by.toString()}
2023-11-29 21:43:23,102 [main] INFO  base.BaseClass - Trying to find Element By {by.toString()})
2023-11-29 21:43:23,128 [main] INFO  base.BaseClass - Found Element By {by.toString()}
2023-11-29 21:43:23,666 [main] INFO  base.BaseClass - Trying to find Element By {by.toString()})
2023-11-29 21:43:23,690 [main] INFO  base.BaseClass - Found Element By {by.toString()}
2023-11-29 21:43:24,225 [main] INFO  base.BaseClass - Trying to find Element By {by.toString()})
2023-11-29 21:43:24,251 [main] INFO  base.BaseClass - Found Element By {by.toString()}
2023-11-29 21:43:24,803 [main] INFO  base.BaseClass - Trying to find Element By {by.toString()})
2023-11-29 21:43:24,829 [main] INFO  base.BaseClass - Found Element By {by.toString()}
2023-11-29 21:43:25,366 [main] INFO  base.BaseClass - Trying to find Element By {by.toString()})
2023-11-29 21:43:25,394 [main] INFO  base.BaseClass - Found Element By {by.toString()}
2023-11-29 21:43:25,927 [main] INFO  base.BaseClass - Trying to find Element By {by.toString()})
2023-11-29 21:43:25,943 [main] INFO  base.BaseClass - Found Element By {by.toString()}
2023-11-29 21:43:26,487 [main] INFO  base.BaseClass - Trying to find Element By {by.toString()})
2023-11-29 21:43:26,505 [main] INFO  base.BaseClass - Found Element By {by.toString()}
2023-11-29 21:43:27,049 [main] INFO  base.BaseClass - Trying to find Element By {by.toString()})
2023-11-29 21:43:27,069 [main] INFO  base.BaseClass - Found Element By {by.toString()}
2023-11-29 21:43:27,596 [main] INFO  base.BaseClass - Trying to find Element By {by.toString()})
2023-11-29 21:43:27,613 [main] INFO  base.BaseClass - Found Element By {by.toString()}
2023-11-29 21:43:28,147 [main] INFO  base.BaseClass - Trying to find Element By {by.toString()})
2023-11-29 21:43:28,166 [main] INFO  base.BaseClass - Found Element By {by.toString()}
2023-11-29 21:43:28,695 [main] INFO  base.BaseClass - Trying to find Element By {by.toString()})
2023-11-29 21:43:28,713 [main] INFO  base.BaseClass - Found Element By {by.toString()}
2023-11-29 21:43:29,246 [main] INFO  base.BaseClass - Trying to find Element By {by.toString()})
2023-11-29 21:43:29,266 [main] INFO  base.BaseClass - Found Element By {by.toString()}
2023-11-29 21:43:29,806 [main] INFO  base.BaseClass - Trying to find Element By {by.toString()})
2023-11-29 21:43:29,830 [main] INFO  base.BaseClass - Found Element By {by.toString()}
2023-11-29 21:43:30,369 [main] INFO  base.BaseClass - Trying to find Element By {by.toString()})
2023-11-29 21:43:30,394 [main] INFO  base.BaseClass - Found Element By {by.toString()}
2023-11-29 21:43:30,933 [main] INFO  base.BaseClass - Trying to find Element By {by.toString()})
2023-11-29 21:43:30,960 [main] INFO  base.BaseClass - Found Element By {by.toString()}
2023-11-29 21:43:31,509 [main] INFO  base.BaseClass - Trying to find Element By {by.toString()})
2023-11-29 21:43:31,535 [main] INFO  base.BaseClass - Found Element By {by.toString()}
2023-11-29 21:43:32,072 [main] INFO  base.BaseClass - Trying to find Element By {by.toString()})
2023-11-29 21:43:32,097 [main] INFO  base.BaseClass - Found Element By {by.toString()}
2023-11-29 21:43:32,644 [main] INFO  base.BaseClass - Trying to find Element By {by.toString()})
2023-11-29 21:43:32,667 [main] INFO  base.BaseClass - Found Element By {by.toString()}
2023-11-29 21:43:33,204 [main] INFO  base.BaseClass - Trying to find Element By {by.toString()})
2023-11-29 21:43:33,227 [main] INFO  base.BaseClass - Found Element By {by.toString()}
2023-11-29 21:43:33,778 [main] INFO  base.BaseClass - Trying to find Element By {by.toString()})
2023-11-29 21:43:33,802 [main] INFO  base.BaseClass - Found Element By {by.toString()}
2023-11-29 21:43:34,337 [main] INFO  base.BaseClass - Trying to find Element By {by.toString()})
2023-11-29 21:43:34,361 [main] INFO  base.BaseClass - Found Element By {by.toString()}
2023-11-29 21:43:34,900 [main] INFO  base.BaseClass - Trying to find Element By {by.toString()})
2023-11-29 21:43:34,927 [main] INFO  base.BaseClass - Found Element By {by.toString()}
2023-11-29 21:43:35,467 [main] INFO  base.BaseClass - Trying to find Element By {by.toString()})
2023-11-29 21:43:35,481 [main] INFO  base.BaseClass - Found Element By {by.toString()}
2023-11-29 21:43:36,014 [main] INFO  base.BaseClass - Trying to find Element By {by.toString()})
2023-11-29 21:43:36,031 [main] INFO  base.BaseClass - Found Element By {by.toString()}
2023-11-29 21:43:36,563 [main] INFO  base.BaseClass - Trying to find Element By {by.toString()})
2023-11-29 21:43:36,588 [main] INFO  base.BaseClass - Found Element By {by.toString()}
2023-11-29 21:43:37,144 [main] INFO  base.BaseClass - Trying to find Element By {by.toString()})
2023-11-29 21:43:37,169 [main] INFO  base.BaseClass - Found Element By {by.toString()}
2023-11-29 21:43:37,720 [main] INFO  base.BaseClass - Trying to find Element By {by.toString()})
2023-11-29 21:43:37,745 [main] INFO  base.BaseClass - Found Element By {by.toString()}
2023-11-29 21:43:38,286 [main] INFO  base.BaseClass - Trying to find Element By {by.toString()})
2023-11-29 21:43:38,314 [main] INFO  base.BaseClass - Found Element By {by.toString()}
2023-11-29 21:43:38,865 [main] INFO  base.BaseClass - Trying to find Element By {by.toString()})
2023-11-29 21:43:38,889 [main] INFO  base.BaseClass - Found Element By {by.toString()}
2023-11-29 21:43:39,431 [main] INFO  base.BaseClass - Trying to find Element By {by.toString()})
2023-11-29 21:43:39,456 [main] INFO  base.BaseClass - Found Element By {by.toString()}
2023-11-29 21:43:39,995 [main] INFO  base.BaseClass - Trying to find Element By {by.toString()})
2023-11-29 21:43:40,020 [main] INFO  base.BaseClass - Found Element By {by.toString()}
2023-11-29 21:43:40,560 [main] INFO  base.BaseClass - Trying to find Element By {by.toString()})
2023-11-29 21:43:40,576 [main] INFO  base.BaseClass - Found Element By {by.toString()}
2023-11-29 21:43:41,116 [main] INFO  base.BaseClass - Trying to find Element By {by.toString()})
2023-11-29 21:43:41,141 [main] INFO  base.BaseClass - Found Element By {by.toString()}
2023-11-29 21:43:41,679 [main] INFO  base.BaseClass - Trying to find Element By {by.toString()})
2023-11-29 21:43:41,707 [main] INFO  base.BaseClass - Found Element By {by.toString()}
2023-11-29 21:43:42,254 [main] INFO  base.BaseClass - Trying to find Element By {by.toString()})
2023-11-29 21:43:42,279 [main] INFO  base.BaseClass - Found Element By {by.toString()}
2023-11-29 21:43:42,822 [main] INFO  base.BaseClass - Trying to find Element By {by.toString()})
2023-11-29 21:43:42,847 [main] INFO  base.BaseClass - Found Element By {by.toString()}
2023-11-29 21:43:43,391 [main] INFO  base.BaseClass - Trying to find Element By {by.toString()})
2023-11-29 21:43:43,417 [main] INFO  base.BaseClass - Found Element By {by.toString()}
TimeoutException occurred: Expected condition failed: waiting for helper.WaitUtility$5@10ecd658 (tried for 30 second(s) with 500 milliseconds interval)
Build info: version: '3.141.59', revision: 'e82be7d358', time: '2018-11-14T08:17:03'
System info: host: 'DPLAP166', ip: '137.237.3.153', os.name: 'Windows 10', os.arch: 'amd64', os.version: '10.0', java.version: '19.0.1'
Driver info: org.openqa.selenium.support.events.EventFiringWebDriver
Capabilities {acceptInsecureCerts: true, browserName: chrome, browserVersion: 119.0.6045.200, chrome: {chromedriverVersion: 119.0.6045.105 (38c72552c5e..., userDataDir: C:\Users\dP-PL\AppData\Loca...}, fedcm:accounts: true, goog:chromeOptions: {debuggerAddress: localhost:52174}, javascriptEnabled: true, networkConnectionEnabled: false, pageLoadStrategy: normal, platform: WINDOWS, platformName: WINDOWS, proxy: Proxy(), setWindowRect: true, strictFileInteractability: false, timeouts: {implicit: 0, pageLoad: 300000, script: 30000}, unhandledPromptBehavior: dismiss and notify, webauthn:extension:credBlob: true, webauthn:extension:largeBlob: true, webauthn:extension:minPinLength: true, webauthn:extension:prf: true, webauthn:virtualAuthenticators: true}
Session ID: 9904d8dcdce8f65bcf1cf5b9aa8273f1
2023-11-29 21:43:43,458 [main] ERROR XGLT_15177_Test - Element did not become visible within the specified time: Expected condition failed: waiting for helper.WaitUtility$5@10ecd658 (tried for 30 second(s) with 500 milliseconds interval)
Build info: version: '3.141.59', revision: 'e82be7d358', time: '2018-11-14T08:17:03'
System info: host: 'DPLAP166', ip: '137.237.3.153', os.name: 'Windows 10', os.arch: 'amd64', os.version: '10.0', java.version: '19.0.1'
Driver info: org.openqa.selenium.support.events.EventFiringWebDriver
Capabilities {acceptInsecureCerts: true, browserName: chrome, browserVersion: 119.0.6045.200, chrome: {chromedriverVersion: 119.0.6045.105 (38c72552c5e..., userDataDir: C:\Users\dP-PL\AppData\Loca...}, fedcm:accounts: true, goog:chromeOptions: {debuggerAddress: localhost:52174}, javascriptEnabled: true, networkConnectionEnabled: false, pageLoadStrategy: normal, platform: WINDOWS, platformName: WINDOWS, proxy: Proxy(), setWindowRect: true, strictFileInteractability: false, timeouts: {implicit: 0, pageLoad: 300000, script: 30000}, unhandledPromptBehavior: dismiss and notify, webauthn:extension:credBlob: true, webauthn:extension:largeBlob: true, webauthn:extension:minPinLength: true, webauthn:extension:prf: true, webauthn:virtualAuthenticators: true}
Session ID: 9904d8dcdce8f65bcf1cf5b9aa8273f1
2023-11-29 21:43:43,458 [main] INFO  base.BaseClass - Trying to find Element By {by.toString()})
2023-11-29 21:43:43,484 [main] INFO  base.BaseClass - Found Element By {by.toString()}
2023-11-29 21:43:43,522 [main] INFO  base.BaseClass - Trying to find Element By {by.toString()})
2023-11-29 21:43:43,536 [main] INFO  base.BaseClass - Found Element By {by.toString()}
2023-11-29 21:43:44,064 [main] INFO  base.BaseClass - Trying to find Element By {by.toString()})
2023-11-29 21:43:44,090 [main] INFO  base.BaseClass - Found Element By {by.toString()}
2023-11-29 21:43:44,629 [main] INFO  base.BaseClass - Trying to find Element By {by.toString()})
2023-11-29 21:43:44,655 [main] INFO  base.BaseClass - Found Element By {by.toString()}
2023-11-29 21:43:45,206 [main] INFO  base.BaseClass - Trying to find Element By {by.toString()})
2023-11-29 21:43:45,231 [main] INFO  base.BaseClass - Found Element By {by.toString()}
2023-11-29 21:43:45,771 [main] INFO  base.BaseClass - Trying to find Element By {by.toString()})
2023-11-29 21:43:45,795 [main] INFO  base.BaseClass - Found Element By {by.toString()}
2023-11-29 21:43:46,335 [main] INFO  base.BaseClass - Trying to find Element By {by.toString()})
2023-11-29 21:43:46,360 [main] INFO  base.BaseClass - Found Element By {by.toString()}
2023-11-29 21:43:46,907 [main] INFO  base.BaseClass - Trying to find Element By {by.toString()})
2023-11-29 21:43:46,932 [main] INFO  base.BaseClass - Found Element By {by.toString()}
2023-11-29 21:43:47,474 [main] INFO  base.BaseClass - Trying to find Element By {by.toString()})
2023-11-29 21:43:47,500 [main] INFO  base.BaseClass - Found Element By {by.toString()}
2023-11-29 21:43:48,048 [main] INFO  base.BaseClass - Trying to find Element By {by.toString()})
2023-11-29 21:43:48,075 [main] INFO  base.BaseClass - Found Element By {by.toString()}
2023-11-29 21:43:48,606 [main] INFO  base.BaseClass - Trying to find Element By {by.toString()})
2023-11-29 21:43:48,630 [main] INFO  base.BaseClass - Found Element By {by.toString()}
2023-11-29 21:43:49,181 [main] INFO  base.BaseClass - Trying to find Element By {by.toString()})
2023-11-29 21:43:49,203 [main] INFO  base.BaseClass - Found Element By {by.toString()}
2023-11-29 21:43:49,753 [main] INFO  base.BaseClass - Trying to find Element By {by.toString()})
2023-11-29 21:43:49,779 [main] INFO  base.BaseClass - Found Element By {by.toString()}
2023-11-29 21:43:50,315 [main] INFO  base.BaseClass - Trying to find Element By {by.toString()})
2023-11-29 21:43:50,339 [main] INFO  base.BaseClass - Found Element By {by.toString()}
2023-11-29 21:43:50,879 [main] INFO  base.BaseClass - Trying to find Element By {by.toString()})
2023-11-29 21:43:50,903 [main] INFO  base.BaseClass - Found Element By {by.toString()}
2023-11-29 21:43:51,442 [main] INFO  base.BaseClass - Trying to find Element By {by.toString()})
2023-11-29 21:43:51,468 [main] INFO  base.BaseClass - Found Element By {by.toString()}
2023-11-29 21:43:52,008 [main] INFO  base.BaseClass - Trying to find Element By {by.toString()})
2023-11-29 21:43:52,032 [main] INFO  base.BaseClass - Found Element By {by.toString()}
2023-11-29 21:43:52,572 [main] INFO  base.BaseClass - Trying to find Element By {by.toString()})
2023-11-29 21:43:52,597 [main] INFO  base.BaseClass - Found Element By {by.toString()}
2023-11-29 21:43:53,139 [main] INFO  base.BaseClass - Trying to find Element By {by.toString()})
2023-11-29 21:43:53,163 [main] INFO  base.BaseClass - Found Element By {by.toString()}
2023-11-29 21:43:53,701 [main] INFO  base.BaseClass - Trying to find Element By {by.toString()})
2023-11-29 21:43:53,727 [main] INFO  base.BaseClass - Found Element By {by.toString()}
2023-11-29 21:43:54,276 [main] INFO  base.BaseClass - Trying to find Element By {by.toString()})
2023-11-29 21:43:54,300 [main] INFO  base.BaseClass - Found Element By {by.toString()}
2023-11-29 21:43:54,839 [main] INFO  base.BaseClass - Trying to find Element By {by.toString()})
2023-11-29 21:43:54,863 [main] INFO  base.BaseClass - Found Element By {by.toString()}
2023-11-29 21:43:55,402 [main] INFO  base.BaseClass - Trying to find Element By {by.toString()})
2023-11-29 21:43:55,428 [main] INFO  base.BaseClass - Found Element By {by.toString()}
2023-11-29 21:43:55,995 [main] INFO  base.BaseClass - Trying to find Element By {by.toString()})
2023-11-29 21:43:56,021 [main] INFO  base.BaseClass - Found Element By {by.toString()}
2023-11-29 21:43:56,572 [main] INFO  base.BaseClass - Trying to find Element By {by.toString()})
2023-11-29 21:43:56,592 [main] INFO  base.BaseClass - Found Element By {by.toString()}
2023-11-29 21:43:57,132 [main] INFO  base.BaseClass - Trying to find Element By {by.toString()})
2023-11-29 21:43:57,158 [main] INFO  base.BaseClass - Found Element By {by.toString()}
2023-11-29 21:43:57,708 [main] INFO  base.BaseClass - Trying to find Element By {by.toString()})
2023-11-29 21:43:57,732 [main] INFO  base.BaseClass - Found Element By {by.toString()}
2023-11-29 21:43:58,279 [main] INFO  base.BaseClass - Trying to find Element By {by.toString()})
2023-11-29 21:43:58,302 [main] INFO  base.BaseClass - Found Element By {by.toString()}
2023-11-29 21:43:58,844 [main] INFO  base.BaseClass - Trying to find Element By {by.toString()})
2023-11-29 21:43:58,867 [main] INFO  base.BaseClass - Found Element By {by.toString()}
2023-11-29 21:43:59,408 [main] INFO  base.BaseClass - Trying to find Element By {by.toString()})
2023-11-29 21:43:59,434 [main] INFO  base.BaseClass - Found Element By {by.toString()}
2023-11-29 21:43:59,971 [main] INFO  base.BaseClass - Trying to find Element By {by.toString()})
2023-11-29 21:43:59,995 [main] INFO  base.BaseClass - Found Element By {by.toString()}
2023-11-29 21:44:00,534 [main] INFO  base.BaseClass - Trying to find Element By {by.toString()})
2023-11-29 21:44:00,558 [main] INFO  base.BaseClass - Found Element By {by.toString()}
2023-11-29 21:44:01,097 [main] INFO  base.BaseClass - Trying to find Element By {by.toString()})
2023-11-29 21:44:01,120 [main] INFO  base.BaseClass - Found Element By {by.toString()}
2023-11-29 21:44:01,660 [main] INFO  base.BaseClass - Trying to find Element By {by.toString()})
2023-11-29 21:44:01,684 [main] INFO  base.BaseClass - Found Element By {by.toString()}
2023-11-29 21:44:02,237 [main] INFO  base.BaseClass - Trying to find Element By {by.toString()})
2023-11-29 21:44:02,261 [main] INFO  base.BaseClass - Found Element By {by.toString()}
2023-11-29 21:44:02,798 [main] INFO  base.BaseClass - Trying to find Element By {by.toString()})
2023-11-29 21:44:02,825 [main] INFO  base.BaseClass - Found Element By {by.toString()}
2023-11-29 21:44:03,375 [main] INFO  base.BaseClass - Trying to find Element By {by.toString()})
2023-11-29 21:44:03,399 [main] INFO  base.BaseClass - Found Element By {by.toString()}
2023-11-29 21:44:03,939 [main] INFO  base.BaseClass - Trying to find Element By {by.toString()})
2023-11-29 21:44:03,956 [main] INFO  base.BaseClass - Found Element By {by.toString()}
2023-11-29 21:44:04,487 [main] INFO  base.BaseClass - Trying to find Element By {by.toString()})
2023-11-29 21:44:04,512 [main] INFO  base.BaseClass - Found Element By {by.toString()}
2023-11-29 21:44:05,049 [main] INFO  base.BaseClass - Trying to find Element By {by.toString()})
2023-11-29 21:44:05,077 [main] INFO  base.BaseClass - Found Element By {by.toString()}
2023-11-29 21:44:05,625 [main] INFO  base.BaseClass - Trying to find Element By {by.toString()})
2023-11-29 21:44:05,653 [main] INFO  base.BaseClass - Found Element By {by.toString()}
2023-11-29 21:44:06,204 [main] INFO  base.BaseClass - Trying to find Element By {by.toString()})
2023-11-29 21:44:06,230 [main] INFO  base.BaseClass - Found Element By {by.toString()}
2023-11-29 21:44:06,780 [main] INFO  base.BaseClass - Trying to find Element By {by.toString()})
2023-11-29 21:44:06,806 [main] INFO  base.BaseClass - Found Element By {by.toString()}
2023-11-29 21:44:07,344 [main] INFO  base.BaseClass - Trying to find Element By {by.toString()})
2023-11-29 21:44:07,368 [main] INFO  base.BaseClass - Found Element By {by.toString()}
2023-11-29 21:44:07,907 [main] INFO  base.BaseClass - Trying to find Element By {by.toString()})
2023-11-29 21:44:07,915 [main] INFO  base.BaseClass - Found Element By {by.toString()}
2023-11-29 21:44:08,436 [main] INFO  base.BaseClass - Trying to find Element By {by.toString()})
2023-11-29 21:44:08,459 [main] INFO  base.BaseClass - Found Element By {by.toString()}
2023-11-29 21:44:08,998 [main] INFO  base.BaseClass - Trying to find Element By {by.toString()})
2023-11-29 21:44:09,025 [main] INFO  base.BaseClass - Found Element By {by.toString()}
2023-11-29 21:44:09,573 [main] INFO  base.BaseClass - Trying to find Element By {by.toString()})
2023-11-29 21:44:09,590 [main] INFO  base.BaseClass - Found Element By {by.toString()}
2023-11-29 21:44:10,118 [main] INFO  base.BaseClass - Trying to find Element By {by.toString()})
2023-11-29 21:44:10,144 [main] INFO  base.BaseClass - Found Element By {by.toString()}
2023-11-29 21:44:10,683 [main] INFO  base.BaseClass - Trying to find Element By {by.toString()})
2023-11-29 21:44:10,709 [main] INFO  base.BaseClass - Found Element By {by.toString()}
2023-11-29 21:44:11,249 [main] INFO  base.BaseClass - Trying to find Element By {by.toString()})
2023-11-29 21:44:11,273 [main] INFO  base.BaseClass - Found Element By {by.toString()}
2023-11-29 21:44:11,825 [main] INFO  base.BaseClass - Trying to find Element By {by.toString()})
2023-11-29 21:44:11,849 [main] INFO  base.BaseClass - Found Element By {by.toString()}
2023-11-29 21:44:12,388 [main] INFO  base.BaseClass - Trying to find Element By {by.toString()})
2023-11-29 21:44:12,412 [main] INFO  base.BaseClass - Found Element By {by.toString()}
2023-11-29 21:44:12,956 [main] INFO  base.BaseClass - Trying to find Element By {by.toString()})
2023-11-29 21:44:12,980 [main] INFO  base.BaseClass - Found Element By {by.toString()}
2023-11-29 21:44:13,520 [main] INFO  base.BaseClass - Trying to find Element By {by.toString()})
2023-11-29 21:44:13,544 [main] INFO  base.BaseClass - Found Element By {by.toString()}
TimeoutException occurred: Expected condition failed: waiting for helper.WaitUtility$5@58e6940 (tried for 30 second(s) with 500 milliseconds interval)
Build info: version: '3.141.59', revision: 'e82be7d358', time: '2018-11-14T08:17:03'
System info: host: 'DPLAP166', ip: '137.237.3.153', os.name: 'Windows 10', os.arch: 'amd64', os.version: '10.0', java.version: '19.0.1'
Driver info: org.openqa.selenium.support.events.EventFiringWebDriver
Capabilities {acceptInsecureCerts: true, browserName: chrome, browserVersion: 119.0.6045.200, chrome: {chromedriverVersion: 119.0.6045.105 (38c72552c5e..., userDataDir: C:\Users\dP-PL\AppData\Loca...}, fedcm:accounts: true, goog:chromeOptions: {debuggerAddress: localhost:52174}, javascriptEnabled: true, networkConnectionEnabled: false, pageLoadStrategy: normal, platform: WINDOWS, platformName: WINDOWS, proxy: Proxy(), setWindowRect: true, strictFileInteractability: false, timeouts: {implicit: 0, pageLoad: 300000, script: 30000}, unhandledPromptBehavior: dismiss and notify, webauthn:extension:credBlob: true, webauthn:extension:largeBlob: true, webauthn:extension:minPinLength: true, webauthn:extension:prf: true, webauthn:virtualAuthenticators: true}
Session ID: 9904d8dcdce8f65bcf1cf5b9aa8273f1
2023-11-29 21:44:13,577 [main] ERROR XGLT_15177_Test - Element did not become visible within the specified time: Expected condition failed: waiting for helper.WaitUtility$5@58e6940 (tried for 30 second(s) with 500 milliseconds interval)
Build info: version: '3.141.59', revision: 'e82be7d358', time: '2018-11-14T08:17:03'
System info: host: 'DPLAP166', ip: '137.237.3.153', os.name: 'Windows 10', os.arch: 'amd64', os.version: '10.0', java.version: '19.0.1'
Driver info: org.openqa.selenium.support.events.EventFiringWebDriver
Capabilities {acceptInsecureCerts: true, browserName: chrome, browserVersion: 119.0.6045.200, chrome: {chromedriverVersion: 119.0.6045.105 (38c72552c5e..., userDataDir: C:\Users\dP-PL\AppData\Loca...}, fedcm:accounts: true, goog:chromeOptions: {debuggerAddress: localhost:52174}, javascriptEnabled: true, networkConnectionEnabled: false, pageLoadStrategy: normal, platform: WINDOWS, platformName: WINDOWS, proxy: Proxy(), setWindowRect: true, strictFileInteractability: false, timeouts: {implicit: 0, pageLoad: 300000, script: 30000}, unhandledPromptBehavior: dismiss and notify, webauthn:extension:credBlob: true, webauthn:extension:largeBlob: true, webauthn:extension:minPinLength: true, webauthn:extension:prf: true, webauthn:virtualAuthenticators: true}
Session ID: 9904d8dcdce8f65bcf1cf5b9aa8273f1
2023-11-29 21:44:13,577 [main] INFO  base.BaseClass - Trying to find Element By {by.toString()})
2023-11-29 21:44:13,597 [main] INFO  base.BaseClass - Found Element By {by.toString()}
2023-11-29 21:44:13,597 [main] INFO  base.BaseClass - Trying to click on: {element.toString()}
2023-11-29 21:44:13,718 [main] INFO  base.BaseClass - Clicked on: {element.toString()}
2023-11-29 21:44:14,827 [main] INFO  base.BaseClass - Trying to find Element By {by.toString()})
2023-11-29 21:44:15,320 [main] INFO  base.BaseClass - Found Element By {by.toString()}
2023-11-29 21:44:15,839 [main] INFO  base.BaseClass - Trying to find Element By {by.toString()})
2023-11-29 21:44:15,851 [main] INFO  base.BaseClass - Found Element By {by.toString()}
2023-11-29 21:44:16,381 [main] INFO  base.BaseClass - Trying to find Element By {by.toString()})
2023-11-29 21:44:16,457 [main] INFO  base.BaseClass - Found Element By {by.toString()}
2023-11-29 21:44:17,080 [main] INFO  base.BaseClass - Trying to find Element By {by.toString()})
2023-11-29 21:44:17,094 [main] INFO  base.BaseClass - Found Element By {by.toString()}
2023-11-29 21:44:17,623 [main] INFO  base.BaseClass - Trying to find Element By {by.toString()})
2023-11-29 21:44:17,641 [main] INFO  base.BaseClass - Found Element By {by.toString()}
2023-11-29 21:44:18,169 [main] INFO  base.BaseClass - Trying to find Element By {by.toString()})
2023-11-29 21:44:18,191 [main] INFO  base.BaseClass - Found Element By {by.toString()}
2023-11-29 21:44:18,729 [main] INFO  base.BaseClass - Trying to find Element By {by.toString()})
2023-11-29 21:44:18,778 [main] INFO  base.BaseClass - Found Element By {by.toString()}
2023-11-29 21:44:19,321 [main] INFO  base.BaseClass - Trying to find Element By {by.toString()})
2023-11-29 21:44:19,335 [main] INFO  base.BaseClass - Found Element By {by.toString()}
2023-11-29 21:44:19,877 [main] INFO  base.BaseClass - Trying to find Element By {by.toString()})
2023-11-29 21:44:19,917 [main] INFO  base.BaseClass - Found Element By {by.toString()}
2023-11-29 21:44:20,467 [main] INFO  base.BaseClass - Trying to find Element By {by.toString()})
2023-11-29 21:44:20,503 [main] INFO  base.BaseClass - Found Element By {by.toString()}
2023-11-29 21:44:21,059 [main] INFO  base.BaseClass - Trying to find Element By {by.toString()})
2023-11-29 21:44:21,112 [main] INFO  base.BaseClass - Found Element By {by.toString()}
2023-11-29 21:44:21,680 [main] INFO  base.BaseClass - Trying to find Element By {by.toString()})
2023-11-29 21:44:21,732 [main] INFO  base.BaseClass - Found Element By {by.toString()}
2023-11-29 21:44:22,317 [main] INFO  base.BaseClass - Trying to find Element By {by.toString()})
2023-11-29 21:44:22,345 [main] INFO  base.BaseClass - Found Element By {by.toString()}
2023-11-29 21:44:22,898 [main] INFO  base.BaseClass - Trying to find Element By {by.toString()})
2023-11-29 21:44:22,926 [main] INFO  base.BaseClass - Found Element By {by.toString()}
2023-11-29 21:44:23,473 [main] INFO  base.BaseClass - Trying to find Element By {by.toString()})
2023-11-29 21:44:23,506 [main] INFO  base.BaseClass - Found Element By {by.toString()}
2023-11-29 21:44:24,051 [main] INFO  base.BaseClass - Trying to find Element By {by.toString()})
2023-11-29 21:44:24,080 [main] INFO  base.BaseClass - Found Element By {by.toString()}
2023-11-29 21:44:24,629 [main] INFO  base.BaseClass - Trying to find Element By {by.toString()})
2023-11-29 21:44:24,659 [main] INFO  base.BaseClass - Found Element By {by.toString()}
2023-11-29 21:44:25,207 [main] INFO  base.BaseClass - Trying to find Element By {by.toString()})
2023-11-29 21:44:25,217 [main] INFO  base.BaseClass - Found Element By {by.toString()}
2023-11-29 21:44:25,738 [main] INFO  base.BaseClass - Trying to find Element By {by.toString()})
2023-11-29 21:44:25,768 [main] INFO  base.BaseClass - Found Element By {by.toString()}
2023-11-29 21:44:26,313 [main] INFO  base.BaseClass - Trying to find Element By {by.toString()})
2023-11-29 21:44:26,342 [main] INFO  base.BaseClass - Found Element By {by.toString()}
2023-11-29 21:44:26,874 [main] INFO  base.BaseClass - Trying to find Element By {by.toString()})
2023-11-29 21:44:26,901 [main] INFO  base.BaseClass - Found Element By {by.toString()}
2023-11-29 21:44:27,439 [main] INFO  base.BaseClass - Trying to find Element By {by.toString()})
2023-11-29 21:44:27,468 [main] INFO  base.BaseClass - Found Element By {by.toString()}
2023-11-29 21:44:28,018 [main] INFO  base.BaseClass - Trying to find Element By {by.toString()})
2023-11-29 21:44:28,027 [main] INFO  base.BaseClass - Found Element By {by.toString()}
2023-11-29 21:44:28,549 [main] INFO  base.BaseClass - Trying to find Element By {by.toString()})
2023-11-29 21:44:28,577 [main] INFO  base.BaseClass - Found Element By {by.toString()}
2023-11-29 21:44:29,123 [main] INFO  base.BaseClass - Trying to find Element By {by.toString()})
2023-11-29 21:44:29,151 [main] INFO  base.BaseClass - Found Element By {by.toString()}
2023-11-29 21:44:29,702 [main] INFO  base.BaseClass - Trying to find Element By {by.toString()})
2023-11-29 21:44:29,718 [main] INFO  base.BaseClass - Found Element By {by.toString()}
2023-11-29 21:44:30,245 [main] INFO  base.BaseClass - Trying to find Element By {by.toString()})
2023-11-29 21:44:30,268 [main] INFO  base.BaseClass - Found Element By {by.toString()}
2023-11-29 21:44:30,805 [main] INFO  base.BaseClass - Trying to find Element By {by.toString()})
2023-11-29 21:44:30,814 [main] INFO  base.BaseClass - Found Element By {by.toString()}
2023-11-29 21:44:31,336 [main] INFO  base.BaseClass - Trying to find Element By {by.toString()})
2023-11-29 21:44:31,345 [main] INFO  base.BaseClass - Found Element By {by.toString()}
2023-11-29 21:44:31,867 [main] INFO  base.BaseClass - Trying to find Element By {by.toString()})
2023-11-29 21:44:31,905 [main] INFO  base.BaseClass - Found Element By {by.toString()}
2023-11-29 21:44:32,444 [main] INFO  base.BaseClass - Trying to find Element By {by.toString()})
2023-11-29 21:44:32,471 [main] INFO  base.BaseClass - Found Element By {by.toString()}
2023-11-29 21:44:33,017 [main] INFO  base.BaseClass - Trying to find Element By {by.toString()})
2023-11-29 21:44:33,046 [main] INFO  base.BaseClass - Found Element By {by.toString()}
2023-11-29 21:44:33,591 [main] INFO  base.BaseClass - Trying to find Element By {by.toString()})
2023-11-29 21:44:33,601 [main] INFO  base.BaseClass - Found Element By {by.toString()}
2023-11-29 21:44:34,121 [main] INFO  base.BaseClass - Trying to find Element By {by.toString()})
2023-11-29 21:44:34,161 [main] INFO  base.BaseClass - Found Element By {by.toString()}
2023-11-29 21:44:34,712 [main] INFO  base.BaseClass - Trying to find Element By {by.toString()})
2023-11-29 21:44:34,742 [main] INFO  base.BaseClass - Found Element By {by.toString()}
2023-11-29 21:44:35,288 [main] INFO  base.BaseClass - Trying to find Element By {by.toString()})
2023-11-29 21:44:35,316 [main] INFO  base.BaseClass - Found Element By {by.toString()}
2023-11-29 21:44:35,865 [main] INFO  base.BaseClass - Trying to find Element By {by.toString()})
2023-11-29 21:44:35,891 [main] INFO  base.BaseClass - Found Element By {by.toString()}
2023-11-29 21:44:36,431 [main] INFO  base.BaseClass - Trying to find Element By {by.toString()})
2023-11-29 21:44:36,456 [main] INFO  base.BaseClass - Found Element By {by.toString()}
2023-11-29 21:44:36,995 [main] INFO  base.BaseClass - Trying to find Element By {by.toString()})
2023-11-29 21:44:37,020 [main] INFO  base.BaseClass - Found Element By {by.toString()}
2023-11-29 21:44:37,561 [main] INFO  base.BaseClass - Trying to find Element By {by.toString()})
2023-11-29 21:44:37,587 [main] INFO  base.BaseClass - Found Element By {by.toString()}
2023-11-29 21:44:38,137 [main] INFO  base.BaseClass - Trying to find Element By {by.toString()})
2023-11-29 21:44:38,162 [main] INFO  base.BaseClass - Found Element By {by.toString()}
2023-11-29 21:44:38,704 [main] INFO  base.BaseClass - Trying to find Element By {by.toString()})
2023-11-29 21:44:38,730 [main] INFO  base.BaseClass - Found Element By {by.toString()}
2023-11-29 21:44:39,252 [main] INFO  base.BaseClass - Trying to find Element By {by.toString()})
2023-11-29 21:44:39,277 [main] INFO  base.BaseClass - Found Element By {by.toString()}
2023-11-29 21:44:39,814 [main] INFO  base.BaseClass - Trying to find Element By {by.toString()})
2023-11-29 21:44:39,842 [main] INFO  base.BaseClass - Found Element By {by.toString()}
2023-11-29 21:44:40,390 [main] INFO  base.BaseClass - Trying to find Element By {by.toString()})
2023-11-29 21:44:40,417 [main] INFO  base.BaseClass - Found Element By {by.toString()}
2023-11-29 21:44:40,955 [main] INFO  base.BaseClass - Trying to find Element By {by.toString()})
2023-11-29 21:44:40,981 [main] INFO  base.BaseClass - Found Element By {by.toString()}
2023-11-29 21:44:41,530 [main] INFO  base.BaseClass - Trying to find Element By {by.toString()})
2023-11-29 21:44:41,556 [main] INFO  base.BaseClass - Found Element By {by.toString()}
2023-11-29 21:44:42,107 [main] INFO  base.BaseClass - Trying to find Element By {by.toString()})
2023-11-29 21:44:42,132 [main] INFO  base.BaseClass - Found Element By {by.toString()}
2023-11-29 21:44:42,668 [main] INFO  base.BaseClass - Trying to find Element By {by.toString()})
2023-11-29 21:44:42,693 [main] INFO  base.BaseClass - Found Element By {by.toString()}
2023-11-29 21:44:43,233 [main] INFO  base.BaseClass - Trying to find Element By {by.toString()})
2023-11-29 21:44:43,267 [main] INFO  base.BaseClass - Found Element By {by.toString()}
2023-11-29 21:44:43,809 [main] INFO  base.BaseClass - Trying to find Element By {by.toString()})
2023-11-29 21:44:43,834 [main] INFO  base.BaseClass - Found Element By {by.toString()}
2023-11-29 21:44:44,376 [main] INFO  base.BaseClass - Trying to find Element By {by.toString()})
2023-11-29 21:44:44,402 [main] INFO  base.BaseClass - Found Element By {by.toString()}
2023-11-29 21:44:44,952 [main] INFO  base.BaseClass - Trying to find Element By {by.toString()})
2023-11-29 21:44:44,978 [main] INFO  base.BaseClass - Found Element By {by.toString()}
TimeoutException occurred: Expected condition failed: waiting for helper.WaitUtility$5@bceee99 (tried for 30 second(s) with 500 milliseconds interval)
Build info: version: '3.141.59', revision: 'e82be7d358', time: '2018-11-14T08:17:03'
System info: host: 'DPLAP166', ip: '137.237.3.153', os.name: 'Windows 10', os.arch: 'amd64', os.version: '10.0', java.version: '19.0.1'
Driver info: org.openqa.selenium.support.events.EventFiringWebDriver
Capabilities {acceptInsecureCerts: true, browserName: chrome, browserVersion: 119.0.6045.200, chrome: {chromedriverVersion: 119.0.6045.105 (38c72552c5e..., userDataDir: C:\Users\dP-PL\AppData\Loca...}, fedcm:accounts: true, goog:chromeOptions: {debuggerAddress: localhost:52174}, javascriptEnabled: true, networkConnectionEnabled: false, pageLoadStrategy: normal, platform: WINDOWS, platformName: WINDOWS, proxy: Proxy(), setWindowRect: true, strictFileInteractability: false, timeouts: {implicit: 0, pageLoad: 300000, script: 30000}, unhandledPromptBehavior: dismiss and notify, webauthn:extension:credBlob: true, webauthn:extension:largeBlob: true, webauthn:extension:minPinLength: true, webauthn:extension:prf: true, webauthn:virtualAuthenticators: true}
Session ID: 9904d8dcdce8f65bcf1cf5b9aa8273f1
2023-11-29 21:44:45,017 [main] ERROR XGLT_15177_Test - Element did not become visible within the specified time: Expected condition failed: waiting for helper.WaitUtility$5@bceee99 (tried for 30 second(s) with 500 milliseconds interval)
Build info: version: '3.141.59', revision: 'e82be7d358', time: '2018-11-14T08:17:03'
System info: host: 'DPLAP166', ip: '137.237.3.153', os.name: 'Windows 10', os.arch: 'amd64', os.version: '10.0', java.version: '19.0.1'
Driver info: org.openqa.selenium.support.events.EventFiringWebDriver
Capabilities {acceptInsecureCerts: true, browserName: chrome, browserVersion: 119.0.6045.200, chrome: {chromedriverVersion: 119.0.6045.105 (38c72552c5e..., userDataDir: C:\Users\dP-PL\AppData\Loca...}, fedcm:accounts: true, goog:chromeOptions: {debuggerAddress: localhost:52174}, javascriptEnabled: true, networkConnectionEnabled: false, pageLoadStrategy: normal, platform: WINDOWS, platformName: WINDOWS, proxy: Proxy(), setWindowRect: true, strictFileInteractability: false, timeouts: {implicit: 0, pageLoad: 300000, script: 30000}, unhandledPromptBehavior: dismiss and notify, webauthn:extension:credBlob: true, webauthn:extension:largeBlob: true, webauthn:extension:minPinLength: true, webauthn:extension:prf: true, webauthn:virtualAuthenticators: true}
Session ID: 9904d8dcdce8f65bcf1cf5b9aa8273f1
2023-11-29 21:44:45,017 [main] INFO  base.BaseClass - Trying to find Element By {by.toString()})
2023-11-29 21:44:45,041 [main] INFO  base.BaseClass - Found Element By {by.toString()}
2023-11-29 21:44:45,121 [main] INFO  base.BaseClass - Trying to find Element By {by.toString()})
2023-11-29 21:44:45,131 [main] INFO  base.BaseClass - Found Element By {by.toString()}
2023-11-29 21:44:45,144 [main] INFO  base.BaseClass - Trying to find Element By {by.toString()})
2023-11-29 21:44:45,160 [main] INFO  base.BaseClass - Found Element By {by.toString()}
2023-11-29 21:44:45,171 [main] INFO  base.BaseClass - Trying to find Element By {by.toString()})
2023-11-29 21:44:45,189 [main] INFO  base.BaseClass - Found Element By {by.toString()}
2023-11-29 21:44:45,720 [main] INFO  base.BaseClass - Trying to find Element By {by.toString()})
2023-11-29 21:44:45,746 [main] INFO  base.BaseClass - Found Element By {by.toString()}
2023-11-29 21:44:46,296 [main] INFO  base.BaseClass - Trying to find Element By {by.toString()})
2023-11-29 21:44:46,549 [main] INFO  base.BaseClass - Found Element By {by.toString()}
2023-11-29 21:44:47,094 [main] INFO  base.BaseClass - Trying to find Element By {by.toString()})
2023-11-29 21:44:47,124 [main] INFO  base.BaseClass - Found Element By {by.toString()}
2023-11-29 21:44:47,672 [main] INFO  base.BaseClass - Trying to find Element By {by.toString()})
2023-11-29 21:44:47,698 [main] INFO  base.BaseClass - Found Element By {by.toString()}
2023-11-29 21:44:48,239 [main] INFO  base.BaseClass - Trying to find Element By {by.toString()})
2023-11-29 21:44:48,266 [main] INFO  base.BaseClass - Found Element By {by.toString()}
2023-11-29 21:44:48,818 [main] INFO  base.BaseClass - Trying to find Element By {by.toString()})
2023-11-29 21:44:48,849 [main] INFO  base.BaseClass - Found Element By {by.toString()}
2023-11-29 21:44:49,394 [main] INFO  base.BaseClass - Trying to find Element By {by.toString()})
2023-11-29 21:44:49,422 [main] INFO  base.BaseClass - Found Element By {by.toString()}
2023-11-29 21:44:49,974 [main] INFO  base.BaseClass - Trying to find Element By {by.toString()})
2023-11-29 21:44:50,001 [main] INFO  base.BaseClass - Found Element By {by.toString()}
2023-11-29 21:44:50,553 [main] INFO  base.BaseClass - Trying to find Element By {by.toString()})
2023-11-29 21:44:50,581 [main] INFO  base.BaseClass - Found Element By {by.toString()}
2023-11-29 21:44:51,133 [main] INFO  base.BaseClass - Trying to find Element By {by.toString()})
2023-11-29 21:44:51,159 [main] INFO  base.BaseClass - Found Element By {by.toString()}
2023-11-29 21:44:51,696 [main] INFO  base.BaseClass - Trying to find Element By {by.toString()})
2023-11-29 21:44:51,723 [main] INFO  base.BaseClass - Found Element By {by.toString()}
2023-11-29 21:44:52,271 [main] INFO  base.BaseClass - Trying to find Element By {by.toString()})
2023-11-29 21:44:52,293 [main] INFO  base.BaseClass - Found Element By {by.toString()}
2023-11-29 21:44:52,836 [main] INFO  base.BaseClass - Trying to find Element By {by.toString()})
2023-11-29 21:44:52,860 [main] INFO  base.BaseClass - Found Element By {by.toString()}
2023-11-29 21:44:53,397 [main] INFO  base.BaseClass - Trying to find Element By {by.toString()})
2023-11-29 21:44:53,423 [main] INFO  base.BaseClass - Found Element By {by.toString()}
2023-11-29 21:44:53,960 [main] INFO  base.BaseClass - Trying to find Element By {by.toString()})
2023-11-29 21:44:53,986 [main] INFO  base.BaseClass - Found Element By {by.toString()}
2023-11-29 21:44:54,536 [main] INFO  base.BaseClass - Trying to find Element By {by.toString()})
2023-11-29 21:44:54,562 [main] INFO  base.BaseClass - Found Element By {by.toString()}
2023-11-29 21:44:55,097 [main] INFO  base.BaseClass - Trying to find Element By {by.toString()})
2023-11-29 21:44:55,114 [main] INFO  base.BaseClass - Found Element By {by.toString()}
2023-11-29 21:44:55,640 [main] INFO  base.BaseClass - Trying to find Element By {by.toString()})
2023-11-29 21:44:55,660 [main] INFO  base.BaseClass - Found Element By {by.toString()}
2023-11-29 21:44:56,187 [main] INFO  base.BaseClass - Trying to find Element By {by.toString()})
2023-11-29 21:44:56,214 [main] INFO  base.BaseClass - Found Element By {by.toString()}
2023-11-29 21:44:56,750 [main] INFO  base.BaseClass - Trying to find Element By {by.toString()})
2023-11-29 21:44:56,774 [main] INFO  base.BaseClass - Found Element By {by.toString()}
2023-11-29 21:44:57,312 [main] INFO  base.BaseClass - Trying to find Element By {by.toString()})
2023-11-29 21:44:57,337 [main] INFO  base.BaseClass - Found Element By {by.toString()}
2023-11-29 21:44:57,876 [main] INFO  base.BaseClass - Trying to find Element By {by.toString()})
2023-11-29 21:44:57,900 [main] INFO  base.BaseClass - Found Element By {by.toString()}
2023-11-29 21:44:58,440 [main] INFO  base.BaseClass - Trying to find Element By {by.toString()})
2023-11-29 21:44:58,468 [main] INFO  base.BaseClass - Found Element By {by.toString()}
2023-11-29 21:44:59,003 [main] INFO  base.BaseClass - Trying to find Element By {by.toString()})
2023-11-29 21:44:59,029 [main] INFO  base.BaseClass - Found Element By {by.toString()}
2023-11-29 21:44:59,582 [main] INFO  base.BaseClass - Trying to find Element By {by.toString()})
2023-11-29 21:44:59,610 [main] INFO  base.BaseClass - Found Element By {by.toString()}
2023-11-29 21:45:00,158 [main] INFO  base.BaseClass - Trying to find Element By {by.toString()})
2023-11-29 21:45:00,175 [main] INFO  base.BaseClass - Found Element By {by.toString()}
2023-11-29 21:45:00,702 [main] INFO  base.BaseClass - Trying to find Element By {by.toString()})
2023-11-29 21:45:00,727 [main] INFO  base.BaseClass - Found Element By {by.toString()}
2023-11-29 21:45:01,264 [main] INFO  base.BaseClass - Trying to find Element By {by.toString()})
2023-11-29 21:45:01,290 [main] INFO  base.BaseClass - Found Element By {by.toString()}
2023-11-29 21:45:01,840 [main] INFO  base.BaseClass - Trying to find Element By {by.toString()})
2023-11-29 21:45:01,868 [main] INFO  base.BaseClass - Found Element By {by.toString()}
2023-11-29 21:45:02,418 [main] INFO  base.BaseClass - Trying to find Element By {by.toString()})
2023-11-29 21:45:02,445 [main] INFO  base.BaseClass - Found Element By {by.toString()}
2023-11-29 21:45:02,996 [main] INFO  base.BaseClass - Trying to find Element By {by.toString()})
2023-11-29 21:45:03,024 [main] INFO  base.BaseClass - Found Element By {by.toString()}
2023-11-29 21:45:03,571 [main] INFO  base.BaseClass - Trying to find Element By {by.toString()})
2023-11-29 21:45:03,591 [main] INFO  base.BaseClass - Found Element By {by.toString()}
2023-11-29 21:45:04,133 [main] INFO  base.BaseClass - Trying to find Element By {by.toString()})
2023-11-29 21:45:04,158 [main] INFO  base.BaseClass - Found Element By {by.toString()}
2023-11-29 21:45:04,699 [main] INFO  base.BaseClass - Trying to find Element By {by.toString()})
2023-11-29 21:45:04,723 [main] INFO  base.BaseClass - Found Element By {by.toString()}
2023-11-29 21:45:05,261 [main] INFO  base.BaseClass - Trying to find Element By {by.toString()})
2023-11-29 21:45:05,286 [main] INFO  base.BaseClass - Found Element By {by.toString()}
2023-11-29 21:45:05,823 [main] INFO  base.BaseClass - Trying to find Element By {by.toString()})
2023-11-29 21:45:05,847 [main] INFO  base.BaseClass - Found Element By {by.toString()}
2023-11-29 21:45:06,387 [main] INFO  base.BaseClass - Trying to find Element By {by.toString()})
2023-11-29 21:45:06,506 [main] INFO  base.BaseClass - Found Element By {by.toString()}
2023-11-29 21:45:07,058 [main] INFO  base.BaseClass - Trying to find Element By {by.toString()})
2023-11-29 21:45:07,085 [main] INFO  base.BaseClass - Found Element By {by.toString()}
2023-11-29 21:45:07,637 [main] INFO  base.BaseClass - Trying to find Element By {by.toString()})
2023-11-29 21:45:07,664 [main] INFO  base.BaseClass - Found Element By {by.toString()}
2023-11-29 21:45:08,200 [main] INFO  base.BaseClass - Trying to find Element By {by.toString()})
2023-11-29 21:45:08,226 [main] INFO  base.BaseClass - Found Element By {by.toString()}
2023-11-29 21:45:08,778 [main] INFO  base.BaseClass - Trying to find Element By {by.toString()})
2023-11-29 21:45:08,804 [main] INFO  base.BaseClass - Found Element By {by.toString()}
2023-11-29 21:45:09,357 [main] INFO  base.BaseClass - Trying to find Element By {by.toString()})
2023-11-29 21:45:09,369 [main] INFO  base.BaseClass - Found Element By {by.toString()}
2023-11-29 21:45:09,905 [main] INFO  base.BaseClass - Trying to find Element By {by.toString()})
2023-11-29 21:45:09,921 [main] INFO  base.BaseClass - Found Element By {by.toString()}
2023-11-29 21:45:10,451 [main] INFO  base.BaseClass - Trying to find Element By {by.toString()})
2023-11-29 21:45:10,469 [main] INFO  base.BaseClass - Found Element By {by.toString()}
2023-11-29 21:45:11,004 [main] INFO  base.BaseClass - Trying to find Element By {by.toString()})
2023-11-29 21:45:11,019 [main] INFO  base.BaseClass - Found Element By {by.toString()}
2023-11-29 21:45:11,550 [main] INFO  base.BaseClass - Trying to find Element By {by.toString()})
2023-11-29 21:45:11,567 [main] INFO  base.BaseClass - Found Element By {by.toString()}
2023-11-29 21:45:12,097 [main] INFO  base.BaseClass - Trying to find Element By {by.toString()})
2023-11-29 21:45:12,115 [main] INFO  base.BaseClass - Found Element By {by.toString()}
2023-11-29 21:45:12,646 [main] INFO  base.BaseClass - Trying to find Element By {by.toString()})
2023-11-29 21:45:12,663 [main] INFO  base.BaseClass - Found Element By {by.toString()}
2023-11-29 21:45:13,192 [main] INFO  base.BaseClass - Trying to find Element By {by.toString()})
2023-11-29 21:45:13,214 [main] INFO  base.BaseClass - Found Element By {by.toString()}
2023-11-29 21:45:13,756 [main] INFO  base.BaseClass - Trying to find Element By {by.toString()})
2023-11-29 21:45:13,777 [main] INFO  base.BaseClass - Found Element By {by.toString()}
2023-11-29 21:45:14,322 [main] INFO  base.BaseClass - Trying to find Element By {by.toString()})
2023-11-29 21:45:14,339 [main] INFO  base.BaseClass - Found Element By {by.toString()}
2023-11-29 21:45:14,868 [main] INFO  base.BaseClass - Trying to find Element By {by.toString()})
2023-11-29 21:45:14,892 [main] INFO  base.BaseClass - Found Element By {by.toString()}
2023-11-29 21:45:15,433 [main] INFO  base.BaseClass - Trying to find Element By {by.toString()})
2023-11-29 21:45:15,455 [main] INFO  base.BaseClass - Found Element By {by.toString()}
TimeoutException occurred: Expected condition failed: waiting for helper.WaitUtility$5@79eaabdc (tried for 30 second(s) with 500 milliseconds interval)
Build info: version: '3.141.59', revision: 'e82be7d358', time: '2018-11-14T08:17:03'
System info: host: 'DPLAP166', ip: '137.237.3.153', os.name: 'Windows 10', os.arch: 'amd64', os.version: '10.0', java.version: '19.0.1'
Driver info: org.openqa.selenium.support.events.EventFiringWebDriver
Capabilities {acceptInsecureCerts: true, browserName: chrome, browserVersion: 119.0.6045.200, chrome: {chromedriverVersion: 119.0.6045.105 (38c72552c5e..., userDataDir: C:\Users\dP-PL\AppData\Loca...}, fedcm:accounts: true, goog:chromeOptions: {debuggerAddress: localhost:52174}, javascriptEnabled: true, networkConnectionEnabled: false, pageLoadStrategy: normal, platform: WINDOWS, platformName: WINDOWS, proxy: Proxy(), setWindowRect: true, strictFileInteractability: false, timeouts: {implicit: 0, pageLoad: 300000, script: 30000}, unhandledPromptBehavior: dismiss and notify, webauthn:extension:credBlob: true, webauthn:extension:largeBlob: true, webauthn:extension:minPinLength: true, webauthn:extension:prf: true, webauthn:virtualAuthenticators: true}
Session ID: 9904d8dcdce8f65bcf1cf5b9aa8273f1
2023-11-29 21:45:15,487 [main] ERROR XGLT_15177_Test - Element did not become visible within the specified time: Expected condition failed: waiting for helper.WaitUtility$5@79eaabdc (tried for 30 second(s) with 500 milliseconds interval)
Build info: version: '3.141.59', revision: 'e82be7d358', time: '2018-11-14T08:17:03'
System info: host: 'DPLAP166', ip: '137.237.3.153', os.name: 'Windows 10', os.arch: 'amd64', os.version: '10.0', java.version: '19.0.1'
Driver info: org.openqa.selenium.support.events.EventFiringWebDriver
Capabilities {acceptInsecureCerts: true, browserName: chrome, browserVersion: 119.0.6045.200, chrome: {chromedriverVersion: 119.0.6045.105 (38c72552c5e..., userDataDir: C:\Users\dP-PL\AppData\Loca...}, fedcm:accounts: true, goog:chromeOptions: {debuggerAddress: localhost:52174}, javascriptEnabled: true, networkConnectionEnabled: false, pageLoadStrategy: normal, platform: WINDOWS, platformName: WINDOWS, proxy: Proxy(), setWindowRect: true, strictFileInteractability: false, timeouts: {implicit: 0, pageLoad: 300000, script: 30000}, unhandledPromptBehavior: dismiss and notify, webauthn:extension:credBlob: true, webauthn:extension:largeBlob: true, webauthn:extension:minPinLength: true, webauthn:extension:prf: true, webauthn:virtualAuthenticators: true}
Session ID: 9904d8dcdce8f65bcf1cf5b9aa8273f1
2023-11-29 21:45:15,487 [main] INFO  base.BaseClass - Trying to find Element By {by.toString()})
2023-11-29 21:45:15,507 [main] INFO  base.BaseClass - Found Element By {by.toString()}
2023-11-29 21:45:15,560 [main] INFO  base.BaseClass - Trying to find Element By {by.toString()})
2023-11-29 21:45:15,585 [main] INFO  base.BaseClass - Found Element By {by.toString()}
2023-11-29 21:45:16,122 [main] INFO  base.BaseClass - Trying to find Element By {by.toString()})
2023-11-29 21:45:16,141 [main] INFO  base.BaseClass - Found Element By {by.toString()}
2023-11-29 21:45:16,684 [main] INFO  base.BaseClass - Trying to find Element By {by.toString()})
2023-11-29 21:45:16,710 [main] INFO  base.BaseClass - Found Element By {by.toString()}
2023-11-29 21:45:17,249 [main] INFO  base.BaseClass - Trying to find Element By {by.toString()})
2023-11-29 21:45:17,276 [main] INFO  base.BaseClass - Found Element By {by.toString()}
2023-11-29 21:45:17,814 [main] INFO  base.BaseClass - Trying to find Element By {by.toString()})
2023-11-29 21:45:17,840 [main] INFO  base.BaseClass - Found Element By {by.toString()}
2023-11-29 21:45:18,376 [main] INFO  base.BaseClass - Trying to find Element By {by.toString()})
2023-11-29 21:45:18,401 [main] INFO  base.BaseClass - Found Element By {by.toString()}
2023-11-29 21:45:18,942 [main] INFO  base.BaseClass - Trying to find Element By {by.toString()})
2023-11-29 21:45:19,176 [main] INFO  base.BaseClass - Found Element By {by.toString()}
2023-11-29 21:45:20,111 [main] INFO  base.BaseClass - Trying to find Element By {by.toString()})
2023-11-29 21:45:20,137 [main] INFO  base.BaseClass - Found Element By {by.toString()}
2023-11-29 21:45:20,688 [main] INFO  base.BaseClass - Trying to find Element By {by.toString()})
2023-11-29 21:45:20,715 [main] INFO  base.BaseClass - Found Element By {by.toString()}
2023-11-29 21:45:21,253 [main] INFO  base.BaseClass - Trying to find Element By {by.toString()})
2023-11-29 21:45:21,281 [main] INFO  base.BaseClass - Found Element By {by.toString()}
2023-11-29 21:45:21,824 [main] INFO  base.BaseClass - Trying to find Element By {by.toString()})
2023-11-29 21:45:21,849 [main] INFO  base.BaseClass - Found Element By {by.toString()}
2023-11-29 21:45:22,399 [main] INFO  base.BaseClass - Trying to find Element By {by.toString()})
2023-11-29 21:45:22,425 [main] INFO  base.BaseClass - Found Element By {by.toString()}
2023-11-29 21:45:22,977 [main] INFO  base.BaseClass - Trying to find Element By {by.toString()})
2023-11-29 21:45:23,003 [main] INFO  base.BaseClass - Found Element By {by.toString()}
2023-11-29 21:45:23,551 [main] INFO  base.BaseClass - Trying to find Element By {by.toString()})
2023-11-29 21:45:23,601 [main] INFO  base.BaseClass - Found Element By {by.toString()}
2023-11-29 21:45:24,127 [main] INFO  base.BaseClass - Trying to find Element By {by.toString()})
2023-11-29 21:45:24,155 [main] INFO  base.BaseClass - Found Element By {by.toString()}
2023-11-29 21:45:24,707 [main] INFO  base.BaseClass - Trying to find Element By {by.toString()})
2023-11-29 21:45:24,734 [main] INFO  base.BaseClass - Found Element By {by.toString()}
2023-11-29 21:45:25,275 [main] INFO  base.BaseClass - Trying to find Element By {by.toString()})
2023-11-29 21:45:25,302 [main] INFO  base.BaseClass - Found Element By {by.toString()}
2023-11-29 21:45:25,843 [main] INFO  base.BaseClass - Trying to find Element By {by.toString()})
2023-11-29 21:45:25,860 [main] INFO  base.BaseClass - Found Element By {by.toString()}
2023-11-29 21:45:26,386 [main] INFO  base.BaseClass - Trying to find Element By {by.toString()})
2023-11-29 21:45:26,411 [main] INFO  base.BaseClass - Found Element By {by.toString()}
2023-11-29 21:45:26,947 [main] INFO  base.BaseClass - Trying to find Element By {by.toString()})
2023-11-29 21:45:26,973 [main] INFO  base.BaseClass - Found Element By {by.toString()}
2023-11-29 21:45:27,523 [main] INFO  base.BaseClass - Trying to find Element By {by.toString()})
2023-11-29 21:45:27,550 [main] INFO  base.BaseClass - Found Element By {by.toString()}
2023-11-29 21:45:28,097 [main] INFO  base.BaseClass - Trying to find Element By {by.toString()})
2023-11-29 21:45:28,123 [main] INFO  base.BaseClass - Found Element By {by.toString()}
2023-11-29 21:45:28,669 [main] INFO  base.BaseClass - Trying to find Element By {by.toString()})
2023-11-29 21:45:28,696 [main] INFO  base.BaseClass - Found Element By {by.toString()}
2023-11-29 21:45:29,249 [main] INFO  base.BaseClass - Trying to find Element By {by.toString()})
2023-11-29 21:45:29,276 [main] INFO  base.BaseClass - Found Element By {by.toString()}
2023-11-29 21:45:29,825 [main] INFO  base.BaseClass - Trying to find Element By {by.toString()})
2023-11-29 21:45:29,853 [main] INFO  base.BaseClass - Found Element By {by.toString()}
2023-11-29 21:45:30,390 [main] INFO  base.BaseClass - Trying to find Element By {by.toString()})
2023-11-29 21:45:30,415 [main] INFO  base.BaseClass - Found Element By {by.toString()}
2023-11-29 21:45:30,967 [main] INFO  base.BaseClass - Trying to find Element By {by.toString()})
2023-11-29 21:45:30,993 [main] INFO  base.BaseClass - Found Element By {by.toString()}
2023-11-29 21:45:31,529 [main] INFO  base.BaseClass - Trying to find Element By {by.toString()})
2023-11-29 21:45:31,557 [main] INFO  base.BaseClass - Found Element By {by.toString()}
2023-11-29 21:45:32,109 [main] INFO  base.BaseClass - Trying to find Element By {by.toString()})
2023-11-29 21:45:32,135 [main] INFO  base.BaseClass - Found Element By {by.toString()}
2023-11-29 21:45:32,686 [main] INFO  base.BaseClass - Trying to find Element By {by.toString()})
2023-11-29 21:45:32,713 [main] INFO  base.BaseClass - Found Element By {by.toString()}
2023-11-29 21:45:33,264 [main] INFO  base.BaseClass - Trying to find Element By {by.toString()})
2023-11-29 21:45:33,289 [main] INFO  base.BaseClass - Found Element By {by.toString()}
2023-11-29 21:45:33,827 [main] INFO  base.BaseClass - Trying to find Element By {by.toString()})
2023-11-29 21:45:33,854 [main] INFO  base.BaseClass - Found Element By {by.toString()}
2023-11-29 21:45:34,405 [main] INFO  base.BaseClass - Trying to find Element By {by.toString()})
2023-11-29 21:45:34,430 [main] INFO  base.BaseClass - Found Element By {by.toString()}
2023-11-29 21:45:34,968 [main] INFO  base.BaseClass - Trying to find Element By {by.toString()})
2023-11-29 21:45:34,995 [main] INFO  base.BaseClass - Found Element By {by.toString()}
2023-11-29 21:45:35,533 [main] INFO  base.BaseClass - Trying to find Element By {by.toString()})
2023-11-29 21:45:35,558 [main] INFO  base.BaseClass - Found Element By {by.toString()}
2023-11-29 21:45:36,098 [main] INFO  base.BaseClass - Trying to find Element By {by.toString()})
2023-11-29 21:45:36,124 [main] INFO  base.BaseClass - Found Element By {by.toString()}
2023-11-29 21:45:36,659 [main] INFO  base.BaseClass - Trying to find Element By {by.toString()})
2023-11-29 21:45:36,684 [main] INFO  base.BaseClass - Found Element By {by.toString()}
2023-11-29 21:45:37,222 [main] INFO  base.BaseClass - Trying to find Element By {by.toString()})
2023-11-29 21:45:37,247 [main] INFO  base.BaseClass - Found Element By {by.toString()}
2023-11-29 21:45:37,785 [main] INFO  base.BaseClass - Trying to find Element By {by.toString()})
2023-11-29 21:45:37,809 [main] INFO  base.BaseClass - Found Element By {by.toString()}
2023-11-29 21:45:38,347 [main] INFO  base.BaseClass - Trying to find Element By {by.toString()})
2023-11-29 21:45:38,371 [main] INFO  base.BaseClass - Found Element By {by.toString()}
2023-11-29 21:45:38,924 [main] INFO  base.BaseClass - Trying to find Element By {by.toString()})
2023-11-29 21:45:38,934 [main] INFO  base.BaseClass - Found Element By {by.toString()}
2023-11-29 21:45:39,456 [main] INFO  base.BaseClass - Trying to find Element By {by.toString()})
2023-11-29 21:45:39,482 [main] INFO  base.BaseClass - Found Element By {by.toString()}
2023-11-29 21:45:40,029 [main] INFO  base.BaseClass - Trying to find Element By {by.toString()})
2023-11-29 21:45:40,057 [main] INFO  base.BaseClass - Found Element By {by.toString()}
2023-11-29 21:45:40,606 [main] INFO  base.BaseClass - Trying to find Element By {by.toString()})
2023-11-29 21:45:40,630 [main] INFO  base.BaseClass - Found Element By {by.toString()}
2023-11-29 21:45:41,168 [main] INFO  base.BaseClass - Trying to find Element By {by.toString()})
2023-11-29 21:45:41,193 [main] INFO  base.BaseClass - Found Element By {by.toString()}
2023-11-29 21:45:41,731 [main] INFO  base.BaseClass - Trying to find Element By {by.toString()})
2023-11-29 21:45:41,756 [main] INFO  base.BaseClass - Found Element By {by.toString()}
2023-11-29 21:45:42,298 [main] INFO  base.BaseClass - Trying to find Element By {by.toString()})
2023-11-29 21:45:42,324 [main] INFO  base.BaseClass - Found Element By {by.toString()}
2023-11-29 21:45:42,875 [main] INFO  base.BaseClass - Trying to find Element By {by.toString()})
2023-11-29 21:45:42,901 [main] INFO  base.BaseClass - Found Element By {by.toString()}
2023-11-29 21:45:43,437 [main] INFO  base.BaseClass - Trying to find Element By {by.toString()})
2023-11-29 21:45:43,448 [main] INFO  base.BaseClass - Found Element By {by.toString()}
2023-11-29 21:45:43,971 [main] INFO  base.BaseClass - Trying to find Element By {by.toString()})
2023-11-29 21:45:44,000 [main] INFO  base.BaseClass - Found Element By {by.toString()}
2023-11-29 21:45:44,550 [main] INFO  base.BaseClass - Trying to find Element By {by.toString()})
2023-11-29 21:45:44,575 [main] INFO  base.BaseClass - Found Element By {by.toString()}
2023-11-29 21:45:45,114 [main] INFO  base.BaseClass - Trying to find Element By {by.toString()})
2023-11-29 21:45:45,140 [main] INFO  base.BaseClass - Found Element By {by.toString()}
2023-11-29 21:45:45,680 [main] INFO  base.BaseClass - Trying to find Element By {by.toString()})
2023-11-29 21:45:45,704 [main] INFO  base.BaseClass - Found Element By {by.toString()}
TimeoutException occurred: Expected condition failed: waiting for helper.WaitUtility$5@55faaed1 (tried for 30 second(s) with 500 milliseconds interval)
Build info: version: '3.141.59', revision: 'e82be7d358', time: '2018-11-14T08:17:03'
System info: host: 'DPLAP166', ip: '137.237.3.153', os.name: 'Windows 10', os.arch: 'amd64', os.version: '10.0', java.version: '19.0.1'
Driver info: org.openqa.selenium.support.events.EventFiringWebDriver
Capabilities {acceptInsecureCerts: true, browserName: chrome, browserVersion: 119.0.6045.200, chrome: {chromedriverVersion: 119.0.6045.105 (38c72552c5e..., userDataDir: C:\Users\dP-PL\AppData\Loca...}, fedcm:accounts: true, goog:chromeOptions: {debuggerAddress: localhost:52174}, javascriptEnabled: true, networkConnectionEnabled: false, pageLoadStrategy: normal, platform: WINDOWS, platformName: WINDOWS, proxy: Proxy(), setWindowRect: true, strictFileInteractability: false, timeouts: {implicit: 0, pageLoad: 300000, script: 30000}, unhandledPromptBehavior: dismiss and notify, webauthn:extension:credBlob: true, webauthn:extension:largeBlob: true, webauthn:extension:minPinLength: true, webauthn:extension:prf: true, webauthn:virtualAuthenticators: true}
Session ID: 9904d8dcdce8f65bcf1cf5b9aa8273f1
2023-11-29 21:45:45,737 [main] ERROR XGLT_15177_Test - Element did not become visible within the specified time: Expected condition failed: waiting for helper.WaitUtility$5@55faaed1 (tried for 30 second(s) with 500 milliseconds interval)
Build info: version: '3.141.59', revision: 'e82be7d358', time: '2018-11-14T08:17:03'
System info: host: 'DPLAP166', ip: '137.237.3.153', os.name: 'Windows 10', os.arch: 'amd64', os.version: '10.0', java.version: '19.0.1'
Driver info: org.openqa.selenium.support.events.EventFiringWebDriver
Capabilities {acceptInsecureCerts: true, browserName: chrome, browserVersion: 119.0.6045.200, chrome: {chromedriverVersion: 119.0.6045.105 (38c72552c5e..., userDataDir: C:\Users\dP-PL\AppData\Loca...}, fedcm:accounts: true, goog:chromeOptions: {debuggerAddress: localhost:52174}, javascriptEnabled: true, networkConnectionEnabled: false, pageLoadStrategy: normal, platform: WINDOWS, platformName: WINDOWS, proxy: Proxy(), setWindowRect: true, strictFileInteractability: false, timeouts: {implicit: 0, pageLoad: 300000, script: 30000}, unhandledPromptBehavior: dismiss and notify, webauthn:extension:credBlob: true, webauthn:extension:largeBlob: true, webauthn:extension:minPinLength: true, webauthn:extension:prf: true, webauthn:virtualAuthenticators: true}
Session ID: 9904d8dcdce8f65bcf1cf5b9aa8273f1
2023-11-29 21:45:45,737 [main] INFO  base.BaseClass - Trying to find Element By {by.toString()})
2023-11-29 21:45:45,759 [main] INFO  base.BaseClass - Found Element By {by.toString()}
2023-11-29 21:45:45,760 [main] INFO  base.BaseClass - Trying to click on: {element.toString()}
2023-11-29 21:45:45,911 [main] INFO  base.BaseClass - Clicked on: {element.toString()}
2023-11-29 21:45:45,911 [main] INFO  base.BaseClass - Trying to find Element By {by.toString()})
2023-11-29 21:45:45,926 [main] INFO  base.BaseClass - Found Element By {by.toString()}
TimeoutException occurred: Expected condition failed: waiting for helper.WaitUtility$5@3b210322 (tried for 30 second(s) with 500 milliseconds interval)
Build info: version: '3.141.59', revision: 'e82be7d358', time: '2018-11-14T08:17:03'
System info: host: 'DPLAP166', ip: '137.237.3.153', os.name: 'Windows 10', os.arch: 'amd64', os.version: '10.0', java.version: '19.0.1'
Driver info: org.openqa.selenium.support.events.EventFiringWebDriver
Capabilities {acceptInsecureCerts: true, browserName: chrome, browserVersion: 119.0.6045.200, chrome: {chromedriverVersion: 119.0.6045.105 (38c72552c5e..., userDataDir: C:\Users\dP-PL\AppData\Loca...}, fedcm:accounts: true, goog:chromeOptions: {debuggerAddress: localhost:52174}, javascriptEnabled: true, networkConnectionEnabled: false, pageLoadStrategy: normal, platform: WINDOWS, platformName: WINDOWS, proxy: Proxy(), setWindowRect: true, strictFileInteractability: false, timeouts: {implicit: 0, pageLoad: 300000, script: 30000}, unhandledPromptBehavior: dismiss and notify, webauthn:extension:credBlob: true, webauthn:extension:largeBlob: true, webauthn:extension:minPinLength: true, webauthn:extension:prf: true, webauthn:virtualAuthenticators: true}
Session ID: 9904d8dcdce8f65bcf1cf5b9aa8273f1
2023-11-29 21:46:16,516 [main] ERROR XGLT_15177_Test - Element did not become visible within the specified time: Expected condition failed: waiting for helper.WaitUtility$5@3b210322 (tried for 30 second(s) with 500 milliseconds interval)
Build info: version: '3.141.59', revision: 'e82be7d358', time: '2018-11-14T08:17:03'
System info: host: 'DPLAP166', ip: '137.237.3.153', os.name: 'Windows 10', os.arch: 'amd64', os.version: '10.0', java.version: '19.0.1'
Driver info: org.openqa.selenium.support.events.EventFiringWebDriver
Capabilities {acceptInsecureCerts: true, browserName: chrome, browserVersion: 119.0.6045.200, chrome: {chromedriverVersion: 119.0.6045.105 (38c72552c5e..., userDataDir: C:\Users\dP-PL\AppData\Loca...}, fedcm:accounts: true, goog:chromeOptions: {debuggerAddress: localhost:52174}, javascriptEnabled: true, networkConnectionEnabled: false, pageLoadStrategy: normal, platform: WINDOWS, platformName: WINDOWS, proxy: Proxy(), setWindowRect: true, strictFileInteractability: false, timeouts: {implicit: 0, pageLoad: 300000, script: 30000}, unhandledPromptBehavior: dismiss and notify, webauthn:extension:credBlob: true, webauthn:extension:largeBlob: true, webauthn:extension:minPinLength: true, webauthn:extension:prf: true, webauthn:virtualAuthenticators: true}
Session ID: 9904d8dcdce8f65bcf1cf5b9aa8273f1
2023-11-29 21:46:16,517 [main] INFO  base.BaseClass - Trying to click on: {element.toString()}
2023-11-29 21:46:16,644 [main] INFO  base.BaseClass - Clicked on: {element.toString()}
2023-11-29 21:46:16,645 [main] INFO  base.BaseClass - Trying to find Element By {by.toString()})
2023-11-29 21:46:16,658 [main] INFO  base.BaseClass - Found Element By {by.toString()}
2023-11-29 21:46:17,175 [main] INFO  base.BaseClass - Trying to find Element By {by.toString()})
2023-11-29 21:46:17,193 [main] INFO  base.BaseClass - Found Element By {by.toString()}
2023-11-29 21:46:17,719 [main] INFO  base.BaseClass - Trying to find Element By {by.toString()})
2023-11-29 21:46:17,747 [main] INFO  base.BaseClass - Found Element By {by.toString()}
2023-11-29 21:46:18,295 [main] INFO  base.BaseClass - Trying to find Element By {by.toString()})
2023-11-29 21:46:18,322 [main] INFO  base.BaseClass - Found Element By {by.toString()}
2023-11-29 21:46:18,869 [main] INFO  base.BaseClass - Trying to find Element By {by.toString()})
2023-11-29 21:46:18,897 [main] INFO  base.BaseClass - Found Element By {by.toString()}
2023-11-29 21:46:19,445 [main] INFO  base.BaseClass - Trying to find Element By {by.toString()})
2023-11-29 21:46:19,473 [main] INFO  base.BaseClass - Found Element By {by.toString()}
2023-11-29 21:46:20,023 [main] INFO  base.BaseClass - Trying to find Element By {by.toString()})
2023-11-29 21:46:20,051 [main] INFO  base.BaseClass - Found Element By {by.toString()}
2023-11-29 21:46:20,599 [main] INFO  base.BaseClass - Trying to find Element By {by.toString()})
2023-11-29 21:46:20,624 [main] INFO  base.BaseClass - Found Element By {by.toString()}
2023-11-29 21:46:21,176 [main] INFO  base.BaseClass - Trying to find Element By {by.toString()})
2023-11-29 21:46:21,204 [main] INFO  base.BaseClass - Found Element By {by.toString()}
2023-11-29 21:46:21,754 [main] INFO  base.BaseClass - Trying to find Element By {by.toString()})
2023-11-29 21:46:21,782 [main] INFO  base.BaseClass - Found Element By {by.toString()}
2023-11-29 21:46:22,325 [main] INFO  base.BaseClass - Trying to find Element By {by.toString()})
2023-11-29 21:46:22,354 [main] INFO  base.BaseClass - Found Element By {by.toString()}
2023-11-29 21:46:22,902 [main] INFO  base.BaseClass - Trying to find Element By {by.toString()})
2023-11-29 21:46:22,920 [main] INFO  base.BaseClass - Found Element By {by.toString()}
2023-11-29 21:46:23,447 [main] INFO  base.BaseClass - Trying to find Element By {by.toString()})
2023-11-29 21:46:23,473 [main] INFO  base.BaseClass - Found Element By {by.toString()}
2023-11-29 21:46:24,025 [main] INFO  base.BaseClass - Trying to find Element By {by.toString()})
2023-11-29 21:46:24,050 [main] INFO  base.BaseClass - Found Element By {by.toString()}
2023-11-29 21:46:24,603 [main] INFO  base.BaseClass - Trying to find Element By {by.toString()})
2023-11-29 21:46:24,630 [main] INFO  base.BaseClass - Found Element By {by.toString()}
2023-11-29 21:46:25,180 [main] INFO  base.BaseClass - Trying to find Element By {by.toString()})
2023-11-29 21:46:25,206 [main] INFO  base.BaseClass - Found Element By {by.toString()}
2023-11-29 21:46:25,746 [main] INFO  base.BaseClass - Trying to find Element By {by.toString()})
2023-11-29 21:46:25,772 [main] INFO  base.BaseClass - Found Element By {by.toString()}
2023-11-29 21:46:26,310 [main] INFO  base.BaseClass - Trying to find Element By {by.toString()})
2023-11-29 21:46:26,334 [main] INFO  base.BaseClass - Found Element By {by.toString()}
2023-11-29 21:46:26,872 [main] INFO  base.BaseClass - Trying to find Element By {by.toString()})
2023-11-29 21:46:26,900 [main] INFO  base.BaseClass - Found Element By {by.toString()}
2023-11-29 21:46:27,450 [main] INFO  base.BaseClass - Trying to find Element By {by.toString()})
2023-11-29 21:46:27,475 [main] INFO  base.BaseClass - Found Element By {by.toString()}
2023-11-29 21:46:28,026 [main] INFO  base.BaseClass - Trying to find Element By {by.toString()})
2023-11-29 21:46:28,049 [main] INFO  base.BaseClass - Found Element By {by.toString()}
2023-11-29 21:46:28,637 [main] INFO  base.BaseClass - Trying to find Element By {by.toString()})
2023-11-29 21:46:28,664 [main] INFO  base.BaseClass - Found Element By {by.toString()}
2023-11-29 21:46:29,204 [main] INFO  base.BaseClass - Trying to find Element By {by.toString()})
2023-11-29 21:46:29,230 [main] INFO  base.BaseClass - Found Element By {by.toString()}
2023-11-29 21:46:29,781 [main] INFO  base.BaseClass - Trying to find Element By {by.toString()})
2023-11-29 21:46:29,805 [main] INFO  base.BaseClass - Found Element By {by.toString()}
2023-11-29 21:46:30,349 [main] INFO  base.BaseClass - Trying to find Element By {by.toString()})
2023-11-29 21:46:30,373 [main] INFO  base.BaseClass - Found Element By {by.toString()}
2023-11-29 21:46:30,912 [main] INFO  base.BaseClass - Trying to find Element By {by.toString()})
2023-11-29 21:46:30,938 [main] INFO  base.BaseClass - Found Element By {by.toString()}
2023-11-29 21:46:31,475 [main] INFO  base.BaseClass - Trying to find Element By {by.toString()})
2023-11-29 21:46:31,500 [main] INFO  base.BaseClass - Found Element By {by.toString()}
2023-11-29 21:46:32,039 [main] INFO  base.BaseClass - Trying to find Element By {by.toString()})
2023-11-29 21:46:32,065 [main] INFO  base.BaseClass - Found Element By {by.toString()}
2023-11-29 21:46:32,604 [main] INFO  base.BaseClass - Trying to find Element By {by.toString()})
2023-11-29 21:46:32,628 [main] INFO  base.BaseClass - Found Element By {by.toString()}
2023-11-29 21:46:33,169 [main] INFO  base.BaseClass - Trying to find Element By {by.toString()})
2023-11-29 21:46:33,193 [main] INFO  base.BaseClass - Found Element By {by.toString()}
2023-11-29 21:46:33,733 [main] INFO  base.BaseClass - Trying to find Element By {by.toString()})
2023-11-29 21:46:33,757 [main] INFO  base.BaseClass - Found Element By {by.toString()}
2023-11-29 21:46:34,308 [main] INFO  base.BaseClass - Trying to find Element By {by.toString()})
2023-11-29 21:46:34,332 [main] INFO  base.BaseClass - Found Element By {by.toString()}
2023-11-29 21:46:34,870 [main] INFO  base.BaseClass - Trying to find Element By {by.toString()})
2023-11-29 21:46:34,897 [main] INFO  base.BaseClass - Found Element By {by.toString()}
2023-11-29 21:46:35,433 [main] INFO  base.BaseClass - Trying to find Element By {by.toString()})
2023-11-29 21:46:35,457 [main] INFO  base.BaseClass - Found Element By {by.toString()}
2023-11-29 21:46:36,008 [main] INFO  base.BaseClass - Trying to find Element By {by.toString()})
2023-11-29 21:46:36,032 [main] INFO  base.BaseClass - Found Element By {by.toString()}
2023-11-29 21:46:36,575 [main] INFO  base.BaseClass - Trying to find Element By {by.toString()})
2023-11-29 21:46:36,602 [main] INFO  base.BaseClass - Found Element By {by.toString()}
2023-11-29 21:46:37,155 [main] INFO  base.BaseClass - Trying to find Element By {by.toString()})
2023-11-29 21:46:37,179 [main] INFO  base.BaseClass - Found Element By {by.toString()}
2023-11-29 21:46:37,719 [main] INFO  base.BaseClass - Trying to find Element By {by.toString()})
2023-11-29 21:46:37,747 [main] INFO  base.BaseClass - Found Element By {by.toString()}
2023-11-29 21:46:38,296 [main] INFO  base.BaseClass - Trying to find Element By {by.toString()})
2023-11-29 21:46:38,320 [main] INFO  base.BaseClass - Found Element By {by.toString()}
2023-11-29 21:46:38,862 [main] INFO  base.BaseClass - Trying to find Element By {by.toString()})
2023-11-29 21:46:38,888 [main] INFO  base.BaseClass - Found Element By {by.toString()}
2023-11-29 21:46:39,429 [main] INFO  base.BaseClass - Trying to find Element By {by.toString()})
2023-11-29 21:46:39,548 [main] INFO  base.BaseClass - Found Element By {by.toString()}
2023-11-29 21:46:40,075 [main] INFO  base.BaseClass - Trying to find Element By {by.toString()})
2023-11-29 21:46:40,103 [main] INFO  base.BaseClass - Found Element By {by.toString()}
2023-11-29 21:46:40,656 [main] INFO  base.BaseClass - Trying to find Element By {by.toString()})
2023-11-29 21:46:40,682 [main] INFO  base.BaseClass - Found Element By {by.toString()}
2023-11-29 21:46:41,233 [main] INFO  base.BaseClass - Trying to find Element By {by.toString()})
2023-11-29 21:46:41,257 [main] INFO  base.BaseClass - Found Element By {by.toString()}
2023-11-29 21:46:41,809 [main] INFO  base.BaseClass - Trying to find Element By {by.toString()})
2023-11-29 21:46:41,833 [main] INFO  base.BaseClass - Found Element By {by.toString()}
2023-11-29 21:46:42,372 [main] INFO  base.BaseClass - Trying to find Element By {by.toString()})
2023-11-29 21:46:42,396 [main] INFO  base.BaseClass - Found Element By {by.toString()}
2023-11-29 21:46:42,932 [main] INFO  base.BaseClass - Trying to find Element By {by.toString()})
2023-11-29 21:46:42,956 [main] INFO  base.BaseClass - Found Element By {by.toString()}
2023-11-29 21:46:43,497 [main] INFO  base.BaseClass - Trying to find Element By {by.toString()})
2023-11-29 21:46:43,521 [main] INFO  base.BaseClass - Found Element By {by.toString()}
2023-11-29 21:46:44,060 [main] INFO  base.BaseClass - Trying to find Element By {by.toString()})
2023-11-29 21:46:44,084 [main] INFO  base.BaseClass - Found Element By {by.toString()}
2023-11-29 21:46:44,626 [main] INFO  base.BaseClass - Trying to find Element By {by.toString()})
2023-11-29 21:46:45,170 [main] INFO  base.BaseClass - Found Element By {by.toString()}
2023-11-29 21:46:45,718 [main] INFO  base.BaseClass - Trying to find Element By {by.toString()})
2023-11-29 21:46:45,743 [main] INFO  base.BaseClass - Found Element By {by.toString()}
2023-11-29 21:46:46,282 [main] INFO  base.BaseClass - Trying to find Element By {by.toString()})
2023-11-29 21:46:46,307 [main] INFO  base.BaseClass - Found Element By {by.toString()}
2023-11-29 21:46:46,857 [main] INFO  base.BaseClass - Trying to find Element By {by.toString()})
2023-11-29 21:46:46,882 [main] INFO  base.BaseClass - Found Element By {by.toString()}
TimeoutException occurred: Expected condition failed: waiting for helper.WaitUtility$5@699d8618 (tried for 30 second(s) with 500 milliseconds interval)
Build info: version: '3.141.59', revision: 'e82be7d358', time: '2018-11-14T08:17:03'
System info: host: 'DPLAP166', ip: '137.237.3.153', os.name: 'Windows 10', os.arch: 'amd64', os.version: '10.0', java.version: '19.0.1'
Driver info: org.openqa.selenium.support.events.EventFiringWebDriver
Capabilities {acceptInsecureCerts: true, browserName: chrome, browserVersion: 119.0.6045.200, chrome: {chromedriverVersion: 119.0.6045.105 (38c72552c5e..., userDataDir: C:\Users\dP-PL\AppData\Loca...}, fedcm:accounts: true, goog:chromeOptions: {debuggerAddress: localhost:52174}, javascriptEnabled: true, networkConnectionEnabled: false, pageLoadStrategy: normal, platform: WINDOWS, platformName: WINDOWS, proxy: Proxy(), setWindowRect: true, strictFileInteractability: false, timeouts: {implicit: 0, pageLoad: 300000, script: 30000}, unhandledPromptBehavior: dismiss and notify, webauthn:extension:credBlob: true, webauthn:extension:largeBlob: true, webauthn:extension:minPinLength: true, webauthn:extension:prf: true, webauthn:virtualAuthenticators: true}
Session ID: 9904d8dcdce8f65bcf1cf5b9aa8273f1
2023-11-29 21:46:46,920 [main] ERROR XGLT_15177_Test - Element did not become visible within the specified time: Expected condition failed: waiting for helper.WaitUtility$5@699d8618 (tried for 30 second(s) with 500 milliseconds interval)
Build info: version: '3.141.59', revision: 'e82be7d358', time: '2018-11-14T08:17:03'
System info: host: 'DPLAP166', ip: '137.237.3.153', os.name: 'Windows 10', os.arch: 'amd64', os.version: '10.0', java.version: '19.0.1'
Driver info: org.openqa.selenium.support.events.EventFiringWebDriver
Capabilities {acceptInsecureCerts: true, browserName: chrome, browserVersion: 119.0.6045.200, chrome: {chromedriverVersion: 119.0.6045.105 (38c72552c5e..., userDataDir: C:\Users\dP-PL\AppData\Loca...}, fedcm:accounts: true, goog:chromeOptions: {debuggerAddress: localhost:52174}, javascriptEnabled: true, networkConnectionEnabled: false, pageLoadStrategy: normal, platform: WINDOWS, platformName: WINDOWS, proxy: Proxy(), setWindowRect: true, strictFileInteractability: false, timeouts: {implicit: 0, pageLoad: 300000, script: 30000}, unhandledPromptBehavior: dismiss and notify, webauthn:extension:credBlob: true, webauthn:extension:largeBlob: true, webauthn:extension:minPinLength: true, webauthn:extension:prf: true, webauthn:virtualAuthenticators: true}
Session ID: 9904d8dcdce8f65bcf1cf5b9aa8273f1
2023-11-29 21:46:46,920 [main] INFO  base.BaseClass - Trying to find Element By {by.toString()})
2023-11-29 21:46:46,941 [main] INFO  base.BaseClass - Found Element By {by.toString()}
2023-11-29 21:46:46,941 [main] INFO  base.BaseClass - Trying to click on: {element.toString()}
2023-11-29 21:46:47,076 [main] INFO  base.BaseClass - Clicked on: {element.toString()}
2023-11-29 21:46:47,077 [main] INFO  base.BaseClass - Trying to find Element By {by.toString()})
2023-11-29 21:46:47,789 [main] INFO  base.BaseClass - Found Element By {by.toString()}
2023-11-29 21:46:48,600 [main] INFO  base.BaseClass - Trying to find Element By {by.toString()})
2023-11-29 21:46:48,691 [main] INFO  base.BaseClass - Found Element By {by.toString()}
TimeoutException occurred: Expected condition failed: waiting for helper.WaitUtility$5@15796dd (tried for 30 second(s) with 500 milliseconds interval)
Build info: version: '3.141.59', revision: 'e82be7d358', time: '2018-11-14T08:17:03'
System info: host: 'DPLAP166', ip: '137.237.3.153', os.name: 'Windows 10', os.arch: 'amd64', os.version: '10.0', java.version: '19.0.1'
Driver info: org.openqa.selenium.support.events.EventFiringWebDriver
Capabilities {acceptInsecureCerts: true, browserName: chrome, browserVersion: 119.0.6045.200, chrome: {chromedriverVersion: 119.0.6045.105 (38c72552c5e..., userDataDir: C:\Users\dP-PL\AppData\Loca...}, fedcm:accounts: true, goog:chromeOptions: {debuggerAddress: localhost:52174}, javascriptEnabled: true, networkConnectionEnabled: false, pageLoadStrategy: normal, platform: WINDOWS, platformName: WINDOWS, proxy: Proxy(), setWindowRect: true, strictFileInteractability: false, timeouts: {implicit: 0, pageLoad: 300000, script: 30000}, unhandledPromptBehavior: dismiss and notify, webauthn:extension:credBlob: true, webauthn:extension:largeBlob: true, webauthn:extension:minPinLength: true, webauthn:extension:prf: true, webauthn:virtualAuthenticators: true}
Session ID: 9904d8dcdce8f65bcf1cf5b9aa8273f1
2023-11-29 21:47:18,965 [main] ERROR XGLT_15177_Test - Element did not become visible within the specified time: Expected condition failed: waiting for helper.WaitUtility$5@15796dd (tried for 30 second(s) with 500 milliseconds interval)
Build info: version: '3.141.59', revision: 'e82be7d358', time: '2018-11-14T08:17:03'
System info: host: 'DPLAP166', ip: '137.237.3.153', os.name: 'Windows 10', os.arch: 'amd64', os.version: '10.0', java.version: '19.0.1'
Driver info: org.openqa.selenium.support.events.EventFiringWebDriver
Capabilities {acceptInsecureCerts: true, browserName: chrome, browserVersion: 119.0.6045.200, chrome: {chromedriverVersion: 119.0.6045.105 (38c72552c5e..., userDataDir: C:\Users\dP-PL\AppData\Loca...}, fedcm:accounts: true, goog:chromeOptions: {debuggerAddress: localhost:52174}, javascriptEnabled: true, networkConnectionEnabled: false, pageLoadStrategy: normal, platform: WINDOWS, platformName: WINDOWS, proxy: Proxy(), setWindowRect: true, strictFileInteractability: false, timeouts: {implicit: 0, pageLoad: 300000, script: 30000}, unhandledPromptBehavior: dismiss and notify, webauthn:extension:credBlob: true, webauthn:extension:largeBlob: true, webauthn:extension:minPinLength: true, webauthn:extension:prf: true, webauthn:virtualAuthenticators: true}
Session ID: 9904d8dcdce8f65bcf1cf5b9aa8273f1
2023-11-29 21:47:18,965 [main] INFO  base.BaseClass - Trying to click on: {element.toString()}
2023-11-29 21:47:19,091 [main] INFO  base.BaseClass - Clicked on: {element.toString()}
2023-11-29 21:47:19,111 [main] INFO  base.BaseClass - Trying to find Element By {by.toString()})
2023-11-29 21:47:19,138 [main] INFO  base.BaseClass - Found Element By {by.toString()}
2023-11-29 21:47:19,699 [main] INFO  base.BaseClass - Trying to find Element By {by.toString()})
2023-11-29 21:47:19,725 [main] INFO  base.BaseClass - Found Element By {by.toString()}
2023-11-29 21:47:20,261 [main] INFO  base.BaseClass - Trying to find Element By {by.toString()})
2023-11-29 21:47:20,287 [main] INFO  base.BaseClass - Found Element By {by.toString()}
2023-11-29 21:47:20,813 [main] INFO  base.BaseClass - Trying to find Element By {by.toString()})
2023-11-29 21:47:20,839 [main] INFO  base.BaseClass - Found Element By {by.toString()}
2023-11-29 21:47:21,375 [main] INFO  base.BaseClass - Trying to find Element By {by.toString()})
2023-11-29 21:47:21,402 [main] INFO  base.BaseClass - Found Element By {by.toString()}
2023-11-29 21:47:21,924 [main] INFO  base.BaseClass - Trying to find Element By {by.toString()})
2023-11-29 21:47:21,950 [main] INFO  base.BaseClass - Found Element By {by.toString()}
2023-11-29 21:47:22,483 [main] INFO  base.BaseClass - Trying to find Element By {by.toString()})
2023-11-29 21:47:22,513 [main] INFO  base.BaseClass - Found Element By {by.toString()}
2023-11-29 21:47:23,043 [main] INFO  base.BaseClass - Trying to find Element By {by.toString()})
2023-11-29 21:47:23,072 [main] INFO  base.BaseClass - Found Element By {by.toString()}
2023-11-29 21:47:23,606 [main] INFO  base.BaseClass - Trying to find Element By {by.toString()})
2023-11-29 21:47:23,633 [main] INFO  base.BaseClass - Found Element By {by.toString()}
2023-11-29 21:47:24,168 [main] INFO  base.BaseClass - Trying to find Element By {by.toString()})
2023-11-29 21:47:24,196 [main] INFO  base.BaseClass - Found Element By {by.toString()}
2023-11-29 21:47:24,719 [main] INFO  base.BaseClass - Trying to find Element By {by.toString()})
2023-11-29 21:47:24,747 [main] INFO  base.BaseClass - Found Element By {by.toString()}
2023-11-29 21:47:25,279 [main] INFO  base.BaseClass - Trying to find Element By {by.toString()})
2023-11-29 21:47:25,306 [main] INFO  base.BaseClass - Found Element By {by.toString()}
2023-11-29 21:47:25,828 [main] INFO  base.BaseClass - Trying to find Element By {by.toString()})
2023-11-29 21:47:25,855 [main] INFO  base.BaseClass - Found Element By {by.toString()}
2023-11-29 21:47:26,391 [main] INFO  base.BaseClass - Trying to find Element By {by.toString()})
2023-11-29 21:47:26,418 [main] INFO  base.BaseClass - Found Element By {by.toString()}
2023-11-29 21:47:26,953 [main] INFO  base.BaseClass - Trying to find Element By {by.toString()})
2023-11-29 21:47:26,981 [main] INFO  base.BaseClass - Found Element By {by.toString()}
2023-11-29 21:47:27,517 [main] INFO  base.BaseClass - Trying to find Element By {by.toString()})
2023-11-29 21:47:27,546 [main] INFO  base.BaseClass - Found Element By {by.toString()}
2023-11-29 21:47:28,081 [main] INFO  base.BaseClass - Trying to find Element By {by.toString()})
2023-11-29 21:47:28,108 [main] INFO  base.BaseClass - Found Element By {by.toString()}
2023-11-29 21:47:28,640 [main] INFO  base.BaseClass - Trying to find Element By {by.toString()})
2023-11-29 21:47:28,669 [main] INFO  base.BaseClass - Found Element By {by.toString()}
2023-11-29 21:47:29,204 [main] INFO  base.BaseClass - Trying to find Element By {by.toString()})
2023-11-29 21:47:29,233 [main] INFO  base.BaseClass - Found Element By {by.toString()}
2023-11-29 21:47:29,769 [main] INFO  base.BaseClass - Trying to find Element By {by.toString()})
2023-11-29 21:47:29,797 [main] INFO  base.BaseClass - Found Element By {by.toString()}
2023-11-29 21:47:30,321 [main] INFO  base.BaseClass - Trying to find Element By {by.toString()})
2023-11-29 21:47:30,348 [main] INFO  base.BaseClass - Found Element By {by.toString()}
2023-11-29 21:47:30,880 [main] INFO  base.BaseClass - Trying to find Element By {by.toString()})
2023-11-29 21:47:30,907 [main] INFO  base.BaseClass - Found Element By {by.toString()}
2023-11-29 21:47:31,442 [main] INFO  base.BaseClass - Trying to find Element By {by.toString()})
2023-11-29 21:47:31,471 [main] INFO  base.BaseClass - Found Element By {by.toString()}
2023-11-29 21:47:32,004 [main] INFO  base.BaseClass - Trying to find Element By {by.toString()})
2023-11-29 21:47:32,031 [main] INFO  base.BaseClass - Found Element By {by.toString()}
2023-11-29 21:47:32,566 [main] INFO  base.BaseClass - Trying to find Element By {by.toString()})
2023-11-29 21:47:32,595 [main] INFO  base.BaseClass - Found Element By {by.toString()}
2023-11-29 21:47:33,126 [main] INFO  base.BaseClass - Trying to find Element By {by.toString()})
2023-11-29 21:47:33,152 [main] INFO  base.BaseClass - Found Element By {by.toString()}
2023-11-29 21:47:33,689 [main] INFO  base.BaseClass - Trying to find Element By {by.toString()})
2023-11-29 21:47:33,742 [main] INFO  base.BaseClass - Found Element By {by.toString()}
2023-11-29 21:47:34,267 [main] INFO  base.BaseClass - Trying to find Element By {by.toString()})
2023-11-29 21:47:34,293 [main] INFO  base.BaseClass - Found Element By {by.toString()}
2023-11-29 21:47:34,830 [main] INFO  base.BaseClass - Trying to find Element By {by.toString()})
2023-11-29 21:47:34,858 [main] INFO  base.BaseClass - Found Element By {by.toString()}
2023-11-29 21:47:35,382 [main] INFO  base.BaseClass - Trying to find Element By {by.toString()})
2023-11-29 21:47:35,407 [main] INFO  base.BaseClass - Found Element By {by.toString()}
2023-11-29 21:47:35,930 [main] INFO  base.BaseClass - Trying to find Element By {by.toString()})
2023-11-29 21:47:35,956 [main] INFO  base.BaseClass - Found Element By {by.toString()}
2023-11-29 21:47:36,477 [main] INFO  base.BaseClass - Trying to find Element By {by.toString()})
2023-11-29 21:47:36,503 [main] INFO  base.BaseClass - Found Element By {by.toString()}
2023-11-29 21:47:37,028 [main] INFO  base.BaseClass - Trying to find Element By {by.toString()})
2023-11-29 21:47:37,055 [main] INFO  base.BaseClass - Found Element By {by.toString()}
2023-11-29 21:47:37,588 [main] INFO  base.BaseClass - Trying to find Element By {by.toString()})
2023-11-29 21:47:37,615 [main] INFO  base.BaseClass - Found Element By {by.toString()}
2023-11-29 21:47:38,152 [main] INFO  base.BaseClass - Trying to find Element By {by.toString()})
2023-11-29 21:47:38,179 [main] INFO  base.BaseClass - Found Element By {by.toString()}
2023-11-29 21:47:38,717 [main] INFO  base.BaseClass - Trying to find Element By {by.toString()})
2023-11-29 21:47:38,743 [main] INFO  base.BaseClass - Found Element By {by.toString()}
2023-11-29 21:47:39,281 [main] INFO  base.BaseClass - Trying to find Element By {by.toString()})
2023-11-29 21:47:39,308 [main] INFO  base.BaseClass - Found Element By {by.toString()}
2023-11-29 21:47:39,845 [main] INFO  base.BaseClass - Trying to find Element By {by.toString()})
2023-11-29 21:47:41,066 [main] INFO  base.BaseClass - Found Element By {by.toString()}
2023-11-29 21:47:41,592 [main] INFO  base.BaseClass - Trying to find Element By {by.toString()})
2023-11-29 21:47:41,619 [main] INFO  base.BaseClass - Found Element By {by.toString()}
2023-11-29 21:47:42,158 [main] INFO  base.BaseClass - Trying to find Element By {by.toString()})
2023-11-29 21:47:42,185 [main] INFO  base.BaseClass - Found Element By {by.toString()}
2023-11-29 21:47:42,709 [main] INFO  base.BaseClass - Trying to find Element By {by.toString()})
2023-11-29 21:47:42,735 [main] INFO  base.BaseClass - Found Element By {by.toString()}
2023-11-29 21:47:43,266 [main] INFO  base.BaseClass - Trying to find Element By {by.toString()})
2023-11-29 21:47:43,292 [main] INFO  base.BaseClass - Found Element By {by.toString()}
2023-11-29 21:47:43,815 [main] INFO  base.BaseClass - Trying to find Element By {by.toString()})
2023-11-29 21:47:43,842 [main] INFO  base.BaseClass - Found Element By {by.toString()}
2023-11-29 21:47:44,364 [main] INFO  base.BaseClass - Trying to find Element By {by.toString()})
2023-11-29 21:47:44,389 [main] INFO  base.BaseClass - Found Element By {by.toString()}
2023-11-29 21:47:44,924 [main] INFO  base.BaseClass - Trying to find Element By {by.toString()})
2023-11-29 21:47:44,951 [main] INFO  base.BaseClass - Found Element By {by.toString()}
2023-11-29 21:47:45,486 [main] INFO  base.BaseClass - Trying to find Element By {by.toString()})
2023-11-29 21:47:45,511 [main] INFO  base.BaseClass - Found Element By {by.toString()}
2023-11-29 21:47:46,034 [main] INFO  base.BaseClass - Trying to find Element By {by.toString()})
2023-11-29 21:47:46,061 [main] INFO  base.BaseClass - Found Element By {by.toString()}
2023-11-29 21:47:46,597 [main] INFO  base.BaseClass - Trying to find Element By {by.toString()})
2023-11-29 21:47:47,372 [main] INFO  base.BaseClass - Found Element By {by.toString()}
2023-11-29 21:47:47,897 [main] INFO  base.BaseClass - Trying to find Element By {by.toString()})
2023-11-29 21:47:47,922 [main] INFO  base.BaseClass - Found Element By {by.toString()}
2023-11-29 21:47:48,446 [main] INFO  base.BaseClass - Trying to find Element By {by.toString()})
2023-11-29 21:47:48,473 [main] INFO  base.BaseClass - Found Element By {by.toString()}
2023-11-29 21:47:49,009 [main] INFO  base.BaseClass - Trying to find Element By {by.toString()})
2023-11-29 21:47:49,036 [main] INFO  base.BaseClass - Found Element By {by.toString()}
2023-11-29 21:47:49,569 [main] INFO  base.BaseClass - Trying to find Element By {by.toString()})
2023-11-29 21:47:49,595 [main] INFO  base.BaseClass - Found Element By {by.toString()}
2023-11-29 21:47:50,118 [main] INFO  base.BaseClass - Trying to find Element By {by.toString()})
2023-11-29 21:47:50,145 [main] INFO  base.BaseClass - Found Element By {by.toString()}
2023-11-29 21:47:50,682 [main] INFO  base.BaseClass - Trying to find Element By {by.toString()})
2023-11-29 21:47:50,706 [main] INFO  base.BaseClass - Found Element By {by.toString()}
2023-11-29 21:47:51,234 [main] INFO  base.BaseClass - Trying to find Element By {by.toString()})
2023-11-29 21:47:51,260 [main] INFO  base.BaseClass - Found Element By {by.toString()}
2023-11-29 21:47:51,785 [main] INFO  base.BaseClass - Trying to find Element By {by.toString()})
2023-11-29 21:47:51,811 [main] INFO  base.BaseClass - Found Element By {by.toString()}
2023-11-29 21:47:52,346 [main] INFO  base.BaseClass - Trying to find Element By {by.toString()})
2023-11-29 21:47:52,370 [main] INFO  base.BaseClass - Found Element By {by.toString()}
2023-11-29 21:47:52,904 [main] INFO  base.BaseClass - Trying to find Element By {by.toString()})
2023-11-29 21:47:52,930 [main] INFO  base.BaseClass - Found Element By {by.toString()}
2023-11-29 21:47:53,452 [main] INFO  base.BaseClass - Trying to find Element By {by.toString()})
2023-11-29 21:47:53,480 [main] INFO  base.BaseClass - Found Element By {by.toString()}
2023-11-29 21:47:54,013 [main] INFO  base.BaseClass - Trying to find Element By {by.toString()})
2023-11-29 21:47:54,040 [main] INFO  base.BaseClass - Found Element By {by.toString()}
2023-11-29 21:47:54,573 [main] INFO  base.BaseClass - Trying to find Element By {by.toString()})
2023-11-29 21:47:54,601 [main] INFO  base.BaseClass - Found Element By {by.toString()}
2023-11-29 21:47:55,133 [main] INFO  base.BaseClass - Trying to find Element By {by.toString()})
2023-11-29 21:47:55,159 [main] INFO  base.BaseClass - Found Element By {by.toString()}
2023-11-29 21:47:55,692 [main] INFO  base.BaseClass - Trying to find Element By {by.toString()})
2023-11-29 21:47:55,720 [main] INFO  base.BaseClass - Found Element By {by.toString()}
2023-11-29 21:47:56,238 [main] INFO  base.BaseClass - Trying to find Element By {by.toString()})
2023-11-29 21:47:56,264 [main] INFO  base.BaseClass - Found Element By {by.toString()}
2023-11-29 21:47:56,786 [main] INFO  base.BaseClass - Trying to find Element By {by.toString()})
2023-11-29 21:47:56,812 [main] INFO  base.BaseClass - Found Element By {by.toString()}
2023-11-29 21:47:57,338 [main] INFO  base.BaseClass - Trying to find Element By {by.toString()})
2023-11-29 21:47:57,364 [main] INFO  base.BaseClass - Found Element By {by.toString()}
2023-11-29 21:47:57,885 [main] INFO  base.BaseClass - Trying to find Element By {by.toString()})
2023-11-29 21:47:57,912 [main] INFO  base.BaseClass - Found Element By {by.toString()}
2023-11-29 21:47:58,444 [main] INFO  base.BaseClass - Trying to find Element By {by.toString()})
2023-11-29 21:47:58,471 [main] INFO  base.BaseClass - Found Element By {by.toString()}
2023-11-29 21:47:58,996 [main] INFO  base.BaseClass - Trying to find Element By {by.toString()})
2023-11-29 21:47:59,009 [main] INFO  base.BaseClass - Found Element By {by.toString()}
2023-11-29 21:47:59,529 [main] INFO  base.BaseClass - Trying to find Element By {by.toString()})
2023-11-29 21:47:59,556 [main] INFO  base.BaseClass - Found Element By {by.toString()}
2023-11-29 21:48:00,080 [main] INFO  base.BaseClass - Trying to find Element By {by.toString()})
2023-11-29 21:48:00,097 [main] INFO  base.BaseClass - Found Element By {by.toString()}
2023-11-29 21:48:00,627 [main] INFO  base.BaseClass - Trying to find Element By {by.toString()})
2023-11-29 21:48:00,654 [main] INFO  base.BaseClass - Found Element By {by.toString()}
2023-11-29 21:48:01,191 [main] INFO  base.BaseClass - Trying to find Element By {by.toString()})
2023-11-29 21:48:01,219 [main] INFO  base.BaseClass - Found Element By {by.toString()}
2023-11-29 21:48:01,741 [main] INFO  base.BaseClass - Trying to find Element By {by.toString()})
2023-11-29 21:48:01,769 [main] INFO  base.BaseClass - Found Element By {by.toString()}
2023-11-29 21:48:02,303 [main] INFO  base.BaseClass - Trying to find Element By {by.toString()})
2023-11-29 21:48:02,331 [main] INFO  base.BaseClass - Found Element By {by.toString()}
2023-11-29 21:48:02,865 [main] INFO  base.BaseClass - Trying to find Element By {by.toString()})
2023-11-29 21:48:02,892 [main] INFO  base.BaseClass - Found Element By {by.toString()}
2023-11-29 21:48:03,426 [main] INFO  base.BaseClass - Trying to find Element By {by.toString()})
2023-11-29 21:48:03,451 [main] INFO  base.BaseClass - Found Element By {by.toString()}
2023-11-29 21:48:03,972 [main] INFO  base.BaseClass - Trying to find Element By {by.toString()})
2023-11-29 21:48:03,983 [main] INFO  base.BaseClass - Found Element By {by.toString()}
2023-11-29 21:48:04,503 [main] INFO  base.BaseClass - Trying to find Element By {by.toString()})
2023-11-29 21:48:04,530 [main] INFO  base.BaseClass - Found Element By {by.toString()}
2023-11-29 21:48:05,060 [main] INFO  base.BaseClass - Trying to find Element By {by.toString()})
2023-11-29 21:48:05,085 [main] INFO  base.BaseClass - Found Element By {by.toString()}
2023-11-29 21:48:05,608 [main] INFO  base.BaseClass - Trying to find Element By {by.toString()})
2023-11-29 21:48:05,637 [main] INFO  base.BaseClass - Found Element By {by.toString()}
2023-11-29 21:48:06,172 [main] INFO  base.BaseClass - Trying to find Element By {by.toString()})
2023-11-29 21:48:06,199 [main] INFO  base.BaseClass - Found Element By {by.toString()}
2023-11-29 21:48:06,736 [main] INFO  base.BaseClass - Trying to find Element By {by.toString()})
2023-11-29 21:48:06,762 [main] INFO  base.BaseClass - Found Element By {by.toString()}
2023-11-29 21:48:07,297 [main] INFO  base.BaseClass - Trying to find Element By {by.toString()})
2023-11-29 21:48:07,324 [main] INFO  base.BaseClass - Found Element By {by.toString()}
2023-11-29 21:48:07,857 [main] INFO  base.BaseClass - Trying to find Element By {by.toString()})
2023-11-29 21:48:07,883 [main] INFO  base.BaseClass - Found Element By {by.toString()}
2023-11-29 21:48:08,419 [main] INFO  base.BaseClass - Trying to find Element By {by.toString()})
2023-11-29 21:48:08,445 [main] INFO  base.BaseClass - Found Element By {by.toString()}
2023-11-29 21:48:08,967 [main] INFO  base.BaseClass - Trying to find Element By {by.toString()})
2023-11-29 21:48:08,993 [main] INFO  base.BaseClass - Found Element By {by.toString()}
2023-11-29 21:48:09,516 [main] INFO  base.BaseClass - Trying to find Element By {by.toString()})
2023-11-29 21:48:09,543 [main] INFO  base.BaseClass - Found Element By {by.toString()}
2023-11-29 21:48:10,078 [main] INFO  base.BaseClass - Trying to find Element By {by.toString()})
2023-11-29 21:48:10,103 [main] INFO  base.BaseClass - Found Element By {by.toString()}
2023-11-29 21:48:10,632 [main] INFO  base.BaseClass - Trying to find Element By {by.toString()})
2023-11-29 21:48:10,659 [main] INFO  base.BaseClass - Found Element By {by.toString()}
2023-11-29 21:48:11,182 [main] INFO  base.BaseClass - Trying to find Element By {by.toString()})
2023-11-29 21:48:11,207 [main] INFO  base.BaseClass - Found Element By {by.toString()}
2023-11-29 21:48:11,733 [main] INFO  base.BaseClass - Trying to find Element By {by.toString()})
2023-11-29 21:48:11,759 [main] INFO  base.BaseClass - Found Element By {by.toString()}
2023-11-29 21:48:12,280 [main] INFO  base.BaseClass - Trying to find Element By {by.toString()})
2023-11-29 21:48:12,306 [main] INFO  base.BaseClass - Found Element By {by.toString()}
2023-11-29 21:48:12,827 [main] INFO  base.BaseClass - Trying to find Element By {by.toString()})
2023-11-29 21:48:12,854 [main] INFO  base.BaseClass - Found Element By {by.toString()}
2023-11-29 21:48:13,391 [main] INFO  base.BaseClass - Trying to find Element By {by.toString()})
2023-11-29 21:48:13,409 [main] INFO  base.BaseClass - Found Element By {by.toString()}
2023-11-29 21:48:13,924 [main] INFO  base.BaseClass - Trying to find Element By {by.toString()})
2023-11-29 21:48:13,971 [main] INFO  base.BaseClass - Found Element By {by.toString()}
2023-11-29 21:48:14,489 [main] INFO  base.BaseClass - Trying to find Element By {by.toString()})
2023-11-29 21:48:14,516 [main] INFO  base.BaseClass - Found Element By {by.toString()}
2023-11-29 21:48:15,037 [main] INFO  base.BaseClass - Trying to find Element By {by.toString()})
2023-11-29 21:48:15,064 [main] INFO  base.BaseClass - Found Element By {by.toString()}
2023-11-29 21:48:15,596 [main] INFO  base.BaseClass - Trying to find Element By {by.toString()})
2023-11-29 21:48:15,622 [main] INFO  base.BaseClass - Found Element By {by.toString()}
2023-11-29 21:48:16,145 [main] INFO  base.BaseClass - Trying to find Element By {by.toString()})
2023-11-29 21:48:16,171 [main] INFO  base.BaseClass - Found Element By {by.toString()}
2023-11-29 21:48:16,695 [main] INFO  base.BaseClass - Trying to find Element By {by.toString()})
2023-11-29 21:48:16,723 [main] INFO  base.BaseClass - Found Element By {by.toString()}
2023-11-29 21:48:17,245 [main] INFO  base.BaseClass - Trying to find Element By {by.toString()})
2023-11-29 21:48:17,274 [main] INFO  base.BaseClass - Found Element By {by.toString()}
2023-11-29 21:48:17,804 [main] INFO  base.BaseClass - Trying to find Element By {by.toString()})
2023-11-29 21:48:17,830 [main] INFO  base.BaseClass - Found Element By {by.toString()}
2023-11-29 21:48:18,368 [main] INFO  base.BaseClass - Trying to find Element By {by.toString()})
2023-11-29 21:48:18,395 [main] INFO  base.BaseClass - Found Element By {by.toString()}
2023-11-29 21:48:18,928 [main] INFO  base.BaseClass - Trying to find Element By {by.toString()})
2023-11-29 21:48:18,952 [main] INFO  base.BaseClass - Found Element By {by.toString()}
2023-11-29 21:48:19,476 [main] INFO  base.BaseClass - Trying to find Element By {by.toString()})
2023-11-29 21:48:19,502 [main] INFO  base.BaseClass - Found Element By {by.toString()}
TimeoutException occurred: Expected condition failed: waiting for helper.WaitUtility$3@658a2b99 (tried for 60 second(s) with 500 milliseconds interval)
Build info: version: '3.141.59', revision: 'e82be7d358', time: '2018-11-14T08:17:03'
System info: host: 'DPLAP166', ip: '137.237.3.153', os.name: 'Windows 10', os.arch: 'amd64', os.version: '10.0', java.version: '19.0.1'
Driver info: org.openqa.selenium.support.events.EventFiringWebDriver
Capabilities {acceptInsecureCerts: true, browserName: chrome, browserVersion: 119.0.6045.200, chrome: {chromedriverVersion: 119.0.6045.105 (38c72552c5e..., userDataDir: C:\Users\dP-PL\AppData\Loca...}, fedcm:accounts: true, goog:chromeOptions: {debuggerAddress: localhost:52174}, javascriptEnabled: true, networkConnectionEnabled: false, pageLoadStrategy: normal, platform: WINDOWS, platformName: WINDOWS, proxy: Proxy(), setWindowRect: true, strictFileInteractability: false, timeouts: {implicit: 0, pageLoad: 300000, script: 30000}, unhandledPromptBehavior: dismiss and notify, webauthn:extension:credBlob: true, webauthn:extension:largeBlob: true, webauthn:extension:minPinLength: true, webauthn:extension:prf: true, webauthn:virtualAuthenticators: true}
Session ID: 9904d8dcdce8f65bcf1cf5b9aa8273f1
2023-11-29 21:48:19,522 [main] ERROR XGLT_15177_Test - Element did not become visible within the specified time: Expected condition failed: waiting for helper.WaitUtility$3@658a2b99 (tried for 60 second(s) with 500 milliseconds interval)
Build info: version: '3.141.59', revision: 'e82be7d358', time: '2018-11-14T08:17:03'
System info: host: 'DPLAP166', ip: '137.237.3.153', os.name: 'Windows 10', os.arch: 'amd64', os.version: '10.0', java.version: '19.0.1'
Driver info: org.openqa.selenium.support.events.EventFiringWebDriver
Capabilities {acceptInsecureCerts: true, browserName: chrome, browserVersion: 119.0.6045.200, chrome: {chromedriverVersion: 119.0.6045.105 (38c72552c5e..., userDataDir: C:\Users\dP-PL\AppData\Loca...}, fedcm:accounts: true, goog:chromeOptions: {debuggerAddress: localhost:52174}, javascriptEnabled: true, networkConnectionEnabled: false, pageLoadStrategy: normal, platform: WINDOWS, platformName: WINDOWS, proxy: Proxy(), setWindowRect: true, strictFileInteractability: false, timeouts: {implicit: 0, pageLoad: 300000, script: 30000}, unhandledPromptBehavior: dismiss and notify, webauthn:extension:credBlob: true, webauthn:extension:largeBlob: true, webauthn:extension:minPinLength: true, webauthn:extension:prf: true, webauthn:virtualAuthenticators: true}
Session ID: 9904d8dcdce8f65bcf1cf5b9aa8273f1
2023-11-29 21:48:19,522 [main] INFO  base.BaseClass - Trying to find Element By {by.toString()})
2023-11-29 21:48:19,556 [main] INFO  base.BaseClass - Found Element By {by.toString()}
2023-11-29 21:48:19,593 [main] INFO  base.BaseClass - Trying to find Element By {by.toString()})
2023-11-29 21:48:19,610 [main] INFO  base.BaseClass - Found Element By {by.toString()}
Mc count 758
2023-11-29 21:48:19,864 [main] INFO  base.BaseClass - Trying to find Element By {by.toString()})
TimeoutException occurred: Expected condition failed: waiting for helper.WaitUtility$4@10c64b0b (tried for 50 second(s) with 500 milliseconds interval)
2023-11-29 21:49:09,951 [main] ERROR XGLT_15177_Test - Element did not become visible within the specified time: Expected condition failed: waiting for helper.WaitUtility$4@10c64b0b (tried for 50 second(s) with 500 milliseconds interval)
2023-11-29 21:49:09,951 [main] INFO  base.BaseClass - Trying to find Element By {by.toString()})
2023-11-29 21:49:09,975 [main] INFO  base.BaseClass - Found Element By {by.toString()}
2023-11-29 21:49:10,521 [main] INFO  base.BaseClass - Trying to find Element By {by.toString()})
2023-11-29 21:49:10,546 [main] INFO  base.BaseClass - Found Element By {by.toString()}
2023-11-29 21:49:11,100 [main] INFO  base.BaseClass - Trying to find Element By {by.toString()})
2023-11-29 21:49:11,125 [main] INFO  base.BaseClass - Found Element By {by.toString()}
2023-11-29 21:49:11,661 [main] INFO  base.BaseClass - Trying to find Element By {by.toString()})
2023-11-29 21:49:11,686 [main] INFO  base.BaseClass - Found Element By {by.toString()}
2023-11-29 21:49:12,223 [main] INFO  base.BaseClass - Trying to find Element By {by.toString()})
2023-11-29 21:49:12,252 [main] INFO  base.BaseClass - Found Element By {by.toString()}
2023-11-29 21:49:12,787 [main] INFO  base.BaseClass - Trying to find Element By {by.toString()})
2023-11-29 21:49:12,813 [main] INFO  base.BaseClass - Found Element By {by.toString()}
2023-11-29 21:49:13,364 [main] INFO  base.BaseClass - Trying to find Element By {by.toString()})
2023-11-29 21:49:13,390 [main] INFO  base.BaseClass - Found Element By {by.toString()}
2023-11-29 21:49:13,931 [main] INFO  base.BaseClass - Trying to find Element By {by.toString()})
2023-11-29 21:49:13,956 [main] INFO  base.BaseClass - Found Element By {by.toString()}
2023-11-29 21:49:14,495 [main] INFO  base.BaseClass - Trying to find Element By {by.toString()})
2023-11-29 21:49:14,521 [main] INFO  base.BaseClass - Found Element By {by.toString()}
2023-11-29 21:49:15,069 [main] INFO  base.BaseClass - Trying to find Element By {by.toString()})
2023-11-29 21:49:15,095 [main] INFO  base.BaseClass - Found Element By {by.toString()}
2023-11-29 21:49:15,633 [main] INFO  base.BaseClass - Trying to find Element By {by.toString()})
2023-11-29 21:49:15,661 [main] INFO  base.BaseClass - Found Element By {by.toString()}
2023-11-29 21:49:16,207 [main] INFO  base.BaseClass - Trying to find Element By {by.toString()})
2023-11-29 21:49:16,233 [main] INFO  base.BaseClass - Found Element By {by.toString()}
2023-11-29 21:49:16,785 [main] INFO  base.BaseClass - Trying to find Element By {by.toString()})
2023-11-29 21:49:16,800 [main] INFO  base.BaseClass - Found Element By {by.toString()}
2023-11-29 21:49:17,329 [main] INFO  base.BaseClass - Trying to find Element By {by.toString()})
2023-11-29 21:49:17,363 [main] INFO  base.BaseClass - Found Element By {by.toString()}
2023-11-29 21:49:17,908 [main] INFO  base.BaseClass - Trying to find Element By {by.toString()})
2023-11-29 21:49:17,936 [main] INFO  base.BaseClass - Found Element By {by.toString()}
2023-11-29 21:49:18,486 [main] INFO  base.BaseClass - Trying to find Element By {by.toString()})
2023-11-29 21:49:18,515 [main] INFO  base.BaseClass - Found Element By {by.toString()}
2023-11-29 21:49:19,066 [main] INFO  base.BaseClass - Trying to find Element By {by.toString()})
2023-11-29 21:49:19,096 [main] INFO  base.BaseClass - Found Element By {by.toString()}
2023-11-29 21:49:19,631 [main] INFO  base.BaseClass - Trying to find Element By {by.toString()})
2023-11-29 21:49:19,659 [main] INFO  base.BaseClass - Found Element By {by.toString()}
2023-11-29 21:49:20,212 [main] INFO  base.BaseClass - Trying to find Element By {by.toString()})
2023-11-29 21:49:20,243 [main] INFO  base.BaseClass - Found Element By {by.toString()}
2023-11-29 21:49:20,791 [main] INFO  base.BaseClass - Trying to find Element By {by.toString()})
2023-11-29 21:49:20,816 [main] INFO  base.BaseClass - Found Element By {by.toString()}
2023-11-29 21:49:21,369 [main] INFO  base.BaseClass - Trying to find Element By {by.toString()})
2023-11-29 21:49:21,395 [main] INFO  base.BaseClass - Found Element By {by.toString()}
2023-11-29 21:49:21,945 [main] INFO  base.BaseClass - Trying to find Element By {by.toString()})
2023-11-29 21:49:21,970 [main] INFO  base.BaseClass - Found Element By {by.toString()}
2023-11-29 21:49:22,512 [main] INFO  base.BaseClass - Trying to find Element By {by.toString()})
2023-11-29 21:49:22,539 [main] INFO  base.BaseClass - Found Element By {by.toString()}
2023-11-29 21:49:23,077 [main] INFO  base.BaseClass - Trying to find Element By {by.toString()})
2023-11-29 21:49:23,103 [main] INFO  base.BaseClass - Found Element By {by.toString()}
2023-11-29 21:49:23,642 [main] INFO  base.BaseClass - Trying to find Element By {by.toString()})
2023-11-29 21:49:23,668 [main] INFO  base.BaseClass - Found Element By {by.toString()}
2023-11-29 21:49:24,217 [main] INFO  base.BaseClass - Trying to find Element By {by.toString()})
2023-11-29 21:49:24,242 [main] INFO  base.BaseClass - Found Element By {by.toString()}
2023-11-29 21:49:24,779 [main] INFO  base.BaseClass - Trying to find Element By {by.toString()})
2023-11-29 21:49:24,804 [main] INFO  base.BaseClass - Found Element By {by.toString()}
2023-11-29 21:49:25,344 [main] INFO  base.BaseClass - Trying to find Element By {by.toString()})
2023-11-29 21:49:25,372 [main] INFO  base.BaseClass - Found Element By {by.toString()}
2023-11-29 21:49:25,922 [main] INFO  base.BaseClass - Trying to find Element By {by.toString()})
2023-11-29 21:49:25,947 [main] INFO  base.BaseClass - Found Element By {by.toString()}
2023-11-29 21:49:26,486 [main] INFO  base.BaseClass - Trying to find Element By {by.toString()})
2023-11-29 21:49:26,510 [main] INFO  base.BaseClass - Found Element By {by.toString()}
2023-11-29 21:49:27,051 [main] INFO  base.BaseClass - Trying to find Element By {by.toString()})
2023-11-29 21:49:27,078 [main] INFO  base.BaseClass - Found Element By {by.toString()}
2023-11-29 21:49:27,628 [main] INFO  base.BaseClass - Trying to find Element By {by.toString()})
2023-11-29 21:49:27,651 [main] INFO  base.BaseClass - Found Element By {by.toString()}
2023-11-29 21:49:28,188 [main] INFO  base.BaseClass - Trying to find Element By {by.toString()})
2023-11-29 21:49:28,214 [main] INFO  base.BaseClass - Found Element By {by.toString()}
2023-11-29 21:49:28,754 [main] INFO  base.BaseClass - Trying to find Element By {by.toString()})
2023-11-29 21:49:28,783 [main] INFO  base.BaseClass - Found Element By {by.toString()}
2023-11-29 21:49:29,331 [main] INFO  base.BaseClass - Trying to find Element By {by.toString()})
2023-11-29 21:49:29,357 [main] INFO  base.BaseClass - Found Element By {by.toString()}
2023-11-29 21:49:29,906 [main] INFO  base.BaseClass - Trying to find Element By {by.toString()})
2023-11-29 21:49:29,932 [main] INFO  base.BaseClass - Found Element By {by.toString()}
2023-11-29 21:49:30,470 [main] INFO  base.BaseClass - Trying to find Element By {by.toString()})
2023-11-29 21:49:30,496 [main] INFO  base.BaseClass - Found Element By {by.toString()}
2023-11-29 21:49:31,034 [main] INFO  base.BaseClass - Trying to find Element By {by.toString()})
2023-11-29 21:49:31,062 [main] INFO  base.BaseClass - Found Element By {by.toString()}
2023-11-29 21:49:31,600 [main] INFO  base.BaseClass - Trying to find Element By {by.toString()})
2023-11-29 21:49:31,626 [main] INFO  base.BaseClass - Found Element By {by.toString()}
2023-11-29 21:49:32,176 [main] INFO  base.BaseClass - Trying to find Element By {by.toString()})
2023-11-29 21:49:32,202 [main] INFO  base.BaseClass - Found Element By {by.toString()}
2023-11-29 21:49:32,741 [main] INFO  base.BaseClass - Trying to find Element By {by.toString()})
2023-11-29 21:49:32,769 [main] INFO  base.BaseClass - Found Element By {by.toString()}
2023-11-29 21:49:33,305 [main] INFO  base.BaseClass - Trying to find Element By {by.toString()})
2023-11-29 21:49:33,331 [main] INFO  base.BaseClass - Found Element By {by.toString()}
2023-11-29 21:49:33,880 [main] INFO  base.BaseClass - Trying to find Element By {by.toString()})
2023-11-29 21:49:33,905 [main] INFO  base.BaseClass - Found Element By {by.toString()}
2023-11-29 21:49:34,456 [main] INFO  base.BaseClass - Trying to find Element By {by.toString()})
2023-11-29 21:49:34,479 [main] INFO  base.BaseClass - Found Element By {by.toString()}
2023-11-29 21:49:35,028 [main] INFO  base.BaseClass - Trying to find Element By {by.toString()})
2023-11-29 21:49:35,056 [main] INFO  base.BaseClass - Found Element By {by.toString()}
2023-11-29 21:49:35,594 [main] INFO  base.BaseClass - Trying to find Element By {by.toString()})
2023-11-29 21:49:35,621 [main] INFO  base.BaseClass - Found Element By {by.toString()}
2023-11-29 21:49:36,174 [main] INFO  base.BaseClass - Trying to find Element By {by.toString()})
2023-11-29 21:49:36,200 [main] INFO  base.BaseClass - Found Element By {by.toString()}
2023-11-29 21:49:36,741 [main] INFO  base.BaseClass - Trying to find Element By {by.toString()})
2023-11-29 21:49:36,768 [main] INFO  base.BaseClass - Found Element By {by.toString()}
2023-11-29 21:49:37,321 [main] INFO  base.BaseClass - Trying to find Element By {by.toString()})
2023-11-29 21:49:37,346 [main] INFO  base.BaseClass - Found Element By {by.toString()}
2023-11-29 21:49:37,883 [main] INFO  base.BaseClass - Trying to find Element By {by.toString()})
2023-11-29 21:49:37,909 [main] INFO  base.BaseClass - Found Element By {by.toString()}
2023-11-29 21:49:38,446 [main] INFO  base.BaseClass - Trying to find Element By {by.toString()})
2023-11-29 21:49:38,471 [main] INFO  base.BaseClass - Found Element By {by.toString()}
2023-11-29 21:49:39,010 [main] INFO  base.BaseClass - Trying to find Element By {by.toString()})
2023-11-29 21:49:39,035 [main] INFO  base.BaseClass - Found Element By {by.toString()}
2023-11-29 21:49:39,574 [main] INFO  base.BaseClass - Trying to find Element By {by.toString()})
2023-11-29 21:49:39,600 [main] INFO  base.BaseClass - Found Element By {by.toString()}
2023-11-29 21:49:40,137 [main] INFO  base.BaseClass - Trying to find Element By {by.toString()})
2023-11-29 21:49:40,162 [main] INFO  base.BaseClass - Found Element By {by.toString()}
TimeoutException occurred: Expected condition failed: waiting for helper.WaitUtility$5@45f5baf5 (tried for 30 second(s) with 500 milliseconds interval)
Build info: version: '3.141.59', revision: 'e82be7d358', time: '2018-11-14T08:17:03'
System info: host: 'DPLAP166', ip: '137.237.3.153', os.name: 'Windows 10', os.arch: 'amd64', os.version: '10.0', java.version: '19.0.1'
Driver info: org.openqa.selenium.support.events.EventFiringWebDriver
Capabilities {acceptInsecureCerts: true, browserName: chrome, browserVersion: 119.0.6045.200, chrome: {chromedriverVersion: 119.0.6045.105 (38c72552c5e..., userDataDir: C:\Users\dP-PL\AppData\Loca...}, fedcm:accounts: true, goog:chromeOptions: {debuggerAddress: localhost:52174}, javascriptEnabled: true, networkConnectionEnabled: false, pageLoadStrategy: normal, platform: WINDOWS, platformName: WINDOWS, proxy: Proxy(), setWindowRect: true, strictFileInteractability: false, timeouts: {implicit: 0, pageLoad: 300000, script: 30000}, unhandledPromptBehavior: dismiss and notify, webauthn:extension:credBlob: true, webauthn:extension:largeBlob: true, webauthn:extension:minPinLength: true, webauthn:extension:prf: true, webauthn:virtualAuthenticators: true}
Session ID: 9904d8dcdce8f65bcf1cf5b9aa8273f1
2023-11-29 21:49:40,199 [main] ERROR XGLT_15177_Test - Element did not become visible within the specified time: Expected condition failed: waiting for helper.WaitUtility$5@45f5baf5 (tried for 30 second(s) with 500 milliseconds interval)
Build info: version: '3.141.59', revision: 'e82be7d358', time: '2018-11-14T08:17:03'
System info: host: 'DPLAP166', ip: '137.237.3.153', os.name: 'Windows 10', os.arch: 'amd64', os.version: '10.0', java.version: '19.0.1'
Driver info: org.openqa.selenium.support.events.EventFiringWebDriver
Capabilities {acceptInsecureCerts: true, browserName: chrome, browserVersion: 119.0.6045.200, chrome: {chromedriverVersion: 119.0.6045.105 (38c72552c5e..., userDataDir: C:\Users\dP-PL\AppData\Loca...}, fedcm:accounts: true, goog:chromeOptions: {debuggerAddress: localhost:52174}, javascriptEnabled: true, networkConnectionEnabled: false, pageLoadStrategy: normal, platform: WINDOWS, platformName: WINDOWS, proxy: Proxy(), setWindowRect: true, strictFileInteractability: false, timeouts: {implicit: 0, pageLoad: 300000, script: 30000}, unhandledPromptBehavior: dismiss and notify, webauthn:extension:credBlob: true, webauthn:extension:largeBlob: true, webauthn:extension:minPinLength: true, webauthn:extension:prf: true, webauthn:virtualAuthenticators: true}
Session ID: 9904d8dcdce8f65bcf1cf5b9aa8273f1
2023-11-29 21:49:40,199 [main] INFO  base.BaseClass - Trying to find Element By {by.toString()})
2023-11-29 21:49:40,224 [main] INFO  base.BaseClass - Found Element By {by.toString()}
2023-11-29 21:49:40,224 [main] INFO  base.BaseClass - Trying to click on: {element.toString()}
2023-11-29 21:49:40,356 [main] INFO  base.BaseClass - Clicked on: {element.toString()}
2023-11-29 21:49:41,350 [main] INFO  base.BaseClass - Trying to find Element By {by.toString()})
TimeoutException occurred: Expected condition failed: waiting for helper.WaitUtility$2@663f13db (tried for 50 second(s) with 500 milliseconds interval)
2023-11-29 21:50:31,767 [main] ERROR XGLT_15177_Test - Element did not become visible within the specified time: Expected condition failed: waiting for helper.WaitUtility$2@663f13db (tried for 50 second(s) with 500 milliseconds interval)
2023-11-29 21:50:31,767 [main] INFO  base.BaseClass - Trying to find Element By {by.toString()})
NetworkInstanceCurrentWeekPA failed!
]]></system-out>
    <system-err><![CDATA[Starting ChromeDriver 119.0.6045.105 (38c72552c5e15ba9b3117c0967a0fd105072d7c6-refs/branch-heads/6045@{#1103}) on port 38236
Only local connections are allowed.
Please see https://chromedriver.chromium.org/security-considerations for suggestions on keeping ChromeDriver safe.
ChromeDriver was started successfully.
Nov 29, 2023 9:42:28 PM org.openqa.selenium.remote.ProtocolHandshake createSession
INFO: Detected dialect: W3C
]]></system-err>
  </testcase>
  <testcase name="NetworkInstanceCurrentWeekPB" classname="XGLT_6688_Test" time="221.587">
    <failure message="no such element: Unable to locate element: {&quot;method&quot;:&quot;xpath&quot;,&quot;selector&quot;:&quot;//h1[contains(text(),&apos;Pending Build&apos;)]/following-sibling::h1&quot;}&#10;  (Session info: chrome=119.0.6045.200)&#10;For documentation on this error, please visit: https://www.seleniumhq.org/exceptions/no_such_element.html&#10;Build info: version: &apos;3.141.59&apos;, revision: &apos;e82be7d358&apos;, time: &apos;2018-11-14T08:17:03&apos;&#10;System info: host: &apos;DPLAP166&apos;, ip: &apos;137.237.3.153&apos;, os.name: &apos;Windows 10&apos;, os.arch: &apos;amd64&apos;, os.version: &apos;10.0&apos;, java.version: &apos;19.0.1&apos;&#10;Driver info: org.openqa.selenium.chrome.ChromeDriver&#10;Capabilities {acceptInsecureCerts: true, browserName: chrome, browserVersion: 119.0.6045.200, chrome: {chromedriverVersion: 119.0.6045.105 (38c72552c5e..., userDataDir: C:\Users\dP-PL\AppData\Loca...}, fedcm:accounts: true, goog:chromeOptions: {debuggerAddress: localhost:52174}, javascriptEnabled: true, networkConnectionEnabled: false, pageLoadStrategy: normal, platform: WINDOWS, platformName: WINDOWS, proxy: Proxy(), setWindowRect: true, strictFileInteractability: false, timeouts: {implicit: 0, pageLoad: 300000, script: 30000}, unhandledPromptBehavior: dismiss and notify, webauthn:extension:credBlob: true, webauthn:extension:largeBlob: true, webauthn:extension:minPinLength: true, webauthn:extension:prf: true, webauthn:virtualAuthenticators: true}&#10;Session ID: 9904d8dcdce8f65bcf1cf5b9aa8273f1&#10;*** Element info: {Using=xpath, value=//h1[contains(text(),&apos;Pending Build&apos;)]/following-sibling::h1}" type="org.openqa.selenium.NoSuchElementException"><![CDATA[org.openqa.selenium.NoSuchElementException: 
no such element: Unable to locate element: {"method":"xpath","selector":"//h1[contains(text(),'Pending Build')]/following-sibling::h1"}
  (Session info: chrome=119.0.6045.200)
For documentation on this error, please visit: https://www.seleniumhq.org/exceptions/no_such_element.html
Build info: version: '3.141.59', revision: 'e82be7d358', time: '2018-11-14T08:17:03'
System info: host: 'DPLAP166', ip: '137.237.3.153', os.name: 'Windows 10', os.arch: 'amd64', os.version: '10.0', java.version: '19.0.1'
Driver info: org.openqa.selenium.chrome.ChromeDriver
Capabilities {acceptInsecureCerts: true, browserName: chrome, browserVersion: 119.0.6045.200, chrome: {chromedriverVersion: 119.0.6045.105 (38c72552c5e..., userDataDir: C:\Users\dP-PL\AppData\Loca...}, fedcm:accounts: true, goog:chromeOptions: {debuggerAddress: localhost:52174}, javascriptEnabled: true, networkConnectionEnabled: false, pageLoadStrategy: normal, platform: WINDOWS, platformName: WINDOWS, proxy: Proxy(), setWindowRect: true, strictFileInteractability: false, timeouts: {implicit: 0, pageLoad: 300000, script: 30000}, unhandledPromptBehavior: dismiss and notify, webauthn:extension:credBlob: true, webauthn:extension:largeBlob: true, webauthn:extension:minPinLength: true, webauthn:extension:prf: true, webauthn:virtualAuthenticators: true}
Session ID: 9904d8dcdce8f65bcf1cf5b9aa8273f1
*** Element info: {Using=xpath, value=//h1[contains(text(),'Pending Build')]/following-sibling::h1}
	at java.base/jdk.internal.reflect.DirectConstructorHandleAccessor.newInstance(DirectConstructorHandleAccessor.java:67)
	at java.base/java.lang.reflect.Constructor.newInstanceWithCaller(Constructor.java:500)
	at java.base/java.lang.reflect.Constructor.newInstance(Constructor.java:484)
	at org.openqa.selenium.remote.http.W3CHttpResponseCodec.createException(W3CHttpResponseCodec.java:187)
	at org.openqa.selenium.remote.http.W3CHttpResponseCodec.decode(W3CHttpResponseCodec.java:122)
	at org.openqa.selenium.remote.http.W3CHttpResponseCodec.decode(W3CHttpResponseCodec.java:49)
	at org.openqa.selenium.remote.HttpCommandExecutor.execute(HttpCommandExecutor.java:158)
	at org.openqa.selenium.remote.service.DriverCommandExecutor.execute(DriverCommandExecutor.java:83)
	at org.openqa.selenium.remote.RemoteWebDriver.execute(RemoteWebDriver.java:552)
	at org.openqa.selenium.remote.RemoteWebDriver.findElement(RemoteWebDriver.java:323)
	at org.openqa.selenium.remote.RemoteWebDriver.findElementByXPath(RemoteWebDriver.java:428)
	at org.openqa.selenium.By$ByXPath.findElement(By.java:353)
	at org.openqa.selenium.remote.RemoteWebDriver.findElement(RemoteWebDriver.java:315)
	at java.base/jdk.internal.reflect.DirectMethodHandleAccessor.invoke(DirectMethodHandleAccessor.java:104)
	at java.base/java.lang.reflect.Method.invoke(Method.java:578)
	at org.openqa.selenium.support.events.EventFiringWebDriver.lambda$new$1(EventFiringWebDriver.java:105)
	at jdk.proxy2/jdk.proxy2.$Proxy25.findElement(Unknown Source)
	at org.openqa.selenium.support.events.EventFiringWebDriver.findElement(EventFiringWebDriver.java:194)
	at org.openqa.selenium.support.pagefactory.DefaultElementLocator.findElement(DefaultElementLocator.java:69)
	at org.openqa.selenium.support.pagefactory.internal.LocatingElementHandler.invoke(LocatingElementHandler.java:38)
	at jdk.proxy2/jdk.proxy2.$Proxy28.getText(Unknown Source)
	at pages.NetworkInstancePage.getactualpendingbuildcount(NetworkInstancePage.java:170)
	at pages.NetworkInstancePage.verifypendingbuildcount(NetworkInstancePage.java:180)
	at XGLT_6688_Test.NetworkInstanceCurrentWeekPB(XGLT_6688_Test.java:57)
	at java.base/jdk.internal.reflect.DirectMethodHandleAccessor.invoke(DirectMethodHandleAccessor.java:104)
	at java.base/java.lang.reflect.Method.invoke(Method.java:578)
	at org.testng.internal.invokers.MethodInvocationHelper.invokeMethod(MethodInvocationHelper.java:139)
	at org.testng.internal.invokers.TestInvoker.invokeMethod(TestInvoker.java:677)
	at org.testng.internal.invokers.TestInvoker.invokeTestMethod(TestInvoker.java:221)
	at org.testng.internal.invokers.MethodRunner.runInSequence(MethodRunner.java:50)
	at org.testng.internal.invokers.TestInvoker$MethodInvocationAgent.invoke(TestInvoker.java:962)
	at org.testng.internal.invokers.TestInvoker.invokeTestMethods(TestInvoker.java:194)
	at org.testng.internal.invokers.TestMethodWorker.invokeTestMethods(TestMethodWorker.java:148)
	at org.testng.internal.invokers.TestMethodWorker.run(TestMethodWorker.java:128)
	at java.base/java.util.ArrayList.forEach(ArrayList.java:1511)
	at org.testng.TestRunner.privateRun(TestRunner.java:806)
	at org.testng.TestRunner.run(TestRunner.java:601)
	at org.testng.SuiteRunner.runTest(SuiteRunner.java:433)
	at org.testng.SuiteRunner.runSequentially(SuiteRunner.java:427)
	at org.testng.SuiteRunner.privateRun(SuiteRunner.java:387)
	at org.testng.SuiteRunner.run(SuiteRunner.java:330)
	at org.testng.SuiteRunnerWorker.runSuite(SuiteRunnerWorker.java:52)
	at org.testng.SuiteRunnerWorker.run(SuiteRunnerWorker.java:95)
	at org.testng.TestNG.runSuitesSequentially(TestNG.java:1256)
	at org.testng.TestNG.runSuitesLocally(TestNG.java:1176)
	at org.testng.TestNG.runSuites(TestNG.java:1099)
	at org.testng.TestNG.run(TestNG.java:1067)
	at org.apache.maven.surefire.testng.TestNGExecutor.run(TestNGExecutor.java:324)
	at org.apache.maven.surefire.testng.TestNGXmlTestSuite.execute(TestNGXmlTestSuite.java:74)
	at org.apache.maven.surefire.testng.TestNGProvider.invoke(TestNGProvider.java:123)
	at org.apache.maven.surefire.booter.ForkedBooter.runSuitesInProcess(ForkedBooter.java:456)
	at org.apache.maven.surefire.booter.ForkedBooter.execute(ForkedBooter.java:169)
	at org.apache.maven.surefire.booter.ForkedBooter.run(ForkedBooter.java:595)
	at org.apache.maven.surefire.booter.ForkedBooter.main(ForkedBooter.java:581)
]]></failure>
    <system-out><![CDATA[Before method Test name: Maintainance Tests
NetworkInstanceCurrentWeekPB started!
2023-11-29 21:51:22,048 [main] INFO  base.BaseClass - Trying to find Element By {by.toString()})
2023-11-29 21:51:22,071 [main] INFO  base.BaseClass - Found Element By {by.toString()}
TimeoutException occurred: Expected condition failed: waiting for helper.WaitUtility$5@1fb6a13a (tried for 30 second(s) with 500 milliseconds interval)
Build info: version: '3.141.59', revision: 'e82be7d358', time: '2018-11-14T08:17:03'
System info: host: 'DPLAP166', ip: '137.237.3.153', os.name: 'Windows 10', os.arch: 'amd64', os.version: '10.0', java.version: '19.0.1'
Driver info: org.openqa.selenium.support.events.EventFiringWebDriver
Capabilities {acceptInsecureCerts: true, browserName: chrome, browserVersion: 119.0.6045.200, chrome: {chromedriverVersion: 119.0.6045.105 (38c72552c5e..., userDataDir: C:\Users\dP-PL\AppData\Loca...}, fedcm:accounts: true, goog:chromeOptions: {debuggerAddress: localhost:52174}, javascriptEnabled: true, networkConnectionEnabled: false, pageLoadStrategy: normal, platform: WINDOWS, platformName: WINDOWS, proxy: Proxy(), setWindowRect: true, strictFileInteractability: false, timeouts: {implicit: 0, pageLoad: 300000, script: 30000}, unhandledPromptBehavior: dismiss and notify, webauthn:extension:credBlob: true, webauthn:extension:largeBlob: true, webauthn:extension:minPinLength: true, webauthn:extension:prf: true, webauthn:virtualAuthenticators: true}
Session ID: 9904d8dcdce8f65bcf1cf5b9aa8273f1
2023-11-29 21:51:52,172 [main] ERROR XGLT_15177_Test - Element did not become visible within the specified time: Expected condition failed: waiting for helper.WaitUtility$5@1fb6a13a (tried for 30 second(s) with 500 milliseconds interval)
Build info: version: '3.141.59', revision: 'e82be7d358', time: '2018-11-14T08:17:03'
System info: host: 'DPLAP166', ip: '137.237.3.153', os.name: 'Windows 10', os.arch: 'amd64', os.version: '10.0', java.version: '19.0.1'
Driver info: org.openqa.selenium.support.events.EventFiringWebDriver
Capabilities {acceptInsecureCerts: true, browserName: chrome, browserVersion: 119.0.6045.200, chrome: {chromedriverVersion: 119.0.6045.105 (38c72552c5e..., userDataDir: C:\Users\dP-PL\AppData\Loca...}, fedcm:accounts: true, goog:chromeOptions: {debuggerAddress: localhost:52174}, javascriptEnabled: true, networkConnectionEnabled: false, pageLoadStrategy: normal, platform: WINDOWS, platformName: WINDOWS, proxy: Proxy(), setWindowRect: true, strictFileInteractability: false, timeouts: {implicit: 0, pageLoad: 300000, script: 30000}, unhandledPromptBehavior: dismiss and notify, webauthn:extension:credBlob: true, webauthn:extension:largeBlob: true, webauthn:extension:minPinLength: true, webauthn:extension:prf: true, webauthn:virtualAuthenticators: true}
Session ID: 9904d8dcdce8f65bcf1cf5b9aa8273f1
2023-11-29 21:51:52,172 [main] INFO  base.BaseClass - Trying to click on: {element.toString()}
2023-11-29 21:51:52,313 [main] INFO  base.BaseClass - Clicked on: {element.toString()}
2023-11-29 21:51:52,363 [main] INFO  base.BaseClass - Trying to find Element By {by.toString()})
2023-11-29 21:51:52,396 [main] INFO  base.BaseClass - Found Element By {by.toString()}
2023-11-29 21:51:52,417 [main] INFO  base.BaseClass - Trying to find Element By {by.toString()})
2023-11-29 21:51:52,446 [main] INFO  base.BaseClass - Found Element By {by.toString()}
2023-11-29 21:51:52,966 [main] INFO  base.BaseClass - Trying to find Element By {by.toString()})
2023-11-29 21:51:52,993 [main] INFO  base.BaseClass - Found Element By {by.toString()}
2023-11-29 21:51:53,527 [main] INFO  base.BaseClass - Trying to find Element By {by.toString()})
2023-11-29 21:51:53,554 [main] INFO  base.BaseClass - Found Element By {by.toString()}
2023-11-29 21:51:54,089 [main] INFO  base.BaseClass - Trying to find Element By {by.toString()})
2023-11-29 21:51:54,105 [main] INFO  base.BaseClass - Found Element By {by.toString()}
2023-11-29 21:51:54,625 [main] INFO  base.BaseClass - Trying to find Element By {by.toString()})
2023-11-29 21:51:54,644 [main] INFO  base.BaseClass - Found Element By {by.toString()}
2023-11-29 21:51:55,171 [main] INFO  base.BaseClass - Trying to find Element By {by.toString()})
2023-11-29 21:51:55,189 [main] INFO  base.BaseClass - Found Element By {by.toString()}
2023-11-29 21:51:55,706 [main] INFO  base.BaseClass - Trying to find Element By {by.toString()})
2023-11-29 21:51:55,732 [main] INFO  base.BaseClass - Found Element By {by.toString()}
2023-11-29 21:51:56,266 [main] INFO  base.BaseClass - Trying to find Element By {by.toString()})
2023-11-29 21:51:56,281 [main] INFO  base.BaseClass - Found Element By {by.toString()}
2023-11-29 21:51:56,798 [main] INFO  base.BaseClass - Trying to find Element By {by.toString()})
2023-11-29 21:51:56,825 [main] INFO  base.BaseClass - Found Element By {by.toString()}
2023-11-29 21:51:57,360 [main] INFO  base.BaseClass - Trying to find Element By {by.toString()})
2023-11-29 21:51:57,386 [main] INFO  base.BaseClass - Found Element By {by.toString()}
2023-11-29 21:51:57,921 [main] INFO  base.BaseClass - Trying to find Element By {by.toString()})
2023-11-29 21:51:57,947 [main] INFO  base.BaseClass - Found Element By {by.toString()}
2023-11-29 21:51:58,469 [main] INFO  base.BaseClass - Trying to find Element By {by.toString()})
2023-11-29 21:51:58,495 [main] INFO  base.BaseClass - Found Element By {by.toString()}
2023-11-29 21:51:59,018 [main] INFO  base.BaseClass - Trying to find Element By {by.toString()})
2023-11-29 21:51:59,047 [main] INFO  base.BaseClass - Found Element By {by.toString()}
2023-11-29 21:51:59,578 [main] INFO  base.BaseClass - Trying to find Element By {by.toString()})
2023-11-29 21:51:59,606 [main] INFO  base.BaseClass - Found Element By {by.toString()}
2023-11-29 21:52:00,129 [main] INFO  base.BaseClass - Trying to find Element By {by.toString()})
2023-11-29 21:52:00,146 [main] INFO  base.BaseClass - Found Element By {by.toString()}
2023-11-29 21:52:00,674 [main] INFO  base.BaseClass - Trying to find Element By {by.toString()})
2023-11-29 21:52:00,700 [main] INFO  base.BaseClass - Found Element By {by.toString()}
2023-11-29 21:52:01,222 [main] INFO  base.BaseClass - Trying to find Element By {by.toString()})
2023-11-29 21:52:01,250 [main] INFO  base.BaseClass - Found Element By {by.toString()}
2023-11-29 21:52:01,787 [main] INFO  base.BaseClass - Trying to find Element By {by.toString()})
2023-11-29 21:52:01,812 [main] INFO  base.BaseClass - Found Element By {by.toString()}
2023-11-29 21:52:02,335 [main] INFO  base.BaseClass - Trying to find Element By {by.toString()})
2023-11-29 21:52:02,361 [main] INFO  base.BaseClass - Found Element By {by.toString()}
2023-11-29 21:52:02,885 [main] INFO  base.BaseClass - Trying to find Element By {by.toString()})
2023-11-29 21:52:02,912 [main] INFO  base.BaseClass - Found Element By {by.toString()}
2023-11-29 21:52:03,447 [main] INFO  base.BaseClass - Trying to find Element By {by.toString()})
2023-11-29 21:52:03,471 [main] INFO  base.BaseClass - Found Element By {by.toString()}
2023-11-29 21:52:03,995 [main] INFO  base.BaseClass - Trying to find Element By {by.toString()})
2023-11-29 21:52:04,020 [main] INFO  base.BaseClass - Found Element By {by.toString()}
2023-11-29 21:52:04,557 [main] INFO  base.BaseClass - Trying to find Element By {by.toString()})
2023-11-29 21:52:04,582 [main] INFO  base.BaseClass - Found Element By {by.toString()}
2023-11-29 21:52:05,106 [main] INFO  base.BaseClass - Trying to find Element By {by.toString()})
2023-11-29 21:52:05,124 [main] INFO  base.BaseClass - Found Element By {by.toString()}
2023-11-29 21:52:05,640 [main] INFO  base.BaseClass - Trying to find Element By {by.toString()})
2023-11-29 21:52:05,666 [main] INFO  base.BaseClass - Found Element By {by.toString()}
2023-11-29 21:52:06,188 [main] INFO  base.BaseClass - Trying to find Element By {by.toString()})
2023-11-29 21:52:06,214 [main] INFO  base.BaseClass - Found Element By {by.toString()}
2023-11-29 21:52:06,740 [main] INFO  base.BaseClass - Trying to find Element By {by.toString()})
2023-11-29 21:52:06,766 [main] INFO  base.BaseClass - Found Element By {by.toString()}
2023-11-29 21:52:07,289 [main] INFO  base.BaseClass - Trying to find Element By {by.toString()})
2023-11-29 21:52:07,317 [main] INFO  base.BaseClass - Found Element By {by.toString()}
2023-11-29 21:52:07,847 [main] INFO  base.BaseClass - Trying to find Element By {by.toString()})
2023-11-29 21:52:07,873 [main] INFO  base.BaseClass - Found Element By {by.toString()}
2023-11-29 21:52:08,395 [main] INFO  base.BaseClass - Trying to find Element By {by.toString()})
2023-11-29 21:52:08,420 [main] INFO  base.BaseClass - Found Element By {by.toString()}
2023-11-29 21:52:08,958 [main] INFO  base.BaseClass - Trying to find Element By {by.toString()})
2023-11-29 21:52:08,985 [main] INFO  base.BaseClass - Found Element By {by.toString()}
2023-11-29 21:52:09,521 [main] INFO  base.BaseClass - Trying to find Element By {by.toString()})
2023-11-29 21:52:09,545 [main] INFO  base.BaseClass - Found Element By {by.toString()}
2023-11-29 21:52:10,078 [main] INFO  base.BaseClass - Trying to find Element By {by.toString()})
2023-11-29 21:52:10,104 [main] INFO  base.BaseClass - Found Element By {by.toString()}
2023-11-29 21:52:10,624 [main] INFO  base.BaseClass - Trying to find Element By {by.toString()})
2023-11-29 21:52:10,676 [main] INFO  base.BaseClass - Found Element By {by.toString()}
2023-11-29 21:52:11,201 [main] INFO  base.BaseClass - Trying to find Element By {by.toString()})
2023-11-29 21:52:11,227 [main] INFO  base.BaseClass - Found Element By {by.toString()}
2023-11-29 21:52:11,747 [main] INFO  base.BaseClass - Trying to find Element By {by.toString()})
2023-11-29 21:52:11,775 [main] INFO  base.BaseClass - Found Element By {by.toString()}
2023-11-29 21:52:12,307 [main] INFO  base.BaseClass - Trying to find Element By {by.toString()})
2023-11-29 21:52:12,334 [main] INFO  base.BaseClass - Found Element By {by.toString()}
2023-11-29 21:52:12,854 [main] INFO  base.BaseClass - Trying to find Element By {by.toString()})
2023-11-29 21:52:12,879 [main] INFO  base.BaseClass - Found Element By {by.toString()}
2023-11-29 21:52:13,400 [main] INFO  base.BaseClass - Trying to find Element By {by.toString()})
2023-11-29 21:52:13,425 [main] INFO  base.BaseClass - Found Element By {by.toString()}
2023-11-29 21:52:13,950 [main] INFO  base.BaseClass - Trying to find Element By {by.toString()})
2023-11-29 21:52:13,976 [main] INFO  base.BaseClass - Found Element By {by.toString()}
2023-11-29 21:52:14,508 [main] INFO  base.BaseClass - Trying to find Element By {by.toString()})
2023-11-29 21:52:14,531 [main] INFO  base.BaseClass - Found Element By {by.toString()}
2023-11-29 21:52:15,054 [main] INFO  base.BaseClass - Trying to find Element By {by.toString()})
2023-11-29 21:52:15,094 [main] INFO  base.BaseClass - Found Element By {by.toString()}
2023-11-29 21:52:15,618 [main] INFO  base.BaseClass - Trying to find Element By {by.toString()})
2023-11-29 21:52:15,642 [main] INFO  base.BaseClass - Found Element By {by.toString()}
2023-11-29 21:52:16,166 [main] INFO  base.BaseClass - Trying to find Element By {by.toString()})
2023-11-29 21:52:16,192 [main] INFO  base.BaseClass - Found Element By {by.toString()}
2023-11-29 21:52:16,715 [main] INFO  base.BaseClass - Trying to find Element By {by.toString()})
2023-11-29 21:52:16,741 [main] INFO  base.BaseClass - Found Element By {by.toString()}
2023-11-29 21:52:17,266 [main] INFO  base.BaseClass - Trying to find Element By {by.toString()})
2023-11-29 21:52:17,292 [main] INFO  base.BaseClass - Found Element By {by.toString()}
2023-11-29 21:52:17,814 [main] INFO  base.BaseClass - Trying to find Element By {by.toString()})
2023-11-29 21:52:17,844 [main] INFO  base.BaseClass - Found Element By {by.toString()}
2023-11-29 21:52:18,376 [main] INFO  base.BaseClass - Trying to find Element By {by.toString()})
2023-11-29 21:52:18,402 [main] INFO  base.BaseClass - Found Element By {by.toString()}
2023-11-29 21:52:18,926 [main] INFO  base.BaseClass - Trying to find Element By {by.toString()})
2023-11-29 21:52:18,953 [main] INFO  base.BaseClass - Found Element By {by.toString()}
2023-11-29 21:52:19,488 [main] INFO  base.BaseClass - Trying to find Element By {by.toString()})
2023-11-29 21:52:19,514 [main] INFO  base.BaseClass - Found Element By {by.toString()}
2023-11-29 21:52:20,038 [main] INFO  base.BaseClass - Trying to find Element By {by.toString()})
2023-11-29 21:52:20,063 [main] INFO  base.BaseClass - Found Element By {by.toString()}
2023-11-29 21:52:20,600 [main] INFO  base.BaseClass - Trying to find Element By {by.toString()})
2023-11-29 21:52:20,627 [main] INFO  base.BaseClass - Found Element By {by.toString()}
2023-11-29 21:52:21,162 [main] INFO  base.BaseClass - Trying to find Element By {by.toString()})
2023-11-29 21:52:21,188 [main] INFO  base.BaseClass - Found Element By {by.toString()}
2023-11-29 21:52:21,724 [main] INFO  base.BaseClass - Trying to find Element By {by.toString()})
2023-11-29 21:52:21,751 [main] INFO  base.BaseClass - Found Element By {by.toString()}
2023-11-29 21:52:22,287 [main] INFO  base.BaseClass - Trying to find Element By {by.toString()})
2023-11-29 21:52:22,314 [main] INFO  base.BaseClass - Found Element By {by.toString()}
2023-11-29 21:52:22,851 [main] INFO  base.BaseClass - Trying to find Element By {by.toString()})
2023-11-29 21:52:22,874 [main] INFO  base.BaseClass - Found Element By {by.toString()}
2023-11-29 21:52:23,397 [main] INFO  base.BaseClass - Trying to find Element By {by.toString()})
2023-11-29 21:52:23,422 [main] INFO  base.BaseClass - Found Element By {by.toString()}
2023-11-29 21:52:23,960 [main] INFO  base.BaseClass - Trying to find Element By {by.toString()})
2023-11-29 21:52:23,986 [main] INFO  base.BaseClass - Found Element By {by.toString()}
2023-11-29 21:52:24,510 [main] INFO  base.BaseClass - Trying to find Element By {by.toString()})
2023-11-29 21:52:24,542 [main] INFO  base.BaseClass - Found Element By {by.toString()}
2023-11-29 21:52:25,058 [main] INFO  base.BaseClass - Trying to find Element By {by.toString()})
2023-11-29 21:52:25,085 [main] INFO  base.BaseClass - Found Element By {by.toString()}
2023-11-29 21:52:25,608 [main] INFO  base.BaseClass - Trying to find Element By {by.toString()})
2023-11-29 21:52:25,635 [main] INFO  base.BaseClass - Found Element By {by.toString()}
2023-11-29 21:52:26,170 [main] INFO  base.BaseClass - Trying to find Element By {by.toString()})
2023-11-29 21:52:26,196 [main] INFO  base.BaseClass - Found Element By {by.toString()}
2023-11-29 21:52:26,730 [main] INFO  base.BaseClass - Trying to find Element By {by.toString()})
2023-11-29 21:52:26,755 [main] INFO  base.BaseClass - Found Element By {by.toString()}
2023-11-29 21:52:27,289 [main] INFO  base.BaseClass - Trying to find Element By {by.toString()})
2023-11-29 21:52:27,314 [main] INFO  base.BaseClass - Found Element By {by.toString()}
2023-11-29 21:52:27,839 [main] INFO  base.BaseClass - Trying to find Element By {by.toString()})
2023-11-29 21:52:27,866 [main] INFO  base.BaseClass - Found Element By {by.toString()}
2023-11-29 21:52:28,402 [main] INFO  base.BaseClass - Trying to find Element By {by.toString()})
2023-11-29 21:52:28,427 [main] INFO  base.BaseClass - Found Element By {by.toString()}
2023-11-29 21:52:28,952 [main] INFO  base.BaseClass - Trying to find Element By {by.toString()})
2023-11-29 21:52:28,978 [main] INFO  base.BaseClass - Found Element By {by.toString()}
2023-11-29 21:52:29,515 [main] INFO  base.BaseClass - Trying to find Element By {by.toString()})
2023-11-29 21:52:29,541 [main] INFO  base.BaseClass - Found Element By {by.toString()}
2023-11-29 21:52:30,064 [main] INFO  base.BaseClass - Trying to find Element By {by.toString()})
2023-11-29 21:52:30,089 [main] INFO  base.BaseClass - Found Element By {by.toString()}
2023-11-29 21:52:30,622 [main] INFO  base.BaseClass - Trying to find Element By {by.toString()})
2023-11-29 21:52:30,647 [main] INFO  base.BaseClass - Found Element By {by.toString()}
2023-11-29 21:52:31,173 [main] INFO  base.BaseClass - Trying to find Element By {by.toString()})
2023-11-29 21:52:31,200 [main] INFO  base.BaseClass - Found Element By {by.toString()}
2023-11-29 21:52:31,725 [main] INFO  base.BaseClass - Trying to find Element By {by.toString()})
2023-11-29 21:52:31,751 [main] INFO  base.BaseClass - Found Element By {by.toString()}
2023-11-29 21:52:32,286 [main] INFO  base.BaseClass - Trying to find Element By {by.toString()})
2023-11-29 21:52:32,311 [main] INFO  base.BaseClass - Found Element By {by.toString()}
2023-11-29 21:52:32,847 [main] INFO  base.BaseClass - Trying to find Element By {by.toString()})
2023-11-29 21:52:32,874 [main] INFO  base.BaseClass - Found Element By {by.toString()}
2023-11-29 21:52:33,413 [main] INFO  base.BaseClass - Trying to find Element By {by.toString()})
2023-11-29 21:52:33,438 [main] INFO  base.BaseClass - Found Element By {by.toString()}
2023-11-29 21:52:33,965 [main] INFO  base.BaseClass - Trying to find Element By {by.toString()})
2023-11-29 21:52:33,990 [main] INFO  base.BaseClass - Found Element By {by.toString()}
2023-11-29 21:52:34,525 [main] INFO  base.BaseClass - Trying to find Element By {by.toString()})
2023-11-29 21:52:34,551 [main] INFO  base.BaseClass - Found Element By {by.toString()}
2023-11-29 21:52:35,088 [main] INFO  base.BaseClass - Trying to find Element By {by.toString()})
2023-11-29 21:52:35,114 [main] INFO  base.BaseClass - Found Element By {by.toString()}
2023-11-29 21:52:35,637 [main] INFO  base.BaseClass - Trying to find Element By {by.toString()})
2023-11-29 21:52:35,663 [main] INFO  base.BaseClass - Found Element By {by.toString()}
2023-11-29 21:52:36,187 [main] INFO  base.BaseClass - Trying to find Element By {by.toString()})
2023-11-29 21:52:36,212 [main] INFO  base.BaseClass - Found Element By {by.toString()}
2023-11-29 21:52:36,737 [main] INFO  base.BaseClass - Trying to find Element By {by.toString()})
2023-11-29 21:52:36,763 [main] INFO  base.BaseClass - Found Element By {by.toString()}
2023-11-29 21:52:37,285 [main] INFO  base.BaseClass - Trying to find Element By {by.toString()})
2023-11-29 21:52:37,311 [main] INFO  base.BaseClass - Found Element By {by.toString()}
2023-11-29 21:52:37,833 [main] INFO  base.BaseClass - Trying to find Element By {by.toString()})
2023-11-29 21:52:37,859 [main] INFO  base.BaseClass - Found Element By {by.toString()}
2023-11-29 21:52:38,381 [main] INFO  base.BaseClass - Trying to find Element By {by.toString()})
2023-11-29 21:52:38,405 [main] INFO  base.BaseClass - Found Element By {by.toString()}
2023-11-29 21:52:38,935 [main] INFO  base.BaseClass - Trying to find Element By {by.toString()})
2023-11-29 21:52:38,961 [main] INFO  base.BaseClass - Found Element By {by.toString()}
2023-11-29 21:52:39,486 [main] INFO  base.BaseClass - Trying to find Element By {by.toString()})
2023-11-29 21:52:39,512 [main] INFO  base.BaseClass - Found Element By {by.toString()}
2023-11-29 21:52:40,047 [main] INFO  base.BaseClass - Trying to find Element By {by.toString()})
2023-11-29 21:52:40,073 [main] INFO  base.BaseClass - Found Element By {by.toString()}
2023-11-29 21:52:40,596 [main] INFO  base.BaseClass - Trying to find Element By {by.toString()})
2023-11-29 21:52:40,620 [main] INFO  base.BaseClass - Found Element By {by.toString()}
2023-11-29 21:52:41,145 [main] INFO  base.BaseClass - Trying to find Element By {by.toString()})
2023-11-29 21:52:41,171 [main] INFO  base.BaseClass - Found Element By {by.toString()}
2023-11-29 21:52:41,707 [main] INFO  base.BaseClass - Trying to find Element By {by.toString()})
2023-11-29 21:52:41,732 [main] INFO  base.BaseClass - Found Element By {by.toString()}
2023-11-29 21:52:42,258 [main] INFO  base.BaseClass - Trying to find Element By {by.toString()})
2023-11-29 21:52:42,284 [main] INFO  base.BaseClass - Found Element By {by.toString()}
2023-11-29 21:52:42,820 [main] INFO  base.BaseClass - Trying to find Element By {by.toString()})
2023-11-29 21:52:42,844 [main] INFO  base.BaseClass - Found Element By {by.toString()}
2023-11-29 21:52:43,369 [main] INFO  base.BaseClass - Trying to find Element By {by.toString()})
2023-11-29 21:52:43,395 [main] INFO  base.BaseClass - Found Element By {by.toString()}
2023-11-29 21:52:43,919 [main] INFO  base.BaseClass - Trying to find Element By {by.toString()})
2023-11-29 21:52:43,945 [main] INFO  base.BaseClass - Found Element By {by.toString()}
2023-11-29 21:52:44,481 [main] INFO  base.BaseClass - Trying to find Element By {by.toString()})
2023-11-29 21:52:44,506 [main] INFO  base.BaseClass - Found Element By {by.toString()}
2023-11-29 21:52:45,032 [main] INFO  base.BaseClass - Trying to find Element By {by.toString()})
2023-11-29 21:52:45,058 [main] INFO  base.BaseClass - Found Element By {by.toString()}
2023-11-29 21:52:45,584 [main] INFO  base.BaseClass - Trying to find Element By {by.toString()})
2023-11-29 21:52:45,608 [main] INFO  base.BaseClass - Found Element By {by.toString()}
2023-11-29 21:52:46,133 [main] INFO  base.BaseClass - Trying to find Element By {by.toString()})
2023-11-29 21:52:46,158 [main] INFO  base.BaseClass - Found Element By {by.toString()}
2023-11-29 21:52:46,682 [main] INFO  base.BaseClass - Trying to find Element By {by.toString()})
2023-11-29 21:52:46,706 [main] INFO  base.BaseClass - Found Element By {by.toString()}
2023-11-29 21:52:47,230 [main] INFO  base.BaseClass - Trying to find Element By {by.toString()})
2023-11-29 21:52:47,255 [main] INFO  base.BaseClass - Found Element By {by.toString()}
2023-11-29 21:52:47,780 [main] INFO  base.BaseClass - Trying to find Element By {by.toString()})
2023-11-29 21:52:47,806 [main] INFO  base.BaseClass - Found Element By {by.toString()}
2023-11-29 21:52:48,340 [main] INFO  base.BaseClass - Trying to find Element By {by.toString()})
2023-11-29 21:52:48,365 [main] INFO  base.BaseClass - Found Element By {by.toString()}
2023-11-29 21:52:48,901 [main] INFO  base.BaseClass - Trying to find Element By {by.toString()})
2023-11-29 21:52:48,927 [main] INFO  base.BaseClass - Found Element By {by.toString()}
2023-11-29 21:52:49,461 [main] INFO  base.BaseClass - Trying to find Element By {by.toString()})
2023-11-29 21:52:49,487 [main] INFO  base.BaseClass - Found Element By {by.toString()}
2023-11-29 21:52:50,008 [main] INFO  base.BaseClass - Trying to find Element By {by.toString()})
2023-11-29 21:52:50,035 [main] INFO  base.BaseClass - Found Element By {by.toString()}
2023-11-29 21:52:50,558 [main] INFO  base.BaseClass - Trying to find Element By {by.toString()})
2023-11-29 21:52:50,584 [main] INFO  base.BaseClass - Found Element By {by.toString()}
2023-11-29 21:52:51,118 [main] INFO  base.BaseClass - Trying to find Element By {by.toString()})
2023-11-29 21:52:51,143 [main] INFO  base.BaseClass - Found Element By {by.toString()}
2023-11-29 21:52:51,668 [main] INFO  base.BaseClass - Trying to find Element By {by.toString()})
2023-11-29 21:52:51,697 [main] INFO  base.BaseClass - Found Element By {by.toString()}
2023-11-29 21:52:52,219 [main] INFO  base.BaseClass - Trying to find Element By {by.toString()})
2023-11-29 21:52:52,244 [main] INFO  base.BaseClass - Found Element By {by.toString()}
2023-11-29 21:52:52,765 [main] INFO  base.BaseClass - Trying to find Element By {by.toString()})
2023-11-29 21:52:52,790 [main] INFO  base.BaseClass - Found Element By {by.toString()}
TimeoutException occurred: Expected condition failed: waiting for helper.WaitUtility$3@7655d3c8 (tried for 60 second(s) with 500 milliseconds interval)
Build info: version: '3.141.59', revision: 'e82be7d358', time: '2018-11-14T08:17:03'
System info: host: 'DPLAP166', ip: '137.237.3.153', os.name: 'Windows 10', os.arch: 'amd64', os.version: '10.0', java.version: '19.0.1'
Driver info: org.openqa.selenium.support.events.EventFiringWebDriver
Capabilities {acceptInsecureCerts: true, browserName: chrome, browserVersion: 119.0.6045.200, chrome: {chromedriverVersion: 119.0.6045.105 (38c72552c5e..., userDataDir: C:\Users\dP-PL\AppData\Loca...}, fedcm:accounts: true, goog:chromeOptions: {debuggerAddress: localhost:52174}, javascriptEnabled: true, networkConnectionEnabled: false, pageLoadStrategy: normal, platform: WINDOWS, platformName: WINDOWS, proxy: Proxy(), setWindowRect: true, strictFileInteractability: false, timeouts: {implicit: 0, pageLoad: 300000, script: 30000}, unhandledPromptBehavior: dismiss and notify, webauthn:extension:credBlob: true, webauthn:extension:largeBlob: true, webauthn:extension:minPinLength: true, webauthn:extension:prf: true, webauthn:virtualAuthenticators: true}
Session ID: 9904d8dcdce8f65bcf1cf5b9aa8273f1
2023-11-29 21:52:52,811 [main] ERROR XGLT_15177_Test - Element did not become visible within the specified time: Expected condition failed: waiting for helper.WaitUtility$3@7655d3c8 (tried for 60 second(s) with 500 milliseconds interval)
Build info: version: '3.141.59', revision: 'e82be7d358', time: '2018-11-14T08:17:03'
System info: host: 'DPLAP166', ip: '137.237.3.153', os.name: 'Windows 10', os.arch: 'amd64', os.version: '10.0', java.version: '19.0.1'
Driver info: org.openqa.selenium.support.events.EventFiringWebDriver
Capabilities {acceptInsecureCerts: true, browserName: chrome, browserVersion: 119.0.6045.200, chrome: {chromedriverVersion: 119.0.6045.105 (38c72552c5e..., userDataDir: C:\Users\dP-PL\AppData\Loca...}, fedcm:accounts: true, goog:chromeOptions: {debuggerAddress: localhost:52174}, javascriptEnabled: true, networkConnectionEnabled: false, pageLoadStrategy: normal, platform: WINDOWS, platformName: WINDOWS, proxy: Proxy(), setWindowRect: true, strictFileInteractability: false, timeouts: {implicit: 0, pageLoad: 300000, script: 30000}, unhandledPromptBehavior: dismiss and notify, webauthn:extension:credBlob: true, webauthn:extension:largeBlob: true, webauthn:extension:minPinLength: true, webauthn:extension:prf: true, webauthn:virtualAuthenticators: true}
Session ID: 9904d8dcdce8f65bcf1cf5b9aa8273f1
2023-11-29 21:52:52,811 [main] INFO  base.BaseClass - Trying to find Element By {by.toString()})
2023-11-29 21:52:52,835 [main] INFO  base.BaseClass - Found Element By {by.toString()}
2023-11-29 21:52:52,856 [main] INFO  base.BaseClass - Trying to find Element By {by.toString()})
2023-11-29 21:52:52,878 [main] INFO  base.BaseClass - Found Element By {by.toString()}
Mc count pending build 19
2023-11-29 21:52:53,112 [main] INFO  base.BaseClass - Trying to find Element By {by.toString()})
2023-11-29 21:52:53,129 [main] INFO  base.BaseClass - Found Element By {by.toString()}
2023-11-29 21:52:53,655 [main] INFO  base.BaseClass - Trying to find Element By {by.toString()})
2023-11-29 21:52:53,673 [main] INFO  base.BaseClass - Found Element By {by.toString()}
2023-11-29 21:52:54,202 [main] INFO  base.BaseClass - Trying to find Element By {by.toString()})
2023-11-29 21:52:54,227 [main] INFO  base.BaseClass - Found Element By {by.toString()}
2023-11-29 21:52:54,778 [main] INFO  base.BaseClass - Trying to find Element By {by.toString()})
2023-11-29 21:52:54,802 [main] INFO  base.BaseClass - Found Element By {by.toString()}
2023-11-29 21:52:55,337 [main] INFO  base.BaseClass - Trying to find Element By {by.toString()})
2023-11-29 21:52:55,364 [main] INFO  base.BaseClass - Found Element By {by.toString()}
2023-11-29 21:52:55,900 [main] INFO  base.BaseClass - Trying to find Element By {by.toString()})
2023-11-29 21:52:55,924 [main] INFO  base.BaseClass - Found Element By {by.toString()}
2023-11-29 21:52:56,466 [main] INFO  base.BaseClass - Trying to find Element By {by.toString()})
2023-11-29 21:52:56,492 [main] INFO  base.BaseClass - Found Element By {by.toString()}
2023-11-29 21:52:57,043 [main] INFO  base.BaseClass - Trying to find Element By {by.toString()})
2023-11-29 21:52:57,068 [main] INFO  base.BaseClass - Found Element By {by.toString()}
2023-11-29 21:52:57,606 [main] INFO  base.BaseClass - Trying to find Element By {by.toString()})
2023-11-29 21:52:57,631 [main] INFO  base.BaseClass - Found Element By {by.toString()}
2023-11-29 21:52:58,185 [main] INFO  base.BaseClass - Trying to find Element By {by.toString()})
2023-11-29 21:52:58,209 [main] INFO  base.BaseClass - Found Element By {by.toString()}
2023-11-29 21:52:58,748 [main] INFO  base.BaseClass - Trying to find Element By {by.toString()})
2023-11-29 21:52:58,772 [main] INFO  base.BaseClass - Found Element By {by.toString()}
2023-11-29 21:52:59,309 [main] INFO  base.BaseClass - Trying to find Element By {by.toString()})
2023-11-29 21:52:59,336 [main] INFO  base.BaseClass - Found Element By {by.toString()}
2023-11-29 21:52:59,876 [main] INFO  base.BaseClass - Trying to find Element By {by.toString()})
2023-11-29 21:52:59,900 [main] INFO  base.BaseClass - Found Element By {by.toString()}
2023-11-29 21:53:00,438 [main] INFO  base.BaseClass - Trying to find Element By {by.toString()})
2023-11-29 21:53:00,463 [main] INFO  base.BaseClass - Found Element By {by.toString()}
2023-11-29 21:53:01,002 [main] INFO  base.BaseClass - Trying to find Element By {by.toString()})
2023-11-29 21:53:01,027 [main] INFO  base.BaseClass - Found Element By {by.toString()}
2023-11-29 21:53:01,579 [main] INFO  base.BaseClass - Trying to find Element By {by.toString()})
2023-11-29 21:53:01,605 [main] INFO  base.BaseClass - Found Element By {by.toString()}
2023-11-29 21:53:02,143 [main] INFO  base.BaseClass - Trying to find Element By {by.toString()})
2023-11-29 21:53:02,170 [main] INFO  base.BaseClass - Found Element By {by.toString()}
2023-11-29 21:53:02,720 [main] INFO  base.BaseClass - Trying to find Element By {by.toString()})
2023-11-29 21:53:02,746 [main] INFO  base.BaseClass - Found Element By {by.toString()}
2023-11-29 21:53:03,301 [main] INFO  base.BaseClass - Trying to find Element By {by.toString()})
2023-11-29 21:53:03,326 [main] INFO  base.BaseClass - Found Element By {by.toString()}
2023-11-29 21:53:03,877 [main] INFO  base.BaseClass - Trying to find Element By {by.toString()})
2023-11-29 21:53:03,903 [main] INFO  base.BaseClass - Found Element By {by.toString()}
2023-11-29 21:53:04,440 [main] INFO  base.BaseClass - Trying to find Element By {by.toString()})
2023-11-29 21:53:04,458 [main] INFO  base.BaseClass - Found Element By {by.toString()}
2023-11-29 21:53:04,986 [main] INFO  base.BaseClass - Trying to find Element By {by.toString()})
2023-11-29 21:53:05,013 [main] INFO  base.BaseClass - Found Element By {by.toString()}
2023-11-29 21:53:05,562 [main] INFO  base.BaseClass - Trying to find Element By {by.toString()})
2023-11-29 21:53:05,588 [main] INFO  base.BaseClass - Found Element By {by.toString()}
2023-11-29 21:53:06,128 [main] INFO  base.BaseClass - Trying to find Element By {by.toString()})
2023-11-29 21:53:06,153 [main] INFO  base.BaseClass - Found Element By {by.toString()}
2023-11-29 21:53:06,689 [main] INFO  base.BaseClass - Trying to find Element By {by.toString()})
2023-11-29 21:53:06,715 [main] INFO  base.BaseClass - Found Element By {by.toString()}
2023-11-29 21:53:07,265 [main] INFO  base.BaseClass - Trying to find Element By {by.toString()})
2023-11-29 21:53:07,291 [main] INFO  base.BaseClass - Found Element By {by.toString()}
2023-11-29 21:53:07,835 [main] INFO  base.BaseClass - Trying to find Element By {by.toString()})
2023-11-29 21:53:07,859 [main] INFO  base.BaseClass - Found Element By {by.toString()}
2023-11-29 21:53:08,390 [main] INFO  base.BaseClass - Trying to find Element By {by.toString()})
2023-11-29 21:53:08,415 [main] INFO  base.BaseClass - Found Element By {by.toString()}
2023-11-29 21:53:08,969 [main] INFO  base.BaseClass - Trying to find Element By {by.toString()})
2023-11-29 21:53:08,995 [main] INFO  base.BaseClass - Found Element By {by.toString()}
2023-11-29 21:53:09,535 [main] INFO  base.BaseClass - Trying to find Element By {by.toString()})
2023-11-29 21:53:09,560 [main] INFO  base.BaseClass - Found Element By {by.toString()}
2023-11-29 21:53:10,098 [main] INFO  base.BaseClass - Trying to find Element By {by.toString()})
2023-11-29 21:53:10,123 [main] INFO  base.BaseClass - Found Element By {by.toString()}
2023-11-29 21:53:10,672 [main] INFO  base.BaseClass - Trying to find Element By {by.toString()})
2023-11-29 21:53:10,697 [main] INFO  base.BaseClass - Found Element By {by.toString()}
2023-11-29 21:53:11,239 [main] INFO  base.BaseClass - Trying to find Element By {by.toString()})
2023-11-29 21:53:11,264 [main] INFO  base.BaseClass - Found Element By {by.toString()}
2023-11-29 21:53:11,806 [main] INFO  base.BaseClass - Trying to find Element By {by.toString()})
2023-11-29 21:53:11,824 [main] INFO  base.BaseClass - Found Element By {by.toString()}
2023-11-29 21:53:12,353 [main] INFO  base.BaseClass - Trying to find Element By {by.toString()})
2023-11-29 21:53:12,379 [main] INFO  base.BaseClass - Found Element By {by.toString()}
2023-11-29 21:53:12,931 [main] INFO  base.BaseClass - Trying to find Element By {by.toString()})
2023-11-29 21:53:12,954 [main] INFO  base.BaseClass - Found Element By {by.toString()}
2023-11-29 21:53:13,507 [main] INFO  base.BaseClass - Trying to find Element By {by.toString()})
2023-11-29 21:53:13,533 [main] INFO  base.BaseClass - Found Element By {by.toString()}
2023-11-29 21:53:14,075 [main] INFO  base.BaseClass - Trying to find Element By {by.toString()})
2023-11-29 21:53:14,099 [main] INFO  base.BaseClass - Found Element By {by.toString()}
2023-11-29 21:53:14,637 [main] INFO  base.BaseClass - Trying to find Element By {by.toString()})
2023-11-29 21:53:14,662 [main] INFO  base.BaseClass - Found Element By {by.toString()}
2023-11-29 21:53:15,201 [main] INFO  base.BaseClass - Trying to find Element By {by.toString()})
2023-11-29 21:53:15,226 [main] INFO  base.BaseClass - Found Element By {by.toString()}
2023-11-29 21:53:15,767 [main] INFO  base.BaseClass - Trying to find Element By {by.toString()})
2023-11-29 21:53:15,793 [main] INFO  base.BaseClass - Found Element By {by.toString()}
2023-11-29 21:53:16,333 [main] INFO  base.BaseClass - Trying to find Element By {by.toString()})
2023-11-29 21:53:16,359 [main] INFO  base.BaseClass - Found Element By {by.toString()}
2023-11-29 21:53:16,897 [main] INFO  base.BaseClass - Trying to find Element By {by.toString()})
2023-11-29 21:53:16,919 [main] INFO  base.BaseClass - Found Element By {by.toString()}
2023-11-29 21:53:17,461 [main] INFO  base.BaseClass - Trying to find Element By {by.toString()})
2023-11-29 21:53:17,486 [main] INFO  base.BaseClass - Found Element By {by.toString()}
2023-11-29 21:53:18,023 [main] INFO  base.BaseClass - Trying to find Element By {by.toString()})
2023-11-29 21:53:18,047 [main] INFO  base.BaseClass - Found Element By {by.toString()}
2023-11-29 21:53:18,585 [main] INFO  base.BaseClass - Trying to find Element By {by.toString()})
2023-11-29 21:53:18,610 [main] INFO  base.BaseClass - Found Element By {by.toString()}
2023-11-29 21:53:19,147 [main] INFO  base.BaseClass - Trying to find Element By {by.toString()})
2023-11-29 21:53:19,171 [main] INFO  base.BaseClass - Found Element By {by.toString()}
2023-11-29 21:53:19,710 [main] INFO  base.BaseClass - Trying to find Element By {by.toString()})
2023-11-29 21:53:19,735 [main] INFO  base.BaseClass - Found Element By {by.toString()}
2023-11-29 21:53:20,289 [main] INFO  base.BaseClass - Trying to find Element By {by.toString()})
2023-11-29 21:53:20,314 [main] INFO  base.BaseClass - Found Element By {by.toString()}
2023-11-29 21:53:20,852 [main] INFO  base.BaseClass - Trying to find Element By {by.toString()})
2023-11-29 21:53:20,881 [main] INFO  base.BaseClass - Found Element By {by.toString()}
2023-11-29 21:53:21,427 [main] INFO  base.BaseClass - Trying to find Element By {by.toString()})
2023-11-29 21:53:21,452 [main] INFO  base.BaseClass - Found Element By {by.toString()}
2023-11-29 21:53:21,994 [main] INFO  base.BaseClass - Trying to find Element By {by.toString()})
2023-11-29 21:53:22,020 [main] INFO  base.BaseClass - Found Element By {by.toString()}
2023-11-29 21:53:22,558 [main] INFO  base.BaseClass - Trying to find Element By {by.toString()})
2023-11-29 21:53:22,584 [main] INFO  base.BaseClass - Found Element By {by.toString()}
2023-11-29 21:53:23,121 [main] INFO  base.BaseClass - Trying to find Element By {by.toString()})
2023-11-29 21:53:23,145 [main] INFO  base.BaseClass - Found Element By {by.toString()}
TimeoutException occurred: Expected condition failed: waiting for helper.WaitUtility$5@46cdb02c (tried for 30 second(s) with 500 milliseconds interval)
Build info: version: '3.141.59', revision: 'e82be7d358', time: '2018-11-14T08:17:03'
System info: host: 'DPLAP166', ip: '137.237.3.153', os.name: 'Windows 10', os.arch: 'amd64', os.version: '10.0', java.version: '19.0.1'
Driver info: org.openqa.selenium.support.events.EventFiringWebDriver
Capabilities {acceptInsecureCerts: true, browserName: chrome, browserVersion: 119.0.6045.200, chrome: {chromedriverVersion: 119.0.6045.105 (38c72552c5e..., userDataDir: C:\Users\dP-PL\AppData\Loca...}, fedcm:accounts: true, goog:chromeOptions: {debuggerAddress: localhost:52174}, javascriptEnabled: true, networkConnectionEnabled: false, pageLoadStrategy: normal, platform: WINDOWS, platformName: WINDOWS, proxy: Proxy(), setWindowRect: true, strictFileInteractability: false, timeouts: {implicit: 0, pageLoad: 300000, script: 30000}, unhandledPromptBehavior: dismiss and notify, webauthn:extension:credBlob: true, webauthn:extension:largeBlob: true, webauthn:extension:minPinLength: true, webauthn:extension:prf: true, webauthn:virtualAuthenticators: true}
Session ID: 9904d8dcdce8f65bcf1cf5b9aa8273f1
2023-11-29 21:53:23,182 [main] ERROR XGLT_15177_Test - Element did not become visible within the specified time: Expected condition failed: waiting for helper.WaitUtility$5@46cdb02c (tried for 30 second(s) with 500 milliseconds interval)
Build info: version: '3.141.59', revision: 'e82be7d358', time: '2018-11-14T08:17:03'
System info: host: 'DPLAP166', ip: '137.237.3.153', os.name: 'Windows 10', os.arch: 'amd64', os.version: '10.0', java.version: '19.0.1'
Driver info: org.openqa.selenium.support.events.EventFiringWebDriver
Capabilities {acceptInsecureCerts: true, browserName: chrome, browserVersion: 119.0.6045.200, chrome: {chromedriverVersion: 119.0.6045.105 (38c72552c5e..., userDataDir: C:\Users\dP-PL\AppData\Loca...}, fedcm:accounts: true, goog:chromeOptions: {debuggerAddress: localhost:52174}, javascriptEnabled: true, networkConnectionEnabled: false, pageLoadStrategy: normal, platform: WINDOWS, platformName: WINDOWS, proxy: Proxy(), setWindowRect: true, strictFileInteractability: false, timeouts: {implicit: 0, pageLoad: 300000, script: 30000}, unhandledPromptBehavior: dismiss and notify, webauthn:extension:credBlob: true, webauthn:extension:largeBlob: true, webauthn:extension:minPinLength: true, webauthn:extension:prf: true, webauthn:virtualAuthenticators: true}
Session ID: 9904d8dcdce8f65bcf1cf5b9aa8273f1
2023-11-29 21:53:23,183 [main] INFO  base.BaseClass - Trying to find Element By {by.toString()})
2023-11-29 21:53:23,205 [main] INFO  base.BaseClass - Found Element By {by.toString()}
2023-11-29 21:53:23,205 [main] INFO  base.BaseClass - Trying to click on: {element.toString()}
2023-11-29 21:53:23,319 [main] INFO  base.BaseClass - Clicked on: {element.toString()}
2023-11-29 21:53:23,320 [main] INFO  base.BaseClass - Trying to find Element By {by.toString()})
TimeoutException occurred: Expected condition failed: waiting for helper.WaitUtility$2@13331927 (tried for 50 second(s) with 500 milliseconds interval)
2023-11-29 21:54:13,352 [main] ERROR XGLT_15177_Test - Element did not become visible within the specified time: Expected condition failed: waiting for helper.WaitUtility$2@13331927 (tried for 50 second(s) with 500 milliseconds interval)
2023-11-29 21:54:13,352 [main] INFO  base.BaseClass - Trying to find Element By {by.toString()})
NetworkInstanceCurrentWeekPB failed!
]]></system-out>
  </testcase>
  <testcase name="NextfourDaysPA" classname="XGLT_6688_Test" time="332.033">
    <failure message="no such element: Unable to locate element: {&quot;method&quot;:&quot;xpath&quot;,&quot;selector&quot;:&quot;//h1[contains(text(),&apos;Pending Allocation&apos;)]/following-sibling::h1&quot;}&#10;  (Session info: chrome=119.0.6045.200)&#10;For documentation on this error, please visit: https://www.seleniumhq.org/exceptions/no_such_element.html&#10;Build info: version: &apos;3.141.59&apos;, revision: &apos;e82be7d358&apos;, time: &apos;2018-11-14T08:17:03&apos;&#10;System info: host: &apos;DPLAP166&apos;, ip: &apos;137.237.3.153&apos;, os.name: &apos;Windows 10&apos;, os.arch: &apos;amd64&apos;, os.version: &apos;10.0&apos;, java.version: &apos;19.0.1&apos;&#10;Driver info: org.openqa.selenium.chrome.ChromeDriver&#10;Capabilities {acceptInsecureCerts: true, browserName: chrome, browserVersion: 119.0.6045.200, chrome: {chromedriverVersion: 119.0.6045.105 (38c72552c5e..., userDataDir: C:\Users\dP-PL\AppData\Loca...}, fedcm:accounts: true, goog:chromeOptions: {debuggerAddress: localhost:52174}, javascriptEnabled: true, networkConnectionEnabled: false, pageLoadStrategy: normal, platform: WINDOWS, platformName: WINDOWS, proxy: Proxy(), setWindowRect: true, strictFileInteractability: false, timeouts: {implicit: 0, pageLoad: 300000, script: 30000}, unhandledPromptBehavior: dismiss and notify, webauthn:extension:credBlob: true, webauthn:extension:largeBlob: true, webauthn:extension:minPinLength: true, webauthn:extension:prf: true, webauthn:virtualAuthenticators: true}&#10;Session ID: 9904d8dcdce8f65bcf1cf5b9aa8273f1&#10;*** Element info: {Using=xpath, value=//h1[contains(text(),&apos;Pending Allocation&apos;)]/following-sibling::h1}" type="org.openqa.selenium.NoSuchElementException"><![CDATA[org.openqa.selenium.NoSuchElementException: 
no such element: Unable to locate element: {"method":"xpath","selector":"//h1[contains(text(),'Pending Allocation')]/following-sibling::h1"}
  (Session info: chrome=119.0.6045.200)
For documentation on this error, please visit: https://www.seleniumhq.org/exceptions/no_such_element.html
Build info: version: '3.141.59', revision: 'e82be7d358', time: '2018-11-14T08:17:03'
System info: host: 'DPLAP166', ip: '137.237.3.153', os.name: 'Windows 10', os.arch: 'amd64', os.version: '10.0', java.version: '19.0.1'
Driver info: org.openqa.selenium.chrome.ChromeDriver
Capabilities {acceptInsecureCerts: true, browserName: chrome, browserVersion: 119.0.6045.200, chrome: {chromedriverVersion: 119.0.6045.105 (38c72552c5e..., userDataDir: C:\Users\dP-PL\AppData\Loca...}, fedcm:accounts: true, goog:chromeOptions: {debuggerAddress: localhost:52174}, javascriptEnabled: true, networkConnectionEnabled: false, pageLoadStrategy: normal, platform: WINDOWS, platformName: WINDOWS, proxy: Proxy(), setWindowRect: true, strictFileInteractability: false, timeouts: {implicit: 0, pageLoad: 300000, script: 30000}, unhandledPromptBehavior: dismiss and notify, webauthn:extension:credBlob: true, webauthn:extension:largeBlob: true, webauthn:extension:minPinLength: true, webauthn:extension:prf: true, webauthn:virtualAuthenticators: true}
Session ID: 9904d8dcdce8f65bcf1cf5b9aa8273f1
*** Element info: {Using=xpath, value=//h1[contains(text(),'Pending Allocation')]/following-sibling::h1}
	at java.base/jdk.internal.reflect.DirectConstructorHandleAccessor.newInstance(DirectConstructorHandleAccessor.java:67)
	at java.base/java.lang.reflect.Constructor.newInstanceWithCaller(Constructor.java:500)
	at java.base/java.lang.reflect.Constructor.newInstance(Constructor.java:484)
	at org.openqa.selenium.remote.http.W3CHttpResponseCodec.createException(W3CHttpResponseCodec.java:187)
	at org.openqa.selenium.remote.http.W3CHttpResponseCodec.decode(W3CHttpResponseCodec.java:122)
	at org.openqa.selenium.remote.http.W3CHttpResponseCodec.decode(W3CHttpResponseCodec.java:49)
	at org.openqa.selenium.remote.HttpCommandExecutor.execute(HttpCommandExecutor.java:158)
	at org.openqa.selenium.remote.service.DriverCommandExecutor.execute(DriverCommandExecutor.java:83)
	at org.openqa.selenium.remote.RemoteWebDriver.execute(RemoteWebDriver.java:552)
	at org.openqa.selenium.remote.RemoteWebDriver.findElement(RemoteWebDriver.java:323)
	at org.openqa.selenium.remote.RemoteWebDriver.findElementByXPath(RemoteWebDriver.java:428)
	at org.openqa.selenium.By$ByXPath.findElement(By.java:353)
	at org.openqa.selenium.remote.RemoteWebDriver.findElement(RemoteWebDriver.java:315)
	at java.base/jdk.internal.reflect.DirectMethodHandleAccessor.invoke(DirectMethodHandleAccessor.java:104)
	at java.base/java.lang.reflect.Method.invoke(Method.java:578)
	at org.openqa.selenium.support.events.EventFiringWebDriver.lambda$new$1(EventFiringWebDriver.java:105)
	at jdk.proxy2/jdk.proxy2.$Proxy25.findElement(Unknown Source)
	at org.openqa.selenium.support.events.EventFiringWebDriver.findElement(EventFiringWebDriver.java:194)
	at org.openqa.selenium.support.pagefactory.DefaultElementLocator.findElement(DefaultElementLocator.java:69)
	at org.openqa.selenium.support.pagefactory.internal.LocatingElementHandler.invoke(LocatingElementHandler.java:38)
	at jdk.proxy2/jdk.proxy2.$Proxy28.getText(Unknown Source)
	at pages.NetworkInstancePage.getactualpendingallocationcount(NetworkInstancePage.java:139)
	at pages.NetworkInstancePage.verifypendingallocationcount(NetworkInstancePage.java:149)
	at XGLT_6688_Test.NextfourDaysPA(XGLT_6688_Test.java:70)
	at java.base/jdk.internal.reflect.DirectMethodHandleAccessor.invoke(DirectMethodHandleAccessor.java:104)
	at java.base/java.lang.reflect.Method.invoke(Method.java:578)
	at org.testng.internal.invokers.MethodInvocationHelper.invokeMethod(MethodInvocationHelper.java:139)
	at org.testng.internal.invokers.TestInvoker.invokeMethod(TestInvoker.java:677)
	at org.testng.internal.invokers.TestInvoker.invokeTestMethod(TestInvoker.java:221)
	at org.testng.internal.invokers.MethodRunner.runInSequence(MethodRunner.java:50)
	at org.testng.internal.invokers.TestInvoker$MethodInvocationAgent.invoke(TestInvoker.java:962)
	at org.testng.internal.invokers.TestInvoker.invokeTestMethods(TestInvoker.java:194)
	at org.testng.internal.invokers.TestMethodWorker.invokeTestMethods(TestMethodWorker.java:148)
	at org.testng.internal.invokers.TestMethodWorker.run(TestMethodWorker.java:128)
	at java.base/java.util.ArrayList.forEach(ArrayList.java:1511)
	at org.testng.TestRunner.privateRun(TestRunner.java:806)
	at org.testng.TestRunner.run(TestRunner.java:601)
	at org.testng.SuiteRunner.runTest(SuiteRunner.java:433)
	at org.testng.SuiteRunner.runSequentially(SuiteRunner.java:427)
	at org.testng.SuiteRunner.privateRun(SuiteRunner.java:387)
	at org.testng.SuiteRunner.run(SuiteRunner.java:330)
	at org.testng.SuiteRunnerWorker.runSuite(SuiteRunnerWorker.java:52)
	at org.testng.SuiteRunnerWorker.run(SuiteRunnerWorker.java:95)
	at org.testng.TestNG.runSuitesSequentially(TestNG.java:1256)
	at org.testng.TestNG.runSuitesLocally(TestNG.java:1176)
	at org.testng.TestNG.runSuites(TestNG.java:1099)
	at org.testng.TestNG.run(TestNG.java:1067)
	at org.apache.maven.surefire.testng.TestNGExecutor.run(TestNGExecutor.java:324)
	at org.apache.maven.surefire.testng.TestNGXmlTestSuite.execute(TestNGXmlTestSuite.java:74)
	at org.apache.maven.surefire.testng.TestNGProvider.invoke(TestNGProvider.java:123)
	at org.apache.maven.surefire.booter.ForkedBooter.runSuitesInProcess(ForkedBooter.java:456)
	at org.apache.maven.surefire.booter.ForkedBooter.execute(ForkedBooter.java:169)
	at org.apache.maven.surefire.booter.ForkedBooter.run(ForkedBooter.java:595)
	at org.apache.maven.surefire.booter.ForkedBooter.main(ForkedBooter.java:581)
]]></failure>
    <system-out><![CDATA[Before method Test name: Maintainance Tests
NextfourDaysPA started!
2023-11-29 21:55:03,641 [main] INFO  base.BaseClass - Trying to find Element By {by.toString()})
2023-11-29 21:55:03,668 [main] INFO  base.BaseClass - Found Element By {by.toString()}
2023-11-29 21:55:04,201 [main] INFO  base.BaseClass - Trying to find Element By {by.toString()})
2023-11-29 21:55:04,226 [main] INFO  base.BaseClass - Found Element By {by.toString()}
2023-11-29 21:55:04,780 [main] INFO  base.BaseClass - Trying to find Element By {by.toString()})
2023-11-29 21:55:04,806 [main] INFO  base.BaseClass - Found Element By {by.toString()}
2023-11-29 21:55:05,344 [main] INFO  base.BaseClass - Trying to find Element By {by.toString()})
2023-11-29 21:55:05,368 [main] INFO  base.BaseClass - Found Element By {by.toString()}
2023-11-29 21:55:05,909 [main] INFO  base.BaseClass - Trying to find Element By {by.toString()})
2023-11-29 21:55:05,936 [main] INFO  base.BaseClass - Found Element By {by.toString()}
2023-11-29 21:55:06,473 [main] INFO  base.BaseClass - Trying to find Element By {by.toString()})
2023-11-29 21:55:06,498 [main] INFO  base.BaseClass - Found Element By {by.toString()}
2023-11-29 21:55:07,035 [main] INFO  base.BaseClass - Trying to find Element By {by.toString()})
2023-11-29 21:55:07,060 [main] INFO  base.BaseClass - Found Element By {by.toString()}
2023-11-29 21:55:07,599 [main] INFO  base.BaseClass - Trying to find Element By {by.toString()})
2023-11-29 21:55:07,624 [main] INFO  base.BaseClass - Found Element By {by.toString()}
2023-11-29 21:55:08,163 [main] INFO  base.BaseClass - Trying to find Element By {by.toString()})
2023-11-29 21:55:08,188 [main] INFO  base.BaseClass - Found Element By {by.toString()}
2023-11-29 21:55:08,730 [main] INFO  base.BaseClass - Trying to find Element By {by.toString()})
2023-11-29 21:55:08,755 [main] INFO  base.BaseClass - Found Element By {by.toString()}
2023-11-29 21:55:09,291 [main] INFO  base.BaseClass - Trying to find Element By {by.toString()})
2023-11-29 21:55:09,320 [main] INFO  base.BaseClass - Found Element By {by.toString()}
2023-11-29 21:55:09,856 [main] INFO  base.BaseClass - Trying to find Element By {by.toString()})
2023-11-29 21:55:09,880 [main] INFO  base.BaseClass - Found Element By {by.toString()}
2023-11-29 21:55:10,421 [main] INFO  base.BaseClass - Trying to find Element By {by.toString()})
2023-11-29 21:55:10,446 [main] INFO  base.BaseClass - Found Element By {by.toString()}
2023-11-29 21:55:10,983 [main] INFO  base.BaseClass - Trying to find Element By {by.toString()})
2023-11-29 21:55:11,009 [main] INFO  base.BaseClass - Found Element By {by.toString()}
2023-11-29 21:55:11,551 [main] INFO  base.BaseClass - Trying to find Element By {by.toString()})
2023-11-29 21:55:11,576 [main] INFO  base.BaseClass - Found Element By {by.toString()}
2023-11-29 21:55:12,116 [main] INFO  base.BaseClass - Trying to find Element By {by.toString()})
2023-11-29 21:55:12,141 [main] INFO  base.BaseClass - Found Element By {by.toString()}
2023-11-29 21:55:12,679 [main] INFO  base.BaseClass - Trying to find Element By {by.toString()})
2023-11-29 21:55:12,710 [main] INFO  base.BaseClass - Found Element By {by.toString()}
2023-11-29 21:55:13,258 [main] INFO  base.BaseClass - Trying to find Element By {by.toString()})
2023-11-29 21:55:13,284 [main] INFO  base.BaseClass - Found Element By {by.toString()}
2023-11-29 21:55:13,823 [main] INFO  base.BaseClass - Trying to find Element By {by.toString()})
2023-11-29 21:55:13,848 [main] INFO  base.BaseClass - Found Element By {by.toString()}
2023-11-29 21:55:14,388 [main] INFO  base.BaseClass - Trying to find Element By {by.toString()})
2023-11-29 21:55:14,412 [main] INFO  base.BaseClass - Found Element By {by.toString()}
2023-11-29 21:55:14,957 [main] INFO  base.BaseClass - Trying to find Element By {by.toString()})
2023-11-29 21:55:14,984 [main] INFO  base.BaseClass - Found Element By {by.toString()}
2023-11-29 21:55:15,523 [main] INFO  base.BaseClass - Trying to find Element By {by.toString()})
2023-11-29 21:55:15,548 [main] INFO  base.BaseClass - Found Element By {by.toString()}
2023-11-29 21:55:16,086 [main] INFO  base.BaseClass - Trying to find Element By {by.toString()})
2023-11-29 21:55:16,113 [main] INFO  base.BaseClass - Found Element By {by.toString()}
2023-11-29 21:55:16,666 [main] INFO  base.BaseClass - Trying to find Element By {by.toString()})
2023-11-29 21:55:16,692 [main] INFO  base.BaseClass - Found Element By {by.toString()}
2023-11-29 21:55:17,233 [main] INFO  base.BaseClass - Trying to find Element By {by.toString()})
2023-11-29 21:55:17,261 [main] INFO  base.BaseClass - Found Element By {by.toString()}
2023-11-29 21:55:17,812 [main] INFO  base.BaseClass - Trying to find Element By {by.toString()})
2023-11-29 21:55:17,837 [main] INFO  base.BaseClass - Found Element By {by.toString()}
2023-11-29 21:55:18,378 [main] INFO  base.BaseClass - Trying to find Element By {by.toString()})
2023-11-29 21:55:18,404 [main] INFO  base.BaseClass - Found Element By {by.toString()}
2023-11-29 21:55:18,943 [main] INFO  base.BaseClass - Trying to find Element By {by.toString()})
2023-11-29 21:55:18,968 [main] INFO  base.BaseClass - Found Element By {by.toString()}
2023-11-29 21:55:19,506 [main] INFO  base.BaseClass - Trying to find Element By {by.toString()})
2023-11-29 21:55:19,530 [main] INFO  base.BaseClass - Found Element By {by.toString()}
2023-11-29 21:55:20,072 [main] INFO  base.BaseClass - Trying to find Element By {by.toString()})
2023-11-29 21:55:20,096 [main] INFO  base.BaseClass - Found Element By {by.toString()}
2023-11-29 21:55:20,636 [main] INFO  base.BaseClass - Trying to find Element By {by.toString()})
2023-11-29 21:55:20,660 [main] INFO  base.BaseClass - Found Element By {by.toString()}
2023-11-29 21:55:21,198 [main] INFO  base.BaseClass - Trying to find Element By {by.toString()})
2023-11-29 21:55:21,224 [main] INFO  base.BaseClass - Found Element By {by.toString()}
2023-11-29 21:55:21,760 [main] INFO  base.BaseClass - Trying to find Element By {by.toString()})
2023-11-29 21:55:21,788 [main] INFO  base.BaseClass - Found Element By {by.toString()}
2023-11-29 21:55:22,326 [main] INFO  base.BaseClass - Trying to find Element By {by.toString()})
2023-11-29 21:55:22,351 [main] INFO  base.BaseClass - Found Element By {by.toString()}
2023-11-29 21:55:22,891 [main] INFO  base.BaseClass - Trying to find Element By {by.toString()})
2023-11-29 21:55:22,918 [main] INFO  base.BaseClass - Found Element By {by.toString()}
2023-11-29 21:55:23,457 [main] INFO  base.BaseClass - Trying to find Element By {by.toString()})
2023-11-29 21:55:23,483 [main] INFO  base.BaseClass - Found Element By {by.toString()}
2023-11-29 21:55:24,021 [main] INFO  base.BaseClass - Trying to find Element By {by.toString()})
2023-11-29 21:55:24,047 [main] INFO  base.BaseClass - Found Element By {by.toString()}
2023-11-29 21:55:24,586 [main] INFO  base.BaseClass - Trying to find Element By {by.toString()})
2023-11-29 21:55:24,612 [main] INFO  base.BaseClass - Found Element By {by.toString()}
2023-11-29 21:55:25,147 [main] INFO  base.BaseClass - Trying to find Element By {by.toString()})
2023-11-29 21:55:25,172 [main] INFO  base.BaseClass - Found Element By {by.toString()}
2023-11-29 21:55:25,709 [main] INFO  base.BaseClass - Trying to find Element By {by.toString()})
2023-11-29 21:55:25,732 [main] INFO  base.BaseClass - Found Element By {by.toString()}
2023-11-29 21:55:26,272 [main] INFO  base.BaseClass - Trying to find Element By {by.toString()})
2023-11-29 21:55:26,297 [main] INFO  base.BaseClass - Found Element By {by.toString()}
2023-11-29 21:55:26,836 [main] INFO  base.BaseClass - Trying to find Element By {by.toString()})
2023-11-29 21:55:26,862 [main] INFO  base.BaseClass - Found Element By {by.toString()}
2023-11-29 21:55:27,398 [main] INFO  base.BaseClass - Trying to find Element By {by.toString()})
2023-11-29 21:55:27,423 [main] INFO  base.BaseClass - Found Element By {by.toString()}
2023-11-29 21:55:27,964 [main] INFO  base.BaseClass - Trying to find Element By {by.toString()})
2023-11-29 21:55:27,988 [main] INFO  base.BaseClass - Found Element By {by.toString()}
2023-11-29 21:55:28,529 [main] INFO  base.BaseClass - Trying to find Element By {by.toString()})
2023-11-29 21:55:28,554 [main] INFO  base.BaseClass - Found Element By {by.toString()}
2023-11-29 21:55:29,106 [main] INFO  base.BaseClass - Trying to find Element By {by.toString()})
2023-11-29 21:55:29,131 [main] INFO  base.BaseClass - Found Element By {by.toString()}
2023-11-29 21:55:29,668 [main] INFO  base.BaseClass - Trying to find Element By {by.toString()})
2023-11-29 21:55:29,693 [main] INFO  base.BaseClass - Found Element By {by.toString()}
2023-11-29 21:55:30,234 [main] INFO  base.BaseClass - Trying to find Element By {by.toString()})
2023-11-29 21:55:30,261 [main] INFO  base.BaseClass - Found Element By {by.toString()}
2023-11-29 21:55:30,796 [main] INFO  base.BaseClass - Trying to find Element By {by.toString()})
2023-11-29 21:55:30,821 [main] INFO  base.BaseClass - Found Element By {by.toString()}
2023-11-29 21:55:31,371 [main] INFO  base.BaseClass - Trying to find Element By {by.toString()})
2023-11-29 21:55:31,396 [main] INFO  base.BaseClass - Found Element By {by.toString()}
2023-11-29 21:55:31,930 [main] INFO  base.BaseClass - Trying to find Element By {by.toString()})
2023-11-29 21:55:31,955 [main] INFO  base.BaseClass - Found Element By {by.toString()}
2023-11-29 21:55:32,492 [main] INFO  base.BaseClass - Trying to find Element By {by.toString()})
2023-11-29 21:55:32,519 [main] INFO  base.BaseClass - Found Element By {by.toString()}
2023-11-29 21:55:33,069 [main] INFO  base.BaseClass - Trying to find Element By {by.toString()})
2023-11-29 21:55:33,094 [main] INFO  base.BaseClass - Found Element By {by.toString()}
2023-11-29 21:55:33,630 [main] INFO  base.BaseClass - Trying to find Element By {by.toString()})
2023-11-29 21:55:33,656 [main] INFO  base.BaseClass - Found Element By {by.toString()}
TimeoutException occurred: Expected condition failed: waiting for helper.WaitUtility$5@2c4fe25e (tried for 30 second(s) with 500 milliseconds interval)
Build info: version: '3.141.59', revision: 'e82be7d358', time: '2018-11-14T08:17:03'
System info: host: 'DPLAP166', ip: '137.237.3.153', os.name: 'Windows 10', os.arch: 'amd64', os.version: '10.0', java.version: '19.0.1'
Driver info: org.openqa.selenium.support.events.EventFiringWebDriver
Capabilities {acceptInsecureCerts: true, browserName: chrome, browserVersion: 119.0.6045.200, chrome: {chromedriverVersion: 119.0.6045.105 (38c72552c5e..., userDataDir: C:\Users\dP-PL\AppData\Loca...}, fedcm:accounts: true, goog:chromeOptions: {debuggerAddress: localhost:52174}, javascriptEnabled: true, networkConnectionEnabled: false, pageLoadStrategy: normal, platform: WINDOWS, platformName: WINDOWS, proxy: Proxy(), setWindowRect: true, strictFileInteractability: false, timeouts: {implicit: 0, pageLoad: 300000, script: 30000}, unhandledPromptBehavior: dismiss and notify, webauthn:extension:credBlob: true, webauthn:extension:largeBlob: true, webauthn:extension:minPinLength: true, webauthn:extension:prf: true, webauthn:virtualAuthenticators: true}
Session ID: 9904d8dcdce8f65bcf1cf5b9aa8273f1
2023-11-29 21:55:33,691 [main] ERROR XGLT_15177_Test - Element did not become visible within the specified time: Expected condition failed: waiting for helper.WaitUtility$5@2c4fe25e (tried for 30 second(s) with 500 milliseconds interval)
Build info: version: '3.141.59', revision: 'e82be7d358', time: '2018-11-14T08:17:03'
System info: host: 'DPLAP166', ip: '137.237.3.153', os.name: 'Windows 10', os.arch: 'amd64', os.version: '10.0', java.version: '19.0.1'
Driver info: org.openqa.selenium.support.events.EventFiringWebDriver
Capabilities {acceptInsecureCerts: true, browserName: chrome, browserVersion: 119.0.6045.200, chrome: {chromedriverVersion: 119.0.6045.105 (38c72552c5e..., userDataDir: C:\Users\dP-PL\AppData\Loca...}, fedcm:accounts: true, goog:chromeOptions: {debuggerAddress: localhost:52174}, javascriptEnabled: true, networkConnectionEnabled: false, pageLoadStrategy: normal, platform: WINDOWS, platformName: WINDOWS, proxy: Proxy(), setWindowRect: true, strictFileInteractability: false, timeouts: {implicit: 0, pageLoad: 300000, script: 30000}, unhandledPromptBehavior: dismiss and notify, webauthn:extension:credBlob: true, webauthn:extension:largeBlob: true, webauthn:extension:minPinLength: true, webauthn:extension:prf: true, webauthn:virtualAuthenticators: true}
Session ID: 9904d8dcdce8f65bcf1cf5b9aa8273f1
2023-11-29 21:55:33,691 [main] INFO  base.BaseClass - Trying to find Element By {by.toString()})
2023-11-29 21:55:33,713 [main] INFO  base.BaseClass - Found Element By {by.toString()}
2023-11-29 21:55:33,714 [main] INFO  base.BaseClass - Trying to click on: {element.toString()}
2023-11-29 21:55:33,845 [main] INFO  base.BaseClass - Clicked on: {element.toString()}
2023-11-29 21:55:33,845 [main] INFO  base.BaseClass - Trying to find Element By {by.toString()})
2023-11-29 21:55:33,859 [main] INFO  base.BaseClass - Found Element By {by.toString()}
TimeoutException occurred: Expected condition failed: waiting for helper.WaitUtility$5@2d61bd99 (tried for 30 second(s) with 500 milliseconds interval)
Build info: version: '3.141.59', revision: 'e82be7d358', time: '2018-11-14T08:17:03'
System info: host: 'DPLAP166', ip: '137.237.3.153', os.name: 'Windows 10', os.arch: 'amd64', os.version: '10.0', java.version: '19.0.1'
Driver info: org.openqa.selenium.support.events.EventFiringWebDriver
Capabilities {acceptInsecureCerts: true, browserName: chrome, browserVersion: 119.0.6045.200, chrome: {chromedriverVersion: 119.0.6045.105 (38c72552c5e..., userDataDir: C:\Users\dP-PL\AppData\Loca...}, fedcm:accounts: true, goog:chromeOptions: {debuggerAddress: localhost:52174}, javascriptEnabled: true, networkConnectionEnabled: false, pageLoadStrategy: normal, platform: WINDOWS, platformName: WINDOWS, proxy: Proxy(), setWindowRect: true, strictFileInteractability: false, timeouts: {implicit: 0, pageLoad: 300000, script: 30000}, unhandledPromptBehavior: dismiss and notify, webauthn:extension:credBlob: true, webauthn:extension:largeBlob: true, webauthn:extension:minPinLength: true, webauthn:extension:prf: true, webauthn:virtualAuthenticators: true}
Session ID: 9904d8dcdce8f65bcf1cf5b9aa8273f1
2023-11-29 21:56:03,920 [main] ERROR XGLT_15177_Test - Element did not become visible within the specified time: Expected condition failed: waiting for helper.WaitUtility$5@2d61bd99 (tried for 30 second(s) with 500 milliseconds interval)
Build info: version: '3.141.59', revision: 'e82be7d358', time: '2018-11-14T08:17:03'
System info: host: 'DPLAP166', ip: '137.237.3.153', os.name: 'Windows 10', os.arch: 'amd64', os.version: '10.0', java.version: '19.0.1'
Driver info: org.openqa.selenium.support.events.EventFiringWebDriver
Capabilities {acceptInsecureCerts: true, browserName: chrome, browserVersion: 119.0.6045.200, chrome: {chromedriverVersion: 119.0.6045.105 (38c72552c5e..., userDataDir: C:\Users\dP-PL\AppData\Loca...}, fedcm:accounts: true, goog:chromeOptions: {debuggerAddress: localhost:52174}, javascriptEnabled: true, networkConnectionEnabled: false, pageLoadStrategy: normal, platform: WINDOWS, platformName: WINDOWS, proxy: Proxy(), setWindowRect: true, strictFileInteractability: false, timeouts: {implicit: 0, pageLoad: 300000, script: 30000}, unhandledPromptBehavior: dismiss and notify, webauthn:extension:credBlob: true, webauthn:extension:largeBlob: true, webauthn:extension:minPinLength: true, webauthn:extension:prf: true, webauthn:virtualAuthenticators: true}
Session ID: 9904d8dcdce8f65bcf1cf5b9aa8273f1
2023-11-29 21:56:03,920 [main] INFO  base.BaseClass - Trying to click on: {element.toString()}
2023-11-29 21:56:04,035 [main] INFO  base.BaseClass - Clicked on: {element.toString()}
2023-11-29 21:56:04,035 [main] INFO  base.BaseClass - Trying to find Element By {by.toString()})
2023-11-29 21:56:04,046 [main] INFO  base.BaseClass - Found Element By {by.toString()}
TimeoutException occurred: Expected condition failed: waiting for helper.WaitUtility$5@69c31ee9 (tried for 30 second(s) with 500 milliseconds interval)
Build info: version: '3.141.59', revision: 'e82be7d358', time: '2018-11-14T08:17:03'
System info: host: 'DPLAP166', ip: '137.237.3.153', os.name: 'Windows 10', os.arch: 'amd64', os.version: '10.0', java.version: '19.0.1'
Driver info: org.openqa.selenium.support.events.EventFiringWebDriver
Capabilities {acceptInsecureCerts: true, browserName: chrome, browserVersion: 119.0.6045.200, chrome: {chromedriverVersion: 119.0.6045.105 (38c72552c5e..., userDataDir: C:\Users\dP-PL\AppData\Loca...}, fedcm:accounts: true, goog:chromeOptions: {debuggerAddress: localhost:52174}, javascriptEnabled: true, networkConnectionEnabled: false, pageLoadStrategy: normal, platform: WINDOWS, platformName: WINDOWS, proxy: Proxy(), setWindowRect: true, strictFileInteractability: false, timeouts: {implicit: 0, pageLoad: 300000, script: 30000}, unhandledPromptBehavior: dismiss and notify, webauthn:extension:credBlob: true, webauthn:extension:largeBlob: true, webauthn:extension:minPinLength: true, webauthn:extension:prf: true, webauthn:virtualAuthenticators: true}
Session ID: 9904d8dcdce8f65bcf1cf5b9aa8273f1
2023-11-29 21:56:34,146 [main] ERROR XGLT_15177_Test - Element did not become visible within the specified time: Expected condition failed: waiting for helper.WaitUtility$5@69c31ee9 (tried for 30 second(s) with 500 milliseconds interval)
Build info: version: '3.141.59', revision: 'e82be7d358', time: '2018-11-14T08:17:03'
System info: host: 'DPLAP166', ip: '137.237.3.153', os.name: 'Windows 10', os.arch: 'amd64', os.version: '10.0', java.version: '19.0.1'
Driver info: org.openqa.selenium.support.events.EventFiringWebDriver
Capabilities {acceptInsecureCerts: true, browserName: chrome, browserVersion: 119.0.6045.200, chrome: {chromedriverVersion: 119.0.6045.105 (38c72552c5e..., userDataDir: C:\Users\dP-PL\AppData\Loca...}, fedcm:accounts: true, goog:chromeOptions: {debuggerAddress: localhost:52174}, javascriptEnabled: true, networkConnectionEnabled: false, pageLoadStrategy: normal, platform: WINDOWS, platformName: WINDOWS, proxy: Proxy(), setWindowRect: true, strictFileInteractability: false, timeouts: {implicit: 0, pageLoad: 300000, script: 30000}, unhandledPromptBehavior: dismiss and notify, webauthn:extension:credBlob: true, webauthn:extension:largeBlob: true, webauthn:extension:minPinLength: true, webauthn:extension:prf: true, webauthn:virtualAuthenticators: true}
Session ID: 9904d8dcdce8f65bcf1cf5b9aa8273f1
2023-11-29 21:56:34,146 [main] INFO  base.BaseClass - Trying to click on: {element.toString()}
2023-11-29 21:56:34,245 [main] INFO  base.BaseClass - Clicked on: {element.toString()}
2023-11-29 21:56:34,245 [main] INFO  base.BaseClass - Trying to find Element By {by.toString()})
2023-11-29 21:56:34,277 [main] INFO  base.BaseClass - Found Element By {by.toString()}
2023-11-29 21:56:34,293 [main] INFO  base.BaseClass - Trying to find Element By {by.toString()})
2023-11-29 21:56:34,316 [main] INFO  base.BaseClass - Found Element By {by.toString()}
2023-11-29 21:56:34,843 [main] INFO  base.BaseClass - Trying to find Element By {by.toString()})
2023-11-29 21:56:34,870 [main] INFO  base.BaseClass - Found Element By {by.toString()}
2023-11-29 21:56:35,405 [main] INFO  base.BaseClass - Trying to find Element By {by.toString()})
2023-11-29 21:56:35,433 [main] INFO  base.BaseClass - Found Element By {by.toString()}
2023-11-29 21:56:35,967 [main] INFO  base.BaseClass - Trying to find Element By {by.toString()})
2023-11-29 21:56:35,993 [main] INFO  base.BaseClass - Found Element By {by.toString()}
2023-11-29 21:56:36,514 [main] INFO  base.BaseClass - Trying to find Element By {by.toString()})
2023-11-29 21:56:36,540 [main] INFO  base.BaseClass - Found Element By {by.toString()}
2023-11-29 21:56:37,063 [main] INFO  base.BaseClass - Trying to find Element By {by.toString()})
2023-11-29 21:56:37,089 [main] INFO  base.BaseClass - Found Element By {by.toString()}
2023-11-29 21:56:37,623 [main] INFO  base.BaseClass - Trying to find Element By {by.toString()})
2023-11-29 21:56:37,649 [main] INFO  base.BaseClass - Found Element By {by.toString()}
2023-11-29 21:56:38,186 [main] INFO  base.BaseClass - Trying to find Element By {by.toString()})
2023-11-29 21:56:38,212 [main] INFO  base.BaseClass - Found Element By {by.toString()}
2023-11-29 21:56:38,748 [main] INFO  base.BaseClass - Trying to find Element By {by.toString()})
2023-11-29 21:56:38,776 [main] INFO  base.BaseClass - Found Element By {by.toString()}
2023-11-29 21:56:39,307 [main] INFO  base.BaseClass - Trying to find Element By {by.toString()})
2023-11-29 21:56:39,332 [main] INFO  base.BaseClass - Found Element By {by.toString()}
2023-11-29 21:56:39,855 [main] INFO  base.BaseClass - Trying to find Element By {by.toString()})
2023-11-29 21:56:39,882 [main] INFO  base.BaseClass - Found Element By {by.toString()}
2023-11-29 21:56:40,417 [main] INFO  base.BaseClass - Trying to find Element By {by.toString()})
2023-11-29 21:56:40,443 [main] INFO  base.BaseClass - Found Element By {by.toString()}
2023-11-29 21:56:40,966 [main] INFO  base.BaseClass - Trying to find Element By {by.toString()})
2023-11-29 21:56:40,993 [main] INFO  base.BaseClass - Found Element By {by.toString()}
2023-11-29 21:56:41,528 [main] INFO  base.BaseClass - Trying to find Element By {by.toString()})
2023-11-29 21:56:41,554 [main] INFO  base.BaseClass - Found Element By {by.toString()}
2023-11-29 21:56:42,091 [main] INFO  base.BaseClass - Trying to find Element By {by.toString()})
2023-11-29 21:56:42,116 [main] INFO  base.BaseClass - Found Element By {by.toString()}
2023-11-29 21:56:42,639 [main] INFO  base.BaseClass - Trying to find Element By {by.toString()})
2023-11-29 21:56:42,665 [main] INFO  base.BaseClass - Found Element By {by.toString()}
2023-11-29 21:56:43,188 [main] INFO  base.BaseClass - Trying to find Element By {by.toString()})
2023-11-29 21:56:43,217 [main] INFO  base.BaseClass - Found Element By {by.toString()}
2023-11-29 21:56:43,750 [main] INFO  base.BaseClass - Trying to find Element By {by.toString()})
2023-11-29 21:56:43,776 [main] INFO  base.BaseClass - Found Element By {by.toString()}
2023-11-29 21:56:44,297 [main] INFO  base.BaseClass - Trying to find Element By {by.toString()})
2023-11-29 21:56:44,323 [main] INFO  base.BaseClass - Found Element By {by.toString()}
2023-11-29 21:56:44,859 [main] INFO  base.BaseClass - Trying to find Element By {by.toString()})
2023-11-29 21:56:44,885 [main] INFO  base.BaseClass - Found Element By {by.toString()}
2023-11-29 21:56:45,420 [main] INFO  base.BaseClass - Trying to find Element By {by.toString()})
2023-11-29 21:56:45,445 [main] INFO  base.BaseClass - Found Element By {by.toString()}
2023-11-29 21:56:45,969 [main] INFO  base.BaseClass - Trying to find Element By {by.toString()})
2023-11-29 21:56:45,995 [main] INFO  base.BaseClass - Found Element By {by.toString()}
2023-11-29 21:56:46,518 [main] INFO  base.BaseClass - Trying to find Element By {by.toString()})
2023-11-29 21:56:46,543 [main] INFO  base.BaseClass - Found Element By {by.toString()}
2023-11-29 21:56:47,078 [main] INFO  base.BaseClass - Trying to find Element By {by.toString()})
2023-11-29 21:56:47,104 [main] INFO  base.BaseClass - Found Element By {by.toString()}
2023-11-29 21:56:47,634 [main] INFO  base.BaseClass - Trying to find Element By {by.toString()})
2023-11-29 21:56:47,679 [main] INFO  base.BaseClass - Found Element By {by.toString()}
2023-11-29 21:56:48,197 [main] INFO  base.BaseClass - Trying to find Element By {by.toString()})
2023-11-29 21:56:48,223 [main] INFO  base.BaseClass - Found Element By {by.toString()}
2023-11-29 21:56:48,746 [main] INFO  base.BaseClass - Trying to find Element By {by.toString()})
2023-11-29 21:56:48,772 [main] INFO  base.BaseClass - Found Element By {by.toString()}
2023-11-29 21:56:49,306 [main] INFO  base.BaseClass - Trying to find Element By {by.toString()})
2023-11-29 21:56:49,332 [main] INFO  base.BaseClass - Found Element By {by.toString()}
2023-11-29 21:56:49,853 [main] INFO  base.BaseClass - Trying to find Element By {by.toString()})
2023-11-29 21:56:49,877 [main] INFO  base.BaseClass - Found Element By {by.toString()}
2023-11-29 21:56:50,400 [main] INFO  base.BaseClass - Trying to find Element By {by.toString()})
2023-11-29 21:56:50,426 [main] INFO  base.BaseClass - Found Element By {by.toString()}
2023-11-29 21:56:50,950 [main] INFO  base.BaseClass - Trying to find Element By {by.toString()})
2023-11-29 21:56:50,975 [main] INFO  base.BaseClass - Found Element By {by.toString()}
2023-11-29 21:56:51,499 [main] INFO  base.BaseClass - Trying to find Element By {by.toString()})
2023-11-29 21:56:51,524 [main] INFO  base.BaseClass - Found Element By {by.toString()}
2023-11-29 21:56:52,046 [main] INFO  base.BaseClass - Trying to find Element By {by.toString()})
2023-11-29 21:56:52,072 [main] INFO  base.BaseClass - Found Element By {by.toString()}
2023-11-29 21:56:52,596 [main] INFO  base.BaseClass - Trying to find Element By {by.toString()})
2023-11-29 21:56:52,622 [main] INFO  base.BaseClass - Found Element By {by.toString()}
2023-11-29 21:56:53,144 [main] INFO  base.BaseClass - Trying to find Element By {by.toString()})
2023-11-29 21:56:53,168 [main] INFO  base.BaseClass - Found Element By {by.toString()}
2023-11-29 21:56:53,694 [main] INFO  base.BaseClass - Trying to find Element By {by.toString()})
2023-11-29 21:56:53,720 [main] INFO  base.BaseClass - Found Element By {by.toString()}
2023-11-29 21:56:54,253 [main] INFO  base.BaseClass - Trying to find Element By {by.toString()})
2023-11-29 21:56:54,279 [main] INFO  base.BaseClass - Found Element By {by.toString()}
2023-11-29 21:56:54,814 [main] INFO  base.BaseClass - Trying to find Element By {by.toString()})
2023-11-29 21:56:54,842 [main] INFO  base.BaseClass - Found Element By {by.toString()}
2023-11-29 21:56:55,378 [main] INFO  base.BaseClass - Trying to find Element By {by.toString()})
2023-11-29 21:56:55,405 [main] INFO  base.BaseClass - Found Element By {by.toString()}
2023-11-29 21:56:55,928 [main] INFO  base.BaseClass - Trying to find Element By {by.toString()})
2023-11-29 21:56:55,956 [main] INFO  base.BaseClass - Found Element By {by.toString()}
2023-11-29 21:56:56,491 [main] INFO  base.BaseClass - Trying to find Element By {by.toString()})
2023-11-29 21:56:56,517 [main] INFO  base.BaseClass - Found Element By {by.toString()}
2023-11-29 21:56:57,053 [main] INFO  base.BaseClass - Trying to find Element By {by.toString()})
2023-11-29 21:56:57,078 [main] INFO  base.BaseClass - Found Element By {by.toString()}
2023-11-29 21:56:57,613 [main] INFO  base.BaseClass - Trying to find Element By {by.toString()})
2023-11-29 21:56:57,640 [main] INFO  base.BaseClass - Found Element By {by.toString()}
2023-11-29 21:56:58,175 [main] INFO  base.BaseClass - Trying to find Element By {by.toString()})
2023-11-29 21:56:58,200 [main] INFO  base.BaseClass - Found Element By {by.toString()}
2023-11-29 21:56:58,722 [main] INFO  base.BaseClass - Trying to find Element By {by.toString()})
2023-11-29 21:56:58,748 [main] INFO  base.BaseClass - Found Element By {by.toString()}
2023-11-29 21:56:59,270 [main] INFO  base.BaseClass - Trying to find Element By {by.toString()})
2023-11-29 21:56:59,294 [main] INFO  base.BaseClass - Found Element By {by.toString()}
2023-11-29 21:56:59,822 [main] INFO  base.BaseClass - Trying to find Element By {by.toString()})
2023-11-29 21:56:59,848 [main] INFO  base.BaseClass - Found Element By {by.toString()}
2023-11-29 21:57:00,373 [main] INFO  base.BaseClass - Trying to find Element By {by.toString()})
2023-11-29 21:57:00,399 [main] INFO  base.BaseClass - Found Element By {by.toString()}
2023-11-29 21:57:00,933 [main] INFO  base.BaseClass - Trying to find Element By {by.toString()})
2023-11-29 21:57:00,959 [main] INFO  base.BaseClass - Found Element By {by.toString()}
2023-11-29 21:57:01,481 [main] INFO  base.BaseClass - Trying to find Element By {by.toString()})
2023-11-29 21:57:01,502 [main] INFO  base.BaseClass - Found Element By {by.toString()}
2023-11-29 21:57:02,028 [main] INFO  base.BaseClass - Trying to find Element By {by.toString()})
2023-11-29 21:57:02,055 [main] INFO  base.BaseClass - Found Element By {by.toString()}
2023-11-29 21:57:02,589 [main] INFO  base.BaseClass - Trying to find Element By {by.toString()})
2023-11-29 21:57:02,615 [main] INFO  base.BaseClass - Found Element By {by.toString()}
2023-11-29 21:57:03,152 [main] INFO  base.BaseClass - Trying to find Element By {by.toString()})
2023-11-29 21:57:03,168 [main] INFO  base.BaseClass - Found Element By {by.toString()}
2023-11-29 21:57:03,684 [main] INFO  base.BaseClass - Trying to find Element By {by.toString()})
2023-11-29 21:57:03,711 [main] INFO  base.BaseClass - Found Element By {by.toString()}
2023-11-29 21:57:04,246 [main] INFO  base.BaseClass - Trying to find Element By {by.toString()})
2023-11-29 21:57:04,273 [main] INFO  base.BaseClass - Found Element By {by.toString()}
2023-11-29 21:57:04,806 [main] INFO  base.BaseClass - Trying to find Element By {by.toString()})
2023-11-29 21:57:04,831 [main] INFO  base.BaseClass - Found Element By {by.toString()}
2023-11-29 21:57:05,357 [main] INFO  base.BaseClass - Trying to find Element By {by.toString()})
2023-11-29 21:57:05,385 [main] INFO  base.BaseClass - Found Element By {by.toString()}
2023-11-29 21:57:05,918 [main] INFO  base.BaseClass - Trying to find Element By {by.toString()})
2023-11-29 21:57:05,943 [main] INFO  base.BaseClass - Found Element By {by.toString()}
2023-11-29 21:57:06,478 [main] INFO  base.BaseClass - Trying to find Element By {by.toString()})
2023-11-29 21:57:06,502 [main] INFO  base.BaseClass - Found Element By {by.toString()}
2023-11-29 21:57:07,026 [main] INFO  base.BaseClass - Trying to find Element By {by.toString()})
2023-11-29 21:57:07,051 [main] INFO  base.BaseClass - Found Element By {by.toString()}
2023-11-29 21:57:07,576 [main] INFO  base.BaseClass - Trying to find Element By {by.toString()})
2023-11-29 21:57:07,602 [main] INFO  base.BaseClass - Found Element By {by.toString()}
2023-11-29 21:57:08,137 [main] INFO  base.BaseClass - Trying to find Element By {by.toString()})
2023-11-29 21:57:08,162 [main] INFO  base.BaseClass - Found Element By {by.toString()}
2023-11-29 21:57:08,683 [main] INFO  base.BaseClass - Trying to find Element By {by.toString()})
2023-11-29 21:57:08,709 [main] INFO  base.BaseClass - Found Element By {by.toString()}
2023-11-29 21:57:09,246 [main] INFO  base.BaseClass - Trying to find Element By {by.toString()})
2023-11-29 21:57:09,271 [main] INFO  base.BaseClass - Found Element By {by.toString()}
2023-11-29 21:57:09,792 [main] INFO  base.BaseClass - Trying to find Element By {by.toString()})
2023-11-29 21:57:09,817 [main] INFO  base.BaseClass - Found Element By {by.toString()}
2023-11-29 21:57:10,342 [main] INFO  base.BaseClass - Trying to find Element By {by.toString()})
2023-11-29 21:57:10,369 [main] INFO  base.BaseClass - Found Element By {by.toString()}
2023-11-29 21:57:10,892 [main] INFO  base.BaseClass - Trying to find Element By {by.toString()})
2023-11-29 21:57:10,917 [main] INFO  base.BaseClass - Found Element By {by.toString()}
2023-11-29 21:57:11,453 [main] INFO  base.BaseClass - Trying to find Element By {by.toString()})
2023-11-29 21:57:11,477 [main] INFO  base.BaseClass - Found Element By {by.toString()}
2023-11-29 21:57:12,003 [main] INFO  base.BaseClass - Trying to find Element By {by.toString()})
2023-11-29 21:57:12,021 [main] INFO  base.BaseClass - Found Element By {by.toString()}
2023-11-29 21:57:12,550 [main] INFO  base.BaseClass - Trying to find Element By {by.toString()})
2023-11-29 21:57:12,575 [main] INFO  base.BaseClass - Found Element By {by.toString()}
2023-11-29 21:57:13,098 [main] INFO  base.BaseClass - Trying to find Element By {by.toString()})
2023-11-29 21:57:13,124 [main] INFO  base.BaseClass - Found Element By {by.toString()}
2023-11-29 21:57:13,660 [main] INFO  base.BaseClass - Trying to find Element By {by.toString()})
2023-11-29 21:57:13,686 [main] INFO  base.BaseClass - Found Element By {by.toString()}
2023-11-29 21:57:14,222 [main] INFO  base.BaseClass - Trying to find Element By {by.toString()})
2023-11-29 21:57:14,243 [main] INFO  base.BaseClass - Found Element By {by.toString()}
2023-11-29 21:57:14,770 [main] INFO  base.BaseClass - Trying to find Element By {by.toString()})
2023-11-29 21:57:14,795 [main] INFO  base.BaseClass - Found Element By {by.toString()}
2023-11-29 21:57:15,320 [main] INFO  base.BaseClass - Trying to find Element By {by.toString()})
2023-11-29 21:57:15,346 [main] INFO  base.BaseClass - Found Element By {by.toString()}
2023-11-29 21:57:15,882 [main] INFO  base.BaseClass - Trying to find Element By {by.toString()})
2023-11-29 21:57:15,907 [main] INFO  base.BaseClass - Found Element By {by.toString()}
2023-11-29 21:57:16,431 [main] INFO  base.BaseClass - Trying to find Element By {by.toString()})
2023-11-29 21:57:16,460 [main] INFO  base.BaseClass - Found Element By {by.toString()}
2023-11-29 21:57:16,997 [main] INFO  base.BaseClass - Trying to find Element By {by.toString()})
2023-11-29 21:57:17,023 [main] INFO  base.BaseClass - Found Element By {by.toString()}
2023-11-29 21:57:17,544 [main] INFO  base.BaseClass - Trying to find Element By {by.toString()})
2023-11-29 21:57:17,569 [main] INFO  base.BaseClass - Found Element By {by.toString()}
2023-11-29 21:57:18,091 [main] INFO  base.BaseClass - Trying to find Element By {by.toString()})
2023-11-29 21:57:18,118 [main] INFO  base.BaseClass - Found Element By {by.toString()}
2023-11-29 21:57:18,652 [main] INFO  base.BaseClass - Trying to find Element By {by.toString()})
2023-11-29 21:57:18,677 [main] INFO  base.BaseClass - Found Element By {by.toString()}
2023-11-29 21:57:19,214 [main] INFO  base.BaseClass - Trying to find Element By {by.toString()})
2023-11-29 21:57:19,241 [main] INFO  base.BaseClass - Found Element By {by.toString()}
2023-11-29 21:57:19,776 [main] INFO  base.BaseClass - Trying to find Element By {by.toString()})
2023-11-29 21:57:19,801 [main] INFO  base.BaseClass - Found Element By {by.toString()}
2023-11-29 21:57:20,323 [main] INFO  base.BaseClass - Trying to find Element By {by.toString()})
2023-11-29 21:57:20,353 [main] INFO  base.BaseClass - Found Element By {by.toString()}
2023-11-29 21:57:20,884 [main] INFO  base.BaseClass - Trying to find Element By {by.toString()})
2023-11-29 21:57:20,910 [main] INFO  base.BaseClass - Found Element By {by.toString()}
2023-11-29 21:57:21,433 [main] INFO  base.BaseClass - Trying to find Element By {by.toString()})
2023-11-29 21:57:21,459 [main] INFO  base.BaseClass - Found Element By {by.toString()}
2023-11-29 21:57:21,990 [main] INFO  base.BaseClass - Trying to find Element By {by.toString()})
2023-11-29 21:57:22,015 [main] INFO  base.BaseClass - Found Element By {by.toString()}
2023-11-29 21:57:22,538 [main] INFO  base.BaseClass - Trying to find Element By {by.toString()})
2023-11-29 21:57:22,564 [main] INFO  base.BaseClass - Found Element By {by.toString()}
2023-11-29 21:57:23,088 [main] INFO  base.BaseClass - Trying to find Element By {by.toString()})
2023-11-29 21:57:23,114 [main] INFO  base.BaseClass - Found Element By {by.toString()}
2023-11-29 21:57:23,639 [main] INFO  base.BaseClass - Trying to find Element By {by.toString()})
2023-11-29 21:57:23,665 [main] INFO  base.BaseClass - Found Element By {by.toString()}
2023-11-29 21:57:24,189 [main] INFO  base.BaseClass - Trying to find Element By {by.toString()})
2023-11-29 21:57:24,237 [main] INFO  base.BaseClass - Found Element By {by.toString()}
2023-11-29 21:57:24,752 [main] INFO  base.BaseClass - Trying to find Element By {by.toString()})
2023-11-29 21:57:24,770 [main] INFO  base.BaseClass - Found Element By {by.toString()}
2023-11-29 21:57:25,288 [main] INFO  base.BaseClass - Trying to find Element By {by.toString()})
2023-11-29 21:57:25,314 [main] INFO  base.BaseClass - Found Element By {by.toString()}
2023-11-29 21:57:25,849 [main] INFO  base.BaseClass - Trying to find Element By {by.toString()})
2023-11-29 21:57:25,876 [main] INFO  base.BaseClass - Found Element By {by.toString()}
2023-11-29 21:57:26,398 [main] INFO  base.BaseClass - Trying to find Element By {by.toString()})
2023-11-29 21:57:26,423 [main] INFO  base.BaseClass - Found Element By {by.toString()}
2023-11-29 21:57:26,947 [main] INFO  base.BaseClass - Trying to find Element By {by.toString()})
2023-11-29 21:57:26,973 [main] INFO  base.BaseClass - Found Element By {by.toString()}
2023-11-29 21:57:27,509 [main] INFO  base.BaseClass - Trying to find Element By {by.toString()})
2023-11-29 21:57:27,544 [main] INFO  base.BaseClass - Found Element By {by.toString()}
2023-11-29 21:57:28,057 [main] INFO  base.BaseClass - Trying to find Element By {by.toString()})
2023-11-29 21:57:28,084 [main] INFO  base.BaseClass - Found Element By {by.toString()}
2023-11-29 21:57:28,619 [main] INFO  base.BaseClass - Trying to find Element By {by.toString()})
2023-11-29 21:57:28,645 [main] INFO  base.BaseClass - Found Element By {by.toString()}
2023-11-29 21:57:29,181 [main] INFO  base.BaseClass - Trying to find Element By {by.toString()})
2023-11-29 21:57:29,209 [main] INFO  base.BaseClass - Found Element By {by.toString()}
2023-11-29 21:57:29,743 [main] INFO  base.BaseClass - Trying to find Element By {by.toString()})
2023-11-29 21:57:29,769 [main] INFO  base.BaseClass - Found Element By {by.toString()}
2023-11-29 21:57:30,292 [main] INFO  base.BaseClass - Trying to find Element By {by.toString()})
2023-11-29 21:57:30,317 [main] INFO  base.BaseClass - Found Element By {by.toString()}
2023-11-29 21:57:30,852 [main] INFO  base.BaseClass - Trying to find Element By {by.toString()})
2023-11-29 21:57:30,878 [main] INFO  base.BaseClass - Found Element By {by.toString()}
2023-11-29 21:57:31,401 [main] INFO  base.BaseClass - Trying to find Element By {by.toString()})
2023-11-29 21:57:31,427 [main] INFO  base.BaseClass - Found Element By {by.toString()}
2023-11-29 21:57:31,962 [main] INFO  base.BaseClass - Trying to find Element By {by.toString()})
2023-11-29 21:57:31,988 [main] INFO  base.BaseClass - Found Element By {by.toString()}
2023-11-29 21:57:32,510 [main] INFO  base.BaseClass - Trying to find Element By {by.toString()})
2023-11-29 21:57:32,539 [main] INFO  base.BaseClass - Found Element By {by.toString()}
2023-11-29 21:57:33,072 [main] INFO  base.BaseClass - Trying to find Element By {by.toString()})
2023-11-29 21:57:33,098 [main] INFO  base.BaseClass - Found Element By {by.toString()}
2023-11-29 21:57:33,631 [main] INFO  base.BaseClass - Trying to find Element By {by.toString()})
2023-11-29 21:57:33,656 [main] INFO  base.BaseClass - Found Element By {by.toString()}
2023-11-29 21:57:34,179 [main] INFO  base.BaseClass - Trying to find Element By {by.toString()})
2023-11-29 21:57:34,204 [main] INFO  base.BaseClass - Found Element By {by.toString()}
2023-11-29 21:57:34,738 [main] INFO  base.BaseClass - Trying to find Element By {by.toString()})
2023-11-29 21:57:34,764 [main] INFO  base.BaseClass - Found Element By {by.toString()}
TimeoutException occurred: Expected condition failed: waiting for helper.WaitUtility$3@394c3a0f (tried for 60 second(s) with 500 milliseconds interval)
Build info: version: '3.141.59', revision: 'e82be7d358', time: '2018-11-14T08:17:03'
System info: host: 'DPLAP166', ip: '137.237.3.153', os.name: 'Windows 10', os.arch: 'amd64', os.version: '10.0', java.version: '19.0.1'
Driver info: org.openqa.selenium.support.events.EventFiringWebDriver
Capabilities {acceptInsecureCerts: true, browserName: chrome, browserVersion: 119.0.6045.200, chrome: {chromedriverVersion: 119.0.6045.105 (38c72552c5e..., userDataDir: C:\Users\dP-PL\AppData\Loca...}, fedcm:accounts: true, goog:chromeOptions: {debuggerAddress: localhost:52174}, javascriptEnabled: true, networkConnectionEnabled: false, pageLoadStrategy: normal, platform: WINDOWS, platformName: WINDOWS, proxy: Proxy(), setWindowRect: true, strictFileInteractability: false, timeouts: {implicit: 0, pageLoad: 300000, script: 30000}, unhandledPromptBehavior: dismiss and notify, webauthn:extension:credBlob: true, webauthn:extension:largeBlob: true, webauthn:extension:minPinLength: true, webauthn:extension:prf: true, webauthn:virtualAuthenticators: true}
Session ID: 9904d8dcdce8f65bcf1cf5b9aa8273f1
2023-11-29 21:57:34,786 [main] ERROR XGLT_15177_Test - Element did not become visible within the specified time: Expected condition failed: waiting for helper.WaitUtility$3@394c3a0f (tried for 60 second(s) with 500 milliseconds interval)
Build info: version: '3.141.59', revision: 'e82be7d358', time: '2018-11-14T08:17:03'
System info: host: 'DPLAP166', ip: '137.237.3.153', os.name: 'Windows 10', os.arch: 'amd64', os.version: '10.0', java.version: '19.0.1'
Driver info: org.openqa.selenium.support.events.EventFiringWebDriver
Capabilities {acceptInsecureCerts: true, browserName: chrome, browserVersion: 119.0.6045.200, chrome: {chromedriverVersion: 119.0.6045.105 (38c72552c5e..., userDataDir: C:\Users\dP-PL\AppData\Loca...}, fedcm:accounts: true, goog:chromeOptions: {debuggerAddress: localhost:52174}, javascriptEnabled: true, networkConnectionEnabled: false, pageLoadStrategy: normal, platform: WINDOWS, platformName: WINDOWS, proxy: Proxy(), setWindowRect: true, strictFileInteractability: false, timeouts: {implicit: 0, pageLoad: 300000, script: 30000}, unhandledPromptBehavior: dismiss and notify, webauthn:extension:credBlob: true, webauthn:extension:largeBlob: true, webauthn:extension:minPinLength: true, webauthn:extension:prf: true, webauthn:virtualAuthenticators: true}
Session ID: 9904d8dcdce8f65bcf1cf5b9aa8273f1
2023-11-29 21:57:34,786 [main] INFO  base.BaseClass - Trying to find Element By {by.toString()})
2023-11-29 21:57:34,809 [main] INFO  base.BaseClass - Found Element By {by.toString()}
2023-11-29 21:57:34,833 [main] INFO  base.BaseClass - Trying to find Element By {by.toString()})
2023-11-29 21:57:34,854 [main] INFO  base.BaseClass - Found Element By {by.toString()}
Mc count 4158
2023-11-29 21:57:35,101 [main] INFO  base.BaseClass - Trying to find Element By {by.toString()})
TimeoutException occurred: Expected condition failed: waiting for helper.WaitUtility$4@5067b8d9 (tried for 50 second(s) with 500 milliseconds interval)
2023-11-29 21:58:25,156 [main] ERROR XGLT_15177_Test - Element did not become visible within the specified time: Expected condition failed: waiting for helper.WaitUtility$4@5067b8d9 (tried for 50 second(s) with 500 milliseconds interval)
2023-11-29 21:58:25,156 [main] INFO  base.BaseClass - Trying to find Element By {by.toString()})
2023-11-29 21:58:25,182 [main] INFO  base.BaseClass - Found Element By {by.toString()}
2023-11-29 21:58:25,732 [main] INFO  base.BaseClass - Trying to find Element By {by.toString()})
2023-11-29 21:58:25,758 [main] INFO  base.BaseClass - Found Element By {by.toString()}
2023-11-29 21:58:26,295 [main] INFO  base.BaseClass - Trying to find Element By {by.toString()})
2023-11-29 21:58:26,320 [main] INFO  base.BaseClass - Found Element By {by.toString()}
2023-11-29 21:58:26,872 [main] INFO  base.BaseClass - Trying to find Element By {by.toString()})
2023-11-29 21:58:26,898 [main] INFO  base.BaseClass - Found Element By {by.toString()}
2023-11-29 21:58:27,439 [main] INFO  base.BaseClass - Trying to find Element By {by.toString()})
2023-11-29 21:58:27,467 [main] INFO  base.BaseClass - Found Element By {by.toString()}
2023-11-29 21:58:28,014 [main] INFO  base.BaseClass - Trying to find Element By {by.toString()})
2023-11-29 21:58:28,041 [main] INFO  base.BaseClass - Found Element By {by.toString()}
2023-11-29 21:58:28,578 [main] INFO  base.BaseClass - Trying to find Element By {by.toString()})
2023-11-29 21:58:28,604 [main] INFO  base.BaseClass - Found Element By {by.toString()}
2023-11-29 21:58:29,145 [main] INFO  base.BaseClass - Trying to find Element By {by.toString()})
2023-11-29 21:58:29,169 [main] INFO  base.BaseClass - Found Element By {by.toString()}
2023-11-29 21:58:29,706 [main] INFO  base.BaseClass - Trying to find Element By {by.toString()})
2023-11-29 21:58:29,729 [main] INFO  base.BaseClass - Found Element By {by.toString()}
2023-11-29 21:58:30,269 [main] INFO  base.BaseClass - Trying to find Element By {by.toString()})
2023-11-29 21:58:30,295 [main] INFO  base.BaseClass - Found Element By {by.toString()}
2023-11-29 21:58:30,832 [main] INFO  base.BaseClass - Trying to find Element By {by.toString()})
2023-11-29 21:58:30,857 [main] INFO  base.BaseClass - Found Element By {by.toString()}
2023-11-29 21:58:31,391 [main] INFO  base.BaseClass - Trying to find Element By {by.toString()})
2023-11-29 21:58:31,415 [main] INFO  base.BaseClass - Found Element By {by.toString()}
2023-11-29 21:58:31,954 [main] INFO  base.BaseClass - Trying to find Element By {by.toString()})
2023-11-29 21:58:31,979 [main] INFO  base.BaseClass - Found Element By {by.toString()}
2023-11-29 21:58:32,516 [main] INFO  base.BaseClass - Trying to find Element By {by.toString()})
2023-11-29 21:58:32,542 [main] INFO  base.BaseClass - Found Element By {by.toString()}
2023-11-29 21:58:33,081 [main] INFO  base.BaseClass - Trying to find Element By {by.toString()})
2023-11-29 21:58:33,105 [main] INFO  base.BaseClass - Found Element By {by.toString()}
2023-11-29 21:58:33,645 [main] INFO  base.BaseClass - Trying to find Element By {by.toString()})
2023-11-29 21:58:33,672 [main] INFO  base.BaseClass - Found Element By {by.toString()}
2023-11-29 21:58:34,210 [main] INFO  base.BaseClass - Trying to find Element By {by.toString()})
2023-11-29 21:58:34,235 [main] INFO  base.BaseClass - Found Element By {by.toString()}
2023-11-29 21:58:34,772 [main] INFO  base.BaseClass - Trying to find Element By {by.toString()})
2023-11-29 21:58:34,799 [main] INFO  base.BaseClass - Found Element By {by.toString()}
2023-11-29 21:58:35,339 [main] INFO  base.BaseClass - Trying to find Element By {by.toString()})
2023-11-29 21:58:35,364 [main] INFO  base.BaseClass - Found Element By {by.toString()}
2023-11-29 21:58:35,903 [main] INFO  base.BaseClass - Trying to find Element By {by.toString()})
2023-11-29 21:58:35,914 [main] INFO  base.BaseClass - Found Element By {by.toString()}
2023-11-29 21:58:36,436 [main] INFO  base.BaseClass - Trying to find Element By {by.toString()})
2023-11-29 21:58:36,462 [main] INFO  base.BaseClass - Found Element By {by.toString()}
2023-11-29 21:58:37,001 [main] INFO  base.BaseClass - Trying to find Element By {by.toString()})
2023-11-29 21:58:37,026 [main] INFO  base.BaseClass - Found Element By {by.toString()}
2023-11-29 21:58:37,568 [main] INFO  base.BaseClass - Trying to find Element By {by.toString()})
2023-11-29 21:58:37,593 [main] INFO  base.BaseClass - Found Element By {by.toString()}
2023-11-29 21:58:38,143 [main] INFO  base.BaseClass - Trying to find Element By {by.toString()})
2023-11-29 21:58:38,167 [main] INFO  base.BaseClass - Found Element By {by.toString()}
2023-11-29 21:58:38,720 [main] INFO  base.BaseClass - Trying to find Element By {by.toString()})
2023-11-29 21:58:38,745 [main] INFO  base.BaseClass - Found Element By {by.toString()}
2023-11-29 21:58:39,285 [main] INFO  base.BaseClass - Trying to find Element By {by.toString()})
2023-11-29 21:58:39,311 [main] INFO  base.BaseClass - Found Element By {by.toString()}
2023-11-29 21:58:39,859 [main] INFO  base.BaseClass - Trying to find Element By {by.toString()})
2023-11-29 21:58:39,884 [main] INFO  base.BaseClass - Found Element By {by.toString()}
2023-11-29 21:58:40,424 [main] INFO  base.BaseClass - Trying to find Element By {by.toString()})
2023-11-29 21:58:40,449 [main] INFO  base.BaseClass - Found Element By {by.toString()}
2023-11-29 21:58:40,985 [main] INFO  base.BaseClass - Trying to find Element By {by.toString()})
2023-11-29 21:58:41,010 [main] INFO  base.BaseClass - Found Element By {by.toString()}
2023-11-29 21:58:41,555 [main] INFO  base.BaseClass - Trying to find Element By {by.toString()})
2023-11-29 21:58:41,580 [main] INFO  base.BaseClass - Found Element By {by.toString()}
2023-11-29 21:58:42,117 [main] INFO  base.BaseClass - Trying to find Element By {by.toString()})
2023-11-29 21:58:42,141 [main] INFO  base.BaseClass - Found Element By {by.toString()}
2023-11-29 21:58:42,679 [main] INFO  base.BaseClass - Trying to find Element By {by.toString()})
2023-11-29 21:58:42,705 [main] INFO  base.BaseClass - Found Element By {by.toString()}
2023-11-29 21:58:43,245 [main] INFO  base.BaseClass - Trying to find Element By {by.toString()})
2023-11-29 21:58:43,271 [main] INFO  base.BaseClass - Found Element By {by.toString()}
2023-11-29 21:58:43,820 [main] INFO  base.BaseClass - Trying to find Element By {by.toString()})
2023-11-29 21:58:43,846 [main] INFO  base.BaseClass - Found Element By {by.toString()}
2023-11-29 21:58:44,383 [main] INFO  base.BaseClass - Trying to find Element By {by.toString()})
2023-11-29 21:58:44,407 [main] INFO  base.BaseClass - Found Element By {by.toString()}
2023-11-29 21:58:44,946 [main] INFO  base.BaseClass - Trying to find Element By {by.toString()})
2023-11-29 21:58:44,971 [main] INFO  base.BaseClass - Found Element By {by.toString()}
2023-11-29 21:58:45,509 [main] INFO  base.BaseClass - Trying to find Element By {by.toString()})
2023-11-29 21:58:45,535 [main] INFO  base.BaseClass - Found Element By {by.toString()}
2023-11-29 21:58:46,082 [main] INFO  base.BaseClass - Trying to find Element By {by.toString()})
2023-11-29 21:58:46,107 [main] INFO  base.BaseClass - Found Element By {by.toString()}
2023-11-29 21:58:46,648 [main] INFO  base.BaseClass - Trying to find Element By {by.toString()})
2023-11-29 21:58:46,674 [main] INFO  base.BaseClass - Found Element By {by.toString()}
2023-11-29 21:58:47,213 [main] INFO  base.BaseClass - Trying to find Element By {by.toString()})
2023-11-29 21:58:47,237 [main] INFO  base.BaseClass - Found Element By {by.toString()}
2023-11-29 21:58:47,776 [main] INFO  base.BaseClass - Trying to find Element By {by.toString()})
2023-11-29 21:58:47,801 [main] INFO  base.BaseClass - Found Element By {by.toString()}
2023-11-29 21:58:48,343 [main] INFO  base.BaseClass - Trying to find Element By {by.toString()})
2023-11-29 21:58:48,369 [main] INFO  base.BaseClass - Found Element By {by.toString()}
2023-11-29 21:58:48,904 [main] INFO  base.BaseClass - Trying to find Element By {by.toString()})
2023-11-29 21:58:48,931 [main] INFO  base.BaseClass - Found Element By {by.toString()}
2023-11-29 21:58:49,466 [main] INFO  base.BaseClass - Trying to find Element By {by.toString()})
2023-11-29 21:58:49,492 [main] INFO  base.BaseClass - Found Element By {by.toString()}
2023-11-29 21:58:50,031 [main] INFO  base.BaseClass - Trying to find Element By {by.toString()})
2023-11-29 21:58:50,057 [main] INFO  base.BaseClass - Found Element By {by.toString()}
2023-11-29 21:58:50,610 [main] INFO  base.BaseClass - Trying to find Element By {by.toString()})
2023-11-29 21:58:50,635 [main] INFO  base.BaseClass - Found Element By {by.toString()}
2023-11-29 21:58:51,175 [main] INFO  base.BaseClass - Trying to find Element By {by.toString()})
2023-11-29 21:58:51,199 [main] INFO  base.BaseClass - Found Element By {by.toString()}
2023-11-29 21:58:51,739 [main] INFO  base.BaseClass - Trying to find Element By {by.toString()})
2023-11-29 21:58:51,769 [main] INFO  base.BaseClass - Found Element By {by.toString()}
2023-11-29 21:58:52,301 [main] INFO  base.BaseClass - Trying to find Element By {by.toString()})
2023-11-29 21:58:52,327 [main] INFO  base.BaseClass - Found Element By {by.toString()}
2023-11-29 21:58:52,867 [main] INFO  base.BaseClass - Trying to find Element By {by.toString()})
2023-11-29 21:58:52,892 [main] INFO  base.BaseClass - Found Element By {by.toString()}
2023-11-29 21:58:53,437 [main] INFO  base.BaseClass - Trying to find Element By {by.toString()})
2023-11-29 21:58:53,452 [main] INFO  base.BaseClass - Found Element By {by.toString()}
2023-11-29 21:58:53,984 [main] INFO  base.BaseClass - Trying to find Element By {by.toString()})
2023-11-29 21:58:54,009 [main] INFO  base.BaseClass - Found Element By {by.toString()}
2023-11-29 21:58:54,552 [main] INFO  base.BaseClass - Trying to find Element By {by.toString()})
2023-11-29 21:58:54,581 [main] INFO  base.BaseClass - Found Element By {by.toString()}
2023-11-29 21:58:55,129 [main] INFO  base.BaseClass - Trying to find Element By {by.toString()})
2023-11-29 21:58:55,155 [main] INFO  base.BaseClass - Found Element By {by.toString()}
TimeoutException occurred: Expected condition failed: waiting for helper.WaitUtility$5@3d752234 (tried for 30 second(s) with 500 milliseconds interval)
Build info: version: '3.141.59', revision: 'e82be7d358', time: '2018-11-14T08:17:03'
System info: host: 'DPLAP166', ip: '137.237.3.153', os.name: 'Windows 10', os.arch: 'amd64', os.version: '10.0', java.version: '19.0.1'
Driver info: org.openqa.selenium.support.events.EventFiringWebDriver
Capabilities {acceptInsecureCerts: true, browserName: chrome, browserVersion: 119.0.6045.200, chrome: {chromedriverVersion: 119.0.6045.105 (38c72552c5e..., userDataDir: C:\Users\dP-PL\AppData\Loca...}, fedcm:accounts: true, goog:chromeOptions: {debuggerAddress: localhost:52174}, javascriptEnabled: true, networkConnectionEnabled: false, pageLoadStrategy: normal, platform: WINDOWS, platformName: WINDOWS, proxy: Proxy(), setWindowRect: true, strictFileInteractability: false, timeouts: {implicit: 0, pageLoad: 300000, script: 30000}, unhandledPromptBehavior: dismiss and notify, webauthn:extension:credBlob: true, webauthn:extension:largeBlob: true, webauthn:extension:minPinLength: true, webauthn:extension:prf: true, webauthn:virtualAuthenticators: true}
Session ID: 9904d8dcdce8f65bcf1cf5b9aa8273f1
2023-11-29 21:58:55,190 [main] ERROR XGLT_15177_Test - Element did not become visible within the specified time: Expected condition failed: waiting for helper.WaitUtility$5@3d752234 (tried for 30 second(s) with 500 milliseconds interval)
Build info: version: '3.141.59', revision: 'e82be7d358', time: '2018-11-14T08:17:03'
System info: host: 'DPLAP166', ip: '137.237.3.153', os.name: 'Windows 10', os.arch: 'amd64', os.version: '10.0', java.version: '19.0.1'
Driver info: org.openqa.selenium.support.events.EventFiringWebDriver
Capabilities {acceptInsecureCerts: true, browserName: chrome, browserVersion: 119.0.6045.200, chrome: {chromedriverVersion: 119.0.6045.105 (38c72552c5e..., userDataDir: C:\Users\dP-PL\AppData\Loca...}, fedcm:accounts: true, goog:chromeOptions: {debuggerAddress: localhost:52174}, javascriptEnabled: true, networkConnectionEnabled: false, pageLoadStrategy: normal, platform: WINDOWS, platformName: WINDOWS, proxy: Proxy(), setWindowRect: true, strictFileInteractability: false, timeouts: {implicit: 0, pageLoad: 300000, script: 30000}, unhandledPromptBehavior: dismiss and notify, webauthn:extension:credBlob: true, webauthn:extension:largeBlob: true, webauthn:extension:minPinLength: true, webauthn:extension:prf: true, webauthn:virtualAuthenticators: true}
Session ID: 9904d8dcdce8f65bcf1cf5b9aa8273f1
2023-11-29 21:58:55,190 [main] INFO  base.BaseClass - Trying to find Element By {by.toString()})
2023-11-29 21:58:55,207 [main] INFO  base.BaseClass - Found Element By {by.toString()}
2023-11-29 21:58:55,207 [main] INFO  base.BaseClass - Trying to click on: {element.toString()}
2023-11-29 21:58:55,343 [main] INFO  base.BaseClass - Clicked on: {element.toString()}
2023-11-29 21:58:55,343 [main] INFO  base.BaseClass - Trying to find Element By {by.toString()})
TimeoutException occurred: Expected condition failed: waiting for helper.WaitUtility$2@39562ff7 (tried for 50 second(s) with 500 milliseconds interval)
2023-11-29 21:59:45,409 [main] ERROR XGLT_15177_Test - Element did not become visible within the specified time: Expected condition failed: waiting for helper.WaitUtility$2@39562ff7 (tried for 50 second(s) with 500 milliseconds interval)
2023-11-29 21:59:45,410 [main] INFO  base.BaseClass - Trying to find Element By {by.toString()})
NextfourDaysPA failed!
]]></system-out>
  </testcase>
  <testcase name="NextfourDaysPB" classname="XGLT_6688_Test" time="251.82">
    <failure message="no such element: Unable to locate element: {&quot;method&quot;:&quot;xpath&quot;,&quot;selector&quot;:&quot;//h1[contains(text(),&apos;Pending Build&apos;)]/following-sibling::h1&quot;}&#10;  (Session info: chrome=119.0.6045.200)&#10;For documentation on this error, please visit: https://www.seleniumhq.org/exceptions/no_such_element.html&#10;Build info: version: &apos;3.141.59&apos;, revision: &apos;e82be7d358&apos;, time: &apos;2018-11-14T08:17:03&apos;&#10;System info: host: &apos;DPLAP166&apos;, ip: &apos;137.237.3.153&apos;, os.name: &apos;Windows 10&apos;, os.arch: &apos;amd64&apos;, os.version: &apos;10.0&apos;, java.version: &apos;19.0.1&apos;&#10;Driver info: org.openqa.selenium.chrome.ChromeDriver&#10;Capabilities {acceptInsecureCerts: true, browserName: chrome, browserVersion: 119.0.6045.200, chrome: {chromedriverVersion: 119.0.6045.105 (38c72552c5e..., userDataDir: C:\Users\dP-PL\AppData\Loca...}, fedcm:accounts: true, goog:chromeOptions: {debuggerAddress: localhost:52174}, javascriptEnabled: true, networkConnectionEnabled: false, pageLoadStrategy: normal, platform: WINDOWS, platformName: WINDOWS, proxy: Proxy(), setWindowRect: true, strictFileInteractability: false, timeouts: {implicit: 0, pageLoad: 300000, script: 30000}, unhandledPromptBehavior: dismiss and notify, webauthn:extension:credBlob: true, webauthn:extension:largeBlob: true, webauthn:extension:minPinLength: true, webauthn:extension:prf: true, webauthn:virtualAuthenticators: true}&#10;Session ID: 9904d8dcdce8f65bcf1cf5b9aa8273f1&#10;*** Element info: {Using=xpath, value=//h1[contains(text(),&apos;Pending Build&apos;)]/following-sibling::h1}" type="org.openqa.selenium.NoSuchElementException"><![CDATA[org.openqa.selenium.NoSuchElementException: 
no such element: Unable to locate element: {"method":"xpath","selector":"//h1[contains(text(),'Pending Build')]/following-sibling::h1"}
  (Session info: chrome=119.0.6045.200)
For documentation on this error, please visit: https://www.seleniumhq.org/exceptions/no_such_element.html
Build info: version: '3.141.59', revision: 'e82be7d358', time: '2018-11-14T08:17:03'
System info: host: 'DPLAP166', ip: '137.237.3.153', os.name: 'Windows 10', os.arch: 'amd64', os.version: '10.0', java.version: '19.0.1'
Driver info: org.openqa.selenium.chrome.ChromeDriver
Capabilities {acceptInsecureCerts: true, browserName: chrome, browserVersion: 119.0.6045.200, chrome: {chromedriverVersion: 119.0.6045.105 (38c72552c5e..., userDataDir: C:\Users\dP-PL\AppData\Loca...}, fedcm:accounts: true, goog:chromeOptions: {debuggerAddress: localhost:52174}, javascriptEnabled: true, networkConnectionEnabled: false, pageLoadStrategy: normal, platform: WINDOWS, platformName: WINDOWS, proxy: Proxy(), setWindowRect: true, strictFileInteractability: false, timeouts: {implicit: 0, pageLoad: 300000, script: 30000}, unhandledPromptBehavior: dismiss and notify, webauthn:extension:credBlob: true, webauthn:extension:largeBlob: true, webauthn:extension:minPinLength: true, webauthn:extension:prf: true, webauthn:virtualAuthenticators: true}
Session ID: 9904d8dcdce8f65bcf1cf5b9aa8273f1
*** Element info: {Using=xpath, value=//h1[contains(text(),'Pending Build')]/following-sibling::h1}
	at java.base/jdk.internal.reflect.DirectConstructorHandleAccessor.newInstance(DirectConstructorHandleAccessor.java:67)
	at java.base/java.lang.reflect.Constructor.newInstanceWithCaller(Constructor.java:500)
	at java.base/java.lang.reflect.Constructor.newInstance(Constructor.java:484)
	at org.openqa.selenium.remote.http.W3CHttpResponseCodec.createException(W3CHttpResponseCodec.java:187)
	at org.openqa.selenium.remote.http.W3CHttpResponseCodec.decode(W3CHttpResponseCodec.java:122)
	at org.openqa.selenium.remote.http.W3CHttpResponseCodec.decode(W3CHttpResponseCodec.java:49)
	at org.openqa.selenium.remote.HttpCommandExecutor.execute(HttpCommandExecutor.java:158)
	at org.openqa.selenium.remote.service.DriverCommandExecutor.execute(DriverCommandExecutor.java:83)
	at org.openqa.selenium.remote.RemoteWebDriver.execute(RemoteWebDriver.java:552)
	at org.openqa.selenium.remote.RemoteWebDriver.findElement(RemoteWebDriver.java:323)
	at org.openqa.selenium.remote.RemoteWebDriver.findElementByXPath(RemoteWebDriver.java:428)
	at org.openqa.selenium.By$ByXPath.findElement(By.java:353)
	at org.openqa.selenium.remote.RemoteWebDriver.findElement(RemoteWebDriver.java:315)
	at java.base/jdk.internal.reflect.DirectMethodHandleAccessor.invoke(DirectMethodHandleAccessor.java:104)
	at java.base/java.lang.reflect.Method.invoke(Method.java:578)
	at org.openqa.selenium.support.events.EventFiringWebDriver.lambda$new$1(EventFiringWebDriver.java:105)
	at jdk.proxy2/jdk.proxy2.$Proxy25.findElement(Unknown Source)
	at org.openqa.selenium.support.events.EventFiringWebDriver.findElement(EventFiringWebDriver.java:194)
	at org.openqa.selenium.support.pagefactory.DefaultElementLocator.findElement(DefaultElementLocator.java:69)
	at org.openqa.selenium.support.pagefactory.internal.LocatingElementHandler.invoke(LocatingElementHandler.java:38)
	at jdk.proxy2/jdk.proxy2.$Proxy28.getText(Unknown Source)
	at pages.NetworkInstancePage.getactualpendingbuildcount(NetworkInstancePage.java:170)
	at pages.NetworkInstancePage.verifypendingbuildcount(NetworkInstancePage.java:180)
	at XGLT_6688_Test.NextfourDaysPB(XGLT_6688_Test.java:82)
	at java.base/jdk.internal.reflect.DirectMethodHandleAccessor.invoke(DirectMethodHandleAccessor.java:104)
	at java.base/java.lang.reflect.Method.invoke(Method.java:578)
	at org.testng.internal.invokers.MethodInvocationHelper.invokeMethod(MethodInvocationHelper.java:139)
	at org.testng.internal.invokers.TestInvoker.invokeMethod(TestInvoker.java:677)
	at org.testng.internal.invokers.TestInvoker.invokeTestMethod(TestInvoker.java:221)
	at org.testng.internal.invokers.MethodRunner.runInSequence(MethodRunner.java:50)
	at org.testng.internal.invokers.TestInvoker$MethodInvocationAgent.invoke(TestInvoker.java:962)
	at org.testng.internal.invokers.TestInvoker.invokeTestMethods(TestInvoker.java:194)
	at org.testng.internal.invokers.TestMethodWorker.invokeTestMethods(TestMethodWorker.java:148)
	at org.testng.internal.invokers.TestMethodWorker.run(TestMethodWorker.java:128)
	at java.base/java.util.ArrayList.forEach(ArrayList.java:1511)
	at org.testng.TestRunner.privateRun(TestRunner.java:806)
	at org.testng.TestRunner.run(TestRunner.java:601)
	at org.testng.SuiteRunner.runTest(SuiteRunner.java:433)
	at org.testng.SuiteRunner.runSequentially(SuiteRunner.java:427)
	at org.testng.SuiteRunner.privateRun(SuiteRunner.java:387)
	at org.testng.SuiteRunner.run(SuiteRunner.java:330)
	at org.testng.SuiteRunnerWorker.runSuite(SuiteRunnerWorker.java:52)
	at org.testng.SuiteRunnerWorker.run(SuiteRunnerWorker.java:95)
	at org.testng.TestNG.runSuitesSequentially(TestNG.java:1256)
	at org.testng.TestNG.runSuitesLocally(TestNG.java:1176)
	at org.testng.TestNG.runSuites(TestNG.java:1099)
	at org.testng.TestNG.run(TestNG.java:1067)
	at org.apache.maven.surefire.testng.TestNGExecutor.run(TestNGExecutor.java:324)
	at org.apache.maven.surefire.testng.TestNGXmlTestSuite.execute(TestNGXmlTestSuite.java:74)
	at org.apache.maven.surefire.testng.TestNGProvider.invoke(TestNGProvider.java:123)
	at org.apache.maven.surefire.booter.ForkedBooter.runSuitesInProcess(ForkedBooter.java:456)
	at org.apache.maven.surefire.booter.ForkedBooter.execute(ForkedBooter.java:169)
	at org.apache.maven.surefire.booter.ForkedBooter.run(ForkedBooter.java:595)
	at org.apache.maven.surefire.booter.ForkedBooter.main(ForkedBooter.java:581)
]]></failure>
    <system-out><![CDATA[Before method Test name: Maintainance Tests
NextfourDaysPB started!
2023-11-29 22:00:35,676 [main] INFO  base.BaseClass - Trying to find Element By {by.toString()})
2023-11-29 22:00:35,698 [main] INFO  base.BaseClass - Found Element By {by.toString()}
TimeoutException occurred: Expected condition failed: waiting for helper.WaitUtility$5@15465703 (tried for 30 second(s) with 500 milliseconds interval)
Build info: version: '3.141.59', revision: 'e82be7d358', time: '2018-11-14T08:17:03'
System info: host: 'DPLAP166', ip: '137.237.3.153', os.name: 'Windows 10', os.arch: 'amd64', os.version: '10.0', java.version: '19.0.1'
Driver info: org.openqa.selenium.support.events.EventFiringWebDriver
Capabilities {acceptInsecureCerts: true, browserName: chrome, browserVersion: 119.0.6045.200, chrome: {chromedriverVersion: 119.0.6045.105 (38c72552c5e..., userDataDir: C:\Users\dP-PL\AppData\Loca...}, fedcm:accounts: true, goog:chromeOptions: {debuggerAddress: localhost:52174}, javascriptEnabled: true, networkConnectionEnabled: false, pageLoadStrategy: normal, platform: WINDOWS, platformName: WINDOWS, proxy: Proxy(), setWindowRect: true, strictFileInteractability: false, timeouts: {implicit: 0, pageLoad: 300000, script: 30000}, unhandledPromptBehavior: dismiss and notify, webauthn:extension:credBlob: true, webauthn:extension:largeBlob: true, webauthn:extension:minPinLength: true, webauthn:extension:prf: true, webauthn:virtualAuthenticators: true}
Session ID: 9904d8dcdce8f65bcf1cf5b9aa8273f1
2023-11-29 22:01:05,796 [main] ERROR XGLT_15177_Test - Element did not become visible within the specified time: Expected condition failed: waiting for helper.WaitUtility$5@15465703 (tried for 30 second(s) with 500 milliseconds interval)
Build info: version: '3.141.59', revision: 'e82be7d358', time: '2018-11-14T08:17:03'
System info: host: 'DPLAP166', ip: '137.237.3.153', os.name: 'Windows 10', os.arch: 'amd64', os.version: '10.0', java.version: '19.0.1'
Driver info: org.openqa.selenium.support.events.EventFiringWebDriver
Capabilities {acceptInsecureCerts: true, browserName: chrome, browserVersion: 119.0.6045.200, chrome: {chromedriverVersion: 119.0.6045.105 (38c72552c5e..., userDataDir: C:\Users\dP-PL\AppData\Loca...}, fedcm:accounts: true, goog:chromeOptions: {debuggerAddress: localhost:52174}, javascriptEnabled: true, networkConnectionEnabled: false, pageLoadStrategy: normal, platform: WINDOWS, platformName: WINDOWS, proxy: Proxy(), setWindowRect: true, strictFileInteractability: false, timeouts: {implicit: 0, pageLoad: 300000, script: 30000}, unhandledPromptBehavior: dismiss and notify, webauthn:extension:credBlob: true, webauthn:extension:largeBlob: true, webauthn:extension:minPinLength: true, webauthn:extension:prf: true, webauthn:virtualAuthenticators: true}
Session ID: 9904d8dcdce8f65bcf1cf5b9aa8273f1
2023-11-29 22:01:05,797 [main] INFO  base.BaseClass - Trying to click on: {element.toString()}
2023-11-29 22:01:05,951 [main] INFO  base.BaseClass - Clicked on: {element.toString()}
2023-11-29 22:01:05,951 [main] INFO  base.BaseClass - Trying to find Element By {by.toString()})
2023-11-29 22:01:05,961 [main] INFO  base.BaseClass - Found Element By {by.toString()}
TimeoutException occurred: Expected condition failed: waiting for helper.WaitUtility$5@30f79bf3 (tried for 30 second(s) with 500 milliseconds interval)
Build info: version: '3.141.59', revision: 'e82be7d358', time: '2018-11-14T08:17:03'
System info: host: 'DPLAP166', ip: '137.237.3.153', os.name: 'Windows 10', os.arch: 'amd64', os.version: '10.0', java.version: '19.0.1'
Driver info: org.openqa.selenium.support.events.EventFiringWebDriver
Capabilities {acceptInsecureCerts: true, browserName: chrome, browserVersion: 119.0.6045.200, chrome: {chromedriverVersion: 119.0.6045.105 (38c72552c5e..., userDataDir: C:\Users\dP-PL\AppData\Loca...}, fedcm:accounts: true, goog:chromeOptions: {debuggerAddress: localhost:52174}, javascriptEnabled: true, networkConnectionEnabled: false, pageLoadStrategy: normal, platform: WINDOWS, platformName: WINDOWS, proxy: Proxy(), setWindowRect: true, strictFileInteractability: false, timeouts: {implicit: 0, pageLoad: 300000, script: 30000}, unhandledPromptBehavior: dismiss and notify, webauthn:extension:credBlob: true, webauthn:extension:largeBlob: true, webauthn:extension:minPinLength: true, webauthn:extension:prf: true, webauthn:virtualAuthenticators: true}
Session ID: 9904d8dcdce8f65bcf1cf5b9aa8273f1
2023-11-29 22:01:36,180 [main] ERROR XGLT_15177_Test - Element did not become visible within the specified time: Expected condition failed: waiting for helper.WaitUtility$5@30f79bf3 (tried for 30 second(s) with 500 milliseconds interval)
Build info: version: '3.141.59', revision: 'e82be7d358', time: '2018-11-14T08:17:03'
System info: host: 'DPLAP166', ip: '137.237.3.153', os.name: 'Windows 10', os.arch: 'amd64', os.version: '10.0', java.version: '19.0.1'
Driver info: org.openqa.selenium.support.events.EventFiringWebDriver
Capabilities {acceptInsecureCerts: true, browserName: chrome, browserVersion: 119.0.6045.200, chrome: {chromedriverVersion: 119.0.6045.105 (38c72552c5e..., userDataDir: C:\Users\dP-PL\AppData\Loca...}, fedcm:accounts: true, goog:chromeOptions: {debuggerAddress: localhost:52174}, javascriptEnabled: true, networkConnectionEnabled: false, pageLoadStrategy: normal, platform: WINDOWS, platformName: WINDOWS, proxy: Proxy(), setWindowRect: true, strictFileInteractability: false, timeouts: {implicit: 0, pageLoad: 300000, script: 30000}, unhandledPromptBehavior: dismiss and notify, webauthn:extension:credBlob: true, webauthn:extension:largeBlob: true, webauthn:extension:minPinLength: true, webauthn:extension:prf: true, webauthn:virtualAuthenticators: true}
Session ID: 9904d8dcdce8f65bcf1cf5b9aa8273f1
2023-11-29 22:01:36,180 [main] INFO  base.BaseClass - Trying to click on: {element.toString()}
2023-11-29 22:01:36,278 [main] INFO  base.BaseClass - Clicked on: {element.toString()}
2023-11-29 22:01:36,279 [main] INFO  base.BaseClass - Trying to find Element By {by.toString()})
2023-11-29 22:01:36,303 [main] INFO  base.BaseClass - Found Element By {by.toString()}
2023-11-29 22:01:36,315 [main] INFO  base.BaseClass - Trying to find Element By {by.toString()})
2023-11-29 22:01:36,334 [main] INFO  base.BaseClass - Found Element By {by.toString()}
2023-11-29 22:01:36,350 [main] INFO  base.BaseClass - Trying to find Element By {by.toString()})
2023-11-29 22:01:36,375 [main] INFO  base.BaseClass - Found Element By {by.toString()}
2023-11-29 22:01:36,895 [main] INFO  base.BaseClass - Trying to find Element By {by.toString()})
2023-11-29 22:01:36,921 [main] INFO  base.BaseClass - Found Element By {by.toString()}
2023-11-29 22:01:37,445 [main] INFO  base.BaseClass - Trying to find Element By {by.toString()})
2023-11-29 22:01:37,471 [main] INFO  base.BaseClass - Found Element By {by.toString()}
2023-11-29 22:01:38,008 [main] INFO  base.BaseClass - Trying to find Element By {by.toString()})
2023-11-29 22:01:38,033 [main] INFO  base.BaseClass - Found Element By {by.toString()}
2023-11-29 22:01:38,554 [main] INFO  base.BaseClass - Trying to find Element By {by.toString()})
2023-11-29 22:01:38,580 [main] INFO  base.BaseClass - Found Element By {by.toString()}
2023-11-29 22:01:39,118 [main] INFO  base.BaseClass - Trying to find Element By {by.toString()})
2023-11-29 22:01:39,143 [main] INFO  base.BaseClass - Found Element By {by.toString()}
2023-11-29 22:01:39,667 [main] INFO  base.BaseClass - Trying to find Element By {by.toString()})
2023-11-29 22:01:39,692 [main] INFO  base.BaseClass - Found Element By {by.toString()}
2023-11-29 22:01:40,216 [main] INFO  base.BaseClass - Trying to find Element By {by.toString()})
2023-11-29 22:01:40,242 [main] INFO  base.BaseClass - Found Element By {by.toString()}
2023-11-29 22:01:40,780 [main] INFO  base.BaseClass - Trying to find Element By {by.toString()})
2023-11-29 22:01:40,805 [main] INFO  base.BaseClass - Found Element By {by.toString()}
2023-11-29 22:01:41,329 [main] INFO  base.BaseClass - Trying to find Element By {by.toString()})
2023-11-29 22:01:41,358 [main] INFO  base.BaseClass - Found Element By {by.toString()}
2023-11-29 22:01:41,892 [main] INFO  base.BaseClass - Trying to find Element By {by.toString()})
2023-11-29 22:01:41,918 [main] INFO  base.BaseClass - Found Element By {by.toString()}
2023-11-29 22:01:42,440 [main] INFO  base.BaseClass - Trying to find Element By {by.toString()})
2023-11-29 22:01:42,465 [main] INFO  base.BaseClass - Found Element By {by.toString()}
2023-11-29 22:01:42,987 [main] INFO  base.BaseClass - Trying to find Element By {by.toString()})
2023-11-29 22:01:43,014 [main] INFO  base.BaseClass - Found Element By {by.toString()}
2023-11-29 22:01:43,548 [main] INFO  base.BaseClass - Trying to find Element By {by.toString()})
2023-11-29 22:01:43,575 [main] INFO  base.BaseClass - Found Element By {by.toString()}
2023-11-29 22:01:44,097 [main] INFO  base.BaseClass - Trying to find Element By {by.toString()})
2023-11-29 22:01:44,122 [main] INFO  base.BaseClass - Found Element By {by.toString()}
2023-11-29 22:01:44,643 [main] INFO  base.BaseClass - Trying to find Element By {by.toString()})
2023-11-29 22:01:44,668 [main] INFO  base.BaseClass - Found Element By {by.toString()}
2023-11-29 22:01:45,191 [main] INFO  base.BaseClass - Trying to find Element By {by.toString()})
2023-11-29 22:01:45,240 [main] INFO  base.BaseClass - Found Element By {by.toString()}
2023-11-29 22:01:45,759 [main] INFO  base.BaseClass - Trying to find Element By {by.toString()})
2023-11-29 22:01:45,785 [main] INFO  base.BaseClass - Found Element By {by.toString()}
2023-11-29 22:01:46,309 [main] INFO  base.BaseClass - Trying to find Element By {by.toString()})
2023-11-29 22:01:46,335 [main] INFO  base.BaseClass - Found Element By {by.toString()}
2023-11-29 22:01:46,870 [main] INFO  base.BaseClass - Trying to find Element By {by.toString()})
2023-11-29 22:01:46,895 [main] INFO  base.BaseClass - Found Element By {by.toString()}
2023-11-29 22:01:47,417 [main] INFO  base.BaseClass - Trying to find Element By {by.toString()})
2023-11-29 22:01:47,442 [main] INFO  base.BaseClass - Found Element By {by.toString()}
2023-11-29 22:01:47,967 [main] INFO  base.BaseClass - Trying to find Element By {by.toString()})
2023-11-29 22:01:47,994 [main] INFO  base.BaseClass - Found Element By {by.toString()}
2023-11-29 22:01:48,529 [main] INFO  base.BaseClass - Trying to find Element By {by.toString()})
2023-11-29 22:01:48,556 [main] INFO  base.BaseClass - Found Element By {by.toString()}
2023-11-29 22:01:49,078 [main] INFO  base.BaseClass - Trying to find Element By {by.toString()})
2023-11-29 22:01:49,103 [main] INFO  base.BaseClass - Found Element By {by.toString()}
2023-11-29 22:01:49,626 [main] INFO  base.BaseClass - Trying to find Element By {by.toString()})
2023-11-29 22:01:49,650 [main] INFO  base.BaseClass - Found Element By {by.toString()}
2023-11-29 22:01:50,174 [main] INFO  base.BaseClass - Trying to find Element By {by.toString()})
2023-11-29 22:01:50,200 [main] INFO  base.BaseClass - Found Element By {by.toString()}
2023-11-29 22:01:50,723 [main] INFO  base.BaseClass - Trying to find Element By {by.toString()})
2023-11-29 22:01:50,748 [main] INFO  base.BaseClass - Found Element By {by.toString()}
2023-11-29 22:01:51,284 [main] INFO  base.BaseClass - Trying to find Element By {by.toString()})
2023-11-29 22:01:51,310 [main] INFO  base.BaseClass - Found Element By {by.toString()}
2023-11-29 22:01:51,831 [main] INFO  base.BaseClass - Trying to find Element By {by.toString()})
2023-11-29 22:01:51,856 [main] INFO  base.BaseClass - Found Element By {by.toString()}
2023-11-29 22:01:52,380 [main] INFO  base.BaseClass - Trying to find Element By {by.toString()})
2023-11-29 22:01:52,406 [main] INFO  base.BaseClass - Found Element By {by.toString()}
2023-11-29 22:01:52,941 [main] INFO  base.BaseClass - Trying to find Element By {by.toString()})
2023-11-29 22:01:52,969 [main] INFO  base.BaseClass - Found Element By {by.toString()}
2023-11-29 22:01:53,491 [main] INFO  base.BaseClass - Trying to find Element By {by.toString()})
2023-11-29 22:01:53,545 [main] INFO  base.BaseClass - Found Element By {by.toString()}
2023-11-29 22:01:54,070 [main] INFO  base.BaseClass - Trying to find Element By {by.toString()})
2023-11-29 22:01:54,096 [main] INFO  base.BaseClass - Found Element By {by.toString()}
2023-11-29 22:01:54,620 [main] INFO  base.BaseClass - Trying to find Element By {by.toString()})
2023-11-29 22:01:54,660 [main] INFO  base.BaseClass - Found Element By {by.toString()}
2023-11-29 22:01:55,183 [main] INFO  base.BaseClass - Trying to find Element By {by.toString()})
2023-11-29 22:01:55,211 [main] INFO  base.BaseClass - Found Element By {by.toString()}
2023-11-29 22:01:55,737 [main] INFO  base.BaseClass - Trying to find Element By {by.toString()})
2023-11-29 22:01:55,756 [main] INFO  base.BaseClass - Found Element By {by.toString()}
2023-11-29 22:01:56,274 [main] INFO  base.BaseClass - Trying to find Element By {by.toString()})
2023-11-29 22:01:56,293 [main] INFO  base.BaseClass - Found Element By {by.toString()}
2023-11-29 22:01:56,808 [main] INFO  base.BaseClass - Trying to find Element By {by.toString()})
2023-11-29 22:01:56,826 [main] INFO  base.BaseClass - Found Element By {by.toString()}
2023-11-29 22:01:57,353 [main] INFO  base.BaseClass - Trying to find Element By {by.toString()})
2023-11-29 22:01:57,372 [main] INFO  base.BaseClass - Found Element By {by.toString()}
2023-11-29 22:01:57,898 [main] INFO  base.BaseClass - Trying to find Element By {by.toString()})
2023-11-29 22:01:57,920 [main] INFO  base.BaseClass - Found Element By {by.toString()}
2023-11-29 22:01:58,448 [main] INFO  base.BaseClass - Trying to find Element By {by.toString()})
2023-11-29 22:01:58,471 [main] INFO  base.BaseClass - Found Element By {by.toString()}
2023-11-29 22:01:58,996 [main] INFO  base.BaseClass - Trying to find Element By {by.toString()})
2023-11-29 22:01:59,022 [main] INFO  base.BaseClass - Found Element By {by.toString()}
2023-11-29 22:01:59,544 [main] INFO  base.BaseClass - Trying to find Element By {by.toString()})
2023-11-29 22:01:59,570 [main] INFO  base.BaseClass - Found Element By {by.toString()}
2023-11-29 22:02:00,103 [main] INFO  base.BaseClass - Trying to find Element By {by.toString()})
2023-11-29 22:02:00,120 [main] INFO  base.BaseClass - Found Element By {by.toString()}
2023-11-29 22:02:00,650 [main] INFO  base.BaseClass - Trying to find Element By {by.toString()})
2023-11-29 22:02:00,676 [main] INFO  base.BaseClass - Found Element By {by.toString()}
2023-11-29 22:02:01,200 [main] INFO  base.BaseClass - Trying to find Element By {by.toString()})
2023-11-29 22:02:01,227 [main] INFO  base.BaseClass - Found Element By {by.toString()}
2023-11-29 22:02:01,751 [main] INFO  base.BaseClass - Trying to find Element By {by.toString()})
2023-11-29 22:02:01,777 [main] INFO  base.BaseClass - Found Element By {by.toString()}
2023-11-29 22:02:02,299 [main] INFO  base.BaseClass - Trying to find Element By {by.toString()})
2023-11-29 22:02:02,326 [main] INFO  base.BaseClass - Found Element By {by.toString()}
2023-11-29 22:02:02,846 [main] INFO  base.BaseClass - Trying to find Element By {by.toString()})
2023-11-29 22:02:02,872 [main] INFO  base.BaseClass - Found Element By {by.toString()}
2023-11-29 22:02:03,406 [main] INFO  base.BaseClass - Trying to find Element By {by.toString()})
2023-11-29 22:02:03,431 [main] INFO  base.BaseClass - Found Element By {by.toString()}
2023-11-29 22:02:03,953 [main] INFO  base.BaseClass - Trying to find Element By {by.toString()})
2023-11-29 22:02:03,979 [main] INFO  base.BaseClass - Found Element By {by.toString()}
2023-11-29 22:02:04,513 [main] INFO  base.BaseClass - Trying to find Element By {by.toString()})
2023-11-29 22:02:04,536 [main] INFO  base.BaseClass - Found Element By {by.toString()}
2023-11-29 22:02:05,062 [main] INFO  base.BaseClass - Trying to find Element By {by.toString()})
2023-11-29 22:02:05,088 [main] INFO  base.BaseClass - Found Element By {by.toString()}
2023-11-29 22:02:05,624 [main] INFO  base.BaseClass - Trying to find Element By {by.toString()})
2023-11-29 22:02:05,650 [main] INFO  base.BaseClass - Found Element By {by.toString()}
2023-11-29 22:02:06,186 [main] INFO  base.BaseClass - Trying to find Element By {by.toString()})
2023-11-29 22:02:06,212 [main] INFO  base.BaseClass - Found Element By {by.toString()}
2023-11-29 22:02:06,736 [main] INFO  base.BaseClass - Trying to find Element By {by.toString()})
2023-11-29 22:02:06,759 [main] INFO  base.BaseClass - Found Element By {by.toString()}
2023-11-29 22:02:07,282 [main] INFO  base.BaseClass - Trying to find Element By {by.toString()})
2023-11-29 22:02:07,310 [main] INFO  base.BaseClass - Found Element By {by.toString()}
2023-11-29 22:02:07,846 [main] INFO  base.BaseClass - Trying to find Element By {by.toString()})
2023-11-29 22:02:07,871 [main] INFO  base.BaseClass - Found Element By {by.toString()}
2023-11-29 22:02:08,407 [main] INFO  base.BaseClass - Trying to find Element By {by.toString()})
2023-11-29 22:02:08,432 [main] INFO  base.BaseClass - Found Element By {by.toString()}
2023-11-29 22:02:08,954 [main] INFO  base.BaseClass - Trying to find Element By {by.toString()})
2023-11-29 22:02:08,982 [main] INFO  base.BaseClass - Found Element By {by.toString()}
2023-11-29 22:02:09,504 [main] INFO  base.BaseClass - Trying to find Element By {by.toString()})
2023-11-29 22:02:09,532 [main] INFO  base.BaseClass - Found Element By {by.toString()}
2023-11-29 22:02:10,067 [main] INFO  base.BaseClass - Trying to find Element By {by.toString()})
2023-11-29 22:02:10,093 [main] INFO  base.BaseClass - Found Element By {by.toString()}
2023-11-29 22:02:10,617 [main] INFO  base.BaseClass - Trying to find Element By {by.toString()})
2023-11-29 22:02:10,642 [main] INFO  base.BaseClass - Found Element By {by.toString()}
2023-11-29 22:02:11,165 [main] INFO  base.BaseClass - Trying to find Element By {by.toString()})
2023-11-29 22:02:11,191 [main] INFO  base.BaseClass - Found Element By {by.toString()}
2023-11-29 22:02:11,714 [main] INFO  base.BaseClass - Trying to find Element By {by.toString()})
2023-11-29 22:02:11,740 [main] INFO  base.BaseClass - Found Element By {by.toString()}
2023-11-29 22:02:12,264 [main] INFO  base.BaseClass - Trying to find Element By {by.toString()})
2023-11-29 22:02:12,289 [main] INFO  base.BaseClass - Found Element By {by.toString()}
2023-11-29 22:02:12,813 [main] INFO  base.BaseClass - Trying to find Element By {by.toString()})
2023-11-29 22:02:12,838 [main] INFO  base.BaseClass - Found Element By {by.toString()}
2023-11-29 22:02:13,374 [main] INFO  base.BaseClass - Trying to find Element By {by.toString()})
2023-11-29 22:02:13,401 [main] INFO  base.BaseClass - Found Element By {by.toString()}
2023-11-29 22:02:13,935 [main] INFO  base.BaseClass - Trying to find Element By {by.toString()})
2023-11-29 22:02:13,961 [main] INFO  base.BaseClass - Found Element By {by.toString()}
2023-11-29 22:02:14,485 [main] INFO  base.BaseClass - Trying to find Element By {by.toString()})
2023-11-29 22:02:14,510 [main] INFO  base.BaseClass - Found Element By {by.toString()}
2023-11-29 22:02:15,034 [main] INFO  base.BaseClass - Trying to find Element By {by.toString()})
2023-11-29 22:02:15,059 [main] INFO  base.BaseClass - Found Element By {by.toString()}
2023-11-29 22:02:15,586 [main] INFO  base.BaseClass - Trying to find Element By {by.toString()})
2023-11-29 22:02:15,610 [main] INFO  base.BaseClass - Found Element By {by.toString()}
2023-11-29 22:02:16,132 [main] INFO  base.BaseClass - Trying to find Element By {by.toString()})
2023-11-29 22:02:16,158 [main] INFO  base.BaseClass - Found Element By {by.toString()}
2023-11-29 22:02:16,679 [main] INFO  base.BaseClass - Trying to find Element By {by.toString()})
2023-11-29 22:02:16,705 [main] INFO  base.BaseClass - Found Element By {by.toString()}
2023-11-29 22:02:17,241 [main] INFO  base.BaseClass - Trying to find Element By {by.toString()})
2023-11-29 22:02:17,265 [main] INFO  base.BaseClass - Found Element By {by.toString()}
2023-11-29 22:02:17,788 [main] INFO  base.BaseClass - Trying to find Element By {by.toString()})
2023-11-29 22:02:17,815 [main] INFO  base.BaseClass - Found Element By {by.toString()}
2023-11-29 22:02:18,350 [main] INFO  base.BaseClass - Trying to find Element By {by.toString()})
2023-11-29 22:02:18,376 [main] INFO  base.BaseClass - Found Element By {by.toString()}
2023-11-29 22:02:18,900 [main] INFO  base.BaseClass - Trying to find Element By {by.toString()})
2023-11-29 22:02:18,924 [main] INFO  base.BaseClass - Found Element By {by.toString()}
2023-11-29 22:02:19,448 [main] INFO  base.BaseClass - Trying to find Element By {by.toString()})
2023-11-29 22:02:19,473 [main] INFO  base.BaseClass - Found Element By {by.toString()}
2023-11-29 22:02:20,008 [main] INFO  base.BaseClass - Trying to find Element By {by.toString()})
2023-11-29 22:02:20,033 [main] INFO  base.BaseClass - Found Element By {by.toString()}
2023-11-29 22:02:20,556 [main] INFO  base.BaseClass - Trying to find Element By {by.toString()})
2023-11-29 22:02:20,582 [main] INFO  base.BaseClass - Found Element By {by.toString()}
2023-11-29 22:02:21,104 [main] INFO  base.BaseClass - Trying to find Element By {by.toString()})
2023-11-29 22:02:21,129 [main] INFO  base.BaseClass - Found Element By {by.toString()}
2023-11-29 22:02:21,654 [main] INFO  base.BaseClass - Trying to find Element By {by.toString()})
2023-11-29 22:02:21,679 [main] INFO  base.BaseClass - Found Element By {by.toString()}
2023-11-29 22:02:22,199 [main] INFO  base.BaseClass - Trying to find Element By {by.toString()})
2023-11-29 22:02:22,224 [main] INFO  base.BaseClass - Found Element By {by.toString()}
2023-11-29 22:02:22,744 [main] INFO  base.BaseClass - Trying to find Element By {by.toString()})
2023-11-29 22:02:22,770 [main] INFO  base.BaseClass - Found Element By {by.toString()}
2023-11-29 22:02:23,295 [main] INFO  base.BaseClass - Trying to find Element By {by.toString()})
2023-11-29 22:02:23,321 [main] INFO  base.BaseClass - Found Element By {by.toString()}
2023-11-29 22:02:23,843 [main] INFO  base.BaseClass - Trying to find Element By {by.toString()})
2023-11-29 22:02:23,868 [main] INFO  base.BaseClass - Found Element By {by.toString()}
2023-11-29 22:02:24,391 [main] INFO  base.BaseClass - Trying to find Element By {by.toString()})
2023-11-29 22:02:24,410 [main] INFO  base.BaseClass - Found Element By {by.toString()}
2023-11-29 22:02:24,925 [main] INFO  base.BaseClass - Trying to find Element By {by.toString()})
2023-11-29 22:02:24,944 [main] INFO  base.BaseClass - Found Element By {by.toString()}
2023-11-29 22:02:25,473 [main] INFO  base.BaseClass - Trying to find Element By {by.toString()})
2023-11-29 22:02:25,500 [main] INFO  base.BaseClass - Found Element By {by.toString()}
2023-11-29 22:02:26,034 [main] INFO  base.BaseClass - Trying to find Element By {by.toString()})
2023-11-29 22:02:26,060 [main] INFO  base.BaseClass - Found Element By {by.toString()}
2023-11-29 22:02:26,583 [main] INFO  base.BaseClass - Trying to find Element By {by.toString()})
2023-11-29 22:02:26,610 [main] INFO  base.BaseClass - Found Element By {by.toString()}
2023-11-29 22:02:27,147 [main] INFO  base.BaseClass - Trying to find Element By {by.toString()})
2023-11-29 22:02:27,172 [main] INFO  base.BaseClass - Found Element By {by.toString()}
2023-11-29 22:02:27,695 [main] INFO  base.BaseClass - Trying to find Element By {by.toString()})
2023-11-29 22:02:27,730 [main] INFO  base.BaseClass - Found Element By {by.toString()}
2023-11-29 22:02:28,258 [main] INFO  base.BaseClass - Trying to find Element By {by.toString()})
2023-11-29 22:02:28,283 [main] INFO  base.BaseClass - Found Element By {by.toString()}
2023-11-29 22:02:28,819 [main] INFO  base.BaseClass - Trying to find Element By {by.toString()})
2023-11-29 22:02:28,844 [main] INFO  base.BaseClass - Found Element By {by.toString()}
2023-11-29 22:02:29,366 [main] INFO  base.BaseClass - Trying to find Element By {by.toString()})
2023-11-29 22:02:29,392 [main] INFO  base.BaseClass - Found Element By {by.toString()}
2023-11-29 22:02:29,915 [main] INFO  base.BaseClass - Trying to find Element By {by.toString()})
2023-11-29 22:02:29,960 [main] INFO  base.BaseClass - Found Element By {by.toString()}
2023-11-29 22:02:30,478 [main] INFO  base.BaseClass - Trying to find Element By {by.toString()})
2023-11-29 22:02:30,504 [main] INFO  base.BaseClass - Found Element By {by.toString()}
2023-11-29 22:02:31,043 [main] INFO  base.BaseClass - Trying to find Element By {by.toString()})
2023-11-29 22:02:31,070 [main] INFO  base.BaseClass - Found Element By {by.toString()}
2023-11-29 22:02:31,606 [main] INFO  base.BaseClass - Trying to find Element By {by.toString()})
2023-11-29 22:02:31,631 [main] INFO  base.BaseClass - Found Element By {by.toString()}
2023-11-29 22:02:32,166 [main] INFO  base.BaseClass - Trying to find Element By {by.toString()})
2023-11-29 22:02:32,192 [main] INFO  base.BaseClass - Found Element By {by.toString()}
2023-11-29 22:02:32,727 [main] INFO  base.BaseClass - Trying to find Element By {by.toString()})
2023-11-29 22:02:32,752 [main] INFO  base.BaseClass - Found Element By {by.toString()}
2023-11-29 22:02:33,276 [main] INFO  base.BaseClass - Trying to find Element By {by.toString()})
2023-11-29 22:02:33,303 [main] INFO  base.BaseClass - Found Element By {by.toString()}
2023-11-29 22:02:33,838 [main] INFO  base.BaseClass - Trying to find Element By {by.toString()})
2023-11-29 22:02:33,863 [main] INFO  base.BaseClass - Found Element By {by.toString()}
2023-11-29 22:02:34,385 [main] INFO  base.BaseClass - Trying to find Element By {by.toString()})
2023-11-29 22:02:34,410 [main] INFO  base.BaseClass - Found Element By {by.toString()}
2023-11-29 22:02:34,936 [main] INFO  base.BaseClass - Trying to find Element By {by.toString()})
2023-11-29 22:02:34,962 [main] INFO  base.BaseClass - Found Element By {by.toString()}
2023-11-29 22:02:35,498 [main] INFO  base.BaseClass - Trying to find Element By {by.toString()})
2023-11-29 22:02:35,527 [main] INFO  base.BaseClass - Found Element By {by.toString()}
2023-11-29 22:02:36,061 [main] INFO  base.BaseClass - Trying to find Element By {by.toString()})
2023-11-29 22:02:36,087 [main] INFO  base.BaseClass - Found Element By {by.toString()}
2023-11-29 22:02:36,611 [main] INFO  base.BaseClass - Trying to find Element By {by.toString()})
2023-11-29 22:02:36,639 [main] INFO  base.BaseClass - Found Element By {by.toString()}
TimeoutException occurred: Expected condition failed: waiting for helper.WaitUtility$3@70578b0 (tried for 60 second(s) with 500 milliseconds interval)
Build info: version: '3.141.59', revision: 'e82be7d358', time: '2018-11-14T08:17:03'
System info: host: 'DPLAP166', ip: '137.237.3.153', os.name: 'Windows 10', os.arch: 'amd64', os.version: '10.0', java.version: '19.0.1'
Driver info: org.openqa.selenium.support.events.EventFiringWebDriver
Capabilities {acceptInsecureCerts: true, browserName: chrome, browserVersion: 119.0.6045.200, chrome: {chromedriverVersion: 119.0.6045.105 (38c72552c5e..., userDataDir: C:\Users\dP-PL\AppData\Loca...}, fedcm:accounts: true, goog:chromeOptions: {debuggerAddress: localhost:52174}, javascriptEnabled: true, networkConnectionEnabled: false, pageLoadStrategy: normal, platform: WINDOWS, platformName: WINDOWS, proxy: Proxy(), setWindowRect: true, strictFileInteractability: false, timeouts: {implicit: 0, pageLoad: 300000, script: 30000}, unhandledPromptBehavior: dismiss and notify, webauthn:extension:credBlob: true, webauthn:extension:largeBlob: true, webauthn:extension:minPinLength: true, webauthn:extension:prf: true, webauthn:virtualAuthenticators: true}
Session ID: 9904d8dcdce8f65bcf1cf5b9aa8273f1
2023-11-29 22:02:36,662 [main] ERROR XGLT_15177_Test - Element did not become visible within the specified time: Expected condition failed: waiting for helper.WaitUtility$3@70578b0 (tried for 60 second(s) with 500 milliseconds interval)
Build info: version: '3.141.59', revision: 'e82be7d358', time: '2018-11-14T08:17:03'
System info: host: 'DPLAP166', ip: '137.237.3.153', os.name: 'Windows 10', os.arch: 'amd64', os.version: '10.0', java.version: '19.0.1'
Driver info: org.openqa.selenium.support.events.EventFiringWebDriver
Capabilities {acceptInsecureCerts: true, browserName: chrome, browserVersion: 119.0.6045.200, chrome: {chromedriverVersion: 119.0.6045.105 (38c72552c5e..., userDataDir: C:\Users\dP-PL\AppData\Loca...}, fedcm:accounts: true, goog:chromeOptions: {debuggerAddress: localhost:52174}, javascriptEnabled: true, networkConnectionEnabled: false, pageLoadStrategy: normal, platform: WINDOWS, platformName: WINDOWS, proxy: Proxy(), setWindowRect: true, strictFileInteractability: false, timeouts: {implicit: 0, pageLoad: 300000, script: 30000}, unhandledPromptBehavior: dismiss and notify, webauthn:extension:credBlob: true, webauthn:extension:largeBlob: true, webauthn:extension:minPinLength: true, webauthn:extension:prf: true, webauthn:virtualAuthenticators: true}
Session ID: 9904d8dcdce8f65bcf1cf5b9aa8273f1
2023-11-29 22:02:36,663 [main] INFO  base.BaseClass - Trying to find Element By {by.toString()})
2023-11-29 22:02:36,686 [main] INFO  base.BaseClass - Found Element By {by.toString()}
2023-11-29 22:02:36,709 [main] INFO  base.BaseClass - Trying to find Element By {by.toString()})
2023-11-29 22:02:36,730 [main] INFO  base.BaseClass - Found Element By {by.toString()}
Mc count pending build 169
2023-11-29 22:02:36,966 [main] INFO  base.BaseClass - Trying to find Element By {by.toString()})
2023-11-29 22:02:36,984 [main] INFO  base.BaseClass - Found Element By {by.toString()}
2023-11-29 22:02:37,516 [main] INFO  base.BaseClass - Trying to find Element By {by.toString()})
2023-11-29 22:02:37,542 [main] INFO  base.BaseClass - Found Element By {by.toString()}
2023-11-29 22:02:38,082 [main] INFO  base.BaseClass - Trying to find Element By {by.toString()})
2023-11-29 22:02:38,108 [main] INFO  base.BaseClass - Found Element By {by.toString()}
2023-11-29 22:02:38,662 [main] INFO  base.BaseClass - Trying to find Element By {by.toString()})
2023-11-29 22:02:38,685 [main] INFO  base.BaseClass - Found Element By {by.toString()}
2023-11-29 22:02:39,227 [main] INFO  base.BaseClass - Trying to find Element By {by.toString()})
2023-11-29 22:02:39,254 [main] INFO  base.BaseClass - Found Element By {by.toString()}
2023-11-29 22:02:39,802 [main] INFO  base.BaseClass - Trying to find Element By {by.toString()})
2023-11-29 22:02:39,828 [main] INFO  base.BaseClass - Found Element By {by.toString()}
2023-11-29 22:02:40,362 [main] INFO  base.BaseClass - Trying to find Element By {by.toString()})
2023-11-29 22:02:40,387 [main] INFO  base.BaseClass - Found Element By {by.toString()}
2023-11-29 22:02:40,927 [main] INFO  base.BaseClass - Trying to find Element By {by.toString()})
2023-11-29 22:02:40,952 [main] INFO  base.BaseClass - Found Element By {by.toString()}
2023-11-29 22:02:41,493 [main] INFO  base.BaseClass - Trying to find Element By {by.toString()})
2023-11-29 22:02:41,518 [main] INFO  base.BaseClass - Found Element By {by.toString()}
2023-11-29 22:02:42,065 [main] INFO  base.BaseClass - Trying to find Element By {by.toString()})
2023-11-29 22:02:42,091 [main] INFO  base.BaseClass - Found Element By {by.toString()}
2023-11-29 22:02:42,627 [main] INFO  base.BaseClass - Trying to find Element By {by.toString()})
2023-11-29 22:02:42,651 [main] INFO  base.BaseClass - Found Element By {by.toString()}
2023-11-29 22:02:43,205 [main] INFO  base.BaseClass - Trying to find Element By {by.toString()})
2023-11-29 22:02:43,231 [main] INFO  base.BaseClass - Found Element By {by.toString()}
2023-11-29 22:02:43,771 [main] INFO  base.BaseClass - Trying to find Element By {by.toString()})
2023-11-29 22:02:43,796 [main] INFO  base.BaseClass - Found Element By {by.toString()}
2023-11-29 22:02:44,335 [main] INFO  base.BaseClass - Trying to find Element By {by.toString()})
2023-11-29 22:02:44,360 [main] INFO  base.BaseClass - Found Element By {by.toString()}
2023-11-29 22:02:44,899 [main] INFO  base.BaseClass - Trying to find Element By {by.toString()})
2023-11-29 22:02:44,924 [main] INFO  base.BaseClass - Found Element By {by.toString()}
2023-11-29 22:02:45,462 [main] INFO  base.BaseClass - Trying to find Element By {by.toString()})
2023-11-29 22:02:45,487 [main] INFO  base.BaseClass - Found Element By {by.toString()}
2023-11-29 22:02:46,039 [main] INFO  base.BaseClass - Trying to find Element By {by.toString()})
2023-11-29 22:02:46,063 [main] INFO  base.BaseClass - Found Element By {by.toString()}
2023-11-29 22:02:46,600 [main] INFO  base.BaseClass - Trying to find Element By {by.toString()})
2023-11-29 22:02:46,625 [main] INFO  base.BaseClass - Found Element By {by.toString()}
2023-11-29 22:02:47,164 [main] INFO  base.BaseClass - Trying to find Element By {by.toString()})
2023-11-29 22:02:47,181 [main] INFO  base.BaseClass - Found Element By {by.toString()}
2023-11-29 22:02:47,712 [main] INFO  base.BaseClass - Trying to find Element By {by.toString()})
2023-11-29 22:02:47,736 [main] INFO  base.BaseClass - Found Element By {by.toString()}
2023-11-29 22:02:48,273 [main] INFO  base.BaseClass - Trying to find Element By {by.toString()})
2023-11-29 22:02:48,296 [main] INFO  base.BaseClass - Found Element By {by.toString()}
2023-11-29 22:02:48,849 [main] INFO  base.BaseClass - Trying to find Element By {by.toString()})
2023-11-29 22:02:48,873 [main] INFO  base.BaseClass - Found Element By {by.toString()}
2023-11-29 22:02:49,415 [main] INFO  base.BaseClass - Trying to find Element By {by.toString()})
2023-11-29 22:02:49,440 [main] INFO  base.BaseClass - Found Element By {by.toString()}
2023-11-29 22:02:49,977 [main] INFO  base.BaseClass - Trying to find Element By {by.toString()})
2023-11-29 22:02:49,997 [main] INFO  base.BaseClass - Found Element By {by.toString()}
2023-11-29 22:02:50,528 [main] INFO  base.BaseClass - Trying to find Element By {by.toString()})
2023-11-29 22:02:50,554 [main] INFO  base.BaseClass - Found Element By {by.toString()}
2023-11-29 22:02:51,095 [main] INFO  base.BaseClass - Trying to find Element By {by.toString()})
2023-11-29 22:02:51,122 [main] INFO  base.BaseClass - Found Element By {by.toString()}
2023-11-29 22:02:51,670 [main] INFO  base.BaseClass - Trying to find Element By {by.toString()})
2023-11-29 22:02:51,695 [main] INFO  base.BaseClass - Found Element By {by.toString()}
2023-11-29 22:02:52,249 [main] INFO  base.BaseClass - Trying to find Element By {by.toString()})
2023-11-29 22:02:52,276 [main] INFO  base.BaseClass - Found Element By {by.toString()}
2023-11-29 22:02:52,829 [main] INFO  base.BaseClass - Trying to find Element By {by.toString()})
2023-11-29 22:02:52,854 [main] INFO  base.BaseClass - Found Element By {by.toString()}
2023-11-29 22:02:53,394 [main] INFO  base.BaseClass - Trying to find Element By {by.toString()})
2023-11-29 22:02:53,419 [main] INFO  base.BaseClass - Found Element By {by.toString()}
2023-11-29 22:02:53,970 [main] INFO  base.BaseClass - Trying to find Element By {by.toString()})
2023-11-29 22:02:53,995 [main] INFO  base.BaseClass - Found Element By {by.toString()}
2023-11-29 22:02:54,534 [main] INFO  base.BaseClass - Trying to find Element By {by.toString()})
2023-11-29 22:02:54,558 [main] INFO  base.BaseClass - Found Element By {by.toString()}
2023-11-29 22:02:55,098 [main] INFO  base.BaseClass - Trying to find Element By {by.toString()})
2023-11-29 22:02:55,124 [main] INFO  base.BaseClass - Found Element By {by.toString()}
2023-11-29 22:02:55,661 [main] INFO  base.BaseClass - Trying to find Element By {by.toString()})
2023-11-29 22:02:55,684 [main] INFO  base.BaseClass - Found Element By {by.toString()}
2023-11-29 22:02:56,224 [main] INFO  base.BaseClass - Trying to find Element By {by.toString()})
2023-11-29 22:02:56,248 [main] INFO  base.BaseClass - Found Element By {by.toString()}
2023-11-29 22:02:56,786 [main] INFO  base.BaseClass - Trying to find Element By {by.toString()})
2023-11-29 22:02:56,810 [main] INFO  base.BaseClass - Found Element By {by.toString()}
2023-11-29 22:02:57,348 [main] INFO  base.BaseClass - Trying to find Element By {by.toString()})
2023-11-29 22:02:57,375 [main] INFO  base.BaseClass - Found Element By {by.toString()}
2023-11-29 22:02:57,912 [main] INFO  base.BaseClass - Trying to find Element By {by.toString()})
2023-11-29 22:02:57,941 [main] INFO  base.BaseClass - Found Element By {by.toString()}
2023-11-29 22:02:58,474 [main] INFO  base.BaseClass - Trying to find Element By {by.toString()})
2023-11-29 22:02:58,499 [main] INFO  base.BaseClass - Found Element By {by.toString()}
2023-11-29 22:02:59,038 [main] INFO  base.BaseClass - Trying to find Element By {by.toString()})
2023-11-29 22:02:59,064 [main] INFO  base.BaseClass - Found Element By {by.toString()}
2023-11-29 22:02:59,603 [main] INFO  base.BaseClass - Trying to find Element By {by.toString()})
2023-11-29 22:02:59,629 [main] INFO  base.BaseClass - Found Element By {by.toString()}
2023-11-29 22:03:00,167 [main] INFO  base.BaseClass - Trying to find Element By {by.toString()})
2023-11-29 22:03:00,185 [main] INFO  base.BaseClass - Found Element By {by.toString()}
2023-11-29 22:03:00,714 [main] INFO  base.BaseClass - Trying to find Element By {by.toString()})
2023-11-29 22:03:00,760 [main] INFO  base.BaseClass - Found Element By {by.toString()}
2023-11-29 22:03:01,292 [main] INFO  base.BaseClass - Trying to find Element By {by.toString()})
2023-11-29 22:03:01,317 [main] INFO  base.BaseClass - Found Element By {by.toString()}
2023-11-29 22:03:01,853 [main] INFO  base.BaseClass - Trying to find Element By {by.toString()})
2023-11-29 22:03:01,879 [main] INFO  base.BaseClass - Found Element By {by.toString()}
2023-11-29 22:03:02,423 [main] INFO  base.BaseClass - Trying to find Element By {by.toString()})
2023-11-29 22:03:02,451 [main] INFO  base.BaseClass - Found Element By {by.toString()}
2023-11-29 22:03:02,985 [main] INFO  base.BaseClass - Trying to find Element By {by.toString()})
2023-11-29 22:03:03,009 [main] INFO  base.BaseClass - Found Element By {by.toString()}
2023-11-29 22:03:03,552 [main] INFO  base.BaseClass - Trying to find Element By {by.toString()})
2023-11-29 22:03:03,581 [main] INFO  base.BaseClass - Found Element By {by.toString()}
2023-11-29 22:03:04,129 [main] INFO  base.BaseClass - Trying to find Element By {by.toString()})
2023-11-29 22:03:04,155 [main] INFO  base.BaseClass - Found Element By {by.toString()}
2023-11-29 22:03:04,694 [main] INFO  base.BaseClass - Trying to find Element By {by.toString()})
2023-11-29 22:03:04,719 [main] INFO  base.BaseClass - Found Element By {by.toString()}
2023-11-29 22:03:05,274 [main] INFO  base.BaseClass - Trying to find Element By {by.toString()})
2023-11-29 22:03:05,299 [main] INFO  base.BaseClass - Found Element By {by.toString()}
2023-11-29 22:03:05,836 [main] INFO  base.BaseClass - Trying to find Element By {by.toString()})
2023-11-29 22:03:05,861 [main] INFO  base.BaseClass - Found Element By {by.toString()}
2023-11-29 22:03:06,400 [main] INFO  base.BaseClass - Trying to find Element By {by.toString()})
2023-11-29 22:03:06,426 [main] INFO  base.BaseClass - Found Element By {by.toString()}
2023-11-29 22:03:06,977 [main] INFO  base.BaseClass - Trying to find Element By {by.toString()})
2023-11-29 22:03:07,002 [main] INFO  base.BaseClass - Found Element By {by.toString()}
TimeoutException occurred: Expected condition failed: waiting for helper.WaitUtility$5@3c77e35a (tried for 30 second(s) with 500 milliseconds interval)
Build info: version: '3.141.59', revision: 'e82be7d358', time: '2018-11-14T08:17:03'
System info: host: 'DPLAP166', ip: '137.237.3.153', os.name: 'Windows 10', os.arch: 'amd64', os.version: '10.0', java.version: '19.0.1'
Driver info: org.openqa.selenium.support.events.EventFiringWebDriver
Capabilities {acceptInsecureCerts: true, browserName: chrome, browserVersion: 119.0.6045.200, chrome: {chromedriverVersion: 119.0.6045.105 (38c72552c5e..., userDataDir: C:\Users\dP-PL\AppData\Loca...}, fedcm:accounts: true, goog:chromeOptions: {debuggerAddress: localhost:52174}, javascriptEnabled: true, networkConnectionEnabled: false, pageLoadStrategy: normal, platform: WINDOWS, platformName: WINDOWS, proxy: Proxy(), setWindowRect: true, strictFileInteractability: false, timeouts: {implicit: 0, pageLoad: 300000, script: 30000}, unhandledPromptBehavior: dismiss and notify, webauthn:extension:credBlob: true, webauthn:extension:largeBlob: true, webauthn:extension:minPinLength: true, webauthn:extension:prf: true, webauthn:virtualAuthenticators: true}
Session ID: 9904d8dcdce8f65bcf1cf5b9aa8273f1
2023-11-29 22:03:07,037 [main] ERROR XGLT_15177_Test - Element did not become visible within the specified time: Expected condition failed: waiting for helper.WaitUtility$5@3c77e35a (tried for 30 second(s) with 500 milliseconds interval)
Build info: version: '3.141.59', revision: 'e82be7d358', time: '2018-11-14T08:17:03'
System info: host: 'DPLAP166', ip: '137.237.3.153', os.name: 'Windows 10', os.arch: 'amd64', os.version: '10.0', java.version: '19.0.1'
Driver info: org.openqa.selenium.support.events.EventFiringWebDriver
Capabilities {acceptInsecureCerts: true, browserName: chrome, browserVersion: 119.0.6045.200, chrome: {chromedriverVersion: 119.0.6045.105 (38c72552c5e..., userDataDir: C:\Users\dP-PL\AppData\Loca...}, fedcm:accounts: true, goog:chromeOptions: {debuggerAddress: localhost:52174}, javascriptEnabled: true, networkConnectionEnabled: false, pageLoadStrategy: normal, platform: WINDOWS, platformName: WINDOWS, proxy: Proxy(), setWindowRect: true, strictFileInteractability: false, timeouts: {implicit: 0, pageLoad: 300000, script: 30000}, unhandledPromptBehavior: dismiss and notify, webauthn:extension:credBlob: true, webauthn:extension:largeBlob: true, webauthn:extension:minPinLength: true, webauthn:extension:prf: true, webauthn:virtualAuthenticators: true}
Session ID: 9904d8dcdce8f65bcf1cf5b9aa8273f1
2023-11-29 22:03:07,037 [main] INFO  base.BaseClass - Trying to find Element By {by.toString()})
2023-11-29 22:03:07,059 [main] INFO  base.BaseClass - Found Element By {by.toString()}
2023-11-29 22:03:07,059 [main] INFO  base.BaseClass - Trying to click on: {element.toString()}
2023-11-29 22:03:07,204 [main] INFO  base.BaseClass - Clicked on: {element.toString()}
2023-11-29 22:03:07,204 [main] INFO  base.BaseClass - Trying to find Element By {by.toString()})
TimeoutException occurred: Expected condition failed: waiting for helper.WaitUtility$2@2136c12a (tried for 50 second(s) with 500 milliseconds interval)
2023-11-29 22:03:57,226 [main] ERROR XGLT_15177_Test - Element did not become visible within the specified time: Expected condition failed: waiting for helper.WaitUtility$2@2136c12a (tried for 50 second(s) with 500 milliseconds interval)
2023-11-29 22:03:57,226 [main] INFO  base.BaseClass - Trying to find Element By {by.toString()})
NextfourDaysPB failed!
]]></system-out>
  </testcase>
  <testcase name="CustomDatePA" classname="XGLT_6688_Test" time="362.09">
    <failure message="no such element: Unable to locate element: {&quot;method&quot;:&quot;xpath&quot;,&quot;selector&quot;:&quot;//h1[contains(text(),&apos;Pending Allocation&apos;)]/following-sibling::h1&quot;}&#10;  (Session info: chrome=119.0.6045.200)&#10;For documentation on this error, please visit: https://www.seleniumhq.org/exceptions/no_such_element.html&#10;Build info: version: &apos;3.141.59&apos;, revision: &apos;e82be7d358&apos;, time: &apos;2018-11-14T08:17:03&apos;&#10;System info: host: &apos;DPLAP166&apos;, ip: &apos;137.237.3.153&apos;, os.name: &apos;Windows 10&apos;, os.arch: &apos;amd64&apos;, os.version: &apos;10.0&apos;, java.version: &apos;19.0.1&apos;&#10;Driver info: org.openqa.selenium.chrome.ChromeDriver&#10;Capabilities {acceptInsecureCerts: true, browserName: chrome, browserVersion: 119.0.6045.200, chrome: {chromedriverVersion: 119.0.6045.105 (38c72552c5e..., userDataDir: C:\Users\dP-PL\AppData\Loca...}, fedcm:accounts: true, goog:chromeOptions: {debuggerAddress: localhost:52174}, javascriptEnabled: true, networkConnectionEnabled: false, pageLoadStrategy: normal, platform: WINDOWS, platformName: WINDOWS, proxy: Proxy(), setWindowRect: true, strictFileInteractability: false, timeouts: {implicit: 0, pageLoad: 300000, script: 30000}, unhandledPromptBehavior: dismiss and notify, webauthn:extension:credBlob: true, webauthn:extension:largeBlob: true, webauthn:extension:minPinLength: true, webauthn:extension:prf: true, webauthn:virtualAuthenticators: true}&#10;Session ID: 9904d8dcdce8f65bcf1cf5b9aa8273f1&#10;*** Element info: {Using=xpath, value=//h1[contains(text(),&apos;Pending Allocation&apos;)]/following-sibling::h1}" type="org.openqa.selenium.NoSuchElementException"><![CDATA[org.openqa.selenium.NoSuchElementException: 
no such element: Unable to locate element: {"method":"xpath","selector":"//h1[contains(text(),'Pending Allocation')]/following-sibling::h1"}
  (Session info: chrome=119.0.6045.200)
For documentation on this error, please visit: https://www.seleniumhq.org/exceptions/no_such_element.html
Build info: version: '3.141.59', revision: 'e82be7d358', time: '2018-11-14T08:17:03'
System info: host: 'DPLAP166', ip: '137.237.3.153', os.name: 'Windows 10', os.arch: 'amd64', os.version: '10.0', java.version: '19.0.1'
Driver info: org.openqa.selenium.chrome.ChromeDriver
Capabilities {acceptInsecureCerts: true, browserName: chrome, browserVersion: 119.0.6045.200, chrome: {chromedriverVersion: 119.0.6045.105 (38c72552c5e..., userDataDir: C:\Users\dP-PL\AppData\Loca...}, fedcm:accounts: true, goog:chromeOptions: {debuggerAddress: localhost:52174}, javascriptEnabled: true, networkConnectionEnabled: false, pageLoadStrategy: normal, platform: WINDOWS, platformName: WINDOWS, proxy: Proxy(), setWindowRect: true, strictFileInteractability: false, timeouts: {implicit: 0, pageLoad: 300000, script: 30000}, unhandledPromptBehavior: dismiss and notify, webauthn:extension:credBlob: true, webauthn:extension:largeBlob: true, webauthn:extension:minPinLength: true, webauthn:extension:prf: true, webauthn:virtualAuthenticators: true}
Session ID: 9904d8dcdce8f65bcf1cf5b9aa8273f1
*** Element info: {Using=xpath, value=//h1[contains(text(),'Pending Allocation')]/following-sibling::h1}
	at java.base/jdk.internal.reflect.DirectConstructorHandleAccessor.newInstance(DirectConstructorHandleAccessor.java:67)
	at java.base/java.lang.reflect.Constructor.newInstanceWithCaller(Constructor.java:500)
	at java.base/java.lang.reflect.Constructor.newInstance(Constructor.java:484)
	at org.openqa.selenium.remote.http.W3CHttpResponseCodec.createException(W3CHttpResponseCodec.java:187)
	at org.openqa.selenium.remote.http.W3CHttpResponseCodec.decode(W3CHttpResponseCodec.java:122)
	at org.openqa.selenium.remote.http.W3CHttpResponseCodec.decode(W3CHttpResponseCodec.java:49)
	at org.openqa.selenium.remote.HttpCommandExecutor.execute(HttpCommandExecutor.java:158)
	at org.openqa.selenium.remote.service.DriverCommandExecutor.execute(DriverCommandExecutor.java:83)
	at org.openqa.selenium.remote.RemoteWebDriver.execute(RemoteWebDriver.java:552)
	at org.openqa.selenium.remote.RemoteWebDriver.findElement(RemoteWebDriver.java:323)
	at org.openqa.selenium.remote.RemoteWebDriver.findElementByXPath(RemoteWebDriver.java:428)
	at org.openqa.selenium.By$ByXPath.findElement(By.java:353)
	at org.openqa.selenium.remote.RemoteWebDriver.findElement(RemoteWebDriver.java:315)
	at java.base/jdk.internal.reflect.DirectMethodHandleAccessor.invoke(DirectMethodHandleAccessor.java:104)
	at java.base/java.lang.reflect.Method.invoke(Method.java:578)
	at org.openqa.selenium.support.events.EventFiringWebDriver.lambda$new$1(EventFiringWebDriver.java:105)
	at jdk.proxy2/jdk.proxy2.$Proxy25.findElement(Unknown Source)
	at org.openqa.selenium.support.events.EventFiringWebDriver.findElement(EventFiringWebDriver.java:194)
	at org.openqa.selenium.support.pagefactory.DefaultElementLocator.findElement(DefaultElementLocator.java:69)
	at org.openqa.selenium.support.pagefactory.internal.LocatingElementHandler.invoke(LocatingElementHandler.java:38)
	at jdk.proxy2/jdk.proxy2.$Proxy28.getText(Unknown Source)
	at pages.NetworkInstancePage.getactualpendingallocationcount(NetworkInstancePage.java:139)
	at pages.NetworkInstancePage.verifypendingallocationcount(NetworkInstancePage.java:149)
	at XGLT_6688_Test.CustomDatePA(XGLT_6688_Test.java:96)
	at java.base/jdk.internal.reflect.DirectMethodHandleAccessor.invoke(DirectMethodHandleAccessor.java:104)
	at java.base/java.lang.reflect.Method.invoke(Method.java:578)
	at org.testng.internal.invokers.MethodInvocationHelper.invokeMethod(MethodInvocationHelper.java:139)
	at org.testng.internal.invokers.TestInvoker.invokeMethod(TestInvoker.java:677)
	at org.testng.internal.invokers.TestInvoker.invokeTestMethod(TestInvoker.java:221)
	at org.testng.internal.invokers.MethodRunner.runInSequence(MethodRunner.java:50)
	at org.testng.internal.invokers.TestInvoker$MethodInvocationAgent.invoke(TestInvoker.java:962)
	at org.testng.internal.invokers.TestInvoker.invokeTestMethods(TestInvoker.java:194)
	at org.testng.internal.invokers.TestMethodWorker.invokeTestMethods(TestMethodWorker.java:148)
	at org.testng.internal.invokers.TestMethodWorker.run(TestMethodWorker.java:128)
	at java.base/java.util.ArrayList.forEach(ArrayList.java:1511)
	at org.testng.TestRunner.privateRun(TestRunner.java:806)
	at org.testng.TestRunner.run(TestRunner.java:601)
	at org.testng.SuiteRunner.runTest(SuiteRunner.java:433)
	at org.testng.SuiteRunner.runSequentially(SuiteRunner.java:427)
	at org.testng.SuiteRunner.privateRun(SuiteRunner.java:387)
	at org.testng.SuiteRunner.run(SuiteRunner.java:330)
	at org.testng.SuiteRunnerWorker.runSuite(SuiteRunnerWorker.java:52)
	at org.testng.SuiteRunnerWorker.run(SuiteRunnerWorker.java:95)
	at org.testng.TestNG.runSuitesSequentially(TestNG.java:1256)
	at org.testng.TestNG.runSuitesLocally(TestNG.java:1176)
	at org.testng.TestNG.runSuites(TestNG.java:1099)
	at org.testng.TestNG.run(TestNG.java:1067)
	at org.apache.maven.surefire.testng.TestNGExecutor.run(TestNGExecutor.java:324)
	at org.apache.maven.surefire.testng.TestNGXmlTestSuite.execute(TestNGXmlTestSuite.java:74)
	at org.apache.maven.surefire.testng.TestNGProvider.invoke(TestNGProvider.java:123)
	at org.apache.maven.surefire.booter.ForkedBooter.runSuitesInProcess(ForkedBooter.java:456)
	at org.apache.maven.surefire.booter.ForkedBooter.execute(ForkedBooter.java:169)
	at org.apache.maven.surefire.booter.ForkedBooter.run(ForkedBooter.java:595)
	at org.apache.maven.surefire.booter.ForkedBooter.main(ForkedBooter.java:581)
]]></failure>
    <system-out><![CDATA[Before method Test name: Maintainance Tests
CustomDatePA started!
2023-11-29 22:04:47,500 [main] INFO  base.BaseClass - Trying to find Element By {by.toString()})
2023-11-29 22:04:47,526 [main] INFO  base.BaseClass - Found Element By {by.toString()}
TimeoutException occurred: Expected condition failed: waiting for helper.WaitUtility$5@30f51a0f (tried for 30 second(s) with 500 milliseconds interval)
Build info: version: '3.141.59', revision: 'e82be7d358', time: '2018-11-14T08:17:03'
System info: host: 'DPLAP166', ip: '137.237.3.153', os.name: 'Windows 10', os.arch: 'amd64', os.version: '10.0', java.version: '19.0.1'
Driver info: org.openqa.selenium.support.events.EventFiringWebDriver
Capabilities {acceptInsecureCerts: true, browserName: chrome, browserVersion: 119.0.6045.200, chrome: {chromedriverVersion: 119.0.6045.105 (38c72552c5e..., userDataDir: C:\Users\dP-PL\AppData\Loca...}, fedcm:accounts: true, goog:chromeOptions: {debuggerAddress: localhost:52174}, javascriptEnabled: true, networkConnectionEnabled: false, pageLoadStrategy: normal, platform: WINDOWS, platformName: WINDOWS, proxy: Proxy(), setWindowRect: true, strictFileInteractability: false, timeouts: {implicit: 0, pageLoad: 300000, script: 30000}, unhandledPromptBehavior: dismiss and notify, webauthn:extension:credBlob: true, webauthn:extension:largeBlob: true, webauthn:extension:minPinLength: true, webauthn:extension:prf: true, webauthn:virtualAuthenticators: true}
Session ID: 9904d8dcdce8f65bcf1cf5b9aa8273f1
2023-11-29 22:05:17,628 [main] ERROR XGLT_15177_Test - Element did not become visible within the specified time: Expected condition failed: waiting for helper.WaitUtility$5@30f51a0f (tried for 30 second(s) with 500 milliseconds interval)
Build info: version: '3.141.59', revision: 'e82be7d358', time: '2018-11-14T08:17:03'
System info: host: 'DPLAP166', ip: '137.237.3.153', os.name: 'Windows 10', os.arch: 'amd64', os.version: '10.0', java.version: '19.0.1'
Driver info: org.openqa.selenium.support.events.EventFiringWebDriver
Capabilities {acceptInsecureCerts: true, browserName: chrome, browserVersion: 119.0.6045.200, chrome: {chromedriverVersion: 119.0.6045.105 (38c72552c5e..., userDataDir: C:\Users\dP-PL\AppData\Loca...}, fedcm:accounts: true, goog:chromeOptions: {debuggerAddress: localhost:52174}, javascriptEnabled: true, networkConnectionEnabled: false, pageLoadStrategy: normal, platform: WINDOWS, platformName: WINDOWS, proxy: Proxy(), setWindowRect: true, strictFileInteractability: false, timeouts: {implicit: 0, pageLoad: 300000, script: 30000}, unhandledPromptBehavior: dismiss and notify, webauthn:extension:credBlob: true, webauthn:extension:largeBlob: true, webauthn:extension:minPinLength: true, webauthn:extension:prf: true, webauthn:virtualAuthenticators: true}
Session ID: 9904d8dcdce8f65bcf1cf5b9aa8273f1
2023-11-29 22:05:17,628 [main] INFO  base.BaseClass - Trying to click on: {element.toString()}
2023-11-29 22:05:17,799 [main] INFO  base.BaseClass - Clicked on: {element.toString()}
2023-11-29 22:05:17,799 [main] INFO  base.BaseClass - Trying to find Element By {by.toString()})
2023-11-29 22:05:17,812 [main] INFO  base.BaseClass - Found Element By {by.toString()}
2023-11-29 22:05:17,824 [main] INFO  base.BaseClass - Trying to find Element By {by.toString()})
2023-11-29 22:05:17,838 [main] INFO  base.BaseClass - Found Element By {by.toString()}
TimeoutException occurred: Expected condition failed: waiting for helper.WaitUtility$5@7a72a1aa (tried for 30 second(s) with 500 milliseconds interval)
Build info: version: '3.141.59', revision: 'e82be7d358', time: '2018-11-14T08:17:03'
System info: host: 'DPLAP166', ip: '137.237.3.153', os.name: 'Windows 10', os.arch: 'amd64', os.version: '10.0', java.version: '19.0.1'
Driver info: org.openqa.selenium.support.events.EventFiringWebDriver
Capabilities {acceptInsecureCerts: true, browserName: chrome, browserVersion: 119.0.6045.200, chrome: {chromedriverVersion: 119.0.6045.105 (38c72552c5e..., userDataDir: C:\Users\dP-PL\AppData\Loca...}, fedcm:accounts: true, goog:chromeOptions: {debuggerAddress: localhost:52174}, javascriptEnabled: true, networkConnectionEnabled: false, pageLoadStrategy: normal, platform: WINDOWS, platformName: WINDOWS, proxy: Proxy(), setWindowRect: true, strictFileInteractability: false, timeouts: {implicit: 0, pageLoad: 300000, script: 30000}, unhandledPromptBehavior: dismiss and notify, webauthn:extension:credBlob: true, webauthn:extension:largeBlob: true, webauthn:extension:minPinLength: true, webauthn:extension:prf: true, webauthn:virtualAuthenticators: true}
Session ID: 9904d8dcdce8f65bcf1cf5b9aa8273f1
2023-11-29 22:05:47,927 [main] ERROR XGLT_15177_Test - Element did not become visible within the specified time: Expected condition failed: waiting for helper.WaitUtility$5@7a72a1aa (tried for 30 second(s) with 500 milliseconds interval)
Build info: version: '3.141.59', revision: 'e82be7d358', time: '2018-11-14T08:17:03'
System info: host: 'DPLAP166', ip: '137.237.3.153', os.name: 'Windows 10', os.arch: 'amd64', os.version: '10.0', java.version: '19.0.1'
Driver info: org.openqa.selenium.support.events.EventFiringWebDriver
Capabilities {acceptInsecureCerts: true, browserName: chrome, browserVersion: 119.0.6045.200, chrome: {chromedriverVersion: 119.0.6045.105 (38c72552c5e..., userDataDir: C:\Users\dP-PL\AppData\Loca...}, fedcm:accounts: true, goog:chromeOptions: {debuggerAddress: localhost:52174}, javascriptEnabled: true, networkConnectionEnabled: false, pageLoadStrategy: normal, platform: WINDOWS, platformName: WINDOWS, proxy: Proxy(), setWindowRect: true, strictFileInteractability: false, timeouts: {implicit: 0, pageLoad: 300000, script: 30000}, unhandledPromptBehavior: dismiss and notify, webauthn:extension:credBlob: true, webauthn:extension:largeBlob: true, webauthn:extension:minPinLength: true, webauthn:extension:prf: true, webauthn:virtualAuthenticators: true}
Session ID: 9904d8dcdce8f65bcf1cf5b9aa8273f1
2023-11-29 22:05:47,927 [main] INFO  base.BaseClass - Trying to click on: {element.toString()}
2023-11-29 22:05:48,069 [main] INFO  base.BaseClass - Clicked on: {element.toString()}
TimeoutException occurred: Expected condition failed: waiting for helper.WaitUtility$5@4b6bdffe (tried for 30 second(s) with 500 milliseconds interval)
Build info: version: '3.141.59', revision: 'e82be7d358', time: '2018-11-14T08:17:03'
System info: host: 'DPLAP166', ip: '137.237.3.153', os.name: 'Windows 10', os.arch: 'amd64', os.version: '10.0', java.version: '19.0.1'
Driver info: org.openqa.selenium.support.events.EventFiringWebDriver
Capabilities {acceptInsecureCerts: true, browserName: chrome, browserVersion: 119.0.6045.200, chrome: {chromedriverVersion: 119.0.6045.105 (38c72552c5e..., userDataDir: C:\Users\dP-PL\AppData\Loca...}, fedcm:accounts: true, goog:chromeOptions: {debuggerAddress: localhost:52174}, javascriptEnabled: true, networkConnectionEnabled: false, pageLoadStrategy: normal, platform: WINDOWS, platformName: WINDOWS, proxy: Proxy(), setWindowRect: true, strictFileInteractability: false, timeouts: {implicit: 0, pageLoad: 300000, script: 30000}, unhandledPromptBehavior: dismiss and notify, webauthn:extension:credBlob: true, webauthn:extension:largeBlob: true, webauthn:extension:minPinLength: true, webauthn:extension:prf: true, webauthn:virtualAuthenticators: true}
Session ID: 9904d8dcdce8f65bcf1cf5b9aa8273f1
2023-11-29 22:06:18,156 [main] ERROR XGLT_15177_Test - Element did not become visible within the specified time: Expected condition failed: waiting for helper.WaitUtility$5@4b6bdffe (tried for 30 second(s) with 500 milliseconds interval)
Build info: version: '3.141.59', revision: 'e82be7d358', time: '2018-11-14T08:17:03'
System info: host: 'DPLAP166', ip: '137.237.3.153', os.name: 'Windows 10', os.arch: 'amd64', os.version: '10.0', java.version: '19.0.1'
Driver info: org.openqa.selenium.support.events.EventFiringWebDriver
Capabilities {acceptInsecureCerts: true, browserName: chrome, browserVersion: 119.0.6045.200, chrome: {chromedriverVersion: 119.0.6045.105 (38c72552c5e..., userDataDir: C:\Users\dP-PL\AppData\Loca...}, fedcm:accounts: true, goog:chromeOptions: {debuggerAddress: localhost:52174}, javascriptEnabled: true, networkConnectionEnabled: false, pageLoadStrategy: normal, platform: WINDOWS, platformName: WINDOWS, proxy: Proxy(), setWindowRect: true, strictFileInteractability: false, timeouts: {implicit: 0, pageLoad: 300000, script: 30000}, unhandledPromptBehavior: dismiss and notify, webauthn:extension:credBlob: true, webauthn:extension:largeBlob: true, webauthn:extension:minPinLength: true, webauthn:extension:prf: true, webauthn:virtualAuthenticators: true}
Session ID: 9904d8dcdce8f65bcf1cf5b9aa8273f1
2023-11-29 22:06:18,156 [main] INFO  base.BaseClass - Trying to click on: {element.toString()}
2023-11-29 22:06:18,269 [main] INFO  base.BaseClass - Clicked on: {element.toString()}
2023-11-29 22:06:18,269 [main] INFO  base.BaseClass - Trying to find Element By {by.toString()})
2023-11-29 22:06:18,284 [main] INFO  base.BaseClass - Found Element By {by.toString()}
TimeoutException occurred: Expected condition failed: waiting for helper.WaitUtility$5@9c4379a (tried for 30 second(s) with 500 milliseconds interval)
Build info: version: '3.141.59', revision: 'e82be7d358', time: '2018-11-14T08:17:03'
System info: host: 'DPLAP166', ip: '137.237.3.153', os.name: 'Windows 10', os.arch: 'amd64', os.version: '10.0', java.version: '19.0.1'
Driver info: org.openqa.selenium.support.events.EventFiringWebDriver
Capabilities {acceptInsecureCerts: true, browserName: chrome, browserVersion: 119.0.6045.200, chrome: {chromedriverVersion: 119.0.6045.105 (38c72552c5e..., userDataDir: C:\Users\dP-PL\AppData\Loca...}, fedcm:accounts: true, goog:chromeOptions: {debuggerAddress: localhost:52174}, javascriptEnabled: true, networkConnectionEnabled: false, pageLoadStrategy: normal, platform: WINDOWS, platformName: WINDOWS, proxy: Proxy(), setWindowRect: true, strictFileInteractability: false, timeouts: {implicit: 0, pageLoad: 300000, script: 30000}, unhandledPromptBehavior: dismiss and notify, webauthn:extension:credBlob: true, webauthn:extension:largeBlob: true, webauthn:extension:minPinLength: true, webauthn:extension:prf: true, webauthn:virtualAuthenticators: true}
Session ID: 9904d8dcdce8f65bcf1cf5b9aa8273f1
2023-11-29 22:06:48,311 [main] ERROR XGLT_15177_Test - Element did not become visible within the specified time: Expected condition failed: waiting for helper.WaitUtility$5@9c4379a (tried for 30 second(s) with 500 milliseconds interval)
Build info: version: '3.141.59', revision: 'e82be7d358', time: '2018-11-14T08:17:03'
System info: host: 'DPLAP166', ip: '137.237.3.153', os.name: 'Windows 10', os.arch: 'amd64', os.version: '10.0', java.version: '19.0.1'
Driver info: org.openqa.selenium.support.events.EventFiringWebDriver
Capabilities {acceptInsecureCerts: true, browserName: chrome, browserVersion: 119.0.6045.200, chrome: {chromedriverVersion: 119.0.6045.105 (38c72552c5e..., userDataDir: C:\Users\dP-PL\AppData\Loca...}, fedcm:accounts: true, goog:chromeOptions: {debuggerAddress: localhost:52174}, javascriptEnabled: true, networkConnectionEnabled: false, pageLoadStrategy: normal, platform: WINDOWS, platformName: WINDOWS, proxy: Proxy(), setWindowRect: true, strictFileInteractability: false, timeouts: {implicit: 0, pageLoad: 300000, script: 30000}, unhandledPromptBehavior: dismiss and notify, webauthn:extension:credBlob: true, webauthn:extension:largeBlob: true, webauthn:extension:minPinLength: true, webauthn:extension:prf: true, webauthn:virtualAuthenticators: true}
Session ID: 9904d8dcdce8f65bcf1cf5b9aa8273f1
2023-11-29 22:06:48,311 [main] INFO  base.BaseClass - Trying to click on: {element.toString()}
2023-11-29 22:06:48,416 [main] INFO  base.BaseClass - Clicked on: {element.toString()}
2023-11-29 22:06:48,416 [main] INFO  base.BaseClass - Trying to find Element By {by.toString()})
2023-11-29 22:06:48,438 [main] INFO  base.BaseClass - Found Element By {by.toString()}
TimeoutException occurred: Expected condition failed: waiting for helper.WaitUtility$5@8db6579 (tried for 30 second(s) with 500 milliseconds interval)
Build info: version: '3.141.59', revision: 'e82be7d358', time: '2018-11-14T08:17:03'
System info: host: 'DPLAP166', ip: '137.237.3.153', os.name: 'Windows 10', os.arch: 'amd64', os.version: '10.0', java.version: '19.0.1'
Driver info: org.openqa.selenium.support.events.EventFiringWebDriver
Capabilities {acceptInsecureCerts: true, browserName: chrome, browserVersion: 119.0.6045.200, chrome: {chromedriverVersion: 119.0.6045.105 (38c72552c5e..., userDataDir: C:\Users\dP-PL\AppData\Loca...}, fedcm:accounts: true, goog:chromeOptions: {debuggerAddress: localhost:52174}, javascriptEnabled: true, networkConnectionEnabled: false, pageLoadStrategy: normal, platform: WINDOWS, platformName: WINDOWS, proxy: Proxy(), setWindowRect: true, strictFileInteractability: false, timeouts: {implicit: 0, pageLoad: 300000, script: 30000}, unhandledPromptBehavior: dismiss and notify, webauthn:extension:credBlob: true, webauthn:extension:largeBlob: true, webauthn:extension:minPinLength: true, webauthn:extension:prf: true, webauthn:virtualAuthenticators: true}
Session ID: 9904d8dcdce8f65bcf1cf5b9aa8273f1
2023-11-29 22:07:18,454 [main] ERROR XGLT_15177_Test - Element did not become visible within the specified time: Expected condition failed: waiting for helper.WaitUtility$5@8db6579 (tried for 30 second(s) with 500 milliseconds interval)
Build info: version: '3.141.59', revision: 'e82be7d358', time: '2018-11-14T08:17:03'
System info: host: 'DPLAP166', ip: '137.237.3.153', os.name: 'Windows 10', os.arch: 'amd64', os.version: '10.0', java.version: '19.0.1'
Driver info: org.openqa.selenium.support.events.EventFiringWebDriver
Capabilities {acceptInsecureCerts: true, browserName: chrome, browserVersion: 119.0.6045.200, chrome: {chromedriverVersion: 119.0.6045.105 (38c72552c5e..., userDataDir: C:\Users\dP-PL\AppData\Loca...}, fedcm:accounts: true, goog:chromeOptions: {debuggerAddress: localhost:52174}, javascriptEnabled: true, networkConnectionEnabled: false, pageLoadStrategy: normal, platform: WINDOWS, platformName: WINDOWS, proxy: Proxy(), setWindowRect: true, strictFileInteractability: false, timeouts: {implicit: 0, pageLoad: 300000, script: 30000}, unhandledPromptBehavior: dismiss and notify, webauthn:extension:credBlob: true, webauthn:extension:largeBlob: true, webauthn:extension:minPinLength: true, webauthn:extension:prf: true, webauthn:virtualAuthenticators: true}
Session ID: 9904d8dcdce8f65bcf1cf5b9aa8273f1
2023-11-29 22:07:18,454 [main] INFO  base.BaseClass - Trying to click on: {element.toString()}
2023-11-29 22:07:18,493 [main] INFO  base.BaseClass - Clicked on: {element.toString()}
2023-11-29 22:07:18,493 [main] INFO  base.BaseClass - Trying to find Element By {by.toString()})
2023-11-29 22:07:18,508 [main] INFO  base.BaseClass - Found Element By {by.toString()}
2023-11-29 22:07:19,024 [main] INFO  base.BaseClass - Trying to find Element By {by.toString()})
2023-11-29 22:07:19,050 [main] INFO  base.BaseClass - Found Element By {by.toString()}
2023-11-29 22:07:19,600 [main] INFO  base.BaseClass - Trying to find Element By {by.toString()})
2023-11-29 22:07:19,626 [main] INFO  base.BaseClass - Found Element By {by.toString()}
2023-11-29 22:07:20,163 [main] INFO  base.BaseClass - Trying to find Element By {by.toString()})
2023-11-29 22:07:20,190 [main] INFO  base.BaseClass - Found Element By {by.toString()}
2023-11-29 22:07:20,741 [main] INFO  base.BaseClass - Trying to find Element By {by.toString()})
2023-11-29 22:07:20,767 [main] INFO  base.BaseClass - Found Element By {by.toString()}
2023-11-29 22:07:21,305 [main] INFO  base.BaseClass - Trying to find Element By {by.toString()})
2023-11-29 22:07:21,334 [main] INFO  base.BaseClass - Found Element By {by.toString()}
2023-11-29 22:07:21,883 [main] INFO  base.BaseClass - Trying to find Element By {by.toString()})
2023-11-29 22:07:21,910 [main] INFO  base.BaseClass - Found Element By {by.toString()}
2023-11-29 22:07:22,460 [main] INFO  base.BaseClass - Trying to find Element By {by.toString()})
2023-11-29 22:07:22,485 [main] INFO  base.BaseClass - Found Element By {by.toString()}
2023-11-29 22:07:23,020 [main] INFO  base.BaseClass - Trying to find Element By {by.toString()})
2023-11-29 22:07:23,047 [main] INFO  base.BaseClass - Found Element By {by.toString()}
2023-11-29 22:07:23,582 [main] INFO  base.BaseClass - Trying to find Element By {by.toString()})
2023-11-29 22:07:23,606 [main] INFO  base.BaseClass - Found Element By {by.toString()}
2023-11-29 22:07:24,141 [main] INFO  base.BaseClass - Trying to find Element By {by.toString()})
2023-11-29 22:07:24,167 [main] INFO  base.BaseClass - Found Element By {by.toString()}
2023-11-29 22:07:24,720 [main] INFO  base.BaseClass - Trying to find Element By {by.toString()})
2023-11-29 22:07:24,745 [main] INFO  base.BaseClass - Found Element By {by.toString()}
2023-11-29 22:07:25,295 [main] INFO  base.BaseClass - Trying to find Element By {by.toString()})
2023-11-29 22:07:25,320 [main] INFO  base.BaseClass - Found Element By {by.toString()}
2023-11-29 22:07:25,859 [main] INFO  base.BaseClass - Trying to find Element By {by.toString()})
2023-11-29 22:07:25,884 [main] INFO  base.BaseClass - Found Element By {by.toString()}
2023-11-29 22:07:26,433 [main] INFO  base.BaseClass - Trying to find Element By {by.toString()})
2023-11-29 22:07:26,459 [main] INFO  base.BaseClass - Found Element By {by.toString()}
2023-11-29 22:07:27,001 [main] INFO  base.BaseClass - Trying to find Element By {by.toString()})
2023-11-29 22:07:27,023 [main] INFO  base.BaseClass - Found Element By {by.toString()}
2023-11-29 22:07:27,564 [main] INFO  base.BaseClass - Trying to find Element By {by.toString()})
2023-11-29 22:07:27,589 [main] INFO  base.BaseClass - Found Element By {by.toString()}
2023-11-29 22:07:28,142 [main] INFO  base.BaseClass - Trying to find Element By {by.toString()})
2023-11-29 22:07:28,168 [main] INFO  base.BaseClass - Found Element By {by.toString()}
2023-11-29 22:07:28,711 [main] INFO  base.BaseClass - Trying to find Element By {by.toString()})
2023-11-29 22:07:28,736 [main] INFO  base.BaseClass - Found Element By {by.toString()}
2023-11-29 22:07:29,276 [main] INFO  base.BaseClass - Trying to find Element By {by.toString()})
2023-11-29 22:07:29,304 [main] INFO  base.BaseClass - Found Element By {by.toString()}
2023-11-29 22:07:29,855 [main] INFO  base.BaseClass - Trying to find Element By {by.toString()})
2023-11-29 22:07:29,880 [main] INFO  base.BaseClass - Found Element By {by.toString()}
2023-11-29 22:07:30,433 [main] INFO  base.BaseClass - Trying to find Element By {by.toString()})
2023-11-29 22:07:30,457 [main] INFO  base.BaseClass - Found Element By {by.toString()}
2023-11-29 22:07:30,997 [main] INFO  base.BaseClass - Trying to find Element By {by.toString()})
2023-11-29 22:07:31,023 [main] INFO  base.BaseClass - Found Element By {by.toString()}
2023-11-29 22:07:31,563 [main] INFO  base.BaseClass - Trying to find Element By {by.toString()})
2023-11-29 22:07:31,589 [main] INFO  base.BaseClass - Found Element By {by.toString()}
2023-11-29 22:07:32,138 [main] INFO  base.BaseClass - Trying to find Element By {by.toString()})
2023-11-29 22:07:32,163 [main] INFO  base.BaseClass - Found Element By {by.toString()}
2023-11-29 22:07:32,702 [main] INFO  base.BaseClass - Trying to find Element By {by.toString()})
2023-11-29 22:07:32,727 [main] INFO  base.BaseClass - Found Element By {by.toString()}
2023-11-29 22:07:33,270 [main] INFO  base.BaseClass - Trying to find Element By {by.toString()})
2023-11-29 22:07:33,296 [main] INFO  base.BaseClass - Found Element By {by.toString()}
2023-11-29 22:07:33,848 [main] INFO  base.BaseClass - Trying to find Element By {by.toString()})
2023-11-29 22:07:33,874 [main] INFO  base.BaseClass - Found Element By {by.toString()}
2023-11-29 22:07:34,424 [main] INFO  base.BaseClass - Trying to find Element By {by.toString()})
2023-11-29 22:07:34,450 [main] INFO  base.BaseClass - Found Element By {by.toString()}
2023-11-29 22:07:34,990 [main] INFO  base.BaseClass - Trying to find Element By {by.toString()})
2023-11-29 22:07:35,016 [main] INFO  base.BaseClass - Found Element By {by.toString()}
2023-11-29 22:07:35,558 [main] INFO  base.BaseClass - Trying to find Element By {by.toString()})
2023-11-29 22:07:35,582 [main] INFO  base.BaseClass - Found Element By {by.toString()}
2023-11-29 22:07:36,122 [main] INFO  base.BaseClass - Trying to find Element By {by.toString()})
2023-11-29 22:07:36,148 [main] INFO  base.BaseClass - Found Element By {by.toString()}
2023-11-29 22:07:36,698 [main] INFO  base.BaseClass - Trying to find Element By {by.toString()})
2023-11-29 22:07:36,721 [main] INFO  base.BaseClass - Found Element By {by.toString()}
2023-11-29 22:07:37,262 [main] INFO  base.BaseClass - Trying to find Element By {by.toString()})
2023-11-29 22:07:37,288 [main] INFO  base.BaseClass - Found Element By {by.toString()}
2023-11-29 22:07:37,829 [main] INFO  base.BaseClass - Trying to find Element By {by.toString()})
2023-11-29 22:07:37,855 [main] INFO  base.BaseClass - Found Element By {by.toString()}
2023-11-29 22:07:38,403 [main] INFO  base.BaseClass - Trying to find Element By {by.toString()})
2023-11-29 22:07:38,430 [main] INFO  base.BaseClass - Found Element By {by.toString()}
2023-11-29 22:07:38,980 [main] INFO  base.BaseClass - Trying to find Element By {by.toString()})
2023-11-29 22:07:39,004 [main] INFO  base.BaseClass - Found Element By {by.toString()}
2023-11-29 22:07:39,543 [main] INFO  base.BaseClass - Trying to find Element By {by.toString()})
2023-11-29 22:07:39,568 [main] INFO  base.BaseClass - Found Element By {by.toString()}
2023-11-29 22:07:40,118 [main] INFO  base.BaseClass - Trying to find Element By {by.toString()})
2023-11-29 22:07:40,143 [main] INFO  base.BaseClass - Found Element By {by.toString()}
2023-11-29 22:07:40,679 [main] INFO  base.BaseClass - Trying to find Element By {by.toString()})
2023-11-29 22:07:40,704 [main] INFO  base.BaseClass - Found Element By {by.toString()}
2023-11-29 22:07:41,256 [main] INFO  base.BaseClass - Trying to find Element By {by.toString()})
2023-11-29 22:07:41,281 [main] INFO  base.BaseClass - Found Element By {by.toString()}
2023-11-29 22:07:41,819 [main] INFO  base.BaseClass - Trying to find Element By {by.toString()})
2023-11-29 22:07:41,867 [main] INFO  base.BaseClass - Found Element By {by.toString()}
2023-11-29 22:07:42,400 [main] INFO  base.BaseClass - Trying to find Element By {by.toString()})
2023-11-29 22:07:42,425 [main] INFO  base.BaseClass - Found Element By {by.toString()}
2023-11-29 22:07:42,960 [main] INFO  base.BaseClass - Trying to find Element By {by.toString()})
2023-11-29 22:07:42,986 [main] INFO  base.BaseClass - Found Element By {by.toString()}
2023-11-29 22:07:43,539 [main] INFO  base.BaseClass - Trying to find Element By {by.toString()})
2023-11-29 22:07:43,563 [main] INFO  base.BaseClass - Found Element By {by.toString()}
2023-11-29 22:07:44,101 [main] INFO  base.BaseClass - Trying to find Element By {by.toString()})
2023-11-29 22:07:44,127 [main] INFO  base.BaseClass - Found Element By {by.toString()}
2023-11-29 22:07:44,677 [main] INFO  base.BaseClass - Trying to find Element By {by.toString()})
2023-11-29 22:07:44,701 [main] INFO  base.BaseClass - Found Element By {by.toString()}
2023-11-29 22:07:45,241 [main] INFO  base.BaseClass - Trying to find Element By {by.toString()})
2023-11-29 22:07:45,268 [main] INFO  base.BaseClass - Found Element By {by.toString()}
2023-11-29 22:07:45,808 [main] INFO  base.BaseClass - Trying to find Element By {by.toString()})
2023-11-29 22:07:45,834 [main] INFO  base.BaseClass - Found Element By {by.toString()}
2023-11-29 22:07:46,371 [main] INFO  base.BaseClass - Trying to find Element By {by.toString()})
2023-11-29 22:07:46,396 [main] INFO  base.BaseClass - Found Element By {by.toString()}
2023-11-29 22:07:46,935 [main] INFO  base.BaseClass - Trying to find Element By {by.toString()})
2023-11-29 22:07:46,961 [main] INFO  base.BaseClass - Found Element By {by.toString()}
2023-11-29 22:07:47,503 [main] INFO  base.BaseClass - Trying to find Element By {by.toString()})
2023-11-29 22:07:47,531 [main] INFO  base.BaseClass - Found Element By {by.toString()}
2023-11-29 22:07:48,067 [main] INFO  base.BaseClass - Trying to find Element By {by.toString()})
2023-11-29 22:07:48,093 [main] INFO  base.BaseClass - Found Element By {by.toString()}
2023-11-29 22:07:48,628 [main] INFO  base.BaseClass - Trying to find Element By {by.toString()})
2023-11-29 22:07:48,654 [main] INFO  base.BaseClass - Found Element By {by.toString()}
TimeoutException occurred: Expected condition failed: waiting for helper.WaitUtility$5@98ced61 (tried for 30 second(s) with 500 milliseconds interval)
Build info: version: '3.141.59', revision: 'e82be7d358', time: '2018-11-14T08:17:03'
System info: host: 'DPLAP166', ip: '137.237.3.153', os.name: 'Windows 10', os.arch: 'amd64', os.version: '10.0', java.version: '19.0.1'
Driver info: org.openqa.selenium.support.events.EventFiringWebDriver
Capabilities {acceptInsecureCerts: true, browserName: chrome, browserVersion: 119.0.6045.200, chrome: {chromedriverVersion: 119.0.6045.105 (38c72552c5e..., userDataDir: C:\Users\dP-PL\AppData\Loca...}, fedcm:accounts: true, goog:chromeOptions: {debuggerAddress: localhost:52174}, javascriptEnabled: true, networkConnectionEnabled: false, pageLoadStrategy: normal, platform: WINDOWS, platformName: WINDOWS, proxy: Proxy(), setWindowRect: true, strictFileInteractability: false, timeouts: {implicit: 0, pageLoad: 300000, script: 30000}, unhandledPromptBehavior: dismiss and notify, webauthn:extension:credBlob: true, webauthn:extension:largeBlob: true, webauthn:extension:minPinLength: true, webauthn:extension:prf: true, webauthn:virtualAuthenticators: true}
Session ID: 9904d8dcdce8f65bcf1cf5b9aa8273f1
2023-11-29 22:07:48,687 [main] ERROR XGLT_15177_Test - Element did not become visible within the specified time: Expected condition failed: waiting for helper.WaitUtility$5@98ced61 (tried for 30 second(s) with 500 milliseconds interval)
Build info: version: '3.141.59', revision: 'e82be7d358', time: '2018-11-14T08:17:03'
System info: host: 'DPLAP166', ip: '137.237.3.153', os.name: 'Windows 10', os.arch: 'amd64', os.version: '10.0', java.version: '19.0.1'
Driver info: org.openqa.selenium.support.events.EventFiringWebDriver
Capabilities {acceptInsecureCerts: true, browserName: chrome, browserVersion: 119.0.6045.200, chrome: {chromedriverVersion: 119.0.6045.105 (38c72552c5e..., userDataDir: C:\Users\dP-PL\AppData\Loca...}, fedcm:accounts: true, goog:chromeOptions: {debuggerAddress: localhost:52174}, javascriptEnabled: true, networkConnectionEnabled: false, pageLoadStrategy: normal, platform: WINDOWS, platformName: WINDOWS, proxy: Proxy(), setWindowRect: true, strictFileInteractability: false, timeouts: {implicit: 0, pageLoad: 300000, script: 30000}, unhandledPromptBehavior: dismiss and notify, webauthn:extension:credBlob: true, webauthn:extension:largeBlob: true, webauthn:extension:minPinLength: true, webauthn:extension:prf: true, webauthn:virtualAuthenticators: true}
Session ID: 9904d8dcdce8f65bcf1cf5b9aa8273f1
2023-11-29 22:07:48,687 [main] INFO  base.BaseClass - Trying to find Element By {by.toString()})
2023-11-29 22:07:48,708 [main] INFO  base.BaseClass - Found Element By {by.toString()}
2023-11-29 22:07:48,709 [main] INFO  base.BaseClass - Trying to click on: {element.toString()}
2023-11-29 22:07:48,840 [main] INFO  base.BaseClass - Clicked on: {element.toString()}
2023-11-29 22:07:48,840 [main] INFO  base.BaseClass - Trying to find Element By {by.toString()})
2023-11-29 22:07:48,853 [main] INFO  base.BaseClass - Found Element By {by.toString()}
2023-11-29 22:07:48,862 [main] INFO  base.BaseClass - Trying to find Element By {by.toString()})
2023-11-29 22:07:48,874 [main] INFO  base.BaseClass - Found Element By {by.toString()}
2023-11-29 22:07:48,888 [main] INFO  base.BaseClass - Trying to find Element By {by.toString()})
2023-11-29 22:07:48,897 [main] INFO  base.BaseClass - Found Element By {by.toString()}
Mc count 
2023-11-29 22:07:49,098 [main] INFO  base.BaseClass - Trying to find Element By {by.toString()})
TimeoutException occurred: Expected condition failed: waiting for helper.WaitUtility$4@6068c103 (tried for 50 second(s) with 500 milliseconds interval)
2023-11-29 22:08:39,107 [main] ERROR XGLT_15177_Test - Element did not become visible within the specified time: Expected condition failed: waiting for helper.WaitUtility$4@6068c103 (tried for 50 second(s) with 500 milliseconds interval)
2023-11-29 22:08:39,107 [main] INFO  base.BaseClass - Trying to find Element By {by.toString()})
2023-11-29 22:08:39,129 [main] INFO  base.BaseClass - Found Element By {by.toString()}
2023-11-29 22:08:39,667 [main] INFO  base.BaseClass - Trying to find Element By {by.toString()})
2023-11-29 22:08:39,692 [main] INFO  base.BaseClass - Found Element By {by.toString()}
2023-11-29 22:08:40,232 [main] INFO  base.BaseClass - Trying to find Element By {by.toString()})
2023-11-29 22:08:40,258 [main] INFO  base.BaseClass - Found Element By {by.toString()}
2023-11-29 22:08:40,806 [main] INFO  base.BaseClass - Trying to find Element By {by.toString()})
2023-11-29 22:08:40,830 [main] INFO  base.BaseClass - Found Element By {by.toString()}
2023-11-29 22:08:41,371 [main] INFO  base.BaseClass - Trying to find Element By {by.toString()})
2023-11-29 22:08:41,397 [main] INFO  base.BaseClass - Found Element By {by.toString()}
2023-11-29 22:08:41,932 [main] INFO  base.BaseClass - Trying to find Element By {by.toString()})
2023-11-29 22:08:41,956 [main] INFO  base.BaseClass - Found Element By {by.toString()}
2023-11-29 22:08:42,491 [main] INFO  base.BaseClass - Trying to find Element By {by.toString()})
2023-11-29 22:08:42,516 [main] INFO  base.BaseClass - Found Element By {by.toString()}
2023-11-29 22:08:43,054 [main] INFO  base.BaseClass - Trying to find Element By {by.toString()})
2023-11-29 22:08:43,079 [main] INFO  base.BaseClass - Found Element By {by.toString()}
2023-11-29 22:08:43,616 [main] INFO  base.BaseClass - Trying to find Element By {by.toString()})
2023-11-29 22:08:43,640 [main] INFO  base.BaseClass - Found Element By {by.toString()}
2023-11-29 22:08:44,178 [main] INFO  base.BaseClass - Trying to find Element By {by.toString()})
2023-11-29 22:08:44,202 [main] INFO  base.BaseClass - Found Element By {by.toString()}
2023-11-29 22:08:44,750 [main] INFO  base.BaseClass - Trying to find Element By {by.toString()})
2023-11-29 22:08:44,775 [main] INFO  base.BaseClass - Found Element By {by.toString()}
2023-11-29 22:08:45,312 [main] INFO  base.BaseClass - Trying to find Element By {by.toString()})
2023-11-29 22:08:45,336 [main] INFO  base.BaseClass - Found Element By {by.toString()}
2023-11-29 22:08:45,873 [main] INFO  base.BaseClass - Trying to find Element By {by.toString()})
2023-11-29 22:08:45,897 [main] INFO  base.BaseClass - Found Element By {by.toString()}
2023-11-29 22:08:46,434 [main] INFO  base.BaseClass - Trying to find Element By {by.toString()})
2023-11-29 22:08:46,459 [main] INFO  base.BaseClass - Found Element By {by.toString()}
2023-11-29 22:08:46,999 [main] INFO  base.BaseClass - Trying to find Element By {by.toString()})
2023-11-29 22:08:47,024 [main] INFO  base.BaseClass - Found Element By {by.toString()}
2023-11-29 22:08:47,565 [main] INFO  base.BaseClass - Trying to find Element By {by.toString()})
2023-11-29 22:08:47,591 [main] INFO  base.BaseClass - Found Element By {by.toString()}
2023-11-29 22:08:48,142 [main] INFO  base.BaseClass - Trying to find Element By {by.toString()})
2023-11-29 22:08:48,167 [main] INFO  base.BaseClass - Found Element By {by.toString()}
2023-11-29 22:08:48,706 [main] INFO  base.BaseClass - Trying to find Element By {by.toString()})
2023-11-29 22:08:48,731 [main] INFO  base.BaseClass - Found Element By {by.toString()}
2023-11-29 22:08:49,273 [main] INFO  base.BaseClass - Trying to find Element By {by.toString()})
2023-11-29 22:08:49,298 [main] INFO  base.BaseClass - Found Element By {by.toString()}
2023-11-29 22:08:49,837 [main] INFO  base.BaseClass - Trying to find Element By {by.toString()})
2023-11-29 22:08:49,862 [main] INFO  base.BaseClass - Found Element By {by.toString()}
2023-11-29 22:08:50,400 [main] INFO  base.BaseClass - Trying to find Element By {by.toString()})
2023-11-29 22:08:50,426 [main] INFO  base.BaseClass - Found Element By {by.toString()}
2023-11-29 22:08:50,966 [main] INFO  base.BaseClass - Trying to find Element By {by.toString()})
2023-11-29 22:08:50,982 [main] INFO  base.BaseClass - Found Element By {by.toString()}
2023-11-29 22:08:51,513 [main] INFO  base.BaseClass - Trying to find Element By {by.toString()})
2023-11-29 22:08:51,538 [main] INFO  base.BaseClass - Found Element By {by.toString()}
2023-11-29 22:08:52,079 [main] INFO  base.BaseClass - Trying to find Element By {by.toString()})
2023-11-29 22:08:52,105 [main] INFO  base.BaseClass - Found Element By {by.toString()}
2023-11-29 22:08:52,642 [main] INFO  base.BaseClass - Trying to find Element By {by.toString()})
2023-11-29 22:08:52,668 [main] INFO  base.BaseClass - Found Element By {by.toString()}
2023-11-29 22:08:53,205 [main] INFO  base.BaseClass - Trying to find Element By {by.toString()})
2023-11-29 22:08:53,237 [main] INFO  base.BaseClass - Found Element By {by.toString()}
2023-11-29 22:08:53,783 [main] INFO  base.BaseClass - Trying to find Element By {by.toString()})
2023-11-29 22:08:53,809 [main] INFO  base.BaseClass - Found Element By {by.toString()}
2023-11-29 22:08:54,349 [main] INFO  base.BaseClass - Trying to find Element By {by.toString()})
2023-11-29 22:08:54,374 [main] INFO  base.BaseClass - Found Element By {by.toString()}
2023-11-29 22:08:54,912 [main] INFO  base.BaseClass - Trying to find Element By {by.toString()})
2023-11-29 22:08:54,937 [main] INFO  base.BaseClass - Found Element By {by.toString()}
2023-11-29 22:08:55,473 [main] INFO  base.BaseClass - Trying to find Element By {by.toString()})
2023-11-29 22:08:55,498 [main] INFO  base.BaseClass - Found Element By {by.toString()}
2023-11-29 22:08:56,038 [main] INFO  base.BaseClass - Trying to find Element By {by.toString()})
2023-11-29 22:08:56,059 [main] INFO  base.BaseClass - Found Element By {by.toString()}
2023-11-29 22:08:56,589 [main] INFO  base.BaseClass - Trying to find Element By {by.toString()})
2023-11-29 22:08:56,615 [main] INFO  base.BaseClass - Found Element By {by.toString()}
2023-11-29 22:08:57,168 [main] INFO  base.BaseClass - Trying to find Element By {by.toString()})
2023-11-29 22:08:57,194 [main] INFO  base.BaseClass - Found Element By {by.toString()}
2023-11-29 22:08:57,734 [main] INFO  base.BaseClass - Trying to find Element By {by.toString()})
2023-11-29 22:08:57,759 [main] INFO  base.BaseClass - Found Element By {by.toString()}
2023-11-29 22:08:58,313 [main] INFO  base.BaseClass - Trying to find Element By {by.toString()})
2023-11-29 22:08:58,339 [main] INFO  base.BaseClass - Found Element By {by.toString()}
2023-11-29 22:08:58,879 [main] INFO  base.BaseClass - Trying to find Element By {by.toString()})
2023-11-29 22:08:58,904 [main] INFO  base.BaseClass - Found Element By {by.toString()}
2023-11-29 22:08:59,454 [main] INFO  base.BaseClass - Trying to find Element By {by.toString()})
2023-11-29 22:08:59,479 [main] INFO  base.BaseClass - Found Element By {by.toString()}
2023-11-29 22:09:00,020 [main] INFO  base.BaseClass - Trying to find Element By {by.toString()})
2023-11-29 22:09:00,043 [main] INFO  base.BaseClass - Found Element By {by.toString()}
2023-11-29 22:09:00,581 [main] INFO  base.BaseClass - Trying to find Element By {by.toString()})
2023-11-29 22:09:00,607 [main] INFO  base.BaseClass - Found Element By {by.toString()}
2023-11-29 22:09:01,144 [main] INFO  base.BaseClass - Trying to find Element By {by.toString()})
2023-11-29 22:09:01,173 [main] INFO  base.BaseClass - Found Element By {by.toString()}
2023-11-29 22:09:01,722 [main] INFO  base.BaseClass - Trying to find Element By {by.toString()})
2023-11-29 22:09:01,748 [main] INFO  base.BaseClass - Found Element By {by.toString()}
2023-11-29 22:09:02,282 [main] INFO  base.BaseClass - Trying to find Element By {by.toString()})
2023-11-29 22:09:02,304 [main] INFO  base.BaseClass - Found Element By {by.toString()}
2023-11-29 22:09:02,845 [main] INFO  base.BaseClass - Trying to find Element By {by.toString()})
2023-11-29 22:09:02,872 [main] INFO  base.BaseClass - Found Element By {by.toString()}
2023-11-29 22:09:03,418 [main] INFO  base.BaseClass - Trying to find Element By {by.toString()})
2023-11-29 22:09:03,444 [main] INFO  base.BaseClass - Found Element By {by.toString()}
2023-11-29 22:09:03,982 [main] INFO  base.BaseClass - Trying to find Element By {by.toString()})
2023-11-29 22:09:04,007 [main] INFO  base.BaseClass - Found Element By {by.toString()}
2023-11-29 22:09:04,558 [main] INFO  base.BaseClass - Trying to find Element By {by.toString()})
2023-11-29 22:09:04,585 [main] INFO  base.BaseClass - Found Element By {by.toString()}
2023-11-29 22:09:05,123 [main] INFO  base.BaseClass - Trying to find Element By {by.toString()})
2023-11-29 22:09:05,147 [main] INFO  base.BaseClass - Found Element By {by.toString()}
2023-11-29 22:09:05,689 [main] INFO  base.BaseClass - Trying to find Element By {by.toString()})
2023-11-29 22:09:05,714 [main] INFO  base.BaseClass - Found Element By {by.toString()}
2023-11-29 22:09:06,252 [main] INFO  base.BaseClass - Trying to find Element By {by.toString()})
2023-11-29 22:09:06,275 [main] INFO  base.BaseClass - Found Element By {by.toString()}
2023-11-29 22:09:06,817 [main] INFO  base.BaseClass - Trying to find Element By {by.toString()})
2023-11-29 22:09:06,842 [main] INFO  base.BaseClass - Found Element By {by.toString()}
2023-11-29 22:09:07,382 [main] INFO  base.BaseClass - Trying to find Element By {by.toString()})
2023-11-29 22:09:07,406 [main] INFO  base.BaseClass - Found Element By {by.toString()}
2023-11-29 22:09:07,945 [main] INFO  base.BaseClass - Trying to find Element By {by.toString()})
2023-11-29 22:09:07,964 [main] INFO  base.BaseClass - Found Element By {by.toString()}
2023-11-29 22:09:08,510 [main] INFO  base.BaseClass - Trying to find Element By {by.toString()})
2023-11-29 22:09:08,536 [main] INFO  base.BaseClass - Found Element By {by.toString()}
2023-11-29 22:09:09,076 [main] INFO  base.BaseClass - Trying to find Element By {by.toString()})
2023-11-29 22:09:09,101 [main] INFO  base.BaseClass - Found Element By {by.toString()}
TimeoutException occurred: Expected condition failed: waiting for helper.WaitUtility$5@c34032c (tried for 30 second(s) with 500 milliseconds interval)
Build info: version: '3.141.59', revision: 'e82be7d358', time: '2018-11-14T08:17:03'
System info: host: 'DPLAP166', ip: '137.237.3.153', os.name: 'Windows 10', os.arch: 'amd64', os.version: '10.0', java.version: '19.0.1'
Driver info: org.openqa.selenium.support.events.EventFiringWebDriver
Capabilities {acceptInsecureCerts: true, browserName: chrome, browserVersion: 119.0.6045.200, chrome: {chromedriverVersion: 119.0.6045.105 (38c72552c5e..., userDataDir: C:\Users\dP-PL\AppData\Loca...}, fedcm:accounts: true, goog:chromeOptions: {debuggerAddress: localhost:52174}, javascriptEnabled: true, networkConnectionEnabled: false, pageLoadStrategy: normal, platform: WINDOWS, platformName: WINDOWS, proxy: Proxy(), setWindowRect: true, strictFileInteractability: false, timeouts: {implicit: 0, pageLoad: 300000, script: 30000}, unhandledPromptBehavior: dismiss and notify, webauthn:extension:credBlob: true, webauthn:extension:largeBlob: true, webauthn:extension:minPinLength: true, webauthn:extension:prf: true, webauthn:virtualAuthenticators: true}
Session ID: 9904d8dcdce8f65bcf1cf5b9aa8273f1
2023-11-29 22:09:09,135 [main] ERROR XGLT_15177_Test - Element did not become visible within the specified time: Expected condition failed: waiting for helper.WaitUtility$5@c34032c (tried for 30 second(s) with 500 milliseconds interval)
Build info: version: '3.141.59', revision: 'e82be7d358', time: '2018-11-14T08:17:03'
System info: host: 'DPLAP166', ip: '137.237.3.153', os.name: 'Windows 10', os.arch: 'amd64', os.version: '10.0', java.version: '19.0.1'
Driver info: org.openqa.selenium.support.events.EventFiringWebDriver
Capabilities {acceptInsecureCerts: true, browserName: chrome, browserVersion: 119.0.6045.200, chrome: {chromedriverVersion: 119.0.6045.105 (38c72552c5e..., userDataDir: C:\Users\dP-PL\AppData\Loca...}, fedcm:accounts: true, goog:chromeOptions: {debuggerAddress: localhost:52174}, javascriptEnabled: true, networkConnectionEnabled: false, pageLoadStrategy: normal, platform: WINDOWS, platformName: WINDOWS, proxy: Proxy(), setWindowRect: true, strictFileInteractability: false, timeouts: {implicit: 0, pageLoad: 300000, script: 30000}, unhandledPromptBehavior: dismiss and notify, webauthn:extension:credBlob: true, webauthn:extension:largeBlob: true, webauthn:extension:minPinLength: true, webauthn:extension:prf: true, webauthn:virtualAuthenticators: true}
Session ID: 9904d8dcdce8f65bcf1cf5b9aa8273f1
2023-11-29 22:09:09,135 [main] INFO  base.BaseClass - Trying to find Element By {by.toString()})
2023-11-29 22:09:09,156 [main] INFO  base.BaseClass - Found Element By {by.toString()}
2023-11-29 22:09:09,157 [main] INFO  base.BaseClass - Trying to click on: {element.toString()}
2023-11-29 22:09:09,285 [main] INFO  base.BaseClass - Clicked on: {element.toString()}
2023-11-29 22:09:09,286 [main] INFO  base.BaseClass - Trying to find Element By {by.toString()})
TimeoutException occurred: Expected condition failed: waiting for helper.WaitUtility$2@2489a8eb (tried for 50 second(s) with 500 milliseconds interval)
2023-11-29 22:09:59,308 [main] ERROR XGLT_15177_Test - Element did not become visible within the specified time: Expected condition failed: waiting for helper.WaitUtility$2@2489a8eb (tried for 50 second(s) with 500 milliseconds interval)
2023-11-29 22:09:59,309 [main] INFO  base.BaseClass - Trying to find Element By {by.toString()})
CustomDatePA failed!
]]></system-out>
  </testcase>
  <testcase name="CustomDatePB" classname="XGLT_6688_Test" time="440.643">
    <failure message="no such element: Unable to locate element: {&quot;method&quot;:&quot;xpath&quot;,&quot;selector&quot;:&quot;//h1[contains(text(),&apos;Pending Build&apos;)]/following-sibling::h1&quot;}&#10;  (Session info: chrome=119.0.6045.200)&#10;For documentation on this error, please visit: https://www.seleniumhq.org/exceptions/no_such_element.html&#10;Build info: version: &apos;3.141.59&apos;, revision: &apos;e82be7d358&apos;, time: &apos;2018-11-14T08:17:03&apos;&#10;System info: host: &apos;DPLAP166&apos;, ip: &apos;137.237.3.153&apos;, os.name: &apos;Windows 10&apos;, os.arch: &apos;amd64&apos;, os.version: &apos;10.0&apos;, java.version: &apos;19.0.1&apos;&#10;Driver info: org.openqa.selenium.chrome.ChromeDriver&#10;Capabilities {acceptInsecureCerts: true, browserName: chrome, browserVersion: 119.0.6045.200, chrome: {chromedriverVersion: 119.0.6045.105 (38c72552c5e..., userDataDir: C:\Users\dP-PL\AppData\Loca...}, fedcm:accounts: true, goog:chromeOptions: {debuggerAddress: localhost:52174}, javascriptEnabled: true, networkConnectionEnabled: false, pageLoadStrategy: normal, platform: WINDOWS, platformName: WINDOWS, proxy: Proxy(), setWindowRect: true, strictFileInteractability: false, timeouts: {implicit: 0, pageLoad: 300000, script: 30000}, unhandledPromptBehavior: dismiss and notify, webauthn:extension:credBlob: true, webauthn:extension:largeBlob: true, webauthn:extension:minPinLength: true, webauthn:extension:prf: true, webauthn:virtualAuthenticators: true}&#10;Session ID: 9904d8dcdce8f65bcf1cf5b9aa8273f1&#10;*** Element info: {Using=xpath, value=//h1[contains(text(),&apos;Pending Build&apos;)]/following-sibling::h1}" type="org.openqa.selenium.NoSuchElementException"><![CDATA[org.openqa.selenium.NoSuchElementException: 
no such element: Unable to locate element: {"method":"xpath","selector":"//h1[contains(text(),'Pending Build')]/following-sibling::h1"}
  (Session info: chrome=119.0.6045.200)
For documentation on this error, please visit: https://www.seleniumhq.org/exceptions/no_such_element.html
Build info: version: '3.141.59', revision: 'e82be7d358', time: '2018-11-14T08:17:03'
System info: host: 'DPLAP166', ip: '137.237.3.153', os.name: 'Windows 10', os.arch: 'amd64', os.version: '10.0', java.version: '19.0.1'
Driver info: org.openqa.selenium.chrome.ChromeDriver
Capabilities {acceptInsecureCerts: true, browserName: chrome, browserVersion: 119.0.6045.200, chrome: {chromedriverVersion: 119.0.6045.105 (38c72552c5e..., userDataDir: C:\Users\dP-PL\AppData\Loca...}, fedcm:accounts: true, goog:chromeOptions: {debuggerAddress: localhost:52174}, javascriptEnabled: true, networkConnectionEnabled: false, pageLoadStrategy: normal, platform: WINDOWS, platformName: WINDOWS, proxy: Proxy(), setWindowRect: true, strictFileInteractability: false, timeouts: {implicit: 0, pageLoad: 300000, script: 30000}, unhandledPromptBehavior: dismiss and notify, webauthn:extension:credBlob: true, webauthn:extension:largeBlob: true, webauthn:extension:minPinLength: true, webauthn:extension:prf: true, webauthn:virtualAuthenticators: true}
Session ID: 9904d8dcdce8f65bcf1cf5b9aa8273f1
*** Element info: {Using=xpath, value=//h1[contains(text(),'Pending Build')]/following-sibling::h1}
	at java.base/jdk.internal.reflect.DirectConstructorHandleAccessor.newInstance(DirectConstructorHandleAccessor.java:67)
	at java.base/java.lang.reflect.Constructor.newInstanceWithCaller(Constructor.java:500)
	at java.base/java.lang.reflect.Constructor.newInstance(Constructor.java:484)
	at org.openqa.selenium.remote.http.W3CHttpResponseCodec.createException(W3CHttpResponseCodec.java:187)
	at org.openqa.selenium.remote.http.W3CHttpResponseCodec.decode(W3CHttpResponseCodec.java:122)
	at org.openqa.selenium.remote.http.W3CHttpResponseCodec.decode(W3CHttpResponseCodec.java:49)
	at org.openqa.selenium.remote.HttpCommandExecutor.execute(HttpCommandExecutor.java:158)
	at org.openqa.selenium.remote.service.DriverCommandExecutor.execute(DriverCommandExecutor.java:83)
	at org.openqa.selenium.remote.RemoteWebDriver.execute(RemoteWebDriver.java:552)
	at org.openqa.selenium.remote.RemoteWebDriver.findElement(RemoteWebDriver.java:323)
	at org.openqa.selenium.remote.RemoteWebDriver.findElementByXPath(RemoteWebDriver.java:428)
	at org.openqa.selenium.By$ByXPath.findElement(By.java:353)
	at org.openqa.selenium.remote.RemoteWebDriver.findElement(RemoteWebDriver.java:315)
	at java.base/jdk.internal.reflect.DirectMethodHandleAccessor.invoke(DirectMethodHandleAccessor.java:104)
	at java.base/java.lang.reflect.Method.invoke(Method.java:578)
	at org.openqa.selenium.support.events.EventFiringWebDriver.lambda$new$1(EventFiringWebDriver.java:105)
	at jdk.proxy2/jdk.proxy2.$Proxy25.findElement(Unknown Source)
	at org.openqa.selenium.support.events.EventFiringWebDriver.findElement(EventFiringWebDriver.java:194)
	at org.openqa.selenium.support.pagefactory.DefaultElementLocator.findElement(DefaultElementLocator.java:69)
	at org.openqa.selenium.support.pagefactory.internal.LocatingElementHandler.invoke(LocatingElementHandler.java:38)
	at jdk.proxy2/jdk.proxy2.$Proxy28.getText(Unknown Source)
	at pages.NetworkInstancePage.getactualpendingbuildcount(NetworkInstancePage.java:170)
	at pages.NetworkInstancePage.verifypendingbuildcount(NetworkInstancePage.java:180)
	at XGLT_6688_Test.CustomDatePB(XGLT_6688_Test.java:109)
	at java.base/jdk.internal.reflect.DirectMethodHandleAccessor.invoke(DirectMethodHandleAccessor.java:104)
	at java.base/java.lang.reflect.Method.invoke(Method.java:578)
	at org.testng.internal.invokers.MethodInvocationHelper.invokeMethod(MethodInvocationHelper.java:139)
	at org.testng.internal.invokers.TestInvoker.invokeMethod(TestInvoker.java:677)
	at org.testng.internal.invokers.TestInvoker.invokeTestMethod(TestInvoker.java:221)
	at org.testng.internal.invokers.MethodRunner.runInSequence(MethodRunner.java:50)
	at org.testng.internal.invokers.TestInvoker$MethodInvocationAgent.invoke(TestInvoker.java:962)
	at org.testng.internal.invokers.TestInvoker.invokeTestMethods(TestInvoker.java:194)
	at org.testng.internal.invokers.TestMethodWorker.invokeTestMethods(TestMethodWorker.java:148)
	at org.testng.internal.invokers.TestMethodWorker.run(TestMethodWorker.java:128)
	at java.base/java.util.ArrayList.forEach(ArrayList.java:1511)
	at org.testng.TestRunner.privateRun(TestRunner.java:806)
	at org.testng.TestRunner.run(TestRunner.java:601)
	at org.testng.SuiteRunner.runTest(SuiteRunner.java:433)
	at org.testng.SuiteRunner.runSequentially(SuiteRunner.java:427)
	at org.testng.SuiteRunner.privateRun(SuiteRunner.java:387)
	at org.testng.SuiteRunner.run(SuiteRunner.java:330)
	at org.testng.SuiteRunnerWorker.runSuite(SuiteRunnerWorker.java:52)
	at org.testng.SuiteRunnerWorker.run(SuiteRunnerWorker.java:95)
	at org.testng.TestNG.runSuitesSequentially(TestNG.java:1256)
	at org.testng.TestNG.runSuitesLocally(TestNG.java:1176)
	at org.testng.TestNG.runSuites(TestNG.java:1099)
	at org.testng.TestNG.run(TestNG.java:1067)
	at org.apache.maven.surefire.testng.TestNGExecutor.run(TestNGExecutor.java:324)
	at org.apache.maven.surefire.testng.TestNGXmlTestSuite.execute(TestNGXmlTestSuite.java:74)
	at org.apache.maven.surefire.testng.TestNGProvider.invoke(TestNGProvider.java:123)
	at org.apache.maven.surefire.booter.ForkedBooter.runSuitesInProcess(ForkedBooter.java:456)
	at org.apache.maven.surefire.booter.ForkedBooter.execute(ForkedBooter.java:169)
	at org.apache.maven.surefire.booter.ForkedBooter.run(ForkedBooter.java:595)
	at org.apache.maven.surefire.booter.ForkedBooter.main(ForkedBooter.java:581)
]]></failure>
    <system-out><![CDATA[Before method Test name: Maintainance Tests
CustomDatePB started!
2023-11-29 22:10:49,593 [main] INFO  base.BaseClass - Trying to find Element By {by.toString()})
2023-11-29 22:10:49,620 [main] INFO  base.BaseClass - Found Element By {by.toString()}
2023-11-29 22:10:50,156 [main] INFO  base.BaseClass - Trying to find Element By {by.toString()})
2023-11-29 22:10:50,185 [main] INFO  base.BaseClass - Found Element By {by.toString()}
2023-11-29 22:10:50,717 [main] INFO  base.BaseClass - Trying to find Element By {by.toString()})
2023-11-29 22:10:50,735 [main] INFO  base.BaseClass - Found Element By {by.toString()}
2023-11-29 22:10:51,275 [main] INFO  base.BaseClass - Trying to find Element By {by.toString()})
2023-11-29 22:10:51,305 [main] INFO  base.BaseClass - Found Element By {by.toString()}
2023-11-29 22:10:51,853 [main] INFO  base.BaseClass - Trying to find Element By {by.toString()})
2023-11-29 22:10:51,884 [main] INFO  base.BaseClass - Found Element By {by.toString()}
2023-11-29 22:10:52,430 [main] INFO  base.BaseClass - Trying to find Element By {by.toString()})
2023-11-29 22:10:52,459 [main] INFO  base.BaseClass - Found Element By {by.toString()}
2023-11-29 22:10:53,008 [main] INFO  base.BaseClass - Trying to find Element By {by.toString()})
2023-11-29 22:10:53,053 [main] INFO  base.BaseClass - Found Element By {by.toString()}
2023-11-29 22:10:53,589 [main] INFO  base.BaseClass - Trying to find Element By {by.toString()})
2023-11-29 22:10:53,617 [main] INFO  base.BaseClass - Found Element By {by.toString()}
2023-11-29 22:10:54,180 [main] INFO  base.BaseClass - Trying to find Element By {by.toString()})
2023-11-29 22:10:54,211 [main] INFO  base.BaseClass - Found Element By {by.toString()}
2023-11-29 22:10:54,757 [main] INFO  base.BaseClass - Trying to find Element By {by.toString()})
2023-11-29 22:10:54,786 [main] INFO  base.BaseClass - Found Element By {by.toString()}
2023-11-29 22:10:55,319 [main] INFO  base.BaseClass - Trying to find Element By {by.toString()})
2023-11-29 22:10:55,337 [main] INFO  base.BaseClass - Found Element By {by.toString()}
2023-11-29 22:10:55,864 [main] INFO  base.BaseClass - Trying to find Element By {by.toString()})
2023-11-29 22:10:55,893 [main] INFO  base.BaseClass - Found Element By {by.toString()}
2023-11-29 22:10:56,444 [main] INFO  base.BaseClass - Trying to find Element By {by.toString()})
2023-11-29 22:10:56,474 [main] INFO  base.BaseClass - Found Element By {by.toString()}
2023-11-29 22:10:57,025 [main] INFO  base.BaseClass - Trying to find Element By {by.toString()})
2023-11-29 22:10:57,041 [main] INFO  base.BaseClass - Found Element By {by.toString()}
2023-11-29 22:10:57,573 [main] INFO  base.BaseClass - Trying to find Element By {by.toString()})
2023-11-29 22:10:57,595 [main] INFO  base.BaseClass - Found Element By {by.toString()}
2023-11-29 22:10:58,135 [main] INFO  base.BaseClass - Trying to find Element By {by.toString()})
2023-11-29 22:10:58,154 [main] INFO  base.BaseClass - Found Element By {by.toString()}
2023-11-29 22:10:58,693 [main] INFO  base.BaseClass - Trying to find Element By {by.toString()})
2023-11-29 22:10:58,711 [main] INFO  base.BaseClass - Found Element By {by.toString()}
2023-11-29 22:10:59,252 [main] INFO  base.BaseClass - Trying to find Element By {by.toString()})
2023-11-29 22:10:59,271 [main] INFO  base.BaseClass - Found Element By {by.toString()}
2023-11-29 22:10:59,811 [main] INFO  base.BaseClass - Trying to find Element By {by.toString()})
2023-11-29 22:10:59,839 [main] INFO  base.BaseClass - Found Element By {by.toString()}
2023-11-29 22:11:00,392 [main] INFO  base.BaseClass - Trying to find Element By {by.toString()})
2023-11-29 22:11:00,410 [main] INFO  base.BaseClass - Found Element By {by.toString()}
2023-11-29 22:11:00,939 [main] INFO  base.BaseClass - Trying to find Element By {by.toString()})
2023-11-29 22:11:00,968 [main] INFO  base.BaseClass - Found Element By {by.toString()}
2023-11-29 22:11:01,513 [main] INFO  base.BaseClass - Trying to find Element By {by.toString()})
2023-11-29 22:11:01,543 [main] INFO  base.BaseClass - Found Element By {by.toString()}
2023-11-29 22:11:02,103 [main] INFO  base.BaseClass - Trying to find Element By {by.toString()})
2023-11-29 22:11:02,120 [main] INFO  base.BaseClass - Found Element By {by.toString()}
2023-11-29 22:11:02,659 [main] INFO  base.BaseClass - Trying to find Element By {by.toString()})
2023-11-29 22:11:02,691 [main] INFO  base.BaseClass - Found Element By {by.toString()}
2023-11-29 22:11:03,233 [main] INFO  base.BaseClass - Trying to find Element By {by.toString()})
2023-11-29 22:11:03,264 [main] INFO  base.BaseClass - Found Element By {by.toString()}
2023-11-29 22:11:03,798 [main] INFO  base.BaseClass - Trying to find Element By {by.toString()})
2023-11-29 22:11:03,826 [main] INFO  base.BaseClass - Found Element By {by.toString()}
2023-11-29 22:11:04,384 [main] INFO  base.BaseClass - Trying to find Element By {by.toString()})
2023-11-29 22:11:04,398 [main] INFO  base.BaseClass - Found Element By {by.toString()}
2023-11-29 22:11:04,935 [main] INFO  base.BaseClass - Trying to find Element By {by.toString()})
2023-11-29 22:11:04,953 [main] INFO  base.BaseClass - Found Element By {by.toString()}
2023-11-29 22:11:05,501 [main] INFO  base.BaseClass - Trying to find Element By {by.toString()})
2023-11-29 22:11:05,525 [main] INFO  base.BaseClass - Found Element By {by.toString()}
2023-11-29 22:11:06,059 [main] INFO  base.BaseClass - Trying to find Element By {by.toString()})
2023-11-29 22:11:06,074 [main] INFO  base.BaseClass - Found Element By {by.toString()}
2023-11-29 22:11:06,603 [main] INFO  base.BaseClass - Trying to find Element By {by.toString()})
2023-11-29 22:11:06,628 [main] INFO  base.BaseClass - Found Element By {by.toString()}
2023-11-29 22:11:07,179 [main] INFO  base.BaseClass - Trying to find Element By {by.toString()})
2023-11-29 22:11:07,206 [main] INFO  base.BaseClass - Found Element By {by.toString()}
2023-11-29 22:11:07,753 [main] INFO  base.BaseClass - Trying to find Element By {by.toString()})
2023-11-29 22:11:07,783 [main] INFO  base.BaseClass - Found Element By {by.toString()}
2023-11-29 22:11:08,329 [main] INFO  base.BaseClass - Trying to find Element By {by.toString()})
2023-11-29 22:11:08,346 [main] INFO  base.BaseClass - Found Element By {by.toString()}
2023-11-29 22:11:08,873 [main] INFO  base.BaseClass - Trying to find Element By {by.toString()})
2023-11-29 22:11:08,891 [main] INFO  base.BaseClass - Found Element By {by.toString()}
2023-11-29 22:11:09,421 [main] INFO  base.BaseClass - Trying to find Element By {by.toString()})
2023-11-29 22:11:09,440 [main] INFO  base.BaseClass - Found Element By {by.toString()}
2023-11-29 22:11:09,971 [main] INFO  base.BaseClass - Trying to find Element By {by.toString()})
2023-11-29 22:11:09,988 [main] INFO  base.BaseClass - Found Element By {by.toString()}
2023-11-29 22:11:10,531 [main] INFO  base.BaseClass - Trying to find Element By {by.toString()})
2023-11-29 22:11:10,549 [main] INFO  base.BaseClass - Found Element By {by.toString()}
2023-11-29 22:11:11,076 [main] INFO  base.BaseClass - Trying to find Element By {by.toString()})
2023-11-29 22:11:11,093 [main] INFO  base.BaseClass - Found Element By {by.toString()}
2023-11-29 22:11:11,622 [main] INFO  base.BaseClass - Trying to find Element By {by.toString()})
2023-11-29 22:11:11,639 [main] INFO  base.BaseClass - Found Element By {by.toString()}
2023-11-29 22:11:12,168 [main] INFO  base.BaseClass - Trying to find Element By {by.toString()})
2023-11-29 22:11:12,189 [main] INFO  base.BaseClass - Found Element By {by.toString()}
2023-11-29 22:11:12,714 [main] INFO  base.BaseClass - Trying to find Element By {by.toString()})
2023-11-29 22:11:12,731 [main] INFO  base.BaseClass - Found Element By {by.toString()}
2023-11-29 22:11:13,263 [main] INFO  base.BaseClass - Trying to find Element By {by.toString()})
2023-11-29 22:11:13,276 [main] INFO  base.BaseClass - Found Element By {by.toString()}
2023-11-29 22:11:13,814 [main] INFO  base.BaseClass - Trying to find Element By {by.toString()})
2023-11-29 22:11:13,830 [main] INFO  base.BaseClass - Found Element By {by.toString()}
2023-11-29 22:11:14,368 [main] INFO  base.BaseClass - Trying to find Element By {by.toString()})
2023-11-29 22:11:14,382 [main] INFO  base.BaseClass - Found Element By {by.toString()}
2023-11-29 22:11:14,920 [main] INFO  base.BaseClass - Trying to find Element By {by.toString()})
2023-11-29 22:11:14,936 [main] INFO  base.BaseClass - Found Element By {by.toString()}
2023-11-29 22:11:15,467 [main] INFO  base.BaseClass - Trying to find Element By {by.toString()})
2023-11-29 22:11:15,484 [main] INFO  base.BaseClass - Found Element By {by.toString()}
2023-11-29 22:11:16,016 [main] INFO  base.BaseClass - Trying to find Element By {by.toString()})
2023-11-29 22:11:16,033 [main] INFO  base.BaseClass - Found Element By {by.toString()}
2023-11-29 22:11:16,577 [main] INFO  base.BaseClass - Trying to find Element By {by.toString()})
2023-11-29 22:11:16,592 [main] INFO  base.BaseClass - Found Element By {by.toString()}
2023-11-29 22:11:17,124 [main] INFO  base.BaseClass - Trying to find Element By {by.toString()})
2023-11-29 22:11:17,142 [main] INFO  base.BaseClass - Found Element By {by.toString()}
2023-11-29 22:11:17,680 [main] INFO  base.BaseClass - Trying to find Element By {by.toString()})
2023-11-29 22:11:17,697 [main] INFO  base.BaseClass - Found Element By {by.toString()}
2023-11-29 22:11:18,232 [main] INFO  base.BaseClass - Trying to find Element By {by.toString()})
2023-11-29 22:11:18,251 [main] INFO  base.BaseClass - Found Element By {by.toString()}
2023-11-29 22:11:18,782 [main] INFO  base.BaseClass - Trying to find Element By {by.toString()})
2023-11-29 22:11:18,799 [main] INFO  base.BaseClass - Found Element By {by.toString()}
2023-11-29 22:11:19,335 [main] INFO  base.BaseClass - Trying to find Element By {by.toString()})
2023-11-29 22:11:19,352 [main] INFO  base.BaseClass - Found Element By {by.toString()}
2023-11-29 22:11:19,888 [main] INFO  base.BaseClass - Trying to find Element By {by.toString()})
2023-11-29 22:11:19,906 [main] INFO  base.BaseClass - Found Element By {by.toString()}
TimeoutException occurred: Expected condition failed: waiting for helper.WaitUtility$5@2c4d08b5 (tried for 30 second(s) with 500 milliseconds interval)
Build info: version: '3.141.59', revision: 'e82be7d358', time: '2018-11-14T08:17:03'
System info: host: 'DPLAP166', ip: '137.237.3.153', os.name: 'Windows 10', os.arch: 'amd64', os.version: '10.0', java.version: '19.0.1'
Driver info: org.openqa.selenium.support.events.EventFiringWebDriver
Capabilities {acceptInsecureCerts: true, browserName: chrome, browserVersion: 119.0.6045.200, chrome: {chromedriverVersion: 119.0.6045.105 (38c72552c5e..., userDataDir: C:\Users\dP-PL\AppData\Loca...}, fedcm:accounts: true, goog:chromeOptions: {debuggerAddress: localhost:52174}, javascriptEnabled: true, networkConnectionEnabled: false, pageLoadStrategy: normal, platform: WINDOWS, platformName: WINDOWS, proxy: Proxy(), setWindowRect: true, strictFileInteractability: false, timeouts: {implicit: 0, pageLoad: 300000, script: 30000}, unhandledPromptBehavior: dismiss and notify, webauthn:extension:credBlob: true, webauthn:extension:largeBlob: true, webauthn:extension:minPinLength: true, webauthn:extension:prf: true, webauthn:virtualAuthenticators: true}
Session ID: 9904d8dcdce8f65bcf1cf5b9aa8273f1
2023-11-29 22:11:19,933 [main] ERROR XGLT_15177_Test - Element did not become visible within the specified time: Expected condition failed: waiting for helper.WaitUtility$5@2c4d08b5 (tried for 30 second(s) with 500 milliseconds interval)
Build info: version: '3.141.59', revision: 'e82be7d358', time: '2018-11-14T08:17:03'
System info: host: 'DPLAP166', ip: '137.237.3.153', os.name: 'Windows 10', os.arch: 'amd64', os.version: '10.0', java.version: '19.0.1'
Driver info: org.openqa.selenium.support.events.EventFiringWebDriver
Capabilities {acceptInsecureCerts: true, browserName: chrome, browserVersion: 119.0.6045.200, chrome: {chromedriverVersion: 119.0.6045.105 (38c72552c5e..., userDataDir: C:\Users\dP-PL\AppData\Loca...}, fedcm:accounts: true, goog:chromeOptions: {debuggerAddress: localhost:52174}, javascriptEnabled: true, networkConnectionEnabled: false, pageLoadStrategy: normal, platform: WINDOWS, platformName: WINDOWS, proxy: Proxy(), setWindowRect: true, strictFileInteractability: false, timeouts: {implicit: 0, pageLoad: 300000, script: 30000}, unhandledPromptBehavior: dismiss and notify, webauthn:extension:credBlob: true, webauthn:extension:largeBlob: true, webauthn:extension:minPinLength: true, webauthn:extension:prf: true, webauthn:virtualAuthenticators: true}
Session ID: 9904d8dcdce8f65bcf1cf5b9aa8273f1
2023-11-29 22:11:19,933 [main] INFO  base.BaseClass - Trying to find Element By {by.toString()})
2023-11-29 22:11:19,950 [main] INFO  base.BaseClass - Found Element By {by.toString()}
2023-11-29 22:11:19,950 [main] INFO  base.BaseClass - Trying to click on: {element.toString()}
2023-11-29 22:11:20,034 [main] INFO  base.BaseClass - Clicked on: {element.toString()}
2023-11-29 22:11:20,034 [main] INFO  base.BaseClass - Trying to find Element By {by.toString()})
2023-11-29 22:11:20,049 [main] INFO  base.BaseClass - Found Element By {by.toString()}
TimeoutException occurred: Expected condition failed: waiting for helper.WaitUtility$5@61bbd21a (tried for 30 second(s) with 500 milliseconds interval)
Build info: version: '3.141.59', revision: 'e82be7d358', time: '2018-11-14T08:17:03'
System info: host: 'DPLAP166', ip: '137.237.3.153', os.name: 'Windows 10', os.arch: 'amd64', os.version: '10.0', java.version: '19.0.1'
Driver info: org.openqa.selenium.support.events.EventFiringWebDriver
Capabilities {acceptInsecureCerts: true, browserName: chrome, browserVersion: 119.0.6045.200, chrome: {chromedriverVersion: 119.0.6045.105 (38c72552c5e..., userDataDir: C:\Users\dP-PL\AppData\Loca...}, fedcm:accounts: true, goog:chromeOptions: {debuggerAddress: localhost:52174}, javascriptEnabled: true, networkConnectionEnabled: false, pageLoadStrategy: normal, platform: WINDOWS, platformName: WINDOWS, proxy: Proxy(), setWindowRect: true, strictFileInteractability: false, timeouts: {implicit: 0, pageLoad: 300000, script: 30000}, unhandledPromptBehavior: dismiss and notify, webauthn:extension:credBlob: true, webauthn:extension:largeBlob: true, webauthn:extension:minPinLength: true, webauthn:extension:prf: true, webauthn:virtualAuthenticators: true}
Session ID: 9904d8dcdce8f65bcf1cf5b9aa8273f1
2023-11-29 22:11:50,278 [main] ERROR XGLT_15177_Test - Element did not become visible within the specified time: Expected condition failed: waiting for helper.WaitUtility$5@61bbd21a (tried for 30 second(s) with 500 milliseconds interval)
Build info: version: '3.141.59', revision: 'e82be7d358', time: '2018-11-14T08:17:03'
System info: host: 'DPLAP166', ip: '137.237.3.153', os.name: 'Windows 10', os.arch: 'amd64', os.version: '10.0', java.version: '19.0.1'
Driver info: org.openqa.selenium.support.events.EventFiringWebDriver
Capabilities {acceptInsecureCerts: true, browserName: chrome, browserVersion: 119.0.6045.200, chrome: {chromedriverVersion: 119.0.6045.105 (38c72552c5e..., userDataDir: C:\Users\dP-PL\AppData\Loca...}, fedcm:accounts: true, goog:chromeOptions: {debuggerAddress: localhost:52174}, javascriptEnabled: true, networkConnectionEnabled: false, pageLoadStrategy: normal, platform: WINDOWS, platformName: WINDOWS, proxy: Proxy(), setWindowRect: true, strictFileInteractability: false, timeouts: {implicit: 0, pageLoad: 300000, script: 30000}, unhandledPromptBehavior: dismiss and notify, webauthn:extension:credBlob: true, webauthn:extension:largeBlob: true, webauthn:extension:minPinLength: true, webauthn:extension:prf: true, webauthn:virtualAuthenticators: true}
Session ID: 9904d8dcdce8f65bcf1cf5b9aa8273f1
2023-11-29 22:11:50,278 [main] INFO  base.BaseClass - Trying to click on: {element.toString()}
2023-11-29 22:11:50,368 [main] INFO  base.BaseClass - Clicked on: {element.toString()}
2023-11-29 22:11:50,368 [main] INFO  base.BaseClass - Trying to find Element By {by.toString()})
2023-11-29 22:11:50,384 [main] INFO  base.BaseClass - Found Element By {by.toString()}
2023-11-29 22:11:50,405 [main] INFO  base.BaseClass - Trying to find Element By {by.toString()})
2023-11-29 22:11:50,430 [main] INFO  base.BaseClass - Found Element By {by.toString()}
2023-11-29 22:11:50,958 [main] INFO  base.BaseClass - Trying to find Element By {by.toString()})
2023-11-29 22:11:50,986 [main] INFO  base.BaseClass - Found Element By {by.toString()}
2023-11-29 22:11:51,520 [main] INFO  base.BaseClass - Trying to find Element By {by.toString()})
2023-11-29 22:11:51,551 [main] INFO  base.BaseClass - Found Element By {by.toString()}
2023-11-29 22:11:52,096 [main] INFO  base.BaseClass - Trying to find Element By {by.toString()})
2023-11-29 22:11:52,127 [main] INFO  base.BaseClass - Found Element By {by.toString()}
2023-11-29 22:11:52,659 [main] INFO  base.BaseClass - Trying to find Element By {by.toString()})
2023-11-29 22:11:52,688 [main] INFO  base.BaseClass - Found Element By {by.toString()}
2023-11-29 22:11:53,236 [main] INFO  base.BaseClass - Trying to find Element By {by.toString()})
2023-11-29 22:11:53,266 [main] INFO  base.BaseClass - Found Element By {by.toString()}
2023-11-29 22:11:53,814 [main] INFO  base.BaseClass - Trying to find Element By {by.toString()})
2023-11-29 22:11:53,842 [main] INFO  base.BaseClass - Found Element By {by.toString()}
2023-11-29 22:11:54,389 [main] INFO  base.BaseClass - Trying to find Element By {by.toString()})
2023-11-29 22:11:54,401 [main] INFO  base.BaseClass - Found Element By {by.toString()}
2023-11-29 22:11:54,921 [main] INFO  base.BaseClass - Trying to find Element By {by.toString()})
2023-11-29 22:11:54,951 [main] INFO  base.BaseClass - Found Element By {by.toString()}
2023-11-29 22:11:55,494 [main] INFO  base.BaseClass - Trying to find Element By {by.toString()})
2023-11-29 22:11:55,525 [main] INFO  base.BaseClass - Found Element By {by.toString()}
2023-11-29 22:11:56,088 [main] INFO  base.BaseClass - Trying to find Element By {by.toString()})
2023-11-29 22:11:56,121 [main] INFO  base.BaseClass - Found Element By {by.toString()}
2023-11-29 22:11:56,663 [main] INFO  base.BaseClass - Trying to find Element By {by.toString()})
2023-11-29 22:11:56,692 [main] INFO  base.BaseClass - Found Element By {by.toString()}
2023-11-29 22:11:57,248 [main] INFO  base.BaseClass - Trying to find Element By {by.toString()})
2023-11-29 22:11:57,259 [main] INFO  base.BaseClass - Found Element By {by.toString()}
2023-11-29 22:11:57,794 [main] INFO  base.BaseClass - Trying to find Element By {by.toString()})
2023-11-29 22:11:57,813 [main] INFO  base.BaseClass - Found Element By {by.toString()}
2023-11-29 22:11:58,355 [main] INFO  base.BaseClass - Trying to find Element By {by.toString()})
2023-11-29 22:11:58,373 [main] INFO  base.BaseClass - Found Element By {by.toString()}
2023-11-29 22:11:58,897 [main] INFO  base.BaseClass - Trying to find Element By {by.toString()})
2023-11-29 22:11:58,914 [main] INFO  base.BaseClass - Found Element By {by.toString()}
2023-11-29 22:11:59,448 [main] INFO  base.BaseClass - Trying to find Element By {by.toString()})
2023-11-29 22:11:59,473 [main] INFO  base.BaseClass - Found Element By {by.toString()}
2023-11-29 22:11:59,999 [main] INFO  base.BaseClass - Trying to find Element By {by.toString()})
2023-11-29 22:12:00,015 [main] INFO  base.BaseClass - Found Element By {by.toString()}
2023-11-29 22:12:00,542 [main] INFO  base.BaseClass - Trying to find Element By {by.toString()})
2023-11-29 22:12:00,559 [main] INFO  base.BaseClass - Found Element By {by.toString()}
2023-11-29 22:12:01,090 [main] INFO  base.BaseClass - Trying to find Element By {by.toString()})
2023-11-29 22:12:01,120 [main] INFO  base.BaseClass - Found Element By {by.toString()}
2023-11-29 22:12:01,649 [main] INFO  base.BaseClass - Trying to find Element By {by.toString()})
2023-11-29 22:12:01,675 [main] INFO  base.BaseClass - Found Element By {by.toString()}
2023-11-29 22:12:02,211 [main] INFO  base.BaseClass - Trying to find Element By {by.toString()})
2023-11-29 22:12:02,234 [main] INFO  base.BaseClass - Found Element By {by.toString()}
2023-11-29 22:12:02,776 [main] INFO  base.BaseClass - Trying to find Element By {by.toString()})
2023-11-29 22:12:02,801 [main] INFO  base.BaseClass - Found Element By {by.toString()}
2023-11-29 22:12:03,352 [main] INFO  base.BaseClass - Trying to find Element By {by.toString()})
2023-11-29 22:12:03,380 [main] INFO  base.BaseClass - Found Element By {by.toString()}
2023-11-29 22:12:03,928 [main] INFO  base.BaseClass - Trying to find Element By {by.toString()})
2023-11-29 22:12:03,956 [main] INFO  base.BaseClass - Found Element By {by.toString()}
2023-11-29 22:12:04,504 [main] INFO  base.BaseClass - Trying to find Element By {by.toString()})
2023-11-29 22:12:04,531 [main] INFO  base.BaseClass - Found Element By {by.toString()}
2023-11-29 22:12:05,078 [main] INFO  base.BaseClass - Trying to find Element By {by.toString()})
2023-11-29 22:12:05,109 [main] INFO  base.BaseClass - Found Element By {by.toString()}
2023-11-29 22:12:05,656 [main] INFO  base.BaseClass - Trying to find Element By {by.toString()})
2023-11-29 22:12:05,686 [main] INFO  base.BaseClass - Found Element By {by.toString()}
2023-11-29 22:12:06,230 [main] INFO  base.BaseClass - Trying to find Element By {by.toString()})
2023-11-29 22:12:06,258 [main] INFO  base.BaseClass - Found Element By {by.toString()}
2023-11-29 22:12:06,804 [main] INFO  base.BaseClass - Trying to find Element By {by.toString()})
2023-11-29 22:12:06,833 [main] INFO  base.BaseClass - Found Element By {by.toString()}
2023-11-29 22:12:07,382 [main] INFO  base.BaseClass - Trying to find Element By {by.toString()})
2023-11-29 22:12:07,399 [main] INFO  base.BaseClass - Found Element By {by.toString()}
2023-11-29 22:12:07,930 [main] INFO  base.BaseClass - Trying to find Element By {by.toString()})
2023-11-29 22:12:07,958 [main] INFO  base.BaseClass - Found Element By {by.toString()}
2023-11-29 22:12:08,509 [main] INFO  base.BaseClass - Trying to find Element By {by.toString()})
2023-11-29 22:12:08,541 [main] INFO  base.BaseClass - Found Element By {by.toString()}
2023-11-29 22:12:09,099 [main] INFO  base.BaseClass - Trying to find Element By {by.toString()})
2023-11-29 22:12:09,118 [main] INFO  base.BaseClass - Found Element By {by.toString()}
2023-11-29 22:12:09,650 [main] INFO  base.BaseClass - Trying to find Element By {by.toString()})
2023-11-29 22:12:09,667 [main] INFO  base.BaseClass - Found Element By {by.toString()}
2023-11-29 22:12:10,197 [main] INFO  base.BaseClass - Trying to find Element By {by.toString()})
2023-11-29 22:12:10,223 [main] INFO  base.BaseClass - Found Element By {by.toString()}
2023-11-29 22:12:10,772 [main] INFO  base.BaseClass - Trying to find Element By {by.toString()})
2023-11-29 22:12:10,799 [main] INFO  base.BaseClass - Found Element By {by.toString()}
2023-11-29 22:12:11,348 [main] INFO  base.BaseClass - Trying to find Element By {by.toString()})
2023-11-29 22:12:11,376 [main] INFO  base.BaseClass - Found Element By {by.toString()}
2023-11-29 22:12:11,924 [main] INFO  base.BaseClass - Trying to find Element By {by.toString()})
2023-11-29 22:12:11,953 [main] INFO  base.BaseClass - Found Element By {by.toString()}
2023-11-29 22:12:12,501 [main] INFO  base.BaseClass - Trying to find Element By {by.toString()})
2023-11-29 22:12:12,527 [main] INFO  base.BaseClass - Found Element By {by.toString()}
2023-11-29 22:12:13,076 [main] INFO  base.BaseClass - Trying to find Element By {by.toString()})
2023-11-29 22:12:13,106 [main] INFO  base.BaseClass - Found Element By {by.toString()}
2023-11-29 22:12:13,653 [main] INFO  base.BaseClass - Trying to find Element By {by.toString()})
2023-11-29 22:12:13,682 [main] INFO  base.BaseClass - Found Element By {by.toString()}
2023-11-29 22:12:14,232 [main] INFO  base.BaseClass - Trying to find Element By {by.toString()})
2023-11-29 22:12:14,261 [main] INFO  base.BaseClass - Found Element By {by.toString()}
2023-11-29 22:12:14,812 [main] INFO  base.BaseClass - Trying to find Element By {by.toString()})
2023-11-29 22:12:14,845 [main] INFO  base.BaseClass - Found Element By {by.toString()}
2023-11-29 22:12:15,390 [main] INFO  base.BaseClass - Trying to find Element By {by.toString()})
2023-11-29 22:12:15,416 [main] INFO  base.BaseClass - Found Element By {by.toString()}
2023-11-29 22:12:15,967 [main] INFO  base.BaseClass - Trying to find Element By {by.toString()})
2023-11-29 22:12:15,996 [main] INFO  base.BaseClass - Found Element By {by.toString()}
2023-11-29 22:12:16,558 [main] INFO  base.BaseClass - Trying to find Element By {by.toString()})
2023-11-29 22:12:16,590 [main] INFO  base.BaseClass - Found Element By {by.toString()}
2023-11-29 22:12:17,148 [main] INFO  base.BaseClass - Trying to find Element By {by.toString()})
2023-11-29 22:12:17,179 [main] INFO  base.BaseClass - Found Element By {by.toString()}
2023-11-29 22:12:17,742 [main] INFO  base.BaseClass - Trying to find Element By {by.toString()})
2023-11-29 22:12:17,770 [main] INFO  base.BaseClass - Found Element By {by.toString()}
2023-11-29 22:12:18,320 [main] INFO  base.BaseClass - Trying to find Element By {by.toString()})
2023-11-29 22:12:18,354 [main] INFO  base.BaseClass - Found Element By {by.toString()}
2023-11-29 22:12:18,917 [main] INFO  base.BaseClass - Trying to find Element By {by.toString()})
2023-11-29 22:12:18,939 [main] INFO  base.BaseClass - Found Element By {by.toString()}
2023-11-29 22:12:19,468 [main] INFO  base.BaseClass - Trying to find Element By {by.toString()})
2023-11-29 22:12:19,487 [main] INFO  base.BaseClass - Found Element By {by.toString()}
2023-11-29 22:12:20,016 [main] INFO  base.BaseClass - Trying to find Element By {by.toString()})
2023-11-29 22:12:20,035 [main] INFO  base.BaseClass - Found Element By {by.toString()}
2023-11-29 22:12:20,570 [main] INFO  base.BaseClass - Trying to find Element By {by.toString()})
2023-11-29 22:12:20,589 [main] INFO  base.BaseClass - Found Element By {by.toString()}
TimeoutException occurred: Expected condition failed: waiting for helper.WaitUtility$5@69fcc1fc (tried for 30 second(s) with 500 milliseconds interval)
Build info: version: '3.141.59', revision: 'e82be7d358', time: '2018-11-14T08:17:03'
System info: host: 'DPLAP166', ip: '137.237.3.153', os.name: 'Windows 10', os.arch: 'amd64', os.version: '10.0', java.version: '19.0.1'
Driver info: org.openqa.selenium.support.events.EventFiringWebDriver
Capabilities {acceptInsecureCerts: true, browserName: chrome, browserVersion: 119.0.6045.200, chrome: {chromedriverVersion: 119.0.6045.105 (38c72552c5e..., userDataDir: C:\Users\dP-PL\AppData\Loca...}, fedcm:accounts: true, goog:chromeOptions: {debuggerAddress: localhost:52174}, javascriptEnabled: true, networkConnectionEnabled: false, pageLoadStrategy: normal, platform: WINDOWS, platformName: WINDOWS, proxy: Proxy(), setWindowRect: true, strictFileInteractability: false, timeouts: {implicit: 0, pageLoad: 300000, script: 30000}, unhandledPromptBehavior: dismiss and notify, webauthn:extension:credBlob: true, webauthn:extension:largeBlob: true, webauthn:extension:minPinLength: true, webauthn:extension:prf: true, webauthn:virtualAuthenticators: true}
Session ID: 9904d8dcdce8f65bcf1cf5b9aa8273f1
2023-11-29 22:12:20,614 [main] ERROR XGLT_15177_Test - Element did not become visible within the specified time: Expected condition failed: waiting for helper.WaitUtility$5@69fcc1fc (tried for 30 second(s) with 500 milliseconds interval)
Build info: version: '3.141.59', revision: 'e82be7d358', time: '2018-11-14T08:17:03'
System info: host: 'DPLAP166', ip: '137.237.3.153', os.name: 'Windows 10', os.arch: 'amd64', os.version: '10.0', java.version: '19.0.1'
Driver info: org.openqa.selenium.support.events.EventFiringWebDriver
Capabilities {acceptInsecureCerts: true, browserName: chrome, browserVersion: 119.0.6045.200, chrome: {chromedriverVersion: 119.0.6045.105 (38c72552c5e..., userDataDir: C:\Users\dP-PL\AppData\Loca...}, fedcm:accounts: true, goog:chromeOptions: {debuggerAddress: localhost:52174}, javascriptEnabled: true, networkConnectionEnabled: false, pageLoadStrategy: normal, platform: WINDOWS, platformName: WINDOWS, proxy: Proxy(), setWindowRect: true, strictFileInteractability: false, timeouts: {implicit: 0, pageLoad: 300000, script: 30000}, unhandledPromptBehavior: dismiss and notify, webauthn:extension:credBlob: true, webauthn:extension:largeBlob: true, webauthn:extension:minPinLength: true, webauthn:extension:prf: true, webauthn:virtualAuthenticators: true}
Session ID: 9904d8dcdce8f65bcf1cf5b9aa8273f1
2023-11-29 22:12:20,614 [main] INFO  base.BaseClass - Trying to find Element By {by.toString()})
2023-11-29 22:12:20,630 [main] INFO  base.BaseClass - Found Element By {by.toString()}
2023-11-29 22:12:20,630 [main] INFO  base.BaseClass - Trying to click on: {element.toString()}
2023-11-29 22:12:20,740 [main] INFO  base.BaseClass - Clicked on: {element.toString()}
2023-11-29 22:12:20,740 [main] INFO  base.BaseClass - Trying to find Element By {by.toString()})
2023-11-29 22:12:20,757 [main] INFO  base.BaseClass - Found Element By {by.toString()}
TimeoutException occurred: Expected condition failed: waiting for helper.WaitUtility$5@5815e3ca (tried for 30 second(s) with 500 milliseconds interval)
Build info: version: '3.141.59', revision: 'e82be7d358', time: '2018-11-14T08:17:03'
System info: host: 'DPLAP166', ip: '137.237.3.153', os.name: 'Windows 10', os.arch: 'amd64', os.version: '10.0', java.version: '19.0.1'
Driver info: org.openqa.selenium.support.events.EventFiringWebDriver
Capabilities {acceptInsecureCerts: true, browserName: chrome, browserVersion: 119.0.6045.200, chrome: {chromedriverVersion: 119.0.6045.105 (38c72552c5e..., userDataDir: C:\Users\dP-PL\AppData\Loca...}, fedcm:accounts: true, goog:chromeOptions: {debuggerAddress: localhost:52174}, javascriptEnabled: true, networkConnectionEnabled: false, pageLoadStrategy: normal, platform: WINDOWS, platformName: WINDOWS, proxy: Proxy(), setWindowRect: true, strictFileInteractability: false, timeouts: {implicit: 0, pageLoad: 300000, script: 30000}, unhandledPromptBehavior: dismiss and notify, webauthn:extension:credBlob: true, webauthn:extension:largeBlob: true, webauthn:extension:minPinLength: true, webauthn:extension:prf: true, webauthn:virtualAuthenticators: true}
Session ID: 9904d8dcdce8f65bcf1cf5b9aa8273f1
2023-11-29 22:12:50,914 [main] ERROR XGLT_15177_Test - Element did not become visible within the specified time: Expected condition failed: waiting for helper.WaitUtility$5@5815e3ca (tried for 30 second(s) with 500 milliseconds interval)
Build info: version: '3.141.59', revision: 'e82be7d358', time: '2018-11-14T08:17:03'
System info: host: 'DPLAP166', ip: '137.237.3.153', os.name: 'Windows 10', os.arch: 'amd64', os.version: '10.0', java.version: '19.0.1'
Driver info: org.openqa.selenium.support.events.EventFiringWebDriver
Capabilities {acceptInsecureCerts: true, browserName: chrome, browserVersion: 119.0.6045.200, chrome: {chromedriverVersion: 119.0.6045.105 (38c72552c5e..., userDataDir: C:\Users\dP-PL\AppData\Loca...}, fedcm:accounts: true, goog:chromeOptions: {debuggerAddress: localhost:52174}, javascriptEnabled: true, networkConnectionEnabled: false, pageLoadStrategy: normal, platform: WINDOWS, platformName: WINDOWS, proxy: Proxy(), setWindowRect: true, strictFileInteractability: false, timeouts: {implicit: 0, pageLoad: 300000, script: 30000}, unhandledPromptBehavior: dismiss and notify, webauthn:extension:credBlob: true, webauthn:extension:largeBlob: true, webauthn:extension:minPinLength: true, webauthn:extension:prf: true, webauthn:virtualAuthenticators: true}
Session ID: 9904d8dcdce8f65bcf1cf5b9aa8273f1
2023-11-29 22:12:50,914 [main] INFO  base.BaseClass - Trying to click on: {element.toString()}
2023-11-29 22:12:50,997 [main] INFO  base.BaseClass - Clicked on: {element.toString()}
TimeoutException occurred: Expected condition failed: waiting for helper.WaitUtility$5@3ffacb2d (tried for 30 second(s) with 500 milliseconds interval)
Build info: version: '3.141.59', revision: 'e82be7d358', time: '2018-11-14T08:17:03'
System info: host: 'DPLAP166', ip: '137.237.3.153', os.name: 'Windows 10', os.arch: 'amd64', os.version: '10.0', java.version: '19.0.1'
Driver info: org.openqa.selenium.support.events.EventFiringWebDriver
Capabilities {acceptInsecureCerts: true, browserName: chrome, browserVersion: 119.0.6045.200, chrome: {chromedriverVersion: 119.0.6045.105 (38c72552c5e..., userDataDir: C:\Users\dP-PL\AppData\Loca...}, fedcm:accounts: true, goog:chromeOptions: {debuggerAddress: localhost:52174}, javascriptEnabled: true, networkConnectionEnabled: false, pageLoadStrategy: normal, platform: WINDOWS, platformName: WINDOWS, proxy: Proxy(), setWindowRect: true, strictFileInteractability: false, timeouts: {implicit: 0, pageLoad: 300000, script: 30000}, unhandledPromptBehavior: dismiss and notify, webauthn:extension:credBlob: true, webauthn:extension:largeBlob: true, webauthn:extension:minPinLength: true, webauthn:extension:prf: true, webauthn:virtualAuthenticators: true}
Session ID: 9904d8dcdce8f65bcf1cf5b9aa8273f1
2023-11-29 22:13:21,466 [main] ERROR XGLT_15177_Test - Element did not become visible within the specified time: Expected condition failed: waiting for helper.WaitUtility$5@3ffacb2d (tried for 30 second(s) with 500 milliseconds interval)
Build info: version: '3.141.59', revision: 'e82be7d358', time: '2018-11-14T08:17:03'
System info: host: 'DPLAP166', ip: '137.237.3.153', os.name: 'Windows 10', os.arch: 'amd64', os.version: '10.0', java.version: '19.0.1'
Driver info: org.openqa.selenium.support.events.EventFiringWebDriver
Capabilities {acceptInsecureCerts: true, browserName: chrome, browserVersion: 119.0.6045.200, chrome: {chromedriverVersion: 119.0.6045.105 (38c72552c5e..., userDataDir: C:\Users\dP-PL\AppData\Loca...}, fedcm:accounts: true, goog:chromeOptions: {debuggerAddress: localhost:52174}, javascriptEnabled: true, networkConnectionEnabled: false, pageLoadStrategy: normal, platform: WINDOWS, platformName: WINDOWS, proxy: Proxy(), setWindowRect: true, strictFileInteractability: false, timeouts: {implicit: 0, pageLoad: 300000, script: 30000}, unhandledPromptBehavior: dismiss and notify, webauthn:extension:credBlob: true, webauthn:extension:largeBlob: true, webauthn:extension:minPinLength: true, webauthn:extension:prf: true, webauthn:virtualAuthenticators: true}
Session ID: 9904d8dcdce8f65bcf1cf5b9aa8273f1
2023-11-29 22:13:21,466 [main] INFO  base.BaseClass - Trying to click on: {element.toString()}
2023-11-29 22:13:21,578 [main] INFO  base.BaseClass - Clicked on: {element.toString()}
2023-11-29 22:13:21,578 [main] INFO  base.BaseClass - Trying to find Element By {by.toString()})
2023-11-29 22:13:21,593 [main] INFO  base.BaseClass - Found Element By {by.toString()}
TimeoutException occurred: Expected condition failed: waiting for helper.WaitUtility$5@64652240 (tried for 30 second(s) with 500 milliseconds interval)
Build info: version: '3.141.59', revision: 'e82be7d358', time: '2018-11-14T08:17:03'
System info: host: 'DPLAP166', ip: '137.237.3.153', os.name: 'Windows 10', os.arch: 'amd64', os.version: '10.0', java.version: '19.0.1'
Driver info: org.openqa.selenium.support.events.EventFiringWebDriver
Capabilities {acceptInsecureCerts: true, browserName: chrome, browserVersion: 119.0.6045.200, chrome: {chromedriverVersion: 119.0.6045.105 (38c72552c5e..., userDataDir: C:\Users\dP-PL\AppData\Loca...}, fedcm:accounts: true, goog:chromeOptions: {debuggerAddress: localhost:52174}, javascriptEnabled: true, networkConnectionEnabled: false, pageLoadStrategy: normal, platform: WINDOWS, platformName: WINDOWS, proxy: Proxy(), setWindowRect: true, strictFileInteractability: false, timeouts: {implicit: 0, pageLoad: 300000, script: 30000}, unhandledPromptBehavior: dismiss and notify, webauthn:extension:credBlob: true, webauthn:extension:largeBlob: true, webauthn:extension:minPinLength: true, webauthn:extension:prf: true, webauthn:virtualAuthenticators: true}
Session ID: 9904d8dcdce8f65bcf1cf5b9aa8273f1
2023-11-29 22:13:51,689 [main] ERROR XGLT_15177_Test - Element did not become visible within the specified time: Expected condition failed: waiting for helper.WaitUtility$5@64652240 (tried for 30 second(s) with 500 milliseconds interval)
Build info: version: '3.141.59', revision: 'e82be7d358', time: '2018-11-14T08:17:03'
System info: host: 'DPLAP166', ip: '137.237.3.153', os.name: 'Windows 10', os.arch: 'amd64', os.version: '10.0', java.version: '19.0.1'
Driver info: org.openqa.selenium.support.events.EventFiringWebDriver
Capabilities {acceptInsecureCerts: true, browserName: chrome, browserVersion: 119.0.6045.200, chrome: {chromedriverVersion: 119.0.6045.105 (38c72552c5e..., userDataDir: C:\Users\dP-PL\AppData\Loca...}, fedcm:accounts: true, goog:chromeOptions: {debuggerAddress: localhost:52174}, javascriptEnabled: true, networkConnectionEnabled: false, pageLoadStrategy: normal, platform: WINDOWS, platformName: WINDOWS, proxy: Proxy(), setWindowRect: true, strictFileInteractability: false, timeouts: {implicit: 0, pageLoad: 300000, script: 30000}, unhandledPromptBehavior: dismiss and notify, webauthn:extension:credBlob: true, webauthn:extension:largeBlob: true, webauthn:extension:minPinLength: true, webauthn:extension:prf: true, webauthn:virtualAuthenticators: true}
Session ID: 9904d8dcdce8f65bcf1cf5b9aa8273f1
2023-11-29 22:13:51,690 [main] INFO  base.BaseClass - Trying to click on: {element.toString()}
2023-11-29 22:13:51,847 [main] INFO  base.BaseClass - Clicked on: {element.toString()}
2023-11-29 22:13:51,848 [main] INFO  base.BaseClass - Trying to find Element By {by.toString()})
2023-11-29 22:13:51,864 [main] INFO  base.BaseClass - Found Element By {by.toString()}
TimeoutException occurred: Expected condition failed: waiting for helper.WaitUtility$5@3a3478b3 (tried for 30 second(s) with 500 milliseconds interval)
Build info: version: '3.141.59', revision: 'e82be7d358', time: '2018-11-14T08:17:03'
System info: host: 'DPLAP166', ip: '137.237.3.153', os.name: 'Windows 10', os.arch: 'amd64', os.version: '10.0', java.version: '19.0.1'
Driver info: org.openqa.selenium.support.events.EventFiringWebDriver
Capabilities {acceptInsecureCerts: true, browserName: chrome, browserVersion: 119.0.6045.200, chrome: {chromedriverVersion: 119.0.6045.105 (38c72552c5e..., userDataDir: C:\Users\dP-PL\AppData\Loca...}, fedcm:accounts: true, goog:chromeOptions: {debuggerAddress: localhost:52174}, javascriptEnabled: true, networkConnectionEnabled: false, pageLoadStrategy: normal, platform: WINDOWS, platformName: WINDOWS, proxy: Proxy(), setWindowRect: true, strictFileInteractability: false, timeouts: {implicit: 0, pageLoad: 300000, script: 30000}, unhandledPromptBehavior: dismiss and notify, webauthn:extension:credBlob: true, webauthn:extension:largeBlob: true, webauthn:extension:minPinLength: true, webauthn:extension:prf: true, webauthn:virtualAuthenticators: true}
Session ID: 9904d8dcdce8f65bcf1cf5b9aa8273f1
2023-11-29 22:14:21,865 [main] ERROR XGLT_15177_Test - Element did not become visible within the specified time: Expected condition failed: waiting for helper.WaitUtility$5@3a3478b3 (tried for 30 second(s) with 500 milliseconds interval)
Build info: version: '3.141.59', revision: 'e82be7d358', time: '2018-11-14T08:17:03'
System info: host: 'DPLAP166', ip: '137.237.3.153', os.name: 'Windows 10', os.arch: 'amd64', os.version: '10.0', java.version: '19.0.1'
Driver info: org.openqa.selenium.support.events.EventFiringWebDriver
Capabilities {acceptInsecureCerts: true, browserName: chrome, browserVersion: 119.0.6045.200, chrome: {chromedriverVersion: 119.0.6045.105 (38c72552c5e..., userDataDir: C:\Users\dP-PL\AppData\Loca...}, fedcm:accounts: true, goog:chromeOptions: {debuggerAddress: localhost:52174}, javascriptEnabled: true, networkConnectionEnabled: false, pageLoadStrategy: normal, platform: WINDOWS, platformName: WINDOWS, proxy: Proxy(), setWindowRect: true, strictFileInteractability: false, timeouts: {implicit: 0, pageLoad: 300000, script: 30000}, unhandledPromptBehavior: dismiss and notify, webauthn:extension:credBlob: true, webauthn:extension:largeBlob: true, webauthn:extension:minPinLength: true, webauthn:extension:prf: true, webauthn:virtualAuthenticators: true}
Session ID: 9904d8dcdce8f65bcf1cf5b9aa8273f1
2023-11-29 22:14:21,865 [main] INFO  base.BaseClass - Trying to click on: {element.toString()}
2023-11-29 22:14:21,969 [main] INFO  base.BaseClass - Clicked on: {element.toString()}
2023-11-29 22:14:21,969 [main] INFO  base.BaseClass - Trying to find Element By {by.toString()})
2023-11-29 22:14:21,992 [main] INFO  base.BaseClass - Found Element By {by.toString()}
2023-11-29 22:14:22,520 [main] INFO  base.BaseClass - Trying to find Element By {by.toString()})
2023-11-29 22:14:22,548 [main] INFO  base.BaseClass - Found Element By {by.toString()}
2023-11-29 22:14:23,099 [main] INFO  base.BaseClass - Trying to find Element By {by.toString()})
2023-11-29 22:14:23,126 [main] INFO  base.BaseClass - Found Element By {by.toString()}
2023-11-29 22:14:23,676 [main] INFO  base.BaseClass - Trying to find Element By {by.toString()})
2023-11-29 22:14:23,704 [main] INFO  base.BaseClass - Found Element By {by.toString()}
2023-11-29 22:14:24,254 [main] INFO  base.BaseClass - Trying to find Element By {by.toString()})
2023-11-29 22:14:24,280 [main] INFO  base.BaseClass - Found Element By {by.toString()}
2023-11-29 22:14:24,815 [main] INFO  base.BaseClass - Trying to find Element By {by.toString()})
2023-11-29 22:14:24,840 [main] INFO  base.BaseClass - Found Element By {by.toString()}
2023-11-29 22:14:25,379 [main] INFO  base.BaseClass - Trying to find Element By {by.toString()})
2023-11-29 22:14:25,404 [main] INFO  base.BaseClass - Found Element By {by.toString()}
2023-11-29 22:14:25,942 [main] INFO  base.BaseClass - Trying to find Element By {by.toString()})
2023-11-29 22:14:25,967 [main] INFO  base.BaseClass - Found Element By {by.toString()}
2023-11-29 22:14:26,519 [main] INFO  base.BaseClass - Trying to find Element By {by.toString()})
2023-11-29 22:14:26,545 [main] INFO  base.BaseClass - Found Element By {by.toString()}
2023-11-29 22:14:27,084 [main] INFO  base.BaseClass - Trying to find Element By {by.toString()})
2023-11-29 22:14:27,109 [main] INFO  base.BaseClass - Found Element By {by.toString()}
2023-11-29 22:14:27,658 [main] INFO  base.BaseClass - Trying to find Element By {by.toString()})
2023-11-29 22:14:27,683 [main] INFO  base.BaseClass - Found Element By {by.toString()}
2023-11-29 22:14:28,221 [main] INFO  base.BaseClass - Trying to find Element By {by.toString()})
2023-11-29 22:14:28,246 [main] INFO  base.BaseClass - Found Element By {by.toString()}
2023-11-29 22:14:28,787 [main] INFO  base.BaseClass - Trying to find Element By {by.toString()})
2023-11-29 22:14:28,813 [main] INFO  base.BaseClass - Found Element By {by.toString()}
2023-11-29 22:14:30,402 [main] INFO  base.BaseClass - Trying to find Element By {by.toString()})
2023-11-29 22:14:30,428 [main] INFO  base.BaseClass - Found Element By {by.toString()}
2023-11-29 22:14:30,979 [main] INFO  base.BaseClass - Trying to find Element By {by.toString()})
2023-11-29 22:14:31,006 [main] INFO  base.BaseClass - Found Element By {by.toString()}
2023-11-29 22:14:31,544 [main] INFO  base.BaseClass - Trying to find Element By {by.toString()})
2023-11-29 22:14:31,570 [main] INFO  base.BaseClass - Found Element By {by.toString()}
2023-11-29 22:14:32,122 [main] INFO  base.BaseClass - Trying to find Element By {by.toString()})
2023-11-29 22:14:32,149 [main] INFO  base.BaseClass - Found Element By {by.toString()}
2023-11-29 22:14:32,683 [main] INFO  base.BaseClass - Trying to find Element By {by.toString()})
2023-11-29 22:14:32,709 [main] INFO  base.BaseClass - Found Element By {by.toString()}
2023-11-29 22:14:33,245 [main] INFO  base.BaseClass - Trying to find Element By {by.toString()})
2023-11-29 22:14:33,270 [main] INFO  base.BaseClass - Found Element By {by.toString()}
2023-11-29 22:14:33,807 [main] INFO  base.BaseClass - Trying to find Element By {by.toString()})
2023-11-29 22:14:33,831 [main] INFO  base.BaseClass - Found Element By {by.toString()}
2023-11-29 22:14:34,373 [main] INFO  base.BaseClass - Trying to find Element By {by.toString()})
2023-11-29 22:14:34,400 [main] INFO  base.BaseClass - Found Element By {by.toString()}
2023-11-29 22:14:34,937 [main] INFO  base.BaseClass - Trying to find Element By {by.toString()})
2023-11-29 22:14:34,962 [main] INFO  base.BaseClass - Found Element By {by.toString()}
2023-11-29 22:14:35,498 [main] INFO  base.BaseClass - Trying to find Element By {by.toString()})
2023-11-29 22:14:35,525 [main] INFO  base.BaseClass - Found Element By {by.toString()}
2023-11-29 22:14:36,073 [main] INFO  base.BaseClass - Trying to find Element By {by.toString()})
2023-11-29 22:14:36,100 [main] INFO  base.BaseClass - Found Element By {by.toString()}
2023-11-29 22:14:36,639 [main] INFO  base.BaseClass - Trying to find Element By {by.toString()})
2023-11-29 22:14:36,666 [main] INFO  base.BaseClass - Found Element By {by.toString()}
2023-11-29 22:14:37,217 [main] INFO  base.BaseClass - Trying to find Element By {by.toString()})
2023-11-29 22:14:37,243 [main] INFO  base.BaseClass - Found Element By {by.toString()}
2023-11-29 22:14:37,784 [main] INFO  base.BaseClass - Trying to find Element By {by.toString()})
2023-11-29 22:14:37,809 [main] INFO  base.BaseClass - Found Element By {by.toString()}
2023-11-29 22:14:38,360 [main] INFO  base.BaseClass - Trying to find Element By {by.toString()})
2023-11-29 22:14:38,385 [main] INFO  base.BaseClass - Found Element By {by.toString()}
2023-11-29 22:14:38,927 [main] INFO  base.BaseClass - Trying to find Element By {by.toString()})
2023-11-29 22:14:38,953 [main] INFO  base.BaseClass - Found Element By {by.toString()}
2023-11-29 22:14:39,491 [main] INFO  base.BaseClass - Trying to find Element By {by.toString()})
2023-11-29 22:14:39,515 [main] INFO  base.BaseClass - Found Element By {by.toString()}
2023-11-29 22:14:40,055 [main] INFO  base.BaseClass - Trying to find Element By {by.toString()})
2023-11-29 22:14:40,080 [main] INFO  base.BaseClass - Found Element By {by.toString()}
2023-11-29 22:14:40,615 [main] INFO  base.BaseClass - Trying to find Element By {by.toString()})
2023-11-29 22:14:40,641 [main] INFO  base.BaseClass - Found Element By {by.toString()}
2023-11-29 22:14:41,199 [main] INFO  base.BaseClass - Trying to find Element By {by.toString()})
2023-11-29 22:14:41,223 [main] INFO  base.BaseClass - Found Element By {by.toString()}
2023-11-29 22:14:41,764 [main] INFO  base.BaseClass - Trying to find Element By {by.toString()})
2023-11-29 22:14:41,791 [main] INFO  base.BaseClass - Found Element By {by.toString()}
2023-11-29 22:14:42,339 [main] INFO  base.BaseClass - Trying to find Element By {by.toString()})
2023-11-29 22:14:42,363 [main] INFO  base.BaseClass - Found Element By {by.toString()}
2023-11-29 22:14:42,908 [main] INFO  base.BaseClass - Trying to find Element By {by.toString()})
2023-11-29 22:14:42,933 [main] INFO  base.BaseClass - Found Element By {by.toString()}
2023-11-29 22:14:43,469 [main] INFO  base.BaseClass - Trying to find Element By {by.toString()})
2023-11-29 22:14:43,494 [main] INFO  base.BaseClass - Found Element By {by.toString()}
2023-11-29 22:14:44,040 [main] INFO  base.BaseClass - Trying to find Element By {by.toString()})
2023-11-29 22:14:44,066 [main] INFO  base.BaseClass - Found Element By {by.toString()}
2023-11-29 22:14:44,602 [main] INFO  base.BaseClass - Trying to find Element By {by.toString()})
2023-11-29 22:14:44,627 [main] INFO  base.BaseClass - Found Element By {by.toString()}
2023-11-29 22:14:45,164 [main] INFO  base.BaseClass - Trying to find Element By {by.toString()})
2023-11-29 22:14:45,189 [main] INFO  base.BaseClass - Found Element By {by.toString()}
2023-11-29 22:14:45,739 [main] INFO  base.BaseClass - Trying to find Element By {by.toString()})
2023-11-29 22:14:45,763 [main] INFO  base.BaseClass - Found Element By {by.toString()}
2023-11-29 22:14:46,303 [main] INFO  base.BaseClass - Trying to find Element By {by.toString()})
2023-11-29 22:14:46,329 [main] INFO  base.BaseClass - Found Element By {by.toString()}
2023-11-29 22:14:46,880 [main] INFO  base.BaseClass - Trying to find Element By {by.toString()})
2023-11-29 22:14:46,981 [main] INFO  base.BaseClass - Found Element By {by.toString()}
2023-11-29 22:14:47,534 [main] INFO  base.BaseClass - Trying to find Element By {by.toString()})
2023-11-29 22:14:47,561 [main] INFO  base.BaseClass - Found Element By {by.toString()}
2023-11-29 22:14:48,112 [main] INFO  base.BaseClass - Trying to find Element By {by.toString()})
2023-11-29 22:14:48,142 [main] INFO  base.BaseClass - Found Element By {by.toString()}
2023-11-29 22:14:48,691 [main] INFO  base.BaseClass - Trying to find Element By {by.toString()})
2023-11-29 22:14:48,717 [main] INFO  base.BaseClass - Found Element By {by.toString()}
2023-11-29 22:14:49,258 [main] INFO  base.BaseClass - Trying to find Element By {by.toString()})
2023-11-29 22:14:49,284 [main] INFO  base.BaseClass - Found Element By {by.toString()}
2023-11-29 22:14:49,823 [main] INFO  base.BaseClass - Trying to find Element By {by.toString()})
2023-11-29 22:14:49,849 [main] INFO  base.BaseClass - Found Element By {by.toString()}
2023-11-29 22:14:50,388 [main] INFO  base.BaseClass - Trying to find Element By {by.toString()})
2023-11-29 22:14:50,414 [main] INFO  base.BaseClass - Found Element By {by.toString()}
2023-11-29 22:14:50,965 [main] INFO  base.BaseClass - Trying to find Element By {by.toString()})
2023-11-29 22:14:50,994 [main] INFO  base.BaseClass - Found Element By {by.toString()}
2023-11-29 22:14:51,541 [main] INFO  base.BaseClass - Trying to find Element By {by.toString()})
2023-11-29 22:14:51,568 [main] INFO  base.BaseClass - Found Element By {by.toString()}
2023-11-29 22:14:52,121 [main] INFO  base.BaseClass - Trying to find Element By {by.toString()})
2023-11-29 22:14:52,150 [main] INFO  base.BaseClass - Found Element By {by.toString()}
TimeoutException occurred: Expected condition failed: waiting for helper.WaitUtility$5@574ffc0 (tried for 30 second(s) with 500 milliseconds interval)
Build info: version: '3.141.59', revision: 'e82be7d358', time: '2018-11-14T08:17:03'
System info: host: 'DPLAP166', ip: '137.237.3.153', os.name: 'Windows 10', os.arch: 'amd64', os.version: '10.0', java.version: '19.0.1'
Driver info: org.openqa.selenium.support.events.EventFiringWebDriver
Capabilities {acceptInsecureCerts: true, browserName: chrome, browserVersion: 119.0.6045.200, chrome: {chromedriverVersion: 119.0.6045.105 (38c72552c5e..., userDataDir: C:\Users\dP-PL\AppData\Loca...}, fedcm:accounts: true, goog:chromeOptions: {debuggerAddress: localhost:52174}, javascriptEnabled: true, networkConnectionEnabled: false, pageLoadStrategy: normal, platform: WINDOWS, platformName: WINDOWS, proxy: Proxy(), setWindowRect: true, strictFileInteractability: false, timeouts: {implicit: 0, pageLoad: 300000, script: 30000}, unhandledPromptBehavior: dismiss and notify, webauthn:extension:credBlob: true, webauthn:extension:largeBlob: true, webauthn:extension:minPinLength: true, webauthn:extension:prf: true, webauthn:virtualAuthenticators: true}
Session ID: 9904d8dcdce8f65bcf1cf5b9aa8273f1
2023-11-29 22:14:52,189 [main] ERROR XGLT_15177_Test - Element did not become visible within the specified time: Expected condition failed: waiting for helper.WaitUtility$5@574ffc0 (tried for 30 second(s) with 500 milliseconds interval)
Build info: version: '3.141.59', revision: 'e82be7d358', time: '2018-11-14T08:17:03'
System info: host: 'DPLAP166', ip: '137.237.3.153', os.name: 'Windows 10', os.arch: 'amd64', os.version: '10.0', java.version: '19.0.1'
Driver info: org.openqa.selenium.support.events.EventFiringWebDriver
Capabilities {acceptInsecureCerts: true, browserName: chrome, browserVersion: 119.0.6045.200, chrome: {chromedriverVersion: 119.0.6045.105 (38c72552c5e..., userDataDir: C:\Users\dP-PL\AppData\Loca...}, fedcm:accounts: true, goog:chromeOptions: {debuggerAddress: localhost:52174}, javascriptEnabled: true, networkConnectionEnabled: false, pageLoadStrategy: normal, platform: WINDOWS, platformName: WINDOWS, proxy: Proxy(), setWindowRect: true, strictFileInteractability: false, timeouts: {implicit: 0, pageLoad: 300000, script: 30000}, unhandledPromptBehavior: dismiss and notify, webauthn:extension:credBlob: true, webauthn:extension:largeBlob: true, webauthn:extension:minPinLength: true, webauthn:extension:prf: true, webauthn:virtualAuthenticators: true}
Session ID: 9904d8dcdce8f65bcf1cf5b9aa8273f1
2023-11-29 22:14:52,189 [main] INFO  base.BaseClass - Trying to find Element By {by.toString()})
2023-11-29 22:14:52,214 [main] INFO  base.BaseClass - Found Element By {by.toString()}
2023-11-29 22:14:52,214 [main] INFO  base.BaseClass - Trying to click on: {element.toString()}
2023-11-29 22:14:52,315 [main] INFO  base.BaseClass - Clicked on: {element.toString()}
2023-11-29 22:14:52,315 [main] INFO  base.BaseClass - Trying to find Element By {by.toString()})
2023-11-29 22:14:52,330 [main] INFO  base.BaseClass - Found Element By {by.toString()}
2023-11-29 22:14:52,840 [main] INFO  base.BaseClass - Trying to find Element By {by.toString()})
2023-11-29 22:14:52,870 [main] INFO  base.BaseClass - Found Element By {by.toString()}
2023-11-29 22:14:53,399 [main] INFO  base.BaseClass - Trying to find Element By {by.toString()})
2023-11-29 22:14:53,428 [main] INFO  base.BaseClass - Found Element By {by.toString()}
2023-11-29 22:14:53,962 [main] INFO  base.BaseClass - Trying to find Element By {by.toString()})
2023-11-29 22:14:53,991 [main] INFO  base.BaseClass - Found Element By {by.toString()}
2023-11-29 22:14:54,523 [main] INFO  base.BaseClass - Trying to find Element By {by.toString()})
2023-11-29 22:14:54,551 [main] INFO  base.BaseClass - Found Element By {by.toString()}
2023-11-29 22:14:55,086 [main] INFO  base.BaseClass - Trying to find Element By {by.toString()})
2023-11-29 22:14:55,113 [main] INFO  base.BaseClass - Found Element By {by.toString()}
2023-11-29 22:14:55,651 [main] INFO  base.BaseClass - Trying to find Element By {by.toString()})
2023-11-29 22:14:55,679 [main] INFO  base.BaseClass - Found Element By {by.toString()}
2023-11-29 22:14:56,200 [main] INFO  base.BaseClass - Trying to find Element By {by.toString()})
2023-11-29 22:14:56,229 [main] INFO  base.BaseClass - Found Element By {by.toString()}
2023-11-29 22:14:56,760 [main] INFO  base.BaseClass - Trying to find Element By {by.toString()})
2023-11-29 22:14:56,789 [main] INFO  base.BaseClass - Found Element By {by.toString()}
2023-11-29 22:14:57,323 [main] INFO  base.BaseClass - Trying to find Element By {by.toString()})
2023-11-29 22:14:57,376 [main] INFO  base.BaseClass - Found Element By {by.toString()}
2023-11-29 22:14:57,903 [main] INFO  base.BaseClass - Trying to find Element By {by.toString()})
2023-11-29 22:14:57,933 [main] INFO  base.BaseClass - Found Element By {by.toString()}
2023-11-29 22:14:58,466 [main] INFO  base.BaseClass - Trying to find Element By {by.toString()})
2023-11-29 22:14:58,495 [main] INFO  base.BaseClass - Found Element By {by.toString()}
2023-11-29 22:14:58,524 [main] INFO  base.BaseClass - Trying to find Element By {by.toString()})
2023-11-29 22:14:58,564 [main] INFO  base.BaseClass - Found Element By {by.toString()}
2023-11-29 22:14:59,092 [main] INFO  base.BaseClass - Trying to find Element By {by.toString()})
2023-11-29 22:14:59,121 [main] INFO  base.BaseClass - Found Element By {by.toString()}
2023-11-29 22:14:59,653 [main] INFO  base.BaseClass - Trying to find Element By {by.toString()})
2023-11-29 22:14:59,680 [main] INFO  base.BaseClass - Found Element By {by.toString()}
2023-11-29 22:15:00,204 [main] INFO  base.BaseClass - Trying to find Element By {by.toString()})
2023-11-29 22:15:00,231 [main] INFO  base.BaseClass - Found Element By {by.toString()}
2023-11-29 22:15:00,767 [main] INFO  base.BaseClass - Trying to find Element By {by.toString()})
2023-11-29 22:15:00,794 [main] INFO  base.BaseClass - Found Element By {by.toString()}
2023-11-29 22:15:01,320 [main] INFO  base.BaseClass - Trying to find Element By {by.toString()})
2023-11-29 22:15:01,339 [main] INFO  base.BaseClass - Found Element By {by.toString()}
2023-11-29 22:15:01,855 [main] INFO  base.BaseClass - Trying to find Element By {by.toString()})
2023-11-29 22:15:01,875 [main] INFO  base.BaseClass - Found Element By {by.toString()}
2023-11-29 22:15:02,391 [main] INFO  base.BaseClass - Trying to find Element By {by.toString()})
2023-11-29 22:15:02,405 [main] INFO  base.BaseClass - Found Element By {by.toString()}
2023-11-29 22:15:02,920 [main] INFO  base.BaseClass - Trying to find Element By {by.toString()})
2023-11-29 22:15:02,947 [main] INFO  base.BaseClass - Found Element By {by.toString()}
2023-11-29 22:15:03,470 [main] INFO  base.BaseClass - Trying to find Element By {by.toString()})
2023-11-29 22:15:03,496 [main] INFO  base.BaseClass - Found Element By {by.toString()}
2023-11-29 22:15:04,018 [main] INFO  base.BaseClass - Trying to find Element By {by.toString()})
2023-11-29 22:15:04,044 [main] INFO  base.BaseClass - Found Element By {by.toString()}
2023-11-29 22:15:04,582 [main] INFO  base.BaseClass - Trying to find Element By {by.toString()})
2023-11-29 22:15:04,607 [main] INFO  base.BaseClass - Found Element By {by.toString()}
2023-11-29 22:15:05,130 [main] INFO  base.BaseClass - Trying to find Element By {by.toString()})
2023-11-29 22:15:05,155 [main] INFO  base.BaseClass - Found Element By {by.toString()}
2023-11-29 22:15:05,679 [main] INFO  base.BaseClass - Trying to find Element By {by.toString()})
2023-11-29 22:15:05,705 [main] INFO  base.BaseClass - Found Element By {by.toString()}
2023-11-29 22:15:06,240 [main] INFO  base.BaseClass - Trying to find Element By {by.toString()})
2023-11-29 22:15:06,265 [main] INFO  base.BaseClass - Found Element By {by.toString()}
2023-11-29 22:15:06,786 [main] INFO  base.BaseClass - Trying to find Element By {by.toString()})
2023-11-29 22:15:06,811 [main] INFO  base.BaseClass - Found Element By {by.toString()}
2023-11-29 22:15:07,345 [main] INFO  base.BaseClass - Trying to find Element By {by.toString()})
2023-11-29 22:15:07,372 [main] INFO  base.BaseClass - Found Element By {by.toString()}
2023-11-29 22:15:07,909 [main] INFO  base.BaseClass - Trying to find Element By {by.toString()})
2023-11-29 22:15:07,934 [main] INFO  base.BaseClass - Found Element By {by.toString()}
2023-11-29 22:15:08,468 [main] INFO  base.BaseClass - Trying to find Element By {by.toString()})
2023-11-29 22:15:08,495 [main] INFO  base.BaseClass - Found Element By {by.toString()}
2023-11-29 22:15:09,031 [main] INFO  base.BaseClass - Trying to find Element By {by.toString()})
2023-11-29 22:15:09,056 [main] INFO  base.BaseClass - Found Element By {by.toString()}
2023-11-29 22:15:09,593 [main] INFO  base.BaseClass - Trying to find Element By {by.toString()})
2023-11-29 22:15:09,619 [main] INFO  base.BaseClass - Found Element By {by.toString()}
2023-11-29 22:15:10,141 [main] INFO  base.BaseClass - Trying to find Element By {by.toString()})
2023-11-29 22:15:10,167 [main] INFO  base.BaseClass - Found Element By {by.toString()}
2023-11-29 22:15:10,703 [main] INFO  base.BaseClass - Trying to find Element By {by.toString()})
2023-11-29 22:15:10,728 [main] INFO  base.BaseClass - Found Element By {by.toString()}
2023-11-29 22:15:11,250 [main] INFO  base.BaseClass - Trying to find Element By {by.toString()})
2023-11-29 22:15:11,275 [main] INFO  base.BaseClass - Found Element By {by.toString()}
2023-11-29 22:15:11,798 [main] INFO  base.BaseClass - Trying to find Element By {by.toString()})
2023-11-29 22:15:11,824 [main] INFO  base.BaseClass - Found Element By {by.toString()}
2023-11-29 22:15:12,362 [main] INFO  base.BaseClass - Trying to find Element By {by.toString()})
2023-11-29 22:15:12,387 [main] INFO  base.BaseClass - Found Element By {by.toString()}
2023-11-29 22:15:12,910 [main] INFO  base.BaseClass - Trying to find Element By {by.toString()})
2023-11-29 22:15:12,934 [main] INFO  base.BaseClass - Found Element By {by.toString()}
2023-11-29 22:15:13,456 [main] INFO  base.BaseClass - Trying to find Element By {by.toString()})
2023-11-29 22:15:13,482 [main] INFO  base.BaseClass - Found Element By {by.toString()}
2023-11-29 22:15:14,018 [main] INFO  base.BaseClass - Trying to find Element By {by.toString()})
2023-11-29 22:15:14,043 [main] INFO  base.BaseClass - Found Element By {by.toString()}
2023-11-29 22:15:14,565 [main] INFO  base.BaseClass - Trying to find Element By {by.toString()})
2023-11-29 22:15:14,606 [main] INFO  base.BaseClass - Found Element By {by.toString()}
2023-11-29 22:15:15,127 [main] INFO  base.BaseClass - Trying to find Element By {by.toString()})
2023-11-29 22:15:15,154 [main] INFO  base.BaseClass - Found Element By {by.toString()}
2023-11-29 22:15:15,688 [main] INFO  base.BaseClass - Trying to find Element By {by.toString()})
2023-11-29 22:15:15,716 [main] INFO  base.BaseClass - Found Element By {by.toString()}
2023-11-29 22:15:16,252 [main] INFO  base.BaseClass - Trying to find Element By {by.toString()})
2023-11-29 22:15:16,279 [main] INFO  base.BaseClass - Found Element By {by.toString()}
2023-11-29 22:15:16,803 [main] INFO  base.BaseClass - Trying to find Element By {by.toString()})
2023-11-29 22:15:16,829 [main] INFO  base.BaseClass - Found Element By {by.toString()}
2023-11-29 22:15:17,366 [main] INFO  base.BaseClass - Trying to find Element By {by.toString()})
2023-11-29 22:15:17,392 [main] INFO  base.BaseClass - Found Element By {by.toString()}
2023-11-29 22:15:17,914 [main] INFO  base.BaseClass - Trying to find Element By {by.toString()})
2023-11-29 22:15:17,939 [main] INFO  base.BaseClass - Found Element By {by.toString()}
2023-11-29 22:15:18,464 [main] INFO  base.BaseClass - Trying to find Element By {by.toString()})
2023-11-29 22:15:18,489 [main] INFO  base.BaseClass - Found Element By {by.toString()}
2023-11-29 22:15:19,013 [main] INFO  base.BaseClass - Trying to find Element By {by.toString()})
2023-11-29 22:15:19,037 [main] INFO  base.BaseClass - Found Element By {by.toString()}
2023-11-29 22:15:19,562 [main] INFO  base.BaseClass - Trying to find Element By {by.toString()})
2023-11-29 22:15:19,589 [main] INFO  base.BaseClass - Found Element By {by.toString()}
2023-11-29 22:15:20,112 [main] INFO  base.BaseClass - Trying to find Element By {by.toString()})
2023-11-29 22:15:20,138 [main] INFO  base.BaseClass - Found Element By {by.toString()}
2023-11-29 22:15:20,662 [main] INFO  base.BaseClass - Trying to find Element By {by.toString()})
2023-11-29 22:15:20,686 [main] INFO  base.BaseClass - Found Element By {by.toString()}
2023-11-29 22:15:21,210 [main] INFO  base.BaseClass - Trying to find Element By {by.toString()})
2023-11-29 22:15:21,236 [main] INFO  base.BaseClass - Found Element By {by.toString()}
2023-11-29 22:15:21,770 [main] INFO  base.BaseClass - Trying to find Element By {by.toString()})
2023-11-29 22:15:21,797 [main] INFO  base.BaseClass - Found Element By {by.toString()}
2023-11-29 22:15:22,332 [main] INFO  base.BaseClass - Trying to find Element By {by.toString()})
2023-11-29 22:15:22,357 [main] INFO  base.BaseClass - Found Element By {by.toString()}
2023-11-29 22:15:22,880 [main] INFO  base.BaseClass - Trying to find Element By {by.toString()})
2023-11-29 22:15:22,908 [main] INFO  base.BaseClass - Found Element By {by.toString()}
2023-11-29 22:15:23,443 [main] INFO  base.BaseClass - Trying to find Element By {by.toString()})
2023-11-29 22:15:23,468 [main] INFO  base.BaseClass - Found Element By {by.toString()}
2023-11-29 22:15:24,003 [main] INFO  base.BaseClass - Trying to find Element By {by.toString()})
2023-11-29 22:15:24,028 [main] INFO  base.BaseClass - Found Element By {by.toString()}
2023-11-29 22:15:24,549 [main] INFO  base.BaseClass - Trying to find Element By {by.toString()})
2023-11-29 22:15:24,575 [main] INFO  base.BaseClass - Found Element By {by.toString()}
2023-11-29 22:15:25,099 [main] INFO  base.BaseClass - Trying to find Element By {by.toString()})
2023-11-29 22:15:25,124 [main] INFO  base.BaseClass - Found Element By {by.toString()}
2023-11-29 22:15:25,645 [main] INFO  base.BaseClass - Trying to find Element By {by.toString()})
2023-11-29 22:15:26,001 [main] INFO  base.BaseClass - Found Element By {by.toString()}
2023-11-29 22:15:26,538 [main] INFO  base.BaseClass - Trying to find Element By {by.toString()})
2023-11-29 22:15:26,565 [main] INFO  base.BaseClass - Found Element By {by.toString()}
2023-11-29 22:15:27,098 [main] INFO  base.BaseClass - Trying to find Element By {by.toString()})
2023-11-29 22:15:27,123 [main] INFO  base.BaseClass - Found Element By {by.toString()}
2023-11-29 22:15:27,646 [main] INFO  base.BaseClass - Trying to find Element By {by.toString()})
2023-11-29 22:15:27,672 [main] INFO  base.BaseClass - Found Element By {by.toString()}
2023-11-29 22:15:28,194 [main] INFO  base.BaseClass - Trying to find Element By {by.toString()})
2023-11-29 22:15:28,221 [main] INFO  base.BaseClass - Found Element By {by.toString()}
2023-11-29 22:15:28,753 [main] INFO  base.BaseClass - Trying to find Element By {by.toString()})
2023-11-29 22:15:28,779 [main] INFO  base.BaseClass - Found Element By {by.toString()}
2023-11-29 22:15:29,301 [main] INFO  base.BaseClass - Trying to find Element By {by.toString()})
2023-11-29 22:15:29,326 [main] INFO  base.BaseClass - Found Element By {by.toString()}
2023-11-29 22:15:29,848 [main] INFO  base.BaseClass - Trying to find Element By {by.toString()})
2023-11-29 22:15:29,873 [main] INFO  base.BaseClass - Found Element By {by.toString()}
2023-11-29 22:15:30,394 [main] INFO  base.BaseClass - Trying to find Element By {by.toString()})
2023-11-29 22:15:30,420 [main] INFO  base.BaseClass - Found Element By {by.toString()}
2023-11-29 22:15:30,944 [main] INFO  base.BaseClass - Trying to find Element By {by.toString()})
2023-11-29 22:15:30,969 [main] INFO  base.BaseClass - Found Element By {by.toString()}
2023-11-29 22:15:31,503 [main] INFO  base.BaseClass - Trying to find Element By {by.toString()})
2023-11-29 22:15:31,529 [main] INFO  base.BaseClass - Found Element By {by.toString()}
2023-11-29 22:15:32,065 [main] INFO  base.BaseClass - Trying to find Element By {by.toString()})
2023-11-29 22:15:32,092 [main] INFO  base.BaseClass - Found Element By {by.toString()}
2023-11-29 22:15:32,615 [main] INFO  base.BaseClass - Trying to find Element By {by.toString()})
2023-11-29 22:15:32,640 [main] INFO  base.BaseClass - Found Element By {by.toString()}
2023-11-29 22:15:33,173 [main] INFO  base.BaseClass - Trying to find Element By {by.toString()})
2023-11-29 22:15:33,198 [main] INFO  base.BaseClass - Found Element By {by.toString()}
2023-11-29 22:15:33,731 [main] INFO  base.BaseClass - Trying to find Element By {by.toString()})
2023-11-29 22:15:33,781 [main] INFO  base.BaseClass - Found Element By {by.toString()}
2023-11-29 22:15:34,296 [main] INFO  base.BaseClass - Trying to find Element By {by.toString()})
2023-11-29 22:15:34,321 [main] INFO  base.BaseClass - Found Element By {by.toString()}
2023-11-29 22:15:34,857 [main] INFO  base.BaseClass - Trying to find Element By {by.toString()})
2023-11-29 22:15:34,884 [main] INFO  base.BaseClass - Found Element By {by.toString()}
2023-11-29 22:15:35,418 [main] INFO  base.BaseClass - Trying to find Element By {by.toString()})
2023-11-29 22:15:35,443 [main] INFO  base.BaseClass - Found Element By {by.toString()}
2023-11-29 22:15:35,968 [main] INFO  base.BaseClass - Trying to find Element By {by.toString()})
2023-11-29 22:15:35,992 [main] INFO  base.BaseClass - Found Element By {by.toString()}
2023-11-29 22:15:36,515 [main] INFO  base.BaseClass - Trying to find Element By {by.toString()})
2023-11-29 22:15:36,541 [main] INFO  base.BaseClass - Found Element By {by.toString()}
2023-11-29 22:15:37,076 [main] INFO  base.BaseClass - Trying to find Element By {by.toString()})
2023-11-29 22:15:37,101 [main] INFO  base.BaseClass - Found Element By {by.toString()}
2023-11-29 22:15:37,626 [main] INFO  base.BaseClass - Trying to find Element By {by.toString()})
2023-11-29 22:15:37,653 [main] INFO  base.BaseClass - Found Element By {by.toString()}
2023-11-29 22:15:38,177 [main] INFO  base.BaseClass - Trying to find Element By {by.toString()})
2023-11-29 22:15:38,202 [main] INFO  base.BaseClass - Found Element By {by.toString()}
2023-11-29 22:15:38,725 [main] INFO  base.BaseClass - Trying to find Element By {by.toString()})
2023-11-29 22:15:38,751 [main] INFO  base.BaseClass - Found Element By {by.toString()}
2023-11-29 22:15:39,288 [main] INFO  base.BaseClass - Trying to find Element By {by.toString()})
2023-11-29 22:15:39,314 [main] INFO  base.BaseClass - Found Element By {by.toString()}
2023-11-29 22:15:39,846 [main] INFO  base.BaseClass - Trying to find Element By {by.toString()})
2023-11-29 22:15:39,871 [main] INFO  base.BaseClass - Found Element By {by.toString()}
2023-11-29 22:15:40,409 [main] INFO  base.BaseClass - Trying to find Element By {by.toString()})
2023-11-29 22:15:40,439 [main] INFO  base.BaseClass - Found Element By {by.toString()}
2023-11-29 22:15:40,971 [main] INFO  base.BaseClass - Trying to find Element By {by.toString()})
2023-11-29 22:15:40,998 [main] INFO  base.BaseClass - Found Element By {by.toString()}
2023-11-29 22:15:41,538 [main] INFO  base.BaseClass - Trying to find Element By {by.toString()})
2023-11-29 22:15:41,565 [main] INFO  base.BaseClass - Found Element By {by.toString()}
2023-11-29 22:15:42,088 [main] INFO  base.BaseClass - Trying to find Element By {by.toString()})
2023-11-29 22:15:42,115 [main] INFO  base.BaseClass - Found Element By {by.toString()}
2023-11-29 22:15:42,654 [main] INFO  base.BaseClass - Trying to find Element By {by.toString()})
2023-11-29 22:15:42,680 [main] INFO  base.BaseClass - Found Element By {by.toString()}
2023-11-29 22:15:43,204 [main] INFO  base.BaseClass - Trying to find Element By {by.toString()})
2023-11-29 22:15:43,229 [main] INFO  base.BaseClass - Found Element By {by.toString()}
2023-11-29 22:15:43,752 [main] INFO  base.BaseClass - Trying to find Element By {by.toString()})
2023-11-29 22:15:44,069 [main] INFO  base.BaseClass - Found Element By {by.toString()}
2023-11-29 22:15:44,594 [main] INFO  base.BaseClass - Trying to find Element By {by.toString()})
2023-11-29 22:15:44,622 [main] INFO  base.BaseClass - Found Element By {by.toString()}
2023-11-29 22:15:45,157 [main] INFO  base.BaseClass - Trying to find Element By {by.toString()})
2023-11-29 22:15:45,183 [main] INFO  base.BaseClass - Found Element By {by.toString()}
2023-11-29 22:15:45,720 [main] INFO  base.BaseClass - Trying to find Element By {by.toString()})
2023-11-29 22:15:45,746 [main] INFO  base.BaseClass - Found Element By {by.toString()}
2023-11-29 22:15:46,279 [main] INFO  base.BaseClass - Trying to find Element By {by.toString()})
2023-11-29 22:15:46,304 [main] INFO  base.BaseClass - Found Element By {by.toString()}
2023-11-29 22:15:46,840 [main] INFO  base.BaseClass - Trying to find Element By {by.toString()})
2023-11-29 22:15:46,866 [main] INFO  base.BaseClass - Found Element By {by.toString()}
2023-11-29 22:15:47,390 [main] INFO  base.BaseClass - Trying to find Element By {by.toString()})
2023-11-29 22:15:47,417 [main] INFO  base.BaseClass - Found Element By {by.toString()}
2023-11-29 22:15:47,940 [main] INFO  base.BaseClass - Trying to find Element By {by.toString()})
2023-11-29 22:15:47,969 [main] INFO  base.BaseClass - Found Element By {by.toString()}
2023-11-29 22:15:48,504 [main] INFO  base.BaseClass - Trying to find Element By {by.toString()})
2023-11-29 22:15:48,531 [main] INFO  base.BaseClass - Found Element By {by.toString()}
2023-11-29 22:15:49,054 [main] INFO  base.BaseClass - Trying to find Element By {by.toString()})
2023-11-29 22:15:49,081 [main] INFO  base.BaseClass - Found Element By {by.toString()}
2023-11-29 22:15:49,603 [main] INFO  base.BaseClass - Trying to find Element By {by.toString()})
2023-11-29 22:15:49,629 [main] INFO  base.BaseClass - Found Element By {by.toString()}
2023-11-29 22:15:50,165 [main] INFO  base.BaseClass - Trying to find Element By {by.toString()})
2023-11-29 22:15:50,192 [main] INFO  base.BaseClass - Found Element By {by.toString()}
2023-11-29 22:15:50,715 [main] INFO  base.BaseClass - Trying to find Element By {by.toString()})
2023-11-29 22:15:50,740 [main] INFO  base.BaseClass - Found Element By {by.toString()}
2023-11-29 22:15:51,276 [main] INFO  base.BaseClass - Trying to find Element By {by.toString()})
2023-11-29 22:15:51,301 [main] INFO  base.BaseClass - Found Element By {by.toString()}
2023-11-29 22:15:51,826 [main] INFO  base.BaseClass - Trying to find Element By {by.toString()})
2023-11-29 22:15:51,852 [main] INFO  base.BaseClass - Found Element By {by.toString()}
2023-11-29 22:15:52,388 [main] INFO  base.BaseClass - Trying to find Element By {by.toString()})
2023-11-29 22:15:52,413 [main] INFO  base.BaseClass - Found Element By {by.toString()}
2023-11-29 22:15:52,939 [main] INFO  base.BaseClass - Trying to find Element By {by.toString()})
2023-11-29 22:15:52,963 [main] INFO  base.BaseClass - Found Element By {by.toString()}
2023-11-29 22:15:53,497 [main] INFO  base.BaseClass - Trying to find Element By {by.toString()})
2023-11-29 22:15:53,523 [main] INFO  base.BaseClass - Found Element By {by.toString()}
2023-11-29 22:15:54,046 [main] INFO  base.BaseClass - Trying to find Element By {by.toString()})
2023-11-29 22:15:54,071 [main] INFO  base.BaseClass - Found Element By {by.toString()}
2023-11-29 22:15:54,593 [main] INFO  base.BaseClass - Trying to find Element By {by.toString()})
2023-11-29 22:15:54,618 [main] INFO  base.BaseClass - Found Element By {by.toString()}
2023-11-29 22:15:55,151 [main] INFO  base.BaseClass - Trying to find Element By {by.toString()})
2023-11-29 22:15:55,177 [main] INFO  base.BaseClass - Found Element By {by.toString()}
2023-11-29 22:15:55,713 [main] INFO  base.BaseClass - Trying to find Element By {by.toString()})
2023-11-29 22:15:55,739 [main] INFO  base.BaseClass - Found Element By {by.toString()}
2023-11-29 22:15:56,264 [main] INFO  base.BaseClass - Trying to find Element By {by.toString()})
2023-11-29 22:15:56,288 [main] INFO  base.BaseClass - Found Element By {by.toString()}
2023-11-29 22:15:56,812 [main] INFO  base.BaseClass - Trying to find Element By {by.toString()})
2023-11-29 22:15:56,838 [main] INFO  base.BaseClass - Found Element By {by.toString()}
2023-11-29 22:15:57,370 [main] INFO  base.BaseClass - Trying to find Element By {by.toString()})
2023-11-29 22:15:57,395 [main] INFO  base.BaseClass - Found Element By {by.toString()}
2023-11-29 22:15:57,920 [main] INFO  base.BaseClass - Trying to find Element By {by.toString()})
2023-11-29 22:15:57,946 [main] INFO  base.BaseClass - Found Element By {by.toString()}
2023-11-29 22:15:58,468 [main] INFO  base.BaseClass - Trying to find Element By {by.toString()})
2023-11-29 22:15:58,495 [main] INFO  base.BaseClass - Found Element By {by.toString()}
2023-11-29 22:15:59,030 [main] INFO  base.BaseClass - Trying to find Element By {by.toString()})
2023-11-29 22:15:59,055 [main] INFO  base.BaseClass - Found Element By {by.toString()}
TimeoutException occurred: Expected condition failed: waiting for helper.WaitUtility$3@58401f62 (tried for 60 second(s) with 500 milliseconds interval)
Build info: version: '3.141.59', revision: 'e82be7d358', time: '2018-11-14T08:17:03'
System info: host: 'DPLAP166', ip: '137.237.3.153', os.name: 'Windows 10', os.arch: 'amd64', os.version: '10.0', java.version: '19.0.1'
Driver info: org.openqa.selenium.support.events.EventFiringWebDriver
Capabilities {acceptInsecureCerts: true, browserName: chrome, browserVersion: 119.0.6045.200, chrome: {chromedriverVersion: 119.0.6045.105 (38c72552c5e..., userDataDir: C:\Users\dP-PL\AppData\Loca...}, fedcm:accounts: true, goog:chromeOptions: {debuggerAddress: localhost:52174}, javascriptEnabled: true, networkConnectionEnabled: false, pageLoadStrategy: normal, platform: WINDOWS, platformName: WINDOWS, proxy: Proxy(), setWindowRect: true, strictFileInteractability: false, timeouts: {implicit: 0, pageLoad: 300000, script: 30000}, unhandledPromptBehavior: dismiss and notify, webauthn:extension:credBlob: true, webauthn:extension:largeBlob: true, webauthn:extension:minPinLength: true, webauthn:extension:prf: true, webauthn:virtualAuthenticators: true}
Session ID: 9904d8dcdce8f65bcf1cf5b9aa8273f1
2023-11-29 22:15:59,074 [main] ERROR XGLT_15177_Test - Element did not become visible within the specified time: Expected condition failed: waiting for helper.WaitUtility$3@58401f62 (tried for 60 second(s) with 500 milliseconds interval)
Build info: version: '3.141.59', revision: 'e82be7d358', time: '2018-11-14T08:17:03'
System info: host: 'DPLAP166', ip: '137.237.3.153', os.name: 'Windows 10', os.arch: 'amd64', os.version: '10.0', java.version: '19.0.1'
Driver info: org.openqa.selenium.support.events.EventFiringWebDriver
Capabilities {acceptInsecureCerts: true, browserName: chrome, browserVersion: 119.0.6045.200, chrome: {chromedriverVersion: 119.0.6045.105 (38c72552c5e..., userDataDir: C:\Users\dP-PL\AppData\Loca...}, fedcm:accounts: true, goog:chromeOptions: {debuggerAddress: localhost:52174}, javascriptEnabled: true, networkConnectionEnabled: false, pageLoadStrategy: normal, platform: WINDOWS, platformName: WINDOWS, proxy: Proxy(), setWindowRect: true, strictFileInteractability: false, timeouts: {implicit: 0, pageLoad: 300000, script: 30000}, unhandledPromptBehavior: dismiss and notify, webauthn:extension:credBlob: true, webauthn:extension:largeBlob: true, webauthn:extension:minPinLength: true, webauthn:extension:prf: true, webauthn:virtualAuthenticators: true}
Session ID: 9904d8dcdce8f65bcf1cf5b9aa8273f1
2023-11-29 22:15:59,074 [main] INFO  base.BaseClass - Trying to find Element By {by.toString()})
2023-11-29 22:15:59,097 [main] INFO  base.BaseClass - Found Element By {by.toString()}
2023-11-29 22:15:59,119 [main] INFO  base.BaseClass - Trying to find Element By {by.toString()})
2023-11-29 22:15:59,140 [main] INFO  base.BaseClass - Found Element By {by.toString()}
Mc count pending build 35
2023-11-29 22:15:59,391 [main] INFO  base.BaseClass - Trying to find Element By {by.toString()})
2023-11-29 22:15:59,410 [main] INFO  base.BaseClass - Found Element By {by.toString()}
2023-11-29 22:15:59,941 [main] INFO  base.BaseClass - Trying to find Element By {by.toString()})
2023-11-29 22:15:59,966 [main] INFO  base.BaseClass - Found Element By {by.toString()}
2023-11-29 22:16:00,504 [main] INFO  base.BaseClass - Trying to find Element By {by.toString()})
2023-11-29 22:16:00,530 [main] INFO  base.BaseClass - Found Element By {by.toString()}
2023-11-29 22:16:01,080 [main] INFO  base.BaseClass - Trying to find Element By {by.toString()})
2023-11-29 22:16:01,106 [main] INFO  base.BaseClass - Found Element By {by.toString()}
2023-11-29 22:16:01,644 [main] INFO  base.BaseClass - Trying to find Element By {by.toString()})
2023-11-29 22:16:01,673 [main] INFO  base.BaseClass - Found Element By {by.toString()}
2023-11-29 22:16:02,225 [main] INFO  base.BaseClass - Trying to find Element By {by.toString()})
2023-11-29 22:16:02,250 [main] INFO  base.BaseClass - Found Element By {by.toString()}
2023-11-29 22:16:02,788 [main] INFO  base.BaseClass - Trying to find Element By {by.toString()})
2023-11-29 22:16:02,813 [main] INFO  base.BaseClass - Found Element By {by.toString()}
2023-11-29 22:16:03,364 [main] INFO  base.BaseClass - Trying to find Element By {by.toString()})
2023-11-29 22:16:03,390 [main] INFO  base.BaseClass - Found Element By {by.toString()}
2023-11-29 22:16:03,931 [main] INFO  base.BaseClass - Trying to find Element By {by.toString()})
2023-11-29 22:16:03,956 [main] INFO  base.BaseClass - Found Element By {by.toString()}
2023-11-29 22:16:04,494 [main] INFO  base.BaseClass - Trying to find Element By {by.toString()})
2023-11-29 22:16:04,519 [main] INFO  base.BaseClass - Found Element By {by.toString()}
2023-11-29 22:16:05,069 [main] INFO  base.BaseClass - Trying to find Element By {by.toString()})
2023-11-29 22:16:05,095 [main] INFO  base.BaseClass - Found Element By {by.toString()}
2023-11-29 22:16:05,646 [main] INFO  base.BaseClass - Trying to find Element By {by.toString()})
2023-11-29 22:16:05,674 [main] INFO  base.BaseClass - Found Element By {by.toString()}
2023-11-29 22:16:06,208 [main] INFO  base.BaseClass - Trying to find Element By {by.toString()})
2023-11-29 22:16:06,234 [main] INFO  base.BaseClass - Found Element By {by.toString()}
2023-11-29 22:16:06,783 [main] INFO  base.BaseClass - Trying to find Element By {by.toString()})
2023-11-29 22:16:07,430 [main] INFO  base.BaseClass - Found Element By {by.toString()}
2023-11-29 22:16:07,984 [main] INFO  base.BaseClass - Trying to find Element By {by.toString()})
2023-11-29 22:16:08,010 [main] INFO  base.BaseClass - Found Element By {by.toString()}
2023-11-29 22:16:08,549 [main] INFO  base.BaseClass - Trying to find Element By {by.toString()})
2023-11-29 22:16:08,574 [main] INFO  base.BaseClass - Found Element By {by.toString()}
2023-11-29 22:16:09,111 [main] INFO  base.BaseClass - Trying to find Element By {by.toString()})
2023-11-29 22:16:09,137 [main] INFO  base.BaseClass - Found Element By {by.toString()}
2023-11-29 22:16:09,688 [main] INFO  base.BaseClass - Trying to find Element By {by.toString()})
2023-11-29 22:16:09,714 [main] INFO  base.BaseClass - Found Element By {by.toString()}
2023-11-29 22:16:10,253 [main] INFO  base.BaseClass - Trying to find Element By {by.toString()})
2023-11-29 22:16:10,277 [main] INFO  base.BaseClass - Found Element By {by.toString()}
2023-11-29 22:16:10,829 [main] INFO  base.BaseClass - Trying to find Element By {by.toString()})
2023-11-29 22:16:10,855 [main] INFO  base.BaseClass - Found Element By {by.toString()}
2023-11-29 22:16:11,391 [main] INFO  base.BaseClass - Trying to find Element By {by.toString()})
2023-11-29 22:16:11,417 [main] INFO  base.BaseClass - Found Element By {by.toString()}
2023-11-29 22:16:11,953 [main] INFO  base.BaseClass - Trying to find Element By {by.toString()})
2023-11-29 22:16:11,981 [main] INFO  base.BaseClass - Found Element By {by.toString()}
2023-11-29 22:16:12,529 [main] INFO  base.BaseClass - Trying to find Element By {by.toString()})
2023-11-29 22:16:12,556 [main] INFO  base.BaseClass - Found Element By {by.toString()}
2023-11-29 22:16:13,109 [main] INFO  base.BaseClass - Trying to find Element By {by.toString()})
2023-11-29 22:16:13,136 [main] INFO  base.BaseClass - Found Element By {by.toString()}
2023-11-29 22:16:13,676 [main] INFO  base.BaseClass - Trying to find Element By {by.toString()})
2023-11-29 22:16:13,700 [main] INFO  base.BaseClass - Found Element By {by.toString()}
2023-11-29 22:16:14,241 [main] INFO  base.BaseClass - Trying to find Element By {by.toString()})
2023-11-29 22:16:14,266 [main] INFO  base.BaseClass - Found Element By {by.toString()}
2023-11-29 22:16:14,806 [main] INFO  base.BaseClass - Trying to find Element By {by.toString()})
2023-11-29 22:16:14,829 [main] INFO  base.BaseClass - Found Element By {by.toString()}
2023-11-29 22:16:15,368 [main] INFO  base.BaseClass - Trying to find Element By {by.toString()})
2023-11-29 22:16:15,391 [main] INFO  base.BaseClass - Found Element By {by.toString()}
2023-11-29 22:16:15,931 [main] INFO  base.BaseClass - Trying to find Element By {by.toString()})
2023-11-29 22:16:15,956 [main] INFO  base.BaseClass - Found Element By {by.toString()}
2023-11-29 22:16:16,490 [main] INFO  base.BaseClass - Trying to find Element By {by.toString()})
2023-11-29 22:16:16,811 [main] INFO  base.BaseClass - Found Element By {by.toString()}
2023-11-29 22:16:17,354 [main] INFO  base.BaseClass - Trying to find Element By {by.toString()})
2023-11-29 22:16:17,372 [main] INFO  base.BaseClass - Found Element By {by.toString()}
2023-11-29 22:16:17,904 [main] INFO  base.BaseClass - Trying to find Element By {by.toString()})
2023-11-29 22:16:17,926 [main] INFO  base.BaseClass - Found Element By {by.toString()}
2023-11-29 22:16:18,469 [main] INFO  base.BaseClass - Trying to find Element By {by.toString()})
2023-11-29 22:16:18,494 [main] INFO  base.BaseClass - Found Element By {by.toString()}
2023-11-29 22:16:19,030 [main] INFO  base.BaseClass - Trying to find Element By {by.toString()})
2023-11-29 22:16:19,055 [main] INFO  base.BaseClass - Found Element By {by.toString()}
2023-11-29 22:16:19,598 [main] INFO  base.BaseClass - Trying to find Element By {by.toString()})
2023-11-29 22:16:19,625 [main] INFO  base.BaseClass - Found Element By {by.toString()}
2023-11-29 22:16:20,175 [main] INFO  base.BaseClass - Trying to find Element By {by.toString()})
2023-11-29 22:16:20,203 [main] INFO  base.BaseClass - Found Element By {by.toString()}
2023-11-29 22:16:20,742 [main] INFO  base.BaseClass - Trying to find Element By {by.toString()})
2023-11-29 22:16:20,771 [main] INFO  base.BaseClass - Found Element By {by.toString()}
2023-11-29 22:16:21,322 [main] INFO  base.BaseClass - Trying to find Element By {by.toString()})
2023-11-29 22:16:21,349 [main] INFO  base.BaseClass - Found Element By {by.toString()}
2023-11-29 22:16:21,901 [main] INFO  base.BaseClass - Trying to find Element By {by.toString()})
2023-11-29 22:16:21,926 [main] INFO  base.BaseClass - Found Element By {by.toString()}
2023-11-29 22:16:22,465 [main] INFO  base.BaseClass - Trying to find Element By {by.toString()})
2023-11-29 22:16:22,490 [main] INFO  base.BaseClass - Found Element By {by.toString()}
2023-11-29 22:16:23,030 [main] INFO  base.BaseClass - Trying to find Element By {by.toString()})
2023-11-29 22:16:23,056 [main] INFO  base.BaseClass - Found Element By {by.toString()}
2023-11-29 22:16:23,610 [main] INFO  base.BaseClass - Trying to find Element By {by.toString()})
2023-11-29 22:16:23,638 [main] INFO  base.BaseClass - Found Element By {by.toString()}
2023-11-29 22:16:24,187 [main] INFO  base.BaseClass - Trying to find Element By {by.toString()})
2023-11-29 22:16:24,212 [main] INFO  base.BaseClass - Found Element By {by.toString()}
2023-11-29 22:16:24,754 [main] INFO  base.BaseClass - Trying to find Element By {by.toString()})
2023-11-29 22:16:24,780 [main] INFO  base.BaseClass - Found Element By {by.toString()}
2023-11-29 22:16:25,329 [main] INFO  base.BaseClass - Trying to find Element By {by.toString()})
2023-11-29 22:16:25,347 [main] INFO  base.BaseClass - Found Element By {by.toString()}
2023-11-29 22:16:25,880 [main] INFO  base.BaseClass - Trying to find Element By {by.toString()})
2023-11-29 22:16:25,897 [main] INFO  base.BaseClass - Found Element By {by.toString()}
2023-11-29 22:16:26,435 [main] INFO  base.BaseClass - Trying to find Element By {by.toString()})
2023-11-29 22:16:26,452 [main] INFO  base.BaseClass - Found Element By {by.toString()}
2023-11-29 22:16:26,983 [main] INFO  base.BaseClass - Trying to find Element By {by.toString()})
2023-11-29 22:16:26,999 [main] INFO  base.BaseClass - Found Element By {by.toString()}
2023-11-29 22:16:27,534 [main] INFO  base.BaseClass - Trying to find Element By {by.toString()})
2023-11-29 22:16:27,551 [main] INFO  base.BaseClass - Found Element By {by.toString()}
2023-11-29 22:16:28,087 [main] INFO  base.BaseClass - Trying to find Element By {by.toString()})
2023-11-29 22:16:28,103 [main] INFO  base.BaseClass - Found Element By {by.toString()}
2023-11-29 22:16:28,634 [main] INFO  base.BaseClass - Trying to find Element By {by.toString()})
2023-11-29 22:16:28,655 [main] INFO  base.BaseClass - Found Element By {by.toString()}
2023-11-29 22:16:29,200 [main] INFO  base.BaseClass - Trying to find Element By {by.toString()})
2023-11-29 22:16:29,217 [main] INFO  base.BaseClass - Found Element By {by.toString()}
2023-11-29 22:16:29,753 [main] INFO  base.BaseClass - Trying to find Element By {by.toString()})
2023-11-29 22:16:29,771 [main] INFO  base.BaseClass - Found Element By {by.toString()}
TimeoutException occurred: Expected condition failed: waiting for helper.WaitUtility$5@36c2b179 (tried for 30 second(s) with 500 milliseconds interval)
Build info: version: '3.141.59', revision: 'e82be7d358', time: '2018-11-14T08:17:03'
System info: host: 'DPLAP166', ip: '137.237.3.153', os.name: 'Windows 10', os.arch: 'amd64', os.version: '10.0', java.version: '19.0.1'
Driver info: org.openqa.selenium.support.events.EventFiringWebDriver
Capabilities {acceptInsecureCerts: true, browserName: chrome, browserVersion: 119.0.6045.200, chrome: {chromedriverVersion: 119.0.6045.105 (38c72552c5e..., userDataDir: C:\Users\dP-PL\AppData\Loca...}, fedcm:accounts: true, goog:chromeOptions: {debuggerAddress: localhost:52174}, javascriptEnabled: true, networkConnectionEnabled: false, pageLoadStrategy: normal, platform: WINDOWS, platformName: WINDOWS, proxy: Proxy(), setWindowRect: true, strictFileInteractability: false, timeouts: {implicit: 0, pageLoad: 300000, script: 30000}, unhandledPromptBehavior: dismiss and notify, webauthn:extension:credBlob: true, webauthn:extension:largeBlob: true, webauthn:extension:minPinLength: true, webauthn:extension:prf: true, webauthn:virtualAuthenticators: true}
Session ID: 9904d8dcdce8f65bcf1cf5b9aa8273f1
2023-11-29 22:16:29,797 [main] ERROR XGLT_15177_Test - Element did not become visible within the specified time: Expected condition failed: waiting for helper.WaitUtility$5@36c2b179 (tried for 30 second(s) with 500 milliseconds interval)
Build info: version: '3.141.59', revision: 'e82be7d358', time: '2018-11-14T08:17:03'
System info: host: 'DPLAP166', ip: '137.237.3.153', os.name: 'Windows 10', os.arch: 'amd64', os.version: '10.0', java.version: '19.0.1'
Driver info: org.openqa.selenium.support.events.EventFiringWebDriver
Capabilities {acceptInsecureCerts: true, browserName: chrome, browserVersion: 119.0.6045.200, chrome: {chromedriverVersion: 119.0.6045.105 (38c72552c5e..., userDataDir: C:\Users\dP-PL\AppData\Loca...}, fedcm:accounts: true, goog:chromeOptions: {debuggerAddress: localhost:52174}, javascriptEnabled: true, networkConnectionEnabled: false, pageLoadStrategy: normal, platform: WINDOWS, platformName: WINDOWS, proxy: Proxy(), setWindowRect: true, strictFileInteractability: false, timeouts: {implicit: 0, pageLoad: 300000, script: 30000}, unhandledPromptBehavior: dismiss and notify, webauthn:extension:credBlob: true, webauthn:extension:largeBlob: true, webauthn:extension:minPinLength: true, webauthn:extension:prf: true, webauthn:virtualAuthenticators: true}
Session ID: 9904d8dcdce8f65bcf1cf5b9aa8273f1
2023-11-29 22:16:29,797 [main] INFO  base.BaseClass - Trying to find Element By {by.toString()})
2023-11-29 22:16:29,816 [main] INFO  base.BaseClass - Found Element By {by.toString()}
2023-11-29 22:16:29,816 [main] INFO  base.BaseClass - Trying to click on: {element.toString()}
2023-11-29 22:16:29,912 [main] INFO  base.BaseClass - Clicked on: {element.toString()}
2023-11-29 22:16:29,912 [main] INFO  base.BaseClass - Trying to find Element By {by.toString()})
TimeoutException occurred: Expected condition failed: waiting for helper.WaitUtility$2@16004f3d (tried for 50 second(s) with 500 milliseconds interval)
2023-11-29 22:17:19,974 [main] ERROR XGLT_15177_Test - Element did not become visible within the specified time: Expected condition failed: waiting for helper.WaitUtility$2@16004f3d (tried for 50 second(s) with 500 milliseconds interval)
2023-11-29 22:17:19,974 [main] INFO  base.BaseClass - Trying to find Element By {by.toString()})
CustomDatePB failed!
]]></system-out>
  </testcase>
  <testcase name="MCsetUser" classname="XGLT_6992_Test" time="249.317">
    <system-out><![CDATA[2023-11-29 22:18:10,236 [main] INFO  XGLT_15177_Test - closing up browser
2023-11-29 22:18:11,144 [main] INFO  base.BaseClass - Login to XGL
2023-11-29 22:18:11,144 [main] INFO  XGLT_15177_Test - Setting up browser
2023-11-29 22:18:11,161 [main] INFO  io.github.bonigarcia.wdm.WebDriverManager - Using chromedriver 119.0.6045.105 (resolved driver for Chrome 119)
2023-11-29 22:18:11,182 [main] INFO  io.github.bonigarcia.wdm.WebDriverManager - Exporting webdriver.chrome.driver as C:\Users\dP-PL\.cache\selenium\chromedriver\win64\119.0.6045.105\chromedriver.exe
2023-11-29 22:18:13,368 [main] INFO  base.BaseClass - Before navigating to {url}
2023-11-29 22:18:21,102 [main] INFO  base.BaseClass - Navigated to {url}
2023-11-29 22:18:21,632 [main] INFO  base.BaseClass - Trying to find Element By {by.toString()})
2023-11-29 22:18:21,653 [main] INFO  base.BaseClass - Found Element By {by.toString()}
2023-11-29 22:18:21,721 [main] INFO  base.BaseClass - Trying to find Element By {by.toString()})
2023-11-29 22:18:21,734 [main] INFO  base.BaseClass - Found Element By {by.toString()}
2023-11-29 22:18:21,875 [main] INFO  base.BaseClass - Trying to find Element By {by.toString()})
2023-11-29 22:18:21,894 [main] INFO  base.BaseClass - Found Element By {by.toString()}
2023-11-29 22:18:21,894 [main] INFO  base.BaseClass - Trying to click on: {element.toString()}
2023-11-29 22:18:21,970 [main] INFO  base.BaseClass - Clicked on: {element.toString()}
2023-11-29 22:18:21,970 [main] INFO  base.BaseClass - Trying to find Element By {by.toString()})
2023-11-29 22:18:32,747 [main] INFO  base.BaseClass - Found Element By {by.toString()}
2023-11-29 22:18:32,768 [main] INFO  base.BaseClass - Trying to find Element By {by.toString()})
2023-11-29 22:18:34,617 [main] INFO  base.BaseClass - Found Element By {by.toString()}
2023-11-29 22:18:34,617 [main] INFO  base.BaseClass - Trying to click on: {element.toString()}
2023-11-29 22:18:34,831 [main] INFO  base.BaseClass - Clicked on: {element.toString()}
Before method Test name: Maintainance Tests
MCsetUser started!
2023-11-29 22:18:34,834 [main] INFO  base.BaseClass - Trying to find Element By {by.toString()})
2023-11-29 22:18:34,856 [main] INFO  base.BaseClass - Found Element By {by.toString()}
2023-11-29 22:18:34,877 [main] INFO  base.BaseClass - Trying to find Element By {by.toString()})
2023-11-29 22:18:34,892 [main] INFO  base.BaseClass - Found Element By {by.toString()}
2023-11-29 22:18:35,436 [main] INFO  base.BaseClass - Trying to find Element By {by.toString()})
2023-11-29 22:18:35,482 [main] INFO  base.BaseClass - Found Element By {by.toString()}
2023-11-29 22:18:36,026 [main] INFO  base.BaseClass - Trying to find Element By {by.toString()})
2023-11-29 22:18:36,067 [main] INFO  base.BaseClass - Found Element By {by.toString()}
2023-11-29 22:18:36,603 [main] INFO  base.BaseClass - Trying to find Element By {by.toString()})
2023-11-29 22:18:36,646 [main] INFO  base.BaseClass - Found Element By {by.toString()}
2023-11-29 22:18:37,178 [main] INFO  base.BaseClass - Trying to find Element By {by.toString()})
2023-11-29 22:18:37,208 [main] INFO  base.BaseClass - Found Element By {by.toString()}
2023-11-29 22:18:37,751 [main] INFO  base.BaseClass - Trying to find Element By {by.toString()})
2023-11-29 22:18:37,789 [main] INFO  base.BaseClass - Found Element By {by.toString()}
2023-11-29 22:18:38,359 [main] INFO  base.BaseClass - Trying to find Element By {by.toString()})
2023-11-29 22:18:38,378 [main] INFO  base.BaseClass - Found Element By {by.toString()}
2023-11-29 22:18:38,917 [main] INFO  base.BaseClass - Trying to find Element By {by.toString()})
2023-11-29 22:18:38,936 [main] INFO  base.BaseClass - Found Element By {by.toString()}
2023-11-29 22:18:39,480 [main] INFO  base.BaseClass - Trying to find Element By {by.toString()})
2023-11-29 22:18:39,489 [main] INFO  base.BaseClass - Found Element By {by.toString()}
2023-11-29 22:18:40,009 [main] INFO  base.BaseClass - Trying to find Element By {by.toString()})
2023-11-29 22:18:40,018 [main] INFO  base.BaseClass - Found Element By {by.toString()}
2023-11-29 22:18:40,537 [main] INFO  base.BaseClass - Trying to find Element By {by.toString()})
2023-11-29 22:18:40,549 [main] INFO  base.BaseClass - Found Element By {by.toString()}
2023-11-29 22:18:41,066 [main] INFO  base.BaseClass - Trying to find Element By {by.toString()})
2023-11-29 22:18:41,083 [main] INFO  base.BaseClass - Found Element By {by.toString()}
2023-11-29 22:18:41,616 [main] INFO  base.BaseClass - Trying to find Element By {by.toString()})
2023-11-29 22:18:41,633 [main] INFO  base.BaseClass - Found Element By {by.toString()}
2023-11-29 22:18:42,164 [main] INFO  base.BaseClass - Trying to find Element By {by.toString()})
2023-11-29 22:18:42,181 [main] INFO  base.BaseClass - Found Element By {by.toString()}
2023-11-29 22:18:42,710 [main] INFO  base.BaseClass - Trying to find Element By {by.toString()})
2023-11-29 22:18:42,728 [main] INFO  base.BaseClass - Found Element By {by.toString()}
2023-11-29 22:18:43,255 [main] INFO  base.BaseClass - Trying to find Element By {by.toString()})
2023-11-29 22:18:43,273 [main] INFO  base.BaseClass - Found Element By {by.toString()}
2023-11-29 22:18:43,816 [main] INFO  base.BaseClass - Trying to find Element By {by.toString()})
2023-11-29 22:18:43,833 [main] INFO  base.BaseClass - Found Element By {by.toString()}
2023-11-29 22:18:44,375 [main] INFO  base.BaseClass - Trying to find Element By {by.toString()})
2023-11-29 22:18:44,390 [main] INFO  base.BaseClass - Found Element By {by.toString()}
2023-11-29 22:18:44,915 [main] INFO  base.BaseClass - Trying to find Element By {by.toString()})
2023-11-29 22:18:44,925 [main] INFO  base.BaseClass - Found Element By {by.toString()}
2023-11-29 22:18:45,444 [main] INFO  base.BaseClass - Trying to find Element By {by.toString()})
2023-11-29 22:18:45,461 [main] INFO  base.BaseClass - Found Element By {by.toString()}
2023-11-29 22:18:45,995 [main] INFO  base.BaseClass - Trying to find Element By {by.toString()})
2023-11-29 22:18:46,011 [main] INFO  base.BaseClass - Found Element By {by.toString()}
2023-11-29 22:18:46,535 [main] INFO  base.BaseClass - Trying to find Element By {by.toString()})
2023-11-29 22:18:46,554 [main] INFO  base.BaseClass - Found Element By {by.toString()}
2023-11-29 22:18:47,085 [main] INFO  base.BaseClass - Trying to find Element By {by.toString()})
2023-11-29 22:18:47,095 [main] INFO  base.BaseClass - Found Element By {by.toString()}
2023-11-29 22:18:47,628 [main] INFO  base.BaseClass - Trying to find Element By {by.toString()})
2023-11-29 22:18:47,643 [main] INFO  base.BaseClass - Found Element By {by.toString()}
2023-11-29 22:18:48,166 [main] INFO  base.BaseClass - Trying to find Element By {by.toString()})
2023-11-29 22:18:48,187 [main] INFO  base.BaseClass - Found Element By {by.toString()}
2023-11-29 22:18:48,725 [main] INFO  base.BaseClass - Trying to find Element By {by.toString()})
2023-11-29 22:18:48,753 [main] INFO  base.BaseClass - Found Element By {by.toString()}
2023-11-29 22:18:49,301 [main] INFO  base.BaseClass - Trying to find Element By {by.toString()})
2023-11-29 22:18:49,329 [main] INFO  base.BaseClass - Found Element By {by.toString()}
2023-11-29 22:18:49,881 [main] INFO  base.BaseClass - Trying to find Element By {by.toString()})
2023-11-29 22:18:49,891 [main] INFO  base.BaseClass - Found Element By {by.toString()}
2023-11-29 22:18:50,407 [main] INFO  base.BaseClass - Trying to find Element By {by.toString()})
2023-11-29 22:18:50,424 [main] INFO  base.BaseClass - Found Element By {by.toString()}
2023-11-29 22:18:50,946 [main] INFO  base.BaseClass - Trying to find Element By {by.toString()})
2023-11-29 22:18:50,963 [main] INFO  base.BaseClass - Found Element By {by.toString()}
2023-11-29 22:18:51,489 [main] INFO  base.BaseClass - Trying to find Element By {by.toString()})
2023-11-29 22:18:51,510 [main] INFO  base.BaseClass - Found Element By {by.toString()}
2023-11-29 22:18:52,042 [main] INFO  base.BaseClass - Trying to find Element By {by.toString()})
2023-11-29 22:18:52,055 [main] INFO  base.BaseClass - Found Element By {by.toString()}
2023-11-29 22:18:52,580 [main] INFO  base.BaseClass - Trying to find Element By {by.toString()})
2023-11-29 22:18:52,599 [main] INFO  base.BaseClass - Found Element By {by.toString()}
2023-11-29 22:18:53,145 [main] INFO  base.BaseClass - Trying to find Element By {by.toString()})
2023-11-29 22:18:53,157 [main] INFO  base.BaseClass - Found Element By {by.toString()}
2023-11-29 22:18:53,683 [main] INFO  base.BaseClass - Trying to find Element By {by.toString()})
2023-11-29 22:18:53,703 [main] INFO  base.BaseClass - Found Element By {by.toString()}
2023-11-29 22:18:54,231 [main] INFO  base.BaseClass - Trying to find Element By {by.toString()})
2023-11-29 22:18:54,249 [main] INFO  base.BaseClass - Found Element By {by.toString()}
2023-11-29 22:18:54,781 [main] INFO  base.BaseClass - Trying to find Element By {by.toString()})
2023-11-29 22:18:54,810 [main] INFO  base.BaseClass - Found Element By {by.toString()}
2023-11-29 22:18:55,352 [main] INFO  base.BaseClass - Trying to find Element By {by.toString()})
2023-11-29 22:18:55,370 [main] INFO  base.BaseClass - Found Element By {by.toString()}
2023-11-29 22:18:55,909 [main] INFO  base.BaseClass - Trying to find Element By {by.toString()})
2023-11-29 22:18:55,933 [main] INFO  base.BaseClass - Found Element By {by.toString()}
2023-11-29 22:18:56,462 [main] INFO  base.BaseClass - Trying to find Element By {by.toString()})
2023-11-29 22:18:56,479 [main] INFO  base.BaseClass - Found Element By {by.toString()}
2023-11-29 22:18:57,016 [main] INFO  base.BaseClass - Trying to find Element By {by.toString()})
2023-11-29 22:18:57,025 [main] INFO  base.BaseClass - Found Element By {by.toString()}
2023-11-29 22:18:57,539 [main] INFO  base.BaseClass - Trying to find Element By {by.toString()})
2023-11-29 22:18:57,561 [main] INFO  base.BaseClass - Found Element By {by.toString()}
2023-11-29 22:18:58,112 [main] INFO  base.BaseClass - Trying to find Element By {by.toString()})
2023-11-29 22:18:58,134 [main] INFO  base.BaseClass - Found Element By {by.toString()}
2023-11-29 22:18:58,664 [main] INFO  base.BaseClass - Trying to find Element By {by.toString()})
2023-11-29 22:18:58,692 [main] INFO  base.BaseClass - Found Element By {by.toString()}
2023-11-29 22:18:59,241 [main] INFO  base.BaseClass - Trying to find Element By {by.toString()})
2023-11-29 22:18:59,276 [main] INFO  base.BaseClass - Found Element By {by.toString()}
2023-11-29 22:18:59,807 [main] INFO  base.BaseClass - Trying to find Element By {by.toString()})
2023-11-29 22:18:59,824 [main] INFO  base.BaseClass - Found Element By {by.toString()}
2023-11-29 22:19:00,355 [main] INFO  base.BaseClass - Trying to find Element By {by.toString()})
2023-11-29 22:19:00,364 [main] INFO  base.BaseClass - Found Element By {by.toString()}
2023-11-29 22:19:00,888 [main] INFO  base.BaseClass - Trying to find Element By {by.toString()})
2023-11-29 22:19:00,913 [main] INFO  base.BaseClass - Found Element By {by.toString()}
2023-11-29 22:19:01,452 [main] INFO  base.BaseClass - Trying to find Element By {by.toString()})
2023-11-29 22:19:01,479 [main] INFO  base.BaseClass - Found Element By {by.toString()}
2023-11-29 22:19:02,032 [main] INFO  base.BaseClass - Trying to find Element By {by.toString()})
2023-11-29 22:19:02,058 [main] INFO  base.BaseClass - Found Element By {by.toString()}
2023-11-29 22:19:02,608 [main] INFO  base.BaseClass - Trying to find Element By {by.toString()})
2023-11-29 22:19:02,635 [main] INFO  base.BaseClass - Found Element By {by.toString()}
2023-11-29 22:19:03,184 [main] INFO  base.BaseClass - Trying to find Element By {by.toString()})
2023-11-29 22:19:03,211 [main] INFO  base.BaseClass - Found Element By {by.toString()}
2023-11-29 22:19:03,761 [main] INFO  base.BaseClass - Trying to find Element By {by.toString()})
2023-11-29 22:19:03,784 [main] INFO  base.BaseClass - Found Element By {by.toString()}
2023-11-29 22:19:04,326 [main] INFO  base.BaseClass - Trying to find Element By {by.toString()})
2023-11-29 22:19:04,350 [main] INFO  base.BaseClass - Found Element By {by.toString()}
2023-11-29 22:19:04,891 [main] INFO  base.BaseClass - Trying to find Element By {by.toString()})
2023-11-29 22:19:04,915 [main] INFO  base.BaseClass - Found Element By {by.toString()}
TimeoutException occurred: Expected condition failed: waiting for helper.WaitUtility$5@7f05accb (tried for 30 second(s) with 500 milliseconds interval)
Build info: version: '3.141.59', revision: 'e82be7d358', time: '2018-11-14T08:17:03'
System info: host: 'DPLAP166', ip: '137.237.3.153', os.name: 'Windows 10', os.arch: 'amd64', os.version: '10.0', java.version: '19.0.1'
Driver info: org.openqa.selenium.support.events.EventFiringWebDriver
Capabilities {acceptInsecureCerts: true, browserName: chrome, browserVersion: 119.0.6045.200, chrome: {chromedriverVersion: 119.0.6045.105 (38c72552c5e..., userDataDir: C:\Users\dP-PL\AppData\Loca...}, fedcm:accounts: true, goog:chromeOptions: {debuggerAddress: localhost:56463}, javascriptEnabled: true, networkConnectionEnabled: false, pageLoadStrategy: normal, platform: WINDOWS, platformName: WINDOWS, proxy: Proxy(), setWindowRect: true, strictFileInteractability: false, timeouts: {implicit: 0, pageLoad: 300000, script: 30000}, unhandledPromptBehavior: dismiss and notify, webauthn:extension:credBlob: true, webauthn:extension:largeBlob: true, webauthn:extension:minPinLength: true, webauthn:extension:prf: true, webauthn:virtualAuthenticators: true}
Session ID: 76f184fea3ff5c0df246dcda4d7bcc92
2023-11-29 22:19:04,950 [main] ERROR XGLT_15177_Test - Element did not become visible within the specified time: Expected condition failed: waiting for helper.WaitUtility$5@7f05accb (tried for 30 second(s) with 500 milliseconds interval)
Build info: version: '3.141.59', revision: 'e82be7d358', time: '2018-11-14T08:17:03'
System info: host: 'DPLAP166', ip: '137.237.3.153', os.name: 'Windows 10', os.arch: 'amd64', os.version: '10.0', java.version: '19.0.1'
Driver info: org.openqa.selenium.support.events.EventFiringWebDriver
Capabilities {acceptInsecureCerts: true, browserName: chrome, browserVersion: 119.0.6045.200, chrome: {chromedriverVersion: 119.0.6045.105 (38c72552c5e..., userDataDir: C:\Users\dP-PL\AppData\Loca...}, fedcm:accounts: true, goog:chromeOptions: {debuggerAddress: localhost:56463}, javascriptEnabled: true, networkConnectionEnabled: false, pageLoadStrategy: normal, platform: WINDOWS, platformName: WINDOWS, proxy: Proxy(), setWindowRect: true, strictFileInteractability: false, timeouts: {implicit: 0, pageLoad: 300000, script: 30000}, unhandledPromptBehavior: dismiss and notify, webauthn:extension:credBlob: true, webauthn:extension:largeBlob: true, webauthn:extension:minPinLength: true, webauthn:extension:prf: true, webauthn:virtualAuthenticators: true}
Session ID: 76f184fea3ff5c0df246dcda4d7bcc92
2023-11-29 22:19:04,951 [main] INFO  base.BaseClass - Trying to find Element By {by.toString()})
2023-11-29 22:19:04,970 [main] INFO  base.BaseClass - Found Element By {by.toString()}
2023-11-29 22:19:05,014 [main] INFO  base.BaseClass - Trying to find Element By {by.toString()})
2023-11-29 22:19:05,024 [main] INFO  base.BaseClass - Found Element By {by.toString()}
2023-11-29 22:19:05,033 [main] INFO  base.BaseClass - Trying to find Element By {by.toString()})
2023-11-29 22:19:05,050 [main] INFO  base.BaseClass - Found Element By {by.toString()}
2023-11-29 22:19:05,064 [main] INFO  base.BaseClass - Trying to find Element By {by.toString()})
2023-11-29 22:19:05,079 [main] INFO  base.BaseClass - Found Element By {by.toString()}
2023-11-29 22:19:05,608 [main] INFO  base.BaseClass - Trying to find Element By {by.toString()})
2023-11-29 22:19:05,633 [main] INFO  base.BaseClass - Found Element By {by.toString()}
2023-11-29 22:19:06,172 [main] INFO  base.BaseClass - Trying to find Element By {by.toString()})
2023-11-29 22:19:06,198 [main] INFO  base.BaseClass - Found Element By {by.toString()}
2023-11-29 22:19:06,754 [main] INFO  base.BaseClass - Trying to find Element By {by.toString()})
2023-11-29 22:19:06,781 [main] INFO  base.BaseClass - Found Element By {by.toString()}
2023-11-29 22:19:07,329 [main] INFO  base.BaseClass - Trying to find Element By {by.toString()})
2023-11-29 22:19:07,358 [main] INFO  base.BaseClass - Found Element By {by.toString()}
2023-11-29 22:19:07,910 [main] INFO  base.BaseClass - Trying to find Element By {by.toString()})
2023-11-29 22:19:07,934 [main] INFO  base.BaseClass - Found Element By {by.toString()}
2023-11-29 22:19:08,474 [main] INFO  base.BaseClass - Trying to find Element By {by.toString()})
2023-11-29 22:19:08,499 [main] INFO  base.BaseClass - Found Element By {by.toString()}
2023-11-29 22:19:09,039 [main] INFO  base.BaseClass - Trying to find Element By {by.toString()})
2023-11-29 22:19:09,064 [main] INFO  base.BaseClass - Found Element By {by.toString()}
2023-11-29 22:19:09,614 [main] INFO  base.BaseClass - Trying to find Element By {by.toString()})
2023-11-29 22:19:09,638 [main] INFO  base.BaseClass - Found Element By {by.toString()}
2023-11-29 22:19:10,174 [main] INFO  base.BaseClass - Trying to find Element By {by.toString()})
2023-11-29 22:19:10,199 [main] INFO  base.BaseClass - Found Element By {by.toString()}
2023-11-29 22:19:10,736 [main] INFO  base.BaseClass - Trying to find Element By {by.toString()})
2023-11-29 22:19:10,761 [main] INFO  base.BaseClass - Found Element By {by.toString()}
2023-11-29 22:19:11,302 [main] INFO  base.BaseClass - Trying to find Element By {by.toString()})
2023-11-29 22:19:11,330 [main] INFO  base.BaseClass - Found Element By {by.toString()}
2023-11-29 22:19:11,879 [main] INFO  base.BaseClass - Trying to find Element By {by.toString()})
2023-11-29 22:19:11,902 [main] INFO  base.BaseClass - Found Element By {by.toString()}
2023-11-29 22:19:12,442 [main] INFO  base.BaseClass - Trying to find Element By {by.toString()})
2023-11-29 22:19:12,466 [main] INFO  base.BaseClass - Found Element By {by.toString()}
2023-11-29 22:19:13,007 [main] INFO  base.BaseClass - Trying to find Element By {by.toString()})
2023-11-29 22:19:13,032 [main] INFO  base.BaseClass - Found Element By {by.toString()}
2023-11-29 22:19:13,586 [main] INFO  base.BaseClass - Trying to find Element By {by.toString()})
2023-11-29 22:19:13,614 [main] INFO  base.BaseClass - Found Element By {by.toString()}
2023-11-29 22:19:14,152 [main] INFO  base.BaseClass - Trying to find Element By {by.toString()})
2023-11-29 22:19:14,165 [main] INFO  base.BaseClass - Found Element By {by.toString()}
2023-11-29 22:19:14,696 [main] INFO  base.BaseClass - Trying to find Element By {by.toString()})
2023-11-29 22:19:14,721 [main] INFO  base.BaseClass - Found Element By {by.toString()}
2023-11-29 22:19:15,261 [main] INFO  base.BaseClass - Trying to find Element By {by.toString()})
2023-11-29 22:19:15,287 [main] INFO  base.BaseClass - Found Element By {by.toString()}
2023-11-29 22:19:15,838 [main] INFO  base.BaseClass - Trying to find Element By {by.toString()})
2023-11-29 22:19:15,861 [main] INFO  base.BaseClass - Found Element By {by.toString()}
2023-11-29 22:19:16,402 [main] INFO  base.BaseClass - Trying to find Element By {by.toString()})
2023-11-29 22:19:16,420 [main] INFO  base.BaseClass - Found Element By {by.toString()}
2023-11-29 22:19:16,956 [main] INFO  base.BaseClass - Trying to find Element By {by.toString()})
2023-11-29 22:19:16,974 [main] INFO  base.BaseClass - Found Element By {by.toString()}
2023-11-29 22:19:17,503 [main] INFO  base.BaseClass - Trying to find Element By {by.toString()})
2023-11-29 22:19:17,519 [main] INFO  base.BaseClass - Found Element By {by.toString()}
2023-11-29 22:19:18,049 [main] INFO  base.BaseClass - Trying to find Element By {by.toString()})
2023-11-29 22:19:18,067 [main] INFO  base.BaseClass - Found Element By {by.toString()}
2023-11-29 22:19:18,609 [main] INFO  base.BaseClass - Trying to find Element By {by.toString()})
2023-11-29 22:19:18,626 [main] INFO  base.BaseClass - Found Element By {by.toString()}
2023-11-29 22:19:19,159 [main] INFO  base.BaseClass - Trying to find Element By {by.toString()})
2023-11-29 22:19:19,174 [main] INFO  base.BaseClass - Found Element By {by.toString()}
2023-11-29 22:19:19,708 [main] INFO  base.BaseClass - Trying to find Element By {by.toString()})
2023-11-29 22:19:19,732 [main] INFO  base.BaseClass - Found Element By {by.toString()}
2023-11-29 22:19:20,274 [main] INFO  base.BaseClass - Trying to find Element By {by.toString()})
2023-11-29 22:19:20,295 [main] INFO  base.BaseClass - Found Element By {by.toString()}
2023-11-29 22:19:20,834 [main] INFO  base.BaseClass - Trying to find Element By {by.toString()})
2023-11-29 22:19:20,859 [main] INFO  base.BaseClass - Found Element By {by.toString()}
2023-11-29 22:19:21,398 [main] INFO  base.BaseClass - Trying to find Element By {by.toString()})
2023-11-29 22:19:21,422 [main] INFO  base.BaseClass - Found Element By {by.toString()}
2023-11-29 22:19:21,965 [main] INFO  base.BaseClass - Trying to find Element By {by.toString()})
2023-11-29 22:19:21,982 [main] INFO  base.BaseClass - Found Element By {by.toString()}
2023-11-29 22:19:22,510 [main] INFO  base.BaseClass - Trying to find Element By {by.toString()})
2023-11-29 22:19:22,526 [main] INFO  base.BaseClass - Found Element By {by.toString()}
2023-11-29 22:19:23,061 [main] INFO  base.BaseClass - Trying to find Element By {by.toString()})
2023-11-29 22:19:23,082 [main] INFO  base.BaseClass - Found Element By {by.toString()}
2023-11-29 22:19:23,622 [main] INFO  base.BaseClass - Trying to find Element By {by.toString()})
2023-11-29 22:19:23,647 [main] INFO  base.BaseClass - Found Element By {by.toString()}
2023-11-29 22:19:24,185 [main] INFO  base.BaseClass - Trying to find Element By {by.toString()})
2023-11-29 22:19:24,211 [main] INFO  base.BaseClass - Found Element By {by.toString()}
2023-11-29 22:19:24,752 [main] INFO  base.BaseClass - Trying to find Element By {by.toString()})
2023-11-29 22:19:24,775 [main] INFO  base.BaseClass - Found Element By {by.toString()}
2023-11-29 22:19:25,316 [main] INFO  base.BaseClass - Trying to find Element By {by.toString()})
2023-11-29 22:19:25,341 [main] INFO  base.BaseClass - Found Element By {by.toString()}
2023-11-29 22:19:25,875 [main] INFO  base.BaseClass - Trying to find Element By {by.toString()})
2023-11-29 22:19:25,905 [main] INFO  base.BaseClass - Found Element By {by.toString()}
2023-11-29 22:19:26,437 [main] INFO  base.BaseClass - Trying to find Element By {by.toString()})
2023-11-29 22:19:26,465 [main] INFO  base.BaseClass - Found Element By {by.toString()}
2023-11-29 22:19:27,016 [main] INFO  base.BaseClass - Trying to find Element By {by.toString()})
2023-11-29 22:19:27,040 [main] INFO  base.BaseClass - Found Element By {by.toString()}
2023-11-29 22:19:27,591 [main] INFO  base.BaseClass - Trying to find Element By {by.toString()})
2023-11-29 22:19:27,616 [main] INFO  base.BaseClass - Found Element By {by.toString()}
2023-11-29 22:19:28,169 [main] INFO  base.BaseClass - Trying to find Element By {by.toString()})
2023-11-29 22:19:28,193 [main] INFO  base.BaseClass - Found Element By {by.toString()}
2023-11-29 22:19:28,731 [main] INFO  base.BaseClass - Trying to find Element By {by.toString()})
2023-11-29 22:19:28,756 [main] INFO  base.BaseClass - Found Element By {by.toString()}
2023-11-29 22:19:29,297 [main] INFO  base.BaseClass - Trying to find Element By {by.toString()})
2023-11-29 22:19:29,323 [main] INFO  base.BaseClass - Found Element By {by.toString()}
2023-11-29 22:19:29,873 [main] INFO  base.BaseClass - Trying to find Element By {by.toString()})
2023-11-29 22:19:29,899 [main] INFO  base.BaseClass - Found Element By {by.toString()}
2023-11-29 22:19:30,437 [main] INFO  base.BaseClass - Trying to find Element By {by.toString()})
2023-11-29 22:19:30,463 [main] INFO  base.BaseClass - Found Element By {by.toString()}
2023-11-29 22:19:31,013 [main] INFO  base.BaseClass - Trying to find Element By {by.toString()})
2023-11-29 22:19:31,038 [main] INFO  base.BaseClass - Found Element By {by.toString()}
2023-11-29 22:19:31,578 [main] INFO  base.BaseClass - Trying to find Element By {by.toString()})
2023-11-29 22:19:31,604 [main] INFO  base.BaseClass - Found Element By {by.toString()}
2023-11-29 22:19:32,159 [main] INFO  base.BaseClass - Trying to find Element By {by.toString()})
2023-11-29 22:19:32,185 [main] INFO  base.BaseClass - Found Element By {by.toString()}
2023-11-29 22:19:32,723 [main] INFO  base.BaseClass - Trying to find Element By {by.toString()})
2023-11-29 22:19:32,749 [main] INFO  base.BaseClass - Found Element By {by.toString()}
2023-11-29 22:19:33,290 [main] INFO  base.BaseClass - Trying to find Element By {by.toString()})
2023-11-29 22:19:33,315 [main] INFO  base.BaseClass - Found Element By {by.toString()}
2023-11-29 22:19:33,853 [main] INFO  base.BaseClass - Trying to find Element By {by.toString()})
2023-11-29 22:19:33,880 [main] INFO  base.BaseClass - Found Element By {by.toString()}
2023-11-29 22:19:34,418 [main] INFO  base.BaseClass - Trying to find Element By {by.toString()})
2023-11-29 22:19:34,444 [main] INFO  base.BaseClass - Found Element By {by.toString()}
2023-11-29 22:19:34,977 [main] INFO  base.BaseClass - Trying to find Element By {by.toString()})
2023-11-29 22:19:35,005 [main] INFO  base.BaseClass - Found Element By {by.toString()}
2023-11-29 22:19:35,542 [main] INFO  base.BaseClass - Trying to find Element By {by.toString()})
2023-11-29 22:19:35,567 [main] INFO  base.BaseClass - Found Element By {by.toString()}
TimeoutException occurred: Expected condition failed: waiting for helper.WaitUtility$5@4a6207b4 (tried for 30 second(s) with 500 milliseconds interval)
Build info: version: '3.141.59', revision: 'e82be7d358', time: '2018-11-14T08:17:03'
System info: host: 'DPLAP166', ip: '137.237.3.153', os.name: 'Windows 10', os.arch: 'amd64', os.version: '10.0', java.version: '19.0.1'
Driver info: org.openqa.selenium.support.events.EventFiringWebDriver
Capabilities {acceptInsecureCerts: true, browserName: chrome, browserVersion: 119.0.6045.200, chrome: {chromedriverVersion: 119.0.6045.105 (38c72552c5e..., userDataDir: C:\Users\dP-PL\AppData\Loca...}, fedcm:accounts: true, goog:chromeOptions: {debuggerAddress: localhost:56463}, javascriptEnabled: true, networkConnectionEnabled: false, pageLoadStrategy: normal, platform: WINDOWS, platformName: WINDOWS, proxy: Proxy(), setWindowRect: true, strictFileInteractability: false, timeouts: {implicit: 0, pageLoad: 300000, script: 30000}, unhandledPromptBehavior: dismiss and notify, webauthn:extension:credBlob: true, webauthn:extension:largeBlob: true, webauthn:extension:minPinLength: true, webauthn:extension:prf: true, webauthn:virtualAuthenticators: true}
Session ID: 76f184fea3ff5c0df246dcda4d7bcc92
2023-11-29 22:19:35,603 [main] ERROR XGLT_15177_Test - Element did not become visible within the specified time: Expected condition failed: waiting for helper.WaitUtility$5@4a6207b4 (tried for 30 second(s) with 500 milliseconds interval)
Build info: version: '3.141.59', revision: 'e82be7d358', time: '2018-11-14T08:17:03'
System info: host: 'DPLAP166', ip: '137.237.3.153', os.name: 'Windows 10', os.arch: 'amd64', os.version: '10.0', java.version: '19.0.1'
Driver info: org.openqa.selenium.support.events.EventFiringWebDriver
Capabilities {acceptInsecureCerts: true, browserName: chrome, browserVersion: 119.0.6045.200, chrome: {chromedriverVersion: 119.0.6045.105 (38c72552c5e..., userDataDir: C:\Users\dP-PL\AppData\Loca...}, fedcm:accounts: true, goog:chromeOptions: {debuggerAddress: localhost:56463}, javascriptEnabled: true, networkConnectionEnabled: false, pageLoadStrategy: normal, platform: WINDOWS, platformName: WINDOWS, proxy: Proxy(), setWindowRect: true, strictFileInteractability: false, timeouts: {implicit: 0, pageLoad: 300000, script: 30000}, unhandledPromptBehavior: dismiss and notify, webauthn:extension:credBlob: true, webauthn:extension:largeBlob: true, webauthn:extension:minPinLength: true, webauthn:extension:prf: true, webauthn:virtualAuthenticators: true}
Session ID: 76f184fea3ff5c0df246dcda4d7bcc92
2023-11-29 22:19:35,603 [main] INFO  base.BaseClass - Trying to find Element By {by.toString()})
2023-11-29 22:19:35,626 [main] INFO  base.BaseClass - Found Element By {by.toString()}
2023-11-29 22:19:35,683 [main] INFO  base.BaseClass - Trying to find Element By {by.toString()})
2023-11-29 22:19:35,701 [main] INFO  base.BaseClass - Found Element By {by.toString()}
2023-11-29 22:19:36,232 [main] INFO  base.BaseClass - Trying to find Element By {by.toString()})
2023-11-29 22:19:36,258 [main] INFO  base.BaseClass - Found Element By {by.toString()}
2023-11-29 22:19:36,809 [main] INFO  base.BaseClass - Trying to find Element By {by.toString()})
2023-11-29 22:19:36,837 [main] INFO  base.BaseClass - Found Element By {by.toString()}
2023-11-29 22:19:37,388 [main] INFO  base.BaseClass - Trying to find Element By {by.toString()})
2023-11-29 22:19:37,417 [main] INFO  base.BaseClass - Found Element By {by.toString()}
2023-11-29 22:19:37,968 [main] INFO  base.BaseClass - Trying to find Element By {by.toString()})
2023-11-29 22:19:37,993 [main] INFO  base.BaseClass - Found Element By {by.toString()}
2023-11-29 22:19:38,537 [main] INFO  base.BaseClass - Trying to find Element By {by.toString()})
2023-11-29 22:19:38,563 [main] INFO  base.BaseClass - Found Element By {by.toString()}
2023-11-29 22:19:39,112 [main] INFO  base.BaseClass - Trying to find Element By {by.toString()})
2023-11-29 22:19:39,135 [main] INFO  base.BaseClass - Found Element By {by.toString()}
2023-11-29 22:19:39,674 [main] INFO  base.BaseClass - Trying to find Element By {by.toString()})
2023-11-29 22:19:39,703 [main] INFO  base.BaseClass - Found Element By {by.toString()}
2023-11-29 22:19:40,252 [main] INFO  base.BaseClass - Trying to find Element By {by.toString()})
2023-11-29 22:19:40,278 [main] INFO  base.BaseClass - Found Element By {by.toString()}
2023-11-29 22:19:40,831 [main] INFO  base.BaseClass - Trying to find Element By {by.toString()})
2023-11-29 22:19:40,857 [main] INFO  base.BaseClass - Found Element By {by.toString()}
2023-11-29 22:19:41,407 [main] INFO  base.BaseClass - Trying to find Element By {by.toString()})
2023-11-29 22:19:41,432 [main] INFO  base.BaseClass - Found Element By {by.toString()}
2023-11-29 22:19:41,984 [main] INFO  base.BaseClass - Trying to find Element By {by.toString()})
2023-11-29 22:19:41,993 [main] INFO  base.BaseClass - Found Element By {by.toString()}
2023-11-29 22:19:42,531 [main] INFO  base.BaseClass - Trying to find Element By {by.toString()})
2023-11-29 22:19:42,556 [main] INFO  base.BaseClass - Found Element By {by.toString()}
2023-11-29 22:19:43,104 [main] INFO  base.BaseClass - Trying to find Element By {by.toString()})
2023-11-29 22:19:43,130 [main] INFO  base.BaseClass - Found Element By {by.toString()}
2023-11-29 22:19:43,680 [main] INFO  base.BaseClass - Trying to find Element By {by.toString()})
2023-11-29 22:19:43,705 [main] INFO  base.BaseClass - Found Element By {by.toString()}
2023-11-29 22:19:44,243 [main] INFO  base.BaseClass - Trying to find Element By {by.toString()})
2023-11-29 22:19:44,268 [main] INFO  base.BaseClass - Found Element By {by.toString()}
2023-11-29 22:19:44,820 [main] INFO  base.BaseClass - Trying to find Element By {by.toString()})
2023-11-29 22:19:44,844 [main] INFO  base.BaseClass - Found Element By {by.toString()}
2023-11-29 22:19:45,383 [main] INFO  base.BaseClass - Trying to find Element By {by.toString()})
2023-11-29 22:19:45,408 [main] INFO  base.BaseClass - Found Element By {by.toString()}
2023-11-29 22:19:45,944 [main] INFO  base.BaseClass - Trying to find Element By {by.toString()})
2023-11-29 22:19:45,969 [main] INFO  base.BaseClass - Found Element By {by.toString()}
2023-11-29 22:19:46,518 [main] INFO  base.BaseClass - Trying to find Element By {by.toString()})
2023-11-29 22:19:46,542 [main] INFO  base.BaseClass - Found Element By {by.toString()}
2023-11-29 22:19:47,082 [main] INFO  base.BaseClass - Trying to find Element By {by.toString()})
2023-11-29 22:19:47,109 [main] INFO  base.BaseClass - Found Element By {by.toString()}
2023-11-29 22:19:47,647 [main] INFO  base.BaseClass - Trying to find Element By {by.toString()})
2023-11-29 22:19:47,671 [main] INFO  base.BaseClass - Found Element By {by.toString()}
2023-11-29 22:19:48,211 [main] INFO  base.BaseClass - Trying to find Element By {by.toString()})
2023-11-29 22:19:48,227 [main] INFO  base.BaseClass - Found Element By {by.toString()}
2023-11-29 22:19:48,755 [main] INFO  base.BaseClass - Trying to find Element By {by.toString()})
2023-11-29 22:19:48,778 [main] INFO  base.BaseClass - Found Element By {by.toString()}
2023-11-29 22:19:49,317 [main] INFO  base.BaseClass - Trying to find Element By {by.toString()})
2023-11-29 22:19:49,341 [main] INFO  base.BaseClass - Found Element By {by.toString()}
2023-11-29 22:19:49,880 [main] INFO  base.BaseClass - Trying to find Element By {by.toString()})
2023-11-29 22:19:49,906 [main] INFO  base.BaseClass - Found Element By {by.toString()}
2023-11-29 22:19:50,457 [main] INFO  base.BaseClass - Trying to find Element By {by.toString()})
2023-11-29 22:19:50,481 [main] INFO  base.BaseClass - Found Element By {by.toString()}
2023-11-29 22:19:51,033 [main] INFO  base.BaseClass - Trying to find Element By {by.toString()})
2023-11-29 22:19:51,059 [main] INFO  base.BaseClass - Found Element By {by.toString()}
2023-11-29 22:19:51,609 [main] INFO  base.BaseClass - Trying to find Element By {by.toString()})
2023-11-29 22:19:51,635 [main] INFO  base.BaseClass - Found Element By {by.toString()}
2023-11-29 22:19:52,176 [main] INFO  base.BaseClass - Trying to find Element By {by.toString()})
2023-11-29 22:19:52,200 [main] INFO  base.BaseClass - Found Element By {by.toString()}
2023-11-29 22:19:52,739 [main] INFO  base.BaseClass - Trying to find Element By {by.toString()})
2023-11-29 22:19:52,763 [main] INFO  base.BaseClass - Found Element By {by.toString()}
2023-11-29 22:19:53,300 [main] INFO  base.BaseClass - Trying to find Element By {by.toString()})
2023-11-29 22:19:53,325 [main] INFO  base.BaseClass - Found Element By {by.toString()}
2023-11-29 22:19:53,878 [main] INFO  base.BaseClass - Trying to find Element By {by.toString()})
2023-11-29 22:19:53,901 [main] INFO  base.BaseClass - Found Element By {by.toString()}
2023-11-29 22:19:54,446 [main] INFO  base.BaseClass - Trying to find Element By {by.toString()})
2023-11-29 22:19:54,471 [main] INFO  base.BaseClass - Found Element By {by.toString()}
2023-11-29 22:19:55,013 [main] INFO  base.BaseClass - Trying to find Element By {by.toString()})
2023-11-29 22:19:55,030 [main] INFO  base.BaseClass - Found Element By {by.toString()}
2023-11-29 22:19:55,574 [main] INFO  base.BaseClass - Trying to find Element By {by.toString()})
2023-11-29 22:19:55,599 [main] INFO  base.BaseClass - Found Element By {by.toString()}
2023-11-29 22:19:56,136 [main] INFO  base.BaseClass - Trying to find Element By {by.toString()})
2023-11-29 22:19:56,161 [main] INFO  base.BaseClass - Found Element By {by.toString()}
2023-11-29 22:19:56,700 [main] INFO  base.BaseClass - Trying to find Element By {by.toString()})
2023-11-29 22:19:56,726 [main] INFO  base.BaseClass - Found Element By {by.toString()}
2023-11-29 22:19:57,279 [main] INFO  base.BaseClass - Trying to find Element By {by.toString()})
2023-11-29 22:19:57,304 [main] INFO  base.BaseClass - Found Element By {by.toString()}
2023-11-29 22:19:57,843 [main] INFO  base.BaseClass - Trying to find Element By {by.toString()})
2023-11-29 22:19:57,868 [main] INFO  base.BaseClass - Found Element By {by.toString()}
2023-11-29 22:19:58,418 [main] INFO  base.BaseClass - Trying to find Element By {by.toString()})
2023-11-29 22:19:58,443 [main] INFO  base.BaseClass - Found Element By {by.toString()}
2023-11-29 22:19:58,985 [main] INFO  base.BaseClass - Trying to find Element By {by.toString()})
2023-11-29 22:19:59,009 [main] INFO  base.BaseClass - Found Element By {by.toString()}
2023-11-29 22:19:59,549 [main] INFO  base.BaseClass - Trying to find Element By {by.toString()})
2023-11-29 22:19:59,573 [main] INFO  base.BaseClass - Found Element By {by.toString()}
2023-11-29 22:20:00,110 [main] INFO  base.BaseClass - Trying to find Element By {by.toString()})
2023-11-29 22:20:00,126 [main] INFO  base.BaseClass - Found Element By {by.toString()}
2023-11-29 22:20:00,655 [main] INFO  base.BaseClass - Trying to find Element By {by.toString()})
2023-11-29 22:20:00,683 [main] INFO  base.BaseClass - Found Element By {by.toString()}
2023-11-29 22:20:01,224 [main] INFO  base.BaseClass - Trying to find Element By {by.toString()})
2023-11-29 22:20:01,248 [main] INFO  base.BaseClass - Found Element By {by.toString()}
2023-11-29 22:20:01,801 [main] INFO  base.BaseClass - Trying to find Element By {by.toString()})
2023-11-29 22:20:01,826 [main] INFO  base.BaseClass - Found Element By {by.toString()}
2023-11-29 22:20:02,367 [main] INFO  base.BaseClass - Trying to find Element By {by.toString()})
2023-11-29 22:20:02,392 [main] INFO  base.BaseClass - Found Element By {by.toString()}
2023-11-29 22:20:02,932 [main] INFO  base.BaseClass - Trying to find Element By {by.toString()})
2023-11-29 22:20:02,957 [main] INFO  base.BaseClass - Found Element By {by.toString()}
2023-11-29 22:20:03,508 [main] INFO  base.BaseClass - Trying to find Element By {by.toString()})
2023-11-29 22:20:03,532 [main] INFO  base.BaseClass - Found Element By {by.toString()}
2023-11-29 22:20:04,073 [main] INFO  base.BaseClass - Trying to find Element By {by.toString()})
2023-11-29 22:20:04,096 [main] INFO  base.BaseClass - Found Element By {by.toString()}
2023-11-29 22:20:04,640 [main] INFO  base.BaseClass - Trying to find Element By {by.toString()})
2023-11-29 22:20:04,664 [main] INFO  base.BaseClass - Found Element By {by.toString()}
2023-11-29 22:20:05,202 [main] INFO  base.BaseClass - Trying to find Element By {by.toString()})
2023-11-29 22:20:05,225 [main] INFO  base.BaseClass - Found Element By {by.toString()}
2023-11-29 22:20:05,763 [main] INFO  base.BaseClass - Trying to find Element By {by.toString()})
2023-11-29 22:20:05,786 [main] INFO  base.BaseClass - Found Element By {by.toString()}
TimeoutException occurred: Expected condition failed: waiting for helper.WaitUtility$5@7cbe79ea (tried for 30 second(s) with 500 milliseconds interval)
Build info: version: '3.141.59', revision: 'e82be7d358', time: '2018-11-14T08:17:03'
System info: host: 'DPLAP166', ip: '137.237.3.153', os.name: 'Windows 10', os.arch: 'amd64', os.version: '10.0', java.version: '19.0.1'
Driver info: org.openqa.selenium.support.events.EventFiringWebDriver
Capabilities {acceptInsecureCerts: true, browserName: chrome, browserVersion: 119.0.6045.200, chrome: {chromedriverVersion: 119.0.6045.105 (38c72552c5e..., userDataDir: C:\Users\dP-PL\AppData\Loca...}, fedcm:accounts: true, goog:chromeOptions: {debuggerAddress: localhost:56463}, javascriptEnabled: true, networkConnectionEnabled: false, pageLoadStrategy: normal, platform: WINDOWS, platformName: WINDOWS, proxy: Proxy(), setWindowRect: true, strictFileInteractability: false, timeouts: {implicit: 0, pageLoad: 300000, script: 30000}, unhandledPromptBehavior: dismiss and notify, webauthn:extension:credBlob: true, webauthn:extension:largeBlob: true, webauthn:extension:minPinLength: true, webauthn:extension:prf: true, webauthn:virtualAuthenticators: true}
Session ID: 76f184fea3ff5c0df246dcda4d7bcc92
2023-11-29 22:20:05,822 [main] ERROR XGLT_15177_Test - Element did not become visible within the specified time: Expected condition failed: waiting for helper.WaitUtility$5@7cbe79ea (tried for 30 second(s) with 500 milliseconds interval)
Build info: version: '3.141.59', revision: 'e82be7d358', time: '2018-11-14T08:17:03'
System info: host: 'DPLAP166', ip: '137.237.3.153', os.name: 'Windows 10', os.arch: 'amd64', os.version: '10.0', java.version: '19.0.1'
Driver info: org.openqa.selenium.support.events.EventFiringWebDriver
Capabilities {acceptInsecureCerts: true, browserName: chrome, browserVersion: 119.0.6045.200, chrome: {chromedriverVersion: 119.0.6045.105 (38c72552c5e..., userDataDir: C:\Users\dP-PL\AppData\Loca...}, fedcm:accounts: true, goog:chromeOptions: {debuggerAddress: localhost:56463}, javascriptEnabled: true, networkConnectionEnabled: false, pageLoadStrategy: normal, platform: WINDOWS, platformName: WINDOWS, proxy: Proxy(), setWindowRect: true, strictFileInteractability: false, timeouts: {implicit: 0, pageLoad: 300000, script: 30000}, unhandledPromptBehavior: dismiss and notify, webauthn:extension:credBlob: true, webauthn:extension:largeBlob: true, webauthn:extension:minPinLength: true, webauthn:extension:prf: true, webauthn:virtualAuthenticators: true}
Session ID: 76f184fea3ff5c0df246dcda4d7bcc92
2023-11-29 22:20:05,823 [main] INFO  base.BaseClass - Trying to find Element By {by.toString()})
2023-11-29 22:20:05,844 [main] INFO  base.BaseClass - Found Element By {by.toString()}
2023-11-29 22:20:05,844 [main] INFO  base.BaseClass - Trying to click on: {element.toString()}
2023-11-29 22:20:05,958 [main] INFO  base.BaseClass - Clicked on: {element.toString()}
2023-11-29 22:20:07,102 [main] INFO  base.BaseClass - Trying to find Element By {by.toString()})
2023-11-29 22:20:07,657 [main] INFO  base.BaseClass - Found Element By {by.toString()}
2023-11-29 22:20:08,180 [main] INFO  base.BaseClass - Trying to find Element By {by.toString()})
2023-11-29 22:20:08,208 [main] INFO  base.BaseClass - Found Element By {by.toString()}
2023-11-29 22:20:08,786 [main] INFO  base.BaseClass - Trying to find Element By {by.toString()})
2023-11-29 22:20:08,873 [main] INFO  base.BaseClass - Found Element By {by.toString()}
2023-11-29 22:20:09,487 [main] INFO  base.BaseClass - Trying to find Element By {by.toString()})
2023-11-29 22:20:09,532 [main] INFO  base.BaseClass - Found Element By {by.toString()}
2023-11-29 22:20:10,112 [main] INFO  base.BaseClass - Trying to find Element By {by.toString()})
2023-11-29 22:20:10,131 [main] INFO  base.BaseClass - Found Element By {by.toString()}
2023-11-29 22:20:10,673 [main] INFO  base.BaseClass - Trying to find Element By {by.toString()})
2023-11-29 22:20:10,733 [main] INFO  base.BaseClass - Found Element By {by.toString()}
2023-11-29 22:20:11,294 [main] INFO  base.BaseClass - Trying to find Element By {by.toString()})
2023-11-29 22:20:11,328 [main] INFO  base.BaseClass - Found Element By {by.toString()}
2023-11-29 22:20:11,886 [main] INFO  base.BaseClass - Trying to find Element By {by.toString()})
2023-11-29 22:20:11,924 [main] INFO  base.BaseClass - Found Element By {by.toString()}
2023-11-29 22:20:12,464 [main] INFO  base.BaseClass - Trying to find Element By {by.toString()})
2023-11-29 22:20:12,472 [main] INFO  base.BaseClass - Found Element By {by.toString()}
2023-11-29 22:20:12,991 [main] INFO  base.BaseClass - Trying to find Element By {by.toString()})
2023-11-29 22:20:13,020 [main] INFO  base.BaseClass - Found Element By {by.toString()}
2023-11-29 22:20:13,572 [main] INFO  base.BaseClass - Trying to find Element By {by.toString()})
2023-11-29 22:20:13,603 [main] INFO  base.BaseClass - Found Element By {by.toString()}
2023-11-29 22:20:14,160 [main] INFO  base.BaseClass - Trying to find Element By {by.toString()})
2023-11-29 22:20:14,194 [main] INFO  base.BaseClass - Found Element By {by.toString()}
2023-11-29 22:20:14,754 [main] INFO  base.BaseClass - Trying to find Element By {by.toString()})
2023-11-29 22:20:14,783 [main] INFO  base.BaseClass - Found Element By {by.toString()}
2023-11-29 22:20:15,343 [main] INFO  base.BaseClass - Trying to find Element By {by.toString()})
2023-11-29 22:20:15,371 [main] INFO  base.BaseClass - Found Element By {by.toString()}
2023-11-29 22:20:15,922 [main] INFO  base.BaseClass - Trying to find Element By {by.toString()})
2023-11-29 22:20:15,943 [main] INFO  base.BaseClass - Found Element By {by.toString()}
2023-11-29 22:20:16,467 [main] INFO  base.BaseClass - Trying to find Element By {by.toString()})
2023-11-29 22:20:16,476 [main] INFO  base.BaseClass - Found Element By {by.toString()}
2023-11-29 22:20:16,995 [main] INFO  base.BaseClass - Trying to find Element By {by.toString()})
2023-11-29 22:20:17,004 [main] INFO  base.BaseClass - Found Element By {by.toString()}
2023-11-29 22:20:17,524 [main] INFO  base.BaseClass - Trying to find Element By {by.toString()})
2023-11-29 22:20:17,554 [main] INFO  base.BaseClass - Found Element By {by.toString()}
2023-11-29 22:20:18,095 [main] INFO  base.BaseClass - Trying to find Element By {by.toString()})
2023-11-29 22:20:18,123 [main] INFO  base.BaseClass - Found Element By {by.toString()}
2023-11-29 22:20:18,673 [main] INFO  base.BaseClass - Trying to find Element By {by.toString()})
2023-11-29 22:20:18,685 [main] INFO  base.BaseClass - Found Element By {by.toString()}
2023-11-29 22:20:19,219 [main] INFO  base.BaseClass - Trying to find Element By {by.toString()})
2023-11-29 22:20:19,246 [main] INFO  base.BaseClass - Found Element By {by.toString()}
2023-11-29 22:20:19,800 [main] INFO  base.BaseClass - Trying to find Element By {by.toString()})
2023-11-29 22:20:19,828 [main] INFO  base.BaseClass - Found Element By {by.toString()}
2023-11-29 22:20:20,381 [main] INFO  base.BaseClass - Trying to find Element By {by.toString()})
2023-11-29 22:20:20,410 [main] INFO  base.BaseClass - Found Element By {by.toString()}
2023-11-29 22:20:20,944 [main] INFO  base.BaseClass - Trying to find Element By {by.toString()})
2023-11-29 22:20:20,972 [main] INFO  base.BaseClass - Found Element By {by.toString()}
2023-11-29 22:20:21,515 [main] INFO  base.BaseClass - Trying to find Element By {by.toString()})
2023-11-29 22:20:21,543 [main] INFO  base.BaseClass - Found Element By {by.toString()}
2023-11-29 22:20:22,092 [main] INFO  base.BaseClass - Trying to find Element By {by.toString()})
2023-11-29 22:20:22,313 [main] INFO  base.BaseClass - Found Element By {by.toString()}
2023-11-29 22:20:22,854 [main] INFO  base.BaseClass - Trying to find Element By {by.toString()})
2023-11-29 22:20:22,882 [main] INFO  base.BaseClass - Found Element By {by.toString()}
2023-11-29 22:20:23,428 [main] INFO  base.BaseClass - Trying to find Element By {by.toString()})
2023-11-29 22:20:23,459 [main] INFO  base.BaseClass - Found Element By {by.toString()}
2023-11-29 22:20:24,002 [main] INFO  base.BaseClass - Trying to find Element By {by.toString()})
2023-11-29 22:20:24,039 [main] INFO  base.BaseClass - Found Element By {by.toString()}
2023-11-29 22:20:24,592 [main] INFO  base.BaseClass - Trying to find Element By {by.toString()})
2023-11-29 22:20:24,621 [main] INFO  base.BaseClass - Found Element By {by.toString()}
2023-11-29 22:20:25,174 [main] INFO  base.BaseClass - Trying to find Element By {by.toString()})
2023-11-29 22:20:25,200 [main] INFO  base.BaseClass - Found Element By {by.toString()}
2023-11-29 22:20:25,741 [main] INFO  base.BaseClass - Trying to find Element By {by.toString()})
2023-11-29 22:20:25,765 [main] INFO  base.BaseClass - Found Element By {by.toString()}
2023-11-29 22:20:26,317 [main] INFO  base.BaseClass - Trying to find Element By {by.toString()})
2023-11-29 22:20:26,343 [main] INFO  base.BaseClass - Found Element By {by.toString()}
2023-11-29 22:20:26,897 [main] INFO  base.BaseClass - Trying to find Element By {by.toString()})
2023-11-29 22:20:26,924 [main] INFO  base.BaseClass - Found Element By {by.toString()}
2023-11-29 22:20:27,462 [main] INFO  base.BaseClass - Trying to find Element By {by.toString()})
2023-11-29 22:20:27,486 [main] INFO  base.BaseClass - Found Element By {by.toString()}
2023-11-29 22:20:28,023 [main] INFO  base.BaseClass - Trying to find Element By {by.toString()})
2023-11-29 22:20:28,048 [main] INFO  base.BaseClass - Found Element By {by.toString()}
2023-11-29 22:20:28,586 [main] INFO  base.BaseClass - Trying to find Element By {by.toString()})
2023-11-29 22:20:28,610 [main] INFO  base.BaseClass - Found Element By {by.toString()}
2023-11-29 22:20:29,149 [main] INFO  base.BaseClass - Trying to find Element By {by.toString()})
2023-11-29 22:20:29,174 [main] INFO  base.BaseClass - Found Element By {by.toString()}
2023-11-29 22:20:29,721 [main] INFO  base.BaseClass - Trying to find Element By {by.toString()})
2023-11-29 22:20:29,746 [main] INFO  base.BaseClass - Found Element By {by.toString()}
2023-11-29 22:20:30,284 [main] INFO  base.BaseClass - Trying to find Element By {by.toString()})
2023-11-29 22:20:30,309 [main] INFO  base.BaseClass - Found Element By {by.toString()}
2023-11-29 22:20:30,847 [main] INFO  base.BaseClass - Trying to find Element By {by.toString()})
2023-11-29 22:20:30,857 [main] INFO  base.BaseClass - Found Element By {by.toString()}
2023-11-29 22:20:31,378 [main] INFO  base.BaseClass - Trying to find Element By {by.toString()})
2023-11-29 22:20:31,404 [main] INFO  base.BaseClass - Found Element By {by.toString()}
2023-11-29 22:20:31,943 [main] INFO  base.BaseClass - Trying to find Element By {by.toString()})
2023-11-29 22:20:31,968 [main] INFO  base.BaseClass - Found Element By {by.toString()}
2023-11-29 22:20:32,506 [main] INFO  base.BaseClass - Trying to find Element By {by.toString()})
2023-11-29 22:20:32,532 [main] INFO  base.BaseClass - Found Element By {by.toString()}
2023-11-29 22:20:33,070 [main] INFO  base.BaseClass - Trying to find Element By {by.toString()})
2023-11-29 22:20:33,095 [main] INFO  base.BaseClass - Found Element By {by.toString()}
2023-11-29 22:20:33,637 [main] INFO  base.BaseClass - Trying to find Element By {by.toString()})
2023-11-29 22:20:33,663 [main] INFO  base.BaseClass - Found Element By {by.toString()}
2023-11-29 22:20:34,202 [main] INFO  base.BaseClass - Trying to find Element By {by.toString()})
2023-11-29 22:20:34,226 [main] INFO  base.BaseClass - Found Element By {by.toString()}
2023-11-29 22:20:34,764 [main] INFO  base.BaseClass - Trying to find Element By {by.toString()})
2023-11-29 22:20:34,789 [main] INFO  base.BaseClass - Found Element By {by.toString()}
2023-11-29 22:20:35,338 [main] INFO  base.BaseClass - Trying to find Element By {by.toString()})
2023-11-29 22:20:35,361 [main] INFO  base.BaseClass - Found Element By {by.toString()}
2023-11-29 22:20:35,900 [main] INFO  base.BaseClass - Trying to find Element By {by.toString()})
2023-11-29 22:20:35,926 [main] INFO  base.BaseClass - Found Element By {by.toString()}
2023-11-29 22:20:36,468 [main] INFO  base.BaseClass - Trying to find Element By {by.toString()})
2023-11-29 22:20:36,487 [main] INFO  base.BaseClass - Found Element By {by.toString()}
2023-11-29 22:20:37,021 [main] INFO  base.BaseClass - Trying to find Element By {by.toString()})
2023-11-29 22:20:37,038 [main] INFO  base.BaseClass - Found Element By {by.toString()}
2023-11-29 22:20:37,564 [main] INFO  base.BaseClass - Trying to find Element By {by.toString()})
2023-11-29 22:20:37,590 [main] INFO  base.BaseClass - Found Element By {by.toString()}
TimeoutException occurred: Expected condition failed: waiting for helper.WaitUtility$5@5d80fd6d (tried for 30 second(s) with 500 milliseconds interval)
Build info: version: '3.141.59', revision: 'e82be7d358', time: '2018-11-14T08:17:03'
System info: host: 'DPLAP166', ip: '137.237.3.153', os.name: 'Windows 10', os.arch: 'amd64', os.version: '10.0', java.version: '19.0.1'
Driver info: org.openqa.selenium.support.events.EventFiringWebDriver
Capabilities {acceptInsecureCerts: true, browserName: chrome, browserVersion: 119.0.6045.200, chrome: {chromedriverVersion: 119.0.6045.105 (38c72552c5e..., userDataDir: C:\Users\dP-PL\AppData\Loca...}, fedcm:accounts: true, goog:chromeOptions: {debuggerAddress: localhost:56463}, javascriptEnabled: true, networkConnectionEnabled: false, pageLoadStrategy: normal, platform: WINDOWS, platformName: WINDOWS, proxy: Proxy(), setWindowRect: true, strictFileInteractability: false, timeouts: {implicit: 0, pageLoad: 300000, script: 30000}, unhandledPromptBehavior: dismiss and notify, webauthn:extension:credBlob: true, webauthn:extension:largeBlob: true, webauthn:extension:minPinLength: true, webauthn:extension:prf: true, webauthn:virtualAuthenticators: true}
Session ID: 76f184fea3ff5c0df246dcda4d7bcc92
2023-11-29 22:20:37,630 [main] ERROR XGLT_15177_Test - Element did not become visible within the specified time: Expected condition failed: waiting for helper.WaitUtility$5@5d80fd6d (tried for 30 second(s) with 500 milliseconds interval)
Build info: version: '3.141.59', revision: 'e82be7d358', time: '2018-11-14T08:17:03'
System info: host: 'DPLAP166', ip: '137.237.3.153', os.name: 'Windows 10', os.arch: 'amd64', os.version: '10.0', java.version: '19.0.1'
Driver info: org.openqa.selenium.support.events.EventFiringWebDriver
Capabilities {acceptInsecureCerts: true, browserName: chrome, browserVersion: 119.0.6045.200, chrome: {chromedriverVersion: 119.0.6045.105 (38c72552c5e..., userDataDir: C:\Users\dP-PL\AppData\Loca...}, fedcm:accounts: true, goog:chromeOptions: {debuggerAddress: localhost:56463}, javascriptEnabled: true, networkConnectionEnabled: false, pageLoadStrategy: normal, platform: WINDOWS, platformName: WINDOWS, proxy: Proxy(), setWindowRect: true, strictFileInteractability: false, timeouts: {implicit: 0, pageLoad: 300000, script: 30000}, unhandledPromptBehavior: dismiss and notify, webauthn:extension:credBlob: true, webauthn:extension:largeBlob: true, webauthn:extension:minPinLength: true, webauthn:extension:prf: true, webauthn:virtualAuthenticators: true}
Session ID: 76f184fea3ff5c0df246dcda4d7bcc92
2023-11-29 22:20:37,630 [main] INFO  base.BaseClass - Trying to find Element By {by.toString()})
2023-11-29 22:20:37,654 [main] INFO  base.BaseClass - Found Element By {by.toString()}
2023-11-29 22:20:37,738 [main] INFO  base.BaseClass - Trying to find Element By {by.toString()})
2023-11-29 22:20:37,749 [main] INFO  base.BaseClass - Found Element By {by.toString()}
2023-11-29 22:20:37,758 [main] INFO  base.BaseClass - Trying to find Element By {by.toString()})
2023-11-29 22:20:37,768 [main] INFO  base.BaseClass - Found Element By {by.toString()}
2023-11-29 22:20:37,777 [main] INFO  base.BaseClass - Trying to find Element By {by.toString()})
2023-11-29 22:20:37,786 [main] INFO  base.BaseClass - Found Element By {by.toString()}
2023-11-29 22:20:38,312 [main] INFO  base.BaseClass - Trying to find Element By {by.toString()})
2023-11-29 22:20:38,338 [main] INFO  base.BaseClass - Found Element By {by.toString()}
2023-11-29 22:20:38,888 [main] INFO  base.BaseClass - Trying to find Element By {by.toString()})
2023-11-29 22:20:38,909 [main] INFO  base.BaseClass - Found Element By {by.toString()}
2023-11-29 22:20:39,449 [main] INFO  base.BaseClass - Trying to find Element By {by.toString()})
2023-11-29 22:20:39,470 [main] INFO  base.BaseClass - Found Element By {by.toString()}
2023-11-29 22:20:40,005 [main] INFO  base.BaseClass - Trying to find Element By {by.toString()})
2023-11-29 22:20:40,030 [main] INFO  base.BaseClass - Found Element By {by.toString()}
2023-11-29 22:20:40,580 [main] INFO  base.BaseClass - Trying to find Element By {by.toString()})
2023-11-29 22:20:40,606 [main] INFO  base.BaseClass - Found Element By {by.toString()}
2023-11-29 22:20:41,155 [main] INFO  base.BaseClass - Trying to find Element By {by.toString()})
2023-11-29 22:20:41,181 [main] INFO  base.BaseClass - Found Element By {by.toString()}
2023-11-29 22:20:41,727 [main] INFO  base.BaseClass - Trying to find Element By {by.toString()})
2023-11-29 22:20:41,755 [main] INFO  base.BaseClass - Found Element By {by.toString()}
2023-11-29 22:20:42,306 [main] INFO  base.BaseClass - Trying to find Element By {by.toString()})
2023-11-29 22:20:42,334 [main] INFO  base.BaseClass - Found Element By {by.toString()}
2023-11-29 22:20:42,879 [main] INFO  base.BaseClass - Trying to find Element By {by.toString()})
2023-11-29 22:20:42,906 [main] INFO  base.BaseClass - Found Element By {by.toString()}
2023-11-29 22:20:43,454 [main] INFO  base.BaseClass - Trying to find Element By {by.toString()})
2023-11-29 22:20:43,483 [main] INFO  base.BaseClass - Found Element By {by.toString()}
2023-11-29 22:20:44,022 [main] INFO  base.BaseClass - Trying to find Element By {by.toString()})
2023-11-29 22:20:44,040 [main] INFO  base.BaseClass - Found Element By {by.toString()}
2023-11-29 22:20:44,582 [main] INFO  base.BaseClass - Trying to find Element By {by.toString()})
2023-11-29 22:20:44,608 [main] INFO  base.BaseClass - Found Element By {by.toString()}
2023-11-29 22:20:45,157 [main] INFO  base.BaseClass - Trying to find Element By {by.toString()})
2023-11-29 22:20:45,182 [main] INFO  base.BaseClass - Found Element By {by.toString()}
2023-11-29 22:20:45,719 [main] INFO  base.BaseClass - Trying to find Element By {by.toString()})
2023-11-29 22:20:45,745 [main] INFO  base.BaseClass - Found Element By {by.toString()}
2023-11-29 22:20:46,296 [main] INFO  base.BaseClass - Trying to find Element By {by.toString()})
2023-11-29 22:20:46,325 [main] INFO  base.BaseClass - Found Element By {by.toString()}
2023-11-29 22:20:46,871 [main] INFO  base.BaseClass - Trying to find Element By {by.toString()})
2023-11-29 22:20:46,897 [main] INFO  base.BaseClass - Found Element By {by.toString()}
2023-11-29 22:20:47,445 [main] INFO  base.BaseClass - Trying to find Element By {by.toString()})
2023-11-29 22:20:47,469 [main] INFO  base.BaseClass - Found Element By {by.toString()}
2023-11-29 22:20:48,022 [main] INFO  base.BaseClass - Trying to find Element By {by.toString()})
2023-11-29 22:20:48,047 [main] INFO  base.BaseClass - Found Element By {by.toString()}
2023-11-29 22:20:48,599 [main] INFO  base.BaseClass - Trying to find Element By {by.toString()})
2023-11-29 22:20:48,624 [main] INFO  base.BaseClass - Found Element By {by.toString()}
2023-11-29 22:20:49,161 [main] INFO  base.BaseClass - Trying to find Element By {by.toString()})
2023-11-29 22:20:49,186 [main] INFO  base.BaseClass - Found Element By {by.toString()}
2023-11-29 22:20:49,735 [main] INFO  base.BaseClass - Trying to find Element By {by.toString()})
2023-11-29 22:20:49,761 [main] INFO  base.BaseClass - Found Element By {by.toString()}
2023-11-29 22:20:50,307 [main] INFO  base.BaseClass - Trying to find Element By {by.toString()})
2023-11-29 22:20:50,333 [main] INFO  base.BaseClass - Found Element By {by.toString()}
2023-11-29 22:20:50,873 [main] INFO  base.BaseClass - Trying to find Element By {by.toString()})
2023-11-29 22:20:50,898 [main] INFO  base.BaseClass - Found Element By {by.toString()}
2023-11-29 22:20:51,436 [main] INFO  base.BaseClass - Trying to find Element By {by.toString()})
2023-11-29 22:20:51,461 [main] INFO  base.BaseClass - Found Element By {by.toString()}
2023-11-29 22:20:52,003 [main] INFO  base.BaseClass - Trying to find Element By {by.toString()})
2023-11-29 22:20:52,028 [main] INFO  base.BaseClass - Found Element By {by.toString()}
2023-11-29 22:20:52,566 [main] INFO  base.BaseClass - Trying to find Element By {by.toString()})
2023-11-29 22:20:52,591 [main] INFO  base.BaseClass - Found Element By {by.toString()}
2023-11-29 22:20:53,127 [main] INFO  base.BaseClass - Trying to find Element By {by.toString()})
2023-11-29 22:20:53,153 [main] INFO  base.BaseClass - Found Element By {by.toString()}
2023-11-29 22:20:53,689 [main] INFO  base.BaseClass - Trying to find Element By {by.toString()})
2023-11-29 22:20:53,714 [main] INFO  base.BaseClass - Found Element By {by.toString()}
2023-11-29 22:20:54,253 [main] INFO  base.BaseClass - Trying to find Element By {by.toString()})
2023-11-29 22:20:54,279 [main] INFO  base.BaseClass - Found Element By {by.toString()}
2023-11-29 22:20:54,831 [main] INFO  base.BaseClass - Trying to find Element By {by.toString()})
2023-11-29 22:20:54,857 [main] INFO  base.BaseClass - Found Element By {by.toString()}
2023-11-29 22:20:55,404 [main] INFO  base.BaseClass - Trying to find Element By {by.toString()})
2023-11-29 22:20:55,428 [main] INFO  base.BaseClass - Found Element By {by.toString()}
2023-11-29 22:20:55,965 [main] INFO  base.BaseClass - Trying to find Element By {by.toString()})
2023-11-29 22:20:55,990 [main] INFO  base.BaseClass - Found Element By {by.toString()}
2023-11-29 22:20:56,530 [main] INFO  base.BaseClass - Trying to find Element By {by.toString()})
2023-11-29 22:20:56,556 [main] INFO  base.BaseClass - Found Element By {by.toString()}
2023-11-29 22:20:57,094 [main] INFO  base.BaseClass - Trying to find Element By {by.toString()})
2023-11-29 22:20:57,120 [main] INFO  base.BaseClass - Found Element By {by.toString()}
2023-11-29 22:20:57,672 [main] INFO  base.BaseClass - Trying to find Element By {by.toString()})
2023-11-29 22:20:57,696 [main] INFO  base.BaseClass - Found Element By {by.toString()}
2023-11-29 22:20:58,237 [main] INFO  base.BaseClass - Trying to find Element By {by.toString()})
2023-11-29 22:20:58,264 [main] INFO  base.BaseClass - Found Element By {by.toString()}
2023-11-29 22:20:58,815 [main] INFO  base.BaseClass - Trying to find Element By {by.toString()})
2023-11-29 22:20:58,842 [main] INFO  base.BaseClass - Found Element By {by.toString()}
2023-11-29 22:20:59,377 [main] INFO  base.BaseClass - Trying to find Element By {by.toString()})
2023-11-29 22:20:59,402 [main] INFO  base.BaseClass - Found Element By {by.toString()}
2023-11-29 22:20:59,954 [main] INFO  base.BaseClass - Trying to find Element By {by.toString()})
2023-11-29 22:20:59,980 [main] INFO  base.BaseClass - Found Element By {by.toString()}
2023-11-29 22:21:00,520 [main] INFO  base.BaseClass - Trying to find Element By {by.toString()})
2023-11-29 22:21:00,545 [main] INFO  base.BaseClass - Found Element By {by.toString()}
2023-11-29 22:21:01,085 [main] INFO  base.BaseClass - Trying to find Element By {by.toString()})
2023-11-29 22:21:01,109 [main] INFO  base.BaseClass - Found Element By {by.toString()}
2023-11-29 22:21:01,648 [main] INFO  base.BaseClass - Trying to find Element By {by.toString()})
2023-11-29 22:21:01,672 [main] INFO  base.BaseClass - Found Element By {by.toString()}
2023-11-29 22:21:02,207 [main] INFO  base.BaseClass - Trying to find Element By {by.toString()})
2023-11-29 22:21:02,233 [main] INFO  base.BaseClass - Found Element By {by.toString()}
2023-11-29 22:21:02,782 [main] INFO  base.BaseClass - Trying to find Element By {by.toString()})
2023-11-29 22:21:02,809 [main] INFO  base.BaseClass - Found Element By {by.toString()}
2023-11-29 22:21:03,358 [main] INFO  base.BaseClass - Trying to find Element By {by.toString()})
2023-11-29 22:21:03,383 [main] INFO  base.BaseClass - Found Element By {by.toString()}
2023-11-29 22:21:03,937 [main] INFO  base.BaseClass - Trying to find Element By {by.toString()})
2023-11-29 22:21:03,966 [main] INFO  base.BaseClass - Found Element By {by.toString()}
2023-11-29 22:21:04,515 [main] INFO  base.BaseClass - Trying to find Element By {by.toString()})
2023-11-29 22:21:04,540 [main] INFO  base.BaseClass - Found Element By {by.toString()}
2023-11-29 22:21:05,081 [main] INFO  base.BaseClass - Trying to find Element By {by.toString()})
2023-11-29 22:21:05,107 [main] INFO  base.BaseClass - Found Element By {by.toString()}
2023-11-29 22:21:05,643 [main] INFO  base.BaseClass - Trying to find Element By {by.toString()})
2023-11-29 22:21:05,661 [main] INFO  base.BaseClass - Found Element By {by.toString()}
2023-11-29 22:21:06,189 [main] INFO  base.BaseClass - Trying to find Element By {by.toString()})
2023-11-29 22:21:06,214 [main] INFO  base.BaseClass - Found Element By {by.toString()}
2023-11-29 22:21:06,766 [main] INFO  base.BaseClass - Trying to find Element By {by.toString()})
2023-11-29 22:21:06,791 [main] INFO  base.BaseClass - Found Element By {by.toString()}
2023-11-29 22:21:07,327 [main] INFO  base.BaseClass - Trying to find Element By {by.toString()})
2023-11-29 22:21:07,353 [main] INFO  base.BaseClass - Found Element By {by.toString()}
2023-11-29 22:21:07,906 [main] INFO  base.BaseClass - Trying to find Element By {by.toString()})
2023-11-29 22:21:07,932 [main] INFO  base.BaseClass - Found Element By {by.toString()}
TimeoutException occurred: Expected condition failed: waiting for helper.WaitUtility$5@70ebaf1f (tried for 30 second(s) with 500 milliseconds interval)
Build info: version: '3.141.59', revision: 'e82be7d358', time: '2018-11-14T08:17:03'
System info: host: 'DPLAP166', ip: '137.237.3.153', os.name: 'Windows 10', os.arch: 'amd64', os.version: '10.0', java.version: '19.0.1'
Driver info: org.openqa.selenium.support.events.EventFiringWebDriver
Capabilities {acceptInsecureCerts: true, browserName: chrome, browserVersion: 119.0.6045.200, chrome: {chromedriverVersion: 119.0.6045.105 (38c72552c5e..., userDataDir: C:\Users\dP-PL\AppData\Loca...}, fedcm:accounts: true, goog:chromeOptions: {debuggerAddress: localhost:56463}, javascriptEnabled: true, networkConnectionEnabled: false, pageLoadStrategy: normal, platform: WINDOWS, platformName: WINDOWS, proxy: Proxy(), setWindowRect: true, strictFileInteractability: false, timeouts: {implicit: 0, pageLoad: 300000, script: 30000}, unhandledPromptBehavior: dismiss and notify, webauthn:extension:credBlob: true, webauthn:extension:largeBlob: true, webauthn:extension:minPinLength: true, webauthn:extension:prf: true, webauthn:virtualAuthenticators: true}
Session ID: 76f184fea3ff5c0df246dcda4d7bcc92
2023-11-29 22:21:07,969 [main] ERROR XGLT_15177_Test - Element did not become visible within the specified time: Expected condition failed: waiting for helper.WaitUtility$5@70ebaf1f (tried for 30 second(s) with 500 milliseconds interval)
Build info: version: '3.141.59', revision: 'e82be7d358', time: '2018-11-14T08:17:03'
System info: host: 'DPLAP166', ip: '137.237.3.153', os.name: 'Windows 10', os.arch: 'amd64', os.version: '10.0', java.version: '19.0.1'
Driver info: org.openqa.selenium.support.events.EventFiringWebDriver
Capabilities {acceptInsecureCerts: true, browserName: chrome, browserVersion: 119.0.6045.200, chrome: {chromedriverVersion: 119.0.6045.105 (38c72552c5e..., userDataDir: C:\Users\dP-PL\AppData\Loca...}, fedcm:accounts: true, goog:chromeOptions: {debuggerAddress: localhost:56463}, javascriptEnabled: true, networkConnectionEnabled: false, pageLoadStrategy: normal, platform: WINDOWS, platformName: WINDOWS, proxy: Proxy(), setWindowRect: true, strictFileInteractability: false, timeouts: {implicit: 0, pageLoad: 300000, script: 30000}, unhandledPromptBehavior: dismiss and notify, webauthn:extension:credBlob: true, webauthn:extension:largeBlob: true, webauthn:extension:minPinLength: true, webauthn:extension:prf: true, webauthn:virtualAuthenticators: true}
Session ID: 76f184fea3ff5c0df246dcda4d7bcc92
2023-11-29 22:21:07,969 [main] INFO  base.BaseClass - Trying to find Element By {by.toString()})
2023-11-29 22:21:07,991 [main] INFO  base.BaseClass - Found Element By {by.toString()}
2023-11-29 22:21:08,047 [main] INFO  base.BaseClass - Trying to find Element By {by.toString()})
2023-11-29 22:21:08,066 [main] INFO  base.BaseClass - Found Element By {by.toString()}
2023-11-29 22:21:08,607 [main] INFO  base.BaseClass - Trying to find Element By {by.toString()})
2023-11-29 22:21:08,635 [main] INFO  base.BaseClass - Found Element By {by.toString()}
2023-11-29 22:21:09,186 [main] INFO  base.BaseClass - Trying to find Element By {by.toString()})
2023-11-29 22:21:09,212 [main] INFO  base.BaseClass - Found Element By {by.toString()}
2023-11-29 22:21:09,751 [main] INFO  base.BaseClass - Trying to find Element By {by.toString()})
2023-11-29 22:21:09,778 [main] INFO  base.BaseClass - Found Element By {by.toString()}
2023-11-29 22:21:10,323 [main] INFO  base.BaseClass - Trying to find Element By {by.toString()})
2023-11-29 22:21:10,349 [main] INFO  base.BaseClass - Found Element By {by.toString()}
2023-11-29 22:21:10,900 [main] INFO  base.BaseClass - Trying to find Element By {by.toString()})
2023-11-29 22:21:10,929 [main] INFO  base.BaseClass - Found Element By {by.toString()}
2023-11-29 22:21:11,481 [main] INFO  base.BaseClass - Trying to find Element By {by.toString()})
2023-11-29 22:21:11,508 [main] INFO  base.BaseClass - Found Element By {by.toString()}
2023-11-29 22:21:12,055 [main] INFO  base.BaseClass - Trying to find Element By {by.toString()})
2023-11-29 22:21:12,081 [main] INFO  base.BaseClass - Found Element By {by.toString()}
2023-11-29 22:21:12,633 [main] INFO  base.BaseClass - Trying to find Element By {by.toString()})
2023-11-29 22:21:12,659 [main] INFO  base.BaseClass - Found Element By {by.toString()}
2023-11-29 22:21:13,209 [main] INFO  base.BaseClass - Trying to find Element By {by.toString()})
2023-11-29 22:21:13,235 [main] INFO  base.BaseClass - Found Element By {by.toString()}
2023-11-29 22:21:13,775 [main] INFO  base.BaseClass - Trying to find Element By {by.toString()})
2023-11-29 22:21:14,304 [main] INFO  base.BaseClass - Found Element By {by.toString()}
2023-11-29 22:21:14,851 [main] INFO  base.BaseClass - Trying to find Element By {by.toString()})
2023-11-29 22:21:14,881 [main] INFO  base.BaseClass - Found Element By {by.toString()}
2023-11-29 22:21:15,420 [main] INFO  base.BaseClass - Trying to find Element By {by.toString()})
2023-11-29 22:21:15,448 [main] INFO  base.BaseClass - Found Element By {by.toString()}
2023-11-29 22:21:15,996 [main] INFO  base.BaseClass - Trying to find Element By {by.toString()})
2023-11-29 22:21:16,025 [main] INFO  base.BaseClass - Found Element By {by.toString()}
2023-11-29 22:21:16,576 [main] INFO  base.BaseClass - Trying to find Element By {by.toString()})
2023-11-29 22:21:16,602 [main] INFO  base.BaseClass - Found Element By {by.toString()}
2023-11-29 22:21:17,152 [main] INFO  base.BaseClass - Trying to find Element By {by.toString()})
2023-11-29 22:21:17,179 [main] INFO  base.BaseClass - Found Element By {by.toString()}
2023-11-29 22:21:17,729 [main] INFO  base.BaseClass - Trying to find Element By {by.toString()})
2023-11-29 22:21:17,760 [main] INFO  base.BaseClass - Found Element By {by.toString()}
2023-11-29 22:21:18,305 [main] INFO  base.BaseClass - Trying to find Element By {by.toString()})
2023-11-29 22:21:18,330 [main] INFO  base.BaseClass - Found Element By {by.toString()}
2023-11-29 22:21:18,882 [main] INFO  base.BaseClass - Trying to find Element By {by.toString()})
2023-11-29 22:21:18,907 [main] INFO  base.BaseClass - Found Element By {by.toString()}
2023-11-29 22:21:19,445 [main] INFO  base.BaseClass - Trying to find Element By {by.toString()})
2023-11-29 22:21:19,473 [main] INFO  base.BaseClass - Found Element By {by.toString()}
2023-11-29 22:21:20,020 [main] INFO  base.BaseClass - Trying to find Element By {by.toString()})
2023-11-29 22:21:20,046 [main] INFO  base.BaseClass - Found Element By {by.toString()}
2023-11-29 22:21:20,594 [main] INFO  base.BaseClass - Trying to find Element By {by.toString()})
2023-11-29 22:21:20,621 [main] INFO  base.BaseClass - Found Element By {by.toString()}
2023-11-29 22:21:21,175 [main] INFO  base.BaseClass - Trying to find Element By {by.toString()})
2023-11-29 22:21:21,192 [main] INFO  base.BaseClass - Found Element By {by.toString()}
2023-11-29 22:21:21,720 [main] INFO  base.BaseClass - Trying to find Element By {by.toString()})
2023-11-29 22:21:21,750 [main] INFO  base.BaseClass - Found Element By {by.toString()}
2023-11-29 22:21:22,286 [main] INFO  base.BaseClass - Trying to find Element By {by.toString()})
2023-11-29 22:21:22,311 [main] INFO  base.BaseClass - Found Element By {by.toString()}
2023-11-29 22:21:22,863 [main] INFO  base.BaseClass - Trying to find Element By {by.toString()})
2023-11-29 22:21:22,892 [main] INFO  base.BaseClass - Found Element By {by.toString()}
2023-11-29 22:21:23,443 [main] INFO  base.BaseClass - Trying to find Element By {by.toString()})
2023-11-29 22:21:23,507 [main] INFO  base.BaseClass - Found Element By {by.toString()}
2023-11-29 22:21:24,053 [main] INFO  base.BaseClass - Trying to find Element By {by.toString()})
2023-11-29 22:21:24,081 [main] INFO  base.BaseClass - Found Element By {by.toString()}
2023-11-29 22:21:24,631 [main] INFO  base.BaseClass - Trying to find Element By {by.toString()})
2023-11-29 22:21:24,657 [main] INFO  base.BaseClass - Found Element By {by.toString()}
2023-11-29 22:21:25,196 [main] INFO  base.BaseClass - Trying to find Element By {by.toString()})
2023-11-29 22:21:25,223 [main] INFO  base.BaseClass - Found Element By {by.toString()}
2023-11-29 22:21:25,773 [main] INFO  base.BaseClass - Trying to find Element By {by.toString()})
2023-11-29 22:21:25,799 [main] INFO  base.BaseClass - Found Element By {by.toString()}
2023-11-29 22:21:26,350 [main] INFO  base.BaseClass - Trying to find Element By {by.toString()})
2023-11-29 22:21:26,376 [main] INFO  base.BaseClass - Found Element By {by.toString()}
2023-11-29 22:21:26,916 [main] INFO  base.BaseClass - Trying to find Element By {by.toString()})
2023-11-29 22:21:26,941 [main] INFO  base.BaseClass - Found Element By {by.toString()}
2023-11-29 22:21:27,479 [main] INFO  base.BaseClass - Trying to find Element By {by.toString()})
2023-11-29 22:21:27,505 [main] INFO  base.BaseClass - Found Element By {by.toString()}
2023-11-29 22:21:28,044 [main] INFO  base.BaseClass - Trying to find Element By {by.toString()})
2023-11-29 22:21:28,070 [main] INFO  base.BaseClass - Found Element By {by.toString()}
2023-11-29 22:21:28,606 [main] INFO  base.BaseClass - Trying to find Element By {by.toString()})
2023-11-29 22:21:28,635 [main] INFO  base.BaseClass - Found Element By {by.toString()}
2023-11-29 22:21:29,181 [main] INFO  base.BaseClass - Trying to find Element By {by.toString()})
2023-11-29 22:21:29,207 [main] INFO  base.BaseClass - Found Element By {by.toString()}
2023-11-29 22:21:29,744 [main] INFO  base.BaseClass - Trying to find Element By {by.toString()})
2023-11-29 22:21:29,770 [main] INFO  base.BaseClass - Found Element By {by.toString()}
2023-11-29 22:21:30,308 [main] INFO  base.BaseClass - Trying to find Element By {by.toString()})
2023-11-29 22:21:30,332 [main] INFO  base.BaseClass - Found Element By {by.toString()}
2023-11-29 22:21:30,867 [main] INFO  base.BaseClass - Trying to find Element By {by.toString()})
2023-11-29 22:21:30,891 [main] INFO  base.BaseClass - Found Element By {by.toString()}
2023-11-29 22:21:31,434 [main] INFO  base.BaseClass - Trying to find Element By {by.toString()})
2023-11-29 22:21:31,458 [main] INFO  base.BaseClass - Found Element By {by.toString()}
2023-11-29 22:21:31,999 [main] INFO  base.BaseClass - Trying to find Element By {by.toString()})
2023-11-29 22:21:32,025 [main] INFO  base.BaseClass - Found Element By {by.toString()}
2023-11-29 22:21:32,564 [main] INFO  base.BaseClass - Trying to find Element By {by.toString()})
2023-11-29 22:21:32,592 [main] INFO  base.BaseClass - Found Element By {by.toString()}
2023-11-29 22:21:33,139 [main] INFO  base.BaseClass - Trying to find Element By {by.toString()})
2023-11-29 22:21:33,166 [main] INFO  base.BaseClass - Found Element By {by.toString()}
2023-11-29 22:21:33,704 [main] INFO  base.BaseClass - Trying to find Element By {by.toString()})
2023-11-29 22:21:33,730 [main] INFO  base.BaseClass - Found Element By {by.toString()}
2023-11-29 22:21:34,283 [main] INFO  base.BaseClass - Trying to find Element By {by.toString()})
2023-11-29 22:21:34,309 [main] INFO  base.BaseClass - Found Element By {by.toString()}
2023-11-29 22:21:34,849 [main] INFO  base.BaseClass - Trying to find Element By {by.toString()})
2023-11-29 22:21:34,875 [main] INFO  base.BaseClass - Found Element By {by.toString()}
2023-11-29 22:21:35,427 [main] INFO  base.BaseClass - Trying to find Element By {by.toString()})
2023-11-29 22:21:35,453 [main] INFO  base.BaseClass - Found Element By {by.toString()}
2023-11-29 22:21:36,004 [main] INFO  base.BaseClass - Trying to find Element By {by.toString()})
2023-11-29 22:21:36,029 [main] INFO  base.BaseClass - Found Element By {by.toString()}
2023-11-29 22:21:36,569 [main] INFO  base.BaseClass - Trying to find Element By {by.toString()})
2023-11-29 22:21:36,594 [main] INFO  base.BaseClass - Found Element By {by.toString()}
2023-11-29 22:21:37,130 [main] INFO  base.BaseClass - Trying to find Element By {by.toString()})
2023-11-29 22:21:37,156 [main] INFO  base.BaseClass - Found Element By {by.toString()}
2023-11-29 22:21:37,694 [main] INFO  base.BaseClass - Trying to find Element By {by.toString()})
2023-11-29 22:21:37,718 [main] INFO  base.BaseClass - Found Element By {by.toString()}
2023-11-29 22:21:38,256 [main] INFO  base.BaseClass - Trying to find Element By {by.toString()})
2023-11-29 22:21:38,282 [main] INFO  base.BaseClass - Found Element By {by.toString()}
TimeoutException occurred: Expected condition failed: waiting for helper.WaitUtility$5@384b5315 (tried for 30 second(s) with 500 milliseconds interval)
Build info: version: '3.141.59', revision: 'e82be7d358', time: '2018-11-14T08:17:03'
System info: host: 'DPLAP166', ip: '137.237.3.153', os.name: 'Windows 10', os.arch: 'amd64', os.version: '10.0', java.version: '19.0.1'
Driver info: org.openqa.selenium.support.events.EventFiringWebDriver
Capabilities {acceptInsecureCerts: true, browserName: chrome, browserVersion: 119.0.6045.200, chrome: {chromedriverVersion: 119.0.6045.105 (38c72552c5e..., userDataDir: C:\Users\dP-PL\AppData\Loca...}, fedcm:accounts: true, goog:chromeOptions: {debuggerAddress: localhost:56463}, javascriptEnabled: true, networkConnectionEnabled: false, pageLoadStrategy: normal, platform: WINDOWS, platformName: WINDOWS, proxy: Proxy(), setWindowRect: true, strictFileInteractability: false, timeouts: {implicit: 0, pageLoad: 300000, script: 30000}, unhandledPromptBehavior: dismiss and notify, webauthn:extension:credBlob: true, webauthn:extension:largeBlob: true, webauthn:extension:minPinLength: true, webauthn:extension:prf: true, webauthn:virtualAuthenticators: true}
Session ID: 76f184fea3ff5c0df246dcda4d7bcc92
2023-11-29 22:21:38,317 [main] ERROR XGLT_15177_Test - Element did not become visible within the specified time: Expected condition failed: waiting for helper.WaitUtility$5@384b5315 (tried for 30 second(s) with 500 milliseconds interval)
Build info: version: '3.141.59', revision: 'e82be7d358', time: '2018-11-14T08:17:03'
System info: host: 'DPLAP166', ip: '137.237.3.153', os.name: 'Windows 10', os.arch: 'amd64', os.version: '10.0', java.version: '19.0.1'
Driver info: org.openqa.selenium.support.events.EventFiringWebDriver
Capabilities {acceptInsecureCerts: true, browserName: chrome, browserVersion: 119.0.6045.200, chrome: {chromedriverVersion: 119.0.6045.105 (38c72552c5e..., userDataDir: C:\Users\dP-PL\AppData\Loca...}, fedcm:accounts: true, goog:chromeOptions: {debuggerAddress: localhost:56463}, javascriptEnabled: true, networkConnectionEnabled: false, pageLoadStrategy: normal, platform: WINDOWS, platformName: WINDOWS, proxy: Proxy(), setWindowRect: true, strictFileInteractability: false, timeouts: {implicit: 0, pageLoad: 300000, script: 30000}, unhandledPromptBehavior: dismiss and notify, webauthn:extension:credBlob: true, webauthn:extension:largeBlob: true, webauthn:extension:minPinLength: true, webauthn:extension:prf: true, webauthn:virtualAuthenticators: true}
Session ID: 76f184fea3ff5c0df246dcda4d7bcc92
2023-11-29 22:21:38,318 [main] INFO  base.BaseClass - Trying to find Element By {by.toString()})
2023-11-29 22:21:38,339 [main] INFO  base.BaseClass - Found Element By {by.toString()}
2023-11-29 22:21:38,340 [main] INFO  base.BaseClass - Trying to click on: {element.toString()}
2023-11-29 22:21:38,460 [main] INFO  base.BaseClass - Clicked on: {element.toString()}
2023-11-29 22:21:38,460 [main] INFO  base.BaseClass - Trying to find Element By {by.toString()})
2023-11-29 22:21:38,473 [main] INFO  base.BaseClass - Found Element By {by.toString()}
TimeoutException occurred: Expected condition failed: waiting for helper.WaitUtility$5@1ed6a70d (tried for 30 second(s) with 500 milliseconds interval)
Build info: version: '3.141.59', revision: 'e82be7d358', time: '2018-11-14T08:17:03'
System info: host: 'DPLAP166', ip: '137.237.3.153', os.name: 'Windows 10', os.arch: 'amd64', os.version: '10.0', java.version: '19.0.1'
Driver info: org.openqa.selenium.support.events.EventFiringWebDriver
Capabilities {acceptInsecureCerts: true, browserName: chrome, browserVersion: 119.0.6045.200, chrome: {chromedriverVersion: 119.0.6045.105 (38c72552c5e..., userDataDir: C:\Users\dP-PL\AppData\Loca...}, fedcm:accounts: true, goog:chromeOptions: {debuggerAddress: localhost:56463}, javascriptEnabled: true, networkConnectionEnabled: false, pageLoadStrategy: normal, platform: WINDOWS, platformName: WINDOWS, proxy: Proxy(), setWindowRect: true, strictFileInteractability: false, timeouts: {implicit: 0, pageLoad: 300000, script: 30000}, unhandledPromptBehavior: dismiss and notify, webauthn:extension:credBlob: true, webauthn:extension:largeBlob: true, webauthn:extension:minPinLength: true, webauthn:extension:prf: true, webauthn:virtualAuthenticators: true}
Session ID: 76f184fea3ff5c0df246dcda4d7bcc92
2023-11-29 22:22:09,184 [main] ERROR XGLT_15177_Test - Element did not become visible within the specified time: Expected condition failed: waiting for helper.WaitUtility$5@1ed6a70d (tried for 30 second(s) with 500 milliseconds interval)
Build info: version: '3.141.59', revision: 'e82be7d358', time: '2018-11-14T08:17:03'
System info: host: 'DPLAP166', ip: '137.237.3.153', os.name: 'Windows 10', os.arch: 'amd64', os.version: '10.0', java.version: '19.0.1'
Driver info: org.openqa.selenium.support.events.EventFiringWebDriver
Capabilities {acceptInsecureCerts: true, browserName: chrome, browserVersion: 119.0.6045.200, chrome: {chromedriverVersion: 119.0.6045.105 (38c72552c5e..., userDataDir: C:\Users\dP-PL\AppData\Loca...}, fedcm:accounts: true, goog:chromeOptions: {debuggerAddress: localhost:56463}, javascriptEnabled: true, networkConnectionEnabled: false, pageLoadStrategy: normal, platform: WINDOWS, platformName: WINDOWS, proxy: Proxy(), setWindowRect: true, strictFileInteractability: false, timeouts: {implicit: 0, pageLoad: 300000, script: 30000}, unhandledPromptBehavior: dismiss and notify, webauthn:extension:credBlob: true, webauthn:extension:largeBlob: true, webauthn:extension:minPinLength: true, webauthn:extension:prf: true, webauthn:virtualAuthenticators: true}
Session ID: 76f184fea3ff5c0df246dcda4d7bcc92
2023-11-29 22:22:09,184 [main] INFO  base.BaseClass - Trying to click on: {element.toString()}
2023-11-29 22:22:09,321 [main] INFO  base.BaseClass - Clicked on: {element.toString()}
2023-11-29 22:22:09,321 [main] INFO  base.BaseClass - Trying to find Element By {by.toString()})
2023-11-29 22:22:09,334 [main] INFO  base.BaseClass - Found Element By {by.toString()}
2023-11-29 22:22:09,870 [main] INFO  base.BaseClass - Trying to find Element By {by.toString()})
2023-11-29 22:22:09,894 [main] INFO  base.BaseClass - Found Element By {by.toString()}
2023-11-29 22:22:10,446 [main] INFO  base.BaseClass - Trying to find Element By {by.toString()})
2023-11-29 22:22:10,470 [main] INFO  base.BaseClass - Found Element By {by.toString()}
2023-11-29 22:22:11,012 [main] INFO  base.BaseClass - Trying to find Element By {by.toString()})
2023-11-29 22:22:11,034 [main] INFO  base.BaseClass - Found Element By {by.toString()}
2023-11-29 22:22:11,575 [main] INFO  base.BaseClass - Trying to find Element By {by.toString()})
2023-11-29 22:22:11,604 [main] INFO  base.BaseClass - Found Element By {by.toString()}
2023-11-29 22:22:12,135 [main] INFO  base.BaseClass - Trying to find Element By {by.toString()})
2023-11-29 22:22:12,160 [main] INFO  base.BaseClass - Found Element By {by.toString()}
2023-11-29 22:22:12,712 [main] INFO  base.BaseClass - Trying to find Element By {by.toString()})
2023-11-29 22:22:12,737 [main] INFO  base.BaseClass - Found Element By {by.toString()}
2023-11-29 22:22:13,274 [main] INFO  base.BaseClass - Trying to find Element By {by.toString()})
2023-11-29 22:22:13,296 [main] INFO  base.BaseClass - Found Element By {by.toString()}
2023-11-29 22:22:13,852 [main] INFO  base.BaseClass - Trying to find Element By {by.toString()})
2023-11-29 22:22:13,877 [main] INFO  base.BaseClass - Found Element By {by.toString()}
2023-11-29 22:22:14,415 [main] INFO  base.BaseClass - Trying to find Element By {by.toString()})
2023-11-29 22:22:14,439 [main] INFO  base.BaseClass - Found Element By {by.toString()}
2023-11-29 22:22:14,982 [main] INFO  base.BaseClass - Trying to find Element By {by.toString()})
2023-11-29 22:22:15,007 [main] INFO  base.BaseClass - Found Element By {by.toString()}
2023-11-29 22:22:15,545 [main] INFO  base.BaseClass - Trying to find Element By {by.toString()})
2023-11-29 22:22:15,569 [main] INFO  base.BaseClass - Found Element By {by.toString()}
2023-11-29 22:22:16,107 [main] INFO  base.BaseClass - Trying to find Element By {by.toString()})
2023-11-29 22:22:16,130 [main] INFO  base.BaseClass - Found Element By {by.toString()}
2023-11-29 22:22:16,669 [main] INFO  base.BaseClass - Trying to find Element By {by.toString()})
2023-11-29 22:22:16,692 [main] INFO  base.BaseClass - Found Element By {by.toString()}
2023-11-29 22:22:17,234 [main] INFO  base.BaseClass - Trying to find Element By {by.toString()})
2023-11-29 22:22:17,256 [main] INFO  base.BaseClass - Found Element By {by.toString()}
2023-11-29 22:22:17,796 [main] INFO  base.BaseClass - Trying to find Element By {by.toString()})
2023-11-29 22:22:17,820 [main] INFO  base.BaseClass - Found Element By {by.toString()}
2023-11-29 22:22:18,362 [main] INFO  base.BaseClass - Trying to find Element By {by.toString()})
2023-11-29 22:22:18,386 [main] INFO  base.BaseClass - Found Element By {by.toString()}
2023-11-29 22:22:18,932 [main] INFO  base.BaseClass - Trying to find Element By {by.toString()})
2023-11-29 22:22:18,956 [main] INFO  base.BaseClass - Found Element By {by.toString()}
2023-11-29 22:22:19,502 [main] INFO  base.BaseClass - Trying to find Element By {by.toString()})
2023-11-29 22:22:19,525 [main] INFO  base.BaseClass - Found Element By {by.toString()}
2023-11-29 22:22:20,064 [main] INFO  base.BaseClass - Trying to find Element By {by.toString()})
2023-11-29 22:22:20,088 [main] INFO  base.BaseClass - Found Element By {by.toString()}
2023-11-29 22:22:20,627 [main] INFO  base.BaseClass - Trying to find Element By {by.toString()})
2023-11-29 22:22:20,652 [main] INFO  base.BaseClass - Found Element By {by.toString()}
2023-11-29 22:22:21,193 [main] INFO  base.BaseClass - Trying to find Element By {by.toString()})
2023-11-29 22:22:21,216 [main] INFO  base.BaseClass - Found Element By {by.toString()}
2023-11-29 22:22:21,754 [main] INFO  base.BaseClass - Trying to find Element By {by.toString()})
2023-11-29 22:22:21,778 [main] INFO  base.BaseClass - Found Element By {by.toString()}
2023-11-29 22:22:22,313 [main] INFO  base.BaseClass - Trying to find Element By {by.toString()})
2023-11-29 22:22:22,337 [main] INFO  base.BaseClass - Found Element By {by.toString()}
2023-11-29 22:22:22,887 [main] INFO  base.BaseClass - Trying to find Element By {by.toString()})
2023-11-29 22:22:22,911 [main] INFO  base.BaseClass - Found Element By {by.toString()}
2023-11-29 22:22:23,463 [main] INFO  base.BaseClass - Trying to find Element By {by.toString()})
2023-11-29 22:22:23,487 [main] INFO  base.BaseClass - Found Element By {by.toString()}
2023-11-29 22:22:24,028 [main] INFO  base.BaseClass - Trying to find Element By {by.toString()})
2023-11-29 22:22:24,054 [main] INFO  base.BaseClass - Found Element By {by.toString()}
2023-11-29 22:22:24,596 [main] INFO  base.BaseClass - Trying to find Element By {by.toString()})
2023-11-29 22:22:24,620 [main] INFO  base.BaseClass - Found Element By {by.toString()}
2023-11-29 22:22:25,160 [main] INFO  base.BaseClass - Trying to find Element By {by.toString()})
2023-11-29 22:22:25,185 [main] INFO  base.BaseClass - Found Element By {by.toString()}
2023-11-29 22:22:25,725 [main] INFO  base.BaseClass - Trying to find Element By {by.toString()})
2023-11-29 22:22:25,750 [main] INFO  base.BaseClass - Found Element By {by.toString()}
2023-11-29 22:22:26,289 [main] INFO  base.BaseClass - Trying to find Element By {by.toString()})
2023-11-29 22:22:26,316 [main] INFO  base.BaseClass - Found Element By {by.toString()}
2023-11-29 22:22:26,851 [main] INFO  base.BaseClass - Trying to find Element By {by.toString()})
2023-11-29 22:22:26,877 [main] INFO  base.BaseClass - Found Element By {by.toString()}
2023-11-29 22:22:27,411 [main] INFO  base.BaseClass - Trying to find Element By {by.toString()})
2023-11-29 22:22:27,436 [main] INFO  base.BaseClass - Found Element By {by.toString()}
2023-11-29 22:22:27,974 [main] INFO  base.BaseClass - Trying to find Element By {by.toString()})
2023-11-29 22:22:27,998 [main] INFO  base.BaseClass - Found Element By {by.toString()}
2023-11-29 22:22:28,538 [main] INFO  base.BaseClass - Trying to find Element By {by.toString()})
2023-11-29 22:22:28,563 [main] INFO  base.BaseClass - Found Element By {by.toString()}
2023-11-29 22:22:29,114 [main] INFO  base.BaseClass - Trying to find Element By {by.toString()})
2023-11-29 22:22:29,139 [main] INFO  base.BaseClass - Found Element By {by.toString()}
2023-11-29 22:22:29,690 [main] INFO  base.BaseClass - Trying to find Element By {by.toString()})
2023-11-29 22:22:29,714 [main] INFO  base.BaseClass - Found Element By {by.toString()}
2023-11-29 22:22:30,253 [main] INFO  base.BaseClass - Trying to find Element By {by.toString()})
2023-11-29 22:22:30,277 [main] INFO  base.BaseClass - Found Element By {by.toString()}
2023-11-29 22:22:30,826 [main] INFO  base.BaseClass - Trying to find Element By {by.toString()})
2023-11-29 22:22:30,850 [main] INFO  base.BaseClass - Found Element By {by.toString()}
2023-11-29 22:22:31,391 [main] INFO  base.BaseClass - Trying to find Element By {by.toString()})
2023-11-29 22:22:31,414 [main] INFO  base.BaseClass - Found Element By {by.toString()}
2023-11-29 22:22:31,953 [main] INFO  base.BaseClass - Trying to find Element By {by.toString()})
2023-11-29 22:22:31,980 [main] INFO  base.BaseClass - Found Element By {by.toString()}
2023-11-29 22:22:32,519 [main] INFO  base.BaseClass - Trying to find Element By {by.toString()})
2023-11-29 22:22:32,544 [main] INFO  base.BaseClass - Found Element By {by.toString()}
2023-11-29 22:22:33,081 [main] INFO  base.BaseClass - Trying to find Element By {by.toString()})
2023-11-29 22:22:33,104 [main] INFO  base.BaseClass - Found Element By {by.toString()}
2023-11-29 22:22:33,645 [main] INFO  base.BaseClass - Trying to find Element By {by.toString()})
2023-11-29 22:22:33,670 [main] INFO  base.BaseClass - Found Element By {by.toString()}
2023-11-29 22:22:34,210 [main] INFO  base.BaseClass - Trying to find Element By {by.toString()})
2023-11-29 22:22:34,234 [main] INFO  base.BaseClass - Found Element By {by.toString()}
2023-11-29 22:22:34,785 [main] INFO  base.BaseClass - Trying to find Element By {by.toString()})
2023-11-29 22:22:34,811 [main] INFO  base.BaseClass - Found Element By {by.toString()}
2023-11-29 22:22:35,350 [main] INFO  base.BaseClass - Trying to find Element By {by.toString()})
2023-11-29 22:22:35,374 [main] INFO  base.BaseClass - Found Element By {by.toString()}
2023-11-29 22:22:35,912 [main] INFO  base.BaseClass - Trying to find Element By {by.toString()})
2023-11-29 22:22:35,940 [main] INFO  base.BaseClass - Found Element By {by.toString()}
2023-11-29 22:22:36,491 [main] INFO  base.BaseClass - Trying to find Element By {by.toString()})
2023-11-29 22:22:36,499 [main] INFO  base.BaseClass - Found Element By {by.toString()}
2023-11-29 22:22:37,022 [main] INFO  base.BaseClass - Trying to find Element By {by.toString()})
2023-11-29 22:22:37,047 [main] INFO  base.BaseClass - Found Element By {by.toString()}
2023-11-29 22:22:37,598 [main] INFO  base.BaseClass - Trying to find Element By {by.toString()})
2023-11-29 22:22:37,623 [main] INFO  base.BaseClass - Found Element By {by.toString()}
2023-11-29 22:22:38,168 [main] INFO  base.BaseClass - Trying to find Element By {by.toString()})
2023-11-29 22:22:38,192 [main] INFO  base.BaseClass - Found Element By {by.toString()}
2023-11-29 22:22:38,744 [main] INFO  base.BaseClass - Trying to find Element By {by.toString()})
2023-11-29 22:22:38,768 [main] INFO  base.BaseClass - Found Element By {by.toString()}
2023-11-29 22:22:39,307 [main] INFO  base.BaseClass - Trying to find Element By {by.toString()})
2023-11-29 22:22:39,330 [main] INFO  base.BaseClass - Found Element By {by.toString()}
TimeoutException occurred: Expected condition failed: waiting for helper.WaitUtility$5@6b7b9189 (tried for 30 second(s) with 500 milliseconds interval)
Build info: version: '3.141.59', revision: 'e82be7d358', time: '2018-11-14T08:17:03'
System info: host: 'DPLAP166', ip: '137.237.3.153', os.name: 'Windows 10', os.arch: 'amd64', os.version: '10.0', java.version: '19.0.1'
Driver info: org.openqa.selenium.support.events.EventFiringWebDriver
Capabilities {acceptInsecureCerts: true, browserName: chrome, browserVersion: 119.0.6045.200, chrome: {chromedriverVersion: 119.0.6045.105 (38c72552c5e..., userDataDir: C:\Users\dP-PL\AppData\Loca...}, fedcm:accounts: true, goog:chromeOptions: {debuggerAddress: localhost:56463}, javascriptEnabled: true, networkConnectionEnabled: false, pageLoadStrategy: normal, platform: WINDOWS, platformName: WINDOWS, proxy: Proxy(), setWindowRect: true, strictFileInteractability: false, timeouts: {implicit: 0, pageLoad: 300000, script: 30000}, unhandledPromptBehavior: dismiss and notify, webauthn:extension:credBlob: true, webauthn:extension:largeBlob: true, webauthn:extension:minPinLength: true, webauthn:extension:prf: true, webauthn:virtualAuthenticators: true}
Session ID: 76f184fea3ff5c0df246dcda4d7bcc92
2023-11-29 22:22:39,364 [main] ERROR XGLT_15177_Test - Element did not become visible within the specified time: Expected condition failed: waiting for helper.WaitUtility$5@6b7b9189 (tried for 30 second(s) with 500 milliseconds interval)
Build info: version: '3.141.59', revision: 'e82be7d358', time: '2018-11-14T08:17:03'
System info: host: 'DPLAP166', ip: '137.237.3.153', os.name: 'Windows 10', os.arch: 'amd64', os.version: '10.0', java.version: '19.0.1'
Driver info: org.openqa.selenium.support.events.EventFiringWebDriver
Capabilities {acceptInsecureCerts: true, browserName: chrome, browserVersion: 119.0.6045.200, chrome: {chromedriverVersion: 119.0.6045.105 (38c72552c5e..., userDataDir: C:\Users\dP-PL\AppData\Loca...}, fedcm:accounts: true, goog:chromeOptions: {debuggerAddress: localhost:56463}, javascriptEnabled: true, networkConnectionEnabled: false, pageLoadStrategy: normal, platform: WINDOWS, platformName: WINDOWS, proxy: Proxy(), setWindowRect: true, strictFileInteractability: false, timeouts: {implicit: 0, pageLoad: 300000, script: 30000}, unhandledPromptBehavior: dismiss and notify, webauthn:extension:credBlob: true, webauthn:extension:largeBlob: true, webauthn:extension:minPinLength: true, webauthn:extension:prf: true, webauthn:virtualAuthenticators: true}
Session ID: 76f184fea3ff5c0df246dcda4d7bcc92
2023-11-29 22:22:39,364 [main] INFO  base.BaseClass - Trying to find Element By {by.toString()})
2023-11-29 22:22:39,385 [main] INFO  base.BaseClass - Found Element By {by.toString()}
2023-11-29 22:22:39,385 [main] INFO  base.BaseClass - Trying to click on: {element.toString()}
2023-11-29 22:22:39,525 [main] INFO  base.BaseClass - Clicked on: {element.toString()}
2023-11-29 22:22:39,525 [main] INFO  base.BaseClass - Trying to find Element By {by.toString()})
2023-11-29 22:22:43,919 [main] INFO  base.BaseClass - Found Element By {by.toString()}
MCsetUser passed!
]]></system-out>
    <system-err><![CDATA[Starting ChromeDriver 119.0.6045.105 (38c72552c5e15ba9b3117c0967a0fd105072d7c6-refs/branch-heads/6045@{#1103}) on port 11685
Only local connections are allowed.
Please see https://chromedriver.chromium.org/security-considerations for suggestions on keeping ChromeDriver safe.
ChromeDriver was started successfully.
Nov 29, 2023 10:18:13 PM org.openqa.selenium.remote.ProtocolHandshake createSession
INFO: Detected dialect: W3C
]]></system-err>
  </testcase>
  <testcase name="getMCUsercounts" classname="XGLT_6992_Test" time="7.738">
    <failure message="expected [true] but found [false]" type="java.lang.AssertionError"><![CDATA[java.lang.AssertionError: expected [true] but found [false]
	at org.testng.Assert.fail(Assert.java:110)
	at org.testng.Assert.failNotEquals(Assert.java:1413)
	at org.testng.Assert.assertTrue(Assert.java:56)
	at org.testng.Assert.assertTrue(Assert.java:66)
	at XGLT_6992_Test.getMCUsercounts(XGLT_6992_Test.java:72)
	at java.base/jdk.internal.reflect.DirectMethodHandleAccessor.invoke(DirectMethodHandleAccessor.java:104)
	at java.base/java.lang.reflect.Method.invoke(Method.java:578)
	at org.testng.internal.invokers.MethodInvocationHelper.invokeMethod(MethodInvocationHelper.java:139)
	at org.testng.internal.invokers.TestInvoker.invokeMethod(TestInvoker.java:677)
	at org.testng.internal.invokers.TestInvoker.invokeTestMethod(TestInvoker.java:221)
	at org.testng.internal.invokers.MethodRunner.runInSequence(MethodRunner.java:50)
	at org.testng.internal.invokers.TestInvoker$MethodInvocationAgent.invoke(TestInvoker.java:962)
	at org.testng.internal.invokers.TestInvoker.invokeTestMethods(TestInvoker.java:194)
	at org.testng.internal.invokers.TestMethodWorker.invokeTestMethods(TestMethodWorker.java:148)
	at org.testng.internal.invokers.TestMethodWorker.run(TestMethodWorker.java:128)
	at java.base/java.util.ArrayList.forEach(ArrayList.java:1511)
	at org.testng.TestRunner.privateRun(TestRunner.java:806)
	at org.testng.TestRunner.run(TestRunner.java:601)
	at org.testng.SuiteRunner.runTest(SuiteRunner.java:433)
	at org.testng.SuiteRunner.runSequentially(SuiteRunner.java:427)
	at org.testng.SuiteRunner.privateRun(SuiteRunner.java:387)
	at org.testng.SuiteRunner.run(SuiteRunner.java:330)
	at org.testng.SuiteRunnerWorker.runSuite(SuiteRunnerWorker.java:52)
	at org.testng.SuiteRunnerWorker.run(SuiteRunnerWorker.java:95)
	at org.testng.TestNG.runSuitesSequentially(TestNG.java:1256)
	at org.testng.TestNG.runSuitesLocally(TestNG.java:1176)
	at org.testng.TestNG.runSuites(TestNG.java:1099)
	at org.testng.TestNG.run(TestNG.java:1067)
	at org.apache.maven.surefire.testng.TestNGExecutor.run(TestNGExecutor.java:324)
	at org.apache.maven.surefire.testng.TestNGXmlTestSuite.execute(TestNGXmlTestSuite.java:74)
	at org.apache.maven.surefire.testng.TestNGProvider.invoke(TestNGProvider.java:123)
	at org.apache.maven.surefire.booter.ForkedBooter.runSuitesInProcess(ForkedBooter.java:456)
	at org.apache.maven.surefire.booter.ForkedBooter.execute(ForkedBooter.java:169)
	at org.apache.maven.surefire.booter.ForkedBooter.run(ForkedBooter.java:595)
	at org.apache.maven.surefire.booter.ForkedBooter.main(ForkedBooter.java:581)
]]></failure>
    <system-out><![CDATA[Before method Test name: Maintainance Tests
getMCUsercounts started!
2023-11-29 22:22:44,190 [main] INFO  base.BaseClass - Trying to find Element By {by.toString()})
2023-11-29 22:22:44,206 [main] INFO  base.BaseClass - Found Element By {by.toString()}
2023-11-29 22:22:44,217 [main] INFO  base.BaseClass - Trying to find Element By {by.toString()})
2023-11-29 22:22:44,236 [main] INFO  base.BaseClass - Found Element By {by.toString()}
2023-11-29 22:22:44,253 [main] INFO  base.BaseClass - Trying to find Element By {by.toString()})
2023-11-29 22:22:44,271 [main] INFO  base.BaseClass - Found Element By {by.toString()}
2023-11-29 22:22:44,284 [main] INFO  base.BaseClass - Trying to find Element By {by.toString()})
2023-11-29 22:22:44,295 [main] INFO  base.BaseClass - Found Element By {by.toString()}
2023-11-29 22:22:44,308 [main] INFO  base.BaseClass - Trying to find Element By {by.toString()})
2023-11-29 22:22:44,325 [main] INFO  base.BaseClass - Found Element By {by.toString()}
2023-11-29 22:22:44,337 [main] INFO  base.BaseClass - Trying to find Element By {by.toString()})
2023-11-29 22:22:44,356 [main] INFO  base.BaseClass - Found Element By {by.toString()}
2023-11-29 22:22:44,374 [main] INFO  base.BaseClass - Trying to find Element By {by.toString()})
2023-11-29 22:22:44,396 [main] INFO  base.BaseClass - Found Element By {by.toString()}
2023-11-29 22:22:44,411 [main] INFO  base.BaseClass - Trying to find Element By {by.toString()})
2023-11-29 22:22:44,437 [main] INFO  base.BaseClass - Found Element By {by.toString()}
Database is connected successfully
Connection closed successfully.
DB count is 85
2023-11-29 22:22:51,473 [main] INFO  base.BaseClass - Trying to find Element By {by.toString()})
2023-11-29 22:22:51,518 [main] INFO  base.BaseClass - Found Element By {by.toString()}
2023-11-29 22:22:51,536 [main] INFO  base.BaseClass - Trying to find Element By {by.toString()})
2023-11-29 22:22:51,552 [main] INFO  base.BaseClass - Found Element By {by.toString()}
2023-11-29 22:22:51,569 [main] INFO  base.BaseClass - Trying to find Element By {by.toString()})
2023-11-29 22:22:51,586 [main] INFO  base.BaseClass - Found Element By {by.toString()}
2023-11-29 22:22:51,604 [main] INFO  base.BaseClass - Trying to find Element By {by.toString()})
2023-11-29 22:22:51,622 [main] INFO  base.BaseClass - Found Element By {by.toString()}
getMCUsercounts failed!
]]></system-out>
  </testcase>
  <testcase name="CreateNewSalesoffice" classname="XGLT_6749_Test" time="155.944">
    <system-out><![CDATA[2023-11-29 22:22:51,892 [main] INFO  XGLT_15177_Test - closing up browser
2023-11-29 22:22:53,282 [main] INFO  base.BaseClass - Login to XGL
2023-11-29 22:22:53,282 [main] INFO  XGLT_15177_Test - Setting up browser
2023-11-29 22:22:55,950 [main] INFO  io.github.bonigarcia.wdm.WebDriverManager - Using chromedriver 119.0.6045.105 (resolved driver for Chrome 119)
2023-11-29 22:22:55,958 [main] INFO  io.github.bonigarcia.wdm.WebDriverManager - Exporting webdriver.chrome.driver as C:\Users\dP-PL\.cache\selenium\chromedriver\win64\119.0.6045.105\chromedriver.exe
2023-11-29 22:22:57,212 [main] INFO  base.BaseClass - Before navigating to {url}
2023-11-29 22:23:05,538 [main] INFO  base.BaseClass - Navigated to {url}
2023-11-29 22:23:06,104 [main] INFO  base.BaseClass - Trying to find Element By {by.toString()})
2023-11-29 22:23:06,123 [main] INFO  base.BaseClass - Found Element By {by.toString()}
2023-11-29 22:23:06,214 [main] INFO  base.BaseClass - Trying to find Element By {by.toString()})
2023-11-29 22:23:06,227 [main] INFO  base.BaseClass - Found Element By {by.toString()}
2023-11-29 22:23:06,301 [main] INFO  base.BaseClass - Trying to find Element By {by.toString()})
2023-11-29 22:23:06,314 [main] INFO  base.BaseClass - Found Element By {by.toString()}
2023-11-29 22:23:06,314 [main] INFO  base.BaseClass - Trying to click on: {element.toString()}
2023-11-29 22:23:06,357 [main] INFO  base.BaseClass - Clicked on: {element.toString()}
2023-11-29 22:23:06,357 [main] INFO  base.BaseClass - Trying to find Element By {by.toString()})
2023-11-29 22:23:17,987 [main] INFO  base.BaseClass - Found Element By {by.toString()}
2023-11-29 22:23:18,009 [main] INFO  base.BaseClass - Trying to find Element By {by.toString()})
NoSuchElementException occurred: no such element: Unable to locate element: {"method":"xpath","selector":"//div[@class='modal-content']/div/i[contains(@class,'close')]"}
  (Session info: chrome=119.0.6045.200)
For documentation on this error, please visit: https://www.seleniumhq.org/exceptions/no_such_element.html
Build info: version: '3.141.59', revision: 'e82be7d358', time: '2018-11-14T08:17:03'
System info: host: 'DPLAP166', ip: '137.237.3.153', os.name: 'Windows 10', os.arch: 'amd64', os.version: '10.0', java.version: '19.0.1'
Driver info: org.openqa.selenium.chrome.ChromeDriver
Capabilities {acceptInsecureCerts: true, browserName: chrome, browserVersion: 119.0.6045.200, chrome: {chromedriverVersion: 119.0.6045.105 (38c72552c5e..., userDataDir: C:\Users\dP-PL\AppData\Loca...}, fedcm:accounts: true, goog:chromeOptions: {debuggerAddress: localhost:57062}, javascriptEnabled: true, networkConnectionEnabled: false, pageLoadStrategy: normal, platform: WINDOWS, platformName: WINDOWS, proxy: Proxy(), setWindowRect: true, strictFileInteractability: false, timeouts: {implicit: 0, pageLoad: 300000, script: 30000}, unhandledPromptBehavior: dismiss and notify, webauthn:extension:credBlob: true, webauthn:extension:largeBlob: true, webauthn:extension:minPinLength: true, webauthn:extension:prf: true, webauthn:virtualAuthenticators: true}
Session ID: 17400affcb29ff1368dfa709b3e23e1d
*** Element info: {Using=xpath, value=//div[@class='modal-content']/div/i[contains(@class,'close')]}
Before method Test name: Maintainance Tests
CreateNewSalesoffice started!
2023-11-29 22:24:09,794 [main] INFO  base.BaseClass - Trying to find Element By {by.toString()})
2023-11-29 22:24:09,833 [main] INFO  base.BaseClass - Found Element By {by.toString()}
2023-11-29 22:24:10,378 [main] INFO  base.BaseClass - Trying to find Element By {by.toString()})
2023-11-29 22:24:10,404 [main] INFO  base.BaseClass - Found Element By {by.toString()}
2023-11-29 22:24:10,953 [main] INFO  base.BaseClass - Trying to find Element By {by.toString()})
2023-11-29 22:24:10,970 [main] INFO  base.BaseClass - Found Element By {by.toString()}
2023-11-29 22:24:11,502 [main] INFO  base.BaseClass - Trying to find Element By {by.toString()})
2023-11-29 22:24:11,526 [main] INFO  base.BaseClass - Found Element By {by.toString()}
2023-11-29 22:24:12,073 [main] INFO  base.BaseClass - Trying to find Element By {by.toString()})
2023-11-29 22:24:12,100 [main] INFO  base.BaseClass - Found Element By {by.toString()}
2023-11-29 22:24:12,639 [main] INFO  base.BaseClass - Trying to find Element By {by.toString()})
2023-11-29 22:24:12,665 [main] INFO  base.BaseClass - Found Element By {by.toString()}
2023-11-29 22:24:13,201 [main] INFO  base.BaseClass - Trying to find Element By {by.toString()})
2023-11-29 22:24:13,224 [main] INFO  base.BaseClass - Found Element By {by.toString()}
2023-11-29 22:24:13,767 [main] INFO  base.BaseClass - Trying to find Element By {by.toString()})
2023-11-29 22:24:13,792 [main] INFO  base.BaseClass - Found Element By {by.toString()}
2023-11-29 22:24:14,336 [main] INFO  base.BaseClass - Trying to find Element By {by.toString()})
2023-11-29 22:24:14,362 [main] INFO  base.BaseClass - Found Element By {by.toString()}
2023-11-29 22:24:14,901 [main] INFO  base.BaseClass - Trying to find Element By {by.toString()})
2023-11-29 22:24:14,926 [main] INFO  base.BaseClass - Found Element By {by.toString()}
2023-11-29 22:24:15,457 [main] INFO  base.BaseClass - Trying to find Element By {by.toString()})
2023-11-29 22:24:15,487 [main] INFO  base.BaseClass - Found Element By {by.toString()}
2023-11-29 22:24:16,025 [main] INFO  base.BaseClass - Trying to find Element By {by.toString()})
2023-11-29 22:24:16,048 [main] INFO  base.BaseClass - Found Element By {by.toString()}
2023-11-29 22:24:16,589 [main] INFO  base.BaseClass - Trying to find Element By {by.toString()})
2023-11-29 22:24:16,613 [main] INFO  base.BaseClass - Found Element By {by.toString()}
2023-11-29 22:24:17,150 [main] INFO  base.BaseClass - Trying to find Element By {by.toString()})
2023-11-29 22:24:17,178 [main] INFO  base.BaseClass - Found Element By {by.toString()}
2023-11-29 22:24:17,712 [main] INFO  base.BaseClass - Trying to find Element By {by.toString()})
2023-11-29 22:24:17,738 [main] INFO  base.BaseClass - Found Element By {by.toString()}
2023-11-29 22:24:18,274 [main] INFO  base.BaseClass - Trying to find Element By {by.toString()})
2023-11-29 22:24:18,297 [main] INFO  base.BaseClass - Found Element By {by.toString()}
2023-11-29 22:24:18,831 [main] INFO  base.BaseClass - Trying to find Element By {by.toString()})
2023-11-29 22:24:18,854 [main] INFO  base.BaseClass - Found Element By {by.toString()}
2023-11-29 22:24:19,403 [main] INFO  base.BaseClass - Trying to find Element By {by.toString()})
2023-11-29 22:24:19,433 [main] INFO  base.BaseClass - Found Element By {by.toString()}
2023-11-29 22:24:19,968 [main] INFO  base.BaseClass - Trying to find Element By {by.toString()})
2023-11-29 22:24:19,990 [main] INFO  base.BaseClass - Found Element By {by.toString()}
2023-11-29 22:24:20,527 [main] INFO  base.BaseClass - Trying to find Element By {by.toString()})
2023-11-29 22:24:20,553 [main] INFO  base.BaseClass - Found Element By {by.toString()}
2023-11-29 22:24:21,088 [main] INFO  base.BaseClass - Trying to find Element By {by.toString()})
2023-11-29 22:24:21,113 [main] INFO  base.BaseClass - Found Element By {by.toString()}
2023-11-29 22:24:21,651 [main] INFO  base.BaseClass - Trying to find Element By {by.toString()})
2023-11-29 22:24:21,674 [main] INFO  base.BaseClass - Found Element By {by.toString()}
2023-11-29 22:24:22,213 [main] INFO  base.BaseClass - Trying to find Element By {by.toString()})
2023-11-29 22:24:22,239 [main] INFO  base.BaseClass - Found Element By {by.toString()}
2023-11-29 22:24:22,790 [main] INFO  base.BaseClass - Trying to find Element By {by.toString()})
2023-11-29 22:24:22,815 [main] INFO  base.BaseClass - Found Element By {by.toString()}
2023-11-29 22:24:23,352 [main] INFO  base.BaseClass - Trying to find Element By {by.toString()})
2023-11-29 22:24:23,375 [main] INFO  base.BaseClass - Found Element By {by.toString()}
2023-11-29 22:24:23,912 [main] INFO  base.BaseClass - Trying to find Element By {by.toString()})
2023-11-29 22:24:23,935 [main] INFO  base.BaseClass - Found Element By {by.toString()}
2023-11-29 22:24:24,472 [main] INFO  base.BaseClass - Trying to find Element By {by.toString()})
2023-11-29 22:24:24,497 [main] INFO  base.BaseClass - Found Element By {by.toString()}
2023-11-29 22:24:25,029 [main] INFO  base.BaseClass - Trying to find Element By {by.toString()})
2023-11-29 22:24:25,053 [main] INFO  base.BaseClass - Found Element By {by.toString()}
2023-11-29 22:24:25,597 [main] INFO  base.BaseClass - Trying to find Element By {by.toString()})
2023-11-29 22:24:25,622 [main] INFO  base.BaseClass - Found Element By {by.toString()}
2023-11-29 22:24:26,161 [main] INFO  base.BaseClass - Trying to find Element By {by.toString()})
2023-11-29 22:24:26,188 [main] INFO  base.BaseClass - Found Element By {by.toString()}
2023-11-29 22:24:26,721 [main] INFO  base.BaseClass - Trying to find Element By {by.toString()})
2023-11-29 22:24:26,745 [main] INFO  base.BaseClass - Found Element By {by.toString()}
2023-11-29 22:24:27,287 [main] INFO  base.BaseClass - Trying to find Element By {by.toString()})
2023-11-29 22:24:27,312 [main] INFO  base.BaseClass - Found Element By {by.toString()}
2023-11-29 22:24:27,847 [main] INFO  base.BaseClass - Trying to find Element By {by.toString()})
2023-11-29 22:24:27,872 [main] INFO  base.BaseClass - Found Element By {by.toString()}
2023-11-29 22:24:28,405 [main] INFO  base.BaseClass - Trying to find Element By {by.toString()})
2023-11-29 22:24:28,430 [main] INFO  base.BaseClass - Found Element By {by.toString()}
2023-11-29 22:24:28,966 [main] INFO  base.BaseClass - Trying to find Element By {by.toString()})
2023-11-29 22:24:28,991 [main] INFO  base.BaseClass - Found Element By {by.toString()}
2023-11-29 22:24:29,527 [main] INFO  base.BaseClass - Trying to find Element By {by.toString()})
2023-11-29 22:24:29,551 [main] INFO  base.BaseClass - Found Element By {by.toString()}
2023-11-29 22:24:30,095 [main] INFO  base.BaseClass - Trying to find Element By {by.toString()})
2023-11-29 22:24:30,117 [main] INFO  base.BaseClass - Found Element By {by.toString()}
2023-11-29 22:24:30,659 [main] INFO  base.BaseClass - Trying to find Element By {by.toString()})
2023-11-29 22:24:30,682 [main] INFO  base.BaseClass - Found Element By {by.toString()}
2023-11-29 22:24:31,216 [main] INFO  base.BaseClass - Trying to find Element By {by.toString()})
2023-11-29 22:24:31,240 [main] INFO  base.BaseClass - Found Element By {by.toString()}
2023-11-29 22:24:31,777 [main] INFO  base.BaseClass - Trying to find Element By {by.toString()})
2023-11-29 22:24:31,800 [main] INFO  base.BaseClass - Found Element By {by.toString()}
2023-11-29 22:24:32,341 [main] INFO  base.BaseClass - Trying to find Element By {by.toString()})
2023-11-29 22:24:32,367 [main] INFO  base.BaseClass - Found Element By {by.toString()}
2023-11-29 22:24:32,904 [main] INFO  base.BaseClass - Trying to find Element By {by.toString()})
2023-11-29 22:24:32,930 [main] INFO  base.BaseClass - Found Element By {by.toString()}
2023-11-29 22:24:33,479 [main] INFO  base.BaseClass - Trying to find Element By {by.toString()})
2023-11-29 22:24:33,508 [main] INFO  base.BaseClass - Found Element By {by.toString()}
2023-11-29 22:24:34,047 [main] INFO  base.BaseClass - Trying to find Element By {by.toString()})
2023-11-29 22:24:34,074 [main] INFO  base.BaseClass - Found Element By {by.toString()}
2023-11-29 22:24:34,604 [main] INFO  base.BaseClass - Trying to find Element By {by.toString()})
2023-11-29 22:24:34,629 [main] INFO  base.BaseClass - Found Element By {by.toString()}
2023-11-29 22:24:35,179 [main] INFO  base.BaseClass - Trying to find Element By {by.toString()})
2023-11-29 22:24:35,204 [main] INFO  base.BaseClass - Found Element By {by.toString()}
2023-11-29 22:24:35,754 [main] INFO  base.BaseClass - Trying to find Element By {by.toString()})
2023-11-29 22:24:35,778 [main] INFO  base.BaseClass - Found Element By {by.toString()}
2023-11-29 22:24:36,318 [main] INFO  base.BaseClass - Trying to find Element By {by.toString()})
2023-11-29 22:24:36,344 [main] INFO  base.BaseClass - Found Element By {by.toString()}
2023-11-29 22:24:36,885 [main] INFO  base.BaseClass - Trying to find Element By {by.toString()})
2023-11-29 22:24:36,909 [main] INFO  base.BaseClass - Found Element By {by.toString()}
2023-11-29 22:24:37,447 [main] INFO  base.BaseClass - Trying to find Element By {by.toString()})
2023-11-29 22:24:37,472 [main] INFO  base.BaseClass - Found Element By {by.toString()}
2023-11-29 22:24:38,008 [main] INFO  base.BaseClass - Trying to find Element By {by.toString()})
2023-11-29 22:24:38,032 [main] INFO  base.BaseClass - Found Element By {by.toString()}
2023-11-29 22:24:38,569 [main] INFO  base.BaseClass - Trying to find Element By {by.toString()})
2023-11-29 22:24:38,597 [main] INFO  base.BaseClass - Found Element By {by.toString()}
2023-11-29 22:24:39,128 [main] INFO  base.BaseClass - Trying to find Element By {by.toString()})
2023-11-29 22:24:39,147 [main] INFO  base.BaseClass - Found Element By {by.toString()}
2023-11-29 22:24:39,673 [main] INFO  base.BaseClass - Trying to find Element By {by.toString()})
2023-11-29 22:24:39,696 [main] INFO  base.BaseClass - Found Element By {by.toString()}
2023-11-29 22:24:40,231 [main] INFO  base.BaseClass - Trying to find Element By {by.toString()})
2023-11-29 22:24:40,256 [main] INFO  base.BaseClass - Found Element By {by.toString()}
TimeoutException occurred: Expected condition failed: waiting for helper.WaitUtility$5@4e68ea9 (tried for 30 second(s) with 500 milliseconds interval)
Build info: version: '3.141.59', revision: 'e82be7d358', time: '2018-11-14T08:17:03'
System info: host: 'DPLAP166', ip: '137.237.3.153', os.name: 'Windows 10', os.arch: 'amd64', os.version: '10.0', java.version: '19.0.1'
Driver info: org.openqa.selenium.support.events.EventFiringWebDriver
Capabilities {acceptInsecureCerts: true, browserName: chrome, browserVersion: 119.0.6045.200, chrome: {chromedriverVersion: 119.0.6045.105 (38c72552c5e..., userDataDir: C:\Users\dP-PL\AppData\Loca...}, fedcm:accounts: true, goog:chromeOptions: {debuggerAddress: localhost:57062}, javascriptEnabled: true, networkConnectionEnabled: false, pageLoadStrategy: normal, platform: WINDOWS, platformName: WINDOWS, proxy: Proxy(), setWindowRect: true, strictFileInteractability: false, timeouts: {implicit: 0, pageLoad: 300000, script: 30000}, unhandledPromptBehavior: dismiss and notify, webauthn:extension:credBlob: true, webauthn:extension:largeBlob: true, webauthn:extension:minPinLength: true, webauthn:extension:prf: true, webauthn:virtualAuthenticators: true}
Session ID: 17400affcb29ff1368dfa709b3e23e1d
2023-11-29 22:24:40,292 [main] ERROR XGLT_15177_Test - Element did not become visible within the specified time: Expected condition failed: waiting for helper.WaitUtility$5@4e68ea9 (tried for 30 second(s) with 500 milliseconds interval)
Build info: version: '3.141.59', revision: 'e82be7d358', time: '2018-11-14T08:17:03'
System info: host: 'DPLAP166', ip: '137.237.3.153', os.name: 'Windows 10', os.arch: 'amd64', os.version: '10.0', java.version: '19.0.1'
Driver info: org.openqa.selenium.support.events.EventFiringWebDriver
Capabilities {acceptInsecureCerts: true, browserName: chrome, browserVersion: 119.0.6045.200, chrome: {chromedriverVersion: 119.0.6045.105 (38c72552c5e..., userDataDir: C:\Users\dP-PL\AppData\Loca...}, fedcm:accounts: true, goog:chromeOptions: {debuggerAddress: localhost:57062}, javascriptEnabled: true, networkConnectionEnabled: false, pageLoadStrategy: normal, platform: WINDOWS, platformName: WINDOWS, proxy: Proxy(), setWindowRect: true, strictFileInteractability: false, timeouts: {implicit: 0, pageLoad: 300000, script: 30000}, unhandledPromptBehavior: dismiss and notify, webauthn:extension:credBlob: true, webauthn:extension:largeBlob: true, webauthn:extension:minPinLength: true, webauthn:extension:prf: true, webauthn:virtualAuthenticators: true}
Session ID: 17400affcb29ff1368dfa709b3e23e1d
2023-11-29 22:24:40,292 [main] INFO  base.BaseClass - Trying to find Element By {by.toString()})
2023-11-29 22:24:40,315 [main] INFO  base.BaseClass - Found Element By {by.toString()}
2023-11-29 22:24:40,316 [main] INFO  base.BaseClass - Trying to click on: {element.toString()}
2023-11-29 22:24:40,462 [main] INFO  base.BaseClass - Clicked on: {element.toString()}
2023-11-29 22:24:40,462 [main] INFO  base.BaseClass - Trying to find Element By {by.toString()})
2023-11-29 22:24:40,478 [main] INFO  base.BaseClass - Found Element By {by.toString()}
2023-11-29 22:24:40,997 [main] INFO  base.BaseClass - Trying to find Element By {by.toString()})
2023-11-29 22:24:41,023 [main] INFO  base.BaseClass - Found Element By {by.toString()}
2023-11-29 22:24:41,563 [main] INFO  base.BaseClass - Trying to find Element By {by.toString()})
2023-11-29 22:24:41,590 [main] INFO  base.BaseClass - Found Element By {by.toString()}
2023-11-29 22:24:42,129 [main] INFO  base.BaseClass - Trying to find Element By {by.toString()})
2023-11-29 22:24:42,156 [main] INFO  base.BaseClass - Found Element By {by.toString()}
2023-11-29 22:24:42,680 [main] INFO  base.BaseClass - Trying to find Element By {by.toString()})
2023-11-29 22:24:42,707 [main] INFO  base.BaseClass - Found Element By {by.toString()}
2023-11-29 22:24:43,247 [main] INFO  base.BaseClass - Trying to find Element By {by.toString()})
2023-11-29 22:24:43,274 [main] INFO  base.BaseClass - Found Element By {by.toString()}
2023-11-29 22:24:43,814 [main] INFO  base.BaseClass - Trying to find Element By {by.toString()})
2023-11-29 22:24:43,842 [main] INFO  base.BaseClass - Found Element By {by.toString()}
2023-11-29 22:24:44,376 [main] INFO  base.BaseClass - Trying to find Element By {by.toString()})
2023-11-29 22:24:44,403 [main] INFO  base.BaseClass - Found Element By {by.toString()}
2023-11-29 22:24:44,949 [main] INFO  base.BaseClass - Trying to find Element By {by.toString()})
2023-11-29 22:24:44,977 [main] INFO  base.BaseClass - Found Element By {by.toString()}
2023-11-29 22:24:45,514 [main] INFO  base.BaseClass - Trying to find Element By {by.toString()})
2023-11-29 22:24:45,545 [main] INFO  base.BaseClass - Found Element By {by.toString()}
2023-11-29 22:24:46,081 [main] INFO  base.BaseClass - Trying to find Element By {by.toString()})
2023-11-29 22:24:46,094 [main] INFO  base.BaseClass - Found Element By {by.toString()}
2023-11-29 22:24:46,618 [main] INFO  base.BaseClass - Trying to find Element By {by.toString()})
2023-11-29 22:24:46,648 [main] INFO  base.BaseClass - Found Element By {by.toString()}
2023-11-29 22:24:47,187 [main] INFO  base.BaseClass - Trying to find Element By {by.toString()})
2023-11-29 22:24:47,214 [main] INFO  base.BaseClass - Found Element By {by.toString()}
2023-11-29 22:24:47,756 [main] INFO  base.BaseClass - Trying to find Element By {by.toString()})
2023-11-29 22:24:47,783 [main] INFO  base.BaseClass - Found Element By {by.toString()}
2023-11-29 22:24:48,320 [main] INFO  base.BaseClass - Trying to find Element By {by.toString()})
2023-11-29 22:24:48,346 [main] INFO  base.BaseClass - Found Element By {by.toString()}
2023-11-29 22:24:48,885 [main] INFO  base.BaseClass - Trying to find Element By {by.toString()})
2023-11-29 22:24:48,913 [main] INFO  base.BaseClass - Found Element By {by.toString()}
2023-11-29 22:24:49,451 [main] INFO  base.BaseClass - Trying to find Element By {by.toString()})
2023-11-29 22:24:49,476 [main] INFO  base.BaseClass - Found Element By {by.toString()}
2023-11-29 22:24:50,016 [main] INFO  base.BaseClass - Trying to find Element By {by.toString()})
2023-11-29 22:24:50,041 [main] INFO  base.BaseClass - Found Element By {by.toString()}
2023-11-29 22:24:50,584 [main] INFO  base.BaseClass - Trying to find Element By {by.toString()})
2023-11-29 22:24:50,593 [main] INFO  base.BaseClass - Found Element By {by.toString()}
2023-11-29 22:24:51,106 [main] INFO  base.BaseClass - Trying to find Element By {by.toString()})
2023-11-29 22:24:51,132 [main] INFO  base.BaseClass - Found Element By {by.toString()}
2023-11-29 22:24:51,670 [main] INFO  base.BaseClass - Trying to find Element By {by.toString()})
2023-11-29 22:24:51,697 [main] INFO  base.BaseClass - Found Element By {by.toString()}
2023-11-29 22:24:52,231 [main] INFO  base.BaseClass - Trying to find Element By {by.toString()})
2023-11-29 22:24:52,256 [main] INFO  base.BaseClass - Found Element By {by.toString()}
2023-11-29 22:24:52,792 [main] INFO  base.BaseClass - Trying to find Element By {by.toString()})
2023-11-29 22:24:52,818 [main] INFO  base.BaseClass - Found Element By {by.toString()}
2023-11-29 22:24:53,363 [main] INFO  base.BaseClass - Trying to find Element By {by.toString()})
2023-11-29 22:24:53,388 [main] INFO  base.BaseClass - Found Element By {by.toString()}
2023-11-29 22:24:53,924 [main] INFO  base.BaseClass - Trying to find Element By {by.toString()})
2023-11-29 22:24:53,949 [main] INFO  base.BaseClass - Found Element By {by.toString()}
2023-11-29 22:24:54,506 [main] INFO  base.BaseClass - Trying to find Element By {by.toString()})
2023-11-29 22:24:54,532 [main] INFO  base.BaseClass - Found Element By {by.toString()}
2023-11-29 22:24:55,072 [main] INFO  base.BaseClass - Trying to find Element By {by.toString()})
2023-11-29 22:24:55,099 [main] INFO  base.BaseClass - Found Element By {by.toString()}
2023-11-29 22:24:55,636 [main] INFO  base.BaseClass - Trying to find Element By {by.toString()})
2023-11-29 22:24:55,662 [main] INFO  base.BaseClass - Found Element By {by.toString()}
2023-11-29 22:24:56,198 [main] INFO  base.BaseClass - Trying to find Element By {by.toString()})
2023-11-29 22:24:56,224 [main] INFO  base.BaseClass - Found Element By {by.toString()}
2023-11-29 22:24:56,765 [main] INFO  base.BaseClass - Trying to find Element By {by.toString()})
2023-11-29 22:24:56,775 [main] INFO  base.BaseClass - Found Element By {by.toString()}
2023-11-29 22:24:57,289 [main] INFO  base.BaseClass - Trying to find Element By {by.toString()})
2023-11-29 22:24:57,315 [main] INFO  base.BaseClass - Found Element By {by.toString()}
2023-11-29 22:24:57,850 [main] INFO  base.BaseClass - Trying to find Element By {by.toString()})
2023-11-29 22:24:57,876 [main] INFO  base.BaseClass - Found Element By {by.toString()}
2023-11-29 22:24:58,413 [main] INFO  base.BaseClass - Trying to find Element By {by.toString()})
2023-11-29 22:24:58,440 [main] INFO  base.BaseClass - Found Element By {by.toString()}
2023-11-29 22:24:58,975 [main] INFO  base.BaseClass - Trying to find Element By {by.toString()})
2023-11-29 22:24:58,999 [main] INFO  base.BaseClass - Found Element By {by.toString()}
2023-11-29 22:24:59,540 [main] INFO  base.BaseClass - Trying to find Element By {by.toString()})
2023-11-29 22:24:59,550 [main] INFO  base.BaseClass - Found Element By {by.toString()}
2023-11-29 22:25:00,064 [main] INFO  base.BaseClass - Trying to find Element By {by.toString()})
2023-11-29 22:25:00,072 [main] INFO  base.BaseClass - Found Element By {by.toString()}
2023-11-29 22:25:00,586 [main] INFO  base.BaseClass - Trying to find Element By {by.toString()})
2023-11-29 22:25:00,595 [main] INFO  base.BaseClass - Found Element By {by.toString()}
2023-11-29 22:25:01,107 [main] INFO  base.BaseClass - Trying to find Element By {by.toString()})
2023-11-29 22:25:01,134 [main] INFO  base.BaseClass - Found Element By {by.toString()}
2023-11-29 22:25:01,668 [main] INFO  base.BaseClass - Trying to find Element By {by.toString()})
2023-11-29 22:25:01,694 [main] INFO  base.BaseClass - Found Element By {by.toString()}
2023-11-29 22:25:02,232 [main] INFO  base.BaseClass - Trying to find Element By {by.toString()})
2023-11-29 22:25:02,257 [main] INFO  base.BaseClass - Found Element By {by.toString()}
2023-11-29 22:25:02,796 [main] INFO  base.BaseClass - Trying to find Element By {by.toString()})
2023-11-29 22:25:02,821 [main] INFO  base.BaseClass - Found Element By {by.toString()}
2023-11-29 22:25:03,359 [main] INFO  base.BaseClass - Trying to find Element By {by.toString()})
2023-11-29 22:25:03,385 [main] INFO  base.BaseClass - Found Element By {by.toString()}
2023-11-29 22:25:03,914 [main] INFO  base.BaseClass - Trying to find Element By {by.toString()})
2023-11-29 22:25:03,939 [main] INFO  base.BaseClass - Found Element By {by.toString()}
2023-11-29 22:25:04,489 [main] INFO  base.BaseClass - Trying to find Element By {by.toString()})
2023-11-29 22:25:04,514 [main] INFO  base.BaseClass - Found Element By {by.toString()}
2023-11-29 22:25:05,049 [main] INFO  base.BaseClass - Trying to find Element By {by.toString()})
2023-11-29 22:25:05,074 [main] INFO  base.BaseClass - Found Element By {by.toString()}
2023-11-29 22:25:05,609 [main] INFO  base.BaseClass - Trying to find Element By {by.toString()})
2023-11-29 22:25:05,634 [main] INFO  base.BaseClass - Found Element By {by.toString()}
2023-11-29 22:25:06,172 [main] INFO  base.BaseClass - Trying to find Element By {by.toString()})
2023-11-29 22:25:06,197 [main] INFO  base.BaseClass - Found Element By {by.toString()}
2023-11-29 22:25:06,731 [main] INFO  base.BaseClass - Trying to find Element By {by.toString()})
2023-11-29 22:25:06,756 [main] INFO  base.BaseClass - Found Element By {by.toString()}
2023-11-29 22:25:07,293 [main] INFO  base.BaseClass - Trying to find Element By {by.toString()})
2023-11-29 22:25:07,335 [main] INFO  base.BaseClass - Found Element By {by.toString()}
2023-11-29 22:25:07,869 [main] INFO  base.BaseClass - Trying to find Element By {by.toString()})
2023-11-29 22:25:07,895 [main] INFO  base.BaseClass - Found Element By {by.toString()}
2023-11-29 22:25:08,433 [main] INFO  base.BaseClass - Trying to find Element By {by.toString()})
2023-11-29 22:25:08,459 [main] INFO  base.BaseClass - Found Element By {by.toString()}
2023-11-29 22:25:08,998 [main] INFO  base.BaseClass - Trying to find Element By {by.toString()})
2023-11-29 22:25:09,023 [main] INFO  base.BaseClass - Found Element By {by.toString()}
2023-11-29 22:25:09,560 [main] INFO  base.BaseClass - Trying to find Element By {by.toString()})
2023-11-29 22:25:09,587 [main] INFO  base.BaseClass - Found Element By {by.toString()}
2023-11-29 22:25:10,135 [main] INFO  base.BaseClass - Trying to find Element By {by.toString()})
2023-11-29 22:25:10,160 [main] INFO  base.BaseClass - Found Element By {by.toString()}
2023-11-29 22:25:10,697 [main] INFO  base.BaseClass - Trying to find Element By {by.toString()})
2023-11-29 22:25:10,722 [main] INFO  base.BaseClass - Found Element By {by.toString()}
TimeoutException occurred: Expected condition failed: waiting for helper.WaitUtility$5@783dced4 (tried for 30 second(s) with 500 milliseconds interval)
Build info: version: '3.141.59', revision: 'e82be7d358', time: '2018-11-14T08:17:03'
System info: host: 'DPLAP166', ip: '137.237.3.153', os.name: 'Windows 10', os.arch: 'amd64', os.version: '10.0', java.version: '19.0.1'
Driver info: org.openqa.selenium.support.events.EventFiringWebDriver
Capabilities {acceptInsecureCerts: true, browserName: chrome, browserVersion: 119.0.6045.200, chrome: {chromedriverVersion: 119.0.6045.105 (38c72552c5e..., userDataDir: C:\Users\dP-PL\AppData\Loca...}, fedcm:accounts: true, goog:chromeOptions: {debuggerAddress: localhost:57062}, javascriptEnabled: true, networkConnectionEnabled: false, pageLoadStrategy: normal, platform: WINDOWS, platformName: WINDOWS, proxy: Proxy(), setWindowRect: true, strictFileInteractability: false, timeouts: {implicit: 0, pageLoad: 300000, script: 30000}, unhandledPromptBehavior: dismiss and notify, webauthn:extension:credBlob: true, webauthn:extension:largeBlob: true, webauthn:extension:minPinLength: true, webauthn:extension:prf: true, webauthn:virtualAuthenticators: true}
Session ID: 17400affcb29ff1368dfa709b3e23e1d
2023-11-29 22:25:10,756 [main] ERROR XGLT_15177_Test - Element did not become visible within the specified time: Expected condition failed: waiting for helper.WaitUtility$5@783dced4 (tried for 30 second(s) with 500 milliseconds interval)
Build info: version: '3.141.59', revision: 'e82be7d358', time: '2018-11-14T08:17:03'
System info: host: 'DPLAP166', ip: '137.237.3.153', os.name: 'Windows 10', os.arch: 'amd64', os.version: '10.0', java.version: '19.0.1'
Driver info: org.openqa.selenium.support.events.EventFiringWebDriver
Capabilities {acceptInsecureCerts: true, browserName: chrome, browserVersion: 119.0.6045.200, chrome: {chromedriverVersion: 119.0.6045.105 (38c72552c5e..., userDataDir: C:\Users\dP-PL\AppData\Loca...}, fedcm:accounts: true, goog:chromeOptions: {debuggerAddress: localhost:57062}, javascriptEnabled: true, networkConnectionEnabled: false, pageLoadStrategy: normal, platform: WINDOWS, platformName: WINDOWS, proxy: Proxy(), setWindowRect: true, strictFileInteractability: false, timeouts: {implicit: 0, pageLoad: 300000, script: 30000}, unhandledPromptBehavior: dismiss and notify, webauthn:extension:credBlob: true, webauthn:extension:largeBlob: true, webauthn:extension:minPinLength: true, webauthn:extension:prf: true, webauthn:virtualAuthenticators: true}
Session ID: 17400affcb29ff1368dfa709b3e23e1d
2023-11-29 22:25:10,757 [main] INFO  base.BaseClass - Trying to find Element By {by.toString()})
2023-11-29 22:25:10,778 [main] INFO  base.BaseClass - Found Element By {by.toString()}
2023-11-29 22:25:10,778 [main] INFO  base.BaseClass - Trying to click on: {element.toString()}
2023-11-29 22:25:11,004 [main] INFO  base.BaseClass - Clicked on: {element.toString()}
2023-11-29 22:25:11,004 [main] INFO  base.BaseClass - Trying to find Element By {by.toString()})
2023-11-29 22:25:11,033 [main] INFO  base.BaseClass - Found Element By {by.toString()}
2023-11-29 22:25:11,047 [main] INFO  base.BaseClass - Trying to find Element By {by.toString()})
2023-11-29 22:25:11,059 [main] INFO  base.BaseClass - Found Element By {by.toString()}
2023-11-29 22:25:11,574 [main] INFO  base.BaseClass - Trying to find Element By {by.toString()})
2023-11-29 22:25:11,601 [main] INFO  base.BaseClass - Found Element By {by.toString()}
2023-11-29 22:25:12,141 [main] INFO  base.BaseClass - Trying to find Element By {by.toString()})
2023-11-29 22:25:12,169 [main] INFO  base.BaseClass - Found Element By {by.toString()}
2023-11-29 22:25:12,708 [main] INFO  base.BaseClass - Trying to find Element By {by.toString()})
2023-11-29 22:25:12,735 [main] INFO  base.BaseClass - Found Element By {by.toString()}
2023-11-29 22:25:13,280 [main] INFO  base.BaseClass - Trying to find Element By {by.toString()})
2023-11-29 22:25:13,309 [main] INFO  base.BaseClass - Found Element By {by.toString()}
2023-11-29 22:25:13,860 [main] INFO  base.BaseClass - Trying to find Element By {by.toString()})
2023-11-29 22:25:13,888 [main] INFO  base.BaseClass - Found Element By {by.toString()}
2023-11-29 22:25:14,426 [main] INFO  base.BaseClass - Trying to find Element By {by.toString()})
2023-11-29 22:25:14,444 [main] INFO  base.BaseClass - Found Element By {by.toString()}
2023-11-29 22:25:14,971 [main] INFO  base.BaseClass - Trying to find Element By {by.toString()})
2023-11-29 22:25:14,998 [main] INFO  base.BaseClass - Found Element By {by.toString()}
2023-11-29 22:25:15,535 [main] INFO  base.BaseClass - Trying to find Element By {by.toString()})
2023-11-29 22:25:15,561 [main] INFO  base.BaseClass - Found Element By {by.toString()}
2023-11-29 22:25:16,095 [main] INFO  base.BaseClass - Trying to find Element By {by.toString()})
2023-11-29 22:25:16,121 [main] INFO  base.BaseClass - Found Element By {by.toString()}
2023-11-29 22:25:16,656 [main] INFO  base.BaseClass - Trying to find Element By {by.toString()})
2023-11-29 22:25:16,682 [main] INFO  base.BaseClass - Found Element By {by.toString()}
2023-11-29 22:25:17,215 [main] INFO  base.BaseClass - Trying to find Element By {by.toString()})
2023-11-29 22:25:17,242 [main] INFO  base.BaseClass - Found Element By {by.toString()}
2023-11-29 22:25:17,778 [main] INFO  base.BaseClass - Trying to find Element By {by.toString()})
2023-11-29 22:25:17,803 [main] INFO  base.BaseClass - Found Element By {by.toString()}
2023-11-29 22:25:18,346 [main] INFO  base.BaseClass - Trying to find Element By {by.toString()})
2023-11-29 22:25:18,373 [main] INFO  base.BaseClass - Found Element By {by.toString()}
2023-11-29 22:25:18,913 [main] INFO  base.BaseClass - Trying to find Element By {by.toString()})
2023-11-29 22:25:18,939 [main] INFO  base.BaseClass - Found Element By {by.toString()}
2023-11-29 22:25:19,476 [main] INFO  base.BaseClass - Trying to find Element By {by.toString()})
2023-11-29 22:25:19,502 [main] INFO  base.BaseClass - Found Element By {by.toString()}
2023-11-29 22:25:20,039 [main] INFO  base.BaseClass - Trying to find Element By {by.toString()})
2023-11-29 22:25:20,065 [main] INFO  base.BaseClass - Found Element By {by.toString()}
2023-11-29 22:25:20,616 [main] INFO  base.BaseClass - Trying to find Element By {by.toString()})
2023-11-29 22:25:20,642 [main] INFO  base.BaseClass - Found Element By {by.toString()}
2023-11-29 22:25:21,190 [main] INFO  base.BaseClass - Trying to find Element By {by.toString()})
2023-11-29 22:25:21,213 [main] INFO  base.BaseClass - Found Element By {by.toString()}
2023-11-29 22:25:21,738 [main] INFO  base.BaseClass - Trying to find Element By {by.toString()})
2023-11-29 22:25:21,764 [main] INFO  base.BaseClass - Found Element By {by.toString()}
2023-11-29 22:25:22,300 [main] INFO  base.BaseClass - Trying to find Element By {by.toString()})
2023-11-29 22:25:22,328 [main] INFO  base.BaseClass - Found Element By {by.toString()}
2023-11-29 22:25:22,867 [main] INFO  base.BaseClass - Trying to find Element By {by.toString()})
2023-11-29 22:25:22,892 [main] INFO  base.BaseClass - Found Element By {by.toString()}
2023-11-29 22:25:23,431 [main] INFO  base.BaseClass - Trying to find Element By {by.toString()})
2023-11-29 22:25:23,455 [main] INFO  base.BaseClass - Found Element By {by.toString()}
2023-11-29 22:25:23,989 [main] INFO  base.BaseClass - Trying to find Element By {by.toString()})
2023-11-29 22:25:24,015 [main] INFO  base.BaseClass - Found Element By {by.toString()}
2023-11-29 22:25:24,552 [main] INFO  base.BaseClass - Trying to find Element By {by.toString()})
2023-11-29 22:25:24,579 [main] INFO  base.BaseClass - Found Element By {by.toString()}
2023-11-29 22:25:25,115 [main] INFO  base.BaseClass - Trying to find Element By {by.toString()})
2023-11-29 22:25:25,140 [main] INFO  base.BaseClass - Found Element By {by.toString()}
2023-11-29 22:25:25,676 [main] INFO  base.BaseClass - Trying to find Element By {by.toString()})
2023-11-29 22:25:25,701 [main] INFO  base.BaseClass - Found Element By {by.toString()}
2023-11-29 22:25:26,235 [main] INFO  base.BaseClass - Trying to find Element By {by.toString()})
2023-11-29 22:25:26,261 [main] INFO  base.BaseClass - Found Element By {by.toString()}
2023-11-29 22:25:26,797 [main] INFO  base.BaseClass - Trying to find Element By {by.toString()})
2023-11-29 22:25:26,823 [main] INFO  base.BaseClass - Found Element By {by.toString()}
2023-11-29 22:25:27,359 [main] INFO  base.BaseClass - Trying to find Element By {by.toString()})
2023-11-29 22:25:27,384 [main] INFO  base.BaseClass - Found Element By {by.toString()}
2023-11-29 22:25:27,917 [main] INFO  base.BaseClass - Trying to find Element By {by.toString()})
2023-11-29 22:25:27,943 [main] INFO  base.BaseClass - Found Element By {by.toString()}
2023-11-29 22:25:28,478 [main] INFO  base.BaseClass - Trying to find Element By {by.toString()})
2023-11-29 22:25:28,500 [main] INFO  base.BaseClass - Found Element By {by.toString()}
2023-11-29 22:25:29,058 [main] INFO  base.BaseClass - Trying to find Element By {by.toString()})
2023-11-29 22:25:29,084 [main] INFO  base.BaseClass - Found Element By {by.toString()}
2023-11-29 22:25:29,624 [main] INFO  base.BaseClass - Trying to find Element By {by.toString()})
2023-11-29 22:25:29,651 [main] INFO  base.BaseClass - Found Element By {by.toString()}
2023-11-29 22:25:30,196 [main] INFO  base.BaseClass - Trying to find Element By {by.toString()})
2023-11-29 22:25:30,222 [main] INFO  base.BaseClass - Found Element By {by.toString()}
2023-11-29 22:25:30,759 [main] INFO  base.BaseClass - Trying to find Element By {by.toString()})
2023-11-29 22:25:30,784 [main] INFO  base.BaseClass - Found Element By {by.toString()}
2023-11-29 22:25:31,321 [main] INFO  base.BaseClass - Trying to find Element By {by.toString()})
2023-11-29 22:25:31,346 [main] INFO  base.BaseClass - Found Element By {by.toString()}
2023-11-29 22:25:31,881 [main] INFO  base.BaseClass - Trying to find Element By {by.toString()})
2023-11-29 22:25:31,909 [main] INFO  base.BaseClass - Found Element By {by.toString()}
2023-11-29 22:25:32,459 [main] INFO  base.BaseClass - Trying to find Element By {by.toString()})
2023-11-29 22:25:32,486 [main] INFO  base.BaseClass - Found Element By {by.toString()}
2023-11-29 22:25:33,019 [main] INFO  base.BaseClass - Trying to find Element By {by.toString()})
2023-11-29 22:25:33,044 [main] INFO  base.BaseClass - Found Element By {by.toString()}
2023-11-29 22:25:33,581 [main] INFO  base.BaseClass - Trying to find Element By {by.toString()})
2023-11-29 22:25:33,605 [main] INFO  base.BaseClass - Found Element By {by.toString()}
2023-11-29 22:25:34,138 [main] INFO  base.BaseClass - Trying to find Element By {by.toString()})
2023-11-29 22:25:34,163 [main] INFO  base.BaseClass - Found Element By {by.toString()}
2023-11-29 22:25:34,701 [main] INFO  base.BaseClass - Trying to find Element By {by.toString()})
2023-11-29 22:25:34,727 [main] INFO  base.BaseClass - Found Element By {by.toString()}
2023-11-29 22:25:35,276 [main] INFO  base.BaseClass - Trying to find Element By {by.toString()})
2023-11-29 22:25:35,301 [main] INFO  base.BaseClass - Found Element By {by.toString()}
2023-11-29 22:25:35,838 [main] INFO  base.BaseClass - Trying to find Element By {by.toString()})
2023-11-29 22:25:35,863 [main] INFO  base.BaseClass - Found Element By {by.toString()}
2023-11-29 22:25:36,403 [main] INFO  base.BaseClass - Trying to find Element By {by.toString()})
2023-11-29 22:25:36,431 [main] INFO  base.BaseClass - Found Element By {by.toString()}
2023-11-29 22:25:36,967 [main] INFO  base.BaseClass - Trying to find Element By {by.toString()})
2023-11-29 22:25:36,992 [main] INFO  base.BaseClass - Found Element By {by.toString()}
2023-11-29 22:25:37,528 [main] INFO  base.BaseClass - Trying to find Element By {by.toString()})
2023-11-29 22:25:37,551 [main] INFO  base.BaseClass - Found Element By {by.toString()}
2023-11-29 22:25:38,087 [main] INFO  base.BaseClass - Trying to find Element By {by.toString()})
2023-11-29 22:25:38,113 [main] INFO  base.BaseClass - Found Element By {by.toString()}
2023-11-29 22:25:38,650 [main] INFO  base.BaseClass - Trying to find Element By {by.toString()})
2023-11-29 22:25:38,676 [main] INFO  base.BaseClass - Found Element By {by.toString()}
2023-11-29 22:25:39,209 [main] INFO  base.BaseClass - Trying to find Element By {by.toString()})
2023-11-29 22:25:39,235 [main] INFO  base.BaseClass - Found Element By {by.toString()}
2023-11-29 22:25:39,775 [main] INFO  base.BaseClass - Trying to find Element By {by.toString()})
2023-11-29 22:25:39,801 [main] INFO  base.BaseClass - Found Element By {by.toString()}
2023-11-29 22:25:40,337 [main] INFO  base.BaseClass - Trying to find Element By {by.toString()})
2023-11-29 22:25:40,365 [main] INFO  base.BaseClass - Found Element By {by.toString()}
2023-11-29 22:25:40,904 [main] INFO  base.BaseClass - Trying to find Element By {by.toString()})
2023-11-29 22:25:40,929 [main] INFO  base.BaseClass - Found Element By {by.toString()}
2023-11-29 22:25:41,467 [main] INFO  base.BaseClass - Trying to find Element By {by.toString()})
2023-11-29 22:25:41,492 [main] INFO  base.BaseClass - Found Element By {by.toString()}
TimeoutException occurred: Expected condition failed: waiting for helper.WaitUtility$5@671d1b4d (tried for 30 second(s) with 500 milliseconds interval)
Build info: version: '3.141.59', revision: 'e82be7d358', time: '2018-11-14T08:17:03'
System info: host: 'DPLAP166', ip: '137.237.3.153', os.name: 'Windows 10', os.arch: 'amd64', os.version: '10.0', java.version: '19.0.1'
Driver info: org.openqa.selenium.support.events.EventFiringWebDriver
Capabilities {acceptInsecureCerts: true, browserName: chrome, browserVersion: 119.0.6045.200, chrome: {chromedriverVersion: 119.0.6045.105 (38c72552c5e..., userDataDir: C:\Users\dP-PL\AppData\Loca...}, fedcm:accounts: true, goog:chromeOptions: {debuggerAddress: localhost:57062}, javascriptEnabled: true, networkConnectionEnabled: false, pageLoadStrategy: normal, platform: WINDOWS, platformName: WINDOWS, proxy: Proxy(), setWindowRect: true, strictFileInteractability: false, timeouts: {implicit: 0, pageLoad: 300000, script: 30000}, unhandledPromptBehavior: dismiss and notify, webauthn:extension:credBlob: true, webauthn:extension:largeBlob: true, webauthn:extension:minPinLength: true, webauthn:extension:prf: true, webauthn:virtualAuthenticators: true}
Session ID: 17400affcb29ff1368dfa709b3e23e1d
2023-11-29 22:25:41,526 [main] ERROR XGLT_15177_Test - Element did not become visible within the specified time: Expected condition failed: waiting for helper.WaitUtility$5@671d1b4d (tried for 30 second(s) with 500 milliseconds interval)
Build info: version: '3.141.59', revision: 'e82be7d358', time: '2018-11-14T08:17:03'
System info: host: 'DPLAP166', ip: '137.237.3.153', os.name: 'Windows 10', os.arch: 'amd64', os.version: '10.0', java.version: '19.0.1'
Driver info: org.openqa.selenium.support.events.EventFiringWebDriver
Capabilities {acceptInsecureCerts: true, browserName: chrome, browserVersion: 119.0.6045.200, chrome: {chromedriverVersion: 119.0.6045.105 (38c72552c5e..., userDataDir: C:\Users\dP-PL\AppData\Loca...}, fedcm:accounts: true, goog:chromeOptions: {debuggerAddress: localhost:57062}, javascriptEnabled: true, networkConnectionEnabled: false, pageLoadStrategy: normal, platform: WINDOWS, platformName: WINDOWS, proxy: Proxy(), setWindowRect: true, strictFileInteractability: false, timeouts: {implicit: 0, pageLoad: 300000, script: 30000}, unhandledPromptBehavior: dismiss and notify, webauthn:extension:credBlob: true, webauthn:extension:largeBlob: true, webauthn:extension:minPinLength: true, webauthn:extension:prf: true, webauthn:virtualAuthenticators: true}
Session ID: 17400affcb29ff1368dfa709b3e23e1d
2023-11-29 22:25:41,526 [main] INFO  base.BaseClass - Trying to find Element By {by.toString()})
2023-11-29 22:25:41,550 [main] INFO  base.BaseClass - Found Element By {by.toString()}
2023-11-29 22:25:41,551 [main] INFO  base.BaseClass - Trying to click on: {element.toString()}
2023-11-29 22:25:41,728 [main] INFO  base.BaseClass - Clicked on: {element.toString()}
2023-11-29 22:25:41,728 [main] INFO  base.BaseClass - Trying to find Element By {by.toString()})
2023-11-29 22:25:41,747 [main] INFO  base.BaseClass - Found Element By {by.toString()}
2023-11-29 22:25:42,267 [main] INFO  base.BaseClass - Trying to find Element By {by.toString()})
2023-11-29 22:25:42,292 [main] INFO  base.BaseClass - Found Element By {by.toString()}
2023-11-29 22:25:42,824 [main] INFO  base.BaseClass - Trying to find Element By {by.toString()})
2023-11-29 22:25:42,852 [main] INFO  base.BaseClass - Found Element By {by.toString()}
2023-11-29 22:25:43,392 [main] INFO  base.BaseClass - Trying to find Element By {by.toString()})
2023-11-29 22:25:43,417 [main] INFO  base.BaseClass - Found Element By {by.toString()}
2023-11-29 22:25:43,957 [main] INFO  base.BaseClass - Trying to find Element By {by.toString()})
2023-11-29 22:25:43,982 [main] INFO  base.BaseClass - Found Element By {by.toString()}
2023-11-29 22:25:44,520 [main] INFO  base.BaseClass - Trying to find Element By {by.toString()})
2023-11-29 22:25:44,544 [main] INFO  base.BaseClass - Found Element By {by.toString()}
2023-11-29 22:25:45,081 [main] INFO  base.BaseClass - Trying to find Element By {by.toString()})
2023-11-29 22:25:45,107 [main] INFO  base.BaseClass - Found Element By {by.toString()}
2023-11-29 22:25:45,646 [main] INFO  base.BaseClass - Trying to find Element By {by.toString()})
2023-11-29 22:25:45,671 [main] INFO  base.BaseClass - Found Element By {by.toString()}
2023-11-29 22:25:46,207 [main] INFO  base.BaseClass - Trying to find Element By {by.toString()})
2023-11-29 22:25:46,232 [main] INFO  base.BaseClass - Found Element By {by.toString()}
2023-11-29 22:25:46,767 [main] INFO  base.BaseClass - Trying to find Element By {by.toString()})
2023-11-29 22:25:46,791 [main] INFO  base.BaseClass - Found Element By {by.toString()}
2023-11-29 22:25:47,326 [main] INFO  base.BaseClass - Trying to find Element By {by.toString()})
2023-11-29 22:25:47,350 [main] INFO  base.BaseClass - Found Element By {by.toString()}
2023-11-29 22:25:47,889 [main] INFO  base.BaseClass - Trying to find Element By {by.toString()})
2023-11-29 22:25:47,914 [main] INFO  base.BaseClass - Found Element By {by.toString()}
2023-11-29 22:25:48,451 [main] INFO  base.BaseClass - Trying to find Element By {by.toString()})
2023-11-29 22:25:48,474 [main] INFO  base.BaseClass - Found Element By {by.toString()}
2023-11-29 22:25:49,006 [main] INFO  base.BaseClass - Trying to find Element By {by.toString()})
2023-11-29 22:25:49,031 [main] INFO  base.BaseClass - Found Element By {by.toString()}
2023-11-29 22:25:49,568 [main] INFO  base.BaseClass - Trying to find Element By {by.toString()})
2023-11-29 22:25:49,593 [main] INFO  base.BaseClass - Found Element By {by.toString()}
2023-11-29 22:25:50,134 [main] INFO  base.BaseClass - Trying to find Element By {by.toString()})
2023-11-29 22:25:50,158 [main] INFO  base.BaseClass - Found Element By {by.toString()}
2023-11-29 22:25:50,695 [main] INFO  base.BaseClass - Trying to find Element By {by.toString()})
2023-11-29 22:25:50,721 [main] INFO  base.BaseClass - Found Element By {by.toString()}
2023-11-29 22:25:51,259 [main] INFO  base.BaseClass - Trying to find Element By {by.toString()})
2023-11-29 22:25:51,283 [main] INFO  base.BaseClass - Found Element By {by.toString()}
2023-11-29 22:25:51,819 [main] INFO  base.BaseClass - Trying to find Element By {by.toString()})
2023-11-29 22:25:51,845 [main] INFO  base.BaseClass - Found Element By {by.toString()}
2023-11-29 22:25:52,381 [main] INFO  base.BaseClass - Trying to find Element By {by.toString()})
2023-11-29 22:25:52,405 [main] INFO  base.BaseClass - Found Element By {by.toString()}
2023-11-29 22:25:52,942 [main] INFO  base.BaseClass - Trying to find Element By {by.toString()})
2023-11-29 22:25:52,967 [main] INFO  base.BaseClass - Found Element By {by.toString()}
2023-11-29 22:25:53,507 [main] INFO  base.BaseClass - Trying to find Element By {by.toString()})
2023-11-29 22:25:53,532 [main] INFO  base.BaseClass - Found Element By {by.toString()}
2023-11-29 22:25:54,075 [main] INFO  base.BaseClass - Trying to find Element By {by.toString()})
2023-11-29 22:25:54,100 [main] INFO  base.BaseClass - Found Element By {by.toString()}
2023-11-29 22:25:54,635 [main] INFO  base.BaseClass - Trying to find Element By {by.toString()})
2023-11-29 22:25:54,660 [main] INFO  base.BaseClass - Found Element By {by.toString()}
2023-11-29 22:25:55,199 [main] INFO  base.BaseClass - Trying to find Element By {by.toString()})
2023-11-29 22:25:55,227 [main] INFO  base.BaseClass - Found Element By {by.toString()}
2023-11-29 22:25:55,762 [main] INFO  base.BaseClass - Trying to find Element By {by.toString()})
2023-11-29 22:25:55,787 [main] INFO  base.BaseClass - Found Element By {by.toString()}
2023-11-29 22:25:56,327 [main] INFO  base.BaseClass - Trying to find Element By {by.toString()})
2023-11-29 22:25:56,353 [main] INFO  base.BaseClass - Found Element By {by.toString()}
2023-11-29 22:25:56,891 [main] INFO  base.BaseClass - Trying to find Element By {by.toString()})
2023-11-29 22:25:56,916 [main] INFO  base.BaseClass - Found Element By {by.toString()}
2023-11-29 22:25:57,463 [main] INFO  base.BaseClass - Trying to find Element By {by.toString()})
2023-11-29 22:25:57,492 [main] INFO  base.BaseClass - Found Element By {by.toString()}
2023-11-29 22:25:58,029 [main] INFO  base.BaseClass - Trying to find Element By {by.toString()})
2023-11-29 22:25:58,055 [main] INFO  base.BaseClass - Found Element By {by.toString()}
2023-11-29 22:25:58,594 [main] INFO  base.BaseClass - Trying to find Element By {by.toString()})
2023-11-29 22:25:58,621 [main] INFO  base.BaseClass - Found Element By {by.toString()}
2023-11-29 22:25:59,158 [main] INFO  base.BaseClass - Trying to find Element By {by.toString()})
2023-11-29 22:25:59,183 [main] INFO  base.BaseClass - Found Element By {by.toString()}
2023-11-29 22:25:59,721 [main] INFO  base.BaseClass - Trying to find Element By {by.toString()})
2023-11-29 22:25:59,746 [main] INFO  base.BaseClass - Found Element By {by.toString()}
2023-11-29 22:26:00,284 [main] INFO  base.BaseClass - Trying to find Element By {by.toString()})
2023-11-29 22:26:00,309 [main] INFO  base.BaseClass - Found Element By {by.toString()}
2023-11-29 22:26:00,846 [main] INFO  base.BaseClass - Trying to find Element By {by.toString()})
2023-11-29 22:26:00,871 [main] INFO  base.BaseClass - Found Element By {by.toString()}
2023-11-29 22:26:01,408 [main] INFO  base.BaseClass - Trying to find Element By {by.toString()})
2023-11-29 22:26:01,432 [main] INFO  base.BaseClass - Found Element By {by.toString()}
2023-11-29 22:26:01,969 [main] INFO  base.BaseClass - Trying to find Element By {by.toString()})
2023-11-29 22:26:01,994 [main] INFO  base.BaseClass - Found Element By {by.toString()}
2023-11-29 22:26:02,542 [main] INFO  base.BaseClass - Trying to find Element By {by.toString()})
2023-11-29 22:26:02,567 [main] INFO  base.BaseClass - Found Element By {by.toString()}
2023-11-29 22:26:03,103 [main] INFO  base.BaseClass - Trying to find Element By {by.toString()})
2023-11-29 22:26:03,128 [main] INFO  base.BaseClass - Found Element By {by.toString()}
2023-11-29 22:26:03,664 [main] INFO  base.BaseClass - Trying to find Element By {by.toString()})
2023-11-29 22:26:03,689 [main] INFO  base.BaseClass - Found Element By {by.toString()}
2023-11-29 22:26:04,227 [main] INFO  base.BaseClass - Trying to find Element By {by.toString()})
2023-11-29 22:26:04,251 [main] INFO  base.BaseClass - Found Element By {by.toString()}
2023-11-29 22:26:04,794 [main] INFO  base.BaseClass - Trying to find Element By {by.toString()})
2023-11-29 22:26:04,819 [main] INFO  base.BaseClass - Found Element By {by.toString()}
2023-11-29 22:26:05,355 [main] INFO  base.BaseClass - Trying to find Element By {by.toString()})
2023-11-29 22:26:05,382 [main] INFO  base.BaseClass - Found Element By {by.toString()}
2023-11-29 22:26:05,906 [main] INFO  base.BaseClass - Trying to find Element By {by.toString()})
2023-11-29 22:26:05,932 [main] INFO  base.BaseClass - Found Element By {by.toString()}
2023-11-29 22:26:06,467 [main] INFO  base.BaseClass - Trying to find Element By {by.toString()})
2023-11-29 22:26:06,492 [main] INFO  base.BaseClass - Found Element By {by.toString()}
2023-11-29 22:26:07,029 [main] INFO  base.BaseClass - Trying to find Element By {by.toString()})
2023-11-29 22:26:07,054 [main] INFO  base.BaseClass - Found Element By {by.toString()}
2023-11-29 22:26:07,594 [main] INFO  base.BaseClass - Trying to find Element By {by.toString()})
2023-11-29 22:26:07,620 [main] INFO  base.BaseClass - Found Element By {by.toString()}
2023-11-29 22:26:08,155 [main] INFO  base.BaseClass - Trying to find Element By {by.toString()})
2023-11-29 22:26:08,179 [main] INFO  base.BaseClass - Found Element By {by.toString()}
2023-11-29 22:26:08,712 [main] INFO  base.BaseClass - Trying to find Element By {by.toString()})
2023-11-29 22:26:08,736 [main] INFO  base.BaseClass - Found Element By {by.toString()}
2023-11-29 22:26:09,276 [main] INFO  base.BaseClass - Trying to find Element By {by.toString()})
2023-11-29 22:26:09,302 [main] INFO  base.BaseClass - Found Element By {by.toString()}
2023-11-29 22:26:09,848 [main] INFO  base.BaseClass - Trying to find Element By {by.toString()})
2023-11-29 22:26:09,872 [main] INFO  base.BaseClass - Found Element By {by.toString()}
2023-11-29 22:26:10,412 [main] INFO  base.BaseClass - Trying to find Element By {by.toString()})
2023-11-29 22:26:10,437 [main] INFO  base.BaseClass - Found Element By {by.toString()}
2023-11-29 22:26:10,974 [main] INFO  base.BaseClass - Trying to find Element By {by.toString()})
2023-11-29 22:26:10,999 [main] INFO  base.BaseClass - Found Element By {by.toString()}
2023-11-29 22:26:11,534 [main] INFO  base.BaseClass - Trying to find Element By {by.toString()})
2023-11-29 22:26:11,558 [main] INFO  base.BaseClass - Found Element By {by.toString()}
2023-11-29 22:26:12,093 [main] INFO  base.BaseClass - Trying to find Element By {by.toString()})
2023-11-29 22:26:12,115 [main] INFO  base.BaseClass - Found Element By {by.toString()}
TimeoutException occurred: Expected condition failed: waiting for helper.WaitUtility$5@698115 (tried for 30 second(s) with 500 milliseconds interval)
Build info: version: '3.141.59', revision: 'e82be7d358', time: '2018-11-14T08:17:03'
System info: host: 'DPLAP166', ip: '137.237.3.153', os.name: 'Windows 10', os.arch: 'amd64', os.version: '10.0', java.version: '19.0.1'
Driver info: org.openqa.selenium.support.events.EventFiringWebDriver
Capabilities {acceptInsecureCerts: true, browserName: chrome, browserVersion: 119.0.6045.200, chrome: {chromedriverVersion: 119.0.6045.105 (38c72552c5e..., userDataDir: C:\Users\dP-PL\AppData\Loca...}, fedcm:accounts: true, goog:chromeOptions: {debuggerAddress: localhost:57062}, javascriptEnabled: true, networkConnectionEnabled: false, pageLoadStrategy: normal, platform: WINDOWS, platformName: WINDOWS, proxy: Proxy(), setWindowRect: true, strictFileInteractability: false, timeouts: {implicit: 0, pageLoad: 300000, script: 30000}, unhandledPromptBehavior: dismiss and notify, webauthn:extension:credBlob: true, webauthn:extension:largeBlob: true, webauthn:extension:minPinLength: true, webauthn:extension:prf: true, webauthn:virtualAuthenticators: true}
Session ID: 17400affcb29ff1368dfa709b3e23e1d
2023-11-29 22:26:12,150 [main] ERROR XGLT_15177_Test - Element did not become visible within the specified time: Expected condition failed: waiting for helper.WaitUtility$5@698115 (tried for 30 second(s) with 500 milliseconds interval)
Build info: version: '3.141.59', revision: 'e82be7d358', time: '2018-11-14T08:17:03'
System info: host: 'DPLAP166', ip: '137.237.3.153', os.name: 'Windows 10', os.arch: 'amd64', os.version: '10.0', java.version: '19.0.1'
Driver info: org.openqa.selenium.support.events.EventFiringWebDriver
Capabilities {acceptInsecureCerts: true, browserName: chrome, browserVersion: 119.0.6045.200, chrome: {chromedriverVersion: 119.0.6045.105 (38c72552c5e..., userDataDir: C:\Users\dP-PL\AppData\Loca...}, fedcm:accounts: true, goog:chromeOptions: {debuggerAddress: localhost:57062}, javascriptEnabled: true, networkConnectionEnabled: false, pageLoadStrategy: normal, platform: WINDOWS, platformName: WINDOWS, proxy: Proxy(), setWindowRect: true, strictFileInteractability: false, timeouts: {implicit: 0, pageLoad: 300000, script: 30000}, unhandledPromptBehavior: dismiss and notify, webauthn:extension:credBlob: true, webauthn:extension:largeBlob: true, webauthn:extension:minPinLength: true, webauthn:extension:prf: true, webauthn:virtualAuthenticators: true}
Session ID: 17400affcb29ff1368dfa709b3e23e1d
2023-11-29 22:26:12,150 [main] INFO  base.BaseClass - Trying to find Element By {by.toString()})
2023-11-29 22:26:12,170 [main] INFO  base.BaseClass - Found Element By {by.toString()}
2023-11-29 22:26:12,170 [main] INFO  base.BaseClass - Trying to click on: {element.toString()}
2023-11-29 22:26:12,373 [main] INFO  base.BaseClass - Clicked on: {element.toString()}
2023-11-29 22:26:12,373 [main] INFO  base.BaseClass - Trying to find Element By {by.toString()})
2023-11-29 22:26:12,391 [main] INFO  base.BaseClass - Found Element By {by.toString()}
2023-11-29 22:26:12,409 [main] INFO  base.BaseClass - Trying to find Element By {by.toString()})
2023-11-29 22:26:12,421 [main] INFO  base.BaseClass - Found Element By {by.toString()}
2023-11-29 22:26:12,435 [main] INFO  base.BaseClass - Trying to find Element By {by.toString()})
2023-11-29 22:26:12,444 [main] INFO  base.BaseClass - Found Element By {by.toString()}
2023-11-29 22:26:12,444 [main] INFO  base.BaseClass - Trying to click on: {element.toString()}
2023-11-29 22:26:12,537 [main] INFO  base.BaseClass - Clicked on: {element.toString()}
2023-11-29 22:26:12,537 [main] INFO  base.BaseClass - Trying to find Element By {by.toString()})
2023-11-29 22:26:12,550 [main] INFO  base.BaseClass - Found Element By {by.toString()}
2023-11-29 22:26:12,590 [main] INFO  base.BaseClass - Trying to find Element By {by.toString()})
2023-11-29 22:26:12,601 [main] INFO  base.BaseClass - Found Element By {by.toString()}
2023-11-29 22:26:12,617 [main] INFO  base.BaseClass - Trying to find Element By {by.toString()})
2023-11-29 22:26:12,627 [main] INFO  base.BaseClass - Found Element By {by.toString()}
2023-11-29 22:26:12,635 [main] INFO  base.BaseClass - Trying to find Element By {by.toString()})
2023-11-29 22:26:12,644 [main] INFO  base.BaseClass - Found Element By {by.toString()}
2023-11-29 22:26:12,644 [main] INFO  base.BaseClass - Trying to click on: {element.toString()}
2023-11-29 22:26:12,729 [main] INFO  base.BaseClass - Clicked on: {element.toString()}
2023-11-29 22:26:12,729 [main] INFO  base.BaseClass - Trying to find Element By {by.toString()})
2023-11-29 22:26:12,741 [main] INFO  base.BaseClass - Found Element By {by.toString()}
2023-11-29 22:26:12,786 [main] INFO  base.BaseClass - Trying to find Element By {by.toString()})
2023-11-29 22:26:12,799 [main] INFO  base.BaseClass - Found Element By {by.toString()}
2023-11-29 22:26:13,338 [main] INFO  base.BaseClass - Trying to find Element By {by.toString()})
2023-11-29 22:26:13,365 [main] INFO  base.BaseClass - Found Element By {by.toString()}
2023-11-29 22:26:13,905 [main] INFO  base.BaseClass - Trying to find Element By {by.toString()})
2023-11-29 22:26:13,929 [main] INFO  base.BaseClass - Found Element By {by.toString()}
2023-11-29 22:26:14,467 [main] INFO  base.BaseClass - Trying to find Element By {by.toString()})
2023-11-29 22:26:14,492 [main] INFO  base.BaseClass - Found Element By {by.toString()}
2023-11-29 22:26:15,033 [main] INFO  base.BaseClass - Trying to find Element By {by.toString()})
2023-11-29 22:26:15,059 [main] INFO  base.BaseClass - Found Element By {by.toString()}
2023-11-29 22:26:15,596 [main] INFO  base.BaseClass - Trying to find Element By {by.toString()})
2023-11-29 22:26:15,621 [main] INFO  base.BaseClass - Found Element By {by.toString()}
2023-11-29 22:26:16,159 [main] INFO  base.BaseClass - Trying to find Element By {by.toString()})
2023-11-29 22:26:16,184 [main] INFO  base.BaseClass - Found Element By {by.toString()}
2023-11-29 22:26:16,720 [main] INFO  base.BaseClass - Trying to find Element By {by.toString()})
2023-11-29 22:26:16,744 [main] INFO  base.BaseClass - Found Element By {by.toString()}
2023-11-29 22:26:17,278 [main] INFO  base.BaseClass - Trying to find Element By {by.toString()})
2023-11-29 22:26:17,304 [main] INFO  base.BaseClass - Found Element By {by.toString()}
2023-11-29 22:26:17,843 [main] INFO  base.BaseClass - Trying to find Element By {by.toString()})
2023-11-29 22:26:17,867 [main] INFO  base.BaseClass - Found Element By {by.toString()}
2023-11-29 22:26:18,401 [main] INFO  base.BaseClass - Trying to find Element By {by.toString()})
2023-11-29 22:26:18,429 [main] INFO  base.BaseClass - Found Element By {by.toString()}
2023-11-29 22:26:18,965 [main] INFO  base.BaseClass - Trying to find Element By {by.toString()})
2023-11-29 22:26:18,990 [main] INFO  base.BaseClass - Found Element By {by.toString()}
2023-11-29 22:26:19,526 [main] INFO  base.BaseClass - Trying to find Element By {by.toString()})
2023-11-29 22:26:19,551 [main] INFO  base.BaseClass - Found Element By {by.toString()}
2023-11-29 22:26:20,090 [main] INFO  base.BaseClass - Trying to find Element By {by.toString()})
2023-11-29 22:26:20,117 [main] INFO  base.BaseClass - Found Element By {by.toString()}
2023-11-29 22:26:20,652 [main] INFO  base.BaseClass - Trying to find Element By {by.toString()})
2023-11-29 22:26:20,676 [main] INFO  base.BaseClass - Found Element By {by.toString()}
2023-11-29 22:26:21,210 [main] INFO  base.BaseClass - Trying to find Element By {by.toString()})
2023-11-29 22:26:21,233 [main] INFO  base.BaseClass - Found Element By {by.toString()}
2023-11-29 22:26:21,760 [main] INFO  base.BaseClass - Trying to find Element By {by.toString()})
2023-11-29 22:26:21,785 [main] INFO  base.BaseClass - Found Element By {by.toString()}
2023-11-29 22:26:22,324 [main] INFO  base.BaseClass - Trying to find Element By {by.toString()})
2023-11-29 22:26:22,348 [main] INFO  base.BaseClass - Found Element By {by.toString()}
2023-11-29 22:26:22,888 [main] INFO  base.BaseClass - Trying to find Element By {by.toString()})
2023-11-29 22:26:22,912 [main] INFO  base.BaseClass - Found Element By {by.toString()}
2023-11-29 22:26:23,449 [main] INFO  base.BaseClass - Trying to find Element By {by.toString()})
2023-11-29 22:26:23,473 [main] INFO  base.BaseClass - Found Element By {by.toString()}
2023-11-29 22:26:24,008 [main] INFO  base.BaseClass - Trying to find Element By {by.toString()})
2023-11-29 22:26:24,035 [main] INFO  base.BaseClass - Found Element By {by.toString()}
2023-11-29 22:26:24,588 [main] INFO  base.BaseClass - Trying to find Element By {by.toString()})
2023-11-29 22:26:24,612 [main] INFO  base.BaseClass - Found Element By {by.toString()}
2023-11-29 22:26:25,153 [main] INFO  base.BaseClass - Trying to find Element By {by.toString()})
2023-11-29 22:26:25,178 [main] INFO  base.BaseClass - Found Element By {by.toString()}
2023-11-29 22:26:25,723 [main] INFO  base.BaseClass - Trying to find Element By {by.toString()})
2023-11-29 22:26:25,749 [main] INFO  base.BaseClass - Found Element By {by.toString()}
2023-11-29 22:26:26,286 [main] INFO  base.BaseClass - Trying to find Element By {by.toString()})
2023-11-29 22:26:26,311 [main] INFO  base.BaseClass - Found Element By {by.toString()}
2023-11-29 22:26:26,853 [main] INFO  base.BaseClass - Trying to find Element By {by.toString()})
2023-11-29 22:26:26,878 [main] INFO  base.BaseClass - Found Element By {by.toString()}
2023-11-29 22:26:27,417 [main] INFO  base.BaseClass - Trying to find Element By {by.toString()})
2023-11-29 22:26:27,441 [main] INFO  base.BaseClass - Found Element By {by.toString()}
2023-11-29 22:26:27,979 [main] INFO  base.BaseClass - Trying to find Element By {by.toString()})
2023-11-29 22:26:28,003 [main] INFO  base.BaseClass - Found Element By {by.toString()}
2023-11-29 22:26:28,538 [main] INFO  base.BaseClass - Trying to find Element By {by.toString()})
2023-11-29 22:26:28,562 [main] INFO  base.BaseClass - Found Element By {by.toString()}
2023-11-29 22:26:29,096 [main] INFO  base.BaseClass - Trying to find Element By {by.toString()})
2023-11-29 22:26:29,119 [main] INFO  base.BaseClass - Found Element By {by.toString()}
2023-11-29 22:26:29,656 [main] INFO  base.BaseClass - Trying to find Element By {by.toString()})
2023-11-29 22:26:29,679 [main] INFO  base.BaseClass - Found Element By {by.toString()}
2023-11-29 22:26:30,219 [main] INFO  base.BaseClass - Trying to find Element By {by.toString()})
2023-11-29 22:26:30,243 [main] INFO  base.BaseClass - Found Element By {by.toString()}
2023-11-29 22:26:30,783 [main] INFO  base.BaseClass - Trying to find Element By {by.toString()})
2023-11-29 22:26:30,808 [main] INFO  base.BaseClass - Found Element By {by.toString()}
2023-11-29 22:26:31,348 [main] INFO  base.BaseClass - Trying to find Element By {by.toString()})
2023-11-29 22:26:31,374 [main] INFO  base.BaseClass - Found Element By {by.toString()}
2023-11-29 22:26:31,900 [main] INFO  base.BaseClass - Trying to find Element By {by.toString()})
2023-11-29 22:26:31,924 [main] INFO  base.BaseClass - Found Element By {by.toString()}
2023-11-29 22:26:32,466 [main] INFO  base.BaseClass - Trying to find Element By {by.toString()})
2023-11-29 22:26:32,490 [main] INFO  base.BaseClass - Found Element By {by.toString()}
2023-11-29 22:26:33,026 [main] INFO  base.BaseClass - Trying to find Element By {by.toString()})
2023-11-29 22:26:33,050 [main] INFO  base.BaseClass - Found Element By {by.toString()}
2023-11-29 22:26:33,587 [main] INFO  base.BaseClass - Trying to find Element By {by.toString()})
2023-11-29 22:26:33,611 [main] INFO  base.BaseClass - Found Element By {by.toString()}
2023-11-29 22:26:34,147 [main] INFO  base.BaseClass - Trying to find Element By {by.toString()})
2023-11-29 22:26:34,172 [main] INFO  base.BaseClass - Found Element By {by.toString()}
2023-11-29 22:26:34,707 [main] INFO  base.BaseClass - Trying to find Element By {by.toString()})
2023-11-29 22:26:34,731 [main] INFO  base.BaseClass - Found Element By {by.toString()}
2023-11-29 22:26:35,271 [main] INFO  base.BaseClass - Trying to find Element By {by.toString()})
2023-11-29 22:26:35,296 [main] INFO  base.BaseClass - Found Element By {by.toString()}
2023-11-29 22:26:35,837 [main] INFO  base.BaseClass - Trying to find Element By {by.toString()})
2023-11-29 22:26:35,862 [main] INFO  base.BaseClass - Found Element By {by.toString()}
2023-11-29 22:26:36,415 [main] INFO  base.BaseClass - Trying to find Element By {by.toString()})
2023-11-29 22:26:36,438 [main] INFO  base.BaseClass - Found Element By {by.toString()}
2023-11-29 22:26:36,976 [main] INFO  base.BaseClass - Trying to find Element By {by.toString()})
2023-11-29 22:26:37,000 [main] INFO  base.BaseClass - Found Element By {by.toString()}
2023-11-29 22:26:37,534 [main] INFO  base.BaseClass - Trying to find Element By {by.toString()})
2023-11-29 22:26:37,559 [main] INFO  base.BaseClass - Found Element By {by.toString()}
2023-11-29 22:26:38,096 [main] INFO  base.BaseClass - Trying to find Element By {by.toString()})
2023-11-29 22:26:38,121 [main] INFO  base.BaseClass - Found Element By {by.toString()}
2023-11-29 22:26:38,670 [main] INFO  base.BaseClass - Trying to find Element By {by.toString()})
2023-11-29 22:26:38,694 [main] INFO  base.BaseClass - Found Element By {by.toString()}
2023-11-29 22:26:39,231 [main] INFO  base.BaseClass - Trying to find Element By {by.toString()})
2023-11-29 22:26:39,256 [main] INFO  base.BaseClass - Found Element By {by.toString()}
2023-11-29 22:26:39,793 [main] INFO  base.BaseClass - Trying to find Element By {by.toString()})
2023-11-29 22:26:39,821 [main] INFO  base.BaseClass - Found Element By {by.toString()}
2023-11-29 22:26:40,360 [main] INFO  base.BaseClass - Trying to find Element By {by.toString()})
2023-11-29 22:26:40,385 [main] INFO  base.BaseClass - Found Element By {by.toString()}
2023-11-29 22:26:40,934 [main] INFO  base.BaseClass - Trying to find Element By {by.toString()})
2023-11-29 22:26:40,958 [main] INFO  base.BaseClass - Found Element By {by.toString()}
2023-11-29 22:26:41,500 [main] INFO  base.BaseClass - Trying to find Element By {by.toString()})
2023-11-29 22:26:41,524 [main] INFO  base.BaseClass - Found Element By {by.toString()}
2023-11-29 22:26:42,060 [main] INFO  base.BaseClass - Trying to find Element By {by.toString()})
2023-11-29 22:26:42,086 [main] INFO  base.BaseClass - Found Element By {by.toString()}
2023-11-29 22:26:42,621 [main] INFO  base.BaseClass - Trying to find Element By {by.toString()})
2023-11-29 22:26:42,645 [main] INFO  base.BaseClass - Found Element By {by.toString()}
2023-11-29 22:26:43,192 [main] INFO  base.BaseClass - Trying to find Element By {by.toString()})
2023-11-29 22:26:43,218 [main] INFO  base.BaseClass - Found Element By {by.toString()}
TimeoutException occurred: Expected condition failed: waiting for helper.WaitUtility$5@3629849e (tried for 30 second(s) with 500 milliseconds interval)
Build info: version: '3.141.59', revision: 'e82be7d358', time: '2018-11-14T08:17:03'
System info: host: 'DPLAP166', ip: '137.237.3.153', os.name: 'Windows 10', os.arch: 'amd64', os.version: '10.0', java.version: '19.0.1'
Driver info: org.openqa.selenium.support.events.EventFiringWebDriver
Capabilities {acceptInsecureCerts: true, browserName: chrome, browserVersion: 119.0.6045.200, chrome: {chromedriverVersion: 119.0.6045.105 (38c72552c5e..., userDataDir: C:\Users\dP-PL\AppData\Loca...}, fedcm:accounts: true, goog:chromeOptions: {debuggerAddress: localhost:57062}, javascriptEnabled: true, networkConnectionEnabled: false, pageLoadStrategy: normal, platform: WINDOWS, platformName: WINDOWS, proxy: Proxy(), setWindowRect: true, strictFileInteractability: false, timeouts: {implicit: 0, pageLoad: 300000, script: 30000}, unhandledPromptBehavior: dismiss and notify, webauthn:extension:credBlob: true, webauthn:extension:largeBlob: true, webauthn:extension:minPinLength: true, webauthn:extension:prf: true, webauthn:virtualAuthenticators: true}
Session ID: 17400affcb29ff1368dfa709b3e23e1d
2023-11-29 22:26:43,252 [main] ERROR XGLT_15177_Test - Element did not become visible within the specified time: Expected condition failed: waiting for helper.WaitUtility$5@3629849e (tried for 30 second(s) with 500 milliseconds interval)
Build info: version: '3.141.59', revision: 'e82be7d358', time: '2018-11-14T08:17:03'
System info: host: 'DPLAP166', ip: '137.237.3.153', os.name: 'Windows 10', os.arch: 'amd64', os.version: '10.0', java.version: '19.0.1'
Driver info: org.openqa.selenium.support.events.EventFiringWebDriver
Capabilities {acceptInsecureCerts: true, browserName: chrome, browserVersion: 119.0.6045.200, chrome: {chromedriverVersion: 119.0.6045.105 (38c72552c5e..., userDataDir: C:\Users\dP-PL\AppData\Loca...}, fedcm:accounts: true, goog:chromeOptions: {debuggerAddress: localhost:57062}, javascriptEnabled: true, networkConnectionEnabled: false, pageLoadStrategy: normal, platform: WINDOWS, platformName: WINDOWS, proxy: Proxy(), setWindowRect: true, strictFileInteractability: false, timeouts: {implicit: 0, pageLoad: 300000, script: 30000}, unhandledPromptBehavior: dismiss and notify, webauthn:extension:credBlob: true, webauthn:extension:largeBlob: true, webauthn:extension:minPinLength: true, webauthn:extension:prf: true, webauthn:virtualAuthenticators: true}
Session ID: 17400affcb29ff1368dfa709b3e23e1d
2023-11-29 22:26:43,252 [main] INFO  base.BaseClass - Trying to find Element By {by.toString()})
2023-11-29 22:26:43,274 [main] INFO  base.BaseClass - Found Element By {by.toString()}
2023-11-29 22:26:43,274 [main] INFO  base.BaseClass - Trying to click on: {element.toString()}
2023-11-29 22:26:43,397 [main] INFO  base.BaseClass - Clicked on: {element.toString()}
2023-11-29 22:26:43,399 [main] INFO  base.BaseClass - Trying to find Element By {by.toString()})
2023-11-29 22:26:43,412 [main] INFO  base.BaseClass - Found Element By {by.toString()}
2023-11-29 22:26:43,432 [main] INFO  base.BaseClass - Trying to find Element By {by.toString()})
2023-11-29 22:26:43,450 [main] INFO  base.BaseClass - Found Element By {by.toString()}
Writing on Excel file Finished ...
CreateNewSalesoffice passed!
]]></system-out>
    <system-err><![CDATA[Starting ChromeDriver 119.0.6045.105 (38c72552c5e15ba9b3117c0967a0fd105072d7c6-refs/branch-heads/6045@{#1103}) on port 42360
Only local connections are allowed.
Please see https://chromedriver.chromium.org/security-considerations for suggestions on keeping ChromeDriver safe.
ChromeDriver was started successfully.
Nov 29, 2023 10:22:57 PM org.openqa.selenium.remote.ProtocolHandshake createSession
INFO: Detected dialect: W3C
]]></system-err>
  </testcase>
  <testcase name="CreateNewrevenuType" classname="XGLT_6150_Test" time="235.023">
    <system-out><![CDATA[2023-11-29 22:26:44,052 [main] INFO  XGLT_15177_Test - closing up browser
2023-11-29 22:26:45,631 [main] INFO  base.BaseClass - Login to XGL
2023-11-29 22:26:45,631 [main] INFO  XGLT_15177_Test - Setting up browser
2023-11-29 22:26:45,664 [main] INFO  io.github.bonigarcia.wdm.WebDriverManager - Using chromedriver 119.0.6045.105 (resolved driver for Chrome 119)
2023-11-29 22:26:45,707 [main] INFO  io.github.bonigarcia.wdm.WebDriverManager - Exporting webdriver.chrome.driver as C:\Users\dP-PL\.cache\selenium\chromedriver\win64\119.0.6045.105\chromedriver.exe
2023-11-29 22:26:47,038 [main] INFO  base.BaseClass - Before navigating to {url}
2023-11-29 22:26:56,038 [main] INFO  base.BaseClass - Navigated to {url}
2023-11-29 22:26:56,510 [main] INFO  base.BaseClass - Trying to find Element By {by.toString()})
2023-11-29 22:26:56,526 [main] INFO  base.BaseClass - Found Element By {by.toString()}
2023-11-29 22:26:56,612 [main] INFO  base.BaseClass - Trying to find Element By {by.toString()})
2023-11-29 22:26:56,628 [main] INFO  base.BaseClass - Found Element By {by.toString()}
2023-11-29 22:26:56,777 [main] INFO  base.BaseClass - Trying to find Element By {by.toString()})
2023-11-29 22:26:56,791 [main] INFO  base.BaseClass - Found Element By {by.toString()}
2023-11-29 22:26:56,791 [main] INFO  base.BaseClass - Trying to click on: {element.toString()}
2023-11-29 22:26:56,842 [main] INFO  base.BaseClass - Clicked on: {element.toString()}
2023-11-29 22:26:56,842 [main] INFO  base.BaseClass - Trying to find Element By {by.toString()})
2023-11-29 22:27:07,823 [main] INFO  base.BaseClass - Found Element By {by.toString()}
2023-11-29 22:27:07,844 [main] INFO  base.BaseClass - Trying to find Element By {by.toString()})
NoSuchElementException occurred: no such element: Unable to locate element: {"method":"xpath","selector":"//div[@class='modal-content']/div/i[contains(@class,'close')]"}
  (Session info: chrome=119.0.6045.200)
For documentation on this error, please visit: https://www.seleniumhq.org/exceptions/no_such_element.html
Build info: version: '3.141.59', revision: 'e82be7d358', time: '2018-11-14T08:17:03'
System info: host: 'DPLAP166', ip: '137.237.3.153', os.name: 'Windows 10', os.arch: 'amd64', os.version: '10.0', java.version: '19.0.1'
Driver info: org.openqa.selenium.chrome.ChromeDriver
Capabilities {acceptInsecureCerts: true, browserName: chrome, browserVersion: 119.0.6045.200, chrome: {chromedriverVersion: 119.0.6045.105 (38c72552c5e..., userDataDir: C:\Users\dP-PL\AppData\Loca...}, fedcm:accounts: true, goog:chromeOptions: {debuggerAddress: localhost:57538}, javascriptEnabled: true, networkConnectionEnabled: false, pageLoadStrategy: normal, platform: WINDOWS, platformName: WINDOWS, proxy: Proxy(), setWindowRect: true, strictFileInteractability: false, timeouts: {implicit: 0, pageLoad: 300000, script: 30000}, unhandledPromptBehavior: dismiss and notify, webauthn:extension:credBlob: true, webauthn:extension:largeBlob: true, webauthn:extension:minPinLength: true, webauthn:extension:prf: true, webauthn:virtualAuthenticators: true}
Session ID: 0cc78da5edf274ff0f7b77b67cfc9bd7
*** Element info: {Using=xpath, value=//div[@class='modal-content']/div/i[contains(@class,'close')]}
Before method Test name: Maintainance Tests
CreateNewrevenuType started!
2023-11-29 22:27:57,939 [main] INFO  base.BaseClass - Trying to find Element By {by.toString()})
2023-11-29 22:27:57,961 [main] INFO  base.BaseClass - Found Element By {by.toString()}
2023-11-29 22:27:58,505 [main] INFO  base.BaseClass - Trying to find Element By {by.toString()})
2023-11-29 22:27:58,529 [main] INFO  base.BaseClass - Found Element By {by.toString()}
2023-11-29 22:27:59,065 [main] INFO  base.BaseClass - Trying to find Element By {by.toString()})
2023-11-29 22:27:59,093 [main] INFO  base.BaseClass - Found Element By {by.toString()}
2023-11-29 22:27:59,631 [main] INFO  base.BaseClass - Trying to find Element By {by.toString()})
2023-11-29 22:27:59,676 [main] INFO  base.BaseClass - Found Element By {by.toString()}
2023-11-29 22:28:00,203 [main] INFO  base.BaseClass - Trying to find Element By {by.toString()})
2023-11-29 22:28:00,224 [main] INFO  base.BaseClass - Found Element By {by.toString()}
2023-11-29 22:28:00,756 [main] INFO  base.BaseClass - Trying to find Element By {by.toString()})
2023-11-29 22:28:00,773 [main] INFO  base.BaseClass - Found Element By {by.toString()}
2023-11-29 22:28:01,300 [main] INFO  base.BaseClass - Trying to find Element By {by.toString()})
2023-11-29 22:28:01,325 [main] INFO  base.BaseClass - Found Element By {by.toString()}
2023-11-29 22:28:01,862 [main] INFO  base.BaseClass - Trying to find Element By {by.toString()})
2023-11-29 22:28:01,885 [main] INFO  base.BaseClass - Found Element By {by.toString()}
2023-11-29 22:28:02,423 [main] INFO  base.BaseClass - Trying to find Element By {by.toString()})
2023-11-29 22:28:02,442 [main] INFO  base.BaseClass - Found Element By {by.toString()}
2023-11-29 22:28:02,968 [main] INFO  base.BaseClass - Trying to find Element By {by.toString()})
2023-11-29 22:28:02,985 [main] INFO  base.BaseClass - Found Element By {by.toString()}
2023-11-29 22:28:03,511 [main] INFO  base.BaseClass - Trying to find Element By {by.toString()})
2023-11-29 22:28:03,535 [main] INFO  base.BaseClass - Found Element By {by.toString()}
2023-11-29 22:28:04,071 [main] INFO  base.BaseClass - Trying to find Element By {by.toString()})
2023-11-29 22:28:04,094 [main] INFO  base.BaseClass - Found Element By {by.toString()}
2023-11-29 22:28:04,630 [main] INFO  base.BaseClass - Trying to find Element By {by.toString()})
2023-11-29 22:28:04,655 [main] INFO  base.BaseClass - Found Element By {by.toString()}
2023-11-29 22:28:05,195 [main] INFO  base.BaseClass - Trying to find Element By {by.toString()})
2023-11-29 22:28:05,211 [main] INFO  base.BaseClass - Found Element By {by.toString()}
2023-11-29 22:28:05,739 [main] INFO  base.BaseClass - Trying to find Element By {by.toString()})
2023-11-29 22:28:05,761 [main] INFO  base.BaseClass - Found Element By {by.toString()}
2023-11-29 22:28:06,293 [main] INFO  base.BaseClass - Trying to find Element By {by.toString()})
2023-11-29 22:28:06,317 [main] INFO  base.BaseClass - Found Element By {by.toString()}
2023-11-29 22:28:06,856 [main] INFO  base.BaseClass - Trying to find Element By {by.toString()})
2023-11-29 22:28:06,881 [main] INFO  base.BaseClass - Found Element By {by.toString()}
2023-11-29 22:28:07,418 [main] INFO  base.BaseClass - Trying to find Element By {by.toString()})
2023-11-29 22:28:07,428 [main] INFO  base.BaseClass - Found Element By {by.toString()}
2023-11-29 22:28:07,946 [main] INFO  base.BaseClass - Trying to find Element By {by.toString()})
2023-11-29 22:28:07,971 [main] INFO  base.BaseClass - Found Element By {by.toString()}
2023-11-29 22:28:08,510 [main] INFO  base.BaseClass - Trying to find Element By {by.toString()})
2023-11-29 22:28:08,534 [main] INFO  base.BaseClass - Found Element By {by.toString()}
2023-11-29 22:28:09,072 [main] INFO  base.BaseClass - Trying to find Element By {by.toString()})
2023-11-29 22:28:09,096 [main] INFO  base.BaseClass - Found Element By {by.toString()}
2023-11-29 22:28:09,632 [main] INFO  base.BaseClass - Trying to find Element By {by.toString()})
2023-11-29 22:28:09,657 [main] INFO  base.BaseClass - Found Element By {by.toString()}
2023-11-29 22:28:10,193 [main] INFO  base.BaseClass - Trying to find Element By {by.toString()})
2023-11-29 22:28:10,220 [main] INFO  base.BaseClass - Found Element By {by.toString()}
2023-11-29 22:28:10,756 [main] INFO  base.BaseClass - Trying to find Element By {by.toString()})
2023-11-29 22:28:10,783 [main] INFO  base.BaseClass - Found Element By {by.toString()}
2023-11-29 22:28:11,321 [main] INFO  base.BaseClass - Trying to find Element By {by.toString()})
2023-11-29 22:28:11,344 [main] INFO  base.BaseClass - Found Element By {by.toString()}
2023-11-29 22:28:11,881 [main] INFO  base.BaseClass - Trying to find Element By {by.toString()})
2023-11-29 22:28:11,904 [main] INFO  base.BaseClass - Found Element By {by.toString()}
2023-11-29 22:28:12,438 [main] INFO  base.BaseClass - Trying to find Element By {by.toString()})
2023-11-29 22:28:12,463 [main] INFO  base.BaseClass - Found Element By {by.toString()}
2023-11-29 22:28:13,009 [main] INFO  base.BaseClass - Trying to find Element By {by.toString()})
2023-11-29 22:28:13,032 [main] INFO  base.BaseClass - Found Element By {by.toString()}
2023-11-29 22:28:13,566 [main] INFO  base.BaseClass - Trying to find Element By {by.toString()})
2023-11-29 22:28:13,589 [main] INFO  base.BaseClass - Found Element By {by.toString()}
2023-11-29 22:28:14,128 [main] INFO  base.BaseClass - Trying to find Element By {by.toString()})
2023-11-29 22:28:14,152 [main] INFO  base.BaseClass - Found Element By {by.toString()}
2023-11-29 22:28:14,687 [main] INFO  base.BaseClass - Trying to find Element By {by.toString()})
2023-11-29 22:28:14,709 [main] INFO  base.BaseClass - Found Element By {by.toString()}
2023-11-29 22:28:15,260 [main] INFO  base.BaseClass - Trying to find Element By {by.toString()})
2023-11-29 22:28:15,285 [main] INFO  base.BaseClass - Found Element By {by.toString()}
2023-11-29 22:28:15,834 [main] INFO  base.BaseClass - Trying to find Element By {by.toString()})
2023-11-29 22:28:15,859 [main] INFO  base.BaseClass - Found Element By {by.toString()}
2023-11-29 22:28:16,396 [main] INFO  base.BaseClass - Trying to find Element By {by.toString()})
2023-11-29 22:28:16,420 [main] INFO  base.BaseClass - Found Element By {by.toString()}
2023-11-29 22:28:16,955 [main] INFO  base.BaseClass - Trying to find Element By {by.toString()})
2023-11-29 22:28:16,978 [main] INFO  base.BaseClass - Found Element By {by.toString()}
2023-11-29 22:28:17,514 [main] INFO  base.BaseClass - Trying to find Element By {by.toString()})
2023-11-29 22:28:17,539 [main] INFO  base.BaseClass - Found Element By {by.toString()}
2023-11-29 22:28:18,077 [main] INFO  base.BaseClass - Trying to find Element By {by.toString()})
2023-11-29 22:28:18,101 [main] INFO  base.BaseClass - Found Element By {by.toString()}
2023-11-29 22:28:18,636 [main] INFO  base.BaseClass - Trying to find Element By {by.toString()})
2023-11-29 22:28:18,660 [main] INFO  base.BaseClass - Found Element By {by.toString()}
2023-11-29 22:28:19,198 [main] INFO  base.BaseClass - Trying to find Element By {by.toString()})
2023-11-29 22:28:19,222 [main] INFO  base.BaseClass - Found Element By {by.toString()}
2023-11-29 22:28:19,758 [main] INFO  base.BaseClass - Trying to find Element By {by.toString()})
2023-11-29 22:28:19,782 [main] INFO  base.BaseClass - Found Element By {by.toString()}
2023-11-29 22:28:20,326 [main] INFO  base.BaseClass - Trying to find Element By {by.toString()})
2023-11-29 22:28:20,356 [main] INFO  base.BaseClass - Found Element By {by.toString()}
2023-11-29 22:28:20,901 [main] INFO  base.BaseClass - Trying to find Element By {by.toString()})
2023-11-29 22:28:20,927 [main] INFO  base.BaseClass - Found Element By {by.toString()}
2023-11-29 22:28:21,464 [main] INFO  base.BaseClass - Trying to find Element By {by.toString()})
2023-11-29 22:28:21,491 [main] INFO  base.BaseClass - Found Element By {by.toString()}
2023-11-29 22:28:22,026 [main] INFO  base.BaseClass - Trying to find Element By {by.toString()})
2023-11-29 22:28:22,051 [main] INFO  base.BaseClass - Found Element By {by.toString()}
2023-11-29 22:28:22,593 [main] INFO  base.BaseClass - Trying to find Element By {by.toString()})
2023-11-29 22:28:22,618 [main] INFO  base.BaseClass - Found Element By {by.toString()}
2023-11-29 22:28:23,162 [main] INFO  base.BaseClass - Trying to find Element By {by.toString()})
2023-11-29 22:28:23,187 [main] INFO  base.BaseClass - Found Element By {by.toString()}
2023-11-29 22:28:23,725 [main] INFO  base.BaseClass - Trying to find Element By {by.toString()})
2023-11-29 22:28:23,751 [main] INFO  base.BaseClass - Found Element By {by.toString()}
2023-11-29 22:28:24,289 [main] INFO  base.BaseClass - Trying to find Element By {by.toString()})
2023-11-29 22:28:24,316 [main] INFO  base.BaseClass - Found Element By {by.toString()}
2023-11-29 22:28:24,855 [main] INFO  base.BaseClass - Trying to find Element By {by.toString()})
2023-11-29 22:28:24,879 [main] INFO  base.BaseClass - Found Element By {by.toString()}
2023-11-29 22:28:25,419 [main] INFO  base.BaseClass - Trying to find Element By {by.toString()})
2023-11-29 22:28:25,445 [main] INFO  base.BaseClass - Found Element By {by.toString()}
2023-11-29 22:28:25,995 [main] INFO  base.BaseClass - Trying to find Element By {by.toString()})
2023-11-29 22:28:26,020 [main] INFO  base.BaseClass - Found Element By {by.toString()}
2023-11-29 22:28:26,558 [main] INFO  base.BaseClass - Trying to find Element By {by.toString()})
2023-11-29 22:28:26,585 [main] INFO  base.BaseClass - Found Element By {by.toString()}
2023-11-29 22:28:27,126 [main] INFO  base.BaseClass - Trying to find Element By {by.toString()})
2023-11-29 22:28:27,150 [main] INFO  base.BaseClass - Found Element By {by.toString()}
2023-11-29 22:28:27,689 [main] INFO  base.BaseClass - Trying to find Element By {by.toString()})
2023-11-29 22:28:27,715 [main] INFO  base.BaseClass - Found Element By {by.toString()}
2023-11-29 22:28:28,252 [main] INFO  base.BaseClass - Trying to find Element By {by.toString()})
2023-11-29 22:28:28,276 [main] INFO  base.BaseClass - Found Element By {by.toString()}
TimeoutException occurred: Expected condition failed: waiting for helper.WaitUtility$5@35d1e5a2 (tried for 30 second(s) with 500 milliseconds interval)
Build info: version: '3.141.59', revision: 'e82be7d358', time: '2018-11-14T08:17:03'
System info: host: 'DPLAP166', ip: '137.237.3.153', os.name: 'Windows 10', os.arch: 'amd64', os.version: '10.0', java.version: '19.0.1'
Driver info: org.openqa.selenium.support.events.EventFiringWebDriver
Capabilities {acceptInsecureCerts: true, browserName: chrome, browserVersion: 119.0.6045.200, chrome: {chromedriverVersion: 119.0.6045.105 (38c72552c5e..., userDataDir: C:\Users\dP-PL\AppData\Loca...}, fedcm:accounts: true, goog:chromeOptions: {debuggerAddress: localhost:57538}, javascriptEnabled: true, networkConnectionEnabled: false, pageLoadStrategy: normal, platform: WINDOWS, platformName: WINDOWS, proxy: Proxy(), setWindowRect: true, strictFileInteractability: false, timeouts: {implicit: 0, pageLoad: 300000, script: 30000}, unhandledPromptBehavior: dismiss and notify, webauthn:extension:credBlob: true, webauthn:extension:largeBlob: true, webauthn:extension:minPinLength: true, webauthn:extension:prf: true, webauthn:virtualAuthenticators: true}
Session ID: 0cc78da5edf274ff0f7b77b67cfc9bd7
2023-11-29 22:28:28,311 [main] ERROR XGLT_15177_Test - Element did not become visible within the specified time: Expected condition failed: waiting for helper.WaitUtility$5@35d1e5a2 (tried for 30 second(s) with 500 milliseconds interval)
Build info: version: '3.141.59', revision: 'e82be7d358', time: '2018-11-14T08:17:03'
System info: host: 'DPLAP166', ip: '137.237.3.153', os.name: 'Windows 10', os.arch: 'amd64', os.version: '10.0', java.version: '19.0.1'
Driver info: org.openqa.selenium.support.events.EventFiringWebDriver
Capabilities {acceptInsecureCerts: true, browserName: chrome, browserVersion: 119.0.6045.200, chrome: {chromedriverVersion: 119.0.6045.105 (38c72552c5e..., userDataDir: C:\Users\dP-PL\AppData\Loca...}, fedcm:accounts: true, goog:chromeOptions: {debuggerAddress: localhost:57538}, javascriptEnabled: true, networkConnectionEnabled: false, pageLoadStrategy: normal, platform: WINDOWS, platformName: WINDOWS, proxy: Proxy(), setWindowRect: true, strictFileInteractability: false, timeouts: {implicit: 0, pageLoad: 300000, script: 30000}, unhandledPromptBehavior: dismiss and notify, webauthn:extension:credBlob: true, webauthn:extension:largeBlob: true, webauthn:extension:minPinLength: true, webauthn:extension:prf: true, webauthn:virtualAuthenticators: true}
Session ID: 0cc78da5edf274ff0f7b77b67cfc9bd7
2023-11-29 22:28:28,312 [main] INFO  base.BaseClass - Trying to find Element By {by.toString()})
2023-11-29 22:28:28,332 [main] INFO  base.BaseClass - Found Element By {by.toString()}
2023-11-29 22:28:28,332 [main] INFO  base.BaseClass - Trying to click on: {element.toString()}
2023-11-29 22:28:28,448 [main] INFO  base.BaseClass - Clicked on: {element.toString()}
2023-11-29 22:28:28,449 [main] INFO  base.BaseClass - Trying to find Element By {by.toString()})
2023-11-29 22:28:28,473 [main] INFO  base.BaseClass - Found Element By {by.toString()}
2023-11-29 22:28:28,989 [main] INFO  base.BaseClass - Trying to find Element By {by.toString()})
2023-11-29 22:28:28,998 [main] INFO  base.BaseClass - Found Element By {by.toString()}
2023-11-29 22:28:29,511 [main] INFO  base.BaseClass - Trying to find Element By {by.toString()})
2023-11-29 22:28:29,538 [main] INFO  base.BaseClass - Found Element By {by.toString()}
2023-11-29 22:28:30,083 [main] INFO  base.BaseClass - Trying to find Element By {by.toString()})
2023-11-29 22:28:30,108 [main] INFO  base.BaseClass - Found Element By {by.toString()}
2023-11-29 22:28:30,644 [main] INFO  base.BaseClass - Trying to find Element By {by.toString()})
2023-11-29 22:28:30,669 [main] INFO  base.BaseClass - Found Element By {by.toString()}
2023-11-29 22:28:31,208 [main] INFO  base.BaseClass - Trying to find Element By {by.toString()})
2023-11-29 22:28:31,234 [main] INFO  base.BaseClass - Found Element By {by.toString()}
2023-11-29 22:28:31,771 [main] INFO  base.BaseClass - Trying to find Element By {by.toString()})
2023-11-29 22:28:31,794 [main] INFO  base.BaseClass - Found Element By {by.toString()}
2023-11-29 22:28:32,329 [main] INFO  base.BaseClass - Trying to find Element By {by.toString()})
2023-11-29 22:28:32,356 [main] INFO  base.BaseClass - Found Element By {by.toString()}
2023-11-29 22:28:32,895 [main] INFO  base.BaseClass - Trying to find Element By {by.toString()})
2023-11-29 22:28:32,923 [main] INFO  base.BaseClass - Found Element By {by.toString()}
2023-11-29 22:28:33,459 [main] INFO  base.BaseClass - Trying to find Element By {by.toString()})
2023-11-29 22:28:33,486 [main] INFO  base.BaseClass - Found Element By {by.toString()}
2023-11-29 22:28:34,022 [main] INFO  base.BaseClass - Trying to find Element By {by.toString()})
2023-11-29 22:28:34,047 [main] INFO  base.BaseClass - Found Element By {by.toString()}
2023-11-29 22:28:34,584 [main] INFO  base.BaseClass - Trying to find Element By {by.toString()})
2023-11-29 22:28:34,609 [main] INFO  base.BaseClass - Found Element By {by.toString()}
2023-11-29 22:28:35,154 [main] INFO  base.BaseClass - Trying to find Element By {by.toString()})
2023-11-29 22:28:35,180 [main] INFO  base.BaseClass - Found Element By {by.toString()}
2023-11-29 22:28:35,708 [main] INFO  base.BaseClass - Trying to find Element By {by.toString()})
2023-11-29 22:28:35,736 [main] INFO  base.BaseClass - Found Element By {by.toString()}
2023-11-29 22:28:36,279 [main] INFO  base.BaseClass - Trying to find Element By {by.toString()})
2023-11-29 22:28:36,296 [main] INFO  base.BaseClass - Found Element By {by.toString()}
2023-11-29 22:28:36,822 [main] INFO  base.BaseClass - Trying to find Element By {by.toString()})
2023-11-29 22:28:36,850 [main] INFO  base.BaseClass - Found Element By {by.toString()}
2023-11-29 22:28:37,396 [main] INFO  base.BaseClass - Trying to find Element By {by.toString()})
2023-11-29 22:28:37,423 [main] INFO  base.BaseClass - Found Element By {by.toString()}
2023-11-29 22:28:37,961 [main] INFO  base.BaseClass - Trying to find Element By {by.toString()})
2023-11-29 22:28:37,985 [main] INFO  base.BaseClass - Found Element By {by.toString()}
2023-11-29 22:28:38,523 [main] INFO  base.BaseClass - Trying to find Element By {by.toString()})
2023-11-29 22:28:38,551 [main] INFO  base.BaseClass - Found Element By {by.toString()}
2023-11-29 22:28:39,095 [main] INFO  base.BaseClass - Trying to find Element By {by.toString()})
2023-11-29 22:28:39,121 [main] INFO  base.BaseClass - Found Element By {by.toString()}
2023-11-29 22:28:39,655 [main] INFO  base.BaseClass - Trying to find Element By {by.toString()})
2023-11-29 22:28:39,680 [main] INFO  base.BaseClass - Found Element By {by.toString()}
2023-11-29 22:28:40,216 [main] INFO  base.BaseClass - Trying to find Element By {by.toString()})
2023-11-29 22:28:40,241 [main] INFO  base.BaseClass - Found Element By {by.toString()}
2023-11-29 22:28:40,780 [main] INFO  base.BaseClass - Trying to find Element By {by.toString()})
2023-11-29 22:28:40,805 [main] INFO  base.BaseClass - Found Element By {by.toString()}
2023-11-29 22:28:41,344 [main] INFO  base.BaseClass - Trying to find Element By {by.toString()})
2023-11-29 22:28:41,369 [main] INFO  base.BaseClass - Found Element By {by.toString()}
2023-11-29 22:28:41,905 [main] INFO  base.BaseClass - Trying to find Element By {by.toString()})
2023-11-29 22:28:41,930 [main] INFO  base.BaseClass - Found Element By {by.toString()}
2023-11-29 22:28:42,464 [main] INFO  base.BaseClass - Trying to find Element By {by.toString()})
2023-11-29 22:28:42,489 [main] INFO  base.BaseClass - Found Element By {by.toString()}
2023-11-29 22:28:43,025 [main] INFO  base.BaseClass - Trying to find Element By {by.toString()})
2023-11-29 22:28:43,050 [main] INFO  base.BaseClass - Found Element By {by.toString()}
2023-11-29 22:28:43,580 [main] INFO  base.BaseClass - Trying to find Element By {by.toString()})
2023-11-29 22:28:43,605 [main] INFO  base.BaseClass - Found Element By {by.toString()}
2023-11-29 22:28:44,139 [main] INFO  base.BaseClass - Trying to find Element By {by.toString()})
2023-11-29 22:28:44,165 [main] INFO  base.BaseClass - Found Element By {by.toString()}
2023-11-29 22:28:44,701 [main] INFO  base.BaseClass - Trying to find Element By {by.toString()})
2023-11-29 22:28:44,727 [main] INFO  base.BaseClass - Found Element By {by.toString()}
2023-11-29 22:28:45,265 [main] INFO  base.BaseClass - Trying to find Element By {by.toString()})
2023-11-29 22:28:45,283 [main] INFO  base.BaseClass - Found Element By {by.toString()}
2023-11-29 22:28:45,807 [main] INFO  base.BaseClass - Trying to find Element By {by.toString()})
2023-11-29 22:28:45,827 [main] INFO  base.BaseClass - Found Element By {by.toString()}
2023-11-29 22:28:46,344 [main] INFO  base.BaseClass - Trying to find Element By {by.toString()})
2023-11-29 22:28:46,353 [main] INFO  base.BaseClass - Found Element By {by.toString()}
2023-11-29 22:28:46,866 [main] INFO  base.BaseClass - Trying to find Element By {by.toString()})
2023-11-29 22:28:46,893 [main] INFO  base.BaseClass - Found Element By {by.toString()}
2023-11-29 22:28:47,436 [main] INFO  base.BaseClass - Trying to find Element By {by.toString()})
2023-11-29 22:28:47,462 [main] INFO  base.BaseClass - Found Element By {by.toString()}
2023-11-29 22:28:48,000 [main] INFO  base.BaseClass - Trying to find Element By {by.toString()})
2023-11-29 22:28:48,043 [main] INFO  base.BaseClass - Found Element By {by.toString()}
2023-11-29 22:28:48,565 [main] INFO  base.BaseClass - Trying to find Element By {by.toString()})
2023-11-29 22:28:48,584 [main] INFO  base.BaseClass - Found Element By {by.toString()}
2023-11-29 22:28:49,110 [main] INFO  base.BaseClass - Trying to find Element By {by.toString()})
2023-11-29 22:28:49,120 [main] INFO  base.BaseClass - Found Element By {by.toString()}
2023-11-29 22:28:49,633 [main] INFO  base.BaseClass - Trying to find Element By {by.toString()})
2023-11-29 22:28:49,642 [main] INFO  base.BaseClass - Found Element By {by.toString()}
2023-11-29 22:28:50,155 [main] INFO  base.BaseClass - Trying to find Element By {by.toString()})
2023-11-29 22:28:50,164 [main] INFO  base.BaseClass - Found Element By {by.toString()}
2023-11-29 22:28:50,699 [main] INFO  base.BaseClass - Trying to find Element By {by.toString()})
2023-11-29 22:28:50,728 [main] INFO  base.BaseClass - Found Element By {by.toString()}
2023-11-29 22:28:51,262 [main] INFO  base.BaseClass - Trying to find Element By {by.toString()})
2023-11-29 22:28:51,289 [main] INFO  base.BaseClass - Found Element By {by.toString()}
2023-11-29 22:28:51,824 [main] INFO  base.BaseClass - Trying to find Element By {by.toString()})
2023-11-29 22:28:51,904 [main] INFO  base.BaseClass - Found Element By {by.toString()}
2023-11-29 22:28:52,443 [main] INFO  base.BaseClass - Trying to find Element By {by.toString()})
2023-11-29 22:28:52,468 [main] INFO  base.BaseClass - Found Element By {by.toString()}
2023-11-29 22:28:53,003 [main] INFO  base.BaseClass - Trying to find Element By {by.toString()})
2023-11-29 22:28:53,027 [main] INFO  base.BaseClass - Found Element By {by.toString()}
2023-11-29 22:28:53,563 [main] INFO  base.BaseClass - Trying to find Element By {by.toString()})
2023-11-29 22:28:53,588 [main] INFO  base.BaseClass - Found Element By {by.toString()}
2023-11-29 22:28:54,123 [main] INFO  base.BaseClass - Trying to find Element By {by.toString()})
2023-11-29 22:28:54,148 [main] INFO  base.BaseClass - Found Element By {by.toString()}
2023-11-29 22:28:54,686 [main] INFO  base.BaseClass - Trying to find Element By {by.toString()})
2023-11-29 22:28:54,712 [main] INFO  base.BaseClass - Found Element By {by.toString()}
2023-11-29 22:28:55,247 [main] INFO  base.BaseClass - Trying to find Element By {by.toString()})
2023-11-29 22:28:55,271 [main] INFO  base.BaseClass - Found Element By {by.toString()}
2023-11-29 22:28:55,806 [main] INFO  base.BaseClass - Trying to find Element By {by.toString()})
2023-11-29 22:28:55,831 [main] INFO  base.BaseClass - Found Element By {by.toString()}
2023-11-29 22:28:56,366 [main] INFO  base.BaseClass - Trying to find Element By {by.toString()})
2023-11-29 22:28:56,391 [main] INFO  base.BaseClass - Found Element By {by.toString()}
2023-11-29 22:28:56,925 [main] INFO  base.BaseClass - Trying to find Element By {by.toString()})
2023-11-29 22:28:56,952 [main] INFO  base.BaseClass - Found Element By {by.toString()}
2023-11-29 22:28:57,500 [main] INFO  base.BaseClass - Trying to find Element By {by.toString()})
2023-11-29 22:28:57,525 [main] INFO  base.BaseClass - Found Element By {by.toString()}
2023-11-29 22:28:58,061 [main] INFO  base.BaseClass - Trying to find Element By {by.toString()})
2023-11-29 22:28:58,099 [main] INFO  base.BaseClass - Found Element By {by.toString()}
2023-11-29 22:28:58,622 [main] INFO  base.BaseClass - Trying to find Element By {by.toString()})
2023-11-29 22:28:58,653 [main] INFO  base.BaseClass - Found Element By {by.toString()}
TimeoutException occurred: Expected condition failed: waiting for helper.WaitUtility$5@546b704f (tried for 30 second(s) with 500 milliseconds interval)
Build info: version: '3.141.59', revision: 'e82be7d358', time: '2018-11-14T08:17:03'
System info: host: 'DPLAP166', ip: '137.237.3.153', os.name: 'Windows 10', os.arch: 'amd64', os.version: '10.0', java.version: '19.0.1'
Driver info: org.openqa.selenium.support.events.EventFiringWebDriver
Capabilities {acceptInsecureCerts: true, browserName: chrome, browserVersion: 119.0.6045.200, chrome: {chromedriverVersion: 119.0.6045.105 (38c72552c5e..., userDataDir: C:\Users\dP-PL\AppData\Loca...}, fedcm:accounts: true, goog:chromeOptions: {debuggerAddress: localhost:57538}, javascriptEnabled: true, networkConnectionEnabled: false, pageLoadStrategy: normal, platform: WINDOWS, platformName: WINDOWS, proxy: Proxy(), setWindowRect: true, strictFileInteractability: false, timeouts: {implicit: 0, pageLoad: 300000, script: 30000}, unhandledPromptBehavior: dismiss and notify, webauthn:extension:credBlob: true, webauthn:extension:largeBlob: true, webauthn:extension:minPinLength: true, webauthn:extension:prf: true, webauthn:virtualAuthenticators: true}
Session ID: 0cc78da5edf274ff0f7b77b67cfc9bd7
2023-11-29 22:28:58,696 [main] ERROR XGLT_15177_Test - Element did not become visible within the specified time: Expected condition failed: waiting for helper.WaitUtility$5@546b704f (tried for 30 second(s) with 500 milliseconds interval)
Build info: version: '3.141.59', revision: 'e82be7d358', time: '2018-11-14T08:17:03'
System info: host: 'DPLAP166', ip: '137.237.3.153', os.name: 'Windows 10', os.arch: 'amd64', os.version: '10.0', java.version: '19.0.1'
Driver info: org.openqa.selenium.support.events.EventFiringWebDriver
Capabilities {acceptInsecureCerts: true, browserName: chrome, browserVersion: 119.0.6045.200, chrome: {chromedriverVersion: 119.0.6045.105 (38c72552c5e..., userDataDir: C:\Users\dP-PL\AppData\Loca...}, fedcm:accounts: true, goog:chromeOptions: {debuggerAddress: localhost:57538}, javascriptEnabled: true, networkConnectionEnabled: false, pageLoadStrategy: normal, platform: WINDOWS, platformName: WINDOWS, proxy: Proxy(), setWindowRect: true, strictFileInteractability: false, timeouts: {implicit: 0, pageLoad: 300000, script: 30000}, unhandledPromptBehavior: dismiss and notify, webauthn:extension:credBlob: true, webauthn:extension:largeBlob: true, webauthn:extension:minPinLength: true, webauthn:extension:prf: true, webauthn:virtualAuthenticators: true}
Session ID: 0cc78da5edf274ff0f7b77b67cfc9bd7
2023-11-29 22:28:58,696 [main] INFO  base.BaseClass - Trying to find Element By {by.toString()})
2023-11-29 22:28:58,721 [main] INFO  base.BaseClass - Found Element By {by.toString()}
2023-11-29 22:28:58,721 [main] INFO  base.BaseClass - Trying to click on: {element.toString()}
2023-11-29 22:28:58,940 [main] INFO  base.BaseClass - Clicked on: {element.toString()}
2023-11-29 22:28:58,940 [main] INFO  base.BaseClass - Trying to find Element By {by.toString()})
2023-11-29 22:28:58,959 [main] INFO  base.BaseClass - Found Element By {by.toString()}
2023-11-29 22:28:58,974 [main] INFO  base.BaseClass - Trying to find Element By {by.toString()})
2023-11-29 22:28:58,988 [main] INFO  base.BaseClass - Found Element By {by.toString()}
2023-11-29 22:28:59,503 [main] INFO  base.BaseClass - Trying to find Element By {by.toString()})
2023-11-29 22:28:59,609 [main] INFO  base.BaseClass - Found Element By {by.toString()}
2023-11-29 22:29:00,122 [main] INFO  base.BaseClass - Trying to find Element By {by.toString()})
2023-11-29 22:29:00,139 [main] INFO  base.BaseClass - Found Element By {by.toString()}
2023-11-29 22:29:00,669 [main] INFO  base.BaseClass - Trying to find Element By {by.toString()})
2023-11-29 22:29:00,700 [main] INFO  base.BaseClass - Found Element By {by.toString()}
2023-11-29 22:29:01,234 [main] INFO  base.BaseClass - Trying to find Element By {by.toString()})
2023-11-29 22:29:01,260 [main] INFO  base.BaseClass - Found Element By {by.toString()}
2023-11-29 22:29:01,797 [main] INFO  base.BaseClass - Trying to find Element By {by.toString()})
2023-11-29 22:29:01,824 [main] INFO  base.BaseClass - Found Element By {by.toString()}
2023-11-29 22:29:02,361 [main] INFO  base.BaseClass - Trying to find Element By {by.toString()})
2023-11-29 22:29:02,387 [main] INFO  base.BaseClass - Found Element By {by.toString()}
2023-11-29 22:29:02,923 [main] INFO  base.BaseClass - Trying to find Element By {by.toString()})
2023-11-29 22:29:02,950 [main] INFO  base.BaseClass - Found Element By {by.toString()}
2023-11-29 22:29:03,486 [main] INFO  base.BaseClass - Trying to find Element By {by.toString()})
2023-11-29 22:29:03,513 [main] INFO  base.BaseClass - Found Element By {by.toString()}
2023-11-29 22:29:04,053 [main] INFO  base.BaseClass - Trying to find Element By {by.toString()})
2023-11-29 22:29:04,080 [main] INFO  base.BaseClass - Found Element By {by.toString()}
2023-11-29 22:29:04,616 [main] INFO  base.BaseClass - Trying to find Element By {by.toString()})
2023-11-29 22:29:04,641 [main] INFO  base.BaseClass - Found Element By {by.toString()}
2023-11-29 22:29:05,177 [main] INFO  base.BaseClass - Trying to find Element By {by.toString()})
2023-11-29 22:29:05,202 [main] INFO  base.BaseClass - Found Element By {by.toString()}
2023-11-29 22:29:05,735 [main] INFO  base.BaseClass - Trying to find Element By {by.toString()})
2023-11-29 22:29:05,761 [main] INFO  base.BaseClass - Found Element By {by.toString()}
2023-11-29 22:29:06,299 [main] INFO  base.BaseClass - Trying to find Element By {by.toString()})
2023-11-29 22:29:06,324 [main] INFO  base.BaseClass - Found Element By {by.toString()}
2023-11-29 22:29:06,858 [main] INFO  base.BaseClass - Trying to find Element By {by.toString()})
2023-11-29 22:29:06,884 [main] INFO  base.BaseClass - Found Element By {by.toString()}
2023-11-29 22:29:07,428 [main] INFO  base.BaseClass - Trying to find Element By {by.toString()})
2023-11-29 22:29:07,457 [main] INFO  base.BaseClass - Found Element By {by.toString()}
2023-11-29 22:29:07,992 [main] INFO  base.BaseClass - Trying to find Element By {by.toString()})
2023-11-29 22:29:08,016 [main] INFO  base.BaseClass - Found Element By {by.toString()}
2023-11-29 22:29:08,552 [main] INFO  base.BaseClass - Trying to find Element By {by.toString()})
2023-11-29 22:29:08,577 [main] INFO  base.BaseClass - Found Element By {by.toString()}
2023-11-29 22:29:09,114 [main] INFO  base.BaseClass - Trying to find Element By {by.toString()})
2023-11-29 22:29:09,139 [main] INFO  base.BaseClass - Found Element By {by.toString()}
2023-11-29 22:29:09,674 [main] INFO  base.BaseClass - Trying to find Element By {by.toString()})
2023-11-29 22:29:09,699 [main] INFO  base.BaseClass - Found Element By {by.toString()}
2023-11-29 22:29:10,237 [main] INFO  base.BaseClass - Trying to find Element By {by.toString()})
2023-11-29 22:29:10,263 [main] INFO  base.BaseClass - Found Element By {by.toString()}
2023-11-29 22:29:10,796 [main] INFO  base.BaseClass - Trying to find Element By {by.toString()})
2023-11-29 22:29:10,821 [main] INFO  base.BaseClass - Found Element By {by.toString()}
2023-11-29 22:29:11,356 [main] INFO  base.BaseClass - Trying to find Element By {by.toString()})
2023-11-29 22:29:11,379 [main] INFO  base.BaseClass - Found Element By {by.toString()}
2023-11-29 22:29:11,911 [main] INFO  base.BaseClass - Trying to find Element By {by.toString()})
2023-11-29 22:29:11,937 [main] INFO  base.BaseClass - Found Element By {by.toString()}
2023-11-29 22:29:12,471 [main] INFO  base.BaseClass - Trying to find Element By {by.toString()})
2023-11-29 22:29:12,496 [main] INFO  base.BaseClass - Found Element By {by.toString()}
2023-11-29 22:29:13,036 [main] INFO  base.BaseClass - Trying to find Element By {by.toString()})
2023-11-29 22:29:13,061 [main] INFO  base.BaseClass - Found Element By {by.toString()}
2023-11-29 22:29:13,597 [main] INFO  base.BaseClass - Trying to find Element By {by.toString()})
2023-11-29 22:29:13,621 [main] INFO  base.BaseClass - Found Element By {by.toString()}
2023-11-29 22:29:14,155 [main] INFO  base.BaseClass - Trying to find Element By {by.toString()})
2023-11-29 22:29:14,182 [main] INFO  base.BaseClass - Found Element By {by.toString()}
2023-11-29 22:29:14,717 [main] INFO  base.BaseClass - Trying to find Element By {by.toString()})
2023-11-29 22:29:14,743 [main] INFO  base.BaseClass - Found Element By {by.toString()}
2023-11-29 22:29:15,282 [main] INFO  base.BaseClass - Trying to find Element By {by.toString()})
2023-11-29 22:29:15,308 [main] INFO  base.BaseClass - Found Element By {by.toString()}
2023-11-29 22:29:15,858 [main] INFO  base.BaseClass - Trying to find Element By {by.toString()})
2023-11-29 22:29:15,883 [main] INFO  base.BaseClass - Found Element By {by.toString()}
2023-11-29 22:29:16,419 [main] INFO  base.BaseClass - Trying to find Element By {by.toString()})
2023-11-29 22:29:16,445 [main] INFO  base.BaseClass - Found Element By {by.toString()}
2023-11-29 22:29:16,980 [main] INFO  base.BaseClass - Trying to find Element By {by.toString()})
2023-11-29 22:29:17,005 [main] INFO  base.BaseClass - Found Element By {by.toString()}
2023-11-29 22:29:17,540 [main] INFO  base.BaseClass - Trying to find Element By {by.toString()})
2023-11-29 22:29:17,565 [main] INFO  base.BaseClass - Found Element By {by.toString()}
2023-11-29 22:29:18,114 [main] INFO  base.BaseClass - Trying to find Element By {by.toString()})
2023-11-29 22:29:18,143 [main] INFO  base.BaseClass - Found Element By {by.toString()}
2023-11-29 22:29:18,677 [main] INFO  base.BaseClass - Trying to find Element By {by.toString()})
2023-11-29 22:29:18,703 [main] INFO  base.BaseClass - Found Element By {by.toString()}
2023-11-29 22:29:19,238 [main] INFO  base.BaseClass - Trying to find Element By {by.toString()})
2023-11-29 22:29:19,264 [main] INFO  base.BaseClass - Found Element By {by.toString()}
2023-11-29 22:29:19,799 [main] INFO  base.BaseClass - Trying to find Element By {by.toString()})
2023-11-29 22:29:19,823 [main] INFO  base.BaseClass - Found Element By {by.toString()}
2023-11-29 22:29:20,359 [main] INFO  base.BaseClass - Trying to find Element By {by.toString()})
2023-11-29 22:29:20,385 [main] INFO  base.BaseClass - Found Element By {by.toString()}
2023-11-29 22:29:20,932 [main] INFO  base.BaseClass - Trying to find Element By {by.toString()})
2023-11-29 22:29:20,957 [main] INFO  base.BaseClass - Found Element By {by.toString()}
2023-11-29 22:29:21,497 [main] INFO  base.BaseClass - Trying to find Element By {by.toString()})
2023-11-29 22:29:21,521 [main] INFO  base.BaseClass - Found Element By {by.toString()}
2023-11-29 22:29:22,059 [main] INFO  base.BaseClass - Trying to find Element By {by.toString()})
2023-11-29 22:29:22,085 [main] INFO  base.BaseClass - Found Element By {by.toString()}
2023-11-29 22:29:22,621 [main] INFO  base.BaseClass - Trying to find Element By {by.toString()})
2023-11-29 22:29:22,645 [main] INFO  base.BaseClass - Found Element By {by.toString()}
2023-11-29 22:29:23,182 [main] INFO  base.BaseClass - Trying to find Element By {by.toString()})
2023-11-29 22:29:23,206 [main] INFO  base.BaseClass - Found Element By {by.toString()}
2023-11-29 22:29:23,745 [main] INFO  base.BaseClass - Trying to find Element By {by.toString()})
2023-11-29 22:29:23,768 [main] INFO  base.BaseClass - Found Element By {by.toString()}
2023-11-29 22:29:24,302 [main] INFO  base.BaseClass - Trying to find Element By {by.toString()})
2023-11-29 22:29:24,328 [main] INFO  base.BaseClass - Found Element By {by.toString()}
2023-11-29 22:29:24,870 [main] INFO  base.BaseClass - Trying to find Element By {by.toString()})
2023-11-29 22:29:24,895 [main] INFO  base.BaseClass - Found Element By {by.toString()}
2023-11-29 22:29:25,430 [main] INFO  base.BaseClass - Trying to find Element By {by.toString()})
2023-11-29 22:29:25,480 [main] INFO  base.BaseClass - Found Element By {by.toString()}
2023-11-29 22:29:26,009 [main] INFO  base.BaseClass - Trying to find Element By {by.toString()})
2023-11-29 22:29:26,035 [main] INFO  base.BaseClass - Found Element By {by.toString()}
2023-11-29 22:29:26,577 [main] INFO  base.BaseClass - Trying to find Element By {by.toString()})
2023-11-29 22:29:26,603 [main] INFO  base.BaseClass - Found Element By {by.toString()}
2023-11-29 22:29:27,142 [main] INFO  base.BaseClass - Trying to find Element By {by.toString()})
2023-11-29 22:29:27,167 [main] INFO  base.BaseClass - Found Element By {by.toString()}
2023-11-29 22:29:27,702 [main] INFO  base.BaseClass - Trying to find Element By {by.toString()})
2023-11-29 22:29:27,727 [main] INFO  base.BaseClass - Found Element By {by.toString()}
2023-11-29 22:29:28,262 [main] INFO  base.BaseClass - Trying to find Element By {by.toString()})
2023-11-29 22:29:28,287 [main] INFO  base.BaseClass - Found Element By {by.toString()}
2023-11-29 22:29:28,825 [main] INFO  base.BaseClass - Trying to find Element By {by.toString()})
2023-11-29 22:29:28,851 [main] INFO  base.BaseClass - Found Element By {by.toString()}
2023-11-29 22:29:29,391 [main] INFO  base.BaseClass - Trying to find Element By {by.toString()})
2023-11-29 22:29:29,427 [main] INFO  base.BaseClass - Found Element By {by.toString()}
TimeoutException occurred: Expected condition failed: waiting for helper.WaitUtility$5@469b66fc (tried for 30 second(s) with 500 milliseconds interval)
Build info: version: '3.141.59', revision: 'e82be7d358', time: '2018-11-14T08:17:03'
System info: host: 'DPLAP166', ip: '137.237.3.153', os.name: 'Windows 10', os.arch: 'amd64', os.version: '10.0', java.version: '19.0.1'
Driver info: org.openqa.selenium.support.events.EventFiringWebDriver
Capabilities {acceptInsecureCerts: true, browserName: chrome, browserVersion: 119.0.6045.200, chrome: {chromedriverVersion: 119.0.6045.105 (38c72552c5e..., userDataDir: C:\Users\dP-PL\AppData\Loca...}, fedcm:accounts: true, goog:chromeOptions: {debuggerAddress: localhost:57538}, javascriptEnabled: true, networkConnectionEnabled: false, pageLoadStrategy: normal, platform: WINDOWS, platformName: WINDOWS, proxy: Proxy(), setWindowRect: true, strictFileInteractability: false, timeouts: {implicit: 0, pageLoad: 300000, script: 30000}, unhandledPromptBehavior: dismiss and notify, webauthn:extension:credBlob: true, webauthn:extension:largeBlob: true, webauthn:extension:minPinLength: true, webauthn:extension:prf: true, webauthn:virtualAuthenticators: true}
Session ID: 0cc78da5edf274ff0f7b77b67cfc9bd7
2023-11-29 22:29:29,454 [main] ERROR XGLT_15177_Test - Element did not become visible within the specified time: Expected condition failed: waiting for helper.WaitUtility$5@469b66fc (tried for 30 second(s) with 500 milliseconds interval)
Build info: version: '3.141.59', revision: 'e82be7d358', time: '2018-11-14T08:17:03'
System info: host: 'DPLAP166', ip: '137.237.3.153', os.name: 'Windows 10', os.arch: 'amd64', os.version: '10.0', java.version: '19.0.1'
Driver info: org.openqa.selenium.support.events.EventFiringWebDriver
Capabilities {acceptInsecureCerts: true, browserName: chrome, browserVersion: 119.0.6045.200, chrome: {chromedriverVersion: 119.0.6045.105 (38c72552c5e..., userDataDir: C:\Users\dP-PL\AppData\Loca...}, fedcm:accounts: true, goog:chromeOptions: {debuggerAddress: localhost:57538}, javascriptEnabled: true, networkConnectionEnabled: false, pageLoadStrategy: normal, platform: WINDOWS, platformName: WINDOWS, proxy: Proxy(), setWindowRect: true, strictFileInteractability: false, timeouts: {implicit: 0, pageLoad: 300000, script: 30000}, unhandledPromptBehavior: dismiss and notify, webauthn:extension:credBlob: true, webauthn:extension:largeBlob: true, webauthn:extension:minPinLength: true, webauthn:extension:prf: true, webauthn:virtualAuthenticators: true}
Session ID: 0cc78da5edf274ff0f7b77b67cfc9bd7
2023-11-29 22:29:29,454 [main] INFO  base.BaseClass - Trying to find Element By {by.toString()})
2023-11-29 22:29:29,467 [main] INFO  base.BaseClass - Found Element By {by.toString()}
2023-11-29 22:29:29,467 [main] INFO  base.BaseClass - Trying to click on: {element.toString()}
2023-11-29 22:29:29,604 [main] INFO  base.BaseClass - Clicked on: {element.toString()}
2023-11-29 22:29:29,604 [main] INFO  base.BaseClass - Trying to find Element By {by.toString()})
2023-11-29 22:29:29,619 [main] INFO  base.BaseClass - Found Element By {by.toString()}
2023-11-29 22:29:30,135 [main] INFO  base.BaseClass - Trying to find Element By {by.toString()})
2023-11-29 22:29:30,160 [main] INFO  base.BaseClass - Found Element By {by.toString()}
2023-11-29 22:29:30,698 [main] INFO  base.BaseClass - Trying to find Element By {by.toString()})
2023-11-29 22:29:30,726 [main] INFO  base.BaseClass - Found Element By {by.toString()}
2023-11-29 22:29:31,265 [main] INFO  base.BaseClass - Trying to find Element By {by.toString()})
2023-11-29 22:29:31,289 [main] INFO  base.BaseClass - Found Element By {by.toString()}
2023-11-29 22:29:31,828 [main] INFO  base.BaseClass - Trying to find Element By {by.toString()})
2023-11-29 22:29:31,853 [main] INFO  base.BaseClass - Found Element By {by.toString()}
2023-11-29 22:29:32,391 [main] INFO  base.BaseClass - Trying to find Element By {by.toString()})
2023-11-29 22:29:32,415 [main] INFO  base.BaseClass - Found Element By {by.toString()}
2023-11-29 22:29:32,954 [main] INFO  base.BaseClass - Trying to find Element By {by.toString()})
2023-11-29 22:29:32,980 [main] INFO  base.BaseClass - Found Element By {by.toString()}
2023-11-29 22:29:33,523 [main] INFO  base.BaseClass - Trying to find Element By {by.toString()})
2023-11-29 22:29:33,553 [main] INFO  base.BaseClass - Found Element By {by.toString()}
2023-11-29 22:29:34,084 [main] INFO  base.BaseClass - Trying to find Element By {by.toString()})
2023-11-29 22:29:34,110 [main] INFO  base.BaseClass - Found Element By {by.toString()}
2023-11-29 22:29:34,649 [main] INFO  base.BaseClass - Trying to find Element By {by.toString()})
2023-11-29 22:29:34,674 [main] INFO  base.BaseClass - Found Element By {by.toString()}
2023-11-29 22:29:35,210 [main] INFO  base.BaseClass - Trying to find Element By {by.toString()})
2023-11-29 22:29:35,234 [main] INFO  base.BaseClass - Found Element By {by.toString()}
2023-11-29 22:29:35,772 [main] INFO  base.BaseClass - Trying to find Element By {by.toString()})
2023-11-29 22:29:35,796 [main] INFO  base.BaseClass - Found Element By {by.toString()}
2023-11-29 22:29:36,336 [main] INFO  base.BaseClass - Trying to find Element By {by.toString()})
2023-11-29 22:29:36,361 [main] INFO  base.BaseClass - Found Element By {by.toString()}
2023-11-29 22:29:36,895 [main] INFO  base.BaseClass - Trying to find Element By {by.toString()})
2023-11-29 22:29:36,920 [main] INFO  base.BaseClass - Found Element By {by.toString()}
2023-11-29 22:29:37,457 [main] INFO  base.BaseClass - Trying to find Element By {by.toString()})
2023-11-29 22:29:37,481 [main] INFO  base.BaseClass - Found Element By {by.toString()}
2023-11-29 22:29:38,014 [main] INFO  base.BaseClass - Trying to find Element By {by.toString()})
2023-11-29 22:29:38,038 [main] INFO  base.BaseClass - Found Element By {by.toString()}
2023-11-29 22:29:38,574 [main] INFO  base.BaseClass - Trying to find Element By {by.toString()})
2023-11-29 22:29:38,601 [main] INFO  base.BaseClass - Found Element By {by.toString()}
2023-11-29 22:29:39,137 [main] INFO  base.BaseClass - Trying to find Element By {by.toString()})
2023-11-29 22:29:39,161 [main] INFO  base.BaseClass - Found Element By {by.toString()}
2023-11-29 22:29:39,698 [main] INFO  base.BaseClass - Trying to find Element By {by.toString()})
2023-11-29 22:29:39,722 [main] INFO  base.BaseClass - Found Element By {by.toString()}
2023-11-29 22:29:40,259 [main] INFO  base.BaseClass - Trying to find Element By {by.toString()})
2023-11-29 22:29:40,283 [main] INFO  base.BaseClass - Found Element By {by.toString()}
2023-11-29 22:29:40,820 [main] INFO  base.BaseClass - Trying to find Element By {by.toString()})
2023-11-29 22:29:40,844 [main] INFO  base.BaseClass - Found Element By {by.toString()}
2023-11-29 22:29:41,384 [main] INFO  base.BaseClass - Trying to find Element By {by.toString()})
2023-11-29 22:29:41,412 [main] INFO  base.BaseClass - Found Element By {by.toString()}
2023-11-29 22:29:41,947 [main] INFO  base.BaseClass - Trying to find Element By {by.toString()})
2023-11-29 22:29:41,970 [main] INFO  base.BaseClass - Found Element By {by.toString()}
2023-11-29 22:29:42,503 [main] INFO  base.BaseClass - Trying to find Element By {by.toString()})
2023-11-29 22:29:42,526 [main] INFO  base.BaseClass - Found Element By {by.toString()}
2023-11-29 22:29:43,062 [main] INFO  base.BaseClass - Trying to find Element By {by.toString()})
2023-11-29 22:29:43,086 [main] INFO  base.BaseClass - Found Element By {by.toString()}
2023-11-29 22:29:43,625 [main] INFO  base.BaseClass - Trying to find Element By {by.toString()})
2023-11-29 22:29:43,649 [main] INFO  base.BaseClass - Found Element By {by.toString()}
2023-11-29 22:29:44,184 [main] INFO  base.BaseClass - Trying to find Element By {by.toString()})
2023-11-29 22:29:44,209 [main] INFO  base.BaseClass - Found Element By {by.toString()}
2023-11-29 22:29:44,744 [main] INFO  base.BaseClass - Trying to find Element By {by.toString()})
2023-11-29 22:29:44,768 [main] INFO  base.BaseClass - Found Element By {by.toString()}
2023-11-29 22:29:45,317 [main] INFO  base.BaseClass - Trying to find Element By {by.toString()})
2023-11-29 22:29:45,342 [main] INFO  base.BaseClass - Found Element By {by.toString()}
2023-11-29 22:29:45,880 [main] INFO  base.BaseClass - Trying to find Element By {by.toString()})
2023-11-29 22:29:45,905 [main] INFO  base.BaseClass - Found Element By {by.toString()}
2023-11-29 22:29:46,441 [main] INFO  base.BaseClass - Trying to find Element By {by.toString()})
2023-11-29 22:29:46,466 [main] INFO  base.BaseClass - Found Element By {by.toString()}
2023-11-29 22:29:47,003 [main] INFO  base.BaseClass - Trying to find Element By {by.toString()})
2023-11-29 22:29:47,027 [main] INFO  base.BaseClass - Found Element By {by.toString()}
2023-11-29 22:29:47,564 [main] INFO  base.BaseClass - Trying to find Element By {by.toString()})
2023-11-29 22:29:47,591 [main] INFO  base.BaseClass - Found Element By {by.toString()}
2023-11-29 22:29:48,135 [main] INFO  base.BaseClass - Trying to find Element By {by.toString()})
2023-11-29 22:29:48,161 [main] INFO  base.BaseClass - Found Element By {by.toString()}
2023-11-29 22:29:48,693 [main] INFO  base.BaseClass - Trying to find Element By {by.toString()})
2023-11-29 22:29:48,721 [main] INFO  base.BaseClass - Found Element By {by.toString()}
2023-11-29 22:29:49,261 [main] INFO  base.BaseClass - Trying to find Element By {by.toString()})
2023-11-29 22:29:49,286 [main] INFO  base.BaseClass - Found Element By {by.toString()}
2023-11-29 22:29:49,825 [main] INFO  base.BaseClass - Trying to find Element By {by.toString()})
2023-11-29 22:29:49,850 [main] INFO  base.BaseClass - Found Element By {by.toString()}
2023-11-29 22:29:50,391 [main] INFO  base.BaseClass - Trying to find Element By {by.toString()})
2023-11-29 22:29:50,416 [main] INFO  base.BaseClass - Found Element By {by.toString()}
2023-11-29 22:29:50,976 [main] INFO  base.BaseClass - Trying to find Element By {by.toString()})
2023-11-29 22:29:51,001 [main] INFO  base.BaseClass - Found Element By {by.toString()}
2023-11-29 22:29:51,538 [main] INFO  base.BaseClass - Trying to find Element By {by.toString()})
2023-11-29 22:29:51,564 [main] INFO  base.BaseClass - Found Element By {by.toString()}
2023-11-29 22:29:52,104 [main] INFO  base.BaseClass - Trying to find Element By {by.toString()})
2023-11-29 22:29:52,128 [main] INFO  base.BaseClass - Found Element By {by.toString()}
2023-11-29 22:29:52,675 [main] INFO  base.BaseClass - Trying to find Element By {by.toString()})
2023-11-29 22:29:52,700 [main] INFO  base.BaseClass - Found Element By {by.toString()}
2023-11-29 22:29:53,240 [main] INFO  base.BaseClass - Trying to find Element By {by.toString()})
2023-11-29 22:29:53,267 [main] INFO  base.BaseClass - Found Element By {by.toString()}
2023-11-29 22:29:53,797 [main] INFO  base.BaseClass - Trying to find Element By {by.toString()})
2023-11-29 22:29:53,823 [main] INFO  base.BaseClass - Found Element By {by.toString()}
2023-11-29 22:29:54,360 [main] INFO  base.BaseClass - Trying to find Element By {by.toString()})
2023-11-29 22:29:54,385 [main] INFO  base.BaseClass - Found Element By {by.toString()}
2023-11-29 22:29:54,922 [main] INFO  base.BaseClass - Trying to find Element By {by.toString()})
2023-11-29 22:29:54,947 [main] INFO  base.BaseClass - Found Element By {by.toString()}
2023-11-29 22:29:55,485 [main] INFO  base.BaseClass - Trying to find Element By {by.toString()})
2023-11-29 22:29:55,510 [main] INFO  base.BaseClass - Found Element By {by.toString()}
2023-11-29 22:29:56,047 [main] INFO  base.BaseClass - Trying to find Element By {by.toString()})
2023-11-29 22:29:56,073 [main] INFO  base.BaseClass - Found Element By {by.toString()}
2023-11-29 22:29:56,617 [main] INFO  base.BaseClass - Trying to find Element By {by.toString()})
2023-11-29 22:29:56,645 [main] INFO  base.BaseClass - Found Element By {by.toString()}
2023-11-29 22:29:57,184 [main] INFO  base.BaseClass - Trying to find Element By {by.toString()})
2023-11-29 22:29:57,201 [main] INFO  base.BaseClass - Found Element By {by.toString()}
2023-11-29 22:29:57,726 [main] INFO  base.BaseClass - Trying to find Element By {by.toString()})
2023-11-29 22:29:57,751 [main] INFO  base.BaseClass - Found Element By {by.toString()}
2023-11-29 22:29:58,286 [main] INFO  base.BaseClass - Trying to find Element By {by.toString()})
2023-11-29 22:29:58,311 [main] INFO  base.BaseClass - Found Element By {by.toString()}
2023-11-29 22:29:58,841 [main] INFO  base.BaseClass - Trying to find Element By {by.toString()})
2023-11-29 22:29:58,865 [main] INFO  base.BaseClass - Found Element By {by.toString()}
2023-11-29 22:29:59,402 [main] INFO  base.BaseClass - Trying to find Element By {by.toString()})
2023-11-29 22:29:59,427 [main] INFO  base.BaseClass - Found Element By {by.toString()}
2023-11-29 22:29:59,962 [main] INFO  base.BaseClass - Trying to find Element By {by.toString()})
2023-11-29 22:29:59,985 [main] INFO  base.BaseClass - Found Element By {by.toString()}
TimeoutException occurred: Expected condition failed: waiting for helper.WaitUtility$5@5df9994a (tried for 30 second(s) with 500 milliseconds interval)
Build info: version: '3.141.59', revision: 'e82be7d358', time: '2018-11-14T08:17:03'
System info: host: 'DPLAP166', ip: '137.237.3.153', os.name: 'Windows 10', os.arch: 'amd64', os.version: '10.0', java.version: '19.0.1'
Driver info: org.openqa.selenium.support.events.EventFiringWebDriver
Capabilities {acceptInsecureCerts: true, browserName: chrome, browserVersion: 119.0.6045.200, chrome: {chromedriverVersion: 119.0.6045.105 (38c72552c5e..., userDataDir: C:\Users\dP-PL\AppData\Loca...}, fedcm:accounts: true, goog:chromeOptions: {debuggerAddress: localhost:57538}, javascriptEnabled: true, networkConnectionEnabled: false, pageLoadStrategy: normal, platform: WINDOWS, platformName: WINDOWS, proxy: Proxy(), setWindowRect: true, strictFileInteractability: false, timeouts: {implicit: 0, pageLoad: 300000, script: 30000}, unhandledPromptBehavior: dismiss and notify, webauthn:extension:credBlob: true, webauthn:extension:largeBlob: true, webauthn:extension:minPinLength: true, webauthn:extension:prf: true, webauthn:virtualAuthenticators: true}
Session ID: 0cc78da5edf274ff0f7b77b67cfc9bd7
2023-11-29 22:30:00,023 [main] ERROR XGLT_15177_Test - Element did not become visible within the specified time: Expected condition failed: waiting for helper.WaitUtility$5@5df9994a (tried for 30 second(s) with 500 milliseconds interval)
Build info: version: '3.141.59', revision: 'e82be7d358', time: '2018-11-14T08:17:03'
System info: host: 'DPLAP166', ip: '137.237.3.153', os.name: 'Windows 10', os.arch: 'amd64', os.version: '10.0', java.version: '19.0.1'
Driver info: org.openqa.selenium.support.events.EventFiringWebDriver
Capabilities {acceptInsecureCerts: true, browserName: chrome, browserVersion: 119.0.6045.200, chrome: {chromedriverVersion: 119.0.6045.105 (38c72552c5e..., userDataDir: C:\Users\dP-PL\AppData\Loca...}, fedcm:accounts: true, goog:chromeOptions: {debuggerAddress: localhost:57538}, javascriptEnabled: true, networkConnectionEnabled: false, pageLoadStrategy: normal, platform: WINDOWS, platformName: WINDOWS, proxy: Proxy(), setWindowRect: true, strictFileInteractability: false, timeouts: {implicit: 0, pageLoad: 300000, script: 30000}, unhandledPromptBehavior: dismiss and notify, webauthn:extension:credBlob: true, webauthn:extension:largeBlob: true, webauthn:extension:minPinLength: true, webauthn:extension:prf: true, webauthn:virtualAuthenticators: true}
Session ID: 0cc78da5edf274ff0f7b77b67cfc9bd7
2023-11-29 22:30:00,023 [main] INFO  base.BaseClass - Trying to find Element By {by.toString()})
2023-11-29 22:30:00,041 [main] INFO  base.BaseClass - Found Element By {by.toString()}
2023-11-29 22:30:00,041 [main] INFO  base.BaseClass - Trying to click on: {element.toString()}
2023-11-29 22:30:00,185 [main] INFO  base.BaseClass - Clicked on: {element.toString()}
2023-11-29 22:30:00,185 [main] INFO  base.BaseClass - Trying to find Element By {by.toString()})
2023-11-29 22:30:00,199 [main] INFO  base.BaseClass - Found Element By {by.toString()}
2023-11-29 22:30:00,213 [main] INFO  base.BaseClass - Trying to find Element By {by.toString()})
2023-11-29 22:30:00,222 [main] INFO  base.BaseClass - Found Element By {by.toString()}
2023-11-29 22:30:00,234 [main] INFO  base.BaseClass - Trying to find Element By {by.toString()})
2023-11-29 22:30:00,245 [main] INFO  base.BaseClass - Found Element By {by.toString()}
2023-11-29 22:30:00,245 [main] INFO  base.BaseClass - Trying to click on: {element.toString()}
2023-11-29 22:30:00,298 [main] INFO  base.BaseClass - Clicked on: {element.toString()}
2023-11-29 22:30:00,298 [main] INFO  base.BaseClass - Trying to find Element By {by.toString()})
2023-11-29 22:30:00,308 [main] INFO  base.BaseClass - Found Element By {by.toString()}
2023-11-29 22:30:00,350 [main] INFO  base.BaseClass - Trying to find Element By {by.toString()})
2023-11-29 22:30:00,362 [main] INFO  base.BaseClass - Found Element By {by.toString()}
2023-11-29 22:30:00,389 [main] INFO  base.BaseClass - Trying to find Element By {by.toString()})
2023-11-29 22:30:00,407 [main] INFO  base.BaseClass - Found Element By {by.toString()}
2023-11-29 22:30:00,422 [main] INFO  base.BaseClass - Trying to find Element By {by.toString()})
2023-11-29 22:30:00,441 [main] INFO  base.BaseClass - Found Element By {by.toString()}
2023-11-29 22:30:00,441 [main] INFO  base.BaseClass - Trying to click on: {element.toString()}
2023-11-29 22:30:00,502 [main] INFO  base.BaseClass - Clicked on: {element.toString()}
2023-11-29 22:30:00,502 [main] INFO  base.BaseClass - Trying to find Element By {by.toString()})
2023-11-29 22:30:00,514 [main] INFO  base.BaseClass - Found Element By {by.toString()}
2023-11-29 22:30:00,565 [main] INFO  base.BaseClass - Trying to find Element By {by.toString()})
2023-11-29 22:30:00,580 [main] INFO  base.BaseClass - Found Element By {by.toString()}
2023-11-29 22:30:01,104 [main] INFO  base.BaseClass - Trying to find Element By {by.toString()})
2023-11-29 22:30:01,131 [main] INFO  base.BaseClass - Found Element By {by.toString()}
2023-11-29 22:30:01,669 [main] INFO  base.BaseClass - Trying to find Element By {by.toString()})
2023-11-29 22:30:01,686 [main] INFO  base.BaseClass - Found Element By {by.toString()}
2023-11-29 22:30:02,220 [main] INFO  base.BaseClass - Trying to find Element By {by.toString()})
2023-11-29 22:30:02,247 [main] INFO  base.BaseClass - Found Element By {by.toString()}
2023-11-29 22:30:02,778 [main] INFO  base.BaseClass - Trying to find Element By {by.toString()})
2023-11-29 22:30:02,804 [main] INFO  base.BaseClass - Found Element By {by.toString()}
2023-11-29 22:30:03,341 [main] INFO  base.BaseClass - Trying to find Element By {by.toString()})
2023-11-29 22:30:03,367 [main] INFO  base.BaseClass - Found Element By {by.toString()}
2023-11-29 22:30:03,905 [main] INFO  base.BaseClass - Trying to find Element By {by.toString()})
2023-11-29 22:30:03,931 [main] INFO  base.BaseClass - Found Element By {by.toString()}
2023-11-29 22:30:04,469 [main] INFO  base.BaseClass - Trying to find Element By {by.toString()})
2023-11-29 22:30:04,493 [main] INFO  base.BaseClass - Found Element By {by.toString()}
2023-11-29 22:30:05,042 [main] INFO  base.BaseClass - Trying to find Element By {by.toString()})
2023-11-29 22:30:05,067 [main] INFO  base.BaseClass - Found Element By {by.toString()}
2023-11-29 22:30:05,596 [main] INFO  base.BaseClass - Trying to find Element By {by.toString()})
2023-11-29 22:30:05,622 [main] INFO  base.BaseClass - Found Element By {by.toString()}
2023-11-29 22:30:06,160 [main] INFO  base.BaseClass - Trying to find Element By {by.toString()})
2023-11-29 22:30:06,185 [main] INFO  base.BaseClass - Found Element By {by.toString()}
2023-11-29 22:30:06,722 [main] INFO  base.BaseClass - Trying to find Element By {by.toString()})
2023-11-29 22:30:06,747 [main] INFO  base.BaseClass - Found Element By {by.toString()}
2023-11-29 22:30:07,270 [main] INFO  base.BaseClass - Trying to find Element By {by.toString()})
2023-11-29 22:30:07,295 [main] INFO  base.BaseClass - Found Element By {by.toString()}
2023-11-29 22:30:07,834 [main] INFO  base.BaseClass - Trying to find Element By {by.toString()})
2023-11-29 22:30:07,858 [main] INFO  base.BaseClass - Found Element By {by.toString()}
2023-11-29 22:30:08,395 [main] INFO  base.BaseClass - Trying to find Element By {by.toString()})
2023-11-29 22:30:08,420 [main] INFO  base.BaseClass - Found Element By {by.toString()}
2023-11-29 22:30:08,962 [main] INFO  base.BaseClass - Trying to find Element By {by.toString()})
2023-11-29 22:30:08,988 [main] INFO  base.BaseClass - Found Element By {by.toString()}
2023-11-29 22:30:09,524 [main] INFO  base.BaseClass - Trying to find Element By {by.toString()})
2023-11-29 22:30:09,548 [main] INFO  base.BaseClass - Found Element By {by.toString()}
2023-11-29 22:30:10,082 [main] INFO  base.BaseClass - Trying to find Element By {by.toString()})
2023-11-29 22:30:10,108 [main] INFO  base.BaseClass - Found Element By {by.toString()}
2023-11-29 22:30:10,646 [main] INFO  base.BaseClass - Trying to find Element By {by.toString()})
2023-11-29 22:30:10,671 [main] INFO  base.BaseClass - Found Element By {by.toString()}
2023-11-29 22:30:11,215 [main] INFO  base.BaseClass - Trying to find Element By {by.toString()})
2023-11-29 22:30:11,240 [main] INFO  base.BaseClass - Found Element By {by.toString()}
2023-11-29 22:30:11,778 [main] INFO  base.BaseClass - Trying to find Element By {by.toString()})
2023-11-29 22:30:11,803 [main] INFO  base.BaseClass - Found Element By {by.toString()}
2023-11-29 22:30:12,341 [main] INFO  base.BaseClass - Trying to find Element By {by.toString()})
2023-11-29 22:30:12,364 [main] INFO  base.BaseClass - Found Element By {by.toString()}
2023-11-29 22:30:12,900 [main] INFO  base.BaseClass - Trying to find Element By {by.toString()})
2023-11-29 22:30:12,925 [main] INFO  base.BaseClass - Found Element By {by.toString()}
2023-11-29 22:30:13,460 [main] INFO  base.BaseClass - Trying to find Element By {by.toString()})
2023-11-29 22:30:13,484 [main] INFO  base.BaseClass - Found Element By {by.toString()}
2023-11-29 22:30:14,024 [main] INFO  base.BaseClass - Trying to find Element By {by.toString()})
2023-11-29 22:30:14,049 [main] INFO  base.BaseClass - Found Element By {by.toString()}
2023-11-29 22:30:14,585 [main] INFO  base.BaseClass - Trying to find Element By {by.toString()})
2023-11-29 22:30:14,638 [main] INFO  base.BaseClass - Found Element By {by.toString()}
2023-11-29 22:30:15,159 [main] INFO  base.BaseClass - Trying to find Element By {by.toString()})
2023-11-29 22:30:15,185 [main] INFO  base.BaseClass - Found Element By {by.toString()}
2023-11-29 22:30:15,717 [main] INFO  base.BaseClass - Trying to find Element By {by.toString()})
2023-11-29 22:30:15,744 [main] INFO  base.BaseClass - Found Element By {by.toString()}
2023-11-29 22:30:16,286 [main] INFO  base.BaseClass - Trying to find Element By {by.toString()})
2023-11-29 22:30:16,311 [main] INFO  base.BaseClass - Found Element By {by.toString()}
2023-11-29 22:30:16,851 [main] INFO  base.BaseClass - Trying to find Element By {by.toString()})
2023-11-29 22:30:16,877 [main] INFO  base.BaseClass - Found Element By {by.toString()}
2023-11-29 22:30:17,412 [main] INFO  base.BaseClass - Trying to find Element By {by.toString()})
2023-11-29 22:30:17,436 [main] INFO  base.BaseClass - Found Element By {by.toString()}
2023-11-29 22:30:17,970 [main] INFO  base.BaseClass - Trying to find Element By {by.toString()})
2023-11-29 22:30:17,995 [main] INFO  base.BaseClass - Found Element By {by.toString()}
2023-11-29 22:30:18,536 [main] INFO  base.BaseClass - Trying to find Element By {by.toString()})
2023-11-29 22:30:18,566 [main] INFO  base.BaseClass - Found Element By {by.toString()}
2023-11-29 22:30:19,114 [main] INFO  base.BaseClass - Trying to find Element By {by.toString()})
2023-11-29 22:30:19,139 [main] INFO  base.BaseClass - Found Element By {by.toString()}
2023-11-29 22:30:19,677 [main] INFO  base.BaseClass - Trying to find Element By {by.toString()})
2023-11-29 22:30:19,702 [main] INFO  base.BaseClass - Found Element By {by.toString()}
2023-11-29 22:30:20,238 [main] INFO  base.BaseClass - Trying to find Element By {by.toString()})
2023-11-29 22:30:20,263 [main] INFO  base.BaseClass - Found Element By {by.toString()}
2023-11-29 22:30:20,801 [main] INFO  base.BaseClass - Trying to find Element By {by.toString()})
2023-11-29 22:30:20,825 [main] INFO  base.BaseClass - Found Element By {by.toString()}
TimeoutException occurred: Expected condition failed: waiting for helper.WaitUtility$4@2c5adb25 (tried for 20 second(s) with 500 milliseconds interval)
Build info: version: '3.141.59', revision: 'e82be7d358', time: '2018-11-14T08:17:03'
System info: host: 'DPLAP166', ip: '137.237.3.153', os.name: 'Windows 10', os.arch: 'amd64', os.version: '10.0', java.version: '19.0.1'
Driver info: org.openqa.selenium.support.events.EventFiringWebDriver
Capabilities {acceptInsecureCerts: true, browserName: chrome, browserVersion: 119.0.6045.200, chrome: {chromedriverVersion: 119.0.6045.105 (38c72552c5e..., userDataDir: C:\Users\dP-PL\AppData\Loca...}, fedcm:accounts: true, goog:chromeOptions: {debuggerAddress: localhost:57538}, javascriptEnabled: true, networkConnectionEnabled: false, pageLoadStrategy: normal, platform: WINDOWS, platformName: WINDOWS, proxy: Proxy(), setWindowRect: true, strictFileInteractability: false, timeouts: {implicit: 0, pageLoad: 300000, script: 30000}, unhandledPromptBehavior: dismiss and notify, webauthn:extension:credBlob: true, webauthn:extension:largeBlob: true, webauthn:extension:minPinLength: true, webauthn:extension:prf: true, webauthn:virtualAuthenticators: true}
Session ID: 0cc78da5edf274ff0f7b77b67cfc9bd7
2023-11-29 22:30:20,861 [main] ERROR XGLT_15177_Test - Element did not become visible within the specified time: Expected condition failed: waiting for helper.WaitUtility$4@2c5adb25 (tried for 20 second(s) with 500 milliseconds interval)
Build info: version: '3.141.59', revision: 'e82be7d358', time: '2018-11-14T08:17:03'
System info: host: 'DPLAP166', ip: '137.237.3.153', os.name: 'Windows 10', os.arch: 'amd64', os.version: '10.0', java.version: '19.0.1'
Driver info: org.openqa.selenium.support.events.EventFiringWebDriver
Capabilities {acceptInsecureCerts: true, browserName: chrome, browserVersion: 119.0.6045.200, chrome: {chromedriverVersion: 119.0.6045.105 (38c72552c5e..., userDataDir: C:\Users\dP-PL\AppData\Loca...}, fedcm:accounts: true, goog:chromeOptions: {debuggerAddress: localhost:57538}, javascriptEnabled: true, networkConnectionEnabled: false, pageLoadStrategy: normal, platform: WINDOWS, platformName: WINDOWS, proxy: Proxy(), setWindowRect: true, strictFileInteractability: false, timeouts: {implicit: 0, pageLoad: 300000, script: 30000}, unhandledPromptBehavior: dismiss and notify, webauthn:extension:credBlob: true, webauthn:extension:largeBlob: true, webauthn:extension:minPinLength: true, webauthn:extension:prf: true, webauthn:virtualAuthenticators: true}
Session ID: 0cc78da5edf274ff0f7b77b67cfc9bd7
2023-11-29 22:30:20,863 [Forwarding actions on session 0cc78da5edf274ff0f7b77b67cfc9bd7 to remote] INFO  base.BaseClass - Trying to find Element By {by.toString()})
2023-11-29 22:30:20,885 [Forwarding actions on session 0cc78da5edf274ff0f7b77b67cfc9bd7 to remote] INFO  base.BaseClass - Found Element By {by.toString()}
2023-11-29 22:30:21,024 [main] INFO  base.BaseClass - Trying to find Element By {by.toString()})
2023-11-29 22:30:21,049 [main] INFO  base.BaseClass - Found Element By {by.toString()}
2023-11-29 22:30:21,588 [main] INFO  base.BaseClass - Trying to find Element By {by.toString()})
2023-11-29 22:30:21,612 [main] INFO  base.BaseClass - Found Element By {by.toString()}
2023-11-29 22:30:22,151 [main] INFO  base.BaseClass - Trying to find Element By {by.toString()})
2023-11-29 22:30:22,176 [main] INFO  base.BaseClass - Found Element By {by.toString()}
2023-11-29 22:30:22,714 [main] INFO  base.BaseClass - Trying to find Element By {by.toString()})
2023-11-29 22:30:22,739 [main] INFO  base.BaseClass - Found Element By {by.toString()}
2023-11-29 22:30:23,274 [main] INFO  base.BaseClass - Trying to find Element By {by.toString()})
2023-11-29 22:30:23,300 [main] INFO  base.BaseClass - Found Element By {by.toString()}
2023-11-29 22:30:23,836 [main] INFO  base.BaseClass - Trying to find Element By {by.toString()})
2023-11-29 22:30:23,860 [main] INFO  base.BaseClass - Found Element By {by.toString()}
2023-11-29 22:30:24,397 [main] INFO  base.BaseClass - Trying to find Element By {by.toString()})
2023-11-29 22:30:24,421 [main] INFO  base.BaseClass - Found Element By {by.toString()}
2023-11-29 22:30:24,975 [main] INFO  base.BaseClass - Trying to find Element By {by.toString()})
2023-11-29 22:30:25,000 [main] INFO  base.BaseClass - Found Element By {by.toString()}
2023-11-29 22:30:25,537 [main] INFO  base.BaseClass - Trying to find Element By {by.toString()})
2023-11-29 22:30:25,565 [main] INFO  base.BaseClass - Found Element By {by.toString()}
2023-11-29 22:30:26,105 [main] INFO  base.BaseClass - Trying to find Element By {by.toString()})
2023-11-29 22:30:26,129 [main] INFO  base.BaseClass - Found Element By {by.toString()}
2023-11-29 22:30:26,666 [main] INFO  base.BaseClass - Trying to find Element By {by.toString()})
2023-11-29 22:30:26,690 [main] INFO  base.BaseClass - Found Element By {by.toString()}
2023-11-29 22:30:27,225 [main] INFO  base.BaseClass - Trying to find Element By {by.toString()})
2023-11-29 22:30:27,250 [main] INFO  base.BaseClass - Found Element By {by.toString()}
2023-11-29 22:30:27,785 [main] INFO  base.BaseClass - Trying to find Element By {by.toString()})
2023-11-29 22:30:27,810 [main] INFO  base.BaseClass - Found Element By {by.toString()}
2023-11-29 22:30:28,356 [main] INFO  base.BaseClass - Trying to find Element By {by.toString()})
2023-11-29 22:30:28,380 [main] INFO  base.BaseClass - Found Element By {by.toString()}
2023-11-29 22:30:28,915 [main] INFO  base.BaseClass - Trying to find Element By {by.toString()})
2023-11-29 22:30:29,814 [main] INFO  base.BaseClass - Found Element By {by.toString()}
2023-11-29 22:30:30,353 [main] INFO  base.BaseClass - Trying to find Element By {by.toString()})
2023-11-29 22:30:30,379 [main] INFO  base.BaseClass - Found Element By {by.toString()}
2023-11-29 22:30:30,917 [main] INFO  base.BaseClass - Trying to find Element By {by.toString()})
2023-11-29 22:30:30,943 [main] INFO  base.BaseClass - Found Element By {by.toString()}
2023-11-29 22:30:31,483 [main] INFO  base.BaseClass - Trying to find Element By {by.toString()})
2023-11-29 22:30:31,509 [main] INFO  base.BaseClass - Found Element By {by.toString()}
2023-11-29 22:30:32,047 [main] INFO  base.BaseClass - Trying to find Element By {by.toString()})
2023-11-29 22:30:32,071 [main] INFO  base.BaseClass - Found Element By {by.toString()}
2023-11-29 22:30:32,620 [main] INFO  base.BaseClass - Trying to find Element By {by.toString()})
2023-11-29 22:30:32,646 [main] INFO  base.BaseClass - Found Element By {by.toString()}
2023-11-29 22:30:33,185 [main] INFO  base.BaseClass - Trying to find Element By {by.toString()})
2023-11-29 22:30:33,210 [main] INFO  base.BaseClass - Found Element By {by.toString()}
2023-11-29 22:30:33,749 [main] INFO  base.BaseClass - Trying to find Element By {by.toString()})
2023-11-29 22:30:33,772 [main] INFO  base.BaseClass - Found Element By {by.toString()}
2023-11-29 22:30:34,308 [main] INFO  base.BaseClass - Trying to find Element By {by.toString()})
2023-11-29 22:30:34,333 [main] INFO  base.BaseClass - Found Element By {by.toString()}
2023-11-29 22:30:34,870 [main] INFO  base.BaseClass - Trying to find Element By {by.toString()})
2023-11-29 22:30:34,895 [main] INFO  base.BaseClass - Found Element By {by.toString()}
2023-11-29 22:30:35,442 [main] INFO  base.BaseClass - Trying to find Element By {by.toString()})
2023-11-29 22:30:35,469 [main] INFO  base.BaseClass - Found Element By {by.toString()}
2023-11-29 22:30:36,007 [main] INFO  base.BaseClass - Trying to find Element By {by.toString()})
2023-11-29 22:30:36,032 [main] INFO  base.BaseClass - Found Element By {by.toString()}
2023-11-29 22:30:36,574 [main] INFO  base.BaseClass - Trying to find Element By {by.toString()})
2023-11-29 22:30:36,598 [main] INFO  base.BaseClass - Found Element By {by.toString()}
2023-11-29 22:30:37,135 [main] INFO  base.BaseClass - Trying to find Element By {by.toString()})
2023-11-29 22:30:37,160 [main] INFO  base.BaseClass - Found Element By {by.toString()}
2023-11-29 22:30:37,707 [main] INFO  base.BaseClass - Trying to find Element By {by.toString()})
2023-11-29 22:30:37,731 [main] INFO  base.BaseClass - Found Element By {by.toString()}
2023-11-29 22:30:38,270 [main] INFO  base.BaseClass - Trying to find Element By {by.toString()})
2023-11-29 22:30:38,295 [main] INFO  base.BaseClass - Found Element By {by.toString()}
2023-11-29 22:30:38,830 [main] INFO  base.BaseClass - Trying to find Element By {by.toString()})
2023-11-29 22:30:38,858 [main] INFO  base.BaseClass - Found Element By {by.toString()}
2023-11-29 22:30:39,398 [main] INFO  base.BaseClass - Trying to find Element By {by.toString()})
2023-11-29 22:30:39,425 [main] INFO  base.BaseClass - Found Element By {by.toString()}
2023-11-29 22:30:39,963 [main] INFO  base.BaseClass - Trying to find Element By {by.toString()})
2023-11-29 22:30:39,990 [main] INFO  base.BaseClass - Found Element By {by.toString()}
2023-11-29 22:30:40,530 [main] INFO  base.BaseClass - Trying to find Element By {by.toString()})
2023-11-29 22:30:40,556 [main] INFO  base.BaseClass - Found Element By {by.toString()}
2023-11-29 22:30:41,091 [main] INFO  base.BaseClass - Trying to find Element By {by.toString()})
2023-11-29 22:30:41,117 [main] INFO  base.BaseClass - Found Element By {by.toString()}
2023-11-29 22:30:41,656 [main] INFO  base.BaseClass - Trying to find Element By {by.toString()})
2023-11-29 22:30:41,681 [main] INFO  base.BaseClass - Found Element By {by.toString()}
2023-11-29 22:30:42,217 [main] INFO  base.BaseClass - Trying to find Element By {by.toString()})
2023-11-29 22:30:42,243 [main] INFO  base.BaseClass - Found Element By {by.toString()}
2023-11-29 22:30:42,780 [main] INFO  base.BaseClass - Trying to find Element By {by.toString()})
2023-11-29 22:30:42,803 [main] INFO  base.BaseClass - Found Element By {by.toString()}
2023-11-29 22:30:43,336 [main] INFO  base.BaseClass - Trying to find Element By {by.toString()})
2023-11-29 22:30:43,360 [main] INFO  base.BaseClass - Found Element By {by.toString()}
2023-11-29 22:30:43,896 [main] INFO  base.BaseClass - Trying to find Element By {by.toString()})
2023-11-29 22:30:43,920 [main] INFO  base.BaseClass - Found Element By {by.toString()}
2023-11-29 22:30:44,465 [main] INFO  base.BaseClass - Trying to find Element By {by.toString()})
2023-11-29 22:30:44,489 [main] INFO  base.BaseClass - Found Element By {by.toString()}
2023-11-29 22:30:45,023 [main] INFO  base.BaseClass - Trying to find Element By {by.toString()})
2023-11-29 22:30:45,908 [main] INFO  base.BaseClass - Found Element By {by.toString()}
2023-11-29 22:30:46,448 [main] INFO  base.BaseClass - Trying to find Element By {by.toString()})
2023-11-29 22:30:46,476 [main] INFO  base.BaseClass - Found Element By {by.toString()}
2023-11-29 22:30:47,016 [main] INFO  base.BaseClass - Trying to find Element By {by.toString()})
2023-11-29 22:30:47,041 [main] INFO  base.BaseClass - Found Element By {by.toString()}
2023-11-29 22:30:47,580 [main] INFO  base.BaseClass - Trying to find Element By {by.toString()})
2023-11-29 22:30:47,605 [main] INFO  base.BaseClass - Found Element By {by.toString()}
2023-11-29 22:30:48,144 [main] INFO  base.BaseClass - Trying to find Element By {by.toString()})
2023-11-29 22:30:48,169 [main] INFO  base.BaseClass - Found Element By {by.toString()}
2023-11-29 22:30:48,704 [main] INFO  base.BaseClass - Trying to find Element By {by.toString()})
2023-11-29 22:30:48,731 [main] INFO  base.BaseClass - Found Element By {by.toString()}
2023-11-29 22:30:49,267 [main] INFO  base.BaseClass - Trying to find Element By {by.toString()})
2023-11-29 22:30:49,292 [main] INFO  base.BaseClass - Found Element By {by.toString()}
2023-11-29 22:30:49,828 [main] INFO  base.BaseClass - Trying to find Element By {by.toString()})
2023-11-29 22:30:49,852 [main] INFO  base.BaseClass - Found Element By {by.toString()}
2023-11-29 22:30:50,399 [main] INFO  base.BaseClass - Trying to find Element By {by.toString()})
2023-11-29 22:30:50,424 [main] INFO  base.BaseClass - Found Element By {by.toString()}
2023-11-29 22:30:50,959 [main] INFO  base.BaseClass - Trying to find Element By {by.toString()})
2023-11-29 22:30:50,984 [main] INFO  base.BaseClass - Found Element By {by.toString()}
2023-11-29 22:30:51,521 [main] INFO  base.BaseClass - Trying to find Element By {by.toString()})
2023-11-29 22:30:51,545 [main] INFO  base.BaseClass - Found Element By {by.toString()}
TimeoutException occurred: Expected condition failed: waiting for helper.WaitUtility$5@17dde750 (tried for 30 second(s) with 500 milliseconds interval)
Build info: version: '3.141.59', revision: 'e82be7d358', time: '2018-11-14T08:17:03'
System info: host: 'DPLAP166', ip: '137.237.3.153', os.name: 'Windows 10', os.arch: 'amd64', os.version: '10.0', java.version: '19.0.1'
Driver info: org.openqa.selenium.support.events.EventFiringWebDriver
Capabilities {acceptInsecureCerts: true, browserName: chrome, browserVersion: 119.0.6045.200, chrome: {chromedriverVersion: 119.0.6045.105 (38c72552c5e..., userDataDir: C:\Users\dP-PL\AppData\Loca...}, fedcm:accounts: true, goog:chromeOptions: {debuggerAddress: localhost:57538}, javascriptEnabled: true, networkConnectionEnabled: false, pageLoadStrategy: normal, platform: WINDOWS, platformName: WINDOWS, proxy: Proxy(), setWindowRect: true, strictFileInteractability: false, timeouts: {implicit: 0, pageLoad: 300000, script: 30000}, unhandledPromptBehavior: dismiss and notify, webauthn:extension:credBlob: true, webauthn:extension:largeBlob: true, webauthn:extension:minPinLength: true, webauthn:extension:prf: true, webauthn:virtualAuthenticators: true}
Session ID: 0cc78da5edf274ff0f7b77b67cfc9bd7
2023-11-29 22:30:51,581 [main] ERROR XGLT_15177_Test - Element did not become visible within the specified time: Expected condition failed: waiting for helper.WaitUtility$5@17dde750 (tried for 30 second(s) with 500 milliseconds interval)
Build info: version: '3.141.59', revision: 'e82be7d358', time: '2018-11-14T08:17:03'
System info: host: 'DPLAP166', ip: '137.237.3.153', os.name: 'Windows 10', os.arch: 'amd64', os.version: '10.0', java.version: '19.0.1'
Driver info: org.openqa.selenium.support.events.EventFiringWebDriver
Capabilities {acceptInsecureCerts: true, browserName: chrome, browserVersion: 119.0.6045.200, chrome: {chromedriverVersion: 119.0.6045.105 (38c72552c5e..., userDataDir: C:\Users\dP-PL\AppData\Loca...}, fedcm:accounts: true, goog:chromeOptions: {debuggerAddress: localhost:57538}, javascriptEnabled: true, networkConnectionEnabled: false, pageLoadStrategy: normal, platform: WINDOWS, platformName: WINDOWS, proxy: Proxy(), setWindowRect: true, strictFileInteractability: false, timeouts: {implicit: 0, pageLoad: 300000, script: 30000}, unhandledPromptBehavior: dismiss and notify, webauthn:extension:credBlob: true, webauthn:extension:largeBlob: true, webauthn:extension:minPinLength: true, webauthn:extension:prf: true, webauthn:virtualAuthenticators: true}
Session ID: 0cc78da5edf274ff0f7b77b67cfc9bd7
2023-11-29 22:30:51,581 [main] INFO  base.BaseClass - Trying to find Element By {by.toString()})
2023-11-29 22:30:51,602 [main] INFO  base.BaseClass - Found Element By {by.toString()}
2023-11-29 22:30:51,602 [main] INFO  base.BaseClass - Trying to click on: {element.toString()}
2023-11-29 22:30:51,727 [main] INFO  base.BaseClass - Clicked on: {element.toString()}
2023-11-29 22:30:51,727 [main] INFO  base.BaseClass - Trying to find Element By {by.toString()})
2023-11-29 22:30:51,750 [main] INFO  base.BaseClass - Found Element By {by.toString()}
TimeoutException occurred: Expected condition failed: waiting for helper.WaitUtility$5@4281b50d (tried for 30 second(s) with 500 milliseconds interval)
Build info: version: '3.141.59', revision: 'e82be7d358', time: '2018-11-14T08:17:03'
System info: host: 'DPLAP166', ip: '137.237.3.153', os.name: 'Windows 10', os.arch: 'amd64', os.version: '10.0', java.version: '19.0.1'
Driver info: org.openqa.selenium.support.events.EventFiringWebDriver
Capabilities {acceptInsecureCerts: true, browserName: chrome, browserVersion: 119.0.6045.200, chrome: {chromedriverVersion: 119.0.6045.105 (38c72552c5e..., userDataDir: C:\Users\dP-PL\AppData\Loca...}, fedcm:accounts: true, goog:chromeOptions: {debuggerAddress: localhost:57538}, javascriptEnabled: true, networkConnectionEnabled: false, pageLoadStrategy: normal, platform: WINDOWS, platformName: WINDOWS, proxy: Proxy(), setWindowRect: true, strictFileInteractability: false, timeouts: {implicit: 0, pageLoad: 300000, script: 30000}, unhandledPromptBehavior: dismiss and notify, webauthn:extension:credBlob: true, webauthn:extension:largeBlob: true, webauthn:extension:minPinLength: true, webauthn:extension:prf: true, webauthn:virtualAuthenticators: true}
Session ID: 0cc78da5edf274ff0f7b77b67cfc9bd7
2023-11-29 22:31:21,906 [main] ERROR XGLT_15177_Test - Element did not become visible within the specified time: Expected condition failed: waiting for helper.WaitUtility$5@4281b50d (tried for 30 second(s) with 500 milliseconds interval)
Build info: version: '3.141.59', revision: 'e82be7d358', time: '2018-11-14T08:17:03'
System info: host: 'DPLAP166', ip: '137.237.3.153', os.name: 'Windows 10', os.arch: 'amd64', os.version: '10.0', java.version: '19.0.1'
Driver info: org.openqa.selenium.support.events.EventFiringWebDriver
Capabilities {acceptInsecureCerts: true, browserName: chrome, browserVersion: 119.0.6045.200, chrome: {chromedriverVersion: 119.0.6045.105 (38c72552c5e..., userDataDir: C:\Users\dP-PL\AppData\Loca...}, fedcm:accounts: true, goog:chromeOptions: {debuggerAddress: localhost:57538}, javascriptEnabled: true, networkConnectionEnabled: false, pageLoadStrategy: normal, platform: WINDOWS, platformName: WINDOWS, proxy: Proxy(), setWindowRect: true, strictFileInteractability: false, timeouts: {implicit: 0, pageLoad: 300000, script: 30000}, unhandledPromptBehavior: dismiss and notify, webauthn:extension:credBlob: true, webauthn:extension:largeBlob: true, webauthn:extension:minPinLength: true, webauthn:extension:prf: true, webauthn:virtualAuthenticators: true}
Session ID: 0cc78da5edf274ff0f7b77b67cfc9bd7
2023-11-29 22:31:21,906 [main] INFO  base.BaseClass - Trying to click on: {element.toString()}
2023-11-29 22:31:22,041 [main] INFO  base.BaseClass - Clicked on: {element.toString()}
2023-11-29 22:31:22,041 [main] INFO  base.BaseClass - Trying to find Element By {by.toString()})
2023-11-29 22:31:22,054 [main] INFO  base.BaseClass - Found Element By {by.toString()}
2023-11-29 22:31:22,576 [main] INFO  base.BaseClass - Trying to find Element By {by.toString()})
2023-11-29 22:31:22,601 [main] INFO  base.BaseClass - Found Element By {by.toString()}
2023-11-29 22:31:23,141 [main] INFO  base.BaseClass - Trying to find Element By {by.toString()})
2023-11-29 22:31:23,167 [main] INFO  base.BaseClass - Found Element By {by.toString()}
2023-11-29 22:31:23,704 [main] INFO  base.BaseClass - Trying to find Element By {by.toString()})
2023-11-29 22:31:23,729 [main] INFO  base.BaseClass - Found Element By {by.toString()}
2023-11-29 22:31:24,270 [main] INFO  base.BaseClass - Trying to find Element By {by.toString()})
2023-11-29 22:31:24,298 [main] INFO  base.BaseClass - Found Element By {by.toString()}
2023-11-29 22:31:24,837 [main] INFO  base.BaseClass - Trying to find Element By {by.toString()})
2023-11-29 22:31:24,862 [main] INFO  base.BaseClass - Found Element By {by.toString()}
2023-11-29 22:31:25,402 [main] INFO  base.BaseClass - Trying to find Element By {by.toString()})
2023-11-29 22:31:25,426 [main] INFO  base.BaseClass - Found Element By {by.toString()}
2023-11-29 22:31:25,961 [main] INFO  base.BaseClass - Trying to find Element By {by.toString()})
2023-11-29 22:31:25,986 [main] INFO  base.BaseClass - Found Element By {by.toString()}
2023-11-29 22:31:26,521 [main] INFO  base.BaseClass - Trying to find Element By {by.toString()})
2023-11-29 22:31:26,545 [main] INFO  base.BaseClass - Found Element By {by.toString()}
2023-11-29 22:31:27,083 [main] INFO  base.BaseClass - Trying to find Element By {by.toString()})
2023-11-29 22:31:27,106 [main] INFO  base.BaseClass - Found Element By {by.toString()}
2023-11-29 22:31:27,639 [main] INFO  base.BaseClass - Trying to find Element By {by.toString()})
2023-11-29 22:31:27,664 [main] INFO  base.BaseClass - Found Element By {by.toString()}
2023-11-29 22:31:28,206 [main] INFO  base.BaseClass - Trying to find Element By {by.toString()})
2023-11-29 22:31:28,230 [main] INFO  base.BaseClass - Found Element By {by.toString()}
2023-11-29 22:31:28,770 [main] INFO  base.BaseClass - Trying to find Element By {by.toString()})
2023-11-29 22:31:28,794 [main] INFO  base.BaseClass - Found Element By {by.toString()}
2023-11-29 22:31:29,328 [main] INFO  base.BaseClass - Trying to find Element By {by.toString()})
2023-11-29 22:31:29,356 [main] INFO  base.BaseClass - Found Element By {by.toString()}
2023-11-29 22:31:29,892 [main] INFO  base.BaseClass - Trying to find Element By {by.toString()})
2023-11-29 22:31:29,915 [main] INFO  base.BaseClass - Found Element By {by.toString()}
2023-11-29 22:31:30,451 [main] INFO  base.BaseClass - Trying to find Element By {by.toString()})
2023-11-29 22:31:30,476 [main] INFO  base.BaseClass - Found Element By {by.toString()}
2023-11-29 22:31:31,011 [main] INFO  base.BaseClass - Trying to find Element By {by.toString()})
2023-11-29 22:31:31,035 [main] INFO  base.BaseClass - Found Element By {by.toString()}
2023-11-29 22:31:31,569 [main] INFO  base.BaseClass - Trying to find Element By {by.toString()})
2023-11-29 22:31:31,581 [main] INFO  base.BaseClass - Found Element By {by.toString()}
2023-11-29 22:31:32,109 [main] INFO  base.BaseClass - Trying to find Element By {by.toString()})
2023-11-29 22:31:32,131 [main] INFO  base.BaseClass - Found Element By {by.toString()}
2023-11-29 22:31:32,665 [main] INFO  base.BaseClass - Trying to find Element By {by.toString()})
2023-11-29 22:31:32,689 [main] INFO  base.BaseClass - Found Element By {by.toString()}
2023-11-29 22:31:33,224 [main] INFO  base.BaseClass - Trying to find Element By {by.toString()})
2023-11-29 22:31:33,248 [main] INFO  base.BaseClass - Found Element By {by.toString()}
2023-11-29 22:31:33,790 [main] INFO  base.BaseClass - Trying to find Element By {by.toString()})
2023-11-29 22:31:33,814 [main] INFO  base.BaseClass - Found Element By {by.toString()}
2023-11-29 22:31:34,354 [main] INFO  base.BaseClass - Trying to find Element By {by.toString()})
2023-11-29 22:31:34,378 [main] INFO  base.BaseClass - Found Element By {by.toString()}
2023-11-29 22:31:34,914 [main] INFO  base.BaseClass - Trying to find Element By {by.toString()})
2023-11-29 22:31:34,938 [main] INFO  base.BaseClass - Found Element By {by.toString()}
2023-11-29 22:31:35,474 [main] INFO  base.BaseClass - Trying to find Element By {by.toString()})
2023-11-29 22:31:35,500 [main] INFO  base.BaseClass - Found Element By {by.toString()}
2023-11-29 22:31:36,042 [main] INFO  base.BaseClass - Trying to find Element By {by.toString()})
2023-11-29 22:31:36,065 [main] INFO  base.BaseClass - Found Element By {by.toString()}
2023-11-29 22:31:36,603 [main] INFO  base.BaseClass - Trying to find Element By {by.toString()})
2023-11-29 22:31:36,627 [main] INFO  base.BaseClass - Found Element By {by.toString()}
2023-11-29 22:31:37,161 [main] INFO  base.BaseClass - Trying to find Element By {by.toString()})
2023-11-29 22:31:37,184 [main] INFO  base.BaseClass - Found Element By {by.toString()}
2023-11-29 22:31:37,718 [main] INFO  base.BaseClass - Trying to find Element By {by.toString()})
2023-11-29 22:31:37,743 [main] INFO  base.BaseClass - Found Element By {by.toString()}
2023-11-29 22:31:38,290 [main] INFO  base.BaseClass - Trying to find Element By {by.toString()})
2023-11-29 22:31:38,313 [main] INFO  base.BaseClass - Found Element By {by.toString()}
2023-11-29 22:31:38,854 [main] INFO  base.BaseClass - Trying to find Element By {by.toString()})
2023-11-29 22:31:38,878 [main] INFO  base.BaseClass - Found Element By {by.toString()}
2023-11-29 22:31:39,413 [main] INFO  base.BaseClass - Trying to find Element By {by.toString()})
2023-11-29 22:31:39,437 [main] INFO  base.BaseClass - Found Element By {by.toString()}
2023-11-29 22:31:39,972 [main] INFO  base.BaseClass - Trying to find Element By {by.toString()})
2023-11-29 22:31:39,995 [main] INFO  base.BaseClass - Found Element By {by.toString()}
2023-11-29 22:31:40,544 [main] INFO  base.BaseClass - Trying to find Element By {by.toString()})
2023-11-29 22:31:40,568 [main] INFO  base.BaseClass - Found Element By {by.toString()}
2023-11-29 22:31:41,106 [main] INFO  base.BaseClass - Trying to find Element By {by.toString()})
2023-11-29 22:31:41,130 [main] INFO  base.BaseClass - Found Element By {by.toString()}
2023-11-29 22:31:41,667 [main] INFO  base.BaseClass - Trying to find Element By {by.toString()})
2023-11-29 22:31:41,692 [main] INFO  base.BaseClass - Found Element By {by.toString()}
2023-11-29 22:31:42,228 [main] INFO  base.BaseClass - Trying to find Element By {by.toString()})
2023-11-29 22:31:42,250 [main] INFO  base.BaseClass - Found Element By {by.toString()}
2023-11-29 22:31:42,784 [main] INFO  base.BaseClass - Trying to find Element By {by.toString()})
2023-11-29 22:31:42,808 [main] INFO  base.BaseClass - Found Element By {by.toString()}
2023-11-29 22:31:43,340 [main] INFO  base.BaseClass - Trying to find Element By {by.toString()})
2023-11-29 22:31:43,364 [main] INFO  base.BaseClass - Found Element By {by.toString()}
2023-11-29 22:31:43,903 [main] INFO  base.BaseClass - Trying to find Element By {by.toString()})
2023-11-29 22:31:43,930 [main] INFO  base.BaseClass - Found Element By {by.toString()}
2023-11-29 22:31:44,470 [main] INFO  base.BaseClass - Trying to find Element By {by.toString()})
2023-11-29 22:31:44,495 [main] INFO  base.BaseClass - Found Element By {by.toString()}
2023-11-29 22:31:45,030 [main] INFO  base.BaseClass - Trying to find Element By {by.toString()})
2023-11-29 22:31:45,056 [main] INFO  base.BaseClass - Found Element By {by.toString()}
2023-11-29 22:31:45,593 [main] INFO  base.BaseClass - Trying to find Element By {by.toString()})
2023-11-29 22:31:45,620 [main] INFO  base.BaseClass - Found Element By {by.toString()}
2023-11-29 22:31:46,158 [main] INFO  base.BaseClass - Trying to find Element By {by.toString()})
2023-11-29 22:31:46,183 [main] INFO  base.BaseClass - Found Element By {by.toString()}
2023-11-29 22:31:46,727 [main] INFO  base.BaseClass - Trying to find Element By {by.toString()})
2023-11-29 22:31:46,751 [main] INFO  base.BaseClass - Found Element By {by.toString()}
2023-11-29 22:31:47,290 [main] INFO  base.BaseClass - Trying to find Element By {by.toString()})
2023-11-29 22:31:47,314 [main] INFO  base.BaseClass - Found Element By {by.toString()}
2023-11-29 22:31:47,849 [main] INFO  base.BaseClass - Trying to find Element By {by.toString()})
2023-11-29 22:31:47,873 [main] INFO  base.BaseClass - Found Element By {by.toString()}
2023-11-29 22:31:48,408 [main] INFO  base.BaseClass - Trying to find Element By {by.toString()})
2023-11-29 22:31:48,432 [main] INFO  base.BaseClass - Found Element By {by.toString()}
2023-11-29 22:31:48,965 [main] INFO  base.BaseClass - Trying to find Element By {by.toString()})
2023-11-29 22:31:48,988 [main] INFO  base.BaseClass - Found Element By {by.toString()}
2023-11-29 22:31:49,535 [main] INFO  base.BaseClass - Trying to find Element By {by.toString()})
2023-11-29 22:31:49,560 [main] INFO  base.BaseClass - Found Element By {by.toString()}
2023-11-29 22:31:50,095 [main] INFO  base.BaseClass - Trying to find Element By {by.toString()})
2023-11-29 22:31:50,119 [main] INFO  base.BaseClass - Found Element By {by.toString()}
2023-11-29 22:31:50,654 [main] INFO  base.BaseClass - Trying to find Element By {by.toString()})
2023-11-29 22:31:50,677 [main] INFO  base.BaseClass - Found Element By {by.toString()}
2023-11-29 22:31:51,210 [main] INFO  base.BaseClass - Trying to find Element By {by.toString()})
2023-11-29 22:31:51,237 [main] INFO  base.BaseClass - Found Element By {by.toString()}
2023-11-29 22:31:51,787 [main] INFO  base.BaseClass - Trying to find Element By {by.toString()})
2023-11-29 22:31:51,811 [main] INFO  base.BaseClass - Found Element By {by.toString()}
2023-11-29 22:31:52,346 [main] INFO  base.BaseClass - Trying to find Element By {by.toString()})
2023-11-29 22:31:52,372 [main] INFO  base.BaseClass - Found Element By {by.toString()}
TimeoutException occurred: Expected condition failed: waiting for helper.WaitUtility$5@19832eec (tried for 30 second(s) with 500 milliseconds interval)
Build info: version: '3.141.59', revision: 'e82be7d358', time: '2018-11-14T08:17:03'
System info: host: 'DPLAP166', ip: '137.237.3.153', os.name: 'Windows 10', os.arch: 'amd64', os.version: '10.0', java.version: '19.0.1'
Driver info: org.openqa.selenium.support.events.EventFiringWebDriver
Capabilities {acceptInsecureCerts: true, browserName: chrome, browserVersion: 119.0.6045.200, chrome: {chromedriverVersion: 119.0.6045.105 (38c72552c5e..., userDataDir: C:\Users\dP-PL\AppData\Loca...}, fedcm:accounts: true, goog:chromeOptions: {debuggerAddress: localhost:57538}, javascriptEnabled: true, networkConnectionEnabled: false, pageLoadStrategy: normal, platform: WINDOWS, platformName: WINDOWS, proxy: Proxy(), setWindowRect: true, strictFileInteractability: false, timeouts: {implicit: 0, pageLoad: 300000, script: 30000}, unhandledPromptBehavior: dismiss and notify, webauthn:extension:credBlob: true, webauthn:extension:largeBlob: true, webauthn:extension:minPinLength: true, webauthn:extension:prf: true, webauthn:virtualAuthenticators: true}
Session ID: 0cc78da5edf274ff0f7b77b67cfc9bd7
2023-11-29 22:31:52,405 [main] ERROR XGLT_15177_Test - Element did not become visible within the specified time: Expected condition failed: waiting for helper.WaitUtility$5@19832eec (tried for 30 second(s) with 500 milliseconds interval)
Build info: version: '3.141.59', revision: 'e82be7d358', time: '2018-11-14T08:17:03'
System info: host: 'DPLAP166', ip: '137.237.3.153', os.name: 'Windows 10', os.arch: 'amd64', os.version: '10.0', java.version: '19.0.1'
Driver info: org.openqa.selenium.support.events.EventFiringWebDriver
Capabilities {acceptInsecureCerts: true, browserName: chrome, browserVersion: 119.0.6045.200, chrome: {chromedriverVersion: 119.0.6045.105 (38c72552c5e..., userDataDir: C:\Users\dP-PL\AppData\Loca...}, fedcm:accounts: true, goog:chromeOptions: {debuggerAddress: localhost:57538}, javascriptEnabled: true, networkConnectionEnabled: false, pageLoadStrategy: normal, platform: WINDOWS, platformName: WINDOWS, proxy: Proxy(), setWindowRect: true, strictFileInteractability: false, timeouts: {implicit: 0, pageLoad: 300000, script: 30000}, unhandledPromptBehavior: dismiss and notify, webauthn:extension:credBlob: true, webauthn:extension:largeBlob: true, webauthn:extension:minPinLength: true, webauthn:extension:prf: true, webauthn:virtualAuthenticators: true}
Session ID: 0cc78da5edf274ff0f7b77b67cfc9bd7
2023-11-29 22:31:52,405 [main] INFO  base.BaseClass - Trying to find Element By {by.toString()})
2023-11-29 22:31:52,428 [main] INFO  base.BaseClass - Found Element By {by.toString()}
2023-11-29 22:31:52,428 [main] INFO  base.BaseClass - Trying to click on: {element.toString()}
2023-11-29 22:31:52,536 [main] INFO  base.BaseClass - Clicked on: {element.toString()}
2023-11-29 22:31:52,538 [main] INFO  base.BaseClass - Trying to find Element By {by.toString()})
2023-11-29 22:31:52,550 [main] INFO  base.BaseClass - Found Element By {by.toString()}
2023-11-29 22:31:52,562 [main] INFO  base.BaseClass - Trying to find Element By {by.toString()})
2023-11-29 22:31:52,572 [main] INFO  base.BaseClass - Found Element By {by.toString()}
RT value is New Revenue Type
2023-11-29 22:31:52,580 [main] INFO  base.BaseClass - Trying to find Element By {by.toString()})
2023-11-29 22:31:52,596 [main] INFO  base.BaseClass - Found Element By {by.toString()}
Writing on Excel file Finished ...
CreateNewrevenuType passed!
]]></system-out>
    <system-err><![CDATA[Starting ChromeDriver 119.0.6045.105 (38c72552c5e15ba9b3117c0967a0fd105072d7c6-refs/branch-heads/6045@{#1103}) on port 24591
Only local connections are allowed.
Please see https://chromedriver.chromium.org/security-considerations for suggestions on keeping ChromeDriver safe.
ChromeDriver was started successfully.
Nov 29, 2023 10:26:46 PM org.openqa.selenium.remote.ProtocolHandshake createSession
INFO: Detected dialect: W3C
]]></system-err>
  </testcase>
  <testcase name="CreateCommodityCode" classname="XGLT_6753_Test" time="266.523">
    <system-out><![CDATA[2023-11-29 22:31:52,942 [main] INFO  XGLT_15177_Test - closing up browser
2023-11-29 22:31:53,318 [main] INFO  base.BaseClass - Login to XGL
2023-11-29 22:31:53,318 [main] INFO  XGLT_15177_Test - Setting up browser
2023-11-29 22:31:53,352 [main] INFO  io.github.bonigarcia.wdm.WebDriverManager - Using chromedriver 119.0.6045.105 (resolved driver for Chrome 119)
2023-11-29 22:31:53,379 [main] INFO  io.github.bonigarcia.wdm.WebDriverManager - Exporting webdriver.chrome.driver as C:\Users\dP-PL\.cache\selenium\chromedriver\win64\119.0.6045.105\chromedriver.exe
2023-11-29 22:31:54,627 [main] INFO  base.BaseClass - Before navigating to {url}
2023-11-29 22:32:03,251 [main] INFO  base.BaseClass - Navigated to {url}
2023-11-29 22:32:03,979 [main] INFO  base.BaseClass - Trying to find Element By {by.toString()})
2023-11-29 22:32:04,002 [main] INFO  base.BaseClass - Found Element By {by.toString()}
2023-11-29 22:32:04,087 [main] INFO  base.BaseClass - Trying to find Element By {by.toString()})
2023-11-29 22:32:04,110 [main] INFO  base.BaseClass - Found Element By {by.toString()}
2023-11-29 22:32:04,243 [main] INFO  base.BaseClass - Trying to find Element By {by.toString()})
2023-11-29 22:32:04,265 [main] INFO  base.BaseClass - Found Element By {by.toString()}
2023-11-29 22:32:04,265 [main] INFO  base.BaseClass - Trying to click on: {element.toString()}
2023-11-29 22:32:04,353 [main] INFO  base.BaseClass - Clicked on: {element.toString()}
2023-11-29 22:32:04,354 [main] INFO  base.BaseClass - Trying to find Element By {by.toString()})
2023-11-29 22:32:17,203 [main] INFO  base.BaseClass - Found Element By {by.toString()}
2023-11-29 22:32:17,225 [main] INFO  base.BaseClass - Trying to find Element By {by.toString()})
NoSuchElementException occurred: no such element: Unable to locate element: {"method":"xpath","selector":"//div[@class='modal-content']/div/i[contains(@class,'close')]"}
  (Session info: chrome=119.0.6045.200)
For documentation on this error, please visit: https://www.seleniumhq.org/exceptions/no_such_element.html
Build info: version: '3.141.59', revision: 'e82be7d358', time: '2018-11-14T08:17:03'
System info: host: 'DPLAP166', ip: '137.237.3.153', os.name: 'Windows 10', os.arch: 'amd64', os.version: '10.0', java.version: '19.0.1'
Driver info: org.openqa.selenium.chrome.ChromeDriver
Capabilities {acceptInsecureCerts: true, browserName: chrome, browserVersion: 119.0.6045.200, chrome: {chromedriverVersion: 119.0.6045.105 (38c72552c5e..., userDataDir: C:\Users\dP-PL\AppData\Loca...}, fedcm:accounts: true, goog:chromeOptions: {debuggerAddress: localhost:58185}, javascriptEnabled: true, networkConnectionEnabled: false, pageLoadStrategy: normal, platform: WINDOWS, platformName: WINDOWS, proxy: Proxy(), setWindowRect: true, strictFileInteractability: false, timeouts: {implicit: 0, pageLoad: 300000, script: 30000}, unhandledPromptBehavior: dismiss and notify, webauthn:extension:credBlob: true, webauthn:extension:largeBlob: true, webauthn:extension:minPinLength: true, webauthn:extension:prf: true, webauthn:virtualAuthenticators: true}
Session ID: 7ab9a3b87fc78adcef8f88fb4c070441
*** Element info: {Using=xpath, value=//div[@class='modal-content']/div/i[contains(@class,'close')]}
Before method Test name: Maintainance Tests
CreateCommodityCode started!
2023-11-29 22:33:07,288 [main] INFO  base.BaseClass - Trying to find Element By {by.toString()})
2023-11-29 22:33:07,323 [main] INFO  base.BaseClass - Found Element By {by.toString()}
2023-11-29 22:33:07,862 [main] INFO  base.BaseClass - Trying to find Element By {by.toString()})
2023-11-29 22:33:07,909 [main] INFO  base.BaseClass - Found Element By {by.toString()}
2023-11-29 22:33:08,446 [main] INFO  base.BaseClass - Trying to find Element By {by.toString()})
2023-11-29 22:33:08,464 [main] INFO  base.BaseClass - Found Element By {by.toString()}
2023-11-29 22:33:08,996 [main] INFO  base.BaseClass - Trying to find Element By {by.toString()})
2023-11-29 22:33:09,020 [main] INFO  base.BaseClass - Found Element By {by.toString()}
2023-11-29 22:33:09,557 [main] INFO  base.BaseClass - Trying to find Element By {by.toString()})
2023-11-29 22:33:09,582 [main] INFO  base.BaseClass - Found Element By {by.toString()}
2023-11-29 22:33:10,118 [main] INFO  base.BaseClass - Trying to find Element By {by.toString()})
2023-11-29 22:33:10,143 [main] INFO  base.BaseClass - Found Element By {by.toString()}
2023-11-29 22:33:10,676 [main] INFO  base.BaseClass - Trying to find Element By {by.toString()})
2023-11-29 22:33:10,700 [main] INFO  base.BaseClass - Found Element By {by.toString()}
2023-11-29 22:33:11,236 [main] INFO  base.BaseClass - Trying to find Element By {by.toString()})
2023-11-29 22:33:11,259 [main] INFO  base.BaseClass - Found Element By {by.toString()}
2023-11-29 22:33:11,795 [main] INFO  base.BaseClass - Trying to find Element By {by.toString()})
2023-11-29 22:33:11,822 [main] INFO  base.BaseClass - Found Element By {by.toString()}
2023-11-29 22:33:12,365 [main] INFO  base.BaseClass - Trying to find Element By {by.toString()})
2023-11-29 22:33:12,389 [main] INFO  base.BaseClass - Found Element By {by.toString()}
2023-11-29 22:33:12,925 [main] INFO  base.BaseClass - Trying to find Element By {by.toString()})
2023-11-29 22:33:12,950 [main] INFO  base.BaseClass - Found Element By {by.toString()}
2023-11-29 22:33:13,488 [main] INFO  base.BaseClass - Trying to find Element By {by.toString()})
2023-11-29 22:33:13,513 [main] INFO  base.BaseClass - Found Element By {by.toString()}
2023-11-29 22:33:14,053 [main] INFO  base.BaseClass - Trying to find Element By {by.toString()})
2023-11-29 22:33:14,078 [main] INFO  base.BaseClass - Found Element By {by.toString()}
2023-11-29 22:33:14,616 [main] INFO  base.BaseClass - Trying to find Element By {by.toString()})
2023-11-29 22:33:14,640 [main] INFO  base.BaseClass - Found Element By {by.toString()}
2023-11-29 22:33:15,175 [main] INFO  base.BaseClass - Trying to find Element By {by.toString()})
2023-11-29 22:33:15,200 [main] INFO  base.BaseClass - Found Element By {by.toString()}
2023-11-29 22:33:15,737 [main] INFO  base.BaseClass - Trying to find Element By {by.toString()})
2023-11-29 22:33:15,760 [main] INFO  base.BaseClass - Found Element By {by.toString()}
2023-11-29 22:33:16,293 [main] INFO  base.BaseClass - Trying to find Element By {by.toString()})
2023-11-29 22:33:16,317 [main] INFO  base.BaseClass - Found Element By {by.toString()}
2023-11-29 22:33:16,852 [main] INFO  base.BaseClass - Trying to find Element By {by.toString()})
2023-11-29 22:33:16,877 [main] INFO  base.BaseClass - Found Element By {by.toString()}
2023-11-29 22:33:17,410 [main] INFO  base.BaseClass - Trying to find Element By {by.toString()})
2023-11-29 22:33:17,434 [main] INFO  base.BaseClass - Found Element By {by.toString()}
2023-11-29 22:33:17,969 [main] INFO  base.BaseClass - Trying to find Element By {by.toString()})
2023-11-29 22:33:17,993 [main] INFO  base.BaseClass - Found Element By {by.toString()}
2023-11-29 22:33:18,542 [main] INFO  base.BaseClass - Trying to find Element By {by.toString()})
2023-11-29 22:33:18,566 [main] INFO  base.BaseClass - Found Element By {by.toString()}
2023-11-29 22:33:19,104 [main] INFO  base.BaseClass - Trying to find Element By {by.toString()})
2023-11-29 22:33:19,131 [main] INFO  base.BaseClass - Found Element By {by.toString()}
2023-11-29 22:33:19,670 [main] INFO  base.BaseClass - Trying to find Element By {by.toString()})
2023-11-29 22:33:19,695 [main] INFO  base.BaseClass - Found Element By {by.toString()}
2023-11-29 22:33:20,233 [main] INFO  base.BaseClass - Trying to find Element By {by.toString()})
2023-11-29 22:33:20,259 [main] INFO  base.BaseClass - Found Element By {by.toString()}
2023-11-29 22:33:20,790 [main] INFO  base.BaseClass - Trying to find Element By {by.toString()})
2023-11-29 22:33:20,813 [main] INFO  base.BaseClass - Found Element By {by.toString()}
2023-11-29 22:33:21,348 [main] INFO  base.BaseClass - Trying to find Element By {by.toString()})
2023-11-29 22:33:21,363 [main] INFO  base.BaseClass - Found Element By {by.toString()}
2023-11-29 22:33:21,891 [main] INFO  base.BaseClass - Trying to find Element By {by.toString()})
2023-11-29 22:33:21,916 [main] INFO  base.BaseClass - Found Element By {by.toString()}
2023-11-29 22:33:22,452 [main] INFO  base.BaseClass - Trying to find Element By {by.toString()})
2023-11-29 22:33:22,476 [main] INFO  base.BaseClass - Found Element By {by.toString()}
2023-11-29 22:33:23,021 [main] INFO  base.BaseClass - Trying to find Element By {by.toString()})
2023-11-29 22:33:23,045 [main] INFO  base.BaseClass - Found Element By {by.toString()}
2023-11-29 22:33:23,580 [main] INFO  base.BaseClass - Trying to find Element By {by.toString()})
2023-11-29 22:33:23,608 [main] INFO  base.BaseClass - Found Element By {by.toString()}
2023-11-29 22:33:24,143 [main] INFO  base.BaseClass - Trying to find Element By {by.toString()})
2023-11-29 22:33:24,171 [main] INFO  base.BaseClass - Found Element By {by.toString()}
2023-11-29 22:33:24,707 [main] INFO  base.BaseClass - Trying to find Element By {by.toString()})
2023-11-29 22:33:24,732 [main] INFO  base.BaseClass - Found Element By {by.toString()}
2023-11-29 22:33:25,270 [main] INFO  base.BaseClass - Trying to find Element By {by.toString()})
2023-11-29 22:33:25,295 [main] INFO  base.BaseClass - Found Element By {by.toString()}
2023-11-29 22:33:25,831 [main] INFO  base.BaseClass - Trying to find Element By {by.toString()})
2023-11-29 22:33:25,857 [main] INFO  base.BaseClass - Found Element By {by.toString()}
2023-11-29 22:33:26,410 [main] INFO  base.BaseClass - Trying to find Element By {by.toString()})
2023-11-29 22:33:26,434 [main] INFO  base.BaseClass - Found Element By {by.toString()}
2023-11-29 22:33:26,970 [main] INFO  base.BaseClass - Trying to find Element By {by.toString()})
2023-11-29 22:33:26,993 [main] INFO  base.BaseClass - Found Element By {by.toString()}
2023-11-29 22:33:27,532 [main] INFO  base.BaseClass - Trying to find Element By {by.toString()})
2023-11-29 22:33:27,555 [main] INFO  base.BaseClass - Found Element By {by.toString()}
2023-11-29 22:33:28,089 [main] INFO  base.BaseClass - Trying to find Element By {by.toString()})
2023-11-29 22:33:28,115 [main] INFO  base.BaseClass - Found Element By {by.toString()}
2023-11-29 22:33:28,649 [main] INFO  base.BaseClass - Trying to find Element By {by.toString()})
2023-11-29 22:33:28,672 [main] INFO  base.BaseClass - Found Element By {by.toString()}
2023-11-29 22:33:29,210 [main] INFO  base.BaseClass - Trying to find Element By {by.toString()})
2023-11-29 22:33:29,232 [main] INFO  base.BaseClass - Found Element By {by.toString()}
2023-11-29 22:33:29,766 [main] INFO  base.BaseClass - Trying to find Element By {by.toString()})
2023-11-29 22:33:29,790 [main] INFO  base.BaseClass - Found Element By {by.toString()}
2023-11-29 22:33:30,331 [main] INFO  base.BaseClass - Trying to find Element By {by.toString()})
2023-11-29 22:33:30,357 [main] INFO  base.BaseClass - Found Element By {by.toString()}
2023-11-29 22:33:30,893 [main] INFO  base.BaseClass - Trying to find Element By {by.toString()})
2023-11-29 22:33:30,917 [main] INFO  base.BaseClass - Found Element By {by.toString()}
2023-11-29 22:33:31,455 [main] INFO  base.BaseClass - Trying to find Element By {by.toString()})
2023-11-29 22:33:31,479 [main] INFO  base.BaseClass - Found Element By {by.toString()}
2023-11-29 22:33:32,030 [main] INFO  base.BaseClass - Trying to find Element By {by.toString()})
2023-11-29 22:33:32,058 [main] INFO  base.BaseClass - Found Element By {by.toString()}
2023-11-29 22:33:32,593 [main] INFO  base.BaseClass - Trying to find Element By {by.toString()})
2023-11-29 22:33:32,617 [main] INFO  base.BaseClass - Found Element By {by.toString()}
2023-11-29 22:33:33,154 [main] INFO  base.BaseClass - Trying to find Element By {by.toString()})
2023-11-29 22:33:33,178 [main] INFO  base.BaseClass - Found Element By {by.toString()}
2023-11-29 22:33:33,716 [main] INFO  base.BaseClass - Trying to find Element By {by.toString()})
2023-11-29 22:33:33,740 [main] INFO  base.BaseClass - Found Element By {by.toString()}
2023-11-29 22:33:34,282 [main] INFO  base.BaseClass - Trying to find Element By {by.toString()})
2023-11-29 22:33:34,306 [main] INFO  base.BaseClass - Found Element By {by.toString()}
2023-11-29 22:33:34,846 [main] INFO  base.BaseClass - Trying to find Element By {by.toString()})
2023-11-29 22:33:34,871 [main] INFO  base.BaseClass - Found Element By {by.toString()}
2023-11-29 22:33:35,407 [main] INFO  base.BaseClass - Trying to find Element By {by.toString()})
2023-11-29 22:33:35,432 [main] INFO  base.BaseClass - Found Element By {by.toString()}
2023-11-29 22:33:35,969 [main] INFO  base.BaseClass - Trying to find Element By {by.toString()})
2023-11-29 22:33:35,995 [main] INFO  base.BaseClass - Found Element By {by.toString()}
2023-11-29 22:33:36,526 [main] INFO  base.BaseClass - Trying to find Element By {by.toString()})
2023-11-29 22:33:36,550 [main] INFO  base.BaseClass - Found Element By {by.toString()}
2023-11-29 22:33:37,098 [main] INFO  base.BaseClass - Trying to find Element By {by.toString()})
2023-11-29 22:33:37,121 [main] INFO  base.BaseClass - Found Element By {by.toString()}
2023-11-29 22:33:37,655 [main] INFO  base.BaseClass - Trying to find Element By {by.toString()})
2023-11-29 22:33:37,679 [main] INFO  base.BaseClass - Found Element By {by.toString()}
TimeoutException occurred: Expected condition failed: waiting for helper.WaitUtility$5@f851165 (tried for 30 second(s) with 500 milliseconds interval)
Build info: version: '3.141.59', revision: 'e82be7d358', time: '2018-11-14T08:17:03'
System info: host: 'DPLAP166', ip: '137.237.3.153', os.name: 'Windows 10', os.arch: 'amd64', os.version: '10.0', java.version: '19.0.1'
Driver info: org.openqa.selenium.support.events.EventFiringWebDriver
Capabilities {acceptInsecureCerts: true, browserName: chrome, browserVersion: 119.0.6045.200, chrome: {chromedriverVersion: 119.0.6045.105 (38c72552c5e..., userDataDir: C:\Users\dP-PL\AppData\Loca...}, fedcm:accounts: true, goog:chromeOptions: {debuggerAddress: localhost:58185}, javascriptEnabled: true, networkConnectionEnabled: false, pageLoadStrategy: normal, platform: WINDOWS, platformName: WINDOWS, proxy: Proxy(), setWindowRect: true, strictFileInteractability: false, timeouts: {implicit: 0, pageLoad: 300000, script: 30000}, unhandledPromptBehavior: dismiss and notify, webauthn:extension:credBlob: true, webauthn:extension:largeBlob: true, webauthn:extension:minPinLength: true, webauthn:extension:prf: true, webauthn:virtualAuthenticators: true}
Session ID: 7ab9a3b87fc78adcef8f88fb4c070441
2023-11-29 22:33:37,714 [main] ERROR XGLT_15177_Test - Element did not become visible within the specified time: Expected condition failed: waiting for helper.WaitUtility$5@f851165 (tried for 30 second(s) with 500 milliseconds interval)
Build info: version: '3.141.59', revision: 'e82be7d358', time: '2018-11-14T08:17:03'
System info: host: 'DPLAP166', ip: '137.237.3.153', os.name: 'Windows 10', os.arch: 'amd64', os.version: '10.0', java.version: '19.0.1'
Driver info: org.openqa.selenium.support.events.EventFiringWebDriver
Capabilities {acceptInsecureCerts: true, browserName: chrome, browserVersion: 119.0.6045.200, chrome: {chromedriverVersion: 119.0.6045.105 (38c72552c5e..., userDataDir: C:\Users\dP-PL\AppData\Loca...}, fedcm:accounts: true, goog:chromeOptions: {debuggerAddress: localhost:58185}, javascriptEnabled: true, networkConnectionEnabled: false, pageLoadStrategy: normal, platform: WINDOWS, platformName: WINDOWS, proxy: Proxy(), setWindowRect: true, strictFileInteractability: false, timeouts: {implicit: 0, pageLoad: 300000, script: 30000}, unhandledPromptBehavior: dismiss and notify, webauthn:extension:credBlob: true, webauthn:extension:largeBlob: true, webauthn:extension:minPinLength: true, webauthn:extension:prf: true, webauthn:virtualAuthenticators: true}
Session ID: 7ab9a3b87fc78adcef8f88fb4c070441
2023-11-29 22:33:37,714 [main] INFO  base.BaseClass - Trying to find Element By {by.toString()})
2023-11-29 22:33:37,735 [main] INFO  base.BaseClass - Found Element By {by.toString()}
2023-11-29 22:33:37,736 [main] INFO  base.BaseClass - Trying to click on: {element.toString()}
2023-11-29 22:33:37,872 [main] INFO  base.BaseClass - Clicked on: {element.toString()}
2023-11-29 22:33:37,872 [main] INFO  base.BaseClass - Trying to find Element By {by.toString()})
2023-11-29 22:33:37,885 [main] INFO  base.BaseClass - Found Element By {by.toString()}
2023-11-29 22:33:38,397 [main] INFO  base.BaseClass - Trying to find Element By {by.toString()})
2023-11-29 22:33:38,425 [main] INFO  base.BaseClass - Found Element By {by.toString()}
2023-11-29 22:33:38,969 [main] INFO  base.BaseClass - Trying to find Element By {by.toString()})
2023-11-29 22:33:38,996 [main] INFO  base.BaseClass - Found Element By {by.toString()}
2023-11-29 22:33:39,548 [main] INFO  base.BaseClass - Trying to find Element By {by.toString()})
2023-11-29 22:33:39,573 [main] INFO  base.BaseClass - Found Element By {by.toString()}
2023-11-29 22:33:40,110 [main] INFO  base.BaseClass - Trying to find Element By {by.toString()})
2023-11-29 22:33:40,139 [main] INFO  base.BaseClass - Found Element By {by.toString()}
2023-11-29 22:33:40,677 [main] INFO  base.BaseClass - Trying to find Element By {by.toString()})
2023-11-29 22:33:40,704 [main] INFO  base.BaseClass - Found Element By {by.toString()}
2023-11-29 22:33:41,246 [main] INFO  base.BaseClass - Trying to find Element By {by.toString()})
2023-11-29 22:33:41,274 [main] INFO  base.BaseClass - Found Element By {by.toString()}
2023-11-29 22:33:41,812 [main] INFO  base.BaseClass - Trying to find Element By {by.toString()})
2023-11-29 22:33:41,839 [main] INFO  base.BaseClass - Found Element By {by.toString()}
2023-11-29 22:33:42,379 [main] INFO  base.BaseClass - Trying to find Element By {by.toString()})
2023-11-29 22:33:42,405 [main] INFO  base.BaseClass - Found Element By {by.toString()}
2023-11-29 22:33:42,959 [main] INFO  base.BaseClass - Trying to find Element By {by.toString()})
2023-11-29 22:33:42,985 [main] INFO  base.BaseClass - Found Element By {by.toString()}
2023-11-29 22:33:43,526 [main] INFO  base.BaseClass - Trying to find Element By {by.toString()})
2023-11-29 22:33:43,552 [main] INFO  base.BaseClass - Found Element By {by.toString()}
2023-11-29 22:33:44,089 [main] INFO  base.BaseClass - Trying to find Element By {by.toString()})
2023-11-29 22:33:44,115 [main] INFO  base.BaseClass - Found Element By {by.toString()}
2023-11-29 22:33:44,642 [main] INFO  base.BaseClass - Trying to find Element By {by.toString()})
2023-11-29 22:33:44,668 [main] INFO  base.BaseClass - Found Element By {by.toString()}
2023-11-29 22:33:45,203 [main] INFO  base.BaseClass - Trying to find Element By {by.toString()})
2023-11-29 22:33:45,228 [main] INFO  base.BaseClass - Found Element By {by.toString()}
2023-11-29 22:33:45,770 [main] INFO  base.BaseClass - Trying to find Element By {by.toString()})
2023-11-29 22:33:45,795 [main] INFO  base.BaseClass - Found Element By {by.toString()}
2023-11-29 22:33:46,334 [main] INFO  base.BaseClass - Trying to find Element By {by.toString()})
2023-11-29 22:33:46,360 [main] INFO  base.BaseClass - Found Element By {by.toString()}
2023-11-29 22:33:46,894 [main] INFO  base.BaseClass - Trying to find Element By {by.toString()})
2023-11-29 22:33:46,922 [main] INFO  base.BaseClass - Found Element By {by.toString()}
2023-11-29 22:33:47,468 [main] INFO  base.BaseClass - Trying to find Element By {by.toString()})
2023-11-29 22:33:47,494 [main] INFO  base.BaseClass - Found Element By {by.toString()}
2023-11-29 22:33:48,031 [main] INFO  base.BaseClass - Trying to find Element By {by.toString()})
2023-11-29 22:33:48,056 [main] INFO  base.BaseClass - Found Element By {by.toString()}
2023-11-29 22:33:48,599 [main] INFO  base.BaseClass - Trying to find Element By {by.toString()})
2023-11-29 22:33:48,617 [main] INFO  base.BaseClass - Found Element By {by.toString()}
2023-11-29 22:33:49,144 [main] INFO  base.BaseClass - Trying to find Element By {by.toString()})
2023-11-29 22:33:49,170 [main] INFO  base.BaseClass - Found Element By {by.toString()}
2023-11-29 22:33:49,705 [main] INFO  base.BaseClass - Trying to find Element By {by.toString()})
2023-11-29 22:33:49,731 [main] INFO  base.BaseClass - Found Element By {by.toString()}
2023-11-29 22:33:50,262 [main] INFO  base.BaseClass - Trying to find Element By {by.toString()})
2023-11-29 22:33:50,286 [main] INFO  base.BaseClass - Found Element By {by.toString()}
2023-11-29 22:33:50,828 [main] INFO  base.BaseClass - Trying to find Element By {by.toString()})
2023-11-29 22:33:50,854 [main] INFO  base.BaseClass - Found Element By {by.toString()}
2023-11-29 22:33:51,680 [main] INFO  base.BaseClass - Trying to find Element By {by.toString()})
2023-11-29 22:33:51,706 [main] INFO  base.BaseClass - Found Element By {by.toString()}
2023-11-29 22:33:52,241 [main] INFO  base.BaseClass - Trying to find Element By {by.toString()})
2023-11-29 22:33:52,266 [main] INFO  base.BaseClass - Found Element By {by.toString()}
2023-11-29 22:33:52,805 [main] INFO  base.BaseClass - Trying to find Element By {by.toString()})
2023-11-29 22:33:52,830 [main] INFO  base.BaseClass - Found Element By {by.toString()}
2023-11-29 22:33:53,367 [main] INFO  base.BaseClass - Trying to find Element By {by.toString()})
2023-11-29 22:33:53,391 [main] INFO  base.BaseClass - Found Element By {by.toString()}
2023-11-29 22:33:53,928 [main] INFO  base.BaseClass - Trying to find Element By {by.toString()})
2023-11-29 22:33:53,940 [main] INFO  base.BaseClass - Found Element By {by.toString()}
2023-11-29 22:33:54,454 [main] INFO  base.BaseClass - Trying to find Element By {by.toString()})
2023-11-29 22:33:54,480 [main] INFO  base.BaseClass - Found Element By {by.toString()}
2023-11-29 22:33:55,017 [main] INFO  base.BaseClass - Trying to find Element By {by.toString()})
2023-11-29 22:33:55,042 [main] INFO  base.BaseClass - Found Element By {by.toString()}
2023-11-29 22:33:55,579 [main] INFO  base.BaseClass - Trying to find Element By {by.toString()})
2023-11-29 22:33:55,604 [main] INFO  base.BaseClass - Found Element By {by.toString()}
2023-11-29 22:33:56,152 [main] INFO  base.BaseClass - Trying to find Element By {by.toString()})
2023-11-29 22:33:56,179 [main] INFO  base.BaseClass - Found Element By {by.toString()}
2023-11-29 22:33:56,714 [main] INFO  base.BaseClass - Trying to find Element By {by.toString()})
2023-11-29 22:33:56,722 [main] INFO  base.BaseClass - Found Element By {by.toString()}
2023-11-29 22:33:57,236 [main] INFO  base.BaseClass - Trying to find Element By {by.toString()})
2023-11-29 22:33:57,244 [main] INFO  base.BaseClass - Found Element By {by.toString()}
2023-11-29 22:33:57,767 [main] INFO  base.BaseClass - Trying to find Element By {by.toString()})
2023-11-29 22:33:57,776 [main] INFO  base.BaseClass - Found Element By {by.toString()}
2023-11-29 22:33:58,289 [main] INFO  base.BaseClass - Trying to find Element By {by.toString()})
2023-11-29 22:33:58,316 [main] INFO  base.BaseClass - Found Element By {by.toString()}
2023-11-29 22:33:58,843 [main] INFO  base.BaseClass - Trying to find Element By {by.toString()})
2023-11-29 22:33:58,868 [main] INFO  base.BaseClass - Found Element By {by.toString()}
2023-11-29 22:33:59,405 [main] INFO  base.BaseClass - Trying to find Element By {by.toString()})
2023-11-29 22:33:59,433 [main] INFO  base.BaseClass - Found Element By {by.toString()}
2023-11-29 22:33:59,975 [main] INFO  base.BaseClass - Trying to find Element By {by.toString()})
2023-11-29 22:34:00,000 [main] INFO  base.BaseClass - Found Element By {by.toString()}
2023-11-29 22:34:00,542 [main] INFO  base.BaseClass - Trying to find Element By {by.toString()})
2023-11-29 22:34:00,569 [main] INFO  base.BaseClass - Found Element By {by.toString()}
2023-11-29 22:34:01,116 [main] INFO  base.BaseClass - Trying to find Element By {by.toString()})
2023-11-29 22:34:01,140 [main] INFO  base.BaseClass - Found Element By {by.toString()}
2023-11-29 22:34:01,677 [main] INFO  base.BaseClass - Trying to find Element By {by.toString()})
2023-11-29 22:34:01,703 [main] INFO  base.BaseClass - Found Element By {by.toString()}
2023-11-29 22:34:02,240 [main] INFO  base.BaseClass - Trying to find Element By {by.toString()})
2023-11-29 22:34:02,265 [main] INFO  base.BaseClass - Found Element By {by.toString()}
2023-11-29 22:34:02,798 [main] INFO  base.BaseClass - Trying to find Element By {by.toString()})
2023-11-29 22:34:02,824 [main] INFO  base.BaseClass - Found Element By {by.toString()}
2023-11-29 22:34:03,360 [main] INFO  base.BaseClass - Trying to find Element By {by.toString()})
2023-11-29 22:34:03,386 [main] INFO  base.BaseClass - Found Element By {by.toString()}
2023-11-29 22:34:03,919 [main] INFO  base.BaseClass - Trying to find Element By {by.toString()})
2023-11-29 22:34:03,944 [main] INFO  base.BaseClass - Found Element By {by.toString()}
2023-11-29 22:34:04,478 [main] INFO  base.BaseClass - Trying to find Element By {by.toString()})
2023-11-29 22:34:04,504 [main] INFO  base.BaseClass - Found Element By {by.toString()}
2023-11-29 22:34:05,045 [main] INFO  base.BaseClass - Trying to find Element By {by.toString()})
2023-11-29 22:34:05,070 [main] INFO  base.BaseClass - Found Element By {by.toString()}
2023-11-29 22:34:05,603 [main] INFO  base.BaseClass - Trying to find Element By {by.toString()})
2023-11-29 22:34:05,629 [main] INFO  base.BaseClass - Found Element By {by.toString()}
2023-11-29 22:34:06,164 [main] INFO  base.BaseClass - Trying to find Element By {by.toString()})
2023-11-29 22:34:06,189 [main] INFO  base.BaseClass - Found Element By {by.toString()}
2023-11-29 22:34:06,721 [main] INFO  base.BaseClass - Trying to find Element By {by.toString()})
2023-11-29 22:34:06,748 [main] INFO  base.BaseClass - Found Element By {by.toString()}
2023-11-29 22:34:07,285 [main] INFO  base.BaseClass - Trying to find Element By {by.toString()})
2023-11-29 22:34:07,311 [main] INFO  base.BaseClass - Found Element By {by.toString()}
2023-11-29 22:34:07,850 [main] INFO  base.BaseClass - Trying to find Element By {by.toString()})
2023-11-29 22:34:07,875 [main] INFO  base.BaseClass - Found Element By {by.toString()}
TimeoutException occurred: Expected condition failed: waiting for helper.WaitUtility$5@1405534e (tried for 30 second(s) with 500 milliseconds interval)
Build info: version: '3.141.59', revision: 'e82be7d358', time: '2018-11-14T08:17:03'
System info: host: 'DPLAP166', ip: '137.237.3.153', os.name: 'Windows 10', os.arch: 'amd64', os.version: '10.0', java.version: '19.0.1'
Driver info: org.openqa.selenium.support.events.EventFiringWebDriver
Capabilities {acceptInsecureCerts: true, browserName: chrome, browserVersion: 119.0.6045.200, chrome: {chromedriverVersion: 119.0.6045.105 (38c72552c5e..., userDataDir: C:\Users\dP-PL\AppData\Loca...}, fedcm:accounts: true, goog:chromeOptions: {debuggerAddress: localhost:58185}, javascriptEnabled: true, networkConnectionEnabled: false, pageLoadStrategy: normal, platform: WINDOWS, platformName: WINDOWS, proxy: Proxy(), setWindowRect: true, strictFileInteractability: false, timeouts: {implicit: 0, pageLoad: 300000, script: 30000}, unhandledPromptBehavior: dismiss and notify, webauthn:extension:credBlob: true, webauthn:extension:largeBlob: true, webauthn:extension:minPinLength: true, webauthn:extension:prf: true, webauthn:virtualAuthenticators: true}
Session ID: 7ab9a3b87fc78adcef8f88fb4c070441
2023-11-29 22:34:07,914 [main] ERROR XGLT_15177_Test - Element did not become visible within the specified time: Expected condition failed: waiting for helper.WaitUtility$5@1405534e (tried for 30 second(s) with 500 milliseconds interval)
Build info: version: '3.141.59', revision: 'e82be7d358', time: '2018-11-14T08:17:03'
System info: host: 'DPLAP166', ip: '137.237.3.153', os.name: 'Windows 10', os.arch: 'amd64', os.version: '10.0', java.version: '19.0.1'
Driver info: org.openqa.selenium.support.events.EventFiringWebDriver
Capabilities {acceptInsecureCerts: true, browserName: chrome, browserVersion: 119.0.6045.200, chrome: {chromedriverVersion: 119.0.6045.105 (38c72552c5e..., userDataDir: C:\Users\dP-PL\AppData\Loca...}, fedcm:accounts: true, goog:chromeOptions: {debuggerAddress: localhost:58185}, javascriptEnabled: true, networkConnectionEnabled: false, pageLoadStrategy: normal, platform: WINDOWS, platformName: WINDOWS, proxy: Proxy(), setWindowRect: true, strictFileInteractability: false, timeouts: {implicit: 0, pageLoad: 300000, script: 30000}, unhandledPromptBehavior: dismiss and notify, webauthn:extension:credBlob: true, webauthn:extension:largeBlob: true, webauthn:extension:minPinLength: true, webauthn:extension:prf: true, webauthn:virtualAuthenticators: true}
Session ID: 7ab9a3b87fc78adcef8f88fb4c070441
2023-11-29 22:34:07,914 [main] INFO  base.BaseClass - Trying to find Element By {by.toString()})
2023-11-29 22:34:07,937 [main] INFO  base.BaseClass - Found Element By {by.toString()}
2023-11-29 22:34:07,937 [main] INFO  base.BaseClass - Trying to click on: {element.toString()}
2023-11-29 22:34:08,145 [main] INFO  base.BaseClass - Clicked on: {element.toString()}
2023-11-29 22:34:08,145 [main] INFO  base.BaseClass - Trying to find Element By {by.toString()})
2023-11-29 22:34:08,166 [main] INFO  base.BaseClass - Found Element By {by.toString()}
2023-11-29 22:34:08,184 [main] INFO  base.BaseClass - Trying to find Element By {by.toString()})
2023-11-29 22:34:08,199 [main] INFO  base.BaseClass - Found Element By {by.toString()}
2023-11-29 22:34:08,730 [main] INFO  base.BaseClass - Trying to find Element By {by.toString()})
2023-11-29 22:34:08,761 [main] INFO  base.BaseClass - Found Element By {by.toString()}
2023-11-29 22:34:09,280 [main] INFO  base.BaseClass - Trying to find Element By {by.toString()})
2023-11-29 22:34:09,308 [main] INFO  base.BaseClass - Found Element By {by.toString()}
2023-11-29 22:34:09,850 [main] INFO  base.BaseClass - Trying to find Element By {by.toString()})
2023-11-29 22:34:09,877 [main] INFO  base.BaseClass - Found Element By {by.toString()}
2023-11-29 22:34:10,416 [main] INFO  base.BaseClass - Trying to find Element By {by.toString()})
2023-11-29 22:34:10,442 [main] INFO  base.BaseClass - Found Element By {by.toString()}
2023-11-29 22:34:10,980 [main] INFO  base.BaseClass - Trying to find Element By {by.toString()})
2023-11-29 22:34:11,006 [main] INFO  base.BaseClass - Found Element By {by.toString()}
2023-11-29 22:34:11,543 [main] INFO  base.BaseClass - Trying to find Element By {by.toString()})
2023-11-29 22:34:11,569 [main] INFO  base.BaseClass - Found Element By {by.toString()}
2023-11-29 22:34:12,105 [main] INFO  base.BaseClass - Trying to find Element By {by.toString()})
2023-11-29 22:34:12,133 [main] INFO  base.BaseClass - Found Element By {by.toString()}
2023-11-29 22:34:12,669 [main] INFO  base.BaseClass - Trying to find Element By {by.toString()})
2023-11-29 22:34:12,694 [main] INFO  base.BaseClass - Found Element By {by.toString()}
2023-11-29 22:34:13,229 [main] INFO  base.BaseClass - Trying to find Element By {by.toString()})
2023-11-29 22:34:13,251 [main] INFO  base.BaseClass - Found Element By {by.toString()}
2023-11-29 22:34:13,798 [main] INFO  base.BaseClass - Trying to find Element By {by.toString()})
2023-11-29 22:34:13,825 [main] INFO  base.BaseClass - Found Element By {by.toString()}
2023-11-29 22:34:14,361 [main] INFO  base.BaseClass - Trying to find Element By {by.toString()})
2023-11-29 22:34:14,389 [main] INFO  base.BaseClass - Found Element By {by.toString()}
2023-11-29 22:34:14,927 [main] INFO  base.BaseClass - Trying to find Element By {by.toString()})
2023-11-29 22:34:14,952 [main] INFO  base.BaseClass - Found Element By {by.toString()}
2023-11-29 22:34:15,485 [main] INFO  base.BaseClass - Trying to find Element By {by.toString()})
2023-11-29 22:34:15,517 [main] INFO  base.BaseClass - Found Element By {by.toString()}
2023-11-29 22:34:16,049 [main] INFO  base.BaseClass - Trying to find Element By {by.toString()})
2023-11-29 22:34:16,074 [main] INFO  base.BaseClass - Found Element By {by.toString()}
2023-11-29 22:34:16,609 [main] INFO  base.BaseClass - Trying to find Element By {by.toString()})
2023-11-29 22:34:16,634 [main] INFO  base.BaseClass - Found Element By {by.toString()}
2023-11-29 22:34:17,169 [main] INFO  base.BaseClass - Trying to find Element By {by.toString()})
2023-11-29 22:34:17,188 [main] INFO  base.BaseClass - Found Element By {by.toString()}
2023-11-29 22:34:17,719 [main] INFO  base.BaseClass - Trying to find Element By {by.toString()})
2023-11-29 22:34:17,743 [main] INFO  base.BaseClass - Found Element By {by.toString()}
2023-11-29 22:34:18,276 [main] INFO  base.BaseClass - Trying to find Element By {by.toString()})
2023-11-29 22:34:18,301 [main] INFO  base.BaseClass - Found Element By {by.toString()}
2023-11-29 22:34:18,840 [main] INFO  base.BaseClass - Trying to find Element By {by.toString()})
2023-11-29 22:34:18,867 [main] INFO  base.BaseClass - Found Element By {by.toString()}
2023-11-29 22:34:19,403 [main] INFO  base.BaseClass - Trying to find Element By {by.toString()})
2023-11-29 22:34:19,429 [main] INFO  base.BaseClass - Found Element By {by.toString()}
2023-11-29 22:34:19,974 [main] INFO  base.BaseClass - Trying to find Element By {by.toString()})
2023-11-29 22:34:19,993 [main] INFO  base.BaseClass - Found Element By {by.toString()}
2023-11-29 22:34:20,520 [main] INFO  base.BaseClass - Trying to find Element By {by.toString()})
2023-11-29 22:34:20,537 [main] INFO  base.BaseClass - Found Element By {by.toString()}
2023-11-29 22:34:21,064 [main] INFO  base.BaseClass - Trying to find Element By {by.toString()})
2023-11-29 22:34:21,082 [main] INFO  base.BaseClass - Found Element By {by.toString()}
2023-11-29 22:34:21,616 [main] INFO  base.BaseClass - Trying to find Element By {by.toString()})
2023-11-29 22:34:21,633 [main] INFO  base.BaseClass - Found Element By {by.toString()}
2023-11-29 22:34:22,163 [main] INFO  base.BaseClass - Trying to find Element By {by.toString()})
2023-11-29 22:34:22,181 [main] INFO  base.BaseClass - Found Element By {by.toString()}
2023-11-29 22:34:22,709 [main] INFO  base.BaseClass - Trying to find Element By {by.toString()})
2023-11-29 22:34:22,727 [main] INFO  base.BaseClass - Found Element By {by.toString()}
2023-11-29 22:34:23,257 [main] INFO  base.BaseClass - Trying to find Element By {by.toString()})
2023-11-29 22:34:23,282 [main] INFO  base.BaseClass - Found Element By {by.toString()}
2023-11-29 22:34:23,819 [main] INFO  base.BaseClass - Trying to find Element By {by.toString()})
2023-11-29 22:34:23,844 [main] INFO  base.BaseClass - Found Element By {by.toString()}
2023-11-29 22:34:24,377 [main] INFO  base.BaseClass - Trying to find Element By {by.toString()})
2023-11-29 22:34:24,403 [main] INFO  base.BaseClass - Found Element By {by.toString()}
2023-11-29 22:34:24,937 [main] INFO  base.BaseClass - Trying to find Element By {by.toString()})
2023-11-29 22:34:24,961 [main] INFO  base.BaseClass - Found Element By {by.toString()}
2023-11-29 22:34:25,495 [main] INFO  base.BaseClass - Trying to find Element By {by.toString()})
2023-11-29 22:34:25,520 [main] INFO  base.BaseClass - Found Element By {by.toString()}
2023-11-29 22:34:26,054 [main] INFO  base.BaseClass - Trying to find Element By {by.toString()})
2023-11-29 22:34:26,076 [main] INFO  base.BaseClass - Found Element By {by.toString()}
2023-11-29 22:34:26,611 [main] INFO  base.BaseClass - Trying to find Element By {by.toString()})
2023-11-29 22:34:26,636 [main] INFO  base.BaseClass - Found Element By {by.toString()}
2023-11-29 22:34:27,175 [main] INFO  base.BaseClass - Trying to find Element By {by.toString()})
2023-11-29 22:34:27,201 [main] INFO  base.BaseClass - Found Element By {by.toString()}
2023-11-29 22:34:27,738 [main] INFO  base.BaseClass - Trying to find Element By {by.toString()})
2023-11-29 22:34:27,762 [main] INFO  base.BaseClass - Found Element By {by.toString()}
2023-11-29 22:34:28,299 [main] INFO  base.BaseClass - Trying to find Element By {by.toString()})
2023-11-29 22:34:28,324 [main] INFO  base.BaseClass - Found Element By {by.toString()}
2023-11-29 22:34:28,859 [main] INFO  base.BaseClass - Trying to find Element By {by.toString()})
2023-11-29 22:34:28,906 [main] INFO  base.BaseClass - Found Element By {by.toString()}
2023-11-29 22:34:29,423 [main] INFO  base.BaseClass - Trying to find Element By {by.toString()})
2023-11-29 22:34:29,450 [main] INFO  base.BaseClass - Found Element By {by.toString()}
2023-11-29 22:34:29,986 [main] INFO  base.BaseClass - Trying to find Element By {by.toString()})
2023-11-29 22:34:30,011 [main] INFO  base.BaseClass - Found Element By {by.toString()}
2023-11-29 22:34:30,546 [main] INFO  base.BaseClass - Trying to find Element By {by.toString()})
2023-11-29 22:34:30,573 [main] INFO  base.BaseClass - Found Element By {by.toString()}
2023-11-29 22:34:31,105 [main] INFO  base.BaseClass - Trying to find Element By {by.toString()})
2023-11-29 22:34:31,131 [main] INFO  base.BaseClass - Found Element By {by.toString()}
2023-11-29 22:34:31,663 [main] INFO  base.BaseClass - Trying to find Element By {by.toString()})
2023-11-29 22:34:31,689 [main] INFO  base.BaseClass - Found Element By {by.toString()}
2023-11-29 22:34:32,223 [main] INFO  base.BaseClass - Trying to find Element By {by.toString()})
2023-11-29 22:34:32,250 [main] INFO  base.BaseClass - Found Element By {by.toString()}
2023-11-29 22:34:32,787 [main] INFO  base.BaseClass - Trying to find Element By {by.toString()})
2023-11-29 22:34:32,812 [main] INFO  base.BaseClass - Found Element By {by.toString()}
2023-11-29 22:34:33,347 [main] INFO  base.BaseClass - Trying to find Element By {by.toString()})
2023-11-29 22:34:33,372 [main] INFO  base.BaseClass - Found Element By {by.toString()}
2023-11-29 22:34:33,909 [main] INFO  base.BaseClass - Trying to find Element By {by.toString()})
2023-11-29 22:34:33,934 [main] INFO  base.BaseClass - Found Element By {by.toString()}
2023-11-29 22:34:34,473 [main] INFO  base.BaseClass - Trying to find Element By {by.toString()})
2023-11-29 22:34:34,498 [main] INFO  base.BaseClass - Found Element By {by.toString()}
2023-11-29 22:34:35,034 [main] INFO  base.BaseClass - Trying to find Element By {by.toString()})
2023-11-29 22:34:35,061 [main] INFO  base.BaseClass - Found Element By {by.toString()}
2023-11-29 22:34:35,590 [main] INFO  base.BaseClass - Trying to find Element By {by.toString()})
2023-11-29 22:34:35,615 [main] INFO  base.BaseClass - Found Element By {by.toString()}
2023-11-29 22:34:36,161 [main] INFO  base.BaseClass - Trying to find Element By {by.toString()})
2023-11-29 22:34:36,188 [main] INFO  base.BaseClass - Found Element By {by.toString()}
2023-11-29 22:34:36,725 [main] INFO  base.BaseClass - Trying to find Element By {by.toString()})
2023-11-29 22:34:36,750 [main] INFO  base.BaseClass - Found Element By {by.toString()}
2023-11-29 22:34:37,287 [main] INFO  base.BaseClass - Trying to find Element By {by.toString()})
2023-11-29 22:34:37,312 [main] INFO  base.BaseClass - Found Element By {by.toString()}
2023-11-29 22:34:37,848 [main] INFO  base.BaseClass - Trying to find Element By {by.toString()})
2023-11-29 22:34:37,874 [main] INFO  base.BaseClass - Found Element By {by.toString()}
2023-11-29 22:34:38,408 [main] INFO  base.BaseClass - Trying to find Element By {by.toString()})
2023-11-29 22:34:38,436 [main] INFO  base.BaseClass - Found Element By {by.toString()}
TimeoutException occurred: Expected condition failed: waiting for helper.WaitUtility$5@40eb4aa6 (tried for 30 second(s) with 500 milliseconds interval)
Build info: version: '3.141.59', revision: 'e82be7d358', time: '2018-11-14T08:17:03'
System info: host: 'DPLAP166', ip: '137.237.3.153', os.name: 'Windows 10', os.arch: 'amd64', os.version: '10.0', java.version: '19.0.1'
Driver info: org.openqa.selenium.support.events.EventFiringWebDriver
Capabilities {acceptInsecureCerts: true, browserName: chrome, browserVersion: 119.0.6045.200, chrome: {chromedriverVersion: 119.0.6045.105 (38c72552c5e..., userDataDir: C:\Users\dP-PL\AppData\Loca...}, fedcm:accounts: true, goog:chromeOptions: {debuggerAddress: localhost:58185}, javascriptEnabled: true, networkConnectionEnabled: false, pageLoadStrategy: normal, platform: WINDOWS, platformName: WINDOWS, proxy: Proxy(), setWindowRect: true, strictFileInteractability: false, timeouts: {implicit: 0, pageLoad: 300000, script: 30000}, unhandledPromptBehavior: dismiss and notify, webauthn:extension:credBlob: true, webauthn:extension:largeBlob: true, webauthn:extension:minPinLength: true, webauthn:extension:prf: true, webauthn:virtualAuthenticators: true}
Session ID: 7ab9a3b87fc78adcef8f88fb4c070441
2023-11-29 22:34:38,473 [main] ERROR XGLT_15177_Test - Element did not become visible within the specified time: Expected condition failed: waiting for helper.WaitUtility$5@40eb4aa6 (tried for 30 second(s) with 500 milliseconds interval)
Build info: version: '3.141.59', revision: 'e82be7d358', time: '2018-11-14T08:17:03'
System info: host: 'DPLAP166', ip: '137.237.3.153', os.name: 'Windows 10', os.arch: 'amd64', os.version: '10.0', java.version: '19.0.1'
Driver info: org.openqa.selenium.support.events.EventFiringWebDriver
Capabilities {acceptInsecureCerts: true, browserName: chrome, browserVersion: 119.0.6045.200, chrome: {chromedriverVersion: 119.0.6045.105 (38c72552c5e..., userDataDir: C:\Users\dP-PL\AppData\Loca...}, fedcm:accounts: true, goog:chromeOptions: {debuggerAddress: localhost:58185}, javascriptEnabled: true, networkConnectionEnabled: false, pageLoadStrategy: normal, platform: WINDOWS, platformName: WINDOWS, proxy: Proxy(), setWindowRect: true, strictFileInteractability: false, timeouts: {implicit: 0, pageLoad: 300000, script: 30000}, unhandledPromptBehavior: dismiss and notify, webauthn:extension:credBlob: true, webauthn:extension:largeBlob: true, webauthn:extension:minPinLength: true, webauthn:extension:prf: true, webauthn:virtualAuthenticators: true}
Session ID: 7ab9a3b87fc78adcef8f88fb4c070441
2023-11-29 22:34:38,473 [main] INFO  base.BaseClass - Trying to find Element By {by.toString()})
2023-11-29 22:34:38,496 [main] INFO  base.BaseClass - Found Element By {by.toString()}
2023-11-29 22:34:38,496 [main] INFO  base.BaseClass - Trying to click on: {element.toString()}
2023-11-29 22:34:38,646 [main] INFO  base.BaseClass - Clicked on: {element.toString()}
2023-11-29 22:34:38,647 [main] INFO  base.BaseClass - Trying to find Element By {by.toString()})
2023-11-29 22:34:38,661 [main] INFO  base.BaseClass - Found Element By {by.toString()}
2023-11-29 22:34:39,176 [main] INFO  base.BaseClass - Trying to find Element By {by.toString()})
2023-11-29 22:34:39,186 [main] INFO  base.BaseClass - Found Element By {by.toString()}
2023-11-29 22:34:39,704 [main] INFO  base.BaseClass - Trying to find Element By {by.toString()})
2023-11-29 22:34:39,734 [main] INFO  base.BaseClass - Found Element By {by.toString()}
2023-11-29 22:34:40,272 [main] INFO  base.BaseClass - Trying to find Element By {by.toString()})
2023-11-29 22:34:40,297 [main] INFO  base.BaseClass - Found Element By {by.toString()}
2023-11-29 22:34:40,837 [main] INFO  base.BaseClass - Trying to find Element By {by.toString()})
2023-11-29 22:34:40,863 [main] INFO  base.BaseClass - Found Element By {by.toString()}
2023-11-29 22:34:41,405 [main] INFO  base.BaseClass - Trying to find Element By {by.toString()})
2023-11-29 22:34:41,430 [main] INFO  base.BaseClass - Found Element By {by.toString()}
2023-11-29 22:34:41,973 [main] INFO  base.BaseClass - Trying to find Element By {by.toString()})
2023-11-29 22:34:42,001 [main] INFO  base.BaseClass - Found Element By {by.toString()}
2023-11-29 22:34:42,539 [main] INFO  base.BaseClass - Trying to find Element By {by.toString()})
2023-11-29 22:34:42,585 [main] INFO  base.BaseClass - Found Element By {by.toString()}
2023-11-29 22:34:43,107 [main] INFO  base.BaseClass - Trying to find Element By {by.toString()})
2023-11-29 22:34:43,131 [main] INFO  base.BaseClass - Found Element By {by.toString()}
2023-11-29 22:34:43,668 [main] INFO  base.BaseClass - Trying to find Element By {by.toString()})
2023-11-29 22:34:43,680 [main] INFO  base.BaseClass - Found Element By {by.toString()}
2023-11-29 22:34:44,206 [main] INFO  base.BaseClass - Trying to find Element By {by.toString()})
2023-11-29 22:34:44,232 [main] INFO  base.BaseClass - Found Element By {by.toString()}
2023-11-29 22:34:44,767 [main] INFO  base.BaseClass - Trying to find Element By {by.toString()})
2023-11-29 22:34:44,791 [main] INFO  base.BaseClass - Found Element By {by.toString()}
2023-11-29 22:34:45,330 [main] INFO  base.BaseClass - Trying to find Element By {by.toString()})
2023-11-29 22:34:45,356 [main] INFO  base.BaseClass - Found Element By {by.toString()}
2023-11-29 22:34:45,892 [main] INFO  base.BaseClass - Trying to find Element By {by.toString()})
2023-11-29 22:34:45,915 [main] INFO  base.BaseClass - Found Element By {by.toString()}
2023-11-29 22:34:46,453 [main] INFO  base.BaseClass - Trying to find Element By {by.toString()})
2023-11-29 22:34:46,480 [main] INFO  base.BaseClass - Found Element By {by.toString()}
2023-11-29 22:34:47,015 [main] INFO  base.BaseClass - Trying to find Element By {by.toString()})
2023-11-29 22:34:47,040 [main] INFO  base.BaseClass - Found Element By {by.toString()}
2023-11-29 22:34:47,575 [main] INFO  base.BaseClass - Trying to find Element By {by.toString()})
2023-11-29 22:34:47,600 [main] INFO  base.BaseClass - Found Element By {by.toString()}
2023-11-29 22:34:48,132 [main] INFO  base.BaseClass - Trying to find Element By {by.toString()})
2023-11-29 22:34:48,156 [main] INFO  base.BaseClass - Found Element By {by.toString()}
2023-11-29 22:34:48,698 [main] INFO  base.BaseClass - Trying to find Element By {by.toString()})
2023-11-29 22:34:48,726 [main] INFO  base.BaseClass - Found Element By {by.toString()}
2023-11-29 22:34:49,267 [main] INFO  base.BaseClass - Trying to find Element By {by.toString()})
2023-11-29 22:34:49,292 [main] INFO  base.BaseClass - Found Element By {by.toString()}
2023-11-29 22:34:49,828 [main] INFO  base.BaseClass - Trying to find Element By {by.toString()})
2023-11-29 22:34:49,853 [main] INFO  base.BaseClass - Found Element By {by.toString()}
2023-11-29 22:34:50,390 [main] INFO  base.BaseClass - Trying to find Element By {by.toString()})
2023-11-29 22:34:50,415 [main] INFO  base.BaseClass - Found Element By {by.toString()}
2023-11-29 22:34:50,956 [main] INFO  base.BaseClass - Trying to find Element By {by.toString()})
2023-11-29 22:34:51,182 [main] INFO  base.BaseClass - Found Element By {by.toString()}
2023-11-29 22:34:51,721 [main] INFO  base.BaseClass - Trying to find Element By {by.toString()})
2023-11-29 22:34:51,745 [main] INFO  base.BaseClass - Found Element By {by.toString()}
2023-11-29 22:34:52,289 [main] INFO  base.BaseClass - Trying to find Element By {by.toString()})
2023-11-29 22:34:52,314 [main] INFO  base.BaseClass - Found Element By {by.toString()}
2023-11-29 22:34:52,852 [main] INFO  base.BaseClass - Trying to find Element By {by.toString()})
2023-11-29 22:34:52,876 [main] INFO  base.BaseClass - Found Element By {by.toString()}
2023-11-29 22:34:53,411 [main] INFO  base.BaseClass - Trying to find Element By {by.toString()})
2023-11-29 22:34:53,437 [main] INFO  base.BaseClass - Found Element By {by.toString()}
2023-11-29 22:34:53,972 [main] INFO  base.BaseClass - Trying to find Element By {by.toString()})
2023-11-29 22:34:53,996 [main] INFO  base.BaseClass - Found Element By {by.toString()}
2023-11-29 22:34:54,533 [main] INFO  base.BaseClass - Trying to find Element By {by.toString()})
2023-11-29 22:34:54,560 [main] INFO  base.BaseClass - Found Element By {by.toString()}
2023-11-29 22:34:55,097 [main] INFO  base.BaseClass - Trying to find Element By {by.toString()})
2023-11-29 22:34:55,122 [main] INFO  base.BaseClass - Found Element By {by.toString()}
2023-11-29 22:34:55,661 [main] INFO  base.BaseClass - Trying to find Element By {by.toString()})
2023-11-29 22:34:55,684 [main] INFO  base.BaseClass - Found Element By {by.toString()}
2023-11-29 22:34:56,211 [main] INFO  base.BaseClass - Trying to find Element By {by.toString()})
2023-11-29 22:34:56,234 [main] INFO  base.BaseClass - Found Element By {by.toString()}
2023-11-29 22:34:56,769 [main] INFO  base.BaseClass - Trying to find Element By {by.toString()})
2023-11-29 22:34:56,793 [main] INFO  base.BaseClass - Found Element By {by.toString()}
2023-11-29 22:34:57,328 [main] INFO  base.BaseClass - Trying to find Element By {by.toString()})
2023-11-29 22:34:57,352 [main] INFO  base.BaseClass - Found Element By {by.toString()}
2023-11-29 22:34:57,889 [main] INFO  base.BaseClass - Trying to find Element By {by.toString()})
2023-11-29 22:34:57,915 [main] INFO  base.BaseClass - Found Element By {by.toString()}
2023-11-29 22:34:58,464 [main] INFO  base.BaseClass - Trying to find Element By {by.toString()})
2023-11-29 22:34:58,489 [main] INFO  base.BaseClass - Found Element By {by.toString()}
2023-11-29 22:34:59,025 [main] INFO  base.BaseClass - Trying to find Element By {by.toString()})
2023-11-29 22:34:59,050 [main] INFO  base.BaseClass - Found Element By {by.toString()}
2023-11-29 22:34:59,587 [main] INFO  base.BaseClass - Trying to find Element By {by.toString()})
2023-11-29 22:34:59,614 [main] INFO  base.BaseClass - Found Element By {by.toString()}
2023-11-29 22:35:00,147 [main] INFO  base.BaseClass - Trying to find Element By {by.toString()})
2023-11-29 22:35:00,163 [main] INFO  base.BaseClass - Found Element By {by.toString()}
2023-11-29 22:35:00,691 [main] INFO  base.BaseClass - Trying to find Element By {by.toString()})
2023-11-29 22:35:00,717 [main] INFO  base.BaseClass - Found Element By {by.toString()}
2023-11-29 22:35:01,256 [main] INFO  base.BaseClass - Trying to find Element By {by.toString()})
2023-11-29 22:35:01,281 [main] INFO  base.BaseClass - Found Element By {by.toString()}
2023-11-29 22:35:01,813 [main] INFO  base.BaseClass - Trying to find Element By {by.toString()})
2023-11-29 22:35:01,838 [main] INFO  base.BaseClass - Found Element By {by.toString()}
2023-11-29 22:35:02,373 [main] INFO  base.BaseClass - Trying to find Element By {by.toString()})
2023-11-29 22:35:02,398 [main] INFO  base.BaseClass - Found Element By {by.toString()}
2023-11-29 22:35:02,933 [main] INFO  base.BaseClass - Trying to find Element By {by.toString()})
2023-11-29 22:35:02,958 [main] INFO  base.BaseClass - Found Element By {by.toString()}
2023-11-29 22:35:03,483 [main] INFO  base.BaseClass - Trying to find Element By {by.toString()})
2023-11-29 22:35:03,508 [main] INFO  base.BaseClass - Found Element By {by.toString()}
2023-11-29 22:35:04,040 [main] INFO  base.BaseClass - Trying to find Element By {by.toString()})
2023-11-29 22:35:04,063 [main] INFO  base.BaseClass - Found Element By {by.toString()}
2023-11-29 22:35:04,599 [main] INFO  base.BaseClass - Trying to find Element By {by.toString()})
2023-11-29 22:35:04,626 [main] INFO  base.BaseClass - Found Element By {by.toString()}
2023-11-29 22:35:05,169 [main] INFO  base.BaseClass - Trying to find Element By {by.toString()})
2023-11-29 22:35:05,195 [main] INFO  base.BaseClass - Found Element By {by.toString()}
2023-11-29 22:35:05,731 [main] INFO  base.BaseClass - Trying to find Element By {by.toString()})
2023-11-29 22:35:05,757 [main] INFO  base.BaseClass - Found Element By {by.toString()}
2023-11-29 22:35:06,294 [main] INFO  base.BaseClass - Trying to find Element By {by.toString()})
2023-11-29 22:35:06,319 [main] INFO  base.BaseClass - Found Element By {by.toString()}
2023-11-29 22:35:06,854 [main] INFO  base.BaseClass - Trying to find Element By {by.toString()})
2023-11-29 22:35:06,879 [main] INFO  base.BaseClass - Found Element By {by.toString()}
2023-11-29 22:35:07,430 [main] INFO  base.BaseClass - Trying to find Element By {by.toString()})
2023-11-29 22:35:07,455 [main] INFO  base.BaseClass - Found Element By {by.toString()}
2023-11-29 22:35:07,993 [main] INFO  base.BaseClass - Trying to find Element By {by.toString()})
2023-11-29 22:35:08,018 [main] INFO  base.BaseClass - Found Element By {by.toString()}
2023-11-29 22:35:08,553 [main] INFO  base.BaseClass - Trying to find Element By {by.toString()})
2023-11-29 22:35:08,579 [main] INFO  base.BaseClass - Found Element By {by.toString()}
2023-11-29 22:35:09,118 [main] INFO  base.BaseClass - Trying to find Element By {by.toString()})
2023-11-29 22:35:09,141 [main] INFO  base.BaseClass - Found Element By {by.toString()}
TimeoutException occurred: Expected condition failed: waiting for helper.WaitUtility$5@60168616 (tried for 30 second(s) with 500 milliseconds interval)
Build info: version: '3.141.59', revision: 'e82be7d358', time: '2018-11-14T08:17:03'
System info: host: 'DPLAP166', ip: '137.237.3.153', os.name: 'Windows 10', os.arch: 'amd64', os.version: '10.0', java.version: '19.0.1'
Driver info: org.openqa.selenium.support.events.EventFiringWebDriver
Capabilities {acceptInsecureCerts: true, browserName: chrome, browserVersion: 119.0.6045.200, chrome: {chromedriverVersion: 119.0.6045.105 (38c72552c5e..., userDataDir: C:\Users\dP-PL\AppData\Loca...}, fedcm:accounts: true, goog:chromeOptions: {debuggerAddress: localhost:58185}, javascriptEnabled: true, networkConnectionEnabled: false, pageLoadStrategy: normal, platform: WINDOWS, platformName: WINDOWS, proxy: Proxy(), setWindowRect: true, strictFileInteractability: false, timeouts: {implicit: 0, pageLoad: 300000, script: 30000}, unhandledPromptBehavior: dismiss and notify, webauthn:extension:credBlob: true, webauthn:extension:largeBlob: true, webauthn:extension:minPinLength: true, webauthn:extension:prf: true, webauthn:virtualAuthenticators: true}
Session ID: 7ab9a3b87fc78adcef8f88fb4c070441
2023-11-29 22:35:09,178 [main] ERROR XGLT_15177_Test - Element did not become visible within the specified time: Expected condition failed: waiting for helper.WaitUtility$5@60168616 (tried for 30 second(s) with 500 milliseconds interval)
Build info: version: '3.141.59', revision: 'e82be7d358', time: '2018-11-14T08:17:03'
System info: host: 'DPLAP166', ip: '137.237.3.153', os.name: 'Windows 10', os.arch: 'amd64', os.version: '10.0', java.version: '19.0.1'
Driver info: org.openqa.selenium.support.events.EventFiringWebDriver
Capabilities {acceptInsecureCerts: true, browserName: chrome, browserVersion: 119.0.6045.200, chrome: {chromedriverVersion: 119.0.6045.105 (38c72552c5e..., userDataDir: C:\Users\dP-PL\AppData\Loca...}, fedcm:accounts: true, goog:chromeOptions: {debuggerAddress: localhost:58185}, javascriptEnabled: true, networkConnectionEnabled: false, pageLoadStrategy: normal, platform: WINDOWS, platformName: WINDOWS, proxy: Proxy(), setWindowRect: true, strictFileInteractability: false, timeouts: {implicit: 0, pageLoad: 300000, script: 30000}, unhandledPromptBehavior: dismiss and notify, webauthn:extension:credBlob: true, webauthn:extension:largeBlob: true, webauthn:extension:minPinLength: true, webauthn:extension:prf: true, webauthn:virtualAuthenticators: true}
Session ID: 7ab9a3b87fc78adcef8f88fb4c070441
2023-11-29 22:35:09,178 [main] INFO  base.BaseClass - Trying to find Element By {by.toString()})
2023-11-29 22:35:09,200 [main] INFO  base.BaseClass - Found Element By {by.toString()}
2023-11-29 22:35:09,200 [main] INFO  base.BaseClass - Trying to click on: {element.toString()}
2023-11-29 22:35:09,376 [main] INFO  base.BaseClass - Clicked on: {element.toString()}
2023-11-29 22:35:09,376 [main] INFO  base.BaseClass - Trying to find Element By {by.toString()})
2023-11-29 22:35:09,392 [main] INFO  base.BaseClass - Found Element By {by.toString()}
2023-11-29 22:35:09,406 [main] INFO  base.BaseClass - Trying to find Element By {by.toString()})
2023-11-29 22:35:09,416 [main] INFO  base.BaseClass - Found Element By {by.toString()}
2023-11-29 22:35:09,426 [main] INFO  base.BaseClass - Trying to find Element By {by.toString()})
2023-11-29 22:35:09,436 [main] INFO  base.BaseClass - Found Element By {by.toString()}
2023-11-29 22:35:09,436 [main] INFO  base.BaseClass - Trying to click on: {element.toString()}
2023-11-29 22:35:09,492 [main] INFO  base.BaseClass - Clicked on: {element.toString()}
2023-11-29 22:35:09,492 [main] INFO  base.BaseClass - Trying to find Element By {by.toString()})
2023-11-29 22:35:09,504 [main] INFO  base.BaseClass - Found Element By {by.toString()}
2023-11-29 22:35:09,561 [main] INFO  base.BaseClass - Trying to find Element By {by.toString()})
2023-11-29 22:35:09,580 [main] INFO  base.BaseClass - Found Element By {by.toString()}
2023-11-29 22:35:09,607 [main] INFO  base.BaseClass - Trying to find Element By {by.toString()})
2023-11-29 22:35:09,620 [main] INFO  base.BaseClass - Found Element By {by.toString()}
2023-11-29 22:35:09,632 [main] INFO  base.BaseClass - Trying to find Element By {by.toString()})
2023-11-29 22:35:09,645 [main] INFO  base.BaseClass - Found Element By {by.toString()}
2023-11-29 22:35:09,645 [main] INFO  base.BaseClass - Trying to click on: {element.toString()}
2023-11-29 22:35:09,691 [main] INFO  base.BaseClass - Clicked on: {element.toString()}
2023-11-29 22:35:09,691 [main] INFO  base.BaseClass - Trying to find Element By {by.toString()})
2023-11-29 22:35:09,703 [main] INFO  base.BaseClass - Found Element By {by.toString()}
2023-11-29 22:35:09,761 [main] INFO  base.BaseClass - Trying to find Element By {by.toString()})
2023-11-29 22:35:09,784 [main] INFO  base.BaseClass - Found Element By {by.toString()}
2023-11-29 22:35:10,302 [main] INFO  base.BaseClass - Trying to find Element By {by.toString()})
2023-11-29 22:35:10,320 [main] INFO  base.BaseClass - Found Element By {by.toString()}
2023-11-29 22:35:10,845 [main] INFO  base.BaseClass - Trying to find Element By {by.toString()})
2023-11-29 22:35:10,862 [main] INFO  base.BaseClass - Found Element By {by.toString()}
2023-11-29 22:35:11,404 [main] INFO  base.BaseClass - Trying to find Element By {by.toString()})
2023-11-29 22:35:11,429 [main] INFO  base.BaseClass - Found Element By {by.toString()}
2023-11-29 22:35:11,964 [main] INFO  base.BaseClass - Trying to find Element By {by.toString()})
2023-11-29 22:35:11,987 [main] INFO  base.BaseClass - Found Element By {by.toString()}
2023-11-29 22:35:12,521 [main] INFO  base.BaseClass - Trying to find Element By {by.toString()})
2023-11-29 22:35:12,544 [main] INFO  base.BaseClass - Found Element By {by.toString()}
2023-11-29 22:35:13,082 [main] INFO  base.BaseClass - Trying to find Element By {by.toString()})
2023-11-29 22:35:13,107 [main] INFO  base.BaseClass - Found Element By {by.toString()}
2023-11-29 22:35:13,645 [main] INFO  base.BaseClass - Trying to find Element By {by.toString()})
2023-11-29 22:35:13,671 [main] INFO  base.BaseClass - Found Element By {by.toString()}
2023-11-29 22:35:14,222 [main] INFO  base.BaseClass - Trying to find Element By {by.toString()})
2023-11-29 22:35:14,249 [main] INFO  base.BaseClass - Found Element By {by.toString()}
2023-11-29 22:35:14,786 [main] INFO  base.BaseClass - Trying to find Element By {by.toString()})
2023-11-29 22:35:14,812 [main] INFO  base.BaseClass - Found Element By {by.toString()}
2023-11-29 22:35:15,351 [main] INFO  base.BaseClass - Trying to find Element By {by.toString()})
2023-11-29 22:35:15,377 [main] INFO  base.BaseClass - Found Element By {by.toString()}
2023-11-29 22:35:15,913 [main] INFO  base.BaseClass - Trying to find Element By {by.toString()})
2023-11-29 22:35:15,937 [main] INFO  base.BaseClass - Found Element By {by.toString()}
2023-11-29 22:35:16,475 [main] INFO  base.BaseClass - Trying to find Element By {by.toString()})
2023-11-29 22:35:16,500 [main] INFO  base.BaseClass - Found Element By {by.toString()}
2023-11-29 22:35:17,036 [main] INFO  base.BaseClass - Trying to find Element By {by.toString()})
2023-11-29 22:35:17,060 [main] INFO  base.BaseClass - Found Element By {by.toString()}
2023-11-29 22:35:17,597 [main] INFO  base.BaseClass - Trying to find Element By {by.toString()})
2023-11-29 22:35:17,621 [main] INFO  base.BaseClass - Found Element By {by.toString()}
2023-11-29 22:35:18,158 [main] INFO  base.BaseClass - Trying to find Element By {by.toString()})
2023-11-29 22:35:18,182 [main] INFO  base.BaseClass - Found Element By {by.toString()}
2023-11-29 22:35:18,716 [main] INFO  base.BaseClass - Trying to find Element By {by.toString()})
2023-11-29 22:35:18,741 [main] INFO  base.BaseClass - Found Element By {by.toString()}
2023-11-29 22:35:19,279 [main] INFO  base.BaseClass - Trying to find Element By {by.toString()})
2023-11-29 22:35:19,303 [main] INFO  base.BaseClass - Found Element By {by.toString()}
2023-11-29 22:35:19,839 [main] INFO  base.BaseClass - Trying to find Element By {by.toString()})
2023-11-29 22:35:19,870 [main] INFO  base.BaseClass - Found Element By {by.toString()}
2023-11-29 22:35:20,410 [main] INFO  base.BaseClass - Trying to find Element By {by.toString()})
2023-11-29 22:35:20,435 [main] INFO  base.BaseClass - Found Element By {by.toString()}
2023-11-29 22:35:20,977 [main] INFO  base.BaseClass - Trying to find Element By {by.toString()})
2023-11-29 22:35:21,001 [main] INFO  base.BaseClass - Found Element By {by.toString()}
2023-11-29 22:35:21,539 [main] INFO  base.BaseClass - Trying to find Element By {by.toString()})
2023-11-29 22:35:21,563 [main] INFO  base.BaseClass - Found Element By {by.toString()}
2023-11-29 22:35:22,099 [main] INFO  base.BaseClass - Trying to find Element By {by.toString()})
2023-11-29 22:35:22,127 [main] INFO  base.BaseClass - Found Element By {by.toString()}
2023-11-29 22:35:22,665 [main] INFO  base.BaseClass - Trying to find Element By {by.toString()})
2023-11-29 22:35:22,690 [main] INFO  base.BaseClass - Found Element By {by.toString()}
2023-11-29 22:35:23,227 [main] INFO  base.BaseClass - Trying to find Element By {by.toString()})
2023-11-29 22:35:23,252 [main] INFO  base.BaseClass - Found Element By {by.toString()}
2023-11-29 22:35:23,785 [main] INFO  base.BaseClass - Trying to find Element By {by.toString()})
2023-11-29 22:35:23,795 [main] INFO  base.BaseClass - Found Element By {by.toString()}
2023-11-29 22:35:24,310 [main] INFO  base.BaseClass - Trying to find Element By {by.toString()})
2023-11-29 22:35:24,334 [main] INFO  base.BaseClass - Found Element By {by.toString()}
2023-11-29 22:35:24,886 [main] INFO  base.BaseClass - Trying to find Element By {by.toString()})
2023-11-29 22:35:24,911 [main] INFO  base.BaseClass - Found Element By {by.toString()}
2023-11-29 22:35:25,447 [main] INFO  base.BaseClass - Trying to find Element By {by.toString()})
2023-11-29 22:35:25,472 [main] INFO  base.BaseClass - Found Element By {by.toString()}
2023-11-29 22:35:26,008 [main] INFO  base.BaseClass - Trying to find Element By {by.toString()})
2023-11-29 22:35:26,032 [main] INFO  base.BaseClass - Found Element By {by.toString()}
2023-11-29 22:35:26,568 [main] INFO  base.BaseClass - Trying to find Element By {by.toString()})
2023-11-29 22:35:26,593 [main] INFO  base.BaseClass - Found Element By {by.toString()}
2023-11-29 22:35:27,116 [main] INFO  base.BaseClass - Trying to find Element By {by.toString()})
2023-11-29 22:35:27,140 [main] INFO  base.BaseClass - Found Element By {by.toString()}
2023-11-29 22:35:27,680 [main] INFO  base.BaseClass - Trying to find Element By {by.toString()})
2023-11-29 22:35:27,705 [main] INFO  base.BaseClass - Found Element By {by.toString()}
2023-11-29 22:35:28,240 [main] INFO  base.BaseClass - Trying to find Element By {by.toString()})
2023-11-29 22:35:28,265 [main] INFO  base.BaseClass - Found Element By {by.toString()}
2023-11-29 22:35:28,793 [main] INFO  base.BaseClass - Trying to find Element By {by.toString()})
2023-11-29 22:35:28,817 [main] INFO  base.BaseClass - Found Element By {by.toString()}
2023-11-29 22:35:29,352 [main] INFO  base.BaseClass - Trying to find Element By {by.toString()})
2023-11-29 22:35:29,375 [main] INFO  base.BaseClass - Found Element By {by.toString()}
2023-11-29 22:35:29,913 [main] INFO  base.BaseClass - Trying to find Element By {by.toString()})
2023-11-29 22:35:29,937 [main] INFO  base.BaseClass - Found Element By {by.toString()}
2023-11-29 22:35:30,468 [main] INFO  base.BaseClass - Trying to find Element By {by.toString()})
2023-11-29 22:35:30,491 [main] INFO  base.BaseClass - Found Element By {by.toString()}
2023-11-29 22:35:31,025 [main] INFO  base.BaseClass - Trying to find Element By {by.toString()})
2023-11-29 22:35:31,050 [main] INFO  base.BaseClass - Found Element By {by.toString()}
2023-11-29 22:35:31,587 [main] INFO  base.BaseClass - Trying to find Element By {by.toString()})
2023-11-29 22:35:31,614 [main] INFO  base.BaseClass - Found Element By {by.toString()}
2023-11-29 22:35:32,151 [main] INFO  base.BaseClass - Trying to find Element By {by.toString()})
2023-11-29 22:35:32,174 [main] INFO  base.BaseClass - Found Element By {by.toString()}
2023-11-29 22:35:32,710 [main] INFO  base.BaseClass - Trying to find Element By {by.toString()})
2023-11-29 22:35:32,734 [main] INFO  base.BaseClass - Found Element By {by.toString()}
2023-11-29 22:35:33,269 [main] INFO  base.BaseClass - Trying to find Element By {by.toString()})
2023-11-29 22:35:33,292 [main] INFO  base.BaseClass - Found Element By {by.toString()}
2023-11-29 22:35:33,826 [main] INFO  base.BaseClass - Trying to find Element By {by.toString()})
2023-11-29 22:35:33,850 [main] INFO  base.BaseClass - Found Element By {by.toString()}
2023-11-29 22:35:34,389 [main] INFO  base.BaseClass - Trying to find Element By {by.toString()})
2023-11-29 22:35:34,414 [main] INFO  base.BaseClass - Found Element By {by.toString()}
2023-11-29 22:35:34,948 [main] INFO  base.BaseClass - Trying to find Element By {by.toString()})
2023-11-29 22:35:34,971 [main] INFO  base.BaseClass - Found Element By {by.toString()}
2023-11-29 22:35:35,506 [main] INFO  base.BaseClass - Trying to find Element By {by.toString()})
2023-11-29 22:35:35,531 [main] INFO  base.BaseClass - Found Element By {by.toString()}
2023-11-29 22:35:36,066 [main] INFO  base.BaseClass - Trying to find Element By {by.toString()})
2023-11-29 22:35:36,090 [main] INFO  base.BaseClass - Found Element By {by.toString()}
2023-11-29 22:35:36,627 [main] INFO  base.BaseClass - Trying to find Element By {by.toString()})
2023-11-29 22:35:36,650 [main] INFO  base.BaseClass - Found Element By {by.toString()}
2023-11-29 22:35:37,187 [main] INFO  base.BaseClass - Trying to find Element By {by.toString()})
2023-11-29 22:35:37,211 [main] INFO  base.BaseClass - Found Element By {by.toString()}
2023-11-29 22:35:37,749 [main] INFO  base.BaseClass - Trying to find Element By {by.toString()})
2023-11-29 22:35:37,773 [main] INFO  base.BaseClass - Found Element By {by.toString()}
2023-11-29 22:35:38,307 [main] INFO  base.BaseClass - Trying to find Element By {by.toString()})
2023-11-29 22:35:38,331 [main] INFO  base.BaseClass - Found Element By {by.toString()}
2023-11-29 22:35:38,867 [main] INFO  base.BaseClass - Trying to find Element By {by.toString()})
2023-11-29 22:35:38,890 [main] INFO  base.BaseClass - Found Element By {by.toString()}
2023-11-29 22:35:39,427 [main] INFO  base.BaseClass - Trying to find Element By {by.toString()})
2023-11-29 22:35:39,453 [main] INFO  base.BaseClass - Found Element By {by.toString()}
2023-11-29 22:35:39,991 [main] INFO  base.BaseClass - Trying to find Element By {by.toString()})
2023-11-29 22:35:40,015 [main] INFO  base.BaseClass - Found Element By {by.toString()}
TimeoutException occurred: Expected condition failed: waiting for helper.WaitUtility$5@516845d0 (tried for 30 second(s) with 500 milliseconds interval)
Build info: version: '3.141.59', revision: 'e82be7d358', time: '2018-11-14T08:17:03'
System info: host: 'DPLAP166', ip: '137.237.3.153', os.name: 'Windows 10', os.arch: 'amd64', os.version: '10.0', java.version: '19.0.1'
Driver info: org.openqa.selenium.support.events.EventFiringWebDriver
Capabilities {acceptInsecureCerts: true, browserName: chrome, browserVersion: 119.0.6045.200, chrome: {chromedriverVersion: 119.0.6045.105 (38c72552c5e..., userDataDir: C:\Users\dP-PL\AppData\Loca...}, fedcm:accounts: true, goog:chromeOptions: {debuggerAddress: localhost:58185}, javascriptEnabled: true, networkConnectionEnabled: false, pageLoadStrategy: normal, platform: WINDOWS, platformName: WINDOWS, proxy: Proxy(), setWindowRect: true, strictFileInteractability: false, timeouts: {implicit: 0, pageLoad: 300000, script: 30000}, unhandledPromptBehavior: dismiss and notify, webauthn:extension:credBlob: true, webauthn:extension:largeBlob: true, webauthn:extension:minPinLength: true, webauthn:extension:prf: true, webauthn:virtualAuthenticators: true}
Session ID: 7ab9a3b87fc78adcef8f88fb4c070441
2023-11-29 22:35:40,047 [main] ERROR XGLT_15177_Test - Element did not become visible within the specified time: Expected condition failed: waiting for helper.WaitUtility$5@516845d0 (tried for 30 second(s) with 500 milliseconds interval)
Build info: version: '3.141.59', revision: 'e82be7d358', time: '2018-11-14T08:17:03'
System info: host: 'DPLAP166', ip: '137.237.3.153', os.name: 'Windows 10', os.arch: 'amd64', os.version: '10.0', java.version: '19.0.1'
Driver info: org.openqa.selenium.support.events.EventFiringWebDriver
Capabilities {acceptInsecureCerts: true, browserName: chrome, browserVersion: 119.0.6045.200, chrome: {chromedriverVersion: 119.0.6045.105 (38c72552c5e..., userDataDir: C:\Users\dP-PL\AppData\Loca...}, fedcm:accounts: true, goog:chromeOptions: {debuggerAddress: localhost:58185}, javascriptEnabled: true, networkConnectionEnabled: false, pageLoadStrategy: normal, platform: WINDOWS, platformName: WINDOWS, proxy: Proxy(), setWindowRect: true, strictFileInteractability: false, timeouts: {implicit: 0, pageLoad: 300000, script: 30000}, unhandledPromptBehavior: dismiss and notify, webauthn:extension:credBlob: true, webauthn:extension:largeBlob: true, webauthn:extension:minPinLength: true, webauthn:extension:prf: true, webauthn:virtualAuthenticators: true}
Session ID: 7ab9a3b87fc78adcef8f88fb4c070441
2023-11-29 22:35:40,047 [main] INFO  base.BaseClass - Trying to find Element By {by.toString()})
2023-11-29 22:35:40,067 [main] INFO  base.BaseClass - Found Element By {by.toString()}
2023-11-29 22:35:40,067 [main] INFO  base.BaseClass - Trying to click on: {element.toString()}
2023-11-29 22:35:40,197 [main] INFO  base.BaseClass - Clicked on: {element.toString()}
2023-11-29 22:35:40,197 [main] INFO  base.BaseClass - Trying to find Element By {by.toString()})
2023-11-29 22:35:40,210 [main] INFO  base.BaseClass - Found Element By {by.toString()}
2023-11-29 22:35:40,743 [main] INFO  base.BaseClass - Trying to find Element By {by.toString()})
2023-11-29 22:35:40,772 [main] INFO  base.BaseClass - Found Element By {by.toString()}
2023-11-29 22:35:41,309 [main] INFO  base.BaseClass - Trying to find Element By {by.toString()})
2023-11-29 22:35:41,489 [main] INFO  base.BaseClass - Found Element By {by.toString()}
2023-11-29 22:35:42,022 [main] INFO  base.BaseClass - Trying to find Element By {by.toString()})
2023-11-29 22:35:42,047 [main] INFO  base.BaseClass - Found Element By {by.toString()}
2023-11-29 22:35:42,582 [main] INFO  base.BaseClass - Trying to find Element By {by.toString()})
2023-11-29 22:35:42,607 [main] INFO  base.BaseClass - Found Element By {by.toString()}
2023-11-29 22:35:43,146 [main] INFO  base.BaseClass - Trying to find Element By {by.toString()})
2023-11-29 22:35:43,172 [main] INFO  base.BaseClass - Found Element By {by.toString()}
2023-11-29 22:35:43,709 [main] INFO  base.BaseClass - Trying to find Element By {by.toString()})
2023-11-29 22:35:43,734 [main] INFO  base.BaseClass - Found Element By {by.toString()}
2023-11-29 22:35:44,268 [main] INFO  base.BaseClass - Trying to find Element By {by.toString()})
2023-11-29 22:35:44,293 [main] INFO  base.BaseClass - Found Element By {by.toString()}
2023-11-29 22:35:44,831 [main] INFO  base.BaseClass - Trying to find Element By {by.toString()})
2023-11-29 22:35:44,856 [main] INFO  base.BaseClass - Found Element By {by.toString()}
2023-11-29 22:35:45,392 [main] INFO  base.BaseClass - Trying to find Element By {by.toString()})
2023-11-29 22:35:45,416 [main] INFO  base.BaseClass - Found Element By {by.toString()}
2023-11-29 22:35:45,951 [main] INFO  base.BaseClass - Trying to find Element By {by.toString()})
2023-11-29 22:35:45,977 [main] INFO  base.BaseClass - Found Element By {by.toString()}
2023-11-29 22:35:46,515 [main] INFO  base.BaseClass - Trying to find Element By {by.toString()})
2023-11-29 22:35:46,539 [main] INFO  base.BaseClass - Found Element By {by.toString()}
2023-11-29 22:35:47,072 [main] INFO  base.BaseClass - Trying to find Element By {by.toString()})
2023-11-29 22:35:47,097 [main] INFO  base.BaseClass - Found Element By {by.toString()}
2023-11-29 22:35:47,640 [main] INFO  base.BaseClass - Trying to find Element By {by.toString()})
2023-11-29 22:35:47,668 [main] INFO  base.BaseClass - Found Element By {by.toString()}
2023-11-29 22:35:48,204 [main] INFO  base.BaseClass - Trying to find Element By {by.toString()})
2023-11-29 22:35:48,228 [main] INFO  base.BaseClass - Found Element By {by.toString()}
2023-11-29 22:35:48,764 [main] INFO  base.BaseClass - Trying to find Element By {by.toString()})
2023-11-29 22:35:48,788 [main] INFO  base.BaseClass - Found Element By {by.toString()}
2023-11-29 22:35:49,324 [main] INFO  base.BaseClass - Trying to find Element By {by.toString()})
2023-11-29 22:35:49,348 [main] INFO  base.BaseClass - Found Element By {by.toString()}
2023-11-29 22:35:49,884 [main] INFO  base.BaseClass - Trying to find Element By {by.toString()})
2023-11-29 22:35:49,908 [main] INFO  base.BaseClass - Found Element By {by.toString()}
2023-11-29 22:35:50,444 [main] INFO  base.BaseClass - Trying to find Element By {by.toString()})
2023-11-29 22:35:50,469 [main] INFO  base.BaseClass - Found Element By {by.toString()}
2023-11-29 22:35:51,002 [main] INFO  base.BaseClass - Trying to find Element By {by.toString()})
2023-11-29 22:35:51,026 [main] INFO  base.BaseClass - Found Element By {by.toString()}
2023-11-29 22:35:51,560 [main] INFO  base.BaseClass - Trying to find Element By {by.toString()})
2023-11-29 22:35:51,584 [main] INFO  base.BaseClass - Found Element By {by.toString()}
2023-11-29 22:35:52,117 [main] INFO  base.BaseClass - Trying to find Element By {by.toString()})
2023-11-29 22:35:52,142 [main] INFO  base.BaseClass - Found Element By {by.toString()}
2023-11-29 22:35:52,676 [main] INFO  base.BaseClass - Trying to find Element By {by.toString()})
2023-11-29 22:35:52,701 [main] INFO  base.BaseClass - Found Element By {by.toString()}
2023-11-29 22:35:53,238 [main] INFO  base.BaseClass - Trying to find Element By {by.toString()})
2023-11-29 22:35:53,263 [main] INFO  base.BaseClass - Found Element By {by.toString()}
2023-11-29 22:35:53,807 [main] INFO  base.BaseClass - Trying to find Element By {by.toString()})
2023-11-29 22:35:53,831 [main] INFO  base.BaseClass - Found Element By {by.toString()}
2023-11-29 22:35:54,365 [main] INFO  base.BaseClass - Trying to find Element By {by.toString()})
2023-11-29 22:35:54,390 [main] INFO  base.BaseClass - Found Element By {by.toString()}
2023-11-29 22:35:54,927 [main] INFO  base.BaseClass - Trying to find Element By {by.toString()})
2023-11-29 22:35:54,952 [main] INFO  base.BaseClass - Found Element By {by.toString()}
2023-11-29 22:35:55,488 [main] INFO  base.BaseClass - Trying to find Element By {by.toString()})
2023-11-29 22:35:55,513 [main] INFO  base.BaseClass - Found Element By {by.toString()}
2023-11-29 22:35:56,047 [main] INFO  base.BaseClass - Trying to find Element By {by.toString()})
2023-11-29 22:35:56,071 [main] INFO  base.BaseClass - Found Element By {by.toString()}
2023-11-29 22:35:56,605 [main] INFO  base.BaseClass - Trying to find Element By {by.toString()})
2023-11-29 22:35:56,630 [main] INFO  base.BaseClass - Found Element By {by.toString()}
2023-11-29 22:35:57,164 [main] INFO  base.BaseClass - Trying to find Element By {by.toString()})
2023-11-29 22:35:57,190 [main] INFO  base.BaseClass - Found Element By {by.toString()}
2023-11-29 22:35:57,735 [main] INFO  base.BaseClass - Trying to find Element By {by.toString()})
2023-11-29 22:35:57,758 [main] INFO  base.BaseClass - Found Element By {by.toString()}
2023-11-29 22:35:58,299 [main] INFO  base.BaseClass - Trying to find Element By {by.toString()})
2023-11-29 22:35:58,323 [main] INFO  base.BaseClass - Found Element By {by.toString()}
2023-11-29 22:35:58,859 [main] INFO  base.BaseClass - Trying to find Element By {by.toString()})
2023-11-29 22:35:58,883 [main] INFO  base.BaseClass - Found Element By {by.toString()}
2023-11-29 22:35:59,418 [main] INFO  base.BaseClass - Trying to find Element By {by.toString()})
2023-11-29 22:35:59,442 [main] INFO  base.BaseClass - Found Element By {by.toString()}
2023-11-29 22:36:00,012 [main] INFO  base.BaseClass - Trying to find Element By {by.toString()})
2023-11-29 22:36:00,041 [main] INFO  base.BaseClass - Found Element By {by.toString()}
2023-11-29 22:36:00,572 [main] INFO  base.BaseClass - Trying to find Element By {by.toString()})
2023-11-29 22:36:00,596 [main] INFO  base.BaseClass - Found Element By {by.toString()}
TimeoutException occurred: Expected condition failed: waiting for helper.WaitUtility$4@67b80859 (tried for 20 second(s) with 500 milliseconds interval)
Build info: version: '3.141.59', revision: 'e82be7d358', time: '2018-11-14T08:17:03'
System info: host: 'DPLAP166', ip: '137.237.3.153', os.name: 'Windows 10', os.arch: 'amd64', os.version: '10.0', java.version: '19.0.1'
Driver info: org.openqa.selenium.support.events.EventFiringWebDriver
Capabilities {acceptInsecureCerts: true, browserName: chrome, browserVersion: 119.0.6045.200, chrome: {chromedriverVersion: 119.0.6045.105 (38c72552c5e..., userDataDir: C:\Users\dP-PL\AppData\Loca...}, fedcm:accounts: true, goog:chromeOptions: {debuggerAddress: localhost:58185}, javascriptEnabled: true, networkConnectionEnabled: false, pageLoadStrategy: normal, platform: WINDOWS, platformName: WINDOWS, proxy: Proxy(), setWindowRect: true, strictFileInteractability: false, timeouts: {implicit: 0, pageLoad: 300000, script: 30000}, unhandledPromptBehavior: dismiss and notify, webauthn:extension:credBlob: true, webauthn:extension:largeBlob: true, webauthn:extension:minPinLength: true, webauthn:extension:prf: true, webauthn:virtualAuthenticators: true}
Session ID: 7ab9a3b87fc78adcef8f88fb4c070441
2023-11-29 22:36:00,631 [main] ERROR XGLT_15177_Test - Element did not become visible within the specified time: Expected condition failed: waiting for helper.WaitUtility$4@67b80859 (tried for 20 second(s) with 500 milliseconds interval)
Build info: version: '3.141.59', revision: 'e82be7d358', time: '2018-11-14T08:17:03'
System info: host: 'DPLAP166', ip: '137.237.3.153', os.name: 'Windows 10', os.arch: 'amd64', os.version: '10.0', java.version: '19.0.1'
Driver info: org.openqa.selenium.support.events.EventFiringWebDriver
Capabilities {acceptInsecureCerts: true, browserName: chrome, browserVersion: 119.0.6045.200, chrome: {chromedriverVersion: 119.0.6045.105 (38c72552c5e..., userDataDir: C:\Users\dP-PL\AppData\Loca...}, fedcm:accounts: true, goog:chromeOptions: {debuggerAddress: localhost:58185}, javascriptEnabled: true, networkConnectionEnabled: false, pageLoadStrategy: normal, platform: WINDOWS, platformName: WINDOWS, proxy: Proxy(), setWindowRect: true, strictFileInteractability: false, timeouts: {implicit: 0, pageLoad: 300000, script: 30000}, unhandledPromptBehavior: dismiss and notify, webauthn:extension:credBlob: true, webauthn:extension:largeBlob: true, webauthn:extension:minPinLength: true, webauthn:extension:prf: true, webauthn:virtualAuthenticators: true}
Session ID: 7ab9a3b87fc78adcef8f88fb4c070441
2023-11-29 22:36:00,633 [Forwarding actions on session 7ab9a3b87fc78adcef8f88fb4c070441 to remote] INFO  base.BaseClass - Trying to find Element By {by.toString()})
2023-11-29 22:36:00,663 [Forwarding actions on session 7ab9a3b87fc78adcef8f88fb4c070441 to remote] INFO  base.BaseClass - Found Element By {by.toString()}
2023-11-29 22:36:00,795 [main] INFO  base.BaseClass - Trying to find Element By {by.toString()})
2023-11-29 22:36:00,818 [main] INFO  base.BaseClass - Found Element By {by.toString()}
2023-11-29 22:36:00,850 [main] INFO  base.BaseClass - Trying to find Element By {by.toString()})
2023-11-29 22:36:00,869 [main] INFO  base.BaseClass - Found Element By {by.toString()}
2023-11-29 22:36:00,885 [main] INFO  base.BaseClass - Trying to find Element By {by.toString()})
2023-11-29 22:36:00,899 [main] INFO  base.BaseClass - Found Element By {by.toString()}
2023-11-29 22:36:00,899 [main] INFO  base.BaseClass - Trying to click on: {element.toString()}
2023-11-29 22:36:01,005 [main] INFO  base.BaseClass - Clicked on: {element.toString()}
2023-11-29 22:36:01,005 [main] INFO  base.BaseClass - Trying to find Element By {by.toString()})
2023-11-29 22:36:01,013 [main] INFO  base.BaseClass - Found Element By {by.toString()}
2023-11-29 22:36:01,076 [main] INFO  base.BaseClass - Trying to find Element By {by.toString()})
2023-11-29 22:36:01,103 [main] INFO  base.BaseClass - Found Element By {by.toString()}
2023-11-29 22:36:01,129 [main] INFO  base.BaseClass - Trying to find Element By {by.toString()})
2023-11-29 22:36:01,150 [main] INFO  base.BaseClass - Found Element By {by.toString()}
2023-11-29 22:36:01,166 [main] INFO  base.BaseClass - Trying to find Element By {by.toString()})
2023-11-29 22:36:01,183 [main] INFO  base.BaseClass - Found Element By {by.toString()}
2023-11-29 22:36:01,183 [main] INFO  base.BaseClass - Trying to click on: {element.toString()}
2023-11-29 22:36:01,261 [main] INFO  base.BaseClass - Clicked on: {element.toString()}
2023-11-29 22:36:01,262 [main] INFO  base.BaseClass - Trying to find Element By {by.toString()})
2023-11-29 22:36:01,273 [main] INFO  base.BaseClass - Found Element By {by.toString()}
2023-11-29 22:36:01,313 [main] INFO  base.BaseClass - Trying to find Element By {by.toString()})
2023-11-29 22:36:01,324 [main] INFO  base.BaseClass - Found Element By {by.toString()}
2023-11-29 22:36:01,846 [main] INFO  base.BaseClass - Trying to find Element By {by.toString()})
2023-11-29 22:36:01,871 [main] INFO  base.BaseClass - Found Element By {by.toString()}
2023-11-29 22:36:02,410 [main] INFO  base.BaseClass - Trying to find Element By {by.toString()})
2023-11-29 22:36:02,436 [main] INFO  base.BaseClass - Found Element By {by.toString()}
2023-11-29 22:36:02,974 [main] INFO  base.BaseClass - Trying to find Element By {by.toString()})
2023-11-29 22:36:03,000 [main] INFO  base.BaseClass - Found Element By {by.toString()}
2023-11-29 22:36:03,538 [main] INFO  base.BaseClass - Trying to find Element By {by.toString()})
2023-11-29 22:36:03,563 [main] INFO  base.BaseClass - Found Element By {by.toString()}
2023-11-29 22:36:04,099 [main] INFO  base.BaseClass - Trying to find Element By {by.toString()})
2023-11-29 22:36:04,124 [main] INFO  base.BaseClass - Found Element By {by.toString()}
2023-11-29 22:36:04,663 [main] INFO  base.BaseClass - Trying to find Element By {by.toString()})
2023-11-29 22:36:04,689 [main] INFO  base.BaseClass - Found Element By {by.toString()}
2023-11-29 22:36:05,237 [main] INFO  base.BaseClass - Trying to find Element By {by.toString()})
2023-11-29 22:36:05,262 [main] INFO  base.BaseClass - Found Element By {by.toString()}
2023-11-29 22:36:05,799 [main] INFO  base.BaseClass - Trying to find Element By {by.toString()})
2023-11-29 22:36:05,823 [main] INFO  base.BaseClass - Found Element By {by.toString()}
2023-11-29 22:36:06,359 [main] INFO  base.BaseClass - Trying to find Element By {by.toString()})
2023-11-29 22:36:06,384 [main] INFO  base.BaseClass - Found Element By {by.toString()}
2023-11-29 22:36:06,919 [main] INFO  base.BaseClass - Trying to find Element By {by.toString()})
2023-11-29 22:36:06,944 [main] INFO  base.BaseClass - Found Element By {by.toString()}
2023-11-29 22:36:07,479 [main] INFO  base.BaseClass - Trying to find Element By {by.toString()})
2023-11-29 22:36:07,504 [main] INFO  base.BaseClass - Found Element By {by.toString()}
2023-11-29 22:36:08,057 [main] INFO  base.BaseClass - Trying to find Element By {by.toString()})
2023-11-29 22:36:08,080 [main] INFO  base.BaseClass - Found Element By {by.toString()}
2023-11-29 22:36:08,628 [main] INFO  base.BaseClass - Trying to find Element By {by.toString()})
2023-11-29 22:36:08,653 [main] INFO  base.BaseClass - Found Element By {by.toString()}
2023-11-29 22:36:09,189 [main] INFO  base.BaseClass - Trying to find Element By {by.toString()})
2023-11-29 22:36:09,216 [main] INFO  base.BaseClass - Found Element By {by.toString()}
2023-11-29 22:36:09,751 [main] INFO  base.BaseClass - Trying to find Element By {by.toString()})
2023-11-29 22:36:09,777 [main] INFO  base.BaseClass - Found Element By {by.toString()}
2023-11-29 22:36:10,312 [main] INFO  base.BaseClass - Trying to find Element By {by.toString()})
2023-11-29 22:36:10,337 [main] INFO  base.BaseClass - Found Element By {by.toString()}
2023-11-29 22:36:10,876 [main] INFO  base.BaseClass - Trying to find Element By {by.toString()})
2023-11-29 22:36:10,902 [main] INFO  base.BaseClass - Found Element By {by.toString()}
2023-11-29 22:36:11,438 [main] INFO  base.BaseClass - Trying to find Element By {by.toString()})
2023-11-29 22:36:11,463 [main] INFO  base.BaseClass - Found Element By {by.toString()}
2023-11-29 22:36:11,998 [main] INFO  base.BaseClass - Trying to find Element By {by.toString()})
2023-11-29 22:36:12,021 [main] INFO  base.BaseClass - Found Element By {by.toString()}
2023-11-29 22:36:12,559 [main] INFO  base.BaseClass - Trying to find Element By {by.toString()})
2023-11-29 22:36:12,583 [main] INFO  base.BaseClass - Found Element By {by.toString()}
2023-11-29 22:36:13,122 [main] INFO  base.BaseClass - Trying to find Element By {by.toString()})
2023-11-29 22:36:13,149 [main] INFO  base.BaseClass - Found Element By {by.toString()}
2023-11-29 22:36:13,691 [main] INFO  base.BaseClass - Trying to find Element By {by.toString()})
2023-11-29 22:36:13,716 [main] INFO  base.BaseClass - Found Element By {by.toString()}
2023-11-29 22:36:14,252 [main] INFO  base.BaseClass - Trying to find Element By {by.toString()})
2023-11-29 22:36:14,277 [main] INFO  base.BaseClass - Found Element By {by.toString()}
2023-11-29 22:36:14,815 [main] INFO  base.BaseClass - Trying to find Element By {by.toString()})
2023-11-29 22:36:14,840 [main] INFO  base.BaseClass - Found Element By {by.toString()}
2023-11-29 22:36:15,378 [main] INFO  base.BaseClass - Trying to find Element By {by.toString()})
2023-11-29 22:36:15,402 [main] INFO  base.BaseClass - Found Element By {by.toString()}
2023-11-29 22:36:15,937 [main] INFO  base.BaseClass - Trying to find Element By {by.toString()})
2023-11-29 22:36:15,961 [main] INFO  base.BaseClass - Found Element By {by.toString()}
2023-11-29 22:36:16,497 [main] INFO  base.BaseClass - Trying to find Element By {by.toString()})
2023-11-29 22:36:16,524 [main] INFO  base.BaseClass - Found Element By {by.toString()}
2023-11-29 22:36:17,061 [main] INFO  base.BaseClass - Trying to find Element By {by.toString()})
2023-11-29 22:36:17,084 [main] INFO  base.BaseClass - Found Element By {by.toString()}
2023-11-29 22:36:17,617 [main] INFO  base.BaseClass - Trying to find Element By {by.toString()})
2023-11-29 22:36:17,642 [main] INFO  base.BaseClass - Found Element By {by.toString()}
2023-11-29 22:36:18,178 [main] INFO  base.BaseClass - Trying to find Element By {by.toString()})
2023-11-29 22:36:18,201 [main] INFO  base.BaseClass - Found Element By {by.toString()}
2023-11-29 22:36:18,734 [main] INFO  base.BaseClass - Trying to find Element By {by.toString()})
2023-11-29 22:36:18,758 [main] INFO  base.BaseClass - Found Element By {by.toString()}
2023-11-29 22:36:19,294 [main] INFO  base.BaseClass - Trying to find Element By {by.toString()})
2023-11-29 22:36:19,318 [main] INFO  base.BaseClass - Found Element By {by.toString()}
2023-11-29 22:36:19,853 [main] INFO  base.BaseClass - Trying to find Element By {by.toString()})
2023-11-29 22:36:19,878 [main] INFO  base.BaseClass - Found Element By {by.toString()}
2023-11-29 22:36:20,415 [main] INFO  base.BaseClass - Trying to find Element By {by.toString()})
2023-11-29 22:36:20,441 [main] INFO  base.BaseClass - Found Element By {by.toString()}
2023-11-29 22:36:20,974 [main] INFO  base.BaseClass - Trying to find Element By {by.toString()})
2023-11-29 22:36:21,001 [main] INFO  base.BaseClass - Found Element By {by.toString()}
2023-11-29 22:36:21,540 [main] INFO  base.BaseClass - Trying to find Element By {by.toString()})
2023-11-29 22:36:21,564 [main] INFO  base.BaseClass - Found Element By {by.toString()}
2023-11-29 22:36:22,102 [main] INFO  base.BaseClass - Trying to find Element By {by.toString()})
2023-11-29 22:36:22,128 [main] INFO  base.BaseClass - Found Element By {by.toString()}
2023-11-29 22:36:22,664 [main] INFO  base.BaseClass - Trying to find Element By {by.toString()})
2023-11-29 22:36:22,688 [main] INFO  base.BaseClass - Found Element By {by.toString()}
2023-11-29 22:36:23,224 [main] INFO  base.BaseClass - Trying to find Element By {by.toString()})
2023-11-29 22:36:23,249 [main] INFO  base.BaseClass - Found Element By {by.toString()}
2023-11-29 22:36:23,783 [main] INFO  base.BaseClass - Trying to find Element By {by.toString()})
2023-11-29 22:36:23,808 [main] INFO  base.BaseClass - Found Element By {by.toString()}
2023-11-29 22:36:24,343 [main] INFO  base.BaseClass - Trying to find Element By {by.toString()})
2023-11-29 22:36:24,368 [main] INFO  base.BaseClass - Found Element By {by.toString()}
2023-11-29 22:36:24,903 [main] INFO  base.BaseClass - Trying to find Element By {by.toString()})
2023-11-29 22:36:24,928 [main] INFO  base.BaseClass - Found Element By {by.toString()}
2023-11-29 22:36:25,478 [main] INFO  base.BaseClass - Trying to find Element By {by.toString()})
2023-11-29 22:36:25,503 [main] INFO  base.BaseClass - Found Element By {by.toString()}
2023-11-29 22:36:26,040 [main] INFO  base.BaseClass - Trying to find Element By {by.toString()})
2023-11-29 22:36:26,065 [main] INFO  base.BaseClass - Found Element By {by.toString()}
2023-11-29 22:36:26,605 [main] INFO  base.BaseClass - Trying to find Element By {by.toString()})
2023-11-29 22:36:26,629 [main] INFO  base.BaseClass - Found Element By {by.toString()}
2023-11-29 22:36:27,167 [main] INFO  base.BaseClass - Trying to find Element By {by.toString()})
2023-11-29 22:36:27,213 [main] INFO  base.BaseClass - Found Element By {by.toString()}
2023-11-29 22:36:27,735 [main] INFO  base.BaseClass - Trying to find Element By {by.toString()})
2023-11-29 22:36:27,759 [main] INFO  base.BaseClass - Found Element By {by.toString()}
2023-11-29 22:36:28,293 [main] INFO  base.BaseClass - Trying to find Element By {by.toString()})
2023-11-29 22:36:28,316 [main] INFO  base.BaseClass - Found Element By {by.toString()}
2023-11-29 22:36:28,850 [main] INFO  base.BaseClass - Trying to find Element By {by.toString()})
2023-11-29 22:36:28,876 [main] INFO  base.BaseClass - Found Element By {by.toString()}
2023-11-29 22:36:29,411 [main] INFO  base.BaseClass - Trying to find Element By {by.toString()})
2023-11-29 22:36:29,437 [main] INFO  base.BaseClass - Found Element By {by.toString()}
2023-11-29 22:36:29,973 [main] INFO  base.BaseClass - Trying to find Element By {by.toString()})
2023-11-29 22:36:30,000 [main] INFO  base.BaseClass - Found Element By {by.toString()}
2023-11-29 22:36:30,530 [main] INFO  base.BaseClass - Trying to find Element By {by.toString()})
2023-11-29 22:36:30,556 [main] INFO  base.BaseClass - Found Element By {by.toString()}
2023-11-29 22:36:31,099 [main] INFO  base.BaseClass - Trying to find Element By {by.toString()})
2023-11-29 22:36:31,125 [main] INFO  base.BaseClass - Found Element By {by.toString()}
2023-11-29 22:36:31,659 [main] INFO  base.BaseClass - Trying to find Element By {by.toString()})
2023-11-29 22:36:31,677 [main] INFO  base.BaseClass - Found Element By {by.toString()}
TimeoutException occurred: Expected condition failed: waiting for helper.WaitUtility$5@661ca6ed (tried for 30 second(s) with 500 milliseconds interval)
Build info: version: '3.141.59', revision: 'e82be7d358', time: '2018-11-14T08:17:03'
System info: host: 'DPLAP166', ip: '137.237.3.153', os.name: 'Windows 10', os.arch: 'amd64', os.version: '10.0', java.version: '19.0.1'
Driver info: org.openqa.selenium.support.events.EventFiringWebDriver
Capabilities {acceptInsecureCerts: true, browserName: chrome, browserVersion: 119.0.6045.200, chrome: {chromedriverVersion: 119.0.6045.105 (38c72552c5e..., userDataDir: C:\Users\dP-PL\AppData\Loca...}, fedcm:accounts: true, goog:chromeOptions: {debuggerAddress: localhost:58185}, javascriptEnabled: true, networkConnectionEnabled: false, pageLoadStrategy: normal, platform: WINDOWS, platformName: WINDOWS, proxy: Proxy(), setWindowRect: true, strictFileInteractability: false, timeouts: {implicit: 0, pageLoad: 300000, script: 30000}, unhandledPromptBehavior: dismiss and notify, webauthn:extension:credBlob: true, webauthn:extension:largeBlob: true, webauthn:extension:minPinLength: true, webauthn:extension:prf: true, webauthn:virtualAuthenticators: true}
Session ID: 7ab9a3b87fc78adcef8f88fb4c070441
2023-11-29 22:36:31,703 [main] ERROR XGLT_15177_Test - Element did not become visible within the specified time: Expected condition failed: waiting for helper.WaitUtility$5@661ca6ed (tried for 30 second(s) with 500 milliseconds interval)
Build info: version: '3.141.59', revision: 'e82be7d358', time: '2018-11-14T08:17:03'
System info: host: 'DPLAP166', ip: '137.237.3.153', os.name: 'Windows 10', os.arch: 'amd64', os.version: '10.0', java.version: '19.0.1'
Driver info: org.openqa.selenium.support.events.EventFiringWebDriver
Capabilities {acceptInsecureCerts: true, browserName: chrome, browserVersion: 119.0.6045.200, chrome: {chromedriverVersion: 119.0.6045.105 (38c72552c5e..., userDataDir: C:\Users\dP-PL\AppData\Loca...}, fedcm:accounts: true, goog:chromeOptions: {debuggerAddress: localhost:58185}, javascriptEnabled: true, networkConnectionEnabled: false, pageLoadStrategy: normal, platform: WINDOWS, platformName: WINDOWS, proxy: Proxy(), setWindowRect: true, strictFileInteractability: false, timeouts: {implicit: 0, pageLoad: 300000, script: 30000}, unhandledPromptBehavior: dismiss and notify, webauthn:extension:credBlob: true, webauthn:extension:largeBlob: true, webauthn:extension:minPinLength: true, webauthn:extension:prf: true, webauthn:virtualAuthenticators: true}
Session ID: 7ab9a3b87fc78adcef8f88fb4c070441
2023-11-29 22:36:32,170 [main] INFO  base.BaseClass - Trying to find Element By {by.toString()})
2023-11-29 22:36:32,195 [main] INFO  base.BaseClass - Found Element By {by.toString()}
2023-11-29 22:36:32,195 [main] INFO  base.BaseClass - Trying to click on: {element.toString()}
2023-11-29 22:36:32,331 [main] INFO  base.BaseClass - Clicked on: {element.toString()}
2023-11-29 22:36:32,331 [main] INFO  base.BaseClass - Trying to find Element By {by.toString()})
2023-11-29 22:36:32,345 [main] INFO  base.BaseClass - Found Element By {by.toString()}
2023-11-29 22:36:32,870 [main] INFO  base.BaseClass - Trying to find Element By {by.toString()})
2023-11-29 22:36:32,896 [main] INFO  base.BaseClass - Found Element By {by.toString()}
2023-11-29 22:36:33,435 [main] INFO  base.BaseClass - Trying to find Element By {by.toString()})
2023-11-29 22:36:33,460 [main] INFO  base.BaseClass - Found Element By {by.toString()}
2023-11-29 22:36:33,995 [main] INFO  base.BaseClass - Trying to find Element By {by.toString()})
2023-11-29 22:36:34,021 [main] INFO  base.BaseClass - Found Element By {by.toString()}
2023-11-29 22:36:34,558 [main] INFO  base.BaseClass - Trying to find Element By {by.toString()})
2023-11-29 22:36:34,584 [main] INFO  base.BaseClass - Found Element By {by.toString()}
2023-11-29 22:36:35,119 [main] INFO  base.BaseClass - Trying to find Element By {by.toString()})
2023-11-29 22:36:35,144 [main] INFO  base.BaseClass - Found Element By {by.toString()}
2023-11-29 22:36:35,678 [main] INFO  base.BaseClass - Trying to find Element By {by.toString()})
2023-11-29 22:36:35,703 [main] INFO  base.BaseClass - Found Element By {by.toString()}
2023-11-29 22:36:36,240 [main] INFO  base.BaseClass - Trying to find Element By {by.toString()})
2023-11-29 22:36:36,264 [main] INFO  base.BaseClass - Found Element By {by.toString()}
2023-11-29 22:36:36,798 [main] INFO  base.BaseClass - Trying to find Element By {by.toString()})
2023-11-29 22:36:36,823 [main] INFO  base.BaseClass - Found Element By {by.toString()}
2023-11-29 22:36:37,373 [main] INFO  base.BaseClass - Trying to find Element By {by.toString()})
2023-11-29 22:36:37,397 [main] INFO  base.BaseClass - Found Element By {by.toString()}
2023-11-29 22:36:37,931 [main] INFO  base.BaseClass - Trying to find Element By {by.toString()})
2023-11-29 22:36:37,955 [main] INFO  base.BaseClass - Found Element By {by.toString()}
2023-11-29 22:36:38,493 [main] INFO  base.BaseClass - Trying to find Element By {by.toString()})
2023-11-29 22:36:38,517 [main] INFO  base.BaseClass - Found Element By {by.toString()}
2023-11-29 22:36:39,053 [main] INFO  base.BaseClass - Trying to find Element By {by.toString()})
2023-11-29 22:36:39,077 [main] INFO  base.BaseClass - Found Element By {by.toString()}
2023-11-29 22:36:39,610 [main] INFO  base.BaseClass - Trying to find Element By {by.toString()})
2023-11-29 22:36:39,635 [main] INFO  base.BaseClass - Found Element By {by.toString()}
2023-11-29 22:36:40,169 [main] INFO  base.BaseClass - Trying to find Element By {by.toString()})
2023-11-29 22:36:40,191 [main] INFO  base.BaseClass - Found Element By {by.toString()}
2023-11-29 22:36:40,727 [main] INFO  base.BaseClass - Trying to find Element By {by.toString()})
2023-11-29 22:36:40,752 [main] INFO  base.BaseClass - Found Element By {by.toString()}
2023-11-29 22:36:41,286 [main] INFO  base.BaseClass - Trying to find Element By {by.toString()})
2023-11-29 22:36:41,309 [main] INFO  base.BaseClass - Found Element By {by.toString()}
2023-11-29 22:36:41,843 [main] INFO  base.BaseClass - Trying to find Element By {by.toString()})
2023-11-29 22:36:41,867 [main] INFO  base.BaseClass - Found Element By {by.toString()}
2023-11-29 22:36:42,401 [main] INFO  base.BaseClass - Trying to find Element By {by.toString()})
2023-11-29 22:36:42,426 [main] INFO  base.BaseClass - Found Element By {by.toString()}
2023-11-29 22:36:42,962 [main] INFO  base.BaseClass - Trying to find Element By {by.toString()})
2023-11-29 22:36:42,986 [main] INFO  base.BaseClass - Found Element By {by.toString()}
2023-11-29 22:36:43,530 [main] INFO  base.BaseClass - Trying to find Element By {by.toString()})
2023-11-29 22:36:43,554 [main] INFO  base.BaseClass - Found Element By {by.toString()}
2023-11-29 22:36:44,089 [main] INFO  base.BaseClass - Trying to find Element By {by.toString()})
2023-11-29 22:36:44,112 [main] INFO  base.BaseClass - Found Element By {by.toString()}
2023-11-29 22:36:44,646 [main] INFO  base.BaseClass - Trying to find Element By {by.toString()})
2023-11-29 22:36:44,671 [main] INFO  base.BaseClass - Found Element By {by.toString()}
2023-11-29 22:36:45,211 [main] INFO  base.BaseClass - Trying to find Element By {by.toString()})
2023-11-29 22:36:45,235 [main] INFO  base.BaseClass - Found Element By {by.toString()}
2023-11-29 22:36:45,780 [main] INFO  base.BaseClass - Trying to find Element By {by.toString()})
2023-11-29 22:36:45,802 [main] INFO  base.BaseClass - Found Element By {by.toString()}
2023-11-29 22:36:46,338 [main] INFO  base.BaseClass - Trying to find Element By {by.toString()})
2023-11-29 22:36:46,362 [main] INFO  base.BaseClass - Found Element By {by.toString()}
2023-11-29 22:36:46,897 [main] INFO  base.BaseClass - Trying to find Element By {by.toString()})
2023-11-29 22:36:46,920 [main] INFO  base.BaseClass - Found Element By {by.toString()}
2023-11-29 22:36:47,455 [main] INFO  base.BaseClass - Trying to find Element By {by.toString()})
2023-11-29 22:36:47,479 [main] INFO  base.BaseClass - Found Element By {by.toString()}
2023-11-29 22:36:48,025 [main] INFO  base.BaseClass - Trying to find Element By {by.toString()})
2023-11-29 22:36:48,050 [main] INFO  base.BaseClass - Found Element By {by.toString()}
2023-11-29 22:36:48,588 [main] INFO  base.BaseClass - Trying to find Element By {by.toString()})
2023-11-29 22:36:48,615 [main] INFO  base.BaseClass - Found Element By {by.toString()}
2023-11-29 22:36:49,153 [main] INFO  base.BaseClass - Trying to find Element By {by.toString()})
2023-11-29 22:36:49,181 [main] INFO  base.BaseClass - Found Element By {by.toString()}
2023-11-29 22:36:49,715 [main] INFO  base.BaseClass - Trying to find Element By {by.toString()})
2023-11-29 22:36:49,741 [main] INFO  base.BaseClass - Found Element By {by.toString()}
2023-11-29 22:36:50,281 [main] INFO  base.BaseClass - Trying to find Element By {by.toString()})
2023-11-29 22:36:50,307 [main] INFO  base.BaseClass - Found Element By {by.toString()}
2023-11-29 22:36:50,844 [main] INFO  base.BaseClass - Trying to find Element By {by.toString()})
2023-11-29 22:36:50,869 [main] INFO  base.BaseClass - Found Element By {by.toString()}
2023-11-29 22:36:51,422 [main] INFO  base.BaseClass - Trying to find Element By {by.toString()})
2023-11-29 22:36:51,446 [main] INFO  base.BaseClass - Found Element By {by.toString()}
2023-11-29 22:36:51,973 [main] INFO  base.BaseClass - Trying to find Element By {by.toString()})
2023-11-29 22:36:51,997 [main] INFO  base.BaseClass - Found Element By {by.toString()}
2023-11-29 22:36:52,530 [main] INFO  base.BaseClass - Trying to find Element By {by.toString()})
2023-11-29 22:36:52,554 [main] INFO  base.BaseClass - Found Element By {by.toString()}
2023-11-29 22:36:53,097 [main] INFO  base.BaseClass - Trying to find Element By {by.toString()})
2023-11-29 22:36:53,121 [main] INFO  base.BaseClass - Found Element By {by.toString()}
2023-11-29 22:36:53,659 [main] INFO  base.BaseClass - Trying to find Element By {by.toString()})
2023-11-29 22:36:53,683 [main] INFO  base.BaseClass - Found Element By {by.toString()}
2023-11-29 22:36:54,217 [main] INFO  base.BaseClass - Trying to find Element By {by.toString()})
2023-11-29 22:36:54,242 [main] INFO  base.BaseClass - Found Element By {by.toString()}
2023-11-29 22:36:54,780 [main] INFO  base.BaseClass - Trying to find Element By {by.toString()})
2023-11-29 22:36:54,804 [main] INFO  base.BaseClass - Found Element By {by.toString()}
2023-11-29 22:36:55,351 [main] INFO  base.BaseClass - Trying to find Element By {by.toString()})
2023-11-29 22:36:55,376 [main] INFO  base.BaseClass - Found Element By {by.toString()}
2023-11-29 22:36:55,917 [main] INFO  base.BaseClass - Trying to find Element By {by.toString()})
2023-11-29 22:36:55,943 [main] INFO  base.BaseClass - Found Element By {by.toString()}
2023-11-29 22:36:56,480 [main] INFO  base.BaseClass - Trying to find Element By {by.toString()})
2023-11-29 22:36:56,505 [main] INFO  base.BaseClass - Found Element By {by.toString()}
2023-11-29 22:36:57,041 [main] INFO  base.BaseClass - Trying to find Element By {by.toString()})
2023-11-29 22:36:57,066 [main] INFO  base.BaseClass - Found Element By {by.toString()}
2023-11-29 22:36:57,603 [main] INFO  base.BaseClass - Trying to find Element By {by.toString()})
2023-11-29 22:36:57,627 [main] INFO  base.BaseClass - Found Element By {by.toString()}
2023-11-29 22:36:58,169 [main] INFO  base.BaseClass - Trying to find Element By {by.toString()})
2023-11-29 22:36:58,193 [main] INFO  base.BaseClass - Found Element By {by.toString()}
2023-11-29 22:36:58,734 [main] INFO  base.BaseClass - Trying to find Element By {by.toString()})
2023-11-29 22:36:58,760 [main] INFO  base.BaseClass - Found Element By {by.toString()}
2023-11-29 22:36:59,297 [main] INFO  base.BaseClass - Trying to find Element By {by.toString()})
2023-11-29 22:36:59,321 [main] INFO  base.BaseClass - Found Element By {by.toString()}
2023-11-29 22:36:59,857 [main] INFO  base.BaseClass - Trying to find Element By {by.toString()})
2023-11-29 22:36:59,881 [main] INFO  base.BaseClass - Found Element By {by.toString()}
2023-11-29 22:37:00,414 [main] INFO  base.BaseClass - Trying to find Element By {by.toString()})
2023-11-29 22:37:00,437 [main] INFO  base.BaseClass - Found Element By {by.toString()}
2023-11-29 22:37:00,971 [main] INFO  base.BaseClass - Trying to find Element By {by.toString()})
2023-11-29 22:37:00,996 [main] INFO  base.BaseClass - Found Element By {by.toString()}
2023-11-29 22:37:01,535 [main] INFO  base.BaseClass - Trying to find Element By {by.toString()})
2023-11-29 22:37:01,558 [main] INFO  base.BaseClass - Found Element By {by.toString()}
2023-11-29 22:37:02,093 [main] INFO  base.BaseClass - Trying to find Element By {by.toString()})
2023-11-29 22:37:02,117 [main] INFO  base.BaseClass - Found Element By {by.toString()}
2023-11-29 22:37:02,654 [main] INFO  base.BaseClass - Trying to find Element By {by.toString()})
2023-11-29 22:37:02,679 [main] INFO  base.BaseClass - Found Element By {by.toString()}
TimeoutException occurred: Expected condition failed: waiting for helper.WaitUtility$5@3db0d930 (tried for 30 second(s) with 500 milliseconds interval)
Build info: version: '3.141.59', revision: 'e82be7d358', time: '2018-11-14T08:17:03'
System info: host: 'DPLAP166', ip: '137.237.3.153', os.name: 'Windows 10', os.arch: 'amd64', os.version: '10.0', java.version: '19.0.1'
Driver info: org.openqa.selenium.support.events.EventFiringWebDriver
Capabilities {acceptInsecureCerts: true, browserName: chrome, browserVersion: 119.0.6045.200, chrome: {chromedriverVersion: 119.0.6045.105 (38c72552c5e..., userDataDir: C:\Users\dP-PL\AppData\Loca...}, fedcm:accounts: true, goog:chromeOptions: {debuggerAddress: localhost:58185}, javascriptEnabled: true, networkConnectionEnabled: false, pageLoadStrategy: normal, platform: WINDOWS, platformName: WINDOWS, proxy: Proxy(), setWindowRect: true, strictFileInteractability: false, timeouts: {implicit: 0, pageLoad: 300000, script: 30000}, unhandledPromptBehavior: dismiss and notify, webauthn:extension:credBlob: true, webauthn:extension:largeBlob: true, webauthn:extension:minPinLength: true, webauthn:extension:prf: true, webauthn:virtualAuthenticators: true}
Session ID: 7ab9a3b87fc78adcef8f88fb4c070441
2023-11-29 22:37:02,715 [main] ERROR XGLT_15177_Test - Element did not become visible within the specified time: Expected condition failed: waiting for helper.WaitUtility$5@3db0d930 (tried for 30 second(s) with 500 milliseconds interval)
Build info: version: '3.141.59', revision: 'e82be7d358', time: '2018-11-14T08:17:03'
System info: host: 'DPLAP166', ip: '137.237.3.153', os.name: 'Windows 10', os.arch: 'amd64', os.version: '10.0', java.version: '19.0.1'
Driver info: org.openqa.selenium.support.events.EventFiringWebDriver
Capabilities {acceptInsecureCerts: true, browserName: chrome, browserVersion: 119.0.6045.200, chrome: {chromedriverVersion: 119.0.6045.105 (38c72552c5e..., userDataDir: C:\Users\dP-PL\AppData\Loca...}, fedcm:accounts: true, goog:chromeOptions: {debuggerAddress: localhost:58185}, javascriptEnabled: true, networkConnectionEnabled: false, pageLoadStrategy: normal, platform: WINDOWS, platformName: WINDOWS, proxy: Proxy(), setWindowRect: true, strictFileInteractability: false, timeouts: {implicit: 0, pageLoad: 300000, script: 30000}, unhandledPromptBehavior: dismiss and notify, webauthn:extension:credBlob: true, webauthn:extension:largeBlob: true, webauthn:extension:minPinLength: true, webauthn:extension:prf: true, webauthn:virtualAuthenticators: true}
Session ID: 7ab9a3b87fc78adcef8f88fb4c070441
2023-11-29 22:37:02,715 [main] INFO  base.BaseClass - Trying to find Element By {by.toString()})
2023-11-29 22:37:02,735 [main] INFO  base.BaseClass - Found Element By {by.toString()}
2023-11-29 22:37:02,735 [main] INFO  base.BaseClass - Trying to click on: {element.toString()}
2023-11-29 22:37:02,885 [main] INFO  base.BaseClass - Clicked on: {element.toString()}
2023-11-29 22:37:02,885 [main] INFO  base.BaseClass - Trying to find Element By {by.toString()})
2023-11-29 22:37:02,899 [main] INFO  base.BaseClass - Found Element By {by.toString()}
2023-11-29 22:37:02,922 [main] INFO  base.BaseClass - Trying to find Element By {by.toString()})
2023-11-29 22:37:02,934 [main] INFO  base.BaseClass - Found Element By {by.toString()}
2023-11-29 22:37:03,454 [main] INFO  base.BaseClass - Trying to find Element By {by.toString()})
2023-11-29 22:37:03,477 [main] INFO  base.BaseClass - Found Element By {by.toString()}
2023-11-29 22:37:04,014 [main] INFO  base.BaseClass - Trying to find Element By {by.toString()})
2023-11-29 22:37:04,044 [main] INFO  base.BaseClass - Found Element By {by.toString()}
2023-11-29 22:37:04,577 [main] INFO  base.BaseClass - Trying to find Element By {by.toString()})
2023-11-29 22:37:04,602 [main] INFO  base.BaseClass - Found Element By {by.toString()}
2023-11-29 22:37:05,150 [main] INFO  base.BaseClass - Trying to find Element By {by.toString()})
2023-11-29 22:37:05,173 [main] INFO  base.BaseClass - Found Element By {by.toString()}
2023-11-29 22:37:05,713 [main] INFO  base.BaseClass - Trying to find Element By {by.toString()})
2023-11-29 22:37:05,737 [main] INFO  base.BaseClass - Found Element By {by.toString()}
2023-11-29 22:37:06,276 [main] INFO  base.BaseClass - Trying to find Element By {by.toString()})
2023-11-29 22:37:06,300 [main] INFO  base.BaseClass - Found Element By {by.toString()}
2023-11-29 22:37:06,835 [main] INFO  base.BaseClass - Trying to find Element By {by.toString()})
2023-11-29 22:37:06,860 [main] INFO  base.BaseClass - Found Element By {by.toString()}
2023-11-29 22:37:07,394 [main] INFO  base.BaseClass - Trying to find Element By {by.toString()})
2023-11-29 22:37:07,418 [main] INFO  base.BaseClass - Found Element By {by.toString()}
2023-11-29 22:37:07,962 [main] INFO  base.BaseClass - Trying to find Element By {by.toString()})
2023-11-29 22:37:07,986 [main] INFO  base.BaseClass - Found Element By {by.toString()}
2023-11-29 22:37:08,523 [main] INFO  base.BaseClass - Trying to find Element By {by.toString()})
2023-11-29 22:37:08,548 [main] INFO  base.BaseClass - Found Element By {by.toString()}
2023-11-29 22:37:09,082 [main] INFO  base.BaseClass - Trying to find Element By {by.toString()})
2023-11-29 22:37:09,106 [main] INFO  base.BaseClass - Found Element By {by.toString()}
2023-11-29 22:37:09,641 [main] INFO  base.BaseClass - Trying to find Element By {by.toString()})
2023-11-29 22:37:09,666 [main] INFO  base.BaseClass - Found Element By {by.toString()}
2023-11-29 22:37:10,201 [main] INFO  base.BaseClass - Trying to find Element By {by.toString()})
2023-11-29 22:37:10,224 [main] INFO  base.BaseClass - Found Element By {by.toString()}
2023-11-29 22:37:10,766 [main] INFO  base.BaseClass - Trying to find Element By {by.toString()})
2023-11-29 22:37:10,791 [main] INFO  base.BaseClass - Found Element By {by.toString()}
2023-11-29 22:37:11,329 [main] INFO  base.BaseClass - Trying to find Element By {by.toString()})
2023-11-29 22:37:11,354 [main] INFO  base.BaseClass - Found Element By {by.toString()}
2023-11-29 22:37:11,889 [main] INFO  base.BaseClass - Trying to find Element By {by.toString()})
2023-11-29 22:37:11,915 [main] INFO  base.BaseClass - Found Element By {by.toString()}
2023-11-29 22:37:12,437 [main] INFO  base.BaseClass - Trying to find Element By {by.toString()})
2023-11-29 22:37:12,461 [main] INFO  base.BaseClass - Found Element By {by.toString()}
2023-11-29 22:37:13,004 [main] INFO  base.BaseClass - Trying to find Element By {by.toString()})
2023-11-29 22:37:13,028 [main] INFO  base.BaseClass - Found Element By {by.toString()}
2023-11-29 22:37:13,570 [main] INFO  base.BaseClass - Trying to find Element By {by.toString()})
2023-11-29 22:37:13,593 [main] INFO  base.BaseClass - Found Element By {by.toString()}
2023-11-29 22:37:14,128 [main] INFO  base.BaseClass - Trying to find Element By {by.toString()})
2023-11-29 22:37:14,139 [main] INFO  base.BaseClass - Found Element By {by.toString()}
2023-11-29 22:37:14,663 [main] INFO  base.BaseClass - Trying to find Element By {by.toString()})
2023-11-29 22:37:14,687 [main] INFO  base.BaseClass - Found Element By {by.toString()}
2023-11-29 22:37:15,227 [main] INFO  base.BaseClass - Trying to find Element By {by.toString()})
2023-11-29 22:37:15,251 [main] INFO  base.BaseClass - Found Element By {by.toString()}
2023-11-29 22:37:15,791 [main] INFO  base.BaseClass - Trying to find Element By {by.toString()})
2023-11-29 22:37:15,818 [main] INFO  base.BaseClass - Found Element By {by.toString()}
2023-11-29 22:37:16,365 [main] INFO  base.BaseClass - Trying to find Element By {by.toString()})
2023-11-29 22:37:16,389 [main] INFO  base.BaseClass - Found Element By {by.toString()}
2023-11-29 22:37:16,926 [main] INFO  base.BaseClass - Trying to find Element By {by.toString()})
2023-11-29 22:37:16,950 [main] INFO  base.BaseClass - Found Element By {by.toString()}
2023-11-29 22:37:17,507 [main] INFO  base.BaseClass - Trying to find Element By {by.toString()})
2023-11-29 22:37:17,532 [main] INFO  base.BaseClass - Found Element By {by.toString()}
2023-11-29 22:37:18,053 [main] INFO  base.BaseClass - Trying to find Element By {by.toString()})
2023-11-29 22:37:18,078 [main] INFO  base.BaseClass - Found Element By {by.toString()}
2023-11-29 22:37:18,611 [main] INFO  base.BaseClass - Trying to find Element By {by.toString()})
2023-11-29 22:37:18,636 [main] INFO  base.BaseClass - Found Element By {by.toString()}
2023-11-29 22:37:19,171 [main] INFO  base.BaseClass - Trying to find Element By {by.toString()})
2023-11-29 22:37:19,197 [main] INFO  base.BaseClass - Found Element By {by.toString()}
2023-11-29 22:37:19,732 [main] INFO  base.BaseClass - Trying to find Element By {by.toString()})
2023-11-29 22:37:19,755 [main] INFO  base.BaseClass - Found Element By {by.toString()}
2023-11-29 22:37:20,299 [main] INFO  base.BaseClass - Trying to find Element By {by.toString()})
2023-11-29 22:37:20,324 [main] INFO  base.BaseClass - Found Element By {by.toString()}
2023-11-29 22:37:20,859 [main] INFO  base.BaseClass - Trying to find Element By {by.toString()})
2023-11-29 22:37:20,882 [main] INFO  base.BaseClass - Found Element By {by.toString()}
2023-11-29 22:37:21,415 [main] INFO  base.BaseClass - Trying to find Element By {by.toString()})
2023-11-29 22:37:21,437 [main] INFO  base.BaseClass - Found Element By {by.toString()}
2023-11-29 22:37:21,974 [main] INFO  base.BaseClass - Trying to find Element By {by.toString()})
2023-11-29 22:37:21,998 [main] INFO  base.BaseClass - Found Element By {by.toString()}
2023-11-29 22:37:22,534 [main] INFO  base.BaseClass - Trying to find Element By {by.toString()})
2023-11-29 22:37:22,559 [main] INFO  base.BaseClass - Found Element By {by.toString()}
2023-11-29 22:37:23,096 [main] INFO  base.BaseClass - Trying to find Element By {by.toString()})
2023-11-29 22:37:23,121 [main] INFO  base.BaseClass - Found Element By {by.toString()}
2023-11-29 22:37:23,658 [main] INFO  base.BaseClass - Trying to find Element By {by.toString()})
2023-11-29 22:37:23,683 [main] INFO  base.BaseClass - Found Element By {by.toString()}
2023-11-29 22:37:24,220 [main] INFO  base.BaseClass - Trying to find Element By {by.toString()})
2023-11-29 22:37:24,246 [main] INFO  base.BaseClass - Found Element By {by.toString()}
2023-11-29 22:37:24,783 [main] INFO  base.BaseClass - Trying to find Element By {by.toString()})
2023-11-29 22:37:24,806 [main] INFO  base.BaseClass - Found Element By {by.toString()}
2023-11-29 22:37:25,342 [main] INFO  base.BaseClass - Trying to find Element By {by.toString()})
2023-11-29 22:37:25,367 [main] INFO  base.BaseClass - Found Element By {by.toString()}
2023-11-29 22:37:25,914 [main] INFO  base.BaseClass - Trying to find Element By {by.toString()})
2023-11-29 22:37:25,939 [main] INFO  base.BaseClass - Found Element By {by.toString()}
2023-11-29 22:37:26,478 [main] INFO  base.BaseClass - Trying to find Element By {by.toString()})
2023-11-29 22:37:26,502 [main] INFO  base.BaseClass - Found Element By {by.toString()}
2023-11-29 22:37:27,034 [main] INFO  base.BaseClass - Trying to find Element By {by.toString()})
2023-11-29 22:37:27,058 [main] INFO  base.BaseClass - Found Element By {by.toString()}
2023-11-29 22:37:27,594 [main] INFO  base.BaseClass - Trying to find Element By {by.toString()})
2023-11-29 22:37:27,619 [main] INFO  base.BaseClass - Found Element By {by.toString()}
2023-11-29 22:37:28,156 [main] INFO  base.BaseClass - Trying to find Element By {by.toString()})
2023-11-29 22:37:28,184 [main] INFO  base.BaseClass - Found Element By {by.toString()}
2023-11-29 22:37:28,723 [main] INFO  base.BaseClass - Trying to find Element By {by.toString()})
2023-11-29 22:37:28,746 [main] INFO  base.BaseClass - Found Element By {by.toString()}
2023-11-29 22:37:29,281 [main] INFO  base.BaseClass - Trying to find Element By {by.toString()})
2023-11-29 22:37:29,305 [main] INFO  base.BaseClass - Found Element By {by.toString()}
2023-11-29 22:37:29,839 [main] INFO  base.BaseClass - Trying to find Element By {by.toString()})
2023-11-29 22:37:29,864 [main] INFO  base.BaseClass - Found Element By {by.toString()}
2023-11-29 22:37:30,399 [main] INFO  base.BaseClass - Trying to find Element By {by.toString()})
2023-11-29 22:37:30,423 [main] INFO  base.BaseClass - Found Element By {by.toString()}
2023-11-29 22:37:30,959 [main] INFO  base.BaseClass - Trying to find Element By {by.toString()})
2023-11-29 22:37:30,982 [main] INFO  base.BaseClass - Found Element By {by.toString()}
2023-11-29 22:37:31,522 [main] INFO  base.BaseClass - Trying to find Element By {by.toString()})
2023-11-29 22:37:31,546 [main] INFO  base.BaseClass - Found Element By {by.toString()}
2023-11-29 22:37:32,082 [main] INFO  base.BaseClass - Trying to find Element By {by.toString()})
2023-11-29 22:37:32,105 [main] INFO  base.BaseClass - Found Element By {by.toString()}
2023-11-29 22:37:32,638 [main] INFO  base.BaseClass - Trying to find Element By {by.toString()})
2023-11-29 22:37:32,664 [main] INFO  base.BaseClass - Found Element By {by.toString()}
2023-11-29 22:37:33,199 [main] INFO  base.BaseClass - Trying to find Element By {by.toString()})
2023-11-29 22:37:33,223 [main] INFO  base.BaseClass - Found Element By {by.toString()}
TimeoutException occurred: Expected condition failed: waiting for helper.WaitUtility$5@430908f6 (tried for 30 second(s) with 500 milliseconds interval)
Build info: version: '3.141.59', revision: 'e82be7d358', time: '2018-11-14T08:17:03'
System info: host: 'DPLAP166', ip: '137.237.3.153', os.name: 'Windows 10', os.arch: 'amd64', os.version: '10.0', java.version: '19.0.1'
Driver info: org.openqa.selenium.support.events.EventFiringWebDriver
Capabilities {acceptInsecureCerts: true, browserName: chrome, browserVersion: 119.0.6045.200, chrome: {chromedriverVersion: 119.0.6045.105 (38c72552c5e..., userDataDir: C:\Users\dP-PL\AppData\Loca...}, fedcm:accounts: true, goog:chromeOptions: {debuggerAddress: localhost:58185}, javascriptEnabled: true, networkConnectionEnabled: false, pageLoadStrategy: normal, platform: WINDOWS, platformName: WINDOWS, proxy: Proxy(), setWindowRect: true, strictFileInteractability: false, timeouts: {implicit: 0, pageLoad: 300000, script: 30000}, unhandledPromptBehavior: dismiss and notify, webauthn:extension:credBlob: true, webauthn:extension:largeBlob: true, webauthn:extension:minPinLength: true, webauthn:extension:prf: true, webauthn:virtualAuthenticators: true}
Session ID: 7ab9a3b87fc78adcef8f88fb4c070441
2023-11-29 22:37:33,258 [main] ERROR XGLT_15177_Test - Element did not become visible within the specified time: Expected condition failed: waiting for helper.WaitUtility$5@430908f6 (tried for 30 second(s) with 500 milliseconds interval)
Build info: version: '3.141.59', revision: 'e82be7d358', time: '2018-11-14T08:17:03'
System info: host: 'DPLAP166', ip: '137.237.3.153', os.name: 'Windows 10', os.arch: 'amd64', os.version: '10.0', java.version: '19.0.1'
Driver info: org.openqa.selenium.support.events.EventFiringWebDriver
Capabilities {acceptInsecureCerts: true, browserName: chrome, browserVersion: 119.0.6045.200, chrome: {chromedriverVersion: 119.0.6045.105 (38c72552c5e..., userDataDir: C:\Users\dP-PL\AppData\Loca...}, fedcm:accounts: true, goog:chromeOptions: {debuggerAddress: localhost:58185}, javascriptEnabled: true, networkConnectionEnabled: false, pageLoadStrategy: normal, platform: WINDOWS, platformName: WINDOWS, proxy: Proxy(), setWindowRect: true, strictFileInteractability: false, timeouts: {implicit: 0, pageLoad: 300000, script: 30000}, unhandledPromptBehavior: dismiss and notify, webauthn:extension:credBlob: true, webauthn:extension:largeBlob: true, webauthn:extension:minPinLength: true, webauthn:extension:prf: true, webauthn:virtualAuthenticators: true}
Session ID: 7ab9a3b87fc78adcef8f88fb4c070441
2023-11-29 22:37:33,258 [main] INFO  base.BaseClass - Trying to find Element By {by.toString()})
2023-11-29 22:37:33,279 [main] INFO  base.BaseClass - Found Element By {by.toString()}
2023-11-29 22:37:33,279 [main] INFO  base.BaseClass - Trying to click on: {element.toString()}
2023-11-29 22:37:33,409 [main] INFO  base.BaseClass - Clicked on: {element.toString()}
2023-11-29 22:37:33,409 [main] INFO  base.BaseClass - Trying to find Element By {by.toString()})
2023-11-29 22:37:33,422 [main] INFO  base.BaseClass - Found Element By {by.toString()}
Writing on Excel file Finished ...
CreateCommodityCode passed!
]]></system-out>
    <system-err><![CDATA[Starting ChromeDriver 119.0.6045.105 (38c72552c5e15ba9b3117c0967a0fd105072d7c6-refs/branch-heads/6045@{#1103}) on port 2592
Only local connections are allowed.
Please see https://chromedriver.chromium.org/security-considerations for suggestions on keeping ChromeDriver safe.
ChromeDriver was started successfully.
Nov 29, 2023 10:31:54 PM org.openqa.selenium.remote.ProtocolHandshake createSession
INFO: Detected dialect: W3C
]]></system-err>
  </testcase>
  <testcase name="CreateNewRetailUnit" classname="XGLT_6751_Test" time="215.35">
    <system-out><![CDATA[2023-11-29 22:37:33,772 [main] INFO  XGLT_15177_Test - closing up browser
2023-11-29 22:37:34,310 [main] INFO  base.BaseClass - Login to XGL
2023-11-29 22:37:34,310 [main] INFO  XGLT_15177_Test - Setting up browser
2023-11-29 22:37:34,332 [main] INFO  io.github.bonigarcia.wdm.WebDriverManager - Using chromedriver 119.0.6045.105 (resolved driver for Chrome 119)
2023-11-29 22:37:34,363 [main] INFO  io.github.bonigarcia.wdm.WebDriverManager - Exporting webdriver.chrome.driver as C:\Users\dP-PL\.cache\selenium\chromedriver\win64\119.0.6045.105\chromedriver.exe
2023-11-29 22:37:35,414 [main] INFO  base.BaseClass - Before navigating to {url}
2023-11-29 22:37:40,281 [main] INFO  base.BaseClass - Navigated to {url}
2023-11-29 22:37:40,760 [main] INFO  base.BaseClass - Trying to find Element By {by.toString()})
2023-11-29 22:37:40,786 [main] INFO  base.BaseClass - Found Element By {by.toString()}
2023-11-29 22:37:40,875 [main] INFO  base.BaseClass - Trying to find Element By {by.toString()})
2023-11-29 22:37:40,898 [main] INFO  base.BaseClass - Found Element By {by.toString()}
2023-11-29 22:37:41,012 [main] INFO  base.BaseClass - Trying to find Element By {by.toString()})
2023-11-29 22:37:41,023 [main] INFO  base.BaseClass - Found Element By {by.toString()}
2023-11-29 22:37:41,023 [main] INFO  base.BaseClass - Trying to click on: {element.toString()}
2023-11-29 22:37:41,063 [main] INFO  base.BaseClass - Clicked on: {element.toString()}
2023-11-29 22:37:41,063 [main] INFO  base.BaseClass - Trying to find Element By {by.toString()})
2023-11-29 22:37:52,218 [main] INFO  base.BaseClass - Found Element By {by.toString()}
2023-11-29 22:37:52,240 [main] INFO  base.BaseClass - Trying to find Element By {by.toString()})
NoSuchElementException occurred: no such element: Unable to locate element: {"method":"xpath","selector":"//div[@class='modal-content']/div/i[contains(@class,'close')]"}
  (Session info: chrome=119.0.6045.200)
For documentation on this error, please visit: https://www.seleniumhq.org/exceptions/no_such_element.html
Build info: version: '3.141.59', revision: 'e82be7d358', time: '2018-11-14T08:17:03'
System info: host: 'DPLAP166', ip: '137.237.3.153', os.name: 'Windows 10', os.arch: 'amd64', os.version: '10.0', java.version: '19.0.1'
Driver info: org.openqa.selenium.chrome.ChromeDriver
Capabilities {acceptInsecureCerts: true, browserName: chrome, browserVersion: 119.0.6045.200, chrome: {chromedriverVersion: 119.0.6045.105 (38c72552c5e..., userDataDir: C:\Users\dP-PL\AppData\Loca...}, fedcm:accounts: true, goog:chromeOptions: {debuggerAddress: localhost:58884}, javascriptEnabled: true, networkConnectionEnabled: false, pageLoadStrategy: normal, platform: WINDOWS, platformName: WINDOWS, proxy: Proxy(), setWindowRect: true, strictFileInteractability: false, timeouts: {implicit: 0, pageLoad: 300000, script: 30000}, unhandledPromptBehavior: dismiss and notify, webauthn:extension:credBlob: true, webauthn:extension:largeBlob: true, webauthn:extension:minPinLength: true, webauthn:extension:prf: true, webauthn:virtualAuthenticators: true}
Session ID: d5e34777b24576d1432b99d150bba322
*** Element info: {Using=xpath, value=//div[@class='modal-content']/div/i[contains(@class,'close')]}
Before method Test name: Maintainance Tests
CreateNewRetailUnit started!
2023-11-29 22:38:42,335 [main] INFO  base.BaseClass - Trying to find Element By {by.toString()})
2023-11-29 22:38:42,359 [main] INFO  base.BaseClass - Found Element By {by.toString()}
2023-11-29 22:38:42,890 [main] INFO  base.BaseClass - Trying to find Element By {by.toString()})
2023-11-29 22:38:42,907 [main] INFO  base.BaseClass - Found Element By {by.toString()}
2023-11-29 22:38:43,439 [main] INFO  base.BaseClass - Trying to find Element By {by.toString()})
2023-11-29 22:38:43,456 [main] INFO  base.BaseClass - Found Element By {by.toString()}
2023-11-29 22:38:43,985 [main] INFO  base.BaseClass - Trying to find Element By {by.toString()})
2023-11-29 22:38:44,009 [main] INFO  base.BaseClass - Found Element By {by.toString()}
2023-11-29 22:38:44,546 [main] INFO  base.BaseClass - Trying to find Element By {by.toString()})
2023-11-29 22:38:44,571 [main] INFO  base.BaseClass - Found Element By {by.toString()}
2023-11-29 22:38:45,101 [main] INFO  base.BaseClass - Trying to find Element By {by.toString()})
2023-11-29 22:38:45,125 [main] INFO  base.BaseClass - Found Element By {by.toString()}
2023-11-29 22:38:45,662 [main] INFO  base.BaseClass - Trying to find Element By {by.toString()})
2023-11-29 22:38:45,685 [main] INFO  base.BaseClass - Found Element By {by.toString()}
2023-11-29 22:38:46,214 [main] INFO  base.BaseClass - Trying to find Element By {by.toString()})
2023-11-29 22:38:46,239 [main] INFO  base.BaseClass - Found Element By {by.toString()}
2023-11-29 22:38:46,775 [main] INFO  base.BaseClass - Trying to find Element By {by.toString()})
2023-11-29 22:38:46,798 [main] INFO  base.BaseClass - Found Element By {by.toString()}
2023-11-29 22:38:47,334 [main] INFO  base.BaseClass - Trying to find Element By {by.toString()})
2023-11-29 22:38:47,359 [main] INFO  base.BaseClass - Found Element By {by.toString()}
2023-11-29 22:38:47,910 [main] INFO  base.BaseClass - Trying to find Element By {by.toString()})
2023-11-29 22:38:47,936 [main] INFO  base.BaseClass - Found Element By {by.toString()}
2023-11-29 22:38:48,475 [main] INFO  base.BaseClass - Trying to find Element By {by.toString()})
2023-11-29 22:38:48,499 [main] INFO  base.BaseClass - Found Element By {by.toString()}
2023-11-29 22:38:49,040 [main] INFO  base.BaseClass - Trying to find Element By {by.toString()})
2023-11-29 22:38:49,063 [main] INFO  base.BaseClass - Found Element By {by.toString()}
2023-11-29 22:38:49,599 [main] INFO  base.BaseClass - Trying to find Element By {by.toString()})
2023-11-29 22:38:49,623 [main] INFO  base.BaseClass - Found Element By {by.toString()}
2023-11-29 22:38:50,159 [main] INFO  base.BaseClass - Trying to find Element By {by.toString()})
2023-11-29 22:38:50,184 [main] INFO  base.BaseClass - Found Element By {by.toString()}
2023-11-29 22:38:50,721 [main] INFO  base.BaseClass - Trying to find Element By {by.toString()})
2023-11-29 22:38:50,748 [main] INFO  base.BaseClass - Found Element By {by.toString()}
2023-11-29 22:38:51,283 [main] INFO  base.BaseClass - Trying to find Element By {by.toString()})
2023-11-29 22:38:51,308 [main] INFO  base.BaseClass - Found Element By {by.toString()}
2023-11-29 22:38:51,843 [main] INFO  base.BaseClass - Trying to find Element By {by.toString()})
2023-11-29 22:38:51,867 [main] INFO  base.BaseClass - Found Element By {by.toString()}
2023-11-29 22:38:52,401 [main] INFO  base.BaseClass - Trying to find Element By {by.toString()})
2023-11-29 22:38:52,425 [main] INFO  base.BaseClass - Found Element By {by.toString()}
2023-11-29 22:38:52,955 [main] INFO  base.BaseClass - Trying to find Element By {by.toString()})
2023-11-29 22:38:52,978 [main] INFO  base.BaseClass - Found Element By {by.toString()}
2023-11-29 22:38:53,525 [main] INFO  base.BaseClass - Trying to find Element By {by.toString()})
2023-11-29 22:38:53,539 [main] INFO  base.BaseClass - Found Element By {by.toString()}
2023-11-29 22:38:54,069 [main] INFO  base.BaseClass - Trying to find Element By {by.toString()})
2023-11-29 22:38:54,094 [main] INFO  base.BaseClass - Found Element By {by.toString()}
2023-11-29 22:38:54,634 [main] INFO  base.BaseClass - Trying to find Element By {by.toString()})
2023-11-29 22:38:54,658 [main] INFO  base.BaseClass - Found Element By {by.toString()}
2023-11-29 22:38:55,200 [main] INFO  base.BaseClass - Trying to find Element By {by.toString()})
2023-11-29 22:38:55,225 [main] INFO  base.BaseClass - Found Element By {by.toString()}
2023-11-29 22:38:55,762 [main] INFO  base.BaseClass - Trying to find Element By {by.toString()})
2023-11-29 22:38:55,786 [main] INFO  base.BaseClass - Found Element By {by.toString()}
2023-11-29 22:38:56,323 [main] INFO  base.BaseClass - Trying to find Element By {by.toString()})
2023-11-29 22:38:56,347 [main] INFO  base.BaseClass - Found Element By {by.toString()}
2023-11-29 22:38:56,889 [main] INFO  base.BaseClass - Trying to find Element By {by.toString()})
2023-11-29 22:38:56,915 [main] INFO  base.BaseClass - Found Element By {by.toString()}
2023-11-29 22:38:57,453 [main] INFO  base.BaseClass - Trying to find Element By {by.toString()})
2023-11-29 22:38:57,477 [main] INFO  base.BaseClass - Found Element By {by.toString()}
2023-11-29 22:38:58,023 [main] INFO  base.BaseClass - Trying to find Element By {by.toString()})
2023-11-29 22:38:58,047 [main] INFO  base.BaseClass - Found Element By {by.toString()}
2023-11-29 22:38:58,585 [main] INFO  base.BaseClass - Trying to find Element By {by.toString()})
2023-11-29 22:38:58,600 [main] INFO  base.BaseClass - Found Element By {by.toString()}
2023-11-29 22:38:59,125 [main] INFO  base.BaseClass - Trying to find Element By {by.toString()})
2023-11-29 22:38:59,150 [main] INFO  base.BaseClass - Found Element By {by.toString()}
2023-11-29 22:38:59,678 [main] INFO  base.BaseClass - Trying to find Element By {by.toString()})
2023-11-29 22:38:59,704 [main] INFO  base.BaseClass - Found Element By {by.toString()}
2023-11-29 22:39:00,236 [main] INFO  base.BaseClass - Trying to find Element By {by.toString()})
2023-11-29 22:39:00,260 [main] INFO  base.BaseClass - Found Element By {by.toString()}
2023-11-29 22:39:00,799 [main] INFO  base.BaseClass - Trying to find Element By {by.toString()})
2023-11-29 22:39:00,825 [main] INFO  base.BaseClass - Found Element By {by.toString()}
2023-11-29 22:39:01,360 [main] INFO  base.BaseClass - Trying to find Element By {by.toString()})
2023-11-29 22:39:01,384 [main] INFO  base.BaseClass - Found Element By {by.toString()}
2023-11-29 22:39:01,919 [main] INFO  base.BaseClass - Trying to find Element By {by.toString()})
2023-11-29 22:39:01,946 [main] INFO  base.BaseClass - Found Element By {by.toString()}
2023-11-29 22:39:02,481 [main] INFO  base.BaseClass - Trying to find Element By {by.toString()})
2023-11-29 22:39:02,505 [main] INFO  base.BaseClass - Found Element By {by.toString()}
2023-11-29 22:39:03,038 [main] INFO  base.BaseClass - Trying to find Element By {by.toString()})
2023-11-29 22:39:03,062 [main] INFO  base.BaseClass - Found Element By {by.toString()}
2023-11-29 22:39:03,591 [main] INFO  base.BaseClass - Trying to find Element By {by.toString()})
2023-11-29 22:39:03,619 [main] INFO  base.BaseClass - Found Element By {by.toString()}
2023-11-29 22:39:04,164 [main] INFO  base.BaseClass - Trying to find Element By {by.toString()})
2023-11-29 22:39:04,188 [main] INFO  base.BaseClass - Found Element By {by.toString()}
2023-11-29 22:39:04,726 [main] INFO  base.BaseClass - Trying to find Element By {by.toString()})
2023-11-29 22:39:04,750 [main] INFO  base.BaseClass - Found Element By {by.toString()}
2023-11-29 22:39:05,287 [main] INFO  base.BaseClass - Trying to find Element By {by.toString()})
2023-11-29 22:39:05,311 [main] INFO  base.BaseClass - Found Element By {by.toString()}
2023-11-29 22:39:05,849 [main] INFO  base.BaseClass - Trying to find Element By {by.toString()})
2023-11-29 22:39:05,866 [main] INFO  base.BaseClass - Found Element By {by.toString()}
2023-11-29 22:39:06,382 [main] INFO  base.BaseClass - Trying to find Element By {by.toString()})
2023-11-29 22:39:06,407 [main] INFO  base.BaseClass - Found Element By {by.toString()}
2023-11-29 22:39:06,944 [main] INFO  base.BaseClass - Trying to find Element By {by.toString()})
2023-11-29 22:39:06,969 [main] INFO  base.BaseClass - Found Element By {by.toString()}
2023-11-29 22:39:07,500 [main] INFO  base.BaseClass - Trying to find Element By {by.toString()})
2023-11-29 22:39:07,525 [main] INFO  base.BaseClass - Found Element By {by.toString()}
2023-11-29 22:39:08,061 [main] INFO  base.BaseClass - Trying to find Element By {by.toString()})
2023-11-29 22:39:08,087 [main] INFO  base.BaseClass - Found Element By {by.toString()}
2023-11-29 22:39:08,630 [main] INFO  base.BaseClass - Trying to find Element By {by.toString()})
2023-11-29 22:39:08,654 [main] INFO  base.BaseClass - Found Element By {by.toString()}
2023-11-29 22:39:09,193 [main] INFO  base.BaseClass - Trying to find Element By {by.toString()})
2023-11-29 22:39:09,218 [main] INFO  base.BaseClass - Found Element By {by.toString()}
2023-11-29 22:39:09,755 [main] INFO  base.BaseClass - Trying to find Element By {by.toString()})
2023-11-29 22:39:09,779 [main] INFO  base.BaseClass - Found Element By {by.toString()}
2023-11-29 22:39:10,314 [main] INFO  base.BaseClass - Trying to find Element By {by.toString()})
2023-11-29 22:39:10,339 [main] INFO  base.BaseClass - Found Element By {by.toString()}
2023-11-29 22:39:10,876 [main] INFO  base.BaseClass - Trying to find Element By {by.toString()})
2023-11-29 22:39:10,901 [main] INFO  base.BaseClass - Found Element By {by.toString()}
2023-11-29 22:39:11,426 [main] INFO  base.BaseClass - Trying to find Element By {by.toString()})
2023-11-29 22:39:11,448 [main] INFO  base.BaseClass - Found Element By {by.toString()}
2023-11-29 22:39:11,989 [main] INFO  base.BaseClass - Trying to find Element By {by.toString()})
2023-11-29 22:39:12,013 [main] INFO  base.BaseClass - Found Element By {by.toString()}
2023-11-29 22:39:12,550 [main] INFO  base.BaseClass - Trying to find Element By {by.toString()})
2023-11-29 22:39:12,574 [main] INFO  base.BaseClass - Found Element By {by.toString()}
TimeoutException occurred: Expected condition failed: waiting for helper.WaitUtility$5@6fd763b0 (tried for 30 second(s) with 500 milliseconds interval)
Build info: version: '3.141.59', revision: 'e82be7d358', time: '2018-11-14T08:17:03'
System info: host: 'DPLAP166', ip: '137.237.3.153', os.name: 'Windows 10', os.arch: 'amd64', os.version: '10.0', java.version: '19.0.1'
Driver info: org.openqa.selenium.support.events.EventFiringWebDriver
Capabilities {acceptInsecureCerts: true, browserName: chrome, browserVersion: 119.0.6045.200, chrome: {chromedriverVersion: 119.0.6045.105 (38c72552c5e..., userDataDir: C:\Users\dP-PL\AppData\Loca...}, fedcm:accounts: true, goog:chromeOptions: {debuggerAddress: localhost:58884}, javascriptEnabled: true, networkConnectionEnabled: false, pageLoadStrategy: normal, platform: WINDOWS, platformName: WINDOWS, proxy: Proxy(), setWindowRect: true, strictFileInteractability: false, timeouts: {implicit: 0, pageLoad: 300000, script: 30000}, unhandledPromptBehavior: dismiss and notify, webauthn:extension:credBlob: true, webauthn:extension:largeBlob: true, webauthn:extension:minPinLength: true, webauthn:extension:prf: true, webauthn:virtualAuthenticators: true}
Session ID: d5e34777b24576d1432b99d150bba322
2023-11-29 22:39:12,607 [main] ERROR XGLT_15177_Test - Element did not become visible within the specified time: Expected condition failed: waiting for helper.WaitUtility$5@6fd763b0 (tried for 30 second(s) with 500 milliseconds interval)
Build info: version: '3.141.59', revision: 'e82be7d358', time: '2018-11-14T08:17:03'
System info: host: 'DPLAP166', ip: '137.237.3.153', os.name: 'Windows 10', os.arch: 'amd64', os.version: '10.0', java.version: '19.0.1'
Driver info: org.openqa.selenium.support.events.EventFiringWebDriver
Capabilities {acceptInsecureCerts: true, browserName: chrome, browserVersion: 119.0.6045.200, chrome: {chromedriverVersion: 119.0.6045.105 (38c72552c5e..., userDataDir: C:\Users\dP-PL\AppData\Loca...}, fedcm:accounts: true, goog:chromeOptions: {debuggerAddress: localhost:58884}, javascriptEnabled: true, networkConnectionEnabled: false, pageLoadStrategy: normal, platform: WINDOWS, platformName: WINDOWS, proxy: Proxy(), setWindowRect: true, strictFileInteractability: false, timeouts: {implicit: 0, pageLoad: 300000, script: 30000}, unhandledPromptBehavior: dismiss and notify, webauthn:extension:credBlob: true, webauthn:extension:largeBlob: true, webauthn:extension:minPinLength: true, webauthn:extension:prf: true, webauthn:virtualAuthenticators: true}
Session ID: d5e34777b24576d1432b99d150bba322
2023-11-29 22:39:12,607 [main] INFO  base.BaseClass - Trying to find Element By {by.toString()})
2023-11-29 22:39:12,627 [main] INFO  base.BaseClass - Found Element By {by.toString()}
2023-11-29 22:39:12,627 [main] INFO  base.BaseClass - Trying to click on: {element.toString()}
2023-11-29 22:39:12,759 [main] INFO  base.BaseClass - Clicked on: {element.toString()}
2023-11-29 22:39:12,759 [main] INFO  base.BaseClass - Trying to find Element By {by.toString()})
2023-11-29 22:39:12,772 [main] INFO  base.BaseClass - Found Element By {by.toString()}
2023-11-29 22:39:13,286 [main] INFO  base.BaseClass - Trying to find Element By {by.toString()})
2023-11-29 22:39:13,311 [main] INFO  base.BaseClass - Found Element By {by.toString()}
2023-11-29 22:39:13,849 [main] INFO  base.BaseClass - Trying to find Element By {by.toString()})
2023-11-29 22:39:13,876 [main] INFO  base.BaseClass - Found Element By {by.toString()}
2023-11-29 22:39:14,412 [main] INFO  base.BaseClass - Trying to find Element By {by.toString()})
2023-11-29 22:39:14,440 [main] INFO  base.BaseClass - Found Element By {by.toString()}
2023-11-29 22:39:14,979 [main] INFO  base.BaseClass - Trying to find Element By {by.toString()})
2023-11-29 22:39:15,006 [main] INFO  base.BaseClass - Found Element By {by.toString()}
2023-11-29 22:39:15,543 [main] INFO  base.BaseClass - Trying to find Element By {by.toString()})
2023-11-29 22:39:15,569 [main] INFO  base.BaseClass - Found Element By {by.toString()}
2023-11-29 22:39:16,109 [main] INFO  base.BaseClass - Trying to find Element By {by.toString()})
2023-11-29 22:39:16,135 [main] INFO  base.BaseClass - Found Element By {by.toString()}
2023-11-29 22:39:16,671 [main] INFO  base.BaseClass - Trying to find Element By {by.toString()})
2023-11-29 22:39:16,696 [main] INFO  base.BaseClass - Found Element By {by.toString()}
2023-11-29 22:39:17,232 [main] INFO  base.BaseClass - Trying to find Element By {by.toString()})
2023-11-29 22:39:17,258 [main] INFO  base.BaseClass - Found Element By {by.toString()}
2023-11-29 22:39:17,792 [main] INFO  base.BaseClass - Trying to find Element By {by.toString()})
2023-11-29 22:39:17,817 [main] INFO  base.BaseClass - Found Element By {by.toString()}
2023-11-29 22:39:18,352 [main] INFO  base.BaseClass - Trying to find Element By {by.toString()})
2023-11-29 22:39:18,377 [main] INFO  base.BaseClass - Found Element By {by.toString()}
2023-11-29 22:39:18,929 [main] INFO  base.BaseClass - Trying to find Element By {by.toString()})
2023-11-29 22:39:18,954 [main] INFO  base.BaseClass - Found Element By {by.toString()}
2023-11-29 22:39:19,488 [main] INFO  base.BaseClass - Trying to find Element By {by.toString()})
2023-11-29 22:39:19,506 [main] INFO  base.BaseClass - Found Element By {by.toString()}
2023-11-29 22:39:20,041 [main] INFO  base.BaseClass - Trying to find Element By {by.toString()})
2023-11-29 22:39:20,066 [main] INFO  base.BaseClass - Found Element By {by.toString()}
2023-11-29 22:39:20,605 [main] INFO  base.BaseClass - Trying to find Element By {by.toString()})
2023-11-29 22:39:20,631 [main] INFO  base.BaseClass - Found Element By {by.toString()}
2023-11-29 22:39:21,171 [main] INFO  base.BaseClass - Trying to find Element By {by.toString()})
2023-11-29 22:39:21,197 [main] INFO  base.BaseClass - Found Element By {by.toString()}
2023-11-29 22:39:21,733 [main] INFO  base.BaseClass - Trying to find Element By {by.toString()})
2023-11-29 22:39:21,759 [main] INFO  base.BaseClass - Found Element By {by.toString()}
2023-11-29 22:39:22,297 [main] INFO  base.BaseClass - Trying to find Element By {by.toString()})
2023-11-29 22:39:22,322 [main] INFO  base.BaseClass - Found Element By {by.toString()}
2023-11-29 22:39:22,858 [main] INFO  base.BaseClass - Trying to find Element By {by.toString()})
2023-11-29 22:39:22,884 [main] INFO  base.BaseClass - Found Element By {by.toString()}
2023-11-29 22:39:23,424 [main] INFO  base.BaseClass - Trying to find Element By {by.toString()})
2023-11-29 22:39:23,449 [main] INFO  base.BaseClass - Found Element By {by.toString()}
2023-11-29 22:39:23,986 [main] INFO  base.BaseClass - Trying to find Element By {by.toString()})
2023-11-29 22:39:24,010 [main] INFO  base.BaseClass - Found Element By {by.toString()}
2023-11-29 22:39:24,544 [main] INFO  base.BaseClass - Trying to find Element By {by.toString()})
2023-11-29 22:39:24,569 [main] INFO  base.BaseClass - Found Element By {by.toString()}
2023-11-29 22:39:25,104 [main] INFO  base.BaseClass - Trying to find Element By {by.toString()})
2023-11-29 22:39:25,128 [main] INFO  base.BaseClass - Found Element By {by.toString()}
2023-11-29 22:39:25,667 [main] INFO  base.BaseClass - Trying to find Element By {by.toString()})
2023-11-29 22:39:25,691 [main] INFO  base.BaseClass - Found Element By {by.toString()}
2023-11-29 22:39:26,225 [main] INFO  base.BaseClass - Trying to find Element By {by.toString()})
2023-11-29 22:39:26,251 [main] INFO  base.BaseClass - Found Element By {by.toString()}
2023-11-29 22:39:26,787 [main] INFO  base.BaseClass - Trying to find Element By {by.toString()})
2023-11-29 22:39:26,814 [main] INFO  base.BaseClass - Found Element By {by.toString()}
2023-11-29 22:39:27,349 [main] INFO  base.BaseClass - Trying to find Element By {by.toString()})
2023-11-29 22:39:27,374 [main] INFO  base.BaseClass - Found Element By {by.toString()}
2023-11-29 22:39:27,909 [main] INFO  base.BaseClass - Trying to find Element By {by.toString()})
2023-11-29 22:39:27,934 [main] INFO  base.BaseClass - Found Element By {by.toString()}
2023-11-29 22:39:28,468 [main] INFO  base.BaseClass - Trying to find Element By {by.toString()})
2023-11-29 22:39:28,492 [main] INFO  base.BaseClass - Found Element By {by.toString()}
2023-11-29 22:39:29,029 [main] INFO  base.BaseClass - Trying to find Element By {by.toString()})
2023-11-29 22:39:29,054 [main] INFO  base.BaseClass - Found Element By {by.toString()}
2023-11-29 22:39:29,590 [main] INFO  base.BaseClass - Trying to find Element By {by.toString()})
2023-11-29 22:39:29,614 [main] INFO  base.BaseClass - Found Element By {by.toString()}
2023-11-29 22:39:30,153 [main] INFO  base.BaseClass - Trying to find Element By {by.toString()})
2023-11-29 22:39:30,201 [main] INFO  base.BaseClass - Found Element By {by.toString()}
2023-11-29 22:39:30,727 [main] INFO  base.BaseClass - Trying to find Element By {by.toString()})
2023-11-29 22:39:30,753 [main] INFO  base.BaseClass - Found Element By {by.toString()}
2023-11-29 22:39:31,287 [main] INFO  base.BaseClass - Trying to find Element By {by.toString()})
2023-11-29 22:39:31,314 [main] INFO  base.BaseClass - Found Element By {by.toString()}
2023-11-29 22:39:31,850 [main] INFO  base.BaseClass - Trying to find Element By {by.toString()})
2023-11-29 22:39:31,874 [main] INFO  base.BaseClass - Found Element By {by.toString()}
2023-11-29 22:39:32,412 [main] INFO  base.BaseClass - Trying to find Element By {by.toString()})
2023-11-29 22:39:32,437 [main] INFO  base.BaseClass - Found Element By {by.toString()}
2023-11-29 22:39:32,969 [main] INFO  base.BaseClass - Trying to find Element By {by.toString()})
2023-11-29 22:39:32,995 [main] INFO  base.BaseClass - Found Element By {by.toString()}
2023-11-29 22:39:33,532 [main] INFO  base.BaseClass - Trying to find Element By {by.toString()})
2023-11-29 22:39:33,558 [main] INFO  base.BaseClass - Found Element By {by.toString()}
2023-11-29 22:39:34,130 [main] INFO  base.BaseClass - Trying to find Element By {by.toString()})
2023-11-29 22:39:34,157 [main] INFO  base.BaseClass - Found Element By {by.toString()}
2023-11-29 22:39:34,695 [main] INFO  base.BaseClass - Trying to find Element By {by.toString()})
2023-11-29 22:39:34,720 [main] INFO  base.BaseClass - Found Element By {by.toString()}
2023-11-29 22:39:35,264 [main] INFO  base.BaseClass - Trying to find Element By {by.toString()})
2023-11-29 22:39:35,289 [main] INFO  base.BaseClass - Found Element By {by.toString()}
2023-11-29 22:39:35,836 [main] INFO  base.BaseClass - Trying to find Element By {by.toString()})
2023-11-29 22:39:35,862 [main] INFO  base.BaseClass - Found Element By {by.toString()}
2023-11-29 22:39:36,394 [main] INFO  base.BaseClass - Trying to find Element By {by.toString()})
2023-11-29 22:39:36,419 [main] INFO  base.BaseClass - Found Element By {by.toString()}
2023-11-29 22:39:36,955 [main] INFO  base.BaseClass - Trying to find Element By {by.toString()})
2023-11-29 22:39:36,980 [main] INFO  base.BaseClass - Found Element By {by.toString()}
2023-11-29 22:39:37,523 [main] INFO  base.BaseClass - Trying to find Element By {by.toString()})
2023-11-29 22:39:37,541 [main] INFO  base.BaseClass - Found Element By {by.toString()}
2023-11-29 22:39:38,061 [main] INFO  base.BaseClass - Trying to find Element By {by.toString()})
2023-11-29 22:39:38,070 [main] INFO  base.BaseClass - Found Element By {by.toString()}
2023-11-29 22:39:38,581 [main] INFO  base.BaseClass - Trying to find Element By {by.toString()})
2023-11-29 22:39:38,590 [main] INFO  base.BaseClass - Found Element By {by.toString()}
2023-11-29 22:39:39,104 [main] INFO  base.BaseClass - Trying to find Element By {by.toString()})
2023-11-29 22:39:39,130 [main] INFO  base.BaseClass - Found Element By {by.toString()}
2023-11-29 22:39:39,673 [main] INFO  base.BaseClass - Trying to find Element By {by.toString()})
2023-11-29 22:39:39,698 [main] INFO  base.BaseClass - Found Element By {by.toString()}
2023-11-29 22:39:40,235 [main] INFO  base.BaseClass - Trying to find Element By {by.toString()})
2023-11-29 22:39:40,261 [main] INFO  base.BaseClass - Found Element By {by.toString()}
2023-11-29 22:39:40,798 [main] INFO  base.BaseClass - Trying to find Element By {by.toString()})
2023-11-29 22:39:40,823 [main] INFO  base.BaseClass - Found Element By {by.toString()}
2023-11-29 22:39:41,365 [main] INFO  base.BaseClass - Trying to find Element By {by.toString()})
2023-11-29 22:39:41,391 [main] INFO  base.BaseClass - Found Element By {by.toString()}
2023-11-29 22:39:41,940 [main] INFO  base.BaseClass - Trying to find Element By {by.toString()})
2023-11-29 22:39:41,965 [main] INFO  base.BaseClass - Found Element By {by.toString()}
2023-11-29 22:39:42,506 [main] INFO  base.BaseClass - Trying to find Element By {by.toString()})
2023-11-29 22:39:42,531 [main] INFO  base.BaseClass - Found Element By {by.toString()}
2023-11-29 22:39:43,067 [main] INFO  base.BaseClass - Trying to find Element By {by.toString()})
2023-11-29 22:39:43,093 [main] INFO  base.BaseClass - Found Element By {by.toString()}
TimeoutException occurred: Expected condition failed: waiting for helper.WaitUtility$5@6c077a89 (tried for 30 second(s) with 500 milliseconds interval)
Build info: version: '3.141.59', revision: 'e82be7d358', time: '2018-11-14T08:17:03'
System info: host: 'DPLAP166', ip: '137.237.3.153', os.name: 'Windows 10', os.arch: 'amd64', os.version: '10.0', java.version: '19.0.1'
Driver info: org.openqa.selenium.support.events.EventFiringWebDriver
Capabilities {acceptInsecureCerts: true, browserName: chrome, browserVersion: 119.0.6045.200, chrome: {chromedriverVersion: 119.0.6045.105 (38c72552c5e..., userDataDir: C:\Users\dP-PL\AppData\Loca...}, fedcm:accounts: true, goog:chromeOptions: {debuggerAddress: localhost:58884}, javascriptEnabled: true, networkConnectionEnabled: false, pageLoadStrategy: normal, platform: WINDOWS, platformName: WINDOWS, proxy: Proxy(), setWindowRect: true, strictFileInteractability: false, timeouts: {implicit: 0, pageLoad: 300000, script: 30000}, unhandledPromptBehavior: dismiss and notify, webauthn:extension:credBlob: true, webauthn:extension:largeBlob: true, webauthn:extension:minPinLength: true, webauthn:extension:prf: true, webauthn:virtualAuthenticators: true}
Session ID: d5e34777b24576d1432b99d150bba322
2023-11-29 22:39:43,127 [main] ERROR XGLT_15177_Test - Element did not become visible within the specified time: Expected condition failed: waiting for helper.WaitUtility$5@6c077a89 (tried for 30 second(s) with 500 milliseconds interval)
Build info: version: '3.141.59', revision: 'e82be7d358', time: '2018-11-14T08:17:03'
System info: host: 'DPLAP166', ip: '137.237.3.153', os.name: 'Windows 10', os.arch: 'amd64', os.version: '10.0', java.version: '19.0.1'
Driver info: org.openqa.selenium.support.events.EventFiringWebDriver
Capabilities {acceptInsecureCerts: true, browserName: chrome, browserVersion: 119.0.6045.200, chrome: {chromedriverVersion: 119.0.6045.105 (38c72552c5e..., userDataDir: C:\Users\dP-PL\AppData\Loca...}, fedcm:accounts: true, goog:chromeOptions: {debuggerAddress: localhost:58884}, javascriptEnabled: true, networkConnectionEnabled: false, pageLoadStrategy: normal, platform: WINDOWS, platformName: WINDOWS, proxy: Proxy(), setWindowRect: true, strictFileInteractability: false, timeouts: {implicit: 0, pageLoad: 300000, script: 30000}, unhandledPromptBehavior: dismiss and notify, webauthn:extension:credBlob: true, webauthn:extension:largeBlob: true, webauthn:extension:minPinLength: true, webauthn:extension:prf: true, webauthn:virtualAuthenticators: true}
Session ID: d5e34777b24576d1432b99d150bba322
2023-11-29 22:39:43,127 [main] INFO  base.BaseClass - Trying to find Element By {by.toString()})
2023-11-29 22:39:43,151 [main] INFO  base.BaseClass - Found Element By {by.toString()}
2023-11-29 22:39:43,151 [main] INFO  base.BaseClass - Trying to click on: {element.toString()}
2023-11-29 22:39:43,389 [main] INFO  base.BaseClass - Clicked on: {element.toString()}
2023-11-29 22:39:43,389 [main] INFO  base.BaseClass - Trying to find Element By {by.toString()})
2023-11-29 22:39:43,416 [main] INFO  base.BaseClass - Found Element By {by.toString()}
2023-11-29 22:39:43,429 [main] INFO  base.BaseClass - Trying to find Element By {by.toString()})
2023-11-29 22:39:43,443 [main] INFO  base.BaseClass - Found Element By {by.toString()}
2023-11-29 22:39:43,961 [main] INFO  base.BaseClass - Trying to find Element By {by.toString()})
2023-11-29 22:39:43,988 [main] INFO  base.BaseClass - Found Element By {by.toString()}
2023-11-29 22:39:44,552 [main] INFO  base.BaseClass - Trying to find Element By {by.toString()})
2023-11-29 22:39:44,582 [main] INFO  base.BaseClass - Found Element By {by.toString()}
2023-11-29 22:39:45,129 [main] INFO  base.BaseClass - Trying to find Element By {by.toString()})
2023-11-29 22:39:45,154 [main] INFO  base.BaseClass - Found Element By {by.toString()}
2023-11-29 22:39:45,691 [main] INFO  base.BaseClass - Trying to find Element By {by.toString()})
2023-11-29 22:39:45,716 [main] INFO  base.BaseClass - Found Element By {by.toString()}
2023-11-29 22:39:46,253 [main] INFO  base.BaseClass - Trying to find Element By {by.toString()})
2023-11-29 22:39:46,278 [main] INFO  base.BaseClass - Found Element By {by.toString()}
2023-11-29 22:39:46,817 [main] INFO  base.BaseClass - Trying to find Element By {by.toString()})
2023-11-29 22:39:46,843 [main] INFO  base.BaseClass - Found Element By {by.toString()}
2023-11-29 22:39:47,384 [main] INFO  base.BaseClass - Trying to find Element By {by.toString()})
2023-11-29 22:39:47,408 [main] INFO  base.BaseClass - Found Element By {by.toString()}
2023-11-29 22:39:47,957 [main] INFO  base.BaseClass - Trying to find Element By {by.toString()})
2023-11-29 22:39:47,982 [main] INFO  base.BaseClass - Found Element By {by.toString()}
2023-11-29 22:39:48,520 [main] INFO  base.BaseClass - Trying to find Element By {by.toString()})
2023-11-29 22:39:48,545 [main] INFO  base.BaseClass - Found Element By {by.toString()}
2023-11-29 22:39:49,083 [main] INFO  base.BaseClass - Trying to find Element By {by.toString()})
2023-11-29 22:39:49,108 [main] INFO  base.BaseClass - Found Element By {by.toString()}
2023-11-29 22:39:49,636 [main] INFO  base.BaseClass - Trying to find Element By {by.toString()})
2023-11-29 22:39:49,661 [main] INFO  base.BaseClass - Found Element By {by.toString()}
2023-11-29 22:39:50,201 [main] INFO  base.BaseClass - Trying to find Element By {by.toString()})
2023-11-29 22:39:50,225 [main] INFO  base.BaseClass - Found Element By {by.toString()}
2023-11-29 22:39:50,763 [main] INFO  base.BaseClass - Trying to find Element By {by.toString()})
2023-11-29 22:39:50,787 [main] INFO  base.BaseClass - Found Element By {by.toString()}
2023-11-29 22:39:51,320 [main] INFO  base.BaseClass - Trying to find Element By {by.toString()})
2023-11-29 22:39:51,345 [main] INFO  base.BaseClass - Found Element By {by.toString()}
2023-11-29 22:39:51,883 [main] INFO  base.BaseClass - Trying to find Element By {by.toString()})
2023-11-29 22:39:51,908 [main] INFO  base.BaseClass - Found Element By {by.toString()}
2023-11-29 22:39:52,441 [main] INFO  base.BaseClass - Trying to find Element By {by.toString()})
2023-11-29 22:39:52,468 [main] INFO  base.BaseClass - Found Element By {by.toString()}
2023-11-29 22:39:53,018 [main] INFO  base.BaseClass - Trying to find Element By {by.toString()})
2023-11-29 22:39:53,043 [main] INFO  base.BaseClass - Found Element By {by.toString()}
2023-11-29 22:39:53,577 [main] INFO  base.BaseClass - Trying to find Element By {by.toString()})
2023-11-29 22:39:53,602 [main] INFO  base.BaseClass - Found Element By {by.toString()}
2023-11-29 22:39:54,137 [main] INFO  base.BaseClass - Trying to find Element By {by.toString()})
2023-11-29 22:39:54,161 [main] INFO  base.BaseClass - Found Element By {by.toString()}
2023-11-29 22:39:54,700 [main] INFO  base.BaseClass - Trying to find Element By {by.toString()})
2023-11-29 22:39:54,725 [main] INFO  base.BaseClass - Found Element By {by.toString()}
2023-11-29 22:39:55,263 [main] INFO  base.BaseClass - Trying to find Element By {by.toString()})
2023-11-29 22:39:55,288 [main] INFO  base.BaseClass - Found Element By {by.toString()}
2023-11-29 22:39:55,821 [main] INFO  base.BaseClass - Trying to find Element By {by.toString()})
2023-11-29 22:39:55,847 [main] INFO  base.BaseClass - Found Element By {by.toString()}
2023-11-29 22:39:56,381 [main] INFO  base.BaseClass - Trying to find Element By {by.toString()})
2023-11-29 22:39:56,405 [main] INFO  base.BaseClass - Found Element By {by.toString()}
2023-11-29 22:39:56,942 [main] INFO  base.BaseClass - Trying to find Element By {by.toString()})
2023-11-29 22:39:56,967 [main] INFO  base.BaseClass - Found Element By {by.toString()}
2023-11-29 22:39:57,502 [main] INFO  base.BaseClass - Trying to find Element By {by.toString()})
2023-11-29 22:39:57,540 [main] INFO  base.BaseClass - Found Element By {by.toString()}
2023-11-29 22:39:58,077 [main] INFO  base.BaseClass - Trying to find Element By {by.toString()})
2023-11-29 22:39:58,105 [main] INFO  base.BaseClass - Found Element By {by.toString()}
2023-11-29 22:39:58,639 [main] INFO  base.BaseClass - Trying to find Element By {by.toString()})
2023-11-29 22:39:58,663 [main] INFO  base.BaseClass - Found Element By {by.toString()}
2023-11-29 22:39:59,197 [main] INFO  base.BaseClass - Trying to find Element By {by.toString()})
2023-11-29 22:39:59,223 [main] INFO  base.BaseClass - Found Element By {by.toString()}
2023-11-29 22:39:59,758 [main] INFO  base.BaseClass - Trying to find Element By {by.toString()})
2023-11-29 22:39:59,768 [main] INFO  base.BaseClass - Found Element By {by.toString()}
2023-11-29 22:40:00,291 [main] INFO  base.BaseClass - Trying to find Element By {by.toString()})
2023-11-29 22:40:00,316 [main] INFO  base.BaseClass - Found Element By {by.toString()}
2023-11-29 22:40:00,851 [main] INFO  base.BaseClass - Trying to find Element By {by.toString()})
2023-11-29 22:40:00,877 [main] INFO  base.BaseClass - Found Element By {by.toString()}
2023-11-29 22:40:01,422 [main] INFO  base.BaseClass - Trying to find Element By {by.toString()})
2023-11-29 22:40:01,446 [main] INFO  base.BaseClass - Found Element By {by.toString()}
2023-11-29 22:40:01,981 [main] INFO  base.BaseClass - Trying to find Element By {by.toString()})
2023-11-29 22:40:02,006 [main] INFO  base.BaseClass - Found Element By {by.toString()}
2023-11-29 22:40:02,542 [main] INFO  base.BaseClass - Trying to find Element By {by.toString()})
2023-11-29 22:40:02,568 [main] INFO  base.BaseClass - Found Element By {by.toString()}
2023-11-29 22:40:03,104 [main] INFO  base.BaseClass - Trying to find Element By {by.toString()})
2023-11-29 22:40:03,130 [main] INFO  base.BaseClass - Found Element By {by.toString()}
2023-11-29 22:40:03,666 [main] INFO  base.BaseClass - Trying to find Element By {by.toString()})
2023-11-29 22:40:03,694 [main] INFO  base.BaseClass - Found Element By {by.toString()}
2023-11-29 22:40:04,228 [main] INFO  base.BaseClass - Trying to find Element By {by.toString()})
2023-11-29 22:40:04,253 [main] INFO  base.BaseClass - Found Element By {by.toString()}
2023-11-29 22:40:04,789 [main] INFO  base.BaseClass - Trying to find Element By {by.toString()})
2023-11-29 22:40:04,814 [main] INFO  base.BaseClass - Found Element By {by.toString()}
2023-11-29 22:40:05,360 [main] INFO  base.BaseClass - Trying to find Element By {by.toString()})
2023-11-29 22:40:05,384 [main] INFO  base.BaseClass - Found Element By {by.toString()}
2023-11-29 22:40:05,919 [main] INFO  base.BaseClass - Trying to find Element By {by.toString()})
2023-11-29 22:40:05,944 [main] INFO  base.BaseClass - Found Element By {by.toString()}
2023-11-29 22:40:06,479 [main] INFO  base.BaseClass - Trying to find Element By {by.toString()})
2023-11-29 22:40:06,505 [main] INFO  base.BaseClass - Found Element By {by.toString()}
2023-11-29 22:40:07,043 [main] INFO  base.BaseClass - Trying to find Element By {by.toString()})
2023-11-29 22:40:07,068 [main] INFO  base.BaseClass - Found Element By {by.toString()}
2023-11-29 22:40:07,616 [main] INFO  base.BaseClass - Trying to find Element By {by.toString()})
2023-11-29 22:40:07,643 [main] INFO  base.BaseClass - Found Element By {by.toString()}
2023-11-29 22:40:08,179 [main] INFO  base.BaseClass - Trying to find Element By {by.toString()})
2023-11-29 22:40:08,204 [main] INFO  base.BaseClass - Found Element By {by.toString()}
2023-11-29 22:40:08,741 [main] INFO  base.BaseClass - Trying to find Element By {by.toString()})
2023-11-29 22:40:08,766 [main] INFO  base.BaseClass - Found Element By {by.toString()}
2023-11-29 22:40:09,306 [main] INFO  base.BaseClass - Trying to find Element By {by.toString()})
2023-11-29 22:40:09,331 [main] INFO  base.BaseClass - Found Element By {by.toString()}
2023-11-29 22:40:09,866 [main] INFO  base.BaseClass - Trying to find Element By {by.toString()})
2023-11-29 22:40:09,889 [main] INFO  base.BaseClass - Found Element By {by.toString()}
2023-11-29 22:40:10,423 [main] INFO  base.BaseClass - Trying to find Element By {by.toString()})
2023-11-29 22:40:10,447 [main] INFO  base.BaseClass - Found Element By {by.toString()}
2023-11-29 22:40:10,982 [main] INFO  base.BaseClass - Trying to find Element By {by.toString()})
2023-11-29 22:40:11,007 [main] INFO  base.BaseClass - Found Element By {by.toString()}
2023-11-29 22:40:11,542 [main] INFO  base.BaseClass - Trying to find Element By {by.toString()})
2023-11-29 22:40:11,568 [main] INFO  base.BaseClass - Found Element By {by.toString()}
2023-11-29 22:40:12,104 [main] INFO  base.BaseClass - Trying to find Element By {by.toString()})
2023-11-29 22:40:12,129 [main] INFO  base.BaseClass - Found Element By {by.toString()}
2023-11-29 22:40:12,677 [main] INFO  base.BaseClass - Trying to find Element By {by.toString()})
2023-11-29 22:40:12,703 [main] INFO  base.BaseClass - Found Element By {by.toString()}
2023-11-29 22:40:13,239 [main] INFO  base.BaseClass - Trying to find Element By {by.toString()})
2023-11-29 22:40:13,264 [main] INFO  base.BaseClass - Found Element By {by.toString()}
2023-11-29 22:40:13,799 [main] INFO  base.BaseClass - Trying to find Element By {by.toString()})
2023-11-29 22:40:13,825 [main] INFO  base.BaseClass - Found Element By {by.toString()}
TimeoutException occurred: Expected condition failed: waiting for helper.WaitUtility$5@5d469942 (tried for 30 second(s) with 500 milliseconds interval)
Build info: version: '3.141.59', revision: 'e82be7d358', time: '2018-11-14T08:17:03'
System info: host: 'DPLAP166', ip: '137.237.3.153', os.name: 'Windows 10', os.arch: 'amd64', os.version: '10.0', java.version: '19.0.1'
Driver info: org.openqa.selenium.support.events.EventFiringWebDriver
Capabilities {acceptInsecureCerts: true, browserName: chrome, browserVersion: 119.0.6045.200, chrome: {chromedriverVersion: 119.0.6045.105 (38c72552c5e..., userDataDir: C:\Users\dP-PL\AppData\Loca...}, fedcm:accounts: true, goog:chromeOptions: {debuggerAddress: localhost:58884}, javascriptEnabled: true, networkConnectionEnabled: false, pageLoadStrategy: normal, platform: WINDOWS, platformName: WINDOWS, proxy: Proxy(), setWindowRect: true, strictFileInteractability: false, timeouts: {implicit: 0, pageLoad: 300000, script: 30000}, unhandledPromptBehavior: dismiss and notify, webauthn:extension:credBlob: true, webauthn:extension:largeBlob: true, webauthn:extension:minPinLength: true, webauthn:extension:prf: true, webauthn:virtualAuthenticators: true}
Session ID: d5e34777b24576d1432b99d150bba322
2023-11-29 22:40:13,859 [main] ERROR XGLT_15177_Test - Element did not become visible within the specified time: Expected condition failed: waiting for helper.WaitUtility$5@5d469942 (tried for 30 second(s) with 500 milliseconds interval)
Build info: version: '3.141.59', revision: 'e82be7d358', time: '2018-11-14T08:17:03'
System info: host: 'DPLAP166', ip: '137.237.3.153', os.name: 'Windows 10', os.arch: 'amd64', os.version: '10.0', java.version: '19.0.1'
Driver info: org.openqa.selenium.support.events.EventFiringWebDriver
Capabilities {acceptInsecureCerts: true, browserName: chrome, browserVersion: 119.0.6045.200, chrome: {chromedriverVersion: 119.0.6045.105 (38c72552c5e..., userDataDir: C:\Users\dP-PL\AppData\Loca...}, fedcm:accounts: true, goog:chromeOptions: {debuggerAddress: localhost:58884}, javascriptEnabled: true, networkConnectionEnabled: false, pageLoadStrategy: normal, platform: WINDOWS, platformName: WINDOWS, proxy: Proxy(), setWindowRect: true, strictFileInteractability: false, timeouts: {implicit: 0, pageLoad: 300000, script: 30000}, unhandledPromptBehavior: dismiss and notify, webauthn:extension:credBlob: true, webauthn:extension:largeBlob: true, webauthn:extension:minPinLength: true, webauthn:extension:prf: true, webauthn:virtualAuthenticators: true}
Session ID: d5e34777b24576d1432b99d150bba322
2023-11-29 22:40:13,859 [main] INFO  base.BaseClass - Trying to find Element By {by.toString()})
2023-11-29 22:40:13,882 [main] INFO  base.BaseClass - Found Element By {by.toString()}
2023-11-29 22:40:13,882 [main] INFO  base.BaseClass - Trying to click on: {element.toString()}
2023-11-29 22:40:14,088 [main] INFO  base.BaseClass - Clicked on: {element.toString()}
2023-11-29 22:40:14,088 [main] INFO  base.BaseClass - Trying to find Element By {by.toString()})
2023-11-29 22:40:14,107 [main] INFO  base.BaseClass - Found Element By {by.toString()}
2023-11-29 22:40:14,627 [main] INFO  base.BaseClass - Trying to find Element By {by.toString()})
2023-11-29 22:40:14,654 [main] INFO  base.BaseClass - Found Element By {by.toString()}
2023-11-29 22:40:15,197 [main] INFO  base.BaseClass - Trying to find Element By {by.toString()})
2023-11-29 22:40:15,225 [main] INFO  base.BaseClass - Found Element By {by.toString()}
2023-11-29 22:40:15,753 [main] INFO  base.BaseClass - Trying to find Element By {by.toString()})
2023-11-29 22:40:15,780 [main] INFO  base.BaseClass - Found Element By {by.toString()}
2023-11-29 22:40:16,320 [main] INFO  base.BaseClass - Trying to find Element By {by.toString()})
2023-11-29 22:40:16,348 [main] INFO  base.BaseClass - Found Element By {by.toString()}
2023-11-29 22:40:16,899 [main] INFO  base.BaseClass - Trying to find Element By {by.toString()})
2023-11-29 22:40:16,924 [main] INFO  base.BaseClass - Found Element By {by.toString()}
2023-11-29 22:40:17,460 [main] INFO  base.BaseClass - Trying to find Element By {by.toString()})
2023-11-29 22:40:17,488 [main] INFO  base.BaseClass - Found Element By {by.toString()}
2023-11-29 22:40:18,024 [main] INFO  base.BaseClass - Trying to find Element By {by.toString()})
2023-11-29 22:40:18,049 [main] INFO  base.BaseClass - Found Element By {by.toString()}
2023-11-29 22:40:18,589 [main] INFO  base.BaseClass - Trying to find Element By {by.toString()})
2023-11-29 22:40:18,614 [main] INFO  base.BaseClass - Found Element By {by.toString()}
2023-11-29 22:40:19,150 [main] INFO  base.BaseClass - Trying to find Element By {by.toString()})
2023-11-29 22:40:19,172 [main] INFO  base.BaseClass - Found Element By {by.toString()}
2023-11-29 22:40:19,706 [main] INFO  base.BaseClass - Trying to find Element By {by.toString()})
2023-11-29 22:40:19,731 [main] INFO  base.BaseClass - Found Element By {by.toString()}
2023-11-29 22:40:20,279 [main] INFO  base.BaseClass - Trying to find Element By {by.toString()})
2023-11-29 22:40:20,304 [main] INFO  base.BaseClass - Found Element By {by.toString()}
2023-11-29 22:40:20,838 [main] INFO  base.BaseClass - Trying to find Element By {by.toString()})
2023-11-29 22:40:20,863 [main] INFO  base.BaseClass - Found Element By {by.toString()}
2023-11-29 22:40:21,401 [main] INFO  base.BaseClass - Trying to find Element By {by.toString()})
2023-11-29 22:40:21,429 [main] INFO  base.BaseClass - Found Element By {by.toString()}
2023-11-29 22:40:21,972 [main] INFO  base.BaseClass - Trying to find Element By {by.toString()})
2023-11-29 22:40:21,996 [main] INFO  base.BaseClass - Found Element By {by.toString()}
2023-11-29 22:40:22,538 [main] INFO  base.BaseClass - Trying to find Element By {by.toString()})
2023-11-29 22:40:22,562 [main] INFO  base.BaseClass - Found Element By {by.toString()}
2023-11-29 22:40:23,096 [main] INFO  base.BaseClass - Trying to find Element By {by.toString()})
2023-11-29 22:40:23,120 [main] INFO  base.BaseClass - Found Element By {by.toString()}
2023-11-29 22:40:23,655 [main] INFO  base.BaseClass - Trying to find Element By {by.toString()})
2023-11-29 22:40:23,680 [main] INFO  base.BaseClass - Found Element By {by.toString()}
2023-11-29 22:40:24,215 [main] INFO  base.BaseClass - Trying to find Element By {by.toString()})
2023-11-29 22:40:24,239 [main] INFO  base.BaseClass - Found Element By {by.toString()}
2023-11-29 22:40:24,774 [main] INFO  base.BaseClass - Trying to find Element By {by.toString()})
2023-11-29 22:40:24,797 [main] INFO  base.BaseClass - Found Element By {by.toString()}
2023-11-29 22:40:25,333 [main] INFO  base.BaseClass - Trying to find Element By {by.toString()})
2023-11-29 22:40:25,356 [main] INFO  base.BaseClass - Found Element By {by.toString()}
2023-11-29 22:40:25,877 [main] INFO  base.BaseClass - Trying to find Element By {by.toString()})
2023-11-29 22:40:25,902 [main] INFO  base.BaseClass - Found Element By {by.toString()}
2023-11-29 22:40:26,448 [main] INFO  base.BaseClass - Trying to find Element By {by.toString()})
2023-11-29 22:40:26,472 [main] INFO  base.BaseClass - Found Element By {by.toString()}
2023-11-29 22:40:27,009 [main] INFO  base.BaseClass - Trying to find Element By {by.toString()})
2023-11-29 22:40:27,034 [main] INFO  base.BaseClass - Found Element By {by.toString()}
2023-11-29 22:40:27,568 [main] INFO  base.BaseClass - Trying to find Element By {by.toString()})
2023-11-29 22:40:27,593 [main] INFO  base.BaseClass - Found Element By {by.toString()}
2023-11-29 22:40:28,127 [main] INFO  base.BaseClass - Trying to find Element By {by.toString()})
2023-11-29 22:40:28,152 [main] INFO  base.BaseClass - Found Element By {by.toString()}
2023-11-29 22:40:28,688 [main] INFO  base.BaseClass - Trying to find Element By {by.toString()})
2023-11-29 22:40:28,712 [main] INFO  base.BaseClass - Found Element By {by.toString()}
2023-11-29 22:40:29,252 [main] INFO  base.BaseClass - Trying to find Element By {by.toString()})
2023-11-29 22:40:29,275 [main] INFO  base.BaseClass - Found Element By {by.toString()}
2023-11-29 22:40:29,816 [main] INFO  base.BaseClass - Trying to find Element By {by.toString()})
2023-11-29 22:40:29,840 [main] INFO  base.BaseClass - Found Element By {by.toString()}
2023-11-29 22:40:30,374 [main] INFO  base.BaseClass - Trying to find Element By {by.toString()})
2023-11-29 22:40:30,397 [main] INFO  base.BaseClass - Found Element By {by.toString()}
2023-11-29 22:40:30,933 [main] INFO  base.BaseClass - Trying to find Element By {by.toString()})
2023-11-29 22:40:30,959 [main] INFO  base.BaseClass - Found Element By {by.toString()}
2023-11-29 22:40:31,496 [main] INFO  base.BaseClass - Trying to find Element By {by.toString()})
2023-11-29 22:40:31,521 [main] INFO  base.BaseClass - Found Element By {by.toString()}
2023-11-29 22:40:32,054 [main] INFO  base.BaseClass - Trying to find Element By {by.toString()})
2023-11-29 22:40:32,077 [main] INFO  base.BaseClass - Found Element By {by.toString()}
2023-11-29 22:40:32,613 [main] INFO  base.BaseClass - Trying to find Element By {by.toString()})
2023-11-29 22:40:32,637 [main] INFO  base.BaseClass - Found Element By {by.toString()}
2023-11-29 22:40:33,172 [main] INFO  base.BaseClass - Trying to find Element By {by.toString()})
2023-11-29 22:40:33,195 [main] INFO  base.BaseClass - Found Element By {by.toString()}
2023-11-29 22:40:33,733 [main] INFO  base.BaseClass - Trying to find Element By {by.toString()})
2023-11-29 22:40:33,757 [main] INFO  base.BaseClass - Found Element By {by.toString()}
2023-11-29 22:40:34,296 [main] INFO  base.BaseClass - Trying to find Element By {by.toString()})
2023-11-29 22:40:34,324 [main] INFO  base.BaseClass - Found Element By {by.toString()}
2023-11-29 22:40:34,870 [main] INFO  base.BaseClass - Trying to find Element By {by.toString()})
2023-11-29 22:40:34,894 [main] INFO  base.BaseClass - Found Element By {by.toString()}
2023-11-29 22:40:35,434 [main] INFO  base.BaseClass - Trying to find Element By {by.toString()})
2023-11-29 22:40:35,458 [main] INFO  base.BaseClass - Found Element By {by.toString()}
2023-11-29 22:40:35,992 [main] INFO  base.BaseClass - Trying to find Element By {by.toString()})
2023-11-29 22:40:36,017 [main] INFO  base.BaseClass - Found Element By {by.toString()}
2023-11-29 22:40:36,558 [main] INFO  base.BaseClass - Trying to find Element By {by.toString()})
2023-11-29 22:40:36,583 [main] INFO  base.BaseClass - Found Element By {by.toString()}
2023-11-29 22:40:37,116 [main] INFO  base.BaseClass - Trying to find Element By {by.toString()})
2023-11-29 22:40:37,141 [main] INFO  base.BaseClass - Found Element By {by.toString()}
2023-11-29 22:40:37,679 [main] INFO  base.BaseClass - Trying to find Element By {by.toString()})
2023-11-29 22:40:37,704 [main] INFO  base.BaseClass - Found Element By {by.toString()}
2023-11-29 22:40:38,243 [main] INFO  base.BaseClass - Trying to find Element By {by.toString()})
2023-11-29 22:40:38,267 [main] INFO  base.BaseClass - Found Element By {by.toString()}
2023-11-29 22:40:38,801 [main] INFO  base.BaseClass - Trying to find Element By {by.toString()})
2023-11-29 22:40:38,826 [main] INFO  base.BaseClass - Found Element By {by.toString()}
2023-11-29 22:40:39,364 [main] INFO  base.BaseClass - Trying to find Element By {by.toString()})
2023-11-29 22:40:39,388 [main] INFO  base.BaseClass - Found Element By {by.toString()}
2023-11-29 22:40:39,926 [main] INFO  base.BaseClass - Trying to find Element By {by.toString()})
2023-11-29 22:40:39,951 [main] INFO  base.BaseClass - Found Element By {by.toString()}
2023-11-29 22:40:40,489 [main] INFO  base.BaseClass - Trying to find Element By {by.toString()})
2023-11-29 22:40:40,514 [main] INFO  base.BaseClass - Found Element By {by.toString()}
2023-11-29 22:40:41,052 [main] INFO  base.BaseClass - Trying to find Element By {by.toString()})
2023-11-29 22:40:41,075 [main] INFO  base.BaseClass - Found Element By {by.toString()}
2023-11-29 22:40:41,614 [main] INFO  base.BaseClass - Trying to find Element By {by.toString()})
2023-11-29 22:40:41,637 [main] INFO  base.BaseClass - Found Element By {by.toString()}
2023-11-29 22:40:42,187 [main] INFO  base.BaseClass - Trying to find Element By {by.toString()})
2023-11-29 22:40:42,211 [main] INFO  base.BaseClass - Found Element By {by.toString()}
2023-11-29 22:40:42,745 [main] INFO  base.BaseClass - Trying to find Element By {by.toString()})
2023-11-29 22:40:42,770 [main] INFO  base.BaseClass - Found Element By {by.toString()}
2023-11-29 22:40:43,305 [main] INFO  base.BaseClass - Trying to find Element By {by.toString()})
2023-11-29 22:40:43,331 [main] INFO  base.BaseClass - Found Element By {by.toString()}
2023-11-29 22:40:43,866 [main] INFO  base.BaseClass - Trying to find Element By {by.toString()})
2023-11-29 22:40:43,891 [main] INFO  base.BaseClass - Found Element By {by.toString()}
2023-11-29 22:40:44,425 [main] INFO  base.BaseClass - Trying to find Element By {by.toString()})
2023-11-29 22:40:44,451 [main] INFO  base.BaseClass - Found Element By {by.toString()}
TimeoutException occurred: Expected condition failed: waiting for helper.WaitUtility$5@1a45cf7f (tried for 30 second(s) with 500 milliseconds interval)
Build info: version: '3.141.59', revision: 'e82be7d358', time: '2018-11-14T08:17:03'
System info: host: 'DPLAP166', ip: '137.237.3.153', os.name: 'Windows 10', os.arch: 'amd64', os.version: '10.0', java.version: '19.0.1'
Driver info: org.openqa.selenium.support.events.EventFiringWebDriver
Capabilities {acceptInsecureCerts: true, browserName: chrome, browserVersion: 119.0.6045.200, chrome: {chromedriverVersion: 119.0.6045.105 (38c72552c5e..., userDataDir: C:\Users\dP-PL\AppData\Loca...}, fedcm:accounts: true, goog:chromeOptions: {debuggerAddress: localhost:58884}, javascriptEnabled: true, networkConnectionEnabled: false, pageLoadStrategy: normal, platform: WINDOWS, platformName: WINDOWS, proxy: Proxy(), setWindowRect: true, strictFileInteractability: false, timeouts: {implicit: 0, pageLoad: 300000, script: 30000}, unhandledPromptBehavior: dismiss and notify, webauthn:extension:credBlob: true, webauthn:extension:largeBlob: true, webauthn:extension:minPinLength: true, webauthn:extension:prf: true, webauthn:virtualAuthenticators: true}
Session ID: d5e34777b24576d1432b99d150bba322
2023-11-29 22:40:44,487 [main] ERROR XGLT_15177_Test - Element did not become visible within the specified time: Expected condition failed: waiting for helper.WaitUtility$5@1a45cf7f (tried for 30 second(s) with 500 milliseconds interval)
Build info: version: '3.141.59', revision: 'e82be7d358', time: '2018-11-14T08:17:03'
System info: host: 'DPLAP166', ip: '137.237.3.153', os.name: 'Windows 10', os.arch: 'amd64', os.version: '10.0', java.version: '19.0.1'
Driver info: org.openqa.selenium.support.events.EventFiringWebDriver
Capabilities {acceptInsecureCerts: true, browserName: chrome, browserVersion: 119.0.6045.200, chrome: {chromedriverVersion: 119.0.6045.105 (38c72552c5e..., userDataDir: C:\Users\dP-PL\AppData\Loca...}, fedcm:accounts: true, goog:chromeOptions: {debuggerAddress: localhost:58884}, javascriptEnabled: true, networkConnectionEnabled: false, pageLoadStrategy: normal, platform: WINDOWS, platformName: WINDOWS, proxy: Proxy(), setWindowRect: true, strictFileInteractability: false, timeouts: {implicit: 0, pageLoad: 300000, script: 30000}, unhandledPromptBehavior: dismiss and notify, webauthn:extension:credBlob: true, webauthn:extension:largeBlob: true, webauthn:extension:minPinLength: true, webauthn:extension:prf: true, webauthn:virtualAuthenticators: true}
Session ID: d5e34777b24576d1432b99d150bba322
2023-11-29 22:40:44,487 [main] INFO  base.BaseClass - Trying to find Element By {by.toString()})
2023-11-29 22:40:44,507 [main] INFO  base.BaseClass - Found Element By {by.toString()}
2023-11-29 22:40:44,508 [main] INFO  base.BaseClass - Trying to click on: {element.toString()}
2023-11-29 22:40:44,700 [main] INFO  base.BaseClass - Clicked on: {element.toString()}
2023-11-29 22:40:44,700 [main] INFO  base.BaseClass - Trying to find Element By {by.toString()})
2023-11-29 22:40:44,716 [main] INFO  base.BaseClass - Found Element By {by.toString()}
2023-11-29 22:40:44,730 [main] INFO  base.BaseClass - Trying to find Element By {by.toString()})
2023-11-29 22:40:44,740 [main] INFO  base.BaseClass - Found Element By {by.toString()}
2023-11-29 22:40:44,751 [main] INFO  base.BaseClass - Trying to find Element By {by.toString()})
2023-11-29 22:40:44,761 [main] INFO  base.BaseClass - Found Element By {by.toString()}
2023-11-29 22:40:44,761 [main] INFO  base.BaseClass - Trying to click on: {element.toString()}
2023-11-29 22:40:44,815 [main] INFO  base.BaseClass - Clicked on: {element.toString()}
2023-11-29 22:40:44,815 [main] INFO  base.BaseClass - Trying to find Element By {by.toString()})
2023-11-29 22:40:44,827 [main] INFO  base.BaseClass - Found Element By {by.toString()}
2023-11-29 22:40:44,885 [main] INFO  base.BaseClass - Trying to find Element By {by.toString()})
2023-11-29 22:40:44,902 [main] INFO  base.BaseClass - Found Element By {by.toString()}
2023-11-29 22:40:44,919 [main] INFO  base.BaseClass - Trying to find Element By {by.toString()})
2023-11-29 22:40:44,928 [main] INFO  base.BaseClass - Found Element By {by.toString()}
2023-11-29 22:40:44,936 [main] INFO  base.BaseClass - Trying to find Element By {by.toString()})
2023-11-29 22:40:44,944 [main] INFO  base.BaseClass - Found Element By {by.toString()}
2023-11-29 22:40:44,944 [main] INFO  base.BaseClass - Trying to click on: {element.toString()}
2023-11-29 22:40:44,990 [main] INFO  base.BaseClass - Clicked on: {element.toString()}
2023-11-29 22:40:44,990 [main] INFO  base.BaseClass - Trying to find Element By {by.toString()})
2023-11-29 22:40:45,003 [main] INFO  base.BaseClass - Found Element By {by.toString()}
2023-11-29 22:40:45,060 [main] INFO  base.BaseClass - Trying to find Element By {by.toString()})
2023-11-29 22:40:45,075 [main] INFO  base.BaseClass - Found Element By {by.toString()}
2023-11-29 22:40:45,101 [main] INFO  base.BaseClass - Trying to find Element By {by.toString()})
2023-11-29 22:40:45,121 [main] INFO  base.BaseClass - Found Element By {by.toString()}
2023-11-29 22:40:45,137 [main] INFO  base.BaseClass - Trying to find Element By {by.toString()})
2023-11-29 22:40:45,155 [main] INFO  base.BaseClass - Found Element By {by.toString()}
2023-11-29 22:40:45,155 [main] INFO  base.BaseClass - Trying to click on: {element.toString()}
2023-11-29 22:40:45,241 [main] INFO  base.BaseClass - Clicked on: {element.toString()}
2023-11-29 22:40:45,241 [main] INFO  base.BaseClass - Trying to find Element By {by.toString()})
2023-11-29 22:40:45,252 [main] INFO  base.BaseClass - Found Element By {by.toString()}
2023-11-29 22:40:45,290 [main] INFO  base.BaseClass - Trying to find Element By {by.toString()})
2023-11-29 22:40:45,303 [main] INFO  base.BaseClass - Found Element By {by.toString()}
2023-11-29 22:40:45,827 [main] INFO  base.BaseClass - Trying to find Element By {by.toString()})
2023-11-29 22:40:45,852 [main] INFO  base.BaseClass - Found Element By {by.toString()}
2023-11-29 22:40:46,388 [main] INFO  base.BaseClass - Trying to find Element By {by.toString()})
2023-11-29 22:40:46,412 [main] INFO  base.BaseClass - Found Element By {by.toString()}
2023-11-29 22:40:46,953 [main] INFO  base.BaseClass - Trying to find Element By {by.toString()})
2023-11-29 22:40:46,979 [main] INFO  base.BaseClass - Found Element By {by.toString()}
2023-11-29 22:40:47,517 [main] INFO  base.BaseClass - Trying to find Element By {by.toString()})
2023-11-29 22:40:47,541 [main] INFO  base.BaseClass - Found Element By {by.toString()}
2023-11-29 22:40:48,075 [main] INFO  base.BaseClass - Trying to find Element By {by.toString()})
2023-11-29 22:40:48,101 [main] INFO  base.BaseClass - Found Element By {by.toString()}
2023-11-29 22:40:48,640 [main] INFO  base.BaseClass - Trying to find Element By {by.toString()})
2023-11-29 22:40:48,665 [main] INFO  base.BaseClass - Found Element By {by.toString()}
2023-11-29 22:40:49,197 [main] INFO  base.BaseClass - Trying to find Element By {by.toString()})
2023-11-29 22:40:49,222 [main] INFO  base.BaseClass - Found Element By {by.toString()}
2023-11-29 22:40:49,762 [main] INFO  base.BaseClass - Trying to find Element By {by.toString()})
2023-11-29 22:40:49,786 [main] INFO  base.BaseClass - Found Element By {by.toString()}
2023-11-29 22:40:50,325 [main] INFO  base.BaseClass - Trying to find Element By {by.toString()})
2023-11-29 22:40:50,351 [main] INFO  base.BaseClass - Found Element By {by.toString()}
2023-11-29 22:40:50,887 [main] INFO  base.BaseClass - Trying to find Element By {by.toString()})
2023-11-29 22:40:50,912 [main] INFO  base.BaseClass - Found Element By {by.toString()}
2023-11-29 22:40:51,449 [main] INFO  base.BaseClass - Trying to find Element By {by.toString()})
2023-11-29 22:40:51,470 [main] INFO  base.BaseClass - Found Element By {by.toString()}
2023-11-29 22:40:51,996 [main] INFO  base.BaseClass - Trying to find Element By {by.toString()})
2023-11-29 22:40:52,021 [main] INFO  base.BaseClass - Found Element By {by.toString()}
2023-11-29 22:40:52,559 [main] INFO  base.BaseClass - Trying to find Element By {by.toString()})
2023-11-29 22:40:52,585 [main] INFO  base.BaseClass - Found Element By {by.toString()}
2023-11-29 22:40:53,119 [main] INFO  base.BaseClass - Trying to find Element By {by.toString()})
2023-11-29 22:40:53,144 [main] INFO  base.BaseClass - Found Element By {by.toString()}
2023-11-29 22:40:53,684 [main] INFO  base.BaseClass - Trying to find Element By {by.toString()})
2023-11-29 22:40:53,708 [main] INFO  base.BaseClass - Found Element By {by.toString()}
2023-11-29 22:40:54,245 [main] INFO  base.BaseClass - Trying to find Element By {by.toString()})
2023-11-29 22:40:54,270 [main] INFO  base.BaseClass - Found Element By {by.toString()}
2023-11-29 22:40:54,804 [main] INFO  base.BaseClass - Trying to find Element By {by.toString()})
2023-11-29 22:40:54,855 [main] INFO  base.BaseClass - Found Element By {by.toString()}
2023-11-29 22:40:55,391 [main] INFO  base.BaseClass - Trying to find Element By {by.toString()})
2023-11-29 22:40:55,418 [main] INFO  base.BaseClass - Found Element By {by.toString()}
2023-11-29 22:40:55,954 [main] INFO  base.BaseClass - Trying to find Element By {by.toString()})
2023-11-29 22:40:55,979 [main] INFO  base.BaseClass - Found Element By {by.toString()}
2023-11-29 22:40:56,516 [main] INFO  base.BaseClass - Trying to find Element By {by.toString()})
2023-11-29 22:40:56,540 [main] INFO  base.BaseClass - Found Element By {by.toString()}
2023-11-29 22:40:57,079 [main] INFO  base.BaseClass - Trying to find Element By {by.toString()})
2023-11-29 22:40:57,104 [main] INFO  base.BaseClass - Found Element By {by.toString()}
2023-11-29 22:40:57,641 [main] INFO  base.BaseClass - Trying to find Element By {by.toString()})
2023-11-29 22:40:57,667 [main] INFO  base.BaseClass - Found Element By {by.toString()}
2023-11-29 22:40:58,203 [main] INFO  base.BaseClass - Trying to find Element By {by.toString()})
2023-11-29 22:40:58,227 [main] INFO  base.BaseClass - Found Element By {by.toString()}
2023-11-29 22:40:58,761 [main] INFO  base.BaseClass - Trying to find Element By {by.toString()})
2023-11-29 22:40:58,785 [main] INFO  base.BaseClass - Found Element By {by.toString()}
2023-11-29 22:40:59,321 [main] INFO  base.BaseClass - Trying to find Element By {by.toString()})
2023-11-29 22:40:59,344 [main] INFO  base.BaseClass - Found Element By {by.toString()}
2023-11-29 22:40:59,887 [main] INFO  base.BaseClass - Trying to find Element By {by.toString()})
2023-11-29 22:40:59,911 [main] INFO  base.BaseClass - Found Element By {by.toString()}
2023-11-29 22:41:00,454 [main] INFO  base.BaseClass - Trying to find Element By {by.toString()})
2023-11-29 22:41:00,480 [main] INFO  base.BaseClass - Found Element By {by.toString()}
2023-11-29 22:41:01,017 [main] INFO  base.BaseClass - Trying to find Element By {by.toString()})
2023-11-29 22:41:01,043 [main] INFO  base.BaseClass - Found Element By {by.toString()}
2023-11-29 22:41:01,581 [main] INFO  base.BaseClass - Trying to find Element By {by.toString()})
2023-11-29 22:41:01,606 [main] INFO  base.BaseClass - Found Element By {by.toString()}
2023-11-29 22:41:02,143 [main] INFO  base.BaseClass - Trying to find Element By {by.toString()})
2023-11-29 22:41:02,167 [main] INFO  base.BaseClass - Found Element By {by.toString()}
2023-11-29 22:41:02,706 [main] INFO  base.BaseClass - Trying to find Element By {by.toString()})
2023-11-29 22:41:02,731 [main] INFO  base.BaseClass - Found Element By {by.toString()}
2023-11-29 22:41:03,269 [main] INFO  base.BaseClass - Trying to find Element By {by.toString()})
2023-11-29 22:41:03,293 [main] INFO  base.BaseClass - Found Element By {by.toString()}
2023-11-29 22:41:03,829 [main] INFO  base.BaseClass - Trying to find Element By {by.toString()})
2023-11-29 22:41:03,854 [main] INFO  base.BaseClass - Found Element By {by.toString()}
2023-11-29 22:41:04,393 [main] INFO  base.BaseClass - Trying to find Element By {by.toString()})
2023-11-29 22:41:04,417 [main] INFO  base.BaseClass - Found Element By {by.toString()}
2023-11-29 22:41:04,952 [main] INFO  base.BaseClass - Trying to find Element By {by.toString()})
2023-11-29 22:41:04,975 [main] INFO  base.BaseClass - Found Element By {by.toString()}
2023-11-29 22:41:05,510 [main] INFO  base.BaseClass - Trying to find Element By {by.toString()})
2023-11-29 22:41:05,534 [main] INFO  base.BaseClass - Found Element By {by.toString()}
2023-11-29 22:41:06,068 [main] INFO  base.BaseClass - Trying to find Element By {by.toString()})
2023-11-29 22:41:06,096 [main] INFO  base.BaseClass - Found Element By {by.toString()}
2023-11-29 22:41:06,635 [main] INFO  base.BaseClass - Trying to find Element By {by.toString()})
2023-11-29 22:41:06,660 [main] INFO  base.BaseClass - Found Element By {by.toString()}
2023-11-29 22:41:07,196 [main] INFO  base.BaseClass - Trying to find Element By {by.toString()})
2023-11-29 22:41:07,220 [main] INFO  base.BaseClass - Found Element By {by.toString()}
2023-11-29 22:41:07,758 [main] INFO  base.BaseClass - Trying to find Element By {by.toString()})
2023-11-29 22:41:07,783 [main] INFO  base.BaseClass - Found Element By {by.toString()}
2023-11-29 22:41:08,322 [main] INFO  base.BaseClass - Trying to find Element By {by.toString()})
2023-11-29 22:41:08,347 [main] INFO  base.BaseClass - Found Element By {by.toString()}
2023-11-29 22:41:08,882 [main] INFO  base.BaseClass - Trying to find Element By {by.toString()})
2023-11-29 22:41:08,906 [main] INFO  base.BaseClass - Found Element By {by.toString()}
2023-11-29 22:41:09,440 [main] INFO  base.BaseClass - Trying to find Element By {by.toString()})
2023-11-29 22:41:09,465 [main] INFO  base.BaseClass - Found Element By {by.toString()}
2023-11-29 22:41:10,000 [main] INFO  base.BaseClass - Trying to find Element By {by.toString()})
2023-11-29 22:41:10,024 [main] INFO  base.BaseClass - Found Element By {by.toString()}
2023-11-29 22:41:10,559 [main] INFO  base.BaseClass - Trying to find Element By {by.toString()})
2023-11-29 22:41:10,583 [main] INFO  base.BaseClass - Found Element By {by.toString()}
2023-11-29 22:41:11,119 [main] INFO  base.BaseClass - Trying to find Element By {by.toString()})
2023-11-29 22:41:11,144 [main] INFO  base.BaseClass - Found Element By {by.toString()}
2023-11-29 22:41:11,692 [main] INFO  base.BaseClass - Trying to find Element By {by.toString()})
2023-11-29 22:41:11,716 [main] INFO  base.BaseClass - Found Element By {by.toString()}
2023-11-29 22:41:12,252 [main] INFO  base.BaseClass - Trying to find Element By {by.toString()})
2023-11-29 22:41:12,276 [main] INFO  base.BaseClass - Found Element By {by.toString()}
2023-11-29 22:41:12,814 [main] INFO  base.BaseClass - Trying to find Element By {by.toString()})
2023-11-29 22:41:12,838 [main] INFO  base.BaseClass - Found Element By {by.toString()}
2023-11-29 22:41:13,374 [main] INFO  base.BaseClass - Trying to find Element By {by.toString()})
2023-11-29 22:41:13,398 [main] INFO  base.BaseClass - Found Element By {by.toString()}
2023-11-29 22:41:13,935 [main] INFO  base.BaseClass - Trying to find Element By {by.toString()})
2023-11-29 22:41:13,961 [main] INFO  base.BaseClass - Found Element By {by.toString()}
2023-11-29 22:41:14,486 [main] INFO  base.BaseClass - Trying to find Element By {by.toString()})
2023-11-29 22:41:14,503 [main] INFO  base.BaseClass - Found Element By {by.toString()}
2023-11-29 22:41:15,028 [main] INFO  base.BaseClass - Trying to find Element By {by.toString()})
2023-11-29 22:41:15,054 [main] INFO  base.BaseClass - Found Element By {by.toString()}
2023-11-29 22:41:15,591 [main] INFO  base.BaseClass - Trying to find Element By {by.toString()})
2023-11-29 22:41:15,615 [main] INFO  base.BaseClass - Found Element By {by.toString()}
TimeoutException occurred: Expected condition failed: waiting for helper.WaitUtility$5@7723f632 (tried for 30 second(s) with 500 milliseconds interval)
Build info: version: '3.141.59', revision: 'e82be7d358', time: '2018-11-14T08:17:03'
System info: host: 'DPLAP166', ip: '137.237.3.153', os.name: 'Windows 10', os.arch: 'amd64', os.version: '10.0', java.version: '19.0.1'
Driver info: org.openqa.selenium.support.events.EventFiringWebDriver
Capabilities {acceptInsecureCerts: true, browserName: chrome, browserVersion: 119.0.6045.200, chrome: {chromedriverVersion: 119.0.6045.105 (38c72552c5e..., userDataDir: C:\Users\dP-PL\AppData\Loca...}, fedcm:accounts: true, goog:chromeOptions: {debuggerAddress: localhost:58884}, javascriptEnabled: true, networkConnectionEnabled: false, pageLoadStrategy: normal, platform: WINDOWS, platformName: WINDOWS, proxy: Proxy(), setWindowRect: true, strictFileInteractability: false, timeouts: {implicit: 0, pageLoad: 300000, script: 30000}, unhandledPromptBehavior: dismiss and notify, webauthn:extension:credBlob: true, webauthn:extension:largeBlob: true, webauthn:extension:minPinLength: true, webauthn:extension:prf: true, webauthn:virtualAuthenticators: true}
Session ID: d5e34777b24576d1432b99d150bba322
2023-11-29 22:41:15,648 [main] ERROR XGLT_15177_Test - Element did not become visible within the specified time: Expected condition failed: waiting for helper.WaitUtility$5@7723f632 (tried for 30 second(s) with 500 milliseconds interval)
Build info: version: '3.141.59', revision: 'e82be7d358', time: '2018-11-14T08:17:03'
System info: host: 'DPLAP166', ip: '137.237.3.153', os.name: 'Windows 10', os.arch: 'amd64', os.version: '10.0', java.version: '19.0.1'
Driver info: org.openqa.selenium.support.events.EventFiringWebDriver
Capabilities {acceptInsecureCerts: true, browserName: chrome, browserVersion: 119.0.6045.200, chrome: {chromedriverVersion: 119.0.6045.105 (38c72552c5e..., userDataDir: C:\Users\dP-PL\AppData\Loca...}, fedcm:accounts: true, goog:chromeOptions: {debuggerAddress: localhost:58884}, javascriptEnabled: true, networkConnectionEnabled: false, pageLoadStrategy: normal, platform: WINDOWS, platformName: WINDOWS, proxy: Proxy(), setWindowRect: true, strictFileInteractability: false, timeouts: {implicit: 0, pageLoad: 300000, script: 30000}, unhandledPromptBehavior: dismiss and notify, webauthn:extension:credBlob: true, webauthn:extension:largeBlob: true, webauthn:extension:minPinLength: true, webauthn:extension:prf: true, webauthn:virtualAuthenticators: true}
Session ID: d5e34777b24576d1432b99d150bba322
2023-11-29 22:41:15,648 [main] INFO  base.BaseClass - Trying to find Element By {by.toString()})
2023-11-29 22:41:15,668 [main] INFO  base.BaseClass - Found Element By {by.toString()}
2023-11-29 22:41:15,669 [main] INFO  base.BaseClass - Trying to click on: {element.toString()}
2023-11-29 22:41:15,849 [main] INFO  base.BaseClass - Clicked on: {element.toString()}
2023-11-29 22:41:15,850 [main] INFO  base.BaseClass - Trying to find Element By {by.toString()})
2023-11-29 22:41:16,207 [main] INFO  base.BaseClass - Found Element By {by.toString()}
2023-11-29 22:41:16,724 [main] INFO  base.BaseClass - Trying to find Element By {by.toString()})
2023-11-29 22:41:16,761 [main] INFO  base.BaseClass - Found Element By {by.toString()}
2023-11-29 22:41:17,287 [main] INFO  base.BaseClass - Trying to find Element By {by.toString()})
2023-11-29 22:41:17,303 [main] INFO  base.BaseClass - Found Element By {by.toString()}
2023-11-29 22:41:17,818 [main] INFO  base.BaseClass - Trying to find Element By {by.toString()})
2023-11-29 22:41:17,848 [main] INFO  base.BaseClass - Found Element By {by.toString()}
2023-11-29 22:41:18,401 [main] INFO  base.BaseClass - Trying to find Element By {by.toString()})
2023-11-29 22:41:18,427 [main] INFO  base.BaseClass - Found Element By {by.toString()}
2023-11-29 22:41:18,966 [main] INFO  base.BaseClass - Trying to find Element By {by.toString()})
2023-11-29 22:41:18,992 [main] INFO  base.BaseClass - Found Element By {by.toString()}
2023-11-29 22:41:19,530 [main] INFO  base.BaseClass - Trying to find Element By {by.toString()})
2023-11-29 22:41:19,556 [main] INFO  base.BaseClass - Found Element By {by.toString()}
2023-11-29 22:41:20,094 [main] INFO  base.BaseClass - Trying to find Element By {by.toString()})
2023-11-29 22:41:20,121 [main] INFO  base.BaseClass - Found Element By {by.toString()}
2023-11-29 22:41:20,668 [main] INFO  base.BaseClass - Trying to find Element By {by.toString()})
2023-11-29 22:41:20,694 [main] INFO  base.BaseClass - Found Element By {by.toString()}
2023-11-29 22:41:21,229 [main] INFO  base.BaseClass - Trying to find Element By {by.toString()})
2023-11-29 22:41:21,255 [main] INFO  base.BaseClass - Found Element By {by.toString()}
2023-11-29 22:41:21,790 [main] INFO  base.BaseClass - Trying to find Element By {by.toString()})
2023-11-29 22:41:21,816 [main] INFO  base.BaseClass - Found Element By {by.toString()}
2023-11-29 22:41:22,351 [main] INFO  base.BaseClass - Trying to find Element By {by.toString()})
2023-11-29 22:41:22,377 [main] INFO  base.BaseClass - Found Element By {by.toString()}
2023-11-29 22:41:22,917 [main] INFO  base.BaseClass - Trying to find Element By {by.toString()})
2023-11-29 22:41:22,943 [main] INFO  base.BaseClass - Found Element By {by.toString()}
2023-11-29 22:41:23,479 [main] INFO  base.BaseClass - Trying to find Element By {by.toString()})
2023-11-29 22:41:23,505 [main] INFO  base.BaseClass - Found Element By {by.toString()}
2023-11-29 22:41:24,043 [main] INFO  base.BaseClass - Trying to find Element By {by.toString()})
2023-11-29 22:41:24,068 [main] INFO  base.BaseClass - Found Element By {by.toString()}
2023-11-29 22:41:24,608 [main] INFO  base.BaseClass - Trying to find Element By {by.toString()})
2023-11-29 22:41:24,635 [main] INFO  base.BaseClass - Found Element By {by.toString()}
2023-11-29 22:41:25,186 [main] INFO  base.BaseClass - Trying to find Element By {by.toString()})
2023-11-29 22:41:25,212 [main] INFO  base.BaseClass - Found Element By {by.toString()}
2023-11-29 22:41:25,748 [main] INFO  base.BaseClass - Trying to find Element By {by.toString()})
2023-11-29 22:41:25,773 [main] INFO  base.BaseClass - Found Element By {by.toString()}
2023-11-29 22:41:26,306 [main] INFO  base.BaseClass - Trying to find Element By {by.toString()})
2023-11-29 22:41:26,332 [main] INFO  base.BaseClass - Found Element By {by.toString()}
2023-11-29 22:41:26,868 [main] INFO  base.BaseClass - Trying to find Element By {by.toString()})
2023-11-29 22:41:26,894 [main] INFO  base.BaseClass - Found Element By {by.toString()}
2023-11-29 22:41:27,429 [main] INFO  base.BaseClass - Trying to find Element By {by.toString()})
2023-11-29 22:41:27,475 [main] INFO  base.BaseClass - Found Element By {by.toString()}
2023-11-29 22:41:28,098 [main] INFO  base.BaseClass - Trying to find Element By {by.toString()})
2023-11-29 22:41:28,125 [main] INFO  base.BaseClass - Found Element By {by.toString()}
2023-11-29 22:41:28,665 [main] INFO  base.BaseClass - Trying to find Element By {by.toString()})
2023-11-29 22:41:28,691 [main] INFO  base.BaseClass - Found Element By {by.toString()}
2023-11-29 22:41:29,226 [main] INFO  base.BaseClass - Trying to find Element By {by.toString()})
2023-11-29 22:41:29,253 [main] INFO  base.BaseClass - Found Element By {by.toString()}
2023-11-29 22:41:29,792 [main] INFO  base.BaseClass - Trying to find Element By {by.toString()})
2023-11-29 22:41:29,820 [main] INFO  base.BaseClass - Found Element By {by.toString()}
2023-11-29 22:41:30,356 [main] INFO  base.BaseClass - Trying to find Element By {by.toString()})
2023-11-29 22:41:30,382 [main] INFO  base.BaseClass - Found Element By {by.toString()}
2023-11-29 22:41:30,921 [main] INFO  base.BaseClass - Trying to find Element By {by.toString()})
2023-11-29 22:41:30,948 [main] INFO  base.BaseClass - Found Element By {by.toString()}
2023-11-29 22:41:31,484 [main] INFO  base.BaseClass - Trying to find Element By {by.toString()})
2023-11-29 22:41:31,512 [main] INFO  base.BaseClass - Found Element By {by.toString()}
2023-11-29 22:41:32,056 [main] INFO  base.BaseClass - Trying to find Element By {by.toString()})
2023-11-29 22:41:32,082 [main] INFO  base.BaseClass - Found Element By {by.toString()}
2023-11-29 22:41:32,619 [main] INFO  base.BaseClass - Trying to find Element By {by.toString()})
2023-11-29 22:41:32,645 [main] INFO  base.BaseClass - Found Element By {by.toString()}
2023-11-29 22:41:33,181 [main] INFO  base.BaseClass - Trying to find Element By {by.toString()})
2023-11-29 22:41:33,207 [main] INFO  base.BaseClass - Found Element By {by.toString()}
2023-11-29 22:41:33,745 [main] INFO  base.BaseClass - Trying to find Element By {by.toString()})
2023-11-29 22:41:33,771 [main] INFO  base.BaseClass - Found Element By {by.toString()}
2023-11-29 22:41:34,308 [main] INFO  base.BaseClass - Trying to find Element By {by.toString()})
2023-11-29 22:41:34,334 [main] INFO  base.BaseClass - Found Element By {by.toString()}
2023-11-29 22:41:34,873 [main] INFO  base.BaseClass - Trying to find Element By {by.toString()})
2023-11-29 22:41:34,900 [main] INFO  base.BaseClass - Found Element By {by.toString()}
2023-11-29 22:41:35,439 [main] INFO  base.BaseClass - Trying to find Element By {by.toString()})
2023-11-29 22:41:35,467 [main] INFO  base.BaseClass - Found Element By {by.toString()}
2023-11-29 22:41:36,003 [main] INFO  base.BaseClass - Trying to find Element By {by.toString()})
2023-11-29 22:41:36,029 [main] INFO  base.BaseClass - Found Element By {by.toString()}
2023-11-29 22:41:36,573 [main] INFO  base.BaseClass - Trying to find Element By {by.toString()})
2023-11-29 22:41:36,598 [main] INFO  base.BaseClass - Found Element By {by.toString()}
2023-11-29 22:41:37,132 [main] INFO  base.BaseClass - Trying to find Element By {by.toString()})
2023-11-29 22:41:37,157 [main] INFO  base.BaseClass - Found Element By {by.toString()}
2023-11-29 22:41:37,695 [main] INFO  base.BaseClass - Trying to find Element By {by.toString()})
2023-11-29 22:41:37,720 [main] INFO  base.BaseClass - Found Element By {by.toString()}
2023-11-29 22:41:38,253 [main] INFO  base.BaseClass - Trying to find Element By {by.toString()})
2023-11-29 22:41:38,279 [main] INFO  base.BaseClass - Found Element By {by.toString()}
2023-11-29 22:41:38,813 [main] INFO  base.BaseClass - Trying to find Element By {by.toString()})
2023-11-29 22:41:38,837 [main] INFO  base.BaseClass - Found Element By {by.toString()}
2023-11-29 22:41:39,367 [main] INFO  base.BaseClass - Trying to find Element By {by.toString()})
2023-11-29 22:41:39,393 [main] INFO  base.BaseClass - Found Element By {by.toString()}
2023-11-29 22:41:39,929 [main] INFO  base.BaseClass - Trying to find Element By {by.toString()})
2023-11-29 22:41:39,946 [main] INFO  base.BaseClass - Found Element By {by.toString()}
2023-11-29 22:41:40,473 [main] INFO  base.BaseClass - Trying to find Element By {by.toString()})
2023-11-29 22:41:40,501 [main] INFO  base.BaseClass - Found Element By {by.toString()}
2023-11-29 22:41:41,039 [main] INFO  base.BaseClass - Trying to find Element By {by.toString()})
2023-11-29 22:41:41,065 [main] INFO  base.BaseClass - Found Element By {by.toString()}
2023-11-29 22:41:41,601 [main] INFO  base.BaseClass - Trying to find Element By {by.toString()})
2023-11-29 22:41:41,630 [main] INFO  base.BaseClass - Found Element By {by.toString()}
2023-11-29 22:41:42,167 [main] INFO  base.BaseClass - Trying to find Element By {by.toString()})
2023-11-29 22:41:42,191 [main] INFO  base.BaseClass - Found Element By {by.toString()}
2023-11-29 22:41:42,727 [main] INFO  base.BaseClass - Trying to find Element By {by.toString()})
2023-11-29 22:41:42,776 [main] INFO  base.BaseClass - Found Element By {by.toString()}
2023-11-29 22:41:43,302 [main] INFO  base.BaseClass - Trying to find Element By {by.toString()})
2023-11-29 22:41:43,319 [main] INFO  base.BaseClass - Found Element By {by.toString()}
2023-11-29 22:41:43,838 [main] INFO  base.BaseClass - Trying to find Element By {by.toString()})
2023-11-29 22:41:43,865 [main] INFO  base.BaseClass - Found Element By {by.toString()}
2023-11-29 22:41:44,414 [main] INFO  base.BaseClass - Trying to find Element By {by.toString()})
2023-11-29 22:41:44,440 [main] INFO  base.BaseClass - Found Element By {by.toString()}
2023-11-29 22:41:44,978 [main] INFO  base.BaseClass - Trying to find Element By {by.toString()})
2023-11-29 22:41:45,006 [main] INFO  base.BaseClass - Found Element By {by.toString()}
2023-11-29 22:41:45,541 [main] INFO  base.BaseClass - Trying to find Element By {by.toString()})
2023-11-29 22:41:45,564 [main] INFO  base.BaseClass - Found Element By {by.toString()}
2023-11-29 22:41:46,101 [main] INFO  base.BaseClass - Trying to find Element By {by.toString()})
2023-11-29 22:41:46,127 [main] INFO  base.BaseClass - Found Element By {by.toString()}
TimeoutException occurred: Expected condition failed: waiting for helper.WaitUtility$5@228276bd (tried for 30 second(s) with 500 milliseconds interval)
Build info: version: '3.141.59', revision: 'e82be7d358', time: '2018-11-14T08:17:03'
System info: host: 'DPLAP166', ip: '137.237.3.153', os.name: 'Windows 10', os.arch: 'amd64', os.version: '10.0', java.version: '19.0.1'
Driver info: org.openqa.selenium.support.events.EventFiringWebDriver
Capabilities {acceptInsecureCerts: true, browserName: chrome, browserVersion: 119.0.6045.200, chrome: {chromedriverVersion: 119.0.6045.105 (38c72552c5e..., userDataDir: C:\Users\dP-PL\AppData\Loca...}, fedcm:accounts: true, goog:chromeOptions: {debuggerAddress: localhost:58884}, javascriptEnabled: true, networkConnectionEnabled: false, pageLoadStrategy: normal, platform: WINDOWS, platformName: WINDOWS, proxy: Proxy(), setWindowRect: true, strictFileInteractability: false, timeouts: {implicit: 0, pageLoad: 300000, script: 30000}, unhandledPromptBehavior: dismiss and notify, webauthn:extension:credBlob: true, webauthn:extension:largeBlob: true, webauthn:extension:minPinLength: true, webauthn:extension:prf: true, webauthn:virtualAuthenticators: true}
Session ID: d5e34777b24576d1432b99d150bba322
2023-11-29 22:41:46,163 [main] ERROR XGLT_15177_Test - Element did not become visible within the specified time: Expected condition failed: waiting for helper.WaitUtility$5@228276bd (tried for 30 second(s) with 500 milliseconds interval)
Build info: version: '3.141.59', revision: 'e82be7d358', time: '2018-11-14T08:17:03'
System info: host: 'DPLAP166', ip: '137.237.3.153', os.name: 'Windows 10', os.arch: 'amd64', os.version: '10.0', java.version: '19.0.1'
Driver info: org.openqa.selenium.support.events.EventFiringWebDriver
Capabilities {acceptInsecureCerts: true, browserName: chrome, browserVersion: 119.0.6045.200, chrome: {chromedriverVersion: 119.0.6045.105 (38c72552c5e..., userDataDir: C:\Users\dP-PL\AppData\Loca...}, fedcm:accounts: true, goog:chromeOptions: {debuggerAddress: localhost:58884}, javascriptEnabled: true, networkConnectionEnabled: false, pageLoadStrategy: normal, platform: WINDOWS, platformName: WINDOWS, proxy: Proxy(), setWindowRect: true, strictFileInteractability: false, timeouts: {implicit: 0, pageLoad: 300000, script: 30000}, unhandledPromptBehavior: dismiss and notify, webauthn:extension:credBlob: true, webauthn:extension:largeBlob: true, webauthn:extension:minPinLength: true, webauthn:extension:prf: true, webauthn:virtualAuthenticators: true}
Session ID: d5e34777b24576d1432b99d150bba322
2023-11-29 22:41:46,163 [main] INFO  base.BaseClass - Trying to find Element By {by.toString()})
2023-11-29 22:41:46,187 [main] INFO  base.BaseClass - Found Element By {by.toString()}
2023-11-29 22:41:46,187 [main] INFO  base.BaseClass - Trying to click on: {element.toString()}
2023-11-29 22:41:46,288 [main] INFO  base.BaseClass - Clicked on: {element.toString()}
2023-11-29 22:41:46,288 [main] INFO  base.BaseClass - Trying to find Element By {by.toString()})
2023-11-29 22:41:46,303 [main] INFO  base.BaseClass - Found Element By {by.toString()}
2023-11-29 22:41:46,322 [Forwarding actions on session d5e34777b24576d1432b99d150bba322 to remote] INFO  base.BaseClass - Trying to find Element By {by.toString()})
2023-11-29 22:41:46,334 [Forwarding actions on session d5e34777b24576d1432b99d150bba322 to remote] INFO  base.BaseClass - Found Element By {by.toString()}
2023-11-29 22:41:46,466 [main] INFO  base.BaseClass - Trying to find Element By {by.toString()})
2023-11-29 22:41:46,486 [main] INFO  base.BaseClass - Found Element By {by.toString()}
2023-11-29 22:41:46,486 [main] INFO  base.BaseClass - Trying to click on: {element.toString()}
2023-11-29 22:41:46,552 [main] INFO  base.BaseClass - Clicked on: {element.toString()}
2023-11-29 22:41:46,552 [Forwarding actions on session d5e34777b24576d1432b99d150bba322 to remote] INFO  base.BaseClass - Trying to find Element By {by.toString()})
2023-11-29 22:41:46,568 [Forwarding actions on session d5e34777b24576d1432b99d150bba322 to remote] INFO  base.BaseClass - Found Element By {by.toString()}
2023-11-29 22:41:46,700 [main] INFO  base.BaseClass - Trying to find Element By {by.toString()})
2023-11-29 22:41:46,729 [main] INFO  base.BaseClass - Found Element By {by.toString()}
2023-11-29 22:41:46,729 [main] INFO  base.BaseClass - Trying to click on: {element.toString()}
2023-11-29 22:41:46,801 [main] INFO  base.BaseClass - Clicked on: {element.toString()}
2023-11-29 22:41:46,801 [main] INFO  base.BaseClass - Trying to find Element By {by.toString()})
2023-11-29 22:41:46,827 [main] INFO  base.BaseClass - Found Element By {by.toString()}
2023-11-29 22:41:46,851 [main] INFO  base.BaseClass - Trying to find Element By {by.toString()})
2023-11-29 22:41:46,867 [main] INFO  base.BaseClass - Found Element By {by.toString()}
2023-11-29 22:41:47,393 [main] INFO  base.BaseClass - Trying to find Element By {by.toString()})
2023-11-29 22:41:47,418 [main] INFO  base.BaseClass - Found Element By {by.toString()}
2023-11-29 22:41:47,958 [main] INFO  base.BaseClass - Trying to find Element By {by.toString()})
2023-11-29 22:41:47,983 [main] INFO  base.BaseClass - Found Element By {by.toString()}
2023-11-29 22:41:48,522 [main] INFO  base.BaseClass - Trying to find Element By {by.toString()})
2023-11-29 22:41:48,547 [main] INFO  base.BaseClass - Found Element By {by.toString()}
2023-11-29 22:41:49,089 [main] INFO  base.BaseClass - Trying to find Element By {by.toString()})
2023-11-29 22:41:49,114 [main] INFO  base.BaseClass - Found Element By {by.toString()}
2023-11-29 22:41:49,651 [main] INFO  base.BaseClass - Trying to find Element By {by.toString()})
2023-11-29 22:41:49,674 [main] INFO  base.BaseClass - Found Element By {by.toString()}
2023-11-29 22:41:50,210 [main] INFO  base.BaseClass - Trying to find Element By {by.toString()})
2023-11-29 22:41:50,234 [main] INFO  base.BaseClass - Found Element By {by.toString()}
2023-11-29 22:41:50,774 [main] INFO  base.BaseClass - Trying to find Element By {by.toString()})
2023-11-29 22:41:50,799 [main] INFO  base.BaseClass - Found Element By {by.toString()}
2023-11-29 22:41:51,337 [main] INFO  base.BaseClass - Trying to find Element By {by.toString()})
2023-11-29 22:41:51,362 [main] INFO  base.BaseClass - Found Element By {by.toString()}
2023-11-29 22:41:51,903 [main] INFO  base.BaseClass - Trying to find Element By {by.toString()})
2023-11-29 22:41:51,927 [main] INFO  base.BaseClass - Found Element By {by.toString()}
2023-11-29 22:41:52,467 [main] INFO  base.BaseClass - Trying to find Element By {by.toString()})
2023-11-29 22:41:52,490 [main] INFO  base.BaseClass - Found Element By {by.toString()}
2023-11-29 22:41:53,026 [main] INFO  base.BaseClass - Trying to find Element By {by.toString()})
2023-11-29 22:41:53,050 [main] INFO  base.BaseClass - Found Element By {by.toString()}
2023-11-29 22:41:53,587 [main] INFO  base.BaseClass - Trying to find Element By {by.toString()})
2023-11-29 22:41:53,613 [main] INFO  base.BaseClass - Found Element By {by.toString()}
2023-11-29 22:41:54,148 [main] INFO  base.BaseClass - Trying to find Element By {by.toString()})
2023-11-29 22:41:54,171 [main] INFO  base.BaseClass - Found Element By {by.toString()}
2023-11-29 22:41:54,711 [main] INFO  base.BaseClass - Trying to find Element By {by.toString()})
2023-11-29 22:41:54,736 [main] INFO  base.BaseClass - Found Element By {by.toString()}
2023-11-29 22:41:55,270 [main] INFO  base.BaseClass - Trying to find Element By {by.toString()})
2023-11-29 22:41:55,295 [main] INFO  base.BaseClass - Found Element By {by.toString()}
2023-11-29 22:41:55,829 [main] INFO  base.BaseClass - Trying to find Element By {by.toString()})
2023-11-29 22:41:55,852 [main] INFO  base.BaseClass - Found Element By {by.toString()}
2023-11-29 22:41:56,391 [main] INFO  base.BaseClass - Trying to find Element By {by.toString()})
2023-11-29 22:41:56,416 [main] INFO  base.BaseClass - Found Element By {by.toString()}
2023-11-29 22:41:56,953 [main] INFO  base.BaseClass - Trying to find Element By {by.toString()})
2023-11-29 22:41:56,978 [main] INFO  base.BaseClass - Found Element By {by.toString()}
2023-11-29 22:41:57,516 [main] INFO  base.BaseClass - Trying to find Element By {by.toString()})
2023-11-29 22:41:57,543 [main] INFO  base.BaseClass - Found Element By {by.toString()}
2023-11-29 22:41:58,079 [main] INFO  base.BaseClass - Trying to find Element By {by.toString()})
2023-11-29 22:41:58,102 [main] INFO  base.BaseClass - Found Element By {by.toString()}
2023-11-29 22:41:58,637 [main] INFO  base.BaseClass - Trying to find Element By {by.toString()})
2023-11-29 22:41:58,661 [main] INFO  base.BaseClass - Found Element By {by.toString()}
2023-11-29 22:41:59,193 [main] INFO  base.BaseClass - Trying to find Element By {by.toString()})
2023-11-29 22:41:59,217 [main] INFO  base.BaseClass - Found Element By {by.toString()}
2023-11-29 22:41:59,752 [main] INFO  base.BaseClass - Trying to find Element By {by.toString()})
2023-11-29 22:41:59,775 [main] INFO  base.BaseClass - Found Element By {by.toString()}
2023-11-29 22:42:00,322 [main] INFO  base.BaseClass - Trying to find Element By {by.toString()})
2023-11-29 22:42:00,462 [main] INFO  base.BaseClass - Found Element By {by.toString()}
2023-11-29 22:42:00,997 [main] INFO  base.BaseClass - Trying to find Element By {by.toString()})
2023-11-29 22:42:01,022 [main] INFO  base.BaseClass - Found Element By {by.toString()}
2023-11-29 22:42:01,564 [main] INFO  base.BaseClass - Trying to find Element By {by.toString()})
2023-11-29 22:42:01,586 [main] INFO  base.BaseClass - Found Element By {by.toString()}
2023-11-29 22:42:02,114 [main] INFO  base.BaseClass - Trying to find Element By {by.toString()})
2023-11-29 22:42:02,139 [main] INFO  base.BaseClass - Found Element By {by.toString()}
2023-11-29 22:42:02,679 [main] INFO  base.BaseClass - Trying to find Element By {by.toString()})
2023-11-29 22:42:02,703 [main] INFO  base.BaseClass - Found Element By {by.toString()}
2023-11-29 22:42:03,249 [main] INFO  base.BaseClass - Trying to find Element By {by.toString()})
2023-11-29 22:42:03,270 [main] INFO  base.BaseClass - Found Element By {by.toString()}
2023-11-29 22:42:03,796 [main] INFO  base.BaseClass - Trying to find Element By {by.toString()})
2023-11-29 22:42:03,819 [main] INFO  base.BaseClass - Found Element By {by.toString()}
2023-11-29 22:42:04,353 [main] INFO  base.BaseClass - Trying to find Element By {by.toString()})
2023-11-29 22:42:04,377 [main] INFO  base.BaseClass - Found Element By {by.toString()}
2023-11-29 22:42:04,912 [main] INFO  base.BaseClass - Trying to find Element By {by.toString()})
2023-11-29 22:42:04,935 [main] INFO  base.BaseClass - Found Element By {by.toString()}
2023-11-29 22:42:05,472 [main] INFO  base.BaseClass - Trying to find Element By {by.toString()})
2023-11-29 22:42:05,487 [main] INFO  base.BaseClass - Found Element By {by.toString()}
2023-11-29 22:42:06,018 [main] INFO  base.BaseClass - Trying to find Element By {by.toString()})
2023-11-29 22:42:06,036 [main] INFO  base.BaseClass - Found Element By {by.toString()}
2023-11-29 22:42:06,566 [main] INFO  base.BaseClass - Trying to find Element By {by.toString()})
2023-11-29 22:42:06,585 [main] INFO  base.BaseClass - Found Element By {by.toString()}
2023-11-29 22:42:07,118 [main] INFO  base.BaseClass - Trying to find Element By {by.toString()})
2023-11-29 22:42:07,136 [main] INFO  base.BaseClass - Found Element By {by.toString()}
2023-11-29 22:42:07,668 [main] INFO  base.BaseClass - Trying to find Element By {by.toString()})
2023-11-29 22:42:07,684 [main] INFO  base.BaseClass - Found Element By {by.toString()}
2023-11-29 22:42:08,210 [main] INFO  base.BaseClass - Trying to find Element By {by.toString()})
2023-11-29 22:42:08,229 [main] INFO  base.BaseClass - Found Element By {by.toString()}
2023-11-29 22:42:08,759 [main] INFO  base.BaseClass - Trying to find Element By {by.toString()})
2023-11-29 22:42:08,780 [main] INFO  base.BaseClass - Found Element By {by.toString()}
2023-11-29 22:42:09,312 [main] INFO  base.BaseClass - Trying to find Element By {by.toString()})
2023-11-29 22:42:09,334 [main] INFO  base.BaseClass - Found Element By {by.toString()}
2023-11-29 22:42:09,868 [main] INFO  base.BaseClass - Trying to find Element By {by.toString()})
2023-11-29 22:42:09,894 [main] INFO  base.BaseClass - Found Element By {by.toString()}
2023-11-29 22:42:10,427 [main] INFO  base.BaseClass - Trying to find Element By {by.toString()})
2023-11-29 22:42:10,451 [main] INFO  base.BaseClass - Found Element By {by.toString()}
2023-11-29 22:42:10,985 [main] INFO  base.BaseClass - Trying to find Element By {by.toString()})
2023-11-29 22:42:11,012 [main] INFO  base.BaseClass - Found Element By {by.toString()}
2023-11-29 22:42:11,544 [main] INFO  base.BaseClass - Trying to find Element By {by.toString()})
2023-11-29 22:42:11,569 [main] INFO  base.BaseClass - Found Element By {by.toString()}
2023-11-29 22:42:12,103 [main] INFO  base.BaseClass - Trying to find Element By {by.toString()})
2023-11-29 22:42:12,127 [main] INFO  base.BaseClass - Found Element By {by.toString()}
2023-11-29 22:42:12,668 [main] INFO  base.BaseClass - Trying to find Element By {by.toString()})
2023-11-29 22:42:12,691 [main] INFO  base.BaseClass - Found Element By {by.toString()}
2023-11-29 22:42:13,231 [main] INFO  base.BaseClass - Trying to find Element By {by.toString()})
2023-11-29 22:42:13,254 [main] INFO  base.BaseClass - Found Element By {by.toString()}
2023-11-29 22:42:13,792 [main] INFO  base.BaseClass - Trying to find Element By {by.toString()})
2023-11-29 22:42:13,815 [main] INFO  base.BaseClass - Found Element By {by.toString()}
2023-11-29 22:42:14,348 [main] INFO  base.BaseClass - Trying to find Element By {by.toString()})
2023-11-29 22:42:14,371 [main] INFO  base.BaseClass - Found Element By {by.toString()}
2023-11-29 22:42:14,903 [main] INFO  base.BaseClass - Trying to find Element By {by.toString()})
2023-11-29 22:42:14,929 [main] INFO  base.BaseClass - Found Element By {by.toString()}
2023-11-29 22:42:15,466 [main] INFO  base.BaseClass - Trying to find Element By {by.toString()})
2023-11-29 22:42:15,491 [main] INFO  base.BaseClass - Found Element By {by.toString()}
2023-11-29 22:42:16,031 [main] INFO  base.BaseClass - Trying to find Element By {by.toString()})
2023-11-29 22:42:16,047 [main] INFO  base.BaseClass - Found Element By {by.toString()}
2023-11-29 22:42:16,571 [main] INFO  base.BaseClass - Trying to find Element By {by.toString()})
2023-11-29 22:42:16,598 [main] INFO  base.BaseClass - Found Element By {by.toString()}
2023-11-29 22:42:17,131 [main] INFO  base.BaseClass - Trying to find Element By {by.toString()})
2023-11-29 22:42:17,155 [main] INFO  base.BaseClass - Found Element By {by.toString()}
TimeoutException occurred: Expected condition failed: waiting for helper.WaitUtility$5@510caa14 (tried for 30 second(s) with 500 milliseconds interval)
Build info: version: '3.141.59', revision: 'e82be7d358', time: '2018-11-14T08:17:03'
System info: host: 'DPLAP166', ip: '137.237.3.153', os.name: 'Windows 10', os.arch: 'amd64', os.version: '10.0', java.version: '19.0.1'
Driver info: org.openqa.selenium.support.events.EventFiringWebDriver
Capabilities {acceptInsecureCerts: true, browserName: chrome, browserVersion: 119.0.6045.200, chrome: {chromedriverVersion: 119.0.6045.105 (38c72552c5e..., userDataDir: C:\Users\dP-PL\AppData\Loca...}, fedcm:accounts: true, goog:chromeOptions: {debuggerAddress: localhost:58884}, javascriptEnabled: true, networkConnectionEnabled: false, pageLoadStrategy: normal, platform: WINDOWS, platformName: WINDOWS, proxy: Proxy(), setWindowRect: true, strictFileInteractability: false, timeouts: {implicit: 0, pageLoad: 300000, script: 30000}, unhandledPromptBehavior: dismiss and notify, webauthn:extension:credBlob: true, webauthn:extension:largeBlob: true, webauthn:extension:minPinLength: true, webauthn:extension:prf: true, webauthn:virtualAuthenticators: true}
Session ID: d5e34777b24576d1432b99d150bba322
2023-11-29 22:42:17,189 [main] ERROR XGLT_15177_Test - Element did not become visible within the specified time: Expected condition failed: waiting for helper.WaitUtility$5@510caa14 (tried for 30 second(s) with 500 milliseconds interval)
Build info: version: '3.141.59', revision: 'e82be7d358', time: '2018-11-14T08:17:03'
System info: host: 'DPLAP166', ip: '137.237.3.153', os.name: 'Windows 10', os.arch: 'amd64', os.version: '10.0', java.version: '19.0.1'
Driver info: org.openqa.selenium.support.events.EventFiringWebDriver
Capabilities {acceptInsecureCerts: true, browserName: chrome, browserVersion: 119.0.6045.200, chrome: {chromedriverVersion: 119.0.6045.105 (38c72552c5e..., userDataDir: C:\Users\dP-PL\AppData\Loca...}, fedcm:accounts: true, goog:chromeOptions: {debuggerAddress: localhost:58884}, javascriptEnabled: true, networkConnectionEnabled: false, pageLoadStrategy: normal, platform: WINDOWS, platformName: WINDOWS, proxy: Proxy(), setWindowRect: true, strictFileInteractability: false, timeouts: {implicit: 0, pageLoad: 300000, script: 30000}, unhandledPromptBehavior: dismiss and notify, webauthn:extension:credBlob: true, webauthn:extension:largeBlob: true, webauthn:extension:minPinLength: true, webauthn:extension:prf: true, webauthn:virtualAuthenticators: true}
Session ID: d5e34777b24576d1432b99d150bba322
2023-11-29 22:42:17,189 [main] INFO  base.BaseClass - Trying to find Element By {by.toString()})
2023-11-29 22:42:17,211 [main] INFO  base.BaseClass - Found Element By {by.toString()}
2023-11-29 22:42:17,211 [main] INFO  base.BaseClass - Trying to click on: {element.toString()}
2023-11-29 22:42:17,337 [main] INFO  base.BaseClass - Clicked on: {element.toString()}
2023-11-29 22:42:17,337 [main] INFO  base.BaseClass - Trying to find Element By {by.toString()})
2023-11-29 22:42:17,349 [main] INFO  base.BaseClass - Found Element By {by.toString()}
RO is New Retail Unit
2023-11-29 22:42:17,362 [main] INFO  base.BaseClass - Trying to find Element By {by.toString()})
2023-11-29 22:42:17,373 [main] INFO  base.BaseClass - Found Element By {by.toString()}
Writing on Excel file Finished ...
CreateNewRetailUnit passed!
]]></system-out>
    <system-err><![CDATA[Starting ChromeDriver 119.0.6045.105 (38c72552c5e15ba9b3117c0967a0fd105072d7c6-refs/branch-heads/6045@{#1103}) on port 6491
Only local connections are allowed.
Please see https://chromedriver.chromium.org/security-considerations for suggestions on keeping ChromeDriver safe.
ChromeDriver was started successfully.
Nov 29, 2023 10:37:35 PM org.openqa.selenium.remote.ProtocolHandshake createSession
INFO: Detected dialect: W3C
]]></system-err>
  </testcase>
  <testcase name="CreateNewHardRegion" classname="XGLT_6752_Test" time="357.189">
    <failure message="element click intercepted: Element &lt;button type=&quot;button&quot; ng-repeat=&quot;button in buttons&quot; ng-disabled=&quot;(button.id==&apos;cancel&apos; &amp;amp;&amp;amp; !_isDirty()) || btnDisable(button.id)&quot; ng-click=&quot;btnClick(button.id)&quot; class=&quot;model-btn btnSmall light&quot; value=&quot;&quot; id=&quot;cancel...Ok.Save&quot; disabled=&quot;disabled&quot;&gt;Save&lt;/button&gt; is not clickable at point (791, 350). Other element would receive the click: &lt;div class=&quot;modal-footer ng-scope&quot; ng-class=&quot;{textCenter: args.customEnable }&quot;&gt;...&lt;/div&gt;&#10;  (Session info: chrome=119.0.6045.200)&#10;Build info: version: &apos;3.141.59&apos;, revision: &apos;e82be7d358&apos;, time: &apos;2018-11-14T08:17:03&apos;&#10;System info: host: &apos;DPLAP166&apos;, ip: &apos;137.237.3.153&apos;, os.name: &apos;Windows 10&apos;, os.arch: &apos;amd64&apos;, os.version: &apos;10.0&apos;, java.version: &apos;19.0.1&apos;&#10;Driver info: org.openqa.selenium.chrome.ChromeDriver&#10;Capabilities {acceptInsecureCerts: true, browserName: chrome, browserVersion: 119.0.6045.200, chrome: {chromedriverVersion: 119.0.6045.105 (38c72552c5e..., userDataDir: C:\Users\dP-PL\AppData\Loca...}, fedcm:accounts: true, goog:chromeOptions: {debuggerAddress: localhost:59484}, javascriptEnabled: true, networkConnectionEnabled: false, pageLoadStrategy: normal, platform: WINDOWS, platformName: WINDOWS, proxy: Proxy(), setWindowRect: true, strictFileInteractability: false, timeouts: {implicit: 0, pageLoad: 300000, script: 30000}, unhandledPromptBehavior: dismiss and notify, webauthn:extension:credBlob: true, webauthn:extension:largeBlob: true, webauthn:extension:minPinLength: true, webauthn:extension:prf: true, webauthn:virtualAuthenticators: true}&#10;Session ID: d5456263b4ab31bc108dd6fe1f9d1739" type="org.openqa.selenium.ElementClickInterceptedException"><![CDATA[org.openqa.selenium.ElementClickInterceptedException: 
element click intercepted: Element <button type="button" ng-repeat="button in buttons" ng-disabled="(button.id=='cancel' &amp;&amp; !_isDirty()) || btnDisable(button.id)" ng-click="btnClick(button.id)" class="model-btn btnSmall light" value="" id="cancel...Ok.Save" disabled="disabled">Save</button> is not clickable at point (791, 350). Other element would receive the click: <div class="modal-footer ng-scope" ng-class="{textCenter: args.customEnable }">...</div>
  (Session info: chrome=119.0.6045.200)
Build info: version: '3.141.59', revision: 'e82be7d358', time: '2018-11-14T08:17:03'
System info: host: 'DPLAP166', ip: '137.237.3.153', os.name: 'Windows 10', os.arch: 'amd64', os.version: '10.0', java.version: '19.0.1'
Driver info: org.openqa.selenium.chrome.ChromeDriver
Capabilities {acceptInsecureCerts: true, browserName: chrome, browserVersion: 119.0.6045.200, chrome: {chromedriverVersion: 119.0.6045.105 (38c72552c5e..., userDataDir: C:\Users\dP-PL\AppData\Loca...}, fedcm:accounts: true, goog:chromeOptions: {debuggerAddress: localhost:59484}, javascriptEnabled: true, networkConnectionEnabled: false, pageLoadStrategy: normal, platform: WINDOWS, platformName: WINDOWS, proxy: Proxy(), setWindowRect: true, strictFileInteractability: false, timeouts: {implicit: 0, pageLoad: 300000, script: 30000}, unhandledPromptBehavior: dismiss and notify, webauthn:extension:credBlob: true, webauthn:extension:largeBlob: true, webauthn:extension:minPinLength: true, webauthn:extension:prf: true, webauthn:virtualAuthenticators: true}
Session ID: d5456263b4ab31bc108dd6fe1f9d1739
	at java.base/jdk.internal.reflect.DirectConstructorHandleAccessor.newInstance(DirectConstructorHandleAccessor.java:67)
	at java.base/java.lang.reflect.Constructor.newInstanceWithCaller(Constructor.java:500)
	at java.base/java.lang.reflect.Constructor.newInstance(Constructor.java:484)
	at org.openqa.selenium.remote.http.W3CHttpResponseCodec.createException(W3CHttpResponseCodec.java:187)
	at org.openqa.selenium.remote.http.W3CHttpResponseCodec.decode(W3CHttpResponseCodec.java:122)
	at org.openqa.selenium.remote.http.W3CHttpResponseCodec.decode(W3CHttpResponseCodec.java:49)
	at org.openqa.selenium.remote.HttpCommandExecutor.execute(HttpCommandExecutor.java:158)
	at org.openqa.selenium.remote.service.DriverCommandExecutor.execute(DriverCommandExecutor.java:83)
	at org.openqa.selenium.remote.RemoteWebDriver.execute(RemoteWebDriver.java:552)
	at org.openqa.selenium.remote.RemoteWebElement.execute(RemoteWebElement.java:285)
	at org.openqa.selenium.remote.RemoteWebElement.click(RemoteWebElement.java:84)
	at java.base/jdk.internal.reflect.DirectMethodHandleAccessor.invoke(DirectMethodHandleAccessor.java:104)
	at java.base/java.lang.reflect.Method.invoke(Method.java:578)
	at org.openqa.selenium.support.events.EventFiringWebDriver$EventFiringWebElement.lambda$new$0(EventFiringWebDriver.java:404)
	at jdk.proxy2/jdk.proxy2.$Proxy29.click(Unknown Source)
	at org.openqa.selenium.support.events.EventFiringWebDriver$EventFiringWebElement.click(EventFiringWebDriver.java:417)
	at java.base/jdk.internal.reflect.DirectMethodHandleAccessor.invoke(DirectMethodHandleAccessor.java:104)
	at java.base/java.lang.reflect.Method.invoke(Method.java:578)
	at org.openqa.selenium.support.pagefactory.internal.LocatingElementHandler.invoke(LocatingElementHandler.java:51)
	at jdk.proxy2/jdk.proxy2.$Proxy28.click(Unknown Source)
	at helper.CommonUtility.clickElement(CommonUtility.java:11)
	at pages.RegionPage.addhardregion(RegionPage.java:200)
	at XGLT_6752_Test.CreateNewHardRegion(XGLT_6752_Test.java:18)
	at java.base/jdk.internal.reflect.DirectMethodHandleAccessor.invoke(DirectMethodHandleAccessor.java:104)
	at java.base/java.lang.reflect.Method.invoke(Method.java:578)
	at org.testng.internal.invokers.MethodInvocationHelper.invokeMethod(MethodInvocationHelper.java:139)
	at org.testng.internal.invokers.TestInvoker.invokeMethod(TestInvoker.java:677)
	at org.testng.internal.invokers.TestInvoker.invokeTestMethod(TestInvoker.java:221)
	at org.testng.internal.invokers.MethodRunner.runInSequence(MethodRunner.java:50)
	at org.testng.internal.invokers.TestInvoker$MethodInvocationAgent.invoke(TestInvoker.java:962)
	at org.testng.internal.invokers.TestInvoker.invokeTestMethods(TestInvoker.java:194)
	at org.testng.internal.invokers.TestMethodWorker.invokeTestMethods(TestMethodWorker.java:148)
	at org.testng.internal.invokers.TestMethodWorker.run(TestMethodWorker.java:128)
	at java.base/java.util.ArrayList.forEach(ArrayList.java:1511)
	at org.testng.TestRunner.privateRun(TestRunner.java:806)
	at org.testng.TestRunner.run(TestRunner.java:601)
	at org.testng.SuiteRunner.runTest(SuiteRunner.java:433)
	at org.testng.SuiteRunner.runSequentially(SuiteRunner.java:427)
	at org.testng.SuiteRunner.privateRun(SuiteRunner.java:387)
	at org.testng.SuiteRunner.run(SuiteRunner.java:330)
	at org.testng.SuiteRunnerWorker.runSuite(SuiteRunnerWorker.java:52)
	at org.testng.SuiteRunnerWorker.run(SuiteRunnerWorker.java:95)
	at org.testng.TestNG.runSuitesSequentially(TestNG.java:1256)
	at org.testng.TestNG.runSuitesLocally(TestNG.java:1176)
	at org.testng.TestNG.runSuites(TestNG.java:1099)
	at org.testng.TestNG.run(TestNG.java:1067)
	at org.apache.maven.surefire.testng.TestNGExecutor.run(TestNGExecutor.java:324)
	at org.apache.maven.surefire.testng.TestNGXmlTestSuite.execute(TestNGXmlTestSuite.java:74)
	at org.apache.maven.surefire.testng.TestNGProvider.invoke(TestNGProvider.java:123)
	at org.apache.maven.surefire.booter.ForkedBooter.runSuitesInProcess(ForkedBooter.java:456)
	at org.apache.maven.surefire.booter.ForkedBooter.execute(ForkedBooter.java:169)
	at org.apache.maven.surefire.booter.ForkedBooter.run(ForkedBooter.java:595)
	at org.apache.maven.surefire.booter.ForkedBooter.main(ForkedBooter.java:581)
]]></failure>
    <system-out><![CDATA[2023-11-29 22:42:17,666 [main] INFO  XGLT_15177_Test - closing up browser
2023-11-29 22:42:18,025 [main] INFO  base.BaseClass - Login to XGL
2023-11-29 22:42:18,025 [main] INFO  XGLT_15177_Test - Setting up browser
2023-11-29 22:42:18,062 [main] INFO  io.github.bonigarcia.wdm.WebDriverManager - Using chromedriver 119.0.6045.105 (resolved driver for Chrome 119)
2023-11-29 22:42:18,113 [main] INFO  io.github.bonigarcia.wdm.WebDriverManager - Exporting webdriver.chrome.driver as C:\Users\dP-PL\.cache\selenium\chromedriver\win64\119.0.6045.105\chromedriver.exe
2023-11-29 22:42:19,382 [main] INFO  base.BaseClass - Before navigating to {url}
2023-11-29 22:42:26,906 [main] INFO  base.BaseClass - Navigated to {url}
2023-11-29 22:42:27,466 [main] INFO  base.BaseClass - Trying to find Element By {by.toString()})
2023-11-29 22:42:27,484 [main] INFO  base.BaseClass - Found Element By {by.toString()}
2023-11-29 22:42:27,534 [main] INFO  base.BaseClass - Trying to find Element By {by.toString()})
2023-11-29 22:42:27,546 [main] INFO  base.BaseClass - Found Element By {by.toString()}
2023-11-29 22:42:27,610 [main] INFO  base.BaseClass - Trying to find Element By {by.toString()})
2023-11-29 22:42:27,622 [main] INFO  base.BaseClass - Found Element By {by.toString()}
2023-11-29 22:42:27,622 [main] INFO  base.BaseClass - Trying to click on: {element.toString()}
2023-11-29 22:42:27,664 [main] INFO  base.BaseClass - Clicked on: {element.toString()}
2023-11-29 22:42:27,664 [main] INFO  base.BaseClass - Trying to find Element By {by.toString()})
2023-11-29 22:42:41,907 [main] INFO  base.BaseClass - Found Element By {by.toString()}
2023-11-29 22:42:41,928 [main] INFO  base.BaseClass - Trying to find Element By {by.toString()})
NoSuchElementException occurred: no such element: Unable to locate element: {"method":"xpath","selector":"//div[@class='modal-content']/div/i[contains(@class,'close')]"}
  (Session info: chrome=119.0.6045.200)
For documentation on this error, please visit: https://www.seleniumhq.org/exceptions/no_such_element.html
Build info: version: '3.141.59', revision: 'e82be7d358', time: '2018-11-14T08:17:03'
System info: host: 'DPLAP166', ip: '137.237.3.153', os.name: 'Windows 10', os.arch: 'amd64', os.version: '10.0', java.version: '19.0.1'
Driver info: org.openqa.selenium.chrome.ChromeDriver
Capabilities {acceptInsecureCerts: true, browserName: chrome, browserVersion: 119.0.6045.200, chrome: {chromedriverVersion: 119.0.6045.105 (38c72552c5e..., userDataDir: C:\Users\dP-PL\AppData\Loca...}, fedcm:accounts: true, goog:chromeOptions: {debuggerAddress: localhost:59484}, javascriptEnabled: true, networkConnectionEnabled: false, pageLoadStrategy: normal, platform: WINDOWS, platformName: WINDOWS, proxy: Proxy(), setWindowRect: true, strictFileInteractability: false, timeouts: {implicit: 0, pageLoad: 300000, script: 30000}, unhandledPromptBehavior: dismiss and notify, webauthn:extension:credBlob: true, webauthn:extension:largeBlob: true, webauthn:extension:minPinLength: true, webauthn:extension:prf: true, webauthn:virtualAuthenticators: true}
Session ID: d5456263b4ab31bc108dd6fe1f9d1739
*** Element info: {Using=xpath, value=//div[@class='modal-content']/div/i[contains(@class,'close')]}
Before method Test name: Maintainance Tests
CreateNewHardRegion started!
2023-11-29 22:43:32,127 [main] INFO  base.BaseClass - Trying to find Element By {by.toString()})
2023-11-29 22:43:32,145 [main] INFO  base.BaseClass - Found Element By {by.toString()}
2023-11-29 22:43:32,680 [main] INFO  base.BaseClass - Trying to find Element By {by.toString()})
2023-11-29 22:43:32,708 [main] INFO  base.BaseClass - Found Element By {by.toString()}
2023-11-29 22:43:33,261 [main] INFO  base.BaseClass - Trying to find Element By {by.toString()})
2023-11-29 22:43:33,289 [main] INFO  base.BaseClass - Found Element By {by.toString()}
2023-11-29 22:43:33,841 [main] INFO  base.BaseClass - Trying to find Element By {by.toString()})
2023-11-29 22:43:33,867 [main] INFO  base.BaseClass - Found Element By {by.toString()}
2023-11-29 22:43:34,417 [main] INFO  base.BaseClass - Trying to find Element By {by.toString()})
2023-11-29 22:43:34,446 [main] INFO  base.BaseClass - Found Element By {by.toString()}
2023-11-29 22:43:34,991 [main] INFO  base.BaseClass - Trying to find Element By {by.toString()})
2023-11-29 22:43:35,020 [main] INFO  base.BaseClass - Found Element By {by.toString()}
2023-11-29 22:43:35,554 [main] INFO  base.BaseClass - Trying to find Element By {by.toString()})
2023-11-29 22:43:35,583 [main] INFO  base.BaseClass - Found Element By {by.toString()}
2023-11-29 22:43:36,128 [main] INFO  base.BaseClass - Trying to find Element By {by.toString()})
2023-11-29 22:43:36,155 [main] INFO  base.BaseClass - Found Element By {by.toString()}
2023-11-29 22:43:36,699 [main] INFO  base.BaseClass - Trying to find Element By {by.toString()})
2023-11-29 22:43:36,726 [main] INFO  base.BaseClass - Found Element By {by.toString()}
2023-11-29 22:43:37,252 [main] INFO  base.BaseClass - Trying to find Element By {by.toString()})
2023-11-29 22:43:37,279 [main] INFO  base.BaseClass - Found Element By {by.toString()}
2023-11-29 22:43:37,818 [main] INFO  base.BaseClass - Trying to find Element By {by.toString()})
2023-11-29 22:43:37,846 [main] INFO  base.BaseClass - Found Element By {by.toString()}
2023-11-29 22:43:38,391 [main] INFO  base.BaseClass - Trying to find Element By {by.toString()})
2023-11-29 22:43:38,418 [main] INFO  base.BaseClass - Found Element By {by.toString()}
2023-11-29 22:43:38,960 [main] INFO  base.BaseClass - Trying to find Element By {by.toString()})
2023-11-29 22:43:38,988 [main] INFO  base.BaseClass - Found Element By {by.toString()}
2023-11-29 22:43:39,532 [main] INFO  base.BaseClass - Trying to find Element By {by.toString()})
2023-11-29 22:43:39,560 [main] INFO  base.BaseClass - Found Element By {by.toString()}
2023-11-29 22:43:40,094 [main] INFO  base.BaseClass - Trying to find Element By {by.toString()})
2023-11-29 22:43:40,121 [main] INFO  base.BaseClass - Found Element By {by.toString()}
2023-11-29 22:43:40,692 [main] INFO  base.BaseClass - Trying to find Element By {by.toString()})
2023-11-29 22:43:40,719 [main] INFO  base.BaseClass - Found Element By {by.toString()}
2023-11-29 22:43:41,276 [main] INFO  base.BaseClass - Trying to find Element By {by.toString()})
2023-11-29 22:43:41,296 [main] INFO  base.BaseClass - Found Element By {by.toString()}
2023-11-29 22:43:41,821 [main] INFO  base.BaseClass - Trying to find Element By {by.toString()})
2023-11-29 22:43:41,848 [main] INFO  base.BaseClass - Found Element By {by.toString()}
2023-11-29 22:43:42,382 [main] INFO  base.BaseClass - Trying to find Element By {by.toString()})
2023-11-29 22:43:42,408 [main] INFO  base.BaseClass - Found Element By {by.toString()}
2023-11-29 22:43:42,941 [main] INFO  base.BaseClass - Trying to find Element By {by.toString()})
2023-11-29 22:43:42,968 [main] INFO  base.BaseClass - Found Element By {by.toString()}
2023-11-29 22:43:43,516 [main] INFO  base.BaseClass - Trying to find Element By {by.toString()})
2023-11-29 22:43:43,544 [main] INFO  base.BaseClass - Found Element By {by.toString()}
2023-11-29 22:43:44,073 [main] INFO  base.BaseClass - Trying to find Element By {by.toString()})
2023-11-29 22:43:44,101 [main] INFO  base.BaseClass - Found Element By {by.toString()}
2023-11-29 22:43:44,644 [main] INFO  base.BaseClass - Trying to find Element By {by.toString()})
2023-11-29 22:43:44,672 [main] INFO  base.BaseClass - Found Element By {by.toString()}
2023-11-29 22:43:45,215 [main] INFO  base.BaseClass - Trying to find Element By {by.toString()})
2023-11-29 22:43:45,248 [main] INFO  base.BaseClass - Found Element By {by.toString()}
2023-11-29 22:43:45,782 [main] INFO  base.BaseClass - Trying to find Element By {by.toString()})
2023-11-29 22:43:45,811 [main] INFO  base.BaseClass - Found Element By {by.toString()}
2023-11-29 22:43:46,349 [main] INFO  base.BaseClass - Trying to find Element By {by.toString()})
2023-11-29 22:43:46,377 [main] INFO  base.BaseClass - Found Element By {by.toString()}
2023-11-29 22:43:46,912 [main] INFO  base.BaseClass - Trying to find Element By {by.toString()})
2023-11-29 22:43:46,940 [main] INFO  base.BaseClass - Found Element By {by.toString()}
2023-11-29 22:43:47,470 [main] INFO  base.BaseClass - Trying to find Element By {by.toString()})
2023-11-29 22:43:47,499 [main] INFO  base.BaseClass - Found Element By {by.toString()}
2023-11-29 22:43:48,040 [main] INFO  base.BaseClass - Trying to find Element By {by.toString()})
2023-11-29 22:43:48,070 [main] INFO  base.BaseClass - Found Element By {by.toString()}
2023-11-29 22:43:48,603 [main] INFO  base.BaseClass - Trying to find Element By {by.toString()})
2023-11-29 22:43:48,630 [main] INFO  base.BaseClass - Found Element By {by.toString()}
2023-11-29 22:43:49,163 [main] INFO  base.BaseClass - Trying to find Element By {by.toString()})
2023-11-29 22:43:49,179 [main] INFO  base.BaseClass - Found Element By {by.toString()}
2023-11-29 22:43:49,705 [main] INFO  base.BaseClass - Trying to find Element By {by.toString()})
2023-11-29 22:43:49,733 [main] INFO  base.BaseClass - Found Element By {by.toString()}
2023-11-29 22:43:50,268 [main] INFO  base.BaseClass - Trying to find Element By {by.toString()})
2023-11-29 22:43:50,298 [main] INFO  base.BaseClass - Found Element By {by.toString()}
2023-11-29 22:43:50,845 [main] INFO  base.BaseClass - Trying to find Element By {by.toString()})
2023-11-29 22:43:50,872 [main] INFO  base.BaseClass - Found Element By {by.toString()}
2023-11-29 22:43:51,413 [main] INFO  base.BaseClass - Trying to find Element By {by.toString()})
2023-11-29 22:43:51,433 [main] INFO  base.BaseClass - Found Element By {by.toString()}
2023-11-29 22:43:51,967 [main] INFO  base.BaseClass - Trying to find Element By {by.toString()})
2023-11-29 22:43:51,994 [main] INFO  base.BaseClass - Found Element By {by.toString()}
2023-11-29 22:43:52,541 [main] INFO  base.BaseClass - Trying to find Element By {by.toString()})
2023-11-29 22:43:52,573 [main] INFO  base.BaseClass - Found Element By {by.toString()}
2023-11-29 22:43:53,100 [main] INFO  base.BaseClass - Trying to find Element By {by.toString()})
2023-11-29 22:43:53,123 [main] INFO  base.BaseClass - Found Element By {by.toString()}
2023-11-29 22:43:53,644 [main] INFO  base.BaseClass - Trying to find Element By {by.toString()})
2023-11-29 22:43:53,670 [main] INFO  base.BaseClass - Found Element By {by.toString()}
2023-11-29 22:43:54,216 [main] INFO  base.BaseClass - Trying to find Element By {by.toString()})
2023-11-29 22:43:54,244 [main] INFO  base.BaseClass - Found Element By {by.toString()}
2023-11-29 22:43:54,788 [main] INFO  base.BaseClass - Trying to find Element By {by.toString()})
2023-11-29 22:43:54,816 [main] INFO  base.BaseClass - Found Element By {by.toString()}
2023-11-29 22:43:55,360 [main] INFO  base.BaseClass - Trying to find Element By {by.toString()})
2023-11-29 22:43:55,387 [main] INFO  base.BaseClass - Found Element By {by.toString()}
2023-11-29 22:43:55,930 [main] INFO  base.BaseClass - Trying to find Element By {by.toString()})
2023-11-29 22:43:55,956 [main] INFO  base.BaseClass - Found Element By {by.toString()}
2023-11-29 22:43:56,500 [main] INFO  base.BaseClass - Trying to find Element By {by.toString()})
2023-11-29 22:43:56,509 [main] INFO  base.BaseClass - Found Element By {by.toString()}
2023-11-29 22:43:57,022 [main] INFO  base.BaseClass - Trying to find Element By {by.toString()})
2023-11-29 22:43:57,048 [main] INFO  base.BaseClass - Found Element By {by.toString()}
2023-11-29 22:43:57,593 [main] INFO  base.BaseClass - Trying to find Element By {by.toString()})
2023-11-29 22:43:57,621 [main] INFO  base.BaseClass - Found Element By {by.toString()}
2023-11-29 22:43:58,163 [main] INFO  base.BaseClass - Trying to find Element By {by.toString()})
2023-11-29 22:43:58,190 [main] INFO  base.BaseClass - Found Element By {by.toString()}
2023-11-29 22:43:58,731 [main] INFO  base.BaseClass - Trying to find Element By {by.toString()})
2023-11-29 22:43:58,759 [main] INFO  base.BaseClass - Found Element By {by.toString()}
2023-11-29 22:43:59,290 [main] INFO  base.BaseClass - Trying to find Element By {by.toString()})
2023-11-29 22:43:59,319 [main] INFO  base.BaseClass - Found Element By {by.toString()}
2023-11-29 22:43:59,858 [main] INFO  base.BaseClass - Trying to find Element By {by.toString()})
2023-11-29 22:43:59,886 [main] INFO  base.BaseClass - Found Element By {by.toString()}
2023-11-29 22:44:00,429 [main] INFO  base.BaseClass - Trying to find Element By {by.toString()})
2023-11-29 22:44:00,457 [main] INFO  base.BaseClass - Found Element By {by.toString()}
2023-11-29 22:44:01,007 [main] INFO  base.BaseClass - Trying to find Element By {by.toString()})
2023-11-29 22:44:01,034 [main] INFO  base.BaseClass - Found Element By {by.toString()}
2023-11-29 22:44:01,577 [main] INFO  base.BaseClass - Trying to find Element By {by.toString()})
2023-11-29 22:44:01,603 [main] INFO  base.BaseClass - Found Element By {by.toString()}
2023-11-29 22:44:02,148 [main] INFO  base.BaseClass - Trying to find Element By {by.toString()})
2023-11-29 22:44:02,175 [main] INFO  base.BaseClass - Found Element By {by.toString()}
TimeoutException occurred: Expected condition failed: waiting for helper.WaitUtility$5@186f606 (tried for 30 second(s) with 500 milliseconds interval)
Build info: version: '3.141.59', revision: 'e82be7d358', time: '2018-11-14T08:17:03'
System info: host: 'DPLAP166', ip: '137.237.3.153', os.name: 'Windows 10', os.arch: 'amd64', os.version: '10.0', java.version: '19.0.1'
Driver info: org.openqa.selenium.support.events.EventFiringWebDriver
Capabilities {acceptInsecureCerts: true, browserName: chrome, browserVersion: 119.0.6045.200, chrome: {chromedriverVersion: 119.0.6045.105 (38c72552c5e..., userDataDir: C:\Users\dP-PL\AppData\Loca...}, fedcm:accounts: true, goog:chromeOptions: {debuggerAddress: localhost:59484}, javascriptEnabled: true, networkConnectionEnabled: false, pageLoadStrategy: normal, platform: WINDOWS, platformName: WINDOWS, proxy: Proxy(), setWindowRect: true, strictFileInteractability: false, timeouts: {implicit: 0, pageLoad: 300000, script: 30000}, unhandledPromptBehavior: dismiss and notify, webauthn:extension:credBlob: true, webauthn:extension:largeBlob: true, webauthn:extension:minPinLength: true, webauthn:extension:prf: true, webauthn:virtualAuthenticators: true}
Session ID: d5456263b4ab31bc108dd6fe1f9d1739
2023-11-29 22:44:02,220 [main] ERROR XGLT_15177_Test - Element did not become visible within the specified time: Expected condition failed: waiting for helper.WaitUtility$5@186f606 (tried for 30 second(s) with 500 milliseconds interval)
Build info: version: '3.141.59', revision: 'e82be7d358', time: '2018-11-14T08:17:03'
System info: host: 'DPLAP166', ip: '137.237.3.153', os.name: 'Windows 10', os.arch: 'amd64', os.version: '10.0', java.version: '19.0.1'
Driver info: org.openqa.selenium.support.events.EventFiringWebDriver
Capabilities {acceptInsecureCerts: true, browserName: chrome, browserVersion: 119.0.6045.200, chrome: {chromedriverVersion: 119.0.6045.105 (38c72552c5e..., userDataDir: C:\Users\dP-PL\AppData\Loca...}, fedcm:accounts: true, goog:chromeOptions: {debuggerAddress: localhost:59484}, javascriptEnabled: true, networkConnectionEnabled: false, pageLoadStrategy: normal, platform: WINDOWS, platformName: WINDOWS, proxy: Proxy(), setWindowRect: true, strictFileInteractability: false, timeouts: {implicit: 0, pageLoad: 300000, script: 30000}, unhandledPromptBehavior: dismiss and notify, webauthn:extension:credBlob: true, webauthn:extension:largeBlob: true, webauthn:extension:minPinLength: true, webauthn:extension:prf: true, webauthn:virtualAuthenticators: true}
Session ID: d5456263b4ab31bc108dd6fe1f9d1739
2023-11-29 22:44:02,220 [main] INFO  base.BaseClass - Trying to find Element By {by.toString()})
2023-11-29 22:44:02,241 [main] INFO  base.BaseClass - Found Element By {by.toString()}
2023-11-29 22:44:02,242 [main] INFO  base.BaseClass - Trying to click on: {element.toString()}
2023-11-29 22:44:02,376 [main] INFO  base.BaseClass - Clicked on: {element.toString()}
2023-11-29 22:44:02,376 [main] INFO  base.BaseClass - Trying to find Element By {by.toString()})
2023-11-29 22:44:02,394 [main] INFO  base.BaseClass - Found Element By {by.toString()}
2023-11-29 22:44:02,911 [main] INFO  base.BaseClass - Trying to find Element By {by.toString()})
2023-11-29 22:44:02,940 [main] INFO  base.BaseClass - Found Element By {by.toString()}
2023-11-29 22:44:03,479 [main] INFO  base.BaseClass - Trying to find Element By {by.toString()})
2023-11-29 22:44:03,510 [main] INFO  base.BaseClass - Found Element By {by.toString()}
2023-11-29 22:44:04,041 [main] INFO  base.BaseClass - Trying to find Element By {by.toString()})
2023-11-29 22:44:04,069 [main] INFO  base.BaseClass - Found Element By {by.toString()}
2023-11-29 22:44:04,617 [main] INFO  base.BaseClass - Trying to find Element By {by.toString()})
2023-11-29 22:44:04,646 [main] INFO  base.BaseClass - Found Element By {by.toString()}
2023-11-29 22:44:05,180 [main] INFO  base.BaseClass - Trying to find Element By {by.toString()})
2023-11-29 22:44:05,209 [main] INFO  base.BaseClass - Found Element By {by.toString()}
2023-11-29 22:44:05,757 [main] INFO  base.BaseClass - Trying to find Element By {by.toString()})
2023-11-29 22:44:05,785 [main] INFO  base.BaseClass - Found Element By {by.toString()}
2023-11-29 22:44:06,332 [main] INFO  base.BaseClass - Trying to find Element By {by.toString()})
2023-11-29 22:44:06,364 [main] INFO  base.BaseClass - Found Element By {by.toString()}
2023-11-29 22:44:06,904 [main] INFO  base.BaseClass - Trying to find Element By {by.toString()})
2023-11-29 22:44:06,934 [main] INFO  base.BaseClass - Found Element By {by.toString()}
2023-11-29 22:44:07,475 [main] INFO  base.BaseClass - Trying to find Element By {by.toString()})
2023-11-29 22:44:07,503 [main] INFO  base.BaseClass - Found Element By {by.toString()}
2023-11-29 22:44:08,053 [main] INFO  base.BaseClass - Trying to find Element By {by.toString()})
2023-11-29 22:44:08,082 [main] INFO  base.BaseClass - Found Element By {by.toString()}
2023-11-29 22:44:08,628 [main] INFO  base.BaseClass - Trying to find Element By {by.toString()})
2023-11-29 22:44:08,656 [main] INFO  base.BaseClass - Found Element By {by.toString()}
2023-11-29 22:44:09,194 [main] INFO  base.BaseClass - Trying to find Element By {by.toString()})
2023-11-29 22:44:09,223 [main] INFO  base.BaseClass - Found Element By {by.toString()}
2023-11-29 22:44:09,772 [main] INFO  base.BaseClass - Trying to find Element By {by.toString()})
2023-11-29 22:44:09,800 [main] INFO  base.BaseClass - Found Element By {by.toString()}
2023-11-29 22:44:10,349 [main] INFO  base.BaseClass - Trying to find Element By {by.toString()})
2023-11-29 22:44:10,378 [main] INFO  base.BaseClass - Found Element By {by.toString()}
2023-11-29 22:44:10,921 [main] INFO  base.BaseClass - Trying to find Element By {by.toString()})
2023-11-29 22:44:10,950 [main] INFO  base.BaseClass - Found Element By {by.toString()}
2023-11-29 22:44:11,492 [main] INFO  base.BaseClass - Trying to find Element By {by.toString()})
2023-11-29 22:44:11,521 [main] INFO  base.BaseClass - Found Element By {by.toString()}
2023-11-29 22:44:12,067 [main] INFO  base.BaseClass - Trying to find Element By {by.toString()})
2023-11-29 22:44:12,083 [main] INFO  base.BaseClass - Found Element By {by.toString()}
2023-11-29 22:44:12,609 [main] INFO  base.BaseClass - Trying to find Element By {by.toString()})
2023-11-29 22:44:12,641 [main] INFO  base.BaseClass - Found Element By {by.toString()}
2023-11-29 22:44:13,178 [main] INFO  base.BaseClass - Trying to find Element By {by.toString()})
2023-11-29 22:44:13,225 [main] INFO  base.BaseClass - Found Element By {by.toString()}
2023-11-29 22:44:13,751 [main] INFO  base.BaseClass - Trying to find Element By {by.toString()})
2023-11-29 22:44:13,779 [main] INFO  base.BaseClass - Found Element By {by.toString()}
2023-11-29 22:44:14,338 [main] INFO  base.BaseClass - Trying to find Element By {by.toString()})
2023-11-29 22:44:14,367 [main] INFO  base.BaseClass - Found Element By {by.toString()}
2023-11-29 22:44:14,902 [main] INFO  base.BaseClass - Trying to find Element By {by.toString()})
2023-11-29 22:44:14,931 [main] INFO  base.BaseClass - Found Element By {by.toString()}
2023-11-29 22:44:15,474 [main] INFO  base.BaseClass - Trying to find Element By {by.toString()})
2023-11-29 22:44:15,502 [main] INFO  base.BaseClass - Found Element By {by.toString()}
2023-11-29 22:44:16,048 [main] INFO  base.BaseClass - Trying to find Element By {by.toString()})
2023-11-29 22:44:16,077 [main] INFO  base.BaseClass - Found Element By {by.toString()}
2023-11-29 22:44:16,611 [main] INFO  base.BaseClass - Trying to find Element By {by.toString()})
2023-11-29 22:44:16,639 [main] INFO  base.BaseClass - Found Element By {by.toString()}
2023-11-29 22:44:17,175 [main] INFO  base.BaseClass - Trying to find Element By {by.toString()})
2023-11-29 22:44:17,203 [main] INFO  base.BaseClass - Found Element By {by.toString()}
2023-11-29 22:44:17,760 [main] INFO  base.BaseClass - Trying to find Element By {by.toString()})
2023-11-29 22:44:17,788 [main] INFO  base.BaseClass - Found Element By {by.toString()}
2023-11-29 22:44:18,332 [main] INFO  base.BaseClass - Trying to find Element By {by.toString()})
2023-11-29 22:44:18,360 [main] INFO  base.BaseClass - Found Element By {by.toString()}
2023-11-29 22:44:18,902 [main] INFO  base.BaseClass - Trying to find Element By {by.toString()})
2023-11-29 22:44:18,908 [main] INFO  base.BaseClass - Found Element By {by.toString()}
2023-11-29 22:44:19,421 [main] INFO  base.BaseClass - Trying to find Element By {by.toString()})
2023-11-29 22:44:19,450 [main] INFO  base.BaseClass - Found Element By {by.toString()}
2023-11-29 22:44:19,978 [main] INFO  base.BaseClass - Trying to find Element By {by.toString()})
2023-11-29 22:44:20,008 [main] INFO  base.BaseClass - Found Element By {by.toString()}
2023-11-29 22:44:20,553 [main] INFO  base.BaseClass - Trying to find Element By {by.toString()})
2023-11-29 22:44:20,581 [main] INFO  base.BaseClass - Found Element By {by.toString()}
2023-11-29 22:44:21,111 [main] INFO  base.BaseClass - Trying to find Element By {by.toString()})
2023-11-29 22:44:21,144 [main] INFO  base.BaseClass - Found Element By {by.toString()}
2023-11-29 22:44:21,667 [main] INFO  base.BaseClass - Trying to find Element By {by.toString()})
2023-11-29 22:44:21,676 [main] INFO  base.BaseClass - Found Element By {by.toString()}
2023-11-29 22:44:22,190 [main] INFO  base.BaseClass - Trying to find Element By {by.toString()})
2023-11-29 22:44:22,198 [main] INFO  base.BaseClass - Found Element By {by.toString()}
2023-11-29 22:44:22,710 [main] INFO  base.BaseClass - Trying to find Element By {by.toString()})
2023-11-29 22:44:22,731 [main] INFO  base.BaseClass - Found Element By {by.toString()}
2023-11-29 22:44:23,259 [main] INFO  base.BaseClass - Trying to find Element By {by.toString()})
2023-11-29 22:44:23,289 [main] INFO  base.BaseClass - Found Element By {by.toString()}
2023-11-29 22:44:23,834 [main] INFO  base.BaseClass - Trying to find Element By {by.toString()})
2023-11-29 22:44:23,863 [main] INFO  base.BaseClass - Found Element By {by.toString()}
2023-11-29 22:44:24,404 [main] INFO  base.BaseClass - Trying to find Element By {by.toString()})
2023-11-29 22:44:24,433 [main] INFO  base.BaseClass - Found Element By {by.toString()}
2023-11-29 22:44:24,975 [main] INFO  base.BaseClass - Trying to find Element By {by.toString()})
2023-11-29 22:44:25,003 [main] INFO  base.BaseClass - Found Element By {by.toString()}
2023-11-29 22:44:25,549 [main] INFO  base.BaseClass - Trying to find Element By {by.toString()})
2023-11-29 22:44:25,578 [main] INFO  base.BaseClass - Found Element By {by.toString()}
2023-11-29 22:44:26,113 [main] INFO  base.BaseClass - Trying to find Element By {by.toString()})
2023-11-29 22:44:26,143 [main] INFO  base.BaseClass - Found Element By {by.toString()}
2023-11-29 22:44:26,687 [main] INFO  base.BaseClass - Trying to find Element By {by.toString()})
2023-11-29 22:44:26,715 [main] INFO  base.BaseClass - Found Element By {by.toString()}
2023-11-29 22:44:27,259 [main] INFO  base.BaseClass - Trying to find Element By {by.toString()})
2023-11-29 22:44:27,287 [main] INFO  base.BaseClass - Found Element By {by.toString()}
2023-11-29 22:44:27,830 [main] INFO  base.BaseClass - Trying to find Element By {by.toString()})
2023-11-29 22:44:27,858 [main] INFO  base.BaseClass - Found Element By {by.toString()}
2023-11-29 22:44:28,399 [main] INFO  base.BaseClass - Trying to find Element By {by.toString()})
2023-11-29 22:44:28,428 [main] INFO  base.BaseClass - Found Element By {by.toString()}
2023-11-29 22:44:28,960 [main] INFO  base.BaseClass - Trying to find Element By {by.toString()})
2023-11-29 22:44:29,012 [main] INFO  base.BaseClass - Found Element By {by.toString()}
2023-11-29 22:44:29,533 [main] INFO  base.BaseClass - Trying to find Element By {by.toString()})
2023-11-29 22:44:29,563 [main] INFO  base.BaseClass - Found Element By {by.toString()}
2023-11-29 22:44:30,111 [main] INFO  base.BaseClass - Trying to find Element By {by.toString()})
2023-11-29 22:44:30,140 [main] INFO  base.BaseClass - Found Element By {by.toString()}
2023-11-29 22:44:30,671 [main] INFO  base.BaseClass - Trying to find Element By {by.toString()})
2023-11-29 22:44:30,701 [main] INFO  base.BaseClass - Found Element By {by.toString()}
2023-11-29 22:44:31,252 [main] INFO  base.BaseClass - Trying to find Element By {by.toString()})
2023-11-29 22:44:31,281 [main] INFO  base.BaseClass - Found Element By {by.toString()}
2023-11-29 22:44:31,832 [main] INFO  base.BaseClass - Trying to find Element By {by.toString()})
2023-11-29 22:44:31,850 [main] INFO  base.BaseClass - Found Element By {by.toString()}
2023-11-29 22:44:32,375 [main] INFO  base.BaseClass - Trying to find Element By {by.toString()})
2023-11-29 22:44:32,403 [main] INFO  base.BaseClass - Found Element By {by.toString()}
TimeoutException occurred: Expected condition failed: waiting for helper.WaitUtility$5@da9ae77 (tried for 30 second(s) with 500 milliseconds interval)
Build info: version: '3.141.59', revision: 'e82be7d358', time: '2018-11-14T08:17:03'
System info: host: 'DPLAP166', ip: '137.237.3.153', os.name: 'Windows 10', os.arch: 'amd64', os.version: '10.0', java.version: '19.0.1'
Driver info: org.openqa.selenium.support.events.EventFiringWebDriver
Capabilities {acceptInsecureCerts: true, browserName: chrome, browserVersion: 119.0.6045.200, chrome: {chromedriverVersion: 119.0.6045.105 (38c72552c5e..., userDataDir: C:\Users\dP-PL\AppData\Loca...}, fedcm:accounts: true, goog:chromeOptions: {debuggerAddress: localhost:59484}, javascriptEnabled: true, networkConnectionEnabled: false, pageLoadStrategy: normal, platform: WINDOWS, platformName: WINDOWS, proxy: Proxy(), setWindowRect: true, strictFileInteractability: false, timeouts: {implicit: 0, pageLoad: 300000, script: 30000}, unhandledPromptBehavior: dismiss and notify, webauthn:extension:credBlob: true, webauthn:extension:largeBlob: true, webauthn:extension:minPinLength: true, webauthn:extension:prf: true, webauthn:virtualAuthenticators: true}
Session ID: d5456263b4ab31bc108dd6fe1f9d1739
2023-11-29 22:44:32,436 [main] ERROR XGLT_15177_Test - Element did not become visible within the specified time: Expected condition failed: waiting for helper.WaitUtility$5@da9ae77 (tried for 30 second(s) with 500 milliseconds interval)
Build info: version: '3.141.59', revision: 'e82be7d358', time: '2018-11-14T08:17:03'
System info: host: 'DPLAP166', ip: '137.237.3.153', os.name: 'Windows 10', os.arch: 'amd64', os.version: '10.0', java.version: '19.0.1'
Driver info: org.openqa.selenium.support.events.EventFiringWebDriver
Capabilities {acceptInsecureCerts: true, browserName: chrome, browserVersion: 119.0.6045.200, chrome: {chromedriverVersion: 119.0.6045.105 (38c72552c5e..., userDataDir: C:\Users\dP-PL\AppData\Loca...}, fedcm:accounts: true, goog:chromeOptions: {debuggerAddress: localhost:59484}, javascriptEnabled: true, networkConnectionEnabled: false, pageLoadStrategy: normal, platform: WINDOWS, platformName: WINDOWS, proxy: Proxy(), setWindowRect: true, strictFileInteractability: false, timeouts: {implicit: 0, pageLoad: 300000, script: 30000}, unhandledPromptBehavior: dismiss and notify, webauthn:extension:credBlob: true, webauthn:extension:largeBlob: true, webauthn:extension:minPinLength: true, webauthn:extension:prf: true, webauthn:virtualAuthenticators: true}
Session ID: d5456263b4ab31bc108dd6fe1f9d1739
2023-11-29 22:44:32,436 [main] INFO  base.BaseClass - Trying to find Element By {by.toString()})
2023-11-29 22:44:32,456 [main] INFO  base.BaseClass - Found Element By {by.toString()}
2023-11-29 22:44:32,456 [main] INFO  base.BaseClass - Trying to click on: {element.toString()}
2023-11-29 22:44:32,827 [main] INFO  base.BaseClass - Clicked on: {element.toString()}
2023-11-29 22:44:32,827 [main] INFO  base.BaseClass - Trying to find Element By {by.toString()})
2023-11-29 22:44:32,850 [main] INFO  base.BaseClass - Found Element By {by.toString()}
2023-11-29 22:44:32,878 [main] INFO  base.BaseClass - Trying to find Element By {by.toString()})
2023-11-29 22:44:32,902 [main] INFO  base.BaseClass - Found Element By {by.toString()}
2023-11-29 22:44:33,427 [main] INFO  base.BaseClass - Trying to find Element By {by.toString()})
2023-11-29 22:44:33,456 [main] INFO  base.BaseClass - Found Element By {by.toString()}
2023-11-29 22:44:33,999 [main] INFO  base.BaseClass - Trying to find Element By {by.toString()})
2023-11-29 22:44:34,029 [main] INFO  base.BaseClass - Found Element By {by.toString()}
2023-11-29 22:44:34,584 [main] INFO  base.BaseClass - Trying to find Element By {by.toString()})
2023-11-29 22:44:34,612 [main] INFO  base.BaseClass - Found Element By {by.toString()}
2023-11-29 22:44:35,151 [main] INFO  base.BaseClass - Trying to find Element By {by.toString()})
2023-11-29 22:44:35,179 [main] INFO  base.BaseClass - Found Element By {by.toString()}
2023-11-29 22:44:35,714 [main] INFO  base.BaseClass - Trying to find Element By {by.toString()})
2023-11-29 22:44:35,741 [main] INFO  base.BaseClass - Found Element By {by.toString()}
2023-11-29 22:44:36,277 [main] INFO  base.BaseClass - Trying to find Element By {by.toString()})
2023-11-29 22:44:36,303 [main] INFO  base.BaseClass - Found Element By {by.toString()}
2023-11-29 22:44:36,843 [main] INFO  base.BaseClass - Trying to find Element By {by.toString()})
2023-11-29 22:44:36,870 [main] INFO  base.BaseClass - Found Element By {by.toString()}
2023-11-29 22:44:37,405 [main] INFO  base.BaseClass - Trying to find Element By {by.toString()})
2023-11-29 22:44:37,430 [main] INFO  base.BaseClass - Found Element By {by.toString()}
2023-11-29 22:44:37,966 [main] INFO  base.BaseClass - Trying to find Element By {by.toString()})
2023-11-29 22:44:37,991 [main] INFO  base.BaseClass - Found Element By {by.toString()}
2023-11-29 22:44:38,525 [main] INFO  base.BaseClass - Trying to find Element By {by.toString()})
2023-11-29 22:44:38,551 [main] INFO  base.BaseClass - Found Element By {by.toString()}
2023-11-29 22:44:39,086 [main] INFO  base.BaseClass - Trying to find Element By {by.toString()})
2023-11-29 22:44:39,109 [main] INFO  base.BaseClass - Found Element By {by.toString()}
2023-11-29 22:44:39,661 [main] INFO  base.BaseClass - Trying to find Element By {by.toString()})
2023-11-29 22:44:39,687 [main] INFO  base.BaseClass - Found Element By {by.toString()}
2023-11-29 22:44:40,223 [main] INFO  base.BaseClass - Trying to find Element By {by.toString()})
2023-11-29 22:44:40,247 [main] INFO  base.BaseClass - Found Element By {by.toString()}
2023-11-29 22:44:40,781 [main] INFO  base.BaseClass - Trying to find Element By {by.toString()})
2023-11-29 22:44:40,807 [main] INFO  base.BaseClass - Found Element By {by.toString()}
2023-11-29 22:44:41,339 [main] INFO  base.BaseClass - Trying to find Element By {by.toString()})
2023-11-29 22:44:41,363 [main] INFO  base.BaseClass - Found Element By {by.toString()}
2023-11-29 22:44:41,898 [main] INFO  base.BaseClass - Trying to find Element By {by.toString()})
2023-11-29 22:44:41,924 [main] INFO  base.BaseClass - Found Element By {by.toString()}
2023-11-29 22:44:42,456 [main] INFO  base.BaseClass - Trying to find Element By {by.toString()})
2023-11-29 22:44:42,481 [main] INFO  base.BaseClass - Found Element By {by.toString()}
2023-11-29 22:44:43,017 [main] INFO  base.BaseClass - Trying to find Element By {by.toString()})
2023-11-29 22:44:43,042 [main] INFO  base.BaseClass - Found Element By {by.toString()}
2023-11-29 22:44:43,581 [main] INFO  base.BaseClass - Trying to find Element By {by.toString()})
2023-11-29 22:44:43,606 [main] INFO  base.BaseClass - Found Element By {by.toString()}
2023-11-29 22:44:44,143 [main] INFO  base.BaseClass - Trying to find Element By {by.toString()})
2023-11-29 22:44:44,168 [main] INFO  base.BaseClass - Found Element By {by.toString()}
2023-11-29 22:44:44,703 [main] INFO  base.BaseClass - Trying to find Element By {by.toString()})
2023-11-29 22:44:44,728 [main] INFO  base.BaseClass - Found Element By {by.toString()}
2023-11-29 22:44:45,262 [main] INFO  base.BaseClass - Trying to find Element By {by.toString()})
2023-11-29 22:44:45,286 [main] INFO  base.BaseClass - Found Element By {by.toString()}
2023-11-29 22:44:45,819 [main] INFO  base.BaseClass - Trying to find Element By {by.toString()})
2023-11-29 22:44:45,843 [main] INFO  base.BaseClass - Found Element By {by.toString()}
2023-11-29 22:44:46,382 [main] INFO  base.BaseClass - Trying to find Element By {by.toString()})
2023-11-29 22:44:46,406 [main] INFO  base.BaseClass - Found Element By {by.toString()}
2023-11-29 22:44:46,944 [main] INFO  base.BaseClass - Trying to find Element By {by.toString()})
2023-11-29 22:44:46,969 [main] INFO  base.BaseClass - Found Element By {by.toString()}
2023-11-29 22:44:47,505 [main] INFO  base.BaseClass - Trying to find Element By {by.toString()})
2023-11-29 22:44:47,530 [main] INFO  base.BaseClass - Found Element By {by.toString()}
2023-11-29 22:44:48,065 [main] INFO  base.BaseClass - Trying to find Element By {by.toString()})
2023-11-29 22:44:48,089 [main] INFO  base.BaseClass - Found Element By {by.toString()}
2023-11-29 22:44:48,625 [main] INFO  base.BaseClass - Trying to find Element By {by.toString()})
2023-11-29 22:44:48,651 [main] INFO  base.BaseClass - Found Element By {by.toString()}
2023-11-29 22:44:49,187 [main] INFO  base.BaseClass - Trying to find Element By {by.toString()})
2023-11-29 22:44:49,235 [main] INFO  base.BaseClass - Found Element By {by.toString()}
2023-11-29 22:44:49,755 [main] INFO  base.BaseClass - Trying to find Element By {by.toString()})
2023-11-29 22:44:49,780 [main] INFO  base.BaseClass - Found Element By {by.toString()}
2023-11-29 22:44:50,315 [main] INFO  base.BaseClass - Trying to find Element By {by.toString()})
2023-11-29 22:44:50,340 [main] INFO  base.BaseClass - Found Element By {by.toString()}
2023-11-29 22:44:50,874 [main] INFO  base.BaseClass - Trying to find Element By {by.toString()})
2023-11-29 22:44:50,898 [main] INFO  base.BaseClass - Found Element By {by.toString()}
2023-11-29 22:44:51,431 [main] INFO  base.BaseClass - Trying to find Element By {by.toString()})
2023-11-29 22:44:51,457 [main] INFO  base.BaseClass - Found Element By {by.toString()}
2023-11-29 22:44:51,990 [main] INFO  base.BaseClass - Trying to find Element By {by.toString()})
2023-11-29 22:44:52,013 [main] INFO  base.BaseClass - Found Element By {by.toString()}
2023-11-29 22:44:52,546 [main] INFO  base.BaseClass - Trying to find Element By {by.toString()})
2023-11-29 22:44:52,570 [main] INFO  base.BaseClass - Found Element By {by.toString()}
2023-11-29 22:44:53,106 [main] INFO  base.BaseClass - Trying to find Element By {by.toString()})
2023-11-29 22:44:53,131 [main] INFO  base.BaseClass - Found Element By {by.toString()}
2023-11-29 22:44:53,667 [main] INFO  base.BaseClass - Trying to find Element By {by.toString()})
2023-11-29 22:44:53,692 [main] INFO  base.BaseClass - Found Element By {by.toString()}
2023-11-29 22:44:54,226 [main] INFO  base.BaseClass - Trying to find Element By {by.toString()})
2023-11-29 22:44:54,252 [main] INFO  base.BaseClass - Found Element By {by.toString()}
2023-11-29 22:44:54,786 [main] INFO  base.BaseClass - Trying to find Element By {by.toString()})
2023-11-29 22:44:54,810 [main] INFO  base.BaseClass - Found Element By {by.toString()}
2023-11-29 22:44:55,357 [main] INFO  base.BaseClass - Trying to find Element By {by.toString()})
2023-11-29 22:44:55,381 [main] INFO  base.BaseClass - Found Element By {by.toString()}
2023-11-29 22:44:55,917 [main] INFO  base.BaseClass - Trying to find Element By {by.toString()})
2023-11-29 22:44:55,942 [main] INFO  base.BaseClass - Found Element By {by.toString()}
2023-11-29 22:44:56,475 [main] INFO  base.BaseClass - Trying to find Element By {by.toString()})
2023-11-29 22:44:56,501 [main] INFO  base.BaseClass - Found Element By {by.toString()}
2023-11-29 22:44:57,036 [main] INFO  base.BaseClass - Trying to find Element By {by.toString()})
2023-11-29 22:44:57,060 [main] INFO  base.BaseClass - Found Element By {by.toString()}
2023-11-29 22:44:57,596 [main] INFO  base.BaseClass - Trying to find Element By {by.toString()})
2023-11-29 22:44:57,621 [main] INFO  base.BaseClass - Found Element By {by.toString()}
2023-11-29 22:44:58,160 [main] INFO  base.BaseClass - Trying to find Element By {by.toString()})
2023-11-29 22:44:58,184 [main] INFO  base.BaseClass - Found Element By {by.toString()}
2023-11-29 22:44:58,722 [main] INFO  base.BaseClass - Trying to find Element By {by.toString()})
2023-11-29 22:44:58,746 [main] INFO  base.BaseClass - Found Element By {by.toString()}
2023-11-29 22:44:59,279 [main] INFO  base.BaseClass - Trying to find Element By {by.toString()})
2023-11-29 22:44:59,304 [main] INFO  base.BaseClass - Found Element By {by.toString()}
2023-11-29 22:44:59,851 [main] INFO  base.BaseClass - Trying to find Element By {by.toString()})
2023-11-29 22:44:59,874 [main] INFO  base.BaseClass - Found Element By {by.toString()}
2023-11-29 22:45:00,409 [main] INFO  base.BaseClass - Trying to find Element By {by.toString()})
2023-11-29 22:45:00,433 [main] INFO  base.BaseClass - Found Element By {by.toString()}
2023-11-29 22:45:00,972 [main] INFO  base.BaseClass - Trying to find Element By {by.toString()})
2023-11-29 22:45:00,997 [main] INFO  base.BaseClass - Found Element By {by.toString()}
2023-11-29 22:45:01,535 [main] INFO  base.BaseClass - Trying to find Element By {by.toString()})
2023-11-29 22:45:01,641 [main] INFO  base.BaseClass - Found Element By {by.toString()}
2023-11-29 22:45:02,169 [main] INFO  base.BaseClass - Trying to find Element By {by.toString()})
2023-11-29 22:45:02,194 [main] INFO  base.BaseClass - Found Element By {by.toString()}
2023-11-29 22:45:02,742 [main] INFO  base.BaseClass - Trying to find Element By {by.toString()})
2023-11-29 22:45:02,769 [main] INFO  base.BaseClass - Found Element By {by.toString()}
2023-11-29 22:45:03,306 [main] INFO  base.BaseClass - Trying to find Element By {by.toString()})
2023-11-29 22:45:03,331 [main] INFO  base.BaseClass - Found Element By {by.toString()}
TimeoutException occurred: Expected condition failed: waiting for helper.WaitUtility$5@6cf83363 (tried for 30 second(s) with 500 milliseconds interval)
Build info: version: '3.141.59', revision: 'e82be7d358', time: '2018-11-14T08:17:03'
System info: host: 'DPLAP166', ip: '137.237.3.153', os.name: 'Windows 10', os.arch: 'amd64', os.version: '10.0', java.version: '19.0.1'
Driver info: org.openqa.selenium.support.events.EventFiringWebDriver
Capabilities {acceptInsecureCerts: true, browserName: chrome, browserVersion: 119.0.6045.200, chrome: {chromedriverVersion: 119.0.6045.105 (38c72552c5e..., userDataDir: C:\Users\dP-PL\AppData\Loca...}, fedcm:accounts: true, goog:chromeOptions: {debuggerAddress: localhost:59484}, javascriptEnabled: true, networkConnectionEnabled: false, pageLoadStrategy: normal, platform: WINDOWS, platformName: WINDOWS, proxy: Proxy(), setWindowRect: true, strictFileInteractability: false, timeouts: {implicit: 0, pageLoad: 300000, script: 30000}, unhandledPromptBehavior: dismiss and notify, webauthn:extension:credBlob: true, webauthn:extension:largeBlob: true, webauthn:extension:minPinLength: true, webauthn:extension:prf: true, webauthn:virtualAuthenticators: true}
Session ID: d5456263b4ab31bc108dd6fe1f9d1739
2023-11-29 22:45:03,366 [main] ERROR XGLT_15177_Test - Element did not become visible within the specified time: Expected condition failed: waiting for helper.WaitUtility$5@6cf83363 (tried for 30 second(s) with 500 milliseconds interval)
Build info: version: '3.141.59', revision: 'e82be7d358', time: '2018-11-14T08:17:03'
System info: host: 'DPLAP166', ip: '137.237.3.153', os.name: 'Windows 10', os.arch: 'amd64', os.version: '10.0', java.version: '19.0.1'
Driver info: org.openqa.selenium.support.events.EventFiringWebDriver
Capabilities {acceptInsecureCerts: true, browserName: chrome, browserVersion: 119.0.6045.200, chrome: {chromedriverVersion: 119.0.6045.105 (38c72552c5e..., userDataDir: C:\Users\dP-PL\AppData\Loca...}, fedcm:accounts: true, goog:chromeOptions: {debuggerAddress: localhost:59484}, javascriptEnabled: true, networkConnectionEnabled: false, pageLoadStrategy: normal, platform: WINDOWS, platformName: WINDOWS, proxy: Proxy(), setWindowRect: true, strictFileInteractability: false, timeouts: {implicit: 0, pageLoad: 300000, script: 30000}, unhandledPromptBehavior: dismiss and notify, webauthn:extension:credBlob: true, webauthn:extension:largeBlob: true, webauthn:extension:minPinLength: true, webauthn:extension:prf: true, webauthn:virtualAuthenticators: true}
Session ID: d5456263b4ab31bc108dd6fe1f9d1739
2023-11-29 22:45:03,366 [main] INFO  base.BaseClass - Trying to find Element By {by.toString()})
2023-11-29 22:45:03,388 [main] INFO  base.BaseClass - Found Element By {by.toString()}
2023-11-29 22:45:03,388 [main] INFO  base.BaseClass - Trying to click on: {element.toString()}
2023-11-29 22:45:03,571 [main] INFO  base.BaseClass - Clicked on: {element.toString()}
2023-11-29 22:45:03,571 [main] INFO  base.BaseClass - Trying to find Element By {by.toString()})
2023-11-29 22:45:03,592 [main] INFO  base.BaseClass - Found Element By {by.toString()}
2023-11-29 22:45:04,114 [main] INFO  base.BaseClass - Trying to find Element By {by.toString()})
2023-11-29 22:45:04,141 [main] INFO  base.BaseClass - Found Element By {by.toString()}
2023-11-29 22:45:04,679 [main] INFO  base.BaseClass - Trying to find Element By {by.toString()})
2023-11-29 22:45:04,708 [main] INFO  base.BaseClass - Found Element By {by.toString()}
2023-11-29 22:45:05,246 [main] INFO  base.BaseClass - Trying to find Element By {by.toString()})
2023-11-29 22:45:05,273 [main] INFO  base.BaseClass - Found Element By {by.toString()}
2023-11-29 22:45:05,808 [main] INFO  base.BaseClass - Trying to find Element By {by.toString()})
2023-11-29 22:45:05,834 [main] INFO  base.BaseClass - Found Element By {by.toString()}
2023-11-29 22:45:06,369 [main] INFO  base.BaseClass - Trying to find Element By {by.toString()})
2023-11-29 22:45:06,394 [main] INFO  base.BaseClass - Found Element By {by.toString()}
2023-11-29 22:45:06,933 [main] INFO  base.BaseClass - Trying to find Element By {by.toString()})
2023-11-29 22:45:06,961 [main] INFO  base.BaseClass - Found Element By {by.toString()}
2023-11-29 22:45:07,497 [main] INFO  base.BaseClass - Trying to find Element By {by.toString()})
2023-11-29 22:45:07,521 [main] INFO  base.BaseClass - Found Element By {by.toString()}
2023-11-29 22:45:08,058 [main] INFO  base.BaseClass - Trying to find Element By {by.toString()})
2023-11-29 22:45:08,082 [main] INFO  base.BaseClass - Found Element By {by.toString()}
2023-11-29 22:45:08,624 [main] INFO  base.BaseClass - Trying to find Element By {by.toString()})
2023-11-29 22:45:08,647 [main] INFO  base.BaseClass - Found Element By {by.toString()}
2023-11-29 22:45:09,193 [main] INFO  base.BaseClass - Trying to find Element By {by.toString()})
2023-11-29 22:45:09,216 [main] INFO  base.BaseClass - Found Element By {by.toString()}
2023-11-29 22:45:09,748 [main] INFO  base.BaseClass - Trying to find Element By {by.toString()})
2023-11-29 22:45:09,772 [main] INFO  base.BaseClass - Found Element By {by.toString()}
2023-11-29 22:45:10,307 [main] INFO  base.BaseClass - Trying to find Element By {by.toString()})
2023-11-29 22:45:10,332 [main] INFO  base.BaseClass - Found Element By {by.toString()}
2023-11-29 22:45:10,865 [main] INFO  base.BaseClass - Trying to find Element By {by.toString()})
2023-11-29 22:45:10,890 [main] INFO  base.BaseClass - Found Element By {by.toString()}
2023-11-29 22:45:11,432 [main] INFO  base.BaseClass - Trying to find Element By {by.toString()})
2023-11-29 22:45:11,456 [main] INFO  base.BaseClass - Found Element By {by.toString()}
2023-11-29 22:45:11,992 [main] INFO  base.BaseClass - Trying to find Element By {by.toString()})
2023-11-29 22:45:12,017 [main] INFO  base.BaseClass - Found Element By {by.toString()}
2023-11-29 22:45:12,551 [main] INFO  base.BaseClass - Trying to find Element By {by.toString()})
2023-11-29 22:45:12,706 [main] INFO  base.BaseClass - Found Element By {by.toString()}
2023-11-29 22:45:13,243 [main] INFO  base.BaseClass - Trying to find Element By {by.toString()})
2023-11-29 22:45:13,267 [main] INFO  base.BaseClass - Found Element By {by.toString()}
2023-11-29 22:45:13,806 [main] INFO  base.BaseClass - Trying to find Element By {by.toString()})
2023-11-29 22:45:13,833 [main] INFO  base.BaseClass - Found Element By {by.toString()}
2023-11-29 22:45:14,372 [main] INFO  base.BaseClass - Trying to find Element By {by.toString()})
2023-11-29 22:45:14,396 [main] INFO  base.BaseClass - Found Element By {by.toString()}
2023-11-29 22:45:14,933 [main] INFO  base.BaseClass - Trying to find Element By {by.toString()})
2023-11-29 22:45:14,958 [main] INFO  base.BaseClass - Found Element By {by.toString()}
2023-11-29 22:45:15,495 [main] INFO  base.BaseClass - Trying to find Element By {by.toString()})
2023-11-29 22:45:15,521 [main] INFO  base.BaseClass - Found Element By {by.toString()}
2023-11-29 22:45:16,066 [main] INFO  base.BaseClass - Trying to find Element By {by.toString()})
2023-11-29 22:45:16,090 [main] INFO  base.BaseClass - Found Element By {by.toString()}
2023-11-29 22:45:16,645 [main] INFO  base.BaseClass - Trying to find Element By {by.toString()})
2023-11-29 22:45:16,669 [main] INFO  base.BaseClass - Found Element By {by.toString()}
2023-11-29 22:45:17,203 [main] INFO  base.BaseClass - Trying to find Element By {by.toString()})
2023-11-29 22:45:17,227 [main] INFO  base.BaseClass - Found Element By {by.toString()}
2023-11-29 22:45:17,764 [main] INFO  base.BaseClass - Trying to find Element By {by.toString()})
2023-11-29 22:45:17,788 [main] INFO  base.BaseClass - Found Element By {by.toString()}
2023-11-29 22:45:18,324 [main] INFO  base.BaseClass - Trying to find Element By {by.toString()})
2023-11-29 22:45:18,350 [main] INFO  base.BaseClass - Found Element By {by.toString()}
2023-11-29 22:45:18,898 [main] INFO  base.BaseClass - Trying to find Element By {by.toString()})
2023-11-29 22:45:18,922 [main] INFO  base.BaseClass - Found Element By {by.toString()}
2023-11-29 22:45:19,461 [main] INFO  base.BaseClass - Trying to find Element By {by.toString()})
2023-11-29 22:45:19,485 [main] INFO  base.BaseClass - Found Element By {by.toString()}
2023-11-29 22:45:20,019 [main] INFO  base.BaseClass - Trying to find Element By {by.toString()})
2023-11-29 22:45:20,043 [main] INFO  base.BaseClass - Found Element By {by.toString()}
2023-11-29 22:45:20,581 [main] INFO  base.BaseClass - Trying to find Element By {by.toString()})
2023-11-29 22:45:20,606 [main] INFO  base.BaseClass - Found Element By {by.toString()}
2023-11-29 22:45:21,142 [main] INFO  base.BaseClass - Trying to find Element By {by.toString()})
2023-11-29 22:45:21,165 [main] INFO  base.BaseClass - Found Element By {by.toString()}
2023-11-29 22:45:21,713 [main] INFO  base.BaseClass - Trying to find Element By {by.toString()})
2023-11-29 22:45:21,737 [main] INFO  base.BaseClass - Found Element By {by.toString()}
2023-11-29 22:45:22,277 [main] INFO  base.BaseClass - Trying to find Element By {by.toString()})
2023-11-29 22:45:22,301 [main] INFO  base.BaseClass - Found Element By {by.toString()}
2023-11-29 22:45:22,835 [main] INFO  base.BaseClass - Trying to find Element By {by.toString()})
2023-11-29 22:45:22,858 [main] INFO  base.BaseClass - Found Element By {by.toString()}
2023-11-29 22:45:23,392 [main] INFO  base.BaseClass - Trying to find Element By {by.toString()})
2023-11-29 22:45:23,441 [main] INFO  base.BaseClass - Found Element By {by.toString()}
2023-11-29 22:45:23,964 [main] INFO  base.BaseClass - Trying to find Element By {by.toString()})
2023-11-29 22:45:23,990 [main] INFO  base.BaseClass - Found Element By {by.toString()}
2023-11-29 22:45:24,520 [main] INFO  base.BaseClass - Trying to find Element By {by.toString()})
2023-11-29 22:45:24,544 [main] INFO  base.BaseClass - Found Element By {by.toString()}
2023-11-29 22:45:25,081 [main] INFO  base.BaseClass - Trying to find Element By {by.toString()})
2023-11-29 22:45:25,104 [main] INFO  base.BaseClass - Found Element By {by.toString()}
2023-11-29 22:45:25,640 [main] INFO  base.BaseClass - Trying to find Element By {by.toString()})
2023-11-29 22:45:25,664 [main] INFO  base.BaseClass - Found Element By {by.toString()}
2023-11-29 22:45:26,211 [main] INFO  base.BaseClass - Trying to find Element By {by.toString()})
2023-11-29 22:45:26,233 [main] INFO  base.BaseClass - Found Element By {by.toString()}
2023-11-29 22:45:26,774 [main] INFO  base.BaseClass - Trying to find Element By {by.toString()})
2023-11-29 22:45:26,799 [main] INFO  base.BaseClass - Found Element By {by.toString()}
2023-11-29 22:45:27,335 [main] INFO  base.BaseClass - Trying to find Element By {by.toString()})
2023-11-29 22:45:27,362 [main] INFO  base.BaseClass - Found Element By {by.toString()}
2023-11-29 22:45:27,896 [main] INFO  base.BaseClass - Trying to find Element By {by.toString()})
2023-11-29 22:45:27,921 [main] INFO  base.BaseClass - Found Element By {by.toString()}
2023-11-29 22:45:28,450 [main] INFO  base.BaseClass - Trying to find Element By {by.toString()})
2023-11-29 22:45:28,474 [main] INFO  base.BaseClass - Found Element By {by.toString()}
2023-11-29 22:45:29,008 [main] INFO  base.BaseClass - Trying to find Element By {by.toString()})
2023-11-29 22:45:29,033 [main] INFO  base.BaseClass - Found Element By {by.toString()}
2023-11-29 22:45:29,573 [main] INFO  base.BaseClass - Trying to find Element By {by.toString()})
2023-11-29 22:45:29,598 [main] INFO  base.BaseClass - Found Element By {by.toString()}
2023-11-29 22:45:30,132 [main] INFO  base.BaseClass - Trying to find Element By {by.toString()})
2023-11-29 22:45:30,158 [main] INFO  base.BaseClass - Found Element By {by.toString()}
2023-11-29 22:45:30,692 [main] INFO  base.BaseClass - Trying to find Element By {by.toString()})
2023-11-29 22:45:30,716 [main] INFO  base.BaseClass - Found Element By {by.toString()}
2023-11-29 22:45:31,252 [main] INFO  base.BaseClass - Trying to find Element By {by.toString()})
2023-11-29 22:45:31,276 [main] INFO  base.BaseClass - Found Element By {by.toString()}
2023-11-29 22:45:31,809 [main] INFO  base.BaseClass - Trying to find Element By {by.toString()})
2023-11-29 22:45:31,833 [main] INFO  base.BaseClass - Found Element By {by.toString()}
2023-11-29 22:45:32,369 [main] INFO  base.BaseClass - Trying to find Element By {by.toString()})
2023-11-29 22:45:32,394 [main] INFO  base.BaseClass - Found Element By {by.toString()}
2023-11-29 22:45:32,933 [main] INFO  base.BaseClass - Trying to find Element By {by.toString()})
2023-11-29 22:45:32,957 [main] INFO  base.BaseClass - Found Element By {by.toString()}
2023-11-29 22:45:33,494 [main] INFO  base.BaseClass - Trying to find Element By {by.toString()})
2023-11-29 22:45:33,518 [main] INFO  base.BaseClass - Found Element By {by.toString()}
2023-11-29 22:45:34,058 [main] INFO  base.BaseClass - Trying to find Element By {by.toString()})
2023-11-29 22:45:34,082 [main] INFO  base.BaseClass - Found Element By {by.toString()}
TimeoutException occurred: Expected condition failed: waiting for helper.WaitUtility$5@7b21d3c5 (tried for 30 second(s) with 500 milliseconds interval)
Build info: version: '3.141.59', revision: 'e82be7d358', time: '2018-11-14T08:17:03'
System info: host: 'DPLAP166', ip: '137.237.3.153', os.name: 'Windows 10', os.arch: 'amd64', os.version: '10.0', java.version: '19.0.1'
Driver info: org.openqa.selenium.support.events.EventFiringWebDriver
Capabilities {acceptInsecureCerts: true, browserName: chrome, browserVersion: 119.0.6045.200, chrome: {chromedriverVersion: 119.0.6045.105 (38c72552c5e..., userDataDir: C:\Users\dP-PL\AppData\Loca...}, fedcm:accounts: true, goog:chromeOptions: {debuggerAddress: localhost:59484}, javascriptEnabled: true, networkConnectionEnabled: false, pageLoadStrategy: normal, platform: WINDOWS, platformName: WINDOWS, proxy: Proxy(), setWindowRect: true, strictFileInteractability: false, timeouts: {implicit: 0, pageLoad: 300000, script: 30000}, unhandledPromptBehavior: dismiss and notify, webauthn:extension:credBlob: true, webauthn:extension:largeBlob: true, webauthn:extension:minPinLength: true, webauthn:extension:prf: true, webauthn:virtualAuthenticators: true}
Session ID: d5456263b4ab31bc108dd6fe1f9d1739
2023-11-29 22:45:34,117 [main] ERROR XGLT_15177_Test - Element did not become visible within the specified time: Expected condition failed: waiting for helper.WaitUtility$5@7b21d3c5 (tried for 30 second(s) with 500 milliseconds interval)
Build info: version: '3.141.59', revision: 'e82be7d358', time: '2018-11-14T08:17:03'
System info: host: 'DPLAP166', ip: '137.237.3.153', os.name: 'Windows 10', os.arch: 'amd64', os.version: '10.0', java.version: '19.0.1'
Driver info: org.openqa.selenium.support.events.EventFiringWebDriver
Capabilities {acceptInsecureCerts: true, browserName: chrome, browserVersion: 119.0.6045.200, chrome: {chromedriverVersion: 119.0.6045.105 (38c72552c5e..., userDataDir: C:\Users\dP-PL\AppData\Loca...}, fedcm:accounts: true, goog:chromeOptions: {debuggerAddress: localhost:59484}, javascriptEnabled: true, networkConnectionEnabled: false, pageLoadStrategy: normal, platform: WINDOWS, platformName: WINDOWS, proxy: Proxy(), setWindowRect: true, strictFileInteractability: false, timeouts: {implicit: 0, pageLoad: 300000, script: 30000}, unhandledPromptBehavior: dismiss and notify, webauthn:extension:credBlob: true, webauthn:extension:largeBlob: true, webauthn:extension:minPinLength: true, webauthn:extension:prf: true, webauthn:virtualAuthenticators: true}
Session ID: d5456263b4ab31bc108dd6fe1f9d1739
2023-11-29 22:45:34,117 [main] INFO  base.BaseClass - Trying to find Element By {by.toString()})
2023-11-29 22:45:34,140 [main] INFO  base.BaseClass - Found Element By {by.toString()}
2023-11-29 22:45:34,140 [main] INFO  base.BaseClass - Trying to click on: {element.toString()}
2023-11-29 22:45:34,336 [main] INFO  base.BaseClass - Clicked on: {element.toString()}
2023-11-29 22:45:34,336 [main] INFO  base.BaseClass - Trying to find Element By {by.toString()})
2023-11-29 22:45:34,357 [main] INFO  base.BaseClass - Found Element By {by.toString()}
2023-11-29 22:45:34,873 [main] INFO  base.BaseClass - Trying to find Element By {by.toString()})
2023-11-29 22:45:34,898 [main] INFO  base.BaseClass - Found Element By {by.toString()}
2023-11-29 22:45:35,439 [main] INFO  base.BaseClass - Trying to find Element By {by.toString()})
2023-11-29 22:45:35,466 [main] INFO  base.BaseClass - Found Element By {by.toString()}
2023-11-29 22:45:36,002 [main] INFO  base.BaseClass - Trying to find Element By {by.toString()})
2023-11-29 22:45:36,027 [main] INFO  base.BaseClass - Found Element By {by.toString()}
2023-11-29 22:45:36,567 [main] INFO  base.BaseClass - Trying to find Element By {by.toString()})
2023-11-29 22:45:36,593 [main] INFO  base.BaseClass - Found Element By {by.toString()}
2023-11-29 22:45:37,128 [main] INFO  base.BaseClass - Trying to find Element By {by.toString()})
2023-11-29 22:45:37,153 [main] INFO  base.BaseClass - Found Element By {by.toString()}
2023-11-29 22:45:37,689 [main] INFO  base.BaseClass - Trying to find Element By {by.toString()})
2023-11-29 22:45:37,714 [main] INFO  base.BaseClass - Found Element By {by.toString()}
2023-11-29 22:45:38,264 [main] INFO  base.BaseClass - Trying to find Element By {by.toString()})
2023-11-29 22:45:38,288 [main] INFO  base.BaseClass - Found Element By {by.toString()}
2023-11-29 22:45:38,823 [main] INFO  base.BaseClass - Trying to find Element By {by.toString()})
2023-11-29 22:45:38,849 [main] INFO  base.BaseClass - Found Element By {by.toString()}
2023-11-29 22:45:39,383 [main] INFO  base.BaseClass - Trying to find Element By {by.toString()})
2023-11-29 22:45:39,409 [main] INFO  base.BaseClass - Found Element By {by.toString()}
2023-11-29 22:45:39,955 [main] INFO  base.BaseClass - Trying to find Element By {by.toString()})
2023-11-29 22:45:39,979 [main] INFO  base.BaseClass - Found Element By {by.toString()}
2023-11-29 22:45:40,520 [main] INFO  base.BaseClass - Trying to find Element By {by.toString()})
2023-11-29 22:45:40,544 [main] INFO  base.BaseClass - Found Element By {by.toString()}
2023-11-29 22:45:41,077 [main] INFO  base.BaseClass - Trying to find Element By {by.toString()})
2023-11-29 22:45:41,102 [main] INFO  base.BaseClass - Found Element By {by.toString()}
2023-11-29 22:45:41,638 [main] INFO  base.BaseClass - Trying to find Element By {by.toString()})
2023-11-29 22:45:41,663 [main] INFO  base.BaseClass - Found Element By {by.toString()}
2023-11-29 22:45:42,197 [main] INFO  base.BaseClass - Trying to find Element By {by.toString()})
2023-11-29 22:45:42,222 [main] INFO  base.BaseClass - Found Element By {by.toString()}
2023-11-29 22:45:42,757 [main] INFO  base.BaseClass - Trying to find Element By {by.toString()})
2023-11-29 22:45:42,782 [main] INFO  base.BaseClass - Found Element By {by.toString()}
2023-11-29 22:45:43,334 [main] INFO  base.BaseClass - Trying to find Element By {by.toString()})
2023-11-29 22:45:43,359 [main] INFO  base.BaseClass - Found Element By {by.toString()}
2023-11-29 22:45:43,897 [main] INFO  base.BaseClass - Trying to find Element By {by.toString()})
2023-11-29 22:45:43,922 [main] INFO  base.BaseClass - Found Element By {by.toString()}
2023-11-29 22:45:44,459 [main] INFO  base.BaseClass - Trying to find Element By {by.toString()})
2023-11-29 22:45:44,483 [main] INFO  base.BaseClass - Found Element By {by.toString()}
2023-11-29 22:45:45,016 [main] INFO  base.BaseClass - Trying to find Element By {by.toString()})
2023-11-29 22:45:45,040 [main] INFO  base.BaseClass - Found Element By {by.toString()}
2023-11-29 22:45:45,578 [main] INFO  base.BaseClass - Trying to find Element By {by.toString()})
2023-11-29 22:45:45,605 [main] INFO  base.BaseClass - Found Element By {by.toString()}
2023-11-29 22:45:46,152 [main] INFO  base.BaseClass - Trying to find Element By {by.toString()})
2023-11-29 22:45:46,176 [main] INFO  base.BaseClass - Found Element By {by.toString()}
2023-11-29 22:45:46,718 [main] INFO  base.BaseClass - Trying to find Element By {by.toString()})
2023-11-29 22:45:46,743 [main] INFO  base.BaseClass - Found Element By {by.toString()}
2023-11-29 22:45:47,278 [main] INFO  base.BaseClass - Trying to find Element By {by.toString()})
2023-11-29 22:45:47,303 [main] INFO  base.BaseClass - Found Element By {by.toString()}
2023-11-29 22:45:47,830 [main] INFO  base.BaseClass - Trying to find Element By {by.toString()})
2023-11-29 22:45:47,856 [main] INFO  base.BaseClass - Found Element By {by.toString()}
2023-11-29 22:45:48,389 [main] INFO  base.BaseClass - Trying to find Element By {by.toString()})
2023-11-29 22:45:48,413 [main] INFO  base.BaseClass - Found Element By {by.toString()}
2023-11-29 22:45:48,949 [main] INFO  base.BaseClass - Trying to find Element By {by.toString()})
2023-11-29 22:45:48,974 [main] INFO  base.BaseClass - Found Element By {by.toString()}
2023-11-29 22:45:49,513 [main] INFO  base.BaseClass - Trying to find Element By {by.toString()})
2023-11-29 22:45:49,538 [main] INFO  base.BaseClass - Found Element By {by.toString()}
2023-11-29 22:45:50,073 [main] INFO  base.BaseClass - Trying to find Element By {by.toString()})
2023-11-29 22:45:50,127 [main] INFO  base.BaseClass - Found Element By {by.toString()}
2023-11-29 22:45:50,646 [main] INFO  base.BaseClass - Trying to find Element By {by.toString()})
2023-11-29 22:45:50,673 [main] INFO  base.BaseClass - Found Element By {by.toString()}
2023-11-29 22:45:51,201 [main] INFO  base.BaseClass - Trying to find Element By {by.toString()})
2023-11-29 22:45:51,225 [main] INFO  base.BaseClass - Found Element By {by.toString()}
2023-11-29 22:45:51,764 [main] INFO  base.BaseClass - Trying to find Element By {by.toString()})
2023-11-29 22:45:51,788 [main] INFO  base.BaseClass - Found Element By {by.toString()}
2023-11-29 22:45:52,324 [main] INFO  base.BaseClass - Trying to find Element By {by.toString()})
2023-11-29 22:45:52,349 [main] INFO  base.BaseClass - Found Element By {by.toString()}
2023-11-29 22:45:52,882 [main] INFO  base.BaseClass - Trying to find Element By {by.toString()})
2023-11-29 22:45:52,906 [main] INFO  base.BaseClass - Found Element By {by.toString()}
2023-11-29 22:45:53,439 [main] INFO  base.BaseClass - Trying to find Element By {by.toString()})
2023-11-29 22:45:53,464 [main] INFO  base.BaseClass - Found Element By {by.toString()}
2023-11-29 22:45:54,001 [main] INFO  base.BaseClass - Trying to find Element By {by.toString()})
2023-11-29 22:45:54,025 [main] INFO  base.BaseClass - Found Element By {by.toString()}
2023-11-29 22:45:54,561 [main] INFO  base.BaseClass - Trying to find Element By {by.toString()})
2023-11-29 22:45:54,584 [main] INFO  base.BaseClass - Found Element By {by.toString()}
2023-11-29 22:45:55,114 [main] INFO  base.BaseClass - Trying to find Element By {by.toString()})
2023-11-29 22:45:55,139 [main] INFO  base.BaseClass - Found Element By {by.toString()}
2023-11-29 22:45:55,673 [main] INFO  base.BaseClass - Trying to find Element By {by.toString()})
2023-11-29 22:45:55,690 [main] INFO  base.BaseClass - Found Element By {by.toString()}
2023-11-29 22:45:56,216 [main] INFO  base.BaseClass - Trying to find Element By {by.toString()})
2023-11-29 22:45:56,243 [main] INFO  base.BaseClass - Found Element By {by.toString()}
2023-11-29 22:45:56,779 [main] INFO  base.BaseClass - Trying to find Element By {by.toString()})
2023-11-29 22:45:56,804 [main] INFO  base.BaseClass - Found Element By {by.toString()}
2023-11-29 22:45:57,347 [main] INFO  base.BaseClass - Trying to find Element By {by.toString()})
2023-11-29 22:45:57,378 [main] INFO  base.BaseClass - Found Element By {by.toString()}
2023-11-29 22:45:57,920 [main] INFO  base.BaseClass - Trying to find Element By {by.toString()})
2023-11-29 22:45:57,945 [main] INFO  base.BaseClass - Found Element By {by.toString()}
2023-11-29 22:45:58,484 [main] INFO  base.BaseClass - Trying to find Element By {by.toString()})
2023-11-29 22:45:58,507 [main] INFO  base.BaseClass - Found Element By {by.toString()}
2023-11-29 22:45:59,042 [main] INFO  base.BaseClass - Trying to find Element By {by.toString()})
2023-11-29 22:45:59,067 [main] INFO  base.BaseClass - Found Element By {by.toString()}
2023-11-29 22:45:59,606 [main] INFO  base.BaseClass - Trying to find Element By {by.toString()})
2023-11-29 22:45:59,631 [main] INFO  base.BaseClass - Found Element By {by.toString()}
2023-11-29 22:46:00,164 [main] INFO  base.BaseClass - Trying to find Element By {by.toString()})
2023-11-29 22:46:01,296 [main] INFO  base.BaseClass - Found Element By {by.toString()}
2023-11-29 22:46:01,837 [main] INFO  base.BaseClass - Trying to find Element By {by.toString()})
2023-11-29 22:46:01,863 [main] INFO  base.BaseClass - Found Element By {by.toString()}
2023-11-29 22:46:02,411 [main] INFO  base.BaseClass - Trying to find Element By {by.toString()})
2023-11-29 22:46:02,437 [main] INFO  base.BaseClass - Found Element By {by.toString()}
2023-11-29 22:46:02,976 [main] INFO  base.BaseClass - Trying to find Element By {by.toString()})
2023-11-29 22:46:03,003 [main] INFO  base.BaseClass - Found Element By {by.toString()}
2023-11-29 22:46:03,541 [main] INFO  base.BaseClass - Trying to find Element By {by.toString()})
2023-11-29 22:46:03,564 [main] INFO  base.BaseClass - Found Element By {by.toString()}
2023-11-29 22:46:04,100 [main] INFO  base.BaseClass - Trying to find Element By {by.toString()})
2023-11-29 22:46:04,125 [main] INFO  base.BaseClass - Found Element By {by.toString()}
2023-11-29 22:46:04,661 [main] INFO  base.BaseClass - Trying to find Element By {by.toString()})
2023-11-29 22:46:04,687 [main] INFO  base.BaseClass - Found Element By {by.toString()}
TimeoutException occurred: Expected condition failed: waiting for helper.WaitUtility$5@4696f7ed (tried for 30 second(s) with 500 milliseconds interval)
Build info: version: '3.141.59', revision: 'e82be7d358', time: '2018-11-14T08:17:03'
System info: host: 'DPLAP166', ip: '137.237.3.153', os.name: 'Windows 10', os.arch: 'amd64', os.version: '10.0', java.version: '19.0.1'
Driver info: org.openqa.selenium.support.events.EventFiringWebDriver
Capabilities {acceptInsecureCerts: true, browserName: chrome, browserVersion: 119.0.6045.200, chrome: {chromedriverVersion: 119.0.6045.105 (38c72552c5e..., userDataDir: C:\Users\dP-PL\AppData\Loca...}, fedcm:accounts: true, goog:chromeOptions: {debuggerAddress: localhost:59484}, javascriptEnabled: true, networkConnectionEnabled: false, pageLoadStrategy: normal, platform: WINDOWS, platformName: WINDOWS, proxy: Proxy(), setWindowRect: true, strictFileInteractability: false, timeouts: {implicit: 0, pageLoad: 300000, script: 30000}, unhandledPromptBehavior: dismiss and notify, webauthn:extension:credBlob: true, webauthn:extension:largeBlob: true, webauthn:extension:minPinLength: true, webauthn:extension:prf: true, webauthn:virtualAuthenticators: true}
Session ID: d5456263b4ab31bc108dd6fe1f9d1739
2023-11-29 22:46:04,721 [main] ERROR XGLT_15177_Test - Element did not become visible within the specified time: Expected condition failed: waiting for helper.WaitUtility$5@4696f7ed (tried for 30 second(s) with 500 milliseconds interval)
Build info: version: '3.141.59', revision: 'e82be7d358', time: '2018-11-14T08:17:03'
System info: host: 'DPLAP166', ip: '137.237.3.153', os.name: 'Windows 10', os.arch: 'amd64', os.version: '10.0', java.version: '19.0.1'
Driver info: org.openqa.selenium.support.events.EventFiringWebDriver
Capabilities {acceptInsecureCerts: true, browserName: chrome, browserVersion: 119.0.6045.200, chrome: {chromedriverVersion: 119.0.6045.105 (38c72552c5e..., userDataDir: C:\Users\dP-PL\AppData\Loca...}, fedcm:accounts: true, goog:chromeOptions: {debuggerAddress: localhost:59484}, javascriptEnabled: true, networkConnectionEnabled: false, pageLoadStrategy: normal, platform: WINDOWS, platformName: WINDOWS, proxy: Proxy(), setWindowRect: true, strictFileInteractability: false, timeouts: {implicit: 0, pageLoad: 300000, script: 30000}, unhandledPromptBehavior: dismiss and notify, webauthn:extension:credBlob: true, webauthn:extension:largeBlob: true, webauthn:extension:minPinLength: true, webauthn:extension:prf: true, webauthn:virtualAuthenticators: true}
Session ID: d5456263b4ab31bc108dd6fe1f9d1739
2023-11-29 22:46:04,721 [main] INFO  base.BaseClass - Trying to find Element By {by.toString()})
2023-11-29 22:46:04,743 [main] INFO  base.BaseClass - Found Element By {by.toString()}
2023-11-29 22:46:04,743 [main] INFO  base.BaseClass - Trying to click on: {element.toString()}
2023-11-29 22:46:04,861 [main] INFO  base.BaseClass - Clicked on: {element.toString()}
2023-11-29 22:46:04,861 [main] INFO  base.BaseClass - Trying to find Element By {by.toString()})
2023-11-29 22:46:04,873 [main] INFO  base.BaseClass - Found Element By {by.toString()}
2023-11-29 22:46:04,887 [main] INFO  base.BaseClass - Trying to find Element By {by.toString()})
2023-11-29 22:46:04,904 [main] INFO  base.BaseClass - Found Element By {by.toString()}
2023-11-29 22:46:04,923 [main] INFO  base.BaseClass - Trying to find Element By {by.toString()})
2023-11-29 22:46:04,942 [main] INFO  base.BaseClass - Found Element By {by.toString()}
2023-11-29 22:46:04,942 [main] INFO  base.BaseClass - Trying to click on: {element.toString()}
2023-11-29 22:46:05,033 [main] INFO  base.BaseClass - Clicked on: {element.toString()}
2023-11-29 22:46:05,033 [main] INFO  base.BaseClass - Trying to find Element By {by.toString()})
2023-11-29 22:46:05,044 [main] INFO  base.BaseClass - Found Element By {by.toString()}
2023-11-29 22:46:05,082 [main] INFO  base.BaseClass - Trying to find Element By {by.toString()})
2023-11-29 22:46:05,093 [main] INFO  base.BaseClass - Found Element By {by.toString()}
2023-11-29 22:46:05,118 [main] INFO  base.BaseClass - Trying to find Element By {by.toString()})
2023-11-29 22:46:05,136 [main] INFO  base.BaseClass - Found Element By {by.toString()}
2023-11-29 22:46:05,152 [main] INFO  base.BaseClass - Trying to find Element By {by.toString()})
2023-11-29 22:46:05,169 [main] INFO  base.BaseClass - Found Element By {by.toString()}
2023-11-29 22:46:05,169 [main] INFO  base.BaseClass - Trying to click on: {element.toString()}
2023-11-29 22:46:05,241 [main] INFO  base.BaseClass - Clicked on: {element.toString()}
2023-11-29 22:46:05,241 [main] INFO  base.BaseClass - Trying to find Element By {by.toString()})
2023-11-29 22:46:05,257 [main] INFO  base.BaseClass - Found Element By {by.toString()}
2023-11-29 22:46:05,287 [main] INFO  base.BaseClass - Trying to find Element By {by.toString()})
2023-11-29 22:46:05,299 [main] INFO  base.BaseClass - Found Element By {by.toString()}
2023-11-29 22:46:05,318 [main] INFO  base.BaseClass - Trying to find Element By {by.toString()})
2023-11-29 22:46:05,336 [main] INFO  base.BaseClass - Found Element By {by.toString()}
2023-11-29 22:46:05,351 [main] INFO  base.BaseClass - Trying to find Element By {by.toString()})
2023-11-29 22:46:05,366 [main] INFO  base.BaseClass - Found Element By {by.toString()}
2023-11-29 22:46:05,366 [main] INFO  base.BaseClass - Trying to click on: {element.toString()}
2023-11-29 22:46:05,434 [main] INFO  base.BaseClass - Clicked on: {element.toString()}
2023-11-29 22:46:05,435 [main] INFO  base.BaseClass - Trying to find Element By {by.toString()})
2023-11-29 22:46:05,444 [main] INFO  base.BaseClass - Found Element By {by.toString()}
2023-11-29 22:46:05,477 [main] INFO  base.BaseClass - Trying to find Element By {by.toString()})
2023-11-29 22:46:05,488 [main] INFO  base.BaseClass - Found Element By {by.toString()}
2023-11-29 22:46:05,501 [main] INFO  base.BaseClass - Trying to find Element By {by.toString()})
2023-11-29 22:46:05,509 [main] INFO  base.BaseClass - Found Element By {by.toString()}
2023-11-29 22:46:05,515 [main] INFO  base.BaseClass - Trying to find Element By {by.toString()})
2023-11-29 22:46:05,524 [main] INFO  base.BaseClass - Found Element By {by.toString()}
2023-11-29 22:46:05,524 [main] INFO  base.BaseClass - Trying to click on: {element.toString()}
2023-11-29 22:46:05,616 [main] INFO  base.BaseClass - Clicked on: {element.toString()}
2023-11-29 22:46:05,616 [main] INFO  base.BaseClass - Trying to find Element By {by.toString()})
2023-11-29 22:46:05,627 [main] INFO  base.BaseClass - Found Element By {by.toString()}
2023-11-29 22:46:05,826 [main] INFO  base.BaseClass - Trying to find Element By {by.toString()})
2023-11-29 22:46:05,855 [main] INFO  base.BaseClass - Found Element By {by.toString()}
2023-11-29 22:46:06,384 [main] INFO  base.BaseClass - Trying to find Element By {by.toString()})
2023-11-29 22:46:06,411 [main] INFO  base.BaseClass - Found Element By {by.toString()}
2023-11-29 22:46:06,953 [main] INFO  base.BaseClass - Trying to find Element By {by.toString()})
2023-11-29 22:46:06,979 [main] INFO  base.BaseClass - Found Element By {by.toString()}
2023-11-29 22:46:07,519 [main] INFO  base.BaseClass - Trying to find Element By {by.toString()})
2023-11-29 22:46:07,545 [main] INFO  base.BaseClass - Found Element By {by.toString()}
2023-11-29 22:46:08,087 [main] INFO  base.BaseClass - Trying to find Element By {by.toString()})
2023-11-29 22:46:08,113 [main] INFO  base.BaseClass - Found Element By {by.toString()}
2023-11-29 22:46:08,652 [main] INFO  base.BaseClass - Trying to find Element By {by.toString()})
2023-11-29 22:46:08,678 [main] INFO  base.BaseClass - Found Element By {by.toString()}
2023-11-29 22:46:09,211 [main] INFO  base.BaseClass - Trying to find Element By {by.toString()})
2023-11-29 22:46:09,236 [main] INFO  base.BaseClass - Found Element By {by.toString()}
2023-11-29 22:46:09,772 [main] INFO  base.BaseClass - Trying to find Element By {by.toString()})
2023-11-29 22:46:09,800 [main] INFO  base.BaseClass - Found Element By {by.toString()}
2023-11-29 22:46:10,335 [main] INFO  base.BaseClass - Trying to find Element By {by.toString()})
2023-11-29 22:46:10,360 [main] INFO  base.BaseClass - Found Element By {by.toString()}
2023-11-29 22:46:10,894 [main] INFO  base.BaseClass - Trying to find Element By {by.toString()})
2023-11-29 22:46:10,920 [main] INFO  base.BaseClass - Found Element By {by.toString()}
2023-11-29 22:46:11,464 [main] INFO  base.BaseClass - Trying to find Element By {by.toString()})
2023-11-29 22:46:11,489 [main] INFO  base.BaseClass - Found Element By {by.toString()}
2023-11-29 22:46:12,025 [main] INFO  base.BaseClass - Trying to find Element By {by.toString()})
2023-11-29 22:46:12,050 [main] INFO  base.BaseClass - Found Element By {by.toString()}
2023-11-29 22:46:12,585 [main] INFO  base.BaseClass - Trying to find Element By {by.toString()})
2023-11-29 22:46:12,612 [main] INFO  base.BaseClass - Found Element By {by.toString()}
2023-11-29 22:46:13,150 [main] INFO  base.BaseClass - Trying to find Element By {by.toString()})
2023-11-29 22:46:13,175 [main] INFO  base.BaseClass - Found Element By {by.toString()}
2023-11-29 22:46:13,713 [main] INFO  base.BaseClass - Trying to find Element By {by.toString()})
2023-11-29 22:46:13,738 [main] INFO  base.BaseClass - Found Element By {by.toString()}
2023-11-29 22:46:14,273 [main] INFO  base.BaseClass - Trying to find Element By {by.toString()})
2023-11-29 22:46:14,297 [main] INFO  base.BaseClass - Found Element By {by.toString()}
2023-11-29 22:46:14,849 [main] INFO  base.BaseClass - Trying to find Element By {by.toString()})
2023-11-29 22:46:14,876 [main] INFO  base.BaseClass - Found Element By {by.toString()}
2023-11-29 22:46:15,412 [main] INFO  base.BaseClass - Trying to find Element By {by.toString()})
2023-11-29 22:46:15,438 [main] INFO  base.BaseClass - Found Element By {by.toString()}
2023-11-29 22:46:15,976 [main] INFO  base.BaseClass - Trying to find Element By {by.toString()})
2023-11-29 22:46:16,000 [main] INFO  base.BaseClass - Found Element By {by.toString()}
2023-11-29 22:46:16,536 [main] INFO  base.BaseClass - Trying to find Element By {by.toString()})
2023-11-29 22:46:16,563 [main] INFO  base.BaseClass - Found Element By {by.toString()}
2023-11-29 22:46:17,099 [main] INFO  base.BaseClass - Trying to find Element By {by.toString()})
2023-11-29 22:46:17,124 [main] INFO  base.BaseClass - Found Element By {by.toString()}
2023-11-29 22:46:17,657 [main] INFO  base.BaseClass - Trying to find Element By {by.toString()})
2023-11-29 22:46:17,682 [main] INFO  base.BaseClass - Found Element By {by.toString()}
2023-11-29 22:46:18,217 [main] INFO  base.BaseClass - Trying to find Element By {by.toString()})
2023-11-29 22:46:18,242 [main] INFO  base.BaseClass - Found Element By {by.toString()}
2023-11-29 22:46:18,780 [main] INFO  base.BaseClass - Trying to find Element By {by.toString()})
2023-11-29 22:46:18,807 [main] INFO  base.BaseClass - Found Element By {by.toString()}
2023-11-29 22:46:19,343 [main] INFO  base.BaseClass - Trying to find Element By {by.toString()})
2023-11-29 22:46:19,368 [main] INFO  base.BaseClass - Found Element By {by.toString()}
2023-11-29 22:46:19,902 [main] INFO  base.BaseClass - Trying to find Element By {by.toString()})
2023-11-29 22:46:19,927 [main] INFO  base.BaseClass - Found Element By {by.toString()}
2023-11-29 22:46:20,460 [main] INFO  base.BaseClass - Trying to find Element By {by.toString()})
2023-11-29 22:46:20,486 [main] INFO  base.BaseClass - Found Element By {by.toString()}
2023-11-29 22:46:21,036 [main] INFO  base.BaseClass - Trying to find Element By {by.toString()})
2023-11-29 22:46:21,060 [main] INFO  base.BaseClass - Found Element By {by.toString()}
2023-11-29 22:46:21,594 [main] INFO  base.BaseClass - Trying to find Element By {by.toString()})
2023-11-29 22:46:21,616 [main] INFO  base.BaseClass - Found Element By {by.toString()}
2023-11-29 22:46:22,150 [main] INFO  base.BaseClass - Trying to find Element By {by.toString()})
2023-11-29 22:46:22,177 [main] INFO  base.BaseClass - Found Element By {by.toString()}
2023-11-29 22:46:22,711 [main] INFO  base.BaseClass - Trying to find Element By {by.toString()})
2023-11-29 22:46:22,728 [main] INFO  base.BaseClass - Found Element By {by.toString()}
2023-11-29 22:46:23,254 [main] INFO  base.BaseClass - Trying to find Element By {by.toString()})
2023-11-29 22:46:23,279 [main] INFO  base.BaseClass - Found Element By {by.toString()}
2023-11-29 22:46:23,825 [main] INFO  base.BaseClass - Trying to find Element By {by.toString()})
2023-11-29 22:46:23,849 [main] INFO  base.BaseClass - Found Element By {by.toString()}
2023-11-29 22:46:24,384 [main] INFO  base.BaseClass - Trying to find Element By {by.toString()})
2023-11-29 22:46:24,408 [main] INFO  base.BaseClass - Found Element By {by.toString()}
2023-11-29 22:46:24,944 [main] INFO  base.BaseClass - Trying to find Element By {by.toString()})
2023-11-29 22:46:24,970 [main] INFO  base.BaseClass - Found Element By {by.toString()}
2023-11-29 22:46:25,506 [main] INFO  base.BaseClass - Trying to find Element By {by.toString()})
2023-11-29 22:46:25,531 [main] INFO  base.BaseClass - Found Element By {by.toString()}
2023-11-29 22:46:26,067 [main] INFO  base.BaseClass - Trying to find Element By {by.toString()})
2023-11-29 22:46:26,094 [main] INFO  base.BaseClass - Found Element By {by.toString()}
2023-11-29 22:46:26,631 [main] INFO  base.BaseClass - Trying to find Element By {by.toString()})
2023-11-29 22:46:26,655 [main] INFO  base.BaseClass - Found Element By {by.toString()}
2023-11-29 22:46:27,199 [main] INFO  base.BaseClass - Trying to find Element By {by.toString()})
2023-11-29 22:46:27,224 [main] INFO  base.BaseClass - Found Element By {by.toString()}
2023-11-29 22:46:27,761 [main] INFO  base.BaseClass - Trying to find Element By {by.toString()})
2023-11-29 22:46:27,785 [main] INFO  base.BaseClass - Found Element By {by.toString()}
2023-11-29 22:46:28,319 [main] INFO  base.BaseClass - Trying to find Element By {by.toString()})
2023-11-29 22:46:28,344 [main] INFO  base.BaseClass - Found Element By {by.toString()}
2023-11-29 22:46:28,881 [main] INFO  base.BaseClass - Trying to find Element By {by.toString()})
2023-11-29 22:46:28,907 [main] INFO  base.BaseClass - Found Element By {by.toString()}
2023-11-29 22:46:29,453 [main] INFO  base.BaseClass - Trying to find Element By {by.toString()})
2023-11-29 22:46:29,476 [main] INFO  base.BaseClass - Found Element By {by.toString()}
2023-11-29 22:46:30,012 [main] INFO  base.BaseClass - Trying to find Element By {by.toString()})
2023-11-29 22:46:30,038 [main] INFO  base.BaseClass - Found Element By {by.toString()}
2023-11-29 22:46:30,570 [main] INFO  base.BaseClass - Trying to find Element By {by.toString()})
2023-11-29 22:46:30,579 [main] INFO  base.BaseClass - Found Element By {by.toString()}
2023-11-29 22:46:31,093 [main] INFO  base.BaseClass - Trying to find Element By {by.toString()})
2023-11-29 22:46:31,119 [main] INFO  base.BaseClass - Found Element By {by.toString()}
2023-11-29 22:46:31,662 [main] INFO  base.BaseClass - Trying to find Element By {by.toString()})
2023-11-29 22:46:31,686 [main] INFO  base.BaseClass - Found Element By {by.toString()}
2023-11-29 22:46:32,231 [main] INFO  base.BaseClass - Trying to find Element By {by.toString()})
2023-11-29 22:46:32,256 [main] INFO  base.BaseClass - Found Element By {by.toString()}
2023-11-29 22:46:32,791 [main] INFO  base.BaseClass - Trying to find Element By {by.toString()})
2023-11-29 22:46:32,819 [main] INFO  base.BaseClass - Found Element By {by.toString()}
2023-11-29 22:46:33,357 [main] INFO  base.BaseClass - Trying to find Element By {by.toString()})
2023-11-29 22:46:33,381 [main] INFO  base.BaseClass - Found Element By {by.toString()}
2023-11-29 22:46:33,912 [main] INFO  base.BaseClass - Trying to find Element By {by.toString()})
2023-11-29 22:46:33,937 [main] INFO  base.BaseClass - Found Element By {by.toString()}
2023-11-29 22:46:34,486 [main] INFO  base.BaseClass - Trying to find Element By {by.toString()})
2023-11-29 22:46:34,510 [main] INFO  base.BaseClass - Found Element By {by.toString()}
2023-11-29 22:46:35,045 [main] INFO  base.BaseClass - Trying to find Element By {by.toString()})
2023-11-29 22:46:35,070 [main] INFO  base.BaseClass - Found Element By {by.toString()}
2023-11-29 22:46:35,605 [main] INFO  base.BaseClass - Trying to find Element By {by.toString()})
2023-11-29 22:46:35,632 [main] INFO  base.BaseClass - Found Element By {by.toString()}
2023-11-29 22:46:36,167 [main] INFO  base.BaseClass - Trying to find Element By {by.toString()})
2023-11-29 22:46:36,191 [main] INFO  base.BaseClass - Found Element By {by.toString()}
TimeoutException occurred: Expected condition failed: waiting for helper.WaitUtility$5@63cf11c9 (tried for 30 second(s) with 500 milliseconds interval)
Build info: version: '3.141.59', revision: 'e82be7d358', time: '2018-11-14T08:17:03'
System info: host: 'DPLAP166', ip: '137.237.3.153', os.name: 'Windows 10', os.arch: 'amd64', os.version: '10.0', java.version: '19.0.1'
Driver info: org.openqa.selenium.support.events.EventFiringWebDriver
Capabilities {acceptInsecureCerts: true, browserName: chrome, browserVersion: 119.0.6045.200, chrome: {chromedriverVersion: 119.0.6045.105 (38c72552c5e..., userDataDir: C:\Users\dP-PL\AppData\Loca...}, fedcm:accounts: true, goog:chromeOptions: {debuggerAddress: localhost:59484}, javascriptEnabled: true, networkConnectionEnabled: false, pageLoadStrategy: normal, platform: WINDOWS, platformName: WINDOWS, proxy: Proxy(), setWindowRect: true, strictFileInteractability: false, timeouts: {implicit: 0, pageLoad: 300000, script: 30000}, unhandledPromptBehavior: dismiss and notify, webauthn:extension:credBlob: true, webauthn:extension:largeBlob: true, webauthn:extension:minPinLength: true, webauthn:extension:prf: true, webauthn:virtualAuthenticators: true}
Session ID: d5456263b4ab31bc108dd6fe1f9d1739
2023-11-29 22:46:36,227 [main] ERROR XGLT_15177_Test - Element did not become visible within the specified time: Expected condition failed: waiting for helper.WaitUtility$5@63cf11c9 (tried for 30 second(s) with 500 milliseconds interval)
Build info: version: '3.141.59', revision: 'e82be7d358', time: '2018-11-14T08:17:03'
System info: host: 'DPLAP166', ip: '137.237.3.153', os.name: 'Windows 10', os.arch: 'amd64', os.version: '10.0', java.version: '19.0.1'
Driver info: org.openqa.selenium.support.events.EventFiringWebDriver
Capabilities {acceptInsecureCerts: true, browserName: chrome, browserVersion: 119.0.6045.200, chrome: {chromedriverVersion: 119.0.6045.105 (38c72552c5e..., userDataDir: C:\Users\dP-PL\AppData\Loca...}, fedcm:accounts: true, goog:chromeOptions: {debuggerAddress: localhost:59484}, javascriptEnabled: true, networkConnectionEnabled: false, pageLoadStrategy: normal, platform: WINDOWS, platformName: WINDOWS, proxy: Proxy(), setWindowRect: true, strictFileInteractability: false, timeouts: {implicit: 0, pageLoad: 300000, script: 30000}, unhandledPromptBehavior: dismiss and notify, webauthn:extension:credBlob: true, webauthn:extension:largeBlob: true, webauthn:extension:minPinLength: true, webauthn:extension:prf: true, webauthn:virtualAuthenticators: true}
Session ID: d5456263b4ab31bc108dd6fe1f9d1739
2023-11-29 22:46:36,227 [main] INFO  base.BaseClass - Trying to find Element By {by.toString()})
2023-11-29 22:46:36,249 [main] INFO  base.BaseClass - Found Element By {by.toString()}
2023-11-29 22:46:36,269 [main] INFO  base.BaseClass - Trying to find Element By {by.toString()})
2023-11-29 22:46:36,300 [main] INFO  base.BaseClass - Found Element By {by.toString()}
2023-11-29 22:46:36,835 [main] INFO  base.BaseClass - Trying to find Element By {by.toString()})
2023-11-29 22:46:36,860 [main] INFO  base.BaseClass - Found Element By {by.toString()}
2023-11-29 22:46:37,398 [main] INFO  base.BaseClass - Trying to find Element By {by.toString()})
2023-11-29 22:46:37,422 [main] INFO  base.BaseClass - Found Element By {by.toString()}
2023-11-29 22:46:37,965 [main] INFO  base.BaseClass - Trying to find Element By {by.toString()})
2023-11-29 22:46:37,989 [main] INFO  base.BaseClass - Found Element By {by.toString()}
2023-11-29 22:46:38,529 [main] INFO  base.BaseClass - Trying to find Element By {by.toString()})
2023-11-29 22:46:38,554 [main] INFO  base.BaseClass - Found Element By {by.toString()}
2023-11-29 22:46:39,095 [main] INFO  base.BaseClass - Trying to find Element By {by.toString()})
2023-11-29 22:46:39,120 [main] INFO  base.BaseClass - Found Element By {by.toString()}
2023-11-29 22:46:39,654 [main] INFO  base.BaseClass - Trying to find Element By {by.toString()})
2023-11-29 22:46:39,679 [main] INFO  base.BaseClass - Found Element By {by.toString()}
2023-11-29 22:46:40,215 [main] INFO  base.BaseClass - Trying to find Element By {by.toString()})
2023-11-29 22:46:40,240 [main] INFO  base.BaseClass - Found Element By {by.toString()}
2023-11-29 22:46:40,773 [main] INFO  base.BaseClass - Trying to find Element By {by.toString()})
2023-11-29 22:46:40,797 [main] INFO  base.BaseClass - Found Element By {by.toString()}
2023-11-29 22:46:41,332 [main] INFO  base.BaseClass - Trying to find Element By {by.toString()})
2023-11-29 22:46:41,357 [main] INFO  base.BaseClass - Found Element By {by.toString()}
2023-11-29 22:46:41,904 [main] INFO  base.BaseClass - Trying to find Element By {by.toString()})
2023-11-29 22:46:41,930 [main] INFO  base.BaseClass - Found Element By {by.toString()}
2023-11-29 22:46:42,464 [main] INFO  base.BaseClass - Trying to find Element By {by.toString()})
2023-11-29 22:46:42,497 [main] INFO  base.BaseClass - Found Element By {by.toString()}
2023-11-29 22:46:43,020 [main] INFO  base.BaseClass - Trying to find Element By {by.toString()})
2023-11-29 22:46:43,046 [main] INFO  base.BaseClass - Found Element By {by.toString()}
2023-11-29 22:46:43,581 [main] INFO  base.BaseClass - Trying to find Element By {by.toString()})
2023-11-29 22:46:43,605 [main] INFO  base.BaseClass - Found Element By {by.toString()}
2023-11-29 22:46:44,139 [main] INFO  base.BaseClass - Trying to find Element By {by.toString()})
2023-11-29 22:46:44,164 [main] INFO  base.BaseClass - Found Element By {by.toString()}
2023-11-29 22:46:44,699 [main] INFO  base.BaseClass - Trying to find Element By {by.toString()})
2023-11-29 22:46:44,752 [main] INFO  base.BaseClass - Found Element By {by.toString()}
2023-11-29 22:46:45,276 [main] INFO  base.BaseClass - Trying to find Element By {by.toString()})
2023-11-29 22:46:45,301 [main] INFO  base.BaseClass - Found Element By {by.toString()}
2023-11-29 22:46:45,837 [main] INFO  base.BaseClass - Trying to find Element By {by.toString()})
2023-11-29 22:46:45,861 [main] INFO  base.BaseClass - Found Element By {by.toString()}
2023-11-29 22:46:46,396 [main] INFO  base.BaseClass - Trying to find Element By {by.toString()})
2023-11-29 22:46:46,420 [main] INFO  base.BaseClass - Found Element By {by.toString()}
2023-11-29 22:46:46,957 [main] INFO  base.BaseClass - Trying to find Element By {by.toString()})
2023-11-29 22:46:46,982 [main] INFO  base.BaseClass - Found Element By {by.toString()}
2023-11-29 22:46:47,528 [main] INFO  base.BaseClass - Trying to find Element By {by.toString()})
2023-11-29 22:46:47,553 [main] INFO  base.BaseClass - Found Element By {by.toString()}
2023-11-29 22:46:48,089 [main] INFO  base.BaseClass - Trying to find Element By {by.toString()})
2023-11-29 22:46:48,114 [main] INFO  base.BaseClass - Found Element By {by.toString()}
2023-11-29 22:46:48,650 [main] INFO  base.BaseClass - Trying to find Element By {by.toString()})
2023-11-29 22:46:48,673 [main] INFO  base.BaseClass - Found Element By {by.toString()}
2023-11-29 22:46:49,208 [main] INFO  base.BaseClass - Trying to find Element By {by.toString()})
2023-11-29 22:46:49,234 [main] INFO  base.BaseClass - Found Element By {by.toString()}
2023-11-29 22:46:49,774 [main] INFO  base.BaseClass - Trying to find Element By {by.toString()})
2023-11-29 22:46:49,800 [main] INFO  base.BaseClass - Found Element By {by.toString()}
2023-11-29 22:46:50,337 [main] INFO  base.BaseClass - Trying to find Element By {by.toString()})
2023-11-29 22:46:50,360 [main] INFO  base.BaseClass - Found Element By {by.toString()}
2023-11-29 22:46:50,893 [main] INFO  base.BaseClass - Trying to find Element By {by.toString()})
2023-11-29 22:46:50,920 [main] INFO  base.BaseClass - Found Element By {by.toString()}
2023-11-29 22:46:51,454 [main] INFO  base.BaseClass - Trying to find Element By {by.toString()})
2023-11-29 22:46:51,478 [main] INFO  base.BaseClass - Found Element By {by.toString()}
2023-11-29 22:46:52,012 [main] INFO  base.BaseClass - Trying to find Element By {by.toString()})
2023-11-29 22:46:52,037 [main] INFO  base.BaseClass - Found Element By {by.toString()}
2023-11-29 22:46:52,582 [main] INFO  base.BaseClass - Trying to find Element By {by.toString()})
2023-11-29 22:46:52,607 [main] INFO  base.BaseClass - Found Element By {by.toString()}
2023-11-29 22:46:53,143 [main] INFO  base.BaseClass - Trying to find Element By {by.toString()})
2023-11-29 22:46:53,168 [main] INFO  base.BaseClass - Found Element By {by.toString()}
2023-11-29 22:46:53,703 [main] INFO  base.BaseClass - Trying to find Element By {by.toString()})
2023-11-29 22:46:53,727 [main] INFO  base.BaseClass - Found Element By {by.toString()}
2023-11-29 22:46:54,263 [main] INFO  base.BaseClass - Trying to find Element By {by.toString()})
2023-11-29 22:46:54,288 [main] INFO  base.BaseClass - Found Element By {by.toString()}
2023-11-29 22:46:54,821 [main] INFO  base.BaseClass - Trying to find Element By {by.toString()})
2023-11-29 22:46:56,022 [main] INFO  base.BaseClass - Found Element By {by.toString()}
2023-11-29 22:46:56,561 [main] INFO  base.BaseClass - Trying to find Element By {by.toString()})
2023-11-29 22:46:56,588 [main] INFO  base.BaseClass - Found Element By {by.toString()}
2023-11-29 22:46:57,127 [main] INFO  base.BaseClass - Trying to find Element By {by.toString()})
2023-11-29 22:46:57,154 [main] INFO  base.BaseClass - Found Element By {by.toString()}
2023-11-29 22:46:57,693 [main] INFO  base.BaseClass - Trying to find Element By {by.toString()})
2023-11-29 22:46:57,718 [main] INFO  base.BaseClass - Found Element By {by.toString()}
2023-11-29 22:46:58,254 [main] INFO  base.BaseClass - Trying to find Element By {by.toString()})
2023-11-29 22:46:58,286 [main] INFO  base.BaseClass - Found Element By {by.toString()}
2023-11-29 22:46:58,825 [main] INFO  base.BaseClass - Trying to find Element By {by.toString()})
2023-11-29 22:46:58,850 [main] INFO  base.BaseClass - Found Element By {by.toString()}
2023-11-29 22:46:59,396 [main] INFO  base.BaseClass - Trying to find Element By {by.toString()})
2023-11-29 22:46:59,423 [main] INFO  base.BaseClass - Found Element By {by.toString()}
2023-11-29 22:46:59,957 [main] INFO  base.BaseClass - Trying to find Element By {by.toString()})
2023-11-29 22:46:59,982 [main] INFO  base.BaseClass - Found Element By {by.toString()}
2023-11-29 22:47:00,521 [main] INFO  base.BaseClass - Trying to find Element By {by.toString()})
2023-11-29 22:47:00,546 [main] INFO  base.BaseClass - Found Element By {by.toString()}
2023-11-29 22:47:01,082 [main] INFO  base.BaseClass - Trying to find Element By {by.toString()})
2023-11-29 22:47:01,109 [main] INFO  base.BaseClass - Found Element By {by.toString()}
2023-11-29 22:47:01,647 [main] INFO  base.BaseClass - Trying to find Element By {by.toString()})
2023-11-29 22:47:01,672 [main] INFO  base.BaseClass - Found Element By {by.toString()}
2023-11-29 22:47:02,221 [main] INFO  base.BaseClass - Trying to find Element By {by.toString()})
2023-11-29 22:47:02,246 [main] INFO  base.BaseClass - Found Element By {by.toString()}
2023-11-29 22:47:02,782 [main] INFO  base.BaseClass - Trying to find Element By {by.toString()})
2023-11-29 22:47:02,805 [main] INFO  base.BaseClass - Found Element By {by.toString()}
2023-11-29 22:47:03,344 [main] INFO  base.BaseClass - Trying to find Element By {by.toString()})
2023-11-29 22:47:03,368 [main] INFO  base.BaseClass - Found Element By {by.toString()}
2023-11-29 22:47:03,903 [main] INFO  base.BaseClass - Trying to find Element By {by.toString()})
2023-11-29 22:47:03,927 [main] INFO  base.BaseClass - Found Element By {by.toString()}
2023-11-29 22:47:04,454 [main] INFO  base.BaseClass - Trying to find Element By {by.toString()})
2023-11-29 22:47:04,480 [main] INFO  base.BaseClass - Found Element By {by.toString()}
2023-11-29 22:47:05,016 [main] INFO  base.BaseClass - Trying to find Element By {by.toString()})
2023-11-29 22:47:05,041 [main] INFO  base.BaseClass - Found Element By {by.toString()}
2023-11-29 22:47:05,578 [main] INFO  base.BaseClass - Trying to find Element By {by.toString()})
2023-11-29 22:47:05,603 [main] INFO  base.BaseClass - Found Element By {by.toString()}
2023-11-29 22:47:06,144 [main] INFO  base.BaseClass - Trying to find Element By {by.toString()})
2023-11-29 22:47:06,174 [main] INFO  base.BaseClass - Found Element By {by.toString()}
2023-11-29 22:47:06,703 [main] INFO  base.BaseClass - Trying to find Element By {by.toString()})
2023-11-29 22:47:06,727 [main] INFO  base.BaseClass - Found Element By {by.toString()}
TimeoutException occurred: Expected condition failed: waiting for helper.WaitUtility$5@5f74e208 (tried for 30 second(s) with 500 milliseconds interval)
Build info: version: '3.141.59', revision: 'e82be7d358', time: '2018-11-14T08:17:03'
System info: host: 'DPLAP166', ip: '137.237.3.153', os.name: 'Windows 10', os.arch: 'amd64', os.version: '10.0', java.version: '19.0.1'
Driver info: org.openqa.selenium.support.events.EventFiringWebDriver
Capabilities {acceptInsecureCerts: true, browserName: chrome, browserVersion: 119.0.6045.200, chrome: {chromedriverVersion: 119.0.6045.105 (38c72552c5e..., userDataDir: C:\Users\dP-PL\AppData\Loca...}, fedcm:accounts: true, goog:chromeOptions: {debuggerAddress: localhost:59484}, javascriptEnabled: true, networkConnectionEnabled: false, pageLoadStrategy: normal, platform: WINDOWS, platformName: WINDOWS, proxy: Proxy(), setWindowRect: true, strictFileInteractability: false, timeouts: {implicit: 0, pageLoad: 300000, script: 30000}, unhandledPromptBehavior: dismiss and notify, webauthn:extension:credBlob: true, webauthn:extension:largeBlob: true, webauthn:extension:minPinLength: true, webauthn:extension:prf: true, webauthn:virtualAuthenticators: true}
Session ID: d5456263b4ab31bc108dd6fe1f9d1739
2023-11-29 22:47:06,765 [main] ERROR XGLT_15177_Test - Element did not become visible within the specified time: Expected condition failed: waiting for helper.WaitUtility$5@5f74e208 (tried for 30 second(s) with 500 milliseconds interval)
Build info: version: '3.141.59', revision: 'e82be7d358', time: '2018-11-14T08:17:03'
System info: host: 'DPLAP166', ip: '137.237.3.153', os.name: 'Windows 10', os.arch: 'amd64', os.version: '10.0', java.version: '19.0.1'
Driver info: org.openqa.selenium.support.events.EventFiringWebDriver
Capabilities {acceptInsecureCerts: true, browserName: chrome, browserVersion: 119.0.6045.200, chrome: {chromedriverVersion: 119.0.6045.105 (38c72552c5e..., userDataDir: C:\Users\dP-PL\AppData\Loca...}, fedcm:accounts: true, goog:chromeOptions: {debuggerAddress: localhost:59484}, javascriptEnabled: true, networkConnectionEnabled: false, pageLoadStrategy: normal, platform: WINDOWS, platformName: WINDOWS, proxy: Proxy(), setWindowRect: true, strictFileInteractability: false, timeouts: {implicit: 0, pageLoad: 300000, script: 30000}, unhandledPromptBehavior: dismiss and notify, webauthn:extension:credBlob: true, webauthn:extension:largeBlob: true, webauthn:extension:minPinLength: true, webauthn:extension:prf: true, webauthn:virtualAuthenticators: true}
Session ID: d5456263b4ab31bc108dd6fe1f9d1739
2023-11-29 22:47:06,765 [main] INFO  base.BaseClass - Trying to find Element By {by.toString()})
2023-11-29 22:47:06,787 [main] INFO  base.BaseClass - Found Element By {by.toString()}
2023-11-29 22:47:06,809 [main] INFO  base.BaseClass - Trying to find Element By {by.toString()})
2023-11-29 22:47:06,845 [main] INFO  base.BaseClass - Found Element By {by.toString()}
2023-11-29 22:47:07,367 [main] INFO  base.BaseClass - Trying to find Element By {by.toString()})
2023-11-29 22:47:07,392 [main] INFO  base.BaseClass - Found Element By {by.toString()}
2023-11-29 22:47:07,931 [main] INFO  base.BaseClass - Trying to find Element By {by.toString()})
2023-11-29 22:47:07,954 [main] INFO  base.BaseClass - Found Element By {by.toString()}
2023-11-29 22:47:08,488 [main] INFO  base.BaseClass - Trying to find Element By {by.toString()})
2023-11-29 22:47:08,512 [main] INFO  base.BaseClass - Found Element By {by.toString()}
2023-11-29 22:47:09,052 [main] INFO  base.BaseClass - Trying to find Element By {by.toString()})
2023-11-29 22:47:09,076 [main] INFO  base.BaseClass - Found Element By {by.toString()}
2023-11-29 22:47:09,615 [main] INFO  base.BaseClass - Trying to find Element By {by.toString()})
2023-11-29 22:47:09,640 [main] INFO  base.BaseClass - Found Element By {by.toString()}
2023-11-29 22:47:10,178 [main] INFO  base.BaseClass - Trying to find Element By {by.toString()})
2023-11-29 22:47:10,202 [main] INFO  base.BaseClass - Found Element By {by.toString()}
2023-11-29 22:47:10,735 [main] INFO  base.BaseClass - Trying to find Element By {by.toString()})
2023-11-29 22:47:10,760 [main] INFO  base.BaseClass - Found Element By {by.toString()}
2023-11-29 22:47:11,296 [main] INFO  base.BaseClass - Trying to find Element By {by.toString()})
2023-11-29 22:47:11,321 [main] INFO  base.BaseClass - Found Element By {by.toString()}
2023-11-29 22:47:11,855 [main] INFO  base.BaseClass - Trying to find Element By {by.toString()})
2023-11-29 22:47:11,882 [main] INFO  base.BaseClass - Found Element By {by.toString()}
2023-11-29 22:47:12,424 [main] INFO  base.BaseClass - Trying to find Element By {by.toString()})
2023-11-29 22:47:12,448 [main] INFO  base.BaseClass - Found Element By {by.toString()}
2023-11-29 22:47:12,985 [main] INFO  base.BaseClass - Trying to find Element By {by.toString()})
2023-11-29 22:47:13,008 [main] INFO  base.BaseClass - Found Element By {by.toString()}
2023-11-29 22:47:13,545 [main] INFO  base.BaseClass - Trying to find Element By {by.toString()})
2023-11-29 22:47:13,571 [main] INFO  base.BaseClass - Found Element By {by.toString()}
2023-11-29 22:47:14,105 [main] INFO  base.BaseClass - Trying to find Element By {by.toString()})
2023-11-29 22:47:14,122 [main] INFO  base.BaseClass - Found Element By {by.toString()}
2023-11-29 22:47:14,657 [main] INFO  base.BaseClass - Trying to find Element By {by.toString()})
2023-11-29 22:47:14,682 [main] INFO  base.BaseClass - Found Element By {by.toString()}
2023-11-29 22:47:15,231 [main] INFO  base.BaseClass - Trying to find Element By {by.toString()})
2023-11-29 22:47:15,255 [main] INFO  base.BaseClass - Found Element By {by.toString()}
2023-11-29 22:47:15,790 [main] INFO  base.BaseClass - Trying to find Element By {by.toString()})
2023-11-29 22:47:15,815 [main] INFO  base.BaseClass - Found Element By {by.toString()}
2023-11-29 22:47:16,349 [main] INFO  base.BaseClass - Trying to find Element By {by.toString()})
2023-11-29 22:47:16,373 [main] INFO  base.BaseClass - Found Element By {by.toString()}
2023-11-29 22:47:16,910 [main] INFO  base.BaseClass - Trying to find Element By {by.toString()})
2023-11-29 22:47:16,935 [main] INFO  base.BaseClass - Found Element By {by.toString()}
2023-11-29 22:47:17,471 [main] INFO  base.BaseClass - Trying to find Element By {by.toString()})
2023-11-29 22:47:17,495 [main] INFO  base.BaseClass - Found Element By {by.toString()}
2023-11-29 22:47:18,046 [main] INFO  base.BaseClass - Trying to find Element By {by.toString()})
2023-11-29 22:47:18,069 [main] INFO  base.BaseClass - Found Element By {by.toString()}
2023-11-29 22:47:18,602 [main] INFO  base.BaseClass - Trying to find Element By {by.toString()})
2023-11-29 22:47:18,630 [main] INFO  base.BaseClass - Found Element By {by.toString()}
2023-11-29 22:47:19,159 [main] INFO  base.BaseClass - Trying to find Element By {by.toString()})
2023-11-29 22:47:19,183 [main] INFO  base.BaseClass - Found Element By {by.toString()}
2023-11-29 22:47:19,716 [main] INFO  base.BaseClass - Trying to find Element By {by.toString()})
2023-11-29 22:47:19,741 [main] INFO  base.BaseClass - Found Element By {by.toString()}
2023-11-29 22:47:20,277 [main] INFO  base.BaseClass - Trying to find Element By {by.toString()})
2023-11-29 22:47:20,302 [main] INFO  base.BaseClass - Found Element By {by.toString()}
2023-11-29 22:47:20,839 [main] INFO  base.BaseClass - Trying to find Element By {by.toString()})
2023-11-29 22:47:20,862 [main] INFO  base.BaseClass - Found Element By {by.toString()}
2023-11-29 22:47:21,398 [main] INFO  base.BaseClass - Trying to find Element By {by.toString()})
2023-11-29 22:47:21,422 [main] INFO  base.BaseClass - Found Element By {by.toString()}
2023-11-29 22:47:21,961 [main] INFO  base.BaseClass - Trying to find Element By {by.toString()})
2023-11-29 22:47:21,985 [main] INFO  base.BaseClass - Found Element By {by.toString()}
2023-11-29 22:47:22,520 [main] INFO  base.BaseClass - Trying to find Element By {by.toString()})
2023-11-29 22:47:22,544 [main] INFO  base.BaseClass - Found Element By {by.toString()}
2023-11-29 22:47:23,081 [main] INFO  base.BaseClass - Trying to find Element By {by.toString()})
2023-11-29 22:47:23,107 [main] INFO  base.BaseClass - Found Element By {by.toString()}
2023-11-29 22:47:23,652 [main] INFO  base.BaseClass - Trying to find Element By {by.toString()})
2023-11-29 22:47:23,676 [main] INFO  base.BaseClass - Found Element By {by.toString()}
2023-11-29 22:47:24,213 [main] INFO  base.BaseClass - Trying to find Element By {by.toString()})
2023-11-29 22:47:24,238 [main] INFO  base.BaseClass - Found Element By {by.toString()}
2023-11-29 22:47:24,773 [main] INFO  base.BaseClass - Trying to find Element By {by.toString()})
2023-11-29 22:47:24,796 [main] INFO  base.BaseClass - Found Element By {by.toString()}
2023-11-29 22:47:25,331 [main] INFO  base.BaseClass - Trying to find Element By {by.toString()})
2023-11-29 22:47:25,356 [main] INFO  base.BaseClass - Found Element By {by.toString()}
2023-11-29 22:47:25,891 [main] INFO  base.BaseClass - Trying to find Element By {by.toString()})
2023-11-29 22:47:25,916 [main] INFO  base.BaseClass - Found Element By {by.toString()}
2023-11-29 22:47:26,456 [main] INFO  base.BaseClass - Trying to find Element By {by.toString()})
2023-11-29 22:47:26,481 [main] INFO  base.BaseClass - Found Element By {by.toString()}
2023-11-29 22:47:27,017 [main] INFO  base.BaseClass - Trying to find Element By {by.toString()})
2023-11-29 22:47:27,040 [main] INFO  base.BaseClass - Found Element By {by.toString()}
2023-11-29 22:47:27,576 [main] INFO  base.BaseClass - Trying to find Element By {by.toString()})
2023-11-29 22:47:27,601 [main] INFO  base.BaseClass - Found Element By {by.toString()}
2023-11-29 22:47:28,148 [main] INFO  base.BaseClass - Trying to find Element By {by.toString()})
2023-11-29 22:47:28,173 [main] INFO  base.BaseClass - Found Element By {by.toString()}
2023-11-29 22:47:28,711 [main] INFO  base.BaseClass - Trying to find Element By {by.toString()})
2023-11-29 22:47:28,735 [main] INFO  base.BaseClass - Found Element By {by.toString()}
2023-11-29 22:47:29,272 [main] INFO  base.BaseClass - Trying to find Element By {by.toString()})
2023-11-29 22:47:29,297 [main] INFO  base.BaseClass - Found Element By {by.toString()}
2023-11-29 22:47:29,832 [main] INFO  base.BaseClass - Trying to find Element By {by.toString()})
2023-11-29 22:47:29,857 [main] INFO  base.BaseClass - Found Element By {by.toString()}
2023-11-29 22:47:30,387 [main] INFO  base.BaseClass - Trying to find Element By {by.toString()})
2023-11-29 22:47:30,412 [main] INFO  base.BaseClass - Found Element By {by.toString()}
2023-11-29 22:47:30,952 [main] INFO  base.BaseClass - Trying to find Element By {by.toString()})
2023-11-29 22:47:30,976 [main] INFO  base.BaseClass - Found Element By {by.toString()}
2023-11-29 22:47:31,513 [main] INFO  base.BaseClass - Trying to find Element By {by.toString()})
2023-11-29 22:47:31,538 [main] INFO  base.BaseClass - Found Element By {by.toString()}
2023-11-29 22:47:32,076 [main] INFO  base.BaseClass - Trying to find Element By {by.toString()})
2023-11-29 22:47:32,102 [main] INFO  base.BaseClass - Found Element By {by.toString()}
2023-11-29 22:47:32,638 [main] INFO  base.BaseClass - Trying to find Element By {by.toString()})
2023-11-29 22:47:32,660 [main] INFO  base.BaseClass - Found Element By {by.toString()}
2023-11-29 22:47:33,196 [main] INFO  base.BaseClass - Trying to find Element By {by.toString()})
2023-11-29 22:47:33,221 [main] INFO  base.BaseClass - Found Element By {by.toString()}
2023-11-29 22:47:33,760 [main] INFO  base.BaseClass - Trying to find Element By {by.toString()})
2023-11-29 22:47:33,784 [main] INFO  base.BaseClass - Found Element By {by.toString()}
2023-11-29 22:47:34,340 [main] INFO  base.BaseClass - Trying to find Element By {by.toString()})
2023-11-29 22:47:34,365 [main] INFO  base.BaseClass - Found Element By {by.toString()}
2023-11-29 22:47:34,902 [main] INFO  base.BaseClass - Trying to find Element By {by.toString()})
2023-11-29 22:47:34,926 [main] INFO  base.BaseClass - Found Element By {by.toString()}
2023-11-29 22:47:35,460 [main] INFO  base.BaseClass - Trying to find Element By {by.toString()})
2023-11-29 22:47:35,484 [main] INFO  base.BaseClass - Found Element By {by.toString()}
2023-11-29 22:47:36,021 [main] INFO  base.BaseClass - Trying to find Element By {by.toString()})
2023-11-29 22:47:36,049 [main] INFO  base.BaseClass - Found Element By {by.toString()}
2023-11-29 22:47:36,580 [main] INFO  base.BaseClass - Trying to find Element By {by.toString()})
2023-11-29 22:47:36,606 [main] INFO  base.BaseClass - Found Element By {by.toString()}
2023-11-29 22:47:37,141 [main] INFO  base.BaseClass - Trying to find Element By {by.toString()})
2023-11-29 22:47:37,163 [main] INFO  base.BaseClass - Found Element By {by.toString()}
TimeoutException occurred: Expected condition failed: waiting for helper.WaitUtility$5@2e7e14fb (tried for 30 second(s) with 500 milliseconds interval)
Build info: version: '3.141.59', revision: 'e82be7d358', time: '2018-11-14T08:17:03'
System info: host: 'DPLAP166', ip: '137.237.3.153', os.name: 'Windows 10', os.arch: 'amd64', os.version: '10.0', java.version: '19.0.1'
Driver info: org.openqa.selenium.support.events.EventFiringWebDriver
Capabilities {acceptInsecureCerts: true, browserName: chrome, browserVersion: 119.0.6045.200, chrome: {chromedriverVersion: 119.0.6045.105 (38c72552c5e..., userDataDir: C:\Users\dP-PL\AppData\Loca...}, fedcm:accounts: true, goog:chromeOptions: {debuggerAddress: localhost:59484}, javascriptEnabled: true, networkConnectionEnabled: false, pageLoadStrategy: normal, platform: WINDOWS, platformName: WINDOWS, proxy: Proxy(), setWindowRect: true, strictFileInteractability: false, timeouts: {implicit: 0, pageLoad: 300000, script: 30000}, unhandledPromptBehavior: dismiss and notify, webauthn:extension:credBlob: true, webauthn:extension:largeBlob: true, webauthn:extension:minPinLength: true, webauthn:extension:prf: true, webauthn:virtualAuthenticators: true}
Session ID: d5456263b4ab31bc108dd6fe1f9d1739
2023-11-29 22:47:37,198 [main] ERROR XGLT_15177_Test - Element did not become visible within the specified time: Expected condition failed: waiting for helper.WaitUtility$5@2e7e14fb (tried for 30 second(s) with 500 milliseconds interval)
Build info: version: '3.141.59', revision: 'e82be7d358', time: '2018-11-14T08:17:03'
System info: host: 'DPLAP166', ip: '137.237.3.153', os.name: 'Windows 10', os.arch: 'amd64', os.version: '10.0', java.version: '19.0.1'
Driver info: org.openqa.selenium.support.events.EventFiringWebDriver
Capabilities {acceptInsecureCerts: true, browserName: chrome, browserVersion: 119.0.6045.200, chrome: {chromedriverVersion: 119.0.6045.105 (38c72552c5e..., userDataDir: C:\Users\dP-PL\AppData\Loca...}, fedcm:accounts: true, goog:chromeOptions: {debuggerAddress: localhost:59484}, javascriptEnabled: true, networkConnectionEnabled: false, pageLoadStrategy: normal, platform: WINDOWS, platformName: WINDOWS, proxy: Proxy(), setWindowRect: true, strictFileInteractability: false, timeouts: {implicit: 0, pageLoad: 300000, script: 30000}, unhandledPromptBehavior: dismiss and notify, webauthn:extension:credBlob: true, webauthn:extension:largeBlob: true, webauthn:extension:minPinLength: true, webauthn:extension:prf: true, webauthn:virtualAuthenticators: true}
Session ID: d5456263b4ab31bc108dd6fe1f9d1739
2023-11-29 22:47:37,198 [main] INFO  base.BaseClass - Trying to find Element By {by.toString()})
2023-11-29 22:47:37,219 [main] INFO  base.BaseClass - Found Element By {by.toString()}
2023-11-29 22:47:37,292 [main] INFO  base.BaseClass - Trying to find Element By {by.toString()})
2023-11-29 22:47:37,308 [main] INFO  base.BaseClass - Found Element By {by.toString()}
2023-11-29 22:47:37,323 [main] INFO  base.BaseClass - Trying to find Element By {by.toString()})
2023-11-29 22:47:37,350 [main] INFO  base.BaseClass - Found Element By {by.toString()}
2023-11-29 22:47:37,877 [main] INFO  base.BaseClass - Trying to find Element By {by.toString()})
2023-11-29 22:47:37,903 [main] INFO  base.BaseClass - Found Element By {by.toString()}
2023-11-29 22:47:38,440 [main] INFO  base.BaseClass - Trying to find Element By {by.toString()})
2023-11-29 22:47:38,467 [main] INFO  base.BaseClass - Found Element By {by.toString()}
2023-11-29 22:47:39,007 [main] INFO  base.BaseClass - Trying to find Element By {by.toString()})
2023-11-29 22:47:39,034 [main] INFO  base.BaseClass - Found Element By {by.toString()}
2023-11-29 22:47:39,575 [main] INFO  base.BaseClass - Trying to find Element By {by.toString()})
2023-11-29 22:47:39,602 [main] INFO  base.BaseClass - Found Element By {by.toString()}
2023-11-29 22:47:40,139 [main] INFO  base.BaseClass - Trying to find Element By {by.toString()})
2023-11-29 22:47:40,168 [main] INFO  base.BaseClass - Found Element By {by.toString()}
2023-11-29 22:47:40,698 [main] INFO  base.BaseClass - Trying to find Element By {by.toString()})
2023-11-29 22:47:40,723 [main] INFO  base.BaseClass - Found Element By {by.toString()}
2023-11-29 22:47:41,271 [main] INFO  base.BaseClass - Trying to find Element By {by.toString()})
2023-11-29 22:47:41,296 [main] INFO  base.BaseClass - Found Element By {by.toString()}
2023-11-29 22:47:41,836 [main] INFO  base.BaseClass - Trying to find Element By {by.toString()})
2023-11-29 22:47:41,861 [main] INFO  base.BaseClass - Found Element By {by.toString()}
2023-11-29 22:47:42,400 [main] INFO  base.BaseClass - Trying to find Element By {by.toString()})
2023-11-29 22:47:42,426 [main] INFO  base.BaseClass - Found Element By {by.toString()}
2023-11-29 22:47:42,960 [main] INFO  base.BaseClass - Trying to find Element By {by.toString()})
2023-11-29 22:47:42,983 [main] INFO  base.BaseClass - Found Element By {by.toString()}
2023-11-29 22:47:43,527 [main] INFO  base.BaseClass - Trying to find Element By {by.toString()})
2023-11-29 22:47:43,554 [main] INFO  base.BaseClass - Found Element By {by.toString()}
2023-11-29 22:47:44,091 [main] INFO  base.BaseClass - Trying to find Element By {by.toString()})
2023-11-29 22:47:44,117 [main] INFO  base.BaseClass - Found Element By {by.toString()}
2023-11-29 22:47:44,653 [main] INFO  base.BaseClass - Trying to find Element By {by.toString()})
2023-11-29 22:47:44,678 [main] INFO  base.BaseClass - Found Element By {by.toString()}
2023-11-29 22:47:45,214 [main] INFO  base.BaseClass - Trying to find Element By {by.toString()})
2023-11-29 22:47:45,237 [main] INFO  base.BaseClass - Found Element By {by.toString()}
2023-11-29 22:47:45,771 [main] INFO  base.BaseClass - Trying to find Element By {by.toString()})
2023-11-29 22:47:45,796 [main] INFO  base.BaseClass - Found Element By {by.toString()}
2023-11-29 22:47:46,339 [main] INFO  base.BaseClass - Trying to find Element By {by.toString()})
2023-11-29 22:47:46,362 [main] INFO  base.BaseClass - Found Element By {by.toString()}
2023-11-29 22:47:46,896 [main] INFO  base.BaseClass - Trying to find Element By {by.toString()})
2023-11-29 22:47:46,920 [main] INFO  base.BaseClass - Found Element By {by.toString()}
2023-11-29 22:47:47,455 [main] INFO  base.BaseClass - Trying to find Element By {by.toString()})
2023-11-29 22:47:47,481 [main] INFO  base.BaseClass - Found Element By {by.toString()}
2023-11-29 22:47:48,016 [main] INFO  base.BaseClass - Trying to find Element By {by.toString()})
2023-11-29 22:47:48,040 [main] INFO  base.BaseClass - Found Element By {by.toString()}
2023-11-29 22:47:48,574 [main] INFO  base.BaseClass - Trying to find Element By {by.toString()})
2023-11-29 22:47:48,600 [main] INFO  base.BaseClass - Found Element By {by.toString()}
2023-11-29 22:47:49,148 [main] INFO  base.BaseClass - Trying to find Element By {by.toString()})
2023-11-29 22:47:49,173 [main] INFO  base.BaseClass - Found Element By {by.toString()}
2023-11-29 22:47:49,707 [main] INFO  base.BaseClass - Trying to find Element By {by.toString()})
2023-11-29 22:47:49,732 [main] INFO  base.BaseClass - Found Element By {by.toString()}
2023-11-29 22:47:50,267 [main] INFO  base.BaseClass - Trying to find Element By {by.toString()})
2023-11-29 22:47:50,294 [main] INFO  base.BaseClass - Found Element By {by.toString()}
2023-11-29 22:47:50,830 [main] INFO  base.BaseClass - Trying to find Element By {by.toString()})
2023-11-29 22:47:50,855 [main] INFO  base.BaseClass - Found Element By {by.toString()}
2023-11-29 22:47:51,393 [main] INFO  base.BaseClass - Trying to find Element By {by.toString()})
2023-11-29 22:47:51,417 [main] INFO  base.BaseClass - Found Element By {by.toString()}
2023-11-29 22:47:51,954 [main] INFO  base.BaseClass - Trying to find Element By {by.toString()})
2023-11-29 22:47:51,967 [main] INFO  base.BaseClass - Found Element By {by.toString()}
2023-11-29 22:47:52,495 [main] INFO  base.BaseClass - Trying to find Element By {by.toString()})
2023-11-29 22:47:52,512 [main] INFO  base.BaseClass - Found Element By {by.toString()}
2023-11-29 22:47:53,035 [main] INFO  base.BaseClass - Trying to find Element By {by.toString()})
2023-11-29 22:47:53,052 [main] INFO  base.BaseClass - Found Element By {by.toString()}
2023-11-29 22:47:53,582 [main] INFO  base.BaseClass - Trying to find Element By {by.toString()})
2023-11-29 22:47:53,599 [main] INFO  base.BaseClass - Found Element By {by.toString()}
2023-11-29 22:47:54,132 [main] INFO  base.BaseClass - Trying to find Element By {by.toString()})
2023-11-29 22:47:54,157 [main] INFO  base.BaseClass - Found Element By {by.toString()}
2023-11-29 22:47:54,696 [main] INFO  base.BaseClass - Trying to find Element By {by.toString()})
2023-11-29 22:47:54,721 [main] INFO  base.BaseClass - Found Element By {by.toString()}
2023-11-29 22:47:55,258 [main] INFO  base.BaseClass - Trying to find Element By {by.toString()})
2023-11-29 22:47:55,276 [main] INFO  base.BaseClass - Found Element By {by.toString()}
2023-11-29 22:47:55,803 [main] INFO  base.BaseClass - Trying to find Element By {by.toString()})
2023-11-29 22:47:55,820 [main] INFO  base.BaseClass - Found Element By {by.toString()}
2023-11-29 22:47:56,349 [main] INFO  base.BaseClass - Trying to find Element By {by.toString()})
2023-11-29 22:47:56,374 [main] INFO  base.BaseClass - Found Element By {by.toString()}
2023-11-29 22:47:56,909 [main] INFO  base.BaseClass - Trying to find Element By {by.toString()})
2023-11-29 22:47:56,934 [main] INFO  base.BaseClass - Found Element By {by.toString()}
2023-11-29 22:47:57,469 [main] INFO  base.BaseClass - Trying to find Element By {by.toString()})
2023-11-29 22:47:57,494 [main] INFO  base.BaseClass - Found Element By {by.toString()}
2023-11-29 22:47:58,030 [main] INFO  base.BaseClass - Trying to find Element By {by.toString()})
2023-11-29 22:47:58,048 [main] INFO  base.BaseClass - Found Element By {by.toString()}
2023-11-29 22:47:58,578 [main] INFO  base.BaseClass - Trying to find Element By {by.toString()})
2023-11-29 22:47:58,597 [main] INFO  base.BaseClass - Found Element By {by.toString()}
2023-11-29 22:47:59,118 [main] INFO  base.BaseClass - Trying to find Element By {by.toString()})
2023-11-29 22:47:59,137 [main] INFO  base.BaseClass - Found Element By {by.toString()}
2023-11-29 22:47:59,662 [main] INFO  base.BaseClass - Trying to find Element By {by.toString()})
2023-11-29 22:47:59,687 [main] INFO  base.BaseClass - Found Element By {by.toString()}
2023-11-29 22:48:00,224 [main] INFO  base.BaseClass - Trying to find Element By {by.toString()})
2023-11-29 22:48:00,251 [main] INFO  base.BaseClass - Found Element By {by.toString()}
2023-11-29 22:48:00,789 [main] INFO  base.BaseClass - Trying to find Element By {by.toString()})
2023-11-29 22:48:00,797 [main] INFO  base.BaseClass - Found Element By {by.toString()}
2023-11-29 22:48:01,322 [main] INFO  base.BaseClass - Trying to find Element By {by.toString()})
2023-11-29 22:48:01,348 [main] INFO  base.BaseClass - Found Element By {by.toString()}
2023-11-29 22:48:01,885 [main] INFO  base.BaseClass - Trying to find Element By {by.toString()})
2023-11-29 22:48:01,911 [main] INFO  base.BaseClass - Found Element By {by.toString()}
2023-11-29 22:48:02,450 [main] INFO  base.BaseClass - Trying to find Element By {by.toString()})
2023-11-29 22:48:02,479 [main] INFO  base.BaseClass - Found Element By {by.toString()}
2023-11-29 22:48:03,028 [main] INFO  base.BaseClass - Trying to find Element By {by.toString()})
2023-11-29 22:48:03,055 [main] INFO  base.BaseClass - Found Element By {by.toString()}
2023-11-29 22:48:03,596 [main] INFO  base.BaseClass - Trying to find Element By {by.toString()})
2023-11-29 22:48:03,625 [main] INFO  base.BaseClass - Found Element By {by.toString()}
2023-11-29 22:48:04,160 [main] INFO  base.BaseClass - Trying to find Element By {by.toString()})
2023-11-29 22:48:04,186 [main] INFO  base.BaseClass - Found Element By {by.toString()}
2023-11-29 22:48:04,725 [main] INFO  base.BaseClass - Trying to find Element By {by.toString()})
2023-11-29 22:48:04,752 [main] INFO  base.BaseClass - Found Element By {by.toString()}
2023-11-29 22:48:05,299 [main] INFO  base.BaseClass - Trying to find Element By {by.toString()})
2023-11-29 22:48:05,326 [main] INFO  base.BaseClass - Found Element By {by.toString()}
2023-11-29 22:48:05,865 [main] INFO  base.BaseClass - Trying to find Element By {by.toString()})
2023-11-29 22:48:05,891 [main] INFO  base.BaseClass - Found Element By {by.toString()}
2023-11-29 22:48:06,430 [main] INFO  base.BaseClass - Trying to find Element By {by.toString()})
2023-11-29 22:48:06,455 [main] INFO  base.BaseClass - Found Element By {by.toString()}
2023-11-29 22:48:06,998 [main] INFO  base.BaseClass - Trying to find Element By {by.toString()})
2023-11-29 22:48:07,023 [main] INFO  base.BaseClass - Found Element By {by.toString()}
2023-11-29 22:48:07,560 [main] INFO  base.BaseClass - Trying to find Element By {by.toString()})
2023-11-29 22:48:07,587 [main] INFO  base.BaseClass - Found Element By {by.toString()}
TimeoutException occurred: Expected condition failed: waiting for helper.WaitUtility$5@29421d71 (tried for 30 second(s) with 500 milliseconds interval)
Build info: version: '3.141.59', revision: 'e82be7d358', time: '2018-11-14T08:17:03'
System info: host: 'DPLAP166', ip: '137.237.3.153', os.name: 'Windows 10', os.arch: 'amd64', os.version: '10.0', java.version: '19.0.1'
Driver info: org.openqa.selenium.support.events.EventFiringWebDriver
Capabilities {acceptInsecureCerts: true, browserName: chrome, browserVersion: 119.0.6045.200, chrome: {chromedriverVersion: 119.0.6045.105 (38c72552c5e..., userDataDir: C:\Users\dP-PL\AppData\Loca...}, fedcm:accounts: true, goog:chromeOptions: {debuggerAddress: localhost:59484}, javascriptEnabled: true, networkConnectionEnabled: false, pageLoadStrategy: normal, platform: WINDOWS, platformName: WINDOWS, proxy: Proxy(), setWindowRect: true, strictFileInteractability: false, timeouts: {implicit: 0, pageLoad: 300000, script: 30000}, unhandledPromptBehavior: dismiss and notify, webauthn:extension:credBlob: true, webauthn:extension:largeBlob: true, webauthn:extension:minPinLength: true, webauthn:extension:prf: true, webauthn:virtualAuthenticators: true}
Session ID: d5456263b4ab31bc108dd6fe1f9d1739
2023-11-29 22:48:07,625 [main] ERROR XGLT_15177_Test - Element did not become visible within the specified time: Expected condition failed: waiting for helper.WaitUtility$5@29421d71 (tried for 30 second(s) with 500 milliseconds interval)
Build info: version: '3.141.59', revision: 'e82be7d358', time: '2018-11-14T08:17:03'
System info: host: 'DPLAP166', ip: '137.237.3.153', os.name: 'Windows 10', os.arch: 'amd64', os.version: '10.0', java.version: '19.0.1'
Driver info: org.openqa.selenium.support.events.EventFiringWebDriver
Capabilities {acceptInsecureCerts: true, browserName: chrome, browserVersion: 119.0.6045.200, chrome: {chromedriverVersion: 119.0.6045.105 (38c72552c5e..., userDataDir: C:\Users\dP-PL\AppData\Loca...}, fedcm:accounts: true, goog:chromeOptions: {debuggerAddress: localhost:59484}, javascriptEnabled: true, networkConnectionEnabled: false, pageLoadStrategy: normal, platform: WINDOWS, platformName: WINDOWS, proxy: Proxy(), setWindowRect: true, strictFileInteractability: false, timeouts: {implicit: 0, pageLoad: 300000, script: 30000}, unhandledPromptBehavior: dismiss and notify, webauthn:extension:credBlob: true, webauthn:extension:largeBlob: true, webauthn:extension:minPinLength: true, webauthn:extension:prf: true, webauthn:virtualAuthenticators: true}
Session ID: d5456263b4ab31bc108dd6fe1f9d1739
2023-11-29 22:48:07,625 [main] INFO  base.BaseClass - Trying to find Element By {by.toString()})
2023-11-29 22:48:07,647 [main] INFO  base.BaseClass - Found Element By {by.toString()}
2023-11-29 22:48:07,648 [main] INFO  base.BaseClass - Trying to click on: {element.toString()}
2023-11-29 22:48:07,777 [main] INFO  base.BaseClass - Clicked on: {element.toString()}
2023-11-29 22:48:07,777 [main] INFO  base.BaseClass - Trying to find Element By {by.toString()})
2023-11-29 22:48:57,859 [main] INFO  base.BaseClass - Found Element By {by.toString()}
2023-11-29 22:48:57,859 [main] INFO  base.BaseClass - Trying to find Element By {by.toString()})
2023-11-29 22:48:57,895 [main] INFO  base.BaseClass - Found Element By {by.toString()}
2023-11-29 22:48:58,424 [main] INFO  base.BaseClass - Trying to find Element By {by.toString()})
2023-11-29 22:48:58,448 [main] INFO  base.BaseClass - Found Element By {by.toString()}
2023-11-29 22:48:58,983 [main] INFO  base.BaseClass - Trying to find Element By {by.toString()})
2023-11-29 22:48:59,009 [main] INFO  base.BaseClass - Found Element By {by.toString()}
2023-11-29 22:48:59,543 [main] INFO  base.BaseClass - Trying to find Element By {by.toString()})
2023-11-29 22:48:59,567 [main] INFO  base.BaseClass - Found Element By {by.toString()}
2023-11-29 22:49:00,102 [main] INFO  base.BaseClass - Trying to find Element By {by.toString()})
2023-11-29 22:49:00,119 [main] INFO  base.BaseClass - Found Element By {by.toString()}
2023-11-29 22:49:00,652 [main] INFO  base.BaseClass - Trying to find Element By {by.toString()})
2023-11-29 22:49:00,676 [main] INFO  base.BaseClass - Found Element By {by.toString()}
2023-11-29 22:49:01,217 [main] INFO  base.BaseClass - Trying to find Element By {by.toString()})
2023-11-29 22:49:01,241 [main] INFO  base.BaseClass - Found Element By {by.toString()}
2023-11-29 22:49:01,780 [main] INFO  base.BaseClass - Trying to find Element By {by.toString()})
2023-11-29 22:49:01,803 [main] INFO  base.BaseClass - Found Element By {by.toString()}
2023-11-29 22:49:02,335 [main] INFO  base.BaseClass - Trying to find Element By {by.toString()})
2023-11-29 22:49:02,359 [main] INFO  base.BaseClass - Found Element By {by.toString()}
2023-11-29 22:49:02,891 [main] INFO  base.BaseClass - Trying to find Element By {by.toString()})
2023-11-29 22:49:02,916 [main] INFO  base.BaseClass - Found Element By {by.toString()}
2023-11-29 22:49:03,454 [main] INFO  base.BaseClass - Trying to find Element By {by.toString()})
2023-11-29 22:49:03,478 [main] INFO  base.BaseClass - Found Element By {by.toString()}
2023-11-29 22:49:04,011 [main] INFO  base.BaseClass - Trying to find Element By {by.toString()})
2023-11-29 22:49:04,028 [main] INFO  base.BaseClass - Found Element By {by.toString()}
2023-11-29 22:49:04,547 [main] INFO  base.BaseClass - Trying to find Element By {by.toString()})
2023-11-29 22:49:04,571 [main] INFO  base.BaseClass - Found Element By {by.toString()}
2023-11-29 22:49:05,105 [main] INFO  base.BaseClass - Trying to find Element By {by.toString()})
2023-11-29 22:49:05,129 [main] INFO  base.BaseClass - Found Element By {by.toString()}
2023-11-29 22:49:05,663 [main] INFO  base.BaseClass - Trying to find Element By {by.toString()})
2023-11-29 22:49:05,687 [main] INFO  base.BaseClass - Found Element By {by.toString()}
2023-11-29 22:49:06,224 [main] INFO  base.BaseClass - Trying to find Element By {by.toString()})
2023-11-29 22:49:06,248 [main] INFO  base.BaseClass - Found Element By {by.toString()}
2023-11-29 22:49:06,788 [main] INFO  base.BaseClass - Trying to find Element By {by.toString()})
2023-11-29 22:49:06,815 [main] INFO  base.BaseClass - Found Element By {by.toString()}
2023-11-29 22:49:07,369 [main] INFO  base.BaseClass - Trying to find Element By {by.toString()})
2023-11-29 22:49:07,379 [main] INFO  base.BaseClass - Found Element By {by.toString()}
2023-11-29 22:49:07,902 [main] INFO  base.BaseClass - Trying to find Element By {by.toString()})
2023-11-29 22:49:07,927 [main] INFO  base.BaseClass - Found Element By {by.toString()}
2023-11-29 22:49:08,462 [main] INFO  base.BaseClass - Trying to find Element By {by.toString()})
2023-11-29 22:49:08,487 [main] INFO  base.BaseClass - Found Element By {by.toString()}
2023-11-29 22:49:09,023 [main] INFO  base.BaseClass - Trying to find Element By {by.toString()})
2023-11-29 22:49:09,047 [main] INFO  base.BaseClass - Found Element By {by.toString()}
2023-11-29 22:49:09,582 [main] INFO  base.BaseClass - Trying to find Element By {by.toString()})
2023-11-29 22:49:09,607 [main] INFO  base.BaseClass - Found Element By {by.toString()}
2023-11-29 22:49:10,141 [main] INFO  base.BaseClass - Trying to find Element By {by.toString()})
2023-11-29 22:49:10,166 [main] INFO  base.BaseClass - Found Element By {by.toString()}
2023-11-29 22:49:10,694 [main] INFO  base.BaseClass - Trying to find Element By {by.toString()})
2023-11-29 22:49:10,717 [main] INFO  base.BaseClass - Found Element By {by.toString()}
2023-11-29 22:49:11,262 [main] INFO  base.BaseClass - Trying to find Element By {by.toString()})
2023-11-29 22:49:11,288 [main] INFO  base.BaseClass - Found Element By {by.toString()}
2023-11-29 22:49:11,829 [main] INFO  base.BaseClass - Trying to find Element By {by.toString()})
2023-11-29 22:49:11,853 [main] INFO  base.BaseClass - Found Element By {by.toString()}
2023-11-29 22:49:12,388 [main] INFO  base.BaseClass - Trying to find Element By {by.toString()})
2023-11-29 22:49:12,412 [main] INFO  base.BaseClass - Found Element By {by.toString()}
2023-11-29 22:49:12,950 [main] INFO  base.BaseClass - Trying to find Element By {by.toString()})
2023-11-29 22:49:12,975 [main] INFO  base.BaseClass - Found Element By {by.toString()}
2023-11-29 22:49:13,515 [main] INFO  base.BaseClass - Trying to find Element By {by.toString()})
2023-11-29 22:49:13,539 [main] INFO  base.BaseClass - Found Element By {by.toString()}
2023-11-29 22:49:14,075 [main] INFO  base.BaseClass - Trying to find Element By {by.toString()})
2023-11-29 22:49:14,101 [main] INFO  base.BaseClass - Found Element By {by.toString()}
2023-11-29 22:49:14,638 [main] INFO  base.BaseClass - Trying to find Element By {by.toString()})
2023-11-29 22:49:14,662 [main] INFO  base.BaseClass - Found Element By {by.toString()}
2023-11-29 22:49:15,194 [main] INFO  base.BaseClass - Trying to find Element By {by.toString()})
2023-11-29 22:49:15,218 [main] INFO  base.BaseClass - Found Element By {by.toString()}
2023-11-29 22:49:15,757 [main] INFO  base.BaseClass - Trying to find Element By {by.toString()})
2023-11-29 22:49:15,781 [main] INFO  base.BaseClass - Found Element By {by.toString()}
2023-11-29 22:49:16,315 [main] INFO  base.BaseClass - Trying to find Element By {by.toString()})
2023-11-29 22:49:16,340 [main] INFO  base.BaseClass - Found Element By {by.toString()}
2023-11-29 22:49:16,877 [main] INFO  base.BaseClass - Trying to find Element By {by.toString()})
2023-11-29 22:49:16,901 [main] INFO  base.BaseClass - Found Element By {by.toString()}
2023-11-29 22:49:17,434 [main] INFO  base.BaseClass - Trying to find Element By {by.toString()})
2023-11-29 22:49:17,459 [main] INFO  base.BaseClass - Found Element By {by.toString()}
2023-11-29 22:49:18,000 [main] INFO  base.BaseClass - Trying to find Element By {by.toString()})
2023-11-29 22:49:18,026 [main] INFO  base.BaseClass - Found Element By {by.toString()}
2023-11-29 22:49:18,571 [main] INFO  base.BaseClass - Trying to find Element By {by.toString()})
2023-11-29 22:49:18,595 [main] INFO  base.BaseClass - Found Element By {by.toString()}
2023-11-29 22:49:19,135 [main] INFO  base.BaseClass - Trying to find Element By {by.toString()})
2023-11-29 22:49:19,160 [main] INFO  base.BaseClass - Found Element By {by.toString()}
2023-11-29 22:49:19,700 [main] INFO  base.BaseClass - Trying to find Element By {by.toString()})
2023-11-29 22:49:19,723 [main] INFO  base.BaseClass - Found Element By {by.toString()}
2023-11-29 22:49:20,260 [main] INFO  base.BaseClass - Trying to find Element By {by.toString()})
2023-11-29 22:49:20,284 [main] INFO  base.BaseClass - Found Element By {by.toString()}
2023-11-29 22:49:20,819 [main] INFO  base.BaseClass - Trying to find Element By {by.toString()})
2023-11-29 22:49:20,844 [main] INFO  base.BaseClass - Found Element By {by.toString()}
2023-11-29 22:49:21,381 [main] INFO  base.BaseClass - Trying to find Element By {by.toString()})
2023-11-29 22:49:21,404 [main] INFO  base.BaseClass - Found Element By {by.toString()}
2023-11-29 22:49:21,940 [main] INFO  base.BaseClass - Trying to find Element By {by.toString()})
2023-11-29 22:49:21,964 [main] INFO  base.BaseClass - Found Element By {by.toString()}
2023-11-29 22:49:22,502 [main] INFO  base.BaseClass - Trying to find Element By {by.toString()})
2023-11-29 22:49:22,527 [main] INFO  base.BaseClass - Found Element By {by.toString()}
2023-11-29 22:49:23,063 [main] INFO  base.BaseClass - Trying to find Element By {by.toString()})
2023-11-29 22:49:23,081 [main] INFO  base.BaseClass - Found Element By {by.toString()}
2023-11-29 22:49:23,611 [main] INFO  base.BaseClass - Trying to find Element By {by.toString()})
2023-11-29 22:49:24,027 [main] INFO  base.BaseClass - Found Element By {by.toString()}
2023-11-29 22:49:24,561 [main] INFO  base.BaseClass - Trying to find Element By {by.toString()})
2023-11-29 22:49:24,577 [main] INFO  base.BaseClass - Found Element By {by.toString()}
2023-11-29 22:49:25,102 [main] INFO  base.BaseClass - Trying to find Element By {by.toString()})
2023-11-29 22:49:25,119 [main] INFO  base.BaseClass - Found Element By {by.toString()}
2023-11-29 22:49:25,646 [main] INFO  base.BaseClass - Trying to find Element By {by.toString()})
2023-11-29 22:49:25,663 [main] INFO  base.BaseClass - Found Element By {by.toString()}
2023-11-29 22:49:26,191 [main] INFO  base.BaseClass - Trying to find Element By {by.toString()})
2023-11-29 22:49:26,209 [main] INFO  base.BaseClass - Found Element By {by.toString()}
2023-11-29 22:49:26,734 [main] INFO  base.BaseClass - Trying to find Element By {by.toString()})
2023-11-29 22:49:26,758 [main] INFO  base.BaseClass - Found Element By {by.toString()}
2023-11-29 22:49:27,290 [main] INFO  base.BaseClass - Trying to find Element By {by.toString()})
2023-11-29 22:49:27,313 [main] INFO  base.BaseClass - Found Element By {by.toString()}
2023-11-29 22:49:27,848 [main] INFO  base.BaseClass - Trying to find Element By {by.toString()})
2023-11-29 22:49:27,871 [main] INFO  base.BaseClass - Found Element By {by.toString()}
TimeoutException occurred: Expected condition failed: waiting for helper.WaitUtility$5@21e1aca1 (tried for 30 second(s) with 500 milliseconds interval)
Build info: version: '3.141.59', revision: 'e82be7d358', time: '2018-11-14T08:17:03'
System info: host: 'DPLAP166', ip: '137.237.3.153', os.name: 'Windows 10', os.arch: 'amd64', os.version: '10.0', java.version: '19.0.1'
Driver info: org.openqa.selenium.support.events.EventFiringWebDriver
Capabilities {acceptInsecureCerts: true, browserName: chrome, browserVersion: 119.0.6045.200, chrome: {chromedriverVersion: 119.0.6045.105 (38c72552c5e..., userDataDir: C:\Users\dP-PL\AppData\Loca...}, fedcm:accounts: true, goog:chromeOptions: {debuggerAddress: localhost:59484}, javascriptEnabled: true, networkConnectionEnabled: false, pageLoadStrategy: normal, platform: WINDOWS, platformName: WINDOWS, proxy: Proxy(), setWindowRect: true, strictFileInteractability: false, timeouts: {implicit: 0, pageLoad: 300000, script: 30000}, unhandledPromptBehavior: dismiss and notify, webauthn:extension:credBlob: true, webauthn:extension:largeBlob: true, webauthn:extension:minPinLength: true, webauthn:extension:prf: true, webauthn:virtualAuthenticators: true}
Session ID: d5456263b4ab31bc108dd6fe1f9d1739
2023-11-29 22:49:27,906 [main] ERROR XGLT_15177_Test - Element did not become visible within the specified time: Expected condition failed: waiting for helper.WaitUtility$5@21e1aca1 (tried for 30 second(s) with 500 milliseconds interval)
Build info: version: '3.141.59', revision: 'e82be7d358', time: '2018-11-14T08:17:03'
System info: host: 'DPLAP166', ip: '137.237.3.153', os.name: 'Windows 10', os.arch: 'amd64', os.version: '10.0', java.version: '19.0.1'
Driver info: org.openqa.selenium.support.events.EventFiringWebDriver
Capabilities {acceptInsecureCerts: true, browserName: chrome, browserVersion: 119.0.6045.200, chrome: {chromedriverVersion: 119.0.6045.105 (38c72552c5e..., userDataDir: C:\Users\dP-PL\AppData\Loca...}, fedcm:accounts: true, goog:chromeOptions: {debuggerAddress: localhost:59484}, javascriptEnabled: true, networkConnectionEnabled: false, pageLoadStrategy: normal, platform: WINDOWS, platformName: WINDOWS, proxy: Proxy(), setWindowRect: true, strictFileInteractability: false, timeouts: {implicit: 0, pageLoad: 300000, script: 30000}, unhandledPromptBehavior: dismiss and notify, webauthn:extension:credBlob: true, webauthn:extension:largeBlob: true, webauthn:extension:minPinLength: true, webauthn:extension:prf: true, webauthn:virtualAuthenticators: true}
Session ID: d5456263b4ab31bc108dd6fe1f9d1739
2023-11-29 22:49:27,906 [main] INFO  base.BaseClass - Trying to find Element By {by.toString()})
2023-11-29 22:49:27,925 [main] INFO  base.BaseClass - Found Element By {by.toString()}
2023-11-29 22:49:27,925 [main] INFO  base.BaseClass - Trying to click on: {element.toString()}
CreateNewHardRegion failed!
]]></system-out>
    <system-err><![CDATA[Starting ChromeDriver 119.0.6045.105 (38c72552c5e15ba9b3117c0967a0fd105072d7c6-refs/branch-heads/6045@{#1103}) on port 45674
Only local connections are allowed.
Please see https://chromedriver.chromium.org/security-considerations for suggestions on keeping ChromeDriver safe.
ChromeDriver was started successfully.
Nov 29, 2023 10:42:19 PM org.openqa.selenium.remote.ProtocolHandshake createSession
INFO: Detected dialect: W3C
]]></system-err>
  </testcase>
  <testcase name="CreateNewSoftRegion" classname="XGLT_6752_Test" time="31.698">
    <failure message="element click intercepted: Element &lt;div id=&quot;header.menuConfiguration&quot; ng-class=&quot;pressed&quot; class=&quot;defaultMenu headerMenu ecl-border-box headerMenuConfiguration&quot; data-cph=&quot;Iarrow&quot; ng-click=&quot;moveTo()&quot; ng-attr-url=&quot;{{menu.url}}&quot; ng-disabled=&quot;false&quot; main-menu-directive=&quot;&quot; ng-repeat=&quot;menu in headerMenus&quot; url=&quot;&quot;&gt;...&lt;/div&gt; is not clickable at point (760, 28). Other element would receive the click: &lt;div modal-render=&quot;true&quot; tabindex=&quot;-1&quot; role=&quot;dialog&quot; class=&quot;modal fade ng-isolate-scope overlay-theme overlay-theme-margin-top-100 in&quot; uib-modal-animation-class=&quot;fade&quot; modal-in-class=&quot;in&quot; ng-style=&quot;{&apos;z-index&apos;: 1050 + index*10, display: &apos;block&apos;}&quot; uib-modal-window=&quot;modal-window&quot; window-class=&quot; overlay-theme overlay-theme-margin-top-100&quot; size=&quot;300&quot; index=&quot;0&quot; animate=&quot;animate&quot; modal-animation=&quot;true&quot; style=&quot;z-index: 1050; display: block;&quot;&gt;...&lt;/div&gt;&#10;  (Session info: chrome=119.0.6045.200)&#10;Build info: version: &apos;3.141.59&apos;, revision: &apos;e82be7d358&apos;, time: &apos;2018-11-14T08:17:03&apos;&#10;System info: host: &apos;DPLAP166&apos;, ip: &apos;137.237.3.153&apos;, os.name: &apos;Windows 10&apos;, os.arch: &apos;amd64&apos;, os.version: &apos;10.0&apos;, java.version: &apos;19.0.1&apos;&#10;Driver info: org.openqa.selenium.chrome.ChromeDriver&#10;Capabilities {acceptInsecureCerts: true, browserName: chrome, browserVersion: 119.0.6045.200, chrome: {chromedriverVersion: 119.0.6045.105 (38c72552c5e..., userDataDir: C:\Users\dP-PL\AppData\Loca...}, fedcm:accounts: true, goog:chromeOptions: {debuggerAddress: localhost:59484}, javascriptEnabled: true, networkConnectionEnabled: false, pageLoadStrategy: normal, platform: WINDOWS, platformName: WINDOWS, proxy: Proxy(), setWindowRect: true, strictFileInteractability: false, timeouts: {implicit: 0, pageLoad: 300000, script: 30000}, unhandledPromptBehavior: dismiss and notify, webauthn:extension:credBlob: true, webauthn:extension:largeBlob: true, webauthn:extension:minPinLength: true, webauthn:extension:prf: true, webauthn:virtualAuthenticators: true}&#10;Session ID: d5456263b4ab31bc108dd6fe1f9d1739" type="org.openqa.selenium.ElementClickInterceptedException"><![CDATA[org.openqa.selenium.ElementClickInterceptedException: 
element click intercepted: Element <div id="header.menuConfiguration" ng-class="pressed" class="defaultMenu headerMenu ecl-border-box headerMenuConfiguration" data-cph="Iarrow" ng-click="moveTo()" ng-attr-url="{{menu.url}}" ng-disabled="false" main-menu-directive="" ng-repeat="menu in headerMenus" url="">...</div> is not clickable at point (760, 28). Other element would receive the click: <div modal-render="true" tabindex="-1" role="dialog" class="modal fade ng-isolate-scope overlay-theme overlay-theme-margin-top-100 in" uib-modal-animation-class="fade" modal-in-class="in" ng-style="{'z-index': 1050 + index*10, display: 'block'}" uib-modal-window="modal-window" window-class=" overlay-theme overlay-theme-margin-top-100" size="300" index="0" animate="animate" modal-animation="true" style="z-index: 1050; display: block;">...</div>
  (Session info: chrome=119.0.6045.200)
Build info: version: '3.141.59', revision: 'e82be7d358', time: '2018-11-14T08:17:03'
System info: host: 'DPLAP166', ip: '137.237.3.153', os.name: 'Windows 10', os.arch: 'amd64', os.version: '10.0', java.version: '19.0.1'
Driver info: org.openqa.selenium.chrome.ChromeDriver
Capabilities {acceptInsecureCerts: true, browserName: chrome, browserVersion: 119.0.6045.200, chrome: {chromedriverVersion: 119.0.6045.105 (38c72552c5e..., userDataDir: C:\Users\dP-PL\AppData\Loca...}, fedcm:accounts: true, goog:chromeOptions: {debuggerAddress: localhost:59484}, javascriptEnabled: true, networkConnectionEnabled: false, pageLoadStrategy: normal, platform: WINDOWS, platformName: WINDOWS, proxy: Proxy(), setWindowRect: true, strictFileInteractability: false, timeouts: {implicit: 0, pageLoad: 300000, script: 30000}, unhandledPromptBehavior: dismiss and notify, webauthn:extension:credBlob: true, webauthn:extension:largeBlob: true, webauthn:extension:minPinLength: true, webauthn:extension:prf: true, webauthn:virtualAuthenticators: true}
Session ID: d5456263b4ab31bc108dd6fe1f9d1739
	at java.base/jdk.internal.reflect.DirectConstructorHandleAccessor.newInstance(DirectConstructorHandleAccessor.java:67)
	at java.base/java.lang.reflect.Constructor.newInstanceWithCaller(Constructor.java:500)
	at java.base/java.lang.reflect.Constructor.newInstance(Constructor.java:484)
	at org.openqa.selenium.remote.http.W3CHttpResponseCodec.createException(W3CHttpResponseCodec.java:187)
	at org.openqa.selenium.remote.http.W3CHttpResponseCodec.decode(W3CHttpResponseCodec.java:122)
	at org.openqa.selenium.remote.http.W3CHttpResponseCodec.decode(W3CHttpResponseCodec.java:49)
	at org.openqa.selenium.remote.HttpCommandExecutor.execute(HttpCommandExecutor.java:158)
	at org.openqa.selenium.remote.service.DriverCommandExecutor.execute(DriverCommandExecutor.java:83)
	at org.openqa.selenium.remote.RemoteWebDriver.execute(RemoteWebDriver.java:552)
	at org.openqa.selenium.remote.RemoteWebElement.execute(RemoteWebElement.java:285)
	at org.openqa.selenium.remote.RemoteWebElement.click(RemoteWebElement.java:84)
	at java.base/jdk.internal.reflect.DirectMethodHandleAccessor.invoke(DirectMethodHandleAccessor.java:104)
	at java.base/java.lang.reflect.Method.invoke(Method.java:578)
	at org.openqa.selenium.support.events.EventFiringWebDriver$EventFiringWebElement.lambda$new$0(EventFiringWebDriver.java:404)
	at jdk.proxy2/jdk.proxy2.$Proxy29.click(Unknown Source)
	at org.openqa.selenium.support.events.EventFiringWebDriver$EventFiringWebElement.click(EventFiringWebDriver.java:417)
	at java.base/jdk.internal.reflect.DirectMethodHandleAccessor.invoke(DirectMethodHandleAccessor.java:104)
	at java.base/java.lang.reflect.Method.invoke(Method.java:578)
	at org.openqa.selenium.support.pagefactory.internal.LocatingElementHandler.invoke(LocatingElementHandler.java:51)
	at jdk.proxy2/jdk.proxy2.$Proxy28.click(Unknown Source)
	at helper.CommonUtility.clickElement(CommonUtility.java:11)
	at pages.RegionPage.addsoftregion(RegionPage.java:105)
	at XGLT_6752_Test.CreateNewSoftRegion(XGLT_6752_Test.java:11)
	at java.base/jdk.internal.reflect.DirectMethodHandleAccessor.invoke(DirectMethodHandleAccessor.java:104)
	at java.base/java.lang.reflect.Method.invoke(Method.java:578)
	at org.testng.internal.invokers.MethodInvocationHelper.invokeMethod(MethodInvocationHelper.java:139)
	at org.testng.internal.invokers.TestInvoker.invokeMethod(TestInvoker.java:677)
	at org.testng.internal.invokers.TestInvoker.invokeTestMethod(TestInvoker.java:221)
	at org.testng.internal.invokers.MethodRunner.runInSequence(MethodRunner.java:50)
	at org.testng.internal.invokers.TestInvoker$MethodInvocationAgent.invoke(TestInvoker.java:962)
	at org.testng.internal.invokers.TestInvoker.invokeTestMethods(TestInvoker.java:194)
	at org.testng.internal.invokers.TestMethodWorker.invokeTestMethods(TestMethodWorker.java:148)
	at org.testng.internal.invokers.TestMethodWorker.run(TestMethodWorker.java:128)
	at java.base/java.util.ArrayList.forEach(ArrayList.java:1511)
	at org.testng.TestRunner.privateRun(TestRunner.java:806)
	at org.testng.TestRunner.run(TestRunner.java:601)
	at org.testng.SuiteRunner.runTest(SuiteRunner.java:433)
	at org.testng.SuiteRunner.runSequentially(SuiteRunner.java:427)
	at org.testng.SuiteRunner.privateRun(SuiteRunner.java:387)
	at org.testng.SuiteRunner.run(SuiteRunner.java:330)
	at org.testng.SuiteRunnerWorker.runSuite(SuiteRunnerWorker.java:52)
	at org.testng.SuiteRunnerWorker.run(SuiteRunnerWorker.java:95)
	at org.testng.TestNG.runSuitesSequentially(TestNG.java:1256)
	at org.testng.TestNG.runSuitesLocally(TestNG.java:1176)
	at org.testng.TestNG.runSuites(TestNG.java:1099)
	at org.testng.TestNG.run(TestNG.java:1067)
	at org.apache.maven.surefire.testng.TestNGExecutor.run(TestNGExecutor.java:324)
	at org.apache.maven.surefire.testng.TestNGXmlTestSuite.execute(TestNGXmlTestSuite.java:74)
	at org.apache.maven.surefire.testng.TestNGProvider.invoke(TestNGProvider.java:123)
	at org.apache.maven.surefire.booter.ForkedBooter.runSuitesInProcess(ForkedBooter.java:456)
	at org.apache.maven.surefire.booter.ForkedBooter.execute(ForkedBooter.java:169)
	at org.apache.maven.surefire.booter.ForkedBooter.run(ForkedBooter.java:595)
	at org.apache.maven.surefire.booter.ForkedBooter.main(ForkedBooter.java:581)
]]></failure>
    <system-out><![CDATA[Before method Test name: Maintainance Tests
CreateNewSoftRegion started!
2023-11-29 22:49:29,269 [main] INFO  base.BaseClass - Trying to find Element By {by.toString()})
2023-11-29 22:49:29,290 [main] INFO  base.BaseClass - Found Element By {by.toString()}
2023-11-29 22:49:29,814 [main] INFO  base.BaseClass - Trying to find Element By {by.toString()})
2023-11-29 22:49:29,838 [main] INFO  base.BaseClass - Found Element By {by.toString()}
2023-11-29 22:49:30,379 [main] INFO  base.BaseClass - Trying to find Element By {by.toString()})
2023-11-29 22:49:30,403 [main] INFO  base.BaseClass - Found Element By {by.toString()}
2023-11-29 22:49:30,939 [main] INFO  base.BaseClass - Trying to find Element By {by.toString()})
2023-11-29 22:49:30,964 [main] INFO  base.BaseClass - Found Element By {by.toString()}
2023-11-29 22:49:31,500 [main] INFO  base.BaseClass - Trying to find Element By {by.toString()})
2023-11-29 22:49:31,525 [main] INFO  base.BaseClass - Found Element By {by.toString()}
2023-11-29 22:49:32,067 [main] INFO  base.BaseClass - Trying to find Element By {by.toString()})
2023-11-29 22:49:32,092 [main] INFO  base.BaseClass - Found Element By {by.toString()}
2023-11-29 22:49:32,632 [main] INFO  base.BaseClass - Trying to find Element By {by.toString()})
2023-11-29 22:49:32,656 [main] INFO  base.BaseClass - Found Element By {by.toString()}
2023-11-29 22:49:33,190 [main] INFO  base.BaseClass - Trying to find Element By {by.toString()})
2023-11-29 22:49:33,214 [main] INFO  base.BaseClass - Found Element By {by.toString()}
2023-11-29 22:49:33,747 [main] INFO  base.BaseClass - Trying to find Element By {by.toString()})
2023-11-29 22:49:33,772 [main] INFO  base.BaseClass - Found Element By {by.toString()}
2023-11-29 22:49:34,309 [main] INFO  base.BaseClass - Trying to find Element By {by.toString()})
2023-11-29 22:49:34,333 [main] INFO  base.BaseClass - Found Element By {by.toString()}
2023-11-29 22:49:34,882 [main] INFO  base.BaseClass - Trying to find Element By {by.toString()})
2023-11-29 22:49:34,908 [main] INFO  base.BaseClass - Found Element By {by.toString()}
2023-11-29 22:49:35,444 [main] INFO  base.BaseClass - Trying to find Element By {by.toString()})
2023-11-29 22:49:35,467 [main] INFO  base.BaseClass - Found Element By {by.toString()}
2023-11-29 22:49:36,002 [main] INFO  base.BaseClass - Trying to find Element By {by.toString()})
2023-11-29 22:49:36,024 [main] INFO  base.BaseClass - Found Element By {by.toString()}
2023-11-29 22:49:36,560 [main] INFO  base.BaseClass - Trying to find Element By {by.toString()})
2023-11-29 22:49:36,584 [main] INFO  base.BaseClass - Found Element By {by.toString()}
2023-11-29 22:49:37,123 [main] INFO  base.BaseClass - Trying to find Element By {by.toString()})
2023-11-29 22:49:37,144 [main] INFO  base.BaseClass - Found Element By {by.toString()}
2023-11-29 22:49:37,679 [main] INFO  base.BaseClass - Trying to find Element By {by.toString()})
2023-11-29 22:49:37,702 [main] INFO  base.BaseClass - Found Element By {by.toString()}
2023-11-29 22:49:38,252 [main] INFO  base.BaseClass - Trying to find Element By {by.toString()})
2023-11-29 22:49:38,277 [main] INFO  base.BaseClass - Found Element By {by.toString()}
2023-11-29 22:49:38,812 [main] INFO  base.BaseClass - Trying to find Element By {by.toString()})
2023-11-29 22:49:38,836 [main] INFO  base.BaseClass - Found Element By {by.toString()}
2023-11-29 22:49:39,374 [main] INFO  base.BaseClass - Trying to find Element By {by.toString()})
2023-11-29 22:49:39,399 [main] INFO  base.BaseClass - Found Element By {by.toString()}
2023-11-29 22:49:39,935 [main] INFO  base.BaseClass - Trying to find Element By {by.toString()})
2023-11-29 22:49:39,958 [main] INFO  base.BaseClass - Found Element By {by.toString()}
2023-11-29 22:49:40,492 [main] INFO  base.BaseClass - Trying to find Element By {by.toString()})
2023-11-29 22:49:40,515 [main] INFO  base.BaseClass - Found Element By {by.toString()}
2023-11-29 22:49:41,066 [main] INFO  base.BaseClass - Trying to find Element By {by.toString()})
2023-11-29 22:49:41,091 [main] INFO  base.BaseClass - Found Element By {by.toString()}
2023-11-29 22:49:41,625 [main] INFO  base.BaseClass - Trying to find Element By {by.toString()})
2023-11-29 22:49:41,647 [main] INFO  base.BaseClass - Found Element By {by.toString()}
2023-11-29 22:49:42,184 [main] INFO  base.BaseClass - Trying to find Element By {by.toString()})
2023-11-29 22:49:42,208 [main] INFO  base.BaseClass - Found Element By {by.toString()}
2023-11-29 22:49:42,740 [main] INFO  base.BaseClass - Trying to find Element By {by.toString()})
2023-11-29 22:49:42,763 [main] INFO  base.BaseClass - Found Element By {by.toString()}
2023-11-29 22:49:43,300 [main] INFO  base.BaseClass - Trying to find Element By {by.toString()})
2023-11-29 22:49:43,325 [main] INFO  base.BaseClass - Found Element By {by.toString()}
2023-11-29 22:49:43,869 [main] INFO  base.BaseClass - Trying to find Element By {by.toString()})
2023-11-29 22:49:43,893 [main] INFO  base.BaseClass - Found Element By {by.toString()}
2023-11-29 22:49:44,422 [main] INFO  base.BaseClass - Trying to find Element By {by.toString()})
2023-11-29 22:49:44,446 [main] INFO  base.BaseClass - Found Element By {by.toString()}
2023-11-29 22:49:44,982 [main] INFO  base.BaseClass - Trying to find Element By {by.toString()})
2023-11-29 22:49:45,005 [main] INFO  base.BaseClass - Found Element By {by.toString()}
2023-11-29 22:49:45,540 [main] INFO  base.BaseClass - Trying to find Element By {by.toString()})
2023-11-29 22:49:45,563 [main] INFO  base.BaseClass - Found Element By {by.toString()}
2023-11-29 22:49:46,104 [main] INFO  base.BaseClass - Trying to find Element By {by.toString()})
2023-11-29 22:49:46,127 [main] INFO  base.BaseClass - Found Element By {by.toString()}
2023-11-29 22:49:46,663 [main] INFO  base.BaseClass - Trying to find Element By {by.toString()})
2023-11-29 22:49:46,688 [main] INFO  base.BaseClass - Found Element By {by.toString()}
2023-11-29 22:49:47,221 [main] INFO  base.BaseClass - Trying to find Element By {by.toString()})
2023-11-29 22:49:47,245 [main] INFO  base.BaseClass - Found Element By {by.toString()}
2023-11-29 22:49:47,782 [main] INFO  base.BaseClass - Trying to find Element By {by.toString()})
2023-11-29 22:49:47,809 [main] INFO  base.BaseClass - Found Element By {by.toString()}
2023-11-29 22:49:48,343 [main] INFO  base.BaseClass - Trying to find Element By {by.toString()})
2023-11-29 22:49:48,365 [main] INFO  base.BaseClass - Found Element By {by.toString()}
2023-11-29 22:49:48,899 [main] INFO  base.BaseClass - Trying to find Element By {by.toString()})
2023-11-29 22:49:48,923 [main] INFO  base.BaseClass - Found Element By {by.toString()}
2023-11-29 22:49:49,458 [main] INFO  base.BaseClass - Trying to find Element By {by.toString()})
2023-11-29 22:49:49,481 [main] INFO  base.BaseClass - Found Element By {by.toString()}
2023-11-29 22:49:50,027 [main] INFO  base.BaseClass - Trying to find Element By {by.toString()})
2023-11-29 22:49:50,050 [main] INFO  base.BaseClass - Found Element By {by.toString()}
2023-11-29 22:49:50,588 [main] INFO  base.BaseClass - Trying to find Element By {by.toString()})
2023-11-29 22:49:50,612 [main] INFO  base.BaseClass - Found Element By {by.toString()}
2023-11-29 22:49:51,149 [main] INFO  base.BaseClass - Trying to find Element By {by.toString()})
2023-11-29 22:49:51,175 [main] INFO  base.BaseClass - Found Element By {by.toString()}
2023-11-29 22:49:51,712 [main] INFO  base.BaseClass - Trying to find Element By {by.toString()})
2023-11-29 22:49:51,736 [main] INFO  base.BaseClass - Found Element By {by.toString()}
2023-11-29 22:49:52,272 [main] INFO  base.BaseClass - Trying to find Element By {by.toString()})
2023-11-29 22:49:52,296 [main] INFO  base.BaseClass - Found Element By {by.toString()}
2023-11-29 22:49:52,829 [main] INFO  base.BaseClass - Trying to find Element By {by.toString()})
2023-11-29 22:49:52,852 [main] INFO  base.BaseClass - Found Element By {by.toString()}
2023-11-29 22:49:53,390 [main] INFO  base.BaseClass - Trying to find Element By {by.toString()})
2023-11-29 22:49:53,413 [main] INFO  base.BaseClass - Found Element By {by.toString()}
2023-11-29 22:49:53,946 [main] INFO  base.BaseClass - Trying to find Element By {by.toString()})
2023-11-29 22:49:53,970 [main] INFO  base.BaseClass - Found Element By {by.toString()}
2023-11-29 22:49:54,499 [main] INFO  base.BaseClass - Trying to find Element By {by.toString()})
2023-11-29 22:49:54,523 [main] INFO  base.BaseClass - Found Element By {by.toString()}
2023-11-29 22:49:55,058 [main] INFO  base.BaseClass - Trying to find Element By {by.toString()})
2023-11-29 22:49:55,081 [main] INFO  base.BaseClass - Found Element By {by.toString()}
2023-11-29 22:49:55,615 [main] INFO  base.BaseClass - Trying to find Element By {by.toString()})
2023-11-29 22:49:55,640 [main] INFO  base.BaseClass - Found Element By {by.toString()}
2023-11-29 22:49:56,171 [main] INFO  base.BaseClass - Trying to find Element By {by.toString()})
2023-11-29 22:49:56,195 [main] INFO  base.BaseClass - Found Element By {by.toString()}
2023-11-29 22:49:56,730 [main] INFO  base.BaseClass - Trying to find Element By {by.toString()})
2023-11-29 22:49:56,753 [main] INFO  base.BaseClass - Found Element By {by.toString()}
2023-11-29 22:49:57,288 [main] INFO  base.BaseClass - Trying to find Element By {by.toString()})
2023-11-29 22:49:57,311 [main] INFO  base.BaseClass - Found Element By {by.toString()}
2023-11-29 22:49:57,846 [main] INFO  base.BaseClass - Trying to find Element By {by.toString()})
2023-11-29 22:49:57,870 [main] INFO  base.BaseClass - Found Element By {by.toString()}
2023-11-29 22:49:58,404 [main] INFO  base.BaseClass - Trying to find Element By {by.toString()})
2023-11-29 22:49:58,430 [main] INFO  base.BaseClass - Found Element By {by.toString()}
2023-11-29 22:49:58,966 [main] INFO  base.BaseClass - Trying to find Element By {by.toString()})
2023-11-29 22:49:58,988 [main] INFO  base.BaseClass - Found Element By {by.toString()}
2023-11-29 22:49:59,523 [main] INFO  base.BaseClass - Trying to find Element By {by.toString()})
2023-11-29 22:49:59,546 [main] INFO  base.BaseClass - Found Element By {by.toString()}
TimeoutException occurred: Expected condition failed: waiting for helper.WaitUtility$5@76f2e82c (tried for 30 second(s) with 500 milliseconds interval)
Build info: version: '3.141.59', revision: 'e82be7d358', time: '2018-11-14T08:17:03'
System info: host: 'DPLAP166', ip: '137.237.3.153', os.name: 'Windows 10', os.arch: 'amd64', os.version: '10.0', java.version: '19.0.1'
Driver info: org.openqa.selenium.support.events.EventFiringWebDriver
Capabilities {acceptInsecureCerts: true, browserName: chrome, browserVersion: 119.0.6045.200, chrome: {chromedriverVersion: 119.0.6045.105 (38c72552c5e..., userDataDir: C:\Users\dP-PL\AppData\Loca...}, fedcm:accounts: true, goog:chromeOptions: {debuggerAddress: localhost:59484}, javascriptEnabled: true, networkConnectionEnabled: false, pageLoadStrategy: normal, platform: WINDOWS, platformName: WINDOWS, proxy: Proxy(), setWindowRect: true, strictFileInteractability: false, timeouts: {implicit: 0, pageLoad: 300000, script: 30000}, unhandledPromptBehavior: dismiss and notify, webauthn:extension:credBlob: true, webauthn:extension:largeBlob: true, webauthn:extension:minPinLength: true, webauthn:extension:prf: true, webauthn:virtualAuthenticators: true}
Session ID: d5456263b4ab31bc108dd6fe1f9d1739
2023-11-29 22:49:59,581 [main] ERROR XGLT_15177_Test - Element did not become visible within the specified time: Expected condition failed: waiting for helper.WaitUtility$5@76f2e82c (tried for 30 second(s) with 500 milliseconds interval)
Build info: version: '3.141.59', revision: 'e82be7d358', time: '2018-11-14T08:17:03'
System info: host: 'DPLAP166', ip: '137.237.3.153', os.name: 'Windows 10', os.arch: 'amd64', os.version: '10.0', java.version: '19.0.1'
Driver info: org.openqa.selenium.support.events.EventFiringWebDriver
Capabilities {acceptInsecureCerts: true, browserName: chrome, browserVersion: 119.0.6045.200, chrome: {chromedriverVersion: 119.0.6045.105 (38c72552c5e..., userDataDir: C:\Users\dP-PL\AppData\Loca...}, fedcm:accounts: true, goog:chromeOptions: {debuggerAddress: localhost:59484}, javascriptEnabled: true, networkConnectionEnabled: false, pageLoadStrategy: normal, platform: WINDOWS, platformName: WINDOWS, proxy: Proxy(), setWindowRect: true, strictFileInteractability: false, timeouts: {implicit: 0, pageLoad: 300000, script: 30000}, unhandledPromptBehavior: dismiss and notify, webauthn:extension:credBlob: true, webauthn:extension:largeBlob: true, webauthn:extension:minPinLength: true, webauthn:extension:prf: true, webauthn:virtualAuthenticators: true}
Session ID: d5456263b4ab31bc108dd6fe1f9d1739
2023-11-29 22:49:59,581 [main] INFO  base.BaseClass - Trying to find Element By {by.toString()})
2023-11-29 22:49:59,602 [main] INFO  base.BaseClass - Found Element By {by.toString()}
2023-11-29 22:49:59,602 [main] INFO  base.BaseClass - Trying to click on: {element.toString()}
CreateNewSoftRegion failed!
]]></system-out>
  </testcase>
  <testcase name="login" classname="XGLT_6666_Test" time="42.726">
    <failure message="unknown error: net::ERR_CONNECTION_REFUSED&#10;  (Session info: chrome=119.0.6045.200)&#10;Build info: version: &apos;3.141.59&apos;, revision: &apos;e82be7d358&apos;, time: &apos;2018-11-14T08:17:03&apos;&#10;System info: host: &apos;DPLAP166&apos;, ip: &apos;137.237.3.153&apos;, os.name: &apos;Windows 10&apos;, os.arch: &apos;amd64&apos;, os.version: &apos;10.0&apos;, java.version: &apos;19.0.1&apos;&#10;Driver info: org.openqa.selenium.chrome.ChromeDriver&#10;Capabilities {acceptInsecureCerts: true, browserName: chrome, browserVersion: 119.0.6045.200, chrome: {chromedriverVersion: 119.0.6045.105 (38c72552c5e..., userDataDir: C:\Users\dP-PL\AppData\Loca...}, fedcm:accounts: true, goog:chromeOptions: {debuggerAddress: localhost:60512}, javascriptEnabled: true, networkConnectionEnabled: false, pageLoadStrategy: normal, platform: WINDOWS, platformName: WINDOWS, proxy: Proxy(), setWindowRect: true, strictFileInteractability: false, timeouts: {implicit: 0, pageLoad: 300000, script: 30000}, unhandledPromptBehavior: dismiss and notify, webauthn:extension:credBlob: true, webauthn:extension:largeBlob: true, webauthn:extension:minPinLength: true, webauthn:extension:prf: true, webauthn:virtualAuthenticators: true}&#10;Session ID: e40a74a492a4af9660c8166291b30f77" type="org.openqa.selenium.WebDriverException"><![CDATA[org.openqa.selenium.WebDriverException: 
unknown error: net::ERR_CONNECTION_REFUSED
  (Session info: chrome=119.0.6045.200)
Build info: version: '3.141.59', revision: 'e82be7d358', time: '2018-11-14T08:17:03'
System info: host: 'DPLAP166', ip: '137.237.3.153', os.name: 'Windows 10', os.arch: 'amd64', os.version: '10.0', java.version: '19.0.1'
Driver info: org.openqa.selenium.chrome.ChromeDriver
Capabilities {acceptInsecureCerts: true, browserName: chrome, browserVersion: 119.0.6045.200, chrome: {chromedriverVersion: 119.0.6045.105 (38c72552c5e..., userDataDir: C:\Users\dP-PL\AppData\Loca...}, fedcm:accounts: true, goog:chromeOptions: {debuggerAddress: localhost:60512}, javascriptEnabled: true, networkConnectionEnabled: false, pageLoadStrategy: normal, platform: WINDOWS, platformName: WINDOWS, proxy: Proxy(), setWindowRect: true, strictFileInteractability: false, timeouts: {implicit: 0, pageLoad: 300000, script: 30000}, unhandledPromptBehavior: dismiss and notify, webauthn:extension:credBlob: true, webauthn:extension:largeBlob: true, webauthn:extension:minPinLength: true, webauthn:extension:prf: true, webauthn:virtualAuthenticators: true}
Session ID: e40a74a492a4af9660c8166291b30f77
	at java.base/jdk.internal.reflect.DirectConstructorHandleAccessor.newInstance(DirectConstructorHandleAccessor.java:67)
	at java.base/java.lang.reflect.Constructor.newInstanceWithCaller(Constructor.java:500)
	at java.base/java.lang.reflect.Constructor.newInstance(Constructor.java:484)
	at org.openqa.selenium.remote.http.W3CHttpResponseCodec.createException(W3CHttpResponseCodec.java:187)
	at org.openqa.selenium.remote.http.W3CHttpResponseCodec.decode(W3CHttpResponseCodec.java:122)
	at org.openqa.selenium.remote.http.W3CHttpResponseCodec.decode(W3CHttpResponseCodec.java:49)
	at org.openqa.selenium.remote.HttpCommandExecutor.execute(HttpCommandExecutor.java:158)
	at org.openqa.selenium.remote.service.DriverCommandExecutor.execute(DriverCommandExecutor.java:83)
	at org.openqa.selenium.remote.RemoteWebDriver.execute(RemoteWebDriver.java:552)
	at org.openqa.selenium.remote.RemoteWebDriver.get(RemoteWebDriver.java:277)
	at java.base/jdk.internal.reflect.DirectMethodHandleAccessor.invoke(DirectMethodHandleAccessor.java:104)
	at java.base/java.lang.reflect.Method.invoke(Method.java:578)
	at org.openqa.selenium.support.events.EventFiringWebDriver.lambda$new$1(EventFiringWebDriver.java:105)
	at jdk.proxy2/jdk.proxy2.$Proxy25.get(Unknown Source)
	at org.openqa.selenium.support.events.EventFiringWebDriver.get(EventFiringWebDriver.java:165)
	at browserfactory.BrowserFactory.startBrowser(BrowserFactory.java:56)
	at base.BaseClass.setupBrowser(BaseClass.java:65)
	at base.BaseClass.LoginXGL(BaseClass.java:71)
	at base.BaseClass.login(BaseClass.java:88)
	at java.base/jdk.internal.reflect.DirectMethodHandleAccessor.invoke(DirectMethodHandleAccessor.java:104)
	at java.base/java.lang.reflect.Method.invoke(Method.java:578)
	at org.testng.internal.invokers.MethodInvocationHelper.invokeMethod(MethodInvocationHelper.java:139)
	at org.testng.internal.invokers.MethodInvocationHelper.invokeMethodConsideringTimeout(MethodInvocationHelper.java:69)
	at org.testng.internal.invokers.ConfigInvoker.invokeConfigurationMethod(ConfigInvoker.java:361)
	at org.testng.internal.invokers.ConfigInvoker.invokeConfigurations(ConfigInvoker.java:296)
	at org.testng.internal.invokers.TestMethodWorker.invokeBeforeClassMethods(TestMethodWorker.java:180)
	at org.testng.internal.invokers.TestMethodWorker.run(TestMethodWorker.java:122)
	at java.base/java.util.ArrayList.forEach(ArrayList.java:1511)
	at org.testng.TestRunner.privateRun(TestRunner.java:806)
	at org.testng.TestRunner.run(TestRunner.java:601)
	at org.testng.SuiteRunner.runTest(SuiteRunner.java:433)
	at org.testng.SuiteRunner.runSequentially(SuiteRunner.java:427)
	at org.testng.SuiteRunner.privateRun(SuiteRunner.java:387)
	at org.testng.SuiteRunner.run(SuiteRunner.java:330)
	at org.testng.SuiteRunnerWorker.runSuite(SuiteRunnerWorker.java:52)
	at org.testng.SuiteRunnerWorker.run(SuiteRunnerWorker.java:95)
	at org.testng.TestNG.runSuitesSequentially(TestNG.java:1256)
	at org.testng.TestNG.runSuitesLocally(TestNG.java:1176)
	at org.testng.TestNG.runSuites(TestNG.java:1099)
	at org.testng.TestNG.run(TestNG.java:1067)
	at org.apache.maven.surefire.testng.TestNGExecutor.run(TestNGExecutor.java:324)
	at org.apache.maven.surefire.testng.TestNGXmlTestSuite.execute(TestNGXmlTestSuite.java:74)
	at org.apache.maven.surefire.testng.TestNGProvider.invoke(TestNGProvider.java:123)
	at org.apache.maven.surefire.booter.ForkedBooter.runSuitesInProcess(ForkedBooter.java:456)
	at org.apache.maven.surefire.booter.ForkedBooter.execute(ForkedBooter.java:169)
	at org.apache.maven.surefire.booter.ForkedBooter.run(ForkedBooter.java:595)
	at org.apache.maven.surefire.booter.ForkedBooter.main(ForkedBooter.java:581)
]]></failure>
    <system-out><![CDATA[2023-11-29 22:50:00,921 [main] INFO  XGLT_15177_Test - closing up browser
2023-11-29 22:50:01,392 [main] INFO  base.BaseClass - Login to XGL
2023-11-29 22:50:01,393 [main] INFO  XGLT_15177_Test - Setting up browser
2023-11-29 22:50:01,402 [main] INFO  io.github.bonigarcia.wdm.WebDriverManager - Using chromedriver 119.0.6045.105 (resolved driver for Chrome 119)
2023-11-29 22:50:01,417 [main] INFO  io.github.bonigarcia.wdm.WebDriverManager - Exporting webdriver.chrome.driver as C:\Users\dP-PL\.cache\selenium\chromedriver\win64\119.0.6045.105\chromedriver.exe
2023-11-29 22:50:02,598 [main] INFO  base.BaseClass - Before navigating to {url}
]]></system-out>
    <system-err><![CDATA[Starting ChromeDriver 119.0.6045.105 (38c72552c5e15ba9b3117c0967a0fd105072d7c6-refs/branch-heads/6045@{#1103}) on port 40672
Only local connections are allowed.
Please see https://chromedriver.chromium.org/security-considerations for suggestions on keeping ChromeDriver safe.
ChromeDriver was started successfully.
Nov 29, 2023 10:50:02 PM org.openqa.selenium.remote.ProtocolHandshake createSession
INFO: Detected dialect: W3C
]]></system-err>
  </testcase>
  <testcase name="name" classname="XGLT_6666_Test" time="0">
    <skipped/>
  </testcase>
  <testcase name="CreateNewStandardCust" classname="XGLT_6666_Test" time="0">
    <skipped message="unknown error: net::ERR_CONNECTION_REFUSED&#10;  (Session info: chrome=119.0.6045.200)&#10;Build info: version: &apos;3.141.59&apos;, revision: &apos;e82be7d358&apos;, time: &apos;2018-11-14T08:17:03&apos;&#10;System info: host: &apos;DPLAP166&apos;, ip: &apos;137.237.3.153&apos;, os.name: &apos;Windows 10&apos;, os.arch: &apos;amd64&apos;, os.version: &apos;10.0&apos;, java.version: &apos;19.0.1&apos;&#10;Driver info: org.openqa.selenium.chrome.ChromeDriver&#10;Capabilities {acceptInsecureCerts: true, browserName: chrome, browserVersion: 119.0.6045.200, chrome: {chromedriverVersion: 119.0.6045.105 (38c72552c5e..., userDataDir: C:\Users\dP-PL\AppData\Loca...}, fedcm:accounts: true, goog:chromeOptions: {debuggerAddress: localhost:60512}, javascriptEnabled: true, networkConnectionEnabled: false, pageLoadStrategy: normal, platform: WINDOWS, platformName: WINDOWS, proxy: Proxy(), setWindowRect: true, strictFileInteractability: false, timeouts: {implicit: 0, pageLoad: 300000, script: 30000}, unhandledPromptBehavior: dismiss and notify, webauthn:extension:credBlob: true, webauthn:extension:largeBlob: true, webauthn:extension:minPinLength: true, webauthn:extension:prf: true, webauthn:virtualAuthenticators: true}&#10;Session ID: e40a74a492a4af9660c8166291b30f77"/>
    <system-out><![CDATA[CreateNewStandardCust started!
CreateNewStandardCust skipped!
]]></system-out>
  </testcase>
  <testcase name="closeBrowser" classname="XGLT_6666_Test" time="0">
    <skipped/>
  </testcase>
  <testcase name="login" classname="XGLT_6672_Test" time="8.476">
    <failure message="unknown error: net::ERR_CONNECTION_REFUSED&#10;  (Session info: chrome=119.0.6045.200)&#10;Build info: version: &apos;3.141.59&apos;, revision: &apos;e82be7d358&apos;, time: &apos;2018-11-14T08:17:03&apos;&#10;System info: host: &apos;DPLAP166&apos;, ip: &apos;137.237.3.153&apos;, os.name: &apos;Windows 10&apos;, os.arch: &apos;amd64&apos;, os.version: &apos;10.0&apos;, java.version: &apos;19.0.1&apos;&#10;Driver info: org.openqa.selenium.chrome.ChromeDriver&#10;Capabilities {acceptInsecureCerts: true, browserName: chrome, browserVersion: 119.0.6045.200, chrome: {chromedriverVersion: 119.0.6045.105 (38c72552c5e..., userDataDir: C:\Users\dP-PL\AppData\Loca...}, fedcm:accounts: true, goog:chromeOptions: {debuggerAddress: localhost:60552}, javascriptEnabled: true, networkConnectionEnabled: false, pageLoadStrategy: normal, platform: WINDOWS, platformName: WINDOWS, proxy: Proxy(), setWindowRect: true, strictFileInteractability: false, timeouts: {implicit: 0, pageLoad: 300000, script: 30000}, unhandledPromptBehavior: dismiss and notify, webauthn:extension:credBlob: true, webauthn:extension:largeBlob: true, webauthn:extension:minPinLength: true, webauthn:extension:prf: true, webauthn:virtualAuthenticators: true}&#10;Session ID: b932f3b5607a909c43c17bb8dec92db0" type="org.openqa.selenium.WebDriverException"><![CDATA[org.openqa.selenium.WebDriverException: 
unknown error: net::ERR_CONNECTION_REFUSED
  (Session info: chrome=119.0.6045.200)
Build info: version: '3.141.59', revision: 'e82be7d358', time: '2018-11-14T08:17:03'
System info: host: 'DPLAP166', ip: '137.237.3.153', os.name: 'Windows 10', os.arch: 'amd64', os.version: '10.0', java.version: '19.0.1'
Driver info: org.openqa.selenium.chrome.ChromeDriver
Capabilities {acceptInsecureCerts: true, browserName: chrome, browserVersion: 119.0.6045.200, chrome: {chromedriverVersion: 119.0.6045.105 (38c72552c5e..., userDataDir: C:\Users\dP-PL\AppData\Loca...}, fedcm:accounts: true, goog:chromeOptions: {debuggerAddress: localhost:60552}, javascriptEnabled: true, networkConnectionEnabled: false, pageLoadStrategy: normal, platform: WINDOWS, platformName: WINDOWS, proxy: Proxy(), setWindowRect: true, strictFileInteractability: false, timeouts: {implicit: 0, pageLoad: 300000, script: 30000}, unhandledPromptBehavior: dismiss and notify, webauthn:extension:credBlob: true, webauthn:extension:largeBlob: true, webauthn:extension:minPinLength: true, webauthn:extension:prf: true, webauthn:virtualAuthenticators: true}
Session ID: b932f3b5607a909c43c17bb8dec92db0
	at java.base/jdk.internal.reflect.DirectConstructorHandleAccessor.newInstance(DirectConstructorHandleAccessor.java:67)
	at java.base/java.lang.reflect.Constructor.newInstanceWithCaller(Constructor.java:500)
	at java.base/java.lang.reflect.Constructor.newInstance(Constructor.java:484)
	at org.openqa.selenium.remote.http.W3CHttpResponseCodec.createException(W3CHttpResponseCodec.java:187)
	at org.openqa.selenium.remote.http.W3CHttpResponseCodec.decode(W3CHttpResponseCodec.java:122)
	at org.openqa.selenium.remote.http.W3CHttpResponseCodec.decode(W3CHttpResponseCodec.java:49)
	at org.openqa.selenium.remote.HttpCommandExecutor.execute(HttpCommandExecutor.java:158)
	at org.openqa.selenium.remote.service.DriverCommandExecutor.execute(DriverCommandExecutor.java:83)
	at org.openqa.selenium.remote.RemoteWebDriver.execute(RemoteWebDriver.java:552)
	at org.openqa.selenium.remote.RemoteWebDriver.get(RemoteWebDriver.java:277)
	at java.base/jdk.internal.reflect.DirectMethodHandleAccessor.invoke(DirectMethodHandleAccessor.java:104)
	at java.base/java.lang.reflect.Method.invoke(Method.java:578)
	at org.openqa.selenium.support.events.EventFiringWebDriver.lambda$new$1(EventFiringWebDriver.java:105)
	at jdk.proxy2/jdk.proxy2.$Proxy25.get(Unknown Source)
	at org.openqa.selenium.support.events.EventFiringWebDriver.get(EventFiringWebDriver.java:165)
	at browserfactory.BrowserFactory.startBrowser(BrowserFactory.java:56)
	at base.BaseClass.setupBrowser(BaseClass.java:65)
	at base.BaseClass.LoginXGL(BaseClass.java:71)
	at base.BaseClass.login(BaseClass.java:88)
	at java.base/jdk.internal.reflect.DirectMethodHandleAccessor.invoke(DirectMethodHandleAccessor.java:104)
	at java.base/java.lang.reflect.Method.invoke(Method.java:578)
	at org.testng.internal.invokers.MethodInvocationHelper.invokeMethod(MethodInvocationHelper.java:139)
	at org.testng.internal.invokers.MethodInvocationHelper.invokeMethodConsideringTimeout(MethodInvocationHelper.java:69)
	at org.testng.internal.invokers.ConfigInvoker.invokeConfigurationMethod(ConfigInvoker.java:361)
	at org.testng.internal.invokers.ConfigInvoker.invokeConfigurations(ConfigInvoker.java:296)
	at org.testng.internal.invokers.TestMethodWorker.invokeBeforeClassMethods(TestMethodWorker.java:180)
	at org.testng.internal.invokers.TestMethodWorker.run(TestMethodWorker.java:122)
	at java.base/java.util.ArrayList.forEach(ArrayList.java:1511)
	at org.testng.TestRunner.privateRun(TestRunner.java:806)
	at org.testng.TestRunner.run(TestRunner.java:601)
	at org.testng.SuiteRunner.runTest(SuiteRunner.java:433)
	at org.testng.SuiteRunner.runSequentially(SuiteRunner.java:427)
	at org.testng.SuiteRunner.privateRun(SuiteRunner.java:387)
	at org.testng.SuiteRunner.run(SuiteRunner.java:330)
	at org.testng.SuiteRunnerWorker.runSuite(SuiteRunnerWorker.java:52)
	at org.testng.SuiteRunnerWorker.run(SuiteRunnerWorker.java:95)
	at org.testng.TestNG.runSuitesSequentially(TestNG.java:1256)
	at org.testng.TestNG.runSuitesLocally(TestNG.java:1176)
	at org.testng.TestNG.runSuites(TestNG.java:1099)
	at org.testng.TestNG.run(TestNG.java:1067)
	at org.apache.maven.surefire.testng.TestNGExecutor.run(TestNGExecutor.java:324)
	at org.apache.maven.surefire.testng.TestNGXmlTestSuite.execute(TestNGXmlTestSuite.java:74)
	at org.apache.maven.surefire.testng.TestNGProvider.invoke(TestNGProvider.java:123)
	at org.apache.maven.surefire.booter.ForkedBooter.runSuitesInProcess(ForkedBooter.java:456)
	at org.apache.maven.surefire.booter.ForkedBooter.execute(ForkedBooter.java:169)
	at org.apache.maven.surefire.booter.ForkedBooter.run(ForkedBooter.java:595)
	at org.apache.maven.surefire.booter.ForkedBooter.main(ForkedBooter.java:581)
]]></failure>
    <system-out><![CDATA[2023-11-29 22:50:11,960 [main] INFO  base.BaseClass - Login to XGL
2023-11-29 22:50:11,960 [main] INFO  XGLT_15177_Test - Setting up browser
2023-11-29 22:50:11,985 [main] INFO  io.github.bonigarcia.wdm.WebDriverManager - Using chromedriver 119.0.6045.105 (resolved driver for Chrome 119)
2023-11-29 22:50:12,013 [main] INFO  io.github.bonigarcia.wdm.WebDriverManager - Exporting webdriver.chrome.driver as C:\Users\dP-PL\.cache\selenium\chromedriver\win64\119.0.6045.105\chromedriver.exe
2023-11-29 22:50:13,252 [main] INFO  base.BaseClass - Before navigating to {url}
]]></system-out>
    <system-err><![CDATA[Starting ChromeDriver 119.0.6045.105 (38c72552c5e15ba9b3117c0967a0fd105072d7c6-refs/branch-heads/6045@{#1103}) on port 21635
Only local connections are allowed.
Please see https://chromedriver.chromium.org/security-considerations for suggestions on keeping ChromeDriver safe.
ChromeDriver was started successfully.
Nov 29, 2023 10:50:13 PM org.openqa.selenium.remote.ProtocolHandshake createSession
INFO: Detected dialect: W3C
]]></system-err>
  </testcase>
  <testcase name="name" classname="XGLT_6672_Test" time="0">
    <skipped/>
  </testcase>
  <testcase name="CreateAdcopyoflen15" classname="XGLT_6672_Test" time="0">
    <skipped message="unknown error: net::ERR_CONNECTION_REFUSED&#10;  (Session info: chrome=119.0.6045.200)&#10;Build info: version: &apos;3.141.59&apos;, revision: &apos;e82be7d358&apos;, time: &apos;2018-11-14T08:17:03&apos;&#10;System info: host: &apos;DPLAP166&apos;, ip: &apos;137.237.3.153&apos;, os.name: &apos;Windows 10&apos;, os.arch: &apos;amd64&apos;, os.version: &apos;10.0&apos;, java.version: &apos;19.0.1&apos;&#10;Driver info: org.openqa.selenium.chrome.ChromeDriver&#10;Capabilities {acceptInsecureCerts: true, browserName: chrome, browserVersion: 119.0.6045.200, chrome: {chromedriverVersion: 119.0.6045.105 (38c72552c5e..., userDataDir: C:\Users\dP-PL\AppData\Loca...}, fedcm:accounts: true, goog:chromeOptions: {debuggerAddress: localhost:60552}, javascriptEnabled: true, networkConnectionEnabled: false, pageLoadStrategy: normal, platform: WINDOWS, platformName: WINDOWS, proxy: Proxy(), setWindowRect: true, strictFileInteractability: false, timeouts: {implicit: 0, pageLoad: 300000, script: 30000}, unhandledPromptBehavior: dismiss and notify, webauthn:extension:credBlob: true, webauthn:extension:largeBlob: true, webauthn:extension:minPinLength: true, webauthn:extension:prf: true, webauthn:virtualAuthenticators: true}&#10;Session ID: b932f3b5607a909c43c17bb8dec92db0"/>
    <system-out><![CDATA[CreateAdcopyoflen15 started!
CreateAdcopyoflen15 skipped!
]]></system-out>
  </testcase>
  <testcase name="closeBrowser" classname="XGLT_6672_Test" time="0">
    <skipped/>
  </testcase>
</testsuite>