<?xml version="1.0" encoding="UTF-8"?>
<testsuite xmlns:xsi="http://www.w3.org/2001/XMLSchema-instance" xsi:noNamespaceSchemaLocation="https://maven.apache.org/surefire/maven-surefire-plugin/xsd/surefire-test-report-3.0.xsd" version="3.0" name="TestSuite" time="494.489" tests="2" errors="0" skipped="0" failures="0">
  <properties>
    <property name="java.specification.version" value="19"/>
    <property name="webdriver.chrome.driver" value="C:\Users\dP-PL\.cache\selenium\chromedriver\win64\122.0.6261.94\chromedriver.exe"/>
    <property name="sun.cpu.isalist" value="amd64"/>
    <property name="sun.jnu.encoding" value="Cp1252"/>
    <property name="java.class.path" value="D:\XGL Final\XGLFinal\target\test-classes;D:\XGL Final\XGLFinal\target\classes;C:\Users\dP-PL\.m2\repository\org\seleniumhq\selenium\selenium-java\3.141.59\selenium-java-3.141.59.jar;C:\Users\dP-PL\.m2\repository\org\seleniumhq\selenium\selenium-api\3.141.59\selenium-api-3.141.59.jar;C:\Users\dP-PL\.m2\repository\org\seleniumhq\selenium\selenium-chrome-driver\3.141.59\selenium-chrome-driver-3.141.59.jar;C:\Users\dP-PL\.m2\repository\org\seleniumhq\selenium\selenium-edge-driver\3.141.59\selenium-edge-driver-3.141.59.jar;C:\Users\dP-PL\.m2\repository\org\seleniumhq\selenium\selenium-firefox-driver\3.141.59\selenium-firefox-driver-3.141.59.jar;C:\Users\dP-PL\.m2\repository\org\seleniumhq\selenium\selenium-ie-driver\3.141.59\selenium-ie-driver-3.141.59.jar;C:\Users\dP-PL\.m2\repository\org\seleniumhq\selenium\selenium-opera-driver\3.141.59\selenium-opera-driver-3.141.59.jar;C:\Users\dP-PL\.m2\repository\org\seleniumhq\selenium\selenium-remote-driver\3.141.59\selenium-remote-driver-3.141.59.jar;C:\Users\dP-PL\.m2\repository\org\seleniumhq\selenium\selenium-safari-driver\3.141.59\selenium-safari-driver-3.141.59.jar;C:\Users\dP-PL\.m2\repository\org\seleniumhq\selenium\selenium-support\3.141.59\selenium-support-3.141.59.jar;C:\Users\dP-PL\.m2\repository\net\bytebuddy\byte-buddy\1.8.15\byte-buddy-1.8.15.jar;C:\Users\dP-PL\.m2\repository\org\apache\commons\commons-exec\1.3\commons-exec-1.3.jar;C:\Users\dP-PL\.m2\repository\com\google\guava\guava\25.0-jre\guava-25.0-jre.jar;C:\Users\dP-PL\.m2\repository\org\checkerframework\checker-compat-qual\2.0.0\checker-compat-qual-2.0.0.jar;C:\Users\dP-PL\.m2\repository\com\google\errorprone\error_prone_annotations\2.1.3\error_prone_annotations-2.1.3.jar;C:\Users\dP-PL\.m2\repository\com\google\j2objc\j2objc-annotations\1.1\j2objc-annotations-1.1.jar;C:\Users\dP-PL\.m2\repository\org\codehaus\mojo\animal-sniffer-annotations\1.14\animal-sniffer-annotations-1.14.jar;C:\Users\dP-PL\.m2\repository\com\squareup\okhttp3\okhttp\3.11.0\okhttp-3.11.0.jar;C:\Users\dP-PL\.m2\repository\com\squareup\okio\okio\1.14.0\okio-1.14.0.jar;C:\Users\dP-PL\.m2\repository\org\seleniumhq\selenium\selenium-http-jdk-client\4.8.1\selenium-http-jdk-client-4.8.1.jar;C:\Users\dP-PL\.m2\repository\com\google\auto\service\auto-service-annotations\1.0.1\auto-service-annotations-1.0.1.jar;C:\Users\dP-PL\.m2\repository\com\google\auto\service\auto-service\1.0.1\auto-service-1.0.1.jar;C:\Users\dP-PL\.m2\repository\com\google\auto\auto-common\1.2\auto-common-1.2.jar;C:\Users\dP-PL\.m2\repository\org\seleniumhq\selenium\selenium-http\4.8.1\selenium-http-4.8.1.jar;C:\Users\dP-PL\.m2\repository\dev\failsafe\failsafe\3.3.0\failsafe-3.3.0.jar;C:\Users\dP-PL\.m2\repository\org\seleniumhq\selenium\selenium-json\4.8.1\selenium-json-4.8.1.jar;C:\Users\dP-PL\.m2\repository\io\github\bonigarcia\webdrivermanager\5.5.3\webdrivermanager-5.5.3.jar;C:\Users\dP-PL\.m2\repository\com\github\docker-java\docker-java\3.3.3\docker-java-3.3.3.jar;C:\Users\dP-PL\.m2\repository\com\github\docker-java\docker-java-core\3.3.3\docker-java-core-3.3.3.jar;C:\Users\dP-PL\.m2\repository\com\github\docker-java\docker-java-api\3.3.3\docker-java-api-3.3.3.jar;C:\Users\dP-PL\.m2\repository\org\bouncycastle\bcpkix-jdk18on\1.75\bcpkix-jdk18on-1.75.jar;C:\Users\dP-PL\.m2\repository\org\bouncycastle\bcprov-jdk18on\1.75\bcprov-jdk18on-1.75.jar;C:\Users\dP-PL\.m2\repository\org\bouncycastle\bcutil-jdk18on\1.75\bcutil-jdk18on-1.75.jar;C:\Users\dP-PL\.m2\repository\com\github\docker-java\docker-java-transport-httpclient5\3.3.3\docker-java-transport-httpclient5-3.3.3.jar;C:\Users\dP-PL\.m2\repository\com\github\docker-java\docker-java-transport\3.3.3\docker-java-transport-3.3.3.jar;C:\Users\dP-PL\.m2\repository\net\java\dev\jna\jna\5.12.1\jna-5.12.1.jar;C:\Users\dP-PL\.m2\repository\org\brotli\dec\0.1.2\dec-0.1.2.jar;C:\Users\dP-PL\.m2\repository\org\apache\commons\commons-lang3\3.13.0\commons-lang3-3.13.0.jar;C:\Users\dP-PL\.m2\repository\org\apache\httpcomponents\client5\httpclient5\5.2.1\httpclient5-5.2.1.jar;C:\Users\dP-PL\.m2\repository\org\apache\httpcomponents\core5\httpcore5\5.2\httpcore5-5.2.jar;C:\Users\dP-PL\.m2\repository\org\apache\httpcomponents\core5\httpcore5-h2\5.2\httpcore5-h2-5.2.jar;C:\Users\dP-PL\.m2\repository\org\testng\testng\7.6.1\testng-7.6.1.jar;C:\Users\dP-PL\.m2\repository\com\google\code\findbugs\jsr305\3.0.2\jsr305-3.0.2.jar;C:\Users\dP-PL\.m2\repository\com\beust\jcommander\1.82\jcommander-1.82.jar;C:\Users\dP-PL\.m2\repository\org\webjars\jquery\3.6.0\jquery-3.6.0.jar;C:\Users\dP-PL\.m2\repository\net\rcarz\Jira-client\0.5\Jira-client-0.5.jar;C:\Users\dP-PL\.m2\repository\org\apache\httpcomponents\httpmime\4.2.5\httpmime-4.2.5.jar;C:\Users\dP-PL\.m2\repository\net\sf\json-lib\json-lib\2.4\json-lib-2.4-jdk15.jar;C:\Users\dP-PL\.m2\repository\commons-beanutils\commons-beanutils\1.8.0\commons-beanutils-1.8.0.jar;C:\Users\dP-PL\.m2\repository\commons-collections\commons-collections\3.2.1\commons-collections-3.2.1.jar;C:\Users\dP-PL\.m2\repository\commons-lang\commons-lang\2.5\commons-lang-2.5.jar;C:\Users\dP-PL\.m2\repository\net\sf\ezmorph\ezmorph\1.0.6\ezmorph-1.0.6.jar;C:\Users\dP-PL\.m2\repository\joda-time\joda-time\2.3\joda-time-2.3.jar;C:\Users\dP-PL\.m2\repository\junit\junit\4.8.2\junit-4.8.2.jar;C:\Users\dP-PL\.m2\repository\org\mockito\mockito-all\1.9.0\mockito-all-1.9.0.jar;C:\Users\dP-PL\.m2\repository\commons-httpclient\commons-httpclient\3.1\commons-httpclient-3.1.jar;C:\Users\dP-PL\.m2\repository\org\apache\maven\plugins\maven-surefire-plugin\3.0.0-M7\maven-surefire-plugin-3.0.0-M7.jar;C:\Users\dP-PL\.m2\repository\org\apache\maven\surefire\maven-surefire-common\3.0.0-M7\maven-surefire-common-3.0.0-M7.jar;C:\Users\dP-PL\.m2\repository\org\apache\maven\surefire\surefire-api\3.0.0-M7\surefire-api-3.0.0-M7.jar;C:\Users\dP-PL\.m2\repository\org\apache\maven\surefire\surefire-logger-api\3.0.0-M7\surefire-logger-api-3.0.0-M7.jar;C:\Users\dP-PL\.m2\repository\org\apache\maven\surefire\surefire-extensions-api\3.0.0-M7\surefire-extensions-api-3.0.0-M7.jar;C:\Users\dP-PL\.m2\repository\org\apache\maven\surefire\surefire-booter\3.0.0-M7\surefire-booter-3.0.0-M7.jar;C:\Users\dP-PL\.m2\repository\org\apache\maven\surefire\surefire-extensions-spi\3.0.0-M7\surefire-extensions-spi-3.0.0-M7.jar;C:\Users\dP-PL\.m2\repository\org\apache\maven\shared\maven-common-artifact-filters\3.1.1\maven-common-artifact-filters-3.1.1.jar;C:\Users\dP-PL\.m2\repository\org\codehaus\plexus\plexus-java\1.1.1\plexus-java-1.1.1.jar;C:\Users\dP-PL\.m2\repository\org\ow2\asm\asm\9.2\asm-9.2.jar;C:\Users\dP-PL\.m2\repository\com\thoughtworks\qdox\qdox\2.0.1\qdox-2.0.1.jar;C:\Users\dP-PL\.m2\repository\org\apache\maven\surefire\surefire-shared-utils\3.0.0-M7\surefire-shared-utils-3.0.0-M7.jar;C:\Users\dP-PL\.m2\repository\com\aventstack\extentreports\5.0.8\extentreports-5.0.8.jar;C:\Users\dP-PL\.m2\repository\io\reactivex\rxjava3\rxjava\3.0.4\rxjava-3.0.4.jar;C:\Users\dP-PL\.m2\repository\org\reactivestreams\reactive-streams\1.0.3\reactive-streams-1.0.3.jar;C:\Users\dP-PL\.m2\repository\org\freemarker\freemarker\2.3.30\freemarker-2.3.30.jar;C:\Users\dP-PL\.m2\repository\org\projectlombok\lombok\1.18.22\lombok-1.18.22.jar;C:\Users\dP-PL\.m2\repository\org\apache\poi\poi-ooxml\5.2.2\poi-ooxml-5.2.2.jar;C:\Users\dP-PL\.m2\repository\org\apache\poi\poi\5.2.2\poi-5.2.2.jar;C:\Users\dP-PL\.m2\repository\org\apache\commons\commons-math3\3.6.1\commons-math3-3.6.1.jar;C:\Users\dP-PL\.m2\repository\com\zaxxer\SparseBitSet\1.2\SparseBitSet-1.2.jar;C:\Users\dP-PL\.m2\repository\org\apache\poi\poi-ooxml-lite\5.2.2\poi-ooxml-lite-5.2.2.jar;C:\Users\dP-PL\.m2\repository\org\apache\xmlbeans\xmlbeans\5.0.3\xmlbeans-5.0.3.jar;C:\Users\dP-PL\.m2\repository\org\apache\commons\commons-compress\1.21\commons-compress-1.21.jar;C:\Users\dP-PL\.m2\repository\commons-io\commons-io\2.11.0\commons-io-2.11.0.jar;C:\Users\dP-PL\.m2\repository\com\github\virtuald\curvesapi\1.07\curvesapi-1.07.jar;C:\Users\dP-PL\.m2\repository\org\apache\commons\commons-collections4\4.4\commons-collections4-4.4.jar;C:\Users\dP-PL\.m2\repository\org\apache\logging\log4j\log4j-api\2.17.0\log4j-api-2.17.0.jar;C:\Users\dP-PL\.m2\repository\org\apache\logging\log4j\log4j-core\2.17.0\log4j-core-2.17.0.jar;C:\Users\dP-PL\.m2\repository\org\slf4j\slf4j-api\1.7.32\slf4j-api-1.7.32.jar;C:\Users\dP-PL\.m2\repository\org\apache\logging\log4j\log4j-slf4j-impl\2.17.0\log4j-slf4j-impl-2.17.0.jar;C:\Users\dP-PL\.m2\repository\com\microsoft\sqlserver\mssql-jdbc\12.4.0.jre11\mssql-jdbc-12.4.0.jre11.jar;C:\Users\dP-PL\.m2\repository\com\oracle\database\jdbc\ojdbc11\23.2.0.0\ojdbc11-23.2.0.0.jar;C:\Users\dP-PL\.m2\repository\net\lightbody\bmp\browsermob-core\2.1.5\browsermob-core-2.1.5.jar;C:\Users\dP-PL\.m2\repository\net\lightbody\bmp\littleproxy\1.1.0-beta-bmp-17\littleproxy-1.1.0-beta-bmp-17.jar;C:\Users\dP-PL\.m2\repository\com\fasterxml\jackson\core\jackson-core\2.8.9\jackson-core-2.8.9.jar;C:\Users\dP-PL\.m2\repository\com\fasterxml\jackson\core\jackson-databind\2.8.9\jackson-databind-2.8.9.jar;C:\Users\dP-PL\.m2\repository\com\fasterxml\jackson\core\jackson-annotations\2.8.9\jackson-annotations-2.8.9.jar;C:\Users\dP-PL\.m2\repository\dnsjava\dnsjava\2.1.8\dnsjava-2.1.8.jar;C:\Users\dP-PL\.m2\repository\org\slf4j\jcl-over-slf4j\1.7.25\jcl-over-slf4j-1.7.25.jar;C:\Users\dP-PL\.m2\repository\com\jcraft\jzlib\1.1.3\jzlib-1.1.3.jar;C:\Users\dP-PL\.m2\repository\io\netty\netty-all\4.0.51.Final\netty-all-4.0.51.Final.jar;C:\Users\dP-PL\.m2\repository\org\bouncycastle\bcprov-jdk15on\1.58\bcprov-jdk15on-1.58.jar;C:\Users\dP-PL\.m2\repository\org\bouncycastle\bcpkix-jdk15on\1.58\bcpkix-jdk15on-1.58.jar;C:\Users\dP-PL\.m2\repository\net\lightbody\bmp\mitm\2.1.5\mitm-2.1.5.jar;C:\Users\dP-PL\.m2\repository\dom4j\dom4j\1.1\dom4j-1.1.jar;C:\Users\dP-PL\.m2\repository\org\apache\httpcomponents\httpclient\4.5.13\httpclient-4.5.13.jar;C:\Users\dP-PL\.m2\repository\org\apache\httpcomponents\httpcore\4.4.13\httpcore-4.4.13.jar;C:\Users\dP-PL\.m2\repository\commons-logging\commons-logging\1.2\commons-logging-1.2.jar;C:\Users\dP-PL\.m2\repository\commons-codec\commons-codec\1.11\commons-codec-1.11.jar;C:\Users\dP-PL\.m2\repository\com\google\code\gson\gson\2.8.8\gson-2.8.8.jar;C:\Users\dP-PL\.m2\repository\ch\fortysix\maven-postman-plugin\0.1.6\maven-postman-plugin-0.1.6.jar;C:\Users\dP-PL\.m2\repository\org\codehaus\gmaven\gmaven-mojo\1.2\gmaven-mojo-1.2.jar;C:\Users\dP-PL\.m2\repository\org\codehaus\gmaven\runtime\gmaven-runtime-api\1.2\gmaven-runtime-api-1.2.jar;C:\Users\dP-PL\.m2\repository\org\codehaus\gmaven\feature\gmaven-feature-api\1.2\gmaven-feature-api-1.2.jar;C:\Users\dP-PL\.m2\repository\org\apache\maven\maven-project\2.0.10\maven-project-2.0.10.jar;C:\Users\dP-PL\.m2\repository\org\apache\maven\maven-plugin-registry\2.0.10\maven-plugin-registry-2.0.10.jar;C:\Users\dP-PL\.m2\repository\org\codehaus\plexus\plexus-interpolation\1.1\plexus-interpolation-1.1.jar;C:\Users\dP-PL\.m2\repository\org\apache\maven\maven-plugin-api\2.0.10\maven-plugin-api-2.0.10.jar;C:\Users\dP-PL\.m2\repository\org\codehaus\gmaven\runtime\gmaven-runtime-1.7\1.2\gmaven-runtime-1.7-1.2.jar;C:\Users\dP-PL\.m2\repository\org\codehaus\gmaven\feature\gmaven-feature-support\1.2\gmaven-feature-support-1.2.jar;C:\Users\dP-PL\.m2\repository\org\codehaus\gmaven\runtime\gmaven-runtime-support\1.2\gmaven-runtime-support-1.2.jar;C:\Users\dP-PL\.m2\repository\org\sonatype\gshell\gshell-io\2.0\gshell-io-2.0.jar;C:\Users\dP-PL\.m2\repository\org\sonatype\gossip\gossip\1.0\gossip-1.0.jar;C:\Users\dP-PL\.m2\repository\org\codehaus\groovy\groovy-all\1.7-beta-2\groovy-all-1.7-beta-2.jar;C:\Users\dP-PL\.m2\repository\jline\jline\0.9.94\jline-0.9.94.jar;C:\Users\dP-PL\.m2\repository\javax\mail\mail\1.4.1\mail-1.4.1.jar;C:\Users\dP-PL\.m2\repository\javax\activation\activation\1.1\activation-1.1.jar;C:\Users\dP-PL\.m2\repository\org\apache\ant\ant\1.7.1\ant-1.7.1.jar;C:\Users\dP-PL\.m2\repository\org\apache\ant\ant-launcher\1.7.1\ant-launcher-1.7.1.jar;C:\Users\dP-PL\.m2\repository\org\slf4j\log4j-over-slf4j\1.5.10\log4j-over-slf4j-1.5.10.jar;C:\Users\dP-PL\.m2\repository\org\apache\maven\shared\file-management\1.2.1\file-management-1.2.1.jar;C:\Users\dP-PL\.m2\repository\org\apache\maven\shared\maven-shared-io\1.1\maven-shared-io-1.1.jar;C:\Users\dP-PL\.m2\repository\org\codehaus\plexus\plexus-container-default\1.0-alpha-9\plexus-container-default-1.0-alpha-9.jar;C:\Users\dP-PL\.m2\repository\org\apache\maven\reporting\maven-reporting-api\2.2.1\maven-reporting-api-2.2.1.jar;C:\Users\dP-PL\.m2\repository\org\apache\maven\doxia\doxia-logging-api\1.1\doxia-logging-api-1.1.jar;C:\Users\dP-PL\.m2\repository\org\apache\maven\reporting\maven-reporting-impl\2.0.4.3\maven-reporting-impl-2.0.4.3.jar;C:\Users\dP-PL\.m2\repository\org\apache\maven\doxia\doxia-core\1.0\doxia-core-1.0.jar;C:\Users\dP-PL\.m2\repository\org\apache\maven\doxia\doxia-site-renderer\1.0\doxia-site-renderer-1.0.jar;C:\Users\dP-PL\.m2\repository\org\codehaus\plexus\plexus-i18n\1.0-beta-7\plexus-i18n-1.0-beta-7.jar;C:\Users\dP-PL\.m2\repository\org\codehaus\plexus\plexus-velocity\1.1.7\plexus-velocity-1.1.7.jar;C:\Users\dP-PL\.m2\repository\org\apache\velocity\velocity\1.5\velocity-1.5.jar;C:\Users\dP-PL\.m2\repository\org\apache\maven\doxia\doxia-decoration-model\1.0\doxia-decoration-model-1.0.jar;C:\Users\dP-PL\.m2\repository\org\apache\maven\doxia\doxia-module-apt\1.0\doxia-module-apt-1.0.jar;C:\Users\dP-PL\.m2\repository\org\apache\maven\doxia\doxia-module-fml\1.0\doxia-module-fml-1.0.jar;C:\Users\dP-PL\.m2\repository\org\apache\maven\doxia\doxia-module-xdoc\1.0\doxia-module-xdoc-1.0.jar;C:\Users\dP-PL\.m2\repository\org\apache\maven\doxia\doxia-module-xhtml\1.0\doxia-module-xhtml-1.0.jar;C:\Users\dP-PL\.m2\repository\commons-validator\commons-validator\1.2.0\commons-validator-1.2.0.jar;C:\Users\dP-PL\.m2\repository\commons-digester\commons-digester\1.6\commons-digester-1.6.jar;C:\Users\dP-PL\.m2\repository\oro\oro\2.0.8\oro-2.0.8.jar;C:\Users\dP-PL\.m2\repository\xml-apis\xml-apis\1.0.b2\xml-apis-1.0.b2.jar;C:\Users\dP-PL\.m2\repository\org\apache\maven\shared\maven-doxia-tools\1.0.2\maven-doxia-tools-1.0.2.jar;C:\Users\dP-PL\.m2\repository\org\apache\maven\doxia\doxia-sink-api\1.1.2\doxia-sink-api-1.1.2.jar;C:\Users\dP-PL\.m2\repository\org\codehaus\plexus\plexus-utils\2.0.1\plexus-utils-2.0.1.jar;C:\Users\dP-PL\.m2\repository\nekohtml\nekohtml\1.9.6.2\nekohtml-1.9.6.2.jar;C:\Users\dP-PL\.m2\repository\xerces\xercesImpl\2.8.1\xercesImpl-2.8.1.jar;C:\Users\dP-PL\.m2\repository\org\apache\commons\commons-email\1.2\commons-email-1.2.jar;C:\Users\dP-PL\.m2\repository\org\apache\maven\maven-core\2.2.1\maven-core-2.2.1.jar;C:\Users\dP-PL\.m2\repository\org\apache\maven\maven-settings\2.2.1\maven-settings-2.2.1.jar;C:\Users\dP-PL\.m2\repository\org\apache\maven\wagon\wagon-file\1.0-beta-6\wagon-file-1.0-beta-6.jar;C:\Users\dP-PL\.m2\repository\org\apache\maven\maven-plugin-parameter-documenter\2.2.1\maven-plugin-parameter-documenter-2.2.1.jar;C:\Users\dP-PL\.m2\repository\org\apache\maven\wagon\wagon-http-lightweight\1.0-beta-6\wagon-http-lightweight-1.0-beta-6.jar;C:\Users\dP-PL\.m2\repository\org\apache\maven\wagon\wagon-http-shared\1.0-beta-6\wagon-http-shared-1.0-beta-6.jar;C:\Users\dP-PL\.m2\repository\nekohtml\xercesMinimal\1.9.6.2\xercesMinimal-1.9.6.2.jar;C:\Users\dP-PL\.m2\repository\org\apache\maven\wagon\wagon-http\1.0-beta-6\wagon-http-1.0-beta-6.jar;C:\Users\dP-PL\.m2\repository\org\apache\maven\wagon\wagon-webdav-jackrabbit\1.0-beta-6\wagon-webdav-jackrabbit-1.0-beta-6.jar;C:\Users\dP-PL\.m2\repository\org\apache\jackrabbit\jackrabbit-webdav\1.5.0\jackrabbit-webdav-1.5.0.jar;C:\Users\dP-PL\.m2\repository\org\apache\jackrabbit\jackrabbit-jcr-commons\1.5.0\jackrabbit-jcr-commons-1.5.0.jar;C:\Users\dP-PL\.m2\repository\org\slf4j\slf4j-nop\1.5.3\slf4j-nop-1.5.3.jar;C:\Users\dP-PL\.m2\repository\org\slf4j\slf4j-jdk14\1.5.6\slf4j-jdk14-1.5.6.jar;C:\Users\dP-PL\.m2\repository\org\apache\maven\maven-profile\2.2.1\maven-profile-2.2.1.jar;C:\Users\dP-PL\.m2\repository\org\apache\maven\maven-model\2.2.1\maven-model-2.2.1.jar;C:\Users\dP-PL\.m2\repository\org\apache\maven\maven-artifact\2.2.1\maven-artifact-2.2.1.jar;C:\Users\dP-PL\.m2\repository\org\apache\maven\wagon\wagon-provider-api\1.0-beta-6\wagon-provider-api-1.0-beta-6.jar;C:\Users\dP-PL\.m2\repository\org\apache\maven\maven-repository-metadata\2.2.1\maven-repository-metadata-2.2.1.jar;C:\Users\dP-PL\.m2\repository\org\apache\maven\maven-error-diagnostics\2.2.1\maven-error-diagnostics-2.2.1.jar;C:\Users\dP-PL\.m2\repository\commons-cli\commons-cli\1.2\commons-cli-1.2.jar;C:\Users\dP-PL\.m2\repository\org\apache\maven\wagon\wagon-ssh-external\1.0-beta-6\wagon-ssh-external-1.0-beta-6.jar;C:\Users\dP-PL\.m2\repository\org\apache\maven\wagon\wagon-ssh-common\1.0-beta-6\wagon-ssh-common-1.0-beta-6.jar;C:\Users\dP-PL\.m2\repository\org\apache\maven\maven-plugin-descriptor\2.2.1\maven-plugin-descriptor-2.2.1.jar;C:\Users\dP-PL\.m2\repository\org\codehaus\plexus\plexus-interactivity-api\1.0-alpha-4\plexus-interactivity-api-1.0-alpha-4.jar;C:\Users\dP-PL\.m2\repository\org\apache\maven\maven-artifact-manager\2.2.1\maven-artifact-manager-2.2.1.jar;C:\Users\dP-PL\.m2\repository\backport-util-concurrent\backport-util-concurrent\3.1\backport-util-concurrent-3.1.jar;C:\Users\dP-PL\.m2\repository\org\apache\maven\maven-monitor\2.2.1\maven-monitor-2.2.1.jar;C:\Users\dP-PL\.m2\repository\org\apache\maven\wagon\wagon-ssh\1.0-beta-6\wagon-ssh-1.0-beta-6.jar;C:\Users\dP-PL\.m2\repository\com\jcraft\jsch\0.1.38\jsch-0.1.38.jar;C:\Users\dP-PL\.m2\repository\classworlds\classworlds\1.1\classworlds-1.1.jar;C:\Users\dP-PL\.m2\repository\org\sonatype\plexus\plexus-sec-dispatcher\1.3\plexus-sec-dispatcher-1.3.jar;C:\Users\dP-PL\.m2\repository\org\sonatype\plexus\plexus-cipher\1.4\plexus-cipher-1.4.jar;"/>
    <property name="java.vm.vendor" value="Oracle Corporation"/>
    <property name="sun.arch.data.model" value="64"/>
    <property name="user.variant" value=""/>
    <property name="java.vendor.url" value="https://java.oracle.com/"/>
    <property name="user.timezone" value="Asia/Calcutta"/>
    <property name="os.name" value="Windows 10"/>
    <property name="java.vm.specification.version" value="19"/>
    <property name="sun.java.launcher" value="SUN_STANDARD"/>
    <property name="user.country" value="IN"/>
    <property name="sun.boot.library.path" value="C:\Program Files\Java\jdk-19\bin"/>
    <property name="sun.java.command" value="C:\Users\dP-PL\AppData\Local\Temp\surefire3899831222779795898\surefirebooter-20240304213111761_3.jar C:\Users\dP-PL\AppData\Local\Temp\surefire3899831222779795898 2024-03-04T21-31-10_489-jvmRun1 surefire-20240304213111761_1tmp surefire_0-20240304213111761_2tmp"/>
    <property name="jdk.debug" value="release"/>
    <property name="surefire.test.class.path" value="D:\XGL Final\XGLFinal\target\test-classes;D:\XGL Final\XGLFinal\target\classes;C:\Users\dP-PL\.m2\repository\org\seleniumhq\selenium\selenium-java\3.141.59\selenium-java-3.141.59.jar;C:\Users\dP-PL\.m2\repository\org\seleniumhq\selenium\selenium-api\3.141.59\selenium-api-3.141.59.jar;C:\Users\dP-PL\.m2\repository\org\seleniumhq\selenium\selenium-chrome-driver\3.141.59\selenium-chrome-driver-3.141.59.jar;C:\Users\dP-PL\.m2\repository\org\seleniumhq\selenium\selenium-edge-driver\3.141.59\selenium-edge-driver-3.141.59.jar;C:\Users\dP-PL\.m2\repository\org\seleniumhq\selenium\selenium-firefox-driver\3.141.59\selenium-firefox-driver-3.141.59.jar;C:\Users\dP-PL\.m2\repository\org\seleniumhq\selenium\selenium-ie-driver\3.141.59\selenium-ie-driver-3.141.59.jar;C:\Users\dP-PL\.m2\repository\org\seleniumhq\selenium\selenium-opera-driver\3.141.59\selenium-opera-driver-3.141.59.jar;C:\Users\dP-PL\.m2\repository\org\seleniumhq\selenium\selenium-remote-driver\3.141.59\selenium-remote-driver-3.141.59.jar;C:\Users\dP-PL\.m2\repository\org\seleniumhq\selenium\selenium-safari-driver\3.141.59\selenium-safari-driver-3.141.59.jar;C:\Users\dP-PL\.m2\repository\org\seleniumhq\selenium\selenium-support\3.141.59\selenium-support-3.141.59.jar;C:\Users\dP-PL\.m2\repository\net\bytebuddy\byte-buddy\1.8.15\byte-buddy-1.8.15.jar;C:\Users\dP-PL\.m2\repository\org\apache\commons\commons-exec\1.3\commons-exec-1.3.jar;C:\Users\dP-PL\.m2\repository\com\google\guava\guava\25.0-jre\guava-25.0-jre.jar;C:\Users\dP-PL\.m2\repository\org\checkerframework\checker-compat-qual\2.0.0\checker-compat-qual-2.0.0.jar;C:\Users\dP-PL\.m2\repository\com\google\errorprone\error_prone_annotations\2.1.3\error_prone_annotations-2.1.3.jar;C:\Users\dP-PL\.m2\repository\com\google\j2objc\j2objc-annotations\1.1\j2objc-annotations-1.1.jar;C:\Users\dP-PL\.m2\repository\org\codehaus\mojo\animal-sniffer-annotations\1.14\animal-sniffer-annotations-1.14.jar;C:\Users\dP-PL\.m2\repository\com\squareup\okhttp3\okhttp\3.11.0\okhttp-3.11.0.jar;C:\Users\dP-PL\.m2\repository\com\squareup\okio\okio\1.14.0\okio-1.14.0.jar;C:\Users\dP-PL\.m2\repository\org\seleniumhq\selenium\selenium-http-jdk-client\4.8.1\selenium-http-jdk-client-4.8.1.jar;C:\Users\dP-PL\.m2\repository\com\google\auto\service\auto-service-annotations\1.0.1\auto-service-annotations-1.0.1.jar;C:\Users\dP-PL\.m2\repository\com\google\auto\service\auto-service\1.0.1\auto-service-1.0.1.jar;C:\Users\dP-PL\.m2\repository\com\google\auto\auto-common\1.2\auto-common-1.2.jar;C:\Users\dP-PL\.m2\repository\org\seleniumhq\selenium\selenium-http\4.8.1\selenium-http-4.8.1.jar;C:\Users\dP-PL\.m2\repository\dev\failsafe\failsafe\3.3.0\failsafe-3.3.0.jar;C:\Users\dP-PL\.m2\repository\org\seleniumhq\selenium\selenium-json\4.8.1\selenium-json-4.8.1.jar;C:\Users\dP-PL\.m2\repository\io\github\bonigarcia\webdrivermanager\5.5.3\webdrivermanager-5.5.3.jar;C:\Users\dP-PL\.m2\repository\com\github\docker-java\docker-java\3.3.3\docker-java-3.3.3.jar;C:\Users\dP-PL\.m2\repository\com\github\docker-java\docker-java-core\3.3.3\docker-java-core-3.3.3.jar;C:\Users\dP-PL\.m2\repository\com\github\docker-java\docker-java-api\3.3.3\docker-java-api-3.3.3.jar;C:\Users\dP-PL\.m2\repository\org\bouncycastle\bcpkix-jdk18on\1.75\bcpkix-jdk18on-1.75.jar;C:\Users\dP-PL\.m2\repository\org\bouncycastle\bcprov-jdk18on\1.75\bcprov-jdk18on-1.75.jar;C:\Users\dP-PL\.m2\repository\org\bouncycastle\bcutil-jdk18on\1.75\bcutil-jdk18on-1.75.jar;C:\Users\dP-PL\.m2\repository\com\github\docker-java\docker-java-transport-httpclient5\3.3.3\docker-java-transport-httpclient5-3.3.3.jar;C:\Users\dP-PL\.m2\repository\com\github\docker-java\docker-java-transport\3.3.3\docker-java-transport-3.3.3.jar;C:\Users\dP-PL\.m2\repository\net\java\dev\jna\jna\5.12.1\jna-5.12.1.jar;C:\Users\dP-PL\.m2\repository\org\brotli\dec\0.1.2\dec-0.1.2.jar;C:\Users\dP-PL\.m2\repository\org\apache\commons\commons-lang3\3.13.0\commons-lang3-3.13.0.jar;C:\Users\dP-PL\.m2\repository\org\apache\httpcomponents\client5\httpclient5\5.2.1\httpclient5-5.2.1.jar;C:\Users\dP-PL\.m2\repository\org\apache\httpcomponents\core5\httpcore5\5.2\httpcore5-5.2.jar;C:\Users\dP-PL\.m2\repository\org\apache\httpcomponents\core5\httpcore5-h2\5.2\httpcore5-h2-5.2.jar;C:\Users\dP-PL\.m2\repository\org\testng\testng\7.6.1\testng-7.6.1.jar;C:\Users\dP-PL\.m2\repository\com\google\code\findbugs\jsr305\3.0.2\jsr305-3.0.2.jar;C:\Users\dP-PL\.m2\repository\com\beust\jcommander\1.82\jcommander-1.82.jar;C:\Users\dP-PL\.m2\repository\org\webjars\jquery\3.6.0\jquery-3.6.0.jar;C:\Users\dP-PL\.m2\repository\net\rcarz\Jira-client\0.5\Jira-client-0.5.jar;C:\Users\dP-PL\.m2\repository\org\apache\httpcomponents\httpmime\4.2.5\httpmime-4.2.5.jar;C:\Users\dP-PL\.m2\repository\net\sf\json-lib\json-lib\2.4\json-lib-2.4-jdk15.jar;C:\Users\dP-PL\.m2\repository\commons-beanutils\commons-beanutils\1.8.0\commons-beanutils-1.8.0.jar;C:\Users\dP-PL\.m2\repository\commons-collections\commons-collections\3.2.1\commons-collections-3.2.1.jar;C:\Users\dP-PL\.m2\repository\commons-lang\commons-lang\2.5\commons-lang-2.5.jar;C:\Users\dP-PL\.m2\repository\net\sf\ezmorph\ezmorph\1.0.6\ezmorph-1.0.6.jar;C:\Users\dP-PL\.m2\repository\joda-time\joda-time\2.3\joda-time-2.3.jar;C:\Users\dP-PL\.m2\repository\junit\junit\4.8.2\junit-4.8.2.jar;C:\Users\dP-PL\.m2\repository\org\mockito\mockito-all\1.9.0\mockito-all-1.9.0.jar;C:\Users\dP-PL\.m2\repository\commons-httpclient\commons-httpclient\3.1\commons-httpclient-3.1.jar;C:\Users\dP-PL\.m2\repository\org\apache\maven\plugins\maven-surefire-plugin\3.0.0-M7\maven-surefire-plugin-3.0.0-M7.jar;C:\Users\dP-PL\.m2\repository\org\apache\maven\surefire\maven-surefire-common\3.0.0-M7\maven-surefire-common-3.0.0-M7.jar;C:\Users\dP-PL\.m2\repository\org\apache\maven\surefire\surefire-api\3.0.0-M7\surefire-api-3.0.0-M7.jar;C:\Users\dP-PL\.m2\repository\org\apache\maven\surefire\surefire-logger-api\3.0.0-M7\surefire-logger-api-3.0.0-M7.jar;C:\Users\dP-PL\.m2\repository\org\apache\maven\surefire\surefire-extensions-api\3.0.0-M7\surefire-extensions-api-3.0.0-M7.jar;C:\Users\dP-PL\.m2\repository\org\apache\maven\surefire\surefire-booter\3.0.0-M7\surefire-booter-3.0.0-M7.jar;C:\Users\dP-PL\.m2\repository\org\apache\maven\surefire\surefire-extensions-spi\3.0.0-M7\surefire-extensions-spi-3.0.0-M7.jar;C:\Users\dP-PL\.m2\repository\org\apache\maven\shared\maven-common-artifact-filters\3.1.1\maven-common-artifact-filters-3.1.1.jar;C:\Users\dP-PL\.m2\repository\org\codehaus\plexus\plexus-java\1.1.1\plexus-java-1.1.1.jar;C:\Users\dP-PL\.m2\repository\org\ow2\asm\asm\9.2\asm-9.2.jar;C:\Users\dP-PL\.m2\repository\com\thoughtworks\qdox\qdox\2.0.1\qdox-2.0.1.jar;C:\Users\dP-PL\.m2\repository\org\apache\maven\surefire\surefire-shared-utils\3.0.0-M7\surefire-shared-utils-3.0.0-M7.jar;C:\Users\dP-PL\.m2\repository\com\aventstack\extentreports\5.0.8\extentreports-5.0.8.jar;C:\Users\dP-PL\.m2\repository\io\reactivex\rxjava3\rxjava\3.0.4\rxjava-3.0.4.jar;C:\Users\dP-PL\.m2\repository\org\reactivestreams\reactive-streams\1.0.3\reactive-streams-1.0.3.jar;C:\Users\dP-PL\.m2\repository\org\freemarker\freemarker\2.3.30\freemarker-2.3.30.jar;C:\Users\dP-PL\.m2\repository\org\projectlombok\lombok\1.18.22\lombok-1.18.22.jar;C:\Users\dP-PL\.m2\repository\org\apache\poi\poi-ooxml\5.2.2\poi-ooxml-5.2.2.jar;C:\Users\dP-PL\.m2\repository\org\apache\poi\poi\5.2.2\poi-5.2.2.jar;C:\Users\dP-PL\.m2\repository\org\apache\commons\commons-math3\3.6.1\commons-math3-3.6.1.jar;C:\Users\dP-PL\.m2\repository\com\zaxxer\SparseBitSet\1.2\SparseBitSet-1.2.jar;C:\Users\dP-PL\.m2\repository\org\apache\poi\poi-ooxml-lite\5.2.2\poi-ooxml-lite-5.2.2.jar;C:\Users\dP-PL\.m2\repository\org\apache\xmlbeans\xmlbeans\5.0.3\xmlbeans-5.0.3.jar;C:\Users\dP-PL\.m2\repository\org\apache\commons\commons-compress\1.21\commons-compress-1.21.jar;C:\Users\dP-PL\.m2\repository\commons-io\commons-io\2.11.0\commons-io-2.11.0.jar;C:\Users\dP-PL\.m2\repository\com\github\virtuald\curvesapi\1.07\curvesapi-1.07.jar;C:\Users\dP-PL\.m2\repository\org\apache\commons\commons-collections4\4.4\commons-collections4-4.4.jar;C:\Users\dP-PL\.m2\repository\org\apache\logging\log4j\log4j-api\2.17.0\log4j-api-2.17.0.jar;C:\Users\dP-PL\.m2\repository\org\apache\logging\log4j\log4j-core\2.17.0\log4j-core-2.17.0.jar;C:\Users\dP-PL\.m2\repository\org\slf4j\slf4j-api\1.7.32\slf4j-api-1.7.32.jar;C:\Users\dP-PL\.m2\repository\org\apache\logging\log4j\log4j-slf4j-impl\2.17.0\log4j-slf4j-impl-2.17.0.jar;C:\Users\dP-PL\.m2\repository\com\microsoft\sqlserver\mssql-jdbc\12.4.0.jre11\mssql-jdbc-12.4.0.jre11.jar;C:\Users\dP-PL\.m2\repository\com\oracle\database\jdbc\ojdbc11\23.2.0.0\ojdbc11-23.2.0.0.jar;C:\Users\dP-PL\.m2\repository\net\lightbody\bmp\browsermob-core\2.1.5\browsermob-core-2.1.5.jar;C:\Users\dP-PL\.m2\repository\net\lightbody\bmp\littleproxy\1.1.0-beta-bmp-17\littleproxy-1.1.0-beta-bmp-17.jar;C:\Users\dP-PL\.m2\repository\com\fasterxml\jackson\core\jackson-core\2.8.9\jackson-core-2.8.9.jar;C:\Users\dP-PL\.m2\repository\com\fasterxml\jackson\core\jackson-databind\2.8.9\jackson-databind-2.8.9.jar;C:\Users\dP-PL\.m2\repository\com\fasterxml\jackson\core\jackson-annotations\2.8.9\jackson-annotations-2.8.9.jar;C:\Users\dP-PL\.m2\repository\dnsjava\dnsjava\2.1.8\dnsjava-2.1.8.jar;C:\Users\dP-PL\.m2\repository\org\slf4j\jcl-over-slf4j\1.7.25\jcl-over-slf4j-1.7.25.jar;C:\Users\dP-PL\.m2\repository\com\jcraft\jzlib\1.1.3\jzlib-1.1.3.jar;C:\Users\dP-PL\.m2\repository\io\netty\netty-all\4.0.51.Final\netty-all-4.0.51.Final.jar;C:\Users\dP-PL\.m2\repository\org\bouncycastle\bcprov-jdk15on\1.58\bcprov-jdk15on-1.58.jar;C:\Users\dP-PL\.m2\repository\org\bouncycastle\bcpkix-jdk15on\1.58\bcpkix-jdk15on-1.58.jar;C:\Users\dP-PL\.m2\repository\net\lightbody\bmp\mitm\2.1.5\mitm-2.1.5.jar;C:\Users\dP-PL\.m2\repository\dom4j\dom4j\1.1\dom4j-1.1.jar;C:\Users\dP-PL\.m2\repository\org\apache\httpcomponents\httpclient\4.5.13\httpclient-4.5.13.jar;C:\Users\dP-PL\.m2\repository\org\apache\httpcomponents\httpcore\4.4.13\httpcore-4.4.13.jar;C:\Users\dP-PL\.m2\repository\commons-logging\commons-logging\1.2\commons-logging-1.2.jar;C:\Users\dP-PL\.m2\repository\commons-codec\commons-codec\1.11\commons-codec-1.11.jar;C:\Users\dP-PL\.m2\repository\com\google\code\gson\gson\2.8.8\gson-2.8.8.jar;C:\Users\dP-PL\.m2\repository\ch\fortysix\maven-postman-plugin\0.1.6\maven-postman-plugin-0.1.6.jar;C:\Users\dP-PL\.m2\repository\org\codehaus\gmaven\gmaven-mojo\1.2\gmaven-mojo-1.2.jar;C:\Users\dP-PL\.m2\repository\org\codehaus\gmaven\runtime\gmaven-runtime-api\1.2\gmaven-runtime-api-1.2.jar;C:\Users\dP-PL\.m2\repository\org\codehaus\gmaven\feature\gmaven-feature-api\1.2\gmaven-feature-api-1.2.jar;C:\Users\dP-PL\.m2\repository\org\apache\maven\maven-project\2.0.10\maven-project-2.0.10.jar;C:\Users\dP-PL\.m2\repository\org\apache\maven\maven-plugin-registry\2.0.10\maven-plugin-registry-2.0.10.jar;C:\Users\dP-PL\.m2\repository\org\codehaus\plexus\plexus-interpolation\1.1\plexus-interpolation-1.1.jar;C:\Users\dP-PL\.m2\repository\org\apache\maven\maven-plugin-api\2.0.10\maven-plugin-api-2.0.10.jar;C:\Users\dP-PL\.m2\repository\org\codehaus\gmaven\runtime\gmaven-runtime-1.7\1.2\gmaven-runtime-1.7-1.2.jar;C:\Users\dP-PL\.m2\repository\org\codehaus\gmaven\feature\gmaven-feature-support\1.2\gmaven-feature-support-1.2.jar;C:\Users\dP-PL\.m2\repository\org\codehaus\gmaven\runtime\gmaven-runtime-support\1.2\gmaven-runtime-support-1.2.jar;C:\Users\dP-PL\.m2\repository\org\sonatype\gshell\gshell-io\2.0\gshell-io-2.0.jar;C:\Users\dP-PL\.m2\repository\org\sonatype\gossip\gossip\1.0\gossip-1.0.jar;C:\Users\dP-PL\.m2\repository\org\codehaus\groovy\groovy-all\1.7-beta-2\groovy-all-1.7-beta-2.jar;C:\Users\dP-PL\.m2\repository\jline\jline\0.9.94\jline-0.9.94.jar;C:\Users\dP-PL\.m2\repository\javax\mail\mail\1.4.1\mail-1.4.1.jar;C:\Users\dP-PL\.m2\repository\javax\activation\activation\1.1\activation-1.1.jar;C:\Users\dP-PL\.m2\repository\org\apache\ant\ant\1.7.1\ant-1.7.1.jar;C:\Users\dP-PL\.m2\repository\org\apache\ant\ant-launcher\1.7.1\ant-launcher-1.7.1.jar;C:\Users\dP-PL\.m2\repository\org\slf4j\log4j-over-slf4j\1.5.10\log4j-over-slf4j-1.5.10.jar;C:\Users\dP-PL\.m2\repository\org\apache\maven\shared\file-management\1.2.1\file-management-1.2.1.jar;C:\Users\dP-PL\.m2\repository\org\apache\maven\shared\maven-shared-io\1.1\maven-shared-io-1.1.jar;C:\Users\dP-PL\.m2\repository\org\codehaus\plexus\plexus-container-default\1.0-alpha-9\plexus-container-default-1.0-alpha-9.jar;C:\Users\dP-PL\.m2\repository\org\apache\maven\reporting\maven-reporting-api\2.2.1\maven-reporting-api-2.2.1.jar;C:\Users\dP-PL\.m2\repository\org\apache\maven\doxia\doxia-logging-api\1.1\doxia-logging-api-1.1.jar;C:\Users\dP-PL\.m2\repository\org\apache\maven\reporting\maven-reporting-impl\2.0.4.3\maven-reporting-impl-2.0.4.3.jar;C:\Users\dP-PL\.m2\repository\org\apache\maven\doxia\doxia-core\1.0\doxia-core-1.0.jar;C:\Users\dP-PL\.m2\repository\org\apache\maven\doxia\doxia-site-renderer\1.0\doxia-site-renderer-1.0.jar;C:\Users\dP-PL\.m2\repository\org\codehaus\plexus\plexus-i18n\1.0-beta-7\plexus-i18n-1.0-beta-7.jar;C:\Users\dP-PL\.m2\repository\org\codehaus\plexus\plexus-velocity\1.1.7\plexus-velocity-1.1.7.jar;C:\Users\dP-PL\.m2\repository\org\apache\velocity\velocity\1.5\velocity-1.5.jar;C:\Users\dP-PL\.m2\repository\org\apache\maven\doxia\doxia-decoration-model\1.0\doxia-decoration-model-1.0.jar;C:\Users\dP-PL\.m2\repository\org\apache\maven\doxia\doxia-module-apt\1.0\doxia-module-apt-1.0.jar;C:\Users\dP-PL\.m2\repository\org\apache\maven\doxia\doxia-module-fml\1.0\doxia-module-fml-1.0.jar;C:\Users\dP-PL\.m2\repository\org\apache\maven\doxia\doxia-module-xdoc\1.0\doxia-module-xdoc-1.0.jar;C:\Users\dP-PL\.m2\repository\org\apache\maven\doxia\doxia-module-xhtml\1.0\doxia-module-xhtml-1.0.jar;C:\Users\dP-PL\.m2\repository\commons-validator\commons-validator\1.2.0\commons-validator-1.2.0.jar;C:\Users\dP-PL\.m2\repository\commons-digester\commons-digester\1.6\commons-digester-1.6.jar;C:\Users\dP-PL\.m2\repository\oro\oro\2.0.8\oro-2.0.8.jar;C:\Users\dP-PL\.m2\repository\xml-apis\xml-apis\1.0.b2\xml-apis-1.0.b2.jar;C:\Users\dP-PL\.m2\repository\org\apache\maven\shared\maven-doxia-tools\1.0.2\maven-doxia-tools-1.0.2.jar;C:\Users\dP-PL\.m2\repository\org\apache\maven\doxia\doxia-sink-api\1.1.2\doxia-sink-api-1.1.2.jar;C:\Users\dP-PL\.m2\repository\org\codehaus\plexus\plexus-utils\2.0.1\plexus-utils-2.0.1.jar;C:\Users\dP-PL\.m2\repository\nekohtml\nekohtml\1.9.6.2\nekohtml-1.9.6.2.jar;C:\Users\dP-PL\.m2\repository\xerces\xercesImpl\2.8.1\xercesImpl-2.8.1.jar;C:\Users\dP-PL\.m2\repository\org\apache\commons\commons-email\1.2\commons-email-1.2.jar;C:\Users\dP-PL\.m2\repository\org\apache\maven\maven-core\2.2.1\maven-core-2.2.1.jar;C:\Users\dP-PL\.m2\repository\org\apache\maven\maven-settings\2.2.1\maven-settings-2.2.1.jar;C:\Users\dP-PL\.m2\repository\org\apache\maven\wagon\wagon-file\1.0-beta-6\wagon-file-1.0-beta-6.jar;C:\Users\dP-PL\.m2\repository\org\apache\maven\maven-plugin-parameter-documenter\2.2.1\maven-plugin-parameter-documenter-2.2.1.jar;C:\Users\dP-PL\.m2\repository\org\apache\maven\wagon\wagon-http-lightweight\1.0-beta-6\wagon-http-lightweight-1.0-beta-6.jar;C:\Users\dP-PL\.m2\repository\org\apache\maven\wagon\wagon-http-shared\1.0-beta-6\wagon-http-shared-1.0-beta-6.jar;C:\Users\dP-PL\.m2\repository\nekohtml\xercesMinimal\1.9.6.2\xercesMinimal-1.9.6.2.jar;C:\Users\dP-PL\.m2\repository\org\apache\maven\wagon\wagon-http\1.0-beta-6\wagon-http-1.0-beta-6.jar;C:\Users\dP-PL\.m2\repository\org\apache\maven\wagon\wagon-webdav-jackrabbit\1.0-beta-6\wagon-webdav-jackrabbit-1.0-beta-6.jar;C:\Users\dP-PL\.m2\repository\org\apache\jackrabbit\jackrabbit-webdav\1.5.0\jackrabbit-webdav-1.5.0.jar;C:\Users\dP-PL\.m2\repository\org\apache\jackrabbit\jackrabbit-jcr-commons\1.5.0\jackrabbit-jcr-commons-1.5.0.jar;C:\Users\dP-PL\.m2\repository\org\slf4j\slf4j-nop\1.5.3\slf4j-nop-1.5.3.jar;C:\Users\dP-PL\.m2\repository\org\slf4j\slf4j-jdk14\1.5.6\slf4j-jdk14-1.5.6.jar;C:\Users\dP-PL\.m2\repository\org\apache\maven\maven-profile\2.2.1\maven-profile-2.2.1.jar;C:\Users\dP-PL\.m2\repository\org\apache\maven\maven-model\2.2.1\maven-model-2.2.1.jar;C:\Users\dP-PL\.m2\repository\org\apache\maven\maven-artifact\2.2.1\maven-artifact-2.2.1.jar;C:\Users\dP-PL\.m2\repository\org\apache\maven\wagon\wagon-provider-api\1.0-beta-6\wagon-provider-api-1.0-beta-6.jar;C:\Users\dP-PL\.m2\repository\org\apache\maven\maven-repository-metadata\2.2.1\maven-repository-metadata-2.2.1.jar;C:\Users\dP-PL\.m2\repository\org\apache\maven\maven-error-diagnostics\2.2.1\maven-error-diagnostics-2.2.1.jar;C:\Users\dP-PL\.m2\repository\commons-cli\commons-cli\1.2\commons-cli-1.2.jar;C:\Users\dP-PL\.m2\repository\org\apache\maven\wagon\wagon-ssh-external\1.0-beta-6\wagon-ssh-external-1.0-beta-6.jar;C:\Users\dP-PL\.m2\repository\org\apache\maven\wagon\wagon-ssh-common\1.0-beta-6\wagon-ssh-common-1.0-beta-6.jar;C:\Users\dP-PL\.m2\repository\org\apache\maven\maven-plugin-descriptor\2.2.1\maven-plugin-descriptor-2.2.1.jar;C:\Users\dP-PL\.m2\repository\org\codehaus\plexus\plexus-interactivity-api\1.0-alpha-4\plexus-interactivity-api-1.0-alpha-4.jar;C:\Users\dP-PL\.m2\repository\org\apache\maven\maven-artifact-manager\2.2.1\maven-artifact-manager-2.2.1.jar;C:\Users\dP-PL\.m2\repository\backport-util-concurrent\backport-util-concurrent\3.1\backport-util-concurrent-3.1.jar;C:\Users\dP-PL\.m2\repository\org\apache\maven\maven-monitor\2.2.1\maven-monitor-2.2.1.jar;C:\Users\dP-PL\.m2\repository\org\apache\maven\wagon\wagon-ssh\1.0-beta-6\wagon-ssh-1.0-beta-6.jar;C:\Users\dP-PL\.m2\repository\com\jcraft\jsch\0.1.38\jsch-0.1.38.jar;C:\Users\dP-PL\.m2\repository\classworlds\classworlds\1.1\classworlds-1.1.jar;C:\Users\dP-PL\.m2\repository\org\sonatype\plexus\plexus-sec-dispatcher\1.3\plexus-sec-dispatcher-1.3.jar;C:\Users\dP-PL\.m2\repository\org\sonatype\plexus\plexus-cipher\1.4\plexus-cipher-1.4.jar;"/>
    <property name="sun.cpu.endian" value="little"/>
    <property name="user.home" value="C:\Users\dP-PL"/>
    <property name="user.language" value="en"/>
    <property name="java.specification.vendor" value="Oracle Corporation"/>
    <property name="java.version.date" value="2022-10-18"/>
    <property name="java.home" value="C:\Program Files\Java\jdk-19"/>
    <property name="file.separator" value="\"/>
    <property name="basedir" value="D:\XGL Final\XGLFinal"/>
    <property name="java.vm.compressedOopsMode" value="Zero based"/>
    <property name="line.separator" value="&#10;"/>
    <property name="java.vm.specification.vendor" value="Oracle Corporation"/>
    <property name="java.specification.name" value="Java Platform API Specification"/>
    <property name="surefire.real.class.path" value="C:\Users\dP-PL\AppData\Local\Temp\surefire3899831222779795898\surefirebooter-20240304213111761_3.jar"/>
    <property name="user.script" value=""/>
    <property name="sun.management.compiler" value="HotSpot 64-Bit Tiered Compilers"/>
    <property name="java.runtime.version" value="19.0.1+10-21"/>
    <property name="user.name" value="dP-PL"/>
    <property name="stdout.encoding" value="Cp1252"/>
    <property name="path.separator" value=";"/>
    <property name="os.version" value="10.0"/>
    <property name="java.runtime.name" value="Java(TM) SE Runtime Environment"/>
    <property name="file.encoding" value="UTF-8"/>
    <property name="java.vm.name" value="Java HotSpot(TM) 64-Bit Server VM"/>
    <property name="localRepository" value="C:\Users\dP-PL\.m2\repository"/>
    <property name="java.vendor.url.bug" value="https://bugreport.java.com/bugreport/"/>
    <property name="java.io.tmpdir" value="C:\Users\dP-PL\AppData\Local\Temp\"/>
    <property name="idea.version" value="2022.2.4"/>
    <property name="java.version" value="19.0.1"/>
    <property name="user.dir" value="D:\XGL Final\XGLFinal"/>
    <property name="os.arch" value="amd64"/>
    <property name="java.vm.specification.name" value="Java Virtual Machine Specification"/>
    <property name="sun.os.patch.level" value=""/>
    <property name="native.encoding" value="Cp1252"/>
    <property name="java.library.path" value="C:\Program Files\Java\jdk-19\bin;C:\WINDOWS\Sun\Java\bin;C:\WINDOWS\system32;C:\WINDOWS;C:\Python311\Scripts\;C:\Python311\;C:\Program Files\Common Files\Oracle\Java\javapath;C:\WINDOWS\system32;C:\WINDOWS;C:\WINDOWS\System32\Wbem;C:\WINDOWS\System32\WindowsPowerShell\v1.0\;C:\WINDOWS\System32\OpenSSH\;C:\Program Files (x86)\CrSSL\bin;C:\Program Files\Git\cmd;C:\Users\dP-PL\apache-maven-3.8.6\bin;C:\Program Files\Java\jdk-19\bin;C:\Program Files\nodejs\;C:\ProgramData\chocolatey\bin;C:\Program Files\PuTTY\;C:\Users\dP-PL\AppData\Local\Microsoft\WindowsApps;C:\Program Files\JetBrains\IntelliJ IDEA Community Edition 2022.2.4\bin;;C:\Program Files\Java\jdk-19\bin;C:\Users\dP-PL\AppData\Roaming\npm;C:\Users\dP-PL\AppData\Local\Programs\Microsoft VS Code\bin;C:\Users\dP-PL\apache-jmeter-5.5\bin;;."/>
    <property name="java.vm.info" value="mixed mode, sharing"/>
    <property name="stderr.encoding" value="Cp1252"/>
    <property name="java.vendor" value="Oracle Corporation"/>
    <property name="java.vm.version" value="19.0.1+10-21"/>
    <property name="sun.io.unicode.encoding" value="UnicodeLittle"/>
    <property name="java.class.version" value="63.0"/>
    <property name="webdriver.http.factory" value="jdk-http-client"/>
  </properties>
  <testcase name="search_user_role" classname="XGLT_6756_Test" time="212.984">
    <system-out><![CDATA[Archive created successfully.
FileNotFoundException occurred: screenshots (The system cannot find the file specified)
Archive created successfully.
Deleted file: D:\XGL Final\XGLFinal\reports\TestExecutionReport.html
Test Suite started!
2024-03-04 21:31:17,737 [main] INFO  base.BaseClass - Login to XGL
2024-03-04 21:31:17,754 [main] INFO  XGLT_6756_Test - Setting up browser
2024-03-04 21:31:24,039 [main] INFO  io.github.bonigarcia.wdm.WebDriverManager - Using chromedriver 122.0.6261.94 (resolved driver for Chrome 122)
2024-03-04 21:31:24,685 [main] INFO  io.github.bonigarcia.wdm.online.Downloader - Downloading https://storage.googleapis.com/chrome-for-testing-public/122.0.6261.94/win64/chromedriver-win64.zip
2024-03-04 21:31:30,501 [main] INFO  io.github.bonigarcia.wdm.online.Downloader - Extracting driver from compressed file chromedriver-win64.zip
2024-03-04 21:31:30,730 [main] INFO  io.github.bonigarcia.wdm.WebDriverManager - Exporting webdriver.chrome.driver as C:\Users\dP-PL\.cache\selenium\chromedriver\win64\122.0.6261.94\chromedriver.exe
2024-03-04 21:31:48,554 [main] INFO  base.BaseClass - Before navigating to {url}
2024-03-04 21:31:52,980 [main] INFO  base.BaseClass - Navigated to {url}
2024-03-04 21:31:53,594 [main] INFO  base.BaseClass - Trying to find Element By {by.toString()})
2024-03-04 21:31:53,610 [main] INFO  base.BaseClass - Found Element By {by.toString()}
2024-03-04 21:31:53,667 [main] INFO  base.BaseClass - Trying to find Element By {by.toString()})
2024-03-04 21:31:53,682 [main] INFO  base.BaseClass - Found Element By {by.toString()}
2024-03-04 21:31:53,746 [main] INFO  base.BaseClass - Trying to find Element By {by.toString()})
2024-03-04 21:31:53,759 [main] INFO  base.BaseClass - Found Element By {by.toString()}
2024-03-04 21:31:53,760 [main] INFO  base.BaseClass - Trying to click on: {element.toString()}
2024-03-04 21:31:53,801 [main] INFO  base.BaseClass - Clicked on: {element.toString()}
2024-03-04 21:31:53,805 [main] INFO  base.BaseClass - Trying to find Element By {by.toString()})
2024-03-04 21:31:57,874 [main] INFO  base.BaseClass - Found Element By {by.toString()}
2024-03-04 21:31:57,933 [main] INFO  base.BaseClass - Trying to find Element By {by.toString()})
NoSuchElementException occurred: no such element: Unable to locate element: {"method":"xpath","selector":"//div[@class='modal-content']/div/i[contains(@class,'close')]"}
  (Session info: chrome=122.0.6261.71)
For documentation on this error, please visit: https://www.seleniumhq.org/exceptions/no_such_element.html
Build info: version: '3.141.59', revision: 'e82be7d358', time: '2018-11-14T08:17:03'
System info: host: 'DPLAP166', ip: '137.237.3.27', os.name: 'Windows 10', os.arch: 'amd64', os.version: '10.0', java.version: '19.0.1'
Driver info: org.openqa.selenium.chrome.ChromeDriver
Capabilities {acceptInsecureCerts: true, browserName: chrome, browserVersion: 122.0.6261.71, chrome: {chromedriverVersion: 122.0.6261.94 (880dbf29479c..., userDataDir: C:\Users\dP-PL\AppData\Loca...}, fedcm:accounts: true, goog:chromeOptions: {debuggerAddress: localhost:55628}, javascriptEnabled: true, networkConnectionEnabled: false, pageLoadStrategy: normal, platform: WINDOWS, platformName: WINDOWS, proxy: Proxy(), setWindowRect: true, strictFileInteractability: false, timeouts: {implicit: 0, pageLoad: 300000, script: 30000}, unhandledPromptBehavior: dismiss and notify, webauthn:extension:credBlob: true, webauthn:extension:largeBlob: true, webauthn:extension:minPinLength: true, webauthn:extension:prf: true, webauthn:virtualAuthenticators: true}
Session ID: 31a988c50edf9352c0ad358376b8e2fb
*** Element info: {Using=xpath, value=//div[@class='modal-content']/div/i[contains(@class,'close')]}
Before method Test name: Maintainance Tests
search_user_role started!
2024-03-04 21:32:48,216 [main] INFO  base.BaseClass - Trying to find Element By {by.toString()})
2024-03-04 21:32:48,266 [main] INFO  base.BaseClass - Found Element By {by.toString()}
2024-03-04 21:32:48,804 [main] INFO  base.BaseClass - Trying to find Element By {by.toString()})
2024-03-04 21:32:48,840 [main] INFO  base.BaseClass - Found Element By {by.toString()}
2024-03-04 21:32:49,398 [main] INFO  base.BaseClass - Trying to find Element By {by.toString()})
2024-03-04 21:32:49,434 [main] INFO  base.BaseClass - Found Element By {by.toString()}
2024-03-04 21:32:49,976 [main] INFO  base.BaseClass - Trying to find Element By {by.toString()})
2024-03-04 21:32:50,011 [main] INFO  base.BaseClass - Found Element By {by.toString()}
2024-03-04 21:32:50,567 [main] INFO  base.BaseClass - Trying to find Element By {by.toString()})
2024-03-04 21:32:50,598 [main] INFO  base.BaseClass - Found Element By {by.toString()}
2024-03-04 21:32:51,143 [main] INFO  base.BaseClass - Trying to find Element By {by.toString()})
2024-03-04 21:32:51,177 [main] INFO  base.BaseClass - Found Element By {by.toString()}
2024-03-04 21:32:51,720 [main] INFO  base.BaseClass - Trying to find Element By {by.toString()})
2024-03-04 21:32:51,756 [main] INFO  base.BaseClass - Found Element By {by.toString()}
2024-03-04 21:32:52,299 [main] INFO  base.BaseClass - Trying to find Element By {by.toString()})
2024-03-04 21:32:52,334 [main] INFO  base.BaseClass - Found Element By {by.toString()}
2024-03-04 21:32:52,878 [main] INFO  base.BaseClass - Trying to find Element By {by.toString()})
2024-03-04 21:32:52,912 [main] INFO  base.BaseClass - Found Element By {by.toString()}
2024-03-04 21:32:53,457 [main] INFO  base.BaseClass - Trying to find Element By {by.toString()})
2024-03-04 21:32:53,493 [main] INFO  base.BaseClass - Found Element By {by.toString()}
2024-03-04 21:32:54,046 [main] INFO  base.BaseClass - Trying to find Element By {by.toString()})
2024-03-04 21:32:54,082 [main] INFO  base.BaseClass - Found Element By {by.toString()}
2024-03-04 21:32:54,623 [main] INFO  base.BaseClass - Trying to find Element By {by.toString()})
2024-03-04 21:32:54,635 [main] INFO  base.BaseClass - Found Element By {by.toString()}
2024-03-04 21:32:55,155 [main] INFO  base.BaseClass - Trying to find Element By {by.toString()})
2024-03-04 21:32:55,187 [main] INFO  base.BaseClass - Found Element By {by.toString()}
2024-03-04 21:32:55,718 [main] INFO  base.BaseClass - Trying to find Element By {by.toString()})
2024-03-04 21:32:55,751 [main] INFO  base.BaseClass - Found Element By {by.toString()}
2024-03-04 21:32:56,292 [main] INFO  base.BaseClass - Trying to find Element By {by.toString()})
2024-03-04 21:32:56,328 [main] INFO  base.BaseClass - Found Element By {by.toString()}
2024-03-04 21:32:56,873 [main] INFO  base.BaseClass - Trying to find Element By {by.toString()})
2024-03-04 21:32:56,889 [main] INFO  base.BaseClass - Found Element By {by.toString()}
2024-03-04 21:32:57,417 [main] INFO  base.BaseClass - Trying to find Element By {by.toString()})
2024-03-04 21:32:57,451 [main] INFO  base.BaseClass - Found Element By {by.toString()}
2024-03-04 21:32:57,993 [main] INFO  base.BaseClass - Trying to find Element By {by.toString()})
2024-03-04 21:32:58,028 [main] INFO  base.BaseClass - Found Element By {by.toString()}
2024-03-04 21:32:58,586 [main] INFO  base.BaseClass - Trying to find Element By {by.toString()})
2024-03-04 21:32:58,620 [main] INFO  base.BaseClass - Found Element By {by.toString()}
2024-03-04 21:32:59,161 [main] INFO  base.BaseClass - Trying to find Element By {by.toString()})
2024-03-04 21:32:59,196 [main] INFO  base.BaseClass - Found Element By {by.toString()}
2024-03-04 21:32:59,741 [main] INFO  base.BaseClass - Trying to find Element By {by.toString()})
2024-03-04 21:32:59,751 [main] INFO  base.BaseClass - Found Element By {by.toString()}
2024-03-04 21:33:00,269 [main] INFO  base.BaseClass - Trying to find Element By {by.toString()})
2024-03-04 21:33:00,304 [main] INFO  base.BaseClass - Found Element By {by.toString()}
2024-03-04 21:33:00,860 [main] INFO  base.BaseClass - Trying to find Element By {by.toString()})
2024-03-04 21:33:00,877 [main] INFO  base.BaseClass - Found Element By {by.toString()}
2024-03-04 21:33:01,408 [main] INFO  base.BaseClass - Trying to find Element By {by.toString()})
2024-03-04 21:33:01,443 [main] INFO  base.BaseClass - Found Element By {by.toString()}
2024-03-04 21:33:01,998 [main] INFO  base.BaseClass - Trying to find Element By {by.toString()})
2024-03-04 21:33:02,033 [main] INFO  base.BaseClass - Found Element By {by.toString()}
2024-03-04 21:33:02,592 [main] INFO  base.BaseClass - Trying to find Element By {by.toString()})
2024-03-04 21:33:02,627 [main] INFO  base.BaseClass - Found Element By {by.toString()}
2024-03-04 21:33:03,183 [main] INFO  base.BaseClass - Trying to find Element By {by.toString()})
2024-03-04 21:33:03,216 [main] INFO  base.BaseClass - Found Element By {by.toString()}
2024-03-04 21:33:03,761 [main] INFO  base.BaseClass - Trying to find Element By {by.toString()})
2024-03-04 21:33:03,773 [main] INFO  base.BaseClass - Found Element By {by.toString()}
2024-03-04 21:33:04,296 [main] INFO  base.BaseClass - Trying to find Element By {by.toString()})
2024-03-04 21:33:04,321 [main] INFO  base.BaseClass - Found Element By {by.toString()}
2024-03-04 21:33:04,862 [main] INFO  base.BaseClass - Trying to find Element By {by.toString()})
2024-03-04 21:33:04,890 [main] INFO  base.BaseClass - Found Element By {by.toString()}
2024-03-04 21:33:05,427 [main] INFO  base.BaseClass - Trying to find Element By {by.toString()})
2024-03-04 21:33:05,459 [main] INFO  base.BaseClass - Found Element By {by.toString()}
2024-03-04 21:33:06,006 [main] INFO  base.BaseClass - Trying to find Element By {by.toString()})
2024-03-04 21:33:06,039 [main] INFO  base.BaseClass - Found Element By {by.toString()}
2024-03-04 21:33:06,598 [main] INFO  base.BaseClass - Trying to find Element By {by.toString()})
2024-03-04 21:33:06,631 [main] INFO  base.BaseClass - Found Element By {by.toString()}
2024-03-04 21:33:07,175 [main] INFO  base.BaseClass - Trying to find Element By {by.toString()})
2024-03-04 21:33:07,205 [main] INFO  base.BaseClass - Found Element By {by.toString()}
2024-03-04 21:33:07,736 [main] INFO  base.BaseClass - Trying to find Element By {by.toString()})
2024-03-04 21:33:07,767 [main] INFO  base.BaseClass - Found Element By {by.toString()}
2024-03-04 21:33:08,313 [main] INFO  base.BaseClass - Trying to find Element By {by.toString()})
2024-03-04 21:33:08,348 [main] INFO  base.BaseClass - Found Element By {by.toString()}
2024-03-04 21:33:08,906 [main] INFO  base.BaseClass - Trying to find Element By {by.toString()})
2024-03-04 21:33:08,938 [main] INFO  base.BaseClass - Found Element By {by.toString()}
2024-03-04 21:33:09,466 [main] INFO  base.BaseClass - Trying to find Element By {by.toString()})
2024-03-04 21:33:09,492 [main] INFO  base.BaseClass - Found Element By {by.toString()}
2024-03-04 21:33:10,029 [main] INFO  base.BaseClass - Trying to find Element By {by.toString()})
2024-03-04 21:33:10,061 [main] INFO  base.BaseClass - Found Element By {by.toString()}
2024-03-04 21:33:10,607 [main] INFO  base.BaseClass - Trying to find Element By {by.toString()})
2024-03-04 21:33:10,640 [main] INFO  base.BaseClass - Found Element By {by.toString()}
2024-03-04 21:33:11,183 [main] INFO  base.BaseClass - Trying to find Element By {by.toString()})
2024-03-04 21:33:11,204 [main] INFO  base.BaseClass - Found Element By {by.toString()}
2024-03-04 21:33:11,747 [main] INFO  base.BaseClass - Trying to find Element By {by.toString()})
2024-03-04 21:33:11,779 [main] INFO  base.BaseClass - Found Element By {by.toString()}
2024-03-04 21:33:12,326 [main] INFO  base.BaseClass - Trying to find Element By {by.toString()})
2024-03-04 21:33:12,353 [main] INFO  base.BaseClass - Found Element By {by.toString()}
2024-03-04 21:33:12,874 [main] INFO  base.BaseClass - Trying to find Element By {by.toString()})
2024-03-04 21:33:12,908 [main] INFO  base.BaseClass - Found Element By {by.toString()}
2024-03-04 21:33:13,454 [main] INFO  base.BaseClass - Trying to find Element By {by.toString()})
2024-03-04 21:33:13,475 [main] INFO  base.BaseClass - Found Element By {by.toString()}
2024-03-04 21:33:14,022 [main] INFO  base.BaseClass - Trying to find Element By {by.toString()})
2024-03-04 21:33:14,050 [main] INFO  base.BaseClass - Found Element By {by.toString()}
2024-03-04 21:33:14,596 [main] INFO  base.BaseClass - Trying to find Element By {by.toString()})
2024-03-04 21:33:14,630 [main] INFO  base.BaseClass - Found Element By {by.toString()}
2024-03-04 21:33:15,194 [main] INFO  base.BaseClass - Trying to find Element By {by.toString()})
2024-03-04 21:33:15,228 [main] INFO  base.BaseClass - Found Element By {by.toString()}
2024-03-04 21:33:15,773 [main] INFO  base.BaseClass - Trying to find Element By {by.toString()})
2024-03-04 21:33:15,805 [main] INFO  base.BaseClass - Found Element By {by.toString()}
2024-03-04 21:33:16,365 [main] INFO  base.BaseClass - Trying to find Element By {by.toString()})
2024-03-04 21:33:16,395 [main] INFO  base.BaseClass - Found Element By {by.toString()}
2024-03-04 21:33:16,942 [main] INFO  base.BaseClass - Trying to find Element By {by.toString()})
2024-03-04 21:33:16,975 [main] INFO  base.BaseClass - Found Element By {by.toString()}
2024-03-04 21:33:17,517 [main] INFO  base.BaseClass - Trying to find Element By {by.toString()})
2024-03-04 21:33:17,544 [main] INFO  base.BaseClass - Found Element By {by.toString()}
2024-03-04 21:33:18,079 [main] INFO  base.BaseClass - Trying to find Element By {by.toString()})
2024-03-04 21:33:18,111 [main] INFO  base.BaseClass - Found Element By {by.toString()}
2024-03-04 21:33:18,654 [main] INFO  base.BaseClass - Trying to find Element By {by.toString()})
2024-03-04 21:33:18,675 [main] INFO  base.BaseClass - Found Element By {by.toString()}
TimeoutException occurred: Expected condition failed: waiting for helper.WaitUtility$5@118041c7 (tried for 30 second(s) with 500 milliseconds interval)
Build info: version: '3.141.59', revision: 'e82be7d358', time: '2018-11-14T08:17:03'
System info: host: 'DPLAP166', ip: '137.237.3.27', os.name: 'Windows 10', os.arch: 'amd64', os.version: '10.0', java.version: '19.0.1'
Driver info: org.openqa.selenium.support.events.EventFiringWebDriver
Capabilities {acceptInsecureCerts: true, browserName: chrome, browserVersion: 122.0.6261.71, chrome: {chromedriverVersion: 122.0.6261.94 (880dbf29479c..., userDataDir: C:\Users\dP-PL\AppData\Loca...}, fedcm:accounts: true, goog:chromeOptions: {debuggerAddress: localhost:55628}, javascriptEnabled: true, networkConnectionEnabled: false, pageLoadStrategy: normal, platform: WINDOWS, platformName: WINDOWS, proxy: Proxy(), setWindowRect: true, strictFileInteractability: false, timeouts: {implicit: 0, pageLoad: 300000, script: 30000}, unhandledPromptBehavior: dismiss and notify, webauthn:extension:credBlob: true, webauthn:extension:largeBlob: true, webauthn:extension:minPinLength: true, webauthn:extension:prf: true, webauthn:virtualAuthenticators: true}
Session ID: 31a988c50edf9352c0ad358376b8e2fb
2024-03-04 21:33:18,702 [main] ERROR XGLT_6756_Test - Element did not become visible within the specified time: Expected condition failed: waiting for helper.WaitUtility$5@118041c7 (tried for 30 second(s) with 500 milliseconds interval)
Build info: version: '3.141.59', revision: 'e82be7d358', time: '2018-11-14T08:17:03'
System info: host: 'DPLAP166', ip: '137.237.3.27', os.name: 'Windows 10', os.arch: 'amd64', os.version: '10.0', java.version: '19.0.1'
Driver info: org.openqa.selenium.support.events.EventFiringWebDriver
Capabilities {acceptInsecureCerts: true, browserName: chrome, browserVersion: 122.0.6261.71, chrome: {chromedriverVersion: 122.0.6261.94 (880dbf29479c..., userDataDir: C:\Users\dP-PL\AppData\Loca...}, fedcm:accounts: true, goog:chromeOptions: {debuggerAddress: localhost:55628}, javascriptEnabled: true, networkConnectionEnabled: false, pageLoadStrategy: normal, platform: WINDOWS, platformName: WINDOWS, proxy: Proxy(), setWindowRect: true, strictFileInteractability: false, timeouts: {implicit: 0, pageLoad: 300000, script: 30000}, unhandledPromptBehavior: dismiss and notify, webauthn:extension:credBlob: true, webauthn:extension:largeBlob: true, webauthn:extension:minPinLength: true, webauthn:extension:prf: true, webauthn:virtualAuthenticators: true}
Session ID: 31a988c50edf9352c0ad358376b8e2fb
2024-03-04 21:33:18,702 [main] INFO  base.BaseClass - Trying to find Element By {by.toString()})
2024-03-04 21:33:18,715 [main] INFO  base.BaseClass - Found Element By {by.toString()}
2024-03-04 21:33:18,716 [main] INFO  base.BaseClass - Trying to click on: {element.toString()}
2024-03-04 21:33:18,782 [main] INFO  base.BaseClass - Clicked on: {element.toString()}
2024-03-04 21:33:18,782 [main] INFO  base.BaseClass - Trying to find Element By {by.toString()})
2024-03-04 21:33:18,795 [main] INFO  base.BaseClass - Found Element By {by.toString()}
2024-03-04 21:33:19,313 [main] INFO  base.BaseClass - Trying to find Element By {by.toString()})
2024-03-04 21:33:19,348 [main] INFO  base.BaseClass - Found Element By {by.toString()}
2024-03-04 21:33:19,891 [main] INFO  base.BaseClass - Trying to find Element By {by.toString()})
2024-03-04 21:33:19,924 [main] INFO  base.BaseClass - Found Element By {by.toString()}
2024-03-04 21:33:20,481 [main] INFO  base.BaseClass - Trying to find Element By {by.toString()})
2024-03-04 21:33:20,515 [main] INFO  base.BaseClass - Found Element By {by.toString()}
2024-03-04 21:33:21,076 [main] INFO  base.BaseClass - Trying to find Element By {by.toString()})
2024-03-04 21:33:21,099 [main] INFO  base.BaseClass - Found Element By {by.toString()}
2024-03-04 21:33:21,637 [main] INFO  base.BaseClass - Trying to find Element By {by.toString()})
2024-03-04 21:33:21,670 [main] INFO  base.BaseClass - Found Element By {by.toString()}
2024-03-04 21:33:22,215 [main] INFO  base.BaseClass - Trying to find Element By {by.toString()})
2024-03-04 21:33:22,247 [main] INFO  base.BaseClass - Found Element By {by.toString()}
2024-03-04 21:33:22,794 [main] INFO  base.BaseClass - Trying to find Element By {by.toString()})
2024-03-04 21:33:22,828 [main] INFO  base.BaseClass - Found Element By {by.toString()}
2024-03-04 21:33:23,370 [main] INFO  base.BaseClass - Trying to find Element By {by.toString()})
2024-03-04 21:33:23,407 [main] INFO  base.BaseClass - Found Element By {by.toString()}
2024-03-04 21:33:23,960 [main] INFO  base.BaseClass - Trying to find Element By {by.toString()})
2024-03-04 21:33:23,972 [main] INFO  base.BaseClass - Found Element By {by.toString()}
2024-03-04 21:33:24,493 [main] INFO  base.BaseClass - Trying to find Element By {by.toString()})
2024-03-04 21:33:24,507 [main] INFO  base.BaseClass - Found Element By {by.toString()}
2024-03-04 21:33:25,036 [main] INFO  base.BaseClass - Trying to find Element By {by.toString()})
2024-03-04 21:33:25,050 [main] INFO  base.BaseClass - Found Element By {by.toString()}
2024-03-04 21:33:25,579 [main] INFO  base.BaseClass - Trying to find Element By {by.toString()})
2024-03-04 21:33:25,592 [main] INFO  base.BaseClass - Found Element By {by.toString()}
2024-03-04 21:33:26,121 [main] INFO  base.BaseClass - Trying to find Element By {by.toString()})
2024-03-04 21:33:26,142 [main] INFO  base.BaseClass - Found Element By {by.toString()}
2024-03-04 21:33:26,668 [main] INFO  base.BaseClass - Trying to find Element By {by.toString()})
2024-03-04 21:33:26,716 [main] INFO  base.BaseClass - Found Element By {by.toString()}
2024-03-04 21:33:27,234 [main] INFO  base.BaseClass - Trying to find Element By {by.toString()})
2024-03-04 21:33:27,251 [main] INFO  base.BaseClass - Found Element By {by.toString()}
2024-03-04 21:33:27,779 [main] INFO  base.BaseClass - Trying to find Element By {by.toString()})
2024-03-04 21:33:27,810 [main] INFO  base.BaseClass - Found Element By {by.toString()}
2024-03-04 21:33:28,341 [main] INFO  base.BaseClass - Trying to find Element By {by.toString()})
2024-03-04 21:33:28,359 [main] INFO  base.BaseClass - Found Element By {by.toString()}
2024-03-04 21:33:28,887 [main] INFO  base.BaseClass - Trying to find Element By {by.toString()})
2024-03-04 21:33:28,901 [main] INFO  base.BaseClass - Found Element By {by.toString()}
2024-03-04 21:33:29,433 [main] INFO  base.BaseClass - Trying to find Element By {by.toString()})
2024-03-04 21:33:29,463 [main] INFO  base.BaseClass - Found Element By {by.toString()}
2024-03-04 21:33:29,996 [main] INFO  base.BaseClass - Trying to find Element By {by.toString()})
2024-03-04 21:33:30,021 [main] INFO  base.BaseClass - Found Element By {by.toString()}
2024-03-04 21:33:30,557 [main] INFO  base.BaseClass - Trying to find Element By {by.toString()})
2024-03-04 21:33:30,589 [main] INFO  base.BaseClass - Found Element By {by.toString()}
2024-03-04 21:33:31,134 [main] INFO  base.BaseClass - Trying to find Element By {by.toString()})
2024-03-04 21:33:31,149 [main] INFO  base.BaseClass - Found Element By {by.toString()}
2024-03-04 21:33:31,678 [main] INFO  base.BaseClass - Trying to find Element By {by.toString()})
2024-03-04 21:33:31,709 [main] INFO  base.BaseClass - Found Element By {by.toString()}
2024-03-04 21:33:32,255 [main] INFO  base.BaseClass - Trying to find Element By {by.toString()})
2024-03-04 21:33:32,287 [main] INFO  base.BaseClass - Found Element By {by.toString()}
2024-03-04 21:33:32,852 [main] INFO  base.BaseClass - Trying to find Element By {by.toString()})
2024-03-04 21:33:32,876 [main] INFO  base.BaseClass - Found Element By {by.toString()}
2024-03-04 21:33:33,430 [main] INFO  base.BaseClass - Trying to find Element By {by.toString()})
2024-03-04 21:33:33,462 [main] INFO  base.BaseClass - Found Element By {by.toString()}
2024-03-04 21:33:34,006 [main] INFO  base.BaseClass - Trying to find Element By {by.toString()})
2024-03-04 21:33:34,035 [main] INFO  base.BaseClass - Found Element By {by.toString()}
2024-03-04 21:33:34,572 [main] INFO  base.BaseClass - Trying to find Element By {by.toString()})
2024-03-04 21:33:34,607 [main] INFO  base.BaseClass - Found Element By {by.toString()}
2024-03-04 21:33:35,166 [main] INFO  base.BaseClass - Trying to find Element By {by.toString()})
2024-03-04 21:33:35,194 [main] INFO  base.BaseClass - Found Element By {by.toString()}
2024-03-04 21:33:35,745 [main] INFO  base.BaseClass - Trying to find Element By {by.toString()})
2024-03-04 21:33:35,778 [main] INFO  base.BaseClass - Found Element By {by.toString()}
2024-03-04 21:33:36,325 [main] INFO  base.BaseClass - Trying to find Element By {by.toString()})
2024-03-04 21:33:36,358 [main] INFO  base.BaseClass - Found Element By {by.toString()}
2024-03-04 21:33:36,885 [main] INFO  base.BaseClass - Trying to find Element By {by.toString()})
2024-03-04 21:33:36,914 [main] INFO  base.BaseClass - Found Element By {by.toString()}
2024-03-04 21:33:37,444 [main] INFO  base.BaseClass - Trying to find Element By {by.toString()})
2024-03-04 21:33:37,476 [main] INFO  base.BaseClass - Found Element By {by.toString()}
2024-03-04 21:33:38,018 [main] INFO  base.BaseClass - Trying to find Element By {by.toString()})
2024-03-04 21:33:38,036 [main] INFO  base.BaseClass - Found Element By {by.toString()}
2024-03-04 21:33:38,564 [main] INFO  base.BaseClass - Trying to find Element By {by.toString()})
2024-03-04 21:33:38,596 [main] INFO  base.BaseClass - Found Element By {by.toString()}
2024-03-04 21:33:39,140 [main] INFO  base.BaseClass - Trying to find Element By {by.toString()})
2024-03-04 21:33:39,152 [main] INFO  base.BaseClass - Found Element By {by.toString()}
2024-03-04 21:33:39,673 [main] INFO  base.BaseClass - Trying to find Element By {by.toString()})
2024-03-04 21:33:39,698 [main] INFO  base.BaseClass - Found Element By {by.toString()}
2024-03-04 21:33:40,234 [main] INFO  base.BaseClass - Trying to find Element By {by.toString()})
2024-03-04 21:33:40,248 [main] INFO  base.BaseClass - Found Element By {by.toString()}
2024-03-04 21:33:40,780 [main] INFO  base.BaseClass - Trying to find Element By {by.toString()})
2024-03-04 21:33:40,792 [main] INFO  base.BaseClass - Found Element By {by.toString()}
2024-03-04 21:33:41,323 [main] INFO  base.BaseClass - Trying to find Element By {by.toString()})
2024-03-04 21:33:41,674 [main] INFO  base.BaseClass - Found Element By {by.toString()}
2024-03-04 21:33:42,212 [main] INFO  base.BaseClass - Trying to find Element By {by.toString()})
2024-03-04 21:33:42,240 [main] INFO  base.BaseClass - Found Element By {by.toString()}
2024-03-04 21:33:42,776 [main] INFO  base.BaseClass - Trying to find Element By {by.toString()})
2024-03-04 21:33:42,810 [main] INFO  base.BaseClass - Found Element By {by.toString()}
2024-03-04 21:33:43,368 [main] INFO  base.BaseClass - Trying to find Element By {by.toString()})
2024-03-04 21:33:43,397 [main] INFO  base.BaseClass - Found Element By {by.toString()}
2024-03-04 21:33:43,945 [main] INFO  base.BaseClass - Trying to find Element By {by.toString()})
2024-03-04 21:33:43,975 [main] INFO  base.BaseClass - Found Element By {by.toString()}
2024-03-04 21:33:44,505 [main] INFO  base.BaseClass - Trying to find Element By {by.toString()})
2024-03-04 21:33:44,536 [main] INFO  base.BaseClass - Found Element By {by.toString()}
2024-03-04 21:33:45,064 [main] INFO  base.BaseClass - Trying to find Element By {by.toString()})
2024-03-04 21:33:45,075 [main] INFO  base.BaseClass - Found Element By {by.toString()}
2024-03-04 21:33:45,599 [main] INFO  base.BaseClass - Trying to find Element By {by.toString()})
2024-03-04 21:33:45,609 [main] INFO  base.BaseClass - Found Element By {by.toString()}
2024-03-04 21:33:46,131 [main] INFO  base.BaseClass - Trying to find Element By {by.toString()})
2024-03-04 21:33:46,148 [main] INFO  base.BaseClass - Found Element By {by.toString()}
2024-03-04 21:33:46,676 [main] INFO  base.BaseClass - Trying to find Element By {by.toString()})
2024-03-04 21:33:46,692 [main] INFO  base.BaseClass - Found Element By {by.toString()}
2024-03-04 21:33:47,220 [main] INFO  base.BaseClass - Trying to find Element By {by.toString()})
2024-03-04 21:33:47,252 [main] INFO  base.BaseClass - Found Element By {by.toString()}
2024-03-04 21:33:47,799 [main] INFO  base.BaseClass - Trying to find Element By {by.toString()})
2024-03-04 21:33:47,829 [main] INFO  base.BaseClass - Found Element By {by.toString()}
2024-03-04 21:33:48,378 [main] INFO  base.BaseClass - Trying to find Element By {by.toString()})
2024-03-04 21:33:48,390 [main] INFO  base.BaseClass - Found Element By {by.toString()}
2024-03-04 21:33:48,912 [main] INFO  base.BaseClass - Trying to find Element By {by.toString()})
2024-03-04 21:33:48,943 [main] INFO  base.BaseClass - Found Element By {by.toString()}
TimeoutException occurred: Expected condition failed: waiting for helper.WaitUtility$5@11399548 (tried for 30 second(s) with 500 milliseconds interval)
Build info: version: '3.141.59', revision: 'e82be7d358', time: '2018-11-14T08:17:03'
System info: host: 'DPLAP166', ip: '137.237.3.27', os.name: 'Windows 10', os.arch: 'amd64', os.version: '10.0', java.version: '19.0.1'
Driver info: org.openqa.selenium.support.events.EventFiringWebDriver
Capabilities {acceptInsecureCerts: true, browserName: chrome, browserVersion: 122.0.6261.71, chrome: {chromedriverVersion: 122.0.6261.94 (880dbf29479c..., userDataDir: C:\Users\dP-PL\AppData\Loca...}, fedcm:accounts: true, goog:chromeOptions: {debuggerAddress: localhost:55628}, javascriptEnabled: true, networkConnectionEnabled: false, pageLoadStrategy: normal, platform: WINDOWS, platformName: WINDOWS, proxy: Proxy(), setWindowRect: true, strictFileInteractability: false, timeouts: {implicit: 0, pageLoad: 300000, script: 30000}, unhandledPromptBehavior: dismiss and notify, webauthn:extension:credBlob: true, webauthn:extension:largeBlob: true, webauthn:extension:minPinLength: true, webauthn:extension:prf: true, webauthn:virtualAuthenticators: true}
Session ID: 31a988c50edf9352c0ad358376b8e2fb
2024-03-04 21:33:48,989 [main] ERROR XGLT_6756_Test - Element did not become visible within the specified time: Expected condition failed: waiting for helper.WaitUtility$5@11399548 (tried for 30 second(s) with 500 milliseconds interval)
Build info: version: '3.141.59', revision: 'e82be7d358', time: '2018-11-14T08:17:03'
System info: host: 'DPLAP166', ip: '137.237.3.27', os.name: 'Windows 10', os.arch: 'amd64', os.version: '10.0', java.version: '19.0.1'
Driver info: org.openqa.selenium.support.events.EventFiringWebDriver
Capabilities {acceptInsecureCerts: true, browserName: chrome, browserVersion: 122.0.6261.71, chrome: {chromedriverVersion: 122.0.6261.94 (880dbf29479c..., userDataDir: C:\Users\dP-PL\AppData\Loca...}, fedcm:accounts: true, goog:chromeOptions: {debuggerAddress: localhost:55628}, javascriptEnabled: true, networkConnectionEnabled: false, pageLoadStrategy: normal, platform: WINDOWS, platformName: WINDOWS, proxy: Proxy(), setWindowRect: true, strictFileInteractability: false, timeouts: {implicit: 0, pageLoad: 300000, script: 30000}, unhandledPromptBehavior: dismiss and notify, webauthn:extension:credBlob: true, webauthn:extension:largeBlob: true, webauthn:extension:minPinLength: true, webauthn:extension:prf: true, webauthn:virtualAuthenticators: true}
Session ID: 31a988c50edf9352c0ad358376b8e2fb
2024-03-04 21:33:48,989 [main] INFO  base.BaseClass - Trying to find Element By {by.toString()})
2024-03-04 21:33:49,006 [main] INFO  base.BaseClass - Found Element By {by.toString()}
2024-03-04 21:33:49,007 [main] INFO  base.BaseClass - Trying to click on: {element.toString()}
2024-03-04 21:33:49,158 [main] INFO  base.BaseClass - Clicked on: {element.toString()}
2024-03-04 21:33:49,158 [main] INFO  base.BaseClass - Trying to find Element By {by.toString()})
2024-03-04 21:33:49,202 [main] INFO  base.BaseClass - Found Element By {by.toString()}
2024-03-04 21:33:49,724 [main] INFO  base.BaseClass - Trying to find Element By {by.toString()})
2024-03-04 21:33:49,735 [main] INFO  base.BaseClass - Found Element By {by.toString()}
2024-03-04 21:33:50,255 [main] INFO  base.BaseClass - Trying to find Element By {by.toString()})
2024-03-04 21:33:50,287 [main] INFO  base.BaseClass - Found Element By {by.toString()}
2024-03-04 21:33:50,817 [main] INFO  base.BaseClass - Trying to find Element By {by.toString()})
2024-03-04 21:33:50,850 [main] INFO  base.BaseClass - Found Element By {by.toString()}
2024-03-04 21:33:51,395 [main] INFO  base.BaseClass - Trying to find Element By {by.toString()})
2024-03-04 21:33:51,427 [main] INFO  base.BaseClass - Found Element By {by.toString()}
2024-03-04 21:33:51,958 [main] INFO  base.BaseClass - Trying to find Element By {by.toString()})
2024-03-04 21:33:51,976 [main] INFO  base.BaseClass - Found Element By {by.toString()}
2024-03-04 21:33:52,518 [main] INFO  base.BaseClass - Trying to find Element By {by.toString()})
2024-03-04 21:33:52,543 [main] INFO  base.BaseClass - Found Element By {by.toString()}
2024-03-04 21:33:53,093 [main] INFO  base.BaseClass - Trying to find Element By {by.toString()})
2024-03-04 21:33:53,125 [main] INFO  base.BaseClass - Found Element By {by.toString()}
2024-03-04 21:33:53,656 [main] INFO  base.BaseClass - Trying to find Element By {by.toString()})
2024-03-04 21:33:53,688 [main] INFO  base.BaseClass - Found Element By {by.toString()}
2024-03-04 21:33:54,239 [main] INFO  base.BaseClass - Trying to find Element By {by.toString()})
2024-03-04 21:33:54,255 [main] INFO  base.BaseClass - Found Element By {by.toString()}
2024-03-04 21:33:54,787 [main] INFO  base.BaseClass - Trying to find Element By {by.toString()})
2024-03-04 21:33:54,825 [main] INFO  base.BaseClass - Found Element By {by.toString()}
2024-03-04 21:33:55,378 [main] INFO  base.BaseClass - Trying to find Element By {by.toString()})
2024-03-04 21:33:55,389 [main] INFO  base.BaseClass - Found Element By {by.toString()}
2024-03-04 21:33:55,922 [main] INFO  base.BaseClass - Trying to find Element By {by.toString()})
2024-03-04 21:33:55,959 [main] INFO  base.BaseClass - Found Element By {by.toString()}
2024-03-04 21:33:56,501 [main] INFO  base.BaseClass - Trying to find Element By {by.toString()})
2024-03-04 21:33:56,530 [main] INFO  base.BaseClass - Found Element By {by.toString()}
2024-03-04 21:33:57,061 [main] INFO  base.BaseClass - Trying to find Element By {by.toString()})
2024-03-04 21:33:57,073 [main] INFO  base.BaseClass - Found Element By {by.toString()}
2024-03-04 21:33:57,593 [main] INFO  base.BaseClass - Trying to find Element By {by.toString()})
2024-03-04 21:33:57,626 [main] INFO  base.BaseClass - Found Element By {by.toString()}
2024-03-04 21:33:58,169 [main] INFO  base.BaseClass - Trying to find Element By {by.toString()})
2024-03-04 21:33:58,198 [main] INFO  base.BaseClass - Found Element By {by.toString()}
2024-03-04 21:33:58,746 [main] INFO  base.BaseClass - Trying to find Element By {by.toString()})
2024-03-04 21:33:58,777 [main] INFO  base.BaseClass - Found Element By {by.toString()}
2024-03-04 21:33:59,326 [main] INFO  base.BaseClass - Trying to find Element By {by.toString()})
2024-03-04 21:33:59,338 [main] INFO  base.BaseClass - Found Element By {by.toString()}
2024-03-04 21:33:59,857 [main] INFO  base.BaseClass - Trying to find Element By {by.toString()})
2024-03-04 21:33:59,891 [main] INFO  base.BaseClass - Found Element By {by.toString()}
2024-03-04 21:34:00,430 [main] INFO  base.BaseClass - Trying to find Element By {by.toString()})
2024-03-04 21:34:00,451 [main] INFO  base.BaseClass - Found Element By {by.toString()}
2024-03-04 21:34:00,979 [main] INFO  base.BaseClass - Trying to find Element By {by.toString()})
2024-03-04 21:34:01,011 [main] INFO  base.BaseClass - Found Element By {by.toString()}
2024-03-04 21:34:01,554 [main] INFO  base.BaseClass - Trying to find Element By {by.toString()})
2024-03-04 21:34:01,575 [main] INFO  base.BaseClass - Found Element By {by.toString()}
2024-03-04 21:34:02,114 [main] INFO  base.BaseClass - Trying to find Element By {by.toString()})
2024-03-04 21:34:02,146 [main] INFO  base.BaseClass - Found Element By {by.toString()}
2024-03-04 21:34:02,708 [main] INFO  base.BaseClass - Trying to find Element By {by.toString()})
2024-03-04 21:34:02,739 [main] INFO  base.BaseClass - Found Element By {by.toString()}
2024-03-04 21:34:03,286 [main] INFO  base.BaseClass - Trying to find Element By {by.toString()})
2024-03-04 21:34:03,317 [main] INFO  base.BaseClass - Found Element By {by.toString()}
2024-03-04 21:34:03,861 [main] INFO  base.BaseClass - Trying to find Element By {by.toString()})
2024-03-04 21:34:03,894 [main] INFO  base.BaseClass - Found Element By {by.toString()}
2024-03-04 21:34:04,439 [main] INFO  base.BaseClass - Trying to find Element By {by.toString()})
2024-03-04 21:34:04,465 [main] INFO  base.BaseClass - Found Element By {by.toString()}
2024-03-04 21:34:04,987 [main] INFO  base.BaseClass - Trying to find Element By {by.toString()})
2024-03-04 21:34:05,018 [main] INFO  base.BaseClass - Found Element By {by.toString()}
2024-03-04 21:34:05,577 [main] INFO  base.BaseClass - Trying to find Element By {by.toString()})
2024-03-04 21:34:05,609 [main] INFO  base.BaseClass - Found Element By {by.toString()}
2024-03-04 21:34:06,168 [main] INFO  base.BaseClass - Trying to find Element By {by.toString()})
2024-03-04 21:34:06,370 [main] INFO  base.BaseClass - Found Element By {by.toString()}
2024-03-04 21:34:06,920 [main] INFO  base.BaseClass - Trying to find Element By {by.toString()})
2024-03-04 21:34:06,952 [main] INFO  base.BaseClass - Found Element By {by.toString()}
2024-03-04 21:34:07,500 [main] INFO  base.BaseClass - Trying to find Element By {by.toString()})
2024-03-04 21:34:07,523 [main] INFO  base.BaseClass - Found Element By {by.toString()}
2024-03-04 21:34:08,063 [main] INFO  base.BaseClass - Trying to find Element By {by.toString()})
2024-03-04 21:34:08,091 [main] INFO  base.BaseClass - Found Element By {by.toString()}
2024-03-04 21:34:08,640 [main] INFO  base.BaseClass - Trying to find Element By {by.toString()})
2024-03-04 21:34:08,671 [main] INFO  base.BaseClass - Found Element By {by.toString()}
2024-03-04 21:34:09,234 [main] INFO  base.BaseClass - Trying to find Element By {by.toString()})
2024-03-04 21:34:09,264 [main] INFO  base.BaseClass - Found Element By {by.toString()}
2024-03-04 21:34:09,797 [main] INFO  base.BaseClass - Trying to find Element By {by.toString()})
2024-03-04 21:34:09,828 [main] INFO  base.BaseClass - Found Element By {by.toString()}
2024-03-04 21:34:10,371 [main] INFO  base.BaseClass - Trying to find Element By {by.toString()})
2024-03-04 21:34:10,385 [main] INFO  base.BaseClass - Found Element By {by.toString()}
2024-03-04 21:34:10,916 [main] INFO  base.BaseClass - Trying to find Element By {by.toString()})
2024-03-04 21:34:10,948 [main] INFO  base.BaseClass - Found Element By {by.toString()}
2024-03-04 21:34:11,498 [main] INFO  base.BaseClass - Trying to find Element By {by.toString()})
2024-03-04 21:34:11,520 [main] INFO  base.BaseClass - Found Element By {by.toString()}
2024-03-04 21:34:12,045 [main] INFO  base.BaseClass - Trying to find Element By {by.toString()})
2024-03-04 21:34:12,075 [main] INFO  base.BaseClass - Found Element By {by.toString()}
2024-03-04 21:34:12,618 [main] INFO  base.BaseClass - Trying to find Element By {by.toString()})
2024-03-04 21:34:12,643 [main] INFO  base.BaseClass - Found Element By {by.toString()}
2024-03-04 21:34:13,196 [main] INFO  base.BaseClass - Trying to find Element By {by.toString()})
2024-03-04 21:34:13,247 [main] INFO  base.BaseClass - Found Element By {by.toString()}
2024-03-04 21:34:13,775 [main] INFO  base.BaseClass - Trying to find Element By {by.toString()})
2024-03-04 21:34:13,808 [main] INFO  base.BaseClass - Found Element By {by.toString()}
2024-03-04 21:34:14,367 [main] INFO  base.BaseClass - Trying to find Element By {by.toString()})
2024-03-04 21:34:14,402 [main] INFO  base.BaseClass - Found Element By {by.toString()}
2024-03-04 21:34:14,941 [main] INFO  base.BaseClass - Trying to find Element By {by.toString()})
2024-03-04 21:34:14,961 [main] INFO  base.BaseClass - Found Element By {by.toString()}
2024-03-04 21:34:15,486 [main] INFO  base.BaseClass - Trying to find Element By {by.toString()})
2024-03-04 21:34:15,517 [main] INFO  base.BaseClass - Found Element By {by.toString()}
2024-03-04 21:34:16,077 [main] INFO  base.BaseClass - Trying to find Element By {by.toString()})
2024-03-04 21:34:16,107 [main] INFO  base.BaseClass - Found Element By {by.toString()}
2024-03-04 21:34:16,641 [main] INFO  base.BaseClass - Trying to find Element By {by.toString()})
2024-03-04 21:34:16,656 [main] INFO  base.BaseClass - Found Element By {by.toString()}
2024-03-04 21:34:17,190 [main] INFO  base.BaseClass - Trying to find Element By {by.toString()})
2024-03-04 21:34:17,222 [main] INFO  base.BaseClass - Found Element By {by.toString()}
2024-03-04 21:34:17,765 [main] INFO  base.BaseClass - Trying to find Element By {by.toString()})
2024-03-04 21:34:17,796 [main] INFO  base.BaseClass - Found Element By {by.toString()}
2024-03-04 21:34:18,345 [main] INFO  base.BaseClass - Trying to find Element By {by.toString()})
2024-03-04 21:34:18,374 [main] INFO  base.BaseClass - Found Element By {by.toString()}
2024-03-04 21:34:18,909 [main] INFO  base.BaseClass - Trying to find Element By {by.toString()})
2024-03-04 21:34:18,940 [main] INFO  base.BaseClass - Found Element By {by.toString()}
2024-03-04 21:34:19,470 [main] INFO  base.BaseClass - Trying to find Element By {by.toString()})
2024-03-04 21:34:19,502 [main] INFO  base.BaseClass - Found Element By {by.toString()}
TimeoutException occurred: Expected condition failed: waiting for helper.WaitUtility$5@59d5c537 (tried for 30 second(s) with 500 milliseconds interval)
Build info: version: '3.141.59', revision: 'e82be7d358', time: '2018-11-14T08:17:03'
System info: host: 'DPLAP166', ip: '137.237.3.27', os.name: 'Windows 10', os.arch: 'amd64', os.version: '10.0', java.version: '19.0.1'
Driver info: org.openqa.selenium.support.events.EventFiringWebDriver
Capabilities {acceptInsecureCerts: true, browserName: chrome, browserVersion: 122.0.6261.71, chrome: {chromedriverVersion: 122.0.6261.94 (880dbf29479c..., userDataDir: C:\Users\dP-PL\AppData\Loca...}, fedcm:accounts: true, goog:chromeOptions: {debuggerAddress: localhost:55628}, javascriptEnabled: true, networkConnectionEnabled: false, pageLoadStrategy: normal, platform: WINDOWS, platformName: WINDOWS, proxy: Proxy(), setWindowRect: true, strictFileInteractability: false, timeouts: {implicit: 0, pageLoad: 300000, script: 30000}, unhandledPromptBehavior: dismiss and notify, webauthn:extension:credBlob: true, webauthn:extension:largeBlob: true, webauthn:extension:minPinLength: true, webauthn:extension:prf: true, webauthn:virtualAuthenticators: true}
Session ID: 31a988c50edf9352c0ad358376b8e2fb
2024-03-04 21:34:19,536 [main] ERROR XGLT_6756_Test - Element did not become visible within the specified time: Expected condition failed: waiting for helper.WaitUtility$5@59d5c537 (tried for 30 second(s) with 500 milliseconds interval)
Build info: version: '3.141.59', revision: 'e82be7d358', time: '2018-11-14T08:17:03'
System info: host: 'DPLAP166', ip: '137.237.3.27', os.name: 'Windows 10', os.arch: 'amd64', os.version: '10.0', java.version: '19.0.1'
Driver info: org.openqa.selenium.support.events.EventFiringWebDriver
Capabilities {acceptInsecureCerts: true, browserName: chrome, browserVersion: 122.0.6261.71, chrome: {chromedriverVersion: 122.0.6261.94 (880dbf29479c..., userDataDir: C:\Users\dP-PL\AppData\Loca...}, fedcm:accounts: true, goog:chromeOptions: {debuggerAddress: localhost:55628}, javascriptEnabled: true, networkConnectionEnabled: false, pageLoadStrategy: normal, platform: WINDOWS, platformName: WINDOWS, proxy: Proxy(), setWindowRect: true, strictFileInteractability: false, timeouts: {implicit: 0, pageLoad: 300000, script: 30000}, unhandledPromptBehavior: dismiss and notify, webauthn:extension:credBlob: true, webauthn:extension:largeBlob: true, webauthn:extension:minPinLength: true, webauthn:extension:prf: true, webauthn:virtualAuthenticators: true}
Session ID: 31a988c50edf9352c0ad358376b8e2fb
2024-03-04 21:34:19,536 [main] INFO  base.BaseClass - Trying to find Element By {by.toString()})
2024-03-04 21:34:19,551 [main] INFO  base.BaseClass - Found Element By {by.toString()}
2024-03-04 21:34:19,552 [main] INFO  base.BaseClass - Trying to click on: {element.toString()}
2024-03-04 21:34:19,607 [main] INFO  base.BaseClass - Clicked on: {element.toString()}
2024-03-04 21:34:19,607 [main] INFO  base.BaseClass - Trying to find Element By {by.toString()})
2024-03-04 21:34:19,620 [main] INFO  base.BaseClass - Found Element By {by.toString()}
2024-03-04 21:34:20,136 [main] INFO  base.BaseClass - Trying to find Element By {by.toString()})
2024-03-04 21:34:20,169 [main] INFO  base.BaseClass - Found Element By {by.toString()}
2024-03-04 21:34:20,695 [main] INFO  base.BaseClass - Trying to find Element By {by.toString()})
2024-03-04 21:34:20,710 [main] INFO  base.BaseClass - Found Element By {by.toString()}
2024-03-04 21:34:21,225 [main] INFO  base.BaseClass - Trying to find Element By {by.toString()})
2024-03-04 21:34:21,256 [main] INFO  base.BaseClass - Found Element By {by.toString()}
2024-03-04 21:34:21,802 [main] INFO  base.BaseClass - Trying to find Element By {by.toString()})
2024-03-04 21:34:21,828 [main] INFO  base.BaseClass - Found Element By {by.toString()}
2024-03-04 21:34:22,364 [main] INFO  base.BaseClass - Trying to find Element By {by.toString()})
2024-03-04 21:34:22,396 [main] INFO  base.BaseClass - Found Element By {by.toString()}
2024-03-04 21:34:22,946 [main] INFO  base.BaseClass - Trying to find Element By {by.toString()})
2024-03-04 21:34:22,975 [main] INFO  base.BaseClass - Found Element By {by.toString()}
2024-03-04 21:34:23,508 [main] INFO  base.BaseClass - Trying to find Element By {by.toString()})
2024-03-04 21:34:23,522 [main] INFO  base.BaseClass - Found Element By {by.toString()}
2024-03-04 21:34:24,056 [main] INFO  base.BaseClass - Trying to find Element By {by.toString()})
2024-03-04 21:34:24,086 [main] INFO  base.BaseClass - Found Element By {by.toString()}
2024-03-04 21:34:24,628 [main] INFO  base.BaseClass - Trying to find Element By {by.toString()})
2024-03-04 21:34:24,652 [main] INFO  base.BaseClass - Found Element By {by.toString()}
2024-03-04 21:34:25,175 [main] INFO  base.BaseClass - Trying to find Element By {by.toString()})
2024-03-04 21:34:25,205 [main] INFO  base.BaseClass - Found Element By {by.toString()}
2024-03-04 21:34:25,738 [main] INFO  base.BaseClass - Trying to find Element By {by.toString()})
2024-03-04 21:34:25,769 [main] INFO  base.BaseClass - Found Element By {by.toString()}
2024-03-04 21:34:26,316 [main] INFO  base.BaseClass - Trying to find Element By {by.toString()})
2024-03-04 21:34:26,345 [main] INFO  base.BaseClass - Found Element By {by.toString()}
2024-03-04 21:34:26,880 [main] INFO  base.BaseClass - Trying to find Element By {by.toString()})
2024-03-04 21:34:26,910 [main] INFO  base.BaseClass - Found Element By {by.toString()}
2024-03-04 21:34:27,445 [main] INFO  base.BaseClass - Trying to find Element By {by.toString()})
2024-03-04 21:34:27,474 [main] INFO  base.BaseClass - Found Element By {by.toString()}
2024-03-04 21:34:28,024 [main] INFO  base.BaseClass - Trying to find Element By {by.toString()})
2024-03-04 21:34:28,054 [main] INFO  base.BaseClass - Found Element By {by.toString()}
2024-03-04 21:34:28,617 [main] INFO  base.BaseClass - Trying to find Element By {by.toString()})
2024-03-04 21:34:28,646 [main] INFO  base.BaseClass - Found Element By {by.toString()}
2024-03-04 21:34:29,182 [main] INFO  base.BaseClass - Trying to find Element By {by.toString()})
2024-03-04 21:34:29,198 [main] INFO  base.BaseClass - Found Element By {by.toString()}
2024-03-04 21:34:29,714 [main] INFO  base.BaseClass - Trying to find Element By {by.toString()})
2024-03-04 21:34:29,732 [main] INFO  base.BaseClass - Found Element By {by.toString()}
2024-03-04 21:34:30,264 [main] INFO  base.BaseClass - Trying to find Element By {by.toString()})
2024-03-04 21:34:30,295 [main] INFO  base.BaseClass - Found Element By {by.toString()}
2024-03-04 21:34:30,840 [main] INFO  base.BaseClass - Trying to find Element By {by.toString()})
2024-03-04 21:34:30,872 [main] INFO  base.BaseClass - Found Element By {by.toString()}
2024-03-04 21:34:31,420 [main] INFO  base.BaseClass - Trying to find Element By {by.toString()})
2024-03-04 21:34:31,450 [main] INFO  base.BaseClass - Found Element By {by.toString()}
2024-03-04 21:34:31,997 [main] INFO  base.BaseClass - Trying to find Element By {by.toString()})
2024-03-04 21:34:32,027 [main] INFO  base.BaseClass - Found Element By {by.toString()}
2024-03-04 21:34:32,557 [main] INFO  base.BaseClass - Trying to find Element By {by.toString()})
2024-03-04 21:34:32,589 [main] INFO  base.BaseClass - Found Element By {by.toString()}
2024-03-04 21:34:33,133 [main] INFO  base.BaseClass - Trying to find Element By {by.toString()})
2024-03-04 21:34:33,163 [main] INFO  base.BaseClass - Found Element By {by.toString()}
2024-03-04 21:34:33,711 [main] INFO  base.BaseClass - Trying to find Element By {by.toString()})
2024-03-04 21:34:33,735 [main] INFO  base.BaseClass - Found Element By {by.toString()}
2024-03-04 21:34:34,259 [main] INFO  base.BaseClass - Trying to find Element By {by.toString()})
2024-03-04 21:34:34,291 [main] INFO  base.BaseClass - Found Element By {by.toString()}
2024-03-04 21:34:34,851 [main] INFO  base.BaseClass - Trying to find Element By {by.toString()})
2024-03-04 21:34:34,864 [main] INFO  base.BaseClass - Found Element By {by.toString()}
2024-03-04 21:34:35,397 [main] INFO  base.BaseClass - Trying to find Element By {by.toString()})
2024-03-04 21:34:35,428 [main] INFO  base.BaseClass - Found Element By {by.toString()}
2024-03-04 21:34:35,975 [main] INFO  base.BaseClass - Trying to find Element By {by.toString()})
2024-03-04 21:34:36,006 [main] INFO  base.BaseClass - Found Element By {by.toString()}
2024-03-04 21:34:36,556 [main] INFO  base.BaseClass - Trying to find Element By {by.toString()})
2024-03-04 21:34:36,587 [main] INFO  base.BaseClass - Found Element By {by.toString()}
2024-03-04 21:34:37,119 [main] INFO  base.BaseClass - Trying to find Element By {by.toString()})
2024-03-04 21:34:37,150 [main] INFO  base.BaseClass - Found Element By {by.toString()}
2024-03-04 21:34:37,703 [main] INFO  base.BaseClass - Trying to find Element By {by.toString()})
2024-03-04 21:34:37,733 [main] INFO  base.BaseClass - Found Element By {by.toString()}
2024-03-04 21:34:38,264 [main] INFO  base.BaseClass - Trying to find Element By {by.toString()})
2024-03-04 21:34:38,295 [main] INFO  base.BaseClass - Found Element By {by.toString()}
2024-03-04 21:34:38,860 [main] INFO  base.BaseClass - Trying to find Element By {by.toString()})
2024-03-04 21:34:38,892 [main] INFO  base.BaseClass - Found Element By {by.toString()}
2024-03-04 21:34:39,437 [main] INFO  base.BaseClass - Trying to find Element By {by.toString()})
2024-03-04 21:34:39,453 [main] INFO  base.BaseClass - Found Element By {by.toString()}
2024-03-04 21:34:39,986 [main] INFO  base.BaseClass - Trying to find Element By {by.toString()})
2024-03-04 21:34:40,014 [main] INFO  base.BaseClass - Found Element By {by.toString()}
2024-03-04 21:34:40,546 [main] INFO  base.BaseClass - Trying to find Element By {by.toString()})
2024-03-04 21:34:40,575 [main] INFO  base.BaseClass - Found Element By {by.toString()}
2024-03-04 21:34:41,108 [main] INFO  base.BaseClass - Trying to find Element By {by.toString()})
2024-03-04 21:34:41,140 [main] INFO  base.BaseClass - Found Element By {by.toString()}
2024-03-04 21:34:41,672 [main] INFO  base.BaseClass - Trying to find Element By {by.toString()})
2024-03-04 21:34:41,705 [main] INFO  base.BaseClass - Found Element By {by.toString()}
2024-03-04 21:34:42,235 [main] INFO  base.BaseClass - Trying to find Element By {by.toString()})
2024-03-04 21:34:42,265 [main] INFO  base.BaseClass - Found Element By {by.toString()}
2024-03-04 21:34:42,811 [main] INFO  base.BaseClass - Trying to find Element By {by.toString()})
2024-03-04 21:34:42,840 [main] INFO  base.BaseClass - Found Element By {by.toString()}
2024-03-04 21:34:43,393 [main] INFO  base.BaseClass - Trying to find Element By {by.toString()})
2024-03-04 21:34:43,422 [main] INFO  base.BaseClass - Found Element By {by.toString()}
2024-03-04 21:34:43,971 [main] INFO  base.BaseClass - Trying to find Element By {by.toString()})
2024-03-04 21:34:44,002 [main] INFO  base.BaseClass - Found Element By {by.toString()}
2024-03-04 21:34:44,552 [main] INFO  base.BaseClass - Trying to find Element By {by.toString()})
2024-03-04 21:34:44,581 [main] INFO  base.BaseClass - Found Element By {by.toString()}
2024-03-04 21:34:45,130 [main] INFO  base.BaseClass - Trying to find Element By {by.toString()})
2024-03-04 21:34:45,160 [main] INFO  base.BaseClass - Found Element By {by.toString()}
2024-03-04 21:34:45,692 [main] INFO  base.BaseClass - Trying to find Element By {by.toString()})
2024-03-04 21:34:45,716 [main] INFO  base.BaseClass - Found Element By {by.toString()}
2024-03-04 21:34:46,265 [main] INFO  base.BaseClass - Trying to find Element By {by.toString()})
2024-03-04 21:34:46,276 [main] INFO  base.BaseClass - Found Element By {by.toString()}
2024-03-04 21:34:46,797 [main] INFO  base.BaseClass - Trying to find Element By {by.toString()})
2024-03-04 21:34:46,811 [main] INFO  base.BaseClass - Found Element By {by.toString()}
2024-03-04 21:34:47,344 [main] INFO  base.BaseClass - Trying to find Element By {by.toString()})
2024-03-04 21:34:47,374 [main] INFO  base.BaseClass - Found Element By {by.toString()}
2024-03-04 21:34:47,922 [main] INFO  base.BaseClass - Trying to find Element By {by.toString()})
2024-03-04 21:34:47,950 [main] INFO  base.BaseClass - Found Element By {by.toString()}
2024-03-04 21:34:48,496 [main] INFO  base.BaseClass - Trying to find Element By {by.toString()})
2024-03-04 21:34:48,517 [main] INFO  base.BaseClass - Found Element By {by.toString()}
2024-03-04 21:34:49,056 [main] INFO  base.BaseClass - Trying to find Element By {by.toString()})
2024-03-04 21:34:49,087 [main] INFO  base.BaseClass - Found Element By {by.toString()}
2024-03-04 21:34:49,628 [main] INFO  base.BaseClass - Trying to find Element By {by.toString()})
2024-03-04 21:34:49,641 [main] INFO  base.BaseClass - Found Element By {by.toString()}
TimeoutException occurred: Expected condition failed: waiting for helper.WaitUtility$5@5d68954d (tried for 30 second(s) with 500 milliseconds interval)
Build info: version: '3.141.59', revision: 'e82be7d358', time: '2018-11-14T08:17:03'
System info: host: 'DPLAP166', ip: '137.237.3.27', os.name: 'Windows 10', os.arch: 'amd64', os.version: '10.0', java.version: '19.0.1'
Driver info: org.openqa.selenium.support.events.EventFiringWebDriver
Capabilities {acceptInsecureCerts: true, browserName: chrome, browserVersion: 122.0.6261.71, chrome: {chromedriverVersion: 122.0.6261.94 (880dbf29479c..., userDataDir: C:\Users\dP-PL\AppData\Loca...}, fedcm:accounts: true, goog:chromeOptions: {debuggerAddress: localhost:55628}, javascriptEnabled: true, networkConnectionEnabled: false, pageLoadStrategy: normal, platform: WINDOWS, platformName: WINDOWS, proxy: Proxy(), setWindowRect: true, strictFileInteractability: false, timeouts: {implicit: 0, pageLoad: 300000, script: 30000}, unhandledPromptBehavior: dismiss and notify, webauthn:extension:credBlob: true, webauthn:extension:largeBlob: true, webauthn:extension:minPinLength: true, webauthn:extension:prf: true, webauthn:virtualAuthenticators: true}
Session ID: 31a988c50edf9352c0ad358376b8e2fb
2024-03-04 21:34:49,660 [main] ERROR XGLT_6756_Test - Element did not become visible within the specified time: Expected condition failed: waiting for helper.WaitUtility$5@5d68954d (tried for 30 second(s) with 500 milliseconds interval)
Build info: version: '3.141.59', revision: 'e82be7d358', time: '2018-11-14T08:17:03'
System info: host: 'DPLAP166', ip: '137.237.3.27', os.name: 'Windows 10', os.arch: 'amd64', os.version: '10.0', java.version: '19.0.1'
Driver info: org.openqa.selenium.support.events.EventFiringWebDriver
Capabilities {acceptInsecureCerts: true, browserName: chrome, browserVersion: 122.0.6261.71, chrome: {chromedriverVersion: 122.0.6261.94 (880dbf29479c..., userDataDir: C:\Users\dP-PL\AppData\Loca...}, fedcm:accounts: true, goog:chromeOptions: {debuggerAddress: localhost:55628}, javascriptEnabled: true, networkConnectionEnabled: false, pageLoadStrategy: normal, platform: WINDOWS, platformName: WINDOWS, proxy: Proxy(), setWindowRect: true, strictFileInteractability: false, timeouts: {implicit: 0, pageLoad: 300000, script: 30000}, unhandledPromptBehavior: dismiss and notify, webauthn:extension:credBlob: true, webauthn:extension:largeBlob: true, webauthn:extension:minPinLength: true, webauthn:extension:prf: true, webauthn:virtualAuthenticators: true}
Session ID: 31a988c50edf9352c0ad358376b8e2fb
2024-03-04 21:34:49,660 [main] INFO  base.BaseClass - Trying to find Element By {by.toString()})
2024-03-04 21:34:49,670 [main] INFO  base.BaseClass - Found Element By {by.toString()}
2024-03-04 21:34:49,670 [main] INFO  base.BaseClass - Trying to click on: {element.toString()}
2024-03-04 21:34:49,747 [main] INFO  base.BaseClass - Clicked on: {element.toString()}
2024-03-04 21:34:49,747 [main] INFO  base.BaseClass - Trying to find Element By {by.toString()})
2024-03-04 21:34:49,763 [main] INFO  base.BaseClass - Found Element By {by.toString()}
2024-03-04 21:34:50,282 [main] INFO  base.BaseClass - Trying to find Element By {by.toString()})
2024-03-04 21:34:50,315 [main] INFO  base.BaseClass - Found Element By {by.toString()}
2024-03-04 21:34:50,856 [main] INFO  base.BaseClass - Trying to find Element By {by.toString()})
2024-03-04 21:34:50,956 [main] INFO  base.BaseClass - Found Element By {by.toString()}
2024-03-04 21:34:51,494 [main] INFO  base.BaseClass - Trying to find Element By {by.toString()})
2024-03-04 21:34:51,525 [main] INFO  base.BaseClass - Found Element By {by.toString()}
2024-03-04 21:34:52,059 [main] INFO  base.BaseClass - Trying to find Element By {by.toString()})
2024-03-04 21:34:52,090 [main] INFO  base.BaseClass - Found Element By {by.toString()}
2024-03-04 21:34:52,643 [main] INFO  base.BaseClass - Trying to find Element By {by.toString()})
2024-03-04 21:34:52,667 [main] INFO  base.BaseClass - Found Element By {by.toString()}
2024-03-04 21:34:53,205 [main] INFO  base.BaseClass - Trying to find Element By {by.toString()})
2024-03-04 21:34:53,237 [main] INFO  base.BaseClass - Found Element By {by.toString()}
2024-03-04 21:34:53,785 [main] INFO  base.BaseClass - Trying to find Element By {by.toString()})
2024-03-04 21:34:53,816 [main] INFO  base.BaseClass - Found Element By {by.toString()}
2024-03-04 21:34:54,361 [main] INFO  base.BaseClass - Trying to find Element By {by.toString()})
2024-03-04 21:34:54,393 [main] INFO  base.BaseClass - Found Element By {by.toString()}
2024-03-04 21:34:54,934 [main] INFO  base.BaseClass - Trying to find Element By {by.toString()})
2024-03-04 21:34:54,954 [main] INFO  base.BaseClass - Found Element By {by.toString()}
2024-03-04 21:34:55,482 [main] INFO  base.BaseClass - Trying to find Element By {by.toString()})
2024-03-04 21:34:55,514 [main] INFO  base.BaseClass - Found Element By {by.toString()}
2024-03-04 21:34:56,047 [main] INFO  base.BaseClass - Trying to find Element By {by.toString()})
2024-03-04 21:34:56,073 [main] INFO  base.BaseClass - Found Element By {by.toString()}
2024-03-04 21:34:56,595 [main] INFO  base.BaseClass - Trying to find Element By {by.toString()})
2024-03-04 21:34:56,626 [main] INFO  base.BaseClass - Found Element By {by.toString()}
2024-03-04 21:34:57,175 [main] INFO  base.BaseClass - Trying to find Element By {by.toString()})
2024-03-04 21:34:57,208 [main] INFO  base.BaseClass - Found Element By {by.toString()}
2024-03-04 21:34:57,751 [main] INFO  base.BaseClass - Trying to find Element By {by.toString()})
2024-03-04 21:34:57,782 [main] INFO  base.BaseClass - Found Element By {by.toString()}
2024-03-04 21:34:58,330 [main] INFO  base.BaseClass - Trying to find Element By {by.toString()})
2024-03-04 21:34:58,360 [main] INFO  base.BaseClass - Found Element By {by.toString()}
2024-03-04 21:34:58,907 [main] INFO  base.BaseClass - Trying to find Element By {by.toString()})
2024-03-04 21:34:58,938 [main] INFO  base.BaseClass - Found Element By {by.toString()}
2024-03-04 21:34:59,470 [main] INFO  base.BaseClass - Trying to find Element By {by.toString()})
2024-03-04 21:34:59,504 [main] INFO  base.BaseClass - Found Element By {by.toString()}
2024-03-04 21:35:00,046 [main] INFO  base.BaseClass - Trying to find Element By {by.toString()})
2024-03-04 21:35:00,058 [main] INFO  base.BaseClass - Found Element By {by.toString()}
2024-03-04 21:35:00,576 [main] INFO  base.BaseClass - Trying to find Element By {by.toString()})
2024-03-04 21:35:00,608 [main] INFO  base.BaseClass - Found Element By {by.toString()}
2024-03-04 21:35:01,159 [main] INFO  base.BaseClass - Trying to find Element By {by.toString()})
2024-03-04 21:35:01,189 [main] INFO  base.BaseClass - Found Element By {by.toString()}
2024-03-04 21:35:01,738 [main] INFO  base.BaseClass - Trying to find Element By {by.toString()})
2024-03-04 21:35:01,768 [main] INFO  base.BaseClass - Found Element By {by.toString()}
2024-03-04 21:35:02,301 [main] INFO  base.BaseClass - Trying to find Element By {by.toString()})
2024-03-04 21:35:02,332 [main] INFO  base.BaseClass - Found Element By {by.toString()}
2024-03-04 21:35:02,880 [main] INFO  base.BaseClass - Trying to find Element By {by.toString()})
2024-03-04 21:35:02,911 [main] INFO  base.BaseClass - Found Element By {by.toString()}
2024-03-04 21:35:03,454 [main] INFO  base.BaseClass - Trying to find Element By {by.toString()})
2024-03-04 21:35:03,482 [main] INFO  base.BaseClass - Found Element By {by.toString()}
2024-03-04 21:35:04,018 [main] INFO  base.BaseClass - Trying to find Element By {by.toString()})
2024-03-04 21:35:04,046 [main] INFO  base.BaseClass - Found Element By {by.toString()}
2024-03-04 21:35:04,580 [main] INFO  base.BaseClass - Trying to find Element By {by.toString()})
2024-03-04 21:35:04,610 [main] INFO  base.BaseClass - Found Element By {by.toString()}
2024-03-04 21:35:05,169 [main] INFO  base.BaseClass - Trying to find Element By {by.toString()})
2024-03-04 21:35:05,198 [main] INFO  base.BaseClass - Found Element By {by.toString()}
2024-03-04 21:35:05,745 [main] INFO  base.BaseClass - Trying to find Element By {by.toString()})
2024-03-04 21:35:05,774 [main] INFO  base.BaseClass - Found Element By {by.toString()}
2024-03-04 21:35:06,307 [main] INFO  base.BaseClass - Trying to find Element By {by.toString()})
2024-03-04 21:35:06,338 [main] INFO  base.BaseClass - Found Element By {by.toString()}
2024-03-04 21:35:06,867 [main] INFO  base.BaseClass - Trying to find Element By {by.toString()})
2024-03-04 21:35:06,898 [main] INFO  base.BaseClass - Found Element By {by.toString()}
2024-03-04 21:35:07,443 [main] INFO  base.BaseClass - Trying to find Element By {by.toString()})
2024-03-04 21:35:07,476 [main] INFO  base.BaseClass - Found Element By {by.toString()}
2024-03-04 21:35:08,008 [main] INFO  base.BaseClass - Trying to find Element By {by.toString()})
2024-03-04 21:35:08,037 [main] INFO  base.BaseClass - Found Element By {by.toString()}
2024-03-04 21:35:08,566 [main] INFO  base.BaseClass - Trying to find Element By {by.toString()})
2024-03-04 21:35:08,598 [main] INFO  base.BaseClass - Found Element By {by.toString()}
2024-03-04 21:35:09,159 [main] INFO  base.BaseClass - Trying to find Element By {by.toString()})
2024-03-04 21:35:09,193 [main] INFO  base.BaseClass - Found Element By {by.toString()}
2024-03-04 21:35:09,737 [main] INFO  base.BaseClass - Trying to find Element By {by.toString()})
2024-03-04 21:35:09,758 [main] INFO  base.BaseClass - Found Element By {by.toString()}
2024-03-04 21:35:10,313 [main] INFO  base.BaseClass - Trying to find Element By {by.toString()})
2024-03-04 21:35:10,344 [main] INFO  base.BaseClass - Found Element By {by.toString()}
2024-03-04 21:35:10,894 [main] INFO  base.BaseClass - Trying to find Element By {by.toString()})
2024-03-04 21:35:10,917 [main] INFO  base.BaseClass - Found Element By {by.toString()}
2024-03-04 21:35:11,456 [main] INFO  base.BaseClass - Trying to find Element By {by.toString()})
2024-03-04 21:35:11,489 [main] INFO  base.BaseClass - Found Element By {by.toString()}
2024-03-04 21:35:12,036 [main] INFO  base.BaseClass - Trying to find Element By {by.toString()})
2024-03-04 21:35:12,085 [main] INFO  base.BaseClass - Found Element By {by.toString()}
2024-03-04 21:35:12,609 [main] INFO  base.BaseClass - Trying to find Element By {by.toString()})
2024-03-04 21:35:12,642 [main] INFO  base.BaseClass - Found Element By {by.toString()}
2024-03-04 21:35:13,190 [main] INFO  base.BaseClass - Trying to find Element By {by.toString()})
2024-03-04 21:35:13,220 [main] INFO  base.BaseClass - Found Element By {by.toString()}
2024-03-04 21:35:13,750 [main] INFO  base.BaseClass - Trying to find Element By {by.toString()})
2024-03-04 21:35:13,779 [main] INFO  base.BaseClass - Found Element By {by.toString()}
2024-03-04 21:35:14,313 [main] INFO  base.BaseClass - Trying to find Element By {by.toString()})
2024-03-04 21:35:14,341 [main] INFO  base.BaseClass - Found Element By {by.toString()}
2024-03-04 21:35:14,875 [main] INFO  base.BaseClass - Trying to find Element By {by.toString()})
2024-03-04 21:35:14,907 [main] INFO  base.BaseClass - Found Element By {by.toString()}
2024-03-04 21:35:15,452 [main] INFO  base.BaseClass - Trying to find Element By {by.toString()})
2024-03-04 21:35:15,481 [main] INFO  base.BaseClass - Found Element By {by.toString()}
2024-03-04 21:35:16,016 [main] INFO  base.BaseClass - Trying to find Element By {by.toString()})
2024-03-04 21:35:16,049 [main] INFO  base.BaseClass - Found Element By {by.toString()}
2024-03-04 21:35:16,592 [main] INFO  base.BaseClass - Trying to find Element By {by.toString()})
2024-03-04 21:35:16,626 [main] INFO  base.BaseClass - Found Element By {by.toString()}
2024-03-04 21:35:17,166 [main] INFO  base.BaseClass - Trying to find Element By {by.toString()})
2024-03-04 21:35:17,195 [main] INFO  base.BaseClass - Found Element By {by.toString()}
2024-03-04 21:35:17,717 [main] INFO  base.BaseClass - Trying to find Element By {by.toString()})
2024-03-04 21:35:17,747 [main] INFO  base.BaseClass - Found Element By {by.toString()}
2024-03-04 21:35:18,278 [main] INFO  base.BaseClass - Trying to find Element By {by.toString()})
2024-03-04 21:35:18,310 [main] INFO  base.BaseClass - Found Element By {by.toString()}
2024-03-04 21:35:18,868 [main] INFO  base.BaseClass - Trying to find Element By {by.toString()})
2024-03-04 21:35:18,897 [main] INFO  base.BaseClass - Found Element By {by.toString()}
2024-03-04 21:35:19,447 [main] INFO  base.BaseClass - Trying to find Element By {by.toString()})
2024-03-04 21:35:19,478 [main] INFO  base.BaseClass - Found Element By {by.toString()}
2024-03-04 21:35:20,038 [main] INFO  base.BaseClass - Trying to find Element By {by.toString()})
2024-03-04 21:35:20,069 [main] INFO  base.BaseClass - Found Element By {by.toString()}
TimeoutException occurred: Expected condition failed: waiting for helper.WaitUtility$5@de0c402 (tried for 30 second(s) with 500 milliseconds interval)
Build info: version: '3.141.59', revision: 'e82be7d358', time: '2018-11-14T08:17:03'
System info: host: 'DPLAP166', ip: '137.237.3.27', os.name: 'Windows 10', os.arch: 'amd64', os.version: '10.0', java.version: '19.0.1'
Driver info: org.openqa.selenium.support.events.EventFiringWebDriver
Capabilities {acceptInsecureCerts: true, browserName: chrome, browserVersion: 122.0.6261.71, chrome: {chromedriverVersion: 122.0.6261.94 (880dbf29479c..., userDataDir: C:\Users\dP-PL\AppData\Loca...}, fedcm:accounts: true, goog:chromeOptions: {debuggerAddress: localhost:55628}, javascriptEnabled: true, networkConnectionEnabled: false, pageLoadStrategy: normal, platform: WINDOWS, platformName: WINDOWS, proxy: Proxy(), setWindowRect: true, strictFileInteractability: false, timeouts: {implicit: 0, pageLoad: 300000, script: 30000}, unhandledPromptBehavior: dismiss and notify, webauthn:extension:credBlob: true, webauthn:extension:largeBlob: true, webauthn:extension:minPinLength: true, webauthn:extension:prf: true, webauthn:virtualAuthenticators: true}
Session ID: 31a988c50edf9352c0ad358376b8e2fb
2024-03-04 21:35:20,090 [main] ERROR XGLT_6756_Test - Element did not become visible within the specified time: Expected condition failed: waiting for helper.WaitUtility$5@de0c402 (tried for 30 second(s) with 500 milliseconds interval)
Build info: version: '3.141.59', revision: 'e82be7d358', time: '2018-11-14T08:17:03'
System info: host: 'DPLAP166', ip: '137.237.3.27', os.name: 'Windows 10', os.arch: 'amd64', os.version: '10.0', java.version: '19.0.1'
Driver info: org.openqa.selenium.support.events.EventFiringWebDriver
Capabilities {acceptInsecureCerts: true, browserName: chrome, browserVersion: 122.0.6261.71, chrome: {chromedriverVersion: 122.0.6261.94 (880dbf29479c..., userDataDir: C:\Users\dP-PL\AppData\Loca...}, fedcm:accounts: true, goog:chromeOptions: {debuggerAddress: localhost:55628}, javascriptEnabled: true, networkConnectionEnabled: false, pageLoadStrategy: normal, platform: WINDOWS, platformName: WINDOWS, proxy: Proxy(), setWindowRect: true, strictFileInteractability: false, timeouts: {implicit: 0, pageLoad: 300000, script: 30000}, unhandledPromptBehavior: dismiss and notify, webauthn:extension:credBlob: true, webauthn:extension:largeBlob: true, webauthn:extension:minPinLength: true, webauthn:extension:prf: true, webauthn:virtualAuthenticators: true}
Session ID: 31a988c50edf9352c0ad358376b8e2fb
2024-03-04 21:35:20,090 [main] INFO  base.BaseClass - Trying to find Element By {by.toString()})
2024-03-04 21:35:20,101 [main] INFO  base.BaseClass - Found Element By {by.toString()}
2024-03-04 21:35:20,101 [main] INFO  base.BaseClass - Trying to click on: {element.toString()}
2024-03-04 21:35:20,163 [main] INFO  base.BaseClass - Clicked on: {element.toString()}
2024-03-04 21:35:20,164 [main] INFO  base.BaseClass - Trying to find Element By {by.toString()})
2024-03-04 21:35:20,179 [main] INFO  base.BaseClass - Found Element By {by.toString()}
2024-03-04 21:35:20,212 [main] INFO  base.BaseClass - Trying to find Element By {by.toString()})
2024-03-04 21:35:20,222 [main] INFO  base.BaseClass - Found Element By {by.toString()}
2024-03-04 21:35:20,739 [main] INFO  base.BaseClass - Trying to find Element By {by.toString()})
2024-03-04 21:35:20,771 [main] INFO  base.BaseClass - Found Element By {by.toString()}
2024-03-04 21:35:21,299 [main] INFO  base.BaseClass - Trying to find Element By {by.toString()})
2024-03-04 21:35:21,320 [main] INFO  base.BaseClass - Found Element By {by.toString()}
2024-03-04 21:35:21,877 [main] INFO  base.BaseClass - Trying to find Element By {by.toString()})
2024-03-04 21:35:21,902 [main] INFO  base.BaseClass - Found Element By {by.toString()}
2024-03-04 21:35:22,421 [main] INFO  base.BaseClass - Trying to find Element By {by.toString()})
2024-03-04 21:35:22,434 [main] INFO  base.BaseClass - Found Element By {by.toString()}
2024-03-04 21:35:22,953 [main] INFO  base.BaseClass - Trying to find Element By {by.toString()})
2024-03-04 21:35:22,986 [main] INFO  base.BaseClass - Found Element By {by.toString()}
2024-03-04 21:35:23,546 [main] INFO  base.BaseClass - Trying to find Element By {by.toString()})
2024-03-04 21:35:23,577 [main] INFO  base.BaseClass - Found Element By {by.toString()}
2024-03-04 21:35:24,125 [main] INFO  base.BaseClass - Trying to find Element By {by.toString()})
2024-03-04 21:35:24,157 [main] INFO  base.BaseClass - Found Element By {by.toString()}
2024-03-04 21:35:24,687 [main] INFO  base.BaseClass - Trying to find Element By {by.toString()})
2024-03-04 21:35:24,719 [main] INFO  base.BaseClass - Found Element By {by.toString()}
2024-03-04 21:35:25,263 [main] INFO  base.BaseClass - Trying to find Element By {by.toString()})
2024-03-04 21:35:25,277 [main] INFO  base.BaseClass - Found Element By {by.toString()}
2024-03-04 21:35:25,806 [main] INFO  base.BaseClass - Trying to find Element By {by.toString()})
2024-03-04 21:35:25,817 [main] INFO  base.BaseClass - Found Element By {by.toString()}
2024-03-04 21:35:26,335 [main] INFO  base.BaseClass - Trying to find Element By {by.toString()})
2024-03-04 21:35:26,346 [main] INFO  base.BaseClass - Found Element By {by.toString()}
2024-03-04 21:35:26,866 [main] INFO  base.BaseClass - Trying to find Element By {by.toString()})
2024-03-04 21:35:26,895 [main] INFO  base.BaseClass - Found Element By {by.toString()}
2024-03-04 21:35:27,462 [main] INFO  base.BaseClass - Trying to find Element By {by.toString()})
2024-03-04 21:35:27,490 [main] INFO  base.BaseClass - Found Element By {by.toString()}
2024-03-04 21:35:28,023 [main] INFO  base.BaseClass - Trying to find Element By {by.toString()})
2024-03-04 21:35:28,057 [main] INFO  base.BaseClass - Found Element By {by.toString()}
2024-03-04 21:35:28,599 [main] INFO  base.BaseClass - Trying to find Element By {by.toString()})
2024-03-04 21:35:28,622 [main] INFO  base.BaseClass - Found Element By {by.toString()}
2024-03-04 21:35:29,165 [main] INFO  base.BaseClass - Trying to find Element By {by.toString()})
2024-03-04 21:35:29,195 [main] INFO  base.BaseClass - Found Element By {by.toString()}
2024-03-04 21:35:29,741 [main] INFO  base.BaseClass - Trying to find Element By {by.toString()})
2024-03-04 21:35:29,772 [main] INFO  base.BaseClass - Found Element By {by.toString()}
2024-03-04 21:35:30,318 [main] INFO  base.BaseClass - Trying to find Element By {by.toString()})
2024-03-04 21:35:30,354 [main] INFO  base.BaseClass - Found Element By {by.toString()}
2024-03-04 21:35:30,880 [main] INFO  base.BaseClass - Trying to find Element By {by.toString()})
2024-03-04 21:35:30,891 [main] INFO  base.BaseClass - Found Element By {by.toString()}
2024-03-04 21:35:31,409 [main] INFO  base.BaseClass - Trying to find Element By {by.toString()})
2024-03-04 21:35:31,443 [main] INFO  base.BaseClass - Found Element By {by.toString()}
2024-03-04 21:35:31,986 [main] INFO  base.BaseClass - Trying to find Element By {by.toString()})
2024-03-04 21:35:32,019 [main] INFO  base.BaseClass - Found Element By {by.toString()}
2024-03-04 21:35:32,574 [main] INFO  base.BaseClass - Trying to find Element By {by.toString()})
2024-03-04 21:35:32,604 [main] INFO  base.BaseClass - Found Element By {by.toString()}
2024-03-04 21:35:33,139 [main] INFO  base.BaseClass - Trying to find Element By {by.toString()})
2024-03-04 21:35:33,170 [main] INFO  base.BaseClass - Found Element By {by.toString()}
2024-03-04 21:35:33,700 [main] INFO  base.BaseClass - Trying to find Element By {by.toString()})
2024-03-04 21:35:33,731 [main] INFO  base.BaseClass - Found Element By {by.toString()}
2024-03-04 21:35:34,275 [main] INFO  base.BaseClass - Trying to find Element By {by.toString()})
2024-03-04 21:35:34,306 [main] INFO  base.BaseClass - Found Element By {by.toString()}
2024-03-04 21:35:34,857 [main] INFO  base.BaseClass - Trying to find Element By {by.toString()})
2024-03-04 21:35:34,889 [main] INFO  base.BaseClass - Found Element By {by.toString()}
2024-03-04 21:35:35,450 [main] INFO  base.BaseClass - Trying to find Element By {by.toString()})
2024-03-04 21:35:35,466 [main] INFO  base.BaseClass - Found Element By {by.toString()}
2024-03-04 21:35:35,994 [main] INFO  base.BaseClass - Trying to find Element By {by.toString()})
2024-03-04 21:35:36,025 [main] INFO  base.BaseClass - Found Element By {by.toString()}
2024-03-04 21:35:36,560 [main] INFO  base.BaseClass - Trying to find Element By {by.toString()})
2024-03-04 21:35:36,592 [main] INFO  base.BaseClass - Found Element By {by.toString()}
2024-03-04 21:35:37,149 [main] INFO  base.BaseClass - Trying to find Element By {by.toString()})
2024-03-04 21:35:37,179 [main] INFO  base.BaseClass - Found Element By {by.toString()}
2024-03-04 21:35:37,710 [main] INFO  base.BaseClass - Trying to find Element By {by.toString()})
2024-03-04 21:35:37,737 [main] INFO  base.BaseClass - Found Element By {by.toString()}
2024-03-04 21:35:38,268 [main] INFO  base.BaseClass - Trying to find Element By {by.toString()})
2024-03-04 21:35:38,296 [main] INFO  base.BaseClass - Found Element By {by.toString()}
2024-03-04 21:35:38,817 [main] INFO  base.BaseClass - Trying to find Element By {by.toString()})
2024-03-04 21:35:38,850 [main] INFO  base.BaseClass - Found Element By {by.toString()}
2024-03-04 21:35:39,392 [main] INFO  base.BaseClass - Trying to find Element By {by.toString()})
2024-03-04 21:35:39,424 [main] INFO  base.BaseClass - Found Element By {by.toString()}
2024-03-04 21:35:39,984 [main] INFO  base.BaseClass - Trying to find Element By {by.toString()})
2024-03-04 21:35:40,014 [main] INFO  base.BaseClass - Found Element By {by.toString()}
2024-03-04 21:35:40,547 [main] INFO  base.BaseClass - Trying to find Element By {by.toString()})
2024-03-04 21:35:40,579 [main] INFO  base.BaseClass - Found Element By {by.toString()}
2024-03-04 21:35:41,128 [main] INFO  base.BaseClass - Trying to find Element By {by.toString()})
2024-03-04 21:35:41,159 [main] INFO  base.BaseClass - Found Element By {by.toString()}
2024-03-04 21:35:41,703 [main] INFO  base.BaseClass - Trying to find Element By {by.toString()})
2024-03-04 21:35:41,735 [main] INFO  base.BaseClass - Found Element By {by.toString()}
2024-03-04 21:35:42,282 [main] INFO  base.BaseClass - Trying to find Element By {by.toString()})
2024-03-04 21:35:42,314 [main] INFO  base.BaseClass - Found Element By {by.toString()}
2024-03-04 21:35:42,846 [main] INFO  base.BaseClass - Trying to find Element By {by.toString()})
2024-03-04 21:35:42,876 [main] INFO  base.BaseClass - Found Element By {by.toString()}
2024-03-04 21:35:43,408 [main] INFO  base.BaseClass - Trying to find Element By {by.toString()})
2024-03-04 21:35:43,440 [main] INFO  base.BaseClass - Found Element By {by.toString()}
2024-03-04 21:35:43,988 [main] INFO  base.BaseClass - Trying to find Element By {by.toString()})
2024-03-04 21:35:44,015 [main] INFO  base.BaseClass - Found Element By {by.toString()}
2024-03-04 21:35:44,551 [main] INFO  base.BaseClass - Trying to find Element By {by.toString()})
2024-03-04 21:35:44,583 [main] INFO  base.BaseClass - Found Element By {by.toString()}
2024-03-04 21:35:45,145 [main] INFO  base.BaseClass - Trying to find Element By {by.toString()})
2024-03-04 21:35:45,176 [main] INFO  base.BaseClass - Found Element By {by.toString()}
2024-03-04 21:35:45,724 [main] INFO  base.BaseClass - Trying to find Element By {by.toString()})
2024-03-04 21:35:45,756 [main] INFO  base.BaseClass - Found Element By {by.toString()}
2024-03-04 21:35:46,304 [main] INFO  base.BaseClass - Trying to find Element By {by.toString()})
2024-03-04 21:35:46,334 [main] INFO  base.BaseClass - Found Element By {by.toString()}
2024-03-04 21:35:46,867 [main] INFO  base.BaseClass - Trying to find Element By {by.toString()})
2024-03-04 21:35:46,922 [main] INFO  base.BaseClass - Found Element By {by.toString()}
2024-03-04 21:35:47,442 [main] INFO  base.BaseClass - Trying to find Element By {by.toString()})
2024-03-04 21:35:47,471 [main] INFO  base.BaseClass - Found Element By {by.toString()}
2024-03-04 21:35:48,005 [main] INFO  base.BaseClass - Trying to find Element By {by.toString()})
2024-03-04 21:35:48,037 [main] INFO  base.BaseClass - Found Element By {by.toString()}
2024-03-04 21:35:48,583 [main] INFO  base.BaseClass - Trying to find Element By {by.toString()})
2024-03-04 21:35:48,615 [main] INFO  base.BaseClass - Found Element By {by.toString()}
2024-03-04 21:35:49,144 [main] INFO  base.BaseClass - Trying to find Element By {by.toString()})
2024-03-04 21:35:49,177 [main] INFO  base.BaseClass - Found Element By {by.toString()}
2024-03-04 21:35:49,724 [main] INFO  base.BaseClass - Trying to find Element By {by.toString()})
2024-03-04 21:35:49,738 [main] INFO  base.BaseClass - Found Element By {by.toString()}
2024-03-04 21:35:50,257 [main] INFO  base.BaseClass - Trying to find Element By {by.toString()})
2024-03-04 21:35:50,288 [main] INFO  base.BaseClass - Found Element By {by.toString()}
TimeoutException occurred: Expected condition failed: waiting for helper.WaitUtility$5@1dce481b (tried for 30 second(s) with 500 milliseconds interval)
Build info: version: '3.141.59', revision: 'e82be7d358', time: '2018-11-14T08:17:03'
System info: host: 'DPLAP166', ip: '137.237.3.27', os.name: 'Windows 10', os.arch: 'amd64', os.version: '10.0', java.version: '19.0.1'
Driver info: org.openqa.selenium.support.events.EventFiringWebDriver
Capabilities {acceptInsecureCerts: true, browserName: chrome, browserVersion: 122.0.6261.71, chrome: {chromedriverVersion: 122.0.6261.94 (880dbf29479c..., userDataDir: C:\Users\dP-PL\AppData\Loca...}, fedcm:accounts: true, goog:chromeOptions: {debuggerAddress: localhost:55628}, javascriptEnabled: true, networkConnectionEnabled: false, pageLoadStrategy: normal, platform: WINDOWS, platformName: WINDOWS, proxy: Proxy(), setWindowRect: true, strictFileInteractability: false, timeouts: {implicit: 0, pageLoad: 300000, script: 30000}, unhandledPromptBehavior: dismiss and notify, webauthn:extension:credBlob: true, webauthn:extension:largeBlob: true, webauthn:extension:minPinLength: true, webauthn:extension:prf: true, webauthn:virtualAuthenticators: true}
Session ID: 31a988c50edf9352c0ad358376b8e2fb
2024-03-04 21:35:50,338 [main] ERROR XGLT_6756_Test - Element did not become visible within the specified time: Expected condition failed: waiting for helper.WaitUtility$5@1dce481b (tried for 30 second(s) with 500 milliseconds interval)
Build info: version: '3.141.59', revision: 'e82be7d358', time: '2018-11-14T08:17:03'
System info: host: 'DPLAP166', ip: '137.237.3.27', os.name: 'Windows 10', os.arch: 'amd64', os.version: '10.0', java.version: '19.0.1'
Driver info: org.openqa.selenium.support.events.EventFiringWebDriver
Capabilities {acceptInsecureCerts: true, browserName: chrome, browserVersion: 122.0.6261.71, chrome: {chromedriverVersion: 122.0.6261.94 (880dbf29479c..., userDataDir: C:\Users\dP-PL\AppData\Loca...}, fedcm:accounts: true, goog:chromeOptions: {debuggerAddress: localhost:55628}, javascriptEnabled: true, networkConnectionEnabled: false, pageLoadStrategy: normal, platform: WINDOWS, platformName: WINDOWS, proxy: Proxy(), setWindowRect: true, strictFileInteractability: false, timeouts: {implicit: 0, pageLoad: 300000, script: 30000}, unhandledPromptBehavior: dismiss and notify, webauthn:extension:credBlob: true, webauthn:extension:largeBlob: true, webauthn:extension:minPinLength: true, webauthn:extension:prf: true, webauthn:virtualAuthenticators: true}
Session ID: 31a988c50edf9352c0ad358376b8e2fb
2024-03-04 21:35:50,338 [main] INFO  base.BaseClass - Trying to find Element By {by.toString()})
2024-03-04 21:35:50,371 [main] INFO  base.BaseClass - Found Element By {by.toString()}
2024-03-04 21:35:50,371 [main] INFO  base.BaseClass - Trying to click on: {element.toString()}
2024-03-04 21:35:50,414 [main] INFO  base.BaseClass - Clicked on: {element.toString()}
2024-03-04 21:35:50,414 [main] INFO  base.BaseClass - Trying to find Element By {by.toString()})
2024-03-04 21:35:50,424 [main] INFO  base.BaseClass - Found Element By {by.toString()}
2024-03-04 21:35:50,437 [main] INFO  base.BaseClass - Trying to find Element By {by.toString()})
2024-03-04 21:35:50,446 [main] INFO  base.BaseClass - Found Element By {by.toString()}
2024-03-04 21:35:50,455 [main] INFO  base.BaseClass - Trying to find Element By {by.toString()})
2024-03-04 21:35:50,463 [main] INFO  base.BaseClass - Found Element By {by.toString()}
2024-03-04 21:35:50,463 [main] INFO  base.BaseClass - Trying to click on: {element.toString()}
2024-03-04 21:35:50,492 [main] INFO  base.BaseClass - Clicked on: {element.toString()}
2024-03-04 21:35:50,492 [main] INFO  base.BaseClass - Trying to find Element By {by.toString()})
2024-03-04 21:35:50,500 [main] INFO  base.BaseClass - Found Element By {by.toString()}
2024-03-04 21:35:50,559 [main] INFO  base.BaseClass - Trying to find Element By {by.toString()})
2024-03-04 21:35:50,571 [main] INFO  base.BaseClass - Found Element By {by.toString()}
2024-03-04 21:35:51,099 [main] INFO  base.BaseClass - Trying to find Element By {by.toString()})
2024-03-04 21:35:51,129 [main] INFO  base.BaseClass - Found Element By {by.toString()}
2024-03-04 21:35:51,667 [main] INFO  base.BaseClass - Trying to find Element By {by.toString()})
2024-03-04 21:35:51,682 [main] INFO  base.BaseClass - Found Element By {by.toString()}
2024-03-04 21:35:52,212 [main] INFO  base.BaseClass - Trying to find Element By {by.toString()})
2024-03-04 21:35:52,238 [main] INFO  base.BaseClass - Found Element By {by.toString()}
2024-03-04 21:35:52,795 [main] INFO  base.BaseClass - Trying to find Element By {by.toString()})
2024-03-04 21:35:52,825 [main] INFO  base.BaseClass - Found Element By {by.toString()}
2024-03-04 21:35:53,371 [main] INFO  base.BaseClass - Trying to find Element By {by.toString()})
2024-03-04 21:35:53,403 [main] INFO  base.BaseClass - Found Element By {by.toString()}
2024-03-04 21:35:53,948 [main] INFO  base.BaseClass - Trying to find Element By {by.toString()})
2024-03-04 21:35:53,964 [main] INFO  base.BaseClass - Found Element By {by.toString()}
2024-03-04 21:35:54,492 [main] INFO  base.BaseClass - Trying to find Element By {by.toString()})
2024-03-04 21:35:54,510 [main] INFO  base.BaseClass - Found Element By {by.toString()}
2024-03-04 21:35:55,038 [main] INFO  base.BaseClass - Trying to find Element By {by.toString()})
2024-03-04 21:35:55,071 [main] INFO  base.BaseClass - Found Element By {by.toString()}
2024-03-04 21:35:55,615 [main] INFO  base.BaseClass - Trying to find Element By {by.toString()})
2024-03-04 21:35:55,644 [main] INFO  base.BaseClass - Found Element By {by.toString()}
2024-03-04 21:35:56,194 [main] INFO  base.BaseClass - Trying to find Element By {by.toString()})
2024-03-04 21:35:56,224 [main] INFO  base.BaseClass - Found Element By {by.toString()}
2024-03-04 21:35:56,769 [main] INFO  base.BaseClass - Trying to find Element By {by.toString()})
2024-03-04 21:35:56,801 [main] INFO  base.BaseClass - Found Element By {by.toString()}
2024-03-04 21:35:57,345 [main] INFO  base.BaseClass - Trying to find Element By {by.toString()})
2024-03-04 21:35:57,375 [main] INFO  base.BaseClass - Found Element By {by.toString()}
2024-03-04 21:35:57,924 [main] INFO  base.BaseClass - Trying to find Element By {by.toString()})
2024-03-04 21:35:57,953 [main] INFO  base.BaseClass - Found Element By {by.toString()}
2024-03-04 21:35:58,503 [main] INFO  base.BaseClass - Trying to find Element By {by.toString()})
2024-03-04 21:35:58,516 [main] INFO  base.BaseClass - Found Element By {by.toString()}
2024-03-04 21:35:59,037 [main] INFO  base.BaseClass - Trying to find Element By {by.toString()})
2024-03-04 21:35:59,068 [main] INFO  base.BaseClass - Found Element By {by.toString()}
2024-03-04 21:35:59,602 [main] INFO  base.BaseClass - Trying to find Element By {by.toString()})
2024-03-04 21:35:59,632 [main] INFO  base.BaseClass - Found Element By {by.toString()}
2024-03-04 21:36:00,168 [main] INFO  base.BaseClass - Trying to find Element By {by.toString()})
2024-03-04 21:36:00,185 [main] INFO  base.BaseClass - Found Element By {by.toString()}
2024-03-04 21:36:00,717 [main] INFO  base.BaseClass - Trying to find Element By {by.toString()})
2024-03-04 21:36:00,749 [main] INFO  base.BaseClass - Found Element By {by.toString()}
2024-03-04 21:36:01,297 [main] INFO  base.BaseClass - Trying to find Element By {by.toString()})
2024-03-04 21:36:01,326 [main] INFO  base.BaseClass - Found Element By {by.toString()}
2024-03-04 21:36:01,873 [main] INFO  base.BaseClass - Trying to find Element By {by.toString()})
2024-03-04 21:36:01,902 [main] INFO  base.BaseClass - Found Element By {by.toString()}
2024-03-04 21:36:02,436 [main] INFO  base.BaseClass - Trying to find Element By {by.toString()})
2024-03-04 21:36:02,466 [main] INFO  base.BaseClass - Found Element By {by.toString()}
2024-03-04 21:36:03,016 [main] INFO  base.BaseClass - Trying to find Element By {by.toString()})
2024-03-04 21:36:03,047 [main] INFO  base.BaseClass - Found Element By {by.toString()}
2024-03-04 21:36:03,590 [main] INFO  base.BaseClass - Trying to find Element By {by.toString()})
2024-03-04 21:36:03,622 [main] INFO  base.BaseClass - Found Element By {by.toString()}
2024-03-04 21:36:04,180 [main] INFO  base.BaseClass - Trying to find Element By {by.toString()})
2024-03-04 21:36:04,209 [main] INFO  base.BaseClass - Found Element By {by.toString()}
2024-03-04 21:36:04,744 [main] INFO  base.BaseClass - Trying to find Element By {by.toString()})
2024-03-04 21:36:04,771 [main] INFO  base.BaseClass - Found Element By {by.toString()}
2024-03-04 21:36:05,308 [main] INFO  base.BaseClass - Trying to find Element By {by.toString()})
2024-03-04 21:36:05,339 [main] INFO  base.BaseClass - Found Element By {by.toString()}
2024-03-04 21:36:05,882 [main] INFO  base.BaseClass - Trying to find Element By {by.toString()})
2024-03-04 21:36:05,912 [main] INFO  base.BaseClass - Found Element By {by.toString()}
2024-03-04 21:36:06,459 [main] INFO  base.BaseClass - Trying to find Element By {by.toString()})
2024-03-04 21:36:06,489 [main] INFO  base.BaseClass - Found Element By {by.toString()}
2024-03-04 21:36:07,023 [main] INFO  base.BaseClass - Trying to find Element By {by.toString()})
2024-03-04 21:36:07,053 [main] INFO  base.BaseClass - Found Element By {by.toString()}
2024-03-04 21:36:07,586 [main] INFO  base.BaseClass - Trying to find Element By {by.toString()})
2024-03-04 21:36:07,602 [main] INFO  base.BaseClass - Found Element By {by.toString()}
2024-03-04 21:36:08,132 [main] INFO  base.BaseClass - Trying to find Element By {by.toString()})
2024-03-04 21:36:08,162 [main] INFO  base.BaseClass - Found Element By {by.toString()}
2024-03-04 21:36:08,693 [main] INFO  base.BaseClass - Trying to find Element By {by.toString()})
2024-03-04 21:36:08,722 [main] INFO  base.BaseClass - Found Element By {by.toString()}
2024-03-04 21:36:09,255 [main] INFO  base.BaseClass - Trying to find Element By {by.toString()})
2024-03-04 21:36:09,285 [main] INFO  base.BaseClass - Found Element By {by.toString()}
2024-03-04 21:36:09,836 [main] INFO  base.BaseClass - Trying to find Element By {by.toString()})
2024-03-04 21:36:09,862 [main] INFO  base.BaseClass - Found Element By {by.toString()}
2024-03-04 21:36:10,383 [main] INFO  base.BaseClass - Trying to find Element By {by.toString()})
2024-03-04 21:36:10,413 [main] INFO  base.BaseClass - Found Element By {by.toString()}
2024-03-04 21:36:10,959 [main] INFO  base.BaseClass - Trying to find Element By {by.toString()})
2024-03-04 21:36:10,986 [main] INFO  base.BaseClass - Found Element By {by.toString()}
2024-03-04 21:36:11,523 [main] INFO  base.BaseClass - Trying to find Element By {by.toString()})
2024-03-04 21:36:11,554 [main] INFO  base.BaseClass - Found Element By {by.toString()}
2024-03-04 21:36:12,087 [main] INFO  base.BaseClass - Trying to find Element By {by.toString()})
2024-03-04 21:36:12,120 [main] INFO  base.BaseClass - Found Element By {by.toString()}
2024-03-04 21:36:12,664 [main] INFO  base.BaseClass - Trying to find Element By {by.toString()})
2024-03-04 21:36:12,694 [main] INFO  base.BaseClass - Found Element By {by.toString()}
2024-03-04 21:36:13,224 [main] INFO  base.BaseClass - Trying to find Element By {by.toString()})
2024-03-04 21:36:13,253 [main] INFO  base.BaseClass - Found Element By {by.toString()}
2024-03-04 21:36:13,788 [main] INFO  base.BaseClass - Trying to find Element By {by.toString()})
2024-03-04 21:36:13,819 [main] INFO  base.BaseClass - Found Element By {by.toString()}
2024-03-04 21:36:14,377 [main] INFO  base.BaseClass - Trying to find Element By {by.toString()})
2024-03-04 21:36:14,406 [main] INFO  base.BaseClass - Found Element By {by.toString()}
2024-03-04 21:36:14,956 [main] INFO  base.BaseClass - Trying to find Element By {by.toString()})
2024-03-04 21:36:14,977 [main] INFO  base.BaseClass - Found Element By {by.toString()}
2024-03-04 21:36:15,504 [main] INFO  base.BaseClass - Trying to find Element By {by.toString()})
2024-03-04 21:36:15,536 [main] INFO  base.BaseClass - Found Element By {by.toString()}
2024-03-04 21:36:16,067 [main] INFO  base.BaseClass - Trying to find Element By {by.toString()})
2024-03-04 21:36:16,092 [main] INFO  base.BaseClass - Found Element By {by.toString()}
2024-03-04 21:36:16,617 [main] INFO  base.BaseClass - Trying to find Element By {by.toString()})
2024-03-04 21:36:16,636 [main] INFO  base.BaseClass - Found Element By {by.toString()}
2024-03-04 21:36:17,159 [main] INFO  base.BaseClass - Trying to find Element By {by.toString()})
2024-03-04 21:36:17,188 [main] INFO  base.BaseClass - Found Element By {by.toString()}
2024-03-04 21:36:17,737 [main] INFO  base.BaseClass - Trying to find Element By {by.toString()})
2024-03-04 21:36:17,769 [main] INFO  base.BaseClass - Found Element By {by.toString()}
2024-03-04 21:36:18,317 [main] INFO  base.BaseClass - Trying to find Element By {by.toString()})
2024-03-04 21:36:18,348 [main] INFO  base.BaseClass - Found Element By {by.toString()}
2024-03-04 21:36:18,891 [main] INFO  base.BaseClass - Trying to find Element By {by.toString()})
2024-03-04 21:36:18,920 [main] INFO  base.BaseClass - Found Element By {by.toString()}
2024-03-04 21:36:19,453 [main] INFO  base.BaseClass - Trying to find Element By {by.toString()})
2024-03-04 21:36:19,485 [main] INFO  base.BaseClass - Found Element By {by.toString()}
2024-03-04 21:36:20,027 [main] INFO  base.BaseClass - Trying to find Element By {by.toString()})
2024-03-04 21:36:20,056 [main] INFO  base.BaseClass - Found Element By {by.toString()}
2024-03-04 21:36:20,606 [main] INFO  base.BaseClass - Trying to find Element By {by.toString()})
2024-03-04 21:36:20,638 [main] INFO  base.BaseClass - Found Element By {by.toString()}
TimeoutException occurred: Expected condition failed: waiting for helper.WaitUtility$5@210e2f2f (tried for 30 second(s) with 500 milliseconds interval)
Build info: version: '3.141.59', revision: 'e82be7d358', time: '2018-11-14T08:17:03'
System info: host: 'DPLAP166', ip: '137.237.3.27', os.name: 'Windows 10', os.arch: 'amd64', os.version: '10.0', java.version: '19.0.1'
Driver info: org.openqa.selenium.support.events.EventFiringWebDriver
Capabilities {acceptInsecureCerts: true, browserName: chrome, browserVersion: 122.0.6261.71, chrome: {chromedriverVersion: 122.0.6261.94 (880dbf29479c..., userDataDir: C:\Users\dP-PL\AppData\Loca...}, fedcm:accounts: true, goog:chromeOptions: {debuggerAddress: localhost:55628}, javascriptEnabled: true, networkConnectionEnabled: false, pageLoadStrategy: normal, platform: WINDOWS, platformName: WINDOWS, proxy: Proxy(), setWindowRect: true, strictFileInteractability: false, timeouts: {implicit: 0, pageLoad: 300000, script: 30000}, unhandledPromptBehavior: dismiss and notify, webauthn:extension:credBlob: true, webauthn:extension:largeBlob: true, webauthn:extension:minPinLength: true, webauthn:extension:prf: true, webauthn:virtualAuthenticators: true}
Session ID: 31a988c50edf9352c0ad358376b8e2fb
2024-03-04 21:36:20,675 [main] ERROR XGLT_6756_Test - Element did not become visible within the specified time: Expected condition failed: waiting for helper.WaitUtility$5@210e2f2f (tried for 30 second(s) with 500 milliseconds interval)
Build info: version: '3.141.59', revision: 'e82be7d358', time: '2018-11-14T08:17:03'
System info: host: 'DPLAP166', ip: '137.237.3.27', os.name: 'Windows 10', os.arch: 'amd64', os.version: '10.0', java.version: '19.0.1'
Driver info: org.openqa.selenium.support.events.EventFiringWebDriver
Capabilities {acceptInsecureCerts: true, browserName: chrome, browserVersion: 122.0.6261.71, chrome: {chromedriverVersion: 122.0.6261.94 (880dbf29479c..., userDataDir: C:\Users\dP-PL\AppData\Loca...}, fedcm:accounts: true, goog:chromeOptions: {debuggerAddress: localhost:55628}, javascriptEnabled: true, networkConnectionEnabled: false, pageLoadStrategy: normal, platform: WINDOWS, platformName: WINDOWS, proxy: Proxy(), setWindowRect: true, strictFileInteractability: false, timeouts: {implicit: 0, pageLoad: 300000, script: 30000}, unhandledPromptBehavior: dismiss and notify, webauthn:extension:credBlob: true, webauthn:extension:largeBlob: true, webauthn:extension:minPinLength: true, webauthn:extension:prf: true, webauthn:virtualAuthenticators: true}
Session ID: 31a988c50edf9352c0ad358376b8e2fb
2024-03-04 21:36:20,675 [main] INFO  base.BaseClass - Trying to find Element By {by.toString()})
2024-03-04 21:36:20,687 [main] INFO  base.BaseClass - Found Element By {by.toString()}
2024-03-04 21:36:20,687 [main] INFO  base.BaseClass - Trying to click on: {element.toString()}
2024-03-04 21:36:20,754 [main] INFO  base.BaseClass - Clicked on: {element.toString()}
2024-03-04 21:36:20,755 [main] INFO  base.BaseClass - Trying to find Element By {by.toString()})
2024-03-04 21:36:20,768 [main] INFO  base.BaseClass - Found Element By {by.toString()}
Can proceed to create a new user role KG
search_user_role passed!
]]></system-out>
    <system-err><![CDATA[SLF4J: Class path contains multiple SLF4J bindings.
SLF4J: Found binding in [jar:file:/C:/Users/dP-PL/.m2/repository/org/apache/logging/log4j/log4j-slf4j-impl/2.17.0/log4j-slf4j-impl-2.17.0.jar!/org/slf4j/impl/StaticLoggerBinder.class]
SLF4J: Found binding in [jar:file:/C:/Users/dP-PL/.m2/repository/org/sonatype/gossip/gossip/1.0/gossip-1.0.jar!/org/slf4j/impl/StaticLoggerBinder.class]
SLF4J: Found binding in [jar:file:/C:/Users/dP-PL/.m2/repository/org/slf4j/slf4j-nop/1.5.3/slf4j-nop-1.5.3.jar!/org/slf4j/impl/StaticLoggerBinder.class]
SLF4J: Found binding in [jar:file:/C:/Users/dP-PL/.m2/repository/org/slf4j/slf4j-jdk14/1.5.6/slf4j-jdk14-1.5.6.jar!/org/slf4j/impl/StaticLoggerBinder.class]
SLF4J: See http://www.slf4j.org/codes.html#multiple_bindings for an explanation.
SLF4J: Actual binding is of type [org.apache.logging.slf4j.Log4jLoggerFactory]
Starting ChromeDriver 122.0.6261.94 (880dbf29479c6152d5e4f08dfd3a96b30f919e56-refs/branch-heads/6261@{#960}) on port 5023
Only local connections are allowed.
Please see https://chromedriver.chromium.org/security-considerations for suggestions on keeping ChromeDriver safe.
ChromeDriver was started successfully.
Mar 04, 2024 9:31:47 PM org.openqa.selenium.remote.ProtocolHandshake createSession
INFO: Detected dialect: W3C
]]></system-err>
  </testcase>
  <testcase name="create_user_role" classname="XGLT_6756_Test" time="185.152">
    <system-out><![CDATA[Before method Test name: Maintainance Tests
create_user_role started!
2024-03-04 21:36:21,063 [main] INFO  base.BaseClass - Trying to find Element By {by.toString()})
2024-03-04 21:36:21,110 [main] INFO  base.BaseClass - Found Element By {by.toString()}
2024-03-04 21:36:21,636 [main] INFO  base.BaseClass - Trying to find Element By {by.toString()})
2024-03-04 21:36:21,668 [main] INFO  base.BaseClass - Found Element By {by.toString()}
2024-03-04 21:36:22,201 [main] INFO  base.BaseClass - Trying to find Element By {by.toString()})
2024-03-04 21:36:22,231 [main] INFO  base.BaseClass - Found Element By {by.toString()}
2024-03-04 21:36:22,762 [main] INFO  base.BaseClass - Trying to find Element By {by.toString()})
2024-03-04 21:36:22,791 [main] INFO  base.BaseClass - Found Element By {by.toString()}
2024-03-04 21:36:23,324 [main] INFO  base.BaseClass - Trying to find Element By {by.toString()})
2024-03-04 21:36:23,355 [main] INFO  base.BaseClass - Found Element By {by.toString()}
2024-03-04 21:36:23,904 [main] INFO  base.BaseClass - Trying to find Element By {by.toString()})
2024-03-04 21:36:23,932 [main] INFO  base.BaseClass - Found Element By {by.toString()}
2024-03-04 21:36:24,479 [main] INFO  base.BaseClass - Trying to find Element By {by.toString()})
2024-03-04 21:36:24,499 [main] INFO  base.BaseClass - Found Element By {by.toString()}
2024-03-04 21:36:25,027 [main] INFO  base.BaseClass - Trying to find Element By {by.toString()})
2024-03-04 21:36:25,056 [main] INFO  base.BaseClass - Found Element By {by.toString()}
2024-03-04 21:36:25,604 [main] INFO  base.BaseClass - Trying to find Element By {by.toString()})
2024-03-04 21:36:25,633 [main] INFO  base.BaseClass - Found Element By {by.toString()}
2024-03-04 21:36:26,196 [main] INFO  base.BaseClass - Trying to find Element By {by.toString()})
2024-03-04 21:36:26,207 [main] INFO  base.BaseClass - Found Element By {by.toString()}
2024-03-04 21:36:26,727 [main] INFO  base.BaseClass - Trying to find Element By {by.toString()})
2024-03-04 21:36:26,742 [main] INFO  base.BaseClass - Found Element By {by.toString()}
2024-03-04 21:36:27,270 [main] INFO  base.BaseClass - Trying to find Element By {by.toString()})
2024-03-04 21:36:27,293 [main] INFO  base.BaseClass - Found Element By {by.toString()}
2024-03-04 21:36:27,850 [main] INFO  base.BaseClass - Trying to find Element By {by.toString()})
2024-03-04 21:36:27,879 [main] INFO  base.BaseClass - Found Element By {by.toString()}
2024-03-04 21:36:28,428 [main] INFO  base.BaseClass - Trying to find Element By {by.toString()})
2024-03-04 21:36:28,441 [main] INFO  base.BaseClass - Found Element By {by.toString()}
2024-03-04 21:36:28,960 [main] INFO  base.BaseClass - Trying to find Element By {by.toString()})
2024-03-04 21:36:28,984 [main] INFO  base.BaseClass - Found Element By {by.toString()}
2024-03-04 21:36:29,522 [main] INFO  base.BaseClass - Trying to find Element By {by.toString()})
2024-03-04 21:36:29,554 [main] INFO  base.BaseClass - Found Element By {by.toString()}
2024-03-04 21:36:30,100 [main] INFO  base.BaseClass - Trying to find Element By {by.toString()})
2024-03-04 21:36:30,130 [main] INFO  base.BaseClass - Found Element By {by.toString()}
2024-03-04 21:36:30,680 [main] INFO  base.BaseClass - Trying to find Element By {by.toString()})
2024-03-04 21:36:30,698 [main] INFO  base.BaseClass - Found Element By {by.toString()}
2024-03-04 21:36:31,226 [main] INFO  base.BaseClass - Trying to find Element By {by.toString()})
2024-03-04 21:36:31,255 [main] INFO  base.BaseClass - Found Element By {by.toString()}
2024-03-04 21:36:31,808 [main] INFO  base.BaseClass - Trying to find Element By {by.toString()})
2024-03-04 21:36:31,824 [main] INFO  base.BaseClass - Found Element By {by.toString()}
2024-03-04 21:36:32,367 [main] INFO  base.BaseClass - Trying to find Element By {by.toString()})
2024-03-04 21:36:32,397 [main] INFO  base.BaseClass - Found Element By {by.toString()}
2024-03-04 21:36:32,945 [main] INFO  base.BaseClass - Trying to find Element By {by.toString()})
2024-03-04 21:36:32,975 [main] INFO  base.BaseClass - Found Element By {by.toString()}
2024-03-04 21:36:33,523 [main] INFO  base.BaseClass - Trying to find Element By {by.toString()})
2024-03-04 21:36:33,553 [main] INFO  base.BaseClass - Found Element By {by.toString()}
2024-03-04 21:36:34,100 [main] INFO  base.BaseClass - Trying to find Element By {by.toString()})
2024-03-04 21:36:34,127 [main] INFO  base.BaseClass - Found Element By {by.toString()}
2024-03-04 21:36:34,676 [main] INFO  base.BaseClass - Trying to find Element By {by.toString()})
2024-03-04 21:36:34,694 [main] INFO  base.BaseClass - Found Element By {by.toString()}
2024-03-04 21:36:35,225 [main] INFO  base.BaseClass - Trying to find Element By {by.toString()})
2024-03-04 21:36:35,253 [main] INFO  base.BaseClass - Found Element By {by.toString()}
2024-03-04 21:36:35,800 [main] INFO  base.BaseClass - Trying to find Element By {by.toString()})
2024-03-04 21:36:35,816 [main] INFO  base.BaseClass - Found Element By {by.toString()}
2024-03-04 21:36:36,378 [main] INFO  base.BaseClass - Trying to find Element By {by.toString()})
2024-03-04 21:36:36,408 [main] INFO  base.BaseClass - Found Element By {by.toString()}
2024-03-04 21:36:36,955 [main] INFO  base.BaseClass - Trying to find Element By {by.toString()})
2024-03-04 21:36:36,985 [main] INFO  base.BaseClass - Found Element By {by.toString()}
2024-03-04 21:36:37,533 [main] INFO  base.BaseClass - Trying to find Element By {by.toString()})
2024-03-04 21:36:37,557 [main] INFO  base.BaseClass - Found Element By {by.toString()}
2024-03-04 21:36:38,093 [main] INFO  base.BaseClass - Trying to find Element By {by.toString()})
2024-03-04 21:36:38,133 [main] INFO  base.BaseClass - Found Element By {by.toString()}
2024-03-04 21:36:38,686 [main] INFO  base.BaseClass - Trying to find Element By {by.toString()})
2024-03-04 21:36:38,716 [main] INFO  base.BaseClass - Found Element By {by.toString()}
2024-03-04 21:36:39,267 [main] INFO  base.BaseClass - Trying to find Element By {by.toString()})
2024-03-04 21:36:39,296 [main] INFO  base.BaseClass - Found Element By {by.toString()}
2024-03-04 21:36:39,844 [main] INFO  base.BaseClass - Trying to find Element By {by.toString()})
2024-03-04 21:36:39,867 [main] INFO  base.BaseClass - Found Element By {by.toString()}
2024-03-04 21:36:40,405 [main] INFO  base.BaseClass - Trying to find Element By {by.toString()})
2024-03-04 21:36:40,436 [main] INFO  base.BaseClass - Found Element By {by.toString()}
2024-03-04 21:36:40,986 [main] INFO  base.BaseClass - Trying to find Element By {by.toString()})
2024-03-04 21:36:41,017 [main] INFO  base.BaseClass - Found Element By {by.toString()}
2024-03-04 21:36:41,564 [main] INFO  base.BaseClass - Trying to find Element By {by.toString()})
2024-03-04 21:36:41,594 [main] INFO  base.BaseClass - Found Element By {by.toString()}
2024-03-04 21:36:42,141 [main] INFO  base.BaseClass - Trying to find Element By {by.toString()})
2024-03-04 21:36:42,170 [main] INFO  base.BaseClass - Found Element By {by.toString()}
2024-03-04 21:36:42,717 [main] INFO  base.BaseClass - Trying to find Element By {by.toString()})
2024-03-04 21:36:42,748 [main] INFO  base.BaseClass - Found Element By {by.toString()}
2024-03-04 21:36:43,309 [main] INFO  base.BaseClass - Trying to find Element By {by.toString()})
2024-03-04 21:36:43,338 [main] INFO  base.BaseClass - Found Element By {by.toString()}
2024-03-04 21:36:43,886 [main] INFO  base.BaseClass - Trying to find Element By {by.toString()})
2024-03-04 21:36:43,902 [main] INFO  base.BaseClass - Found Element By {by.toString()}
2024-03-04 21:36:44,431 [main] INFO  base.BaseClass - Trying to find Element By {by.toString()})
2024-03-04 21:36:44,460 [main] INFO  base.BaseClass - Found Element By {by.toString()}
2024-03-04 21:36:44,999 [main] INFO  base.BaseClass - Trying to find Element By {by.toString()})
2024-03-04 21:36:45,027 [main] INFO  base.BaseClass - Found Element By {by.toString()}
2024-03-04 21:36:45,576 [main] INFO  base.BaseClass - Trying to find Element By {by.toString()})
2024-03-04 21:36:45,605 [main] INFO  base.BaseClass - Found Element By {by.toString()}
2024-03-04 21:36:46,152 [main] INFO  base.BaseClass - Trying to find Element By {by.toString()})
2024-03-04 21:36:46,182 [main] INFO  base.BaseClass - Found Element By {by.toString()}
2024-03-04 21:36:46,729 [main] INFO  base.BaseClass - Trying to find Element By {by.toString()})
2024-03-04 21:36:46,757 [main] INFO  base.BaseClass - Found Element By {by.toString()}
2024-03-04 21:36:47,306 [main] INFO  base.BaseClass - Trying to find Element By {by.toString()})
2024-03-04 21:36:47,337 [main] INFO  base.BaseClass - Found Element By {by.toString()}
2024-03-04 21:36:47,880 [main] INFO  base.BaseClass - Trying to find Element By {by.toString()})
2024-03-04 21:36:47,908 [main] INFO  base.BaseClass - Found Element By {by.toString()}
2024-03-04 21:36:48,439 [main] INFO  base.BaseClass - Trying to find Element By {by.toString()})
2024-03-04 21:36:48,451 [main] INFO  base.BaseClass - Found Element By {by.toString()}
2024-03-04 21:36:48,969 [main] INFO  base.BaseClass - Trying to find Element By {by.toString()})
2024-03-04 21:36:49,003 [main] INFO  base.BaseClass - Found Element By {by.toString()}
2024-03-04 21:36:49,549 [main] INFO  base.BaseClass - Trying to find Element By {by.toString()})
2024-03-04 21:36:49,579 [main] INFO  base.BaseClass - Found Element By {by.toString()}
2024-03-04 21:36:50,125 [main] INFO  base.BaseClass - Trying to find Element By {by.toString()})
2024-03-04 21:36:50,152 [main] INFO  base.BaseClass - Found Element By {by.toString()}
2024-03-04 21:36:50,687 [main] INFO  base.BaseClass - Trying to find Element By {by.toString()})
2024-03-04 21:36:50,713 [main] INFO  base.BaseClass - Found Element By {by.toString()}
2024-03-04 21:36:51,248 [main] INFO  base.BaseClass - Trying to find Element By {by.toString()})
2024-03-04 21:36:51,278 [main] INFO  base.BaseClass - Found Element By {by.toString()}
TimeoutException occurred: Expected condition failed: waiting for helper.WaitUtility$5@15ea0ca3 (tried for 30 second(s) with 500 milliseconds interval)
Build info: version: '3.141.59', revision: 'e82be7d358', time: '2018-11-14T08:17:03'
System info: host: 'DPLAP166', ip: '137.237.3.27', os.name: 'Windows 10', os.arch: 'amd64', os.version: '10.0', java.version: '19.0.1'
Driver info: org.openqa.selenium.support.events.EventFiringWebDriver
Capabilities {acceptInsecureCerts: true, browserName: chrome, browserVersion: 122.0.6261.71, chrome: {chromedriverVersion: 122.0.6261.94 (880dbf29479c..., userDataDir: C:\Users\dP-PL\AppData\Loca...}, fedcm:accounts: true, goog:chromeOptions: {debuggerAddress: localhost:55628}, javascriptEnabled: true, networkConnectionEnabled: false, pageLoadStrategy: normal, platform: WINDOWS, platformName: WINDOWS, proxy: Proxy(), setWindowRect: true, strictFileInteractability: false, timeouts: {implicit: 0, pageLoad: 300000, script: 30000}, unhandledPromptBehavior: dismiss and notify, webauthn:extension:credBlob: true, webauthn:extension:largeBlob: true, webauthn:extension:minPinLength: true, webauthn:extension:prf: true, webauthn:virtualAuthenticators: true}
Session ID: 31a988c50edf9352c0ad358376b8e2fb
2024-03-04 21:36:51,319 [main] ERROR XGLT_6756_Test - Element did not become visible within the specified time: Expected condition failed: waiting for helper.WaitUtility$5@15ea0ca3 (tried for 30 second(s) with 500 milliseconds interval)
Build info: version: '3.141.59', revision: 'e82be7d358', time: '2018-11-14T08:17:03'
System info: host: 'DPLAP166', ip: '137.237.3.27', os.name: 'Windows 10', os.arch: 'amd64', os.version: '10.0', java.version: '19.0.1'
Driver info: org.openqa.selenium.support.events.EventFiringWebDriver
Capabilities {acceptInsecureCerts: true, browserName: chrome, browserVersion: 122.0.6261.71, chrome: {chromedriverVersion: 122.0.6261.94 (880dbf29479c..., userDataDir: C:\Users\dP-PL\AppData\Loca...}, fedcm:accounts: true, goog:chromeOptions: {debuggerAddress: localhost:55628}, javascriptEnabled: true, networkConnectionEnabled: false, pageLoadStrategy: normal, platform: WINDOWS, platformName: WINDOWS, proxy: Proxy(), setWindowRect: true, strictFileInteractability: false, timeouts: {implicit: 0, pageLoad: 300000, script: 30000}, unhandledPromptBehavior: dismiss and notify, webauthn:extension:credBlob: true, webauthn:extension:largeBlob: true, webauthn:extension:minPinLength: true, webauthn:extension:prf: true, webauthn:virtualAuthenticators: true}
Session ID: 31a988c50edf9352c0ad358376b8e2fb
2024-03-04 21:36:51,319 [main] INFO  base.BaseClass - Trying to find Element By {by.toString()})
2024-03-04 21:36:51,336 [main] INFO  base.BaseClass - Found Element By {by.toString()}
2024-03-04 21:36:51,336 [main] INFO  base.BaseClass - Trying to click on: {element.toString()}
2024-03-04 21:36:51,474 [main] INFO  base.BaseClass - Clicked on: {element.toString()}
2024-03-04 21:36:51,475 [main] INFO  base.BaseClass - Trying to find Element By {by.toString()})
2024-03-04 21:36:51,506 [main] INFO  base.BaseClass - Found Element By {by.toString()}
2024-03-04 21:36:51,520 [main] INFO  base.BaseClass - Trying to find Element By {by.toString()})
2024-03-04 21:36:51,531 [main] INFO  base.BaseClass - Found Element By {by.toString()}
2024-03-04 21:36:51,537 [main] INFO  base.BaseClass - Trying to find Element By {by.toString()})
2024-03-04 21:36:51,546 [main] INFO  base.BaseClass - Found Element By {by.toString()}
2024-03-04 21:36:51,546 [main] INFO  base.BaseClass - Trying to click on: {element.toString()}
2024-03-04 21:36:51,585 [main] INFO  base.BaseClass - Clicked on: {element.toString()}
2024-03-04 21:36:51,585 [main] INFO  base.BaseClass - Trying to find Element By {by.toString()})
2024-03-04 21:36:51,596 [main] INFO  base.BaseClass - Found Element By {by.toString()}
2024-03-04 21:36:51,631 [main] INFO  base.BaseClass - Trying to find Element By {by.toString()})
2024-03-04 21:36:51,645 [main] INFO  base.BaseClass - Found Element By {by.toString()}
2024-03-04 21:36:51,658 [main] INFO  base.BaseClass - Trying to find Element By {by.toString()})
2024-03-04 21:36:51,669 [main] INFO  base.BaseClass - Found Element By {by.toString()}
2024-03-04 21:36:51,676 [main] INFO  base.BaseClass - Trying to find Element By {by.toString()})
2024-03-04 21:36:51,686 [main] INFO  base.BaseClass - Found Element By {by.toString()}
2024-03-04 21:36:51,686 [main] INFO  base.BaseClass - Trying to click on: {element.toString()}
2024-03-04 21:36:51,724 [main] INFO  base.BaseClass - Clicked on: {element.toString()}
2024-03-04 21:36:51,724 [main] INFO  base.BaseClass - Trying to find Element By {by.toString()})
2024-03-04 21:36:51,734 [main] INFO  base.BaseClass - Found Element By {by.toString()}
2024-03-04 21:36:51,810 [main] INFO  base.BaseClass - Trying to find Element By {by.toString()})
2024-03-04 21:36:51,825 [main] INFO  base.BaseClass - Found Element By {by.toString()}
2024-03-04 21:36:52,350 [main] INFO  base.BaseClass - Trying to find Element By {by.toString()})
2024-03-04 21:36:52,376 [main] INFO  base.BaseClass - Found Element By {by.toString()}
2024-03-04 21:36:52,913 [main] INFO  base.BaseClass - Trying to find Element By {by.toString()})
2024-03-04 21:36:52,922 [main] INFO  base.BaseClass - Found Element By {by.toString()}
2024-03-04 21:36:53,442 [main] INFO  base.BaseClass - Trying to find Element By {by.toString()})
2024-03-04 21:36:53,473 [main] INFO  base.BaseClass - Found Element By {by.toString()}
2024-03-04 21:36:54,021 [main] INFO  base.BaseClass - Trying to find Element By {by.toString()})
2024-03-04 21:36:54,052 [main] INFO  base.BaseClass - Found Element By {by.toString()}
2024-03-04 21:36:54,600 [main] INFO  base.BaseClass - Trying to find Element By {by.toString()})
2024-03-04 21:36:54,631 [main] INFO  base.BaseClass - Found Element By {by.toString()}
2024-03-04 21:36:55,180 [main] INFO  base.BaseClass - Trying to find Element By {by.toString()})
2024-03-04 21:36:55,211 [main] INFO  base.BaseClass - Found Element By {by.toString()}
2024-03-04 21:36:55,760 [main] INFO  base.BaseClass - Trying to find Element By {by.toString()})
2024-03-04 21:36:55,788 [main] INFO  base.BaseClass - Found Element By {by.toString()}
2024-03-04 21:36:56,322 [main] INFO  base.BaseClass - Trying to find Element By {by.toString()})
2024-03-04 21:36:56,353 [main] INFO  base.BaseClass - Found Element By {by.toString()}
2024-03-04 21:36:56,899 [main] INFO  base.BaseClass - Trying to find Element By {by.toString()})
2024-03-04 21:36:56,928 [main] INFO  base.BaseClass - Found Element By {by.toString()}
2024-03-04 21:36:57,459 [main] INFO  base.BaseClass - Trying to find Element By {by.toString()})
2024-03-04 21:36:57,509 [main] INFO  base.BaseClass - Found Element By {by.toString()}
2024-03-04 21:36:58,038 [main] INFO  base.BaseClass - Trying to find Element By {by.toString()})
2024-03-04 21:36:58,066 [main] INFO  base.BaseClass - Found Element By {by.toString()}
2024-03-04 21:36:58,597 [main] INFO  base.BaseClass - Trying to find Element By {by.toString()})
2024-03-04 21:36:58,628 [main] INFO  base.BaseClass - Found Element By {by.toString()}
2024-03-04 21:36:59,178 [main] INFO  base.BaseClass - Trying to find Element By {by.toString()})
2024-03-04 21:36:59,208 [main] INFO  base.BaseClass - Found Element By {by.toString()}
2024-03-04 21:36:59,755 [main] INFO  base.BaseClass - Trying to find Element By {by.toString()})
2024-03-04 21:36:59,779 [main] INFO  base.BaseClass - Found Element By {by.toString()}
2024-03-04 21:37:00,307 [main] INFO  base.BaseClass - Trying to find Element By {by.toString()})
2024-03-04 21:37:00,334 [main] INFO  base.BaseClass - Found Element By {by.toString()}
2024-03-04 21:37:00,871 [main] INFO  base.BaseClass - Trying to find Element By {by.toString()})
2024-03-04 21:37:00,900 [main] INFO  base.BaseClass - Found Element By {by.toString()}
2024-03-04 21:37:01,434 [main] INFO  base.BaseClass - Trying to find Element By {by.toString()})
2024-03-04 21:37:01,465 [main] INFO  base.BaseClass - Found Element By {by.toString()}
2024-03-04 21:37:02,012 [main] INFO  base.BaseClass - Trying to find Element By {by.toString()})
2024-03-04 21:37:02,041 [main] INFO  base.BaseClass - Found Element By {by.toString()}
2024-03-04 21:37:02,576 [main] INFO  base.BaseClass - Trying to find Element By {by.toString()})
2024-03-04 21:37:02,605 [main] INFO  base.BaseClass - Found Element By {by.toString()}
2024-03-04 21:37:03,156 [main] INFO  base.BaseClass - Trying to find Element By {by.toString()})
2024-03-04 21:37:03,184 [main] INFO  base.BaseClass - Found Element By {by.toString()}
2024-03-04 21:37:03,719 [main] INFO  base.BaseClass - Trying to find Element By {by.toString()})
2024-03-04 21:37:03,749 [main] INFO  base.BaseClass - Found Element By {by.toString()}
2024-03-04 21:37:04,295 [main] INFO  base.BaseClass - Trying to find Element By {by.toString()})
2024-03-04 21:37:04,327 [main] INFO  base.BaseClass - Found Element By {by.toString()}
2024-03-04 21:37:04,859 [main] INFO  base.BaseClass - Trying to find Element By {by.toString()})
2024-03-04 21:37:04,888 [main] INFO  base.BaseClass - Found Element By {by.toString()}
2024-03-04 21:37:05,436 [main] INFO  base.BaseClass - Trying to find Element By {by.toString()})
2024-03-04 21:37:05,466 [main] INFO  base.BaseClass - Found Element By {by.toString()}
2024-03-04 21:37:06,025 [main] INFO  base.BaseClass - Trying to find Element By {by.toString()})
2024-03-04 21:37:06,043 [main] INFO  base.BaseClass - Found Element By {by.toString()}
2024-03-04 21:37:06,586 [main] INFO  base.BaseClass - Trying to find Element By {by.toString()})
2024-03-04 21:37:06,615 [main] INFO  base.BaseClass - Found Element By {by.toString()}
2024-03-04 21:37:07,148 [main] INFO  base.BaseClass - Trying to find Element By {by.toString()})
2024-03-04 21:37:07,181 [main] INFO  base.BaseClass - Found Element By {by.toString()}
2024-03-04 21:37:07,723 [main] INFO  base.BaseClass - Trying to find Element By {by.toString()})
2024-03-04 21:37:07,752 [main] INFO  base.BaseClass - Found Element By {by.toString()}
2024-03-04 21:37:08,284 [main] INFO  base.BaseClass - Trying to find Element By {by.toString()})
2024-03-04 21:37:08,311 [main] INFO  base.BaseClass - Found Element By {by.toString()}
2024-03-04 21:37:08,844 [main] INFO  base.BaseClass - Trying to find Element By {by.toString()})
2024-03-04 21:37:08,872 [main] INFO  base.BaseClass - Found Element By {by.toString()}
2024-03-04 21:37:09,407 [main] INFO  base.BaseClass - Trying to find Element By {by.toString()})
2024-03-04 21:37:09,435 [main] INFO  base.BaseClass - Found Element By {by.toString()}
2024-03-04 21:37:09,968 [main] INFO  base.BaseClass - Trying to find Element By {by.toString()})
2024-03-04 21:37:09,999 [main] INFO  base.BaseClass - Found Element By {by.toString()}
2024-03-04 21:37:10,530 [main] INFO  base.BaseClass - Trying to find Element By {by.toString()})
2024-03-04 21:37:10,552 [main] INFO  base.BaseClass - Found Element By {by.toString()}
2024-03-04 21:37:11,075 [main] INFO  base.BaseClass - Trying to find Element By {by.toString()})
2024-03-04 21:37:11,109 [main] INFO  base.BaseClass - Found Element By {by.toString()}
2024-03-04 21:37:11,652 [main] INFO  base.BaseClass - Trying to find Element By {by.toString()})
2024-03-04 21:37:11,681 [main] INFO  base.BaseClass - Found Element By {by.toString()}
2024-03-04 21:37:12,231 [main] INFO  base.BaseClass - Trying to find Element By {by.toString()})
2024-03-04 21:37:12,261 [main] INFO  base.BaseClass - Found Element By {by.toString()}
2024-03-04 21:37:12,806 [main] INFO  base.BaseClass - Trying to find Element By {by.toString()})
2024-03-04 21:37:12,836 [main] INFO  base.BaseClass - Found Element By {by.toString()}
2024-03-04 21:37:13,383 [main] INFO  base.BaseClass - Trying to find Element By {by.toString()})
2024-03-04 21:37:13,406 [main] INFO  base.BaseClass - Found Element By {by.toString()}
2024-03-04 21:37:13,929 [main] INFO  base.BaseClass - Trying to find Element By {by.toString()})
2024-03-04 21:37:13,958 [main] INFO  base.BaseClass - Found Element By {by.toString()}
2024-03-04 21:37:14,491 [main] INFO  base.BaseClass - Trying to find Element By {by.toString()})
2024-03-04 21:37:14,521 [main] INFO  base.BaseClass - Found Element By {by.toString()}
2024-03-04 21:37:15,063 [main] INFO  base.BaseClass - Trying to find Element By {by.toString()})
2024-03-04 21:37:15,091 [main] INFO  base.BaseClass - Found Element By {by.toString()}
2024-03-04 21:37:15,639 [main] INFO  base.BaseClass - Trying to find Element By {by.toString()})
2024-03-04 21:37:15,669 [main] INFO  base.BaseClass - Found Element By {by.toString()}
2024-03-04 21:37:16,201 [main] INFO  base.BaseClass - Trying to find Element By {by.toString()})
2024-03-04 21:37:16,218 [main] INFO  base.BaseClass - Found Element By {by.toString()}
2024-03-04 21:37:16,748 [main] INFO  base.BaseClass - Trying to find Element By {by.toString()})
2024-03-04 21:37:16,760 [main] INFO  base.BaseClass - Found Element By {by.toString()}
2024-03-04 21:37:17,294 [main] INFO  base.BaseClass - Trying to find Element By {by.toString()})
2024-03-04 21:37:17,320 [main] INFO  base.BaseClass - Found Element By {by.toString()}
2024-03-04 21:37:17,853 [main] INFO  base.BaseClass - Trying to find Element By {by.toString()})
2024-03-04 21:37:17,885 [main] INFO  base.BaseClass - Found Element By {by.toString()}
2024-03-04 21:37:18,423 [main] INFO  base.BaseClass - Trying to find Element By {by.toString()})
2024-03-04 21:37:18,452 [main] INFO  base.BaseClass - Found Element By {by.toString()}
2024-03-04 21:37:19,002 [main] INFO  base.BaseClass - Trying to find Element By {by.toString()})
2024-03-04 21:37:19,033 [main] INFO  base.BaseClass - Found Element By {by.toString()}
2024-03-04 21:37:19,598 [main] INFO  base.BaseClass - Trying to find Element By {by.toString()})
2024-03-04 21:37:19,628 [main] INFO  base.BaseClass - Found Element By {by.toString()}
2024-03-04 21:37:20,176 [main] INFO  base.BaseClass - Trying to find Element By {by.toString()})
2024-03-04 21:37:20,206 [main] INFO  base.BaseClass - Found Element By {by.toString()}
2024-03-04 21:37:20,751 [main] INFO  base.BaseClass - Trying to find Element By {by.toString()})
2024-03-04 21:37:20,781 [main] INFO  base.BaseClass - Found Element By {by.toString()}
2024-03-04 21:37:21,316 [main] INFO  base.BaseClass - Trying to find Element By {by.toString()})
2024-03-04 21:37:21,339 [main] INFO  base.BaseClass - Found Element By {by.toString()}
2024-03-04 21:37:21,875 [main] INFO  base.BaseClass - Trying to find Element By {by.toString()})
2024-03-04 21:37:21,905 [main] INFO  base.BaseClass - Found Element By {by.toString()}
TimeoutException occurred: Expected condition failed: waiting for helper.WaitUtility$5@2cbae0f1 (tried for 30 second(s) with 500 milliseconds interval)
Build info: version: '3.141.59', revision: 'e82be7d358', time: '2018-11-14T08:17:03'
System info: host: 'DPLAP166', ip: '137.237.3.27', os.name: 'Windows 10', os.arch: 'amd64', os.version: '10.0', java.version: '19.0.1'
Driver info: org.openqa.selenium.support.events.EventFiringWebDriver
Capabilities {acceptInsecureCerts: true, browserName: chrome, browserVersion: 122.0.6261.71, chrome: {chromedriverVersion: 122.0.6261.94 (880dbf29479c..., userDataDir: C:\Users\dP-PL\AppData\Loca...}, fedcm:accounts: true, goog:chromeOptions: {debuggerAddress: localhost:55628}, javascriptEnabled: true, networkConnectionEnabled: false, pageLoadStrategy: normal, platform: WINDOWS, platformName: WINDOWS, proxy: Proxy(), setWindowRect: true, strictFileInteractability: false, timeouts: {implicit: 0, pageLoad: 300000, script: 30000}, unhandledPromptBehavior: dismiss and notify, webauthn:extension:credBlob: true, webauthn:extension:largeBlob: true, webauthn:extension:minPinLength: true, webauthn:extension:prf: true, webauthn:virtualAuthenticators: true}
Session ID: 31a988c50edf9352c0ad358376b8e2fb
2024-03-04 21:37:21,949 [main] ERROR XGLT_6756_Test - Element did not become visible within the specified time: Expected condition failed: waiting for helper.WaitUtility$5@2cbae0f1 (tried for 30 second(s) with 500 milliseconds interval)
Build info: version: '3.141.59', revision: 'e82be7d358', time: '2018-11-14T08:17:03'
System info: host: 'DPLAP166', ip: '137.237.3.27', os.name: 'Windows 10', os.arch: 'amd64', os.version: '10.0', java.version: '19.0.1'
Driver info: org.openqa.selenium.support.events.EventFiringWebDriver
Capabilities {acceptInsecureCerts: true, browserName: chrome, browserVersion: 122.0.6261.71, chrome: {chromedriverVersion: 122.0.6261.94 (880dbf29479c..., userDataDir: C:\Users\dP-PL\AppData\Loca...}, fedcm:accounts: true, goog:chromeOptions: {debuggerAddress: localhost:55628}, javascriptEnabled: true, networkConnectionEnabled: false, pageLoadStrategy: normal, platform: WINDOWS, platformName: WINDOWS, proxy: Proxy(), setWindowRect: true, strictFileInteractability: false, timeouts: {implicit: 0, pageLoad: 300000, script: 30000}, unhandledPromptBehavior: dismiss and notify, webauthn:extension:credBlob: true, webauthn:extension:largeBlob: true, webauthn:extension:minPinLength: true, webauthn:extension:prf: true, webauthn:virtualAuthenticators: true}
Session ID: 31a988c50edf9352c0ad358376b8e2fb
2024-03-04 21:37:21,949 [main] INFO  base.BaseClass - Trying to find Element By {by.toString()})
2024-03-04 21:37:21,969 [main] INFO  base.BaseClass - Found Element By {by.toString()}
2024-03-04 21:37:21,970 [main] INFO  base.BaseClass - Trying to click on: {element.toString()}
2024-03-04 21:37:22,016 [main] INFO  base.BaseClass - Clicked on: {element.toString()}
2024-03-04 21:37:22,016 [main] INFO  base.BaseClass - Trying to find Element By {by.toString()})
2024-03-04 21:37:22,029 [main] INFO  base.BaseClass - Found Element By {by.toString()}
2024-03-04 21:37:22,551 [main] INFO  base.BaseClass - Trying to find Element By {by.toString()})
2024-03-04 21:37:22,580 [main] INFO  base.BaseClass - Found Element By {by.toString()}
2024-03-04 21:37:23,114 [main] INFO  base.BaseClass - Trying to find Element By {by.toString()})
2024-03-04 21:37:23,168 [main] INFO  base.BaseClass - Found Element By {by.toString()}
2024-03-04 21:37:23,693 [main] INFO  base.BaseClass - Trying to find Element By {by.toString()})
2024-03-04 21:37:23,723 [main] INFO  base.BaseClass - Found Element By {by.toString()}
2024-03-04 21:37:24,269 [main] INFO  base.BaseClass - Trying to find Element By {by.toString()})
2024-03-04 21:37:24,282 [main] INFO  base.BaseClass - Found Element By {by.toString()}
2024-03-04 21:37:24,800 [main] INFO  base.BaseClass - Trying to find Element By {by.toString()})
2024-03-04 21:37:24,827 [main] INFO  base.BaseClass - Found Element By {by.toString()}
2024-03-04 21:37:25,364 [main] INFO  base.BaseClass - Trying to find Element By {by.toString()})
2024-03-04 21:37:25,396 [main] INFO  base.BaseClass - Found Element By {by.toString()}
2024-03-04 21:37:25,930 [main] INFO  base.BaseClass - Trying to find Element By {by.toString()})
2024-03-04 21:37:25,958 [main] INFO  base.BaseClass - Found Element By {by.toString()}
2024-03-04 21:37:26,492 [main] INFO  base.BaseClass - Trying to find Element By {by.toString()})
2024-03-04 21:37:26,522 [main] INFO  base.BaseClass - Found Element By {by.toString()}
2024-03-04 21:37:27,061 [main] INFO  base.BaseClass - Trying to find Element By {by.toString()})
2024-03-04 21:37:27,091 [main] INFO  base.BaseClass - Found Element By {by.toString()}
2024-03-04 21:37:27,626 [main] INFO  base.BaseClass - Trying to find Element By {by.toString()})
2024-03-04 21:37:27,712 [main] INFO  base.BaseClass - Found Element By {by.toString()}
2024-03-04 21:37:28,251 [main] INFO  base.BaseClass - Trying to find Element By {by.toString()})
2024-03-04 21:37:28,284 [main] INFO  base.BaseClass - Found Element By {by.toString()}
2024-03-04 21:37:28,827 [main] INFO  base.BaseClass - Trying to find Element By {by.toString()})
2024-03-04 21:37:28,855 [main] INFO  base.BaseClass - Found Element By {by.toString()}
2024-03-04 21:37:29,390 [main] INFO  base.BaseClass - Trying to find Element By {by.toString()})
2024-03-04 21:37:29,419 [main] INFO  base.BaseClass - Found Element By {by.toString()}
2024-03-04 21:37:29,965 [main] INFO  base.BaseClass - Trying to find Element By {by.toString()})
2024-03-04 21:37:29,995 [main] INFO  base.BaseClass - Found Element By {by.toString()}
2024-03-04 21:37:30,546 [main] INFO  base.BaseClass - Trying to find Element By {by.toString()})
2024-03-04 21:37:30,576 [main] INFO  base.BaseClass - Found Element By {by.toString()}
2024-03-04 21:37:31,123 [main] INFO  base.BaseClass - Trying to find Element By {by.toString()})
2024-03-04 21:37:31,153 [main] INFO  base.BaseClass - Found Element By {by.toString()}
2024-03-04 21:37:31,683 [main] INFO  base.BaseClass - Trying to find Element By {by.toString()})
2024-03-04 21:37:31,713 [main] INFO  base.BaseClass - Found Element By {by.toString()}
2024-03-04 21:37:32,244 [main] INFO  base.BaseClass - Trying to find Element By {by.toString()})
2024-03-04 21:37:32,274 [main] INFO  base.BaseClass - Found Element By {by.toString()}
2024-03-04 21:37:32,822 [main] INFO  base.BaseClass - Trying to find Element By {by.toString()})
2024-03-04 21:37:32,853 [main] INFO  base.BaseClass - Found Element By {by.toString()}
2024-03-04 21:37:33,402 [main] INFO  base.BaseClass - Trying to find Element By {by.toString()})
2024-03-04 21:37:33,434 [main] INFO  base.BaseClass - Found Element By {by.toString()}
2024-03-04 21:37:33,965 [main] INFO  base.BaseClass - Trying to find Element By {by.toString()})
2024-03-04 21:37:33,996 [main] INFO  base.BaseClass - Found Element By {by.toString()}
2024-03-04 21:37:34,544 [main] INFO  base.BaseClass - Trying to find Element By {by.toString()})
2024-03-04 21:37:34,558 [main] INFO  base.BaseClass - Found Element By {by.toString()}
2024-03-04 21:37:35,092 [main] INFO  base.BaseClass - Trying to find Element By {by.toString()})
2024-03-04 21:37:35,121 [main] INFO  base.BaseClass - Found Element By {by.toString()}
2024-03-04 21:37:35,668 [main] INFO  base.BaseClass - Trying to find Element By {by.toString()})
2024-03-04 21:37:35,697 [main] INFO  base.BaseClass - Found Element By {by.toString()}
2024-03-04 21:37:36,230 [main] INFO  base.BaseClass - Trying to find Element By {by.toString()})
2024-03-04 21:37:36,261 [main] INFO  base.BaseClass - Found Element By {by.toString()}
2024-03-04 21:37:36,807 [main] INFO  base.BaseClass - Trying to find Element By {by.toString()})
2024-03-04 21:37:36,827 [main] INFO  base.BaseClass - Found Element By {by.toString()}
2024-03-04 21:37:37,370 [main] INFO  base.BaseClass - Trying to find Element By {by.toString()})
2024-03-04 21:37:37,397 [main] INFO  base.BaseClass - Found Element By {by.toString()}
2024-03-04 21:37:37,932 [main] INFO  base.BaseClass - Trying to find Element By {by.toString()})
2024-03-04 21:37:37,961 [main] INFO  base.BaseClass - Found Element By {by.toString()}
2024-03-04 21:37:38,497 [main] INFO  base.BaseClass - Trying to find Element By {by.toString()})
2024-03-04 21:37:38,528 [main] INFO  base.BaseClass - Found Element By {by.toString()}
2024-03-04 21:37:39,072 [main] INFO  base.BaseClass - Trying to find Element By {by.toString()})
2024-03-04 21:37:39,102 [main] INFO  base.BaseClass - Found Element By {by.toString()}
2024-03-04 21:37:39,635 [main] INFO  base.BaseClass - Trying to find Element By {by.toString()})
2024-03-04 21:37:39,663 [main] INFO  base.BaseClass - Found Element By {by.toString()}
2024-03-04 21:37:40,199 [main] INFO  base.BaseClass - Trying to find Element By {by.toString()})
2024-03-04 21:37:40,228 [main] INFO  base.BaseClass - Found Element By {by.toString()}
2024-03-04 21:37:40,764 [main] INFO  base.BaseClass - Trying to find Element By {by.toString()})
2024-03-04 21:37:40,793 [main] INFO  base.BaseClass - Found Element By {by.toString()}
2024-03-04 21:37:41,331 [main] INFO  base.BaseClass - Trying to find Element By {by.toString()})
2024-03-04 21:37:41,361 [main] INFO  base.BaseClass - Found Element By {by.toString()}
2024-03-04 21:37:41,910 [main] INFO  base.BaseClass - Trying to find Element By {by.toString()})
2024-03-04 21:37:41,940 [main] INFO  base.BaseClass - Found Element By {by.toString()}
2024-03-04 21:37:42,489 [main] INFO  base.BaseClass - Trying to find Element By {by.toString()})
2024-03-04 21:37:42,518 [main] INFO  base.BaseClass - Found Element By {by.toString()}
2024-03-04 21:37:43,067 [main] INFO  base.BaseClass - Trying to find Element By {by.toString()})
2024-03-04 21:37:43,098 [main] INFO  base.BaseClass - Found Element By {by.toString()}
2024-03-04 21:37:43,632 [main] INFO  base.BaseClass - Trying to find Element By {by.toString()})
2024-03-04 21:37:43,662 [main] INFO  base.BaseClass - Found Element By {by.toString()}
2024-03-04 21:37:44,209 [main] INFO  base.BaseClass - Trying to find Element By {by.toString()})
2024-03-04 21:37:44,236 [main] INFO  base.BaseClass - Found Element By {by.toString()}
2024-03-04 21:37:44,772 [main] INFO  base.BaseClass - Trying to find Element By {by.toString()})
2024-03-04 21:37:44,801 [main] INFO  base.BaseClass - Found Element By {by.toString()}
2024-03-04 21:37:45,334 [main] INFO  base.BaseClass - Trying to find Element By {by.toString()})
2024-03-04 21:37:45,366 [main] INFO  base.BaseClass - Found Element By {by.toString()}
2024-03-04 21:37:45,896 [main] INFO  base.BaseClass - Trying to find Element By {by.toString()})
2024-03-04 21:37:45,926 [main] INFO  base.BaseClass - Found Element By {by.toString()}
2024-03-04 21:37:46,476 [main] INFO  base.BaseClass - Trying to find Element By {by.toString()})
2024-03-04 21:37:46,503 [main] INFO  base.BaseClass - Found Element By {by.toString()}
2024-03-04 21:37:47,040 [main] INFO  base.BaseClass - Trying to find Element By {by.toString()})
2024-03-04 21:37:47,070 [main] INFO  base.BaseClass - Found Element By {by.toString()}
2024-03-04 21:37:47,614 [main] INFO  base.BaseClass - Trying to find Element By {by.toString()})
2024-03-04 21:37:47,644 [main] INFO  base.BaseClass - Found Element By {by.toString()}
2024-03-04 21:37:48,190 [main] INFO  base.BaseClass - Trying to find Element By {by.toString()})
2024-03-04 21:37:48,218 [main] INFO  base.BaseClass - Found Element By {by.toString()}
2024-03-04 21:37:48,754 [main] INFO  base.BaseClass - Trying to find Element By {by.toString()})
2024-03-04 21:37:48,784 [main] INFO  base.BaseClass - Found Element By {by.toString()}
2024-03-04 21:37:49,331 [main] INFO  base.BaseClass - Trying to find Element By {by.toString()})
2024-03-04 21:37:49,357 [main] INFO  base.BaseClass - Found Element By {by.toString()}
2024-03-04 21:37:49,893 [main] INFO  base.BaseClass - Trying to find Element By {by.toString()})
2024-03-04 21:37:49,923 [main] INFO  base.BaseClass - Found Element By {by.toString()}
2024-03-04 21:37:50,471 [main] INFO  base.BaseClass - Trying to find Element By {by.toString()})
2024-03-04 21:37:50,488 [main] INFO  base.BaseClass - Found Element By {by.toString()}
2024-03-04 21:37:51,015 [main] INFO  base.BaseClass - Trying to find Element By {by.toString()})
2024-03-04 21:37:51,045 [main] INFO  base.BaseClass - Found Element By {by.toString()}
2024-03-04 21:37:51,594 [main] INFO  base.BaseClass - Trying to find Element By {by.toString()})
2024-03-04 21:37:51,602 [main] INFO  base.BaseClass - Found Element By {by.toString()}
2024-03-04 21:37:52,125 [main] INFO  base.BaseClass - Trying to find Element By {by.toString()})
2024-03-04 21:37:52,156 [main] INFO  base.BaseClass - Found Element By {by.toString()}
TimeoutException occurred: Expected condition failed: waiting for helper.WaitUtility$5@2862bac6 (tried for 30 second(s) with 500 milliseconds interval)
Build info: version: '3.141.59', revision: 'e82be7d358', time: '2018-11-14T08:17:03'
System info: host: 'DPLAP166', ip: '137.237.3.27', os.name: 'Windows 10', os.arch: 'amd64', os.version: '10.0', java.version: '19.0.1'
Driver info: org.openqa.selenium.support.events.EventFiringWebDriver
Capabilities {acceptInsecureCerts: true, browserName: chrome, browserVersion: 122.0.6261.71, chrome: {chromedriverVersion: 122.0.6261.94 (880dbf29479c..., userDataDir: C:\Users\dP-PL\AppData\Loca...}, fedcm:accounts: true, goog:chromeOptions: {debuggerAddress: localhost:55628}, javascriptEnabled: true, networkConnectionEnabled: false, pageLoadStrategy: normal, platform: WINDOWS, platformName: WINDOWS, proxy: Proxy(), setWindowRect: true, strictFileInteractability: false, timeouts: {implicit: 0, pageLoad: 300000, script: 30000}, unhandledPromptBehavior: dismiss and notify, webauthn:extension:credBlob: true, webauthn:extension:largeBlob: true, webauthn:extension:minPinLength: true, webauthn:extension:prf: true, webauthn:virtualAuthenticators: true}
Session ID: 31a988c50edf9352c0ad358376b8e2fb
2024-03-04 21:37:52,205 [main] ERROR XGLT_6756_Test - Element did not become visible within the specified time: Expected condition failed: waiting for helper.WaitUtility$5@2862bac6 (tried for 30 second(s) with 500 milliseconds interval)
Build info: version: '3.141.59', revision: 'e82be7d358', time: '2018-11-14T08:17:03'
System info: host: 'DPLAP166', ip: '137.237.3.27', os.name: 'Windows 10', os.arch: 'amd64', os.version: '10.0', java.version: '19.0.1'
Driver info: org.openqa.selenium.support.events.EventFiringWebDriver
Capabilities {acceptInsecureCerts: true, browserName: chrome, browserVersion: 122.0.6261.71, chrome: {chromedriverVersion: 122.0.6261.94 (880dbf29479c..., userDataDir: C:\Users\dP-PL\AppData\Loca...}, fedcm:accounts: true, goog:chromeOptions: {debuggerAddress: localhost:55628}, javascriptEnabled: true, networkConnectionEnabled: false, pageLoadStrategy: normal, platform: WINDOWS, platformName: WINDOWS, proxy: Proxy(), setWindowRect: true, strictFileInteractability: false, timeouts: {implicit: 0, pageLoad: 300000, script: 30000}, unhandledPromptBehavior: dismiss and notify, webauthn:extension:credBlob: true, webauthn:extension:largeBlob: true, webauthn:extension:minPinLength: true, webauthn:extension:prf: true, webauthn:virtualAuthenticators: true}
Session ID: 31a988c50edf9352c0ad358376b8e2fb
2024-03-04 21:37:52,205 [main] INFO  base.BaseClass - Trying to find Element By {by.toString()})
2024-03-04 21:37:52,219 [main] INFO  base.BaseClass - Found Element By {by.toString()}
2024-03-04 21:37:52,219 [main] INFO  base.BaseClass - Trying to click on: {element.toString()}
2024-03-04 21:37:52,287 [main] INFO  base.BaseClass - Clicked on: {element.toString()}
2024-03-04 21:37:52,287 [main] INFO  base.BaseClass - Trying to find Element By {by.toString()})
2024-03-04 21:37:52,304 [main] INFO  base.BaseClass - Found Element By {by.toString()}
2024-03-04 21:37:52,829 [main] INFO  base.BaseClass - Trying to find Element By {by.toString()})
2024-03-04 21:37:52,842 [main] INFO  base.BaseClass - Found Element By {by.toString()}
2024-03-04 21:37:53,363 [main] INFO  base.BaseClass - Trying to find Element By {by.toString()})
2024-03-04 21:37:53,371 [main] INFO  base.BaseClass - Found Element By {by.toString()}
2024-03-04 21:37:53,887 [main] INFO  base.BaseClass - Trying to find Element By {by.toString()})
2024-03-04 21:37:53,900 [main] INFO  base.BaseClass - Found Element By {by.toString()}
2024-03-04 21:37:54,422 [main] INFO  base.BaseClass - Trying to find Element By {by.toString()})
2024-03-04 21:37:54,438 [main] INFO  base.BaseClass - Found Element By {by.toString()}
2024-03-04 21:37:54,966 [main] INFO  base.BaseClass - Trying to find Element By {by.toString()})
2024-03-04 21:37:54,996 [main] INFO  base.BaseClass - Found Element By {by.toString()}
2024-03-04 21:37:55,530 [main] INFO  base.BaseClass - Trying to find Element By {by.toString()})
2024-03-04 21:37:55,546 [main] INFO  base.BaseClass - Found Element By {by.toString()}
2024-03-04 21:37:56,078 [main] INFO  base.BaseClass - Trying to find Element By {by.toString()})
2024-03-04 21:37:56,107 [main] INFO  base.BaseClass - Found Element By {by.toString()}
2024-03-04 21:37:56,657 [main] INFO  base.BaseClass - Trying to find Element By {by.toString()})
2024-03-04 21:37:56,686 [main] INFO  base.BaseClass - Found Element By {by.toString()}
2024-03-04 21:37:57,231 [main] INFO  base.BaseClass - Trying to find Element By {by.toString()})
2024-03-04 21:37:57,251 [main] INFO  base.BaseClass - Found Element By {by.toString()}
2024-03-04 21:37:57,792 [main] INFO  base.BaseClass - Trying to find Element By {by.toString()})
2024-03-04 21:37:57,910 [main] INFO  base.BaseClass - Found Element By {by.toString()}
2024-03-04 21:37:58,462 [main] INFO  base.BaseClass - Trying to find Element By {by.toString()})
2024-03-04 21:37:58,491 [main] INFO  base.BaseClass - Found Element By {by.toString()}
2024-03-04 21:37:59,042 [main] INFO  base.BaseClass - Trying to find Element By {by.toString()})
2024-03-04 21:37:59,070 [main] INFO  base.BaseClass - Found Element By {by.toString()}
2024-03-04 21:37:59,622 [main] INFO  base.BaseClass - Trying to find Element By {by.toString()})
2024-03-04 21:37:59,651 [main] INFO  base.BaseClass - Found Element By {by.toString()}
2024-03-04 21:38:00,186 [main] INFO  base.BaseClass - Trying to find Element By {by.toString()})
2024-03-04 21:38:00,201 [main] INFO  base.BaseClass - Found Element By {by.toString()}
2024-03-04 21:38:00,733 [main] INFO  base.BaseClass - Trying to find Element By {by.toString()})
2024-03-04 21:38:00,762 [main] INFO  base.BaseClass - Found Element By {by.toString()}
2024-03-04 21:38:01,307 [main] INFO  base.BaseClass - Trying to find Element By {by.toString()})
2024-03-04 21:38:01,334 [main] INFO  base.BaseClass - Found Element By {by.toString()}
2024-03-04 21:38:01,868 [main] INFO  base.BaseClass - Trying to find Element By {by.toString()})
2024-03-04 21:38:01,882 [main] INFO  base.BaseClass - Found Element By {by.toString()}
2024-03-04 21:38:02,415 [main] INFO  base.BaseClass - Trying to find Element By {by.toString()})
2024-03-04 21:38:02,444 [main] INFO  base.BaseClass - Found Element By {by.toString()}
2024-03-04 21:38:02,992 [main] INFO  base.BaseClass - Trying to find Element By {by.toString()})
2024-03-04 21:38:03,021 [main] INFO  base.BaseClass - Found Element By {by.toString()}
2024-03-04 21:38:03,601 [main] INFO  base.BaseClass - Trying to find Element By {by.toString()})
2024-03-04 21:38:03,623 [main] INFO  base.BaseClass - Found Element By {by.toString()}
2024-03-04 21:38:04,161 [main] INFO  base.BaseClass - Trying to find Element By {by.toString()})
2024-03-04 21:38:04,189 [main] INFO  base.BaseClass - Found Element By {by.toString()}
2024-03-04 21:38:04,721 [main] INFO  base.BaseClass - Trying to find Element By {by.toString()})
2024-03-04 21:38:04,751 [main] INFO  base.BaseClass - Found Element By {by.toString()}
2024-03-04 21:38:05,315 [main] INFO  base.BaseClass - Trying to find Element By {by.toString()})
2024-03-04 21:38:05,342 [main] INFO  base.BaseClass - Found Element By {by.toString()}
2024-03-04 21:38:05,877 [main] INFO  base.BaseClass - Trying to find Element By {by.toString()})
2024-03-04 21:38:05,906 [main] INFO  base.BaseClass - Found Element By {by.toString()}
2024-03-04 21:38:06,454 [main] INFO  base.BaseClass - Trying to find Element By {by.toString()})
2024-03-04 21:38:06,484 [main] INFO  base.BaseClass - Found Element By {by.toString()}
2024-03-04 21:38:07,030 [main] INFO  base.BaseClass - Trying to find Element By {by.toString()})
2024-03-04 21:38:07,060 [main] INFO  base.BaseClass - Found Element By {by.toString()}
2024-03-04 21:38:07,594 [main] INFO  base.BaseClass - Trying to find Element By {by.toString()})
2024-03-04 21:38:07,617 [main] INFO  base.BaseClass - Found Element By {by.toString()}
2024-03-04 21:38:08,141 [main] INFO  base.BaseClass - Trying to find Element By {by.toString()})
2024-03-04 21:38:08,171 [main] INFO  base.BaseClass - Found Element By {by.toString()}
2024-03-04 21:38:08,720 [main] INFO  base.BaseClass - Trying to find Element By {by.toString()})
2024-03-04 21:38:08,750 [main] INFO  base.BaseClass - Found Element By {by.toString()}
2024-03-04 21:38:09,297 [main] INFO  base.BaseClass - Trying to find Element By {by.toString()})
2024-03-04 21:38:09,311 [main] INFO  base.BaseClass - Found Element By {by.toString()}
2024-03-04 21:38:09,844 [main] INFO  base.BaseClass - Trying to find Element By {by.toString()})
2024-03-04 21:38:09,867 [main] INFO  base.BaseClass - Found Element By {by.toString()}
2024-03-04 21:38:10,469 [main] INFO  base.BaseClass - Trying to find Element By {by.toString()})
2024-03-04 21:38:10,500 [main] INFO  base.BaseClass - Found Element By {by.toString()}
2024-03-04 21:38:11,043 [main] INFO  base.BaseClass - Trying to find Element By {by.toString()})
2024-03-04 21:38:11,073 [main] INFO  base.BaseClass - Found Element By {by.toString()}
2024-03-04 21:38:11,620 [main] INFO  base.BaseClass - Trying to find Element By {by.toString()})
2024-03-04 21:38:11,651 [main] INFO  base.BaseClass - Found Element By {by.toString()}
2024-03-04 21:38:12,182 [main] INFO  base.BaseClass - Trying to find Element By {by.toString()})
2024-03-04 21:38:12,200 [main] INFO  base.BaseClass - Found Element By {by.toString()}
2024-03-04 21:38:12,729 [main] INFO  base.BaseClass - Trying to find Element By {by.toString()})
2024-03-04 21:38:12,759 [main] INFO  base.BaseClass - Found Element By {by.toString()}
2024-03-04 21:38:13,305 [main] INFO  base.BaseClass - Trying to find Element By {by.toString()})
2024-03-04 21:38:13,333 [main] INFO  base.BaseClass - Found Element By {by.toString()}
2024-03-04 21:38:13,871 [main] INFO  base.BaseClass - Trying to find Element By {by.toString()})
2024-03-04 21:38:13,901 [main] INFO  base.BaseClass - Found Element By {by.toString()}
2024-03-04 21:38:14,450 [main] INFO  base.BaseClass - Trying to find Element By {by.toString()})
2024-03-04 21:38:14,480 [main] INFO  base.BaseClass - Found Element By {by.toString()}
2024-03-04 21:38:15,030 [main] INFO  base.BaseClass - Trying to find Element By {by.toString()})
2024-03-04 21:38:15,060 [main] INFO  base.BaseClass - Found Element By {by.toString()}
2024-03-04 21:38:15,596 [main] INFO  base.BaseClass - Trying to find Element By {by.toString()})
2024-03-04 21:38:15,625 [main] INFO  base.BaseClass - Found Element By {by.toString()}
2024-03-04 21:38:16,158 [main] INFO  base.BaseClass - Trying to find Element By {by.toString()})
2024-03-04 21:38:16,190 [main] INFO  base.BaseClass - Found Element By {by.toString()}
2024-03-04 21:38:16,751 [main] INFO  base.BaseClass - Trying to find Element By {by.toString()})
2024-03-04 21:38:16,765 [main] INFO  base.BaseClass - Found Element By {by.toString()}
2024-03-04 21:38:17,284 [main] INFO  base.BaseClass - Trying to find Element By {by.toString()})
2024-03-04 21:38:17,309 [main] INFO  base.BaseClass - Found Element By {by.toString()}
2024-03-04 21:38:17,844 [main] INFO  base.BaseClass - Trying to find Element By {by.toString()})
2024-03-04 21:38:17,874 [main] INFO  base.BaseClass - Found Element By {by.toString()}
2024-03-04 21:38:18,422 [main] INFO  base.BaseClass - Trying to find Element By {by.toString()})
2024-03-04 21:38:18,452 [main] INFO  base.BaseClass - Found Element By {by.toString()}
2024-03-04 21:38:19,002 [main] INFO  base.BaseClass - Trying to find Element By {by.toString()})
2024-03-04 21:38:19,032 [main] INFO  base.BaseClass - Found Element By {by.toString()}
2024-03-04 21:38:19,577 [main] INFO  base.BaseClass - Trying to find Element By {by.toString()})
2024-03-04 21:38:19,608 [main] INFO  base.BaseClass - Found Element By {by.toString()}
2024-03-04 21:38:20,139 [main] INFO  base.BaseClass - Trying to find Element By {by.toString()})
2024-03-04 21:38:20,165 [main] INFO  base.BaseClass - Found Element By {by.toString()}
2024-03-04 21:38:20,701 [main] INFO  base.BaseClass - Trying to find Element By {by.toString()})
2024-03-04 21:38:20,729 [main] INFO  base.BaseClass - Found Element By {by.toString()}
2024-03-04 21:38:21,265 [main] INFO  base.BaseClass - Trying to find Element By {by.toString()})
2024-03-04 21:38:21,294 [main] INFO  base.BaseClass - Found Element By {by.toString()}
2024-03-04 21:38:21,828 [main] INFO  base.BaseClass - Trying to find Element By {by.toString()})
2024-03-04 21:38:21,856 [main] INFO  base.BaseClass - Found Element By {by.toString()}
2024-03-04 21:38:22,388 [main] INFO  base.BaseClass - Trying to find Element By {by.toString()})
2024-03-04 21:38:22,417 [main] INFO  base.BaseClass - Found Element By {by.toString()}
TimeoutException occurred: Expected condition failed: waiting for helper.WaitUtility$5@5166fe7a (tried for 30 second(s) with 500 milliseconds interval)
Build info: version: '3.141.59', revision: 'e82be7d358', time: '2018-11-14T08:17:03'
System info: host: 'DPLAP166', ip: '137.237.3.27', os.name: 'Windows 10', os.arch: 'amd64', os.version: '10.0', java.version: '19.0.1'
Driver info: org.openqa.selenium.support.events.EventFiringWebDriver
Capabilities {acceptInsecureCerts: true, browserName: chrome, browserVersion: 122.0.6261.71, chrome: {chromedriverVersion: 122.0.6261.94 (880dbf29479c..., userDataDir: C:\Users\dP-PL\AppData\Loca...}, fedcm:accounts: true, goog:chromeOptions: {debuggerAddress: localhost:55628}, javascriptEnabled: true, networkConnectionEnabled: false, pageLoadStrategy: normal, platform: WINDOWS, platformName: WINDOWS, proxy: Proxy(), setWindowRect: true, strictFileInteractability: false, timeouts: {implicit: 0, pageLoad: 300000, script: 30000}, unhandledPromptBehavior: dismiss and notify, webauthn:extension:credBlob: true, webauthn:extension:largeBlob: true, webauthn:extension:minPinLength: true, webauthn:extension:prf: true, webauthn:virtualAuthenticators: true}
Session ID: 31a988c50edf9352c0ad358376b8e2fb
2024-03-04 21:38:22,445 [main] ERROR XGLT_6756_Test - Element did not become visible within the specified time: Expected condition failed: waiting for helper.WaitUtility$5@5166fe7a (tried for 30 second(s) with 500 milliseconds interval)
Build info: version: '3.141.59', revision: 'e82be7d358', time: '2018-11-14T08:17:03'
System info: host: 'DPLAP166', ip: '137.237.3.27', os.name: 'Windows 10', os.arch: 'amd64', os.version: '10.0', java.version: '19.0.1'
Driver info: org.openqa.selenium.support.events.EventFiringWebDriver
Capabilities {acceptInsecureCerts: true, browserName: chrome, browserVersion: 122.0.6261.71, chrome: {chromedriverVersion: 122.0.6261.94 (880dbf29479c..., userDataDir: C:\Users\dP-PL\AppData\Loca...}, fedcm:accounts: true, goog:chromeOptions: {debuggerAddress: localhost:55628}, javascriptEnabled: true, networkConnectionEnabled: false, pageLoadStrategy: normal, platform: WINDOWS, platformName: WINDOWS, proxy: Proxy(), setWindowRect: true, strictFileInteractability: false, timeouts: {implicit: 0, pageLoad: 300000, script: 30000}, unhandledPromptBehavior: dismiss and notify, webauthn:extension:credBlob: true, webauthn:extension:largeBlob: true, webauthn:extension:minPinLength: true, webauthn:extension:prf: true, webauthn:virtualAuthenticators: true}
Session ID: 31a988c50edf9352c0ad358376b8e2fb
2024-03-04 21:38:22,445 [main] INFO  base.BaseClass - Trying to find Element By {by.toString()})
2024-03-04 21:38:22,458 [main] INFO  base.BaseClass - Found Element By {by.toString()}
2024-03-04 21:38:22,458 [main] INFO  base.BaseClass - Trying to click on: {element.toString()}
2024-03-04 21:38:22,525 [main] INFO  base.BaseClass - Clicked on: {element.toString()}
2024-03-04 21:38:22,525 [main] INFO  base.BaseClass - Trying to find Element By {by.toString()})
2024-03-04 21:38:22,537 [main] INFO  base.BaseClass - Found Element By {by.toString()}
2024-03-04 21:38:23,060 [main] INFO  base.BaseClass - Trying to find Element By {by.toString()})
2024-03-04 21:38:23,070 [main] INFO  base.BaseClass - Found Element By {by.toString()}
2024-03-04 21:38:23,591 [main] INFO  base.BaseClass - Trying to find Element By {by.toString()})
2024-03-04 21:38:23,610 [main] INFO  base.BaseClass - Found Element By {by.toString()}
2024-03-04 21:38:24,151 [main] INFO  base.BaseClass - Trying to find Element By {by.toString()})
2024-03-04 21:38:24,182 [main] INFO  base.BaseClass - Found Element By {by.toString()}
2024-03-04 21:38:24,715 [main] INFO  base.BaseClass - Trying to find Element By {by.toString()})
2024-03-04 21:38:24,736 [main] INFO  base.BaseClass - Found Element By {by.toString()}
2024-03-04 21:38:25,261 [main] INFO  base.BaseClass - Trying to find Element By {by.toString()})
2024-03-04 21:38:25,291 [main] INFO  base.BaseClass - Found Element By {by.toString()}
2024-03-04 21:38:25,839 [main] INFO  base.BaseClass - Trying to find Element By {by.toString()})
2024-03-04 21:38:25,863 [main] INFO  base.BaseClass - Found Element By {by.toString()}
2024-03-04 21:38:26,404 [main] INFO  base.BaseClass - Trying to find Element By {by.toString()})
2024-03-04 21:38:26,434 [main] INFO  base.BaseClass - Found Element By {by.toString()}
2024-03-04 21:38:26,980 [main] INFO  base.BaseClass - Trying to find Element By {by.toString()})
2024-03-04 21:38:27,009 [main] INFO  base.BaseClass - Found Element By {by.toString()}
2024-03-04 21:38:27,589 [main] INFO  base.BaseClass - Trying to find Element By {by.toString()})
2024-03-04 21:38:27,620 [main] INFO  base.BaseClass - Found Element By {by.toString()}
2024-03-04 21:38:28,165 [main] INFO  base.BaseClass - Trying to find Element By {by.toString()})
2024-03-04 21:38:28,197 [main] INFO  base.BaseClass - Found Element By {by.toString()}
2024-03-04 21:38:28,740 [main] INFO  base.BaseClass - Trying to find Element By {by.toString()})
2024-03-04 21:38:28,769 [main] INFO  base.BaseClass - Found Element By {by.toString()}
2024-03-04 21:38:29,316 [main] INFO  base.BaseClass - Trying to find Element By {by.toString()})
2024-03-04 21:38:29,349 [main] INFO  base.BaseClass - Found Element By {by.toString()}
2024-03-04 21:38:29,897 [main] INFO  base.BaseClass - Trying to find Element By {by.toString()})
2024-03-04 21:38:29,927 [main] INFO  base.BaseClass - Found Element By {by.toString()}
2024-03-04 21:38:30,475 [main] INFO  base.BaseClass - Trying to find Element By {by.toString()})
2024-03-04 21:38:30,501 [main] INFO  base.BaseClass - Found Element By {by.toString()}
2024-03-04 21:38:31,040 [main] INFO  base.BaseClass - Trying to find Element By {by.toString()})
2024-03-04 21:38:31,066 [main] INFO  base.BaseClass - Found Element By {by.toString()}
2024-03-04 21:38:31,596 [main] INFO  base.BaseClass - Trying to find Element By {by.toString()})
2024-03-04 21:38:31,625 [main] INFO  base.BaseClass - Found Element By {by.toString()}
2024-03-04 21:38:32,173 [main] INFO  base.BaseClass - Trying to find Element By {by.toString()})
2024-03-04 21:38:32,197 [main] INFO  base.BaseClass - Found Element By {by.toString()}
2024-03-04 21:38:32,735 [main] INFO  base.BaseClass - Trying to find Element By {by.toString()})
2024-03-04 21:38:32,765 [main] INFO  base.BaseClass - Found Element By {by.toString()}
2024-03-04 21:38:33,312 [main] INFO  base.BaseClass - Trying to find Element By {by.toString()})
2024-03-04 21:38:33,327 [main] INFO  base.BaseClass - Found Element By {by.toString()}
2024-03-04 21:38:33,858 [main] INFO  base.BaseClass - Trying to find Element By {by.toString()})
2024-03-04 21:38:33,878 [main] INFO  base.BaseClass - Found Element By {by.toString()}
2024-03-04 21:38:34,402 [main] INFO  base.BaseClass - Trying to find Element By {by.toString()})
2024-03-04 21:38:34,430 [main] INFO  base.BaseClass - Found Element By {by.toString()}
2024-03-04 21:38:34,961 [main] INFO  base.BaseClass - Trying to find Element By {by.toString()})
2024-03-04 21:38:34,989 [main] INFO  base.BaseClass - Found Element By {by.toString()}
2024-03-04 21:38:35,538 [main] INFO  base.BaseClass - Trying to find Element By {by.toString()})
2024-03-04 21:38:35,565 [main] INFO  base.BaseClass - Found Element By {by.toString()}
2024-03-04 21:38:36,098 [main] INFO  base.BaseClass - Trying to find Element By {by.toString()})
2024-03-04 21:38:36,129 [main] INFO  base.BaseClass - Found Element By {by.toString()}
2024-03-04 21:38:36,661 [main] INFO  base.BaseClass - Trying to find Element By {by.toString()})
2024-03-04 21:38:36,691 [main] INFO  base.BaseClass - Found Element By {by.toString()}
2024-03-04 21:38:37,242 [main] INFO  base.BaseClass - Trying to find Element By {by.toString()})
2024-03-04 21:38:37,267 [main] INFO  base.BaseClass - Found Element By {by.toString()}
2024-03-04 21:38:37,801 [main] INFO  base.BaseClass - Trying to find Element By {by.toString()})
2024-03-04 21:38:37,829 [main] INFO  base.BaseClass - Found Element By {by.toString()}
2024-03-04 21:38:38,362 [main] INFO  base.BaseClass - Trying to find Element By {by.toString()})
2024-03-04 21:38:38,394 [main] INFO  base.BaseClass - Found Element By {by.toString()}
2024-03-04 21:38:38,925 [main] INFO  base.BaseClass - Trying to find Element By {by.toString()})
2024-03-04 21:38:38,945 [main] INFO  base.BaseClass - Found Element By {by.toString()}
2024-03-04 21:38:39,490 [main] INFO  base.BaseClass - Trying to find Element By {by.toString()})
2024-03-04 21:38:39,518 [main] INFO  base.BaseClass - Found Element By {by.toString()}
2024-03-04 21:38:40,065 [main] INFO  base.BaseClass - Trying to find Element By {by.toString()})
2024-03-04 21:38:40,094 [main] INFO  base.BaseClass - Found Element By {by.toString()}
2024-03-04 21:38:40,643 [main] INFO  base.BaseClass - Trying to find Element By {by.toString()})
2024-03-04 21:38:40,671 [main] INFO  base.BaseClass - Found Element By {by.toString()}
2024-03-04 21:38:41,220 [main] INFO  base.BaseClass - Trying to find Element By {by.toString()})
2024-03-04 21:38:41,250 [main] INFO  base.BaseClass - Found Element By {by.toString()}
2024-03-04 21:38:41,796 [main] INFO  base.BaseClass - Trying to find Element By {by.toString()})
2024-03-04 21:38:41,812 [main] INFO  base.BaseClass - Found Element By {by.toString()}
2024-03-04 21:38:42,339 [main] INFO  base.BaseClass - Trying to find Element By {by.toString()})
2024-03-04 21:38:42,366 [main] INFO  base.BaseClass - Found Element By {by.toString()}
2024-03-04 21:38:42,901 [main] INFO  base.BaseClass - Trying to find Element By {by.toString()})
2024-03-04 21:38:42,927 [main] INFO  base.BaseClass - Found Element By {by.toString()}
2024-03-04 21:38:43,462 [main] INFO  base.BaseClass - Trying to find Element By {by.toString()})
2024-03-04 21:38:43,492 [main] INFO  base.BaseClass - Found Element By {by.toString()}
2024-03-04 21:38:44,037 [main] INFO  base.BaseClass - Trying to find Element By {by.toString()})
2024-03-04 21:38:44,066 [main] INFO  base.BaseClass - Found Element By {by.toString()}
2024-03-04 21:38:44,617 [main] INFO  base.BaseClass - Trying to find Element By {by.toString()})
2024-03-04 21:38:44,647 [main] INFO  base.BaseClass - Found Element By {by.toString()}
2024-03-04 21:38:45,197 [main] INFO  base.BaseClass - Trying to find Element By {by.toString()})
2024-03-04 21:38:45,228 [main] INFO  base.BaseClass - Found Element By {by.toString()}
2024-03-04 21:38:45,778 [main] INFO  base.BaseClass - Trying to find Element By {by.toString()})
2024-03-04 21:38:45,807 [main] INFO  base.BaseClass - Found Element By {by.toString()}
2024-03-04 21:38:46,343 [main] INFO  base.BaseClass - Trying to find Element By {by.toString()})
2024-03-04 21:38:46,373 [main] INFO  base.BaseClass - Found Element By {by.toString()}
2024-03-04 21:38:46,918 [main] INFO  base.BaseClass - Trying to find Element By {by.toString()})
2024-03-04 21:38:46,947 [main] INFO  base.BaseClass - Found Element By {by.toString()}
2024-03-04 21:38:47,495 [main] INFO  base.BaseClass - Trying to find Element By {by.toString()})
2024-03-04 21:38:47,528 [main] INFO  base.BaseClass - Found Element By {by.toString()}
2024-03-04 21:38:48,072 [main] INFO  base.BaseClass - Trying to find Element By {by.toString()})
2024-03-04 21:38:48,102 [main] INFO  base.BaseClass - Found Element By {by.toString()}
2024-03-04 21:38:48,648 [main] INFO  base.BaseClass - Trying to find Element By {by.toString()})
2024-03-04 21:38:48,676 [main] INFO  base.BaseClass - Found Element By {by.toString()}
2024-03-04 21:38:49,208 [main] INFO  base.BaseClass - Trying to find Element By {by.toString()})
2024-03-04 21:38:49,236 [main] INFO  base.BaseClass - Found Element By {by.toString()}
2024-03-04 21:38:49,787 [main] INFO  base.BaseClass - Trying to find Element By {by.toString()})
2024-03-04 21:38:49,816 [main] INFO  base.BaseClass - Found Element By {by.toString()}
2024-03-04 21:38:50,379 [main] INFO  base.BaseClass - Trying to find Element By {by.toString()})
2024-03-04 21:38:50,405 [main] INFO  base.BaseClass - Found Element By {by.toString()}
2024-03-04 21:38:50,941 [main] INFO  base.BaseClass - Trying to find Element By {by.toString()})
2024-03-04 21:38:50,968 [main] INFO  base.BaseClass - Found Element By {by.toString()}
2024-03-04 21:38:51,516 [main] INFO  base.BaseClass - Trying to find Element By {by.toString()})
2024-03-04 21:38:51,545 [main] INFO  base.BaseClass - Found Element By {by.toString()}
2024-03-04 21:38:52,094 [main] INFO  base.BaseClass - Trying to find Element By {by.toString()})
2024-03-04 21:38:52,114 [main] INFO  base.BaseClass - Found Element By {by.toString()}
2024-03-04 21:38:52,658 [main] INFO  base.BaseClass - Trying to find Element By {by.toString()})
2024-03-04 21:38:52,687 [main] INFO  base.BaseClass - Found Element By {by.toString()}
TimeoutException occurred: Expected condition failed: waiting for helper.WaitUtility$5@643bef2a (tried for 30 second(s) with 500 milliseconds interval)
Build info: version: '3.141.59', revision: 'e82be7d358', time: '2018-11-14T08:17:03'
System info: host: 'DPLAP166', ip: '137.237.3.27', os.name: 'Windows 10', os.arch: 'amd64', os.version: '10.0', java.version: '19.0.1'
Driver info: org.openqa.selenium.support.events.EventFiringWebDriver
Capabilities {acceptInsecureCerts: true, browserName: chrome, browserVersion: 122.0.6261.71, chrome: {chromedriverVersion: 122.0.6261.94 (880dbf29479c..., userDataDir: C:\Users\dP-PL\AppData\Loca...}, fedcm:accounts: true, goog:chromeOptions: {debuggerAddress: localhost:55628}, javascriptEnabled: true, networkConnectionEnabled: false, pageLoadStrategy: normal, platform: WINDOWS, platformName: WINDOWS, proxy: Proxy(), setWindowRect: true, strictFileInteractability: false, timeouts: {implicit: 0, pageLoad: 300000, script: 30000}, unhandledPromptBehavior: dismiss and notify, webauthn:extension:credBlob: true, webauthn:extension:largeBlob: true, webauthn:extension:minPinLength: true, webauthn:extension:prf: true, webauthn:virtualAuthenticators: true}
Session ID: 31a988c50edf9352c0ad358376b8e2fb
2024-03-04 21:38:52,733 [main] ERROR XGLT_6756_Test - Element did not become visible within the specified time: Expected condition failed: waiting for helper.WaitUtility$5@643bef2a (tried for 30 second(s) with 500 milliseconds interval)
Build info: version: '3.141.59', revision: 'e82be7d358', time: '2018-11-14T08:17:03'
System info: host: 'DPLAP166', ip: '137.237.3.27', os.name: 'Windows 10', os.arch: 'amd64', os.version: '10.0', java.version: '19.0.1'
Driver info: org.openqa.selenium.support.events.EventFiringWebDriver
Capabilities {acceptInsecureCerts: true, browserName: chrome, browserVersion: 122.0.6261.71, chrome: {chromedriverVersion: 122.0.6261.94 (880dbf29479c..., userDataDir: C:\Users\dP-PL\AppData\Loca...}, fedcm:accounts: true, goog:chromeOptions: {debuggerAddress: localhost:55628}, javascriptEnabled: true, networkConnectionEnabled: false, pageLoadStrategy: normal, platform: WINDOWS, platformName: WINDOWS, proxy: Proxy(), setWindowRect: true, strictFileInteractability: false, timeouts: {implicit: 0, pageLoad: 300000, script: 30000}, unhandledPromptBehavior: dismiss and notify, webauthn:extension:credBlob: true, webauthn:extension:largeBlob: true, webauthn:extension:minPinLength: true, webauthn:extension:prf: true, webauthn:virtualAuthenticators: true}
Session ID: 31a988c50edf9352c0ad358376b8e2fb
2024-03-04 21:38:52,733 [main] INFO  base.BaseClass - Trying to find Element By {by.toString()})
2024-03-04 21:38:52,754 [main] INFO  base.BaseClass - Found Element By {by.toString()}
2024-03-04 21:38:52,754 [main] INFO  base.BaseClass - Trying to click on: {element.toString()}
2024-03-04 21:38:52,937 [main] INFO  base.BaseClass - Clicked on: {element.toString()}
2024-03-04 21:38:52,937 [main] INFO  base.BaseClass - Trying to find Element By {by.toString()})
2024-03-04 21:38:52,951 [main] INFO  base.BaseClass - Found Element By {by.toString()}
2024-03-04 21:38:53,477 [main] INFO  base.BaseClass - Trying to find Element By {by.toString()})
2024-03-04 21:38:53,488 [main] INFO  base.BaseClass - Found Element By {by.toString()}
2024-03-04 21:38:54,009 [main] INFO  base.BaseClass - Trying to find Element By {by.toString()})
2024-03-04 21:38:54,022 [main] INFO  base.BaseClass - Found Element By {by.toString()}
2024-03-04 21:38:54,552 [main] INFO  base.BaseClass - Trying to find Element By {by.toString()})
2024-03-04 21:38:54,567 [main] INFO  base.BaseClass - Found Element By {by.toString()}
2024-03-04 21:38:55,101 [main] INFO  base.BaseClass - Trying to find Element By {by.toString()})
2024-03-04 21:38:55,114 [main] INFO  base.BaseClass - Found Element By {by.toString()}
2024-03-04 21:38:55,651 [main] INFO  base.BaseClass - Trying to find Element By {by.toString()})
2024-03-04 21:38:55,665 [main] INFO  base.BaseClass - Found Element By {by.toString()}
2024-03-04 21:38:56,184 [main] INFO  base.BaseClass - Trying to find Element By {by.toString()})
2024-03-04 21:38:56,203 [main] INFO  base.BaseClass - Found Element By {by.toString()}
2024-03-04 21:38:56,749 [main] INFO  base.BaseClass - Trying to find Element By {by.toString()})
2024-03-04 21:38:56,763 [main] INFO  base.BaseClass - Found Element By {by.toString()}
2024-03-04 21:38:57,297 [main] INFO  base.BaseClass - Trying to find Element By {by.toString()})
2024-03-04 21:38:57,327 [main] INFO  base.BaseClass - Found Element By {by.toString()}
2024-03-04 21:38:57,873 [main] INFO  base.BaseClass - Trying to find Element By {by.toString()})
2024-03-04 21:38:57,884 [main] INFO  base.BaseClass - Found Element By {by.toString()}
2024-03-04 21:38:58,407 [main] INFO  base.BaseClass - Trying to find Element By {by.toString()})
2024-03-04 21:38:58,423 [main] INFO  base.BaseClass - Found Element By {by.toString()}
2024-03-04 21:38:58,957 [main] INFO  base.BaseClass - Trying to find Element By {by.toString()})
2024-03-04 21:38:58,974 [main] INFO  base.BaseClass - Found Element By {by.toString()}
2024-03-04 21:38:59,509 [main] INFO  base.BaseClass - Trying to find Element By {by.toString()})
2024-03-04 21:38:59,521 [main] INFO  base.BaseClass - Found Element By {by.toString()}
2024-03-04 21:39:00,041 [main] INFO  base.BaseClass - Trying to find Element By {by.toString()})
2024-03-04 21:39:00,055 [main] INFO  base.BaseClass - Found Element By {by.toString()}
2024-03-04 21:39:00,590 [main] INFO  base.BaseClass - Trying to find Element By {by.toString()})
2024-03-04 21:39:00,620 [main] INFO  base.BaseClass - Found Element By {by.toString()}
2024-03-04 21:39:01,168 [main] INFO  base.BaseClass - Trying to find Element By {by.toString()})
2024-03-04 21:39:01,194 [main] INFO  base.BaseClass - Found Element By {by.toString()}
2024-03-04 21:39:01,749 [main] INFO  base.BaseClass - Trying to find Element By {by.toString()})
2024-03-04 21:39:01,782 [main] INFO  base.BaseClass - Found Element By {by.toString()}
2024-03-04 21:39:02,330 [main] INFO  base.BaseClass - Trying to find Element By {by.toString()})
2024-03-04 21:39:02,361 [main] INFO  base.BaseClass - Found Element By {by.toString()}
2024-03-04 21:39:02,905 [main] INFO  base.BaseClass - Trying to find Element By {by.toString()})
2024-03-04 21:39:02,931 [main] INFO  base.BaseClass - Found Element By {by.toString()}
2024-03-04 21:39:03,468 [main] INFO  base.BaseClass - Trying to find Element By {by.toString()})
2024-03-04 21:39:03,498 [main] INFO  base.BaseClass - Found Element By {by.toString()}
2024-03-04 21:39:04,044 [main] INFO  base.BaseClass - Trying to find Element By {by.toString()})
2024-03-04 21:39:04,071 [main] INFO  base.BaseClass - Found Element By {by.toString()}
2024-03-04 21:39:04,606 [main] INFO  base.BaseClass - Trying to find Element By {by.toString()})
2024-03-04 21:39:04,636 [main] INFO  base.BaseClass - Found Element By {by.toString()}
2024-03-04 21:39:05,187 [main] INFO  base.BaseClass - Trying to find Element By {by.toString()})
2024-03-04 21:39:05,214 [main] INFO  base.BaseClass - Found Element By {by.toString()}
2024-03-04 21:39:05,753 [main] INFO  base.BaseClass - Trying to find Element By {by.toString()})
2024-03-04 21:39:05,782 [main] INFO  base.BaseClass - Found Element By {by.toString()}
2024-03-04 21:39:06,327 [main] INFO  base.BaseClass - Trying to find Element By {by.toString()})
2024-03-04 21:39:06,353 [main] INFO  base.BaseClass - Found Element By {by.toString()}
2024-03-04 21:39:06,886 [main] INFO  base.BaseClass - Trying to find Element By {by.toString()})
2024-03-04 21:39:06,915 [main] INFO  base.BaseClass - Found Element By {by.toString()}
2024-03-04 21:39:07,462 [main] INFO  base.BaseClass - Trying to find Element By {by.toString()})
2024-03-04 21:39:07,490 [main] INFO  base.BaseClass - Found Element By {by.toString()}
2024-03-04 21:39:08,041 [main] INFO  base.BaseClass - Trying to find Element By {by.toString()})
2024-03-04 21:39:08,068 [main] INFO  base.BaseClass - Found Element By {by.toString()}
2024-03-04 21:39:08,603 [main] INFO  base.BaseClass - Trying to find Element By {by.toString()})
2024-03-04 21:39:08,633 [main] INFO  base.BaseClass - Found Element By {by.toString()}
2024-03-04 21:39:09,181 [main] INFO  base.BaseClass - Trying to find Element By {by.toString()})
2024-03-04 21:39:09,208 [main] INFO  base.BaseClass - Found Element By {by.toString()}
2024-03-04 21:39:09,744 [main] INFO  base.BaseClass - Trying to find Element By {by.toString()})
2024-03-04 21:39:09,764 [main] INFO  base.BaseClass - Found Element By {by.toString()}
2024-03-04 21:39:10,290 [main] INFO  base.BaseClass - Trying to find Element By {by.toString()})
2024-03-04 21:39:10,320 [main] INFO  base.BaseClass - Found Element By {by.toString()}
2024-03-04 21:39:10,867 [main] INFO  base.BaseClass - Trying to find Element By {by.toString()})
2024-03-04 21:39:10,897 [main] INFO  base.BaseClass - Found Element By {by.toString()}
2024-03-04 21:39:11,443 [main] INFO  base.BaseClass - Trying to find Element By {by.toString()})
2024-03-04 21:39:11,473 [main] INFO  base.BaseClass - Found Element By {by.toString()}
2024-03-04 21:39:12,020 [main] INFO  base.BaseClass - Trying to find Element By {by.toString()})
2024-03-04 21:39:12,049 [main] INFO  base.BaseClass - Found Element By {by.toString()}
2024-03-04 21:39:12,600 [main] INFO  base.BaseClass - Trying to find Element By {by.toString()})
2024-03-04 21:39:12,629 [main] INFO  base.BaseClass - Found Element By {by.toString()}
2024-03-04 21:39:13,179 [main] INFO  base.BaseClass - Trying to find Element By {by.toString()})
2024-03-04 21:39:13,208 [main] INFO  base.BaseClass - Found Element By {by.toString()}
2024-03-04 21:39:13,753 [main] INFO  base.BaseClass - Trying to find Element By {by.toString()})
2024-03-04 21:39:13,782 [main] INFO  base.BaseClass - Found Element By {by.toString()}
2024-03-04 21:39:14,327 [main] INFO  base.BaseClass - Trying to find Element By {by.toString()})
2024-03-04 21:39:14,357 [main] INFO  base.BaseClass - Found Element By {by.toString()}
2024-03-04 21:39:14,905 [main] INFO  base.BaseClass - Trying to find Element By {by.toString()})
2024-03-04 21:39:14,933 [main] INFO  base.BaseClass - Found Element By {by.toString()}
2024-03-04 21:39:15,485 [main] INFO  base.BaseClass - Trying to find Element By {by.toString()})
2024-03-04 21:39:15,514 [main] INFO  base.BaseClass - Found Element By {by.toString()}
2024-03-04 21:39:16,060 [main] INFO  base.BaseClass - Trying to find Element By {by.toString()})
2024-03-04 21:39:16,086 [main] INFO  base.BaseClass - Found Element By {by.toString()}
2024-03-04 21:39:16,620 [main] INFO  base.BaseClass - Trying to find Element By {by.toString()})
2024-03-04 21:39:16,649 [main] INFO  base.BaseClass - Found Element By {by.toString()}
2024-03-04 21:39:17,185 [main] INFO  base.BaseClass - Trying to find Element By {by.toString()})
2024-03-04 21:39:17,214 [main] INFO  base.BaseClass - Found Element By {by.toString()}
2024-03-04 21:39:17,744 [main] INFO  base.BaseClass - Trying to find Element By {by.toString()})
2024-03-04 21:39:17,772 [main] INFO  base.BaseClass - Found Element By {by.toString()}
2024-03-04 21:39:18,308 [main] INFO  base.BaseClass - Trying to find Element By {by.toString()})
2024-03-04 21:39:18,326 [main] INFO  base.BaseClass - Found Element By {by.toString()}
2024-03-04 21:39:18,859 [main] INFO  base.BaseClass - Trying to find Element By {by.toString()})
2024-03-04 21:39:18,884 [main] INFO  base.BaseClass - Found Element By {by.toString()}
2024-03-04 21:39:19,411 [main] INFO  base.BaseClass - Trying to find Element By {by.toString()})
2024-03-04 21:39:19,435 [main] INFO  base.BaseClass - Found Element By {by.toString()}
2024-03-04 21:39:19,955 [main] INFO  base.BaseClass - Trying to find Element By {by.toString()})
2024-03-04 21:39:19,965 [main] INFO  base.BaseClass - Found Element By {by.toString()}
2024-03-04 21:39:20,487 [main] INFO  base.BaseClass - Trying to find Element By {by.toString()})
2024-03-04 21:39:20,515 [main] INFO  base.BaseClass - Found Element By {by.toString()}
2024-03-04 21:39:21,047 [main] INFO  base.BaseClass - Trying to find Element By {by.toString()})
2024-03-04 21:39:21,074 [main] INFO  base.BaseClass - Found Element By {by.toString()}
2024-03-04 21:39:21,609 [main] INFO  base.BaseClass - Trying to find Element By {by.toString()})
2024-03-04 21:39:21,638 [main] INFO  base.BaseClass - Found Element By {by.toString()}
2024-03-04 21:39:22,188 [main] INFO  base.BaseClass - Trying to find Element By {by.toString()})
2024-03-04 21:39:22,217 [main] INFO  base.BaseClass - Found Element By {by.toString()}
2024-03-04 21:39:22,767 [main] INFO  base.BaseClass - Trying to find Element By {by.toString()})
2024-03-04 21:39:22,796 [main] INFO  base.BaseClass - Found Element By {by.toString()}
2024-03-04 21:39:23,343 [main] INFO  base.BaseClass - Trying to find Element By {by.toString()})
2024-03-04 21:39:23,364 [main] INFO  base.BaseClass - Found Element By {by.toString()}
TimeoutException occurred: Expected condition failed: waiting for helper.WaitUtility$5@65595be7 (tried for 30 second(s) with 500 milliseconds interval)
Build info: version: '3.141.59', revision: 'e82be7d358', time: '2018-11-14T08:17:03'
System info: host: 'DPLAP166', ip: '137.237.3.27', os.name: 'Windows 10', os.arch: 'amd64', os.version: '10.0', java.version: '19.0.1'
Driver info: org.openqa.selenium.support.events.EventFiringWebDriver
Capabilities {acceptInsecureCerts: true, browserName: chrome, browserVersion: 122.0.6261.71, chrome: {chromedriverVersion: 122.0.6261.94 (880dbf29479c..., userDataDir: C:\Users\dP-PL\AppData\Loca...}, fedcm:accounts: true, goog:chromeOptions: {debuggerAddress: localhost:55628}, javascriptEnabled: true, networkConnectionEnabled: false, pageLoadStrategy: normal, platform: WINDOWS, platformName: WINDOWS, proxy: Proxy(), setWindowRect: true, strictFileInteractability: false, timeouts: {implicit: 0, pageLoad: 300000, script: 30000}, unhandledPromptBehavior: dismiss and notify, webauthn:extension:credBlob: true, webauthn:extension:largeBlob: true, webauthn:extension:minPinLength: true, webauthn:extension:prf: true, webauthn:virtualAuthenticators: true}
Session ID: 31a988c50edf9352c0ad358376b8e2fb
2024-03-04 21:39:23,390 [main] ERROR XGLT_6756_Test - Element did not become visible within the specified time: Expected condition failed: waiting for helper.WaitUtility$5@65595be7 (tried for 30 second(s) with 500 milliseconds interval)
Build info: version: '3.141.59', revision: 'e82be7d358', time: '2018-11-14T08:17:03'
System info: host: 'DPLAP166', ip: '137.237.3.27', os.name: 'Windows 10', os.arch: 'amd64', os.version: '10.0', java.version: '19.0.1'
Driver info: org.openqa.selenium.support.events.EventFiringWebDriver
Capabilities {acceptInsecureCerts: true, browserName: chrome, browserVersion: 122.0.6261.71, chrome: {chromedriverVersion: 122.0.6261.94 (880dbf29479c..., userDataDir: C:\Users\dP-PL\AppData\Loca...}, fedcm:accounts: true, goog:chromeOptions: {debuggerAddress: localhost:55628}, javascriptEnabled: true, networkConnectionEnabled: false, pageLoadStrategy: normal, platform: WINDOWS, platformName: WINDOWS, proxy: Proxy(), setWindowRect: true, strictFileInteractability: false, timeouts: {implicit: 0, pageLoad: 300000, script: 30000}, unhandledPromptBehavior: dismiss and notify, webauthn:extension:credBlob: true, webauthn:extension:largeBlob: true, webauthn:extension:minPinLength: true, webauthn:extension:prf: true, webauthn:virtualAuthenticators: true}
Session ID: 31a988c50edf9352c0ad358376b8e2fb
2024-03-04 21:39:23,390 [main] INFO  base.BaseClass - Trying to find Element By {by.toString()})
2024-03-04 21:39:23,406 [main] INFO  base.BaseClass - Found Element By {by.toString()}
2024-03-04 21:39:23,406 [main] INFO  base.BaseClass - Trying to click on: {element.toString()}
2024-03-04 21:39:23,492 [main] INFO  base.BaseClass - Clicked on: {element.toString()}
2024-03-04 21:39:23,492 [main] INFO  base.BaseClass - Trying to find Element By {by.toString()})
2024-03-04 21:39:23,506 [main] INFO  base.BaseClass - Found Element By {by.toString()}
Writing on Excel file Finished ...
User role KG is created
create_user_role passed!
]]></system-out>
  </testcase>
</testsuite>