<?xml version="1.0" encoding="UTF-8"?>
<testsuite xmlns:xsi="http://www.w3.org/2001/XMLSchema-instance" xsi:noNamespaceSchemaLocation="https://maven.apache.org/surefire/maven-surefire-plugin/xsd/surefire-test-report-3.0.xsd" version="3.0" name="TestSuite" time="646.094" tests="4" errors="0" skipped="0" failures="1">
  <properties>
    <property name="java.specification.version" value="19"/>
    <property name="webdriver.chrome.driver" value="C:\Users\dP-PL\.cache\selenium\chromedriver\win64\120.0.6099.109\chromedriver.exe"/>
    <property name="sun.cpu.isalist" value="amd64"/>
    <property name="sun.jnu.encoding" value="Cp1252"/>
    <property name="java.class.path" value="D:\XGL Final\XGLFinal\target\test-classes;D:\XGL Final\XGLFinal\target\classes;C:\Users\dP-PL\.m2\repository\org\seleniumhq\selenium\selenium-java\3.141.59\selenium-java-3.141.59.jar;C:\Users\dP-PL\.m2\repository\org\seleniumhq\selenium\selenium-api\3.141.59\selenium-api-3.141.59.jar;C:\Users\dP-PL\.m2\repository\org\seleniumhq\selenium\selenium-chrome-driver\3.141.59\selenium-chrome-driver-3.141.59.jar;C:\Users\dP-PL\.m2\repository\org\seleniumhq\selenium\selenium-edge-driver\3.141.59\selenium-edge-driver-3.141.59.jar;C:\Users\dP-PL\.m2\repository\org\seleniumhq\selenium\selenium-firefox-driver\3.141.59\selenium-firefox-driver-3.141.59.jar;C:\Users\dP-PL\.m2\repository\org\seleniumhq\selenium\selenium-ie-driver\3.141.59\selenium-ie-driver-3.141.59.jar;C:\Users\dP-PL\.m2\repository\org\seleniumhq\selenium\selenium-opera-driver\3.141.59\selenium-opera-driver-3.141.59.jar;C:\Users\dP-PL\.m2\repository\org\seleniumhq\selenium\selenium-remote-driver\3.141.59\selenium-remote-driver-3.141.59.jar;C:\Users\dP-PL\.m2\repository\org\seleniumhq\selenium\selenium-safari-driver\3.141.59\selenium-safari-driver-3.141.59.jar;C:\Users\dP-PL\.m2\repository\org\seleniumhq\selenium\selenium-support\3.141.59\selenium-support-3.141.59.jar;C:\Users\dP-PL\.m2\repository\net\bytebuddy\byte-buddy\1.8.15\byte-buddy-1.8.15.jar;C:\Users\dP-PL\.m2\repository\org\apache\commons\commons-exec\1.3\commons-exec-1.3.jar;C:\Users\dP-PL\.m2\repository\com\google\guava\guava\25.0-jre\guava-25.0-jre.jar;C:\Users\dP-PL\.m2\repository\org\checkerframework\checker-compat-qual\2.0.0\checker-compat-qual-2.0.0.jar;C:\Users\dP-PL\.m2\repository\com\google\errorprone\error_prone_annotations\2.1.3\error_prone_annotations-2.1.3.jar;C:\Users\dP-PL\.m2\repository\com\google\j2objc\j2objc-annotations\1.1\j2objc-annotations-1.1.jar;C:\Users\dP-PL\.m2\repository\org\codehaus\mojo\animal-sniffer-annotations\1.14\animal-sniffer-annotations-1.14.jar;C:\Users\dP-PL\.m2\repository\com\squareup\okhttp3\okhttp\3.11.0\okhttp-3.11.0.jar;C:\Users\dP-PL\.m2\repository\com\squareup\okio\okio\1.14.0\okio-1.14.0.jar;C:\Users\dP-PL\.m2\repository\org\seleniumhq\selenium\selenium-http-jdk-client\4.8.1\selenium-http-jdk-client-4.8.1.jar;C:\Users\dP-PL\.m2\repository\com\google\auto\service\auto-service-annotations\1.0.1\auto-service-annotations-1.0.1.jar;C:\Users\dP-PL\.m2\repository\com\google\auto\service\auto-service\1.0.1\auto-service-1.0.1.jar;C:\Users\dP-PL\.m2\repository\com\google\auto\auto-common\1.2\auto-common-1.2.jar;C:\Users\dP-PL\.m2\repository\org\seleniumhq\selenium\selenium-http\4.8.1\selenium-http-4.8.1.jar;C:\Users\dP-PL\.m2\repository\dev\failsafe\failsafe\3.3.0\failsafe-3.3.0.jar;C:\Users\dP-PL\.m2\repository\org\seleniumhq\selenium\selenium-json\4.8.1\selenium-json-4.8.1.jar;C:\Users\dP-PL\.m2\repository\io\github\bonigarcia\webdrivermanager\5.5.3\webdrivermanager-5.5.3.jar;C:\Users\dP-PL\.m2\repository\com\github\docker-java\docker-java\3.3.3\docker-java-3.3.3.jar;C:\Users\dP-PL\.m2\repository\com\github\docker-java\docker-java-core\3.3.3\docker-java-core-3.3.3.jar;C:\Users\dP-PL\.m2\repository\com\github\docker-java\docker-java-api\3.3.3\docker-java-api-3.3.3.jar;C:\Users\dP-PL\.m2\repository\org\bouncycastle\bcpkix-jdk18on\1.75\bcpkix-jdk18on-1.75.jar;C:\Users\dP-PL\.m2\repository\org\bouncycastle\bcprov-jdk18on\1.75\bcprov-jdk18on-1.75.jar;C:\Users\dP-PL\.m2\repository\org\bouncycastle\bcutil-jdk18on\1.75\bcutil-jdk18on-1.75.jar;C:\Users\dP-PL\.m2\repository\com\github\docker-java\docker-java-transport-httpclient5\3.3.3\docker-java-transport-httpclient5-3.3.3.jar;C:\Users\dP-PL\.m2\repository\com\github\docker-java\docker-java-transport\3.3.3\docker-java-transport-3.3.3.jar;C:\Users\dP-PL\.m2\repository\net\java\dev\jna\jna\5.12.1\jna-5.12.1.jar;C:\Users\dP-PL\.m2\repository\org\brotli\dec\0.1.2\dec-0.1.2.jar;C:\Users\dP-PL\.m2\repository\org\apache\commons\commons-lang3\3.13.0\commons-lang3-3.13.0.jar;C:\Users\dP-PL\.m2\repository\org\apache\httpcomponents\client5\httpclient5\5.2.1\httpclient5-5.2.1.jar;C:\Users\dP-PL\.m2\repository\org\apache\httpcomponents\core5\httpcore5\5.2\httpcore5-5.2.jar;C:\Users\dP-PL\.m2\repository\org\apache\httpcomponents\core5\httpcore5-h2\5.2\httpcore5-h2-5.2.jar;C:\Users\dP-PL\.m2\repository\org\testng\testng\7.6.1\testng-7.6.1.jar;C:\Users\dP-PL\.m2\repository\com\google\code\findbugs\jsr305\3.0.2\jsr305-3.0.2.jar;C:\Users\dP-PL\.m2\repository\com\beust\jcommander\1.82\jcommander-1.82.jar;C:\Users\dP-PL\.m2\repository\org\webjars\jquery\3.6.0\jquery-3.6.0.jar;C:\Users\dP-PL\.m2\repository\net\rcarz\Jira-client\0.5\Jira-client-0.5.jar;C:\Users\dP-PL\.m2\repository\org\apache\httpcomponents\httpmime\4.2.5\httpmime-4.2.5.jar;C:\Users\dP-PL\.m2\repository\net\sf\json-lib\json-lib\2.4\json-lib-2.4-jdk15.jar;C:\Users\dP-PL\.m2\repository\commons-beanutils\commons-beanutils\1.8.0\commons-beanutils-1.8.0.jar;C:\Users\dP-PL\.m2\repository\commons-collections\commons-collections\3.2.1\commons-collections-3.2.1.jar;C:\Users\dP-PL\.m2\repository\commons-lang\commons-lang\2.5\commons-lang-2.5.jar;C:\Users\dP-PL\.m2\repository\net\sf\ezmorph\ezmorph\1.0.6\ezmorph-1.0.6.jar;C:\Users\dP-PL\.m2\repository\joda-time\joda-time\2.3\joda-time-2.3.jar;C:\Users\dP-PL\.m2\repository\junit\junit\4.8.2\junit-4.8.2.jar;C:\Users\dP-PL\.m2\repository\org\mockito\mockito-all\1.9.0\mockito-all-1.9.0.jar;C:\Users\dP-PL\.m2\repository\commons-httpclient\commons-httpclient\3.1\commons-httpclient-3.1.jar;C:\Users\dP-PL\.m2\repository\org\apache\maven\plugins\maven-surefire-plugin\3.0.0-M7\maven-surefire-plugin-3.0.0-M7.jar;C:\Users\dP-PL\.m2\repository\org\apache\maven\surefire\maven-surefire-common\3.0.0-M7\maven-surefire-common-3.0.0-M7.jar;C:\Users\dP-PL\.m2\repository\org\apache\maven\surefire\surefire-api\3.0.0-M7\surefire-api-3.0.0-M7.jar;C:\Users\dP-PL\.m2\repository\org\apache\maven\surefire\surefire-logger-api\3.0.0-M7\surefire-logger-api-3.0.0-M7.jar;C:\Users\dP-PL\.m2\repository\org\apache\maven\surefire\surefire-extensions-api\3.0.0-M7\surefire-extensions-api-3.0.0-M7.jar;C:\Users\dP-PL\.m2\repository\org\apache\maven\surefire\surefire-booter\3.0.0-M7\surefire-booter-3.0.0-M7.jar;C:\Users\dP-PL\.m2\repository\org\apache\maven\surefire\surefire-extensions-spi\3.0.0-M7\surefire-extensions-spi-3.0.0-M7.jar;C:\Users\dP-PL\.m2\repository\org\apache\maven\shared\maven-common-artifact-filters\3.1.1\maven-common-artifact-filters-3.1.1.jar;C:\Users\dP-PL\.m2\repository\org\codehaus\plexus\plexus-java\1.1.1\plexus-java-1.1.1.jar;C:\Users\dP-PL\.m2\repository\org\ow2\asm\asm\9.2\asm-9.2.jar;C:\Users\dP-PL\.m2\repository\com\thoughtworks\qdox\qdox\2.0.1\qdox-2.0.1.jar;C:\Users\dP-PL\.m2\repository\org\apache\maven\surefire\surefire-shared-utils\3.0.0-M7\surefire-shared-utils-3.0.0-M7.jar;C:\Users\dP-PL\.m2\repository\com\aventstack\extentreports\5.0.8\extentreports-5.0.8.jar;C:\Users\dP-PL\.m2\repository\io\reactivex\rxjava3\rxjava\3.0.4\rxjava-3.0.4.jar;C:\Users\dP-PL\.m2\repository\org\reactivestreams\reactive-streams\1.0.3\reactive-streams-1.0.3.jar;C:\Users\dP-PL\.m2\repository\org\freemarker\freemarker\2.3.30\freemarker-2.3.30.jar;C:\Users\dP-PL\.m2\repository\org\projectlombok\lombok\1.18.22\lombok-1.18.22.jar;C:\Users\dP-PL\.m2\repository\org\apache\poi\poi-ooxml\5.2.2\poi-ooxml-5.2.2.jar;C:\Users\dP-PL\.m2\repository\org\apache\poi\poi\5.2.2\poi-5.2.2.jar;C:\Users\dP-PL\.m2\repository\org\apache\commons\commons-math3\3.6.1\commons-math3-3.6.1.jar;C:\Users\dP-PL\.m2\repository\com\zaxxer\SparseBitSet\1.2\SparseBitSet-1.2.jar;C:\Users\dP-PL\.m2\repository\org\apache\poi\poi-ooxml-lite\5.2.2\poi-ooxml-lite-5.2.2.jar;C:\Users\dP-PL\.m2\repository\org\apache\xmlbeans\xmlbeans\5.0.3\xmlbeans-5.0.3.jar;C:\Users\dP-PL\.m2\repository\org\apache\commons\commons-compress\1.21\commons-compress-1.21.jar;C:\Users\dP-PL\.m2\repository\commons-io\commons-io\2.11.0\commons-io-2.11.0.jar;C:\Users\dP-PL\.m2\repository\com\github\virtuald\curvesapi\1.07\curvesapi-1.07.jar;C:\Users\dP-PL\.m2\repository\org\apache\commons\commons-collections4\4.4\commons-collections4-4.4.jar;C:\Users\dP-PL\.m2\repository\org\apache\logging\log4j\log4j-api\2.17.0\log4j-api-2.17.0.jar;C:\Users\dP-PL\.m2\repository\org\apache\logging\log4j\log4j-core\2.17.0\log4j-core-2.17.0.jar;C:\Users\dP-PL\.m2\repository\org\slf4j\slf4j-api\1.7.32\slf4j-api-1.7.32.jar;C:\Users\dP-PL\.m2\repository\org\apache\logging\log4j\log4j-slf4j-impl\2.17.0\log4j-slf4j-impl-2.17.0.jar;C:\Users\dP-PL\.m2\repository\com\microsoft\sqlserver\mssql-jdbc\12.4.0.jre11\mssql-jdbc-12.4.0.jre11.jar;C:\Users\dP-PL\.m2\repository\com\oracle\database\jdbc\ojdbc11\23.2.0.0\ojdbc11-23.2.0.0.jar;C:\Users\dP-PL\.m2\repository\net\lightbody\bmp\browsermob-core\2.1.5\browsermob-core-2.1.5.jar;C:\Users\dP-PL\.m2\repository\net\lightbody\bmp\littleproxy\1.1.0-beta-bmp-17\littleproxy-1.1.0-beta-bmp-17.jar;C:\Users\dP-PL\.m2\repository\com\fasterxml\jackson\core\jackson-core\2.8.9\jackson-core-2.8.9.jar;C:\Users\dP-PL\.m2\repository\com\fasterxml\jackson\core\jackson-databind\2.8.9\jackson-databind-2.8.9.jar;C:\Users\dP-PL\.m2\repository\com\fasterxml\jackson\core\jackson-annotations\2.8.9\jackson-annotations-2.8.9.jar;C:\Users\dP-PL\.m2\repository\dnsjava\dnsjava\2.1.8\dnsjava-2.1.8.jar;C:\Users\dP-PL\.m2\repository\org\slf4j\jcl-over-slf4j\1.7.25\jcl-over-slf4j-1.7.25.jar;C:\Users\dP-PL\.m2\repository\com\jcraft\jzlib\1.1.3\jzlib-1.1.3.jar;C:\Users\dP-PL\.m2\repository\io\netty\netty-all\4.0.51.Final\netty-all-4.0.51.Final.jar;C:\Users\dP-PL\.m2\repository\org\bouncycastle\bcprov-jdk15on\1.58\bcprov-jdk15on-1.58.jar;C:\Users\dP-PL\.m2\repository\org\bouncycastle\bcpkix-jdk15on\1.58\bcpkix-jdk15on-1.58.jar;C:\Users\dP-PL\.m2\repository\net\lightbody\bmp\mitm\2.1.5\mitm-2.1.5.jar;C:\Users\dP-PL\.m2\repository\dom4j\dom4j\1.1\dom4j-1.1.jar;C:\Users\dP-PL\.m2\repository\org\apache\httpcomponents\httpclient\4.5.13\httpclient-4.5.13.jar;C:\Users\dP-PL\.m2\repository\org\apache\httpcomponents\httpcore\4.4.13\httpcore-4.4.13.jar;C:\Users\dP-PL\.m2\repository\commons-logging\commons-logging\1.2\commons-logging-1.2.jar;C:\Users\dP-PL\.m2\repository\commons-codec\commons-codec\1.11\commons-codec-1.11.jar;C:\Users\dP-PL\.m2\repository\com\google\code\gson\gson\2.8.8\gson-2.8.8.jar;C:\Users\dP-PL\.m2\repository\ch\fortysix\maven-postman-plugin\0.1.6\maven-postman-plugin-0.1.6.jar;C:\Users\dP-PL\.m2\repository\org\codehaus\gmaven\gmaven-mojo\1.2\gmaven-mojo-1.2.jar;C:\Users\dP-PL\.m2\repository\org\codehaus\gmaven\runtime\gmaven-runtime-api\1.2\gmaven-runtime-api-1.2.jar;C:\Users\dP-PL\.m2\repository\org\codehaus\gmaven\feature\gmaven-feature-api\1.2\gmaven-feature-api-1.2.jar;C:\Users\dP-PL\.m2\repository\org\apache\maven\maven-project\2.0.10\maven-project-2.0.10.jar;C:\Users\dP-PL\.m2\repository\org\apache\maven\maven-plugin-registry\2.0.10\maven-plugin-registry-2.0.10.jar;C:\Users\dP-PL\.m2\repository\org\codehaus\plexus\plexus-interpolation\1.1\plexus-interpolation-1.1.jar;C:\Users\dP-PL\.m2\repository\org\apache\maven\maven-plugin-api\2.0.10\maven-plugin-api-2.0.10.jar;C:\Users\dP-PL\.m2\repository\org\codehaus\gmaven\runtime\gmaven-runtime-1.7\1.2\gmaven-runtime-1.7-1.2.jar;C:\Users\dP-PL\.m2\repository\org\codehaus\gmaven\feature\gmaven-feature-support\1.2\gmaven-feature-support-1.2.jar;C:\Users\dP-PL\.m2\repository\org\codehaus\gmaven\runtime\gmaven-runtime-support\1.2\gmaven-runtime-support-1.2.jar;C:\Users\dP-PL\.m2\repository\org\sonatype\gshell\gshell-io\2.0\gshell-io-2.0.jar;C:\Users\dP-PL\.m2\repository\org\sonatype\gossip\gossip\1.0\gossip-1.0.jar;C:\Users\dP-PL\.m2\repository\org\codehaus\groovy\groovy-all\1.7-beta-2\groovy-all-1.7-beta-2.jar;C:\Users\dP-PL\.m2\repository\jline\jline\0.9.94\jline-0.9.94.jar;C:\Users\dP-PL\.m2\repository\javax\mail\mail\1.4.1\mail-1.4.1.jar;C:\Users\dP-PL\.m2\repository\javax\activation\activation\1.1\activation-1.1.jar;C:\Users\dP-PL\.m2\repository\org\apache\ant\ant\1.7.1\ant-1.7.1.jar;C:\Users\dP-PL\.m2\repository\org\apache\ant\ant-launcher\1.7.1\ant-launcher-1.7.1.jar;C:\Users\dP-PL\.m2\repository\org\slf4j\log4j-over-slf4j\1.5.10\log4j-over-slf4j-1.5.10.jar;C:\Users\dP-PL\.m2\repository\org\apache\maven\shared\file-management\1.2.1\file-management-1.2.1.jar;C:\Users\dP-PL\.m2\repository\org\apache\maven\shared\maven-shared-io\1.1\maven-shared-io-1.1.jar;C:\Users\dP-PL\.m2\repository\org\codehaus\plexus\plexus-container-default\1.0-alpha-9\plexus-container-default-1.0-alpha-9.jar;C:\Users\dP-PL\.m2\repository\org\apache\maven\reporting\maven-reporting-api\2.2.1\maven-reporting-api-2.2.1.jar;C:\Users\dP-PL\.m2\repository\org\apache\maven\doxia\doxia-logging-api\1.1\doxia-logging-api-1.1.jar;C:\Users\dP-PL\.m2\repository\org\apache\maven\reporting\maven-reporting-impl\2.0.4.3\maven-reporting-impl-2.0.4.3.jar;C:\Users\dP-PL\.m2\repository\org\apache\maven\doxia\doxia-core\1.0\doxia-core-1.0.jar;C:\Users\dP-PL\.m2\repository\org\apache\maven\doxia\doxia-site-renderer\1.0\doxia-site-renderer-1.0.jar;C:\Users\dP-PL\.m2\repository\org\codehaus\plexus\plexus-i18n\1.0-beta-7\plexus-i18n-1.0-beta-7.jar;C:\Users\dP-PL\.m2\repository\org\codehaus\plexus\plexus-velocity\1.1.7\plexus-velocity-1.1.7.jar;C:\Users\dP-PL\.m2\repository\org\apache\velocity\velocity\1.5\velocity-1.5.jar;C:\Users\dP-PL\.m2\repository\org\apache\maven\doxia\doxia-decoration-model\1.0\doxia-decoration-model-1.0.jar;C:\Users\dP-PL\.m2\repository\org\apache\maven\doxia\doxia-module-apt\1.0\doxia-module-apt-1.0.jar;C:\Users\dP-PL\.m2\repository\org\apache\maven\doxia\doxia-module-fml\1.0\doxia-module-fml-1.0.jar;C:\Users\dP-PL\.m2\repository\org\apache\maven\doxia\doxia-module-xdoc\1.0\doxia-module-xdoc-1.0.jar;C:\Users\dP-PL\.m2\repository\org\apache\maven\doxia\doxia-module-xhtml\1.0\doxia-module-xhtml-1.0.jar;C:\Users\dP-PL\.m2\repository\commons-validator\commons-validator\1.2.0\commons-validator-1.2.0.jar;C:\Users\dP-PL\.m2\repository\commons-digester\commons-digester\1.6\commons-digester-1.6.jar;C:\Users\dP-PL\.m2\repository\oro\oro\2.0.8\oro-2.0.8.jar;C:\Users\dP-PL\.m2\repository\xml-apis\xml-apis\1.0.b2\xml-apis-1.0.b2.jar;C:\Users\dP-PL\.m2\repository\org\apache\maven\shared\maven-doxia-tools\1.0.2\maven-doxia-tools-1.0.2.jar;C:\Users\dP-PL\.m2\repository\org\apache\maven\doxia\doxia-sink-api\1.1.2\doxia-sink-api-1.1.2.jar;C:\Users\dP-PL\.m2\repository\org\codehaus\plexus\plexus-utils\2.0.1\plexus-utils-2.0.1.jar;C:\Users\dP-PL\.m2\repository\nekohtml\nekohtml\1.9.6.2\nekohtml-1.9.6.2.jar;C:\Users\dP-PL\.m2\repository\xerces\xercesImpl\2.8.1\xercesImpl-2.8.1.jar;C:\Users\dP-PL\.m2\repository\org\apache\commons\commons-email\1.2\commons-email-1.2.jar;C:\Users\dP-PL\.m2\repository\org\apache\maven\maven-core\2.2.1\maven-core-2.2.1.jar;C:\Users\dP-PL\.m2\repository\org\apache\maven\maven-settings\2.2.1\maven-settings-2.2.1.jar;C:\Users\dP-PL\.m2\repository\org\apache\maven\wagon\wagon-file\1.0-beta-6\wagon-file-1.0-beta-6.jar;C:\Users\dP-PL\.m2\repository\org\apache\maven\maven-plugin-parameter-documenter\2.2.1\maven-plugin-parameter-documenter-2.2.1.jar;C:\Users\dP-PL\.m2\repository\org\apache\maven\wagon\wagon-http-lightweight\1.0-beta-6\wagon-http-lightweight-1.0-beta-6.jar;C:\Users\dP-PL\.m2\repository\org\apache\maven\wagon\wagon-http-shared\1.0-beta-6\wagon-http-shared-1.0-beta-6.jar;C:\Users\dP-PL\.m2\repository\nekohtml\xercesMinimal\1.9.6.2\xercesMinimal-1.9.6.2.jar;C:\Users\dP-PL\.m2\repository\org\apache\maven\wagon\wagon-http\1.0-beta-6\wagon-http-1.0-beta-6.jar;C:\Users\dP-PL\.m2\repository\org\apache\maven\wagon\wagon-webdav-jackrabbit\1.0-beta-6\wagon-webdav-jackrabbit-1.0-beta-6.jar;C:\Users\dP-PL\.m2\repository\org\apache\jackrabbit\jackrabbit-webdav\1.5.0\jackrabbit-webdav-1.5.0.jar;C:\Users\dP-PL\.m2\repository\org\apache\jackrabbit\jackrabbit-jcr-commons\1.5.0\jackrabbit-jcr-commons-1.5.0.jar;C:\Users\dP-PL\.m2\repository\org\slf4j\slf4j-nop\1.5.3\slf4j-nop-1.5.3.jar;C:\Users\dP-PL\.m2\repository\org\slf4j\slf4j-jdk14\1.5.6\slf4j-jdk14-1.5.6.jar;C:\Users\dP-PL\.m2\repository\org\apache\maven\maven-profile\2.2.1\maven-profile-2.2.1.jar;C:\Users\dP-PL\.m2\repository\org\apache\maven\maven-model\2.2.1\maven-model-2.2.1.jar;C:\Users\dP-PL\.m2\repository\org\apache\maven\maven-artifact\2.2.1\maven-artifact-2.2.1.jar;C:\Users\dP-PL\.m2\repository\org\apache\maven\wagon\wagon-provider-api\1.0-beta-6\wagon-provider-api-1.0-beta-6.jar;C:\Users\dP-PL\.m2\repository\org\apache\maven\maven-repository-metadata\2.2.1\maven-repository-metadata-2.2.1.jar;C:\Users\dP-PL\.m2\repository\org\apache\maven\maven-error-diagnostics\2.2.1\maven-error-diagnostics-2.2.1.jar;C:\Users\dP-PL\.m2\repository\commons-cli\commons-cli\1.2\commons-cli-1.2.jar;C:\Users\dP-PL\.m2\repository\org\apache\maven\wagon\wagon-ssh-external\1.0-beta-6\wagon-ssh-external-1.0-beta-6.jar;C:\Users\dP-PL\.m2\repository\org\apache\maven\wagon\wagon-ssh-common\1.0-beta-6\wagon-ssh-common-1.0-beta-6.jar;C:\Users\dP-PL\.m2\repository\org\apache\maven\maven-plugin-descriptor\2.2.1\maven-plugin-descriptor-2.2.1.jar;C:\Users\dP-PL\.m2\repository\org\codehaus\plexus\plexus-interactivity-api\1.0-alpha-4\plexus-interactivity-api-1.0-alpha-4.jar;C:\Users\dP-PL\.m2\repository\org\apache\maven\maven-artifact-manager\2.2.1\maven-artifact-manager-2.2.1.jar;C:\Users\dP-PL\.m2\repository\backport-util-concurrent\backport-util-concurrent\3.1\backport-util-concurrent-3.1.jar;C:\Users\dP-PL\.m2\repository\org\apache\maven\maven-monitor\2.2.1\maven-monitor-2.2.1.jar;C:\Users\dP-PL\.m2\repository\org\apache\maven\wagon\wagon-ssh\1.0-beta-6\wagon-ssh-1.0-beta-6.jar;C:\Users\dP-PL\.m2\repository\com\jcraft\jsch\0.1.38\jsch-0.1.38.jar;C:\Users\dP-PL\.m2\repository\classworlds\classworlds\1.1\classworlds-1.1.jar;C:\Users\dP-PL\.m2\repository\org\sonatype\plexus\plexus-sec-dispatcher\1.3\plexus-sec-dispatcher-1.3.jar;C:\Users\dP-PL\.m2\repository\org\sonatype\plexus\plexus-cipher\1.4\plexus-cipher-1.4.jar;"/>
    <property name="java.vm.vendor" value="Oracle Corporation"/>
    <property name="sun.arch.data.model" value="64"/>
    <property name="user.variant" value=""/>
    <property name="java.vendor.url" value="https://java.oracle.com/"/>
    <property name="user.timezone" value="Asia/Calcutta"/>
    <property name="os.name" value="Windows 10"/>
    <property name="java.vm.specification.version" value="19"/>
    <property name="sun.java.launcher" value="SUN_STANDARD"/>
    <property name="user.country" value="IN"/>
    <property name="sun.boot.library.path" value="C:\Program Files\Java\jdk-19\bin"/>
    <property name="sun.java.command" value="C:\Users\dP-PL\AppData\Local\Temp\surefire7768610667005379753\surefirebooter-20231220220209710_3.jar C:\Users\dP-PL\AppData\Local\Temp\surefire7768610667005379753 2023-12-20T22-02-09_396-jvmRun1 surefire-20231220220209710_1tmp surefire_0-20231220220209710_2tmp"/>
    <property name="jdk.debug" value="release"/>
    <property name="surefire.test.class.path" value="D:\XGL Final\XGLFinal\target\test-classes;D:\XGL Final\XGLFinal\target\classes;C:\Users\dP-PL\.m2\repository\org\seleniumhq\selenium\selenium-java\3.141.59\selenium-java-3.141.59.jar;C:\Users\dP-PL\.m2\repository\org\seleniumhq\selenium\selenium-api\3.141.59\selenium-api-3.141.59.jar;C:\Users\dP-PL\.m2\repository\org\seleniumhq\selenium\selenium-chrome-driver\3.141.59\selenium-chrome-driver-3.141.59.jar;C:\Users\dP-PL\.m2\repository\org\seleniumhq\selenium\selenium-edge-driver\3.141.59\selenium-edge-driver-3.141.59.jar;C:\Users\dP-PL\.m2\repository\org\seleniumhq\selenium\selenium-firefox-driver\3.141.59\selenium-firefox-driver-3.141.59.jar;C:\Users\dP-PL\.m2\repository\org\seleniumhq\selenium\selenium-ie-driver\3.141.59\selenium-ie-driver-3.141.59.jar;C:\Users\dP-PL\.m2\repository\org\seleniumhq\selenium\selenium-opera-driver\3.141.59\selenium-opera-driver-3.141.59.jar;C:\Users\dP-PL\.m2\repository\org\seleniumhq\selenium\selenium-remote-driver\3.141.59\selenium-remote-driver-3.141.59.jar;C:\Users\dP-PL\.m2\repository\org\seleniumhq\selenium\selenium-safari-driver\3.141.59\selenium-safari-driver-3.141.59.jar;C:\Users\dP-PL\.m2\repository\org\seleniumhq\selenium\selenium-support\3.141.59\selenium-support-3.141.59.jar;C:\Users\dP-PL\.m2\repository\net\bytebuddy\byte-buddy\1.8.15\byte-buddy-1.8.15.jar;C:\Users\dP-PL\.m2\repository\org\apache\commons\commons-exec\1.3\commons-exec-1.3.jar;C:\Users\dP-PL\.m2\repository\com\google\guava\guava\25.0-jre\guava-25.0-jre.jar;C:\Users\dP-PL\.m2\repository\org\checkerframework\checker-compat-qual\2.0.0\checker-compat-qual-2.0.0.jar;C:\Users\dP-PL\.m2\repository\com\google\errorprone\error_prone_annotations\2.1.3\error_prone_annotations-2.1.3.jar;C:\Users\dP-PL\.m2\repository\com\google\j2objc\j2objc-annotations\1.1\j2objc-annotations-1.1.jar;C:\Users\dP-PL\.m2\repository\org\codehaus\mojo\animal-sniffer-annotations\1.14\animal-sniffer-annotations-1.14.jar;C:\Users\dP-PL\.m2\repository\com\squareup\okhttp3\okhttp\3.11.0\okhttp-3.11.0.jar;C:\Users\dP-PL\.m2\repository\com\squareup\okio\okio\1.14.0\okio-1.14.0.jar;C:\Users\dP-PL\.m2\repository\org\seleniumhq\selenium\selenium-http-jdk-client\4.8.1\selenium-http-jdk-client-4.8.1.jar;C:\Users\dP-PL\.m2\repository\com\google\auto\service\auto-service-annotations\1.0.1\auto-service-annotations-1.0.1.jar;C:\Users\dP-PL\.m2\repository\com\google\auto\service\auto-service\1.0.1\auto-service-1.0.1.jar;C:\Users\dP-PL\.m2\repository\com\google\auto\auto-common\1.2\auto-common-1.2.jar;C:\Users\dP-PL\.m2\repository\org\seleniumhq\selenium\selenium-http\4.8.1\selenium-http-4.8.1.jar;C:\Users\dP-PL\.m2\repository\dev\failsafe\failsafe\3.3.0\failsafe-3.3.0.jar;C:\Users\dP-PL\.m2\repository\org\seleniumhq\selenium\selenium-json\4.8.1\selenium-json-4.8.1.jar;C:\Users\dP-PL\.m2\repository\io\github\bonigarcia\webdrivermanager\5.5.3\webdrivermanager-5.5.3.jar;C:\Users\dP-PL\.m2\repository\com\github\docker-java\docker-java\3.3.3\docker-java-3.3.3.jar;C:\Users\dP-PL\.m2\repository\com\github\docker-java\docker-java-core\3.3.3\docker-java-core-3.3.3.jar;C:\Users\dP-PL\.m2\repository\com\github\docker-java\docker-java-api\3.3.3\docker-java-api-3.3.3.jar;C:\Users\dP-PL\.m2\repository\org\bouncycastle\bcpkix-jdk18on\1.75\bcpkix-jdk18on-1.75.jar;C:\Users\dP-PL\.m2\repository\org\bouncycastle\bcprov-jdk18on\1.75\bcprov-jdk18on-1.75.jar;C:\Users\dP-PL\.m2\repository\org\bouncycastle\bcutil-jdk18on\1.75\bcutil-jdk18on-1.75.jar;C:\Users\dP-PL\.m2\repository\com\github\docker-java\docker-java-transport-httpclient5\3.3.3\docker-java-transport-httpclient5-3.3.3.jar;C:\Users\dP-PL\.m2\repository\com\github\docker-java\docker-java-transport\3.3.3\docker-java-transport-3.3.3.jar;C:\Users\dP-PL\.m2\repository\net\java\dev\jna\jna\5.12.1\jna-5.12.1.jar;C:\Users\dP-PL\.m2\repository\org\brotli\dec\0.1.2\dec-0.1.2.jar;C:\Users\dP-PL\.m2\repository\org\apache\commons\commons-lang3\3.13.0\commons-lang3-3.13.0.jar;C:\Users\dP-PL\.m2\repository\org\apache\httpcomponents\client5\httpclient5\5.2.1\httpclient5-5.2.1.jar;C:\Users\dP-PL\.m2\repository\org\apache\httpcomponents\core5\httpcore5\5.2\httpcore5-5.2.jar;C:\Users\dP-PL\.m2\repository\org\apache\httpcomponents\core5\httpcore5-h2\5.2\httpcore5-h2-5.2.jar;C:\Users\dP-PL\.m2\repository\org\testng\testng\7.6.1\testng-7.6.1.jar;C:\Users\dP-PL\.m2\repository\com\google\code\findbugs\jsr305\3.0.2\jsr305-3.0.2.jar;C:\Users\dP-PL\.m2\repository\com\beust\jcommander\1.82\jcommander-1.82.jar;C:\Users\dP-PL\.m2\repository\org\webjars\jquery\3.6.0\jquery-3.6.0.jar;C:\Users\dP-PL\.m2\repository\net\rcarz\Jira-client\0.5\Jira-client-0.5.jar;C:\Users\dP-PL\.m2\repository\org\apache\httpcomponents\httpmime\4.2.5\httpmime-4.2.5.jar;C:\Users\dP-PL\.m2\repository\net\sf\json-lib\json-lib\2.4\json-lib-2.4-jdk15.jar;C:\Users\dP-PL\.m2\repository\commons-beanutils\commons-beanutils\1.8.0\commons-beanutils-1.8.0.jar;C:\Users\dP-PL\.m2\repository\commons-collections\commons-collections\3.2.1\commons-collections-3.2.1.jar;C:\Users\dP-PL\.m2\repository\commons-lang\commons-lang\2.5\commons-lang-2.5.jar;C:\Users\dP-PL\.m2\repository\net\sf\ezmorph\ezmorph\1.0.6\ezmorph-1.0.6.jar;C:\Users\dP-PL\.m2\repository\joda-time\joda-time\2.3\joda-time-2.3.jar;C:\Users\dP-PL\.m2\repository\junit\junit\4.8.2\junit-4.8.2.jar;C:\Users\dP-PL\.m2\repository\org\mockito\mockito-all\1.9.0\mockito-all-1.9.0.jar;C:\Users\dP-PL\.m2\repository\commons-httpclient\commons-httpclient\3.1\commons-httpclient-3.1.jar;C:\Users\dP-PL\.m2\repository\org\apache\maven\plugins\maven-surefire-plugin\3.0.0-M7\maven-surefire-plugin-3.0.0-M7.jar;C:\Users\dP-PL\.m2\repository\org\apache\maven\surefire\maven-surefire-common\3.0.0-M7\maven-surefire-common-3.0.0-M7.jar;C:\Users\dP-PL\.m2\repository\org\apache\maven\surefire\surefire-api\3.0.0-M7\surefire-api-3.0.0-M7.jar;C:\Users\dP-PL\.m2\repository\org\apache\maven\surefire\surefire-logger-api\3.0.0-M7\surefire-logger-api-3.0.0-M7.jar;C:\Users\dP-PL\.m2\repository\org\apache\maven\surefire\surefire-extensions-api\3.0.0-M7\surefire-extensions-api-3.0.0-M7.jar;C:\Users\dP-PL\.m2\repository\org\apache\maven\surefire\surefire-booter\3.0.0-M7\surefire-booter-3.0.0-M7.jar;C:\Users\dP-PL\.m2\repository\org\apache\maven\surefire\surefire-extensions-spi\3.0.0-M7\surefire-extensions-spi-3.0.0-M7.jar;C:\Users\dP-PL\.m2\repository\org\apache\maven\shared\maven-common-artifact-filters\3.1.1\maven-common-artifact-filters-3.1.1.jar;C:\Users\dP-PL\.m2\repository\org\codehaus\plexus\plexus-java\1.1.1\plexus-java-1.1.1.jar;C:\Users\dP-PL\.m2\repository\org\ow2\asm\asm\9.2\asm-9.2.jar;C:\Users\dP-PL\.m2\repository\com\thoughtworks\qdox\qdox\2.0.1\qdox-2.0.1.jar;C:\Users\dP-PL\.m2\repository\org\apache\maven\surefire\surefire-shared-utils\3.0.0-M7\surefire-shared-utils-3.0.0-M7.jar;C:\Users\dP-PL\.m2\repository\com\aventstack\extentreports\5.0.8\extentreports-5.0.8.jar;C:\Users\dP-PL\.m2\repository\io\reactivex\rxjava3\rxjava\3.0.4\rxjava-3.0.4.jar;C:\Users\dP-PL\.m2\repository\org\reactivestreams\reactive-streams\1.0.3\reactive-streams-1.0.3.jar;C:\Users\dP-PL\.m2\repository\org\freemarker\freemarker\2.3.30\freemarker-2.3.30.jar;C:\Users\dP-PL\.m2\repository\org\projectlombok\lombok\1.18.22\lombok-1.18.22.jar;C:\Users\dP-PL\.m2\repository\org\apache\poi\poi-ooxml\5.2.2\poi-ooxml-5.2.2.jar;C:\Users\dP-PL\.m2\repository\org\apache\poi\poi\5.2.2\poi-5.2.2.jar;C:\Users\dP-PL\.m2\repository\org\apache\commons\commons-math3\3.6.1\commons-math3-3.6.1.jar;C:\Users\dP-PL\.m2\repository\com\zaxxer\SparseBitSet\1.2\SparseBitSet-1.2.jar;C:\Users\dP-PL\.m2\repository\org\apache\poi\poi-ooxml-lite\5.2.2\poi-ooxml-lite-5.2.2.jar;C:\Users\dP-PL\.m2\repository\org\apache\xmlbeans\xmlbeans\5.0.3\xmlbeans-5.0.3.jar;C:\Users\dP-PL\.m2\repository\org\apache\commons\commons-compress\1.21\commons-compress-1.21.jar;C:\Users\dP-PL\.m2\repository\commons-io\commons-io\2.11.0\commons-io-2.11.0.jar;C:\Users\dP-PL\.m2\repository\com\github\virtuald\curvesapi\1.07\curvesapi-1.07.jar;C:\Users\dP-PL\.m2\repository\org\apache\commons\commons-collections4\4.4\commons-collections4-4.4.jar;C:\Users\dP-PL\.m2\repository\org\apache\logging\log4j\log4j-api\2.17.0\log4j-api-2.17.0.jar;C:\Users\dP-PL\.m2\repository\org\apache\logging\log4j\log4j-core\2.17.0\log4j-core-2.17.0.jar;C:\Users\dP-PL\.m2\repository\org\slf4j\slf4j-api\1.7.32\slf4j-api-1.7.32.jar;C:\Users\dP-PL\.m2\repository\org\apache\logging\log4j\log4j-slf4j-impl\2.17.0\log4j-slf4j-impl-2.17.0.jar;C:\Users\dP-PL\.m2\repository\com\microsoft\sqlserver\mssql-jdbc\12.4.0.jre11\mssql-jdbc-12.4.0.jre11.jar;C:\Users\dP-PL\.m2\repository\com\oracle\database\jdbc\ojdbc11\23.2.0.0\ojdbc11-23.2.0.0.jar;C:\Users\dP-PL\.m2\repository\net\lightbody\bmp\browsermob-core\2.1.5\browsermob-core-2.1.5.jar;C:\Users\dP-PL\.m2\repository\net\lightbody\bmp\littleproxy\1.1.0-beta-bmp-17\littleproxy-1.1.0-beta-bmp-17.jar;C:\Users\dP-PL\.m2\repository\com\fasterxml\jackson\core\jackson-core\2.8.9\jackson-core-2.8.9.jar;C:\Users\dP-PL\.m2\repository\com\fasterxml\jackson\core\jackson-databind\2.8.9\jackson-databind-2.8.9.jar;C:\Users\dP-PL\.m2\repository\com\fasterxml\jackson\core\jackson-annotations\2.8.9\jackson-annotations-2.8.9.jar;C:\Users\dP-PL\.m2\repository\dnsjava\dnsjava\2.1.8\dnsjava-2.1.8.jar;C:\Users\dP-PL\.m2\repository\org\slf4j\jcl-over-slf4j\1.7.25\jcl-over-slf4j-1.7.25.jar;C:\Users\dP-PL\.m2\repository\com\jcraft\jzlib\1.1.3\jzlib-1.1.3.jar;C:\Users\dP-PL\.m2\repository\io\netty\netty-all\4.0.51.Final\netty-all-4.0.51.Final.jar;C:\Users\dP-PL\.m2\repository\org\bouncycastle\bcprov-jdk15on\1.58\bcprov-jdk15on-1.58.jar;C:\Users\dP-PL\.m2\repository\org\bouncycastle\bcpkix-jdk15on\1.58\bcpkix-jdk15on-1.58.jar;C:\Users\dP-PL\.m2\repository\net\lightbody\bmp\mitm\2.1.5\mitm-2.1.5.jar;C:\Users\dP-PL\.m2\repository\dom4j\dom4j\1.1\dom4j-1.1.jar;C:\Users\dP-PL\.m2\repository\org\apache\httpcomponents\httpclient\4.5.13\httpclient-4.5.13.jar;C:\Users\dP-PL\.m2\repository\org\apache\httpcomponents\httpcore\4.4.13\httpcore-4.4.13.jar;C:\Users\dP-PL\.m2\repository\commons-logging\commons-logging\1.2\commons-logging-1.2.jar;C:\Users\dP-PL\.m2\repository\commons-codec\commons-codec\1.11\commons-codec-1.11.jar;C:\Users\dP-PL\.m2\repository\com\google\code\gson\gson\2.8.8\gson-2.8.8.jar;C:\Users\dP-PL\.m2\repository\ch\fortysix\maven-postman-plugin\0.1.6\maven-postman-plugin-0.1.6.jar;C:\Users\dP-PL\.m2\repository\org\codehaus\gmaven\gmaven-mojo\1.2\gmaven-mojo-1.2.jar;C:\Users\dP-PL\.m2\repository\org\codehaus\gmaven\runtime\gmaven-runtime-api\1.2\gmaven-runtime-api-1.2.jar;C:\Users\dP-PL\.m2\repository\org\codehaus\gmaven\feature\gmaven-feature-api\1.2\gmaven-feature-api-1.2.jar;C:\Users\dP-PL\.m2\repository\org\apache\maven\maven-project\2.0.10\maven-project-2.0.10.jar;C:\Users\dP-PL\.m2\repository\org\apache\maven\maven-plugin-registry\2.0.10\maven-plugin-registry-2.0.10.jar;C:\Users\dP-PL\.m2\repository\org\codehaus\plexus\plexus-interpolation\1.1\plexus-interpolation-1.1.jar;C:\Users\dP-PL\.m2\repository\org\apache\maven\maven-plugin-api\2.0.10\maven-plugin-api-2.0.10.jar;C:\Users\dP-PL\.m2\repository\org\codehaus\gmaven\runtime\gmaven-runtime-1.7\1.2\gmaven-runtime-1.7-1.2.jar;C:\Users\dP-PL\.m2\repository\org\codehaus\gmaven\feature\gmaven-feature-support\1.2\gmaven-feature-support-1.2.jar;C:\Users\dP-PL\.m2\repository\org\codehaus\gmaven\runtime\gmaven-runtime-support\1.2\gmaven-runtime-support-1.2.jar;C:\Users\dP-PL\.m2\repository\org\sonatype\gshell\gshell-io\2.0\gshell-io-2.0.jar;C:\Users\dP-PL\.m2\repository\org\sonatype\gossip\gossip\1.0\gossip-1.0.jar;C:\Users\dP-PL\.m2\repository\org\codehaus\groovy\groovy-all\1.7-beta-2\groovy-all-1.7-beta-2.jar;C:\Users\dP-PL\.m2\repository\jline\jline\0.9.94\jline-0.9.94.jar;C:\Users\dP-PL\.m2\repository\javax\mail\mail\1.4.1\mail-1.4.1.jar;C:\Users\dP-PL\.m2\repository\javax\activation\activation\1.1\activation-1.1.jar;C:\Users\dP-PL\.m2\repository\org\apache\ant\ant\1.7.1\ant-1.7.1.jar;C:\Users\dP-PL\.m2\repository\org\apache\ant\ant-launcher\1.7.1\ant-launcher-1.7.1.jar;C:\Users\dP-PL\.m2\repository\org\slf4j\log4j-over-slf4j\1.5.10\log4j-over-slf4j-1.5.10.jar;C:\Users\dP-PL\.m2\repository\org\apache\maven\shared\file-management\1.2.1\file-management-1.2.1.jar;C:\Users\dP-PL\.m2\repository\org\apache\maven\shared\maven-shared-io\1.1\maven-shared-io-1.1.jar;C:\Users\dP-PL\.m2\repository\org\codehaus\plexus\plexus-container-default\1.0-alpha-9\plexus-container-default-1.0-alpha-9.jar;C:\Users\dP-PL\.m2\repository\org\apache\maven\reporting\maven-reporting-api\2.2.1\maven-reporting-api-2.2.1.jar;C:\Users\dP-PL\.m2\repository\org\apache\maven\doxia\doxia-logging-api\1.1\doxia-logging-api-1.1.jar;C:\Users\dP-PL\.m2\repository\org\apache\maven\reporting\maven-reporting-impl\2.0.4.3\maven-reporting-impl-2.0.4.3.jar;C:\Users\dP-PL\.m2\repository\org\apache\maven\doxia\doxia-core\1.0\doxia-core-1.0.jar;C:\Users\dP-PL\.m2\repository\org\apache\maven\doxia\doxia-site-renderer\1.0\doxia-site-renderer-1.0.jar;C:\Users\dP-PL\.m2\repository\org\codehaus\plexus\plexus-i18n\1.0-beta-7\plexus-i18n-1.0-beta-7.jar;C:\Users\dP-PL\.m2\repository\org\codehaus\plexus\plexus-velocity\1.1.7\plexus-velocity-1.1.7.jar;C:\Users\dP-PL\.m2\repository\org\apache\velocity\velocity\1.5\velocity-1.5.jar;C:\Users\dP-PL\.m2\repository\org\apache\maven\doxia\doxia-decoration-model\1.0\doxia-decoration-model-1.0.jar;C:\Users\dP-PL\.m2\repository\org\apache\maven\doxia\doxia-module-apt\1.0\doxia-module-apt-1.0.jar;C:\Users\dP-PL\.m2\repository\org\apache\maven\doxia\doxia-module-fml\1.0\doxia-module-fml-1.0.jar;C:\Users\dP-PL\.m2\repository\org\apache\maven\doxia\doxia-module-xdoc\1.0\doxia-module-xdoc-1.0.jar;C:\Users\dP-PL\.m2\repository\org\apache\maven\doxia\doxia-module-xhtml\1.0\doxia-module-xhtml-1.0.jar;C:\Users\dP-PL\.m2\repository\commons-validator\commons-validator\1.2.0\commons-validator-1.2.0.jar;C:\Users\dP-PL\.m2\repository\commons-digester\commons-digester\1.6\commons-digester-1.6.jar;C:\Users\dP-PL\.m2\repository\oro\oro\2.0.8\oro-2.0.8.jar;C:\Users\dP-PL\.m2\repository\xml-apis\xml-apis\1.0.b2\xml-apis-1.0.b2.jar;C:\Users\dP-PL\.m2\repository\org\apache\maven\shared\maven-doxia-tools\1.0.2\maven-doxia-tools-1.0.2.jar;C:\Users\dP-PL\.m2\repository\org\apache\maven\doxia\doxia-sink-api\1.1.2\doxia-sink-api-1.1.2.jar;C:\Users\dP-PL\.m2\repository\org\codehaus\plexus\plexus-utils\2.0.1\plexus-utils-2.0.1.jar;C:\Users\dP-PL\.m2\repository\nekohtml\nekohtml\1.9.6.2\nekohtml-1.9.6.2.jar;C:\Users\dP-PL\.m2\repository\xerces\xercesImpl\2.8.1\xercesImpl-2.8.1.jar;C:\Users\dP-PL\.m2\repository\org\apache\commons\commons-email\1.2\commons-email-1.2.jar;C:\Users\dP-PL\.m2\repository\org\apache\maven\maven-core\2.2.1\maven-core-2.2.1.jar;C:\Users\dP-PL\.m2\repository\org\apache\maven\maven-settings\2.2.1\maven-settings-2.2.1.jar;C:\Users\dP-PL\.m2\repository\org\apache\maven\wagon\wagon-file\1.0-beta-6\wagon-file-1.0-beta-6.jar;C:\Users\dP-PL\.m2\repository\org\apache\maven\maven-plugin-parameter-documenter\2.2.1\maven-plugin-parameter-documenter-2.2.1.jar;C:\Users\dP-PL\.m2\repository\org\apache\maven\wagon\wagon-http-lightweight\1.0-beta-6\wagon-http-lightweight-1.0-beta-6.jar;C:\Users\dP-PL\.m2\repository\org\apache\maven\wagon\wagon-http-shared\1.0-beta-6\wagon-http-shared-1.0-beta-6.jar;C:\Users\dP-PL\.m2\repository\nekohtml\xercesMinimal\1.9.6.2\xercesMinimal-1.9.6.2.jar;C:\Users\dP-PL\.m2\repository\org\apache\maven\wagon\wagon-http\1.0-beta-6\wagon-http-1.0-beta-6.jar;C:\Users\dP-PL\.m2\repository\org\apache\maven\wagon\wagon-webdav-jackrabbit\1.0-beta-6\wagon-webdav-jackrabbit-1.0-beta-6.jar;C:\Users\dP-PL\.m2\repository\org\apache\jackrabbit\jackrabbit-webdav\1.5.0\jackrabbit-webdav-1.5.0.jar;C:\Users\dP-PL\.m2\repository\org\apache\jackrabbit\jackrabbit-jcr-commons\1.5.0\jackrabbit-jcr-commons-1.5.0.jar;C:\Users\dP-PL\.m2\repository\org\slf4j\slf4j-nop\1.5.3\slf4j-nop-1.5.3.jar;C:\Users\dP-PL\.m2\repository\org\slf4j\slf4j-jdk14\1.5.6\slf4j-jdk14-1.5.6.jar;C:\Users\dP-PL\.m2\repository\org\apache\maven\maven-profile\2.2.1\maven-profile-2.2.1.jar;C:\Users\dP-PL\.m2\repository\org\apache\maven\maven-model\2.2.1\maven-model-2.2.1.jar;C:\Users\dP-PL\.m2\repository\org\apache\maven\maven-artifact\2.2.1\maven-artifact-2.2.1.jar;C:\Users\dP-PL\.m2\repository\org\apache\maven\wagon\wagon-provider-api\1.0-beta-6\wagon-provider-api-1.0-beta-6.jar;C:\Users\dP-PL\.m2\repository\org\apache\maven\maven-repository-metadata\2.2.1\maven-repository-metadata-2.2.1.jar;C:\Users\dP-PL\.m2\repository\org\apache\maven\maven-error-diagnostics\2.2.1\maven-error-diagnostics-2.2.1.jar;C:\Users\dP-PL\.m2\repository\commons-cli\commons-cli\1.2\commons-cli-1.2.jar;C:\Users\dP-PL\.m2\repository\org\apache\maven\wagon\wagon-ssh-external\1.0-beta-6\wagon-ssh-external-1.0-beta-6.jar;C:\Users\dP-PL\.m2\repository\org\apache\maven\wagon\wagon-ssh-common\1.0-beta-6\wagon-ssh-common-1.0-beta-6.jar;C:\Users\dP-PL\.m2\repository\org\apache\maven\maven-plugin-descriptor\2.2.1\maven-plugin-descriptor-2.2.1.jar;C:\Users\dP-PL\.m2\repository\org\codehaus\plexus\plexus-interactivity-api\1.0-alpha-4\plexus-interactivity-api-1.0-alpha-4.jar;C:\Users\dP-PL\.m2\repository\org\apache\maven\maven-artifact-manager\2.2.1\maven-artifact-manager-2.2.1.jar;C:\Users\dP-PL\.m2\repository\backport-util-concurrent\backport-util-concurrent\3.1\backport-util-concurrent-3.1.jar;C:\Users\dP-PL\.m2\repository\org\apache\maven\maven-monitor\2.2.1\maven-monitor-2.2.1.jar;C:\Users\dP-PL\.m2\repository\org\apache\maven\wagon\wagon-ssh\1.0-beta-6\wagon-ssh-1.0-beta-6.jar;C:\Users\dP-PL\.m2\repository\com\jcraft\jsch\0.1.38\jsch-0.1.38.jar;C:\Users\dP-PL\.m2\repository\classworlds\classworlds\1.1\classworlds-1.1.jar;C:\Users\dP-PL\.m2\repository\org\sonatype\plexus\plexus-sec-dispatcher\1.3\plexus-sec-dispatcher-1.3.jar;C:\Users\dP-PL\.m2\repository\org\sonatype\plexus\plexus-cipher\1.4\plexus-cipher-1.4.jar;"/>
    <property name="sun.cpu.endian" value="little"/>
    <property name="user.home" value="C:\Users\dP-PL"/>
    <property name="user.language" value="en"/>
    <property name="java.specification.vendor" value="Oracle Corporation"/>
    <property name="java.version.date" value="2022-10-18"/>
    <property name="java.home" value="C:\Program Files\Java\jdk-19"/>
    <property name="file.separator" value="\"/>
    <property name="basedir" value="D:\XGL Final\XGLFinal"/>
    <property name="java.vm.compressedOopsMode" value="Zero based"/>
    <property name="line.separator" value="&#10;"/>
    <property name="java.vm.specification.vendor" value="Oracle Corporation"/>
    <property name="java.specification.name" value="Java Platform API Specification"/>
    <property name="surefire.real.class.path" value="C:\Users\dP-PL\AppData\Local\Temp\surefire7768610667005379753\surefirebooter-20231220220209710_3.jar"/>
    <property name="user.script" value=""/>
    <property name="sun.management.compiler" value="HotSpot 64-Bit Tiered Compilers"/>
    <property name="java.runtime.version" value="19.0.1+10-21"/>
    <property name="user.name" value="dP-PL"/>
    <property name="stdout.encoding" value="Cp1252"/>
    <property name="path.separator" value=";"/>
    <property name="os.version" value="10.0"/>
    <property name="java.runtime.name" value="Java(TM) SE Runtime Environment"/>
    <property name="file.encoding" value="UTF-8"/>
    <property name="java.vm.name" value="Java HotSpot(TM) 64-Bit Server VM"/>
    <property name="localRepository" value="C:\Users\dP-PL\.m2\repository"/>
    <property name="java.vendor.url.bug" value="https://bugreport.java.com/bugreport/"/>
    <property name="java.io.tmpdir" value="C:\Users\dP-PL\AppData\Local\Temp\"/>
    <property name="idea.version" value="2022.2.4"/>
    <property name="java.version" value="19.0.1"/>
    <property name="user.dir" value="D:\XGL Final\XGLFinal"/>
    <property name="os.arch" value="amd64"/>
    <property name="java.vm.specification.name" value="Java Virtual Machine Specification"/>
    <property name="sun.os.patch.level" value=""/>
    <property name="native.encoding" value="Cp1252"/>
    <property name="java.library.path" value="C:\Program Files\Java\jdk-19\bin;C:\WINDOWS\Sun\Java\bin;C:\WINDOWS\system32;C:\WINDOWS;C:\Python311\Scripts\;C:\Python311\;C:\Program Files\Common Files\Oracle\Java\javapath;C:\WINDOWS\system32;C:\WINDOWS;C:\WINDOWS\System32\Wbem;C:\WINDOWS\System32\WindowsPowerShell\v1.0\;C:\WINDOWS\System32\OpenSSH\;C:\Program Files (x86)\CrSSL\bin;C:\Program Files\Git\cmd;C:\Users\dP-PL\apache-maven-3.8.6\bin;C:\Program Files\Java\jdk-19\bin;C:\Program Files\nodejs\;C:\ProgramData\chocolatey\bin;C:\Program Files\PuTTY\;C:\Users\dP-PL\AppData\Local\Microsoft\WindowsApps;C:\Program Files\JetBrains\IntelliJ IDEA Community Edition 2022.2.4\bin;;C:\Program Files\Java\jdk-19\bin;C:\Users\dP-PL\AppData\Roaming\npm;C:\Users\dP-PL\AppData\Local\Programs\Microsoft VS Code\bin;C:\Users\dP-PL\apache-jmeter-5.5\bin;;."/>
    <property name="java.vm.info" value="mixed mode, sharing"/>
    <property name="stderr.encoding" value="Cp1252"/>
    <property name="java.vendor" value="Oracle Corporation"/>
    <property name="java.vm.version" value="19.0.1+10-21"/>
    <property name="sun.io.unicode.encoding" value="UnicodeLittle"/>
    <property name="java.class.version" value="63.0"/>
    <property name="webdriver.http.factory" value="jdk-http-client"/>
  </properties>
  <testcase name="MCActivewithRevenue" classname="XGLT_6685_Test" time="274.252">
    <system-out><![CDATA[Archive created successfully.
FileNotFoundException occurred: screenshots (The system cannot find the file specified)
Archive created successfully.
Test Suite started!
2023-12-20 22:02:11,252 [main] INFO  base.BaseClass - Login to XGL
2023-12-20 22:02:11,253 [main] INFO  XGLT_6685_Test - Setting up browser
2023-12-20 22:02:11,589 [main] INFO  io.github.bonigarcia.wdm.WebDriverManager - Using chromedriver 120.0.6099.109 (resolved driver for Chrome 120)
2023-12-20 22:02:11,629 [main] INFO  io.github.bonigarcia.wdm.WebDriverManager - Exporting webdriver.chrome.driver as C:\Users\dP-PL\.cache\selenium\chromedriver\win64\120.0.6099.109\chromedriver.exe
2023-12-20 22:02:13,080 [main] INFO  base.BaseClass - Before navigating to {url}
2023-12-20 22:02:22,836 [main] INFO  base.BaseClass - Navigated to {url}
2023-12-20 22:02:23,232 [main] INFO  base.BaseClass - Trying to find Element By {by.toString()})
2023-12-20 22:02:23,250 [main] INFO  base.BaseClass - Found Element By {by.toString()}
2023-12-20 22:02:23,305 [main] INFO  base.BaseClass - Trying to find Element By {by.toString()})
2023-12-20 22:02:23,319 [main] INFO  base.BaseClass - Found Element By {by.toString()}
2023-12-20 22:02:23,380 [main] INFO  base.BaseClass - Trying to find Element By {by.toString()})
2023-12-20 22:02:23,393 [main] INFO  base.BaseClass - Found Element By {by.toString()}
2023-12-20 22:02:23,395 [main] INFO  base.BaseClass - Trying to click on: {element.toString()}
2023-12-20 22:02:23,431 [main] INFO  base.BaseClass - Clicked on: {element.toString()}
2023-12-20 22:02:23,434 [main] INFO  base.BaseClass - Trying to find Element By {by.toString()})
2023-12-20 22:02:25,076 [main] INFO  base.BaseClass - Found Element By {by.toString()}
2023-12-20 22:02:25,119 [main] INFO  base.BaseClass - Trying to find Element By {by.toString()})
NoSuchElementException occurred: no such element: Unable to locate element: {"method":"xpath","selector":"//div[@class='modal-content']/div/i[contains(@class,'close')]"}
  (Session info: chrome=120.0.6099.72)
For documentation on this error, please visit: https://www.seleniumhq.org/exceptions/no_such_element.html
Build info: version: '3.141.59', revision: 'e82be7d358', time: '2018-11-14T08:17:03'
System info: host: 'DPLAP166', ip: '137.237.3.197', os.name: 'Windows 10', os.arch: 'amd64', os.version: '10.0', java.version: '19.0.1'
Driver info: org.openqa.selenium.chrome.ChromeDriver
Capabilities {acceptInsecureCerts: true, browserName: chrome, browserVersion: 120.0.6099.72, chrome: {chromedriverVersion: 120.0.6099.109 (3419140ab66..., userDataDir: C:\Users\dP-PL\AppData\Loca...}, fedcm:accounts: true, goog:chromeOptions: {debuggerAddress: localhost:60862}, javascriptEnabled: true, networkConnectionEnabled: false, pageLoadStrategy: normal, platform: WINDOWS, platformName: WINDOWS, proxy: Proxy(), setWindowRect: true, strictFileInteractability: false, timeouts: {implicit: 0, pageLoad: 300000, script: 30000}, unhandledPromptBehavior: dismiss and notify, webauthn:extension:credBlob: true, webauthn:extension:largeBlob: true, webauthn:extension:minPinLength: true, webauthn:extension:prf: true, webauthn:virtualAuthenticators: true}
Session ID: b42297d292bc21c8e7aac60c7f16148b
*** Element info: {Using=xpath, value=//div[@class='modal-content']/div/i[contains(@class,'close')]}
Before method Test name: Maintainance Tests
MCActivewithRevenue started!
2023-12-20 22:03:15,272 [main] INFO  base.BaseClass - Trying to find Element By {by.toString()})
2023-12-20 22:03:15,297 [main] INFO  base.BaseClass - Found Element By {by.toString()}
2023-12-20 22:03:15,851 [main] INFO  base.BaseClass - Trying to find Element By {by.toString()})
2023-12-20 22:03:15,876 [main] INFO  base.BaseClass - Found Element By {by.toString()}
2023-12-20 22:03:16,433 [main] INFO  base.BaseClass - Trying to find Element By {by.toString()})
2023-12-20 22:03:16,458 [main] INFO  base.BaseClass - Found Element By {by.toString()}
2023-12-20 22:03:17,000 [main] INFO  base.BaseClass - Trying to find Element By {by.toString()})
2023-12-20 22:03:17,016 [main] INFO  base.BaseClass - Found Element By {by.toString()}
2023-12-20 22:03:17,548 [main] INFO  base.BaseClass - Trying to find Element By {by.toString()})
2023-12-20 22:03:17,574 [main] INFO  base.BaseClass - Found Element By {by.toString()}
2023-12-20 22:03:18,113 [main] INFO  base.BaseClass - Trying to find Element By {by.toString()})
2023-12-20 22:03:18,138 [main] INFO  base.BaseClass - Found Element By {by.toString()}
2023-12-20 22:03:18,709 [main] INFO  base.BaseClass - Trying to find Element By {by.toString()})
2023-12-20 22:03:18,736 [main] INFO  base.BaseClass - Found Element By {by.toString()}
2023-12-20 22:03:19,276 [main] INFO  base.BaseClass - Trying to find Element By {by.toString()})
2023-12-20 22:03:19,300 [main] INFO  base.BaseClass - Found Element By {by.toString()}
2023-12-20 22:03:19,844 [main] INFO  base.BaseClass - Trying to find Element By {by.toString()})
2023-12-20 22:03:19,866 [main] INFO  base.BaseClass - Found Element By {by.toString()}
2023-12-20 22:03:20,406 [main] INFO  base.BaseClass - Trying to find Element By {by.toString()})
2023-12-20 22:03:20,432 [main] INFO  base.BaseClass - Found Element By {by.toString()}
2023-12-20 22:03:20,974 [main] INFO  base.BaseClass - Trying to find Element By {by.toString()})
2023-12-20 22:03:20,999 [main] INFO  base.BaseClass - Found Element By {by.toString()}
2023-12-20 22:03:21,540 [main] INFO  base.BaseClass - Trying to find Element By {by.toString()})
2023-12-20 22:03:21,568 [main] INFO  base.BaseClass - Found Element By {by.toString()}
2023-12-20 22:03:22,107 [main] INFO  base.BaseClass - Trying to find Element By {by.toString()})
2023-12-20 22:03:22,122 [main] INFO  base.BaseClass - Found Element By {by.toString()}
2023-12-20 22:03:22,641 [main] INFO  base.BaseClass - Trying to find Element By {by.toString()})
2023-12-20 22:03:22,670 [main] INFO  base.BaseClass - Found Element By {by.toString()}
2023-12-20 22:03:23,239 [main] INFO  base.BaseClass - Trying to find Element By {by.toString()})
2023-12-20 22:03:23,265 [main] INFO  base.BaseClass - Found Element By {by.toString()}
2023-12-20 22:03:23,802 [main] INFO  base.BaseClass - Trying to find Element By {by.toString()})
2023-12-20 22:03:23,829 [main] INFO  base.BaseClass - Found Element By {by.toString()}
2023-12-20 22:03:24,369 [main] INFO  base.BaseClass - Trying to find Element By {by.toString()})
2023-12-20 22:03:24,393 [main] INFO  base.BaseClass - Found Element By {by.toString()}
2023-12-20 22:03:24,932 [main] INFO  base.BaseClass - Trying to find Element By {by.toString()})
2023-12-20 22:03:24,961 [main] INFO  base.BaseClass - Found Element By {by.toString()}
2023-12-20 22:03:25,529 [main] INFO  base.BaseClass - Trying to find Element By {by.toString()})
2023-12-20 22:03:25,558 [main] INFO  base.BaseClass - Found Element By {by.toString()}
2023-12-20 22:03:26,108 [main] INFO  base.BaseClass - Trying to find Element By {by.toString()})
2023-12-20 22:03:26,136 [main] INFO  base.BaseClass - Found Element By {by.toString()}
2023-12-20 22:03:26,685 [main] INFO  base.BaseClass - Trying to find Element By {by.toString()})
2023-12-20 22:03:26,715 [main] INFO  base.BaseClass - Found Element By {by.toString()}
2023-12-20 22:03:27,265 [main] INFO  base.BaseClass - Trying to find Element By {by.toString()})
2023-12-20 22:03:27,291 [main] INFO  base.BaseClass - Found Element By {by.toString()}
2023-12-20 22:03:27,833 [main] INFO  base.BaseClass - Trying to find Element By {by.toString()})
2023-12-20 22:03:27,860 [main] INFO  base.BaseClass - Found Element By {by.toString()}
2023-12-20 22:03:28,402 [main] INFO  base.BaseClass - Trying to find Element By {by.toString()})
2023-12-20 22:03:28,431 [main] INFO  base.BaseClass - Found Element By {by.toString()}
2023-12-20 22:03:28,993 [main] INFO  base.BaseClass - Trying to find Element By {by.toString()})
2023-12-20 22:03:29,023 [main] INFO  base.BaseClass - Found Element By {by.toString()}
2023-12-20 22:03:29,568 [main] INFO  base.BaseClass - Trying to find Element By {by.toString()})
2023-12-20 22:03:29,596 [main] INFO  base.BaseClass - Found Element By {by.toString()}
2023-12-20 22:03:30,144 [main] INFO  base.BaseClass - Trying to find Element By {by.toString()})
2023-12-20 22:03:30,173 [main] INFO  base.BaseClass - Found Element By {by.toString()}
2023-12-20 22:03:30,722 [main] INFO  base.BaseClass - Trying to find Element By {by.toString()})
2023-12-20 22:03:30,750 [main] INFO  base.BaseClass - Found Element By {by.toString()}
2023-12-20 22:03:31,304 [main] INFO  base.BaseClass - Trying to find Element By {by.toString()})
2023-12-20 22:03:31,316 [main] INFO  base.BaseClass - Found Element By {by.toString()}
2023-12-20 22:03:31,854 [main] INFO  base.BaseClass - Trying to find Element By {by.toString()})
2023-12-20 22:03:31,883 [main] INFO  base.BaseClass - Found Element By {by.toString()}
2023-12-20 22:03:32,428 [main] INFO  base.BaseClass - Trying to find Element By {by.toString()})
2023-12-20 22:03:32,456 [main] INFO  base.BaseClass - Found Element By {by.toString()}
2023-12-20 22:03:33,008 [main] INFO  base.BaseClass - Trying to find Element By {by.toString()})
2023-12-20 22:03:33,029 [main] INFO  base.BaseClass - Found Element By {by.toString()}
2023-12-20 22:03:33,557 [main] INFO  base.BaseClass - Trying to find Element By {by.toString()})
2023-12-20 22:03:33,581 [main] INFO  base.BaseClass - Found Element By {by.toString()}
2023-12-20 22:03:34,126 [main] INFO  base.BaseClass - Trying to find Element By {by.toString()})
2023-12-20 22:03:34,150 [main] INFO  base.BaseClass - Found Element By {by.toString()}
2023-12-20 22:03:34,688 [main] INFO  base.BaseClass - Trying to find Element By {by.toString()})
2023-12-20 22:03:34,714 [main] INFO  base.BaseClass - Found Element By {by.toString()}
2023-12-20 22:03:35,256 [main] INFO  base.BaseClass - Trying to find Element By {by.toString()})
2023-12-20 22:03:35,283 [main] INFO  base.BaseClass - Found Element By {by.toString()}
2023-12-20 22:03:35,837 [main] INFO  base.BaseClass - Trying to find Element By {by.toString()})
2023-12-20 22:03:35,863 [main] INFO  base.BaseClass - Found Element By {by.toString()}
2023-12-20 22:03:36,400 [main] INFO  base.BaseClass - Trying to find Element By {by.toString()})
2023-12-20 22:03:36,427 [main] INFO  base.BaseClass - Found Element By {by.toString()}
2023-12-20 22:03:36,981 [main] INFO  base.BaseClass - Trying to find Element By {by.toString()})
2023-12-20 22:03:37,005 [main] INFO  base.BaseClass - Found Element By {by.toString()}
2023-12-20 22:03:37,544 [main] INFO  base.BaseClass - Trying to find Element By {by.toString()})
2023-12-20 22:03:37,566 [main] INFO  base.BaseClass - Found Element By {by.toString()}
2023-12-20 22:03:38,095 [main] INFO  base.BaseClass - Trying to find Element By {by.toString()})
2023-12-20 22:03:38,123 [main] INFO  base.BaseClass - Found Element By {by.toString()}
2023-12-20 22:03:38,646 [main] INFO  base.BaseClass - Trying to find Element By {by.toString()})
2023-12-20 22:03:38,672 [main] INFO  base.BaseClass - Found Element By {by.toString()}
2023-12-20 22:03:39,210 [main] INFO  base.BaseClass - Trying to find Element By {by.toString()})
2023-12-20 22:03:39,236 [main] INFO  base.BaseClass - Found Element By {by.toString()}
2023-12-20 22:03:39,776 [main] INFO  base.BaseClass - Trying to find Element By {by.toString()})
2023-12-20 22:03:39,803 [main] INFO  base.BaseClass - Found Element By {by.toString()}
2023-12-20 22:03:40,342 [main] INFO  base.BaseClass - Trying to find Element By {by.toString()})
2023-12-20 22:03:40,366 [main] INFO  base.BaseClass - Found Element By {by.toString()}
2023-12-20 22:03:40,889 [main] INFO  base.BaseClass - Trying to find Element By {by.toString()})
2023-12-20 22:03:40,916 [main] INFO  base.BaseClass - Found Element By {by.toString()}
2023-12-20 22:03:41,455 [main] INFO  base.BaseClass - Trying to find Element By {by.toString()})
2023-12-20 22:03:41,479 [main] INFO  base.BaseClass - Found Element By {by.toString()}
2023-12-20 22:03:42,019 [main] INFO  base.BaseClass - Trying to find Element By {by.toString()})
2023-12-20 22:03:42,045 [main] INFO  base.BaseClass - Found Element By {by.toString()}
2023-12-20 22:03:42,586 [main] INFO  base.BaseClass - Trying to find Element By {by.toString()})
2023-12-20 22:03:42,605 [main] INFO  base.BaseClass - Found Element By {by.toString()}
2023-12-20 22:03:43,137 [main] INFO  base.BaseClass - Trying to find Element By {by.toString()})
2023-12-20 22:03:43,162 [main] INFO  base.BaseClass - Found Element By {by.toString()}
2023-12-20 22:03:43,704 [main] INFO  base.BaseClass - Trying to find Element By {by.toString()})
2023-12-20 22:03:43,728 [main] INFO  base.BaseClass - Found Element By {by.toString()}
2023-12-20 22:03:44,269 [main] INFO  base.BaseClass - Trying to find Element By {by.toString()})
2023-12-20 22:03:44,295 [main] INFO  base.BaseClass - Found Element By {by.toString()}
2023-12-20 22:03:44,836 [main] INFO  base.BaseClass - Trying to find Element By {by.toString()})
2023-12-20 22:03:44,862 [main] INFO  base.BaseClass - Found Element By {by.toString()}
2023-12-20 22:03:45,401 [main] INFO  base.BaseClass - Trying to find Element By {by.toString()})
2023-12-20 22:03:45,424 [main] INFO  base.BaseClass - Found Element By {by.toString()}
TimeoutException occurred: Expected condition failed: waiting for helper.WaitUtility$5@31973858 (tried for 30 second(s) with 500 milliseconds interval)
Build info: version: '3.141.59', revision: 'e82be7d358', time: '2018-11-14T08:17:03'
System info: host: 'DPLAP166', ip: '137.237.3.197', os.name: 'Windows 10', os.arch: 'amd64', os.version: '10.0', java.version: '19.0.1'
Driver info: org.openqa.selenium.support.events.EventFiringWebDriver
Capabilities {acceptInsecureCerts: true, browserName: chrome, browserVersion: 120.0.6099.72, chrome: {chromedriverVersion: 120.0.6099.109 (3419140ab66..., userDataDir: C:\Users\dP-PL\AppData\Loca...}, fedcm:accounts: true, goog:chromeOptions: {debuggerAddress: localhost:60862}, javascriptEnabled: true, networkConnectionEnabled: false, pageLoadStrategy: normal, platform: WINDOWS, platformName: WINDOWS, proxy: Proxy(), setWindowRect: true, strictFileInteractability: false, timeouts: {implicit: 0, pageLoad: 300000, script: 30000}, unhandledPromptBehavior: dismiss and notify, webauthn:extension:credBlob: true, webauthn:extension:largeBlob: true, webauthn:extension:minPinLength: true, webauthn:extension:prf: true, webauthn:virtualAuthenticators: true}
Session ID: b42297d292bc21c8e7aac60c7f16148b
2023-12-20 22:03:45,458 [main] ERROR XGLT_6685_Test - Element did not become visible within the specified time: Expected condition failed: waiting for helper.WaitUtility$5@31973858 (tried for 30 second(s) with 500 milliseconds interval)
Build info: version: '3.141.59', revision: 'e82be7d358', time: '2018-11-14T08:17:03'
System info: host: 'DPLAP166', ip: '137.237.3.197', os.name: 'Windows 10', os.arch: 'amd64', os.version: '10.0', java.version: '19.0.1'
Driver info: org.openqa.selenium.support.events.EventFiringWebDriver
Capabilities {acceptInsecureCerts: true, browserName: chrome, browserVersion: 120.0.6099.72, chrome: {chromedriverVersion: 120.0.6099.109 (3419140ab66..., userDataDir: C:\Users\dP-PL\AppData\Loca...}, fedcm:accounts: true, goog:chromeOptions: {debuggerAddress: localhost:60862}, javascriptEnabled: true, networkConnectionEnabled: false, pageLoadStrategy: normal, platform: WINDOWS, platformName: WINDOWS, proxy: Proxy(), setWindowRect: true, strictFileInteractability: false, timeouts: {implicit: 0, pageLoad: 300000, script: 30000}, unhandledPromptBehavior: dismiss and notify, webauthn:extension:credBlob: true, webauthn:extension:largeBlob: true, webauthn:extension:minPinLength: true, webauthn:extension:prf: true, webauthn:virtualAuthenticators: true}
Session ID: b42297d292bc21c8e7aac60c7f16148b
2023-12-20 22:03:45,459 [main] INFO  base.BaseClass - Trying to find Element By {by.toString()})
2023-12-20 22:03:45,482 [main] INFO  base.BaseClass - Found Element By {by.toString()}
MC value is 789
2023-12-20 22:03:45,523 [main] INFO  base.BaseClass - Trying to find Element By {by.toString()})
2023-12-20 22:03:45,551 [main] INFO  base.BaseClass - Found Element By {by.toString()}
2023-12-20 22:03:46,091 [main] INFO  base.BaseClass - Trying to find Element By {by.toString()})
2023-12-20 22:03:46,116 [main] INFO  base.BaseClass - Found Element By {by.toString()}
2023-12-20 22:03:46,657 [main] INFO  base.BaseClass - Trying to find Element By {by.toString()})
2023-12-20 22:03:46,681 [main] INFO  base.BaseClass - Found Element By {by.toString()}
2023-12-20 22:03:47,223 [main] INFO  base.BaseClass - Trying to find Element By {by.toString()})
2023-12-20 22:03:47,252 [main] INFO  base.BaseClass - Found Element By {by.toString()}
2023-12-20 22:03:47,789 [main] INFO  base.BaseClass - Trying to find Element By {by.toString()})
2023-12-20 22:03:47,812 [main] INFO  base.BaseClass - Found Element By {by.toString()}
2023-12-20 22:03:48,355 [main] INFO  base.BaseClass - Trying to find Element By {by.toString()})
2023-12-20 22:03:48,382 [main] INFO  base.BaseClass - Found Element By {by.toString()}
2023-12-20 22:03:48,921 [main] INFO  base.BaseClass - Trying to find Element By {by.toString()})
2023-12-20 22:03:48,945 [main] INFO  base.BaseClass - Found Element By {by.toString()}
2023-12-20 22:03:49,485 [main] INFO  base.BaseClass - Trying to find Element By {by.toString()})
2023-12-20 22:03:49,508 [main] INFO  base.BaseClass - Found Element By {by.toString()}
2023-12-20 22:03:50,049 [main] INFO  base.BaseClass - Trying to find Element By {by.toString()})
2023-12-20 22:03:50,073 [main] INFO  base.BaseClass - Found Element By {by.toString()}
2023-12-20 22:03:50,618 [main] INFO  base.BaseClass - Trying to find Element By {by.toString()})
2023-12-20 22:03:50,637 [main] INFO  base.BaseClass - Found Element By {by.toString()}
2023-12-20 22:03:51,167 [main] INFO  base.BaseClass - Trying to find Element By {by.toString()})
2023-12-20 22:03:51,190 [main] INFO  base.BaseClass - Found Element By {by.toString()}
2023-12-20 22:03:51,733 [main] INFO  base.BaseClass - Trying to find Element By {by.toString()})
2023-12-20 22:03:51,757 [main] INFO  base.BaseClass - Found Element By {by.toString()}
2023-12-20 22:03:52,301 [main] INFO  base.BaseClass - Trying to find Element By {by.toString()})
2023-12-20 22:03:52,327 [main] INFO  base.BaseClass - Found Element By {by.toString()}
2023-12-20 22:03:52,869 [main] INFO  base.BaseClass - Trying to find Element By {by.toString()})
2023-12-20 22:03:52,887 [main] INFO  base.BaseClass - Found Element By {by.toString()}
2023-12-20 22:03:53,420 [main] INFO  base.BaseClass - Trying to find Element By {by.toString()})
2023-12-20 22:03:53,446 [main] INFO  base.BaseClass - Found Element By {by.toString()}
2023-12-20 22:03:53,988 [main] INFO  base.BaseClass - Trying to find Element By {by.toString()})
2023-12-20 22:03:54,012 [main] INFO  base.BaseClass - Found Element By {by.toString()}
2023-12-20 22:03:54,543 [main] INFO  base.BaseClass - Trying to find Element By {by.toString()})
2023-12-20 22:03:54,569 [main] INFO  base.BaseClass - Found Element By {by.toString()}
2023-12-20 22:03:55,121 [main] INFO  base.BaseClass - Trying to find Element By {by.toString()})
2023-12-20 22:03:55,158 [main] INFO  base.BaseClass - Found Element By {by.toString()}
2023-12-20 22:03:55,686 [main] INFO  base.BaseClass - Trying to find Element By {by.toString()})
2023-12-20 22:03:55,711 [main] INFO  base.BaseClass - Found Element By {by.toString()}
2023-12-20 22:03:56,251 [main] INFO  base.BaseClass - Trying to find Element By {by.toString()})
2023-12-20 22:03:56,272 [main] INFO  base.BaseClass - Found Element By {by.toString()}
2023-12-20 22:03:56,801 [main] INFO  base.BaseClass - Trying to find Element By {by.toString()})
2023-12-20 22:03:56,823 [main] INFO  base.BaseClass - Found Element By {by.toString()}
2023-12-20 22:03:57,368 [main] INFO  base.BaseClass - Trying to find Element By {by.toString()})
2023-12-20 22:03:57,394 [main] INFO  base.BaseClass - Found Element By {by.toString()}
2023-12-20 22:03:57,935 [main] INFO  base.BaseClass - Trying to find Element By {by.toString()})
2023-12-20 22:03:57,959 [main] INFO  base.BaseClass - Found Element By {by.toString()}
2023-12-20 22:03:58,499 [main] INFO  base.BaseClass - Trying to find Element By {by.toString()})
2023-12-20 22:03:58,522 [main] INFO  base.BaseClass - Found Element By {by.toString()}
2023-12-20 22:03:59,066 [main] INFO  base.BaseClass - Trying to find Element By {by.toString()})
2023-12-20 22:03:59,091 [main] INFO  base.BaseClass - Found Element By {by.toString()}
2023-12-20 22:03:59,633 [main] INFO  base.BaseClass - Trying to find Element By {by.toString()})
2023-12-20 22:03:59,654 [main] INFO  base.BaseClass - Found Element By {by.toString()}
2023-12-20 22:04:00,198 [main] INFO  base.BaseClass - Trying to find Element By {by.toString()})
2023-12-20 22:04:00,221 [main] INFO  base.BaseClass - Found Element By {by.toString()}
2023-12-20 22:04:00,761 [main] INFO  base.BaseClass - Trying to find Element By {by.toString()})
2023-12-20 22:04:00,784 [main] INFO  base.BaseClass - Found Element By {by.toString()}
2023-12-20 22:04:01,327 [main] INFO  base.BaseClass - Trying to find Element By {by.toString()})
2023-12-20 22:04:01,348 [main] INFO  base.BaseClass - Found Element By {by.toString()}
2023-12-20 22:04:01,892 [main] INFO  base.BaseClass - Trying to find Element By {by.toString()})
2023-12-20 22:04:01,910 [main] INFO  base.BaseClass - Found Element By {by.toString()}
2023-12-20 22:04:02,447 [main] INFO  base.BaseClass - Trying to find Element By {by.toString()})
2023-12-20 22:04:02,472 [main] INFO  base.BaseClass - Found Element By {by.toString()}
2023-12-20 22:04:03,013 [main] INFO  base.BaseClass - Trying to find Element By {by.toString()})
2023-12-20 22:04:03,040 [main] INFO  base.BaseClass - Found Element By {by.toString()}
2023-12-20 22:04:03,589 [main] INFO  base.BaseClass - Trying to find Element By {by.toString()})
2023-12-20 22:04:03,608 [main] INFO  base.BaseClass - Found Element By {by.toString()}
2023-12-20 22:04:04,140 [main] INFO  base.BaseClass - Trying to find Element By {by.toString()})
2023-12-20 22:04:04,164 [main] INFO  base.BaseClass - Found Element By {by.toString()}
2023-12-20 22:04:04,704 [main] INFO  base.BaseClass - Trying to find Element By {by.toString()})
2023-12-20 22:04:04,724 [main] INFO  base.BaseClass - Found Element By {by.toString()}
2023-12-20 22:04:05,268 [main] INFO  base.BaseClass - Trying to find Element By {by.toString()})
2023-12-20 22:04:05,290 [main] INFO  base.BaseClass - Found Element By {by.toString()}
2023-12-20 22:04:05,823 [main] INFO  base.BaseClass - Trying to find Element By {by.toString()})
2023-12-20 22:04:05,847 [main] INFO  base.BaseClass - Found Element By {by.toString()}
2023-12-20 22:04:06,388 [main] INFO  base.BaseClass - Trying to find Element By {by.toString()})
2023-12-20 22:04:06,414 [main] INFO  base.BaseClass - Found Element By {by.toString()}
2023-12-20 22:04:06,937 [main] INFO  base.BaseClass - Trying to find Element By {by.toString()})
2023-12-20 22:04:06,963 [main] INFO  base.BaseClass - Found Element By {by.toString()}
2023-12-20 22:04:07,487 [main] INFO  base.BaseClass - Trying to find Element By {by.toString()})
2023-12-20 22:04:07,512 [main] INFO  base.BaseClass - Found Element By {by.toString()}
2023-12-20 22:04:08,052 [main] INFO  base.BaseClass - Trying to find Element By {by.toString()})
2023-12-20 22:04:08,077 [main] INFO  base.BaseClass - Found Element By {by.toString()}
2023-12-20 22:04:08,606 [main] INFO  base.BaseClass - Trying to find Element By {by.toString()})
2023-12-20 22:04:08,632 [main] INFO  base.BaseClass - Found Element By {by.toString()}
2023-12-20 22:04:09,163 [main] INFO  base.BaseClass - Trying to find Element By {by.toString()})
2023-12-20 22:04:09,187 [main] INFO  base.BaseClass - Found Element By {by.toString()}
2023-12-20 22:04:09,726 [main] INFO  base.BaseClass - Trying to find Element By {by.toString()})
2023-12-20 22:04:09,750 [main] INFO  base.BaseClass - Found Element By {by.toString()}
2023-12-20 22:04:10,292 [main] INFO  base.BaseClass - Trying to find Element By {by.toString()})
2023-12-20 22:04:10,316 [main] INFO  base.BaseClass - Found Element By {by.toString()}
2023-12-20 22:04:10,858 [main] INFO  base.BaseClass - Trying to find Element By {by.toString()})
2023-12-20 22:04:10,882 [main] INFO  base.BaseClass - Found Element By {by.toString()}
2023-12-20 22:04:11,421 [main] INFO  base.BaseClass - Trying to find Element By {by.toString()})
2023-12-20 22:04:11,446 [main] INFO  base.BaseClass - Found Element By {by.toString()}
2023-12-20 22:04:11,987 [main] INFO  base.BaseClass - Trying to find Element By {by.toString()})
2023-12-20 22:04:12,010 [main] INFO  base.BaseClass - Found Element By {by.toString()}
2023-12-20 22:04:12,549 [main] INFO  base.BaseClass - Trying to find Element By {by.toString()})
2023-12-20 22:04:12,560 [main] INFO  base.BaseClass - Found Element By {by.toString()}
2023-12-20 22:04:13,085 [main] INFO  base.BaseClass - Trying to find Element By {by.toString()})
2023-12-20 22:04:13,106 [main] INFO  base.BaseClass - Found Element By {by.toString()}
2023-12-20 22:04:13,649 [main] INFO  base.BaseClass - Trying to find Element By {by.toString()})
2023-12-20 22:04:13,671 [main] INFO  base.BaseClass - Found Element By {by.toString()}
2023-12-20 22:04:14,214 [main] INFO  base.BaseClass - Trying to find Element By {by.toString()})
2023-12-20 22:04:14,240 [main] INFO  base.BaseClass - Found Element By {by.toString()}
2023-12-20 22:04:14,786 [main] INFO  base.BaseClass - Trying to find Element By {by.toString()})
2023-12-20 22:04:14,809 [main] INFO  base.BaseClass - Found Element By {by.toString()}
2023-12-20 22:04:15,337 [main] INFO  base.BaseClass - Trying to find Element By {by.toString()})
2023-12-20 22:04:15,347 [main] INFO  base.BaseClass - Found Element By {by.toString()}
2023-12-20 22:04:15,869 [main] INFO  base.BaseClass - Trying to find Element By {by.toString()})
2023-12-20 22:04:15,880 [main] INFO  base.BaseClass - Found Element By {by.toString()}
TimeoutException occurred: Expected condition failed: waiting for helper.WaitUtility$5@6380e9e9 (tried for 30 second(s) with 500 milliseconds interval)
Build info: version: '3.141.59', revision: 'e82be7d358', time: '2018-11-14T08:17:03'
System info: host: 'DPLAP166', ip: '137.237.3.197', os.name: 'Windows 10', os.arch: 'amd64', os.version: '10.0', java.version: '19.0.1'
Driver info: org.openqa.selenium.support.events.EventFiringWebDriver
Capabilities {acceptInsecureCerts: true, browserName: chrome, browserVersion: 120.0.6099.72, chrome: {chromedriverVersion: 120.0.6099.109 (3419140ab66..., userDataDir: C:\Users\dP-PL\AppData\Loca...}, fedcm:accounts: true, goog:chromeOptions: {debuggerAddress: localhost:60862}, javascriptEnabled: true, networkConnectionEnabled: false, pageLoadStrategy: normal, platform: WINDOWS, platformName: WINDOWS, proxy: Proxy(), setWindowRect: true, strictFileInteractability: false, timeouts: {implicit: 0, pageLoad: 300000, script: 30000}, unhandledPromptBehavior: dismiss and notify, webauthn:extension:credBlob: true, webauthn:extension:largeBlob: true, webauthn:extension:minPinLength: true, webauthn:extension:prf: true, webauthn:virtualAuthenticators: true}
Session ID: b42297d292bc21c8e7aac60c7f16148b
2023-12-20 22:04:15,896 [main] ERROR XGLT_6685_Test - Element did not become visible within the specified time: Expected condition failed: waiting for helper.WaitUtility$5@6380e9e9 (tried for 30 second(s) with 500 milliseconds interval)
Build info: version: '3.141.59', revision: 'e82be7d358', time: '2018-11-14T08:17:03'
System info: host: 'DPLAP166', ip: '137.237.3.197', os.name: 'Windows 10', os.arch: 'amd64', os.version: '10.0', java.version: '19.0.1'
Driver info: org.openqa.selenium.support.events.EventFiringWebDriver
Capabilities {acceptInsecureCerts: true, browserName: chrome, browserVersion: 120.0.6099.72, chrome: {chromedriverVersion: 120.0.6099.109 (3419140ab66..., userDataDir: C:\Users\dP-PL\AppData\Loca...}, fedcm:accounts: true, goog:chromeOptions: {debuggerAddress: localhost:60862}, javascriptEnabled: true, networkConnectionEnabled: false, pageLoadStrategy: normal, platform: WINDOWS, platformName: WINDOWS, proxy: Proxy(), setWindowRect: true, strictFileInteractability: false, timeouts: {implicit: 0, pageLoad: 300000, script: 30000}, unhandledPromptBehavior: dismiss and notify, webauthn:extension:credBlob: true, webauthn:extension:largeBlob: true, webauthn:extension:minPinLength: true, webauthn:extension:prf: true, webauthn:virtualAuthenticators: true}
Session ID: b42297d292bc21c8e7aac60c7f16148b
2023-12-20 22:04:15,896 [main] INFO  base.BaseClass - Trying to find Element By {by.toString()})
2023-12-20 22:04:15,907 [main] INFO  base.BaseClass - Found Element By {by.toString()}
2023-12-20 22:04:15,907 [main] INFO  base.BaseClass - Trying to click on: {element.toString()}
2023-12-20 22:04:16,112 [main] INFO  base.BaseClass - Clicked on: {element.toString()}
2023-12-20 22:04:16,112 [main] INFO  base.BaseClass - Trying to find Element By {by.toString()})
2023-12-20 22:04:17,336 [main] INFO  base.BaseClass - Found Element By {by.toString()}
2023-12-20 22:04:17,854 [main] INFO  base.BaseClass - Trying to find Element By {by.toString()})
2023-12-20 22:04:17,888 [main] INFO  base.BaseClass - Found Element By {by.toString()}
2023-12-20 22:04:18,423 [main] INFO  base.BaseClass - Trying to find Element By {by.toString()})
2023-12-20 22:04:18,455 [main] INFO  base.BaseClass - Found Element By {by.toString()}
2023-12-20 22:04:19,000 [main] INFO  base.BaseClass - Trying to find Element By {by.toString()})
2023-12-20 22:04:19,022 [main] INFO  base.BaseClass - Found Element By {by.toString()}
2023-12-20 22:04:19,561 [main] INFO  base.BaseClass - Trying to find Element By {by.toString()})
2023-12-20 22:04:19,592 [main] INFO  base.BaseClass - Found Element By {by.toString()}
2023-12-20 22:04:20,142 [main] INFO  base.BaseClass - Trying to find Element By {by.toString()})
2023-12-20 22:04:20,172 [main] INFO  base.BaseClass - Found Element By {by.toString()}
2023-12-20 22:04:20,713 [main] INFO  base.BaseClass - Trying to find Element By {by.toString()})
2023-12-20 22:04:20,745 [main] INFO  base.BaseClass - Found Element By {by.toString()}
2023-12-20 22:04:21,285 [main] INFO  base.BaseClass - Trying to find Element By {by.toString()})
2023-12-20 22:04:21,337 [main] INFO  base.BaseClass - Found Element By {by.toString()}
2023-12-20 22:04:21,864 [main] INFO  base.BaseClass - Trying to find Element By {by.toString()})
2023-12-20 22:04:21,892 [main] INFO  base.BaseClass - Found Element By {by.toString()}
2023-12-20 22:04:22,436 [main] INFO  base.BaseClass - Trying to find Element By {by.toString()})
2023-12-20 22:04:22,472 [main] INFO  base.BaseClass - Found Element By {by.toString()}
2023-12-20 22:04:23,006 [main] INFO  base.BaseClass - Trying to find Element By {by.toString()})
2023-12-20 22:04:23,035 [main] INFO  base.BaseClass - Found Element By {by.toString()}
2023-12-20 22:04:23,591 [main] INFO  base.BaseClass - Trying to find Element By {by.toString()})
2023-12-20 22:04:23,616 [main] INFO  base.BaseClass - Found Element By {by.toString()}
2023-12-20 22:04:24,154 [main] INFO  base.BaseClass - Trying to find Element By {by.toString()})
2023-12-20 22:04:24,184 [main] INFO  base.BaseClass - Found Element By {by.toString()}
2023-12-20 22:04:24,725 [main] INFO  base.BaseClass - Trying to find Element By {by.toString()})
2023-12-20 22:04:24,753 [main] INFO  base.BaseClass - Found Element By {by.toString()}
2023-12-20 22:04:25,303 [main] INFO  base.BaseClass - Trying to find Element By {by.toString()})
2023-12-20 22:04:25,331 [main] INFO  base.BaseClass - Found Element By {by.toString()}
2023-12-20 22:04:25,880 [main] INFO  base.BaseClass - Trying to find Element By {by.toString()})
2023-12-20 22:04:25,910 [main] INFO  base.BaseClass - Found Element By {by.toString()}
2023-12-20 22:04:26,459 [main] INFO  base.BaseClass - Trying to find Element By {by.toString()})
2023-12-20 22:04:26,487 [main] INFO  base.BaseClass - Found Element By {by.toString()}
2023-12-20 22:04:27,027 [main] INFO  base.BaseClass - Trying to find Element By {by.toString()})
2023-12-20 22:04:27,052 [main] INFO  base.BaseClass - Found Element By {by.toString()}
2023-12-20 22:04:27,592 [main] INFO  base.BaseClass - Trying to find Element By {by.toString()})
2023-12-20 22:04:27,603 [main] INFO  base.BaseClass - Found Element By {by.toString()}
2023-12-20 22:04:28,124 [main] INFO  base.BaseClass - Trying to find Element By {by.toString()})
2023-12-20 22:04:28,154 [main] INFO  base.BaseClass - Found Element By {by.toString()}
2023-12-20 22:04:28,705 [main] INFO  base.BaseClass - Trying to find Element By {by.toString()})
2023-12-20 22:04:28,737 [main] INFO  base.BaseClass - Found Element By {by.toString()}
2023-12-20 22:04:29,273 [main] INFO  base.BaseClass - Trying to find Element By {by.toString()})
2023-12-20 22:04:29,293 [main] INFO  base.BaseClass - Found Element By {by.toString()}
2023-12-20 22:04:29,837 [main] INFO  base.BaseClass - Trying to find Element By {by.toString()})
2023-12-20 22:04:29,861 [main] INFO  base.BaseClass - Found Element By {by.toString()}
2023-12-20 22:04:30,389 [main] INFO  base.BaseClass - Trying to find Element By {by.toString()})
2023-12-20 22:04:30,418 [main] INFO  base.BaseClass - Found Element By {by.toString()}
2023-12-20 22:04:30,955 [main] INFO  base.BaseClass - Trying to find Element By {by.toString()})
2023-12-20 22:04:30,982 [main] INFO  base.BaseClass - Found Element By {by.toString()}
2023-12-20 22:04:31,521 [main] INFO  base.BaseClass - Trying to find Element By {by.toString()})
2023-12-20 22:04:31,547 [main] INFO  base.BaseClass - Found Element By {by.toString()}
2023-12-20 22:04:32,085 [main] INFO  base.BaseClass - Trying to find Element By {by.toString()})
2023-12-20 22:04:32,111 [main] INFO  base.BaseClass - Found Element By {by.toString()}
2023-12-20 22:04:32,653 [main] INFO  base.BaseClass - Trying to find Element By {by.toString()})
2023-12-20 22:04:32,680 [main] INFO  base.BaseClass - Found Element By {by.toString()}
2023-12-20 22:04:33,220 [main] INFO  base.BaseClass - Trying to find Element By {by.toString()})
2023-12-20 22:04:33,243 [main] INFO  base.BaseClass - Found Element By {by.toString()}
2023-12-20 22:04:33,786 [main] INFO  base.BaseClass - Trying to find Element By {by.toString()})
2023-12-20 22:04:33,812 [main] INFO  base.BaseClass - Found Element By {by.toString()}
2023-12-20 22:04:34,349 [main] INFO  base.BaseClass - Trying to find Element By {by.toString()})
2023-12-20 22:04:34,376 [main] INFO  base.BaseClass - Found Element By {by.toString()}
2023-12-20 22:04:34,913 [main] INFO  base.BaseClass - Trying to find Element By {by.toString()})
2023-12-20 22:04:34,924 [main] INFO  base.BaseClass - Found Element By {by.toString()}
2023-12-20 22:04:35,442 [main] INFO  base.BaseClass - Trying to find Element By {by.toString()})
2023-12-20 22:04:35,452 [main] INFO  base.BaseClass - Found Element By {by.toString()}
2023-12-20 22:04:35,974 [main] INFO  base.BaseClass - Trying to find Element By {by.toString()})
2023-12-20 22:04:36,002 [main] INFO  base.BaseClass - Found Element By {by.toString()}
2023-12-20 22:04:36,553 [main] INFO  base.BaseClass - Trying to find Element By {by.toString()})
2023-12-20 22:04:36,580 [main] INFO  base.BaseClass - Found Element By {by.toString()}
2023-12-20 22:04:37,105 [main] INFO  base.BaseClass - Trying to find Element By {by.toString()})
2023-12-20 22:04:37,133 [main] INFO  base.BaseClass - Found Element By {by.toString()}
2023-12-20 22:04:37,671 [main] INFO  base.BaseClass - Trying to find Element By {by.toString()})
2023-12-20 22:04:37,695 [main] INFO  base.BaseClass - Found Element By {by.toString()}
2023-12-20 22:04:38,236 [main] INFO  base.BaseClass - Trying to find Element By {by.toString()})
2023-12-20 22:04:38,249 [main] INFO  base.BaseClass - Found Element By {by.toString()}
2023-12-20 22:04:38,770 [main] INFO  base.BaseClass - Trying to find Element By {by.toString()})
2023-12-20 22:04:38,798 [main] INFO  base.BaseClass - Found Element By {by.toString()}
2023-12-20 22:04:39,325 [main] INFO  base.BaseClass - Trying to find Element By {by.toString()})
2023-12-20 22:04:39,354 [main] INFO  base.BaseClass - Found Element By {by.toString()}
2023-12-20 22:04:39,904 [main] INFO  base.BaseClass - Trying to find Element By {by.toString()})
2023-12-20 22:04:39,934 [main] INFO  base.BaseClass - Found Element By {by.toString()}
2023-12-20 22:04:40,486 [main] INFO  base.BaseClass - Trying to find Element By {by.toString()})
2023-12-20 22:04:40,514 [main] INFO  base.BaseClass - Found Element By {by.toString()}
2023-12-20 22:04:41,051 [main] INFO  base.BaseClass - Trying to find Element By {by.toString()})
2023-12-20 22:04:41,078 [main] INFO  base.BaseClass - Found Element By {by.toString()}
2023-12-20 22:04:41,618 [main] INFO  base.BaseClass - Trying to find Element By {by.toString()})
2023-12-20 22:04:41,643 [main] INFO  base.BaseClass - Found Element By {by.toString()}
2023-12-20 22:04:42,183 [main] INFO  base.BaseClass - Trying to find Element By {by.toString()})
2023-12-20 22:04:42,210 [main] INFO  base.BaseClass - Found Element By {by.toString()}
2023-12-20 22:04:42,748 [main] INFO  base.BaseClass - Trying to find Element By {by.toString()})
2023-12-20 22:04:42,774 [main] INFO  base.BaseClass - Found Element By {by.toString()}
2023-12-20 22:04:43,311 [main] INFO  base.BaseClass - Trying to find Element By {by.toString()})
2023-12-20 22:04:43,337 [main] INFO  base.BaseClass - Found Element By {by.toString()}
2023-12-20 22:04:43,876 [main] INFO  base.BaseClass - Trying to find Element By {by.toString()})
2023-12-20 22:04:43,902 [main] INFO  base.BaseClass - Found Element By {by.toString()}
2023-12-20 22:04:44,437 [main] INFO  base.BaseClass - Trying to find Element By {by.toString()})
2023-12-20 22:04:44,463 [main] INFO  base.BaseClass - Found Element By {by.toString()}
2023-12-20 22:04:45,001 [main] INFO  base.BaseClass - Trying to find Element By {by.toString()})
2023-12-20 22:04:45,022 [main] INFO  base.BaseClass - Found Element By {by.toString()}
2023-12-20 22:04:45,563 [main] INFO  base.BaseClass - Trying to find Element By {by.toString()})
2023-12-20 22:04:45,588 [main] INFO  base.BaseClass - Found Element By {by.toString()}
2023-12-20 22:04:46,130 [main] INFO  base.BaseClass - Trying to find Element By {by.toString()})
2023-12-20 22:04:46,158 [main] INFO  base.BaseClass - Found Element By {by.toString()}
TimeoutException occurred: Expected condition failed: waiting for helper.WaitUtility$5@71b26880 (tried for 30 second(s) with 500 milliseconds interval)
Build info: version: '3.141.59', revision: 'e82be7d358', time: '2018-11-14T08:17:03'
System info: host: 'DPLAP166', ip: '137.237.3.197', os.name: 'Windows 10', os.arch: 'amd64', os.version: '10.0', java.version: '19.0.1'
Driver info: org.openqa.selenium.support.events.EventFiringWebDriver
Capabilities {acceptInsecureCerts: true, browserName: chrome, browserVersion: 120.0.6099.72, chrome: {chromedriverVersion: 120.0.6099.109 (3419140ab66..., userDataDir: C:\Users\dP-PL\AppData\Loca...}, fedcm:accounts: true, goog:chromeOptions: {debuggerAddress: localhost:60862}, javascriptEnabled: true, networkConnectionEnabled: false, pageLoadStrategy: normal, platform: WINDOWS, platformName: WINDOWS, proxy: Proxy(), setWindowRect: true, strictFileInteractability: false, timeouts: {implicit: 0, pageLoad: 300000, script: 30000}, unhandledPromptBehavior: dismiss and notify, webauthn:extension:credBlob: true, webauthn:extension:largeBlob: true, webauthn:extension:minPinLength: true, webauthn:extension:prf: true, webauthn:virtualAuthenticators: true}
Session ID: b42297d292bc21c8e7aac60c7f16148b
2023-12-20 22:04:46,196 [main] ERROR XGLT_6685_Test - Element did not become visible within the specified time: Expected condition failed: waiting for helper.WaitUtility$5@71b26880 (tried for 30 second(s) with 500 milliseconds interval)
Build info: version: '3.141.59', revision: 'e82be7d358', time: '2018-11-14T08:17:03'
System info: host: 'DPLAP166', ip: '137.237.3.197', os.name: 'Windows 10', os.arch: 'amd64', os.version: '10.0', java.version: '19.0.1'
Driver info: org.openqa.selenium.support.events.EventFiringWebDriver
Capabilities {acceptInsecureCerts: true, browserName: chrome, browserVersion: 120.0.6099.72, chrome: {chromedriverVersion: 120.0.6099.109 (3419140ab66..., userDataDir: C:\Users\dP-PL\AppData\Loca...}, fedcm:accounts: true, goog:chromeOptions: {debuggerAddress: localhost:60862}, javascriptEnabled: true, networkConnectionEnabled: false, pageLoadStrategy: normal, platform: WINDOWS, platformName: WINDOWS, proxy: Proxy(), setWindowRect: true, strictFileInteractability: false, timeouts: {implicit: 0, pageLoad: 300000, script: 30000}, unhandledPromptBehavior: dismiss and notify, webauthn:extension:credBlob: true, webauthn:extension:largeBlob: true, webauthn:extension:minPinLength: true, webauthn:extension:prf: true, webauthn:virtualAuthenticators: true}
Session ID: b42297d292bc21c8e7aac60c7f16148b
2023-12-20 22:04:46,213 [main] INFO  base.BaseClass - Trying to find Element By {by.toString()})
2023-12-20 22:04:46,235 [main] INFO  base.BaseClass - Found Element By {by.toString()}
2023-12-20 22:04:46,251 [main] INFO  base.BaseClass - Trying to find Element By {by.toString()})
2023-12-20 22:04:46,270 [main] INFO  base.BaseClass - Found Element By {by.toString()}
2023-12-20 22:04:46,301 [main] INFO  base.BaseClass - Trying to find Element By {by.toString()})
2023-12-20 22:04:46,330 [main] INFO  base.BaseClass - Found Element By {by.toString()}
last page in current selection is 8
2023-12-20 22:04:46,348 [main] INFO  base.BaseClass - Trying to find Element By {by.toString()})
2023-12-20 22:04:46,373 [main] INFO  base.BaseClass - Found Element By {by.toString()}
TimeoutException occurred: Expected condition failed: waiting for helper.WaitUtility$5@4a9bce99 (tried for 30 second(s) with 500 milliseconds interval)
Build info: version: '3.141.59', revision: 'e82be7d358', time: '2018-11-14T08:17:03'
System info: host: 'DPLAP166', ip: '137.237.3.197', os.name: 'Windows 10', os.arch: 'amd64', os.version: '10.0', java.version: '19.0.1'
Driver info: org.openqa.selenium.support.events.EventFiringWebDriver
Capabilities {acceptInsecureCerts: true, browserName: chrome, browserVersion: 120.0.6099.72, chrome: {chromedriverVersion: 120.0.6099.109 (3419140ab66..., userDataDir: C:\Users\dP-PL\AppData\Loca...}, fedcm:accounts: true, goog:chromeOptions: {debuggerAddress: localhost:60862}, javascriptEnabled: true, networkConnectionEnabled: false, pageLoadStrategy: normal, platform: WINDOWS, platformName: WINDOWS, proxy: Proxy(), setWindowRect: true, strictFileInteractability: false, timeouts: {implicit: 0, pageLoad: 300000, script: 30000}, unhandledPromptBehavior: dismiss and notify, webauthn:extension:credBlob: true, webauthn:extension:largeBlob: true, webauthn:extension:minPinLength: true, webauthn:extension:prf: true, webauthn:virtualAuthenticators: true}
Session ID: b42297d292bc21c8e7aac60c7f16148b
2023-12-20 22:05:16,541 [main] ERROR XGLT_6685_Test - Element did not become visible within the specified time: Expected condition failed: waiting for helper.WaitUtility$5@4a9bce99 (tried for 30 second(s) with 500 milliseconds interval)
Build info: version: '3.141.59', revision: 'e82be7d358', time: '2018-11-14T08:17:03'
System info: host: 'DPLAP166', ip: '137.237.3.197', os.name: 'Windows 10', os.arch: 'amd64', os.version: '10.0', java.version: '19.0.1'
Driver info: org.openqa.selenium.support.events.EventFiringWebDriver
Capabilities {acceptInsecureCerts: true, browserName: chrome, browserVersion: 120.0.6099.72, chrome: {chromedriverVersion: 120.0.6099.109 (3419140ab66..., userDataDir: C:\Users\dP-PL\AppData\Loca...}, fedcm:accounts: true, goog:chromeOptions: {debuggerAddress: localhost:60862}, javascriptEnabled: true, networkConnectionEnabled: false, pageLoadStrategy: normal, platform: WINDOWS, platformName: WINDOWS, proxy: Proxy(), setWindowRect: true, strictFileInteractability: false, timeouts: {implicit: 0, pageLoad: 300000, script: 30000}, unhandledPromptBehavior: dismiss and notify, webauthn:extension:credBlob: true, webauthn:extension:largeBlob: true, webauthn:extension:minPinLength: true, webauthn:extension:prf: true, webauthn:virtualAuthenticators: true}
Session ID: b42297d292bc21c8e7aac60c7f16148b
2023-12-20 22:05:16,542 [main] INFO  base.BaseClass - Trying to click on: {element.toString()}
2023-12-20 22:05:16,649 [main] INFO  base.BaseClass - Clicked on: {element.toString()}
2023-12-20 22:05:16,649 [main] INFO  base.BaseClass - Trying to find Element By {by.toString()})
2023-12-20 22:05:16,659 [main] INFO  base.BaseClass - Found Element By {by.toString()}
2023-12-20 22:05:17,183 [main] INFO  base.BaseClass - Trying to find Element By {by.toString()})
2023-12-20 22:05:17,213 [main] INFO  base.BaseClass - Found Element By {by.toString()}
2023-12-20 22:05:17,749 [main] INFO  base.BaseClass - Trying to find Element By {by.toString()})
2023-12-20 22:05:17,776 [main] INFO  base.BaseClass - Found Element By {by.toString()}
2023-12-20 22:05:18,314 [main] INFO  base.BaseClass - Trying to find Element By {by.toString()})
2023-12-20 22:05:18,338 [main] INFO  base.BaseClass - Found Element By {by.toString()}
2023-12-20 22:05:18,881 [main] INFO  base.BaseClass - Trying to find Element By {by.toString()})
2023-12-20 22:05:18,901 [main] INFO  base.BaseClass - Found Element By {by.toString()}
2023-12-20 22:05:19,434 [main] INFO  base.BaseClass - Trying to find Element By {by.toString()})
2023-12-20 22:05:19,452 [main] INFO  base.BaseClass - Found Element By {by.toString()}
2023-12-20 22:05:19,984 [main] INFO  base.BaseClass - Trying to find Element By {by.toString()})
2023-12-20 22:05:20,008 [main] INFO  base.BaseClass - Found Element By {by.toString()}
2023-12-20 22:05:20,535 [main] INFO  base.BaseClass - Trying to find Element By {by.toString()})
2023-12-20 22:05:20,563 [main] INFO  base.BaseClass - Found Element By {by.toString()}
2023-12-20 22:05:21,099 [main] INFO  base.BaseClass - Trying to find Element By {by.toString()})
2023-12-20 22:05:21,125 [main] INFO  base.BaseClass - Found Element By {by.toString()}
2023-12-20 22:05:21,664 [main] INFO  base.BaseClass - Trying to find Element By {by.toString()})
2023-12-20 22:05:21,693 [main] INFO  base.BaseClass - Found Element By {by.toString()}
2023-12-20 22:05:22,230 [main] INFO  base.BaseClass - Trying to find Element By {by.toString()})
2023-12-20 22:05:22,265 [main] INFO  base.BaseClass - Found Element By {by.toString()}
2023-12-20 22:05:22,797 [main] INFO  base.BaseClass - Trying to find Element By {by.toString()})
2023-12-20 22:05:22,817 [main] INFO  base.BaseClass - Found Element By {by.toString()}
2023-12-20 22:05:23,360 [main] INFO  base.BaseClass - Trying to find Element By {by.toString()})
2023-12-20 22:05:23,378 [main] INFO  base.BaseClass - Found Element By {by.toString()}
2023-12-20 22:05:23,899 [main] INFO  base.BaseClass - Trying to find Element By {by.toString()})
2023-12-20 22:05:23,926 [main] INFO  base.BaseClass - Found Element By {by.toString()}
2023-12-20 22:05:24,469 [main] INFO  base.BaseClass - Trying to find Element By {by.toString()})
2023-12-20 22:05:24,492 [main] INFO  base.BaseClass - Found Element By {by.toString()}
2023-12-20 22:05:25,020 [main] INFO  base.BaseClass - Trying to find Element By {by.toString()})
2023-12-20 22:05:25,047 [main] INFO  base.BaseClass - Found Element By {by.toString()}
2023-12-20 22:05:25,585 [main] INFO  base.BaseClass - Trying to find Element By {by.toString()})
2023-12-20 22:05:25,605 [main] INFO  base.BaseClass - Found Element By {by.toString()}
2023-12-20 22:05:26,133 [main] INFO  base.BaseClass - Trying to find Element By {by.toString()})
2023-12-20 22:05:26,155 [main] INFO  base.BaseClass - Found Element By {by.toString()}
2023-12-20 22:05:26,696 [main] INFO  base.BaseClass - Trying to find Element By {by.toString()})
2023-12-20 22:05:26,724 [main] INFO  base.BaseClass - Found Element By {by.toString()}
2023-12-20 22:05:27,262 [main] INFO  base.BaseClass - Trying to find Element By {by.toString()})
2023-12-20 22:05:27,286 [main] INFO  base.BaseClass - Found Element By {by.toString()}
2023-12-20 22:05:27,830 [main] INFO  base.BaseClass - Trying to find Element By {by.toString()})
2023-12-20 22:05:27,851 [main] INFO  base.BaseClass - Found Element By {by.toString()}
2023-12-20 22:05:28,380 [main] INFO  base.BaseClass - Trying to find Element By {by.toString()})
2023-12-20 22:05:28,406 [main] INFO  base.BaseClass - Found Element By {by.toString()}
2023-12-20 22:05:28,946 [main] INFO  base.BaseClass - Trying to find Element By {by.toString()})
2023-12-20 22:05:28,972 [main] INFO  base.BaseClass - Found Element By {by.toString()}
2023-12-20 22:05:29,514 [main] INFO  base.BaseClass - Trying to find Element By {by.toString()})
2023-12-20 22:05:29,538 [main] INFO  base.BaseClass - Found Element By {by.toString()}
2023-12-20 22:05:30,078 [main] INFO  base.BaseClass - Trying to find Element By {by.toString()})
2023-12-20 22:05:30,102 [main] INFO  base.BaseClass - Found Element By {by.toString()}
2023-12-20 22:05:30,643 [main] INFO  base.BaseClass - Trying to find Element By {by.toString()})
2023-12-20 22:05:30,667 [main] INFO  base.BaseClass - Found Element By {by.toString()}
2023-12-20 22:05:31,198 [main] INFO  base.BaseClass - Trying to find Element By {by.toString()})
2023-12-20 22:05:31,225 [main] INFO  base.BaseClass - Found Element By {by.toString()}
2023-12-20 22:05:31,758 [main] INFO  base.BaseClass - Trying to find Element By {by.toString()})
2023-12-20 22:05:31,783 [main] INFO  base.BaseClass - Found Element By {by.toString()}
2023-12-20 22:05:32,323 [main] INFO  base.BaseClass - Trying to find Element By {by.toString()})
2023-12-20 22:05:32,347 [main] INFO  base.BaseClass - Found Element By {by.toString()}
2023-12-20 22:05:32,886 [main] INFO  base.BaseClass - Trying to find Element By {by.toString()})
2023-12-20 22:05:32,910 [main] INFO  base.BaseClass - Found Element By {by.toString()}
2023-12-20 22:05:33,451 [main] INFO  base.BaseClass - Trying to find Element By {by.toString()})
2023-12-20 22:05:33,480 [main] INFO  base.BaseClass - Found Element By {by.toString()}
2023-12-20 22:05:34,019 [main] INFO  base.BaseClass - Trying to find Element By {by.toString()})
2023-12-20 22:05:34,043 [main] INFO  base.BaseClass - Found Element By {by.toString()}
2023-12-20 22:05:34,584 [main] INFO  base.BaseClass - Trying to find Element By {by.toString()})
2023-12-20 22:05:34,604 [main] INFO  base.BaseClass - Found Element By {by.toString()}
2023-12-20 22:05:35,132 [main] INFO  base.BaseClass - Trying to find Element By {by.toString()})
2023-12-20 22:05:35,157 [main] INFO  base.BaseClass - Found Element By {by.toString()}
2023-12-20 22:05:35,696 [main] INFO  base.BaseClass - Trying to find Element By {by.toString()})
2023-12-20 22:05:35,721 [main] INFO  base.BaseClass - Found Element By {by.toString()}
2023-12-20 22:05:36,265 [main] INFO  base.BaseClass - Trying to find Element By {by.toString()})
2023-12-20 22:05:36,290 [main] INFO  base.BaseClass - Found Element By {by.toString()}
2023-12-20 22:05:36,832 [main] INFO  base.BaseClass - Trying to find Element By {by.toString()})
2023-12-20 22:05:36,863 [main] INFO  base.BaseClass - Found Element By {by.toString()}
2023-12-20 22:05:37,395 [main] INFO  base.BaseClass - Trying to find Element By {by.toString()})
2023-12-20 22:05:37,420 [main] INFO  base.BaseClass - Found Element By {by.toString()}
2023-12-20 22:05:37,959 [main] INFO  base.BaseClass - Trying to find Element By {by.toString()})
2023-12-20 22:05:37,978 [main] INFO  base.BaseClass - Found Element By {by.toString()}
2023-12-20 22:05:38,508 [main] INFO  base.BaseClass - Trying to find Element By {by.toString()})
2023-12-20 22:05:38,534 [main] INFO  base.BaseClass - Found Element By {by.toString()}
2023-12-20 22:05:39,072 [main] INFO  base.BaseClass - Trying to find Element By {by.toString()})
2023-12-20 22:05:39,098 [main] INFO  base.BaseClass - Found Element By {by.toString()}
2023-12-20 22:05:39,640 [main] INFO  base.BaseClass - Trying to find Element By {by.toString()})
2023-12-20 22:05:39,666 [main] INFO  base.BaseClass - Found Element By {by.toString()}
2023-12-20 22:05:40,207 [main] INFO  base.BaseClass - Trying to find Element By {by.toString()})
2023-12-20 22:05:40,235 [main] INFO  base.BaseClass - Found Element By {by.toString()}
2023-12-20 22:05:40,785 [main] INFO  base.BaseClass - Trying to find Element By {by.toString()})
2023-12-20 22:05:40,810 [main] INFO  base.BaseClass - Found Element By {by.toString()}
2023-12-20 22:05:41,352 [main] INFO  base.BaseClass - Trying to find Element By {by.toString()})
2023-12-20 22:05:41,376 [main] INFO  base.BaseClass - Found Element By {by.toString()}
2023-12-20 22:05:41,901 [main] INFO  base.BaseClass - Trying to find Element By {by.toString()})
2023-12-20 22:05:41,925 [main] INFO  base.BaseClass - Found Element By {by.toString()}
2023-12-20 22:05:42,467 [main] INFO  base.BaseClass - Trying to find Element By {by.toString()})
2023-12-20 22:05:42,493 [main] INFO  base.BaseClass - Found Element By {by.toString()}
2023-12-20 22:05:43,028 [main] INFO  base.BaseClass - Trying to find Element By {by.toString()})
2023-12-20 22:05:43,055 [main] INFO  base.BaseClass - Found Element By {by.toString()}
2023-12-20 22:05:43,595 [main] INFO  base.BaseClass - Trying to find Element By {by.toString()})
2023-12-20 22:05:43,622 [main] INFO  base.BaseClass - Found Element By {by.toString()}
2023-12-20 22:05:44,156 [main] INFO  base.BaseClass - Trying to find Element By {by.toString()})
2023-12-20 22:05:44,182 [main] INFO  base.BaseClass - Found Element By {by.toString()}
2023-12-20 22:05:44,721 [main] INFO  base.BaseClass - Trying to find Element By {by.toString()})
2023-12-20 22:05:44,747 [main] INFO  base.BaseClass - Found Element By {by.toString()}
2023-12-20 22:05:45,286 [main] INFO  base.BaseClass - Trying to find Element By {by.toString()})
2023-12-20 22:05:45,310 [main] INFO  base.BaseClass - Found Element By {by.toString()}
2023-12-20 22:05:45,852 [main] INFO  base.BaseClass - Trying to find Element By {by.toString()})
2023-12-20 22:05:45,874 [main] INFO  base.BaseClass - Found Element By {by.toString()}
2023-12-20 22:05:46,418 [main] INFO  base.BaseClass - Trying to find Element By {by.toString()})
2023-12-20 22:05:46,443 [main] INFO  base.BaseClass - Found Element By {by.toString()}
2023-12-20 22:05:46,985 [main] INFO  base.BaseClass - Trying to find Element By {by.toString()})
2023-12-20 22:05:47,015 [main] INFO  base.BaseClass - Found Element By {by.toString()}
TimeoutException occurred: Expected condition failed: waiting for helper.WaitUtility$5@192f5f39 (tried for 30 second(s) with 500 milliseconds interval)
Build info: version: '3.141.59', revision: 'e82be7d358', time: '2018-11-14T08:17:03'
System info: host: 'DPLAP166', ip: '137.237.3.197', os.name: 'Windows 10', os.arch: 'amd64', os.version: '10.0', java.version: '19.0.1'
Driver info: org.openqa.selenium.support.events.EventFiringWebDriver
Capabilities {acceptInsecureCerts: true, browserName: chrome, browserVersion: 120.0.6099.72, chrome: {chromedriverVersion: 120.0.6099.109 (3419140ab66..., userDataDir: C:\Users\dP-PL\AppData\Loca...}, fedcm:accounts: true, goog:chromeOptions: {debuggerAddress: localhost:60862}, javascriptEnabled: true, networkConnectionEnabled: false, pageLoadStrategy: normal, platform: WINDOWS, platformName: WINDOWS, proxy: Proxy(), setWindowRect: true, strictFileInteractability: false, timeouts: {implicit: 0, pageLoad: 300000, script: 30000}, unhandledPromptBehavior: dismiss and notify, webauthn:extension:credBlob: true, webauthn:extension:largeBlob: true, webauthn:extension:minPinLength: true, webauthn:extension:prf: true, webauthn:virtualAuthenticators: true}
Session ID: b42297d292bc21c8e7aac60c7f16148b
2023-12-20 22:05:47,048 [main] ERROR XGLT_6685_Test - Element did not become visible within the specified time: Expected condition failed: waiting for helper.WaitUtility$5@192f5f39 (tried for 30 second(s) with 500 milliseconds interval)
Build info: version: '3.141.59', revision: 'e82be7d358', time: '2018-11-14T08:17:03'
System info: host: 'DPLAP166', ip: '137.237.3.197', os.name: 'Windows 10', os.arch: 'amd64', os.version: '10.0', java.version: '19.0.1'
Driver info: org.openqa.selenium.support.events.EventFiringWebDriver
Capabilities {acceptInsecureCerts: true, browserName: chrome, browserVersion: 120.0.6099.72, chrome: {chromedriverVersion: 120.0.6099.109 (3419140ab66..., userDataDir: C:\Users\dP-PL\AppData\Loca...}, fedcm:accounts: true, goog:chromeOptions: {debuggerAddress: localhost:60862}, javascriptEnabled: true, networkConnectionEnabled: false, pageLoadStrategy: normal, platform: WINDOWS, platformName: WINDOWS, proxy: Proxy(), setWindowRect: true, strictFileInteractability: false, timeouts: {implicit: 0, pageLoad: 300000, script: 30000}, unhandledPromptBehavior: dismiss and notify, webauthn:extension:credBlob: true, webauthn:extension:largeBlob: true, webauthn:extension:minPinLength: true, webauthn:extension:prf: true, webauthn:virtualAuthenticators: true}
Session ID: b42297d292bc21c8e7aac60c7f16148b
2023-12-20 22:05:47,077 [main] INFO  base.BaseClass - Trying to find Element By {by.toString()})
2023-12-20 22:05:47,092 [main] INFO  base.BaseClass - Found Element By {by.toString()}
Height is 2670
2023-12-20 22:05:47,103 [main] INFO  base.BaseClass - Trying to find Element By {by.toString()})
2023-12-20 22:05:47,139 [main] INFO  base.BaseClass - Found Element By {by.toString()}
Customer page count for active revenue is 789
2023-12-20 22:05:47,140 [main] INFO  base.BaseClass - Trying to find Element By {by.toString()})
2023-12-20 22:05:47,191 [main] INFO  base.BaseClass - Found Element By {by.toString()}
2023-12-20 22:05:47,199 [main] INFO  base.BaseClass - Trying to find Element By {by.toString()})
2023-12-20 22:05:47,208 [main] INFO  base.BaseClass - Found Element By {by.toString()}
2023-12-20 22:05:47,226 [main] INFO  base.BaseClass - Trying to find Element By {by.toString()})
2023-12-20 22:05:47,245 [main] INFO  base.BaseClass - Found Element By {by.toString()}
last page in current selection is 8
2023-12-20 22:05:47,264 [main] INFO  base.BaseClass - Trying to find Element By {by.toString()})
2023-12-20 22:05:47,283 [main] INFO  base.BaseClass - Found Element By {by.toString()}
TimeoutException occurred: Expected condition failed: waiting for helper.WaitUtility$5@2aafa84f (tried for 30 second(s) with 500 milliseconds interval)
Build info: version: '3.141.59', revision: 'e82be7d358', time: '2018-11-14T08:17:03'
System info: host: 'DPLAP166', ip: '137.237.3.197', os.name: 'Windows 10', os.arch: 'amd64', os.version: '10.0', java.version: '19.0.1'
Driver info: org.openqa.selenium.support.events.EventFiringWebDriver
Capabilities {acceptInsecureCerts: true, browserName: chrome, browserVersion: 120.0.6099.72, chrome: {chromedriverVersion: 120.0.6099.109 (3419140ab66..., userDataDir: C:\Users\dP-PL\AppData\Loca...}, fedcm:accounts: true, goog:chromeOptions: {debuggerAddress: localhost:60862}, javascriptEnabled: true, networkConnectionEnabled: false, pageLoadStrategy: normal, platform: WINDOWS, platformName: WINDOWS, proxy: Proxy(), setWindowRect: true, strictFileInteractability: false, timeouts: {implicit: 0, pageLoad: 300000, script: 30000}, unhandledPromptBehavior: dismiss and notify, webauthn:extension:credBlob: true, webauthn:extension:largeBlob: true, webauthn:extension:minPinLength: true, webauthn:extension:prf: true, webauthn:virtualAuthenticators: true}
Session ID: b42297d292bc21c8e7aac60c7f16148b
2023-12-20 22:06:17,381 [main] ERROR XGLT_6685_Test - Element did not become visible within the specified time: Expected condition failed: waiting for helper.WaitUtility$5@2aafa84f (tried for 30 second(s) with 500 milliseconds interval)
Build info: version: '3.141.59', revision: 'e82be7d358', time: '2018-11-14T08:17:03'
System info: host: 'DPLAP166', ip: '137.237.3.197', os.name: 'Windows 10', os.arch: 'amd64', os.version: '10.0', java.version: '19.0.1'
Driver info: org.openqa.selenium.support.events.EventFiringWebDriver
Capabilities {acceptInsecureCerts: true, browserName: chrome, browserVersion: 120.0.6099.72, chrome: {chromedriverVersion: 120.0.6099.109 (3419140ab66..., userDataDir: C:\Users\dP-PL\AppData\Loca...}, fedcm:accounts: true, goog:chromeOptions: {debuggerAddress: localhost:60862}, javascriptEnabled: true, networkConnectionEnabled: false, pageLoadStrategy: normal, platform: WINDOWS, platformName: WINDOWS, proxy: Proxy(), setWindowRect: true, strictFileInteractability: false, timeouts: {implicit: 0, pageLoad: 300000, script: 30000}, unhandledPromptBehavior: dismiss and notify, webauthn:extension:credBlob: true, webauthn:extension:largeBlob: true, webauthn:extension:minPinLength: true, webauthn:extension:prf: true, webauthn:virtualAuthenticators: true}
Session ID: b42297d292bc21c8e7aac60c7f16148b
2023-12-20 22:06:17,381 [main] INFO  base.BaseClass - Trying to click on: {element.toString()}
2023-12-20 22:06:17,444 [main] INFO  base.BaseClass - Clicked on: {element.toString()}
2023-12-20 22:06:17,444 [main] INFO  base.BaseClass - Trying to find Element By {by.toString()})
2023-12-20 22:06:17,460 [main] INFO  base.BaseClass - Found Element By {by.toString()}
2023-12-20 22:06:17,994 [main] INFO  base.BaseClass - Trying to find Element By {by.toString()})
2023-12-20 22:06:18,022 [main] INFO  base.BaseClass - Found Element By {by.toString()}
2023-12-20 22:06:18,562 [main] INFO  base.BaseClass - Trying to find Element By {by.toString()})
2023-12-20 22:06:18,588 [main] INFO  base.BaseClass - Found Element By {by.toString()}
2023-12-20 22:06:19,126 [main] INFO  base.BaseClass - Trying to find Element By {by.toString()})
2023-12-20 22:06:19,144 [main] INFO  base.BaseClass - Found Element By {by.toString()}
2023-12-20 22:06:19,694 [main] INFO  base.BaseClass - Trying to find Element By {by.toString()})
2023-12-20 22:06:19,719 [main] INFO  base.BaseClass - Found Element By {by.toString()}
2023-12-20 22:06:20,262 [main] INFO  base.BaseClass - Trying to find Element By {by.toString()})
2023-12-20 22:06:20,284 [main] INFO  base.BaseClass - Found Element By {by.toString()}
2023-12-20 22:06:20,828 [main] INFO  base.BaseClass - Trying to find Element By {by.toString()})
2023-12-20 22:06:20,852 [main] INFO  base.BaseClass - Found Element By {by.toString()}
2023-12-20 22:06:21,392 [main] INFO  base.BaseClass - Trying to find Element By {by.toString()})
2023-12-20 22:06:21,416 [main] INFO  base.BaseClass - Found Element By {by.toString()}
2023-12-20 22:06:21,961 [main] INFO  base.BaseClass - Trying to find Element By {by.toString()})
2023-12-20 22:06:21,986 [main] INFO  base.BaseClass - Found Element By {by.toString()}
2023-12-20 22:06:22,512 [main] INFO  base.BaseClass - Trying to find Element By {by.toString()})
2023-12-20 22:06:22,534 [main] INFO  base.BaseClass - Found Element By {by.toString()}
2023-12-20 22:06:23,062 [main] INFO  base.BaseClass - Trying to find Element By {by.toString()})
2023-12-20 22:06:23,086 [main] INFO  base.BaseClass - Found Element By {by.toString()}
2023-12-20 22:06:23,625 [main] INFO  base.BaseClass - Trying to find Element By {by.toString()})
2023-12-20 22:06:23,649 [main] INFO  base.BaseClass - Found Element By {by.toString()}
2023-12-20 22:06:24,190 [main] INFO  base.BaseClass - Trying to find Element By {by.toString()})
2023-12-20 22:06:24,213 [main] INFO  base.BaseClass - Found Element By {by.toString()}
2023-12-20 22:06:24,757 [main] INFO  base.BaseClass - Trying to find Element By {by.toString()})
2023-12-20 22:06:24,793 [main] INFO  base.BaseClass - Found Element By {by.toString()}
2023-12-20 22:06:25,310 [main] INFO  base.BaseClass - Trying to find Element By {by.toString()})
2023-12-20 22:06:25,336 [main] INFO  base.BaseClass - Found Element By {by.toString()}
2023-12-20 22:06:25,877 [main] INFO  base.BaseClass - Trying to find Element By {by.toString()})
2023-12-20 22:06:25,903 [main] INFO  base.BaseClass - Found Element By {by.toString()}
2023-12-20 22:06:26,447 [main] INFO  base.BaseClass - Trying to find Element By {by.toString()})
2023-12-20 22:06:26,473 [main] INFO  base.BaseClass - Found Element By {by.toString()}
2023-12-20 22:06:27,011 [main] INFO  base.BaseClass - Trying to find Element By {by.toString()})
2023-12-20 22:06:27,036 [main] INFO  base.BaseClass - Found Element By {by.toString()}
2023-12-20 22:06:27,575 [main] INFO  base.BaseClass - Trying to find Element By {by.toString()})
2023-12-20 22:06:27,601 [main] INFO  base.BaseClass - Found Element By {by.toString()}
2023-12-20 22:06:28,139 [main] INFO  base.BaseClass - Trying to find Element By {by.toString()})
2023-12-20 22:06:28,164 [main] INFO  base.BaseClass - Found Element By {by.toString()}
2023-12-20 22:06:28,702 [main] INFO  base.BaseClass - Trying to find Element By {by.toString()})
2023-12-20 22:06:28,726 [main] INFO  base.BaseClass - Found Element By {by.toString()}
2023-12-20 22:06:29,267 [main] INFO  base.BaseClass - Trying to find Element By {by.toString()})
2023-12-20 22:06:29,293 [main] INFO  base.BaseClass - Found Element By {by.toString()}
2023-12-20 22:06:29,829 [main] INFO  base.BaseClass - Trying to find Element By {by.toString()})
2023-12-20 22:06:29,854 [main] INFO  base.BaseClass - Found Element By {by.toString()}
2023-12-20 22:06:30,397 [main] INFO  base.BaseClass - Trying to find Element By {by.toString()})
2023-12-20 22:06:30,421 [main] INFO  base.BaseClass - Found Element By {by.toString()}
2023-12-20 22:06:30,963 [main] INFO  base.BaseClass - Trying to find Element By {by.toString()})
2023-12-20 22:06:30,988 [main] INFO  base.BaseClass - Found Element By {by.toString()}
2023-12-20 22:06:31,527 [main] INFO  base.BaseClass - Trying to find Element By {by.toString()})
2023-12-20 22:06:31,553 [main] INFO  base.BaseClass - Found Element By {by.toString()}
2023-12-20 22:06:32,094 [main] INFO  base.BaseClass - Trying to find Element By {by.toString()})
2023-12-20 22:06:32,123 [main] INFO  base.BaseClass - Found Element By {by.toString()}
2023-12-20 22:06:32,660 [main] INFO  base.BaseClass - Trying to find Element By {by.toString()})
2023-12-20 22:06:32,684 [main] INFO  base.BaseClass - Found Element By {by.toString()}
2023-12-20 22:06:33,228 [main] INFO  base.BaseClass - Trying to find Element By {by.toString()})
2023-12-20 22:06:33,253 [main] INFO  base.BaseClass - Found Element By {by.toString()}
2023-12-20 22:06:33,793 [main] INFO  base.BaseClass - Trying to find Element By {by.toString()})
2023-12-20 22:06:33,812 [main] INFO  base.BaseClass - Found Element By {by.toString()}
2023-12-20 22:06:34,345 [main] INFO  base.BaseClass - Trying to find Element By {by.toString()})
2023-12-20 22:06:34,370 [main] INFO  base.BaseClass - Found Element By {by.toString()}
2023-12-20 22:06:34,913 [main] INFO  base.BaseClass - Trying to find Element By {by.toString()})
2023-12-20 22:06:34,938 [main] INFO  base.BaseClass - Found Element By {by.toString()}
2023-12-20 22:06:35,479 [main] INFO  base.BaseClass - Trying to find Element By {by.toString()})
2023-12-20 22:06:35,504 [main] INFO  base.BaseClass - Found Element By {by.toString()}
2023-12-20 22:06:36,043 [main] INFO  base.BaseClass - Trying to find Element By {by.toString()})
2023-12-20 22:06:36,068 [main] INFO  base.BaseClass - Found Element By {by.toString()}
2023-12-20 22:06:36,608 [main] INFO  base.BaseClass - Trying to find Element By {by.toString()})
2023-12-20 22:06:36,634 [main] INFO  base.BaseClass - Found Element By {by.toString()}
2023-12-20 22:06:37,172 [main] INFO  base.BaseClass - Trying to find Element By {by.toString()})
2023-12-20 22:06:37,192 [main] INFO  base.BaseClass - Found Element By {by.toString()}
2023-12-20 22:06:37,730 [main] INFO  base.BaseClass - Trying to find Element By {by.toString()})
2023-12-20 22:06:37,758 [main] INFO  base.BaseClass - Found Element By {by.toString()}
2023-12-20 22:06:38,308 [main] INFO  base.BaseClass - Trying to find Element By {by.toString()})
2023-12-20 22:06:38,336 [main] INFO  base.BaseClass - Found Element By {by.toString()}
2023-12-20 22:06:38,875 [main] INFO  base.BaseClass - Trying to find Element By {by.toString()})
2023-12-20 22:06:38,897 [main] INFO  base.BaseClass - Found Element By {by.toString()}
2023-12-20 22:06:39,441 [main] INFO  base.BaseClass - Trying to find Element By {by.toString()})
2023-12-20 22:06:39,465 [main] INFO  base.BaseClass - Found Element By {by.toString()}
2023-12-20 22:06:40,009 [main] INFO  base.BaseClass - Trying to find Element By {by.toString()})
2023-12-20 22:06:40,033 [main] INFO  base.BaseClass - Found Element By {by.toString()}
2023-12-20 22:06:40,561 [main] INFO  base.BaseClass - Trying to find Element By {by.toString()})
2023-12-20 22:06:40,586 [main] INFO  base.BaseClass - Found Element By {by.toString()}
2023-12-20 22:06:41,127 [main] INFO  base.BaseClass - Trying to find Element By {by.toString()})
2023-12-20 22:06:41,154 [main] INFO  base.BaseClass - Found Element By {by.toString()}
2023-12-20 22:06:41,677 [main] INFO  base.BaseClass - Trying to find Element By {by.toString()})
2023-12-20 22:06:41,700 [main] INFO  base.BaseClass - Found Element By {by.toString()}
2023-12-20 22:06:42,243 [main] INFO  base.BaseClass - Trying to find Element By {by.toString()})
2023-12-20 22:06:42,282 [main] INFO  base.BaseClass - Found Element By {by.toString()}
2023-12-20 22:06:42,811 [main] INFO  base.BaseClass - Trying to find Element By {by.toString()})
2023-12-20 22:06:42,836 [main] INFO  base.BaseClass - Found Element By {by.toString()}
2023-12-20 22:06:43,378 [main] INFO  base.BaseClass - Trying to find Element By {by.toString()})
2023-12-20 22:06:43,402 [main] INFO  base.BaseClass - Found Element By {by.toString()}
2023-12-20 22:06:43,945 [main] INFO  base.BaseClass - Trying to find Element By {by.toString()})
2023-12-20 22:06:43,970 [main] INFO  base.BaseClass - Found Element By {by.toString()}
2023-12-20 22:06:44,524 [main] INFO  base.BaseClass - Trying to find Element By {by.toString()})
2023-12-20 22:06:44,540 [main] INFO  base.BaseClass - Found Element By {by.toString()}
2023-12-20 22:06:45,073 [main] INFO  base.BaseClass - Trying to find Element By {by.toString()})
2023-12-20 22:06:45,084 [main] INFO  base.BaseClass - Found Element By {by.toString()}
2023-12-20 22:06:45,605 [main] INFO  base.BaseClass - Trying to find Element By {by.toString()})
2023-12-20 22:06:45,631 [main] INFO  base.BaseClass - Found Element By {by.toString()}
2023-12-20 22:06:46,171 [main] INFO  base.BaseClass - Trying to find Element By {by.toString()})
2023-12-20 22:06:46,198 [main] INFO  base.BaseClass - Found Element By {by.toString()}
2023-12-20 22:06:46,739 [main] INFO  base.BaseClass - Trying to find Element By {by.toString()})
2023-12-20 22:06:46,762 [main] INFO  base.BaseClass - Found Element By {by.toString()}
2023-12-20 22:06:47,301 [main] INFO  base.BaseClass - Trying to find Element By {by.toString()})
2023-12-20 22:06:47,312 [main] INFO  base.BaseClass - Found Element By {by.toString()}
2023-12-20 22:06:47,852 [main] INFO  base.BaseClass - Trying to find Element By {by.toString()})
2023-12-20 22:06:47,877 [main] INFO  base.BaseClass - Found Element By {by.toString()}
TimeoutException occurred: Expected condition failed: waiting for helper.WaitUtility$5@5cc075da (tried for 30 second(s) with 500 milliseconds interval)
Build info: version: '3.141.59', revision: 'e82be7d358', time: '2018-11-14T08:17:03'
System info: host: 'DPLAP166', ip: '137.237.3.197', os.name: 'Windows 10', os.arch: 'amd64', os.version: '10.0', java.version: '19.0.1'
Driver info: org.openqa.selenium.support.events.EventFiringWebDriver
Capabilities {acceptInsecureCerts: true, browserName: chrome, browserVersion: 120.0.6099.72, chrome: {chromedriverVersion: 120.0.6099.109 (3419140ab66..., userDataDir: C:\Users\dP-PL\AppData\Loca...}, fedcm:accounts: true, goog:chromeOptions: {debuggerAddress: localhost:60862}, javascriptEnabled: true, networkConnectionEnabled: false, pageLoadStrategy: normal, platform: WINDOWS, platformName: WINDOWS, proxy: Proxy(), setWindowRect: true, strictFileInteractability: false, timeouts: {implicit: 0, pageLoad: 300000, script: 30000}, unhandledPromptBehavior: dismiss and notify, webauthn:extension:credBlob: true, webauthn:extension:largeBlob: true, webauthn:extension:minPinLength: true, webauthn:extension:prf: true, webauthn:virtualAuthenticators: true}
Session ID: b42297d292bc21c8e7aac60c7f16148b
2023-12-20 22:06:47,911 [main] ERROR XGLT_6685_Test - Element did not become visible within the specified time: Expected condition failed: waiting for helper.WaitUtility$5@5cc075da (tried for 30 second(s) with 500 milliseconds interval)
Build info: version: '3.141.59', revision: 'e82be7d358', time: '2018-11-14T08:17:03'
System info: host: 'DPLAP166', ip: '137.237.3.197', os.name: 'Windows 10', os.arch: 'amd64', os.version: '10.0', java.version: '19.0.1'
Driver info: org.openqa.selenium.support.events.EventFiringWebDriver
Capabilities {acceptInsecureCerts: true, browserName: chrome, browserVersion: 120.0.6099.72, chrome: {chromedriverVersion: 120.0.6099.109 (3419140ab66..., userDataDir: C:\Users\dP-PL\AppData\Loca...}, fedcm:accounts: true, goog:chromeOptions: {debuggerAddress: localhost:60862}, javascriptEnabled: true, networkConnectionEnabled: false, pageLoadStrategy: normal, platform: WINDOWS, platformName: WINDOWS, proxy: Proxy(), setWindowRect: true, strictFileInteractability: false, timeouts: {implicit: 0, pageLoad: 300000, script: 30000}, unhandledPromptBehavior: dismiss and notify, webauthn:extension:credBlob: true, webauthn:extension:largeBlob: true, webauthn:extension:minPinLength: true, webauthn:extension:prf: true, webauthn:virtualAuthenticators: true}
Session ID: b42297d292bc21c8e7aac60c7f16148b
2023-12-20 22:06:47,945 [main] INFO  base.BaseClass - Trying to find Element By {by.toString()})
2023-12-20 22:06:47,970 [main] INFO  base.BaseClass - Found Element By {by.toString()}
Height is 2670
2023-12-20 22:06:47,984 [main] INFO  base.BaseClass - Trying to find Element By {by.toString()})
2023-12-20 22:06:48,006 [main] INFO  base.BaseClass - Found Element By {by.toString()}
2023-12-20 22:06:48,007 [main] INFO  base.BaseClass - Trying to find Element By {by.toString()})
2023-12-20 22:06:48,017 [main] INFO  base.BaseClass - Found Element By {by.toString()}
2023-12-20 22:06:48,025 [main] INFO  base.BaseClass - Trying to find Element By {by.toString()})
2023-12-20 22:06:48,042 [main] INFO  base.BaseClass - Found Element By {by.toString()}
2023-12-20 22:06:48,069 [main] INFO  base.BaseClass - Trying to find Element By {by.toString()})
2023-12-20 22:06:48,088 [main] INFO  base.BaseClass - Found Element By {by.toString()}
last page in current selection is 8
2023-12-20 22:06:48,107 [main] INFO  base.BaseClass - Trying to find Element By {by.toString()})
2023-12-20 22:06:48,124 [main] INFO  base.BaseClass - Found Element By {by.toString()}
TimeoutException occurred: Expected condition failed: waiting for helper.WaitUtility$5@1f7fcec2 (tried for 30 second(s) with 500 milliseconds interval)
Build info: version: '3.141.59', revision: 'e82be7d358', time: '2018-11-14T08:17:03'
System info: host: 'DPLAP166', ip: '137.237.3.197', os.name: 'Windows 10', os.arch: 'amd64', os.version: '10.0', java.version: '19.0.1'
Driver info: org.openqa.selenium.support.events.EventFiringWebDriver
Capabilities {acceptInsecureCerts: true, browserName: chrome, browserVersion: 120.0.6099.72, chrome: {chromedriverVersion: 120.0.6099.109 (3419140ab66..., userDataDir: C:\Users\dP-PL\AppData\Loca...}, fedcm:accounts: true, goog:chromeOptions: {debuggerAddress: localhost:60862}, javascriptEnabled: true, networkConnectionEnabled: false, pageLoadStrategy: normal, platform: WINDOWS, platformName: WINDOWS, proxy: Proxy(), setWindowRect: true, strictFileInteractability: false, timeouts: {implicit: 0, pageLoad: 300000, script: 30000}, unhandledPromptBehavior: dismiss and notify, webauthn:extension:credBlob: true, webauthn:extension:largeBlob: true, webauthn:extension:minPinLength: true, webauthn:extension:prf: true, webauthn:virtualAuthenticators: true}
Session ID: b42297d292bc21c8e7aac60c7f16148b
2023-12-20 22:07:18,633 [main] ERROR XGLT_6685_Test - Element did not become visible within the specified time: Expected condition failed: waiting for helper.WaitUtility$5@1f7fcec2 (tried for 30 second(s) with 500 milliseconds interval)
Build info: version: '3.141.59', revision: 'e82be7d358', time: '2018-11-14T08:17:03'
System info: host: 'DPLAP166', ip: '137.237.3.197', os.name: 'Windows 10', os.arch: 'amd64', os.version: '10.0', java.version: '19.0.1'
Driver info: org.openqa.selenium.support.events.EventFiringWebDriver
Capabilities {acceptInsecureCerts: true, browserName: chrome, browserVersion: 120.0.6099.72, chrome: {chromedriverVersion: 120.0.6099.109 (3419140ab66..., userDataDir: C:\Users\dP-PL\AppData\Loca...}, fedcm:accounts: true, goog:chromeOptions: {debuggerAddress: localhost:60862}, javascriptEnabled: true, networkConnectionEnabled: false, pageLoadStrategy: normal, platform: WINDOWS, platformName: WINDOWS, proxy: Proxy(), setWindowRect: true, strictFileInteractability: false, timeouts: {implicit: 0, pageLoad: 300000, script: 30000}, unhandledPromptBehavior: dismiss and notify, webauthn:extension:credBlob: true, webauthn:extension:largeBlob: true, webauthn:extension:minPinLength: true, webauthn:extension:prf: true, webauthn:virtualAuthenticators: true}
Session ID: b42297d292bc21c8e7aac60c7f16148b
2023-12-20 22:07:18,634 [main] INFO  base.BaseClass - Trying to click on: {element.toString()}
2023-12-20 22:07:18,730 [main] INFO  base.BaseClass - Clicked on: {element.toString()}
2023-12-20 22:07:18,730 [main] INFO  base.BaseClass - Trying to find Element By {by.toString()})
2023-12-20 22:07:18,754 [main] INFO  base.BaseClass - Found Element By {by.toString()}
2023-12-20 22:07:19,290 [main] INFO  base.BaseClass - Trying to find Element By {by.toString()})
2023-12-20 22:07:19,321 [main] INFO  base.BaseClass - Found Element By {by.toString()}
2023-12-20 22:07:19,855 [main] INFO  base.BaseClass - Trying to find Element By {by.toString()})
2023-12-20 22:07:19,879 [main] INFO  base.BaseClass - Found Element By {by.toString()}
2023-12-20 22:07:20,404 [main] INFO  base.BaseClass - Trying to find Element By {by.toString()})
2023-12-20 22:07:20,431 [main] INFO  base.BaseClass - Found Element By {by.toString()}
2023-12-20 22:07:20,971 [main] INFO  base.BaseClass - Trying to find Element By {by.toString()})
2023-12-20 22:07:20,996 [main] INFO  base.BaseClass - Found Element By {by.toString()}
2023-12-20 22:07:21,539 [main] INFO  base.BaseClass - Trying to find Element By {by.toString()})
2023-12-20 22:07:21,563 [main] INFO  base.BaseClass - Found Element By {by.toString()}
2023-12-20 22:07:22,102 [main] INFO  base.BaseClass - Trying to find Element By {by.toString()})
2023-12-20 22:07:22,116 [main] INFO  base.BaseClass - Found Element By {by.toString()}
2023-12-20 22:07:22,652 [main] INFO  base.BaseClass - Trying to find Element By {by.toString()})
2023-12-20 22:07:22,675 [main] INFO  base.BaseClass - Found Element By {by.toString()}
2023-12-20 22:07:23,202 [main] INFO  base.BaseClass - Trying to find Element By {by.toString()})
2023-12-20 22:07:23,228 [main] INFO  base.BaseClass - Found Element By {by.toString()}
2023-12-20 22:07:23,765 [main] INFO  base.BaseClass - Trying to find Element By {by.toString()})
2023-12-20 22:07:23,790 [main] INFO  base.BaseClass - Found Element By {by.toString()}
2023-12-20 22:07:24,313 [main] INFO  base.BaseClass - Trying to find Element By {by.toString()})
2023-12-20 22:07:24,341 [main] INFO  base.BaseClass - Found Element By {by.toString()}
2023-12-20 22:07:24,877 [main] INFO  base.BaseClass - Trying to find Element By {by.toString()})
2023-12-20 22:07:24,891 [main] INFO  base.BaseClass - Found Element By {by.toString()}
2023-12-20 22:07:25,426 [main] INFO  base.BaseClass - Trying to find Element By {by.toString()})
2023-12-20 22:07:25,451 [main] INFO  base.BaseClass - Found Element By {by.toString()}
2023-12-20 22:07:25,990 [main] INFO  base.BaseClass - Trying to find Element By {by.toString()})
2023-12-20 22:07:26,004 [main] INFO  base.BaseClass - Found Element By {by.toString()}
2023-12-20 22:07:26,542 [main] INFO  base.BaseClass - Trying to find Element By {by.toString()})
2023-12-20 22:07:26,559 [main] INFO  base.BaseClass - Found Element By {by.toString()}
2023-12-20 22:07:27,090 [main] INFO  base.BaseClass - Trying to find Element By {by.toString()})
2023-12-20 22:07:27,115 [main] INFO  base.BaseClass - Found Element By {by.toString()}
2023-12-20 22:07:27,655 [main] INFO  base.BaseClass - Trying to find Element By {by.toString()})
2023-12-20 22:07:27,679 [main] INFO  base.BaseClass - Found Element By {by.toString()}
2023-12-20 22:07:28,219 [main] INFO  base.BaseClass - Trying to find Element By {by.toString()})
2023-12-20 22:07:28,246 [main] INFO  base.BaseClass - Found Element By {by.toString()}
2023-12-20 22:07:28,787 [main] INFO  base.BaseClass - Trying to find Element By {by.toString()})
2023-12-20 22:07:28,811 [main] INFO  base.BaseClass - Found Element By {by.toString()}
2023-12-20 22:07:29,352 [main] INFO  base.BaseClass - Trying to find Element By {by.toString()})
2023-12-20 22:07:29,392 [main] INFO  base.BaseClass - Found Element By {by.toString()}
2023-12-20 22:07:29,919 [main] INFO  base.BaseClass - Trying to find Element By {by.toString()})
2023-12-20 22:07:29,942 [main] INFO  base.BaseClass - Found Element By {by.toString()}
2023-12-20 22:07:30,468 [main] INFO  base.BaseClass - Trying to find Element By {by.toString()})
2023-12-20 22:07:30,493 [main] INFO  base.BaseClass - Found Element By {by.toString()}
2023-12-20 22:07:31,033 [main] INFO  base.BaseClass - Trying to find Element By {by.toString()})
2023-12-20 22:07:31,058 [main] INFO  base.BaseClass - Found Element By {by.toString()}
2023-12-20 22:07:31,600 [main] INFO  base.BaseClass - Trying to find Element By {by.toString()})
2023-12-20 22:07:31,625 [main] INFO  base.BaseClass - Found Element By {by.toString()}
2023-12-20 22:07:32,167 [main] INFO  base.BaseClass - Trying to find Element By {by.toString()})
2023-12-20 22:07:32,189 [main] INFO  base.BaseClass - Found Element By {by.toString()}
2023-12-20 22:07:32,717 [main] INFO  base.BaseClass - Trying to find Element By {by.toString()})
2023-12-20 22:07:32,742 [main] INFO  base.BaseClass - Found Element By {by.toString()}
2023-12-20 22:07:33,267 [main] INFO  base.BaseClass - Trying to find Element By {by.toString()})
2023-12-20 22:07:33,305 [main] INFO  base.BaseClass - Found Element By {by.toString()}
2023-12-20 22:07:33,831 [main] INFO  base.BaseClass - Trying to find Element By {by.toString()})
2023-12-20 22:07:33,856 [main] INFO  base.BaseClass - Found Element By {by.toString()}
2023-12-20 22:07:34,398 [main] INFO  base.BaseClass - Trying to find Element By {by.toString()})
2023-12-20 22:07:34,424 [main] INFO  base.BaseClass - Found Element By {by.toString()}
2023-12-20 22:07:34,963 [main] INFO  base.BaseClass - Trying to find Element By {by.toString()})
2023-12-20 22:07:34,987 [main] INFO  base.BaseClass - Found Element By {by.toString()}
2023-12-20 22:07:35,526 [main] INFO  base.BaseClass - Trying to find Element By {by.toString()})
2023-12-20 22:07:35,551 [main] INFO  base.BaseClass - Found Element By {by.toString()}
2023-12-20 22:07:36,109 [main] INFO  base.BaseClass - Trying to find Element By {by.toString()})
2023-12-20 22:07:36,132 [main] INFO  base.BaseClass - Found Element By {by.toString()}
2023-12-20 22:07:36,674 [main] INFO  base.BaseClass - Trying to find Element By {by.toString()})
2023-12-20 22:07:36,700 [main] INFO  base.BaseClass - Found Element By {by.toString()}
2023-12-20 22:07:37,240 [main] INFO  base.BaseClass - Trying to find Element By {by.toString()})
2023-12-20 22:07:37,266 [main] INFO  base.BaseClass - Found Element By {by.toString()}
2023-12-20 22:07:37,806 [main] INFO  base.BaseClass - Trying to find Element By {by.toString()})
2023-12-20 22:07:37,834 [main] INFO  base.BaseClass - Found Element By {by.toString()}
2023-12-20 22:07:38,371 [main] INFO  base.BaseClass - Trying to find Element By {by.toString()})
2023-12-20 22:07:38,394 [main] INFO  base.BaseClass - Found Element By {by.toString()}
2023-12-20 22:07:38,937 [main] INFO  base.BaseClass - Trying to find Element By {by.toString()})
2023-12-20 22:07:38,965 [main] INFO  base.BaseClass - Found Element By {by.toString()}
2023-12-20 22:07:39,502 [main] INFO  base.BaseClass - Trying to find Element By {by.toString()})
2023-12-20 22:07:39,527 [main] INFO  base.BaseClass - Found Element By {by.toString()}
2023-12-20 22:07:40,066 [main] INFO  base.BaseClass - Trying to find Element By {by.toString()})
2023-12-20 22:07:40,090 [main] INFO  base.BaseClass - Found Element By {by.toString()}
2023-12-20 22:07:40,630 [main] INFO  base.BaseClass - Trying to find Element By {by.toString()})
2023-12-20 22:07:40,649 [main] INFO  base.BaseClass - Found Element By {by.toString()}
2023-12-20 22:07:41,181 [main] INFO  base.BaseClass - Trying to find Element By {by.toString()})
2023-12-20 22:07:41,206 [main] INFO  base.BaseClass - Found Element By {by.toString()}
2023-12-20 22:07:41,747 [main] INFO  base.BaseClass - Trying to find Element By {by.toString()})
2023-12-20 22:07:41,771 [main] INFO  base.BaseClass - Found Element By {by.toString()}
2023-12-20 22:07:42,300 [main] INFO  base.BaseClass - Trying to find Element By {by.toString()})
2023-12-20 22:07:42,327 [main] INFO  base.BaseClass - Found Element By {by.toString()}
2023-12-20 22:07:42,864 [main] INFO  base.BaseClass - Trying to find Element By {by.toString()})
2023-12-20 22:07:42,890 [main] INFO  base.BaseClass - Found Element By {by.toString()}
2023-12-20 22:07:43,426 [main] INFO  base.BaseClass - Trying to find Element By {by.toString()})
2023-12-20 22:07:43,451 [main] INFO  base.BaseClass - Found Element By {by.toString()}
2023-12-20 22:07:43,979 [main] INFO  base.BaseClass - Trying to find Element By {by.toString()})
2023-12-20 22:07:44,002 [main] INFO  base.BaseClass - Found Element By {by.toString()}
2023-12-20 22:07:44,545 [main] INFO  base.BaseClass - Trying to find Element By {by.toString()})
2023-12-20 22:07:44,565 [main] INFO  base.BaseClass - Found Element By {by.toString()}
2023-12-20 22:07:45,111 [main] INFO  base.BaseClass - Trying to find Element By {by.toString()})
2023-12-20 22:07:45,137 [main] INFO  base.BaseClass - Found Element By {by.toString()}
2023-12-20 22:07:45,679 [main] INFO  base.BaseClass - Trying to find Element By {by.toString()})
2023-12-20 22:07:45,706 [main] INFO  base.BaseClass - Found Element By {by.toString()}
2023-12-20 22:07:46,247 [main] INFO  base.BaseClass - Trying to find Element By {by.toString()})
2023-12-20 22:07:46,272 [main] INFO  base.BaseClass - Found Element By {by.toString()}
2023-12-20 22:07:46,811 [main] INFO  base.BaseClass - Trying to find Element By {by.toString()})
2023-12-20 22:07:46,834 [main] INFO  base.BaseClass - Found Element By {by.toString()}
2023-12-20 22:07:47,361 [main] INFO  base.BaseClass - Trying to find Element By {by.toString()})
2023-12-20 22:07:47,387 [main] INFO  base.BaseClass - Found Element By {by.toString()}
2023-12-20 22:07:47,926 [main] INFO  base.BaseClass - Trying to find Element By {by.toString()})
2023-12-20 22:07:47,950 [main] INFO  base.BaseClass - Found Element By {by.toString()}
2023-12-20 22:07:48,493 [main] INFO  base.BaseClass - Trying to find Element By {by.toString()})
2023-12-20 22:07:48,519 [main] INFO  base.BaseClass - Found Element By {by.toString()}
2023-12-20 22:07:49,056 [main] INFO  base.BaseClass - Trying to find Element By {by.toString()})
2023-12-20 22:07:49,077 [main] INFO  base.BaseClass - Found Element By {by.toString()}
TimeoutException occurred: Expected condition failed: waiting for helper.WaitUtility$5@658098a2 (tried for 30 second(s) with 500 milliseconds interval)
Build info: version: '3.141.59', revision: 'e82be7d358', time: '2018-11-14T08:17:03'
System info: host: 'DPLAP166', ip: '137.237.3.197', os.name: 'Windows 10', os.arch: 'amd64', os.version: '10.0', java.version: '19.0.1'
Driver info: org.openqa.selenium.support.events.EventFiringWebDriver
Capabilities {acceptInsecureCerts: true, browserName: chrome, browserVersion: 120.0.6099.72, chrome: {chromedriverVersion: 120.0.6099.109 (3419140ab66..., userDataDir: C:\Users\dP-PL\AppData\Loca...}, fedcm:accounts: true, goog:chromeOptions: {debuggerAddress: localhost:60862}, javascriptEnabled: true, networkConnectionEnabled: false, pageLoadStrategy: normal, platform: WINDOWS, platformName: WINDOWS, proxy: Proxy(), setWindowRect: true, strictFileInteractability: false, timeouts: {implicit: 0, pageLoad: 300000, script: 30000}, unhandledPromptBehavior: dismiss and notify, webauthn:extension:credBlob: true, webauthn:extension:largeBlob: true, webauthn:extension:minPinLength: true, webauthn:extension:prf: true, webauthn:virtualAuthenticators: true}
Session ID: b42297d292bc21c8e7aac60c7f16148b
2023-12-20 22:07:49,106 [main] ERROR XGLT_6685_Test - Element did not become visible within the specified time: Expected condition failed: waiting for helper.WaitUtility$5@658098a2 (tried for 30 second(s) with 500 milliseconds interval)
Build info: version: '3.141.59', revision: 'e82be7d358', time: '2018-11-14T08:17:03'
System info: host: 'DPLAP166', ip: '137.237.3.197', os.name: 'Windows 10', os.arch: 'amd64', os.version: '10.0', java.version: '19.0.1'
Driver info: org.openqa.selenium.support.events.EventFiringWebDriver
Capabilities {acceptInsecureCerts: true, browserName: chrome, browserVersion: 120.0.6099.72, chrome: {chromedriverVersion: 120.0.6099.109 (3419140ab66..., userDataDir: C:\Users\dP-PL\AppData\Loca...}, fedcm:accounts: true, goog:chromeOptions: {debuggerAddress: localhost:60862}, javascriptEnabled: true, networkConnectionEnabled: false, pageLoadStrategy: normal, platform: WINDOWS, platformName: WINDOWS, proxy: Proxy(), setWindowRect: true, strictFileInteractability: false, timeouts: {implicit: 0, pageLoad: 300000, script: 30000}, unhandledPromptBehavior: dismiss and notify, webauthn:extension:credBlob: true, webauthn:extension:largeBlob: true, webauthn:extension:minPinLength: true, webauthn:extension:prf: true, webauthn:virtualAuthenticators: true}
Session ID: b42297d292bc21c8e7aac60c7f16148b
2023-12-20 22:07:49,131 [main] INFO  base.BaseClass - Trying to find Element By {by.toString()})
2023-12-20 22:07:49,150 [main] INFO  base.BaseClass - Found Element By {by.toString()}
Height is 2670
2023-12-20 22:07:49,168 [main] INFO  base.BaseClass - Trying to find Element By {by.toString()})
2023-12-20 22:07:49,212 [main] INFO  base.BaseClass - Found Element By {by.toString()}
MCActivewithRevenue passed!
]]></system-out>
    <system-err><![CDATA[SLF4J: Class path contains multiple SLF4J bindings.
SLF4J: Found binding in [jar:file:/C:/Users/dP-PL/.m2/repository/org/apache/logging/log4j/log4j-slf4j-impl/2.17.0/log4j-slf4j-impl-2.17.0.jar!/org/slf4j/impl/StaticLoggerBinder.class]
SLF4J: Found binding in [jar:file:/C:/Users/dP-PL/.m2/repository/org/sonatype/gossip/gossip/1.0/gossip-1.0.jar!/org/slf4j/impl/StaticLoggerBinder.class]
SLF4J: Found binding in [jar:file:/C:/Users/dP-PL/.m2/repository/org/slf4j/slf4j-nop/1.5.3/slf4j-nop-1.5.3.jar!/org/slf4j/impl/StaticLoggerBinder.class]
SLF4J: Found binding in [jar:file:/C:/Users/dP-PL/.m2/repository/org/slf4j/slf4j-jdk14/1.5.6/slf4j-jdk14-1.5.6.jar!/org/slf4j/impl/StaticLoggerBinder.class]
SLF4J: See http://www.slf4j.org/codes.html#multiple_bindings for an explanation.
SLF4J: Actual binding is of type [org.apache.logging.slf4j.Log4jLoggerFactory]
Starting ChromeDriver 120.0.6099.109 (3419140ab665596f21b385ce136419fde0924272-refs/branch-heads/6099@{#1483}) on port 36612
Only local connections are allowed.
Please see https://chromedriver.chromium.org/security-considerations for suggestions on keeping ChromeDriver safe.
ChromeDriver was started successfully.
Dec 20, 2023 10:02:12 PM org.openqa.selenium.remote.ProtocolHandshake createSession
INFO: Detected dialect: W3C
]]></system-err>
  </testcase>
  <testcase name="MCinactivewithrev" classname="XGLT_6685_Test" time="122.843">
    <system-out><![CDATA[Before method Test name: Maintainance Tests
MCinactivewithrev started!
Navigated back from browser
2023-12-20 22:07:49,600 [main] INFO  base.BaseClass - Trying to find Element By {by.toString()})
2023-12-20 22:07:49,955 [main] INFO  base.BaseClass - Found Element By {by.toString()}
2023-12-20 22:07:50,490 [main] INFO  base.BaseClass - Trying to find Element By {by.toString()})
2023-12-20 22:07:50,572 [main] INFO  base.BaseClass - Found Element By {by.toString()}
2023-12-20 22:07:51,195 [main] INFO  base.BaseClass - Trying to find Element By {by.toString()})
2023-12-20 22:07:51,228 [main] INFO  base.BaseClass - Found Element By {by.toString()}
2023-12-20 22:07:51,771 [main] INFO  base.BaseClass - Trying to find Element By {by.toString()})
2023-12-20 22:07:51,791 [main] INFO  base.BaseClass - Found Element By {by.toString()}
2023-12-20 22:07:52,320 [main] INFO  base.BaseClass - Trying to find Element By {by.toString()})
2023-12-20 22:07:52,352 [main] INFO  base.BaseClass - Found Element By {by.toString()}
2023-12-20 22:07:52,900 [main] INFO  base.BaseClass - Trying to find Element By {by.toString()})
2023-12-20 22:07:53,060 [main] INFO  base.BaseClass - Found Element By {by.toString()}
2023-12-20 22:07:53,575 [main] INFO  base.BaseClass - Trying to find Element By {by.toString()})
2023-12-20 22:07:53,606 [main] INFO  base.BaseClass - Found Element By {by.toString()}
2023-12-20 22:07:54,145 [main] INFO  base.BaseClass - Trying to find Element By {by.toString()})
2023-12-20 22:07:54,171 [main] INFO  base.BaseClass - Found Element By {by.toString()}
2023-12-20 22:07:54,711 [main] INFO  base.BaseClass - Trying to find Element By {by.toString()})
2023-12-20 22:07:54,737 [main] INFO  base.BaseClass - Found Element By {by.toString()}
2023-12-20 22:07:55,277 [main] INFO  base.BaseClass - Trying to find Element By {by.toString()})
2023-12-20 22:07:55,323 [main] INFO  base.BaseClass - Found Element By {by.toString()}
2023-12-20 22:07:55,860 [main] INFO  base.BaseClass - Trying to find Element By {by.toString()})
2023-12-20 22:07:55,885 [main] INFO  base.BaseClass - Found Element By {by.toString()}
2023-12-20 22:07:56,427 [main] INFO  base.BaseClass - Trying to find Element By {by.toString()})
2023-12-20 22:07:56,453 [main] INFO  base.BaseClass - Found Element By {by.toString()}
2023-12-20 22:07:56,995 [main] INFO  base.BaseClass - Trying to find Element By {by.toString()})
2023-12-20 22:07:57,013 [main] INFO  base.BaseClass - Found Element By {by.toString()}
2023-12-20 22:07:57,545 [main] INFO  base.BaseClass - Trying to find Element By {by.toString()})
2023-12-20 22:07:57,570 [main] INFO  base.BaseClass - Found Element By {by.toString()}
2023-12-20 22:07:58,116 [main] INFO  base.BaseClass - Trying to find Element By {by.toString()})
2023-12-20 22:07:58,140 [main] INFO  base.BaseClass - Found Element By {by.toString()}
2023-12-20 22:07:58,682 [main] INFO  base.BaseClass - Trying to find Element By {by.toString()})
2023-12-20 22:07:58,709 [main] INFO  base.BaseClass - Found Element By {by.toString()}
2023-12-20 22:07:59,248 [main] INFO  base.BaseClass - Trying to find Element By {by.toString()})
2023-12-20 22:07:59,271 [main] INFO  base.BaseClass - Found Element By {by.toString()}
2023-12-20 22:07:59,798 [main] INFO  base.BaseClass - Trying to find Element By {by.toString()})
2023-12-20 22:07:59,822 [main] INFO  base.BaseClass - Found Element By {by.toString()}
2023-12-20 22:08:00,365 [main] INFO  base.BaseClass - Trying to find Element By {by.toString()})
2023-12-20 22:08:00,389 [main] INFO  base.BaseClass - Found Element By {by.toString()}
2023-12-20 22:08:00,916 [main] INFO  base.BaseClass - Trying to find Element By {by.toString()})
2023-12-20 22:08:00,941 [main] INFO  base.BaseClass - Found Element By {by.toString()}
2023-12-20 22:08:01,472 [main] INFO  base.BaseClass - Trying to find Element By {by.toString()})
2023-12-20 22:08:01,497 [main] INFO  base.BaseClass - Found Element By {by.toString()}
2023-12-20 22:08:02,036 [main] INFO  base.BaseClass - Trying to find Element By {by.toString()})
2023-12-20 22:08:02,058 [main] INFO  base.BaseClass - Found Element By {by.toString()}
2023-12-20 22:08:02,588 [main] INFO  base.BaseClass - Trying to find Element By {by.toString()})
2023-12-20 22:08:02,613 [main] INFO  base.BaseClass - Found Element By {by.toString()}
2023-12-20 22:08:03,157 [main] INFO  base.BaseClass - Trying to find Element By {by.toString()})
2023-12-20 22:08:03,179 [main] INFO  base.BaseClass - Found Element By {by.toString()}
2023-12-20 22:08:03,723 [main] INFO  base.BaseClass - Trying to find Element By {by.toString()})
2023-12-20 22:08:03,747 [main] INFO  base.BaseClass - Found Element By {by.toString()}
2023-12-20 22:08:04,292 [main] INFO  base.BaseClass - Trying to find Element By {by.toString()})
2023-12-20 22:08:04,316 [main] INFO  base.BaseClass - Found Element By {by.toString()}
2023-12-20 22:08:04,858 [main] INFO  base.BaseClass - Trying to find Element By {by.toString()})
2023-12-20 22:08:04,880 [main] INFO  base.BaseClass - Found Element By {by.toString()}
2023-12-20 22:08:05,423 [main] INFO  base.BaseClass - Trying to find Element By {by.toString()})
2023-12-20 22:08:05,457 [main] INFO  base.BaseClass - Found Element By {by.toString()}
2023-12-20 22:08:05,991 [main] INFO  base.BaseClass - Trying to find Element By {by.toString()})
2023-12-20 22:08:06,015 [main] INFO  base.BaseClass - Found Element By {by.toString()}
2023-12-20 22:08:06,557 [main] INFO  base.BaseClass - Trying to find Element By {by.toString()})
2023-12-20 22:08:06,582 [main] INFO  base.BaseClass - Found Element By {by.toString()}
2023-12-20 22:08:07,123 [main] INFO  base.BaseClass - Trying to find Element By {by.toString()})
2023-12-20 22:08:07,146 [main] INFO  base.BaseClass - Found Element By {by.toString()}
2023-12-20 22:08:07,679 [main] INFO  base.BaseClass - Trying to find Element By {by.toString()})
2023-12-20 22:08:07,699 [main] INFO  base.BaseClass - Found Element By {by.toString()}
2023-12-20 22:08:08,244 [main] INFO  base.BaseClass - Trying to find Element By {by.toString()})
2023-12-20 22:08:08,267 [main] INFO  base.BaseClass - Found Element By {by.toString()}
2023-12-20 22:08:08,812 [main] INFO  base.BaseClass - Trying to find Element By {by.toString()})
2023-12-20 22:08:08,838 [main] INFO  base.BaseClass - Found Element By {by.toString()}
2023-12-20 22:08:09,379 [main] INFO  base.BaseClass - Trying to find Element By {by.toString()})
2023-12-20 22:08:09,403 [main] INFO  base.BaseClass - Found Element By {by.toString()}
2023-12-20 22:08:09,944 [main] INFO  base.BaseClass - Trying to find Element By {by.toString()})
2023-12-20 22:08:09,966 [main] INFO  base.BaseClass - Found Element By {by.toString()}
2023-12-20 22:08:10,508 [main] INFO  base.BaseClass - Trying to find Element By {by.toString()})
2023-12-20 22:08:10,533 [main] INFO  base.BaseClass - Found Element By {by.toString()}
2023-12-20 22:08:11,073 [main] INFO  base.BaseClass - Trying to find Element By {by.toString()})
2023-12-20 22:08:11,094 [main] INFO  base.BaseClass - Found Element By {by.toString()}
2023-12-20 22:08:11,625 [main] INFO  base.BaseClass - Trying to find Element By {by.toString()})
2023-12-20 22:08:11,650 [main] INFO  base.BaseClass - Found Element By {by.toString()}
2023-12-20 22:08:12,191 [main] INFO  base.BaseClass - Trying to find Element By {by.toString()})
2023-12-20 22:08:12,212 [main] INFO  base.BaseClass - Found Element By {by.toString()}
2023-12-20 22:08:12,757 [main] INFO  base.BaseClass - Trying to find Element By {by.toString()})
2023-12-20 22:08:12,781 [main] INFO  base.BaseClass - Found Element By {by.toString()}
2023-12-20 22:08:13,320 [main] INFO  base.BaseClass - Trying to find Element By {by.toString()})
2023-12-20 22:08:13,344 [main] INFO  base.BaseClass - Found Element By {by.toString()}
2023-12-20 22:08:13,886 [main] INFO  base.BaseClass - Trying to find Element By {by.toString()})
2023-12-20 22:08:13,912 [main] INFO  base.BaseClass - Found Element By {by.toString()}
2023-12-20 22:08:14,451 [main] INFO  base.BaseClass - Trying to find Element By {by.toString()})
2023-12-20 22:08:14,475 [main] INFO  base.BaseClass - Found Element By {by.toString()}
2023-12-20 22:08:15,015 [main] INFO  base.BaseClass - Trying to find Element By {by.toString()})
2023-12-20 22:08:15,038 [main] INFO  base.BaseClass - Found Element By {by.toString()}
2023-12-20 22:08:15,580 [main] INFO  base.BaseClass - Trying to find Element By {by.toString()})
2023-12-20 22:08:15,605 [main] INFO  base.BaseClass - Found Element By {by.toString()}
2023-12-20 22:08:16,146 [main] INFO  base.BaseClass - Trying to find Element By {by.toString()})
2023-12-20 22:08:16,170 [main] INFO  base.BaseClass - Found Element By {by.toString()}
2023-12-20 22:08:16,713 [main] INFO  base.BaseClass - Trying to find Element By {by.toString()})
2023-12-20 22:08:16,735 [main] INFO  base.BaseClass - Found Element By {by.toString()}
2023-12-20 22:08:17,261 [main] INFO  base.BaseClass - Trying to find Element By {by.toString()})
2023-12-20 22:08:17,284 [main] INFO  base.BaseClass - Found Element By {by.toString()}
2023-12-20 22:08:17,826 [main] INFO  base.BaseClass - Trying to find Element By {by.toString()})
2023-12-20 22:08:17,843 [main] INFO  base.BaseClass - Found Element By {by.toString()}
2023-12-20 22:08:18,373 [main] INFO  base.BaseClass - Trying to find Element By {by.toString()})
2023-12-20 22:08:18,397 [main] INFO  base.BaseClass - Found Element By {by.toString()}
2023-12-20 22:08:18,928 [main] INFO  base.BaseClass - Trying to find Element By {by.toString()})
2023-12-20 22:08:18,951 [main] INFO  base.BaseClass - Found Element By {by.toString()}
2023-12-20 22:08:19,490 [main] INFO  base.BaseClass - Trying to find Element By {by.toString()})
2023-12-20 22:08:19,513 [main] INFO  base.BaseClass - Found Element By {by.toString()}
2023-12-20 22:08:20,057 [main] INFO  base.BaseClass - Trying to find Element By {by.toString()})
2023-12-20 22:08:20,082 [main] INFO  base.BaseClass - Found Element By {by.toString()}
TimeoutException occurred: Expected condition failed: waiting for helper.WaitUtility$5@62fbefad (tried for 30 second(s) with 500 milliseconds interval)
Build info: version: '3.141.59', revision: 'e82be7d358', time: '2018-11-14T08:17:03'
System info: host: 'DPLAP166', ip: '137.237.3.197', os.name: 'Windows 10', os.arch: 'amd64', os.version: '10.0', java.version: '19.0.1'
Driver info: org.openqa.selenium.support.events.EventFiringWebDriver
Capabilities {acceptInsecureCerts: true, browserName: chrome, browserVersion: 120.0.6099.72, chrome: {chromedriverVersion: 120.0.6099.109 (3419140ab66..., userDataDir: C:\Users\dP-PL\AppData\Loca...}, fedcm:accounts: true, goog:chromeOptions: {debuggerAddress: localhost:60862}, javascriptEnabled: true, networkConnectionEnabled: false, pageLoadStrategy: normal, platform: WINDOWS, platformName: WINDOWS, proxy: Proxy(), setWindowRect: true, strictFileInteractability: false, timeouts: {implicit: 0, pageLoad: 300000, script: 30000}, unhandledPromptBehavior: dismiss and notify, webauthn:extension:credBlob: true, webauthn:extension:largeBlob: true, webauthn:extension:minPinLength: true, webauthn:extension:prf: true, webauthn:virtualAuthenticators: true}
Session ID: b42297d292bc21c8e7aac60c7f16148b
2023-12-20 22:08:20,117 [main] ERROR XGLT_6685_Test - Element did not become visible within the specified time: Expected condition failed: waiting for helper.WaitUtility$5@62fbefad (tried for 30 second(s) with 500 milliseconds interval)
Build info: version: '3.141.59', revision: 'e82be7d358', time: '2018-11-14T08:17:03'
System info: host: 'DPLAP166', ip: '137.237.3.197', os.name: 'Windows 10', os.arch: 'amd64', os.version: '10.0', java.version: '19.0.1'
Driver info: org.openqa.selenium.support.events.EventFiringWebDriver
Capabilities {acceptInsecureCerts: true, browserName: chrome, browserVersion: 120.0.6099.72, chrome: {chromedriverVersion: 120.0.6099.109 (3419140ab66..., userDataDir: C:\Users\dP-PL\AppData\Loca...}, fedcm:accounts: true, goog:chromeOptions: {debuggerAddress: localhost:60862}, javascriptEnabled: true, networkConnectionEnabled: false, pageLoadStrategy: normal, platform: WINDOWS, platformName: WINDOWS, proxy: Proxy(), setWindowRect: true, strictFileInteractability: false, timeouts: {implicit: 0, pageLoad: 300000, script: 30000}, unhandledPromptBehavior: dismiss and notify, webauthn:extension:credBlob: true, webauthn:extension:largeBlob: true, webauthn:extension:minPinLength: true, webauthn:extension:prf: true, webauthn:virtualAuthenticators: true}
Session ID: b42297d292bc21c8e7aac60c7f16148b
2023-12-20 22:08:20,117 [main] INFO  base.BaseClass - Trying to find Element By {by.toString()})
2023-12-20 22:08:20,142 [main] INFO  base.BaseClass - Found Element By {by.toString()}
2023-12-20 22:08:20,681 [main] INFO  base.BaseClass - Trying to find Element By {by.toString()})
2023-12-20 22:08:20,705 [main] INFO  base.BaseClass - Found Element By {by.toString()}
2023-12-20 22:08:21,230 [main] INFO  base.BaseClass - Trying to find Element By {by.toString()})
2023-12-20 22:08:21,249 [main] INFO  base.BaseClass - Found Element By {by.toString()}
2023-12-20 22:08:21,780 [main] INFO  base.BaseClass - Trying to find Element By {by.toString()})
2023-12-20 22:08:21,804 [main] INFO  base.BaseClass - Found Element By {by.toString()}
2023-12-20 22:08:22,345 [main] INFO  base.BaseClass - Trying to find Element By {by.toString()})
2023-12-20 22:08:22,368 [main] INFO  base.BaseClass - Found Element By {by.toString()}
2023-12-20 22:08:22,910 [main] INFO  base.BaseClass - Trying to find Element By {by.toString()})
2023-12-20 22:08:22,932 [main] INFO  base.BaseClass - Found Element By {by.toString()}
2023-12-20 22:08:23,475 [main] INFO  base.BaseClass - Trying to find Element By {by.toString()})
2023-12-20 22:08:23,503 [main] INFO  base.BaseClass - Found Element By {by.toString()}
2023-12-20 22:08:24,041 [main] INFO  base.BaseClass - Trying to find Element By {by.toString()})
2023-12-20 22:08:24,050 [main] INFO  base.BaseClass - Found Element By {by.toString()}
2023-12-20 22:08:24,590 [main] INFO  base.BaseClass - Trying to find Element By {by.toString()})
2023-12-20 22:08:24,614 [main] INFO  base.BaseClass - Found Element By {by.toString()}
2023-12-20 22:08:25,142 [main] INFO  base.BaseClass - Trying to find Element By {by.toString()})
2023-12-20 22:08:25,162 [main] INFO  base.BaseClass - Found Element By {by.toString()}
2023-12-20 22:08:25,708 [main] INFO  base.BaseClass - Trying to find Element By {by.toString()})
2023-12-20 22:08:25,732 [main] INFO  base.BaseClass - Found Element By {by.toString()}
2023-12-20 22:08:26,275 [main] INFO  base.BaseClass - Trying to find Element By {by.toString()})
2023-12-20 22:08:26,298 [main] INFO  base.BaseClass - Found Element By {by.toString()}
2023-12-20 22:08:26,824 [main] INFO  base.BaseClass - Trying to find Element By {by.toString()})
2023-12-20 22:08:26,848 [main] INFO  base.BaseClass - Found Element By {by.toString()}
2023-12-20 22:08:27,390 [main] INFO  base.BaseClass - Trying to find Element By {by.toString()})
2023-12-20 22:08:27,413 [main] INFO  base.BaseClass - Found Element By {by.toString()}
2023-12-20 22:08:27,958 [main] INFO  base.BaseClass - Trying to find Element By {by.toString()})
2023-12-20 22:08:27,984 [main] INFO  base.BaseClass - Found Element By {by.toString()}
2023-12-20 22:08:28,525 [main] INFO  base.BaseClass - Trying to find Element By {by.toString()})
2023-12-20 22:08:28,549 [main] INFO  base.BaseClass - Found Element By {by.toString()}
2023-12-20 22:08:29,092 [main] INFO  base.BaseClass - Trying to find Element By {by.toString()})
2023-12-20 22:08:29,115 [main] INFO  base.BaseClass - Found Element By {by.toString()}
2023-12-20 22:08:29,643 [main] INFO  base.BaseClass - Trying to find Element By {by.toString()})
2023-12-20 22:08:29,667 [main] INFO  base.BaseClass - Found Element By {by.toString()}
2023-12-20 22:08:30,207 [main] INFO  base.BaseClass - Trying to find Element By {by.toString()})
2023-12-20 22:08:30,233 [main] INFO  base.BaseClass - Found Element By {by.toString()}
2023-12-20 22:08:30,773 [main] INFO  base.BaseClass - Trying to find Element By {by.toString()})
2023-12-20 22:08:30,798 [main] INFO  base.BaseClass - Found Element By {by.toString()}
2023-12-20 22:08:31,337 [main] INFO  base.BaseClass - Trying to find Element By {by.toString()})
2023-12-20 22:08:31,359 [main] INFO  base.BaseClass - Found Element By {by.toString()}
2023-12-20 22:08:31,901 [main] INFO  base.BaseClass - Trying to find Element By {by.toString()})
2023-12-20 22:08:31,924 [main] INFO  base.BaseClass - Found Element By {by.toString()}
2023-12-20 22:08:32,464 [main] INFO  base.BaseClass - Trying to find Element By {by.toString()})
2023-12-20 22:08:32,487 [main] INFO  base.BaseClass - Found Element By {by.toString()}
2023-12-20 22:08:33,017 [main] INFO  base.BaseClass - Trying to find Element By {by.toString()})
2023-12-20 22:08:33,040 [main] INFO  base.BaseClass - Found Element By {by.toString()}
2023-12-20 22:08:33,580 [main] INFO  base.BaseClass - Trying to find Element By {by.toString()})
2023-12-20 22:08:33,604 [main] INFO  base.BaseClass - Found Element By {by.toString()}
2023-12-20 22:08:34,144 [main] INFO  base.BaseClass - Trying to find Element By {by.toString()})
2023-12-20 22:08:34,168 [main] INFO  base.BaseClass - Found Element By {by.toString()}
2023-12-20 22:08:34,708 [main] INFO  base.BaseClass - Trying to find Element By {by.toString()})
2023-12-20 22:08:34,731 [main] INFO  base.BaseClass - Found Element By {by.toString()}
2023-12-20 22:08:35,272 [main] INFO  base.BaseClass - Trying to find Element By {by.toString()})
2023-12-20 22:08:35,291 [main] INFO  base.BaseClass - Found Element By {by.toString()}
2023-12-20 22:08:35,820 [main] INFO  base.BaseClass - Trying to find Element By {by.toString()})
2023-12-20 22:08:35,838 [main] INFO  base.BaseClass - Found Element By {by.toString()}
2023-12-20 22:08:36,369 [main] INFO  base.BaseClass - Trying to find Element By {by.toString()})
2023-12-20 22:08:36,391 [main] INFO  base.BaseClass - Found Element By {by.toString()}
2023-12-20 22:08:36,922 [main] INFO  base.BaseClass - Trying to find Element By {by.toString()})
2023-12-20 22:08:36,945 [main] INFO  base.BaseClass - Found Element By {by.toString()}
2023-12-20 22:08:37,490 [main] INFO  base.BaseClass - Trying to find Element By {by.toString()})
2023-12-20 22:08:37,527 [main] INFO  base.BaseClass - Found Element By {by.toString()}
2023-12-20 22:08:38,057 [main] INFO  base.BaseClass - Trying to find Element By {by.toString()})
2023-12-20 22:08:38,079 [main] INFO  base.BaseClass - Found Element By {by.toString()}
2023-12-20 22:08:38,622 [main] INFO  base.BaseClass - Trying to find Element By {by.toString()})
2023-12-20 22:08:38,643 [main] INFO  base.BaseClass - Found Element By {by.toString()}
2023-12-20 22:08:39,186 [main] INFO  base.BaseClass - Trying to find Element By {by.toString()})
2023-12-20 22:08:39,210 [main] INFO  base.BaseClass - Found Element By {by.toString()}
2023-12-20 22:08:39,766 [main] INFO  base.BaseClass - Trying to find Element By {by.toString()})
2023-12-20 22:08:39,788 [main] INFO  base.BaseClass - Found Element By {by.toString()}
2023-12-20 22:08:40,315 [main] INFO  base.BaseClass - Trying to find Element By {by.toString()})
2023-12-20 22:08:40,336 [main] INFO  base.BaseClass - Found Element By {by.toString()}
2023-12-20 22:08:40,866 [main] INFO  base.BaseClass - Trying to find Element By {by.toString()})
2023-12-20 22:08:40,890 [main] INFO  base.BaseClass - Found Element By {by.toString()}
2023-12-20 22:08:41,430 [main] INFO  base.BaseClass - Trying to find Element By {by.toString()})
2023-12-20 22:08:41,451 [main] INFO  base.BaseClass - Found Element By {by.toString()}
2023-12-20 22:08:41,996 [main] INFO  base.BaseClass - Trying to find Element By {by.toString()})
2023-12-20 22:08:42,017 [main] INFO  base.BaseClass - Found Element By {by.toString()}
2023-12-20 22:08:42,549 [main] INFO  base.BaseClass - Trying to find Element By {by.toString()})
2023-12-20 22:08:42,570 [main] INFO  base.BaseClass - Found Element By {by.toString()}
2023-12-20 22:08:43,115 [main] INFO  base.BaseClass - Trying to find Element By {by.toString()})
2023-12-20 22:08:43,139 [main] INFO  base.BaseClass - Found Element By {by.toString()}
2023-12-20 22:08:43,682 [main] INFO  base.BaseClass - Trying to find Element By {by.toString()})
2023-12-20 22:08:43,703 [main] INFO  base.BaseClass - Found Element By {by.toString()}
2023-12-20 22:08:44,234 [main] INFO  base.BaseClass - Trying to find Element By {by.toString()})
2023-12-20 22:08:44,258 [main] INFO  base.BaseClass - Found Element By {by.toString()}
2023-12-20 22:08:44,795 [main] INFO  base.BaseClass - Trying to find Element By {by.toString()})
2023-12-20 22:08:44,819 [main] INFO  base.BaseClass - Found Element By {by.toString()}
2023-12-20 22:08:45,362 [main] INFO  base.BaseClass - Trying to find Element By {by.toString()})
2023-12-20 22:08:45,384 [main] INFO  base.BaseClass - Found Element By {by.toString()}
2023-12-20 22:08:45,928 [main] INFO  base.BaseClass - Trying to find Element By {by.toString()})
2023-12-20 22:08:45,952 [main] INFO  base.BaseClass - Found Element By {by.toString()}
2023-12-20 22:08:46,494 [main] INFO  base.BaseClass - Trying to find Element By {by.toString()})
2023-12-20 22:08:46,518 [main] INFO  base.BaseClass - Found Element By {by.toString()}
2023-12-20 22:08:47,059 [main] INFO  base.BaseClass - Trying to find Element By {by.toString()})
2023-12-20 22:08:47,084 [main] INFO  base.BaseClass - Found Element By {by.toString()}
2023-12-20 22:08:47,624 [main] INFO  base.BaseClass - Trying to find Element By {by.toString()})
2023-12-20 22:08:47,647 [main] INFO  base.BaseClass - Found Element By {by.toString()}
2023-12-20 22:08:48,179 [main] INFO  base.BaseClass - Trying to find Element By {by.toString()})
2023-12-20 22:08:48,202 [main] INFO  base.BaseClass - Found Element By {by.toString()}
2023-12-20 22:08:48,744 [main] INFO  base.BaseClass - Trying to find Element By {by.toString()})
2023-12-20 22:08:48,766 [main] INFO  base.BaseClass - Found Element By {by.toString()}
2023-12-20 22:08:49,308 [main] INFO  base.BaseClass - Trying to find Element By {by.toString()})
2023-12-20 22:08:49,330 [main] INFO  base.BaseClass - Found Element By {by.toString()}
2023-12-20 22:08:49,868 [main] INFO  base.BaseClass - Trying to find Element By {by.toString()})
2023-12-20 22:08:49,892 [main] INFO  base.BaseClass - Found Element By {by.toString()}
2023-12-20 22:08:50,424 [main] INFO  base.BaseClass - Trying to find Element By {by.toString()})
2023-12-20 22:08:50,447 [main] INFO  base.BaseClass - Found Element By {by.toString()}
TimeoutException occurred: Expected condition failed: waiting for helper.WaitUtility$5@604e8a6 (tried for 30 second(s) with 500 milliseconds interval)
Build info: version: '3.141.59', revision: 'e82be7d358', time: '2018-11-14T08:17:03'
System info: host: 'DPLAP166', ip: '137.237.3.197', os.name: 'Windows 10', os.arch: 'amd64', os.version: '10.0', java.version: '19.0.1'
Driver info: org.openqa.selenium.support.events.EventFiringWebDriver
Capabilities {acceptInsecureCerts: true, browserName: chrome, browserVersion: 120.0.6099.72, chrome: {chromedriverVersion: 120.0.6099.109 (3419140ab66..., userDataDir: C:\Users\dP-PL\AppData\Loca...}, fedcm:accounts: true, goog:chromeOptions: {debuggerAddress: localhost:60862}, javascriptEnabled: true, networkConnectionEnabled: false, pageLoadStrategy: normal, platform: WINDOWS, platformName: WINDOWS, proxy: Proxy(), setWindowRect: true, strictFileInteractability: false, timeouts: {implicit: 0, pageLoad: 300000, script: 30000}, unhandledPromptBehavior: dismiss and notify, webauthn:extension:credBlob: true, webauthn:extension:largeBlob: true, webauthn:extension:minPinLength: true, webauthn:extension:prf: true, webauthn:virtualAuthenticators: true}
Session ID: b42297d292bc21c8e7aac60c7f16148b
2023-12-20 22:08:50,481 [main] ERROR XGLT_6685_Test - Element did not become visible within the specified time: Expected condition failed: waiting for helper.WaitUtility$5@604e8a6 (tried for 30 second(s) with 500 milliseconds interval)
Build info: version: '3.141.59', revision: 'e82be7d358', time: '2018-11-14T08:17:03'
System info: host: 'DPLAP166', ip: '137.237.3.197', os.name: 'Windows 10', os.arch: 'amd64', os.version: '10.0', java.version: '19.0.1'
Driver info: org.openqa.selenium.support.events.EventFiringWebDriver
Capabilities {acceptInsecureCerts: true, browserName: chrome, browserVersion: 120.0.6099.72, chrome: {chromedriverVersion: 120.0.6099.109 (3419140ab66..., userDataDir: C:\Users\dP-PL\AppData\Loca...}, fedcm:accounts: true, goog:chromeOptions: {debuggerAddress: localhost:60862}, javascriptEnabled: true, networkConnectionEnabled: false, pageLoadStrategy: normal, platform: WINDOWS, platformName: WINDOWS, proxy: Proxy(), setWindowRect: true, strictFileInteractability: false, timeouts: {implicit: 0, pageLoad: 300000, script: 30000}, unhandledPromptBehavior: dismiss and notify, webauthn:extension:credBlob: true, webauthn:extension:largeBlob: true, webauthn:extension:minPinLength: true, webauthn:extension:prf: true, webauthn:virtualAuthenticators: true}
Session ID: b42297d292bc21c8e7aac60c7f16148b
2023-12-20 22:08:50,482 [main] INFO  base.BaseClass - Trying to find Element By {by.toString()})
2023-12-20 22:08:50,501 [main] INFO  base.BaseClass - Found Element By {by.toString()}
MC inactive value is 26
2023-12-20 22:08:50,536 [main] INFO  base.BaseClass - Trying to find Element By {by.toString()})
2023-12-20 22:08:50,556 [main] INFO  base.BaseClass - Found Element By {by.toString()}
2023-12-20 22:08:51,095 [main] INFO  base.BaseClass - Trying to find Element By {by.toString()})
2023-12-20 22:08:51,114 [main] INFO  base.BaseClass - Found Element By {by.toString()}
2023-12-20 22:08:51,649 [main] INFO  base.BaseClass - Trying to find Element By {by.toString()})
2023-12-20 22:08:51,668 [main] INFO  base.BaseClass - Found Element By {by.toString()}
2023-12-20 22:08:52,198 [main] INFO  base.BaseClass - Trying to find Element By {by.toString()})
2023-12-20 22:08:52,222 [main] INFO  base.BaseClass - Found Element By {by.toString()}
2023-12-20 22:08:52,763 [main] INFO  base.BaseClass - Trying to find Element By {by.toString()})
2023-12-20 22:08:52,773 [main] INFO  base.BaseClass - Found Element By {by.toString()}
2023-12-20 22:08:53,298 [main] INFO  base.BaseClass - Trying to find Element By {by.toString()})
2023-12-20 22:08:53,322 [main] INFO  base.BaseClass - Found Element By {by.toString()}
2023-12-20 22:08:53,863 [main] INFO  base.BaseClass - Trying to find Element By {by.toString()})
2023-12-20 22:08:53,880 [main] INFO  base.BaseClass - Found Element By {by.toString()}
2023-12-20 22:08:54,419 [main] INFO  base.BaseClass - Trying to find Element By {by.toString()})
2023-12-20 22:08:54,441 [main] INFO  base.BaseClass - Found Element By {by.toString()}
2023-12-20 22:08:54,972 [main] INFO  base.BaseClass - Trying to find Element By {by.toString()})
2023-12-20 22:08:54,995 [main] INFO  base.BaseClass - Found Element By {by.toString()}
2023-12-20 22:08:55,526 [main] INFO  base.BaseClass - Trying to find Element By {by.toString()})
2023-12-20 22:08:55,547 [main] INFO  base.BaseClass - Found Element By {by.toString()}
2023-12-20 22:08:56,091 [main] INFO  base.BaseClass - Trying to find Element By {by.toString()})
2023-12-20 22:08:56,115 [main] INFO  base.BaseClass - Found Element By {by.toString()}
2023-12-20 22:08:56,658 [main] INFO  base.BaseClass - Trying to find Element By {by.toString()})
2023-12-20 22:08:56,679 [main] INFO  base.BaseClass - Found Element By {by.toString()}
2023-12-20 22:08:57,222 [main] INFO  base.BaseClass - Trying to find Element By {by.toString()})
2023-12-20 22:08:57,241 [main] INFO  base.BaseClass - Found Element By {by.toString()}
2023-12-20 22:08:57,774 [main] INFO  base.BaseClass - Trying to find Element By {by.toString()})
2023-12-20 22:08:57,798 [main] INFO  base.BaseClass - Found Element By {by.toString()}
2023-12-20 22:08:58,341 [main] INFO  base.BaseClass - Trying to find Element By {by.toString()})
2023-12-20 22:08:58,366 [main] INFO  base.BaseClass - Found Element By {by.toString()}
2023-12-20 22:08:58,907 [main] INFO  base.BaseClass - Trying to find Element By {by.toString()})
2023-12-20 22:08:58,924 [main] INFO  base.BaseClass - Found Element By {by.toString()}
2023-12-20 22:08:59,456 [main] INFO  base.BaseClass - Trying to find Element By {by.toString()})
2023-12-20 22:08:59,477 [main] INFO  base.BaseClass - Found Element By {by.toString()}
2023-12-20 22:09:00,024 [main] INFO  base.BaseClass - Trying to find Element By {by.toString()})
2023-12-20 22:09:00,042 [main] INFO  base.BaseClass - Found Element By {by.toString()}
2023-12-20 22:09:00,577 [main] INFO  base.BaseClass - Trying to find Element By {by.toString()})
2023-12-20 22:09:00,601 [main] INFO  base.BaseClass - Found Element By {by.toString()}
2023-12-20 22:09:01,144 [main] INFO  base.BaseClass - Trying to find Element By {by.toString()})
2023-12-20 22:09:01,166 [main] INFO  base.BaseClass - Found Element By {by.toString()}
2023-12-20 22:09:01,710 [main] INFO  base.BaseClass - Trying to find Element By {by.toString()})
2023-12-20 22:09:01,735 [main] INFO  base.BaseClass - Found Element By {by.toString()}
2023-12-20 22:09:02,278 [main] INFO  base.BaseClass - Trying to find Element By {by.toString()})
2023-12-20 22:09:02,302 [main] INFO  base.BaseClass - Found Element By {by.toString()}
2023-12-20 22:09:02,845 [main] INFO  base.BaseClass - Trying to find Element By {by.toString()})
2023-12-20 22:09:02,868 [main] INFO  base.BaseClass - Found Element By {by.toString()}
2023-12-20 22:09:03,407 [main] INFO  base.BaseClass - Trying to find Element By {by.toString()})
2023-12-20 22:09:03,431 [main] INFO  base.BaseClass - Found Element By {by.toString()}
2023-12-20 22:09:03,972 [main] INFO  base.BaseClass - Trying to find Element By {by.toString()})
2023-12-20 22:09:03,993 [main] INFO  base.BaseClass - Found Element By {by.toString()}
2023-12-20 22:09:04,540 [main] INFO  base.BaseClass - Trying to find Element By {by.toString()})
2023-12-20 22:09:04,561 [main] INFO  base.BaseClass - Found Element By {by.toString()}
2023-12-20 22:09:05,088 [main] INFO  base.BaseClass - Trying to find Element By {by.toString()})
2023-12-20 22:09:05,112 [main] INFO  base.BaseClass - Found Element By {by.toString()}
2023-12-20 22:09:05,661 [main] INFO  base.BaseClass - Trying to find Element By {by.toString()})
2023-12-20 22:09:05,684 [main] INFO  base.BaseClass - Found Element By {by.toString()}
2023-12-20 22:09:06,216 [main] INFO  base.BaseClass - Trying to find Element By {by.toString()})
2023-12-20 22:09:06,240 [main] INFO  base.BaseClass - Found Element By {by.toString()}
2023-12-20 22:09:06,783 [main] INFO  base.BaseClass - Trying to find Element By {by.toString()})
2023-12-20 22:09:06,807 [main] INFO  base.BaseClass - Found Element By {by.toString()}
2023-12-20 22:09:07,352 [main] INFO  base.BaseClass - Trying to find Element By {by.toString()})
2023-12-20 22:09:07,375 [main] INFO  base.BaseClass - Found Element By {by.toString()}
2023-12-20 22:09:07,921 [main] INFO  base.BaseClass - Trying to find Element By {by.toString()})
2023-12-20 22:09:07,943 [main] INFO  base.BaseClass - Found Element By {by.toString()}
2023-12-20 22:09:08,482 [main] INFO  base.BaseClass - Trying to find Element By {by.toString()})
2023-12-20 22:09:08,507 [main] INFO  base.BaseClass - Found Element By {by.toString()}
2023-12-20 22:09:09,053 [main] INFO  base.BaseClass - Trying to find Element By {by.toString()})
2023-12-20 22:09:09,077 [main] INFO  base.BaseClass - Found Element By {by.toString()}
2023-12-20 22:09:09,621 [main] INFO  base.BaseClass - Trying to find Element By {by.toString()})
2023-12-20 22:09:09,645 [main] INFO  base.BaseClass - Found Element By {by.toString()}
2023-12-20 22:09:10,186 [main] INFO  base.BaseClass - Trying to find Element By {by.toString()})
2023-12-20 22:09:10,236 [main] INFO  base.BaseClass - Found Element By {by.toString()}
2023-12-20 22:09:10,770 [main] INFO  base.BaseClass - Trying to find Element By {by.toString()})
2023-12-20 22:09:10,794 [main] INFO  base.BaseClass - Found Element By {by.toString()}
2023-12-20 22:09:11,337 [main] INFO  base.BaseClass - Trying to find Element By {by.toString()})
2023-12-20 22:09:11,361 [main] INFO  base.BaseClass - Found Element By {by.toString()}
2023-12-20 22:09:11,900 [main] INFO  base.BaseClass - Trying to find Element By {by.toString()})
2023-12-20 22:09:11,923 [main] INFO  base.BaseClass - Found Element By {by.toString()}
2023-12-20 22:09:12,461 [main] INFO  base.BaseClass - Trying to find Element By {by.toString()})
2023-12-20 22:09:12,485 [main] INFO  base.BaseClass - Found Element By {by.toString()}
2023-12-20 22:09:13,028 [main] INFO  base.BaseClass - Trying to find Element By {by.toString()})
2023-12-20 22:09:13,049 [main] INFO  base.BaseClass - Found Element By {by.toString()}
2023-12-20 22:09:13,584 [main] INFO  base.BaseClass - Trying to find Element By {by.toString()})
2023-12-20 22:09:13,607 [main] INFO  base.BaseClass - Found Element By {by.toString()}
2023-12-20 22:09:14,153 [main] INFO  base.BaseClass - Trying to find Element By {by.toString()})
2023-12-20 22:09:14,178 [main] INFO  base.BaseClass - Found Element By {by.toString()}
2023-12-20 22:09:14,719 [main] INFO  base.BaseClass - Trying to find Element By {by.toString()})
2023-12-20 22:09:14,735 [main] INFO  base.BaseClass - Found Element By {by.toString()}
2023-12-20 22:09:15,278 [main] INFO  base.BaseClass - Trying to find Element By {by.toString()})
2023-12-20 22:09:15,302 [main] INFO  base.BaseClass - Found Element By {by.toString()}
2023-12-20 22:09:15,849 [main] INFO  base.BaseClass - Trying to find Element By {by.toString()})
2023-12-20 22:09:15,869 [main] INFO  base.BaseClass - Found Element By {by.toString()}
2023-12-20 22:09:16,402 [main] INFO  base.BaseClass - Trying to find Element By {by.toString()})
2023-12-20 22:09:16,427 [main] INFO  base.BaseClass - Found Element By {by.toString()}
2023-12-20 22:09:16,969 [main] INFO  base.BaseClass - Trying to find Element By {by.toString()})
2023-12-20 22:09:16,993 [main] INFO  base.BaseClass - Found Element By {by.toString()}
2023-12-20 22:09:17,533 [main] INFO  base.BaseClass - Trying to find Element By {by.toString()})
2023-12-20 22:09:17,556 [main] INFO  base.BaseClass - Found Element By {by.toString()}
2023-12-20 22:09:18,098 [main] INFO  base.BaseClass - Trying to find Element By {by.toString()})
2023-12-20 22:09:18,120 [main] INFO  base.BaseClass - Found Element By {by.toString()}
2023-12-20 22:09:18,650 [main] INFO  base.BaseClass - Trying to find Element By {by.toString()})
2023-12-20 22:09:18,673 [main] INFO  base.BaseClass - Found Element By {by.toString()}
2023-12-20 22:09:19,214 [main] INFO  base.BaseClass - Trying to find Element By {by.toString()})
2023-12-20 22:09:19,236 [main] INFO  base.BaseClass - Found Element By {by.toString()}
2023-12-20 22:09:19,763 [main] INFO  base.BaseClass - Trying to find Element By {by.toString()})
2023-12-20 22:09:19,789 [main] INFO  base.BaseClass - Found Element By {by.toString()}
2023-12-20 22:09:20,328 [main] INFO  base.BaseClass - Trying to find Element By {by.toString()})
2023-12-20 22:09:20,351 [main] INFO  base.BaseClass - Found Element By {by.toString()}
2023-12-20 22:09:20,894 [main] INFO  base.BaseClass - Trying to find Element By {by.toString()})
2023-12-20 22:09:20,921 [main] INFO  base.BaseClass - Found Element By {by.toString()}
TimeoutException occurred: Expected condition failed: waiting for helper.WaitUtility$5@7cddc50f (tried for 30 second(s) with 500 milliseconds interval)
Build info: version: '3.141.59', revision: 'e82be7d358', time: '2018-11-14T08:17:03'
System info: host: 'DPLAP166', ip: '137.237.3.197', os.name: 'Windows 10', os.arch: 'amd64', os.version: '10.0', java.version: '19.0.1'
Driver info: org.openqa.selenium.support.events.EventFiringWebDriver
Capabilities {acceptInsecureCerts: true, browserName: chrome, browserVersion: 120.0.6099.72, chrome: {chromedriverVersion: 120.0.6099.109 (3419140ab66..., userDataDir: C:\Users\dP-PL\AppData\Loca...}, fedcm:accounts: true, goog:chromeOptions: {debuggerAddress: localhost:60862}, javascriptEnabled: true, networkConnectionEnabled: false, pageLoadStrategy: normal, platform: WINDOWS, platformName: WINDOWS, proxy: Proxy(), setWindowRect: true, strictFileInteractability: false, timeouts: {implicit: 0, pageLoad: 300000, script: 30000}, unhandledPromptBehavior: dismiss and notify, webauthn:extension:credBlob: true, webauthn:extension:largeBlob: true, webauthn:extension:minPinLength: true, webauthn:extension:prf: true, webauthn:virtualAuthenticators: true}
Session ID: b42297d292bc21c8e7aac60c7f16148b
2023-12-20 22:09:20,948 [main] ERROR XGLT_6685_Test - Element did not become visible within the specified time: Expected condition failed: waiting for helper.WaitUtility$5@7cddc50f (tried for 30 second(s) with 500 milliseconds interval)
Build info: version: '3.141.59', revision: 'e82be7d358', time: '2018-11-14T08:17:03'
System info: host: 'DPLAP166', ip: '137.237.3.197', os.name: 'Windows 10', os.arch: 'amd64', os.version: '10.0', java.version: '19.0.1'
Driver info: org.openqa.selenium.support.events.EventFiringWebDriver
Capabilities {acceptInsecureCerts: true, browserName: chrome, browserVersion: 120.0.6099.72, chrome: {chromedriverVersion: 120.0.6099.109 (3419140ab66..., userDataDir: C:\Users\dP-PL\AppData\Loca...}, fedcm:accounts: true, goog:chromeOptions: {debuggerAddress: localhost:60862}, javascriptEnabled: true, networkConnectionEnabled: false, pageLoadStrategy: normal, platform: WINDOWS, platformName: WINDOWS, proxy: Proxy(), setWindowRect: true, strictFileInteractability: false, timeouts: {implicit: 0, pageLoad: 300000, script: 30000}, unhandledPromptBehavior: dismiss and notify, webauthn:extension:credBlob: true, webauthn:extension:largeBlob: true, webauthn:extension:minPinLength: true, webauthn:extension:prf: true, webauthn:virtualAuthenticators: true}
Session ID: b42297d292bc21c8e7aac60c7f16148b
2023-12-20 22:09:20,949 [main] INFO  base.BaseClass - Trying to find Element By {by.toString()})
2023-12-20 22:09:20,965 [main] INFO  base.BaseClass - Found Element By {by.toString()}
2023-12-20 22:09:20,966 [main] INFO  base.BaseClass - Trying to click on: {element.toString()}
2023-12-20 22:09:21,158 [main] INFO  base.BaseClass - Clicked on: {element.toString()}
2023-12-20 22:09:21,158 [main] INFO  base.BaseClass - Trying to find Element By {by.toString()})
2023-12-20 22:09:22,347 [main] INFO  base.BaseClass - Found Element By {by.toString()}
2023-12-20 22:09:22,872 [main] INFO  base.BaseClass - Trying to find Element By {by.toString()})
2023-12-20 22:09:22,899 [main] INFO  base.BaseClass - Found Element By {by.toString()}
2023-12-20 22:09:23,438 [main] INFO  base.BaseClass - Trying to find Element By {by.toString()})
2023-12-20 22:09:23,466 [main] INFO  base.BaseClass - Found Element By {by.toString()}
2023-12-20 22:09:24,004 [main] INFO  base.BaseClass - Trying to find Element By {by.toString()})
2023-12-20 22:09:24,024 [main] INFO  base.BaseClass - Found Element By {by.toString()}
2023-12-20 22:09:24,538 [main] INFO  base.BaseClass - Trying to find Element By {by.toString()})
2023-12-20 22:09:24,564 [main] INFO  base.BaseClass - Found Element By {by.toString()}
2023-12-20 22:09:25,105 [main] INFO  base.BaseClass - Trying to find Element By {by.toString()})
2023-12-20 22:09:25,130 [main] INFO  base.BaseClass - Found Element By {by.toString()}
2023-12-20 22:09:25,673 [main] INFO  base.BaseClass - Trying to find Element By {by.toString()})
2023-12-20 22:09:25,695 [main] INFO  base.BaseClass - Found Element By {by.toString()}
2023-12-20 22:09:26,239 [main] INFO  base.BaseClass - Trying to find Element By {by.toString()})
2023-12-20 22:09:26,262 [main] INFO  base.BaseClass - Found Element By {by.toString()}
2023-12-20 22:09:26,808 [main] INFO  base.BaseClass - Trying to find Element By {by.toString()})
2023-12-20 22:09:26,832 [main] INFO  base.BaseClass - Found Element By {by.toString()}
2023-12-20 22:09:27,375 [main] INFO  base.BaseClass - Trying to find Element By {by.toString()})
2023-12-20 22:09:27,389 [main] INFO  base.BaseClass - Found Element By {by.toString()}
2023-12-20 22:09:27,911 [main] INFO  base.BaseClass - Trying to find Element By {by.toString()})
2023-12-20 22:09:27,936 [main] INFO  base.BaseClass - Found Element By {by.toString()}
2023-12-20 22:09:28,476 [main] INFO  base.BaseClass - Trying to find Element By {by.toString()})
2023-12-20 22:09:28,495 [main] INFO  base.BaseClass - Found Element By {by.toString()}
2023-12-20 22:09:29,024 [main] INFO  base.BaseClass - Trying to find Element By {by.toString()})
2023-12-20 22:09:29,048 [main] INFO  base.BaseClass - Found Element By {by.toString()}
2023-12-20 22:09:29,592 [main] INFO  base.BaseClass - Trying to find Element By {by.toString()})
2023-12-20 22:09:29,620 [main] INFO  base.BaseClass - Found Element By {by.toString()}
2023-12-20 22:09:30,173 [main] INFO  base.BaseClass - Trying to find Element By {by.toString()})
2023-12-20 22:09:30,202 [main] INFO  base.BaseClass - Found Element By {by.toString()}
2023-12-20 22:09:30,744 [main] INFO  base.BaseClass - Trying to find Element By {by.toString()})
2023-12-20 22:09:30,771 [main] INFO  base.BaseClass - Found Element By {by.toString()}
2023-12-20 22:09:31,324 [main] INFO  base.BaseClass - Trying to find Element By {by.toString()})
2023-12-20 22:09:31,347 [main] INFO  base.BaseClass - Found Element By {by.toString()}
2023-12-20 22:09:31,874 [main] INFO  base.BaseClass - Trying to find Element By {by.toString()})
2023-12-20 22:09:31,900 [main] INFO  base.BaseClass - Found Element By {by.toString()}
2023-12-20 22:09:32,440 [main] INFO  base.BaseClass - Trying to find Element By {by.toString()})
2023-12-20 22:09:32,464 [main] INFO  base.BaseClass - Found Element By {by.toString()}
2023-12-20 22:09:33,008 [main] INFO  base.BaseClass - Trying to find Element By {by.toString()})
2023-12-20 22:09:33,032 [main] INFO  base.BaseClass - Found Element By {by.toString()}
2023-12-20 22:09:33,561 [main] INFO  base.BaseClass - Trying to find Element By {by.toString()})
2023-12-20 22:09:33,586 [main] INFO  base.BaseClass - Found Element By {by.toString()}
2023-12-20 22:09:34,146 [main] INFO  base.BaseClass - Trying to find Element By {by.toString()})
2023-12-20 22:09:34,172 [main] INFO  base.BaseClass - Found Element By {by.toString()}
2023-12-20 22:09:34,711 [main] INFO  base.BaseClass - Trying to find Element By {by.toString()})
2023-12-20 22:09:34,733 [main] INFO  base.BaseClass - Found Element By {by.toString()}
2023-12-20 22:09:35,275 [main] INFO  base.BaseClass - Trying to find Element By {by.toString()})
2023-12-20 22:09:35,299 [main] INFO  base.BaseClass - Found Element By {by.toString()}
2023-12-20 22:09:35,842 [main] INFO  base.BaseClass - Trying to find Element By {by.toString()})
2023-12-20 22:09:35,858 [main] INFO  base.BaseClass - Found Element By {by.toString()}
2023-12-20 22:09:36,391 [main] INFO  base.BaseClass - Trying to find Element By {by.toString()})
2023-12-20 22:09:36,418 [main] INFO  base.BaseClass - Found Element By {by.toString()}
2023-12-20 22:09:36,948 [main] INFO  base.BaseClass - Trying to find Element By {by.toString()})
2023-12-20 22:09:36,974 [main] INFO  base.BaseClass - Found Element By {by.toString()}
2023-12-20 22:09:37,528 [main] INFO  base.BaseClass - Trying to find Element By {by.toString()})
2023-12-20 22:09:37,557 [main] INFO  base.BaseClass - Found Element By {by.toString()}
2023-12-20 22:09:38,093 [main] INFO  base.BaseClass - Trying to find Element By {by.toString()})
2023-12-20 22:09:38,117 [main] INFO  base.BaseClass - Found Element By {by.toString()}
2023-12-20 22:09:38,659 [main] INFO  base.BaseClass - Trying to find Element By {by.toString()})
2023-12-20 22:09:38,686 [main] INFO  base.BaseClass - Found Element By {by.toString()}
2023-12-20 22:09:39,223 [main] INFO  base.BaseClass - Trying to find Element By {by.toString()})
2023-12-20 22:09:39,246 [main] INFO  base.BaseClass - Found Element By {by.toString()}
2023-12-20 22:09:39,787 [main] INFO  base.BaseClass - Trying to find Element By {by.toString()})
2023-12-20 22:09:39,811 [main] INFO  base.BaseClass - Found Element By {by.toString()}
2023-12-20 22:09:40,339 [main] INFO  base.BaseClass - Trying to find Element By {by.toString()})
2023-12-20 22:09:40,363 [main] INFO  base.BaseClass - Found Element By {by.toString()}
2023-12-20 22:09:40,908 [main] INFO  base.BaseClass - Trying to find Element By {by.toString()})
2023-12-20 22:09:40,932 [main] INFO  base.BaseClass - Found Element By {by.toString()}
2023-12-20 22:09:41,475 [main] INFO  base.BaseClass - Trying to find Element By {by.toString()})
2023-12-20 22:09:41,500 [main] INFO  base.BaseClass - Found Element By {by.toString()}
2023-12-20 22:09:42,042 [main] INFO  base.BaseClass - Trying to find Element By {by.toString()})
2023-12-20 22:09:42,065 [main] INFO  base.BaseClass - Found Element By {by.toString()}
2023-12-20 22:09:42,592 [main] INFO  base.BaseClass - Trying to find Element By {by.toString()})
2023-12-20 22:09:42,617 [main] INFO  base.BaseClass - Found Element By {by.toString()}
2023-12-20 22:09:43,158 [main] INFO  base.BaseClass - Trying to find Element By {by.toString()})
2023-12-20 22:09:43,180 [main] INFO  base.BaseClass - Found Element By {by.toString()}
2023-12-20 22:09:43,724 [main] INFO  base.BaseClass - Trying to find Element By {by.toString()})
2023-12-20 22:09:43,748 [main] INFO  base.BaseClass - Found Element By {by.toString()}
2023-12-20 22:09:44,274 [main] INFO  base.BaseClass - Trying to find Element By {by.toString()})
2023-12-20 22:09:44,300 [main] INFO  base.BaseClass - Found Element By {by.toString()}
2023-12-20 22:09:44,840 [main] INFO  base.BaseClass - Trying to find Element By {by.toString()})
2023-12-20 22:09:44,863 [main] INFO  base.BaseClass - Found Element By {by.toString()}
2023-12-20 22:09:45,402 [main] INFO  base.BaseClass - Trying to find Element By {by.toString()})
2023-12-20 22:09:45,427 [main] INFO  base.BaseClass - Found Element By {by.toString()}
2023-12-20 22:09:45,968 [main] INFO  base.BaseClass - Trying to find Element By {by.toString()})
2023-12-20 22:09:45,992 [main] INFO  base.BaseClass - Found Element By {by.toString()}
2023-12-20 22:09:46,525 [main] INFO  base.BaseClass - Trying to find Element By {by.toString()})
2023-12-20 22:09:46,537 [main] INFO  base.BaseClass - Found Element By {by.toString()}
2023-12-20 22:09:47,055 [main] INFO  base.BaseClass - Trying to find Element By {by.toString()})
2023-12-20 22:09:47,081 [main] INFO  base.BaseClass - Found Element By {by.toString()}
2023-12-20 22:09:47,621 [main] INFO  base.BaseClass - Trying to find Element By {by.toString()})
2023-12-20 22:09:47,647 [main] INFO  base.BaseClass - Found Element By {by.toString()}
2023-12-20 22:09:48,187 [main] INFO  base.BaseClass - Trying to find Element By {by.toString()})
2023-12-20 22:09:48,209 [main] INFO  base.BaseClass - Found Element By {by.toString()}
2023-12-20 22:09:48,736 [main] INFO  base.BaseClass - Trying to find Element By {by.toString()})
2023-12-20 22:09:48,761 [main] INFO  base.BaseClass - Found Element By {by.toString()}
2023-12-20 22:09:49,300 [main] INFO  base.BaseClass - Trying to find Element By {by.toString()})
2023-12-20 22:09:49,326 [main] INFO  base.BaseClass - Found Element By {by.toString()}
2023-12-20 22:09:49,865 [main] INFO  base.BaseClass - Trying to find Element By {by.toString()})
2023-12-20 22:09:49,888 [main] INFO  base.BaseClass - Found Element By {by.toString()}
2023-12-20 22:09:50,433 [main] INFO  base.BaseClass - Trying to find Element By {by.toString()})
2023-12-20 22:09:50,458 [main] INFO  base.BaseClass - Found Element By {by.toString()}
2023-12-20 22:09:50,985 [main] INFO  base.BaseClass - Trying to find Element By {by.toString()})
2023-12-20 22:09:51,005 [main] INFO  base.BaseClass - Found Element By {by.toString()}
2023-12-20 22:09:51,537 [main] INFO  base.BaseClass - Trying to find Element By {by.toString()})
2023-12-20 22:09:51,562 [main] INFO  base.BaseClass - Found Element By {by.toString()}
TimeoutException occurred: Expected condition failed: waiting for helper.WaitUtility$5@52d9a150 (tried for 30 second(s) with 500 milliseconds interval)
Build info: version: '3.141.59', revision: 'e82be7d358', time: '2018-11-14T08:17:03'
System info: host: 'DPLAP166', ip: '137.237.3.197', os.name: 'Windows 10', os.arch: 'amd64', os.version: '10.0', java.version: '19.0.1'
Driver info: org.openqa.selenium.support.events.EventFiringWebDriver
Capabilities {acceptInsecureCerts: true, browserName: chrome, browserVersion: 120.0.6099.72, chrome: {chromedriverVersion: 120.0.6099.109 (3419140ab66..., userDataDir: C:\Users\dP-PL\AppData\Loca...}, fedcm:accounts: true, goog:chromeOptions: {debuggerAddress: localhost:60862}, javascriptEnabled: true, networkConnectionEnabled: false, pageLoadStrategy: normal, platform: WINDOWS, platformName: WINDOWS, proxy: Proxy(), setWindowRect: true, strictFileInteractability: false, timeouts: {implicit: 0, pageLoad: 300000, script: 30000}, unhandledPromptBehavior: dismiss and notify, webauthn:extension:credBlob: true, webauthn:extension:largeBlob: true, webauthn:extension:minPinLength: true, webauthn:extension:prf: true, webauthn:virtualAuthenticators: true}
Session ID: b42297d292bc21c8e7aac60c7f16148b
2023-12-20 22:09:51,591 [main] ERROR XGLT_6685_Test - Element did not become visible within the specified time: Expected condition failed: waiting for helper.WaitUtility$5@52d9a150 (tried for 30 second(s) with 500 milliseconds interval)
Build info: version: '3.141.59', revision: 'e82be7d358', time: '2018-11-14T08:17:03'
System info: host: 'DPLAP166', ip: '137.237.3.197', os.name: 'Windows 10', os.arch: 'amd64', os.version: '10.0', java.version: '19.0.1'
Driver info: org.openqa.selenium.support.events.EventFiringWebDriver
Capabilities {acceptInsecureCerts: true, browserName: chrome, browserVersion: 120.0.6099.72, chrome: {chromedriverVersion: 120.0.6099.109 (3419140ab66..., userDataDir: C:\Users\dP-PL\AppData\Loca...}, fedcm:accounts: true, goog:chromeOptions: {debuggerAddress: localhost:60862}, javascriptEnabled: true, networkConnectionEnabled: false, pageLoadStrategy: normal, platform: WINDOWS, platformName: WINDOWS, proxy: Proxy(), setWindowRect: true, strictFileInteractability: false, timeouts: {implicit: 0, pageLoad: 300000, script: 30000}, unhandledPromptBehavior: dismiss and notify, webauthn:extension:credBlob: true, webauthn:extension:largeBlob: true, webauthn:extension:minPinLength: true, webauthn:extension:prf: true, webauthn:virtualAuthenticators: true}
Session ID: b42297d292bc21c8e7aac60c7f16148b
2023-12-20 22:09:51,598 [main] INFO  base.BaseClass - Trying to find Element By {by.toString()})
2023-12-20 22:09:51,624 [main] INFO  base.BaseClass - Found Element By {by.toString()}
2023-12-20 22:09:51,641 [main] INFO  base.BaseClass - Trying to find Element By {by.toString()})
2023-12-20 22:09:51,657 [main] INFO  base.BaseClass - Found Element By {by.toString()}
2023-12-20 22:09:51,678 [main] INFO  base.BaseClass - Trying to find Element By {by.toString()})
2023-12-20 22:09:51,705 [main] INFO  base.BaseClass - Found Element By {by.toString()}
last page in current selection is 1
2023-12-20 22:09:51,721 [main] INFO  base.BaseClass - Trying to find Element By {by.toString()})
2023-12-20 22:09:51,745 [main] INFO  base.BaseClass - Found Element By {by.toString()}
Height is 780
2023-12-20 22:09:51,764 [main] INFO  base.BaseClass - Trying to find Element By {by.toString()})
2023-12-20 22:09:51,792 [main] INFO  base.BaseClass - Found Element By {by.toString()}
Customer page count for inactive revenue is 26
2023-12-20 22:09:51,793 [main] INFO  base.BaseClass - Trying to find Element By {by.toString()})
2023-12-20 22:09:51,812 [main] INFO  base.BaseClass - Found Element By {by.toString()}
2023-12-20 22:09:51,828 [main] INFO  base.BaseClass - Trying to find Element By {by.toString()})
2023-12-20 22:09:51,849 [main] INFO  base.BaseClass - Found Element By {by.toString()}
2023-12-20 22:09:51,874 [main] INFO  base.BaseClass - Trying to find Element By {by.toString()})
2023-12-20 22:09:51,893 [main] INFO  base.BaseClass - Found Element By {by.toString()}
last page in current selection is 1
2023-12-20 22:09:51,912 [main] INFO  base.BaseClass - Trying to find Element By {by.toString()})
2023-12-20 22:09:51,928 [main] INFO  base.BaseClass - Found Element By {by.toString()}
Height is 780
2023-12-20 22:09:51,942 [main] INFO  base.BaseClass - Trying to find Element By {by.toString()})
2023-12-20 22:09:51,954 [main] INFO  base.BaseClass - Found Element By {by.toString()}
2023-12-20 22:09:51,955 [main] INFO  base.BaseClass - Trying to find Element By {by.toString()})
2023-12-20 22:09:51,972 [main] INFO  base.BaseClass - Found Element By {by.toString()}
2023-12-20 22:09:51,987 [main] INFO  base.BaseClass - Trying to find Element By {by.toString()})
2023-12-20 22:09:52,004 [main] INFO  base.BaseClass - Found Element By {by.toString()}
2023-12-20 22:09:52,031 [main] INFO  base.BaseClass - Trying to find Element By {by.toString()})
2023-12-20 22:09:52,050 [main] INFO  base.BaseClass - Found Element By {by.toString()}
last page in current selection is 1
2023-12-20 22:09:52,069 [main] INFO  base.BaseClass - Trying to find Element By {by.toString()})
2023-12-20 22:09:52,088 [main] INFO  base.BaseClass - Found Element By {by.toString()}
Height is 780
2023-12-20 22:09:52,107 [main] INFO  base.BaseClass - Trying to find Element By {by.toString()})
2023-12-20 22:09:52,128 [main] INFO  base.BaseClass - Found Element By {by.toString()}
MCinactivewithrev passed!
]]></system-out>
  </testcase>
  <testcase name="MCCredithold" classname="XGLT_6685_Test" time="122.331">
    <system-out><![CDATA[Before method Test name: Maintainance Tests
MCCredithold started!
Navigated back from browser
2023-12-20 22:09:52,431 [main] INFO  base.BaseClass - Trying to find Element By {by.toString()})
2023-12-20 22:09:52,842 [main] INFO  base.BaseClass - Found Element By {by.toString()}
2023-12-20 22:09:53,376 [main] INFO  base.BaseClass - Trying to find Element By {by.toString()})
2023-12-20 22:09:53,450 [main] INFO  base.BaseClass - Found Element By {by.toString()}
2023-12-20 22:09:54,079 [main] INFO  base.BaseClass - Trying to find Element By {by.toString()})
2023-12-20 22:09:54,135 [main] INFO  base.BaseClass - Found Element By {by.toString()}
2023-12-20 22:09:54,678 [main] INFO  base.BaseClass - Trying to find Element By {by.toString()})
2023-12-20 22:09:54,710 [main] INFO  base.BaseClass - Found Element By {by.toString()}
2023-12-20 22:09:55,257 [main] INFO  base.BaseClass - Trying to find Element By {by.toString()})
2023-12-20 22:09:55,289 [main] INFO  base.BaseClass - Found Element By {by.toString()}
2023-12-20 22:09:55,839 [main] INFO  base.BaseClass - Trying to find Element By {by.toString()})
2023-12-20 22:09:55,864 [main] INFO  base.BaseClass - Found Element By {by.toString()}
2023-12-20 22:09:56,418 [main] INFO  base.BaseClass - Trying to find Element By {by.toString()})
2023-12-20 22:09:56,445 [main] INFO  base.BaseClass - Found Element By {by.toString()}
2023-12-20 22:09:56,982 [main] INFO  base.BaseClass - Trying to find Element By {by.toString()})
2023-12-20 22:09:57,007 [main] INFO  base.BaseClass - Found Element By {by.toString()}
2023-12-20 22:09:57,545 [main] INFO  base.BaseClass - Trying to find Element By {by.toString()})
2023-12-20 22:09:57,570 [main] INFO  base.BaseClass - Found Element By {by.toString()}
2023-12-20 22:09:58,108 [main] INFO  base.BaseClass - Trying to find Element By {by.toString()})
2023-12-20 22:09:58,133 [main] INFO  base.BaseClass - Found Element By {by.toString()}
2023-12-20 22:09:58,675 [main] INFO  base.BaseClass - Trying to find Element By {by.toString()})
2023-12-20 22:09:58,700 [main] INFO  base.BaseClass - Found Element By {by.toString()}
2023-12-20 22:09:59,239 [main] INFO  base.BaseClass - Trying to find Element By {by.toString()})
2023-12-20 22:09:59,264 [main] INFO  base.BaseClass - Found Element By {by.toString()}
2023-12-20 22:09:59,805 [main] INFO  base.BaseClass - Trying to find Element By {by.toString()})
2023-12-20 22:09:59,828 [main] INFO  base.BaseClass - Found Element By {by.toString()}
2023-12-20 22:10:00,370 [main] INFO  base.BaseClass - Trying to find Element By {by.toString()})
2023-12-20 22:10:00,396 [main] INFO  base.BaseClass - Found Element By {by.toString()}
2023-12-20 22:10:00,935 [main] INFO  base.BaseClass - Trying to find Element By {by.toString()})
2023-12-20 22:10:00,958 [main] INFO  base.BaseClass - Found Element By {by.toString()}
2023-12-20 22:10:01,486 [main] INFO  base.BaseClass - Trying to find Element By {by.toString()})
2023-12-20 22:10:01,510 [main] INFO  base.BaseClass - Found Element By {by.toString()}
2023-12-20 22:10:02,035 [main] INFO  base.BaseClass - Trying to find Element By {by.toString()})
2023-12-20 22:10:02,059 [main] INFO  base.BaseClass - Found Element By {by.toString()}
2023-12-20 22:10:02,597 [main] INFO  base.BaseClass - Trying to find Element By {by.toString()})
2023-12-20 22:10:02,620 [main] INFO  base.BaseClass - Found Element By {by.toString()}
2023-12-20 22:10:03,163 [main] INFO  base.BaseClass - Trying to find Element By {by.toString()})
2023-12-20 22:10:03,185 [main] INFO  base.BaseClass - Found Element By {by.toString()}
2023-12-20 22:10:03,728 [main] INFO  base.BaseClass - Trying to find Element By {by.toString()})
2023-12-20 22:10:03,753 [main] INFO  base.BaseClass - Found Element By {by.toString()}
2023-12-20 22:10:04,289 [main] INFO  base.BaseClass - Trying to find Element By {by.toString()})
2023-12-20 22:10:04,310 [main] INFO  base.BaseClass - Found Element By {by.toString()}
2023-12-20 22:10:04,839 [main] INFO  base.BaseClass - Trying to find Element By {by.toString()})
2023-12-20 22:10:04,863 [main] INFO  base.BaseClass - Found Element By {by.toString()}
2023-12-20 22:10:05,401 [main] INFO  base.BaseClass - Trying to find Element By {by.toString()})
2023-12-20 22:10:05,420 [main] INFO  base.BaseClass - Found Element By {by.toString()}
2023-12-20 22:10:05,951 [main] INFO  base.BaseClass - Trying to find Element By {by.toString()})
2023-12-20 22:10:05,974 [main] INFO  base.BaseClass - Found Element By {by.toString()}
2023-12-20 22:10:06,515 [main] INFO  base.BaseClass - Trying to find Element By {by.toString()})
2023-12-20 22:10:06,538 [main] INFO  base.BaseClass - Found Element By {by.toString()}
2023-12-20 22:10:07,079 [main] INFO  base.BaseClass - Trying to find Element By {by.toString()})
2023-12-20 22:10:07,104 [main] INFO  base.BaseClass - Found Element By {by.toString()}
2023-12-20 22:10:07,645 [main] INFO  base.BaseClass - Trying to find Element By {by.toString()})
2023-12-20 22:10:07,669 [main] INFO  base.BaseClass - Found Element By {by.toString()}
2023-12-20 22:10:08,197 [main] INFO  base.BaseClass - Trying to find Element By {by.toString()})
2023-12-20 22:10:08,221 [main] INFO  base.BaseClass - Found Element By {by.toString()}
2023-12-20 22:10:08,763 [main] INFO  base.BaseClass - Trying to find Element By {by.toString()})
2023-12-20 22:10:08,787 [main] INFO  base.BaseClass - Found Element By {by.toString()}
2023-12-20 22:10:09,315 [main] INFO  base.BaseClass - Trying to find Element By {by.toString()})
2023-12-20 22:10:09,335 [main] INFO  base.BaseClass - Found Element By {by.toString()}
2023-12-20 22:10:09,875 [main] INFO  base.BaseClass - Trying to find Element By {by.toString()})
2023-12-20 22:10:09,890 [main] INFO  base.BaseClass - Found Element By {by.toString()}
2023-12-20 22:10:10,424 [main] INFO  base.BaseClass - Trying to find Element By {by.toString()})
2023-12-20 22:10:10,451 [main] INFO  base.BaseClass - Found Element By {by.toString()}
2023-12-20 22:10:10,993 [main] INFO  base.BaseClass - Trying to find Element By {by.toString()})
2023-12-20 22:10:11,018 [main] INFO  base.BaseClass - Found Element By {by.toString()}
2023-12-20 22:10:11,557 [main] INFO  base.BaseClass - Trying to find Element By {by.toString()})
2023-12-20 22:10:11,582 [main] INFO  base.BaseClass - Found Element By {by.toString()}
2023-12-20 22:10:12,119 [main] INFO  base.BaseClass - Trying to find Element By {by.toString()})
2023-12-20 22:10:12,141 [main] INFO  base.BaseClass - Found Element By {by.toString()}
2023-12-20 22:10:12,682 [main] INFO  base.BaseClass - Trying to find Element By {by.toString()})
2023-12-20 22:10:12,706 [main] INFO  base.BaseClass - Found Element By {by.toString()}
2023-12-20 22:10:13,245 [main] INFO  base.BaseClass - Trying to find Element By {by.toString()})
2023-12-20 22:10:13,269 [main] INFO  base.BaseClass - Found Element By {by.toString()}
2023-12-20 22:10:13,811 [main] INFO  base.BaseClass - Trying to find Element By {by.toString()})
2023-12-20 22:10:13,833 [main] INFO  base.BaseClass - Found Element By {by.toString()}
2023-12-20 22:10:14,376 [main] INFO  base.BaseClass - Trying to find Element By {by.toString()})
2023-12-20 22:10:14,398 [main] INFO  base.BaseClass - Found Element By {by.toString()}
2023-12-20 22:10:14,931 [main] INFO  base.BaseClass - Trying to find Element By {by.toString()})
2023-12-20 22:10:14,953 [main] INFO  base.BaseClass - Found Element By {by.toString()}
2023-12-20 22:10:15,493 [main] INFO  base.BaseClass - Trying to find Element By {by.toString()})
2023-12-20 22:10:15,517 [main] INFO  base.BaseClass - Found Element By {by.toString()}
2023-12-20 22:10:16,058 [main] INFO  base.BaseClass - Trying to find Element By {by.toString()})
2023-12-20 22:10:16,081 [main] INFO  base.BaseClass - Found Element By {by.toString()}
2023-12-20 22:10:16,623 [main] INFO  base.BaseClass - Trying to find Element By {by.toString()})
2023-12-20 22:10:16,647 [main] INFO  base.BaseClass - Found Element By {by.toString()}
2023-12-20 22:10:17,188 [main] INFO  base.BaseClass - Trying to find Element By {by.toString()})
2023-12-20 22:10:17,213 [main] INFO  base.BaseClass - Found Element By {by.toString()}
2023-12-20 22:10:17,765 [main] INFO  base.BaseClass - Trying to find Element By {by.toString()})
2023-12-20 22:10:17,791 [main] INFO  base.BaseClass - Found Element By {by.toString()}
2023-12-20 22:10:18,334 [main] INFO  base.BaseClass - Trying to find Element By {by.toString()})
2023-12-20 22:10:18,347 [main] INFO  base.BaseClass - Found Element By {by.toString()}
2023-12-20 22:10:18,887 [main] INFO  base.BaseClass - Trying to find Element By {by.toString()})
2023-12-20 22:10:18,912 [main] INFO  base.BaseClass - Found Element By {by.toString()}
2023-12-20 22:10:19,452 [main] INFO  base.BaseClass - Trying to find Element By {by.toString()})
2023-12-20 22:10:19,477 [main] INFO  base.BaseClass - Found Element By {by.toString()}
2023-12-20 22:10:20,017 [main] INFO  base.BaseClass - Trying to find Element By {by.toString()})
2023-12-20 22:10:20,040 [main] INFO  base.BaseClass - Found Element By {by.toString()}
2023-12-20 22:10:20,583 [main] INFO  base.BaseClass - Trying to find Element By {by.toString()})
2023-12-20 22:10:20,603 [main] INFO  base.BaseClass - Found Element By {by.toString()}
2023-12-20 22:10:21,134 [main] INFO  base.BaseClass - Trying to find Element By {by.toString()})
2023-12-20 22:10:21,160 [main] INFO  base.BaseClass - Found Element By {by.toString()}
2023-12-20 22:10:21,700 [main] INFO  base.BaseClass - Trying to find Element By {by.toString()})
2023-12-20 22:10:21,723 [main] INFO  base.BaseClass - Found Element By {by.toString()}
2023-12-20 22:10:22,271 [main] INFO  base.BaseClass - Trying to find Element By {by.toString()})
2023-12-20 22:10:22,295 [main] INFO  base.BaseClass - Found Element By {by.toString()}
2023-12-20 22:10:22,820 [main] INFO  base.BaseClass - Trying to find Element By {by.toString()})
2023-12-20 22:10:22,843 [main] INFO  base.BaseClass - Found Element By {by.toString()}
TimeoutException occurred: Expected condition failed: waiting for helper.WaitUtility$5@48611ad4 (tried for 30 second(s) with 500 milliseconds interval)
Build info: version: '3.141.59', revision: 'e82be7d358', time: '2018-11-14T08:17:03'
System info: host: 'DPLAP166', ip: '137.237.3.197', os.name: 'Windows 10', os.arch: 'amd64', os.version: '10.0', java.version: '19.0.1'
Driver info: org.openqa.selenium.support.events.EventFiringWebDriver
Capabilities {acceptInsecureCerts: true, browserName: chrome, browserVersion: 120.0.6099.72, chrome: {chromedriverVersion: 120.0.6099.109 (3419140ab66..., userDataDir: C:\Users\dP-PL\AppData\Loca...}, fedcm:accounts: true, goog:chromeOptions: {debuggerAddress: localhost:60862}, javascriptEnabled: true, networkConnectionEnabled: false, pageLoadStrategy: normal, platform: WINDOWS, platformName: WINDOWS, proxy: Proxy(), setWindowRect: true, strictFileInteractability: false, timeouts: {implicit: 0, pageLoad: 300000, script: 30000}, unhandledPromptBehavior: dismiss and notify, webauthn:extension:credBlob: true, webauthn:extension:largeBlob: true, webauthn:extension:minPinLength: true, webauthn:extension:prf: true, webauthn:virtualAuthenticators: true}
Session ID: b42297d292bc21c8e7aac60c7f16148b
2023-12-20 22:10:22,876 [main] ERROR XGLT_6685_Test - Element did not become visible within the specified time: Expected condition failed: waiting for helper.WaitUtility$5@48611ad4 (tried for 30 second(s) with 500 milliseconds interval)
Build info: version: '3.141.59', revision: 'e82be7d358', time: '2018-11-14T08:17:03'
System info: host: 'DPLAP166', ip: '137.237.3.197', os.name: 'Windows 10', os.arch: 'amd64', os.version: '10.0', java.version: '19.0.1'
Driver info: org.openqa.selenium.support.events.EventFiringWebDriver
Capabilities {acceptInsecureCerts: true, browserName: chrome, browserVersion: 120.0.6099.72, chrome: {chromedriverVersion: 120.0.6099.109 (3419140ab66..., userDataDir: C:\Users\dP-PL\AppData\Loca...}, fedcm:accounts: true, goog:chromeOptions: {debuggerAddress: localhost:60862}, javascriptEnabled: true, networkConnectionEnabled: false, pageLoadStrategy: normal, platform: WINDOWS, platformName: WINDOWS, proxy: Proxy(), setWindowRect: true, strictFileInteractability: false, timeouts: {implicit: 0, pageLoad: 300000, script: 30000}, unhandledPromptBehavior: dismiss and notify, webauthn:extension:credBlob: true, webauthn:extension:largeBlob: true, webauthn:extension:minPinLength: true, webauthn:extension:prf: true, webauthn:virtualAuthenticators: true}
Session ID: b42297d292bc21c8e7aac60c7f16148b
2023-12-20 22:10:22,877 [main] INFO  base.BaseClass - Trying to find Element By {by.toString()})
2023-12-20 22:10:22,908 [main] INFO  base.BaseClass - Found Element By {by.toString()}
2023-12-20 22:10:23,451 [main] INFO  base.BaseClass - Trying to find Element By {by.toString()})
2023-12-20 22:10:23,468 [main] INFO  base.BaseClass - Found Element By {by.toString()}
2023-12-20 22:10:23,985 [main] INFO  base.BaseClass - Trying to find Element By {by.toString()})
2023-12-20 22:10:24,008 [main] INFO  base.BaseClass - Found Element By {by.toString()}
2023-12-20 22:10:24,536 [main] INFO  base.BaseClass - Trying to find Element By {by.toString()})
2023-12-20 22:10:24,560 [main] INFO  base.BaseClass - Found Element By {by.toString()}
2023-12-20 22:10:25,091 [main] INFO  base.BaseClass - Trying to find Element By {by.toString()})
2023-12-20 22:10:25,115 [main] INFO  base.BaseClass - Found Element By {by.toString()}
2023-12-20 22:10:25,659 [main] INFO  base.BaseClass - Trying to find Element By {by.toString()})
2023-12-20 22:10:25,695 [main] INFO  base.BaseClass - Found Element By {by.toString()}
2023-12-20 22:10:26,226 [main] INFO  base.BaseClass - Trying to find Element By {by.toString()})
2023-12-20 22:10:26,249 [main] INFO  base.BaseClass - Found Element By {by.toString()}
2023-12-20 22:10:26,792 [main] INFO  base.BaseClass - Trying to find Element By {by.toString()})
2023-12-20 22:10:26,816 [main] INFO  base.BaseClass - Found Element By {by.toString()}
2023-12-20 22:10:27,359 [main] INFO  base.BaseClass - Trying to find Element By {by.toString()})
2023-12-20 22:10:27,383 [main] INFO  base.BaseClass - Found Element By {by.toString()}
2023-12-20 22:10:27,928 [main] INFO  base.BaseClass - Trying to find Element By {by.toString()})
2023-12-20 22:10:27,952 [main] INFO  base.BaseClass - Found Element By {by.toString()}
2023-12-20 22:10:28,476 [main] INFO  base.BaseClass - Trying to find Element By {by.toString()})
2023-12-20 22:10:28,493 [main] INFO  base.BaseClass - Found Element By {by.toString()}
2023-12-20 22:10:29,030 [main] INFO  base.BaseClass - Trying to find Element By {by.toString()})
2023-12-20 22:10:29,052 [main] INFO  base.BaseClass - Found Element By {by.toString()}
2023-12-20 22:10:29,597 [main] INFO  base.BaseClass - Trying to find Element By {by.toString()})
2023-12-20 22:10:29,621 [main] INFO  base.BaseClass - Found Element By {by.toString()}
2023-12-20 22:10:30,150 [main] INFO  base.BaseClass - Trying to find Element By {by.toString()})
2023-12-20 22:10:30,171 [main] INFO  base.BaseClass - Found Element By {by.toString()}
2023-12-20 22:10:30,713 [main] INFO  base.BaseClass - Trying to find Element By {by.toString()})
2023-12-20 22:10:30,737 [main] INFO  base.BaseClass - Found Element By {by.toString()}
2023-12-20 22:10:31,277 [main] INFO  base.BaseClass - Trying to find Element By {by.toString()})
2023-12-20 22:10:31,300 [main] INFO  base.BaseClass - Found Element By {by.toString()}
2023-12-20 22:10:31,844 [main] INFO  base.BaseClass - Trying to find Element By {by.toString()})
2023-12-20 22:10:31,866 [main] INFO  base.BaseClass - Found Element By {by.toString()}
2023-12-20 22:10:32,411 [main] INFO  base.BaseClass - Trying to find Element By {by.toString()})
2023-12-20 22:10:32,435 [main] INFO  base.BaseClass - Found Element By {by.toString()}
2023-12-20 22:10:32,976 [main] INFO  base.BaseClass - Trying to find Element By {by.toString()})
2023-12-20 22:10:33,000 [main] INFO  base.BaseClass - Found Element By {by.toString()}
2023-12-20 22:10:33,527 [main] INFO  base.BaseClass - Trying to find Element By {by.toString()})
2023-12-20 22:10:33,549 [main] INFO  base.BaseClass - Found Element By {by.toString()}
2023-12-20 22:10:34,094 [main] INFO  base.BaseClass - Trying to find Element By {by.toString()})
2023-12-20 22:10:34,116 [main] INFO  base.BaseClass - Found Element By {by.toString()}
2023-12-20 22:10:34,657 [main] INFO  base.BaseClass - Trying to find Element By {by.toString()})
2023-12-20 22:10:34,679 [main] INFO  base.BaseClass - Found Element By {by.toString()}
2023-12-20 22:10:35,219 [main] INFO  base.BaseClass - Trying to find Element By {by.toString()})
2023-12-20 22:10:35,242 [main] INFO  base.BaseClass - Found Element By {by.toString()}
2023-12-20 22:10:35,785 [main] INFO  base.BaseClass - Trying to find Element By {by.toString()})
2023-12-20 22:10:35,809 [main] INFO  base.BaseClass - Found Element By {by.toString()}
2023-12-20 22:10:36,351 [main] INFO  base.BaseClass - Trying to find Element By {by.toString()})
2023-12-20 22:10:36,375 [main] INFO  base.BaseClass - Found Element By {by.toString()}
2023-12-20 22:10:36,916 [main] INFO  base.BaseClass - Trying to find Element By {by.toString()})
2023-12-20 22:10:36,939 [main] INFO  base.BaseClass - Found Element By {by.toString()}
2023-12-20 22:10:37,481 [main] INFO  base.BaseClass - Trying to find Element By {by.toString()})
2023-12-20 22:10:37,507 [main] INFO  base.BaseClass - Found Element By {by.toString()}
2023-12-20 22:10:38,046 [main] INFO  base.BaseClass - Trying to find Element By {by.toString()})
2023-12-20 22:10:38,069 [main] INFO  base.BaseClass - Found Element By {by.toString()}
2023-12-20 22:10:38,609 [main] INFO  base.BaseClass - Trying to find Element By {by.toString()})
2023-12-20 22:10:38,633 [main] INFO  base.BaseClass - Found Element By {by.toString()}
2023-12-20 22:10:39,176 [main] INFO  base.BaseClass - Trying to find Element By {by.toString()})
2023-12-20 22:10:39,199 [main] INFO  base.BaseClass - Found Element By {by.toString()}
2023-12-20 22:10:39,739 [main] INFO  base.BaseClass - Trying to find Element By {by.toString()})
2023-12-20 22:10:39,756 [main] INFO  base.BaseClass - Found Element By {by.toString()}
2023-12-20 22:10:40,288 [main] INFO  base.BaseClass - Trying to find Element By {by.toString()})
2023-12-20 22:10:40,312 [main] INFO  base.BaseClass - Found Element By {by.toString()}
2023-12-20 22:10:40,855 [main] INFO  base.BaseClass - Trying to find Element By {by.toString()})
2023-12-20 22:10:40,875 [main] INFO  base.BaseClass - Found Element By {by.toString()}
2023-12-20 22:10:41,408 [main] INFO  base.BaseClass - Trying to find Element By {by.toString()})
2023-12-20 22:10:41,432 [main] INFO  base.BaseClass - Found Element By {by.toString()}
2023-12-20 22:10:41,974 [main] INFO  base.BaseClass - Trying to find Element By {by.toString()})
2023-12-20 22:10:41,995 [main] INFO  base.BaseClass - Found Element By {by.toString()}
2023-12-20 22:10:42,526 [main] INFO  base.BaseClass - Trying to find Element By {by.toString()})
2023-12-20 22:10:42,551 [main] INFO  base.BaseClass - Found Element By {by.toString()}
2023-12-20 22:10:43,089 [main] INFO  base.BaseClass - Trying to find Element By {by.toString()})
2023-12-20 22:10:43,108 [main] INFO  base.BaseClass - Found Element By {by.toString()}
2023-12-20 22:10:43,639 [main] INFO  base.BaseClass - Trying to find Element By {by.toString()})
2023-12-20 22:10:43,662 [main] INFO  base.BaseClass - Found Element By {by.toString()}
2023-12-20 22:10:44,193 [main] INFO  base.BaseClass - Trying to find Element By {by.toString()})
2023-12-20 22:10:44,215 [main] INFO  base.BaseClass - Found Element By {by.toString()}
2023-12-20 22:10:44,757 [main] INFO  base.BaseClass - Trying to find Element By {by.toString()})
2023-12-20 22:10:44,781 [main] INFO  base.BaseClass - Found Element By {by.toString()}
2023-12-20 22:10:45,322 [main] INFO  base.BaseClass - Trying to find Element By {by.toString()})
2023-12-20 22:10:45,346 [main] INFO  base.BaseClass - Found Element By {by.toString()}
2023-12-20 22:10:45,887 [main] INFO  base.BaseClass - Trying to find Element By {by.toString()})
2023-12-20 22:10:45,901 [main] INFO  base.BaseClass - Found Element By {by.toString()}
2023-12-20 22:10:46,437 [main] INFO  base.BaseClass - Trying to find Element By {by.toString()})
2023-12-20 22:10:46,461 [main] INFO  base.BaseClass - Found Element By {by.toString()}
2023-12-20 22:10:47,002 [main] INFO  base.BaseClass - Trying to find Element By {by.toString()})
2023-12-20 22:10:47,025 [main] INFO  base.BaseClass - Found Element By {by.toString()}
2023-12-20 22:10:47,566 [main] INFO  base.BaseClass - Trying to find Element By {by.toString()})
2023-12-20 22:10:47,590 [main] INFO  base.BaseClass - Found Element By {by.toString()}
2023-12-20 22:10:48,130 [main] INFO  base.BaseClass - Trying to find Element By {by.toString()})
2023-12-20 22:10:48,151 [main] INFO  base.BaseClass - Found Element By {by.toString()}
2023-12-20 22:10:48,682 [main] INFO  base.BaseClass - Trying to find Element By {by.toString()})
2023-12-20 22:10:48,705 [main] INFO  base.BaseClass - Found Element By {by.toString()}
2023-12-20 22:10:49,247 [main] INFO  base.BaseClass - Trying to find Element By {by.toString()})
2023-12-20 22:10:49,272 [main] INFO  base.BaseClass - Found Element By {by.toString()}
2023-12-20 22:10:49,812 [main] INFO  base.BaseClass - Trying to find Element By {by.toString()})
2023-12-20 22:10:49,835 [main] INFO  base.BaseClass - Found Element By {by.toString()}
2023-12-20 22:10:50,368 [main] INFO  base.BaseClass - Trying to find Element By {by.toString()})
2023-12-20 22:10:50,393 [main] INFO  base.BaseClass - Found Element By {by.toString()}
2023-12-20 22:10:50,929 [main] INFO  base.BaseClass - Trying to find Element By {by.toString()})
2023-12-20 22:10:50,953 [main] INFO  base.BaseClass - Found Element By {by.toString()}
2023-12-20 22:10:51,495 [main] INFO  base.BaseClass - Trying to find Element By {by.toString()})
2023-12-20 22:10:51,519 [main] INFO  base.BaseClass - Found Element By {by.toString()}
2023-12-20 22:10:52,060 [main] INFO  base.BaseClass - Trying to find Element By {by.toString()})
2023-12-20 22:10:52,084 [main] INFO  base.BaseClass - Found Element By {by.toString()}
2023-12-20 22:10:52,612 [main] INFO  base.BaseClass - Trying to find Element By {by.toString()})
2023-12-20 22:10:52,635 [main] INFO  base.BaseClass - Found Element By {by.toString()}
2023-12-20 22:10:53,179 [main] INFO  base.BaseClass - Trying to find Element By {by.toString()})
2023-12-20 22:10:53,203 [main] INFO  base.BaseClass - Found Element By {by.toString()}
TimeoutException occurred: Expected condition failed: waiting for helper.WaitUtility$5@7e7e34ef (tried for 30 second(s) with 500 milliseconds interval)
Build info: version: '3.141.59', revision: 'e82be7d358', time: '2018-11-14T08:17:03'
System info: host: 'DPLAP166', ip: '137.237.3.197', os.name: 'Windows 10', os.arch: 'amd64', os.version: '10.0', java.version: '19.0.1'
Driver info: org.openqa.selenium.support.events.EventFiringWebDriver
Capabilities {acceptInsecureCerts: true, browserName: chrome, browserVersion: 120.0.6099.72, chrome: {chromedriverVersion: 120.0.6099.109 (3419140ab66..., userDataDir: C:\Users\dP-PL\AppData\Loca...}, fedcm:accounts: true, goog:chromeOptions: {debuggerAddress: localhost:60862}, javascriptEnabled: true, networkConnectionEnabled: false, pageLoadStrategy: normal, platform: WINDOWS, platformName: WINDOWS, proxy: Proxy(), setWindowRect: true, strictFileInteractability: false, timeouts: {implicit: 0, pageLoad: 300000, script: 30000}, unhandledPromptBehavior: dismiss and notify, webauthn:extension:credBlob: true, webauthn:extension:largeBlob: true, webauthn:extension:minPinLength: true, webauthn:extension:prf: true, webauthn:virtualAuthenticators: true}
Session ID: b42297d292bc21c8e7aac60c7f16148b
2023-12-20 22:10:53,235 [main] ERROR XGLT_6685_Test - Element did not become visible within the specified time: Expected condition failed: waiting for helper.WaitUtility$5@7e7e34ef (tried for 30 second(s) with 500 milliseconds interval)
Build info: version: '3.141.59', revision: 'e82be7d358', time: '2018-11-14T08:17:03'
System info: host: 'DPLAP166', ip: '137.237.3.197', os.name: 'Windows 10', os.arch: 'amd64', os.version: '10.0', java.version: '19.0.1'
Driver info: org.openqa.selenium.support.events.EventFiringWebDriver
Capabilities {acceptInsecureCerts: true, browserName: chrome, browserVersion: 120.0.6099.72, chrome: {chromedriverVersion: 120.0.6099.109 (3419140ab66..., userDataDir: C:\Users\dP-PL\AppData\Loca...}, fedcm:accounts: true, goog:chromeOptions: {debuggerAddress: localhost:60862}, javascriptEnabled: true, networkConnectionEnabled: false, pageLoadStrategy: normal, platform: WINDOWS, platformName: WINDOWS, proxy: Proxy(), setWindowRect: true, strictFileInteractability: false, timeouts: {implicit: 0, pageLoad: 300000, script: 30000}, unhandledPromptBehavior: dismiss and notify, webauthn:extension:credBlob: true, webauthn:extension:largeBlob: true, webauthn:extension:minPinLength: true, webauthn:extension:prf: true, webauthn:virtualAuthenticators: true}
Session ID: b42297d292bc21c8e7aac60c7f16148b
2023-12-20 22:10:53,235 [main] INFO  base.BaseClass - Trying to find Element By {by.toString()})
2023-12-20 22:10:53,254 [main] INFO  base.BaseClass - Found Element By {by.toString()}
MC credit hold value is 75
2023-12-20 22:10:53,275 [main] INFO  base.BaseClass - Trying to find Element By {by.toString()})
2023-12-20 22:10:53,294 [main] INFO  base.BaseClass - Found Element By {by.toString()}
2023-12-20 22:10:53,825 [main] INFO  base.BaseClass - Trying to find Element By {by.toString()})
2023-12-20 22:10:53,848 [main] INFO  base.BaseClass - Found Element By {by.toString()}
2023-12-20 22:10:54,390 [main] INFO  base.BaseClass - Trying to find Element By {by.toString()})
2023-12-20 22:10:54,413 [main] INFO  base.BaseClass - Found Element By {by.toString()}
2023-12-20 22:10:54,940 [main] INFO  base.BaseClass - Trying to find Element By {by.toString()})
2023-12-20 22:10:54,964 [main] INFO  base.BaseClass - Found Element By {by.toString()}
2023-12-20 22:10:55,506 [main] INFO  base.BaseClass - Trying to find Element By {by.toString()})
2023-12-20 22:10:55,530 [main] INFO  base.BaseClass - Found Element By {by.toString()}
2023-12-20 22:10:56,059 [main] INFO  base.BaseClass - Trying to find Element By {by.toString()})
2023-12-20 22:10:56,083 [main] INFO  base.BaseClass - Found Element By {by.toString()}
2023-12-20 22:10:56,617 [main] INFO  base.BaseClass - Trying to find Element By {by.toString()})
2023-12-20 22:10:56,642 [main] INFO  base.BaseClass - Found Element By {by.toString()}
2023-12-20 22:10:57,180 [main] INFO  base.BaseClass - Trying to find Element By {by.toString()})
2023-12-20 22:10:57,201 [main] INFO  base.BaseClass - Found Element By {by.toString()}
2023-12-20 22:10:57,734 [main] INFO  base.BaseClass - Trying to find Element By {by.toString()})
2023-12-20 22:10:57,758 [main] INFO  base.BaseClass - Found Element By {by.toString()}
2023-12-20 22:10:58,296 [main] INFO  base.BaseClass - Trying to find Element By {by.toString()})
2023-12-20 22:10:58,317 [main] INFO  base.BaseClass - Found Element By {by.toString()}
2023-12-20 22:10:58,858 [main] INFO  base.BaseClass - Trying to find Element By {by.toString()})
2023-12-20 22:10:58,882 [main] INFO  base.BaseClass - Found Element By {by.toString()}
2023-12-20 22:10:59,429 [main] INFO  base.BaseClass - Trying to find Element By {by.toString()})
2023-12-20 22:10:59,453 [main] INFO  base.BaseClass - Found Element By {by.toString()}
2023-12-20 22:10:59,995 [main] INFO  base.BaseClass - Trying to find Element By {by.toString()})
2023-12-20 22:11:00,033 [main] INFO  base.BaseClass - Found Element By {by.toString()}
2023-12-20 22:11:00,561 [main] INFO  base.BaseClass - Trying to find Element By {by.toString()})
2023-12-20 22:11:00,585 [main] INFO  base.BaseClass - Found Element By {by.toString()}
2023-12-20 22:11:01,125 [main] INFO  base.BaseClass - Trying to find Element By {by.toString()})
2023-12-20 22:11:01,149 [main] INFO  base.BaseClass - Found Element By {by.toString()}
2023-12-20 22:11:01,675 [main] INFO  base.BaseClass - Trying to find Element By {by.toString()})
2023-12-20 22:11:01,700 [main] INFO  base.BaseClass - Found Element By {by.toString()}
2023-12-20 22:11:02,242 [main] INFO  base.BaseClass - Trying to find Element By {by.toString()})
2023-12-20 22:11:02,264 [main] INFO  base.BaseClass - Found Element By {by.toString()}
2023-12-20 22:11:02,803 [main] INFO  base.BaseClass - Trying to find Element By {by.toString()})
2023-12-20 22:11:02,827 [main] INFO  base.BaseClass - Found Element By {by.toString()}
2023-12-20 22:11:03,367 [main] INFO  base.BaseClass - Trying to find Element By {by.toString()})
2023-12-20 22:11:03,391 [main] INFO  base.BaseClass - Found Element By {by.toString()}
2023-12-20 22:11:03,935 [main] INFO  base.BaseClass - Trying to find Element By {by.toString()})
2023-12-20 22:11:03,960 [main] INFO  base.BaseClass - Found Element By {by.toString()}
2023-12-20 22:11:04,502 [main] INFO  base.BaseClass - Trying to find Element By {by.toString()})
2023-12-20 22:11:04,526 [main] INFO  base.BaseClass - Found Element By {by.toString()}
2023-12-20 22:11:05,071 [main] INFO  base.BaseClass - Trying to find Element By {by.toString()})
2023-12-20 22:11:05,095 [main] INFO  base.BaseClass - Found Element By {by.toString()}
2023-12-20 22:11:05,623 [main] INFO  base.BaseClass - Trying to find Element By {by.toString()})
2023-12-20 22:11:05,648 [main] INFO  base.BaseClass - Found Element By {by.toString()}
2023-12-20 22:11:06,186 [main] INFO  base.BaseClass - Trying to find Element By {by.toString()})
2023-12-20 22:11:06,210 [main] INFO  base.BaseClass - Found Element By {by.toString()}
2023-12-20 22:11:06,738 [main] INFO  base.BaseClass - Trying to find Element By {by.toString()})
2023-12-20 22:11:06,760 [main] INFO  base.BaseClass - Found Element By {by.toString()}
2023-12-20 22:11:07,303 [main] INFO  base.BaseClass - Trying to find Element By {by.toString()})
2023-12-20 22:11:07,326 [main] INFO  base.BaseClass - Found Element By {by.toString()}
2023-12-20 22:11:07,851 [main] INFO  base.BaseClass - Trying to find Element By {by.toString()})
2023-12-20 22:11:07,875 [main] INFO  base.BaseClass - Found Element By {by.toString()}
2023-12-20 22:11:08,403 [main] INFO  base.BaseClass - Trying to find Element By {by.toString()})
2023-12-20 22:11:08,427 [main] INFO  base.BaseClass - Found Element By {by.toString()}
2023-12-20 22:11:08,970 [main] INFO  base.BaseClass - Trying to find Element By {by.toString()})
2023-12-20 22:11:08,994 [main] INFO  base.BaseClass - Found Element By {by.toString()}
2023-12-20 22:11:09,522 [main] INFO  base.BaseClass - Trying to find Element By {by.toString()})
2023-12-20 22:11:09,545 [main] INFO  base.BaseClass - Found Element By {by.toString()}
2023-12-20 22:11:10,088 [main] INFO  base.BaseClass - Trying to find Element By {by.toString()})
2023-12-20 22:11:10,111 [main] INFO  base.BaseClass - Found Element By {by.toString()}
2023-12-20 22:11:10,652 [main] INFO  base.BaseClass - Trying to find Element By {by.toString()})
2023-12-20 22:11:10,676 [main] INFO  base.BaseClass - Found Element By {by.toString()}
2023-12-20 22:11:11,216 [main] INFO  base.BaseClass - Trying to find Element By {by.toString()})
2023-12-20 22:11:11,235 [main] INFO  base.BaseClass - Found Element By {by.toString()}
2023-12-20 22:11:11,766 [main] INFO  base.BaseClass - Trying to find Element By {by.toString()})
2023-12-20 22:11:11,793 [main] INFO  base.BaseClass - Found Element By {by.toString()}
2023-12-20 22:11:12,331 [main] INFO  base.BaseClass - Trying to find Element By {by.toString()})
2023-12-20 22:11:12,355 [main] INFO  base.BaseClass - Found Element By {by.toString()}
2023-12-20 22:11:12,882 [main] INFO  base.BaseClass - Trying to find Element By {by.toString()})
2023-12-20 22:11:12,906 [main] INFO  base.BaseClass - Found Element By {by.toString()}
2023-12-20 22:11:13,447 [main] INFO  base.BaseClass - Trying to find Element By {by.toString()})
2023-12-20 22:11:13,471 [main] INFO  base.BaseClass - Found Element By {by.toString()}
2023-12-20 22:11:14,011 [main] INFO  base.BaseClass - Trying to find Element By {by.toString()})
2023-12-20 22:11:14,035 [main] INFO  base.BaseClass - Found Element By {by.toString()}
2023-12-20 22:11:14,561 [main] INFO  base.BaseClass - Trying to find Element By {by.toString()})
2023-12-20 22:11:14,585 [main] INFO  base.BaseClass - Found Element By {by.toString()}
2023-12-20 22:11:15,127 [main] INFO  base.BaseClass - Trying to find Element By {by.toString()})
2023-12-20 22:11:15,149 [main] INFO  base.BaseClass - Found Element By {by.toString()}
2023-12-20 22:11:15,680 [main] INFO  base.BaseClass - Trying to find Element By {by.toString()})
2023-12-20 22:11:15,703 [main] INFO  base.BaseClass - Found Element By {by.toString()}
2023-12-20 22:11:16,243 [main] INFO  base.BaseClass - Trying to find Element By {by.toString()})
2023-12-20 22:11:16,267 [main] INFO  base.BaseClass - Found Element By {by.toString()}
2023-12-20 22:11:16,808 [main] INFO  base.BaseClass - Trying to find Element By {by.toString()})
2023-12-20 22:11:16,833 [main] INFO  base.BaseClass - Found Element By {by.toString()}
2023-12-20 22:11:17,360 [main] INFO  base.BaseClass - Trying to find Element By {by.toString()})
2023-12-20 22:11:17,384 [main] INFO  base.BaseClass - Found Element By {by.toString()}
2023-12-20 22:11:17,928 [main] INFO  base.BaseClass - Trying to find Element By {by.toString()})
2023-12-20 22:11:17,952 [main] INFO  base.BaseClass - Found Element By {by.toString()}
2023-12-20 22:11:18,478 [main] INFO  base.BaseClass - Trying to find Element By {by.toString()})
2023-12-20 22:11:18,501 [main] INFO  base.BaseClass - Found Element By {by.toString()}
2023-12-20 22:11:19,042 [main] INFO  base.BaseClass - Trying to find Element By {by.toString()})
2023-12-20 22:11:19,066 [main] INFO  base.BaseClass - Found Element By {by.toString()}
2023-12-20 22:11:19,606 [main] INFO  base.BaseClass - Trying to find Element By {by.toString()})
2023-12-20 22:11:19,629 [main] INFO  base.BaseClass - Found Element By {by.toString()}
2023-12-20 22:11:20,169 [main] INFO  base.BaseClass - Trying to find Element By {by.toString()})
2023-12-20 22:11:20,192 [main] INFO  base.BaseClass - Found Element By {by.toString()}
2023-12-20 22:11:20,733 [main] INFO  base.BaseClass - Trying to find Element By {by.toString()})
2023-12-20 22:11:20,757 [main] INFO  base.BaseClass - Found Element By {by.toString()}
2023-12-20 22:11:21,297 [main] INFO  base.BaseClass - Trying to find Element By {by.toString()})
2023-12-20 22:11:21,314 [main] INFO  base.BaseClass - Found Element By {by.toString()}
2023-12-20 22:11:21,846 [main] INFO  base.BaseClass - Trying to find Element By {by.toString()})
2023-12-20 22:11:21,864 [main] INFO  base.BaseClass - Found Element By {by.toString()}
2023-12-20 22:11:22,414 [main] INFO  base.BaseClass - Trying to find Element By {by.toString()})
2023-12-20 22:11:22,438 [main] INFO  base.BaseClass - Found Element By {by.toString()}
2023-12-20 22:11:22,981 [main] INFO  base.BaseClass - Trying to find Element By {by.toString()})
2023-12-20 22:11:23,005 [main] INFO  base.BaseClass - Found Element By {by.toString()}
2023-12-20 22:11:23,545 [main] INFO  base.BaseClass - Trying to find Element By {by.toString()})
2023-12-20 22:11:23,568 [main] INFO  base.BaseClass - Found Element By {by.toString()}
TimeoutException occurred: Expected condition failed: waiting for helper.WaitUtility$5@30f929ff (tried for 30 second(s) with 500 milliseconds interval)
Build info: version: '3.141.59', revision: 'e82be7d358', time: '2018-11-14T08:17:03'
System info: host: 'DPLAP166', ip: '137.237.3.197', os.name: 'Windows 10', os.arch: 'amd64', os.version: '10.0', java.version: '19.0.1'
Driver info: org.openqa.selenium.support.events.EventFiringWebDriver
Capabilities {acceptInsecureCerts: true, browserName: chrome, browserVersion: 120.0.6099.72, chrome: {chromedriverVersion: 120.0.6099.109 (3419140ab66..., userDataDir: C:\Users\dP-PL\AppData\Loca...}, fedcm:accounts: true, goog:chromeOptions: {debuggerAddress: localhost:60862}, javascriptEnabled: true, networkConnectionEnabled: false, pageLoadStrategy: normal, platform: WINDOWS, platformName: WINDOWS, proxy: Proxy(), setWindowRect: true, strictFileInteractability: false, timeouts: {implicit: 0, pageLoad: 300000, script: 30000}, unhandledPromptBehavior: dismiss and notify, webauthn:extension:credBlob: true, webauthn:extension:largeBlob: true, webauthn:extension:minPinLength: true, webauthn:extension:prf: true, webauthn:virtualAuthenticators: true}
Session ID: b42297d292bc21c8e7aac60c7f16148b
2023-12-20 22:11:23,595 [main] ERROR XGLT_6685_Test - Element did not become visible within the specified time: Expected condition failed: waiting for helper.WaitUtility$5@30f929ff (tried for 30 second(s) with 500 milliseconds interval)
Build info: version: '3.141.59', revision: 'e82be7d358', time: '2018-11-14T08:17:03'
System info: host: 'DPLAP166', ip: '137.237.3.197', os.name: 'Windows 10', os.arch: 'amd64', os.version: '10.0', java.version: '19.0.1'
Driver info: org.openqa.selenium.support.events.EventFiringWebDriver
Capabilities {acceptInsecureCerts: true, browserName: chrome, browserVersion: 120.0.6099.72, chrome: {chromedriverVersion: 120.0.6099.109 (3419140ab66..., userDataDir: C:\Users\dP-PL\AppData\Loca...}, fedcm:accounts: true, goog:chromeOptions: {debuggerAddress: localhost:60862}, javascriptEnabled: true, networkConnectionEnabled: false, pageLoadStrategy: normal, platform: WINDOWS, platformName: WINDOWS, proxy: Proxy(), setWindowRect: true, strictFileInteractability: false, timeouts: {implicit: 0, pageLoad: 300000, script: 30000}, unhandledPromptBehavior: dismiss and notify, webauthn:extension:credBlob: true, webauthn:extension:largeBlob: true, webauthn:extension:minPinLength: true, webauthn:extension:prf: true, webauthn:virtualAuthenticators: true}
Session ID: b42297d292bc21c8e7aac60c7f16148b
2023-12-20 22:11:23,595 [main] INFO  base.BaseClass - Trying to find Element By {by.toString()})
2023-12-20 22:11:23,613 [main] INFO  base.BaseClass - Found Element By {by.toString()}
2023-12-20 22:11:23,613 [main] INFO  base.BaseClass - Trying to click on: {element.toString()}
2023-12-20 22:11:23,803 [main] INFO  base.BaseClass - Clicked on: {element.toString()}
2023-12-20 22:11:23,803 [main] INFO  base.BaseClass - Trying to find Element By {by.toString()})
2023-12-20 22:11:24,945 [main] INFO  base.BaseClass - Found Element By {by.toString()}
2023-12-20 22:11:25,472 [main] INFO  base.BaseClass - Trying to find Element By {by.toString()})
2023-12-20 22:11:25,490 [main] INFO  base.BaseClass - Found Element By {by.toString()}
2023-12-20 22:11:26,027 [main] INFO  base.BaseClass - Trying to find Element By {by.toString()})
2023-12-20 22:11:26,044 [main] INFO  base.BaseClass - Found Element By {by.toString()}
2023-12-20 22:11:26,566 [main] INFO  base.BaseClass - Trying to find Element By {by.toString()})
2023-12-20 22:11:26,586 [main] INFO  base.BaseClass - Found Element By {by.toString()}
2023-12-20 22:11:27,118 [main] INFO  base.BaseClass - Trying to find Element By {by.toString()})
2023-12-20 22:11:27,136 [main] INFO  base.BaseClass - Found Element By {by.toString()}
2023-12-20 22:11:27,671 [main] INFO  base.BaseClass - Trying to find Element By {by.toString()})
2023-12-20 22:11:27,689 [main] INFO  base.BaseClass - Found Element By {by.toString()}
2023-12-20 22:11:28,225 [main] INFO  base.BaseClass - Trying to find Element By {by.toString()})
2023-12-20 22:11:28,234 [main] INFO  base.BaseClass - Found Element By {by.toString()}
2023-12-20 22:11:28,762 [main] INFO  base.BaseClass - Trying to find Element By {by.toString()})
2023-12-20 22:11:28,781 [main] INFO  base.BaseClass - Found Element By {by.toString()}
2023-12-20 22:11:29,314 [main] INFO  base.BaseClass - Trying to find Element By {by.toString()})
2023-12-20 22:11:29,347 [main] INFO  base.BaseClass - Found Element By {by.toString()}
2023-12-20 22:11:29,882 [main] INFO  base.BaseClass - Trying to find Element By {by.toString()})
2023-12-20 22:11:29,905 [main] INFO  base.BaseClass - Found Element By {by.toString()}
2023-12-20 22:11:30,449 [main] INFO  base.BaseClass - Trying to find Element By {by.toString()})
2023-12-20 22:11:30,471 [main] INFO  base.BaseClass - Found Element By {by.toString()}
2023-12-20 22:11:31,013 [main] INFO  base.BaseClass - Trying to find Element By {by.toString()})
2023-12-20 22:11:31,038 [main] INFO  base.BaseClass - Found Element By {by.toString()}
2023-12-20 22:11:31,577 [main] INFO  base.BaseClass - Trying to find Element By {by.toString()})
2023-12-20 22:11:31,602 [main] INFO  base.BaseClass - Found Element By {by.toString()}
2023-12-20 22:11:32,142 [main] INFO  base.BaseClass - Trying to find Element By {by.toString()})
2023-12-20 22:11:32,166 [main] INFO  base.BaseClass - Found Element By {by.toString()}
2023-12-20 22:11:32,709 [main] INFO  base.BaseClass - Trying to find Element By {by.toString()})
2023-12-20 22:11:32,734 [main] INFO  base.BaseClass - Found Element By {by.toString()}
2023-12-20 22:11:33,273 [main] INFO  base.BaseClass - Trying to find Element By {by.toString()})
2023-12-20 22:11:33,298 [main] INFO  base.BaseClass - Found Element By {by.toString()}
2023-12-20 22:11:33,838 [main] INFO  base.BaseClass - Trying to find Element By {by.toString()})
2023-12-20 22:11:33,863 [main] INFO  base.BaseClass - Found Element By {by.toString()}
2023-12-20 22:11:34,402 [main] INFO  base.BaseClass - Trying to find Element By {by.toString()})
2023-12-20 22:11:34,427 [main] INFO  base.BaseClass - Found Element By {by.toString()}
2023-12-20 22:11:34,965 [main] INFO  base.BaseClass - Trying to find Element By {by.toString()})
2023-12-20 22:11:34,992 [main] INFO  base.BaseClass - Found Element By {by.toString()}
2023-12-20 22:11:35,546 [main] INFO  base.BaseClass - Trying to find Element By {by.toString()})
2023-12-20 22:11:35,563 [main] INFO  base.BaseClass - Found Element By {by.toString()}
2023-12-20 22:11:36,081 [main] INFO  base.BaseClass - Trying to find Element By {by.toString()})
2023-12-20 22:11:36,104 [main] INFO  base.BaseClass - Found Element By {by.toString()}
2023-12-20 22:11:36,642 [main] INFO  base.BaseClass - Trying to find Element By {by.toString()})
2023-12-20 22:11:36,666 [main] INFO  base.BaseClass - Found Element By {by.toString()}
2023-12-20 22:11:37,192 [main] INFO  base.BaseClass - Trying to find Element By {by.toString()})
2023-12-20 22:11:37,220 [main] INFO  base.BaseClass - Found Element By {by.toString()}
2023-12-20 22:11:37,773 [main] INFO  base.BaseClass - Trying to find Element By {by.toString()})
2023-12-20 22:11:37,800 [main] INFO  base.BaseClass - Found Element By {by.toString()}
2023-12-20 22:11:38,338 [main] INFO  base.BaseClass - Trying to find Element By {by.toString()})
2023-12-20 22:11:38,362 [main] INFO  base.BaseClass - Found Element By {by.toString()}
2023-12-20 22:11:38,904 [main] INFO  base.BaseClass - Trying to find Element By {by.toString()})
2023-12-20 22:11:38,930 [main] INFO  base.BaseClass - Found Element By {by.toString()}
2023-12-20 22:11:39,469 [main] INFO  base.BaseClass - Trying to find Element By {by.toString()})
2023-12-20 22:11:39,491 [main] INFO  base.BaseClass - Found Element By {by.toString()}
2023-12-20 22:11:40,033 [main] INFO  base.BaseClass - Trying to find Element By {by.toString()})
2023-12-20 22:11:40,059 [main] INFO  base.BaseClass - Found Element By {by.toString()}
2023-12-20 22:11:40,598 [main] INFO  base.BaseClass - Trying to find Element By {by.toString()})
2023-12-20 22:11:40,623 [main] INFO  base.BaseClass - Found Element By {by.toString()}
2023-12-20 22:11:41,166 [main] INFO  base.BaseClass - Trying to find Element By {by.toString()})
2023-12-20 22:11:41,192 [main] INFO  base.BaseClass - Found Element By {by.toString()}
2023-12-20 22:11:41,717 [main] INFO  base.BaseClass - Trying to find Element By {by.toString()})
2023-12-20 22:11:41,741 [main] INFO  base.BaseClass - Found Element By {by.toString()}
2023-12-20 22:11:42,267 [main] INFO  base.BaseClass - Trying to find Element By {by.toString()})
2023-12-20 22:11:42,287 [main] INFO  base.BaseClass - Found Element By {by.toString()}
2023-12-20 22:11:42,818 [main] INFO  base.BaseClass - Trying to find Element By {by.toString()})
2023-12-20 22:11:42,843 [main] INFO  base.BaseClass - Found Element By {by.toString()}
2023-12-20 22:11:43,379 [main] INFO  base.BaseClass - Trying to find Element By {by.toString()})
2023-12-20 22:11:43,405 [main] INFO  base.BaseClass - Found Element By {by.toString()}
2023-12-20 22:11:43,942 [main] INFO  base.BaseClass - Trying to find Element By {by.toString()})
2023-12-20 22:11:43,968 [main] INFO  base.BaseClass - Found Element By {by.toString()}
2023-12-20 22:11:44,492 [main] INFO  base.BaseClass - Trying to find Element By {by.toString()})
2023-12-20 22:11:44,511 [main] INFO  base.BaseClass - Found Element By {by.toString()}
2023-12-20 22:11:45,044 [main] INFO  base.BaseClass - Trying to find Element By {by.toString()})
2023-12-20 22:11:45,077 [main] INFO  base.BaseClass - Found Element By {by.toString()}
2023-12-20 22:11:45,596 [main] INFO  base.BaseClass - Trying to find Element By {by.toString()})
2023-12-20 22:11:45,615 [main] INFO  base.BaseClass - Found Element By {by.toString()}
2023-12-20 22:11:46,152 [main] INFO  base.BaseClass - Trying to find Element By {by.toString()})
2023-12-20 22:11:46,170 [main] INFO  base.BaseClass - Found Element By {by.toString()}
2023-12-20 22:11:46,704 [main] INFO  base.BaseClass - Trying to find Element By {by.toString()})
2023-12-20 22:11:46,722 [main] INFO  base.BaseClass - Found Element By {by.toString()}
2023-12-20 22:11:47,259 [main] INFO  base.BaseClass - Trying to find Element By {by.toString()})
2023-12-20 22:11:47,277 [main] INFO  base.BaseClass - Found Element By {by.toString()}
2023-12-20 22:11:47,814 [main] INFO  base.BaseClass - Trying to find Element By {by.toString()})
2023-12-20 22:11:47,832 [main] INFO  base.BaseClass - Found Element By {by.toString()}
2023-12-20 22:11:48,369 [main] INFO  base.BaseClass - Trying to find Element By {by.toString()})
2023-12-20 22:11:48,384 [main] INFO  base.BaseClass - Found Element By {by.toString()}
2023-12-20 22:11:48,906 [main] INFO  base.BaseClass - Trying to find Element By {by.toString()})
2023-12-20 22:11:48,926 [main] INFO  base.BaseClass - Found Element By {by.toString()}
2023-12-20 22:11:49,462 [main] INFO  base.BaseClass - Trying to find Element By {by.toString()})
2023-12-20 22:11:49,481 [main] INFO  base.BaseClass - Found Element By {by.toString()}
2023-12-20 22:11:50,012 [main] INFO  base.BaseClass - Trying to find Element By {by.toString()})
2023-12-20 22:11:50,033 [main] INFO  base.BaseClass - Found Element By {by.toString()}
2023-12-20 22:11:50,561 [main] INFO  base.BaseClass - Trying to find Element By {by.toString()})
2023-12-20 22:11:50,582 [main] INFO  base.BaseClass - Found Element By {by.toString()}
2023-12-20 22:11:51,112 [main] INFO  base.BaseClass - Trying to find Element By {by.toString()})
2023-12-20 22:11:51,128 [main] INFO  base.BaseClass - Found Element By {by.toString()}
2023-12-20 22:11:51,663 [main] INFO  base.BaseClass - Trying to find Element By {by.toString()})
2023-12-20 22:11:51,684 [main] INFO  base.BaseClass - Found Element By {by.toString()}
2023-12-20 22:11:52,229 [main] INFO  base.BaseClass - Trying to find Element By {by.toString()})
2023-12-20 22:11:52,252 [main] INFO  base.BaseClass - Found Element By {by.toString()}
2023-12-20 22:11:52,780 [main] INFO  base.BaseClass - Trying to find Element By {by.toString()})
2023-12-20 22:11:52,802 [main] INFO  base.BaseClass - Found Element By {by.toString()}
2023-12-20 22:11:53,345 [main] INFO  base.BaseClass - Trying to find Element By {by.toString()})
2023-12-20 22:11:53,362 [main] INFO  base.BaseClass - Found Element By {by.toString()}
2023-12-20 22:11:53,895 [main] INFO  base.BaseClass - Trying to find Element By {by.toString()})
2023-12-20 22:11:53,918 [main] INFO  base.BaseClass - Found Element By {by.toString()}
TimeoutException occurred: Expected condition failed: waiting for helper.WaitUtility$5@568945a9 (tried for 30 second(s) with 500 milliseconds interval)
Build info: version: '3.141.59', revision: 'e82be7d358', time: '2018-11-14T08:17:03'
System info: host: 'DPLAP166', ip: '137.237.3.197', os.name: 'Windows 10', os.arch: 'amd64', os.version: '10.0', java.version: '19.0.1'
Driver info: org.openqa.selenium.support.events.EventFiringWebDriver
Capabilities {acceptInsecureCerts: true, browserName: chrome, browserVersion: 120.0.6099.72, chrome: {chromedriverVersion: 120.0.6099.109 (3419140ab66..., userDataDir: C:\Users\dP-PL\AppData\Loca...}, fedcm:accounts: true, goog:chromeOptions: {debuggerAddress: localhost:60862}, javascriptEnabled: true, networkConnectionEnabled: false, pageLoadStrategy: normal, platform: WINDOWS, platformName: WINDOWS, proxy: Proxy(), setWindowRect: true, strictFileInteractability: false, timeouts: {implicit: 0, pageLoad: 300000, script: 30000}, unhandledPromptBehavior: dismiss and notify, webauthn:extension:credBlob: true, webauthn:extension:largeBlob: true, webauthn:extension:minPinLength: true, webauthn:extension:prf: true, webauthn:virtualAuthenticators: true}
Session ID: b42297d292bc21c8e7aac60c7f16148b
2023-12-20 22:11:53,944 [main] ERROR XGLT_6685_Test - Element did not become visible within the specified time: Expected condition failed: waiting for helper.WaitUtility$5@568945a9 (tried for 30 second(s) with 500 milliseconds interval)
Build info: version: '3.141.59', revision: 'e82be7d358', time: '2018-11-14T08:17:03'
System info: host: 'DPLAP166', ip: '137.237.3.197', os.name: 'Windows 10', os.arch: 'amd64', os.version: '10.0', java.version: '19.0.1'
Driver info: org.openqa.selenium.support.events.EventFiringWebDriver
Capabilities {acceptInsecureCerts: true, browserName: chrome, browserVersion: 120.0.6099.72, chrome: {chromedriverVersion: 120.0.6099.109 (3419140ab66..., userDataDir: C:\Users\dP-PL\AppData\Loca...}, fedcm:accounts: true, goog:chromeOptions: {debuggerAddress: localhost:60862}, javascriptEnabled: true, networkConnectionEnabled: false, pageLoadStrategy: normal, platform: WINDOWS, platformName: WINDOWS, proxy: Proxy(), setWindowRect: true, strictFileInteractability: false, timeouts: {implicit: 0, pageLoad: 300000, script: 30000}, unhandledPromptBehavior: dismiss and notify, webauthn:extension:credBlob: true, webauthn:extension:largeBlob: true, webauthn:extension:minPinLength: true, webauthn:extension:prf: true, webauthn:virtualAuthenticators: true}
Session ID: b42297d292bc21c8e7aac60c7f16148b
2023-12-20 22:11:53,949 [main] INFO  base.BaseClass - Trying to find Element By {by.toString()})
2023-12-20 22:11:53,964 [main] INFO  base.BaseClass - Found Element By {by.toString()}
2023-12-20 22:11:53,983 [main] INFO  base.BaseClass - Trying to find Element By {by.toString()})
2023-12-20 22:11:54,001 [main] INFO  base.BaseClass - Found Element By {by.toString()}
2023-12-20 22:11:54,027 [main] INFO  base.BaseClass - Trying to find Element By {by.toString()})
2023-12-20 22:11:54,039 [main] INFO  base.BaseClass - Found Element By {by.toString()}
last page in current selection is 1
2023-12-20 22:11:54,046 [main] INFO  base.BaseClass - Trying to find Element By {by.toString()})
2023-12-20 22:11:54,068 [main] INFO  base.BaseClass - Found Element By {by.toString()}
Height is 2250
2023-12-20 22:11:54,090 [main] INFO  base.BaseClass - Trying to find Element By {by.toString()})
2023-12-20 22:11:54,121 [main] INFO  base.BaseClass - Found Element By {by.toString()}
Customer page count for credit hold is 75
2023-12-20 22:11:54,121 [main] INFO  base.BaseClass - Trying to find Element By {by.toString()})
2023-12-20 22:11:54,139 [main] INFO  base.BaseClass - Found Element By {by.toString()}
2023-12-20 22:11:54,155 [main] INFO  base.BaseClass - Trying to find Element By {by.toString()})
2023-12-20 22:11:54,175 [main] INFO  base.BaseClass - Found Element By {by.toString()}
2023-12-20 22:11:54,196 [main] INFO  base.BaseClass - Trying to find Element By {by.toString()})
2023-12-20 22:11:54,225 [main] INFO  base.BaseClass - Found Element By {by.toString()}
last page in current selection is 1
2023-12-20 22:11:54,236 [main] INFO  base.BaseClass - Trying to find Element By {by.toString()})
2023-12-20 22:11:54,252 [main] INFO  base.BaseClass - Found Element By {by.toString()}
Height is 2250
2023-12-20 22:11:54,270 [main] INFO  base.BaseClass - Trying to find Element By {by.toString()})
2023-12-20 22:11:54,293 [main] INFO  base.BaseClass - Found Element By {by.toString()}
2023-12-20 22:11:54,293 [main] INFO  base.BaseClass - Trying to find Element By {by.toString()})
2023-12-20 22:11:54,311 [main] INFO  base.BaseClass - Found Element By {by.toString()}
2023-12-20 22:11:54,327 [main] INFO  base.BaseClass - Trying to find Element By {by.toString()})
2023-12-20 22:11:54,345 [main] INFO  base.BaseClass - Found Element By {by.toString()}
2023-12-20 22:11:54,371 [main] INFO  base.BaseClass - Trying to find Element By {by.toString()})
2023-12-20 22:11:54,390 [main] INFO  base.BaseClass - Found Element By {by.toString()}
last page in current selection is 1
2023-12-20 22:11:54,408 [main] INFO  base.BaseClass - Trying to find Element By {by.toString()})
2023-12-20 22:11:54,426 [main] INFO  base.BaseClass - Found Element By {by.toString()}
Height is 2250
2023-12-20 22:11:54,446 [main] INFO  base.BaseClass - Trying to find Element By {by.toString()})
2023-12-20 22:11:54,471 [main] INFO  base.BaseClass - Found Element By {by.toString()}
MCCredithold passed!
]]></system-out>
  </testcase>
  <testcase name="MCactivewithoutrev" classname="XGLT_6685_Test" time="60.72">
    <failure message="For input string: &quot;9,887&quot;" type="java.lang.NumberFormatException"><![CDATA[java.lang.NumberFormatException: For input string: "9,887"
	at java.base/java.lang.NumberFormatException.forInputString(NumberFormatException.java:67)
	at java.base/java.lang.Integer.parseInt(Integer.java:665)
	at java.base/java.lang.Integer.parseInt(Integer.java:781)
	at pages.MCCustomerWidgetPage.verifyactivewithoutrevcount(MCCustomerWidgetPage.java:176)
	at XGLT_6685_Test.MCactivewithoutrev(XGLT_6685_Test.java:35)
	at java.base/jdk.internal.reflect.DirectMethodHandleAccessor.invoke(DirectMethodHandleAccessor.java:104)
	at java.base/java.lang.reflect.Method.invoke(Method.java:578)
	at org.testng.internal.invokers.MethodInvocationHelper.invokeMethod(MethodInvocationHelper.java:139)
	at org.testng.internal.invokers.TestInvoker.invokeMethod(TestInvoker.java:677)
	at org.testng.internal.invokers.TestInvoker.invokeTestMethod(TestInvoker.java:221)
	at org.testng.internal.invokers.MethodRunner.runInSequence(MethodRunner.java:50)
	at org.testng.internal.invokers.TestInvoker$MethodInvocationAgent.invoke(TestInvoker.java:962)
	at org.testng.internal.invokers.TestInvoker.invokeTestMethods(TestInvoker.java:194)
	at org.testng.internal.invokers.TestMethodWorker.invokeTestMethods(TestMethodWorker.java:148)
	at org.testng.internal.invokers.TestMethodWorker.run(TestMethodWorker.java:128)
	at java.base/java.util.ArrayList.forEach(ArrayList.java:1511)
	at org.testng.TestRunner.privateRun(TestRunner.java:806)
	at org.testng.TestRunner.run(TestRunner.java:601)
	at org.testng.SuiteRunner.runTest(SuiteRunner.java:433)
	at org.testng.SuiteRunner.runSequentially(SuiteRunner.java:427)
	at org.testng.SuiteRunner.privateRun(SuiteRunner.java:387)
	at org.testng.SuiteRunner.run(SuiteRunner.java:330)
	at org.testng.SuiteRunnerWorker.runSuite(SuiteRunnerWorker.java:52)
	at org.testng.SuiteRunnerWorker.run(SuiteRunnerWorker.java:95)
	at org.testng.TestNG.runSuitesSequentially(TestNG.java:1256)
	at org.testng.TestNG.runSuitesLocally(TestNG.java:1176)
	at org.testng.TestNG.runSuites(TestNG.java:1099)
	at org.testng.TestNG.run(TestNG.java:1067)
	at org.apache.maven.surefire.testng.TestNGExecutor.run(TestNGExecutor.java:324)
	at org.apache.maven.surefire.testng.TestNGXmlTestSuite.execute(TestNGXmlTestSuite.java:74)
	at org.apache.maven.surefire.testng.TestNGProvider.invoke(TestNGProvider.java:123)
	at org.apache.maven.surefire.booter.ForkedBooter.runSuitesInProcess(ForkedBooter.java:456)
	at org.apache.maven.surefire.booter.ForkedBooter.execute(ForkedBooter.java:169)
	at org.apache.maven.surefire.booter.ForkedBooter.run(ForkedBooter.java:595)
	at org.apache.maven.surefire.booter.ForkedBooter.main(ForkedBooter.java:581)
]]></failure>
    <system-out><![CDATA[Before method Test name: Maintainance Tests
MCactivewithoutrev started!
Navigated back from browser
2023-12-20 22:11:54,775 [main] INFO  base.BaseClass - Trying to find Element By {by.toString()})
2023-12-20 22:11:55,204 [main] INFO  base.BaseClass - Found Element By {by.toString()}
2023-12-20 22:11:55,727 [main] INFO  base.BaseClass - Trying to find Element By {by.toString()})
2023-12-20 22:11:55,754 [main] INFO  base.BaseClass - Found Element By {by.toString()}
2023-12-20 22:11:56,307 [main] INFO  base.BaseClass - Trying to find Element By {by.toString()})
2023-12-20 22:11:56,337 [main] INFO  base.BaseClass - Found Element By {by.toString()}
2023-12-20 22:11:56,884 [main] INFO  base.BaseClass - Trying to find Element By {by.toString()})
2023-12-20 22:11:56,924 [main] INFO  base.BaseClass - Found Element By {by.toString()}
2023-12-20 22:11:57,447 [main] INFO  base.BaseClass - Trying to find Element By {by.toString()})
2023-12-20 22:11:57,479 [main] INFO  base.BaseClass - Found Element By {by.toString()}
2023-12-20 22:11:58,011 [main] INFO  base.BaseClass - Trying to find Element By {by.toString()})
2023-12-20 22:11:58,041 [main] INFO  base.BaseClass - Found Element By {by.toString()}
2023-12-20 22:11:58,578 [main] INFO  base.BaseClass - Trying to find Element By {by.toString()})
2023-12-20 22:11:58,604 [main] INFO  base.BaseClass - Found Element By {by.toString()}
2023-12-20 22:11:59,141 [main] INFO  base.BaseClass - Trying to find Element By {by.toString()})
2023-12-20 22:11:59,166 [main] INFO  base.BaseClass - Found Element By {by.toString()}
2023-12-20 22:11:59,708 [main] INFO  base.BaseClass - Trying to find Element By {by.toString()})
2023-12-20 22:11:59,732 [main] INFO  base.BaseClass - Found Element By {by.toString()}
2023-12-20 22:12:00,259 [main] INFO  base.BaseClass - Trying to find Element By {by.toString()})
2023-12-20 22:12:00,284 [main] INFO  base.BaseClass - Found Element By {by.toString()}
2023-12-20 22:12:00,823 [main] INFO  base.BaseClass - Trying to find Element By {by.toString()})
2023-12-20 22:12:00,848 [main] INFO  base.BaseClass - Found Element By {by.toString()}
2023-12-20 22:12:01,390 [main] INFO  base.BaseClass - Trying to find Element By {by.toString()})
2023-12-20 22:12:01,414 [main] INFO  base.BaseClass - Found Element By {by.toString()}
2023-12-20 22:12:01,955 [main] INFO  base.BaseClass - Trying to find Element By {by.toString()})
2023-12-20 22:12:01,978 [main] INFO  base.BaseClass - Found Element By {by.toString()}
2023-12-20 22:12:02,505 [main] INFO  base.BaseClass - Trying to find Element By {by.toString()})
2023-12-20 22:12:02,529 [main] INFO  base.BaseClass - Found Element By {by.toString()}
2023-12-20 22:12:03,071 [main] INFO  base.BaseClass - Trying to find Element By {by.toString()})
2023-12-20 22:12:03,096 [main] INFO  base.BaseClass - Found Element By {by.toString()}
2023-12-20 22:12:03,637 [main] INFO  base.BaseClass - Trying to find Element By {by.toString()})
2023-12-20 22:12:03,655 [main] INFO  base.BaseClass - Found Element By {by.toString()}
2023-12-20 22:12:04,199 [main] INFO  base.BaseClass - Trying to find Element By {by.toString()})
2023-12-20 22:12:04,223 [main] INFO  base.BaseClass - Found Element By {by.toString()}
2023-12-20 22:12:04,762 [main] INFO  base.BaseClass - Trying to find Element By {by.toString()})
2023-12-20 22:12:04,784 [main] INFO  base.BaseClass - Found Element By {by.toString()}
2023-12-20 22:12:05,329 [main] INFO  base.BaseClass - Trying to find Element By {by.toString()})
2023-12-20 22:12:05,344 [main] INFO  base.BaseClass - Found Element By {by.toString()}
2023-12-20 22:12:05,881 [main] INFO  base.BaseClass - Trying to find Element By {by.toString()})
2023-12-20 22:12:05,905 [main] INFO  base.BaseClass - Found Element By {by.toString()}
2023-12-20 22:12:06,447 [main] INFO  base.BaseClass - Trying to find Element By {by.toString()})
2023-12-20 22:12:06,470 [main] INFO  base.BaseClass - Found Element By {by.toString()}
2023-12-20 22:12:07,013 [main] INFO  base.BaseClass - Trying to find Element By {by.toString()})
2023-12-20 22:12:07,035 [main] INFO  base.BaseClass - Found Element By {by.toString()}
2023-12-20 22:12:07,580 [main] INFO  base.BaseClass - Trying to find Element By {by.toString()})
2023-12-20 22:12:07,604 [main] INFO  base.BaseClass - Found Element By {by.toString()}
2023-12-20 22:12:08,145 [main] INFO  base.BaseClass - Trying to find Element By {by.toString()})
2023-12-20 22:12:08,171 [main] INFO  base.BaseClass - Found Element By {by.toString()}
2023-12-20 22:12:08,725 [main] INFO  base.BaseClass - Trying to find Element By {by.toString()})
2023-12-20 22:12:08,750 [main] INFO  base.BaseClass - Found Element By {by.toString()}
2023-12-20 22:12:09,290 [main] INFO  base.BaseClass - Trying to find Element By {by.toString()})
2023-12-20 22:12:09,315 [main] INFO  base.BaseClass - Found Element By {by.toString()}
2023-12-20 22:12:09,839 [main] INFO  base.BaseClass - Trying to find Element By {by.toString()})
2023-12-20 22:12:09,864 [main] INFO  base.BaseClass - Found Element By {by.toString()}
2023-12-20 22:12:10,406 [main] INFO  base.BaseClass - Trying to find Element By {by.toString()})
2023-12-20 22:12:10,429 [main] INFO  base.BaseClass - Found Element By {by.toString()}
2023-12-20 22:12:10,970 [main] INFO  base.BaseClass - Trying to find Element By {by.toString()})
2023-12-20 22:12:10,996 [main] INFO  base.BaseClass - Found Element By {by.toString()}
2023-12-20 22:12:11,535 [main] INFO  base.BaseClass - Trying to find Element By {by.toString()})
2023-12-20 22:12:11,559 [main] INFO  base.BaseClass - Found Element By {by.toString()}
2023-12-20 22:12:12,088 [main] INFO  base.BaseClass - Trying to find Element By {by.toString()})
2023-12-20 22:12:12,110 [main] INFO  base.BaseClass - Found Element By {by.toString()}
2023-12-20 22:12:12,652 [main] INFO  base.BaseClass - Trying to find Element By {by.toString()})
2023-12-20 22:12:12,676 [main] INFO  base.BaseClass - Found Element By {by.toString()}
2023-12-20 22:12:13,202 [main] INFO  base.BaseClass - Trying to find Element By {by.toString()})
2023-12-20 22:12:13,227 [main] INFO  base.BaseClass - Found Element By {by.toString()}
2023-12-20 22:12:13,767 [main] INFO  base.BaseClass - Trying to find Element By {by.toString()})
2023-12-20 22:12:13,789 [main] INFO  base.BaseClass - Found Element By {by.toString()}
2023-12-20 22:12:14,334 [main] INFO  base.BaseClass - Trying to find Element By {by.toString()})
2023-12-20 22:12:14,359 [main] INFO  base.BaseClass - Found Element By {by.toString()}
2023-12-20 22:12:14,898 [main] INFO  base.BaseClass - Trying to find Element By {by.toString()})
2023-12-20 22:12:14,917 [main] INFO  base.BaseClass - Found Element By {by.toString()}
2023-12-20 22:12:15,444 [main] INFO  base.BaseClass - Trying to find Element By {by.toString()})
2023-12-20 22:12:15,468 [main] INFO  base.BaseClass - Found Element By {by.toString()}
2023-12-20 22:12:16,011 [main] INFO  base.BaseClass - Trying to find Element By {by.toString()})
2023-12-20 22:12:16,029 [main] INFO  base.BaseClass - Found Element By {by.toString()}
2023-12-20 22:12:16,562 [main] INFO  base.BaseClass - Trying to find Element By {by.toString()})
2023-12-20 22:12:16,586 [main] INFO  base.BaseClass - Found Element By {by.toString()}
2023-12-20 22:12:17,126 [main] INFO  base.BaseClass - Trying to find Element By {by.toString()})
2023-12-20 22:12:17,148 [main] INFO  base.BaseClass - Found Element By {by.toString()}
2023-12-20 22:12:17,692 [main] INFO  base.BaseClass - Trying to find Element By {by.toString()})
2023-12-20 22:12:17,716 [main] INFO  base.BaseClass - Found Element By {by.toString()}
2023-12-20 22:12:18,245 [main] INFO  base.BaseClass - Trying to find Element By {by.toString()})
2023-12-20 22:12:18,269 [main] INFO  base.BaseClass - Found Element By {by.toString()}
2023-12-20 22:12:18,809 [main] INFO  base.BaseClass - Trying to find Element By {by.toString()})
2023-12-20 22:12:18,832 [main] INFO  base.BaseClass - Found Element By {by.toString()}
2023-12-20 22:12:19,375 [main] INFO  base.BaseClass - Trying to find Element By {by.toString()})
2023-12-20 22:12:19,400 [main] INFO  base.BaseClass - Found Element By {by.toString()}
2023-12-20 22:12:19,940 [main] INFO  base.BaseClass - Trying to find Element By {by.toString()})
2023-12-20 22:12:19,962 [main] INFO  base.BaseClass - Found Element By {by.toString()}
2023-12-20 22:12:20,501 [main] INFO  base.BaseClass - Trying to find Element By {by.toString()})
2023-12-20 22:12:20,525 [main] INFO  base.BaseClass - Found Element By {by.toString()}
2023-12-20 22:12:21,053 [main] INFO  base.BaseClass - Trying to find Element By {by.toString()})
2023-12-20 22:12:21,079 [main] INFO  base.BaseClass - Found Element By {by.toString()}
2023-12-20 22:12:21,618 [main] INFO  base.BaseClass - Trying to find Element By {by.toString()})
2023-12-20 22:12:21,643 [main] INFO  base.BaseClass - Found Element By {by.toString()}
2023-12-20 22:12:22,183 [main] INFO  base.BaseClass - Trying to find Element By {by.toString()})
2023-12-20 22:12:22,207 [main] INFO  base.BaseClass - Found Element By {by.toString()}
2023-12-20 22:12:22,736 [main] INFO  base.BaseClass - Trying to find Element By {by.toString()})
2023-12-20 22:12:22,756 [main] INFO  base.BaseClass - Found Element By {by.toString()}
2023-12-20 22:12:23,283 [main] INFO  base.BaseClass - Trying to find Element By {by.toString()})
2023-12-20 22:12:23,301 [main] INFO  base.BaseClass - Found Element By {by.toString()}
2023-12-20 22:12:23,835 [main] INFO  base.BaseClass - Trying to find Element By {by.toString()})
2023-12-20 22:12:23,857 [main] INFO  base.BaseClass - Found Element By {by.toString()}
2023-12-20 22:12:24,401 [main] INFO  base.BaseClass - Trying to find Element By {by.toString()})
2023-12-20 22:12:24,425 [main] INFO  base.BaseClass - Found Element By {by.toString()}
2023-12-20 22:12:24,967 [main] INFO  base.BaseClass - Trying to find Element By {by.toString()})
2023-12-20 22:12:24,992 [main] INFO  base.BaseClass - Found Element By {by.toString()}
TimeoutException occurred: Expected condition failed: waiting for helper.WaitUtility$5@1ed43328 (tried for 30 second(s) with 500 milliseconds interval)
Build info: version: '3.141.59', revision: 'e82be7d358', time: '2018-11-14T08:17:03'
System info: host: 'DPLAP166', ip: '137.237.3.197', os.name: 'Windows 10', os.arch: 'amd64', os.version: '10.0', java.version: '19.0.1'
Driver info: org.openqa.selenium.support.events.EventFiringWebDriver
Capabilities {acceptInsecureCerts: true, browserName: chrome, browserVersion: 120.0.6099.72, chrome: {chromedriverVersion: 120.0.6099.109 (3419140ab66..., userDataDir: C:\Users\dP-PL\AppData\Loca...}, fedcm:accounts: true, goog:chromeOptions: {debuggerAddress: localhost:60862}, javascriptEnabled: true, networkConnectionEnabled: false, pageLoadStrategy: normal, platform: WINDOWS, platformName: WINDOWS, proxy: Proxy(), setWindowRect: true, strictFileInteractability: false, timeouts: {implicit: 0, pageLoad: 300000, script: 30000}, unhandledPromptBehavior: dismiss and notify, webauthn:extension:credBlob: true, webauthn:extension:largeBlob: true, webauthn:extension:minPinLength: true, webauthn:extension:prf: true, webauthn:virtualAuthenticators: true}
Session ID: b42297d292bc21c8e7aac60c7f16148b
2023-12-20 22:12:25,020 [main] ERROR XGLT_6685_Test - Element did not become visible within the specified time: Expected condition failed: waiting for helper.WaitUtility$5@1ed43328 (tried for 30 second(s) with 500 milliseconds interval)
Build info: version: '3.141.59', revision: 'e82be7d358', time: '2018-11-14T08:17:03'
System info: host: 'DPLAP166', ip: '137.237.3.197', os.name: 'Windows 10', os.arch: 'amd64', os.version: '10.0', java.version: '19.0.1'
Driver info: org.openqa.selenium.support.events.EventFiringWebDriver
Capabilities {acceptInsecureCerts: true, browserName: chrome, browserVersion: 120.0.6099.72, chrome: {chromedriverVersion: 120.0.6099.109 (3419140ab66..., userDataDir: C:\Users\dP-PL\AppData\Loca...}, fedcm:accounts: true, goog:chromeOptions: {debuggerAddress: localhost:60862}, javascriptEnabled: true, networkConnectionEnabled: false, pageLoadStrategy: normal, platform: WINDOWS, platformName: WINDOWS, proxy: Proxy(), setWindowRect: true, strictFileInteractability: false, timeouts: {implicit: 0, pageLoad: 300000, script: 30000}, unhandledPromptBehavior: dismiss and notify, webauthn:extension:credBlob: true, webauthn:extension:largeBlob: true, webauthn:extension:minPinLength: true, webauthn:extension:prf: true, webauthn:virtualAuthenticators: true}
Session ID: b42297d292bc21c8e7aac60c7f16148b
2023-12-20 22:12:25,020 [main] INFO  base.BaseClass - Trying to find Element By {by.toString()})
2023-12-20 22:12:25,049 [main] INFO  base.BaseClass - Found Element By {by.toString()}
2023-12-20 22:12:25,593 [main] INFO  base.BaseClass - Trying to find Element By {by.toString()})
2023-12-20 22:12:25,617 [main] INFO  base.BaseClass - Found Element By {by.toString()}
2023-12-20 22:12:26,158 [main] INFO  base.BaseClass - Trying to find Element By {by.toString()})
2023-12-20 22:12:26,183 [main] INFO  base.BaseClass - Found Element By {by.toString()}
2023-12-20 22:12:26,727 [main] INFO  base.BaseClass - Trying to find Element By {by.toString()})
2023-12-20 22:12:26,749 [main] INFO  base.BaseClass - Found Element By {by.toString()}
2023-12-20 22:12:27,276 [main] INFO  base.BaseClass - Trying to find Element By {by.toString()})
2023-12-20 22:12:27,300 [main] INFO  base.BaseClass - Found Element By {by.toString()}
2023-12-20 22:12:27,843 [main] INFO  base.BaseClass - Trying to find Element By {by.toString()})
2023-12-20 22:12:27,864 [main] INFO  base.BaseClass - Found Element By {by.toString()}
2023-12-20 22:12:28,397 [main] INFO  base.BaseClass - Trying to find Element By {by.toString()})
2023-12-20 22:12:28,420 [main] INFO  base.BaseClass - Found Element By {by.toString()}
2023-12-20 22:12:28,961 [main] INFO  base.BaseClass - Trying to find Element By {by.toString()})
2023-12-20 22:12:28,985 [main] INFO  base.BaseClass - Found Element By {by.toString()}
2023-12-20 22:12:29,514 [main] INFO  base.BaseClass - Trying to find Element By {by.toString()})
2023-12-20 22:12:29,539 [main] INFO  base.BaseClass - Found Element By {by.toString()}
2023-12-20 22:12:30,081 [main] INFO  base.BaseClass - Trying to find Element By {by.toString()})
2023-12-20 22:12:30,105 [main] INFO  base.BaseClass - Found Element By {by.toString()}
2023-12-20 22:12:30,648 [main] INFO  base.BaseClass - Trying to find Element By {by.toString()})
2023-12-20 22:12:30,672 [main] INFO  base.BaseClass - Found Element By {by.toString()}
2023-12-20 22:12:31,213 [main] INFO  base.BaseClass - Trying to find Element By {by.toString()})
2023-12-20 22:12:31,236 [main] INFO  base.BaseClass - Found Element By {by.toString()}
2023-12-20 22:12:31,777 [main] INFO  base.BaseClass - Trying to find Element By {by.toString()})
2023-12-20 22:12:31,801 [main] INFO  base.BaseClass - Found Element By {by.toString()}
2023-12-20 22:12:32,344 [main] INFO  base.BaseClass - Trying to find Element By {by.toString()})
2023-12-20 22:12:32,367 [main] INFO  base.BaseClass - Found Element By {by.toString()}
2023-12-20 22:12:32,898 [main] INFO  base.BaseClass - Trying to find Element By {by.toString()})
2023-12-20 22:12:32,919 [main] INFO  base.BaseClass - Found Element By {by.toString()}
2023-12-20 22:12:33,449 [main] INFO  base.BaseClass - Trying to find Element By {by.toString()})
2023-12-20 22:12:33,474 [main] INFO  base.BaseClass - Found Element By {by.toString()}
2023-12-20 22:12:34,006 [main] INFO  base.BaseClass - Trying to find Element By {by.toString()})
2023-12-20 22:12:34,028 [main] INFO  base.BaseClass - Found Element By {by.toString()}
2023-12-20 22:12:34,569 [main] INFO  base.BaseClass - Trying to find Element By {by.toString()})
2023-12-20 22:12:34,589 [main] INFO  base.BaseClass - Found Element By {by.toString()}
2023-12-20 22:12:35,124 [main] INFO  base.BaseClass - Trying to find Element By {by.toString()})
2023-12-20 22:12:35,146 [main] INFO  base.BaseClass - Found Element By {by.toString()}
2023-12-20 22:12:35,674 [main] INFO  base.BaseClass - Trying to find Element By {by.toString()})
2023-12-20 22:12:35,697 [main] INFO  base.BaseClass - Found Element By {by.toString()}
2023-12-20 22:12:36,239 [main] INFO  base.BaseClass - Trying to find Element By {by.toString()})
2023-12-20 22:12:36,263 [main] INFO  base.BaseClass - Found Element By {by.toString()}
2023-12-20 22:12:36,790 [main] INFO  base.BaseClass - Trying to find Element By {by.toString()})
2023-12-20 22:12:36,814 [main] INFO  base.BaseClass - Found Element By {by.toString()}
2023-12-20 22:12:37,342 [main] INFO  base.BaseClass - Trying to find Element By {by.toString()})
2023-12-20 22:12:37,366 [main] INFO  base.BaseClass - Found Element By {by.toString()}
2023-12-20 22:12:37,906 [main] INFO  base.BaseClass - Trying to find Element By {by.toString()})
2023-12-20 22:12:37,928 [main] INFO  base.BaseClass - Found Element By {by.toString()}
2023-12-20 22:12:38,470 [main] INFO  base.BaseClass - Trying to find Element By {by.toString()})
2023-12-20 22:12:38,493 [main] INFO  base.BaseClass - Found Element By {by.toString()}
2023-12-20 22:12:39,037 [main] INFO  base.BaseClass - Trying to find Element By {by.toString()})
2023-12-20 22:12:39,060 [main] INFO  base.BaseClass - Found Element By {by.toString()}
2023-12-20 22:12:39,603 [main] INFO  base.BaseClass - Trying to find Element By {by.toString()})
2023-12-20 22:12:39,626 [main] INFO  base.BaseClass - Found Element By {by.toString()}
2023-12-20 22:12:40,159 [main] INFO  base.BaseClass - Trying to find Element By {by.toString()})
2023-12-20 22:12:40,182 [main] INFO  base.BaseClass - Found Element By {by.toString()}
2023-12-20 22:12:40,722 [main] INFO  base.BaseClass - Trying to find Element By {by.toString()})
2023-12-20 22:12:40,746 [main] INFO  base.BaseClass - Found Element By {by.toString()}
2023-12-20 22:12:41,278 [main] INFO  base.BaseClass - Trying to find Element By {by.toString()})
2023-12-20 22:12:41,295 [main] INFO  base.BaseClass - Found Element By {by.toString()}
2023-12-20 22:12:41,832 [main] INFO  base.BaseClass - Trying to find Element By {by.toString()})
2023-12-20 22:12:41,856 [main] INFO  base.BaseClass - Found Element By {by.toString()}
2023-12-20 22:12:42,382 [main] INFO  base.BaseClass - Trying to find Element By {by.toString()})
2023-12-20 22:12:42,406 [main] INFO  base.BaseClass - Found Element By {by.toString()}
2023-12-20 22:12:42,948 [main] INFO  base.BaseClass - Trying to find Element By {by.toString()})
2023-12-20 22:12:42,971 [main] INFO  base.BaseClass - Found Element By {by.toString()}
2023-12-20 22:12:43,501 [main] INFO  base.BaseClass - Trying to find Element By {by.toString()})
2023-12-20 22:12:43,525 [main] INFO  base.BaseClass - Found Element By {by.toString()}
2023-12-20 22:12:44,066 [main] INFO  base.BaseClass - Trying to find Element By {by.toString()})
2023-12-20 22:12:44,088 [main] INFO  base.BaseClass - Found Element By {by.toString()}
2023-12-20 22:12:44,619 [main] INFO  base.BaseClass - Trying to find Element By {by.toString()})
2023-12-20 22:12:44,642 [main] INFO  base.BaseClass - Found Element By {by.toString()}
2023-12-20 22:12:45,184 [main] INFO  base.BaseClass - Trying to find Element By {by.toString()})
2023-12-20 22:12:45,208 [main] INFO  base.BaseClass - Found Element By {by.toString()}
2023-12-20 22:12:45,735 [main] INFO  base.BaseClass - Trying to find Element By {by.toString()})
2023-12-20 22:12:45,759 [main] INFO  base.BaseClass - Found Element By {by.toString()}
2023-12-20 22:12:46,301 [main] INFO  base.BaseClass - Trying to find Element By {by.toString()})
2023-12-20 22:12:46,325 [main] INFO  base.BaseClass - Found Element By {by.toString()}
2023-12-20 22:12:46,858 [main] INFO  base.BaseClass - Trying to find Element By {by.toString()})
2023-12-20 22:12:46,881 [main] INFO  base.BaseClass - Found Element By {by.toString()}
2023-12-20 22:12:47,421 [main] INFO  base.BaseClass - Trying to find Element By {by.toString()})
2023-12-20 22:12:47,443 [main] INFO  base.BaseClass - Found Element By {by.toString()}
2023-12-20 22:12:47,973 [main] INFO  base.BaseClass - Trying to find Element By {by.toString()})
2023-12-20 22:12:47,996 [main] INFO  base.BaseClass - Found Element By {by.toString()}
2023-12-20 22:12:48,536 [main] INFO  base.BaseClass - Trying to find Element By {by.toString()})
2023-12-20 22:12:48,560 [main] INFO  base.BaseClass - Found Element By {by.toString()}
2023-12-20 22:12:49,086 [main] INFO  base.BaseClass - Trying to find Element By {by.toString()})
2023-12-20 22:12:49,105 [main] INFO  base.BaseClass - Found Element By {by.toString()}
2023-12-20 22:12:49,634 [main] INFO  base.BaseClass - Trying to find Element By {by.toString()})
2023-12-20 22:12:49,659 [main] INFO  base.BaseClass - Found Element By {by.toString()}
2023-12-20 22:12:50,197 [main] INFO  base.BaseClass - Trying to find Element By {by.toString()})
2023-12-20 22:12:50,216 [main] INFO  base.BaseClass - Found Element By {by.toString()}
2023-12-20 22:12:50,744 [main] INFO  base.BaseClass - Trying to find Element By {by.toString()})
2023-12-20 22:12:50,757 [main] INFO  base.BaseClass - Found Element By {by.toString()}
2023-12-20 22:12:51,277 [main] INFO  base.BaseClass - Trying to find Element By {by.toString()})
2023-12-20 22:12:51,290 [main] INFO  base.BaseClass - Found Element By {by.toString()}
2023-12-20 22:12:51,811 [main] INFO  base.BaseClass - Trying to find Element By {by.toString()})
2023-12-20 22:12:51,820 [main] INFO  base.BaseClass - Found Element By {by.toString()}
2023-12-20 22:12:52,346 [main] INFO  base.BaseClass - Trying to find Element By {by.toString()})
2023-12-20 22:12:52,358 [main] INFO  base.BaseClass - Found Element By {by.toString()}
2023-12-20 22:12:52,884 [main] INFO  base.BaseClass - Trying to find Element By {by.toString()})
2023-12-20 22:12:52,893 [main] INFO  base.BaseClass - Found Element By {by.toString()}
2023-12-20 22:12:53,420 [main] INFO  base.BaseClass - Trying to find Element By {by.toString()})
2023-12-20 22:12:53,439 [main] INFO  base.BaseClass - Found Element By {by.toString()}
2023-12-20 22:12:53,972 [main] INFO  base.BaseClass - Trying to find Element By {by.toString()})
2023-12-20 22:12:53,989 [main] INFO  base.BaseClass - Found Element By {by.toString()}
2023-12-20 22:12:54,540 [main] INFO  base.BaseClass - Trying to find Element By {by.toString()})
2023-12-20 22:12:54,555 [main] INFO  base.BaseClass - Found Element By {by.toString()}
2023-12-20 22:12:55,093 [main] INFO  base.BaseClass - Trying to find Element By {by.toString()})
2023-12-20 22:12:55,113 [main] INFO  base.BaseClass - Found Element By {by.toString()}
TimeoutException occurred: Expected condition failed: waiting for helper.WaitUtility$5@398f97ae (tried for 30 second(s) with 500 milliseconds interval)
Build info: version: '3.141.59', revision: 'e82be7d358', time: '2018-11-14T08:17:03'
System info: host: 'DPLAP166', ip: '137.237.3.197', os.name: 'Windows 10', os.arch: 'amd64', os.version: '10.0', java.version: '19.0.1'
Driver info: org.openqa.selenium.support.events.EventFiringWebDriver
Capabilities {acceptInsecureCerts: true, browserName: chrome, browserVersion: 120.0.6099.72, chrome: {chromedriverVersion: 120.0.6099.109 (3419140ab66..., userDataDir: C:\Users\dP-PL\AppData\Loca...}, fedcm:accounts: true, goog:chromeOptions: {debuggerAddress: localhost:60862}, javascriptEnabled: true, networkConnectionEnabled: false, pageLoadStrategy: normal, platform: WINDOWS, platformName: WINDOWS, proxy: Proxy(), setWindowRect: true, strictFileInteractability: false, timeouts: {implicit: 0, pageLoad: 300000, script: 30000}, unhandledPromptBehavior: dismiss and notify, webauthn:extension:credBlob: true, webauthn:extension:largeBlob: true, webauthn:extension:minPinLength: true, webauthn:extension:prf: true, webauthn:virtualAuthenticators: true}
Session ID: b42297d292bc21c8e7aac60c7f16148b
2023-12-20 22:12:55,140 [main] ERROR XGLT_6685_Test - Element did not become visible within the specified time: Expected condition failed: waiting for helper.WaitUtility$5@398f97ae (tried for 30 second(s) with 500 milliseconds interval)
Build info: version: '3.141.59', revision: 'e82be7d358', time: '2018-11-14T08:17:03'
System info: host: 'DPLAP166', ip: '137.237.3.197', os.name: 'Windows 10', os.arch: 'amd64', os.version: '10.0', java.version: '19.0.1'
Driver info: org.openqa.selenium.support.events.EventFiringWebDriver
Capabilities {acceptInsecureCerts: true, browserName: chrome, browserVersion: 120.0.6099.72, chrome: {chromedriverVersion: 120.0.6099.109 (3419140ab66..., userDataDir: C:\Users\dP-PL\AppData\Loca...}, fedcm:accounts: true, goog:chromeOptions: {debuggerAddress: localhost:60862}, javascriptEnabled: true, networkConnectionEnabled: false, pageLoadStrategy: normal, platform: WINDOWS, platformName: WINDOWS, proxy: Proxy(), setWindowRect: true, strictFileInteractability: false, timeouts: {implicit: 0, pageLoad: 300000, script: 30000}, unhandledPromptBehavior: dismiss and notify, webauthn:extension:credBlob: true, webauthn:extension:largeBlob: true, webauthn:extension:minPinLength: true, webauthn:extension:prf: true, webauthn:virtualAuthenticators: true}
Session ID: b42297d292bc21c8e7aac60c7f16148b
2023-12-20 22:12:55,140 [main] INFO  base.BaseClass - Trying to find Element By {by.toString()})
2023-12-20 22:12:55,158 [main] INFO  base.BaseClass - Found Element By {by.toString()}
MCactivewithoutrev failed!
]]></system-out>
  </testcase>
</testsuite>