<?xml version="1.0" encoding="UTF-8"?>
<testsuite xmlns:xsi="http://www.w3.org/2001/XMLSchema-instance" xsi:noNamespaceSchemaLocation="https://maven.apache.org/surefire/maven-surefire-plugin/xsd/surefire-test-report-3.0.xsd" version="3.0" name="TestSuite" time="147.424" tests="1" errors="0" skipped="0" failures="0">
  <properties>
    <property name="java.specification.version" value="19"/>
    <property name="webdriver.chrome.driver" value="C:\Users\dP-PL\.cache\selenium\chromedriver\win64\124.0.6367.201\chromedriver.exe"/>
    <property name="sun.cpu.isalist" value="amd64"/>
    <property name="sun.jnu.encoding" value="Cp1252"/>
    <property name="sun.awt.enableExtraMouseButtons" value="true"/>
    <property name="java.class.path" value="D:\XGLFinal_Mine\target\test-classes;D:\XGLFinal_Mine\target\classes;C:\Users\dP-PL\.m2\repository\org\seleniumhq\selenium\selenium-java\3.141.59\selenium-java-3.141.59.jar;C:\Users\dP-PL\.m2\repository\org\seleniumhq\selenium\selenium-api\3.141.59\selenium-api-3.141.59.jar;C:\Users\dP-PL\.m2\repository\org\seleniumhq\selenium\selenium-chrome-driver\3.141.59\selenium-chrome-driver-3.141.59.jar;C:\Users\dP-PL\.m2\repository\org\seleniumhq\selenium\selenium-edge-driver\3.141.59\selenium-edge-driver-3.141.59.jar;C:\Users\dP-PL\.m2\repository\org\seleniumhq\selenium\selenium-firefox-driver\3.141.59\selenium-firefox-driver-3.141.59.jar;C:\Users\dP-PL\.m2\repository\org\seleniumhq\selenium\selenium-ie-driver\3.141.59\selenium-ie-driver-3.141.59.jar;C:\Users\dP-PL\.m2\repository\org\seleniumhq\selenium\selenium-opera-driver\3.141.59\selenium-opera-driver-3.141.59.jar;C:\Users\dP-PL\.m2\repository\org\seleniumhq\selenium\selenium-remote-driver\3.141.59\selenium-remote-driver-3.141.59.jar;C:\Users\dP-PL\.m2\repository\org\seleniumhq\selenium\selenium-safari-driver\3.141.59\selenium-safari-driver-3.141.59.jar;C:\Users\dP-PL\.m2\repository\org\seleniumhq\selenium\selenium-support\3.141.59\selenium-support-3.141.59.jar;C:\Users\dP-PL\.m2\repository\net\bytebuddy\byte-buddy\1.8.15\byte-buddy-1.8.15.jar;C:\Users\dP-PL\.m2\repository\org\apache\commons\commons-exec\1.3\commons-exec-1.3.jar;C:\Users\dP-PL\.m2\repository\com\google\guava\guava\25.0-jre\guava-25.0-jre.jar;C:\Users\dP-PL\.m2\repository\org\checkerframework\checker-compat-qual\2.0.0\checker-compat-qual-2.0.0.jar;C:\Users\dP-PL\.m2\repository\com\google\errorprone\error_prone_annotations\2.1.3\error_prone_annotations-2.1.3.jar;C:\Users\dP-PL\.m2\repository\com\google\j2objc\j2objc-annotations\1.1\j2objc-annotations-1.1.jar;C:\Users\dP-PL\.m2\repository\org\codehaus\mojo\animal-sniffer-annotations\1.14\animal-sniffer-annotations-1.14.jar;C:\Users\dP-PL\.m2\repository\com\squareup\okhttp3\okhttp\3.11.0\okhttp-3.11.0.jar;C:\Users\dP-PL\.m2\repository\com\squareup\okio\okio\1.14.0\okio-1.14.0.jar;C:\Users\dP-PL\.m2\repository\org\seleniumhq\selenium\selenium-http-jdk-client\4.8.1\selenium-http-jdk-client-4.8.1.jar;C:\Users\dP-PL\.m2\repository\com\google\auto\service\auto-service-annotations\1.0.1\auto-service-annotations-1.0.1.jar;C:\Users\dP-PL\.m2\repository\com\google\auto\service\auto-service\1.0.1\auto-service-1.0.1.jar;C:\Users\dP-PL\.m2\repository\com\google\auto\auto-common\1.2\auto-common-1.2.jar;C:\Users\dP-PL\.m2\repository\org\seleniumhq\selenium\selenium-http\4.8.1\selenium-http-4.8.1.jar;C:\Users\dP-PL\.m2\repository\dev\failsafe\failsafe\3.3.0\failsafe-3.3.0.jar;C:\Users\dP-PL\.m2\repository\org\seleniumhq\selenium\selenium-json\4.8.1\selenium-json-4.8.1.jar;C:\Users\dP-PL\.m2\repository\io\github\bonigarcia\webdrivermanager\5.5.3\webdrivermanager-5.5.3.jar;C:\Users\dP-PL\.m2\repository\com\github\docker-java\docker-java\3.3.3\docker-java-3.3.3.jar;C:\Users\dP-PL\.m2\repository\com\github\docker-java\docker-java-core\3.3.3\docker-java-core-3.3.3.jar;C:\Users\dP-PL\.m2\repository\com\github\docker-java\docker-java-api\3.3.3\docker-java-api-3.3.3.jar;C:\Users\dP-PL\.m2\repository\org\bouncycastle\bcpkix-jdk18on\1.75\bcpkix-jdk18on-1.75.jar;C:\Users\dP-PL\.m2\repository\org\bouncycastle\bcprov-jdk18on\1.75\bcprov-jdk18on-1.75.jar;C:\Users\dP-PL\.m2\repository\org\bouncycastle\bcutil-jdk18on\1.75\bcutil-jdk18on-1.75.jar;C:\Users\dP-PL\.m2\repository\com\github\docker-java\docker-java-transport-httpclient5\3.3.3\docker-java-transport-httpclient5-3.3.3.jar;C:\Users\dP-PL\.m2\repository\com\github\docker-java\docker-java-transport\3.3.3\docker-java-transport-3.3.3.jar;C:\Users\dP-PL\.m2\repository\net\java\dev\jna\jna\5.12.1\jna-5.12.1.jar;C:\Users\dP-PL\.m2\repository\org\brotli\dec\0.1.2\dec-0.1.2.jar;C:\Users\dP-PL\.m2\repository\org\apache\commons\commons-lang3\3.13.0\commons-lang3-3.13.0.jar;C:\Users\dP-PL\.m2\repository\org\apache\httpcomponents\client5\httpclient5\5.2.1\httpclient5-5.2.1.jar;C:\Users\dP-PL\.m2\repository\org\apache\httpcomponents\core5\httpcore5\5.2\httpcore5-5.2.jar;C:\Users\dP-PL\.m2\repository\org\apache\httpcomponents\core5\httpcore5-h2\5.2\httpcore5-h2-5.2.jar;C:\Users\dP-PL\.m2\repository\org\testng\testng\7.6.1\testng-7.6.1.jar;C:\Users\dP-PL\.m2\repository\com\google\code\findbugs\jsr305\3.0.2\jsr305-3.0.2.jar;C:\Users\dP-PL\.m2\repository\com\beust\jcommander\1.82\jcommander-1.82.jar;C:\Users\dP-PL\.m2\repository\org\webjars\jquery\3.6.0\jquery-3.6.0.jar;C:\Users\dP-PL\.m2\repository\net\rcarz\Jira-client\0.5\Jira-client-0.5.jar;C:\Users\dP-PL\.m2\repository\org\apache\httpcomponents\httpmime\4.2.5\httpmime-4.2.5.jar;C:\Users\dP-PL\.m2\repository\net\sf\json-lib\json-lib\2.4\json-lib-2.4-jdk15.jar;C:\Users\dP-PL\.m2\repository\commons-beanutils\commons-beanutils\1.8.0\commons-beanutils-1.8.0.jar;C:\Users\dP-PL\.m2\repository\commons-collections\commons-collections\3.2.1\commons-collections-3.2.1.jar;C:\Users\dP-PL\.m2\repository\commons-lang\commons-lang\2.5\commons-lang-2.5.jar;C:\Users\dP-PL\.m2\repository\net\sf\ezmorph\ezmorph\1.0.6\ezmorph-1.0.6.jar;C:\Users\dP-PL\.m2\repository\joda-time\joda-time\2.3\joda-time-2.3.jar;C:\Users\dP-PL\.m2\repository\junit\junit\4.8.2\junit-4.8.2.jar;C:\Users\dP-PL\.m2\repository\org\mockito\mockito-all\1.9.0\mockito-all-1.9.0.jar;C:\Users\dP-PL\.m2\repository\commons-httpclient\commons-httpclient\3.1\commons-httpclient-3.1.jar;C:\Users\dP-PL\.m2\repository\org\apache\maven\plugins\maven-surefire-plugin\3.0.0-M7\maven-surefire-plugin-3.0.0-M7.jar;C:\Users\dP-PL\.m2\repository\org\apache\maven\surefire\maven-surefire-common\3.0.0-M7\maven-surefire-common-3.0.0-M7.jar;C:\Users\dP-PL\.m2\repository\org\apache\maven\surefire\surefire-api\3.0.0-M7\surefire-api-3.0.0-M7.jar;C:\Users\dP-PL\.m2\repository\org\apache\maven\surefire\surefire-logger-api\3.0.0-M7\surefire-logger-api-3.0.0-M7.jar;C:\Users\dP-PL\.m2\repository\org\apache\maven\surefire\surefire-extensions-api\3.0.0-M7\surefire-extensions-api-3.0.0-M7.jar;C:\Users\dP-PL\.m2\repository\org\apache\maven\surefire\surefire-booter\3.0.0-M7\surefire-booter-3.0.0-M7.jar;C:\Users\dP-PL\.m2\repository\org\apache\maven\surefire\surefire-extensions-spi\3.0.0-M7\surefire-extensions-spi-3.0.0-M7.jar;C:\Users\dP-PL\.m2\repository\org\apache\maven\shared\maven-common-artifact-filters\3.1.1\maven-common-artifact-filters-3.1.1.jar;C:\Users\dP-PL\.m2\repository\org\codehaus\plexus\plexus-java\1.1.1\plexus-java-1.1.1.jar;C:\Users\dP-PL\.m2\repository\org\ow2\asm\asm\9.2\asm-9.2.jar;C:\Users\dP-PL\.m2\repository\com\thoughtworks\qdox\qdox\2.0.1\qdox-2.0.1.jar;C:\Users\dP-PL\.m2\repository\org\apache\maven\surefire\surefire-shared-utils\3.0.0-M7\surefire-shared-utils-3.0.0-M7.jar;C:\Users\dP-PL\.m2\repository\com\aventstack\extentreports\5.0.8\extentreports-5.0.8.jar;C:\Users\dP-PL\.m2\repository\io\reactivex\rxjava3\rxjava\3.0.4\rxjava-3.0.4.jar;C:\Users\dP-PL\.m2\repository\org\reactivestreams\reactive-streams\1.0.3\reactive-streams-1.0.3.jar;C:\Users\dP-PL\.m2\repository\org\freemarker\freemarker\2.3.30\freemarker-2.3.30.jar;C:\Users\dP-PL\.m2\repository\org\projectlombok\lombok\1.18.22\lombok-1.18.22.jar;C:\Users\dP-PL\.m2\repository\org\apache\poi\poi-ooxml\5.2.2\poi-ooxml-5.2.2.jar;C:\Users\dP-PL\.m2\repository\org\apache\poi\poi\5.2.2\poi-5.2.2.jar;C:\Users\dP-PL\.m2\repository\org\apache\commons\commons-math3\3.6.1\commons-math3-3.6.1.jar;C:\Users\dP-PL\.m2\repository\com\zaxxer\SparseBitSet\1.2\SparseBitSet-1.2.jar;C:\Users\dP-PL\.m2\repository\org\apache\poi\poi-ooxml-lite\5.2.2\poi-ooxml-lite-5.2.2.jar;C:\Users\dP-PL\.m2\repository\org\apache\xmlbeans\xmlbeans\5.0.3\xmlbeans-5.0.3.jar;C:\Users\dP-PL\.m2\repository\org\apache\commons\commons-compress\1.21\commons-compress-1.21.jar;C:\Users\dP-PL\.m2\repository\commons-io\commons-io\2.11.0\commons-io-2.11.0.jar;C:\Users\dP-PL\.m2\repository\com\github\virtuald\curvesapi\1.07\curvesapi-1.07.jar;C:\Users\dP-PL\.m2\repository\org\apache\commons\commons-collections4\4.4\commons-collections4-4.4.jar;C:\Users\dP-PL\.m2\repository\org\apache\logging\log4j\log4j-api\2.17.0\log4j-api-2.17.0.jar;C:\Users\dP-PL\.m2\repository\org\apache\logging\log4j\log4j-core\2.17.0\log4j-core-2.17.0.jar;C:\Users\dP-PL\.m2\repository\org\slf4j\slf4j-api\1.7.32\slf4j-api-1.7.32.jar;C:\Users\dP-PL\.m2\repository\org\apache\logging\log4j\log4j-slf4j-impl\2.17.0\log4j-slf4j-impl-2.17.0.jar;C:\Users\dP-PL\.m2\repository\com\microsoft\sqlserver\mssql-jdbc\12.4.0.jre11\mssql-jdbc-12.4.0.jre11.jar;C:\Users\dP-PL\.m2\repository\com\oracle\database\jdbc\ojdbc11\23.2.0.0\ojdbc11-23.2.0.0.jar;C:\Users\dP-PL\.m2\repository\net\lightbody\bmp\browsermob-core\2.1.5\browsermob-core-2.1.5.jar;C:\Users\dP-PL\.m2\repository\net\lightbody\bmp\littleproxy\1.1.0-beta-bmp-17\littleproxy-1.1.0-beta-bmp-17.jar;C:\Users\dP-PL\.m2\repository\com\fasterxml\jackson\core\jackson-core\2.8.9\jackson-core-2.8.9.jar;C:\Users\dP-PL\.m2\repository\com\fasterxml\jackson\core\jackson-databind\2.8.9\jackson-databind-2.8.9.jar;C:\Users\dP-PL\.m2\repository\com\fasterxml\jackson\core\jackson-annotations\2.8.9\jackson-annotations-2.8.9.jar;C:\Users\dP-PL\.m2\repository\dnsjava\dnsjava\2.1.8\dnsjava-2.1.8.jar;C:\Users\dP-PL\.m2\repository\org\slf4j\jcl-over-slf4j\1.7.25\jcl-over-slf4j-1.7.25.jar;C:\Users\dP-PL\.m2\repository\com\jcraft\jzlib\1.1.3\jzlib-1.1.3.jar;C:\Users\dP-PL\.m2\repository\io\netty\netty-all\4.0.51.Final\netty-all-4.0.51.Final.jar;C:\Users\dP-PL\.m2\repository\org\bouncycastle\bcprov-jdk15on\1.58\bcprov-jdk15on-1.58.jar;C:\Users\dP-PL\.m2\repository\org\bouncycastle\bcpkix-jdk15on\1.58\bcpkix-jdk15on-1.58.jar;C:\Users\dP-PL\.m2\repository\net\lightbody\bmp\mitm\2.1.5\mitm-2.1.5.jar;C:\Users\dP-PL\.m2\repository\dom4j\dom4j\1.1\dom4j-1.1.jar;C:\Users\dP-PL\.m2\repository\org\apache\httpcomponents\httpclient\4.5.13\httpclient-4.5.13.jar;C:\Users\dP-PL\.m2\repository\org\apache\httpcomponents\httpcore\4.4.13\httpcore-4.4.13.jar;C:\Users\dP-PL\.m2\repository\commons-logging\commons-logging\1.2\commons-logging-1.2.jar;C:\Users\dP-PL\.m2\repository\commons-codec\commons-codec\1.11\commons-codec-1.11.jar;C:\Users\dP-PL\.m2\repository\com\google\code\gson\gson\2.8.8\gson-2.8.8.jar;C:\Users\dP-PL\.m2\repository\ch\fortysix\maven-postman-plugin\0.1.6\maven-postman-plugin-0.1.6.jar;C:\Users\dP-PL\.m2\repository\org\codehaus\gmaven\gmaven-mojo\1.2\gmaven-mojo-1.2.jar;C:\Users\dP-PL\.m2\repository\org\codehaus\gmaven\runtime\gmaven-runtime-api\1.2\gmaven-runtime-api-1.2.jar;C:\Users\dP-PL\.m2\repository\org\codehaus\gmaven\feature\gmaven-feature-api\1.2\gmaven-feature-api-1.2.jar;C:\Users\dP-PL\.m2\repository\org\apache\maven\maven-project\2.0.10\maven-project-2.0.10.jar;C:\Users\dP-PL\.m2\repository\org\apache\maven\maven-plugin-registry\2.0.10\maven-plugin-registry-2.0.10.jar;C:\Users\dP-PL\.m2\repository\org\codehaus\plexus\plexus-interpolation\1.1\plexus-interpolation-1.1.jar;C:\Users\dP-PL\.m2\repository\org\apache\maven\maven-plugin-api\2.0.10\maven-plugin-api-2.0.10.jar;C:\Users\dP-PL\.m2\repository\org\codehaus\gmaven\runtime\gmaven-runtime-1.7\1.2\gmaven-runtime-1.7-1.2.jar;C:\Users\dP-PL\.m2\repository\org\codehaus\gmaven\feature\gmaven-feature-support\1.2\gmaven-feature-support-1.2.jar;C:\Users\dP-PL\.m2\repository\org\codehaus\gmaven\runtime\gmaven-runtime-support\1.2\gmaven-runtime-support-1.2.jar;C:\Users\dP-PL\.m2\repository\org\sonatype\gshell\gshell-io\2.0\gshell-io-2.0.jar;C:\Users\dP-PL\.m2\repository\org\sonatype\gossip\gossip\1.0\gossip-1.0.jar;C:\Users\dP-PL\.m2\repository\org\codehaus\groovy\groovy-all\1.7-beta-2\groovy-all-1.7-beta-2.jar;C:\Users\dP-PL\.m2\repository\jline\jline\0.9.94\jline-0.9.94.jar;C:\Users\dP-PL\.m2\repository\javax\mail\mail\1.4.1\mail-1.4.1.jar;C:\Users\dP-PL\.m2\repository\javax\activation\activation\1.1\activation-1.1.jar;C:\Users\dP-PL\.m2\repository\org\apache\ant\ant\1.7.1\ant-1.7.1.jar;C:\Users\dP-PL\.m2\repository\org\apache\ant\ant-launcher\1.7.1\ant-launcher-1.7.1.jar;C:\Users\dP-PL\.m2\repository\org\slf4j\log4j-over-slf4j\1.5.10\log4j-over-slf4j-1.5.10.jar;C:\Users\dP-PL\.m2\repository\org\apache\maven\shared\file-management\1.2.1\file-management-1.2.1.jar;C:\Users\dP-PL\.m2\repository\org\apache\maven\shared\maven-shared-io\1.1\maven-shared-io-1.1.jar;C:\Users\dP-PL\.m2\repository\org\codehaus\plexus\plexus-container-default\1.0-alpha-9\plexus-container-default-1.0-alpha-9.jar;C:\Users\dP-PL\.m2\repository\org\apache\maven\reporting\maven-reporting-api\2.2.1\maven-reporting-api-2.2.1.jar;C:\Users\dP-PL\.m2\repository\org\apache\maven\doxia\doxia-logging-api\1.1\doxia-logging-api-1.1.jar;C:\Users\dP-PL\.m2\repository\org\apache\maven\reporting\maven-reporting-impl\2.0.4.3\maven-reporting-impl-2.0.4.3.jar;C:\Users\dP-PL\.m2\repository\org\apache\maven\doxia\doxia-core\1.0\doxia-core-1.0.jar;C:\Users\dP-PL\.m2\repository\org\apache\maven\doxia\doxia-site-renderer\1.0\doxia-site-renderer-1.0.jar;C:\Users\dP-PL\.m2\repository\org\codehaus\plexus\plexus-i18n\1.0-beta-7\plexus-i18n-1.0-beta-7.jar;C:\Users\dP-PL\.m2\repository\org\codehaus\plexus\plexus-velocity\1.1.7\plexus-velocity-1.1.7.jar;C:\Users\dP-PL\.m2\repository\org\apache\velocity\velocity\1.5\velocity-1.5.jar;C:\Users\dP-PL\.m2\repository\org\apache\maven\doxia\doxia-decoration-model\1.0\doxia-decoration-model-1.0.jar;C:\Users\dP-PL\.m2\repository\org\apache\maven\doxia\doxia-module-apt\1.0\doxia-module-apt-1.0.jar;C:\Users\dP-PL\.m2\repository\org\apache\maven\doxia\doxia-module-fml\1.0\doxia-module-fml-1.0.jar;C:\Users\dP-PL\.m2\repository\org\apache\maven\doxia\doxia-module-xdoc\1.0\doxia-module-xdoc-1.0.jar;C:\Users\dP-PL\.m2\repository\org\apache\maven\doxia\doxia-module-xhtml\1.0\doxia-module-xhtml-1.0.jar;C:\Users\dP-PL\.m2\repository\commons-validator\commons-validator\1.2.0\commons-validator-1.2.0.jar;C:\Users\dP-PL\.m2\repository\commons-digester\commons-digester\1.6\commons-digester-1.6.jar;C:\Users\dP-PL\.m2\repository\oro\oro\2.0.8\oro-2.0.8.jar;C:\Users\dP-PL\.m2\repository\xml-apis\xml-apis\1.0.b2\xml-apis-1.0.b2.jar;C:\Users\dP-PL\.m2\repository\org\apache\maven\shared\maven-doxia-tools\1.0.2\maven-doxia-tools-1.0.2.jar;C:\Users\dP-PL\.m2\repository\org\apache\maven\doxia\doxia-sink-api\1.1.2\doxia-sink-api-1.1.2.jar;C:\Users\dP-PL\.m2\repository\org\codehaus\plexus\plexus-utils\2.0.1\plexus-utils-2.0.1.jar;C:\Users\dP-PL\.m2\repository\nekohtml\nekohtml\1.9.6.2\nekohtml-1.9.6.2.jar;C:\Users\dP-PL\.m2\repository\xerces\xercesImpl\2.8.1\xercesImpl-2.8.1.jar;C:\Users\dP-PL\.m2\repository\org\apache\commons\commons-email\1.2\commons-email-1.2.jar;C:\Users\dP-PL\.m2\repository\org\apache\maven\maven-core\2.2.1\maven-core-2.2.1.jar;C:\Users\dP-PL\.m2\repository\org\apache\maven\maven-settings\2.2.1\maven-settings-2.2.1.jar;C:\Users\dP-PL\.m2\repository\org\apache\maven\wagon\wagon-file\1.0-beta-6\wagon-file-1.0-beta-6.jar;C:\Users\dP-PL\.m2\repository\org\apache\maven\maven-plugin-parameter-documenter\2.2.1\maven-plugin-parameter-documenter-2.2.1.jar;C:\Users\dP-PL\.m2\repository\org\apache\maven\wagon\wagon-http-lightweight\1.0-beta-6\wagon-http-lightweight-1.0-beta-6.jar;C:\Users\dP-PL\.m2\repository\org\apache\maven\wagon\wagon-http-shared\1.0-beta-6\wagon-http-shared-1.0-beta-6.jar;C:\Users\dP-PL\.m2\repository\nekohtml\xercesMinimal\1.9.6.2\xercesMinimal-1.9.6.2.jar;C:\Users\dP-PL\.m2\repository\org\apache\maven\wagon\wagon-http\1.0-beta-6\wagon-http-1.0-beta-6.jar;C:\Users\dP-PL\.m2\repository\org\apache\maven\wagon\wagon-webdav-jackrabbit\1.0-beta-6\wagon-webdav-jackrabbit-1.0-beta-6.jar;C:\Users\dP-PL\.m2\repository\org\apache\jackrabbit\jackrabbit-webdav\1.5.0\jackrabbit-webdav-1.5.0.jar;C:\Users\dP-PL\.m2\repository\org\apache\jackrabbit\jackrabbit-jcr-commons\1.5.0\jackrabbit-jcr-commons-1.5.0.jar;C:\Users\dP-PL\.m2\repository\org\slf4j\slf4j-nop\1.5.3\slf4j-nop-1.5.3.jar;C:\Users\dP-PL\.m2\repository\org\slf4j\slf4j-jdk14\1.5.6\slf4j-jdk14-1.5.6.jar;C:\Users\dP-PL\.m2\repository\org\apache\maven\maven-profile\2.2.1\maven-profile-2.2.1.jar;C:\Users\dP-PL\.m2\repository\org\apache\maven\maven-model\2.2.1\maven-model-2.2.1.jar;C:\Users\dP-PL\.m2\repository\org\apache\maven\maven-artifact\2.2.1\maven-artifact-2.2.1.jar;C:\Users\dP-PL\.m2\repository\org\apache\maven\wagon\wagon-provider-api\1.0-beta-6\wagon-provider-api-1.0-beta-6.jar;C:\Users\dP-PL\.m2\repository\org\apache\maven\maven-repository-metadata\2.2.1\maven-repository-metadata-2.2.1.jar;C:\Users\dP-PL\.m2\repository\org\apache\maven\maven-error-diagnostics\2.2.1\maven-error-diagnostics-2.2.1.jar;C:\Users\dP-PL\.m2\repository\commons-cli\commons-cli\1.2\commons-cli-1.2.jar;C:\Users\dP-PL\.m2\repository\org\apache\maven\wagon\wagon-ssh-external\1.0-beta-6\wagon-ssh-external-1.0-beta-6.jar;C:\Users\dP-PL\.m2\repository\org\apache\maven\wagon\wagon-ssh-common\1.0-beta-6\wagon-ssh-common-1.0-beta-6.jar;C:\Users\dP-PL\.m2\repository\org\apache\maven\maven-plugin-descriptor\2.2.1\maven-plugin-descriptor-2.2.1.jar;C:\Users\dP-PL\.m2\repository\org\codehaus\plexus\plexus-interactivity-api\1.0-alpha-4\plexus-interactivity-api-1.0-alpha-4.jar;C:\Users\dP-PL\.m2\repository\org\apache\maven\maven-artifact-manager\2.2.1\maven-artifact-manager-2.2.1.jar;C:\Users\dP-PL\.m2\repository\backport-util-concurrent\backport-util-concurrent\3.1\backport-util-concurrent-3.1.jar;C:\Users\dP-PL\.m2\repository\org\apache\maven\maven-monitor\2.2.1\maven-monitor-2.2.1.jar;C:\Users\dP-PL\.m2\repository\org\apache\maven\wagon\wagon-ssh\1.0-beta-6\wagon-ssh-1.0-beta-6.jar;C:\Users\dP-PL\.m2\repository\com\jcraft\jsch\0.1.38\jsch-0.1.38.jar;C:\Users\dP-PL\.m2\repository\classworlds\classworlds\1.1\classworlds-1.1.jar;C:\Users\dP-PL\.m2\repository\org\sonatype\plexus\plexus-sec-dispatcher\1.3\plexus-sec-dispatcher-1.3.jar;C:\Users\dP-PL\.m2\repository\org\sonatype\plexus\plexus-cipher\1.4\plexus-cipher-1.4.jar;"/>
    <property name="java.vm.vendor" value="Oracle Corporation"/>
    <property name="sun.arch.data.model" value="64"/>
    <property name="user.variant" value=""/>
    <property name="java.vendor.url" value="https://java.oracle.com/"/>
    <property name="user.timezone" value="Asia/Calcutta"/>
    <property name="os.name" value="Windows 10"/>
    <property name="java.vm.specification.version" value="19"/>
    <property name="sun.java.launcher" value="SUN_STANDARD"/>
    <property name="user.country" value="IN"/>
    <property name="sun.boot.library.path" value="C:\Program Files\Java\jdk-19\bin"/>
    <property name="sun.java.command" value="C:\Users\dP-PL\AppData\Local\Temp\surefire7239687534910497071\surefirebooter-20240510224335827_3.jar C:\Users\dP-PL\AppData\Local\Temp\surefire7239687534910497071 2024-05-10T22-43-35_431-jvmRun1 surefire-20240510224335827_1tmp surefire_0-20240510224335827_2tmp"/>
    <property name="jdk.debug" value="release"/>
    <property name="surefire.test.class.path" value="D:\XGLFinal_Mine\target\test-classes;D:\XGLFinal_Mine\target\classes;C:\Users\dP-PL\.m2\repository\org\seleniumhq\selenium\selenium-java\3.141.59\selenium-java-3.141.59.jar;C:\Users\dP-PL\.m2\repository\org\seleniumhq\selenium\selenium-api\3.141.59\selenium-api-3.141.59.jar;C:\Users\dP-PL\.m2\repository\org\seleniumhq\selenium\selenium-chrome-driver\3.141.59\selenium-chrome-driver-3.141.59.jar;C:\Users\dP-PL\.m2\repository\org\seleniumhq\selenium\selenium-edge-driver\3.141.59\selenium-edge-driver-3.141.59.jar;C:\Users\dP-PL\.m2\repository\org\seleniumhq\selenium\selenium-firefox-driver\3.141.59\selenium-firefox-driver-3.141.59.jar;C:\Users\dP-PL\.m2\repository\org\seleniumhq\selenium\selenium-ie-driver\3.141.59\selenium-ie-driver-3.141.59.jar;C:\Users\dP-PL\.m2\repository\org\seleniumhq\selenium\selenium-opera-driver\3.141.59\selenium-opera-driver-3.141.59.jar;C:\Users\dP-PL\.m2\repository\org\seleniumhq\selenium\selenium-remote-driver\3.141.59\selenium-remote-driver-3.141.59.jar;C:\Users\dP-PL\.m2\repository\org\seleniumhq\selenium\selenium-safari-driver\3.141.59\selenium-safari-driver-3.141.59.jar;C:\Users\dP-PL\.m2\repository\org\seleniumhq\selenium\selenium-support\3.141.59\selenium-support-3.141.59.jar;C:\Users\dP-PL\.m2\repository\net\bytebuddy\byte-buddy\1.8.15\byte-buddy-1.8.15.jar;C:\Users\dP-PL\.m2\repository\org\apache\commons\commons-exec\1.3\commons-exec-1.3.jar;C:\Users\dP-PL\.m2\repository\com\google\guava\guava\25.0-jre\guava-25.0-jre.jar;C:\Users\dP-PL\.m2\repository\org\checkerframework\checker-compat-qual\2.0.0\checker-compat-qual-2.0.0.jar;C:\Users\dP-PL\.m2\repository\com\google\errorprone\error_prone_annotations\2.1.3\error_prone_annotations-2.1.3.jar;C:\Users\dP-PL\.m2\repository\com\google\j2objc\j2objc-annotations\1.1\j2objc-annotations-1.1.jar;C:\Users\dP-PL\.m2\repository\org\codehaus\mojo\animal-sniffer-annotations\1.14\animal-sniffer-annotations-1.14.jar;C:\Users\dP-PL\.m2\repository\com\squareup\okhttp3\okhttp\3.11.0\okhttp-3.11.0.jar;C:\Users\dP-PL\.m2\repository\com\squareup\okio\okio\1.14.0\okio-1.14.0.jar;C:\Users\dP-PL\.m2\repository\org\seleniumhq\selenium\selenium-http-jdk-client\4.8.1\selenium-http-jdk-client-4.8.1.jar;C:\Users\dP-PL\.m2\repository\com\google\auto\service\auto-service-annotations\1.0.1\auto-service-annotations-1.0.1.jar;C:\Users\dP-PL\.m2\repository\com\google\auto\service\auto-service\1.0.1\auto-service-1.0.1.jar;C:\Users\dP-PL\.m2\repository\com\google\auto\auto-common\1.2\auto-common-1.2.jar;C:\Users\dP-PL\.m2\repository\org\seleniumhq\selenium\selenium-http\4.8.1\selenium-http-4.8.1.jar;C:\Users\dP-PL\.m2\repository\dev\failsafe\failsafe\3.3.0\failsafe-3.3.0.jar;C:\Users\dP-PL\.m2\repository\org\seleniumhq\selenium\selenium-json\4.8.1\selenium-json-4.8.1.jar;C:\Users\dP-PL\.m2\repository\io\github\bonigarcia\webdrivermanager\5.5.3\webdrivermanager-5.5.3.jar;C:\Users\dP-PL\.m2\repository\com\github\docker-java\docker-java\3.3.3\docker-java-3.3.3.jar;C:\Users\dP-PL\.m2\repository\com\github\docker-java\docker-java-core\3.3.3\docker-java-core-3.3.3.jar;C:\Users\dP-PL\.m2\repository\com\github\docker-java\docker-java-api\3.3.3\docker-java-api-3.3.3.jar;C:\Users\dP-PL\.m2\repository\org\bouncycastle\bcpkix-jdk18on\1.75\bcpkix-jdk18on-1.75.jar;C:\Users\dP-PL\.m2\repository\org\bouncycastle\bcprov-jdk18on\1.75\bcprov-jdk18on-1.75.jar;C:\Users\dP-PL\.m2\repository\org\bouncycastle\bcutil-jdk18on\1.75\bcutil-jdk18on-1.75.jar;C:\Users\dP-PL\.m2\repository\com\github\docker-java\docker-java-transport-httpclient5\3.3.3\docker-java-transport-httpclient5-3.3.3.jar;C:\Users\dP-PL\.m2\repository\com\github\docker-java\docker-java-transport\3.3.3\docker-java-transport-3.3.3.jar;C:\Users\dP-PL\.m2\repository\net\java\dev\jna\jna\5.12.1\jna-5.12.1.jar;C:\Users\dP-PL\.m2\repository\org\brotli\dec\0.1.2\dec-0.1.2.jar;C:\Users\dP-PL\.m2\repository\org\apache\commons\commons-lang3\3.13.0\commons-lang3-3.13.0.jar;C:\Users\dP-PL\.m2\repository\org\apache\httpcomponents\client5\httpclient5\5.2.1\httpclient5-5.2.1.jar;C:\Users\dP-PL\.m2\repository\org\apache\httpcomponents\core5\httpcore5\5.2\httpcore5-5.2.jar;C:\Users\dP-PL\.m2\repository\org\apache\httpcomponents\core5\httpcore5-h2\5.2\httpcore5-h2-5.2.jar;C:\Users\dP-PL\.m2\repository\org\testng\testng\7.6.1\testng-7.6.1.jar;C:\Users\dP-PL\.m2\repository\com\google\code\findbugs\jsr305\3.0.2\jsr305-3.0.2.jar;C:\Users\dP-PL\.m2\repository\com\beust\jcommander\1.82\jcommander-1.82.jar;C:\Users\dP-PL\.m2\repository\org\webjars\jquery\3.6.0\jquery-3.6.0.jar;C:\Users\dP-PL\.m2\repository\net\rcarz\Jira-client\0.5\Jira-client-0.5.jar;C:\Users\dP-PL\.m2\repository\org\apache\httpcomponents\httpmime\4.2.5\httpmime-4.2.5.jar;C:\Users\dP-PL\.m2\repository\net\sf\json-lib\json-lib\2.4\json-lib-2.4-jdk15.jar;C:\Users\dP-PL\.m2\repository\commons-beanutils\commons-beanutils\1.8.0\commons-beanutils-1.8.0.jar;C:\Users\dP-PL\.m2\repository\commons-collections\commons-collections\3.2.1\commons-collections-3.2.1.jar;C:\Users\dP-PL\.m2\repository\commons-lang\commons-lang\2.5\commons-lang-2.5.jar;C:\Users\dP-PL\.m2\repository\net\sf\ezmorph\ezmorph\1.0.6\ezmorph-1.0.6.jar;C:\Users\dP-PL\.m2\repository\joda-time\joda-time\2.3\joda-time-2.3.jar;C:\Users\dP-PL\.m2\repository\junit\junit\4.8.2\junit-4.8.2.jar;C:\Users\dP-PL\.m2\repository\org\mockito\mockito-all\1.9.0\mockito-all-1.9.0.jar;C:\Users\dP-PL\.m2\repository\commons-httpclient\commons-httpclient\3.1\commons-httpclient-3.1.jar;C:\Users\dP-PL\.m2\repository\org\apache\maven\plugins\maven-surefire-plugin\3.0.0-M7\maven-surefire-plugin-3.0.0-M7.jar;C:\Users\dP-PL\.m2\repository\org\apache\maven\surefire\maven-surefire-common\3.0.0-M7\maven-surefire-common-3.0.0-M7.jar;C:\Users\dP-PL\.m2\repository\org\apache\maven\surefire\surefire-api\3.0.0-M7\surefire-api-3.0.0-M7.jar;C:\Users\dP-PL\.m2\repository\org\apache\maven\surefire\surefire-logger-api\3.0.0-M7\surefire-logger-api-3.0.0-M7.jar;C:\Users\dP-PL\.m2\repository\org\apache\maven\surefire\surefire-extensions-api\3.0.0-M7\surefire-extensions-api-3.0.0-M7.jar;C:\Users\dP-PL\.m2\repository\org\apache\maven\surefire\surefire-booter\3.0.0-M7\surefire-booter-3.0.0-M7.jar;C:\Users\dP-PL\.m2\repository\org\apache\maven\surefire\surefire-extensions-spi\3.0.0-M7\surefire-extensions-spi-3.0.0-M7.jar;C:\Users\dP-PL\.m2\repository\org\apache\maven\shared\maven-common-artifact-filters\3.1.1\maven-common-artifact-filters-3.1.1.jar;C:\Users\dP-PL\.m2\repository\org\codehaus\plexus\plexus-java\1.1.1\plexus-java-1.1.1.jar;C:\Users\dP-PL\.m2\repository\org\ow2\asm\asm\9.2\asm-9.2.jar;C:\Users\dP-PL\.m2\repository\com\thoughtworks\qdox\qdox\2.0.1\qdox-2.0.1.jar;C:\Users\dP-PL\.m2\repository\org\apache\maven\surefire\surefire-shared-utils\3.0.0-M7\surefire-shared-utils-3.0.0-M7.jar;C:\Users\dP-PL\.m2\repository\com\aventstack\extentreports\5.0.8\extentreports-5.0.8.jar;C:\Users\dP-PL\.m2\repository\io\reactivex\rxjava3\rxjava\3.0.4\rxjava-3.0.4.jar;C:\Users\dP-PL\.m2\repository\org\reactivestreams\reactive-streams\1.0.3\reactive-streams-1.0.3.jar;C:\Users\dP-PL\.m2\repository\org\freemarker\freemarker\2.3.30\freemarker-2.3.30.jar;C:\Users\dP-PL\.m2\repository\org\projectlombok\lombok\1.18.22\lombok-1.18.22.jar;C:\Users\dP-PL\.m2\repository\org\apache\poi\poi-ooxml\5.2.2\poi-ooxml-5.2.2.jar;C:\Users\dP-PL\.m2\repository\org\apache\poi\poi\5.2.2\poi-5.2.2.jar;C:\Users\dP-PL\.m2\repository\org\apache\commons\commons-math3\3.6.1\commons-math3-3.6.1.jar;C:\Users\dP-PL\.m2\repository\com\zaxxer\SparseBitSet\1.2\SparseBitSet-1.2.jar;C:\Users\dP-PL\.m2\repository\org\apache\poi\poi-ooxml-lite\5.2.2\poi-ooxml-lite-5.2.2.jar;C:\Users\dP-PL\.m2\repository\org\apache\xmlbeans\xmlbeans\5.0.3\xmlbeans-5.0.3.jar;C:\Users\dP-PL\.m2\repository\org\apache\commons\commons-compress\1.21\commons-compress-1.21.jar;C:\Users\dP-PL\.m2\repository\commons-io\commons-io\2.11.0\commons-io-2.11.0.jar;C:\Users\dP-PL\.m2\repository\com\github\virtuald\curvesapi\1.07\curvesapi-1.07.jar;C:\Users\dP-PL\.m2\repository\org\apache\commons\commons-collections4\4.4\commons-collections4-4.4.jar;C:\Users\dP-PL\.m2\repository\org\apache\logging\log4j\log4j-api\2.17.0\log4j-api-2.17.0.jar;C:\Users\dP-PL\.m2\repository\org\apache\logging\log4j\log4j-core\2.17.0\log4j-core-2.17.0.jar;C:\Users\dP-PL\.m2\repository\org\slf4j\slf4j-api\1.7.32\slf4j-api-1.7.32.jar;C:\Users\dP-PL\.m2\repository\org\apache\logging\log4j\log4j-slf4j-impl\2.17.0\log4j-slf4j-impl-2.17.0.jar;C:\Users\dP-PL\.m2\repository\com\microsoft\sqlserver\mssql-jdbc\12.4.0.jre11\mssql-jdbc-12.4.0.jre11.jar;C:\Users\dP-PL\.m2\repository\com\oracle\database\jdbc\ojdbc11\23.2.0.0\ojdbc11-23.2.0.0.jar;C:\Users\dP-PL\.m2\repository\net\lightbody\bmp\browsermob-core\2.1.5\browsermob-core-2.1.5.jar;C:\Users\dP-PL\.m2\repository\net\lightbody\bmp\littleproxy\1.1.0-beta-bmp-17\littleproxy-1.1.0-beta-bmp-17.jar;C:\Users\dP-PL\.m2\repository\com\fasterxml\jackson\core\jackson-core\2.8.9\jackson-core-2.8.9.jar;C:\Users\dP-PL\.m2\repository\com\fasterxml\jackson\core\jackson-databind\2.8.9\jackson-databind-2.8.9.jar;C:\Users\dP-PL\.m2\repository\com\fasterxml\jackson\core\jackson-annotations\2.8.9\jackson-annotations-2.8.9.jar;C:\Users\dP-PL\.m2\repository\dnsjava\dnsjava\2.1.8\dnsjava-2.1.8.jar;C:\Users\dP-PL\.m2\repository\org\slf4j\jcl-over-slf4j\1.7.25\jcl-over-slf4j-1.7.25.jar;C:\Users\dP-PL\.m2\repository\com\jcraft\jzlib\1.1.3\jzlib-1.1.3.jar;C:\Users\dP-PL\.m2\repository\io\netty\netty-all\4.0.51.Final\netty-all-4.0.51.Final.jar;C:\Users\dP-PL\.m2\repository\org\bouncycastle\bcprov-jdk15on\1.58\bcprov-jdk15on-1.58.jar;C:\Users\dP-PL\.m2\repository\org\bouncycastle\bcpkix-jdk15on\1.58\bcpkix-jdk15on-1.58.jar;C:\Users\dP-PL\.m2\repository\net\lightbody\bmp\mitm\2.1.5\mitm-2.1.5.jar;C:\Users\dP-PL\.m2\repository\dom4j\dom4j\1.1\dom4j-1.1.jar;C:\Users\dP-PL\.m2\repository\org\apache\httpcomponents\httpclient\4.5.13\httpclient-4.5.13.jar;C:\Users\dP-PL\.m2\repository\org\apache\httpcomponents\httpcore\4.4.13\httpcore-4.4.13.jar;C:\Users\dP-PL\.m2\repository\commons-logging\commons-logging\1.2\commons-logging-1.2.jar;C:\Users\dP-PL\.m2\repository\commons-codec\commons-codec\1.11\commons-codec-1.11.jar;C:\Users\dP-PL\.m2\repository\com\google\code\gson\gson\2.8.8\gson-2.8.8.jar;C:\Users\dP-PL\.m2\repository\ch\fortysix\maven-postman-plugin\0.1.6\maven-postman-plugin-0.1.6.jar;C:\Users\dP-PL\.m2\repository\org\codehaus\gmaven\gmaven-mojo\1.2\gmaven-mojo-1.2.jar;C:\Users\dP-PL\.m2\repository\org\codehaus\gmaven\runtime\gmaven-runtime-api\1.2\gmaven-runtime-api-1.2.jar;C:\Users\dP-PL\.m2\repository\org\codehaus\gmaven\feature\gmaven-feature-api\1.2\gmaven-feature-api-1.2.jar;C:\Users\dP-PL\.m2\repository\org\apache\maven\maven-project\2.0.10\maven-project-2.0.10.jar;C:\Users\dP-PL\.m2\repository\org\apache\maven\maven-plugin-registry\2.0.10\maven-plugin-registry-2.0.10.jar;C:\Users\dP-PL\.m2\repository\org\codehaus\plexus\plexus-interpolation\1.1\plexus-interpolation-1.1.jar;C:\Users\dP-PL\.m2\repository\org\apache\maven\maven-plugin-api\2.0.10\maven-plugin-api-2.0.10.jar;C:\Users\dP-PL\.m2\repository\org\codehaus\gmaven\runtime\gmaven-runtime-1.7\1.2\gmaven-runtime-1.7-1.2.jar;C:\Users\dP-PL\.m2\repository\org\codehaus\gmaven\feature\gmaven-feature-support\1.2\gmaven-feature-support-1.2.jar;C:\Users\dP-PL\.m2\repository\org\codehaus\gmaven\runtime\gmaven-runtime-support\1.2\gmaven-runtime-support-1.2.jar;C:\Users\dP-PL\.m2\repository\org\sonatype\gshell\gshell-io\2.0\gshell-io-2.0.jar;C:\Users\dP-PL\.m2\repository\org\sonatype\gossip\gossip\1.0\gossip-1.0.jar;C:\Users\dP-PL\.m2\repository\org\codehaus\groovy\groovy-all\1.7-beta-2\groovy-all-1.7-beta-2.jar;C:\Users\dP-PL\.m2\repository\jline\jline\0.9.94\jline-0.9.94.jar;C:\Users\dP-PL\.m2\repository\javax\mail\mail\1.4.1\mail-1.4.1.jar;C:\Users\dP-PL\.m2\repository\javax\activation\activation\1.1\activation-1.1.jar;C:\Users\dP-PL\.m2\repository\org\apache\ant\ant\1.7.1\ant-1.7.1.jar;C:\Users\dP-PL\.m2\repository\org\apache\ant\ant-launcher\1.7.1\ant-launcher-1.7.1.jar;C:\Users\dP-PL\.m2\repository\org\slf4j\log4j-over-slf4j\1.5.10\log4j-over-slf4j-1.5.10.jar;C:\Users\dP-PL\.m2\repository\org\apache\maven\shared\file-management\1.2.1\file-management-1.2.1.jar;C:\Users\dP-PL\.m2\repository\org\apache\maven\shared\maven-shared-io\1.1\maven-shared-io-1.1.jar;C:\Users\dP-PL\.m2\repository\org\codehaus\plexus\plexus-container-default\1.0-alpha-9\plexus-container-default-1.0-alpha-9.jar;C:\Users\dP-PL\.m2\repository\org\apache\maven\reporting\maven-reporting-api\2.2.1\maven-reporting-api-2.2.1.jar;C:\Users\dP-PL\.m2\repository\org\apache\maven\doxia\doxia-logging-api\1.1\doxia-logging-api-1.1.jar;C:\Users\dP-PL\.m2\repository\org\apache\maven\reporting\maven-reporting-impl\2.0.4.3\maven-reporting-impl-2.0.4.3.jar;C:\Users\dP-PL\.m2\repository\org\apache\maven\doxia\doxia-core\1.0\doxia-core-1.0.jar;C:\Users\dP-PL\.m2\repository\org\apache\maven\doxia\doxia-site-renderer\1.0\doxia-site-renderer-1.0.jar;C:\Users\dP-PL\.m2\repository\org\codehaus\plexus\plexus-i18n\1.0-beta-7\plexus-i18n-1.0-beta-7.jar;C:\Users\dP-PL\.m2\repository\org\codehaus\plexus\plexus-velocity\1.1.7\plexus-velocity-1.1.7.jar;C:\Users\dP-PL\.m2\repository\org\apache\velocity\velocity\1.5\velocity-1.5.jar;C:\Users\dP-PL\.m2\repository\org\apache\maven\doxia\doxia-decoration-model\1.0\doxia-decoration-model-1.0.jar;C:\Users\dP-PL\.m2\repository\org\apache\maven\doxia\doxia-module-apt\1.0\doxia-module-apt-1.0.jar;C:\Users\dP-PL\.m2\repository\org\apache\maven\doxia\doxia-module-fml\1.0\doxia-module-fml-1.0.jar;C:\Users\dP-PL\.m2\repository\org\apache\maven\doxia\doxia-module-xdoc\1.0\doxia-module-xdoc-1.0.jar;C:\Users\dP-PL\.m2\repository\org\apache\maven\doxia\doxia-module-xhtml\1.0\doxia-module-xhtml-1.0.jar;C:\Users\dP-PL\.m2\repository\commons-validator\commons-validator\1.2.0\commons-validator-1.2.0.jar;C:\Users\dP-PL\.m2\repository\commons-digester\commons-digester\1.6\commons-digester-1.6.jar;C:\Users\dP-PL\.m2\repository\oro\oro\2.0.8\oro-2.0.8.jar;C:\Users\dP-PL\.m2\repository\xml-apis\xml-apis\1.0.b2\xml-apis-1.0.b2.jar;C:\Users\dP-PL\.m2\repository\org\apache\maven\shared\maven-doxia-tools\1.0.2\maven-doxia-tools-1.0.2.jar;C:\Users\dP-PL\.m2\repository\org\apache\maven\doxia\doxia-sink-api\1.1.2\doxia-sink-api-1.1.2.jar;C:\Users\dP-PL\.m2\repository\org\codehaus\plexus\plexus-utils\2.0.1\plexus-utils-2.0.1.jar;C:\Users\dP-PL\.m2\repository\nekohtml\nekohtml\1.9.6.2\nekohtml-1.9.6.2.jar;C:\Users\dP-PL\.m2\repository\xerces\xercesImpl\2.8.1\xercesImpl-2.8.1.jar;C:\Users\dP-PL\.m2\repository\org\apache\commons\commons-email\1.2\commons-email-1.2.jar;C:\Users\dP-PL\.m2\repository\org\apache\maven\maven-core\2.2.1\maven-core-2.2.1.jar;C:\Users\dP-PL\.m2\repository\org\apache\maven\maven-settings\2.2.1\maven-settings-2.2.1.jar;C:\Users\dP-PL\.m2\repository\org\apache\maven\wagon\wagon-file\1.0-beta-6\wagon-file-1.0-beta-6.jar;C:\Users\dP-PL\.m2\repository\org\apache\maven\maven-plugin-parameter-documenter\2.2.1\maven-plugin-parameter-documenter-2.2.1.jar;C:\Users\dP-PL\.m2\repository\org\apache\maven\wagon\wagon-http-lightweight\1.0-beta-6\wagon-http-lightweight-1.0-beta-6.jar;C:\Users\dP-PL\.m2\repository\org\apache\maven\wagon\wagon-http-shared\1.0-beta-6\wagon-http-shared-1.0-beta-6.jar;C:\Users\dP-PL\.m2\repository\nekohtml\xercesMinimal\1.9.6.2\xercesMinimal-1.9.6.2.jar;C:\Users\dP-PL\.m2\repository\org\apache\maven\wagon\wagon-http\1.0-beta-6\wagon-http-1.0-beta-6.jar;C:\Users\dP-PL\.m2\repository\org\apache\maven\wagon\wagon-webdav-jackrabbit\1.0-beta-6\wagon-webdav-jackrabbit-1.0-beta-6.jar;C:\Users\dP-PL\.m2\repository\org\apache\jackrabbit\jackrabbit-webdav\1.5.0\jackrabbit-webdav-1.5.0.jar;C:\Users\dP-PL\.m2\repository\org\apache\jackrabbit\jackrabbit-jcr-commons\1.5.0\jackrabbit-jcr-commons-1.5.0.jar;C:\Users\dP-PL\.m2\repository\org\slf4j\slf4j-nop\1.5.3\slf4j-nop-1.5.3.jar;C:\Users\dP-PL\.m2\repository\org\slf4j\slf4j-jdk14\1.5.6\slf4j-jdk14-1.5.6.jar;C:\Users\dP-PL\.m2\repository\org\apache\maven\maven-profile\2.2.1\maven-profile-2.2.1.jar;C:\Users\dP-PL\.m2\repository\org\apache\maven\maven-model\2.2.1\maven-model-2.2.1.jar;C:\Users\dP-PL\.m2\repository\org\apache\maven\maven-artifact\2.2.1\maven-artifact-2.2.1.jar;C:\Users\dP-PL\.m2\repository\org\apache\maven\wagon\wagon-provider-api\1.0-beta-6\wagon-provider-api-1.0-beta-6.jar;C:\Users\dP-PL\.m2\repository\org\apache\maven\maven-repository-metadata\2.2.1\maven-repository-metadata-2.2.1.jar;C:\Users\dP-PL\.m2\repository\org\apache\maven\maven-error-diagnostics\2.2.1\maven-error-diagnostics-2.2.1.jar;C:\Users\dP-PL\.m2\repository\commons-cli\commons-cli\1.2\commons-cli-1.2.jar;C:\Users\dP-PL\.m2\repository\org\apache\maven\wagon\wagon-ssh-external\1.0-beta-6\wagon-ssh-external-1.0-beta-6.jar;C:\Users\dP-PL\.m2\repository\org\apache\maven\wagon\wagon-ssh-common\1.0-beta-6\wagon-ssh-common-1.0-beta-6.jar;C:\Users\dP-PL\.m2\repository\org\apache\maven\maven-plugin-descriptor\2.2.1\maven-plugin-descriptor-2.2.1.jar;C:\Users\dP-PL\.m2\repository\org\codehaus\plexus\plexus-interactivity-api\1.0-alpha-4\plexus-interactivity-api-1.0-alpha-4.jar;C:\Users\dP-PL\.m2\repository\org\apache\maven\maven-artifact-manager\2.2.1\maven-artifact-manager-2.2.1.jar;C:\Users\dP-PL\.m2\repository\backport-util-concurrent\backport-util-concurrent\3.1\backport-util-concurrent-3.1.jar;C:\Users\dP-PL\.m2\repository\org\apache\maven\maven-monitor\2.2.1\maven-monitor-2.2.1.jar;C:\Users\dP-PL\.m2\repository\org\apache\maven\wagon\wagon-ssh\1.0-beta-6\wagon-ssh-1.0-beta-6.jar;C:\Users\dP-PL\.m2\repository\com\jcraft\jsch\0.1.38\jsch-0.1.38.jar;C:\Users\dP-PL\.m2\repository\classworlds\classworlds\1.1\classworlds-1.1.jar;C:\Users\dP-PL\.m2\repository\org\sonatype\plexus\plexus-sec-dispatcher\1.3\plexus-sec-dispatcher-1.3.jar;C:\Users\dP-PL\.m2\repository\org\sonatype\plexus\plexus-cipher\1.4\plexus-cipher-1.4.jar;"/>
    <property name="sun.cpu.endian" value="little"/>
    <property name="user.home" value="C:\Users\dP-PL"/>
    <property name="user.language" value="en"/>
    <property name="java.specification.vendor" value="Oracle Corporation"/>
    <property name="java.version.date" value="2022-10-18"/>
    <property name="java.home" value="C:\Program Files\Java\jdk-19"/>
    <property name="file.separator" value="\"/>
    <property name="basedir" value="D:\XGLFinal_Mine"/>
    <property name="java.vm.compressedOopsMode" value="Zero based"/>
    <property name="line.separator" value="&#10;"/>
    <property name="java.vm.specification.vendor" value="Oracle Corporation"/>
    <property name="java.specification.name" value="Java Platform API Specification"/>
    <property name="surefire.real.class.path" value="C:\Users\dP-PL\AppData\Local\Temp\surefire7239687534910497071\surefirebooter-20240510224335827_3.jar"/>
    <property name="user.script" value=""/>
    <property name="sun.management.compiler" value="HotSpot 64-Bit Tiered Compilers"/>
    <property name="java.runtime.version" value="19.0.1+10-21"/>
    <property name="user.name" value="dP-PL"/>
    <property name="stdout.encoding" value="Cp1252"/>
    <property name="path.separator" value=";"/>
    <property name="os.version" value="10.0"/>
    <property name="java.runtime.name" value="Java(TM) SE Runtime Environment"/>
    <property name="file.encoding" value="UTF-8"/>
    <property name="java.vm.name" value="Java HotSpot(TM) 64-Bit Server VM"/>
    <property name="localRepository" value="C:\Users\dP-PL\.m2\repository"/>
    <property name="java.vendor.url.bug" value="https://bugreport.java.com/bugreport/"/>
    <property name="java.io.tmpdir" value="C:\Users\dP-PL\AppData\Local\Temp\"/>
    <property name="idea.version" value="2022.2.4"/>
    <property name="java.version" value="19.0.1"/>
    <property name="user.dir" value="D:\XGLFinal_Mine"/>
    <property name="os.arch" value="amd64"/>
    <property name="java.vm.specification.name" value="Java Virtual Machine Specification"/>
    <property name="sun.os.patch.level" value=""/>
    <property name="native.encoding" value="Cp1252"/>
    <property name="java.library.path" value="C:\Program Files\Java\jdk-19\bin;C:\WINDOWS\Sun\Java\bin;C:\WINDOWS\system32;C:\WINDOWS;C:\Python311\Scripts\;C:\Python311\;C:\Program Files\Common Files\Oracle\Java\javapath;C:\WINDOWS\system32;C:\WINDOWS;C:\WINDOWS\System32\Wbem;C:\WINDOWS\System32\WindowsPowerShell\v1.0\;C:\WINDOWS\System32\OpenSSH\;C:\Program Files (x86)\CrSSL\bin;C:\Program Files\Git\cmd;C:\Users\dP-PL\apache-maven-3.8.6\bin;C:\Program Files\Java\jdk-19\bin;C:\Program Files\nodejs\;C:\ProgramData\chocolatey\bin;C:\Program Files\PuTTY\;C:\Program Files\dotnet\;C:\Users\dP-PL\AppData\Local\Microsoft\WindowsApps;C:\Program Files\JetBrains\IntelliJ IDEA Community Edition 2022.2.4\bin;;C:\Program Files\Java\jdk-19\bin;C:\Users\dP-PL\AppData\Roaming\npm;C:\Users\dP-PL\AppData\Local\Programs\Microsoft VS Code\bin;C:\Users\dP-PL\apache-jmeter-5.5\bin;C:\Users\dP-PL\AppData\Local\GitHubDesktop\bin;."/>
    <property name="java.vm.info" value="mixed mode, sharing"/>
    <property name="stderr.encoding" value="Cp1252"/>
    <property name="java.vendor" value="Oracle Corporation"/>
    <property name="java.vm.version" value="19.0.1+10-21"/>
    <property name="sun.io.unicode.encoding" value="UnicodeLittle"/>
    <property name="java.class.version" value="63.0"/>
    <property name="webdriver.http.factory" value="jdk-http-client"/>
  </properties>
  <testcase name="CustomerExportCSV" classname="XGL_CustomerCSVexport" time="70.71">
    <system-out><![CDATA[Archive created successfully.
FileNotFoundException occurred: screenshots (The system cannot find the file specified)
Archive created successfully.
Deleted file: D:\XGLFinal_Mine\reports\TestExecutionReport.html
Test Suite started!
2024-05-10 22:43:39,028 [main] INFO  base.BaseClass - Login to XGL
2024-05-10 22:43:39,031 [main] INFO  XGL_CustomerCSVexport - Setting up browser
2024-05-10 22:43:39,403 [main] INFO  io.github.bonigarcia.wdm.WebDriverManager - Using chromedriver 124.0.6367.201 (resolved driver for Chrome 124)
2024-05-10 22:43:39,460 [main] INFO  io.github.bonigarcia.wdm.WebDriverManager - Exporting webdriver.chrome.driver as C:\Users\dP-PL\.cache\selenium\chromedriver\win64\124.0.6367.201\chromedriver.exe
2024-05-10 22:43:44,920 [main] INFO  base.BaseClass - Before navigating to {url}
2024-05-10 22:43:56,960 [main] INFO  base.BaseClass - Navigated to {url}
2024-05-10 22:43:57,436 [main] INFO  base.BaseClass - Trying to find Element By {by.toString()})
2024-05-10 22:43:57,455 [main] INFO  base.BaseClass - Found Element By {by.toString()}
2024-05-10 22:43:57,519 [main] INFO  base.BaseClass - Trying to find Element By {by.toString()})
2024-05-10 22:43:57,534 [main] INFO  base.BaseClass - Found Element By {by.toString()}
2024-05-10 22:43:57,618 [main] INFO  base.BaseClass - Trying to find Element By {by.toString()})
2024-05-10 22:43:57,633 [main] INFO  base.BaseClass - Found Element By {by.toString()}
2024-05-10 22:43:57,635 [main] INFO  base.BaseClass - Trying to click on: {element.toString()}
2024-05-10 22:43:57,682 [main] INFO  base.BaseClass - Clicked on: {element.toString()}
2024-05-10 22:43:57,686 [main] INFO  base.BaseClass - Trying to find Element By {by.toString()})
2024-05-10 22:44:00,736 [main] INFO  base.BaseClass - Found Element By {by.toString()}
2024-05-10 22:44:01,073 [main] INFO  base.BaseClass - Trying to find Element By {by.toString()})
NoSuchElementException occurred: no such element: Unable to locate element: {"method":"xpath","selector":"//div[@class='modal-content']/div/i[contains(@class,'close')]"}
  (Session info: chrome=124.0.6367.119)
For documentation on this error, please visit: https://www.seleniumhq.org/exceptions/no_such_element.html
Build info: version: '3.141.59', revision: 'e82be7d358', time: '2018-11-14T08:17:03'
System info: host: 'DPLAP166', ip: '137.237.2.51', os.name: 'Windows 10', os.arch: 'amd64', os.version: '10.0', java.version: '19.0.1'
Driver info: org.openqa.selenium.chrome.ChromeDriver
Capabilities {acceptInsecureCerts: true, browserName: chrome, browserVersion: 124.0.6367.119, chrome: {chromedriverVersion: 124.0.6367.201 (46cf136d27d..., userDataDir: C:\Users\dP-PL\AppData\Loca...}, fedcm:accounts: true, goog:chromeOptions: {debuggerAddress: localhost:59922}, javascriptEnabled: true, networkConnectionEnabled: false, pageLoadStrategy: normal, platform: WINDOWS, platformName: WINDOWS, proxy: Proxy(), setWindowRect: true, strictFileInteractability: false, timeouts: {implicit: 0, pageLoad: 300000, script: 30000}, unhandledPromptBehavior: dismiss and notify, webauthn:extension:credBlob: true, webauthn:extension:largeBlob: true, webauthn:extension:minPinLength: true, webauthn:extension:prf: true, webauthn:virtualAuthenticators: true}
Session ID: fecf3dd42cc9184e1fb4545465b4a1cd
*** Element info: {Using=xpath, value=//div[@class='modal-content']/div/i[contains(@class,'close')]}
Before method Test name: Maintainance Tests
CustomerExportCSV started!
2024-05-10 22:44:52,507 [main] INFO  base.BaseClass - Trying to find Element By {by.toString()})
2024-05-10 22:44:52,537 [main] INFO  base.BaseClass - Found Element By {by.toString()}
2024-05-10 22:44:52,538 [main] INFO  base.BaseClass - Trying to click on: {element.toString()}
2024-05-10 22:44:52,591 [main] INFO  base.BaseClass - Clicked on: {element.toString()}
2024-05-10 22:44:52,591 [main] INFO  base.BaseClass - Trying to find Element By {by.toString()})
2024-05-10 22:44:52,606 [main] INFO  base.BaseClass - Found Element By {by.toString()}
2024-05-10 22:44:52,607 [main] INFO  base.BaseClass - Trying to click on: {element.toString()}
2024-05-10 22:44:52,758 [main] INFO  base.BaseClass - Clicked on: {element.toString()}
2024-05-10 22:44:52,799 [main] INFO  base.BaseClass - Trying to find Element By {by.toString()})
2024-05-10 22:44:52,817 [main] INFO  base.BaseClass - Found Element By {by.toString()}
Folder name is C:\Users\dP-PL\Downloads
2024-05-10 22:44:53,170 [main] INFO  base.BaseClass - Trying to find Element By {by.toString()})
2024-05-10 22:44:54,319 [main] INFO  base.BaseClass - Found Element By {by.toString()}
2024-05-10 22:44:54,320 [main] INFO  base.BaseClass - Trying to find Element By {by.toString()})
2024-05-10 22:44:54,336 [main] INFO  base.BaseClass - Found Element By {by.toString()}
2024-05-10 22:44:54,337 [main] INFO  base.BaseClass - Trying to find Element By {by.toString()})
2024-05-10 22:44:54,353 [main] INFO  base.BaseClass - Found Element By {by.toString()}
2024-05-10 22:44:54,353 [main] INFO  base.BaseClass - Trying to find Element By {by.toString()})
2024-05-10 22:44:54,369 [main] INFO  base.BaseClass - Found Element By {by.toString()}
2024-05-10 22:44:54,430 [main] INFO  base.BaseClass - Trying to click on: {element.toString()}
2024-05-10 22:44:54,477 [main] INFO  base.BaseClass - Clicked on: {element.toString()}
last page in current selection is 15
2024-05-10 22:44:54,514 [main] INFO  base.BaseClass - Trying to find Element By {by.toString()})
2024-05-10 22:44:54,529 [main] INFO  base.BaseClass - Found Element By {by.toString()}
TimeoutException occurred: Expected condition failed: waiting for helper.WaitUtility$5@1e84f3c8 (tried for 30 second(s) with 500 milliseconds interval)
Build info: version: '3.141.59', revision: 'e82be7d358', time: '2018-11-14T08:17:03'
System info: host: 'DPLAP166', ip: '137.237.2.51', os.name: 'Windows 10', os.arch: 'amd64', os.version: '10.0', java.version: '19.0.1'
Driver info: org.openqa.selenium.support.events.EventFiringWebDriver
Capabilities {acceptInsecureCerts: true, browserName: chrome, browserVersion: 124.0.6367.119, chrome: {chromedriverVersion: 124.0.6367.201 (46cf136d27d..., userDataDir: C:\Users\dP-PL\AppData\Loca...}, fedcm:accounts: true, goog:chromeOptions: {debuggerAddress: localhost:59922}, javascriptEnabled: true, networkConnectionEnabled: false, pageLoadStrategy: normal, platform: WINDOWS, platformName: WINDOWS, proxy: Proxy(), setWindowRect: true, strictFileInteractability: false, timeouts: {implicit: 0, pageLoad: 300000, script: 30000}, unhandledPromptBehavior: dismiss and notify, webauthn:extension:credBlob: true, webauthn:extension:largeBlob: true, webauthn:extension:minPinLength: true, webauthn:extension:prf: true, webauthn:virtualAuthenticators: true}
Session ID: fecf3dd42cc9184e1fb4545465b4a1cd
2024-05-10 22:45:25,017 [main] ERROR XGL_CustomerCSVexport - Element did not become visible within the specified time: Expected condition failed: waiting for helper.WaitUtility$5@1e84f3c8 (tried for 30 second(s) with 500 milliseconds interval)
Build info: version: '3.141.59', revision: 'e82be7d358', time: '2018-11-14T08:17:03'
System info: host: 'DPLAP166', ip: '137.237.2.51', os.name: 'Windows 10', os.arch: 'amd64', os.version: '10.0', java.version: '19.0.1'
Driver info: org.openqa.selenium.support.events.EventFiringWebDriver
Capabilities {acceptInsecureCerts: true, browserName: chrome, browserVersion: 124.0.6367.119, chrome: {chromedriverVersion: 124.0.6367.201 (46cf136d27d..., userDataDir: C:\Users\dP-PL\AppData\Loca...}, fedcm:accounts: true, goog:chromeOptions: {debuggerAddress: localhost:59922}, javascriptEnabled: true, networkConnectionEnabled: false, pageLoadStrategy: normal, platform: WINDOWS, platformName: WINDOWS, proxy: Proxy(), setWindowRect: true, strictFileInteractability: false, timeouts: {implicit: 0, pageLoad: 300000, script: 30000}, unhandledPromptBehavior: dismiss and notify, webauthn:extension:credBlob: true, webauthn:extension:largeBlob: true, webauthn:extension:minPinLength: true, webauthn:extension:prf: true, webauthn:virtualAuthenticators: true}
Session ID: fecf3dd42cc9184e1fb4545465b4a1cd
2024-05-10 22:45:25,018 [main] INFO  base.BaseClass - Trying to click on: {element.toString()}
2024-05-10 22:45:25,102 [main] INFO  base.BaseClass - Clicked on: {element.toString()}
StaleElementReferenceException occurred: stale element reference: stale element not found in the current frame
  (Session info: chrome=124.0.6367.119)
For documentation on this error, please visit: https://www.seleniumhq.org/exceptions/stale_element_reference.html
Build info: version: '3.141.59', revision: 'e82be7d358', time: '2018-11-14T08:17:03'
System info: host: 'DPLAP166', ip: '137.237.2.51', os.name: 'Windows 10', os.arch: 'amd64', os.version: '10.0', java.version: '19.0.1'
Driver info: org.openqa.selenium.chrome.ChromeDriver
Capabilities {acceptInsecureCerts: true, browserName: chrome, browserVersion: 124.0.6367.119, chrome: {chromedriverVersion: 124.0.6367.201 (46cf136d27d..., userDataDir: C:\Users\dP-PL\AppData\Loca...}, fedcm:accounts: true, goog:chromeOptions: {debuggerAddress: localhost:59922}, javascriptEnabled: true, networkConnectionEnabled: false, pageLoadStrategy: normal, platform: WINDOWS, platformName: WINDOWS, proxy: Proxy(), setWindowRect: true, strictFileInteractability: false, timeouts: {implicit: 0, pageLoad: 300000, script: 30000}, unhandledPromptBehavior: dismiss and notify, webauthn:extension:credBlob: true, webauthn:extension:largeBlob: true, webauthn:extension:minPinLength: true, webauthn:extension:prf: true, webauthn:virtualAuthenticators: true}
Session ID: fecf3dd42cc9184e1fb4545465b4a1cd
2024-05-10 22:45:26,173 [main] ERROR XGL_CustomerCSVexport - Element did not become visible within the specified time: stale element reference: stale element not found in the current frame
  (Session info: chrome=124.0.6367.119)
For documentation on this error, please visit: https://www.seleniumhq.org/exceptions/stale_element_reference.html
Build info: version: '3.141.59', revision: 'e82be7d358', time: '2018-11-14T08:17:03'
System info: host: 'DPLAP166', ip: '137.237.2.51', os.name: 'Windows 10', os.arch: 'amd64', os.version: '10.0', java.version: '19.0.1'
Driver info: org.openqa.selenium.chrome.ChromeDriver
Capabilities {acceptInsecureCerts: true, browserName: chrome, browserVersion: 124.0.6367.119, chrome: {chromedriverVersion: 124.0.6367.201 (46cf136d27d..., userDataDir: C:\Users\dP-PL\AppData\Loca...}, fedcm:accounts: true, goog:chromeOptions: {debuggerAddress: localhost:59922}, javascriptEnabled: true, networkConnectionEnabled: false, pageLoadStrategy: normal, platform: WINDOWS, platformName: WINDOWS, proxy: Proxy(), setWindowRect: true, strictFileInteractability: false, timeouts: {implicit: 0, pageLoad: 300000, script: 30000}, unhandledPromptBehavior: dismiss and notify, webauthn:extension:credBlob: true, webauthn:extension:largeBlob: true, webauthn:extension:minPinLength: true, webauthn:extension:prf: true, webauthn:virtualAuthenticators: true}
Session ID: fecf3dd42cc9184e1fb4545465b4a1cd
Height is 534
2024-05-10 22:45:26,233 [main] INFO  base.BaseClass - Trying to find Element By {by.toString()})
2024-05-10 22:45:26,321 [main] INFO  base.BaseClass - Found Element By {by.toString()}
2024-05-10 22:45:26,322 [main] INFO  base.BaseClass - Trying to find Element By {by.toString()})
2024-05-10 22:45:26,344 [main] INFO  base.BaseClass - Found Element By {by.toString()}
2024-05-10 22:45:26,892 [main] INFO  base.BaseClass - Trying to find Element By {by.toString()})
2024-05-10 22:45:26,917 [main] INFO  base.BaseClass - Found Element By {by.toString()}
2024-05-10 22:45:27,464 [main] INFO  base.BaseClass - Trying to find Element By {by.toString()})
2024-05-10 22:45:27,504 [main] INFO  base.BaseClass - Found Element By {by.toString()}
2024-05-10 22:45:28,071 [main] INFO  base.BaseClass - Trying to find Element By {by.toString()})
2024-05-10 22:45:28,109 [main] INFO  base.BaseClass - Found Element By {by.toString()}
2024-05-10 22:45:28,644 [main] INFO  base.BaseClass - Trying to find Element By {by.toString()})
2024-05-10 22:45:28,670 [main] INFO  base.BaseClass - Found Element By {by.toString()}
2024-05-10 22:45:29,203 [main] INFO  base.BaseClass - Trying to find Element By {by.toString()})
2024-05-10 22:45:29,219 [main] INFO  base.BaseClass - Found Element By {by.toString()}
2024-05-10 22:45:29,739 [main] INFO  base.BaseClass - Trying to find Element By {by.toString()})
2024-05-10 22:45:29,762 [main] INFO  base.BaseClass - Found Element By {by.toString()}
2024-05-10 22:45:30,295 [main] INFO  base.BaseClass - Trying to find Element By {by.toString()})
2024-05-10 22:45:30,336 [main] INFO  base.BaseClass - Found Element By {by.toString()}
2024-05-10 22:45:30,883 [main] INFO  base.BaseClass - Trying to find Element By {by.toString()})
2024-05-10 22:45:30,920 [main] INFO  base.BaseClass - Found Element By {by.toString()}
2024-05-10 22:45:31,459 [main] INFO  base.BaseClass - Trying to find Element By {by.toString()})
2024-05-10 22:45:31,497 [main] INFO  base.BaseClass - Found Element By {by.toString()}
2024-05-10 22:45:32,037 [main] INFO  base.BaseClass - Trying to find Element By {by.toString()})
2024-05-10 22:45:32,074 [main] INFO  base.BaseClass - Found Element By {by.toString()}
2024-05-10 22:45:32,612 [main] INFO  base.BaseClass - Trying to find Element By {by.toString()})
2024-05-10 22:45:32,637 [main] INFO  base.BaseClass - Found Element By {by.toString()}
2024-05-10 22:45:33,171 [main] INFO  base.BaseClass - Trying to find Element By {by.toString()})
2024-05-10 22:45:33,195 [main] INFO  base.BaseClass - Found Element By {by.toString()}
2024-05-10 22:45:33,745 [main] INFO  base.BaseClass - Trying to find Element By {by.toString()})
2024-05-10 22:45:33,785 [main] INFO  base.BaseClass - Found Element By {by.toString()}
2024-05-10 22:45:34,338 [main] INFO  base.BaseClass - Trying to find Element By {by.toString()})
2024-05-10 22:45:34,377 [main] INFO  base.BaseClass - Found Element By {by.toString()}
2024-05-10 22:45:34,927 [main] INFO  base.BaseClass - Trying to find Element By {by.toString()})
2024-05-10 22:45:34,940 [main] INFO  base.BaseClass - Found Element By {by.toString()}
2024-05-10 22:45:35,473 [main] INFO  base.BaseClass - Trying to find Element By {by.toString()})
2024-05-10 22:45:35,504 [main] INFO  base.BaseClass - Found Element By {by.toString()}
2024-05-10 22:45:36,048 [main] INFO  base.BaseClass - Trying to find Element By {by.toString()})
2024-05-10 22:45:36,085 [main] INFO  base.BaseClass - Found Element By {by.toString()}
2024-05-10 22:45:36,622 [main] INFO  base.BaseClass - Trying to find Element By {by.toString()})
2024-05-10 22:45:36,647 [main] INFO  base.BaseClass - Found Element By {by.toString()}
2024-05-10 22:45:37,182 [main] INFO  base.BaseClass - Trying to find Element By {by.toString()})
2024-05-10 22:45:37,220 [main] INFO  base.BaseClass - Found Element By {by.toString()}
2024-05-10 22:45:37,756 [main] INFO  base.BaseClass - Trying to find Element By {by.toString()})
2024-05-10 22:45:37,796 [main] INFO  base.BaseClass - Found Element By {by.toString()}
2024-05-10 22:45:38,335 [main] INFO  base.BaseClass - Trying to find Element By {by.toString()})
2024-05-10 22:45:38,370 [main] INFO  base.BaseClass - Found Element By {by.toString()}
2024-05-10 22:45:38,908 [main] INFO  base.BaseClass - Trying to find Element By {by.toString()})
2024-05-10 22:45:38,944 [main] INFO  base.BaseClass - Found Element By {by.toString()}
2024-05-10 22:45:39,484 [main] INFO  base.BaseClass - Trying to find Element By {by.toString()})
2024-05-10 22:45:39,525 [main] INFO  base.BaseClass - Found Element By {by.toString()}
2024-05-10 22:45:40,088 [main] INFO  base.BaseClass - Trying to find Element By {by.toString()})
2024-05-10 22:45:40,124 [main] INFO  base.BaseClass - Found Element By {by.toString()}
2024-05-10 22:45:40,662 [main] INFO  base.BaseClass - Trying to find Element By {by.toString()})
2024-05-10 22:45:40,695 [main] INFO  base.BaseClass - Found Element By {by.toString()}
2024-05-10 22:45:41,223 [main] INFO  base.BaseClass - Trying to find Element By {by.toString()})
2024-05-10 22:45:41,249 [main] INFO  base.BaseClass - Found Element By {by.toString()}
2024-05-10 22:45:41,782 [main] INFO  base.BaseClass - Trying to find Element By {by.toString()})
2024-05-10 22:45:41,821 [main] INFO  base.BaseClass - Found Element By {by.toString()}
2024-05-10 22:45:42,370 [main] INFO  base.BaseClass - Trying to find Element By {by.toString()})
2024-05-10 22:45:42,383 [main] INFO  base.BaseClass - Found Element By {by.toString()}
2024-05-10 22:45:42,901 [main] INFO  base.BaseClass - Trying to find Element By {by.toString()})
2024-05-10 22:45:42,975 [main] INFO  base.BaseClass - Found Element By {by.toString()}
2024-05-10 22:45:43,493 [main] INFO  base.BaseClass - Trying to find Element By {by.toString()})
2024-05-10 22:45:43,510 [main] INFO  base.BaseClass - Found Element By {by.toString()}
2024-05-10 22:45:44,036 [main] INFO  base.BaseClass - Trying to find Element By {by.toString()})
2024-05-10 22:45:44,074 [main] INFO  base.BaseClass - Found Element By {by.toString()}
2024-05-10 22:45:44,606 [main] INFO  base.BaseClass - Trying to find Element By {by.toString()})
2024-05-10 22:45:44,643 [main] INFO  base.BaseClass - Found Element By {by.toString()}
2024-05-10 22:45:45,181 [main] INFO  base.BaseClass - Trying to find Element By {by.toString()})
2024-05-10 22:45:45,219 [main] INFO  base.BaseClass - Found Element By {by.toString()}
2024-05-10 22:45:45,756 [main] INFO  base.BaseClass - Trying to find Element By {by.toString()})
2024-05-10 22:45:45,788 [main] INFO  base.BaseClass - Found Element By {by.toString()}
2024-05-10 22:45:46,328 [main] INFO  base.BaseClass - Trying to find Element By {by.toString()})
2024-05-10 22:45:46,356 [main] INFO  base.BaseClass - Found Element By {by.toString()}
2024-05-10 22:45:46,917 [main] INFO  base.BaseClass - Trying to find Element By {by.toString()})
2024-05-10 22:45:46,956 [main] INFO  base.BaseClass - Found Element By {by.toString()}
2024-05-10 22:45:47,508 [main] INFO  base.BaseClass - Trying to find Element By {by.toString()})
2024-05-10 22:45:48,086 [main] INFO  base.BaseClass - Found Element By {by.toString()}
2024-05-10 22:45:48,608 [main] INFO  base.BaseClass - Trying to find Element By {by.toString()})
2024-05-10 22:45:48,647 [main] INFO  base.BaseClass - Found Element By {by.toString()}
2024-05-10 22:45:49,184 [main] INFO  base.BaseClass - Trying to find Element By {by.toString()})
2024-05-10 22:45:49,203 [main] INFO  base.BaseClass - Found Element By {by.toString()}
2024-05-10 22:45:49,744 [main] INFO  base.BaseClass - Trying to find Element By {by.toString()})
2024-05-10 22:45:49,771 [main] INFO  base.BaseClass - Found Element By {by.toString()}
2024-05-10 22:45:50,299 [main] INFO  base.BaseClass - Trying to find Element By {by.toString()})
2024-05-10 22:45:50,331 [main] INFO  base.BaseClass - Found Element By {by.toString()}
2024-05-10 22:45:50,873 [main] INFO  base.BaseClass - Trying to find Element By {by.toString()})
2024-05-10 22:45:50,910 [main] INFO  base.BaseClass - Found Element By {by.toString()}
2024-05-10 22:45:51,445 [main] INFO  base.BaseClass - Trying to find Element By {by.toString()})
2024-05-10 22:45:51,485 [main] INFO  base.BaseClass - Found Element By {by.toString()}
2024-05-10 22:45:52,048 [main] INFO  base.BaseClass - Trying to find Element By {by.toString()})
2024-05-10 22:45:52,088 [main] INFO  base.BaseClass - Found Element By {by.toString()}
2024-05-10 22:45:52,623 [main] INFO  base.BaseClass - Trying to find Element By {by.toString()})
2024-05-10 22:45:52,661 [main] INFO  base.BaseClass - Found Element By {by.toString()}
2024-05-10 22:45:53,196 [main] INFO  base.BaseClass - Trying to find Element By {by.toString()})
2024-05-10 22:45:53,232 [main] INFO  base.BaseClass - Found Element By {by.toString()}
2024-05-10 22:45:53,773 [main] INFO  base.BaseClass - Trying to find Element By {by.toString()})
2024-05-10 22:45:53,805 [main] INFO  base.BaseClass - Found Element By {by.toString()}
2024-05-10 22:45:54,335 [main] INFO  base.BaseClass - Trying to find Element By {by.toString()})
2024-05-10 22:45:54,370 [main] INFO  base.BaseClass - Found Element By {by.toString()}
2024-05-10 22:45:54,910 [main] INFO  base.BaseClass - Trying to find Element By {by.toString()})
2024-05-10 22:45:54,950 [main] INFO  base.BaseClass - Found Element By {by.toString()}
2024-05-10 22:45:55,488 [main] INFO  base.BaseClass - Trying to find Element By {by.toString()})
2024-05-10 22:45:55,523 [main] INFO  base.BaseClass - Found Element By {by.toString()}
2024-05-10 22:45:56,062 [main] INFO  base.BaseClass - Trying to find Element By {by.toString()})
2024-05-10 22:45:56,082 [main] INFO  base.BaseClass - Found Element By {by.toString()}
2024-05-10 22:45:56,606 [main] INFO  base.BaseClass - Trying to find Element By {by.toString()})
2024-05-10 22:45:56,629 [main] INFO  base.BaseClass - Found Element By {by.toString()}
TimeoutException occurred: Expected condition failed: waiting for helper.WaitUtility$5@13213f26 (tried for 30 second(s) with 500 milliseconds interval)
Build info: version: '3.141.59', revision: 'e82be7d358', time: '2018-11-14T08:17:03'
System info: host: 'DPLAP166', ip: '137.237.2.51', os.name: 'Windows 10', os.arch: 'amd64', os.version: '10.0', java.version: '19.0.1'
Driver info: org.openqa.selenium.support.events.EventFiringWebDriver
Capabilities {acceptInsecureCerts: true, browserName: chrome, browserVersion: 124.0.6367.119, chrome: {chromedriverVersion: 124.0.6367.201 (46cf136d27d..., userDataDir: C:\Users\dP-PL\AppData\Loca...}, fedcm:accounts: true, goog:chromeOptions: {debuggerAddress: localhost:59922}, javascriptEnabled: true, networkConnectionEnabled: false, pageLoadStrategy: normal, platform: WINDOWS, platformName: WINDOWS, proxy: Proxy(), setWindowRect: true, strictFileInteractability: false, timeouts: {implicit: 0, pageLoad: 300000, script: 30000}, unhandledPromptBehavior: dismiss and notify, webauthn:extension:credBlob: true, webauthn:extension:largeBlob: true, webauthn:extension:minPinLength: true, webauthn:extension:prf: true, webauthn:virtualAuthenticators: true}
Session ID: fecf3dd42cc9184e1fb4545465b4a1cd
2024-05-10 22:45:56,657 [main] ERROR XGL_CustomerCSVexport - Element did not become visible within the specified time: Expected condition failed: waiting for helper.WaitUtility$5@13213f26 (tried for 30 second(s) with 500 milliseconds interval)
Build info: version: '3.141.59', revision: 'e82be7d358', time: '2018-11-14T08:17:03'
System info: host: 'DPLAP166', ip: '137.237.2.51', os.name: 'Windows 10', os.arch: 'amd64', os.version: '10.0', java.version: '19.0.1'
Driver info: org.openqa.selenium.support.events.EventFiringWebDriver
Capabilities {acceptInsecureCerts: true, browserName: chrome, browserVersion: 124.0.6367.119, chrome: {chromedriverVersion: 124.0.6367.201 (46cf136d27d..., userDataDir: C:\Users\dP-PL\AppData\Loca...}, fedcm:accounts: true, goog:chromeOptions: {debuggerAddress: localhost:59922}, javascriptEnabled: true, networkConnectionEnabled: false, pageLoadStrategy: normal, platform: WINDOWS, platformName: WINDOWS, proxy: Proxy(), setWindowRect: true, strictFileInteractability: false, timeouts: {implicit: 0, pageLoad: 300000, script: 30000}, unhandledPromptBehavior: dismiss and notify, webauthn:extension:credBlob: true, webauthn:extension:largeBlob: true, webauthn:extension:minPinLength: true, webauthn:extension:prf: true, webauthn:virtualAuthenticators: true}
Session ID: fecf3dd42cc9184e1fb4545465b4a1cd
2024-05-10 22:45:56,657 [main] INFO  base.BaseClass - Trying to find Element By {by.toString()})
2024-05-10 22:45:56,674 [main] INFO  base.BaseClass - Found Element By {by.toString()}
2024-05-10 22:45:56,675 [main] INFO  base.BaseClass - Trying to click on: {element.toString()}
2024-05-10 22:45:56,745 [main] INFO  base.BaseClass - Clicked on: {element.toString()}
System-generated CSV file name: Customers_05102024_224556.csv
CustomerExportCSV passed!
]]></system-out>
    <system-err><![CDATA[SLF4J: Class path contains multiple SLF4J bindings.
SLF4J: Found binding in [jar:file:/C:/Users/dP-PL/.m2/repository/org/apache/logging/log4j/log4j-slf4j-impl/2.17.0/log4j-slf4j-impl-2.17.0.jar!/org/slf4j/impl/StaticLoggerBinder.class]
SLF4J: Found binding in [jar:file:/C:/Users/dP-PL/.m2/repository/org/sonatype/gossip/gossip/1.0/gossip-1.0.jar!/org/slf4j/impl/StaticLoggerBinder.class]
SLF4J: Found binding in [jar:file:/C:/Users/dP-PL/.m2/repository/org/slf4j/slf4j-nop/1.5.3/slf4j-nop-1.5.3.jar!/org/slf4j/impl/StaticLoggerBinder.class]
SLF4J: Found binding in [jar:file:/C:/Users/dP-PL/.m2/repository/org/slf4j/slf4j-jdk14/1.5.6/slf4j-jdk14-1.5.6.jar!/org/slf4j/impl/StaticLoggerBinder.class]
SLF4J: See http://www.slf4j.org/codes.html#multiple_bindings for an explanation.
SLF4J: Actual binding is of type [org.apache.logging.slf4j.Log4jLoggerFactory]
Starting ChromeDriver 124.0.6367.201 (46cf136d27d50afd9c618d164a3b95b3b62d0027-refs/branch-heads/6367@{#1130}) on port 41684
Only local connections are allowed.
Please see https://chromedriver.chromium.org/security-considerations for suggestions on keeping ChromeDriver safe.
ChromeDriver was started successfully.
May 10, 2024 10:43:44 PM org.openqa.selenium.remote.ProtocolHandshake createSession
INFO: Detected dialect: W3C
]]></system-err>
  </testcase>
</testsuite>