<?xml version="1.0" encoding="UTF-8"?>
<testsuite xmlns:xsi="http://www.w3.org/2001/XMLSchema-instance" xsi:noNamespaceSchemaLocation="https://maven.apache.org/surefire/maven-surefire-plugin/xsd/surefire-test-report-3.0.xsd" version="3.0" name="TestSuite" time="530.507" tests="1" errors="0" skipped="0" failures="1">
  <properties>
    <property name="java.specification.version" value="19"/>
    <property name="webdriver.chrome.driver" value="C:\Users\dP-PL\.cache\selenium\chromedriver\win64\120.0.6099.71\chromedriver.exe"/>
    <property name="sun.cpu.isalist" value="amd64"/>
    <property name="sun.jnu.encoding" value="Cp1252"/>
    <property name="java.class.path" value="D:\XGL Final\XGLFinal\target\test-classes;D:\XGL Final\XGLFinal\target\classes;C:\Users\dP-PL\.m2\repository\org\seleniumhq\selenium\selenium-java\3.141.59\selenium-java-3.141.59.jar;C:\Users\dP-PL\.m2\repository\org\seleniumhq\selenium\selenium-api\3.141.59\selenium-api-3.141.59.jar;C:\Users\dP-PL\.m2\repository\org\seleniumhq\selenium\selenium-chrome-driver\3.141.59\selenium-chrome-driver-3.141.59.jar;C:\Users\dP-PL\.m2\repository\org\seleniumhq\selenium\selenium-edge-driver\3.141.59\selenium-edge-driver-3.141.59.jar;C:\Users\dP-PL\.m2\repository\org\seleniumhq\selenium\selenium-firefox-driver\3.141.59\selenium-firefox-driver-3.141.59.jar;C:\Users\dP-PL\.m2\repository\org\seleniumhq\selenium\selenium-ie-driver\3.141.59\selenium-ie-driver-3.141.59.jar;C:\Users\dP-PL\.m2\repository\org\seleniumhq\selenium\selenium-opera-driver\3.141.59\selenium-opera-driver-3.141.59.jar;C:\Users\dP-PL\.m2\repository\org\seleniumhq\selenium\selenium-remote-driver\3.141.59\selenium-remote-driver-3.141.59.jar;C:\Users\dP-PL\.m2\repository\org\seleniumhq\selenium\selenium-safari-driver\3.141.59\selenium-safari-driver-3.141.59.jar;C:\Users\dP-PL\.m2\repository\org\seleniumhq\selenium\selenium-support\3.141.59\selenium-support-3.141.59.jar;C:\Users\dP-PL\.m2\repository\net\bytebuddy\byte-buddy\1.8.15\byte-buddy-1.8.15.jar;C:\Users\dP-PL\.m2\repository\org\apache\commons\commons-exec\1.3\commons-exec-1.3.jar;C:\Users\dP-PL\.m2\repository\com\google\guava\guava\25.0-jre\guava-25.0-jre.jar;C:\Users\dP-PL\.m2\repository\org\checkerframework\checker-compat-qual\2.0.0\checker-compat-qual-2.0.0.jar;C:\Users\dP-PL\.m2\repository\com\google\errorprone\error_prone_annotations\2.1.3\error_prone_annotations-2.1.3.jar;C:\Users\dP-PL\.m2\repository\com\google\j2objc\j2objc-annotations\1.1\j2objc-annotations-1.1.jar;C:\Users\dP-PL\.m2\repository\org\codehaus\mojo\animal-sniffer-annotations\1.14\animal-sniffer-annotations-1.14.jar;C:\Users\dP-PL\.m2\repository\com\squareup\okhttp3\okhttp\3.11.0\okhttp-3.11.0.jar;C:\Users\dP-PL\.m2\repository\com\squareup\okio\okio\1.14.0\okio-1.14.0.jar;C:\Users\dP-PL\.m2\repository\org\seleniumhq\selenium\selenium-http-jdk-client\4.8.1\selenium-http-jdk-client-4.8.1.jar;C:\Users\dP-PL\.m2\repository\com\google\auto\service\auto-service-annotations\1.0.1\auto-service-annotations-1.0.1.jar;C:\Users\dP-PL\.m2\repository\com\google\auto\service\auto-service\1.0.1\auto-service-1.0.1.jar;C:\Users\dP-PL\.m2\repository\com\google\auto\auto-common\1.2\auto-common-1.2.jar;C:\Users\dP-PL\.m2\repository\org\seleniumhq\selenium\selenium-http\4.8.1\selenium-http-4.8.1.jar;C:\Users\dP-PL\.m2\repository\dev\failsafe\failsafe\3.3.0\failsafe-3.3.0.jar;C:\Users\dP-PL\.m2\repository\org\seleniumhq\selenium\selenium-json\4.8.1\selenium-json-4.8.1.jar;C:\Users\dP-PL\.m2\repository\io\github\bonigarcia\webdrivermanager\5.5.3\webdrivermanager-5.5.3.jar;C:\Users\dP-PL\.m2\repository\com\github\docker-java\docker-java\3.3.3\docker-java-3.3.3.jar;C:\Users\dP-PL\.m2\repository\com\github\docker-java\docker-java-core\3.3.3\docker-java-core-3.3.3.jar;C:\Users\dP-PL\.m2\repository\com\github\docker-java\docker-java-api\3.3.3\docker-java-api-3.3.3.jar;C:\Users\dP-PL\.m2\repository\org\bouncycastle\bcpkix-jdk18on\1.75\bcpkix-jdk18on-1.75.jar;C:\Users\dP-PL\.m2\repository\org\bouncycastle\bcprov-jdk18on\1.75\bcprov-jdk18on-1.75.jar;C:\Users\dP-PL\.m2\repository\org\bouncycastle\bcutil-jdk18on\1.75\bcutil-jdk18on-1.75.jar;C:\Users\dP-PL\.m2\repository\com\github\docker-java\docker-java-transport-httpclient5\3.3.3\docker-java-transport-httpclient5-3.3.3.jar;C:\Users\dP-PL\.m2\repository\com\github\docker-java\docker-java-transport\3.3.3\docker-java-transport-3.3.3.jar;C:\Users\dP-PL\.m2\repository\net\java\dev\jna\jna\5.12.1\jna-5.12.1.jar;C:\Users\dP-PL\.m2\repository\org\brotli\dec\0.1.2\dec-0.1.2.jar;C:\Users\dP-PL\.m2\repository\org\apache\commons\commons-lang3\3.13.0\commons-lang3-3.13.0.jar;C:\Users\dP-PL\.m2\repository\org\apache\httpcomponents\client5\httpclient5\5.2.1\httpclient5-5.2.1.jar;C:\Users\dP-PL\.m2\repository\org\apache\httpcomponents\core5\httpcore5\5.2\httpcore5-5.2.jar;C:\Users\dP-PL\.m2\repository\org\apache\httpcomponents\core5\httpcore5-h2\5.2\httpcore5-h2-5.2.jar;C:\Users\dP-PL\.m2\repository\org\testng\testng\7.6.1\testng-7.6.1.jar;C:\Users\dP-PL\.m2\repository\com\google\code\findbugs\jsr305\3.0.2\jsr305-3.0.2.jar;C:\Users\dP-PL\.m2\repository\com\beust\jcommander\1.82\jcommander-1.82.jar;C:\Users\dP-PL\.m2\repository\org\webjars\jquery\3.6.0\jquery-3.6.0.jar;C:\Users\dP-PL\.m2\repository\net\rcarz\Jira-client\0.5\Jira-client-0.5.jar;C:\Users\dP-PL\.m2\repository\org\apache\httpcomponents\httpmime\4.2.5\httpmime-4.2.5.jar;C:\Users\dP-PL\.m2\repository\net\sf\json-lib\json-lib\2.4\json-lib-2.4-jdk15.jar;C:\Users\dP-PL\.m2\repository\commons-beanutils\commons-beanutils\1.8.0\commons-beanutils-1.8.0.jar;C:\Users\dP-PL\.m2\repository\commons-collections\commons-collections\3.2.1\commons-collections-3.2.1.jar;C:\Users\dP-PL\.m2\repository\commons-lang\commons-lang\2.5\commons-lang-2.5.jar;C:\Users\dP-PL\.m2\repository\net\sf\ezmorph\ezmorph\1.0.6\ezmorph-1.0.6.jar;C:\Users\dP-PL\.m2\repository\joda-time\joda-time\2.3\joda-time-2.3.jar;C:\Users\dP-PL\.m2\repository\junit\junit\4.8.2\junit-4.8.2.jar;C:\Users\dP-PL\.m2\repository\org\mockito\mockito-all\1.9.0\mockito-all-1.9.0.jar;C:\Users\dP-PL\.m2\repository\commons-httpclient\commons-httpclient\3.1\commons-httpclient-3.1.jar;C:\Users\dP-PL\.m2\repository\org\apache\maven\plugins\maven-surefire-plugin\3.0.0-M7\maven-surefire-plugin-3.0.0-M7.jar;C:\Users\dP-PL\.m2\repository\org\apache\maven\surefire\maven-surefire-common\3.0.0-M7\maven-surefire-common-3.0.0-M7.jar;C:\Users\dP-PL\.m2\repository\org\apache\maven\surefire\surefire-api\3.0.0-M7\surefire-api-3.0.0-M7.jar;C:\Users\dP-PL\.m2\repository\org\apache\maven\surefire\surefire-logger-api\3.0.0-M7\surefire-logger-api-3.0.0-M7.jar;C:\Users\dP-PL\.m2\repository\org\apache\maven\surefire\surefire-extensions-api\3.0.0-M7\surefire-extensions-api-3.0.0-M7.jar;C:\Users\dP-PL\.m2\repository\org\apache\maven\surefire\surefire-booter\3.0.0-M7\surefire-booter-3.0.0-M7.jar;C:\Users\dP-PL\.m2\repository\org\apache\maven\surefire\surefire-extensions-spi\3.0.0-M7\surefire-extensions-spi-3.0.0-M7.jar;C:\Users\dP-PL\.m2\repository\org\apache\maven\shared\maven-common-artifact-filters\3.1.1\maven-common-artifact-filters-3.1.1.jar;C:\Users\dP-PL\.m2\repository\org\codehaus\plexus\plexus-java\1.1.1\plexus-java-1.1.1.jar;C:\Users\dP-PL\.m2\repository\org\ow2\asm\asm\9.2\asm-9.2.jar;C:\Users\dP-PL\.m2\repository\com\thoughtworks\qdox\qdox\2.0.1\qdox-2.0.1.jar;C:\Users\dP-PL\.m2\repository\org\apache\maven\surefire\surefire-shared-utils\3.0.0-M7\surefire-shared-utils-3.0.0-M7.jar;C:\Users\dP-PL\.m2\repository\com\aventstack\extentreports\5.0.8\extentreports-5.0.8.jar;C:\Users\dP-PL\.m2\repository\io\reactivex\rxjava3\rxjava\3.0.4\rxjava-3.0.4.jar;C:\Users\dP-PL\.m2\repository\org\reactivestreams\reactive-streams\1.0.3\reactive-streams-1.0.3.jar;C:\Users\dP-PL\.m2\repository\org\freemarker\freemarker\2.3.30\freemarker-2.3.30.jar;C:\Users\dP-PL\.m2\repository\org\projectlombok\lombok\1.18.22\lombok-1.18.22.jar;C:\Users\dP-PL\.m2\repository\org\apache\poi\poi-ooxml\5.2.2\poi-ooxml-5.2.2.jar;C:\Users\dP-PL\.m2\repository\org\apache\poi\poi\5.2.2\poi-5.2.2.jar;C:\Users\dP-PL\.m2\repository\org\apache\commons\commons-math3\3.6.1\commons-math3-3.6.1.jar;C:\Users\dP-PL\.m2\repository\com\zaxxer\SparseBitSet\1.2\SparseBitSet-1.2.jar;C:\Users\dP-PL\.m2\repository\org\apache\poi\poi-ooxml-lite\5.2.2\poi-ooxml-lite-5.2.2.jar;C:\Users\dP-PL\.m2\repository\org\apache\xmlbeans\xmlbeans\5.0.3\xmlbeans-5.0.3.jar;C:\Users\dP-PL\.m2\repository\org\apache\commons\commons-compress\1.21\commons-compress-1.21.jar;C:\Users\dP-PL\.m2\repository\commons-io\commons-io\2.11.0\commons-io-2.11.0.jar;C:\Users\dP-PL\.m2\repository\com\github\virtuald\curvesapi\1.07\curvesapi-1.07.jar;C:\Users\dP-PL\.m2\repository\org\apache\commons\commons-collections4\4.4\commons-collections4-4.4.jar;C:\Users\dP-PL\.m2\repository\org\apache\logging\log4j\log4j-api\2.17.0\log4j-api-2.17.0.jar;C:\Users\dP-PL\.m2\repository\org\apache\logging\log4j\log4j-core\2.17.0\log4j-core-2.17.0.jar;C:\Users\dP-PL\.m2\repository\org\slf4j\slf4j-api\1.7.32\slf4j-api-1.7.32.jar;C:\Users\dP-PL\.m2\repository\org\apache\logging\log4j\log4j-slf4j-impl\2.17.0\log4j-slf4j-impl-2.17.0.jar;C:\Users\dP-PL\.m2\repository\com\microsoft\sqlserver\mssql-jdbc\12.4.0.jre11\mssql-jdbc-12.4.0.jre11.jar;C:\Users\dP-PL\.m2\repository\com\oracle\database\jdbc\ojdbc11\23.2.0.0\ojdbc11-23.2.0.0.jar;C:\Users\dP-PL\.m2\repository\net\lightbody\bmp\browsermob-core\2.1.5\browsermob-core-2.1.5.jar;C:\Users\dP-PL\.m2\repository\net\lightbody\bmp\littleproxy\1.1.0-beta-bmp-17\littleproxy-1.1.0-beta-bmp-17.jar;C:\Users\dP-PL\.m2\repository\com\fasterxml\jackson\core\jackson-core\2.8.9\jackson-core-2.8.9.jar;C:\Users\dP-PL\.m2\repository\com\fasterxml\jackson\core\jackson-databind\2.8.9\jackson-databind-2.8.9.jar;C:\Users\dP-PL\.m2\repository\com\fasterxml\jackson\core\jackson-annotations\2.8.9\jackson-annotations-2.8.9.jar;C:\Users\dP-PL\.m2\repository\dnsjava\dnsjava\2.1.8\dnsjava-2.1.8.jar;C:\Users\dP-PL\.m2\repository\org\slf4j\jcl-over-slf4j\1.7.25\jcl-over-slf4j-1.7.25.jar;C:\Users\dP-PL\.m2\repository\com\jcraft\jzlib\1.1.3\jzlib-1.1.3.jar;C:\Users\dP-PL\.m2\repository\io\netty\netty-all\4.0.51.Final\netty-all-4.0.51.Final.jar;C:\Users\dP-PL\.m2\repository\org\bouncycastle\bcprov-jdk15on\1.58\bcprov-jdk15on-1.58.jar;C:\Users\dP-PL\.m2\repository\org\bouncycastle\bcpkix-jdk15on\1.58\bcpkix-jdk15on-1.58.jar;C:\Users\dP-PL\.m2\repository\net\lightbody\bmp\mitm\2.1.5\mitm-2.1.5.jar;C:\Users\dP-PL\.m2\repository\dom4j\dom4j\1.1\dom4j-1.1.jar;C:\Users\dP-PL\.m2\repository\org\apache\httpcomponents\httpclient\4.5.13\httpclient-4.5.13.jar;C:\Users\dP-PL\.m2\repository\org\apache\httpcomponents\httpcore\4.4.13\httpcore-4.4.13.jar;C:\Users\dP-PL\.m2\repository\commons-logging\commons-logging\1.2\commons-logging-1.2.jar;C:\Users\dP-PL\.m2\repository\commons-codec\commons-codec\1.11\commons-codec-1.11.jar;C:\Users\dP-PL\.m2\repository\com\google\code\gson\gson\2.8.8\gson-2.8.8.jar;C:\Users\dP-PL\.m2\repository\ch\fortysix\maven-postman-plugin\0.1.6\maven-postman-plugin-0.1.6.jar;C:\Users\dP-PL\.m2\repository\org\codehaus\gmaven\gmaven-mojo\1.2\gmaven-mojo-1.2.jar;C:\Users\dP-PL\.m2\repository\org\codehaus\gmaven\runtime\gmaven-runtime-api\1.2\gmaven-runtime-api-1.2.jar;C:\Users\dP-PL\.m2\repository\org\codehaus\gmaven\feature\gmaven-feature-api\1.2\gmaven-feature-api-1.2.jar;C:\Users\dP-PL\.m2\repository\org\apache\maven\maven-project\2.0.10\maven-project-2.0.10.jar;C:\Users\dP-PL\.m2\repository\org\apache\maven\maven-plugin-registry\2.0.10\maven-plugin-registry-2.0.10.jar;C:\Users\dP-PL\.m2\repository\org\codehaus\plexus\plexus-interpolation\1.1\plexus-interpolation-1.1.jar;C:\Users\dP-PL\.m2\repository\org\apache\maven\maven-plugin-api\2.0.10\maven-plugin-api-2.0.10.jar;C:\Users\dP-PL\.m2\repository\org\codehaus\gmaven\runtime\gmaven-runtime-1.7\1.2\gmaven-runtime-1.7-1.2.jar;C:\Users\dP-PL\.m2\repository\org\codehaus\gmaven\feature\gmaven-feature-support\1.2\gmaven-feature-support-1.2.jar;C:\Users\dP-PL\.m2\repository\org\codehaus\gmaven\runtime\gmaven-runtime-support\1.2\gmaven-runtime-support-1.2.jar;C:\Users\dP-PL\.m2\repository\org\sonatype\gshell\gshell-io\2.0\gshell-io-2.0.jar;C:\Users\dP-PL\.m2\repository\org\sonatype\gossip\gossip\1.0\gossip-1.0.jar;C:\Users\dP-PL\.m2\repository\org\codehaus\groovy\groovy-all\1.7-beta-2\groovy-all-1.7-beta-2.jar;C:\Users\dP-PL\.m2\repository\jline\jline\0.9.94\jline-0.9.94.jar;C:\Users\dP-PL\.m2\repository\javax\mail\mail\1.4.1\mail-1.4.1.jar;C:\Users\dP-PL\.m2\repository\javax\activation\activation\1.1\activation-1.1.jar;C:\Users\dP-PL\.m2\repository\org\apache\ant\ant\1.7.1\ant-1.7.1.jar;C:\Users\dP-PL\.m2\repository\org\apache\ant\ant-launcher\1.7.1\ant-launcher-1.7.1.jar;C:\Users\dP-PL\.m2\repository\org\slf4j\log4j-over-slf4j\1.5.10\log4j-over-slf4j-1.5.10.jar;C:\Users\dP-PL\.m2\repository\org\apache\maven\shared\file-management\1.2.1\file-management-1.2.1.jar;C:\Users\dP-PL\.m2\repository\org\apache\maven\shared\maven-shared-io\1.1\maven-shared-io-1.1.jar;C:\Users\dP-PL\.m2\repository\org\codehaus\plexus\plexus-container-default\1.0-alpha-9\plexus-container-default-1.0-alpha-9.jar;C:\Users\dP-PL\.m2\repository\org\apache\maven\reporting\maven-reporting-api\2.2.1\maven-reporting-api-2.2.1.jar;C:\Users\dP-PL\.m2\repository\org\apache\maven\doxia\doxia-logging-api\1.1\doxia-logging-api-1.1.jar;C:\Users\dP-PL\.m2\repository\org\apache\maven\reporting\maven-reporting-impl\2.0.4.3\maven-reporting-impl-2.0.4.3.jar;C:\Users\dP-PL\.m2\repository\org\apache\maven\doxia\doxia-core\1.0\doxia-core-1.0.jar;C:\Users\dP-PL\.m2\repository\org\apache\maven\doxia\doxia-site-renderer\1.0\doxia-site-renderer-1.0.jar;C:\Users\dP-PL\.m2\repository\org\codehaus\plexus\plexus-i18n\1.0-beta-7\plexus-i18n-1.0-beta-7.jar;C:\Users\dP-PL\.m2\repository\org\codehaus\plexus\plexus-velocity\1.1.7\plexus-velocity-1.1.7.jar;C:\Users\dP-PL\.m2\repository\org\apache\velocity\velocity\1.5\velocity-1.5.jar;C:\Users\dP-PL\.m2\repository\org\apache\maven\doxia\doxia-decoration-model\1.0\doxia-decoration-model-1.0.jar;C:\Users\dP-PL\.m2\repository\org\apache\maven\doxia\doxia-module-apt\1.0\doxia-module-apt-1.0.jar;C:\Users\dP-PL\.m2\repository\org\apache\maven\doxia\doxia-module-fml\1.0\doxia-module-fml-1.0.jar;C:\Users\dP-PL\.m2\repository\org\apache\maven\doxia\doxia-module-xdoc\1.0\doxia-module-xdoc-1.0.jar;C:\Users\dP-PL\.m2\repository\org\apache\maven\doxia\doxia-module-xhtml\1.0\doxia-module-xhtml-1.0.jar;C:\Users\dP-PL\.m2\repository\commons-validator\commons-validator\1.2.0\commons-validator-1.2.0.jar;C:\Users\dP-PL\.m2\repository\commons-digester\commons-digester\1.6\commons-digester-1.6.jar;C:\Users\dP-PL\.m2\repository\oro\oro\2.0.8\oro-2.0.8.jar;C:\Users\dP-PL\.m2\repository\xml-apis\xml-apis\1.0.b2\xml-apis-1.0.b2.jar;C:\Users\dP-PL\.m2\repository\org\apache\maven\shared\maven-doxia-tools\1.0.2\maven-doxia-tools-1.0.2.jar;C:\Users\dP-PL\.m2\repository\org\apache\maven\doxia\doxia-sink-api\1.1.2\doxia-sink-api-1.1.2.jar;C:\Users\dP-PL\.m2\repository\org\codehaus\plexus\plexus-utils\2.0.1\plexus-utils-2.0.1.jar;C:\Users\dP-PL\.m2\repository\nekohtml\nekohtml\1.9.6.2\nekohtml-1.9.6.2.jar;C:\Users\dP-PL\.m2\repository\xerces\xercesImpl\2.8.1\xercesImpl-2.8.1.jar;C:\Users\dP-PL\.m2\repository\org\apache\commons\commons-email\1.2\commons-email-1.2.jar;C:\Users\dP-PL\.m2\repository\org\apache\maven\maven-core\2.2.1\maven-core-2.2.1.jar;C:\Users\dP-PL\.m2\repository\org\apache\maven\maven-settings\2.2.1\maven-settings-2.2.1.jar;C:\Users\dP-PL\.m2\repository\org\apache\maven\wagon\wagon-file\1.0-beta-6\wagon-file-1.0-beta-6.jar;C:\Users\dP-PL\.m2\repository\org\apache\maven\maven-plugin-parameter-documenter\2.2.1\maven-plugin-parameter-documenter-2.2.1.jar;C:\Users\dP-PL\.m2\repository\org\apache\maven\wagon\wagon-http-lightweight\1.0-beta-6\wagon-http-lightweight-1.0-beta-6.jar;C:\Users\dP-PL\.m2\repository\org\apache\maven\wagon\wagon-http-shared\1.0-beta-6\wagon-http-shared-1.0-beta-6.jar;C:\Users\dP-PL\.m2\repository\nekohtml\xercesMinimal\1.9.6.2\xercesMinimal-1.9.6.2.jar;C:\Users\dP-PL\.m2\repository\org\apache\maven\wagon\wagon-http\1.0-beta-6\wagon-http-1.0-beta-6.jar;C:\Users\dP-PL\.m2\repository\org\apache\maven\wagon\wagon-webdav-jackrabbit\1.0-beta-6\wagon-webdav-jackrabbit-1.0-beta-6.jar;C:\Users\dP-PL\.m2\repository\org\apache\jackrabbit\jackrabbit-webdav\1.5.0\jackrabbit-webdav-1.5.0.jar;C:\Users\dP-PL\.m2\repository\org\apache\jackrabbit\jackrabbit-jcr-commons\1.5.0\jackrabbit-jcr-commons-1.5.0.jar;C:\Users\dP-PL\.m2\repository\org\slf4j\slf4j-nop\1.5.3\slf4j-nop-1.5.3.jar;C:\Users\dP-PL\.m2\repository\org\slf4j\slf4j-jdk14\1.5.6\slf4j-jdk14-1.5.6.jar;C:\Users\dP-PL\.m2\repository\org\apache\maven\maven-profile\2.2.1\maven-profile-2.2.1.jar;C:\Users\dP-PL\.m2\repository\org\apache\maven\maven-model\2.2.1\maven-model-2.2.1.jar;C:\Users\dP-PL\.m2\repository\org\apache\maven\maven-artifact\2.2.1\maven-artifact-2.2.1.jar;C:\Users\dP-PL\.m2\repository\org\apache\maven\wagon\wagon-provider-api\1.0-beta-6\wagon-provider-api-1.0-beta-6.jar;C:\Users\dP-PL\.m2\repository\org\apache\maven\maven-repository-metadata\2.2.1\maven-repository-metadata-2.2.1.jar;C:\Users\dP-PL\.m2\repository\org\apache\maven\maven-error-diagnostics\2.2.1\maven-error-diagnostics-2.2.1.jar;C:\Users\dP-PL\.m2\repository\commons-cli\commons-cli\1.2\commons-cli-1.2.jar;C:\Users\dP-PL\.m2\repository\org\apache\maven\wagon\wagon-ssh-external\1.0-beta-6\wagon-ssh-external-1.0-beta-6.jar;C:\Users\dP-PL\.m2\repository\org\apache\maven\wagon\wagon-ssh-common\1.0-beta-6\wagon-ssh-common-1.0-beta-6.jar;C:\Users\dP-PL\.m2\repository\org\apache\maven\maven-plugin-descriptor\2.2.1\maven-plugin-descriptor-2.2.1.jar;C:\Users\dP-PL\.m2\repository\org\codehaus\plexus\plexus-interactivity-api\1.0-alpha-4\plexus-interactivity-api-1.0-alpha-4.jar;C:\Users\dP-PL\.m2\repository\org\apache\maven\maven-artifact-manager\2.2.1\maven-artifact-manager-2.2.1.jar;C:\Users\dP-PL\.m2\repository\backport-util-concurrent\backport-util-concurrent\3.1\backport-util-concurrent-3.1.jar;C:\Users\dP-PL\.m2\repository\org\apache\maven\maven-monitor\2.2.1\maven-monitor-2.2.1.jar;C:\Users\dP-PL\.m2\repository\org\apache\maven\wagon\wagon-ssh\1.0-beta-6\wagon-ssh-1.0-beta-6.jar;C:\Users\dP-PL\.m2\repository\com\jcraft\jsch\0.1.38\jsch-0.1.38.jar;C:\Users\dP-PL\.m2\repository\classworlds\classworlds\1.1\classworlds-1.1.jar;C:\Users\dP-PL\.m2\repository\org\sonatype\plexus\plexus-sec-dispatcher\1.3\plexus-sec-dispatcher-1.3.jar;C:\Users\dP-PL\.m2\repository\org\sonatype\plexus\plexus-cipher\1.4\plexus-cipher-1.4.jar;"/>
    <property name="java.vm.vendor" value="Oracle Corporation"/>
    <property name="sun.arch.data.model" value="64"/>
    <property name="user.variant" value=""/>
    <property name="java.vendor.url" value="https://java.oracle.com/"/>
    <property name="user.timezone" value="Asia/Calcutta"/>
    <property name="os.name" value="Windows 10"/>
    <property name="java.vm.specification.version" value="19"/>
    <property name="sun.java.launcher" value="SUN_STANDARD"/>
    <property name="user.country" value="IN"/>
    <property name="sun.boot.library.path" value="C:\Program Files\Java\jdk-19\bin"/>
    <property name="sun.java.command" value="C:\Users\dP-PL\AppData\Local\Temp\surefire10429915646447336961\surefirebooter-20231218224324708_3.jar C:\Users\dP-PL\AppData\Local\Temp\surefire10429915646447336961 2023-12-18T22-43-23_950-jvmRun1 surefire-20231218224324708_1tmp surefire_0-20231218224324708_2tmp"/>
    <property name="jdk.debug" value="release"/>
    <property name="surefire.test.class.path" value="D:\XGL Final\XGLFinal\target\test-classes;D:\XGL Final\XGLFinal\target\classes;C:\Users\dP-PL\.m2\repository\org\seleniumhq\selenium\selenium-java\3.141.59\selenium-java-3.141.59.jar;C:\Users\dP-PL\.m2\repository\org\seleniumhq\selenium\selenium-api\3.141.59\selenium-api-3.141.59.jar;C:\Users\dP-PL\.m2\repository\org\seleniumhq\selenium\selenium-chrome-driver\3.141.59\selenium-chrome-driver-3.141.59.jar;C:\Users\dP-PL\.m2\repository\org\seleniumhq\selenium\selenium-edge-driver\3.141.59\selenium-edge-driver-3.141.59.jar;C:\Users\dP-PL\.m2\repository\org\seleniumhq\selenium\selenium-firefox-driver\3.141.59\selenium-firefox-driver-3.141.59.jar;C:\Users\dP-PL\.m2\repository\org\seleniumhq\selenium\selenium-ie-driver\3.141.59\selenium-ie-driver-3.141.59.jar;C:\Users\dP-PL\.m2\repository\org\seleniumhq\selenium\selenium-opera-driver\3.141.59\selenium-opera-driver-3.141.59.jar;C:\Users\dP-PL\.m2\repository\org\seleniumhq\selenium\selenium-remote-driver\3.141.59\selenium-remote-driver-3.141.59.jar;C:\Users\dP-PL\.m2\repository\org\seleniumhq\selenium\selenium-safari-driver\3.141.59\selenium-safari-driver-3.141.59.jar;C:\Users\dP-PL\.m2\repository\org\seleniumhq\selenium\selenium-support\3.141.59\selenium-support-3.141.59.jar;C:\Users\dP-PL\.m2\repository\net\bytebuddy\byte-buddy\1.8.15\byte-buddy-1.8.15.jar;C:\Users\dP-PL\.m2\repository\org\apache\commons\commons-exec\1.3\commons-exec-1.3.jar;C:\Users\dP-PL\.m2\repository\com\google\guava\guava\25.0-jre\guava-25.0-jre.jar;C:\Users\dP-PL\.m2\repository\org\checkerframework\checker-compat-qual\2.0.0\checker-compat-qual-2.0.0.jar;C:\Users\dP-PL\.m2\repository\com\google\errorprone\error_prone_annotations\2.1.3\error_prone_annotations-2.1.3.jar;C:\Users\dP-PL\.m2\repository\com\google\j2objc\j2objc-annotations\1.1\j2objc-annotations-1.1.jar;C:\Users\dP-PL\.m2\repository\org\codehaus\mojo\animal-sniffer-annotations\1.14\animal-sniffer-annotations-1.14.jar;C:\Users\dP-PL\.m2\repository\com\squareup\okhttp3\okhttp\3.11.0\okhttp-3.11.0.jar;C:\Users\dP-PL\.m2\repository\com\squareup\okio\okio\1.14.0\okio-1.14.0.jar;C:\Users\dP-PL\.m2\repository\org\seleniumhq\selenium\selenium-http-jdk-client\4.8.1\selenium-http-jdk-client-4.8.1.jar;C:\Users\dP-PL\.m2\repository\com\google\auto\service\auto-service-annotations\1.0.1\auto-service-annotations-1.0.1.jar;C:\Users\dP-PL\.m2\repository\com\google\auto\service\auto-service\1.0.1\auto-service-1.0.1.jar;C:\Users\dP-PL\.m2\repository\com\google\auto\auto-common\1.2\auto-common-1.2.jar;C:\Users\dP-PL\.m2\repository\org\seleniumhq\selenium\selenium-http\4.8.1\selenium-http-4.8.1.jar;C:\Users\dP-PL\.m2\repository\dev\failsafe\failsafe\3.3.0\failsafe-3.3.0.jar;C:\Users\dP-PL\.m2\repository\org\seleniumhq\selenium\selenium-json\4.8.1\selenium-json-4.8.1.jar;C:\Users\dP-PL\.m2\repository\io\github\bonigarcia\webdrivermanager\5.5.3\webdrivermanager-5.5.3.jar;C:\Users\dP-PL\.m2\repository\com\github\docker-java\docker-java\3.3.3\docker-java-3.3.3.jar;C:\Users\dP-PL\.m2\repository\com\github\docker-java\docker-java-core\3.3.3\docker-java-core-3.3.3.jar;C:\Users\dP-PL\.m2\repository\com\github\docker-java\docker-java-api\3.3.3\docker-java-api-3.3.3.jar;C:\Users\dP-PL\.m2\repository\org\bouncycastle\bcpkix-jdk18on\1.75\bcpkix-jdk18on-1.75.jar;C:\Users\dP-PL\.m2\repository\org\bouncycastle\bcprov-jdk18on\1.75\bcprov-jdk18on-1.75.jar;C:\Users\dP-PL\.m2\repository\org\bouncycastle\bcutil-jdk18on\1.75\bcutil-jdk18on-1.75.jar;C:\Users\dP-PL\.m2\repository\com\github\docker-java\docker-java-transport-httpclient5\3.3.3\docker-java-transport-httpclient5-3.3.3.jar;C:\Users\dP-PL\.m2\repository\com\github\docker-java\docker-java-transport\3.3.3\docker-java-transport-3.3.3.jar;C:\Users\dP-PL\.m2\repository\net\java\dev\jna\jna\5.12.1\jna-5.12.1.jar;C:\Users\dP-PL\.m2\repository\org\brotli\dec\0.1.2\dec-0.1.2.jar;C:\Users\dP-PL\.m2\repository\org\apache\commons\commons-lang3\3.13.0\commons-lang3-3.13.0.jar;C:\Users\dP-PL\.m2\repository\org\apache\httpcomponents\client5\httpclient5\5.2.1\httpclient5-5.2.1.jar;C:\Users\dP-PL\.m2\repository\org\apache\httpcomponents\core5\httpcore5\5.2\httpcore5-5.2.jar;C:\Users\dP-PL\.m2\repository\org\apache\httpcomponents\core5\httpcore5-h2\5.2\httpcore5-h2-5.2.jar;C:\Users\dP-PL\.m2\repository\org\testng\testng\7.6.1\testng-7.6.1.jar;C:\Users\dP-PL\.m2\repository\com\google\code\findbugs\jsr305\3.0.2\jsr305-3.0.2.jar;C:\Users\dP-PL\.m2\repository\com\beust\jcommander\1.82\jcommander-1.82.jar;C:\Users\dP-PL\.m2\repository\org\webjars\jquery\3.6.0\jquery-3.6.0.jar;C:\Users\dP-PL\.m2\repository\net\rcarz\Jira-client\0.5\Jira-client-0.5.jar;C:\Users\dP-PL\.m2\repository\org\apache\httpcomponents\httpmime\4.2.5\httpmime-4.2.5.jar;C:\Users\dP-PL\.m2\repository\net\sf\json-lib\json-lib\2.4\json-lib-2.4-jdk15.jar;C:\Users\dP-PL\.m2\repository\commons-beanutils\commons-beanutils\1.8.0\commons-beanutils-1.8.0.jar;C:\Users\dP-PL\.m2\repository\commons-collections\commons-collections\3.2.1\commons-collections-3.2.1.jar;C:\Users\dP-PL\.m2\repository\commons-lang\commons-lang\2.5\commons-lang-2.5.jar;C:\Users\dP-PL\.m2\repository\net\sf\ezmorph\ezmorph\1.0.6\ezmorph-1.0.6.jar;C:\Users\dP-PL\.m2\repository\joda-time\joda-time\2.3\joda-time-2.3.jar;C:\Users\dP-PL\.m2\repository\junit\junit\4.8.2\junit-4.8.2.jar;C:\Users\dP-PL\.m2\repository\org\mockito\mockito-all\1.9.0\mockito-all-1.9.0.jar;C:\Users\dP-PL\.m2\repository\commons-httpclient\commons-httpclient\3.1\commons-httpclient-3.1.jar;C:\Users\dP-PL\.m2\repository\org\apache\maven\plugins\maven-surefire-plugin\3.0.0-M7\maven-surefire-plugin-3.0.0-M7.jar;C:\Users\dP-PL\.m2\repository\org\apache\maven\surefire\maven-surefire-common\3.0.0-M7\maven-surefire-common-3.0.0-M7.jar;C:\Users\dP-PL\.m2\repository\org\apache\maven\surefire\surefire-api\3.0.0-M7\surefire-api-3.0.0-M7.jar;C:\Users\dP-PL\.m2\repository\org\apache\maven\surefire\surefire-logger-api\3.0.0-M7\surefire-logger-api-3.0.0-M7.jar;C:\Users\dP-PL\.m2\repository\org\apache\maven\surefire\surefire-extensions-api\3.0.0-M7\surefire-extensions-api-3.0.0-M7.jar;C:\Users\dP-PL\.m2\repository\org\apache\maven\surefire\surefire-booter\3.0.0-M7\surefire-booter-3.0.0-M7.jar;C:\Users\dP-PL\.m2\repository\org\apache\maven\surefire\surefire-extensions-spi\3.0.0-M7\surefire-extensions-spi-3.0.0-M7.jar;C:\Users\dP-PL\.m2\repository\org\apache\maven\shared\maven-common-artifact-filters\3.1.1\maven-common-artifact-filters-3.1.1.jar;C:\Users\dP-PL\.m2\repository\org\codehaus\plexus\plexus-java\1.1.1\plexus-java-1.1.1.jar;C:\Users\dP-PL\.m2\repository\org\ow2\asm\asm\9.2\asm-9.2.jar;C:\Users\dP-PL\.m2\repository\com\thoughtworks\qdox\qdox\2.0.1\qdox-2.0.1.jar;C:\Users\dP-PL\.m2\repository\org\apache\maven\surefire\surefire-shared-utils\3.0.0-M7\surefire-shared-utils-3.0.0-M7.jar;C:\Users\dP-PL\.m2\repository\com\aventstack\extentreports\5.0.8\extentreports-5.0.8.jar;C:\Users\dP-PL\.m2\repository\io\reactivex\rxjava3\rxjava\3.0.4\rxjava-3.0.4.jar;C:\Users\dP-PL\.m2\repository\org\reactivestreams\reactive-streams\1.0.3\reactive-streams-1.0.3.jar;C:\Users\dP-PL\.m2\repository\org\freemarker\freemarker\2.3.30\freemarker-2.3.30.jar;C:\Users\dP-PL\.m2\repository\org\projectlombok\lombok\1.18.22\lombok-1.18.22.jar;C:\Users\dP-PL\.m2\repository\org\apache\poi\poi-ooxml\5.2.2\poi-ooxml-5.2.2.jar;C:\Users\dP-PL\.m2\repository\org\apache\poi\poi\5.2.2\poi-5.2.2.jar;C:\Users\dP-PL\.m2\repository\org\apache\commons\commons-math3\3.6.1\commons-math3-3.6.1.jar;C:\Users\dP-PL\.m2\repository\com\zaxxer\SparseBitSet\1.2\SparseBitSet-1.2.jar;C:\Users\dP-PL\.m2\repository\org\apache\poi\poi-ooxml-lite\5.2.2\poi-ooxml-lite-5.2.2.jar;C:\Users\dP-PL\.m2\repository\org\apache\xmlbeans\xmlbeans\5.0.3\xmlbeans-5.0.3.jar;C:\Users\dP-PL\.m2\repository\org\apache\commons\commons-compress\1.21\commons-compress-1.21.jar;C:\Users\dP-PL\.m2\repository\commons-io\commons-io\2.11.0\commons-io-2.11.0.jar;C:\Users\dP-PL\.m2\repository\com\github\virtuald\curvesapi\1.07\curvesapi-1.07.jar;C:\Users\dP-PL\.m2\repository\org\apache\commons\commons-collections4\4.4\commons-collections4-4.4.jar;C:\Users\dP-PL\.m2\repository\org\apache\logging\log4j\log4j-api\2.17.0\log4j-api-2.17.0.jar;C:\Users\dP-PL\.m2\repository\org\apache\logging\log4j\log4j-core\2.17.0\log4j-core-2.17.0.jar;C:\Users\dP-PL\.m2\repository\org\slf4j\slf4j-api\1.7.32\slf4j-api-1.7.32.jar;C:\Users\dP-PL\.m2\repository\org\apache\logging\log4j\log4j-slf4j-impl\2.17.0\log4j-slf4j-impl-2.17.0.jar;C:\Users\dP-PL\.m2\repository\com\microsoft\sqlserver\mssql-jdbc\12.4.0.jre11\mssql-jdbc-12.4.0.jre11.jar;C:\Users\dP-PL\.m2\repository\com\oracle\database\jdbc\ojdbc11\23.2.0.0\ojdbc11-23.2.0.0.jar;C:\Users\dP-PL\.m2\repository\net\lightbody\bmp\browsermob-core\2.1.5\browsermob-core-2.1.5.jar;C:\Users\dP-PL\.m2\repository\net\lightbody\bmp\littleproxy\1.1.0-beta-bmp-17\littleproxy-1.1.0-beta-bmp-17.jar;C:\Users\dP-PL\.m2\repository\com\fasterxml\jackson\core\jackson-core\2.8.9\jackson-core-2.8.9.jar;C:\Users\dP-PL\.m2\repository\com\fasterxml\jackson\core\jackson-databind\2.8.9\jackson-databind-2.8.9.jar;C:\Users\dP-PL\.m2\repository\com\fasterxml\jackson\core\jackson-annotations\2.8.9\jackson-annotations-2.8.9.jar;C:\Users\dP-PL\.m2\repository\dnsjava\dnsjava\2.1.8\dnsjava-2.1.8.jar;C:\Users\dP-PL\.m2\repository\org\slf4j\jcl-over-slf4j\1.7.25\jcl-over-slf4j-1.7.25.jar;C:\Users\dP-PL\.m2\repository\com\jcraft\jzlib\1.1.3\jzlib-1.1.3.jar;C:\Users\dP-PL\.m2\repository\io\netty\netty-all\4.0.51.Final\netty-all-4.0.51.Final.jar;C:\Users\dP-PL\.m2\repository\org\bouncycastle\bcprov-jdk15on\1.58\bcprov-jdk15on-1.58.jar;C:\Users\dP-PL\.m2\repository\org\bouncycastle\bcpkix-jdk15on\1.58\bcpkix-jdk15on-1.58.jar;C:\Users\dP-PL\.m2\repository\net\lightbody\bmp\mitm\2.1.5\mitm-2.1.5.jar;C:\Users\dP-PL\.m2\repository\dom4j\dom4j\1.1\dom4j-1.1.jar;C:\Users\dP-PL\.m2\repository\org\apache\httpcomponents\httpclient\4.5.13\httpclient-4.5.13.jar;C:\Users\dP-PL\.m2\repository\org\apache\httpcomponents\httpcore\4.4.13\httpcore-4.4.13.jar;C:\Users\dP-PL\.m2\repository\commons-logging\commons-logging\1.2\commons-logging-1.2.jar;C:\Users\dP-PL\.m2\repository\commons-codec\commons-codec\1.11\commons-codec-1.11.jar;C:\Users\dP-PL\.m2\repository\com\google\code\gson\gson\2.8.8\gson-2.8.8.jar;C:\Users\dP-PL\.m2\repository\ch\fortysix\maven-postman-plugin\0.1.6\maven-postman-plugin-0.1.6.jar;C:\Users\dP-PL\.m2\repository\org\codehaus\gmaven\gmaven-mojo\1.2\gmaven-mojo-1.2.jar;C:\Users\dP-PL\.m2\repository\org\codehaus\gmaven\runtime\gmaven-runtime-api\1.2\gmaven-runtime-api-1.2.jar;C:\Users\dP-PL\.m2\repository\org\codehaus\gmaven\feature\gmaven-feature-api\1.2\gmaven-feature-api-1.2.jar;C:\Users\dP-PL\.m2\repository\org\apache\maven\maven-project\2.0.10\maven-project-2.0.10.jar;C:\Users\dP-PL\.m2\repository\org\apache\maven\maven-plugin-registry\2.0.10\maven-plugin-registry-2.0.10.jar;C:\Users\dP-PL\.m2\repository\org\codehaus\plexus\plexus-interpolation\1.1\plexus-interpolation-1.1.jar;C:\Users\dP-PL\.m2\repository\org\apache\maven\maven-plugin-api\2.0.10\maven-plugin-api-2.0.10.jar;C:\Users\dP-PL\.m2\repository\org\codehaus\gmaven\runtime\gmaven-runtime-1.7\1.2\gmaven-runtime-1.7-1.2.jar;C:\Users\dP-PL\.m2\repository\org\codehaus\gmaven\feature\gmaven-feature-support\1.2\gmaven-feature-support-1.2.jar;C:\Users\dP-PL\.m2\repository\org\codehaus\gmaven\runtime\gmaven-runtime-support\1.2\gmaven-runtime-support-1.2.jar;C:\Users\dP-PL\.m2\repository\org\sonatype\gshell\gshell-io\2.0\gshell-io-2.0.jar;C:\Users\dP-PL\.m2\repository\org\sonatype\gossip\gossip\1.0\gossip-1.0.jar;C:\Users\dP-PL\.m2\repository\org\codehaus\groovy\groovy-all\1.7-beta-2\groovy-all-1.7-beta-2.jar;C:\Users\dP-PL\.m2\repository\jline\jline\0.9.94\jline-0.9.94.jar;C:\Users\dP-PL\.m2\repository\javax\mail\mail\1.4.1\mail-1.4.1.jar;C:\Users\dP-PL\.m2\repository\javax\activation\activation\1.1\activation-1.1.jar;C:\Users\dP-PL\.m2\repository\org\apache\ant\ant\1.7.1\ant-1.7.1.jar;C:\Users\dP-PL\.m2\repository\org\apache\ant\ant-launcher\1.7.1\ant-launcher-1.7.1.jar;C:\Users\dP-PL\.m2\repository\org\slf4j\log4j-over-slf4j\1.5.10\log4j-over-slf4j-1.5.10.jar;C:\Users\dP-PL\.m2\repository\org\apache\maven\shared\file-management\1.2.1\file-management-1.2.1.jar;C:\Users\dP-PL\.m2\repository\org\apache\maven\shared\maven-shared-io\1.1\maven-shared-io-1.1.jar;C:\Users\dP-PL\.m2\repository\org\codehaus\plexus\plexus-container-default\1.0-alpha-9\plexus-container-default-1.0-alpha-9.jar;C:\Users\dP-PL\.m2\repository\org\apache\maven\reporting\maven-reporting-api\2.2.1\maven-reporting-api-2.2.1.jar;C:\Users\dP-PL\.m2\repository\org\apache\maven\doxia\doxia-logging-api\1.1\doxia-logging-api-1.1.jar;C:\Users\dP-PL\.m2\repository\org\apache\maven\reporting\maven-reporting-impl\2.0.4.3\maven-reporting-impl-2.0.4.3.jar;C:\Users\dP-PL\.m2\repository\org\apache\maven\doxia\doxia-core\1.0\doxia-core-1.0.jar;C:\Users\dP-PL\.m2\repository\org\apache\maven\doxia\doxia-site-renderer\1.0\doxia-site-renderer-1.0.jar;C:\Users\dP-PL\.m2\repository\org\codehaus\plexus\plexus-i18n\1.0-beta-7\plexus-i18n-1.0-beta-7.jar;C:\Users\dP-PL\.m2\repository\org\codehaus\plexus\plexus-velocity\1.1.7\plexus-velocity-1.1.7.jar;C:\Users\dP-PL\.m2\repository\org\apache\velocity\velocity\1.5\velocity-1.5.jar;C:\Users\dP-PL\.m2\repository\org\apache\maven\doxia\doxia-decoration-model\1.0\doxia-decoration-model-1.0.jar;C:\Users\dP-PL\.m2\repository\org\apache\maven\doxia\doxia-module-apt\1.0\doxia-module-apt-1.0.jar;C:\Users\dP-PL\.m2\repository\org\apache\maven\doxia\doxia-module-fml\1.0\doxia-module-fml-1.0.jar;C:\Users\dP-PL\.m2\repository\org\apache\maven\doxia\doxia-module-xdoc\1.0\doxia-module-xdoc-1.0.jar;C:\Users\dP-PL\.m2\repository\org\apache\maven\doxia\doxia-module-xhtml\1.0\doxia-module-xhtml-1.0.jar;C:\Users\dP-PL\.m2\repository\commons-validator\commons-validator\1.2.0\commons-validator-1.2.0.jar;C:\Users\dP-PL\.m2\repository\commons-digester\commons-digester\1.6\commons-digester-1.6.jar;C:\Users\dP-PL\.m2\repository\oro\oro\2.0.8\oro-2.0.8.jar;C:\Users\dP-PL\.m2\repository\xml-apis\xml-apis\1.0.b2\xml-apis-1.0.b2.jar;C:\Users\dP-PL\.m2\repository\org\apache\maven\shared\maven-doxia-tools\1.0.2\maven-doxia-tools-1.0.2.jar;C:\Users\dP-PL\.m2\repository\org\apache\maven\doxia\doxia-sink-api\1.1.2\doxia-sink-api-1.1.2.jar;C:\Users\dP-PL\.m2\repository\org\codehaus\plexus\plexus-utils\2.0.1\plexus-utils-2.0.1.jar;C:\Users\dP-PL\.m2\repository\nekohtml\nekohtml\1.9.6.2\nekohtml-1.9.6.2.jar;C:\Users\dP-PL\.m2\repository\xerces\xercesImpl\2.8.1\xercesImpl-2.8.1.jar;C:\Users\dP-PL\.m2\repository\org\apache\commons\commons-email\1.2\commons-email-1.2.jar;C:\Users\dP-PL\.m2\repository\org\apache\maven\maven-core\2.2.1\maven-core-2.2.1.jar;C:\Users\dP-PL\.m2\repository\org\apache\maven\maven-settings\2.2.1\maven-settings-2.2.1.jar;C:\Users\dP-PL\.m2\repository\org\apache\maven\wagon\wagon-file\1.0-beta-6\wagon-file-1.0-beta-6.jar;C:\Users\dP-PL\.m2\repository\org\apache\maven\maven-plugin-parameter-documenter\2.2.1\maven-plugin-parameter-documenter-2.2.1.jar;C:\Users\dP-PL\.m2\repository\org\apache\maven\wagon\wagon-http-lightweight\1.0-beta-6\wagon-http-lightweight-1.0-beta-6.jar;C:\Users\dP-PL\.m2\repository\org\apache\maven\wagon\wagon-http-shared\1.0-beta-6\wagon-http-shared-1.0-beta-6.jar;C:\Users\dP-PL\.m2\repository\nekohtml\xercesMinimal\1.9.6.2\xercesMinimal-1.9.6.2.jar;C:\Users\dP-PL\.m2\repository\org\apache\maven\wagon\wagon-http\1.0-beta-6\wagon-http-1.0-beta-6.jar;C:\Users\dP-PL\.m2\repository\org\apache\maven\wagon\wagon-webdav-jackrabbit\1.0-beta-6\wagon-webdav-jackrabbit-1.0-beta-6.jar;C:\Users\dP-PL\.m2\repository\org\apache\jackrabbit\jackrabbit-webdav\1.5.0\jackrabbit-webdav-1.5.0.jar;C:\Users\dP-PL\.m2\repository\org\apache\jackrabbit\jackrabbit-jcr-commons\1.5.0\jackrabbit-jcr-commons-1.5.0.jar;C:\Users\dP-PL\.m2\repository\org\slf4j\slf4j-nop\1.5.3\slf4j-nop-1.5.3.jar;C:\Users\dP-PL\.m2\repository\org\slf4j\slf4j-jdk14\1.5.6\slf4j-jdk14-1.5.6.jar;C:\Users\dP-PL\.m2\repository\org\apache\maven\maven-profile\2.2.1\maven-profile-2.2.1.jar;C:\Users\dP-PL\.m2\repository\org\apache\maven\maven-model\2.2.1\maven-model-2.2.1.jar;C:\Users\dP-PL\.m2\repository\org\apache\maven\maven-artifact\2.2.1\maven-artifact-2.2.1.jar;C:\Users\dP-PL\.m2\repository\org\apache\maven\wagon\wagon-provider-api\1.0-beta-6\wagon-provider-api-1.0-beta-6.jar;C:\Users\dP-PL\.m2\repository\org\apache\maven\maven-repository-metadata\2.2.1\maven-repository-metadata-2.2.1.jar;C:\Users\dP-PL\.m2\repository\org\apache\maven\maven-error-diagnostics\2.2.1\maven-error-diagnostics-2.2.1.jar;C:\Users\dP-PL\.m2\repository\commons-cli\commons-cli\1.2\commons-cli-1.2.jar;C:\Users\dP-PL\.m2\repository\org\apache\maven\wagon\wagon-ssh-external\1.0-beta-6\wagon-ssh-external-1.0-beta-6.jar;C:\Users\dP-PL\.m2\repository\org\apache\maven\wagon\wagon-ssh-common\1.0-beta-6\wagon-ssh-common-1.0-beta-6.jar;C:\Users\dP-PL\.m2\repository\org\apache\maven\maven-plugin-descriptor\2.2.1\maven-plugin-descriptor-2.2.1.jar;C:\Users\dP-PL\.m2\repository\org\codehaus\plexus\plexus-interactivity-api\1.0-alpha-4\plexus-interactivity-api-1.0-alpha-4.jar;C:\Users\dP-PL\.m2\repository\org\apache\maven\maven-artifact-manager\2.2.1\maven-artifact-manager-2.2.1.jar;C:\Users\dP-PL\.m2\repository\backport-util-concurrent\backport-util-concurrent\3.1\backport-util-concurrent-3.1.jar;C:\Users\dP-PL\.m2\repository\org\apache\maven\maven-monitor\2.2.1\maven-monitor-2.2.1.jar;C:\Users\dP-PL\.m2\repository\org\apache\maven\wagon\wagon-ssh\1.0-beta-6\wagon-ssh-1.0-beta-6.jar;C:\Users\dP-PL\.m2\repository\com\jcraft\jsch\0.1.38\jsch-0.1.38.jar;C:\Users\dP-PL\.m2\repository\classworlds\classworlds\1.1\classworlds-1.1.jar;C:\Users\dP-PL\.m2\repository\org\sonatype\plexus\plexus-sec-dispatcher\1.3\plexus-sec-dispatcher-1.3.jar;C:\Users\dP-PL\.m2\repository\org\sonatype\plexus\plexus-cipher\1.4\plexus-cipher-1.4.jar;"/>
    <property name="sun.cpu.endian" value="little"/>
    <property name="user.home" value="C:\Users\dP-PL"/>
    <property name="user.language" value="en"/>
    <property name="java.specification.vendor" value="Oracle Corporation"/>
    <property name="java.version.date" value="2022-10-18"/>
    <property name="java.home" value="C:\Program Files\Java\jdk-19"/>
    <property name="file.separator" value="\"/>
    <property name="basedir" value="D:\XGL Final\XGLFinal"/>
    <property name="java.vm.compressedOopsMode" value="Zero based"/>
    <property name="line.separator" value="&#10;"/>
    <property name="java.vm.specification.vendor" value="Oracle Corporation"/>
    <property name="java.specification.name" value="Java Platform API Specification"/>
    <property name="surefire.real.class.path" value="C:\Users\dP-PL\AppData\Local\Temp\surefire10429915646447336961\surefirebooter-20231218224324708_3.jar"/>
    <property name="user.script" value=""/>
    <property name="sun.management.compiler" value="HotSpot 64-Bit Tiered Compilers"/>
    <property name="java.runtime.version" value="19.0.1+10-21"/>
    <property name="user.name" value="dP-PL"/>
    <property name="stdout.encoding" value="Cp1252"/>
    <property name="path.separator" value=";"/>
    <property name="os.version" value="10.0"/>
    <property name="java.runtime.name" value="Java(TM) SE Runtime Environment"/>
    <property name="file.encoding" value="UTF-8"/>
    <property name="java.vm.name" value="Java HotSpot(TM) 64-Bit Server VM"/>
    <property name="localRepository" value="C:\Users\dP-PL\.m2\repository"/>
    <property name="java.vendor.url.bug" value="https://bugreport.java.com/bugreport/"/>
    <property name="java.io.tmpdir" value="C:\Users\dP-PL\AppData\Local\Temp\"/>
    <property name="idea.version" value="2022.2.4"/>
    <property name="java.version" value="19.0.1"/>
    <property name="user.dir" value="D:\XGL Final\XGLFinal"/>
    <property name="os.arch" value="amd64"/>
    <property name="java.vm.specification.name" value="Java Virtual Machine Specification"/>
    <property name="sun.os.patch.level" value=""/>
    <property name="native.encoding" value="Cp1252"/>
    <property name="java.library.path" value="C:\Program Files\Java\jdk-19\bin;C:\WINDOWS\Sun\Java\bin;C:\WINDOWS\system32;C:\WINDOWS;C:\Python311\Scripts\;C:\Python311\;C:\Program Files\Common Files\Oracle\Java\javapath;C:\WINDOWS\system32;C:\WINDOWS;C:\WINDOWS\System32\Wbem;C:\WINDOWS\System32\WindowsPowerShell\v1.0\;C:\WINDOWS\System32\OpenSSH\;C:\Program Files (x86)\CrSSL\bin;C:\Program Files\Git\cmd;C:\Users\dP-PL\apache-maven-3.8.6\bin;C:\Program Files\Java\jdk-19\bin;C:\Program Files\nodejs\;C:\ProgramData\chocolatey\bin;C:\Program Files\PuTTY\;C:\Users\dP-PL\AppData\Local\Microsoft\WindowsApps;C:\Program Files\JetBrains\IntelliJ IDEA Community Edition 2022.2.4\bin;;C:\Program Files\Java\jdk-19\bin;C:\Users\dP-PL\AppData\Roaming\npm;C:\Users\dP-PL\AppData\Local\Programs\Microsoft VS Code\bin;C:\Users\dP-PL\apache-jmeter-5.5\bin;;."/>
    <property name="java.vm.info" value="mixed mode, sharing"/>
    <property name="stderr.encoding" value="Cp1252"/>
    <property name="java.vendor" value="Oracle Corporation"/>
    <property name="java.vm.version" value="19.0.1+10-21"/>
    <property name="sun.io.unicode.encoding" value="UnicodeLittle"/>
    <property name="java.class.version" value="63.0"/>
    <property name="webdriver.http.factory" value="jdk-http-client"/>
  </properties>
  <testcase name="MCActivewithRevenue" classname="XGLT_6685_Test" time="456.446">
    <failure message="expected [true] but found [false]" type="java.lang.AssertionError"><![CDATA[java.lang.AssertionError: expected [true] but found [false]
	at org.testng.Assert.fail(Assert.java:110)
	at org.testng.Assert.failNotEquals(Assert.java:1413)
	at org.testng.Assert.assertTrue(Assert.java:56)
	at org.testng.Assert.assertTrue(Assert.java:66)
	at XGLT_6685_Test.MCActivewithRevenue(XGLT_6685_Test.java:17)
	at java.base/jdk.internal.reflect.DirectMethodHandleAccessor.invoke(DirectMethodHandleAccessor.java:104)
	at java.base/java.lang.reflect.Method.invoke(Method.java:578)
	at org.testng.internal.invokers.MethodInvocationHelper.invokeMethod(MethodInvocationHelper.java:139)
	at org.testng.internal.invokers.TestInvoker.invokeMethod(TestInvoker.java:677)
	at org.testng.internal.invokers.TestInvoker.invokeTestMethod(TestInvoker.java:221)
	at org.testng.internal.invokers.MethodRunner.runInSequence(MethodRunner.java:50)
	at org.testng.internal.invokers.TestInvoker$MethodInvocationAgent.invoke(TestInvoker.java:962)
	at org.testng.internal.invokers.TestInvoker.invokeTestMethods(TestInvoker.java:194)
	at org.testng.internal.invokers.TestMethodWorker.invokeTestMethods(TestMethodWorker.java:148)
	at org.testng.internal.invokers.TestMethodWorker.run(TestMethodWorker.java:128)
	at java.base/java.util.ArrayList.forEach(ArrayList.java:1511)
	at org.testng.TestRunner.privateRun(TestRunner.java:806)
	at org.testng.TestRunner.run(TestRunner.java:601)
	at org.testng.SuiteRunner.runTest(SuiteRunner.java:433)
	at org.testng.SuiteRunner.runSequentially(SuiteRunner.java:427)
	at org.testng.SuiteRunner.privateRun(SuiteRunner.java:387)
	at org.testng.SuiteRunner.run(SuiteRunner.java:330)
	at org.testng.SuiteRunnerWorker.runSuite(SuiteRunnerWorker.java:52)
	at org.testng.SuiteRunnerWorker.run(SuiteRunnerWorker.java:95)
	at org.testng.TestNG.runSuitesSequentially(TestNG.java:1256)
	at org.testng.TestNG.runSuitesLocally(TestNG.java:1176)
	at org.testng.TestNG.runSuites(TestNG.java:1099)
	at org.testng.TestNG.run(TestNG.java:1067)
	at org.apache.maven.surefire.testng.TestNGExecutor.run(TestNGExecutor.java:324)
	at org.apache.maven.surefire.testng.TestNGXmlTestSuite.execute(TestNGXmlTestSuite.java:74)
	at org.apache.maven.surefire.testng.TestNGProvider.invoke(TestNGProvider.java:123)
	at org.apache.maven.surefire.booter.ForkedBooter.runSuitesInProcess(ForkedBooter.java:456)
	at org.apache.maven.surefire.booter.ForkedBooter.execute(ForkedBooter.java:169)
	at org.apache.maven.surefire.booter.ForkedBooter.run(ForkedBooter.java:595)
	at org.apache.maven.surefire.booter.ForkedBooter.main(ForkedBooter.java:581)
]]></failure>
    <system-out><![CDATA[Archive created successfully.
FileNotFoundException occurred: screenshots (The system cannot find the file specified)
Archive created successfully.
Test Suite started!
2023-12-18 22:43:26,974 [main] INFO  base.BaseClass - Login to XGL
2023-12-18 22:43:26,977 [main] INFO  XGLT_6685_Test - Setting up browser
2023-12-18 22:43:27,325 [main] INFO  io.github.bonigarcia.wdm.WebDriverManager - Using chromedriver 120.0.6099.71 (resolved driver for Chrome 120)
2023-12-18 22:43:27,365 [main] INFO  io.github.bonigarcia.wdm.WebDriverManager - Exporting webdriver.chrome.driver as C:\Users\dP-PL\.cache\selenium\chromedriver\win64\120.0.6099.71\chromedriver.exe
2023-12-18 22:43:29,075 [main] INFO  base.BaseClass - Before navigating to {url}
2023-12-18 22:43:34,235 [main] INFO  base.BaseClass - Navigated to {url}
2023-12-18 22:43:34,821 [main] INFO  base.BaseClass - Trying to find Element By {by.toString()})
2023-12-18 22:43:34,840 [main] INFO  base.BaseClass - Found Element By {by.toString()}
2023-12-18 22:43:34,897 [main] INFO  base.BaseClass - Trying to find Element By {by.toString()})
2023-12-18 22:43:34,912 [main] INFO  base.BaseClass - Found Element By {by.toString()}
2023-12-18 22:43:34,972 [main] INFO  base.BaseClass - Trying to find Element By {by.toString()})
2023-12-18 22:43:34,986 [main] INFO  base.BaseClass - Found Element By {by.toString()}
2023-12-18 22:43:34,987 [main] INFO  base.BaseClass - Trying to click on: {element.toString()}
2023-12-18 22:43:35,028 [main] INFO  base.BaseClass - Clicked on: {element.toString()}
2023-12-18 22:43:35,031 [main] INFO  base.BaseClass - Trying to find Element By {by.toString()})
2023-12-18 22:43:47,519 [main] INFO  base.BaseClass - Found Element By {by.toString()}
2023-12-18 22:43:47,569 [main] INFO  base.BaseClass - Trying to find Element By {by.toString()})
NoSuchElementException occurred: no such element: Unable to locate element: {"method":"xpath","selector":"//div[@class='modal-content']/div/i[contains(@class,'close')]"}
  (Session info: chrome=120.0.6099.72)
For documentation on this error, please visit: https://www.seleniumhq.org/exceptions/no_such_element.html
Build info: version: '3.141.59', revision: 'e82be7d358', time: '2018-11-14T08:17:03'
System info: host: 'DPLAP166', ip: '137.237.2.47', os.name: 'Windows 10', os.arch: 'amd64', os.version: '10.0', java.version: '19.0.1'
Driver info: org.openqa.selenium.chrome.ChromeDriver
Capabilities {acceptInsecureCerts: true, browserName: chrome, browserVersion: 120.0.6099.72, chrome: {chromedriverVersion: 120.0.6099.71 (9729082fe617..., userDataDir: C:\Users\dP-PL\AppData\Loca...}, fedcm:accounts: true, goog:chromeOptions: {debuggerAddress: localhost:49425}, javascriptEnabled: true, networkConnectionEnabled: false, pageLoadStrategy: normal, platform: WINDOWS, platformName: WINDOWS, proxy: Proxy(), setWindowRect: true, strictFileInteractability: false, timeouts: {implicit: 0, pageLoad: 300000, script: 30000}, unhandledPromptBehavior: dismiss and notify, webauthn:extension:credBlob: true, webauthn:extension:largeBlob: true, webauthn:extension:minPinLength: true, webauthn:extension:prf: true, webauthn:virtualAuthenticators: true}
Session ID: 1abd34155b564c235f7b904909631c81
*** Element info: {Using=xpath, value=//div[@class='modal-content']/div/i[contains(@class,'close')]}
Before method Test name: Maintainance Tests
MCActivewithRevenue started!
2023-12-18 22:44:37,742 [main] INFO  base.BaseClass - Trying to find Element By {by.toString()})
2023-12-18 22:44:37,778 [main] INFO  base.BaseClass - Found Element By {by.toString()}
2023-12-18 22:44:38,306 [main] INFO  base.BaseClass - Trying to find Element By {by.toString()})
2023-12-18 22:44:38,337 [main] INFO  base.BaseClass - Found Element By {by.toString()}
2023-12-18 22:44:38,948 [main] INFO  base.BaseClass - Trying to find Element By {by.toString()})
2023-12-18 22:44:38,979 [main] INFO  base.BaseClass - Found Element By {by.toString()}
2023-12-18 22:44:39,542 [main] INFO  base.BaseClass - Trying to find Element By {by.toString()})
2023-12-18 22:44:39,564 [main] INFO  base.BaseClass - Found Element By {by.toString()}
2023-12-18 22:44:40,092 [main] INFO  base.BaseClass - Trying to find Element By {by.toString()})
2023-12-18 22:44:40,110 [main] INFO  base.BaseClass - Found Element By {by.toString()}
2023-12-18 22:44:40,642 [main] INFO  base.BaseClass - Trying to find Element By {by.toString()})
2023-12-18 22:44:40,651 [main] INFO  base.BaseClass - Found Element By {by.toString()}
2023-12-18 22:44:41,172 [main] INFO  base.BaseClass - Trying to find Element By {by.toString()})
2023-12-18 22:44:41,184 [main] INFO  base.BaseClass - Found Element By {by.toString()}
2023-12-18 22:44:41,709 [main] INFO  base.BaseClass - Trying to find Element By {by.toString()})
2023-12-18 22:44:41,722 [main] INFO  base.BaseClass - Found Element By {by.toString()}
2023-12-18 22:44:42,259 [main] INFO  base.BaseClass - Trying to find Element By {by.toString()})
2023-12-18 22:44:42,285 [main] INFO  base.BaseClass - Found Element By {by.toString()}
2023-12-18 22:44:42,814 [main] INFO  base.BaseClass - Trying to find Element By {by.toString()})
2023-12-18 22:44:42,833 [main] INFO  base.BaseClass - Found Element By {by.toString()}
2023-12-18 22:44:43,352 [main] INFO  base.BaseClass - Trying to find Element By {by.toString()})
2023-12-18 22:44:43,383 [main] INFO  base.BaseClass - Found Element By {by.toString()}
2023-12-18 22:44:43,944 [main] INFO  base.BaseClass - Trying to find Element By {by.toString()})
2023-12-18 22:44:43,977 [main] INFO  base.BaseClass - Found Element By {by.toString()}
2023-12-18 22:44:44,526 [main] INFO  base.BaseClass - Trying to find Element By {by.toString()})
2023-12-18 22:44:44,558 [main] INFO  base.BaseClass - Found Element By {by.toString()}
2023-12-18 22:44:45,117 [main] INFO  base.BaseClass - Trying to find Element By {by.toString()})
2023-12-18 22:44:45,149 [main] INFO  base.BaseClass - Found Element By {by.toString()}
2023-12-18 22:44:45,698 [main] INFO  base.BaseClass - Trying to find Element By {by.toString()})
2023-12-18 22:44:45,727 [main] INFO  base.BaseClass - Found Element By {by.toString()}
2023-12-18 22:44:46,264 [main] INFO  base.BaseClass - Trying to find Element By {by.toString()})
2023-12-18 22:44:46,275 [main] INFO  base.BaseClass - Found Element By {by.toString()}
2023-12-18 22:44:46,795 [main] INFO  base.BaseClass - Trying to find Element By {by.toString()})
2023-12-18 22:44:46,824 [main] INFO  base.BaseClass - Found Element By {by.toString()}
2023-12-18 22:44:47,369 [main] INFO  base.BaseClass - Trying to find Element By {by.toString()})
2023-12-18 22:44:47,403 [main] INFO  base.BaseClass - Found Element By {by.toString()}
2023-12-18 22:44:47,946 [main] INFO  base.BaseClass - Trying to find Element By {by.toString()})
2023-12-18 22:44:47,978 [main] INFO  base.BaseClass - Found Element By {by.toString()}
2023-12-18 22:44:48,525 [main] INFO  base.BaseClass - Trying to find Element By {by.toString()})
2023-12-18 22:44:48,556 [main] INFO  base.BaseClass - Found Element By {by.toString()}
2023-12-18 22:44:49,099 [main] INFO  base.BaseClass - Trying to find Element By {by.toString()})
2023-12-18 22:44:49,130 [main] INFO  base.BaseClass - Found Element By {by.toString()}
2023-12-18 22:44:49,662 [main] INFO  base.BaseClass - Trying to find Element By {by.toString()})
2023-12-18 22:44:49,686 [main] INFO  base.BaseClass - Found Element By {by.toString()}
2023-12-18 22:44:50,240 [main] INFO  base.BaseClass - Trying to find Element By {by.toString()})
2023-12-18 22:44:50,270 [main] INFO  base.BaseClass - Found Element By {by.toString()}
2023-12-18 22:44:50,801 [main] INFO  base.BaseClass - Trying to find Element By {by.toString()})
2023-12-18 22:44:50,833 [main] INFO  base.BaseClass - Found Element By {by.toString()}
2023-12-18 22:44:51,380 [main] INFO  base.BaseClass - Trying to find Element By {by.toString()})
2023-12-18 22:44:51,414 [main] INFO  base.BaseClass - Found Element By {by.toString()}
2023-12-18 22:44:51,957 [main] INFO  base.BaseClass - Trying to find Element By {by.toString()})
2023-12-18 22:44:51,986 [main] INFO  base.BaseClass - Found Element By {by.toString()}
2023-12-18 22:44:52,535 [main] INFO  base.BaseClass - Trying to find Element By {by.toString()})
2023-12-18 22:44:52,544 [main] INFO  base.BaseClass - Found Element By {by.toString()}
2023-12-18 22:44:53,072 [main] INFO  base.BaseClass - Trying to find Element By {by.toString()})
2023-12-18 22:44:53,101 [main] INFO  base.BaseClass - Found Element By {by.toString()}
2023-12-18 22:44:53,638 [main] INFO  base.BaseClass - Trying to find Element By {by.toString()})
2023-12-18 22:44:53,668 [main] INFO  base.BaseClass - Found Element By {by.toString()}
2023-12-18 22:44:54,739 [main] INFO  base.BaseClass - Trying to find Element By {by.toString()})
2023-12-18 22:44:54,767 [main] INFO  base.BaseClass - Found Element By {by.toString()}
2023-12-18 22:44:55,314 [main] INFO  base.BaseClass - Trying to find Element By {by.toString()})
2023-12-18 22:44:55,344 [main] INFO  base.BaseClass - Found Element By {by.toString()}
2023-12-18 22:44:55,881 [main] INFO  base.BaseClass - Trying to find Element By {by.toString()})
2023-12-18 22:44:55,908 [main] INFO  base.BaseClass - Found Element By {by.toString()}
2023-12-18 22:44:56,445 [main] INFO  base.BaseClass - Trying to find Element By {by.toString()})
2023-12-18 22:44:56,474 [main] INFO  base.BaseClass - Found Element By {by.toString()}
2023-12-18 22:44:57,012 [main] INFO  base.BaseClass - Trying to find Element By {by.toString()})
2023-12-18 22:44:57,043 [main] INFO  base.BaseClass - Found Element By {by.toString()}
2023-12-18 22:44:57,589 [main] INFO  base.BaseClass - Trying to find Element By {by.toString()})
2023-12-18 22:44:57,620 [main] INFO  base.BaseClass - Found Element By {by.toString()}
2023-12-18 22:44:58,171 [main] INFO  base.BaseClass - Trying to find Element By {by.toString()})
2023-12-18 22:44:58,202 [main] INFO  base.BaseClass - Found Element By {by.toString()}
2023-12-18 22:44:58,754 [main] INFO  base.BaseClass - Trying to find Element By {by.toString()})
2023-12-18 22:44:58,782 [main] INFO  base.BaseClass - Found Element By {by.toString()}
2023-12-18 22:44:59,335 [main] INFO  base.BaseClass - Trying to find Element By {by.toString()})
2023-12-18 22:44:59,363 [main] INFO  base.BaseClass - Found Element By {by.toString()}
2023-12-18 22:44:59,885 [main] INFO  base.BaseClass - Trying to find Element By {by.toString()})
2023-12-18 22:44:59,914 [main] INFO  base.BaseClass - Found Element By {by.toString()}
2023-12-18 22:45:00,452 [main] INFO  base.BaseClass - Trying to find Element By {by.toString()})
2023-12-18 22:45:00,481 [main] INFO  base.BaseClass - Found Element By {by.toString()}
2023-12-18 22:45:01,020 [main] INFO  base.BaseClass - Trying to find Element By {by.toString()})
2023-12-18 22:45:01,050 [main] INFO  base.BaseClass - Found Element By {by.toString()}
2023-12-18 22:45:01,600 [main] INFO  base.BaseClass - Trying to find Element By {by.toString()})
2023-12-18 22:45:01,628 [main] INFO  base.BaseClass - Found Element By {by.toString()}
2023-12-18 22:45:02,171 [main] INFO  base.BaseClass - Trying to find Element By {by.toString()})
2023-12-18 22:45:02,199 [main] INFO  base.BaseClass - Found Element By {by.toString()}
2023-12-18 22:45:02,751 [main] INFO  base.BaseClass - Trying to find Element By {by.toString()})
2023-12-18 22:45:02,782 [main] INFO  base.BaseClass - Found Element By {by.toString()}
2023-12-18 22:45:03,329 [main] INFO  base.BaseClass - Trying to find Element By {by.toString()})
2023-12-18 22:45:03,358 [main] INFO  base.BaseClass - Found Element By {by.toString()}
2023-12-18 22:45:03,893 [main] INFO  base.BaseClass - Trying to find Element By {by.toString()})
2023-12-18 22:45:03,924 [main] INFO  base.BaseClass - Found Element By {by.toString()}
2023-12-18 22:45:04,474 [main] INFO  base.BaseClass - Trying to find Element By {by.toString()})
2023-12-18 22:45:04,502 [main] INFO  base.BaseClass - Found Element By {by.toString()}
2023-12-18 22:45:05,056 [main] INFO  base.BaseClass - Trying to find Element By {by.toString()})
2023-12-18 22:45:05,084 [main] INFO  base.BaseClass - Found Element By {by.toString()}
2023-12-18 22:45:05,637 [main] INFO  base.BaseClass - Trying to find Element By {by.toString()})
2023-12-18 22:45:05,664 [main] INFO  base.BaseClass - Found Element By {by.toString()}
2023-12-18 22:45:06,203 [main] INFO  base.BaseClass - Trying to find Element By {by.toString()})
2023-12-18 22:45:06,231 [main] INFO  base.BaseClass - Found Element By {by.toString()}
2023-12-18 22:45:06,780 [main] INFO  base.BaseClass - Trying to find Element By {by.toString()})
2023-12-18 22:45:06,806 [main] INFO  base.BaseClass - Found Element By {by.toString()}
2023-12-18 22:45:07,342 [main] INFO  base.BaseClass - Trying to find Element By {by.toString()})
2023-12-18 22:45:07,372 [main] INFO  base.BaseClass - Found Element By {by.toString()}
2023-12-18 22:45:07,921 [main] INFO  base.BaseClass - Trying to find Element By {by.toString()})
2023-12-18 22:45:07,940 [main] INFO  base.BaseClass - Found Element By {by.toString()}
TimeoutException occurred: Expected condition failed: waiting for helper.WaitUtility$5@6436e181 (tried for 30 second(s) with 500 milliseconds interval)
Build info: version: '3.141.59', revision: 'e82be7d358', time: '2018-11-14T08:17:03'
System info: host: 'DPLAP166', ip: '137.237.2.47', os.name: 'Windows 10', os.arch: 'amd64', os.version: '10.0', java.version: '19.0.1'
Driver info: org.openqa.selenium.support.events.EventFiringWebDriver
Capabilities {acceptInsecureCerts: true, browserName: chrome, browserVersion: 120.0.6099.72, chrome: {chromedriverVersion: 120.0.6099.71 (9729082fe617..., userDataDir: C:\Users\dP-PL\AppData\Loca...}, fedcm:accounts: true, goog:chromeOptions: {debuggerAddress: localhost:49425}, javascriptEnabled: true, networkConnectionEnabled: false, pageLoadStrategy: normal, platform: WINDOWS, platformName: WINDOWS, proxy: Proxy(), setWindowRect: true, strictFileInteractability: false, timeouts: {implicit: 0, pageLoad: 300000, script: 30000}, unhandledPromptBehavior: dismiss and notify, webauthn:extension:credBlob: true, webauthn:extension:largeBlob: true, webauthn:extension:minPinLength: true, webauthn:extension:prf: true, webauthn:virtualAuthenticators: true}
Session ID: 1abd34155b564c235f7b904909631c81
2023-12-18 22:45:07,964 [main] ERROR XGLT_6685_Test - Element did not become visible within the specified time: Expected condition failed: waiting for helper.WaitUtility$5@6436e181 (tried for 30 second(s) with 500 milliseconds interval)
Build info: version: '3.141.59', revision: 'e82be7d358', time: '2018-11-14T08:17:03'
System info: host: 'DPLAP166', ip: '137.237.2.47', os.name: 'Windows 10', os.arch: 'amd64', os.version: '10.0', java.version: '19.0.1'
Driver info: org.openqa.selenium.support.events.EventFiringWebDriver
Capabilities {acceptInsecureCerts: true, browserName: chrome, browserVersion: 120.0.6099.72, chrome: {chromedriverVersion: 120.0.6099.71 (9729082fe617..., userDataDir: C:\Users\dP-PL\AppData\Loca...}, fedcm:accounts: true, goog:chromeOptions: {debuggerAddress: localhost:49425}, javascriptEnabled: true, networkConnectionEnabled: false, pageLoadStrategy: normal, platform: WINDOWS, platformName: WINDOWS, proxy: Proxy(), setWindowRect: true, strictFileInteractability: false, timeouts: {implicit: 0, pageLoad: 300000, script: 30000}, unhandledPromptBehavior: dismiss and notify, webauthn:extension:credBlob: true, webauthn:extension:largeBlob: true, webauthn:extension:minPinLength: true, webauthn:extension:prf: true, webauthn:virtualAuthenticators: true}
Session ID: 1abd34155b564c235f7b904909631c81
2023-12-18 22:45:07,965 [main] INFO  base.BaseClass - Trying to find Element By {by.toString()})
2023-12-18 22:45:07,977 [main] INFO  base.BaseClass - Found Element By {by.toString()}
MC value is 35
2023-12-18 22:45:07,994 [main] INFO  base.BaseClass - Trying to find Element By {by.toString()})
2023-12-18 22:45:08,007 [main] INFO  base.BaseClass - Found Element By {by.toString()}
2023-12-18 22:45:08,533 [main] INFO  base.BaseClass - Trying to find Element By {by.toString()})
2023-12-18 22:45:08,557 [main] INFO  base.BaseClass - Found Element By {by.toString()}
2023-12-18 22:45:09,112 [main] INFO  base.BaseClass - Trying to find Element By {by.toString()})
2023-12-18 22:45:09,146 [main] INFO  base.BaseClass - Found Element By {by.toString()}
2023-12-18 22:45:09,688 [main] INFO  base.BaseClass - Trying to find Element By {by.toString()})
2023-12-18 22:45:09,715 [main] INFO  base.BaseClass - Found Element By {by.toString()}
2023-12-18 22:45:10,253 [main] INFO  base.BaseClass - Trying to find Element By {by.toString()})
2023-12-18 22:45:10,270 [main] INFO  base.BaseClass - Found Element By {by.toString()}
2023-12-18 22:45:10,801 [main] INFO  base.BaseClass - Trying to find Element By {by.toString()})
2023-12-18 22:45:10,829 [main] INFO  base.BaseClass - Found Element By {by.toString()}
2023-12-18 22:45:11,381 [main] INFO  base.BaseClass - Trying to find Element By {by.toString()})
2023-12-18 22:45:11,410 [main] INFO  base.BaseClass - Found Element By {by.toString()}
2023-12-18 22:45:11,961 [main] INFO  base.BaseClass - Trying to find Element By {by.toString()})
2023-12-18 22:45:11,990 [main] INFO  base.BaseClass - Found Element By {by.toString()}
2023-12-18 22:45:12,555 [main] INFO  base.BaseClass - Trying to find Element By {by.toString()})
2023-12-18 22:45:12,584 [main] INFO  base.BaseClass - Found Element By {by.toString()}
2023-12-18 22:45:13,132 [main] INFO  base.BaseClass - Trying to find Element By {by.toString()})
2023-12-18 22:45:13,160 [main] INFO  base.BaseClass - Found Element By {by.toString()}
2023-12-18 22:45:13,713 [main] INFO  base.BaseClass - Trying to find Element By {by.toString()})
2023-12-18 22:45:13,722 [main] INFO  base.BaseClass - Found Element By {by.toString()}
2023-12-18 22:45:14,247 [main] INFO  base.BaseClass - Trying to find Element By {by.toString()})
2023-12-18 22:45:14,275 [main] INFO  base.BaseClass - Found Element By {by.toString()}
2023-12-18 22:45:14,825 [main] INFO  base.BaseClass - Trying to find Element By {by.toString()})
2023-12-18 22:45:14,852 [main] INFO  base.BaseClass - Found Element By {by.toString()}
2023-12-18 22:45:15,389 [main] INFO  base.BaseClass - Trying to find Element By {by.toString()})
2023-12-18 22:45:15,417 [main] INFO  base.BaseClass - Found Element By {by.toString()}
2023-12-18 22:45:15,958 [main] INFO  base.BaseClass - Trying to find Element By {by.toString()})
2023-12-18 22:45:15,985 [main] INFO  base.BaseClass - Found Element By {by.toString()}
2023-12-18 22:45:16,538 [main] INFO  base.BaseClass - Trying to find Element By {by.toString()})
2023-12-18 22:45:16,567 [main] INFO  base.BaseClass - Found Element By {by.toString()}
2023-12-18 22:45:17,103 [main] INFO  base.BaseClass - Trying to find Element By {by.toString()})
2023-12-18 22:45:17,150 [main] INFO  base.BaseClass - Found Element By {by.toString()}
2023-12-18 22:45:17,683 [main] INFO  base.BaseClass - Trying to find Element By {by.toString()})
2023-12-18 22:45:17,711 [main] INFO  base.BaseClass - Found Element By {by.toString()}
2023-12-18 22:45:18,261 [main] INFO  base.BaseClass - Trying to find Element By {by.toString()})
2023-12-18 22:45:18,290 [main] INFO  base.BaseClass - Found Element By {by.toString()}
2023-12-18 22:45:18,843 [main] INFO  base.BaseClass - Trying to find Element By {by.toString()})
2023-12-18 22:45:18,871 [main] INFO  base.BaseClass - Found Element By {by.toString()}
2023-12-18 22:45:19,422 [main] INFO  base.BaseClass - Trying to find Element By {by.toString()})
2023-12-18 22:45:19,451 [main] INFO  base.BaseClass - Found Element By {by.toString()}
2023-12-18 22:45:20,000 [main] INFO  base.BaseClass - Trying to find Element By {by.toString()})
2023-12-18 22:45:20,029 [main] INFO  base.BaseClass - Found Element By {by.toString()}
2023-12-18 22:45:20,569 [main] INFO  base.BaseClass - Trying to find Element By {by.toString()})
2023-12-18 22:45:20,596 [main] INFO  base.BaseClass - Found Element By {by.toString()}
2023-12-18 22:45:21,133 [main] INFO  base.BaseClass - Trying to find Element By {by.toString()})
2023-12-18 22:45:21,152 [main] INFO  base.BaseClass - Found Element By {by.toString()}
2023-12-18 22:45:21,698 [main] INFO  base.BaseClass - Trying to find Element By {by.toString()})
2023-12-18 22:45:21,728 [main] INFO  base.BaseClass - Found Element By {by.toString()}
2023-12-18 22:45:22,269 [main] INFO  base.BaseClass - Trying to find Element By {by.toString()})
2023-12-18 22:45:22,296 [main] INFO  base.BaseClass - Found Element By {by.toString()}
2023-12-18 22:45:22,818 [main] INFO  base.BaseClass - Trying to find Element By {by.toString()})
2023-12-18 22:45:22,847 [main] INFO  base.BaseClass - Found Element By {by.toString()}
2023-12-18 22:45:23,403 [main] INFO  base.BaseClass - Trying to find Element By {by.toString()})
2023-12-18 22:45:23,417 [main] INFO  base.BaseClass - Found Element By {by.toString()}
2023-12-18 22:45:23,948 [main] INFO  base.BaseClass - Trying to find Element By {by.toString()})
2023-12-18 22:45:23,977 [main] INFO  base.BaseClass - Found Element By {by.toString()}
2023-12-18 22:45:24,530 [main] INFO  base.BaseClass - Trying to find Element By {by.toString()})
2023-12-18 22:45:24,559 [main] INFO  base.BaseClass - Found Element By {by.toString()}
2023-12-18 22:45:25,103 [main] INFO  base.BaseClass - Trying to find Element By {by.toString()})
2023-12-18 22:45:25,132 [main] INFO  base.BaseClass - Found Element By {by.toString()}
2023-12-18 22:45:25,678 [main] INFO  base.BaseClass - Trying to find Element By {by.toString()})
2023-12-18 22:45:25,706 [main] INFO  base.BaseClass - Found Element By {by.toString()}
2023-12-18 22:45:26,260 [main] INFO  base.BaseClass - Trying to find Element By {by.toString()})
2023-12-18 22:45:26,289 [main] INFO  base.BaseClass - Found Element By {by.toString()}
2023-12-18 22:45:26,841 [main] INFO  base.BaseClass - Trying to find Element By {by.toString()})
2023-12-18 22:45:26,871 [main] INFO  base.BaseClass - Found Element By {by.toString()}
2023-12-18 22:45:27,408 [main] INFO  base.BaseClass - Trying to find Element By {by.toString()})
2023-12-18 22:45:27,438 [main] INFO  base.BaseClass - Found Element By {by.toString()}
2023-12-18 22:45:27,987 [main] INFO  base.BaseClass - Trying to find Element By {by.toString()})
2023-12-18 22:45:28,016 [main] INFO  base.BaseClass - Found Element By {by.toString()}
2023-12-18 22:45:28,552 [main] INFO  base.BaseClass - Trying to find Element By {by.toString()})
2023-12-18 22:45:28,579 [main] INFO  base.BaseClass - Found Element By {by.toString()}
2023-12-18 22:45:29,115 [main] INFO  base.BaseClass - Trying to find Element By {by.toString()})
2023-12-18 22:45:29,144 [main] INFO  base.BaseClass - Found Element By {by.toString()}
2023-12-18 22:45:29,696 [main] INFO  base.BaseClass - Trying to find Element By {by.toString()})
2023-12-18 22:45:29,721 [main] INFO  base.BaseClass - Found Element By {by.toString()}
2023-12-18 22:45:30,261 [main] INFO  base.BaseClass - Trying to find Element By {by.toString()})
2023-12-18 22:45:30,289 [main] INFO  base.BaseClass - Found Element By {by.toString()}
2023-12-18 22:45:30,840 [main] INFO  base.BaseClass - Trying to find Element By {by.toString()})
2023-12-18 22:45:31,882 [main] INFO  base.BaseClass - Found Element By {by.toString()}
2023-12-18 22:45:32,405 [main] INFO  base.BaseClass - Trying to find Element By {by.toString()})
2023-12-18 22:45:32,416 [main] INFO  base.BaseClass - Found Element By {by.toString()}
2023-12-18 22:45:32,941 [main] INFO  base.BaseClass - Trying to find Element By {by.toString()})
2023-12-18 22:45:32,950 [main] INFO  base.BaseClass - Found Element By {by.toString()}
2023-12-18 22:45:33,476 [main] INFO  base.BaseClass - Trying to find Element By {by.toString()})
2023-12-18 22:45:33,486 [main] INFO  base.BaseClass - Found Element By {by.toString()}
2023-12-18 22:45:34,006 [main] INFO  base.BaseClass - Trying to find Element By {by.toString()})
2023-12-18 22:45:34,034 [main] INFO  base.BaseClass - Found Element By {by.toString()}
2023-12-18 22:45:34,558 [main] INFO  base.BaseClass - Trying to find Element By {by.toString()})
2023-12-18 22:45:34,589 [main] INFO  base.BaseClass - Found Element By {by.toString()}
2023-12-18 22:45:35,137 [main] INFO  base.BaseClass - Trying to find Element By {by.toString()})
2023-12-18 22:45:35,167 [main] INFO  base.BaseClass - Found Element By {by.toString()}
2023-12-18 22:45:35,718 [main] INFO  base.BaseClass - Trying to find Element By {by.toString()})
2023-12-18 22:45:35,747 [main] INFO  base.BaseClass - Found Element By {by.toString()}
2023-12-18 22:45:36,301 [main] INFO  base.BaseClass - Trying to find Element By {by.toString()})
2023-12-18 22:45:36,329 [main] INFO  base.BaseClass - Found Element By {by.toString()}
2023-12-18 22:45:36,880 [main] INFO  base.BaseClass - Trying to find Element By {by.toString()})
2023-12-18 22:45:36,906 [main] INFO  base.BaseClass - Found Element By {by.toString()}
2023-12-18 22:45:37,435 [main] INFO  base.BaseClass - Trying to find Element By {by.toString()})
2023-12-18 22:45:37,463 [main] INFO  base.BaseClass - Found Element By {by.toString()}
2023-12-18 22:45:38,000 [main] INFO  base.BaseClass - Trying to find Element By {by.toString()})
2023-12-18 22:45:38,028 [main] INFO  base.BaseClass - Found Element By {by.toString()}
TimeoutException occurred: Expected condition failed: waiting for helper.WaitUtility$5@7e49ded (tried for 30 second(s) with 500 milliseconds interval)
Build info: version: '3.141.59', revision: 'e82be7d358', time: '2018-11-14T08:17:03'
System info: host: 'DPLAP166', ip: '137.237.2.47', os.name: 'Windows 10', os.arch: 'amd64', os.version: '10.0', java.version: '19.0.1'
Driver info: org.openqa.selenium.support.events.EventFiringWebDriver
Capabilities {acceptInsecureCerts: true, browserName: chrome, browserVersion: 120.0.6099.72, chrome: {chromedriverVersion: 120.0.6099.71 (9729082fe617..., userDataDir: C:\Users\dP-PL\AppData\Loca...}, fedcm:accounts: true, goog:chromeOptions: {debuggerAddress: localhost:49425}, javascriptEnabled: true, networkConnectionEnabled: false, pageLoadStrategy: normal, platform: WINDOWS, platformName: WINDOWS, proxy: Proxy(), setWindowRect: true, strictFileInteractability: false, timeouts: {implicit: 0, pageLoad: 300000, script: 30000}, unhandledPromptBehavior: dismiss and notify, webauthn:extension:credBlob: true, webauthn:extension:largeBlob: true, webauthn:extension:minPinLength: true, webauthn:extension:prf: true, webauthn:virtualAuthenticators: true}
Session ID: 1abd34155b564c235f7b904909631c81
2023-12-18 22:45:38,067 [main] ERROR XGLT_6685_Test - Element did not become visible within the specified time: Expected condition failed: waiting for helper.WaitUtility$5@7e49ded (tried for 30 second(s) with 500 milliseconds interval)
Build info: version: '3.141.59', revision: 'e82be7d358', time: '2018-11-14T08:17:03'
System info: host: 'DPLAP166', ip: '137.237.2.47', os.name: 'Windows 10', os.arch: 'amd64', os.version: '10.0', java.version: '19.0.1'
Driver info: org.openqa.selenium.support.events.EventFiringWebDriver
Capabilities {acceptInsecureCerts: true, browserName: chrome, browserVersion: 120.0.6099.72, chrome: {chromedriverVersion: 120.0.6099.71 (9729082fe617..., userDataDir: C:\Users\dP-PL\AppData\Loca...}, fedcm:accounts: true, goog:chromeOptions: {debuggerAddress: localhost:49425}, javascriptEnabled: true, networkConnectionEnabled: false, pageLoadStrategy: normal, platform: WINDOWS, platformName: WINDOWS, proxy: Proxy(), setWindowRect: true, strictFileInteractability: false, timeouts: {implicit: 0, pageLoad: 300000, script: 30000}, unhandledPromptBehavior: dismiss and notify, webauthn:extension:credBlob: true, webauthn:extension:largeBlob: true, webauthn:extension:minPinLength: true, webauthn:extension:prf: true, webauthn:virtualAuthenticators: true}
Session ID: 1abd34155b564c235f7b904909631c81
2023-12-18 22:45:38,067 [main] INFO  base.BaseClass - Trying to find Element By {by.toString()})
2023-12-18 22:45:38,094 [main] INFO  base.BaseClass - Found Element By {by.toString()}
2023-12-18 22:45:38,095 [main] INFO  base.BaseClass - Trying to click on: {element.toString()}
2023-12-18 22:45:38,314 [main] INFO  base.BaseClass - Clicked on: {element.toString()}
2023-12-18 22:45:38,314 [main] INFO  base.BaseClass - Trying to find Element By {by.toString()})
2023-12-18 22:45:40,349 [main] INFO  base.BaseClass - Found Element By {by.toString()}
2023-12-18 22:45:40,876 [main] INFO  base.BaseClass - Trying to find Element By {by.toString()})
2023-12-18 22:45:40,911 [main] INFO  base.BaseClass - Found Element By {by.toString()}
2023-12-18 22:45:41,471 [main] INFO  base.BaseClass - Trying to find Element By {by.toString()})
2023-12-18 22:45:41,522 [main] INFO  base.BaseClass - Found Element By {by.toString()}
2023-12-18 22:45:42,048 [main] INFO  base.BaseClass - Trying to find Element By {by.toString()})
2023-12-18 22:45:42,076 [main] INFO  base.BaseClass - Found Element By {by.toString()}
2023-12-18 22:45:42,597 [main] INFO  base.BaseClass - Trying to find Element By {by.toString()})
2023-12-18 22:45:42,628 [main] INFO  base.BaseClass - Found Element By {by.toString()}
2023-12-18 22:45:43,180 [main] INFO  base.BaseClass - Trying to find Element By {by.toString()})
2023-12-18 22:45:43,212 [main] INFO  base.BaseClass - Found Element By {by.toString()}
2023-12-18 22:45:43,761 [main] INFO  base.BaseClass - Trying to find Element By {by.toString()})
2023-12-18 22:45:43,793 [main] INFO  base.BaseClass - Found Element By {by.toString()}
2023-12-18 22:45:44,327 [main] INFO  base.BaseClass - Trying to find Element By {by.toString()})
2023-12-18 22:45:44,358 [main] INFO  base.BaseClass - Found Element By {by.toString()}
2023-12-18 22:45:44,907 [main] INFO  base.BaseClass - Trying to find Element By {by.toString()})
2023-12-18 22:45:44,938 [main] INFO  base.BaseClass - Found Element By {by.toString()}
2023-12-18 22:45:45,487 [main] INFO  base.BaseClass - Trying to find Element By {by.toString()})
2023-12-18 22:45:45,514 [main] INFO  base.BaseClass - Found Element By {by.toString()}
2023-12-18 22:45:46,041 [main] INFO  base.BaseClass - Trying to find Element By {by.toString()})
2023-12-18 22:45:46,073 [main] INFO  base.BaseClass - Found Element By {by.toString()}
2023-12-18 22:45:46,620 [main] INFO  base.BaseClass - Trying to find Element By {by.toString()})
2023-12-18 22:45:46,650 [main] INFO  base.BaseClass - Found Element By {by.toString()}
2023-12-18 22:45:47,202 [main] INFO  base.BaseClass - Trying to find Element By {by.toString()})
2023-12-18 22:45:47,234 [main] INFO  base.BaseClass - Found Element By {by.toString()}
2023-12-18 22:45:47,785 [main] INFO  base.BaseClass - Trying to find Element By {by.toString()})
2023-12-18 22:45:47,820 [main] INFO  base.BaseClass - Found Element By {by.toString()}
2023-12-18 22:45:48,365 [main] INFO  base.BaseClass - Trying to find Element By {by.toString()})
2023-12-18 22:45:48,950 [main] INFO  base.BaseClass - Found Element By {by.toString()}
2023-12-18 22:45:49,497 [main] INFO  base.BaseClass - Trying to find Element By {by.toString()})
2023-12-18 22:45:49,527 [main] INFO  base.BaseClass - Found Element By {by.toString()}
2023-12-18 22:45:50,077 [main] INFO  base.BaseClass - Trying to find Element By {by.toString()})
2023-12-18 22:45:50,107 [main] INFO  base.BaseClass - Found Element By {by.toString()}
2023-12-18 22:45:50,653 [main] INFO  base.BaseClass - Trying to find Element By {by.toString()})
2023-12-18 22:45:50,666 [main] INFO  base.BaseClass - Found Element By {by.toString()}
2023-12-18 22:45:51,199 [main] INFO  base.BaseClass - Trying to find Element By {by.toString()})
2023-12-18 22:45:51,829 [main] INFO  base.BaseClass - Found Element By {by.toString()}
2023-12-18 22:45:52,376 [main] INFO  base.BaseClass - Trying to find Element By {by.toString()})
2023-12-18 22:45:52,406 [main] INFO  base.BaseClass - Found Element By {by.toString()}
2023-12-18 22:45:52,958 [main] INFO  base.BaseClass - Trying to find Element By {by.toString()})
2023-12-18 22:45:52,984 [main] INFO  base.BaseClass - Found Element By {by.toString()}
2023-12-18 22:45:53,509 [main] INFO  base.BaseClass - Trying to find Element By {by.toString()})
2023-12-18 22:45:53,534 [main] INFO  base.BaseClass - Found Element By {by.toString()}
2023-12-18 22:45:54,072 [main] INFO  base.BaseClass - Trying to find Element By {by.toString()})
2023-12-18 22:45:54,101 [main] INFO  base.BaseClass - Found Element By {by.toString()}
2023-12-18 22:45:54,651 [main] INFO  base.BaseClass - Trying to find Element By {by.toString()})
2023-12-18 22:45:54,681 [main] INFO  base.BaseClass - Found Element By {by.toString()}
2023-12-18 22:45:55,236 [main] INFO  base.BaseClass - Trying to find Element By {by.toString()})
2023-12-18 22:45:55,265 [main] INFO  base.BaseClass - Found Element By {by.toString()}
2023-12-18 22:45:55,796 [main] INFO  base.BaseClass - Trying to find Element By {by.toString()})
2023-12-18 22:45:55,827 [main] INFO  base.BaseClass - Found Element By {by.toString()}
2023-12-18 22:45:56,376 [main] INFO  base.BaseClass - Trying to find Element By {by.toString()})
2023-12-18 22:45:56,386 [main] INFO  base.BaseClass - Found Element By {by.toString()}
2023-12-18 22:45:56,907 [main] INFO  base.BaseClass - Trying to find Element By {by.toString()})
2023-12-18 22:45:56,937 [main] INFO  base.BaseClass - Found Element By {by.toString()}
2023-12-18 22:45:57,471 [main] INFO  base.BaseClass - Trying to find Element By {by.toString()})
2023-12-18 22:45:57,501 [main] INFO  base.BaseClass - Found Element By {by.toString()}
2023-12-18 22:45:58,053 [main] INFO  base.BaseClass - Trying to find Element By {by.toString()})
2023-12-18 22:45:58,081 [main] INFO  base.BaseClass - Found Element By {by.toString()}
2023-12-18 22:45:58,630 [main] INFO  base.BaseClass - Trying to find Element By {by.toString()})
2023-12-18 22:45:58,676 [main] INFO  base.BaseClass - Found Element By {by.toString()}
2023-12-18 22:45:59,196 [main] INFO  base.BaseClass - Trying to find Element By {by.toString()})
2023-12-18 22:45:59,225 [main] INFO  base.BaseClass - Found Element By {by.toString()}
2023-12-18 22:45:59,776 [main] INFO  base.BaseClass - Trying to find Element By {by.toString()})
2023-12-18 22:45:59,806 [main] INFO  base.BaseClass - Found Element By {by.toString()}
2023-12-18 22:46:00,354 [main] INFO  base.BaseClass - Trying to find Element By {by.toString()})
2023-12-18 22:46:00,382 [main] INFO  base.BaseClass - Found Element By {by.toString()}
2023-12-18 22:46:00,922 [main] INFO  base.BaseClass - Trying to find Element By {by.toString()})
2023-12-18 22:46:00,937 [main] INFO  base.BaseClass - Found Element By {by.toString()}
2023-12-18 22:46:01,467 [main] INFO  base.BaseClass - Trying to find Element By {by.toString()})
2023-12-18 22:46:01,496 [main] INFO  base.BaseClass - Found Element By {by.toString()}
2023-12-18 22:46:02,035 [main] INFO  base.BaseClass - Trying to find Element By {by.toString()})
2023-12-18 22:46:02,066 [main] INFO  base.BaseClass - Found Element By {by.toString()}
2023-12-18 22:46:02,615 [main] INFO  base.BaseClass - Trying to find Element By {by.toString()})
2023-12-18 22:46:02,645 [main] INFO  base.BaseClass - Found Element By {by.toString()}
2023-12-18 22:46:03,197 [main] INFO  base.BaseClass - Trying to find Element By {by.toString()})
2023-12-18 22:46:03,227 [main] INFO  base.BaseClass - Found Element By {by.toString()}
2023-12-18 22:46:03,779 [main] INFO  base.BaseClass - Trying to find Element By {by.toString()})
2023-12-18 22:46:03,807 [main] INFO  base.BaseClass - Found Element By {by.toString()}
2023-12-18 22:46:04,359 [main] INFO  base.BaseClass - Trying to find Element By {by.toString()})
2023-12-18 22:46:04,388 [main] INFO  base.BaseClass - Found Element By {by.toString()}
2023-12-18 22:46:04,925 [main] INFO  base.BaseClass - Trying to find Element By {by.toString()})
2023-12-18 22:46:04,955 [main] INFO  base.BaseClass - Found Element By {by.toString()}
2023-12-18 22:46:05,493 [main] INFO  base.BaseClass - Trying to find Element By {by.toString()})
2023-12-18 22:46:05,524 [main] INFO  base.BaseClass - Found Element By {by.toString()}
2023-12-18 22:46:06,073 [main] INFO  base.BaseClass - Trying to find Element By {by.toString()})
2023-12-18 22:46:06,098 [main] INFO  base.BaseClass - Found Element By {by.toString()}
2023-12-18 22:46:06,638 [main] INFO  base.BaseClass - Trying to find Element By {by.toString()})
2023-12-18 22:46:06,668 [main] INFO  base.BaseClass - Found Element By {by.toString()}
2023-12-18 22:46:07,219 [main] INFO  base.BaseClass - Trying to find Element By {by.toString()})
2023-12-18 22:46:07,248 [main] INFO  base.BaseClass - Found Element By {by.toString()}
2023-12-18 22:46:07,785 [main] INFO  base.BaseClass - Trying to find Element By {by.toString()})
2023-12-18 22:46:07,812 [main] INFO  base.BaseClass - Found Element By {by.toString()}
2023-12-18 22:46:08,335 [main] INFO  base.BaseClass - Trying to find Element By {by.toString()})
2023-12-18 22:46:08,360 [main] INFO  base.BaseClass - Found Element By {by.toString()}
TimeoutException occurred: Expected condition failed: waiting for helper.WaitUtility$5@27df5806 (tried for 30 second(s) with 500 milliseconds interval)
Build info: version: '3.141.59', revision: 'e82be7d358', time: '2018-11-14T08:17:03'
System info: host: 'DPLAP166', ip: '137.237.2.47', os.name: 'Windows 10', os.arch: 'amd64', os.version: '10.0', java.version: '19.0.1'
Driver info: org.openqa.selenium.support.events.EventFiringWebDriver
Capabilities {acceptInsecureCerts: true, browserName: chrome, browserVersion: 120.0.6099.72, chrome: {chromedriverVersion: 120.0.6099.71 (9729082fe617..., userDataDir: C:\Users\dP-PL\AppData\Loca...}, fedcm:accounts: true, goog:chromeOptions: {debuggerAddress: localhost:49425}, javascriptEnabled: true, networkConnectionEnabled: false, pageLoadStrategy: normal, platform: WINDOWS, platformName: WINDOWS, proxy: Proxy(), setWindowRect: true, strictFileInteractability: false, timeouts: {implicit: 0, pageLoad: 300000, script: 30000}, unhandledPromptBehavior: dismiss and notify, webauthn:extension:credBlob: true, webauthn:extension:largeBlob: true, webauthn:extension:minPinLength: true, webauthn:extension:prf: true, webauthn:virtualAuthenticators: true}
Session ID: 1abd34155b564c235f7b904909631c81
2023-12-18 22:46:08,394 [main] ERROR XGLT_6685_Test - Element did not become visible within the specified time: Expected condition failed: waiting for helper.WaitUtility$5@27df5806 (tried for 30 second(s) with 500 milliseconds interval)
Build info: version: '3.141.59', revision: 'e82be7d358', time: '2018-11-14T08:17:03'
System info: host: 'DPLAP166', ip: '137.237.2.47', os.name: 'Windows 10', os.arch: 'amd64', os.version: '10.0', java.version: '19.0.1'
Driver info: org.openqa.selenium.support.events.EventFiringWebDriver
Capabilities {acceptInsecureCerts: true, browserName: chrome, browserVersion: 120.0.6099.72, chrome: {chromedriverVersion: 120.0.6099.71 (9729082fe617..., userDataDir: C:\Users\dP-PL\AppData\Loca...}, fedcm:accounts: true, goog:chromeOptions: {debuggerAddress: localhost:49425}, javascriptEnabled: true, networkConnectionEnabled: false, pageLoadStrategy: normal, platform: WINDOWS, platformName: WINDOWS, proxy: Proxy(), setWindowRect: true, strictFileInteractability: false, timeouts: {implicit: 0, pageLoad: 300000, script: 30000}, unhandledPromptBehavior: dismiss and notify, webauthn:extension:credBlob: true, webauthn:extension:largeBlob: true, webauthn:extension:minPinLength: true, webauthn:extension:prf: true, webauthn:virtualAuthenticators: true}
Session ID: 1abd34155b564c235f7b904909631c81
2023-12-18 22:46:08,406 [main] INFO  base.BaseClass - Trying to find Element By {by.toString()})
2023-12-18 22:46:08,430 [main] INFO  base.BaseClass - Found Element By {by.toString()}
2023-12-18 22:46:08,440 [main] INFO  base.BaseClass - Trying to find Element By {by.toString()})
2023-12-18 22:46:08,449 [main] INFO  base.BaseClass - Found Element By {by.toString()}
2023-12-18 22:46:08,464 [main] INFO  base.BaseClass - Trying to find Element By {by.toString()})
2023-12-18 22:46:08,476 [main] INFO  base.BaseClass - Found Element By {by.toString()}
last page in current selection is 1
2023-12-18 22:46:08,485 [main] INFO  base.BaseClass - Trying to find Element By {by.toString()})
2023-12-18 22:46:08,496 [main] INFO  base.BaseClass - Found Element By {by.toString()}
TimeoutException occurred: Expected condition failed: waiting for helper.WaitUtility$5@74a85515 (tried for 30 second(s) with 500 milliseconds interval)
Build info: version: '3.141.59', revision: 'e82be7d358', time: '2018-11-14T08:17:03'
System info: host: 'DPLAP166', ip: '137.237.2.47', os.name: 'Windows 10', os.arch: 'amd64', os.version: '10.0', java.version: '19.0.1'
Driver info: org.openqa.selenium.support.events.EventFiringWebDriver
Capabilities {acceptInsecureCerts: true, browserName: chrome, browserVersion: 120.0.6099.72, chrome: {chromedriverVersion: 120.0.6099.71 (9729082fe617..., userDataDir: C:\Users\dP-PL\AppData\Loca...}, fedcm:accounts: true, goog:chromeOptions: {debuggerAddress: localhost:49425}, javascriptEnabled: true, networkConnectionEnabled: false, pageLoadStrategy: normal, platform: WINDOWS, platformName: WINDOWS, proxy: Proxy(), setWindowRect: true, strictFileInteractability: false, timeouts: {implicit: 0, pageLoad: 300000, script: 30000}, unhandledPromptBehavior: dismiss and notify, webauthn:extension:credBlob: true, webauthn:extension:largeBlob: true, webauthn:extension:minPinLength: true, webauthn:extension:prf: true, webauthn:virtualAuthenticators: true}
Session ID: 1abd34155b564c235f7b904909631c81
2023-12-18 22:46:38,610 [main] ERROR XGLT_6685_Test - Element did not become visible within the specified time: Expected condition failed: waiting for helper.WaitUtility$5@74a85515 (tried for 30 second(s) with 500 milliseconds interval)
Build info: version: '3.141.59', revision: 'e82be7d358', time: '2018-11-14T08:17:03'
System info: host: 'DPLAP166', ip: '137.237.2.47', os.name: 'Windows 10', os.arch: 'amd64', os.version: '10.0', java.version: '19.0.1'
Driver info: org.openqa.selenium.support.events.EventFiringWebDriver
Capabilities {acceptInsecureCerts: true, browserName: chrome, browserVersion: 120.0.6099.72, chrome: {chromedriverVersion: 120.0.6099.71 (9729082fe617..., userDataDir: C:\Users\dP-PL\AppData\Loca...}, fedcm:accounts: true, goog:chromeOptions: {debuggerAddress: localhost:49425}, javascriptEnabled: true, networkConnectionEnabled: false, pageLoadStrategy: normal, platform: WINDOWS, platformName: WINDOWS, proxy: Proxy(), setWindowRect: true, strictFileInteractability: false, timeouts: {implicit: 0, pageLoad: 300000, script: 30000}, unhandledPromptBehavior: dismiss and notify, webauthn:extension:credBlob: true, webauthn:extension:largeBlob: true, webauthn:extension:minPinLength: true, webauthn:extension:prf: true, webauthn:virtualAuthenticators: true}
Session ID: 1abd34155b564c235f7b904909631c81
2023-12-18 22:46:38,610 [main] INFO  base.BaseClass - Trying to click on: {element.toString()}
2023-12-18 22:46:38,705 [main] INFO  base.BaseClass - Clicked on: {element.toString()}
2023-12-18 22:46:38,706 [main] INFO  base.BaseClass - Trying to find Element By {by.toString()})
2023-12-18 22:46:38,716 [main] INFO  base.BaseClass - Found Element By {by.toString()}
2023-12-18 22:46:39,241 [main] INFO  base.BaseClass - Trying to find Element By {by.toString()})
2023-12-18 22:46:39,274 [main] INFO  base.BaseClass - Found Element By {by.toString()}
2023-12-18 22:46:39,826 [main] INFO  base.BaseClass - Trying to find Element By {by.toString()})
2023-12-18 22:46:39,857 [main] INFO  base.BaseClass - Found Element By {by.toString()}
2023-12-18 22:46:40,393 [main] INFO  base.BaseClass - Trying to find Element By {by.toString()})
2023-12-18 22:46:40,426 [main] INFO  base.BaseClass - Found Element By {by.toString()}
2023-12-18 22:46:40,978 [main] INFO  base.BaseClass - Trying to find Element By {by.toString()})
2023-12-18 22:46:41,009 [main] INFO  base.BaseClass - Found Element By {by.toString()}
2023-12-18 22:46:41,560 [main] INFO  base.BaseClass - Trying to find Element By {by.toString()})
2023-12-18 22:46:41,590 [main] INFO  base.BaseClass - Found Element By {by.toString()}
2023-12-18 22:46:42,141 [main] INFO  base.BaseClass - Trying to find Element By {by.toString()})
2023-12-18 22:46:42,171 [main] INFO  base.BaseClass - Found Element By {by.toString()}
2023-12-18 22:46:42,719 [main] INFO  base.BaseClass - Trying to find Element By {by.toString()})
2023-12-18 22:46:42,747 [main] INFO  base.BaseClass - Found Element By {by.toString()}
2023-12-18 22:46:43,300 [main] INFO  base.BaseClass - Trying to find Element By {by.toString()})
2023-12-18 22:46:43,328 [main] INFO  base.BaseClass - Found Element By {by.toString()}
2023-12-18 22:46:43,880 [main] INFO  base.BaseClass - Trying to find Element By {by.toString()})
2023-12-18 22:46:43,913 [main] INFO  base.BaseClass - Found Element By {by.toString()}
2023-12-18 22:46:44,458 [main] INFO  base.BaseClass - Trying to find Element By {by.toString()})
2023-12-18 22:46:44,488 [main] INFO  base.BaseClass - Found Element By {by.toString()}
2023-12-18 22:46:45,043 [main] INFO  base.BaseClass - Trying to find Element By {by.toString()})
2023-12-18 22:46:45,067 [main] INFO  base.BaseClass - Found Element By {by.toString()}
2023-12-18 22:46:45,604 [main] INFO  base.BaseClass - Trying to find Element By {by.toString()})
2023-12-18 22:46:45,633 [main] INFO  base.BaseClass - Found Element By {by.toString()}
2023-12-18 22:46:46,186 [main] INFO  base.BaseClass - Trying to find Element By {by.toString()})
2023-12-18 22:46:46,217 [main] INFO  base.BaseClass - Found Element By {by.toString()}
2023-12-18 22:46:46,751 [main] INFO  base.BaseClass - Trying to find Element By {by.toString()})
2023-12-18 22:46:46,779 [main] INFO  base.BaseClass - Found Element By {by.toString()}
2023-12-18 22:46:47,317 [main] INFO  base.BaseClass - Trying to find Element By {by.toString()})
2023-12-18 22:46:47,345 [main] INFO  base.BaseClass - Found Element By {by.toString()}
2023-12-18 22:46:47,883 [main] INFO  base.BaseClass - Trying to find Element By {by.toString()})
2023-12-18 22:46:47,909 [main] INFO  base.BaseClass - Found Element By {by.toString()}
2023-12-18 22:46:48,434 [main] INFO  base.BaseClass - Trying to find Element By {by.toString()})
2023-12-18 22:46:48,461 [main] INFO  base.BaseClass - Found Element By {by.toString()}
2023-12-18 22:46:49,011 [main] INFO  base.BaseClass - Trying to find Element By {by.toString()})
2023-12-18 22:46:49,037 [main] INFO  base.BaseClass - Found Element By {by.toString()}
2023-12-18 22:46:49,582 [main] INFO  base.BaseClass - Trying to find Element By {by.toString()})
2023-12-18 22:46:49,610 [main] INFO  base.BaseClass - Found Element By {by.toString()}
2023-12-18 22:46:50,133 [main] INFO  base.BaseClass - Trying to find Element By {by.toString()})
2023-12-18 22:46:50,162 [main] INFO  base.BaseClass - Found Element By {by.toString()}
2023-12-18 22:46:50,697 [main] INFO  base.BaseClass - Trying to find Element By {by.toString()})
2023-12-18 22:46:50,725 [main] INFO  base.BaseClass - Found Element By {by.toString()}
2023-12-18 22:46:51,260 [main] INFO  base.BaseClass - Trying to find Element By {by.toString()})
2023-12-18 22:46:51,286 [main] INFO  base.BaseClass - Found Element By {by.toString()}
2023-12-18 22:46:51,825 [main] INFO  base.BaseClass - Trying to find Element By {by.toString()})
2023-12-18 22:46:51,852 [main] INFO  base.BaseClass - Found Element By {by.toString()}
2023-12-18 22:46:52,407 [main] INFO  base.BaseClass - Trying to find Element By {by.toString()})
2023-12-18 22:46:52,434 [main] INFO  base.BaseClass - Found Element By {by.toString()}
2023-12-18 22:46:52,975 [main] INFO  base.BaseClass - Trying to find Element By {by.toString()})
2023-12-18 22:46:53,001 [main] INFO  base.BaseClass - Found Element By {by.toString()}
2023-12-18 22:46:53,544 [main] INFO  base.BaseClass - Trying to find Element By {by.toString()})
2023-12-18 22:46:53,570 [main] INFO  base.BaseClass - Found Element By {by.toString()}
2023-12-18 22:46:54,106 [main] INFO  base.BaseClass - Trying to find Element By {by.toString()})
2023-12-18 22:46:54,134 [main] INFO  base.BaseClass - Found Element By {by.toString()}
2023-12-18 22:46:54,683 [main] INFO  base.BaseClass - Trying to find Element By {by.toString()})
2023-12-18 22:46:54,707 [main] INFO  base.BaseClass - Found Element By {by.toString()}
2023-12-18 22:46:55,230 [main] INFO  base.BaseClass - Trying to find Element By {by.toString()})
2023-12-18 22:46:55,257 [main] INFO  base.BaseClass - Found Element By {by.toString()}
2023-12-18 22:46:55,794 [main] INFO  base.BaseClass - Trying to find Element By {by.toString()})
2023-12-18 22:46:55,823 [main] INFO  base.BaseClass - Found Element By {by.toString()}
2023-12-18 22:46:56,360 [main] INFO  base.BaseClass - Trying to find Element By {by.toString()})
2023-12-18 22:46:56,384 [main] INFO  base.BaseClass - Found Element By {by.toString()}
2023-12-18 22:46:56,923 [main] INFO  base.BaseClass - Trying to find Element By {by.toString()})
2023-12-18 22:46:56,952 [main] INFO  base.BaseClass - Found Element By {by.toString()}
2023-12-18 22:46:57,503 [main] INFO  base.BaseClass - Trying to find Element By {by.toString()})
2023-12-18 22:46:57,531 [main] INFO  base.BaseClass - Found Element By {by.toString()}
2023-12-18 22:46:58,075 [main] INFO  base.BaseClass - Trying to find Element By {by.toString()})
2023-12-18 22:46:58,101 [main] INFO  base.BaseClass - Found Element By {by.toString()}
2023-12-18 22:46:58,655 [main] INFO  base.BaseClass - Trying to find Element By {by.toString()})
2023-12-18 22:46:58,682 [main] INFO  base.BaseClass - Found Element By {by.toString()}
2023-12-18 22:46:59,234 [main] INFO  base.BaseClass - Trying to find Element By {by.toString()})
2023-12-18 22:46:59,258 [main] INFO  base.BaseClass - Found Element By {by.toString()}
2023-12-18 22:46:59,785 [main] INFO  base.BaseClass - Trying to find Element By {by.toString()})
2023-12-18 22:46:59,812 [main] INFO  base.BaseClass - Found Element By {by.toString()}
2023-12-18 22:47:00,366 [main] INFO  base.BaseClass - Trying to find Element By {by.toString()})
2023-12-18 22:47:00,398 [main] INFO  base.BaseClass - Found Element By {by.toString()}
2023-12-18 22:47:00,949 [main] INFO  base.BaseClass - Trying to find Element By {by.toString()})
2023-12-18 22:47:00,977 [main] INFO  base.BaseClass - Found Element By {by.toString()}
2023-12-18 22:47:01,518 [main] INFO  base.BaseClass - Trying to find Element By {by.toString()})
2023-12-18 22:47:01,545 [main] INFO  base.BaseClass - Found Element By {by.toString()}
2023-12-18 22:47:02,083 [main] INFO  base.BaseClass - Trying to find Element By {by.toString()})
2023-12-18 22:47:02,111 [main] INFO  base.BaseClass - Found Element By {by.toString()}
2023-12-18 22:47:02,646 [main] INFO  base.BaseClass - Trying to find Element By {by.toString()})
2023-12-18 22:47:02,675 [main] INFO  base.BaseClass - Found Element By {by.toString()}
2023-12-18 22:47:03,214 [main] INFO  base.BaseClass - Trying to find Element By {by.toString()})
2023-12-18 22:47:03,244 [main] INFO  base.BaseClass - Found Element By {by.toString()}
2023-12-18 22:47:03,790 [main] INFO  base.BaseClass - Trying to find Element By {by.toString()})
2023-12-18 22:47:03,816 [main] INFO  base.BaseClass - Found Element By {by.toString()}
2023-12-18 22:47:04,357 [main] INFO  base.BaseClass - Trying to find Element By {by.toString()})
2023-12-18 22:47:04,383 [main] INFO  base.BaseClass - Found Element By {by.toString()}
2023-12-18 22:47:04,924 [main] INFO  base.BaseClass - Trying to find Element By {by.toString()})
2023-12-18 22:47:04,952 [main] INFO  base.BaseClass - Found Element By {by.toString()}
2023-12-18 22:47:05,489 [main] INFO  base.BaseClass - Trying to find Element By {by.toString()})
2023-12-18 22:47:05,513 [main] INFO  base.BaseClass - Found Element By {by.toString()}
2023-12-18 22:47:06,039 [main] INFO  base.BaseClass - Trying to find Element By {by.toString()})
2023-12-18 22:47:06,067 [main] INFO  base.BaseClass - Found Element By {by.toString()}
2023-12-18 22:47:06,602 [main] INFO  base.BaseClass - Trying to find Element By {by.toString()})
2023-12-18 22:47:06,626 [main] INFO  base.BaseClass - Found Element By {by.toString()}
2023-12-18 22:47:07,151 [main] INFO  base.BaseClass - Trying to find Element By {by.toString()})
2023-12-18 22:47:07,178 [main] INFO  base.BaseClass - Found Element By {by.toString()}
2023-12-18 22:47:07,718 [main] INFO  base.BaseClass - Trying to find Element By {by.toString()})
2023-12-18 22:47:07,747 [main] INFO  base.BaseClass - Found Element By {by.toString()}
2023-12-18 22:47:08,286 [main] INFO  base.BaseClass - Trying to find Element By {by.toString()})
2023-12-18 22:47:08,313 [main] INFO  base.BaseClass - Found Element By {by.toString()}
2023-12-18 22:47:08,843 [main] INFO  base.BaseClass - Trying to find Element By {by.toString()})
2023-12-18 22:47:08,869 [main] INFO  base.BaseClass - Found Element By {by.toString()}
TimeoutException occurred: Expected condition failed: waiting for helper.WaitUtility$5@521a506c (tried for 30 second(s) with 500 milliseconds interval)
Build info: version: '3.141.59', revision: 'e82be7d358', time: '2018-11-14T08:17:03'
System info: host: 'DPLAP166', ip: '137.237.2.47', os.name: 'Windows 10', os.arch: 'amd64', os.version: '10.0', java.version: '19.0.1'
Driver info: org.openqa.selenium.support.events.EventFiringWebDriver
Capabilities {acceptInsecureCerts: true, browserName: chrome, browserVersion: 120.0.6099.72, chrome: {chromedriverVersion: 120.0.6099.71 (9729082fe617..., userDataDir: C:\Users\dP-PL\AppData\Loca...}, fedcm:accounts: true, goog:chromeOptions: {debuggerAddress: localhost:49425}, javascriptEnabled: true, networkConnectionEnabled: false, pageLoadStrategy: normal, platform: WINDOWS, platformName: WINDOWS, proxy: Proxy(), setWindowRect: true, strictFileInteractability: false, timeouts: {implicit: 0, pageLoad: 300000, script: 30000}, unhandledPromptBehavior: dismiss and notify, webauthn:extension:credBlob: true, webauthn:extension:largeBlob: true, webauthn:extension:minPinLength: true, webauthn:extension:prf: true, webauthn:virtualAuthenticators: true}
Session ID: 1abd34155b564c235f7b904909631c81
2023-12-18 22:47:08,904 [main] ERROR XGLT_6685_Test - Element did not become visible within the specified time: Expected condition failed: waiting for helper.WaitUtility$5@521a506c (tried for 30 second(s) with 500 milliseconds interval)
Build info: version: '3.141.59', revision: 'e82be7d358', time: '2018-11-14T08:17:03'
System info: host: 'DPLAP166', ip: '137.237.2.47', os.name: 'Windows 10', os.arch: 'amd64', os.version: '10.0', java.version: '19.0.1'
Driver info: org.openqa.selenium.support.events.EventFiringWebDriver
Capabilities {acceptInsecureCerts: true, browserName: chrome, browserVersion: 120.0.6099.72, chrome: {chromedriverVersion: 120.0.6099.71 (9729082fe617..., userDataDir: C:\Users\dP-PL\AppData\Loca...}, fedcm:accounts: true, goog:chromeOptions: {debuggerAddress: localhost:49425}, javascriptEnabled: true, networkConnectionEnabled: false, pageLoadStrategy: normal, platform: WINDOWS, platformName: WINDOWS, proxy: Proxy(), setWindowRect: true, strictFileInteractability: false, timeouts: {implicit: 0, pageLoad: 300000, script: 30000}, unhandledPromptBehavior: dismiss and notify, webauthn:extension:credBlob: true, webauthn:extension:largeBlob: true, webauthn:extension:minPinLength: true, webauthn:extension:prf: true, webauthn:virtualAuthenticators: true}
Session ID: 1abd34155b564c235f7b904909631c81
2023-12-18 22:47:08,904 [main] INFO  base.BaseClass - Trying to find Element By {by.toString()})
2023-12-18 22:47:08,944 [main] INFO  base.BaseClass - Found Element By {by.toString()}
Customer page count for active revenue is 35
2023-12-18 22:47:08,945 [main] INFO  base.BaseClass - Trying to find Element By {by.toString()})
2023-12-18 22:47:08,961 [main] INFO  base.BaseClass - Found Element By {by.toString()}
2023-12-18 22:47:08,970 [main] INFO  base.BaseClass - Trying to find Element By {by.toString()})
2023-12-18 22:47:08,979 [main] INFO  base.BaseClass - Found Element By {by.toString()}
2023-12-18 22:47:08,991 [main] INFO  base.BaseClass - Trying to find Element By {by.toString()})
2023-12-18 22:47:08,999 [main] INFO  base.BaseClass - Found Element By {by.toString()}
last page in current selection is 1
2023-12-18 22:47:09,008 [main] INFO  base.BaseClass - Trying to find Element By {by.toString()})
2023-12-18 22:47:09,017 [main] INFO  base.BaseClass - Found Element By {by.toString()}
TimeoutException occurred: Expected condition failed: waiting for helper.WaitUtility$5@2a2798a2 (tried for 30 second(s) with 500 milliseconds interval)
Build info: version: '3.141.59', revision: 'e82be7d358', time: '2018-11-14T08:17:03'
System info: host: 'DPLAP166', ip: '137.237.2.47', os.name: 'Windows 10', os.arch: 'amd64', os.version: '10.0', java.version: '19.0.1'
Driver info: org.openqa.selenium.support.events.EventFiringWebDriver
Capabilities {acceptInsecureCerts: true, browserName: chrome, browserVersion: 120.0.6099.72, chrome: {chromedriverVersion: 120.0.6099.71 (9729082fe617..., userDataDir: C:\Users\dP-PL\AppData\Loca...}, fedcm:accounts: true, goog:chromeOptions: {debuggerAddress: localhost:49425}, javascriptEnabled: true, networkConnectionEnabled: false, pageLoadStrategy: normal, platform: WINDOWS, platformName: WINDOWS, proxy: Proxy(), setWindowRect: true, strictFileInteractability: false, timeouts: {implicit: 0, pageLoad: 300000, script: 30000}, unhandledPromptBehavior: dismiss and notify, webauthn:extension:credBlob: true, webauthn:extension:largeBlob: true, webauthn:extension:minPinLength: true, webauthn:extension:prf: true, webauthn:virtualAuthenticators: true}
Session ID: 1abd34155b564c235f7b904909631c81
2023-12-18 22:47:39,510 [main] ERROR XGLT_6685_Test - Element did not become visible within the specified time: Expected condition failed: waiting for helper.WaitUtility$5@2a2798a2 (tried for 30 second(s) with 500 milliseconds interval)
Build info: version: '3.141.59', revision: 'e82be7d358', time: '2018-11-14T08:17:03'
System info: host: 'DPLAP166', ip: '137.237.2.47', os.name: 'Windows 10', os.arch: 'amd64', os.version: '10.0', java.version: '19.0.1'
Driver info: org.openqa.selenium.support.events.EventFiringWebDriver
Capabilities {acceptInsecureCerts: true, browserName: chrome, browserVersion: 120.0.6099.72, chrome: {chromedriverVersion: 120.0.6099.71 (9729082fe617..., userDataDir: C:\Users\dP-PL\AppData\Loca...}, fedcm:accounts: true, goog:chromeOptions: {debuggerAddress: localhost:49425}, javascriptEnabled: true, networkConnectionEnabled: false, pageLoadStrategy: normal, platform: WINDOWS, platformName: WINDOWS, proxy: Proxy(), setWindowRect: true, strictFileInteractability: false, timeouts: {implicit: 0, pageLoad: 300000, script: 30000}, unhandledPromptBehavior: dismiss and notify, webauthn:extension:credBlob: true, webauthn:extension:largeBlob: true, webauthn:extension:minPinLength: true, webauthn:extension:prf: true, webauthn:virtualAuthenticators: true}
Session ID: 1abd34155b564c235f7b904909631c81
2023-12-18 22:47:39,510 [main] INFO  base.BaseClass - Trying to click on: {element.toString()}
2023-12-18 22:47:39,591 [main] INFO  base.BaseClass - Clicked on: {element.toString()}
2023-12-18 22:47:39,591 [main] INFO  base.BaseClass - Trying to find Element By {by.toString()})
2023-12-18 22:47:39,602 [main] INFO  base.BaseClass - Found Element By {by.toString()}
2023-12-18 22:47:40,130 [main] INFO  base.BaseClass - Trying to find Element By {by.toString()})
2023-12-18 22:47:40,159 [main] INFO  base.BaseClass - Found Element By {by.toString()}
2023-12-18 22:47:40,697 [main] INFO  base.BaseClass - Trying to find Element By {by.toString()})
2023-12-18 22:47:40,725 [main] INFO  base.BaseClass - Found Element By {by.toString()}
2023-12-18 22:47:41,260 [main] INFO  base.BaseClass - Trying to find Element By {by.toString()})
2023-12-18 22:47:41,289 [main] INFO  base.BaseClass - Found Element By {by.toString()}
2023-12-18 22:47:41,830 [main] INFO  base.BaseClass - Trying to find Element By {by.toString()})
2023-12-18 22:47:41,860 [main] INFO  base.BaseClass - Found Element By {by.toString()}
2023-12-18 22:47:42,393 [main] INFO  base.BaseClass - Trying to find Element By {by.toString()})
2023-12-18 22:47:42,422 [main] INFO  base.BaseClass - Found Element By {by.toString()}
2023-12-18 22:47:42,963 [main] INFO  base.BaseClass - Trying to find Element By {by.toString()})
2023-12-18 22:47:42,991 [main] INFO  base.BaseClass - Found Element By {by.toString()}
2023-12-18 22:47:43,533 [main] INFO  base.BaseClass - Trying to find Element By {by.toString()})
2023-12-18 22:47:43,557 [main] INFO  base.BaseClass - Found Element By {by.toString()}
2023-12-18 22:47:44,081 [main] INFO  base.BaseClass - Trying to find Element By {by.toString()})
2023-12-18 22:47:44,108 [main] INFO  base.BaseClass - Found Element By {by.toString()}
2023-12-18 22:47:44,650 [main] INFO  base.BaseClass - Trying to find Element By {by.toString()})
2023-12-18 22:47:44,675 [main] INFO  base.BaseClass - Found Element By {by.toString()}
2023-12-18 22:47:45,217 [main] INFO  base.BaseClass - Trying to find Element By {by.toString()})
2023-12-18 22:47:45,245 [main] INFO  base.BaseClass - Found Element By {by.toString()}
2023-12-18 22:47:45,784 [main] INFO  base.BaseClass - Trying to find Element By {by.toString()})
2023-12-18 22:47:45,811 [main] INFO  base.BaseClass - Found Element By {by.toString()}
2023-12-18 22:47:46,348 [main] INFO  base.BaseClass - Trying to find Element By {by.toString()})
2023-12-18 22:47:46,377 [main] INFO  base.BaseClass - Found Element By {by.toString()}
2023-12-18 22:47:46,913 [main] INFO  base.BaseClass - Trying to find Element By {by.toString()})
2023-12-18 22:47:46,939 [main] INFO  base.BaseClass - Found Element By {by.toString()}
2023-12-18 22:47:47,476 [main] INFO  base.BaseClass - Trying to find Element By {by.toString()})
2023-12-18 22:47:47,514 [main] INFO  base.BaseClass - Found Element By {by.toString()}
2023-12-18 22:47:48,040 [main] INFO  base.BaseClass - Trying to find Element By {by.toString()})
2023-12-18 22:47:48,068 [main] INFO  base.BaseClass - Found Element By {by.toString()}
2023-12-18 22:47:48,605 [main] INFO  base.BaseClass - Trying to find Element By {by.toString()})
2023-12-18 22:47:48,634 [main] INFO  base.BaseClass - Found Element By {by.toString()}
2023-12-18 22:47:49,188 [main] INFO  base.BaseClass - Trying to find Element By {by.toString()})
2023-12-18 22:47:49,219 [main] INFO  base.BaseClass - Found Element By {by.toString()}
2023-12-18 22:47:49,770 [main] INFO  base.BaseClass - Trying to find Element By {by.toString()})
2023-12-18 22:47:49,786 [main] INFO  base.BaseClass - Found Element By {by.toString()}
2023-12-18 22:47:50,303 [main] INFO  base.BaseClass - Trying to find Element By {by.toString()})
2023-12-18 22:47:50,331 [main] INFO  base.BaseClass - Found Element By {by.toString()}
2023-12-18 22:47:50,871 [main] INFO  base.BaseClass - Trying to find Element By {by.toString()})
2023-12-18 22:47:50,896 [main] INFO  base.BaseClass - Found Element By {by.toString()}
2023-12-18 22:47:51,421 [main] INFO  base.BaseClass - Trying to find Element By {by.toString()})
2023-12-18 22:47:51,449 [main] INFO  base.BaseClass - Found Element By {by.toString()}
2023-12-18 22:47:51,986 [main] INFO  base.BaseClass - Trying to find Element By {by.toString()})
2023-12-18 22:47:52,010 [main] INFO  base.BaseClass - Found Element By {by.toString()}
2023-12-18 22:47:52,541 [main] INFO  base.BaseClass - Trying to find Element By {by.toString()})
2023-12-18 22:47:52,567 [main] INFO  base.BaseClass - Found Element By {by.toString()}
2023-12-18 22:47:53,106 [main] INFO  base.BaseClass - Trying to find Element By {by.toString()})
2023-12-18 22:47:53,134 [main] INFO  base.BaseClass - Found Element By {by.toString()}
2023-12-18 22:47:53,675 [main] INFO  base.BaseClass - Trying to find Element By {by.toString()})
2023-12-18 22:47:53,705 [main] INFO  base.BaseClass - Found Element By {by.toString()}
2023-12-18 22:47:54,245 [main] INFO  base.BaseClass - Trying to find Element By {by.toString()})
2023-12-18 22:47:54,273 [main] INFO  base.BaseClass - Found Element By {by.toString()}
2023-12-18 22:47:54,812 [main] INFO  base.BaseClass - Trying to find Element By {by.toString()})
2023-12-18 22:47:54,840 [main] INFO  base.BaseClass - Found Element By {by.toString()}
2023-12-18 22:47:55,377 [main] INFO  base.BaseClass - Trying to find Element By {by.toString()})
2023-12-18 22:47:55,403 [main] INFO  base.BaseClass - Found Element By {by.toString()}
2023-12-18 22:47:55,930 [main] INFO  base.BaseClass - Trying to find Element By {by.toString()})
2023-12-18 22:47:55,958 [main] INFO  base.BaseClass - Found Element By {by.toString()}
2023-12-18 22:47:56,498 [main] INFO  base.BaseClass - Trying to find Element By {by.toString()})
2023-12-18 22:47:56,525 [main] INFO  base.BaseClass - Found Element By {by.toString()}
2023-12-18 22:47:57,063 [main] INFO  base.BaseClass - Trying to find Element By {by.toString()})
2023-12-18 22:47:57,088 [main] INFO  base.BaseClass - Found Element By {by.toString()}
2023-12-18 22:47:57,609 [main] INFO  base.BaseClass - Trying to find Element By {by.toString()})
2023-12-18 22:47:57,636 [main] INFO  base.BaseClass - Found Element By {by.toString()}
2023-12-18 22:47:58,188 [main] INFO  base.BaseClass - Trying to find Element By {by.toString()})
2023-12-18 22:47:58,215 [main] INFO  base.BaseClass - Found Element By {by.toString()}
2023-12-18 22:47:58,756 [main] INFO  base.BaseClass - Trying to find Element By {by.toString()})
2023-12-18 22:47:58,782 [main] INFO  base.BaseClass - Found Element By {by.toString()}
2023-12-18 22:47:59,318 [main] INFO  base.BaseClass - Trying to find Element By {by.toString()})
2023-12-18 22:47:59,345 [main] INFO  base.BaseClass - Found Element By {by.toString()}
2023-12-18 22:47:59,891 [main] INFO  base.BaseClass - Trying to find Element By {by.toString()})
2023-12-18 22:47:59,923 [main] INFO  base.BaseClass - Found Element By {by.toString()}
2023-12-18 22:48:00,471 [main] INFO  base.BaseClass - Trying to find Element By {by.toString()})
2023-12-18 22:48:00,499 [main] INFO  base.BaseClass - Found Element By {by.toString()}
2023-12-18 22:48:01,019 [main] INFO  base.BaseClass - Trying to find Element By {by.toString()})
2023-12-18 22:48:01,045 [main] INFO  base.BaseClass - Found Element By {by.toString()}
2023-12-18 22:48:01,586 [main] INFO  base.BaseClass - Trying to find Element By {by.toString()})
2023-12-18 22:48:01,609 [main] INFO  base.BaseClass - Found Element By {by.toString()}
2023-12-18 22:48:02,135 [main] INFO  base.BaseClass - Trying to find Element By {by.toString()})
2023-12-18 22:48:02,161 [main] INFO  base.BaseClass - Found Element By {by.toString()}
2023-12-18 22:48:02,704 [main] INFO  base.BaseClass - Trying to find Element By {by.toString()})
2023-12-18 22:48:02,730 [main] INFO  base.BaseClass - Found Element By {by.toString()}
2023-12-18 22:48:03,257 [main] INFO  base.BaseClass - Trying to find Element By {by.toString()})
2023-12-18 22:48:03,283 [main] INFO  base.BaseClass - Found Element By {by.toString()}
2023-12-18 22:48:03,823 [main] INFO  base.BaseClass - Trying to find Element By {by.toString()})
2023-12-18 22:48:03,849 [main] INFO  base.BaseClass - Found Element By {by.toString()}
2023-12-18 22:48:04,386 [main] INFO  base.BaseClass - Trying to find Element By {by.toString()})
2023-12-18 22:48:04,410 [main] INFO  base.BaseClass - Found Element By {by.toString()}
2023-12-18 22:48:04,935 [main] INFO  base.BaseClass - Trying to find Element By {by.toString()})
2023-12-18 22:48:04,962 [main] INFO  base.BaseClass - Found Element By {by.toString()}
2023-12-18 22:48:05,501 [main] INFO  base.BaseClass - Trying to find Element By {by.toString()})
2023-12-18 22:48:05,527 [main] INFO  base.BaseClass - Found Element By {by.toString()}
2023-12-18 22:48:06,068 [main] INFO  base.BaseClass - Trying to find Element By {by.toString()})
2023-12-18 22:48:06,093 [main] INFO  base.BaseClass - Found Element By {by.toString()}
2023-12-18 22:48:06,619 [main] INFO  base.BaseClass - Trying to find Element By {by.toString()})
2023-12-18 22:48:06,644 [main] INFO  base.BaseClass - Found Element By {by.toString()}
2023-12-18 22:48:07,167 [main] INFO  base.BaseClass - Trying to find Element By {by.toString()})
2023-12-18 22:48:07,193 [main] INFO  base.BaseClass - Found Element By {by.toString()}
2023-12-18 22:48:07,733 [main] INFO  base.BaseClass - Trying to find Element By {by.toString()})
2023-12-18 22:48:07,758 [main] INFO  base.BaseClass - Found Element By {by.toString()}
2023-12-18 22:48:08,282 [main] INFO  base.BaseClass - Trying to find Element By {by.toString()})
2023-12-18 22:48:08,309 [main] INFO  base.BaseClass - Found Element By {by.toString()}
2023-12-18 22:48:08,850 [main] INFO  base.BaseClass - Trying to find Element By {by.toString()})
2023-12-18 22:48:08,874 [main] INFO  base.BaseClass - Found Element By {by.toString()}
2023-12-18 22:48:09,417 [main] INFO  base.BaseClass - Trying to find Element By {by.toString()})
2023-12-18 22:48:09,444 [main] INFO  base.BaseClass - Found Element By {by.toString()}
2023-12-18 22:48:09,983 [main] INFO  base.BaseClass - Trying to find Element By {by.toString()})
2023-12-18 22:48:10,008 [main] INFO  base.BaseClass - Found Element By {by.toString()}
TimeoutException occurred: Expected condition failed: waiting for helper.WaitUtility$5@2358443e (tried for 30 second(s) with 500 milliseconds interval)
Build info: version: '3.141.59', revision: 'e82be7d358', time: '2018-11-14T08:17:03'
System info: host: 'DPLAP166', ip: '137.237.2.47', os.name: 'Windows 10', os.arch: 'amd64', os.version: '10.0', java.version: '19.0.1'
Driver info: org.openqa.selenium.support.events.EventFiringWebDriver
Capabilities {acceptInsecureCerts: true, browserName: chrome, browserVersion: 120.0.6099.72, chrome: {chromedriverVersion: 120.0.6099.71 (9729082fe617..., userDataDir: C:\Users\dP-PL\AppData\Loca...}, fedcm:accounts: true, goog:chromeOptions: {debuggerAddress: localhost:49425}, javascriptEnabled: true, networkConnectionEnabled: false, pageLoadStrategy: normal, platform: WINDOWS, platformName: WINDOWS, proxy: Proxy(), setWindowRect: true, strictFileInteractability: false, timeouts: {implicit: 0, pageLoad: 300000, script: 30000}, unhandledPromptBehavior: dismiss and notify, webauthn:extension:credBlob: true, webauthn:extension:largeBlob: true, webauthn:extension:minPinLength: true, webauthn:extension:prf: true, webauthn:virtualAuthenticators: true}
Session ID: 1abd34155b564c235f7b904909631c81
2023-12-18 22:48:10,024 [main] ERROR XGLT_6685_Test - Element did not become visible within the specified time: Expected condition failed: waiting for helper.WaitUtility$5@2358443e (tried for 30 second(s) with 500 milliseconds interval)
Build info: version: '3.141.59', revision: 'e82be7d358', time: '2018-11-14T08:17:03'
System info: host: 'DPLAP166', ip: '137.237.2.47', os.name: 'Windows 10', os.arch: 'amd64', os.version: '10.0', java.version: '19.0.1'
Driver info: org.openqa.selenium.support.events.EventFiringWebDriver
Capabilities {acceptInsecureCerts: true, browserName: chrome, browserVersion: 120.0.6099.72, chrome: {chromedriverVersion: 120.0.6099.71 (9729082fe617..., userDataDir: C:\Users\dP-PL\AppData\Loca...}, fedcm:accounts: true, goog:chromeOptions: {debuggerAddress: localhost:49425}, javascriptEnabled: true, networkConnectionEnabled: false, pageLoadStrategy: normal, platform: WINDOWS, platformName: WINDOWS, proxy: Proxy(), setWindowRect: true, strictFileInteractability: false, timeouts: {implicit: 0, pageLoad: 300000, script: 30000}, unhandledPromptBehavior: dismiss and notify, webauthn:extension:credBlob: true, webauthn:extension:largeBlob: true, webauthn:extension:minPinLength: true, webauthn:extension:prf: true, webauthn:virtualAuthenticators: true}
Session ID: 1abd34155b564c235f7b904909631c81
2023-12-18 22:48:10,024 [main] INFO  base.BaseClass - Trying to find Element By {by.toString()})
2023-12-18 22:48:10,039 [main] INFO  base.BaseClass - Found Element By {by.toString()}
Navigated back from browser
2023-12-18 22:48:10,097 [main] INFO  base.BaseClass - Trying to find Element By {by.toString()})
2023-12-18 22:48:10,463 [main] INFO  base.BaseClass - Found Element By {by.toString()}
2023-12-18 22:48:10,987 [main] INFO  base.BaseClass - Trying to find Element By {by.toString()})
2023-12-18 22:48:11,011 [main] INFO  base.BaseClass - Found Element By {by.toString()}
2023-12-18 22:48:11,534 [main] INFO  base.BaseClass - Trying to find Element By {by.toString()})
2023-12-18 22:48:11,566 [main] INFO  base.BaseClass - Found Element By {by.toString()}
2023-12-18 22:48:12,096 [main] INFO  base.BaseClass - Trying to find Element By {by.toString()})
2023-12-18 22:48:12,125 [main] INFO  base.BaseClass - Found Element By {by.toString()}
2023-12-18 22:48:12,676 [main] INFO  base.BaseClass - Trying to find Element By {by.toString()})
2023-12-18 22:48:12,711 [main] INFO  base.BaseClass - Found Element By {by.toString()}
2023-12-18 22:48:13,259 [main] INFO  base.BaseClass - Trying to find Element By {by.toString()})
2023-12-18 22:48:13,291 [main] INFO  base.BaseClass - Found Element By {by.toString()}
2023-12-18 22:48:13,841 [main] INFO  base.BaseClass - Trying to find Element By {by.toString()})
2023-12-18 22:48:13,869 [main] INFO  base.BaseClass - Found Element By {by.toString()}
2023-12-18 22:48:14,408 [main] INFO  base.BaseClass - Trying to find Element By {by.toString()})
2023-12-18 22:48:14,437 [main] INFO  base.BaseClass - Found Element By {by.toString()}
2023-12-18 22:48:14,975 [main] INFO  base.BaseClass - Trying to find Element By {by.toString()})
2023-12-18 22:48:15,001 [main] INFO  base.BaseClass - Found Element By {by.toString()}
2023-12-18 22:48:15,523 [main] INFO  base.BaseClass - Trying to find Element By {by.toString()})
2023-12-18 22:48:15,553 [main] INFO  base.BaseClass - Found Element By {by.toString()}
2023-12-18 22:48:16,092 [main] INFO  base.BaseClass - Trying to find Element By {by.toString()})
2023-12-18 22:48:16,120 [main] INFO  base.BaseClass - Found Element By {by.toString()}
2023-12-18 22:48:16,651 [main] INFO  base.BaseClass - Trying to find Element By {by.toString()})
2023-12-18 22:48:16,678 [main] INFO  base.BaseClass - Found Element By {by.toString()}
2023-12-18 22:48:17,214 [main] INFO  base.BaseClass - Trying to find Element By {by.toString()})
2023-12-18 22:48:17,243 [main] INFO  base.BaseClass - Found Element By {by.toString()}
2023-12-18 22:48:17,780 [main] INFO  base.BaseClass - Trying to find Element By {by.toString()})
2023-12-18 22:48:17,806 [main] INFO  base.BaseClass - Found Element By {by.toString()}
2023-12-18 22:48:18,347 [main] INFO  base.BaseClass - Trying to find Element By {by.toString()})
2023-12-18 22:48:18,374 [main] INFO  base.BaseClass - Found Element By {by.toString()}
2023-12-18 22:48:18,914 [main] INFO  base.BaseClass - Trying to find Element By {by.toString()})
2023-12-18 22:48:18,940 [main] INFO  base.BaseClass - Found Element By {by.toString()}
2023-12-18 22:48:19,482 [main] INFO  base.BaseClass - Trying to find Element By {by.toString()})
2023-12-18 22:48:19,507 [main] INFO  base.BaseClass - Found Element By {by.toString()}
2023-12-18 22:48:20,043 [main] INFO  base.BaseClass - Trying to find Element By {by.toString()})
2023-12-18 22:48:20,070 [main] INFO  base.BaseClass - Found Element By {by.toString()}
2023-12-18 22:48:20,613 [main] INFO  base.BaseClass - Trying to find Element By {by.toString()})
2023-12-18 22:48:20,622 [main] INFO  base.BaseClass - Found Element By {by.toString()}
2023-12-18 22:48:21,146 [main] INFO  base.BaseClass - Trying to find Element By {by.toString()})
2023-12-18 22:48:21,172 [main] INFO  base.BaseClass - Found Element By {by.toString()}
2023-12-18 22:48:21,713 [main] INFO  base.BaseClass - Trying to find Element By {by.toString()})
2023-12-18 22:48:21,740 [main] INFO  base.BaseClass - Found Element By {by.toString()}
2023-12-18 22:48:22,277 [main] INFO  base.BaseClass - Trying to find Element By {by.toString()})
2023-12-18 22:48:22,306 [main] INFO  base.BaseClass - Found Element By {by.toString()}
2023-12-18 22:48:22,858 [main] INFO  base.BaseClass - Trying to find Element By {by.toString()})
2023-12-18 22:48:22,885 [main] INFO  base.BaseClass - Found Element By {by.toString()}
2023-12-18 22:48:23,425 [main] INFO  base.BaseClass - Trying to find Element By {by.toString()})
2023-12-18 22:48:23,441 [main] INFO  base.BaseClass - Found Element By {by.toString()}
2023-12-18 22:48:23,974 [main] INFO  base.BaseClass - Trying to find Element By {by.toString()})
2023-12-18 22:48:23,999 [main] INFO  base.BaseClass - Found Element By {by.toString()}
2023-12-18 22:48:24,537 [main] INFO  base.BaseClass - Trying to find Element By {by.toString()})
2023-12-18 22:48:24,564 [main] INFO  base.BaseClass - Found Element By {by.toString()}
2023-12-18 22:48:25,103 [main] INFO  base.BaseClass - Trying to find Element By {by.toString()})
2023-12-18 22:48:25,129 [main] INFO  base.BaseClass - Found Element By {by.toString()}
2023-12-18 22:48:25,667 [main] INFO  base.BaseClass - Trying to find Element By {by.toString()})
2023-12-18 22:48:25,693 [main] INFO  base.BaseClass - Found Element By {by.toString()}
2023-12-18 22:48:26,228 [main] INFO  base.BaseClass - Trying to find Element By {by.toString()})
2023-12-18 22:48:26,258 [main] INFO  base.BaseClass - Found Element By {by.toString()}
2023-12-18 22:48:26,794 [main] INFO  base.BaseClass - Trying to find Element By {by.toString()})
2023-12-18 22:48:26,820 [main] INFO  base.BaseClass - Found Element By {by.toString()}
2023-12-18 22:48:27,358 [main] INFO  base.BaseClass - Trying to find Element By {by.toString()})
2023-12-18 22:48:27,380 [main] INFO  base.BaseClass - Found Element By {by.toString()}
2023-12-18 22:48:27,924 [main] INFO  base.BaseClass - Trying to find Element By {by.toString()})
2023-12-18 22:48:27,948 [main] INFO  base.BaseClass - Found Element By {by.toString()}
2023-12-18 22:48:28,490 [main] INFO  base.BaseClass - Trying to find Element By {by.toString()})
2023-12-18 22:48:28,516 [main] INFO  base.BaseClass - Found Element By {by.toString()}
2023-12-18 22:48:29,057 [main] INFO  base.BaseClass - Trying to find Element By {by.toString()})
2023-12-18 22:48:29,082 [main] INFO  base.BaseClass - Found Element By {by.toString()}
2023-12-18 22:48:29,618 [main] INFO  base.BaseClass - Trying to find Element By {by.toString()})
2023-12-18 22:48:30,564 [main] INFO  base.BaseClass - Found Element By {by.toString()}
2023-12-18 22:48:31,120 [main] INFO  base.BaseClass - Trying to find Element By {by.toString()})
2023-12-18 22:48:31,148 [main] INFO  base.BaseClass - Found Element By {by.toString()}
2023-12-18 22:48:31,700 [main] INFO  base.BaseClass - Trying to find Element By {by.toString()})
2023-12-18 22:48:31,727 [main] INFO  base.BaseClass - Found Element By {by.toString()}
2023-12-18 22:48:32,281 [main] INFO  base.BaseClass - Trying to find Element By {by.toString()})
2023-12-18 22:48:32,308 [main] INFO  base.BaseClass - Found Element By {by.toString()}
2023-12-18 22:48:32,859 [main] INFO  base.BaseClass - Trying to find Element By {by.toString()})
2023-12-18 22:48:32,885 [main] INFO  base.BaseClass - Found Element By {by.toString()}
2023-12-18 22:48:33,425 [main] INFO  base.BaseClass - Trying to find Element By {by.toString()})
2023-12-18 22:48:33,450 [main] INFO  base.BaseClass - Found Element By {by.toString()}
2023-12-18 22:48:33,976 [main] INFO  base.BaseClass - Trying to find Element By {by.toString()})
2023-12-18 22:48:34,002 [main] INFO  base.BaseClass - Found Element By {by.toString()}
2023-12-18 22:48:34,545 [main] INFO  base.BaseClass - Trying to find Element By {by.toString()})
2023-12-18 22:48:34,570 [main] INFO  base.BaseClass - Found Element By {by.toString()}
2023-12-18 22:48:35,108 [main] INFO  base.BaseClass - Trying to find Element By {by.toString()})
2023-12-18 22:48:35,134 [main] INFO  base.BaseClass - Found Element By {by.toString()}
2023-12-18 22:48:35,672 [main] INFO  base.BaseClass - Trying to find Element By {by.toString()})
2023-12-18 22:48:35,698 [main] INFO  base.BaseClass - Found Element By {by.toString()}
2023-12-18 22:48:36,250 [main] INFO  base.BaseClass - Trying to find Element By {by.toString()})
2023-12-18 22:48:36,284 [main] INFO  base.BaseClass - Found Element By {by.toString()}
2023-12-18 22:48:36,828 [main] INFO  base.BaseClass - Trying to find Element By {by.toString()})
2023-12-18 22:48:36,855 [main] INFO  base.BaseClass - Found Element By {by.toString()}
2023-12-18 22:48:37,403 [main] INFO  base.BaseClass - Trying to find Element By {by.toString()})
2023-12-18 22:48:37,431 [main] INFO  base.BaseClass - Found Element By {by.toString()}
2023-12-18 22:48:37,982 [main] INFO  base.BaseClass - Trying to find Element By {by.toString()})
2023-12-18 22:48:38,007 [main] INFO  base.BaseClass - Found Element By {by.toString()}
2023-12-18 22:48:38,546 [main] INFO  base.BaseClass - Trying to find Element By {by.toString()})
2023-12-18 22:48:38,573 [main] INFO  base.BaseClass - Found Element By {by.toString()}
2023-12-18 22:48:39,115 [main] INFO  base.BaseClass - Trying to find Element By {by.toString()})
2023-12-18 22:48:39,141 [main] INFO  base.BaseClass - Found Element By {by.toString()}
2023-12-18 22:48:39,679 [main] INFO  base.BaseClass - Trying to find Element By {by.toString()})
2023-12-18 22:48:39,706 [main] INFO  base.BaseClass - Found Element By {by.toString()}
2023-12-18 22:48:40,244 [main] INFO  base.BaseClass - Trying to find Element By {by.toString()})
2023-12-18 22:48:40,269 [main] INFO  base.BaseClass - Found Element By {by.toString()}
TimeoutException occurred: Expected condition failed: waiting for helper.WaitUtility$5@2c846d55 (tried for 30 second(s) with 500 milliseconds interval)
Build info: version: '3.141.59', revision: 'e82be7d358', time: '2018-11-14T08:17:03'
System info: host: 'DPLAP166', ip: '137.237.2.47', os.name: 'Windows 10', os.arch: 'amd64', os.version: '10.0', java.version: '19.0.1'
Driver info: org.openqa.selenium.support.events.EventFiringWebDriver
Capabilities {acceptInsecureCerts: true, browserName: chrome, browserVersion: 120.0.6099.72, chrome: {chromedriverVersion: 120.0.6099.71 (9729082fe617..., userDataDir: C:\Users\dP-PL\AppData\Loca...}, fedcm:accounts: true, goog:chromeOptions: {debuggerAddress: localhost:49425}, javascriptEnabled: true, networkConnectionEnabled: false, pageLoadStrategy: normal, platform: WINDOWS, platformName: WINDOWS, proxy: Proxy(), setWindowRect: true, strictFileInteractability: false, timeouts: {implicit: 0, pageLoad: 300000, script: 30000}, unhandledPromptBehavior: dismiss and notify, webauthn:extension:credBlob: true, webauthn:extension:largeBlob: true, webauthn:extension:minPinLength: true, webauthn:extension:prf: true, webauthn:virtualAuthenticators: true}
Session ID: 1abd34155b564c235f7b904909631c81
2023-12-18 22:48:40,303 [main] ERROR XGLT_6685_Test - Element did not become visible within the specified time: Expected condition failed: waiting for helper.WaitUtility$5@2c846d55 (tried for 30 second(s) with 500 milliseconds interval)
Build info: version: '3.141.59', revision: 'e82be7d358', time: '2018-11-14T08:17:03'
System info: host: 'DPLAP166', ip: '137.237.2.47', os.name: 'Windows 10', os.arch: 'amd64', os.version: '10.0', java.version: '19.0.1'
Driver info: org.openqa.selenium.support.events.EventFiringWebDriver
Capabilities {acceptInsecureCerts: true, browserName: chrome, browserVersion: 120.0.6099.72, chrome: {chromedriverVersion: 120.0.6099.71 (9729082fe617..., userDataDir: C:\Users\dP-PL\AppData\Loca...}, fedcm:accounts: true, goog:chromeOptions: {debuggerAddress: localhost:49425}, javascriptEnabled: true, networkConnectionEnabled: false, pageLoadStrategy: normal, platform: WINDOWS, platformName: WINDOWS, proxy: Proxy(), setWindowRect: true, strictFileInteractability: false, timeouts: {implicit: 0, pageLoad: 300000, script: 30000}, unhandledPromptBehavior: dismiss and notify, webauthn:extension:credBlob: true, webauthn:extension:largeBlob: true, webauthn:extension:minPinLength: true, webauthn:extension:prf: true, webauthn:virtualAuthenticators: true}
Session ID: 1abd34155b564c235f7b904909631c81
2023-12-18 22:48:40,303 [main] INFO  base.BaseClass - Trying to find Element By {by.toString()})
2023-12-18 22:48:40,333 [main] INFO  base.BaseClass - Found Element By {by.toString()}
2023-12-18 22:48:40,859 [main] INFO  base.BaseClass - Trying to find Element By {by.toString()})
2023-12-18 22:48:40,885 [main] INFO  base.BaseClass - Found Element By {by.toString()}
2023-12-18 22:48:41,423 [main] INFO  base.BaseClass - Trying to find Element By {by.toString()})
2023-12-18 22:48:41,449 [main] INFO  base.BaseClass - Found Element By {by.toString()}
2023-12-18 22:48:41,988 [main] INFO  base.BaseClass - Trying to find Element By {by.toString()})
2023-12-18 22:48:42,016 [main] INFO  base.BaseClass - Found Element By {by.toString()}
2023-12-18 22:48:42,552 [main] INFO  base.BaseClass - Trying to find Element By {by.toString()})
2023-12-18 22:48:42,578 [main] INFO  base.BaseClass - Found Element By {by.toString()}
2023-12-18 22:48:43,117 [main] INFO  base.BaseClass - Trying to find Element By {by.toString()})
2023-12-18 22:48:43,144 [main] INFO  base.BaseClass - Found Element By {by.toString()}
2023-12-18 22:48:43,683 [main] INFO  base.BaseClass - Trying to find Element By {by.toString()})
2023-12-18 22:48:43,709 [main] INFO  base.BaseClass - Found Element By {by.toString()}
2023-12-18 22:48:44,259 [main] INFO  base.BaseClass - Trying to find Element By {by.toString()})
2023-12-18 22:48:44,279 [main] INFO  base.BaseClass - Found Element By {by.toString()}
2023-12-18 22:48:44,807 [main] INFO  base.BaseClass - Trying to find Element By {by.toString()})
2023-12-18 22:48:44,833 [main] INFO  base.BaseClass - Found Element By {by.toString()}
2023-12-18 22:48:45,374 [main] INFO  base.BaseClass - Trying to find Element By {by.toString()})
2023-12-18 22:48:45,411 [main] INFO  base.BaseClass - Found Element By {by.toString()}
2023-12-18 22:48:45,939 [main] INFO  base.BaseClass - Trying to find Element By {by.toString()})
2023-12-18 22:48:45,967 [main] INFO  base.BaseClass - Found Element By {by.toString()}
2023-12-18 22:48:46,506 [main] INFO  base.BaseClass - Trying to find Element By {by.toString()})
2023-12-18 22:48:46,533 [main] INFO  base.BaseClass - Found Element By {by.toString()}
2023-12-18 22:48:47,083 [main] INFO  base.BaseClass - Trying to find Element By {by.toString()})
2023-12-18 22:48:47,108 [main] INFO  base.BaseClass - Found Element By {by.toString()}
2023-12-18 22:48:47,647 [main] INFO  base.BaseClass - Trying to find Element By {by.toString()})
2023-12-18 22:48:47,662 [main] INFO  base.BaseClass - Found Element By {by.toString()}
2023-12-18 22:48:48,197 [main] INFO  base.BaseClass - Trying to find Element By {by.toString()})
2023-12-18 22:48:48,223 [main] INFO  base.BaseClass - Found Element By {by.toString()}
2023-12-18 22:48:48,762 [main] INFO  base.BaseClass - Trying to find Element By {by.toString()})
2023-12-18 22:48:48,787 [main] INFO  base.BaseClass - Found Element By {by.toString()}
2023-12-18 22:48:49,327 [main] INFO  base.BaseClass - Trying to find Element By {by.toString()})
2023-12-18 22:48:49,352 [main] INFO  base.BaseClass - Found Element By {by.toString()}
2023-12-18 22:48:49,892 [main] INFO  base.BaseClass - Trying to find Element By {by.toString()})
2023-12-18 22:48:49,919 [main] INFO  base.BaseClass - Found Element By {by.toString()}
2023-12-18 22:48:50,457 [main] INFO  base.BaseClass - Trying to find Element By {by.toString()})
2023-12-18 22:48:50,484 [main] INFO  base.BaseClass - Found Element By {by.toString()}
2023-12-18 22:48:51,024 [main] INFO  base.BaseClass - Trying to find Element By {by.toString()})
2023-12-18 22:48:51,051 [main] INFO  base.BaseClass - Found Element By {by.toString()}
2023-12-18 22:48:51,605 [main] INFO  base.BaseClass - Trying to find Element By {by.toString()})
2023-12-18 22:48:51,632 [main] INFO  base.BaseClass - Found Element By {by.toString()}
2023-12-18 22:48:52,186 [main] INFO  base.BaseClass - Trying to find Element By {by.toString()})
2023-12-18 22:48:52,211 [main] INFO  base.BaseClass - Found Element By {by.toString()}
2023-12-18 22:48:52,765 [main] INFO  base.BaseClass - Trying to find Element By {by.toString()})
2023-12-18 22:48:52,783 [main] INFO  base.BaseClass - Found Element By {by.toString()}
2023-12-18 22:48:53,314 [main] INFO  base.BaseClass - Trying to find Element By {by.toString()})
2023-12-18 22:48:53,339 [main] INFO  base.BaseClass - Found Element By {by.toString()}
2023-12-18 22:48:53,880 [main] INFO  base.BaseClass - Trying to find Element By {by.toString()})
2023-12-18 22:48:53,905 [main] INFO  base.BaseClass - Found Element By {by.toString()}
2023-12-18 22:48:54,446 [main] INFO  base.BaseClass - Trying to find Element By {by.toString()})
2023-12-18 22:48:54,471 [main] INFO  base.BaseClass - Found Element By {by.toString()}
2023-12-18 22:48:55,012 [main] INFO  base.BaseClass - Trying to find Element By {by.toString()})
2023-12-18 22:48:55,043 [main] INFO  base.BaseClass - Found Element By {by.toString()}
2023-12-18 22:48:55,594 [main] INFO  base.BaseClass - Trying to find Element By {by.toString()})
2023-12-18 22:48:55,621 [main] INFO  base.BaseClass - Found Element By {by.toString()}
2023-12-18 22:48:56,162 [main] INFO  base.BaseClass - Trying to find Element By {by.toString()})
2023-12-18 22:48:56,188 [main] INFO  base.BaseClass - Found Element By {by.toString()}
2023-12-18 22:48:56,741 [main] INFO  base.BaseClass - Trying to find Element By {by.toString()})
2023-12-18 22:48:56,767 [main] INFO  base.BaseClass - Found Element By {by.toString()}
2023-12-18 22:48:57,307 [main] INFO  base.BaseClass - Trying to find Element By {by.toString()})
2023-12-18 22:48:57,327 [main] INFO  base.BaseClass - Found Element By {by.toString()}
2023-12-18 22:48:57,874 [main] INFO  base.BaseClass - Trying to find Element By {by.toString()})
2023-12-18 22:48:57,898 [main] INFO  base.BaseClass - Found Element By {by.toString()}
2023-12-18 22:48:58,423 [main] INFO  base.BaseClass - Trying to find Element By {by.toString()})
2023-12-18 22:48:58,448 [main] INFO  base.BaseClass - Found Element By {by.toString()}
2023-12-18 22:48:58,999 [main] INFO  base.BaseClass - Trying to find Element By {by.toString()})
2023-12-18 22:48:59,025 [main] INFO  base.BaseClass - Found Element By {by.toString()}
2023-12-18 22:48:59,565 [main] INFO  base.BaseClass - Trying to find Element By {by.toString()})
2023-12-18 22:48:59,592 [main] INFO  base.BaseClass - Found Element By {by.toString()}
2023-12-18 22:49:00,131 [main] INFO  base.BaseClass - Trying to find Element By {by.toString()})
2023-12-18 22:49:00,153 [main] INFO  base.BaseClass - Found Element By {by.toString()}
2023-12-18 22:49:00,695 [main] INFO  base.BaseClass - Trying to find Element By {by.toString()})
2023-12-18 22:49:00,721 [main] INFO  base.BaseClass - Found Element By {by.toString()}
2023-12-18 22:49:01,261 [main] INFO  base.BaseClass - Trying to find Element By {by.toString()})
2023-12-18 22:49:01,286 [main] INFO  base.BaseClass - Found Element By {by.toString()}
2023-12-18 22:49:01,827 [main] INFO  base.BaseClass - Trying to find Element By {by.toString()})
2023-12-18 22:49:01,853 [main] INFO  base.BaseClass - Found Element By {by.toString()}
2023-12-18 22:49:02,378 [main] INFO  base.BaseClass - Trying to find Element By {by.toString()})
2023-12-18 22:49:02,404 [main] INFO  base.BaseClass - Found Element By {by.toString()}
2023-12-18 22:49:02,943 [main] INFO  base.BaseClass - Trying to find Element By {by.toString()})
2023-12-18 22:49:02,969 [main] INFO  base.BaseClass - Found Element By {by.toString()}
2023-12-18 22:49:03,506 [main] INFO  base.BaseClass - Trying to find Element By {by.toString()})
2023-12-18 22:49:03,533 [main] INFO  base.BaseClass - Found Element By {by.toString()}
2023-12-18 22:49:04,073 [main] INFO  base.BaseClass - Trying to find Element By {by.toString()})
2023-12-18 22:49:04,098 [main] INFO  base.BaseClass - Found Element By {by.toString()}
2023-12-18 22:49:04,641 [main] INFO  base.BaseClass - Trying to find Element By {by.toString()})
2023-12-18 22:49:04,667 [main] INFO  base.BaseClass - Found Element By {by.toString()}
2023-12-18 22:49:05,207 [main] INFO  base.BaseClass - Trying to find Element By {by.toString()})
2023-12-18 22:49:05,232 [main] INFO  base.BaseClass - Found Element By {by.toString()}
2023-12-18 22:49:05,770 [main] INFO  base.BaseClass - Trying to find Element By {by.toString()})
2023-12-18 22:49:05,796 [main] INFO  base.BaseClass - Found Element By {by.toString()}
2023-12-18 22:49:06,333 [main] INFO  base.BaseClass - Trying to find Element By {by.toString()})
2023-12-18 22:49:06,358 [main] INFO  base.BaseClass - Found Element By {by.toString()}
2023-12-18 22:49:06,900 [main] INFO  base.BaseClass - Trying to find Element By {by.toString()})
2023-12-18 22:49:06,910 [main] INFO  base.BaseClass - Found Element By {by.toString()}
2023-12-18 22:49:07,434 [main] INFO  base.BaseClass - Trying to find Element By {by.toString()})
2023-12-18 22:49:07,460 [main] INFO  base.BaseClass - Found Element By {by.toString()}
2023-12-18 22:49:07,997 [main] INFO  base.BaseClass - Trying to find Element By {by.toString()})
2023-12-18 22:49:08,022 [main] INFO  base.BaseClass - Found Element By {by.toString()}
2023-12-18 22:49:08,564 [main] INFO  base.BaseClass - Trying to find Element By {by.toString()})
2023-12-18 22:49:08,591 [main] INFO  base.BaseClass - Found Element By {by.toString()}
2023-12-18 22:49:09,132 [main] INFO  base.BaseClass - Trying to find Element By {by.toString()})
2023-12-18 22:49:09,158 [main] INFO  base.BaseClass - Found Element By {by.toString()}
2023-12-18 22:49:09,680 [main] INFO  base.BaseClass - Trying to find Element By {by.toString()})
2023-12-18 22:49:09,705 [main] INFO  base.BaseClass - Found Element By {by.toString()}
2023-12-18 22:49:10,243 [main] INFO  base.BaseClass - Trying to find Element By {by.toString()})
2023-12-18 22:49:10,268 [main] INFO  base.BaseClass - Found Element By {by.toString()}
2023-12-18 22:49:10,796 [main] INFO  base.BaseClass - Trying to find Element By {by.toString()})
2023-12-18 22:49:10,821 [main] INFO  base.BaseClass - Found Element By {by.toString()}
TimeoutException occurred: Expected condition failed: waiting for helper.WaitUtility$5@4e25282d (tried for 30 second(s) with 500 milliseconds interval)
Build info: version: '3.141.59', revision: 'e82be7d358', time: '2018-11-14T08:17:03'
System info: host: 'DPLAP166', ip: '137.237.2.47', os.name: 'Windows 10', os.arch: 'amd64', os.version: '10.0', java.version: '19.0.1'
Driver info: org.openqa.selenium.support.events.EventFiringWebDriver
Capabilities {acceptInsecureCerts: true, browserName: chrome, browserVersion: 120.0.6099.72, chrome: {chromedriverVersion: 120.0.6099.71 (9729082fe617..., userDataDir: C:\Users\dP-PL\AppData\Loca...}, fedcm:accounts: true, goog:chromeOptions: {debuggerAddress: localhost:49425}, javascriptEnabled: true, networkConnectionEnabled: false, pageLoadStrategy: normal, platform: WINDOWS, platformName: WINDOWS, proxy: Proxy(), setWindowRect: true, strictFileInteractability: false, timeouts: {implicit: 0, pageLoad: 300000, script: 30000}, unhandledPromptBehavior: dismiss and notify, webauthn:extension:credBlob: true, webauthn:extension:largeBlob: true, webauthn:extension:minPinLength: true, webauthn:extension:prf: true, webauthn:virtualAuthenticators: true}
Session ID: 1abd34155b564c235f7b904909631c81
2023-12-18 22:49:10,856 [main] ERROR XGLT_6685_Test - Element did not become visible within the specified time: Expected condition failed: waiting for helper.WaitUtility$5@4e25282d (tried for 30 second(s) with 500 milliseconds interval)
Build info: version: '3.141.59', revision: 'e82be7d358', time: '2018-11-14T08:17:03'
System info: host: 'DPLAP166', ip: '137.237.2.47', os.name: 'Windows 10', os.arch: 'amd64', os.version: '10.0', java.version: '19.0.1'
Driver info: org.openqa.selenium.support.events.EventFiringWebDriver
Capabilities {acceptInsecureCerts: true, browserName: chrome, browserVersion: 120.0.6099.72, chrome: {chromedriverVersion: 120.0.6099.71 (9729082fe617..., userDataDir: C:\Users\dP-PL\AppData\Loca...}, fedcm:accounts: true, goog:chromeOptions: {debuggerAddress: localhost:49425}, javascriptEnabled: true, networkConnectionEnabled: false, pageLoadStrategy: normal, platform: WINDOWS, platformName: WINDOWS, proxy: Proxy(), setWindowRect: true, strictFileInteractability: false, timeouts: {implicit: 0, pageLoad: 300000, script: 30000}, unhandledPromptBehavior: dismiss and notify, webauthn:extension:credBlob: true, webauthn:extension:largeBlob: true, webauthn:extension:minPinLength: true, webauthn:extension:prf: true, webauthn:virtualAuthenticators: true}
Session ID: 1abd34155b564c235f7b904909631c81
2023-12-18 22:49:10,856 [main] INFO  base.BaseClass - Trying to find Element By {by.toString()})
2023-12-18 22:49:10,878 [main] INFO  base.BaseClass - Found Element By {by.toString()}
MC credit hold value is 48
2023-12-18 22:49:10,910 [main] INFO  base.BaseClass - Trying to find Element By {by.toString()})
2023-12-18 22:49:10,923 [main] INFO  base.BaseClass - Found Element By {by.toString()}
2023-12-18 22:49:11,453 [main] INFO  base.BaseClass - Trying to find Element By {by.toString()})
2023-12-18 22:49:11,481 [main] INFO  base.BaseClass - Found Element By {by.toString()}
2023-12-18 22:49:12,017 [main] INFO  base.BaseClass - Trying to find Element By {by.toString()})
2023-12-18 22:49:12,044 [main] INFO  base.BaseClass - Found Element By {by.toString()}
2023-12-18 22:49:12,599 [main] INFO  base.BaseClass - Trying to find Element By {by.toString()})
2023-12-18 22:49:12,625 [main] INFO  base.BaseClass - Found Element By {by.toString()}
2023-12-18 22:49:13,165 [main] INFO  base.BaseClass - Trying to find Element By {by.toString()})
2023-12-18 22:49:13,193 [main] INFO  base.BaseClass - Found Element By {by.toString()}
2023-12-18 22:49:13,730 [main] INFO  base.BaseClass - Trying to find Element By {by.toString()})
2023-12-18 22:49:13,755 [main] INFO  base.BaseClass - Found Element By {by.toString()}
2023-12-18 22:49:14,296 [main] INFO  base.BaseClass - Trying to find Element By {by.toString()})
2023-12-18 22:49:14,321 [main] INFO  base.BaseClass - Found Element By {by.toString()}
2023-12-18 22:49:14,861 [main] INFO  base.BaseClass - Trying to find Element By {by.toString()})
2023-12-18 22:49:14,887 [main] INFO  base.BaseClass - Found Element By {by.toString()}
2023-12-18 22:49:15,427 [main] INFO  base.BaseClass - Trying to find Element By {by.toString()})
2023-12-18 22:49:15,453 [main] INFO  base.BaseClass - Found Element By {by.toString()}
2023-12-18 22:49:15,993 [main] INFO  base.BaseClass - Trying to find Element By {by.toString()})
2023-12-18 22:49:16,018 [main] INFO  base.BaseClass - Found Element By {by.toString()}
2023-12-18 22:49:16,557 [main] INFO  base.BaseClass - Trying to find Element By {by.toString()})
2023-12-18 22:49:16,583 [main] INFO  base.BaseClass - Found Element By {by.toString()}
2023-12-18 22:49:17,126 [main] INFO  base.BaseClass - Trying to find Element By {by.toString()})
2023-12-18 22:49:17,154 [main] INFO  base.BaseClass - Found Element By {by.toString()}
2023-12-18 22:49:17,692 [main] INFO  base.BaseClass - Trying to find Element By {by.toString()})
2023-12-18 22:49:17,718 [main] INFO  base.BaseClass - Found Element By {by.toString()}
2023-12-18 22:49:18,259 [main] INFO  base.BaseClass - Trying to find Element By {by.toString()})
2023-12-18 22:49:18,282 [main] INFO  base.BaseClass - Found Element By {by.toString()}
2023-12-18 22:49:18,822 [main] INFO  base.BaseClass - Trying to find Element By {by.toString()})
2023-12-18 22:49:18,848 [main] INFO  base.BaseClass - Found Element By {by.toString()}
2023-12-18 22:49:19,389 [main] INFO  base.BaseClass - Trying to find Element By {by.toString()})
2023-12-18 22:49:19,413 [main] INFO  base.BaseClass - Found Element By {by.toString()}
2023-12-18 22:49:19,972 [main] INFO  base.BaseClass - Trying to find Element By {by.toString()})
2023-12-18 22:49:19,999 [main] INFO  base.BaseClass - Found Element By {by.toString()}
2023-12-18 22:49:20,539 [main] INFO  base.BaseClass - Trying to find Element By {by.toString()})
2023-12-18 22:49:20,564 [main] INFO  base.BaseClass - Found Element By {by.toString()}
2023-12-18 22:49:21,104 [main] INFO  base.BaseClass - Trying to find Element By {by.toString()})
2023-12-18 22:49:21,129 [main] INFO  base.BaseClass - Found Element By {by.toString()}
2023-12-18 22:49:21,670 [main] INFO  base.BaseClass - Trying to find Element By {by.toString()})
2023-12-18 22:49:21,695 [main] INFO  base.BaseClass - Found Element By {by.toString()}
2023-12-18 22:49:22,237 [main] INFO  base.BaseClass - Trying to find Element By {by.toString()})
2023-12-18 22:49:22,259 [main] INFO  base.BaseClass - Found Element By {by.toString()}
2023-12-18 22:49:22,802 [main] INFO  base.BaseClass - Trying to find Element By {by.toString()})
2023-12-18 22:49:22,827 [main] INFO  base.BaseClass - Found Element By {by.toString()}
2023-12-18 22:49:23,370 [main] INFO  base.BaseClass - Trying to find Element By {by.toString()})
2023-12-18 22:49:23,396 [main] INFO  base.BaseClass - Found Element By {by.toString()}
2023-12-18 22:49:23,939 [main] INFO  base.BaseClass - Trying to find Element By {by.toString()})
2023-12-18 22:49:23,966 [main] INFO  base.BaseClass - Found Element By {by.toString()}
2023-12-18 22:49:24,504 [main] INFO  base.BaseClass - Trying to find Element By {by.toString()})
2023-12-18 22:49:24,528 [main] INFO  base.BaseClass - Found Element By {by.toString()}
2023-12-18 22:49:25,073 [main] INFO  base.BaseClass - Trying to find Element By {by.toString()})
2023-12-18 22:49:25,096 [main] INFO  base.BaseClass - Found Element By {by.toString()}
2023-12-18 22:49:25,621 [main] INFO  base.BaseClass - Trying to find Element By {by.toString()})
2023-12-18 22:49:25,648 [main] INFO  base.BaseClass - Found Element By {by.toString()}
2023-12-18 22:49:26,188 [main] INFO  base.BaseClass - Trying to find Element By {by.toString()})
2023-12-18 22:49:26,214 [main] INFO  base.BaseClass - Found Element By {by.toString()}
2023-12-18 22:49:26,754 [main] INFO  base.BaseClass - Trying to find Element By {by.toString()})
2023-12-18 22:49:26,778 [main] INFO  base.BaseClass - Found Element By {by.toString()}
2023-12-18 22:49:27,321 [main] INFO  base.BaseClass - Trying to find Element By {by.toString()})
2023-12-18 22:49:27,340 [main] INFO  base.BaseClass - Found Element By {by.toString()}
2023-12-18 22:49:27,870 [main] INFO  base.BaseClass - Trying to find Element By {by.toString()})
2023-12-18 22:49:27,898 [main] INFO  base.BaseClass - Found Element By {by.toString()}
2023-12-18 22:49:28,435 [main] INFO  base.BaseClass - Trying to find Element By {by.toString()})
2023-12-18 22:49:28,459 [main] INFO  base.BaseClass - Found Element By {by.toString()}
2023-12-18 22:49:29,004 [main] INFO  base.BaseClass - Trying to find Element By {by.toString()})
2023-12-18 22:49:29,030 [main] INFO  base.BaseClass - Found Element By {by.toString()}
2023-12-18 22:49:29,571 [main] INFO  base.BaseClass - Trying to find Element By {by.toString()})
2023-12-18 22:49:29,595 [main] INFO  base.BaseClass - Found Element By {by.toString()}
2023-12-18 22:49:30,136 [main] INFO  base.BaseClass - Trying to find Element By {by.toString()})
2023-12-18 22:49:30,159 [main] INFO  base.BaseClass - Found Element By {by.toString()}
2023-12-18 22:49:30,701 [main] INFO  base.BaseClass - Trying to find Element By {by.toString()})
2023-12-18 22:49:30,726 [main] INFO  base.BaseClass - Found Element By {by.toString()}
2023-12-18 22:49:31,268 [main] INFO  base.BaseClass - Trying to find Element By {by.toString()})
2023-12-18 22:49:31,294 [main] INFO  base.BaseClass - Found Element By {by.toString()}
2023-12-18 22:49:31,842 [main] INFO  base.BaseClass - Trying to find Element By {by.toString()})
2023-12-18 22:49:31,867 [main] INFO  base.BaseClass - Found Element By {by.toString()}
2023-12-18 22:49:32,408 [main] INFO  base.BaseClass - Trying to find Element By {by.toString()})
2023-12-18 22:49:32,433 [main] INFO  base.BaseClass - Found Element By {by.toString()}
2023-12-18 22:49:32,975 [main] INFO  base.BaseClass - Trying to find Element By {by.toString()})
2023-12-18 22:49:33,001 [main] INFO  base.BaseClass - Found Element By {by.toString()}
2023-12-18 22:49:33,542 [main] INFO  base.BaseClass - Trying to find Element By {by.toString()})
2023-12-18 22:49:33,569 [main] INFO  base.BaseClass - Found Element By {by.toString()}
2023-12-18 22:49:34,106 [main] INFO  base.BaseClass - Trying to find Element By {by.toString()})
2023-12-18 22:49:34,130 [main] INFO  base.BaseClass - Found Element By {by.toString()}
2023-12-18 22:49:34,673 [main] INFO  base.BaseClass - Trying to find Element By {by.toString()})
2023-12-18 22:49:34,684 [main] INFO  base.BaseClass - Found Element By {by.toString()}
2023-12-18 22:49:35,204 [main] INFO  base.BaseClass - Trying to find Element By {by.toString()})
2023-12-18 22:49:35,231 [main] INFO  base.BaseClass - Found Element By {by.toString()}
2023-12-18 22:49:35,770 [main] INFO  base.BaseClass - Trying to find Element By {by.toString()})
2023-12-18 22:49:35,797 [main] INFO  base.BaseClass - Found Element By {by.toString()}
2023-12-18 22:49:36,349 [main] INFO  base.BaseClass - Trying to find Element By {by.toString()})
2023-12-18 22:49:36,374 [main] INFO  base.BaseClass - Found Element By {by.toString()}
2023-12-18 22:49:36,914 [main] INFO  base.BaseClass - Trying to find Element By {by.toString()})
2023-12-18 22:49:36,939 [main] INFO  base.BaseClass - Found Element By {by.toString()}
2023-12-18 22:49:37,480 [main] INFO  base.BaseClass - Trying to find Element By {by.toString()})
2023-12-18 22:49:37,505 [main] INFO  base.BaseClass - Found Element By {by.toString()}
2023-12-18 22:49:38,049 [main] INFO  base.BaseClass - Trying to find Element By {by.toString()})
2023-12-18 22:49:38,071 [main] INFO  base.BaseClass - Found Element By {by.toString()}
2023-12-18 22:49:38,600 [main] INFO  base.BaseClass - Trying to find Element By {by.toString()})
2023-12-18 22:49:38,624 [main] INFO  base.BaseClass - Found Element By {by.toString()}
2023-12-18 22:49:39,167 [main] INFO  base.BaseClass - Trying to find Element By {by.toString()})
2023-12-18 22:49:39,178 [main] INFO  base.BaseClass - Found Element By {by.toString()}
2023-12-18 22:49:39,695 [main] INFO  base.BaseClass - Trying to find Element By {by.toString()})
2023-12-18 22:49:39,721 [main] INFO  base.BaseClass - Found Element By {by.toString()}
2023-12-18 22:49:40,261 [main] INFO  base.BaseClass - Trying to find Element By {by.toString()})
2023-12-18 22:49:40,275 [main] INFO  base.BaseClass - Found Element By {by.toString()}
2023-12-18 22:49:40,795 [main] INFO  base.BaseClass - Trying to find Element By {by.toString()})
2023-12-18 22:49:40,807 [main] INFO  base.BaseClass - Found Element By {by.toString()}
2023-12-18 22:49:41,333 [main] INFO  base.BaseClass - Trying to find Element By {by.toString()})
2023-12-18 22:49:41,346 [main] INFO  base.BaseClass - Found Element By {by.toString()}
TimeoutException occurred: Expected condition failed: waiting for helper.WaitUtility$5@5edaa572 (tried for 30 second(s) with 500 milliseconds interval)
Build info: version: '3.141.59', revision: 'e82be7d358', time: '2018-11-14T08:17:03'
System info: host: 'DPLAP166', ip: '137.237.2.47', os.name: 'Windows 10', os.arch: 'amd64', os.version: '10.0', java.version: '19.0.1'
Driver info: org.openqa.selenium.support.events.EventFiringWebDriver
Capabilities {acceptInsecureCerts: true, browserName: chrome, browserVersion: 120.0.6099.72, chrome: {chromedriverVersion: 120.0.6099.71 (9729082fe617..., userDataDir: C:\Users\dP-PL\AppData\Loca...}, fedcm:accounts: true, goog:chromeOptions: {debuggerAddress: localhost:49425}, javascriptEnabled: true, networkConnectionEnabled: false, pageLoadStrategy: normal, platform: WINDOWS, platformName: WINDOWS, proxy: Proxy(), setWindowRect: true, strictFileInteractability: false, timeouts: {implicit: 0, pageLoad: 300000, script: 30000}, unhandledPromptBehavior: dismiss and notify, webauthn:extension:credBlob: true, webauthn:extension:largeBlob: true, webauthn:extension:minPinLength: true, webauthn:extension:prf: true, webauthn:virtualAuthenticators: true}
Session ID: 1abd34155b564c235f7b904909631c81
2023-12-18 22:49:41,364 [main] ERROR XGLT_6685_Test - Element did not become visible within the specified time: Expected condition failed: waiting for helper.WaitUtility$5@5edaa572 (tried for 30 second(s) with 500 milliseconds interval)
Build info: version: '3.141.59', revision: 'e82be7d358', time: '2018-11-14T08:17:03'
System info: host: 'DPLAP166', ip: '137.237.2.47', os.name: 'Windows 10', os.arch: 'amd64', os.version: '10.0', java.version: '19.0.1'
Driver info: org.openqa.selenium.support.events.EventFiringWebDriver
Capabilities {acceptInsecureCerts: true, browserName: chrome, browserVersion: 120.0.6099.72, chrome: {chromedriverVersion: 120.0.6099.71 (9729082fe617..., userDataDir: C:\Users\dP-PL\AppData\Loca...}, fedcm:accounts: true, goog:chromeOptions: {debuggerAddress: localhost:49425}, javascriptEnabled: true, networkConnectionEnabled: false, pageLoadStrategy: normal, platform: WINDOWS, platformName: WINDOWS, proxy: Proxy(), setWindowRect: true, strictFileInteractability: false, timeouts: {implicit: 0, pageLoad: 300000, script: 30000}, unhandledPromptBehavior: dismiss and notify, webauthn:extension:credBlob: true, webauthn:extension:largeBlob: true, webauthn:extension:minPinLength: true, webauthn:extension:prf: true, webauthn:virtualAuthenticators: true}
Session ID: 1abd34155b564c235f7b904909631c81
2023-12-18 22:49:41,364 [main] INFO  base.BaseClass - Trying to find Element By {by.toString()})
2023-12-18 22:49:41,373 [main] INFO  base.BaseClass - Found Element By {by.toString()}
2023-12-18 22:49:41,373 [main] INFO  base.BaseClass - Trying to click on: {element.toString()}
2023-12-18 22:49:41,528 [main] INFO  base.BaseClass - Clicked on: {element.toString()}
2023-12-18 22:49:41,528 [main] INFO  base.BaseClass - Trying to find Element By {by.toString()})
2023-12-18 22:49:43,139 [main] INFO  base.BaseClass - Found Element By {by.toString()}
2023-12-18 22:49:43,662 [main] INFO  base.BaseClass - Trying to find Element By {by.toString()})
2023-12-18 22:49:43,671 [main] INFO  base.BaseClass - Found Element By {by.toString()}
2023-12-18 22:49:44,193 [main] INFO  base.BaseClass - Trying to find Element By {by.toString()})
2023-12-18 22:49:44,221 [main] INFO  base.BaseClass - Found Element By {by.toString()}
2023-12-18 22:49:44,757 [main] INFO  base.BaseClass - Trying to find Element By {by.toString()})
2023-12-18 22:49:44,786 [main] INFO  base.BaseClass - Found Element By {by.toString()}
2023-12-18 22:49:45,323 [main] INFO  base.BaseClass - Trying to find Element By {by.toString()})
2023-12-18 22:49:45,351 [main] INFO  base.BaseClass - Found Element By {by.toString()}
2023-12-18 22:49:45,902 [main] INFO  base.BaseClass - Trying to find Element By {by.toString()})
2023-12-18 22:49:45,941 [main] INFO  base.BaseClass - Found Element By {by.toString()}
2023-12-18 22:49:46,466 [main] INFO  base.BaseClass - Trying to find Element By {by.toString()})
2023-12-18 22:49:46,492 [main] INFO  base.BaseClass - Found Element By {by.toString()}
2023-12-18 22:49:47,046 [main] INFO  base.BaseClass - Trying to find Element By {by.toString()})
2023-12-18 22:49:47,075 [main] INFO  base.BaseClass - Found Element By {by.toString()}
2023-12-18 22:49:47,627 [main] INFO  base.BaseClass - Trying to find Element By {by.toString()})
2023-12-18 22:49:47,652 [main] INFO  base.BaseClass - Found Element By {by.toString()}
2023-12-18 22:49:48,177 [main] INFO  base.BaseClass - Trying to find Element By {by.toString()})
2023-12-18 22:49:48,203 [main] INFO  base.BaseClass - Found Element By {by.toString()}
2023-12-18 22:49:48,739 [main] INFO  base.BaseClass - Trying to find Element By {by.toString()})
2023-12-18 22:49:48,766 [main] INFO  base.BaseClass - Found Element By {by.toString()}
2023-12-18 22:49:49,302 [main] INFO  base.BaseClass - Trying to find Element By {by.toString()})
2023-12-18 22:49:49,327 [main] INFO  base.BaseClass - Found Element By {by.toString()}
2023-12-18 22:49:49,867 [main] INFO  base.BaseClass - Trying to find Element By {by.toString()})
2023-12-18 22:49:49,893 [main] INFO  base.BaseClass - Found Element By {by.toString()}
2023-12-18 22:49:50,426 [main] INFO  base.BaseClass - Trying to find Element By {by.toString()})
2023-12-18 22:49:50,495 [main] INFO  base.BaseClass - Found Element By {by.toString()}
2023-12-18 22:49:51,018 [main] INFO  base.BaseClass - Trying to find Element By {by.toString()})
2023-12-18 22:49:51,048 [main] INFO  base.BaseClass - Found Element By {by.toString()}
2023-12-18 22:49:51,599 [main] INFO  base.BaseClass - Trying to find Element By {by.toString()})
2023-12-18 22:49:51,626 [main] INFO  base.BaseClass - Found Element By {by.toString()}
2023-12-18 22:49:52,168 [main] INFO  base.BaseClass - Trying to find Element By {by.toString()})
2023-12-18 22:49:52,195 [main] INFO  base.BaseClass - Found Element By {by.toString()}
2023-12-18 22:49:52,751 [main] INFO  base.BaseClass - Trying to find Element By {by.toString()})
2023-12-18 22:49:52,778 [main] INFO  base.BaseClass - Found Element By {by.toString()}
2023-12-18 22:49:53,319 [main] INFO  base.BaseClass - Trying to find Element By {by.toString()})
2023-12-18 22:49:53,343 [main] INFO  base.BaseClass - Found Element By {by.toString()}
2023-12-18 22:49:53,882 [main] INFO  base.BaseClass - Trying to find Element By {by.toString()})
2023-12-18 22:49:53,907 [main] INFO  base.BaseClass - Found Element By {by.toString()}
2023-12-18 22:49:54,446 [main] INFO  base.BaseClass - Trying to find Element By {by.toString()})
2023-12-18 22:49:54,473 [main] INFO  base.BaseClass - Found Element By {by.toString()}
2023-12-18 22:49:55,013 [main] INFO  base.BaseClass - Trying to find Element By {by.toString()})
2023-12-18 22:49:55,031 [main] INFO  base.BaseClass - Found Element By {by.toString()}
2023-12-18 22:49:55,546 [main] INFO  base.BaseClass - Trying to find Element By {by.toString()})
2023-12-18 22:49:55,573 [main] INFO  base.BaseClass - Found Element By {by.toString()}
2023-12-18 22:49:56,110 [main] INFO  base.BaseClass - Trying to find Element By {by.toString()})
2023-12-18 22:49:56,134 [main] INFO  base.BaseClass - Found Element By {by.toString()}
2023-12-18 22:49:56,657 [main] INFO  base.BaseClass - Trying to find Element By {by.toString()})
2023-12-18 22:49:56,686 [main] INFO  base.BaseClass - Found Element By {by.toString()}
2023-12-18 22:49:57,236 [main] INFO  base.BaseClass - Trying to find Element By {by.toString()})
2023-12-18 22:49:57,265 [main] INFO  base.BaseClass - Found Element By {by.toString()}
2023-12-18 22:49:57,806 [main] INFO  base.BaseClass - Trying to find Element By {by.toString()})
2023-12-18 22:49:57,832 [main] INFO  base.BaseClass - Found Element By {by.toString()}
2023-12-18 22:49:58,373 [main] INFO  base.BaseClass - Trying to find Element By {by.toString()})
2023-12-18 22:49:58,399 [main] INFO  base.BaseClass - Found Element By {by.toString()}
2023-12-18 22:49:58,938 [main] INFO  base.BaseClass - Trying to find Element By {by.toString()})
2023-12-18 22:49:58,966 [main] INFO  base.BaseClass - Found Element By {by.toString()}
2023-12-18 22:49:59,503 [main] INFO  base.BaseClass - Trying to find Element By {by.toString()})
2023-12-18 22:49:59,526 [main] INFO  base.BaseClass - Found Element By {by.toString()}
2023-12-18 22:50:00,053 [main] INFO  base.BaseClass - Trying to find Element By {by.toString()})
2023-12-18 22:50:00,077 [main] INFO  base.BaseClass - Found Element By {by.toString()}
2023-12-18 22:50:00,601 [main] INFO  base.BaseClass - Trying to find Element By {by.toString()})
2023-12-18 22:50:00,610 [main] INFO  base.BaseClass - Found Element By {by.toString()}
2023-12-18 22:50:01,135 [main] INFO  base.BaseClass - Trying to find Element By {by.toString()})
2023-12-18 22:50:01,163 [main] INFO  base.BaseClass - Found Element By {by.toString()}
2023-12-18 22:50:01,699 [main] INFO  base.BaseClass - Trying to find Element By {by.toString()})
2023-12-18 22:50:01,731 [main] INFO  base.BaseClass - Found Element By {by.toString()}
2023-12-18 22:50:02,251 [main] INFO  base.BaseClass - Trying to find Element By {by.toString()})
2023-12-18 22:50:02,279 [main] INFO  base.BaseClass - Found Element By {by.toString()}
2023-12-18 22:50:02,832 [main] INFO  base.BaseClass - Trying to find Element By {by.toString()})
2023-12-18 22:50:02,859 [main] INFO  base.BaseClass - Found Element By {by.toString()}
2023-12-18 22:50:03,397 [main] INFO  base.BaseClass - Trying to find Element By {by.toString()})
2023-12-18 22:50:03,424 [main] INFO  base.BaseClass - Found Element By {by.toString()}
2023-12-18 22:50:03,963 [main] INFO  base.BaseClass - Trying to find Element By {by.toString()})
2023-12-18 22:50:03,990 [main] INFO  base.BaseClass - Found Element By {by.toString()}
2023-12-18 22:50:04,528 [main] INFO  base.BaseClass - Trying to find Element By {by.toString()})
2023-12-18 22:50:04,552 [main] INFO  base.BaseClass - Found Element By {by.toString()}
2023-12-18 22:50:05,079 [main] INFO  base.BaseClass - Trying to find Element By {by.toString()})
2023-12-18 22:50:05,099 [main] INFO  base.BaseClass - Found Element By {by.toString()}
2023-12-18 22:50:05,630 [main] INFO  base.BaseClass - Trying to find Element By {by.toString()})
2023-12-18 22:50:05,657 [main] INFO  base.BaseClass - Found Element By {by.toString()}
2023-12-18 22:50:06,199 [main] INFO  base.BaseClass - Trying to find Element By {by.toString()})
2023-12-18 22:50:06,226 [main] INFO  base.BaseClass - Found Element By {by.toString()}
2023-12-18 22:50:06,767 [main] INFO  base.BaseClass - Trying to find Element By {by.toString()})
2023-12-18 22:50:06,791 [main] INFO  base.BaseClass - Found Element By {by.toString()}
2023-12-18 22:50:07,317 [main] INFO  base.BaseClass - Trying to find Element By {by.toString()})
2023-12-18 22:50:07,340 [main] INFO  base.BaseClass - Found Element By {by.toString()}
2023-12-18 22:50:07,867 [main] INFO  base.BaseClass - Trying to find Element By {by.toString()})
2023-12-18 22:50:07,892 [main] INFO  base.BaseClass - Found Element By {by.toString()}
2023-12-18 22:50:08,434 [main] INFO  base.BaseClass - Trying to find Element By {by.toString()})
2023-12-18 22:50:08,458 [main] INFO  base.BaseClass - Found Element By {by.toString()}
2023-12-18 22:50:08,999 [main] INFO  base.BaseClass - Trying to find Element By {by.toString()})
2023-12-18 22:50:09,024 [main] INFO  base.BaseClass - Found Element By {by.toString()}
2023-12-18 22:50:09,565 [main] INFO  base.BaseClass - Trying to find Element By {by.toString()})
2023-12-18 22:50:09,588 [main] INFO  base.BaseClass - Found Element By {by.toString()}
2023-12-18 22:50:10,118 [main] INFO  base.BaseClass - Trying to find Element By {by.toString()})
2023-12-18 22:50:10,145 [main] INFO  base.BaseClass - Found Element By {by.toString()}
2023-12-18 22:50:10,670 [main] INFO  base.BaseClass - Trying to find Element By {by.toString()})
2023-12-18 22:50:10,696 [main] INFO  base.BaseClass - Found Element By {by.toString()}
2023-12-18 22:50:11,236 [main] INFO  base.BaseClass - Trying to find Element By {by.toString()})
2023-12-18 22:50:11,263 [main] INFO  base.BaseClass - Found Element By {by.toString()}
2023-12-18 22:50:11,802 [main] INFO  base.BaseClass - Trying to find Element By {by.toString()})
2023-12-18 22:50:11,831 [main] INFO  base.BaseClass - Found Element By {by.toString()}
TimeoutException occurred: Expected condition failed: waiting for helper.WaitUtility$5@923bf67 (tried for 30 second(s) with 500 milliseconds interval)
Build info: version: '3.141.59', revision: 'e82be7d358', time: '2018-11-14T08:17:03'
System info: host: 'DPLAP166', ip: '137.237.2.47', os.name: 'Windows 10', os.arch: 'amd64', os.version: '10.0', java.version: '19.0.1'
Driver info: org.openqa.selenium.support.events.EventFiringWebDriver
Capabilities {acceptInsecureCerts: true, browserName: chrome, browserVersion: 120.0.6099.72, chrome: {chromedriverVersion: 120.0.6099.71 (9729082fe617..., userDataDir: C:\Users\dP-PL\AppData\Loca...}, fedcm:accounts: true, goog:chromeOptions: {debuggerAddress: localhost:49425}, javascriptEnabled: true, networkConnectionEnabled: false, pageLoadStrategy: normal, platform: WINDOWS, platformName: WINDOWS, proxy: Proxy(), setWindowRect: true, strictFileInteractability: false, timeouts: {implicit: 0, pageLoad: 300000, script: 30000}, unhandledPromptBehavior: dismiss and notify, webauthn:extension:credBlob: true, webauthn:extension:largeBlob: true, webauthn:extension:minPinLength: true, webauthn:extension:prf: true, webauthn:virtualAuthenticators: true}
Session ID: 1abd34155b564c235f7b904909631c81
2023-12-18 22:50:11,867 [main] ERROR XGLT_6685_Test - Element did not become visible within the specified time: Expected condition failed: waiting for helper.WaitUtility$5@923bf67 (tried for 30 second(s) with 500 milliseconds interval)
Build info: version: '3.141.59', revision: 'e82be7d358', time: '2018-11-14T08:17:03'
System info: host: 'DPLAP166', ip: '137.237.2.47', os.name: 'Windows 10', os.arch: 'amd64', os.version: '10.0', java.version: '19.0.1'
Driver info: org.openqa.selenium.support.events.EventFiringWebDriver
Capabilities {acceptInsecureCerts: true, browserName: chrome, browserVersion: 120.0.6099.72, chrome: {chromedriverVersion: 120.0.6099.71 (9729082fe617..., userDataDir: C:\Users\dP-PL\AppData\Loca...}, fedcm:accounts: true, goog:chromeOptions: {debuggerAddress: localhost:49425}, javascriptEnabled: true, networkConnectionEnabled: false, pageLoadStrategy: normal, platform: WINDOWS, platformName: WINDOWS, proxy: Proxy(), setWindowRect: true, strictFileInteractability: false, timeouts: {implicit: 0, pageLoad: 300000, script: 30000}, unhandledPromptBehavior: dismiss and notify, webauthn:extension:credBlob: true, webauthn:extension:largeBlob: true, webauthn:extension:minPinLength: true, webauthn:extension:prf: true, webauthn:virtualAuthenticators: true}
Session ID: 1abd34155b564c235f7b904909631c81
2023-12-18 22:50:11,882 [main] INFO  base.BaseClass - Trying to find Element By {by.toString()})
2023-12-18 22:50:11,914 [main] INFO  base.BaseClass - Found Element By {by.toString()}
2023-12-18 22:50:11,928 [main] INFO  base.BaseClass - Trying to find Element By {by.toString()})
2023-12-18 22:50:11,940 [main] INFO  base.BaseClass - Found Element By {by.toString()}
2023-12-18 22:50:11,953 [main] INFO  base.BaseClass - Trying to find Element By {by.toString()})
2023-12-18 22:50:11,965 [main] INFO  base.BaseClass - Found Element By {by.toString()}
last page in current selection is 1
2023-12-18 22:50:11,973 [main] INFO  base.BaseClass - Trying to find Element By {by.toString()})
2023-12-18 22:50:11,984 [main] INFO  base.BaseClass - Found Element By {by.toString()}
TimeoutException occurred: Expected condition failed: waiting for helper.WaitUtility$5@63e81ac6 (tried for 30 second(s) with 500 milliseconds interval)
Build info: version: '3.141.59', revision: 'e82be7d358', time: '2018-11-14T08:17:03'
System info: host: 'DPLAP166', ip: '137.237.2.47', os.name: 'Windows 10', os.arch: 'amd64', os.version: '10.0', java.version: '19.0.1'
Driver info: org.openqa.selenium.support.events.EventFiringWebDriver
Capabilities {acceptInsecureCerts: true, browserName: chrome, browserVersion: 120.0.6099.72, chrome: {chromedriverVersion: 120.0.6099.71 (9729082fe617..., userDataDir: C:\Users\dP-PL\AppData\Loca...}, fedcm:accounts: true, goog:chromeOptions: {debuggerAddress: localhost:49425}, javascriptEnabled: true, networkConnectionEnabled: false, pageLoadStrategy: normal, platform: WINDOWS, platformName: WINDOWS, proxy: Proxy(), setWindowRect: true, strictFileInteractability: false, timeouts: {implicit: 0, pageLoad: 300000, script: 30000}, unhandledPromptBehavior: dismiss and notify, webauthn:extension:credBlob: true, webauthn:extension:largeBlob: true, webauthn:extension:minPinLength: true, webauthn:extension:prf: true, webauthn:virtualAuthenticators: true}
Session ID: 1abd34155b564c235f7b904909631c81
2023-12-18 22:50:42,445 [main] ERROR XGLT_6685_Test - Element did not become visible within the specified time: Expected condition failed: waiting for helper.WaitUtility$5@63e81ac6 (tried for 30 second(s) with 500 milliseconds interval)
Build info: version: '3.141.59', revision: 'e82be7d358', time: '2018-11-14T08:17:03'
System info: host: 'DPLAP166', ip: '137.237.2.47', os.name: 'Windows 10', os.arch: 'amd64', os.version: '10.0', java.version: '19.0.1'
Driver info: org.openqa.selenium.support.events.EventFiringWebDriver
Capabilities {acceptInsecureCerts: true, browserName: chrome, browserVersion: 120.0.6099.72, chrome: {chromedriverVersion: 120.0.6099.71 (9729082fe617..., userDataDir: C:\Users\dP-PL\AppData\Loca...}, fedcm:accounts: true, goog:chromeOptions: {debuggerAddress: localhost:49425}, javascriptEnabled: true, networkConnectionEnabled: false, pageLoadStrategy: normal, platform: WINDOWS, platformName: WINDOWS, proxy: Proxy(), setWindowRect: true, strictFileInteractability: false, timeouts: {implicit: 0, pageLoad: 300000, script: 30000}, unhandledPromptBehavior: dismiss and notify, webauthn:extension:credBlob: true, webauthn:extension:largeBlob: true, webauthn:extension:minPinLength: true, webauthn:extension:prf: true, webauthn:virtualAuthenticators: true}
Session ID: 1abd34155b564c235f7b904909631c81
2023-12-18 22:50:42,445 [main] INFO  base.BaseClass - Trying to click on: {element.toString()}
2023-12-18 22:50:42,525 [main] INFO  base.BaseClass - Clicked on: {element.toString()}
2023-12-18 22:50:42,525 [main] INFO  base.BaseClass - Trying to find Element By {by.toString()})
2023-12-18 22:50:42,536 [main] INFO  base.BaseClass - Found Element By {by.toString()}
2023-12-18 22:50:43,059 [main] INFO  base.BaseClass - Trying to find Element By {by.toString()})
2023-12-18 22:50:43,090 [main] INFO  base.BaseClass - Found Element By {by.toString()}
2023-12-18 22:50:43,642 [main] INFO  base.BaseClass - Trying to find Element By {by.toString()})
2023-12-18 22:50:43,670 [main] INFO  base.BaseClass - Found Element By {by.toString()}
2023-12-18 22:50:44,220 [main] INFO  base.BaseClass - Trying to find Element By {by.toString()})
2023-12-18 22:50:44,248 [main] INFO  base.BaseClass - Found Element By {by.toString()}
2023-12-18 22:50:44,787 [main] INFO  base.BaseClass - Trying to find Element By {by.toString()})
2023-12-18 22:50:44,814 [main] INFO  base.BaseClass - Found Element By {by.toString()}
2023-12-18 22:50:45,367 [main] INFO  base.BaseClass - Trying to find Element By {by.toString()})
2023-12-18 22:50:45,394 [main] INFO  base.BaseClass - Found Element By {by.toString()}
2023-12-18 22:50:45,932 [main] INFO  base.BaseClass - Trying to find Element By {by.toString()})
2023-12-18 22:50:45,964 [main] INFO  base.BaseClass - Found Element By {by.toString()}
2023-12-18 22:50:46,502 [main] INFO  base.BaseClass - Trying to find Element By {by.toString()})
2023-12-18 22:50:46,528 [main] INFO  base.BaseClass - Found Element By {by.toString()}
2023-12-18 22:50:47,067 [main] INFO  base.BaseClass - Trying to find Element By {by.toString()})
2023-12-18 22:50:47,092 [main] INFO  base.BaseClass - Found Element By {by.toString()}
2023-12-18 22:50:47,622 [main] INFO  base.BaseClass - Trying to find Element By {by.toString()})
2023-12-18 22:50:47,660 [main] INFO  base.BaseClass - Found Element By {by.toString()}
2023-12-18 22:50:48,186 [main] INFO  base.BaseClass - Trying to find Element By {by.toString()})
2023-12-18 22:50:48,212 [main] INFO  base.BaseClass - Found Element By {by.toString()}
2023-12-18 22:50:48,756 [main] INFO  base.BaseClass - Trying to find Element By {by.toString()})
2023-12-18 22:50:48,784 [main] INFO  base.BaseClass - Found Element By {by.toString()}
2023-12-18 22:50:49,335 [main] INFO  base.BaseClass - Trying to find Element By {by.toString()})
2023-12-18 22:50:49,356 [main] INFO  base.BaseClass - Found Element By {by.toString()}
2023-12-18 22:50:49,881 [main] INFO  base.BaseClass - Trying to find Element By {by.toString()})
2023-12-18 22:50:49,906 [main] INFO  base.BaseClass - Found Element By {by.toString()}
2023-12-18 22:50:50,431 [main] INFO  base.BaseClass - Trying to find Element By {by.toString()})
2023-12-18 22:50:50,457 [main] INFO  base.BaseClass - Found Element By {by.toString()}
2023-12-18 22:50:50,996 [main] INFO  base.BaseClass - Trying to find Element By {by.toString()})
2023-12-18 22:50:51,021 [main] INFO  base.BaseClass - Found Element By {by.toString()}
2023-12-18 22:50:51,566 [main] INFO  base.BaseClass - Trying to find Element By {by.toString()})
2023-12-18 22:50:51,591 [main] INFO  base.BaseClass - Found Element By {by.toString()}
2023-12-18 22:50:52,111 [main] INFO  base.BaseClass - Trying to find Element By {by.toString()})
2023-12-18 22:50:52,126 [main] INFO  base.BaseClass - Found Element By {by.toString()}
2023-12-18 22:50:52,662 [main] INFO  base.BaseClass - Trying to find Element By {by.toString()})
2023-12-18 22:50:52,685 [main] INFO  base.BaseClass - Found Element By {by.toString()}
2023-12-18 22:50:53,215 [main] INFO  base.BaseClass - Trying to find Element By {by.toString()})
2023-12-18 22:50:53,240 [main] INFO  base.BaseClass - Found Element By {by.toString()}
2023-12-18 22:50:53,779 [main] INFO  base.BaseClass - Trying to find Element By {by.toString()})
2023-12-18 22:50:53,809 [main] INFO  base.BaseClass - Found Element By {by.toString()}
2023-12-18 22:50:54,355 [main] INFO  base.BaseClass - Trying to find Element By {by.toString()})
2023-12-18 22:50:54,380 [main] INFO  base.BaseClass - Found Element By {by.toString()}
2023-12-18 22:50:54,904 [main] INFO  base.BaseClass - Trying to find Element By {by.toString()})
2023-12-18 22:50:54,930 [main] INFO  base.BaseClass - Found Element By {by.toString()}
2023-12-18 22:50:55,471 [main] INFO  base.BaseClass - Trying to find Element By {by.toString()})
2023-12-18 22:50:55,500 [main] INFO  base.BaseClass - Found Element By {by.toString()}
2023-12-18 22:50:56,037 [main] INFO  base.BaseClass - Trying to find Element By {by.toString()})
2023-12-18 22:50:56,063 [main] INFO  base.BaseClass - Found Element By {by.toString()}
2023-12-18 22:50:56,585 [main] INFO  base.BaseClass - Trying to find Element By {by.toString()})
2023-12-18 22:50:56,612 [main] INFO  base.BaseClass - Found Element By {by.toString()}
2023-12-18 22:50:57,149 [main] INFO  base.BaseClass - Trying to find Element By {by.toString()})
2023-12-18 22:50:57,176 [main] INFO  base.BaseClass - Found Element By {by.toString()}
2023-12-18 22:50:57,715 [main] INFO  base.BaseClass - Trying to find Element By {by.toString()})
2023-12-18 22:50:57,739 [main] INFO  base.BaseClass - Found Element By {by.toString()}
2023-12-18 22:50:58,269 [main] INFO  base.BaseClass - Trying to find Element By {by.toString()})
2023-12-18 22:50:58,293 [main] INFO  base.BaseClass - Found Element By {by.toString()}
2023-12-18 22:50:58,820 [main] INFO  base.BaseClass - Trying to find Element By {by.toString()})
2023-12-18 22:50:58,846 [main] INFO  base.BaseClass - Found Element By {by.toString()}
2023-12-18 22:50:59,370 [main] INFO  base.BaseClass - Trying to find Element By {by.toString()})
2023-12-18 22:50:59,397 [main] INFO  base.BaseClass - Found Element By {by.toString()}
2023-12-18 22:50:59,934 [main] INFO  base.BaseClass - Trying to find Element By {by.toString()})
2023-12-18 22:50:59,958 [main] INFO  base.BaseClass - Found Element By {by.toString()}
2023-12-18 22:51:00,499 [main] INFO  base.BaseClass - Trying to find Element By {by.toString()})
2023-12-18 22:51:00,525 [main] INFO  base.BaseClass - Found Element By {by.toString()}
2023-12-18 22:51:01,063 [main] INFO  base.BaseClass - Trying to find Element By {by.toString()})
2023-12-18 22:51:01,095 [main] INFO  base.BaseClass - Found Element By {by.toString()}
2023-12-18 22:51:01,611 [main] INFO  base.BaseClass - Trying to find Element By {by.toString()})
2023-12-18 22:51:01,638 [main] INFO  base.BaseClass - Found Element By {by.toString()}
2023-12-18 22:51:02,176 [main] INFO  base.BaseClass - Trying to find Element By {by.toString()})
2023-12-18 22:51:02,203 [main] INFO  base.BaseClass - Found Element By {by.toString()}
2023-12-18 22:51:02,743 [main] INFO  base.BaseClass - Trying to find Element By {by.toString()})
2023-12-18 22:51:02,769 [main] INFO  base.BaseClass - Found Element By {by.toString()}
2023-12-18 22:51:03,315 [main] INFO  base.BaseClass - Trying to find Element By {by.toString()})
2023-12-18 22:51:03,339 [main] INFO  base.BaseClass - Found Element By {by.toString()}
2023-12-18 22:51:03,865 [main] INFO  base.BaseClass - Trying to find Element By {by.toString()})
2023-12-18 22:51:03,888 [main] INFO  base.BaseClass - Found Element By {by.toString()}
2023-12-18 22:51:04,416 [main] INFO  base.BaseClass - Trying to find Element By {by.toString()})
2023-12-18 22:51:04,440 [main] INFO  base.BaseClass - Found Element By {by.toString()}
2023-12-18 22:51:04,963 [main] INFO  base.BaseClass - Trying to find Element By {by.toString()})
2023-12-18 22:51:04,988 [main] INFO  base.BaseClass - Found Element By {by.toString()}
2023-12-18 22:51:05,532 [main] INFO  base.BaseClass - Trying to find Element By {by.toString()})
2023-12-18 22:51:05,555 [main] INFO  base.BaseClass - Found Element By {by.toString()}
2023-12-18 22:51:06,080 [main] INFO  base.BaseClass - Trying to find Element By {by.toString()})
2023-12-18 22:51:06,106 [main] INFO  base.BaseClass - Found Element By {by.toString()}
2023-12-18 22:51:06,645 [main] INFO  base.BaseClass - Trying to find Element By {by.toString()})
2023-12-18 22:51:06,668 [main] INFO  base.BaseClass - Found Element By {by.toString()}
2023-12-18 22:51:07,187 [main] INFO  base.BaseClass - Trying to find Element By {by.toString()})
2023-12-18 22:51:07,211 [main] INFO  base.BaseClass - Found Element By {by.toString()}
2023-12-18 22:51:07,738 [main] INFO  base.BaseClass - Trying to find Element By {by.toString()})
2023-12-18 22:51:07,764 [main] INFO  base.BaseClass - Found Element By {by.toString()}
2023-12-18 22:51:08,303 [main] INFO  base.BaseClass - Trying to find Element By {by.toString()})
2023-12-18 22:51:08,326 [main] INFO  base.BaseClass - Found Element By {by.toString()}
2023-12-18 22:51:08,848 [main] INFO  base.BaseClass - Trying to find Element By {by.toString()})
2023-12-18 22:51:08,875 [main] INFO  base.BaseClass - Found Element By {by.toString()}
2023-12-18 22:51:09,411 [main] INFO  base.BaseClass - Trying to find Element By {by.toString()})
2023-12-18 22:51:09,436 [main] INFO  base.BaseClass - Found Element By {by.toString()}
2023-12-18 22:51:09,976 [main] INFO  base.BaseClass - Trying to find Element By {by.toString()})
2023-12-18 22:51:09,999 [main] INFO  base.BaseClass - Found Element By {by.toString()}
2023-12-18 22:51:10,528 [main] INFO  base.BaseClass - Trying to find Element By {by.toString()})
2023-12-18 22:51:10,556 [main] INFO  base.BaseClass - Found Element By {by.toString()}
2023-12-18 22:51:11,105 [main] INFO  base.BaseClass - Trying to find Element By {by.toString()})
2023-12-18 22:51:11,129 [main] INFO  base.BaseClass - Found Element By {by.toString()}
2023-12-18 22:51:11,654 [main] INFO  base.BaseClass - Trying to find Element By {by.toString()})
2023-12-18 22:51:11,680 [main] INFO  base.BaseClass - Found Element By {by.toString()}
2023-12-18 22:51:12,220 [main] INFO  base.BaseClass - Trying to find Element By {by.toString()})
2023-12-18 22:51:12,230 [main] INFO  base.BaseClass - Found Element By {by.toString()}
2023-12-18 22:51:12,755 [main] INFO  base.BaseClass - Trying to find Element By {by.toString()})
2023-12-18 22:51:12,780 [main] INFO  base.BaseClass - Found Element By {by.toString()}
TimeoutException occurred: Expected condition failed: waiting for helper.WaitUtility$5@4d6f951a (tried for 30 second(s) with 500 milliseconds interval)
Build info: version: '3.141.59', revision: 'e82be7d358', time: '2018-11-14T08:17:03'
System info: host: 'DPLAP166', ip: '137.237.2.47', os.name: 'Windows 10', os.arch: 'amd64', os.version: '10.0', java.version: '19.0.1'
Driver info: org.openqa.selenium.support.events.EventFiringWebDriver
Capabilities {acceptInsecureCerts: true, browserName: chrome, browserVersion: 120.0.6099.72, chrome: {chromedriverVersion: 120.0.6099.71 (9729082fe617..., userDataDir: C:\Users\dP-PL\AppData\Loca...}, fedcm:accounts: true, goog:chromeOptions: {debuggerAddress: localhost:49425}, javascriptEnabled: true, networkConnectionEnabled: false, pageLoadStrategy: normal, platform: WINDOWS, platformName: WINDOWS, proxy: Proxy(), setWindowRect: true, strictFileInteractability: false, timeouts: {implicit: 0, pageLoad: 300000, script: 30000}, unhandledPromptBehavior: dismiss and notify, webauthn:extension:credBlob: true, webauthn:extension:largeBlob: true, webauthn:extension:minPinLength: true, webauthn:extension:prf: true, webauthn:virtualAuthenticators: true}
Session ID: 1abd34155b564c235f7b904909631c81
2023-12-18 22:51:12,812 [main] ERROR XGLT_6685_Test - Element did not become visible within the specified time: Expected condition failed: waiting for helper.WaitUtility$5@4d6f951a (tried for 30 second(s) with 500 milliseconds interval)
Build info: version: '3.141.59', revision: 'e82be7d358', time: '2018-11-14T08:17:03'
System info: host: 'DPLAP166', ip: '137.237.2.47', os.name: 'Windows 10', os.arch: 'amd64', os.version: '10.0', java.version: '19.0.1'
Driver info: org.openqa.selenium.support.events.EventFiringWebDriver
Capabilities {acceptInsecureCerts: true, browserName: chrome, browserVersion: 120.0.6099.72, chrome: {chromedriverVersion: 120.0.6099.71 (9729082fe617..., userDataDir: C:\Users\dP-PL\AppData\Loca...}, fedcm:accounts: true, goog:chromeOptions: {debuggerAddress: localhost:49425}, javascriptEnabled: true, networkConnectionEnabled: false, pageLoadStrategy: normal, platform: WINDOWS, platformName: WINDOWS, proxy: Proxy(), setWindowRect: true, strictFileInteractability: false, timeouts: {implicit: 0, pageLoad: 300000, script: 30000}, unhandledPromptBehavior: dismiss and notify, webauthn:extension:credBlob: true, webauthn:extension:largeBlob: true, webauthn:extension:minPinLength: true, webauthn:extension:prf: true, webauthn:virtualAuthenticators: true}
Session ID: 1abd34155b564c235f7b904909631c81
2023-12-18 22:51:12,812 [main] INFO  base.BaseClass - Trying to find Element By {by.toString()})
2023-12-18 22:51:12,846 [main] INFO  base.BaseClass - Found Element By {by.toString()}
Customer page count for credit hold is 37
2023-12-18 22:51:12,847 [main] INFO  base.BaseClass - Trying to find Element By {by.toString()})
2023-12-18 22:51:12,863 [main] INFO  base.BaseClass - Found Element By {by.toString()}
2023-12-18 22:51:12,873 [main] INFO  base.BaseClass - Trying to find Element By {by.toString()})
2023-12-18 22:51:12,886 [main] INFO  base.BaseClass - Found Element By {by.toString()}
2023-12-18 22:51:12,898 [main] INFO  base.BaseClass - Trying to find Element By {by.toString()})
2023-12-18 22:51:12,907 [main] INFO  base.BaseClass - Found Element By {by.toString()}
last page in current selection is 1
2023-12-18 22:51:12,922 [main] INFO  base.BaseClass - Trying to find Element By {by.toString()})
2023-12-18 22:51:12,932 [main] INFO  base.BaseClass - Found Element By {by.toString()}
TimeoutException occurred: Expected condition failed: waiting for helper.WaitUtility$5@3884e858 (tried for 30 second(s) with 500 milliseconds interval)
Build info: version: '3.141.59', revision: 'e82be7d358', time: '2018-11-14T08:17:03'
System info: host: 'DPLAP166', ip: '137.237.2.47', os.name: 'Windows 10', os.arch: 'amd64', os.version: '10.0', java.version: '19.0.1'
Driver info: org.openqa.selenium.support.events.EventFiringWebDriver
Capabilities {acceptInsecureCerts: true, browserName: chrome, browserVersion: 120.0.6099.72, chrome: {chromedriverVersion: 120.0.6099.71 (9729082fe617..., userDataDir: C:\Users\dP-PL\AppData\Loca...}, fedcm:accounts: true, goog:chromeOptions: {debuggerAddress: localhost:49425}, javascriptEnabled: true, networkConnectionEnabled: false, pageLoadStrategy: normal, platform: WINDOWS, platformName: WINDOWS, proxy: Proxy(), setWindowRect: true, strictFileInteractability: false, timeouts: {implicit: 0, pageLoad: 300000, script: 30000}, unhandledPromptBehavior: dismiss and notify, webauthn:extension:credBlob: true, webauthn:extension:largeBlob: true, webauthn:extension:minPinLength: true, webauthn:extension:prf: true, webauthn:virtualAuthenticators: true}
Session ID: 1abd34155b564c235f7b904909631c81
2023-12-18 22:51:43,341 [main] ERROR XGLT_6685_Test - Element did not become visible within the specified time: Expected condition failed: waiting for helper.WaitUtility$5@3884e858 (tried for 30 second(s) with 500 milliseconds interval)
Build info: version: '3.141.59', revision: 'e82be7d358', time: '2018-11-14T08:17:03'
System info: host: 'DPLAP166', ip: '137.237.2.47', os.name: 'Windows 10', os.arch: 'amd64', os.version: '10.0', java.version: '19.0.1'
Driver info: org.openqa.selenium.support.events.EventFiringWebDriver
Capabilities {acceptInsecureCerts: true, browserName: chrome, browserVersion: 120.0.6099.72, chrome: {chromedriverVersion: 120.0.6099.71 (9729082fe617..., userDataDir: C:\Users\dP-PL\AppData\Loca...}, fedcm:accounts: true, goog:chromeOptions: {debuggerAddress: localhost:49425}, javascriptEnabled: true, networkConnectionEnabled: false, pageLoadStrategy: normal, platform: WINDOWS, platformName: WINDOWS, proxy: Proxy(), setWindowRect: true, strictFileInteractability: false, timeouts: {implicit: 0, pageLoad: 300000, script: 30000}, unhandledPromptBehavior: dismiss and notify, webauthn:extension:credBlob: true, webauthn:extension:largeBlob: true, webauthn:extension:minPinLength: true, webauthn:extension:prf: true, webauthn:virtualAuthenticators: true}
Session ID: 1abd34155b564c235f7b904909631c81
2023-12-18 22:51:43,341 [main] INFO  base.BaseClass - Trying to click on: {element.toString()}
2023-12-18 22:51:43,376 [main] INFO  base.BaseClass - Clicked on: {element.toString()}
2023-12-18 22:51:43,376 [main] INFO  base.BaseClass - Trying to find Element By {by.toString()})
2023-12-18 22:51:43,387 [main] INFO  base.BaseClass - Found Element By {by.toString()}
2023-12-18 22:51:43,910 [main] INFO  base.BaseClass - Trying to find Element By {by.toString()})
2023-12-18 22:51:43,923 [main] INFO  base.BaseClass - Found Element By {by.toString()}
2023-12-18 22:51:44,449 [main] INFO  base.BaseClass - Trying to find Element By {by.toString()})
2023-12-18 22:51:44,470 [main] INFO  base.BaseClass - Found Element By {by.toString()}
2023-12-18 22:51:44,998 [main] INFO  base.BaseClass - Trying to find Element By {by.toString()})
2023-12-18 22:51:45,010 [main] INFO  base.BaseClass - Found Element By {by.toString()}
2023-12-18 22:51:45,536 [main] INFO  base.BaseClass - Trying to find Element By {by.toString()})
2023-12-18 22:51:45,552 [main] INFO  base.BaseClass - Found Element By {by.toString()}
2023-12-18 22:51:46,084 [main] INFO  base.BaseClass - Trying to find Element By {by.toString()})
2023-12-18 22:51:46,096 [main] INFO  base.BaseClass - Found Element By {by.toString()}
2023-12-18 22:51:46,618 [main] INFO  base.BaseClass - Trying to find Element By {by.toString()})
2023-12-18 22:51:46,629 [main] INFO  base.BaseClass - Found Element By {by.toString()}
2023-12-18 22:51:47,152 [main] INFO  base.BaseClass - Trying to find Element By {by.toString()})
2023-12-18 22:51:47,163 [main] INFO  base.BaseClass - Found Element By {by.toString()}
2023-12-18 22:51:47,683 [main] INFO  base.BaseClass - Trying to find Element By {by.toString()})
2023-12-18 22:51:47,692 [main] INFO  base.BaseClass - Found Element By {by.toString()}
2023-12-18 22:51:48,215 [main] INFO  base.BaseClass - Trying to find Element By {by.toString()})
2023-12-18 22:51:48,230 [main] INFO  base.BaseClass - Found Element By {by.toString()}
2023-12-18 22:51:48,774 [main] INFO  base.BaseClass - Trying to find Element By {by.toString()})
2023-12-18 22:51:48,806 [main] INFO  base.BaseClass - Found Element By {by.toString()}
2023-12-18 22:51:49,352 [main] INFO  base.BaseClass - Trying to find Element By {by.toString()})
2023-12-18 22:51:49,374 [main] INFO  base.BaseClass - Found Element By {by.toString()}
2023-12-18 22:51:49,901 [main] INFO  base.BaseClass - Trying to find Element By {by.toString()})
2023-12-18 22:51:49,931 [main] INFO  base.BaseClass - Found Element By {by.toString()}
2023-12-18 22:51:50,474 [main] INFO  base.BaseClass - Trying to find Element By {by.toString()})
2023-12-18 22:51:50,506 [main] INFO  base.BaseClass - Found Element By {by.toString()}
2023-12-18 22:51:51,020 [main] INFO  base.BaseClass - Trying to find Element By {by.toString()})
2023-12-18 22:51:51,051 [main] INFO  base.BaseClass - Found Element By {by.toString()}
2023-12-18 22:51:51,598 [main] INFO  base.BaseClass - Trying to find Element By {by.toString()})
2023-12-18 22:51:51,631 [main] INFO  base.BaseClass - Found Element By {by.toString()}
2023-12-18 22:51:52,161 [main] INFO  base.BaseClass - Trying to find Element By {by.toString()})
2023-12-18 22:51:52,192 [main] INFO  base.BaseClass - Found Element By {by.toString()}
2023-12-18 22:51:52,739 [main] INFO  base.BaseClass - Trying to find Element By {by.toString()})
2023-12-18 22:51:52,769 [main] INFO  base.BaseClass - Found Element By {by.toString()}
2023-12-18 22:51:53,317 [main] INFO  base.BaseClass - Trying to find Element By {by.toString()})
2023-12-18 22:51:53,339 [main] INFO  base.BaseClass - Found Element By {by.toString()}
2023-12-18 22:51:53,863 [main] INFO  base.BaseClass - Trying to find Element By {by.toString()})
2023-12-18 22:51:53,880 [main] INFO  base.BaseClass - Found Element By {by.toString()}
2023-12-18 22:51:54,408 [main] INFO  base.BaseClass - Trying to find Element By {by.toString()})
2023-12-18 22:51:54,420 [main] INFO  base.BaseClass - Found Element By {by.toString()}
2023-12-18 22:51:54,939 [main] INFO  base.BaseClass - Trying to find Element By {by.toString()})
2023-12-18 22:51:54,968 [main] INFO  base.BaseClass - Found Element By {by.toString()}
2023-12-18 22:51:55,502 [main] INFO  base.BaseClass - Trying to find Element By {by.toString()})
2023-12-18 22:51:55,528 [main] INFO  base.BaseClass - Found Element By {by.toString()}
2023-12-18 22:51:56,047 [main] INFO  base.BaseClass - Trying to find Element By {by.toString()})
2023-12-18 22:51:56,062 [main] INFO  base.BaseClass - Found Element By {by.toString()}
2023-12-18 22:51:56,592 [main] INFO  base.BaseClass - Trying to find Element By {by.toString()})
2023-12-18 22:51:56,623 [main] INFO  base.BaseClass - Found Element By {by.toString()}
2023-12-18 22:51:57,170 [main] INFO  base.BaseClass - Trying to find Element By {by.toString()})
2023-12-18 22:51:57,189 [main] INFO  base.BaseClass - Found Element By {by.toString()}
2023-12-18 22:51:57,716 [main] INFO  base.BaseClass - Trying to find Element By {by.toString()})
2023-12-18 22:51:57,747 [main] INFO  base.BaseClass - Found Element By {by.toString()}
2023-12-18 22:51:58,294 [main] INFO  base.BaseClass - Trying to find Element By {by.toString()})
2023-12-18 22:51:58,323 [main] INFO  base.BaseClass - Found Element By {by.toString()}
2023-12-18 22:51:58,857 [main] INFO  base.BaseClass - Trying to find Element By {by.toString()})
2023-12-18 22:51:58,889 [main] INFO  base.BaseClass - Found Element By {by.toString()}
2023-12-18 22:51:59,422 [main] INFO  base.BaseClass - Trying to find Element By {by.toString()})
2023-12-18 22:51:59,453 [main] INFO  base.BaseClass - Found Element By {by.toString()}
2023-12-18 22:51:59,998 [main] INFO  base.BaseClass - Trying to find Element By {by.toString()})
2023-12-18 22:52:00,030 [main] INFO  base.BaseClass - Found Element By {by.toString()}
2023-12-18 22:52:00,559 [main] INFO  base.BaseClass - Trying to find Element By {by.toString()})
2023-12-18 22:52:00,570 [main] INFO  base.BaseClass - Found Element By {by.toString()}
2023-12-18 22:52:01,086 [main] INFO  base.BaseClass - Trying to find Element By {by.toString()})
2023-12-18 22:52:01,117 [main] INFO  base.BaseClass - Found Element By {by.toString()}
2023-12-18 22:52:01,661 [main] INFO  base.BaseClass - Trying to find Element By {by.toString()})
2023-12-18 22:52:01,710 [main] INFO  base.BaseClass - Found Element By {by.toString()}
2023-12-18 22:52:02,237 [main] INFO  base.BaseClass - Trying to find Element By {by.toString()})
2023-12-18 22:52:02,269 [main] INFO  base.BaseClass - Found Element By {by.toString()}
2023-12-18 22:52:02,817 [main] INFO  base.BaseClass - Trying to find Element By {by.toString()})
2023-12-18 22:52:02,848 [main] INFO  base.BaseClass - Found Element By {by.toString()}
2023-12-18 22:52:03,412 [main] INFO  base.BaseClass - Trying to find Element By {by.toString()})
2023-12-18 22:52:03,443 [main] INFO  base.BaseClass - Found Element By {by.toString()}
2023-12-18 22:52:03,988 [main] INFO  base.BaseClass - Trying to find Element By {by.toString()})
2023-12-18 22:52:04,011 [main] INFO  base.BaseClass - Found Element By {by.toString()}
2023-12-18 22:52:04,534 [main] INFO  base.BaseClass - Trying to find Element By {by.toString()})
2023-12-18 22:52:04,545 [main] INFO  base.BaseClass - Found Element By {by.toString()}
2023-12-18 22:52:05,066 [main] INFO  base.BaseClass - Trying to find Element By {by.toString()})
2023-12-18 22:52:05,078 [main] INFO  base.BaseClass - Found Element By {by.toString()}
2023-12-18 22:52:05,597 [main] INFO  base.BaseClass - Trying to find Element By {by.toString()})
2023-12-18 22:52:05,606 [main] INFO  base.BaseClass - Found Element By {by.toString()}
2023-12-18 22:52:06,127 [main] INFO  base.BaseClass - Trying to find Element By {by.toString()})
2023-12-18 22:52:06,159 [main] INFO  base.BaseClass - Found Element By {by.toString()}
2023-12-18 22:52:06,688 [main] INFO  base.BaseClass - Trying to find Element By {by.toString()})
2023-12-18 22:52:06,706 [main] INFO  base.BaseClass - Found Element By {by.toString()}
2023-12-18 22:52:07,235 [main] INFO  base.BaseClass - Trying to find Element By {by.toString()})
2023-12-18 22:52:07,266 [main] INFO  base.BaseClass - Found Element By {by.toString()}
2023-12-18 22:52:07,811 [main] INFO  base.BaseClass - Trying to find Element By {by.toString()})
2023-12-18 22:52:07,842 [main] INFO  base.BaseClass - Found Element By {by.toString()}
2023-12-18 22:52:08,388 [main] INFO  base.BaseClass - Trying to find Element By {by.toString()})
2023-12-18 22:52:08,401 [main] INFO  base.BaseClass - Found Element By {by.toString()}
2023-12-18 22:52:08,923 [main] INFO  base.BaseClass - Trying to find Element By {by.toString()})
2023-12-18 22:52:08,953 [main] INFO  base.BaseClass - Found Element By {by.toString()}
2023-12-18 22:52:09,500 [main] INFO  base.BaseClass - Trying to find Element By {by.toString()})
2023-12-18 22:52:09,532 [main] INFO  base.BaseClass - Found Element By {by.toString()}
2023-12-18 22:52:10,078 [main] INFO  base.BaseClass - Trying to find Element By {by.toString()})
2023-12-18 22:52:10,101 [main] INFO  base.BaseClass - Found Element By {by.toString()}
2023-12-18 22:52:10,628 [main] INFO  base.BaseClass - Trying to find Element By {by.toString()})
2023-12-18 22:52:10,659 [main] INFO  base.BaseClass - Found Element By {by.toString()}
2023-12-18 22:52:11,206 [main] INFO  base.BaseClass - Trying to find Element By {by.toString()})
2023-12-18 22:52:11,238 [main] INFO  base.BaseClass - Found Element By {by.toString()}
2023-12-18 22:52:11,785 [main] INFO  base.BaseClass - Trying to find Element By {by.toString()})
2023-12-18 22:52:11,797 [main] INFO  base.BaseClass - Found Element By {by.toString()}
2023-12-18 22:52:12,321 [main] INFO  base.BaseClass - Trying to find Element By {by.toString()})
2023-12-18 22:52:12,349 [main] INFO  base.BaseClass - Found Element By {by.toString()}
2023-12-18 22:52:12,881 [main] INFO  base.BaseClass - Trying to find Element By {by.toString()})
2023-12-18 22:52:12,914 [main] INFO  base.BaseClass - Found Element By {by.toString()}
2023-12-18 22:52:13,459 [main] INFO  base.BaseClass - Trying to find Element By {by.toString()})
2023-12-18 22:52:13,735 [main] INFO  base.BaseClass - Found Element By {by.toString()}
TimeoutException occurred: Expected condition failed: waiting for helper.WaitUtility$5@54a1a6a8 (tried for 30 second(s) with 500 milliseconds interval)
Build info: version: '3.141.59', revision: 'e82be7d358', time: '2018-11-14T08:17:03'
System info: host: 'DPLAP166', ip: '137.237.2.47', os.name: 'Windows 10', os.arch: 'amd64', os.version: '10.0', java.version: '19.0.1'
Driver info: org.openqa.selenium.support.events.EventFiringWebDriver
Capabilities {acceptInsecureCerts: true, browserName: chrome, browserVersion: 120.0.6099.72, chrome: {chromedriverVersion: 120.0.6099.71 (9729082fe617..., userDataDir: C:\Users\dP-PL\AppData\Loca...}, fedcm:accounts: true, goog:chromeOptions: {debuggerAddress: localhost:49425}, javascriptEnabled: true, networkConnectionEnabled: false, pageLoadStrategy: normal, platform: WINDOWS, platformName: WINDOWS, proxy: Proxy(), setWindowRect: true, strictFileInteractability: false, timeouts: {implicit: 0, pageLoad: 300000, script: 30000}, unhandledPromptBehavior: dismiss and notify, webauthn:extension:credBlob: true, webauthn:extension:largeBlob: true, webauthn:extension:minPinLength: true, webauthn:extension:prf: true, webauthn:virtualAuthenticators: true}
Session ID: 1abd34155b564c235f7b904909631c81
2023-12-18 22:52:13,748 [main] ERROR XGLT_6685_Test - Element did not become visible within the specified time: Expected condition failed: waiting for helper.WaitUtility$5@54a1a6a8 (tried for 30 second(s) with 500 milliseconds interval)
Build info: version: '3.141.59', revision: 'e82be7d358', time: '2018-11-14T08:17:03'
System info: host: 'DPLAP166', ip: '137.237.2.47', os.name: 'Windows 10', os.arch: 'amd64', os.version: '10.0', java.version: '19.0.1'
Driver info: org.openqa.selenium.support.events.EventFiringWebDriver
Capabilities {acceptInsecureCerts: true, browserName: chrome, browserVersion: 120.0.6099.72, chrome: {chromedriverVersion: 120.0.6099.71 (9729082fe617..., userDataDir: C:\Users\dP-PL\AppData\Loca...}, fedcm:accounts: true, goog:chromeOptions: {debuggerAddress: localhost:49425}, javascriptEnabled: true, networkConnectionEnabled: false, pageLoadStrategy: normal, platform: WINDOWS, platformName: WINDOWS, proxy: Proxy(), setWindowRect: true, strictFileInteractability: false, timeouts: {implicit: 0, pageLoad: 300000, script: 30000}, unhandledPromptBehavior: dismiss and notify, webauthn:extension:credBlob: true, webauthn:extension:largeBlob: true, webauthn:extension:minPinLength: true, webauthn:extension:prf: true, webauthn:virtualAuthenticators: true}
Session ID: 1abd34155b564c235f7b904909631c81
2023-12-18 22:52:13,748 [main] INFO  base.BaseClass - Trying to find Element By {by.toString()})
2023-12-18 22:52:13,758 [main] INFO  base.BaseClass - Found Element By {by.toString()}
MCActivewithRevenue failed!
]]></system-out>
    <system-err><![CDATA[SLF4J: Class path contains multiple SLF4J bindings.
SLF4J: Found binding in [jar:file:/C:/Users/dP-PL/.m2/repository/org/apache/logging/log4j/log4j-slf4j-impl/2.17.0/log4j-slf4j-impl-2.17.0.jar!/org/slf4j/impl/StaticLoggerBinder.class]
SLF4J: Found binding in [jar:file:/C:/Users/dP-PL/.m2/repository/org/sonatype/gossip/gossip/1.0/gossip-1.0.jar!/org/slf4j/impl/StaticLoggerBinder.class]
SLF4J: Found binding in [jar:file:/C:/Users/dP-PL/.m2/repository/org/slf4j/slf4j-nop/1.5.3/slf4j-nop-1.5.3.jar!/org/slf4j/impl/StaticLoggerBinder.class]
SLF4J: Found binding in [jar:file:/C:/Users/dP-PL/.m2/repository/org/slf4j/slf4j-jdk14/1.5.6/slf4j-jdk14-1.5.6.jar!/org/slf4j/impl/StaticLoggerBinder.class]
SLF4J: See http://www.slf4j.org/codes.html#multiple_bindings for an explanation.
SLF4J: Actual binding is of type [org.apache.logging.slf4j.Log4jLoggerFactory]
Starting ChromeDriver 120.0.6099.71 (9729082fe6174c0a371fc66501f5efc5d69d3d2b-refs/branch-heads/6099_56@{#13}) on port 5288
Only local connections are allowed.
Please see https://chromedriver.chromium.org/security-considerations for suggestions on keeping ChromeDriver safe.
ChromeDriver was started successfully.
Dec 18, 2023 10:43:28 PM org.openqa.selenium.remote.ProtocolHandshake createSession
INFO: Detected dialect: W3C
]]></system-err>
  </testcase>
</testsuite>