<?xml version="1.0" encoding="UTF-8"?>
<testsuite xmlns:xsi="http://www.w3.org/2001/XMLSchema-instance" xsi:noNamespaceSchemaLocation="https://maven.apache.org/surefire/maven-surefire-plugin/xsd/surefire-test-report-3.0.xsd" version="3.0" name="TestSuite" time="8,532.627" tests="29" errors="0" skipped="0" failures="6">
  <properties>
    <property name="java.specification.version" value="19"/>
    <property name="webdriver.chrome.driver" value="C:\Users\dP-PL\.cache\selenium\chromedriver\win64\121.0.6167.85\chromedriver.exe"/>
    <property name="sun.cpu.isalist" value="amd64"/>
    <property name="sun.jnu.encoding" value="Cp1252"/>
    <property name="sun.awt.enableExtraMouseButtons" value="true"/>
    <property name="java.class.path" value="D:\XGL Final\XGLFinal\target\test-classes;D:\XGL Final\XGLFinal\target\classes;C:\Users\dP-PL\.m2\repository\org\seleniumhq\selenium\selenium-java\3.141.59\selenium-java-3.141.59.jar;C:\Users\dP-PL\.m2\repository\org\seleniumhq\selenium\selenium-api\3.141.59\selenium-api-3.141.59.jar;C:\Users\dP-PL\.m2\repository\org\seleniumhq\selenium\selenium-chrome-driver\3.141.59\selenium-chrome-driver-3.141.59.jar;C:\Users\dP-PL\.m2\repository\org\seleniumhq\selenium\selenium-edge-driver\3.141.59\selenium-edge-driver-3.141.59.jar;C:\Users\dP-PL\.m2\repository\org\seleniumhq\selenium\selenium-firefox-driver\3.141.59\selenium-firefox-driver-3.141.59.jar;C:\Users\dP-PL\.m2\repository\org\seleniumhq\selenium\selenium-ie-driver\3.141.59\selenium-ie-driver-3.141.59.jar;C:\Users\dP-PL\.m2\repository\org\seleniumhq\selenium\selenium-opera-driver\3.141.59\selenium-opera-driver-3.141.59.jar;C:\Users\dP-PL\.m2\repository\org\seleniumhq\selenium\selenium-remote-driver\3.141.59\selenium-remote-driver-3.141.59.jar;C:\Users\dP-PL\.m2\repository\org\seleniumhq\selenium\selenium-safari-driver\3.141.59\selenium-safari-driver-3.141.59.jar;C:\Users\dP-PL\.m2\repository\org\seleniumhq\selenium\selenium-support\3.141.59\selenium-support-3.141.59.jar;C:\Users\dP-PL\.m2\repository\net\bytebuddy\byte-buddy\1.8.15\byte-buddy-1.8.15.jar;C:\Users\dP-PL\.m2\repository\org\apache\commons\commons-exec\1.3\commons-exec-1.3.jar;C:\Users\dP-PL\.m2\repository\com\google\guava\guava\25.0-jre\guava-25.0-jre.jar;C:\Users\dP-PL\.m2\repository\org\checkerframework\checker-compat-qual\2.0.0\checker-compat-qual-2.0.0.jar;C:\Users\dP-PL\.m2\repository\com\google\errorprone\error_prone_annotations\2.1.3\error_prone_annotations-2.1.3.jar;C:\Users\dP-PL\.m2\repository\com\google\j2objc\j2objc-annotations\1.1\j2objc-annotations-1.1.jar;C:\Users\dP-PL\.m2\repository\org\codehaus\mojo\animal-sniffer-annotations\1.14\animal-sniffer-annotations-1.14.jar;C:\Users\dP-PL\.m2\repository\com\squareup\okhttp3\okhttp\3.11.0\okhttp-3.11.0.jar;C:\Users\dP-PL\.m2\repository\com\squareup\okio\okio\1.14.0\okio-1.14.0.jar;C:\Users\dP-PL\.m2\repository\org\seleniumhq\selenium\selenium-http-jdk-client\4.8.1\selenium-http-jdk-client-4.8.1.jar;C:\Users\dP-PL\.m2\repository\com\google\auto\service\auto-service-annotations\1.0.1\auto-service-annotations-1.0.1.jar;C:\Users\dP-PL\.m2\repository\com\google\auto\service\auto-service\1.0.1\auto-service-1.0.1.jar;C:\Users\dP-PL\.m2\repository\com\google\auto\auto-common\1.2\auto-common-1.2.jar;C:\Users\dP-PL\.m2\repository\org\seleniumhq\selenium\selenium-http\4.8.1\selenium-http-4.8.1.jar;C:\Users\dP-PL\.m2\repository\dev\failsafe\failsafe\3.3.0\failsafe-3.3.0.jar;C:\Users\dP-PL\.m2\repository\org\seleniumhq\selenium\selenium-json\4.8.1\selenium-json-4.8.1.jar;C:\Users\dP-PL\.m2\repository\io\github\bonigarcia\webdrivermanager\5.5.3\webdrivermanager-5.5.3.jar;C:\Users\dP-PL\.m2\repository\com\github\docker-java\docker-java\3.3.3\docker-java-3.3.3.jar;C:\Users\dP-PL\.m2\repository\com\github\docker-java\docker-java-core\3.3.3\docker-java-core-3.3.3.jar;C:\Users\dP-PL\.m2\repository\com\github\docker-java\docker-java-api\3.3.3\docker-java-api-3.3.3.jar;C:\Users\dP-PL\.m2\repository\org\bouncycastle\bcpkix-jdk18on\1.75\bcpkix-jdk18on-1.75.jar;C:\Users\dP-PL\.m2\repository\org\bouncycastle\bcprov-jdk18on\1.75\bcprov-jdk18on-1.75.jar;C:\Users\dP-PL\.m2\repository\org\bouncycastle\bcutil-jdk18on\1.75\bcutil-jdk18on-1.75.jar;C:\Users\dP-PL\.m2\repository\com\github\docker-java\docker-java-transport-httpclient5\3.3.3\docker-java-transport-httpclient5-3.3.3.jar;C:\Users\dP-PL\.m2\repository\com\github\docker-java\docker-java-transport\3.3.3\docker-java-transport-3.3.3.jar;C:\Users\dP-PL\.m2\repository\net\java\dev\jna\jna\5.12.1\jna-5.12.1.jar;C:\Users\dP-PL\.m2\repository\org\brotli\dec\0.1.2\dec-0.1.2.jar;C:\Users\dP-PL\.m2\repository\org\apache\commons\commons-lang3\3.13.0\commons-lang3-3.13.0.jar;C:\Users\dP-PL\.m2\repository\org\apache\httpcomponents\client5\httpclient5\5.2.1\httpclient5-5.2.1.jar;C:\Users\dP-PL\.m2\repository\org\apache\httpcomponents\core5\httpcore5\5.2\httpcore5-5.2.jar;C:\Users\dP-PL\.m2\repository\org\apache\httpcomponents\core5\httpcore5-h2\5.2\httpcore5-h2-5.2.jar;C:\Users\dP-PL\.m2\repository\org\testng\testng\7.6.1\testng-7.6.1.jar;C:\Users\dP-PL\.m2\repository\com\google\code\findbugs\jsr305\3.0.2\jsr305-3.0.2.jar;C:\Users\dP-PL\.m2\repository\com\beust\jcommander\1.82\jcommander-1.82.jar;C:\Users\dP-PL\.m2\repository\org\webjars\jquery\3.6.0\jquery-3.6.0.jar;C:\Users\dP-PL\.m2\repository\net\rcarz\Jira-client\0.5\Jira-client-0.5.jar;C:\Users\dP-PL\.m2\repository\org\apache\httpcomponents\httpmime\4.2.5\httpmime-4.2.5.jar;C:\Users\dP-PL\.m2\repository\net\sf\json-lib\json-lib\2.4\json-lib-2.4-jdk15.jar;C:\Users\dP-PL\.m2\repository\commons-beanutils\commons-beanutils\1.8.0\commons-beanutils-1.8.0.jar;C:\Users\dP-PL\.m2\repository\commons-collections\commons-collections\3.2.1\commons-collections-3.2.1.jar;C:\Users\dP-PL\.m2\repository\commons-lang\commons-lang\2.5\commons-lang-2.5.jar;C:\Users\dP-PL\.m2\repository\net\sf\ezmorph\ezmorph\1.0.6\ezmorph-1.0.6.jar;C:\Users\dP-PL\.m2\repository\joda-time\joda-time\2.3\joda-time-2.3.jar;C:\Users\dP-PL\.m2\repository\junit\junit\4.8.2\junit-4.8.2.jar;C:\Users\dP-PL\.m2\repository\org\mockito\mockito-all\1.9.0\mockito-all-1.9.0.jar;C:\Users\dP-PL\.m2\repository\commons-httpclient\commons-httpclient\3.1\commons-httpclient-3.1.jar;C:\Users\dP-PL\.m2\repository\org\apache\maven\plugins\maven-surefire-plugin\3.0.0-M7\maven-surefire-plugin-3.0.0-M7.jar;C:\Users\dP-PL\.m2\repository\org\apache\maven\surefire\maven-surefire-common\3.0.0-M7\maven-surefire-common-3.0.0-M7.jar;C:\Users\dP-PL\.m2\repository\org\apache\maven\surefire\surefire-api\3.0.0-M7\surefire-api-3.0.0-M7.jar;C:\Users\dP-PL\.m2\repository\org\apache\maven\surefire\surefire-logger-api\3.0.0-M7\surefire-logger-api-3.0.0-M7.jar;C:\Users\dP-PL\.m2\repository\org\apache\maven\surefire\surefire-extensions-api\3.0.0-M7\surefire-extensions-api-3.0.0-M7.jar;C:\Users\dP-PL\.m2\repository\org\apache\maven\surefire\surefire-booter\3.0.0-M7\surefire-booter-3.0.0-M7.jar;C:\Users\dP-PL\.m2\repository\org\apache\maven\surefire\surefire-extensions-spi\3.0.0-M7\surefire-extensions-spi-3.0.0-M7.jar;C:\Users\dP-PL\.m2\repository\org\apache\maven\shared\maven-common-artifact-filters\3.1.1\maven-common-artifact-filters-3.1.1.jar;C:\Users\dP-PL\.m2\repository\org\codehaus\plexus\plexus-java\1.1.1\plexus-java-1.1.1.jar;C:\Users\dP-PL\.m2\repository\org\ow2\asm\asm\9.2\asm-9.2.jar;C:\Users\dP-PL\.m2\repository\com\thoughtworks\qdox\qdox\2.0.1\qdox-2.0.1.jar;C:\Users\dP-PL\.m2\repository\org\apache\maven\surefire\surefire-shared-utils\3.0.0-M7\surefire-shared-utils-3.0.0-M7.jar;C:\Users\dP-PL\.m2\repository\com\aventstack\extentreports\5.0.8\extentreports-5.0.8.jar;C:\Users\dP-PL\.m2\repository\io\reactivex\rxjava3\rxjava\3.0.4\rxjava-3.0.4.jar;C:\Users\dP-PL\.m2\repository\org\reactivestreams\reactive-streams\1.0.3\reactive-streams-1.0.3.jar;C:\Users\dP-PL\.m2\repository\org\freemarker\freemarker\2.3.30\freemarker-2.3.30.jar;C:\Users\dP-PL\.m2\repository\org\projectlombok\lombok\1.18.22\lombok-1.18.22.jar;C:\Users\dP-PL\.m2\repository\org\apache\poi\poi-ooxml\5.2.2\poi-ooxml-5.2.2.jar;C:\Users\dP-PL\.m2\repository\org\apache\poi\poi\5.2.2\poi-5.2.2.jar;C:\Users\dP-PL\.m2\repository\org\apache\commons\commons-math3\3.6.1\commons-math3-3.6.1.jar;C:\Users\dP-PL\.m2\repository\com\zaxxer\SparseBitSet\1.2\SparseBitSet-1.2.jar;C:\Users\dP-PL\.m2\repository\org\apache\poi\poi-ooxml-lite\5.2.2\poi-ooxml-lite-5.2.2.jar;C:\Users\dP-PL\.m2\repository\org\apache\xmlbeans\xmlbeans\5.0.3\xmlbeans-5.0.3.jar;C:\Users\dP-PL\.m2\repository\org\apache\commons\commons-compress\1.21\commons-compress-1.21.jar;C:\Users\dP-PL\.m2\repository\commons-io\commons-io\2.11.0\commons-io-2.11.0.jar;C:\Users\dP-PL\.m2\repository\com\github\virtuald\curvesapi\1.07\curvesapi-1.07.jar;C:\Users\dP-PL\.m2\repository\org\apache\commons\commons-collections4\4.4\commons-collections4-4.4.jar;C:\Users\dP-PL\.m2\repository\org\apache\logging\log4j\log4j-api\2.17.0\log4j-api-2.17.0.jar;C:\Users\dP-PL\.m2\repository\org\apache\logging\log4j\log4j-core\2.17.0\log4j-core-2.17.0.jar;C:\Users\dP-PL\.m2\repository\org\slf4j\slf4j-api\1.7.32\slf4j-api-1.7.32.jar;C:\Users\dP-PL\.m2\repository\org\apache\logging\log4j\log4j-slf4j-impl\2.17.0\log4j-slf4j-impl-2.17.0.jar;C:\Users\dP-PL\.m2\repository\com\microsoft\sqlserver\mssql-jdbc\12.4.0.jre11\mssql-jdbc-12.4.0.jre11.jar;C:\Users\dP-PL\.m2\repository\com\oracle\database\jdbc\ojdbc11\23.2.0.0\ojdbc11-23.2.0.0.jar;C:\Users\dP-PL\.m2\repository\net\lightbody\bmp\browsermob-core\2.1.5\browsermob-core-2.1.5.jar;C:\Users\dP-PL\.m2\repository\net\lightbody\bmp\littleproxy\1.1.0-beta-bmp-17\littleproxy-1.1.0-beta-bmp-17.jar;C:\Users\dP-PL\.m2\repository\com\fasterxml\jackson\core\jackson-core\2.8.9\jackson-core-2.8.9.jar;C:\Users\dP-PL\.m2\repository\com\fasterxml\jackson\core\jackson-databind\2.8.9\jackson-databind-2.8.9.jar;C:\Users\dP-PL\.m2\repository\com\fasterxml\jackson\core\jackson-annotations\2.8.9\jackson-annotations-2.8.9.jar;C:\Users\dP-PL\.m2\repository\dnsjava\dnsjava\2.1.8\dnsjava-2.1.8.jar;C:\Users\dP-PL\.m2\repository\org\slf4j\jcl-over-slf4j\1.7.25\jcl-over-slf4j-1.7.25.jar;C:\Users\dP-PL\.m2\repository\com\jcraft\jzlib\1.1.3\jzlib-1.1.3.jar;C:\Users\dP-PL\.m2\repository\io\netty\netty-all\4.0.51.Final\netty-all-4.0.51.Final.jar;C:\Users\dP-PL\.m2\repository\org\bouncycastle\bcprov-jdk15on\1.58\bcprov-jdk15on-1.58.jar;C:\Users\dP-PL\.m2\repository\org\bouncycastle\bcpkix-jdk15on\1.58\bcpkix-jdk15on-1.58.jar;C:\Users\dP-PL\.m2\repository\net\lightbody\bmp\mitm\2.1.5\mitm-2.1.5.jar;C:\Users\dP-PL\.m2\repository\dom4j\dom4j\1.1\dom4j-1.1.jar;C:\Users\dP-PL\.m2\repository\org\apache\httpcomponents\httpclient\4.5.13\httpclient-4.5.13.jar;C:\Users\dP-PL\.m2\repository\org\apache\httpcomponents\httpcore\4.4.13\httpcore-4.4.13.jar;C:\Users\dP-PL\.m2\repository\commons-logging\commons-logging\1.2\commons-logging-1.2.jar;C:\Users\dP-PL\.m2\repository\commons-codec\commons-codec\1.11\commons-codec-1.11.jar;C:\Users\dP-PL\.m2\repository\com\google\code\gson\gson\2.8.8\gson-2.8.8.jar;C:\Users\dP-PL\.m2\repository\ch\fortysix\maven-postman-plugin\0.1.6\maven-postman-plugin-0.1.6.jar;C:\Users\dP-PL\.m2\repository\org\codehaus\gmaven\gmaven-mojo\1.2\gmaven-mojo-1.2.jar;C:\Users\dP-PL\.m2\repository\org\codehaus\gmaven\runtime\gmaven-runtime-api\1.2\gmaven-runtime-api-1.2.jar;C:\Users\dP-PL\.m2\repository\org\codehaus\gmaven\feature\gmaven-feature-api\1.2\gmaven-feature-api-1.2.jar;C:\Users\dP-PL\.m2\repository\org\apache\maven\maven-project\2.0.10\maven-project-2.0.10.jar;C:\Users\dP-PL\.m2\repository\org\apache\maven\maven-plugin-registry\2.0.10\maven-plugin-registry-2.0.10.jar;C:\Users\dP-PL\.m2\repository\org\codehaus\plexus\plexus-interpolation\1.1\plexus-interpolation-1.1.jar;C:\Users\dP-PL\.m2\repository\org\apache\maven\maven-plugin-api\2.0.10\maven-plugin-api-2.0.10.jar;C:\Users\dP-PL\.m2\repository\org\codehaus\gmaven\runtime\gmaven-runtime-1.7\1.2\gmaven-runtime-1.7-1.2.jar;C:\Users\dP-PL\.m2\repository\org\codehaus\gmaven\feature\gmaven-feature-support\1.2\gmaven-feature-support-1.2.jar;C:\Users\dP-PL\.m2\repository\org\codehaus\gmaven\runtime\gmaven-runtime-support\1.2\gmaven-runtime-support-1.2.jar;C:\Users\dP-PL\.m2\repository\org\sonatype\gshell\gshell-io\2.0\gshell-io-2.0.jar;C:\Users\dP-PL\.m2\repository\org\sonatype\gossip\gossip\1.0\gossip-1.0.jar;C:\Users\dP-PL\.m2\repository\org\codehaus\groovy\groovy-all\1.7-beta-2\groovy-all-1.7-beta-2.jar;C:\Users\dP-PL\.m2\repository\jline\jline\0.9.94\jline-0.9.94.jar;C:\Users\dP-PL\.m2\repository\javax\mail\mail\1.4.1\mail-1.4.1.jar;C:\Users\dP-PL\.m2\repository\javax\activation\activation\1.1\activation-1.1.jar;C:\Users\dP-PL\.m2\repository\org\apache\ant\ant\1.7.1\ant-1.7.1.jar;C:\Users\dP-PL\.m2\repository\org\apache\ant\ant-launcher\1.7.1\ant-launcher-1.7.1.jar;C:\Users\dP-PL\.m2\repository\org\slf4j\log4j-over-slf4j\1.5.10\log4j-over-slf4j-1.5.10.jar;C:\Users\dP-PL\.m2\repository\org\apache\maven\shared\file-management\1.2.1\file-management-1.2.1.jar;C:\Users\dP-PL\.m2\repository\org\apache\maven\shared\maven-shared-io\1.1\maven-shared-io-1.1.jar;C:\Users\dP-PL\.m2\repository\org\codehaus\plexus\plexus-container-default\1.0-alpha-9\plexus-container-default-1.0-alpha-9.jar;C:\Users\dP-PL\.m2\repository\org\apache\maven\reporting\maven-reporting-api\2.2.1\maven-reporting-api-2.2.1.jar;C:\Users\dP-PL\.m2\repository\org\apache\maven\doxia\doxia-logging-api\1.1\doxia-logging-api-1.1.jar;C:\Users\dP-PL\.m2\repository\org\apache\maven\reporting\maven-reporting-impl\2.0.4.3\maven-reporting-impl-2.0.4.3.jar;C:\Users\dP-PL\.m2\repository\org\apache\maven\doxia\doxia-core\1.0\doxia-core-1.0.jar;C:\Users\dP-PL\.m2\repository\org\apache\maven\doxia\doxia-site-renderer\1.0\doxia-site-renderer-1.0.jar;C:\Users\dP-PL\.m2\repository\org\codehaus\plexus\plexus-i18n\1.0-beta-7\plexus-i18n-1.0-beta-7.jar;C:\Users\dP-PL\.m2\repository\org\codehaus\plexus\plexus-velocity\1.1.7\plexus-velocity-1.1.7.jar;C:\Users\dP-PL\.m2\repository\org\apache\velocity\velocity\1.5\velocity-1.5.jar;C:\Users\dP-PL\.m2\repository\org\apache\maven\doxia\doxia-decoration-model\1.0\doxia-decoration-model-1.0.jar;C:\Users\dP-PL\.m2\repository\org\apache\maven\doxia\doxia-module-apt\1.0\doxia-module-apt-1.0.jar;C:\Users\dP-PL\.m2\repository\org\apache\maven\doxia\doxia-module-fml\1.0\doxia-module-fml-1.0.jar;C:\Users\dP-PL\.m2\repository\org\apache\maven\doxia\doxia-module-xdoc\1.0\doxia-module-xdoc-1.0.jar;C:\Users\dP-PL\.m2\repository\org\apache\maven\doxia\doxia-module-xhtml\1.0\doxia-module-xhtml-1.0.jar;C:\Users\dP-PL\.m2\repository\commons-validator\commons-validator\1.2.0\commons-validator-1.2.0.jar;C:\Users\dP-PL\.m2\repository\commons-digester\commons-digester\1.6\commons-digester-1.6.jar;C:\Users\dP-PL\.m2\repository\oro\oro\2.0.8\oro-2.0.8.jar;C:\Users\dP-PL\.m2\repository\xml-apis\xml-apis\1.0.b2\xml-apis-1.0.b2.jar;C:\Users\dP-PL\.m2\repository\org\apache\maven\shared\maven-doxia-tools\1.0.2\maven-doxia-tools-1.0.2.jar;C:\Users\dP-PL\.m2\repository\org\apache\maven\doxia\doxia-sink-api\1.1.2\doxia-sink-api-1.1.2.jar;C:\Users\dP-PL\.m2\repository\org\codehaus\plexus\plexus-utils\2.0.1\plexus-utils-2.0.1.jar;C:\Users\dP-PL\.m2\repository\nekohtml\nekohtml\1.9.6.2\nekohtml-1.9.6.2.jar;C:\Users\dP-PL\.m2\repository\xerces\xercesImpl\2.8.1\xercesImpl-2.8.1.jar;C:\Users\dP-PL\.m2\repository\org\apache\commons\commons-email\1.2\commons-email-1.2.jar;C:\Users\dP-PL\.m2\repository\org\apache\maven\maven-core\2.2.1\maven-core-2.2.1.jar;C:\Users\dP-PL\.m2\repository\org\apache\maven\maven-settings\2.2.1\maven-settings-2.2.1.jar;C:\Users\dP-PL\.m2\repository\org\apache\maven\wagon\wagon-file\1.0-beta-6\wagon-file-1.0-beta-6.jar;C:\Users\dP-PL\.m2\repository\org\apache\maven\maven-plugin-parameter-documenter\2.2.1\maven-plugin-parameter-documenter-2.2.1.jar;C:\Users\dP-PL\.m2\repository\org\apache\maven\wagon\wagon-http-lightweight\1.0-beta-6\wagon-http-lightweight-1.0-beta-6.jar;C:\Users\dP-PL\.m2\repository\org\apache\maven\wagon\wagon-http-shared\1.0-beta-6\wagon-http-shared-1.0-beta-6.jar;C:\Users\dP-PL\.m2\repository\nekohtml\xercesMinimal\1.9.6.2\xercesMinimal-1.9.6.2.jar;C:\Users\dP-PL\.m2\repository\org\apache\maven\wagon\wagon-http\1.0-beta-6\wagon-http-1.0-beta-6.jar;C:\Users\dP-PL\.m2\repository\org\apache\maven\wagon\wagon-webdav-jackrabbit\1.0-beta-6\wagon-webdav-jackrabbit-1.0-beta-6.jar;C:\Users\dP-PL\.m2\repository\org\apache\jackrabbit\jackrabbit-webdav\1.5.0\jackrabbit-webdav-1.5.0.jar;C:\Users\dP-PL\.m2\repository\org\apache\jackrabbit\jackrabbit-jcr-commons\1.5.0\jackrabbit-jcr-commons-1.5.0.jar;C:\Users\dP-PL\.m2\repository\org\slf4j\slf4j-nop\1.5.3\slf4j-nop-1.5.3.jar;C:\Users\dP-PL\.m2\repository\org\slf4j\slf4j-jdk14\1.5.6\slf4j-jdk14-1.5.6.jar;C:\Users\dP-PL\.m2\repository\org\apache\maven\maven-profile\2.2.1\maven-profile-2.2.1.jar;C:\Users\dP-PL\.m2\repository\org\apache\maven\maven-model\2.2.1\maven-model-2.2.1.jar;C:\Users\dP-PL\.m2\repository\org\apache\maven\maven-artifact\2.2.1\maven-artifact-2.2.1.jar;C:\Users\dP-PL\.m2\repository\org\apache\maven\wagon\wagon-provider-api\1.0-beta-6\wagon-provider-api-1.0-beta-6.jar;C:\Users\dP-PL\.m2\repository\org\apache\maven\maven-repository-metadata\2.2.1\maven-repository-metadata-2.2.1.jar;C:\Users\dP-PL\.m2\repository\org\apache\maven\maven-error-diagnostics\2.2.1\maven-error-diagnostics-2.2.1.jar;C:\Users\dP-PL\.m2\repository\commons-cli\commons-cli\1.2\commons-cli-1.2.jar;C:\Users\dP-PL\.m2\repository\org\apache\maven\wagon\wagon-ssh-external\1.0-beta-6\wagon-ssh-external-1.0-beta-6.jar;C:\Users\dP-PL\.m2\repository\org\apache\maven\wagon\wagon-ssh-common\1.0-beta-6\wagon-ssh-common-1.0-beta-6.jar;C:\Users\dP-PL\.m2\repository\org\apache\maven\maven-plugin-descriptor\2.2.1\maven-plugin-descriptor-2.2.1.jar;C:\Users\dP-PL\.m2\repository\org\codehaus\plexus\plexus-interactivity-api\1.0-alpha-4\plexus-interactivity-api-1.0-alpha-4.jar;C:\Users\dP-PL\.m2\repository\org\apache\maven\maven-artifact-manager\2.2.1\maven-artifact-manager-2.2.1.jar;C:\Users\dP-PL\.m2\repository\backport-util-concurrent\backport-util-concurrent\3.1\backport-util-concurrent-3.1.jar;C:\Users\dP-PL\.m2\repository\org\apache\maven\maven-monitor\2.2.1\maven-monitor-2.2.1.jar;C:\Users\dP-PL\.m2\repository\org\apache\maven\wagon\wagon-ssh\1.0-beta-6\wagon-ssh-1.0-beta-6.jar;C:\Users\dP-PL\.m2\repository\com\jcraft\jsch\0.1.38\jsch-0.1.38.jar;C:\Users\dP-PL\.m2\repository\classworlds\classworlds\1.1\classworlds-1.1.jar;C:\Users\dP-PL\.m2\repository\org\sonatype\plexus\plexus-sec-dispatcher\1.3\plexus-sec-dispatcher-1.3.jar;C:\Users\dP-PL\.m2\repository\org\sonatype\plexus\plexus-cipher\1.4\plexus-cipher-1.4.jar;"/>
    <property name="java.vm.vendor" value="Oracle Corporation"/>
    <property name="sun.arch.data.model" value="64"/>
    <property name="user.variant" value=""/>
    <property name="java.vendor.url" value="https://java.oracle.com/"/>
    <property name="user.timezone" value="Asia/Calcutta"/>
    <property name="os.name" value="Windows 10"/>
    <property name="java.vm.specification.version" value="19"/>
    <property name="sun.java.launcher" value="SUN_STANDARD"/>
    <property name="user.country" value="IN"/>
    <property name="sun.boot.library.path" value="C:\Program Files\Java\jdk-19\bin"/>
    <property name="sun.java.command" value="C:\Users\dP-PL\AppData\Local\Temp\surefire4176090560130870512\surefirebooter-20240125214255588_3.jar C:\Users\dP-PL\AppData\Local\Temp\surefire4176090560130870512 2024-01-25T21-42-55_252-jvmRun1 surefire-20240125214255588_1tmp surefire_0-20240125214255588_2tmp"/>
    <property name="jdk.debug" value="release"/>
    <property name="surefire.test.class.path" value="D:\XGL Final\XGLFinal\target\test-classes;D:\XGL Final\XGLFinal\target\classes;C:\Users\dP-PL\.m2\repository\org\seleniumhq\selenium\selenium-java\3.141.59\selenium-java-3.141.59.jar;C:\Users\dP-PL\.m2\repository\org\seleniumhq\selenium\selenium-api\3.141.59\selenium-api-3.141.59.jar;C:\Users\dP-PL\.m2\repository\org\seleniumhq\selenium\selenium-chrome-driver\3.141.59\selenium-chrome-driver-3.141.59.jar;C:\Users\dP-PL\.m2\repository\org\seleniumhq\selenium\selenium-edge-driver\3.141.59\selenium-edge-driver-3.141.59.jar;C:\Users\dP-PL\.m2\repository\org\seleniumhq\selenium\selenium-firefox-driver\3.141.59\selenium-firefox-driver-3.141.59.jar;C:\Users\dP-PL\.m2\repository\org\seleniumhq\selenium\selenium-ie-driver\3.141.59\selenium-ie-driver-3.141.59.jar;C:\Users\dP-PL\.m2\repository\org\seleniumhq\selenium\selenium-opera-driver\3.141.59\selenium-opera-driver-3.141.59.jar;C:\Users\dP-PL\.m2\repository\org\seleniumhq\selenium\selenium-remote-driver\3.141.59\selenium-remote-driver-3.141.59.jar;C:\Users\dP-PL\.m2\repository\org\seleniumhq\selenium\selenium-safari-driver\3.141.59\selenium-safari-driver-3.141.59.jar;C:\Users\dP-PL\.m2\repository\org\seleniumhq\selenium\selenium-support\3.141.59\selenium-support-3.141.59.jar;C:\Users\dP-PL\.m2\repository\net\bytebuddy\byte-buddy\1.8.15\byte-buddy-1.8.15.jar;C:\Users\dP-PL\.m2\repository\org\apache\commons\commons-exec\1.3\commons-exec-1.3.jar;C:\Users\dP-PL\.m2\repository\com\google\guava\guava\25.0-jre\guava-25.0-jre.jar;C:\Users\dP-PL\.m2\repository\org\checkerframework\checker-compat-qual\2.0.0\checker-compat-qual-2.0.0.jar;C:\Users\dP-PL\.m2\repository\com\google\errorprone\error_prone_annotations\2.1.3\error_prone_annotations-2.1.3.jar;C:\Users\dP-PL\.m2\repository\com\google\j2objc\j2objc-annotations\1.1\j2objc-annotations-1.1.jar;C:\Users\dP-PL\.m2\repository\org\codehaus\mojo\animal-sniffer-annotations\1.14\animal-sniffer-annotations-1.14.jar;C:\Users\dP-PL\.m2\repository\com\squareup\okhttp3\okhttp\3.11.0\okhttp-3.11.0.jar;C:\Users\dP-PL\.m2\repository\com\squareup\okio\okio\1.14.0\okio-1.14.0.jar;C:\Users\dP-PL\.m2\repository\org\seleniumhq\selenium\selenium-http-jdk-client\4.8.1\selenium-http-jdk-client-4.8.1.jar;C:\Users\dP-PL\.m2\repository\com\google\auto\service\auto-service-annotations\1.0.1\auto-service-annotations-1.0.1.jar;C:\Users\dP-PL\.m2\repository\com\google\auto\service\auto-service\1.0.1\auto-service-1.0.1.jar;C:\Users\dP-PL\.m2\repository\com\google\auto\auto-common\1.2\auto-common-1.2.jar;C:\Users\dP-PL\.m2\repository\org\seleniumhq\selenium\selenium-http\4.8.1\selenium-http-4.8.1.jar;C:\Users\dP-PL\.m2\repository\dev\failsafe\failsafe\3.3.0\failsafe-3.3.0.jar;C:\Users\dP-PL\.m2\repository\org\seleniumhq\selenium\selenium-json\4.8.1\selenium-json-4.8.1.jar;C:\Users\dP-PL\.m2\repository\io\github\bonigarcia\webdrivermanager\5.5.3\webdrivermanager-5.5.3.jar;C:\Users\dP-PL\.m2\repository\com\github\docker-java\docker-java\3.3.3\docker-java-3.3.3.jar;C:\Users\dP-PL\.m2\repository\com\github\docker-java\docker-java-core\3.3.3\docker-java-core-3.3.3.jar;C:\Users\dP-PL\.m2\repository\com\github\docker-java\docker-java-api\3.3.3\docker-java-api-3.3.3.jar;C:\Users\dP-PL\.m2\repository\org\bouncycastle\bcpkix-jdk18on\1.75\bcpkix-jdk18on-1.75.jar;C:\Users\dP-PL\.m2\repository\org\bouncycastle\bcprov-jdk18on\1.75\bcprov-jdk18on-1.75.jar;C:\Users\dP-PL\.m2\repository\org\bouncycastle\bcutil-jdk18on\1.75\bcutil-jdk18on-1.75.jar;C:\Users\dP-PL\.m2\repository\com\github\docker-java\docker-java-transport-httpclient5\3.3.3\docker-java-transport-httpclient5-3.3.3.jar;C:\Users\dP-PL\.m2\repository\com\github\docker-java\docker-java-transport\3.3.3\docker-java-transport-3.3.3.jar;C:\Users\dP-PL\.m2\repository\net\java\dev\jna\jna\5.12.1\jna-5.12.1.jar;C:\Users\dP-PL\.m2\repository\org\brotli\dec\0.1.2\dec-0.1.2.jar;C:\Users\dP-PL\.m2\repository\org\apache\commons\commons-lang3\3.13.0\commons-lang3-3.13.0.jar;C:\Users\dP-PL\.m2\repository\org\apache\httpcomponents\client5\httpclient5\5.2.1\httpclient5-5.2.1.jar;C:\Users\dP-PL\.m2\repository\org\apache\httpcomponents\core5\httpcore5\5.2\httpcore5-5.2.jar;C:\Users\dP-PL\.m2\repository\org\apache\httpcomponents\core5\httpcore5-h2\5.2\httpcore5-h2-5.2.jar;C:\Users\dP-PL\.m2\repository\org\testng\testng\7.6.1\testng-7.6.1.jar;C:\Users\dP-PL\.m2\repository\com\google\code\findbugs\jsr305\3.0.2\jsr305-3.0.2.jar;C:\Users\dP-PL\.m2\repository\com\beust\jcommander\1.82\jcommander-1.82.jar;C:\Users\dP-PL\.m2\repository\org\webjars\jquery\3.6.0\jquery-3.6.0.jar;C:\Users\dP-PL\.m2\repository\net\rcarz\Jira-client\0.5\Jira-client-0.5.jar;C:\Users\dP-PL\.m2\repository\org\apache\httpcomponents\httpmime\4.2.5\httpmime-4.2.5.jar;C:\Users\dP-PL\.m2\repository\net\sf\json-lib\json-lib\2.4\json-lib-2.4-jdk15.jar;C:\Users\dP-PL\.m2\repository\commons-beanutils\commons-beanutils\1.8.0\commons-beanutils-1.8.0.jar;C:\Users\dP-PL\.m2\repository\commons-collections\commons-collections\3.2.1\commons-collections-3.2.1.jar;C:\Users\dP-PL\.m2\repository\commons-lang\commons-lang\2.5\commons-lang-2.5.jar;C:\Users\dP-PL\.m2\repository\net\sf\ezmorph\ezmorph\1.0.6\ezmorph-1.0.6.jar;C:\Users\dP-PL\.m2\repository\joda-time\joda-time\2.3\joda-time-2.3.jar;C:\Users\dP-PL\.m2\repository\junit\junit\4.8.2\junit-4.8.2.jar;C:\Users\dP-PL\.m2\repository\org\mockito\mockito-all\1.9.0\mockito-all-1.9.0.jar;C:\Users\dP-PL\.m2\repository\commons-httpclient\commons-httpclient\3.1\commons-httpclient-3.1.jar;C:\Users\dP-PL\.m2\repository\org\apache\maven\plugins\maven-surefire-plugin\3.0.0-M7\maven-surefire-plugin-3.0.0-M7.jar;C:\Users\dP-PL\.m2\repository\org\apache\maven\surefire\maven-surefire-common\3.0.0-M7\maven-surefire-common-3.0.0-M7.jar;C:\Users\dP-PL\.m2\repository\org\apache\maven\surefire\surefire-api\3.0.0-M7\surefire-api-3.0.0-M7.jar;C:\Users\dP-PL\.m2\repository\org\apache\maven\surefire\surefire-logger-api\3.0.0-M7\surefire-logger-api-3.0.0-M7.jar;C:\Users\dP-PL\.m2\repository\org\apache\maven\surefire\surefire-extensions-api\3.0.0-M7\surefire-extensions-api-3.0.0-M7.jar;C:\Users\dP-PL\.m2\repository\org\apache\maven\surefire\surefire-booter\3.0.0-M7\surefire-booter-3.0.0-M7.jar;C:\Users\dP-PL\.m2\repository\org\apache\maven\surefire\surefire-extensions-spi\3.0.0-M7\surefire-extensions-spi-3.0.0-M7.jar;C:\Users\dP-PL\.m2\repository\org\apache\maven\shared\maven-common-artifact-filters\3.1.1\maven-common-artifact-filters-3.1.1.jar;C:\Users\dP-PL\.m2\repository\org\codehaus\plexus\plexus-java\1.1.1\plexus-java-1.1.1.jar;C:\Users\dP-PL\.m2\repository\org\ow2\asm\asm\9.2\asm-9.2.jar;C:\Users\dP-PL\.m2\repository\com\thoughtworks\qdox\qdox\2.0.1\qdox-2.0.1.jar;C:\Users\dP-PL\.m2\repository\org\apache\maven\surefire\surefire-shared-utils\3.0.0-M7\surefire-shared-utils-3.0.0-M7.jar;C:\Users\dP-PL\.m2\repository\com\aventstack\extentreports\5.0.8\extentreports-5.0.8.jar;C:\Users\dP-PL\.m2\repository\io\reactivex\rxjava3\rxjava\3.0.4\rxjava-3.0.4.jar;C:\Users\dP-PL\.m2\repository\org\reactivestreams\reactive-streams\1.0.3\reactive-streams-1.0.3.jar;C:\Users\dP-PL\.m2\repository\org\freemarker\freemarker\2.3.30\freemarker-2.3.30.jar;C:\Users\dP-PL\.m2\repository\org\projectlombok\lombok\1.18.22\lombok-1.18.22.jar;C:\Users\dP-PL\.m2\repository\org\apache\poi\poi-ooxml\5.2.2\poi-ooxml-5.2.2.jar;C:\Users\dP-PL\.m2\repository\org\apache\poi\poi\5.2.2\poi-5.2.2.jar;C:\Users\dP-PL\.m2\repository\org\apache\commons\commons-math3\3.6.1\commons-math3-3.6.1.jar;C:\Users\dP-PL\.m2\repository\com\zaxxer\SparseBitSet\1.2\SparseBitSet-1.2.jar;C:\Users\dP-PL\.m2\repository\org\apache\poi\poi-ooxml-lite\5.2.2\poi-ooxml-lite-5.2.2.jar;C:\Users\dP-PL\.m2\repository\org\apache\xmlbeans\xmlbeans\5.0.3\xmlbeans-5.0.3.jar;C:\Users\dP-PL\.m2\repository\org\apache\commons\commons-compress\1.21\commons-compress-1.21.jar;C:\Users\dP-PL\.m2\repository\commons-io\commons-io\2.11.0\commons-io-2.11.0.jar;C:\Users\dP-PL\.m2\repository\com\github\virtuald\curvesapi\1.07\curvesapi-1.07.jar;C:\Users\dP-PL\.m2\repository\org\apache\commons\commons-collections4\4.4\commons-collections4-4.4.jar;C:\Users\dP-PL\.m2\repository\org\apache\logging\log4j\log4j-api\2.17.0\log4j-api-2.17.0.jar;C:\Users\dP-PL\.m2\repository\org\apache\logging\log4j\log4j-core\2.17.0\log4j-core-2.17.0.jar;C:\Users\dP-PL\.m2\repository\org\slf4j\slf4j-api\1.7.32\slf4j-api-1.7.32.jar;C:\Users\dP-PL\.m2\repository\org\apache\logging\log4j\log4j-slf4j-impl\2.17.0\log4j-slf4j-impl-2.17.0.jar;C:\Users\dP-PL\.m2\repository\com\microsoft\sqlserver\mssql-jdbc\12.4.0.jre11\mssql-jdbc-12.4.0.jre11.jar;C:\Users\dP-PL\.m2\repository\com\oracle\database\jdbc\ojdbc11\23.2.0.0\ojdbc11-23.2.0.0.jar;C:\Users\dP-PL\.m2\repository\net\lightbody\bmp\browsermob-core\2.1.5\browsermob-core-2.1.5.jar;C:\Users\dP-PL\.m2\repository\net\lightbody\bmp\littleproxy\1.1.0-beta-bmp-17\littleproxy-1.1.0-beta-bmp-17.jar;C:\Users\dP-PL\.m2\repository\com\fasterxml\jackson\core\jackson-core\2.8.9\jackson-core-2.8.9.jar;C:\Users\dP-PL\.m2\repository\com\fasterxml\jackson\core\jackson-databind\2.8.9\jackson-databind-2.8.9.jar;C:\Users\dP-PL\.m2\repository\com\fasterxml\jackson\core\jackson-annotations\2.8.9\jackson-annotations-2.8.9.jar;C:\Users\dP-PL\.m2\repository\dnsjava\dnsjava\2.1.8\dnsjava-2.1.8.jar;C:\Users\dP-PL\.m2\repository\org\slf4j\jcl-over-slf4j\1.7.25\jcl-over-slf4j-1.7.25.jar;C:\Users\dP-PL\.m2\repository\com\jcraft\jzlib\1.1.3\jzlib-1.1.3.jar;C:\Users\dP-PL\.m2\repository\io\netty\netty-all\4.0.51.Final\netty-all-4.0.51.Final.jar;C:\Users\dP-PL\.m2\repository\org\bouncycastle\bcprov-jdk15on\1.58\bcprov-jdk15on-1.58.jar;C:\Users\dP-PL\.m2\repository\org\bouncycastle\bcpkix-jdk15on\1.58\bcpkix-jdk15on-1.58.jar;C:\Users\dP-PL\.m2\repository\net\lightbody\bmp\mitm\2.1.5\mitm-2.1.5.jar;C:\Users\dP-PL\.m2\repository\dom4j\dom4j\1.1\dom4j-1.1.jar;C:\Users\dP-PL\.m2\repository\org\apache\httpcomponents\httpclient\4.5.13\httpclient-4.5.13.jar;C:\Users\dP-PL\.m2\repository\org\apache\httpcomponents\httpcore\4.4.13\httpcore-4.4.13.jar;C:\Users\dP-PL\.m2\repository\commons-logging\commons-logging\1.2\commons-logging-1.2.jar;C:\Users\dP-PL\.m2\repository\commons-codec\commons-codec\1.11\commons-codec-1.11.jar;C:\Users\dP-PL\.m2\repository\com\google\code\gson\gson\2.8.8\gson-2.8.8.jar;C:\Users\dP-PL\.m2\repository\ch\fortysix\maven-postman-plugin\0.1.6\maven-postman-plugin-0.1.6.jar;C:\Users\dP-PL\.m2\repository\org\codehaus\gmaven\gmaven-mojo\1.2\gmaven-mojo-1.2.jar;C:\Users\dP-PL\.m2\repository\org\codehaus\gmaven\runtime\gmaven-runtime-api\1.2\gmaven-runtime-api-1.2.jar;C:\Users\dP-PL\.m2\repository\org\codehaus\gmaven\feature\gmaven-feature-api\1.2\gmaven-feature-api-1.2.jar;C:\Users\dP-PL\.m2\repository\org\apache\maven\maven-project\2.0.10\maven-project-2.0.10.jar;C:\Users\dP-PL\.m2\repository\org\apache\maven\maven-plugin-registry\2.0.10\maven-plugin-registry-2.0.10.jar;C:\Users\dP-PL\.m2\repository\org\codehaus\plexus\plexus-interpolation\1.1\plexus-interpolation-1.1.jar;C:\Users\dP-PL\.m2\repository\org\apache\maven\maven-plugin-api\2.0.10\maven-plugin-api-2.0.10.jar;C:\Users\dP-PL\.m2\repository\org\codehaus\gmaven\runtime\gmaven-runtime-1.7\1.2\gmaven-runtime-1.7-1.2.jar;C:\Users\dP-PL\.m2\repository\org\codehaus\gmaven\feature\gmaven-feature-support\1.2\gmaven-feature-support-1.2.jar;C:\Users\dP-PL\.m2\repository\org\codehaus\gmaven\runtime\gmaven-runtime-support\1.2\gmaven-runtime-support-1.2.jar;C:\Users\dP-PL\.m2\repository\org\sonatype\gshell\gshell-io\2.0\gshell-io-2.0.jar;C:\Users\dP-PL\.m2\repository\org\sonatype\gossip\gossip\1.0\gossip-1.0.jar;C:\Users\dP-PL\.m2\repository\org\codehaus\groovy\groovy-all\1.7-beta-2\groovy-all-1.7-beta-2.jar;C:\Users\dP-PL\.m2\repository\jline\jline\0.9.94\jline-0.9.94.jar;C:\Users\dP-PL\.m2\repository\javax\mail\mail\1.4.1\mail-1.4.1.jar;C:\Users\dP-PL\.m2\repository\javax\activation\activation\1.1\activation-1.1.jar;C:\Users\dP-PL\.m2\repository\org\apache\ant\ant\1.7.1\ant-1.7.1.jar;C:\Users\dP-PL\.m2\repository\org\apache\ant\ant-launcher\1.7.1\ant-launcher-1.7.1.jar;C:\Users\dP-PL\.m2\repository\org\slf4j\log4j-over-slf4j\1.5.10\log4j-over-slf4j-1.5.10.jar;C:\Users\dP-PL\.m2\repository\org\apache\maven\shared\file-management\1.2.1\file-management-1.2.1.jar;C:\Users\dP-PL\.m2\repository\org\apache\maven\shared\maven-shared-io\1.1\maven-shared-io-1.1.jar;C:\Users\dP-PL\.m2\repository\org\codehaus\plexus\plexus-container-default\1.0-alpha-9\plexus-container-default-1.0-alpha-9.jar;C:\Users\dP-PL\.m2\repository\org\apache\maven\reporting\maven-reporting-api\2.2.1\maven-reporting-api-2.2.1.jar;C:\Users\dP-PL\.m2\repository\org\apache\maven\doxia\doxia-logging-api\1.1\doxia-logging-api-1.1.jar;C:\Users\dP-PL\.m2\repository\org\apache\maven\reporting\maven-reporting-impl\2.0.4.3\maven-reporting-impl-2.0.4.3.jar;C:\Users\dP-PL\.m2\repository\org\apache\maven\doxia\doxia-core\1.0\doxia-core-1.0.jar;C:\Users\dP-PL\.m2\repository\org\apache\maven\doxia\doxia-site-renderer\1.0\doxia-site-renderer-1.0.jar;C:\Users\dP-PL\.m2\repository\org\codehaus\plexus\plexus-i18n\1.0-beta-7\plexus-i18n-1.0-beta-7.jar;C:\Users\dP-PL\.m2\repository\org\codehaus\plexus\plexus-velocity\1.1.7\plexus-velocity-1.1.7.jar;C:\Users\dP-PL\.m2\repository\org\apache\velocity\velocity\1.5\velocity-1.5.jar;C:\Users\dP-PL\.m2\repository\org\apache\maven\doxia\doxia-decoration-model\1.0\doxia-decoration-model-1.0.jar;C:\Users\dP-PL\.m2\repository\org\apache\maven\doxia\doxia-module-apt\1.0\doxia-module-apt-1.0.jar;C:\Users\dP-PL\.m2\repository\org\apache\maven\doxia\doxia-module-fml\1.0\doxia-module-fml-1.0.jar;C:\Users\dP-PL\.m2\repository\org\apache\maven\doxia\doxia-module-xdoc\1.0\doxia-module-xdoc-1.0.jar;C:\Users\dP-PL\.m2\repository\org\apache\maven\doxia\doxia-module-xhtml\1.0\doxia-module-xhtml-1.0.jar;C:\Users\dP-PL\.m2\repository\commons-validator\commons-validator\1.2.0\commons-validator-1.2.0.jar;C:\Users\dP-PL\.m2\repository\commons-digester\commons-digester\1.6\commons-digester-1.6.jar;C:\Users\dP-PL\.m2\repository\oro\oro\2.0.8\oro-2.0.8.jar;C:\Users\dP-PL\.m2\repository\xml-apis\xml-apis\1.0.b2\xml-apis-1.0.b2.jar;C:\Users\dP-PL\.m2\repository\org\apache\maven\shared\maven-doxia-tools\1.0.2\maven-doxia-tools-1.0.2.jar;C:\Users\dP-PL\.m2\repository\org\apache\maven\doxia\doxia-sink-api\1.1.2\doxia-sink-api-1.1.2.jar;C:\Users\dP-PL\.m2\repository\org\codehaus\plexus\plexus-utils\2.0.1\plexus-utils-2.0.1.jar;C:\Users\dP-PL\.m2\repository\nekohtml\nekohtml\1.9.6.2\nekohtml-1.9.6.2.jar;C:\Users\dP-PL\.m2\repository\xerces\xercesImpl\2.8.1\xercesImpl-2.8.1.jar;C:\Users\dP-PL\.m2\repository\org\apache\commons\commons-email\1.2\commons-email-1.2.jar;C:\Users\dP-PL\.m2\repository\org\apache\maven\maven-core\2.2.1\maven-core-2.2.1.jar;C:\Users\dP-PL\.m2\repository\org\apache\maven\maven-settings\2.2.1\maven-settings-2.2.1.jar;C:\Users\dP-PL\.m2\repository\org\apache\maven\wagon\wagon-file\1.0-beta-6\wagon-file-1.0-beta-6.jar;C:\Users\dP-PL\.m2\repository\org\apache\maven\maven-plugin-parameter-documenter\2.2.1\maven-plugin-parameter-documenter-2.2.1.jar;C:\Users\dP-PL\.m2\repository\org\apache\maven\wagon\wagon-http-lightweight\1.0-beta-6\wagon-http-lightweight-1.0-beta-6.jar;C:\Users\dP-PL\.m2\repository\org\apache\maven\wagon\wagon-http-shared\1.0-beta-6\wagon-http-shared-1.0-beta-6.jar;C:\Users\dP-PL\.m2\repository\nekohtml\xercesMinimal\1.9.6.2\xercesMinimal-1.9.6.2.jar;C:\Users\dP-PL\.m2\repository\org\apache\maven\wagon\wagon-http\1.0-beta-6\wagon-http-1.0-beta-6.jar;C:\Users\dP-PL\.m2\repository\org\apache\maven\wagon\wagon-webdav-jackrabbit\1.0-beta-6\wagon-webdav-jackrabbit-1.0-beta-6.jar;C:\Users\dP-PL\.m2\repository\org\apache\jackrabbit\jackrabbit-webdav\1.5.0\jackrabbit-webdav-1.5.0.jar;C:\Users\dP-PL\.m2\repository\org\apache\jackrabbit\jackrabbit-jcr-commons\1.5.0\jackrabbit-jcr-commons-1.5.0.jar;C:\Users\dP-PL\.m2\repository\org\slf4j\slf4j-nop\1.5.3\slf4j-nop-1.5.3.jar;C:\Users\dP-PL\.m2\repository\org\slf4j\slf4j-jdk14\1.5.6\slf4j-jdk14-1.5.6.jar;C:\Users\dP-PL\.m2\repository\org\apache\maven\maven-profile\2.2.1\maven-profile-2.2.1.jar;C:\Users\dP-PL\.m2\repository\org\apache\maven\maven-model\2.2.1\maven-model-2.2.1.jar;C:\Users\dP-PL\.m2\repository\org\apache\maven\maven-artifact\2.2.1\maven-artifact-2.2.1.jar;C:\Users\dP-PL\.m2\repository\org\apache\maven\wagon\wagon-provider-api\1.0-beta-6\wagon-provider-api-1.0-beta-6.jar;C:\Users\dP-PL\.m2\repository\org\apache\maven\maven-repository-metadata\2.2.1\maven-repository-metadata-2.2.1.jar;C:\Users\dP-PL\.m2\repository\org\apache\maven\maven-error-diagnostics\2.2.1\maven-error-diagnostics-2.2.1.jar;C:\Users\dP-PL\.m2\repository\commons-cli\commons-cli\1.2\commons-cli-1.2.jar;C:\Users\dP-PL\.m2\repository\org\apache\maven\wagon\wagon-ssh-external\1.0-beta-6\wagon-ssh-external-1.0-beta-6.jar;C:\Users\dP-PL\.m2\repository\org\apache\maven\wagon\wagon-ssh-common\1.0-beta-6\wagon-ssh-common-1.0-beta-6.jar;C:\Users\dP-PL\.m2\repository\org\apache\maven\maven-plugin-descriptor\2.2.1\maven-plugin-descriptor-2.2.1.jar;C:\Users\dP-PL\.m2\repository\org\codehaus\plexus\plexus-interactivity-api\1.0-alpha-4\plexus-interactivity-api-1.0-alpha-4.jar;C:\Users\dP-PL\.m2\repository\org\apache\maven\maven-artifact-manager\2.2.1\maven-artifact-manager-2.2.1.jar;C:\Users\dP-PL\.m2\repository\backport-util-concurrent\backport-util-concurrent\3.1\backport-util-concurrent-3.1.jar;C:\Users\dP-PL\.m2\repository\org\apache\maven\maven-monitor\2.2.1\maven-monitor-2.2.1.jar;C:\Users\dP-PL\.m2\repository\org\apache\maven\wagon\wagon-ssh\1.0-beta-6\wagon-ssh-1.0-beta-6.jar;C:\Users\dP-PL\.m2\repository\com\jcraft\jsch\0.1.38\jsch-0.1.38.jar;C:\Users\dP-PL\.m2\repository\classworlds\classworlds\1.1\classworlds-1.1.jar;C:\Users\dP-PL\.m2\repository\org\sonatype\plexus\plexus-sec-dispatcher\1.3\plexus-sec-dispatcher-1.3.jar;C:\Users\dP-PL\.m2\repository\org\sonatype\plexus\plexus-cipher\1.4\plexus-cipher-1.4.jar;"/>
    <property name="sun.cpu.endian" value="little"/>
    <property name="user.home" value="C:\Users\dP-PL"/>
    <property name="user.language" value="en"/>
    <property name="java.specification.vendor" value="Oracle Corporation"/>
    <property name="java.version.date" value="2022-10-18"/>
    <property name="java.home" value="C:\Program Files\Java\jdk-19"/>
    <property name="file.separator" value="\"/>
    <property name="basedir" value="D:\XGL Final\XGLFinal"/>
    <property name="java.vm.compressedOopsMode" value="Zero based"/>
    <property name="line.separator" value="&#10;"/>
    <property name="java.vm.specification.vendor" value="Oracle Corporation"/>
    <property name="java.specification.name" value="Java Platform API Specification"/>
    <property name="surefire.real.class.path" value="C:\Users\dP-PL\AppData\Local\Temp\surefire4176090560130870512\surefirebooter-20240125214255588_3.jar"/>
    <property name="user.script" value=""/>
    <property name="sun.management.compiler" value="HotSpot 64-Bit Tiered Compilers"/>
    <property name="java.runtime.version" value="19.0.1+10-21"/>
    <property name="user.name" value="dP-PL"/>
    <property name="stdout.encoding" value="Cp1252"/>
    <property name="path.separator" value=";"/>
    <property name="os.version" value="10.0"/>
    <property name="java.runtime.name" value="Java(TM) SE Runtime Environment"/>
    <property name="file.encoding" value="UTF-8"/>
    <property name="java.vm.name" value="Java HotSpot(TM) 64-Bit Server VM"/>
    <property name="localRepository" value="C:\Users\dP-PL\.m2\repository"/>
    <property name="java.vendor.url.bug" value="https://bugreport.java.com/bugreport/"/>
    <property name="java.io.tmpdir" value="C:\Users\dP-PL\AppData\Local\Temp\"/>
    <property name="idea.version" value="2022.2.4"/>
    <property name="java.version" value="19.0.1"/>
    <property name="user.dir" value="D:\XGL Final\XGLFinal"/>
    <property name="os.arch" value="amd64"/>
    <property name="java.vm.specification.name" value="Java Virtual Machine Specification"/>
    <property name="sun.os.patch.level" value=""/>
    <property name="native.encoding" value="Cp1252"/>
    <property name="java.library.path" value="C:\Program Files\Java\jdk-19\bin;C:\WINDOWS\Sun\Java\bin;C:\WINDOWS\system32;C:\WINDOWS;C:\Python311\Scripts\;C:\Python311\;C:\Program Files\Common Files\Oracle\Java\javapath;C:\WINDOWS\system32;C:\WINDOWS;C:\WINDOWS\System32\Wbem;C:\WINDOWS\System32\WindowsPowerShell\v1.0\;C:\WINDOWS\System32\OpenSSH\;C:\Program Files (x86)\CrSSL\bin;C:\Program Files\Git\cmd;C:\Users\dP-PL\apache-maven-3.8.6\bin;C:\Program Files\Java\jdk-19\bin;C:\Program Files\nodejs\;C:\ProgramData\chocolatey\bin;C:\Program Files\PuTTY\;C:\Users\dP-PL\AppData\Local\Microsoft\WindowsApps;C:\Program Files\JetBrains\IntelliJ IDEA Community Edition 2022.2.4\bin;;C:\Program Files\Java\jdk-19\bin;C:\Users\dP-PL\AppData\Roaming\npm;C:\Users\dP-PL\AppData\Local\Programs\Microsoft VS Code\bin;C:\Users\dP-PL\apache-jmeter-5.5\bin;;."/>
    <property name="java.vm.info" value="mixed mode, sharing"/>
    <property name="stderr.encoding" value="Cp1252"/>
    <property name="java.vendor" value="Oracle Corporation"/>
    <property name="java.vm.version" value="19.0.1+10-21"/>
    <property name="sun.io.unicode.encoding" value="UnicodeLittle"/>
    <property name="java.class.version" value="63.0"/>
    <property name="webdriver.http.factory" value="jdk-http-client"/>
  </properties>
  <testcase name="About" classname="XGLT_15177_Test" time="62.926">
    <system-out><![CDATA[Archive created successfully.
FileNotFoundException occurred: screenshots (The system cannot find the file specified)
Archive created successfully.
Deleted file: D:\XGL Final\XGLFinal\reports\TestExecutionReport.html
Test Suite started!
2024-01-25 21:42:59,037 [main] INFO  base.BaseClass - Login to XGL
2024-01-25 21:42:59,039 [main] INFO  XGLT_15177_Test - Setting up browser
2024-01-25 21:43:01,050 [main] INFO  io.github.bonigarcia.wdm.WebDriverManager - Using chromedriver 121.0.6167.85 (resolved driver for Chrome 121)
2024-01-25 21:43:01,072 [main] INFO  io.github.bonigarcia.wdm.WebDriverManager - Exporting webdriver.chrome.driver as C:\Users\dP-PL\.cache\selenium\chromedriver\win64\121.0.6167.85\chromedriver.exe
2024-01-25 21:43:04,610 [main] INFO  base.BaseClass - Before navigating to {url}
2024-01-25 21:43:09,161 [main] INFO  base.BaseClass - Navigated to {url}
2024-01-25 21:43:09,705 [main] INFO  base.BaseClass - Trying to find Element By {by.toString()})
2024-01-25 21:43:09,719 [main] INFO  base.BaseClass - Found Element By {by.toString()}
2024-01-25 21:43:09,776 [main] INFO  base.BaseClass - Trying to find Element By {by.toString()})
2024-01-25 21:43:09,789 [main] INFO  base.BaseClass - Found Element By {by.toString()}
2024-01-25 21:43:09,850 [main] INFO  base.BaseClass - Trying to find Element By {by.toString()})
2024-01-25 21:43:09,862 [main] INFO  base.BaseClass - Found Element By {by.toString()}
2024-01-25 21:43:09,862 [main] INFO  base.BaseClass - Trying to click on: {element.toString()}
2024-01-25 21:43:09,902 [main] INFO  base.BaseClass - Clicked on: {element.toString()}
2024-01-25 21:43:09,904 [main] INFO  base.BaseClass - Trying to find Element By {by.toString()})
2024-01-25 21:43:16,588 [main] INFO  base.BaseClass - Found Element By {by.toString()}
2024-01-25 21:43:16,650 [main] INFO  base.BaseClass - Trying to find Element By {by.toString()})
NoSuchElementException occurred: no such element: Unable to locate element: {"method":"xpath","selector":"//div[@class='modal-content']/div/i[contains(@class,'close')]"}
  (Session info: chrome=121.0.6167.86)
For documentation on this error, please visit: https://www.seleniumhq.org/exceptions/no_such_element.html
Build info: version: '3.141.59', revision: 'e82be7d358', time: '2018-11-14T08:17:03'
System info: host: 'DPLAP166', ip: '137.237.3.67', os.name: 'Windows 10', os.arch: 'amd64', os.version: '10.0', java.version: '19.0.1'
Driver info: org.openqa.selenium.chrome.ChromeDriver
Capabilities {acceptInsecureCerts: true, browserName: chrome, browserVersion: 121.0.6167.86, chrome: {chromedriverVersion: 121.0.6167.85 (3f98d690ad7e..., userDataDir: C:\Users\dP-PL\AppData\Loca...}, fedcm:accounts: true, goog:chromeOptions: {debuggerAddress: localhost:55686}, javascriptEnabled: true, networkConnectionEnabled: false, pageLoadStrategy: normal, platform: WINDOWS, platformName: WINDOWS, proxy: Proxy(), setWindowRect: true, strictFileInteractability: false, timeouts: {implicit: 0, pageLoad: 300000, script: 30000}, unhandledPromptBehavior: dismiss and notify, webauthn:extension:credBlob: true, webauthn:extension:largeBlob: true, webauthn:extension:minPinLength: true, webauthn:extension:prf: true, webauthn:virtualAuthenticators: true}
Session ID: a2a97bb027435e337e84283168d264ad
*** Element info: {Using=xpath, value=//div[@class='modal-content']/div/i[contains(@class,'close')]}
Before method Test name: Maintainance Tests
About started!
2024-01-25 21:44:06,770 [main] INFO  base.BaseClass - Trying to find Element By {by.toString()})
2024-01-25 21:44:06,794 [main] INFO  base.BaseClass - Found Element By {by.toString()}
2024-01-25 21:44:06,794 [main] INFO  base.BaseClass - Trying to click on: {element.toString()}
2024-01-25 21:44:06,851 [main] INFO  base.BaseClass - Clicked on: {element.toString()}
2024-01-25 21:44:06,855 [main] INFO  base.BaseClass - Trying to find Element By {by.toString()})
2024-01-25 21:44:06,874 [main] INFO  base.BaseClass - Found Element By {by.toString()}
2024-01-25 21:44:06,895 [main] INFO  base.BaseClass - Trying to find Element By {by.toString()})
2024-01-25 21:44:06,904 [main] INFO  base.BaseClass - Found Element By {by.toString()}
2024-01-25 21:44:07,429 [main] INFO  base.BaseClass - Trying to find Element By {by.toString()})
2024-01-25 21:44:07,460 [main] INFO  base.BaseClass - Found Element By {by.toString()}
2024-01-25 21:44:08,005 [main] INFO  base.BaseClass - Trying to find Element By {by.toString()})
2024-01-25 21:44:08,038 [main] INFO  base.BaseClass - Found Element By {by.toString()}
2024-01-25 21:44:08,571 [main] INFO  base.BaseClass - Trying to find Element By {by.toString()})
2024-01-25 21:44:08,598 [main] INFO  base.BaseClass - Found Element By {by.toString()}
2024-01-25 21:44:09,148 [main] INFO  base.BaseClass - Trying to find Element By {by.toString()})
2024-01-25 21:44:09,176 [main] INFO  base.BaseClass - Found Element By {by.toString()}
2024-01-25 21:44:09,713 [main] INFO  base.BaseClass - Trying to find Element By {by.toString()})
2024-01-25 21:44:09,732 [main] INFO  base.BaseClass - Found Element By {by.toString()}
2024-01-25 21:44:10,261 [main] INFO  base.BaseClass - Trying to find Element By {by.toString()})
2024-01-25 21:44:10,436 [main] INFO  base.BaseClass - Found Element By {by.toString()}
2024-01-25 21:44:10,982 [main] INFO  base.BaseClass - Trying to find Element By {by.toString()})
2024-01-25 21:44:11,002 [main] INFO  base.BaseClass - Found Element By {by.toString()}
2024-01-25 21:44:11,534 [main] INFO  base.BaseClass - Trying to find Element By {by.toString()})
2024-01-25 21:44:13,000 [main] INFO  base.BaseClass - Found Element By {by.toString()}
2024-01-25 21:44:13,554 [main] INFO  base.BaseClass - Trying to find Element By {by.toString()})
2024-01-25 21:44:13,575 [main] INFO  base.BaseClass - Found Element By {by.toString()}
2024-01-25 21:44:14,115 [main] INFO  base.BaseClass - Trying to find Element By {by.toString()})
2024-01-25 21:44:14,144 [main] INFO  base.BaseClass - Found Element By {by.toString()}
2024-01-25 21:44:14,682 [main] INFO  base.BaseClass - Trying to find Element By {by.toString()})
2024-01-25 21:44:14,711 [main] INFO  base.BaseClass - Found Element By {by.toString()}
2024-01-25 21:44:15,263 [main] INFO  base.BaseClass - Trying to find Element By {by.toString()})
2024-01-25 21:44:15,288 [main] INFO  base.BaseClass - Found Element By {by.toString()}
2024-01-25 21:44:15,840 [main] INFO  base.BaseClass - Trying to find Element By {by.toString()})
2024-01-25 21:44:15,867 [main] INFO  base.BaseClass - Found Element By {by.toString()}
2024-01-25 21:44:16,407 [main] INFO  base.BaseClass - Trying to find Element By {by.toString()})
2024-01-25 21:44:16,435 [main] INFO  base.BaseClass - Found Element By {by.toString()}
2024-01-25 21:44:16,987 [main] INFO  base.BaseClass - Trying to find Element By {by.toString()})
2024-01-25 21:44:17,013 [main] INFO  base.BaseClass - Found Element By {by.toString()}
2024-01-25 21:44:17,553 [main] INFO  base.BaseClass - Trying to find Element By {by.toString()})
2024-01-25 21:44:17,582 [main] INFO  base.BaseClass - Found Element By {by.toString()}
2024-01-25 21:44:18,133 [main] INFO  base.BaseClass - Trying to find Element By {by.toString()})
2024-01-25 21:44:18,157 [main] INFO  base.BaseClass - Found Element By {by.toString()}
2024-01-25 21:44:18,699 [main] INFO  base.BaseClass - Trying to find Element By {by.toString()})
2024-01-25 21:44:18,720 [main] INFO  base.BaseClass - Found Element By {by.toString()}
2024-01-25 21:44:19,248 [main] INFO  base.BaseClass - Trying to find Element By {by.toString()})
2024-01-25 21:44:19,275 [main] INFO  base.BaseClass - Found Element By {by.toString()}
2024-01-25 21:44:19,817 [main] INFO  base.BaseClass - Trying to find Element By {by.toString()})
2024-01-25 21:44:19,839 [main] INFO  base.BaseClass - Found Element By {by.toString()}
2024-01-25 21:44:20,383 [main] INFO  base.BaseClass - Trying to find Element By {by.toString()})
2024-01-25 21:44:20,412 [main] INFO  base.BaseClass - Found Element By {by.toString()}
2024-01-25 21:44:20,963 [main] INFO  base.BaseClass - Trying to find Element By {by.toString()})
2024-01-25 21:44:20,990 [main] INFO  base.BaseClass - Found Element By {by.toString()}
2024-01-25 21:44:21,543 [main] INFO  base.BaseClass - Trying to find Element By {by.toString()})
2024-01-25 21:44:21,569 [main] INFO  base.BaseClass - Found Element By {by.toString()}
2024-01-25 21:44:22,122 [main] INFO  base.BaseClass - Trying to find Element By {by.toString()})
2024-01-25 21:44:22,149 [main] INFO  base.BaseClass - Found Element By {by.toString()}
2024-01-25 21:44:22,688 [main] INFO  base.BaseClass - Trying to find Element By {by.toString()})
2024-01-25 21:44:22,701 [main] INFO  base.BaseClass - Found Element By {by.toString()}
2024-01-25 21:44:23,236 [main] INFO  base.BaseClass - Trying to find Element By {by.toString()})
2024-01-25 21:44:23,268 [main] INFO  base.BaseClass - Found Element By {by.toString()}
2024-01-25 21:44:23,800 [main] INFO  base.BaseClass - Trying to find Element By {by.toString()})
2024-01-25 21:44:23,824 [main] INFO  base.BaseClass - Found Element By {by.toString()}
2024-01-25 21:44:24,377 [main] INFO  base.BaseClass - Trying to find Element By {by.toString()})
2024-01-25 21:44:24,407 [main] INFO  base.BaseClass - Found Element By {by.toString()}
2024-01-25 21:44:24,955 [main] INFO  base.BaseClass - Trying to find Element By {by.toString()})
2024-01-25 21:44:24,983 [main] INFO  base.BaseClass - Found Element By {by.toString()}
2024-01-25 21:44:25,534 [main] INFO  base.BaseClass - Trying to find Element By {by.toString()})
2024-01-25 21:44:25,560 [main] INFO  base.BaseClass - Found Element By {by.toString()}
2024-01-25 21:44:26,112 [main] INFO  base.BaseClass - Trying to find Element By {by.toString()})
2024-01-25 21:44:26,141 [main] INFO  base.BaseClass - Found Element By {by.toString()}
2024-01-25 21:44:26,675 [main] INFO  base.BaseClass - Trying to find Element By {by.toString()})
2024-01-25 21:44:26,693 [main] INFO  base.BaseClass - Found Element By {by.toString()}
2024-01-25 21:44:27,235 [main] INFO  base.BaseClass - Trying to find Element By {by.toString()})
2024-01-25 21:44:27,262 [main] INFO  base.BaseClass - Found Element By {by.toString()}
2024-01-25 21:44:27,811 [main] INFO  base.BaseClass - Trying to find Element By {by.toString()})
2024-01-25 21:44:27,839 [main] INFO  base.BaseClass - Found Element By {by.toString()}
2024-01-25 21:44:28,385 [main] INFO  base.BaseClass - Trying to find Element By {by.toString()})
2024-01-25 21:44:28,414 [main] INFO  base.BaseClass - Found Element By {by.toString()}
2024-01-25 21:44:28,957 [main] INFO  base.BaseClass - Trying to find Element By {by.toString()})
2024-01-25 21:44:28,986 [main] INFO  base.BaseClass - Found Element By {by.toString()}
2024-01-25 21:44:29,542 [main] INFO  base.BaseClass - Trying to find Element By {by.toString()})
2024-01-25 21:44:29,571 [main] INFO  base.BaseClass - Found Element By {by.toString()}
2024-01-25 21:44:30,111 [main] INFO  base.BaseClass - Trying to find Element By {by.toString()})
2024-01-25 21:44:30,139 [main] INFO  base.BaseClass - Found Element By {by.toString()}
2024-01-25 21:44:30,679 [main] INFO  base.BaseClass - Trying to find Element By {by.toString()})
2024-01-25 21:44:30,704 [main] INFO  base.BaseClass - Found Element By {by.toString()}
2024-01-25 21:44:31,235 [main] INFO  base.BaseClass - Trying to find Element By {by.toString()})
2024-01-25 21:44:31,258 [main] INFO  base.BaseClass - Found Element By {by.toString()}
2024-01-25 21:44:31,804 [main] INFO  base.BaseClass - Trying to find Element By {by.toString()})
2024-01-25 21:44:31,824 [main] INFO  base.BaseClass - Found Element By {by.toString()}
2024-01-25 21:44:32,358 [main] INFO  base.BaseClass - Trying to find Element By {by.toString()})
2024-01-25 21:44:32,376 [main] INFO  base.BaseClass - Found Element By {by.toString()}
2024-01-25 21:44:32,916 [main] INFO  base.BaseClass - Trying to find Element By {by.toString()})
2024-01-25 21:44:32,934 [main] INFO  base.BaseClass - Found Element By {by.toString()}
2024-01-25 21:44:33,472 [main] INFO  base.BaseClass - Trying to find Element By {by.toString()})
2024-01-25 21:44:33,504 [main] INFO  base.BaseClass - Found Element By {by.toString()}
2024-01-25 21:44:34,047 [main] INFO  base.BaseClass - Trying to find Element By {by.toString()})
2024-01-25 21:44:34,074 [main] INFO  base.BaseClass - Found Element By {by.toString()}
2024-01-25 21:44:34,620 [main] INFO  base.BaseClass - Trying to find Element By {by.toString()})
2024-01-25 21:44:34,649 [main] INFO  base.BaseClass - Found Element By {by.toString()}
2024-01-25 21:44:35,197 [main] INFO  base.BaseClass - Trying to find Element By {by.toString()})
2024-01-25 21:44:35,219 [main] INFO  base.BaseClass - Found Element By {by.toString()}
2024-01-25 21:44:35,741 [main] INFO  base.BaseClass - Trying to find Element By {by.toString()})
2024-01-25 21:44:35,761 [main] INFO  base.BaseClass - Found Element By {by.toString()}
2024-01-25 21:44:36,296 [main] INFO  base.BaseClass - Trying to find Element By {by.toString()})
2024-01-25 21:44:36,324 [main] INFO  base.BaseClass - Found Element By {by.toString()}
2024-01-25 21:44:36,864 [main] INFO  base.BaseClass - Trying to find Element By {by.toString()})
2024-01-25 21:44:36,891 [main] INFO  base.BaseClass - Found Element By {by.toString()}
TimeoutException occurred: Expected condition failed: waiting for helper.WaitUtility$5@17222c11 (tried for 30 second(s) with 500 milliseconds interval)
Build info: version: '3.141.59', revision: 'e82be7d358', time: '2018-11-14T08:17:03'
System info: host: 'DPLAP166', ip: '137.237.3.67', os.name: 'Windows 10', os.arch: 'amd64', os.version: '10.0', java.version: '19.0.1'
Driver info: org.openqa.selenium.support.events.EventFiringWebDriver
Capabilities {acceptInsecureCerts: true, browserName: chrome, browserVersion: 121.0.6167.86, chrome: {chromedriverVersion: 121.0.6167.85 (3f98d690ad7e..., userDataDir: C:\Users\dP-PL\AppData\Loca...}, fedcm:accounts: true, goog:chromeOptions: {debuggerAddress: localhost:55686}, javascriptEnabled: true, networkConnectionEnabled: false, pageLoadStrategy: normal, platform: WINDOWS, platformName: WINDOWS, proxy: Proxy(), setWindowRect: true, strictFileInteractability: false, timeouts: {implicit: 0, pageLoad: 300000, script: 30000}, unhandledPromptBehavior: dismiss and notify, webauthn:extension:credBlob: true, webauthn:extension:largeBlob: true, webauthn:extension:minPinLength: true, webauthn:extension:prf: true, webauthn:virtualAuthenticators: true}
Session ID: a2a97bb027435e337e84283168d264ad
2024-01-25 21:44:36,923 [main] ERROR XGLT_15177_Test - Element did not become visible within the specified time: Expected condition failed: waiting for helper.WaitUtility$5@17222c11 (tried for 30 second(s) with 500 milliseconds interval)
Build info: version: '3.141.59', revision: 'e82be7d358', time: '2018-11-14T08:17:03'
System info: host: 'DPLAP166', ip: '137.237.3.67', os.name: 'Windows 10', os.arch: 'amd64', os.version: '10.0', java.version: '19.0.1'
Driver info: org.openqa.selenium.support.events.EventFiringWebDriver
Capabilities {acceptInsecureCerts: true, browserName: chrome, browserVersion: 121.0.6167.86, chrome: {chromedriverVersion: 121.0.6167.85 (3f98d690ad7e..., userDataDir: C:\Users\dP-PL\AppData\Loca...}, fedcm:accounts: true, goog:chromeOptions: {debuggerAddress: localhost:55686}, javascriptEnabled: true, networkConnectionEnabled: false, pageLoadStrategy: normal, platform: WINDOWS, platformName: WINDOWS, proxy: Proxy(), setWindowRect: true, strictFileInteractability: false, timeouts: {implicit: 0, pageLoad: 300000, script: 30000}, unhandledPromptBehavior: dismiss and notify, webauthn:extension:credBlob: true, webauthn:extension:largeBlob: true, webauthn:extension:minPinLength: true, webauthn:extension:prf: true, webauthn:virtualAuthenticators: true}
Session ID: a2a97bb027435e337e84283168d264ad
2024-01-25 21:44:36,923 [main] INFO  base.BaseClass - Trying to find Element By {by.toString()})
2024-01-25 21:44:36,935 [main] INFO  base.BaseClass - Found Element By {by.toString()}
2024-01-25 21:44:36,935 [main] INFO  base.BaseClass - Trying to click on: {element.toString()}
2024-01-25 21:44:36,998 [main] INFO  base.BaseClass - Clicked on: {element.toString()}
2024-01-25 21:44:37,001 [main] INFO  base.BaseClass - Trying to find Element By {by.toString()})
2024-01-25 21:44:37,987 [main] INFO  base.BaseClass - Found Element By {by.toString()}
2024-01-25 21:44:38,010 [main] INFO  base.BaseClass - Trying to find Element By {by.toString()})
2024-01-25 21:44:38,028 [main] INFO  base.BaseClass - Found Element By {by.toString()}
2024-01-25 21:44:38,029 [main] INFO  base.BaseClass - Trying to find Element By {by.toString()})
2024-01-25 21:44:38,049 [main] INFO  base.BaseClass - Found Element By {by.toString()}
2024-01-25 21:44:38,052 [main] INFO  base.BaseClass - Trying to find Element By {by.toString()})
2024-01-25 21:44:38,079 [main] INFO  base.BaseClass - Found Element By {by.toString()}
2024-01-25 21:44:38,113 [main] INFO  base.BaseClass - Trying to find Element By {by.toString()})
2024-01-25 21:44:38,132 [main] INFO  base.BaseClass - Found Element By {by.toString()}
2024-01-25 21:44:38,133 [main] INFO  base.BaseClass - Trying to find Element By {by.toString()})
2024-01-25 21:44:38,152 [main] INFO  base.BaseClass - Found Element By {by.toString()}
2024-01-25 21:44:38,152 [main] INFO  base.BaseClass - Trying to find Element By {by.toString()})
2024-01-25 21:44:38,172 [main] INFO  base.BaseClass - Found Element By {by.toString()}
2024-01-25 21:44:38,213 [main] INFO  base.BaseClass - Trying to find Element By {by.toString()})
2024-01-25 21:44:38,231 [main] INFO  base.BaseClass - Found Element By {by.toString()}
2024-01-25 21:44:38,232 [main] INFO  base.BaseClass - Trying to find Element By {by.toString()})
2024-01-25 21:44:38,258 [main] INFO  base.BaseClass - Found Element By {by.toString()}
2024-01-25 21:44:38,259 [main] INFO  base.BaseClass - Trying to find Element By {by.toString()})
2024-01-25 21:44:38,274 [main] INFO  base.BaseClass - Found Element By {by.toString()}
2024-01-25 21:44:38,296 [main] INFO  base.BaseClass - Trying to find Element By {by.toString()})
2024-01-25 21:44:38,309 [main] INFO  base.BaseClass - Found Element By {by.toString()}
2024-01-25 21:44:38,309 [main] INFO  base.BaseClass - Trying to find Element By {by.toString()})
2024-01-25 21:44:38,326 [main] INFO  base.BaseClass - Found Element By {by.toString()}
2024-01-25 21:44:38,326 [main] INFO  base.BaseClass - Trying to find Element By {by.toString()})
2024-01-25 21:44:38,342 [main] INFO  base.BaseClass - Found Element By {by.toString()}
2024-01-25 21:44:38,373 [main] INFO  base.BaseClass - Trying to find Element By {by.toString()})
2024-01-25 21:44:38,392 [main] INFO  base.BaseClass - Found Element By {by.toString()}
2024-01-25 21:44:38,393 [main] INFO  base.BaseClass - Trying to find Element By {by.toString()})
2024-01-25 21:44:38,413 [main] INFO  base.BaseClass - Found Element By {by.toString()}
2024-01-25 21:44:38,414 [main] INFO  base.BaseClass - Trying to find Element By {by.toString()})
2024-01-25 21:44:38,435 [main] INFO  base.BaseClass - Found Element By {by.toString()}
2024-01-25 21:44:38,472 [main] INFO  base.BaseClass - Trying to find Element By {by.toString()})
2024-01-25 21:44:38,490 [main] INFO  base.BaseClass - Found Element By {by.toString()}
2024-01-25 21:44:38,493 [main] INFO  base.BaseClass - Trying to find Element By {by.toString()})
2024-01-25 21:44:38,510 [main] INFO  base.BaseClass - Found Element By {by.toString()}
2024-01-25 21:44:38,529 [main] INFO  base.BaseClass - Trying to find Element By {by.toString()})
2024-01-25 21:44:38,548 [main] INFO  base.BaseClass - Found Element By {by.toString()}
2024-01-25 21:44:38,851 [main] INFO  base.BaseClass - Trying to find Element By {by.toString()})
2024-01-25 21:44:38,888 [main] INFO  base.BaseClass - Found Element By {by.toString()}
2024-01-25 21:44:39,411 [main] INFO  base.BaseClass - Trying to find Element By {by.toString()})
2024-01-25 21:44:39,438 [main] INFO  base.BaseClass - Found Element By {by.toString()}
2024-01-25 21:44:39,970 [main] INFO  base.BaseClass - Trying to find Element By {by.toString()})
2024-01-25 21:44:39,997 [main] INFO  base.BaseClass - Found Element By {by.toString()}
2024-01-25 21:44:40,532 [main] INFO  base.BaseClass - Trying to find Element By {by.toString()})
2024-01-25 21:44:40,562 [main] INFO  base.BaseClass - Found Element By {by.toString()}
2024-01-25 21:44:41,114 [main] INFO  base.BaseClass - Trying to find Element By {by.toString()})
2024-01-25 21:44:41,131 [main] INFO  base.BaseClass - Found Element By {by.toString()}
2024-01-25 21:44:41,668 [main] INFO  base.BaseClass - Trying to find Element By {by.toString()})
2024-01-25 21:44:41,677 [main] INFO  base.BaseClass - Found Element By {by.toString()}
2024-01-25 21:44:42,200 [main] INFO  base.BaseClass - Trying to find Element By {by.toString()})
2024-01-25 21:44:42,217 [main] INFO  base.BaseClass - Found Element By {by.toString()}
2024-01-25 21:44:42,750 [main] INFO  base.BaseClass - Trying to find Element By {by.toString()})
2024-01-25 21:44:42,775 [main] INFO  base.BaseClass - Found Element By {by.toString()}
2024-01-25 21:44:43,318 [main] INFO  base.BaseClass - Trying to find Element By {by.toString()})
2024-01-25 21:44:43,345 [main] INFO  base.BaseClass - Found Element By {by.toString()}
2024-01-25 21:44:43,899 [main] INFO  base.BaseClass - Trying to find Element By {by.toString()})
2024-01-25 21:44:43,924 [main] INFO  base.BaseClass - Found Element By {by.toString()}
2024-01-25 21:44:44,463 [main] INFO  base.BaseClass - Trying to find Element By {by.toString()})
2024-01-25 21:44:44,489 [main] INFO  base.BaseClass - Found Element By {by.toString()}
2024-01-25 21:44:45,030 [main] INFO  base.BaseClass - Trying to find Element By {by.toString()})
2024-01-25 21:44:45,057 [main] INFO  base.BaseClass - Found Element By {by.toString()}
2024-01-25 21:44:45,610 [main] INFO  base.BaseClass - Trying to find Element By {by.toString()})
2024-01-25 21:44:45,635 [main] INFO  base.BaseClass - Found Element By {by.toString()}
2024-01-25 21:44:46,175 [main] INFO  base.BaseClass - Trying to find Element By {by.toString()})
2024-01-25 21:44:46,197 [main] INFO  base.BaseClass - Found Element By {by.toString()}
2024-01-25 21:44:46,743 [main] INFO  base.BaseClass - Trying to find Element By {by.toString()})
2024-01-25 21:44:46,759 [main] INFO  base.BaseClass - Found Element By {by.toString()}
2024-01-25 21:44:47,281 [main] INFO  base.BaseClass - Trying to find Element By {by.toString()})
2024-01-25 21:44:47,305 [main] INFO  base.BaseClass - Found Element By {by.toString()}
2024-01-25 21:44:47,846 [main] INFO  base.BaseClass - Trying to find Element By {by.toString()})
2024-01-25 21:44:47,869 [main] INFO  base.BaseClass - Found Element By {by.toString()}
2024-01-25 21:44:48,412 [main] INFO  base.BaseClass - Trying to find Element By {by.toString()})
2024-01-25 21:44:48,434 [main] INFO  base.BaseClass - Found Element By {by.toString()}
2024-01-25 21:44:48,975 [main] INFO  base.BaseClass - Trying to find Element By {by.toString()})
2024-01-25 21:44:48,993 [main] INFO  base.BaseClass - Found Element By {by.toString()}
2024-01-25 21:44:49,542 [main] INFO  base.BaseClass - Trying to find Element By {by.toString()})
2024-01-25 21:44:49,588 [main] INFO  base.BaseClass - Found Element By {by.toString()}
2024-01-25 21:44:50,121 [main] INFO  base.BaseClass - Trying to find Element By {by.toString()})
2024-01-25 21:44:50,148 [main] INFO  base.BaseClass - Found Element By {by.toString()}
2024-01-25 21:44:50,700 [main] INFO  base.BaseClass - Trying to find Element By {by.toString()})
2024-01-25 21:44:50,727 [main] INFO  base.BaseClass - Found Element By {by.toString()}
2024-01-25 21:44:51,281 [main] INFO  base.BaseClass - Trying to find Element By {by.toString()})
2024-01-25 21:44:51,307 [main] INFO  base.BaseClass - Found Element By {by.toString()}
2024-01-25 21:44:51,850 [main] INFO  base.BaseClass - Trying to find Element By {by.toString()})
2024-01-25 21:44:51,875 [main] INFO  base.BaseClass - Found Element By {by.toString()}
2024-01-25 21:44:52,416 [main] INFO  base.BaseClass - Trying to find Element By {by.toString()})
2024-01-25 21:44:52,435 [main] INFO  base.BaseClass - Found Element By {by.toString()}
2024-01-25 21:44:52,982 [main] INFO  base.BaseClass - Trying to find Element By {by.toString()})
2024-01-25 21:44:53,001 [main] INFO  base.BaseClass - Found Element By {by.toString()}
2024-01-25 21:44:53,534 [main] INFO  base.BaseClass - Trying to find Element By {by.toString()})
2024-01-25 21:44:53,560 [main] INFO  base.BaseClass - Found Element By {by.toString()}
2024-01-25 21:44:54,098 [main] INFO  base.BaseClass - Trying to find Element By {by.toString()})
2024-01-25 21:44:54,122 [main] INFO  base.BaseClass - Found Element By {by.toString()}
2024-01-25 21:44:54,662 [main] INFO  base.BaseClass - Trying to find Element By {by.toString()})
2024-01-25 21:44:54,687 [main] INFO  base.BaseClass - Found Element By {by.toString()}
2024-01-25 21:44:55,229 [main] INFO  base.BaseClass - Trying to find Element By {by.toString()})
2024-01-25 21:44:55,247 [main] INFO  base.BaseClass - Found Element By {by.toString()}
2024-01-25 21:44:55,782 [main] INFO  base.BaseClass - Trying to find Element By {by.toString()})
2024-01-25 21:44:55,808 [main] INFO  base.BaseClass - Found Element By {by.toString()}
2024-01-25 21:44:56,362 [main] INFO  base.BaseClass - Trying to find Element By {by.toString()})
2024-01-25 21:44:56,381 [main] INFO  base.BaseClass - Found Element By {by.toString()}
2024-01-25 21:44:56,912 [main] INFO  base.BaseClass - Trying to find Element By {by.toString()})
2024-01-25 21:44:56,929 [main] INFO  base.BaseClass - Found Element By {by.toString()}
2024-01-25 21:44:57,462 [main] INFO  base.BaseClass - Trying to find Element By {by.toString()})
2024-01-25 21:44:57,489 [main] INFO  base.BaseClass - Found Element By {by.toString()}
2024-01-25 21:44:58,030 [main] INFO  base.BaseClass - Trying to find Element By {by.toString()})
2024-01-25 21:44:58,055 [main] INFO  base.BaseClass - Found Element By {by.toString()}
2024-01-25 21:44:58,597 [main] INFO  base.BaseClass - Trying to find Element By {by.toString()})
2024-01-25 21:44:58,622 [main] INFO  base.BaseClass - Found Element By {by.toString()}
2024-01-25 21:44:59,162 [main] INFO  base.BaseClass - Trying to find Element By {by.toString()})
2024-01-25 21:44:59,180 [main] INFO  base.BaseClass - Found Element By {by.toString()}
2024-01-25 21:44:59,711 [main] INFO  base.BaseClass - Trying to find Element By {by.toString()})
2024-01-25 21:44:59,736 [main] INFO  base.BaseClass - Found Element By {by.toString()}
2024-01-25 21:45:00,276 [main] INFO  base.BaseClass - Trying to find Element By {by.toString()})
2024-01-25 21:45:00,301 [main] INFO  base.BaseClass - Found Element By {by.toString()}
2024-01-25 21:45:00,843 [main] INFO  base.BaseClass - Trying to find Element By {by.toString()})
2024-01-25 21:45:00,865 [main] INFO  base.BaseClass - Found Element By {by.toString()}
2024-01-25 21:45:01,411 [main] INFO  base.BaseClass - Trying to find Element By {by.toString()})
2024-01-25 21:45:01,436 [main] INFO  base.BaseClass - Found Element By {by.toString()}
2024-01-25 21:45:01,977 [main] INFO  base.BaseClass - Trying to find Element By {by.toString()})
2024-01-25 21:45:02,003 [main] INFO  base.BaseClass - Found Element By {by.toString()}
2024-01-25 21:45:02,545 [main] INFO  base.BaseClass - Trying to find Element By {by.toString()})
2024-01-25 21:45:02,568 [main] INFO  base.BaseClass - Found Element By {by.toString()}
2024-01-25 21:45:03,111 [main] INFO  base.BaseClass - Trying to find Element By {by.toString()})
2024-01-25 21:45:03,132 [main] INFO  base.BaseClass - Found Element By {by.toString()}
2024-01-25 21:45:03,677 [main] INFO  base.BaseClass - Trying to find Element By {by.toString()})
2024-01-25 21:45:03,703 [main] INFO  base.BaseClass - Found Element By {by.toString()}
2024-01-25 21:45:04,243 [main] INFO  base.BaseClass - Trying to find Element By {by.toString()})
2024-01-25 21:45:04,253 [main] INFO  base.BaseClass - Found Element By {by.toString()}
2024-01-25 21:45:04,777 [main] INFO  base.BaseClass - Trying to find Element By {by.toString()})
2024-01-25 21:45:04,793 [main] INFO  base.BaseClass - Found Element By {by.toString()}
2024-01-25 21:45:05,330 [main] INFO  base.BaseClass - Trying to find Element By {by.toString()})
2024-01-25 21:45:05,360 [main] INFO  base.BaseClass - Found Element By {by.toString()}
2024-01-25 21:45:05,894 [main] INFO  base.BaseClass - Trying to find Element By {by.toString()})
2024-01-25 21:45:05,914 [main] INFO  base.BaseClass - Found Element By {by.toString()}
2024-01-25 21:45:06,443 [main] INFO  base.BaseClass - Trying to find Element By {by.toString()})
2024-01-25 21:45:06,470 [main] INFO  base.BaseClass - Found Element By {by.toString()}
2024-01-25 21:45:07,008 [main] INFO  base.BaseClass - Trying to find Element By {by.toString()})
2024-01-25 21:45:07,029 [main] INFO  base.BaseClass - Found Element By {by.toString()}
2024-01-25 21:45:07,561 [main] INFO  base.BaseClass - Trying to find Element By {by.toString()})
2024-01-25 21:45:07,588 [main] INFO  base.BaseClass - Found Element By {by.toString()}
2024-01-25 21:45:08,141 [main] INFO  base.BaseClass - Trying to find Element By {by.toString()})
2024-01-25 21:45:08,161 [main] INFO  base.BaseClass - Found Element By {by.toString()}
2024-01-25 21:45:08,687 [main] INFO  base.BaseClass - Trying to find Element By {by.toString()})
2024-01-25 21:45:08,713 [main] INFO  base.BaseClass - Found Element By {by.toString()}
2024-01-25 21:45:09,253 [main] INFO  base.BaseClass - Trying to find Element By {by.toString()})
2024-01-25 21:45:09,282 [main] INFO  base.BaseClass - Found Element By {by.toString()}
TimeoutException occurred: Expected condition failed: waiting for helper.WaitUtility$5@4264beb8 (tried for 30 second(s) with 500 milliseconds interval)
Build info: version: '3.141.59', revision: 'e82be7d358', time: '2018-11-14T08:17:03'
System info: host: 'DPLAP166', ip: '137.237.3.67', os.name: 'Windows 10', os.arch: 'amd64', os.version: '10.0', java.version: '19.0.1'
Driver info: org.openqa.selenium.support.events.EventFiringWebDriver
Capabilities {acceptInsecureCerts: true, browserName: chrome, browserVersion: 121.0.6167.86, chrome: {chromedriverVersion: 121.0.6167.85 (3f98d690ad7e..., userDataDir: C:\Users\dP-PL\AppData\Loca...}, fedcm:accounts: true, goog:chromeOptions: {debuggerAddress: localhost:55686}, javascriptEnabled: true, networkConnectionEnabled: false, pageLoadStrategy: normal, platform: WINDOWS, platformName: WINDOWS, proxy: Proxy(), setWindowRect: true, strictFileInteractability: false, timeouts: {implicit: 0, pageLoad: 300000, script: 30000}, unhandledPromptBehavior: dismiss and notify, webauthn:extension:credBlob: true, webauthn:extension:largeBlob: true, webauthn:extension:minPinLength: true, webauthn:extension:prf: true, webauthn:virtualAuthenticators: true}
Session ID: a2a97bb027435e337e84283168d264ad
2024-01-25 21:45:09,309 [main] ERROR XGLT_15177_Test - Element did not become visible within the specified time: Expected condition failed: waiting for helper.WaitUtility$5@4264beb8 (tried for 30 second(s) with 500 milliseconds interval)
Build info: version: '3.141.59', revision: 'e82be7d358', time: '2018-11-14T08:17:03'
System info: host: 'DPLAP166', ip: '137.237.3.67', os.name: 'Windows 10', os.arch: 'amd64', os.version: '10.0', java.version: '19.0.1'
Driver info: org.openqa.selenium.support.events.EventFiringWebDriver
Capabilities {acceptInsecureCerts: true, browserName: chrome, browserVersion: 121.0.6167.86, chrome: {chromedriverVersion: 121.0.6167.85 (3f98d690ad7e..., userDataDir: C:\Users\dP-PL\AppData\Loca...}, fedcm:accounts: true, goog:chromeOptions: {debuggerAddress: localhost:55686}, javascriptEnabled: true, networkConnectionEnabled: false, pageLoadStrategy: normal, platform: WINDOWS, platformName: WINDOWS, proxy: Proxy(), setWindowRect: true, strictFileInteractability: false, timeouts: {implicit: 0, pageLoad: 300000, script: 30000}, unhandledPromptBehavior: dismiss and notify, webauthn:extension:credBlob: true, webauthn:extension:largeBlob: true, webauthn:extension:minPinLength: true, webauthn:extension:prf: true, webauthn:virtualAuthenticators: true}
Session ID: a2a97bb027435e337e84283168d264ad
2024-01-25 21:45:09,309 [main] INFO  base.BaseClass - Trying to find Element By {by.toString()})
2024-01-25 21:45:09,326 [main] INFO  base.BaseClass - Found Element By {by.toString()}
2024-01-25 21:45:09,326 [main] INFO  base.BaseClass - Trying to click on: {element.toString()}
2024-01-25 21:45:09,445 [main] INFO  base.BaseClass - Clicked on: {element.toString()}
About passed!
]]></system-out>
    <system-err><![CDATA[SLF4J: Class path contains multiple SLF4J bindings.
SLF4J: Found binding in [jar:file:/C:/Users/dP-PL/.m2/repository/org/apache/logging/log4j/log4j-slf4j-impl/2.17.0/log4j-slf4j-impl-2.17.0.jar!/org/slf4j/impl/StaticLoggerBinder.class]
SLF4J: Found binding in [jar:file:/C:/Users/dP-PL/.m2/repository/org/sonatype/gossip/gossip/1.0/gossip-1.0.jar!/org/slf4j/impl/StaticLoggerBinder.class]
SLF4J: Found binding in [jar:file:/C:/Users/dP-PL/.m2/repository/org/slf4j/slf4j-nop/1.5.3/slf4j-nop-1.5.3.jar!/org/slf4j/impl/StaticLoggerBinder.class]
SLF4J: Found binding in [jar:file:/C:/Users/dP-PL/.m2/repository/org/slf4j/slf4j-jdk14/1.5.6/slf4j-jdk14-1.5.6.jar!/org/slf4j/impl/StaticLoggerBinder.class]
SLF4J: See http://www.slf4j.org/codes.html#multiple_bindings for an explanation.
SLF4J: Actual binding is of type [org.apache.logging.slf4j.Log4jLoggerFactory]
Starting ChromeDriver 121.0.6167.85 (3f98d690ad7e59242ef110144c757b2ac4eef1a2-refs/branch-heads/6167@{#1539}) on port 25662
Only local connections are allowed.
Please see https://chromedriver.chromium.org/security-considerations for suggestions on keeping ChromeDriver safe.
ChromeDriver was started successfully.
Jan 25, 2024 9:43:04 PM org.openqa.selenium.remote.ProtocolHandshake createSession
INFO: Detected dialect: W3C
]]></system-err>
  </testcase>
  <testcase name="search_Network" classname="Create_Network" time="214.123">
    <system-out><![CDATA[2024-01-25 21:45:09,679 [main] INFO  XGLT_15177_Test - closing up browser
2024-01-25 21:45:11,573 [main] INFO  base.BaseClass - Login to XGL
2024-01-25 21:45:11,573 [main] INFO  XGLT_15177_Test - Setting up browser
2024-01-25 21:45:11,582 [main] INFO  io.github.bonigarcia.wdm.WebDriverManager - Using chromedriver 121.0.6167.85 (resolved driver for Chrome 121)
2024-01-25 21:45:11,595 [main] INFO  io.github.bonigarcia.wdm.WebDriverManager - Exporting webdriver.chrome.driver as C:\Users\dP-PL\.cache\selenium\chromedriver\win64\121.0.6167.85\chromedriver.exe
2024-01-25 21:45:12,763 [main] INFO  base.BaseClass - Before navigating to {url}
2024-01-25 21:45:18,730 [main] INFO  base.BaseClass - Navigated to {url}
2024-01-25 21:45:19,777 [main] INFO  base.BaseClass - Trying to find Element By {by.toString()})
2024-01-25 21:45:19,792 [main] INFO  base.BaseClass - Found Element By {by.toString()}
2024-01-25 21:45:19,837 [main] INFO  base.BaseClass - Trying to find Element By {by.toString()})
2024-01-25 21:45:19,850 [main] INFO  base.BaseClass - Found Element By {by.toString()}
2024-01-25 21:45:19,942 [main] INFO  base.BaseClass - Trying to find Element By {by.toString()})
2024-01-25 21:45:19,953 [main] INFO  base.BaseClass - Found Element By {by.toString()}
2024-01-25 21:45:19,953 [main] INFO  base.BaseClass - Trying to click on: {element.toString()}
2024-01-25 21:45:19,995 [main] INFO  base.BaseClass - Clicked on: {element.toString()}
2024-01-25 21:45:19,995 [main] INFO  base.BaseClass - Trying to find Element By {by.toString()})
2024-01-25 21:45:28,618 [main] INFO  base.BaseClass - Found Element By {by.toString()}
2024-01-25 21:45:28,642 [main] INFO  base.BaseClass - Trying to find Element By {by.toString()})
NoSuchElementException occurred: no such element: Unable to locate element: {"method":"xpath","selector":"//div[@class='modal-content']/div/i[contains(@class,'close')]"}
  (Session info: chrome=121.0.6167.86)
For documentation on this error, please visit: https://www.seleniumhq.org/exceptions/no_such_element.html
Build info: version: '3.141.59', revision: 'e82be7d358', time: '2018-11-14T08:17:03'
System info: host: 'DPLAP166', ip: '137.237.3.67', os.name: 'Windows 10', os.arch: 'amd64', os.version: '10.0', java.version: '19.0.1'
Driver info: org.openqa.selenium.chrome.ChromeDriver
Capabilities {acceptInsecureCerts: true, browserName: chrome, browserVersion: 121.0.6167.86, chrome: {chromedriverVersion: 121.0.6167.85 (3f98d690ad7e..., userDataDir: C:\Users\dP-PL\AppData\Loca...}, fedcm:accounts: true, goog:chromeOptions: {debuggerAddress: localhost:55715}, javascriptEnabled: true, networkConnectionEnabled: false, pageLoadStrategy: normal, platform: WINDOWS, platformName: WINDOWS, proxy: Proxy(), setWindowRect: true, strictFileInteractability: false, timeouts: {implicit: 0, pageLoad: 300000, script: 30000}, unhandledPromptBehavior: dismiss and notify, webauthn:extension:credBlob: true, webauthn:extension:largeBlob: true, webauthn:extension:minPinLength: true, webauthn:extension:prf: true, webauthn:virtualAuthenticators: true}
Session ID: ae03d7e2dca5cd29d5008bd57829ed41
*** Element info: {Using=xpath, value=//div[@class='modal-content']/div/i[contains(@class,'close')]}
Before method Test name: Maintainance Tests
search_Network started!
2024-01-25 21:46:18,669 [main] INFO  base.BaseClass - Trying to find Element By {by.toString()})
2024-01-25 21:46:18,710 [main] INFO  base.BaseClass - Found Element By {by.toString()}
2024-01-25 21:46:19,258 [main] INFO  base.BaseClass - Trying to find Element By {by.toString()})
2024-01-25 21:46:19,286 [main] INFO  base.BaseClass - Found Element By {by.toString()}
2024-01-25 21:46:19,838 [main] INFO  base.BaseClass - Trying to find Element By {by.toString()})
2024-01-25 21:46:19,867 [main] INFO  base.BaseClass - Found Element By {by.toString()}
2024-01-25 21:46:20,420 [main] INFO  base.BaseClass - Trying to find Element By {by.toString()})
2024-01-25 21:46:20,437 [main] INFO  base.BaseClass - Found Element By {by.toString()}
2024-01-25 21:46:20,968 [main] INFO  base.BaseClass - Trying to find Element By {by.toString()})
2024-01-25 21:46:20,987 [main] INFO  base.BaseClass - Found Element By {by.toString()}
2024-01-25 21:46:21,515 [main] INFO  base.BaseClass - Trying to find Element By {by.toString()})
2024-01-25 21:46:21,543 [main] INFO  base.BaseClass - Found Element By {by.toString()}
2024-01-25 21:46:22,092 [main] INFO  base.BaseClass - Trying to find Element By {by.toString()})
2024-01-25 21:46:22,118 [main] INFO  base.BaseClass - Found Element By {by.toString()}
2024-01-25 21:46:22,671 [main] INFO  base.BaseClass - Trying to find Element By {by.toString()})
2024-01-25 21:46:22,696 [main] INFO  base.BaseClass - Found Element By {by.toString()}
2024-01-25 21:46:23,248 [main] INFO  base.BaseClass - Trying to find Element By {by.toString()})
2024-01-25 21:46:23,275 [main] INFO  base.BaseClass - Found Element By {by.toString()}
2024-01-25 21:46:23,826 [main] INFO  base.BaseClass - Trying to find Element By {by.toString()})
2024-01-25 21:46:23,853 [main] INFO  base.BaseClass - Found Element By {by.toString()}
2024-01-25 21:46:24,406 [main] INFO  base.BaseClass - Trying to find Element By {by.toString()})
2024-01-25 21:46:24,432 [main] INFO  base.BaseClass - Found Element By {by.toString()}
2024-01-25 21:46:24,987 [main] INFO  base.BaseClass - Trying to find Element By {by.toString()})
2024-01-25 21:46:25,011 [main] INFO  base.BaseClass - Found Element By {by.toString()}
2024-01-25 21:46:25,548 [main] INFO  base.BaseClass - Trying to find Element By {by.toString()})
2024-01-25 21:46:25,574 [main] INFO  base.BaseClass - Found Element By {by.toString()}
2024-01-25 21:46:26,124 [main] INFO  base.BaseClass - Trying to find Element By {by.toString()})
2024-01-25 21:46:26,149 [main] INFO  base.BaseClass - Found Element By {by.toString()}
2024-01-25 21:46:26,688 [main] INFO  base.BaseClass - Trying to find Element By {by.toString()})
2024-01-25 21:46:26,713 [main] INFO  base.BaseClass - Found Element By {by.toString()}
2024-01-25 21:46:27,250 [main] INFO  base.BaseClass - Trying to find Element By {by.toString()})
2024-01-25 21:46:27,267 [main] INFO  base.BaseClass - Found Element By {by.toString()}
2024-01-25 21:46:27,798 [main] INFO  base.BaseClass - Trying to find Element By {by.toString()})
2024-01-25 21:46:27,823 [main] INFO  base.BaseClass - Found Element By {by.toString()}
2024-01-25 21:46:28,362 [main] INFO  base.BaseClass - Trying to find Element By {by.toString()})
2024-01-25 21:46:28,386 [main] INFO  base.BaseClass - Found Element By {by.toString()}
2024-01-25 21:46:28,923 [main] INFO  base.BaseClass - Trying to find Element By {by.toString()})
2024-01-25 21:46:28,948 [main] INFO  base.BaseClass - Found Element By {by.toString()}
2024-01-25 21:46:29,488 [main] INFO  base.BaseClass - Trying to find Element By {by.toString()})
2024-01-25 21:46:29,514 [main] INFO  base.BaseClass - Found Element By {by.toString()}
2024-01-25 21:46:30,068 [main] INFO  base.BaseClass - Trying to find Element By {by.toString()})
2024-01-25 21:46:30,087 [main] INFO  base.BaseClass - Found Element By {by.toString()}
2024-01-25 21:46:30,620 [main] INFO  base.BaseClass - Trying to find Element By {by.toString()})
2024-01-25 21:46:30,633 [main] INFO  base.BaseClass - Found Element By {by.toString()}
2024-01-25 21:46:31,155 [main] INFO  base.BaseClass - Trying to find Element By {by.toString()})
2024-01-25 21:46:31,180 [main] INFO  base.BaseClass - Found Element By {by.toString()}
2024-01-25 21:46:31,735 [main] INFO  base.BaseClass - Trying to find Element By {by.toString()})
2024-01-25 21:46:31,760 [main] INFO  base.BaseClass - Found Element By {by.toString()}
2024-01-25 21:46:32,300 [main] INFO  base.BaseClass - Trying to find Element By {by.toString()})
2024-01-25 21:46:32,321 [main] INFO  base.BaseClass - Found Element By {by.toString()}
2024-01-25 21:46:32,863 [main] INFO  base.BaseClass - Trying to find Element By {by.toString()})
2024-01-25 21:46:32,889 [main] INFO  base.BaseClass - Found Element By {by.toString()}
2024-01-25 21:46:33,424 [main] INFO  base.BaseClass - Trying to find Element By {by.toString()})
2024-01-25 21:46:33,452 [main] INFO  base.BaseClass - Found Element By {by.toString()}
2024-01-25 21:46:33,989 [main] INFO  base.BaseClass - Trying to find Element By {by.toString()})
2024-01-25 21:46:34,015 [main] INFO  base.BaseClass - Found Element By {by.toString()}
2024-01-25 21:46:34,556 [main] INFO  base.BaseClass - Trying to find Element By {by.toString()})
2024-01-25 21:46:34,586 [main] INFO  base.BaseClass - Found Element By {by.toString()}
2024-01-25 21:46:35,123 [main] INFO  base.BaseClass - Trying to find Element By {by.toString()})
2024-01-25 21:46:35,148 [main] INFO  base.BaseClass - Found Element By {by.toString()}
2024-01-25 21:46:35,689 [main] INFO  base.BaseClass - Trying to find Element By {by.toString()})
2024-01-25 21:46:35,712 [main] INFO  base.BaseClass - Found Element By {by.toString()}
2024-01-25 21:46:36,258 [main] INFO  base.BaseClass - Trying to find Element By {by.toString()})
2024-01-25 21:46:36,284 [main] INFO  base.BaseClass - Found Element By {by.toString()}
2024-01-25 21:46:36,824 [main] INFO  base.BaseClass - Trying to find Element By {by.toString()})
2024-01-25 21:46:36,847 [main] INFO  base.BaseClass - Found Element By {by.toString()}
2024-01-25 21:46:37,385 [main] INFO  base.BaseClass - Trying to find Element By {by.toString()})
2024-01-25 21:46:37,410 [main] INFO  base.BaseClass - Found Element By {by.toString()}
2024-01-25 21:46:37,954 [main] INFO  base.BaseClass - Trying to find Element By {by.toString()})
2024-01-25 21:46:37,977 [main] INFO  base.BaseClass - Found Element By {by.toString()}
2024-01-25 21:46:38,518 [main] INFO  base.BaseClass - Trying to find Element By {by.toString()})
2024-01-25 21:46:38,542 [main] INFO  base.BaseClass - Found Element By {by.toString()}
2024-01-25 21:46:39,068 [main] INFO  base.BaseClass - Trying to find Element By {by.toString()})
2024-01-25 21:46:39,093 [main] INFO  base.BaseClass - Found Element By {by.toString()}
2024-01-25 21:46:39,634 [main] INFO  base.BaseClass - Trying to find Element By {by.toString()})
2024-01-25 21:46:39,655 [main] INFO  base.BaseClass - Found Element By {by.toString()}
2024-01-25 21:46:40,200 [main] INFO  base.BaseClass - Trying to find Element By {by.toString()})
2024-01-25 21:46:40,223 [main] INFO  base.BaseClass - Found Element By {by.toString()}
2024-01-25 21:46:40,766 [main] INFO  base.BaseClass - Trying to find Element By {by.toString()})
2024-01-25 21:46:40,790 [main] INFO  base.BaseClass - Found Element By {by.toString()}
2024-01-25 21:46:41,331 [main] INFO  base.BaseClass - Trying to find Element By {by.toString()})
2024-01-25 21:46:41,355 [main] INFO  base.BaseClass - Found Element By {by.toString()}
2024-01-25 21:46:41,896 [main] INFO  base.BaseClass - Trying to find Element By {by.toString()})
2024-01-25 21:46:41,921 [main] INFO  base.BaseClass - Found Element By {by.toString()}
2024-01-25 21:46:42,461 [main] INFO  base.BaseClass - Trying to find Element By {by.toString()})
2024-01-25 21:46:42,484 [main] INFO  base.BaseClass - Found Element By {by.toString()}
2024-01-25 21:46:43,027 [main] INFO  base.BaseClass - Trying to find Element By {by.toString()})
2024-01-25 21:46:43,053 [main] INFO  base.BaseClass - Found Element By {by.toString()}
2024-01-25 21:46:43,590 [main] INFO  base.BaseClass - Trying to find Element By {by.toString()})
2024-01-25 21:46:43,614 [main] INFO  base.BaseClass - Found Element By {by.toString()}
2024-01-25 21:46:44,157 [main] INFO  base.BaseClass - Trying to find Element By {by.toString()})
2024-01-25 21:46:44,181 [main] INFO  base.BaseClass - Found Element By {by.toString()}
2024-01-25 21:46:44,724 [main] INFO  base.BaseClass - Trying to find Element By {by.toString()})
2024-01-25 21:46:44,747 [main] INFO  base.BaseClass - Found Element By {by.toString()}
2024-01-25 21:46:45,286 [main] INFO  base.BaseClass - Trying to find Element By {by.toString()})
2024-01-25 21:46:45,313 [main] INFO  base.BaseClass - Found Element By {by.toString()}
2024-01-25 21:46:45,840 [main] INFO  base.BaseClass - Trying to find Element By {by.toString()})
2024-01-25 21:46:45,866 [main] INFO  base.BaseClass - Found Element By {by.toString()}
2024-01-25 21:46:46,406 [main] INFO  base.BaseClass - Trying to find Element By {by.toString()})
2024-01-25 21:46:46,430 [main] INFO  base.BaseClass - Found Element By {by.toString()}
2024-01-25 21:46:46,972 [main] INFO  base.BaseClass - Trying to find Element By {by.toString()})
2024-01-25 21:46:46,999 [main] INFO  base.BaseClass - Found Element By {by.toString()}
2024-01-25 21:46:47,538 [main] INFO  base.BaseClass - Trying to find Element By {by.toString()})
2024-01-25 21:46:47,562 [main] INFO  base.BaseClass - Found Element By {by.toString()}
2024-01-25 21:46:48,105 [main] INFO  base.BaseClass - Trying to find Element By {by.toString()})
2024-01-25 21:46:48,132 [main] INFO  base.BaseClass - Found Element By {by.toString()}
2024-01-25 21:46:48,668 [main] INFO  base.BaseClass - Trying to find Element By {by.toString()})
2024-01-25 21:46:48,692 [main] INFO  base.BaseClass - Found Element By {by.toString()}
TimeoutException occurred: Expected condition failed: waiting for helper.WaitUtility$5@17003497 (tried for 30 second(s) with 500 milliseconds interval)
Build info: version: '3.141.59', revision: 'e82be7d358', time: '2018-11-14T08:17:03'
System info: host: 'DPLAP166', ip: '137.237.3.67', os.name: 'Windows 10', os.arch: 'amd64', os.version: '10.0', java.version: '19.0.1'
Driver info: org.openqa.selenium.support.events.EventFiringWebDriver
Capabilities {acceptInsecureCerts: true, browserName: chrome, browserVersion: 121.0.6167.86, chrome: {chromedriverVersion: 121.0.6167.85 (3f98d690ad7e..., userDataDir: C:\Users\dP-PL\AppData\Loca...}, fedcm:accounts: true, goog:chromeOptions: {debuggerAddress: localhost:55715}, javascriptEnabled: true, networkConnectionEnabled: false, pageLoadStrategy: normal, platform: WINDOWS, platformName: WINDOWS, proxy: Proxy(), setWindowRect: true, strictFileInteractability: false, timeouts: {implicit: 0, pageLoad: 300000, script: 30000}, unhandledPromptBehavior: dismiss and notify, webauthn:extension:credBlob: true, webauthn:extension:largeBlob: true, webauthn:extension:minPinLength: true, webauthn:extension:prf: true, webauthn:virtualAuthenticators: true}
Session ID: ae03d7e2dca5cd29d5008bd57829ed41
2024-01-25 21:46:48,729 [main] ERROR XGLT_15177_Test - Element did not become visible within the specified time: Expected condition failed: waiting for helper.WaitUtility$5@17003497 (tried for 30 second(s) with 500 milliseconds interval)
Build info: version: '3.141.59', revision: 'e82be7d358', time: '2018-11-14T08:17:03'
System info: host: 'DPLAP166', ip: '137.237.3.67', os.name: 'Windows 10', os.arch: 'amd64', os.version: '10.0', java.version: '19.0.1'
Driver info: org.openqa.selenium.support.events.EventFiringWebDriver
Capabilities {acceptInsecureCerts: true, browserName: chrome, browserVersion: 121.0.6167.86, chrome: {chromedriverVersion: 121.0.6167.85 (3f98d690ad7e..., userDataDir: C:\Users\dP-PL\AppData\Loca...}, fedcm:accounts: true, goog:chromeOptions: {debuggerAddress: localhost:55715}, javascriptEnabled: true, networkConnectionEnabled: false, pageLoadStrategy: normal, platform: WINDOWS, platformName: WINDOWS, proxy: Proxy(), setWindowRect: true, strictFileInteractability: false, timeouts: {implicit: 0, pageLoad: 300000, script: 30000}, unhandledPromptBehavior: dismiss and notify, webauthn:extension:credBlob: true, webauthn:extension:largeBlob: true, webauthn:extension:minPinLength: true, webauthn:extension:prf: true, webauthn:virtualAuthenticators: true}
Session ID: ae03d7e2dca5cd29d5008bd57829ed41
2024-01-25 21:46:48,729 [main] INFO  base.BaseClass - Trying to find Element By {by.toString()})
2024-01-25 21:46:48,749 [main] INFO  base.BaseClass - Found Element By {by.toString()}
2024-01-25 21:46:48,750 [main] INFO  base.BaseClass - Trying to click on: {element.toString()}
2024-01-25 21:46:48,867 [main] INFO  base.BaseClass - Clicked on: {element.toString()}
2024-01-25 21:46:48,867 [main] INFO  base.BaseClass - Trying to find Element By {by.toString()})
2024-01-25 21:46:48,883 [main] INFO  base.BaseClass - Found Element By {by.toString()}
2024-01-25 21:46:49,407 [main] INFO  base.BaseClass - Trying to find Element By {by.toString()})
2024-01-25 21:46:49,432 [main] INFO  base.BaseClass - Found Element By {by.toString()}
2024-01-25 21:46:49,973 [main] INFO  base.BaseClass - Trying to find Element By {by.toString()})
2024-01-25 21:46:49,996 [main] INFO  base.BaseClass - Found Element By {by.toString()}
2024-01-25 21:46:50,538 [main] INFO  base.BaseClass - Trying to find Element By {by.toString()})
2024-01-25 21:46:50,561 [main] INFO  base.BaseClass - Found Element By {by.toString()}
2024-01-25 21:46:51,088 [main] INFO  base.BaseClass - Trying to find Element By {by.toString()})
2024-01-25 21:46:51,113 [main] INFO  base.BaseClass - Found Element By {by.toString()}
2024-01-25 21:46:51,657 [main] INFO  base.BaseClass - Trying to find Element By {by.toString()})
2024-01-25 21:46:51,679 [main] INFO  base.BaseClass - Found Element By {by.toString()}
2024-01-25 21:46:52,221 [main] INFO  base.BaseClass - Trying to find Element By {by.toString()})
2024-01-25 21:46:52,246 [main] INFO  base.BaseClass - Found Element By {by.toString()}
2024-01-25 21:46:52,787 [main] INFO  base.BaseClass - Trying to find Element By {by.toString()})
2024-01-25 21:46:52,812 [main] INFO  base.BaseClass - Found Element By {by.toString()}
2024-01-25 21:46:53,354 [main] INFO  base.BaseClass - Trying to find Element By {by.toString()})
2024-01-25 21:46:53,378 [main] INFO  base.BaseClass - Found Element By {by.toString()}
2024-01-25 21:46:53,919 [main] INFO  base.BaseClass - Trying to find Element By {by.toString()})
2024-01-25 21:46:53,941 [main] INFO  base.BaseClass - Found Element By {by.toString()}
2024-01-25 21:46:54,481 [main] INFO  base.BaseClass - Trying to find Element By {by.toString()})
2024-01-25 21:46:54,505 [main] INFO  base.BaseClass - Found Element By {by.toString()}
2024-01-25 21:46:55,032 [main] INFO  base.BaseClass - Trying to find Element By {by.toString()})
2024-01-25 21:46:55,055 [main] INFO  base.BaseClass - Found Element By {by.toString()}
2024-01-25 21:46:55,581 [main] INFO  base.BaseClass - Trying to find Element By {by.toString()})
2024-01-25 21:46:55,606 [main] INFO  base.BaseClass - Found Element By {by.toString()}
2024-01-25 21:46:56,135 [main] INFO  base.BaseClass - Trying to find Element By {by.toString()})
2024-01-25 21:46:56,159 [main] INFO  base.BaseClass - Found Element By {by.toString()}
2024-01-25 21:46:56,699 [main] INFO  base.BaseClass - Trying to find Element By {by.toString()})
2024-01-25 21:46:56,715 [main] INFO  base.BaseClass - Found Element By {by.toString()}
2024-01-25 21:46:57,247 [main] INFO  base.BaseClass - Trying to find Element By {by.toString()})
2024-01-25 21:46:57,271 [main] INFO  base.BaseClass - Found Element By {by.toString()}
2024-01-25 21:46:57,815 [main] INFO  base.BaseClass - Trying to find Element By {by.toString()})
2024-01-25 21:46:57,838 [main] INFO  base.BaseClass - Found Element By {by.toString()}
2024-01-25 21:46:58,380 [main] INFO  base.BaseClass - Trying to find Element By {by.toString()})
2024-01-25 21:46:58,400 [main] INFO  base.BaseClass - Found Element By {by.toString()}
2024-01-25 21:46:58,930 [main] INFO  base.BaseClass - Trying to find Element By {by.toString()})
2024-01-25 21:46:58,955 [main] INFO  base.BaseClass - Found Element By {by.toString()}
2024-01-25 21:46:59,497 [main] INFO  base.BaseClass - Trying to find Element By {by.toString()})
2024-01-25 21:46:59,583 [main] INFO  base.BaseClass - Found Element By {by.toString()}
2024-01-25 21:47:00,126 [main] INFO  base.BaseClass - Trying to find Element By {by.toString()})
2024-01-25 21:47:00,151 [main] INFO  base.BaseClass - Found Element By {by.toString()}
2024-01-25 21:47:00,688 [main] INFO  base.BaseClass - Trying to find Element By {by.toString()})
2024-01-25 21:47:00,714 [main] INFO  base.BaseClass - Found Element By {by.toString()}
2024-01-25 21:47:01,255 [main] INFO  base.BaseClass - Trying to find Element By {by.toString()})
2024-01-25 21:47:01,278 [main] INFO  base.BaseClass - Found Element By {by.toString()}
2024-01-25 21:47:01,819 [main] INFO  base.BaseClass - Trying to find Element By {by.toString()})
2024-01-25 21:47:01,842 [main] INFO  base.BaseClass - Found Element By {by.toString()}
2024-01-25 21:47:02,386 [main] INFO  base.BaseClass - Trying to find Element By {by.toString()})
2024-01-25 21:47:02,411 [main] INFO  base.BaseClass - Found Element By {by.toString()}
2024-01-25 21:47:02,947 [main] INFO  base.BaseClass - Trying to find Element By {by.toString()})
2024-01-25 21:47:02,972 [main] INFO  base.BaseClass - Found Element By {by.toString()}
2024-01-25 21:47:03,522 [main] INFO  base.BaseClass - Trying to find Element By {by.toString()})
2024-01-25 21:47:03,548 [main] INFO  base.BaseClass - Found Element By {by.toString()}
2024-01-25 21:47:04,078 [main] INFO  base.BaseClass - Trying to find Element By {by.toString()})
2024-01-25 21:47:04,103 [main] INFO  base.BaseClass - Found Element By {by.toString()}
2024-01-25 21:47:04,635 [main] INFO  base.BaseClass - Trying to find Element By {by.toString()})
2024-01-25 21:47:04,652 [main] INFO  base.BaseClass - Found Element By {by.toString()}
2024-01-25 21:47:05,180 [main] INFO  base.BaseClass - Trying to find Element By {by.toString()})
2024-01-25 21:47:05,205 [main] INFO  base.BaseClass - Found Element By {by.toString()}
2024-01-25 21:47:05,758 [main] INFO  base.BaseClass - Trying to find Element By {by.toString()})
2024-01-25 21:47:05,776 [main] INFO  base.BaseClass - Found Element By {by.toString()}
2024-01-25 21:47:06,314 [main] INFO  base.BaseClass - Trying to find Element By {by.toString()})
2024-01-25 21:47:06,340 [main] INFO  base.BaseClass - Found Element By {by.toString()}
2024-01-25 21:47:06,883 [main] INFO  base.BaseClass - Trying to find Element By {by.toString()})
2024-01-25 21:47:06,901 [main] INFO  base.BaseClass - Found Element By {by.toString()}
2024-01-25 21:47:07,441 [main] INFO  base.BaseClass - Trying to find Element By {by.toString()})
2024-01-25 21:47:07,467 [main] INFO  base.BaseClass - Found Element By {by.toString()}
2024-01-25 21:47:08,000 [main] INFO  base.BaseClass - Trying to find Element By {by.toString()})
2024-01-25 21:47:08,023 [main] INFO  base.BaseClass - Found Element By {by.toString()}
2024-01-25 21:47:08,554 [main] INFO  base.BaseClass - Trying to find Element By {by.toString()})
2024-01-25 21:47:08,568 [main] INFO  base.BaseClass - Found Element By {by.toString()}
2024-01-25 21:47:09,095 [main] INFO  base.BaseClass - Trying to find Element By {by.toString()})
2024-01-25 21:47:09,113 [main] INFO  base.BaseClass - Found Element By {by.toString()}
2024-01-25 21:47:09,651 [main] INFO  base.BaseClass - Trying to find Element By {by.toString()})
2024-01-25 21:47:09,663 [main] INFO  base.BaseClass - Found Element By {by.toString()}
2024-01-25 21:47:10,192 [main] INFO  base.BaseClass - Trying to find Element By {by.toString()})
2024-01-25 21:47:10,216 [main] INFO  base.BaseClass - Found Element By {by.toString()}
2024-01-25 21:47:10,753 [main] INFO  base.BaseClass - Trying to find Element By {by.toString()})
2024-01-25 21:47:10,779 [main] INFO  base.BaseClass - Found Element By {by.toString()}
2024-01-25 21:47:11,311 [main] INFO  base.BaseClass - Trying to find Element By {by.toString()})
2024-01-25 21:47:11,332 [main] INFO  base.BaseClass - Found Element By {by.toString()}
2024-01-25 21:47:11,870 [main] INFO  base.BaseClass - Trying to find Element By {by.toString()})
2024-01-25 21:47:11,887 [main] INFO  base.BaseClass - Found Element By {by.toString()}
2024-01-25 21:47:12,425 [main] INFO  base.BaseClass - Trying to find Element By {by.toString()})
2024-01-25 21:47:12,433 [main] INFO  base.BaseClass - Found Element By {by.toString()}
2024-01-25 21:47:12,951 [main] INFO  base.BaseClass - Trying to find Element By {by.toString()})
2024-01-25 21:47:12,968 [main] INFO  base.BaseClass - Found Element By {by.toString()}
2024-01-25 21:47:13,505 [main] INFO  base.BaseClass - Trying to find Element By {by.toString()})
2024-01-25 21:47:13,547 [main] INFO  base.BaseClass - Found Element By {by.toString()}
2024-01-25 21:47:14,068 [main] INFO  base.BaseClass - Trying to find Element By {by.toString()})
2024-01-25 21:47:14,094 [main] INFO  base.BaseClass - Found Element By {by.toString()}
2024-01-25 21:47:14,644 [main] INFO  base.BaseClass - Trying to find Element By {by.toString()})
2024-01-25 21:47:14,670 [main] INFO  base.BaseClass - Found Element By {by.toString()}
2024-01-25 21:47:15,205 [main] INFO  base.BaseClass - Trying to find Element By {by.toString()})
2024-01-25 21:47:15,223 [main] INFO  base.BaseClass - Found Element By {by.toString()}
2024-01-25 21:47:15,758 [main] INFO  base.BaseClass - Trying to find Element By {by.toString()})
2024-01-25 21:47:15,766 [main] INFO  base.BaseClass - Found Element By {by.toString()}
2024-01-25 21:47:16,280 [main] INFO  base.BaseClass - Trying to find Element By {by.toString()})
2024-01-25 21:47:16,288 [main] INFO  base.BaseClass - Found Element By {by.toString()}
2024-01-25 21:47:16,812 [main] INFO  base.BaseClass - Trying to find Element By {by.toString()})
2024-01-25 21:47:16,836 [main] INFO  base.BaseClass - Found Element By {by.toString()}
2024-01-25 21:47:17,361 [main] INFO  base.BaseClass - Trying to find Element By {by.toString()})
2024-01-25 21:47:17,387 [main] INFO  base.BaseClass - Found Element By {by.toString()}
2024-01-25 21:47:17,928 [main] INFO  base.BaseClass - Trying to find Element By {by.toString()})
2024-01-25 21:47:17,953 [main] INFO  base.BaseClass - Found Element By {by.toString()}
2024-01-25 21:47:18,492 [main] INFO  base.BaseClass - Trying to find Element By {by.toString()})
2024-01-25 21:47:18,517 [main] INFO  base.BaseClass - Found Element By {by.toString()}
2024-01-25 21:47:19,058 [main] INFO  base.BaseClass - Trying to find Element By {by.toString()})
2024-01-25 21:47:19,083 [main] INFO  base.BaseClass - Found Element By {by.toString()}
TimeoutException occurred: Expected condition failed: waiting for helper.WaitUtility$5@361f26b4 (tried for 30 second(s) with 500 milliseconds interval)
Build info: version: '3.141.59', revision: 'e82be7d358', time: '2018-11-14T08:17:03'
System info: host: 'DPLAP166', ip: '137.237.3.67', os.name: 'Windows 10', os.arch: 'amd64', os.version: '10.0', java.version: '19.0.1'
Driver info: org.openqa.selenium.support.events.EventFiringWebDriver
Capabilities {acceptInsecureCerts: true, browserName: chrome, browserVersion: 121.0.6167.86, chrome: {chromedriverVersion: 121.0.6167.85 (3f98d690ad7e..., userDataDir: C:\Users\dP-PL\AppData\Loca...}, fedcm:accounts: true, goog:chromeOptions: {debuggerAddress: localhost:55715}, javascriptEnabled: true, networkConnectionEnabled: false, pageLoadStrategy: normal, platform: WINDOWS, platformName: WINDOWS, proxy: Proxy(), setWindowRect: true, strictFileInteractability: false, timeouts: {implicit: 0, pageLoad: 300000, script: 30000}, unhandledPromptBehavior: dismiss and notify, webauthn:extension:credBlob: true, webauthn:extension:largeBlob: true, webauthn:extension:minPinLength: true, webauthn:extension:prf: true, webauthn:virtualAuthenticators: true}
Session ID: ae03d7e2dca5cd29d5008bd57829ed41
2024-01-25 21:47:19,115 [main] ERROR XGLT_15177_Test - Element did not become visible within the specified time: Expected condition failed: waiting for helper.WaitUtility$5@361f26b4 (tried for 30 second(s) with 500 milliseconds interval)
Build info: version: '3.141.59', revision: 'e82be7d358', time: '2018-11-14T08:17:03'
System info: host: 'DPLAP166', ip: '137.237.3.67', os.name: 'Windows 10', os.arch: 'amd64', os.version: '10.0', java.version: '19.0.1'
Driver info: org.openqa.selenium.support.events.EventFiringWebDriver
Capabilities {acceptInsecureCerts: true, browserName: chrome, browserVersion: 121.0.6167.86, chrome: {chromedriverVersion: 121.0.6167.85 (3f98d690ad7e..., userDataDir: C:\Users\dP-PL\AppData\Loca...}, fedcm:accounts: true, goog:chromeOptions: {debuggerAddress: localhost:55715}, javascriptEnabled: true, networkConnectionEnabled: false, pageLoadStrategy: normal, platform: WINDOWS, platformName: WINDOWS, proxy: Proxy(), setWindowRect: true, strictFileInteractability: false, timeouts: {implicit: 0, pageLoad: 300000, script: 30000}, unhandledPromptBehavior: dismiss and notify, webauthn:extension:credBlob: true, webauthn:extension:largeBlob: true, webauthn:extension:minPinLength: true, webauthn:extension:prf: true, webauthn:virtualAuthenticators: true}
Session ID: ae03d7e2dca5cd29d5008bd57829ed41
2024-01-25 21:47:19,116 [main] INFO  base.BaseClass - Trying to find Element By {by.toString()})
2024-01-25 21:47:19,136 [main] INFO  base.BaseClass - Found Element By {by.toString()}
2024-01-25 21:47:19,136 [main] INFO  base.BaseClass - Trying to click on: {element.toString()}
2024-01-25 21:47:19,549 [main] INFO  base.BaseClass - Clicked on: {element.toString()}
2024-01-25 21:47:19,549 [main] INFO  base.BaseClass - Trying to find Element By {by.toString()})
2024-01-25 21:47:19,573 [main] INFO  base.BaseClass - Found Element By {by.toString()}
2024-01-25 21:47:20,090 [main] INFO  base.BaseClass - Trying to find Element By {by.toString()})
2024-01-25 21:47:20,118 [main] INFO  base.BaseClass - Found Element By {by.toString()}
2024-01-25 21:47:20,688 [main] INFO  base.BaseClass - Trying to find Element By {by.toString()})
2024-01-25 21:47:20,716 [main] INFO  base.BaseClass - Found Element By {by.toString()}
2024-01-25 21:47:21,274 [main] INFO  base.BaseClass - Trying to find Element By {by.toString()})
2024-01-25 21:47:21,304 [main] INFO  base.BaseClass - Found Element By {by.toString()}
2024-01-25 21:47:21,832 [main] INFO  base.BaseClass - Trying to find Element By {by.toString()})
2024-01-25 21:47:21,858 [main] INFO  base.BaseClass - Found Element By {by.toString()}
2024-01-25 21:47:22,399 [main] INFO  base.BaseClass - Trying to find Element By {by.toString()})
2024-01-25 21:47:22,423 [main] INFO  base.BaseClass - Found Element By {by.toString()}
2024-01-25 21:47:22,962 [main] INFO  base.BaseClass - Trying to find Element By {by.toString()})
2024-01-25 21:47:22,984 [main] INFO  base.BaseClass - Found Element By {by.toString()}
2024-01-25 21:47:23,528 [main] INFO  base.BaseClass - Trying to find Element By {by.toString()})
2024-01-25 21:47:23,553 [main] INFO  base.BaseClass - Found Element By {by.toString()}
2024-01-25 21:47:24,095 [main] INFO  base.BaseClass - Trying to find Element By {by.toString()})
2024-01-25 21:47:24,120 [main] INFO  base.BaseClass - Found Element By {by.toString()}
2024-01-25 21:47:24,662 [main] INFO  base.BaseClass - Trying to find Element By {by.toString()})
2024-01-25 21:47:24,686 [main] INFO  base.BaseClass - Found Element By {by.toString()}
2024-01-25 21:47:25,228 [main] INFO  base.BaseClass - Trying to find Element By {by.toString()})
2024-01-25 21:47:25,252 [main] INFO  base.BaseClass - Found Element By {by.toString()}
2024-01-25 21:47:25,792 [main] INFO  base.BaseClass - Trying to find Element By {by.toString()})
2024-01-25 21:47:25,817 [main] INFO  base.BaseClass - Found Element By {by.toString()}
2024-01-25 21:47:26,358 [main] INFO  base.BaseClass - Trying to find Element By {by.toString()})
2024-01-25 21:47:26,382 [main] INFO  base.BaseClass - Found Element By {by.toString()}
2024-01-25 21:47:26,926 [main] INFO  base.BaseClass - Trying to find Element By {by.toString()})
2024-01-25 21:47:26,948 [main] INFO  base.BaseClass - Found Element By {by.toString()}
2024-01-25 21:47:27,490 [main] INFO  base.BaseClass - Trying to find Element By {by.toString()})
2024-01-25 21:47:27,515 [main] INFO  base.BaseClass - Found Element By {by.toString()}
2024-01-25 21:47:28,056 [main] INFO  base.BaseClass - Trying to find Element By {by.toString()})
2024-01-25 21:47:28,082 [main] INFO  base.BaseClass - Found Element By {by.toString()}
2024-01-25 21:47:28,620 [main] INFO  base.BaseClass - Trying to find Element By {by.toString()})
2024-01-25 21:47:28,643 [main] INFO  base.BaseClass - Found Element By {by.toString()}
2024-01-25 21:47:29,184 [main] INFO  base.BaseClass - Trying to find Element By {by.toString()})
2024-01-25 21:47:29,208 [main] INFO  base.BaseClass - Found Element By {by.toString()}
2024-01-25 21:47:29,745 [main] INFO  base.BaseClass - Trying to find Element By {by.toString()})
2024-01-25 21:47:29,768 [main] INFO  base.BaseClass - Found Element By {by.toString()}
2024-01-25 21:47:30,311 [main] INFO  base.BaseClass - Trying to find Element By {by.toString()})
2024-01-25 21:47:30,334 [main] INFO  base.BaseClass - Found Element By {by.toString()}
2024-01-25 21:47:30,877 [main] INFO  base.BaseClass - Trying to find Element By {by.toString()})
2024-01-25 21:47:30,895 [main] INFO  base.BaseClass - Found Element By {by.toString()}
2024-01-25 21:47:31,427 [main] INFO  base.BaseClass - Trying to find Element By {by.toString()})
2024-01-25 21:47:31,450 [main] INFO  base.BaseClass - Found Element By {by.toString()}
2024-01-25 21:47:31,990 [main] INFO  base.BaseClass - Trying to find Element By {by.toString()})
2024-01-25 21:47:32,013 [main] INFO  base.BaseClass - Found Element By {by.toString()}
2024-01-25 21:47:32,558 [main] INFO  base.BaseClass - Trying to find Element By {by.toString()})
2024-01-25 21:47:32,578 [main] INFO  base.BaseClass - Found Element By {by.toString()}
2024-01-25 21:47:33,121 [main] INFO  base.BaseClass - Trying to find Element By {by.toString()})
2024-01-25 21:47:33,145 [main] INFO  base.BaseClass - Found Element By {by.toString()}
2024-01-25 21:47:33,687 [main] INFO  base.BaseClass - Trying to find Element By {by.toString()})
2024-01-25 21:47:33,710 [main] INFO  base.BaseClass - Found Element By {by.toString()}
2024-01-25 21:47:34,270 [main] INFO  base.BaseClass - Trying to find Element By {by.toString()})
2024-01-25 21:47:34,292 [main] INFO  base.BaseClass - Found Element By {by.toString()}
2024-01-25 21:47:34,835 [main] INFO  base.BaseClass - Trying to find Element By {by.toString()})
2024-01-25 21:47:34,859 [main] INFO  base.BaseClass - Found Element By {by.toString()}
2024-01-25 21:47:35,400 [main] INFO  base.BaseClass - Trying to find Element By {by.toString()})
2024-01-25 21:47:35,423 [main] INFO  base.BaseClass - Found Element By {by.toString()}
2024-01-25 21:47:35,966 [main] INFO  base.BaseClass - Trying to find Element By {by.toString()})
2024-01-25 21:47:35,988 [main] INFO  base.BaseClass - Found Element By {by.toString()}
2024-01-25 21:47:36,530 [main] INFO  base.BaseClass - Trying to find Element By {by.toString()})
2024-01-25 21:47:36,553 [main] INFO  base.BaseClass - Found Element By {by.toString()}
2024-01-25 21:47:37,099 [main] INFO  base.BaseClass - Trying to find Element By {by.toString()})
2024-01-25 21:47:37,124 [main] INFO  base.BaseClass - Found Element By {by.toString()}
2024-01-25 21:47:37,663 [main] INFO  base.BaseClass - Trying to find Element By {by.toString()})
2024-01-25 21:47:37,686 [main] INFO  base.BaseClass - Found Element By {by.toString()}
2024-01-25 21:47:38,209 [main] INFO  base.BaseClass - Trying to find Element By {by.toString()})
2024-01-25 21:47:38,235 [main] INFO  base.BaseClass - Found Element By {by.toString()}
2024-01-25 21:47:38,786 [main] INFO  base.BaseClass - Trying to find Element By {by.toString()})
2024-01-25 21:47:38,811 [main] INFO  base.BaseClass - Found Element By {by.toString()}
2024-01-25 21:47:39,351 [main] INFO  base.BaseClass - Trying to find Element By {by.toString()})
2024-01-25 21:47:39,374 [main] INFO  base.BaseClass - Found Element By {by.toString()}
2024-01-25 21:47:39,918 [main] INFO  base.BaseClass - Trying to find Element By {by.toString()})
2024-01-25 21:47:39,942 [main] INFO  base.BaseClass - Found Element By {by.toString()}
2024-01-25 21:47:40,470 [main] INFO  base.BaseClass - Trying to find Element By {by.toString()})
2024-01-25 21:47:40,493 [main] INFO  base.BaseClass - Found Element By {by.toString()}
2024-01-25 21:47:41,036 [main] INFO  base.BaseClass - Trying to find Element By {by.toString()})
2024-01-25 21:47:41,056 [main] INFO  base.BaseClass - Found Element By {by.toString()}
2024-01-25 21:47:41,600 [main] INFO  base.BaseClass - Trying to find Element By {by.toString()})
2024-01-25 21:47:41,624 [main] INFO  base.BaseClass - Found Element By {by.toString()}
2024-01-25 21:47:42,165 [main] INFO  base.BaseClass - Trying to find Element By {by.toString()})
2024-01-25 21:47:42,189 [main] INFO  base.BaseClass - Found Element By {by.toString()}
2024-01-25 21:47:42,728 [main] INFO  base.BaseClass - Trying to find Element By {by.toString()})
2024-01-25 21:47:42,754 [main] INFO  base.BaseClass - Found Element By {by.toString()}
2024-01-25 21:47:43,294 [main] INFO  base.BaseClass - Trying to find Element By {by.toString()})
2024-01-25 21:47:43,318 [main] INFO  base.BaseClass - Found Element By {by.toString()}
2024-01-25 21:47:43,860 [main] INFO  base.BaseClass - Trying to find Element By {by.toString()})
2024-01-25 21:47:43,877 [main] INFO  base.BaseClass - Found Element By {by.toString()}
2024-01-25 21:47:44,408 [main] INFO  base.BaseClass - Trying to find Element By {by.toString()})
2024-01-25 21:47:44,432 [main] INFO  base.BaseClass - Found Element By {by.toString()}
2024-01-25 21:47:44,973 [main] INFO  base.BaseClass - Trying to find Element By {by.toString()})
2024-01-25 21:47:44,994 [main] INFO  base.BaseClass - Found Element By {by.toString()}
2024-01-25 21:47:45,522 [main] INFO  base.BaseClass - Trying to find Element By {by.toString()})
2024-01-25 21:47:45,548 [main] INFO  base.BaseClass - Found Element By {by.toString()}
2024-01-25 21:47:46,090 [main] INFO  base.BaseClass - Trying to find Element By {by.toString()})
2024-01-25 21:47:46,113 [main] INFO  base.BaseClass - Found Element By {by.toString()}
2024-01-25 21:47:46,651 [main] INFO  base.BaseClass - Trying to find Element By {by.toString()})
2024-01-25 21:47:46,675 [main] INFO  base.BaseClass - Found Element By {by.toString()}
2024-01-25 21:47:47,217 [main] INFO  base.BaseClass - Trying to find Element By {by.toString()})
2024-01-25 21:47:47,238 [main] INFO  base.BaseClass - Found Element By {by.toString()}
2024-01-25 21:47:47,785 [main] INFO  base.BaseClass - Trying to find Element By {by.toString()})
2024-01-25 21:47:47,808 [main] INFO  base.BaseClass - Found Element By {by.toString()}
2024-01-25 21:47:48,351 [main] INFO  base.BaseClass - Trying to find Element By {by.toString()})
2024-01-25 21:47:48,374 [main] INFO  base.BaseClass - Found Element By {by.toString()}
2024-01-25 21:47:48,916 [main] INFO  base.BaseClass - Trying to find Element By {by.toString()})
2024-01-25 21:47:48,936 [main] INFO  base.BaseClass - Found Element By {by.toString()}
2024-01-25 21:47:49,465 [main] INFO  base.BaseClass - Trying to find Element By {by.toString()})
2024-01-25 21:47:49,489 [main] INFO  base.BaseClass - Found Element By {by.toString()}
2024-01-25 21:47:50,030 [main] INFO  base.BaseClass - Trying to find Element By {by.toString()})
2024-01-25 21:47:50,052 [main] INFO  base.BaseClass - Found Element By {by.toString()}
TimeoutException occurred: Expected condition failed: waiting for helper.WaitUtility$5@533d7c61 (tried for 30 second(s) with 500 milliseconds interval)
Build info: version: '3.141.59', revision: 'e82be7d358', time: '2018-11-14T08:17:03'
System info: host: 'DPLAP166', ip: '137.237.3.67', os.name: 'Windows 10', os.arch: 'amd64', os.version: '10.0', java.version: '19.0.1'
Driver info: org.openqa.selenium.support.events.EventFiringWebDriver
Capabilities {acceptInsecureCerts: true, browserName: chrome, browserVersion: 121.0.6167.86, chrome: {chromedriverVersion: 121.0.6167.85 (3f98d690ad7e..., userDataDir: C:\Users\dP-PL\AppData\Loca...}, fedcm:accounts: true, goog:chromeOptions: {debuggerAddress: localhost:55715}, javascriptEnabled: true, networkConnectionEnabled: false, pageLoadStrategy: normal, platform: WINDOWS, platformName: WINDOWS, proxy: Proxy(), setWindowRect: true, strictFileInteractability: false, timeouts: {implicit: 0, pageLoad: 300000, script: 30000}, unhandledPromptBehavior: dismiss and notify, webauthn:extension:credBlob: true, webauthn:extension:largeBlob: true, webauthn:extension:minPinLength: true, webauthn:extension:prf: true, webauthn:virtualAuthenticators: true}
Session ID: ae03d7e2dca5cd29d5008bd57829ed41
2024-01-25 21:47:50,084 [main] ERROR XGLT_15177_Test - Element did not become visible within the specified time: Expected condition failed: waiting for helper.WaitUtility$5@533d7c61 (tried for 30 second(s) with 500 milliseconds interval)
Build info: version: '3.141.59', revision: 'e82be7d358', time: '2018-11-14T08:17:03'
System info: host: 'DPLAP166', ip: '137.237.3.67', os.name: 'Windows 10', os.arch: 'amd64', os.version: '10.0', java.version: '19.0.1'
Driver info: org.openqa.selenium.support.events.EventFiringWebDriver
Capabilities {acceptInsecureCerts: true, browserName: chrome, browserVersion: 121.0.6167.86, chrome: {chromedriverVersion: 121.0.6167.85 (3f98d690ad7e..., userDataDir: C:\Users\dP-PL\AppData\Loca...}, fedcm:accounts: true, goog:chromeOptions: {debuggerAddress: localhost:55715}, javascriptEnabled: true, networkConnectionEnabled: false, pageLoadStrategy: normal, platform: WINDOWS, platformName: WINDOWS, proxy: Proxy(), setWindowRect: true, strictFileInteractability: false, timeouts: {implicit: 0, pageLoad: 300000, script: 30000}, unhandledPromptBehavior: dismiss and notify, webauthn:extension:credBlob: true, webauthn:extension:largeBlob: true, webauthn:extension:minPinLength: true, webauthn:extension:prf: true, webauthn:virtualAuthenticators: true}
Session ID: ae03d7e2dca5cd29d5008bd57829ed41
2024-01-25 21:47:50,084 [main] INFO  base.BaseClass - Trying to find Element By {by.toString()})
2024-01-25 21:47:50,106 [main] INFO  base.BaseClass - Found Element By {by.toString()}
2024-01-25 21:47:50,106 [main] INFO  base.BaseClass - Trying to click on: {element.toString()}
2024-01-25 21:47:50,273 [main] INFO  base.BaseClass - Clicked on: {element.toString()}
2024-01-25 21:47:50,273 [main] INFO  base.BaseClass - Trying to find Element By {by.toString()})
2024-01-25 21:47:50,292 [main] INFO  base.BaseClass - Found Element By {by.toString()}
2024-01-25 21:47:50,827 [main] INFO  base.BaseClass - Trying to find Element By {by.toString()})
2024-01-25 21:47:50,851 [main] INFO  base.BaseClass - Found Element By {by.toString()}
2024-01-25 21:47:51,424 [main] INFO  base.BaseClass - Trying to find Element By {by.toString()})
2024-01-25 21:47:51,449 [main] INFO  base.BaseClass - Found Element By {by.toString()}
2024-01-25 21:47:51,990 [main] INFO  base.BaseClass - Trying to find Element By {by.toString()})
2024-01-25 21:47:52,010 [main] INFO  base.BaseClass - Found Element By {by.toString()}
2024-01-25 21:47:52,538 [main] INFO  base.BaseClass - Trying to find Element By {by.toString()})
2024-01-25 21:47:52,561 [main] INFO  base.BaseClass - Found Element By {by.toString()}
2024-01-25 21:47:53,103 [main] INFO  base.BaseClass - Trying to find Element By {by.toString()})
2024-01-25 21:47:53,128 [main] INFO  base.BaseClass - Found Element By {by.toString()}
2024-01-25 21:47:53,669 [main] INFO  base.BaseClass - Trying to find Element By {by.toString()})
2024-01-25 21:47:53,694 [main] INFO  base.BaseClass - Found Element By {by.toString()}
2024-01-25 21:47:54,236 [main] INFO  base.BaseClass - Trying to find Element By {by.toString()})
2024-01-25 21:47:54,257 [main] INFO  base.BaseClass - Found Element By {by.toString()}
2024-01-25 21:47:54,802 [main] INFO  base.BaseClass - Trying to find Element By {by.toString()})
2024-01-25 21:47:54,818 [main] INFO  base.BaseClass - Found Element By {by.toString()}
2024-01-25 21:47:55,351 [main] INFO  base.BaseClass - Trying to find Element By {by.toString()})
2024-01-25 21:47:55,376 [main] INFO  base.BaseClass - Found Element By {by.toString()}
2024-01-25 21:47:55,917 [main] INFO  base.BaseClass - Trying to find Element By {by.toString()})
2024-01-25 21:47:55,940 [main] INFO  base.BaseClass - Found Element By {by.toString()}
2024-01-25 21:47:56,482 [main] INFO  base.BaseClass - Trying to find Element By {by.toString()})
2024-01-25 21:47:56,506 [main] INFO  base.BaseClass - Found Element By {by.toString()}
2024-01-25 21:47:57,047 [main] INFO  base.BaseClass - Trying to find Element By {by.toString()})
2024-01-25 21:47:57,067 [main] INFO  base.BaseClass - Found Element By {by.toString()}
2024-01-25 21:47:57,609 [main] INFO  base.BaseClass - Trying to find Element By {by.toString()})
2024-01-25 21:47:57,632 [main] INFO  base.BaseClass - Found Element By {by.toString()}
2024-01-25 21:47:58,172 [main] INFO  base.BaseClass - Trying to find Element By {by.toString()})
2024-01-25 21:47:58,197 [main] INFO  base.BaseClass - Found Element By {by.toString()}
2024-01-25 21:47:58,737 [main] INFO  base.BaseClass - Trying to find Element By {by.toString()})
2024-01-25 21:47:58,760 [main] INFO  base.BaseClass - Found Element By {by.toString()}
2024-01-25 21:47:59,301 [main] INFO  base.BaseClass - Trying to find Element By {by.toString()})
2024-01-25 21:47:59,325 [main] INFO  base.BaseClass - Found Element By {by.toString()}
2024-01-25 21:47:59,866 [main] INFO  base.BaseClass - Trying to find Element By {by.toString()})
2024-01-25 21:47:59,890 [main] INFO  base.BaseClass - Found Element By {by.toString()}
2024-01-25 21:48:00,430 [main] INFO  base.BaseClass - Trying to find Element By {by.toString()})
2024-01-25 21:48:00,441 [main] INFO  base.BaseClass - Found Element By {by.toString()}
2024-01-25 21:48:00,980 [main] INFO  base.BaseClass - Trying to find Element By {by.toString()})
2024-01-25 21:48:01,010 [main] INFO  base.BaseClass - Found Element By {by.toString()}
2024-01-25 21:48:01,545 [main] INFO  base.BaseClass - Trying to find Element By {by.toString()})
2024-01-25 21:48:01,568 [main] INFO  base.BaseClass - Found Element By {by.toString()}
2024-01-25 21:48:02,110 [main] INFO  base.BaseClass - Trying to find Element By {by.toString()})
2024-01-25 21:48:02,133 [main] INFO  base.BaseClass - Found Element By {by.toString()}
2024-01-25 21:48:02,675 [main] INFO  base.BaseClass - Trying to find Element By {by.toString()})
2024-01-25 21:48:02,697 [main] INFO  base.BaseClass - Found Element By {by.toString()}
2024-01-25 21:48:03,240 [main] INFO  base.BaseClass - Trying to find Element By {by.toString()})
2024-01-25 21:48:03,263 [main] INFO  base.BaseClass - Found Element By {by.toString()}
2024-01-25 21:48:03,790 [main] INFO  base.BaseClass - Trying to find Element By {by.toString()})
2024-01-25 21:48:03,813 [main] INFO  base.BaseClass - Found Element By {by.toString()}
2024-01-25 21:48:04,339 [main] INFO  base.BaseClass - Trying to find Element By {by.toString()})
2024-01-25 21:48:04,362 [main] INFO  base.BaseClass - Found Element By {by.toString()}
2024-01-25 21:48:04,902 [main] INFO  base.BaseClass - Trying to find Element By {by.toString()})
2024-01-25 21:48:04,927 [main] INFO  base.BaseClass - Found Element By {by.toString()}
2024-01-25 21:48:05,454 [main] INFO  base.BaseClass - Trying to find Element By {by.toString()})
2024-01-25 21:48:05,477 [main] INFO  base.BaseClass - Found Element By {by.toString()}
2024-01-25 21:48:06,019 [main] INFO  base.BaseClass - Trying to find Element By {by.toString()})
2024-01-25 21:48:06,043 [main] INFO  base.BaseClass - Found Element By {by.toString()}
2024-01-25 21:48:06,585 [main] INFO  base.BaseClass - Trying to find Element By {by.toString()})
2024-01-25 21:48:06,608 [main] INFO  base.BaseClass - Found Element By {by.toString()}
2024-01-25 21:48:07,148 [main] INFO  base.BaseClass - Trying to find Element By {by.toString()})
2024-01-25 21:48:07,171 [main] INFO  base.BaseClass - Found Element By {by.toString()}
2024-01-25 21:48:07,714 [main] INFO  base.BaseClass - Trying to find Element By {by.toString()})
2024-01-25 21:48:07,742 [main] INFO  base.BaseClass - Found Element By {by.toString()}
2024-01-25 21:48:08,279 [main] INFO  base.BaseClass - Trying to find Element By {by.toString()})
2024-01-25 21:48:08,302 [main] INFO  base.BaseClass - Found Element By {by.toString()}
2024-01-25 21:48:08,842 [main] INFO  base.BaseClass - Trying to find Element By {by.toString()})
2024-01-25 21:48:08,858 [main] INFO  base.BaseClass - Found Element By {by.toString()}
2024-01-25 21:48:09,391 [main] INFO  base.BaseClass - Trying to find Element By {by.toString()})
2024-01-25 21:48:09,415 [main] INFO  base.BaseClass - Found Element By {by.toString()}
2024-01-25 21:48:09,957 [main] INFO  base.BaseClass - Trying to find Element By {by.toString()})
2024-01-25 21:48:09,980 [main] INFO  base.BaseClass - Found Element By {by.toString()}
2024-01-25 21:48:10,524 [main] INFO  base.BaseClass - Trying to find Element By {by.toString()})
2024-01-25 21:48:10,549 [main] INFO  base.BaseClass - Found Element By {by.toString()}
2024-01-25 21:48:11,089 [main] INFO  base.BaseClass - Trying to find Element By {by.toString()})
2024-01-25 21:48:11,106 [main] INFO  base.BaseClass - Found Element By {by.toString()}
2024-01-25 21:48:11,640 [main] INFO  base.BaseClass - Trying to find Element By {by.toString()})
2024-01-25 21:48:11,665 [main] INFO  base.BaseClass - Found Element By {by.toString()}
2024-01-25 21:48:12,203 [main] INFO  base.BaseClass - Trying to find Element By {by.toString()})
2024-01-25 21:48:12,227 [main] INFO  base.BaseClass - Found Element By {by.toString()}
2024-01-25 21:48:12,767 [main] INFO  base.BaseClass - Trying to find Element By {by.toString()})
2024-01-25 21:48:12,790 [main] INFO  base.BaseClass - Found Element By {by.toString()}
2024-01-25 21:48:13,336 [main] INFO  base.BaseClass - Trying to find Element By {by.toString()})
2024-01-25 21:48:13,360 [main] INFO  base.BaseClass - Found Element By {by.toString()}
2024-01-25 21:48:13,902 [main] INFO  base.BaseClass - Trying to find Element By {by.toString()})
2024-01-25 21:48:13,926 [main] INFO  base.BaseClass - Found Element By {by.toString()}
2024-01-25 21:48:14,465 [main] INFO  base.BaseClass - Trying to find Element By {by.toString()})
2024-01-25 21:48:14,488 [main] INFO  base.BaseClass - Found Element By {by.toString()}
2024-01-25 21:48:15,031 [main] INFO  base.BaseClass - Trying to find Element By {by.toString()})
2024-01-25 21:48:15,057 [main] INFO  base.BaseClass - Found Element By {by.toString()}
2024-01-25 21:48:15,598 [main] INFO  base.BaseClass - Trying to find Element By {by.toString()})
2024-01-25 21:48:15,620 [main] INFO  base.BaseClass - Found Element By {by.toString()}
2024-01-25 21:48:16,160 [main] INFO  base.BaseClass - Trying to find Element By {by.toString()})
2024-01-25 21:48:16,182 [main] INFO  base.BaseClass - Found Element By {by.toString()}
2024-01-25 21:48:16,723 [main] INFO  base.BaseClass - Trying to find Element By {by.toString()})
2024-01-25 21:48:16,747 [main] INFO  base.BaseClass - Found Element By {by.toString()}
2024-01-25 21:48:17,289 [main] INFO  base.BaseClass - Trying to find Element By {by.toString()})
2024-01-25 21:48:17,312 [main] INFO  base.BaseClass - Found Element By {by.toString()}
2024-01-25 21:48:17,855 [main] INFO  base.BaseClass - Trying to find Element By {by.toString()})
2024-01-25 21:48:17,870 [main] INFO  base.BaseClass - Found Element By {by.toString()}
2024-01-25 21:48:18,402 [main] INFO  base.BaseClass - Trying to find Element By {by.toString()})
2024-01-25 21:48:18,425 [main] INFO  base.BaseClass - Found Element By {by.toString()}
2024-01-25 21:48:18,970 [main] INFO  base.BaseClass - Trying to find Element By {by.toString()})
2024-01-25 21:48:18,993 [main] INFO  base.BaseClass - Found Element By {by.toString()}
2024-01-25 21:48:19,533 [main] INFO  base.BaseClass - Trying to find Element By {by.toString()})
2024-01-25 21:48:19,556 [main] INFO  base.BaseClass - Found Element By {by.toString()}
2024-01-25 21:48:20,085 [main] INFO  base.BaseClass - Trying to find Element By {by.toString()})
2024-01-25 21:48:20,107 [main] INFO  base.BaseClass - Found Element By {by.toString()}
2024-01-25 21:48:20,648 [main] INFO  base.BaseClass - Trying to find Element By {by.toString()})
2024-01-25 21:48:20,672 [main] INFO  base.BaseClass - Found Element By {by.toString()}
TimeoutException occurred: Expected condition failed: waiting for helper.WaitUtility$5@70eb94d7 (tried for 30 second(s) with 500 milliseconds interval)
Build info: version: '3.141.59', revision: 'e82be7d358', time: '2018-11-14T08:17:03'
System info: host: 'DPLAP166', ip: '137.237.3.67', os.name: 'Windows 10', os.arch: 'amd64', os.version: '10.0', java.version: '19.0.1'
Driver info: org.openqa.selenium.support.events.EventFiringWebDriver
Capabilities {acceptInsecureCerts: true, browserName: chrome, browserVersion: 121.0.6167.86, chrome: {chromedriverVersion: 121.0.6167.85 (3f98d690ad7e..., userDataDir: C:\Users\dP-PL\AppData\Loca...}, fedcm:accounts: true, goog:chromeOptions: {debuggerAddress: localhost:55715}, javascriptEnabled: true, networkConnectionEnabled: false, pageLoadStrategy: normal, platform: WINDOWS, platformName: WINDOWS, proxy: Proxy(), setWindowRect: true, strictFileInteractability: false, timeouts: {implicit: 0, pageLoad: 300000, script: 30000}, unhandledPromptBehavior: dismiss and notify, webauthn:extension:credBlob: true, webauthn:extension:largeBlob: true, webauthn:extension:minPinLength: true, webauthn:extension:prf: true, webauthn:virtualAuthenticators: true}
Session ID: ae03d7e2dca5cd29d5008bd57829ed41
2024-01-25 21:48:20,705 [main] ERROR XGLT_15177_Test - Element did not become visible within the specified time: Expected condition failed: waiting for helper.WaitUtility$5@70eb94d7 (tried for 30 second(s) with 500 milliseconds interval)
Build info: version: '3.141.59', revision: 'e82be7d358', time: '2018-11-14T08:17:03'
System info: host: 'DPLAP166', ip: '137.237.3.67', os.name: 'Windows 10', os.arch: 'amd64', os.version: '10.0', java.version: '19.0.1'
Driver info: org.openqa.selenium.support.events.EventFiringWebDriver
Capabilities {acceptInsecureCerts: true, browserName: chrome, browserVersion: 121.0.6167.86, chrome: {chromedriverVersion: 121.0.6167.85 (3f98d690ad7e..., userDataDir: C:\Users\dP-PL\AppData\Loca...}, fedcm:accounts: true, goog:chromeOptions: {debuggerAddress: localhost:55715}, javascriptEnabled: true, networkConnectionEnabled: false, pageLoadStrategy: normal, platform: WINDOWS, platformName: WINDOWS, proxy: Proxy(), setWindowRect: true, strictFileInteractability: false, timeouts: {implicit: 0, pageLoad: 300000, script: 30000}, unhandledPromptBehavior: dismiss and notify, webauthn:extension:credBlob: true, webauthn:extension:largeBlob: true, webauthn:extension:minPinLength: true, webauthn:extension:prf: true, webauthn:virtualAuthenticators: true}
Session ID: ae03d7e2dca5cd29d5008bd57829ed41
2024-01-25 21:48:20,705 [main] INFO  base.BaseClass - Trying to find Element By {by.toString()})
2024-01-25 21:48:20,725 [main] INFO  base.BaseClass - Found Element By {by.toString()}
2024-01-25 21:48:20,725 [main] INFO  base.BaseClass - Trying to click on: {element.toString()}
2024-01-25 21:48:20,836 [main] INFO  base.BaseClass - Clicked on: {element.toString()}
2024-01-25 21:48:20,836 [main] INFO  base.BaseClass - Trying to find Element By {by.toString()})
2024-01-25 21:48:20,849 [main] INFO  base.BaseClass - Found Element By {by.toString()}
2024-01-25 21:48:21,385 [main] INFO  base.BaseClass - Trying to find Element By {by.toString()})
2024-01-25 21:48:21,410 [main] INFO  base.BaseClass - Found Element By {by.toString()}
2024-01-25 21:48:21,950 [main] INFO  base.BaseClass - Trying to find Element By {by.toString()})
2024-01-25 21:48:21,977 [main] INFO  base.BaseClass - Found Element By {by.toString()}
2024-01-25 21:48:22,516 [main] INFO  base.BaseClass - Trying to find Element By {by.toString()})
2024-01-25 21:48:22,540 [main] INFO  base.BaseClass - Found Element By {by.toString()}
2024-01-25 21:48:23,081 [main] INFO  base.BaseClass - Trying to find Element By {by.toString()})
2024-01-25 21:48:23,101 [main] INFO  base.BaseClass - Found Element By {by.toString()}
2024-01-25 21:48:23,646 [main] INFO  base.BaseClass - Trying to find Element By {by.toString()})
2024-01-25 21:48:23,671 [main] INFO  base.BaseClass - Found Element By {by.toString()}
2024-01-25 21:48:24,210 [main] INFO  base.BaseClass - Trying to find Element By {by.toString()})
2024-01-25 21:48:24,235 [main] INFO  base.BaseClass - Found Element By {by.toString()}
2024-01-25 21:48:24,778 [main] INFO  base.BaseClass - Trying to find Element By {by.toString()})
2024-01-25 21:48:24,806 [main] INFO  base.BaseClass - Found Element By {by.toString()}
2024-01-25 21:48:25,344 [main] INFO  base.BaseClass - Trying to find Element By {by.toString()})
2024-01-25 21:48:25,368 [main] INFO  base.BaseClass - Found Element By {by.toString()}
2024-01-25 21:48:25,909 [main] INFO  base.BaseClass - Trying to find Element By {by.toString()})
2024-01-25 21:48:25,933 [main] INFO  base.BaseClass - Found Element By {by.toString()}
2024-01-25 21:48:26,477 [main] INFO  base.BaseClass - Trying to find Element By {by.toString()})
2024-01-25 21:48:26,500 [main] INFO  base.BaseClass - Found Element By {by.toString()}
2024-01-25 21:48:27,041 [main] INFO  base.BaseClass - Trying to find Element By {by.toString()})
2024-01-25 21:48:27,065 [main] INFO  base.BaseClass - Found Element By {by.toString()}
2024-01-25 21:48:27,607 [main] INFO  base.BaseClass - Trying to find Element By {by.toString()})
2024-01-25 21:48:27,633 [main] INFO  base.BaseClass - Found Element By {by.toString()}
2024-01-25 21:48:28,171 [main] INFO  base.BaseClass - Trying to find Element By {by.toString()})
2024-01-25 21:48:28,192 [main] INFO  base.BaseClass - Found Element By {by.toString()}
2024-01-25 21:48:28,736 [main] INFO  base.BaseClass - Trying to find Element By {by.toString()})
2024-01-25 21:48:28,760 [main] INFO  base.BaseClass - Found Element By {by.toString()}
2024-01-25 21:48:29,301 [main] INFO  base.BaseClass - Trying to find Element By {by.toString()})
2024-01-25 21:48:29,318 [main] INFO  base.BaseClass - Found Element By {by.toString()}
2024-01-25 21:48:29,852 [main] INFO  base.BaseClass - Trying to find Element By {by.toString()})
2024-01-25 21:48:29,894 [main] INFO  base.BaseClass - Found Element By {by.toString()}
2024-01-25 21:48:30,435 [main] INFO  base.BaseClass - Trying to find Element By {by.toString()})
2024-01-25 21:48:30,459 [main] INFO  base.BaseClass - Found Element By {by.toString()}
2024-01-25 21:48:31,001 [main] INFO  base.BaseClass - Trying to find Element By {by.toString()})
2024-01-25 21:48:31,020 [main] INFO  base.BaseClass - Found Element By {by.toString()}
2024-01-25 21:48:31,567 [main] INFO  base.BaseClass - Trying to find Element By {by.toString()})
2024-01-25 21:48:31,591 [main] INFO  base.BaseClass - Found Element By {by.toString()}
2024-01-25 21:48:32,137 [main] INFO  base.BaseClass - Trying to find Element By {by.toString()})
2024-01-25 21:48:32,159 [main] INFO  base.BaseClass - Found Element By {by.toString()}
2024-01-25 21:48:32,687 [main] INFO  base.BaseClass - Trying to find Element By {by.toString()})
2024-01-25 21:48:32,713 [main] INFO  base.BaseClass - Found Element By {by.toString()}
2024-01-25 21:48:33,253 [main] INFO  base.BaseClass - Trying to find Element By {by.toString()})
2024-01-25 21:48:33,278 [main] INFO  base.BaseClass - Found Element By {by.toString()}
2024-01-25 21:48:33,820 [main] INFO  base.BaseClass - Trying to find Element By {by.toString()})
2024-01-25 21:48:33,845 [main] INFO  base.BaseClass - Found Element By {by.toString()}
2024-01-25 21:48:34,388 [main] INFO  base.BaseClass - Trying to find Element By {by.toString()})
2024-01-25 21:48:34,412 [main] INFO  base.BaseClass - Found Element By {by.toString()}
2024-01-25 21:48:34,950 [main] INFO  base.BaseClass - Trying to find Element By {by.toString()})
2024-01-25 21:48:34,975 [main] INFO  base.BaseClass - Found Element By {by.toString()}
2024-01-25 21:48:35,518 [main] INFO  base.BaseClass - Trying to find Element By {by.toString()})
2024-01-25 21:48:35,542 [main] INFO  base.BaseClass - Found Element By {by.toString()}
2024-01-25 21:48:36,084 [main] INFO  base.BaseClass - Trying to find Element By {by.toString()})
2024-01-25 21:48:36,109 [main] INFO  base.BaseClass - Found Element By {by.toString()}
2024-01-25 21:48:36,652 [main] INFO  base.BaseClass - Trying to find Element By {by.toString()})
2024-01-25 21:48:36,677 [main] INFO  base.BaseClass - Found Element By {by.toString()}
2024-01-25 21:48:37,218 [main] INFO  base.BaseClass - Trying to find Element By {by.toString()})
2024-01-25 21:48:37,244 [main] INFO  base.BaseClass - Found Element By {by.toString()}
2024-01-25 21:48:37,782 [main] INFO  base.BaseClass - Trying to find Element By {by.toString()})
2024-01-25 21:48:37,804 [main] INFO  base.BaseClass - Found Element By {by.toString()}
2024-01-25 21:48:38,345 [main] INFO  base.BaseClass - Trying to find Element By {by.toString()})
2024-01-25 21:48:38,370 [main] INFO  base.BaseClass - Found Element By {by.toString()}
2024-01-25 21:48:38,895 [main] INFO  base.BaseClass - Trying to find Element By {by.toString()})
2024-01-25 21:48:38,919 [main] INFO  base.BaseClass - Found Element By {by.toString()}
2024-01-25 21:48:39,443 [main] INFO  base.BaseClass - Trying to find Element By {by.toString()})
2024-01-25 21:48:39,468 [main] INFO  base.BaseClass - Found Element By {by.toString()}
2024-01-25 21:48:40,006 [main] INFO  base.BaseClass - Trying to find Element By {by.toString()})
2024-01-25 21:48:40,031 [main] INFO  base.BaseClass - Found Element By {by.toString()}
2024-01-25 21:48:40,573 [main] INFO  base.BaseClass - Trying to find Element By {by.toString()})
2024-01-25 21:48:40,585 [main] INFO  base.BaseClass - Found Element By {by.toString()}
2024-01-25 21:48:41,122 [main] INFO  base.BaseClass - Trying to find Element By {by.toString()})
2024-01-25 21:48:41,146 [main] INFO  base.BaseClass - Found Element By {by.toString()}
2024-01-25 21:48:41,673 [main] INFO  base.BaseClass - Trying to find Element By {by.toString()})
2024-01-25 21:48:41,692 [main] INFO  base.BaseClass - Found Element By {by.toString()}
2024-01-25 21:48:42,224 [main] INFO  base.BaseClass - Trying to find Element By {by.toString()})
2024-01-25 21:48:42,242 [main] INFO  base.BaseClass - Found Element By {by.toString()}
2024-01-25 21:48:42,771 [main] INFO  base.BaseClass - Trying to find Element By {by.toString()})
2024-01-25 21:48:42,796 [main] INFO  base.BaseClass - Found Element By {by.toString()}
2024-01-25 21:48:43,339 [main] INFO  base.BaseClass - Trying to find Element By {by.toString()})
2024-01-25 21:48:43,363 [main] INFO  base.BaseClass - Found Element By {by.toString()}
2024-01-25 21:48:43,902 [main] INFO  base.BaseClass - Trying to find Element By {by.toString()})
2024-01-25 21:48:43,927 [main] INFO  base.BaseClass - Found Element By {by.toString()}
2024-01-25 21:48:44,453 [main] INFO  base.BaseClass - Trying to find Element By {by.toString()})
2024-01-25 21:48:44,477 [main] INFO  base.BaseClass - Found Element By {by.toString()}
2024-01-25 21:48:45,017 [main] INFO  base.BaseClass - Trying to find Element By {by.toString()})
2024-01-25 21:48:45,042 [main] INFO  base.BaseClass - Found Element By {by.toString()}
2024-01-25 21:48:45,583 [main] INFO  base.BaseClass - Trying to find Element By {by.toString()})
2024-01-25 21:48:45,607 [main] INFO  base.BaseClass - Found Element By {by.toString()}
2024-01-25 21:48:46,146 [main] INFO  base.BaseClass - Trying to find Element By {by.toString()})
2024-01-25 21:48:46,169 [main] INFO  base.BaseClass - Found Element By {by.toString()}
2024-01-25 21:48:46,713 [main] INFO  base.BaseClass - Trying to find Element By {by.toString()})
2024-01-25 21:48:46,738 [main] INFO  base.BaseClass - Found Element By {by.toString()}
2024-01-25 21:48:47,277 [main] INFO  base.BaseClass - Trying to find Element By {by.toString()})
2024-01-25 21:48:47,288 [main] INFO  base.BaseClass - Found Element By {by.toString()}
2024-01-25 21:48:47,816 [main] INFO  base.BaseClass - Trying to find Element By {by.toString()})
2024-01-25 21:48:47,833 [main] INFO  base.BaseClass - Found Element By {by.toString()}
2024-01-25 21:48:48,369 [main] INFO  base.BaseClass - Trying to find Element By {by.toString()})
2024-01-25 21:48:48,391 [main] INFO  base.BaseClass - Found Element By {by.toString()}
2024-01-25 21:48:48,935 [main] INFO  base.BaseClass - Trying to find Element By {by.toString()})
2024-01-25 21:48:48,947 [main] INFO  base.BaseClass - Found Element By {by.toString()}
2024-01-25 21:48:49,469 [main] INFO  base.BaseClass - Trying to find Element By {by.toString()})
2024-01-25 21:48:49,492 [main] INFO  base.BaseClass - Found Element By {by.toString()}
2024-01-25 21:48:50,017 [main] INFO  base.BaseClass - Trying to find Element By {by.toString()})
2024-01-25 21:48:50,043 [main] INFO  base.BaseClass - Found Element By {by.toString()}
2024-01-25 21:48:50,586 [main] INFO  base.BaseClass - Trying to find Element By {by.toString()})
2024-01-25 21:48:50,613 [main] INFO  base.BaseClass - Found Element By {by.toString()}
2024-01-25 21:48:51,153 [main] INFO  base.BaseClass - Trying to find Element By {by.toString()})
2024-01-25 21:48:51,178 [main] INFO  base.BaseClass - Found Element By {by.toString()}
TimeoutException occurred: Expected condition failed: waiting for helper.WaitUtility$5@74f92d14 (tried for 30 second(s) with 500 milliseconds interval)
Build info: version: '3.141.59', revision: 'e82be7d358', time: '2018-11-14T08:17:03'
System info: host: 'DPLAP166', ip: '137.237.3.67', os.name: 'Windows 10', os.arch: 'amd64', os.version: '10.0', java.version: '19.0.1'
Driver info: org.openqa.selenium.support.events.EventFiringWebDriver
Capabilities {acceptInsecureCerts: true, browserName: chrome, browserVersion: 121.0.6167.86, chrome: {chromedriverVersion: 121.0.6167.85 (3f98d690ad7e..., userDataDir: C:\Users\dP-PL\AppData\Loca...}, fedcm:accounts: true, goog:chromeOptions: {debuggerAddress: localhost:55715}, javascriptEnabled: true, networkConnectionEnabled: false, pageLoadStrategy: normal, platform: WINDOWS, platformName: WINDOWS, proxy: Proxy(), setWindowRect: true, strictFileInteractability: false, timeouts: {implicit: 0, pageLoad: 300000, script: 30000}, unhandledPromptBehavior: dismiss and notify, webauthn:extension:credBlob: true, webauthn:extension:largeBlob: true, webauthn:extension:minPinLength: true, webauthn:extension:prf: true, webauthn:virtualAuthenticators: true}
Session ID: ae03d7e2dca5cd29d5008bd57829ed41
2024-01-25 21:48:51,211 [main] ERROR XGLT_15177_Test - Element did not become visible within the specified time: Expected condition failed: waiting for helper.WaitUtility$5@74f92d14 (tried for 30 second(s) with 500 milliseconds interval)
Build info: version: '3.141.59', revision: 'e82be7d358', time: '2018-11-14T08:17:03'
System info: host: 'DPLAP166', ip: '137.237.3.67', os.name: 'Windows 10', os.arch: 'amd64', os.version: '10.0', java.version: '19.0.1'
Driver info: org.openqa.selenium.support.events.EventFiringWebDriver
Capabilities {acceptInsecureCerts: true, browserName: chrome, browserVersion: 121.0.6167.86, chrome: {chromedriverVersion: 121.0.6167.85 (3f98d690ad7e..., userDataDir: C:\Users\dP-PL\AppData\Loca...}, fedcm:accounts: true, goog:chromeOptions: {debuggerAddress: localhost:55715}, javascriptEnabled: true, networkConnectionEnabled: false, pageLoadStrategy: normal, platform: WINDOWS, platformName: WINDOWS, proxy: Proxy(), setWindowRect: true, strictFileInteractability: false, timeouts: {implicit: 0, pageLoad: 300000, script: 30000}, unhandledPromptBehavior: dismiss and notify, webauthn:extension:credBlob: true, webauthn:extension:largeBlob: true, webauthn:extension:minPinLength: true, webauthn:extension:prf: true, webauthn:virtualAuthenticators: true}
Session ID: ae03d7e2dca5cd29d5008bd57829ed41
2024-01-25 21:48:51,211 [main] INFO  base.BaseClass - Trying to find Element By {by.toString()})
2024-01-25 21:48:51,232 [main] INFO  base.BaseClass - Found Element By {by.toString()}
2024-01-25 21:48:51,232 [main] INFO  base.BaseClass - Trying to click on: {element.toString()}
2024-01-25 21:48:51,353 [main] INFO  base.BaseClass - Clicked on: {element.toString()}
2024-01-25 21:48:51,353 [main] INFO  base.BaseClass - Trying to find Element By {by.toString()})
2024-01-25 21:48:51,367 [main] INFO  base.BaseClass - Found Element By {by.toString()}
2024-01-25 21:48:51,404 [main] INFO  base.BaseClass - Trying to find Element By {by.toString()})
2024-01-25 21:48:51,414 [main] INFO  base.BaseClass - Found Element By {by.toString()}
2024-01-25 21:48:51,954 [main] INFO  base.BaseClass - Trying to find Element By {by.toString()})
2024-01-25 21:48:51,979 [main] INFO  base.BaseClass - Found Element By {by.toString()}
2024-01-25 21:48:52,536 [main] INFO  base.BaseClass - Trying to find Element By {by.toString()})
2024-01-25 21:48:52,562 [main] INFO  base.BaseClass - Found Element By {by.toString()}
2024-01-25 21:48:53,103 [main] INFO  base.BaseClass - Trying to find Element By {by.toString()})
2024-01-25 21:48:53,127 [main] INFO  base.BaseClass - Found Element By {by.toString()}
2024-01-25 21:48:53,669 [main] INFO  base.BaseClass - Trying to find Element By {by.toString()})
2024-01-25 21:48:53,695 [main] INFO  base.BaseClass - Found Element By {by.toString()}
2024-01-25 21:48:54,233 [main] INFO  base.BaseClass - Trying to find Element By {by.toString()})
2024-01-25 21:48:54,253 [main] INFO  base.BaseClass - Found Element By {by.toString()}
2024-01-25 21:48:54,785 [main] INFO  base.BaseClass - Trying to find Element By {by.toString()})
2024-01-25 21:48:54,811 [main] INFO  base.BaseClass - Found Element By {by.toString()}
2024-01-25 21:48:55,349 [main] INFO  base.BaseClass - Trying to find Element By {by.toString()})
2024-01-25 21:48:55,375 [main] INFO  base.BaseClass - Found Element By {by.toString()}
2024-01-25 21:48:55,914 [main] INFO  base.BaseClass - Trying to find Element By {by.toString()})
2024-01-25 21:48:55,934 [main] INFO  base.BaseClass - Found Element By {by.toString()}
2024-01-25 21:48:56,466 [main] INFO  base.BaseClass - Trying to find Element By {by.toString()})
2024-01-25 21:48:56,491 [main] INFO  base.BaseClass - Found Element By {by.toString()}
2024-01-25 21:48:57,035 [main] INFO  base.BaseClass - Trying to find Element By {by.toString()})
2024-01-25 21:48:57,059 [main] INFO  base.BaseClass - Found Element By {by.toString()}
2024-01-25 21:48:57,601 [main] INFO  base.BaseClass - Trying to find Element By {by.toString()})
2024-01-25 21:48:57,624 [main] INFO  base.BaseClass - Found Element By {by.toString()}
2024-01-25 21:48:58,169 [main] INFO  base.BaseClass - Trying to find Element By {by.toString()})
2024-01-25 21:48:58,193 [main] INFO  base.BaseClass - Found Element By {by.toString()}
2024-01-25 21:48:58,719 [main] INFO  base.BaseClass - Trying to find Element By {by.toString()})
2024-01-25 21:48:58,741 [main] INFO  base.BaseClass - Found Element By {by.toString()}
2024-01-25 21:48:59,285 [main] INFO  base.BaseClass - Trying to find Element By {by.toString()})
2024-01-25 21:48:59,301 [main] INFO  base.BaseClass - Found Element By {by.toString()}
2024-01-25 21:48:59,833 [main] INFO  base.BaseClass - Trying to find Element By {by.toString()})
2024-01-25 21:48:59,858 [main] INFO  base.BaseClass - Found Element By {by.toString()}
2024-01-25 21:49:00,396 [main] INFO  base.BaseClass - Trying to find Element By {by.toString()})
2024-01-25 21:49:00,419 [main] INFO  base.BaseClass - Found Element By {by.toString()}
2024-01-25 21:49:00,961 [main] INFO  base.BaseClass - Trying to find Element By {by.toString()})
2024-01-25 21:49:00,986 [main] INFO  base.BaseClass - Found Element By {by.toString()}
2024-01-25 21:49:01,525 [main] INFO  base.BaseClass - Trying to find Element By {by.toString()})
2024-01-25 21:49:01,550 [main] INFO  base.BaseClass - Found Element By {by.toString()}
2024-01-25 21:49:02,091 [main] INFO  base.BaseClass - Trying to find Element By {by.toString()})
2024-01-25 21:49:02,115 [main] INFO  base.BaseClass - Found Element By {by.toString()}
2024-01-25 21:49:02,657 [main] INFO  base.BaseClass - Trying to find Element By {by.toString()})
2024-01-25 21:49:02,679 [main] INFO  base.BaseClass - Found Element By {by.toString()}
2024-01-25 21:49:03,221 [main] INFO  base.BaseClass - Trying to find Element By {by.toString()})
2024-01-25 21:49:03,245 [main] INFO  base.BaseClass - Found Element By {by.toString()}
2024-01-25 21:49:03,785 [main] INFO  base.BaseClass - Trying to find Element By {by.toString()})
2024-01-25 21:49:03,809 [main] INFO  base.BaseClass - Found Element By {by.toString()}
2024-01-25 21:49:04,351 [main] INFO  base.BaseClass - Trying to find Element By {by.toString()})
2024-01-25 21:49:04,372 [main] INFO  base.BaseClass - Found Element By {by.toString()}
2024-01-25 21:49:04,912 [main] INFO  base.BaseClass - Trying to find Element By {by.toString()})
2024-01-25 21:49:04,937 [main] INFO  base.BaseClass - Found Element By {by.toString()}
2024-01-25 21:49:05,476 [main] INFO  base.BaseClass - Trying to find Element By {by.toString()})
2024-01-25 21:49:05,500 [main] INFO  base.BaseClass - Found Element By {by.toString()}
2024-01-25 21:49:06,059 [main] INFO  base.BaseClass - Trying to find Element By {by.toString()})
2024-01-25 21:49:06,085 [main] INFO  base.BaseClass - Found Element By {by.toString()}
2024-01-25 21:49:06,625 [main] INFO  base.BaseClass - Trying to find Element By {by.toString()})
2024-01-25 21:49:06,650 [main] INFO  base.BaseClass - Found Element By {by.toString()}
2024-01-25 21:49:07,191 [main] INFO  base.BaseClass - Trying to find Element By {by.toString()})
2024-01-25 21:49:07,215 [main] INFO  base.BaseClass - Found Element By {by.toString()}
2024-01-25 21:49:07,755 [main] INFO  base.BaseClass - Trying to find Element By {by.toString()})
2024-01-25 21:49:07,780 [main] INFO  base.BaseClass - Found Element By {by.toString()}
2024-01-25 21:49:08,318 [main] INFO  base.BaseClass - Trying to find Element By {by.toString()})
2024-01-25 21:49:08,336 [main] INFO  base.BaseClass - Found Element By {by.toString()}
2024-01-25 21:49:08,853 [main] INFO  base.BaseClass - Trying to find Element By {by.toString()})
2024-01-25 21:49:08,877 [main] INFO  base.BaseClass - Found Element By {by.toString()}
2024-01-25 21:49:09,419 [main] INFO  base.BaseClass - Trying to find Element By {by.toString()})
2024-01-25 21:49:09,441 [main] INFO  base.BaseClass - Found Element By {by.toString()}
2024-01-25 21:49:09,982 [main] INFO  base.BaseClass - Trying to find Element By {by.toString()})
2024-01-25 21:49:10,006 [main] INFO  base.BaseClass - Found Element By {by.toString()}
2024-01-25 21:49:10,545 [main] INFO  base.BaseClass - Trying to find Element By {by.toString()})
2024-01-25 21:49:10,566 [main] INFO  base.BaseClass - Found Element By {by.toString()}
2024-01-25 21:49:11,106 [main] INFO  base.BaseClass - Trying to find Element By {by.toString()})
2024-01-25 21:49:11,130 [main] INFO  base.BaseClass - Found Element By {by.toString()}
2024-01-25 21:49:11,669 [main] INFO  base.BaseClass - Trying to find Element By {by.toString()})
2024-01-25 21:49:11,699 [main] INFO  base.BaseClass - Found Element By {by.toString()}
2024-01-25 21:49:12,250 [main] INFO  base.BaseClass - Trying to find Element By {by.toString()})
2024-01-25 21:49:12,261 [main] INFO  base.BaseClass - Found Element By {by.toString()}
2024-01-25 21:49:12,782 [main] INFO  base.BaseClass - Trying to find Element By {by.toString()})
2024-01-25 21:49:12,790 [main] INFO  base.BaseClass - Found Element By {by.toString()}
2024-01-25 21:49:13,317 [main] INFO  base.BaseClass - Trying to find Element By {by.toString()})
2024-01-25 21:49:13,332 [main] INFO  base.BaseClass - Found Element By {by.toString()}
2024-01-25 21:49:13,852 [main] INFO  base.BaseClass - Trying to find Element By {by.toString()})
2024-01-25 21:49:13,861 [main] INFO  base.BaseClass - Found Element By {by.toString()}
2024-01-25 21:49:14,378 [main] INFO  base.BaseClass - Trying to find Element By {by.toString()})
2024-01-25 21:49:14,397 [main] INFO  base.BaseClass - Found Element By {by.toString()}
2024-01-25 21:49:14,933 [main] INFO  base.BaseClass - Trying to find Element By {by.toString()})
2024-01-25 21:49:14,951 [main] INFO  base.BaseClass - Found Element By {by.toString()}
2024-01-25 21:49:15,487 [main] INFO  base.BaseClass - Trying to find Element By {by.toString()})
2024-01-25 21:49:15,505 [main] INFO  base.BaseClass - Found Element By {by.toString()}
2024-01-25 21:49:16,039 [main] INFO  base.BaseClass - Trying to find Element By {by.toString()})
2024-01-25 21:49:16,058 [main] INFO  base.BaseClass - Found Element By {by.toString()}
2024-01-25 21:49:16,593 [main] INFO  base.BaseClass - Trying to find Element By {by.toString()})
2024-01-25 21:49:16,610 [main] INFO  base.BaseClass - Found Element By {by.toString()}
2024-01-25 21:49:17,144 [main] INFO  base.BaseClass - Trying to find Element By {by.toString()})
2024-01-25 21:49:17,163 [main] INFO  base.BaseClass - Found Element By {by.toString()}
2024-01-25 21:49:17,694 [main] INFO  base.BaseClass - Trying to find Element By {by.toString()})
2024-01-25 21:49:17,713 [main] INFO  base.BaseClass - Found Element By {by.toString()}
2024-01-25 21:49:18,246 [main] INFO  base.BaseClass - Trying to find Element By {by.toString()})
2024-01-25 21:49:18,264 [main] INFO  base.BaseClass - Found Element By {by.toString()}
2024-01-25 21:49:18,800 [main] INFO  base.BaseClass - Trying to find Element By {by.toString()})
2024-01-25 21:49:18,820 [main] INFO  base.BaseClass - Found Element By {by.toString()}
2024-01-25 21:49:19,353 [main] INFO  base.BaseClass - Trying to find Element By {by.toString()})
2024-01-25 21:49:19,368 [main] INFO  base.BaseClass - Found Element By {by.toString()}
2024-01-25 21:49:19,890 [main] INFO  base.BaseClass - Trying to find Element By {by.toString()})
2024-01-25 21:49:19,908 [main] INFO  base.BaseClass - Found Element By {by.toString()}
2024-01-25 21:49:20,442 [main] INFO  base.BaseClass - Trying to find Element By {by.toString()})
2024-01-25 21:49:20,460 [main] INFO  base.BaseClass - Found Element By {by.toString()}
2024-01-25 21:49:20,993 [main] INFO  base.BaseClass - Trying to find Element By {by.toString()})
2024-01-25 21:49:21,012 [main] INFO  base.BaseClass - Found Element By {by.toString()}
2024-01-25 21:49:21,547 [main] INFO  base.BaseClass - Trying to find Element By {by.toString()})
2024-01-25 21:49:21,566 [main] INFO  base.BaseClass - Found Element By {by.toString()}
TimeoutException occurred: Expected condition failed: waiting for helper.WaitUtility$5@1659d7d (tried for 30 second(s) with 500 milliseconds interval)
Build info: version: '3.141.59', revision: 'e82be7d358', time: '2018-11-14T08:17:03'
System info: host: 'DPLAP166', ip: '137.237.3.67', os.name: 'Windows 10', os.arch: 'amd64', os.version: '10.0', java.version: '19.0.1'
Driver info: org.openqa.selenium.support.events.EventFiringWebDriver
Capabilities {acceptInsecureCerts: true, browserName: chrome, browserVersion: 121.0.6167.86, chrome: {chromedriverVersion: 121.0.6167.85 (3f98d690ad7e..., userDataDir: C:\Users\dP-PL\AppData\Loca...}, fedcm:accounts: true, goog:chromeOptions: {debuggerAddress: localhost:55715}, javascriptEnabled: true, networkConnectionEnabled: false, pageLoadStrategy: normal, platform: WINDOWS, platformName: WINDOWS, proxy: Proxy(), setWindowRect: true, strictFileInteractability: false, timeouts: {implicit: 0, pageLoad: 300000, script: 30000}, unhandledPromptBehavior: dismiss and notify, webauthn:extension:credBlob: true, webauthn:extension:largeBlob: true, webauthn:extension:minPinLength: true, webauthn:extension:prf: true, webauthn:virtualAuthenticators: true}
Session ID: ae03d7e2dca5cd29d5008bd57829ed41
2024-01-25 21:49:21,596 [main] ERROR XGLT_15177_Test - Element did not become visible within the specified time: Expected condition failed: waiting for helper.WaitUtility$5@1659d7d (tried for 30 second(s) with 500 milliseconds interval)
Build info: version: '3.141.59', revision: 'e82be7d358', time: '2018-11-14T08:17:03'
System info: host: 'DPLAP166', ip: '137.237.3.67', os.name: 'Windows 10', os.arch: 'amd64', os.version: '10.0', java.version: '19.0.1'
Driver info: org.openqa.selenium.support.events.EventFiringWebDriver
Capabilities {acceptInsecureCerts: true, browserName: chrome, browserVersion: 121.0.6167.86, chrome: {chromedriverVersion: 121.0.6167.85 (3f98d690ad7e..., userDataDir: C:\Users\dP-PL\AppData\Loca...}, fedcm:accounts: true, goog:chromeOptions: {debuggerAddress: localhost:55715}, javascriptEnabled: true, networkConnectionEnabled: false, pageLoadStrategy: normal, platform: WINDOWS, platformName: WINDOWS, proxy: Proxy(), setWindowRect: true, strictFileInteractability: false, timeouts: {implicit: 0, pageLoad: 300000, script: 30000}, unhandledPromptBehavior: dismiss and notify, webauthn:extension:credBlob: true, webauthn:extension:largeBlob: true, webauthn:extension:minPinLength: true, webauthn:extension:prf: true, webauthn:virtualAuthenticators: true}
Session ID: ae03d7e2dca5cd29d5008bd57829ed41
2024-01-25 21:49:21,596 [main] INFO  base.BaseClass - Trying to find Element By {by.toString()})
2024-01-25 21:49:21,612 [main] INFO  base.BaseClass - Found Element By {by.toString()}
2024-01-25 21:49:21,612 [main] INFO  base.BaseClass - Trying to click on: {element.toString()}
2024-01-25 21:49:21,699 [main] INFO  base.BaseClass - Clicked on: {element.toString()}
2024-01-25 21:49:21,700 [main] INFO  base.BaseClass - Trying to find Element By {by.toString()})
2024-01-25 21:49:21,709 [main] INFO  base.BaseClass - Found Element By {by.toString()}
2024-01-25 21:49:21,725 [main] INFO  base.BaseClass - Trying to find Element By {by.toString()})
2024-01-25 21:49:21,736 [main] INFO  base.BaseClass - Found Element By {by.toString()}
2024-01-25 21:49:21,746 [main] INFO  base.BaseClass - Trying to find Element By {by.toString()})
2024-01-25 21:49:21,764 [main] INFO  base.BaseClass - Found Element By {by.toString()}
2024-01-25 21:49:21,764 [main] INFO  base.BaseClass - Trying to click on: {element.toString()}
2024-01-25 21:49:21,844 [main] INFO  base.BaseClass - Clicked on: {element.toString()}
2024-01-25 21:49:21,844 [main] INFO  base.BaseClass - Trying to find Element By {by.toString()})
2024-01-25 21:49:21,853 [main] INFO  base.BaseClass - Found Element By {by.toString()}
2024-01-25 21:49:21,934 [main] INFO  base.BaseClass - Trying to find Element By {by.toString()})
2024-01-25 21:49:21,956 [main] INFO  base.BaseClass - Found Element By {by.toString()}
2024-01-25 21:49:22,483 [main] INFO  base.BaseClass - Trying to find Element By {by.toString()})
2024-01-25 21:49:22,500 [main] INFO  base.BaseClass - Found Element By {by.toString()}
2024-01-25 21:49:23,037 [main] INFO  base.BaseClass - Trying to find Element By {by.toString()})
2024-01-25 21:49:23,055 [main] INFO  base.BaseClass - Found Element By {by.toString()}
2024-01-25 21:49:23,601 [main] INFO  base.BaseClass - Trying to find Element By {by.toString()})
2024-01-25 21:49:23,619 [main] INFO  base.BaseClass - Found Element By {by.toString()}
2024-01-25 21:49:24,151 [main] INFO  base.BaseClass - Trying to find Element By {by.toString()})
2024-01-25 21:49:24,169 [main] INFO  base.BaseClass - Found Element By {by.toString()}
2024-01-25 21:49:24,701 [main] INFO  base.BaseClass - Trying to find Element By {by.toString()})
2024-01-25 21:49:24,718 [main] INFO  base.BaseClass - Found Element By {by.toString()}
2024-01-25 21:49:25,251 [main] INFO  base.BaseClass - Trying to find Element By {by.toString()})
2024-01-25 21:49:25,269 [main] INFO  base.BaseClass - Found Element By {by.toString()}
2024-01-25 21:49:25,803 [main] INFO  base.BaseClass - Trying to find Element By {by.toString()})
2024-01-25 21:49:25,825 [main] INFO  base.BaseClass - Found Element By {by.toString()}
2024-01-25 21:49:26,368 [main] INFO  base.BaseClass - Trying to find Element By {by.toString()})
2024-01-25 21:49:26,387 [main] INFO  base.BaseClass - Found Element By {by.toString()}
2024-01-25 21:49:26,920 [main] INFO  base.BaseClass - Trying to find Element By {by.toString()})
2024-01-25 21:49:26,938 [main] INFO  base.BaseClass - Found Element By {by.toString()}
2024-01-25 21:49:27,472 [main] INFO  base.BaseClass - Trying to find Element By {by.toString()})
2024-01-25 21:49:27,489 [main] INFO  base.BaseClass - Found Element By {by.toString()}
2024-01-25 21:49:28,023 [main] INFO  base.BaseClass - Trying to find Element By {by.toString()})
2024-01-25 21:49:28,040 [main] INFO  base.BaseClass - Found Element By {by.toString()}
2024-01-25 21:49:28,571 [main] INFO  base.BaseClass - Trying to find Element By {by.toString()})
2024-01-25 21:49:28,590 [main] INFO  base.BaseClass - Found Element By {by.toString()}
2024-01-25 21:49:29,122 [main] INFO  base.BaseClass - Trying to find Element By {by.toString()})
2024-01-25 21:49:29,147 [main] INFO  base.BaseClass - Found Element By {by.toString()}
2024-01-25 21:49:29,696 [main] INFO  base.BaseClass - Trying to find Element By {by.toString()})
2024-01-25 21:49:29,725 [main] INFO  base.BaseClass - Found Element By {by.toString()}
2024-01-25 21:49:30,258 [main] INFO  base.BaseClass - Trying to find Element By {by.toString()})
2024-01-25 21:49:30,271 [main] INFO  base.BaseClass - Found Element By {by.toString()}
2024-01-25 21:49:30,810 [main] INFO  base.BaseClass - Trying to find Element By {by.toString()})
2024-01-25 21:49:30,836 [main] INFO  base.BaseClass - Found Element By {by.toString()}
2024-01-25 21:49:31,374 [main] INFO  base.BaseClass - Trying to find Element By {by.toString()})
2024-01-25 21:49:31,398 [main] INFO  base.BaseClass - Found Element By {by.toString()}
2024-01-25 21:49:31,941 [main] INFO  base.BaseClass - Trying to find Element By {by.toString()})
2024-01-25 21:49:31,970 [main] INFO  base.BaseClass - Found Element By {by.toString()}
2024-01-25 21:49:32,525 [main] INFO  base.BaseClass - Trying to find Element By {by.toString()})
2024-01-25 21:49:32,549 [main] INFO  base.BaseClass - Found Element By {by.toString()}
2024-01-25 21:49:33,104 [main] INFO  base.BaseClass - Trying to find Element By {by.toString()})
2024-01-25 21:49:33,129 [main] INFO  base.BaseClass - Found Element By {by.toString()}
2024-01-25 21:49:33,669 [main] INFO  base.BaseClass - Trying to find Element By {by.toString()})
2024-01-25 21:49:33,694 [main] INFO  base.BaseClass - Found Element By {by.toString()}
2024-01-25 21:49:34,237 [main] INFO  base.BaseClass - Trying to find Element By {by.toString()})
2024-01-25 21:49:34,262 [main] INFO  base.BaseClass - Found Element By {by.toString()}
2024-01-25 21:49:34,805 [main] INFO  base.BaseClass - Trying to find Element By {by.toString()})
2024-01-25 21:49:34,830 [main] INFO  base.BaseClass - Found Element By {by.toString()}
2024-01-25 21:49:35,370 [main] INFO  base.BaseClass - Trying to find Element By {by.toString()})
2024-01-25 21:49:35,394 [main] INFO  base.BaseClass - Found Element By {by.toString()}
2024-01-25 21:49:35,934 [main] INFO  base.BaseClass - Trying to find Element By {by.toString()})
2024-01-25 21:49:35,957 [main] INFO  base.BaseClass - Found Element By {by.toString()}
2024-01-25 21:49:36,503 [main] INFO  base.BaseClass - Trying to find Element By {by.toString()})
2024-01-25 21:49:36,526 [main] INFO  base.BaseClass - Found Element By {by.toString()}
2024-01-25 21:49:37,068 [main] INFO  base.BaseClass - Trying to find Element By {by.toString()})
2024-01-25 21:49:37,092 [main] INFO  base.BaseClass - Found Element By {by.toString()}
2024-01-25 21:49:37,635 [main] INFO  base.BaseClass - Trying to find Element By {by.toString()})
2024-01-25 21:49:37,657 [main] INFO  base.BaseClass - Found Element By {by.toString()}
2024-01-25 21:49:38,186 [main] INFO  base.BaseClass - Trying to find Element By {by.toString()})
2024-01-25 21:49:38,209 [main] INFO  base.BaseClass - Found Element By {by.toString()}
2024-01-25 21:49:38,751 [main] INFO  base.BaseClass - Trying to find Element By {by.toString()})
2024-01-25 21:49:38,774 [main] INFO  base.BaseClass - Found Element By {by.toString()}
2024-01-25 21:49:39,317 [main] INFO  base.BaseClass - Trying to find Element By {by.toString()})
2024-01-25 21:49:39,339 [main] INFO  base.BaseClass - Found Element By {by.toString()}
2024-01-25 21:49:39,883 [main] INFO  base.BaseClass - Trying to find Element By {by.toString()})
2024-01-25 21:49:39,907 [main] INFO  base.BaseClass - Found Element By {by.toString()}
2024-01-25 21:49:40,448 [main] INFO  base.BaseClass - Trying to find Element By {by.toString()})
2024-01-25 21:49:40,470 [main] INFO  base.BaseClass - Found Element By {by.toString()}
2024-01-25 21:49:41,015 [main] INFO  base.BaseClass - Trying to find Element By {by.toString()})
2024-01-25 21:49:41,039 [main] INFO  base.BaseClass - Found Element By {by.toString()}
2024-01-25 21:49:41,564 [main] INFO  base.BaseClass - Trying to find Element By {by.toString()})
2024-01-25 21:49:41,587 [main] INFO  base.BaseClass - Found Element By {by.toString()}
2024-01-25 21:49:42,126 [main] INFO  base.BaseClass - Trying to find Element By {by.toString()})
2024-01-25 21:49:42,151 [main] INFO  base.BaseClass - Found Element By {by.toString()}
2024-01-25 21:49:42,690 [main] INFO  base.BaseClass - Trying to find Element By {by.toString()})
2024-01-25 21:49:42,712 [main] INFO  base.BaseClass - Found Element By {by.toString()}
2024-01-25 21:49:43,245 [main] INFO  base.BaseClass - Trying to find Element By {by.toString()})
2024-01-25 21:49:43,268 [main] INFO  base.BaseClass - Found Element By {by.toString()}
2024-01-25 21:49:43,797 [main] INFO  base.BaseClass - Trying to find Element By {by.toString()})
2024-01-25 21:49:43,820 [main] INFO  base.BaseClass - Found Element By {by.toString()}
2024-01-25 21:49:44,364 [main] INFO  base.BaseClass - Trying to find Element By {by.toString()})
2024-01-25 21:49:44,387 [main] INFO  base.BaseClass - Found Element By {by.toString()}
2024-01-25 21:49:44,930 [main] INFO  base.BaseClass - Trying to find Element By {by.toString()})
2024-01-25 21:49:44,953 [main] INFO  base.BaseClass - Found Element By {by.toString()}
2024-01-25 21:49:45,496 [main] INFO  base.BaseClass - Trying to find Element By {by.toString()})
2024-01-25 21:49:45,519 [main] INFO  base.BaseClass - Found Element By {by.toString()}
2024-01-25 21:49:46,061 [main] INFO  base.BaseClass - Trying to find Element By {by.toString()})
2024-01-25 21:49:46,085 [main] INFO  base.BaseClass - Found Element By {by.toString()}
2024-01-25 21:49:46,628 [main] INFO  base.BaseClass - Trying to find Element By {by.toString()})
2024-01-25 21:49:46,652 [main] INFO  base.BaseClass - Found Element By {by.toString()}
2024-01-25 21:49:47,195 [main] INFO  base.BaseClass - Trying to find Element By {by.toString()})
2024-01-25 21:49:47,218 [main] INFO  base.BaseClass - Found Element By {by.toString()}
2024-01-25 21:49:47,761 [main] INFO  base.BaseClass - Trying to find Element By {by.toString()})
2024-01-25 21:49:47,783 [main] INFO  base.BaseClass - Found Element By {by.toString()}
2024-01-25 21:49:48,309 [main] INFO  base.BaseClass - Trying to find Element By {by.toString()})
2024-01-25 21:49:48,333 [main] INFO  base.BaseClass - Found Element By {by.toString()}
2024-01-25 21:49:48,876 [main] INFO  base.BaseClass - Trying to find Element By {by.toString()})
2024-01-25 21:49:48,892 [main] INFO  base.BaseClass - Found Element By {by.toString()}
2024-01-25 21:49:49,424 [main] INFO  base.BaseClass - Trying to find Element By {by.toString()})
2024-01-25 21:49:49,448 [main] INFO  base.BaseClass - Found Element By {by.toString()}
2024-01-25 21:49:49,990 [main] INFO  base.BaseClass - Trying to find Element By {by.toString()})
2024-01-25 21:49:50,009 [main] INFO  base.BaseClass - Found Element By {by.toString()}
2024-01-25 21:49:50,555 [main] INFO  base.BaseClass - Trying to find Element By {by.toString()})
2024-01-25 21:49:50,574 [main] INFO  base.BaseClass - Found Element By {by.toString()}
2024-01-25 21:49:51,104 [main] INFO  base.BaseClass - Trying to find Element By {by.toString()})
2024-01-25 21:49:51,127 [main] INFO  base.BaseClass - Found Element By {by.toString()}
2024-01-25 21:49:51,654 [main] INFO  base.BaseClass - Trying to find Element By {by.toString()})
2024-01-25 21:49:51,673 [main] INFO  base.BaseClass - Found Element By {by.toString()}
2024-01-25 21:49:52,206 [main] INFO  base.BaseClass - Trying to find Element By {by.toString()})
2024-01-25 21:49:52,231 [main] INFO  base.BaseClass - Found Element By {by.toString()}
TimeoutException occurred: Expected condition failed: waiting for helper.WaitUtility$5@7bbc11ed (tried for 30 second(s) with 500 milliseconds interval)
Build info: version: '3.141.59', revision: 'e82be7d358', time: '2018-11-14T08:17:03'
System info: host: 'DPLAP166', ip: '137.237.3.67', os.name: 'Windows 10', os.arch: 'amd64', os.version: '10.0', java.version: '19.0.1'
Driver info: org.openqa.selenium.support.events.EventFiringWebDriver
Capabilities {acceptInsecureCerts: true, browserName: chrome, browserVersion: 121.0.6167.86, chrome: {chromedriverVersion: 121.0.6167.85 (3f98d690ad7e..., userDataDir: C:\Users\dP-PL\AppData\Loca...}, fedcm:accounts: true, goog:chromeOptions: {debuggerAddress: localhost:55715}, javascriptEnabled: true, networkConnectionEnabled: false, pageLoadStrategy: normal, platform: WINDOWS, platformName: WINDOWS, proxy: Proxy(), setWindowRect: true, strictFileInteractability: false, timeouts: {implicit: 0, pageLoad: 300000, script: 30000}, unhandledPromptBehavior: dismiss and notify, webauthn:extension:credBlob: true, webauthn:extension:largeBlob: true, webauthn:extension:minPinLength: true, webauthn:extension:prf: true, webauthn:virtualAuthenticators: true}
Session ID: ae03d7e2dca5cd29d5008bd57829ed41
2024-01-25 21:49:52,264 [main] ERROR XGLT_15177_Test - Element did not become visible within the specified time: Expected condition failed: waiting for helper.WaitUtility$5@7bbc11ed (tried for 30 second(s) with 500 milliseconds interval)
Build info: version: '3.141.59', revision: 'e82be7d358', time: '2018-11-14T08:17:03'
System info: host: 'DPLAP166', ip: '137.237.3.67', os.name: 'Windows 10', os.arch: 'amd64', os.version: '10.0', java.version: '19.0.1'
Driver info: org.openqa.selenium.support.events.EventFiringWebDriver
Capabilities {acceptInsecureCerts: true, browserName: chrome, browserVersion: 121.0.6167.86, chrome: {chromedriverVersion: 121.0.6167.85 (3f98d690ad7e..., userDataDir: C:\Users\dP-PL\AppData\Loca...}, fedcm:accounts: true, goog:chromeOptions: {debuggerAddress: localhost:55715}, javascriptEnabled: true, networkConnectionEnabled: false, pageLoadStrategy: normal, platform: WINDOWS, platformName: WINDOWS, proxy: Proxy(), setWindowRect: true, strictFileInteractability: false, timeouts: {implicit: 0, pageLoad: 300000, script: 30000}, unhandledPromptBehavior: dismiss and notify, webauthn:extension:credBlob: true, webauthn:extension:largeBlob: true, webauthn:extension:minPinLength: true, webauthn:extension:prf: true, webauthn:virtualAuthenticators: true}
Session ID: ae03d7e2dca5cd29d5008bd57829ed41
2024-01-25 21:49:52,265 [main] INFO  base.BaseClass - Trying to find Element By {by.toString()})
2024-01-25 21:49:52,287 [main] INFO  base.BaseClass - Found Element By {by.toString()}
2024-01-25 21:49:52,287 [main] INFO  base.BaseClass - Trying to click on: {element.toString()}
2024-01-25 21:49:52,402 [main] INFO  base.BaseClass - Clicked on: {element.toString()}
2024-01-25 21:49:52,402 [main] INFO  base.BaseClass - Trying to find Element By {by.toString()})
2024-01-25 21:49:52,425 [main] INFO  base.BaseClass - Found Element By {by.toString()}
Can proceed to create a new network GB
search_Network passed!
]]></system-out>
    <system-err><![CDATA[Starting ChromeDriver 121.0.6167.85 (3f98d690ad7e59242ef110144c757b2ac4eef1a2-refs/branch-heads/6167@{#1539}) on port 45895
Only local connections are allowed.
Please see https://chromedriver.chromium.org/security-considerations for suggestions on keeping ChromeDriver safe.
ChromeDriver was started successfully.
Jan 25, 2024 9:45:12 PM org.openqa.selenium.remote.ProtocolHandshake createSession
INFO: Detected dialect: W3C
]]></system-err>
  </testcase>
  <testcase name="create_Network" classname="Create_Network" time="61.577">
    <system-out><![CDATA[Before method Test name: Maintainance Tests
create_Network started!
2024-01-25 21:49:52,805 [main] INFO  base.BaseClass - Trying to find Element By {by.toString()})
2024-01-25 21:49:52,832 [main] INFO  base.BaseClass - Found Element By {by.toString()}
2024-01-25 21:49:53,365 [main] INFO  base.BaseClass - Trying to find Element By {by.toString()})
2024-01-25 21:49:53,389 [main] INFO  base.BaseClass - Found Element By {by.toString()}
2024-01-25 21:49:53,933 [main] INFO  base.BaseClass - Trying to find Element By {by.toString()})
2024-01-25 21:49:53,957 [main] INFO  base.BaseClass - Found Element By {by.toString()}
2024-01-25 21:49:54,501 [main] INFO  base.BaseClass - Trying to find Element By {by.toString()})
2024-01-25 21:49:54,525 [main] INFO  base.BaseClass - Found Element By {by.toString()}
2024-01-25 21:49:55,067 [main] INFO  base.BaseClass - Trying to find Element By {by.toString()})
2024-01-25 21:49:55,091 [main] INFO  base.BaseClass - Found Element By {by.toString()}
2024-01-25 21:49:55,633 [main] INFO  base.BaseClass - Trying to find Element By {by.toString()})
2024-01-25 21:49:55,657 [main] INFO  base.BaseClass - Found Element By {by.toString()}
2024-01-25 21:49:56,195 [main] INFO  base.BaseClass - Trying to find Element By {by.toString()})
2024-01-25 21:49:56,209 [main] INFO  base.BaseClass - Found Element By {by.toString()}
2024-01-25 21:49:56,747 [main] INFO  base.BaseClass - Trying to find Element By {by.toString()})
2024-01-25 21:49:56,768 [main] INFO  base.BaseClass - Found Element By {by.toString()}
2024-01-25 21:49:57,314 [main] INFO  base.BaseClass - Trying to find Element By {by.toString()})
2024-01-25 21:49:57,331 [main] INFO  base.BaseClass - Found Element By {by.toString()}
2024-01-25 21:49:57,864 [main] INFO  base.BaseClass - Trying to find Element By {by.toString()})
2024-01-25 21:49:57,913 [main] INFO  base.BaseClass - Found Element By {by.toString()}
2024-01-25 21:49:58,440 [main] INFO  base.BaseClass - Trying to find Element By {by.toString()})
2024-01-25 21:49:58,463 [main] INFO  base.BaseClass - Found Element By {by.toString()}
2024-01-25 21:49:59,005 [main] INFO  base.BaseClass - Trying to find Element By {by.toString()})
2024-01-25 21:49:59,028 [main] INFO  base.BaseClass - Found Element By {by.toString()}
2024-01-25 21:49:59,570 [main] INFO  base.BaseClass - Trying to find Element By {by.toString()})
2024-01-25 21:49:59,592 [main] INFO  base.BaseClass - Found Element By {by.toString()}
2024-01-25 21:50:00,136 [main] INFO  base.BaseClass - Trying to find Element By {by.toString()})
2024-01-25 21:50:00,156 [main] INFO  base.BaseClass - Found Element By {by.toString()}
2024-01-25 21:50:00,699 [main] INFO  base.BaseClass - Trying to find Element By {by.toString()})
2024-01-25 21:50:00,726 [main] INFO  base.BaseClass - Found Element By {by.toString()}
2024-01-25 21:50:01,265 [main] INFO  base.BaseClass - Trying to find Element By {by.toString()})
2024-01-25 21:50:01,285 [main] INFO  base.BaseClass - Found Element By {by.toString()}
2024-01-25 21:50:01,831 [main] INFO  base.BaseClass - Trying to find Element By {by.toString()})
2024-01-25 21:50:01,852 [main] INFO  base.BaseClass - Found Element By {by.toString()}
2024-01-25 21:50:02,381 [main] INFO  base.BaseClass - Trying to find Element By {by.toString()})
2024-01-25 21:50:02,404 [main] INFO  base.BaseClass - Found Element By {by.toString()}
2024-01-25 21:50:02,945 [main] INFO  base.BaseClass - Trying to find Element By {by.toString()})
2024-01-25 21:50:02,966 [main] INFO  base.BaseClass - Found Element By {by.toString()}
2024-01-25 21:50:03,510 [main] INFO  base.BaseClass - Trying to find Element By {by.toString()})
2024-01-25 21:50:03,529 [main] INFO  base.BaseClass - Found Element By {by.toString()}
2024-01-25 21:50:04,061 [main] INFO  base.BaseClass - Trying to find Element By {by.toString()})
2024-01-25 21:50:04,085 [main] INFO  base.BaseClass - Found Element By {by.toString()}
2024-01-25 21:50:04,625 [main] INFO  base.BaseClass - Trying to find Element By {by.toString()})
2024-01-25 21:50:04,649 [main] INFO  base.BaseClass - Found Element By {by.toString()}
2024-01-25 21:50:05,193 [main] INFO  base.BaseClass - Trying to find Element By {by.toString()})
2024-01-25 21:50:05,214 [main] INFO  base.BaseClass - Found Element By {by.toString()}
2024-01-25 21:50:05,744 [main] INFO  base.BaseClass - Trying to find Element By {by.toString()})
2024-01-25 21:50:05,760 [main] INFO  base.BaseClass - Found Element By {by.toString()}
2024-01-25 21:50:06,293 [main] INFO  base.BaseClass - Trying to find Element By {by.toString()})
2024-01-25 21:50:06,316 [main] INFO  base.BaseClass - Found Element By {by.toString()}
2024-01-25 21:50:06,859 [main] INFO  base.BaseClass - Trying to find Element By {by.toString()})
2024-01-25 21:50:06,882 [main] INFO  base.BaseClass - Found Element By {by.toString()}
2024-01-25 21:50:07,413 [main] INFO  base.BaseClass - Trying to find Element By {by.toString()})
2024-01-25 21:50:07,430 [main] INFO  base.BaseClass - Found Element By {by.toString()}
2024-01-25 21:50:07,964 [main] INFO  base.BaseClass - Trying to find Element By {by.toString()})
2024-01-25 21:50:07,981 [main] INFO  base.BaseClass - Found Element By {by.toString()}
2024-01-25 21:50:08,513 [main] INFO  base.BaseClass - Trying to find Element By {by.toString()})
2024-01-25 21:50:08,528 [main] INFO  base.BaseClass - Found Element By {by.toString()}
2024-01-25 21:50:09,063 [main] INFO  base.BaseClass - Trying to find Element By {by.toString()})
2024-01-25 21:50:09,085 [main] INFO  base.BaseClass - Found Element By {by.toString()}
2024-01-25 21:50:09,630 [main] INFO  base.BaseClass - Trying to find Element By {by.toString()})
2024-01-25 21:50:09,652 [main] INFO  base.BaseClass - Found Element By {by.toString()}
2024-01-25 21:50:10,180 [main] INFO  base.BaseClass - Trying to find Element By {by.toString()})
2024-01-25 21:50:10,203 [main] INFO  base.BaseClass - Found Element By {by.toString()}
2024-01-25 21:50:10,749 [main] INFO  base.BaseClass - Trying to find Element By {by.toString()})
2024-01-25 21:50:10,773 [main] INFO  base.BaseClass - Found Element By {by.toString()}
2024-01-25 21:50:11,316 [main] INFO  base.BaseClass - Trying to find Element By {by.toString()})
2024-01-25 21:50:11,342 [main] INFO  base.BaseClass - Found Element By {by.toString()}
2024-01-25 21:50:11,885 [main] INFO  base.BaseClass - Trying to find Element By {by.toString()})
2024-01-25 21:50:11,908 [main] INFO  base.BaseClass - Found Element By {by.toString()}
2024-01-25 21:50:12,448 [main] INFO  base.BaseClass - Trying to find Element By {by.toString()})
2024-01-25 21:50:12,471 [main] INFO  base.BaseClass - Found Element By {by.toString()}
2024-01-25 21:50:13,000 [main] INFO  base.BaseClass - Trying to find Element By {by.toString()})
2024-01-25 21:50:13,022 [main] INFO  base.BaseClass - Found Element By {by.toString()}
2024-01-25 21:50:13,550 [main] INFO  base.BaseClass - Trying to find Element By {by.toString()})
2024-01-25 21:50:13,570 [main] INFO  base.BaseClass - Found Element By {by.toString()}
2024-01-25 21:50:14,102 [main] INFO  base.BaseClass - Trying to find Element By {by.toString()})
2024-01-25 21:50:14,126 [main] INFO  base.BaseClass - Found Element By {by.toString()}
2024-01-25 21:50:14,668 [main] INFO  base.BaseClass - Trying to find Element By {by.toString()})
2024-01-25 21:50:14,690 [main] INFO  base.BaseClass - Found Element By {by.toString()}
2024-01-25 21:50:15,232 [main] INFO  base.BaseClass - Trying to find Element By {by.toString()})
2024-01-25 21:50:15,255 [main] INFO  base.BaseClass - Found Element By {by.toString()}
2024-01-25 21:50:15,799 [main] INFO  base.BaseClass - Trying to find Element By {by.toString()})
2024-01-25 21:50:15,823 [main] INFO  base.BaseClass - Found Element By {by.toString()}
2024-01-25 21:50:16,361 [main] INFO  base.BaseClass - Trying to find Element By {by.toString()})
2024-01-25 21:50:16,384 [main] INFO  base.BaseClass - Found Element By {by.toString()}
2024-01-25 21:50:16,931 [main] INFO  base.BaseClass - Trying to find Element By {by.toString()})
2024-01-25 21:50:16,952 [main] INFO  base.BaseClass - Found Element By {by.toString()}
2024-01-25 21:50:17,482 [main] INFO  base.BaseClass - Trying to find Element By {by.toString()})
2024-01-25 21:50:17,498 [main] INFO  base.BaseClass - Found Element By {by.toString()}
2024-01-25 21:50:18,028 [main] INFO  base.BaseClass - Trying to find Element By {by.toString()})
2024-01-25 21:50:18,051 [main] INFO  base.BaseClass - Found Element By {by.toString()}
2024-01-25 21:50:18,591 [main] INFO  base.BaseClass - Trying to find Element By {by.toString()})
2024-01-25 21:50:18,614 [main] INFO  base.BaseClass - Found Element By {by.toString()}
2024-01-25 21:50:19,156 [main] INFO  base.BaseClass - Trying to find Element By {by.toString()})
2024-01-25 21:50:19,179 [main] INFO  base.BaseClass - Found Element By {by.toString()}
2024-01-25 21:50:19,722 [main] INFO  base.BaseClass - Trying to find Element By {by.toString()})
2024-01-25 21:50:19,744 [main] INFO  base.BaseClass - Found Element By {by.toString()}
2024-01-25 21:50:20,288 [main] INFO  base.BaseClass - Trying to find Element By {by.toString()})
2024-01-25 21:50:20,308 [main] INFO  base.BaseClass - Found Element By {by.toString()}
2024-01-25 21:50:20,852 [main] INFO  base.BaseClass - Trying to find Element By {by.toString()})
2024-01-25 21:50:20,875 [main] INFO  base.BaseClass - Found Element By {by.toString()}
2024-01-25 21:50:21,420 [main] INFO  base.BaseClass - Trying to find Element By {by.toString()})
2024-01-25 21:50:21,443 [main] INFO  base.BaseClass - Found Element By {by.toString()}
2024-01-25 21:50:21,987 [main] INFO  base.BaseClass - Trying to find Element By {by.toString()})
2024-01-25 21:50:22,010 [main] INFO  base.BaseClass - Found Element By {by.toString()}
2024-01-25 21:50:22,537 [main] INFO  base.BaseClass - Trying to find Element By {by.toString()})
2024-01-25 21:50:22,559 [main] INFO  base.BaseClass - Found Element By {by.toString()}
2024-01-25 21:50:23,102 [main] INFO  base.BaseClass - Trying to find Element By {by.toString()})
2024-01-25 21:50:23,124 [main] INFO  base.BaseClass - Found Element By {by.toString()}
TimeoutException occurred: Expected condition failed: waiting for helper.WaitUtility$5@578483bd (tried for 30 second(s) with 500 milliseconds interval)
Build info: version: '3.141.59', revision: 'e82be7d358', time: '2018-11-14T08:17:03'
System info: host: 'DPLAP166', ip: '137.237.3.67', os.name: 'Windows 10', os.arch: 'amd64', os.version: '10.0', java.version: '19.0.1'
Driver info: org.openqa.selenium.support.events.EventFiringWebDriver
Capabilities {acceptInsecureCerts: true, browserName: chrome, browserVersion: 121.0.6167.86, chrome: {chromedriverVersion: 121.0.6167.85 (3f98d690ad7e..., userDataDir: C:\Users\dP-PL\AppData\Loca...}, fedcm:accounts: true, goog:chromeOptions: {debuggerAddress: localhost:55715}, javascriptEnabled: true, networkConnectionEnabled: false, pageLoadStrategy: normal, platform: WINDOWS, platformName: WINDOWS, proxy: Proxy(), setWindowRect: true, strictFileInteractability: false, timeouts: {implicit: 0, pageLoad: 300000, script: 30000}, unhandledPromptBehavior: dismiss and notify, webauthn:extension:credBlob: true, webauthn:extension:largeBlob: true, webauthn:extension:minPinLength: true, webauthn:extension:prf: true, webauthn:virtualAuthenticators: true}
Session ID: ae03d7e2dca5cd29d5008bd57829ed41
2024-01-25 21:50:23,156 [main] ERROR XGLT_15177_Test - Element did not become visible within the specified time: Expected condition failed: waiting for helper.WaitUtility$5@578483bd (tried for 30 second(s) with 500 milliseconds interval)
Build info: version: '3.141.59', revision: 'e82be7d358', time: '2018-11-14T08:17:03'
System info: host: 'DPLAP166', ip: '137.237.3.67', os.name: 'Windows 10', os.arch: 'amd64', os.version: '10.0', java.version: '19.0.1'
Driver info: org.openqa.selenium.support.events.EventFiringWebDriver
Capabilities {acceptInsecureCerts: true, browserName: chrome, browserVersion: 121.0.6167.86, chrome: {chromedriverVersion: 121.0.6167.85 (3f98d690ad7e..., userDataDir: C:\Users\dP-PL\AppData\Loca...}, fedcm:accounts: true, goog:chromeOptions: {debuggerAddress: localhost:55715}, javascriptEnabled: true, networkConnectionEnabled: false, pageLoadStrategy: normal, platform: WINDOWS, platformName: WINDOWS, proxy: Proxy(), setWindowRect: true, strictFileInteractability: false, timeouts: {implicit: 0, pageLoad: 300000, script: 30000}, unhandledPromptBehavior: dismiss and notify, webauthn:extension:credBlob: true, webauthn:extension:largeBlob: true, webauthn:extension:minPinLength: true, webauthn:extension:prf: true, webauthn:virtualAuthenticators: true}
Session ID: ae03d7e2dca5cd29d5008bd57829ed41
2024-01-25 21:50:23,156 [main] INFO  base.BaseClass - Trying to find Element By {by.toString()})
2024-01-25 21:50:23,177 [main] INFO  base.BaseClass - Found Element By {by.toString()}
2024-01-25 21:50:23,177 [main] INFO  base.BaseClass - Trying to click on: {element.toString()}
2024-01-25 21:50:23,348 [main] INFO  base.BaseClass - Clicked on: {element.toString()}
2024-01-25 21:50:23,348 [main] INFO  base.BaseClass - Trying to find Element By {by.toString()})
2024-01-25 21:50:23,363 [main] INFO  base.BaseClass - Found Element By {by.toString()}
2024-01-25 21:50:23,379 [main] INFO  base.BaseClass - Trying to find Element By {by.toString()})
2024-01-25 21:50:23,391 [main] INFO  base.BaseClass - Found Element By {by.toString()}
2024-01-25 21:50:23,400 [main] INFO  base.BaseClass - Trying to find Element By {by.toString()})
2024-01-25 21:50:23,417 [main] INFO  base.BaseClass - Found Element By {by.toString()}
2024-01-25 21:50:23,417 [main] INFO  base.BaseClass - Trying to click on: {element.toString()}
2024-01-25 21:50:23,471 [main] INFO  base.BaseClass - Clicked on: {element.toString()}
2024-01-25 21:50:23,471 [main] INFO  base.BaseClass - Trying to find Element By {by.toString()})
2024-01-25 21:50:23,479 [main] INFO  base.BaseClass - Found Element By {by.toString()}
2024-01-25 21:50:23,543 [main] INFO  base.BaseClass - Trying to find Element By {by.toString()})
2024-01-25 21:50:23,562 [main] INFO  base.BaseClass - Found Element By {by.toString()}
2024-01-25 21:50:23,588 [main] INFO  base.BaseClass - Trying to find Element By {by.toString()})
2024-01-25 21:50:23,605 [main] INFO  base.BaseClass - Found Element By {by.toString()}
2024-01-25 21:50:23,619 [main] INFO  base.BaseClass - Trying to find Element By {by.toString()})
2024-01-25 21:50:23,632 [main] INFO  base.BaseClass - Found Element By {by.toString()}
2024-01-25 21:50:23,632 [main] INFO  base.BaseClass - Trying to click on: {element.toString()}
2024-01-25 21:50:23,680 [main] INFO  base.BaseClass - Clicked on: {element.toString()}
2024-01-25 21:50:23,681 [main] INFO  base.BaseClass - Trying to find Element By {by.toString()})
2024-01-25 21:50:23,689 [main] INFO  base.BaseClass - Found Element By {by.toString()}
2024-01-25 21:50:23,742 [main] INFO  base.BaseClass - Trying to find Element By {by.toString()})
2024-01-25 21:50:23,754 [main] INFO  base.BaseClass - Found Element By {by.toString()}
2024-01-25 21:50:24,280 [main] INFO  base.BaseClass - Trying to find Element By {by.toString()})
2024-01-25 21:50:24,301 [main] INFO  base.BaseClass - Found Element By {by.toString()}
2024-01-25 21:50:24,846 [main] INFO  base.BaseClass - Trying to find Element By {by.toString()})
2024-01-25 21:50:24,867 [main] INFO  base.BaseClass - Found Element By {by.toString()}
2024-01-25 21:50:25,399 [main] INFO  base.BaseClass - Trying to find Element By {by.toString()})
2024-01-25 21:50:25,422 [main] INFO  base.BaseClass - Found Element By {by.toString()}
2024-01-25 21:50:25,966 [main] INFO  base.BaseClass - Trying to find Element By {by.toString()})
2024-01-25 21:50:25,988 [main] INFO  base.BaseClass - Found Element By {by.toString()}
2024-01-25 21:50:26,515 [main] INFO  base.BaseClass - Trying to find Element By {by.toString()})
2024-01-25 21:50:26,538 [main] INFO  base.BaseClass - Found Element By {by.toString()}
2024-01-25 21:50:27,083 [main] INFO  base.BaseClass - Trying to find Element By {by.toString()})
2024-01-25 21:50:27,106 [main] INFO  base.BaseClass - Found Element By {by.toString()}
2024-01-25 21:50:27,649 [main] INFO  base.BaseClass - Trying to find Element By {by.toString()})
2024-01-25 21:50:27,675 [main] INFO  base.BaseClass - Found Element By {by.toString()}
2024-01-25 21:50:28,214 [main] INFO  base.BaseClass - Trying to find Element By {by.toString()})
2024-01-25 21:50:28,237 [main] INFO  base.BaseClass - Found Element By {by.toString()}
2024-01-25 21:50:28,782 [main] INFO  base.BaseClass - Trying to find Element By {by.toString()})
2024-01-25 21:50:28,804 [main] INFO  base.BaseClass - Found Element By {by.toString()}
2024-01-25 21:50:29,349 [main] INFO  base.BaseClass - Trying to find Element By {by.toString()})
2024-01-25 21:50:29,370 [main] INFO  base.BaseClass - Found Element By {by.toString()}
2024-01-25 21:50:29,915 [main] INFO  base.BaseClass - Trying to find Element By {by.toString()})
2024-01-25 21:50:29,935 [main] INFO  base.BaseClass - Found Element By {by.toString()}
2024-01-25 21:50:30,483 [main] INFO  base.BaseClass - Trying to find Element By {by.toString()})
2024-01-25 21:50:30,557 [main] INFO  base.BaseClass - Found Element By {by.toString()}
2024-01-25 21:50:31,096 [main] INFO  base.BaseClass - Trying to find Element By {by.toString()})
2024-01-25 21:50:31,119 [main] INFO  base.BaseClass - Found Element By {by.toString()}
2024-01-25 21:50:31,663 [main] INFO  base.BaseClass - Trying to find Element By {by.toString()})
2024-01-25 21:50:31,686 [main] INFO  base.BaseClass - Found Element By {by.toString()}
2024-01-25 21:50:32,228 [main] INFO  base.BaseClass - Trying to find Element By {by.toString()})
2024-01-25 21:50:32,251 [main] INFO  base.BaseClass - Found Element By {by.toString()}
2024-01-25 21:50:32,794 [main] INFO  base.BaseClass - Trying to find Element By {by.toString()})
2024-01-25 21:50:32,818 [main] INFO  base.BaseClass - Found Element By {by.toString()}
2024-01-25 21:50:33,363 [main] INFO  base.BaseClass - Trying to find Element By {by.toString()})
2024-01-25 21:50:33,386 [main] INFO  base.BaseClass - Found Element By {by.toString()}
2024-01-25 21:50:33,929 [main] INFO  base.BaseClass - Trying to find Element By {by.toString()})
2024-01-25 21:50:33,949 [main] INFO  base.BaseClass - Found Element By {by.toString()}
2024-01-25 21:50:34,482 [main] INFO  base.BaseClass - Trying to find Element By {by.toString()})
2024-01-25 21:50:34,506 [main] INFO  base.BaseClass - Found Element By {by.toString()}
2024-01-25 21:50:35,049 [main] INFO  base.BaseClass - Trying to find Element By {by.toString()})
2024-01-25 21:50:35,062 [main] INFO  base.BaseClass - Found Element By {by.toString()}
2024-01-25 21:50:35,580 [main] INFO  base.BaseClass - Trying to find Element By {by.toString()})
2024-01-25 21:50:35,589 [main] INFO  base.BaseClass - Found Element By {by.toString()}
2024-01-25 21:50:36,117 [main] INFO  base.BaseClass - Trying to find Element By {by.toString()})
2024-01-25 21:50:36,134 [main] INFO  base.BaseClass - Found Element By {by.toString()}
2024-01-25 21:50:36,665 [main] INFO  base.BaseClass - Trying to find Element By {by.toString()})
2024-01-25 21:50:36,687 [main] INFO  base.BaseClass - Found Element By {by.toString()}
2024-01-25 21:50:37,229 [main] INFO  base.BaseClass - Trying to find Element By {by.toString()})
2024-01-25 21:50:37,254 [main] INFO  base.BaseClass - Found Element By {by.toString()}
2024-01-25 21:50:37,792 [main] INFO  base.BaseClass - Trying to find Element By {by.toString()})
2024-01-25 21:50:37,817 [main] INFO  base.BaseClass - Found Element By {by.toString()}
2024-01-25 21:50:38,359 [main] INFO  base.BaseClass - Trying to find Element By {by.toString()})
2024-01-25 21:50:38,372 [main] INFO  base.BaseClass - Found Element By {by.toString()}
2024-01-25 21:50:38,907 [main] INFO  base.BaseClass - Trying to find Element By {by.toString()})
2024-01-25 21:50:38,933 [main] INFO  base.BaseClass - Found Element By {by.toString()}
2024-01-25 21:50:39,472 [main] INFO  base.BaseClass - Trying to find Element By {by.toString()})
2024-01-25 21:50:39,496 [main] INFO  base.BaseClass - Found Element By {by.toString()}
2024-01-25 21:50:40,035 [main] INFO  base.BaseClass - Trying to find Element By {by.toString()})
2024-01-25 21:50:40,058 [main] INFO  base.BaseClass - Found Element By {by.toString()}
2024-01-25 21:50:40,598 [main] INFO  base.BaseClass - Trying to find Element By {by.toString()})
2024-01-25 21:50:40,622 [main] INFO  base.BaseClass - Found Element By {by.toString()}
2024-01-25 21:50:41,164 [main] INFO  base.BaseClass - Trying to find Element By {by.toString()})
2024-01-25 21:50:41,185 [main] INFO  base.BaseClass - Found Element By {by.toString()}
2024-01-25 21:50:41,730 [main] INFO  base.BaseClass - Trying to find Element By {by.toString()})
2024-01-25 21:50:41,754 [main] INFO  base.BaseClass - Found Element By {by.toString()}
2024-01-25 21:50:42,293 [main] INFO  base.BaseClass - Trying to find Element By {by.toString()})
2024-01-25 21:50:42,317 [main] INFO  base.BaseClass - Found Element By {by.toString()}
2024-01-25 21:50:42,860 [main] INFO  base.BaseClass - Trying to find Element By {by.toString()})
2024-01-25 21:50:42,884 [main] INFO  base.BaseClass - Found Element By {by.toString()}
2024-01-25 21:50:43,438 [main] INFO  base.BaseClass - Trying to find Element By {by.toString()})
2024-01-25 21:50:43,461 [main] INFO  base.BaseClass - Found Element By {by.toString()}
2024-01-25 21:50:44,003 [main] INFO  base.BaseClass - Trying to find Element By {by.toString()})
2024-01-25 21:50:44,026 [main] INFO  base.BaseClass - Found Element By {by.toString()}
2024-01-25 21:50:44,568 [main] INFO  base.BaseClass - Trying to find Element By {by.toString()})
2024-01-25 21:50:44,590 [main] INFO  base.BaseClass - Found Element By {by.toString()}
2024-01-25 21:50:45,120 [main] INFO  base.BaseClass - Trying to find Element By {by.toString()})
2024-01-25 21:50:45,142 [main] INFO  base.BaseClass - Found Element By {by.toString()}
2024-01-25 21:50:45,686 [main] INFO  base.BaseClass - Trying to find Element By {by.toString()})
2024-01-25 21:50:45,710 [main] INFO  base.BaseClass - Found Element By {by.toString()}
2024-01-25 21:50:46,234 [main] INFO  base.BaseClass - Trying to find Element By {by.toString()})
2024-01-25 21:50:46,258 [main] INFO  base.BaseClass - Found Element By {by.toString()}
2024-01-25 21:50:46,796 [main] INFO  base.BaseClass - Trying to find Element By {by.toString()})
2024-01-25 21:50:46,819 [main] INFO  base.BaseClass - Found Element By {by.toString()}
2024-01-25 21:50:47,358 [main] INFO  base.BaseClass - Trying to find Element By {by.toString()})
2024-01-25 21:50:47,381 [main] INFO  base.BaseClass - Found Element By {by.toString()}
2024-01-25 21:50:47,920 [main] INFO  base.BaseClass - Trying to find Element By {by.toString()})
2024-01-25 21:50:47,933 [main] INFO  base.BaseClass - Found Element By {by.toString()}
2024-01-25 21:50:48,457 [main] INFO  base.BaseClass - Trying to find Element By {by.toString()})
2024-01-25 21:50:48,474 [main] INFO  base.BaseClass - Found Element By {by.toString()}
2024-01-25 21:50:48,995 [main] INFO  base.BaseClass - Trying to find Element By {by.toString()})
2024-01-25 21:50:49,012 [main] INFO  base.BaseClass - Found Element By {by.toString()}
2024-01-25 21:50:49,549 [main] INFO  base.BaseClass - Trying to find Element By {by.toString()})
2024-01-25 21:50:49,565 [main] INFO  base.BaseClass - Found Element By {by.toString()}
2024-01-25 21:50:50,101 [main] INFO  base.BaseClass - Trying to find Element By {by.toString()})
2024-01-25 21:50:50,117 [main] INFO  base.BaseClass - Found Element By {by.toString()}
2024-01-25 21:50:50,653 [main] INFO  base.BaseClass - Trying to find Element By {by.toString()})
2024-01-25 21:50:50,669 [main] INFO  base.BaseClass - Found Element By {by.toString()}
2024-01-25 21:50:51,202 [main] INFO  base.BaseClass - Trying to find Element By {by.toString()})
2024-01-25 21:50:51,219 [main] INFO  base.BaseClass - Found Element By {by.toString()}
2024-01-25 21:50:51,751 [main] INFO  base.BaseClass - Trying to find Element By {by.toString()})
2024-01-25 21:50:51,767 [main] INFO  base.BaseClass - Found Element By {by.toString()}
2024-01-25 21:50:52,306 [main] INFO  base.BaseClass - Trying to find Element By {by.toString()})
2024-01-25 21:50:52,322 [main] INFO  base.BaseClass - Found Element By {by.toString()}
2024-01-25 21:50:52,843 [main] INFO  base.BaseClass - Trying to find Element By {by.toString()})
2024-01-25 21:50:52,859 [main] INFO  base.BaseClass - Found Element By {by.toString()}
2024-01-25 21:50:53,393 [main] INFO  base.BaseClass - Trying to find Element By {by.toString()})
2024-01-25 21:50:53,414 [main] INFO  base.BaseClass - Found Element By {by.toString()}
2024-01-25 21:50:53,961 [main] INFO  base.BaseClass - Trying to find Element By {by.toString()})
2024-01-25 21:50:53,983 [main] INFO  base.BaseClass - Found Element By {by.toString()}
TimeoutException occurred: Expected condition failed: waiting for helper.WaitUtility$5@6f999cf4 (tried for 30 second(s) with 500 milliseconds interval)
Build info: version: '3.141.59', revision: 'e82be7d358', time: '2018-11-14T08:17:03'
System info: host: 'DPLAP166', ip: '137.237.3.67', os.name: 'Windows 10', os.arch: 'amd64', os.version: '10.0', java.version: '19.0.1'
Driver info: org.openqa.selenium.support.events.EventFiringWebDriver
Capabilities {acceptInsecureCerts: true, browserName: chrome, browserVersion: 121.0.6167.86, chrome: {chromedriverVersion: 121.0.6167.85 (3f98d690ad7e..., userDataDir: C:\Users\dP-PL\AppData\Loca...}, fedcm:accounts: true, goog:chromeOptions: {debuggerAddress: localhost:55715}, javascriptEnabled: true, networkConnectionEnabled: false, pageLoadStrategy: normal, platform: WINDOWS, platformName: WINDOWS, proxy: Proxy(), setWindowRect: true, strictFileInteractability: false, timeouts: {implicit: 0, pageLoad: 300000, script: 30000}, unhandledPromptBehavior: dismiss and notify, webauthn:extension:credBlob: true, webauthn:extension:largeBlob: true, webauthn:extension:minPinLength: true, webauthn:extension:prf: true, webauthn:virtualAuthenticators: true}
Session ID: ae03d7e2dca5cd29d5008bd57829ed41
2024-01-25 21:50:54,014 [main] ERROR XGLT_15177_Test - Element did not become visible within the specified time: Expected condition failed: waiting for helper.WaitUtility$5@6f999cf4 (tried for 30 second(s) with 500 milliseconds interval)
Build info: version: '3.141.59', revision: 'e82be7d358', time: '2018-11-14T08:17:03'
System info: host: 'DPLAP166', ip: '137.237.3.67', os.name: 'Windows 10', os.arch: 'amd64', os.version: '10.0', java.version: '19.0.1'
Driver info: org.openqa.selenium.support.events.EventFiringWebDriver
Capabilities {acceptInsecureCerts: true, browserName: chrome, browserVersion: 121.0.6167.86, chrome: {chromedriverVersion: 121.0.6167.85 (3f98d690ad7e..., userDataDir: C:\Users\dP-PL\AppData\Loca...}, fedcm:accounts: true, goog:chromeOptions: {debuggerAddress: localhost:55715}, javascriptEnabled: true, networkConnectionEnabled: false, pageLoadStrategy: normal, platform: WINDOWS, platformName: WINDOWS, proxy: Proxy(), setWindowRect: true, strictFileInteractability: false, timeouts: {implicit: 0, pageLoad: 300000, script: 30000}, unhandledPromptBehavior: dismiss and notify, webauthn:extension:credBlob: true, webauthn:extension:largeBlob: true, webauthn:extension:minPinLength: true, webauthn:extension:prf: true, webauthn:virtualAuthenticators: true}
Session ID: ae03d7e2dca5cd29d5008bd57829ed41
2024-01-25 21:50:54,014 [main] INFO  base.BaseClass - Trying to find Element By {by.toString()})
2024-01-25 21:50:54,032 [main] INFO  base.BaseClass - Found Element By {by.toString()}
2024-01-25 21:50:54,032 [main] INFO  base.BaseClass - Trying to click on: {element.toString()}
2024-01-25 21:50:54,151 [main] INFO  base.BaseClass - Clicked on: {element.toString()}
2024-01-25 21:50:54,151 [main] INFO  base.BaseClass - Trying to find Element By {by.toString()})
2024-01-25 21:50:54,164 [main] INFO  base.BaseClass - Found Element By {by.toString()}
Network GB is created
create_Network passed!
]]></system-out>
  </testcase>
  <testcase name="CreateNewSalesPerson" classname="XGLT_6748_Test" time="266.507">
    <system-out><![CDATA[2024-01-25 21:50:54,383 [main] INFO  XGLT_15177_Test - closing up browser
2024-01-25 21:50:54,634 [main] INFO  XGLT_15177_Test - closing up browser
2024-01-25 21:50:54,636 [main] INFO  base.BaseClass - Login to XGL
2024-01-25 21:50:54,636 [main] INFO  XGLT_15177_Test - Setting up browser
2024-01-25 21:50:54,670 [main] INFO  io.github.bonigarcia.wdm.WebDriverManager - Using chromedriver 121.0.6167.85 (resolved driver for Chrome 121)
2024-01-25 21:50:54,719 [main] INFO  io.github.bonigarcia.wdm.WebDriverManager - Exporting webdriver.chrome.driver as C:\Users\dP-PL\.cache\selenium\chromedriver\win64\121.0.6167.85\chromedriver.exe
2024-01-25 21:50:56,224 [main] INFO  base.BaseClass - Before navigating to {url}
2024-01-25 21:51:08,738 [main] INFO  base.BaseClass - Navigated to {url}
2024-01-25 21:51:09,447 [main] INFO  base.BaseClass - Trying to find Element By {by.toString()})
2024-01-25 21:51:09,461 [main] INFO  base.BaseClass - Found Element By {by.toString()}
2024-01-25 21:51:09,552 [main] INFO  base.BaseClass - Trying to find Element By {by.toString()})
2024-01-25 21:51:09,569 [main] INFO  base.BaseClass - Found Element By {by.toString()}
2024-01-25 21:51:09,702 [main] INFO  base.BaseClass - Trying to find Element By {by.toString()})
2024-01-25 21:51:09,715 [main] INFO  base.BaseClass - Found Element By {by.toString()}
2024-01-25 21:51:09,715 [main] INFO  base.BaseClass - Trying to click on: {element.toString()}
2024-01-25 21:51:09,759 [main] INFO  base.BaseClass - Clicked on: {element.toString()}
2024-01-25 21:51:09,759 [main] INFO  base.BaseClass - Trying to find Element By {by.toString()})
2024-01-25 21:51:13,445 [main] INFO  base.BaseClass - Found Element By {by.toString()}
2024-01-25 21:51:13,468 [main] INFO  base.BaseClass - Trying to find Element By {by.toString()})
NoSuchElementException occurred: no such element: Unable to locate element: {"method":"xpath","selector":"//div[@class='modal-content']/div/i[contains(@class,'close')]"}
  (Session info: chrome=121.0.6167.86)
For documentation on this error, please visit: https://www.seleniumhq.org/exceptions/no_such_element.html
Build info: version: '3.141.59', revision: 'e82be7d358', time: '2018-11-14T08:17:03'
System info: host: 'DPLAP166', ip: '137.237.3.67', os.name: 'Windows 10', os.arch: 'amd64', os.version: '10.0', java.version: '19.0.1'
Driver info: org.openqa.selenium.chrome.ChromeDriver
Capabilities {acceptInsecureCerts: true, browserName: chrome, browserVersion: 121.0.6167.86, chrome: {chromedriverVersion: 121.0.6167.85 (3f98d690ad7e..., userDataDir: C:\Users\dP-PL\AppData\Loca...}, fedcm:accounts: true, goog:chromeOptions: {debuggerAddress: localhost:55748}, javascriptEnabled: true, networkConnectionEnabled: false, pageLoadStrategy: normal, platform: WINDOWS, platformName: WINDOWS, proxy: Proxy(), setWindowRect: true, strictFileInteractability: false, timeouts: {implicit: 0, pageLoad: 300000, script: 30000}, unhandledPromptBehavior: dismiss and notify, webauthn:extension:credBlob: true, webauthn:extension:largeBlob: true, webauthn:extension:minPinLength: true, webauthn:extension:prf: true, webauthn:virtualAuthenticators: true}
Session ID: 534275a55ea36884d587049a64f5a0a5
*** Element info: {Using=xpath, value=//div[@class='modal-content']/div/i[contains(@class,'close')]}
Before method Test name: Maintainance Tests
CreateNewSalesPerson started!
2024-01-25 21:52:03,502 [main] INFO  base.BaseClass - Trying to find Element By {by.toString()})
2024-01-25 21:52:03,534 [main] INFO  base.BaseClass - Found Element By {by.toString()}
2024-01-25 21:52:04,081 [main] INFO  base.BaseClass - Trying to find Element By {by.toString()})
2024-01-25 21:52:04,104 [main] INFO  base.BaseClass - Found Element By {by.toString()}
2024-01-25 21:52:04,662 [main] INFO  base.BaseClass - Trying to find Element By {by.toString()})
2024-01-25 21:52:04,683 [main] INFO  base.BaseClass - Found Element By {by.toString()}
2024-01-25 21:52:05,226 [main] INFO  base.BaseClass - Trying to find Element By {by.toString()})
2024-01-25 21:52:05,243 [main] INFO  base.BaseClass - Found Element By {by.toString()}
2024-01-25 21:52:05,776 [main] INFO  base.BaseClass - Trying to find Element By {by.toString()})
2024-01-25 21:52:05,801 [main] INFO  base.BaseClass - Found Element By {by.toString()}
2024-01-25 21:52:06,340 [main] INFO  base.BaseClass - Trying to find Element By {by.toString()})
2024-01-25 21:52:06,352 [main] INFO  base.BaseClass - Found Element By {by.toString()}
2024-01-25 21:52:06,889 [main] INFO  base.BaseClass - Trying to find Element By {by.toString()})
2024-01-25 21:52:06,913 [main] INFO  base.BaseClass - Found Element By {by.toString()}
2024-01-25 21:52:07,457 [main] INFO  base.BaseClass - Trying to find Element By {by.toString()})
2024-01-25 21:52:07,481 [main] INFO  base.BaseClass - Found Element By {by.toString()}
2024-01-25 21:52:08,026 [main] INFO  base.BaseClass - Trying to find Element By {by.toString()})
2024-01-25 21:52:08,042 [main] INFO  base.BaseClass - Found Element By {by.toString()}
2024-01-25 21:52:08,579 [main] INFO  base.BaseClass - Trying to find Element By {by.toString()})
2024-01-25 21:52:08,594 [main] INFO  base.BaseClass - Found Element By {by.toString()}
2024-01-25 21:52:09,129 [main] INFO  base.BaseClass - Trying to find Element By {by.toString()})
2024-01-25 21:52:09,154 [main] INFO  base.BaseClass - Found Element By {by.toString()}
2024-01-25 21:52:09,695 [main] INFO  base.BaseClass - Trying to find Element By {by.toString()})
2024-01-25 21:52:09,717 [main] INFO  base.BaseClass - Found Element By {by.toString()}
2024-01-25 21:52:10,261 [main] INFO  base.BaseClass - Trying to find Element By {by.toString()})
2024-01-25 21:52:10,284 [main] INFO  base.BaseClass - Found Element By {by.toString()}
2024-01-25 21:52:10,813 [main] INFO  base.BaseClass - Trying to find Element By {by.toString()})
2024-01-25 21:52:10,836 [main] INFO  base.BaseClass - Found Element By {by.toString()}
2024-01-25 21:52:11,364 [main] INFO  base.BaseClass - Trying to find Element By {by.toString()})
2024-01-25 21:52:11,388 [main] INFO  base.BaseClass - Found Element By {by.toString()}
2024-01-25 21:52:11,930 [main] INFO  base.BaseClass - Trying to find Element By {by.toString()})
2024-01-25 21:52:11,955 [main] INFO  base.BaseClass - Found Element By {by.toString()}
2024-01-25 21:52:12,492 [main] INFO  base.BaseClass - Trying to find Element By {by.toString()})
2024-01-25 21:52:12,514 [main] INFO  base.BaseClass - Found Element By {by.toString()}
2024-01-25 21:52:13,042 [main] INFO  base.BaseClass - Trying to find Element By {by.toString()})
2024-01-25 21:52:13,079 [main] INFO  base.BaseClass - Found Element By {by.toString()}
2024-01-25 21:52:13,607 [main] INFO  base.BaseClass - Trying to find Element By {by.toString()})
2024-01-25 21:52:13,631 [main] INFO  base.BaseClass - Found Element By {by.toString()}
2024-01-25 21:52:14,172 [main] INFO  base.BaseClass - Trying to find Element By {by.toString()})
2024-01-25 21:52:14,196 [main] INFO  base.BaseClass - Found Element By {by.toString()}
2024-01-25 21:52:14,737 [main] INFO  base.BaseClass - Trying to find Element By {by.toString()})
2024-01-25 21:52:14,760 [main] INFO  base.BaseClass - Found Element By {by.toString()}
2024-01-25 21:52:15,301 [main] INFO  base.BaseClass - Trying to find Element By {by.toString()})
2024-01-25 21:52:15,324 [main] INFO  base.BaseClass - Found Element By {by.toString()}
2024-01-25 21:52:15,866 [main] INFO  base.BaseClass - Trying to find Element By {by.toString()})
2024-01-25 21:52:15,888 [main] INFO  base.BaseClass - Found Element By {by.toString()}
2024-01-25 21:52:16,430 [main] INFO  base.BaseClass - Trying to find Element By {by.toString()})
2024-01-25 21:52:16,447 [main] INFO  base.BaseClass - Found Element By {by.toString()}
2024-01-25 21:52:16,981 [main] INFO  base.BaseClass - Trying to find Element By {by.toString()})
2024-01-25 21:52:17,004 [main] INFO  base.BaseClass - Found Element By {by.toString()}
2024-01-25 21:52:17,546 [main] INFO  base.BaseClass - Trying to find Element By {by.toString()})
2024-01-25 21:52:17,563 [main] INFO  base.BaseClass - Found Element By {by.toString()}
2024-01-25 21:52:18,097 [main] INFO  base.BaseClass - Trying to find Element By {by.toString()})
2024-01-25 21:52:18,120 [main] INFO  base.BaseClass - Found Element By {by.toString()}
2024-01-25 21:52:18,662 [main] INFO  base.BaseClass - Trying to find Element By {by.toString()})
2024-01-25 21:52:18,683 [main] INFO  base.BaseClass - Found Element By {by.toString()}
2024-01-25 21:52:19,226 [main] INFO  base.BaseClass - Trying to find Element By {by.toString()})
2024-01-25 21:52:19,249 [main] INFO  base.BaseClass - Found Element By {by.toString()}
2024-01-25 21:52:19,788 [main] INFO  base.BaseClass - Trying to find Element By {by.toString()})
2024-01-25 21:52:19,809 [main] INFO  base.BaseClass - Found Element By {by.toString()}
2024-01-25 21:52:20,353 [main] INFO  base.BaseClass - Trying to find Element By {by.toString()})
2024-01-25 21:52:20,376 [main] INFO  base.BaseClass - Found Element By {by.toString()}
2024-01-25 21:52:20,904 [main] INFO  base.BaseClass - Trying to find Element By {by.toString()})
2024-01-25 21:52:20,926 [main] INFO  base.BaseClass - Found Element By {by.toString()}
2024-01-25 21:52:21,470 [main] INFO  base.BaseClass - Trying to find Element By {by.toString()})
2024-01-25 21:52:21,493 [main] INFO  base.BaseClass - Found Element By {by.toString()}
2024-01-25 21:52:22,033 [main] INFO  base.BaseClass - Trying to find Element By {by.toString()})
2024-01-25 21:52:22,055 [main] INFO  base.BaseClass - Found Element By {by.toString()}
2024-01-25 21:52:22,597 [main] INFO  base.BaseClass - Trying to find Element By {by.toString()})
2024-01-25 21:52:22,617 [main] INFO  base.BaseClass - Found Element By {by.toString()}
2024-01-25 21:52:23,158 [main] INFO  base.BaseClass - Trying to find Element By {by.toString()})
2024-01-25 21:52:23,180 [main] INFO  base.BaseClass - Found Element By {by.toString()}
2024-01-25 21:52:23,711 [main] INFO  base.BaseClass - Trying to find Element By {by.toString()})
2024-01-25 21:52:23,733 [main] INFO  base.BaseClass - Found Element By {by.toString()}
2024-01-25 21:52:24,274 [main] INFO  base.BaseClass - Trying to find Element By {by.toString()})
2024-01-25 21:52:24,297 [main] INFO  base.BaseClass - Found Element By {by.toString()}
2024-01-25 21:52:24,841 [main] INFO  base.BaseClass - Trying to find Element By {by.toString()})
2024-01-25 21:52:24,865 [main] INFO  base.BaseClass - Found Element By {by.toString()}
2024-01-25 21:52:25,409 [main] INFO  base.BaseClass - Trying to find Element By {by.toString()})
2024-01-25 21:52:25,431 [main] INFO  base.BaseClass - Found Element By {by.toString()}
2024-01-25 21:52:25,975 [main] INFO  base.BaseClass - Trying to find Element By {by.toString()})
2024-01-25 21:52:25,998 [main] INFO  base.BaseClass - Found Element By {by.toString()}
2024-01-25 21:52:26,542 [main] INFO  base.BaseClass - Trying to find Element By {by.toString()})
2024-01-25 21:52:26,564 [main] INFO  base.BaseClass - Found Element By {by.toString()}
2024-01-25 21:52:27,093 [main] INFO  base.BaseClass - Trying to find Element By {by.toString()})
2024-01-25 21:52:27,115 [main] INFO  base.BaseClass - Found Element By {by.toString()}
2024-01-25 21:52:27,659 [main] INFO  base.BaseClass - Trying to find Element By {by.toString()})
2024-01-25 21:52:27,680 [main] INFO  base.BaseClass - Found Element By {by.toString()}
2024-01-25 21:52:28,208 [main] INFO  base.BaseClass - Trying to find Element By {by.toString()})
2024-01-25 21:52:28,230 [main] INFO  base.BaseClass - Found Element By {by.toString()}
2024-01-25 21:52:28,762 [main] INFO  base.BaseClass - Trying to find Element By {by.toString()})
2024-01-25 21:52:28,783 [main] INFO  base.BaseClass - Found Element By {by.toString()}
2024-01-25 21:52:29,313 [main] INFO  base.BaseClass - Trying to find Element By {by.toString()})
2024-01-25 21:52:29,335 [main] INFO  base.BaseClass - Found Element By {by.toString()}
2024-01-25 21:52:29,880 [main] INFO  base.BaseClass - Trying to find Element By {by.toString()})
2024-01-25 21:52:29,903 [main] INFO  base.BaseClass - Found Element By {by.toString()}
2024-01-25 21:52:30,445 [main] INFO  base.BaseClass - Trying to find Element By {by.toString()})
2024-01-25 21:52:30,465 [main] INFO  base.BaseClass - Found Element By {by.toString()}
2024-01-25 21:52:30,999 [main] INFO  base.BaseClass - Trying to find Element By {by.toString()})
2024-01-25 21:52:31,020 [main] INFO  base.BaseClass - Found Element By {by.toString()}
2024-01-25 21:52:31,563 [main] INFO  base.BaseClass - Trying to find Element By {by.toString()})
2024-01-25 21:52:31,586 [main] INFO  base.BaseClass - Found Element By {by.toString()}
2024-01-25 21:52:32,127 [main] INFO  base.BaseClass - Trying to find Element By {by.toString()})
2024-01-25 21:52:32,149 [main] INFO  base.BaseClass - Found Element By {by.toString()}
2024-01-25 21:52:32,693 [main] INFO  base.BaseClass - Trying to find Element By {by.toString()})
2024-01-25 21:52:32,714 [main] INFO  base.BaseClass - Found Element By {by.toString()}
2024-01-25 21:52:33,258 [main] INFO  base.BaseClass - Trying to find Element By {by.toString()})
2024-01-25 21:52:33,279 [main] INFO  base.BaseClass - Found Element By {by.toString()}
2024-01-25 21:52:33,823 [main] INFO  base.BaseClass - Trying to find Element By {by.toString()})
2024-01-25 21:52:33,846 [main] INFO  base.BaseClass - Found Element By {by.toString()}
TimeoutException occurred: Expected condition failed: waiting for helper.WaitUtility$5@6272936b (tried for 30 second(s) with 500 milliseconds interval)
Build info: version: '3.141.59', revision: 'e82be7d358', time: '2018-11-14T08:17:03'
System info: host: 'DPLAP166', ip: '137.237.3.67', os.name: 'Windows 10', os.arch: 'amd64', os.version: '10.0', java.version: '19.0.1'
Driver info: org.openqa.selenium.support.events.EventFiringWebDriver
Capabilities {acceptInsecureCerts: true, browserName: chrome, browserVersion: 121.0.6167.86, chrome: {chromedriverVersion: 121.0.6167.85 (3f98d690ad7e..., userDataDir: C:\Users\dP-PL\AppData\Loca...}, fedcm:accounts: true, goog:chromeOptions: {debuggerAddress: localhost:55748}, javascriptEnabled: true, networkConnectionEnabled: false, pageLoadStrategy: normal, platform: WINDOWS, platformName: WINDOWS, proxy: Proxy(), setWindowRect: true, strictFileInteractability: false, timeouts: {implicit: 0, pageLoad: 300000, script: 30000}, unhandledPromptBehavior: dismiss and notify, webauthn:extension:credBlob: true, webauthn:extension:largeBlob: true, webauthn:extension:minPinLength: true, webauthn:extension:prf: true, webauthn:virtualAuthenticators: true}
Session ID: 534275a55ea36884d587049a64f5a0a5
2024-01-25 21:52:33,877 [main] ERROR XGLT_15177_Test - Element did not become visible within the specified time: Expected condition failed: waiting for helper.WaitUtility$5@6272936b (tried for 30 second(s) with 500 milliseconds interval)
Build info: version: '3.141.59', revision: 'e82be7d358', time: '2018-11-14T08:17:03'
System info: host: 'DPLAP166', ip: '137.237.3.67', os.name: 'Windows 10', os.arch: 'amd64', os.version: '10.0', java.version: '19.0.1'
Driver info: org.openqa.selenium.support.events.EventFiringWebDriver
Capabilities {acceptInsecureCerts: true, browserName: chrome, browserVersion: 121.0.6167.86, chrome: {chromedriverVersion: 121.0.6167.85 (3f98d690ad7e..., userDataDir: C:\Users\dP-PL\AppData\Loca...}, fedcm:accounts: true, goog:chromeOptions: {debuggerAddress: localhost:55748}, javascriptEnabled: true, networkConnectionEnabled: false, pageLoadStrategy: normal, platform: WINDOWS, platformName: WINDOWS, proxy: Proxy(), setWindowRect: true, strictFileInteractability: false, timeouts: {implicit: 0, pageLoad: 300000, script: 30000}, unhandledPromptBehavior: dismiss and notify, webauthn:extension:credBlob: true, webauthn:extension:largeBlob: true, webauthn:extension:minPinLength: true, webauthn:extension:prf: true, webauthn:virtualAuthenticators: true}
Session ID: 534275a55ea36884d587049a64f5a0a5
2024-01-25 21:52:33,877 [main] INFO  base.BaseClass - Trying to find Element By {by.toString()})
2024-01-25 21:52:33,897 [main] INFO  base.BaseClass - Found Element By {by.toString()}
2024-01-25 21:52:33,897 [main] INFO  base.BaseClass - Trying to click on: {element.toString()}
2024-01-25 21:52:34,034 [main] INFO  base.BaseClass - Clicked on: {element.toString()}
2024-01-25 21:52:34,034 [main] INFO  base.BaseClass - Trying to find Element By {by.toString()})
2024-01-25 21:52:34,047 [main] INFO  base.BaseClass - Found Element By {by.toString()}
2024-01-25 21:52:34,560 [main] INFO  base.BaseClass - Trying to find Element By {by.toString()})
2024-01-25 21:52:34,584 [main] INFO  base.BaseClass - Found Element By {by.toString()}
2024-01-25 21:52:35,127 [main] INFO  base.BaseClass - Trying to find Element By {by.toString()})
2024-01-25 21:52:35,150 [main] INFO  base.BaseClass - Found Element By {by.toString()}
2024-01-25 21:52:35,689 [main] INFO  base.BaseClass - Trying to find Element By {by.toString()})
2024-01-25 21:52:35,712 [main] INFO  base.BaseClass - Found Element By {by.toString()}
2024-01-25 21:52:36,251 [main] INFO  base.BaseClass - Trying to find Element By {by.toString()})
2024-01-25 21:52:36,274 [main] INFO  base.BaseClass - Found Element By {by.toString()}
2024-01-25 21:52:36,820 [main] INFO  base.BaseClass - Trying to find Element By {by.toString()})
2024-01-25 21:52:36,840 [main] INFO  base.BaseClass - Found Element By {by.toString()}
2024-01-25 21:52:37,371 [main] INFO  base.BaseClass - Trying to find Element By {by.toString()})
2024-01-25 21:52:37,394 [main] INFO  base.BaseClass - Found Element By {by.toString()}
2024-01-25 21:52:37,936 [main] INFO  base.BaseClass - Trying to find Element By {by.toString()})
2024-01-25 21:52:37,951 [main] INFO  base.BaseClass - Found Element By {by.toString()}
2024-01-25 21:52:38,488 [main] INFO  base.BaseClass - Trying to find Element By {by.toString()})
2024-01-25 21:52:38,512 [main] INFO  base.BaseClass - Found Element By {by.toString()}
2024-01-25 21:52:39,053 [main] INFO  base.BaseClass - Trying to find Element By {by.toString()})
2024-01-25 21:52:39,076 [main] INFO  base.BaseClass - Found Element By {by.toString()}
2024-01-25 21:52:39,618 [main] INFO  base.BaseClass - Trying to find Element By {by.toString()})
2024-01-25 21:52:39,640 [main] INFO  base.BaseClass - Found Element By {by.toString()}
2024-01-25 21:52:40,181 [main] INFO  base.BaseClass - Trying to find Element By {by.toString()})
2024-01-25 21:52:40,202 [main] INFO  base.BaseClass - Found Element By {by.toString()}
2024-01-25 21:52:40,728 [main] INFO  base.BaseClass - Trying to find Element By {by.toString()})
2024-01-25 21:52:40,750 [main] INFO  base.BaseClass - Found Element By {by.toString()}
2024-01-25 21:52:41,289 [main] INFO  base.BaseClass - Trying to find Element By {by.toString()})
2024-01-25 21:52:41,309 [main] INFO  base.BaseClass - Found Element By {by.toString()}
2024-01-25 21:52:41,838 [main] INFO  base.BaseClass - Trying to find Element By {by.toString()})
2024-01-25 21:52:41,862 [main] INFO  base.BaseClass - Found Element By {by.toString()}
2024-01-25 21:52:42,402 [main] INFO  base.BaseClass - Trying to find Element By {by.toString()})
2024-01-25 21:52:42,424 [main] INFO  base.BaseClass - Found Element By {by.toString()}
2024-01-25 21:52:42,954 [main] INFO  base.BaseClass - Trying to find Element By {by.toString()})
2024-01-25 21:52:42,976 [main] INFO  base.BaseClass - Found Element By {by.toString()}
2024-01-25 21:52:43,516 [main] INFO  base.BaseClass - Trying to find Element By {by.toString()})
2024-01-25 21:52:43,539 [main] INFO  base.BaseClass - Found Element By {by.toString()}
2024-01-25 21:52:44,080 [main] INFO  base.BaseClass - Trying to find Element By {by.toString()})
2024-01-25 21:52:44,102 [main] INFO  base.BaseClass - Found Element By {by.toString()}
2024-01-25 21:52:44,642 [main] INFO  base.BaseClass - Trying to find Element By {by.toString()})
2024-01-25 21:52:44,664 [main] INFO  base.BaseClass - Found Element By {by.toString()}
2024-01-25 21:52:45,203 [main] INFO  base.BaseClass - Trying to find Element By {by.toString()})
2024-01-25 21:52:45,227 [main] INFO  base.BaseClass - Found Element By {by.toString()}
2024-01-25 21:52:45,778 [main] INFO  base.BaseClass - Trying to find Element By {by.toString()})
2024-01-25 21:52:45,801 [main] INFO  base.BaseClass - Found Element By {by.toString()}
2024-01-25 21:52:46,352 [main] INFO  base.BaseClass - Trying to find Element By {by.toString()})
2024-01-25 21:52:46,376 [main] INFO  base.BaseClass - Found Element By {by.toString()}
2024-01-25 21:52:46,927 [main] INFO  base.BaseClass - Trying to find Element By {by.toString()})
2024-01-25 21:52:46,940 [main] INFO  base.BaseClass - Found Element By {by.toString()}
2024-01-25 21:52:47,468 [main] INFO  base.BaseClass - Trying to find Element By {by.toString()})
2024-01-25 21:52:47,494 [main] INFO  base.BaseClass - Found Element By {by.toString()}
2024-01-25 21:52:48,029 [main] INFO  base.BaseClass - Trying to find Element By {by.toString()})
2024-01-25 21:52:48,045 [main] INFO  base.BaseClass - Found Element By {by.toString()}
2024-01-25 21:52:48,576 [main] INFO  base.BaseClass - Trying to find Element By {by.toString()})
2024-01-25 21:52:48,590 [main] INFO  base.BaseClass - Found Element By {by.toString()}
2024-01-25 21:52:49,116 [main] INFO  base.BaseClass - Trying to find Element By {by.toString()})
2024-01-25 21:52:49,130 [main] INFO  base.BaseClass - Found Element By {by.toString()}
2024-01-25 21:52:49,661 [main] INFO  base.BaseClass - Trying to find Element By {by.toString()})
2024-01-25 21:52:49,675 [main] INFO  base.BaseClass - Found Element By {by.toString()}
2024-01-25 21:52:50,203 [main] INFO  base.BaseClass - Trying to find Element By {by.toString()})
2024-01-25 21:52:50,221 [main] INFO  base.BaseClass - Found Element By {by.toString()}
2024-01-25 21:52:50,744 [main] INFO  base.BaseClass - Trying to find Element By {by.toString()})
2024-01-25 21:52:50,758 [main] INFO  base.BaseClass - Found Element By {by.toString()}
2024-01-25 21:52:51,285 [main] INFO  base.BaseClass - Trying to find Element By {by.toString()})
2024-01-25 21:52:51,307 [main] INFO  base.BaseClass - Found Element By {by.toString()}
2024-01-25 21:52:51,849 [main] INFO  base.BaseClass - Trying to find Element By {by.toString()})
2024-01-25 21:52:51,871 [main] INFO  base.BaseClass - Found Element By {by.toString()}
2024-01-25 21:52:52,403 [main] INFO  base.BaseClass - Trying to find Element By {by.toString()})
2024-01-25 21:52:52,419 [main] INFO  base.BaseClass - Found Element By {by.toString()}
2024-01-25 21:52:52,946 [main] INFO  base.BaseClass - Trying to find Element By {by.toString()})
2024-01-25 21:52:52,962 [main] INFO  base.BaseClass - Found Element By {by.toString()}
2024-01-25 21:52:53,502 [main] INFO  base.BaseClass - Trying to find Element By {by.toString()})
2024-01-25 21:52:53,525 [main] INFO  base.BaseClass - Found Element By {by.toString()}
2024-01-25 21:52:54,060 [main] INFO  base.BaseClass - Trying to find Element By {by.toString()})
2024-01-25 21:52:54,076 [main] INFO  base.BaseClass - Found Element By {by.toString()}
2024-01-25 21:52:54,604 [main] INFO  base.BaseClass - Trying to find Element By {by.toString()})
2024-01-25 21:52:54,629 [main] INFO  base.BaseClass - Found Element By {by.toString()}
2024-01-25 21:52:55,162 [main] INFO  base.BaseClass - Trying to find Element By {by.toString()})
2024-01-25 21:52:55,186 [main] INFO  base.BaseClass - Found Element By {by.toString()}
2024-01-25 21:52:55,720 [main] INFO  base.BaseClass - Trying to find Element By {by.toString()})
2024-01-25 21:52:55,730 [main] INFO  base.BaseClass - Found Element By {by.toString()}
2024-01-25 21:52:56,257 [main] INFO  base.BaseClass - Trying to find Element By {by.toString()})
2024-01-25 21:52:56,284 [main] INFO  base.BaseClass - Found Element By {by.toString()}
2024-01-25 21:52:56,833 [main] INFO  base.BaseClass - Trying to find Element By {by.toString()})
2024-01-25 21:52:56,856 [main] INFO  base.BaseClass - Found Element By {by.toString()}
2024-01-25 21:52:57,389 [main] INFO  base.BaseClass - Trying to find Element By {by.toString()})
2024-01-25 21:52:57,415 [main] INFO  base.BaseClass - Found Element By {by.toString()}
2024-01-25 21:52:57,953 [main] INFO  base.BaseClass - Trying to find Element By {by.toString()})
2024-01-25 21:52:57,968 [main] INFO  base.BaseClass - Found Element By {by.toString()}
2024-01-25 21:52:58,489 [main] INFO  base.BaseClass - Trying to find Element By {by.toString()})
2024-01-25 21:52:58,498 [main] INFO  base.BaseClass - Found Element By {by.toString()}
2024-01-25 21:52:59,023 [main] INFO  base.BaseClass - Trying to find Element By {by.toString()})
2024-01-25 21:52:59,032 [main] INFO  base.BaseClass - Found Element By {by.toString()}
2024-01-25 21:52:59,548 [main] INFO  base.BaseClass - Trying to find Element By {by.toString()})
2024-01-25 21:52:59,557 [main] INFO  base.BaseClass - Found Element By {by.toString()}
2024-01-25 21:53:00,081 [main] INFO  base.BaseClass - Trying to find Element By {by.toString()})
2024-01-25 21:53:00,106 [main] INFO  base.BaseClass - Found Element By {by.toString()}
2024-01-25 21:53:00,649 [main] INFO  base.BaseClass - Trying to find Element By {by.toString()})
2024-01-25 21:53:00,674 [main] INFO  base.BaseClass - Found Element By {by.toString()}
2024-01-25 21:53:01,214 [main] INFO  base.BaseClass - Trying to find Element By {by.toString()})
2024-01-25 21:53:01,238 [main] INFO  base.BaseClass - Found Element By {by.toString()}
2024-01-25 21:53:01,777 [main] INFO  base.BaseClass - Trying to find Element By {by.toString()})
2024-01-25 21:53:01,799 [main] INFO  base.BaseClass - Found Element By {by.toString()}
2024-01-25 21:53:02,327 [main] INFO  base.BaseClass - Trying to find Element By {by.toString()})
2024-01-25 21:53:02,348 [main] INFO  base.BaseClass - Found Element By {by.toString()}
2024-01-25 21:53:02,876 [main] INFO  base.BaseClass - Trying to find Element By {by.toString()})
2024-01-25 21:53:02,899 [main] INFO  base.BaseClass - Found Element By {by.toString()}
2024-01-25 21:53:03,443 [main] INFO  base.BaseClass - Trying to find Element By {by.toString()})
2024-01-25 21:53:03,467 [main] INFO  base.BaseClass - Found Element By {by.toString()}
2024-01-25 21:53:04,008 [main] INFO  base.BaseClass - Trying to find Element By {by.toString()})
2024-01-25 21:53:04,031 [main] INFO  base.BaseClass - Found Element By {by.toString()}
TimeoutException occurred: Expected condition failed: waiting for helper.WaitUtility$5@67599bae (tried for 30 second(s) with 500 milliseconds interval)
Build info: version: '3.141.59', revision: 'e82be7d358', time: '2018-11-14T08:17:03'
System info: host: 'DPLAP166', ip: '137.237.3.67', os.name: 'Windows 10', os.arch: 'amd64', os.version: '10.0', java.version: '19.0.1'
Driver info: org.openqa.selenium.support.events.EventFiringWebDriver
Capabilities {acceptInsecureCerts: true, browserName: chrome, browserVersion: 121.0.6167.86, chrome: {chromedriverVersion: 121.0.6167.85 (3f98d690ad7e..., userDataDir: C:\Users\dP-PL\AppData\Loca...}, fedcm:accounts: true, goog:chromeOptions: {debuggerAddress: localhost:55748}, javascriptEnabled: true, networkConnectionEnabled: false, pageLoadStrategy: normal, platform: WINDOWS, platformName: WINDOWS, proxy: Proxy(), setWindowRect: true, strictFileInteractability: false, timeouts: {implicit: 0, pageLoad: 300000, script: 30000}, unhandledPromptBehavior: dismiss and notify, webauthn:extension:credBlob: true, webauthn:extension:largeBlob: true, webauthn:extension:minPinLength: true, webauthn:extension:prf: true, webauthn:virtualAuthenticators: true}
Session ID: 534275a55ea36884d587049a64f5a0a5
2024-01-25 21:53:04,058 [main] ERROR XGLT_15177_Test - Element did not become visible within the specified time: Expected condition failed: waiting for helper.WaitUtility$5@67599bae (tried for 30 second(s) with 500 milliseconds interval)
Build info: version: '3.141.59', revision: 'e82be7d358', time: '2018-11-14T08:17:03'
System info: host: 'DPLAP166', ip: '137.237.3.67', os.name: 'Windows 10', os.arch: 'amd64', os.version: '10.0', java.version: '19.0.1'
Driver info: org.openqa.selenium.support.events.EventFiringWebDriver
Capabilities {acceptInsecureCerts: true, browserName: chrome, browserVersion: 121.0.6167.86, chrome: {chromedriverVersion: 121.0.6167.85 (3f98d690ad7e..., userDataDir: C:\Users\dP-PL\AppData\Loca...}, fedcm:accounts: true, goog:chromeOptions: {debuggerAddress: localhost:55748}, javascriptEnabled: true, networkConnectionEnabled: false, pageLoadStrategy: normal, platform: WINDOWS, platformName: WINDOWS, proxy: Proxy(), setWindowRect: true, strictFileInteractability: false, timeouts: {implicit: 0, pageLoad: 300000, script: 30000}, unhandledPromptBehavior: dismiss and notify, webauthn:extension:credBlob: true, webauthn:extension:largeBlob: true, webauthn:extension:minPinLength: true, webauthn:extension:prf: true, webauthn:virtualAuthenticators: true}
Session ID: 534275a55ea36884d587049a64f5a0a5
2024-01-25 21:53:04,058 [main] INFO  base.BaseClass - Trying to find Element By {by.toString()})
2024-01-25 21:53:04,080 [main] INFO  base.BaseClass - Found Element By {by.toString()}
2024-01-25 21:53:04,080 [main] INFO  base.BaseClass - Trying to click on: {element.toString()}
2024-01-25 21:53:04,324 [main] INFO  base.BaseClass - Clicked on: {element.toString()}
2024-01-25 21:53:04,326 [main] INFO  base.BaseClass - Trying to find Element By {by.toString()})
2024-01-25 21:53:04,349 [main] INFO  base.BaseClass - Found Element By {by.toString()}
2024-01-25 21:53:04,366 [main] INFO  base.BaseClass - Trying to find Element By {by.toString()})
2024-01-25 21:53:04,379 [main] INFO  base.BaseClass - Found Element By {by.toString()}
2024-01-25 21:53:04,900 [main] INFO  base.BaseClass - Trying to find Element By {by.toString()})
2024-01-25 21:53:04,939 [main] INFO  base.BaseClass - Found Element By {by.toString()}
2024-01-25 21:53:05,463 [main] INFO  base.BaseClass - Trying to find Element By {by.toString()})
2024-01-25 21:53:05,490 [main] INFO  base.BaseClass - Found Element By {by.toString()}
2024-01-25 21:53:06,029 [main] INFO  base.BaseClass - Trying to find Element By {by.toString()})
2024-01-25 21:53:06,055 [main] INFO  base.BaseClass - Found Element By {by.toString()}
2024-01-25 21:53:06,594 [main] INFO  base.BaseClass - Trying to find Element By {by.toString()})
2024-01-25 21:53:06,618 [main] INFO  base.BaseClass - Found Element By {by.toString()}
2024-01-25 21:53:07,158 [main] INFO  base.BaseClass - Trying to find Element By {by.toString()})
2024-01-25 21:53:07,183 [main] INFO  base.BaseClass - Found Element By {by.toString()}
2024-01-25 21:53:07,726 [main] INFO  base.BaseClass - Trying to find Element By {by.toString()})
2024-01-25 21:53:07,745 [main] INFO  base.BaseClass - Found Element By {by.toString()}
2024-01-25 21:53:08,275 [main] INFO  base.BaseClass - Trying to find Element By {by.toString()})
2024-01-25 21:53:08,299 [main] INFO  base.BaseClass - Found Element By {by.toString()}
2024-01-25 21:53:08,842 [main] INFO  base.BaseClass - Trying to find Element By {by.toString()})
2024-01-25 21:53:08,867 [main] INFO  base.BaseClass - Found Element By {by.toString()}
2024-01-25 21:53:09,404 [main] INFO  base.BaseClass - Trying to find Element By {by.toString()})
2024-01-25 21:53:09,427 [main] INFO  base.BaseClass - Found Element By {by.toString()}
2024-01-25 21:53:09,973 [main] INFO  base.BaseClass - Trying to find Element By {by.toString()})
2024-01-25 21:53:09,997 [main] INFO  base.BaseClass - Found Element By {by.toString()}
2024-01-25 21:53:10,540 [main] INFO  base.BaseClass - Trying to find Element By {by.toString()})
2024-01-25 21:53:10,564 [main] INFO  base.BaseClass - Found Element By {by.toString()}
2024-01-25 21:53:11,103 [main] INFO  base.BaseClass - Trying to find Element By {by.toString()})
2024-01-25 21:53:11,127 [main] INFO  base.BaseClass - Found Element By {by.toString()}
2024-01-25 21:53:11,668 [main] INFO  base.BaseClass - Trying to find Element By {by.toString()})
2024-01-25 21:53:11,692 [main] INFO  base.BaseClass - Found Element By {by.toString()}
2024-01-25 21:53:12,234 [main] INFO  base.BaseClass - Trying to find Element By {by.toString()})
2024-01-25 21:53:12,251 [main] INFO  base.BaseClass - Found Element By {by.toString()}
2024-01-25 21:53:12,782 [main] INFO  base.BaseClass - Trying to find Element By {by.toString()})
2024-01-25 21:53:12,802 [main] INFO  base.BaseClass - Found Element By {by.toString()}
2024-01-25 21:53:13,331 [main] INFO  base.BaseClass - Trying to find Element By {by.toString()})
2024-01-25 21:53:13,354 [main] INFO  base.BaseClass - Found Element By {by.toString()}
2024-01-25 21:53:13,896 [main] INFO  base.BaseClass - Trying to find Element By {by.toString()})
2024-01-25 21:53:13,919 [main] INFO  base.BaseClass - Found Element By {by.toString()}
2024-01-25 21:53:14,445 [main] INFO  base.BaseClass - Trying to find Element By {by.toString()})
2024-01-25 21:53:14,468 [main] INFO  base.BaseClass - Found Element By {by.toString()}
2024-01-25 21:53:15,011 [main] INFO  base.BaseClass - Trying to find Element By {by.toString()})
2024-01-25 21:53:15,035 [main] INFO  base.BaseClass - Found Element By {by.toString()}
2024-01-25 21:53:15,567 [main] INFO  base.BaseClass - Trying to find Element By {by.toString()})
2024-01-25 21:53:15,591 [main] INFO  base.BaseClass - Found Element By {by.toString()}
2024-01-25 21:53:16,134 [main] INFO  base.BaseClass - Trying to find Element By {by.toString()})
2024-01-25 21:53:16,151 [main] INFO  base.BaseClass - Found Element By {by.toString()}
2024-01-25 21:53:16,681 [main] INFO  base.BaseClass - Trying to find Element By {by.toString()})
2024-01-25 21:53:16,703 [main] INFO  base.BaseClass - Found Element By {by.toString()}
2024-01-25 21:53:17,247 [main] INFO  base.BaseClass - Trying to find Element By {by.toString()})
2024-01-25 21:53:17,271 [main] INFO  base.BaseClass - Found Element By {by.toString()}
2024-01-25 21:53:17,815 [main] INFO  base.BaseClass - Trying to find Element By {by.toString()})
2024-01-25 21:53:17,842 [main] INFO  base.BaseClass - Found Element By {by.toString()}
2024-01-25 21:53:18,377 [main] INFO  base.BaseClass - Trying to find Element By {by.toString()})
2024-01-25 21:53:18,401 [main] INFO  base.BaseClass - Found Element By {by.toString()}
2024-01-25 21:53:18,943 [main] INFO  base.BaseClass - Trying to find Element By {by.toString()})
2024-01-25 21:53:18,964 [main] INFO  base.BaseClass - Found Element By {by.toString()}
2024-01-25 21:53:19,508 [main] INFO  base.BaseClass - Trying to find Element By {by.toString()})
2024-01-25 21:53:19,532 [main] INFO  base.BaseClass - Found Element By {by.toString()}
2024-01-25 21:53:20,072 [main] INFO  base.BaseClass - Trying to find Element By {by.toString()})
2024-01-25 21:53:20,094 [main] INFO  base.BaseClass - Found Element By {by.toString()}
2024-01-25 21:53:20,623 [main] INFO  base.BaseClass - Trying to find Element By {by.toString()})
2024-01-25 21:53:20,645 [main] INFO  base.BaseClass - Found Element By {by.toString()}
2024-01-25 21:53:21,173 [main] INFO  base.BaseClass - Trying to find Element By {by.toString()})
2024-01-25 21:53:21,198 [main] INFO  base.BaseClass - Found Element By {by.toString()}
2024-01-25 21:53:21,739 [main] INFO  base.BaseClass - Trying to find Element By {by.toString()})
2024-01-25 21:53:21,762 [main] INFO  base.BaseClass - Found Element By {by.toString()}
2024-01-25 21:53:22,303 [main] INFO  base.BaseClass - Trying to find Element By {by.toString()})
2024-01-25 21:53:22,327 [main] INFO  base.BaseClass - Found Element By {by.toString()}
2024-01-25 21:53:22,866 [main] INFO  base.BaseClass - Trying to find Element By {by.toString()})
2024-01-25 21:53:22,882 [main] INFO  base.BaseClass - Found Element By {by.toString()}
2024-01-25 21:53:23,414 [main] INFO  base.BaseClass - Trying to find Element By {by.toString()})
2024-01-25 21:53:23,439 [main] INFO  base.BaseClass - Found Element By {by.toString()}
2024-01-25 21:53:23,978 [main] INFO  base.BaseClass - Trying to find Element By {by.toString()})
2024-01-25 21:53:24,002 [main] INFO  base.BaseClass - Found Element By {by.toString()}
2024-01-25 21:53:24,545 [main] INFO  base.BaseClass - Trying to find Element By {by.toString()})
2024-01-25 21:53:24,569 [main] INFO  base.BaseClass - Found Element By {by.toString()}
2024-01-25 21:53:25,113 [main] INFO  base.BaseClass - Trying to find Element By {by.toString()})
2024-01-25 21:53:25,136 [main] INFO  base.BaseClass - Found Element By {by.toString()}
2024-01-25 21:53:25,678 [main] INFO  base.BaseClass - Trying to find Element By {by.toString()})
2024-01-25 21:53:25,704 [main] INFO  base.BaseClass - Found Element By {by.toString()}
2024-01-25 21:53:26,244 [main] INFO  base.BaseClass - Trying to find Element By {by.toString()})
2024-01-25 21:53:26,267 [main] INFO  base.BaseClass - Found Element By {by.toString()}
2024-01-25 21:53:26,808 [main] INFO  base.BaseClass - Trying to find Element By {by.toString()})
2024-01-25 21:53:26,832 [main] INFO  base.BaseClass - Found Element By {by.toString()}
2024-01-25 21:53:27,374 [main] INFO  base.BaseClass - Trying to find Element By {by.toString()})
2024-01-25 21:53:27,398 [main] INFO  base.BaseClass - Found Element By {by.toString()}
2024-01-25 21:53:27,925 [main] INFO  base.BaseClass - Trying to find Element By {by.toString()})
2024-01-25 21:53:27,947 [main] INFO  base.BaseClass - Found Element By {by.toString()}
2024-01-25 21:53:28,489 [main] INFO  base.BaseClass - Trying to find Element By {by.toString()})
2024-01-25 21:53:28,512 [main] INFO  base.BaseClass - Found Element By {by.toString()}
2024-01-25 21:53:29,053 [main] INFO  base.BaseClass - Trying to find Element By {by.toString()})
2024-01-25 21:53:29,075 [main] INFO  base.BaseClass - Found Element By {by.toString()}
2024-01-25 21:53:29,606 [main] INFO  base.BaseClass - Trying to find Element By {by.toString()})
2024-01-25 21:53:29,628 [main] INFO  base.BaseClass - Found Element By {by.toString()}
2024-01-25 21:53:30,175 [main] INFO  base.BaseClass - Trying to find Element By {by.toString()})
2024-01-25 21:53:30,198 [main] INFO  base.BaseClass - Found Element By {by.toString()}
2024-01-25 21:53:30,740 [main] INFO  base.BaseClass - Trying to find Element By {by.toString()})
2024-01-25 21:53:30,762 [main] INFO  base.BaseClass - Found Element By {by.toString()}
2024-01-25 21:53:31,305 [main] INFO  base.BaseClass - Trying to find Element By {by.toString()})
2024-01-25 21:53:31,327 [main] INFO  base.BaseClass - Found Element By {by.toString()}
2024-01-25 21:53:31,857 [main] INFO  base.BaseClass - Trying to find Element By {by.toString()})
2024-01-25 21:53:31,880 [main] INFO  base.BaseClass - Found Element By {by.toString()}
2024-01-25 21:53:32,409 [main] INFO  base.BaseClass - Trying to find Element By {by.toString()})
2024-01-25 21:53:32,432 [main] INFO  base.BaseClass - Found Element By {by.toString()}
2024-01-25 21:53:32,961 [main] INFO  base.BaseClass - Trying to find Element By {by.toString()})
2024-01-25 21:53:32,982 [main] INFO  base.BaseClass - Found Element By {by.toString()}
2024-01-25 21:53:33,512 [main] INFO  base.BaseClass - Trying to find Element By {by.toString()})
2024-01-25 21:53:33,533 [main] INFO  base.BaseClass - Found Element By {by.toString()}
2024-01-25 21:53:34,076 [main] INFO  base.BaseClass - Trying to find Element By {by.toString()})
2024-01-25 21:53:34,092 [main] INFO  base.BaseClass - Found Element By {by.toString()}
2024-01-25 21:53:34,624 [main] INFO  base.BaseClass - Trying to find Element By {by.toString()})
2024-01-25 21:53:34,648 [main] INFO  base.BaseClass - Found Element By {by.toString()}
TimeoutException occurred: Expected condition failed: waiting for helper.WaitUtility$5@223c42b0 (tried for 30 second(s) with 500 milliseconds interval)
Build info: version: '3.141.59', revision: 'e82be7d358', time: '2018-11-14T08:17:03'
System info: host: 'DPLAP166', ip: '137.237.3.67', os.name: 'Windows 10', os.arch: 'amd64', os.version: '10.0', java.version: '19.0.1'
Driver info: org.openqa.selenium.support.events.EventFiringWebDriver
Capabilities {acceptInsecureCerts: true, browserName: chrome, browserVersion: 121.0.6167.86, chrome: {chromedriverVersion: 121.0.6167.85 (3f98d690ad7e..., userDataDir: C:\Users\dP-PL\AppData\Loca...}, fedcm:accounts: true, goog:chromeOptions: {debuggerAddress: localhost:55748}, javascriptEnabled: true, networkConnectionEnabled: false, pageLoadStrategy: normal, platform: WINDOWS, platformName: WINDOWS, proxy: Proxy(), setWindowRect: true, strictFileInteractability: false, timeouts: {implicit: 0, pageLoad: 300000, script: 30000}, unhandledPromptBehavior: dismiss and notify, webauthn:extension:credBlob: true, webauthn:extension:largeBlob: true, webauthn:extension:minPinLength: true, webauthn:extension:prf: true, webauthn:virtualAuthenticators: true}
Session ID: 534275a55ea36884d587049a64f5a0a5
2024-01-25 21:53:34,679 [main] ERROR XGLT_15177_Test - Element did not become visible within the specified time: Expected condition failed: waiting for helper.WaitUtility$5@223c42b0 (tried for 30 second(s) with 500 milliseconds interval)
Build info: version: '3.141.59', revision: 'e82be7d358', time: '2018-11-14T08:17:03'
System info: host: 'DPLAP166', ip: '137.237.3.67', os.name: 'Windows 10', os.arch: 'amd64', os.version: '10.0', java.version: '19.0.1'
Driver info: org.openqa.selenium.support.events.EventFiringWebDriver
Capabilities {acceptInsecureCerts: true, browserName: chrome, browserVersion: 121.0.6167.86, chrome: {chromedriverVersion: 121.0.6167.85 (3f98d690ad7e..., userDataDir: C:\Users\dP-PL\AppData\Loca...}, fedcm:accounts: true, goog:chromeOptions: {debuggerAddress: localhost:55748}, javascriptEnabled: true, networkConnectionEnabled: false, pageLoadStrategy: normal, platform: WINDOWS, platformName: WINDOWS, proxy: Proxy(), setWindowRect: true, strictFileInteractability: false, timeouts: {implicit: 0, pageLoad: 300000, script: 30000}, unhandledPromptBehavior: dismiss and notify, webauthn:extension:credBlob: true, webauthn:extension:largeBlob: true, webauthn:extension:minPinLength: true, webauthn:extension:prf: true, webauthn:virtualAuthenticators: true}
Session ID: 534275a55ea36884d587049a64f5a0a5
2024-01-25 21:53:34,680 [main] INFO  base.BaseClass - Trying to find Element By {by.toString()})
2024-01-25 21:53:34,700 [main] INFO  base.BaseClass - Found Element By {by.toString()}
2024-01-25 21:53:34,700 [main] INFO  base.BaseClass - Trying to click on: {element.toString()}
2024-01-25 21:53:34,905 [main] INFO  base.BaseClass - Clicked on: {element.toString()}
2024-01-25 21:53:34,905 [main] INFO  base.BaseClass - Trying to find Element By {by.toString()})
2024-01-25 21:53:34,920 [main] INFO  base.BaseClass - Found Element By {by.toString()}
2024-01-25 21:53:34,936 [main] INFO  base.BaseClass - Trying to find Element By {by.toString()})
2024-01-25 21:53:34,946 [main] INFO  base.BaseClass - Found Element By {by.toString()}
2024-01-25 21:53:34,956 [main] INFO  base.BaseClass - Trying to find Element By {by.toString()})
2024-01-25 21:53:34,966 [main] INFO  base.BaseClass - Found Element By {by.toString()}
2024-01-25 21:53:34,966 [main] INFO  base.BaseClass - Trying to click on: {element.toString()}
2024-01-25 21:53:35,064 [main] INFO  base.BaseClass - Clicked on: {element.toString()}
2024-01-25 21:53:35,065 [main] INFO  base.BaseClass - Trying to find Element By {by.toString()})
2024-01-25 21:53:35,078 [main] INFO  base.BaseClass - Found Element By {by.toString()}
2024-01-25 21:53:35,154 [main] INFO  base.BaseClass - Trying to find Element By {by.toString()})
2024-01-25 21:53:35,178 [main] INFO  base.BaseClass - Found Element By {by.toString()}
2024-01-25 21:53:35,205 [main] INFO  base.BaseClass - Trying to find Element By {by.toString()})
2024-01-25 21:53:35,224 [main] INFO  base.BaseClass - Found Element By {by.toString()}
2024-01-25 21:53:35,240 [main] INFO  base.BaseClass - Trying to find Element By {by.toString()})
2024-01-25 21:53:35,254 [main] INFO  base.BaseClass - Found Element By {by.toString()}
2024-01-25 21:53:35,254 [main] INFO  base.BaseClass - Trying to click on: {element.toString()}
2024-01-25 21:53:35,337 [main] INFO  base.BaseClass - Clicked on: {element.toString()}
2024-01-25 21:53:35,337 [main] INFO  base.BaseClass - Trying to find Element By {by.toString()})
2024-01-25 21:53:35,356 [main] INFO  base.BaseClass - Found Element By {by.toString()}
2024-01-25 21:53:35,407 [main] INFO  base.BaseClass - Trying to find Element By {by.toString()})
2024-01-25 21:53:35,423 [main] INFO  base.BaseClass - Found Element By {by.toString()}
2024-01-25 21:53:35,953 [main] INFO  base.BaseClass - Trying to find Element By {by.toString()})
2024-01-25 21:53:35,978 [main] INFO  base.BaseClass - Found Element By {by.toString()}
2024-01-25 21:53:36,516 [main] INFO  base.BaseClass - Trying to find Element By {by.toString()})
2024-01-25 21:53:36,533 [main] INFO  base.BaseClass - Found Element By {by.toString()}
2024-01-25 21:53:37,064 [main] INFO  base.BaseClass - Trying to find Element By {by.toString()})
2024-01-25 21:53:37,089 [main] INFO  base.BaseClass - Found Element By {by.toString()}
2024-01-25 21:53:37,630 [main] INFO  base.BaseClass - Trying to find Element By {by.toString()})
2024-01-25 21:53:37,654 [main] INFO  base.BaseClass - Found Element By {by.toString()}
2024-01-25 21:53:38,198 [main] INFO  base.BaseClass - Trying to find Element By {by.toString()})
2024-01-25 21:53:38,222 [main] INFO  base.BaseClass - Found Element By {by.toString()}
2024-01-25 21:53:38,766 [main] INFO  base.BaseClass - Trying to find Element By {by.toString()})
2024-01-25 21:53:38,790 [main] INFO  base.BaseClass - Found Element By {by.toString()}
2024-01-25 21:53:39,331 [main] INFO  base.BaseClass - Trying to find Element By {by.toString()})
2024-01-25 21:53:39,356 [main] INFO  base.BaseClass - Found Element By {by.toString()}
2024-01-25 21:53:39,895 [main] INFO  base.BaseClass - Trying to find Element By {by.toString()})
2024-01-25 21:53:39,919 [main] INFO  base.BaseClass - Found Element By {by.toString()}
2024-01-25 21:53:40,460 [main] INFO  base.BaseClass - Trying to find Element By {by.toString()})
2024-01-25 21:53:40,482 [main] INFO  base.BaseClass - Found Element By {by.toString()}
2024-01-25 21:53:41,028 [main] INFO  base.BaseClass - Trying to find Element By {by.toString()})
2024-01-25 21:53:41,052 [main] INFO  base.BaseClass - Found Element By {by.toString()}
2024-01-25 21:53:41,577 [main] INFO  base.BaseClass - Trying to find Element By {by.toString()})
2024-01-25 21:53:41,600 [main] INFO  base.BaseClass - Found Element By {by.toString()}
2024-01-25 21:53:42,143 [main] INFO  base.BaseClass - Trying to find Element By {by.toString()})
2024-01-25 21:53:42,166 [main] INFO  base.BaseClass - Found Element By {by.toString()}
2024-01-25 21:53:42,709 [main] INFO  base.BaseClass - Trying to find Element By {by.toString()})
2024-01-25 21:53:42,732 [main] INFO  base.BaseClass - Found Element By {by.toString()}
2024-01-25 21:53:43,257 [main] INFO  base.BaseClass - Trying to find Element By {by.toString()})
2024-01-25 21:53:43,279 [main] INFO  base.BaseClass - Found Element By {by.toString()}
2024-01-25 21:53:43,825 [main] INFO  base.BaseClass - Trying to find Element By {by.toString()})
2024-01-25 21:53:43,849 [main] INFO  base.BaseClass - Found Element By {by.toString()}
2024-01-25 21:53:44,391 [main] INFO  base.BaseClass - Trying to find Element By {by.toString()})
2024-01-25 21:53:44,414 [main] INFO  base.BaseClass - Found Element By {by.toString()}
2024-01-25 21:53:44,956 [main] INFO  base.BaseClass - Trying to find Element By {by.toString()})
2024-01-25 21:53:44,976 [main] INFO  base.BaseClass - Found Element By {by.toString()}
2024-01-25 21:53:45,505 [main] INFO  base.BaseClass - Trying to find Element By {by.toString()})
2024-01-25 21:53:45,528 [main] INFO  base.BaseClass - Found Element By {by.toString()}
2024-01-25 21:53:46,071 [main] INFO  base.BaseClass - Trying to find Element By {by.toString()})
2024-01-25 21:53:46,095 [main] INFO  base.BaseClass - Found Element By {by.toString()}
2024-01-25 21:53:46,625 [main] INFO  base.BaseClass - Trying to find Element By {by.toString()})
2024-01-25 21:53:46,649 [main] INFO  base.BaseClass - Found Element By {by.toString()}
2024-01-25 21:53:47,190 [main] INFO  base.BaseClass - Trying to find Element By {by.toString()})
2024-01-25 21:53:47,206 [main] INFO  base.BaseClass - Found Element By {by.toString()}
2024-01-25 21:53:47,742 [main] INFO  base.BaseClass - Trying to find Element By {by.toString()})
2024-01-25 21:53:47,760 [main] INFO  base.BaseClass - Found Element By {by.toString()}
2024-01-25 21:53:48,295 [main] INFO  base.BaseClass - Trying to find Element By {by.toString()})
2024-01-25 21:53:48,312 [main] INFO  base.BaseClass - Found Element By {by.toString()}
2024-01-25 21:53:48,845 [main] INFO  base.BaseClass - Trying to find Element By {by.toString()})
2024-01-25 21:53:48,862 [main] INFO  base.BaseClass - Found Element By {by.toString()}
2024-01-25 21:53:49,397 [main] INFO  base.BaseClass - Trying to find Element By {by.toString()})
2024-01-25 21:53:49,416 [main] INFO  base.BaseClass - Found Element By {by.toString()}
2024-01-25 21:53:49,948 [main] INFO  base.BaseClass - Trying to find Element By {by.toString()})
2024-01-25 21:53:49,968 [main] INFO  base.BaseClass - Found Element By {by.toString()}
2024-01-25 21:53:50,497 [main] INFO  base.BaseClass - Trying to find Element By {by.toString()})
2024-01-25 21:53:50,517 [main] INFO  base.BaseClass - Found Element By {by.toString()}
2024-01-25 21:53:51,049 [main] INFO  base.BaseClass - Trying to find Element By {by.toString()})
2024-01-25 21:53:51,069 [main] INFO  base.BaseClass - Found Element By {by.toString()}
2024-01-25 21:53:51,599 [main] INFO  base.BaseClass - Trying to find Element By {by.toString()})
2024-01-25 21:53:51,621 [main] INFO  base.BaseClass - Found Element By {by.toString()}
2024-01-25 21:53:52,165 [main] INFO  base.BaseClass - Trying to find Element By {by.toString()})
2024-01-25 21:53:52,188 [main] INFO  base.BaseClass - Found Element By {by.toString()}
2024-01-25 21:53:52,731 [main] INFO  base.BaseClass - Trying to find Element By {by.toString()})
2024-01-25 21:53:52,754 [main] INFO  base.BaseClass - Found Element By {by.toString()}
2024-01-25 21:53:53,282 [main] INFO  base.BaseClass - Trying to find Element By {by.toString()})
2024-01-25 21:53:53,298 [main] INFO  base.BaseClass - Found Element By {by.toString()}
2024-01-25 21:53:53,829 [main] INFO  base.BaseClass - Trying to find Element By {by.toString()})
2024-01-25 21:53:53,853 [main] INFO  base.BaseClass - Found Element By {by.toString()}
2024-01-25 21:53:54,392 [main] INFO  base.BaseClass - Trying to find Element By {by.toString()})
2024-01-25 21:53:54,415 [main] INFO  base.BaseClass - Found Element By {by.toString()}
2024-01-25 21:53:54,955 [main] INFO  base.BaseClass - Trying to find Element By {by.toString()})
2024-01-25 21:53:54,978 [main] INFO  base.BaseClass - Found Element By {by.toString()}
2024-01-25 21:53:55,520 [main] INFO  base.BaseClass - Trying to find Element By {by.toString()})
2024-01-25 21:53:55,542 [main] INFO  base.BaseClass - Found Element By {by.toString()}
TimeoutException occurred: Expected condition failed: waiting for helper.WaitUtility$4@63a9ab7d (tried for 20 second(s) with 500 milliseconds interval)
Build info: version: '3.141.59', revision: 'e82be7d358', time: '2018-11-14T08:17:03'
System info: host: 'DPLAP166', ip: '137.237.3.67', os.name: 'Windows 10', os.arch: 'amd64', os.version: '10.0', java.version: '19.0.1'
Driver info: org.openqa.selenium.support.events.EventFiringWebDriver
Capabilities {acceptInsecureCerts: true, browserName: chrome, browserVersion: 121.0.6167.86, chrome: {chromedriverVersion: 121.0.6167.85 (3f98d690ad7e..., userDataDir: C:\Users\dP-PL\AppData\Loca...}, fedcm:accounts: true, goog:chromeOptions: {debuggerAddress: localhost:55748}, javascriptEnabled: true, networkConnectionEnabled: false, pageLoadStrategy: normal, platform: WINDOWS, platformName: WINDOWS, proxy: Proxy(), setWindowRect: true, strictFileInteractability: false, timeouts: {implicit: 0, pageLoad: 300000, script: 30000}, unhandledPromptBehavior: dismiss and notify, webauthn:extension:credBlob: true, webauthn:extension:largeBlob: true, webauthn:extension:minPinLength: true, webauthn:extension:prf: true, webauthn:virtualAuthenticators: true}
Session ID: 534275a55ea36884d587049a64f5a0a5
2024-01-25 21:53:55,574 [main] ERROR XGLT_15177_Test - Element did not become visible within the specified time: Expected condition failed: waiting for helper.WaitUtility$4@63a9ab7d (tried for 20 second(s) with 500 milliseconds interval)
Build info: version: '3.141.59', revision: 'e82be7d358', time: '2018-11-14T08:17:03'
System info: host: 'DPLAP166', ip: '137.237.3.67', os.name: 'Windows 10', os.arch: 'amd64', os.version: '10.0', java.version: '19.0.1'
Driver info: org.openqa.selenium.support.events.EventFiringWebDriver
Capabilities {acceptInsecureCerts: true, browserName: chrome, browserVersion: 121.0.6167.86, chrome: {chromedriverVersion: 121.0.6167.85 (3f98d690ad7e..., userDataDir: C:\Users\dP-PL\AppData\Loca...}, fedcm:accounts: true, goog:chromeOptions: {debuggerAddress: localhost:55748}, javascriptEnabled: true, networkConnectionEnabled: false, pageLoadStrategy: normal, platform: WINDOWS, platformName: WINDOWS, proxy: Proxy(), setWindowRect: true, strictFileInteractability: false, timeouts: {implicit: 0, pageLoad: 300000, script: 30000}, unhandledPromptBehavior: dismiss and notify, webauthn:extension:credBlob: true, webauthn:extension:largeBlob: true, webauthn:extension:minPinLength: true, webauthn:extension:prf: true, webauthn:virtualAuthenticators: true}
Session ID: 534275a55ea36884d587049a64f5a0a5
2024-01-25 21:53:55,587 [Forwarding actions on session 534275a55ea36884d587049a64f5a0a5 to remote] INFO  base.BaseClass - Trying to find Element By {by.toString()})
2024-01-25 21:53:55,609 [Forwarding actions on session 534275a55ea36884d587049a64f5a0a5 to remote] INFO  base.BaseClass - Found Element By {by.toString()}
2024-01-25 21:53:55,757 [main] INFO  base.BaseClass - Trying to find Element By {by.toString()})
2024-01-25 21:53:55,784 [main] INFO  base.BaseClass - Found Element By {by.toString()}
2024-01-25 21:53:56,322 [main] INFO  base.BaseClass - Trying to find Element By {by.toString()})
2024-01-25 21:53:56,347 [main] INFO  base.BaseClass - Found Element By {by.toString()}
2024-01-25 21:53:56,888 [main] INFO  base.BaseClass - Trying to find Element By {by.toString()})
2024-01-25 21:53:56,913 [main] INFO  base.BaseClass - Found Element By {by.toString()}
2024-01-25 21:53:57,452 [main] INFO  base.BaseClass - Trying to find Element By {by.toString()})
2024-01-25 21:53:57,476 [main] INFO  base.BaseClass - Found Element By {by.toString()}
2024-01-25 21:53:58,020 [main] INFO  base.BaseClass - Trying to find Element By {by.toString()})
2024-01-25 21:53:58,046 [main] INFO  base.BaseClass - Found Element By {by.toString()}
2024-01-25 21:53:58,600 [main] INFO  base.BaseClass - Trying to find Element By {by.toString()})
2024-01-25 21:53:58,625 [main] INFO  base.BaseClass - Found Element By {by.toString()}
2024-01-25 21:53:59,163 [main] INFO  base.BaseClass - Trying to find Element By {by.toString()})
2024-01-25 21:53:59,185 [main] INFO  base.BaseClass - Found Element By {by.toString()}
2024-01-25 21:53:59,726 [main] INFO  base.BaseClass - Trying to find Element By {by.toString()})
2024-01-25 21:53:59,749 [main] INFO  base.BaseClass - Found Element By {by.toString()}
2024-01-25 21:54:00,294 [main] INFO  base.BaseClass - Trying to find Element By {by.toString()})
2024-01-25 21:54:00,317 [main] INFO  base.BaseClass - Found Element By {by.toString()}
2024-01-25 21:54:00,860 [main] INFO  base.BaseClass - Trying to find Element By {by.toString()})
2024-01-25 21:54:00,883 [main] INFO  base.BaseClass - Found Element By {by.toString()}
2024-01-25 21:54:01,425 [main] INFO  base.BaseClass - Trying to find Element By {by.toString()})
2024-01-25 21:54:01,447 [main] INFO  base.BaseClass - Found Element By {by.toString()}
2024-01-25 21:54:01,978 [main] INFO  base.BaseClass - Trying to find Element By {by.toString()})
2024-01-25 21:54:02,002 [main] INFO  base.BaseClass - Found Element By {by.toString()}
2024-01-25 21:54:02,544 [main] INFO  base.BaseClass - Trying to find Element By {by.toString()})
2024-01-25 21:54:02,568 [main] INFO  base.BaseClass - Found Element By {by.toString()}
2024-01-25 21:54:03,113 [main] INFO  base.BaseClass - Trying to find Element By {by.toString()})
2024-01-25 21:54:03,135 [main] INFO  base.BaseClass - Found Element By {by.toString()}
2024-01-25 21:54:03,678 [main] INFO  base.BaseClass - Trying to find Element By {by.toString()})
2024-01-25 21:54:03,697 [main] INFO  base.BaseClass - Found Element By {by.toString()}
2024-01-25 21:54:04,231 [main] INFO  base.BaseClass - Trying to find Element By {by.toString()})
2024-01-25 21:54:04,253 [main] INFO  base.BaseClass - Found Element By {by.toString()}
2024-01-25 21:54:04,797 [main] INFO  base.BaseClass - Trying to find Element By {by.toString()})
2024-01-25 21:54:04,821 [main] INFO  base.BaseClass - Found Element By {by.toString()}
2024-01-25 21:54:05,363 [main] INFO  base.BaseClass - Trying to find Element By {by.toString()})
2024-01-25 21:54:05,386 [main] INFO  base.BaseClass - Found Element By {by.toString()}
2024-01-25 21:54:05,929 [main] INFO  base.BaseClass - Trying to find Element By {by.toString()})
2024-01-25 21:54:05,948 [main] INFO  base.BaseClass - Found Element By {by.toString()}
2024-01-25 21:54:06,479 [main] INFO  base.BaseClass - Trying to find Element By {by.toString()})
2024-01-25 21:54:06,518 [main] INFO  base.BaseClass - Found Element By {by.toString()}
2024-01-25 21:54:07,041 [main] INFO  base.BaseClass - Trying to find Element By {by.toString()})
2024-01-25 21:54:07,064 [main] INFO  base.BaseClass - Found Element By {by.toString()}
2024-01-25 21:54:07,608 [main] INFO  base.BaseClass - Trying to find Element By {by.toString()})
2024-01-25 21:54:07,631 [main] INFO  base.BaseClass - Found Element By {by.toString()}
2024-01-25 21:54:08,171 [main] INFO  base.BaseClass - Trying to find Element By {by.toString()})
2024-01-25 21:54:08,188 [main] INFO  base.BaseClass - Found Element By {by.toString()}
2024-01-25 21:54:08,720 [main] INFO  base.BaseClass - Trying to find Element By {by.toString()})
2024-01-25 21:54:08,744 [main] INFO  base.BaseClass - Found Element By {by.toString()}
2024-01-25 21:54:09,286 [main] INFO  base.BaseClass - Trying to find Element By {by.toString()})
2024-01-25 21:54:09,311 [main] INFO  base.BaseClass - Found Element By {by.toString()}
2024-01-25 21:54:09,852 [main] INFO  base.BaseClass - Trying to find Element By {by.toString()})
2024-01-25 21:54:09,876 [main] INFO  base.BaseClass - Found Element By {by.toString()}
2024-01-25 21:54:10,421 [main] INFO  base.BaseClass - Trying to find Element By {by.toString()})
2024-01-25 21:54:10,443 [main] INFO  base.BaseClass - Found Element By {by.toString()}
2024-01-25 21:54:10,987 [main] INFO  base.BaseClass - Trying to find Element By {by.toString()})
2024-01-25 21:54:11,009 [main] INFO  base.BaseClass - Found Element By {by.toString()}
2024-01-25 21:54:11,553 [main] INFO  base.BaseClass - Trying to find Element By {by.toString()})
2024-01-25 21:54:11,576 [main] INFO  base.BaseClass - Found Element By {by.toString()}
2024-01-25 21:54:12,105 [main] INFO  base.BaseClass - Trying to find Element By {by.toString()})
2024-01-25 21:54:12,127 [main] INFO  base.BaseClass - Found Element By {by.toString()}
2024-01-25 21:54:12,670 [main] INFO  base.BaseClass - Trying to find Element By {by.toString()})
2024-01-25 21:54:12,693 [main] INFO  base.BaseClass - Found Element By {by.toString()}
2024-01-25 21:54:13,238 [main] INFO  base.BaseClass - Trying to find Element By {by.toString()})
2024-01-25 21:54:13,261 [main] INFO  base.BaseClass - Found Element By {by.toString()}
2024-01-25 21:54:13,789 [main] INFO  base.BaseClass - Trying to find Element By {by.toString()})
2024-01-25 21:54:13,811 [main] INFO  base.BaseClass - Found Element By {by.toString()}
2024-01-25 21:54:14,354 [main] INFO  base.BaseClass - Trying to find Element By {by.toString()})
2024-01-25 21:54:14,370 [main] INFO  base.BaseClass - Found Element By {by.toString()}
2024-01-25 21:54:14,905 [main] INFO  base.BaseClass - Trying to find Element By {by.toString()})
2024-01-25 21:54:14,929 [main] INFO  base.BaseClass - Found Element By {by.toString()}
2024-01-25 21:54:15,472 [main] INFO  base.BaseClass - Trying to find Element By {by.toString()})
2024-01-25 21:54:15,495 [main] INFO  base.BaseClass - Found Element By {by.toString()}
2024-01-25 21:54:16,038 [main] INFO  base.BaseClass - Trying to find Element By {by.toString()})
2024-01-25 21:54:16,061 [main] INFO  base.BaseClass - Found Element By {by.toString()}
2024-01-25 21:54:16,603 [main] INFO  base.BaseClass - Trying to find Element By {by.toString()})
2024-01-25 21:54:16,625 [main] INFO  base.BaseClass - Found Element By {by.toString()}
2024-01-25 21:54:17,171 [main] INFO  base.BaseClass - Trying to find Element By {by.toString()})
2024-01-25 21:54:17,189 [main] INFO  base.BaseClass - Found Element By {by.toString()}
2024-01-25 21:54:17,722 [main] INFO  base.BaseClass - Trying to find Element By {by.toString()})
2024-01-25 21:54:17,745 [main] INFO  base.BaseClass - Found Element By {by.toString()}
2024-01-25 21:54:18,286 [main] INFO  base.BaseClass - Trying to find Element By {by.toString()})
2024-01-25 21:54:18,307 [main] INFO  base.BaseClass - Found Element By {by.toString()}
2024-01-25 21:54:18,852 [main] INFO  base.BaseClass - Trying to find Element By {by.toString()})
2024-01-25 21:54:18,875 [main] INFO  base.BaseClass - Found Element By {by.toString()}
2024-01-25 21:54:19,421 [main] INFO  base.BaseClass - Trying to find Element By {by.toString()})
2024-01-25 21:54:19,444 [main] INFO  base.BaseClass - Found Element By {by.toString()}
2024-01-25 21:54:19,987 [main] INFO  base.BaseClass - Trying to find Element By {by.toString()})
2024-01-25 21:54:20,010 [main] INFO  base.BaseClass - Found Element By {by.toString()}
2024-01-25 21:54:20,551 [main] INFO  base.BaseClass - Trying to find Element By {by.toString()})
2024-01-25 21:54:20,573 [main] INFO  base.BaseClass - Found Element By {by.toString()}
2024-01-25 21:54:21,114 [main] INFO  base.BaseClass - Trying to find Element By {by.toString()})
2024-01-25 21:54:21,137 [main] INFO  base.BaseClass - Found Element By {by.toString()}
2024-01-25 21:54:21,680 [main] INFO  base.BaseClass - Trying to find Element By {by.toString()})
2024-01-25 21:54:21,704 [main] INFO  base.BaseClass - Found Element By {by.toString()}
2024-01-25 21:54:22,248 [main] INFO  base.BaseClass - Trying to find Element By {by.toString()})
2024-01-25 21:54:22,271 [main] INFO  base.BaseClass - Found Element By {by.toString()}
2024-01-25 21:54:22,813 [main] INFO  base.BaseClass - Trying to find Element By {by.toString()})
2024-01-25 21:54:22,834 [main] INFO  base.BaseClass - Found Element By {by.toString()}
2024-01-25 21:54:23,377 [main] INFO  base.BaseClass - Trying to find Element By {by.toString()})
2024-01-25 21:54:23,399 [main] INFO  base.BaseClass - Found Element By {by.toString()}
2024-01-25 21:54:23,941 [main] INFO  base.BaseClass - Trying to find Element By {by.toString()})
2024-01-25 21:54:23,964 [main] INFO  base.BaseClass - Found Element By {by.toString()}
2024-01-25 21:54:24,507 [main] INFO  base.BaseClass - Trying to find Element By {by.toString()})
2024-01-25 21:54:24,531 [main] INFO  base.BaseClass - Found Element By {by.toString()}
2024-01-25 21:54:25,072 [main] INFO  base.BaseClass - Trying to find Element By {by.toString()})
2024-01-25 21:54:25,096 [main] INFO  base.BaseClass - Found Element By {by.toString()}
2024-01-25 21:54:25,640 [main] INFO  base.BaseClass - Trying to find Element By {by.toString()})
2024-01-25 21:54:25,655 [main] INFO  base.BaseClass - Found Element By {by.toString()}
2024-01-25 21:54:26,190 [main] INFO  base.BaseClass - Trying to find Element By {by.toString()})
2024-01-25 21:54:26,214 [main] INFO  base.BaseClass - Found Element By {by.toString()}
TimeoutException occurred: Expected condition failed: waiting for helper.WaitUtility$5@24bd88df (tried for 30 second(s) with 500 milliseconds interval)
Build info: version: '3.141.59', revision: 'e82be7d358', time: '2018-11-14T08:17:03'
System info: host: 'DPLAP166', ip: '137.237.3.67', os.name: 'Windows 10', os.arch: 'amd64', os.version: '10.0', java.version: '19.0.1'
Driver info: org.openqa.selenium.support.events.EventFiringWebDriver
Capabilities {acceptInsecureCerts: true, browserName: chrome, browserVersion: 121.0.6167.86, chrome: {chromedriverVersion: 121.0.6167.85 (3f98d690ad7e..., userDataDir: C:\Users\dP-PL\AppData\Loca...}, fedcm:accounts: true, goog:chromeOptions: {debuggerAddress: localhost:55748}, javascriptEnabled: true, networkConnectionEnabled: false, pageLoadStrategy: normal, platform: WINDOWS, platformName: WINDOWS, proxy: Proxy(), setWindowRect: true, strictFileInteractability: false, timeouts: {implicit: 0, pageLoad: 300000, script: 30000}, unhandledPromptBehavior: dismiss and notify, webauthn:extension:credBlob: true, webauthn:extension:largeBlob: true, webauthn:extension:minPinLength: true, webauthn:extension:prf: true, webauthn:virtualAuthenticators: true}
Session ID: 534275a55ea36884d587049a64f5a0a5
2024-01-25 21:54:26,249 [main] ERROR XGLT_15177_Test - Element did not become visible within the specified time: Expected condition failed: waiting for helper.WaitUtility$5@24bd88df (tried for 30 second(s) with 500 milliseconds interval)
Build info: version: '3.141.59', revision: 'e82be7d358', time: '2018-11-14T08:17:03'
System info: host: 'DPLAP166', ip: '137.237.3.67', os.name: 'Windows 10', os.arch: 'amd64', os.version: '10.0', java.version: '19.0.1'
Driver info: org.openqa.selenium.support.events.EventFiringWebDriver
Capabilities {acceptInsecureCerts: true, browserName: chrome, browserVersion: 121.0.6167.86, chrome: {chromedriverVersion: 121.0.6167.85 (3f98d690ad7e..., userDataDir: C:\Users\dP-PL\AppData\Loca...}, fedcm:accounts: true, goog:chromeOptions: {debuggerAddress: localhost:55748}, javascriptEnabled: true, networkConnectionEnabled: false, pageLoadStrategy: normal, platform: WINDOWS, platformName: WINDOWS, proxy: Proxy(), setWindowRect: true, strictFileInteractability: false, timeouts: {implicit: 0, pageLoad: 300000, script: 30000}, unhandledPromptBehavior: dismiss and notify, webauthn:extension:credBlob: true, webauthn:extension:largeBlob: true, webauthn:extension:minPinLength: true, webauthn:extension:prf: true, webauthn:virtualAuthenticators: true}
Session ID: 534275a55ea36884d587049a64f5a0a5
2024-01-25 21:54:26,249 [main] INFO  base.BaseClass - Trying to find Element By {by.toString()})
2024-01-25 21:54:26,269 [main] INFO  base.BaseClass - Found Element By {by.toString()}
2024-01-25 21:54:26,269 [main] INFO  base.BaseClass - Trying to click on: {element.toString()}
2024-01-25 21:54:26,396 [main] INFO  base.BaseClass - Clicked on: {element.toString()}
2024-01-25 21:54:26,396 [main] INFO  base.BaseClass - Trying to find Element By {by.toString()})
2024-01-25 21:54:26,409 [main] INFO  base.BaseClass - Found Element By {by.toString()}
TimeoutException occurred: Expected condition failed: waiting for helper.WaitUtility$5@531245fe (tried for 30 second(s) with 500 milliseconds interval)
Build info: version: '3.141.59', revision: 'e82be7d358', time: '2018-11-14T08:17:03'
System info: host: 'DPLAP166', ip: '137.237.3.67', os.name: 'Windows 10', os.arch: 'amd64', os.version: '10.0', java.version: '19.0.1'
Driver info: org.openqa.selenium.support.events.EventFiringWebDriver
Capabilities {acceptInsecureCerts: true, browserName: chrome, browserVersion: 121.0.6167.86, chrome: {chromedriverVersion: 121.0.6167.85 (3f98d690ad7e..., userDataDir: C:\Users\dP-PL\AppData\Loca...}, fedcm:accounts: true, goog:chromeOptions: {debuggerAddress: localhost:55748}, javascriptEnabled: true, networkConnectionEnabled: false, pageLoadStrategy: normal, platform: WINDOWS, platformName: WINDOWS, proxy: Proxy(), setWindowRect: true, strictFileInteractability: false, timeouts: {implicit: 0, pageLoad: 300000, script: 30000}, unhandledPromptBehavior: dismiss and notify, webauthn:extension:credBlob: true, webauthn:extension:largeBlob: true, webauthn:extension:minPinLength: true, webauthn:extension:prf: true, webauthn:virtualAuthenticators: true}
Session ID: 534275a55ea36884d587049a64f5a0a5
2024-01-25 21:54:56,432 [main] ERROR XGLT_15177_Test - Element did not become visible within the specified time: Expected condition failed: waiting for helper.WaitUtility$5@531245fe (tried for 30 second(s) with 500 milliseconds interval)
Build info: version: '3.141.59', revision: 'e82be7d358', time: '2018-11-14T08:17:03'
System info: host: 'DPLAP166', ip: '137.237.3.67', os.name: 'Windows 10', os.arch: 'amd64', os.version: '10.0', java.version: '19.0.1'
Driver info: org.openqa.selenium.support.events.EventFiringWebDriver
Capabilities {acceptInsecureCerts: true, browserName: chrome, browserVersion: 121.0.6167.86, chrome: {chromedriverVersion: 121.0.6167.85 (3f98d690ad7e..., userDataDir: C:\Users\dP-PL\AppData\Loca...}, fedcm:accounts: true, goog:chromeOptions: {debuggerAddress: localhost:55748}, javascriptEnabled: true, networkConnectionEnabled: false, pageLoadStrategy: normal, platform: WINDOWS, platformName: WINDOWS, proxy: Proxy(), setWindowRect: true, strictFileInteractability: false, timeouts: {implicit: 0, pageLoad: 300000, script: 30000}, unhandledPromptBehavior: dismiss and notify, webauthn:extension:credBlob: true, webauthn:extension:largeBlob: true, webauthn:extension:minPinLength: true, webauthn:extension:prf: true, webauthn:virtualAuthenticators: true}
Session ID: 534275a55ea36884d587049a64f5a0a5
2024-01-25 21:54:56,432 [main] INFO  base.BaseClass - Trying to click on: {element.toString()}
2024-01-25 21:54:56,545 [main] INFO  base.BaseClass - Clicked on: {element.toString()}
2024-01-25 21:54:56,546 [Forwarding actions on session 534275a55ea36884d587049a64f5a0a5 to remote] INFO  base.BaseClass - Trying to find Element By {by.toString()})
2024-01-25 21:54:56,560 [Forwarding actions on session 534275a55ea36884d587049a64f5a0a5 to remote] INFO  base.BaseClass - Found Element By {by.toString()}
2024-01-25 21:54:56,691 [main] INFO  base.BaseClass - Trying to find Element By {by.toString()})
2024-01-25 21:54:56,715 [main] INFO  base.BaseClass - Found Element By {by.toString()}
2024-01-25 21:54:57,254 [main] INFO  base.BaseClass - Trying to find Element By {by.toString()})
2024-01-25 21:54:57,278 [main] INFO  base.BaseClass - Found Element By {by.toString()}
2024-01-25 21:54:57,819 [main] INFO  base.BaseClass - Trying to find Element By {by.toString()})
2024-01-25 21:54:57,843 [main] INFO  base.BaseClass - Found Element By {by.toString()}
2024-01-25 21:54:58,387 [main] INFO  base.BaseClass - Trying to find Element By {by.toString()})
2024-01-25 21:54:58,404 [main] INFO  base.BaseClass - Found Element By {by.toString()}
2024-01-25 21:54:58,938 [main] INFO  base.BaseClass - Trying to find Element By {by.toString()})
2024-01-25 21:54:58,962 [main] INFO  base.BaseClass - Found Element By {by.toString()}
2024-01-25 21:54:59,518 [main] INFO  base.BaseClass - Trying to find Element By {by.toString()})
2024-01-25 21:54:59,542 [main] INFO  base.BaseClass - Found Element By {by.toString()}
2024-01-25 21:55:00,083 [main] INFO  base.BaseClass - Trying to find Element By {by.toString()})
2024-01-25 21:55:00,105 [main] INFO  base.BaseClass - Found Element By {by.toString()}
2024-01-25 21:55:00,636 [main] INFO  base.BaseClass - Trying to find Element By {by.toString()})
2024-01-25 21:55:00,658 [main] INFO  base.BaseClass - Found Element By {by.toString()}
2024-01-25 21:55:01,195 [main] INFO  base.BaseClass - Trying to find Element By {by.toString()})
2024-01-25 21:55:01,215 [main] INFO  base.BaseClass - Found Element By {by.toString()}
2024-01-25 21:55:01,748 [main] INFO  base.BaseClass - Trying to find Element By {by.toString()})
2024-01-25 21:55:01,773 [main] INFO  base.BaseClass - Found Element By {by.toString()}
2024-01-25 21:55:02,313 [main] INFO  base.BaseClass - Trying to find Element By {by.toString()})
2024-01-25 21:55:02,336 [main] INFO  base.BaseClass - Found Element By {by.toString()}
2024-01-25 21:55:02,868 [main] INFO  base.BaseClass - Trying to find Element By {by.toString()})
2024-01-25 21:55:02,890 [main] INFO  base.BaseClass - Found Element By {by.toString()}
2024-01-25 21:55:03,419 [main] INFO  base.BaseClass - Trying to find Element By {by.toString()})
2024-01-25 21:55:03,440 [main] INFO  base.BaseClass - Found Element By {by.toString()}
2024-01-25 21:55:03,968 [main] INFO  base.BaseClass - Trying to find Element By {by.toString()})
2024-01-25 21:55:03,991 [main] INFO  base.BaseClass - Found Element By {by.toString()}
2024-01-25 21:55:04,534 [main] INFO  base.BaseClass - Trying to find Element By {by.toString()})
2024-01-25 21:55:04,558 [main] INFO  base.BaseClass - Found Element By {by.toString()}
2024-01-25 21:55:05,099 [main] INFO  base.BaseClass - Trying to find Element By {by.toString()})
2024-01-25 21:55:05,112 [main] INFO  base.BaseClass - Found Element By {by.toString()}
2024-01-25 21:55:05,640 [main] INFO  base.BaseClass - Trying to find Element By {by.toString()})
2024-01-25 21:55:05,657 [main] INFO  base.BaseClass - Found Element By {by.toString()}
2024-01-25 21:55:06,189 [main] INFO  base.BaseClass - Trying to find Element By {by.toString()})
2024-01-25 21:55:06,216 [main] INFO  base.BaseClass - Found Element By {by.toString()}
2024-01-25 21:55:06,753 [main] INFO  base.BaseClass - Trying to find Element By {by.toString()})
2024-01-25 21:55:06,777 [main] INFO  base.BaseClass - Found Element By {by.toString()}
2024-01-25 21:55:07,320 [main] INFO  base.BaseClass - Trying to find Element By {by.toString()})
2024-01-25 21:55:07,343 [main] INFO  base.BaseClass - Found Element By {by.toString()}
2024-01-25 21:55:07,886 [main] INFO  base.BaseClass - Trying to find Element By {by.toString()})
2024-01-25 21:55:07,910 [main] INFO  base.BaseClass - Found Element By {by.toString()}
2024-01-25 21:55:08,450 [main] INFO  base.BaseClass - Trying to find Element By {by.toString()})
2024-01-25 21:55:08,467 [main] INFO  base.BaseClass - Found Element By {by.toString()}
2024-01-25 21:55:08,999 [main] INFO  base.BaseClass - Trying to find Element By {by.toString()})
2024-01-25 21:55:09,022 [main] INFO  base.BaseClass - Found Element By {by.toString()}
2024-01-25 21:55:09,567 [main] INFO  base.BaseClass - Trying to find Element By {by.toString()})
2024-01-25 21:55:09,589 [main] INFO  base.BaseClass - Found Element By {by.toString()}
2024-01-25 21:55:10,132 [main] INFO  base.BaseClass - Trying to find Element By {by.toString()})
2024-01-25 21:55:10,156 [main] INFO  base.BaseClass - Found Element By {by.toString()}
2024-01-25 21:55:10,699 [main] INFO  base.BaseClass - Trying to find Element By {by.toString()})
2024-01-25 21:55:10,721 [main] INFO  base.BaseClass - Found Element By {by.toString()}
2024-01-25 21:55:11,253 [main] INFO  base.BaseClass - Trying to find Element By {by.toString()})
2024-01-25 21:55:11,275 [main] INFO  base.BaseClass - Found Element By {by.toString()}
2024-01-25 21:55:11,817 [main] INFO  base.BaseClass - Trying to find Element By {by.toString()})
2024-01-25 21:55:11,839 [main] INFO  base.BaseClass - Found Element By {by.toString()}
2024-01-25 21:55:12,361 [main] INFO  base.BaseClass - Trying to find Element By {by.toString()})
2024-01-25 21:55:12,384 [main] INFO  base.BaseClass - Found Element By {by.toString()}
2024-01-25 21:55:12,926 [main] INFO  base.BaseClass - Trying to find Element By {by.toString()})
2024-01-25 21:55:12,950 [main] INFO  base.BaseClass - Found Element By {by.toString()}
2024-01-25 21:55:13,491 [main] INFO  base.BaseClass - Trying to find Element By {by.toString()})
2024-01-25 21:55:13,510 [main] INFO  base.BaseClass - Found Element By {by.toString()}
2024-01-25 21:55:14,058 [main] INFO  base.BaseClass - Trying to find Element By {by.toString()})
2024-01-25 21:55:14,072 [main] INFO  base.BaseClass - Found Element By {by.toString()}
2024-01-25 21:55:14,606 [main] INFO  base.BaseClass - Trying to find Element By {by.toString()})
2024-01-25 21:55:14,628 [main] INFO  base.BaseClass - Found Element By {by.toString()}
2024-01-25 21:55:15,173 [main] INFO  base.BaseClass - Trying to find Element By {by.toString()})
2024-01-25 21:55:15,196 [main] INFO  base.BaseClass - Found Element By {by.toString()}
2024-01-25 21:55:15,741 [main] INFO  base.BaseClass - Trying to find Element By {by.toString()})
2024-01-25 21:55:15,764 [main] INFO  base.BaseClass - Found Element By {by.toString()}
2024-01-25 21:55:16,306 [main] INFO  base.BaseClass - Trying to find Element By {by.toString()})
2024-01-25 21:55:16,328 [main] INFO  base.BaseClass - Found Element By {by.toString()}
2024-01-25 21:55:16,871 [main] INFO  base.BaseClass - Trying to find Element By {by.toString()})
2024-01-25 21:55:16,894 [main] INFO  base.BaseClass - Found Element By {by.toString()}
2024-01-25 21:55:17,438 [main] INFO  base.BaseClass - Trying to find Element By {by.toString()})
2024-01-25 21:55:17,461 [main] INFO  base.BaseClass - Found Element By {by.toString()}
2024-01-25 21:55:18,001 [main] INFO  base.BaseClass - Trying to find Element By {by.toString()})
2024-01-25 21:55:18,026 [main] INFO  base.BaseClass - Found Element By {by.toString()}
2024-01-25 21:55:18,564 [main] INFO  base.BaseClass - Trying to find Element By {by.toString()})
2024-01-25 21:55:18,585 [main] INFO  base.BaseClass - Found Element By {by.toString()}
2024-01-25 21:55:19,116 [main] INFO  base.BaseClass - Trying to find Element By {by.toString()})
2024-01-25 21:55:19,139 [main] INFO  base.BaseClass - Found Element By {by.toString()}
2024-01-25 21:55:19,681 [main] INFO  base.BaseClass - Trying to find Element By {by.toString()})
2024-01-25 21:55:19,696 [main] INFO  base.BaseClass - Found Element By {by.toString()}
2024-01-25 21:55:20,232 [main] INFO  base.BaseClass - Trying to find Element By {by.toString()})
2024-01-25 21:55:20,254 [main] INFO  base.BaseClass - Found Element By {by.toString()}
2024-01-25 21:55:20,797 [main] INFO  base.BaseClass - Trying to find Element By {by.toString()})
2024-01-25 21:55:20,820 [main] INFO  base.BaseClass - Found Element By {by.toString()}
2024-01-25 21:55:21,346 [main] INFO  base.BaseClass - Trying to find Element By {by.toString()})
2024-01-25 21:55:21,369 [main] INFO  base.BaseClass - Found Element By {by.toString()}
2024-01-25 21:55:21,910 [main] INFO  base.BaseClass - Trying to find Element By {by.toString()})
2024-01-25 21:55:21,932 [main] INFO  base.BaseClass - Found Element By {by.toString()}
2024-01-25 21:55:22,472 [main] INFO  base.BaseClass - Trying to find Element By {by.toString()})
2024-01-25 21:55:22,488 [main] INFO  base.BaseClass - Found Element By {by.toString()}
2024-01-25 21:55:23,020 [main] INFO  base.BaseClass - Trying to find Element By {by.toString()})
2024-01-25 21:55:23,045 [main] INFO  base.BaseClass - Found Element By {by.toString()}
2024-01-25 21:55:23,585 [main] INFO  base.BaseClass - Trying to find Element By {by.toString()})
2024-01-25 21:55:23,608 [main] INFO  base.BaseClass - Found Element By {by.toString()}
2024-01-25 21:55:24,151 [main] INFO  base.BaseClass - Trying to find Element By {by.toString()})
2024-01-25 21:55:24,174 [main] INFO  base.BaseClass - Found Element By {by.toString()}
2024-01-25 21:55:24,715 [main] INFO  base.BaseClass - Trying to find Element By {by.toString()})
2024-01-25 21:55:24,739 [main] INFO  base.BaseClass - Found Element By {by.toString()}
2024-01-25 21:55:25,279 [main] INFO  base.BaseClass - Trying to find Element By {by.toString()})
2024-01-25 21:55:25,302 [main] INFO  base.BaseClass - Found Element By {by.toString()}
2024-01-25 21:55:25,846 [main] INFO  base.BaseClass - Trying to find Element By {by.toString()})
2024-01-25 21:55:25,869 [main] INFO  base.BaseClass - Found Element By {by.toString()}
2024-01-25 21:55:26,413 [main] INFO  base.BaseClass - Trying to find Element By {by.toString()})
2024-01-25 21:55:26,435 [main] INFO  base.BaseClass - Found Element By {by.toString()}
2024-01-25 21:55:26,980 [main] INFO  base.BaseClass - Trying to find Element By {by.toString()})
2024-01-25 21:55:27,000 [main] INFO  base.BaseClass - Found Element By {by.toString()}
TimeoutException occurred: Expected condition failed: waiting for helper.WaitUtility$5@24328fca (tried for 30 second(s) with 500 milliseconds interval)
Build info: version: '3.141.59', revision: 'e82be7d358', time: '2018-11-14T08:17:03'
System info: host: 'DPLAP166', ip: '137.237.3.67', os.name: 'Windows 10', os.arch: 'amd64', os.version: '10.0', java.version: '19.0.1'
Driver info: org.openqa.selenium.support.events.EventFiringWebDriver
Capabilities {acceptInsecureCerts: true, browserName: chrome, browserVersion: 121.0.6167.86, chrome: {chromedriverVersion: 121.0.6167.85 (3f98d690ad7e..., userDataDir: C:\Users\dP-PL\AppData\Loca...}, fedcm:accounts: true, goog:chromeOptions: {debuggerAddress: localhost:55748}, javascriptEnabled: true, networkConnectionEnabled: false, pageLoadStrategy: normal, platform: WINDOWS, platformName: WINDOWS, proxy: Proxy(), setWindowRect: true, strictFileInteractability: false, timeouts: {implicit: 0, pageLoad: 300000, script: 30000}, unhandledPromptBehavior: dismiss and notify, webauthn:extension:credBlob: true, webauthn:extension:largeBlob: true, webauthn:extension:minPinLength: true, webauthn:extension:prf: true, webauthn:virtualAuthenticators: true}
Session ID: 534275a55ea36884d587049a64f5a0a5
2024-01-25 21:55:27,022 [main] ERROR XGLT_15177_Test - Element did not become visible within the specified time: Expected condition failed: waiting for helper.WaitUtility$5@24328fca (tried for 30 second(s) with 500 milliseconds interval)
Build info: version: '3.141.59', revision: 'e82be7d358', time: '2018-11-14T08:17:03'
System info: host: 'DPLAP166', ip: '137.237.3.67', os.name: 'Windows 10', os.arch: 'amd64', os.version: '10.0', java.version: '19.0.1'
Driver info: org.openqa.selenium.support.events.EventFiringWebDriver
Capabilities {acceptInsecureCerts: true, browserName: chrome, browserVersion: 121.0.6167.86, chrome: {chromedriverVersion: 121.0.6167.85 (3f98d690ad7e..., userDataDir: C:\Users\dP-PL\AppData\Loca...}, fedcm:accounts: true, goog:chromeOptions: {debuggerAddress: localhost:55748}, javascriptEnabled: true, networkConnectionEnabled: false, pageLoadStrategy: normal, platform: WINDOWS, platformName: WINDOWS, proxy: Proxy(), setWindowRect: true, strictFileInteractability: false, timeouts: {implicit: 0, pageLoad: 300000, script: 30000}, unhandledPromptBehavior: dismiss and notify, webauthn:extension:credBlob: true, webauthn:extension:largeBlob: true, webauthn:extension:minPinLength: true, webauthn:extension:prf: true, webauthn:virtualAuthenticators: true}
Session ID: 534275a55ea36884d587049a64f5a0a5
2024-01-25 21:55:27,022 [main] INFO  base.BaseClass - Trying to find Element By {by.toString()})
2024-01-25 21:55:27,033 [main] INFO  base.BaseClass - Found Element By {by.toString()}
2024-01-25 21:55:27,033 [main] INFO  base.BaseClass - Trying to click on: {element.toString()}
2024-01-25 21:55:27,103 [main] INFO  base.BaseClass - Clicked on: {element.toString()}
2024-01-25 21:55:27,103 [main] INFO  base.BaseClass - Trying to find Element By {by.toString()})
2024-01-25 21:55:27,122 [main] INFO  base.BaseClass - Found Element By {by.toString()}
TimeoutException occurred: Expected condition failed: waiting for helper.WaitUtility$5@43eb581d (tried for 30 second(s) with 500 milliseconds interval)
Build info: version: '3.141.59', revision: 'e82be7d358', time: '2018-11-14T08:17:03'
System info: host: 'DPLAP166', ip: '137.237.3.67', os.name: 'Windows 10', os.arch: 'amd64', os.version: '10.0', java.version: '19.0.1'
Driver info: org.openqa.selenium.support.events.EventFiringWebDriver
Capabilities {acceptInsecureCerts: true, browserName: chrome, browserVersion: 121.0.6167.86, chrome: {chromedriverVersion: 121.0.6167.85 (3f98d690ad7e..., userDataDir: C:\Users\dP-PL\AppData\Loca...}, fedcm:accounts: true, goog:chromeOptions: {debuggerAddress: localhost:55748}, javascriptEnabled: true, networkConnectionEnabled: false, pageLoadStrategy: normal, platform: WINDOWS, platformName: WINDOWS, proxy: Proxy(), setWindowRect: true, strictFileInteractability: false, timeouts: {implicit: 0, pageLoad: 300000, script: 30000}, unhandledPromptBehavior: dismiss and notify, webauthn:extension:credBlob: true, webauthn:extension:largeBlob: true, webauthn:extension:minPinLength: true, webauthn:extension:prf: true, webauthn:virtualAuthenticators: true}
Session ID: 534275a55ea36884d587049a64f5a0a5
2024-01-25 21:55:57,613 [main] ERROR XGLT_15177_Test - Element did not become visible within the specified time: Expected condition failed: waiting for helper.WaitUtility$5@43eb581d (tried for 30 second(s) with 500 milliseconds interval)
Build info: version: '3.141.59', revision: 'e82be7d358', time: '2018-11-14T08:17:03'
System info: host: 'DPLAP166', ip: '137.237.3.67', os.name: 'Windows 10', os.arch: 'amd64', os.version: '10.0', java.version: '19.0.1'
Driver info: org.openqa.selenium.support.events.EventFiringWebDriver
Capabilities {acceptInsecureCerts: true, browserName: chrome, browserVersion: 121.0.6167.86, chrome: {chromedriverVersion: 121.0.6167.85 (3f98d690ad7e..., userDataDir: C:\Users\dP-PL\AppData\Loca...}, fedcm:accounts: true, goog:chromeOptions: {debuggerAddress: localhost:55748}, javascriptEnabled: true, networkConnectionEnabled: false, pageLoadStrategy: normal, platform: WINDOWS, platformName: WINDOWS, proxy: Proxy(), setWindowRect: true, strictFileInteractability: false, timeouts: {implicit: 0, pageLoad: 300000, script: 30000}, unhandledPromptBehavior: dismiss and notify, webauthn:extension:credBlob: true, webauthn:extension:largeBlob: true, webauthn:extension:minPinLength: true, webauthn:extension:prf: true, webauthn:virtualAuthenticators: true}
Session ID: 534275a55ea36884d587049a64f5a0a5
2024-01-25 21:55:57,613 [main] INFO  base.BaseClass - Trying to click on: {element.toString()}
2024-01-25 21:55:57,647 [main] INFO  base.BaseClass - Clicked on: {element.toString()}
2024-01-25 21:55:57,647 [main] INFO  base.BaseClass - Trying to find Element By {by.toString()})
2024-01-25 21:55:57,660 [main] INFO  base.BaseClass - Found Element By {by.toString()}
2024-01-25 21:55:58,189 [main] INFO  base.BaseClass - Trying to find Element By {by.toString()})
2024-01-25 21:55:58,206 [main] INFO  base.BaseClass - Found Element By {by.toString()}
2024-01-25 21:55:58,736 [main] INFO  base.BaseClass - Trying to find Element By {by.toString()})
2024-01-25 21:55:58,756 [main] INFO  base.BaseClass - Found Element By {by.toString()}
2024-01-25 21:55:59,302 [main] INFO  base.BaseClass - Trying to find Element By {by.toString()})
2024-01-25 21:55:59,327 [main] INFO  base.BaseClass - Found Element By {by.toString()}
2024-01-25 21:55:59,868 [main] INFO  base.BaseClass - Trying to find Element By {by.toString()})
2024-01-25 21:55:59,887 [main] INFO  base.BaseClass - Found Element By {by.toString()}
2024-01-25 21:56:00,419 [main] INFO  base.BaseClass - Trying to find Element By {by.toString()})
2024-01-25 21:56:00,441 [main] INFO  base.BaseClass - Found Element By {by.toString()}
2024-01-25 21:56:00,986 [main] INFO  base.BaseClass - Trying to find Element By {by.toString()})
2024-01-25 21:56:01,009 [main] INFO  base.BaseClass - Found Element By {by.toString()}
2024-01-25 21:56:01,551 [main] INFO  base.BaseClass - Trying to find Element By {by.toString()})
2024-01-25 21:56:01,571 [main] INFO  base.BaseClass - Found Element By {by.toString()}
2024-01-25 21:56:02,116 [main] INFO  base.BaseClass - Trying to find Element By {by.toString()})
2024-01-25 21:56:02,140 [main] INFO  base.BaseClass - Found Element By {by.toString()}
2024-01-25 21:56:02,684 [main] INFO  base.BaseClass - Trying to find Element By {by.toString()})
2024-01-25 21:56:02,704 [main] INFO  base.BaseClass - Found Element By {by.toString()}
2024-01-25 21:56:03,234 [main] INFO  base.BaseClass - Trying to find Element By {by.toString()})
2024-01-25 21:56:03,256 [main] INFO  base.BaseClass - Found Element By {by.toString()}
2024-01-25 21:56:03,799 [main] INFO  base.BaseClass - Trying to find Element By {by.toString()})
2024-01-25 21:56:03,821 [main] INFO  base.BaseClass - Found Element By {by.toString()}
2024-01-25 21:56:04,349 [main] INFO  base.BaseClass - Trying to find Element By {by.toString()})
2024-01-25 21:56:04,372 [main] INFO  base.BaseClass - Found Element By {by.toString()}
2024-01-25 21:56:04,913 [main] INFO  base.BaseClass - Trying to find Element By {by.toString()})
2024-01-25 21:56:04,937 [main] INFO  base.BaseClass - Found Element By {by.toString()}
2024-01-25 21:56:05,480 [main] INFO  base.BaseClass - Trying to find Element By {by.toString()})
2024-01-25 21:56:05,503 [main] INFO  base.BaseClass - Found Element By {by.toString()}
2024-01-25 21:56:06,047 [main] INFO  base.BaseClass - Trying to find Element By {by.toString()})
2024-01-25 21:56:06,069 [main] INFO  base.BaseClass - Found Element By {by.toString()}
2024-01-25 21:56:06,612 [main] INFO  base.BaseClass - Trying to find Element By {by.toString()})
2024-01-25 21:56:06,634 [main] INFO  base.BaseClass - Found Element By {by.toString()}
2024-01-25 21:56:07,177 [main] INFO  base.BaseClass - Trying to find Element By {by.toString()})
2024-01-25 21:56:07,201 [main] INFO  base.BaseClass - Found Element By {by.toString()}
2024-01-25 21:56:07,744 [main] INFO  base.BaseClass - Trying to find Element By {by.toString()})
2024-01-25 21:56:07,768 [main] INFO  base.BaseClass - Found Element By {by.toString()}
2024-01-25 21:56:08,312 [main] INFO  base.BaseClass - Trying to find Element By {by.toString()})
2024-01-25 21:56:08,336 [main] INFO  base.BaseClass - Found Element By {by.toString()}
2024-01-25 21:56:08,880 [main] INFO  base.BaseClass - Trying to find Element By {by.toString()})
2024-01-25 21:56:08,904 [main] INFO  base.BaseClass - Found Element By {by.toString()}
2024-01-25 21:56:09,447 [main] INFO  base.BaseClass - Trying to find Element By {by.toString()})
2024-01-25 21:56:09,471 [main] INFO  base.BaseClass - Found Element By {by.toString()}
2024-01-25 21:56:10,200 [main] INFO  base.BaseClass - Trying to find Element By {by.toString()})
2024-01-25 21:56:10,219 [main] INFO  base.BaseClass - Found Element By {by.toString()}
2024-01-25 21:56:10,751 [main] INFO  base.BaseClass - Trying to find Element By {by.toString()})
2024-01-25 21:56:10,775 [main] INFO  base.BaseClass - Found Element By {by.toString()}
2024-01-25 21:56:11,315 [main] INFO  base.BaseClass - Trying to find Element By {by.toString()})
2024-01-25 21:56:11,333 [main] INFO  base.BaseClass - Found Element By {by.toString()}
2024-01-25 21:56:11,866 [main] INFO  base.BaseClass - Trying to find Element By {by.toString()})
2024-01-25 21:56:11,887 [main] INFO  base.BaseClass - Found Element By {by.toString()}
2024-01-25 21:56:12,432 [main] INFO  base.BaseClass - Trying to find Element By {by.toString()})
2024-01-25 21:56:12,454 [main] INFO  base.BaseClass - Found Element By {by.toString()}
2024-01-25 21:56:12,999 [main] INFO  base.BaseClass - Trying to find Element By {by.toString()})
2024-01-25 21:56:13,022 [main] INFO  base.BaseClass - Found Element By {by.toString()}
2024-01-25 21:56:13,562 [main] INFO  base.BaseClass - Trying to find Element By {by.toString()})
2024-01-25 21:56:13,585 [main] INFO  base.BaseClass - Found Element By {by.toString()}
2024-01-25 21:56:14,127 [main] INFO  base.BaseClass - Trying to find Element By {by.toString()})
2024-01-25 21:56:14,149 [main] INFO  base.BaseClass - Found Element By {by.toString()}
2024-01-25 21:56:14,694 [main] INFO  base.BaseClass - Trying to find Element By {by.toString()})
2024-01-25 21:56:14,717 [main] INFO  base.BaseClass - Found Element By {by.toString()}
2024-01-25 21:56:15,257 [main] INFO  base.BaseClass - Trying to find Element By {by.toString()})
2024-01-25 21:56:15,279 [main] INFO  base.BaseClass - Found Element By {by.toString()}
2024-01-25 21:56:15,820 [main] INFO  base.BaseClass - Trying to find Element By {by.toString()})
2024-01-25 21:56:15,836 [main] INFO  base.BaseClass - Found Element By {by.toString()}
2024-01-25 21:56:16,368 [main] INFO  base.BaseClass - Trying to find Element By {by.toString()})
2024-01-25 21:56:16,390 [main] INFO  base.BaseClass - Found Element By {by.toString()}
2024-01-25 21:56:16,919 [main] INFO  base.BaseClass - Trying to find Element By {by.toString()})
2024-01-25 21:56:16,933 [main] INFO  base.BaseClass - Found Element By {by.toString()}
2024-01-25 21:56:17,468 [main] INFO  base.BaseClass - Trying to find Element By {by.toString()})
2024-01-25 21:56:17,493 [main] INFO  base.BaseClass - Found Element By {by.toString()}
2024-01-25 21:56:18,033 [main] INFO  base.BaseClass - Trying to find Element By {by.toString()})
2024-01-25 21:56:18,055 [main] INFO  base.BaseClass - Found Element By {by.toString()}
2024-01-25 21:56:18,583 [main] INFO  base.BaseClass - Trying to find Element By {by.toString()})
2024-01-25 21:56:18,606 [main] INFO  base.BaseClass - Found Element By {by.toString()}
2024-01-25 21:56:19,150 [main] INFO  base.BaseClass - Trying to find Element By {by.toString()})
2024-01-25 21:56:19,171 [main] INFO  base.BaseClass - Found Element By {by.toString()}
2024-01-25 21:56:19,716 [main] INFO  base.BaseClass - Trying to find Element By {by.toString()})
2024-01-25 21:56:19,739 [main] INFO  base.BaseClass - Found Element By {by.toString()}
2024-01-25 21:56:20,282 [main] INFO  base.BaseClass - Trying to find Element By {by.toString()})
2024-01-25 21:56:20,305 [main] INFO  base.BaseClass - Found Element By {by.toString()}
2024-01-25 21:56:20,848 [main] INFO  base.BaseClass - Trying to find Element By {by.toString()})
2024-01-25 21:56:20,875 [main] INFO  base.BaseClass - Found Element By {by.toString()}
2024-01-25 21:56:21,415 [main] INFO  base.BaseClass - Trying to find Element By {by.toString()})
2024-01-25 21:56:21,440 [main] INFO  base.BaseClass - Found Element By {by.toString()}
2024-01-25 21:56:21,981 [main] INFO  base.BaseClass - Trying to find Element By {by.toString()})
2024-01-25 21:56:22,003 [main] INFO  base.BaseClass - Found Element By {by.toString()}
2024-01-25 21:56:22,543 [main] INFO  base.BaseClass - Trying to find Element By {by.toString()})
2024-01-25 21:56:22,567 [main] INFO  base.BaseClass - Found Element By {by.toString()}
2024-01-25 21:56:23,111 [main] INFO  base.BaseClass - Trying to find Element By {by.toString()})
2024-01-25 21:56:23,135 [main] INFO  base.BaseClass - Found Element By {by.toString()}
2024-01-25 21:56:23,679 [main] INFO  base.BaseClass - Trying to find Element By {by.toString()})
2024-01-25 21:56:23,703 [main] INFO  base.BaseClass - Found Element By {by.toString()}
2024-01-25 21:56:24,242 [main] INFO  base.BaseClass - Trying to find Element By {by.toString()})
2024-01-25 21:56:24,264 [main] INFO  base.BaseClass - Found Element By {by.toString()}
2024-01-25 21:56:24,804 [main] INFO  base.BaseClass - Trying to find Element By {by.toString()})
2024-01-25 21:56:24,826 [main] INFO  base.BaseClass - Found Element By {by.toString()}
2024-01-25 21:56:25,364 [main] INFO  base.BaseClass - Trying to find Element By {by.toString()})
2024-01-25 21:56:25,388 [main] INFO  base.BaseClass - Found Element By {by.toString()}
2024-01-25 21:56:25,930 [main] INFO  base.BaseClass - Trying to find Element By {by.toString()})
2024-01-25 21:56:25,951 [main] INFO  base.BaseClass - Found Element By {by.toString()}
2024-01-25 21:56:26,482 [main] INFO  base.BaseClass - Trying to find Element By {by.toString()})
2024-01-25 21:56:26,504 [main] INFO  base.BaseClass - Found Element By {by.toString()}
2024-01-25 21:56:27,048 [main] INFO  base.BaseClass - Trying to find Element By {by.toString()})
2024-01-25 21:56:27,070 [main] INFO  base.BaseClass - Found Element By {by.toString()}
2024-01-25 21:56:27,612 [main] INFO  base.BaseClass - Trying to find Element By {by.toString()})
2024-01-25 21:56:27,636 [main] INFO  base.BaseClass - Found Element By {by.toString()}
TimeoutException occurred: Expected condition failed: waiting for helper.WaitUtility$5@2f9739e0 (tried for 30 second(s) with 500 milliseconds interval)
Build info: version: '3.141.59', revision: 'e82be7d358', time: '2018-11-14T08:17:03'
System info: host: 'DPLAP166', ip: '137.237.3.67', os.name: 'Windows 10', os.arch: 'amd64', os.version: '10.0', java.version: '19.0.1'
Driver info: org.openqa.selenium.support.events.EventFiringWebDriver
Capabilities {acceptInsecureCerts: true, browserName: chrome, browserVersion: 121.0.6167.86, chrome: {chromedriverVersion: 121.0.6167.85 (3f98d690ad7e..., userDataDir: C:\Users\dP-PL\AppData\Loca...}, fedcm:accounts: true, goog:chromeOptions: {debuggerAddress: localhost:55748}, javascriptEnabled: true, networkConnectionEnabled: false, pageLoadStrategy: normal, platform: WINDOWS, platformName: WINDOWS, proxy: Proxy(), setWindowRect: true, strictFileInteractability: false, timeouts: {implicit: 0, pageLoad: 300000, script: 30000}, unhandledPromptBehavior: dismiss and notify, webauthn:extension:credBlob: true, webauthn:extension:largeBlob: true, webauthn:extension:minPinLength: true, webauthn:extension:prf: true, webauthn:virtualAuthenticators: true}
Session ID: 534275a55ea36884d587049a64f5a0a5
2024-01-25 21:56:27,668 [main] ERROR XGLT_15177_Test - Element did not become visible within the specified time: Expected condition failed: waiting for helper.WaitUtility$5@2f9739e0 (tried for 30 second(s) with 500 milliseconds interval)
Build info: version: '3.141.59', revision: 'e82be7d358', time: '2018-11-14T08:17:03'
System info: host: 'DPLAP166', ip: '137.237.3.67', os.name: 'Windows 10', os.arch: 'amd64', os.version: '10.0', java.version: '19.0.1'
Driver info: org.openqa.selenium.support.events.EventFiringWebDriver
Capabilities {acceptInsecureCerts: true, browserName: chrome, browserVersion: 121.0.6167.86, chrome: {chromedriverVersion: 121.0.6167.85 (3f98d690ad7e..., userDataDir: C:\Users\dP-PL\AppData\Loca...}, fedcm:accounts: true, goog:chromeOptions: {debuggerAddress: localhost:55748}, javascriptEnabled: true, networkConnectionEnabled: false, pageLoadStrategy: normal, platform: WINDOWS, platformName: WINDOWS, proxy: Proxy(), setWindowRect: true, strictFileInteractability: false, timeouts: {implicit: 0, pageLoad: 300000, script: 30000}, unhandledPromptBehavior: dismiss and notify, webauthn:extension:credBlob: true, webauthn:extension:largeBlob: true, webauthn:extension:minPinLength: true, webauthn:extension:prf: true, webauthn:virtualAuthenticators: true}
Session ID: 534275a55ea36884d587049a64f5a0a5
2024-01-25 21:56:27,668 [main] INFO  base.BaseClass - Trying to find Element By {by.toString()})
2024-01-25 21:56:27,688 [main] INFO  base.BaseClass - Found Element By {by.toString()}
2024-01-25 21:56:27,688 [main] INFO  base.BaseClass - Trying to click on: {element.toString()}
2024-01-25 21:56:27,799 [main] INFO  base.BaseClass - Clicked on: {element.toString()}
2024-01-25 21:56:27,801 [main] INFO  base.BaseClass - Trying to find Element By {by.toString()})
2024-01-25 21:56:27,813 [main] INFO  base.BaseClass - Found Element By {by.toString()}
2024-01-25 21:56:27,837 [main] INFO  base.BaseClass - Trying to find Element By {by.toString()})
2024-01-25 21:56:27,854 [main] INFO  base.BaseClass - Found Element By {by.toString()}
Writing on Excel file Finished ...
CreateNewSalesPerson passed!
]]></system-out>
    <system-err><![CDATA[Starting ChromeDriver 121.0.6167.85 (3f98d690ad7e59242ef110144c757b2ac4eef1a2-refs/branch-heads/6167@{#1539}) on port 19767
Only local connections are allowed.
Please see https://chromedriver.chromium.org/security-considerations for suggestions on keeping ChromeDriver safe.
ChromeDriver was started successfully.
Jan 25, 2024 9:50:56 PM org.openqa.selenium.remote.ProtocolHandshake createSession
INFO: Detected dialect: W3C
]]></system-err>
  </testcase>
  <testcase name="MissonControlReset" classname="XGLT_6693_Test" time="427.517">
    <system-out><![CDATA[2024-01-25 21:56:30,013 [main] INFO  XGLT_15177_Test - closing up browser
2024-01-25 21:56:30,271 [main] INFO  base.BaseClass - Login to XGL
2024-01-25 21:56:30,271 [main] INFO  XGLT_15177_Test - Setting up browser
2024-01-25 21:56:30,302 [main] INFO  io.github.bonigarcia.wdm.WebDriverManager - Using chromedriver 121.0.6167.85 (resolved driver for Chrome 121)
2024-01-25 21:56:30,321 [main] INFO  io.github.bonigarcia.wdm.WebDriverManager - Exporting webdriver.chrome.driver as C:\Users\dP-PL\.cache\selenium\chromedriver\win64\121.0.6167.85\chromedriver.exe
2024-01-25 21:56:31,310 [main] INFO  base.BaseClass - Before navigating to {url}
2024-01-25 21:56:38,462 [main] INFO  base.BaseClass - Navigated to {url}
2024-01-25 21:56:38,863 [main] INFO  base.BaseClass - Trying to find Element By {by.toString()})
2024-01-25 21:56:38,879 [main] INFO  base.BaseClass - Found Element By {by.toString()}
2024-01-25 21:56:38,923 [main] INFO  base.BaseClass - Trying to find Element By {by.toString()})
2024-01-25 21:56:38,934 [main] INFO  base.BaseClass - Found Element By {by.toString()}
2024-01-25 21:56:38,996 [main] INFO  base.BaseClass - Trying to find Element By {by.toString()})
2024-01-25 21:56:39,008 [main] INFO  base.BaseClass - Found Element By {by.toString()}
2024-01-25 21:56:39,008 [main] INFO  base.BaseClass - Trying to click on: {element.toString()}
2024-01-25 21:56:39,049 [main] INFO  base.BaseClass - Clicked on: {element.toString()}
2024-01-25 21:56:39,049 [main] INFO  base.BaseClass - Trying to find Element By {by.toString()})
2024-01-25 21:56:43,298 [main] INFO  base.BaseClass - Found Element By {by.toString()}
2024-01-25 21:56:43,319 [main] INFO  base.BaseClass - Trying to find Element By {by.toString()})
NoSuchElementException occurred: no such element: Unable to locate element: {"method":"xpath","selector":"//div[@class='modal-content']/div/i[contains(@class,'close')]"}
  (Session info: chrome=121.0.6167.86)
For documentation on this error, please visit: https://www.seleniumhq.org/exceptions/no_such_element.html
Build info: version: '3.141.59', revision: 'e82be7d358', time: '2018-11-14T08:17:03'
System info: host: 'DPLAP166', ip: '137.237.3.67', os.name: 'Windows 10', os.arch: 'amd64', os.version: '10.0', java.version: '19.0.1'
Driver info: org.openqa.selenium.chrome.ChromeDriver
Capabilities {acceptInsecureCerts: true, browserName: chrome, browserVersion: 121.0.6167.86, chrome: {chromedriverVersion: 121.0.6167.85 (3f98d690ad7e..., userDataDir: C:\Users\dP-PL\AppData\Loca...}, fedcm:accounts: true, goog:chromeOptions: {debuggerAddress: localhost:55783}, javascriptEnabled: true, networkConnectionEnabled: false, pageLoadStrategy: normal, platform: WINDOWS, platformName: WINDOWS, proxy: Proxy(), setWindowRect: true, strictFileInteractability: false, timeouts: {implicit: 0, pageLoad: 300000, script: 30000}, unhandledPromptBehavior: dismiss and notify, webauthn:extension:credBlob: true, webauthn:extension:largeBlob: true, webauthn:extension:minPinLength: true, webauthn:extension:prf: true, webauthn:virtualAuthenticators: true}
Session ID: 239787ae390c8ea1f8fcdd2fa3d4318e
*** Element info: {Using=xpath, value=//div[@class='modal-content']/div/i[contains(@class,'close')]}
Before method Test name: Maintainance Tests
MissonControlReset started!
2024-01-25 21:57:33,351 [main] INFO  base.BaseClass - Trying to find Element By {by.toString()})
2024-01-25 21:57:33,385 [main] INFO  base.BaseClass - Found Element By {by.toString()}
2024-01-25 21:57:33,931 [main] INFO  base.BaseClass - Trying to find Element By {by.toString()})
2024-01-25 21:57:33,954 [main] INFO  base.BaseClass - Found Element By {by.toString()}
2024-01-25 21:57:34,499 [main] INFO  base.BaseClass - Trying to find Element By {by.toString()})
2024-01-25 21:57:34,521 [main] INFO  base.BaseClass - Found Element By {by.toString()}
2024-01-25 21:57:35,060 [main] INFO  base.BaseClass - Trying to find Element By {by.toString()})
2024-01-25 21:57:35,083 [main] INFO  base.BaseClass - Found Element By {by.toString()}
2024-01-25 21:57:35,625 [main] INFO  base.BaseClass - Trying to find Element By {by.toString()})
2024-01-25 21:57:35,647 [main] INFO  base.BaseClass - Found Element By {by.toString()}
2024-01-25 21:57:36,176 [main] INFO  base.BaseClass - Trying to find Element By {by.toString()})
2024-01-25 21:57:36,199 [main] INFO  base.BaseClass - Found Element By {by.toString()}
2024-01-25 21:57:36,740 [main] INFO  base.BaseClass - Trying to find Element By {by.toString()})
2024-01-25 21:57:36,765 [main] INFO  base.BaseClass - Found Element By {by.toString()}
2024-01-25 21:57:37,304 [main] INFO  base.BaseClass - Trying to find Element By {by.toString()})
2024-01-25 21:57:37,328 [main] INFO  base.BaseClass - Found Element By {by.toString()}
2024-01-25 21:57:37,869 [main] INFO  base.BaseClass - Trying to find Element By {by.toString()})
2024-01-25 21:57:37,892 [main] INFO  base.BaseClass - Found Element By {by.toString()}
2024-01-25 21:57:38,437 [main] INFO  base.BaseClass - Trying to find Element By {by.toString()})
2024-01-25 21:57:38,461 [main] INFO  base.BaseClass - Found Element By {by.toString()}
2024-01-25 21:57:38,999 [main] INFO  base.BaseClass - Trying to find Element By {by.toString()})
2024-01-25 21:57:39,022 [main] INFO  base.BaseClass - Found Element By {by.toString()}
2024-01-25 21:57:39,550 [main] INFO  base.BaseClass - Trying to find Element By {by.toString()})
2024-01-25 21:57:39,574 [main] INFO  base.BaseClass - Found Element By {by.toString()}
2024-01-25 21:57:40,119 [main] INFO  base.BaseClass - Trying to find Element By {by.toString()})
2024-01-25 21:57:40,133 [main] INFO  base.BaseClass - Found Element By {by.toString()}
2024-01-25 21:57:40,657 [main] INFO  base.BaseClass - Trying to find Element By {by.toString()})
2024-01-25 21:57:40,677 [main] INFO  base.BaseClass - Found Element By {by.toString()}
2024-01-25 21:57:41,218 [main] INFO  base.BaseClass - Trying to find Element By {by.toString()})
2024-01-25 21:57:41,242 [main] INFO  base.BaseClass - Found Element By {by.toString()}
2024-01-25 21:57:41,785 [main] INFO  base.BaseClass - Trying to find Element By {by.toString()})
2024-01-25 21:57:41,810 [main] INFO  base.BaseClass - Found Element By {by.toString()}
2024-01-25 21:57:42,352 [main] INFO  base.BaseClass - Trying to find Element By {by.toString()})
2024-01-25 21:57:42,375 [main] INFO  base.BaseClass - Found Element By {by.toString()}
2024-01-25 21:57:42,916 [main] INFO  base.BaseClass - Trying to find Element By {by.toString()})
2024-01-25 21:57:42,939 [main] INFO  base.BaseClass - Found Element By {by.toString()}
2024-01-25 21:57:43,480 [main] INFO  base.BaseClass - Trying to find Element By {by.toString()})
2024-01-25 21:57:43,503 [main] INFO  base.BaseClass - Found Element By {by.toString()}
2024-01-25 21:57:44,046 [main] INFO  base.BaseClass - Trying to find Element By {by.toString()})
2024-01-25 21:57:44,069 [main] INFO  base.BaseClass - Found Element By {by.toString()}
2024-01-25 21:57:44,614 [main] INFO  base.BaseClass - Trying to find Element By {by.toString()})
2024-01-25 21:57:44,636 [main] INFO  base.BaseClass - Found Element By {by.toString()}
2024-01-25 21:57:45,167 [main] INFO  base.BaseClass - Trying to find Element By {by.toString()})
2024-01-25 21:57:45,190 [main] INFO  base.BaseClass - Found Element By {by.toString()}
2024-01-25 21:57:45,734 [main] INFO  base.BaseClass - Trying to find Element By {by.toString()})
2024-01-25 21:57:45,755 [main] INFO  base.BaseClass - Found Element By {by.toString()}
2024-01-25 21:57:46,286 [main] INFO  base.BaseClass - Trying to find Element By {by.toString()})
2024-01-25 21:57:46,308 [main] INFO  base.BaseClass - Found Element By {by.toString()}
2024-01-25 21:57:46,850 [main] INFO  base.BaseClass - Trying to find Element By {by.toString()})
2024-01-25 21:57:46,875 [main] INFO  base.BaseClass - Found Element By {by.toString()}
2024-01-25 21:57:47,416 [main] INFO  base.BaseClass - Trying to find Element By {by.toString()})
2024-01-25 21:57:47,440 [main] INFO  base.BaseClass - Found Element By {by.toString()}
2024-01-25 21:57:47,982 [main] INFO  base.BaseClass - Trying to find Element By {by.toString()})
2024-01-25 21:57:48,007 [main] INFO  base.BaseClass - Found Element By {by.toString()}
2024-01-25 21:57:48,548 [main] INFO  base.BaseClass - Trying to find Element By {by.toString()})
2024-01-25 21:57:48,572 [main] INFO  base.BaseClass - Found Element By {by.toString()}
2024-01-25 21:57:49,115 [main] INFO  base.BaseClass - Trying to find Element By {by.toString()})
2024-01-25 21:57:49,138 [main] INFO  base.BaseClass - Found Element By {by.toString()}
2024-01-25 21:57:49,679 [main] INFO  base.BaseClass - Trying to find Element By {by.toString()})
2024-01-25 21:57:49,702 [main] INFO  base.BaseClass - Found Element By {by.toString()}
2024-01-25 21:57:50,249 [main] INFO  base.BaseClass - Trying to find Element By {by.toString()})
2024-01-25 21:57:50,272 [main] INFO  base.BaseClass - Found Element By {by.toString()}
2024-01-25 21:57:50,815 [main] INFO  base.BaseClass - Trying to find Element By {by.toString()})
2024-01-25 21:57:50,835 [main] INFO  base.BaseClass - Found Element By {by.toString()}
2024-01-25 21:57:51,379 [main] INFO  base.BaseClass - Trying to find Element By {by.toString()})
2024-01-25 21:57:51,399 [main] INFO  base.BaseClass - Found Element By {by.toString()}
2024-01-25 21:57:51,930 [main] INFO  base.BaseClass - Trying to find Element By {by.toString()})
2024-01-25 21:57:51,953 [main] INFO  base.BaseClass - Found Element By {by.toString()}
2024-01-25 21:57:52,479 [main] INFO  base.BaseClass - Trying to find Element By {by.toString()})
2024-01-25 21:57:52,500 [main] INFO  base.BaseClass - Found Element By {by.toString()}
2024-01-25 21:57:53,044 [main] INFO  base.BaseClass - Trying to find Element By {by.toString()})
2024-01-25 21:57:53,067 [main] INFO  base.BaseClass - Found Element By {by.toString()}
2024-01-25 21:57:53,595 [main] INFO  base.BaseClass - Trying to find Element By {by.toString()})
2024-01-25 21:57:53,619 [main] INFO  base.BaseClass - Found Element By {by.toString()}
2024-01-25 21:57:54,161 [main] INFO  base.BaseClass - Trying to find Element By {by.toString()})
2024-01-25 21:57:54,186 [main] INFO  base.BaseClass - Found Element By {by.toString()}
2024-01-25 21:57:54,728 [main] INFO  base.BaseClass - Trying to find Element By {by.toString()})
2024-01-25 21:57:54,753 [main] INFO  base.BaseClass - Found Element By {by.toString()}
2024-01-25 21:57:55,308 [main] INFO  base.BaseClass - Trying to find Element By {by.toString()})
2024-01-25 21:57:55,333 [main] INFO  base.BaseClass - Found Element By {by.toString()}
2024-01-25 21:57:55,887 [main] INFO  base.BaseClass - Trying to find Element By {by.toString()})
2024-01-25 21:57:55,910 [main] INFO  base.BaseClass - Found Element By {by.toString()}
2024-01-25 21:57:56,452 [main] INFO  base.BaseClass - Trying to find Element By {by.toString()})
2024-01-25 21:57:56,476 [main] INFO  base.BaseClass - Found Element By {by.toString()}
2024-01-25 21:57:57,017 [main] INFO  base.BaseClass - Trying to find Element By {by.toString()})
2024-01-25 21:57:57,039 [main] INFO  base.BaseClass - Found Element By {by.toString()}
2024-01-25 21:57:57,582 [main] INFO  base.BaseClass - Trying to find Element By {by.toString()})
2024-01-25 21:57:57,606 [main] INFO  base.BaseClass - Found Element By {by.toString()}
2024-01-25 21:57:58,148 [main] INFO  base.BaseClass - Trying to find Element By {by.toString()})
2024-01-25 21:57:58,172 [main] INFO  base.BaseClass - Found Element By {by.toString()}
2024-01-25 21:57:58,712 [main] INFO  base.BaseClass - Trying to find Element By {by.toString()})
2024-01-25 21:57:58,731 [main] INFO  base.BaseClass - Found Element By {by.toString()}
2024-01-25 21:57:59,261 [main] INFO  base.BaseClass - Trying to find Element By {by.toString()})
2024-01-25 21:57:59,283 [main] INFO  base.BaseClass - Found Element By {by.toString()}
2024-01-25 21:57:59,826 [main] INFO  base.BaseClass - Trying to find Element By {by.toString()})
2024-01-25 21:58:00,232 [main] INFO  base.BaseClass - Found Element By {by.toString()}
2024-01-25 21:58:00,770 [main] INFO  base.BaseClass - Trying to find Element By {by.toString()})
2024-01-25 21:58:00,793 [main] INFO  base.BaseClass - Found Element By {by.toString()}
2024-01-25 21:58:01,336 [main] INFO  base.BaseClass - Trying to find Element By {by.toString()})
2024-01-25 21:58:01,361 [main] INFO  base.BaseClass - Found Element By {by.toString()}
2024-01-25 21:58:01,900 [main] INFO  base.BaseClass - Trying to find Element By {by.toString()})
2024-01-25 21:58:01,923 [main] INFO  base.BaseClass - Found Element By {by.toString()}
2024-01-25 21:58:02,462 [main] INFO  base.BaseClass - Trying to find Element By {by.toString()})
2024-01-25 21:58:02,481 [main] INFO  base.BaseClass - Found Element By {by.toString()}
2024-01-25 21:58:03,010 [main] INFO  base.BaseClass - Trying to find Element By {by.toString()})
2024-01-25 21:58:03,033 [main] INFO  base.BaseClass - Found Element By {by.toString()}
2024-01-25 21:58:03,577 [main] INFO  base.BaseClass - Trying to find Element By {by.toString()})
2024-01-25 21:58:03,600 [main] INFO  base.BaseClass - Found Element By {by.toString()}
TimeoutException occurred: Expected condition failed: waiting for helper.WaitUtility$5@16a58368 (tried for 30 second(s) with 500 milliseconds interval)
Build info: version: '3.141.59', revision: 'e82be7d358', time: '2018-11-14T08:17:03'
System info: host: 'DPLAP166', ip: '137.237.3.67', os.name: 'Windows 10', os.arch: 'amd64', os.version: '10.0', java.version: '19.0.1'
Driver info: org.openqa.selenium.support.events.EventFiringWebDriver
Capabilities {acceptInsecureCerts: true, browserName: chrome, browserVersion: 121.0.6167.86, chrome: {chromedriverVersion: 121.0.6167.85 (3f98d690ad7e..., userDataDir: C:\Users\dP-PL\AppData\Loca...}, fedcm:accounts: true, goog:chromeOptions: {debuggerAddress: localhost:55783}, javascriptEnabled: true, networkConnectionEnabled: false, pageLoadStrategy: normal, platform: WINDOWS, platformName: WINDOWS, proxy: Proxy(), setWindowRect: true, strictFileInteractability: false, timeouts: {implicit: 0, pageLoad: 300000, script: 30000}, unhandledPromptBehavior: dismiss and notify, webauthn:extension:credBlob: true, webauthn:extension:largeBlob: true, webauthn:extension:minPinLength: true, webauthn:extension:prf: true, webauthn:virtualAuthenticators: true}
Session ID: 239787ae390c8ea1f8fcdd2fa3d4318e
2024-01-25 21:58:03,633 [main] ERROR XGLT_15177_Test - Element did not become visible within the specified time: Expected condition failed: waiting for helper.WaitUtility$5@16a58368 (tried for 30 second(s) with 500 milliseconds interval)
Build info: version: '3.141.59', revision: 'e82be7d358', time: '2018-11-14T08:17:03'
System info: host: 'DPLAP166', ip: '137.237.3.67', os.name: 'Windows 10', os.arch: 'amd64', os.version: '10.0', java.version: '19.0.1'
Driver info: org.openqa.selenium.support.events.EventFiringWebDriver
Capabilities {acceptInsecureCerts: true, browserName: chrome, browserVersion: 121.0.6167.86, chrome: {chromedriverVersion: 121.0.6167.85 (3f98d690ad7e..., userDataDir: C:\Users\dP-PL\AppData\Loca...}, fedcm:accounts: true, goog:chromeOptions: {debuggerAddress: localhost:55783}, javascriptEnabled: true, networkConnectionEnabled: false, pageLoadStrategy: normal, platform: WINDOWS, platformName: WINDOWS, proxy: Proxy(), setWindowRect: true, strictFileInteractability: false, timeouts: {implicit: 0, pageLoad: 300000, script: 30000}, unhandledPromptBehavior: dismiss and notify, webauthn:extension:credBlob: true, webauthn:extension:largeBlob: true, webauthn:extension:minPinLength: true, webauthn:extension:prf: true, webauthn:virtualAuthenticators: true}
Session ID: 239787ae390c8ea1f8fcdd2fa3d4318e
2024-01-25 21:58:03,633 [main] INFO  base.BaseClass - Trying to find Element By {by.toString()})
2024-01-25 21:58:03,653 [main] INFO  base.BaseClass - Found Element By {by.toString()}
2024-01-25 21:58:03,718 [main] INFO  base.BaseClass - Trying to find Element By {by.toString()})
2024-01-25 21:58:03,728 [main] INFO  base.BaseClass - Found Element By {by.toString()}
2024-01-25 21:58:03,735 [main] INFO  base.BaseClass - Trying to find Element By {by.toString()})
2024-01-25 21:58:03,744 [main] INFO  base.BaseClass - Found Element By {by.toString()}
2024-01-25 21:58:03,752 [main] INFO  base.BaseClass - Trying to find Element By {by.toString()})
2024-01-25 21:58:03,761 [main] INFO  base.BaseClass - Found Element By {by.toString()}
2024-01-25 21:58:04,295 [main] INFO  base.BaseClass - Trying to find Element By {by.toString()})
2024-01-25 21:58:04,320 [main] INFO  base.BaseClass - Found Element By {by.toString()}
2024-01-25 21:58:04,861 [main] INFO  base.BaseClass - Trying to find Element By {by.toString()})
2024-01-25 21:58:04,884 [main] INFO  base.BaseClass - Found Element By {by.toString()}
2024-01-25 21:58:05,411 [main] INFO  base.BaseClass - Trying to find Element By {by.toString()})
2024-01-25 21:58:05,431 [main] INFO  base.BaseClass - Found Element By {by.toString()}
2024-01-25 21:58:05,959 [main] INFO  base.BaseClass - Trying to find Element By {by.toString()})
2024-01-25 21:58:05,982 [main] INFO  base.BaseClass - Found Element By {by.toString()}
2024-01-25 21:58:06,524 [main] INFO  base.BaseClass - Trying to find Element By {by.toString()})
2024-01-25 21:58:06,547 [main] INFO  base.BaseClass - Found Element By {by.toString()}
2024-01-25 21:58:07,088 [main] INFO  base.BaseClass - Trying to find Element By {by.toString()})
2024-01-25 21:58:07,119 [main] INFO  base.BaseClass - Found Element By {by.toString()}
2024-01-25 21:58:07,670 [main] INFO  base.BaseClass - Trying to find Element By {by.toString()})
2024-01-25 21:58:07,696 [main] INFO  base.BaseClass - Found Element By {by.toString()}
2024-01-25 21:58:08,241 [main] INFO  base.BaseClass - Trying to find Element By {by.toString()})
2024-01-25 21:58:08,267 [main] INFO  base.BaseClass - Found Element By {by.toString()}
2024-01-25 21:58:08,815 [main] INFO  base.BaseClass - Trying to find Element By {by.toString()})
2024-01-25 21:58:08,839 [main] INFO  base.BaseClass - Found Element By {by.toString()}
2024-01-25 21:58:09,389 [main] INFO  base.BaseClass - Trying to find Element By {by.toString()})
2024-01-25 21:58:09,413 [main] INFO  base.BaseClass - Found Element By {by.toString()}
2024-01-25 21:58:09,952 [main] INFO  base.BaseClass - Trying to find Element By {by.toString()})
2024-01-25 21:58:09,977 [main] INFO  base.BaseClass - Found Element By {by.toString()}
2024-01-25 21:58:10,508 [main] INFO  base.BaseClass - Trying to find Element By {by.toString()})
2024-01-25 21:58:10,529 [main] INFO  base.BaseClass - Found Element By {by.toString()}
2024-01-25 21:58:11,067 [main] INFO  base.BaseClass - Trying to find Element By {by.toString()})
2024-01-25 21:58:11,078 [main] INFO  base.BaseClass - Found Element By {by.toString()}
2024-01-25 21:58:11,609 [main] INFO  base.BaseClass - Trying to find Element By {by.toString()})
2024-01-25 21:58:11,635 [main] INFO  base.BaseClass - Found Element By {by.toString()}
2024-01-25 21:58:12,166 [main] INFO  base.BaseClass - Trying to find Element By {by.toString()})
2024-01-25 21:58:12,174 [main] INFO  base.BaseClass - Found Element By {by.toString()}
2024-01-25 21:58:12,690 [main] INFO  base.BaseClass - Trying to find Element By {by.toString()})
2024-01-25 21:58:12,707 [main] INFO  base.BaseClass - Found Element By {by.toString()}
2024-01-25 21:58:13,233 [main] INFO  base.BaseClass - Trying to find Element By {by.toString()})
2024-01-25 21:58:13,259 [main] INFO  base.BaseClass - Found Element By {by.toString()}
2024-01-25 21:58:13,790 [main] INFO  base.BaseClass - Trying to find Element By {by.toString()})
2024-01-25 21:58:13,806 [main] INFO  base.BaseClass - Found Element By {by.toString()}
2024-01-25 21:58:14,346 [main] INFO  base.BaseClass - Trying to find Element By {by.toString()})
2024-01-25 21:58:14,363 [main] INFO  base.BaseClass - Found Element By {by.toString()}
2024-01-25 21:58:14,901 [main] INFO  base.BaseClass - Trying to find Element By {by.toString()})
2024-01-25 21:58:14,925 [main] INFO  base.BaseClass - Found Element By {by.toString()}
2024-01-25 21:58:15,465 [main] INFO  base.BaseClass - Trying to find Element By {by.toString()})
2024-01-25 21:58:15,487 [main] INFO  base.BaseClass - Found Element By {by.toString()}
2024-01-25 21:58:16,036 [main] INFO  base.BaseClass - Trying to find Element By {by.toString()})
2024-01-25 21:58:16,053 [main] INFO  base.BaseClass - Found Element By {by.toString()}
2024-01-25 21:58:16,593 [main] INFO  base.BaseClass - Trying to find Element By {by.toString()})
2024-01-25 21:58:16,610 [main] INFO  base.BaseClass - Found Element By {by.toString()}
2024-01-25 21:58:17,147 [main] INFO  base.BaseClass - Trying to find Element By {by.toString()})
2024-01-25 21:58:17,164 [main] INFO  base.BaseClass - Found Element By {by.toString()}
2024-01-25 21:58:17,703 [main] INFO  base.BaseClass - Trying to find Element By {by.toString()})
2024-01-25 21:58:17,718 [main] INFO  base.BaseClass - Found Element By {by.toString()}
2024-01-25 21:58:18,241 [main] INFO  base.BaseClass - Trying to find Element By {by.toString()})
2024-01-25 21:58:18,258 [main] INFO  base.BaseClass - Found Element By {by.toString()}
2024-01-25 21:58:18,783 [main] INFO  base.BaseClass - Trying to find Element By {by.toString()})
2024-01-25 21:58:18,795 [main] INFO  base.BaseClass - Found Element By {by.toString()}
2024-01-25 21:58:19,325 [main] INFO  base.BaseClass - Trying to find Element By {by.toString()})
2024-01-25 21:58:19,353 [main] INFO  base.BaseClass - Found Element By {by.toString()}
2024-01-25 21:58:19,903 [main] INFO  base.BaseClass - Trying to find Element By {by.toString()})
2024-01-25 21:58:19,924 [main] INFO  base.BaseClass - Found Element By {by.toString()}
2024-01-25 21:58:20,459 [main] INFO  base.BaseClass - Trying to find Element By {by.toString()})
2024-01-25 21:58:20,485 [main] INFO  base.BaseClass - Found Element By {by.toString()}
2024-01-25 21:58:21,024 [main] INFO  base.BaseClass - Trying to find Element By {by.toString()})
2024-01-25 21:58:21,049 [main] INFO  base.BaseClass - Found Element By {by.toString()}
2024-01-25 21:58:21,576 [main] INFO  base.BaseClass - Trying to find Element By {by.toString()})
2024-01-25 21:58:21,589 [main] INFO  base.BaseClass - Found Element By {by.toString()}
2024-01-25 21:58:22,113 [main] INFO  base.BaseClass - Trying to find Element By {by.toString()})
2024-01-25 21:58:22,135 [main] INFO  base.BaseClass - Found Element By {by.toString()}
2024-01-25 21:58:22,677 [main] INFO  base.BaseClass - Trying to find Element By {by.toString()})
2024-01-25 21:58:22,703 [main] INFO  base.BaseClass - Found Element By {by.toString()}
2024-01-25 21:58:23,242 [main] INFO  base.BaseClass - Trying to find Element By {by.toString()})
2024-01-25 21:58:23,264 [main] INFO  base.BaseClass - Found Element By {by.toString()}
2024-01-25 21:58:23,807 [main] INFO  base.BaseClass - Trying to find Element By {by.toString()})
2024-01-25 21:58:23,830 [main] INFO  base.BaseClass - Found Element By {by.toString()}
2024-01-25 21:58:24,376 [main] INFO  base.BaseClass - Trying to find Element By {by.toString()})
2024-01-25 21:58:24,394 [main] INFO  base.BaseClass - Found Element By {by.toString()}
2024-01-25 21:58:24,928 [main] INFO  base.BaseClass - Trying to find Element By {by.toString()})
2024-01-25 21:58:24,951 [main] INFO  base.BaseClass - Found Element By {by.toString()}
2024-01-25 21:58:25,493 [main] INFO  base.BaseClass - Trying to find Element By {by.toString()})
2024-01-25 21:58:25,517 [main] INFO  base.BaseClass - Found Element By {by.toString()}
2024-01-25 21:58:26,060 [main] INFO  base.BaseClass - Trying to find Element By {by.toString()})
2024-01-25 21:58:26,083 [main] INFO  base.BaseClass - Found Element By {by.toString()}
2024-01-25 21:58:26,612 [main] INFO  base.BaseClass - Trying to find Element By {by.toString()})
2024-01-25 21:58:26,637 [main] INFO  base.BaseClass - Found Element By {by.toString()}
2024-01-25 21:58:27,179 [main] INFO  base.BaseClass - Trying to find Element By {by.toString()})
2024-01-25 21:58:27,202 [main] INFO  base.BaseClass - Found Element By {by.toString()}
2024-01-25 21:58:27,744 [main] INFO  base.BaseClass - Trying to find Element By {by.toString()})
2024-01-25 21:58:27,767 [main] INFO  base.BaseClass - Found Element By {by.toString()}
2024-01-25 21:58:28,311 [main] INFO  base.BaseClass - Trying to find Element By {by.toString()})
2024-01-25 21:58:28,334 [main] INFO  base.BaseClass - Found Element By {by.toString()}
2024-01-25 21:58:28,875 [main] INFO  base.BaseClass - Trying to find Element By {by.toString()})
2024-01-25 21:58:28,897 [main] INFO  base.BaseClass - Found Element By {by.toString()}
2024-01-25 21:58:29,441 [main] INFO  base.BaseClass - Trying to find Element By {by.toString()})
2024-01-25 21:58:29,464 [main] INFO  base.BaseClass - Found Element By {by.toString()}
2024-01-25 21:58:29,989 [main] INFO  base.BaseClass - Trying to find Element By {by.toString()})
2024-01-25 21:58:30,012 [main] INFO  base.BaseClass - Found Element By {by.toString()}
2024-01-25 21:58:30,536 [main] INFO  base.BaseClass - Trying to find Element By {by.toString()})
2024-01-25 21:58:30,564 [main] INFO  base.BaseClass - Found Element By {by.toString()}
2024-01-25 21:58:31,100 [main] INFO  base.BaseClass - Trying to find Element By {by.toString()})
2024-01-25 21:58:31,123 [main] INFO  base.BaseClass - Found Element By {by.toString()}
2024-01-25 21:58:31,663 [main] INFO  base.BaseClass - Trying to find Element By {by.toString()})
2024-01-25 21:58:31,685 [main] INFO  base.BaseClass - Found Element By {by.toString()}
2024-01-25 21:58:32,229 [main] INFO  base.BaseClass - Trying to find Element By {by.toString()})
2024-01-25 21:58:32,251 [main] INFO  base.BaseClass - Found Element By {by.toString()}
2024-01-25 21:58:32,797 [main] INFO  base.BaseClass - Trying to find Element By {by.toString()})
2024-01-25 21:58:32,821 [main] INFO  base.BaseClass - Found Element By {by.toString()}
2024-01-25 21:58:33,362 [main] INFO  base.BaseClass - Trying to find Element By {by.toString()})
2024-01-25 21:58:33,383 [main] INFO  base.BaseClass - Found Element By {by.toString()}
2024-01-25 21:58:33,928 [main] INFO  base.BaseClass - Trying to find Element By {by.toString()})
2024-01-25 21:58:33,938 [main] INFO  base.BaseClass - Found Element By {by.toString()}
TimeoutException occurred: Expected condition failed: waiting for helper.WaitUtility$5@5a021583 (tried for 30 second(s) with 500 milliseconds interval)
Build info: version: '3.141.59', revision: 'e82be7d358', time: '2018-11-14T08:17:03'
System info: host: 'DPLAP166', ip: '137.237.3.67', os.name: 'Windows 10', os.arch: 'amd64', os.version: '10.0', java.version: '19.0.1'
Driver info: org.openqa.selenium.support.events.EventFiringWebDriver
Capabilities {acceptInsecureCerts: true, browserName: chrome, browserVersion: 121.0.6167.86, chrome: {chromedriverVersion: 121.0.6167.85 (3f98d690ad7e..., userDataDir: C:\Users\dP-PL\AppData\Loca...}, fedcm:accounts: true, goog:chromeOptions: {debuggerAddress: localhost:55783}, javascriptEnabled: true, networkConnectionEnabled: false, pageLoadStrategy: normal, platform: WINDOWS, platformName: WINDOWS, proxy: Proxy(), setWindowRect: true, strictFileInteractability: false, timeouts: {implicit: 0, pageLoad: 300000, script: 30000}, unhandledPromptBehavior: dismiss and notify, webauthn:extension:credBlob: true, webauthn:extension:largeBlob: true, webauthn:extension:minPinLength: true, webauthn:extension:prf: true, webauthn:virtualAuthenticators: true}
Session ID: 239787ae390c8ea1f8fcdd2fa3d4318e
2024-01-25 21:58:33,952 [main] ERROR XGLT_15177_Test - Element did not become visible within the specified time: Expected condition failed: waiting for helper.WaitUtility$5@5a021583 (tried for 30 second(s) with 500 milliseconds interval)
Build info: version: '3.141.59', revision: 'e82be7d358', time: '2018-11-14T08:17:03'
System info: host: 'DPLAP166', ip: '137.237.3.67', os.name: 'Windows 10', os.arch: 'amd64', os.version: '10.0', java.version: '19.0.1'
Driver info: org.openqa.selenium.support.events.EventFiringWebDriver
Capabilities {acceptInsecureCerts: true, browserName: chrome, browserVersion: 121.0.6167.86, chrome: {chromedriverVersion: 121.0.6167.85 (3f98d690ad7e..., userDataDir: C:\Users\dP-PL\AppData\Loca...}, fedcm:accounts: true, goog:chromeOptions: {debuggerAddress: localhost:55783}, javascriptEnabled: true, networkConnectionEnabled: false, pageLoadStrategy: normal, platform: WINDOWS, platformName: WINDOWS, proxy: Proxy(), setWindowRect: true, strictFileInteractability: false, timeouts: {implicit: 0, pageLoad: 300000, script: 30000}, unhandledPromptBehavior: dismiss and notify, webauthn:extension:credBlob: true, webauthn:extension:largeBlob: true, webauthn:extension:minPinLength: true, webauthn:extension:prf: true, webauthn:virtualAuthenticators: true}
Session ID: 239787ae390c8ea1f8fcdd2fa3d4318e
2024-01-25 21:58:33,952 [main] INFO  base.BaseClass - Trying to find Element By {by.toString()})
2024-01-25 21:58:33,960 [main] INFO  base.BaseClass - Found Element By {by.toString()}
2024-01-25 21:58:34,002 [main] INFO  base.BaseClass - Trying to find Element By {by.toString()})
2024-01-25 21:58:34,018 [main] INFO  base.BaseClass - Found Element By {by.toString()}
2024-01-25 21:58:34,543 [main] INFO  base.BaseClass - Trying to find Element By {by.toString()})
2024-01-25 21:58:34,552 [main] INFO  base.BaseClass - Found Element By {by.toString()}
2024-01-25 21:58:35,076 [main] INFO  base.BaseClass - Trying to find Element By {by.toString()})
2024-01-25 21:58:35,103 [main] INFO  base.BaseClass - Found Element By {by.toString()}
2024-01-25 21:58:35,642 [main] INFO  base.BaseClass - Trying to find Element By {by.toString()})
2024-01-25 21:58:35,665 [main] INFO  base.BaseClass - Found Element By {by.toString()}
2024-01-25 21:58:36,207 [main] INFO  base.BaseClass - Trying to find Element By {by.toString()})
2024-01-25 21:58:36,231 [main] INFO  base.BaseClass - Found Element By {by.toString()}
2024-01-25 21:58:36,773 [main] INFO  base.BaseClass - Trying to find Element By {by.toString()})
2024-01-25 21:58:36,796 [main] INFO  base.BaseClass - Found Element By {by.toString()}
2024-01-25 21:58:37,340 [main] INFO  base.BaseClass - Trying to find Element By {by.toString()})
2024-01-25 21:58:37,362 [main] INFO  base.BaseClass - Found Element By {by.toString()}
2024-01-25 21:58:37,907 [main] INFO  base.BaseClass - Trying to find Element By {by.toString()})
2024-01-25 21:58:37,928 [main] INFO  base.BaseClass - Found Element By {by.toString()}
2024-01-25 21:58:38,474 [main] INFO  base.BaseClass - Trying to find Element By {by.toString()})
2024-01-25 21:58:38,491 [main] INFO  base.BaseClass - Found Element By {by.toString()}
2024-01-25 21:58:39,025 [main] INFO  base.BaseClass - Trying to find Element By {by.toString()})
2024-01-25 21:58:39,047 [main] INFO  base.BaseClass - Found Element By {by.toString()}
2024-01-25 21:58:39,589 [main] INFO  base.BaseClass - Trying to find Element By {by.toString()})
2024-01-25 21:58:39,607 [main] INFO  base.BaseClass - Found Element By {by.toString()}
2024-01-25 21:58:40,141 [main] INFO  base.BaseClass - Trying to find Element By {by.toString()})
2024-01-25 21:58:40,164 [main] INFO  base.BaseClass - Found Element By {by.toString()}
2024-01-25 21:58:40,704 [main] INFO  base.BaseClass - Trying to find Element By {by.toString()})
2024-01-25 21:58:40,726 [main] INFO  base.BaseClass - Found Element By {by.toString()}
2024-01-25 21:58:41,252 [main] INFO  base.BaseClass - Trying to find Element By {by.toString()})
2024-01-25 21:58:41,274 [main] INFO  base.BaseClass - Found Element By {by.toString()}
2024-01-25 21:58:41,806 [main] INFO  base.BaseClass - Trying to find Element By {by.toString()})
2024-01-25 21:58:41,822 [main] INFO  base.BaseClass - Found Element By {by.toString()}
2024-01-25 21:58:42,350 [main] INFO  base.BaseClass - Trying to find Element By {by.toString()})
2024-01-25 21:58:42,372 [main] INFO  base.BaseClass - Found Element By {by.toString()}
2024-01-25 21:58:42,914 [main] INFO  base.BaseClass - Trying to find Element By {by.toString()})
2024-01-25 21:58:42,936 [main] INFO  base.BaseClass - Found Element By {by.toString()}
2024-01-25 21:58:43,465 [main] INFO  base.BaseClass - Trying to find Element By {by.toString()})
2024-01-25 21:58:43,487 [main] INFO  base.BaseClass - Found Element By {by.toString()}
2024-01-25 21:58:44,030 [main] INFO  base.BaseClass - Trying to find Element By {by.toString()})
2024-01-25 21:58:44,052 [main] INFO  base.BaseClass - Found Element By {by.toString()}
2024-01-25 21:58:44,595 [main] INFO  base.BaseClass - Trying to find Element By {by.toString()})
2024-01-25 21:58:44,620 [main] INFO  base.BaseClass - Found Element By {by.toString()}
2024-01-25 21:58:45,160 [main] INFO  base.BaseClass - Trying to find Element By {by.toString()})
2024-01-25 21:58:45,182 [main] INFO  base.BaseClass - Found Element By {by.toString()}
2024-01-25 21:58:45,708 [main] INFO  base.BaseClass - Trying to find Element By {by.toString()})
2024-01-25 21:58:45,730 [main] INFO  base.BaseClass - Found Element By {by.toString()}
2024-01-25 21:58:46,271 [main] INFO  base.BaseClass - Trying to find Element By {by.toString()})
2024-01-25 21:58:46,300 [main] INFO  base.BaseClass - Found Element By {by.toString()}
2024-01-25 21:58:46,851 [main] INFO  base.BaseClass - Trying to find Element By {by.toString()})
2024-01-25 21:58:46,874 [main] INFO  base.BaseClass - Found Element By {by.toString()}
2024-01-25 21:58:47,416 [main] INFO  base.BaseClass - Trying to find Element By {by.toString()})
2024-01-25 21:58:47,439 [main] INFO  base.BaseClass - Found Element By {by.toString()}
2024-01-25 21:58:47,981 [main] INFO  base.BaseClass - Trying to find Element By {by.toString()})
2024-01-25 21:58:48,004 [main] INFO  base.BaseClass - Found Element By {by.toString()}
2024-01-25 21:58:48,549 [main] INFO  base.BaseClass - Trying to find Element By {by.toString()})
2024-01-25 21:58:48,574 [main] INFO  base.BaseClass - Found Element By {by.toString()}
2024-01-25 21:58:49,114 [main] INFO  base.BaseClass - Trying to find Element By {by.toString()})
2024-01-25 21:58:49,138 [main] INFO  base.BaseClass - Found Element By {by.toString()}
2024-01-25 21:58:49,678 [main] INFO  base.BaseClass - Trying to find Element By {by.toString()})
2024-01-25 21:58:49,701 [main] INFO  base.BaseClass - Found Element By {by.toString()}
2024-01-25 21:58:50,243 [main] INFO  base.BaseClass - Trying to find Element By {by.toString()})
2024-01-25 21:58:50,266 [main] INFO  base.BaseClass - Found Element By {by.toString()}
2024-01-25 21:58:50,809 [main] INFO  base.BaseClass - Trying to find Element By {by.toString()})
2024-01-25 21:58:50,824 [main] INFO  base.BaseClass - Found Element By {by.toString()}
2024-01-25 21:58:51,359 [main] INFO  base.BaseClass - Trying to find Element By {by.toString()})
2024-01-25 21:58:51,380 [main] INFO  base.BaseClass - Found Element By {by.toString()}
2024-01-25 21:58:51,924 [main] INFO  base.BaseClass - Trying to find Element By {by.toString()})
2024-01-25 21:58:51,946 [main] INFO  base.BaseClass - Found Element By {by.toString()}
2024-01-25 21:58:52,476 [main] INFO  base.BaseClass - Trying to find Element By {by.toString()})
2024-01-25 21:58:52,498 [main] INFO  base.BaseClass - Found Element By {by.toString()}
2024-01-25 21:58:53,043 [main] INFO  base.BaseClass - Trying to find Element By {by.toString()})
2024-01-25 21:58:53,064 [main] INFO  base.BaseClass - Found Element By {by.toString()}
2024-01-25 21:58:53,608 [main] INFO  base.BaseClass - Trying to find Element By {by.toString()})
2024-01-25 21:58:53,630 [main] INFO  base.BaseClass - Found Element By {by.toString()}
2024-01-25 21:58:54,171 [main] INFO  base.BaseClass - Trying to find Element By {by.toString()})
2024-01-25 21:58:54,197 [main] INFO  base.BaseClass - Found Element By {by.toString()}
2024-01-25 21:58:54,735 [main] INFO  base.BaseClass - Trying to find Element By {by.toString()})
2024-01-25 21:58:54,757 [main] INFO  base.BaseClass - Found Element By {by.toString()}
2024-01-25 21:58:55,285 [main] INFO  base.BaseClass - Trying to find Element By {by.toString()})
2024-01-25 21:58:55,307 [main] INFO  base.BaseClass - Found Element By {by.toString()}
2024-01-25 21:58:55,850 [main] INFO  base.BaseClass - Trying to find Element By {by.toString()})
2024-01-25 21:58:55,874 [main] INFO  base.BaseClass - Found Element By {by.toString()}
2024-01-25 21:58:56,416 [main] INFO  base.BaseClass - Trying to find Element By {by.toString()})
2024-01-25 21:58:56,438 [main] INFO  base.BaseClass - Found Element By {by.toString()}
2024-01-25 21:58:56,980 [main] INFO  base.BaseClass - Trying to find Element By {by.toString()})
2024-01-25 21:58:57,003 [main] INFO  base.BaseClass - Found Element By {by.toString()}
2024-01-25 21:58:57,548 [main] INFO  base.BaseClass - Trying to find Element By {by.toString()})
2024-01-25 21:58:57,571 [main] INFO  base.BaseClass - Found Element By {by.toString()}
2024-01-25 21:58:58,113 [main] INFO  base.BaseClass - Trying to find Element By {by.toString()})
2024-01-25 21:58:58,135 [main] INFO  base.BaseClass - Found Element By {by.toString()}
2024-01-25 21:58:58,679 [main] INFO  base.BaseClass - Trying to find Element By {by.toString()})
2024-01-25 21:58:58,702 [main] INFO  base.BaseClass - Found Element By {by.toString()}
2024-01-25 21:58:59,232 [main] INFO  base.BaseClass - Trying to find Element By {by.toString()})
2024-01-25 21:58:59,250 [main] INFO  base.BaseClass - Found Element By {by.toString()}
2024-01-25 21:58:59,784 [main] INFO  base.BaseClass - Trying to find Element By {by.toString()})
2024-01-25 21:58:59,805 [main] INFO  base.BaseClass - Found Element By {by.toString()}
2024-01-25 21:59:00,338 [main] INFO  base.BaseClass - Trying to find Element By {by.toString()})
2024-01-25 21:59:00,361 [main] INFO  base.BaseClass - Found Element By {by.toString()}
2024-01-25 21:59:00,906 [main] INFO  base.BaseClass - Trying to find Element By {by.toString()})
2024-01-25 21:59:00,925 [main] INFO  base.BaseClass - Found Element By {by.toString()}
2024-01-25 21:59:01,470 [main] INFO  base.BaseClass - Trying to find Element By {by.toString()})
2024-01-25 21:59:01,492 [main] INFO  base.BaseClass - Found Element By {by.toString()}
2024-01-25 21:59:02,037 [main] INFO  base.BaseClass - Trying to find Element By {by.toString()})
2024-01-25 21:59:02,059 [main] INFO  base.BaseClass - Found Element By {by.toString()}
2024-01-25 21:59:02,589 [main] INFO  base.BaseClass - Trying to find Element By {by.toString()})
2024-01-25 21:59:02,608 [main] INFO  base.BaseClass - Found Element By {by.toString()}
2024-01-25 21:59:03,142 [main] INFO  base.BaseClass - Trying to find Element By {by.toString()})
2024-01-25 21:59:03,164 [main] INFO  base.BaseClass - Found Element By {by.toString()}
2024-01-25 21:59:03,709 [main] INFO  base.BaseClass - Trying to find Element By {by.toString()})
2024-01-25 21:59:03,730 [main] INFO  base.BaseClass - Found Element By {by.toString()}
2024-01-25 21:59:04,260 [main] INFO  base.BaseClass - Trying to find Element By {by.toString()})
2024-01-25 21:59:04,283 [main] INFO  base.BaseClass - Found Element By {by.toString()}
TimeoutException occurred: Expected condition failed: waiting for helper.WaitUtility$5@30c6c629 (tried for 30 second(s) with 500 milliseconds interval)
Build info: version: '3.141.59', revision: 'e82be7d358', time: '2018-11-14T08:17:03'
System info: host: 'DPLAP166', ip: '137.237.3.67', os.name: 'Windows 10', os.arch: 'amd64', os.version: '10.0', java.version: '19.0.1'
Driver info: org.openqa.selenium.support.events.EventFiringWebDriver
Capabilities {acceptInsecureCerts: true, browserName: chrome, browserVersion: 121.0.6167.86, chrome: {chromedriverVersion: 121.0.6167.85 (3f98d690ad7e..., userDataDir: C:\Users\dP-PL\AppData\Loca...}, fedcm:accounts: true, goog:chromeOptions: {debuggerAddress: localhost:55783}, javascriptEnabled: true, networkConnectionEnabled: false, pageLoadStrategy: normal, platform: WINDOWS, platformName: WINDOWS, proxy: Proxy(), setWindowRect: true, strictFileInteractability: false, timeouts: {implicit: 0, pageLoad: 300000, script: 30000}, unhandledPromptBehavior: dismiss and notify, webauthn:extension:credBlob: true, webauthn:extension:largeBlob: true, webauthn:extension:minPinLength: true, webauthn:extension:prf: true, webauthn:virtualAuthenticators: true}
Session ID: 239787ae390c8ea1f8fcdd2fa3d4318e
2024-01-25 21:59:04,314 [main] ERROR XGLT_15177_Test - Element did not become visible within the specified time: Expected condition failed: waiting for helper.WaitUtility$5@30c6c629 (tried for 30 second(s) with 500 milliseconds interval)
Build info: version: '3.141.59', revision: 'e82be7d358', time: '2018-11-14T08:17:03'
System info: host: 'DPLAP166', ip: '137.237.3.67', os.name: 'Windows 10', os.arch: 'amd64', os.version: '10.0', java.version: '19.0.1'
Driver info: org.openqa.selenium.support.events.EventFiringWebDriver
Capabilities {acceptInsecureCerts: true, browserName: chrome, browserVersion: 121.0.6167.86, chrome: {chromedriverVersion: 121.0.6167.85 (3f98d690ad7e..., userDataDir: C:\Users\dP-PL\AppData\Loca...}, fedcm:accounts: true, goog:chromeOptions: {debuggerAddress: localhost:55783}, javascriptEnabled: true, networkConnectionEnabled: false, pageLoadStrategy: normal, platform: WINDOWS, platformName: WINDOWS, proxy: Proxy(), setWindowRect: true, strictFileInteractability: false, timeouts: {implicit: 0, pageLoad: 300000, script: 30000}, unhandledPromptBehavior: dismiss and notify, webauthn:extension:credBlob: true, webauthn:extension:largeBlob: true, webauthn:extension:minPinLength: true, webauthn:extension:prf: true, webauthn:virtualAuthenticators: true}
Session ID: 239787ae390c8ea1f8fcdd2fa3d4318e
2024-01-25 21:59:04,314 [main] INFO  base.BaseClass - Trying to find Element By {by.toString()})
2024-01-25 21:59:04,333 [main] INFO  base.BaseClass - Found Element By {by.toString()}
2024-01-25 21:59:04,333 [main] INFO  base.BaseClass - Trying to click on: {element.toString()}
2024-01-25 21:59:04,455 [main] INFO  base.BaseClass - Clicked on: {element.toString()}
2024-01-25 21:59:05,557 [main] INFO  base.BaseClass - Trying to find Element By {by.toString()})
2024-01-25 21:59:06,410 [main] INFO  base.BaseClass - Found Element By {by.toString()}
2024-01-25 21:59:06,937 [main] INFO  base.BaseClass - Trying to find Element By {by.toString()})
2024-01-25 21:59:06,992 [main] INFO  base.BaseClass - Found Element By {by.toString()}
2024-01-25 21:59:07,517 [main] INFO  base.BaseClass - Trying to find Element By {by.toString()})
2024-01-25 21:59:07,603 [main] INFO  base.BaseClass - Found Element By {by.toString()}
2024-01-25 21:59:08,200 [main] INFO  base.BaseClass - Trying to find Element By {by.toString()})
2024-01-25 21:59:08,289 [main] INFO  base.BaseClass - Found Element By {by.toString()}
2024-01-25 21:59:08,915 [main] INFO  base.BaseClass - Trying to find Element By {by.toString()})
2024-01-25 21:59:08,946 [main] INFO  base.BaseClass - Found Element By {by.toString()}
2024-01-25 21:59:09,490 [main] INFO  base.BaseClass - Trying to find Element By {by.toString()})
2024-01-25 21:59:09,519 [main] INFO  base.BaseClass - Found Element By {by.toString()}
2024-01-25 21:59:10,057 [main] INFO  base.BaseClass - Trying to find Element By {by.toString()})
2024-01-25 21:59:10,084 [main] INFO  base.BaseClass - Found Element By {by.toString()}
2024-01-25 21:59:10,624 [main] INFO  base.BaseClass - Trying to find Element By {by.toString()})
2024-01-25 21:59:10,651 [main] INFO  base.BaseClass - Found Element By {by.toString()}
2024-01-25 21:59:11,192 [main] INFO  base.BaseClass - Trying to find Element By {by.toString()})
2024-01-25 21:59:11,217 [main] INFO  base.BaseClass - Found Element By {by.toString()}
2024-01-25 21:59:11,758 [main] INFO  base.BaseClass - Trying to find Element By {by.toString()})
2024-01-25 21:59:11,781 [main] INFO  base.BaseClass - Found Element By {by.toString()}
2024-01-25 21:59:12,321 [main] INFO  base.BaseClass - Trying to find Element By {by.toString()})
2024-01-25 21:59:12,346 [main] INFO  base.BaseClass - Found Element By {by.toString()}
2024-01-25 21:59:12,883 [main] INFO  base.BaseClass - Trying to find Element By {by.toString()})
2024-01-25 21:59:12,913 [main] INFO  base.BaseClass - Found Element By {by.toString()}
2024-01-25 21:59:13,448 [main] INFO  base.BaseClass - Trying to find Element By {by.toString()})
2024-01-25 21:59:13,470 [main] INFO  base.BaseClass - Found Element By {by.toString()}
2024-01-25 21:59:14,015 [main] INFO  base.BaseClass - Trying to find Element By {by.toString()})
2024-01-25 21:59:14,039 [main] INFO  base.BaseClass - Found Element By {by.toString()}
2024-01-25 21:59:14,590 [main] INFO  base.BaseClass - Trying to find Element By {by.toString()})
2024-01-25 21:59:14,615 [main] INFO  base.BaseClass - Found Element By {by.toString()}
2024-01-25 21:59:15,156 [main] INFO  base.BaseClass - Trying to find Element By {by.toString()})
2024-01-25 21:59:15,180 [main] INFO  base.BaseClass - Found Element By {by.toString()}
2024-01-25 21:59:15,706 [main] INFO  base.BaseClass - Trying to find Element By {by.toString()})
2024-01-25 21:59:15,730 [main] INFO  base.BaseClass - Found Element By {by.toString()}
2024-01-25 21:59:16,272 [main] INFO  base.BaseClass - Trying to find Element By {by.toString()})
2024-01-25 21:59:16,295 [main] INFO  base.BaseClass - Found Element By {by.toString()}
2024-01-25 21:59:16,827 [main] INFO  base.BaseClass - Trying to find Element By {by.toString()})
2024-01-25 21:59:16,844 [main] INFO  base.BaseClass - Found Element By {by.toString()}
2024-01-25 21:59:17,375 [main] INFO  base.BaseClass - Trying to find Element By {by.toString()})
2024-01-25 21:59:17,398 [main] INFO  base.BaseClass - Found Element By {by.toString()}
2024-01-25 21:59:17,944 [main] INFO  base.BaseClass - Trying to find Element By {by.toString()})
2024-01-25 21:59:17,966 [main] INFO  base.BaseClass - Found Element By {by.toString()}
2024-01-25 21:59:18,507 [main] INFO  base.BaseClass - Trying to find Element By {by.toString()})
2024-01-25 21:59:18,530 [main] INFO  base.BaseClass - Found Element By {by.toString()}
2024-01-25 21:59:19,074 [main] INFO  base.BaseClass - Trying to find Element By {by.toString()})
2024-01-25 21:59:19,097 [main] INFO  base.BaseClass - Found Element By {by.toString()}
2024-01-25 21:59:19,641 [main] INFO  base.BaseClass - Trying to find Element By {by.toString()})
2024-01-25 21:59:19,663 [main] INFO  base.BaseClass - Found Element By {by.toString()}
2024-01-25 21:59:20,204 [main] INFO  base.BaseClass - Trying to find Element By {by.toString()})
2024-01-25 21:59:20,227 [main] INFO  base.BaseClass - Found Element By {by.toString()}
2024-01-25 21:59:20,759 [main] INFO  base.BaseClass - Trying to find Element By {by.toString()})
2024-01-25 21:59:20,782 [main] INFO  base.BaseClass - Found Element By {by.toString()}
2024-01-25 21:59:21,310 [main] INFO  base.BaseClass - Trying to find Element By {by.toString()})
2024-01-25 21:59:21,332 [main] INFO  base.BaseClass - Found Element By {by.toString()}
2024-01-25 21:59:21,876 [main] INFO  base.BaseClass - Trying to find Element By {by.toString()})
2024-01-25 21:59:21,896 [main] INFO  base.BaseClass - Found Element By {by.toString()}
2024-01-25 21:59:22,441 [main] INFO  base.BaseClass - Trying to find Element By {by.toString()})
2024-01-25 21:59:22,465 [main] INFO  base.BaseClass - Found Element By {by.toString()}
2024-01-25 21:59:23,007 [main] INFO  base.BaseClass - Trying to find Element By {by.toString()})
2024-01-25 21:59:23,029 [main] INFO  base.BaseClass - Found Element By {by.toString()}
2024-01-25 21:59:23,569 [main] INFO  base.BaseClass - Trying to find Element By {by.toString()})
2024-01-25 21:59:23,591 [main] INFO  base.BaseClass - Found Element By {by.toString()}
2024-01-25 21:59:24,124 [main] INFO  base.BaseClass - Trying to find Element By {by.toString()})
2024-01-25 21:59:24,272 [main] INFO  base.BaseClass - Found Element By {by.toString()}
2024-01-25 21:59:24,812 [main] INFO  base.BaseClass - Trying to find Element By {by.toString()})
2024-01-25 21:59:24,835 [main] INFO  base.BaseClass - Found Element By {by.toString()}
2024-01-25 21:59:25,375 [main] INFO  base.BaseClass - Trying to find Element By {by.toString()})
2024-01-25 21:59:25,398 [main] INFO  base.BaseClass - Found Element By {by.toString()}
2024-01-25 21:59:25,945 [main] INFO  base.BaseClass - Trying to find Element By {by.toString()})
2024-01-25 21:59:25,967 [main] INFO  base.BaseClass - Found Element By {by.toString()}
2024-01-25 21:59:26,509 [main] INFO  base.BaseClass - Trying to find Element By {by.toString()})
2024-01-25 21:59:26,532 [main] INFO  base.BaseClass - Found Element By {by.toString()}
2024-01-25 21:59:27,074 [main] INFO  base.BaseClass - Trying to find Element By {by.toString()})
2024-01-25 21:59:27,097 [main] INFO  base.BaseClass - Found Element By {by.toString()}
2024-01-25 21:59:27,624 [main] INFO  base.BaseClass - Trying to find Element By {by.toString()})
2024-01-25 21:59:27,646 [main] INFO  base.BaseClass - Found Element By {by.toString()}
2024-01-25 21:59:28,190 [main] INFO  base.BaseClass - Trying to find Element By {by.toString()})
2024-01-25 21:59:28,217 [main] INFO  base.BaseClass - Found Element By {by.toString()}
2024-01-25 21:59:28,756 [main] INFO  base.BaseClass - Trying to find Element By {by.toString()})
2024-01-25 21:59:28,779 [main] INFO  base.BaseClass - Found Element By {by.toString()}
2024-01-25 21:59:29,322 [main] INFO  base.BaseClass - Trying to find Element By {by.toString()})
2024-01-25 21:59:29,343 [main] INFO  base.BaseClass - Found Element By {by.toString()}
2024-01-25 21:59:29,875 [main] INFO  base.BaseClass - Trying to find Element By {by.toString()})
2024-01-25 21:59:29,898 [main] INFO  base.BaseClass - Found Element By {by.toString()}
2024-01-25 21:59:30,440 [main] INFO  base.BaseClass - Trying to find Element By {by.toString()})
2024-01-25 21:59:30,464 [main] INFO  base.BaseClass - Found Element By {by.toString()}
2024-01-25 21:59:31,002 [main] INFO  base.BaseClass - Trying to find Element By {by.toString()})
2024-01-25 21:59:31,025 [main] INFO  base.BaseClass - Found Element By {by.toString()}
2024-01-25 21:59:31,569 [main] INFO  base.BaseClass - Trying to find Element By {by.toString()})
2024-01-25 21:59:31,593 [main] INFO  base.BaseClass - Found Element By {by.toString()}
2024-01-25 21:59:32,135 [main] INFO  base.BaseClass - Trying to find Element By {by.toString()})
2024-01-25 21:59:32,159 [main] INFO  base.BaseClass - Found Element By {by.toString()}
2024-01-25 21:59:32,700 [main] INFO  base.BaseClass - Trying to find Element By {by.toString()})
2024-01-25 21:59:32,728 [main] INFO  base.BaseClass - Found Element By {by.toString()}
2024-01-25 21:59:33,266 [main] INFO  base.BaseClass - Trying to find Element By {by.toString()})
2024-01-25 21:59:33,284 [main] INFO  base.BaseClass - Found Element By {by.toString()}
2024-01-25 21:59:33,815 [main] INFO  base.BaseClass - Trying to find Element By {by.toString()})
2024-01-25 21:59:33,839 [main] INFO  base.BaseClass - Found Element By {by.toString()}
2024-01-25 21:59:34,380 [main] INFO  base.BaseClass - Trying to find Element By {by.toString()})
2024-01-25 21:59:34,403 [main] INFO  base.BaseClass - Found Element By {by.toString()}
2024-01-25 21:59:34,954 [main] INFO  base.BaseClass - Trying to find Element By {by.toString()})
2024-01-25 21:59:34,970 [main] INFO  base.BaseClass - Found Element By {by.toString()}
2024-01-25 21:59:35,496 [main] INFO  base.BaseClass - Trying to find Element By {by.toString()})
2024-01-25 21:59:35,519 [main] INFO  base.BaseClass - Found Element By {by.toString()}
2024-01-25 21:59:36,058 [main] INFO  base.BaseClass - Trying to find Element By {by.toString()})
2024-01-25 21:59:36,082 [main] INFO  base.BaseClass - Found Element By {by.toString()}
TimeoutException occurred: Expected condition failed: waiting for helper.WaitUtility$5@2479a21f (tried for 30 second(s) with 500 milliseconds interval)
Build info: version: '3.141.59', revision: 'e82be7d358', time: '2018-11-14T08:17:03'
System info: host: 'DPLAP166', ip: '137.237.3.67', os.name: 'Windows 10', os.arch: 'amd64', os.version: '10.0', java.version: '19.0.1'
Driver info: org.openqa.selenium.support.events.EventFiringWebDriver
Capabilities {acceptInsecureCerts: true, browserName: chrome, browserVersion: 121.0.6167.86, chrome: {chromedriverVersion: 121.0.6167.85 (3f98d690ad7e..., userDataDir: C:\Users\dP-PL\AppData\Loca...}, fedcm:accounts: true, goog:chromeOptions: {debuggerAddress: localhost:55783}, javascriptEnabled: true, networkConnectionEnabled: false, pageLoadStrategy: normal, platform: WINDOWS, platformName: WINDOWS, proxy: Proxy(), setWindowRect: true, strictFileInteractability: false, timeouts: {implicit: 0, pageLoad: 300000, script: 30000}, unhandledPromptBehavior: dismiss and notify, webauthn:extension:credBlob: true, webauthn:extension:largeBlob: true, webauthn:extension:minPinLength: true, webauthn:extension:prf: true, webauthn:virtualAuthenticators: true}
Session ID: 239787ae390c8ea1f8fcdd2fa3d4318e
2024-01-25 21:59:36,115 [main] ERROR XGLT_15177_Test - Element did not become visible within the specified time: Expected condition failed: waiting for helper.WaitUtility$5@2479a21f (tried for 30 second(s) with 500 milliseconds interval)
Build info: version: '3.141.59', revision: 'e82be7d358', time: '2018-11-14T08:17:03'
System info: host: 'DPLAP166', ip: '137.237.3.67', os.name: 'Windows 10', os.arch: 'amd64', os.version: '10.0', java.version: '19.0.1'
Driver info: org.openqa.selenium.support.events.EventFiringWebDriver
Capabilities {acceptInsecureCerts: true, browserName: chrome, browserVersion: 121.0.6167.86, chrome: {chromedriverVersion: 121.0.6167.85 (3f98d690ad7e..., userDataDir: C:\Users\dP-PL\AppData\Loca...}, fedcm:accounts: true, goog:chromeOptions: {debuggerAddress: localhost:55783}, javascriptEnabled: true, networkConnectionEnabled: false, pageLoadStrategy: normal, platform: WINDOWS, platformName: WINDOWS, proxy: Proxy(), setWindowRect: true, strictFileInteractability: false, timeouts: {implicit: 0, pageLoad: 300000, script: 30000}, unhandledPromptBehavior: dismiss and notify, webauthn:extension:credBlob: true, webauthn:extension:largeBlob: true, webauthn:extension:minPinLength: true, webauthn:extension:prf: true, webauthn:virtualAuthenticators: true}
Session ID: 239787ae390c8ea1f8fcdd2fa3d4318e
2024-01-25 21:59:36,117 [main] INFO  base.BaseClass - Trying to find Element By {by.toString()})
2024-01-25 21:59:36,138 [main] INFO  base.BaseClass - Found Element By {by.toString()}
2024-01-25 21:59:36,209 [main] INFO  base.BaseClass - Trying to find Element By {by.toString()})
2024-01-25 21:59:36,243 [main] INFO  base.BaseClass - Found Element By {by.toString()}
2024-01-25 21:59:36,257 [main] INFO  base.BaseClass - Trying to find Element By {by.toString()})
2024-01-25 21:59:36,273 [main] INFO  base.BaseClass - Found Element By {by.toString()}
2024-01-25 21:59:36,283 [main] INFO  base.BaseClass - Trying to find Element By {by.toString()})
2024-01-25 21:59:36,297 [main] INFO  base.BaseClass - Found Element By {by.toString()}
2024-01-25 21:59:36,838 [main] INFO  base.BaseClass - Trying to find Element By {by.toString()})
2024-01-25 21:59:36,863 [main] INFO  base.BaseClass - Found Element By {by.toString()}
2024-01-25 21:59:37,405 [main] INFO  base.BaseClass - Trying to find Element By {by.toString()})
2024-01-25 21:59:37,423 [main] INFO  base.BaseClass - Found Element By {by.toString()}
2024-01-25 21:59:37,974 [main] INFO  base.BaseClass - Trying to find Element By {by.toString()})
2024-01-25 21:59:37,995 [main] INFO  base.BaseClass - Found Element By {by.toString()}
2024-01-25 21:59:38,538 [main] INFO  base.BaseClass - Trying to find Element By {by.toString()})
2024-01-25 21:59:38,554 [main] INFO  base.BaseClass - Found Element By {by.toString()}
2024-01-25 21:59:39,088 [main] INFO  base.BaseClass - Trying to find Element By {by.toString()})
2024-01-25 21:59:39,111 [main] INFO  base.BaseClass - Found Element By {by.toString()}
2024-01-25 21:59:39,653 [main] INFO  base.BaseClass - Trying to find Element By {by.toString()})
2024-01-25 21:59:39,674 [main] INFO  base.BaseClass - Found Element By {by.toString()}
2024-01-25 21:59:40,217 [main] INFO  base.BaseClass - Trying to find Element By {by.toString()})
2024-01-25 21:59:40,241 [main] INFO  base.BaseClass - Found Element By {by.toString()}
2024-01-25 21:59:40,782 [main] INFO  base.BaseClass - Trying to find Element By {by.toString()})
2024-01-25 21:59:40,806 [main] INFO  base.BaseClass - Found Element By {by.toString()}
2024-01-25 21:59:41,348 [main] INFO  base.BaseClass - Trying to find Element By {by.toString()})
2024-01-25 21:59:41,372 [main] INFO  base.BaseClass - Found Element By {by.toString()}
2024-01-25 21:59:41,913 [main] INFO  base.BaseClass - Trying to find Element By {by.toString()})
2024-01-25 21:59:42,723 [main] INFO  base.BaseClass - Found Element By {by.toString()}
2024-01-25 21:59:43,263 [main] INFO  base.BaseClass - Trying to find Element By {by.toString()})
2024-01-25 21:59:43,288 [main] INFO  base.BaseClass - Found Element By {by.toString()}
2024-01-25 21:59:43,828 [main] INFO  base.BaseClass - Trying to find Element By {by.toString()})
2024-01-25 21:59:43,853 [main] INFO  base.BaseClass - Found Element By {by.toString()}
2024-01-25 21:59:44,378 [main] INFO  base.BaseClass - Trying to find Element By {by.toString()})
2024-01-25 21:59:44,401 [main] INFO  base.BaseClass - Found Element By {by.toString()}
2024-01-25 21:59:44,931 [main] INFO  base.BaseClass - Trying to find Element By {by.toString()})
2024-01-25 21:59:44,954 [main] INFO  base.BaseClass - Found Element By {by.toString()}
2024-01-25 21:59:45,497 [main] INFO  base.BaseClass - Trying to find Element By {by.toString()})
2024-01-25 21:59:45,520 [main] INFO  base.BaseClass - Found Element By {by.toString()}
2024-01-25 21:59:46,064 [main] INFO  base.BaseClass - Trying to find Element By {by.toString()})
2024-01-25 21:59:46,087 [main] INFO  base.BaseClass - Found Element By {by.toString()}
2024-01-25 21:59:46,627 [main] INFO  base.BaseClass - Trying to find Element By {by.toString()})
2024-01-25 21:59:46,651 [main] INFO  base.BaseClass - Found Element By {by.toString()}
2024-01-25 21:59:47,191 [main] INFO  base.BaseClass - Trying to find Element By {by.toString()})
2024-01-25 21:59:47,215 [main] INFO  base.BaseClass - Found Element By {by.toString()}
2024-01-25 21:59:47,756 [main] INFO  base.BaseClass - Trying to find Element By {by.toString()})
2024-01-25 21:59:47,780 [main] INFO  base.BaseClass - Found Element By {by.toString()}
2024-01-25 21:59:48,306 [main] INFO  base.BaseClass - Trying to find Element By {by.toString()})
2024-01-25 21:59:48,329 [main] INFO  base.BaseClass - Found Element By {by.toString()}
2024-01-25 21:59:48,867 [main] INFO  base.BaseClass - Trying to find Element By {by.toString()})
2024-01-25 21:59:48,891 [main] INFO  base.BaseClass - Found Element By {by.toString()}
2024-01-25 21:59:49,421 [main] INFO  base.BaseClass - Trying to find Element By {by.toString()})
2024-01-25 21:59:49,441 [main] INFO  base.BaseClass - Found Element By {by.toString()}
2024-01-25 21:59:49,972 [main] INFO  base.BaseClass - Trying to find Element By {by.toString()})
2024-01-25 21:59:49,995 [main] INFO  base.BaseClass - Found Element By {by.toString()}
2024-01-25 21:59:50,540 [main] INFO  base.BaseClass - Trying to find Element By {by.toString()})
2024-01-25 21:59:50,563 [main] INFO  base.BaseClass - Found Element By {by.toString()}
2024-01-25 21:59:51,086 [main] INFO  base.BaseClass - Trying to find Element By {by.toString()})
2024-01-25 21:59:51,108 [main] INFO  base.BaseClass - Found Element By {by.toString()}
2024-01-25 21:59:51,652 [main] INFO  base.BaseClass - Trying to find Element By {by.toString()})
2024-01-25 21:59:51,676 [main] INFO  base.BaseClass - Found Element By {by.toString()}
2024-01-25 21:59:52,216 [main] INFO  base.BaseClass - Trying to find Element By {by.toString()})
2024-01-25 21:59:52,233 [main] INFO  base.BaseClass - Found Element By {by.toString()}
2024-01-25 21:59:52,765 [main] INFO  base.BaseClass - Trying to find Element By {by.toString()})
2024-01-25 21:59:52,910 [main] INFO  base.BaseClass - Found Element By {by.toString()}
2024-01-25 21:59:53,457 [main] INFO  base.BaseClass - Trying to find Element By {by.toString()})
2024-01-25 21:59:53,480 [main] INFO  base.BaseClass - Found Element By {by.toString()}
2024-01-25 21:59:54,021 [main] INFO  base.BaseClass - Trying to find Element By {by.toString()})
2024-01-25 21:59:54,045 [main] INFO  base.BaseClass - Found Element By {by.toString()}
2024-01-25 21:59:54,586 [main] INFO  base.BaseClass - Trying to find Element By {by.toString()})
2024-01-25 21:59:54,611 [main] INFO  base.BaseClass - Found Element By {by.toString()}
2024-01-25 21:59:55,154 [main] INFO  base.BaseClass - Trying to find Element By {by.toString()})
2024-01-25 21:59:55,176 [main] INFO  base.BaseClass - Found Element By {by.toString()}
2024-01-25 21:59:55,705 [main] INFO  base.BaseClass - Trying to find Element By {by.toString()})
2024-01-25 21:59:55,728 [main] INFO  base.BaseClass - Found Element By {by.toString()}
2024-01-25 21:59:56,273 [main] INFO  base.BaseClass - Trying to find Element By {by.toString()})
2024-01-25 21:59:56,296 [main] INFO  base.BaseClass - Found Element By {by.toString()}
2024-01-25 21:59:56,839 [main] INFO  base.BaseClass - Trying to find Element By {by.toString()})
2024-01-25 21:59:56,864 [main] INFO  base.BaseClass - Found Element By {by.toString()}
2024-01-25 21:59:57,404 [main] INFO  base.BaseClass - Trying to find Element By {by.toString()})
2024-01-25 21:59:57,426 [main] INFO  base.BaseClass - Found Element By {by.toString()}
2024-01-25 21:59:57,970 [main] INFO  base.BaseClass - Trying to find Element By {by.toString()})
2024-01-25 21:59:57,993 [main] INFO  base.BaseClass - Found Element By {by.toString()}
2024-01-25 21:59:58,539 [main] INFO  base.BaseClass - Trying to find Element By {by.toString()})
2024-01-25 21:59:58,557 [main] INFO  base.BaseClass - Found Element By {by.toString()}
2024-01-25 21:59:59,087 [main] INFO  base.BaseClass - Trying to find Element By {by.toString()})
2024-01-25 21:59:59,108 [main] INFO  base.BaseClass - Found Element By {by.toString()}
2024-01-25 21:59:59,652 [main] INFO  base.BaseClass - Trying to find Element By {by.toString()})
2024-01-25 21:59:59,675 [main] INFO  base.BaseClass - Found Element By {by.toString()}
2024-01-25 22:00:00,219 [main] INFO  base.BaseClass - Trying to find Element By {by.toString()})
2024-01-25 22:00:00,242 [main] INFO  base.BaseClass - Found Element By {by.toString()}
2024-01-25 22:00:00,786 [main] INFO  base.BaseClass - Trying to find Element By {by.toString()})
2024-01-25 22:00:00,800 [main] INFO  base.BaseClass - Found Element By {by.toString()}
2024-01-25 22:00:01,342 [main] INFO  base.BaseClass - Trying to find Element By {by.toString()})
2024-01-25 22:00:01,364 [main] INFO  base.BaseClass - Found Element By {by.toString()}
2024-01-25 22:00:01,908 [main] INFO  base.BaseClass - Trying to find Element By {by.toString()})
2024-01-25 22:00:01,931 [main] INFO  base.BaseClass - Found Element By {by.toString()}
2024-01-25 22:00:02,472 [main] INFO  base.BaseClass - Trying to find Element By {by.toString()})
2024-01-25 22:00:02,491 [main] INFO  base.BaseClass - Found Element By {by.toString()}
2024-01-25 22:00:03,024 [main] INFO  base.BaseClass - Trying to find Element By {by.toString()})
2024-01-25 22:00:03,047 [main] INFO  base.BaseClass - Found Element By {by.toString()}
2024-01-25 22:00:03,591 [main] INFO  base.BaseClass - Trying to find Element By {by.toString()})
2024-01-25 22:00:03,614 [main] INFO  base.BaseClass - Found Element By {by.toString()}
2024-01-25 22:00:04,157 [main] INFO  base.BaseClass - Trying to find Element By {by.toString()})
2024-01-25 22:00:04,182 [main] INFO  base.BaseClass - Found Element By {by.toString()}
2024-01-25 22:00:04,712 [main] INFO  base.BaseClass - Trying to find Element By {by.toString()})
2024-01-25 22:00:04,729 [main] INFO  base.BaseClass - Found Element By {by.toString()}
2024-01-25 22:00:05,262 [main] INFO  base.BaseClass - Trying to find Element By {by.toString()})
2024-01-25 22:00:05,287 [main] INFO  base.BaseClass - Found Element By {by.toString()}
2024-01-25 22:00:05,823 [main] INFO  base.BaseClass - Trying to find Element By {by.toString()})
2024-01-25 22:00:05,847 [main] INFO  base.BaseClass - Found Element By {by.toString()}
2024-01-25 22:00:06,385 [main] INFO  base.BaseClass - Trying to find Element By {by.toString()})
2024-01-25 22:00:06,410 [main] INFO  base.BaseClass - Found Element By {by.toString()}
TimeoutException occurred: Expected condition failed: waiting for helper.WaitUtility$5@a175266 (tried for 30 second(s) with 500 milliseconds interval)
Build info: version: '3.141.59', revision: 'e82be7d358', time: '2018-11-14T08:17:03'
System info: host: 'DPLAP166', ip: '137.237.3.67', os.name: 'Windows 10', os.arch: 'amd64', os.version: '10.0', java.version: '19.0.1'
Driver info: org.openqa.selenium.support.events.EventFiringWebDriver
Capabilities {acceptInsecureCerts: true, browserName: chrome, browserVersion: 121.0.6167.86, chrome: {chromedriverVersion: 121.0.6167.85 (3f98d690ad7e..., userDataDir: C:\Users\dP-PL\AppData\Loca...}, fedcm:accounts: true, goog:chromeOptions: {debuggerAddress: localhost:55783}, javascriptEnabled: true, networkConnectionEnabled: false, pageLoadStrategy: normal, platform: WINDOWS, platformName: WINDOWS, proxy: Proxy(), setWindowRect: true, strictFileInteractability: false, timeouts: {implicit: 0, pageLoad: 300000, script: 30000}, unhandledPromptBehavior: dismiss and notify, webauthn:extension:credBlob: true, webauthn:extension:largeBlob: true, webauthn:extension:minPinLength: true, webauthn:extension:prf: true, webauthn:virtualAuthenticators: true}
Session ID: 239787ae390c8ea1f8fcdd2fa3d4318e
2024-01-25 22:00:06,452 [main] ERROR XGLT_15177_Test - Element did not become visible within the specified time: Expected condition failed: waiting for helper.WaitUtility$5@a175266 (tried for 30 second(s) with 500 milliseconds interval)
Build info: version: '3.141.59', revision: 'e82be7d358', time: '2018-11-14T08:17:03'
System info: host: 'DPLAP166', ip: '137.237.3.67', os.name: 'Windows 10', os.arch: 'amd64', os.version: '10.0', java.version: '19.0.1'
Driver info: org.openqa.selenium.support.events.EventFiringWebDriver
Capabilities {acceptInsecureCerts: true, browserName: chrome, browserVersion: 121.0.6167.86, chrome: {chromedriverVersion: 121.0.6167.85 (3f98d690ad7e..., userDataDir: C:\Users\dP-PL\AppData\Loca...}, fedcm:accounts: true, goog:chromeOptions: {debuggerAddress: localhost:55783}, javascriptEnabled: true, networkConnectionEnabled: false, pageLoadStrategy: normal, platform: WINDOWS, platformName: WINDOWS, proxy: Proxy(), setWindowRect: true, strictFileInteractability: false, timeouts: {implicit: 0, pageLoad: 300000, script: 30000}, unhandledPromptBehavior: dismiss and notify, webauthn:extension:credBlob: true, webauthn:extension:largeBlob: true, webauthn:extension:minPinLength: true, webauthn:extension:prf: true, webauthn:virtualAuthenticators: true}
Session ID: 239787ae390c8ea1f8fcdd2fa3d4318e
2024-01-25 22:00:06,452 [main] INFO  base.BaseClass - Trying to find Element By {by.toString()})
2024-01-25 22:00:06,473 [main] INFO  base.BaseClass - Found Element By {by.toString()}
2024-01-25 22:00:06,520 [main] INFO  base.BaseClass - Trying to find Element By {by.toString()})
2024-01-25 22:00:06,536 [main] INFO  base.BaseClass - Found Element By {by.toString()}
2024-01-25 22:00:07,073 [main] INFO  base.BaseClass - Trying to find Element By {by.toString()})
2024-01-25 22:00:07,100 [main] INFO  base.BaseClass - Found Element By {by.toString()}
2024-01-25 22:00:07,639 [main] INFO  base.BaseClass - Trying to find Element By {by.toString()})
2024-01-25 22:00:07,664 [main] INFO  base.BaseClass - Found Element By {by.toString()}
2024-01-25 22:00:08,208 [main] INFO  base.BaseClass - Trying to find Element By {by.toString()})
2024-01-25 22:00:08,232 [main] INFO  base.BaseClass - Found Element By {by.toString()}
2024-01-25 22:00:08,774 [main] INFO  base.BaseClass - Trying to find Element By {by.toString()})
2024-01-25 22:00:08,800 [main] INFO  base.BaseClass - Found Element By {by.toString()}
2024-01-25 22:00:09,340 [main] INFO  base.BaseClass - Trying to find Element By {by.toString()})
2024-01-25 22:00:09,364 [main] INFO  base.BaseClass - Found Element By {by.toString()}
2024-01-25 22:00:09,906 [main] INFO  base.BaseClass - Trying to find Element By {by.toString()})
2024-01-25 22:00:09,930 [main] INFO  base.BaseClass - Found Element By {by.toString()}
2024-01-25 22:00:10,470 [main] INFO  base.BaseClass - Trying to find Element By {by.toString()})
2024-01-25 22:00:10,495 [main] INFO  base.BaseClass - Found Element By {by.toString()}
2024-01-25 22:00:11,037 [main] INFO  base.BaseClass - Trying to find Element By {by.toString()})
2024-01-25 22:00:11,060 [main] INFO  base.BaseClass - Found Element By {by.toString()}
2024-01-25 22:00:11,605 [main] INFO  base.BaseClass - Trying to find Element By {by.toString()})
2024-01-25 22:00:11,628 [main] INFO  base.BaseClass - Found Element By {by.toString()}
2024-01-25 22:00:12,169 [main] INFO  base.BaseClass - Trying to find Element By {by.toString()})
2024-01-25 22:00:12,646 [main] INFO  base.BaseClass - Found Element By {by.toString()}
2024-01-25 22:00:13,192 [main] INFO  base.BaseClass - Trying to find Element By {by.toString()})
2024-01-25 22:00:13,213 [main] INFO  base.BaseClass - Found Element By {by.toString()}
2024-01-25 22:00:13,757 [main] INFO  base.BaseClass - Trying to find Element By {by.toString()})
2024-01-25 22:00:13,782 [main] INFO  base.BaseClass - Found Element By {by.toString()}
2024-01-25 22:00:14,321 [main] INFO  base.BaseClass - Trying to find Element By {by.toString()})
2024-01-25 22:00:14,345 [main] INFO  base.BaseClass - Found Element By {by.toString()}
2024-01-25 22:00:14,888 [main] INFO  base.BaseClass - Trying to find Element By {by.toString()})
2024-01-25 22:00:14,912 [main] INFO  base.BaseClass - Found Element By {by.toString()}
2024-01-25 22:00:15,452 [main] INFO  base.BaseClass - Trying to find Element By {by.toString()})
2024-01-25 22:00:15,475 [main] INFO  base.BaseClass - Found Element By {by.toString()}
2024-01-25 22:00:16,022 [main] INFO  base.BaseClass - Trying to find Element By {by.toString()})
2024-01-25 22:00:16,046 [main] INFO  base.BaseClass - Found Element By {by.toString()}
2024-01-25 22:00:16,587 [main] INFO  base.BaseClass - Trying to find Element By {by.toString()})
2024-01-25 22:00:16,612 [main] INFO  base.BaseClass - Found Element By {by.toString()}
2024-01-25 22:00:17,137 [main] INFO  base.BaseClass - Trying to find Element By {by.toString()})
2024-01-25 22:00:17,162 [main] INFO  base.BaseClass - Found Element By {by.toString()}
2024-01-25 22:00:17,702 [main] INFO  base.BaseClass - Trying to find Element By {by.toString()})
2024-01-25 22:00:17,727 [main] INFO  base.BaseClass - Found Element By {by.toString()}
2024-01-25 22:00:18,267 [main] INFO  base.BaseClass - Trying to find Element By {by.toString()})
2024-01-25 22:00:18,293 [main] INFO  base.BaseClass - Found Element By {by.toString()}
2024-01-25 22:00:18,820 [main] INFO  base.BaseClass - Trying to find Element By {by.toString()})
2024-01-25 22:00:18,843 [main] INFO  base.BaseClass - Found Element By {by.toString()}
2024-01-25 22:00:19,386 [main] INFO  base.BaseClass - Trying to find Element By {by.toString()})
2024-01-25 22:00:19,409 [main] INFO  base.BaseClass - Found Element By {by.toString()}
2024-01-25 22:00:19,949 [main] INFO  base.BaseClass - Trying to find Element By {by.toString()})
2024-01-25 22:00:19,965 [main] INFO  base.BaseClass - Found Element By {by.toString()}
2024-01-25 22:00:20,500 [main] INFO  base.BaseClass - Trying to find Element By {by.toString()})
2024-01-25 22:00:20,522 [main] INFO  base.BaseClass - Found Element By {by.toString()}
2024-01-25 22:00:21,051 [main] INFO  base.BaseClass - Trying to find Element By {by.toString()})
2024-01-25 22:00:21,093 [main] INFO  base.BaseClass - Found Element By {by.toString()}
2024-01-25 22:00:21,617 [main] INFO  base.BaseClass - Trying to find Element By {by.toString()})
2024-01-25 22:00:21,642 [main] INFO  base.BaseClass - Found Element By {by.toString()}
2024-01-25 22:00:22,184 [main] INFO  base.BaseClass - Trying to find Element By {by.toString()})
2024-01-25 22:00:22,208 [main] INFO  base.BaseClass - Found Element By {by.toString()}
2024-01-25 22:00:22,737 [main] INFO  base.BaseClass - Trying to find Element By {by.toString()})
2024-01-25 22:00:22,758 [main] INFO  base.BaseClass - Found Element By {by.toString()}
2024-01-25 22:00:23,301 [main] INFO  base.BaseClass - Trying to find Element By {by.toString()})
2024-01-25 22:00:23,325 [main] INFO  base.BaseClass - Found Element By {by.toString()}
2024-01-25 22:00:23,868 [main] INFO  base.BaseClass - Trying to find Element By {by.toString()})
2024-01-25 22:00:23,891 [main] INFO  base.BaseClass - Found Element By {by.toString()}
2024-01-25 22:00:24,436 [main] INFO  base.BaseClass - Trying to find Element By {by.toString()})
2024-01-25 22:00:24,457 [main] INFO  base.BaseClass - Found Element By {by.toString()}
2024-01-25 22:00:24,986 [main] INFO  base.BaseClass - Trying to find Element By {by.toString()})
2024-01-25 22:00:25,009 [main] INFO  base.BaseClass - Found Element By {by.toString()}
2024-01-25 22:00:25,551 [main] INFO  base.BaseClass - Trying to find Element By {by.toString()})
2024-01-25 22:00:25,575 [main] INFO  base.BaseClass - Found Element By {by.toString()}
2024-01-25 22:00:26,114 [main] INFO  base.BaseClass - Trying to find Element By {by.toString()})
2024-01-25 22:00:26,137 [main] INFO  base.BaseClass - Found Element By {by.toString()}
2024-01-25 22:00:26,678 [main] INFO  base.BaseClass - Trying to find Element By {by.toString()})
2024-01-25 22:00:26,701 [main] INFO  base.BaseClass - Found Element By {by.toString()}
2024-01-25 22:00:27,241 [main] INFO  base.BaseClass - Trying to find Element By {by.toString()})
2024-01-25 22:00:27,263 [main] INFO  base.BaseClass - Found Element By {by.toString()}
2024-01-25 22:00:27,793 [main] INFO  base.BaseClass - Trying to find Element By {by.toString()})
2024-01-25 22:00:27,815 [main] INFO  base.BaseClass - Found Element By {by.toString()}
2024-01-25 22:00:28,361 [main] INFO  base.BaseClass - Trying to find Element By {by.toString()})
2024-01-25 22:00:28,383 [main] INFO  base.BaseClass - Found Element By {by.toString()}
2024-01-25 22:00:28,927 [main] INFO  base.BaseClass - Trying to find Element By {by.toString()})
2024-01-25 22:00:28,950 [main] INFO  base.BaseClass - Found Element By {by.toString()}
2024-01-25 22:00:29,477 [main] INFO  base.BaseClass - Trying to find Element By {by.toString()})
2024-01-25 22:00:29,502 [main] INFO  base.BaseClass - Found Element By {by.toString()}
2024-01-25 22:00:30,039 [main] INFO  base.BaseClass - Trying to find Element By {by.toString()})
2024-01-25 22:00:30,063 [main] INFO  base.BaseClass - Found Element By {by.toString()}
2024-01-25 22:00:30,606 [main] INFO  base.BaseClass - Trying to find Element By {by.toString()})
2024-01-25 22:00:30,626 [main] INFO  base.BaseClass - Found Element By {by.toString()}
2024-01-25 22:00:31,170 [main] INFO  base.BaseClass - Trying to find Element By {by.toString()})
2024-01-25 22:00:31,193 [main] INFO  base.BaseClass - Found Element By {by.toString()}
2024-01-25 22:00:31,730 [main] INFO  base.BaseClass - Trying to find Element By {by.toString()})
2024-01-25 22:00:31,752 [main] INFO  base.BaseClass - Found Element By {by.toString()}
2024-01-25 22:00:32,294 [main] INFO  base.BaseClass - Trying to find Element By {by.toString()})
2024-01-25 22:00:32,314 [main] INFO  base.BaseClass - Found Element By {by.toString()}
2024-01-25 22:00:32,858 [main] INFO  base.BaseClass - Trying to find Element By {by.toString()})
2024-01-25 22:00:32,883 [main] INFO  base.BaseClass - Found Element By {by.toString()}
2024-01-25 22:00:33,423 [main] INFO  base.BaseClass - Trying to find Element By {by.toString()})
2024-01-25 22:00:33,446 [main] INFO  base.BaseClass - Found Element By {by.toString()}
2024-01-25 22:00:33,975 [main] INFO  base.BaseClass - Trying to find Element By {by.toString()})
2024-01-25 22:00:33,999 [main] INFO  base.BaseClass - Found Element By {by.toString()}
2024-01-25 22:00:34,540 [main] INFO  base.BaseClass - Trying to find Element By {by.toString()})
2024-01-25 22:00:34,564 [main] INFO  base.BaseClass - Found Element By {by.toString()}
2024-01-25 22:00:35,103 [main] INFO  base.BaseClass - Trying to find Element By {by.toString()})
2024-01-25 22:00:35,128 [main] INFO  base.BaseClass - Found Element By {by.toString()}
2024-01-25 22:00:35,667 [main] INFO  base.BaseClass - Trying to find Element By {by.toString()})
2024-01-25 22:00:35,689 [main] INFO  base.BaseClass - Found Element By {by.toString()}
2024-01-25 22:00:36,215 [main] INFO  base.BaseClass - Trying to find Element By {by.toString()})
2024-01-25 22:00:36,240 [main] INFO  base.BaseClass - Found Element By {by.toString()}
2024-01-25 22:00:36,782 [main] INFO  base.BaseClass - Trying to find Element By {by.toString()})
2024-01-25 22:00:36,805 [main] INFO  base.BaseClass - Found Element By {by.toString()}
TimeoutException occurred: Expected condition failed: waiting for helper.WaitUtility$5@78c93cdc (tried for 30 second(s) with 500 milliseconds interval)
Build info: version: '3.141.59', revision: 'e82be7d358', time: '2018-11-14T08:17:03'
System info: host: 'DPLAP166', ip: '137.237.3.67', os.name: 'Windows 10', os.arch: 'amd64', os.version: '10.0', java.version: '19.0.1'
Driver info: org.openqa.selenium.support.events.EventFiringWebDriver
Capabilities {acceptInsecureCerts: true, browserName: chrome, browserVersion: 121.0.6167.86, chrome: {chromedriverVersion: 121.0.6167.85 (3f98d690ad7e..., userDataDir: C:\Users\dP-PL\AppData\Loca...}, fedcm:accounts: true, goog:chromeOptions: {debuggerAddress: localhost:55783}, javascriptEnabled: true, networkConnectionEnabled: false, pageLoadStrategy: normal, platform: WINDOWS, platformName: WINDOWS, proxy: Proxy(), setWindowRect: true, strictFileInteractability: false, timeouts: {implicit: 0, pageLoad: 300000, script: 30000}, unhandledPromptBehavior: dismiss and notify, webauthn:extension:credBlob: true, webauthn:extension:largeBlob: true, webauthn:extension:minPinLength: true, webauthn:extension:prf: true, webauthn:virtualAuthenticators: true}
Session ID: 239787ae390c8ea1f8fcdd2fa3d4318e
2024-01-25 22:00:36,837 [main] ERROR XGLT_15177_Test - Element did not become visible within the specified time: Expected condition failed: waiting for helper.WaitUtility$5@78c93cdc (tried for 30 second(s) with 500 milliseconds interval)
Build info: version: '3.141.59', revision: 'e82be7d358', time: '2018-11-14T08:17:03'
System info: host: 'DPLAP166', ip: '137.237.3.67', os.name: 'Windows 10', os.arch: 'amd64', os.version: '10.0', java.version: '19.0.1'
Driver info: org.openqa.selenium.support.events.EventFiringWebDriver
Capabilities {acceptInsecureCerts: true, browserName: chrome, browserVersion: 121.0.6167.86, chrome: {chromedriverVersion: 121.0.6167.85 (3f98d690ad7e..., userDataDir: C:\Users\dP-PL\AppData\Loca...}, fedcm:accounts: true, goog:chromeOptions: {debuggerAddress: localhost:55783}, javascriptEnabled: true, networkConnectionEnabled: false, pageLoadStrategy: normal, platform: WINDOWS, platformName: WINDOWS, proxy: Proxy(), setWindowRect: true, strictFileInteractability: false, timeouts: {implicit: 0, pageLoad: 300000, script: 30000}, unhandledPromptBehavior: dismiss and notify, webauthn:extension:credBlob: true, webauthn:extension:largeBlob: true, webauthn:extension:minPinLength: true, webauthn:extension:prf: true, webauthn:virtualAuthenticators: true}
Session ID: 239787ae390c8ea1f8fcdd2fa3d4318e
2024-01-25 22:00:36,837 [main] INFO  base.BaseClass - Trying to find Element By {by.toString()})
2024-01-25 22:00:36,858 [main] INFO  base.BaseClass - Found Element By {by.toString()}
2024-01-25 22:00:36,858 [main] INFO  base.BaseClass - Trying to click on: {element.toString()}
2024-01-25 22:00:37,003 [main] INFO  base.BaseClass - Clicked on: {element.toString()}
2024-01-25 22:00:37,003 [main] INFO  base.BaseClass - Trying to find Element By {by.toString()})
2024-01-25 22:00:37,017 [main] INFO  base.BaseClass - Found Element By {by.toString()}
TimeoutException occurred: Expected condition failed: waiting for helper.WaitUtility$5@6c444399 (tried for 30 second(s) with 500 milliseconds interval)
Build info: version: '3.141.59', revision: 'e82be7d358', time: '2018-11-14T08:17:03'
System info: host: 'DPLAP166', ip: '137.237.3.67', os.name: 'Windows 10', os.arch: 'amd64', os.version: '10.0', java.version: '19.0.1'
Driver info: org.openqa.selenium.support.events.EventFiringWebDriver
Capabilities {acceptInsecureCerts: true, browserName: chrome, browserVersion: 121.0.6167.86, chrome: {chromedriverVersion: 121.0.6167.85 (3f98d690ad7e..., userDataDir: C:\Users\dP-PL\AppData\Loca...}, fedcm:accounts: true, goog:chromeOptions: {debuggerAddress: localhost:55783}, javascriptEnabled: true, networkConnectionEnabled: false, pageLoadStrategy: normal, platform: WINDOWS, platformName: WINDOWS, proxy: Proxy(), setWindowRect: true, strictFileInteractability: false, timeouts: {implicit: 0, pageLoad: 300000, script: 30000}, unhandledPromptBehavior: dismiss and notify, webauthn:extension:credBlob: true, webauthn:extension:largeBlob: true, webauthn:extension:minPinLength: true, webauthn:extension:prf: true, webauthn:virtualAuthenticators: true}
Session ID: 239787ae390c8ea1f8fcdd2fa3d4318e
2024-01-25 22:01:07,200 [main] ERROR XGLT_15177_Test - Element did not become visible within the specified time: Expected condition failed: waiting for helper.WaitUtility$5@6c444399 (tried for 30 second(s) with 500 milliseconds interval)
Build info: version: '3.141.59', revision: 'e82be7d358', time: '2018-11-14T08:17:03'
System info: host: 'DPLAP166', ip: '137.237.3.67', os.name: 'Windows 10', os.arch: 'amd64', os.version: '10.0', java.version: '19.0.1'
Driver info: org.openqa.selenium.support.events.EventFiringWebDriver
Capabilities {acceptInsecureCerts: true, browserName: chrome, browserVersion: 121.0.6167.86, chrome: {chromedriverVersion: 121.0.6167.85 (3f98d690ad7e..., userDataDir: C:\Users\dP-PL\AppData\Loca...}, fedcm:accounts: true, goog:chromeOptions: {debuggerAddress: localhost:55783}, javascriptEnabled: true, networkConnectionEnabled: false, pageLoadStrategy: normal, platform: WINDOWS, platformName: WINDOWS, proxy: Proxy(), setWindowRect: true, strictFileInteractability: false, timeouts: {implicit: 0, pageLoad: 300000, script: 30000}, unhandledPromptBehavior: dismiss and notify, webauthn:extension:credBlob: true, webauthn:extension:largeBlob: true, webauthn:extension:minPinLength: true, webauthn:extension:prf: true, webauthn:virtualAuthenticators: true}
Session ID: 239787ae390c8ea1f8fcdd2fa3d4318e
2024-01-25 22:01:07,200 [main] INFO  base.BaseClass - Trying to click on: {element.toString()}
2024-01-25 22:01:07,331 [main] INFO  base.BaseClass - Clicked on: {element.toString()}
2024-01-25 22:01:07,331 [main] INFO  base.BaseClass - Trying to find Element By {by.toString()})
2024-01-25 22:01:07,344 [main] INFO  base.BaseClass - Found Element By {by.toString()}
2024-01-25 22:01:07,874 [main] INFO  base.BaseClass - Trying to find Element By {by.toString()})
2024-01-25 22:01:07,899 [main] INFO  base.BaseClass - Found Element By {by.toString()}
2024-01-25 22:01:08,473 [main] INFO  base.BaseClass - Trying to find Element By {by.toString()})
2024-01-25 22:01:08,494 [main] INFO  base.BaseClass - Found Element By {by.toString()}
2024-01-25 22:01:09,038 [main] INFO  base.BaseClass - Trying to find Element By {by.toString()})
2024-01-25 22:01:09,062 [main] INFO  base.BaseClass - Found Element By {by.toString()}
2024-01-25 22:01:09,604 [main] INFO  base.BaseClass - Trying to find Element By {by.toString()})
2024-01-25 22:01:09,626 [main] INFO  base.BaseClass - Found Element By {by.toString()}
2024-01-25 22:01:10,169 [main] INFO  base.BaseClass - Trying to find Element By {by.toString()})
2024-01-25 22:01:10,192 [main] INFO  base.BaseClass - Found Element By {by.toString()}
2024-01-25 22:01:10,731 [main] INFO  base.BaseClass - Trying to find Element By {by.toString()})
2024-01-25 22:01:10,754 [main] INFO  base.BaseClass - Found Element By {by.toString()}
2024-01-25 22:01:11,295 [main] INFO  base.BaseClass - Trying to find Element By {by.toString()})
2024-01-25 22:01:11,318 [main] INFO  base.BaseClass - Found Element By {by.toString()}
2024-01-25 22:01:11,864 [main] INFO  base.BaseClass - Trying to find Element By {by.toString()})
2024-01-25 22:01:11,887 [main] INFO  base.BaseClass - Found Element By {by.toString()}
2024-01-25 22:01:12,430 [main] INFO  base.BaseClass - Trying to find Element By {by.toString()})
2024-01-25 22:01:12,453 [main] INFO  base.BaseClass - Found Element By {by.toString()}
2024-01-25 22:01:12,986 [main] INFO  base.BaseClass - Trying to find Element By {by.toString()})
2024-01-25 22:01:13,003 [main] INFO  base.BaseClass - Found Element By {by.toString()}
2024-01-25 22:01:13,537 [main] INFO  base.BaseClass - Trying to find Element By {by.toString()})
2024-01-25 22:01:13,558 [main] INFO  base.BaseClass - Found Element By {by.toString()}
2024-01-25 22:01:14,101 [main] INFO  base.BaseClass - Trying to find Element By {by.toString()})
2024-01-25 22:01:14,125 [main] INFO  base.BaseClass - Found Element By {by.toString()}
2024-01-25 22:01:14,664 [main] INFO  base.BaseClass - Trying to find Element By {by.toString()})
2024-01-25 22:01:14,689 [main] INFO  base.BaseClass - Found Element By {by.toString()}
2024-01-25 22:01:15,230 [main] INFO  base.BaseClass - Trying to find Element By {by.toString()})
2024-01-25 22:01:15,255 [main] INFO  base.BaseClass - Found Element By {by.toString()}
2024-01-25 22:01:15,798 [main] INFO  base.BaseClass - Trying to find Element By {by.toString()})
2024-01-25 22:01:15,815 [main] INFO  base.BaseClass - Found Element By {by.toString()}
2024-01-25 22:01:16,350 [main] INFO  base.BaseClass - Trying to find Element By {by.toString()})
2024-01-25 22:01:16,374 [main] INFO  base.BaseClass - Found Element By {by.toString()}
2024-01-25 22:01:16,916 [main] INFO  base.BaseClass - Trying to find Element By {by.toString()})
2024-01-25 22:01:16,940 [main] INFO  base.BaseClass - Found Element By {by.toString()}
2024-01-25 22:01:17,481 [main] INFO  base.BaseClass - Trying to find Element By {by.toString()})
2024-01-25 22:01:17,506 [main] INFO  base.BaseClass - Found Element By {by.toString()}
2024-01-25 22:01:18,045 [main] INFO  base.BaseClass - Trying to find Element By {by.toString()})
2024-01-25 22:01:18,056 [main] INFO  base.BaseClass - Found Element By {by.toString()}
2024-01-25 22:01:18,592 [main] INFO  base.BaseClass - Trying to find Element By {by.toString()})
2024-01-25 22:01:18,618 [main] INFO  base.BaseClass - Found Element By {by.toString()}
2024-01-25 22:01:19,139 [main] INFO  base.BaseClass - Trying to find Element By {by.toString()})
2024-01-25 22:01:19,163 [main] INFO  base.BaseClass - Found Element By {by.toString()}
2024-01-25 22:01:19,705 [main] INFO  base.BaseClass - Trying to find Element By {by.toString()})
2024-01-25 22:01:19,730 [main] INFO  base.BaseClass - Found Element By {by.toString()}
2024-01-25 22:01:20,272 [main] INFO  base.BaseClass - Trying to find Element By {by.toString()})
2024-01-25 22:01:20,299 [main] INFO  base.BaseClass - Found Element By {by.toString()}
2024-01-25 22:01:20,839 [main] INFO  base.BaseClass - Trying to find Element By {by.toString()})
2024-01-25 22:01:20,866 [main] INFO  base.BaseClass - Found Element By {by.toString()}
2024-01-25 22:01:21,418 [main] INFO  base.BaseClass - Trying to find Element By {by.toString()})
2024-01-25 22:01:21,445 [main] INFO  base.BaseClass - Found Element By {by.toString()}
2024-01-25 22:01:21,987 [main] INFO  base.BaseClass - Trying to find Element By {by.toString()})
2024-01-25 22:01:22,010 [main] INFO  base.BaseClass - Found Element By {by.toString()}
2024-01-25 22:01:22,551 [main] INFO  base.BaseClass - Trying to find Element By {by.toString()})
2024-01-25 22:01:22,577 [main] INFO  base.BaseClass - Found Element By {by.toString()}
2024-01-25 22:01:23,114 [main] INFO  base.BaseClass - Trying to find Element By {by.toString()})
2024-01-25 22:01:23,139 [main] INFO  base.BaseClass - Found Element By {by.toString()}
2024-01-25 22:01:23,694 [main] INFO  base.BaseClass - Trying to find Element By {by.toString()})
2024-01-25 22:01:23,715 [main] INFO  base.BaseClass - Found Element By {by.toString()}
2024-01-25 22:01:24,246 [main] INFO  base.BaseClass - Trying to find Element By {by.toString()})
2024-01-25 22:01:24,272 [main] INFO  base.BaseClass - Found Element By {by.toString()}
2024-01-25 22:01:24,809 [main] INFO  base.BaseClass - Trying to find Element By {by.toString()})
2024-01-25 22:01:24,835 [main] INFO  base.BaseClass - Found Element By {by.toString()}
2024-01-25 22:01:25,376 [main] INFO  base.BaseClass - Trying to find Element By {by.toString()})
2024-01-25 22:01:25,402 [main] INFO  base.BaseClass - Found Element By {by.toString()}
2024-01-25 22:01:25,939 [main] INFO  base.BaseClass - Trying to find Element By {by.toString()})
2024-01-25 22:01:25,966 [main] INFO  base.BaseClass - Found Element By {by.toString()}
2024-01-25 22:01:26,505 [main] INFO  base.BaseClass - Trying to find Element By {by.toString()})
2024-01-25 22:01:26,533 [main] INFO  base.BaseClass - Found Element By {by.toString()}
2024-01-25 22:01:27,087 [main] INFO  base.BaseClass - Trying to find Element By {by.toString()})
2024-01-25 22:01:27,096 [main] INFO  base.BaseClass - Found Element By {by.toString()}
2024-01-25 22:01:27,622 [main] INFO  base.BaseClass - Trying to find Element By {by.toString()})
2024-01-25 22:01:27,646 [main] INFO  base.BaseClass - Found Element By {by.toString()}
2024-01-25 22:01:28,186 [main] INFO  base.BaseClass - Trying to find Element By {by.toString()})
2024-01-25 22:01:28,211 [main] INFO  base.BaseClass - Found Element By {by.toString()}
2024-01-25 22:01:28,751 [main] INFO  base.BaseClass - Trying to find Element By {by.toString()})
2024-01-25 22:01:28,779 [main] INFO  base.BaseClass - Found Element By {by.toString()}
2024-01-25 22:01:29,323 [main] INFO  base.BaseClass - Trying to find Element By {by.toString()})
2024-01-25 22:01:29,344 [main] INFO  base.BaseClass - Found Element By {by.toString()}
2024-01-25 22:01:29,888 [main] INFO  base.BaseClass - Trying to find Element By {by.toString()})
2024-01-25 22:01:29,913 [main] INFO  base.BaseClass - Found Element By {by.toString()}
2024-01-25 22:01:30,453 [main] INFO  base.BaseClass - Trying to find Element By {by.toString()})
2024-01-25 22:01:30,477 [main] INFO  base.BaseClass - Found Element By {by.toString()}
2024-01-25 22:01:31,020 [main] INFO  base.BaseClass - Trying to find Element By {by.toString()})
2024-01-25 22:01:31,044 [main] INFO  base.BaseClass - Found Element By {by.toString()}
2024-01-25 22:01:31,585 [main] INFO  base.BaseClass - Trying to find Element By {by.toString()})
2024-01-25 22:01:31,610 [main] INFO  base.BaseClass - Found Element By {by.toString()}
2024-01-25 22:01:32,133 [main] INFO  base.BaseClass - Trying to find Element By {by.toString()})
2024-01-25 22:01:32,156 [main] INFO  base.BaseClass - Found Element By {by.toString()}
2024-01-25 22:01:32,682 [main] INFO  base.BaseClass - Trying to find Element By {by.toString()})
2024-01-25 22:01:32,705 [main] INFO  base.BaseClass - Found Element By {by.toString()}
2024-01-25 22:01:33,247 [main] INFO  base.BaseClass - Trying to find Element By {by.toString()})
2024-01-25 22:01:33,271 [main] INFO  base.BaseClass - Found Element By {by.toString()}
2024-01-25 22:01:33,814 [main] INFO  base.BaseClass - Trying to find Element By {by.toString()})
2024-01-25 22:01:33,837 [main] INFO  base.BaseClass - Found Element By {by.toString()}
2024-01-25 22:01:34,367 [main] INFO  base.BaseClass - Trying to find Element By {by.toString()})
2024-01-25 22:01:34,391 [main] INFO  base.BaseClass - Found Element By {by.toString()}
2024-01-25 22:01:34,930 [main] INFO  base.BaseClass - Trying to find Element By {by.toString()})
2024-01-25 22:01:34,953 [main] INFO  base.BaseClass - Found Element By {by.toString()}
2024-01-25 22:01:35,495 [main] INFO  base.BaseClass - Trying to find Element By {by.toString()})
2024-01-25 22:01:35,512 [main] INFO  base.BaseClass - Found Element By {by.toString()}
2024-01-25 22:01:36,041 [main] INFO  base.BaseClass - Trying to find Element By {by.toString()})
2024-01-25 22:01:36,064 [main] INFO  base.BaseClass - Found Element By {by.toString()}
2024-01-25 22:01:36,605 [main] INFO  base.BaseClass - Trying to find Element By {by.toString()})
2024-01-25 22:01:36,628 [main] INFO  base.BaseClass - Found Element By {by.toString()}
2024-01-25 22:01:37,173 [main] INFO  base.BaseClass - Trying to find Element By {by.toString()})
2024-01-25 22:01:37,198 [main] INFO  base.BaseClass - Found Element By {by.toString()}
2024-01-25 22:01:37,737 [main] INFO  base.BaseClass - Trying to find Element By {by.toString()})
2024-01-25 22:01:37,762 [main] INFO  base.BaseClass - Found Element By {by.toString()}
TimeoutException occurred: Expected condition failed: waiting for helper.WaitUtility$5@1fae6618 (tried for 30 second(s) with 500 milliseconds interval)
Build info: version: '3.141.59', revision: 'e82be7d358', time: '2018-11-14T08:17:03'
System info: host: 'DPLAP166', ip: '137.237.3.67', os.name: 'Windows 10', os.arch: 'amd64', os.version: '10.0', java.version: '19.0.1'
Driver info: org.openqa.selenium.support.events.EventFiringWebDriver
Capabilities {acceptInsecureCerts: true, browserName: chrome, browserVersion: 121.0.6167.86, chrome: {chromedriverVersion: 121.0.6167.85 (3f98d690ad7e..., userDataDir: C:\Users\dP-PL\AppData\Loca...}, fedcm:accounts: true, goog:chromeOptions: {debuggerAddress: localhost:55783}, javascriptEnabled: true, networkConnectionEnabled: false, pageLoadStrategy: normal, platform: WINDOWS, platformName: WINDOWS, proxy: Proxy(), setWindowRect: true, strictFileInteractability: false, timeouts: {implicit: 0, pageLoad: 300000, script: 30000}, unhandledPromptBehavior: dismiss and notify, webauthn:extension:credBlob: true, webauthn:extension:largeBlob: true, webauthn:extension:minPinLength: true, webauthn:extension:prf: true, webauthn:virtualAuthenticators: true}
Session ID: 239787ae390c8ea1f8fcdd2fa3d4318e
2024-01-25 22:01:37,797 [main] ERROR XGLT_15177_Test - Element did not become visible within the specified time: Expected condition failed: waiting for helper.WaitUtility$5@1fae6618 (tried for 30 second(s) with 500 milliseconds interval)
Build info: version: '3.141.59', revision: 'e82be7d358', time: '2018-11-14T08:17:03'
System info: host: 'DPLAP166', ip: '137.237.3.67', os.name: 'Windows 10', os.arch: 'amd64', os.version: '10.0', java.version: '19.0.1'
Driver info: org.openqa.selenium.support.events.EventFiringWebDriver
Capabilities {acceptInsecureCerts: true, browserName: chrome, browserVersion: 121.0.6167.86, chrome: {chromedriverVersion: 121.0.6167.85 (3f98d690ad7e..., userDataDir: C:\Users\dP-PL\AppData\Loca...}, fedcm:accounts: true, goog:chromeOptions: {debuggerAddress: localhost:55783}, javascriptEnabled: true, networkConnectionEnabled: false, pageLoadStrategy: normal, platform: WINDOWS, platformName: WINDOWS, proxy: Proxy(), setWindowRect: true, strictFileInteractability: false, timeouts: {implicit: 0, pageLoad: 300000, script: 30000}, unhandledPromptBehavior: dismiss and notify, webauthn:extension:credBlob: true, webauthn:extension:largeBlob: true, webauthn:extension:minPinLength: true, webauthn:extension:prf: true, webauthn:virtualAuthenticators: true}
Session ID: 239787ae390c8ea1f8fcdd2fa3d4318e
2024-01-25 22:01:37,797 [main] INFO  base.BaseClass - Trying to find Element By {by.toString()})
2024-01-25 22:01:37,818 [main] INFO  base.BaseClass - Found Element By {by.toString()}
2024-01-25 22:01:37,818 [main] INFO  base.BaseClass - Trying to click on: {element.toString()}
2024-01-25 22:01:37,921 [main] INFO  base.BaseClass - Clicked on: {element.toString()}
2024-01-25 22:01:37,921 [main] INFO  base.BaseClass - Trying to find Element By {by.toString()})
2024-01-25 22:01:37,940 [main] INFO  base.BaseClass - Found Element By {by.toString()}
TimeoutException occurred: Expected condition failed: waiting for helper.WaitUtility$5@13bf8a36 (tried for 30 second(s) with 500 milliseconds interval)
Build info: version: '3.141.59', revision: 'e82be7d358', time: '2018-11-14T08:17:03'
System info: host: 'DPLAP166', ip: '137.237.3.67', os.name: 'Windows 10', os.arch: 'amd64', os.version: '10.0', java.version: '19.0.1'
Driver info: org.openqa.selenium.support.events.EventFiringWebDriver
Capabilities {acceptInsecureCerts: true, browserName: chrome, browserVersion: 121.0.6167.86, chrome: {chromedriverVersion: 121.0.6167.85 (3f98d690ad7e..., userDataDir: C:\Users\dP-PL\AppData\Loca...}, fedcm:accounts: true, goog:chromeOptions: {debuggerAddress: localhost:55783}, javascriptEnabled: true, networkConnectionEnabled: false, pageLoadStrategy: normal, platform: WINDOWS, platformName: WINDOWS, proxy: Proxy(), setWindowRect: true, strictFileInteractability: false, timeouts: {implicit: 0, pageLoad: 300000, script: 30000}, unhandledPromptBehavior: dismiss and notify, webauthn:extension:credBlob: true, webauthn:extension:largeBlob: true, webauthn:extension:minPinLength: true, webauthn:extension:prf: true, webauthn:virtualAuthenticators: true}
Session ID: 239787ae390c8ea1f8fcdd2fa3d4318e
2024-01-25 22:02:08,116 [main] ERROR XGLT_15177_Test - Element did not become visible within the specified time: Expected condition failed: waiting for helper.WaitUtility$5@13bf8a36 (tried for 30 second(s) with 500 milliseconds interval)
Build info: version: '3.141.59', revision: 'e82be7d358', time: '2018-11-14T08:17:03'
System info: host: 'DPLAP166', ip: '137.237.3.67', os.name: 'Windows 10', os.arch: 'amd64', os.version: '10.0', java.version: '19.0.1'
Driver info: org.openqa.selenium.support.events.EventFiringWebDriver
Capabilities {acceptInsecureCerts: true, browserName: chrome, browserVersion: 121.0.6167.86, chrome: {chromedriverVersion: 121.0.6167.85 (3f98d690ad7e..., userDataDir: C:\Users\dP-PL\AppData\Loca...}, fedcm:accounts: true, goog:chromeOptions: {debuggerAddress: localhost:55783}, javascriptEnabled: true, networkConnectionEnabled: false, pageLoadStrategy: normal, platform: WINDOWS, platformName: WINDOWS, proxy: Proxy(), setWindowRect: true, strictFileInteractability: false, timeouts: {implicit: 0, pageLoad: 300000, script: 30000}, unhandledPromptBehavior: dismiss and notify, webauthn:extension:credBlob: true, webauthn:extension:largeBlob: true, webauthn:extension:minPinLength: true, webauthn:extension:prf: true, webauthn:virtualAuthenticators: true}
Session ID: 239787ae390c8ea1f8fcdd2fa3d4318e
2024-01-25 22:02:08,116 [main] INFO  base.BaseClass - Trying to click on: {element.toString()}
2024-01-25 22:02:08,205 [main] INFO  base.BaseClass - Clicked on: {element.toString()}
2024-01-25 22:02:08,205 [main] INFO  base.BaseClass - Trying to find Element By {by.toString()})
2024-01-25 22:02:08,229 [main] INFO  base.BaseClass - Found Element By {by.toString()}
2024-01-25 22:02:08,757 [main] INFO  base.BaseClass - Trying to find Element By {by.toString()})
2024-01-25 22:02:08,782 [main] INFO  base.BaseClass - Found Element By {by.toString()}
2024-01-25 22:02:09,322 [main] INFO  base.BaseClass - Trying to find Element By {by.toString()})
2024-01-25 22:02:09,346 [main] INFO  base.BaseClass - Found Element By {by.toString()}
2024-01-25 22:02:09,870 [main] INFO  base.BaseClass - Trying to find Element By {by.toString()})
2024-01-25 22:02:09,892 [main] INFO  base.BaseClass - Found Element By {by.toString()}
2024-01-25 22:02:10,435 [main] INFO  base.BaseClass - Trying to find Element By {by.toString()})
2024-01-25 22:02:10,459 [main] INFO  base.BaseClass - Found Element By {by.toString()}
2024-01-25 22:02:10,999 [main] INFO  base.BaseClass - Trying to find Element By {by.toString()})
2024-01-25 22:02:11,020 [main] INFO  base.BaseClass - Found Element By {by.toString()}
2024-01-25 22:02:11,564 [main] INFO  base.BaseClass - Trying to find Element By {by.toString()})
2024-01-25 22:02:11,582 [main] INFO  base.BaseClass - Found Element By {by.toString()}
2024-01-25 22:02:12,112 [main] INFO  base.BaseClass - Trying to find Element By {by.toString()})
2024-01-25 22:02:12,134 [main] INFO  base.BaseClass - Found Element By {by.toString()}
2024-01-25 22:02:12,676 [main] INFO  base.BaseClass - Trying to find Element By {by.toString()})
2024-01-25 22:02:12,696 [main] INFO  base.BaseClass - Found Element By {by.toString()}
2024-01-25 22:02:13,242 [main] INFO  base.BaseClass - Trying to find Element By {by.toString()})
2024-01-25 22:02:13,258 [main] INFO  base.BaseClass - Found Element By {by.toString()}
2024-01-25 22:02:13,792 [main] INFO  base.BaseClass - Trying to find Element By {by.toString()})
2024-01-25 22:02:13,819 [main] INFO  base.BaseClass - Found Element By {by.toString()}
2024-01-25 22:02:14,357 [main] INFO  base.BaseClass - Trying to find Element By {by.toString()})
2024-01-25 22:02:14,380 [main] INFO  base.BaseClass - Found Element By {by.toString()}
2024-01-25 22:02:14,907 [main] INFO  base.BaseClass - Trying to find Element By {by.toString()})
2024-01-25 22:02:14,929 [main] INFO  base.BaseClass - Found Element By {by.toString()}
2024-01-25 22:02:15,461 [main] INFO  base.BaseClass - Trying to find Element By {by.toString()})
2024-01-25 22:02:15,486 [main] INFO  base.BaseClass - Found Element By {by.toString()}
2024-01-25 22:02:16,030 [main] INFO  base.BaseClass - Trying to find Element By {by.toString()})
2024-01-25 22:02:16,050 [main] INFO  base.BaseClass - Found Element By {by.toString()}
2024-01-25 22:02:16,595 [main] INFO  base.BaseClass - Trying to find Element By {by.toString()})
2024-01-25 22:02:16,618 [main] INFO  base.BaseClass - Found Element By {by.toString()}
2024-01-25 22:02:17,159 [main] INFO  base.BaseClass - Trying to find Element By {by.toString()})
2024-01-25 22:02:17,178 [main] INFO  base.BaseClass - Found Element By {by.toString()}
2024-01-25 22:02:17,709 [main] INFO  base.BaseClass - Trying to find Element By {by.toString()})
2024-01-25 22:02:17,732 [main] INFO  base.BaseClass - Found Element By {by.toString()}
2024-01-25 22:02:18,277 [main] INFO  base.BaseClass - Trying to find Element By {by.toString()})
2024-01-25 22:02:18,296 [main] INFO  base.BaseClass - Found Element By {by.toString()}
2024-01-25 22:02:18,842 [main] INFO  base.BaseClass - Trying to find Element By {by.toString()})
2024-01-25 22:02:18,863 [main] INFO  base.BaseClass - Found Element By {by.toString()}
2024-01-25 22:02:19,405 [main] INFO  base.BaseClass - Trying to find Element By {by.toString()})
2024-01-25 22:02:19,429 [main] INFO  base.BaseClass - Found Element By {by.toString()}
2024-01-25 22:02:19,957 [main] INFO  base.BaseClass - Trying to find Element By {by.toString()})
2024-01-25 22:02:19,975 [main] INFO  base.BaseClass - Found Element By {by.toString()}
2024-01-25 22:02:20,509 [main] INFO  base.BaseClass - Trying to find Element By {by.toString()})
2024-01-25 22:02:20,532 [main] INFO  base.BaseClass - Found Element By {by.toString()}
2024-01-25 22:02:21,060 [main] INFO  base.BaseClass - Trying to find Element By {by.toString()})
2024-01-25 22:02:21,085 [main] INFO  base.BaseClass - Found Element By {by.toString()}
2024-01-25 22:02:21,626 [main] INFO  base.BaseClass - Trying to find Element By {by.toString()})
2024-01-25 22:02:21,650 [main] INFO  base.BaseClass - Found Element By {by.toString()}
2024-01-25 22:02:22,191 [main] INFO  base.BaseClass - Trying to find Element By {by.toString()})
2024-01-25 22:02:22,217 [main] INFO  base.BaseClass - Found Element By {by.toString()}
2024-01-25 22:02:22,759 [main] INFO  base.BaseClass - Trying to find Element By {by.toString()})
2024-01-25 22:02:22,784 [main] INFO  base.BaseClass - Found Element By {by.toString()}
2024-01-25 22:02:23,328 [main] INFO  base.BaseClass - Trying to find Element By {by.toString()})
2024-01-25 22:02:23,345 [main] INFO  base.BaseClass - Found Element By {by.toString()}
2024-01-25 22:02:23,877 [main] INFO  base.BaseClass - Trying to find Element By {by.toString()})
2024-01-25 22:02:23,896 [main] INFO  base.BaseClass - Found Element By {by.toString()}
2024-01-25 22:02:24,429 [main] INFO  base.BaseClass - Trying to find Element By {by.toString()})
2024-01-25 22:02:24,452 [main] INFO  base.BaseClass - Found Element By {by.toString()}
2024-01-25 22:02:24,994 [main] INFO  base.BaseClass - Trying to find Element By {by.toString()})
2024-01-25 22:02:25,018 [main] INFO  base.BaseClass - Found Element By {by.toString()}
2024-01-25 22:02:25,561 [main] INFO  base.BaseClass - Trying to find Element By {by.toString()})
2024-01-25 22:02:25,584 [main] INFO  base.BaseClass - Found Element By {by.toString()}
2024-01-25 22:02:26,125 [main] INFO  base.BaseClass - Trying to find Element By {by.toString()})
2024-01-25 22:02:26,149 [main] INFO  base.BaseClass - Found Element By {by.toString()}
2024-01-25 22:02:26,689 [main] INFO  base.BaseClass - Trying to find Element By {by.toString()})
2024-01-25 22:02:26,709 [main] INFO  base.BaseClass - Found Element By {by.toString()}
2024-01-25 22:02:27,254 [main] INFO  base.BaseClass - Trying to find Element By {by.toString()})
2024-01-25 22:02:27,280 [main] INFO  base.BaseClass - Found Element By {by.toString()}
2024-01-25 22:02:27,818 [main] INFO  base.BaseClass - Trying to find Element By {by.toString()})
2024-01-25 22:02:27,842 [main] INFO  base.BaseClass - Found Element By {by.toString()}
2024-01-25 22:02:28,373 [main] INFO  base.BaseClass - Trying to find Element By {by.toString()})
2024-01-25 22:02:28,394 [main] INFO  base.BaseClass - Found Element By {by.toString()}
2024-01-25 22:02:28,934 [main] INFO  base.BaseClass - Trying to find Element By {by.toString()})
2024-01-25 22:02:28,956 [main] INFO  base.BaseClass - Found Element By {by.toString()}
2024-01-25 22:02:29,501 [main] INFO  base.BaseClass - Trying to find Element By {by.toString()})
2024-01-25 22:02:29,524 [main] INFO  base.BaseClass - Found Element By {by.toString()}
2024-01-25 22:02:30,069 [main] INFO  base.BaseClass - Trying to find Element By {by.toString()})
2024-01-25 22:02:30,092 [main] INFO  base.BaseClass - Found Element By {by.toString()}
2024-01-25 22:02:30,635 [main] INFO  base.BaseClass - Trying to find Element By {by.toString()})
2024-01-25 22:02:30,657 [main] INFO  base.BaseClass - Found Element By {by.toString()}
2024-01-25 22:02:31,201 [main] INFO  base.BaseClass - Trying to find Element By {by.toString()})
2024-01-25 22:02:31,226 [main] INFO  base.BaseClass - Found Element By {by.toString()}
2024-01-25 22:02:31,767 [main] INFO  base.BaseClass - Trying to find Element By {by.toString()})
2024-01-25 22:02:31,790 [main] INFO  base.BaseClass - Found Element By {by.toString()}
2024-01-25 22:02:32,331 [main] INFO  base.BaseClass - Trying to find Element By {by.toString()})
2024-01-25 22:02:32,354 [main] INFO  base.BaseClass - Found Element By {by.toString()}
2024-01-25 22:02:32,897 [main] INFO  base.BaseClass - Trying to find Element By {by.toString()})
2024-01-25 22:02:32,920 [main] INFO  base.BaseClass - Found Element By {by.toString()}
2024-01-25 22:02:33,461 [main] INFO  base.BaseClass - Trying to find Element By {by.toString()})
2024-01-25 22:02:33,484 [main] INFO  base.BaseClass - Found Element By {by.toString()}
2024-01-25 22:02:34,028 [main] INFO  base.BaseClass - Trying to find Element By {by.toString()})
2024-01-25 22:02:34,080 [main] INFO  base.BaseClass - Found Element By {by.toString()}
2024-01-25 22:02:34,611 [main] INFO  base.BaseClass - Trying to find Element By {by.toString()})
2024-01-25 22:02:34,635 [main] INFO  base.BaseClass - Found Element By {by.toString()}
2024-01-25 22:02:35,177 [main] INFO  base.BaseClass - Trying to find Element By {by.toString()})
2024-01-25 22:02:35,200 [main] INFO  base.BaseClass - Found Element By {by.toString()}
2024-01-25 22:02:35,728 [main] INFO  base.BaseClass - Trying to find Element By {by.toString()})
2024-01-25 22:02:35,751 [main] INFO  base.BaseClass - Found Element By {by.toString()}
2024-01-25 22:02:36,298 [main] INFO  base.BaseClass - Trying to find Element By {by.toString()})
2024-01-25 22:02:36,318 [main] INFO  base.BaseClass - Found Element By {by.toString()}
2024-01-25 22:02:36,849 [main] INFO  base.BaseClass - Trying to find Element By {by.toString()})
2024-01-25 22:02:36,872 [main] INFO  base.BaseClass - Found Element By {by.toString()}
2024-01-25 22:02:37,399 [main] INFO  base.BaseClass - Trying to find Element By {by.toString()})
2024-01-25 22:02:37,422 [main] INFO  base.BaseClass - Found Element By {by.toString()}
2024-01-25 22:02:37,964 [main] INFO  base.BaseClass - Trying to find Element By {by.toString()})
2024-01-25 22:02:37,984 [main] INFO  base.BaseClass - Found Element By {by.toString()}
2024-01-25 22:02:38,513 [main] INFO  base.BaseClass - Trying to find Element By {by.toString()})
2024-01-25 22:02:38,536 [main] INFO  base.BaseClass - Found Element By {by.toString()}
TimeoutException occurred: Expected condition failed: waiting for helper.WaitUtility$5@aa2ae2d (tried for 30 second(s) with 500 milliseconds interval)
Build info: version: '3.141.59', revision: 'e82be7d358', time: '2018-11-14T08:17:03'
System info: host: 'DPLAP166', ip: '137.237.3.67', os.name: 'Windows 10', os.arch: 'amd64', os.version: '10.0', java.version: '19.0.1'
Driver info: org.openqa.selenium.support.events.EventFiringWebDriver
Capabilities {acceptInsecureCerts: true, browserName: chrome, browserVersion: 121.0.6167.86, chrome: {chromedriverVersion: 121.0.6167.85 (3f98d690ad7e..., userDataDir: C:\Users\dP-PL\AppData\Loca...}, fedcm:accounts: true, goog:chromeOptions: {debuggerAddress: localhost:55783}, javascriptEnabled: true, networkConnectionEnabled: false, pageLoadStrategy: normal, platform: WINDOWS, platformName: WINDOWS, proxy: Proxy(), setWindowRect: true, strictFileInteractability: false, timeouts: {implicit: 0, pageLoad: 300000, script: 30000}, unhandledPromptBehavior: dismiss and notify, webauthn:extension:credBlob: true, webauthn:extension:largeBlob: true, webauthn:extension:minPinLength: true, webauthn:extension:prf: true, webauthn:virtualAuthenticators: true}
Session ID: 239787ae390c8ea1f8fcdd2fa3d4318e
2024-01-25 22:02:38,570 [main] ERROR XGLT_15177_Test - Element did not become visible within the specified time: Expected condition failed: waiting for helper.WaitUtility$5@aa2ae2d (tried for 30 second(s) with 500 milliseconds interval)
Build info: version: '3.141.59', revision: 'e82be7d358', time: '2018-11-14T08:17:03'
System info: host: 'DPLAP166', ip: '137.237.3.67', os.name: 'Windows 10', os.arch: 'amd64', os.version: '10.0', java.version: '19.0.1'
Driver info: org.openqa.selenium.support.events.EventFiringWebDriver
Capabilities {acceptInsecureCerts: true, browserName: chrome, browserVersion: 121.0.6167.86, chrome: {chromedriverVersion: 121.0.6167.85 (3f98d690ad7e..., userDataDir: C:\Users\dP-PL\AppData\Loca...}, fedcm:accounts: true, goog:chromeOptions: {debuggerAddress: localhost:55783}, javascriptEnabled: true, networkConnectionEnabled: false, pageLoadStrategy: normal, platform: WINDOWS, platformName: WINDOWS, proxy: Proxy(), setWindowRect: true, strictFileInteractability: false, timeouts: {implicit: 0, pageLoad: 300000, script: 30000}, unhandledPromptBehavior: dismiss and notify, webauthn:extension:credBlob: true, webauthn:extension:largeBlob: true, webauthn:extension:minPinLength: true, webauthn:extension:prf: true, webauthn:virtualAuthenticators: true}
Session ID: 239787ae390c8ea1f8fcdd2fa3d4318e
2024-01-25 22:02:38,570 [main] INFO  base.BaseClass - Trying to find Element By {by.toString()})
2024-01-25 22:02:38,590 [main] INFO  base.BaseClass - Found Element By {by.toString()}
2024-01-25 22:02:38,590 [main] INFO  base.BaseClass - Trying to click on: {element.toString()}
2024-01-25 22:02:38,675 [main] INFO  base.BaseClass - Clicked on: {element.toString()}
2024-01-25 22:02:38,675 [main] INFO  base.BaseClass - Trying to find Element By {by.toString()})
2024-01-25 22:02:38,692 [main] INFO  base.BaseClass - Found Element By {by.toString()}
TimeoutException occurred: Expected condition failed: waiting for helper.WaitUtility$5@71e67dd6 (tried for 30 second(s) with 500 milliseconds interval)
Build info: version: '3.141.59', revision: 'e82be7d358', time: '2018-11-14T08:17:03'
System info: host: 'DPLAP166', ip: '137.237.3.67', os.name: 'Windows 10', os.arch: 'amd64', os.version: '10.0', java.version: '19.0.1'
Driver info: org.openqa.selenium.support.events.EventFiringWebDriver
Capabilities {acceptInsecureCerts: true, browserName: chrome, browserVersion: 121.0.6167.86, chrome: {chromedriverVersion: 121.0.6167.85 (3f98d690ad7e..., userDataDir: C:\Users\dP-PL\AppData\Loca...}, fedcm:accounts: true, goog:chromeOptions: {debuggerAddress: localhost:55783}, javascriptEnabled: true, networkConnectionEnabled: false, pageLoadStrategy: normal, platform: WINDOWS, platformName: WINDOWS, proxy: Proxy(), setWindowRect: true, strictFileInteractability: false, timeouts: {implicit: 0, pageLoad: 300000, script: 30000}, unhandledPromptBehavior: dismiss and notify, webauthn:extension:credBlob: true, webauthn:extension:largeBlob: true, webauthn:extension:minPinLength: true, webauthn:extension:prf: true, webauthn:virtualAuthenticators: true}
Session ID: 239787ae390c8ea1f8fcdd2fa3d4318e
2024-01-25 22:03:08,710 [main] ERROR XGLT_15177_Test - Element did not become visible within the specified time: Expected condition failed: waiting for helper.WaitUtility$5@71e67dd6 (tried for 30 second(s) with 500 milliseconds interval)
Build info: version: '3.141.59', revision: 'e82be7d358', time: '2018-11-14T08:17:03'
System info: host: 'DPLAP166', ip: '137.237.3.67', os.name: 'Windows 10', os.arch: 'amd64', os.version: '10.0', java.version: '19.0.1'
Driver info: org.openqa.selenium.support.events.EventFiringWebDriver
Capabilities {acceptInsecureCerts: true, browserName: chrome, browserVersion: 121.0.6167.86, chrome: {chromedriverVersion: 121.0.6167.85 (3f98d690ad7e..., userDataDir: C:\Users\dP-PL\AppData\Loca...}, fedcm:accounts: true, goog:chromeOptions: {debuggerAddress: localhost:55783}, javascriptEnabled: true, networkConnectionEnabled: false, pageLoadStrategy: normal, platform: WINDOWS, platformName: WINDOWS, proxy: Proxy(), setWindowRect: true, strictFileInteractability: false, timeouts: {implicit: 0, pageLoad: 300000, script: 30000}, unhandledPromptBehavior: dismiss and notify, webauthn:extension:credBlob: true, webauthn:extension:largeBlob: true, webauthn:extension:minPinLength: true, webauthn:extension:prf: true, webauthn:virtualAuthenticators: true}
Session ID: 239787ae390c8ea1f8fcdd2fa3d4318e
2024-01-25 22:03:08,710 [main] INFO  base.BaseClass - Trying to click on: {element.toString()}
2024-01-25 22:03:08,757 [main] INFO  base.BaseClass - Clicked on: {element.toString()}
2024-01-25 22:03:08,757 [main] INFO  base.BaseClass - Trying to find Element By {by.toString()})
2024-01-25 22:03:08,770 [main] INFO  base.BaseClass - Found Element By {by.toString()}
2024-01-25 22:03:09,300 [main] INFO  base.BaseClass - Trying to find Element By {by.toString()})
2024-01-25 22:03:09,326 [main] INFO  base.BaseClass - Found Element By {by.toString()}
2024-01-25 22:03:09,864 [main] INFO  base.BaseClass - Trying to find Element By {by.toString()})
2024-01-25 22:03:09,887 [main] INFO  base.BaseClass - Found Element By {by.toString()}
2024-01-25 22:03:10,424 [main] INFO  base.BaseClass - Trying to find Element By {by.toString()})
2024-01-25 22:03:10,448 [main] INFO  base.BaseClass - Found Element By {by.toString()}
2024-01-25 22:03:10,992 [main] INFO  base.BaseClass - Trying to find Element By {by.toString()})
2024-01-25 22:03:11,016 [main] INFO  base.BaseClass - Found Element By {by.toString()}
2024-01-25 22:03:11,556 [main] INFO  base.BaseClass - Trying to find Element By {by.toString()})
2024-01-25 22:03:11,579 [main] INFO  base.BaseClass - Found Element By {by.toString()}
2024-01-25 22:03:12,120 [main] INFO  base.BaseClass - Trying to find Element By {by.toString()})
2024-01-25 22:03:12,144 [main] INFO  base.BaseClass - Found Element By {by.toString()}
2024-01-25 22:03:12,688 [main] INFO  base.BaseClass - Trying to find Element By {by.toString()})
2024-01-25 22:03:12,712 [main] INFO  base.BaseClass - Found Element By {by.toString()}
2024-01-25 22:03:13,252 [main] INFO  base.BaseClass - Trying to find Element By {by.toString()})
2024-01-25 22:03:13,276 [main] INFO  base.BaseClass - Found Element By {by.toString()}
2024-01-25 22:03:13,817 [main] INFO  base.BaseClass - Trying to find Element By {by.toString()})
2024-01-25 22:03:13,840 [main] INFO  base.BaseClass - Found Element By {by.toString()}
2024-01-25 22:03:14,385 [main] INFO  base.BaseClass - Trying to find Element By {by.toString()})
2024-01-25 22:03:14,408 [main] INFO  base.BaseClass - Found Element By {by.toString()}
2024-01-25 22:03:14,951 [main] INFO  base.BaseClass - Trying to find Element By {by.toString()})
2024-01-25 22:03:14,974 [main] INFO  base.BaseClass - Found Element By {by.toString()}
2024-01-25 22:03:15,514 [main] INFO  base.BaseClass - Trying to find Element By {by.toString()})
2024-01-25 22:03:15,537 [main] INFO  base.BaseClass - Found Element By {by.toString()}
2024-01-25 22:03:16,064 [main] INFO  base.BaseClass - Trying to find Element By {by.toString()})
2024-01-25 22:03:16,088 [main] INFO  base.BaseClass - Found Element By {by.toString()}
2024-01-25 22:03:16,629 [main] INFO  base.BaseClass - Trying to find Element By {by.toString()})
2024-01-25 22:03:16,653 [main] INFO  base.BaseClass - Found Element By {by.toString()}
2024-01-25 22:03:17,196 [main] INFO  base.BaseClass - Trying to find Element By {by.toString()})
2024-01-25 22:03:17,213 [main] INFO  base.BaseClass - Found Element By {by.toString()}
2024-01-25 22:03:17,748 [main] INFO  base.BaseClass - Trying to find Element By {by.toString()})
2024-01-25 22:03:17,772 [main] INFO  base.BaseClass - Found Element By {by.toString()}
2024-01-25 22:03:18,315 [main] INFO  base.BaseClass - Trying to find Element By {by.toString()})
2024-01-25 22:03:18,340 [main] INFO  base.BaseClass - Found Element By {by.toString()}
2024-01-25 22:03:18,883 [main] INFO  base.BaseClass - Trying to find Element By {by.toString()})
2024-01-25 22:03:18,906 [main] INFO  base.BaseClass - Found Element By {by.toString()}
2024-01-25 22:03:19,449 [main] INFO  base.BaseClass - Trying to find Element By {by.toString()})
2024-01-25 22:03:19,474 [main] INFO  base.BaseClass - Found Element By {by.toString()}
2024-01-25 22:03:20,016 [main] INFO  base.BaseClass - Trying to find Element By {by.toString()})
2024-01-25 22:03:20,040 [main] INFO  base.BaseClass - Found Element By {by.toString()}
2024-01-25 22:03:20,581 [main] INFO  base.BaseClass - Trying to find Element By {by.toString()})
2024-01-25 22:03:20,604 [main] INFO  base.BaseClass - Found Element By {by.toString()}
2024-01-25 22:03:21,148 [main] INFO  base.BaseClass - Trying to find Element By {by.toString()})
2024-01-25 22:03:21,172 [main] INFO  base.BaseClass - Found Element By {by.toString()}
2024-01-25 22:03:21,711 [main] INFO  base.BaseClass - Trying to find Element By {by.toString()})
2024-01-25 22:03:21,734 [main] INFO  base.BaseClass - Found Element By {by.toString()}
2024-01-25 22:03:22,264 [main] INFO  base.BaseClass - Trying to find Element By {by.toString()})
2024-01-25 22:03:22,287 [main] INFO  base.BaseClass - Found Element By {by.toString()}
2024-01-25 22:03:22,814 [main] INFO  base.BaseClass - Trying to find Element By {by.toString()})
2024-01-25 22:03:22,838 [main] INFO  base.BaseClass - Found Element By {by.toString()}
2024-01-25 22:03:23,362 [main] INFO  base.BaseClass - Trying to find Element By {by.toString()})
2024-01-25 22:03:23,387 [main] INFO  base.BaseClass - Found Element By {by.toString()}
2024-01-25 22:03:23,927 [main] INFO  base.BaseClass - Trying to find Element By {by.toString()})
2024-01-25 22:03:23,951 [main] INFO  base.BaseClass - Found Element By {by.toString()}
2024-01-25 22:03:24,495 [main] INFO  base.BaseClass - Trying to find Element By {by.toString()})
2024-01-25 22:03:24,535 [main] INFO  base.BaseClass - Found Element By {by.toString()}
2024-01-25 22:03:25,062 [main] INFO  base.BaseClass - Trying to find Element By {by.toString()})
2024-01-25 22:03:25,084 [main] INFO  base.BaseClass - Found Element By {by.toString()}
2024-01-25 22:03:25,629 [main] INFO  base.BaseClass - Trying to find Element By {by.toString()})
2024-01-25 22:03:25,653 [main] INFO  base.BaseClass - Found Element By {by.toString()}
2024-01-25 22:03:26,195 [main] INFO  base.BaseClass - Trying to find Element By {by.toString()})
2024-01-25 22:03:26,218 [main] INFO  base.BaseClass - Found Element By {by.toString()}
2024-01-25 22:03:26,761 [main] INFO  base.BaseClass - Trying to find Element By {by.toString()})
2024-01-25 22:03:26,784 [main] INFO  base.BaseClass - Found Element By {by.toString()}
2024-01-25 22:03:27,328 [main] INFO  base.BaseClass - Trying to find Element By {by.toString()})
2024-01-25 22:03:27,351 [main] INFO  base.BaseClass - Found Element By {by.toString()}
2024-01-25 22:03:27,895 [main] INFO  base.BaseClass - Trying to find Element By {by.toString()})
2024-01-25 22:03:27,919 [main] INFO  base.BaseClass - Found Element By {by.toString()}
2024-01-25 22:03:28,447 [main] INFO  base.BaseClass - Trying to find Element By {by.toString()})
2024-01-25 22:03:28,463 [main] INFO  base.BaseClass - Found Element By {by.toString()}
2024-01-25 22:03:28,997 [main] INFO  base.BaseClass - Trying to find Element By {by.toString()})
2024-01-25 22:03:29,021 [main] INFO  base.BaseClass - Found Element By {by.toString()}
2024-01-25 22:03:29,561 [main] INFO  base.BaseClass - Trying to find Element By {by.toString()})
2024-01-25 22:03:29,585 [main] INFO  base.BaseClass - Found Element By {by.toString()}
2024-01-25 22:03:30,126 [main] INFO  base.BaseClass - Trying to find Element By {by.toString()})
2024-01-25 22:03:30,150 [main] INFO  base.BaseClass - Found Element By {by.toString()}
2024-01-25 22:03:30,692 [main] INFO  base.BaseClass - Trying to find Element By {by.toString()})
2024-01-25 22:03:30,715 [main] INFO  base.BaseClass - Found Element By {by.toString()}
2024-01-25 22:03:31,259 [main] INFO  base.BaseClass - Trying to find Element By {by.toString()})
2024-01-25 22:03:31,283 [main] INFO  base.BaseClass - Found Element By {by.toString()}
2024-01-25 22:03:31,822 [main] INFO  base.BaseClass - Trying to find Element By {by.toString()})
2024-01-25 22:03:31,845 [main] INFO  base.BaseClass - Found Element By {by.toString()}
2024-01-25 22:03:32,387 [main] INFO  base.BaseClass - Trying to find Element By {by.toString()})
2024-01-25 22:03:32,410 [main] INFO  base.BaseClass - Found Element By {by.toString()}
2024-01-25 22:03:32,951 [main] INFO  base.BaseClass - Trying to find Element By {by.toString()})
2024-01-25 22:03:32,975 [main] INFO  base.BaseClass - Found Element By {by.toString()}
2024-01-25 22:03:33,515 [main] INFO  base.BaseClass - Trying to find Element By {by.toString()})
2024-01-25 22:03:33,538 [main] INFO  base.BaseClass - Found Element By {by.toString()}
2024-01-25 22:03:34,081 [main] INFO  base.BaseClass - Trying to find Element By {by.toString()})
2024-01-25 22:03:34,105 [main] INFO  base.BaseClass - Found Element By {by.toString()}
2024-01-25 22:03:34,645 [main] INFO  base.BaseClass - Trying to find Element By {by.toString()})
2024-01-25 22:03:34,668 [main] INFO  base.BaseClass - Found Element By {by.toString()}
2024-01-25 22:03:35,197 [main] INFO  base.BaseClass - Trying to find Element By {by.toString()})
2024-01-25 22:03:35,214 [main] INFO  base.BaseClass - Found Element By {by.toString()}
2024-01-25 22:03:35,746 [main] INFO  base.BaseClass - Trying to find Element By {by.toString()})
2024-01-25 22:03:35,769 [main] INFO  base.BaseClass - Found Element By {by.toString()}
2024-01-25 22:03:36,313 [main] INFO  base.BaseClass - Trying to find Element By {by.toString()})
2024-01-25 22:03:36,333 [main] INFO  base.BaseClass - Found Element By {by.toString()}
2024-01-25 22:03:36,880 [main] INFO  base.BaseClass - Trying to find Element By {by.toString()})
2024-01-25 22:03:36,902 [main] INFO  base.BaseClass - Found Element By {by.toString()}
2024-01-25 22:03:37,444 [main] INFO  base.BaseClass - Trying to find Element By {by.toString()})
2024-01-25 22:03:37,467 [main] INFO  base.BaseClass - Found Element By {by.toString()}
2024-01-25 22:03:38,007 [main] INFO  base.BaseClass - Trying to find Element By {by.toString()})
2024-01-25 22:03:38,030 [main] INFO  base.BaseClass - Found Element By {by.toString()}
2024-01-25 22:03:38,570 [main] INFO  base.BaseClass - Trying to find Element By {by.toString()})
2024-01-25 22:03:38,589 [main] INFO  base.BaseClass - Found Element By {by.toString()}
2024-01-25 22:03:39,118 [main] INFO  base.BaseClass - Trying to find Element By {by.toString()})
2024-01-25 22:03:39,141 [main] INFO  base.BaseClass - Found Element By {by.toString()}
TimeoutException occurred: Expected condition failed: waiting for helper.WaitUtility$5@6879ec37 (tried for 30 second(s) with 500 milliseconds interval)
Build info: version: '3.141.59', revision: 'e82be7d358', time: '2018-11-14T08:17:03'
System info: host: 'DPLAP166', ip: '137.237.3.67', os.name: 'Windows 10', os.arch: 'amd64', os.version: '10.0', java.version: '19.0.1'
Driver info: org.openqa.selenium.support.events.EventFiringWebDriver
Capabilities {acceptInsecureCerts: true, browserName: chrome, browserVersion: 121.0.6167.86, chrome: {chromedriverVersion: 121.0.6167.85 (3f98d690ad7e..., userDataDir: C:\Users\dP-PL\AppData\Loca...}, fedcm:accounts: true, goog:chromeOptions: {debuggerAddress: localhost:55783}, javascriptEnabled: true, networkConnectionEnabled: false, pageLoadStrategy: normal, platform: WINDOWS, platformName: WINDOWS, proxy: Proxy(), setWindowRect: true, strictFileInteractability: false, timeouts: {implicit: 0, pageLoad: 300000, script: 30000}, unhandledPromptBehavior: dismiss and notify, webauthn:extension:credBlob: true, webauthn:extension:largeBlob: true, webauthn:extension:minPinLength: true, webauthn:extension:prf: true, webauthn:virtualAuthenticators: true}
Session ID: 239787ae390c8ea1f8fcdd2fa3d4318e
2024-01-25 22:03:39,172 [main] ERROR XGLT_15177_Test - Element did not become visible within the specified time: Expected condition failed: waiting for helper.WaitUtility$5@6879ec37 (tried for 30 second(s) with 500 milliseconds interval)
Build info: version: '3.141.59', revision: 'e82be7d358', time: '2018-11-14T08:17:03'
System info: host: 'DPLAP166', ip: '137.237.3.67', os.name: 'Windows 10', os.arch: 'amd64', os.version: '10.0', java.version: '19.0.1'
Driver info: org.openqa.selenium.support.events.EventFiringWebDriver
Capabilities {acceptInsecureCerts: true, browserName: chrome, browserVersion: 121.0.6167.86, chrome: {chromedriverVersion: 121.0.6167.85 (3f98d690ad7e..., userDataDir: C:\Users\dP-PL\AppData\Loca...}, fedcm:accounts: true, goog:chromeOptions: {debuggerAddress: localhost:55783}, javascriptEnabled: true, networkConnectionEnabled: false, pageLoadStrategy: normal, platform: WINDOWS, platformName: WINDOWS, proxy: Proxy(), setWindowRect: true, strictFileInteractability: false, timeouts: {implicit: 0, pageLoad: 300000, script: 30000}, unhandledPromptBehavior: dismiss and notify, webauthn:extension:credBlob: true, webauthn:extension:largeBlob: true, webauthn:extension:minPinLength: true, webauthn:extension:prf: true, webauthn:virtualAuthenticators: true}
Session ID: 239787ae390c8ea1f8fcdd2fa3d4318e
2024-01-25 22:03:39,173 [main] INFO  base.BaseClass - Trying to find Element By {by.toString()})
2024-01-25 22:03:39,193 [main] INFO  base.BaseClass - Found Element By {by.toString()}
2024-01-25 22:03:39,193 [main] INFO  base.BaseClass - Trying to click on: {element.toString()}
2024-01-25 22:03:39,289 [main] INFO  base.BaseClass - Clicked on: {element.toString()}
2024-01-25 22:03:39,289 [main] INFO  base.BaseClass - Trying to find Element By {by.toString()})
2024-01-25 22:03:39,305 [main] INFO  base.BaseClass - Found Element By {by.toString()}
TimeoutException occurred: Expected condition failed: waiting for helper.WaitUtility$5@4c24d99d (tried for 30 second(s) with 500 milliseconds interval)
Build info: version: '3.141.59', revision: 'e82be7d358', time: '2018-11-14T08:17:03'
System info: host: 'DPLAP166', ip: '137.237.3.67', os.name: 'Windows 10', os.arch: 'amd64', os.version: '10.0', java.version: '19.0.1'
Driver info: org.openqa.selenium.support.events.EventFiringWebDriver
Capabilities {acceptInsecureCerts: true, browserName: chrome, browserVersion: 121.0.6167.86, chrome: {chromedriverVersion: 121.0.6167.85 (3f98d690ad7e..., userDataDir: C:\Users\dP-PL\AppData\Loca...}, fedcm:accounts: true, goog:chromeOptions: {debuggerAddress: localhost:55783}, javascriptEnabled: true, networkConnectionEnabled: false, pageLoadStrategy: normal, platform: WINDOWS, platformName: WINDOWS, proxy: Proxy(), setWindowRect: true, strictFileInteractability: false, timeouts: {implicit: 0, pageLoad: 300000, script: 30000}, unhandledPromptBehavior: dismiss and notify, webauthn:extension:credBlob: true, webauthn:extension:largeBlob: true, webauthn:extension:minPinLength: true, webauthn:extension:prf: true, webauthn:virtualAuthenticators: true}
Session ID: 239787ae390c8ea1f8fcdd2fa3d4318e
2024-01-25 22:04:09,329 [main] ERROR XGLT_15177_Test - Element did not become visible within the specified time: Expected condition failed: waiting for helper.WaitUtility$5@4c24d99d (tried for 30 second(s) with 500 milliseconds interval)
Build info: version: '3.141.59', revision: 'e82be7d358', time: '2018-11-14T08:17:03'
System info: host: 'DPLAP166', ip: '137.237.3.67', os.name: 'Windows 10', os.arch: 'amd64', os.version: '10.0', java.version: '19.0.1'
Driver info: org.openqa.selenium.support.events.EventFiringWebDriver
Capabilities {acceptInsecureCerts: true, browserName: chrome, browserVersion: 121.0.6167.86, chrome: {chromedriverVersion: 121.0.6167.85 (3f98d690ad7e..., userDataDir: C:\Users\dP-PL\AppData\Loca...}, fedcm:accounts: true, goog:chromeOptions: {debuggerAddress: localhost:55783}, javascriptEnabled: true, networkConnectionEnabled: false, pageLoadStrategy: normal, platform: WINDOWS, platformName: WINDOWS, proxy: Proxy(), setWindowRect: true, strictFileInteractability: false, timeouts: {implicit: 0, pageLoad: 300000, script: 30000}, unhandledPromptBehavior: dismiss and notify, webauthn:extension:credBlob: true, webauthn:extension:largeBlob: true, webauthn:extension:minPinLength: true, webauthn:extension:prf: true, webauthn:virtualAuthenticators: true}
Session ID: 239787ae390c8ea1f8fcdd2fa3d4318e
2024-01-25 22:04:09,330 [main] INFO  base.BaseClass - Trying to click on: {element.toString()}
2024-01-25 22:04:09,417 [main] INFO  base.BaseClass - Clicked on: {element.toString()}
2024-01-25 22:04:09,418 [main] INFO  base.BaseClass - Trying to find Element By {by.toString()})
2024-01-25 22:04:09,433 [main] INFO  base.BaseClass - Found Element By {by.toString()}
2024-01-25 22:04:09,974 [main] INFO  base.BaseClass - Trying to find Element By {by.toString()})
2024-01-25 22:04:09,994 [main] INFO  base.BaseClass - Found Element By {by.toString()}
2024-01-25 22:04:10,537 [main] INFO  base.BaseClass - Trying to find Element By {by.toString()})
2024-01-25 22:04:10,556 [main] INFO  base.BaseClass - Found Element By {by.toString()}
2024-01-25 22:04:11,088 [main] INFO  base.BaseClass - Trying to find Element By {by.toString()})
2024-01-25 22:04:11,108 [main] INFO  base.BaseClass - Found Element By {by.toString()}
2024-01-25 22:04:11,639 [main] INFO  base.BaseClass - Trying to find Element By {by.toString()})
2024-01-25 22:04:11,659 [main] INFO  base.BaseClass - Found Element By {by.toString()}
2024-01-25 22:04:12,203 [main] INFO  base.BaseClass - Trying to find Element By {by.toString()})
2024-01-25 22:04:12,223 [main] INFO  base.BaseClass - Found Element By {by.toString()}
2024-01-25 22:04:12,756 [main] INFO  base.BaseClass - Trying to find Element By {by.toString()})
2024-01-25 22:04:12,777 [main] INFO  base.BaseClass - Found Element By {by.toString()}
2024-01-25 22:04:13,320 [main] INFO  base.BaseClass - Trying to find Element By {by.toString()})
2024-01-25 22:04:13,344 [main] INFO  base.BaseClass - Found Element By {by.toString()}
2024-01-25 22:04:13,888 [main] INFO  base.BaseClass - Trying to find Element By {by.toString()})
2024-01-25 22:04:13,911 [main] INFO  base.BaseClass - Found Element By {by.toString()}
2024-01-25 22:04:14,456 [main] INFO  base.BaseClass - Trying to find Element By {by.toString()})
2024-01-25 22:04:14,478 [main] INFO  base.BaseClass - Found Element By {by.toString()}
2024-01-25 22:04:15,008 [main] INFO  base.BaseClass - Trying to find Element By {by.toString()})
2024-01-25 22:04:15,031 [main] INFO  base.BaseClass - Found Element By {by.toString()}
2024-01-25 22:04:15,559 [main] INFO  base.BaseClass - Trying to find Element By {by.toString()})
2024-01-25 22:04:15,577 [main] INFO  base.BaseClass - Found Element By {by.toString()}
2024-01-25 22:04:16,124 [main] INFO  base.BaseClass - Trying to find Element By {by.toString()})
2024-01-25 22:04:16,147 [main] INFO  base.BaseClass - Found Element By {by.toString()}
2024-01-25 22:04:16,688 [main] INFO  base.BaseClass - Trying to find Element By {by.toString()})
2024-01-25 22:04:16,709 [main] INFO  base.BaseClass - Found Element By {by.toString()}
2024-01-25 22:04:17,253 [main] INFO  base.BaseClass - Trying to find Element By {by.toString()})
2024-01-25 22:04:17,275 [main] INFO  base.BaseClass - Found Element By {by.toString()}
2024-01-25 22:04:17,803 [main] INFO  base.BaseClass - Trying to find Element By {by.toString()})
2024-01-25 22:04:17,825 [main] INFO  base.BaseClass - Found Element By {by.toString()}
2024-01-25 22:04:18,369 [main] INFO  base.BaseClass - Trying to find Element By {by.toString()})
2024-01-25 22:04:18,390 [main] INFO  base.BaseClass - Found Element By {by.toString()}
2024-01-25 22:04:18,935 [main] INFO  base.BaseClass - Trying to find Element By {by.toString()})
2024-01-25 22:04:18,953 [main] INFO  base.BaseClass - Found Element By {by.toString()}
2024-01-25 22:04:19,483 [main] INFO  base.BaseClass - Trying to find Element By {by.toString()})
2024-01-25 22:04:19,494 [main] INFO  base.BaseClass - Found Element By {by.toString()}
2024-01-25 22:04:20,017 [main] INFO  base.BaseClass - Trying to find Element By {by.toString()})
2024-01-25 22:04:20,026 [main] INFO  base.BaseClass - Found Element By {by.toString()}
2024-01-25 22:04:20,547 [main] INFO  base.BaseClass - Trying to find Element By {by.toString()})
2024-01-25 22:04:20,574 [main] INFO  base.BaseClass - Found Element By {by.toString()}
2024-01-25 22:04:21,111 [main] INFO  base.BaseClass - Trying to find Element By {by.toString()})
2024-01-25 22:04:21,133 [main] INFO  base.BaseClass - Found Element By {by.toString()}
2024-01-25 22:04:21,676 [main] INFO  base.BaseClass - Trying to find Element By {by.toString()})
2024-01-25 22:04:21,705 [main] INFO  base.BaseClass - Found Element By {by.toString()}
2024-01-25 22:04:22,256 [main] INFO  base.BaseClass - Trying to find Element By {by.toString()})
2024-01-25 22:04:22,272 [main] INFO  base.BaseClass - Found Element By {by.toString()}
2024-01-25 22:04:22,823 [main] INFO  base.BaseClass - Trying to find Element By {by.toString()})
2024-01-25 22:04:22,849 [main] INFO  base.BaseClass - Found Element By {by.toString()}
2024-01-25 22:04:23,388 [main] INFO  base.BaseClass - Trying to find Element By {by.toString()})
2024-01-25 22:04:23,413 [main] INFO  base.BaseClass - Found Element By {by.toString()}
2024-01-25 22:04:23,952 [main] INFO  base.BaseClass - Trying to find Element By {by.toString()})
2024-01-25 22:04:23,977 [main] INFO  base.BaseClass - Found Element By {by.toString()}
2024-01-25 22:04:24,515 [main] INFO  base.BaseClass - Trying to find Element By {by.toString()})
2024-01-25 22:04:24,537 [main] INFO  base.BaseClass - Found Element By {by.toString()}
2024-01-25 22:04:25,067 [main] INFO  base.BaseClass - Trying to find Element By {by.toString()})
2024-01-25 22:04:25,089 [main] INFO  base.BaseClass - Found Element By {by.toString()}
2024-01-25 22:04:25,616 [main] INFO  base.BaseClass - Trying to find Element By {by.toString()})
2024-01-25 22:04:25,636 [main] INFO  base.BaseClass - Found Element By {by.toString()}
2024-01-25 22:04:26,180 [main] INFO  base.BaseClass - Trying to find Element By {by.toString()})
2024-01-25 22:04:26,203 [main] INFO  base.BaseClass - Found Element By {by.toString()}
2024-01-25 22:04:26,744 [main] INFO  base.BaseClass - Trying to find Element By {by.toString()})
2024-01-25 22:04:26,766 [main] INFO  base.BaseClass - Found Element By {by.toString()}
2024-01-25 22:04:27,293 [main] INFO  base.BaseClass - Trying to find Element By {by.toString()})
2024-01-25 22:04:27,316 [main] INFO  base.BaseClass - Found Element By {by.toString()}
2024-01-25 22:04:27,859 [main] INFO  base.BaseClass - Trying to find Element By {by.toString()})
2024-01-25 22:04:27,882 [main] INFO  base.BaseClass - Found Element By {by.toString()}
2024-01-25 22:04:28,408 [main] INFO  base.BaseClass - Trying to find Element By {by.toString()})
2024-01-25 22:04:28,424 [main] INFO  base.BaseClass - Found Element By {by.toString()}
2024-01-25 22:04:28,958 [main] INFO  base.BaseClass - Trying to find Element By {by.toString()})
2024-01-25 22:04:28,980 [main] INFO  base.BaseClass - Found Element By {by.toString()}
2024-01-25 22:04:29,513 [main] INFO  base.BaseClass - Trying to find Element By {by.toString()})
2024-01-25 22:04:29,536 [main] INFO  base.BaseClass - Found Element By {by.toString()}
2024-01-25 22:04:30,078 [main] INFO  base.BaseClass - Trying to find Element By {by.toString()})
2024-01-25 22:04:30,098 [main] INFO  base.BaseClass - Found Element By {by.toString()}
2024-01-25 22:04:30,627 [main] INFO  base.BaseClass - Trying to find Element By {by.toString()})
2024-01-25 22:04:30,646 [main] INFO  base.BaseClass - Found Element By {by.toString()}
2024-01-25 22:04:31,178 [main] INFO  base.BaseClass - Trying to find Element By {by.toString()})
2024-01-25 22:04:31,200 [main] INFO  base.BaseClass - Found Element By {by.toString()}
2024-01-25 22:04:31,743 [main] INFO  base.BaseClass - Trying to find Element By {by.toString()})
2024-01-25 22:04:31,763 [main] INFO  base.BaseClass - Found Element By {by.toString()}
2024-01-25 22:04:32,307 [main] INFO  base.BaseClass - Trying to find Element By {by.toString()})
2024-01-25 22:04:32,331 [main] INFO  base.BaseClass - Found Element By {by.toString()}
2024-01-25 22:04:32,857 [main] INFO  base.BaseClass - Trying to find Element By {by.toString()})
2024-01-25 22:04:32,879 [main] INFO  base.BaseClass - Found Element By {by.toString()}
2024-01-25 22:04:33,419 [main] INFO  base.BaseClass - Trying to find Element By {by.toString()})
2024-01-25 22:04:33,442 [main] INFO  base.BaseClass - Found Element By {by.toString()}
2024-01-25 22:04:33,985 [main] INFO  base.BaseClass - Trying to find Element By {by.toString()})
2024-01-25 22:04:34,007 [main] INFO  base.BaseClass - Found Element By {by.toString()}
2024-01-25 22:04:34,549 [main] INFO  base.BaseClass - Trying to find Element By {by.toString()})
2024-01-25 22:04:34,571 [main] INFO  base.BaseClass - Found Element By {by.toString()}
2024-01-25 22:04:35,113 [main] INFO  base.BaseClass - Trying to find Element By {by.toString()})
2024-01-25 22:04:35,136 [main] INFO  base.BaseClass - Found Element By {by.toString()}
2024-01-25 22:04:35,675 [main] INFO  base.BaseClass - Trying to find Element By {by.toString()})
2024-01-25 22:04:35,691 [main] INFO  base.BaseClass - Found Element By {by.toString()}
2024-01-25 22:04:36,224 [main] INFO  base.BaseClass - Trying to find Element By {by.toString()})
2024-01-25 22:04:36,246 [main] INFO  base.BaseClass - Found Element By {by.toString()}
2024-01-25 22:04:36,790 [main] INFO  base.BaseClass - Trying to find Element By {by.toString()})
2024-01-25 22:04:36,811 [main] INFO  base.BaseClass - Found Element By {by.toString()}
2024-01-25 22:04:37,355 [main] INFO  base.BaseClass - Trying to find Element By {by.toString()})
2024-01-25 22:04:37,375 [main] INFO  base.BaseClass - Found Element By {by.toString()}
2024-01-25 22:04:37,920 [main] INFO  base.BaseClass - Trying to find Element By {by.toString()})
2024-01-25 22:04:37,943 [main] INFO  base.BaseClass - Found Element By {by.toString()}
2024-01-25 22:04:38,487 [main] INFO  base.BaseClass - Trying to find Element By {by.toString()})
2024-01-25 22:04:38,510 [main] INFO  base.BaseClass - Found Element By {by.toString()}
2024-01-25 22:04:39,040 [main] INFO  base.BaseClass - Trying to find Element By {by.toString()})
2024-01-25 22:04:39,064 [main] INFO  base.BaseClass - Found Element By {by.toString()}
2024-01-25 22:04:39,591 [main] INFO  base.BaseClass - Trying to find Element By {by.toString()})
2024-01-25 22:04:39,613 [main] INFO  base.BaseClass - Found Element By {by.toString()}
TimeoutException occurred: Expected condition failed: waiting for helper.WaitUtility$5@5e6956fa (tried for 30 second(s) with 500 milliseconds interval)
Build info: version: '3.141.59', revision: 'e82be7d358', time: '2018-11-14T08:17:03'
System info: host: 'DPLAP166', ip: '137.237.3.67', os.name: 'Windows 10', os.arch: 'amd64', os.version: '10.0', java.version: '19.0.1'
Driver info: org.openqa.selenium.support.events.EventFiringWebDriver
Capabilities {acceptInsecureCerts: true, browserName: chrome, browserVersion: 121.0.6167.86, chrome: {chromedriverVersion: 121.0.6167.85 (3f98d690ad7e..., userDataDir: C:\Users\dP-PL\AppData\Loca...}, fedcm:accounts: true, goog:chromeOptions: {debuggerAddress: localhost:55783}, javascriptEnabled: true, networkConnectionEnabled: false, pageLoadStrategy: normal, platform: WINDOWS, platformName: WINDOWS, proxy: Proxy(), setWindowRect: true, strictFileInteractability: false, timeouts: {implicit: 0, pageLoad: 300000, script: 30000}, unhandledPromptBehavior: dismiss and notify, webauthn:extension:credBlob: true, webauthn:extension:largeBlob: true, webauthn:extension:minPinLength: true, webauthn:extension:prf: true, webauthn:virtualAuthenticators: true}
Session ID: 239787ae390c8ea1f8fcdd2fa3d4318e
2024-01-25 22:04:39,645 [main] ERROR XGLT_15177_Test - Element did not become visible within the specified time: Expected condition failed: waiting for helper.WaitUtility$5@5e6956fa (tried for 30 second(s) with 500 milliseconds interval)
Build info: version: '3.141.59', revision: 'e82be7d358', time: '2018-11-14T08:17:03'
System info: host: 'DPLAP166', ip: '137.237.3.67', os.name: 'Windows 10', os.arch: 'amd64', os.version: '10.0', java.version: '19.0.1'
Driver info: org.openqa.selenium.support.events.EventFiringWebDriver
Capabilities {acceptInsecureCerts: true, browserName: chrome, browserVersion: 121.0.6167.86, chrome: {chromedriverVersion: 121.0.6167.85 (3f98d690ad7e..., userDataDir: C:\Users\dP-PL\AppData\Loca...}, fedcm:accounts: true, goog:chromeOptions: {debuggerAddress: localhost:55783}, javascriptEnabled: true, networkConnectionEnabled: false, pageLoadStrategy: normal, platform: WINDOWS, platformName: WINDOWS, proxy: Proxy(), setWindowRect: true, strictFileInteractability: false, timeouts: {implicit: 0, pageLoad: 300000, script: 30000}, unhandledPromptBehavior: dismiss and notify, webauthn:extension:credBlob: true, webauthn:extension:largeBlob: true, webauthn:extension:minPinLength: true, webauthn:extension:prf: true, webauthn:virtualAuthenticators: true}
Session ID: 239787ae390c8ea1f8fcdd2fa3d4318e
2024-01-25 22:04:39,645 [main] INFO  base.BaseClass - Trying to find Element By {by.toString()})
2024-01-25 22:04:39,664 [main] INFO  base.BaseClass - Found Element By {by.toString()}
2024-01-25 22:04:39,664 [main] INFO  base.BaseClass - Trying to click on: {element.toString()}
2024-01-25 22:04:39,786 [main] INFO  base.BaseClass - Clicked on: {element.toString()}
2024-01-25 22:04:39,786 [main] INFO  base.BaseClass - Trying to find Element By {by.toString()})
2024-01-25 22:04:40,667 [main] INFO  base.BaseClass - Found Element By {by.toString()}
MissonControlReset passed!
]]></system-out>
    <system-err><![CDATA[Starting ChromeDriver 121.0.6167.85 (3f98d690ad7e59242ef110144c757b2ac4eef1a2-refs/branch-heads/6167@{#1539}) on port 41292
Only local connections are allowed.
Please see https://chromedriver.chromium.org/security-considerations for suggestions on keeping ChromeDriver safe.
ChromeDriver was started successfully.
Jan 25, 2024 9:56:31 PM org.openqa.selenium.remote.ProtocolHandshake createSession
INFO: Detected dialect: W3C
]]></system-err>
  </testcase>
  <testcase name="NetworkInstanceCurrentWeekPA" classname="XGLT_6688_Test" time="699.337">
    <failure message="no such element: Unable to locate element: {&quot;method&quot;:&quot;xpath&quot;,&quot;selector&quot;:&quot;//h1[contains(text(),&apos;Pending Allocation&apos;)]/following-sibling::h1&quot;}&#10;  (Session info: chrome=121.0.6167.86)&#10;For documentation on this error, please visit: https://www.seleniumhq.org/exceptions/no_such_element.html&#10;Build info: version: &apos;3.141.59&apos;, revision: &apos;e82be7d358&apos;, time: &apos;2018-11-14T08:17:03&apos;&#10;System info: host: &apos;DPLAP166&apos;, ip: &apos;137.237.3.67&apos;, os.name: &apos;Windows 10&apos;, os.arch: &apos;amd64&apos;, os.version: &apos;10.0&apos;, java.version: &apos;19.0.1&apos;&#10;Driver info: org.openqa.selenium.chrome.ChromeDriver&#10;Capabilities {acceptInsecureCerts: true, browserName: chrome, browserVersion: 121.0.6167.86, chrome: {chromedriverVersion: 121.0.6167.85 (3f98d690ad7e..., userDataDir: C:\Users\dP-PL\AppData\Loca...}, fedcm:accounts: true, goog:chromeOptions: {debuggerAddress: localhost:55824}, javascriptEnabled: true, networkConnectionEnabled: false, pageLoadStrategy: normal, platform: WINDOWS, platformName: WINDOWS, proxy: Proxy(), setWindowRect: true, strictFileInteractability: false, timeouts: {implicit: 0, pageLoad: 300000, script: 30000}, unhandledPromptBehavior: dismiss and notify, webauthn:extension:credBlob: true, webauthn:extension:largeBlob: true, webauthn:extension:minPinLength: true, webauthn:extension:prf: true, webauthn:virtualAuthenticators: true}&#10;Session ID: e5e3d20ecd4947491b936a0f47975d85&#10;*** Element info: {Using=xpath, value=//h1[contains(text(),&apos;Pending Allocation&apos;)]/following-sibling::h1}" type="org.openqa.selenium.NoSuchElementException"><![CDATA[org.openqa.selenium.NoSuchElementException: 
no such element: Unable to locate element: {"method":"xpath","selector":"//h1[contains(text(),'Pending Allocation')]/following-sibling::h1"}
  (Session info: chrome=121.0.6167.86)
For documentation on this error, please visit: https://www.seleniumhq.org/exceptions/no_such_element.html
Build info: version: '3.141.59', revision: 'e82be7d358', time: '2018-11-14T08:17:03'
System info: host: 'DPLAP166', ip: '137.237.3.67', os.name: 'Windows 10', os.arch: 'amd64', os.version: '10.0', java.version: '19.0.1'
Driver info: org.openqa.selenium.chrome.ChromeDriver
Capabilities {acceptInsecureCerts: true, browserName: chrome, browserVersion: 121.0.6167.86, chrome: {chromedriverVersion: 121.0.6167.85 (3f98d690ad7e..., userDataDir: C:\Users\dP-PL\AppData\Loca...}, fedcm:accounts: true, goog:chromeOptions: {debuggerAddress: localhost:55824}, javascriptEnabled: true, networkConnectionEnabled: false, pageLoadStrategy: normal, platform: WINDOWS, platformName: WINDOWS, proxy: Proxy(), setWindowRect: true, strictFileInteractability: false, timeouts: {implicit: 0, pageLoad: 300000, script: 30000}, unhandledPromptBehavior: dismiss and notify, webauthn:extension:credBlob: true, webauthn:extension:largeBlob: true, webauthn:extension:minPinLength: true, webauthn:extension:prf: true, webauthn:virtualAuthenticators: true}
Session ID: e5e3d20ecd4947491b936a0f47975d85
*** Element info: {Using=xpath, value=//h1[contains(text(),'Pending Allocation')]/following-sibling::h1}
	at java.base/jdk.internal.reflect.DirectConstructorHandleAccessor.newInstance(DirectConstructorHandleAccessor.java:67)
	at java.base/java.lang.reflect.Constructor.newInstanceWithCaller(Constructor.java:500)
	at java.base/java.lang.reflect.Constructor.newInstance(Constructor.java:484)
	at org.openqa.selenium.remote.http.W3CHttpResponseCodec.createException(W3CHttpResponseCodec.java:187)
	at org.openqa.selenium.remote.http.W3CHttpResponseCodec.decode(W3CHttpResponseCodec.java:122)
	at org.openqa.selenium.remote.http.W3CHttpResponseCodec.decode(W3CHttpResponseCodec.java:49)
	at org.openqa.selenium.remote.HttpCommandExecutor.execute(HttpCommandExecutor.java:158)
	at org.openqa.selenium.remote.service.DriverCommandExecutor.execute(DriverCommandExecutor.java:83)
	at org.openqa.selenium.remote.RemoteWebDriver.execute(RemoteWebDriver.java:552)
	at org.openqa.selenium.remote.RemoteWebDriver.findElement(RemoteWebDriver.java:323)
	at org.openqa.selenium.remote.RemoteWebDriver.findElementByXPath(RemoteWebDriver.java:428)
	at org.openqa.selenium.By$ByXPath.findElement(By.java:353)
	at org.openqa.selenium.remote.RemoteWebDriver.findElement(RemoteWebDriver.java:315)
	at java.base/jdk.internal.reflect.DirectMethodHandleAccessor.invoke(DirectMethodHandleAccessor.java:104)
	at java.base/java.lang.reflect.Method.invoke(Method.java:578)
	at org.openqa.selenium.support.events.EventFiringWebDriver.lambda$new$1(EventFiringWebDriver.java:105)
	at jdk.proxy2/jdk.proxy2.$Proxy25.findElement(Unknown Source)
	at org.openqa.selenium.support.events.EventFiringWebDriver.findElement(EventFiringWebDriver.java:194)
	at org.openqa.selenium.support.pagefactory.DefaultElementLocator.findElement(DefaultElementLocator.java:69)
	at org.openqa.selenium.support.pagefactory.internal.LocatingElementHandler.invoke(LocatingElementHandler.java:38)
	at jdk.proxy2/jdk.proxy2.$Proxy28.getText(Unknown Source)
	at pages.NetworkInstancePage.getactualpendingallocationcount(NetworkInstancePage.java:139)
	at pages.NetworkInstancePage.verifypendingallocationcount(NetworkInstancePage.java:149)
	at XGLT_6688_Test.NetworkInstanceCurrentWeekPA(XGLT_6688_Test.java:48)
	at java.base/jdk.internal.reflect.DirectMethodHandleAccessor.invoke(DirectMethodHandleAccessor.java:104)
	at java.base/java.lang.reflect.Method.invoke(Method.java:578)
	at org.testng.internal.invokers.MethodInvocationHelper.invokeMethod(MethodInvocationHelper.java:139)
	at org.testng.internal.invokers.TestInvoker.invokeMethod(TestInvoker.java:677)
	at org.testng.internal.invokers.TestInvoker.invokeTestMethod(TestInvoker.java:221)
	at org.testng.internal.invokers.MethodRunner.runInSequence(MethodRunner.java:50)
	at org.testng.internal.invokers.TestInvoker$MethodInvocationAgent.invoke(TestInvoker.java:962)
	at org.testng.internal.invokers.TestInvoker.invokeTestMethods(TestInvoker.java:194)
	at org.testng.internal.invokers.TestMethodWorker.invokeTestMethods(TestMethodWorker.java:148)
	at org.testng.internal.invokers.TestMethodWorker.run(TestMethodWorker.java:128)
	at java.base/java.util.ArrayList.forEach(ArrayList.java:1511)
	at org.testng.TestRunner.privateRun(TestRunner.java:806)
	at org.testng.TestRunner.run(TestRunner.java:601)
	at org.testng.SuiteRunner.runTest(SuiteRunner.java:433)
	at org.testng.SuiteRunner.runSequentially(SuiteRunner.java:427)
	at org.testng.SuiteRunner.privateRun(SuiteRunner.java:387)
	at org.testng.SuiteRunner.run(SuiteRunner.java:330)
	at org.testng.SuiteRunnerWorker.runSuite(SuiteRunnerWorker.java:52)
	at org.testng.SuiteRunnerWorker.run(SuiteRunnerWorker.java:95)
	at org.testng.TestNG.runSuitesSequentially(TestNG.java:1256)
	at org.testng.TestNG.runSuitesLocally(TestNG.java:1176)
	at org.testng.TestNG.runSuites(TestNG.java:1099)
	at org.testng.TestNG.run(TestNG.java:1067)
	at org.apache.maven.surefire.testng.TestNGExecutor.run(TestNGExecutor.java:324)
	at org.apache.maven.surefire.testng.TestNGXmlTestSuite.execute(TestNGXmlTestSuite.java:74)
	at org.apache.maven.surefire.testng.TestNGProvider.invoke(TestNGProvider.java:123)
	at org.apache.maven.surefire.booter.ForkedBooter.runSuitesInProcess(ForkedBooter.java:456)
	at org.apache.maven.surefire.booter.ForkedBooter.execute(ForkedBooter.java:169)
	at org.apache.maven.surefire.booter.ForkedBooter.run(ForkedBooter.java:595)
	at org.apache.maven.surefire.booter.ForkedBooter.main(ForkedBooter.java:581)
]]></failure>
    <system-out><![CDATA[2024-01-25 22:04:40,873 [main] INFO  XGLT_15177_Test - closing up browser
2024-01-25 22:04:41,141 [main] INFO  base.BaseClass - Login to XGL
2024-01-25 22:04:41,141 [main] INFO  XGLT_15177_Test - Setting up browser
2024-01-25 22:04:41,168 [main] INFO  io.github.bonigarcia.wdm.WebDriverManager - Using chromedriver 121.0.6167.85 (resolved driver for Chrome 121)
2024-01-25 22:04:41,184 [main] INFO  io.github.bonigarcia.wdm.WebDriverManager - Exporting webdriver.chrome.driver as C:\Users\dP-PL\.cache\selenium\chromedriver\win64\121.0.6167.85\chromedriver.exe
2024-01-25 22:04:42,226 [main] INFO  base.BaseClass - Before navigating to {url}
2024-01-25 22:04:47,976 [main] INFO  base.BaseClass - Navigated to {url}
2024-01-25 22:04:48,707 [main] INFO  base.BaseClass - Trying to find Element By {by.toString()})
2024-01-25 22:04:48,722 [main] INFO  base.BaseClass - Found Element By {by.toString()}
2024-01-25 22:04:48,766 [main] INFO  base.BaseClass - Trying to find Element By {by.toString()})
2024-01-25 22:04:48,777 [main] INFO  base.BaseClass - Found Element By {by.toString()}
2024-01-25 22:04:48,842 [main] INFO  base.BaseClass - Trying to find Element By {by.toString()})
2024-01-25 22:04:48,853 [main] INFO  base.BaseClass - Found Element By {by.toString()}
2024-01-25 22:04:48,853 [main] INFO  base.BaseClass - Trying to click on: {element.toString()}
2024-01-25 22:04:48,892 [main] INFO  base.BaseClass - Clicked on: {element.toString()}
2024-01-25 22:04:48,892 [main] INFO  base.BaseClass - Trying to find Element By {by.toString()})
2024-01-25 22:04:52,726 [main] INFO  base.BaseClass - Found Element By {by.toString()}
2024-01-25 22:04:52,748 [main] INFO  base.BaseClass - Trying to find Element By {by.toString()})
NoSuchElementException occurred: no such element: Unable to locate element: {"method":"xpath","selector":"//div[@class='modal-content']/div/i[contains(@class,'close')]"}
  (Session info: chrome=121.0.6167.86)
For documentation on this error, please visit: https://www.seleniumhq.org/exceptions/no_such_element.html
Build info: version: '3.141.59', revision: 'e82be7d358', time: '2018-11-14T08:17:03'
System info: host: 'DPLAP166', ip: '137.237.3.67', os.name: 'Windows 10', os.arch: 'amd64', os.version: '10.0', java.version: '19.0.1'
Driver info: org.openqa.selenium.chrome.ChromeDriver
Capabilities {acceptInsecureCerts: true, browserName: chrome, browserVersion: 121.0.6167.86, chrome: {chromedriverVersion: 121.0.6167.85 (3f98d690ad7e..., userDataDir: C:\Users\dP-PL\AppData\Loca...}, fedcm:accounts: true, goog:chromeOptions: {debuggerAddress: localhost:55824}, javascriptEnabled: true, networkConnectionEnabled: false, pageLoadStrategy: normal, platform: WINDOWS, platformName: WINDOWS, proxy: Proxy(), setWindowRect: true, strictFileInteractability: false, timeouts: {implicit: 0, pageLoad: 300000, script: 30000}, unhandledPromptBehavior: dismiss and notify, webauthn:extension:credBlob: true, webauthn:extension:largeBlob: true, webauthn:extension:minPinLength: true, webauthn:extension:prf: true, webauthn:virtualAuthenticators: true}
Session ID: e5e3d20ecd4947491b936a0f47975d85
*** Element info: {Using=xpath, value=//div[@class='modal-content']/div/i[contains(@class,'close')]}
Before method Test name: Maintainance Tests
NetworkInstanceCurrentWeekPA started!
2024-01-25 22:05:42,783 [main] INFO  base.BaseClass - Trying to find Element By {by.toString()})
2024-01-25 22:05:42,817 [main] INFO  base.BaseClass - Found Element By {by.toString()}
2024-01-25 22:05:43,355 [main] INFO  base.BaseClass - Trying to find Element By {by.toString()})
2024-01-25 22:05:43,382 [main] INFO  base.BaseClass - Found Element By {by.toString()}
2024-01-25 22:05:43,918 [main] INFO  base.BaseClass - Trying to find Element By {by.toString()})
2024-01-25 22:05:43,942 [main] INFO  base.BaseClass - Found Element By {by.toString()}
2024-01-25 22:05:44,488 [main] INFO  base.BaseClass - Trying to find Element By {by.toString()})
2024-01-25 22:05:44,512 [main] INFO  base.BaseClass - Found Element By {by.toString()}
2024-01-25 22:05:45,056 [main] INFO  base.BaseClass - Trying to find Element By {by.toString()})
2024-01-25 22:05:45,074 [main] INFO  base.BaseClass - Found Element By {by.toString()}
2024-01-25 22:05:45,605 [main] INFO  base.BaseClass - Trying to find Element By {by.toString()})
2024-01-25 22:05:45,628 [main] INFO  base.BaseClass - Found Element By {by.toString()}
2024-01-25 22:05:46,170 [main] INFO  base.BaseClass - Trying to find Element By {by.toString()})
2024-01-25 22:05:46,192 [main] INFO  base.BaseClass - Found Element By {by.toString()}
2024-01-25 22:05:46,735 [main] INFO  base.BaseClass - Trying to find Element By {by.toString()})
2024-01-25 22:05:46,758 [main] INFO  base.BaseClass - Found Element By {by.toString()}
2024-01-25 22:05:47,301 [main] INFO  base.BaseClass - Trying to find Element By {by.toString()})
2024-01-25 22:05:47,327 [main] INFO  base.BaseClass - Found Element By {by.toString()}
2024-01-25 22:05:47,863 [main] INFO  base.BaseClass - Trying to find Element By {by.toString()})
2024-01-25 22:05:47,889 [main] INFO  base.BaseClass - Found Element By {by.toString()}
2024-01-25 22:05:48,428 [main] INFO  base.BaseClass - Trying to find Element By {by.toString()})
2024-01-25 22:05:48,450 [main] INFO  base.BaseClass - Found Element By {by.toString()}
2024-01-25 22:05:48,993 [main] INFO  base.BaseClass - Trying to find Element By {by.toString()})
2024-01-25 22:05:49,015 [main] INFO  base.BaseClass - Found Element By {by.toString()}
2024-01-25 22:05:49,559 [main] INFO  base.BaseClass - Trying to find Element By {by.toString()})
2024-01-25 22:05:49,575 [main] INFO  base.BaseClass - Found Element By {by.toString()}
2024-01-25 22:05:50,111 [main] INFO  base.BaseClass - Trying to find Element By {by.toString()})
2024-01-25 22:05:50,126 [main] INFO  base.BaseClass - Found Element By {by.toString()}
2024-01-25 22:05:50,661 [main] INFO  base.BaseClass - Trying to find Element By {by.toString()})
2024-01-25 22:05:50,686 [main] INFO  base.BaseClass - Found Element By {by.toString()}
2024-01-25 22:05:51,227 [main] INFO  base.BaseClass - Trying to find Element By {by.toString()})
2024-01-25 22:05:51,249 [main] INFO  base.BaseClass - Found Element By {by.toString()}
2024-01-25 22:05:51,793 [main] INFO  base.BaseClass - Trying to find Element By {by.toString()})
2024-01-25 22:05:51,815 [main] INFO  base.BaseClass - Found Element By {by.toString()}
2024-01-25 22:05:52,344 [main] INFO  base.BaseClass - Trying to find Element By {by.toString()})
2024-01-25 22:05:52,371 [main] INFO  base.BaseClass - Found Element By {by.toString()}
2024-01-25 22:05:52,906 [main] INFO  base.BaseClass - Trying to find Element By {by.toString()})
2024-01-25 22:05:52,926 [main] INFO  base.BaseClass - Found Element By {by.toString()}
2024-01-25 22:05:53,458 [main] INFO  base.BaseClass - Trying to find Element By {by.toString()})
2024-01-25 22:05:53,473 [main] INFO  base.BaseClass - Found Element By {by.toString()}
2024-01-25 22:05:54,010 [main] INFO  base.BaseClass - Trying to find Element By {by.toString()})
2024-01-25 22:05:54,023 [main] INFO  base.BaseClass - Found Element By {by.toString()}
2024-01-25 22:05:54,563 [main] INFO  base.BaseClass - Trying to find Element By {by.toString()})
2024-01-25 22:05:54,574 [main] INFO  base.BaseClass - Found Element By {by.toString()}
2024-01-25 22:05:55,100 [main] INFO  base.BaseClass - Trying to find Element By {by.toString()})
2024-01-25 22:05:55,116 [main] INFO  base.BaseClass - Found Element By {by.toString()}
2024-01-25 22:05:55,652 [main] INFO  base.BaseClass - Trying to find Element By {by.toString()})
2024-01-25 22:05:55,667 [main] INFO  base.BaseClass - Found Element By {by.toString()}
2024-01-25 22:05:56,204 [main] INFO  base.BaseClass - Trying to find Element By {by.toString()})
2024-01-25 22:05:56,223 [main] INFO  base.BaseClass - Found Element By {by.toString()}
2024-01-25 22:05:56,756 [main] INFO  base.BaseClass - Trying to find Element By {by.toString()})
2024-01-25 22:05:56,777 [main] INFO  base.BaseClass - Found Element By {by.toString()}
2024-01-25 22:05:57,318 [main] INFO  base.BaseClass - Trying to find Element By {by.toString()})
2024-01-25 22:05:57,338 [main] INFO  base.BaseClass - Found Element By {by.toString()}
2024-01-25 22:05:57,883 [main] INFO  base.BaseClass - Trying to find Element By {by.toString()})
2024-01-25 22:05:57,903 [main] INFO  base.BaseClass - Found Element By {by.toString()}
2024-01-25 22:05:58,432 [main] INFO  base.BaseClass - Trying to find Element By {by.toString()})
2024-01-25 22:05:58,454 [main] INFO  base.BaseClass - Found Element By {by.toString()}
2024-01-25 22:05:58,998 [main] INFO  base.BaseClass - Trying to find Element By {by.toString()})
2024-01-25 22:05:59,021 [main] INFO  base.BaseClass - Found Element By {by.toString()}
2024-01-25 22:05:59,564 [main] INFO  base.BaseClass - Trying to find Element By {by.toString()})
2024-01-25 22:05:59,588 [main] INFO  base.BaseClass - Found Element By {by.toString()}
2024-01-25 22:06:00,127 [main] INFO  base.BaseClass - Trying to find Element By {by.toString()})
2024-01-25 22:06:00,151 [main] INFO  base.BaseClass - Found Element By {by.toString()}
2024-01-25 22:06:00,692 [main] INFO  base.BaseClass - Trying to find Element By {by.toString()})
2024-01-25 22:06:00,715 [main] INFO  base.BaseClass - Found Element By {by.toString()}
2024-01-25 22:06:01,254 [main] INFO  base.BaseClass - Trying to find Element By {by.toString()})
2024-01-25 22:06:01,278 [main] INFO  base.BaseClass - Found Element By {by.toString()}
2024-01-25 22:06:01,821 [main] INFO  base.BaseClass - Trying to find Element By {by.toString()})
2024-01-25 22:06:01,845 [main] INFO  base.BaseClass - Found Element By {by.toString()}
2024-01-25 22:06:02,385 [main] INFO  base.BaseClass - Trying to find Element By {by.toString()})
2024-01-25 22:06:02,408 [main] INFO  base.BaseClass - Found Element By {by.toString()}
2024-01-25 22:06:02,951 [main] INFO  base.BaseClass - Trying to find Element By {by.toString()})
2024-01-25 22:06:02,974 [main] INFO  base.BaseClass - Found Element By {by.toString()}
2024-01-25 22:06:03,518 [main] INFO  base.BaseClass - Trying to find Element By {by.toString()})
2024-01-25 22:06:03,540 [main] INFO  base.BaseClass - Found Element By {by.toString()}
2024-01-25 22:06:04,082 [main] INFO  base.BaseClass - Trying to find Element By {by.toString()})
2024-01-25 22:06:04,105 [main] INFO  base.BaseClass - Found Element By {by.toString()}
2024-01-25 22:06:04,648 [main] INFO  base.BaseClass - Trying to find Element By {by.toString()})
2024-01-25 22:06:04,672 [main] INFO  base.BaseClass - Found Element By {by.toString()}
2024-01-25 22:06:05,214 [main] INFO  base.BaseClass - Trying to find Element By {by.toString()})
2024-01-25 22:06:05,236 [main] INFO  base.BaseClass - Found Element By {by.toString()}
2024-01-25 22:06:05,778 [main] INFO  base.BaseClass - Trying to find Element By {by.toString()})
2024-01-25 22:06:05,800 [main] INFO  base.BaseClass - Found Element By {by.toString()}
2024-01-25 22:06:06,343 [main] INFO  base.BaseClass - Trying to find Element By {by.toString()})
2024-01-25 22:06:06,366 [main] INFO  base.BaseClass - Found Element By {by.toString()}
2024-01-25 22:06:06,908 [main] INFO  base.BaseClass - Trying to find Element By {by.toString()})
2024-01-25 22:06:06,930 [main] INFO  base.BaseClass - Found Element By {by.toString()}
2024-01-25 22:06:07,472 [main] INFO  base.BaseClass - Trying to find Element By {by.toString()})
2024-01-25 22:06:07,494 [main] INFO  base.BaseClass - Found Element By {by.toString()}
2024-01-25 22:06:08,037 [main] INFO  base.BaseClass - Trying to find Element By {by.toString()})
2024-01-25 22:06:08,061 [main] INFO  base.BaseClass - Found Element By {by.toString()}
2024-01-25 22:06:08,604 [main] INFO  base.BaseClass - Trying to find Element By {by.toString()})
2024-01-25 22:06:08,619 [main] INFO  base.BaseClass - Found Element By {by.toString()}
2024-01-25 22:06:09,152 [main] INFO  base.BaseClass - Trying to find Element By {by.toString()})
2024-01-25 22:06:09,175 [main] INFO  base.BaseClass - Found Element By {by.toString()}
2024-01-25 22:06:09,714 [main] INFO  base.BaseClass - Trying to find Element By {by.toString()})
2024-01-25 22:06:09,741 [main] INFO  base.BaseClass - Found Element By {by.toString()}
2024-01-25 22:06:10,279 [main] INFO  base.BaseClass - Trying to find Element By {by.toString()})
2024-01-25 22:06:10,301 [main] INFO  base.BaseClass - Found Element By {by.toString()}
2024-01-25 22:06:10,829 [main] INFO  base.BaseClass - Trying to find Element By {by.toString()})
2024-01-25 22:06:10,853 [main] INFO  base.BaseClass - Found Element By {by.toString()}
2024-01-25 22:06:11,392 [main] INFO  base.BaseClass - Trying to find Element By {by.toString()})
2024-01-25 22:06:11,415 [main] INFO  base.BaseClass - Found Element By {by.toString()}
2024-01-25 22:06:11,944 [main] INFO  base.BaseClass - Trying to find Element By {by.toString()})
2024-01-25 22:06:11,967 [main] INFO  base.BaseClass - Found Element By {by.toString()}
2024-01-25 22:06:12,503 [main] INFO  base.BaseClass - Trying to find Element By {by.toString()})
2024-01-25 22:06:12,527 [main] INFO  base.BaseClass - Found Element By {by.toString()}
2024-01-25 22:06:13,063 [main] INFO  base.BaseClass - Trying to find Element By {by.toString()})
2024-01-25 22:06:13,079 [main] INFO  base.BaseClass - Found Element By {by.toString()}
TimeoutException occurred: Expected condition failed: waiting for helper.WaitUtility$5@1e91b325 (tried for 30 second(s) with 500 milliseconds interval)
Build info: version: '3.141.59', revision: 'e82be7d358', time: '2018-11-14T08:17:03'
System info: host: 'DPLAP166', ip: '137.237.3.67', os.name: 'Windows 10', os.arch: 'amd64', os.version: '10.0', java.version: '19.0.1'
Driver info: org.openqa.selenium.support.events.EventFiringWebDriver
Capabilities {acceptInsecureCerts: true, browserName: chrome, browserVersion: 121.0.6167.86, chrome: {chromedriverVersion: 121.0.6167.85 (3f98d690ad7e..., userDataDir: C:\Users\dP-PL\AppData\Loca...}, fedcm:accounts: true, goog:chromeOptions: {debuggerAddress: localhost:55824}, javascriptEnabled: true, networkConnectionEnabled: false, pageLoadStrategy: normal, platform: WINDOWS, platformName: WINDOWS, proxy: Proxy(), setWindowRect: true, strictFileInteractability: false, timeouts: {implicit: 0, pageLoad: 300000, script: 30000}, unhandledPromptBehavior: dismiss and notify, webauthn:extension:credBlob: true, webauthn:extension:largeBlob: true, webauthn:extension:minPinLength: true, webauthn:extension:prf: true, webauthn:virtualAuthenticators: true}
Session ID: e5e3d20ecd4947491b936a0f47975d85
2024-01-25 22:06:13,103 [main] ERROR XGLT_15177_Test - Element did not become visible within the specified time: Expected condition failed: waiting for helper.WaitUtility$5@1e91b325 (tried for 30 second(s) with 500 milliseconds interval)
Build info: version: '3.141.59', revision: 'e82be7d358', time: '2018-11-14T08:17:03'
System info: host: 'DPLAP166', ip: '137.237.3.67', os.name: 'Windows 10', os.arch: 'amd64', os.version: '10.0', java.version: '19.0.1'
Driver info: org.openqa.selenium.support.events.EventFiringWebDriver
Capabilities {acceptInsecureCerts: true, browserName: chrome, browserVersion: 121.0.6167.86, chrome: {chromedriverVersion: 121.0.6167.85 (3f98d690ad7e..., userDataDir: C:\Users\dP-PL\AppData\Loca...}, fedcm:accounts: true, goog:chromeOptions: {debuggerAddress: localhost:55824}, javascriptEnabled: true, networkConnectionEnabled: false, pageLoadStrategy: normal, platform: WINDOWS, platformName: WINDOWS, proxy: Proxy(), setWindowRect: true, strictFileInteractability: false, timeouts: {implicit: 0, pageLoad: 300000, script: 30000}, unhandledPromptBehavior: dismiss and notify, webauthn:extension:credBlob: true, webauthn:extension:largeBlob: true, webauthn:extension:minPinLength: true, webauthn:extension:prf: true, webauthn:virtualAuthenticators: true}
Session ID: e5e3d20ecd4947491b936a0f47975d85
2024-01-25 22:06:13,104 [main] INFO  base.BaseClass - Trying to find Element By {by.toString()})
2024-01-25 22:06:13,120 [main] INFO  base.BaseClass - Found Element By {by.toString()}
2024-01-25 22:06:13,200 [main] INFO  base.BaseClass - Trying to find Element By {by.toString()})
2024-01-25 22:06:13,210 [main] INFO  base.BaseClass - Found Element By {by.toString()}
2024-01-25 22:06:13,217 [main] INFO  base.BaseClass - Trying to find Element By {by.toString()})
2024-01-25 22:06:13,226 [main] INFO  base.BaseClass - Found Element By {by.toString()}
2024-01-25 22:06:13,234 [main] INFO  base.BaseClass - Trying to find Element By {by.toString()})
2024-01-25 22:06:13,243 [main] INFO  base.BaseClass - Found Element By {by.toString()}
2024-01-25 22:06:13,764 [main] INFO  base.BaseClass - Trying to find Element By {by.toString()})
2024-01-25 22:06:13,789 [main] INFO  base.BaseClass - Found Element By {by.toString()}
2024-01-25 22:06:14,338 [main] INFO  base.BaseClass - Trying to find Element By {by.toString()})
2024-01-25 22:06:14,363 [main] INFO  base.BaseClass - Found Element By {by.toString()}
2024-01-25 22:06:14,897 [main] INFO  base.BaseClass - Trying to find Element By {by.toString()})
2024-01-25 22:06:14,922 [main] INFO  base.BaseClass - Found Element By {by.toString()}
2024-01-25 22:06:15,453 [main] INFO  base.BaseClass - Trying to find Element By {by.toString()})
2024-01-25 22:06:15,466 [main] INFO  base.BaseClass - Found Element By {by.toString()}
2024-01-25 22:06:15,992 [main] INFO  base.BaseClass - Trying to find Element By {by.toString()})
2024-01-25 22:06:16,009 [main] INFO  base.BaseClass - Found Element By {by.toString()}
2024-01-25 22:06:16,547 [main] INFO  base.BaseClass - Trying to find Element By {by.toString()})
2024-01-25 22:06:16,567 [main] INFO  base.BaseClass - Found Element By {by.toString()}
2024-01-25 22:06:17,105 [main] INFO  base.BaseClass - Trying to find Element By {by.toString()})
2024-01-25 22:06:17,129 [main] INFO  base.BaseClass - Found Element By {by.toString()}
2024-01-25 22:06:17,682 [main] INFO  base.BaseClass - Trying to find Element By {by.toString()})
2024-01-25 22:06:17,700 [main] INFO  base.BaseClass - Found Element By {by.toString()}
2024-01-25 22:06:18,240 [main] INFO  base.BaseClass - Trying to find Element By {by.toString()})
2024-01-25 22:06:18,263 [main] INFO  base.BaseClass - Found Element By {by.toString()}
2024-01-25 22:06:18,813 [main] INFO  base.BaseClass - Trying to find Element By {by.toString()})
2024-01-25 22:06:18,831 [main] INFO  base.BaseClass - Found Element By {by.toString()}
2024-01-25 22:06:19,368 [main] INFO  base.BaseClass - Trying to find Element By {by.toString()})
2024-01-25 22:06:19,393 [main] INFO  base.BaseClass - Found Element By {by.toString()}
2024-01-25 22:06:19,928 [main] INFO  base.BaseClass - Trying to find Element By {by.toString()})
2024-01-25 22:06:19,948 [main] INFO  base.BaseClass - Found Element By {by.toString()}
2024-01-25 22:06:20,488 [main] INFO  base.BaseClass - Trying to find Element By {by.toString()})
2024-01-25 22:06:20,511 [main] INFO  base.BaseClass - Found Element By {by.toString()}
2024-01-25 22:06:21,058 [main] INFO  base.BaseClass - Trying to find Element By {by.toString()})
2024-01-25 22:06:21,079 [main] INFO  base.BaseClass - Found Element By {by.toString()}
2024-01-25 22:06:21,615 [main] INFO  base.BaseClass - Trying to find Element By {by.toString()})
2024-01-25 22:06:21,639 [main] INFO  base.BaseClass - Found Element By {by.toString()}
2024-01-25 22:06:22,181 [main] INFO  base.BaseClass - Trying to find Element By {by.toString()})
2024-01-25 22:06:22,209 [main] INFO  base.BaseClass - Found Element By {by.toString()}
2024-01-25 22:06:22,751 [main] INFO  base.BaseClass - Trying to find Element By {by.toString()})
2024-01-25 22:06:22,768 [main] INFO  base.BaseClass - Found Element By {by.toString()}
2024-01-25 22:06:23,303 [main] INFO  base.BaseClass - Trying to find Element By {by.toString()})
2024-01-25 22:06:23,318 [main] INFO  base.BaseClass - Found Element By {by.toString()}
2024-01-25 22:06:23,849 [main] INFO  base.BaseClass - Trying to find Element By {by.toString()})
2024-01-25 22:06:23,875 [main] INFO  base.BaseClass - Found Element By {by.toString()}
2024-01-25 22:06:24,421 [main] INFO  base.BaseClass - Trying to find Element By {by.toString()})
2024-01-25 22:06:24,448 [main] INFO  base.BaseClass - Found Element By {by.toString()}
2024-01-25 22:06:25,000 [main] INFO  base.BaseClass - Trying to find Element By {by.toString()})
2024-01-25 22:06:25,017 [main] INFO  base.BaseClass - Found Element By {by.toString()}
2024-01-25 22:06:25,545 [main] INFO  base.BaseClass - Trying to find Element By {by.toString()})
2024-01-25 22:06:25,562 [main] INFO  base.BaseClass - Found Element By {by.toString()}
2024-01-25 22:06:26,091 [main] INFO  base.BaseClass - Trying to find Element By {by.toString()})
2024-01-25 22:06:26,121 [main] INFO  base.BaseClass - Found Element By {by.toString()}
2024-01-25 22:06:26,660 [main] INFO  base.BaseClass - Trying to find Element By {by.toString()})
2024-01-25 22:06:26,677 [main] INFO  base.BaseClass - Found Element By {by.toString()}
2024-01-25 22:06:27,210 [main] INFO  base.BaseClass - Trying to find Element By {by.toString()})
2024-01-25 22:06:27,219 [main] INFO  base.BaseClass - Found Element By {by.toString()}
2024-01-25 22:06:27,744 [main] INFO  base.BaseClass - Trying to find Element By {by.toString()})
2024-01-25 22:06:27,767 [main] INFO  base.BaseClass - Found Element By {by.toString()}
2024-01-25 22:06:28,311 [main] INFO  base.BaseClass - Trying to find Element By {by.toString()})
2024-01-25 22:06:28,334 [main] INFO  base.BaseClass - Found Element By {by.toString()}
2024-01-25 22:06:28,877 [main] INFO  base.BaseClass - Trying to find Element By {by.toString()})
2024-01-25 22:06:28,901 [main] INFO  base.BaseClass - Found Element By {by.toString()}
2024-01-25 22:06:29,442 [main] INFO  base.BaseClass - Trying to find Element By {by.toString()})
2024-01-25 22:06:29,469 [main] INFO  base.BaseClass - Found Element By {by.toString()}
2024-01-25 22:06:30,008 [main] INFO  base.BaseClass - Trying to find Element By {by.toString()})
2024-01-25 22:06:30,024 [main] INFO  base.BaseClass - Found Element By {by.toString()}
2024-01-25 22:06:30,561 [main] INFO  base.BaseClass - Trying to find Element By {by.toString()})
2024-01-25 22:06:30,584 [main] INFO  base.BaseClass - Found Element By {by.toString()}
2024-01-25 22:06:31,128 [main] INFO  base.BaseClass - Trying to find Element By {by.toString()})
2024-01-25 22:06:31,151 [main] INFO  base.BaseClass - Found Element By {by.toString()}
2024-01-25 22:06:31,695 [main] INFO  base.BaseClass - Trying to find Element By {by.toString()})
2024-01-25 22:06:31,715 [main] INFO  base.BaseClass - Found Element By {by.toString()}
2024-01-25 22:06:32,258 [main] INFO  base.BaseClass - Trying to find Element By {by.toString()})
2024-01-25 22:06:32,275 [main] INFO  base.BaseClass - Found Element By {by.toString()}
2024-01-25 22:06:32,791 [main] INFO  base.BaseClass - Trying to find Element By {by.toString()})
2024-01-25 22:06:32,807 [main] INFO  base.BaseClass - Found Element By {by.toString()}
2024-01-25 22:06:33,341 [main] INFO  base.BaseClass - Trying to find Element By {by.toString()})
2024-01-25 22:06:33,365 [main] INFO  base.BaseClass - Found Element By {by.toString()}
2024-01-25 22:06:33,909 [main] INFO  base.BaseClass - Trying to find Element By {by.toString()})
2024-01-25 22:06:33,933 [main] INFO  base.BaseClass - Found Element By {by.toString()}
2024-01-25 22:06:34,477 [main] INFO  base.BaseClass - Trying to find Element By {by.toString()})
2024-01-25 22:06:34,495 [main] INFO  base.BaseClass - Found Element By {by.toString()}
2024-01-25 22:06:35,027 [main] INFO  base.BaseClass - Trying to find Element By {by.toString()})
2024-01-25 22:06:35,041 [main] INFO  base.BaseClass - Found Element By {by.toString()}
2024-01-25 22:06:35,578 [main] INFO  base.BaseClass - Trying to find Element By {by.toString()})
2024-01-25 22:06:35,600 [main] INFO  base.BaseClass - Found Element By {by.toString()}
2024-01-25 22:06:36,144 [main] INFO  base.BaseClass - Trying to find Element By {by.toString()})
2024-01-25 22:06:36,167 [main] INFO  base.BaseClass - Found Element By {by.toString()}
2024-01-25 22:06:36,708 [main] INFO  base.BaseClass - Trying to find Element By {by.toString()})
2024-01-25 22:06:36,731 [main] INFO  base.BaseClass - Found Element By {by.toString()}
2024-01-25 22:06:37,273 [main] INFO  base.BaseClass - Trying to find Element By {by.toString()})
2024-01-25 22:06:37,295 [main] INFO  base.BaseClass - Found Element By {by.toString()}
2024-01-25 22:06:37,838 [main] INFO  base.BaseClass - Trying to find Element By {by.toString()})
2024-01-25 22:06:37,861 [main] INFO  base.BaseClass - Found Element By {by.toString()}
2024-01-25 22:06:38,405 [main] INFO  base.BaseClass - Trying to find Element By {by.toString()})
2024-01-25 22:06:38,429 [main] INFO  base.BaseClass - Found Element By {by.toString()}
2024-01-25 22:06:38,966 [main] INFO  base.BaseClass - Trying to find Element By {by.toString()})
2024-01-25 22:06:38,989 [main] INFO  base.BaseClass - Found Element By {by.toString()}
2024-01-25 22:06:39,534 [main] INFO  base.BaseClass - Trying to find Element By {by.toString()})
2024-01-25 22:06:39,557 [main] INFO  base.BaseClass - Found Element By {by.toString()}
2024-01-25 22:06:40,083 [main] INFO  base.BaseClass - Trying to find Element By {by.toString()})
2024-01-25 22:06:40,107 [main] INFO  base.BaseClass - Found Element By {by.toString()}
2024-01-25 22:06:40,647 [main] INFO  base.BaseClass - Trying to find Element By {by.toString()})
2024-01-25 22:06:40,670 [main] INFO  base.BaseClass - Found Element By {by.toString()}
2024-01-25 22:06:41,195 [main] INFO  base.BaseClass - Trying to find Element By {by.toString()})
2024-01-25 22:06:41,217 [main] INFO  base.BaseClass - Found Element By {by.toString()}
2024-01-25 22:06:41,761 [main] INFO  base.BaseClass - Trying to find Element By {by.toString()})
2024-01-25 22:06:41,769 [main] INFO  base.BaseClass - Found Element By {by.toString()}
2024-01-25 22:06:42,289 [main] INFO  base.BaseClass - Trying to find Element By {by.toString()})
2024-01-25 22:06:42,316 [main] INFO  base.BaseClass - Found Element By {by.toString()}
2024-01-25 22:06:42,868 [main] INFO  base.BaseClass - Trying to find Element By {by.toString()})
2024-01-25 22:06:42,891 [main] INFO  base.BaseClass - Found Element By {by.toString()}
2024-01-25 22:06:43,432 [main] INFO  base.BaseClass - Trying to find Element By {by.toString()})
2024-01-25 22:06:43,457 [main] INFO  base.BaseClass - Found Element By {by.toString()}
TimeoutException occurred: Expected condition failed: waiting for helper.WaitUtility$5@21d53cfd (tried for 30 second(s) with 500 milliseconds interval)
Build info: version: '3.141.59', revision: 'e82be7d358', time: '2018-11-14T08:17:03'
System info: host: 'DPLAP166', ip: '137.237.3.67', os.name: 'Windows 10', os.arch: 'amd64', os.version: '10.0', java.version: '19.0.1'
Driver info: org.openqa.selenium.support.events.EventFiringWebDriver
Capabilities {acceptInsecureCerts: true, browserName: chrome, browserVersion: 121.0.6167.86, chrome: {chromedriverVersion: 121.0.6167.85 (3f98d690ad7e..., userDataDir: C:\Users\dP-PL\AppData\Loca...}, fedcm:accounts: true, goog:chromeOptions: {debuggerAddress: localhost:55824}, javascriptEnabled: true, networkConnectionEnabled: false, pageLoadStrategy: normal, platform: WINDOWS, platformName: WINDOWS, proxy: Proxy(), setWindowRect: true, strictFileInteractability: false, timeouts: {implicit: 0, pageLoad: 300000, script: 30000}, unhandledPromptBehavior: dismiss and notify, webauthn:extension:credBlob: true, webauthn:extension:largeBlob: true, webauthn:extension:minPinLength: true, webauthn:extension:prf: true, webauthn:virtualAuthenticators: true}
Session ID: e5e3d20ecd4947491b936a0f47975d85
2024-01-25 22:06:43,493 [main] ERROR XGLT_15177_Test - Element did not become visible within the specified time: Expected condition failed: waiting for helper.WaitUtility$5@21d53cfd (tried for 30 second(s) with 500 milliseconds interval)
Build info: version: '3.141.59', revision: 'e82be7d358', time: '2018-11-14T08:17:03'
System info: host: 'DPLAP166', ip: '137.237.3.67', os.name: 'Windows 10', os.arch: 'amd64', os.version: '10.0', java.version: '19.0.1'
Driver info: org.openqa.selenium.support.events.EventFiringWebDriver
Capabilities {acceptInsecureCerts: true, browserName: chrome, browserVersion: 121.0.6167.86, chrome: {chromedriverVersion: 121.0.6167.85 (3f98d690ad7e..., userDataDir: C:\Users\dP-PL\AppData\Loca...}, fedcm:accounts: true, goog:chromeOptions: {debuggerAddress: localhost:55824}, javascriptEnabled: true, networkConnectionEnabled: false, pageLoadStrategy: normal, platform: WINDOWS, platformName: WINDOWS, proxy: Proxy(), setWindowRect: true, strictFileInteractability: false, timeouts: {implicit: 0, pageLoad: 300000, script: 30000}, unhandledPromptBehavior: dismiss and notify, webauthn:extension:credBlob: true, webauthn:extension:largeBlob: true, webauthn:extension:minPinLength: true, webauthn:extension:prf: true, webauthn:virtualAuthenticators: true}
Session ID: e5e3d20ecd4947491b936a0f47975d85
2024-01-25 22:06:43,493 [main] INFO  base.BaseClass - Trying to find Element By {by.toString()})
2024-01-25 22:06:43,515 [main] INFO  base.BaseClass - Found Element By {by.toString()}
2024-01-25 22:06:43,571 [main] INFO  base.BaseClass - Trying to find Element By {by.toString()})
2024-01-25 22:06:43,598 [main] INFO  base.BaseClass - Found Element By {by.toString()}
2024-01-25 22:06:44,124 [main] INFO  base.BaseClass - Trying to find Element By {by.toString()})
2024-01-25 22:06:44,145 [main] INFO  base.BaseClass - Found Element By {by.toString()}
2024-01-25 22:06:44,672 [main] INFO  base.BaseClass - Trying to find Element By {by.toString()})
2024-01-25 22:06:44,700 [main] INFO  base.BaseClass - Found Element By {by.toString()}
2024-01-25 22:06:45,239 [main] INFO  base.BaseClass - Trying to find Element By {by.toString()})
2024-01-25 22:06:45,248 [main] INFO  base.BaseClass - Found Element By {by.toString()}
2024-01-25 22:06:45,775 [main] INFO  base.BaseClass - Trying to find Element By {by.toString()})
2024-01-25 22:06:45,784 [main] INFO  base.BaseClass - Found Element By {by.toString()}
2024-01-25 22:06:46,309 [main] INFO  base.BaseClass - Trying to find Element By {by.toString()})
2024-01-25 22:06:46,332 [main] INFO  base.BaseClass - Found Element By {by.toString()}
2024-01-25 22:06:46,877 [main] INFO  base.BaseClass - Trying to find Element By {by.toString()})
2024-01-25 22:06:46,900 [main] INFO  base.BaseClass - Found Element By {by.toString()}
2024-01-25 22:06:47,443 [main] INFO  base.BaseClass - Trying to find Element By {by.toString()})
2024-01-25 22:06:47,466 [main] INFO  base.BaseClass - Found Element By {by.toString()}
2024-01-25 22:06:48,008 [main] INFO  base.BaseClass - Trying to find Element By {by.toString()})
2024-01-25 22:06:48,031 [main] INFO  base.BaseClass - Found Element By {by.toString()}
2024-01-25 22:06:48,575 [main] INFO  base.BaseClass - Trying to find Element By {by.toString()})
2024-01-25 22:06:48,596 [main] INFO  base.BaseClass - Found Element By {by.toString()}
2024-01-25 22:06:49,140 [main] INFO  base.BaseClass - Trying to find Element By {by.toString()})
2024-01-25 22:06:49,162 [main] INFO  base.BaseClass - Found Element By {by.toString()}
2024-01-25 22:06:49,708 [main] INFO  base.BaseClass - Trying to find Element By {by.toString()})
2024-01-25 22:06:49,729 [main] INFO  base.BaseClass - Found Element By {by.toString()}
2024-01-25 22:06:50,274 [main] INFO  base.BaseClass - Trying to find Element By {by.toString()})
2024-01-25 22:06:50,296 [main] INFO  base.BaseClass - Found Element By {by.toString()}
2024-01-25 22:06:50,841 [main] INFO  base.BaseClass - Trying to find Element By {by.toString()})
2024-01-25 22:06:50,861 [main] INFO  base.BaseClass - Found Element By {by.toString()}
2024-01-25 22:06:51,393 [main] INFO  base.BaseClass - Trying to find Element By {by.toString()})
2024-01-25 22:06:51,409 [main] INFO  base.BaseClass - Found Element By {by.toString()}
2024-01-25 22:06:51,943 [main] INFO  base.BaseClass - Trying to find Element By {by.toString()})
2024-01-25 22:06:51,965 [main] INFO  base.BaseClass - Found Element By {by.toString()}
2024-01-25 22:06:52,509 [main] INFO  base.BaseClass - Trying to find Element By {by.toString()})
2024-01-25 22:06:52,531 [main] INFO  base.BaseClass - Found Element By {by.toString()}
2024-01-25 22:06:53,072 [main] INFO  base.BaseClass - Trying to find Element By {by.toString()})
2024-01-25 22:06:53,096 [main] INFO  base.BaseClass - Found Element By {by.toString()}
2024-01-25 22:06:53,633 [main] INFO  base.BaseClass - Trying to find Element By {by.toString()})
2024-01-25 22:06:53,658 [main] INFO  base.BaseClass - Found Element By {by.toString()}
2024-01-25 22:06:54,201 [main] INFO  base.BaseClass - Trying to find Element By {by.toString()})
2024-01-25 22:06:54,223 [main] INFO  base.BaseClass - Found Element By {by.toString()}
2024-01-25 22:06:54,765 [main] INFO  base.BaseClass - Trying to find Element By {by.toString()})
2024-01-25 22:06:54,789 [main] INFO  base.BaseClass - Found Element By {by.toString()}
2024-01-25 22:06:55,331 [main] INFO  base.BaseClass - Trying to find Element By {by.toString()})
2024-01-25 22:06:55,354 [main] INFO  base.BaseClass - Found Element By {by.toString()}
2024-01-25 22:06:55,896 [main] INFO  base.BaseClass - Trying to find Element By {by.toString()})
2024-01-25 22:06:55,918 [main] INFO  base.BaseClass - Found Element By {by.toString()}
2024-01-25 22:06:56,462 [main] INFO  base.BaseClass - Trying to find Element By {by.toString()})
2024-01-25 22:06:56,484 [main] INFO  base.BaseClass - Found Element By {by.toString()}
2024-01-25 22:06:57,015 [main] INFO  base.BaseClass - Trying to find Element By {by.toString()})
2024-01-25 22:06:57,038 [main] INFO  base.BaseClass - Found Element By {by.toString()}
2024-01-25 22:06:57,580 [main] INFO  base.BaseClass - Trying to find Element By {by.toString()})
2024-01-25 22:06:57,602 [main] INFO  base.BaseClass - Found Element By {by.toString()}
2024-01-25 22:06:58,134 [main] INFO  base.BaseClass - Trying to find Element By {by.toString()})
2024-01-25 22:06:58,146 [main] INFO  base.BaseClass - Found Element By {by.toString()}
2024-01-25 22:06:58,679 [main] INFO  base.BaseClass - Trying to find Element By {by.toString()})
2024-01-25 22:06:58,696 [main] INFO  base.BaseClass - Found Element By {by.toString()}
2024-01-25 22:06:59,228 [main] INFO  base.BaseClass - Trying to find Element By {by.toString()})
2024-01-25 22:06:59,246 [main] INFO  base.BaseClass - Found Element By {by.toString()}
2024-01-25 22:06:59,772 [main] INFO  base.BaseClass - Trying to find Element By {by.toString()})
2024-01-25 22:06:59,796 [main] INFO  base.BaseClass - Found Element By {by.toString()}
2024-01-25 22:07:00,337 [main] INFO  base.BaseClass - Trying to find Element By {by.toString()})
2024-01-25 22:07:00,360 [main] INFO  base.BaseClass - Found Element By {by.toString()}
2024-01-25 22:07:00,904 [main] INFO  base.BaseClass - Trying to find Element By {by.toString()})
2024-01-25 22:07:00,927 [main] INFO  base.BaseClass - Found Element By {by.toString()}
2024-01-25 22:07:01,471 [main] INFO  base.BaseClass - Trying to find Element By {by.toString()})
2024-01-25 22:07:01,491 [main] INFO  base.BaseClass - Found Element By {by.toString()}
2024-01-25 22:07:02,036 [main] INFO  base.BaseClass - Trying to find Element By {by.toString()})
2024-01-25 22:07:02,059 [main] INFO  base.BaseClass - Found Element By {by.toString()}
2024-01-25 22:07:02,602 [main] INFO  base.BaseClass - Trying to find Element By {by.toString()})
2024-01-25 22:07:02,625 [main] INFO  base.BaseClass - Found Element By {by.toString()}
2024-01-25 22:07:03,170 [main] INFO  base.BaseClass - Trying to find Element By {by.toString()})
2024-01-25 22:07:03,192 [main] INFO  base.BaseClass - Found Element By {by.toString()}
2024-01-25 22:07:03,736 [main] INFO  base.BaseClass - Trying to find Element By {by.toString()})
2024-01-25 22:07:03,758 [main] INFO  base.BaseClass - Found Element By {by.toString()}
2024-01-25 22:07:04,302 [main] INFO  base.BaseClass - Trying to find Element By {by.toString()})
2024-01-25 22:07:04,369 [main] INFO  base.BaseClass - Found Element By {by.toString()}
2024-01-25 22:07:04,915 [main] INFO  base.BaseClass - Trying to find Element By {by.toString()})
2024-01-25 22:07:04,939 [main] INFO  base.BaseClass - Found Element By {by.toString()}
2024-01-25 22:07:05,481 [main] INFO  base.BaseClass - Trying to find Element By {by.toString()})
2024-01-25 22:07:05,499 [main] INFO  base.BaseClass - Found Element By {by.toString()}
2024-01-25 22:07:06,027 [main] INFO  base.BaseClass - Trying to find Element By {by.toString()})
2024-01-25 22:07:06,050 [main] INFO  base.BaseClass - Found Element By {by.toString()}
2024-01-25 22:07:06,592 [main] INFO  base.BaseClass - Trying to find Element By {by.toString()})
2024-01-25 22:07:06,616 [main] INFO  base.BaseClass - Found Element By {by.toString()}
2024-01-25 22:07:07,154 [main] INFO  base.BaseClass - Trying to find Element By {by.toString()})
2024-01-25 22:07:07,178 [main] INFO  base.BaseClass - Found Element By {by.toString()}
2024-01-25 22:07:07,719 [main] INFO  base.BaseClass - Trying to find Element By {by.toString()})
2024-01-25 22:07:07,744 [main] INFO  base.BaseClass - Found Element By {by.toString()}
2024-01-25 22:07:08,284 [main] INFO  base.BaseClass - Trying to find Element By {by.toString()})
2024-01-25 22:07:08,307 [main] INFO  base.BaseClass - Found Element By {by.toString()}
2024-01-25 22:07:08,851 [main] INFO  base.BaseClass - Trying to find Element By {by.toString()})
2024-01-25 22:07:08,874 [main] INFO  base.BaseClass - Found Element By {by.toString()}
2024-01-25 22:07:09,402 [main] INFO  base.BaseClass - Trying to find Element By {by.toString()})
2024-01-25 22:07:09,426 [main] INFO  base.BaseClass - Found Element By {by.toString()}
2024-01-25 22:07:09,972 [main] INFO  base.BaseClass - Trying to find Element By {by.toString()})
2024-01-25 22:07:09,994 [main] INFO  base.BaseClass - Found Element By {by.toString()}
2024-01-25 22:07:10,536 [main] INFO  base.BaseClass - Trying to find Element By {by.toString()})
2024-01-25 22:07:10,556 [main] INFO  base.BaseClass - Found Element By {by.toString()}
2024-01-25 22:07:11,099 [main] INFO  base.BaseClass - Trying to find Element By {by.toString()})
2024-01-25 22:07:11,121 [main] INFO  base.BaseClass - Found Element By {by.toString()}
2024-01-25 22:07:11,663 [main] INFO  base.BaseClass - Trying to find Element By {by.toString()})
2024-01-25 22:07:11,679 [main] INFO  base.BaseClass - Found Element By {by.toString()}
2024-01-25 22:07:12,214 [main] INFO  base.BaseClass - Trying to find Element By {by.toString()})
2024-01-25 22:07:12,236 [main] INFO  base.BaseClass - Found Element By {by.toString()}
2024-01-25 22:07:12,779 [main] INFO  base.BaseClass - Trying to find Element By {by.toString()})
2024-01-25 22:07:12,801 [main] INFO  base.BaseClass - Found Element By {by.toString()}
2024-01-25 22:07:13,345 [main] INFO  base.BaseClass - Trying to find Element By {by.toString()})
2024-01-25 22:07:13,367 [main] INFO  base.BaseClass - Found Element By {by.toString()}
2024-01-25 22:07:13,899 [main] INFO  base.BaseClass - Trying to find Element By {by.toString()})
2024-01-25 22:07:13,923 [main] INFO  base.BaseClass - Found Element By {by.toString()}
TimeoutException occurred: Expected condition failed: waiting for helper.WaitUtility$5@302634ac (tried for 30 second(s) with 500 milliseconds interval)
Build info: version: '3.141.59', revision: 'e82be7d358', time: '2018-11-14T08:17:03'
System info: host: 'DPLAP166', ip: '137.237.3.67', os.name: 'Windows 10', os.arch: 'amd64', os.version: '10.0', java.version: '19.0.1'
Driver info: org.openqa.selenium.support.events.EventFiringWebDriver
Capabilities {acceptInsecureCerts: true, browserName: chrome, browserVersion: 121.0.6167.86, chrome: {chromedriverVersion: 121.0.6167.85 (3f98d690ad7e..., userDataDir: C:\Users\dP-PL\AppData\Loca...}, fedcm:accounts: true, goog:chromeOptions: {debuggerAddress: localhost:55824}, javascriptEnabled: true, networkConnectionEnabled: false, pageLoadStrategy: normal, platform: WINDOWS, platformName: WINDOWS, proxy: Proxy(), setWindowRect: true, strictFileInteractability: false, timeouts: {implicit: 0, pageLoad: 300000, script: 30000}, unhandledPromptBehavior: dismiss and notify, webauthn:extension:credBlob: true, webauthn:extension:largeBlob: true, webauthn:extension:minPinLength: true, webauthn:extension:prf: true, webauthn:virtualAuthenticators: true}
Session ID: e5e3d20ecd4947491b936a0f47975d85
2024-01-25 22:07:13,958 [main] ERROR XGLT_15177_Test - Element did not become visible within the specified time: Expected condition failed: waiting for helper.WaitUtility$5@302634ac (tried for 30 second(s) with 500 milliseconds interval)
Build info: version: '3.141.59', revision: 'e82be7d358', time: '2018-11-14T08:17:03'
System info: host: 'DPLAP166', ip: '137.237.3.67', os.name: 'Windows 10', os.arch: 'amd64', os.version: '10.0', java.version: '19.0.1'
Driver info: org.openqa.selenium.support.events.EventFiringWebDriver
Capabilities {acceptInsecureCerts: true, browserName: chrome, browserVersion: 121.0.6167.86, chrome: {chromedriverVersion: 121.0.6167.85 (3f98d690ad7e..., userDataDir: C:\Users\dP-PL\AppData\Loca...}, fedcm:accounts: true, goog:chromeOptions: {debuggerAddress: localhost:55824}, javascriptEnabled: true, networkConnectionEnabled: false, pageLoadStrategy: normal, platform: WINDOWS, platformName: WINDOWS, proxy: Proxy(), setWindowRect: true, strictFileInteractability: false, timeouts: {implicit: 0, pageLoad: 300000, script: 30000}, unhandledPromptBehavior: dismiss and notify, webauthn:extension:credBlob: true, webauthn:extension:largeBlob: true, webauthn:extension:minPinLength: true, webauthn:extension:prf: true, webauthn:virtualAuthenticators: true}
Session ID: e5e3d20ecd4947491b936a0f47975d85
2024-01-25 22:07:13,958 [main] INFO  base.BaseClass - Trying to find Element By {by.toString()})
2024-01-25 22:07:13,979 [main] INFO  base.BaseClass - Found Element By {by.toString()}
2024-01-25 22:07:13,979 [main] INFO  base.BaseClass - Trying to click on: {element.toString()}
2024-01-25 22:07:14,110 [main] INFO  base.BaseClass - Clicked on: {element.toString()}
2024-01-25 22:07:15,181 [main] INFO  base.BaseClass - Trying to find Element By {by.toString()})
2024-01-25 22:07:15,611 [main] INFO  base.BaseClass - Found Element By {by.toString()}
2024-01-25 22:07:16,136 [main] INFO  base.BaseClass - Trying to find Element By {by.toString()})
2024-01-25 22:07:16,164 [main] INFO  base.BaseClass - Found Element By {by.toString()}
2024-01-25 22:07:16,680 [main] INFO  base.BaseClass - Trying to find Element By {by.toString()})
2024-01-25 22:07:16,704 [main] INFO  base.BaseClass - Found Element By {by.toString()}
2024-01-25 22:07:17,225 [main] INFO  base.BaseClass - Trying to find Element By {by.toString()})
2024-01-25 22:07:17,256 [main] INFO  base.BaseClass - Found Element By {by.toString()}
2024-01-25 22:07:17,806 [main] INFO  base.BaseClass - Trying to find Element By {by.toString()})
2024-01-25 22:07:17,833 [main] INFO  base.BaseClass - Found Element By {by.toString()}
2024-01-25 22:07:18,388 [main] INFO  base.BaseClass - Trying to find Element By {by.toString()})
2024-01-25 22:07:18,416 [main] INFO  base.BaseClass - Found Element By {by.toString()}
2024-01-25 22:07:18,967 [main] INFO  base.BaseClass - Trying to find Element By {by.toString()})
2024-01-25 22:07:18,994 [main] INFO  base.BaseClass - Found Element By {by.toString()}
2024-01-25 22:07:19,531 [main] INFO  base.BaseClass - Trying to find Element By {by.toString()})
2024-01-25 22:07:19,559 [main] INFO  base.BaseClass - Found Element By {by.toString()}
2024-01-25 22:07:20,110 [main] INFO  base.BaseClass - Trying to find Element By {by.toString()})
2024-01-25 22:07:20,135 [main] INFO  base.BaseClass - Found Element By {by.toString()}
2024-01-25 22:07:20,677 [main] INFO  base.BaseClass - Trying to find Element By {by.toString()})
2024-01-25 22:07:20,702 [main] INFO  base.BaseClass - Found Element By {by.toString()}
2024-01-25 22:07:21,243 [main] INFO  base.BaseClass - Trying to find Element By {by.toString()})
2024-01-25 22:07:21,265 [main] INFO  base.BaseClass - Found Element By {by.toString()}
2024-01-25 22:07:21,807 [main] INFO  base.BaseClass - Trying to find Element By {by.toString()})
2024-01-25 22:07:21,834 [main] INFO  base.BaseClass - Found Element By {by.toString()}
2024-01-25 22:07:22,371 [main] INFO  base.BaseClass - Trying to find Element By {by.toString()})
2024-01-25 22:07:22,399 [main] INFO  base.BaseClass - Found Element By {by.toString()}
2024-01-25 22:07:22,936 [main] INFO  base.BaseClass - Trying to find Element By {by.toString()})
2024-01-25 22:07:22,963 [main] INFO  base.BaseClass - Found Element By {by.toString()}
2024-01-25 22:07:23,499 [main] INFO  base.BaseClass - Trying to find Element By {by.toString()})
2024-01-25 22:07:23,526 [main] INFO  base.BaseClass - Found Element By {by.toString()}
2024-01-25 22:07:24,078 [main] INFO  base.BaseClass - Trying to find Element By {by.toString()})
2024-01-25 22:07:24,103 [main] INFO  base.BaseClass - Found Element By {by.toString()}
2024-01-25 22:07:24,641 [main] INFO  base.BaseClass - Trying to find Element By {by.toString()})
2024-01-25 22:07:24,664 [main] INFO  base.BaseClass - Found Element By {by.toString()}
2024-01-25 22:07:25,204 [main] INFO  base.BaseClass - Trying to find Element By {by.toString()})
2024-01-25 22:07:25,222 [main] INFO  base.BaseClass - Found Element By {by.toString()}
2024-01-25 22:07:25,752 [main] INFO  base.BaseClass - Trying to find Element By {by.toString()})
2024-01-25 22:07:25,776 [main] INFO  base.BaseClass - Found Element By {by.toString()}
2024-01-25 22:07:26,317 [main] INFO  base.BaseClass - Trying to find Element By {by.toString()})
2024-01-25 22:07:26,339 [main] INFO  base.BaseClass - Found Element By {by.toString()}
2024-01-25 22:07:26,880 [main] INFO  base.BaseClass - Trying to find Element By {by.toString()})
2024-01-25 22:07:26,903 [main] INFO  base.BaseClass - Found Element By {by.toString()}
2024-01-25 22:07:27,442 [main] INFO  base.BaseClass - Trying to find Element By {by.toString()})
2024-01-25 22:07:27,465 [main] INFO  base.BaseClass - Found Element By {by.toString()}
2024-01-25 22:07:27,993 [main] INFO  base.BaseClass - Trying to find Element By {by.toString()})
2024-01-25 22:07:28,016 [main] INFO  base.BaseClass - Found Element By {by.toString()}
2024-01-25 22:07:28,558 [main] INFO  base.BaseClass - Trying to find Element By {by.toString()})
2024-01-25 22:07:28,580 [main] INFO  base.BaseClass - Found Element By {by.toString()}
2024-01-25 22:07:29,125 [main] INFO  base.BaseClass - Trying to find Element By {by.toString()})
2024-01-25 22:07:29,150 [main] INFO  base.BaseClass - Found Element By {by.toString()}
2024-01-25 22:07:29,692 [main] INFO  base.BaseClass - Trying to find Element By {by.toString()})
2024-01-25 22:07:29,715 [main] INFO  base.BaseClass - Found Element By {by.toString()}
2024-01-25 22:07:30,255 [main] INFO  base.BaseClass - Trying to find Element By {by.toString()})
2024-01-25 22:07:30,393 [main] INFO  base.BaseClass - Found Element By {by.toString()}
2024-01-25 22:07:30,929 [main] INFO  base.BaseClass - Trying to find Element By {by.toString()})
2024-01-25 22:07:30,947 [main] INFO  base.BaseClass - Found Element By {by.toString()}
2024-01-25 22:07:31,481 [main] INFO  base.BaseClass - Trying to find Element By {by.toString()})
2024-01-25 22:07:31,505 [main] INFO  base.BaseClass - Found Element By {by.toString()}
2024-01-25 22:07:32,048 [main] INFO  base.BaseClass - Trying to find Element By {by.toString()})
2024-01-25 22:07:32,070 [main] INFO  base.BaseClass - Found Element By {by.toString()}
2024-01-25 22:07:32,612 [main] INFO  base.BaseClass - Trying to find Element By {by.toString()})
2024-01-25 22:07:32,637 [main] INFO  base.BaseClass - Found Element By {by.toString()}
2024-01-25 22:07:33,178 [main] INFO  base.BaseClass - Trying to find Element By {by.toString()})
2024-01-25 22:07:33,202 [main] INFO  base.BaseClass - Found Element By {by.toString()}
2024-01-25 22:07:33,744 [main] INFO  base.BaseClass - Trying to find Element By {by.toString()})
2024-01-25 22:07:33,767 [main] INFO  base.BaseClass - Found Element By {by.toString()}
2024-01-25 22:07:34,308 [main] INFO  base.BaseClass - Trying to find Element By {by.toString()})
2024-01-25 22:07:34,332 [main] INFO  base.BaseClass - Found Element By {by.toString()}
2024-01-25 22:07:34,875 [main] INFO  base.BaseClass - Trying to find Element By {by.toString()})
2024-01-25 22:07:34,898 [main] INFO  base.BaseClass - Found Element By {by.toString()}
2024-01-25 22:07:35,441 [main] INFO  base.BaseClass - Trying to find Element By {by.toString()})
2024-01-25 22:07:35,464 [main] INFO  base.BaseClass - Found Element By {by.toString()}
2024-01-25 22:07:36,005 [main] INFO  base.BaseClass - Trying to find Element By {by.toString()})
2024-01-25 22:07:36,027 [main] INFO  base.BaseClass - Found Element By {by.toString()}
2024-01-25 22:07:36,571 [main] INFO  base.BaseClass - Trying to find Element By {by.toString()})
2024-01-25 22:07:36,594 [main] INFO  base.BaseClass - Found Element By {by.toString()}
2024-01-25 22:07:37,135 [main] INFO  base.BaseClass - Trying to find Element By {by.toString()})
2024-01-25 22:07:37,160 [main] INFO  base.BaseClass - Found Element By {by.toString()}
2024-01-25 22:07:37,699 [main] INFO  base.BaseClass - Trying to find Element By {by.toString()})
2024-01-25 22:07:37,726 [main] INFO  base.BaseClass - Found Element By {by.toString()}
2024-01-25 22:07:38,263 [main] INFO  base.BaseClass - Trying to find Element By {by.toString()})
2024-01-25 22:07:38,287 [main] INFO  base.BaseClass - Found Element By {by.toString()}
2024-01-25 22:07:38,828 [main] INFO  base.BaseClass - Trying to find Element By {by.toString()})
2024-01-25 22:07:38,845 [main] INFO  base.BaseClass - Found Element By {by.toString()}
2024-01-25 22:07:39,381 [main] INFO  base.BaseClass - Trying to find Element By {by.toString()})
2024-01-25 22:07:39,406 [main] INFO  base.BaseClass - Found Element By {by.toString()}
2024-01-25 22:07:39,946 [main] INFO  base.BaseClass - Trying to find Element By {by.toString()})
2024-01-25 22:07:39,969 [main] INFO  base.BaseClass - Found Element By {by.toString()}
2024-01-25 22:07:40,514 [main] INFO  base.BaseClass - Trying to find Element By {by.toString()})
2024-01-25 22:07:40,538 [main] INFO  base.BaseClass - Found Element By {by.toString()}
2024-01-25 22:07:41,079 [main] INFO  base.BaseClass - Trying to find Element By {by.toString()})
2024-01-25 22:07:41,101 [main] INFO  base.BaseClass - Found Element By {by.toString()}
2024-01-25 22:07:41,643 [main] INFO  base.BaseClass - Trying to find Element By {by.toString()})
2024-01-25 22:07:41,663 [main] INFO  base.BaseClass - Found Element By {by.toString()}
2024-01-25 22:07:42,210 [main] INFO  base.BaseClass - Trying to find Element By {by.toString()})
2024-01-25 22:07:42,234 [main] INFO  base.BaseClass - Found Element By {by.toString()}
2024-01-25 22:07:42,774 [main] INFO  base.BaseClass - Trying to find Element By {by.toString()})
2024-01-25 22:07:42,823 [main] INFO  base.BaseClass - Found Element By {by.toString()}
2024-01-25 22:07:43,355 [main] INFO  base.BaseClass - Trying to find Element By {by.toString()})
2024-01-25 22:07:43,380 [main] INFO  base.BaseClass - Found Element By {by.toString()}
2024-01-25 22:07:43,919 [main] INFO  base.BaseClass - Trying to find Element By {by.toString()})
2024-01-25 22:07:43,943 [main] INFO  base.BaseClass - Found Element By {by.toString()}
2024-01-25 22:07:44,484 [main] INFO  base.BaseClass - Trying to find Element By {by.toString()})
2024-01-25 22:07:44,505 [main] INFO  base.BaseClass - Found Element By {by.toString()}
2024-01-25 22:07:45,051 [main] INFO  base.BaseClass - Trying to find Element By {by.toString()})
2024-01-25 22:07:45,076 [main] INFO  base.BaseClass - Found Element By {by.toString()}
2024-01-25 22:07:45,618 [main] INFO  base.BaseClass - Trying to find Element By {by.toString()})
2024-01-25 22:07:45,645 [main] INFO  base.BaseClass - Found Element By {by.toString()}
TimeoutException occurred: Expected condition failed: waiting for helper.WaitUtility$5@13e0a23f (tried for 30 second(s) with 500 milliseconds interval)
Build info: version: '3.141.59', revision: 'e82be7d358', time: '2018-11-14T08:17:03'
System info: host: 'DPLAP166', ip: '137.237.3.67', os.name: 'Windows 10', os.arch: 'amd64', os.version: '10.0', java.version: '19.0.1'
Driver info: org.openqa.selenium.support.events.EventFiringWebDriver
Capabilities {acceptInsecureCerts: true, browserName: chrome, browserVersion: 121.0.6167.86, chrome: {chromedriverVersion: 121.0.6167.85 (3f98d690ad7e..., userDataDir: C:\Users\dP-PL\AppData\Loca...}, fedcm:accounts: true, goog:chromeOptions: {debuggerAddress: localhost:55824}, javascriptEnabled: true, networkConnectionEnabled: false, pageLoadStrategy: normal, platform: WINDOWS, platformName: WINDOWS, proxy: Proxy(), setWindowRect: true, strictFileInteractability: false, timeouts: {implicit: 0, pageLoad: 300000, script: 30000}, unhandledPromptBehavior: dismiss and notify, webauthn:extension:credBlob: true, webauthn:extension:largeBlob: true, webauthn:extension:minPinLength: true, webauthn:extension:prf: true, webauthn:virtualAuthenticators: true}
Session ID: e5e3d20ecd4947491b936a0f47975d85
2024-01-25 22:07:45,672 [main] ERROR XGLT_15177_Test - Element did not become visible within the specified time: Expected condition failed: waiting for helper.WaitUtility$5@13e0a23f (tried for 30 second(s) with 500 milliseconds interval)
Build info: version: '3.141.59', revision: 'e82be7d358', time: '2018-11-14T08:17:03'
System info: host: 'DPLAP166', ip: '137.237.3.67', os.name: 'Windows 10', os.arch: 'amd64', os.version: '10.0', java.version: '19.0.1'
Driver info: org.openqa.selenium.support.events.EventFiringWebDriver
Capabilities {acceptInsecureCerts: true, browserName: chrome, browserVersion: 121.0.6167.86, chrome: {chromedriverVersion: 121.0.6167.85 (3f98d690ad7e..., userDataDir: C:\Users\dP-PL\AppData\Loca...}, fedcm:accounts: true, goog:chromeOptions: {debuggerAddress: localhost:55824}, javascriptEnabled: true, networkConnectionEnabled: false, pageLoadStrategy: normal, platform: WINDOWS, platformName: WINDOWS, proxy: Proxy(), setWindowRect: true, strictFileInteractability: false, timeouts: {implicit: 0, pageLoad: 300000, script: 30000}, unhandledPromptBehavior: dismiss and notify, webauthn:extension:credBlob: true, webauthn:extension:largeBlob: true, webauthn:extension:minPinLength: true, webauthn:extension:prf: true, webauthn:virtualAuthenticators: true}
Session ID: e5e3d20ecd4947491b936a0f47975d85
2024-01-25 22:07:45,673 [main] INFO  base.BaseClass - Trying to find Element By {by.toString()})
2024-01-25 22:07:45,687 [main] INFO  base.BaseClass - Found Element By {by.toString()}
2024-01-25 22:07:45,760 [main] INFO  base.BaseClass - Trying to find Element By {by.toString()})
2024-01-25 22:07:45,770 [main] INFO  base.BaseClass - Found Element By {by.toString()}
2024-01-25 22:07:45,784 [main] INFO  base.BaseClass - Trying to find Element By {by.toString()})
2024-01-25 22:07:45,802 [main] INFO  base.BaseClass - Found Element By {by.toString()}
2024-01-25 22:07:45,816 [main] INFO  base.BaseClass - Trying to find Element By {by.toString()})
2024-01-25 22:07:45,835 [main] INFO  base.BaseClass - Found Element By {by.toString()}
2024-01-25 22:07:46,371 [main] INFO  base.BaseClass - Trying to find Element By {by.toString()})
2024-01-25 22:07:46,394 [main] INFO  base.BaseClass - Found Element By {by.toString()}
2024-01-25 22:07:46,938 [main] INFO  base.BaseClass - Trying to find Element By {by.toString()})
2024-01-25 22:07:46,963 [main] INFO  base.BaseClass - Found Element By {by.toString()}
2024-01-25 22:07:47,504 [main] INFO  base.BaseClass - Trying to find Element By {by.toString()})
2024-01-25 22:07:47,531 [main] INFO  base.BaseClass - Found Element By {by.toString()}
2024-01-25 22:07:48,058 [main] INFO  base.BaseClass - Trying to find Element By {by.toString()})
2024-01-25 22:07:48,082 [main] INFO  base.BaseClass - Found Element By {by.toString()}
2024-01-25 22:07:48,610 [main] INFO  base.BaseClass - Trying to find Element By {by.toString()})
2024-01-25 22:07:48,633 [main] INFO  base.BaseClass - Found Element By {by.toString()}
2024-01-25 22:07:49,172 [main] INFO  base.BaseClass - Trying to find Element By {by.toString()})
2024-01-25 22:07:49,196 [main] INFO  base.BaseClass - Found Element By {by.toString()}
2024-01-25 22:07:49,738 [main] INFO  base.BaseClass - Trying to find Element By {by.toString()})
2024-01-25 22:07:49,763 [main] INFO  base.BaseClass - Found Element By {by.toString()}
2024-01-25 22:07:50,307 [main] INFO  base.BaseClass - Trying to find Element By {by.toString()})
2024-01-25 22:07:50,330 [main] INFO  base.BaseClass - Found Element By {by.toString()}
2024-01-25 22:07:50,874 [main] INFO  base.BaseClass - Trying to find Element By {by.toString()})
2024-01-25 22:07:50,897 [main] INFO  base.BaseClass - Found Element By {by.toString()}
2024-01-25 22:07:51,440 [main] INFO  base.BaseClass - Trying to find Element By {by.toString()})
2024-01-25 22:07:51,463 [main] INFO  base.BaseClass - Found Element By {by.toString()}
2024-01-25 22:07:52,007 [main] INFO  base.BaseClass - Trying to find Element By {by.toString()})
2024-01-25 22:07:52,030 [main] INFO  base.BaseClass - Found Element By {by.toString()}
2024-01-25 22:07:52,573 [main] INFO  base.BaseClass - Trying to find Element By {by.toString()})
2024-01-25 22:07:52,597 [main] INFO  base.BaseClass - Found Element By {by.toString()}
2024-01-25 22:07:53,137 [main] INFO  base.BaseClass - Trying to find Element By {by.toString()})
2024-01-25 22:07:53,160 [main] INFO  base.BaseClass - Found Element By {by.toString()}
2024-01-25 22:07:53,704 [main] INFO  base.BaseClass - Trying to find Element By {by.toString()})
2024-01-25 22:07:53,728 [main] INFO  base.BaseClass - Found Element By {by.toString()}
2024-01-25 22:07:54,270 [main] INFO  base.BaseClass - Trying to find Element By {by.toString()})
2024-01-25 22:07:54,294 [main] INFO  base.BaseClass - Found Element By {by.toString()}
2024-01-25 22:07:54,837 [main] INFO  base.BaseClass - Trying to find Element By {by.toString()})
2024-01-25 22:07:54,855 [main] INFO  base.BaseClass - Found Element By {by.toString()}
2024-01-25 22:07:55,388 [main] INFO  base.BaseClass - Trying to find Element By {by.toString()})
2024-01-25 22:07:55,411 [main] INFO  base.BaseClass - Found Element By {by.toString()}
2024-01-25 22:07:55,949 [main] INFO  base.BaseClass - Trying to find Element By {by.toString()})
2024-01-25 22:07:55,971 [main] INFO  base.BaseClass - Found Element By {by.toString()}
2024-01-25 22:07:56,503 [main] INFO  base.BaseClass - Trying to find Element By {by.toString()})
2024-01-25 22:07:56,527 [main] INFO  base.BaseClass - Found Element By {by.toString()}
2024-01-25 22:07:57,066 [main] INFO  base.BaseClass - Trying to find Element By {by.toString()})
2024-01-25 22:07:57,089 [main] INFO  base.BaseClass - Found Element By {by.toString()}
2024-01-25 22:07:57,616 [main] INFO  base.BaseClass - Trying to find Element By {by.toString()})
2024-01-25 22:07:57,637 [main] INFO  base.BaseClass - Found Element By {by.toString()}
2024-01-25 22:07:58,165 [main] INFO  base.BaseClass - Trying to find Element By {by.toString()})
2024-01-25 22:07:58,188 [main] INFO  base.BaseClass - Found Element By {by.toString()}
2024-01-25 22:07:58,730 [main] INFO  base.BaseClass - Trying to find Element By {by.toString()})
2024-01-25 22:07:58,753 [main] INFO  base.BaseClass - Found Element By {by.toString()}
2024-01-25 22:07:59,281 [main] INFO  base.BaseClass - Trying to find Element By {by.toString()})
2024-01-25 22:07:59,303 [main] INFO  base.BaseClass - Found Element By {by.toString()}
2024-01-25 22:07:59,829 [main] INFO  base.BaseClass - Trying to find Element By {by.toString()})
2024-01-25 22:07:59,853 [main] INFO  base.BaseClass - Found Element By {by.toString()}
2024-01-25 22:08:00,396 [main] INFO  base.BaseClass - Trying to find Element By {by.toString()})
2024-01-25 22:08:00,420 [main] INFO  base.BaseClass - Found Element By {by.toString()}
2024-01-25 22:08:00,966 [main] INFO  base.BaseClass - Trying to find Element By {by.toString()})
2024-01-25 22:08:00,978 [main] INFO  base.BaseClass - Found Element By {by.toString()}
2024-01-25 22:08:01,512 [main] INFO  base.BaseClass - Trying to find Element By {by.toString()})
2024-01-25 22:08:01,538 [main] INFO  base.BaseClass - Found Element By {by.toString()}
2024-01-25 22:08:02,077 [main] INFO  base.BaseClass - Trying to find Element By {by.toString()})
2024-01-25 22:08:02,101 [main] INFO  base.BaseClass - Found Element By {by.toString()}
2024-01-25 22:08:02,644 [main] INFO  base.BaseClass - Trying to find Element By {by.toString()})
2024-01-25 22:08:02,668 [main] INFO  base.BaseClass - Found Element By {by.toString()}
2024-01-25 22:08:03,210 [main] INFO  base.BaseClass - Trying to find Element By {by.toString()})
2024-01-25 22:08:03,233 [main] INFO  base.BaseClass - Found Element By {by.toString()}
2024-01-25 22:08:03,776 [main] INFO  base.BaseClass - Trying to find Element By {by.toString()})
2024-01-25 22:08:03,791 [main] INFO  base.BaseClass - Found Element By {by.toString()}
2024-01-25 22:08:04,327 [main] INFO  base.BaseClass - Trying to find Element By {by.toString()})
2024-01-25 22:08:04,350 [main] INFO  base.BaseClass - Found Element By {by.toString()}
2024-01-25 22:08:04,892 [main] INFO  base.BaseClass - Trying to find Element By {by.toString()})
2024-01-25 22:08:04,910 [main] INFO  base.BaseClass - Found Element By {by.toString()}
2024-01-25 22:08:05,440 [main] INFO  base.BaseClass - Trying to find Element By {by.toString()})
2024-01-25 22:08:05,463 [main] INFO  base.BaseClass - Found Element By {by.toString()}
2024-01-25 22:08:06,003 [main] INFO  base.BaseClass - Trying to find Element By {by.toString()})
2024-01-25 22:08:06,025 [main] INFO  base.BaseClass - Found Element By {by.toString()}
2024-01-25 22:08:06,568 [main] INFO  base.BaseClass - Trying to find Element By {by.toString()})
2024-01-25 22:08:06,590 [main] INFO  base.BaseClass - Found Element By {by.toString()}
2024-01-25 22:08:07,133 [main] INFO  base.BaseClass - Trying to find Element By {by.toString()})
2024-01-25 22:08:07,155 [main] INFO  base.BaseClass - Found Element By {by.toString()}
2024-01-25 22:08:07,697 [main] INFO  base.BaseClass - Trying to find Element By {by.toString()})
2024-01-25 22:08:07,717 [main] INFO  base.BaseClass - Found Element By {by.toString()}
2024-01-25 22:08:08,263 [main] INFO  base.BaseClass - Trying to find Element By {by.toString()})
2024-01-25 22:08:08,286 [main] INFO  base.BaseClass - Found Element By {by.toString()}
2024-01-25 22:08:08,826 [main] INFO  base.BaseClass - Trying to find Element By {by.toString()})
2024-01-25 22:08:08,843 [main] INFO  base.BaseClass - Found Element By {by.toString()}
2024-01-25 22:08:09,376 [main] INFO  base.BaseClass - Trying to find Element By {by.toString()})
2024-01-25 22:08:09,394 [main] INFO  base.BaseClass - Found Element By {by.toString()}
2024-01-25 22:08:09,924 [main] INFO  base.BaseClass - Trying to find Element By {by.toString()})
2024-01-25 22:08:09,946 [main] INFO  base.BaseClass - Found Element By {by.toString()}
2024-01-25 22:08:10,489 [main] INFO  base.BaseClass - Trying to find Element By {by.toString()})
2024-01-25 22:08:10,505 [main] INFO  base.BaseClass - Found Element By {by.toString()}
2024-01-25 22:08:11,037 [main] INFO  base.BaseClass - Trying to find Element By {by.toString()})
2024-01-25 22:08:11,061 [main] INFO  base.BaseClass - Found Element By {by.toString()}
2024-01-25 22:08:11,604 [main] INFO  base.BaseClass - Trying to find Element By {by.toString()})
2024-01-25 22:08:11,628 [main] INFO  base.BaseClass - Found Element By {by.toString()}
2024-01-25 22:08:12,196 [main] INFO  base.BaseClass - Trying to find Element By {by.toString()})
2024-01-25 22:08:12,233 [main] INFO  base.BaseClass - Found Element By {by.toString()}
2024-01-25 22:08:12,790 [main] INFO  base.BaseClass - Trying to find Element By {by.toString()})
2024-01-25 22:08:12,809 [main] INFO  base.BaseClass - Found Element By {by.toString()}
2024-01-25 22:08:13,343 [main] INFO  base.BaseClass - Trying to find Element By {by.toString()})
2024-01-25 22:08:13,363 [main] INFO  base.BaseClass - Found Element By {by.toString()}
2024-01-25 22:08:13,907 [main] INFO  base.BaseClass - Trying to find Element By {by.toString()})
2024-01-25 22:08:13,927 [main] INFO  base.BaseClass - Found Element By {by.toString()}
2024-01-25 22:08:14,457 [main] INFO  base.BaseClass - Trying to find Element By {by.toString()})
2024-01-25 22:08:14,479 [main] INFO  base.BaseClass - Found Element By {by.toString()}
2024-01-25 22:08:15,024 [main] INFO  base.BaseClass - Trying to find Element By {by.toString()})
2024-01-25 22:08:15,044 [main] INFO  base.BaseClass - Found Element By {by.toString()}
2024-01-25 22:08:15,576 [main] INFO  base.BaseClass - Trying to find Element By {by.toString()})
2024-01-25 22:08:15,599 [main] INFO  base.BaseClass - Found Element By {by.toString()}
2024-01-25 22:08:16,124 [main] INFO  base.BaseClass - Trying to find Element By {by.toString()})
2024-01-25 22:08:16,145 [main] INFO  base.BaseClass - Found Element By {by.toString()}
TimeoutException occurred: Expected condition failed: waiting for helper.WaitUtility$5@188015cf (tried for 30 second(s) with 500 milliseconds interval)
Build info: version: '3.141.59', revision: 'e82be7d358', time: '2018-11-14T08:17:03'
System info: host: 'DPLAP166', ip: '137.237.3.67', os.name: 'Windows 10', os.arch: 'amd64', os.version: '10.0', java.version: '19.0.1'
Driver info: org.openqa.selenium.support.events.EventFiringWebDriver
Capabilities {acceptInsecureCerts: true, browserName: chrome, browserVersion: 121.0.6167.86, chrome: {chromedriverVersion: 121.0.6167.85 (3f98d690ad7e..., userDataDir: C:\Users\dP-PL\AppData\Loca...}, fedcm:accounts: true, goog:chromeOptions: {debuggerAddress: localhost:55824}, javascriptEnabled: true, networkConnectionEnabled: false, pageLoadStrategy: normal, platform: WINDOWS, platformName: WINDOWS, proxy: Proxy(), setWindowRect: true, strictFileInteractability: false, timeouts: {implicit: 0, pageLoad: 300000, script: 30000}, unhandledPromptBehavior: dismiss and notify, webauthn:extension:credBlob: true, webauthn:extension:largeBlob: true, webauthn:extension:minPinLength: true, webauthn:extension:prf: true, webauthn:virtualAuthenticators: true}
Session ID: e5e3d20ecd4947491b936a0f47975d85
2024-01-25 22:08:16,175 [main] ERROR XGLT_15177_Test - Element did not become visible within the specified time: Expected condition failed: waiting for helper.WaitUtility$5@188015cf (tried for 30 second(s) with 500 milliseconds interval)
Build info: version: '3.141.59', revision: 'e82be7d358', time: '2018-11-14T08:17:03'
System info: host: 'DPLAP166', ip: '137.237.3.67', os.name: 'Windows 10', os.arch: 'amd64', os.version: '10.0', java.version: '19.0.1'
Driver info: org.openqa.selenium.support.events.EventFiringWebDriver
Capabilities {acceptInsecureCerts: true, browserName: chrome, browserVersion: 121.0.6167.86, chrome: {chromedriverVersion: 121.0.6167.85 (3f98d690ad7e..., userDataDir: C:\Users\dP-PL\AppData\Loca...}, fedcm:accounts: true, goog:chromeOptions: {debuggerAddress: localhost:55824}, javascriptEnabled: true, networkConnectionEnabled: false, pageLoadStrategy: normal, platform: WINDOWS, platformName: WINDOWS, proxy: Proxy(), setWindowRect: true, strictFileInteractability: false, timeouts: {implicit: 0, pageLoad: 300000, script: 30000}, unhandledPromptBehavior: dismiss and notify, webauthn:extension:credBlob: true, webauthn:extension:largeBlob: true, webauthn:extension:minPinLength: true, webauthn:extension:prf: true, webauthn:virtualAuthenticators: true}
Session ID: e5e3d20ecd4947491b936a0f47975d85
2024-01-25 22:08:16,175 [main] INFO  base.BaseClass - Trying to find Element By {by.toString()})
2024-01-25 22:08:16,193 [main] INFO  base.BaseClass - Found Element By {by.toString()}
2024-01-25 22:08:16,228 [main] INFO  base.BaseClass - Trying to find Element By {by.toString()})
2024-01-25 22:08:16,242 [main] INFO  base.BaseClass - Found Element By {by.toString()}
2024-01-25 22:08:16,770 [main] INFO  base.BaseClass - Trying to find Element By {by.toString()})
2024-01-25 22:08:16,795 [main] INFO  base.BaseClass - Found Element By {by.toString()}
2024-01-25 22:08:17,337 [main] INFO  base.BaseClass - Trying to find Element By {by.toString()})
2024-01-25 22:08:17,362 [main] INFO  base.BaseClass - Found Element By {by.toString()}
2024-01-25 22:08:17,903 [main] INFO  base.BaseClass - Trying to find Element By {by.toString()})
2024-01-25 22:08:17,926 [main] INFO  base.BaseClass - Found Element By {by.toString()}
2024-01-25 22:08:18,472 [main] INFO  base.BaseClass - Trying to find Element By {by.toString()})
2024-01-25 22:08:18,496 [main] INFO  base.BaseClass - Found Element By {by.toString()}
2024-01-25 22:08:19,042 [main] INFO  base.BaseClass - Trying to find Element By {by.toString()})
2024-01-25 22:08:19,058 [main] INFO  base.BaseClass - Found Element By {by.toString()}
2024-01-25 22:08:19,591 [main] INFO  base.BaseClass - Trying to find Element By {by.toString()})
2024-01-25 22:08:19,614 [main] INFO  base.BaseClass - Found Element By {by.toString()}
2024-01-25 22:08:20,155 [main] INFO  base.BaseClass - Trying to find Element By {by.toString()})
2024-01-25 22:08:20,179 [main] INFO  base.BaseClass - Found Element By {by.toString()}
2024-01-25 22:08:20,720 [main] INFO  base.BaseClass - Trying to find Element By {by.toString()})
2024-01-25 22:08:20,745 [main] INFO  base.BaseClass - Found Element By {by.toString()}
2024-01-25 22:08:21,287 [main] INFO  base.BaseClass - Trying to find Element By {by.toString()})
2024-01-25 22:08:21,311 [main] INFO  base.BaseClass - Found Element By {by.toString()}
2024-01-25 22:08:21,851 [main] INFO  base.BaseClass - Trying to find Element By {by.toString()})
2024-01-25 22:08:21,872 [main] INFO  base.BaseClass - Found Element By {by.toString()}
2024-01-25 22:08:22,389 [main] INFO  base.BaseClass - Trying to find Element By {by.toString()})
2024-01-25 22:08:22,415 [main] INFO  base.BaseClass - Found Element By {by.toString()}
2024-01-25 22:08:22,954 [main] INFO  base.BaseClass - Trying to find Element By {by.toString()})
2024-01-25 22:08:22,976 [main] INFO  base.BaseClass - Found Element By {by.toString()}
2024-01-25 22:08:23,504 [main] INFO  base.BaseClass - Trying to find Element By {by.toString()})
2024-01-25 22:08:23,528 [main] INFO  base.BaseClass - Found Element By {by.toString()}
2024-01-25 22:08:24,073 [main] INFO  base.BaseClass - Trying to find Element By {by.toString()})
2024-01-25 22:08:24,096 [main] INFO  base.BaseClass - Found Element By {by.toString()}
2024-01-25 22:08:24,639 [main] INFO  base.BaseClass - Trying to find Element By {by.toString()})
2024-01-25 22:08:24,662 [main] INFO  base.BaseClass - Found Element By {by.toString()}
2024-01-25 22:08:25,205 [main] INFO  base.BaseClass - Trying to find Element By {by.toString()})
2024-01-25 22:08:25,229 [main] INFO  base.BaseClass - Found Element By {by.toString()}
2024-01-25 22:08:25,769 [main] INFO  base.BaseClass - Trying to find Element By {by.toString()})
2024-01-25 22:08:25,790 [main] INFO  base.BaseClass - Found Element By {by.toString()}
2024-01-25 22:08:26,337 [main] INFO  base.BaseClass - Trying to find Element By {by.toString()})
2024-01-25 22:08:26,360 [main] INFO  base.BaseClass - Found Element By {by.toString()}
2024-01-25 22:08:26,901 [main] INFO  base.BaseClass - Trying to find Element By {by.toString()})
2024-01-25 22:08:26,925 [main] INFO  base.BaseClass - Found Element By {by.toString()}
2024-01-25 22:08:27,463 [main] INFO  base.BaseClass - Trying to find Element By {by.toString()})
2024-01-25 22:08:27,485 [main] INFO  base.BaseClass - Found Element By {by.toString()}
2024-01-25 22:08:28,015 [main] INFO  base.BaseClass - Trying to find Element By {by.toString()})
2024-01-25 22:08:28,037 [main] INFO  base.BaseClass - Found Element By {by.toString()}
2024-01-25 22:08:28,579 [main] INFO  base.BaseClass - Trying to find Element By {by.toString()})
2024-01-25 22:08:28,603 [main] INFO  base.BaseClass - Found Element By {by.toString()}
2024-01-25 22:08:29,132 [main] INFO  base.BaseClass - Trying to find Element By {by.toString()})
2024-01-25 22:08:29,154 [main] INFO  base.BaseClass - Found Element By {by.toString()}
2024-01-25 22:08:29,693 [main] INFO  base.BaseClass - Trying to find Element By {by.toString()})
2024-01-25 22:08:29,720 [main] INFO  base.BaseClass - Found Element By {by.toString()}
2024-01-25 22:08:30,257 [main] INFO  base.BaseClass - Trying to find Element By {by.toString()})
2024-01-25 22:08:30,280 [main] INFO  base.BaseClass - Found Element By {by.toString()}
2024-01-25 22:08:30,820 [main] INFO  base.BaseClass - Trying to find Element By {by.toString()})
2024-01-25 22:08:30,843 [main] INFO  base.BaseClass - Found Element By {by.toString()}
2024-01-25 22:08:31,385 [main] INFO  base.BaseClass - Trying to find Element By {by.toString()})
2024-01-25 22:08:31,408 [main] INFO  base.BaseClass - Found Element By {by.toString()}
2024-01-25 22:08:31,966 [main] INFO  base.BaseClass - Trying to find Element By {by.toString()})
2024-01-25 22:08:31,991 [main] INFO  base.BaseClass - Found Element By {by.toString()}
2024-01-25 22:08:32,530 [main] INFO  base.BaseClass - Trying to find Element By {by.toString()})
2024-01-25 22:08:32,554 [main] INFO  base.BaseClass - Found Element By {by.toString()}
2024-01-25 22:08:33,092 [main] INFO  base.BaseClass - Trying to find Element By {by.toString()})
2024-01-25 22:08:33,114 [main] INFO  base.BaseClass - Found Element By {by.toString()}
2024-01-25 22:08:33,658 [main] INFO  base.BaseClass - Trying to find Element By {by.toString()})
2024-01-25 22:08:33,681 [main] INFO  base.BaseClass - Found Element By {by.toString()}
2024-01-25 22:08:34,223 [main] INFO  base.BaseClass - Trying to find Element By {by.toString()})
2024-01-25 22:08:34,246 [main] INFO  base.BaseClass - Found Element By {by.toString()}
2024-01-25 22:08:34,788 [main] INFO  base.BaseClass - Trying to find Element By {by.toString()})
2024-01-25 22:08:34,812 [main] INFO  base.BaseClass - Found Element By {by.toString()}
2024-01-25 22:08:35,339 [main] INFO  base.BaseClass - Trying to find Element By {by.toString()})
2024-01-25 22:08:35,362 [main] INFO  base.BaseClass - Found Element By {by.toString()}
2024-01-25 22:08:35,904 [main] INFO  base.BaseClass - Trying to find Element By {by.toString()})
2024-01-25 22:08:35,925 [main] INFO  base.BaseClass - Found Element By {by.toString()}
2024-01-25 22:08:36,452 [main] INFO  base.BaseClass - Trying to find Element By {by.toString()})
2024-01-25 22:08:36,478 [main] INFO  base.BaseClass - Found Element By {by.toString()}
2024-01-25 22:08:37,017 [main] INFO  base.BaseClass - Trying to find Element By {by.toString()})
2024-01-25 22:08:37,037 [main] INFO  base.BaseClass - Found Element By {by.toString()}
2024-01-25 22:08:37,581 [main] INFO  base.BaseClass - Trying to find Element By {by.toString()})
2024-01-25 22:08:37,605 [main] INFO  base.BaseClass - Found Element By {by.toString()}
2024-01-25 22:08:38,146 [main] INFO  base.BaseClass - Trying to find Element By {by.toString()})
2024-01-25 22:08:38,168 [main] INFO  base.BaseClass - Found Element By {by.toString()}
2024-01-25 22:08:38,707 [main] INFO  base.BaseClass - Trying to find Element By {by.toString()})
2024-01-25 22:08:38,731 [main] INFO  base.BaseClass - Found Element By {by.toString()}
2024-01-25 22:08:39,272 [main] INFO  base.BaseClass - Trying to find Element By {by.toString()})
2024-01-25 22:08:39,296 [main] INFO  base.BaseClass - Found Element By {by.toString()}
2024-01-25 22:08:39,838 [main] INFO  base.BaseClass - Trying to find Element By {by.toString()})
2024-01-25 22:08:39,862 [main] INFO  base.BaseClass - Found Element By {by.toString()}
2024-01-25 22:08:40,406 [main] INFO  base.BaseClass - Trying to find Element By {by.toString()})
2024-01-25 22:08:40,430 [main] INFO  base.BaseClass - Found Element By {by.toString()}
2024-01-25 22:08:40,956 [main] INFO  base.BaseClass - Trying to find Element By {by.toString()})
2024-01-25 22:08:40,980 [main] INFO  base.BaseClass - Found Element By {by.toString()}
2024-01-25 22:08:41,521 [main] INFO  base.BaseClass - Trying to find Element By {by.toString()})
2024-01-25 22:08:41,545 [main] INFO  base.BaseClass - Found Element By {by.toString()}
2024-01-25 22:08:42,087 [main] INFO  base.BaseClass - Trying to find Element By {by.toString()})
2024-01-25 22:08:42,110 [main] INFO  base.BaseClass - Found Element By {by.toString()}
2024-01-25 22:08:42,652 [main] INFO  base.BaseClass - Trying to find Element By {by.toString()})
2024-01-25 22:08:42,676 [main] INFO  base.BaseClass - Found Element By {by.toString()}
2024-01-25 22:08:43,203 [main] INFO  base.BaseClass - Trying to find Element By {by.toString()})
2024-01-25 22:08:43,228 [main] INFO  base.BaseClass - Found Element By {by.toString()}
2024-01-25 22:08:43,770 [main] INFO  base.BaseClass - Trying to find Element By {by.toString()})
2024-01-25 22:08:43,798 [main] INFO  base.BaseClass - Found Element By {by.toString()}
2024-01-25 22:08:44,336 [main] INFO  base.BaseClass - Trying to find Element By {by.toString()})
2024-01-25 22:08:44,358 [main] INFO  base.BaseClass - Found Element By {by.toString()}
2024-01-25 22:08:44,900 [main] INFO  base.BaseClass - Trying to find Element By {by.toString()})
2024-01-25 22:08:44,923 [main] INFO  base.BaseClass - Found Element By {by.toString()}
2024-01-25 22:08:45,465 [main] INFO  base.BaseClass - Trying to find Element By {by.toString()})
2024-01-25 22:08:45,488 [main] INFO  base.BaseClass - Found Element By {by.toString()}
2024-01-25 22:08:46,018 [main] INFO  base.BaseClass - Trying to find Element By {by.toString()})
2024-01-25 22:08:46,040 [main] INFO  base.BaseClass - Found Element By {by.toString()}
2024-01-25 22:08:46,582 [main] INFO  base.BaseClass - Trying to find Element By {by.toString()})
2024-01-25 22:08:46,605 [main] INFO  base.BaseClass - Found Element By {by.toString()}
TimeoutException occurred: Expected condition failed: waiting for helper.WaitUtility$5@4b186d43 (tried for 30 second(s) with 500 milliseconds interval)
Build info: version: '3.141.59', revision: 'e82be7d358', time: '2018-11-14T08:17:03'
System info: host: 'DPLAP166', ip: '137.237.3.67', os.name: 'Windows 10', os.arch: 'amd64', os.version: '10.0', java.version: '19.0.1'
Driver info: org.openqa.selenium.support.events.EventFiringWebDriver
Capabilities {acceptInsecureCerts: true, browserName: chrome, browserVersion: 121.0.6167.86, chrome: {chromedriverVersion: 121.0.6167.85 (3f98d690ad7e..., userDataDir: C:\Users\dP-PL\AppData\Loca...}, fedcm:accounts: true, goog:chromeOptions: {debuggerAddress: localhost:55824}, javascriptEnabled: true, networkConnectionEnabled: false, pageLoadStrategy: normal, platform: WINDOWS, platformName: WINDOWS, proxy: Proxy(), setWindowRect: true, strictFileInteractability: false, timeouts: {implicit: 0, pageLoad: 300000, script: 30000}, unhandledPromptBehavior: dismiss and notify, webauthn:extension:credBlob: true, webauthn:extension:largeBlob: true, webauthn:extension:minPinLength: true, webauthn:extension:prf: true, webauthn:virtualAuthenticators: true}
Session ID: e5e3d20ecd4947491b936a0f47975d85
2024-01-25 22:08:46,636 [main] ERROR XGLT_15177_Test - Element did not become visible within the specified time: Expected condition failed: waiting for helper.WaitUtility$5@4b186d43 (tried for 30 second(s) with 500 milliseconds interval)
Build info: version: '3.141.59', revision: 'e82be7d358', time: '2018-11-14T08:17:03'
System info: host: 'DPLAP166', ip: '137.237.3.67', os.name: 'Windows 10', os.arch: 'amd64', os.version: '10.0', java.version: '19.0.1'
Driver info: org.openqa.selenium.support.events.EventFiringWebDriver
Capabilities {acceptInsecureCerts: true, browserName: chrome, browserVersion: 121.0.6167.86, chrome: {chromedriverVersion: 121.0.6167.85 (3f98d690ad7e..., userDataDir: C:\Users\dP-PL\AppData\Loca...}, fedcm:accounts: true, goog:chromeOptions: {debuggerAddress: localhost:55824}, javascriptEnabled: true, networkConnectionEnabled: false, pageLoadStrategy: normal, platform: WINDOWS, platformName: WINDOWS, proxy: Proxy(), setWindowRect: true, strictFileInteractability: false, timeouts: {implicit: 0, pageLoad: 300000, script: 30000}, unhandledPromptBehavior: dismiss and notify, webauthn:extension:credBlob: true, webauthn:extension:largeBlob: true, webauthn:extension:minPinLength: true, webauthn:extension:prf: true, webauthn:virtualAuthenticators: true}
Session ID: e5e3d20ecd4947491b936a0f47975d85
2024-01-25 22:08:46,636 [main] INFO  base.BaseClass - Trying to find Element By {by.toString()})
2024-01-25 22:08:46,660 [main] INFO  base.BaseClass - Found Element By {by.toString()}
2024-01-25 22:08:46,660 [main] INFO  base.BaseClass - Trying to click on: {element.toString()}
2024-01-25 22:08:46,803 [main] INFO  base.BaseClass - Clicked on: {element.toString()}
2024-01-25 22:08:46,803 [main] INFO  base.BaseClass - Trying to find Element By {by.toString()})
2024-01-25 22:08:46,817 [main] INFO  base.BaseClass - Found Element By {by.toString()}
TimeoutException occurred: Expected condition failed: waiting for helper.WaitUtility$5@40486321 (tried for 30 second(s) with 500 milliseconds interval)
Build info: version: '3.141.59', revision: 'e82be7d358', time: '2018-11-14T08:17:03'
System info: host: 'DPLAP166', ip: '137.237.3.67', os.name: 'Windows 10', os.arch: 'amd64', os.version: '10.0', java.version: '19.0.1'
Driver info: org.openqa.selenium.support.events.EventFiringWebDriver
Capabilities {acceptInsecureCerts: true, browserName: chrome, browserVersion: 121.0.6167.86, chrome: {chromedriverVersion: 121.0.6167.85 (3f98d690ad7e..., userDataDir: C:\Users\dP-PL\AppData\Loca...}, fedcm:accounts: true, goog:chromeOptions: {debuggerAddress: localhost:55824}, javascriptEnabled: true, networkConnectionEnabled: false, pageLoadStrategy: normal, platform: WINDOWS, platformName: WINDOWS, proxy: Proxy(), setWindowRect: true, strictFileInteractability: false, timeouts: {implicit: 0, pageLoad: 300000, script: 30000}, unhandledPromptBehavior: dismiss and notify, webauthn:extension:credBlob: true, webauthn:extension:largeBlob: true, webauthn:extension:minPinLength: true, webauthn:extension:prf: true, webauthn:virtualAuthenticators: true}
Session ID: e5e3d20ecd4947491b936a0f47975d85
2024-01-25 22:09:16,948 [main] ERROR XGLT_15177_Test - Element did not become visible within the specified time: Expected condition failed: waiting for helper.WaitUtility$5@40486321 (tried for 30 second(s) with 500 milliseconds interval)
Build info: version: '3.141.59', revision: 'e82be7d358', time: '2018-11-14T08:17:03'
System info: host: 'DPLAP166', ip: '137.237.3.67', os.name: 'Windows 10', os.arch: 'amd64', os.version: '10.0', java.version: '19.0.1'
Driver info: org.openqa.selenium.support.events.EventFiringWebDriver
Capabilities {acceptInsecureCerts: true, browserName: chrome, browserVersion: 121.0.6167.86, chrome: {chromedriverVersion: 121.0.6167.85 (3f98d690ad7e..., userDataDir: C:\Users\dP-PL\AppData\Loca...}, fedcm:accounts: true, goog:chromeOptions: {debuggerAddress: localhost:55824}, javascriptEnabled: true, networkConnectionEnabled: false, pageLoadStrategy: normal, platform: WINDOWS, platformName: WINDOWS, proxy: Proxy(), setWindowRect: true, strictFileInteractability: false, timeouts: {implicit: 0, pageLoad: 300000, script: 30000}, unhandledPromptBehavior: dismiss and notify, webauthn:extension:credBlob: true, webauthn:extension:largeBlob: true, webauthn:extension:minPinLength: true, webauthn:extension:prf: true, webauthn:virtualAuthenticators: true}
Session ID: e5e3d20ecd4947491b936a0f47975d85
2024-01-25 22:09:16,948 [main] INFO  base.BaseClass - Trying to click on: {element.toString()}
2024-01-25 22:09:17,058 [main] INFO  base.BaseClass - Clicked on: {element.toString()}
2024-01-25 22:09:17,058 [main] INFO  base.BaseClass - Trying to find Element By {by.toString()})
2024-01-25 22:09:17,072 [main] INFO  base.BaseClass - Found Element By {by.toString()}
2024-01-25 22:09:17,596 [main] INFO  base.BaseClass - Trying to find Element By {by.toString()})
2024-01-25 22:09:17,621 [main] INFO  base.BaseClass - Found Element By {by.toString()}
2024-01-25 22:09:18,160 [main] INFO  base.BaseClass - Trying to find Element By {by.toString()})
2024-01-25 22:09:18,184 [main] INFO  base.BaseClass - Found Element By {by.toString()}
2024-01-25 22:09:18,722 [main] INFO  base.BaseClass - Trying to find Element By {by.toString()})
2024-01-25 22:09:18,745 [main] INFO  base.BaseClass - Found Element By {by.toString()}
2024-01-25 22:09:19,285 [main] INFO  base.BaseClass - Trying to find Element By {by.toString()})
2024-01-25 22:09:19,310 [main] INFO  base.BaseClass - Found Element By {by.toString()}
2024-01-25 22:09:19,883 [main] INFO  base.BaseClass - Trying to find Element By {by.toString()})
2024-01-25 22:09:19,909 [main] INFO  base.BaseClass - Found Element By {by.toString()}
2024-01-25 22:09:20,449 [main] INFO  base.BaseClass - Trying to find Element By {by.toString()})
2024-01-25 22:09:20,473 [main] INFO  base.BaseClass - Found Element By {by.toString()}
2024-01-25 22:09:21,013 [main] INFO  base.BaseClass - Trying to find Element By {by.toString()})
2024-01-25 22:09:21,037 [main] INFO  base.BaseClass - Found Element By {by.toString()}
2024-01-25 22:09:21,590 [main] INFO  base.BaseClass - Trying to find Element By {by.toString()})
2024-01-25 22:09:21,615 [main] INFO  base.BaseClass - Found Element By {by.toString()}
2024-01-25 22:09:22,156 [main] INFO  base.BaseClass - Trying to find Element By {by.toString()})
2024-01-25 22:09:22,179 [main] INFO  base.BaseClass - Found Element By {by.toString()}
2024-01-25 22:09:22,723 [main] INFO  base.BaseClass - Trying to find Element By {by.toString()})
2024-01-25 22:09:22,747 [main] INFO  base.BaseClass - Found Element By {by.toString()}
2024-01-25 22:09:23,275 [main] INFO  base.BaseClass - Trying to find Element By {by.toString()})
2024-01-25 22:09:23,303 [main] INFO  base.BaseClass - Found Element By {by.toString()}
2024-01-25 22:09:23,840 [main] INFO  base.BaseClass - Trying to find Element By {by.toString()})
2024-01-25 22:09:23,864 [main] INFO  base.BaseClass - Found Element By {by.toString()}
2024-01-25 22:09:24,405 [main] INFO  base.BaseClass - Trying to find Element By {by.toString()})
2024-01-25 22:09:24,428 [main] INFO  base.BaseClass - Found Element By {by.toString()}
2024-01-25 22:09:24,971 [main] INFO  base.BaseClass - Trying to find Element By {by.toString()})
2024-01-25 22:09:24,992 [main] INFO  base.BaseClass - Found Element By {by.toString()}
2024-01-25 22:09:25,536 [main] INFO  base.BaseClass - Trying to find Element By {by.toString()})
2024-01-25 22:09:25,560 [main] INFO  base.BaseClass - Found Element By {by.toString()}
2024-01-25 22:09:26,102 [main] INFO  base.BaseClass - Trying to find Element By {by.toString()})
2024-01-25 22:09:26,125 [main] INFO  base.BaseClass - Found Element By {by.toString()}
2024-01-25 22:09:26,664 [main] INFO  base.BaseClass - Trying to find Element By {by.toString()})
2024-01-25 22:09:26,688 [main] INFO  base.BaseClass - Found Element By {by.toString()}
2024-01-25 22:09:27,229 [main] INFO  base.BaseClass - Trying to find Element By {by.toString()})
2024-01-25 22:09:27,251 [main] INFO  base.BaseClass - Found Element By {by.toString()}
2024-01-25 22:09:27,778 [main] INFO  base.BaseClass - Trying to find Element By {by.toString()})
2024-01-25 22:09:27,802 [main] INFO  base.BaseClass - Found Element By {by.toString()}
2024-01-25 22:09:28,342 [main] INFO  base.BaseClass - Trying to find Element By {by.toString()})
2024-01-25 22:09:28,366 [main] INFO  base.BaseClass - Found Element By {by.toString()}
2024-01-25 22:09:28,907 [main] INFO  base.BaseClass - Trying to find Element By {by.toString()})
2024-01-25 22:09:28,931 [main] INFO  base.BaseClass - Found Element By {by.toString()}
2024-01-25 22:09:29,473 [main] INFO  base.BaseClass - Trying to find Element By {by.toString()})
2024-01-25 22:09:29,495 [main] INFO  base.BaseClass - Found Element By {by.toString()}
2024-01-25 22:09:30,039 [main] INFO  base.BaseClass - Trying to find Element By {by.toString()})
2024-01-25 22:09:30,062 [main] INFO  base.BaseClass - Found Element By {by.toString()}
2024-01-25 22:09:30,603 [main] INFO  base.BaseClass - Trying to find Element By {by.toString()})
2024-01-25 22:09:30,627 [main] INFO  base.BaseClass - Found Element By {by.toString()}
2024-01-25 22:09:31,166 [main] INFO  base.BaseClass - Trying to find Element By {by.toString()})
2024-01-25 22:09:31,190 [main] INFO  base.BaseClass - Found Element By {by.toString()}
2024-01-25 22:09:31,742 [main] INFO  base.BaseClass - Trying to find Element By {by.toString()})
2024-01-25 22:09:31,768 [main] INFO  base.BaseClass - Found Element By {by.toString()}
2024-01-25 22:09:32,307 [main] INFO  base.BaseClass - Trying to find Element By {by.toString()})
2024-01-25 22:09:32,330 [main] INFO  base.BaseClass - Found Element By {by.toString()}
2024-01-25 22:09:32,871 [main] INFO  base.BaseClass - Trying to find Element By {by.toString()})
2024-01-25 22:09:32,895 [main] INFO  base.BaseClass - Found Element By {by.toString()}
2024-01-25 22:09:33,420 [main] INFO  base.BaseClass - Trying to find Element By {by.toString()})
2024-01-25 22:09:33,443 [main] INFO  base.BaseClass - Found Element By {by.toString()}
2024-01-25 22:09:33,986 [main] INFO  base.BaseClass - Trying to find Element By {by.toString()})
2024-01-25 22:09:34,011 [main] INFO  base.BaseClass - Found Element By {by.toString()}
2024-01-25 22:09:34,550 [main] INFO  base.BaseClass - Trying to find Element By {by.toString()})
2024-01-25 22:09:34,574 [main] INFO  base.BaseClass - Found Element By {by.toString()}
2024-01-25 22:09:35,112 [main] INFO  base.BaseClass - Trying to find Element By {by.toString()})
2024-01-25 22:09:35,136 [main] INFO  base.BaseClass - Found Element By {by.toString()}
2024-01-25 22:09:35,676 [main] INFO  base.BaseClass - Trying to find Element By {by.toString()})
2024-01-25 22:09:35,700 [main] INFO  base.BaseClass - Found Element By {by.toString()}
2024-01-25 22:09:36,244 [main] INFO  base.BaseClass - Trying to find Element By {by.toString()})
2024-01-25 22:09:36,268 [main] INFO  base.BaseClass - Found Element By {by.toString()}
2024-01-25 22:09:36,794 [main] INFO  base.BaseClass - Trying to find Element By {by.toString()})
2024-01-25 22:09:36,817 [main] INFO  base.BaseClass - Found Element By {by.toString()}
2024-01-25 22:09:37,358 [main] INFO  base.BaseClass - Trying to find Element By {by.toString()})
2024-01-25 22:09:37,377 [main] INFO  base.BaseClass - Found Element By {by.toString()}
2024-01-25 22:09:37,910 [main] INFO  base.BaseClass - Trying to find Element By {by.toString()})
2024-01-25 22:09:37,926 [main] INFO  base.BaseClass - Found Element By {by.toString()}
2024-01-25 22:09:38,458 [main] INFO  base.BaseClass - Trying to find Element By {by.toString()})
2024-01-25 22:09:38,480 [main] INFO  base.BaseClass - Found Element By {by.toString()}
2024-01-25 22:09:39,012 [main] INFO  base.BaseClass - Trying to find Element By {by.toString()})
2024-01-25 22:09:39,038 [main] INFO  base.BaseClass - Found Element By {by.toString()}
2024-01-25 22:09:39,582 [main] INFO  base.BaseClass - Trying to find Element By {by.toString()})
2024-01-25 22:09:39,598 [main] INFO  base.BaseClass - Found Element By {by.toString()}
2024-01-25 22:09:40,123 [main] INFO  base.BaseClass - Trying to find Element By {by.toString()})
2024-01-25 22:09:40,148 [main] INFO  base.BaseClass - Found Element By {by.toString()}
2024-01-25 22:09:40,690 [main] INFO  base.BaseClass - Trying to find Element By {by.toString()})
2024-01-25 22:09:40,713 [main] INFO  base.BaseClass - Found Element By {by.toString()}
2024-01-25 22:09:41,260 [main] INFO  base.BaseClass - Trying to find Element By {by.toString()})
2024-01-25 22:09:41,284 [main] INFO  base.BaseClass - Found Element By {by.toString()}
2024-01-25 22:09:41,827 [main] INFO  base.BaseClass - Trying to find Element By {by.toString()})
2024-01-25 22:09:41,845 [main] INFO  base.BaseClass - Found Element By {by.toString()}
2024-01-25 22:09:42,376 [main] INFO  base.BaseClass - Trying to find Element By {by.toString()})
2024-01-25 22:09:42,399 [main] INFO  base.BaseClass - Found Element By {by.toString()}
2024-01-25 22:09:42,938 [main] INFO  base.BaseClass - Trying to find Element By {by.toString()})
2024-01-25 22:09:42,960 [main] INFO  base.BaseClass - Found Element By {by.toString()}
2024-01-25 22:09:43,502 [main] INFO  base.BaseClass - Trying to find Element By {by.toString()})
2024-01-25 22:09:43,528 [main] INFO  base.BaseClass - Found Element By {by.toString()}
2024-01-25 22:09:44,064 [main] INFO  base.BaseClass - Trying to find Element By {by.toString()})
2024-01-25 22:09:44,088 [main] INFO  base.BaseClass - Found Element By {by.toString()}
2024-01-25 22:09:44,630 [main] INFO  base.BaseClass - Trying to find Element By {by.toString()})
2024-01-25 22:09:44,653 [main] INFO  base.BaseClass - Found Element By {by.toString()}
2024-01-25 22:09:45,182 [main] INFO  base.BaseClass - Trying to find Element By {by.toString()})
2024-01-25 22:09:45,205 [main] INFO  base.BaseClass - Found Element By {by.toString()}
2024-01-25 22:09:45,744 [main] INFO  base.BaseClass - Trying to find Element By {by.toString()})
2024-01-25 22:09:45,768 [main] INFO  base.BaseClass - Found Element By {by.toString()}
2024-01-25 22:09:46,310 [main] INFO  base.BaseClass - Trying to find Element By {by.toString()})
2024-01-25 22:09:46,333 [main] INFO  base.BaseClass - Found Element By {by.toString()}
2024-01-25 22:09:46,873 [main] INFO  base.BaseClass - Trying to find Element By {by.toString()})
2024-01-25 22:09:46,895 [main] INFO  base.BaseClass - Found Element By {by.toString()}
2024-01-25 22:09:47,421 [main] INFO  base.BaseClass - Trying to find Element By {by.toString()})
2024-01-25 22:09:47,440 [main] INFO  base.BaseClass - Found Element By {by.toString()}
TimeoutException occurred: Expected condition failed: waiting for helper.WaitUtility$5@2f7cb834 (tried for 30 second(s) with 500 milliseconds interval)
Build info: version: '3.141.59', revision: 'e82be7d358', time: '2018-11-14T08:17:03'
System info: host: 'DPLAP166', ip: '137.237.3.67', os.name: 'Windows 10', os.arch: 'amd64', os.version: '10.0', java.version: '19.0.1'
Driver info: org.openqa.selenium.support.events.EventFiringWebDriver
Capabilities {acceptInsecureCerts: true, browserName: chrome, browserVersion: 121.0.6167.86, chrome: {chromedriverVersion: 121.0.6167.85 (3f98d690ad7e..., userDataDir: C:\Users\dP-PL\AppData\Loca...}, fedcm:accounts: true, goog:chromeOptions: {debuggerAddress: localhost:55824}, javascriptEnabled: true, networkConnectionEnabled: false, pageLoadStrategy: normal, platform: WINDOWS, platformName: WINDOWS, proxy: Proxy(), setWindowRect: true, strictFileInteractability: false, timeouts: {implicit: 0, pageLoad: 300000, script: 30000}, unhandledPromptBehavior: dismiss and notify, webauthn:extension:credBlob: true, webauthn:extension:largeBlob: true, webauthn:extension:minPinLength: true, webauthn:extension:prf: true, webauthn:virtualAuthenticators: true}
Session ID: e5e3d20ecd4947491b936a0f47975d85
2024-01-25 22:09:47,470 [main] ERROR XGLT_15177_Test - Element did not become visible within the specified time: Expected condition failed: waiting for helper.WaitUtility$5@2f7cb834 (tried for 30 second(s) with 500 milliseconds interval)
Build info: version: '3.141.59', revision: 'e82be7d358', time: '2018-11-14T08:17:03'
System info: host: 'DPLAP166', ip: '137.237.3.67', os.name: 'Windows 10', os.arch: 'amd64', os.version: '10.0', java.version: '19.0.1'
Driver info: org.openqa.selenium.support.events.EventFiringWebDriver
Capabilities {acceptInsecureCerts: true, browserName: chrome, browserVersion: 121.0.6167.86, chrome: {chromedriverVersion: 121.0.6167.85 (3f98d690ad7e..., userDataDir: C:\Users\dP-PL\AppData\Loca...}, fedcm:accounts: true, goog:chromeOptions: {debuggerAddress: localhost:55824}, javascriptEnabled: true, networkConnectionEnabled: false, pageLoadStrategy: normal, platform: WINDOWS, platformName: WINDOWS, proxy: Proxy(), setWindowRect: true, strictFileInteractability: false, timeouts: {implicit: 0, pageLoad: 300000, script: 30000}, unhandledPromptBehavior: dismiss and notify, webauthn:extension:credBlob: true, webauthn:extension:largeBlob: true, webauthn:extension:minPinLength: true, webauthn:extension:prf: true, webauthn:virtualAuthenticators: true}
Session ID: e5e3d20ecd4947491b936a0f47975d85
2024-01-25 22:09:47,470 [main] INFO  base.BaseClass - Trying to find Element By {by.toString()})
2024-01-25 22:09:47,490 [main] INFO  base.BaseClass - Found Element By {by.toString()}
2024-01-25 22:09:47,491 [main] INFO  base.BaseClass - Trying to click on: {element.toString()}
2024-01-25 22:09:47,589 [main] INFO  base.BaseClass - Clicked on: {element.toString()}
2024-01-25 22:09:47,589 [main] INFO  base.BaseClass - Trying to find Element By {by.toString()})
2024-01-25 22:09:47,609 [main] INFO  base.BaseClass - Found Element By {by.toString()}
TimeoutException occurred: Expected condition failed: waiting for helper.WaitUtility$5@1197d3fb (tried for 30 second(s) with 500 milliseconds interval)
Build info: version: '3.141.59', revision: 'e82be7d358', time: '2018-11-14T08:17:03'
System info: host: 'DPLAP166', ip: '137.237.3.67', os.name: 'Windows 10', os.arch: 'amd64', os.version: '10.0', java.version: '19.0.1'
Driver info: org.openqa.selenium.support.events.EventFiringWebDriver
Capabilities {acceptInsecureCerts: true, browserName: chrome, browserVersion: 121.0.6167.86, chrome: {chromedriverVersion: 121.0.6167.85 (3f98d690ad7e..., userDataDir: C:\Users\dP-PL\AppData\Loca...}, fedcm:accounts: true, goog:chromeOptions: {debuggerAddress: localhost:55824}, javascriptEnabled: true, networkConnectionEnabled: false, pageLoadStrategy: normal, platform: WINDOWS, platformName: WINDOWS, proxy: Proxy(), setWindowRect: true, strictFileInteractability: false, timeouts: {implicit: 0, pageLoad: 300000, script: 30000}, unhandledPromptBehavior: dismiss and notify, webauthn:extension:credBlob: true, webauthn:extension:largeBlob: true, webauthn:extension:minPinLength: true, webauthn:extension:prf: true, webauthn:virtualAuthenticators: true}
Session ID: e5e3d20ecd4947491b936a0f47975d85
2024-01-25 22:10:17,744 [main] ERROR XGLT_15177_Test - Element did not become visible within the specified time: Expected condition failed: waiting for helper.WaitUtility$5@1197d3fb (tried for 30 second(s) with 500 milliseconds interval)
Build info: version: '3.141.59', revision: 'e82be7d358', time: '2018-11-14T08:17:03'
System info: host: 'DPLAP166', ip: '137.237.3.67', os.name: 'Windows 10', os.arch: 'amd64', os.version: '10.0', java.version: '19.0.1'
Driver info: org.openqa.selenium.support.events.EventFiringWebDriver
Capabilities {acceptInsecureCerts: true, browserName: chrome, browserVersion: 121.0.6167.86, chrome: {chromedriverVersion: 121.0.6167.85 (3f98d690ad7e..., userDataDir: C:\Users\dP-PL\AppData\Loca...}, fedcm:accounts: true, goog:chromeOptions: {debuggerAddress: localhost:55824}, javascriptEnabled: true, networkConnectionEnabled: false, pageLoadStrategy: normal, platform: WINDOWS, platformName: WINDOWS, proxy: Proxy(), setWindowRect: true, strictFileInteractability: false, timeouts: {implicit: 0, pageLoad: 300000, script: 30000}, unhandledPromptBehavior: dismiss and notify, webauthn:extension:credBlob: true, webauthn:extension:largeBlob: true, webauthn:extension:minPinLength: true, webauthn:extension:prf: true, webauthn:virtualAuthenticators: true}
Session ID: e5e3d20ecd4947491b936a0f47975d85
2024-01-25 22:10:17,744 [main] INFO  base.BaseClass - Trying to click on: {element.toString()}
2024-01-25 22:10:17,833 [main] INFO  base.BaseClass - Clicked on: {element.toString()}
2024-01-25 22:10:17,833 [main] INFO  base.BaseClass - Trying to find Element By {by.toString()})
2024-01-25 22:10:17,860 [main] INFO  base.BaseClass - Found Element By {by.toString()}
2024-01-25 22:10:18,389 [main] INFO  base.BaseClass - Trying to find Element By {by.toString()})
2024-01-25 22:10:18,411 [main] INFO  base.BaseClass - Found Element By {by.toString()}
2024-01-25 22:10:18,936 [main] INFO  base.BaseClass - Trying to find Element By {by.toString()})
2024-01-25 22:10:18,958 [main] INFO  base.BaseClass - Found Element By {by.toString()}
2024-01-25 22:10:19,500 [main] INFO  base.BaseClass - Trying to find Element By {by.toString()})
2024-01-25 22:10:19,524 [main] INFO  base.BaseClass - Found Element By {by.toString()}
2024-01-25 22:10:20,065 [main] INFO  base.BaseClass - Trying to find Element By {by.toString()})
2024-01-25 22:10:20,089 [main] INFO  base.BaseClass - Found Element By {by.toString()}
2024-01-25 22:10:20,611 [main] INFO  base.BaseClass - Trying to find Element By {by.toString()})
2024-01-25 22:10:20,631 [main] INFO  base.BaseClass - Found Element By {by.toString()}
2024-01-25 22:10:21,160 [main] INFO  base.BaseClass - Trying to find Element By {by.toString()})
2024-01-25 22:10:21,183 [main] INFO  base.BaseClass - Found Element By {by.toString()}
2024-01-25 22:10:21,726 [main] INFO  base.BaseClass - Trying to find Element By {by.toString()})
2024-01-25 22:10:21,750 [main] INFO  base.BaseClass - Found Element By {by.toString()}
2024-01-25 22:10:22,289 [main] INFO  base.BaseClass - Trying to find Element By {by.toString()})
2024-01-25 22:10:22,311 [main] INFO  base.BaseClass - Found Element By {by.toString()}
2024-01-25 22:10:22,852 [main] INFO  base.BaseClass - Trying to find Element By {by.toString()})
2024-01-25 22:10:22,871 [main] INFO  base.BaseClass - Found Element By {by.toString()}
2024-01-25 22:10:23,401 [main] INFO  base.BaseClass - Trying to find Element By {by.toString()})
2024-01-25 22:10:23,425 [main] INFO  base.BaseClass - Found Element By {by.toString()}
2024-01-25 22:10:23,967 [main] INFO  base.BaseClass - Trying to find Element By {by.toString()})
2024-01-25 22:10:23,992 [main] INFO  base.BaseClass - Found Element By {by.toString()}
2024-01-25 22:10:24,528 [main] INFO  base.BaseClass - Trying to find Element By {by.toString()})
2024-01-25 22:10:24,550 [main] INFO  base.BaseClass - Found Element By {by.toString()}
2024-01-25 22:10:25,077 [main] INFO  base.BaseClass - Trying to find Element By {by.toString()})
2024-01-25 22:10:25,100 [main] INFO  base.BaseClass - Found Element By {by.toString()}
2024-01-25 22:10:25,641 [main] INFO  base.BaseClass - Trying to find Element By {by.toString()})
2024-01-25 22:10:25,661 [main] INFO  base.BaseClass - Found Element By {by.toString()}
2024-01-25 22:10:26,195 [main] INFO  base.BaseClass - Trying to find Element By {by.toString()})
2024-01-25 22:10:26,219 [main] INFO  base.BaseClass - Found Element By {by.toString()}
2024-01-25 22:10:26,760 [main] INFO  base.BaseClass - Trying to find Element By {by.toString()})
2024-01-25 22:10:26,785 [main] INFO  base.BaseClass - Found Element By {by.toString()}
2024-01-25 22:10:27,329 [main] INFO  base.BaseClass - Trying to find Element By {by.toString()})
2024-01-25 22:10:27,352 [main] INFO  base.BaseClass - Found Element By {by.toString()}
2024-01-25 22:10:27,894 [main] INFO  base.BaseClass - Trying to find Element By {by.toString()})
2024-01-25 22:10:27,916 [main] INFO  base.BaseClass - Found Element By {by.toString()}
2024-01-25 22:10:28,458 [main] INFO  base.BaseClass - Trying to find Element By {by.toString()})
2024-01-25 22:10:28,480 [main] INFO  base.BaseClass - Found Element By {by.toString()}
2024-01-25 22:10:29,025 [main] INFO  base.BaseClass - Trying to find Element By {by.toString()})
2024-01-25 22:10:29,035 [main] INFO  base.BaseClass - Found Element By {by.toString()}
2024-01-25 22:10:29,558 [main] INFO  base.BaseClass - Trying to find Element By {by.toString()})
2024-01-25 22:10:29,582 [main] INFO  base.BaseClass - Found Element By {by.toString()}
2024-01-25 22:10:30,119 [main] INFO  base.BaseClass - Trying to find Element By {by.toString()})
2024-01-25 22:10:30,143 [main] INFO  base.BaseClass - Found Element By {by.toString()}
2024-01-25 22:10:30,687 [main] INFO  base.BaseClass - Trying to find Element By {by.toString()})
2024-01-25 22:10:30,709 [main] INFO  base.BaseClass - Found Element By {by.toString()}
2024-01-25 22:10:31,251 [main] INFO  base.BaseClass - Trying to find Element By {by.toString()})
2024-01-25 22:10:31,275 [main] INFO  base.BaseClass - Found Element By {by.toString()}
2024-01-25 22:10:31,814 [main] INFO  base.BaseClass - Trying to find Element By {by.toString()})
2024-01-25 22:10:31,839 [main] INFO  base.BaseClass - Found Element By {by.toString()}
2024-01-25 22:10:32,380 [main] INFO  base.BaseClass - Trying to find Element By {by.toString()})
2024-01-25 22:10:32,406 [main] INFO  base.BaseClass - Found Element By {by.toString()}
2024-01-25 22:10:32,945 [main] INFO  base.BaseClass - Trying to find Element By {by.toString()})
2024-01-25 22:10:32,969 [main] INFO  base.BaseClass - Found Element By {by.toString()}
2024-01-25 22:10:33,511 [main] INFO  base.BaseClass - Trying to find Element By {by.toString()})
2024-01-25 22:10:33,535 [main] INFO  base.BaseClass - Found Element By {by.toString()}
2024-01-25 22:10:34,076 [main] INFO  base.BaseClass - Trying to find Element By {by.toString()})
2024-01-25 22:10:34,099 [main] INFO  base.BaseClass - Found Element By {by.toString()}
2024-01-25 22:10:34,643 [main] INFO  base.BaseClass - Trying to find Element By {by.toString()})
2024-01-25 22:10:34,668 [main] INFO  base.BaseClass - Found Element By {by.toString()}
2024-01-25 22:10:35,209 [main] INFO  base.BaseClass - Trying to find Element By {by.toString()})
2024-01-25 22:10:35,233 [main] INFO  base.BaseClass - Found Element By {by.toString()}
2024-01-25 22:10:35,759 [main] INFO  base.BaseClass - Trying to find Element By {by.toString()})
2024-01-25 22:10:35,781 [main] INFO  base.BaseClass - Found Element By {by.toString()}
2024-01-25 22:10:36,325 [main] INFO  base.BaseClass - Trying to find Element By {by.toString()})
2024-01-25 22:10:36,348 [main] INFO  base.BaseClass - Found Element By {by.toString()}
2024-01-25 22:10:36,892 [main] INFO  base.BaseClass - Trying to find Element By {by.toString()})
2024-01-25 22:10:36,917 [main] INFO  base.BaseClass - Found Element By {by.toString()}
2024-01-25 22:10:37,457 [main] INFO  base.BaseClass - Trying to find Element By {by.toString()})
2024-01-25 22:10:37,482 [main] INFO  base.BaseClass - Found Element By {by.toString()}
2024-01-25 22:10:38,022 [main] INFO  base.BaseClass - Trying to find Element By {by.toString()})
2024-01-25 22:10:38,045 [main] INFO  base.BaseClass - Found Element By {by.toString()}
2024-01-25 22:10:38,586 [main] INFO  base.BaseClass - Trying to find Element By {by.toString()})
2024-01-25 22:10:38,610 [main] INFO  base.BaseClass - Found Element By {by.toString()}
2024-01-25 22:10:39,150 [main] INFO  base.BaseClass - Trying to find Element By {by.toString()})
2024-01-25 22:10:39,174 [main] INFO  base.BaseClass - Found Element By {by.toString()}
2024-01-25 22:10:39,717 [main] INFO  base.BaseClass - Trying to find Element By {by.toString()})
2024-01-25 22:10:39,739 [main] INFO  base.BaseClass - Found Element By {by.toString()}
2024-01-25 22:10:40,282 [main] INFO  base.BaseClass - Trying to find Element By {by.toString()})
2024-01-25 22:10:40,304 [main] INFO  base.BaseClass - Found Element By {by.toString()}
2024-01-25 22:10:40,851 [main] INFO  base.BaseClass - Trying to find Element By {by.toString()})
2024-01-25 22:10:40,875 [main] INFO  base.BaseClass - Found Element By {by.toString()}
2024-01-25 22:10:41,417 [main] INFO  base.BaseClass - Trying to find Element By {by.toString()})
2024-01-25 22:10:41,456 [main] INFO  base.BaseClass - Found Element By {by.toString()}
2024-01-25 22:10:41,983 [main] INFO  base.BaseClass - Trying to find Element By {by.toString()})
2024-01-25 22:10:42,007 [main] INFO  base.BaseClass - Found Element By {by.toString()}
2024-01-25 22:10:42,546 [main] INFO  base.BaseClass - Trying to find Element By {by.toString()})
2024-01-25 22:10:42,570 [main] INFO  base.BaseClass - Found Element By {by.toString()}
2024-01-25 22:10:43,111 [main] INFO  base.BaseClass - Trying to find Element By {by.toString()})
2024-01-25 22:10:43,134 [main] INFO  base.BaseClass - Found Element By {by.toString()}
2024-01-25 22:10:43,672 [main] INFO  base.BaseClass - Trying to find Element By {by.toString()})
2024-01-25 22:10:43,691 [main] INFO  base.BaseClass - Found Element By {by.toString()}
2024-01-25 22:10:44,237 [main] INFO  base.BaseClass - Trying to find Element By {by.toString()})
2024-01-25 22:10:44,261 [main] INFO  base.BaseClass - Found Element By {by.toString()}
2024-01-25 22:10:44,806 [main] INFO  base.BaseClass - Trying to find Element By {by.toString()})
2024-01-25 22:10:44,829 [main] INFO  base.BaseClass - Found Element By {by.toString()}
2024-01-25 22:10:45,372 [main] INFO  base.BaseClass - Trying to find Element By {by.toString()})
2024-01-25 22:10:45,395 [main] INFO  base.BaseClass - Found Element By {by.toString()}
2024-01-25 22:10:45,938 [main] INFO  base.BaseClass - Trying to find Element By {by.toString()})
2024-01-25 22:10:45,962 [main] INFO  base.BaseClass - Found Element By {by.toString()}
2024-01-25 22:10:46,502 [main] INFO  base.BaseClass - Trying to find Element By {by.toString()})
2024-01-25 22:10:46,525 [main] INFO  base.BaseClass - Found Element By {by.toString()}
2024-01-25 22:10:47,053 [main] INFO  base.BaseClass - Trying to find Element By {by.toString()})
2024-01-25 22:10:47,077 [main] INFO  base.BaseClass - Found Element By {by.toString()}
2024-01-25 22:10:47,621 [main] INFO  base.BaseClass - Trying to find Element By {by.toString()})
2024-01-25 22:10:47,644 [main] INFO  base.BaseClass - Found Element By {by.toString()}
2024-01-25 22:10:48,186 [main] INFO  base.BaseClass - Trying to find Element By {by.toString()})
2024-01-25 22:10:48,208 [main] INFO  base.BaseClass - Found Element By {by.toString()}
TimeoutException occurred: Expected condition failed: waiting for helper.WaitUtility$5@68cc475b (tried for 30 second(s) with 500 milliseconds interval)
Build info: version: '3.141.59', revision: 'e82be7d358', time: '2018-11-14T08:17:03'
System info: host: 'DPLAP166', ip: '137.237.3.67', os.name: 'Windows 10', os.arch: 'amd64', os.version: '10.0', java.version: '19.0.1'
Driver info: org.openqa.selenium.support.events.EventFiringWebDriver
Capabilities {acceptInsecureCerts: true, browserName: chrome, browserVersion: 121.0.6167.86, chrome: {chromedriverVersion: 121.0.6167.85 (3f98d690ad7e..., userDataDir: C:\Users\dP-PL\AppData\Loca...}, fedcm:accounts: true, goog:chromeOptions: {debuggerAddress: localhost:55824}, javascriptEnabled: true, networkConnectionEnabled: false, pageLoadStrategy: normal, platform: WINDOWS, platformName: WINDOWS, proxy: Proxy(), setWindowRect: true, strictFileInteractability: false, timeouts: {implicit: 0, pageLoad: 300000, script: 30000}, unhandledPromptBehavior: dismiss and notify, webauthn:extension:credBlob: true, webauthn:extension:largeBlob: true, webauthn:extension:minPinLength: true, webauthn:extension:prf: true, webauthn:virtualAuthenticators: true}
Session ID: e5e3d20ecd4947491b936a0f47975d85
2024-01-25 22:10:48,239 [main] ERROR XGLT_15177_Test - Element did not become visible within the specified time: Expected condition failed: waiting for helper.WaitUtility$5@68cc475b (tried for 30 second(s) with 500 milliseconds interval)
Build info: version: '3.141.59', revision: 'e82be7d358', time: '2018-11-14T08:17:03'
System info: host: 'DPLAP166', ip: '137.237.3.67', os.name: 'Windows 10', os.arch: 'amd64', os.version: '10.0', java.version: '19.0.1'
Driver info: org.openqa.selenium.support.events.EventFiringWebDriver
Capabilities {acceptInsecureCerts: true, browserName: chrome, browserVersion: 121.0.6167.86, chrome: {chromedriverVersion: 121.0.6167.85 (3f98d690ad7e..., userDataDir: C:\Users\dP-PL\AppData\Loca...}, fedcm:accounts: true, goog:chromeOptions: {debuggerAddress: localhost:55824}, javascriptEnabled: true, networkConnectionEnabled: false, pageLoadStrategy: normal, platform: WINDOWS, platformName: WINDOWS, proxy: Proxy(), setWindowRect: true, strictFileInteractability: false, timeouts: {implicit: 0, pageLoad: 300000, script: 30000}, unhandledPromptBehavior: dismiss and notify, webauthn:extension:credBlob: true, webauthn:extension:largeBlob: true, webauthn:extension:minPinLength: true, webauthn:extension:prf: true, webauthn:virtualAuthenticators: true}
Session ID: e5e3d20ecd4947491b936a0f47975d85
2024-01-25 22:10:48,239 [main] INFO  base.BaseClass - Trying to find Element By {by.toString()})
2024-01-25 22:10:48,257 [main] INFO  base.BaseClass - Found Element By {by.toString()}
2024-01-25 22:10:48,258 [main] INFO  base.BaseClass - Trying to click on: {element.toString()}
2024-01-25 22:10:48,346 [main] INFO  base.BaseClass - Clicked on: {element.toString()}
2024-01-25 22:10:48,346 [main] INFO  base.BaseClass - Trying to find Element By {by.toString()})
2024-01-25 22:10:48,361 [main] INFO  base.BaseClass - Found Element By {by.toString()}
TimeoutException occurred: Expected condition failed: waiting for helper.WaitUtility$5@6cdca749 (tried for 30 second(s) with 500 milliseconds interval)
Build info: version: '3.141.59', revision: 'e82be7d358', time: '2018-11-14T08:17:03'
System info: host: 'DPLAP166', ip: '137.237.3.67', os.name: 'Windows 10', os.arch: 'amd64', os.version: '10.0', java.version: '19.0.1'
Driver info: org.openqa.selenium.support.events.EventFiringWebDriver
Capabilities {acceptInsecureCerts: true, browserName: chrome, browserVersion: 121.0.6167.86, chrome: {chromedriverVersion: 121.0.6167.85 (3f98d690ad7e..., userDataDir: C:\Users\dP-PL\AppData\Loca...}, fedcm:accounts: true, goog:chromeOptions: {debuggerAddress: localhost:55824}, javascriptEnabled: true, networkConnectionEnabled: false, pageLoadStrategy: normal, platform: WINDOWS, platformName: WINDOWS, proxy: Proxy(), setWindowRect: true, strictFileInteractability: false, timeouts: {implicit: 0, pageLoad: 300000, script: 30000}, unhandledPromptBehavior: dismiss and notify, webauthn:extension:credBlob: true, webauthn:extension:largeBlob: true, webauthn:extension:minPinLength: true, webauthn:extension:prf: true, webauthn:virtualAuthenticators: true}
Session ID: e5e3d20ecd4947491b936a0f47975d85
2024-01-25 22:11:18,413 [main] ERROR XGLT_15177_Test - Element did not become visible within the specified time: Expected condition failed: waiting for helper.WaitUtility$5@6cdca749 (tried for 30 second(s) with 500 milliseconds interval)
Build info: version: '3.141.59', revision: 'e82be7d358', time: '2018-11-14T08:17:03'
System info: host: 'DPLAP166', ip: '137.237.3.67', os.name: 'Windows 10', os.arch: 'amd64', os.version: '10.0', java.version: '19.0.1'
Driver info: org.openqa.selenium.support.events.EventFiringWebDriver
Capabilities {acceptInsecureCerts: true, browserName: chrome, browserVersion: 121.0.6167.86, chrome: {chromedriverVersion: 121.0.6167.85 (3f98d690ad7e..., userDataDir: C:\Users\dP-PL\AppData\Loca...}, fedcm:accounts: true, goog:chromeOptions: {debuggerAddress: localhost:55824}, javascriptEnabled: true, networkConnectionEnabled: false, pageLoadStrategy: normal, platform: WINDOWS, platformName: WINDOWS, proxy: Proxy(), setWindowRect: true, strictFileInteractability: false, timeouts: {implicit: 0, pageLoad: 300000, script: 30000}, unhandledPromptBehavior: dismiss and notify, webauthn:extension:credBlob: true, webauthn:extension:largeBlob: true, webauthn:extension:minPinLength: true, webauthn:extension:prf: true, webauthn:virtualAuthenticators: true}
Session ID: e5e3d20ecd4947491b936a0f47975d85
2024-01-25 22:11:18,414 [main] INFO  base.BaseClass - Trying to click on: {element.toString()}
2024-01-25 22:11:18,488 [main] INFO  base.BaseClass - Clicked on: {element.toString()}
2024-01-25 22:11:18,489 [main] INFO  base.BaseClass - Trying to find Element By {by.toString()})
2024-01-25 22:11:18,515 [main] INFO  base.BaseClass - Found Element By {by.toString()}
2024-01-25 22:11:19,041 [main] INFO  base.BaseClass - Trying to find Element By {by.toString()})
2024-01-25 22:11:19,064 [main] INFO  base.BaseClass - Found Element By {by.toString()}
2024-01-25 22:11:19,605 [main] INFO  base.BaseClass - Trying to find Element By {by.toString()})
2024-01-25 22:11:19,629 [main] INFO  base.BaseClass - Found Element By {by.toString()}
2024-01-25 22:11:20,168 [main] INFO  base.BaseClass - Trying to find Element By {by.toString()})
2024-01-25 22:11:20,193 [main] INFO  base.BaseClass - Found Element By {by.toString()}
2024-01-25 22:11:20,735 [main] INFO  base.BaseClass - Trying to find Element By {by.toString()})
2024-01-25 22:11:20,759 [main] INFO  base.BaseClass - Found Element By {by.toString()}
2024-01-25 22:11:21,298 [main] INFO  base.BaseClass - Trying to find Element By {by.toString()})
2024-01-25 22:11:21,312 [main] INFO  base.BaseClass - Found Element By {by.toString()}
2024-01-25 22:11:21,848 [main] INFO  base.BaseClass - Trying to find Element By {by.toString()})
2024-01-25 22:11:21,871 [main] INFO  base.BaseClass - Found Element By {by.toString()}
2024-01-25 22:11:22,413 [main] INFO  base.BaseClass - Trying to find Element By {by.toString()})
2024-01-25 22:11:22,436 [main] INFO  base.BaseClass - Found Element By {by.toString()}
2024-01-25 22:11:22,977 [main] INFO  base.BaseClass - Trying to find Element By {by.toString()})
2024-01-25 22:11:22,999 [main] INFO  base.BaseClass - Found Element By {by.toString()}
2024-01-25 22:11:23,545 [main] INFO  base.BaseClass - Trying to find Element By {by.toString()})
2024-01-25 22:11:23,568 [main] INFO  base.BaseClass - Found Element By {by.toString()}
2024-01-25 22:11:24,110 [main] INFO  base.BaseClass - Trying to find Element By {by.toString()})
2024-01-25 22:11:24,132 [main] INFO  base.BaseClass - Found Element By {by.toString()}
2024-01-25 22:11:24,678 [main] INFO  base.BaseClass - Trying to find Element By {by.toString()})
2024-01-25 22:11:24,699 [main] INFO  base.BaseClass - Found Element By {by.toString()}
2024-01-25 22:11:25,243 [main] INFO  base.BaseClass - Trying to find Element By {by.toString()})
2024-01-25 22:11:25,266 [main] INFO  base.BaseClass - Found Element By {by.toString()}
2024-01-25 22:11:25,808 [main] INFO  base.BaseClass - Trying to find Element By {by.toString()})
2024-01-25 22:11:25,824 [main] INFO  base.BaseClass - Found Element By {by.toString()}
2024-01-25 22:11:26,359 [main] INFO  base.BaseClass - Trying to find Element By {by.toString()})
2024-01-25 22:11:26,383 [main] INFO  base.BaseClass - Found Element By {by.toString()}
2024-01-25 22:11:26,924 [main] INFO  base.BaseClass - Trying to find Element By {by.toString()})
2024-01-25 22:11:26,942 [main] INFO  base.BaseClass - Found Element By {by.toString()}
2024-01-25 22:11:27,470 [main] INFO  base.BaseClass - Trying to find Element By {by.toString()})
2024-01-25 22:11:27,494 [main] INFO  base.BaseClass - Found Element By {by.toString()}
2024-01-25 22:11:28,035 [main] INFO  base.BaseClass - Trying to find Element By {by.toString()})
2024-01-25 22:11:28,056 [main] INFO  base.BaseClass - Found Element By {by.toString()}
2024-01-25 22:11:28,601 [main] INFO  base.BaseClass - Trying to find Element By {by.toString()})
2024-01-25 22:11:28,625 [main] INFO  base.BaseClass - Found Element By {by.toString()}
2024-01-25 22:11:29,166 [main] INFO  base.BaseClass - Trying to find Element By {by.toString()})
2024-01-25 22:11:29,189 [main] INFO  base.BaseClass - Found Element By {by.toString()}
2024-01-25 22:11:29,731 [main] INFO  base.BaseClass - Trying to find Element By {by.toString()})
2024-01-25 22:11:29,753 [main] INFO  base.BaseClass - Found Element By {by.toString()}
2024-01-25 22:11:30,292 [main] INFO  base.BaseClass - Trying to find Element By {by.toString()})
2024-01-25 22:11:30,314 [main] INFO  base.BaseClass - Found Element By {by.toString()}
2024-01-25 22:11:30,856 [main] INFO  base.BaseClass - Trying to find Element By {by.toString()})
2024-01-25 22:11:30,881 [main] INFO  base.BaseClass - Found Element By {by.toString()}
2024-01-25 22:11:31,423 [main] INFO  base.BaseClass - Trying to find Element By {by.toString()})
2024-01-25 22:11:31,439 [main] INFO  base.BaseClass - Found Element By {by.toString()}
2024-01-25 22:11:31,972 [main] INFO  base.BaseClass - Trying to find Element By {by.toString()})
2024-01-25 22:11:31,993 [main] INFO  base.BaseClass - Found Element By {by.toString()}
2024-01-25 22:11:32,537 [main] INFO  base.BaseClass - Trying to find Element By {by.toString()})
2024-01-25 22:11:32,561 [main] INFO  base.BaseClass - Found Element By {by.toString()}
2024-01-25 22:11:33,104 [main] INFO  base.BaseClass - Trying to find Element By {by.toString()})
2024-01-25 22:11:33,128 [main] INFO  base.BaseClass - Found Element By {by.toString()}
2024-01-25 22:11:33,670 [main] INFO  base.BaseClass - Trying to find Element By {by.toString()})
2024-01-25 22:11:33,709 [main] INFO  base.BaseClass - Found Element By {by.toString()}
2024-01-25 22:11:34,223 [main] INFO  base.BaseClass - Trying to find Element By {by.toString()})
2024-01-25 22:11:34,249 [main] INFO  base.BaseClass - Found Element By {by.toString()}
2024-01-25 22:11:34,791 [main] INFO  base.BaseClass - Trying to find Element By {by.toString()})
2024-01-25 22:11:34,815 [main] INFO  base.BaseClass - Found Element By {by.toString()}
2024-01-25 22:11:35,356 [main] INFO  base.BaseClass - Trying to find Element By {by.toString()})
2024-01-25 22:11:35,380 [main] INFO  base.BaseClass - Found Element By {by.toString()}
2024-01-25 22:11:35,920 [main] INFO  base.BaseClass - Trying to find Element By {by.toString()})
2024-01-25 22:11:35,943 [main] INFO  base.BaseClass - Found Element By {by.toString()}
2024-01-25 22:11:36,486 [main] INFO  base.BaseClass - Trying to find Element By {by.toString()})
2024-01-25 22:11:36,509 [main] INFO  base.BaseClass - Found Element By {by.toString()}
2024-01-25 22:11:37,050 [main] INFO  base.BaseClass - Trying to find Element By {by.toString()})
2024-01-25 22:11:37,070 [main] INFO  base.BaseClass - Found Element By {by.toString()}
2024-01-25 22:11:37,613 [main] INFO  base.BaseClass - Trying to find Element By {by.toString()})
2024-01-25 22:11:37,636 [main] INFO  base.BaseClass - Found Element By {by.toString()}
2024-01-25 22:11:38,181 [main] INFO  base.BaseClass - Trying to find Element By {by.toString()})
2024-01-25 22:11:38,205 [main] INFO  base.BaseClass - Found Element By {by.toString()}
2024-01-25 22:11:38,745 [main] INFO  base.BaseClass - Trying to find Element By {by.toString()})
2024-01-25 22:11:38,769 [main] INFO  base.BaseClass - Found Element By {by.toString()}
2024-01-25 22:11:39,311 [main] INFO  base.BaseClass - Trying to find Element By {by.toString()})
2024-01-25 22:11:39,335 [main] INFO  base.BaseClass - Found Element By {by.toString()}
2024-01-25 22:11:39,875 [main] INFO  base.BaseClass - Trying to find Element By {by.toString()})
2024-01-25 22:11:39,897 [main] INFO  base.BaseClass - Found Element By {by.toString()}
2024-01-25 22:11:40,440 [main] INFO  base.BaseClass - Trying to find Element By {by.toString()})
2024-01-25 22:11:40,463 [main] INFO  base.BaseClass - Found Element By {by.toString()}
2024-01-25 22:11:41,007 [main] INFO  base.BaseClass - Trying to find Element By {by.toString()})
2024-01-25 22:11:41,032 [main] INFO  base.BaseClass - Found Element By {by.toString()}
2024-01-25 22:11:41,569 [main] INFO  base.BaseClass - Trying to find Element By {by.toString()})
2024-01-25 22:11:41,595 [main] INFO  base.BaseClass - Found Element By {by.toString()}
2024-01-25 22:11:42,137 [main] INFO  base.BaseClass - Trying to find Element By {by.toString()})
2024-01-25 22:11:42,161 [main] INFO  base.BaseClass - Found Element By {by.toString()}
2024-01-25 22:11:42,700 [main] INFO  base.BaseClass - Trying to find Element By {by.toString()})
2024-01-25 22:11:42,723 [main] INFO  base.BaseClass - Found Element By {by.toString()}
2024-01-25 22:11:43,267 [main] INFO  base.BaseClass - Trying to find Element By {by.toString()})
2024-01-25 22:11:43,290 [main] INFO  base.BaseClass - Found Element By {by.toString()}
2024-01-25 22:11:43,831 [main] INFO  base.BaseClass - Trying to find Element By {by.toString()})
2024-01-25 22:11:43,851 [main] INFO  base.BaseClass - Found Element By {by.toString()}
2024-01-25 22:11:44,396 [main] INFO  base.BaseClass - Trying to find Element By {by.toString()})
2024-01-25 22:11:44,420 [main] INFO  base.BaseClass - Found Element By {by.toString()}
2024-01-25 22:11:44,959 [main] INFO  base.BaseClass - Trying to find Element By {by.toString()})
2024-01-25 22:11:44,983 [main] INFO  base.BaseClass - Found Element By {by.toString()}
2024-01-25 22:11:45,523 [main] INFO  base.BaseClass - Trying to find Element By {by.toString()})
2024-01-25 22:11:45,547 [main] INFO  base.BaseClass - Found Element By {by.toString()}
2024-01-25 22:11:46,079 [main] INFO  base.BaseClass - Trying to find Element By {by.toString()})
2024-01-25 22:11:46,096 [main] INFO  base.BaseClass - Found Element By {by.toString()}
2024-01-25 22:11:46,641 [main] INFO  base.BaseClass - Trying to find Element By {by.toString()})
2024-01-25 22:11:46,665 [main] INFO  base.BaseClass - Found Element By {by.toString()}
2024-01-25 22:11:47,191 [main] INFO  base.BaseClass - Trying to find Element By {by.toString()})
2024-01-25 22:11:47,215 [main] INFO  base.BaseClass - Found Element By {by.toString()}
2024-01-25 22:11:47,754 [main] INFO  base.BaseClass - Trying to find Element By {by.toString()})
2024-01-25 22:11:47,778 [main] INFO  base.BaseClass - Found Element By {by.toString()}
2024-01-25 22:11:48,321 [main] INFO  base.BaseClass - Trying to find Element By {by.toString()})
2024-01-25 22:11:48,344 [main] INFO  base.BaseClass - Found Element By {by.toString()}
2024-01-25 22:11:48,872 [main] INFO  base.BaseClass - Trying to find Element By {by.toString()})
2024-01-25 22:11:48,896 [main] INFO  base.BaseClass - Found Element By {by.toString()}
TimeoutException occurred: Expected condition failed: waiting for helper.WaitUtility$5@14abbf (tried for 30 second(s) with 500 milliseconds interval)
Build info: version: '3.141.59', revision: 'e82be7d358', time: '2018-11-14T08:17:03'
System info: host: 'DPLAP166', ip: '137.237.3.67', os.name: 'Windows 10', os.arch: 'amd64', os.version: '10.0', java.version: '19.0.1'
Driver info: org.openqa.selenium.support.events.EventFiringWebDriver
Capabilities {acceptInsecureCerts: true, browserName: chrome, browserVersion: 121.0.6167.86, chrome: {chromedriverVersion: 121.0.6167.85 (3f98d690ad7e..., userDataDir: C:\Users\dP-PL\AppData\Loca...}, fedcm:accounts: true, goog:chromeOptions: {debuggerAddress: localhost:55824}, javascriptEnabled: true, networkConnectionEnabled: false, pageLoadStrategy: normal, platform: WINDOWS, platformName: WINDOWS, proxy: Proxy(), setWindowRect: true, strictFileInteractability: false, timeouts: {implicit: 0, pageLoad: 300000, script: 30000}, unhandledPromptBehavior: dismiss and notify, webauthn:extension:credBlob: true, webauthn:extension:largeBlob: true, webauthn:extension:minPinLength: true, webauthn:extension:prf: true, webauthn:virtualAuthenticators: true}
Session ID: e5e3d20ecd4947491b936a0f47975d85
2024-01-25 22:11:48,927 [main] ERROR XGLT_15177_Test - Element did not become visible within the specified time: Expected condition failed: waiting for helper.WaitUtility$5@14abbf (tried for 30 second(s) with 500 milliseconds interval)
Build info: version: '3.141.59', revision: 'e82be7d358', time: '2018-11-14T08:17:03'
System info: host: 'DPLAP166', ip: '137.237.3.67', os.name: 'Windows 10', os.arch: 'amd64', os.version: '10.0', java.version: '19.0.1'
Driver info: org.openqa.selenium.support.events.EventFiringWebDriver
Capabilities {acceptInsecureCerts: true, browserName: chrome, browserVersion: 121.0.6167.86, chrome: {chromedriverVersion: 121.0.6167.85 (3f98d690ad7e..., userDataDir: C:\Users\dP-PL\AppData\Loca...}, fedcm:accounts: true, goog:chromeOptions: {debuggerAddress: localhost:55824}, javascriptEnabled: true, networkConnectionEnabled: false, pageLoadStrategy: normal, platform: WINDOWS, platformName: WINDOWS, proxy: Proxy(), setWindowRect: true, strictFileInteractability: false, timeouts: {implicit: 0, pageLoad: 300000, script: 30000}, unhandledPromptBehavior: dismiss and notify, webauthn:extension:credBlob: true, webauthn:extension:largeBlob: true, webauthn:extension:minPinLength: true, webauthn:extension:prf: true, webauthn:virtualAuthenticators: true}
Session ID: e5e3d20ecd4947491b936a0f47975d85
2024-01-25 22:11:48,927 [main] INFO  base.BaseClass - Trying to find Element By {by.toString()})
2024-01-25 22:11:48,947 [main] INFO  base.BaseClass - Found Element By {by.toString()}
2024-01-25 22:11:48,947 [main] INFO  base.BaseClass - Trying to click on: {element.toString()}
2024-01-25 22:11:49,042 [main] INFO  base.BaseClass - Clicked on: {element.toString()}
2024-01-25 22:11:49,043 [main] INFO  base.BaseClass - Trying to find Element By {by.toString()})
2024-01-25 22:11:49,057 [main] INFO  base.BaseClass - Found Element By {by.toString()}
TimeoutException occurred: Expected condition failed: waiting for helper.WaitUtility$5@1f850e6c (tried for 30 second(s) with 500 milliseconds interval)
Build info: version: '3.141.59', revision: 'e82be7d358', time: '2018-11-14T08:17:03'
System info: host: 'DPLAP166', ip: '137.237.3.67', os.name: 'Windows 10', os.arch: 'amd64', os.version: '10.0', java.version: '19.0.1'
Driver info: org.openqa.selenium.support.events.EventFiringWebDriver
Capabilities {acceptInsecureCerts: true, browserName: chrome, browserVersion: 121.0.6167.86, chrome: {chromedriverVersion: 121.0.6167.85 (3f98d690ad7e..., userDataDir: C:\Users\dP-PL\AppData\Loca...}, fedcm:accounts: true, goog:chromeOptions: {debuggerAddress: localhost:55824}, javascriptEnabled: true, networkConnectionEnabled: false, pageLoadStrategy: normal, platform: WINDOWS, platformName: WINDOWS, proxy: Proxy(), setWindowRect: true, strictFileInteractability: false, timeouts: {implicit: 0, pageLoad: 300000, script: 30000}, unhandledPromptBehavior: dismiss and notify, webauthn:extension:credBlob: true, webauthn:extension:largeBlob: true, webauthn:extension:minPinLength: true, webauthn:extension:prf: true, webauthn:virtualAuthenticators: true}
Session ID: e5e3d20ecd4947491b936a0f47975d85
2024-01-25 22:12:19,116 [main] ERROR XGLT_15177_Test - Element did not become visible within the specified time: Expected condition failed: waiting for helper.WaitUtility$5@1f850e6c (tried for 30 second(s) with 500 milliseconds interval)
Build info: version: '3.141.59', revision: 'e82be7d358', time: '2018-11-14T08:17:03'
System info: host: 'DPLAP166', ip: '137.237.3.67', os.name: 'Windows 10', os.arch: 'amd64', os.version: '10.0', java.version: '19.0.1'
Driver info: org.openqa.selenium.support.events.EventFiringWebDriver
Capabilities {acceptInsecureCerts: true, browserName: chrome, browserVersion: 121.0.6167.86, chrome: {chromedriverVersion: 121.0.6167.85 (3f98d690ad7e..., userDataDir: C:\Users\dP-PL\AppData\Loca...}, fedcm:accounts: true, goog:chromeOptions: {debuggerAddress: localhost:55824}, javascriptEnabled: true, networkConnectionEnabled: false, pageLoadStrategy: normal, platform: WINDOWS, platformName: WINDOWS, proxy: Proxy(), setWindowRect: true, strictFileInteractability: false, timeouts: {implicit: 0, pageLoad: 300000, script: 30000}, unhandledPromptBehavior: dismiss and notify, webauthn:extension:credBlob: true, webauthn:extension:largeBlob: true, webauthn:extension:minPinLength: true, webauthn:extension:prf: true, webauthn:virtualAuthenticators: true}
Session ID: e5e3d20ecd4947491b936a0f47975d85
2024-01-25 22:12:19,117 [main] INFO  base.BaseClass - Trying to click on: {element.toString()}
2024-01-25 22:12:19,206 [main] INFO  base.BaseClass - Clicked on: {element.toString()}
2024-01-25 22:12:19,206 [main] INFO  base.BaseClass - Trying to find Element By {by.toString()})
2024-01-25 22:12:19,234 [main] INFO  base.BaseClass - Found Element By {by.toString()}
2024-01-25 22:12:19,761 [main] INFO  base.BaseClass - Trying to find Element By {by.toString()})
2024-01-25 22:12:19,784 [main] INFO  base.BaseClass - Found Element By {by.toString()}
2024-01-25 22:12:20,329 [main] INFO  base.BaseClass - Trying to find Element By {by.toString()})
2024-01-25 22:12:20,347 [main] INFO  base.BaseClass - Found Element By {by.toString()}
2024-01-25 22:12:20,876 [main] INFO  base.BaseClass - Trying to find Element By {by.toString()})
2024-01-25 22:12:20,892 [main] INFO  base.BaseClass - Found Element By {by.toString()}
2024-01-25 22:12:21,420 [main] INFO  base.BaseClass - Trying to find Element By {by.toString()})
2024-01-25 22:12:21,442 [main] INFO  base.BaseClass - Found Element By {by.toString()}
2024-01-25 22:12:21,988 [main] INFO  base.BaseClass - Trying to find Element By {by.toString()})
2024-01-25 22:12:22,011 [main] INFO  base.BaseClass - Found Element By {by.toString()}
2024-01-25 22:12:22,554 [main] INFO  base.BaseClass - Trying to find Element By {by.toString()})
2024-01-25 22:12:22,573 [main] INFO  base.BaseClass - Found Element By {by.toString()}
2024-01-25 22:12:23,119 [main] INFO  base.BaseClass - Trying to find Element By {by.toString()})
2024-01-25 22:12:23,143 [main] INFO  base.BaseClass - Found Element By {by.toString()}
2024-01-25 22:12:23,688 [main] INFO  base.BaseClass - Trying to find Element By {by.toString()})
2024-01-25 22:12:23,712 [main] INFO  base.BaseClass - Found Element By {by.toString()}
2024-01-25 22:12:24,249 [main] INFO  base.BaseClass - Trying to find Element By {by.toString()})
2024-01-25 22:12:24,272 [main] INFO  base.BaseClass - Found Element By {by.toString()}
2024-01-25 22:12:24,815 [main] INFO  base.BaseClass - Trying to find Element By {by.toString()})
2024-01-25 22:12:24,838 [main] INFO  base.BaseClass - Found Element By {by.toString()}
2024-01-25 22:12:25,382 [main] INFO  base.BaseClass - Trying to find Element By {by.toString()})
2024-01-25 22:12:25,403 [main] INFO  base.BaseClass - Found Element By {by.toString()}
2024-01-25 22:12:25,946 [main] INFO  base.BaseClass - Trying to find Element By {by.toString()})
2024-01-25 22:12:25,968 [main] INFO  base.BaseClass - Found Element By {by.toString()}
2024-01-25 22:12:26,510 [main] INFO  base.BaseClass - Trying to find Element By {by.toString()})
2024-01-25 22:12:26,533 [main] INFO  base.BaseClass - Found Element By {by.toString()}
2024-01-25 22:12:27,072 [main] INFO  base.BaseClass - Trying to find Element By {by.toString()})
2024-01-25 22:12:27,094 [main] INFO  base.BaseClass - Found Element By {by.toString()}
2024-01-25 22:12:27,623 [main] INFO  base.BaseClass - Trying to find Element By {by.toString()})
2024-01-25 22:12:27,645 [main] INFO  base.BaseClass - Found Element By {by.toString()}
2024-01-25 22:12:28,178 [main] INFO  base.BaseClass - Trying to find Element By {by.toString()})
2024-01-25 22:12:28,200 [main] INFO  base.BaseClass - Found Element By {by.toString()}
2024-01-25 22:12:28,740 [main] INFO  base.BaseClass - Trying to find Element By {by.toString()})
2024-01-25 22:12:29,094 [main] INFO  base.BaseClass - Found Element By {by.toString()}
2024-01-25 22:12:29,634 [main] INFO  base.BaseClass - Trying to find Element By {by.toString()})
2024-01-25 22:12:29,657 [main] INFO  base.BaseClass - Found Element By {by.toString()}
2024-01-25 22:12:30,184 [main] INFO  base.BaseClass - Trying to find Element By {by.toString()})
2024-01-25 22:12:30,208 [main] INFO  base.BaseClass - Found Element By {by.toString()}
2024-01-25 22:12:30,779 [main] INFO  base.BaseClass - Trying to find Element By {by.toString()})
2024-01-25 22:12:30,802 [main] INFO  base.BaseClass - Found Element By {by.toString()}
2024-01-25 22:12:31,348 [main] INFO  base.BaseClass - Trying to find Element By {by.toString()})
2024-01-25 22:12:31,364 [main] INFO  base.BaseClass - Found Element By {by.toString()}
2024-01-25 22:12:31,903 [main] INFO  base.BaseClass - Trying to find Element By {by.toString()})
2024-01-25 22:12:31,920 [main] INFO  base.BaseClass - Found Element By {by.toString()}
2024-01-25 22:12:32,456 [main] INFO  base.BaseClass - Trying to find Element By {by.toString()})
2024-01-25 22:12:32,471 [main] INFO  base.BaseClass - Found Element By {by.toString()}
2024-01-25 22:12:32,995 [main] INFO  base.BaseClass - Trying to find Element By {by.toString()})
2024-01-25 22:12:33,014 [main] INFO  base.BaseClass - Found Element By {by.toString()}
2024-01-25 22:12:33,549 [main] INFO  base.BaseClass - Trying to find Element By {by.toString()})
2024-01-25 22:12:33,564 [main] INFO  base.BaseClass - Found Element By {by.toString()}
2024-01-25 22:12:34,104 [main] INFO  base.BaseClass - Trying to find Element By {by.toString()})
2024-01-25 22:12:34,120 [main] INFO  base.BaseClass - Found Element By {by.toString()}
2024-01-25 22:12:34,658 [main] INFO  base.BaseClass - Trying to find Element By {by.toString()})
2024-01-25 22:12:34,674 [main] INFO  base.BaseClass - Found Element By {by.toString()}
2024-01-25 22:12:35,214 [main] INFO  base.BaseClass - Trying to find Element By {by.toString()})
2024-01-25 22:12:35,231 [main] INFO  base.BaseClass - Found Element By {by.toString()}
2024-01-25 22:12:35,770 [main] INFO  base.BaseClass - Trying to find Element By {by.toString()})
2024-01-25 22:12:35,787 [main] INFO  base.BaseClass - Found Element By {by.toString()}
2024-01-25 22:12:36,322 [main] INFO  base.BaseClass - Trying to find Element By {by.toString()})
2024-01-25 22:12:36,337 [main] INFO  base.BaseClass - Found Element By {by.toString()}
2024-01-25 22:12:36,876 [main] INFO  base.BaseClass - Trying to find Element By {by.toString()})
2024-01-25 22:12:36,894 [main] INFO  base.BaseClass - Found Element By {by.toString()}
2024-01-25 22:12:37,425 [main] INFO  base.BaseClass - Trying to find Element By {by.toString()})
2024-01-25 22:12:37,441 [main] INFO  base.BaseClass - Found Element By {by.toString()}
2024-01-25 22:12:37,974 [main] INFO  base.BaseClass - Trying to find Element By {by.toString()})
2024-01-25 22:12:37,997 [main] INFO  base.BaseClass - Found Element By {by.toString()}
2024-01-25 22:12:38,537 [main] INFO  base.BaseClass - Trying to find Element By {by.toString()})
2024-01-25 22:12:38,561 [main] INFO  base.BaseClass - Found Element By {by.toString()}
2024-01-25 22:12:39,097 [main] INFO  base.BaseClass - Trying to find Element By {by.toString()})
2024-01-25 22:12:39,114 [main] INFO  base.BaseClass - Found Element By {by.toString()}
2024-01-25 22:12:39,659 [main] INFO  base.BaseClass - Trying to find Element By {by.toString()})
2024-01-25 22:12:39,683 [main] INFO  base.BaseClass - Found Element By {by.toString()}
2024-01-25 22:12:40,237 [main] INFO  base.BaseClass - Trying to find Element By {by.toString()})
2024-01-25 22:12:40,261 [main] INFO  base.BaseClass - Found Element By {by.toString()}
2024-01-25 22:12:40,802 [main] INFO  base.BaseClass - Trying to find Element By {by.toString()})
2024-01-25 22:12:40,831 [main] INFO  base.BaseClass - Found Element By {by.toString()}
2024-01-25 22:12:41,380 [main] INFO  base.BaseClass - Trying to find Element By {by.toString()})
2024-01-25 22:12:41,406 [main] INFO  base.BaseClass - Found Element By {by.toString()}
2024-01-25 22:12:41,958 [main] INFO  base.BaseClass - Trying to find Element By {by.toString()})
2024-01-25 22:12:41,984 [main] INFO  base.BaseClass - Found Element By {by.toString()}
2024-01-25 22:12:42,536 [main] INFO  base.BaseClass - Trying to find Element By {by.toString()})
2024-01-25 22:12:42,564 [main] INFO  base.BaseClass - Found Element By {by.toString()}
2024-01-25 22:12:43,104 [main] INFO  base.BaseClass - Trying to find Element By {by.toString()})
2024-01-25 22:12:43,122 [main] INFO  base.BaseClass - Found Element By {by.toString()}
2024-01-25 22:12:43,670 [main] INFO  base.BaseClass - Trying to find Element By {by.toString()})
2024-01-25 22:12:43,694 [main] INFO  base.BaseClass - Found Element By {by.toString()}
2024-01-25 22:12:44,219 [main] INFO  base.BaseClass - Trying to find Element By {by.toString()})
2024-01-25 22:12:44,242 [main] INFO  base.BaseClass - Found Element By {by.toString()}
2024-01-25 22:12:44,783 [main] INFO  base.BaseClass - Trying to find Element By {by.toString()})
2024-01-25 22:12:44,804 [main] INFO  base.BaseClass - Found Element By {by.toString()}
2024-01-25 22:12:45,335 [main] INFO  base.BaseClass - Trying to find Element By {by.toString()})
2024-01-25 22:12:45,358 [main] INFO  base.BaseClass - Found Element By {by.toString()}
2024-01-25 22:12:45,901 [main] INFO  base.BaseClass - Trying to find Element By {by.toString()})
2024-01-25 22:12:45,924 [main] INFO  base.BaseClass - Found Element By {by.toString()}
2024-01-25 22:12:46,467 [main] INFO  base.BaseClass - Trying to find Element By {by.toString()})
2024-01-25 22:12:46,489 [main] INFO  base.BaseClass - Found Element By {by.toString()}
2024-01-25 22:12:47,030 [main] INFO  base.BaseClass - Trying to find Element By {by.toString()})
2024-01-25 22:12:47,053 [main] INFO  base.BaseClass - Found Element By {by.toString()}
2024-01-25 22:12:47,582 [main] INFO  base.BaseClass - Trying to find Element By {by.toString()})
2024-01-25 22:12:47,604 [main] INFO  base.BaseClass - Found Element By {by.toString()}
2024-01-25 22:12:48,146 [main] INFO  base.BaseClass - Trying to find Element By {by.toString()})
2024-01-25 22:12:48,167 [main] INFO  base.BaseClass - Found Element By {by.toString()}
2024-01-25 22:12:48,699 [main] INFO  base.BaseClass - Trying to find Element By {by.toString()})
2024-01-25 22:12:48,721 [main] INFO  base.BaseClass - Found Element By {by.toString()}
2024-01-25 22:12:49,262 [main] INFO  base.BaseClass - Trying to find Element By {by.toString()})
2024-01-25 22:12:49,284 [main] INFO  base.BaseClass - Found Element By {by.toString()}
TimeoutException occurred: Expected condition failed: waiting for helper.WaitUtility$5@330bbae4 (tried for 30 second(s) with 500 milliseconds interval)
Build info: version: '3.141.59', revision: 'e82be7d358', time: '2018-11-14T08:17:03'
System info: host: 'DPLAP166', ip: '137.237.3.67', os.name: 'Windows 10', os.arch: 'amd64', os.version: '10.0', java.version: '19.0.1'
Driver info: org.openqa.selenium.support.events.EventFiringWebDriver
Capabilities {acceptInsecureCerts: true, browserName: chrome, browserVersion: 121.0.6167.86, chrome: {chromedriverVersion: 121.0.6167.85 (3f98d690ad7e..., userDataDir: C:\Users\dP-PL\AppData\Loca...}, fedcm:accounts: true, goog:chromeOptions: {debuggerAddress: localhost:55824}, javascriptEnabled: true, networkConnectionEnabled: false, pageLoadStrategy: normal, platform: WINDOWS, platformName: WINDOWS, proxy: Proxy(), setWindowRect: true, strictFileInteractability: false, timeouts: {implicit: 0, pageLoad: 300000, script: 30000}, unhandledPromptBehavior: dismiss and notify, webauthn:extension:credBlob: true, webauthn:extension:largeBlob: true, webauthn:extension:minPinLength: true, webauthn:extension:prf: true, webauthn:virtualAuthenticators: true}
Session ID: e5e3d20ecd4947491b936a0f47975d85
2024-01-25 22:12:49,316 [main] ERROR XGLT_15177_Test - Element did not become visible within the specified time: Expected condition failed: waiting for helper.WaitUtility$5@330bbae4 (tried for 30 second(s) with 500 milliseconds interval)
Build info: version: '3.141.59', revision: 'e82be7d358', time: '2018-11-14T08:17:03'
System info: host: 'DPLAP166', ip: '137.237.3.67', os.name: 'Windows 10', os.arch: 'amd64', os.version: '10.0', java.version: '19.0.1'
Driver info: org.openqa.selenium.support.events.EventFiringWebDriver
Capabilities {acceptInsecureCerts: true, browserName: chrome, browserVersion: 121.0.6167.86, chrome: {chromedriverVersion: 121.0.6167.85 (3f98d690ad7e..., userDataDir: C:\Users\dP-PL\AppData\Loca...}, fedcm:accounts: true, goog:chromeOptions: {debuggerAddress: localhost:55824}, javascriptEnabled: true, networkConnectionEnabled: false, pageLoadStrategy: normal, platform: WINDOWS, platformName: WINDOWS, proxy: Proxy(), setWindowRect: true, strictFileInteractability: false, timeouts: {implicit: 0, pageLoad: 300000, script: 30000}, unhandledPromptBehavior: dismiss and notify, webauthn:extension:credBlob: true, webauthn:extension:largeBlob: true, webauthn:extension:minPinLength: true, webauthn:extension:prf: true, webauthn:virtualAuthenticators: true}
Session ID: e5e3d20ecd4947491b936a0f47975d85
2024-01-25 22:12:49,316 [main] INFO  base.BaseClass - Trying to find Element By {by.toString()})
2024-01-25 22:12:49,336 [main] INFO  base.BaseClass - Found Element By {by.toString()}
2024-01-25 22:12:49,336 [main] INFO  base.BaseClass - Trying to click on: {element.toString()}
2024-01-25 22:12:49,467 [main] INFO  base.BaseClass - Clicked on: {element.toString()}
2024-01-25 22:12:49,467 [main] INFO  base.BaseClass - Trying to find Element By {by.toString()})
2024-01-25 22:12:50,268 [main] INFO  base.BaseClass - Found Element By {by.toString()}
2024-01-25 22:12:50,343 [main] INFO  base.BaseClass - Trying to find Element By {by.toString()})
2024-01-25 22:12:50,384 [main] INFO  base.BaseClass - Found Element By {by.toString()}
TimeoutException occurred: Expected condition failed: waiting for helper.WaitUtility$5@38326ddc (tried for 30 second(s) with 500 milliseconds interval)
Build info: version: '3.141.59', revision: 'e82be7d358', time: '2018-11-14T08:17:03'
System info: host: 'DPLAP166', ip: '137.237.3.67', os.name: 'Windows 10', os.arch: 'amd64', os.version: '10.0', java.version: '19.0.1'
Driver info: org.openqa.selenium.support.events.EventFiringWebDriver
Capabilities {acceptInsecureCerts: true, browserName: chrome, browserVersion: 121.0.6167.86, chrome: {chromedriverVersion: 121.0.6167.85 (3f98d690ad7e..., userDataDir: C:\Users\dP-PL\AppData\Loca...}, fedcm:accounts: true, goog:chromeOptions: {debuggerAddress: localhost:55824}, javascriptEnabled: true, networkConnectionEnabled: false, pageLoadStrategy: normal, platform: WINDOWS, platformName: WINDOWS, proxy: Proxy(), setWindowRect: true, strictFileInteractability: false, timeouts: {implicit: 0, pageLoad: 300000, script: 30000}, unhandledPromptBehavior: dismiss and notify, webauthn:extension:credBlob: true, webauthn:extension:largeBlob: true, webauthn:extension:minPinLength: true, webauthn:extension:prf: true, webauthn:virtualAuthenticators: true}
Session ID: e5e3d20ecd4947491b936a0f47975d85
2024-01-25 22:13:20,436 [main] ERROR XGLT_15177_Test - Element did not become visible within the specified time: Expected condition failed: waiting for helper.WaitUtility$5@38326ddc (tried for 30 second(s) with 500 milliseconds interval)
Build info: version: '3.141.59', revision: 'e82be7d358', time: '2018-11-14T08:17:03'
System info: host: 'DPLAP166', ip: '137.237.3.67', os.name: 'Windows 10', os.arch: 'amd64', os.version: '10.0', java.version: '19.0.1'
Driver info: org.openqa.selenium.support.events.EventFiringWebDriver
Capabilities {acceptInsecureCerts: true, browserName: chrome, browserVersion: 121.0.6167.86, chrome: {chromedriverVersion: 121.0.6167.85 (3f98d690ad7e..., userDataDir: C:\Users\dP-PL\AppData\Loca...}, fedcm:accounts: true, goog:chromeOptions: {debuggerAddress: localhost:55824}, javascriptEnabled: true, networkConnectionEnabled: false, pageLoadStrategy: normal, platform: WINDOWS, platformName: WINDOWS, proxy: Proxy(), setWindowRect: true, strictFileInteractability: false, timeouts: {implicit: 0, pageLoad: 300000, script: 30000}, unhandledPromptBehavior: dismiss and notify, webauthn:extension:credBlob: true, webauthn:extension:largeBlob: true, webauthn:extension:minPinLength: true, webauthn:extension:prf: true, webauthn:virtualAuthenticators: true}
Session ID: e5e3d20ecd4947491b936a0f47975d85
2024-01-25 22:13:20,436 [main] INFO  base.BaseClass - Trying to click on: {element.toString()}
2024-01-25 22:13:20,542 [main] INFO  base.BaseClass - Clicked on: {element.toString()}
2024-01-25 22:13:20,543 [main] INFO  base.BaseClass - Trying to find Element By {by.toString()})
2024-01-25 22:13:20,558 [main] INFO  base.BaseClass - Found Element By {by.toString()}
2024-01-25 22:13:21,082 [main] INFO  base.BaseClass - Trying to find Element By {by.toString()})
2024-01-25 22:13:21,104 [main] INFO  base.BaseClass - Found Element By {by.toString()}
2024-01-25 22:13:21,628 [main] INFO  base.BaseClass - Trying to find Element By {by.toString()})
2024-01-25 22:13:21,651 [main] INFO  base.BaseClass - Found Element By {by.toString()}
2024-01-25 22:13:22,174 [main] INFO  base.BaseClass - Trying to find Element By {by.toString()})
2024-01-25 22:13:22,197 [main] INFO  base.BaseClass - Found Element By {by.toString()}
2024-01-25 22:13:22,725 [main] INFO  base.BaseClass - Trying to find Element By {by.toString()})
2024-01-25 22:13:22,748 [main] INFO  base.BaseClass - Found Element By {by.toString()}
2024-01-25 22:13:23,277 [main] INFO  base.BaseClass - Trying to find Element By {by.toString()})
2024-01-25 22:13:23,299 [main] INFO  base.BaseClass - Found Element By {by.toString()}
2024-01-25 22:13:23,828 [main] INFO  base.BaseClass - Trying to find Element By {by.toString()})
2024-01-25 22:13:23,851 [main] INFO  base.BaseClass - Found Element By {by.toString()}
2024-01-25 22:13:24,377 [main] INFO  base.BaseClass - Trying to find Element By {by.toString()})
2024-01-25 22:13:24,399 [main] INFO  base.BaseClass - Found Element By {by.toString()}
2024-01-25 22:13:24,928 [main] INFO  base.BaseClass - Trying to find Element By {by.toString()})
2024-01-25 22:13:24,951 [main] INFO  base.BaseClass - Found Element By {by.toString()}
2024-01-25 22:13:25,495 [main] INFO  base.BaseClass - Trying to find Element By {by.toString()})
2024-01-25 22:13:25,518 [main] INFO  base.BaseClass - Found Element By {by.toString()}
2024-01-25 22:13:26,042 [main] INFO  base.BaseClass - Trying to find Element By {by.toString()})
2024-01-25 22:13:26,065 [main] INFO  base.BaseClass - Found Element By {by.toString()}
2024-01-25 22:13:26,590 [main] INFO  base.BaseClass - Trying to find Element By {by.toString()})
2024-01-25 22:13:26,613 [main] INFO  base.BaseClass - Found Element By {by.toString()}
2024-01-25 22:13:27,135 [main] INFO  base.BaseClass - Trying to find Element By {by.toString()})
2024-01-25 22:13:27,157 [main] INFO  base.BaseClass - Found Element By {by.toString()}
2024-01-25 22:13:27,670 [main] INFO  base.BaseClass - Trying to find Element By {by.toString()})
2024-01-25 22:13:27,693 [main] INFO  base.BaseClass - Found Element By {by.toString()}
2024-01-25 22:13:28,221 [main] INFO  base.BaseClass - Trying to find Element By {by.toString()})
2024-01-25 22:13:28,244 [main] INFO  base.BaseClass - Found Element By {by.toString()}
2024-01-25 22:13:28,768 [main] INFO  base.BaseClass - Trying to find Element By {by.toString()})
2024-01-25 22:13:28,789 [main] INFO  base.BaseClass - Found Element By {by.toString()}
2024-01-25 22:13:29,315 [main] INFO  base.BaseClass - Trying to find Element By {by.toString()})
2024-01-25 22:13:29,338 [main] INFO  base.BaseClass - Found Element By {by.toString()}
2024-01-25 22:13:29,866 [main] INFO  base.BaseClass - Trying to find Element By {by.toString()})
2024-01-25 22:13:29,888 [main] INFO  base.BaseClass - Found Element By {by.toString()}
2024-01-25 22:13:30,419 [main] INFO  base.BaseClass - Trying to find Element By {by.toString()})
2024-01-25 22:13:30,442 [main] INFO  base.BaseClass - Found Element By {by.toString()}
2024-01-25 22:13:30,971 [main] INFO  base.BaseClass - Trying to find Element By {by.toString()})
2024-01-25 22:13:30,995 [main] INFO  base.BaseClass - Found Element By {by.toString()}
2024-01-25 22:13:31,519 [main] INFO  base.BaseClass - Trying to find Element By {by.toString()})
2024-01-25 22:13:31,543 [main] INFO  base.BaseClass - Found Element By {by.toString()}
2024-01-25 22:13:32,070 [main] INFO  base.BaseClass - Trying to find Element By {by.toString()})
2024-01-25 22:13:32,092 [main] INFO  base.BaseClass - Found Element By {by.toString()}
2024-01-25 22:13:32,615 [main] INFO  base.BaseClass - Trying to find Element By {by.toString()})
2024-01-25 22:13:32,638 [main] INFO  base.BaseClass - Found Element By {by.toString()}
2024-01-25 22:13:33,166 [main] INFO  base.BaseClass - Trying to find Element By {by.toString()})
2024-01-25 22:13:33,188 [main] INFO  base.BaseClass - Found Element By {by.toString()}
2024-01-25 22:13:33,715 [main] INFO  base.BaseClass - Trying to find Element By {by.toString()})
2024-01-25 22:13:33,738 [main] INFO  base.BaseClass - Found Element By {by.toString()}
2024-01-25 22:13:34,267 [main] INFO  base.BaseClass - Trying to find Element By {by.toString()})
2024-01-25 22:13:34,290 [main] INFO  base.BaseClass - Found Element By {by.toString()}
2024-01-25 22:13:34,817 [main] INFO  base.BaseClass - Trying to find Element By {by.toString()})
2024-01-25 22:13:34,839 [main] INFO  base.BaseClass - Found Element By {by.toString()}
2024-01-25 22:13:35,369 [main] INFO  base.BaseClass - Trying to find Element By {by.toString()})
2024-01-25 22:13:35,391 [main] INFO  base.BaseClass - Found Element By {by.toString()}
2024-01-25 22:13:35,918 [main] INFO  base.BaseClass - Trying to find Element By {by.toString()})
2024-01-25 22:13:35,940 [main] INFO  base.BaseClass - Found Element By {by.toString()}
2024-01-25 22:13:36,469 [main] INFO  base.BaseClass - Trying to find Element By {by.toString()})
2024-01-25 22:13:36,492 [main] INFO  base.BaseClass - Found Element By {by.toString()}
2024-01-25 22:13:37,017 [main] INFO  base.BaseClass - Trying to find Element By {by.toString()})
2024-01-25 22:13:37,039 [main] INFO  base.BaseClass - Found Element By {by.toString()}
2024-01-25 22:13:37,567 [main] INFO  base.BaseClass - Trying to find Element By {by.toString()})
2024-01-25 22:13:37,590 [main] INFO  base.BaseClass - Found Element By {by.toString()}
2024-01-25 22:13:38,117 [main] INFO  base.BaseClass - Trying to find Element By {by.toString()})
2024-01-25 22:13:38,139 [main] INFO  base.BaseClass - Found Element By {by.toString()}
2024-01-25 22:13:38,664 [main] INFO  base.BaseClass - Trying to find Element By {by.toString()})
2024-01-25 22:13:39,041 [main] INFO  base.BaseClass - Found Element By {by.toString()}
2024-01-25 22:13:39,573 [main] INFO  base.BaseClass - Trying to find Element By {by.toString()})
2024-01-25 22:13:39,598 [main] INFO  base.BaseClass - Found Element By {by.toString()}
2024-01-25 22:13:40,122 [main] INFO  base.BaseClass - Trying to find Element By {by.toString()})
2024-01-25 22:13:40,145 [main] INFO  base.BaseClass - Found Element By {by.toString()}
2024-01-25 22:13:40,672 [main] INFO  base.BaseClass - Trying to find Element By {by.toString()})
2024-01-25 22:13:40,696 [main] INFO  base.BaseClass - Found Element By {by.toString()}
2024-01-25 22:13:41,222 [main] INFO  base.BaseClass - Trying to find Element By {by.toString()})
2024-01-25 22:13:41,244 [main] INFO  base.BaseClass - Found Element By {by.toString()}
2024-01-25 22:13:41,757 [main] INFO  base.BaseClass - Trying to find Element By {by.toString()})
2024-01-25 22:13:41,781 [main] INFO  base.BaseClass - Found Element By {by.toString()}
2024-01-25 22:13:42,317 [main] INFO  base.BaseClass - Trying to find Element By {by.toString()})
2024-01-25 22:13:42,340 [main] INFO  base.BaseClass - Found Element By {by.toString()}
2024-01-25 22:13:42,868 [main] INFO  base.BaseClass - Trying to find Element By {by.toString()})
2024-01-25 22:13:42,890 [main] INFO  base.BaseClass - Found Element By {by.toString()}
2024-01-25 22:13:43,419 [main] INFO  base.BaseClass - Trying to find Element By {by.toString()})
2024-01-25 22:13:43,441 [main] INFO  base.BaseClass - Found Element By {by.toString()}
2024-01-25 22:13:43,967 [main] INFO  base.BaseClass - Trying to find Element By {by.toString()})
2024-01-25 22:13:43,989 [main] INFO  base.BaseClass - Found Element By {by.toString()}
2024-01-25 22:13:44,519 [main] INFO  base.BaseClass - Trying to find Element By {by.toString()})
2024-01-25 22:13:44,541 [main] INFO  base.BaseClass - Found Element By {by.toString()}
2024-01-25 22:13:45,063 [main] INFO  base.BaseClass - Trying to find Element By {by.toString()})
2024-01-25 22:13:45,085 [main] INFO  base.BaseClass - Found Element By {by.toString()}
2024-01-25 22:13:45,611 [main] INFO  base.BaseClass - Trying to find Element By {by.toString()})
2024-01-25 22:13:45,634 [main] INFO  base.BaseClass - Found Element By {by.toString()}
2024-01-25 22:13:46,159 [main] INFO  base.BaseClass - Trying to find Element By {by.toString()})
2024-01-25 22:13:46,180 [main] INFO  base.BaseClass - Found Element By {by.toString()}
2024-01-25 22:13:46,710 [main] INFO  base.BaseClass - Trying to find Element By {by.toString()})
2024-01-25 22:13:46,735 [main] INFO  base.BaseClass - Found Element By {by.toString()}
2024-01-25 22:13:47,261 [main] INFO  base.BaseClass - Trying to find Element By {by.toString()})
2024-01-25 22:13:47,284 [main] INFO  base.BaseClass - Found Element By {by.toString()}
2024-01-25 22:13:47,807 [main] INFO  base.BaseClass - Trying to find Element By {by.toString()})
2024-01-25 22:13:47,832 [main] INFO  base.BaseClass - Found Element By {by.toString()}
2024-01-25 22:13:48,356 [main] INFO  base.BaseClass - Trying to find Element By {by.toString()})
2024-01-25 22:13:48,379 [main] INFO  base.BaseClass - Found Element By {by.toString()}
2024-01-25 22:13:48,901 [main] INFO  base.BaseClass - Trying to find Element By {by.toString()})
2024-01-25 22:13:48,924 [main] INFO  base.BaseClass - Found Element By {by.toString()}
2024-01-25 22:13:49,449 [main] INFO  base.BaseClass - Trying to find Element By {by.toString()})
2024-01-25 22:13:49,471 [main] INFO  base.BaseClass - Found Element By {by.toString()}
2024-01-25 22:13:49,998 [main] INFO  base.BaseClass - Trying to find Element By {by.toString()})
2024-01-25 22:13:50,021 [main] INFO  base.BaseClass - Found Element By {by.toString()}
2024-01-25 22:13:50,546 [main] INFO  base.BaseClass - Trying to find Element By {by.toString()})
2024-01-25 22:13:50,698 [main] INFO  base.BaseClass - Found Element By {by.toString()}
2024-01-25 22:13:51,218 [main] INFO  base.BaseClass - Trying to find Element By {by.toString()})
2024-01-25 22:13:51,236 [main] INFO  base.BaseClass - Found Element By {by.toString()}
2024-01-25 22:13:51,756 [main] INFO  base.BaseClass - Trying to find Element By {by.toString()})
2024-01-25 22:13:51,772 [main] INFO  base.BaseClass - Found Element By {by.toString()}
2024-01-25 22:13:52,296 [main] INFO  base.BaseClass - Trying to find Element By {by.toString()})
2024-01-25 22:13:52,315 [main] INFO  base.BaseClass - Found Element By {by.toString()}
2024-01-25 22:13:52,834 [main] INFO  base.BaseClass - Trying to find Element By {by.toString()})
2024-01-25 22:13:52,850 [main] INFO  base.BaseClass - Found Element By {by.toString()}
2024-01-25 22:13:53,368 [main] INFO  base.BaseClass - Trying to find Element By {by.toString()})
2024-01-25 22:13:53,384 [main] INFO  base.BaseClass - Found Element By {by.toString()}
2024-01-25 22:13:53,903 [main] INFO  base.BaseClass - Trying to find Element By {by.toString()})
2024-01-25 22:13:53,923 [main] INFO  base.BaseClass - Found Element By {by.toString()}
2024-01-25 22:13:54,453 [main] INFO  base.BaseClass - Trying to find Element By {by.toString()})
2024-01-25 22:13:54,476 [main] INFO  base.BaseClass - Found Element By {by.toString()}
2024-01-25 22:13:55,004 [main] INFO  base.BaseClass - Trying to find Element By {by.toString()})
2024-01-25 22:13:55,026 [main] INFO  base.BaseClass - Found Element By {by.toString()}
2024-01-25 22:13:55,553 [main] INFO  base.BaseClass - Trying to find Element By {by.toString()})
2024-01-25 22:13:55,577 [main] INFO  base.BaseClass - Found Element By {by.toString()}
2024-01-25 22:13:56,106 [main] INFO  base.BaseClass - Trying to find Element By {by.toString()})
2024-01-25 22:13:56,127 [main] INFO  base.BaseClass - Found Element By {by.toString()}
2024-01-25 22:13:56,655 [main] INFO  base.BaseClass - Trying to find Element By {by.toString()})
2024-01-25 22:13:56,677 [main] INFO  base.BaseClass - Found Element By {by.toString()}
2024-01-25 22:13:57,204 [main] INFO  base.BaseClass - Trying to find Element By {by.toString()})
2024-01-25 22:13:57,227 [main] INFO  base.BaseClass - Found Element By {by.toString()}
2024-01-25 22:13:57,756 [main] INFO  base.BaseClass - Trying to find Element By {by.toString()})
2024-01-25 22:13:57,777 [main] INFO  base.BaseClass - Found Element By {by.toString()}
2024-01-25 22:13:58,306 [main] INFO  base.BaseClass - Trying to find Element By {by.toString()})
2024-01-25 22:13:58,328 [main] INFO  base.BaseClass - Found Element By {by.toString()}
2024-01-25 22:13:58,853 [main] INFO  base.BaseClass - Trying to find Element By {by.toString()})
2024-01-25 22:13:58,872 [main] INFO  base.BaseClass - Found Element By {by.toString()}
2024-01-25 22:13:59,390 [main] INFO  base.BaseClass - Trying to find Element By {by.toString()})
2024-01-25 22:13:59,414 [main] INFO  base.BaseClass - Found Element By {by.toString()}
2024-01-25 22:13:59,941 [main] INFO  base.BaseClass - Trying to find Element By {by.toString()})
2024-01-25 22:13:59,963 [main] INFO  base.BaseClass - Found Element By {by.toString()}
2024-01-25 22:14:00,489 [main] INFO  base.BaseClass - Trying to find Element By {by.toString()})
2024-01-25 22:14:00,512 [main] INFO  base.BaseClass - Found Element By {by.toString()}
2024-01-25 22:14:01,039 [main] INFO  base.BaseClass - Trying to find Element By {by.toString()})
2024-01-25 22:14:01,061 [main] INFO  base.BaseClass - Found Element By {by.toString()}
2024-01-25 22:14:01,585 [main] INFO  base.BaseClass - Trying to find Element By {by.toString()})
2024-01-25 22:14:01,609 [main] INFO  base.BaseClass - Found Element By {by.toString()}
2024-01-25 22:14:02,131 [main] INFO  base.BaseClass - Trying to find Element By {by.toString()})
2024-01-25 22:14:02,156 [main] INFO  base.BaseClass - Found Element By {by.toString()}
2024-01-25 22:14:02,682 [main] INFO  base.BaseClass - Trying to find Element By {by.toString()})
2024-01-25 22:14:02,706 [main] INFO  base.BaseClass - Found Element By {by.toString()}
2024-01-25 22:14:03,230 [main] INFO  base.BaseClass - Trying to find Element By {by.toString()})
2024-01-25 22:14:03,254 [main] INFO  base.BaseClass - Found Element By {by.toString()}
2024-01-25 22:14:03,779 [main] INFO  base.BaseClass - Trying to find Element By {by.toString()})
2024-01-25 22:14:03,804 [main] INFO  base.BaseClass - Found Element By {by.toString()}
2024-01-25 22:14:04,331 [main] INFO  base.BaseClass - Trying to find Element By {by.toString()})
2024-01-25 22:14:04,355 [main] INFO  base.BaseClass - Found Element By {by.toString()}
2024-01-25 22:14:04,881 [main] INFO  base.BaseClass - Trying to find Element By {by.toString()})
2024-01-25 22:14:04,905 [main] INFO  base.BaseClass - Found Element By {by.toString()}
2024-01-25 22:14:05,432 [main] INFO  base.BaseClass - Trying to find Element By {by.toString()})
2024-01-25 22:14:05,454 [main] INFO  base.BaseClass - Found Element By {by.toString()}
2024-01-25 22:14:05,983 [main] INFO  base.BaseClass - Trying to find Element By {by.toString()})
2024-01-25 22:14:06,004 [main] INFO  base.BaseClass - Found Element By {by.toString()}
2024-01-25 22:14:06,533 [main] INFO  base.BaseClass - Trying to find Element By {by.toString()})
2024-01-25 22:14:06,555 [main] INFO  base.BaseClass - Found Element By {by.toString()}
2024-01-25 22:14:07,084 [main] INFO  base.BaseClass - Trying to find Element By {by.toString()})
2024-01-25 22:14:07,105 [main] INFO  base.BaseClass - Found Element By {by.toString()}
2024-01-25 22:14:07,631 [main] INFO  base.BaseClass - Trying to find Element By {by.toString()})
2024-01-25 22:14:07,653 [main] INFO  base.BaseClass - Found Element By {by.toString()}
2024-01-25 22:14:08,184 [main] INFO  base.BaseClass - Trying to find Element By {by.toString()})
2024-01-25 22:14:08,208 [main] INFO  base.BaseClass - Found Element By {by.toString()}
2024-01-25 22:14:08,730 [main] INFO  base.BaseClass - Trying to find Element By {by.toString()})
2024-01-25 22:14:08,753 [main] INFO  base.BaseClass - Found Element By {by.toString()}
2024-01-25 22:14:09,278 [main] INFO  base.BaseClass - Trying to find Element By {by.toString()})
2024-01-25 22:14:09,299 [main] INFO  base.BaseClass - Found Element By {by.toString()}
2024-01-25 22:14:09,829 [main] INFO  base.BaseClass - Trying to find Element By {by.toString()})
2024-01-25 22:14:09,851 [main] INFO  base.BaseClass - Found Element By {by.toString()}
2024-01-25 22:14:10,378 [main] INFO  base.BaseClass - Trying to find Element By {by.toString()})
2024-01-25 22:14:10,400 [main] INFO  base.BaseClass - Found Element By {by.toString()}
2024-01-25 22:14:10,928 [main] INFO  base.BaseClass - Trying to find Element By {by.toString()})
2024-01-25 22:14:10,954 [main] INFO  base.BaseClass - Found Element By {by.toString()}
2024-01-25 22:14:11,476 [main] INFO  base.BaseClass - Trying to find Element By {by.toString()})
2024-01-25 22:14:11,500 [main] INFO  base.BaseClass - Found Element By {by.toString()}
2024-01-25 22:14:12,027 [main] INFO  base.BaseClass - Trying to find Element By {by.toString()})
2024-01-25 22:14:12,049 [main] INFO  base.BaseClass - Found Element By {by.toString()}
2024-01-25 22:14:12,577 [main] INFO  base.BaseClass - Trying to find Element By {by.toString()})
2024-01-25 22:14:12,601 [main] INFO  base.BaseClass - Found Element By {by.toString()}
2024-01-25 22:14:13,125 [main] INFO  base.BaseClass - Trying to find Element By {by.toString()})
2024-01-25 22:14:13,147 [main] INFO  base.BaseClass - Found Element By {by.toString()}
2024-01-25 22:14:13,675 [main] INFO  base.BaseClass - Trying to find Element By {by.toString()})
2024-01-25 22:14:13,696 [main] INFO  base.BaseClass - Found Element By {by.toString()}
2024-01-25 22:14:14,208 [main] INFO  base.BaseClass - Trying to find Element By {by.toString()})
2024-01-25 22:14:14,231 [main] INFO  base.BaseClass - Found Element By {by.toString()}
2024-01-25 22:14:14,759 [main] INFO  base.BaseClass - Trying to find Element By {by.toString()})
2024-01-25 22:14:14,781 [main] INFO  base.BaseClass - Found Element By {by.toString()}
2024-01-25 22:14:15,308 [main] INFO  base.BaseClass - Trying to find Element By {by.toString()})
2024-01-25 22:14:15,330 [main] INFO  base.BaseClass - Found Element By {by.toString()}
2024-01-25 22:14:15,860 [main] INFO  base.BaseClass - Trying to find Element By {by.toString()})
2024-01-25 22:14:15,884 [main] INFO  base.BaseClass - Found Element By {by.toString()}
2024-01-25 22:14:16,406 [main] INFO  base.BaseClass - Trying to find Element By {by.toString()})
2024-01-25 22:14:16,428 [main] INFO  base.BaseClass - Found Element By {by.toString()}
2024-01-25 22:14:16,955 [main] INFO  base.BaseClass - Trying to find Element By {by.toString()})
2024-01-25 22:14:16,972 [main] INFO  base.BaseClass - Found Element By {by.toString()}
2024-01-25 22:14:17,500 [main] INFO  base.BaseClass - Trying to find Element By {by.toString()})
2024-01-25 22:14:17,521 [main] INFO  base.BaseClass - Found Element By {by.toString()}
2024-01-25 22:14:18,047 [main] INFO  base.BaseClass - Trying to find Element By {by.toString()})
2024-01-25 22:14:18,069 [main] INFO  base.BaseClass - Found Element By {by.toString()}
2024-01-25 22:14:18,595 [main] INFO  base.BaseClass - Trying to find Element By {by.toString()})
2024-01-25 22:14:18,618 [main] INFO  base.BaseClass - Found Element By {by.toString()}
2024-01-25 22:14:19,142 [main] INFO  base.BaseClass - Trying to find Element By {by.toString()})
2024-01-25 22:14:19,165 [main] INFO  base.BaseClass - Found Element By {by.toString()}
2024-01-25 22:14:19,692 [main] INFO  base.BaseClass - Trying to find Element By {by.toString()})
2024-01-25 22:14:19,716 [main] INFO  base.BaseClass - Found Element By {by.toString()}
2024-01-25 22:14:20,240 [main] INFO  base.BaseClass - Trying to find Element By {by.toString()})
2024-01-25 22:14:20,263 [main] INFO  base.BaseClass - Found Element By {by.toString()}
2024-01-25 22:14:20,789 [main] INFO  base.BaseClass - Trying to find Element By {by.toString()})
2024-01-25 22:14:20,813 [main] INFO  base.BaseClass - Found Element By {by.toString()}
TimeoutException occurred: Expected condition failed: waiting for helper.WaitUtility$3@5d65e9d3 (tried for 60 second(s) with 500 milliseconds interval)
Build info: version: '3.141.59', revision: 'e82be7d358', time: '2018-11-14T08:17:03'
System info: host: 'DPLAP166', ip: '137.237.3.67', os.name: 'Windows 10', os.arch: 'amd64', os.version: '10.0', java.version: '19.0.1'
Driver info: org.openqa.selenium.support.events.EventFiringWebDriver
Capabilities {acceptInsecureCerts: true, browserName: chrome, browserVersion: 121.0.6167.86, chrome: {chromedriverVersion: 121.0.6167.85 (3f98d690ad7e..., userDataDir: C:\Users\dP-PL\AppData\Loca...}, fedcm:accounts: true, goog:chromeOptions: {debuggerAddress: localhost:55824}, javascriptEnabled: true, networkConnectionEnabled: false, pageLoadStrategy: normal, platform: WINDOWS, platformName: WINDOWS, proxy: Proxy(), setWindowRect: true, strictFileInteractability: false, timeouts: {implicit: 0, pageLoad: 300000, script: 30000}, unhandledPromptBehavior: dismiss and notify, webauthn:extension:credBlob: true, webauthn:extension:largeBlob: true, webauthn:extension:minPinLength: true, webauthn:extension:prf: true, webauthn:virtualAuthenticators: true}
Session ID: e5e3d20ecd4947491b936a0f47975d85
2024-01-25 22:14:20,839 [main] ERROR XGLT_15177_Test - Element did not become visible within the specified time: Expected condition failed: waiting for helper.WaitUtility$3@5d65e9d3 (tried for 60 second(s) with 500 milliseconds interval)
Build info: version: '3.141.59', revision: 'e82be7d358', time: '2018-11-14T08:17:03'
System info: host: 'DPLAP166', ip: '137.237.3.67', os.name: 'Windows 10', os.arch: 'amd64', os.version: '10.0', java.version: '19.0.1'
Driver info: org.openqa.selenium.support.events.EventFiringWebDriver
Capabilities {acceptInsecureCerts: true, browserName: chrome, browserVersion: 121.0.6167.86, chrome: {chromedriverVersion: 121.0.6167.85 (3f98d690ad7e..., userDataDir: C:\Users\dP-PL\AppData\Loca...}, fedcm:accounts: true, goog:chromeOptions: {debuggerAddress: localhost:55824}, javascriptEnabled: true, networkConnectionEnabled: false, pageLoadStrategy: normal, platform: WINDOWS, platformName: WINDOWS, proxy: Proxy(), setWindowRect: true, strictFileInteractability: false, timeouts: {implicit: 0, pageLoad: 300000, script: 30000}, unhandledPromptBehavior: dismiss and notify, webauthn:extension:credBlob: true, webauthn:extension:largeBlob: true, webauthn:extension:minPinLength: true, webauthn:extension:prf: true, webauthn:virtualAuthenticators: true}
Session ID: e5e3d20ecd4947491b936a0f47975d85
2024-01-25 22:14:20,839 [main] INFO  base.BaseClass - Trying to find Element By {by.toString()})
2024-01-25 22:14:20,853 [main] INFO  base.BaseClass - Found Element By {by.toString()}
2024-01-25 22:14:20,863 [main] INFO  base.BaseClass - Trying to find Element By {by.toString()})
2024-01-25 22:14:20,878 [main] INFO  base.BaseClass - Found Element By {by.toString()}
Mc count 176
2024-01-25 22:14:21,180 [main] INFO  base.BaseClass - Trying to find Element By {by.toString()})
TimeoutException occurred: Expected condition failed: waiting for helper.WaitUtility$4@67ab0e41 (tried for 50 second(s) with 500 milliseconds interval)
2024-01-25 22:15:11,212 [main] ERROR XGLT_15177_Test - Element did not become visible within the specified time: Expected condition failed: waiting for helper.WaitUtility$4@67ab0e41 (tried for 50 second(s) with 500 milliseconds interval)
2024-01-25 22:15:11,213 [main] INFO  base.BaseClass - Trying to find Element By {by.toString()})
2024-01-25 22:15:11,231 [main] INFO  base.BaseClass - Found Element By {by.toString()}
2024-01-25 22:15:11,773 [main] INFO  base.BaseClass - Trying to find Element By {by.toString()})
2024-01-25 22:15:11,795 [main] INFO  base.BaseClass - Found Element By {by.toString()}
2024-01-25 22:15:12,337 [main] INFO  base.BaseClass - Trying to find Element By {by.toString()})
2024-01-25 22:15:12,362 [main] INFO  base.BaseClass - Found Element By {by.toString()}
2024-01-25 22:15:12,906 [main] INFO  base.BaseClass - Trying to find Element By {by.toString()})
2024-01-25 22:15:12,929 [main] INFO  base.BaseClass - Found Element By {by.toString()}
2024-01-25 22:15:13,473 [main] INFO  base.BaseClass - Trying to find Element By {by.toString()})
2024-01-25 22:15:13,498 [main] INFO  base.BaseClass - Found Element By {by.toString()}
2024-01-25 22:15:14,039 [main] INFO  base.BaseClass - Trying to find Element By {by.toString()})
2024-01-25 22:15:14,061 [main] INFO  base.BaseClass - Found Element By {by.toString()}
2024-01-25 22:15:14,592 [main] INFO  base.BaseClass - Trying to find Element By {by.toString()})
2024-01-25 22:15:14,615 [main] INFO  base.BaseClass - Found Element By {by.toString()}
2024-01-25 22:15:15,157 [main] INFO  base.BaseClass - Trying to find Element By {by.toString()})
2024-01-25 22:15:15,181 [main] INFO  base.BaseClass - Found Element By {by.toString()}
2024-01-25 22:15:15,723 [main] INFO  base.BaseClass - Trying to find Element By {by.toString()})
2024-01-25 22:15:15,746 [main] INFO  base.BaseClass - Found Element By {by.toString()}
2024-01-25 22:15:16,288 [main] INFO  base.BaseClass - Trying to find Element By {by.toString()})
2024-01-25 22:15:16,311 [main] INFO  base.BaseClass - Found Element By {by.toString()}
2024-01-25 22:15:16,856 [main] INFO  base.BaseClass - Trying to find Element By {by.toString()})
2024-01-25 22:15:16,877 [main] INFO  base.BaseClass - Found Element By {by.toString()}
2024-01-25 22:15:17,420 [main] INFO  base.BaseClass - Trying to find Element By {by.toString()})
2024-01-25 22:15:17,442 [main] INFO  base.BaseClass - Found Element By {by.toString()}
2024-01-25 22:15:17,983 [main] INFO  base.BaseClass - Trying to find Element By {by.toString()})
2024-01-25 22:15:18,005 [main] INFO  base.BaseClass - Found Element By {by.toString()}
2024-01-25 22:15:18,550 [main] INFO  base.BaseClass - Trying to find Element By {by.toString()})
2024-01-25 22:15:18,574 [main] INFO  base.BaseClass - Found Element By {by.toString()}
2024-01-25 22:15:19,114 [main] INFO  base.BaseClass - Trying to find Element By {by.toString()})
2024-01-25 22:15:19,137 [main] INFO  base.BaseClass - Found Element By {by.toString()}
2024-01-25 22:15:19,680 [main] INFO  base.BaseClass - Trying to find Element By {by.toString()})
2024-01-25 22:15:19,716 [main] INFO  base.BaseClass - Found Element By {by.toString()}
2024-01-25 22:15:20,244 [main] INFO  base.BaseClass - Trying to find Element By {by.toString()})
2024-01-25 22:15:20,267 [main] INFO  base.BaseClass - Found Element By {by.toString()}
2024-01-25 22:15:20,808 [main] INFO  base.BaseClass - Trying to find Element By {by.toString()})
2024-01-25 22:15:20,831 [main] INFO  base.BaseClass - Found Element By {by.toString()}
2024-01-25 22:15:21,358 [main] INFO  base.BaseClass - Trying to find Element By {by.toString()})
2024-01-25 22:15:21,379 [main] INFO  base.BaseClass - Found Element By {by.toString()}
2024-01-25 22:15:21,924 [main] INFO  base.BaseClass - Trying to find Element By {by.toString()})
2024-01-25 22:15:21,946 [main] INFO  base.BaseClass - Found Element By {by.toString()}
2024-01-25 22:15:22,489 [main] INFO  base.BaseClass - Trying to find Element By {by.toString()})
2024-01-25 22:15:22,511 [main] INFO  base.BaseClass - Found Element By {by.toString()}
2024-01-25 22:15:23,051 [main] INFO  base.BaseClass - Trying to find Element By {by.toString()})
2024-01-25 22:15:23,074 [main] INFO  base.BaseClass - Found Element By {by.toString()}
2024-01-25 22:15:23,600 [main] INFO  base.BaseClass - Trying to find Element By {by.toString()})
2024-01-25 22:15:23,623 [main] INFO  base.BaseClass - Found Element By {by.toString()}
2024-01-25 22:15:24,165 [main] INFO  base.BaseClass - Trying to find Element By {by.toString()})
2024-01-25 22:15:24,188 [main] INFO  base.BaseClass - Found Element By {by.toString()}
2024-01-25 22:15:24,729 [main] INFO  base.BaseClass - Trying to find Element By {by.toString()})
2024-01-25 22:15:24,750 [main] INFO  base.BaseClass - Found Element By {by.toString()}
2024-01-25 22:15:25,294 [main] INFO  base.BaseClass - Trying to find Element By {by.toString()})
2024-01-25 22:15:25,316 [main] INFO  base.BaseClass - Found Element By {by.toString()}
2024-01-25 22:15:25,856 [main] INFO  base.BaseClass - Trying to find Element By {by.toString()})
2024-01-25 22:15:25,879 [main] INFO  base.BaseClass - Found Element By {by.toString()}
2024-01-25 22:15:26,417 [main] INFO  base.BaseClass - Trying to find Element By {by.toString()})
2024-01-25 22:15:26,437 [main] INFO  base.BaseClass - Found Element By {by.toString()}
2024-01-25 22:15:26,982 [main] INFO  base.BaseClass - Trying to find Element By {by.toString()})
2024-01-25 22:15:27,005 [main] INFO  base.BaseClass - Found Element By {by.toString()}
2024-01-25 22:15:27,548 [main] INFO  base.BaseClass - Trying to find Element By {by.toString()})
2024-01-25 22:15:27,571 [main] INFO  base.BaseClass - Found Element By {by.toString()}
2024-01-25 22:15:28,100 [main] INFO  base.BaseClass - Trying to find Element By {by.toString()})
2024-01-25 22:15:28,122 [main] INFO  base.BaseClass - Found Element By {by.toString()}
2024-01-25 22:15:28,666 [main] INFO  base.BaseClass - Trying to find Element By {by.toString()})
2024-01-25 22:15:28,689 [main] INFO  base.BaseClass - Found Element By {by.toString()}
2024-01-25 22:15:29,229 [main] INFO  base.BaseClass - Trying to find Element By {by.toString()})
2024-01-25 22:15:29,250 [main] INFO  base.BaseClass - Found Element By {by.toString()}
2024-01-25 22:15:29,793 [main] INFO  base.BaseClass - Trying to find Element By {by.toString()})
2024-01-25 22:15:29,815 [main] INFO  base.BaseClass - Found Element By {by.toString()}
2024-01-25 22:15:30,362 [main] INFO  base.BaseClass - Trying to find Element By {by.toString()})
2024-01-25 22:15:30,384 [main] INFO  base.BaseClass - Found Element By {by.toString()}
2024-01-25 22:15:30,912 [main] INFO  base.BaseClass - Trying to find Element By {by.toString()})
2024-01-25 22:15:30,923 [main] INFO  base.BaseClass - Found Element By {by.toString()}
2024-01-25 22:15:31,448 [main] INFO  base.BaseClass - Trying to find Element By {by.toString()})
2024-01-25 22:15:31,469 [main] INFO  base.BaseClass - Found Element By {by.toString()}
2024-01-25 22:15:32,011 [main] INFO  base.BaseClass - Trying to find Element By {by.toString()})
2024-01-25 22:15:32,033 [main] INFO  base.BaseClass - Found Element By {by.toString()}
2024-01-25 22:15:32,576 [main] INFO  base.BaseClass - Trying to find Element By {by.toString()})
2024-01-25 22:15:32,598 [main] INFO  base.BaseClass - Found Element By {by.toString()}
2024-01-25 22:15:33,146 [main] INFO  base.BaseClass - Trying to find Element By {by.toString()})
2024-01-25 22:15:33,166 [main] INFO  base.BaseClass - Found Element By {by.toString()}
2024-01-25 22:15:33,709 [main] INFO  base.BaseClass - Trying to find Element By {by.toString()})
2024-01-25 22:15:33,732 [main] INFO  base.BaseClass - Found Element By {by.toString()}
2024-01-25 22:15:34,274 [main] INFO  base.BaseClass - Trying to find Element By {by.toString()})
2024-01-25 22:15:34,296 [main] INFO  base.BaseClass - Found Element By {by.toString()}
2024-01-25 22:15:34,841 [main] INFO  base.BaseClass - Trying to find Element By {by.toString()})
2024-01-25 22:15:34,863 [main] INFO  base.BaseClass - Found Element By {by.toString()}
2024-01-25 22:15:35,389 [main] INFO  base.BaseClass - Trying to find Element By {by.toString()})
2024-01-25 22:15:35,415 [main] INFO  base.BaseClass - Found Element By {by.toString()}
2024-01-25 22:15:35,954 [main] INFO  base.BaseClass - Trying to find Element By {by.toString()})
2024-01-25 22:15:35,977 [main] INFO  base.BaseClass - Found Element By {by.toString()}
2024-01-25 22:15:36,517 [main] INFO  base.BaseClass - Trying to find Element By {by.toString()})
2024-01-25 22:15:36,540 [main] INFO  base.BaseClass - Found Element By {by.toString()}
2024-01-25 22:15:37,085 [main] INFO  base.BaseClass - Trying to find Element By {by.toString()})
2024-01-25 22:15:37,108 [main] INFO  base.BaseClass - Found Element By {by.toString()}
2024-01-25 22:15:37,653 [main] INFO  base.BaseClass - Trying to find Element By {by.toString()})
2024-01-25 22:15:37,676 [main] INFO  base.BaseClass - Found Element By {by.toString()}
2024-01-25 22:15:38,217 [main] INFO  base.BaseClass - Trying to find Element By {by.toString()})
2024-01-25 22:15:38,243 [main] INFO  base.BaseClass - Found Element By {by.toString()}
2024-01-25 22:15:38,783 [main] INFO  base.BaseClass - Trying to find Element By {by.toString()})
2024-01-25 22:15:38,806 [main] INFO  base.BaseClass - Found Element By {by.toString()}
2024-01-25 22:15:39,334 [main] INFO  base.BaseClass - Trying to find Element By {by.toString()})
2024-01-25 22:15:39,356 [main] INFO  base.BaseClass - Found Element By {by.toString()}
2024-01-25 22:15:39,901 [main] INFO  base.BaseClass - Trying to find Element By {by.toString()})
2024-01-25 22:15:39,924 [main] INFO  base.BaseClass - Found Element By {by.toString()}
2024-01-25 22:15:40,464 [main] INFO  base.BaseClass - Trying to find Element By {by.toString()})
2024-01-25 22:15:40,486 [main] INFO  base.BaseClass - Found Element By {by.toString()}
2024-01-25 22:15:41,027 [main] INFO  base.BaseClass - Trying to find Element By {by.toString()})
2024-01-25 22:15:41,051 [main] INFO  base.BaseClass - Found Element By {by.toString()}
2024-01-25 22:15:41,591 [main] INFO  base.BaseClass - Trying to find Element By {by.toString()})
2024-01-25 22:15:41,616 [main] INFO  base.BaseClass - Found Element By {by.toString()}
TimeoutException occurred: Expected condition failed: waiting for helper.WaitUtility$5@156d1aec (tried for 30 second(s) with 500 milliseconds interval)
Build info: version: '3.141.59', revision: 'e82be7d358', time: '2018-11-14T08:17:03'
System info: host: 'DPLAP166', ip: '137.237.3.67', os.name: 'Windows 10', os.arch: 'amd64', os.version: '10.0', java.version: '19.0.1'
Driver info: org.openqa.selenium.support.events.EventFiringWebDriver
Capabilities {acceptInsecureCerts: true, browserName: chrome, browserVersion: 121.0.6167.86, chrome: {chromedriverVersion: 121.0.6167.85 (3f98d690ad7e..., userDataDir: C:\Users\dP-PL\AppData\Loca...}, fedcm:accounts: true, goog:chromeOptions: {debuggerAddress: localhost:55824}, javascriptEnabled: true, networkConnectionEnabled: false, pageLoadStrategy: normal, platform: WINDOWS, platformName: WINDOWS, proxy: Proxy(), setWindowRect: true, strictFileInteractability: false, timeouts: {implicit: 0, pageLoad: 300000, script: 30000}, unhandledPromptBehavior: dismiss and notify, webauthn:extension:credBlob: true, webauthn:extension:largeBlob: true, webauthn:extension:minPinLength: true, webauthn:extension:prf: true, webauthn:virtualAuthenticators: true}
Session ID: e5e3d20ecd4947491b936a0f47975d85
2024-01-25 22:15:41,652 [main] ERROR XGLT_15177_Test - Element did not become visible within the specified time: Expected condition failed: waiting for helper.WaitUtility$5@156d1aec (tried for 30 second(s) with 500 milliseconds interval)
Build info: version: '3.141.59', revision: 'e82be7d358', time: '2018-11-14T08:17:03'
System info: host: 'DPLAP166', ip: '137.237.3.67', os.name: 'Windows 10', os.arch: 'amd64', os.version: '10.0', java.version: '19.0.1'
Driver info: org.openqa.selenium.support.events.EventFiringWebDriver
Capabilities {acceptInsecureCerts: true, browserName: chrome, browserVersion: 121.0.6167.86, chrome: {chromedriverVersion: 121.0.6167.85 (3f98d690ad7e..., userDataDir: C:\Users\dP-PL\AppData\Loca...}, fedcm:accounts: true, goog:chromeOptions: {debuggerAddress: localhost:55824}, javascriptEnabled: true, networkConnectionEnabled: false, pageLoadStrategy: normal, platform: WINDOWS, platformName: WINDOWS, proxy: Proxy(), setWindowRect: true, strictFileInteractability: false, timeouts: {implicit: 0, pageLoad: 300000, script: 30000}, unhandledPromptBehavior: dismiss and notify, webauthn:extension:credBlob: true, webauthn:extension:largeBlob: true, webauthn:extension:minPinLength: true, webauthn:extension:prf: true, webauthn:virtualAuthenticators: true}
Session ID: e5e3d20ecd4947491b936a0f47975d85
2024-01-25 22:15:41,652 [main] INFO  base.BaseClass - Trying to find Element By {by.toString()})
2024-01-25 22:15:41,672 [main] INFO  base.BaseClass - Found Element By {by.toString()}
2024-01-25 22:15:41,672 [main] INFO  base.BaseClass - Trying to click on: {element.toString()}
2024-01-25 22:15:41,801 [main] INFO  base.BaseClass - Clicked on: {element.toString()}
2024-01-25 22:15:41,802 [main] INFO  base.BaseClass - Trying to find Element By {by.toString()})
TimeoutException occurred: Expected condition failed: waiting for helper.WaitUtility$2@71b9ac49 (tried for 50 second(s) with 500 milliseconds interval)
2024-01-25 22:16:31,881 [main] ERROR XGLT_15177_Test - Element did not become visible within the specified time: Expected condition failed: waiting for helper.WaitUtility$2@71b9ac49 (tried for 50 second(s) with 500 milliseconds interval)
2024-01-25 22:16:31,881 [main] INFO  base.BaseClass - Trying to find Element By {by.toString()})
NetworkInstanceCurrentWeekPA failed!
]]></system-out>
    <system-err><![CDATA[Starting ChromeDriver 121.0.6167.85 (3f98d690ad7e59242ef110144c757b2ac4eef1a2-refs/branch-heads/6167@{#1539}) on port 12575
Only local connections are allowed.
Please see https://chromedriver.chromium.org/security-considerations for suggestions on keeping ChromeDriver safe.
ChromeDriver was started successfully.
Jan 25, 2024 10:04:42 PM org.openqa.selenium.remote.ProtocolHandshake createSession
INFO: Detected dialect: W3C
]]></system-err>
  </testcase>
  <testcase name="NetworkInstanceCurrentWeekPB" classname="XGLT_6688_Test" time="221.613">
    <failure message="no such element: Unable to locate element: {&quot;method&quot;:&quot;xpath&quot;,&quot;selector&quot;:&quot;//h1[contains(text(),&apos;Pending Build&apos;)]/following-sibling::h1&quot;}&#10;  (Session info: chrome=121.0.6167.86)&#10;For documentation on this error, please visit: https://www.seleniumhq.org/exceptions/no_such_element.html&#10;Build info: version: &apos;3.141.59&apos;, revision: &apos;e82be7d358&apos;, time: &apos;2018-11-14T08:17:03&apos;&#10;System info: host: &apos;DPLAP166&apos;, ip: &apos;137.237.3.67&apos;, os.name: &apos;Windows 10&apos;, os.arch: &apos;amd64&apos;, os.version: &apos;10.0&apos;, java.version: &apos;19.0.1&apos;&#10;Driver info: org.openqa.selenium.chrome.ChromeDriver&#10;Capabilities {acceptInsecureCerts: true, browserName: chrome, browserVersion: 121.0.6167.86, chrome: {chromedriverVersion: 121.0.6167.85 (3f98d690ad7e..., userDataDir: C:\Users\dP-PL\AppData\Loca...}, fedcm:accounts: true, goog:chromeOptions: {debuggerAddress: localhost:55824}, javascriptEnabled: true, networkConnectionEnabled: false, pageLoadStrategy: normal, platform: WINDOWS, platformName: WINDOWS, proxy: Proxy(), setWindowRect: true, strictFileInteractability: false, timeouts: {implicit: 0, pageLoad: 300000, script: 30000}, unhandledPromptBehavior: dismiss and notify, webauthn:extension:credBlob: true, webauthn:extension:largeBlob: true, webauthn:extension:minPinLength: true, webauthn:extension:prf: true, webauthn:virtualAuthenticators: true}&#10;Session ID: e5e3d20ecd4947491b936a0f47975d85&#10;*** Element info: {Using=xpath, value=//h1[contains(text(),&apos;Pending Build&apos;)]/following-sibling::h1}" type="org.openqa.selenium.NoSuchElementException"><![CDATA[org.openqa.selenium.NoSuchElementException: 
no such element: Unable to locate element: {"method":"xpath","selector":"//h1[contains(text(),'Pending Build')]/following-sibling::h1"}
  (Session info: chrome=121.0.6167.86)
For documentation on this error, please visit: https://www.seleniumhq.org/exceptions/no_such_element.html
Build info: version: '3.141.59', revision: 'e82be7d358', time: '2018-11-14T08:17:03'
System info: host: 'DPLAP166', ip: '137.237.3.67', os.name: 'Windows 10', os.arch: 'amd64', os.version: '10.0', java.version: '19.0.1'
Driver info: org.openqa.selenium.chrome.ChromeDriver
Capabilities {acceptInsecureCerts: true, browserName: chrome, browserVersion: 121.0.6167.86, chrome: {chromedriverVersion: 121.0.6167.85 (3f98d690ad7e..., userDataDir: C:\Users\dP-PL\AppData\Loca...}, fedcm:accounts: true, goog:chromeOptions: {debuggerAddress: localhost:55824}, javascriptEnabled: true, networkConnectionEnabled: false, pageLoadStrategy: normal, platform: WINDOWS, platformName: WINDOWS, proxy: Proxy(), setWindowRect: true, strictFileInteractability: false, timeouts: {implicit: 0, pageLoad: 300000, script: 30000}, unhandledPromptBehavior: dismiss and notify, webauthn:extension:credBlob: true, webauthn:extension:largeBlob: true, webauthn:extension:minPinLength: true, webauthn:extension:prf: true, webauthn:virtualAuthenticators: true}
Session ID: e5e3d20ecd4947491b936a0f47975d85
*** Element info: {Using=xpath, value=//h1[contains(text(),'Pending Build')]/following-sibling::h1}
	at java.base/jdk.internal.reflect.DirectConstructorHandleAccessor.newInstance(DirectConstructorHandleAccessor.java:67)
	at java.base/java.lang.reflect.Constructor.newInstanceWithCaller(Constructor.java:500)
	at java.base/java.lang.reflect.Constructor.newInstance(Constructor.java:484)
	at org.openqa.selenium.remote.http.W3CHttpResponseCodec.createException(W3CHttpResponseCodec.java:187)
	at org.openqa.selenium.remote.http.W3CHttpResponseCodec.decode(W3CHttpResponseCodec.java:122)
	at org.openqa.selenium.remote.http.W3CHttpResponseCodec.decode(W3CHttpResponseCodec.java:49)
	at org.openqa.selenium.remote.HttpCommandExecutor.execute(HttpCommandExecutor.java:158)
	at org.openqa.selenium.remote.service.DriverCommandExecutor.execute(DriverCommandExecutor.java:83)
	at org.openqa.selenium.remote.RemoteWebDriver.execute(RemoteWebDriver.java:552)
	at org.openqa.selenium.remote.RemoteWebDriver.findElement(RemoteWebDriver.java:323)
	at org.openqa.selenium.remote.RemoteWebDriver.findElementByXPath(RemoteWebDriver.java:428)
	at org.openqa.selenium.By$ByXPath.findElement(By.java:353)
	at org.openqa.selenium.remote.RemoteWebDriver.findElement(RemoteWebDriver.java:315)
	at java.base/jdk.internal.reflect.DirectMethodHandleAccessor.invoke(DirectMethodHandleAccessor.java:104)
	at java.base/java.lang.reflect.Method.invoke(Method.java:578)
	at org.openqa.selenium.support.events.EventFiringWebDriver.lambda$new$1(EventFiringWebDriver.java:105)
	at jdk.proxy2/jdk.proxy2.$Proxy25.findElement(Unknown Source)
	at org.openqa.selenium.support.events.EventFiringWebDriver.findElement(EventFiringWebDriver.java:194)
	at org.openqa.selenium.support.pagefactory.DefaultElementLocator.findElement(DefaultElementLocator.java:69)
	at org.openqa.selenium.support.pagefactory.internal.LocatingElementHandler.invoke(LocatingElementHandler.java:38)
	at jdk.proxy2/jdk.proxy2.$Proxy28.getText(Unknown Source)
	at pages.NetworkInstancePage.getactualpendingbuildcount(NetworkInstancePage.java:170)
	at pages.NetworkInstancePage.verifypendingbuildcount(NetworkInstancePage.java:180)
	at XGLT_6688_Test.NetworkInstanceCurrentWeekPB(XGLT_6688_Test.java:57)
	at java.base/jdk.internal.reflect.DirectMethodHandleAccessor.invoke(DirectMethodHandleAccessor.java:104)
	at java.base/java.lang.reflect.Method.invoke(Method.java:578)
	at org.testng.internal.invokers.MethodInvocationHelper.invokeMethod(MethodInvocationHelper.java:139)
	at org.testng.internal.invokers.TestInvoker.invokeMethod(TestInvoker.java:677)
	at org.testng.internal.invokers.TestInvoker.invokeTestMethod(TestInvoker.java:221)
	at org.testng.internal.invokers.MethodRunner.runInSequence(MethodRunner.java:50)
	at org.testng.internal.invokers.TestInvoker$MethodInvocationAgent.invoke(TestInvoker.java:962)
	at org.testng.internal.invokers.TestInvoker.invokeTestMethods(TestInvoker.java:194)
	at org.testng.internal.invokers.TestMethodWorker.invokeTestMethods(TestMethodWorker.java:148)
	at org.testng.internal.invokers.TestMethodWorker.run(TestMethodWorker.java:128)
	at java.base/java.util.ArrayList.forEach(ArrayList.java:1511)
	at org.testng.TestRunner.privateRun(TestRunner.java:806)
	at org.testng.TestRunner.run(TestRunner.java:601)
	at org.testng.SuiteRunner.runTest(SuiteRunner.java:433)
	at org.testng.SuiteRunner.runSequentially(SuiteRunner.java:427)
	at org.testng.SuiteRunner.privateRun(SuiteRunner.java:387)
	at org.testng.SuiteRunner.run(SuiteRunner.java:330)
	at org.testng.SuiteRunnerWorker.runSuite(SuiteRunnerWorker.java:52)
	at org.testng.SuiteRunnerWorker.run(SuiteRunnerWorker.java:95)
	at org.testng.TestNG.runSuitesSequentially(TestNG.java:1256)
	at org.testng.TestNG.runSuitesLocally(TestNG.java:1176)
	at org.testng.TestNG.runSuites(TestNG.java:1099)
	at org.testng.TestNG.run(TestNG.java:1067)
	at org.apache.maven.surefire.testng.TestNGExecutor.run(TestNGExecutor.java:324)
	at org.apache.maven.surefire.testng.TestNGXmlTestSuite.execute(TestNGXmlTestSuite.java:74)
	at org.apache.maven.surefire.testng.TestNGProvider.invoke(TestNGProvider.java:123)
	at org.apache.maven.surefire.booter.ForkedBooter.runSuitesInProcess(ForkedBooter.java:456)
	at org.apache.maven.surefire.booter.ForkedBooter.execute(ForkedBooter.java:169)
	at org.apache.maven.surefire.booter.ForkedBooter.run(ForkedBooter.java:595)
	at org.apache.maven.surefire.booter.ForkedBooter.main(ForkedBooter.java:581)
]]></failure>
    <system-out><![CDATA[Before method Test name: Maintainance Tests
NetworkInstanceCurrentWeekPB started!
2024-01-25 22:17:22,131 [main] INFO  base.BaseClass - Trying to find Element By {by.toString()})
2024-01-25 22:17:22,158 [main] INFO  base.BaseClass - Found Element By {by.toString()}
TimeoutException occurred: Expected condition failed: waiting for helper.WaitUtility$5@15ea267 (tried for 30 second(s) with 500 milliseconds interval)
Build info: version: '3.141.59', revision: 'e82be7d358', time: '2018-11-14T08:17:03'
System info: host: 'DPLAP166', ip: '137.237.3.67', os.name: 'Windows 10', os.arch: 'amd64', os.version: '10.0', java.version: '19.0.1'
Driver info: org.openqa.selenium.support.events.EventFiringWebDriver
Capabilities {acceptInsecureCerts: true, browserName: chrome, browserVersion: 121.0.6167.86, chrome: {chromedriverVersion: 121.0.6167.85 (3f98d690ad7e..., userDataDir: C:\Users\dP-PL\AppData\Loca...}, fedcm:accounts: true, goog:chromeOptions: {debuggerAddress: localhost:55824}, javascriptEnabled: true, networkConnectionEnabled: false, pageLoadStrategy: normal, platform: WINDOWS, platformName: WINDOWS, proxy: Proxy(), setWindowRect: true, strictFileInteractability: false, timeouts: {implicit: 0, pageLoad: 300000, script: 30000}, unhandledPromptBehavior: dismiss and notify, webauthn:extension:credBlob: true, webauthn:extension:largeBlob: true, webauthn:extension:minPinLength: true, webauthn:extension:prf: true, webauthn:virtualAuthenticators: true}
Session ID: e5e3d20ecd4947491b936a0f47975d85
2024-01-25 22:17:52,312 [main] ERROR XGLT_15177_Test - Element did not become visible within the specified time: Expected condition failed: waiting for helper.WaitUtility$5@15ea267 (tried for 30 second(s) with 500 milliseconds interval)
Build info: version: '3.141.59', revision: 'e82be7d358', time: '2018-11-14T08:17:03'
System info: host: 'DPLAP166', ip: '137.237.3.67', os.name: 'Windows 10', os.arch: 'amd64', os.version: '10.0', java.version: '19.0.1'
Driver info: org.openqa.selenium.support.events.EventFiringWebDriver
Capabilities {acceptInsecureCerts: true, browserName: chrome, browserVersion: 121.0.6167.86, chrome: {chromedriverVersion: 121.0.6167.85 (3f98d690ad7e..., userDataDir: C:\Users\dP-PL\AppData\Loca...}, fedcm:accounts: true, goog:chromeOptions: {debuggerAddress: localhost:55824}, javascriptEnabled: true, networkConnectionEnabled: false, pageLoadStrategy: normal, platform: WINDOWS, platformName: WINDOWS, proxy: Proxy(), setWindowRect: true, strictFileInteractability: false, timeouts: {implicit: 0, pageLoad: 300000, script: 30000}, unhandledPromptBehavior: dismiss and notify, webauthn:extension:credBlob: true, webauthn:extension:largeBlob: true, webauthn:extension:minPinLength: true, webauthn:extension:prf: true, webauthn:virtualAuthenticators: true}
Session ID: e5e3d20ecd4947491b936a0f47975d85
2024-01-25 22:17:52,312 [main] INFO  base.BaseClass - Trying to click on: {element.toString()}
2024-01-25 22:17:52,398 [main] INFO  base.BaseClass - Clicked on: {element.toString()}
2024-01-25 22:17:52,400 [main] INFO  base.BaseClass - Trying to find Element By {by.toString()})
2024-01-25 22:17:52,426 [main] INFO  base.BaseClass - Found Element By {by.toString()}
2024-01-25 22:17:52,442 [main] INFO  base.BaseClass - Trying to find Element By {by.toString()})
2024-01-25 22:17:52,467 [main] INFO  base.BaseClass - Found Element By {by.toString()}
2024-01-25 22:17:52,989 [main] INFO  base.BaseClass - Trying to find Element By {by.toString()})
2024-01-25 22:17:53,013 [main] INFO  base.BaseClass - Found Element By {by.toString()}
2024-01-25 22:17:53,538 [main] INFO  base.BaseClass - Trying to find Element By {by.toString()})
2024-01-25 22:17:53,565 [main] INFO  base.BaseClass - Found Element By {by.toString()}
2024-01-25 22:17:54,091 [main] INFO  base.BaseClass - Trying to find Element By {by.toString()})
2024-01-25 22:17:54,105 [main] INFO  base.BaseClass - Found Element By {by.toString()}
2024-01-25 22:17:54,625 [main] INFO  base.BaseClass - Trying to find Element By {by.toString()})
2024-01-25 22:17:54,647 [main] INFO  base.BaseClass - Found Element By {by.toString()}
2024-01-25 22:17:55,178 [main] INFO  base.BaseClass - Trying to find Element By {by.toString()})
2024-01-25 22:17:55,202 [main] INFO  base.BaseClass - Found Element By {by.toString()}
2024-01-25 22:17:55,728 [main] INFO  base.BaseClass - Trying to find Element By {by.toString()})
2024-01-25 22:17:55,747 [main] INFO  base.BaseClass - Found Element By {by.toString()}
2024-01-25 22:17:56,276 [main] INFO  base.BaseClass - Trying to find Element By {by.toString()})
2024-01-25 22:17:56,285 [main] INFO  base.BaseClass - Found Element By {by.toString()}
2024-01-25 22:17:56,805 [main] INFO  base.BaseClass - Trying to find Element By {by.toString()})
2024-01-25 22:17:56,830 [main] INFO  base.BaseClass - Found Element By {by.toString()}
2024-01-25 22:17:57,354 [main] INFO  base.BaseClass - Trying to find Element By {by.toString()})
2024-01-25 22:17:57,377 [main] INFO  base.BaseClass - Found Element By {by.toString()}
2024-01-25 22:17:57,899 [main] INFO  base.BaseClass - Trying to find Element By {by.toString()})
2024-01-25 22:17:57,921 [main] INFO  base.BaseClass - Found Element By {by.toString()}
2024-01-25 22:17:58,447 [main] INFO  base.BaseClass - Trying to find Element By {by.toString()})
2024-01-25 22:17:58,474 [main] INFO  base.BaseClass - Found Element By {by.toString()}
2024-01-25 22:17:58,997 [main] INFO  base.BaseClass - Trying to find Element By {by.toString()})
2024-01-25 22:17:59,022 [main] INFO  base.BaseClass - Found Element By {by.toString()}
2024-01-25 22:17:59,545 [main] INFO  base.BaseClass - Trying to find Element By {by.toString()})
2024-01-25 22:17:59,569 [main] INFO  base.BaseClass - Found Element By {by.toString()}
2024-01-25 22:18:00,108 [main] INFO  base.BaseClass - Trying to find Element By {by.toString()})
2024-01-25 22:18:00,382 [main] INFO  base.BaseClass - Found Element By {by.toString()}
2024-01-25 22:18:00,898 [main] INFO  base.BaseClass - Trying to find Element By {by.toString()})
2024-01-25 22:18:00,919 [main] INFO  base.BaseClass - Found Element By {by.toString()}
2024-01-25 22:18:01,445 [main] INFO  base.BaseClass - Trying to find Element By {by.toString()})
2024-01-25 22:18:01,469 [main] INFO  base.BaseClass - Found Element By {by.toString()}
2024-01-25 22:18:01,992 [main] INFO  base.BaseClass - Trying to find Element By {by.toString()})
2024-01-25 22:18:02,016 [main] INFO  base.BaseClass - Found Element By {by.toString()}
2024-01-25 22:18:02,539 [main] INFO  base.BaseClass - Trying to find Element By {by.toString()})
2024-01-25 22:18:02,560 [main] INFO  base.BaseClass - Found Element By {by.toString()}
2024-01-25 22:18:03,088 [main] INFO  base.BaseClass - Trying to find Element By {by.toString()})
2024-01-25 22:18:03,112 [main] INFO  base.BaseClass - Found Element By {by.toString()}
2024-01-25 22:18:03,640 [main] INFO  base.BaseClass - Trying to find Element By {by.toString()})
2024-01-25 22:18:03,665 [main] INFO  base.BaseClass - Found Element By {by.toString()}
2024-01-25 22:18:04,185 [main] INFO  base.BaseClass - Trying to find Element By {by.toString()})
2024-01-25 22:18:04,210 [main] INFO  base.BaseClass - Found Element By {by.toString()}
2024-01-25 22:18:04,736 [main] INFO  base.BaseClass - Trying to find Element By {by.toString()})
2024-01-25 22:18:04,759 [main] INFO  base.BaseClass - Found Element By {by.toString()}
2024-01-25 22:18:05,286 [main] INFO  base.BaseClass - Trying to find Element By {by.toString()})
2024-01-25 22:18:05,305 [main] INFO  base.BaseClass - Found Element By {by.toString()}
2024-01-25 22:18:05,837 [main] INFO  base.BaseClass - Trying to find Element By {by.toString()})
2024-01-25 22:18:05,861 [main] INFO  base.BaseClass - Found Element By {by.toString()}
2024-01-25 22:18:06,388 [main] INFO  base.BaseClass - Trying to find Element By {by.toString()})
2024-01-25 22:18:06,412 [main] INFO  base.BaseClass - Found Element By {by.toString()}
2024-01-25 22:18:06,939 [main] INFO  base.BaseClass - Trying to find Element By {by.toString()})
2024-01-25 22:18:06,962 [main] INFO  base.BaseClass - Found Element By {by.toString()}
2024-01-25 22:18:07,489 [main] INFO  base.BaseClass - Trying to find Element By {by.toString()})
2024-01-25 22:18:07,512 [main] INFO  base.BaseClass - Found Element By {by.toString()}
2024-01-25 22:18:08,038 [main] INFO  base.BaseClass - Trying to find Element By {by.toString()})
2024-01-25 22:18:08,062 [main] INFO  base.BaseClass - Found Element By {by.toString()}
2024-01-25 22:18:08,589 [main] INFO  base.BaseClass - Trying to find Element By {by.toString()})
2024-01-25 22:18:08,612 [main] INFO  base.BaseClass - Found Element By {by.toString()}
2024-01-25 22:18:09,140 [main] INFO  base.BaseClass - Trying to find Element By {by.toString()})
2024-01-25 22:18:09,163 [main] INFO  base.BaseClass - Found Element By {by.toString()}
2024-01-25 22:18:09,692 [main] INFO  base.BaseClass - Trying to find Element By {by.toString()})
2024-01-25 22:18:09,716 [main] INFO  base.BaseClass - Found Element By {by.toString()}
2024-01-25 22:18:10,241 [main] INFO  base.BaseClass - Trying to find Element By {by.toString()})
2024-01-25 22:18:10,264 [main] INFO  base.BaseClass - Found Element By {by.toString()}
2024-01-25 22:18:10,792 [main] INFO  base.BaseClass - Trying to find Element By {by.toString()})
2024-01-25 22:18:10,815 [main] INFO  base.BaseClass - Found Element By {by.toString()}
2024-01-25 22:18:11,342 [main] INFO  base.BaseClass - Trying to find Element By {by.toString()})
2024-01-25 22:18:11,363 [main] INFO  base.BaseClass - Found Element By {by.toString()}
2024-01-25 22:18:11,888 [main] INFO  base.BaseClass - Trying to find Element By {by.toString()})
2024-01-25 22:18:11,911 [main] INFO  base.BaseClass - Found Element By {by.toString()}
2024-01-25 22:18:12,433 [main] INFO  base.BaseClass - Trying to find Element By {by.toString()})
2024-01-25 22:18:12,455 [main] INFO  base.BaseClass - Found Element By {by.toString()}
2024-01-25 22:18:12,985 [main] INFO  base.BaseClass - Trying to find Element By {by.toString()})
2024-01-25 22:18:13,008 [main] INFO  base.BaseClass - Found Element By {by.toString()}
2024-01-25 22:18:13,534 [main] INFO  base.BaseClass - Trying to find Element By {by.toString()})
2024-01-25 22:18:13,558 [main] INFO  base.BaseClass - Found Element By {by.toString()}
2024-01-25 22:18:14,088 [main] INFO  base.BaseClass - Trying to find Element By {by.toString()})
2024-01-25 22:18:14,111 [main] INFO  base.BaseClass - Found Element By {by.toString()}
2024-01-25 22:18:14,637 [main] INFO  base.BaseClass - Trying to find Element By {by.toString()})
2024-01-25 22:18:14,659 [main] INFO  base.BaseClass - Found Element By {by.toString()}
2024-01-25 22:18:15,184 [main] INFO  base.BaseClass - Trying to find Element By {by.toString()})
2024-01-25 22:18:15,208 [main] INFO  base.BaseClass - Found Element By {by.toString()}
2024-01-25 22:18:15,735 [main] INFO  base.BaseClass - Trying to find Element By {by.toString()})
2024-01-25 22:18:15,758 [main] INFO  base.BaseClass - Found Element By {by.toString()}
2024-01-25 22:18:16,286 [main] INFO  base.BaseClass - Trying to find Element By {by.toString()})
2024-01-25 22:18:16,307 [main] INFO  base.BaseClass - Found Element By {by.toString()}
2024-01-25 22:18:16,838 [main] INFO  base.BaseClass - Trying to find Element By {by.toString()})
2024-01-25 22:18:16,856 [main] INFO  base.BaseClass - Found Element By {by.toString()}
2024-01-25 22:18:17,387 [main] INFO  base.BaseClass - Trying to find Element By {by.toString()})
2024-01-25 22:18:17,410 [main] INFO  base.BaseClass - Found Element By {by.toString()}
2024-01-25 22:18:17,939 [main] INFO  base.BaseClass - Trying to find Element By {by.toString()})
2024-01-25 22:18:17,962 [main] INFO  base.BaseClass - Found Element By {by.toString()}
2024-01-25 22:18:18,487 [main] INFO  base.BaseClass - Trying to find Element By {by.toString()})
2024-01-25 22:18:18,509 [main] INFO  base.BaseClass - Found Element By {by.toString()}
2024-01-25 22:18:19,037 [main] INFO  base.BaseClass - Trying to find Element By {by.toString()})
2024-01-25 22:18:19,059 [main] INFO  base.BaseClass - Found Element By {by.toString()}
2024-01-25 22:18:19,590 [main] INFO  base.BaseClass - Trying to find Element By {by.toString()})
2024-01-25 22:18:19,612 [main] INFO  base.BaseClass - Found Element By {by.toString()}
2024-01-25 22:18:20,142 [main] INFO  base.BaseClass - Trying to find Element By {by.toString()})
2024-01-25 22:18:20,167 [main] INFO  base.BaseClass - Found Element By {by.toString()}
2024-01-25 22:18:20,692 [main] INFO  base.BaseClass - Trying to find Element By {by.toString()})
2024-01-25 22:18:20,715 [main] INFO  base.BaseClass - Found Element By {by.toString()}
2024-01-25 22:18:21,244 [main] INFO  base.BaseClass - Trying to find Element By {by.toString()})
2024-01-25 22:18:21,261 [main] INFO  base.BaseClass - Found Element By {by.toString()}
2024-01-25 22:18:21,778 [main] INFO  base.BaseClass - Trying to find Element By {by.toString()})
2024-01-25 22:18:21,801 [main] INFO  base.BaseClass - Found Element By {by.toString()}
2024-01-25 22:18:22,327 [main] INFO  base.BaseClass - Trying to find Element By {by.toString()})
2024-01-25 22:18:22,350 [main] INFO  base.BaseClass - Found Element By {by.toString()}
2024-01-25 22:18:22,881 [main] INFO  base.BaseClass - Trying to find Element By {by.toString()})
2024-01-25 22:18:22,904 [main] INFO  base.BaseClass - Found Element By {by.toString()}
2024-01-25 22:18:23,430 [main] INFO  base.BaseClass - Trying to find Element By {by.toString()})
2024-01-25 22:18:23,452 [main] INFO  base.BaseClass - Found Element By {by.toString()}
2024-01-25 22:18:23,980 [main] INFO  base.BaseClass - Trying to find Element By {by.toString()})
2024-01-25 22:18:24,006 [main] INFO  base.BaseClass - Found Element By {by.toString()}
2024-01-25 22:18:24,559 [main] INFO  base.BaseClass - Trying to find Element By {by.toString()})
2024-01-25 22:18:24,583 [main] INFO  base.BaseClass - Found Element By {by.toString()}
2024-01-25 22:18:25,113 [main] INFO  base.BaseClass - Trying to find Element By {by.toString()})
2024-01-25 22:18:25,136 [main] INFO  base.BaseClass - Found Element By {by.toString()}
2024-01-25 22:18:25,658 [main] INFO  base.BaseClass - Trying to find Element By {by.toString()})
2024-01-25 22:18:25,680 [main] INFO  base.BaseClass - Found Element By {by.toString()}
2024-01-25 22:18:26,207 [main] INFO  base.BaseClass - Trying to find Element By {by.toString()})
2024-01-25 22:18:26,230 [main] INFO  base.BaseClass - Found Element By {by.toString()}
2024-01-25 22:18:26,756 [main] INFO  base.BaseClass - Trying to find Element By {by.toString()})
2024-01-25 22:18:26,779 [main] INFO  base.BaseClass - Found Element By {by.toString()}
2024-01-25 22:18:27,302 [main] INFO  base.BaseClass - Trying to find Element By {by.toString()})
2024-01-25 22:18:27,325 [main] INFO  base.BaseClass - Found Element By {by.toString()}
2024-01-25 22:18:27,852 [main] INFO  base.BaseClass - Trying to find Element By {by.toString()})
2024-01-25 22:18:27,863 [main] INFO  base.BaseClass - Found Element By {by.toString()}
2024-01-25 22:18:28,385 [main] INFO  base.BaseClass - Trying to find Element By {by.toString()})
2024-01-25 22:18:28,409 [main] INFO  base.BaseClass - Found Element By {by.toString()}
2024-01-25 22:18:28,936 [main] INFO  base.BaseClass - Trying to find Element By {by.toString()})
2024-01-25 22:18:28,959 [main] INFO  base.BaseClass - Found Element By {by.toString()}
2024-01-25 22:18:29,484 [main] INFO  base.BaseClass - Trying to find Element By {by.toString()})
2024-01-25 22:18:29,504 [main] INFO  base.BaseClass - Found Element By {by.toString()}
2024-01-25 22:18:30,034 [main] INFO  base.BaseClass - Trying to find Element By {by.toString()})
2024-01-25 22:18:30,045 [main] INFO  base.BaseClass - Found Element By {by.toString()}
2024-01-25 22:18:30,570 [main] INFO  base.BaseClass - Trying to find Element By {by.toString()})
2024-01-25 22:18:30,593 [main] INFO  base.BaseClass - Found Element By {by.toString()}
2024-01-25 22:18:31,119 [main] INFO  base.BaseClass - Trying to find Element By {by.toString()})
2024-01-25 22:18:31,142 [main] INFO  base.BaseClass - Found Element By {by.toString()}
2024-01-25 22:18:31,668 [main] INFO  base.BaseClass - Trying to find Element By {by.toString()})
2024-01-25 22:18:31,691 [main] INFO  base.BaseClass - Found Element By {by.toString()}
2024-01-25 22:18:32,215 [main] INFO  base.BaseClass - Trying to find Element By {by.toString()})
2024-01-25 22:18:32,238 [main] INFO  base.BaseClass - Found Element By {by.toString()}
2024-01-25 22:18:32,764 [main] INFO  base.BaseClass - Trying to find Element By {by.toString()})
2024-01-25 22:18:32,787 [main] INFO  base.BaseClass - Found Element By {by.toString()}
2024-01-25 22:18:33,311 [main] INFO  base.BaseClass - Trying to find Element By {by.toString()})
2024-01-25 22:18:33,333 [main] INFO  base.BaseClass - Found Element By {by.toString()}
2024-01-25 22:18:33,861 [main] INFO  base.BaseClass - Trying to find Element By {by.toString()})
2024-01-25 22:18:33,881 [main] INFO  base.BaseClass - Found Element By {by.toString()}
2024-01-25 22:18:34,413 [main] INFO  base.BaseClass - Trying to find Element By {by.toString()})
2024-01-25 22:18:34,436 [main] INFO  base.BaseClass - Found Element By {by.toString()}
2024-01-25 22:18:34,961 [main] INFO  base.BaseClass - Trying to find Element By {by.toString()})
2024-01-25 22:18:34,983 [main] INFO  base.BaseClass - Found Element By {by.toString()}
2024-01-25 22:18:35,511 [main] INFO  base.BaseClass - Trying to find Element By {by.toString()})
2024-01-25 22:18:35,534 [main] INFO  base.BaseClass - Found Element By {by.toString()}
2024-01-25 22:18:36,057 [main] INFO  base.BaseClass - Trying to find Element By {by.toString()})
2024-01-25 22:18:36,076 [main] INFO  base.BaseClass - Found Element By {by.toString()}
2024-01-25 22:18:36,592 [main] INFO  base.BaseClass - Trying to find Element By {by.toString()})
2024-01-25 22:18:36,614 [main] INFO  base.BaseClass - Found Element By {by.toString()}
2024-01-25 22:18:37,143 [main] INFO  base.BaseClass - Trying to find Element By {by.toString()})
2024-01-25 22:18:37,165 [main] INFO  base.BaseClass - Found Element By {by.toString()}
2024-01-25 22:18:37,693 [main] INFO  base.BaseClass - Trying to find Element By {by.toString()})
2024-01-25 22:18:37,716 [main] INFO  base.BaseClass - Found Element By {by.toString()}
2024-01-25 22:18:38,246 [main] INFO  base.BaseClass - Trying to find Element By {by.toString()})
2024-01-25 22:18:38,269 [main] INFO  base.BaseClass - Found Element By {by.toString()}
2024-01-25 22:18:38,797 [main] INFO  base.BaseClass - Trying to find Element By {by.toString()})
2024-01-25 22:18:38,820 [main] INFO  base.BaseClass - Found Element By {by.toString()}
2024-01-25 22:18:39,344 [main] INFO  base.BaseClass - Trying to find Element By {by.toString()})
2024-01-25 22:18:39,367 [main] INFO  base.BaseClass - Found Element By {by.toString()}
2024-01-25 22:18:39,891 [main] INFO  base.BaseClass - Trying to find Element By {by.toString()})
2024-01-25 22:18:39,915 [main] INFO  base.BaseClass - Found Element By {by.toString()}
2024-01-25 22:18:40,443 [main] INFO  base.BaseClass - Trying to find Element By {by.toString()})
2024-01-25 22:18:40,466 [main] INFO  base.BaseClass - Found Element By {by.toString()}
2024-01-25 22:18:40,994 [main] INFO  base.BaseClass - Trying to find Element By {by.toString()})
2024-01-25 22:18:41,016 [main] INFO  base.BaseClass - Found Element By {by.toString()}
2024-01-25 22:18:41,542 [main] INFO  base.BaseClass - Trying to find Element By {by.toString()})
2024-01-25 22:18:41,564 [main] INFO  base.BaseClass - Found Element By {by.toString()}
2024-01-25 22:18:42,093 [main] INFO  base.BaseClass - Trying to find Element By {by.toString()})
2024-01-25 22:18:42,116 [main] INFO  base.BaseClass - Found Element By {by.toString()}
2024-01-25 22:18:42,642 [main] INFO  base.BaseClass - Trying to find Element By {by.toString()})
2024-01-25 22:18:42,664 [main] INFO  base.BaseClass - Found Element By {by.toString()}
2024-01-25 22:18:43,190 [main] INFO  base.BaseClass - Trying to find Element By {by.toString()})
2024-01-25 22:18:43,213 [main] INFO  base.BaseClass - Found Element By {by.toString()}
2024-01-25 22:18:43,739 [main] INFO  base.BaseClass - Trying to find Element By {by.toString()})
2024-01-25 22:18:43,762 [main] INFO  base.BaseClass - Found Element By {by.toString()}
2024-01-25 22:18:44,289 [main] INFO  base.BaseClass - Trying to find Element By {by.toString()})
2024-01-25 22:18:44,311 [main] INFO  base.BaseClass - Found Element By {by.toString()}
2024-01-25 22:18:44,836 [main] INFO  base.BaseClass - Trying to find Element By {by.toString()})
2024-01-25 22:18:44,859 [main] INFO  base.BaseClass - Found Element By {by.toString()}
2024-01-25 22:18:45,385 [main] INFO  base.BaseClass - Trying to find Element By {by.toString()})
2024-01-25 22:18:45,408 [main] INFO  base.BaseClass - Found Element By {by.toString()}
2024-01-25 22:18:45,935 [main] INFO  base.BaseClass - Trying to find Element By {by.toString()})
2024-01-25 22:18:45,957 [main] INFO  base.BaseClass - Found Element By {by.toString()}
2024-01-25 22:18:46,487 [main] INFO  base.BaseClass - Trying to find Element By {by.toString()})
2024-01-25 22:18:46,509 [main] INFO  base.BaseClass - Found Element By {by.toString()}
2024-01-25 22:18:47,037 [main] INFO  base.BaseClass - Trying to find Element By {by.toString()})
2024-01-25 22:18:47,062 [main] INFO  base.BaseClass - Found Element By {by.toString()}
2024-01-25 22:18:47,587 [main] INFO  base.BaseClass - Trying to find Element By {by.toString()})
2024-01-25 22:18:47,610 [main] INFO  base.BaseClass - Found Element By {by.toString()}
2024-01-25 22:18:48,138 [main] INFO  base.BaseClass - Trying to find Element By {by.toString()})
2024-01-25 22:18:48,160 [main] INFO  base.BaseClass - Found Element By {by.toString()}
2024-01-25 22:18:48,690 [main] INFO  base.BaseClass - Trying to find Element By {by.toString()})
2024-01-25 22:18:48,712 [main] INFO  base.BaseClass - Found Element By {by.toString()}
2024-01-25 22:18:49,240 [main] INFO  base.BaseClass - Trying to find Element By {by.toString()})
2024-01-25 22:18:49,262 [main] INFO  base.BaseClass - Found Element By {by.toString()}
2024-01-25 22:18:49,791 [main] INFO  base.BaseClass - Trying to find Element By {by.toString()})
2024-01-25 22:18:49,813 [main] INFO  base.BaseClass - Found Element By {by.toString()}
2024-01-25 22:18:50,342 [main] INFO  base.BaseClass - Trying to find Element By {by.toString()})
2024-01-25 22:18:50,365 [main] INFO  base.BaseClass - Found Element By {by.toString()}
2024-01-25 22:18:50,894 [main] INFO  base.BaseClass - Trying to find Element By {by.toString()})
2024-01-25 22:18:50,918 [main] INFO  base.BaseClass - Found Element By {by.toString()}
2024-01-25 22:18:51,444 [main] INFO  base.BaseClass - Trying to find Element By {by.toString()})
2024-01-25 22:18:51,467 [main] INFO  base.BaseClass - Found Element By {by.toString()}
2024-01-25 22:18:51,991 [main] INFO  base.BaseClass - Trying to find Element By {by.toString()})
2024-01-25 22:18:52,015 [main] INFO  base.BaseClass - Found Element By {by.toString()}
2024-01-25 22:18:52,543 [main] INFO  base.BaseClass - Trying to find Element By {by.toString()})
2024-01-25 22:18:52,567 [main] INFO  base.BaseClass - Found Element By {by.toString()}
TimeoutException occurred: Expected condition failed: waiting for helper.WaitUtility$3@2df3f94 (tried for 60 second(s) with 500 milliseconds interval)
Build info: version: '3.141.59', revision: 'e82be7d358', time: '2018-11-14T08:17:03'
System info: host: 'DPLAP166', ip: '137.237.3.67', os.name: 'Windows 10', os.arch: 'amd64', os.version: '10.0', java.version: '19.0.1'
Driver info: org.openqa.selenium.support.events.EventFiringWebDriver
Capabilities {acceptInsecureCerts: true, browserName: chrome, browserVersion: 121.0.6167.86, chrome: {chromedriverVersion: 121.0.6167.85 (3f98d690ad7e..., userDataDir: C:\Users\dP-PL\AppData\Loca...}, fedcm:accounts: true, goog:chromeOptions: {debuggerAddress: localhost:55824}, javascriptEnabled: true, networkConnectionEnabled: false, pageLoadStrategy: normal, platform: WINDOWS, platformName: WINDOWS, proxy: Proxy(), setWindowRect: true, strictFileInteractability: false, timeouts: {implicit: 0, pageLoad: 300000, script: 30000}, unhandledPromptBehavior: dismiss and notify, webauthn:extension:credBlob: true, webauthn:extension:largeBlob: true, webauthn:extension:minPinLength: true, webauthn:extension:prf: true, webauthn:virtualAuthenticators: true}
Session ID: e5e3d20ecd4947491b936a0f47975d85
2024-01-25 22:18:52,586 [main] ERROR XGLT_15177_Test - Element did not become visible within the specified time: Expected condition failed: waiting for helper.WaitUtility$3@2df3f94 (tried for 60 second(s) with 500 milliseconds interval)
Build info: version: '3.141.59', revision: 'e82be7d358', time: '2018-11-14T08:17:03'
System info: host: 'DPLAP166', ip: '137.237.3.67', os.name: 'Windows 10', os.arch: 'amd64', os.version: '10.0', java.version: '19.0.1'
Driver info: org.openqa.selenium.support.events.EventFiringWebDriver
Capabilities {acceptInsecureCerts: true, browserName: chrome, browserVersion: 121.0.6167.86, chrome: {chromedriverVersion: 121.0.6167.85 (3f98d690ad7e..., userDataDir: C:\Users\dP-PL\AppData\Loca...}, fedcm:accounts: true, goog:chromeOptions: {debuggerAddress: localhost:55824}, javascriptEnabled: true, networkConnectionEnabled: false, pageLoadStrategy: normal, platform: WINDOWS, platformName: WINDOWS, proxy: Proxy(), setWindowRect: true, strictFileInteractability: false, timeouts: {implicit: 0, pageLoad: 300000, script: 30000}, unhandledPromptBehavior: dismiss and notify, webauthn:extension:credBlob: true, webauthn:extension:largeBlob: true, webauthn:extension:minPinLength: true, webauthn:extension:prf: true, webauthn:virtualAuthenticators: true}
Session ID: e5e3d20ecd4947491b936a0f47975d85
2024-01-25 22:18:52,586 [main] INFO  base.BaseClass - Trying to find Element By {by.toString()})
2024-01-25 22:18:52,610 [main] INFO  base.BaseClass - Found Element By {by.toString()}
2024-01-25 22:18:52,631 [main] INFO  base.BaseClass - Trying to find Element By {by.toString()})
2024-01-25 22:18:52,651 [main] INFO  base.BaseClass - Found Element By {by.toString()}
Mc count pending build 0
2024-01-25 22:18:52,852 [main] INFO  base.BaseClass - Trying to find Element By {by.toString()})
2024-01-25 22:18:52,869 [main] INFO  base.BaseClass - Found Element By {by.toString()}
2024-01-25 22:18:53,396 [main] INFO  base.BaseClass - Trying to find Element By {by.toString()})
2024-01-25 22:18:53,420 [main] INFO  base.BaseClass - Found Element By {by.toString()}
2024-01-25 22:18:53,964 [main] INFO  base.BaseClass - Trying to find Element By {by.toString()})
2024-01-25 22:18:53,987 [main] INFO  base.BaseClass - Found Element By {by.toString()}
2024-01-25 22:18:54,526 [main] INFO  base.BaseClass - Trying to find Element By {by.toString()})
2024-01-25 22:18:54,549 [main] INFO  base.BaseClass - Found Element By {by.toString()}
2024-01-25 22:18:55,152 [main] INFO  base.BaseClass - Trying to find Element By {by.toString()})
2024-01-25 22:18:55,176 [main] INFO  base.BaseClass - Found Element By {by.toString()}
2024-01-25 22:18:55,717 [main] INFO  base.BaseClass - Trying to find Element By {by.toString()})
2024-01-25 22:18:55,739 [main] INFO  base.BaseClass - Found Element By {by.toString()}
2024-01-25 22:18:56,268 [main] INFO  base.BaseClass - Trying to find Element By {by.toString()})
2024-01-25 22:18:56,291 [main] INFO  base.BaseClass - Found Element By {by.toString()}
2024-01-25 22:18:56,835 [main] INFO  base.BaseClass - Trying to find Element By {by.toString()})
2024-01-25 22:18:56,858 [main] INFO  base.BaseClass - Found Element By {by.toString()}
2024-01-25 22:18:57,400 [main] INFO  base.BaseClass - Trying to find Element By {by.toString()})
2024-01-25 22:18:57,424 [main] INFO  base.BaseClass - Found Element By {by.toString()}
2024-01-25 22:18:57,968 [main] INFO  base.BaseClass - Trying to find Element By {by.toString()})
2024-01-25 22:18:57,990 [main] INFO  base.BaseClass - Found Element By {by.toString()}
2024-01-25 22:18:58,537 [main] INFO  base.BaseClass - Trying to find Element By {by.toString()})
2024-01-25 22:18:58,558 [main] INFO  base.BaseClass - Found Element By {by.toString()}
2024-01-25 22:18:59,099 [main] INFO  base.BaseClass - Trying to find Element By {by.toString()})
2024-01-25 22:18:59,115 [main] INFO  base.BaseClass - Found Element By {by.toString()}
2024-01-25 22:18:59,652 [main] INFO  base.BaseClass - Trying to find Element By {by.toString()})
2024-01-25 22:18:59,668 [main] INFO  base.BaseClass - Found Element By {by.toString()}
2024-01-25 22:19:00,200 [main] INFO  base.BaseClass - Trying to find Element By {by.toString()})
2024-01-25 22:19:00,223 [main] INFO  base.BaseClass - Found Element By {by.toString()}
2024-01-25 22:19:00,765 [main] INFO  base.BaseClass - Trying to find Element By {by.toString()})
2024-01-25 22:19:00,787 [main] INFO  base.BaseClass - Found Element By {by.toString()}
2024-01-25 22:19:01,332 [main] INFO  base.BaseClass - Trying to find Element By {by.toString()})
2024-01-25 22:19:01,355 [main] INFO  base.BaseClass - Found Element By {by.toString()}
2024-01-25 22:19:01,896 [main] INFO  base.BaseClass - Trying to find Element By {by.toString()})
2024-01-25 22:19:01,919 [main] INFO  base.BaseClass - Found Element By {by.toString()}
2024-01-25 22:19:02,447 [main] INFO  base.BaseClass - Trying to find Element By {by.toString()})
2024-01-25 22:19:02,470 [main] INFO  base.BaseClass - Found Element By {by.toString()}
2024-01-25 22:19:03,009 [main] INFO  base.BaseClass - Trying to find Element By {by.toString()})
2024-01-25 22:19:03,031 [main] INFO  base.BaseClass - Found Element By {by.toString()}
2024-01-25 22:19:03,574 [main] INFO  base.BaseClass - Trying to find Element By {by.toString()})
2024-01-25 22:19:03,596 [main] INFO  base.BaseClass - Found Element By {by.toString()}
2024-01-25 22:19:04,137 [main] INFO  base.BaseClass - Trying to find Element By {by.toString()})
2024-01-25 22:19:04,159 [main] INFO  base.BaseClass - Found Element By {by.toString()}
2024-01-25 22:19:04,700 [main] INFO  base.BaseClass - Trying to find Element By {by.toString()})
2024-01-25 22:19:04,718 [main] INFO  base.BaseClass - Found Element By {by.toString()}
2024-01-25 22:19:05,250 [main] INFO  base.BaseClass - Trying to find Element By {by.toString()})
2024-01-25 22:19:05,271 [main] INFO  base.BaseClass - Found Element By {by.toString()}
2024-01-25 22:19:05,814 [main] INFO  base.BaseClass - Trying to find Element By {by.toString()})
2024-01-25 22:19:05,837 [main] INFO  base.BaseClass - Found Element By {by.toString()}
2024-01-25 22:19:06,366 [main] INFO  base.BaseClass - Trying to find Element By {by.toString()})
2024-01-25 22:19:06,390 [main] INFO  base.BaseClass - Found Element By {by.toString()}
2024-01-25 22:19:06,920 [main] INFO  base.BaseClass - Trying to find Element By {by.toString()})
2024-01-25 22:19:06,941 [main] INFO  base.BaseClass - Found Element By {by.toString()}
2024-01-25 22:19:07,466 [main] INFO  base.BaseClass - Trying to find Element By {by.toString()})
2024-01-25 22:19:07,489 [main] INFO  base.BaseClass - Found Element By {by.toString()}
2024-01-25 22:19:08,032 [main] INFO  base.BaseClass - Trying to find Element By {by.toString()})
2024-01-25 22:19:08,052 [main] INFO  base.BaseClass - Found Element By {by.toString()}
2024-01-25 22:19:08,583 [main] INFO  base.BaseClass - Trying to find Element By {by.toString()})
2024-01-25 22:19:08,605 [main] INFO  base.BaseClass - Found Element By {by.toString()}
2024-01-25 22:19:09,147 [main] INFO  base.BaseClass - Trying to find Element By {by.toString()})
2024-01-25 22:19:09,169 [main] INFO  base.BaseClass - Found Element By {by.toString()}
2024-01-25 22:19:09,711 [main] INFO  base.BaseClass - Trying to find Element By {by.toString()})
2024-01-25 22:19:09,733 [main] INFO  base.BaseClass - Found Element By {by.toString()}
2024-01-25 22:19:10,278 [main] INFO  base.BaseClass - Trying to find Element By {by.toString()})
2024-01-25 22:19:10,301 [main] INFO  base.BaseClass - Found Element By {by.toString()}
2024-01-25 22:19:10,843 [main] INFO  base.BaseClass - Trying to find Element By {by.toString()})
2024-01-25 22:19:10,864 [main] INFO  base.BaseClass - Found Element By {by.toString()}
2024-01-25 22:19:11,406 [main] INFO  base.BaseClass - Trying to find Element By {by.toString()})
2024-01-25 22:19:11,429 [main] INFO  base.BaseClass - Found Element By {by.toString()}
2024-01-25 22:19:11,972 [main] INFO  base.BaseClass - Trying to find Element By {by.toString()})
2024-01-25 22:19:11,988 [main] INFO  base.BaseClass - Found Element By {by.toString()}
2024-01-25 22:19:12,537 [main] INFO  base.BaseClass - Trying to find Element By {by.toString()})
2024-01-25 22:19:12,559 [main] INFO  base.BaseClass - Found Element By {by.toString()}
2024-01-25 22:19:13,087 [main] INFO  base.BaseClass - Trying to find Element By {by.toString()})
2024-01-25 22:19:13,110 [main] INFO  base.BaseClass - Found Element By {by.toString()}
2024-01-25 22:19:13,635 [main] INFO  base.BaseClass - Trying to find Element By {by.toString()})
2024-01-25 22:19:13,658 [main] INFO  base.BaseClass - Found Element By {by.toString()}
2024-01-25 22:19:14,198 [main] INFO  base.BaseClass - Trying to find Element By {by.toString()})
2024-01-25 22:19:14,221 [main] INFO  base.BaseClass - Found Element By {by.toString()}
2024-01-25 22:19:14,753 [main] INFO  base.BaseClass - Trying to find Element By {by.toString()})
2024-01-25 22:19:14,777 [main] INFO  base.BaseClass - Found Element By {by.toString()}
2024-01-25 22:19:15,320 [main] INFO  base.BaseClass - Trying to find Element By {by.toString()})
2024-01-25 22:19:15,343 [main] INFO  base.BaseClass - Found Element By {by.toString()}
2024-01-25 22:19:15,886 [main] INFO  base.BaseClass - Trying to find Element By {by.toString()})
2024-01-25 22:19:15,908 [main] INFO  base.BaseClass - Found Element By {by.toString()}
2024-01-25 22:19:16,453 [main] INFO  base.BaseClass - Trying to find Element By {by.toString()})
2024-01-25 22:19:16,475 [main] INFO  base.BaseClass - Found Element By {by.toString()}
2024-01-25 22:19:17,003 [main] INFO  base.BaseClass - Trying to find Element By {by.toString()})
2024-01-25 22:19:17,027 [main] INFO  base.BaseClass - Found Element By {by.toString()}
2024-01-25 22:19:17,569 [main] INFO  base.BaseClass - Trying to find Element By {by.toString()})
2024-01-25 22:19:17,592 [main] INFO  base.BaseClass - Found Element By {by.toString()}
2024-01-25 22:19:18,134 [main] INFO  base.BaseClass - Trying to find Element By {by.toString()})
2024-01-25 22:19:18,156 [main] INFO  base.BaseClass - Found Element By {by.toString()}
2024-01-25 22:19:18,701 [main] INFO  base.BaseClass - Trying to find Element By {by.toString()})
2024-01-25 22:19:18,720 [main] INFO  base.BaseClass - Found Element By {by.toString()}
2024-01-25 22:19:19,250 [main] INFO  base.BaseClass - Trying to find Element By {by.toString()})
2024-01-25 22:19:19,273 [main] INFO  base.BaseClass - Found Element By {by.toString()}
2024-01-25 22:19:19,818 [main] INFO  base.BaseClass - Trying to find Element By {by.toString()})
2024-01-25 22:19:19,839 [main] INFO  base.BaseClass - Found Element By {by.toString()}
2024-01-25 22:19:20,383 [main] INFO  base.BaseClass - Trying to find Element By {by.toString()})
2024-01-25 22:19:20,406 [main] INFO  base.BaseClass - Found Element By {by.toString()}
2024-01-25 22:19:20,947 [main] INFO  base.BaseClass - Trying to find Element By {by.toString()})
2024-01-25 22:19:20,969 [main] INFO  base.BaseClass - Found Element By {by.toString()}
2024-01-25 22:19:21,513 [main] INFO  base.BaseClass - Trying to find Element By {by.toString()})
2024-01-25 22:19:21,535 [main] INFO  base.BaseClass - Found Element By {by.toString()}
2024-01-25 22:19:22,067 [main] INFO  base.BaseClass - Trying to find Element By {by.toString()})
2024-01-25 22:19:22,089 [main] INFO  base.BaseClass - Found Element By {by.toString()}
2024-01-25 22:19:22,631 [main] INFO  base.BaseClass - Trying to find Element By {by.toString()})
2024-01-25 22:19:22,655 [main] INFO  base.BaseClass - Found Element By {by.toString()}
2024-01-25 22:19:23,201 [main] INFO  base.BaseClass - Trying to find Element By {by.toString()})
2024-01-25 22:19:23,224 [main] INFO  base.BaseClass - Found Element By {by.toString()}
TimeoutException occurred: Expected condition failed: waiting for helper.WaitUtility$5@4d96f5ab (tried for 30 second(s) with 500 milliseconds interval)
Build info: version: '3.141.59', revision: 'e82be7d358', time: '2018-11-14T08:17:03'
System info: host: 'DPLAP166', ip: '137.237.3.67', os.name: 'Windows 10', os.arch: 'amd64', os.version: '10.0', java.version: '19.0.1'
Driver info: org.openqa.selenium.support.events.EventFiringWebDriver
Capabilities {acceptInsecureCerts: true, browserName: chrome, browserVersion: 121.0.6167.86, chrome: {chromedriverVersion: 121.0.6167.85 (3f98d690ad7e..., userDataDir: C:\Users\dP-PL\AppData\Loca...}, fedcm:accounts: true, goog:chromeOptions: {debuggerAddress: localhost:55824}, javascriptEnabled: true, networkConnectionEnabled: false, pageLoadStrategy: normal, platform: WINDOWS, platformName: WINDOWS, proxy: Proxy(), setWindowRect: true, strictFileInteractability: false, timeouts: {implicit: 0, pageLoad: 300000, script: 30000}, unhandledPromptBehavior: dismiss and notify, webauthn:extension:credBlob: true, webauthn:extension:largeBlob: true, webauthn:extension:minPinLength: true, webauthn:extension:prf: true, webauthn:virtualAuthenticators: true}
Session ID: e5e3d20ecd4947491b936a0f47975d85
2024-01-25 22:19:23,255 [main] ERROR XGLT_15177_Test - Element did not become visible within the specified time: Expected condition failed: waiting for helper.WaitUtility$5@4d96f5ab (tried for 30 second(s) with 500 milliseconds interval)
Build info: version: '3.141.59', revision: 'e82be7d358', time: '2018-11-14T08:17:03'
System info: host: 'DPLAP166', ip: '137.237.3.67', os.name: 'Windows 10', os.arch: 'amd64', os.version: '10.0', java.version: '19.0.1'
Driver info: org.openqa.selenium.support.events.EventFiringWebDriver
Capabilities {acceptInsecureCerts: true, browserName: chrome, browserVersion: 121.0.6167.86, chrome: {chromedriverVersion: 121.0.6167.85 (3f98d690ad7e..., userDataDir: C:\Users\dP-PL\AppData\Loca...}, fedcm:accounts: true, goog:chromeOptions: {debuggerAddress: localhost:55824}, javascriptEnabled: true, networkConnectionEnabled: false, pageLoadStrategy: normal, platform: WINDOWS, platformName: WINDOWS, proxy: Proxy(), setWindowRect: true, strictFileInteractability: false, timeouts: {implicit: 0, pageLoad: 300000, script: 30000}, unhandledPromptBehavior: dismiss and notify, webauthn:extension:credBlob: true, webauthn:extension:largeBlob: true, webauthn:extension:minPinLength: true, webauthn:extension:prf: true, webauthn:virtualAuthenticators: true}
Session ID: e5e3d20ecd4947491b936a0f47975d85
2024-01-25 22:19:23,255 [main] INFO  base.BaseClass - Trying to find Element By {by.toString()})
2024-01-25 22:19:23,276 [main] INFO  base.BaseClass - Found Element By {by.toString()}
2024-01-25 22:19:23,277 [main] INFO  base.BaseClass - Trying to click on: {element.toString()}
2024-01-25 22:19:23,408 [main] INFO  base.BaseClass - Clicked on: {element.toString()}
2024-01-25 22:19:23,408 [main] INFO  base.BaseClass - Trying to find Element By {by.toString()})
TimeoutException occurred: Expected condition failed: waiting for helper.WaitUtility$2@4a694e4c (tried for 50 second(s) with 500 milliseconds interval)
2024-01-25 22:20:13,483 [main] ERROR XGLT_15177_Test - Element did not become visible within the specified time: Expected condition failed: waiting for helper.WaitUtility$2@4a694e4c (tried for 50 second(s) with 500 milliseconds interval)
2024-01-25 22:20:13,483 [main] INFO  base.BaseClass - Trying to find Element By {by.toString()})
NetworkInstanceCurrentWeekPB failed!
]]></system-out>
  </testcase>
  <testcase name="NextfourDaysPA" classname="XGLT_6688_Test" time="332.818">
    <failure message="no such element: Unable to locate element: {&quot;method&quot;:&quot;xpath&quot;,&quot;selector&quot;:&quot;//h1[contains(text(),&apos;Pending Allocation&apos;)]/following-sibling::h1&quot;}&#10;  (Session info: chrome=121.0.6167.86)&#10;For documentation on this error, please visit: https://www.seleniumhq.org/exceptions/no_such_element.html&#10;Build info: version: &apos;3.141.59&apos;, revision: &apos;e82be7d358&apos;, time: &apos;2018-11-14T08:17:03&apos;&#10;System info: host: &apos;DPLAP166&apos;, ip: &apos;137.237.3.67&apos;, os.name: &apos;Windows 10&apos;, os.arch: &apos;amd64&apos;, os.version: &apos;10.0&apos;, java.version: &apos;19.0.1&apos;&#10;Driver info: org.openqa.selenium.chrome.ChromeDriver&#10;Capabilities {acceptInsecureCerts: true, browserName: chrome, browserVersion: 121.0.6167.86, chrome: {chromedriverVersion: 121.0.6167.85 (3f98d690ad7e..., userDataDir: C:\Users\dP-PL\AppData\Loca...}, fedcm:accounts: true, goog:chromeOptions: {debuggerAddress: localhost:55824}, javascriptEnabled: true, networkConnectionEnabled: false, pageLoadStrategy: normal, platform: WINDOWS, platformName: WINDOWS, proxy: Proxy(), setWindowRect: true, strictFileInteractability: false, timeouts: {implicit: 0, pageLoad: 300000, script: 30000}, unhandledPromptBehavior: dismiss and notify, webauthn:extension:credBlob: true, webauthn:extension:largeBlob: true, webauthn:extension:minPinLength: true, webauthn:extension:prf: true, webauthn:virtualAuthenticators: true}&#10;Session ID: e5e3d20ecd4947491b936a0f47975d85&#10;*** Element info: {Using=xpath, value=//h1[contains(text(),&apos;Pending Allocation&apos;)]/following-sibling::h1}" type="org.openqa.selenium.NoSuchElementException"><![CDATA[org.openqa.selenium.NoSuchElementException: 
no such element: Unable to locate element: {"method":"xpath","selector":"//h1[contains(text(),'Pending Allocation')]/following-sibling::h1"}
  (Session info: chrome=121.0.6167.86)
For documentation on this error, please visit: https://www.seleniumhq.org/exceptions/no_such_element.html
Build info: version: '3.141.59', revision: 'e82be7d358', time: '2018-11-14T08:17:03'
System info: host: 'DPLAP166', ip: '137.237.3.67', os.name: 'Windows 10', os.arch: 'amd64', os.version: '10.0', java.version: '19.0.1'
Driver info: org.openqa.selenium.chrome.ChromeDriver
Capabilities {acceptInsecureCerts: true, browserName: chrome, browserVersion: 121.0.6167.86, chrome: {chromedriverVersion: 121.0.6167.85 (3f98d690ad7e..., userDataDir: C:\Users\dP-PL\AppData\Loca...}, fedcm:accounts: true, goog:chromeOptions: {debuggerAddress: localhost:55824}, javascriptEnabled: true, networkConnectionEnabled: false, pageLoadStrategy: normal, platform: WINDOWS, platformName: WINDOWS, proxy: Proxy(), setWindowRect: true, strictFileInteractability: false, timeouts: {implicit: 0, pageLoad: 300000, script: 30000}, unhandledPromptBehavior: dismiss and notify, webauthn:extension:credBlob: true, webauthn:extension:largeBlob: true, webauthn:extension:minPinLength: true, webauthn:extension:prf: true, webauthn:virtualAuthenticators: true}
Session ID: e5e3d20ecd4947491b936a0f47975d85
*** Element info: {Using=xpath, value=//h1[contains(text(),'Pending Allocation')]/following-sibling::h1}
	at java.base/jdk.internal.reflect.DirectConstructorHandleAccessor.newInstance(DirectConstructorHandleAccessor.java:67)
	at java.base/java.lang.reflect.Constructor.newInstanceWithCaller(Constructor.java:500)
	at java.base/java.lang.reflect.Constructor.newInstance(Constructor.java:484)
	at org.openqa.selenium.remote.http.W3CHttpResponseCodec.createException(W3CHttpResponseCodec.java:187)
	at org.openqa.selenium.remote.http.W3CHttpResponseCodec.decode(W3CHttpResponseCodec.java:122)
	at org.openqa.selenium.remote.http.W3CHttpResponseCodec.decode(W3CHttpResponseCodec.java:49)
	at org.openqa.selenium.remote.HttpCommandExecutor.execute(HttpCommandExecutor.java:158)
	at org.openqa.selenium.remote.service.DriverCommandExecutor.execute(DriverCommandExecutor.java:83)
	at org.openqa.selenium.remote.RemoteWebDriver.execute(RemoteWebDriver.java:552)
	at org.openqa.selenium.remote.RemoteWebDriver.findElement(RemoteWebDriver.java:323)
	at org.openqa.selenium.remote.RemoteWebDriver.findElementByXPath(RemoteWebDriver.java:428)
	at org.openqa.selenium.By$ByXPath.findElement(By.java:353)
	at org.openqa.selenium.remote.RemoteWebDriver.findElement(RemoteWebDriver.java:315)
	at java.base/jdk.internal.reflect.DirectMethodHandleAccessor.invoke(DirectMethodHandleAccessor.java:104)
	at java.base/java.lang.reflect.Method.invoke(Method.java:578)
	at org.openqa.selenium.support.events.EventFiringWebDriver.lambda$new$1(EventFiringWebDriver.java:105)
	at jdk.proxy2/jdk.proxy2.$Proxy25.findElement(Unknown Source)
	at org.openqa.selenium.support.events.EventFiringWebDriver.findElement(EventFiringWebDriver.java:194)
	at org.openqa.selenium.support.pagefactory.DefaultElementLocator.findElement(DefaultElementLocator.java:69)
	at org.openqa.selenium.support.pagefactory.internal.LocatingElementHandler.invoke(LocatingElementHandler.java:38)
	at jdk.proxy2/jdk.proxy2.$Proxy28.getText(Unknown Source)
	at pages.NetworkInstancePage.getactualpendingallocationcount(NetworkInstancePage.java:139)
	at pages.NetworkInstancePage.verifypendingallocationcount(NetworkInstancePage.java:149)
	at XGLT_6688_Test.NextfourDaysPA(XGLT_6688_Test.java:70)
	at java.base/jdk.internal.reflect.DirectMethodHandleAccessor.invoke(DirectMethodHandleAccessor.java:104)
	at java.base/java.lang.reflect.Method.invoke(Method.java:578)
	at org.testng.internal.invokers.MethodInvocationHelper.invokeMethod(MethodInvocationHelper.java:139)
	at org.testng.internal.invokers.TestInvoker.invokeMethod(TestInvoker.java:677)
	at org.testng.internal.invokers.TestInvoker.invokeTestMethod(TestInvoker.java:221)
	at org.testng.internal.invokers.MethodRunner.runInSequence(MethodRunner.java:50)
	at org.testng.internal.invokers.TestInvoker$MethodInvocationAgent.invoke(TestInvoker.java:962)
	at org.testng.internal.invokers.TestInvoker.invokeTestMethods(TestInvoker.java:194)
	at org.testng.internal.invokers.TestMethodWorker.invokeTestMethods(TestMethodWorker.java:148)
	at org.testng.internal.invokers.TestMethodWorker.run(TestMethodWorker.java:128)
	at java.base/java.util.ArrayList.forEach(ArrayList.java:1511)
	at org.testng.TestRunner.privateRun(TestRunner.java:806)
	at org.testng.TestRunner.run(TestRunner.java:601)
	at org.testng.SuiteRunner.runTest(SuiteRunner.java:433)
	at org.testng.SuiteRunner.runSequentially(SuiteRunner.java:427)
	at org.testng.SuiteRunner.privateRun(SuiteRunner.java:387)
	at org.testng.SuiteRunner.run(SuiteRunner.java:330)
	at org.testng.SuiteRunnerWorker.runSuite(SuiteRunnerWorker.java:52)
	at org.testng.SuiteRunnerWorker.run(SuiteRunnerWorker.java:95)
	at org.testng.TestNG.runSuitesSequentially(TestNG.java:1256)
	at org.testng.TestNG.runSuitesLocally(TestNG.java:1176)
	at org.testng.TestNG.runSuites(TestNG.java:1099)
	at org.testng.TestNG.run(TestNG.java:1067)
	at org.apache.maven.surefire.testng.TestNGExecutor.run(TestNGExecutor.java:324)
	at org.apache.maven.surefire.testng.TestNGXmlTestSuite.execute(TestNGXmlTestSuite.java:74)
	at org.apache.maven.surefire.testng.TestNGProvider.invoke(TestNGProvider.java:123)
	at org.apache.maven.surefire.booter.ForkedBooter.runSuitesInProcess(ForkedBooter.java:456)
	at org.apache.maven.surefire.booter.ForkedBooter.execute(ForkedBooter.java:169)
	at org.apache.maven.surefire.booter.ForkedBooter.run(ForkedBooter.java:595)
	at org.apache.maven.surefire.booter.ForkedBooter.main(ForkedBooter.java:581)
]]></failure>
    <system-out><![CDATA[Before method Test name: Maintainance Tests
NextfourDaysPA started!
2024-01-25 22:21:03,751 [main] INFO  base.BaseClass - Trying to find Element By {by.toString()})
2024-01-25 22:21:03,774 [main] INFO  base.BaseClass - Found Element By {by.toString()}
2024-01-25 22:21:04,313 [main] INFO  base.BaseClass - Trying to find Element By {by.toString()})
2024-01-25 22:21:04,336 [main] INFO  base.BaseClass - Found Element By {by.toString()}
2024-01-25 22:21:04,883 [main] INFO  base.BaseClass - Trying to find Element By {by.toString()})
2024-01-25 22:21:04,905 [main] INFO  base.BaseClass - Found Element By {by.toString()}
2024-01-25 22:21:05,449 [main] INFO  base.BaseClass - Trying to find Element By {by.toString()})
2024-01-25 22:21:05,471 [main] INFO  base.BaseClass - Found Element By {by.toString()}
2024-01-25 22:21:06,013 [main] INFO  base.BaseClass - Trying to find Element By {by.toString()})
2024-01-25 22:21:06,035 [main] INFO  base.BaseClass - Found Element By {by.toString()}
2024-01-25 22:21:06,578 [main] INFO  base.BaseClass - Trying to find Element By {by.toString()})
2024-01-25 22:21:06,601 [main] INFO  base.BaseClass - Found Element By {by.toString()}
2024-01-25 22:21:07,141 [main] INFO  base.BaseClass - Trying to find Element By {by.toString()})
2024-01-25 22:21:07,163 [main] INFO  base.BaseClass - Found Element By {by.toString()}
2024-01-25 22:21:07,696 [main] INFO  base.BaseClass - Trying to find Element By {by.toString()})
2024-01-25 22:21:07,719 [main] INFO  base.BaseClass - Found Element By {by.toString()}
2024-01-25 22:21:08,263 [main] INFO  base.BaseClass - Trying to find Element By {by.toString()})
2024-01-25 22:21:08,286 [main] INFO  base.BaseClass - Found Element By {by.toString()}
2024-01-25 22:21:08,828 [main] INFO  base.BaseClass - Trying to find Element By {by.toString()})
2024-01-25 22:21:08,851 [main] INFO  base.BaseClass - Found Element By {by.toString()}
2024-01-25 22:21:09,394 [main] INFO  base.BaseClass - Trying to find Element By {by.toString()})
2024-01-25 22:21:09,415 [main] INFO  base.BaseClass - Found Element By {by.toString()}
2024-01-25 22:21:09,959 [main] INFO  base.BaseClass - Trying to find Element By {by.toString()})
2024-01-25 22:21:09,981 [main] INFO  base.BaseClass - Found Element By {by.toString()}
2024-01-25 22:21:10,525 [main] INFO  base.BaseClass - Trying to find Element By {by.toString()})
2024-01-25 22:21:10,544 [main] INFO  base.BaseClass - Found Element By {by.toString()}
2024-01-25 22:21:11,076 [main] INFO  base.BaseClass - Trying to find Element By {by.toString()})
2024-01-25 22:21:11,099 [main] INFO  base.BaseClass - Found Element By {by.toString()}
2024-01-25 22:21:11,624 [main] INFO  base.BaseClass - Trying to find Element By {by.toString()})
2024-01-25 22:21:11,648 [main] INFO  base.BaseClass - Found Element By {by.toString()}
2024-01-25 22:21:12,191 [main] INFO  base.BaseClass - Trying to find Element By {by.toString()})
2024-01-25 22:21:12,214 [main] INFO  base.BaseClass - Found Element By {by.toString()}
2024-01-25 22:21:12,757 [main] INFO  base.BaseClass - Trying to find Element By {by.toString()})
2024-01-25 22:21:12,782 [main] INFO  base.BaseClass - Found Element By {by.toString()}
2024-01-25 22:21:13,323 [main] INFO  base.BaseClass - Trying to find Element By {by.toString()})
2024-01-25 22:21:13,345 [main] INFO  base.BaseClass - Found Element By {by.toString()}
2024-01-25 22:21:13,887 [main] INFO  base.BaseClass - Trying to find Element By {by.toString()})
2024-01-25 22:21:13,909 [main] INFO  base.BaseClass - Found Element By {by.toString()}
2024-01-25 22:21:14,436 [main] INFO  base.BaseClass - Trying to find Element By {by.toString()})
2024-01-25 22:21:14,457 [main] INFO  base.BaseClass - Found Element By {by.toString()}
2024-01-25 22:21:14,987 [main] INFO  base.BaseClass - Trying to find Element By {by.toString()})
2024-01-25 22:21:15,009 [main] INFO  base.BaseClass - Found Element By {by.toString()}
2024-01-25 22:21:15,549 [main] INFO  base.BaseClass - Trying to find Element By {by.toString()})
2024-01-25 22:21:15,571 [main] INFO  base.BaseClass - Found Element By {by.toString()}
2024-01-25 22:21:16,114 [main] INFO  base.BaseClass - Trying to find Element By {by.toString()})
2024-01-25 22:21:16,136 [main] INFO  base.BaseClass - Found Element By {by.toString()}
2024-01-25 22:21:16,663 [main] INFO  base.BaseClass - Trying to find Element By {by.toString()})
2024-01-25 22:21:16,685 [main] INFO  base.BaseClass - Found Element By {by.toString()}
2024-01-25 22:21:17,229 [main] INFO  base.BaseClass - Trying to find Element By {by.toString()})
2024-01-25 22:21:17,252 [main] INFO  base.BaseClass - Found Element By {by.toString()}
2024-01-25 22:21:17,794 [main] INFO  base.BaseClass - Trying to find Element By {by.toString()})
2024-01-25 22:21:17,817 [main] INFO  base.BaseClass - Found Element By {by.toString()}
2024-01-25 22:21:18,359 [main] INFO  base.BaseClass - Trying to find Element By {by.toString()})
2024-01-25 22:21:18,381 [main] INFO  base.BaseClass - Found Element By {by.toString()}
2024-01-25 22:21:18,911 [main] INFO  base.BaseClass - Trying to find Element By {by.toString()})
2024-01-25 22:21:18,932 [main] INFO  base.BaseClass - Found Element By {by.toString()}
2024-01-25 22:21:19,476 [main] INFO  base.BaseClass - Trying to find Element By {by.toString()})
2024-01-25 22:21:19,495 [main] INFO  base.BaseClass - Found Element By {by.toString()}
2024-01-25 22:21:20,026 [main] INFO  base.BaseClass - Trying to find Element By {by.toString()})
2024-01-25 22:21:20,049 [main] INFO  base.BaseClass - Found Element By {by.toString()}
2024-01-25 22:21:20,577 [main] INFO  base.BaseClass - Trying to find Element By {by.toString()})
2024-01-25 22:21:20,599 [main] INFO  base.BaseClass - Found Element By {by.toString()}
2024-01-25 22:21:21,142 [main] INFO  base.BaseClass - Trying to find Element By {by.toString()})
2024-01-25 22:21:21,165 [main] INFO  base.BaseClass - Found Element By {by.toString()}
2024-01-25 22:21:21,707 [main] INFO  base.BaseClass - Trying to find Element By {by.toString()})
2024-01-25 22:21:21,730 [main] INFO  base.BaseClass - Found Element By {by.toString()}
2024-01-25 22:21:22,271 [main] INFO  base.BaseClass - Trying to find Element By {by.toString()})
2024-01-25 22:21:22,294 [main] INFO  base.BaseClass - Found Element By {by.toString()}
2024-01-25 22:21:22,839 [main] INFO  base.BaseClass - Trying to find Element By {by.toString()})
2024-01-25 22:21:22,862 [main] INFO  base.BaseClass - Found Element By {by.toString()}
2024-01-25 22:21:23,407 [main] INFO  base.BaseClass - Trying to find Element By {by.toString()})
2024-01-25 22:21:23,429 [main] INFO  base.BaseClass - Found Element By {by.toString()}
2024-01-25 22:21:23,970 [main] INFO  base.BaseClass - Trying to find Element By {by.toString()})
2024-01-25 22:21:23,992 [main] INFO  base.BaseClass - Found Element By {by.toString()}
2024-01-25 22:21:24,534 [main] INFO  base.BaseClass - Trying to find Element By {by.toString()})
2024-01-25 22:21:24,555 [main] INFO  base.BaseClass - Found Element By {by.toString()}
2024-01-25 22:21:25,098 [main] INFO  base.BaseClass - Trying to find Element By {by.toString()})
2024-01-25 22:21:25,120 [main] INFO  base.BaseClass - Found Element By {by.toString()}
2024-01-25 22:21:25,661 [main] INFO  base.BaseClass - Trying to find Element By {by.toString()})
2024-01-25 22:21:25,684 [main] INFO  base.BaseClass - Found Element By {by.toString()}
2024-01-25 22:21:26,210 [main] INFO  base.BaseClass - Trying to find Element By {by.toString()})
2024-01-25 22:21:26,230 [main] INFO  base.BaseClass - Found Element By {by.toString()}
2024-01-25 22:21:26,762 [main] INFO  base.BaseClass - Trying to find Element By {by.toString()})
2024-01-25 22:21:26,784 [main] INFO  base.BaseClass - Found Element By {by.toString()}
2024-01-25 22:21:27,326 [main] INFO  base.BaseClass - Trying to find Element By {by.toString()})
2024-01-25 22:21:27,347 [main] INFO  base.BaseClass - Found Element By {by.toString()}
2024-01-25 22:21:27,874 [main] INFO  base.BaseClass - Trying to find Element By {by.toString()})
2024-01-25 22:21:27,896 [main] INFO  base.BaseClass - Found Element By {by.toString()}
2024-01-25 22:21:28,424 [main] INFO  base.BaseClass - Trying to find Element By {by.toString()})
2024-01-25 22:21:28,446 [main] INFO  base.BaseClass - Found Element By {by.toString()}
2024-01-25 22:21:28,987 [main] INFO  base.BaseClass - Trying to find Element By {by.toString()})
2024-01-25 22:21:29,009 [main] INFO  base.BaseClass - Found Element By {by.toString()}
2024-01-25 22:21:29,556 [main] INFO  base.BaseClass - Trying to find Element By {by.toString()})
2024-01-25 22:21:29,577 [main] INFO  base.BaseClass - Found Element By {by.toString()}
2024-01-25 22:21:30,110 [main] INFO  base.BaseClass - Trying to find Element By {by.toString()})
2024-01-25 22:21:30,132 [main] INFO  base.BaseClass - Found Element By {by.toString()}
2024-01-25 22:21:30,676 [main] INFO  base.BaseClass - Trying to find Element By {by.toString()})
2024-01-25 22:21:30,698 [main] INFO  base.BaseClass - Found Element By {by.toString()}
2024-01-25 22:21:31,238 [main] INFO  base.BaseClass - Trying to find Element By {by.toString()})
2024-01-25 22:21:31,261 [main] INFO  base.BaseClass - Found Element By {by.toString()}
2024-01-25 22:21:31,803 [main] INFO  base.BaseClass - Trying to find Element By {by.toString()})
2024-01-25 22:21:31,826 [main] INFO  base.BaseClass - Found Element By {by.toString()}
2024-01-25 22:21:32,367 [main] INFO  base.BaseClass - Trying to find Element By {by.toString()})
2024-01-25 22:21:32,390 [main] INFO  base.BaseClass - Found Element By {by.toString()}
2024-01-25 22:21:32,930 [main] INFO  base.BaseClass - Trying to find Element By {by.toString()})
2024-01-25 22:21:32,952 [main] INFO  base.BaseClass - Found Element By {by.toString()}
2024-01-25 22:21:33,493 [main] INFO  base.BaseClass - Trying to find Element By {by.toString()})
2024-01-25 22:21:33,518 [main] INFO  base.BaseClass - Found Element By {by.toString()}
2024-01-25 22:21:34,063 [main] INFO  base.BaseClass - Trying to find Element By {by.toString()})
2024-01-25 22:21:34,086 [main] INFO  base.BaseClass - Found Element By {by.toString()}
TimeoutException occurred: Expected condition failed: waiting for helper.WaitUtility$5@1d97ca01 (tried for 30 second(s) with 500 milliseconds interval)
Build info: version: '3.141.59', revision: 'e82be7d358', time: '2018-11-14T08:17:03'
System info: host: 'DPLAP166', ip: '137.237.3.67', os.name: 'Windows 10', os.arch: 'amd64', os.version: '10.0', java.version: '19.0.1'
Driver info: org.openqa.selenium.support.events.EventFiringWebDriver
Capabilities {acceptInsecureCerts: true, browserName: chrome, browserVersion: 121.0.6167.86, chrome: {chromedriverVersion: 121.0.6167.85 (3f98d690ad7e..., userDataDir: C:\Users\dP-PL\AppData\Loca...}, fedcm:accounts: true, goog:chromeOptions: {debuggerAddress: localhost:55824}, javascriptEnabled: true, networkConnectionEnabled: false, pageLoadStrategy: normal, platform: WINDOWS, platformName: WINDOWS, proxy: Proxy(), setWindowRect: true, strictFileInteractability: false, timeouts: {implicit: 0, pageLoad: 300000, script: 30000}, unhandledPromptBehavior: dismiss and notify, webauthn:extension:credBlob: true, webauthn:extension:largeBlob: true, webauthn:extension:minPinLength: true, webauthn:extension:prf: true, webauthn:virtualAuthenticators: true}
Session ID: e5e3d20ecd4947491b936a0f47975d85
2024-01-25 22:21:34,105 [main] ERROR XGLT_15177_Test - Element did not become visible within the specified time: Expected condition failed: waiting for helper.WaitUtility$5@1d97ca01 (tried for 30 second(s) with 500 milliseconds interval)
Build info: version: '3.141.59', revision: 'e82be7d358', time: '2018-11-14T08:17:03'
System info: host: 'DPLAP166', ip: '137.237.3.67', os.name: 'Windows 10', os.arch: 'amd64', os.version: '10.0', java.version: '19.0.1'
Driver info: org.openqa.selenium.support.events.EventFiringWebDriver
Capabilities {acceptInsecureCerts: true, browserName: chrome, browserVersion: 121.0.6167.86, chrome: {chromedriverVersion: 121.0.6167.85 (3f98d690ad7e..., userDataDir: C:\Users\dP-PL\AppData\Loca...}, fedcm:accounts: true, goog:chromeOptions: {debuggerAddress: localhost:55824}, javascriptEnabled: true, networkConnectionEnabled: false, pageLoadStrategy: normal, platform: WINDOWS, platformName: WINDOWS, proxy: Proxy(), setWindowRect: true, strictFileInteractability: false, timeouts: {implicit: 0, pageLoad: 300000, script: 30000}, unhandledPromptBehavior: dismiss and notify, webauthn:extension:credBlob: true, webauthn:extension:largeBlob: true, webauthn:extension:minPinLength: true, webauthn:extension:prf: true, webauthn:virtualAuthenticators: true}
Session ID: e5e3d20ecd4947491b936a0f47975d85
2024-01-25 22:21:34,105 [main] INFO  base.BaseClass - Trying to find Element By {by.toString()})
2024-01-25 22:21:34,118 [main] INFO  base.BaseClass - Found Element By {by.toString()}
2024-01-25 22:21:34,118 [main] INFO  base.BaseClass - Trying to click on: {element.toString()}
2024-01-25 22:21:34,255 [main] INFO  base.BaseClass - Clicked on: {element.toString()}
2024-01-25 22:21:34,255 [main] INFO  base.BaseClass - Trying to find Element By {by.toString()})
2024-01-25 22:21:34,270 [main] INFO  base.BaseClass - Found Element By {by.toString()}
TimeoutException occurred: Expected condition failed: waiting for helper.WaitUtility$5@3daca6a4 (tried for 30 second(s) with 500 milliseconds interval)
Build info: version: '3.141.59', revision: 'e82be7d358', time: '2018-11-14T08:17:03'
System info: host: 'DPLAP166', ip: '137.237.3.67', os.name: 'Windows 10', os.arch: 'amd64', os.version: '10.0', java.version: '19.0.1'
Driver info: org.openqa.selenium.support.events.EventFiringWebDriver
Capabilities {acceptInsecureCerts: true, browserName: chrome, browserVersion: 121.0.6167.86, chrome: {chromedriverVersion: 121.0.6167.85 (3f98d690ad7e..., userDataDir: C:\Users\dP-PL\AppData\Loca...}, fedcm:accounts: true, goog:chromeOptions: {debuggerAddress: localhost:55824}, javascriptEnabled: true, networkConnectionEnabled: false, pageLoadStrategy: normal, platform: WINDOWS, platformName: WINDOWS, proxy: Proxy(), setWindowRect: true, strictFileInteractability: false, timeouts: {implicit: 0, pageLoad: 300000, script: 30000}, unhandledPromptBehavior: dismiss and notify, webauthn:extension:credBlob: true, webauthn:extension:largeBlob: true, webauthn:extension:minPinLength: true, webauthn:extension:prf: true, webauthn:virtualAuthenticators: true}
Session ID: e5e3d20ecd4947491b936a0f47975d85
2024-01-25 22:22:04,782 [main] ERROR XGLT_15177_Test - Element did not become visible within the specified time: Expected condition failed: waiting for helper.WaitUtility$5@3daca6a4 (tried for 30 second(s) with 500 milliseconds interval)
Build info: version: '3.141.59', revision: 'e82be7d358', time: '2018-11-14T08:17:03'
System info: host: 'DPLAP166', ip: '137.237.3.67', os.name: 'Windows 10', os.arch: 'amd64', os.version: '10.0', java.version: '19.0.1'
Driver info: org.openqa.selenium.support.events.EventFiringWebDriver
Capabilities {acceptInsecureCerts: true, browserName: chrome, browserVersion: 121.0.6167.86, chrome: {chromedriverVersion: 121.0.6167.85 (3f98d690ad7e..., userDataDir: C:\Users\dP-PL\AppData\Loca...}, fedcm:accounts: true, goog:chromeOptions: {debuggerAddress: localhost:55824}, javascriptEnabled: true, networkConnectionEnabled: false, pageLoadStrategy: normal, platform: WINDOWS, platformName: WINDOWS, proxy: Proxy(), setWindowRect: true, strictFileInteractability: false, timeouts: {implicit: 0, pageLoad: 300000, script: 30000}, unhandledPromptBehavior: dismiss and notify, webauthn:extension:credBlob: true, webauthn:extension:largeBlob: true, webauthn:extension:minPinLength: true, webauthn:extension:prf: true, webauthn:virtualAuthenticators: true}
Session ID: e5e3d20ecd4947491b936a0f47975d85
2024-01-25 22:22:04,782 [main] INFO  base.BaseClass - Trying to click on: {element.toString()}
2024-01-25 22:22:04,916 [main] INFO  base.BaseClass - Clicked on: {element.toString()}
2024-01-25 22:22:04,916 [main] INFO  base.BaseClass - Trying to find Element By {by.toString()})
2024-01-25 22:22:04,929 [main] INFO  base.BaseClass - Found Element By {by.toString()}
TimeoutException occurred: Expected condition failed: waiting for helper.WaitUtility$5@2d088638 (tried for 30 second(s) with 500 milliseconds interval)
Build info: version: '3.141.59', revision: 'e82be7d358', time: '2018-11-14T08:17:03'
System info: host: 'DPLAP166', ip: '137.237.3.67', os.name: 'Windows 10', os.arch: 'amd64', os.version: '10.0', java.version: '19.0.1'
Driver info: org.openqa.selenium.support.events.EventFiringWebDriver
Capabilities {acceptInsecureCerts: true, browserName: chrome, browserVersion: 121.0.6167.86, chrome: {chromedriverVersion: 121.0.6167.85 (3f98d690ad7e..., userDataDir: C:\Users\dP-PL\AppData\Loca...}, fedcm:accounts: true, goog:chromeOptions: {debuggerAddress: localhost:55824}, javascriptEnabled: true, networkConnectionEnabled: false, pageLoadStrategy: normal, platform: WINDOWS, platformName: WINDOWS, proxy: Proxy(), setWindowRect: true, strictFileInteractability: false, timeouts: {implicit: 0, pageLoad: 300000, script: 30000}, unhandledPromptBehavior: dismiss and notify, webauthn:extension:credBlob: true, webauthn:extension:largeBlob: true, webauthn:extension:minPinLength: true, webauthn:extension:prf: true, webauthn:virtualAuthenticators: true}
Session ID: e5e3d20ecd4947491b936a0f47975d85
2024-01-25 22:22:35,102 [main] ERROR XGLT_15177_Test - Element did not become visible within the specified time: Expected condition failed: waiting for helper.WaitUtility$5@2d088638 (tried for 30 second(s) with 500 milliseconds interval)
Build info: version: '3.141.59', revision: 'e82be7d358', time: '2018-11-14T08:17:03'
System info: host: 'DPLAP166', ip: '137.237.3.67', os.name: 'Windows 10', os.arch: 'amd64', os.version: '10.0', java.version: '19.0.1'
Driver info: org.openqa.selenium.support.events.EventFiringWebDriver
Capabilities {acceptInsecureCerts: true, browserName: chrome, browserVersion: 121.0.6167.86, chrome: {chromedriverVersion: 121.0.6167.85 (3f98d690ad7e..., userDataDir: C:\Users\dP-PL\AppData\Loca...}, fedcm:accounts: true, goog:chromeOptions: {debuggerAddress: localhost:55824}, javascriptEnabled: true, networkConnectionEnabled: false, pageLoadStrategy: normal, platform: WINDOWS, platformName: WINDOWS, proxy: Proxy(), setWindowRect: true, strictFileInteractability: false, timeouts: {implicit: 0, pageLoad: 300000, script: 30000}, unhandledPromptBehavior: dismiss and notify, webauthn:extension:credBlob: true, webauthn:extension:largeBlob: true, webauthn:extension:minPinLength: true, webauthn:extension:prf: true, webauthn:virtualAuthenticators: true}
Session ID: e5e3d20ecd4947491b936a0f47975d85
2024-01-25 22:22:35,102 [main] INFO  base.BaseClass - Trying to click on: {element.toString()}
2024-01-25 22:22:35,214 [main] INFO  base.BaseClass - Clicked on: {element.toString()}
2024-01-25 22:22:35,214 [main] INFO  base.BaseClass - Trying to find Element By {by.toString()})
2024-01-25 22:22:35,240 [main] INFO  base.BaseClass - Found Element By {by.toString()}
2024-01-25 22:22:35,256 [main] INFO  base.BaseClass - Trying to find Element By {by.toString()})
2024-01-25 22:22:35,280 [main] INFO  base.BaseClass - Found Element By {by.toString()}
2024-01-25 22:22:35,800 [main] INFO  base.BaseClass - Trying to find Element By {by.toString()})
2024-01-25 22:22:35,827 [main] INFO  base.BaseClass - Found Element By {by.toString()}
2024-01-25 22:22:36,354 [main] INFO  base.BaseClass - Trying to find Element By {by.toString()})
2024-01-25 22:22:36,381 [main] INFO  base.BaseClass - Found Element By {by.toString()}
2024-01-25 22:22:36,902 [main] INFO  base.BaseClass - Trying to find Element By {by.toString()})
2024-01-25 22:22:36,922 [main] INFO  base.BaseClass - Found Element By {by.toString()}
2024-01-25 22:22:37,451 [main] INFO  base.BaseClass - Trying to find Element By {by.toString()})
2024-01-25 22:22:37,475 [main] INFO  base.BaseClass - Found Element By {by.toString()}
2024-01-25 22:22:38,001 [main] INFO  base.BaseClass - Trying to find Element By {by.toString()})
2024-01-25 22:22:38,024 [main] INFO  base.BaseClass - Found Element By {by.toString()}
2024-01-25 22:22:38,550 [main] INFO  base.BaseClass - Trying to find Element By {by.toString()})
2024-01-25 22:22:38,573 [main] INFO  base.BaseClass - Found Element By {by.toString()}
2024-01-25 22:22:39,100 [main] INFO  base.BaseClass - Trying to find Element By {by.toString()})
2024-01-25 22:22:39,123 [main] INFO  base.BaseClass - Found Element By {by.toString()}
2024-01-25 22:22:39,646 [main] INFO  base.BaseClass - Trying to find Element By {by.toString()})
2024-01-25 22:22:39,669 [main] INFO  base.BaseClass - Found Element By {by.toString()}
2024-01-25 22:22:40,197 [main] INFO  base.BaseClass - Trying to find Element By {by.toString()})
2024-01-25 22:22:40,219 [main] INFO  base.BaseClass - Found Element By {by.toString()}
2024-01-25 22:22:40,746 [main] INFO  base.BaseClass - Trying to find Element By {by.toString()})
2024-01-25 22:22:40,768 [main] INFO  base.BaseClass - Found Element By {by.toString()}
2024-01-25 22:22:41,295 [main] INFO  base.BaseClass - Trying to find Element By {by.toString()})
2024-01-25 22:22:41,317 [main] INFO  base.BaseClass - Found Element By {by.toString()}
2024-01-25 22:22:41,843 [main] INFO  base.BaseClass - Trying to find Element By {by.toString()})
2024-01-25 22:22:41,865 [main] INFO  base.BaseClass - Found Element By {by.toString()}
2024-01-25 22:22:42,391 [main] INFO  base.BaseClass - Trying to find Element By {by.toString()})
2024-01-25 22:22:42,415 [main] INFO  base.BaseClass - Found Element By {by.toString()}
2024-01-25 22:22:42,945 [main] INFO  base.BaseClass - Trying to find Element By {by.toString()})
2024-01-25 22:22:42,966 [main] INFO  base.BaseClass - Found Element By {by.toString()}
2024-01-25 22:22:43,494 [main] INFO  base.BaseClass - Trying to find Element By {by.toString()})
2024-01-25 22:22:43,516 [main] INFO  base.BaseClass - Found Element By {by.toString()}
2024-01-25 22:22:44,044 [main] INFO  base.BaseClass - Trying to find Element By {by.toString()})
2024-01-25 22:22:44,067 [main] INFO  base.BaseClass - Found Element By {by.toString()}
2024-01-25 22:22:44,590 [main] INFO  base.BaseClass - Trying to find Element By {by.toString()})
2024-01-25 22:22:44,614 [main] INFO  base.BaseClass - Found Element By {by.toString()}
2024-01-25 22:22:45,138 [main] INFO  base.BaseClass - Trying to find Element By {by.toString()})
2024-01-25 22:22:45,160 [main] INFO  base.BaseClass - Found Element By {by.toString()}
2024-01-25 22:22:45,684 [main] INFO  base.BaseClass - Trying to find Element By {by.toString()})
2024-01-25 22:22:45,703 [main] INFO  base.BaseClass - Found Element By {by.toString()}
2024-01-25 22:22:46,218 [main] INFO  base.BaseClass - Trying to find Element By {by.toString()})
2024-01-25 22:22:46,241 [main] INFO  base.BaseClass - Found Element By {by.toString()}
2024-01-25 22:22:46,765 [main] INFO  base.BaseClass - Trying to find Element By {by.toString()})
2024-01-25 22:22:46,788 [main] INFO  base.BaseClass - Found Element By {by.toString()}
2024-01-25 22:22:47,318 [main] INFO  base.BaseClass - Trying to find Element By {by.toString()})
2024-01-25 22:22:47,342 [main] INFO  base.BaseClass - Found Element By {by.toString()}
2024-01-25 22:22:47,865 [main] INFO  base.BaseClass - Trying to find Element By {by.toString()})
2024-01-25 22:22:47,888 [main] INFO  base.BaseClass - Found Element By {by.toString()}
2024-01-25 22:22:48,412 [main] INFO  base.BaseClass - Trying to find Element By {by.toString()})
2024-01-25 22:22:48,431 [main] INFO  base.BaseClass - Found Element By {by.toString()}
2024-01-25 22:22:48,963 [main] INFO  base.BaseClass - Trying to find Element By {by.toString()})
2024-01-25 22:22:48,981 [main] INFO  base.BaseClass - Found Element By {by.toString()}
2024-01-25 22:22:49,497 [main] INFO  base.BaseClass - Trying to find Element By {by.toString()})
2024-01-25 22:22:49,519 [main] INFO  base.BaseClass - Found Element By {by.toString()}
2024-01-25 22:22:50,045 [main] INFO  base.BaseClass - Trying to find Element By {by.toString()})
2024-01-25 22:22:50,068 [main] INFO  base.BaseClass - Found Element By {by.toString()}
2024-01-25 22:22:50,594 [main] INFO  base.BaseClass - Trying to find Element By {by.toString()})
2024-01-25 22:22:50,609 [main] INFO  base.BaseClass - Found Element By {by.toString()}
2024-01-25 22:22:51,129 [main] INFO  base.BaseClass - Trying to find Element By {by.toString()})
2024-01-25 22:22:51,153 [main] INFO  base.BaseClass - Found Element By {by.toString()}
2024-01-25 22:22:51,676 [main] INFO  base.BaseClass - Trying to find Element By {by.toString()})
2024-01-25 22:22:51,700 [main] INFO  base.BaseClass - Found Element By {by.toString()}
2024-01-25 22:22:52,223 [main] INFO  base.BaseClass - Trying to find Element By {by.toString()})
2024-01-25 22:22:52,248 [main] INFO  base.BaseClass - Found Element By {by.toString()}
2024-01-25 22:22:52,774 [main] INFO  base.BaseClass - Trying to find Element By {by.toString()})
2024-01-25 22:22:52,800 [main] INFO  base.BaseClass - Found Element By {by.toString()}
2024-01-25 22:22:53,326 [main] INFO  base.BaseClass - Trying to find Element By {by.toString()})
2024-01-25 22:22:53,350 [main] INFO  base.BaseClass - Found Element By {by.toString()}
2024-01-25 22:22:53,873 [main] INFO  base.BaseClass - Trying to find Element By {by.toString()})
2024-01-25 22:22:53,899 [main] INFO  base.BaseClass - Found Element By {by.toString()}
2024-01-25 22:22:54,424 [main] INFO  base.BaseClass - Trying to find Element By {by.toString()})
2024-01-25 22:22:54,447 [main] INFO  base.BaseClass - Found Element By {by.toString()}
2024-01-25 22:22:54,974 [main] INFO  base.BaseClass - Trying to find Element By {by.toString()})
2024-01-25 22:22:54,997 [main] INFO  base.BaseClass - Found Element By {by.toString()}
2024-01-25 22:22:55,525 [main] INFO  base.BaseClass - Trying to find Element By {by.toString()})
2024-01-25 22:22:55,548 [main] INFO  base.BaseClass - Found Element By {by.toString()}
2024-01-25 22:22:56,070 [main] INFO  base.BaseClass - Trying to find Element By {by.toString()})
2024-01-25 22:22:56,091 [main] INFO  base.BaseClass - Found Element By {by.toString()}
2024-01-25 22:22:56,620 [main] INFO  base.BaseClass - Trying to find Element By {by.toString()})
2024-01-25 22:22:56,644 [main] INFO  base.BaseClass - Found Element By {by.toString()}
2024-01-25 22:22:57,170 [main] INFO  base.BaseClass - Trying to find Element By {by.toString()})
2024-01-25 22:22:57,192 [main] INFO  base.BaseClass - Found Element By {by.toString()}
2024-01-25 22:22:57,718 [main] INFO  base.BaseClass - Trying to find Element By {by.toString()})
2024-01-25 22:22:57,742 [main] INFO  base.BaseClass - Found Element By {by.toString()}
2024-01-25 22:22:58,268 [main] INFO  base.BaseClass - Trying to find Element By {by.toString()})
2024-01-25 22:22:58,290 [main] INFO  base.BaseClass - Found Element By {by.toString()}
2024-01-25 22:22:58,816 [main] INFO  base.BaseClass - Trying to find Element By {by.toString()})
2024-01-25 22:22:58,838 [main] INFO  base.BaseClass - Found Element By {by.toString()}
2024-01-25 22:22:59,365 [main] INFO  base.BaseClass - Trying to find Element By {by.toString()})
2024-01-25 22:22:59,388 [main] INFO  base.BaseClass - Found Element By {by.toString()}
2024-01-25 22:22:59,915 [main] INFO  base.BaseClass - Trying to find Element By {by.toString()})
2024-01-25 22:22:59,939 [main] INFO  base.BaseClass - Found Element By {by.toString()}
2024-01-25 22:23:00,481 [main] INFO  base.BaseClass - Trying to find Element By {by.toString()})
2024-01-25 22:23:00,503 [main] INFO  base.BaseClass - Found Element By {by.toString()}
2024-01-25 22:23:01,027 [main] INFO  base.BaseClass - Trying to find Element By {by.toString()})
2024-01-25 22:23:01,049 [main] INFO  base.BaseClass - Found Element By {by.toString()}
2024-01-25 22:23:01,572 [main] INFO  base.BaseClass - Trying to find Element By {by.toString()})
2024-01-25 22:23:01,619 [main] INFO  base.BaseClass - Found Element By {by.toString()}
2024-01-25 22:23:02,135 [main] INFO  base.BaseClass - Trying to find Element By {by.toString()})
2024-01-25 22:23:02,159 [main] INFO  base.BaseClass - Found Element By {by.toString()}
2024-01-25 22:23:02,683 [main] INFO  base.BaseClass - Trying to find Element By {by.toString()})
2024-01-25 22:23:02,708 [main] INFO  base.BaseClass - Found Element By {by.toString()}
2024-01-25 22:23:03,232 [main] INFO  base.BaseClass - Trying to find Element By {by.toString()})
2024-01-25 22:23:03,256 [main] INFO  base.BaseClass - Found Element By {by.toString()}
2024-01-25 22:23:03,784 [main] INFO  base.BaseClass - Trying to find Element By {by.toString()})
2024-01-25 22:23:03,809 [main] INFO  base.BaseClass - Found Element By {by.toString()}
2024-01-25 22:23:04,334 [main] INFO  base.BaseClass - Trying to find Element By {by.toString()})
2024-01-25 22:23:04,359 [main] INFO  base.BaseClass - Found Element By {by.toString()}
2024-01-25 22:23:04,884 [main] INFO  base.BaseClass - Trying to find Element By {by.toString()})
2024-01-25 22:23:04,908 [main] INFO  base.BaseClass - Found Element By {by.toString()}
2024-01-25 22:23:05,433 [main] INFO  base.BaseClass - Trying to find Element By {by.toString()})
2024-01-25 22:23:05,457 [main] INFO  base.BaseClass - Found Element By {by.toString()}
2024-01-25 22:23:05,980 [main] INFO  base.BaseClass - Trying to find Element By {by.toString()})
2024-01-25 22:23:06,004 [main] INFO  base.BaseClass - Found Element By {by.toString()}
2024-01-25 22:23:06,530 [main] INFO  base.BaseClass - Trying to find Element By {by.toString()})
2024-01-25 22:23:06,553 [main] INFO  base.BaseClass - Found Element By {by.toString()}
2024-01-25 22:23:07,080 [main] INFO  base.BaseClass - Trying to find Element By {by.toString()})
2024-01-25 22:23:07,099 [main] INFO  base.BaseClass - Found Element By {by.toString()}
2024-01-25 22:23:07,628 [main] INFO  base.BaseClass - Trying to find Element By {by.toString()})
2024-01-25 22:23:07,651 [main] INFO  base.BaseClass - Found Element By {by.toString()}
2024-01-25 22:23:08,178 [main] INFO  base.BaseClass - Trying to find Element By {by.toString()})
2024-01-25 22:23:08,202 [main] INFO  base.BaseClass - Found Element By {by.toString()}
2024-01-25 22:23:08,726 [main] INFO  base.BaseClass - Trying to find Element By {by.toString()})
2024-01-25 22:23:08,749 [main] INFO  base.BaseClass - Found Element By {by.toString()}
2024-01-25 22:23:09,277 [main] INFO  base.BaseClass - Trying to find Element By {by.toString()})
2024-01-25 22:23:09,301 [main] INFO  base.BaseClass - Found Element By {by.toString()}
2024-01-25 22:23:09,828 [main] INFO  base.BaseClass - Trying to find Element By {by.toString()})
2024-01-25 22:23:09,851 [main] INFO  base.BaseClass - Found Element By {by.toString()}
2024-01-25 22:23:10,378 [main] INFO  base.BaseClass - Trying to find Element By {by.toString()})
2024-01-25 22:23:10,400 [main] INFO  base.BaseClass - Found Element By {by.toString()}
2024-01-25 22:23:10,928 [main] INFO  base.BaseClass - Trying to find Element By {by.toString()})
2024-01-25 22:23:10,951 [main] INFO  base.BaseClass - Found Element By {by.toString()}
2024-01-25 22:23:11,475 [main] INFO  base.BaseClass - Trying to find Element By {by.toString()})
2024-01-25 22:23:11,497 [main] INFO  base.BaseClass - Found Element By {by.toString()}
2024-01-25 22:23:12,022 [main] INFO  base.BaseClass - Trying to find Element By {by.toString()})
2024-01-25 22:23:12,044 [main] INFO  base.BaseClass - Found Element By {by.toString()}
2024-01-25 22:23:12,571 [main] INFO  base.BaseClass - Trying to find Element By {by.toString()})
2024-01-25 22:23:12,594 [main] INFO  base.BaseClass - Found Element By {by.toString()}
2024-01-25 22:23:13,124 [main] INFO  base.BaseClass - Trying to find Element By {by.toString()})
2024-01-25 22:23:13,143 [main] INFO  base.BaseClass - Found Element By {by.toString()}
2024-01-25 22:23:13,676 [main] INFO  base.BaseClass - Trying to find Element By {by.toString()})
2024-01-25 22:23:13,695 [main] INFO  base.BaseClass - Found Element By {by.toString()}
2024-01-25 22:23:14,208 [main] INFO  base.BaseClass - Trying to find Element By {by.toString()})
2024-01-25 22:23:14,229 [main] INFO  base.BaseClass - Found Element By {by.toString()}
2024-01-25 22:23:14,758 [main] INFO  base.BaseClass - Trying to find Element By {by.toString()})
2024-01-25 22:23:14,780 [main] INFO  base.BaseClass - Found Element By {by.toString()}
2024-01-25 22:23:15,309 [main] INFO  base.BaseClass - Trying to find Element By {by.toString()})
2024-01-25 22:23:15,331 [main] INFO  base.BaseClass - Found Element By {by.toString()}
2024-01-25 22:23:15,858 [main] INFO  base.BaseClass - Trying to find Element By {by.toString()})
2024-01-25 22:23:15,880 [main] INFO  base.BaseClass - Found Element By {by.toString()}
2024-01-25 22:23:16,407 [main] INFO  base.BaseClass - Trying to find Element By {by.toString()})
2024-01-25 22:23:16,430 [main] INFO  base.BaseClass - Found Element By {by.toString()}
2024-01-25 22:23:16,958 [main] INFO  base.BaseClass - Trying to find Element By {by.toString()})
2024-01-25 22:23:16,981 [main] INFO  base.BaseClass - Found Element By {by.toString()}
2024-01-25 22:23:17,509 [main] INFO  base.BaseClass - Trying to find Element By {by.toString()})
2024-01-25 22:23:17,531 [main] INFO  base.BaseClass - Found Element By {by.toString()}
2024-01-25 22:23:18,057 [main] INFO  base.BaseClass - Trying to find Element By {by.toString()})
2024-01-25 22:23:18,080 [main] INFO  base.BaseClass - Found Element By {by.toString()}
2024-01-25 22:23:18,607 [main] INFO  base.BaseClass - Trying to find Element By {by.toString()})
2024-01-25 22:23:18,631 [main] INFO  base.BaseClass - Found Element By {by.toString()}
2024-01-25 22:23:19,157 [main] INFO  base.BaseClass - Trying to find Element By {by.toString()})
2024-01-25 22:23:19,173 [main] INFO  base.BaseClass - Found Element By {by.toString()}
2024-01-25 22:23:19,702 [main] INFO  base.BaseClass - Trying to find Element By {by.toString()})
2024-01-25 22:23:19,726 [main] INFO  base.BaseClass - Found Element By {by.toString()}
2024-01-25 22:23:20,253 [main] INFO  base.BaseClass - Trying to find Element By {by.toString()})
2024-01-25 22:23:20,276 [main] INFO  base.BaseClass - Found Element By {by.toString()}
2024-01-25 22:23:20,803 [main] INFO  base.BaseClass - Trying to find Element By {by.toString()})
2024-01-25 22:23:20,826 [main] INFO  base.BaseClass - Found Element By {by.toString()}
2024-01-25 22:23:21,354 [main] INFO  base.BaseClass - Trying to find Element By {by.toString()})
2024-01-25 22:23:21,377 [main] INFO  base.BaseClass - Found Element By {by.toString()}
2024-01-25 22:23:21,902 [main] INFO  base.BaseClass - Trying to find Element By {by.toString()})
2024-01-25 22:23:21,922 [main] INFO  base.BaseClass - Found Element By {by.toString()}
2024-01-25 22:23:22,449 [main] INFO  base.BaseClass - Trying to find Element By {by.toString()})
2024-01-25 22:23:22,473 [main] INFO  base.BaseClass - Found Element By {by.toString()}
2024-01-25 22:23:22,998 [main] INFO  base.BaseClass - Trying to find Element By {by.toString()})
2024-01-25 22:23:23,020 [main] INFO  base.BaseClass - Found Element By {by.toString()}
2024-01-25 22:23:23,549 [main] INFO  base.BaseClass - Trying to find Element By {by.toString()})
2024-01-25 22:23:23,570 [main] INFO  base.BaseClass - Found Element By {by.toString()}
2024-01-25 22:23:24,100 [main] INFO  base.BaseClass - Trying to find Element By {by.toString()})
2024-01-25 22:23:24,125 [main] INFO  base.BaseClass - Found Element By {by.toString()}
2024-01-25 22:23:24,650 [main] INFO  base.BaseClass - Trying to find Element By {by.toString()})
2024-01-25 22:23:24,672 [main] INFO  base.BaseClass - Found Element By {by.toString()}
2024-01-25 22:23:25,200 [main] INFO  base.BaseClass - Trying to find Element By {by.toString()})
2024-01-25 22:23:25,221 [main] INFO  base.BaseClass - Found Element By {by.toString()}
2024-01-25 22:23:25,746 [main] INFO  base.BaseClass - Trying to find Element By {by.toString()})
2024-01-25 22:23:25,767 [main] INFO  base.BaseClass - Found Element By {by.toString()}
2024-01-25 22:23:26,294 [main] INFO  base.BaseClass - Trying to find Element By {by.toString()})
2024-01-25 22:23:26,316 [main] INFO  base.BaseClass - Found Element By {by.toString()}
2024-01-25 22:23:26,844 [main] INFO  base.BaseClass - Trying to find Element By {by.toString()})
2024-01-25 22:23:26,861 [main] INFO  base.BaseClass - Found Element By {by.toString()}
2024-01-25 22:23:27,380 [main] INFO  base.BaseClass - Trying to find Element By {by.toString()})
2024-01-25 22:23:27,402 [main] INFO  base.BaseClass - Found Element By {by.toString()}
2024-01-25 22:23:27,928 [main] INFO  base.BaseClass - Trying to find Element By {by.toString()})
2024-01-25 22:23:27,951 [main] INFO  base.BaseClass - Found Element By {by.toString()}
2024-01-25 22:23:28,478 [main] INFO  base.BaseClass - Trying to find Element By {by.toString()})
2024-01-25 22:23:28,501 [main] INFO  base.BaseClass - Found Element By {by.toString()}
2024-01-25 22:23:29,030 [main] INFO  base.BaseClass - Trying to find Element By {by.toString()})
2024-01-25 22:23:29,044 [main] INFO  base.BaseClass - Found Element By {by.toString()}
2024-01-25 22:23:29,562 [main] INFO  base.BaseClass - Trying to find Element By {by.toString()})
2024-01-25 22:23:29,585 [main] INFO  base.BaseClass - Found Element By {by.toString()}
2024-01-25 22:23:30,112 [main] INFO  base.BaseClass - Trying to find Element By {by.toString()})
2024-01-25 22:23:30,130 [main] INFO  base.BaseClass - Found Element By {by.toString()}
2024-01-25 22:23:30,648 [main] INFO  base.BaseClass - Trying to find Element By {by.toString()})
2024-01-25 22:23:30,661 [main] INFO  base.BaseClass - Found Element By {by.toString()}
2024-01-25 22:23:31,182 [main] INFO  base.BaseClass - Trying to find Element By {by.toString()})
2024-01-25 22:23:31,205 [main] INFO  base.BaseClass - Found Element By {by.toString()}
2024-01-25 22:23:31,731 [main] INFO  base.BaseClass - Trying to find Element By {by.toString()})
2024-01-25 22:23:31,754 [main] INFO  base.BaseClass - Found Element By {by.toString()}
2024-01-25 22:23:32,278 [main] INFO  base.BaseClass - Trying to find Element By {by.toString()})
2024-01-25 22:23:32,299 [main] INFO  base.BaseClass - Found Element By {by.toString()}
2024-01-25 22:23:32,830 [main] INFO  base.BaseClass - Trying to find Element By {by.toString()})
2024-01-25 22:23:32,853 [main] INFO  base.BaseClass - Found Element By {by.toString()}
2024-01-25 22:23:33,381 [main] INFO  base.BaseClass - Trying to find Element By {by.toString()})
2024-01-25 22:23:33,403 [main] INFO  base.BaseClass - Found Element By {by.toString()}
2024-01-25 22:23:33,931 [main] INFO  base.BaseClass - Trying to find Element By {by.toString()})
2024-01-25 22:23:33,951 [main] INFO  base.BaseClass - Found Element By {by.toString()}
2024-01-25 22:23:34,478 [main] INFO  base.BaseClass - Trying to find Element By {by.toString()})
2024-01-25 22:23:34,500 [main] INFO  base.BaseClass - Found Element By {by.toString()}
2024-01-25 22:23:35,026 [main] INFO  base.BaseClass - Trying to find Element By {by.toString()})
2024-01-25 22:23:35,049 [main] INFO  base.BaseClass - Found Element By {by.toString()}
2024-01-25 22:23:35,579 [main] INFO  base.BaseClass - Trying to find Element By {by.toString()})
2024-01-25 22:23:35,601 [main] INFO  base.BaseClass - Found Element By {by.toString()}
TimeoutException occurred: Expected condition failed: waiting for helper.WaitUtility$3@226ebed4 (tried for 60 second(s) with 500 milliseconds interval)
Build info: version: '3.141.59', revision: 'e82be7d358', time: '2018-11-14T08:17:03'
System info: host: 'DPLAP166', ip: '137.237.3.67', os.name: 'Windows 10', os.arch: 'amd64', os.version: '10.0', java.version: '19.0.1'
Driver info: org.openqa.selenium.support.events.EventFiringWebDriver
Capabilities {acceptInsecureCerts: true, browserName: chrome, browserVersion: 121.0.6167.86, chrome: {chromedriverVersion: 121.0.6167.85 (3f98d690ad7e..., userDataDir: C:\Users\dP-PL\AppData\Loca...}, fedcm:accounts: true, goog:chromeOptions: {debuggerAddress: localhost:55824}, javascriptEnabled: true, networkConnectionEnabled: false, pageLoadStrategy: normal, platform: WINDOWS, platformName: WINDOWS, proxy: Proxy(), setWindowRect: true, strictFileInteractability: false, timeouts: {implicit: 0, pageLoad: 300000, script: 30000}, unhandledPromptBehavior: dismiss and notify, webauthn:extension:credBlob: true, webauthn:extension:largeBlob: true, webauthn:extension:minPinLength: true, webauthn:extension:prf: true, webauthn:virtualAuthenticators: true}
Session ID: e5e3d20ecd4947491b936a0f47975d85
2024-01-25 22:23:35,620 [main] ERROR XGLT_15177_Test - Element did not become visible within the specified time: Expected condition failed: waiting for helper.WaitUtility$3@226ebed4 (tried for 60 second(s) with 500 milliseconds interval)
Build info: version: '3.141.59', revision: 'e82be7d358', time: '2018-11-14T08:17:03'
System info: host: 'DPLAP166', ip: '137.237.3.67', os.name: 'Windows 10', os.arch: 'amd64', os.version: '10.0', java.version: '19.0.1'
Driver info: org.openqa.selenium.support.events.EventFiringWebDriver
Capabilities {acceptInsecureCerts: true, browserName: chrome, browserVersion: 121.0.6167.86, chrome: {chromedriverVersion: 121.0.6167.85 (3f98d690ad7e..., userDataDir: C:\Users\dP-PL\AppData\Loca...}, fedcm:accounts: true, goog:chromeOptions: {debuggerAddress: localhost:55824}, javascriptEnabled: true, networkConnectionEnabled: false, pageLoadStrategy: normal, platform: WINDOWS, platformName: WINDOWS, proxy: Proxy(), setWindowRect: true, strictFileInteractability: false, timeouts: {implicit: 0, pageLoad: 300000, script: 30000}, unhandledPromptBehavior: dismiss and notify, webauthn:extension:credBlob: true, webauthn:extension:largeBlob: true, webauthn:extension:minPinLength: true, webauthn:extension:prf: true, webauthn:virtualAuthenticators: true}
Session ID: e5e3d20ecd4947491b936a0f47975d85
2024-01-25 22:23:35,620 [main] INFO  base.BaseClass - Trying to find Element By {by.toString()})
2024-01-25 22:23:35,639 [main] INFO  base.BaseClass - Found Element By {by.toString()}
2024-01-25 22:23:35,660 [main] INFO  base.BaseClass - Trying to find Element By {by.toString()})
2024-01-25 22:23:35,680 [main] INFO  base.BaseClass - Found Element By {by.toString()}
Mc count 1232
2024-01-25 22:23:36,007 [main] INFO  base.BaseClass - Trying to find Element By {by.toString()})
TimeoutException occurred: Expected condition failed: waiting for helper.WaitUtility$4@585bb090 (tried for 50 second(s) with 500 milliseconds interval)
2024-01-25 22:24:26,063 [main] ERROR XGLT_15177_Test - Element did not become visible within the specified time: Expected condition failed: waiting for helper.WaitUtility$4@585bb090 (tried for 50 second(s) with 500 milliseconds interval)
2024-01-25 22:24:26,064 [main] INFO  base.BaseClass - Trying to find Element By {by.toString()})
2024-01-25 22:24:26,089 [main] INFO  base.BaseClass - Found Element By {by.toString()}
2024-01-25 22:24:26,637 [main] INFO  base.BaseClass - Trying to find Element By {by.toString()})
2024-01-25 22:24:26,659 [main] INFO  base.BaseClass - Found Element By {by.toString()}
2024-01-25 22:24:27,202 [main] INFO  base.BaseClass - Trying to find Element By {by.toString()})
2024-01-25 22:24:27,220 [main] INFO  base.BaseClass - Found Element By {by.toString()}
2024-01-25 22:24:27,753 [main] INFO  base.BaseClass - Trying to find Element By {by.toString()})
2024-01-25 22:24:27,776 [main] INFO  base.BaseClass - Found Element By {by.toString()}
2024-01-25 22:24:28,320 [main] INFO  base.BaseClass - Trying to find Element By {by.toString()})
2024-01-25 22:24:28,344 [main] INFO  base.BaseClass - Found Element By {by.toString()}
2024-01-25 22:24:28,887 [main] INFO  base.BaseClass - Trying to find Element By {by.toString()})
2024-01-25 22:24:28,910 [main] INFO  base.BaseClass - Found Element By {by.toString()}
2024-01-25 22:24:29,454 [main] INFO  base.BaseClass - Trying to find Element By {by.toString()})
2024-01-25 22:24:29,474 [main] INFO  base.BaseClass - Found Element By {by.toString()}
2024-01-25 22:24:30,018 [main] INFO  base.BaseClass - Trying to find Element By {by.toString()})
2024-01-25 22:24:30,041 [main] INFO  base.BaseClass - Found Element By {by.toString()}
2024-01-25 22:24:30,582 [main] INFO  base.BaseClass - Trying to find Element By {by.toString()})
2024-01-25 22:24:30,603 [main] INFO  base.BaseClass - Found Element By {by.toString()}
2024-01-25 22:24:31,147 [main] INFO  base.BaseClass - Trying to find Element By {by.toString()})
2024-01-25 22:24:31,169 [main] INFO  base.BaseClass - Found Element By {by.toString()}
2024-01-25 22:24:31,709 [main] INFO  base.BaseClass - Trying to find Element By {by.toString()})
2024-01-25 22:24:31,941 [main] INFO  base.BaseClass - Found Element By {by.toString()}
2024-01-25 22:24:32,465 [main] INFO  base.BaseClass - Trying to find Element By {by.toString()})
2024-01-25 22:24:32,490 [main] INFO  base.BaseClass - Found Element By {by.toString()}
2024-01-25 22:24:33,027 [main] INFO  base.BaseClass - Trying to find Element By {by.toString()})
2024-01-25 22:24:33,051 [main] INFO  base.BaseClass - Found Element By {by.toString()}
2024-01-25 22:24:33,592 [main] INFO  base.BaseClass - Trying to find Element By {by.toString()})
2024-01-25 22:24:33,614 [main] INFO  base.BaseClass - Found Element By {by.toString()}
2024-01-25 22:24:34,157 [main] INFO  base.BaseClass - Trying to find Element By {by.toString()})
2024-01-25 22:24:34,179 [main] INFO  base.BaseClass - Found Element By {by.toString()}
2024-01-25 22:24:34,704 [main] INFO  base.BaseClass - Trying to find Element By {by.toString()})
2024-01-25 22:24:34,726 [main] INFO  base.BaseClass - Found Element By {by.toString()}
2024-01-25 22:24:35,271 [main] INFO  base.BaseClass - Trying to find Element By {by.toString()})
2024-01-25 22:24:35,290 [main] INFO  base.BaseClass - Found Element By {by.toString()}
2024-01-25 22:24:35,819 [main] INFO  base.BaseClass - Trying to find Element By {by.toString()})
2024-01-25 22:24:35,842 [main] INFO  base.BaseClass - Found Element By {by.toString()}
2024-01-25 22:24:36,381 [main] INFO  base.BaseClass - Trying to find Element By {by.toString()})
2024-01-25 22:24:36,404 [main] INFO  base.BaseClass - Found Element By {by.toString()}
2024-01-25 22:24:36,945 [main] INFO  base.BaseClass - Trying to find Element By {by.toString()})
2024-01-25 22:24:36,967 [main] INFO  base.BaseClass - Found Element By {by.toString()}
2024-01-25 22:24:37,511 [main] INFO  base.BaseClass - Trying to find Element By {by.toString()})
2024-01-25 22:24:37,528 [main] INFO  base.BaseClass - Found Element By {by.toString()}
2024-01-25 22:24:38,058 [main] INFO  base.BaseClass - Trying to find Element By {by.toString()})
2024-01-25 22:24:38,080 [main] INFO  base.BaseClass - Found Element By {by.toString()}
2024-01-25 22:24:38,620 [main] INFO  base.BaseClass - Trying to find Element By {by.toString()})
2024-01-25 22:24:38,640 [main] INFO  base.BaseClass - Found Element By {by.toString()}
2024-01-25 22:24:39,187 [main] INFO  base.BaseClass - Trying to find Element By {by.toString()})
2024-01-25 22:24:39,209 [main] INFO  base.BaseClass - Found Element By {by.toString()}
2024-01-25 22:24:39,752 [main] INFO  base.BaseClass - Trying to find Element By {by.toString()})
2024-01-25 22:24:39,776 [main] INFO  base.BaseClass - Found Element By {by.toString()}
2024-01-25 22:24:40,319 [main] INFO  base.BaseClass - Trying to find Element By {by.toString()})
2024-01-25 22:24:40,341 [main] INFO  base.BaseClass - Found Element By {by.toString()}
2024-01-25 22:24:40,885 [main] INFO  base.BaseClass - Trying to find Element By {by.toString()})
2024-01-25 22:24:40,908 [main] INFO  base.BaseClass - Found Element By {by.toString()}
2024-01-25 22:24:41,450 [main] INFO  base.BaseClass - Trying to find Element By {by.toString()})
2024-01-25 22:24:41,473 [main] INFO  base.BaseClass - Found Element By {by.toString()}
2024-01-25 22:24:42,017 [main] INFO  base.BaseClass - Trying to find Element By {by.toString()})
2024-01-25 22:24:42,039 [main] INFO  base.BaseClass - Found Element By {by.toString()}
2024-01-25 22:24:42,583 [main] INFO  base.BaseClass - Trying to find Element By {by.toString()})
2024-01-25 22:24:42,606 [main] INFO  base.BaseClass - Found Element By {by.toString()}
2024-01-25 22:24:43,148 [main] INFO  base.BaseClass - Trying to find Element By {by.toString()})
2024-01-25 22:24:43,170 [main] INFO  base.BaseClass - Found Element By {by.toString()}
2024-01-25 22:24:43,713 [main] INFO  base.BaseClass - Trying to find Element By {by.toString()})
2024-01-25 22:24:43,736 [main] INFO  base.BaseClass - Found Element By {by.toString()}
2024-01-25 22:24:44,280 [main] INFO  base.BaseClass - Trying to find Element By {by.toString()})
2024-01-25 22:24:44,303 [main] INFO  base.BaseClass - Found Element By {by.toString()}
2024-01-25 22:24:44,830 [main] INFO  base.BaseClass - Trying to find Element By {by.toString()})
2024-01-25 22:24:44,852 [main] INFO  base.BaseClass - Found Element By {by.toString()}
2024-01-25 22:24:45,394 [main] INFO  base.BaseClass - Trying to find Element By {by.toString()})
2024-01-25 22:24:45,416 [main] INFO  base.BaseClass - Found Element By {by.toString()}
2024-01-25 22:24:45,962 [main] INFO  base.BaseClass - Trying to find Element By {by.toString()})
2024-01-25 22:24:45,985 [main] INFO  base.BaseClass - Found Element By {by.toString()}
2024-01-25 22:24:46,529 [main] INFO  base.BaseClass - Trying to find Element By {by.toString()})
2024-01-25 22:24:46,550 [main] INFO  base.BaseClass - Found Element By {by.toString()}
2024-01-25 22:24:47,079 [main] INFO  base.BaseClass - Trying to find Element By {by.toString()})
2024-01-25 22:24:47,100 [main] INFO  base.BaseClass - Found Element By {by.toString()}
2024-01-25 22:24:47,644 [main] INFO  base.BaseClass - Trying to find Element By {by.toString()})
2024-01-25 22:24:47,663 [main] INFO  base.BaseClass - Found Element By {by.toString()}
2024-01-25 22:24:48,192 [main] INFO  base.BaseClass - Trying to find Element By {by.toString()})
2024-01-25 22:24:48,215 [main] INFO  base.BaseClass - Found Element By {by.toString()}
2024-01-25 22:24:48,758 [main] INFO  base.BaseClass - Trying to find Element By {by.toString()})
2024-01-25 22:24:48,781 [main] INFO  base.BaseClass - Found Element By {by.toString()}
2024-01-25 22:24:49,323 [main] INFO  base.BaseClass - Trying to find Element By {by.toString()})
2024-01-25 22:24:49,346 [main] INFO  base.BaseClass - Found Element By {by.toString()}
2024-01-25 22:24:49,889 [main] INFO  base.BaseClass - Trying to find Element By {by.toString()})
2024-01-25 22:24:49,912 [main] INFO  base.BaseClass - Found Element By {by.toString()}
2024-01-25 22:24:50,450 [main] INFO  base.BaseClass - Trying to find Element By {by.toString()})
2024-01-25 22:24:50,473 [main] INFO  base.BaseClass - Found Element By {by.toString()}
2024-01-25 22:24:51,012 [main] INFO  base.BaseClass - Trying to find Element By {by.toString()})
2024-01-25 22:24:51,033 [main] INFO  base.BaseClass - Found Element By {by.toString()}
2024-01-25 22:24:51,574 [main] INFO  base.BaseClass - Trying to find Element By {by.toString()})
2024-01-25 22:24:51,597 [main] INFO  base.BaseClass - Found Element By {by.toString()}
2024-01-25 22:24:52,136 [main] INFO  base.BaseClass - Trying to find Element By {by.toString()})
2024-01-25 22:24:52,159 [main] INFO  base.BaseClass - Found Element By {by.toString()}
2024-01-25 22:24:52,703 [main] INFO  base.BaseClass - Trying to find Element By {by.toString()})
2024-01-25 22:24:52,726 [main] INFO  base.BaseClass - Found Element By {by.toString()}
2024-01-25 22:24:53,255 [main] INFO  base.BaseClass - Trying to find Element By {by.toString()})
2024-01-25 22:24:53,276 [main] INFO  base.BaseClass - Found Element By {by.toString()}
2024-01-25 22:24:53,820 [main] INFO  base.BaseClass - Trying to find Element By {by.toString()})
2024-01-25 22:24:53,844 [main] INFO  base.BaseClass - Found Element By {by.toString()}
2024-01-25 22:24:54,384 [main] INFO  base.BaseClass - Trying to find Element By {by.toString()})
2024-01-25 22:24:54,406 [main] INFO  base.BaseClass - Found Element By {by.toString()}
2024-01-25 22:24:54,949 [main] INFO  base.BaseClass - Trying to find Element By {by.toString()})
2024-01-25 22:24:54,972 [main] INFO  base.BaseClass - Found Element By {by.toString()}
2024-01-25 22:24:55,514 [main] INFO  base.BaseClass - Trying to find Element By {by.toString()})
2024-01-25 22:24:55,538 [main] INFO  base.BaseClass - Found Element By {by.toString()}
2024-01-25 22:24:56,080 [main] INFO  base.BaseClass - Trying to find Element By {by.toString()})
2024-01-25 22:24:56,103 [main] INFO  base.BaseClass - Found Element By {by.toString()}
TimeoutException occurred: Expected condition failed: waiting for helper.WaitUtility$5@635b99f7 (tried for 30 second(s) with 500 milliseconds interval)
Build info: version: '3.141.59', revision: 'e82be7d358', time: '2018-11-14T08:17:03'
System info: host: 'DPLAP166', ip: '137.237.3.67', os.name: 'Windows 10', os.arch: 'amd64', os.version: '10.0', java.version: '19.0.1'
Driver info: org.openqa.selenium.support.events.EventFiringWebDriver
Capabilities {acceptInsecureCerts: true, browserName: chrome, browserVersion: 121.0.6167.86, chrome: {chromedriverVersion: 121.0.6167.85 (3f98d690ad7e..., userDataDir: C:\Users\dP-PL\AppData\Loca...}, fedcm:accounts: true, goog:chromeOptions: {debuggerAddress: localhost:55824}, javascriptEnabled: true, networkConnectionEnabled: false, pageLoadStrategy: normal, platform: WINDOWS, platformName: WINDOWS, proxy: Proxy(), setWindowRect: true, strictFileInteractability: false, timeouts: {implicit: 0, pageLoad: 300000, script: 30000}, unhandledPromptBehavior: dismiss and notify, webauthn:extension:credBlob: true, webauthn:extension:largeBlob: true, webauthn:extension:minPinLength: true, webauthn:extension:prf: true, webauthn:virtualAuthenticators: true}
Session ID: e5e3d20ecd4947491b936a0f47975d85
2024-01-25 22:24:56,134 [main] ERROR XGLT_15177_Test - Element did not become visible within the specified time: Expected condition failed: waiting for helper.WaitUtility$5@635b99f7 (tried for 30 second(s) with 500 milliseconds interval)
Build info: version: '3.141.59', revision: 'e82be7d358', time: '2018-11-14T08:17:03'
System info: host: 'DPLAP166', ip: '137.237.3.67', os.name: 'Windows 10', os.arch: 'amd64', os.version: '10.0', java.version: '19.0.1'
Driver info: org.openqa.selenium.support.events.EventFiringWebDriver
Capabilities {acceptInsecureCerts: true, browserName: chrome, browserVersion: 121.0.6167.86, chrome: {chromedriverVersion: 121.0.6167.85 (3f98d690ad7e..., userDataDir: C:\Users\dP-PL\AppData\Loca...}, fedcm:accounts: true, goog:chromeOptions: {debuggerAddress: localhost:55824}, javascriptEnabled: true, networkConnectionEnabled: false, pageLoadStrategy: normal, platform: WINDOWS, platformName: WINDOWS, proxy: Proxy(), setWindowRect: true, strictFileInteractability: false, timeouts: {implicit: 0, pageLoad: 300000, script: 30000}, unhandledPromptBehavior: dismiss and notify, webauthn:extension:credBlob: true, webauthn:extension:largeBlob: true, webauthn:extension:minPinLength: true, webauthn:extension:prf: true, webauthn:virtualAuthenticators: true}
Session ID: e5e3d20ecd4947491b936a0f47975d85
2024-01-25 22:24:56,134 [main] INFO  base.BaseClass - Trying to find Element By {by.toString()})
2024-01-25 22:24:56,154 [main] INFO  base.BaseClass - Found Element By {by.toString()}
2024-01-25 22:24:56,154 [main] INFO  base.BaseClass - Trying to click on: {element.toString()}
2024-01-25 22:24:56,283 [main] INFO  base.BaseClass - Clicked on: {element.toString()}
2024-01-25 22:24:56,284 [main] INFO  base.BaseClass - Trying to find Element By {by.toString()})
TimeoutException occurred: Expected condition failed: waiting for helper.WaitUtility$2@7a376350 (tried for 50 second(s) with 500 milliseconds interval)
2024-01-25 22:25:46,361 [main] ERROR XGLT_15177_Test - Element did not become visible within the specified time: Expected condition failed: waiting for helper.WaitUtility$2@7a376350 (tried for 50 second(s) with 500 milliseconds interval)
2024-01-25 22:25:46,361 [main] INFO  base.BaseClass - Trying to find Element By {by.toString()})
NextfourDaysPA failed!
]]></system-out>
  </testcase>
  <testcase name="NextfourDaysPB" classname="XGLT_6688_Test" time="252.461">
    <failure message="no such element: Unable to locate element: {&quot;method&quot;:&quot;xpath&quot;,&quot;selector&quot;:&quot;//h1[contains(text(),&apos;Pending Build&apos;)]/following-sibling::h1&quot;}&#10;  (Session info: chrome=121.0.6167.86)&#10;For documentation on this error, please visit: https://www.seleniumhq.org/exceptions/no_such_element.html&#10;Build info: version: &apos;3.141.59&apos;, revision: &apos;e82be7d358&apos;, time: &apos;2018-11-14T08:17:03&apos;&#10;System info: host: &apos;DPLAP166&apos;, ip: &apos;137.237.3.67&apos;, os.name: &apos;Windows 10&apos;, os.arch: &apos;amd64&apos;, os.version: &apos;10.0&apos;, java.version: &apos;19.0.1&apos;&#10;Driver info: org.openqa.selenium.chrome.ChromeDriver&#10;Capabilities {acceptInsecureCerts: true, browserName: chrome, browserVersion: 121.0.6167.86, chrome: {chromedriverVersion: 121.0.6167.85 (3f98d690ad7e..., userDataDir: C:\Users\dP-PL\AppData\Loca...}, fedcm:accounts: true, goog:chromeOptions: {debuggerAddress: localhost:55824}, javascriptEnabled: true, networkConnectionEnabled: false, pageLoadStrategy: normal, platform: WINDOWS, platformName: WINDOWS, proxy: Proxy(), setWindowRect: true, strictFileInteractability: false, timeouts: {implicit: 0, pageLoad: 300000, script: 30000}, unhandledPromptBehavior: dismiss and notify, webauthn:extension:credBlob: true, webauthn:extension:largeBlob: true, webauthn:extension:minPinLength: true, webauthn:extension:prf: true, webauthn:virtualAuthenticators: true}&#10;Session ID: e5e3d20ecd4947491b936a0f47975d85&#10;*** Element info: {Using=xpath, value=//h1[contains(text(),&apos;Pending Build&apos;)]/following-sibling::h1}" type="org.openqa.selenium.NoSuchElementException"><![CDATA[org.openqa.selenium.NoSuchElementException: 
no such element: Unable to locate element: {"method":"xpath","selector":"//h1[contains(text(),'Pending Build')]/following-sibling::h1"}
  (Session info: chrome=121.0.6167.86)
For documentation on this error, please visit: https://www.seleniumhq.org/exceptions/no_such_element.html
Build info: version: '3.141.59', revision: 'e82be7d358', time: '2018-11-14T08:17:03'
System info: host: 'DPLAP166', ip: '137.237.3.67', os.name: 'Windows 10', os.arch: 'amd64', os.version: '10.0', java.version: '19.0.1'
Driver info: org.openqa.selenium.chrome.ChromeDriver
Capabilities {acceptInsecureCerts: true, browserName: chrome, browserVersion: 121.0.6167.86, chrome: {chromedriverVersion: 121.0.6167.85 (3f98d690ad7e..., userDataDir: C:\Users\dP-PL\AppData\Loca...}, fedcm:accounts: true, goog:chromeOptions: {debuggerAddress: localhost:55824}, javascriptEnabled: true, networkConnectionEnabled: false, pageLoadStrategy: normal, platform: WINDOWS, platformName: WINDOWS, proxy: Proxy(), setWindowRect: true, strictFileInteractability: false, timeouts: {implicit: 0, pageLoad: 300000, script: 30000}, unhandledPromptBehavior: dismiss and notify, webauthn:extension:credBlob: true, webauthn:extension:largeBlob: true, webauthn:extension:minPinLength: true, webauthn:extension:prf: true, webauthn:virtualAuthenticators: true}
Session ID: e5e3d20ecd4947491b936a0f47975d85
*** Element info: {Using=xpath, value=//h1[contains(text(),'Pending Build')]/following-sibling::h1}
	at java.base/jdk.internal.reflect.DirectConstructorHandleAccessor.newInstance(DirectConstructorHandleAccessor.java:67)
	at java.base/java.lang.reflect.Constructor.newInstanceWithCaller(Constructor.java:500)
	at java.base/java.lang.reflect.Constructor.newInstance(Constructor.java:484)
	at org.openqa.selenium.remote.http.W3CHttpResponseCodec.createException(W3CHttpResponseCodec.java:187)
	at org.openqa.selenium.remote.http.W3CHttpResponseCodec.decode(W3CHttpResponseCodec.java:122)
	at org.openqa.selenium.remote.http.W3CHttpResponseCodec.decode(W3CHttpResponseCodec.java:49)
	at org.openqa.selenium.remote.HttpCommandExecutor.execute(HttpCommandExecutor.java:158)
	at org.openqa.selenium.remote.service.DriverCommandExecutor.execute(DriverCommandExecutor.java:83)
	at org.openqa.selenium.remote.RemoteWebDriver.execute(RemoteWebDriver.java:552)
	at org.openqa.selenium.remote.RemoteWebDriver.findElement(RemoteWebDriver.java:323)
	at org.openqa.selenium.remote.RemoteWebDriver.findElementByXPath(RemoteWebDriver.java:428)
	at org.openqa.selenium.By$ByXPath.findElement(By.java:353)
	at org.openqa.selenium.remote.RemoteWebDriver.findElement(RemoteWebDriver.java:315)
	at java.base/jdk.internal.reflect.DirectMethodHandleAccessor.invoke(DirectMethodHandleAccessor.java:104)
	at java.base/java.lang.reflect.Method.invoke(Method.java:578)
	at org.openqa.selenium.support.events.EventFiringWebDriver.lambda$new$1(EventFiringWebDriver.java:105)
	at jdk.proxy2/jdk.proxy2.$Proxy25.findElement(Unknown Source)
	at org.openqa.selenium.support.events.EventFiringWebDriver.findElement(EventFiringWebDriver.java:194)
	at org.openqa.selenium.support.pagefactory.DefaultElementLocator.findElement(DefaultElementLocator.java:69)
	at org.openqa.selenium.support.pagefactory.internal.LocatingElementHandler.invoke(LocatingElementHandler.java:38)
	at jdk.proxy2/jdk.proxy2.$Proxy28.getText(Unknown Source)
	at pages.NetworkInstancePage.getactualpendingbuildcount(NetworkInstancePage.java:170)
	at pages.NetworkInstancePage.verifypendingbuildcount(NetworkInstancePage.java:180)
	at XGLT_6688_Test.NextfourDaysPB(XGLT_6688_Test.java:82)
	at java.base/jdk.internal.reflect.DirectMethodHandleAccessor.invoke(DirectMethodHandleAccessor.java:104)
	at java.base/java.lang.reflect.Method.invoke(Method.java:578)
	at org.testng.internal.invokers.MethodInvocationHelper.invokeMethod(MethodInvocationHelper.java:139)
	at org.testng.internal.invokers.TestInvoker.invokeMethod(TestInvoker.java:677)
	at org.testng.internal.invokers.TestInvoker.invokeTestMethod(TestInvoker.java:221)
	at org.testng.internal.invokers.MethodRunner.runInSequence(MethodRunner.java:50)
	at org.testng.internal.invokers.TestInvoker$MethodInvocationAgent.invoke(TestInvoker.java:962)
	at org.testng.internal.invokers.TestInvoker.invokeTestMethods(TestInvoker.java:194)
	at org.testng.internal.invokers.TestMethodWorker.invokeTestMethods(TestMethodWorker.java:148)
	at org.testng.internal.invokers.TestMethodWorker.run(TestMethodWorker.java:128)
	at java.base/java.util.ArrayList.forEach(ArrayList.java:1511)
	at org.testng.TestRunner.privateRun(TestRunner.java:806)
	at org.testng.TestRunner.run(TestRunner.java:601)
	at org.testng.SuiteRunner.runTest(SuiteRunner.java:433)
	at org.testng.SuiteRunner.runSequentially(SuiteRunner.java:427)
	at org.testng.SuiteRunner.privateRun(SuiteRunner.java:387)
	at org.testng.SuiteRunner.run(SuiteRunner.java:330)
	at org.testng.SuiteRunnerWorker.runSuite(SuiteRunnerWorker.java:52)
	at org.testng.SuiteRunnerWorker.run(SuiteRunnerWorker.java:95)
	at org.testng.TestNG.runSuitesSequentially(TestNG.java:1256)
	at org.testng.TestNG.runSuitesLocally(TestNG.java:1176)
	at org.testng.TestNG.runSuites(TestNG.java:1099)
	at org.testng.TestNG.run(TestNG.java:1067)
	at org.apache.maven.surefire.testng.TestNGExecutor.run(TestNGExecutor.java:324)
	at org.apache.maven.surefire.testng.TestNGXmlTestSuite.execute(TestNGXmlTestSuite.java:74)
	at org.apache.maven.surefire.testng.TestNGProvider.invoke(TestNGProvider.java:123)
	at org.apache.maven.surefire.booter.ForkedBooter.runSuitesInProcess(ForkedBooter.java:456)
	at org.apache.maven.surefire.booter.ForkedBooter.execute(ForkedBooter.java:169)
	at org.apache.maven.surefire.booter.ForkedBooter.run(ForkedBooter.java:595)
	at org.apache.maven.surefire.booter.ForkedBooter.main(ForkedBooter.java:581)
]]></failure>
    <system-out><![CDATA[Before method Test name: Maintainance Tests
NextfourDaysPB started!
2024-01-25 22:26:36,571 [main] INFO  base.BaseClass - Trying to find Element By {by.toString()})
2024-01-25 22:26:36,596 [main] INFO  base.BaseClass - Found Element By {by.toString()}
TimeoutException occurred: Expected condition failed: waiting for helper.WaitUtility$5@7ecd186c (tried for 30 second(s) with 500 milliseconds interval)
Build info: version: '3.141.59', revision: 'e82be7d358', time: '2018-11-14T08:17:03'
System info: host: 'DPLAP166', ip: '137.237.3.67', os.name: 'Windows 10', os.arch: 'amd64', os.version: '10.0', java.version: '19.0.1'
Driver info: org.openqa.selenium.support.events.EventFiringWebDriver
Capabilities {acceptInsecureCerts: true, browserName: chrome, browserVersion: 121.0.6167.86, chrome: {chromedriverVersion: 121.0.6167.85 (3f98d690ad7e..., userDataDir: C:\Users\dP-PL\AppData\Loca...}, fedcm:accounts: true, goog:chromeOptions: {debuggerAddress: localhost:55824}, javascriptEnabled: true, networkConnectionEnabled: false, pageLoadStrategy: normal, platform: WINDOWS, platformName: WINDOWS, proxy: Proxy(), setWindowRect: true, strictFileInteractability: false, timeouts: {implicit: 0, pageLoad: 300000, script: 30000}, unhandledPromptBehavior: dismiss and notify, webauthn:extension:credBlob: true, webauthn:extension:largeBlob: true, webauthn:extension:minPinLength: true, webauthn:extension:prf: true, webauthn:virtualAuthenticators: true}
Session ID: e5e3d20ecd4947491b936a0f47975d85
2024-01-25 22:27:07,153 [main] ERROR XGLT_15177_Test - Element did not become visible within the specified time: Expected condition failed: waiting for helper.WaitUtility$5@7ecd186c (tried for 30 second(s) with 500 milliseconds interval)
Build info: version: '3.141.59', revision: 'e82be7d358', time: '2018-11-14T08:17:03'
System info: host: 'DPLAP166', ip: '137.237.3.67', os.name: 'Windows 10', os.arch: 'amd64', os.version: '10.0', java.version: '19.0.1'
Driver info: org.openqa.selenium.support.events.EventFiringWebDriver
Capabilities {acceptInsecureCerts: true, browserName: chrome, browserVersion: 121.0.6167.86, chrome: {chromedriverVersion: 121.0.6167.85 (3f98d690ad7e..., userDataDir: C:\Users\dP-PL\AppData\Loca...}, fedcm:accounts: true, goog:chromeOptions: {debuggerAddress: localhost:55824}, javascriptEnabled: true, networkConnectionEnabled: false, pageLoadStrategy: normal, platform: WINDOWS, platformName: WINDOWS, proxy: Proxy(), setWindowRect: true, strictFileInteractability: false, timeouts: {implicit: 0, pageLoad: 300000, script: 30000}, unhandledPromptBehavior: dismiss and notify, webauthn:extension:credBlob: true, webauthn:extension:largeBlob: true, webauthn:extension:minPinLength: true, webauthn:extension:prf: true, webauthn:virtualAuthenticators: true}
Session ID: e5e3d20ecd4947491b936a0f47975d85
2024-01-25 22:27:07,153 [main] INFO  base.BaseClass - Trying to click on: {element.toString()}
2024-01-25 22:27:07,249 [main] INFO  base.BaseClass - Clicked on: {element.toString()}
2024-01-25 22:27:07,249 [main] INFO  base.BaseClass - Trying to find Element By {by.toString()})
2024-01-25 22:27:07,259 [main] INFO  base.BaseClass - Found Element By {by.toString()}
TimeoutException occurred: Expected condition failed: waiting for helper.WaitUtility$5@b326300 (tried for 30 second(s) with 500 milliseconds interval)
Build info: version: '3.141.59', revision: 'e82be7d358', time: '2018-11-14T08:17:03'
System info: host: 'DPLAP166', ip: '137.237.3.67', os.name: 'Windows 10', os.arch: 'amd64', os.version: '10.0', java.version: '19.0.1'
Driver info: org.openqa.selenium.support.events.EventFiringWebDriver
Capabilities {acceptInsecureCerts: true, browserName: chrome, browserVersion: 121.0.6167.86, chrome: {chromedriverVersion: 121.0.6167.85 (3f98d690ad7e..., userDataDir: C:\Users\dP-PL\AppData\Loca...}, fedcm:accounts: true, goog:chromeOptions: {debuggerAddress: localhost:55824}, javascriptEnabled: true, networkConnectionEnabled: false, pageLoadStrategy: normal, platform: WINDOWS, platformName: WINDOWS, proxy: Proxy(), setWindowRect: true, strictFileInteractability: false, timeouts: {implicit: 0, pageLoad: 300000, script: 30000}, unhandledPromptBehavior: dismiss and notify, webauthn:extension:credBlob: true, webauthn:extension:largeBlob: true, webauthn:extension:minPinLength: true, webauthn:extension:prf: true, webauthn:virtualAuthenticators: true}
Session ID: e5e3d20ecd4947491b936a0f47975d85
2024-01-25 22:27:37,796 [main] ERROR XGLT_15177_Test - Element did not become visible within the specified time: Expected condition failed: waiting for helper.WaitUtility$5@b326300 (tried for 30 second(s) with 500 milliseconds interval)
Build info: version: '3.141.59', revision: 'e82be7d358', time: '2018-11-14T08:17:03'
System info: host: 'DPLAP166', ip: '137.237.3.67', os.name: 'Windows 10', os.arch: 'amd64', os.version: '10.0', java.version: '19.0.1'
Driver info: org.openqa.selenium.support.events.EventFiringWebDriver
Capabilities {acceptInsecureCerts: true, browserName: chrome, browserVersion: 121.0.6167.86, chrome: {chromedriverVersion: 121.0.6167.85 (3f98d690ad7e..., userDataDir: C:\Users\dP-PL\AppData\Loca...}, fedcm:accounts: true, goog:chromeOptions: {debuggerAddress: localhost:55824}, javascriptEnabled: true, networkConnectionEnabled: false, pageLoadStrategy: normal, platform: WINDOWS, platformName: WINDOWS, proxy: Proxy(), setWindowRect: true, strictFileInteractability: false, timeouts: {implicit: 0, pageLoad: 300000, script: 30000}, unhandledPromptBehavior: dismiss and notify, webauthn:extension:credBlob: true, webauthn:extension:largeBlob: true, webauthn:extension:minPinLength: true, webauthn:extension:prf: true, webauthn:virtualAuthenticators: true}
Session ID: e5e3d20ecd4947491b936a0f47975d85
2024-01-25 22:27:37,796 [main] INFO  base.BaseClass - Trying to click on: {element.toString()}
2024-01-25 22:27:37,870 [main] INFO  base.BaseClass - Clicked on: {element.toString()}
2024-01-25 22:27:37,870 [main] INFO  base.BaseClass - Trying to find Element By {by.toString()})
2024-01-25 22:27:37,895 [main] INFO  base.BaseClass - Found Element By {by.toString()}
2024-01-25 22:27:37,911 [main] INFO  base.BaseClass - Trying to find Element By {by.toString()})
2024-01-25 22:27:37,927 [main] INFO  base.BaseClass - Found Element By {by.toString()}
2024-01-25 22:27:37,943 [main] INFO  base.BaseClass - Trying to find Element By {by.toString()})
2024-01-25 22:27:37,967 [main] INFO  base.BaseClass - Found Element By {by.toString()}
2024-01-25 22:27:38,495 [main] INFO  base.BaseClass - Trying to find Element By {by.toString()})
2024-01-25 22:27:38,517 [main] INFO  base.BaseClass - Found Element By {by.toString()}
2024-01-25 22:27:39,044 [main] INFO  base.BaseClass - Trying to find Element By {by.toString()})
2024-01-25 22:27:39,066 [main] INFO  base.BaseClass - Found Element By {by.toString()}
2024-01-25 22:27:39,593 [main] INFO  base.BaseClass - Trying to find Element By {by.toString()})
2024-01-25 22:27:39,615 [main] INFO  base.BaseClass - Found Element By {by.toString()}
2024-01-25 22:27:40,147 [main] INFO  base.BaseClass - Trying to find Element By {by.toString()})
2024-01-25 22:27:40,169 [main] INFO  base.BaseClass - Found Element By {by.toString()}
2024-01-25 22:27:40,695 [main] INFO  base.BaseClass - Trying to find Element By {by.toString()})
2024-01-25 22:27:40,717 [main] INFO  base.BaseClass - Found Element By {by.toString()}
2024-01-25 22:27:41,246 [main] INFO  base.BaseClass - Trying to find Element By {by.toString()})
2024-01-25 22:27:41,269 [main] INFO  base.BaseClass - Found Element By {by.toString()}
2024-01-25 22:27:41,796 [main] INFO  base.BaseClass - Trying to find Element By {by.toString()})
2024-01-25 22:27:41,819 [main] INFO  base.BaseClass - Found Element By {by.toString()}
2024-01-25 22:27:42,345 [main] INFO  base.BaseClass - Trying to find Element By {by.toString()})
2024-01-25 22:27:42,368 [main] INFO  base.BaseClass - Found Element By {by.toString()}
2024-01-25 22:27:42,894 [main] INFO  base.BaseClass - Trying to find Element By {by.toString()})
2024-01-25 22:27:42,917 [main] INFO  base.BaseClass - Found Element By {by.toString()}
2024-01-25 22:27:43,446 [main] INFO  base.BaseClass - Trying to find Element By {by.toString()})
2024-01-25 22:27:43,468 [main] INFO  base.BaseClass - Found Element By {by.toString()}
2024-01-25 22:27:43,995 [main] INFO  base.BaseClass - Trying to find Element By {by.toString()})
2024-01-25 22:27:44,014 [main] INFO  base.BaseClass - Found Element By {by.toString()}
2024-01-25 22:27:44,545 [main] INFO  base.BaseClass - Trying to find Element By {by.toString()})
2024-01-25 22:27:44,566 [main] INFO  base.BaseClass - Found Element By {by.toString()}
2024-01-25 22:27:45,079 [main] INFO  base.BaseClass - Trying to find Element By {by.toString()})
2024-01-25 22:27:45,102 [main] INFO  base.BaseClass - Found Element By {by.toString()}
2024-01-25 22:27:45,632 [main] INFO  base.BaseClass - Trying to find Element By {by.toString()})
2024-01-25 22:27:45,655 [main] INFO  base.BaseClass - Found Element By {by.toString()}
2024-01-25 22:27:46,182 [main] INFO  base.BaseClass - Trying to find Element By {by.toString()})
2024-01-25 22:27:46,204 [main] INFO  base.BaseClass - Found Element By {by.toString()}
2024-01-25 22:27:46,729 [main] INFO  base.BaseClass - Trying to find Element By {by.toString()})
2024-01-25 22:27:46,750 [main] INFO  base.BaseClass - Found Element By {by.toString()}
2024-01-25 22:27:47,276 [main] INFO  base.BaseClass - Trying to find Element By {by.toString()})
2024-01-25 22:27:47,300 [main] INFO  base.BaseClass - Found Element By {by.toString()}
2024-01-25 22:27:47,824 [main] INFO  base.BaseClass - Trying to find Element By {by.toString()})
2024-01-25 22:27:47,847 [main] INFO  base.BaseClass - Found Element By {by.toString()}
2024-01-25 22:27:48,371 [main] INFO  base.BaseClass - Trying to find Element By {by.toString()})
2024-01-25 22:27:48,395 [main] INFO  base.BaseClass - Found Element By {by.toString()}
2024-01-25 22:27:48,920 [main] INFO  base.BaseClass - Trying to find Element By {by.toString()})
2024-01-25 22:27:48,941 [main] INFO  base.BaseClass - Found Element By {by.toString()}
2024-01-25 22:27:49,468 [main] INFO  base.BaseClass - Trying to find Element By {by.toString()})
2024-01-25 22:27:49,491 [main] INFO  base.BaseClass - Found Element By {by.toString()}
2024-01-25 22:27:50,018 [main] INFO  base.BaseClass - Trying to find Element By {by.toString()})
2024-01-25 22:27:50,041 [main] INFO  base.BaseClass - Found Element By {by.toString()}
2024-01-25 22:27:50,566 [main] INFO  base.BaseClass - Trying to find Element By {by.toString()})
2024-01-25 22:27:50,588 [main] INFO  base.BaseClass - Found Element By {by.toString()}
2024-01-25 22:27:51,118 [main] INFO  base.BaseClass - Trying to find Element By {by.toString()})
2024-01-25 22:27:51,141 [main] INFO  base.BaseClass - Found Element By {by.toString()}
2024-01-25 22:27:51,670 [main] INFO  base.BaseClass - Trying to find Element By {by.toString()})
2024-01-25 22:27:51,692 [main] INFO  base.BaseClass - Found Element By {by.toString()}
2024-01-25 22:27:52,220 [main] INFO  base.BaseClass - Trying to find Element By {by.toString()})
2024-01-25 22:27:52,243 [main] INFO  base.BaseClass - Found Element By {by.toString()}
2024-01-25 22:27:52,769 [main] INFO  base.BaseClass - Trying to find Element By {by.toString()})
2024-01-25 22:27:52,787 [main] INFO  base.BaseClass - Found Element By {by.toString()}
2024-01-25 22:27:53,304 [main] INFO  base.BaseClass - Trying to find Element By {by.toString()})
2024-01-25 22:27:53,327 [main] INFO  base.BaseClass - Found Element By {by.toString()}
2024-01-25 22:27:53,853 [main] INFO  base.BaseClass - Trying to find Element By {by.toString()})
2024-01-25 22:27:53,875 [main] INFO  base.BaseClass - Found Element By {by.toString()}
2024-01-25 22:27:54,404 [main] INFO  base.BaseClass - Trying to find Element By {by.toString()})
2024-01-25 22:27:54,428 [main] INFO  base.BaseClass - Found Element By {by.toString()}
2024-01-25 22:27:54,955 [main] INFO  base.BaseClass - Trying to find Element By {by.toString()})
2024-01-25 22:27:54,978 [main] INFO  base.BaseClass - Found Element By {by.toString()}
2024-01-25 22:27:55,503 [main] INFO  base.BaseClass - Trying to find Element By {by.toString()})
2024-01-25 22:27:55,525 [main] INFO  base.BaseClass - Found Element By {by.toString()}
2024-01-25 22:27:56,051 [main] INFO  base.BaseClass - Trying to find Element By {by.toString()})
2024-01-25 22:27:56,072 [main] INFO  base.BaseClass - Found Element By {by.toString()}
2024-01-25 22:27:56,603 [main] INFO  base.BaseClass - Trying to find Element By {by.toString()})
2024-01-25 22:27:56,628 [main] INFO  base.BaseClass - Found Element By {by.toString()}
2024-01-25 22:27:57,153 [main] INFO  base.BaseClass - Trying to find Element By {by.toString()})
2024-01-25 22:27:57,176 [main] INFO  base.BaseClass - Found Element By {by.toString()}
2024-01-25 22:27:57,702 [main] INFO  base.BaseClass - Trying to find Element By {by.toString()})
2024-01-25 22:27:57,725 [main] INFO  base.BaseClass - Found Element By {by.toString()}
2024-01-25 22:27:58,252 [main] INFO  base.BaseClass - Trying to find Element By {by.toString()})
2024-01-25 22:27:58,293 [main] INFO  base.BaseClass - Found Element By {by.toString()}
2024-01-25 22:27:58,815 [main] INFO  base.BaseClass - Trying to find Element By {by.toString()})
2024-01-25 22:27:58,841 [main] INFO  base.BaseClass - Found Element By {by.toString()}
2024-01-25 22:27:59,366 [main] INFO  base.BaseClass - Trying to find Element By {by.toString()})
2024-01-25 22:27:59,390 [main] INFO  base.BaseClass - Found Element By {by.toString()}
2024-01-25 22:27:59,918 [main] INFO  base.BaseClass - Trying to find Element By {by.toString()})
2024-01-25 22:27:59,940 [main] INFO  base.BaseClass - Found Element By {by.toString()}
2024-01-25 22:28:00,471 [main] INFO  base.BaseClass - Trying to find Element By {by.toString()})
2024-01-25 22:28:00,494 [main] INFO  base.BaseClass - Found Element By {by.toString()}
2024-01-25 22:28:01,021 [main] INFO  base.BaseClass - Trying to find Element By {by.toString()})
2024-01-25 22:28:01,043 [main] INFO  base.BaseClass - Found Element By {by.toString()}
2024-01-25 22:28:01,569 [main] INFO  base.BaseClass - Trying to find Element By {by.toString()})
2024-01-25 22:28:01,592 [main] INFO  base.BaseClass - Found Element By {by.toString()}
2024-01-25 22:28:02,118 [main] INFO  base.BaseClass - Trying to find Element By {by.toString()})
2024-01-25 22:28:02,140 [main] INFO  base.BaseClass - Found Element By {by.toString()}
2024-01-25 22:28:02,663 [main] INFO  base.BaseClass - Trying to find Element By {by.toString()})
2024-01-25 22:28:02,687 [main] INFO  base.BaseClass - Found Element By {by.toString()}
2024-01-25 22:28:03,215 [main] INFO  base.BaseClass - Trying to find Element By {by.toString()})
2024-01-25 22:28:03,236 [main] INFO  base.BaseClass - Found Element By {by.toString()}
2024-01-25 22:28:03,765 [main] INFO  base.BaseClass - Trying to find Element By {by.toString()})
2024-01-25 22:28:03,788 [main] INFO  base.BaseClass - Found Element By {by.toString()}
2024-01-25 22:28:04,316 [main] INFO  base.BaseClass - Trying to find Element By {by.toString()})
2024-01-25 22:28:04,340 [main] INFO  base.BaseClass - Found Element By {by.toString()}
2024-01-25 22:28:04,863 [main] INFO  base.BaseClass - Trying to find Element By {by.toString()})
2024-01-25 22:28:04,885 [main] INFO  base.BaseClass - Found Element By {by.toString()}
2024-01-25 22:28:05,413 [main] INFO  base.BaseClass - Trying to find Element By {by.toString()})
2024-01-25 22:28:05,428 [main] INFO  base.BaseClass - Found Element By {by.toString()}
2024-01-25 22:28:05,947 [main] INFO  base.BaseClass - Trying to find Element By {by.toString()})
2024-01-25 22:28:05,968 [main] INFO  base.BaseClass - Found Element By {by.toString()}
2024-01-25 22:28:06,496 [main] INFO  base.BaseClass - Trying to find Element By {by.toString()})
2024-01-25 22:28:06,517 [main] INFO  base.BaseClass - Found Element By {by.toString()}
2024-01-25 22:28:07,048 [main] INFO  base.BaseClass - Trying to find Element By {by.toString()})
2024-01-25 22:28:07,070 [main] INFO  base.BaseClass - Found Element By {by.toString()}
2024-01-25 22:28:07,597 [main] INFO  base.BaseClass - Trying to find Element By {by.toString()})
2024-01-25 22:28:07,621 [main] INFO  base.BaseClass - Found Element By {by.toString()}
2024-01-25 22:28:08,147 [main] INFO  base.BaseClass - Trying to find Element By {by.toString()})
2024-01-25 22:28:08,470 [main] INFO  base.BaseClass - Found Element By {by.toString()}
2024-01-25 22:28:08,991 [main] INFO  base.BaseClass - Trying to find Element By {by.toString()})
2024-01-25 22:28:09,015 [main] INFO  base.BaseClass - Found Element By {by.toString()}
2024-01-25 22:28:09,537 [main] INFO  base.BaseClass - Trying to find Element By {by.toString()})
2024-01-25 22:28:09,560 [main] INFO  base.BaseClass - Found Element By {by.toString()}
2024-01-25 22:28:10,085 [main] INFO  base.BaseClass - Trying to find Element By {by.toString()})
2024-01-25 22:28:10,108 [main] INFO  base.BaseClass - Found Element By {by.toString()}
2024-01-25 22:28:10,629 [main] INFO  base.BaseClass - Trying to find Element By {by.toString()})
2024-01-25 22:28:10,653 [main] INFO  base.BaseClass - Found Element By {by.toString()}
2024-01-25 22:28:11,179 [main] INFO  base.BaseClass - Trying to find Element By {by.toString()})
2024-01-25 22:28:11,201 [main] INFO  base.BaseClass - Found Element By {by.toString()}
2024-01-25 22:28:11,728 [main] INFO  base.BaseClass - Trying to find Element By {by.toString()})
2024-01-25 22:28:11,750 [main] INFO  base.BaseClass - Found Element By {by.toString()}
2024-01-25 22:28:12,277 [main] INFO  base.BaseClass - Trying to find Element By {by.toString()})
2024-01-25 22:28:12,299 [main] INFO  base.BaseClass - Found Element By {by.toString()}
2024-01-25 22:28:12,825 [main] INFO  base.BaseClass - Trying to find Element By {by.toString()})
2024-01-25 22:28:12,847 [main] INFO  base.BaseClass - Found Element By {by.toString()}
2024-01-25 22:28:13,375 [main] INFO  base.BaseClass - Trying to find Element By {by.toString()})
2024-01-25 22:28:13,396 [main] INFO  base.BaseClass - Found Element By {by.toString()}
2024-01-25 22:28:13,924 [main] INFO  base.BaseClass - Trying to find Element By {by.toString()})
2024-01-25 22:28:13,946 [main] INFO  base.BaseClass - Found Element By {by.toString()}
2024-01-25 22:28:14,457 [main] INFO  base.BaseClass - Trying to find Element By {by.toString()})
2024-01-25 22:28:14,481 [main] INFO  base.BaseClass - Found Element By {by.toString()}
2024-01-25 22:28:15,005 [main] INFO  base.BaseClass - Trying to find Element By {by.toString()})
2024-01-25 22:28:15,028 [main] INFO  base.BaseClass - Found Element By {by.toString()}
2024-01-25 22:28:15,551 [main] INFO  base.BaseClass - Trying to find Element By {by.toString()})
2024-01-25 22:28:15,574 [main] INFO  base.BaseClass - Found Element By {by.toString()}
2024-01-25 22:28:16,103 [main] INFO  base.BaseClass - Trying to find Element By {by.toString()})
2024-01-25 22:28:16,126 [main] INFO  base.BaseClass - Found Element By {by.toString()}
2024-01-25 22:28:16,654 [main] INFO  base.BaseClass - Trying to find Element By {by.toString()})
2024-01-25 22:28:16,676 [main] INFO  base.BaseClass - Found Element By {by.toString()}
2024-01-25 22:28:17,202 [main] INFO  base.BaseClass - Trying to find Element By {by.toString()})
2024-01-25 22:28:17,226 [main] INFO  base.BaseClass - Found Element By {by.toString()}
2024-01-25 22:28:17,752 [main] INFO  base.BaseClass - Trying to find Element By {by.toString()})
2024-01-25 22:28:17,775 [main] INFO  base.BaseClass - Found Element By {by.toString()}
2024-01-25 22:28:18,303 [main] INFO  base.BaseClass - Trying to find Element By {by.toString()})
2024-01-25 22:28:18,326 [main] INFO  base.BaseClass - Found Element By {by.toString()}
2024-01-25 22:28:18,853 [main] INFO  base.BaseClass - Trying to find Element By {by.toString()})
2024-01-25 22:28:18,875 [main] INFO  base.BaseClass - Found Element By {by.toString()}
2024-01-25 22:28:19,402 [main] INFO  base.BaseClass - Trying to find Element By {by.toString()})
2024-01-25 22:28:19,424 [main] INFO  base.BaseClass - Found Element By {by.toString()}
2024-01-25 22:28:19,952 [main] INFO  base.BaseClass - Trying to find Element By {by.toString()})
2024-01-25 22:28:19,972 [main] INFO  base.BaseClass - Found Element By {by.toString()}
2024-01-25 22:28:20,501 [main] INFO  base.BaseClass - Trying to find Element By {by.toString()})
2024-01-25 22:28:20,524 [main] INFO  base.BaseClass - Found Element By {by.toString()}
2024-01-25 22:28:21,050 [main] INFO  base.BaseClass - Trying to find Element By {by.toString()})
2024-01-25 22:28:21,072 [main] INFO  base.BaseClass - Found Element By {by.toString()}
2024-01-25 22:28:21,598 [main] INFO  base.BaseClass - Trying to find Element By {by.toString()})
2024-01-25 22:28:21,620 [main] INFO  base.BaseClass - Found Element By {by.toString()}
2024-01-25 22:28:22,149 [main] INFO  base.BaseClass - Trying to find Element By {by.toString()})
2024-01-25 22:28:22,172 [main] INFO  base.BaseClass - Found Element By {by.toString()}
2024-01-25 22:28:22,698 [main] INFO  base.BaseClass - Trying to find Element By {by.toString()})
2024-01-25 22:28:22,714 [main] INFO  base.BaseClass - Found Element By {by.toString()}
2024-01-25 22:28:23,230 [main] INFO  base.BaseClass - Trying to find Element By {by.toString()})
2024-01-25 22:28:23,251 [main] INFO  base.BaseClass - Found Element By {by.toString()}
2024-01-25 22:28:23,779 [main] INFO  base.BaseClass - Trying to find Element By {by.toString()})
2024-01-25 22:28:23,802 [main] INFO  base.BaseClass - Found Element By {by.toString()}
2024-01-25 22:28:24,327 [main] INFO  base.BaseClass - Trying to find Element By {by.toString()})
2024-01-25 22:28:24,349 [main] INFO  base.BaseClass - Found Element By {by.toString()}
2024-01-25 22:28:24,879 [main] INFO  base.BaseClass - Trying to find Element By {by.toString()})
2024-01-25 22:28:24,900 [main] INFO  base.BaseClass - Found Element By {by.toString()}
2024-01-25 22:28:25,427 [main] INFO  base.BaseClass - Trying to find Element By {by.toString()})
2024-01-25 22:28:25,450 [main] INFO  base.BaseClass - Found Element By {by.toString()}
2024-01-25 22:28:25,978 [main] INFO  base.BaseClass - Trying to find Element By {by.toString()})
2024-01-25 22:28:25,999 [main] INFO  base.BaseClass - Found Element By {by.toString()}
2024-01-25 22:28:26,531 [main] INFO  base.BaseClass - Trying to find Element By {by.toString()})
2024-01-25 22:28:26,554 [main] INFO  base.BaseClass - Found Element By {by.toString()}
2024-01-25 22:28:27,080 [main] INFO  base.BaseClass - Trying to find Element By {by.toString()})
2024-01-25 22:28:27,103 [main] INFO  base.BaseClass - Found Element By {by.toString()}
2024-01-25 22:28:27,631 [main] INFO  base.BaseClass - Trying to find Element By {by.toString()})
2024-01-25 22:28:27,653 [main] INFO  base.BaseClass - Found Element By {by.toString()}
2024-01-25 22:28:28,180 [main] INFO  base.BaseClass - Trying to find Element By {by.toString()})
2024-01-25 22:28:28,202 [main] INFO  base.BaseClass - Found Element By {by.toString()}
2024-01-25 22:28:28,727 [main] INFO  base.BaseClass - Trying to find Element By {by.toString()})
2024-01-25 22:28:28,751 [main] INFO  base.BaseClass - Found Element By {by.toString()}
2024-01-25 22:28:29,281 [main] INFO  base.BaseClass - Trying to find Element By {by.toString()})
2024-01-25 22:28:29,304 [main] INFO  base.BaseClass - Found Element By {by.toString()}
2024-01-25 22:28:29,828 [main] INFO  base.BaseClass - Trying to find Element By {by.toString()})
2024-01-25 22:28:29,851 [main] INFO  base.BaseClass - Found Element By {by.toString()}
2024-01-25 22:28:30,378 [main] INFO  base.BaseClass - Trying to find Element By {by.toString()})
2024-01-25 22:28:30,401 [main] INFO  base.BaseClass - Found Element By {by.toString()}
2024-01-25 22:28:30,926 [main] INFO  base.BaseClass - Trying to find Element By {by.toString()})
2024-01-25 22:28:30,950 [main] INFO  base.BaseClass - Found Element By {by.toString()}
2024-01-25 22:28:31,475 [main] INFO  base.BaseClass - Trying to find Element By {by.toString()})
2024-01-25 22:28:31,498 [main] INFO  base.BaseClass - Found Element By {by.toString()}
2024-01-25 22:28:32,023 [main] INFO  base.BaseClass - Trying to find Element By {by.toString()})
2024-01-25 22:28:32,044 [main] INFO  base.BaseClass - Found Element By {by.toString()}
2024-01-25 22:28:32,573 [main] INFO  base.BaseClass - Trying to find Element By {by.toString()})
2024-01-25 22:28:32,596 [main] INFO  base.BaseClass - Found Element By {by.toString()}
2024-01-25 22:28:33,126 [main] INFO  base.BaseClass - Trying to find Element By {by.toString()})
2024-01-25 22:28:33,150 [main] INFO  base.BaseClass - Found Element By {by.toString()}
2024-01-25 22:28:33,673 [main] INFO  base.BaseClass - Trying to find Element By {by.toString()})
2024-01-25 22:28:33,695 [main] INFO  base.BaseClass - Found Element By {by.toString()}
2024-01-25 22:28:34,224 [main] INFO  base.BaseClass - Trying to find Element By {by.toString()})
2024-01-25 22:28:34,246 [main] INFO  base.BaseClass - Found Element By {by.toString()}
2024-01-25 22:28:34,775 [main] INFO  base.BaseClass - Trying to find Element By {by.toString()})
2024-01-25 22:28:34,797 [main] INFO  base.BaseClass - Found Element By {by.toString()}
2024-01-25 22:28:35,328 [main] INFO  base.BaseClass - Trying to find Element By {by.toString()})
2024-01-25 22:28:35,350 [main] INFO  base.BaseClass - Found Element By {by.toString()}
2024-01-25 22:28:35,875 [main] INFO  base.BaseClass - Trying to find Element By {by.toString()})
2024-01-25 22:28:35,899 [main] INFO  base.BaseClass - Found Element By {by.toString()}
2024-01-25 22:28:36,427 [main] INFO  base.BaseClass - Trying to find Element By {by.toString()})
2024-01-25 22:28:36,449 [main] INFO  base.BaseClass - Found Element By {by.toString()}
2024-01-25 22:28:36,975 [main] INFO  base.BaseClass - Trying to find Element By {by.toString()})
2024-01-25 22:28:36,997 [main] INFO  base.BaseClass - Found Element By {by.toString()}
2024-01-25 22:28:37,510 [main] INFO  base.BaseClass - Trying to find Element By {by.toString()})
2024-01-25 22:28:37,532 [main] INFO  base.BaseClass - Found Element By {by.toString()}
2024-01-25 22:28:38,058 [main] INFO  base.BaseClass - Trying to find Element By {by.toString()})
2024-01-25 22:28:38,080 [main] INFO  base.BaseClass - Found Element By {by.toString()}
TimeoutException occurred: Expected condition failed: waiting for helper.WaitUtility$3@4a37539d (tried for 60 second(s) with 500 milliseconds interval)
Build info: version: '3.141.59', revision: 'e82be7d358', time: '2018-11-14T08:17:03'
System info: host: 'DPLAP166', ip: '137.237.3.67', os.name: 'Windows 10', os.arch: 'amd64', os.version: '10.0', java.version: '19.0.1'
Driver info: org.openqa.selenium.support.events.EventFiringWebDriver
Capabilities {acceptInsecureCerts: true, browserName: chrome, browserVersion: 121.0.6167.86, chrome: {chromedriverVersion: 121.0.6167.85 (3f98d690ad7e..., userDataDir: C:\Users\dP-PL\AppData\Loca...}, fedcm:accounts: true, goog:chromeOptions: {debuggerAddress: localhost:55824}, javascriptEnabled: true, networkConnectionEnabled: false, pageLoadStrategy: normal, platform: WINDOWS, platformName: WINDOWS, proxy: Proxy(), setWindowRect: true, strictFileInteractability: false, timeouts: {implicit: 0, pageLoad: 300000, script: 30000}, unhandledPromptBehavior: dismiss and notify, webauthn:extension:credBlob: true, webauthn:extension:largeBlob: true, webauthn:extension:minPinLength: true, webauthn:extension:prf: true, webauthn:virtualAuthenticators: true}
Session ID: e5e3d20ecd4947491b936a0f47975d85
2024-01-25 22:28:38,097 [main] ERROR XGLT_15177_Test - Element did not become visible within the specified time: Expected condition failed: waiting for helper.WaitUtility$3@4a37539d (tried for 60 second(s) with 500 milliseconds interval)
Build info: version: '3.141.59', revision: 'e82be7d358', time: '2018-11-14T08:17:03'
System info: host: 'DPLAP166', ip: '137.237.3.67', os.name: 'Windows 10', os.arch: 'amd64', os.version: '10.0', java.version: '19.0.1'
Driver info: org.openqa.selenium.support.events.EventFiringWebDriver
Capabilities {acceptInsecureCerts: true, browserName: chrome, browserVersion: 121.0.6167.86, chrome: {chromedriverVersion: 121.0.6167.85 (3f98d690ad7e..., userDataDir: C:\Users\dP-PL\AppData\Loca...}, fedcm:accounts: true, goog:chromeOptions: {debuggerAddress: localhost:55824}, javascriptEnabled: true, networkConnectionEnabled: false, pageLoadStrategy: normal, platform: WINDOWS, platformName: WINDOWS, proxy: Proxy(), setWindowRect: true, strictFileInteractability: false, timeouts: {implicit: 0, pageLoad: 300000, script: 30000}, unhandledPromptBehavior: dismiss and notify, webauthn:extension:credBlob: true, webauthn:extension:largeBlob: true, webauthn:extension:minPinLength: true, webauthn:extension:prf: true, webauthn:virtualAuthenticators: true}
Session ID: e5e3d20ecd4947491b936a0f47975d85
2024-01-25 22:28:38,098 [main] INFO  base.BaseClass - Trying to find Element By {by.toString()})
2024-01-25 22:28:38,117 [main] INFO  base.BaseClass - Found Element By {by.toString()}
2024-01-25 22:28:38,139 [main] INFO  base.BaseClass - Trying to find Element By {by.toString()})
2024-01-25 22:28:38,152 [main] INFO  base.BaseClass - Found Element By {by.toString()}
Mc count pending build 0
2024-01-25 22:28:38,345 [main] INFO  base.BaseClass - Trying to find Element By {by.toString()})
2024-01-25 22:28:38,363 [main] INFO  base.BaseClass - Found Element By {by.toString()}
2024-01-25 22:28:38,907 [main] INFO  base.BaseClass - Trying to find Element By {by.toString()})
2024-01-25 22:28:38,931 [main] INFO  base.BaseClass - Found Element By {by.toString()}
2024-01-25 22:28:39,471 [main] INFO  base.BaseClass - Trying to find Element By {by.toString()})
2024-01-25 22:28:39,493 [main] INFO  base.BaseClass - Found Element By {by.toString()}
2024-01-25 22:28:40,022 [main] INFO  base.BaseClass - Trying to find Element By {by.toString()})
2024-01-25 22:28:40,044 [main] INFO  base.BaseClass - Found Element By {by.toString()}
2024-01-25 22:28:40,587 [main] INFO  base.BaseClass - Trying to find Element By {by.toString()})
2024-01-25 22:28:40,609 [main] INFO  base.BaseClass - Found Element By {by.toString()}
2024-01-25 22:28:41,138 [main] INFO  base.BaseClass - Trying to find Element By {by.toString()})
2024-01-25 22:28:41,159 [main] INFO  base.BaseClass - Found Element By {by.toString()}
2024-01-25 22:28:41,686 [main] INFO  base.BaseClass - Trying to find Element By {by.toString()})
2024-01-25 22:28:41,709 [main] INFO  base.BaseClass - Found Element By {by.toString()}
2024-01-25 22:28:42,251 [main] INFO  base.BaseClass - Trying to find Element By {by.toString()})
2024-01-25 22:28:42,272 [main] INFO  base.BaseClass - Found Element By {by.toString()}
2024-01-25 22:28:42,817 [main] INFO  base.BaseClass - Trying to find Element By {by.toString()})
2024-01-25 22:28:42,839 [main] INFO  base.BaseClass - Found Element By {by.toString()}
2024-01-25 22:28:43,382 [main] INFO  base.BaseClass - Trying to find Element By {by.toString()})
2024-01-25 22:28:43,405 [main] INFO  base.BaseClass - Found Element By {by.toString()}
2024-01-25 22:28:43,949 [main] INFO  base.BaseClass - Trying to find Element By {by.toString()})
2024-01-25 22:28:43,971 [main] INFO  base.BaseClass - Found Element By {by.toString()}
2024-01-25 22:28:44,515 [main] INFO  base.BaseClass - Trying to find Element By {by.toString()})
2024-01-25 22:28:44,538 [main] INFO  base.BaseClass - Found Element By {by.toString()}
2024-01-25 22:28:45,081 [main] INFO  base.BaseClass - Trying to find Element By {by.toString()})
2024-01-25 22:28:45,101 [main] INFO  base.BaseClass - Found Element By {by.toString()}
2024-01-25 22:28:45,645 [main] INFO  base.BaseClass - Trying to find Element By {by.toString()})
2024-01-25 22:28:45,666 [main] INFO  base.BaseClass - Found Element By {by.toString()}
2024-01-25 22:28:46,195 [main] INFO  base.BaseClass - Trying to find Element By {by.toString()})
2024-01-25 22:28:46,216 [main] INFO  base.BaseClass - Found Element By {by.toString()}
2024-01-25 22:28:46,759 [main] INFO  base.BaseClass - Trying to find Element By {by.toString()})
2024-01-25 22:28:46,781 [main] INFO  base.BaseClass - Found Element By {by.toString()}
2024-01-25 22:28:47,313 [main] INFO  base.BaseClass - Trying to find Element By {by.toString()})
2024-01-25 22:28:47,335 [main] INFO  base.BaseClass - Found Element By {by.toString()}
2024-01-25 22:28:47,878 [main] INFO  base.BaseClass - Trying to find Element By {by.toString()})
2024-01-25 22:28:47,915 [main] INFO  base.BaseClass - Found Element By {by.toString()}
2024-01-25 22:28:48,441 [main] INFO  base.BaseClass - Trying to find Element By {by.toString()})
2024-01-25 22:28:48,460 [main] INFO  base.BaseClass - Found Element By {by.toString()}
2024-01-25 22:28:49,007 [main] INFO  base.BaseClass - Trying to find Element By {by.toString()})
2024-01-25 22:28:49,030 [main] INFO  base.BaseClass - Found Element By {by.toString()}
2024-01-25 22:28:49,574 [main] INFO  base.BaseClass - Trying to find Element By {by.toString()})
2024-01-25 22:28:49,596 [main] INFO  base.BaseClass - Found Element By {by.toString()}
2024-01-25 22:28:50,128 [main] INFO  base.BaseClass - Trying to find Element By {by.toString()})
2024-01-25 22:28:50,149 [main] INFO  base.BaseClass - Found Element By {by.toString()}
2024-01-25 22:28:50,693 [main] INFO  base.BaseClass - Trying to find Element By {by.toString()})
2024-01-25 22:28:50,716 [main] INFO  base.BaseClass - Found Element By {by.toString()}
2024-01-25 22:28:51,260 [main] INFO  base.BaseClass - Trying to find Element By {by.toString()})
2024-01-25 22:28:51,273 [main] INFO  base.BaseClass - Found Element By {by.toString()}
2024-01-25 22:28:51,810 [main] INFO  base.BaseClass - Trying to find Element By {by.toString()})
2024-01-25 22:28:51,832 [main] INFO  base.BaseClass - Found Element By {by.toString()}
2024-01-25 22:28:52,374 [main] INFO  base.BaseClass - Trying to find Element By {by.toString()})
2024-01-25 22:28:52,397 [main] INFO  base.BaseClass - Found Element By {by.toString()}
2024-01-25 22:28:52,937 [main] INFO  base.BaseClass - Trying to find Element By {by.toString()})
2024-01-25 22:28:52,960 [main] INFO  base.BaseClass - Found Element By {by.toString()}
2024-01-25 22:28:53,503 [main] INFO  base.BaseClass - Trying to find Element By {by.toString()})
2024-01-25 22:28:53,526 [main] INFO  base.BaseClass - Found Element By {by.toString()}
2024-01-25 22:28:54,052 [main] INFO  base.BaseClass - Trying to find Element By {by.toString()})
2024-01-25 22:28:54,074 [main] INFO  base.BaseClass - Found Element By {by.toString()}
2024-01-25 22:28:54,602 [main] INFO  base.BaseClass - Trying to find Element By {by.toString()})
2024-01-25 22:28:54,624 [main] INFO  base.BaseClass - Found Element By {by.toString()}
2024-01-25 22:28:55,167 [main] INFO  base.BaseClass - Trying to find Element By {by.toString()})
2024-01-25 22:28:55,187 [main] INFO  base.BaseClass - Found Element By {by.toString()}
2024-01-25 22:28:55,729 [main] INFO  base.BaseClass - Trying to find Element By {by.toString()})
2024-01-25 22:28:55,751 [main] INFO  base.BaseClass - Found Element By {by.toString()}
2024-01-25 22:28:56,295 [main] INFO  base.BaseClass - Trying to find Element By {by.toString()})
2024-01-25 22:28:56,318 [main] INFO  base.BaseClass - Found Element By {by.toString()}
2024-01-25 22:28:56,861 [main] INFO  base.BaseClass - Trying to find Element By {by.toString()})
2024-01-25 22:28:56,881 [main] INFO  base.BaseClass - Found Element By {by.toString()}
2024-01-25 22:28:57,411 [main] INFO  base.BaseClass - Trying to find Element By {by.toString()})
2024-01-25 22:28:57,435 [main] INFO  base.BaseClass - Found Element By {by.toString()}
2024-01-25 22:28:57,978 [main] INFO  base.BaseClass - Trying to find Element By {by.toString()})
2024-01-25 22:28:58,001 [main] INFO  base.BaseClass - Found Element By {by.toString()}
2024-01-25 22:28:58,531 [main] INFO  base.BaseClass - Trying to find Element By {by.toString()})
2024-01-25 22:28:58,553 [main] INFO  base.BaseClass - Found Element By {by.toString()}
2024-01-25 22:28:59,095 [main] INFO  base.BaseClass - Trying to find Element By {by.toString()})
2024-01-25 22:28:59,118 [main] INFO  base.BaseClass - Found Element By {by.toString()}
2024-01-25 22:28:59,661 [main] INFO  base.BaseClass - Trying to find Element By {by.toString()})
2024-01-25 22:28:59,683 [main] INFO  base.BaseClass - Found Element By {by.toString()}
2024-01-25 22:29:00,211 [main] INFO  base.BaseClass - Trying to find Element By {by.toString()})
2024-01-25 22:29:00,683 [main] INFO  base.BaseClass - Found Element By {by.toString()}
2024-01-25 22:29:01,231 [main] INFO  base.BaseClass - Trying to find Element By {by.toString()})
2024-01-25 22:29:01,254 [main] INFO  base.BaseClass - Found Element By {by.toString()}
2024-01-25 22:29:01,795 [main] INFO  base.BaseClass - Trying to find Element By {by.toString()})
2024-01-25 22:29:01,818 [main] INFO  base.BaseClass - Found Element By {by.toString()}
2024-01-25 22:29:02,358 [main] INFO  base.BaseClass - Trying to find Element By {by.toString()})
2024-01-25 22:29:02,381 [main] INFO  base.BaseClass - Found Element By {by.toString()}
2024-01-25 22:29:02,923 [main] INFO  base.BaseClass - Trying to find Element By {by.toString()})
2024-01-25 22:29:02,945 [main] INFO  base.BaseClass - Found Element By {by.toString()}
2024-01-25 22:29:03,487 [main] INFO  base.BaseClass - Trying to find Element By {by.toString()})
2024-01-25 22:29:03,511 [main] INFO  base.BaseClass - Found Element By {by.toString()}
2024-01-25 22:29:04,052 [main] INFO  base.BaseClass - Trying to find Element By {by.toString()})
2024-01-25 22:29:04,075 [main] INFO  base.BaseClass - Found Element By {by.toString()}
2024-01-25 22:29:04,602 [main] INFO  base.BaseClass - Trying to find Element By {by.toString()})
2024-01-25 22:29:04,625 [main] INFO  base.BaseClass - Found Element By {by.toString()}
2024-01-25 22:29:05,167 [main] INFO  base.BaseClass - Trying to find Element By {by.toString()})
2024-01-25 22:29:05,188 [main] INFO  base.BaseClass - Found Element By {by.toString()}
2024-01-25 22:29:05,719 [main] INFO  base.BaseClass - Trying to find Element By {by.toString()})
2024-01-25 22:29:05,740 [main] INFO  base.BaseClass - Found Element By {by.toString()}
2024-01-25 22:29:06,267 [main] INFO  base.BaseClass - Trying to find Element By {by.toString()})
2024-01-25 22:29:06,289 [main] INFO  base.BaseClass - Found Element By {by.toString()}
2024-01-25 22:29:06,831 [main] INFO  base.BaseClass - Trying to find Element By {by.toString()})
2024-01-25 22:29:06,852 [main] INFO  base.BaseClass - Found Element By {by.toString()}
2024-01-25 22:29:07,396 [main] INFO  base.BaseClass - Trying to find Element By {by.toString()})
2024-01-25 22:29:07,418 [main] INFO  base.BaseClass - Found Element By {by.toString()}
2024-01-25 22:29:07,959 [main] INFO  base.BaseClass - Trying to find Element By {by.toString()})
2024-01-25 22:29:07,981 [main] INFO  base.BaseClass - Found Element By {by.toString()}
2024-01-25 22:29:08,520 [main] INFO  base.BaseClass - Trying to find Element By {by.toString()})
2024-01-25 22:29:08,543 [main] INFO  base.BaseClass - Found Element By {by.toString()}
TimeoutException occurred: Expected condition failed: waiting for helper.WaitUtility$5@44c46039 (tried for 30 second(s) with 500 milliseconds interval)
Build info: version: '3.141.59', revision: 'e82be7d358', time: '2018-11-14T08:17:03'
System info: host: 'DPLAP166', ip: '137.237.3.67', os.name: 'Windows 10', os.arch: 'amd64', os.version: '10.0', java.version: '19.0.1'
Driver info: org.openqa.selenium.support.events.EventFiringWebDriver
Capabilities {acceptInsecureCerts: true, browserName: chrome, browserVersion: 121.0.6167.86, chrome: {chromedriverVersion: 121.0.6167.85 (3f98d690ad7e..., userDataDir: C:\Users\dP-PL\AppData\Loca...}, fedcm:accounts: true, goog:chromeOptions: {debuggerAddress: localhost:55824}, javascriptEnabled: true, networkConnectionEnabled: false, pageLoadStrategy: normal, platform: WINDOWS, platformName: WINDOWS, proxy: Proxy(), setWindowRect: true, strictFileInteractability: false, timeouts: {implicit: 0, pageLoad: 300000, script: 30000}, unhandledPromptBehavior: dismiss and notify, webauthn:extension:credBlob: true, webauthn:extension:largeBlob: true, webauthn:extension:minPinLength: true, webauthn:extension:prf: true, webauthn:virtualAuthenticators: true}
Session ID: e5e3d20ecd4947491b936a0f47975d85
2024-01-25 22:29:08,577 [main] ERROR XGLT_15177_Test - Element did not become visible within the specified time: Expected condition failed: waiting for helper.WaitUtility$5@44c46039 (tried for 30 second(s) with 500 milliseconds interval)
Build info: version: '3.141.59', revision: 'e82be7d358', time: '2018-11-14T08:17:03'
System info: host: 'DPLAP166', ip: '137.237.3.67', os.name: 'Windows 10', os.arch: 'amd64', os.version: '10.0', java.version: '19.0.1'
Driver info: org.openqa.selenium.support.events.EventFiringWebDriver
Capabilities {acceptInsecureCerts: true, browserName: chrome, browserVersion: 121.0.6167.86, chrome: {chromedriverVersion: 121.0.6167.85 (3f98d690ad7e..., userDataDir: C:\Users\dP-PL\AppData\Loca...}, fedcm:accounts: true, goog:chromeOptions: {debuggerAddress: localhost:55824}, javascriptEnabled: true, networkConnectionEnabled: false, pageLoadStrategy: normal, platform: WINDOWS, platformName: WINDOWS, proxy: Proxy(), setWindowRect: true, strictFileInteractability: false, timeouts: {implicit: 0, pageLoad: 300000, script: 30000}, unhandledPromptBehavior: dismiss and notify, webauthn:extension:credBlob: true, webauthn:extension:largeBlob: true, webauthn:extension:minPinLength: true, webauthn:extension:prf: true, webauthn:virtualAuthenticators: true}
Session ID: e5e3d20ecd4947491b936a0f47975d85
2024-01-25 22:29:08,577 [main] INFO  base.BaseClass - Trying to find Element By {by.toString()})
2024-01-25 22:29:08,597 [main] INFO  base.BaseClass - Found Element By {by.toString()}
2024-01-25 22:29:08,598 [main] INFO  base.BaseClass - Trying to click on: {element.toString()}
2024-01-25 22:29:08,723 [main] INFO  base.BaseClass - Clicked on: {element.toString()}
2024-01-25 22:29:08,723 [main] INFO  base.BaseClass - Trying to find Element By {by.toString()})
TimeoutException occurred: Expected condition failed: waiting for helper.WaitUtility$2@1594e8ef (tried for 50 second(s) with 500 milliseconds interval)
2024-01-25 22:29:58,796 [main] ERROR XGLT_15177_Test - Element did not become visible within the specified time: Expected condition failed: waiting for helper.WaitUtility$2@1594e8ef (tried for 50 second(s) with 500 milliseconds interval)
2024-01-25 22:29:58,796 [main] INFO  base.BaseClass - Trying to find Element By {by.toString()})
NextfourDaysPB failed!
]]></system-out>
  </testcase>
  <testcase name="CustomDatePA" classname="XGLT_6688_Test" time="363.625">
    <failure message="no such element: Unable to locate element: {&quot;method&quot;:&quot;xpath&quot;,&quot;selector&quot;:&quot;//h1[contains(text(),&apos;Pending Allocation&apos;)]/following-sibling::h1&quot;}&#10;  (Session info: chrome=121.0.6167.86)&#10;For documentation on this error, please visit: https://www.seleniumhq.org/exceptions/no_such_element.html&#10;Build info: version: &apos;3.141.59&apos;, revision: &apos;e82be7d358&apos;, time: &apos;2018-11-14T08:17:03&apos;&#10;System info: host: &apos;DPLAP166&apos;, ip: &apos;137.237.3.67&apos;, os.name: &apos;Windows 10&apos;, os.arch: &apos;amd64&apos;, os.version: &apos;10.0&apos;, java.version: &apos;19.0.1&apos;&#10;Driver info: org.openqa.selenium.chrome.ChromeDriver&#10;Capabilities {acceptInsecureCerts: true, browserName: chrome, browserVersion: 121.0.6167.86, chrome: {chromedriverVersion: 121.0.6167.85 (3f98d690ad7e..., userDataDir: C:\Users\dP-PL\AppData\Loca...}, fedcm:accounts: true, goog:chromeOptions: {debuggerAddress: localhost:55824}, javascriptEnabled: true, networkConnectionEnabled: false, pageLoadStrategy: normal, platform: WINDOWS, platformName: WINDOWS, proxy: Proxy(), setWindowRect: true, strictFileInteractability: false, timeouts: {implicit: 0, pageLoad: 300000, script: 30000}, unhandledPromptBehavior: dismiss and notify, webauthn:extension:credBlob: true, webauthn:extension:largeBlob: true, webauthn:extension:minPinLength: true, webauthn:extension:prf: true, webauthn:virtualAuthenticators: true}&#10;Session ID: e5e3d20ecd4947491b936a0f47975d85&#10;*** Element info: {Using=xpath, value=//h1[contains(text(),&apos;Pending Allocation&apos;)]/following-sibling::h1}" type="org.openqa.selenium.NoSuchElementException"><![CDATA[org.openqa.selenium.NoSuchElementException: 
no such element: Unable to locate element: {"method":"xpath","selector":"//h1[contains(text(),'Pending Allocation')]/following-sibling::h1"}
  (Session info: chrome=121.0.6167.86)
For documentation on this error, please visit: https://www.seleniumhq.org/exceptions/no_such_element.html
Build info: version: '3.141.59', revision: 'e82be7d358', time: '2018-11-14T08:17:03'
System info: host: 'DPLAP166', ip: '137.237.3.67', os.name: 'Windows 10', os.arch: 'amd64', os.version: '10.0', java.version: '19.0.1'
Driver info: org.openqa.selenium.chrome.ChromeDriver
Capabilities {acceptInsecureCerts: true, browserName: chrome, browserVersion: 121.0.6167.86, chrome: {chromedriverVersion: 121.0.6167.85 (3f98d690ad7e..., userDataDir: C:\Users\dP-PL\AppData\Loca...}, fedcm:accounts: true, goog:chromeOptions: {debuggerAddress: localhost:55824}, javascriptEnabled: true, networkConnectionEnabled: false, pageLoadStrategy: normal, platform: WINDOWS, platformName: WINDOWS, proxy: Proxy(), setWindowRect: true, strictFileInteractability: false, timeouts: {implicit: 0, pageLoad: 300000, script: 30000}, unhandledPromptBehavior: dismiss and notify, webauthn:extension:credBlob: true, webauthn:extension:largeBlob: true, webauthn:extension:minPinLength: true, webauthn:extension:prf: true, webauthn:virtualAuthenticators: true}
Session ID: e5e3d20ecd4947491b936a0f47975d85
*** Element info: {Using=xpath, value=//h1[contains(text(),'Pending Allocation')]/following-sibling::h1}
	at java.base/jdk.internal.reflect.DirectConstructorHandleAccessor.newInstance(DirectConstructorHandleAccessor.java:67)
	at java.base/java.lang.reflect.Constructor.newInstanceWithCaller(Constructor.java:500)
	at java.base/java.lang.reflect.Constructor.newInstance(Constructor.java:484)
	at org.openqa.selenium.remote.http.W3CHttpResponseCodec.createException(W3CHttpResponseCodec.java:187)
	at org.openqa.selenium.remote.http.W3CHttpResponseCodec.decode(W3CHttpResponseCodec.java:122)
	at org.openqa.selenium.remote.http.W3CHttpResponseCodec.decode(W3CHttpResponseCodec.java:49)
	at org.openqa.selenium.remote.HttpCommandExecutor.execute(HttpCommandExecutor.java:158)
	at org.openqa.selenium.remote.service.DriverCommandExecutor.execute(DriverCommandExecutor.java:83)
	at org.openqa.selenium.remote.RemoteWebDriver.execute(RemoteWebDriver.java:552)
	at org.openqa.selenium.remote.RemoteWebDriver.findElement(RemoteWebDriver.java:323)
	at org.openqa.selenium.remote.RemoteWebDriver.findElementByXPath(RemoteWebDriver.java:428)
	at org.openqa.selenium.By$ByXPath.findElement(By.java:353)
	at org.openqa.selenium.remote.RemoteWebDriver.findElement(RemoteWebDriver.java:315)
	at java.base/jdk.internal.reflect.DirectMethodHandleAccessor.invoke(DirectMethodHandleAccessor.java:104)
	at java.base/java.lang.reflect.Method.invoke(Method.java:578)
	at org.openqa.selenium.support.events.EventFiringWebDriver.lambda$new$1(EventFiringWebDriver.java:105)
	at jdk.proxy2/jdk.proxy2.$Proxy25.findElement(Unknown Source)
	at org.openqa.selenium.support.events.EventFiringWebDriver.findElement(EventFiringWebDriver.java:194)
	at org.openqa.selenium.support.pagefactory.DefaultElementLocator.findElement(DefaultElementLocator.java:69)
	at org.openqa.selenium.support.pagefactory.internal.LocatingElementHandler.invoke(LocatingElementHandler.java:38)
	at jdk.proxy2/jdk.proxy2.$Proxy28.getText(Unknown Source)
	at pages.NetworkInstancePage.getactualpendingallocationcount(NetworkInstancePage.java:139)
	at pages.NetworkInstancePage.verifypendingallocationcount(NetworkInstancePage.java:149)
	at XGLT_6688_Test.CustomDatePA(XGLT_6688_Test.java:96)
	at java.base/jdk.internal.reflect.DirectMethodHandleAccessor.invoke(DirectMethodHandleAccessor.java:104)
	at java.base/java.lang.reflect.Method.invoke(Method.java:578)
	at org.testng.internal.invokers.MethodInvocationHelper.invokeMethod(MethodInvocationHelper.java:139)
	at org.testng.internal.invokers.TestInvoker.invokeMethod(TestInvoker.java:677)
	at org.testng.internal.invokers.TestInvoker.invokeTestMethod(TestInvoker.java:221)
	at org.testng.internal.invokers.MethodRunner.runInSequence(MethodRunner.java:50)
	at org.testng.internal.invokers.TestInvoker$MethodInvocationAgent.invoke(TestInvoker.java:962)
	at org.testng.internal.invokers.TestInvoker.invokeTestMethods(TestInvoker.java:194)
	at org.testng.internal.invokers.TestMethodWorker.invokeTestMethods(TestMethodWorker.java:148)
	at org.testng.internal.invokers.TestMethodWorker.run(TestMethodWorker.java:128)
	at java.base/java.util.ArrayList.forEach(ArrayList.java:1511)
	at org.testng.TestRunner.privateRun(TestRunner.java:806)
	at org.testng.TestRunner.run(TestRunner.java:601)
	at org.testng.SuiteRunner.runTest(SuiteRunner.java:433)
	at org.testng.SuiteRunner.runSequentially(SuiteRunner.java:427)
	at org.testng.SuiteRunner.privateRun(SuiteRunner.java:387)
	at org.testng.SuiteRunner.run(SuiteRunner.java:330)
	at org.testng.SuiteRunnerWorker.runSuite(SuiteRunnerWorker.java:52)
	at org.testng.SuiteRunnerWorker.run(SuiteRunnerWorker.java:95)
	at org.testng.TestNG.runSuitesSequentially(TestNG.java:1256)
	at org.testng.TestNG.runSuitesLocally(TestNG.java:1176)
	at org.testng.TestNG.runSuites(TestNG.java:1099)
	at org.testng.TestNG.run(TestNG.java:1067)
	at org.apache.maven.surefire.testng.TestNGExecutor.run(TestNGExecutor.java:324)
	at org.apache.maven.surefire.testng.TestNGXmlTestSuite.execute(TestNGXmlTestSuite.java:74)
	at org.apache.maven.surefire.testng.TestNGProvider.invoke(TestNGProvider.java:123)
	at org.apache.maven.surefire.booter.ForkedBooter.runSuitesInProcess(ForkedBooter.java:456)
	at org.apache.maven.surefire.booter.ForkedBooter.execute(ForkedBooter.java:169)
	at org.apache.maven.surefire.booter.ForkedBooter.run(ForkedBooter.java:595)
	at org.apache.maven.surefire.booter.ForkedBooter.main(ForkedBooter.java:581)
]]></failure>
    <system-out><![CDATA[Before method Test name: Maintainance Tests
CustomDatePA started!
2024-01-25 22:30:49,036 [main] INFO  base.BaseClass - Trying to find Element By {by.toString()})
2024-01-25 22:30:49,061 [main] INFO  base.BaseClass - Found Element By {by.toString()}
TimeoutException occurred: Expected condition failed: waiting for helper.WaitUtility$5@696ba097 (tried for 30 second(s) with 500 milliseconds interval)
Build info: version: '3.141.59', revision: 'e82be7d358', time: '2018-11-14T08:17:03'
System info: host: 'DPLAP166', ip: '137.237.3.67', os.name: 'Windows 10', os.arch: 'amd64', os.version: '10.0', java.version: '19.0.1'
Driver info: org.openqa.selenium.support.events.EventFiringWebDriver
Capabilities {acceptInsecureCerts: true, browserName: chrome, browserVersion: 121.0.6167.86, chrome: {chromedriverVersion: 121.0.6167.85 (3f98d690ad7e..., userDataDir: C:\Users\dP-PL\AppData\Loca...}, fedcm:accounts: true, goog:chromeOptions: {debuggerAddress: localhost:55824}, javascriptEnabled: true, networkConnectionEnabled: false, pageLoadStrategy: normal, platform: WINDOWS, platformName: WINDOWS, proxy: Proxy(), setWindowRect: true, strictFileInteractability: false, timeouts: {implicit: 0, pageLoad: 300000, script: 30000}, unhandledPromptBehavior: dismiss and notify, webauthn:extension:credBlob: true, webauthn:extension:largeBlob: true, webauthn:extension:minPinLength: true, webauthn:extension:prf: true, webauthn:virtualAuthenticators: true}
Session ID: e5e3d20ecd4947491b936a0f47975d85
2024-01-25 22:31:19,640 [main] ERROR XGLT_15177_Test - Element did not become visible within the specified time: Expected condition failed: waiting for helper.WaitUtility$5@696ba097 (tried for 30 second(s) with 500 milliseconds interval)
Build info: version: '3.141.59', revision: 'e82be7d358', time: '2018-11-14T08:17:03'
System info: host: 'DPLAP166', ip: '137.237.3.67', os.name: 'Windows 10', os.arch: 'amd64', os.version: '10.0', java.version: '19.0.1'
Driver info: org.openqa.selenium.support.events.EventFiringWebDriver
Capabilities {acceptInsecureCerts: true, browserName: chrome, browserVersion: 121.0.6167.86, chrome: {chromedriverVersion: 121.0.6167.85 (3f98d690ad7e..., userDataDir: C:\Users\dP-PL\AppData\Loca...}, fedcm:accounts: true, goog:chromeOptions: {debuggerAddress: localhost:55824}, javascriptEnabled: true, networkConnectionEnabled: false, pageLoadStrategy: normal, platform: WINDOWS, platformName: WINDOWS, proxy: Proxy(), setWindowRect: true, strictFileInteractability: false, timeouts: {implicit: 0, pageLoad: 300000, script: 30000}, unhandledPromptBehavior: dismiss and notify, webauthn:extension:credBlob: true, webauthn:extension:largeBlob: true, webauthn:extension:minPinLength: true, webauthn:extension:prf: true, webauthn:virtualAuthenticators: true}
Session ID: e5e3d20ecd4947491b936a0f47975d85
2024-01-25 22:31:19,640 [main] INFO  base.BaseClass - Trying to click on: {element.toString()}
2024-01-25 22:31:19,831 [main] INFO  base.BaseClass - Clicked on: {element.toString()}
2024-01-25 22:31:19,831 [main] INFO  base.BaseClass - Trying to find Element By {by.toString()})
2024-01-25 22:31:19,850 [main] INFO  base.BaseClass - Found Element By {by.toString()}
2024-01-25 22:31:19,866 [main] INFO  base.BaseClass - Trying to find Element By {by.toString()})
2024-01-25 22:31:19,881 [main] INFO  base.BaseClass - Found Element By {by.toString()}
TimeoutException occurred: Expected condition failed: waiting for helper.WaitUtility$5@1c081c31 (tried for 30 second(s) with 500 milliseconds interval)
Build info: version: '3.141.59', revision: 'e82be7d358', time: '2018-11-14T08:17:03'
System info: host: 'DPLAP166', ip: '137.237.3.67', os.name: 'Windows 10', os.arch: 'amd64', os.version: '10.0', java.version: '19.0.1'
Driver info: org.openqa.selenium.support.events.EventFiringWebDriver
Capabilities {acceptInsecureCerts: true, browserName: chrome, browserVersion: 121.0.6167.86, chrome: {chromedriverVersion: 121.0.6167.85 (3f98d690ad7e..., userDataDir: C:\Users\dP-PL\AppData\Loca...}, fedcm:accounts: true, goog:chromeOptions: {debuggerAddress: localhost:55824}, javascriptEnabled: true, networkConnectionEnabled: false, pageLoadStrategy: normal, platform: WINDOWS, platformName: WINDOWS, proxy: Proxy(), setWindowRect: true, strictFileInteractability: false, timeouts: {implicit: 0, pageLoad: 300000, script: 30000}, unhandledPromptBehavior: dismiss and notify, webauthn:extension:credBlob: true, webauthn:extension:largeBlob: true, webauthn:extension:minPinLength: true, webauthn:extension:prf: true, webauthn:virtualAuthenticators: true}
Session ID: e5e3d20ecd4947491b936a0f47975d85
2024-01-25 22:31:50,382 [main] ERROR XGLT_15177_Test - Element did not become visible within the specified time: Expected condition failed: waiting for helper.WaitUtility$5@1c081c31 (tried for 30 second(s) with 500 milliseconds interval)
Build info: version: '3.141.59', revision: 'e82be7d358', time: '2018-11-14T08:17:03'
System info: host: 'DPLAP166', ip: '137.237.3.67', os.name: 'Windows 10', os.arch: 'amd64', os.version: '10.0', java.version: '19.0.1'
Driver info: org.openqa.selenium.support.events.EventFiringWebDriver
Capabilities {acceptInsecureCerts: true, browserName: chrome, browserVersion: 121.0.6167.86, chrome: {chromedriverVersion: 121.0.6167.85 (3f98d690ad7e..., userDataDir: C:\Users\dP-PL\AppData\Loca...}, fedcm:accounts: true, goog:chromeOptions: {debuggerAddress: localhost:55824}, javascriptEnabled: true, networkConnectionEnabled: false, pageLoadStrategy: normal, platform: WINDOWS, platformName: WINDOWS, proxy: Proxy(), setWindowRect: true, strictFileInteractability: false, timeouts: {implicit: 0, pageLoad: 300000, script: 30000}, unhandledPromptBehavior: dismiss and notify, webauthn:extension:credBlob: true, webauthn:extension:largeBlob: true, webauthn:extension:minPinLength: true, webauthn:extension:prf: true, webauthn:virtualAuthenticators: true}
Session ID: e5e3d20ecd4947491b936a0f47975d85
2024-01-25 22:31:50,383 [main] INFO  base.BaseClass - Trying to click on: {element.toString()}
2024-01-25 22:31:50,522 [main] INFO  base.BaseClass - Clicked on: {element.toString()}
TimeoutException occurred: Expected condition failed: waiting for helper.WaitUtility$5@4937e5d1 (tried for 30 second(s) with 500 milliseconds interval)
Build info: version: '3.141.59', revision: 'e82be7d358', time: '2018-11-14T08:17:03'
System info: host: 'DPLAP166', ip: '137.237.3.67', os.name: 'Windows 10', os.arch: 'amd64', os.version: '10.0', java.version: '19.0.1'
Driver info: org.openqa.selenium.support.events.EventFiringWebDriver
Capabilities {acceptInsecureCerts: true, browserName: chrome, browserVersion: 121.0.6167.86, chrome: {chromedriverVersion: 121.0.6167.85 (3f98d690ad7e..., userDataDir: C:\Users\dP-PL\AppData\Loca...}, fedcm:accounts: true, goog:chromeOptions: {debuggerAddress: localhost:55824}, javascriptEnabled: true, networkConnectionEnabled: false, pageLoadStrategy: normal, platform: WINDOWS, platformName: WINDOWS, proxy: Proxy(), setWindowRect: true, strictFileInteractability: false, timeouts: {implicit: 0, pageLoad: 300000, script: 30000}, unhandledPromptBehavior: dismiss and notify, webauthn:extension:credBlob: true, webauthn:extension:largeBlob: true, webauthn:extension:minPinLength: true, webauthn:extension:prf: true, webauthn:virtualAuthenticators: true}
Session ID: e5e3d20ecd4947491b936a0f47975d85
2024-01-25 22:32:20,571 [main] ERROR XGLT_15177_Test - Element did not become visible within the specified time: Expected condition failed: waiting for helper.WaitUtility$5@4937e5d1 (tried for 30 second(s) with 500 milliseconds interval)
Build info: version: '3.141.59', revision: 'e82be7d358', time: '2018-11-14T08:17:03'
System info: host: 'DPLAP166', ip: '137.237.3.67', os.name: 'Windows 10', os.arch: 'amd64', os.version: '10.0', java.version: '19.0.1'
Driver info: org.openqa.selenium.support.events.EventFiringWebDriver
Capabilities {acceptInsecureCerts: true, browserName: chrome, browserVersion: 121.0.6167.86, chrome: {chromedriverVersion: 121.0.6167.85 (3f98d690ad7e..., userDataDir: C:\Users\dP-PL\AppData\Loca...}, fedcm:accounts: true, goog:chromeOptions: {debuggerAddress: localhost:55824}, javascriptEnabled: true, networkConnectionEnabled: false, pageLoadStrategy: normal, platform: WINDOWS, platformName: WINDOWS, proxy: Proxy(), setWindowRect: true, strictFileInteractability: false, timeouts: {implicit: 0, pageLoad: 300000, script: 30000}, unhandledPromptBehavior: dismiss and notify, webauthn:extension:credBlob: true, webauthn:extension:largeBlob: true, webauthn:extension:minPinLength: true, webauthn:extension:prf: true, webauthn:virtualAuthenticators: true}
Session ID: e5e3d20ecd4947491b936a0f47975d85
2024-01-25 22:32:20,571 [main] INFO  base.BaseClass - Trying to click on: {element.toString()}
2024-01-25 22:32:20,674 [main] INFO  base.BaseClass - Clicked on: {element.toString()}
2024-01-25 22:32:20,674 [main] INFO  base.BaseClass - Trying to find Element By {by.toString()})
2024-01-25 22:32:20,693 [main] INFO  base.BaseClass - Found Element By {by.toString()}
TimeoutException occurred: Expected condition failed: waiting for helper.WaitUtility$5@4390c81b (tried for 30 second(s) with 500 milliseconds interval)
Build info: version: '3.141.59', revision: 'e82be7d358', time: '2018-11-14T08:17:03'
System info: host: 'DPLAP166', ip: '137.237.3.67', os.name: 'Windows 10', os.arch: 'amd64', os.version: '10.0', java.version: '19.0.1'
Driver info: org.openqa.selenium.support.events.EventFiringWebDriver
Capabilities {acceptInsecureCerts: true, browserName: chrome, browserVersion: 121.0.6167.86, chrome: {chromedriverVersion: 121.0.6167.85 (3f98d690ad7e..., userDataDir: C:\Users\dP-PL\AppData\Loca...}, fedcm:accounts: true, goog:chromeOptions: {debuggerAddress: localhost:55824}, javascriptEnabled: true, networkConnectionEnabled: false, pageLoadStrategy: normal, platform: WINDOWS, platformName: WINDOWS, proxy: Proxy(), setWindowRect: true, strictFileInteractability: false, timeouts: {implicit: 0, pageLoad: 300000, script: 30000}, unhandledPromptBehavior: dismiss and notify, webauthn:extension:credBlob: true, webauthn:extension:largeBlob: true, webauthn:extension:minPinLength: true, webauthn:extension:prf: true, webauthn:virtualAuthenticators: true}
Session ID: e5e3d20ecd4947491b936a0f47975d85
2024-01-25 22:32:50,750 [main] ERROR XGLT_15177_Test - Element did not become visible within the specified time: Expected condition failed: waiting for helper.WaitUtility$5@4390c81b (tried for 30 second(s) with 500 milliseconds interval)
Build info: version: '3.141.59', revision: 'e82be7d358', time: '2018-11-14T08:17:03'
System info: host: 'DPLAP166', ip: '137.237.3.67', os.name: 'Windows 10', os.arch: 'amd64', os.version: '10.0', java.version: '19.0.1'
Driver info: org.openqa.selenium.support.events.EventFiringWebDriver
Capabilities {acceptInsecureCerts: true, browserName: chrome, browserVersion: 121.0.6167.86, chrome: {chromedriverVersion: 121.0.6167.85 (3f98d690ad7e..., userDataDir: C:\Users\dP-PL\AppData\Loca...}, fedcm:accounts: true, goog:chromeOptions: {debuggerAddress: localhost:55824}, javascriptEnabled: true, networkConnectionEnabled: false, pageLoadStrategy: normal, platform: WINDOWS, platformName: WINDOWS, proxy: Proxy(), setWindowRect: true, strictFileInteractability: false, timeouts: {implicit: 0, pageLoad: 300000, script: 30000}, unhandledPromptBehavior: dismiss and notify, webauthn:extension:credBlob: true, webauthn:extension:largeBlob: true, webauthn:extension:minPinLength: true, webauthn:extension:prf: true, webauthn:virtualAuthenticators: true}
Session ID: e5e3d20ecd4947491b936a0f47975d85
2024-01-25 22:32:50,750 [main] INFO  base.BaseClass - Trying to click on: {element.toString()}
2024-01-25 22:32:50,850 [main] INFO  base.BaseClass - Clicked on: {element.toString()}
2024-01-25 22:32:50,850 [main] INFO  base.BaseClass - Trying to find Element By {by.toString()})
2024-01-25 22:32:50,867 [main] INFO  base.BaseClass - Found Element By {by.toString()}
TimeoutException occurred: Expected condition failed: waiting for helper.WaitUtility$5@223f605c (tried for 30 second(s) with 500 milliseconds interval)
Build info: version: '3.141.59', revision: 'e82be7d358', time: '2018-11-14T08:17:03'
System info: host: 'DPLAP166', ip: '137.237.3.67', os.name: 'Windows 10', os.arch: 'amd64', os.version: '10.0', java.version: '19.0.1'
Driver info: org.openqa.selenium.support.events.EventFiringWebDriver
Capabilities {acceptInsecureCerts: true, browserName: chrome, browserVersion: 121.0.6167.86, chrome: {chromedriverVersion: 121.0.6167.85 (3f98d690ad7e..., userDataDir: C:\Users\dP-PL\AppData\Loca...}, fedcm:accounts: true, goog:chromeOptions: {debuggerAddress: localhost:55824}, javascriptEnabled: true, networkConnectionEnabled: false, pageLoadStrategy: normal, platform: WINDOWS, platformName: WINDOWS, proxy: Proxy(), setWindowRect: true, strictFileInteractability: false, timeouts: {implicit: 0, pageLoad: 300000, script: 30000}, unhandledPromptBehavior: dismiss and notify, webauthn:extension:credBlob: true, webauthn:extension:largeBlob: true, webauthn:extension:minPinLength: true, webauthn:extension:prf: true, webauthn:virtualAuthenticators: true}
Session ID: e5e3d20ecd4947491b936a0f47975d85
2024-01-25 22:33:20,909 [main] ERROR XGLT_15177_Test - Element did not become visible within the specified time: Expected condition failed: waiting for helper.WaitUtility$5@223f605c (tried for 30 second(s) with 500 milliseconds interval)
Build info: version: '3.141.59', revision: 'e82be7d358', time: '2018-11-14T08:17:03'
System info: host: 'DPLAP166', ip: '137.237.3.67', os.name: 'Windows 10', os.arch: 'amd64', os.version: '10.0', java.version: '19.0.1'
Driver info: org.openqa.selenium.support.events.EventFiringWebDriver
Capabilities {acceptInsecureCerts: true, browserName: chrome, browserVersion: 121.0.6167.86, chrome: {chromedriverVersion: 121.0.6167.85 (3f98d690ad7e..., userDataDir: C:\Users\dP-PL\AppData\Loca...}, fedcm:accounts: true, goog:chromeOptions: {debuggerAddress: localhost:55824}, javascriptEnabled: true, networkConnectionEnabled: false, pageLoadStrategy: normal, platform: WINDOWS, platformName: WINDOWS, proxy: Proxy(), setWindowRect: true, strictFileInteractability: false, timeouts: {implicit: 0, pageLoad: 300000, script: 30000}, unhandledPromptBehavior: dismiss and notify, webauthn:extension:credBlob: true, webauthn:extension:largeBlob: true, webauthn:extension:minPinLength: true, webauthn:extension:prf: true, webauthn:virtualAuthenticators: true}
Session ID: e5e3d20ecd4947491b936a0f47975d85
2024-01-25 22:33:20,909 [main] INFO  base.BaseClass - Trying to click on: {element.toString()}
2024-01-25 22:33:21,000 [main] INFO  base.BaseClass - Clicked on: {element.toString()}
2024-01-25 22:33:21,000 [main] INFO  base.BaseClass - Trying to find Element By {by.toString()})
2024-01-25 22:33:21,026 [main] INFO  base.BaseClass - Found Element By {by.toString()}
2024-01-25 22:33:21,550 [main] INFO  base.BaseClass - Trying to find Element By {by.toString()})
2024-01-25 22:33:21,565 [main] INFO  base.BaseClass - Found Element By {by.toString()}
2024-01-25 22:33:22,100 [main] INFO  base.BaseClass - Trying to find Element By {by.toString()})
2024-01-25 22:33:22,123 [main] INFO  base.BaseClass - Found Element By {by.toString()}
2024-01-25 22:33:22,664 [main] INFO  base.BaseClass - Trying to find Element By {by.toString()})
2024-01-25 22:33:22,687 [main] INFO  base.BaseClass - Found Element By {by.toString()}
2024-01-25 22:33:23,231 [main] INFO  base.BaseClass - Trying to find Element By {by.toString()})
2024-01-25 22:33:23,253 [main] INFO  base.BaseClass - Found Element By {by.toString()}
2024-01-25 22:33:23,785 [main] INFO  base.BaseClass - Trying to find Element By {by.toString()})
2024-01-25 22:33:23,808 [main] INFO  base.BaseClass - Found Element By {by.toString()}
2024-01-25 22:33:24,351 [main] INFO  base.BaseClass - Trying to find Element By {by.toString()})
2024-01-25 22:33:24,373 [main] INFO  base.BaseClass - Found Element By {by.toString()}
2024-01-25 22:33:24,903 [main] INFO  base.BaseClass - Trying to find Element By {by.toString()})
2024-01-25 22:33:24,918 [main] INFO  base.BaseClass - Found Element By {by.toString()}
2024-01-25 22:33:25,452 [main] INFO  base.BaseClass - Trying to find Element By {by.toString()})
2024-01-25 22:33:25,475 [main] INFO  base.BaseClass - Found Element By {by.toString()}
2024-01-25 22:33:26,019 [main] INFO  base.BaseClass - Trying to find Element By {by.toString()})
2024-01-25 22:33:26,041 [main] INFO  base.BaseClass - Found Element By {by.toString()}
2024-01-25 22:33:26,568 [main] INFO  base.BaseClass - Trying to find Element By {by.toString()})
2024-01-25 22:33:26,592 [main] INFO  base.BaseClass - Found Element By {by.toString()}
2024-01-25 22:33:27,118 [main] INFO  base.BaseClass - Trying to find Element By {by.toString()})
2024-01-25 22:33:27,142 [main] INFO  base.BaseClass - Found Element By {by.toString()}
2024-01-25 22:33:27,683 [main] INFO  base.BaseClass - Trying to find Element By {by.toString()})
2024-01-25 22:33:27,706 [main] INFO  base.BaseClass - Found Element By {by.toString()}
2024-01-25 22:33:28,249 [main] INFO  base.BaseClass - Trying to find Element By {by.toString()})
2024-01-25 22:33:28,272 [main] INFO  base.BaseClass - Found Element By {by.toString()}
2024-01-25 22:33:28,798 [main] INFO  base.BaseClass - Trying to find Element By {by.toString()})
2024-01-25 22:33:28,822 [main] INFO  base.BaseClass - Found Element By {by.toString()}
2024-01-25 22:33:29,363 [main] INFO  base.BaseClass - Trying to find Element By {by.toString()})
2024-01-25 22:33:29,386 [main] INFO  base.BaseClass - Found Element By {by.toString()}
2024-01-25 22:33:29,914 [main] INFO  base.BaseClass - Trying to find Element By {by.toString()})
2024-01-25 22:33:29,937 [main] INFO  base.BaseClass - Found Element By {by.toString()}
2024-01-25 22:33:30,478 [main] INFO  base.BaseClass - Trying to find Element By {by.toString()})
2024-01-25 22:33:30,498 [main] INFO  base.BaseClass - Found Element By {by.toString()}
2024-01-25 22:33:31,027 [main] INFO  base.BaseClass - Trying to find Element By {by.toString()})
2024-01-25 22:33:31,049 [main] INFO  base.BaseClass - Found Element By {by.toString()}
2024-01-25 22:33:31,590 [main] INFO  base.BaseClass - Trying to find Element By {by.toString()})
2024-01-25 22:33:31,613 [main] INFO  base.BaseClass - Found Element By {by.toString()}
2024-01-25 22:33:32,153 [main] INFO  base.BaseClass - Trying to find Element By {by.toString()})
2024-01-25 22:33:32,176 [main] INFO  base.BaseClass - Found Element By {by.toString()}
2024-01-25 22:33:32,719 [main] INFO  base.BaseClass - Trying to find Element By {by.toString()})
2024-01-25 22:33:32,739 [main] INFO  base.BaseClass - Found Element By {by.toString()}
2024-01-25 22:33:33,270 [main] INFO  base.BaseClass - Trying to find Element By {by.toString()})
2024-01-25 22:33:33,294 [main] INFO  base.BaseClass - Found Element By {by.toString()}
2024-01-25 22:33:33,836 [main] INFO  base.BaseClass - Trying to find Element By {by.toString()})
2024-01-25 22:33:33,859 [main] INFO  base.BaseClass - Found Element By {by.toString()}
2024-01-25 22:33:34,386 [main] INFO  base.BaseClass - Trying to find Element By {by.toString()})
2024-01-25 22:33:34,408 [main] INFO  base.BaseClass - Found Element By {by.toString()}
2024-01-25 22:33:34,951 [main] INFO  base.BaseClass - Trying to find Element By {by.toString()})
2024-01-25 22:33:34,974 [main] INFO  base.BaseClass - Found Element By {by.toString()}
2024-01-25 22:33:35,514 [main] INFO  base.BaseClass - Trying to find Element By {by.toString()})
2024-01-25 22:33:35,536 [main] INFO  base.BaseClass - Found Element By {by.toString()}
2024-01-25 22:33:36,078 [main] INFO  base.BaseClass - Trying to find Element By {by.toString()})
2024-01-25 22:33:36,100 [main] INFO  base.BaseClass - Found Element By {by.toString()}
2024-01-25 22:33:36,646 [main] INFO  base.BaseClass - Trying to find Element By {by.toString()})
2024-01-25 22:33:36,664 [main] INFO  base.BaseClass - Found Element By {by.toString()}
2024-01-25 22:33:37,193 [main] INFO  base.BaseClass - Trying to find Element By {by.toString()})
2024-01-25 22:33:37,217 [main] INFO  base.BaseClass - Found Element By {by.toString()}
2024-01-25 22:33:37,756 [main] INFO  base.BaseClass - Trying to find Element By {by.toString()})
2024-01-25 22:33:37,780 [main] INFO  base.BaseClass - Found Element By {by.toString()}
2024-01-25 22:33:38,321 [main] INFO  base.BaseClass - Trying to find Element By {by.toString()})
2024-01-25 22:33:38,346 [main] INFO  base.BaseClass - Found Element By {by.toString()}
2024-01-25 22:33:38,873 [main] INFO  base.BaseClass - Trying to find Element By {by.toString()})
2024-01-25 22:33:38,889 [main] INFO  base.BaseClass - Found Element By {by.toString()}
2024-01-25 22:33:39,423 [main] INFO  base.BaseClass - Trying to find Element By {by.toString()})
2024-01-25 22:33:39,445 [main] INFO  base.BaseClass - Found Element By {by.toString()}
2024-01-25 22:33:39,985 [main] INFO  base.BaseClass - Trying to find Element By {by.toString()})
2024-01-25 22:33:40,009 [main] INFO  base.BaseClass - Found Element By {by.toString()}
2024-01-25 22:33:40,550 [main] INFO  base.BaseClass - Trying to find Element By {by.toString()})
2024-01-25 22:33:40,573 [main] INFO  base.BaseClass - Found Element By {by.toString()}
2024-01-25 22:33:41,112 [main] INFO  base.BaseClass - Trying to find Element By {by.toString()})
2024-01-25 22:33:41,136 [main] INFO  base.BaseClass - Found Element By {by.toString()}
2024-01-25 22:33:41,673 [main] INFO  base.BaseClass - Trying to find Element By {by.toString()})
2024-01-25 22:33:41,689 [main] INFO  base.BaseClass - Found Element By {by.toString()}
2024-01-25 22:33:42,220 [main] INFO  base.BaseClass - Trying to find Element By {by.toString()})
2024-01-25 22:33:42,244 [main] INFO  base.BaseClass - Found Element By {by.toString()}
2024-01-25 22:33:42,785 [main] INFO  base.BaseClass - Trying to find Element By {by.toString()})
2024-01-25 22:33:42,809 [main] INFO  base.BaseClass - Found Element By {by.toString()}
2024-01-25 22:33:43,351 [main] INFO  base.BaseClass - Trying to find Element By {by.toString()})
2024-01-25 22:33:43,374 [main] INFO  base.BaseClass - Found Element By {by.toString()}
2024-01-25 22:33:43,916 [main] INFO  base.BaseClass - Trying to find Element By {by.toString()})
2024-01-25 22:33:43,939 [main] INFO  base.BaseClass - Found Element By {by.toString()}
2024-01-25 22:33:44,485 [main] INFO  base.BaseClass - Trying to find Element By {by.toString()})
2024-01-25 22:33:44,507 [main] INFO  base.BaseClass - Found Element By {by.toString()}
2024-01-25 22:33:45,051 [main] INFO  base.BaseClass - Trying to find Element By {by.toString()})
2024-01-25 22:33:45,075 [main] INFO  base.BaseClass - Found Element By {by.toString()}
2024-01-25 22:33:45,615 [main] INFO  base.BaseClass - Trying to find Element By {by.toString()})
2024-01-25 22:33:45,632 [main] INFO  base.BaseClass - Found Element By {by.toString()}
2024-01-25 22:33:46,166 [main] INFO  base.BaseClass - Trying to find Element By {by.toString()})
2024-01-25 22:33:46,189 [main] INFO  base.BaseClass - Found Element By {by.toString()}
2024-01-25 22:33:46,730 [main] INFO  base.BaseClass - Trying to find Element By {by.toString()})
2024-01-25 22:33:46,911 [main] INFO  base.BaseClass - Found Element By {by.toString()}
2024-01-25 22:33:47,451 [main] INFO  base.BaseClass - Trying to find Element By {by.toString()})
2024-01-25 22:33:47,463 [main] INFO  base.BaseClass - Found Element By {by.toString()}
2024-01-25 22:33:47,986 [main] INFO  base.BaseClass - Trying to find Element By {by.toString()})
2024-01-25 22:33:48,009 [main] INFO  base.BaseClass - Found Element By {by.toString()}
2024-01-25 22:33:48,551 [main] INFO  base.BaseClass - Trying to find Element By {by.toString()})
2024-01-25 22:33:48,574 [main] INFO  base.BaseClass - Found Element By {by.toString()}
2024-01-25 22:33:49,117 [main] INFO  base.BaseClass - Trying to find Element By {by.toString()})
2024-01-25 22:33:49,141 [main] INFO  base.BaseClass - Found Element By {by.toString()}
2024-01-25 22:33:49,684 [main] INFO  base.BaseClass - Trying to find Element By {by.toString()})
2024-01-25 22:33:49,707 [main] INFO  base.BaseClass - Found Element By {by.toString()}
2024-01-25 22:33:50,249 [main] INFO  base.BaseClass - Trying to find Element By {by.toString()})
2024-01-25 22:33:50,273 [main] INFO  base.BaseClass - Found Element By {by.toString()}
2024-01-25 22:33:50,817 [main] INFO  base.BaseClass - Trying to find Element By {by.toString()})
2024-01-25 22:33:50,839 [main] INFO  base.BaseClass - Found Element By {by.toString()}
2024-01-25 22:33:51,383 [main] INFO  base.BaseClass - Trying to find Element By {by.toString()})
2024-01-25 22:33:51,405 [main] INFO  base.BaseClass - Found Element By {by.toString()}
TimeoutException occurred: Expected condition failed: waiting for helper.WaitUtility$5@7cb21f80 (tried for 30 second(s) with 500 milliseconds interval)
Build info: version: '3.141.59', revision: 'e82be7d358', time: '2018-11-14T08:17:03'
System info: host: 'DPLAP166', ip: '137.237.3.67', os.name: 'Windows 10', os.arch: 'amd64', os.version: '10.0', java.version: '19.0.1'
Driver info: org.openqa.selenium.support.events.EventFiringWebDriver
Capabilities {acceptInsecureCerts: true, browserName: chrome, browserVersion: 121.0.6167.86, chrome: {chromedriverVersion: 121.0.6167.85 (3f98d690ad7e..., userDataDir: C:\Users\dP-PL\AppData\Loca...}, fedcm:accounts: true, goog:chromeOptions: {debuggerAddress: localhost:55824}, javascriptEnabled: true, networkConnectionEnabled: false, pageLoadStrategy: normal, platform: WINDOWS, platformName: WINDOWS, proxy: Proxy(), setWindowRect: true, strictFileInteractability: false, timeouts: {implicit: 0, pageLoad: 300000, script: 30000}, unhandledPromptBehavior: dismiss and notify, webauthn:extension:credBlob: true, webauthn:extension:largeBlob: true, webauthn:extension:minPinLength: true, webauthn:extension:prf: true, webauthn:virtualAuthenticators: true}
Session ID: e5e3d20ecd4947491b936a0f47975d85
2024-01-25 22:33:51,427 [main] ERROR XGLT_15177_Test - Element did not become visible within the specified time: Expected condition failed: waiting for helper.WaitUtility$5@7cb21f80 (tried for 30 second(s) with 500 milliseconds interval)
Build info: version: '3.141.59', revision: 'e82be7d358', time: '2018-11-14T08:17:03'
System info: host: 'DPLAP166', ip: '137.237.3.67', os.name: 'Windows 10', os.arch: 'amd64', os.version: '10.0', java.version: '19.0.1'
Driver info: org.openqa.selenium.support.events.EventFiringWebDriver
Capabilities {acceptInsecureCerts: true, browserName: chrome, browserVersion: 121.0.6167.86, chrome: {chromedriverVersion: 121.0.6167.85 (3f98d690ad7e..., userDataDir: C:\Users\dP-PL\AppData\Loca...}, fedcm:accounts: true, goog:chromeOptions: {debuggerAddress: localhost:55824}, javascriptEnabled: true, networkConnectionEnabled: false, pageLoadStrategy: normal, platform: WINDOWS, platformName: WINDOWS, proxy: Proxy(), setWindowRect: true, strictFileInteractability: false, timeouts: {implicit: 0, pageLoad: 300000, script: 30000}, unhandledPromptBehavior: dismiss and notify, webauthn:extension:credBlob: true, webauthn:extension:largeBlob: true, webauthn:extension:minPinLength: true, webauthn:extension:prf: true, webauthn:virtualAuthenticators: true}
Session ID: e5e3d20ecd4947491b936a0f47975d85
2024-01-25 22:33:51,427 [main] INFO  base.BaseClass - Trying to find Element By {by.toString()})
2024-01-25 22:33:51,442 [main] INFO  base.BaseClass - Found Element By {by.toString()}
2024-01-25 22:33:51,442 [main] INFO  base.BaseClass - Trying to click on: {element.toString()}
2024-01-25 22:33:51,565 [main] INFO  base.BaseClass - Clicked on: {element.toString()}
2024-01-25 22:33:51,565 [main] INFO  base.BaseClass - Trying to find Element By {by.toString()})
2024-01-25 22:33:51,578 [main] INFO  base.BaseClass - Found Element By {by.toString()}
2024-01-25 22:33:51,587 [main] INFO  base.BaseClass - Trying to find Element By {by.toString()})
2024-01-25 22:33:51,611 [main] INFO  base.BaseClass - Found Element By {by.toString()}
2024-01-25 22:33:51,638 [main] INFO  base.BaseClass - Trying to find Element By {by.toString()})
2024-01-25 22:33:51,655 [main] INFO  base.BaseClass - Found Element By {by.toString()}
Mc count 
2024-01-25 22:33:51,886 [main] INFO  base.BaseClass - Trying to find Element By {by.toString()})
TimeoutException occurred: Expected condition failed: waiting for helper.WaitUtility$4@1b8a4c52 (tried for 50 second(s) with 500 milliseconds interval)
2024-01-25 22:34:41,925 [main] ERROR XGLT_15177_Test - Element did not become visible within the specified time: Expected condition failed: waiting for helper.WaitUtility$4@1b8a4c52 (tried for 50 second(s) with 500 milliseconds interval)
2024-01-25 22:34:41,926 [main] INFO  base.BaseClass - Trying to find Element By {by.toString()})
2024-01-25 22:34:41,948 [main] INFO  base.BaseClass - Found Element By {by.toString()}
2024-01-25 22:34:42,483 [main] INFO  base.BaseClass - Trying to find Element By {by.toString()})
2024-01-25 22:34:42,504 [main] INFO  base.BaseClass - Found Element By {by.toString()}
2024-01-25 22:34:43,050 [main] INFO  base.BaseClass - Trying to find Element By {by.toString()})
2024-01-25 22:34:43,070 [main] INFO  base.BaseClass - Found Element By {by.toString()}
2024-01-25 22:34:43,615 [main] INFO  base.BaseClass - Trying to find Element By {by.toString()})
2024-01-25 22:34:43,637 [main] INFO  base.BaseClass - Found Element By {by.toString()}
2024-01-25 22:34:44,163 [main] INFO  base.BaseClass - Trying to find Element By {by.toString()})
2024-01-25 22:34:44,185 [main] INFO  base.BaseClass - Found Element By {by.toString()}
2024-01-25 22:34:44,727 [main] INFO  base.BaseClass - Trying to find Element By {by.toString()})
2024-01-25 22:34:44,750 [main] INFO  base.BaseClass - Found Element By {by.toString()}
2024-01-25 22:34:45,293 [main] INFO  base.BaseClass - Trying to find Element By {by.toString()})
2024-01-25 22:34:45,317 [main] INFO  base.BaseClass - Found Element By {by.toString()}
2024-01-25 22:34:45,859 [main] INFO  base.BaseClass - Trying to find Element By {by.toString()})
2024-01-25 22:34:45,882 [main] INFO  base.BaseClass - Found Element By {by.toString()}
2024-01-25 22:34:46,424 [main] INFO  base.BaseClass - Trying to find Element By {by.toString()})
2024-01-25 22:34:46,447 [main] INFO  base.BaseClass - Found Element By {by.toString()}
2024-01-25 22:34:46,972 [main] INFO  base.BaseClass - Trying to find Element By {by.toString()})
2024-01-25 22:34:46,994 [main] INFO  base.BaseClass - Found Element By {by.toString()}
2024-01-25 22:34:47,537 [main] INFO  base.BaseClass - Trying to find Element By {by.toString()})
2024-01-25 22:34:47,560 [main] INFO  base.BaseClass - Found Element By {by.toString()}
2024-01-25 22:34:48,087 [main] INFO  base.BaseClass - Trying to find Element By {by.toString()})
2024-01-25 22:34:48,109 [main] INFO  base.BaseClass - Found Element By {by.toString()}
2024-01-25 22:34:48,650 [main] INFO  base.BaseClass - Trying to find Element By {by.toString()})
2024-01-25 22:34:48,673 [main] INFO  base.BaseClass - Found Element By {by.toString()}
2024-01-25 22:34:49,199 [main] INFO  base.BaseClass - Trying to find Element By {by.toString()})
2024-01-25 22:34:49,221 [main] INFO  base.BaseClass - Found Element By {by.toString()}
2024-01-25 22:34:49,765 [main] INFO  base.BaseClass - Trying to find Element By {by.toString()})
2024-01-25 22:34:49,787 [main] INFO  base.BaseClass - Found Element By {by.toString()}
2024-01-25 22:34:50,329 [main] INFO  base.BaseClass - Trying to find Element By {by.toString()})
2024-01-25 22:34:50,352 [main] INFO  base.BaseClass - Found Element By {by.toString()}
2024-01-25 22:34:50,879 [main] INFO  base.BaseClass - Trying to find Element By {by.toString()})
2024-01-25 22:34:50,901 [main] INFO  base.BaseClass - Found Element By {by.toString()}
2024-01-25 22:34:51,443 [main] INFO  base.BaseClass - Trying to find Element By {by.toString()})
2024-01-25 22:34:51,466 [main] INFO  base.BaseClass - Found Element By {by.toString()}
2024-01-25 22:34:52,008 [main] INFO  base.BaseClass - Trying to find Element By {by.toString()})
2024-01-25 22:34:52,031 [main] INFO  base.BaseClass - Found Element By {by.toString()}
2024-01-25 22:34:52,574 [main] INFO  base.BaseClass - Trying to find Element By {by.toString()})
2024-01-25 22:34:52,597 [main] INFO  base.BaseClass - Found Element By {by.toString()}
2024-01-25 22:34:53,136 [main] INFO  base.BaseClass - Trying to find Element By {by.toString()})
2024-01-25 22:34:53,159 [main] INFO  base.BaseClass - Found Element By {by.toString()}
2024-01-25 22:34:53,698 [main] INFO  base.BaseClass - Trying to find Element By {by.toString()})
2024-01-25 22:34:53,717 [main] INFO  base.BaseClass - Found Element By {by.toString()}
2024-01-25 22:34:54,246 [main] INFO  base.BaseClass - Trying to find Element By {by.toString()})
2024-01-25 22:34:54,268 [main] INFO  base.BaseClass - Found Element By {by.toString()}
2024-01-25 22:34:54,814 [main] INFO  base.BaseClass - Trying to find Element By {by.toString()})
2024-01-25 22:34:54,837 [main] INFO  base.BaseClass - Found Element By {by.toString()}
2024-01-25 22:34:55,381 [main] INFO  base.BaseClass - Trying to find Element By {by.toString()})
2024-01-25 22:34:55,396 [main] INFO  base.BaseClass - Found Element By {by.toString()}
2024-01-25 22:34:55,929 [main] INFO  base.BaseClass - Trying to find Element By {by.toString()})
2024-01-25 22:34:55,951 [main] INFO  base.BaseClass - Found Element By {by.toString()}
2024-01-25 22:34:56,496 [main] INFO  base.BaseClass - Trying to find Element By {by.toString()})
2024-01-25 22:34:56,518 [main] INFO  base.BaseClass - Found Element By {by.toString()}
2024-01-25 22:34:57,059 [main] INFO  base.BaseClass - Trying to find Element By {by.toString()})
2024-01-25 22:34:57,083 [main] INFO  base.BaseClass - Found Element By {by.toString()}
2024-01-25 22:34:57,623 [main] INFO  base.BaseClass - Trying to find Element By {by.toString()})
2024-01-25 22:34:57,646 [main] INFO  base.BaseClass - Found Element By {by.toString()}
2024-01-25 22:34:58,187 [main] INFO  base.BaseClass - Trying to find Element By {by.toString()})
2024-01-25 22:34:58,209 [main] INFO  base.BaseClass - Found Element By {by.toString()}
2024-01-25 22:34:58,755 [main] INFO  base.BaseClass - Trying to find Element By {by.toString()})
2024-01-25 22:34:58,775 [main] INFO  base.BaseClass - Found Element By {by.toString()}
2024-01-25 22:34:59,321 [main] INFO  base.BaseClass - Trying to find Element By {by.toString()})
2024-01-25 22:34:59,342 [main] INFO  base.BaseClass - Found Element By {by.toString()}
2024-01-25 22:34:59,886 [main] INFO  base.BaseClass - Trying to find Element By {by.toString()})
2024-01-25 22:34:59,908 [main] INFO  base.BaseClass - Found Element By {by.toString()}
2024-01-25 22:35:00,454 [main] INFO  base.BaseClass - Trying to find Element By {by.toString()})
2024-01-25 22:35:00,476 [main] INFO  base.BaseClass - Found Element By {by.toString()}
2024-01-25 22:35:01,019 [main] INFO  base.BaseClass - Trying to find Element By {by.toString()})
2024-01-25 22:35:01,039 [main] INFO  base.BaseClass - Found Element By {by.toString()}
2024-01-25 22:35:01,572 [main] INFO  base.BaseClass - Trying to find Element By {by.toString()})
2024-01-25 22:35:01,595 [main] INFO  base.BaseClass - Found Element By {by.toString()}
2024-01-25 22:35:02,123 [main] INFO  base.BaseClass - Trying to find Element By {by.toString()})
2024-01-25 22:35:02,142 [main] INFO  base.BaseClass - Found Element By {by.toString()}
2024-01-25 22:35:02,672 [main] INFO  base.BaseClass - Trying to find Element By {by.toString()})
2024-01-25 22:35:02,695 [main] INFO  base.BaseClass - Found Element By {by.toString()}
2024-01-25 22:35:03,221 [main] INFO  base.BaseClass - Trying to find Element By {by.toString()})
2024-01-25 22:35:03,244 [main] INFO  base.BaseClass - Found Element By {by.toString()}
2024-01-25 22:35:03,786 [main] INFO  base.BaseClass - Trying to find Element By {by.toString()})
2024-01-25 22:35:03,808 [main] INFO  base.BaseClass - Found Element By {by.toString()}
2024-01-25 22:35:04,351 [main] INFO  base.BaseClass - Trying to find Element By {by.toString()})
2024-01-25 22:35:04,372 [main] INFO  base.BaseClass - Found Element By {by.toString()}
2024-01-25 22:35:04,915 [main] INFO  base.BaseClass - Trying to find Element By {by.toString()})
2024-01-25 22:35:04,939 [main] INFO  base.BaseClass - Found Element By {by.toString()}
2024-01-25 22:35:05,480 [main] INFO  base.BaseClass - Trying to find Element By {by.toString()})
2024-01-25 22:35:05,501 [main] INFO  base.BaseClass - Found Element By {by.toString()}
2024-01-25 22:35:06,033 [main] INFO  base.BaseClass - Trying to find Element By {by.toString()})
2024-01-25 22:35:06,056 [main] INFO  base.BaseClass - Found Element By {by.toString()}
2024-01-25 22:35:06,598 [main] INFO  base.BaseClass - Trying to find Element By {by.toString()})
2024-01-25 22:35:06,620 [main] INFO  base.BaseClass - Found Element By {by.toString()}
2024-01-25 22:35:07,165 [main] INFO  base.BaseClass - Trying to find Element By {by.toString()})
2024-01-25 22:35:07,186 [main] INFO  base.BaseClass - Found Element By {by.toString()}
2024-01-25 22:35:07,713 [main] INFO  base.BaseClass - Trying to find Element By {by.toString()})
2024-01-25 22:35:07,737 [main] INFO  base.BaseClass - Found Element By {by.toString()}
2024-01-25 22:35:08,276 [main] INFO  base.BaseClass - Trying to find Element By {by.toString()})
2024-01-25 22:35:08,300 [main] INFO  base.BaseClass - Found Element By {by.toString()}
2024-01-25 22:35:08,837 [main] INFO  base.BaseClass - Trying to find Element By {by.toString()})
2024-01-25 22:35:08,855 [main] INFO  base.BaseClass - Found Element By {by.toString()}
2024-01-25 22:35:09,390 [main] INFO  base.BaseClass - Trying to find Element By {by.toString()})
2024-01-25 22:35:09,412 [main] INFO  base.BaseClass - Found Element By {by.toString()}
2024-01-25 22:35:09,952 [main] INFO  base.BaseClass - Trying to find Element By {by.toString()})
2024-01-25 22:35:09,974 [main] INFO  base.BaseClass - Found Element By {by.toString()}
2024-01-25 22:35:10,518 [main] INFO  base.BaseClass - Trying to find Element By {by.toString()})
2024-01-25 22:35:10,540 [main] INFO  base.BaseClass - Found Element By {by.toString()}
2024-01-25 22:35:11,079 [main] INFO  base.BaseClass - Trying to find Element By {by.toString()})
2024-01-25 22:35:11,101 [main] INFO  base.BaseClass - Found Element By {by.toString()}
2024-01-25 22:35:11,643 [main] INFO  base.BaseClass - Trying to find Element By {by.toString()})
2024-01-25 22:35:11,664 [main] INFO  base.BaseClass - Found Element By {by.toString()}
2024-01-25 22:35:12,209 [main] INFO  base.BaseClass - Trying to find Element By {by.toString()})
2024-01-25 22:35:12,230 [main] INFO  base.BaseClass - Found Element By {by.toString()}
TimeoutException occurred: Expected condition failed: waiting for helper.WaitUtility$5@19fd4753 (tried for 30 second(s) with 500 milliseconds interval)
Build info: version: '3.141.59', revision: 'e82be7d358', time: '2018-11-14T08:17:03'
System info: host: 'DPLAP166', ip: '137.237.3.67', os.name: 'Windows 10', os.arch: 'amd64', os.version: '10.0', java.version: '19.0.1'
Driver info: org.openqa.selenium.support.events.EventFiringWebDriver
Capabilities {acceptInsecureCerts: true, browserName: chrome, browserVersion: 121.0.6167.86, chrome: {chromedriverVersion: 121.0.6167.85 (3f98d690ad7e..., userDataDir: C:\Users\dP-PL\AppData\Loca...}, fedcm:accounts: true, goog:chromeOptions: {debuggerAddress: localhost:55824}, javascriptEnabled: true, networkConnectionEnabled: false, pageLoadStrategy: normal, platform: WINDOWS, platformName: WINDOWS, proxy: Proxy(), setWindowRect: true, strictFileInteractability: false, timeouts: {implicit: 0, pageLoad: 300000, script: 30000}, unhandledPromptBehavior: dismiss and notify, webauthn:extension:credBlob: true, webauthn:extension:largeBlob: true, webauthn:extension:minPinLength: true, webauthn:extension:prf: true, webauthn:virtualAuthenticators: true}
Session ID: e5e3d20ecd4947491b936a0f47975d85
2024-01-25 22:35:12,262 [main] ERROR XGLT_15177_Test - Element did not become visible within the specified time: Expected condition failed: waiting for helper.WaitUtility$5@19fd4753 (tried for 30 second(s) with 500 milliseconds interval)
Build info: version: '3.141.59', revision: 'e82be7d358', time: '2018-11-14T08:17:03'
System info: host: 'DPLAP166', ip: '137.237.3.67', os.name: 'Windows 10', os.arch: 'amd64', os.version: '10.0', java.version: '19.0.1'
Driver info: org.openqa.selenium.support.events.EventFiringWebDriver
Capabilities {acceptInsecureCerts: true, browserName: chrome, browserVersion: 121.0.6167.86, chrome: {chromedriverVersion: 121.0.6167.85 (3f98d690ad7e..., userDataDir: C:\Users\dP-PL\AppData\Loca...}, fedcm:accounts: true, goog:chromeOptions: {debuggerAddress: localhost:55824}, javascriptEnabled: true, networkConnectionEnabled: false, pageLoadStrategy: normal, platform: WINDOWS, platformName: WINDOWS, proxy: Proxy(), setWindowRect: true, strictFileInteractability: false, timeouts: {implicit: 0, pageLoad: 300000, script: 30000}, unhandledPromptBehavior: dismiss and notify, webauthn:extension:credBlob: true, webauthn:extension:largeBlob: true, webauthn:extension:minPinLength: true, webauthn:extension:prf: true, webauthn:virtualAuthenticators: true}
Session ID: e5e3d20ecd4947491b936a0f47975d85
2024-01-25 22:35:12,262 [main] INFO  base.BaseClass - Trying to find Element By {by.toString()})
2024-01-25 22:35:12,281 [main] INFO  base.BaseClass - Found Element By {by.toString()}
2024-01-25 22:35:12,281 [main] INFO  base.BaseClass - Trying to click on: {element.toString()}
2024-01-25 22:35:12,406 [main] INFO  base.BaseClass - Clicked on: {element.toString()}
2024-01-25 22:35:12,406 [main] INFO  base.BaseClass - Trying to find Element By {by.toString()})
TimeoutException occurred: Expected condition failed: waiting for helper.WaitUtility$2@6cc2f8a (tried for 50 second(s) with 500 milliseconds interval)
2024-01-25 22:36:02,418 [main] ERROR XGLT_15177_Test - Element did not become visible within the specified time: Expected condition failed: waiting for helper.WaitUtility$2@6cc2f8a (tried for 50 second(s) with 500 milliseconds interval)
2024-01-25 22:36:02,418 [main] INFO  base.BaseClass - Trying to find Element By {by.toString()})
CustomDatePA failed!
]]></system-out>
  </testcase>
  <testcase name="CustomDatePB" classname="XGLT_6688_Test" time="434.598">
    <failure message="no such element: Unable to locate element: {&quot;method&quot;:&quot;xpath&quot;,&quot;selector&quot;:&quot;//h1[contains(text(),&apos;Pending Build&apos;)]/following-sibling::h1&quot;}&#10;  (Session info: chrome=121.0.6167.86)&#10;For documentation on this error, please visit: https://www.seleniumhq.org/exceptions/no_such_element.html&#10;Build info: version: &apos;3.141.59&apos;, revision: &apos;e82be7d358&apos;, time: &apos;2018-11-14T08:17:03&apos;&#10;System info: host: &apos;DPLAP166&apos;, ip: &apos;137.237.3.67&apos;, os.name: &apos;Windows 10&apos;, os.arch: &apos;amd64&apos;, os.version: &apos;10.0&apos;, java.version: &apos;19.0.1&apos;&#10;Driver info: org.openqa.selenium.chrome.ChromeDriver&#10;Capabilities {acceptInsecureCerts: true, browserName: chrome, browserVersion: 121.0.6167.86, chrome: {chromedriverVersion: 121.0.6167.85 (3f98d690ad7e..., userDataDir: C:\Users\dP-PL\AppData\Loca...}, fedcm:accounts: true, goog:chromeOptions: {debuggerAddress: localhost:55824}, javascriptEnabled: true, networkConnectionEnabled: false, pageLoadStrategy: normal, platform: WINDOWS, platformName: WINDOWS, proxy: Proxy(), setWindowRect: true, strictFileInteractability: false, timeouts: {implicit: 0, pageLoad: 300000, script: 30000}, unhandledPromptBehavior: dismiss and notify, webauthn:extension:credBlob: true, webauthn:extension:largeBlob: true, webauthn:extension:minPinLength: true, webauthn:extension:prf: true, webauthn:virtualAuthenticators: true}&#10;Session ID: e5e3d20ecd4947491b936a0f47975d85&#10;*** Element info: {Using=xpath, value=//h1[contains(text(),&apos;Pending Build&apos;)]/following-sibling::h1}" type="org.openqa.selenium.NoSuchElementException"><![CDATA[org.openqa.selenium.NoSuchElementException: 
no such element: Unable to locate element: {"method":"xpath","selector":"//h1[contains(text(),'Pending Build')]/following-sibling::h1"}
  (Session info: chrome=121.0.6167.86)
For documentation on this error, please visit: https://www.seleniumhq.org/exceptions/no_such_element.html
Build info: version: '3.141.59', revision: 'e82be7d358', time: '2018-11-14T08:17:03'
System info: host: 'DPLAP166', ip: '137.237.3.67', os.name: 'Windows 10', os.arch: 'amd64', os.version: '10.0', java.version: '19.0.1'
Driver info: org.openqa.selenium.chrome.ChromeDriver
Capabilities {acceptInsecureCerts: true, browserName: chrome, browserVersion: 121.0.6167.86, chrome: {chromedriverVersion: 121.0.6167.85 (3f98d690ad7e..., userDataDir: C:\Users\dP-PL\AppData\Loca...}, fedcm:accounts: true, goog:chromeOptions: {debuggerAddress: localhost:55824}, javascriptEnabled: true, networkConnectionEnabled: false, pageLoadStrategy: normal, platform: WINDOWS, platformName: WINDOWS, proxy: Proxy(), setWindowRect: true, strictFileInteractability: false, timeouts: {implicit: 0, pageLoad: 300000, script: 30000}, unhandledPromptBehavior: dismiss and notify, webauthn:extension:credBlob: true, webauthn:extension:largeBlob: true, webauthn:extension:minPinLength: true, webauthn:extension:prf: true, webauthn:virtualAuthenticators: true}
Session ID: e5e3d20ecd4947491b936a0f47975d85
*** Element info: {Using=xpath, value=//h1[contains(text(),'Pending Build')]/following-sibling::h1}
	at java.base/jdk.internal.reflect.DirectConstructorHandleAccessor.newInstance(DirectConstructorHandleAccessor.java:67)
	at java.base/java.lang.reflect.Constructor.newInstanceWithCaller(Constructor.java:500)
	at java.base/java.lang.reflect.Constructor.newInstance(Constructor.java:484)
	at org.openqa.selenium.remote.http.W3CHttpResponseCodec.createException(W3CHttpResponseCodec.java:187)
	at org.openqa.selenium.remote.http.W3CHttpResponseCodec.decode(W3CHttpResponseCodec.java:122)
	at org.openqa.selenium.remote.http.W3CHttpResponseCodec.decode(W3CHttpResponseCodec.java:49)
	at org.openqa.selenium.remote.HttpCommandExecutor.execute(HttpCommandExecutor.java:158)
	at org.openqa.selenium.remote.service.DriverCommandExecutor.execute(DriverCommandExecutor.java:83)
	at org.openqa.selenium.remote.RemoteWebDriver.execute(RemoteWebDriver.java:552)
	at org.openqa.selenium.remote.RemoteWebDriver.findElement(RemoteWebDriver.java:323)
	at org.openqa.selenium.remote.RemoteWebDriver.findElementByXPath(RemoteWebDriver.java:428)
	at org.openqa.selenium.By$ByXPath.findElement(By.java:353)
	at org.openqa.selenium.remote.RemoteWebDriver.findElement(RemoteWebDriver.java:315)
	at java.base/jdk.internal.reflect.DirectMethodHandleAccessor.invoke(DirectMethodHandleAccessor.java:104)
	at java.base/java.lang.reflect.Method.invoke(Method.java:578)
	at org.openqa.selenium.support.events.EventFiringWebDriver.lambda$new$1(EventFiringWebDriver.java:105)
	at jdk.proxy2/jdk.proxy2.$Proxy25.findElement(Unknown Source)
	at org.openqa.selenium.support.events.EventFiringWebDriver.findElement(EventFiringWebDriver.java:194)
	at org.openqa.selenium.support.pagefactory.DefaultElementLocator.findElement(DefaultElementLocator.java:69)
	at org.openqa.selenium.support.pagefactory.internal.LocatingElementHandler.invoke(LocatingElementHandler.java:38)
	at jdk.proxy2/jdk.proxy2.$Proxy28.getText(Unknown Source)
	at pages.NetworkInstancePage.getactualpendingbuildcount(NetworkInstancePage.java:170)
	at pages.NetworkInstancePage.verifypendingbuildcount(NetworkInstancePage.java:180)
	at XGLT_6688_Test.CustomDatePB(XGLT_6688_Test.java:109)
	at java.base/jdk.internal.reflect.DirectMethodHandleAccessor.invoke(DirectMethodHandleAccessor.java:104)
	at java.base/java.lang.reflect.Method.invoke(Method.java:578)
	at org.testng.internal.invokers.MethodInvocationHelper.invokeMethod(MethodInvocationHelper.java:139)
	at org.testng.internal.invokers.TestInvoker.invokeMethod(TestInvoker.java:677)
	at org.testng.internal.invokers.TestInvoker.invokeTestMethod(TestInvoker.java:221)
	at org.testng.internal.invokers.MethodRunner.runInSequence(MethodRunner.java:50)
	at org.testng.internal.invokers.TestInvoker$MethodInvocationAgent.invoke(TestInvoker.java:962)
	at org.testng.internal.invokers.TestInvoker.invokeTestMethods(TestInvoker.java:194)
	at org.testng.internal.invokers.TestMethodWorker.invokeTestMethods(TestMethodWorker.java:148)
	at org.testng.internal.invokers.TestMethodWorker.run(TestMethodWorker.java:128)
	at java.base/java.util.ArrayList.forEach(ArrayList.java:1511)
	at org.testng.TestRunner.privateRun(TestRunner.java:806)
	at org.testng.TestRunner.run(TestRunner.java:601)
	at org.testng.SuiteRunner.runTest(SuiteRunner.java:433)
	at org.testng.SuiteRunner.runSequentially(SuiteRunner.java:427)
	at org.testng.SuiteRunner.privateRun(SuiteRunner.java:387)
	at org.testng.SuiteRunner.run(SuiteRunner.java:330)
	at org.testng.SuiteRunnerWorker.runSuite(SuiteRunnerWorker.java:52)
	at org.testng.SuiteRunnerWorker.run(SuiteRunnerWorker.java:95)
	at org.testng.TestNG.runSuitesSequentially(TestNG.java:1256)
	at org.testng.TestNG.runSuitesLocally(TestNG.java:1176)
	at org.testng.TestNG.runSuites(TestNG.java:1099)
	at org.testng.TestNG.run(TestNG.java:1067)
	at org.apache.maven.surefire.testng.TestNGExecutor.run(TestNGExecutor.java:324)
	at org.apache.maven.surefire.testng.TestNGXmlTestSuite.execute(TestNGXmlTestSuite.java:74)
	at org.apache.maven.surefire.testng.TestNGProvider.invoke(TestNGProvider.java:123)
	at org.apache.maven.surefire.booter.ForkedBooter.runSuitesInProcess(ForkedBooter.java:456)
	at org.apache.maven.surefire.booter.ForkedBooter.execute(ForkedBooter.java:169)
	at org.apache.maven.surefire.booter.ForkedBooter.run(ForkedBooter.java:595)
	at org.apache.maven.surefire.booter.ForkedBooter.main(ForkedBooter.java:581)
]]></failure>
    <system-out><![CDATA[Before method Test name: Maintainance Tests
CustomDatePB started!
2024-01-25 22:36:52,665 [main] INFO  base.BaseClass - Trying to find Element By {by.toString()})
2024-01-25 22:36:52,689 [main] INFO  base.BaseClass - Found Element By {by.toString()}
2024-01-25 22:36:53,217 [main] INFO  base.BaseClass - Trying to find Element By {by.toString()})
2024-01-25 22:36:53,240 [main] INFO  base.BaseClass - Found Element By {by.toString()}
2024-01-25 22:36:53,782 [main] INFO  base.BaseClass - Trying to find Element By {by.toString()})
2024-01-25 22:36:53,801 [main] INFO  base.BaseClass - Found Element By {by.toString()}
2024-01-25 22:36:54,334 [main] INFO  base.BaseClass - Trying to find Element By {by.toString()})
2024-01-25 22:36:54,357 [main] INFO  base.BaseClass - Found Element By {by.toString()}
2024-01-25 22:36:54,887 [main] INFO  base.BaseClass - Trying to find Element By {by.toString()})
2024-01-25 22:36:54,909 [main] INFO  base.BaseClass - Found Element By {by.toString()}
2024-01-25 22:36:55,447 [main] INFO  base.BaseClass - Trying to find Element By {by.toString()})
2024-01-25 22:36:55,470 [main] INFO  base.BaseClass - Found Element By {by.toString()}
2024-01-25 22:36:56,010 [main] INFO  base.BaseClass - Trying to find Element By {by.toString()})
2024-01-25 22:36:56,033 [main] INFO  base.BaseClass - Found Element By {by.toString()}
2024-01-25 22:36:56,572 [main] INFO  base.BaseClass - Trying to find Element By {by.toString()})
2024-01-25 22:36:56,596 [main] INFO  base.BaseClass - Found Element By {by.toString()}
2024-01-25 22:36:57,137 [main] INFO  base.BaseClass - Trying to find Element By {by.toString()})
2024-01-25 22:36:57,161 [main] INFO  base.BaseClass - Found Element By {by.toString()}
2024-01-25 22:36:57,762 [main] INFO  base.BaseClass - Trying to find Element By {by.toString()})
2024-01-25 22:36:57,782 [main] INFO  base.BaseClass - Found Element By {by.toString()}
2024-01-25 22:36:58,312 [main] INFO  base.BaseClass - Trying to find Element By {by.toString()})
2024-01-25 22:36:58,335 [main] INFO  base.BaseClass - Found Element By {by.toString()}
2024-01-25 22:36:58,911 [main] INFO  base.BaseClass - Trying to find Element By {by.toString()})
2024-01-25 22:36:58,934 [main] INFO  base.BaseClass - Found Element By {by.toString()}
2024-01-25 22:36:59,478 [main] INFO  base.BaseClass - Trying to find Element By {by.toString()})
2024-01-25 22:36:59,500 [main] INFO  base.BaseClass - Found Element By {by.toString()}
2024-01-25 22:37:00,045 [main] INFO  base.BaseClass - Trying to find Element By {by.toString()})
2024-01-25 22:37:00,060 [main] INFO  base.BaseClass - Found Element By {by.toString()}
2024-01-25 22:37:00,595 [main] INFO  base.BaseClass - Trying to find Element By {by.toString()})
2024-01-25 22:37:00,618 [main] INFO  base.BaseClass - Found Element By {by.toString()}
2024-01-25 22:37:01,147 [main] INFO  base.BaseClass - Trying to find Element By {by.toString()})
2024-01-25 22:37:01,170 [main] INFO  base.BaseClass - Found Element By {by.toString()}
2024-01-25 22:37:01,696 [main] INFO  base.BaseClass - Trying to find Element By {by.toString()})
2024-01-25 22:37:01,717 [main] INFO  base.BaseClass - Found Element By {by.toString()}
2024-01-25 22:37:02,263 [main] INFO  base.BaseClass - Trying to find Element By {by.toString()})
2024-01-25 22:37:02,285 [main] INFO  base.BaseClass - Found Element By {by.toString()}
2024-01-25 22:37:02,826 [main] INFO  base.BaseClass - Trying to find Element By {by.toString()})
2024-01-25 22:37:02,851 [main] INFO  base.BaseClass - Found Element By {by.toString()}
2024-01-25 22:37:03,392 [main] INFO  base.BaseClass - Trying to find Element By {by.toString()})
2024-01-25 22:37:03,414 [main] INFO  base.BaseClass - Found Element By {by.toString()}
2024-01-25 22:37:03,957 [main] INFO  base.BaseClass - Trying to find Element By {by.toString()})
2024-01-25 22:37:03,980 [main] INFO  base.BaseClass - Found Element By {by.toString()}
2024-01-25 22:37:04,524 [main] INFO  base.BaseClass - Trying to find Element By {by.toString()})
2024-01-25 22:37:04,546 [main] INFO  base.BaseClass - Found Element By {by.toString()}
2024-01-25 22:37:05,089 [main] INFO  base.BaseClass - Trying to find Element By {by.toString()})
2024-01-25 22:37:05,112 [main] INFO  base.BaseClass - Found Element By {by.toString()}
2024-01-25 22:37:05,653 [main] INFO  base.BaseClass - Trying to find Element By {by.toString()})
2024-01-25 22:37:05,676 [main] INFO  base.BaseClass - Found Element By {by.toString()}
2024-01-25 22:37:06,214 [main] INFO  base.BaseClass - Trying to find Element By {by.toString()})
2024-01-25 22:37:06,237 [main] INFO  base.BaseClass - Found Element By {by.toString()}
2024-01-25 22:37:06,782 [main] INFO  base.BaseClass - Trying to find Element By {by.toString()})
2024-01-25 22:37:06,804 [main] INFO  base.BaseClass - Found Element By {by.toString()}
2024-01-25 22:37:07,347 [main] INFO  base.BaseClass - Trying to find Element By {by.toString()})
2024-01-25 22:37:07,370 [main] INFO  base.BaseClass - Found Element By {by.toString()}
2024-01-25 22:37:07,912 [main] INFO  base.BaseClass - Trying to find Element By {by.toString()})
2024-01-25 22:37:07,933 [main] INFO  base.BaseClass - Found Element By {by.toString()}
2024-01-25 22:37:08,478 [main] INFO  base.BaseClass - Trying to find Element By {by.toString()})
2024-01-25 22:37:08,501 [main] INFO  base.BaseClass - Found Element By {by.toString()}
2024-01-25 22:37:09,029 [main] INFO  base.BaseClass - Trying to find Element By {by.toString()})
2024-01-25 22:37:09,041 [main] INFO  base.BaseClass - Found Element By {by.toString()}
2024-01-25 22:37:09,568 [main] INFO  base.BaseClass - Trying to find Element By {by.toString()})
2024-01-25 22:37:09,589 [main] INFO  base.BaseClass - Found Element By {by.toString()}
2024-01-25 22:37:10,115 [main] INFO  base.BaseClass - Trying to find Element By {by.toString()})
2024-01-25 22:37:10,137 [main] INFO  base.BaseClass - Found Element By {by.toString()}
2024-01-25 22:37:10,679 [main] INFO  base.BaseClass - Trying to find Element By {by.toString()})
2024-01-25 22:37:10,702 [main] INFO  base.BaseClass - Found Element By {by.toString()}
2024-01-25 22:37:11,245 [main] INFO  base.BaseClass - Trying to find Element By {by.toString()})
2024-01-25 22:37:11,267 [main] INFO  base.BaseClass - Found Element By {by.toString()}
2024-01-25 22:37:11,807 [main] INFO  base.BaseClass - Trying to find Element By {by.toString()})
2024-01-25 22:37:11,830 [main] INFO  base.BaseClass - Found Element By {by.toString()}
2024-01-25 22:37:12,373 [main] INFO  base.BaseClass - Trying to find Element By {by.toString()})
2024-01-25 22:37:12,396 [main] INFO  base.BaseClass - Found Element By {by.toString()}
2024-01-25 22:37:12,940 [main] INFO  base.BaseClass - Trying to find Element By {by.toString()})
2024-01-25 22:37:12,960 [main] INFO  base.BaseClass - Found Element By {by.toString()}
2024-01-25 22:37:13,504 [main] INFO  base.BaseClass - Trying to find Element By {by.toString()})
2024-01-25 22:37:13,526 [main] INFO  base.BaseClass - Found Element By {by.toString()}
2024-01-25 22:37:14,070 [main] INFO  base.BaseClass - Trying to find Element By {by.toString()})
2024-01-25 22:37:14,093 [main] INFO  base.BaseClass - Found Element By {by.toString()}
2024-01-25 22:37:14,621 [main] INFO  base.BaseClass - Trying to find Element By {by.toString()})
2024-01-25 22:37:14,644 [main] INFO  base.BaseClass - Found Element By {by.toString()}
2024-01-25 22:37:15,186 [main] INFO  base.BaseClass - Trying to find Element By {by.toString()})
2024-01-25 22:37:15,208 [main] INFO  base.BaseClass - Found Element By {by.toString()}
2024-01-25 22:37:15,753 [main] INFO  base.BaseClass - Trying to find Element By {by.toString()})
2024-01-25 22:37:15,779 [main] INFO  base.BaseClass - Found Element By {by.toString()}
2024-01-25 22:37:16,319 [main] INFO  base.BaseClass - Trying to find Element By {by.toString()})
2024-01-25 22:37:16,341 [main] INFO  base.BaseClass - Found Element By {by.toString()}
2024-01-25 22:37:16,886 [main] INFO  base.BaseClass - Trying to find Element By {by.toString()})
2024-01-25 22:37:16,908 [main] INFO  base.BaseClass - Found Element By {by.toString()}
2024-01-25 22:37:17,439 [main] INFO  base.BaseClass - Trying to find Element By {by.toString()})
2024-01-25 22:37:17,461 [main] INFO  base.BaseClass - Found Element By {by.toString()}
2024-01-25 22:37:18,003 [main] INFO  base.BaseClass - Trying to find Element By {by.toString()})
2024-01-25 22:37:18,026 [main] INFO  base.BaseClass - Found Element By {by.toString()}
2024-01-25 22:37:18,570 [main] INFO  base.BaseClass - Trying to find Element By {by.toString()})
2024-01-25 22:37:18,594 [main] INFO  base.BaseClass - Found Element By {by.toString()}
2024-01-25 22:37:19,139 [main] INFO  base.BaseClass - Trying to find Element By {by.toString()})
2024-01-25 22:37:19,161 [main] INFO  base.BaseClass - Found Element By {by.toString()}
2024-01-25 22:37:19,703 [main] INFO  base.BaseClass - Trying to find Element By {by.toString()})
2024-01-25 22:37:19,724 [main] INFO  base.BaseClass - Found Element By {by.toString()}
2024-01-25 22:37:20,266 [main] INFO  base.BaseClass - Trying to find Element By {by.toString()})
2024-01-25 22:37:20,289 [main] INFO  base.BaseClass - Found Element By {by.toString()}
2024-01-25 22:37:20,832 [main] INFO  base.BaseClass - Trying to find Element By {by.toString()})
2024-01-25 22:37:20,855 [main] INFO  base.BaseClass - Found Element By {by.toString()}
2024-01-25 22:37:21,399 [main] INFO  base.BaseClass - Trying to find Element By {by.toString()})
2024-01-25 22:37:21,421 [main] INFO  base.BaseClass - Found Element By {by.toString()}
2024-01-25 22:37:21,948 [main] INFO  base.BaseClass - Trying to find Element By {by.toString()})
2024-01-25 22:37:21,965 [main] INFO  base.BaseClass - Found Element By {by.toString()}
2024-01-25 22:37:22,495 [main] INFO  base.BaseClass - Trying to find Element By {by.toString()})
2024-01-25 22:37:22,516 [main] INFO  base.BaseClass - Found Element By {by.toString()}
2024-01-25 22:37:23,044 [main] INFO  base.BaseClass - Trying to find Element By {by.toString()})
2024-01-25 22:37:23,069 [main] INFO  base.BaseClass - Found Element By {by.toString()}
TimeoutException occurred: Expected condition failed: waiting for helper.WaitUtility$5@663775a3 (tried for 30 second(s) with 500 milliseconds interval)
Build info: version: '3.141.59', revision: 'e82be7d358', time: '2018-11-14T08:17:03'
System info: host: 'DPLAP166', ip: '137.237.3.67', os.name: 'Windows 10', os.arch: 'amd64', os.version: '10.0', java.version: '19.0.1'
Driver info: org.openqa.selenium.support.events.EventFiringWebDriver
Capabilities {acceptInsecureCerts: true, browserName: chrome, browserVersion: 121.0.6167.86, chrome: {chromedriverVersion: 121.0.6167.85 (3f98d690ad7e..., userDataDir: C:\Users\dP-PL\AppData\Loca...}, fedcm:accounts: true, goog:chromeOptions: {debuggerAddress: localhost:55824}, javascriptEnabled: true, networkConnectionEnabled: false, pageLoadStrategy: normal, platform: WINDOWS, platformName: WINDOWS, proxy: Proxy(), setWindowRect: true, strictFileInteractability: false, timeouts: {implicit: 0, pageLoad: 300000, script: 30000}, unhandledPromptBehavior: dismiss and notify, webauthn:extension:credBlob: true, webauthn:extension:largeBlob: true, webauthn:extension:minPinLength: true, webauthn:extension:prf: true, webauthn:virtualAuthenticators: true}
Session ID: e5e3d20ecd4947491b936a0f47975d85
2024-01-25 22:37:23,103 [main] ERROR XGLT_15177_Test - Element did not become visible within the specified time: Expected condition failed: waiting for helper.WaitUtility$5@663775a3 (tried for 30 second(s) with 500 milliseconds interval)
Build info: version: '3.141.59', revision: 'e82be7d358', time: '2018-11-14T08:17:03'
System info: host: 'DPLAP166', ip: '137.237.3.67', os.name: 'Windows 10', os.arch: 'amd64', os.version: '10.0', java.version: '19.0.1'
Driver info: org.openqa.selenium.support.events.EventFiringWebDriver
Capabilities {acceptInsecureCerts: true, browserName: chrome, browserVersion: 121.0.6167.86, chrome: {chromedriverVersion: 121.0.6167.85 (3f98d690ad7e..., userDataDir: C:\Users\dP-PL\AppData\Loca...}, fedcm:accounts: true, goog:chromeOptions: {debuggerAddress: localhost:55824}, javascriptEnabled: true, networkConnectionEnabled: false, pageLoadStrategy: normal, platform: WINDOWS, platformName: WINDOWS, proxy: Proxy(), setWindowRect: true, strictFileInteractability: false, timeouts: {implicit: 0, pageLoad: 300000, script: 30000}, unhandledPromptBehavior: dismiss and notify, webauthn:extension:credBlob: true, webauthn:extension:largeBlob: true, webauthn:extension:minPinLength: true, webauthn:extension:prf: true, webauthn:virtualAuthenticators: true}
Session ID: e5e3d20ecd4947491b936a0f47975d85
2024-01-25 22:37:23,103 [main] INFO  base.BaseClass - Trying to find Element By {by.toString()})
2024-01-25 22:37:23,123 [main] INFO  base.BaseClass - Found Element By {by.toString()}
2024-01-25 22:37:23,124 [main] INFO  base.BaseClass - Trying to click on: {element.toString()}
2024-01-25 22:37:23,261 [main] INFO  base.BaseClass - Clicked on: {element.toString()}
2024-01-25 22:37:23,261 [main] INFO  base.BaseClass - Trying to find Element By {by.toString()})
2024-01-25 22:37:23,276 [main] INFO  base.BaseClass - Found Element By {by.toString()}
TimeoutException occurred: Expected condition failed: waiting for helper.WaitUtility$5@6d9d2d20 (tried for 30 second(s) with 500 milliseconds interval)
Build info: version: '3.141.59', revision: 'e82be7d358', time: '2018-11-14T08:17:03'
System info: host: 'DPLAP166', ip: '137.237.3.67', os.name: 'Windows 10', os.arch: 'amd64', os.version: '10.0', java.version: '19.0.1'
Driver info: org.openqa.selenium.support.events.EventFiringWebDriver
Capabilities {acceptInsecureCerts: true, browserName: chrome, browserVersion: 121.0.6167.86, chrome: {chromedriverVersion: 121.0.6167.85 (3f98d690ad7e..., userDataDir: C:\Users\dP-PL\AppData\Loca...}, fedcm:accounts: true, goog:chromeOptions: {debuggerAddress: localhost:55824}, javascriptEnabled: true, networkConnectionEnabled: false, pageLoadStrategy: normal, platform: WINDOWS, platformName: WINDOWS, proxy: Proxy(), setWindowRect: true, strictFileInteractability: false, timeouts: {implicit: 0, pageLoad: 300000, script: 30000}, unhandledPromptBehavior: dismiss and notify, webauthn:extension:credBlob: true, webauthn:extension:largeBlob: true, webauthn:extension:minPinLength: true, webauthn:extension:prf: true, webauthn:virtualAuthenticators: true}
Session ID: e5e3d20ecd4947491b936a0f47975d85
2024-01-25 22:37:53,779 [main] ERROR XGLT_15177_Test - Element did not become visible within the specified time: Expected condition failed: waiting for helper.WaitUtility$5@6d9d2d20 (tried for 30 second(s) with 500 milliseconds interval)
Build info: version: '3.141.59', revision: 'e82be7d358', time: '2018-11-14T08:17:03'
System info: host: 'DPLAP166', ip: '137.237.3.67', os.name: 'Windows 10', os.arch: 'amd64', os.version: '10.0', java.version: '19.0.1'
Driver info: org.openqa.selenium.support.events.EventFiringWebDriver
Capabilities {acceptInsecureCerts: true, browserName: chrome, browserVersion: 121.0.6167.86, chrome: {chromedriverVersion: 121.0.6167.85 (3f98d690ad7e..., userDataDir: C:\Users\dP-PL\AppData\Loca...}, fedcm:accounts: true, goog:chromeOptions: {debuggerAddress: localhost:55824}, javascriptEnabled: true, networkConnectionEnabled: false, pageLoadStrategy: normal, platform: WINDOWS, platformName: WINDOWS, proxy: Proxy(), setWindowRect: true, strictFileInteractability: false, timeouts: {implicit: 0, pageLoad: 300000, script: 30000}, unhandledPromptBehavior: dismiss and notify, webauthn:extension:credBlob: true, webauthn:extension:largeBlob: true, webauthn:extension:minPinLength: true, webauthn:extension:prf: true, webauthn:virtualAuthenticators: true}
Session ID: e5e3d20ecd4947491b936a0f47975d85
2024-01-25 22:37:53,779 [main] INFO  base.BaseClass - Trying to click on: {element.toString()}
2024-01-25 22:37:53,863 [main] INFO  base.BaseClass - Clicked on: {element.toString()}
2024-01-25 22:37:53,863 [main] INFO  base.BaseClass - Trying to find Element By {by.toString()})
2024-01-25 22:37:53,888 [main] INFO  base.BaseClass - Found Element By {by.toString()}
2024-01-25 22:37:53,911 [main] INFO  base.BaseClass - Trying to find Element By {by.toString()})
2024-01-25 22:37:53,935 [main] INFO  base.BaseClass - Found Element By {by.toString()}
2024-01-25 22:37:54,468 [main] INFO  base.BaseClass - Trying to find Element By {by.toString()})
2024-01-25 22:37:54,490 [main] INFO  base.BaseClass - Found Element By {by.toString()}
2024-01-25 22:37:55,029 [main] INFO  base.BaseClass - Trying to find Element By {by.toString()})
2024-01-25 22:37:55,052 [main] INFO  base.BaseClass - Found Element By {by.toString()}
2024-01-25 22:37:55,595 [main] INFO  base.BaseClass - Trying to find Element By {by.toString()})
2024-01-25 22:37:55,617 [main] INFO  base.BaseClass - Found Element By {by.toString()}
2024-01-25 22:37:56,161 [main] INFO  base.BaseClass - Trying to find Element By {by.toString()})
2024-01-25 22:37:56,183 [main] INFO  base.BaseClass - Found Element By {by.toString()}
2024-01-25 22:37:56,713 [main] INFO  base.BaseClass - Trying to find Element By {by.toString()})
2024-01-25 22:37:56,735 [main] INFO  base.BaseClass - Found Element By {by.toString()}
2024-01-25 22:37:57,275 [main] INFO  base.BaseClass - Trying to find Element By {by.toString()})
2024-01-25 22:37:57,297 [main] INFO  base.BaseClass - Found Element By {by.toString()}
2024-01-25 22:37:57,841 [main] INFO  base.BaseClass - Trying to find Element By {by.toString()})
2024-01-25 22:37:57,863 [main] INFO  base.BaseClass - Found Element By {by.toString()}
2024-01-25 22:37:58,406 [main] INFO  base.BaseClass - Trying to find Element By {by.toString()})
2024-01-25 22:37:58,428 [main] INFO  base.BaseClass - Found Element By {by.toString()}
2024-01-25 22:37:58,971 [main] INFO  base.BaseClass - Trying to find Element By {by.toString()})
2024-01-25 22:37:58,994 [main] INFO  base.BaseClass - Found Element By {by.toString()}
2024-01-25 22:37:59,538 [main] INFO  base.BaseClass - Trying to find Element By {by.toString()})
2024-01-25 22:37:59,560 [main] INFO  base.BaseClass - Found Element By {by.toString()}
2024-01-25 22:38:00,107 [main] INFO  base.BaseClass - Trying to find Element By {by.toString()})
2024-01-25 22:38:00,130 [main] INFO  base.BaseClass - Found Element By {by.toString()}
2024-01-25 22:38:00,672 [main] INFO  base.BaseClass - Trying to find Element By {by.toString()})
2024-01-25 22:38:00,697 [main] INFO  base.BaseClass - Found Element By {by.toString()}
2024-01-25 22:38:01,237 [main] INFO  base.BaseClass - Trying to find Element By {by.toString()})
2024-01-25 22:38:01,258 [main] INFO  base.BaseClass - Found Element By {by.toString()}
2024-01-25 22:38:01,790 [main] INFO  base.BaseClass - Trying to find Element By {by.toString()})
2024-01-25 22:38:01,814 [main] INFO  base.BaseClass - Found Element By {by.toString()}
2024-01-25 22:38:02,357 [main] INFO  base.BaseClass - Trying to find Element By {by.toString()})
2024-01-25 22:38:02,380 [main] INFO  base.BaseClass - Found Element By {by.toString()}
2024-01-25 22:38:02,919 [main] INFO  base.BaseClass - Trying to find Element By {by.toString()})
2024-01-25 22:38:02,943 [main] INFO  base.BaseClass - Found Element By {by.toString()}
2024-01-25 22:38:03,483 [main] INFO  base.BaseClass - Trying to find Element By {by.toString()})
2024-01-25 22:38:03,506 [main] INFO  base.BaseClass - Found Element By {by.toString()}
2024-01-25 22:38:04,048 [main] INFO  base.BaseClass - Trying to find Element By {by.toString()})
2024-01-25 22:38:04,242 [main] INFO  base.BaseClass - Found Element By {by.toString()}
2024-01-25 22:38:04,784 [main] INFO  base.BaseClass - Trying to find Element By {by.toString()})
2024-01-25 22:38:04,809 [main] INFO  base.BaseClass - Found Element By {by.toString()}
2024-01-25 22:38:05,349 [main] INFO  base.BaseClass - Trying to find Element By {by.toString()})
2024-01-25 22:38:05,373 [main] INFO  base.BaseClass - Found Element By {by.toString()}
2024-01-25 22:38:05,915 [main] INFO  base.BaseClass - Trying to find Element By {by.toString()})
2024-01-25 22:38:05,930 [main] INFO  base.BaseClass - Found Element By {by.toString()}
2024-01-25 22:38:06,459 [main] INFO  base.BaseClass - Trying to find Element By {by.toString()})
2024-01-25 22:38:06,482 [main] INFO  base.BaseClass - Found Element By {by.toString()}
2024-01-25 22:38:07,024 [main] INFO  base.BaseClass - Trying to find Element By {by.toString()})
2024-01-25 22:38:07,048 [main] INFO  base.BaseClass - Found Element By {by.toString()}
2024-01-25 22:38:07,592 [main] INFO  base.BaseClass - Trying to find Element By {by.toString()})
2024-01-25 22:38:07,613 [main] INFO  base.BaseClass - Found Element By {by.toString()}
2024-01-25 22:38:08,158 [main] INFO  base.BaseClass - Trying to find Element By {by.toString()})
2024-01-25 22:38:08,187 [main] INFO  base.BaseClass - Found Element By {by.toString()}
2024-01-25 22:38:08,731 [main] INFO  base.BaseClass - Trying to find Element By {by.toString()})
2024-01-25 22:38:08,755 [main] INFO  base.BaseClass - Found Element By {by.toString()}
2024-01-25 22:38:09,291 [main] INFO  base.BaseClass - Trying to find Element By {by.toString()})
2024-01-25 22:38:09,314 [main] INFO  base.BaseClass - Found Element By {by.toString()}
2024-01-25 22:38:09,855 [main] INFO  base.BaseClass - Trying to find Element By {by.toString()})
2024-01-25 22:38:09,879 [main] INFO  base.BaseClass - Found Element By {by.toString()}
2024-01-25 22:38:10,418 [main] INFO  base.BaseClass - Trying to find Element By {by.toString()})
2024-01-25 22:38:10,440 [main] INFO  base.BaseClass - Found Element By {by.toString()}
2024-01-25 22:38:10,984 [main] INFO  base.BaseClass - Trying to find Element By {by.toString()})
2024-01-25 22:38:11,007 [main] INFO  base.BaseClass - Found Element By {by.toString()}
2024-01-25 22:38:11,549 [main] INFO  base.BaseClass - Trying to find Element By {by.toString()})
2024-01-25 22:38:11,571 [main] INFO  base.BaseClass - Found Element By {by.toString()}
2024-01-25 22:38:12,096 [main] INFO  base.BaseClass - Trying to find Element By {by.toString()})
2024-01-25 22:38:12,119 [main] INFO  base.BaseClass - Found Element By {by.toString()}
2024-01-25 22:38:12,663 [main] INFO  base.BaseClass - Trying to find Element By {by.toString()})
2024-01-25 22:38:12,686 [main] INFO  base.BaseClass - Found Element By {by.toString()}
2024-01-25 22:38:13,228 [main] INFO  base.BaseClass - Trying to find Element By {by.toString()})
2024-01-25 22:38:13,249 [main] INFO  base.BaseClass - Found Element By {by.toString()}
2024-01-25 22:38:13,780 [main] INFO  base.BaseClass - Trying to find Element By {by.toString()})
2024-01-25 22:38:13,802 [main] INFO  base.BaseClass - Found Element By {by.toString()}
2024-01-25 22:38:14,344 [main] INFO  base.BaseClass - Trying to find Element By {by.toString()})
2024-01-25 22:38:14,366 [main] INFO  base.BaseClass - Found Element By {by.toString()}
2024-01-25 22:38:14,909 [main] INFO  base.BaseClass - Trying to find Element By {by.toString()})
2024-01-25 22:38:14,932 [main] INFO  base.BaseClass - Found Element By {by.toString()}
2024-01-25 22:38:15,472 [main] INFO  base.BaseClass - Trying to find Element By {by.toString()})
2024-01-25 22:38:15,495 [main] INFO  base.BaseClass - Found Element By {by.toString()}
2024-01-25 22:38:16,036 [main] INFO  base.BaseClass - Trying to find Element By {by.toString()})
2024-01-25 22:38:16,059 [main] INFO  base.BaseClass - Found Element By {by.toString()}
2024-01-25 22:38:16,601 [main] INFO  base.BaseClass - Trying to find Element By {by.toString()})
2024-01-25 22:38:16,624 [main] INFO  base.BaseClass - Found Element By {by.toString()}
2024-01-25 22:38:17,164 [main] INFO  base.BaseClass - Trying to find Element By {by.toString()})
2024-01-25 22:38:17,188 [main] INFO  base.BaseClass - Found Element By {by.toString()}
2024-01-25 22:38:17,728 [main] INFO  base.BaseClass - Trying to find Element By {by.toString()})
2024-01-25 22:38:17,751 [main] INFO  base.BaseClass - Found Element By {by.toString()}
2024-01-25 22:38:18,293 [main] INFO  base.BaseClass - Trying to find Element By {by.toString()})
2024-01-25 22:38:18,314 [main] INFO  base.BaseClass - Found Element By {by.toString()}
2024-01-25 22:38:18,857 [main] INFO  base.BaseClass - Trying to find Element By {by.toString()})
2024-01-25 22:38:18,880 [main] INFO  base.BaseClass - Found Element By {by.toString()}
2024-01-25 22:38:19,422 [main] INFO  base.BaseClass - Trying to find Element By {by.toString()})
2024-01-25 22:38:19,446 [main] INFO  base.BaseClass - Found Element By {by.toString()}
2024-01-25 22:38:19,988 [main] INFO  base.BaseClass - Trying to find Element By {by.toString()})
2024-01-25 22:38:20,011 [main] INFO  base.BaseClass - Found Element By {by.toString()}
2024-01-25 22:38:20,553 [main] INFO  base.BaseClass - Trying to find Element By {by.toString()})
2024-01-25 22:38:20,576 [main] INFO  base.BaseClass - Found Element By {by.toString()}
2024-01-25 22:38:21,117 [main] INFO  base.BaseClass - Trying to find Element By {by.toString()})
2024-01-25 22:38:21,139 [main] INFO  base.BaseClass - Found Element By {by.toString()}
2024-01-25 22:38:21,681 [main] INFO  base.BaseClass - Trying to find Element By {by.toString()})
2024-01-25 22:38:21,819 [main] INFO  base.BaseClass - Found Element By {by.toString()}
2024-01-25 22:38:22,356 [main] INFO  base.BaseClass - Trying to find Element By {by.toString()})
2024-01-25 22:38:22,379 [main] INFO  base.BaseClass - Found Element By {by.toString()}
2024-01-25 22:38:22,911 [main] INFO  base.BaseClass - Trying to find Element By {by.toString()})
2024-01-25 22:38:22,927 [main] INFO  base.BaseClass - Found Element By {by.toString()}
2024-01-25 22:38:23,459 [main] INFO  base.BaseClass - Trying to find Element By {by.toString()})
2024-01-25 22:38:23,483 [main] INFO  base.BaseClass - Found Element By {by.toString()}
2024-01-25 22:38:24,026 [main] INFO  base.BaseClass - Trying to find Element By {by.toString()})
2024-01-25 22:38:24,049 [main] INFO  base.BaseClass - Found Element By {by.toString()}
TimeoutException occurred: Expected condition failed: waiting for helper.WaitUtility$5@2038d725 (tried for 30 second(s) with 500 milliseconds interval)
Build info: version: '3.141.59', revision: 'e82be7d358', time: '2018-11-14T08:17:03'
System info: host: 'DPLAP166', ip: '137.237.3.67', os.name: 'Windows 10', os.arch: 'amd64', os.version: '10.0', java.version: '19.0.1'
Driver info: org.openqa.selenium.support.events.EventFiringWebDriver
Capabilities {acceptInsecureCerts: true, browserName: chrome, browserVersion: 121.0.6167.86, chrome: {chromedriverVersion: 121.0.6167.85 (3f98d690ad7e..., userDataDir: C:\Users\dP-PL\AppData\Loca...}, fedcm:accounts: true, goog:chromeOptions: {debuggerAddress: localhost:55824}, javascriptEnabled: true, networkConnectionEnabled: false, pageLoadStrategy: normal, platform: WINDOWS, platformName: WINDOWS, proxy: Proxy(), setWindowRect: true, strictFileInteractability: false, timeouts: {implicit: 0, pageLoad: 300000, script: 30000}, unhandledPromptBehavior: dismiss and notify, webauthn:extension:credBlob: true, webauthn:extension:largeBlob: true, webauthn:extension:minPinLength: true, webauthn:extension:prf: true, webauthn:virtualAuthenticators: true}
Session ID: e5e3d20ecd4947491b936a0f47975d85
2024-01-25 22:38:24,074 [main] ERROR XGLT_15177_Test - Element did not become visible within the specified time: Expected condition failed: waiting for helper.WaitUtility$5@2038d725 (tried for 30 second(s) with 500 milliseconds interval)
Build info: version: '3.141.59', revision: 'e82be7d358', time: '2018-11-14T08:17:03'
System info: host: 'DPLAP166', ip: '137.237.3.67', os.name: 'Windows 10', os.arch: 'amd64', os.version: '10.0', java.version: '19.0.1'
Driver info: org.openqa.selenium.support.events.EventFiringWebDriver
Capabilities {acceptInsecureCerts: true, browserName: chrome, browserVersion: 121.0.6167.86, chrome: {chromedriverVersion: 121.0.6167.85 (3f98d690ad7e..., userDataDir: C:\Users\dP-PL\AppData\Loca...}, fedcm:accounts: true, goog:chromeOptions: {debuggerAddress: localhost:55824}, javascriptEnabled: true, networkConnectionEnabled: false, pageLoadStrategy: normal, platform: WINDOWS, platformName: WINDOWS, proxy: Proxy(), setWindowRect: true, strictFileInteractability: false, timeouts: {implicit: 0, pageLoad: 300000, script: 30000}, unhandledPromptBehavior: dismiss and notify, webauthn:extension:credBlob: true, webauthn:extension:largeBlob: true, webauthn:extension:minPinLength: true, webauthn:extension:prf: true, webauthn:virtualAuthenticators: true}
Session ID: e5e3d20ecd4947491b936a0f47975d85
2024-01-25 22:38:24,074 [main] INFO  base.BaseClass - Trying to find Element By {by.toString()})
2024-01-25 22:38:24,090 [main] INFO  base.BaseClass - Found Element By {by.toString()}
2024-01-25 22:38:24,091 [main] INFO  base.BaseClass - Trying to click on: {element.toString()}
2024-01-25 22:38:24,221 [main] INFO  base.BaseClass - Clicked on: {element.toString()}
2024-01-25 22:38:24,221 [main] INFO  base.BaseClass - Trying to find Element By {by.toString()})
2024-01-25 22:38:24,234 [main] INFO  base.BaseClass - Found Element By {by.toString()}
TimeoutException occurred: Expected condition failed: waiting for helper.WaitUtility$5@358dd7fe (tried for 30 second(s) with 500 milliseconds interval)
Build info: version: '3.141.59', revision: 'e82be7d358', time: '2018-11-14T08:17:03'
System info: host: 'DPLAP166', ip: '137.237.3.67', os.name: 'Windows 10', os.arch: 'amd64', os.version: '10.0', java.version: '19.0.1'
Driver info: org.openqa.selenium.support.events.EventFiringWebDriver
Capabilities {acceptInsecureCerts: true, browserName: chrome, browserVersion: 121.0.6167.86, chrome: {chromedriverVersion: 121.0.6167.85 (3f98d690ad7e..., userDataDir: C:\Users\dP-PL\AppData\Loca...}, fedcm:accounts: true, goog:chromeOptions: {debuggerAddress: localhost:55824}, javascriptEnabled: true, networkConnectionEnabled: false, pageLoadStrategy: normal, platform: WINDOWS, platformName: WINDOWS, proxy: Proxy(), setWindowRect: true, strictFileInteractability: false, timeouts: {implicit: 0, pageLoad: 300000, script: 30000}, unhandledPromptBehavior: dismiss and notify, webauthn:extension:credBlob: true, webauthn:extension:largeBlob: true, webauthn:extension:minPinLength: true, webauthn:extension:prf: true, webauthn:virtualAuthenticators: true}
Session ID: e5e3d20ecd4947491b936a0f47975d85
2024-01-25 22:38:54,247 [main] ERROR XGLT_15177_Test - Element did not become visible within the specified time: Expected condition failed: waiting for helper.WaitUtility$5@358dd7fe (tried for 30 second(s) with 500 milliseconds interval)
Build info: version: '3.141.59', revision: 'e82be7d358', time: '2018-11-14T08:17:03'
System info: host: 'DPLAP166', ip: '137.237.3.67', os.name: 'Windows 10', os.arch: 'amd64', os.version: '10.0', java.version: '19.0.1'
Driver info: org.openqa.selenium.support.events.EventFiringWebDriver
Capabilities {acceptInsecureCerts: true, browserName: chrome, browserVersion: 121.0.6167.86, chrome: {chromedriverVersion: 121.0.6167.85 (3f98d690ad7e..., userDataDir: C:\Users\dP-PL\AppData\Loca...}, fedcm:accounts: true, goog:chromeOptions: {debuggerAddress: localhost:55824}, javascriptEnabled: true, networkConnectionEnabled: false, pageLoadStrategy: normal, platform: WINDOWS, platformName: WINDOWS, proxy: Proxy(), setWindowRect: true, strictFileInteractability: false, timeouts: {implicit: 0, pageLoad: 300000, script: 30000}, unhandledPromptBehavior: dismiss and notify, webauthn:extension:credBlob: true, webauthn:extension:largeBlob: true, webauthn:extension:minPinLength: true, webauthn:extension:prf: true, webauthn:virtualAuthenticators: true}
Session ID: e5e3d20ecd4947491b936a0f47975d85
2024-01-25 22:38:54,247 [main] INFO  base.BaseClass - Trying to click on: {element.toString()}
2024-01-25 22:38:54,407 [main] INFO  base.BaseClass - Clicked on: {element.toString()}
TimeoutException occurred: Expected condition failed: waiting for helper.WaitUtility$5@4fd43df4 (tried for 30 second(s) with 500 milliseconds interval)
Build info: version: '3.141.59', revision: 'e82be7d358', time: '2018-11-14T08:17:03'
System info: host: 'DPLAP166', ip: '137.237.3.67', os.name: 'Windows 10', os.arch: 'amd64', os.version: '10.0', java.version: '19.0.1'
Driver info: org.openqa.selenium.support.events.EventFiringWebDriver
Capabilities {acceptInsecureCerts: true, browserName: chrome, browserVersion: 121.0.6167.86, chrome: {chromedriverVersion: 121.0.6167.85 (3f98d690ad7e..., userDataDir: C:\Users\dP-PL\AppData\Loca...}, fedcm:accounts: true, goog:chromeOptions: {debuggerAddress: localhost:55824}, javascriptEnabled: true, networkConnectionEnabled: false, pageLoadStrategy: normal, platform: WINDOWS, platformName: WINDOWS, proxy: Proxy(), setWindowRect: true, strictFileInteractability: false, timeouts: {implicit: 0, pageLoad: 300000, script: 30000}, unhandledPromptBehavior: dismiss and notify, webauthn:extension:credBlob: true, webauthn:extension:largeBlob: true, webauthn:extension:minPinLength: true, webauthn:extension:prf: true, webauthn:virtualAuthenticators: true}
Session ID: e5e3d20ecd4947491b936a0f47975d85
2024-01-25 22:39:24,457 [main] ERROR XGLT_15177_Test - Element did not become visible within the specified time: Expected condition failed: waiting for helper.WaitUtility$5@4fd43df4 (tried for 30 second(s) with 500 milliseconds interval)
Build info: version: '3.141.59', revision: 'e82be7d358', time: '2018-11-14T08:17:03'
System info: host: 'DPLAP166', ip: '137.237.3.67', os.name: 'Windows 10', os.arch: 'amd64', os.version: '10.0', java.version: '19.0.1'
Driver info: org.openqa.selenium.support.events.EventFiringWebDriver
Capabilities {acceptInsecureCerts: true, browserName: chrome, browserVersion: 121.0.6167.86, chrome: {chromedriverVersion: 121.0.6167.85 (3f98d690ad7e..., userDataDir: C:\Users\dP-PL\AppData\Loca...}, fedcm:accounts: true, goog:chromeOptions: {debuggerAddress: localhost:55824}, javascriptEnabled: true, networkConnectionEnabled: false, pageLoadStrategy: normal, platform: WINDOWS, platformName: WINDOWS, proxy: Proxy(), setWindowRect: true, strictFileInteractability: false, timeouts: {implicit: 0, pageLoad: 300000, script: 30000}, unhandledPromptBehavior: dismiss and notify, webauthn:extension:credBlob: true, webauthn:extension:largeBlob: true, webauthn:extension:minPinLength: true, webauthn:extension:prf: true, webauthn:virtualAuthenticators: true}
Session ID: e5e3d20ecd4947491b936a0f47975d85
2024-01-25 22:39:24,457 [main] INFO  base.BaseClass - Trying to click on: {element.toString()}
2024-01-25 22:39:24,565 [main] INFO  base.BaseClass - Clicked on: {element.toString()}
2024-01-25 22:39:24,565 [main] INFO  base.BaseClass - Trying to find Element By {by.toString()})
2024-01-25 22:39:24,581 [main] INFO  base.BaseClass - Found Element By {by.toString()}
TimeoutException occurred: Expected condition failed: waiting for helper.WaitUtility$5@7ba97ea4 (tried for 30 second(s) with 500 milliseconds interval)
Build info: version: '3.141.59', revision: 'e82be7d358', time: '2018-11-14T08:17:03'
System info: host: 'DPLAP166', ip: '137.237.3.67', os.name: 'Windows 10', os.arch: 'amd64', os.version: '10.0', java.version: '19.0.1'
Driver info: org.openqa.selenium.support.events.EventFiringWebDriver
Capabilities {acceptInsecureCerts: true, browserName: chrome, browserVersion: 121.0.6167.86, chrome: {chromedriverVersion: 121.0.6167.85 (3f98d690ad7e..., userDataDir: C:\Users\dP-PL\AppData\Loca...}, fedcm:accounts: true, goog:chromeOptions: {debuggerAddress: localhost:55824}, javascriptEnabled: true, networkConnectionEnabled: false, pageLoadStrategy: normal, platform: WINDOWS, platformName: WINDOWS, proxy: Proxy(), setWindowRect: true, strictFileInteractability: false, timeouts: {implicit: 0, pageLoad: 300000, script: 30000}, unhandledPromptBehavior: dismiss and notify, webauthn:extension:credBlob: true, webauthn:extension:largeBlob: true, webauthn:extension:minPinLength: true, webauthn:extension:prf: true, webauthn:virtualAuthenticators: true}
Session ID: e5e3d20ecd4947491b936a0f47975d85
2024-01-25 22:39:54,747 [main] ERROR XGLT_15177_Test - Element did not become visible within the specified time: Expected condition failed: waiting for helper.WaitUtility$5@7ba97ea4 (tried for 30 second(s) with 500 milliseconds interval)
Build info: version: '3.141.59', revision: 'e82be7d358', time: '2018-11-14T08:17:03'
System info: host: 'DPLAP166', ip: '137.237.3.67', os.name: 'Windows 10', os.arch: 'amd64', os.version: '10.0', java.version: '19.0.1'
Driver info: org.openqa.selenium.support.events.EventFiringWebDriver
Capabilities {acceptInsecureCerts: true, browserName: chrome, browserVersion: 121.0.6167.86, chrome: {chromedriverVersion: 121.0.6167.85 (3f98d690ad7e..., userDataDir: C:\Users\dP-PL\AppData\Loca...}, fedcm:accounts: true, goog:chromeOptions: {debuggerAddress: localhost:55824}, javascriptEnabled: true, networkConnectionEnabled: false, pageLoadStrategy: normal, platform: WINDOWS, platformName: WINDOWS, proxy: Proxy(), setWindowRect: true, strictFileInteractability: false, timeouts: {implicit: 0, pageLoad: 300000, script: 30000}, unhandledPromptBehavior: dismiss and notify, webauthn:extension:credBlob: true, webauthn:extension:largeBlob: true, webauthn:extension:minPinLength: true, webauthn:extension:prf: true, webauthn:virtualAuthenticators: true}
Session ID: e5e3d20ecd4947491b936a0f47975d85
2024-01-25 22:39:54,747 [main] INFO  base.BaseClass - Trying to click on: {element.toString()}
2024-01-25 22:39:54,863 [main] INFO  base.BaseClass - Clicked on: {element.toString()}
2024-01-25 22:39:54,864 [main] INFO  base.BaseClass - Trying to find Element By {by.toString()})
2024-01-25 22:39:54,877 [main] INFO  base.BaseClass - Found Element By {by.toString()}
TimeoutException occurred: Expected condition failed: waiting for helper.WaitUtility$5@558c87b (tried for 30 second(s) with 500 milliseconds interval)
Build info: version: '3.141.59', revision: 'e82be7d358', time: '2018-11-14T08:17:03'
System info: host: 'DPLAP166', ip: '137.237.3.67', os.name: 'Windows 10', os.arch: 'amd64', os.version: '10.0', java.version: '19.0.1'
Driver info: org.openqa.selenium.support.events.EventFiringWebDriver
Capabilities {acceptInsecureCerts: true, browserName: chrome, browserVersion: 121.0.6167.86, chrome: {chromedriverVersion: 121.0.6167.85 (3f98d690ad7e..., userDataDir: C:\Users\dP-PL\AppData\Loca...}, fedcm:accounts: true, goog:chromeOptions: {debuggerAddress: localhost:55824}, javascriptEnabled: true, networkConnectionEnabled: false, pageLoadStrategy: normal, platform: WINDOWS, platformName: WINDOWS, proxy: Proxy(), setWindowRect: true, strictFileInteractability: false, timeouts: {implicit: 0, pageLoad: 300000, script: 30000}, unhandledPromptBehavior: dismiss and notify, webauthn:extension:credBlob: true, webauthn:extension:largeBlob: true, webauthn:extension:minPinLength: true, webauthn:extension:prf: true, webauthn:virtualAuthenticators: true}
Session ID: e5e3d20ecd4947491b936a0f47975d85
2024-01-25 22:40:24,925 [main] ERROR XGLT_15177_Test - Element did not become visible within the specified time: Expected condition failed: waiting for helper.WaitUtility$5@558c87b (tried for 30 second(s) with 500 milliseconds interval)
Build info: version: '3.141.59', revision: 'e82be7d358', time: '2018-11-14T08:17:03'
System info: host: 'DPLAP166', ip: '137.237.3.67', os.name: 'Windows 10', os.arch: 'amd64', os.version: '10.0', java.version: '19.0.1'
Driver info: org.openqa.selenium.support.events.EventFiringWebDriver
Capabilities {acceptInsecureCerts: true, browserName: chrome, browserVersion: 121.0.6167.86, chrome: {chromedriverVersion: 121.0.6167.85 (3f98d690ad7e..., userDataDir: C:\Users\dP-PL\AppData\Loca...}, fedcm:accounts: true, goog:chromeOptions: {debuggerAddress: localhost:55824}, javascriptEnabled: true, networkConnectionEnabled: false, pageLoadStrategy: normal, platform: WINDOWS, platformName: WINDOWS, proxy: Proxy(), setWindowRect: true, strictFileInteractability: false, timeouts: {implicit: 0, pageLoad: 300000, script: 30000}, unhandledPromptBehavior: dismiss and notify, webauthn:extension:credBlob: true, webauthn:extension:largeBlob: true, webauthn:extension:minPinLength: true, webauthn:extension:prf: true, webauthn:virtualAuthenticators: true}
Session ID: e5e3d20ecd4947491b936a0f47975d85
2024-01-25 22:40:24,925 [main] INFO  base.BaseClass - Trying to click on: {element.toString()}
2024-01-25 22:40:25,015 [main] INFO  base.BaseClass - Clicked on: {element.toString()}
2024-01-25 22:40:25,015 [main] INFO  base.BaseClass - Trying to find Element By {by.toString()})
2024-01-25 22:40:25,030 [main] INFO  base.BaseClass - Found Element By {by.toString()}
2024-01-25 22:40:25,554 [main] INFO  base.BaseClass - Trying to find Element By {by.toString()})
2024-01-25 22:40:25,578 [main] INFO  base.BaseClass - Found Element By {by.toString()}
2024-01-25 22:40:26,109 [main] INFO  base.BaseClass - Trying to find Element By {by.toString()})
2024-01-25 22:40:26,132 [main] INFO  base.BaseClass - Found Element By {by.toString()}
2024-01-25 22:40:26,672 [main] INFO  base.BaseClass - Trying to find Element By {by.toString()})
2024-01-25 22:40:26,695 [main] INFO  base.BaseClass - Found Element By {by.toString()}
2024-01-25 22:40:27,238 [main] INFO  base.BaseClass - Trying to find Element By {by.toString()})
2024-01-25 22:40:27,261 [main] INFO  base.BaseClass - Found Element By {by.toString()}
2024-01-25 22:40:27,804 [main] INFO  base.BaseClass - Trying to find Element By {by.toString()})
2024-01-25 22:40:27,828 [main] INFO  base.BaseClass - Found Element By {by.toString()}
2024-01-25 22:40:28,371 [main] INFO  base.BaseClass - Trying to find Element By {by.toString()})
2024-01-25 22:40:28,393 [main] INFO  base.BaseClass - Found Element By {by.toString()}
2024-01-25 22:40:28,922 [main] INFO  base.BaseClass - Trying to find Element By {by.toString()})
2024-01-25 22:40:28,945 [main] INFO  base.BaseClass - Found Element By {by.toString()}
2024-01-25 22:40:29,488 [main] INFO  base.BaseClass - Trying to find Element By {by.toString()})
2024-01-25 22:40:29,510 [main] INFO  base.BaseClass - Found Element By {by.toString()}
2024-01-25 22:40:30,052 [main] INFO  base.BaseClass - Trying to find Element By {by.toString()})
2024-01-25 22:40:30,073 [main] INFO  base.BaseClass - Found Element By {by.toString()}
2024-01-25 22:40:30,618 [main] INFO  base.BaseClass - Trying to find Element By {by.toString()})
2024-01-25 22:40:30,641 [main] INFO  base.BaseClass - Found Element By {by.toString()}
2024-01-25 22:40:31,182 [main] INFO  base.BaseClass - Trying to find Element By {by.toString()})
2024-01-25 22:40:31,206 [main] INFO  base.BaseClass - Found Element By {by.toString()}
2024-01-25 22:40:31,746 [main] INFO  base.BaseClass - Trying to find Element By {by.toString()})
2024-01-25 22:40:31,770 [main] INFO  base.BaseClass - Found Element By {by.toString()}
2024-01-25 22:40:32,309 [main] INFO  base.BaseClass - Trying to find Element By {by.toString()})
2024-01-25 22:40:32,334 [main] INFO  base.BaseClass - Found Element By {by.toString()}
2024-01-25 22:40:32,873 [main] INFO  base.BaseClass - Trying to find Element By {by.toString()})
2024-01-25 22:40:32,895 [main] INFO  base.BaseClass - Found Element By {by.toString()}
2024-01-25 22:40:33,440 [main] INFO  base.BaseClass - Trying to find Element By {by.toString()})
2024-01-25 22:40:33,462 [main] INFO  base.BaseClass - Found Element By {by.toString()}
2024-01-25 22:40:34,004 [main] INFO  base.BaseClass - Trying to find Element By {by.toString()})
2024-01-25 22:40:34,030 [main] INFO  base.BaseClass - Found Element By {by.toString()}
2024-01-25 22:40:34,570 [main] INFO  base.BaseClass - Trying to find Element By {by.toString()})
2024-01-25 22:40:34,593 [main] INFO  base.BaseClass - Found Element By {by.toString()}
2024-01-25 22:40:35,134 [main] INFO  base.BaseClass - Trying to find Element By {by.toString()})
2024-01-25 22:40:35,156 [main] INFO  base.BaseClass - Found Element By {by.toString()}
2024-01-25 22:40:35,696 [main] INFO  base.BaseClass - Trying to find Element By {by.toString()})
2024-01-25 22:40:35,712 [main] INFO  base.BaseClass - Found Element By {by.toString()}
2024-01-25 22:40:36,229 [main] INFO  base.BaseClass - Trying to find Element By {by.toString()})
2024-01-25 22:40:36,250 [main] INFO  base.BaseClass - Found Element By {by.toString()}
2024-01-25 22:40:36,779 [main] INFO  base.BaseClass - Trying to find Element By {by.toString()})
2024-01-25 22:40:36,800 [main] INFO  base.BaseClass - Found Element By {by.toString()}
2024-01-25 22:40:37,343 [main] INFO  base.BaseClass - Trying to find Element By {by.toString()})
2024-01-25 22:40:37,365 [main] INFO  base.BaseClass - Found Element By {by.toString()}
2024-01-25 22:40:37,906 [main] INFO  base.BaseClass - Trying to find Element By {by.toString()})
2024-01-25 22:40:37,928 [main] INFO  base.BaseClass - Found Element By {by.toString()}
2024-01-25 22:40:38,470 [main] INFO  base.BaseClass - Trying to find Element By {by.toString()})
2024-01-25 22:40:38,491 [main] INFO  base.BaseClass - Found Element By {by.toString()}
2024-01-25 22:40:39,018 [main] INFO  base.BaseClass - Trying to find Element By {by.toString()})
2024-01-25 22:40:39,040 [main] INFO  base.BaseClass - Found Element By {by.toString()}
2024-01-25 22:40:39,583 [main] INFO  base.BaseClass - Trying to find Element By {by.toString()})
2024-01-25 22:40:39,607 [main] INFO  base.BaseClass - Found Element By {by.toString()}
2024-01-25 22:40:40,149 [main] INFO  base.BaseClass - Trying to find Element By {by.toString()})
2024-01-25 22:40:40,171 [main] INFO  base.BaseClass - Found Element By {by.toString()}
2024-01-25 22:40:40,714 [main] INFO  base.BaseClass - Trying to find Element By {by.toString()})
2024-01-25 22:40:40,736 [main] INFO  base.BaseClass - Found Element By {by.toString()}
2024-01-25 22:40:41,279 [main] INFO  base.BaseClass - Trying to find Element By {by.toString()})
2024-01-25 22:40:41,303 [main] INFO  base.BaseClass - Found Element By {by.toString()}
2024-01-25 22:40:41,844 [main] INFO  base.BaseClass - Trying to find Element By {by.toString()})
2024-01-25 22:40:41,866 [main] INFO  base.BaseClass - Found Element By {by.toString()}
2024-01-25 22:40:42,412 [main] INFO  base.BaseClass - Trying to find Element By {by.toString()})
2024-01-25 22:40:42,434 [main] INFO  base.BaseClass - Found Element By {by.toString()}
2024-01-25 22:40:42,964 [main] INFO  base.BaseClass - Trying to find Element By {by.toString()})
2024-01-25 22:40:42,986 [main] INFO  base.BaseClass - Found Element By {by.toString()}
2024-01-25 22:40:43,527 [main] INFO  base.BaseClass - Trying to find Element By {by.toString()})
2024-01-25 22:40:43,550 [main] INFO  base.BaseClass - Found Element By {by.toString()}
2024-01-25 22:40:44,091 [main] INFO  base.BaseClass - Trying to find Element By {by.toString()})
2024-01-25 22:40:44,112 [main] INFO  base.BaseClass - Found Element By {by.toString()}
2024-01-25 22:40:44,643 [main] INFO  base.BaseClass - Trying to find Element By {by.toString()})
2024-01-25 22:40:44,665 [main] INFO  base.BaseClass - Found Element By {by.toString()}
2024-01-25 22:40:45,192 [main] INFO  base.BaseClass - Trying to find Element By {by.toString()})
2024-01-25 22:40:45,213 [main] INFO  base.BaseClass - Found Element By {by.toString()}
2024-01-25 22:40:45,744 [main] INFO  base.BaseClass - Trying to find Element By {by.toString()})
2024-01-25 22:40:45,760 [main] INFO  base.BaseClass - Found Element By {by.toString()}
2024-01-25 22:40:46,294 [main] INFO  base.BaseClass - Trying to find Element By {by.toString()})
2024-01-25 22:40:46,316 [main] INFO  base.BaseClass - Found Element By {by.toString()}
2024-01-25 22:40:46,858 [main] INFO  base.BaseClass - Trying to find Element By {by.toString()})
2024-01-25 22:40:46,881 [main] INFO  base.BaseClass - Found Element By {by.toString()}
2024-01-25 22:40:47,425 [main] INFO  base.BaseClass - Trying to find Element By {by.toString()})
2024-01-25 22:40:47,440 [main] INFO  base.BaseClass - Found Element By {by.toString()}
2024-01-25 22:40:47,977 [main] INFO  base.BaseClass - Trying to find Element By {by.toString()})
2024-01-25 22:40:48,000 [main] INFO  base.BaseClass - Found Element By {by.toString()}
2024-01-25 22:40:48,527 [main] INFO  base.BaseClass - Trying to find Element By {by.toString()})
2024-01-25 22:40:48,553 [main] INFO  base.BaseClass - Found Element By {by.toString()}
2024-01-25 22:40:49,093 [main] INFO  base.BaseClass - Trying to find Element By {by.toString()})
2024-01-25 22:40:49,111 [main] INFO  base.BaseClass - Found Element By {by.toString()}
2024-01-25 22:40:49,643 [main] INFO  base.BaseClass - Trying to find Element By {by.toString()})
2024-01-25 22:40:49,661 [main] INFO  base.BaseClass - Found Element By {by.toString()}
2024-01-25 22:40:50,205 [main] INFO  base.BaseClass - Trying to find Element By {by.toString()})
2024-01-25 22:40:50,224 [main] INFO  base.BaseClass - Found Element By {by.toString()}
2024-01-25 22:40:50,755 [main] INFO  base.BaseClass - Trying to find Element By {by.toString()})
2024-01-25 22:40:50,774 [main] INFO  base.BaseClass - Found Element By {by.toString()}
2024-01-25 22:40:51,305 [main] INFO  base.BaseClass - Trying to find Element By {by.toString()})
2024-01-25 22:40:51,326 [main] INFO  base.BaseClass - Found Element By {by.toString()}
2024-01-25 22:40:51,858 [main] INFO  base.BaseClass - Trying to find Element By {by.toString()})
2024-01-25 22:40:51,879 [main] INFO  base.BaseClass - Found Element By {by.toString()}
2024-01-25 22:40:52,409 [main] INFO  base.BaseClass - Trying to find Element By {by.toString()})
2024-01-25 22:40:52,431 [main] INFO  base.BaseClass - Found Element By {by.toString()}
2024-01-25 22:40:52,974 [main] INFO  base.BaseClass - Trying to find Element By {by.toString()})
2024-01-25 22:40:52,996 [main] INFO  base.BaseClass - Found Element By {by.toString()}
2024-01-25 22:40:53,540 [main] INFO  base.BaseClass - Trying to find Element By {by.toString()})
2024-01-25 22:40:53,561 [main] INFO  base.BaseClass - Found Element By {by.toString()}
2024-01-25 22:40:54,105 [main] INFO  base.BaseClass - Trying to find Element By {by.toString()})
2024-01-25 22:40:54,128 [main] INFO  base.BaseClass - Found Element By {by.toString()}
2024-01-25 22:40:54,671 [main] INFO  base.BaseClass - Trying to find Element By {by.toString()})
2024-01-25 22:40:54,693 [main] INFO  base.BaseClass - Found Element By {by.toString()}
2024-01-25 22:40:55,238 [main] INFO  base.BaseClass - Trying to find Element By {by.toString()})
2024-01-25 22:40:55,294 [main] INFO  base.BaseClass - Found Element By {by.toString()}
TimeoutException occurred: Expected condition failed: waiting for helper.WaitUtility$5@55e46043 (tried for 30 second(s) with 500 milliseconds interval)
Build info: version: '3.141.59', revision: 'e82be7d358', time: '2018-11-14T08:17:03'
System info: host: 'DPLAP166', ip: '137.237.3.67', os.name: 'Windows 10', os.arch: 'amd64', os.version: '10.0', java.version: '19.0.1'
Driver info: org.openqa.selenium.support.events.EventFiringWebDriver
Capabilities {acceptInsecureCerts: true, browserName: chrome, browserVersion: 121.0.6167.86, chrome: {chromedriverVersion: 121.0.6167.85 (3f98d690ad7e..., userDataDir: C:\Users\dP-PL\AppData\Loca...}, fedcm:accounts: true, goog:chromeOptions: {debuggerAddress: localhost:55824}, javascriptEnabled: true, networkConnectionEnabled: false, pageLoadStrategy: normal, platform: WINDOWS, platformName: WINDOWS, proxy: Proxy(), setWindowRect: true, strictFileInteractability: false, timeouts: {implicit: 0, pageLoad: 300000, script: 30000}, unhandledPromptBehavior: dismiss and notify, webauthn:extension:credBlob: true, webauthn:extension:largeBlob: true, webauthn:extension:minPinLength: true, webauthn:extension:prf: true, webauthn:virtualAuthenticators: true}
Session ID: e5e3d20ecd4947491b936a0f47975d85
2024-01-25 22:40:55,309 [main] ERROR XGLT_15177_Test - Element did not become visible within the specified time: Expected condition failed: waiting for helper.WaitUtility$5@55e46043 (tried for 30 second(s) with 500 milliseconds interval)
Build info: version: '3.141.59', revision: 'e82be7d358', time: '2018-11-14T08:17:03'
System info: host: 'DPLAP166', ip: '137.237.3.67', os.name: 'Windows 10', os.arch: 'amd64', os.version: '10.0', java.version: '19.0.1'
Driver info: org.openqa.selenium.support.events.EventFiringWebDriver
Capabilities {acceptInsecureCerts: true, browserName: chrome, browserVersion: 121.0.6167.86, chrome: {chromedriverVersion: 121.0.6167.85 (3f98d690ad7e..., userDataDir: C:\Users\dP-PL\AppData\Loca...}, fedcm:accounts: true, goog:chromeOptions: {debuggerAddress: localhost:55824}, javascriptEnabled: true, networkConnectionEnabled: false, pageLoadStrategy: normal, platform: WINDOWS, platformName: WINDOWS, proxy: Proxy(), setWindowRect: true, strictFileInteractability: false, timeouts: {implicit: 0, pageLoad: 300000, script: 30000}, unhandledPromptBehavior: dismiss and notify, webauthn:extension:credBlob: true, webauthn:extension:largeBlob: true, webauthn:extension:minPinLength: true, webauthn:extension:prf: true, webauthn:virtualAuthenticators: true}
Session ID: e5e3d20ecd4947491b936a0f47975d85
2024-01-25 22:40:55,309 [main] INFO  base.BaseClass - Trying to find Element By {by.toString()})
2024-01-25 22:40:55,322 [main] INFO  base.BaseClass - Found Element By {by.toString()}
2024-01-25 22:40:55,322 [main] INFO  base.BaseClass - Trying to click on: {element.toString()}
2024-01-25 22:40:55,430 [main] INFO  base.BaseClass - Clicked on: {element.toString()}
2024-01-25 22:40:55,430 [main] INFO  base.BaseClass - Trying to find Element By {by.toString()})
2024-01-25 22:40:55,444 [main] INFO  base.BaseClass - Found Element By {by.toString()}
2024-01-25 22:40:55,961 [main] INFO  base.BaseClass - Trying to find Element By {by.toString()})
2024-01-25 22:40:55,983 [main] INFO  base.BaseClass - Found Element By {by.toString()}
2024-01-25 22:40:56,007 [main] INFO  base.BaseClass - Trying to find Element By {by.toString()})
2024-01-25 22:40:56,039 [main] INFO  base.BaseClass - Found Element By {by.toString()}
2024-01-25 22:40:56,560 [main] INFO  base.BaseClass - Trying to find Element By {by.toString()})
2024-01-25 22:40:56,584 [main] INFO  base.BaseClass - Found Element By {by.toString()}
2024-01-25 22:40:57,108 [main] INFO  base.BaseClass - Trying to find Element By {by.toString()})
2024-01-25 22:40:57,133 [main] INFO  base.BaseClass - Found Element By {by.toString()}
2024-01-25 22:40:57,657 [main] INFO  base.BaseClass - Trying to find Element By {by.toString()})
2024-01-25 22:40:57,681 [main] INFO  base.BaseClass - Found Element By {by.toString()}
2024-01-25 22:40:58,208 [main] INFO  base.BaseClass - Trying to find Element By {by.toString()})
2024-01-25 22:40:58,230 [main] INFO  base.BaseClass - Found Element By {by.toString()}
2024-01-25 22:40:58,759 [main] INFO  base.BaseClass - Trying to find Element By {by.toString()})
2024-01-25 22:40:58,779 [main] INFO  base.BaseClass - Found Element By {by.toString()}
2024-01-25 22:40:59,298 [main] INFO  base.BaseClass - Trying to find Element By {by.toString()})
2024-01-25 22:40:59,320 [main] INFO  base.BaseClass - Found Element By {by.toString()}
2024-01-25 22:40:59,848 [main] INFO  base.BaseClass - Trying to find Element By {by.toString()})
2024-01-25 22:40:59,873 [main] INFO  base.BaseClass - Found Element By {by.toString()}
2024-01-25 22:41:00,399 [main] INFO  base.BaseClass - Trying to find Element By {by.toString()})
2024-01-25 22:41:00,424 [main] INFO  base.BaseClass - Found Element By {by.toString()}
2024-01-25 22:41:00,950 [main] INFO  base.BaseClass - Trying to find Element By {by.toString()})
2024-01-25 22:41:00,974 [main] INFO  base.BaseClass - Found Element By {by.toString()}
2024-01-25 22:41:01,499 [main] INFO  base.BaseClass - Trying to find Element By {by.toString()})
2024-01-25 22:41:01,522 [main] INFO  base.BaseClass - Found Element By {by.toString()}
2024-01-25 22:41:02,046 [main] INFO  base.BaseClass - Trying to find Element By {by.toString()})
2024-01-25 22:41:02,070 [main] INFO  base.BaseClass - Found Element By {by.toString()}
2024-01-25 22:41:02,597 [main] INFO  base.BaseClass - Trying to find Element By {by.toString()})
2024-01-25 22:41:02,619 [main] INFO  base.BaseClass - Found Element By {by.toString()}
2024-01-25 22:41:03,148 [main] INFO  base.BaseClass - Trying to find Element By {by.toString()})
2024-01-25 22:41:03,171 [main] INFO  base.BaseClass - Found Element By {by.toString()}
2024-01-25 22:41:03,698 [main] INFO  base.BaseClass - Trying to find Element By {by.toString()})
2024-01-25 22:41:03,721 [main] INFO  base.BaseClass - Found Element By {by.toString()}
2024-01-25 22:41:04,248 [main] INFO  base.BaseClass - Trying to find Element By {by.toString()})
2024-01-25 22:41:04,272 [main] INFO  base.BaseClass - Found Element By {by.toString()}
2024-01-25 22:41:04,794 [main] INFO  base.BaseClass - Trying to find Element By {by.toString()})
2024-01-25 22:41:04,817 [main] INFO  base.BaseClass - Found Element By {by.toString()}
2024-01-25 22:41:05,339 [main] INFO  base.BaseClass - Trying to find Element By {by.toString()})
2024-01-25 22:41:05,361 [main] INFO  base.BaseClass - Found Element By {by.toString()}
2024-01-25 22:41:05,891 [main] INFO  base.BaseClass - Trying to find Element By {by.toString()})
2024-01-25 22:41:05,916 [main] INFO  base.BaseClass - Found Element By {by.toString()}
2024-01-25 22:41:06,440 [main] INFO  base.BaseClass - Trying to find Element By {by.toString()})
2024-01-25 22:41:06,462 [main] INFO  base.BaseClass - Found Element By {by.toString()}
2024-01-25 22:41:06,992 [main] INFO  base.BaseClass - Trying to find Element By {by.toString()})
2024-01-25 22:41:07,014 [main] INFO  base.BaseClass - Found Element By {by.toString()}
2024-01-25 22:41:07,542 [main] INFO  base.BaseClass - Trying to find Element By {by.toString()})
2024-01-25 22:41:07,565 [main] INFO  base.BaseClass - Found Element By {by.toString()}
2024-01-25 22:41:08,092 [main] INFO  base.BaseClass - Trying to find Element By {by.toString()})
2024-01-25 22:41:08,114 [main] INFO  base.BaseClass - Found Element By {by.toString()}
2024-01-25 22:41:08,643 [main] INFO  base.BaseClass - Trying to find Element By {by.toString()})
2024-01-25 22:41:08,657 [main] INFO  base.BaseClass - Found Element By {by.toString()}
2024-01-25 22:41:09,177 [main] INFO  base.BaseClass - Trying to find Element By {by.toString()})
2024-01-25 22:41:09,200 [main] INFO  base.BaseClass - Found Element By {by.toString()}
2024-01-25 22:41:09,727 [main] INFO  base.BaseClass - Trying to find Element By {by.toString()})
2024-01-25 22:41:09,750 [main] INFO  base.BaseClass - Found Element By {by.toString()}
2024-01-25 22:41:10,276 [main] INFO  base.BaseClass - Trying to find Element By {by.toString()})
2024-01-25 22:41:10,298 [main] INFO  base.BaseClass - Found Element By {by.toString()}
2024-01-25 22:41:10,823 [main] INFO  base.BaseClass - Trying to find Element By {by.toString()})
2024-01-25 22:41:10,844 [main] INFO  base.BaseClass - Found Element By {by.toString()}
2024-01-25 22:41:11,376 [main] INFO  base.BaseClass - Trying to find Element By {by.toString()})
2024-01-25 22:41:11,404 [main] INFO  base.BaseClass - Found Element By {by.toString()}
2024-01-25 22:41:11,926 [main] INFO  base.BaseClass - Trying to find Element By {by.toString()})
2024-01-25 22:41:11,949 [main] INFO  base.BaseClass - Found Element By {by.toString()}
2024-01-25 22:41:12,477 [main] INFO  base.BaseClass - Trying to find Element By {by.toString()})
2024-01-25 22:41:12,499 [main] INFO  base.BaseClass - Found Element By {by.toString()}
2024-01-25 22:41:13,027 [main] INFO  base.BaseClass - Trying to find Element By {by.toString()})
2024-01-25 22:41:13,050 [main] INFO  base.BaseClass - Found Element By {by.toString()}
2024-01-25 22:41:13,576 [main] INFO  base.BaseClass - Trying to find Element By {by.toString()})
2024-01-25 22:41:13,599 [main] INFO  base.BaseClass - Found Element By {by.toString()}
2024-01-25 22:41:14,127 [main] INFO  base.BaseClass - Trying to find Element By {by.toString()})
2024-01-25 22:41:14,151 [main] INFO  base.BaseClass - Found Element By {by.toString()}
2024-01-25 22:41:14,675 [main] INFO  base.BaseClass - Trying to find Element By {by.toString()})
2024-01-25 22:41:14,697 [main] INFO  base.BaseClass - Found Element By {by.toString()}
2024-01-25 22:41:15,228 [main] INFO  base.BaseClass - Trying to find Element By {by.toString()})
2024-01-25 22:41:15,250 [main] INFO  base.BaseClass - Found Element By {by.toString()}
2024-01-25 22:41:15,780 [main] INFO  base.BaseClass - Trying to find Element By {by.toString()})
2024-01-25 22:41:15,804 [main] INFO  base.BaseClass - Found Element By {by.toString()}
2024-01-25 22:41:16,330 [main] INFO  base.BaseClass - Trying to find Element By {by.toString()})
2024-01-25 22:41:16,352 [main] INFO  base.BaseClass - Found Element By {by.toString()}
2024-01-25 22:41:16,881 [main] INFO  base.BaseClass - Trying to find Element By {by.toString()})
2024-01-25 22:41:16,903 [main] INFO  base.BaseClass - Found Element By {by.toString()}
2024-01-25 22:41:17,429 [main] INFO  base.BaseClass - Trying to find Element By {by.toString()})
2024-01-25 22:41:17,451 [main] INFO  base.BaseClass - Found Element By {by.toString()}
2024-01-25 22:41:17,979 [main] INFO  base.BaseClass - Trying to find Element By {by.toString()})
2024-01-25 22:41:18,002 [main] INFO  base.BaseClass - Found Element By {by.toString()}
2024-01-25 22:41:18,529 [main] INFO  base.BaseClass - Trying to find Element By {by.toString()})
2024-01-25 22:41:18,551 [main] INFO  base.BaseClass - Found Element By {by.toString()}
2024-01-25 22:41:19,078 [main] INFO  base.BaseClass - Trying to find Element By {by.toString()})
2024-01-25 22:41:19,099 [main] INFO  base.BaseClass - Found Element By {by.toString()}
2024-01-25 22:41:19,627 [main] INFO  base.BaseClass - Trying to find Element By {by.toString()})
2024-01-25 22:41:19,650 [main] INFO  base.BaseClass - Found Element By {by.toString()}
2024-01-25 22:41:20,178 [main] INFO  base.BaseClass - Trying to find Element By {by.toString()})
2024-01-25 22:41:20,201 [main] INFO  base.BaseClass - Found Element By {by.toString()}
2024-01-25 22:41:20,726 [main] INFO  base.BaseClass - Trying to find Element By {by.toString()})
2024-01-25 22:41:20,749 [main] INFO  base.BaseClass - Found Element By {by.toString()}
2024-01-25 22:41:21,275 [main] INFO  base.BaseClass - Trying to find Element By {by.toString()})
2024-01-25 22:41:21,297 [main] INFO  base.BaseClass - Found Element By {by.toString()}
2024-01-25 22:41:21,810 [main] INFO  base.BaseClass - Trying to find Element By {by.toString()})
2024-01-25 22:41:21,832 [main] INFO  base.BaseClass - Found Element By {by.toString()}
2024-01-25 22:41:22,374 [main] INFO  base.BaseClass - Trying to find Element By {by.toString()})
2024-01-25 22:41:22,397 [main] INFO  base.BaseClass - Found Element By {by.toString()}
2024-01-25 22:41:22,921 [main] INFO  base.BaseClass - Trying to find Element By {by.toString()})
2024-01-25 22:41:22,946 [main] INFO  base.BaseClass - Found Element By {by.toString()}
2024-01-25 22:41:23,471 [main] INFO  base.BaseClass - Trying to find Element By {by.toString()})
2024-01-25 22:41:23,493 [main] INFO  base.BaseClass - Found Element By {by.toString()}
2024-01-25 22:41:24,019 [main] INFO  base.BaseClass - Trying to find Element By {by.toString()})
2024-01-25 22:41:24,033 [main] INFO  base.BaseClass - Found Element By {by.toString()}
2024-01-25 22:41:24,556 [main] INFO  base.BaseClass - Trying to find Element By {by.toString()})
2024-01-25 22:41:24,579 [main] INFO  base.BaseClass - Found Element By {by.toString()}
2024-01-25 22:41:25,105 [main] INFO  base.BaseClass - Trying to find Element By {by.toString()})
2024-01-25 22:41:25,127 [main] INFO  base.BaseClass - Found Element By {by.toString()}
2024-01-25 22:41:25,656 [main] INFO  base.BaseClass - Trying to find Element By {by.toString()})
2024-01-25 22:41:25,679 [main] INFO  base.BaseClass - Found Element By {by.toString()}
2024-01-25 22:41:26,207 [main] INFO  base.BaseClass - Trying to find Element By {by.toString()})
2024-01-25 22:41:26,230 [main] INFO  base.BaseClass - Found Element By {by.toString()}
2024-01-25 22:41:26,754 [main] INFO  base.BaseClass - Trying to find Element By {by.toString()})
2024-01-25 22:41:26,775 [main] INFO  base.BaseClass - Found Element By {by.toString()}
2024-01-25 22:41:27,301 [main] INFO  base.BaseClass - Trying to find Element By {by.toString()})
2024-01-25 22:41:27,323 [main] INFO  base.BaseClass - Found Element By {by.toString()}
2024-01-25 22:41:27,851 [main] INFO  base.BaseClass - Trying to find Element By {by.toString()})
2024-01-25 22:41:27,873 [main] INFO  base.BaseClass - Found Element By {by.toString()}
2024-01-25 22:41:28,399 [main] INFO  base.BaseClass - Trying to find Element By {by.toString()})
2024-01-25 22:41:28,419 [main] INFO  base.BaseClass - Found Element By {by.toString()}
2024-01-25 22:41:28,947 [main] INFO  base.BaseClass - Trying to find Element By {by.toString()})
2024-01-25 22:41:28,970 [main] INFO  base.BaseClass - Found Element By {by.toString()}
2024-01-25 22:41:29,497 [main] INFO  base.BaseClass - Trying to find Element By {by.toString()})
2024-01-25 22:41:29,519 [main] INFO  base.BaseClass - Found Element By {by.toString()}
2024-01-25 22:41:30,043 [main] INFO  base.BaseClass - Trying to find Element By {by.toString()})
2024-01-25 22:41:30,066 [main] INFO  base.BaseClass - Found Element By {by.toString()}
2024-01-25 22:41:30,593 [main] INFO  base.BaseClass - Trying to find Element By {by.toString()})
2024-01-25 22:41:30,615 [main] INFO  base.BaseClass - Found Element By {by.toString()}
2024-01-25 22:41:31,143 [main] INFO  base.BaseClass - Trying to find Element By {by.toString()})
2024-01-25 22:41:31,162 [main] INFO  base.BaseClass - Found Element By {by.toString()}
2024-01-25 22:41:31,676 [main] INFO  base.BaseClass - Trying to find Element By {by.toString()})
2024-01-25 22:41:31,700 [main] INFO  base.BaseClass - Found Element By {by.toString()}
2024-01-25 22:41:32,226 [main] INFO  base.BaseClass - Trying to find Element By {by.toString()})
2024-01-25 22:41:32,249 [main] INFO  base.BaseClass - Found Element By {by.toString()}
2024-01-25 22:41:32,776 [main] INFO  base.BaseClass - Trying to find Element By {by.toString()})
2024-01-25 22:41:32,798 [main] INFO  base.BaseClass - Found Element By {by.toString()}
2024-01-25 22:41:33,324 [main] INFO  base.BaseClass - Trying to find Element By {by.toString()})
2024-01-25 22:41:33,348 [main] INFO  base.BaseClass - Found Element By {by.toString()}
2024-01-25 22:41:33,874 [main] INFO  base.BaseClass - Trying to find Element By {by.toString()})
2024-01-25 22:41:33,896 [main] INFO  base.BaseClass - Found Element By {by.toString()}
2024-01-25 22:41:34,424 [main] INFO  base.BaseClass - Trying to find Element By {by.toString()})
2024-01-25 22:41:34,445 [main] INFO  base.BaseClass - Found Element By {by.toString()}
2024-01-25 22:41:34,971 [main] INFO  base.BaseClass - Trying to find Element By {by.toString()})
2024-01-25 22:41:34,994 [main] INFO  base.BaseClass - Found Element By {by.toString()}
2024-01-25 22:41:35,520 [main] INFO  base.BaseClass - Trying to find Element By {by.toString()})
2024-01-25 22:41:35,542 [main] INFO  base.BaseClass - Found Element By {by.toString()}
2024-01-25 22:41:36,068 [main] INFO  base.BaseClass - Trying to find Element By {by.toString()})
2024-01-25 22:41:36,094 [main] INFO  base.BaseClass - Found Element By {by.toString()}
2024-01-25 22:41:36,619 [main] INFO  base.BaseClass - Trying to find Element By {by.toString()})
2024-01-25 22:41:36,642 [main] INFO  base.BaseClass - Found Element By {by.toString()}
2024-01-25 22:41:37,166 [main] INFO  base.BaseClass - Trying to find Element By {by.toString()})
2024-01-25 22:41:37,188 [main] INFO  base.BaseClass - Found Element By {by.toString()}
2024-01-25 22:41:37,715 [main] INFO  base.BaseClass - Trying to find Element By {by.toString()})
2024-01-25 22:41:37,738 [main] INFO  base.BaseClass - Found Element By {by.toString()}
2024-01-25 22:41:38,265 [main] INFO  base.BaseClass - Trying to find Element By {by.toString()})
2024-01-25 22:41:38,288 [main] INFO  base.BaseClass - Found Element By {by.toString()}
2024-01-25 22:41:38,813 [main] INFO  base.BaseClass - Trying to find Element By {by.toString()})
2024-01-25 22:41:38,831 [main] INFO  base.BaseClass - Found Element By {by.toString()}
2024-01-25 22:41:39,348 [main] INFO  base.BaseClass - Trying to find Element By {by.toString()})
2024-01-25 22:41:39,370 [main] INFO  base.BaseClass - Found Element By {by.toString()}
2024-01-25 22:41:39,898 [main] INFO  base.BaseClass - Trying to find Element By {by.toString()})
2024-01-25 22:41:39,921 [main] INFO  base.BaseClass - Found Element By {by.toString()}
2024-01-25 22:41:40,446 [main] INFO  base.BaseClass - Trying to find Element By {by.toString()})
2024-01-25 22:41:40,469 [main] INFO  base.BaseClass - Found Element By {by.toString()}
2024-01-25 22:41:40,998 [main] INFO  base.BaseClass - Trying to find Element By {by.toString()})
2024-01-25 22:41:41,020 [main] INFO  base.BaseClass - Found Element By {by.toString()}
2024-01-25 22:41:41,547 [main] INFO  base.BaseClass - Trying to find Element By {by.toString()})
2024-01-25 22:41:41,570 [main] INFO  base.BaseClass - Found Element By {by.toString()}
2024-01-25 22:41:42,094 [main] INFO  base.BaseClass - Trying to find Element By {by.toString()})
2024-01-25 22:41:42,117 [main] INFO  base.BaseClass - Found Element By {by.toString()}
2024-01-25 22:41:42,641 [main] INFO  base.BaseClass - Trying to find Element By {by.toString()})
2024-01-25 22:41:42,665 [main] INFO  base.BaseClass - Found Element By {by.toString()}
2024-01-25 22:41:43,189 [main] INFO  base.BaseClass - Trying to find Element By {by.toString()})
2024-01-25 22:41:43,213 [main] INFO  base.BaseClass - Found Element By {by.toString()}
2024-01-25 22:41:43,737 [main] INFO  base.BaseClass - Trying to find Element By {by.toString()})
2024-01-25 22:41:43,761 [main] INFO  base.BaseClass - Found Element By {by.toString()}
2024-01-25 22:41:44,288 [main] INFO  base.BaseClass - Trying to find Element By {by.toString()})
2024-01-25 22:41:44,313 [main] INFO  base.BaseClass - Found Element By {by.toString()}
2024-01-25 22:41:44,836 [main] INFO  base.BaseClass - Trying to find Element By {by.toString()})
2024-01-25 22:41:44,859 [main] INFO  base.BaseClass - Found Element By {by.toString()}
2024-01-25 22:41:45,387 [main] INFO  base.BaseClass - Trying to find Element By {by.toString()})
2024-01-25 22:41:45,410 [main] INFO  base.BaseClass - Found Element By {by.toString()}
2024-01-25 22:41:45,937 [main] INFO  base.BaseClass - Trying to find Element By {by.toString()})
2024-01-25 22:41:45,960 [main] INFO  base.BaseClass - Found Element By {by.toString()}
2024-01-25 22:41:46,486 [main] INFO  base.BaseClass - Trying to find Element By {by.toString()})
2024-01-25 22:41:46,507 [main] INFO  base.BaseClass - Found Element By {by.toString()}
2024-01-25 22:41:47,035 [main] INFO  base.BaseClass - Trying to find Element By {by.toString()})
2024-01-25 22:41:47,058 [main] INFO  base.BaseClass - Found Element By {by.toString()}
2024-01-25 22:41:47,586 [main] INFO  base.BaseClass - Trying to find Element By {by.toString()})
2024-01-25 22:41:47,854 [main] INFO  base.BaseClass - Found Element By {by.toString()}
2024-01-25 22:41:48,386 [main] INFO  base.BaseClass - Trying to find Element By {by.toString()})
2024-01-25 22:41:48,409 [main] INFO  base.BaseClass - Found Element By {by.toString()}
2024-01-25 22:41:48,932 [main] INFO  base.BaseClass - Trying to find Element By {by.toString()})
2024-01-25 22:41:48,953 [main] INFO  base.BaseClass - Found Element By {by.toString()}
2024-01-25 22:41:49,481 [main] INFO  base.BaseClass - Trying to find Element By {by.toString()})
2024-01-25 22:41:49,501 [main] INFO  base.BaseClass - Found Element By {by.toString()}
2024-01-25 22:41:50,031 [main] INFO  base.BaseClass - Trying to find Element By {by.toString()})
2024-01-25 22:41:50,054 [main] INFO  base.BaseClass - Found Element By {by.toString()}
2024-01-25 22:41:50,580 [main] INFO  base.BaseClass - Trying to find Element By {by.toString()})
2024-01-25 22:41:50,602 [main] INFO  base.BaseClass - Found Element By {by.toString()}
2024-01-25 22:41:51,131 [main] INFO  base.BaseClass - Trying to find Element By {by.toString()})
2024-01-25 22:41:51,153 [main] INFO  base.BaseClass - Found Element By {by.toString()}
2024-01-25 22:41:51,678 [main] INFO  base.BaseClass - Trying to find Element By {by.toString()})
2024-01-25 22:41:51,701 [main] INFO  base.BaseClass - Found Element By {by.toString()}
2024-01-25 22:41:52,226 [main] INFO  base.BaseClass - Trying to find Element By {by.toString()})
2024-01-25 22:41:52,249 [main] INFO  base.BaseClass - Found Element By {by.toString()}
2024-01-25 22:41:52,777 [main] INFO  base.BaseClass - Trying to find Element By {by.toString()})
2024-01-25 22:41:52,800 [main] INFO  base.BaseClass - Found Element By {by.toString()}
2024-01-25 22:41:53,328 [main] INFO  base.BaseClass - Trying to find Element By {by.toString()})
2024-01-25 22:41:53,352 [main] INFO  base.BaseClass - Found Element By {by.toString()}
2024-01-25 22:41:53,877 [main] INFO  base.BaseClass - Trying to find Element By {by.toString()})
2024-01-25 22:41:53,900 [main] INFO  base.BaseClass - Found Element By {by.toString()}
2024-01-25 22:41:54,426 [main] INFO  base.BaseClass - Trying to find Element By {by.toString()})
2024-01-25 22:41:54,449 [main] INFO  base.BaseClass - Found Element By {by.toString()}
2024-01-25 22:41:54,976 [main] INFO  base.BaseClass - Trying to find Element By {by.toString()})
2024-01-25 22:41:55,000 [main] INFO  base.BaseClass - Found Element By {by.toString()}
2024-01-25 22:41:55,524 [main] INFO  base.BaseClass - Trying to find Element By {by.toString()})
2024-01-25 22:41:55,548 [main] INFO  base.BaseClass - Found Element By {by.toString()}
2024-01-25 22:41:56,074 [main] INFO  base.BaseClass - Trying to find Element By {by.toString()})
2024-01-25 22:41:56,098 [main] INFO  base.BaseClass - Found Element By {by.toString()}
TimeoutException occurred: Expected condition failed: waiting for helper.WaitUtility$3@7751854e (tried for 60 second(s) with 500 milliseconds interval)
Build info: version: '3.141.59', revision: 'e82be7d358', time: '2018-11-14T08:17:03'
System info: host: 'DPLAP166', ip: '137.237.3.67', os.name: 'Windows 10', os.arch: 'amd64', os.version: '10.0', java.version: '19.0.1'
Driver info: org.openqa.selenium.support.events.EventFiringWebDriver
Capabilities {acceptInsecureCerts: true, browserName: chrome, browserVersion: 121.0.6167.86, chrome: {chromedriverVersion: 121.0.6167.85 (3f98d690ad7e..., userDataDir: C:\Users\dP-PL\AppData\Loca...}, fedcm:accounts: true, goog:chromeOptions: {debuggerAddress: localhost:55824}, javascriptEnabled: true, networkConnectionEnabled: false, pageLoadStrategy: normal, platform: WINDOWS, platformName: WINDOWS, proxy: Proxy(), setWindowRect: true, strictFileInteractability: false, timeouts: {implicit: 0, pageLoad: 300000, script: 30000}, unhandledPromptBehavior: dismiss and notify, webauthn:extension:credBlob: true, webauthn:extension:largeBlob: true, webauthn:extension:minPinLength: true, webauthn:extension:prf: true, webauthn:virtualAuthenticators: true}
Session ID: e5e3d20ecd4947491b936a0f47975d85
2024-01-25 22:41:56,117 [main] ERROR XGLT_15177_Test - Element did not become visible within the specified time: Expected condition failed: waiting for helper.WaitUtility$3@7751854e (tried for 60 second(s) with 500 milliseconds interval)
Build info: version: '3.141.59', revision: 'e82be7d358', time: '2018-11-14T08:17:03'
System info: host: 'DPLAP166', ip: '137.237.3.67', os.name: 'Windows 10', os.arch: 'amd64', os.version: '10.0', java.version: '19.0.1'
Driver info: org.openqa.selenium.support.events.EventFiringWebDriver
Capabilities {acceptInsecureCerts: true, browserName: chrome, browserVersion: 121.0.6167.86, chrome: {chromedriverVersion: 121.0.6167.85 (3f98d690ad7e..., userDataDir: C:\Users\dP-PL\AppData\Loca...}, fedcm:accounts: true, goog:chromeOptions: {debuggerAddress: localhost:55824}, javascriptEnabled: true, networkConnectionEnabled: false, pageLoadStrategy: normal, platform: WINDOWS, platformName: WINDOWS, proxy: Proxy(), setWindowRect: true, strictFileInteractability: false, timeouts: {implicit: 0, pageLoad: 300000, script: 30000}, unhandledPromptBehavior: dismiss and notify, webauthn:extension:credBlob: true, webauthn:extension:largeBlob: true, webauthn:extension:minPinLength: true, webauthn:extension:prf: true, webauthn:virtualAuthenticators: true}
Session ID: e5e3d20ecd4947491b936a0f47975d85
2024-01-25 22:41:56,117 [main] INFO  base.BaseClass - Trying to find Element By {by.toString()})
2024-01-25 22:41:56,140 [main] INFO  base.BaseClass - Found Element By {by.toString()}
2024-01-25 22:41:56,161 [main] INFO  base.BaseClass - Trying to find Element By {by.toString()})
2024-01-25 22:41:56,179 [main] INFO  base.BaseClass - Found Element By {by.toString()}
Mc count pending build 7
2024-01-25 22:41:56,382 [main] INFO  base.BaseClass - Trying to find Element By {by.toString()})
2024-01-25 22:41:56,399 [main] INFO  base.BaseClass - Found Element By {by.toString()}
2024-01-25 22:41:56,939 [main] INFO  base.BaseClass - Trying to find Element By {by.toString()})
2024-01-25 22:41:56,962 [main] INFO  base.BaseClass - Found Element By {by.toString()}
2024-01-25 22:41:57,491 [main] INFO  base.BaseClass - Trying to find Element By {by.toString()})
2024-01-25 22:41:57,511 [main] INFO  base.BaseClass - Found Element By {by.toString()}
2024-01-25 22:41:58,041 [main] INFO  base.BaseClass - Trying to find Element By {by.toString()})
2024-01-25 22:41:58,062 [main] INFO  base.BaseClass - Found Element By {by.toString()}
2024-01-25 22:41:58,605 [main] INFO  base.BaseClass - Trying to find Element By {by.toString()})
2024-01-25 22:41:58,626 [main] INFO  base.BaseClass - Found Element By {by.toString()}
2024-01-25 22:41:59,157 [main] INFO  base.BaseClass - Trying to find Element By {by.toString()})
2024-01-25 22:41:59,179 [main] INFO  base.BaseClass - Found Element By {by.toString()}
2024-01-25 22:41:59,708 [main] INFO  base.BaseClass - Trying to find Element By {by.toString()})
2024-01-25 22:41:59,730 [main] INFO  base.BaseClass - Found Element By {by.toString()}
2024-01-25 22:42:00,274 [main] INFO  base.BaseClass - Trying to find Element By {by.toString()})
2024-01-25 22:42:00,384 [main] INFO  base.BaseClass - Found Element By {by.toString()}
2024-01-25 22:42:00,932 [main] INFO  base.BaseClass - Trying to find Element By {by.toString()})
2024-01-25 22:42:00,947 [main] INFO  base.BaseClass - Found Element By {by.toString()}
2024-01-25 22:42:01,482 [main] INFO  base.BaseClass - Trying to find Element By {by.toString()})
2024-01-25 22:42:01,507 [main] INFO  base.BaseClass - Found Element By {by.toString()}
2024-01-25 22:42:02,049 [main] INFO  base.BaseClass - Trying to find Element By {by.toString()})
2024-01-25 22:42:02,072 [main] INFO  base.BaseClass - Found Element By {by.toString()}
2024-01-25 22:42:02,611 [main] INFO  base.BaseClass - Trying to find Element By {by.toString()})
2024-01-25 22:42:02,635 [main] INFO  base.BaseClass - Found Element By {by.toString()}
2024-01-25 22:42:03,174 [main] INFO  base.BaseClass - Trying to find Element By {by.toString()})
2024-01-25 22:42:03,198 [main] INFO  base.BaseClass - Found Element By {by.toString()}
2024-01-25 22:42:03,740 [main] INFO  base.BaseClass - Trying to find Element By {by.toString()})
2024-01-25 22:42:03,763 [main] INFO  base.BaseClass - Found Element By {by.toString()}
2024-01-25 22:42:04,303 [main] INFO  base.BaseClass - Trying to find Element By {by.toString()})
2024-01-25 22:42:04,326 [main] INFO  base.BaseClass - Found Element By {by.toString()}
2024-01-25 22:42:04,872 [main] INFO  base.BaseClass - Trying to find Element By {by.toString()})
2024-01-25 22:42:04,895 [main] INFO  base.BaseClass - Found Element By {by.toString()}
2024-01-25 22:42:05,439 [main] INFO  base.BaseClass - Trying to find Element By {by.toString()})
2024-01-25 22:42:05,462 [main] INFO  base.BaseClass - Found Element By {by.toString()}
2024-01-25 22:42:06,004 [main] INFO  base.BaseClass - Trying to find Element By {by.toString()})
2024-01-25 22:42:06,028 [main] INFO  base.BaseClass - Found Element By {by.toString()}
2024-01-25 22:42:06,570 [main] INFO  base.BaseClass - Trying to find Element By {by.toString()})
2024-01-25 22:42:06,591 [main] INFO  base.BaseClass - Found Element By {by.toString()}
2024-01-25 22:42:07,133 [main] INFO  base.BaseClass - Trying to find Element By {by.toString()})
2024-01-25 22:42:07,154 [main] INFO  base.BaseClass - Found Element By {by.toString()}
2024-01-25 22:42:07,698 [main] INFO  base.BaseClass - Trying to find Element By {by.toString()})
2024-01-25 22:42:07,722 [main] INFO  base.BaseClass - Found Element By {by.toString()}
2024-01-25 22:42:08,265 [main] INFO  base.BaseClass - Trying to find Element By {by.toString()})
2024-01-25 22:42:08,287 [main] INFO  base.BaseClass - Found Element By {by.toString()}
2024-01-25 22:42:08,828 [main] INFO  base.BaseClass - Trying to find Element By {by.toString()})
2024-01-25 22:42:08,851 [main] INFO  base.BaseClass - Found Element By {by.toString()}
2024-01-25 22:42:09,377 [main] INFO  base.BaseClass - Trying to find Element By {by.toString()})
2024-01-25 22:42:09,395 [main] INFO  base.BaseClass - Found Element By {by.toString()}
2024-01-25 22:42:09,929 [main] INFO  base.BaseClass - Trying to find Element By {by.toString()})
2024-01-25 22:42:09,951 [main] INFO  base.BaseClass - Found Element By {by.toString()}
2024-01-25 22:42:10,494 [main] INFO  base.BaseClass - Trying to find Element By {by.toString()})
2024-01-25 22:42:10,517 [main] INFO  base.BaseClass - Found Element By {by.toString()}
2024-01-25 22:42:11,060 [main] INFO  base.BaseClass - Trying to find Element By {by.toString()})
2024-01-25 22:42:11,082 [main] INFO  base.BaseClass - Found Element By {by.toString()}
2024-01-25 22:42:11,627 [main] INFO  base.BaseClass - Trying to find Element By {by.toString()})
2024-01-25 22:42:11,649 [main] INFO  base.BaseClass - Found Element By {by.toString()}
2024-01-25 22:42:12,192 [main] INFO  base.BaseClass - Trying to find Element By {by.toString()})
2024-01-25 22:42:12,215 [main] INFO  base.BaseClass - Found Element By {by.toString()}
2024-01-25 22:42:12,756 [main] INFO  base.BaseClass - Trying to find Element By {by.toString()})
2024-01-25 22:42:12,773 [main] INFO  base.BaseClass - Found Element By {by.toString()}
2024-01-25 22:42:13,306 [main] INFO  base.BaseClass - Trying to find Element By {by.toString()})
2024-01-25 22:42:13,327 [main] INFO  base.BaseClass - Found Element By {by.toString()}
2024-01-25 22:42:13,860 [main] INFO  base.BaseClass - Trying to find Element By {by.toString()})
2024-01-25 22:42:13,883 [main] INFO  base.BaseClass - Found Element By {by.toString()}
2024-01-25 22:42:14,424 [main] INFO  base.BaseClass - Trying to find Element By {by.toString()})
2024-01-25 22:42:14,447 [main] INFO  base.BaseClass - Found Element By {by.toString()}
2024-01-25 22:42:14,990 [main] INFO  base.BaseClass - Trying to find Element By {by.toString()})
2024-01-25 22:42:15,012 [main] INFO  base.BaseClass - Found Element By {by.toString()}
2024-01-25 22:42:15,557 [main] INFO  base.BaseClass - Trying to find Element By {by.toString()})
2024-01-25 22:42:15,580 [main] INFO  base.BaseClass - Found Element By {by.toString()}
2024-01-25 22:42:16,119 [main] INFO  base.BaseClass - Trying to find Element By {by.toString()})
2024-01-25 22:42:16,141 [main] INFO  base.BaseClass - Found Element By {by.toString()}
2024-01-25 22:42:16,682 [main] INFO  base.BaseClass - Trying to find Element By {by.toString()})
2024-01-25 22:42:16,702 [main] INFO  base.BaseClass - Found Element By {by.toString()}
2024-01-25 22:42:17,244 [main] INFO  base.BaseClass - Trying to find Element By {by.toString()})
2024-01-25 22:42:17,267 [main] INFO  base.BaseClass - Found Element By {by.toString()}
2024-01-25 22:42:17,810 [main] INFO  base.BaseClass - Trying to find Element By {by.toString()})
2024-01-25 22:42:17,832 [main] INFO  base.BaseClass - Found Element By {by.toString()}
2024-01-25 22:42:18,376 [main] INFO  base.BaseClass - Trying to find Element By {by.toString()})
2024-01-25 22:42:18,399 [main] INFO  base.BaseClass - Found Element By {by.toString()}
2024-01-25 22:42:18,941 [main] INFO  base.BaseClass - Trying to find Element By {by.toString()})
2024-01-25 22:42:18,963 [main] INFO  base.BaseClass - Found Element By {by.toString()}
2024-01-25 22:42:19,490 [main] INFO  base.BaseClass - Trying to find Element By {by.toString()})
2024-01-25 22:42:19,513 [main] INFO  base.BaseClass - Found Element By {by.toString()}
2024-01-25 22:42:20,056 [main] INFO  base.BaseClass - Trying to find Element By {by.toString()})
2024-01-25 22:42:20,078 [main] INFO  base.BaseClass - Found Element By {by.toString()}
2024-01-25 22:42:20,622 [main] INFO  base.BaseClass - Trying to find Element By {by.toString()})
2024-01-25 22:42:20,644 [main] INFO  base.BaseClass - Found Element By {by.toString()}
2024-01-25 22:42:21,174 [main] INFO  base.BaseClass - Trying to find Element By {by.toString()})
2024-01-25 22:42:21,197 [main] INFO  base.BaseClass - Found Element By {by.toString()}
2024-01-25 22:42:21,740 [main] INFO  base.BaseClass - Trying to find Element By {by.toString()})
2024-01-25 22:42:21,763 [main] INFO  base.BaseClass - Found Element By {by.toString()}
2024-01-25 22:42:22,306 [main] INFO  base.BaseClass - Trying to find Element By {by.toString()})
2024-01-25 22:42:22,328 [main] INFO  base.BaseClass - Found Element By {by.toString()}
2024-01-25 22:42:22,858 [main] INFO  base.BaseClass - Trying to find Element By {by.toString()})
2024-01-25 22:42:22,881 [main] INFO  base.BaseClass - Found Element By {by.toString()}
2024-01-25 22:42:23,422 [main] INFO  base.BaseClass - Trying to find Element By {by.toString()})
2024-01-25 22:42:23,446 [main] INFO  base.BaseClass - Found Element By {by.toString()}
2024-01-25 22:42:23,986 [main] INFO  base.BaseClass - Trying to find Element By {by.toString()})
2024-01-25 22:42:24,008 [main] INFO  base.BaseClass - Found Element By {by.toString()}
2024-01-25 22:42:24,549 [main] INFO  base.BaseClass - Trying to find Element By {by.toString()})
2024-01-25 22:42:24,573 [main] INFO  base.BaseClass - Found Element By {by.toString()}
2024-01-25 22:42:25,113 [main] INFO  base.BaseClass - Trying to find Element By {by.toString()})
2024-01-25 22:42:25,134 [main] INFO  base.BaseClass - Found Element By {by.toString()}
2024-01-25 22:42:25,677 [main] INFO  base.BaseClass - Trying to find Element By {by.toString()})
2024-01-25 22:42:25,699 [main] INFO  base.BaseClass - Found Element By {by.toString()}
2024-01-25 22:42:26,242 [main] INFO  base.BaseClass - Trying to find Element By {by.toString()})
2024-01-25 22:42:26,264 [main] INFO  base.BaseClass - Found Element By {by.toString()}
2024-01-25 22:42:26,807 [main] INFO  base.BaseClass - Trying to find Element By {by.toString()})
2024-01-25 22:42:26,830 [main] INFO  base.BaseClass - Found Element By {by.toString()}
TimeoutException occurred: Expected condition failed: waiting for helper.WaitUtility$5@3fa5da9e (tried for 30 second(s) with 500 milliseconds interval)
Build info: version: '3.141.59', revision: 'e82be7d358', time: '2018-11-14T08:17:03'
System info: host: 'DPLAP166', ip: '137.237.3.67', os.name: 'Windows 10', os.arch: 'amd64', os.version: '10.0', java.version: '19.0.1'
Driver info: org.openqa.selenium.support.events.EventFiringWebDriver
Capabilities {acceptInsecureCerts: true, browserName: chrome, browserVersion: 121.0.6167.86, chrome: {chromedriverVersion: 121.0.6167.85 (3f98d690ad7e..., userDataDir: C:\Users\dP-PL\AppData\Loca...}, fedcm:accounts: true, goog:chromeOptions: {debuggerAddress: localhost:55824}, javascriptEnabled: true, networkConnectionEnabled: false, pageLoadStrategy: normal, platform: WINDOWS, platformName: WINDOWS, proxy: Proxy(), setWindowRect: true, strictFileInteractability: false, timeouts: {implicit: 0, pageLoad: 300000, script: 30000}, unhandledPromptBehavior: dismiss and notify, webauthn:extension:credBlob: true, webauthn:extension:largeBlob: true, webauthn:extension:minPinLength: true, webauthn:extension:prf: true, webauthn:virtualAuthenticators: true}
Session ID: e5e3d20ecd4947491b936a0f47975d85
2024-01-25 22:42:26,861 [main] ERROR XGLT_15177_Test - Element did not become visible within the specified time: Expected condition failed: waiting for helper.WaitUtility$5@3fa5da9e (tried for 30 second(s) with 500 milliseconds interval)
Build info: version: '3.141.59', revision: 'e82be7d358', time: '2018-11-14T08:17:03'
System info: host: 'DPLAP166', ip: '137.237.3.67', os.name: 'Windows 10', os.arch: 'amd64', os.version: '10.0', java.version: '19.0.1'
Driver info: org.openqa.selenium.support.events.EventFiringWebDriver
Capabilities {acceptInsecureCerts: true, browserName: chrome, browserVersion: 121.0.6167.86, chrome: {chromedriverVersion: 121.0.6167.85 (3f98d690ad7e..., userDataDir: C:\Users\dP-PL\AppData\Loca...}, fedcm:accounts: true, goog:chromeOptions: {debuggerAddress: localhost:55824}, javascriptEnabled: true, networkConnectionEnabled: false, pageLoadStrategy: normal, platform: WINDOWS, platformName: WINDOWS, proxy: Proxy(), setWindowRect: true, strictFileInteractability: false, timeouts: {implicit: 0, pageLoad: 300000, script: 30000}, unhandledPromptBehavior: dismiss and notify, webauthn:extension:credBlob: true, webauthn:extension:largeBlob: true, webauthn:extension:minPinLength: true, webauthn:extension:prf: true, webauthn:virtualAuthenticators: true}
Session ID: e5e3d20ecd4947491b936a0f47975d85
2024-01-25 22:42:26,861 [main] INFO  base.BaseClass - Trying to find Element By {by.toString()})
2024-01-25 22:42:26,881 [main] INFO  base.BaseClass - Found Element By {by.toString()}
2024-01-25 22:42:26,881 [main] INFO  base.BaseClass - Trying to click on: {element.toString()}
2024-01-25 22:42:27,007 [main] INFO  base.BaseClass - Clicked on: {element.toString()}
2024-01-25 22:42:27,007 [main] INFO  base.BaseClass - Trying to find Element By {by.toString()})
TimeoutException occurred: Expected condition failed: waiting for helper.WaitUtility$2@5ee34e61 (tried for 50 second(s) with 500 milliseconds interval)
2024-01-25 22:43:17,051 [main] ERROR XGLT_15177_Test - Element did not become visible within the specified time: Expected condition failed: waiting for helper.WaitUtility$2@5ee34e61 (tried for 50 second(s) with 500 milliseconds interval)
2024-01-25 22:43:17,051 [main] INFO  base.BaseClass - Trying to find Element By {by.toString()})
CustomDatePB failed!
]]></system-out>
  </testcase>
  <testcase name="MCsetUser" classname="XGLT_6692_Test" time="427.711">
    <system-out><![CDATA[2024-01-25 22:44:07,264 [main] INFO  XGLT_15177_Test - closing up browser
2024-01-25 22:44:08,074 [main] INFO  base.BaseClass - Login to XGL
2024-01-25 22:44:08,074 [main] INFO  XGLT_15177_Test - Setting up browser
2024-01-25 22:44:09,706 [main] INFO  io.github.bonigarcia.wdm.WebDriverManager - Using chromedriver 121.0.6167.85 (resolved driver for Chrome 121)
2024-01-25 22:44:09,716 [main] INFO  io.github.bonigarcia.wdm.WebDriverManager - Exporting webdriver.chrome.driver as C:\Users\dP-PL\.cache\selenium\chromedriver\win64\121.0.6167.85\chromedriver.exe
2024-01-25 22:44:10,734 [main] INFO  base.BaseClass - Before navigating to {url}
2024-01-25 22:44:19,133 [main] INFO  base.BaseClass - Navigated to {url}
2024-01-25 22:44:19,566 [main] INFO  base.BaseClass - Trying to find Element By {by.toString()})
2024-01-25 22:44:19,579 [main] INFO  base.BaseClass - Found Element By {by.toString()}
2024-01-25 22:44:19,626 [main] INFO  base.BaseClass - Trying to find Element By {by.toString()})
2024-01-25 22:44:19,638 [main] INFO  base.BaseClass - Found Element By {by.toString()}
2024-01-25 22:44:19,732 [main] INFO  base.BaseClass - Trying to find Element By {by.toString()})
2024-01-25 22:44:19,743 [main] INFO  base.BaseClass - Found Element By {by.toString()}
2024-01-25 22:44:19,743 [main] INFO  base.BaseClass - Trying to click on: {element.toString()}
2024-01-25 22:44:19,831 [main] INFO  base.BaseClass - Clicked on: {element.toString()}
2024-01-25 22:44:19,831 [main] INFO  base.BaseClass - Trying to find Element By {by.toString()})
2024-01-25 22:44:24,055 [main] INFO  base.BaseClass - Found Element By {by.toString()}
2024-01-25 22:44:24,077 [main] INFO  base.BaseClass - Trying to find Element By {by.toString()})
NoSuchElementException occurred: no such element: Unable to locate element: {"method":"xpath","selector":"//div[@class='modal-content']/div/i[contains(@class,'close')]"}
  (Session info: chrome=121.0.6167.86)
For documentation on this error, please visit: https://www.seleniumhq.org/exceptions/no_such_element.html
Build info: version: '3.141.59', revision: 'e82be7d358', time: '2018-11-14T08:17:03'
System info: host: 'DPLAP166', ip: '137.237.3.67', os.name: 'Windows 10', os.arch: 'amd64', os.version: '10.0', java.version: '19.0.1'
Driver info: org.openqa.selenium.chrome.ChromeDriver
Capabilities {acceptInsecureCerts: true, browserName: chrome, browserVersion: 121.0.6167.86, chrome: {chromedriverVersion: 121.0.6167.85 (3f98d690ad7e..., userDataDir: C:\Users\dP-PL\AppData\Loca...}, fedcm:accounts: true, goog:chromeOptions: {debuggerAddress: localhost:55925}, javascriptEnabled: true, networkConnectionEnabled: false, pageLoadStrategy: normal, platform: WINDOWS, platformName: WINDOWS, proxy: Proxy(), setWindowRect: true, strictFileInteractability: false, timeouts: {implicit: 0, pageLoad: 300000, script: 30000}, unhandledPromptBehavior: dismiss and notify, webauthn:extension:credBlob: true, webauthn:extension:largeBlob: true, webauthn:extension:minPinLength: true, webauthn:extension:prf: true, webauthn:virtualAuthenticators: true}
Session ID: 251df78ecdf877c83d7f6c97df5078bc
*** Element info: {Using=xpath, value=//div[@class='modal-content']/div/i[contains(@class,'close')]}
Before method Test name: Maintainance Tests
MCsetUser started!
2024-01-25 22:45:14,099 [main] INFO  base.BaseClass - Trying to find Element By {by.toString()})
2024-01-25 22:45:14,131 [main] INFO  base.BaseClass - Found Element By {by.toString()}
2024-01-25 22:45:14,671 [main] INFO  base.BaseClass - Trying to find Element By {by.toString()})
2024-01-25 22:45:14,692 [main] INFO  base.BaseClass - Found Element By {by.toString()}
2024-01-25 22:45:15,236 [main] INFO  base.BaseClass - Trying to find Element By {by.toString()})
2024-01-25 22:45:15,256 [main] INFO  base.BaseClass - Found Element By {by.toString()}
2024-01-25 22:45:15,789 [main] INFO  base.BaseClass - Trying to find Element By {by.toString()})
2024-01-25 22:45:15,810 [main] INFO  base.BaseClass - Found Element By {by.toString()}
2024-01-25 22:45:16,355 [main] INFO  base.BaseClass - Trying to find Element By {by.toString()})
2024-01-25 22:45:16,377 [main] INFO  base.BaseClass - Found Element By {by.toString()}
2024-01-25 22:45:16,923 [main] INFO  base.BaseClass - Trying to find Element By {by.toString()})
2024-01-25 22:45:16,945 [main] INFO  base.BaseClass - Found Element By {by.toString()}
2024-01-25 22:45:17,489 [main] INFO  base.BaseClass - Trying to find Element By {by.toString()})
2024-01-25 22:45:17,510 [main] INFO  base.BaseClass - Found Element By {by.toString()}
2024-01-25 22:45:18,052 [main] INFO  base.BaseClass - Trying to find Element By {by.toString()})
2024-01-25 22:45:18,074 [main] INFO  base.BaseClass - Found Element By {by.toString()}
2024-01-25 22:45:18,617 [main] INFO  base.BaseClass - Trying to find Element By {by.toString()})
2024-01-25 22:45:18,639 [main] INFO  base.BaseClass - Found Element By {by.toString()}
2024-01-25 22:45:19,182 [main] INFO  base.BaseClass - Trying to find Element By {by.toString()})
2024-01-25 22:45:19,204 [main] INFO  base.BaseClass - Found Element By {by.toString()}
2024-01-25 22:45:19,746 [main] INFO  base.BaseClass - Trying to find Element By {by.toString()})
2024-01-25 22:45:19,766 [main] INFO  base.BaseClass - Found Element By {by.toString()}
2024-01-25 22:45:20,297 [main] INFO  base.BaseClass - Trying to find Element By {by.toString()})
2024-01-25 22:45:20,319 [main] INFO  base.BaseClass - Found Element By {by.toString()}
2024-01-25 22:45:20,860 [main] INFO  base.BaseClass - Trying to find Element By {by.toString()})
2024-01-25 22:45:20,873 [main] INFO  base.BaseClass - Found Element By {by.toString()}
2024-01-25 22:45:21,414 [main] INFO  base.BaseClass - Trying to find Element By {by.toString()})
2024-01-25 22:45:21,437 [main] INFO  base.BaseClass - Found Element By {by.toString()}
2024-01-25 22:45:21,979 [main] INFO  base.BaseClass - Trying to find Element By {by.toString()})
2024-01-25 22:45:22,002 [main] INFO  base.BaseClass - Found Element By {by.toString()}
2024-01-25 22:45:22,546 [main] INFO  base.BaseClass - Trying to find Element By {by.toString()})
2024-01-25 22:45:22,568 [main] INFO  base.BaseClass - Found Element By {by.toString()}
2024-01-25 22:45:23,096 [main] INFO  base.BaseClass - Trying to find Element By {by.toString()})
2024-01-25 22:45:23,119 [main] INFO  base.BaseClass - Found Element By {by.toString()}
2024-01-25 22:45:23,661 [main] INFO  base.BaseClass - Trying to find Element By {by.toString()})
2024-01-25 22:45:23,683 [main] INFO  base.BaseClass - Found Element By {by.toString()}
2024-01-25 22:45:24,227 [main] INFO  base.BaseClass - Trying to find Element By {by.toString()})
2024-01-25 22:45:24,249 [main] INFO  base.BaseClass - Found Element By {by.toString()}
2024-01-25 22:45:24,793 [main] INFO  base.BaseClass - Trying to find Element By {by.toString()})
2024-01-25 22:45:24,817 [main] INFO  base.BaseClass - Found Element By {by.toString()}
2024-01-25 22:45:25,358 [main] INFO  base.BaseClass - Trying to find Element By {by.toString()})
2024-01-25 22:45:25,380 [main] INFO  base.BaseClass - Found Element By {by.toString()}
2024-01-25 22:45:25,908 [main] INFO  base.BaseClass - Trying to find Element By {by.toString()})
2024-01-25 22:45:25,930 [main] INFO  base.BaseClass - Found Element By {by.toString()}
2024-01-25 22:45:26,475 [main] INFO  base.BaseClass - Trying to find Element By {by.toString()})
2024-01-25 22:45:26,497 [main] INFO  base.BaseClass - Found Element By {by.toString()}
2024-01-25 22:45:27,041 [main] INFO  base.BaseClass - Trying to find Element By {by.toString()})
2024-01-25 22:45:27,058 [main] INFO  base.BaseClass - Found Element By {by.toString()}
2024-01-25 22:45:27,593 [main] INFO  base.BaseClass - Trying to find Element By {by.toString()})
2024-01-25 22:45:27,614 [main] INFO  base.BaseClass - Found Element By {by.toString()}
2024-01-25 22:45:28,145 [main] INFO  base.BaseClass - Trying to find Element By {by.toString()})
2024-01-25 22:45:28,167 [main] INFO  base.BaseClass - Found Element By {by.toString()}
2024-01-25 22:45:28,709 [main] INFO  base.BaseClass - Trying to find Element By {by.toString()})
2024-01-25 22:45:28,731 [main] INFO  base.BaseClass - Found Element By {by.toString()}
2024-01-25 22:45:29,273 [main] INFO  base.BaseClass - Trying to find Element By {by.toString()})
2024-01-25 22:45:29,296 [main] INFO  base.BaseClass - Found Element By {by.toString()}
2024-01-25 22:45:29,839 [main] INFO  base.BaseClass - Trying to find Element By {by.toString()})
2024-01-25 22:45:29,862 [main] INFO  base.BaseClass - Found Element By {by.toString()}
2024-01-25 22:45:30,404 [main] INFO  base.BaseClass - Trying to find Element By {by.toString()})
2024-01-25 22:45:30,428 [main] INFO  base.BaseClass - Found Element By {by.toString()}
2024-01-25 22:45:30,968 [main] INFO  base.BaseClass - Trying to find Element By {by.toString()})
2024-01-25 22:45:30,991 [main] INFO  base.BaseClass - Found Element By {by.toString()}
2024-01-25 22:45:31,534 [main] INFO  base.BaseClass - Trying to find Element By {by.toString()})
2024-01-25 22:45:31,555 [main] INFO  base.BaseClass - Found Element By {by.toString()}
2024-01-25 22:45:32,099 [main] INFO  base.BaseClass - Trying to find Element By {by.toString()})
2024-01-25 22:45:32,122 [main] INFO  base.BaseClass - Found Element By {by.toString()}
2024-01-25 22:45:32,664 [main] INFO  base.BaseClass - Trying to find Element By {by.toString()})
2024-01-25 22:45:32,686 [main] INFO  base.BaseClass - Found Element By {by.toString()}
2024-01-25 22:45:33,229 [main] INFO  base.BaseClass - Trying to find Element By {by.toString()})
2024-01-25 22:45:33,252 [main] INFO  base.BaseClass - Found Element By {by.toString()}
2024-01-25 22:45:33,798 [main] INFO  base.BaseClass - Trying to find Element By {by.toString()})
2024-01-25 22:45:33,819 [main] INFO  base.BaseClass - Found Element By {by.toString()}
2024-01-25 22:45:34,366 [main] INFO  base.BaseClass - Trying to find Element By {by.toString()})
2024-01-25 22:45:34,388 [main] INFO  base.BaseClass - Found Element By {by.toString()}
2024-01-25 22:45:34,930 [main] INFO  base.BaseClass - Trying to find Element By {by.toString()})
2024-01-25 22:45:34,953 [main] INFO  base.BaseClass - Found Element By {by.toString()}
2024-01-25 22:45:35,493 [main] INFO  base.BaseClass - Trying to find Element By {by.toString()})
2024-01-25 22:45:35,515 [main] INFO  base.BaseClass - Found Element By {by.toString()}
2024-01-25 22:45:36,057 [main] INFO  base.BaseClass - Trying to find Element By {by.toString()})
2024-01-25 22:45:36,081 [main] INFO  base.BaseClass - Found Element By {by.toString()}
2024-01-25 22:45:36,623 [main] INFO  base.BaseClass - Trying to find Element By {by.toString()})
2024-01-25 22:45:36,645 [main] INFO  base.BaseClass - Found Element By {by.toString()}
2024-01-25 22:45:37,189 [main] INFO  base.BaseClass - Trying to find Element By {by.toString()})
2024-01-25 22:45:37,210 [main] INFO  base.BaseClass - Found Element By {by.toString()}
2024-01-25 22:45:37,754 [main] INFO  base.BaseClass - Trying to find Element By {by.toString()})
2024-01-25 22:45:37,776 [main] INFO  base.BaseClass - Found Element By {by.toString()}
2024-01-25 22:45:38,318 [main] INFO  base.BaseClass - Trying to find Element By {by.toString()})
2024-01-25 22:45:38,340 [main] INFO  base.BaseClass - Found Element By {by.toString()}
2024-01-25 22:45:38,885 [main] INFO  base.BaseClass - Trying to find Element By {by.toString()})
2024-01-25 22:45:38,904 [main] INFO  base.BaseClass - Found Element By {by.toString()}
2024-01-25 22:45:39,435 [main] INFO  base.BaseClass - Trying to find Element By {by.toString()})
2024-01-25 22:45:39,457 [main] INFO  base.BaseClass - Found Element By {by.toString()}
2024-01-25 22:45:39,987 [main] INFO  base.BaseClass - Trying to find Element By {by.toString()})
2024-01-25 22:45:40,009 [main] INFO  base.BaseClass - Found Element By {by.toString()}
2024-01-25 22:45:40,552 [main] INFO  base.BaseClass - Trying to find Element By {by.toString()})
2024-01-25 22:45:40,574 [main] INFO  base.BaseClass - Found Element By {by.toString()}
2024-01-25 22:45:41,115 [main] INFO  base.BaseClass - Trying to find Element By {by.toString()})
2024-01-25 22:45:41,283 [main] INFO  base.BaseClass - Found Element By {by.toString()}
2024-01-25 22:45:41,818 [main] INFO  base.BaseClass - Trying to find Element By {by.toString()})
2024-01-25 22:45:41,835 [main] INFO  base.BaseClass - Found Element By {by.toString()}
2024-01-25 22:45:42,367 [main] INFO  base.BaseClass - Trying to find Element By {by.toString()})
2024-01-25 22:45:42,390 [main] INFO  base.BaseClass - Found Element By {by.toString()}
2024-01-25 22:45:42,929 [main] INFO  base.BaseClass - Trying to find Element By {by.toString()})
2024-01-25 22:45:42,954 [main] INFO  base.BaseClass - Found Element By {by.toString()}
2024-01-25 22:45:43,505 [main] INFO  base.BaseClass - Trying to find Element By {by.toString()})
2024-01-25 22:45:43,529 [main] INFO  base.BaseClass - Found Element By {by.toString()}
2024-01-25 22:45:44,077 [main] INFO  base.BaseClass - Trying to find Element By {by.toString()})
2024-01-25 22:45:44,101 [main] INFO  base.BaseClass - Found Element By {by.toString()}
TimeoutException occurred: Expected condition failed: waiting for helper.WaitUtility$5@4b2a24b2 (tried for 30 second(s) with 500 milliseconds interval)
Build info: version: '3.141.59', revision: 'e82be7d358', time: '2018-11-14T08:17:03'
System info: host: 'DPLAP166', ip: '137.237.3.67', os.name: 'Windows 10', os.arch: 'amd64', os.version: '10.0', java.version: '19.0.1'
Driver info: org.openqa.selenium.support.events.EventFiringWebDriver
Capabilities {acceptInsecureCerts: true, browserName: chrome, browserVersion: 121.0.6167.86, chrome: {chromedriverVersion: 121.0.6167.85 (3f98d690ad7e..., userDataDir: C:\Users\dP-PL\AppData\Loca...}, fedcm:accounts: true, goog:chromeOptions: {debuggerAddress: localhost:55925}, javascriptEnabled: true, networkConnectionEnabled: false, pageLoadStrategy: normal, platform: WINDOWS, platformName: WINDOWS, proxy: Proxy(), setWindowRect: true, strictFileInteractability: false, timeouts: {implicit: 0, pageLoad: 300000, script: 30000}, unhandledPromptBehavior: dismiss and notify, webauthn:extension:credBlob: true, webauthn:extension:largeBlob: true, webauthn:extension:minPinLength: true, webauthn:extension:prf: true, webauthn:virtualAuthenticators: true}
Session ID: 251df78ecdf877c83d7f6c97df5078bc
2024-01-25 22:45:44,138 [main] ERROR XGLT_15177_Test - Element did not become visible within the specified time: Expected condition failed: waiting for helper.WaitUtility$5@4b2a24b2 (tried for 30 second(s) with 500 milliseconds interval)
Build info: version: '3.141.59', revision: 'e82be7d358', time: '2018-11-14T08:17:03'
System info: host: 'DPLAP166', ip: '137.237.3.67', os.name: 'Windows 10', os.arch: 'amd64', os.version: '10.0', java.version: '19.0.1'
Driver info: org.openqa.selenium.support.events.EventFiringWebDriver
Capabilities {acceptInsecureCerts: true, browserName: chrome, browserVersion: 121.0.6167.86, chrome: {chromedriverVersion: 121.0.6167.85 (3f98d690ad7e..., userDataDir: C:\Users\dP-PL\AppData\Loca...}, fedcm:accounts: true, goog:chromeOptions: {debuggerAddress: localhost:55925}, javascriptEnabled: true, networkConnectionEnabled: false, pageLoadStrategy: normal, platform: WINDOWS, platformName: WINDOWS, proxy: Proxy(), setWindowRect: true, strictFileInteractability: false, timeouts: {implicit: 0, pageLoad: 300000, script: 30000}, unhandledPromptBehavior: dismiss and notify, webauthn:extension:credBlob: true, webauthn:extension:largeBlob: true, webauthn:extension:minPinLength: true, webauthn:extension:prf: true, webauthn:virtualAuthenticators: true}
Session ID: 251df78ecdf877c83d7f6c97df5078bc
2024-01-25 22:45:44,139 [main] INFO  base.BaseClass - Trying to find Element By {by.toString()})
2024-01-25 22:45:44,162 [main] INFO  base.BaseClass - Found Element By {by.toString()}
2024-01-25 22:45:44,251 [main] INFO  base.BaseClass - Trying to find Element By {by.toString()})
2024-01-25 22:45:44,260 [main] INFO  base.BaseClass - Found Element By {by.toString()}
2024-01-25 22:45:44,268 [main] INFO  base.BaseClass - Trying to find Element By {by.toString()})
2024-01-25 22:45:44,278 [main] INFO  base.BaseClass - Found Element By {by.toString()}
2024-01-25 22:45:44,285 [main] INFO  base.BaseClass - Trying to find Element By {by.toString()})
2024-01-25 22:45:44,293 [main] INFO  base.BaseClass - Found Element By {by.toString()}
2024-01-25 22:45:44,807 [main] INFO  base.BaseClass - Trying to find Element By {by.toString()})
2024-01-25 22:45:44,832 [main] INFO  base.BaseClass - Found Element By {by.toString()}
2024-01-25 22:45:45,368 [main] INFO  base.BaseClass - Trying to find Element By {by.toString()})
2024-01-25 22:45:45,392 [main] INFO  base.BaseClass - Found Element By {by.toString()}
2024-01-25 22:45:45,924 [main] INFO  base.BaseClass - Trying to find Element By {by.toString()})
2024-01-25 22:45:45,941 [main] INFO  base.BaseClass - Found Element By {by.toString()}
2024-01-25 22:45:46,479 [main] INFO  base.BaseClass - Trying to find Element By {by.toString()})
2024-01-25 22:45:46,490 [main] INFO  base.BaseClass - Found Element By {by.toString()}
2024-01-25 22:45:47,021 [main] INFO  base.BaseClass - Trying to find Element By {by.toString()})
2024-01-25 22:45:47,040 [main] INFO  base.BaseClass - Found Element By {by.toString()}
2024-01-25 22:45:47,566 [main] INFO  base.BaseClass - Trying to find Element By {by.toString()})
2024-01-25 22:45:47,591 [main] INFO  base.BaseClass - Found Element By {by.toString()}
2024-01-25 22:45:48,128 [main] INFO  base.BaseClass - Trying to find Element By {by.toString()})
2024-01-25 22:45:48,153 [main] INFO  base.BaseClass - Found Element By {by.toString()}
2024-01-25 22:45:48,683 [main] INFO  base.BaseClass - Trying to find Element By {by.toString()})
2024-01-25 22:45:48,699 [main] INFO  base.BaseClass - Found Element By {by.toString()}
2024-01-25 22:45:49,224 [main] INFO  base.BaseClass - Trying to find Element By {by.toString()})
2024-01-25 22:45:49,236 [main] INFO  base.BaseClass - Found Element By {by.toString()}
2024-01-25 22:45:49,770 [main] INFO  base.BaseClass - Trying to find Element By {by.toString()})
2024-01-25 22:45:49,795 [main] INFO  base.BaseClass - Found Element By {by.toString()}
2024-01-25 22:45:50,325 [main] INFO  base.BaseClass - Trying to find Element By {by.toString()})
2024-01-25 22:45:50,336 [main] INFO  base.BaseClass - Found Element By {by.toString()}
2024-01-25 22:45:50,854 [main] INFO  base.BaseClass - Trying to find Element By {by.toString()})
2024-01-25 22:45:50,872 [main] INFO  base.BaseClass - Found Element By {by.toString()}
2024-01-25 22:45:51,411 [main] INFO  base.BaseClass - Trying to find Element By {by.toString()})
2024-01-25 22:45:51,433 [main] INFO  base.BaseClass - Found Element By {by.toString()}
2024-01-25 22:45:51,970 [main] INFO  base.BaseClass - Trying to find Element By {by.toString()})
2024-01-25 22:45:51,985 [main] INFO  base.BaseClass - Found Element By {by.toString()}
2024-01-25 22:45:52,510 [main] INFO  base.BaseClass - Trying to find Element By {by.toString()})
2024-01-25 22:45:52,529 [main] INFO  base.BaseClass - Found Element By {by.toString()}
2024-01-25 22:45:53,052 [main] INFO  base.BaseClass - Trying to find Element By {by.toString()})
2024-01-25 22:45:53,076 [main] INFO  base.BaseClass - Found Element By {by.toString()}
2024-01-25 22:45:53,614 [main] INFO  base.BaseClass - Trying to find Element By {by.toString()})
2024-01-25 22:45:53,628 [main] INFO  base.BaseClass - Found Element By {by.toString()}
2024-01-25 22:45:54,158 [main] INFO  base.BaseClass - Trying to find Element By {by.toString()})
2024-01-25 22:45:54,183 [main] INFO  base.BaseClass - Found Element By {by.toString()}
2024-01-25 22:45:54,721 [main] INFO  base.BaseClass - Trying to find Element By {by.toString()})
2024-01-25 22:45:54,745 [main] INFO  base.BaseClass - Found Element By {by.toString()}
2024-01-25 22:45:55,282 [main] INFO  base.BaseClass - Trying to find Element By {by.toString()})
2024-01-25 22:45:55,311 [main] INFO  base.BaseClass - Found Element By {by.toString()}
2024-01-25 22:45:55,842 [main] INFO  base.BaseClass - Trying to find Element By {by.toString()})
2024-01-25 22:45:55,868 [main] INFO  base.BaseClass - Found Element By {by.toString()}
2024-01-25 22:45:56,410 [main] INFO  base.BaseClass - Trying to find Element By {by.toString()})
2024-01-25 22:45:56,428 [main] INFO  base.BaseClass - Found Element By {by.toString()}
2024-01-25 22:45:56,946 [main] INFO  base.BaseClass - Trying to find Element By {by.toString()})
2024-01-25 22:45:56,961 [main] INFO  base.BaseClass - Found Element By {by.toString()}
2024-01-25 22:45:57,497 [main] INFO  base.BaseClass - Trying to find Element By {by.toString()})
2024-01-25 22:45:57,521 [main] INFO  base.BaseClass - Found Element By {by.toString()}
2024-01-25 22:45:58,063 [main] INFO  base.BaseClass - Trying to find Element By {by.toString()})
2024-01-25 22:45:58,087 [main] INFO  base.BaseClass - Found Element By {by.toString()}
2024-01-25 22:45:58,630 [main] INFO  base.BaseClass - Trying to find Element By {by.toString()})
2024-01-25 22:45:58,653 [main] INFO  base.BaseClass - Found Element By {by.toString()}
2024-01-25 22:45:59,194 [main] INFO  base.BaseClass - Trying to find Element By {by.toString()})
2024-01-25 22:45:59,214 [main] INFO  base.BaseClass - Found Element By {by.toString()}
2024-01-25 22:45:59,745 [main] INFO  base.BaseClass - Trying to find Element By {by.toString()})
2024-01-25 22:45:59,768 [main] INFO  base.BaseClass - Found Element By {by.toString()}
2024-01-25 22:46:00,312 [main] INFO  base.BaseClass - Trying to find Element By {by.toString()})
2024-01-25 22:46:00,339 [main] INFO  base.BaseClass - Found Element By {by.toString()}
2024-01-25 22:46:00,891 [main] INFO  base.BaseClass - Trying to find Element By {by.toString()})
2024-01-25 22:46:00,905 [main] INFO  base.BaseClass - Found Element By {by.toString()}
2024-01-25 22:46:01,443 [main] INFO  base.BaseClass - Trying to find Element By {by.toString()})
2024-01-25 22:46:01,465 [main] INFO  base.BaseClass - Found Element By {by.toString()}
2024-01-25 22:46:01,992 [main] INFO  base.BaseClass - Trying to find Element By {by.toString()})
2024-01-25 22:46:02,015 [main] INFO  base.BaseClass - Found Element By {by.toString()}
2024-01-25 22:46:02,551 [main] INFO  base.BaseClass - Trying to find Element By {by.toString()})
2024-01-25 22:46:02,573 [main] INFO  base.BaseClass - Found Element By {by.toString()}
2024-01-25 22:46:03,116 [main] INFO  base.BaseClass - Trying to find Element By {by.toString()})
2024-01-25 22:46:03,132 [main] INFO  base.BaseClass - Found Element By {by.toString()}
2024-01-25 22:46:03,661 [main] INFO  base.BaseClass - Trying to find Element By {by.toString()})
2024-01-25 22:46:03,685 [main] INFO  base.BaseClass - Found Element By {by.toString()}
2024-01-25 22:46:04,211 [main] INFO  base.BaseClass - Trying to find Element By {by.toString()})
2024-01-25 22:46:04,233 [main] INFO  base.BaseClass - Found Element By {by.toString()}
2024-01-25 22:46:04,779 [main] INFO  base.BaseClass - Trying to find Element By {by.toString()})
2024-01-25 22:46:04,802 [main] INFO  base.BaseClass - Found Element By {by.toString()}
2024-01-25 22:46:05,330 [main] INFO  base.BaseClass - Trying to find Element By {by.toString()})
2024-01-25 22:46:05,354 [main] INFO  base.BaseClass - Found Element By {by.toString()}
2024-01-25 22:46:05,896 [main] INFO  base.BaseClass - Trying to find Element By {by.toString()})
2024-01-25 22:46:05,919 [main] INFO  base.BaseClass - Found Element By {by.toString()}
2024-01-25 22:46:06,457 [main] INFO  base.BaseClass - Trying to find Element By {by.toString()})
2024-01-25 22:46:06,480 [main] INFO  base.BaseClass - Found Element By {by.toString()}
2024-01-25 22:46:07,027 [main] INFO  base.BaseClass - Trying to find Element By {by.toString()})
2024-01-25 22:46:07,050 [main] INFO  base.BaseClass - Found Element By {by.toString()}
2024-01-25 22:46:07,593 [main] INFO  base.BaseClass - Trying to find Element By {by.toString()})
2024-01-25 22:46:07,616 [main] INFO  base.BaseClass - Found Element By {by.toString()}
2024-01-25 22:46:08,156 [main] INFO  base.BaseClass - Trying to find Element By {by.toString()})
2024-01-25 22:46:08,176 [main] INFO  base.BaseClass - Found Element By {by.toString()}
2024-01-25 22:46:08,720 [main] INFO  base.BaseClass - Trying to find Element By {by.toString()})
2024-01-25 22:46:08,743 [main] INFO  base.BaseClass - Found Element By {by.toString()}
2024-01-25 22:46:09,285 [main] INFO  base.BaseClass - Trying to find Element By {by.toString()})
2024-01-25 22:46:09,306 [main] INFO  base.BaseClass - Found Element By {by.toString()}
2024-01-25 22:46:09,852 [main] INFO  base.BaseClass - Trying to find Element By {by.toString()})
2024-01-25 22:46:09,875 [main] INFO  base.BaseClass - Found Element By {by.toString()}
2024-01-25 22:46:10,419 [main] INFO  base.BaseClass - Trying to find Element By {by.toString()})
2024-01-25 22:46:10,427 [main] INFO  base.BaseClass - Found Element By {by.toString()}
2024-01-25 22:46:10,953 [main] INFO  base.BaseClass - Trying to find Element By {by.toString()})
2024-01-25 22:46:10,974 [main] INFO  base.BaseClass - Found Element By {by.toString()}
2024-01-25 22:46:11,515 [main] INFO  base.BaseClass - Trying to find Element By {by.toString()})
2024-01-25 22:46:11,536 [main] INFO  base.BaseClass - Found Element By {by.toString()}
2024-01-25 22:46:12,064 [main] INFO  base.BaseClass - Trying to find Element By {by.toString()})
2024-01-25 22:46:12,087 [main] INFO  base.BaseClass - Found Element By {by.toString()}
2024-01-25 22:46:12,628 [main] INFO  base.BaseClass - Trying to find Element By {by.toString()})
2024-01-25 22:46:12,649 [main] INFO  base.BaseClass - Found Element By {by.toString()}
2024-01-25 22:46:13,177 [main] INFO  base.BaseClass - Trying to find Element By {by.toString()})
2024-01-25 22:46:13,185 [main] INFO  base.BaseClass - Found Element By {by.toString()}
2024-01-25 22:46:13,701 [main] INFO  base.BaseClass - Trying to find Element By {by.toString()})
2024-01-25 22:46:13,710 [main] INFO  base.BaseClass - Found Element By {by.toString()}
2024-01-25 22:46:14,225 [main] INFO  base.BaseClass - Trying to find Element By {by.toString()})
2024-01-25 22:46:14,234 [main] INFO  base.BaseClass - Found Element By {by.toString()}
2024-01-25 22:46:14,760 [main] INFO  base.BaseClass - Trying to find Element By {by.toString()})
2024-01-25 22:46:14,787 [main] INFO  base.BaseClass - Found Element By {by.toString()}
TimeoutException occurred: Expected condition failed: waiting for helper.WaitUtility$5@185898eb (tried for 30 second(s) with 500 milliseconds interval)
Build info: version: '3.141.59', revision: 'e82be7d358', time: '2018-11-14T08:17:03'
System info: host: 'DPLAP166', ip: '137.237.3.67', os.name: 'Windows 10', os.arch: 'amd64', os.version: '10.0', java.version: '19.0.1'
Driver info: org.openqa.selenium.support.events.EventFiringWebDriver
Capabilities {acceptInsecureCerts: true, browserName: chrome, browserVersion: 121.0.6167.86, chrome: {chromedriverVersion: 121.0.6167.85 (3f98d690ad7e..., userDataDir: C:\Users\dP-PL\AppData\Loca...}, fedcm:accounts: true, goog:chromeOptions: {debuggerAddress: localhost:55925}, javascriptEnabled: true, networkConnectionEnabled: false, pageLoadStrategy: normal, platform: WINDOWS, platformName: WINDOWS, proxy: Proxy(), setWindowRect: true, strictFileInteractability: false, timeouts: {implicit: 0, pageLoad: 300000, script: 30000}, unhandledPromptBehavior: dismiss and notify, webauthn:extension:credBlob: true, webauthn:extension:largeBlob: true, webauthn:extension:minPinLength: true, webauthn:extension:prf: true, webauthn:virtualAuthenticators: true}
Session ID: 251df78ecdf877c83d7f6c97df5078bc
2024-01-25 22:46:14,823 [main] ERROR XGLT_15177_Test - Element did not become visible within the specified time: Expected condition failed: waiting for helper.WaitUtility$5@185898eb (tried for 30 second(s) with 500 milliseconds interval)
Build info: version: '3.141.59', revision: 'e82be7d358', time: '2018-11-14T08:17:03'
System info: host: 'DPLAP166', ip: '137.237.3.67', os.name: 'Windows 10', os.arch: 'amd64', os.version: '10.0', java.version: '19.0.1'
Driver info: org.openqa.selenium.support.events.EventFiringWebDriver
Capabilities {acceptInsecureCerts: true, browserName: chrome, browserVersion: 121.0.6167.86, chrome: {chromedriverVersion: 121.0.6167.85 (3f98d690ad7e..., userDataDir: C:\Users\dP-PL\AppData\Loca...}, fedcm:accounts: true, goog:chromeOptions: {debuggerAddress: localhost:55925}, javascriptEnabled: true, networkConnectionEnabled: false, pageLoadStrategy: normal, platform: WINDOWS, platformName: WINDOWS, proxy: Proxy(), setWindowRect: true, strictFileInteractability: false, timeouts: {implicit: 0, pageLoad: 300000, script: 30000}, unhandledPromptBehavior: dismiss and notify, webauthn:extension:credBlob: true, webauthn:extension:largeBlob: true, webauthn:extension:minPinLength: true, webauthn:extension:prf: true, webauthn:virtualAuthenticators: true}
Session ID: 251df78ecdf877c83d7f6c97df5078bc
2024-01-25 22:46:14,823 [main] INFO  base.BaseClass - Trying to find Element By {by.toString()})
2024-01-25 22:46:14,845 [main] INFO  base.BaseClass - Found Element By {by.toString()}
2024-01-25 22:46:14,901 [main] INFO  base.BaseClass - Trying to find Element By {by.toString()})
2024-01-25 22:46:14,928 [main] INFO  base.BaseClass - Found Element By {by.toString()}
2024-01-25 22:46:15,467 [main] INFO  base.BaseClass - Trying to find Element By {by.toString()})
2024-01-25 22:46:15,494 [main] INFO  base.BaseClass - Found Element By {by.toString()}
2024-01-25 22:46:16,033 [main] INFO  base.BaseClass - Trying to find Element By {by.toString()})
2024-01-25 22:46:16,054 [main] INFO  base.BaseClass - Found Element By {by.toString()}
2024-01-25 22:46:16,599 [main] INFO  base.BaseClass - Trying to find Element By {by.toString()})
2024-01-25 22:46:16,623 [main] INFO  base.BaseClass - Found Element By {by.toString()}
2024-01-25 22:46:17,167 [main] INFO  base.BaseClass - Trying to find Element By {by.toString()})
2024-01-25 22:46:17,189 [main] INFO  base.BaseClass - Found Element By {by.toString()}
2024-01-25 22:46:17,733 [main] INFO  base.BaseClass - Trying to find Element By {by.toString()})
2024-01-25 22:46:17,754 [main] INFO  base.BaseClass - Found Element By {by.toString()}
2024-01-25 22:46:18,298 [main] INFO  base.BaseClass - Trying to find Element By {by.toString()})
2024-01-25 22:46:18,320 [main] INFO  base.BaseClass - Found Element By {by.toString()}
2024-01-25 22:46:18,851 [main] INFO  base.BaseClass - Trying to find Element By {by.toString()})
2024-01-25 22:46:18,873 [main] INFO  base.BaseClass - Found Element By {by.toString()}
2024-01-25 22:46:19,416 [main] INFO  base.BaseClass - Trying to find Element By {by.toString()})
2024-01-25 22:46:19,436 [main] INFO  base.BaseClass - Found Element By {by.toString()}
2024-01-25 22:46:19,966 [main] INFO  base.BaseClass - Trying to find Element By {by.toString()})
2024-01-25 22:46:19,990 [main] INFO  base.BaseClass - Found Element By {by.toString()}
2024-01-25 22:46:20,532 [main] INFO  base.BaseClass - Trying to find Element By {by.toString()})
2024-01-25 22:46:20,554 [main] INFO  base.BaseClass - Found Element By {by.toString()}
2024-01-25 22:46:21,098 [main] INFO  base.BaseClass - Trying to find Element By {by.toString()})
2024-01-25 22:46:21,119 [main] INFO  base.BaseClass - Found Element By {by.toString()}
2024-01-25 22:46:21,664 [main] INFO  base.BaseClass - Trying to find Element By {by.toString()})
2024-01-25 22:46:21,684 [main] INFO  base.BaseClass - Found Element By {by.toString()}
2024-01-25 22:46:22,216 [main] INFO  base.BaseClass - Trying to find Element By {by.toString()})
2024-01-25 22:46:22,238 [main] INFO  base.BaseClass - Found Element By {by.toString()}
2024-01-25 22:46:22,781 [main] INFO  base.BaseClass - Trying to find Element By {by.toString()})
2024-01-25 22:46:22,803 [main] INFO  base.BaseClass - Found Element By {by.toString()}
2024-01-25 22:46:23,345 [main] INFO  base.BaseClass - Trying to find Element By {by.toString()})
2024-01-25 22:46:23,366 [main] INFO  base.BaseClass - Found Element By {by.toString()}
2024-01-25 22:46:23,897 [main] INFO  base.BaseClass - Trying to find Element By {by.toString()})
2024-01-25 22:46:23,920 [main] INFO  base.BaseClass - Found Element By {by.toString()}
2024-01-25 22:46:24,461 [main] INFO  base.BaseClass - Trying to find Element By {by.toString()})
2024-01-25 22:46:24,484 [main] INFO  base.BaseClass - Found Element By {by.toString()}
2024-01-25 22:46:25,027 [main] INFO  base.BaseClass - Trying to find Element By {by.toString()})
2024-01-25 22:46:25,047 [main] INFO  base.BaseClass - Found Element By {by.toString()}
2024-01-25 22:46:25,578 [main] INFO  base.BaseClass - Trying to find Element By {by.toString()})
2024-01-25 22:46:25,600 [main] INFO  base.BaseClass - Found Element By {by.toString()}
2024-01-25 22:46:26,144 [main] INFO  base.BaseClass - Trying to find Element By {by.toString()})
2024-01-25 22:46:26,164 [main] INFO  base.BaseClass - Found Element By {by.toString()}
2024-01-25 22:46:26,695 [main] INFO  base.BaseClass - Trying to find Element By {by.toString()})
2024-01-25 22:46:26,716 [main] INFO  base.BaseClass - Found Element By {by.toString()}
2024-01-25 22:46:27,260 [main] INFO  base.BaseClass - Trying to find Element By {by.toString()})
2024-01-25 22:46:27,282 [main] INFO  base.BaseClass - Found Element By {by.toString()}
2024-01-25 22:46:27,813 [main] INFO  base.BaseClass - Trying to find Element By {by.toString()})
2024-01-25 22:46:27,834 [main] INFO  base.BaseClass - Found Element By {by.toString()}
2024-01-25 22:46:28,378 [main] INFO  base.BaseClass - Trying to find Element By {by.toString()})
2024-01-25 22:46:28,397 [main] INFO  base.BaseClass - Found Element By {by.toString()}
2024-01-25 22:46:28,927 [main] INFO  base.BaseClass - Trying to find Element By {by.toString()})
2024-01-25 22:46:28,948 [main] INFO  base.BaseClass - Found Element By {by.toString()}
2024-01-25 22:46:29,492 [main] INFO  base.BaseClass - Trying to find Element By {by.toString()})
2024-01-25 22:46:29,512 [main] INFO  base.BaseClass - Found Element By {by.toString()}
2024-01-25 22:46:30,039 [main] INFO  base.BaseClass - Trying to find Element By {by.toString()})
2024-01-25 22:46:30,061 [main] INFO  base.BaseClass - Found Element By {by.toString()}
2024-01-25 22:46:30,604 [main] INFO  base.BaseClass - Trying to find Element By {by.toString()})
2024-01-25 22:46:30,628 [main] INFO  base.BaseClass - Found Element By {by.toString()}
2024-01-25 22:46:31,170 [main] INFO  base.BaseClass - Trying to find Element By {by.toString()})
2024-01-25 22:46:31,192 [main] INFO  base.BaseClass - Found Element By {by.toString()}
2024-01-25 22:46:31,720 [main] INFO  base.BaseClass - Trying to find Element By {by.toString()})
2024-01-25 22:46:31,741 [main] INFO  base.BaseClass - Found Element By {by.toString()}
2024-01-25 22:46:32,273 [main] INFO  base.BaseClass - Trying to find Element By {by.toString()})
2024-01-25 22:46:32,294 [main] INFO  base.BaseClass - Found Element By {by.toString()}
2024-01-25 22:46:32,826 [main] INFO  base.BaseClass - Trying to find Element By {by.toString()})
2024-01-25 22:46:32,848 [main] INFO  base.BaseClass - Found Element By {by.toString()}
2024-01-25 22:46:33,387 [main] INFO  base.BaseClass - Trying to find Element By {by.toString()})
2024-01-25 22:46:33,408 [main] INFO  base.BaseClass - Found Element By {by.toString()}
2024-01-25 22:46:33,940 [main] INFO  base.BaseClass - Trying to find Element By {by.toString()})
2024-01-25 22:46:33,962 [main] INFO  base.BaseClass - Found Element By {by.toString()}
2024-01-25 22:46:34,492 [main] INFO  base.BaseClass - Trying to find Element By {by.toString()})
2024-01-25 22:46:34,513 [main] INFO  base.BaseClass - Found Element By {by.toString()}
2024-01-25 22:46:35,056 [main] INFO  base.BaseClass - Trying to find Element By {by.toString()})
2024-01-25 22:46:35,077 [main] INFO  base.BaseClass - Found Element By {by.toString()}
2024-01-25 22:46:35,602 [main] INFO  base.BaseClass - Trying to find Element By {by.toString()})
2024-01-25 22:46:35,624 [main] INFO  base.BaseClass - Found Element By {by.toString()}
2024-01-25 22:46:36,169 [main] INFO  base.BaseClass - Trying to find Element By {by.toString()})
2024-01-25 22:46:36,190 [main] INFO  base.BaseClass - Found Element By {by.toString()}
2024-01-25 22:46:36,751 [main] INFO  base.BaseClass - Trying to find Element By {by.toString()})
2024-01-25 22:46:36,772 [main] INFO  base.BaseClass - Found Element By {by.toString()}
2024-01-25 22:46:37,319 [main] INFO  base.BaseClass - Trying to find Element By {by.toString()})
2024-01-25 22:46:37,342 [main] INFO  base.BaseClass - Found Element By {by.toString()}
2024-01-25 22:46:37,884 [main] INFO  base.BaseClass - Trying to find Element By {by.toString()})
2024-01-25 22:46:37,907 [main] INFO  base.BaseClass - Found Element By {by.toString()}
2024-01-25 22:46:38,433 [main] INFO  base.BaseClass - Trying to find Element By {by.toString()})
2024-01-25 22:46:38,454 [main] INFO  base.BaseClass - Found Element By {by.toString()}
2024-01-25 22:46:38,996 [main] INFO  base.BaseClass - Trying to find Element By {by.toString()})
2024-01-25 22:46:39,018 [main] INFO  base.BaseClass - Found Element By {by.toString()}
2024-01-25 22:46:39,545 [main] INFO  base.BaseClass - Trying to find Element By {by.toString()})
2024-01-25 22:46:39,567 [main] INFO  base.BaseClass - Found Element By {by.toString()}
2024-01-25 22:46:40,111 [main] INFO  base.BaseClass - Trying to find Element By {by.toString()})
2024-01-25 22:46:40,130 [main] INFO  base.BaseClass - Found Element By {by.toString()}
2024-01-25 22:46:40,664 [main] INFO  base.BaseClass - Trying to find Element By {by.toString()})
2024-01-25 22:46:40,686 [main] INFO  base.BaseClass - Found Element By {by.toString()}
2024-01-25 22:46:41,226 [main] INFO  base.BaseClass - Trying to find Element By {by.toString()})
2024-01-25 22:46:41,247 [main] INFO  base.BaseClass - Found Element By {by.toString()}
2024-01-25 22:46:41,775 [main] INFO  base.BaseClass - Trying to find Element By {by.toString()})
2024-01-25 22:46:41,797 [main] INFO  base.BaseClass - Found Element By {by.toString()}
2024-01-25 22:46:42,342 [main] INFO  base.BaseClass - Trying to find Element By {by.toString()})
2024-01-25 22:46:42,365 [main] INFO  base.BaseClass - Found Element By {by.toString()}
2024-01-25 22:46:42,906 [main] INFO  base.BaseClass - Trying to find Element By {by.toString()})
2024-01-25 22:46:42,929 [main] INFO  base.BaseClass - Found Element By {by.toString()}
2024-01-25 22:46:43,470 [main] INFO  base.BaseClass - Trying to find Element By {by.toString()})
2024-01-25 22:46:43,492 [main] INFO  base.BaseClass - Found Element By {by.toString()}
2024-01-25 22:46:44,037 [main] INFO  base.BaseClass - Trying to find Element By {by.toString()})
2024-01-25 22:46:44,058 [main] INFO  base.BaseClass - Found Element By {by.toString()}
2024-01-25 22:46:44,603 [main] INFO  base.BaseClass - Trying to find Element By {by.toString()})
2024-01-25 22:46:44,624 [main] INFO  base.BaseClass - Found Element By {by.toString()}
2024-01-25 22:46:45,167 [main] INFO  base.BaseClass - Trying to find Element By {by.toString()})
2024-01-25 22:46:45,188 [main] INFO  base.BaseClass - Found Element By {by.toString()}
TimeoutException occurred: Expected condition failed: waiting for helper.WaitUtility$5@64aee04c (tried for 30 second(s) with 500 milliseconds interval)
Build info: version: '3.141.59', revision: 'e82be7d358', time: '2018-11-14T08:17:03'
System info: host: 'DPLAP166', ip: '137.237.3.67', os.name: 'Windows 10', os.arch: 'amd64', os.version: '10.0', java.version: '19.0.1'
Driver info: org.openqa.selenium.support.events.EventFiringWebDriver
Capabilities {acceptInsecureCerts: true, browserName: chrome, browserVersion: 121.0.6167.86, chrome: {chromedriverVersion: 121.0.6167.85 (3f98d690ad7e..., userDataDir: C:\Users\dP-PL\AppData\Loca...}, fedcm:accounts: true, goog:chromeOptions: {debuggerAddress: localhost:55925}, javascriptEnabled: true, networkConnectionEnabled: false, pageLoadStrategy: normal, platform: WINDOWS, platformName: WINDOWS, proxy: Proxy(), setWindowRect: true, strictFileInteractability: false, timeouts: {implicit: 0, pageLoad: 300000, script: 30000}, unhandledPromptBehavior: dismiss and notify, webauthn:extension:credBlob: true, webauthn:extension:largeBlob: true, webauthn:extension:minPinLength: true, webauthn:extension:prf: true, webauthn:virtualAuthenticators: true}
Session ID: 251df78ecdf877c83d7f6c97df5078bc
2024-01-25 22:46:45,207 [main] ERROR XGLT_15177_Test - Element did not become visible within the specified time: Expected condition failed: waiting for helper.WaitUtility$5@64aee04c (tried for 30 second(s) with 500 milliseconds interval)
Build info: version: '3.141.59', revision: 'e82be7d358', time: '2018-11-14T08:17:03'
System info: host: 'DPLAP166', ip: '137.237.3.67', os.name: 'Windows 10', os.arch: 'amd64', os.version: '10.0', java.version: '19.0.1'
Driver info: org.openqa.selenium.support.events.EventFiringWebDriver
Capabilities {acceptInsecureCerts: true, browserName: chrome, browserVersion: 121.0.6167.86, chrome: {chromedriverVersion: 121.0.6167.85 (3f98d690ad7e..., userDataDir: C:\Users\dP-PL\AppData\Loca...}, fedcm:accounts: true, goog:chromeOptions: {debuggerAddress: localhost:55925}, javascriptEnabled: true, networkConnectionEnabled: false, pageLoadStrategy: normal, platform: WINDOWS, platformName: WINDOWS, proxy: Proxy(), setWindowRect: true, strictFileInteractability: false, timeouts: {implicit: 0, pageLoad: 300000, script: 30000}, unhandledPromptBehavior: dismiss and notify, webauthn:extension:credBlob: true, webauthn:extension:largeBlob: true, webauthn:extension:minPinLength: true, webauthn:extension:prf: true, webauthn:virtualAuthenticators: true}
Session ID: 251df78ecdf877c83d7f6c97df5078bc
2024-01-25 22:46:45,207 [main] INFO  base.BaseClass - Trying to find Element By {by.toString()})
2024-01-25 22:46:45,217 [main] INFO  base.BaseClass - Found Element By {by.toString()}
2024-01-25 22:46:45,217 [main] INFO  base.BaseClass - Trying to click on: {element.toString()}
2024-01-25 22:46:45,354 [main] INFO  base.BaseClass - Clicked on: {element.toString()}
2024-01-25 22:46:45,354 [main] INFO  base.BaseClass - Trying to find Element By {by.toString()})
2024-01-25 22:46:45,366 [main] INFO  base.BaseClass - Found Element By {by.toString()}
2024-01-25 22:46:45,892 [main] INFO  base.BaseClass - Trying to find Element By {by.toString()})
2024-01-25 22:46:45,916 [main] INFO  base.BaseClass - Found Element By {by.toString()}
2024-01-25 22:46:46,455 [main] INFO  base.BaseClass - Trying to find Element By {by.toString()})
2024-01-25 22:46:46,475 [main] INFO  base.BaseClass - Found Element By {by.toString()}
2024-01-25 22:46:47,018 [main] INFO  base.BaseClass - Trying to find Element By {by.toString()})
2024-01-25 22:46:47,092 [main] INFO  base.BaseClass - Found Element By {by.toString()}
2024-01-25 22:46:47,711 [main] INFO  base.BaseClass - Trying to find Element By {by.toString()})
2024-01-25 22:46:47,737 [main] INFO  base.BaseClass - Found Element By {by.toString()}
2024-01-25 22:46:48,287 [main] INFO  base.BaseClass - Trying to find Element By {by.toString()})
2024-01-25 22:46:48,316 [main] INFO  base.BaseClass - Found Element By {by.toString()}
2024-01-25 22:46:48,871 [main] INFO  base.BaseClass - Trying to find Element By {by.toString()})
2024-01-25 22:46:48,899 [main] INFO  base.BaseClass - Found Element By {by.toString()}
2024-01-25 22:46:49,452 [main] INFO  base.BaseClass - Trying to find Element By {by.toString()})
2024-01-25 22:46:49,477 [main] INFO  base.BaseClass - Found Element By {by.toString()}
2024-01-25 22:46:50,017 [main] INFO  base.BaseClass - Trying to find Element By {by.toString()})
2024-01-25 22:46:50,041 [main] INFO  base.BaseClass - Found Element By {by.toString()}
2024-01-25 22:46:50,583 [main] INFO  base.BaseClass - Trying to find Element By {by.toString()})
2024-01-25 22:46:50,606 [main] INFO  base.BaseClass - Found Element By {by.toString()}
2024-01-25 22:46:51,150 [main] INFO  base.BaseClass - Trying to find Element By {by.toString()})
2024-01-25 22:46:51,173 [main] INFO  base.BaseClass - Found Element By {by.toString()}
2024-01-25 22:46:51,716 [main] INFO  base.BaseClass - Trying to find Element By {by.toString()})
2024-01-25 22:46:51,740 [main] INFO  base.BaseClass - Found Element By {by.toString()}
2024-01-25 22:46:52,282 [main] INFO  base.BaseClass - Trying to find Element By {by.toString()})
2024-01-25 22:46:52,306 [main] INFO  base.BaseClass - Found Element By {by.toString()}
2024-01-25 22:46:52,848 [main] INFO  base.BaseClass - Trying to find Element By {by.toString()})
2024-01-25 22:46:52,872 [main] INFO  base.BaseClass - Found Element By {by.toString()}
2024-01-25 22:46:53,414 [main] INFO  base.BaseClass - Trying to find Element By {by.toString()})
2024-01-25 22:46:53,438 [main] INFO  base.BaseClass - Found Element By {by.toString()}
2024-01-25 22:46:53,979 [main] INFO  base.BaseClass - Trying to find Element By {by.toString()})
2024-01-25 22:46:54,006 [main] INFO  base.BaseClass - Found Element By {by.toString()}
2024-01-25 22:46:54,540 [main] INFO  base.BaseClass - Trying to find Element By {by.toString()})
2024-01-25 22:46:54,559 [main] INFO  base.BaseClass - Found Element By {by.toString()}
2024-01-25 22:46:55,089 [main] INFO  base.BaseClass - Trying to find Element By {by.toString()})
2024-01-25 22:46:55,111 [main] INFO  base.BaseClass - Found Element By {by.toString()}
2024-01-25 22:46:55,638 [main] INFO  base.BaseClass - Trying to find Element By {by.toString()})
2024-01-25 22:46:55,659 [main] INFO  base.BaseClass - Found Element By {by.toString()}
2024-01-25 22:46:56,203 [main] INFO  base.BaseClass - Trying to find Element By {by.toString()})
2024-01-25 22:46:56,229 [main] INFO  base.BaseClass - Found Element By {by.toString()}
2024-01-25 22:46:56,770 [main] INFO  base.BaseClass - Trying to find Element By {by.toString()})
2024-01-25 22:46:56,793 [main] INFO  base.BaseClass - Found Element By {by.toString()}
2024-01-25 22:46:57,320 [main] INFO  base.BaseClass - Trying to find Element By {by.toString()})
2024-01-25 22:46:57,342 [main] INFO  base.BaseClass - Found Element By {by.toString()}
2024-01-25 22:46:57,884 [main] INFO  base.BaseClass - Trying to find Element By {by.toString()})
2024-01-25 22:46:57,907 [main] INFO  base.BaseClass - Found Element By {by.toString()}
2024-01-25 22:46:58,451 [main] INFO  base.BaseClass - Trying to find Element By {by.toString()})
2024-01-25 22:46:58,474 [main] INFO  base.BaseClass - Found Element By {by.toString()}
2024-01-25 22:46:59,016 [main] INFO  base.BaseClass - Trying to find Element By {by.toString()})
2024-01-25 22:46:59,038 [main] INFO  base.BaseClass - Found Element By {by.toString()}
2024-01-25 22:46:59,566 [main] INFO  base.BaseClass - Trying to find Element By {by.toString()})
2024-01-25 22:46:59,589 [main] INFO  base.BaseClass - Found Element By {by.toString()}
2024-01-25 22:47:00,132 [main] INFO  base.BaseClass - Trying to find Element By {by.toString()})
2024-01-25 22:47:00,153 [main] INFO  base.BaseClass - Found Element By {by.toString()}
2024-01-25 22:47:00,683 [main] INFO  base.BaseClass - Trying to find Element By {by.toString()})
2024-01-25 22:47:00,707 [main] INFO  base.BaseClass - Found Element By {by.toString()}
2024-01-25 22:47:01,249 [main] INFO  base.BaseClass - Trying to find Element By {by.toString()})
2024-01-25 22:47:01,269 [main] INFO  base.BaseClass - Found Element By {by.toString()}
2024-01-25 22:47:01,801 [main] INFO  base.BaseClass - Trying to find Element By {by.toString()})
2024-01-25 22:47:01,823 [main] INFO  base.BaseClass - Found Element By {by.toString()}
2024-01-25 22:47:02,350 [main] INFO  base.BaseClass - Trying to find Element By {by.toString()})
2024-01-25 22:47:02,371 [main] INFO  base.BaseClass - Found Element By {by.toString()}
2024-01-25 22:47:02,913 [main] INFO  base.BaseClass - Trying to find Element By {by.toString()})
2024-01-25 22:47:02,937 [main] INFO  base.BaseClass - Found Element By {by.toString()}
2024-01-25 22:47:03,482 [main] INFO  base.BaseClass - Trying to find Element By {by.toString()})
2024-01-25 22:47:03,505 [main] INFO  base.BaseClass - Found Element By {by.toString()}
2024-01-25 22:47:04,045 [main] INFO  base.BaseClass - Trying to find Element By {by.toString()})
2024-01-25 22:47:04,068 [main] INFO  base.BaseClass - Found Element By {by.toString()}
2024-01-25 22:47:04,609 [main] INFO  base.BaseClass - Trying to find Element By {by.toString()})
2024-01-25 22:47:04,629 [main] INFO  base.BaseClass - Found Element By {by.toString()}
2024-01-25 22:47:05,174 [main] INFO  base.BaseClass - Trying to find Element By {by.toString()})
2024-01-25 22:47:05,196 [main] INFO  base.BaseClass - Found Element By {by.toString()}
2024-01-25 22:47:05,728 [main] INFO  base.BaseClass - Trying to find Element By {by.toString()})
2024-01-25 22:47:05,743 [main] INFO  base.BaseClass - Found Element By {by.toString()}
2024-01-25 22:47:06,279 [main] INFO  base.BaseClass - Trying to find Element By {by.toString()})
2024-01-25 22:47:06,297 [main] INFO  base.BaseClass - Found Element By {by.toString()}
2024-01-25 22:47:06,830 [main] INFO  base.BaseClass - Trying to find Element By {by.toString()})
2024-01-25 22:47:06,852 [main] INFO  base.BaseClass - Found Element By {by.toString()}
2024-01-25 22:47:07,397 [main] INFO  base.BaseClass - Trying to find Element By {by.toString()})
2024-01-25 22:47:07,418 [main] INFO  base.BaseClass - Found Element By {by.toString()}
2024-01-25 22:47:07,962 [main] INFO  base.BaseClass - Trying to find Element By {by.toString()})
2024-01-25 22:47:07,984 [main] INFO  base.BaseClass - Found Element By {by.toString()}
2024-01-25 22:47:08,512 [main] INFO  base.BaseClass - Trying to find Element By {by.toString()})
2024-01-25 22:47:08,534 [main] INFO  base.BaseClass - Found Element By {by.toString()}
2024-01-25 22:47:09,061 [main] INFO  base.BaseClass - Trying to find Element By {by.toString()})
2024-01-25 22:47:09,083 [main] INFO  base.BaseClass - Found Element By {by.toString()}
2024-01-25 22:47:09,608 [main] INFO  base.BaseClass - Trying to find Element By {by.toString()})
2024-01-25 22:47:09,632 [main] INFO  base.BaseClass - Found Element By {by.toString()}
2024-01-25 22:47:10,168 [main] INFO  base.BaseClass - Trying to find Element By {by.toString()})
2024-01-25 22:47:10,191 [main] INFO  base.BaseClass - Found Element By {by.toString()}
2024-01-25 22:47:10,734 [main] INFO  base.BaseClass - Trying to find Element By {by.toString()})
2024-01-25 22:47:10,755 [main] INFO  base.BaseClass - Found Element By {by.toString()}
2024-01-25 22:47:11,298 [main] INFO  base.BaseClass - Trying to find Element By {by.toString()})
2024-01-25 22:47:11,317 [main] INFO  base.BaseClass - Found Element By {by.toString()}
2024-01-25 22:47:11,849 [main] INFO  base.BaseClass - Trying to find Element By {by.toString()})
2024-01-25 22:47:11,871 [main] INFO  base.BaseClass - Found Element By {by.toString()}
2024-01-25 22:47:12,412 [main] INFO  base.BaseClass - Trying to find Element By {by.toString()})
2024-01-25 22:47:12,435 [main] INFO  base.BaseClass - Found Element By {by.toString()}
2024-01-25 22:47:12,978 [main] INFO  base.BaseClass - Trying to find Element By {by.toString()})
2024-01-25 22:47:13,001 [main] INFO  base.BaseClass - Found Element By {by.toString()}
2024-01-25 22:47:13,544 [main] INFO  base.BaseClass - Trying to find Element By {by.toString()})
2024-01-25 22:47:13,567 [main] INFO  base.BaseClass - Found Element By {by.toString()}
2024-01-25 22:47:14,109 [main] INFO  base.BaseClass - Trying to find Element By {by.toString()})
2024-01-25 22:47:14,132 [main] INFO  base.BaseClass - Found Element By {by.toString()}
2024-01-25 22:47:14,675 [main] INFO  base.BaseClass - Trying to find Element By {by.toString()})
2024-01-25 22:47:14,698 [main] INFO  base.BaseClass - Found Element By {by.toString()}
2024-01-25 22:47:15,228 [main] INFO  base.BaseClass - Trying to find Element By {by.toString()})
2024-01-25 22:47:15,251 [main] INFO  base.BaseClass - Found Element By {by.toString()}
2024-01-25 22:47:15,795 [main] INFO  base.BaseClass - Trying to find Element By {by.toString()})
2024-01-25 22:47:15,817 [main] INFO  base.BaseClass - Found Element By {by.toString()}
TimeoutException occurred: Expected condition failed: waiting for helper.WaitUtility$5@55d3cf04 (tried for 30 second(s) with 500 milliseconds interval)
Build info: version: '3.141.59', revision: 'e82be7d358', time: '2018-11-14T08:17:03'
System info: host: 'DPLAP166', ip: '137.237.3.67', os.name: 'Windows 10', os.arch: 'amd64', os.version: '10.0', java.version: '19.0.1'
Driver info: org.openqa.selenium.support.events.EventFiringWebDriver
Capabilities {acceptInsecureCerts: true, browserName: chrome, browserVersion: 121.0.6167.86, chrome: {chromedriverVersion: 121.0.6167.85 (3f98d690ad7e..., userDataDir: C:\Users\dP-PL\AppData\Loca...}, fedcm:accounts: true, goog:chromeOptions: {debuggerAddress: localhost:55925}, javascriptEnabled: true, networkConnectionEnabled: false, pageLoadStrategy: normal, platform: WINDOWS, platformName: WINDOWS, proxy: Proxy(), setWindowRect: true, strictFileInteractability: false, timeouts: {implicit: 0, pageLoad: 300000, script: 30000}, unhandledPromptBehavior: dismiss and notify, webauthn:extension:credBlob: true, webauthn:extension:largeBlob: true, webauthn:extension:minPinLength: true, webauthn:extension:prf: true, webauthn:virtualAuthenticators: true}
Session ID: 251df78ecdf877c83d7f6c97df5078bc
2024-01-25 22:47:15,848 [main] ERROR XGLT_15177_Test - Element did not become visible within the specified time: Expected condition failed: waiting for helper.WaitUtility$5@55d3cf04 (tried for 30 second(s) with 500 milliseconds interval)
Build info: version: '3.141.59', revision: 'e82be7d358', time: '2018-11-14T08:17:03'
System info: host: 'DPLAP166', ip: '137.237.3.67', os.name: 'Windows 10', os.arch: 'amd64', os.version: '10.0', java.version: '19.0.1'
Driver info: org.openqa.selenium.support.events.EventFiringWebDriver
Capabilities {acceptInsecureCerts: true, browserName: chrome, browserVersion: 121.0.6167.86, chrome: {chromedriverVersion: 121.0.6167.85 (3f98d690ad7e..., userDataDir: C:\Users\dP-PL\AppData\Loca...}, fedcm:accounts: true, goog:chromeOptions: {debuggerAddress: localhost:55925}, javascriptEnabled: true, networkConnectionEnabled: false, pageLoadStrategy: normal, platform: WINDOWS, platformName: WINDOWS, proxy: Proxy(), setWindowRect: true, strictFileInteractability: false, timeouts: {implicit: 0, pageLoad: 300000, script: 30000}, unhandledPromptBehavior: dismiss and notify, webauthn:extension:credBlob: true, webauthn:extension:largeBlob: true, webauthn:extension:minPinLength: true, webauthn:extension:prf: true, webauthn:virtualAuthenticators: true}
Session ID: 251df78ecdf877c83d7f6c97df5078bc
2024-01-25 22:47:15,848 [main] INFO  base.BaseClass - Trying to find Element By {by.toString()})
2024-01-25 22:47:15,868 [main] INFO  base.BaseClass - Found Element By {by.toString()}
2024-01-25 22:47:15,915 [main] INFO  base.BaseClass - Trying to find Element By {by.toString()})
2024-01-25 22:47:15,926 [main] INFO  base.BaseClass - Found Element By {by.toString()}
2024-01-25 22:47:15,935 [main] INFO  base.BaseClass - Trying to find Element By {by.toString()})
2024-01-25 22:47:15,944 [main] INFO  base.BaseClass - Found Element By {by.toString()}
2024-01-25 22:47:15,952 [main] INFO  base.BaseClass - Trying to find Element By {by.toString()})
2024-01-25 22:47:15,961 [main] INFO  base.BaseClass - Found Element By {by.toString()}
2024-01-25 22:47:16,499 [main] INFO  base.BaseClass - Trying to find Element By {by.toString()})
2024-01-25 22:47:16,525 [main] INFO  base.BaseClass - Found Element By {by.toString()}
2024-01-25 22:47:17,064 [main] INFO  base.BaseClass - Trying to find Element By {by.toString()})
2024-01-25 22:47:17,089 [main] INFO  base.BaseClass - Found Element By {by.toString()}
2024-01-25 22:47:17,630 [main] INFO  base.BaseClass - Trying to find Element By {by.toString()})
2024-01-25 22:47:17,655 [main] INFO  base.BaseClass - Found Element By {by.toString()}
2024-01-25 22:47:18,194 [main] INFO  base.BaseClass - Trying to find Element By {by.toString()})
2024-01-25 22:47:18,218 [main] INFO  base.BaseClass - Found Element By {by.toString()}
2024-01-25 22:47:18,761 [main] INFO  base.BaseClass - Trying to find Element By {by.toString()})
2024-01-25 22:47:18,784 [main] INFO  base.BaseClass - Found Element By {by.toString()}
2024-01-25 22:47:19,312 [main] INFO  base.BaseClass - Trying to find Element By {by.toString()})
2024-01-25 22:47:19,336 [main] INFO  base.BaseClass - Found Element By {by.toString()}
2024-01-25 22:47:19,880 [main] INFO  base.BaseClass - Trying to find Element By {by.toString()})
2024-01-25 22:47:19,902 [main] INFO  base.BaseClass - Found Element By {by.toString()}
2024-01-25 22:47:20,446 [main] INFO  base.BaseClass - Trying to find Element By {by.toString()})
2024-01-25 22:47:20,470 [main] INFO  base.BaseClass - Found Element By {by.toString()}
2024-01-25 22:47:21,011 [main] INFO  base.BaseClass - Trying to find Element By {by.toString()})
2024-01-25 22:47:21,031 [main] INFO  base.BaseClass - Found Element By {by.toString()}
2024-01-25 22:47:21,558 [main] INFO  base.BaseClass - Trying to find Element By {by.toString()})
2024-01-25 22:47:21,577 [main] INFO  base.BaseClass - Found Element By {by.toString()}
2024-01-25 22:47:22,107 [main] INFO  base.BaseClass - Trying to find Element By {by.toString()})
2024-01-25 22:47:22,129 [main] INFO  base.BaseClass - Found Element By {by.toString()}
2024-01-25 22:47:22,658 [main] INFO  base.BaseClass - Trying to find Element By {by.toString()})
2024-01-25 22:47:22,682 [main] INFO  base.BaseClass - Found Element By {by.toString()}
2024-01-25 22:47:23,224 [main] INFO  base.BaseClass - Trying to find Element By {by.toString()})
2024-01-25 22:47:23,246 [main] INFO  base.BaseClass - Found Element By {by.toString()}
2024-01-25 22:47:23,789 [main] INFO  base.BaseClass - Trying to find Element By {by.toString()})
2024-01-25 22:47:23,815 [main] INFO  base.BaseClass - Found Element By {by.toString()}
2024-01-25 22:47:24,342 [main] INFO  base.BaseClass - Trying to find Element By {by.toString()})
2024-01-25 22:47:24,365 [main] INFO  base.BaseClass - Found Element By {by.toString()}
2024-01-25 22:47:24,889 [main] INFO  base.BaseClass - Trying to find Element By {by.toString()})
2024-01-25 22:47:24,912 [main] INFO  base.BaseClass - Found Element By {by.toString()}
2024-01-25 22:47:25,456 [main] INFO  base.BaseClass - Trying to find Element By {by.toString()})
2024-01-25 22:47:25,478 [main] INFO  base.BaseClass - Found Element By {by.toString()}
2024-01-25 22:47:26,022 [main] INFO  base.BaseClass - Trying to find Element By {by.toString()})
2024-01-25 22:47:26,046 [main] INFO  base.BaseClass - Found Element By {by.toString()}
2024-01-25 22:47:26,589 [main] INFO  base.BaseClass - Trying to find Element By {by.toString()})
2024-01-25 22:47:26,611 [main] INFO  base.BaseClass - Found Element By {by.toString()}
2024-01-25 22:47:27,157 [main] INFO  base.BaseClass - Trying to find Element By {by.toString()})
2024-01-25 22:47:27,181 [main] INFO  base.BaseClass - Found Element By {by.toString()}
2024-01-25 22:47:27,721 [main] INFO  base.BaseClass - Trying to find Element By {by.toString()})
2024-01-25 22:47:27,744 [main] INFO  base.BaseClass - Found Element By {by.toString()}
2024-01-25 22:47:28,285 [main] INFO  base.BaseClass - Trying to find Element By {by.toString()})
2024-01-25 22:47:28,307 [main] INFO  base.BaseClass - Found Element By {by.toString()}
2024-01-25 22:47:28,834 [main] INFO  base.BaseClass - Trying to find Element By {by.toString()})
2024-01-25 22:47:28,856 [main] INFO  base.BaseClass - Found Element By {by.toString()}
2024-01-25 22:47:29,398 [main] INFO  base.BaseClass - Trying to find Element By {by.toString()})
2024-01-25 22:47:29,423 [main] INFO  base.BaseClass - Found Element By {by.toString()}
2024-01-25 22:47:29,961 [main] INFO  base.BaseClass - Trying to find Element By {by.toString()})
2024-01-25 22:47:29,983 [main] INFO  base.BaseClass - Found Element By {by.toString()}
2024-01-25 22:47:30,528 [main] INFO  base.BaseClass - Trying to find Element By {by.toString()})
2024-01-25 22:47:30,550 [main] INFO  base.BaseClass - Found Element By {by.toString()}
2024-01-25 22:47:31,077 [main] INFO  base.BaseClass - Trying to find Element By {by.toString()})
2024-01-25 22:47:31,100 [main] INFO  base.BaseClass - Found Element By {by.toString()}
2024-01-25 22:47:31,641 [main] INFO  base.BaseClass - Trying to find Element By {by.toString()})
2024-01-25 22:47:31,665 [main] INFO  base.BaseClass - Found Element By {by.toString()}
2024-01-25 22:47:32,204 [main] INFO  base.BaseClass - Trying to find Element By {by.toString()})
2024-01-25 22:47:32,227 [main] INFO  base.BaseClass - Found Element By {by.toString()}
2024-01-25 22:47:32,770 [main] INFO  base.BaseClass - Trying to find Element By {by.toString()})
2024-01-25 22:47:32,792 [main] INFO  base.BaseClass - Found Element By {by.toString()}
2024-01-25 22:47:33,324 [main] INFO  base.BaseClass - Trying to find Element By {by.toString()})
2024-01-25 22:47:33,346 [main] INFO  base.BaseClass - Found Element By {by.toString()}
2024-01-25 22:47:33,886 [main] INFO  base.BaseClass - Trying to find Element By {by.toString()})
2024-01-25 22:47:33,908 [main] INFO  base.BaseClass - Found Element By {by.toString()}
2024-01-25 22:47:34,449 [main] INFO  base.BaseClass - Trying to find Element By {by.toString()})
2024-01-25 22:47:34,470 [main] INFO  base.BaseClass - Found Element By {by.toString()}
2024-01-25 22:47:35,013 [main] INFO  base.BaseClass - Trying to find Element By {by.toString()})
2024-01-25 22:47:35,036 [main] INFO  base.BaseClass - Found Element By {by.toString()}
2024-01-25 22:47:35,576 [main] INFO  base.BaseClass - Trying to find Element By {by.toString()})
2024-01-25 22:47:35,599 [main] INFO  base.BaseClass - Found Element By {by.toString()}
2024-01-25 22:47:36,128 [main] INFO  base.BaseClass - Trying to find Element By {by.toString()})
2024-01-25 22:47:36,149 [main] INFO  base.BaseClass - Found Element By {by.toString()}
2024-01-25 22:47:36,692 [main] INFO  base.BaseClass - Trying to find Element By {by.toString()})
2024-01-25 22:47:36,714 [main] INFO  base.BaseClass - Found Element By {by.toString()}
2024-01-25 22:47:37,257 [main] INFO  base.BaseClass - Trying to find Element By {by.toString()})
2024-01-25 22:47:37,279 [main] INFO  base.BaseClass - Found Element By {by.toString()}
2024-01-25 22:47:37,808 [main] INFO  base.BaseClass - Trying to find Element By {by.toString()})
2024-01-25 22:47:37,829 [main] INFO  base.BaseClass - Found Element By {by.toString()}
2024-01-25 22:47:38,359 [main] INFO  base.BaseClass - Trying to find Element By {by.toString()})
2024-01-25 22:47:38,381 [main] INFO  base.BaseClass - Found Element By {by.toString()}
2024-01-25 22:47:38,923 [main] INFO  base.BaseClass - Trying to find Element By {by.toString()})
2024-01-25 22:47:38,943 [main] INFO  base.BaseClass - Found Element By {by.toString()}
2024-01-25 22:47:39,474 [main] INFO  base.BaseClass - Trying to find Element By {by.toString()})
2024-01-25 22:47:39,496 [main] INFO  base.BaseClass - Found Element By {by.toString()}
2024-01-25 22:47:40,034 [main] INFO  base.BaseClass - Trying to find Element By {by.toString()})
2024-01-25 22:47:40,058 [main] INFO  base.BaseClass - Found Element By {by.toString()}
2024-01-25 22:47:40,632 [main] INFO  base.BaseClass - Trying to find Element By {by.toString()})
2024-01-25 22:47:40,655 [main] INFO  base.BaseClass - Found Element By {by.toString()}
2024-01-25 22:47:41,199 [main] INFO  base.BaseClass - Trying to find Element By {by.toString()})
2024-01-25 22:47:41,223 [main] INFO  base.BaseClass - Found Element By {by.toString()}
2024-01-25 22:47:41,765 [main] INFO  base.BaseClass - Trying to find Element By {by.toString()})
2024-01-25 22:47:41,789 [main] INFO  base.BaseClass - Found Element By {by.toString()}
2024-01-25 22:47:42,330 [main] INFO  base.BaseClass - Trying to find Element By {by.toString()})
2024-01-25 22:47:42,353 [main] INFO  base.BaseClass - Found Element By {by.toString()}
2024-01-25 22:47:42,894 [main] INFO  base.BaseClass - Trying to find Element By {by.toString()})
2024-01-25 22:47:42,918 [main] INFO  base.BaseClass - Found Element By {by.toString()}
2024-01-25 22:47:43,460 [main] INFO  base.BaseClass - Trying to find Element By {by.toString()})
2024-01-25 22:47:43,479 [main] INFO  base.BaseClass - Found Element By {by.toString()}
2024-01-25 22:47:44,010 [main] INFO  base.BaseClass - Trying to find Element By {by.toString()})
2024-01-25 22:47:44,032 [main] INFO  base.BaseClass - Found Element By {by.toString()}
2024-01-25 22:47:44,576 [main] INFO  base.BaseClass - Trying to find Element By {by.toString()})
2024-01-25 22:47:44,600 [main] INFO  base.BaseClass - Found Element By {by.toString()}
2024-01-25 22:47:45,141 [main] INFO  base.BaseClass - Trying to find Element By {by.toString()})
2024-01-25 22:47:45,162 [main] INFO  base.BaseClass - Found Element By {by.toString()}
2024-01-25 22:47:45,693 [main] INFO  base.BaseClass - Trying to find Element By {by.toString()})
2024-01-25 22:47:45,715 [main] INFO  base.BaseClass - Found Element By {by.toString()}
2024-01-25 22:47:46,243 [main] INFO  base.BaseClass - Trying to find Element By {by.toString()})
2024-01-25 22:47:46,265 [main] INFO  base.BaseClass - Found Element By {by.toString()}
TimeoutException occurred: Expected condition failed: waiting for helper.WaitUtility$5@4acb14b3 (tried for 30 second(s) with 500 milliseconds interval)
Build info: version: '3.141.59', revision: 'e82be7d358', time: '2018-11-14T08:17:03'
System info: host: 'DPLAP166', ip: '137.237.3.67', os.name: 'Windows 10', os.arch: 'amd64', os.version: '10.0', java.version: '19.0.1'
Driver info: org.openqa.selenium.support.events.EventFiringWebDriver
Capabilities {acceptInsecureCerts: true, browserName: chrome, browserVersion: 121.0.6167.86, chrome: {chromedriverVersion: 121.0.6167.85 (3f98d690ad7e..., userDataDir: C:\Users\dP-PL\AppData\Loca...}, fedcm:accounts: true, goog:chromeOptions: {debuggerAddress: localhost:55925}, javascriptEnabled: true, networkConnectionEnabled: false, pageLoadStrategy: normal, platform: WINDOWS, platformName: WINDOWS, proxy: Proxy(), setWindowRect: true, strictFileInteractability: false, timeouts: {implicit: 0, pageLoad: 300000, script: 30000}, unhandledPromptBehavior: dismiss and notify, webauthn:extension:credBlob: true, webauthn:extension:largeBlob: true, webauthn:extension:minPinLength: true, webauthn:extension:prf: true, webauthn:virtualAuthenticators: true}
Session ID: 251df78ecdf877c83d7f6c97df5078bc
2024-01-25 22:47:46,297 [main] ERROR XGLT_15177_Test - Element did not become visible within the specified time: Expected condition failed: waiting for helper.WaitUtility$5@4acb14b3 (tried for 30 second(s) with 500 milliseconds interval)
Build info: version: '3.141.59', revision: 'e82be7d358', time: '2018-11-14T08:17:03'
System info: host: 'DPLAP166', ip: '137.237.3.67', os.name: 'Windows 10', os.arch: 'amd64', os.version: '10.0', java.version: '19.0.1'
Driver info: org.openqa.selenium.support.events.EventFiringWebDriver
Capabilities {acceptInsecureCerts: true, browserName: chrome, browserVersion: 121.0.6167.86, chrome: {chromedriverVersion: 121.0.6167.85 (3f98d690ad7e..., userDataDir: C:\Users\dP-PL\AppData\Loca...}, fedcm:accounts: true, goog:chromeOptions: {debuggerAddress: localhost:55925}, javascriptEnabled: true, networkConnectionEnabled: false, pageLoadStrategy: normal, platform: WINDOWS, platformName: WINDOWS, proxy: Proxy(), setWindowRect: true, strictFileInteractability: false, timeouts: {implicit: 0, pageLoad: 300000, script: 30000}, unhandledPromptBehavior: dismiss and notify, webauthn:extension:credBlob: true, webauthn:extension:largeBlob: true, webauthn:extension:minPinLength: true, webauthn:extension:prf: true, webauthn:virtualAuthenticators: true}
Session ID: 251df78ecdf877c83d7f6c97df5078bc
2024-01-25 22:47:46,297 [main] INFO  base.BaseClass - Trying to find Element By {by.toString()})
2024-01-25 22:47:46,315 [main] INFO  base.BaseClass - Found Element By {by.toString()}
2024-01-25 22:47:46,362 [main] INFO  base.BaseClass - Trying to find Element By {by.toString()})
2024-01-25 22:47:46,378 [main] INFO  base.BaseClass - Found Element By {by.toString()}
2024-01-25 22:47:46,917 [main] INFO  base.BaseClass - Trying to find Element By {by.toString()})
2024-01-25 22:47:46,941 [main] INFO  base.BaseClass - Found Element By {by.toString()}
2024-01-25 22:47:47,472 [main] INFO  base.BaseClass - Trying to find Element By {by.toString()})
2024-01-25 22:47:47,496 [main] INFO  base.BaseClass - Found Element By {by.toString()}
2024-01-25 22:47:48,025 [main] INFO  base.BaseClass - Trying to find Element By {by.toString()})
2024-01-25 22:47:48,049 [main] INFO  base.BaseClass - Found Element By {by.toString()}
2024-01-25 22:47:48,591 [main] INFO  base.BaseClass - Trying to find Element By {by.toString()})
2024-01-25 22:47:48,613 [main] INFO  base.BaseClass - Found Element By {by.toString()}
2024-01-25 22:47:49,140 [main] INFO  base.BaseClass - Trying to find Element By {by.toString()})
2024-01-25 22:47:49,164 [main] INFO  base.BaseClass - Found Element By {by.toString()}
2024-01-25 22:47:49,706 [main] INFO  base.BaseClass - Trying to find Element By {by.toString()})
2024-01-25 22:47:49,729 [main] INFO  base.BaseClass - Found Element By {by.toString()}
2024-01-25 22:47:50,269 [main] INFO  base.BaseClass - Trying to find Element By {by.toString()})
2024-01-25 22:47:50,289 [main] INFO  base.BaseClass - Found Element By {by.toString()}
2024-01-25 22:47:50,818 [main] INFO  base.BaseClass - Trying to find Element By {by.toString()})
2024-01-25 22:47:50,836 [main] INFO  base.BaseClass - Found Element By {by.toString()}
2024-01-25 22:47:51,367 [main] INFO  base.BaseClass - Trying to find Element By {by.toString()})
2024-01-25 22:47:51,390 [main] INFO  base.BaseClass - Found Element By {by.toString()}
2024-01-25 22:47:51,933 [main] INFO  base.BaseClass - Trying to find Element By {by.toString()})
2024-01-25 22:47:51,956 [main] INFO  base.BaseClass - Found Element By {by.toString()}
2024-01-25 22:47:52,497 [main] INFO  base.BaseClass - Trying to find Element By {by.toString()})
2024-01-25 22:47:52,521 [main] INFO  base.BaseClass - Found Element By {by.toString()}
2024-01-25 22:47:53,048 [main] INFO  base.BaseClass - Trying to find Element By {by.toString()})
2024-01-25 22:47:53,071 [main] INFO  base.BaseClass - Found Element By {by.toString()}
2024-01-25 22:47:53,614 [main] INFO  base.BaseClass - Trying to find Element By {by.toString()})
2024-01-25 22:47:53,632 [main] INFO  base.BaseClass - Found Element By {by.toString()}
2024-01-25 22:47:54,163 [main] INFO  base.BaseClass - Trying to find Element By {by.toString()})
2024-01-25 22:47:54,186 [main] INFO  base.BaseClass - Found Element By {by.toString()}
2024-01-25 22:47:54,729 [main] INFO  base.BaseClass - Trying to find Element By {by.toString()})
2024-01-25 22:47:54,752 [main] INFO  base.BaseClass - Found Element By {by.toString()}
2024-01-25 22:47:55,294 [main] INFO  base.BaseClass - Trying to find Element By {by.toString()})
2024-01-25 22:47:55,317 [main] INFO  base.BaseClass - Found Element By {by.toString()}
2024-01-25 22:47:55,842 [main] INFO  base.BaseClass - Trying to find Element By {by.toString()})
2024-01-25 22:47:55,867 [main] INFO  base.BaseClass - Found Element By {by.toString()}
2024-01-25 22:47:56,407 [main] INFO  base.BaseClass - Trying to find Element By {by.toString()})
2024-01-25 22:47:56,429 [main] INFO  base.BaseClass - Found Element By {by.toString()}
2024-01-25 22:47:56,970 [main] INFO  base.BaseClass - Trying to find Element By {by.toString()})
2024-01-25 22:47:56,993 [main] INFO  base.BaseClass - Found Element By {by.toString()}
2024-01-25 22:47:57,525 [main] INFO  base.BaseClass - Trying to find Element By {by.toString()})
2024-01-25 22:47:57,546 [main] INFO  base.BaseClass - Found Element By {by.toString()}
2024-01-25 22:47:58,075 [main] INFO  base.BaseClass - Trying to find Element By {by.toString()})
2024-01-25 22:47:58,097 [main] INFO  base.BaseClass - Found Element By {by.toString()}
2024-01-25 22:47:58,628 [main] INFO  base.BaseClass - Trying to find Element By {by.toString()})
2024-01-25 22:47:58,649 [main] INFO  base.BaseClass - Found Element By {by.toString()}
2024-01-25 22:47:59,178 [main] INFO  base.BaseClass - Trying to find Element By {by.toString()})
2024-01-25 22:47:59,201 [main] INFO  base.BaseClass - Found Element By {by.toString()}
2024-01-25 22:47:59,744 [main] INFO  base.BaseClass - Trying to find Element By {by.toString()})
2024-01-25 22:47:59,766 [main] INFO  base.BaseClass - Found Element By {by.toString()}
2024-01-25 22:48:00,296 [main] INFO  base.BaseClass - Trying to find Element By {by.toString()})
2024-01-25 22:48:00,319 [main] INFO  base.BaseClass - Found Element By {by.toString()}
2024-01-25 22:48:00,861 [main] INFO  base.BaseClass - Trying to find Element By {by.toString()})
2024-01-25 22:48:00,884 [main] INFO  base.BaseClass - Found Element By {by.toString()}
2024-01-25 22:48:01,410 [main] INFO  base.BaseClass - Trying to find Element By {by.toString()})
2024-01-25 22:48:01,432 [main] INFO  base.BaseClass - Found Element By {by.toString()}
2024-01-25 22:48:01,964 [main] INFO  base.BaseClass - Trying to find Element By {by.toString()})
2024-01-25 22:48:01,985 [main] INFO  base.BaseClass - Found Element By {by.toString()}
2024-01-25 22:48:02,532 [main] INFO  base.BaseClass - Trying to find Element By {by.toString()})
2024-01-25 22:48:02,556 [main] INFO  base.BaseClass - Found Element By {by.toString()}
2024-01-25 22:48:03,098 [main] INFO  base.BaseClass - Trying to find Element By {by.toString()})
2024-01-25 22:48:03,121 [main] INFO  base.BaseClass - Found Element By {by.toString()}
2024-01-25 22:48:03,663 [main] INFO  base.BaseClass - Trying to find Element By {by.toString()})
2024-01-25 22:48:03,683 [main] INFO  base.BaseClass - Found Element By {by.toString()}
2024-01-25 22:48:04,210 [main] INFO  base.BaseClass - Trying to find Element By {by.toString()})
2024-01-25 22:48:04,232 [main] INFO  base.BaseClass - Found Element By {by.toString()}
2024-01-25 22:48:04,771 [main] INFO  base.BaseClass - Trying to find Element By {by.toString()})
2024-01-25 22:48:04,795 [main] INFO  base.BaseClass - Found Element By {by.toString()}
2024-01-25 22:48:05,337 [main] INFO  base.BaseClass - Trying to find Element By {by.toString()})
2024-01-25 22:48:05,359 [main] INFO  base.BaseClass - Found Element By {by.toString()}
2024-01-25 22:48:05,902 [main] INFO  base.BaseClass - Trying to find Element By {by.toString()})
2024-01-25 22:48:05,916 [main] INFO  base.BaseClass - Found Element By {by.toString()}
2024-01-25 22:48:06,452 [main] INFO  base.BaseClass - Trying to find Element By {by.toString()})
2024-01-25 22:48:06,465 [main] INFO  base.BaseClass - Found Element By {by.toString()}
2024-01-25 22:48:06,984 [main] INFO  base.BaseClass - Trying to find Element By {by.toString()})
2024-01-25 22:48:07,006 [main] INFO  base.BaseClass - Found Element By {by.toString()}
2024-01-25 22:48:07,534 [main] INFO  base.BaseClass - Trying to find Element By {by.toString()})
2024-01-25 22:48:07,558 [main] INFO  base.BaseClass - Found Element By {by.toString()}
2024-01-25 22:48:08,098 [main] INFO  base.BaseClass - Trying to find Element By {by.toString()})
2024-01-25 22:48:08,120 [main] INFO  base.BaseClass - Found Element By {by.toString()}
2024-01-25 22:48:08,647 [main] INFO  base.BaseClass - Trying to find Element By {by.toString()})
2024-01-25 22:48:08,670 [main] INFO  base.BaseClass - Found Element By {by.toString()}
2024-01-25 22:48:09,215 [main] INFO  base.BaseClass - Trying to find Element By {by.toString()})
2024-01-25 22:48:09,238 [main] INFO  base.BaseClass - Found Element By {by.toString()}
2024-01-25 22:48:09,780 [main] INFO  base.BaseClass - Trying to find Element By {by.toString()})
2024-01-25 22:48:09,803 [main] INFO  base.BaseClass - Found Element By {by.toString()}
2024-01-25 22:48:10,350 [main] INFO  base.BaseClass - Trying to find Element By {by.toString()})
2024-01-25 22:48:10,374 [main] INFO  base.BaseClass - Found Element By {by.toString()}
2024-01-25 22:48:10,914 [main] INFO  base.BaseClass - Trying to find Element By {by.toString()})
2024-01-25 22:48:10,931 [main] INFO  base.BaseClass - Found Element By {by.toString()}
2024-01-25 22:48:11,465 [main] INFO  base.BaseClass - Trying to find Element By {by.toString()})
2024-01-25 22:48:11,489 [main] INFO  base.BaseClass - Found Element By {by.toString()}
2024-01-25 22:48:12,031 [main] INFO  base.BaseClass - Trying to find Element By {by.toString()})
2024-01-25 22:48:12,054 [main] INFO  base.BaseClass - Found Element By {by.toString()}
2024-01-25 22:48:12,595 [main] INFO  base.BaseClass - Trying to find Element By {by.toString()})
2024-01-25 22:48:12,617 [main] INFO  base.BaseClass - Found Element By {by.toString()}
2024-01-25 22:48:13,144 [main] INFO  base.BaseClass - Trying to find Element By {by.toString()})
2024-01-25 22:48:13,167 [main] INFO  base.BaseClass - Found Element By {by.toString()}
2024-01-25 22:48:13,711 [main] INFO  base.BaseClass - Trying to find Element By {by.toString()})
2024-01-25 22:48:13,733 [main] INFO  base.BaseClass - Found Element By {by.toString()}
2024-01-25 22:48:14,275 [main] INFO  base.BaseClass - Trying to find Element By {by.toString()})
2024-01-25 22:48:14,330 [main] INFO  base.BaseClass - Found Element By {by.toString()}
2024-01-25 22:48:14,854 [main] INFO  base.BaseClass - Trying to find Element By {by.toString()})
2024-01-25 22:48:14,879 [main] INFO  base.BaseClass - Found Element By {by.toString()}
2024-01-25 22:48:15,419 [main] INFO  base.BaseClass - Trying to find Element By {by.toString()})
2024-01-25 22:48:15,442 [main] INFO  base.BaseClass - Found Element By {by.toString()}
2024-01-25 22:48:15,981 [main] INFO  base.BaseClass - Trying to find Element By {by.toString()})
2024-01-25 22:48:16,003 [main] INFO  base.BaseClass - Found Element By {by.toString()}
2024-01-25 22:48:16,543 [main] INFO  base.BaseClass - Trying to find Element By {by.toString()})
2024-01-25 22:48:16,566 [main] INFO  base.BaseClass - Found Element By {by.toString()}
TimeoutException occurred: Expected condition failed: waiting for helper.WaitUtility$5@6928b916 (tried for 30 second(s) with 500 milliseconds interval)
Build info: version: '3.141.59', revision: 'e82be7d358', time: '2018-11-14T08:17:03'
System info: host: 'DPLAP166', ip: '137.237.3.67', os.name: 'Windows 10', os.arch: 'amd64', os.version: '10.0', java.version: '19.0.1'
Driver info: org.openqa.selenium.support.events.EventFiringWebDriver
Capabilities {acceptInsecureCerts: true, browserName: chrome, browserVersion: 121.0.6167.86, chrome: {chromedriverVersion: 121.0.6167.85 (3f98d690ad7e..., userDataDir: C:\Users\dP-PL\AppData\Loca...}, fedcm:accounts: true, goog:chromeOptions: {debuggerAddress: localhost:55925}, javascriptEnabled: true, networkConnectionEnabled: false, pageLoadStrategy: normal, platform: WINDOWS, platformName: WINDOWS, proxy: Proxy(), setWindowRect: true, strictFileInteractability: false, timeouts: {implicit: 0, pageLoad: 300000, script: 30000}, unhandledPromptBehavior: dismiss and notify, webauthn:extension:credBlob: true, webauthn:extension:largeBlob: true, webauthn:extension:minPinLength: true, webauthn:extension:prf: true, webauthn:virtualAuthenticators: true}
Session ID: 251df78ecdf877c83d7f6c97df5078bc
2024-01-25 22:48:16,591 [main] ERROR XGLT_15177_Test - Element did not become visible within the specified time: Expected condition failed: waiting for helper.WaitUtility$5@6928b916 (tried for 30 second(s) with 500 milliseconds interval)
Build info: version: '3.141.59', revision: 'e82be7d358', time: '2018-11-14T08:17:03'
System info: host: 'DPLAP166', ip: '137.237.3.67', os.name: 'Windows 10', os.arch: 'amd64', os.version: '10.0', java.version: '19.0.1'
Driver info: org.openqa.selenium.support.events.EventFiringWebDriver
Capabilities {acceptInsecureCerts: true, browserName: chrome, browserVersion: 121.0.6167.86, chrome: {chromedriverVersion: 121.0.6167.85 (3f98d690ad7e..., userDataDir: C:\Users\dP-PL\AppData\Loca...}, fedcm:accounts: true, goog:chromeOptions: {debuggerAddress: localhost:55925}, javascriptEnabled: true, networkConnectionEnabled: false, pageLoadStrategy: normal, platform: WINDOWS, platformName: WINDOWS, proxy: Proxy(), setWindowRect: true, strictFileInteractability: false, timeouts: {implicit: 0, pageLoad: 300000, script: 30000}, unhandledPromptBehavior: dismiss and notify, webauthn:extension:credBlob: true, webauthn:extension:largeBlob: true, webauthn:extension:minPinLength: true, webauthn:extension:prf: true, webauthn:virtualAuthenticators: true}
Session ID: 251df78ecdf877c83d7f6c97df5078bc
2024-01-25 22:48:16,592 [main] INFO  base.BaseClass - Trying to find Element By {by.toString()})
2024-01-25 22:48:16,612 [main] INFO  base.BaseClass - Found Element By {by.toString()}
2024-01-25 22:48:16,613 [main] INFO  base.BaseClass - Trying to click on: {element.toString()}
2024-01-25 22:48:16,758 [main] INFO  base.BaseClass - Clicked on: {element.toString()}
2024-01-25 22:48:16,758 [main] INFO  base.BaseClass - Trying to find Element By {by.toString()})
2024-01-25 22:48:16,771 [main] INFO  base.BaseClass - Found Element By {by.toString()}
TimeoutException occurred: Expected condition failed: waiting for helper.WaitUtility$5@18a6b12a (tried for 30 second(s) with 500 milliseconds interval)
Build info: version: '3.141.59', revision: 'e82be7d358', time: '2018-11-14T08:17:03'
System info: host: 'DPLAP166', ip: '137.237.3.67', os.name: 'Windows 10', os.arch: 'amd64', os.version: '10.0', java.version: '19.0.1'
Driver info: org.openqa.selenium.support.events.EventFiringWebDriver
Capabilities {acceptInsecureCerts: true, browserName: chrome, browserVersion: 121.0.6167.86, chrome: {chromedriverVersion: 121.0.6167.85 (3f98d690ad7e..., userDataDir: C:\Users\dP-PL\AppData\Loca...}, fedcm:accounts: true, goog:chromeOptions: {debuggerAddress: localhost:55925}, javascriptEnabled: true, networkConnectionEnabled: false, pageLoadStrategy: normal, platform: WINDOWS, platformName: WINDOWS, proxy: Proxy(), setWindowRect: true, strictFileInteractability: false, timeouts: {implicit: 0, pageLoad: 300000, script: 30000}, unhandledPromptBehavior: dismiss and notify, webauthn:extension:credBlob: true, webauthn:extension:largeBlob: true, webauthn:extension:minPinLength: true, webauthn:extension:prf: true, webauthn:virtualAuthenticators: true}
Session ID: 251df78ecdf877c83d7f6c97df5078bc
2024-01-25 22:48:47,449 [main] ERROR XGLT_15177_Test - Element did not become visible within the specified time: Expected condition failed: waiting for helper.WaitUtility$5@18a6b12a (tried for 30 second(s) with 500 milliseconds interval)
Build info: version: '3.141.59', revision: 'e82be7d358', time: '2018-11-14T08:17:03'
System info: host: 'DPLAP166', ip: '137.237.3.67', os.name: 'Windows 10', os.arch: 'amd64', os.version: '10.0', java.version: '19.0.1'
Driver info: org.openqa.selenium.support.events.EventFiringWebDriver
Capabilities {acceptInsecureCerts: true, browserName: chrome, browserVersion: 121.0.6167.86, chrome: {chromedriverVersion: 121.0.6167.85 (3f98d690ad7e..., userDataDir: C:\Users\dP-PL\AppData\Loca...}, fedcm:accounts: true, goog:chromeOptions: {debuggerAddress: localhost:55925}, javascriptEnabled: true, networkConnectionEnabled: false, pageLoadStrategy: normal, platform: WINDOWS, platformName: WINDOWS, proxy: Proxy(), setWindowRect: true, strictFileInteractability: false, timeouts: {implicit: 0, pageLoad: 300000, script: 30000}, unhandledPromptBehavior: dismiss and notify, webauthn:extension:credBlob: true, webauthn:extension:largeBlob: true, webauthn:extension:minPinLength: true, webauthn:extension:prf: true, webauthn:virtualAuthenticators: true}
Session ID: 251df78ecdf877c83d7f6c97df5078bc
2024-01-25 22:48:47,450 [main] INFO  base.BaseClass - Trying to click on: {element.toString()}
2024-01-25 22:48:47,567 [main] INFO  base.BaseClass - Clicked on: {element.toString()}
2024-01-25 22:48:47,567 [main] INFO  base.BaseClass - Trying to find Element By {by.toString()})
2024-01-25 22:48:47,580 [main] INFO  base.BaseClass - Found Element By {by.toString()}
2024-01-25 22:48:48,102 [main] INFO  base.BaseClass - Trying to find Element By {by.toString()})
2024-01-25 22:48:48,125 [main] INFO  base.BaseClass - Found Element By {by.toString()}
2024-01-25 22:48:48,653 [main] INFO  base.BaseClass - Trying to find Element By {by.toString()})
2024-01-25 22:48:48,677 [main] INFO  base.BaseClass - Found Element By {by.toString()}
2024-01-25 22:48:49,219 [main] INFO  base.BaseClass - Trying to find Element By {by.toString()})
2024-01-25 22:48:49,241 [main] INFO  base.BaseClass - Found Element By {by.toString()}
2024-01-25 22:48:49,775 [main] INFO  base.BaseClass - Trying to find Element By {by.toString()})
2024-01-25 22:48:49,798 [main] INFO  base.BaseClass - Found Element By {by.toString()}
2024-01-25 22:48:50,338 [main] INFO  base.BaseClass - Trying to find Element By {by.toString()})
2024-01-25 22:48:50,358 [main] INFO  base.BaseClass - Found Element By {by.toString()}
2024-01-25 22:48:50,900 [main] INFO  base.BaseClass - Trying to find Element By {by.toString()})
2024-01-25 22:48:50,920 [main] INFO  base.BaseClass - Found Element By {by.toString()}
2024-01-25 22:48:51,451 [main] INFO  base.BaseClass - Trying to find Element By {by.toString()})
2024-01-25 22:48:51,473 [main] INFO  base.BaseClass - Found Element By {by.toString()}
2024-01-25 22:48:52,001 [main] INFO  base.BaseClass - Trying to find Element By {by.toString()})
2024-01-25 22:48:52,025 [main] INFO  base.BaseClass - Found Element By {by.toString()}
2024-01-25 22:48:52,566 [main] INFO  base.BaseClass - Trying to find Element By {by.toString()})
2024-01-25 22:48:52,589 [main] INFO  base.BaseClass - Found Element By {by.toString()}
2024-01-25 22:48:53,130 [main] INFO  base.BaseClass - Trying to find Element By {by.toString()})
2024-01-25 22:48:53,152 [main] INFO  base.BaseClass - Found Element By {by.toString()}
2024-01-25 22:48:53,696 [main] INFO  base.BaseClass - Trying to find Element By {by.toString()})
2024-01-25 22:48:53,719 [main] INFO  base.BaseClass - Found Element By {by.toString()}
2024-01-25 22:48:54,246 [main] INFO  base.BaseClass - Trying to find Element By {by.toString()})
2024-01-25 22:48:54,269 [main] INFO  base.BaseClass - Found Element By {by.toString()}
2024-01-25 22:48:54,812 [main] INFO  base.BaseClass - Trying to find Element By {by.toString()})
2024-01-25 22:48:54,836 [main] INFO  base.BaseClass - Found Element By {by.toString()}
2024-01-25 22:48:55,378 [main] INFO  base.BaseClass - Trying to find Element By {by.toString()})
2024-01-25 22:48:55,402 [main] INFO  base.BaseClass - Found Element By {by.toString()}
2024-01-25 22:48:55,942 [main] INFO  base.BaseClass - Trying to find Element By {by.toString()})
2024-01-25 22:48:55,965 [main] INFO  base.BaseClass - Found Element By {by.toString()}
2024-01-25 22:48:56,493 [main] INFO  base.BaseClass - Trying to find Element By {by.toString()})
2024-01-25 22:48:56,516 [main] INFO  base.BaseClass - Found Element By {by.toString()}
2024-01-25 22:48:57,056 [main] INFO  base.BaseClass - Trying to find Element By {by.toString()})
2024-01-25 22:48:57,074 [main] INFO  base.BaseClass - Found Element By {by.toString()}
2024-01-25 22:48:57,602 [main] INFO  base.BaseClass - Trying to find Element By {by.toString()})
2024-01-25 22:48:57,626 [main] INFO  base.BaseClass - Found Element By {by.toString()}
2024-01-25 22:48:58,166 [main] INFO  base.BaseClass - Trying to find Element By {by.toString()})
2024-01-25 22:48:58,182 [main] INFO  base.BaseClass - Found Element By {by.toString()}
2024-01-25 22:48:58,715 [main] INFO  base.BaseClass - Trying to find Element By {by.toString()})
2024-01-25 22:48:58,738 [main] INFO  base.BaseClass - Found Element By {by.toString()}
2024-01-25 22:48:59,279 [main] INFO  base.BaseClass - Trying to find Element By {by.toString()})
2024-01-25 22:48:59,303 [main] INFO  base.BaseClass - Found Element By {by.toString()}
2024-01-25 22:48:59,846 [main] INFO  base.BaseClass - Trying to find Element By {by.toString()})
2024-01-25 22:48:59,870 [main] INFO  base.BaseClass - Found Element By {by.toString()}
2024-01-25 22:49:00,415 [main] INFO  base.BaseClass - Trying to find Element By {by.toString()})
2024-01-25 22:49:00,432 [main] INFO  base.BaseClass - Found Element By {by.toString()}
2024-01-25 22:49:00,964 [main] INFO  base.BaseClass - Trying to find Element By {by.toString()})
2024-01-25 22:49:00,982 [main] INFO  base.BaseClass - Found Element By {by.toString()}
2024-01-25 22:49:01,517 [main] INFO  base.BaseClass - Trying to find Element By {by.toString()})
2024-01-25 22:49:01,534 [main] INFO  base.BaseClass - Found Element By {by.toString()}
2024-01-25 22:49:02,072 [main] INFO  base.BaseClass - Trying to find Element By {by.toString()})
2024-01-25 22:49:02,088 [main] INFO  base.BaseClass - Found Element By {by.toString()}
2024-01-25 22:49:02,623 [main] INFO  base.BaseClass - Trying to find Element By {by.toString()})
2024-01-25 22:49:02,639 [main] INFO  base.BaseClass - Found Element By {by.toString()}
2024-01-25 22:49:03,176 [main] INFO  base.BaseClass - Trying to find Element By {by.toString()})
2024-01-25 22:49:03,191 [main] INFO  base.BaseClass - Found Element By {by.toString()}
2024-01-25 22:49:03,727 [main] INFO  base.BaseClass - Trying to find Element By {by.toString()})
2024-01-25 22:49:03,746 [main] INFO  base.BaseClass - Found Element By {by.toString()}
2024-01-25 22:49:04,275 [main] INFO  base.BaseClass - Trying to find Element By {by.toString()})
2024-01-25 22:49:04,296 [main] INFO  base.BaseClass - Found Element By {by.toString()}
2024-01-25 22:49:04,828 [main] INFO  base.BaseClass - Trying to find Element By {by.toString()})
2024-01-25 22:49:04,843 [main] INFO  base.BaseClass - Found Element By {by.toString()}
2024-01-25 22:49:05,380 [main] INFO  base.BaseClass - Trying to find Element By {by.toString()})
2024-01-25 22:49:05,402 [main] INFO  base.BaseClass - Found Element By {by.toString()}
2024-01-25 22:49:05,929 [main] INFO  base.BaseClass - Trying to find Element By {by.toString()})
2024-01-25 22:49:05,952 [main] INFO  base.BaseClass - Found Element By {by.toString()}
2024-01-25 22:49:06,495 [main] INFO  base.BaseClass - Trying to find Element By {by.toString()})
2024-01-25 22:49:06,512 [main] INFO  base.BaseClass - Found Element By {by.toString()}
2024-01-25 22:49:07,042 [main] INFO  base.BaseClass - Trying to find Element By {by.toString()})
2024-01-25 22:49:07,063 [main] INFO  base.BaseClass - Found Element By {by.toString()}
2024-01-25 22:49:07,606 [main] INFO  base.BaseClass - Trying to find Element By {by.toString()})
2024-01-25 22:49:07,630 [main] INFO  base.BaseClass - Found Element By {by.toString()}
2024-01-25 22:49:08,173 [main] INFO  base.BaseClass - Trying to find Element By {by.toString()})
2024-01-25 22:49:08,197 [main] INFO  base.BaseClass - Found Element By {by.toString()}
2024-01-25 22:49:08,738 [main] INFO  base.BaseClass - Trying to find Element By {by.toString()})
2024-01-25 22:49:08,762 [main] INFO  base.BaseClass - Found Element By {by.toString()}
2024-01-25 22:49:09,305 [main] INFO  base.BaseClass - Trying to find Element By {by.toString()})
2024-01-25 22:49:09,328 [main] INFO  base.BaseClass - Found Element By {by.toString()}
2024-01-25 22:49:09,869 [main] INFO  base.BaseClass - Trying to find Element By {by.toString()})
2024-01-25 22:49:09,886 [main] INFO  base.BaseClass - Found Element By {by.toString()}
2024-01-25 22:49:10,416 [main] INFO  base.BaseClass - Trying to find Element By {by.toString()})
2024-01-25 22:49:10,440 [main] INFO  base.BaseClass - Found Element By {by.toString()}
2024-01-25 22:49:10,977 [main] INFO  base.BaseClass - Trying to find Element By {by.toString()})
2024-01-25 22:49:11,001 [main] INFO  base.BaseClass - Found Element By {by.toString()}
2024-01-25 22:49:11,553 [main] INFO  base.BaseClass - Trying to find Element By {by.toString()})
2024-01-25 22:49:11,568 [main] INFO  base.BaseClass - Found Element By {by.toString()}
2024-01-25 22:49:12,103 [main] INFO  base.BaseClass - Trying to find Element By {by.toString()})
2024-01-25 22:49:12,112 [main] INFO  base.BaseClass - Found Element By {by.toString()}
2024-01-25 22:49:12,625 [main] INFO  base.BaseClass - Trying to find Element By {by.toString()})
2024-01-25 22:49:12,634 [main] INFO  base.BaseClass - Found Element By {by.toString()}
2024-01-25 22:49:13,163 [main] INFO  base.BaseClass - Trying to find Element By {by.toString()})
2024-01-25 22:49:13,172 [main] INFO  base.BaseClass - Found Element By {by.toString()}
2024-01-25 22:49:13,687 [main] INFO  base.BaseClass - Trying to find Element By {by.toString()})
2024-01-25 22:49:13,695 [main] INFO  base.BaseClass - Found Element By {by.toString()}
2024-01-25 22:49:14,225 [main] INFO  base.BaseClass - Trying to find Element By {by.toString()})
2024-01-25 22:49:14,243 [main] INFO  base.BaseClass - Found Element By {by.toString()}
2024-01-25 22:49:14,778 [main] INFO  base.BaseClass - Trying to find Element By {by.toString()})
2024-01-25 22:49:14,794 [main] INFO  base.BaseClass - Found Element By {by.toString()}
2024-01-25 22:49:15,332 [main] INFO  base.BaseClass - Trying to find Element By {by.toString()})
2024-01-25 22:49:15,353 [main] INFO  base.BaseClass - Found Element By {by.toString()}
2024-01-25 22:49:15,887 [main] INFO  base.BaseClass - Trying to find Element By {by.toString()})
2024-01-25 22:49:15,904 [main] INFO  base.BaseClass - Found Element By {by.toString()}
2024-01-25 22:49:16,438 [main] INFO  base.BaseClass - Trying to find Element By {by.toString()})
2024-01-25 22:49:16,455 [main] INFO  base.BaseClass - Found Element By {by.toString()}
2024-01-25 22:49:16,993 [main] INFO  base.BaseClass - Trying to find Element By {by.toString()})
2024-01-25 22:49:17,011 [main] INFO  base.BaseClass - Found Element By {by.toString()}
2024-01-25 22:49:17,543 [main] INFO  base.BaseClass - Trying to find Element By {by.toString()})
2024-01-25 22:49:17,567 [main] INFO  base.BaseClass - Found Element By {by.toString()}
TimeoutException occurred: Expected condition failed: waiting for helper.WaitUtility$5@5cffbc02 (tried for 30 second(s) with 500 milliseconds interval)
Build info: version: '3.141.59', revision: 'e82be7d358', time: '2018-11-14T08:17:03'
System info: host: 'DPLAP166', ip: '137.237.3.67', os.name: 'Windows 10', os.arch: 'amd64', os.version: '10.0', java.version: '19.0.1'
Driver info: org.openqa.selenium.support.events.EventFiringWebDriver
Capabilities {acceptInsecureCerts: true, browserName: chrome, browserVersion: 121.0.6167.86, chrome: {chromedriverVersion: 121.0.6167.85 (3f98d690ad7e..., userDataDir: C:\Users\dP-PL\AppData\Loca...}, fedcm:accounts: true, goog:chromeOptions: {debuggerAddress: localhost:55925}, javascriptEnabled: true, networkConnectionEnabled: false, pageLoadStrategy: normal, platform: WINDOWS, platformName: WINDOWS, proxy: Proxy(), setWindowRect: true, strictFileInteractability: false, timeouts: {implicit: 0, pageLoad: 300000, script: 30000}, unhandledPromptBehavior: dismiss and notify, webauthn:extension:credBlob: true, webauthn:extension:largeBlob: true, webauthn:extension:minPinLength: true, webauthn:extension:prf: true, webauthn:virtualAuthenticators: true}
Session ID: 251df78ecdf877c83d7f6c97df5078bc
2024-01-25 22:49:17,602 [main] ERROR XGLT_15177_Test - Element did not become visible within the specified time: Expected condition failed: waiting for helper.WaitUtility$5@5cffbc02 (tried for 30 second(s) with 500 milliseconds interval)
Build info: version: '3.141.59', revision: 'e82be7d358', time: '2018-11-14T08:17:03'
System info: host: 'DPLAP166', ip: '137.237.3.67', os.name: 'Windows 10', os.arch: 'amd64', os.version: '10.0', java.version: '19.0.1'
Driver info: org.openqa.selenium.support.events.EventFiringWebDriver
Capabilities {acceptInsecureCerts: true, browserName: chrome, browserVersion: 121.0.6167.86, chrome: {chromedriverVersion: 121.0.6167.85 (3f98d690ad7e..., userDataDir: C:\Users\dP-PL\AppData\Loca...}, fedcm:accounts: true, goog:chromeOptions: {debuggerAddress: localhost:55925}, javascriptEnabled: true, networkConnectionEnabled: false, pageLoadStrategy: normal, platform: WINDOWS, platformName: WINDOWS, proxy: Proxy(), setWindowRect: true, strictFileInteractability: false, timeouts: {implicit: 0, pageLoad: 300000, script: 30000}, unhandledPromptBehavior: dismiss and notify, webauthn:extension:credBlob: true, webauthn:extension:largeBlob: true, webauthn:extension:minPinLength: true, webauthn:extension:prf: true, webauthn:virtualAuthenticators: true}
Session ID: 251df78ecdf877c83d7f6c97df5078bc
2024-01-25 22:49:17,603 [main] INFO  base.BaseClass - Trying to find Element By {by.toString()})
2024-01-25 22:49:17,625 [main] INFO  base.BaseClass - Found Element By {by.toString()}
2024-01-25 22:49:17,625 [main] INFO  base.BaseClass - Trying to click on: {element.toString()}
2024-01-25 22:49:17,729 [main] INFO  base.BaseClass - Clicked on: {element.toString()}
2024-01-25 22:49:17,729 [main] INFO  base.BaseClass - Trying to find Element By {by.toString()})
2024-01-25 22:49:17,746 [main] INFO  base.BaseClass - Found Element By {by.toString()}
TimeoutException occurred: Expected condition failed: waiting for helper.WaitUtility$5@227325a2 (tried for 30 second(s) with 500 milliseconds interval)
Build info: version: '3.141.59', revision: 'e82be7d358', time: '2018-11-14T08:17:03'
System info: host: 'DPLAP166', ip: '137.237.3.67', os.name: 'Windows 10', os.arch: 'amd64', os.version: '10.0', java.version: '19.0.1'
Driver info: org.openqa.selenium.support.events.EventFiringWebDriver
Capabilities {acceptInsecureCerts: true, browserName: chrome, browserVersion: 121.0.6167.86, chrome: {chromedriverVersion: 121.0.6167.85 (3f98d690ad7e..., userDataDir: C:\Users\dP-PL\AppData\Loca...}, fedcm:accounts: true, goog:chromeOptions: {debuggerAddress: localhost:55925}, javascriptEnabled: true, networkConnectionEnabled: false, pageLoadStrategy: normal, platform: WINDOWS, platformName: WINDOWS, proxy: Proxy(), setWindowRect: true, strictFileInteractability: false, timeouts: {implicit: 0, pageLoad: 300000, script: 30000}, unhandledPromptBehavior: dismiss and notify, webauthn:extension:credBlob: true, webauthn:extension:largeBlob: true, webauthn:extension:minPinLength: true, webauthn:extension:prf: true, webauthn:virtualAuthenticators: true}
Session ID: 251df78ecdf877c83d7f6c97df5078bc
2024-01-25 22:49:47,875 [main] ERROR XGLT_15177_Test - Element did not become visible within the specified time: Expected condition failed: waiting for helper.WaitUtility$5@227325a2 (tried for 30 second(s) with 500 milliseconds interval)
Build info: version: '3.141.59', revision: 'e82be7d358', time: '2018-11-14T08:17:03'
System info: host: 'DPLAP166', ip: '137.237.3.67', os.name: 'Windows 10', os.arch: 'amd64', os.version: '10.0', java.version: '19.0.1'
Driver info: org.openqa.selenium.support.events.EventFiringWebDriver
Capabilities {acceptInsecureCerts: true, browserName: chrome, browserVersion: 121.0.6167.86, chrome: {chromedriverVersion: 121.0.6167.85 (3f98d690ad7e..., userDataDir: C:\Users\dP-PL\AppData\Loca...}, fedcm:accounts: true, goog:chromeOptions: {debuggerAddress: localhost:55925}, javascriptEnabled: true, networkConnectionEnabled: false, pageLoadStrategy: normal, platform: WINDOWS, platformName: WINDOWS, proxy: Proxy(), setWindowRect: true, strictFileInteractability: false, timeouts: {implicit: 0, pageLoad: 300000, script: 30000}, unhandledPromptBehavior: dismiss and notify, webauthn:extension:credBlob: true, webauthn:extension:largeBlob: true, webauthn:extension:minPinLength: true, webauthn:extension:prf: true, webauthn:virtualAuthenticators: true}
Session ID: 251df78ecdf877c83d7f6c97df5078bc
2024-01-25 22:49:47,875 [main] INFO  base.BaseClass - Trying to click on: {element.toString()}
2024-01-25 22:49:47,969 [main] INFO  base.BaseClass - Clicked on: {element.toString()}
2024-01-25 22:49:47,969 [main] INFO  base.BaseClass - Trying to find Element By {by.toString()})
2024-01-25 22:49:47,991 [main] INFO  base.BaseClass - Found Element By {by.toString()}
2024-01-25 22:49:48,525 [main] INFO  base.BaseClass - Trying to find Element By {by.toString()})
2024-01-25 22:49:48,547 [main] INFO  base.BaseClass - Found Element By {by.toString()}
2024-01-25 22:49:49,087 [main] INFO  base.BaseClass - Trying to find Element By {by.toString()})
2024-01-25 22:49:49,112 [main] INFO  base.BaseClass - Found Element By {by.toString()}
2024-01-25 22:49:49,652 [main] INFO  base.BaseClass - Trying to find Element By {by.toString()})
2024-01-25 22:49:49,676 [main] INFO  base.BaseClass - Found Element By {by.toString()}
2024-01-25 22:49:50,219 [main] INFO  base.BaseClass - Trying to find Element By {by.toString()})
2024-01-25 22:49:50,242 [main] INFO  base.BaseClass - Found Element By {by.toString()}
2024-01-25 22:49:50,783 [main] INFO  base.BaseClass - Trying to find Element By {by.toString()})
2024-01-25 22:49:50,802 [main] INFO  base.BaseClass - Found Element By {by.toString()}
2024-01-25 22:49:51,331 [main] INFO  base.BaseClass - Trying to find Element By {by.toString()})
2024-01-25 22:49:51,388 [main] INFO  base.BaseClass - Found Element By {by.toString()}
2024-01-25 22:49:51,911 [main] INFO  base.BaseClass - Trying to find Element By {by.toString()})
2024-01-25 22:49:51,935 [main] INFO  base.BaseClass - Found Element By {by.toString()}
2024-01-25 22:49:52,472 [main] INFO  base.BaseClass - Trying to find Element By {by.toString()})
2024-01-25 22:49:52,495 [main] INFO  base.BaseClass - Found Element By {by.toString()}
2024-01-25 22:49:53,037 [main] INFO  base.BaseClass - Trying to find Element By {by.toString()})
2024-01-25 22:49:53,060 [main] INFO  base.BaseClass - Found Element By {by.toString()}
2024-01-25 22:49:53,601 [main] INFO  base.BaseClass - Trying to find Element By {by.toString()})
2024-01-25 22:49:53,624 [main] INFO  base.BaseClass - Found Element By {by.toString()}
2024-01-25 22:49:54,152 [main] INFO  base.BaseClass - Trying to find Element By {by.toString()})
2024-01-25 22:49:54,169 [main] INFO  base.BaseClass - Found Element By {by.toString()}
2024-01-25 22:49:54,704 [main] INFO  base.BaseClass - Trying to find Element By {by.toString()})
2024-01-25 22:49:54,728 [main] INFO  base.BaseClass - Found Element By {by.toString()}
2024-01-25 22:49:55,270 [main] INFO  base.BaseClass - Trying to find Element By {by.toString()})
2024-01-25 22:49:55,295 [main] INFO  base.BaseClass - Found Element By {by.toString()}
2024-01-25 22:49:55,835 [main] INFO  base.BaseClass - Trying to find Element By {by.toString()})
2024-01-25 22:49:55,862 [main] INFO  base.BaseClass - Found Element By {by.toString()}
2024-01-25 22:49:56,386 [main] INFO  base.BaseClass - Trying to find Element By {by.toString()})
2024-01-25 22:49:56,410 [main] INFO  base.BaseClass - Found Element By {by.toString()}
2024-01-25 22:49:56,952 [main] INFO  base.BaseClass - Trying to find Element By {by.toString()})
2024-01-25 22:49:56,975 [main] INFO  base.BaseClass - Found Element By {by.toString()}
2024-01-25 22:49:57,502 [main] INFO  base.BaseClass - Trying to find Element By {by.toString()})
2024-01-25 22:49:57,526 [main] INFO  base.BaseClass - Found Element By {by.toString()}
2024-01-25 22:49:58,068 [main] INFO  base.BaseClass - Trying to find Element By {by.toString()})
2024-01-25 22:49:58,089 [main] INFO  base.BaseClass - Found Element By {by.toString()}
2024-01-25 22:49:58,635 [main] INFO  base.BaseClass - Trying to find Element By {by.toString()})
2024-01-25 22:49:58,659 [main] INFO  base.BaseClass - Found Element By {by.toString()}
2024-01-25 22:49:59,199 [main] INFO  base.BaseClass - Trying to find Element By {by.toString()})
2024-01-25 22:49:59,223 [main] INFO  base.BaseClass - Found Element By {by.toString()}
2024-01-25 22:49:59,752 [main] INFO  base.BaseClass - Trying to find Element By {by.toString()})
2024-01-25 22:49:59,775 [main] INFO  base.BaseClass - Found Element By {by.toString()}
2024-01-25 22:50:00,315 [main] INFO  base.BaseClass - Trying to find Element By {by.toString()})
2024-01-25 22:50:00,338 [main] INFO  base.BaseClass - Found Element By {by.toString()}
2024-01-25 22:50:00,867 [main] INFO  base.BaseClass - Trying to find Element By {by.toString()})
2024-01-25 22:50:00,890 [main] INFO  base.BaseClass - Found Element By {by.toString()}
2024-01-25 22:50:01,433 [main] INFO  base.BaseClass - Trying to find Element By {by.toString()})
2024-01-25 22:50:01,457 [main] INFO  base.BaseClass - Found Element By {by.toString()}
2024-01-25 22:50:01,996 [main] INFO  base.BaseClass - Trying to find Element By {by.toString()})
2024-01-25 22:50:02,020 [main] INFO  base.BaseClass - Found Element By {by.toString()}
2024-01-25 22:50:02,563 [main] INFO  base.BaseClass - Trying to find Element By {by.toString()})
2024-01-25 22:50:02,586 [main] INFO  base.BaseClass - Found Element By {by.toString()}
2024-01-25 22:50:03,128 [main] INFO  base.BaseClass - Trying to find Element By {by.toString()})
2024-01-25 22:50:03,150 [main] INFO  base.BaseClass - Found Element By {by.toString()}
2024-01-25 22:50:03,693 [main] INFO  base.BaseClass - Trying to find Element By {by.toString()})
2024-01-25 22:50:03,717 [main] INFO  base.BaseClass - Found Element By {by.toString()}
2024-01-25 22:50:04,258 [main] INFO  base.BaseClass - Trying to find Element By {by.toString()})
2024-01-25 22:50:04,281 [main] INFO  base.BaseClass - Found Element By {by.toString()}
2024-01-25 22:50:04,824 [main] INFO  base.BaseClass - Trying to find Element By {by.toString()})
2024-01-25 22:50:04,848 [main] INFO  base.BaseClass - Found Element By {by.toString()}
2024-01-25 22:50:05,389 [main] INFO  base.BaseClass - Trying to find Element By {by.toString()})
2024-01-25 22:50:05,414 [main] INFO  base.BaseClass - Found Element By {by.toString()}
2024-01-25 22:50:05,952 [main] INFO  base.BaseClass - Trying to find Element By {by.toString()})
2024-01-25 22:50:05,975 [main] INFO  base.BaseClass - Found Element By {by.toString()}
2024-01-25 22:50:06,503 [main] INFO  base.BaseClass - Trying to find Element By {by.toString()})
2024-01-25 22:50:06,525 [main] INFO  base.BaseClass - Found Element By {by.toString()}
2024-01-25 22:50:07,068 [main] INFO  base.BaseClass - Trying to find Element By {by.toString()})
2024-01-25 22:50:07,092 [main] INFO  base.BaseClass - Found Element By {by.toString()}
2024-01-25 22:50:07,634 [main] INFO  base.BaseClass - Trying to find Element By {by.toString()})
2024-01-25 22:50:07,657 [main] INFO  base.BaseClass - Found Element By {by.toString()}
2024-01-25 22:50:08,200 [main] INFO  base.BaseClass - Trying to find Element By {by.toString()})
2024-01-25 22:50:08,224 [main] INFO  base.BaseClass - Found Element By {by.toString()}
2024-01-25 22:50:08,767 [main] INFO  base.BaseClass - Trying to find Element By {by.toString()})
2024-01-25 22:50:08,790 [main] INFO  base.BaseClass - Found Element By {by.toString()}
2024-01-25 22:50:09,333 [main] INFO  base.BaseClass - Trying to find Element By {by.toString()})
2024-01-25 22:50:09,356 [main] INFO  base.BaseClass - Found Element By {by.toString()}
2024-01-25 22:50:09,898 [main] INFO  base.BaseClass - Trying to find Element By {by.toString()})
2024-01-25 22:50:09,922 [main] INFO  base.BaseClass - Found Element By {by.toString()}
2024-01-25 22:50:10,451 [main] INFO  base.BaseClass - Trying to find Element By {by.toString()})
2024-01-25 22:50:10,472 [main] INFO  base.BaseClass - Found Element By {by.toString()}
2024-01-25 22:50:11,013 [main] INFO  base.BaseClass - Trying to find Element By {by.toString()})
2024-01-25 22:50:11,036 [main] INFO  base.BaseClass - Found Element By {by.toString()}
2024-01-25 22:50:11,579 [main] INFO  base.BaseClass - Trying to find Element By {by.toString()})
2024-01-25 22:50:11,603 [main] INFO  base.BaseClass - Found Element By {by.toString()}
2024-01-25 22:50:12,146 [main] INFO  base.BaseClass - Trying to find Element By {by.toString()})
2024-01-25 22:50:12,169 [main] INFO  base.BaseClass - Found Element By {by.toString()}
2024-01-25 22:50:12,696 [main] INFO  base.BaseClass - Trying to find Element By {by.toString()})
2024-01-25 22:50:12,720 [main] INFO  base.BaseClass - Found Element By {by.toString()}
2024-01-25 22:50:13,259 [main] INFO  base.BaseClass - Trying to find Element By {by.toString()})
2024-01-25 22:50:13,282 [main] INFO  base.BaseClass - Found Element By {by.toString()}
2024-01-25 22:50:13,827 [main] INFO  base.BaseClass - Trying to find Element By {by.toString()})
2024-01-25 22:50:13,850 [main] INFO  base.BaseClass - Found Element By {by.toString()}
2024-01-25 22:50:14,395 [main] INFO  base.BaseClass - Trying to find Element By {by.toString()})
2024-01-25 22:50:14,418 [main] INFO  base.BaseClass - Found Element By {by.toString()}
2024-01-25 22:50:14,958 [main] INFO  base.BaseClass - Trying to find Element By {by.toString()})
2024-01-25 22:50:14,981 [main] INFO  base.BaseClass - Found Element By {by.toString()}
2024-01-25 22:50:15,527 [main] INFO  base.BaseClass - Trying to find Element By {by.toString()})
2024-01-25 22:50:15,550 [main] INFO  base.BaseClass - Found Element By {by.toString()}
2024-01-25 22:50:16,095 [main] INFO  base.BaseClass - Trying to find Element By {by.toString()})
2024-01-25 22:50:16,118 [main] INFO  base.BaseClass - Found Element By {by.toString()}
2024-01-25 22:50:16,657 [main] INFO  base.BaseClass - Trying to find Element By {by.toString()})
2024-01-25 22:50:16,681 [main] INFO  base.BaseClass - Found Element By {by.toString()}
2024-01-25 22:50:17,220 [main] INFO  base.BaseClass - Trying to find Element By {by.toString()})
2024-01-25 22:50:17,243 [main] INFO  base.BaseClass - Found Element By {by.toString()}
2024-01-25 22:50:17,782 [main] INFO  base.BaseClass - Trying to find Element By {by.toString()})
2024-01-25 22:50:17,805 [main] INFO  base.BaseClass - Found Element By {by.toString()}
2024-01-25 22:50:18,346 [main] INFO  base.BaseClass - Trying to find Element By {by.toString()})
2024-01-25 22:50:18,370 [main] INFO  base.BaseClass - Found Element By {by.toString()}
TimeoutException occurred: Expected condition failed: waiting for helper.WaitUtility$5@4759c4c3 (tried for 30 second(s) with 500 milliseconds interval)
Build info: version: '3.141.59', revision: 'e82be7d358', time: '2018-11-14T08:17:03'
System info: host: 'DPLAP166', ip: '137.237.3.67', os.name: 'Windows 10', os.arch: 'amd64', os.version: '10.0', java.version: '19.0.1'
Driver info: org.openqa.selenium.support.events.EventFiringWebDriver
Capabilities {acceptInsecureCerts: true, browserName: chrome, browserVersion: 121.0.6167.86, chrome: {chromedriverVersion: 121.0.6167.85 (3f98d690ad7e..., userDataDir: C:\Users\dP-PL\AppData\Loca...}, fedcm:accounts: true, goog:chromeOptions: {debuggerAddress: localhost:55925}, javascriptEnabled: true, networkConnectionEnabled: false, pageLoadStrategy: normal, platform: WINDOWS, platformName: WINDOWS, proxy: Proxy(), setWindowRect: true, strictFileInteractability: false, timeouts: {implicit: 0, pageLoad: 300000, script: 30000}, unhandledPromptBehavior: dismiss and notify, webauthn:extension:credBlob: true, webauthn:extension:largeBlob: true, webauthn:extension:minPinLength: true, webauthn:extension:prf: true, webauthn:virtualAuthenticators: true}
Session ID: 251df78ecdf877c83d7f6c97df5078bc
2024-01-25 22:50:18,401 [main] ERROR XGLT_15177_Test - Element did not become visible within the specified time: Expected condition failed: waiting for helper.WaitUtility$5@4759c4c3 (tried for 30 second(s) with 500 milliseconds interval)
Build info: version: '3.141.59', revision: 'e82be7d358', time: '2018-11-14T08:17:03'
System info: host: 'DPLAP166', ip: '137.237.3.67', os.name: 'Windows 10', os.arch: 'amd64', os.version: '10.0', java.version: '19.0.1'
Driver info: org.openqa.selenium.support.events.EventFiringWebDriver
Capabilities {acceptInsecureCerts: true, browserName: chrome, browserVersion: 121.0.6167.86, chrome: {chromedriverVersion: 121.0.6167.85 (3f98d690ad7e..., userDataDir: C:\Users\dP-PL\AppData\Loca...}, fedcm:accounts: true, goog:chromeOptions: {debuggerAddress: localhost:55925}, javascriptEnabled: true, networkConnectionEnabled: false, pageLoadStrategy: normal, platform: WINDOWS, platformName: WINDOWS, proxy: Proxy(), setWindowRect: true, strictFileInteractability: false, timeouts: {implicit: 0, pageLoad: 300000, script: 30000}, unhandledPromptBehavior: dismiss and notify, webauthn:extension:credBlob: true, webauthn:extension:largeBlob: true, webauthn:extension:minPinLength: true, webauthn:extension:prf: true, webauthn:virtualAuthenticators: true}
Session ID: 251df78ecdf877c83d7f6c97df5078bc
2024-01-25 22:50:18,401 [main] INFO  base.BaseClass - Trying to find Element By {by.toString()})
2024-01-25 22:50:18,420 [main] INFO  base.BaseClass - Found Element By {by.toString()}
2024-01-25 22:50:18,421 [main] INFO  base.BaseClass - Trying to click on: {element.toString()}
2024-01-25 22:50:18,513 [main] INFO  base.BaseClass - Clicked on: {element.toString()}
2024-01-25 22:50:18,513 [main] INFO  base.BaseClass - Trying to find Element By {by.toString()})
2024-01-25 22:50:18,530 [main] INFO  base.BaseClass - Found Element By {by.toString()}
TimeoutException occurred: Expected condition failed: waiting for helper.WaitUtility$5@53ae8126 (tried for 30 second(s) with 500 milliseconds interval)
Build info: version: '3.141.59', revision: 'e82be7d358', time: '2018-11-14T08:17:03'
System info: host: 'DPLAP166', ip: '137.237.3.67', os.name: 'Windows 10', os.arch: 'amd64', os.version: '10.0', java.version: '19.0.1'
Driver info: org.openqa.selenium.support.events.EventFiringWebDriver
Capabilities {acceptInsecureCerts: true, browserName: chrome, browserVersion: 121.0.6167.86, chrome: {chromedriverVersion: 121.0.6167.85 (3f98d690ad7e..., userDataDir: C:\Users\dP-PL\AppData\Loca...}, fedcm:accounts: true, goog:chromeOptions: {debuggerAddress: localhost:55925}, javascriptEnabled: true, networkConnectionEnabled: false, pageLoadStrategy: normal, platform: WINDOWS, platformName: WINDOWS, proxy: Proxy(), setWindowRect: true, strictFileInteractability: false, timeouts: {implicit: 0, pageLoad: 300000, script: 30000}, unhandledPromptBehavior: dismiss and notify, webauthn:extension:credBlob: true, webauthn:extension:largeBlob: true, webauthn:extension:minPinLength: true, webauthn:extension:prf: true, webauthn:virtualAuthenticators: true}
Session ID: 251df78ecdf877c83d7f6c97df5078bc
2024-01-25 22:50:48,604 [main] ERROR XGLT_15177_Test - Element did not become visible within the specified time: Expected condition failed: waiting for helper.WaitUtility$5@53ae8126 (tried for 30 second(s) with 500 milliseconds interval)
Build info: version: '3.141.59', revision: 'e82be7d358', time: '2018-11-14T08:17:03'
System info: host: 'DPLAP166', ip: '137.237.3.67', os.name: 'Windows 10', os.arch: 'amd64', os.version: '10.0', java.version: '19.0.1'
Driver info: org.openqa.selenium.support.events.EventFiringWebDriver
Capabilities {acceptInsecureCerts: true, browserName: chrome, browserVersion: 121.0.6167.86, chrome: {chromedriverVersion: 121.0.6167.85 (3f98d690ad7e..., userDataDir: C:\Users\dP-PL\AppData\Loca...}, fedcm:accounts: true, goog:chromeOptions: {debuggerAddress: localhost:55925}, javascriptEnabled: true, networkConnectionEnabled: false, pageLoadStrategy: normal, platform: WINDOWS, platformName: WINDOWS, proxy: Proxy(), setWindowRect: true, strictFileInteractability: false, timeouts: {implicit: 0, pageLoad: 300000, script: 30000}, unhandledPromptBehavior: dismiss and notify, webauthn:extension:credBlob: true, webauthn:extension:largeBlob: true, webauthn:extension:minPinLength: true, webauthn:extension:prf: true, webauthn:virtualAuthenticators: true}
Session ID: 251df78ecdf877c83d7f6c97df5078bc
2024-01-25 22:50:48,604 [main] INFO  base.BaseClass - Trying to click on: {element.toString()}
2024-01-25 22:50:48,690 [main] INFO  base.BaseClass - Clicked on: {element.toString()}
2024-01-25 22:50:48,690 [main] INFO  base.BaseClass - Trying to find Element By {by.toString()})
2024-01-25 22:50:48,717 [main] INFO  base.BaseClass - Found Element By {by.toString()}
2024-01-25 22:50:49,244 [main] INFO  base.BaseClass - Trying to find Element By {by.toString()})
2024-01-25 22:50:49,267 [main] INFO  base.BaseClass - Found Element By {by.toString()}
2024-01-25 22:50:49,810 [main] INFO  base.BaseClass - Trying to find Element By {by.toString()})
2024-01-25 22:50:49,834 [main] INFO  base.BaseClass - Found Element By {by.toString()}
2024-01-25 22:50:50,375 [main] INFO  base.BaseClass - Trying to find Element By {by.toString()})
2024-01-25 22:50:50,397 [main] INFO  base.BaseClass - Found Element By {by.toString()}
2024-01-25 22:50:50,926 [main] INFO  base.BaseClass - Trying to find Element By {by.toString()})
2024-01-25 22:50:50,950 [main] INFO  base.BaseClass - Found Element By {by.toString()}
2024-01-25 22:50:51,492 [main] INFO  base.BaseClass - Trying to find Element By {by.toString()})
2024-01-25 22:50:51,515 [main] INFO  base.BaseClass - Found Element By {by.toString()}
2024-01-25 22:50:52,053 [main] INFO  base.BaseClass - Trying to find Element By {by.toString()})
2024-01-25 22:50:52,078 [main] INFO  base.BaseClass - Found Element By {by.toString()}
2024-01-25 22:50:52,618 [main] INFO  base.BaseClass - Trying to find Element By {by.toString()})
2024-01-25 22:50:52,635 [main] INFO  base.BaseClass - Found Element By {by.toString()}
2024-01-25 22:50:53,167 [main] INFO  base.BaseClass - Trying to find Element By {by.toString()})
2024-01-25 22:50:53,191 [main] INFO  base.BaseClass - Found Element By {by.toString()}
2024-01-25 22:50:53,718 [main] INFO  base.BaseClass - Trying to find Element By {by.toString()})
2024-01-25 22:50:53,743 [main] INFO  base.BaseClass - Found Element By {by.toString()}
2024-01-25 22:50:54,282 [main] INFO  base.BaseClass - Trying to find Element By {by.toString()})
2024-01-25 22:50:54,305 [main] INFO  base.BaseClass - Found Element By {by.toString()}
2024-01-25 22:50:54,849 [main] INFO  base.BaseClass - Trying to find Element By {by.toString()})
2024-01-25 22:50:54,871 [main] INFO  base.BaseClass - Found Element By {by.toString()}
2024-01-25 22:50:55,416 [main] INFO  base.BaseClass - Trying to find Element By {by.toString()})
2024-01-25 22:50:55,439 [main] INFO  base.BaseClass - Found Element By {by.toString()}
2024-01-25 22:50:55,979 [main] INFO  base.BaseClass - Trying to find Element By {by.toString()})
2024-01-25 22:50:56,002 [main] INFO  base.BaseClass - Found Element By {by.toString()}
2024-01-25 22:50:56,548 [main] INFO  base.BaseClass - Trying to find Element By {by.toString()})
2024-01-25 22:50:56,571 [main] INFO  base.BaseClass - Found Element By {by.toString()}
2024-01-25 22:50:57,115 [main] INFO  base.BaseClass - Trying to find Element By {by.toString()})
2024-01-25 22:50:57,186 [main] INFO  base.BaseClass - Found Element By {by.toString()}
2024-01-25 22:50:57,726 [main] INFO  base.BaseClass - Trying to find Element By {by.toString()})
2024-01-25 22:50:57,749 [main] INFO  base.BaseClass - Found Element By {by.toString()}
2024-01-25 22:50:58,295 [main] INFO  base.BaseClass - Trying to find Element By {by.toString()})
2024-01-25 22:50:58,318 [main] INFO  base.BaseClass - Found Element By {by.toString()}
2024-01-25 22:50:58,859 [main] INFO  base.BaseClass - Trying to find Element By {by.toString()})
2024-01-25 22:50:58,882 [main] INFO  base.BaseClass - Found Element By {by.toString()}
2024-01-25 22:50:59,426 [main] INFO  base.BaseClass - Trying to find Element By {by.toString()})
2024-01-25 22:50:59,449 [main] INFO  base.BaseClass - Found Element By {by.toString()}
2024-01-25 22:50:59,976 [main] INFO  base.BaseClass - Trying to find Element By {by.toString()})
2024-01-25 22:50:59,999 [main] INFO  base.BaseClass - Found Element By {by.toString()}
2024-01-25 22:51:00,538 [main] INFO  base.BaseClass - Trying to find Element By {by.toString()})
2024-01-25 22:51:00,552 [main] INFO  base.BaseClass - Found Element By {by.toString()}
2024-01-25 22:51:01,087 [main] INFO  base.BaseClass - Trying to find Element By {by.toString()})
2024-01-25 22:51:01,110 [main] INFO  base.BaseClass - Found Element By {by.toString()}
2024-01-25 22:51:01,651 [main] INFO  base.BaseClass - Trying to find Element By {by.toString()})
2024-01-25 22:51:01,676 [main] INFO  base.BaseClass - Found Element By {by.toString()}
2024-01-25 22:51:02,216 [main] INFO  base.BaseClass - Trying to find Element By {by.toString()})
2024-01-25 22:51:02,237 [main] INFO  base.BaseClass - Found Element By {by.toString()}
2024-01-25 22:51:02,782 [main] INFO  base.BaseClass - Trying to find Element By {by.toString()})
2024-01-25 22:51:02,804 [main] INFO  base.BaseClass - Found Element By {by.toString()}
2024-01-25 22:51:03,346 [main] INFO  base.BaseClass - Trying to find Element By {by.toString()})
2024-01-25 22:51:03,370 [main] INFO  base.BaseClass - Found Element By {by.toString()}
2024-01-25 22:51:03,911 [main] INFO  base.BaseClass - Trying to find Element By {by.toString()})
2024-01-25 22:51:03,936 [main] INFO  base.BaseClass - Found Element By {by.toString()}
2024-01-25 22:51:04,472 [main] INFO  base.BaseClass - Trying to find Element By {by.toString()})
2024-01-25 22:51:04,497 [main] INFO  base.BaseClass - Found Element By {by.toString()}
2024-01-25 22:51:05,034 [main] INFO  base.BaseClass - Trying to find Element By {by.toString()})
2024-01-25 22:51:05,059 [main] INFO  base.BaseClass - Found Element By {by.toString()}
2024-01-25 22:51:05,603 [main] INFO  base.BaseClass - Trying to find Element By {by.toString()})
2024-01-25 22:51:05,627 [main] INFO  base.BaseClass - Found Element By {by.toString()}
2024-01-25 22:51:06,153 [main] INFO  base.BaseClass - Trying to find Element By {by.toString()})
2024-01-25 22:51:06,177 [main] INFO  base.BaseClass - Found Element By {by.toString()}
2024-01-25 22:51:06,718 [main] INFO  base.BaseClass - Trying to find Element By {by.toString()})
2024-01-25 22:51:06,739 [main] INFO  base.BaseClass - Found Element By {by.toString()}
2024-01-25 22:51:07,283 [main] INFO  base.BaseClass - Trying to find Element By {by.toString()})
2024-01-25 22:51:07,306 [main] INFO  base.BaseClass - Found Element By {by.toString()}
2024-01-25 22:51:07,848 [main] INFO  base.BaseClass - Trying to find Element By {by.toString()})
2024-01-25 22:51:07,870 [main] INFO  base.BaseClass - Found Element By {by.toString()}
2024-01-25 22:51:08,413 [main] INFO  base.BaseClass - Trying to find Element By {by.toString()})
2024-01-25 22:51:08,434 [main] INFO  base.BaseClass - Found Element By {by.toString()}
2024-01-25 22:51:08,977 [main] INFO  base.BaseClass - Trying to find Element By {by.toString()})
2024-01-25 22:51:09,003 [main] INFO  base.BaseClass - Found Element By {by.toString()}
2024-01-25 22:51:09,545 [main] INFO  base.BaseClass - Trying to find Element By {by.toString()})
2024-01-25 22:51:09,569 [main] INFO  base.BaseClass - Found Element By {by.toString()}
2024-01-25 22:51:10,111 [main] INFO  base.BaseClass - Trying to find Element By {by.toString()})
2024-01-25 22:51:10,134 [main] INFO  base.BaseClass - Found Element By {by.toString()}
2024-01-25 22:51:10,676 [main] INFO  base.BaseClass - Trying to find Element By {by.toString()})
2024-01-25 22:51:10,700 [main] INFO  base.BaseClass - Found Element By {by.toString()}
2024-01-25 22:51:11,240 [main] INFO  base.BaseClass - Trying to find Element By {by.toString()})
2024-01-25 22:51:11,264 [main] INFO  base.BaseClass - Found Element By {by.toString()}
2024-01-25 22:51:11,807 [main] INFO  base.BaseClass - Trying to find Element By {by.toString()})
2024-01-25 22:51:11,827 [main] INFO  base.BaseClass - Found Element By {by.toString()}
2024-01-25 22:51:12,359 [main] INFO  base.BaseClass - Trying to find Element By {by.toString()})
2024-01-25 22:51:12,374 [main] INFO  base.BaseClass - Found Element By {by.toString()}
2024-01-25 22:51:12,907 [main] INFO  base.BaseClass - Trying to find Element By {by.toString()})
2024-01-25 22:51:12,929 [main] INFO  base.BaseClass - Found Element By {by.toString()}
2024-01-25 22:51:13,457 [main] INFO  base.BaseClass - Trying to find Element By {by.toString()})
2024-01-25 22:51:13,481 [main] INFO  base.BaseClass - Found Element By {by.toString()}
2024-01-25 22:51:14,027 [main] INFO  base.BaseClass - Trying to find Element By {by.toString()})
2024-01-25 22:51:14,049 [main] INFO  base.BaseClass - Found Element By {by.toString()}
2024-01-25 22:51:14,592 [main] INFO  base.BaseClass - Trying to find Element By {by.toString()})
2024-01-25 22:51:14,613 [main] INFO  base.BaseClass - Found Element By {by.toString()}
2024-01-25 22:51:15,158 [main] INFO  base.BaseClass - Trying to find Element By {by.toString()})
2024-01-25 22:51:15,198 [main] INFO  base.BaseClass - Found Element By {by.toString()}
2024-01-25 22:51:15,737 [main] INFO  base.BaseClass - Trying to find Element By {by.toString()})
2024-01-25 22:51:15,759 [main] INFO  base.BaseClass - Found Element By {by.toString()}
2024-01-25 22:51:16,303 [main] INFO  base.BaseClass - Trying to find Element By {by.toString()})
2024-01-25 22:51:16,328 [main] INFO  base.BaseClass - Found Element By {by.toString()}
2024-01-25 22:51:16,868 [main] INFO  base.BaseClass - Trying to find Element By {by.toString()})
2024-01-25 22:51:16,890 [main] INFO  base.BaseClass - Found Element By {by.toString()}
2024-01-25 22:51:17,432 [main] INFO  base.BaseClass - Trying to find Element By {by.toString()})
2024-01-25 22:51:17,456 [main] INFO  base.BaseClass - Found Element By {by.toString()}
2024-01-25 22:51:18,002 [main] INFO  base.BaseClass - Trying to find Element By {by.toString()})
2024-01-25 22:51:18,025 [main] INFO  base.BaseClass - Found Element By {by.toString()}
2024-01-25 22:51:18,566 [main] INFO  base.BaseClass - Trying to find Element By {by.toString()})
2024-01-25 22:51:18,589 [main] INFO  base.BaseClass - Found Element By {by.toString()}
2024-01-25 22:51:19,130 [main] INFO  base.BaseClass - Trying to find Element By {by.toString()})
2024-01-25 22:51:19,153 [main] INFO  base.BaseClass - Found Element By {by.toString()}
TimeoutException occurred: Expected condition failed: waiting for helper.WaitUtility$5@5b24805c (tried for 30 second(s) with 500 milliseconds interval)
Build info: version: '3.141.59', revision: 'e82be7d358', time: '2018-11-14T08:17:03'
System info: host: 'DPLAP166', ip: '137.237.3.67', os.name: 'Windows 10', os.arch: 'amd64', os.version: '10.0', java.version: '19.0.1'
Driver info: org.openqa.selenium.support.events.EventFiringWebDriver
Capabilities {acceptInsecureCerts: true, browserName: chrome, browserVersion: 121.0.6167.86, chrome: {chromedriverVersion: 121.0.6167.85 (3f98d690ad7e..., userDataDir: C:\Users\dP-PL\AppData\Loca...}, fedcm:accounts: true, goog:chromeOptions: {debuggerAddress: localhost:55925}, javascriptEnabled: true, networkConnectionEnabled: false, pageLoadStrategy: normal, platform: WINDOWS, platformName: WINDOWS, proxy: Proxy(), setWindowRect: true, strictFileInteractability: false, timeouts: {implicit: 0, pageLoad: 300000, script: 30000}, unhandledPromptBehavior: dismiss and notify, webauthn:extension:credBlob: true, webauthn:extension:largeBlob: true, webauthn:extension:minPinLength: true, webauthn:extension:prf: true, webauthn:virtualAuthenticators: true}
Session ID: 251df78ecdf877c83d7f6c97df5078bc
2024-01-25 22:51:19,175 [main] ERROR XGLT_15177_Test - Element did not become visible within the specified time: Expected condition failed: waiting for helper.WaitUtility$5@5b24805c (tried for 30 second(s) with 500 milliseconds interval)
Build info: version: '3.141.59', revision: 'e82be7d358', time: '2018-11-14T08:17:03'
System info: host: 'DPLAP166', ip: '137.237.3.67', os.name: 'Windows 10', os.arch: 'amd64', os.version: '10.0', java.version: '19.0.1'
Driver info: org.openqa.selenium.support.events.EventFiringWebDriver
Capabilities {acceptInsecureCerts: true, browserName: chrome, browserVersion: 121.0.6167.86, chrome: {chromedriverVersion: 121.0.6167.85 (3f98d690ad7e..., userDataDir: C:\Users\dP-PL\AppData\Loca...}, fedcm:accounts: true, goog:chromeOptions: {debuggerAddress: localhost:55925}, javascriptEnabled: true, networkConnectionEnabled: false, pageLoadStrategy: normal, platform: WINDOWS, platformName: WINDOWS, proxy: Proxy(), setWindowRect: true, strictFileInteractability: false, timeouts: {implicit: 0, pageLoad: 300000, script: 30000}, unhandledPromptBehavior: dismiss and notify, webauthn:extension:credBlob: true, webauthn:extension:largeBlob: true, webauthn:extension:minPinLength: true, webauthn:extension:prf: true, webauthn:virtualAuthenticators: true}
Session ID: 251df78ecdf877c83d7f6c97df5078bc
2024-01-25 22:51:19,175 [main] INFO  base.BaseClass - Trying to find Element By {by.toString()})
2024-01-25 22:51:19,193 [main] INFO  base.BaseClass - Found Element By {by.toString()}
2024-01-25 22:51:19,193 [main] INFO  base.BaseClass - Trying to click on: {element.toString()}
2024-01-25 22:51:19,288 [main] INFO  base.BaseClass - Clicked on: {element.toString()}
2024-01-25 22:51:19,288 [main] INFO  base.BaseClass - Trying to find Element By {by.toString()})
2024-01-25 22:51:19,301 [main] INFO  base.BaseClass - Found Element By {by.toString()}
TimeoutException occurred: Expected condition failed: waiting for helper.WaitUtility$5@ab7aeb2 (tried for 30 second(s) with 500 milliseconds interval)
Build info: version: '3.141.59', revision: 'e82be7d358', time: '2018-11-14T08:17:03'
System info: host: 'DPLAP166', ip: '137.237.3.67', os.name: 'Windows 10', os.arch: 'amd64', os.version: '10.0', java.version: '19.0.1'
Driver info: org.openqa.selenium.support.events.EventFiringWebDriver
Capabilities {acceptInsecureCerts: true, browserName: chrome, browserVersion: 121.0.6167.86, chrome: {chromedriverVersion: 121.0.6167.85 (3f98d690ad7e..., userDataDir: C:\Users\dP-PL\AppData\Loca...}, fedcm:accounts: true, goog:chromeOptions: {debuggerAddress: localhost:55925}, javascriptEnabled: true, networkConnectionEnabled: false, pageLoadStrategy: normal, platform: WINDOWS, platformName: WINDOWS, proxy: Proxy(), setWindowRect: true, strictFileInteractability: false, timeouts: {implicit: 0, pageLoad: 300000, script: 30000}, unhandledPromptBehavior: dismiss and notify, webauthn:extension:credBlob: true, webauthn:extension:largeBlob: true, webauthn:extension:minPinLength: true, webauthn:extension:prf: true, webauthn:virtualAuthenticators: true}
Session ID: 251df78ecdf877c83d7f6c97df5078bc
2024-01-25 22:51:49,328 [main] ERROR XGLT_15177_Test - Element did not become visible within the specified time: Expected condition failed: waiting for helper.WaitUtility$5@ab7aeb2 (tried for 30 second(s) with 500 milliseconds interval)
Build info: version: '3.141.59', revision: 'e82be7d358', time: '2018-11-14T08:17:03'
System info: host: 'DPLAP166', ip: '137.237.3.67', os.name: 'Windows 10', os.arch: 'amd64', os.version: '10.0', java.version: '19.0.1'
Driver info: org.openqa.selenium.support.events.EventFiringWebDriver
Capabilities {acceptInsecureCerts: true, browserName: chrome, browserVersion: 121.0.6167.86, chrome: {chromedriverVersion: 121.0.6167.85 (3f98d690ad7e..., userDataDir: C:\Users\dP-PL\AppData\Loca...}, fedcm:accounts: true, goog:chromeOptions: {debuggerAddress: localhost:55925}, javascriptEnabled: true, networkConnectionEnabled: false, pageLoadStrategy: normal, platform: WINDOWS, platformName: WINDOWS, proxy: Proxy(), setWindowRect: true, strictFileInteractability: false, timeouts: {implicit: 0, pageLoad: 300000, script: 30000}, unhandledPromptBehavior: dismiss and notify, webauthn:extension:credBlob: true, webauthn:extension:largeBlob: true, webauthn:extension:minPinLength: true, webauthn:extension:prf: true, webauthn:virtualAuthenticators: true}
Session ID: 251df78ecdf877c83d7f6c97df5078bc
2024-01-25 22:51:49,328 [main] INFO  base.BaseClass - Trying to click on: {element.toString()}
2024-01-25 22:51:49,418 [main] INFO  base.BaseClass - Clicked on: {element.toString()}
2024-01-25 22:51:49,418 [main] INFO  base.BaseClass - Trying to find Element By {by.toString()})
2024-01-25 22:51:49,444 [main] INFO  base.BaseClass - Found Element By {by.toString()}
2024-01-25 22:51:49,976 [main] INFO  base.BaseClass - Trying to find Element By {by.toString()})
2024-01-25 22:51:49,996 [main] INFO  base.BaseClass - Found Element By {by.toString()}
2024-01-25 22:51:50,526 [main] INFO  base.BaseClass - Trying to find Element By {by.toString()})
2024-01-25 22:51:50,545 [main] INFO  base.BaseClass - Found Element By {by.toString()}
2024-01-25 22:51:51,088 [main] INFO  base.BaseClass - Trying to find Element By {by.toString()})
2024-01-25 22:51:51,109 [main] INFO  base.BaseClass - Found Element By {by.toString()}
2024-01-25 22:51:51,650 [main] INFO  base.BaseClass - Trying to find Element By {by.toString()})
2024-01-25 22:51:51,674 [main] INFO  base.BaseClass - Found Element By {by.toString()}
2024-01-25 22:51:52,216 [main] INFO  base.BaseClass - Trying to find Element By {by.toString()})
2024-01-25 22:51:52,240 [main] INFO  base.BaseClass - Found Element By {by.toString()}
2024-01-25 22:51:52,784 [main] INFO  base.BaseClass - Trying to find Element By {by.toString()})
2024-01-25 22:51:52,807 [main] INFO  base.BaseClass - Found Element By {by.toString()}
2024-01-25 22:51:53,349 [main] INFO  base.BaseClass - Trying to find Element By {by.toString()})
2024-01-25 22:51:53,374 [main] INFO  base.BaseClass - Found Element By {by.toString()}
2024-01-25 22:51:53,914 [main] INFO  base.BaseClass - Trying to find Element By {by.toString()})
2024-01-25 22:51:53,937 [main] INFO  base.BaseClass - Found Element By {by.toString()}
2024-01-25 22:51:54,477 [main] INFO  base.BaseClass - Trying to find Element By {by.toString()})
2024-01-25 22:51:54,499 [main] INFO  base.BaseClass - Found Element By {by.toString()}
2024-01-25 22:51:55,029 [main] INFO  base.BaseClass - Trying to find Element By {by.toString()})
2024-01-25 22:51:55,050 [main] INFO  base.BaseClass - Found Element By {by.toString()}
2024-01-25 22:51:55,593 [main] INFO  base.BaseClass - Trying to find Element By {by.toString()})
2024-01-25 22:51:55,618 [main] INFO  base.BaseClass - Found Element By {by.toString()}
2024-01-25 22:51:56,157 [main] INFO  base.BaseClass - Trying to find Element By {by.toString()})
2024-01-25 22:51:56,178 [main] INFO  base.BaseClass - Found Element By {by.toString()}
2024-01-25 22:51:56,721 [main] INFO  base.BaseClass - Trying to find Element By {by.toString()})
2024-01-25 22:51:56,743 [main] INFO  base.BaseClass - Found Element By {by.toString()}
2024-01-25 22:51:57,272 [main] INFO  base.BaseClass - Trying to find Element By {by.toString()})
2024-01-25 22:51:57,596 [main] INFO  base.BaseClass - Found Element By {by.toString()}
2024-01-25 22:51:58,131 [main] INFO  base.BaseClass - Trying to find Element By {by.toString()})
2024-01-25 22:51:58,154 [main] INFO  base.BaseClass - Found Element By {by.toString()}
2024-01-25 22:51:58,696 [main] INFO  base.BaseClass - Trying to find Element By {by.toString()})
2024-01-25 22:51:58,720 [main] INFO  base.BaseClass - Found Element By {by.toString()}
2024-01-25 22:51:59,262 [main] INFO  base.BaseClass - Trying to find Element By {by.toString()})
2024-01-25 22:51:59,284 [main] INFO  base.BaseClass - Found Element By {by.toString()}
2024-01-25 22:51:59,830 [main] INFO  base.BaseClass - Trying to find Element By {by.toString()})
2024-01-25 22:51:59,853 [main] INFO  base.BaseClass - Found Element By {by.toString()}
2024-01-25 22:52:00,399 [main] INFO  base.BaseClass - Trying to find Element By {by.toString()})
2024-01-25 22:52:00,421 [main] INFO  base.BaseClass - Found Element By {by.toString()}
2024-01-25 22:52:00,965 [main] INFO  base.BaseClass - Trying to find Element By {by.toString()})
2024-01-25 22:52:00,982 [main] INFO  base.BaseClass - Found Element By {by.toString()}
2024-01-25 22:52:01,515 [main] INFO  base.BaseClass - Trying to find Element By {by.toString()})
2024-01-25 22:52:01,538 [main] INFO  base.BaseClass - Found Element By {by.toString()}
2024-01-25 22:52:02,082 [main] INFO  base.BaseClass - Trying to find Element By {by.toString()})
2024-01-25 22:52:02,103 [main] INFO  base.BaseClass - Found Element By {by.toString()}
2024-01-25 22:52:02,633 [main] INFO  base.BaseClass - Trying to find Element By {by.toString()})
2024-01-25 22:52:02,648 [main] INFO  base.BaseClass - Found Element By {by.toString()}
2024-01-25 22:52:03,180 [main] INFO  base.BaseClass - Trying to find Element By {by.toString()})
2024-01-25 22:52:03,203 [main] INFO  base.BaseClass - Found Element By {by.toString()}
2024-01-25 22:52:03,747 [main] INFO  base.BaseClass - Trying to find Element By {by.toString()})
2024-01-25 22:52:03,769 [main] INFO  base.BaseClass - Found Element By {by.toString()}
2024-01-25 22:52:04,314 [main] INFO  base.BaseClass - Trying to find Element By {by.toString()})
2024-01-25 22:52:04,334 [main] INFO  base.BaseClass - Found Element By {by.toString()}
2024-01-25 22:52:04,879 [main] INFO  base.BaseClass - Trying to find Element By {by.toString()})
2024-01-25 22:52:04,901 [main] INFO  base.BaseClass - Found Element By {by.toString()}
2024-01-25 22:52:05,444 [main] INFO  base.BaseClass - Trying to find Element By {by.toString()})
2024-01-25 22:52:05,467 [main] INFO  base.BaseClass - Found Element By {by.toString()}
2024-01-25 22:52:06,008 [main] INFO  base.BaseClass - Trying to find Element By {by.toString()})
2024-01-25 22:52:06,029 [main] INFO  base.BaseClass - Found Element By {by.toString()}
2024-01-25 22:52:06,573 [main] INFO  base.BaseClass - Trying to find Element By {by.toString()})
2024-01-25 22:52:06,595 [main] INFO  base.BaseClass - Found Element By {by.toString()}
2024-01-25 22:52:07,136 [main] INFO  base.BaseClass - Trying to find Element By {by.toString()})
2024-01-25 22:52:07,157 [main] INFO  base.BaseClass - Found Element By {by.toString()}
2024-01-25 22:52:07,689 [main] INFO  base.BaseClass - Trying to find Element By {by.toString()})
2024-01-25 22:52:07,709 [main] INFO  base.BaseClass - Found Element By {by.toString()}
2024-01-25 22:52:08,254 [main] INFO  base.BaseClass - Trying to find Element By {by.toString()})
2024-01-25 22:52:08,276 [main] INFO  base.BaseClass - Found Element By {by.toString()}
2024-01-25 22:52:08,818 [main] INFO  base.BaseClass - Trying to find Element By {by.toString()})
2024-01-25 22:52:08,840 [main] INFO  base.BaseClass - Found Element By {by.toString()}
2024-01-25 22:52:09,368 [main] INFO  base.BaseClass - Trying to find Element By {by.toString()})
2024-01-25 22:52:09,390 [main] INFO  base.BaseClass - Found Element By {by.toString()}
2024-01-25 22:52:09,932 [main] INFO  base.BaseClass - Trying to find Element By {by.toString()})
2024-01-25 22:52:09,955 [main] INFO  base.BaseClass - Found Element By {by.toString()}
2024-01-25 22:52:10,484 [main] INFO  base.BaseClass - Trying to find Element By {by.toString()})
2024-01-25 22:52:10,505 [main] INFO  base.BaseClass - Found Element By {by.toString()}
2024-01-25 22:52:11,046 [main] INFO  base.BaseClass - Trying to find Element By {by.toString()})
2024-01-25 22:52:11,065 [main] INFO  base.BaseClass - Found Element By {by.toString()}
2024-01-25 22:52:11,596 [main] INFO  base.BaseClass - Trying to find Element By {by.toString()})
2024-01-25 22:52:11,618 [main] INFO  base.BaseClass - Found Element By {by.toString()}
2024-01-25 22:52:12,162 [main] INFO  base.BaseClass - Trying to find Element By {by.toString()})
2024-01-25 22:52:12,184 [main] INFO  base.BaseClass - Found Element By {by.toString()}
2024-01-25 22:52:12,711 [main] INFO  base.BaseClass - Trying to find Element By {by.toString()})
2024-01-25 22:52:12,733 [main] INFO  base.BaseClass - Found Element By {by.toString()}
2024-01-25 22:52:13,262 [main] INFO  base.BaseClass - Trying to find Element By {by.toString()})
2024-01-25 22:52:13,285 [main] INFO  base.BaseClass - Found Element By {by.toString()}
2024-01-25 22:52:13,827 [main] INFO  base.BaseClass - Trying to find Element By {by.toString()})
2024-01-25 22:52:13,849 [main] INFO  base.BaseClass - Found Element By {by.toString()}
2024-01-25 22:52:14,378 [main] INFO  base.BaseClass - Trying to find Element By {by.toString()})
2024-01-25 22:52:14,401 [main] INFO  base.BaseClass - Found Element By {by.toString()}
2024-01-25 22:52:14,943 [main] INFO  base.BaseClass - Trying to find Element By {by.toString()})
2024-01-25 22:52:14,961 [main] INFO  base.BaseClass - Found Element By {by.toString()}
2024-01-25 22:52:15,480 [main] INFO  base.BaseClass - Trying to find Element By {by.toString()})
2024-01-25 22:52:15,503 [main] INFO  base.BaseClass - Found Element By {by.toString()}
2024-01-25 22:52:16,047 [main] INFO  base.BaseClass - Trying to find Element By {by.toString()})
2024-01-25 22:52:16,069 [main] INFO  base.BaseClass - Found Element By {by.toString()}
2024-01-25 22:52:16,614 [main] INFO  base.BaseClass - Trying to find Element By {by.toString()})
2024-01-25 22:52:16,636 [main] INFO  base.BaseClass - Found Element By {by.toString()}
2024-01-25 22:52:17,179 [main] INFO  base.BaseClass - Trying to find Element By {by.toString()})
2024-01-25 22:52:17,200 [main] INFO  base.BaseClass - Found Element By {by.toString()}
2024-01-25 22:52:17,761 [main] INFO  base.BaseClass - Trying to find Element By {by.toString()})
2024-01-25 22:52:17,780 [main] INFO  base.BaseClass - Found Element By {by.toString()}
2024-01-25 22:52:18,329 [main] INFO  base.BaseClass - Trying to find Element By {by.toString()})
2024-01-25 22:52:18,352 [main] INFO  base.BaseClass - Found Element By {by.toString()}
2024-01-25 22:52:18,892 [main] INFO  base.BaseClass - Trying to find Element By {by.toString()})
2024-01-25 22:52:18,912 [main] INFO  base.BaseClass - Found Element By {by.toString()}
2024-01-25 22:52:19,441 [main] INFO  base.BaseClass - Trying to find Element By {by.toString()})
2024-01-25 22:52:19,463 [main] INFO  base.BaseClass - Found Element By {by.toString()}
TimeoutException occurred: Expected condition failed: waiting for helper.WaitUtility$5@420bbf24 (tried for 30 second(s) with 500 milliseconds interval)
Build info: version: '3.141.59', revision: 'e82be7d358', time: '2018-11-14T08:17:03'
System info: host: 'DPLAP166', ip: '137.237.3.67', os.name: 'Windows 10', os.arch: 'amd64', os.version: '10.0', java.version: '19.0.1'
Driver info: org.openqa.selenium.support.events.EventFiringWebDriver
Capabilities {acceptInsecureCerts: true, browserName: chrome, browserVersion: 121.0.6167.86, chrome: {chromedriverVersion: 121.0.6167.85 (3f98d690ad7e..., userDataDir: C:\Users\dP-PL\AppData\Loca...}, fedcm:accounts: true, goog:chromeOptions: {debuggerAddress: localhost:55925}, javascriptEnabled: true, networkConnectionEnabled: false, pageLoadStrategy: normal, platform: WINDOWS, platformName: WINDOWS, proxy: Proxy(), setWindowRect: true, strictFileInteractability: false, timeouts: {implicit: 0, pageLoad: 300000, script: 30000}, unhandledPromptBehavior: dismiss and notify, webauthn:extension:credBlob: true, webauthn:extension:largeBlob: true, webauthn:extension:minPinLength: true, webauthn:extension:prf: true, webauthn:virtualAuthenticators: true}
Session ID: 251df78ecdf877c83d7f6c97df5078bc
2024-01-25 22:52:19,493 [main] ERROR XGLT_15177_Test - Element did not become visible within the specified time: Expected condition failed: waiting for helper.WaitUtility$5@420bbf24 (tried for 30 second(s) with 500 milliseconds interval)
Build info: version: '3.141.59', revision: 'e82be7d358', time: '2018-11-14T08:17:03'
System info: host: 'DPLAP166', ip: '137.237.3.67', os.name: 'Windows 10', os.arch: 'amd64', os.version: '10.0', java.version: '19.0.1'
Driver info: org.openqa.selenium.support.events.EventFiringWebDriver
Capabilities {acceptInsecureCerts: true, browserName: chrome, browserVersion: 121.0.6167.86, chrome: {chromedriverVersion: 121.0.6167.85 (3f98d690ad7e..., userDataDir: C:\Users\dP-PL\AppData\Loca...}, fedcm:accounts: true, goog:chromeOptions: {debuggerAddress: localhost:55925}, javascriptEnabled: true, networkConnectionEnabled: false, pageLoadStrategy: normal, platform: WINDOWS, platformName: WINDOWS, proxy: Proxy(), setWindowRect: true, strictFileInteractability: false, timeouts: {implicit: 0, pageLoad: 300000, script: 30000}, unhandledPromptBehavior: dismiss and notify, webauthn:extension:credBlob: true, webauthn:extension:largeBlob: true, webauthn:extension:minPinLength: true, webauthn:extension:prf: true, webauthn:virtualAuthenticators: true}
Session ID: 251df78ecdf877c83d7f6c97df5078bc
2024-01-25 22:52:19,493 [main] INFO  base.BaseClass - Trying to find Element By {by.toString()})
2024-01-25 22:52:19,512 [main] INFO  base.BaseClass - Found Element By {by.toString()}
2024-01-25 22:52:19,512 [main] INFO  base.BaseClass - Trying to click on: {element.toString()}
2024-01-25 22:52:19,639 [main] INFO  base.BaseClass - Clicked on: {element.toString()}
2024-01-25 22:52:20,760 [main] INFO  base.BaseClass - Trying to find Element By {by.toString()})
2024-01-25 22:52:21,569 [main] INFO  base.BaseClass - Found Element By {by.toString()}
MCsetUser passed!
]]></system-out>
    <system-err><![CDATA[Starting ChromeDriver 121.0.6167.85 (3f98d690ad7e59242ef110144c757b2ac4eef1a2-refs/branch-heads/6167@{#1539}) on port 38938
Only local connections are allowed.
Please see https://chromedriver.chromium.org/security-considerations for suggestions on keeping ChromeDriver safe.
ChromeDriver was started successfully.
Jan 25, 2024 10:44:10 PM org.openqa.selenium.remote.ProtocolHandshake createSession
INFO: Detected dialect: W3C
]]></system-err>
  </testcase>
  <testcase name="getMCUsercounts" classname="XGLT_6692_Test" time="6.946">
    <system-out><![CDATA[Before method Test name: Maintainance Tests
getMCUsercounts started!
2024-01-25 22:52:21,836 [main] INFO  base.BaseClass - Trying to find Element By {by.toString()})
2024-01-25 22:52:21,864 [main] INFO  base.BaseClass - Found Element By {by.toString()}
2024-01-25 22:52:21,881 [main] INFO  base.BaseClass - Trying to find Element By {by.toString()})
2024-01-25 22:52:21,897 [main] INFO  base.BaseClass - Found Element By {by.toString()}
2024-01-25 22:52:21,914 [main] INFO  base.BaseClass - Trying to find Element By {by.toString()})
2024-01-25 22:52:21,938 [main] INFO  base.BaseClass - Found Element By {by.toString()}
2024-01-25 22:52:21,954 [main] INFO  base.BaseClass - Trying to find Element By {by.toString()})
2024-01-25 22:52:21,970 [main] INFO  base.BaseClass - Found Element By {by.toString()}
2024-01-25 22:52:21,987 [main] INFO  base.BaseClass - Trying to find Element By {by.toString()})
2024-01-25 22:52:22,010 [main] INFO  base.BaseClass - Found Element By {by.toString()}
2024-01-25 22:52:22,027 [main] INFO  base.BaseClass - Trying to find Element By {by.toString()})
2024-01-25 22:52:22,042 [main] INFO  base.BaseClass - Found Element By {by.toString()}
2024-01-25 22:52:22,062 [main] INFO  base.BaseClass - Trying to find Element By {by.toString()})
2024-01-25 22:52:22,087 [main] INFO  base.BaseClass - Found Element By {by.toString()}
2024-01-25 22:52:22,102 [main] INFO  base.BaseClass - Trying to find Element By {by.toString()})
2024-01-25 22:52:22,116 [main] INFO  base.BaseClass - Found Element By {by.toString()}
Database is connected successfully
Connection closed successfully.
DB count is 18
2024-01-25 22:52:28,475 [main] INFO  base.BaseClass - Trying to find Element By {by.toString()})
2024-01-25 22:52:28,519 [main] INFO  base.BaseClass - Found Element By {by.toString()}
2024-01-25 22:52:28,534 [main] INFO  base.BaseClass - Trying to find Element By {by.toString()})
2024-01-25 22:52:28,546 [main] INFO  base.BaseClass - Found Element By {by.toString()}
2024-01-25 22:52:28,556 [main] INFO  base.BaseClass - Trying to find Element By {by.toString()})
2024-01-25 22:52:28,565 [main] INFO  base.BaseClass - Found Element By {by.toString()}
2024-01-25 22:52:28,573 [main] INFO  base.BaseClass - Trying to find Element By {by.toString()})
2024-01-25 22:52:28,580 [main] INFO  base.BaseClass - Found Element By {by.toString()}
Value in DB 18and value on MC widget is 18
2024-01-25 22:52:28,588 [main] INFO  base.BaseClass - Trying to find Element By {by.toString()})
2024-01-25 22:52:28,596 [main] INFO  base.BaseClass - Found Element By {by.toString()}
2024-01-25 22:52:28,603 [main] INFO  base.BaseClass - Trying to find Element By {by.toString()})
2024-01-25 22:52:28,611 [main] INFO  base.BaseClass - Found Element By {by.toString()}
2024-01-25 22:52:28,619 [main] INFO  base.BaseClass - Trying to find Element By {by.toString()})
2024-01-25 22:52:28,627 [main] INFO  base.BaseClass - Found Element By {by.toString()}
2024-01-25 22:52:28,635 [main] INFO  base.BaseClass - Trying to find Element By {by.toString()})
2024-01-25 22:52:28,644 [main] INFO  base.BaseClass - Found Element By {by.toString()}
getMCUsercounts passed!
]]></system-out>
  </testcase>
  <testcase name="CreateNewSalesoffice" classname="XGLT_6749_Test" time="153.841">
    <system-out><![CDATA[2024-01-25 22:52:28,769 [main] INFO  XGLT_15177_Test - closing up browser
2024-01-25 22:52:29,141 [main] INFO  base.BaseClass - Login to XGL
2024-01-25 22:52:29,141 [main] INFO  XGLT_15177_Test - Setting up browser
2024-01-25 22:52:29,156 [main] INFO  io.github.bonigarcia.wdm.WebDriverManager - Using chromedriver 121.0.6167.85 (resolved driver for Chrome 121)
2024-01-25 22:52:29,178 [main] INFO  io.github.bonigarcia.wdm.WebDriverManager - Exporting webdriver.chrome.driver as C:\Users\dP-PL\.cache\selenium\chromedriver\win64\121.0.6167.85\chromedriver.exe
2024-01-25 22:52:30,243 [main] INFO  base.BaseClass - Before navigating to {url}
2024-01-25 22:52:36,404 [main] INFO  base.BaseClass - Navigated to {url}
2024-01-25 22:52:37,076 [main] INFO  base.BaseClass - Trying to find Element By {by.toString()})
2024-01-25 22:52:37,088 [main] INFO  base.BaseClass - Found Element By {by.toString()}
2024-01-25 22:52:37,135 [main] INFO  base.BaseClass - Trying to find Element By {by.toString()})
2024-01-25 22:52:37,147 [main] INFO  base.BaseClass - Found Element By {by.toString()}
2024-01-25 22:52:37,210 [main] INFO  base.BaseClass - Trying to find Element By {by.toString()})
2024-01-25 22:52:37,222 [main] INFO  base.BaseClass - Found Element By {by.toString()}
2024-01-25 22:52:37,222 [main] INFO  base.BaseClass - Trying to click on: {element.toString()}
2024-01-25 22:52:37,258 [main] INFO  base.BaseClass - Clicked on: {element.toString()}
2024-01-25 22:52:37,258 [main] INFO  base.BaseClass - Trying to find Element By {by.toString()})
2024-01-25 22:52:41,831 [main] INFO  base.BaseClass - Found Element By {by.toString()}
2024-01-25 22:52:41,852 [main] INFO  base.BaseClass - Trying to find Element By {by.toString()})
NoSuchElementException occurred: no such element: Unable to locate element: {"method":"xpath","selector":"//div[@class='modal-content']/div/i[contains(@class,'close')]"}
  (Session info: chrome=121.0.6167.86)
For documentation on this error, please visit: https://www.seleniumhq.org/exceptions/no_such_element.html
Build info: version: '3.141.59', revision: 'e82be7d358', time: '2018-11-14T08:17:03'
System info: host: 'DPLAP166', ip: '137.237.3.67', os.name: 'Windows 10', os.arch: 'amd64', os.version: '10.0', java.version: '19.0.1'
Driver info: org.openqa.selenium.chrome.ChromeDriver
Capabilities {acceptInsecureCerts: true, browserName: chrome, browserVersion: 121.0.6167.86, chrome: {chromedriverVersion: 121.0.6167.85 (3f98d690ad7e..., userDataDir: C:\Users\dP-PL\AppData\Loca...}, fedcm:accounts: true, goog:chromeOptions: {debuggerAddress: localhost:55961}, javascriptEnabled: true, networkConnectionEnabled: false, pageLoadStrategy: normal, platform: WINDOWS, platformName: WINDOWS, proxy: Proxy(), setWindowRect: true, strictFileInteractability: false, timeouts: {implicit: 0, pageLoad: 300000, script: 30000}, unhandledPromptBehavior: dismiss and notify, webauthn:extension:credBlob: true, webauthn:extension:largeBlob: true, webauthn:extension:minPinLength: true, webauthn:extension:prf: true, webauthn:virtualAuthenticators: true}
Session ID: 48a8dd11ac42f4e533d49fd6c4dde4a1
*** Element info: {Using=xpath, value=//div[@class='modal-content']/div/i[contains(@class,'close')]}
Before method Test name: Maintainance Tests
CreateNewSalesoffice started!
2024-01-25 22:53:31,902 [main] INFO  base.BaseClass - Trying to find Element By {by.toString()})
2024-01-25 22:53:31,933 [main] INFO  base.BaseClass - Found Element By {by.toString()}
2024-01-25 22:53:32,468 [main] INFO  base.BaseClass - Trying to find Element By {by.toString()})
2024-01-25 22:53:32,490 [main] INFO  base.BaseClass - Found Element By {by.toString()}
2024-01-25 22:53:33,019 [main] INFO  base.BaseClass - Trying to find Element By {by.toString()})
2024-01-25 22:53:33,043 [main] INFO  base.BaseClass - Found Element By {by.toString()}
2024-01-25 22:53:33,579 [main] INFO  base.BaseClass - Trying to find Element By {by.toString()})
2024-01-25 22:53:33,603 [main] INFO  base.BaseClass - Found Element By {by.toString()}
2024-01-25 22:53:34,145 [main] INFO  base.BaseClass - Trying to find Element By {by.toString()})
2024-01-25 22:53:34,168 [main] INFO  base.BaseClass - Found Element By {by.toString()}
2024-01-25 22:53:34,708 [main] INFO  base.BaseClass - Trying to find Element By {by.toString()})
2024-01-25 22:53:34,733 [main] INFO  base.BaseClass - Found Element By {by.toString()}
2024-01-25 22:53:35,269 [main] INFO  base.BaseClass - Trying to find Element By {by.toString()})
2024-01-25 22:53:35,292 [main] INFO  base.BaseClass - Found Element By {by.toString()}
2024-01-25 22:53:35,841 [main] INFO  base.BaseClass - Trying to find Element By {by.toString()})
2024-01-25 22:53:35,863 [main] INFO  base.BaseClass - Found Element By {by.toString()}
2024-01-25 22:53:36,409 [main] INFO  base.BaseClass - Trying to find Element By {by.toString()})
2024-01-25 22:53:36,431 [main] INFO  base.BaseClass - Found Element By {by.toString()}
2024-01-25 22:53:36,967 [main] INFO  base.BaseClass - Trying to find Element By {by.toString()})
2024-01-25 22:53:36,988 [main] INFO  base.BaseClass - Found Element By {by.toString()}
2024-01-25 22:53:37,509 [main] INFO  base.BaseClass - Trying to find Element By {by.toString()})
2024-01-25 22:53:37,530 [main] INFO  base.BaseClass - Found Element By {by.toString()}
2024-01-25 22:53:38,066 [main] INFO  base.BaseClass - Trying to find Element By {by.toString()})
2024-01-25 22:53:38,082 [main] INFO  base.BaseClass - Found Element By {by.toString()}
2024-01-25 22:53:38,616 [main] INFO  base.BaseClass - Trying to find Element By {by.toString()})
2024-01-25 22:53:38,631 [main] INFO  base.BaseClass - Found Element By {by.toString()}
2024-01-25 22:53:39,159 [main] INFO  base.BaseClass - Trying to find Element By {by.toString()})
2024-01-25 22:53:39,180 [main] INFO  base.BaseClass - Found Element By {by.toString()}
2024-01-25 22:53:39,711 [main] INFO  base.BaseClass - Trying to find Element By {by.toString()})
2024-01-25 22:53:39,733 [main] INFO  base.BaseClass - Found Element By {by.toString()}
2024-01-25 22:53:40,277 [main] INFO  base.BaseClass - Trying to find Element By {by.toString()})
2024-01-25 22:53:40,301 [main] INFO  base.BaseClass - Found Element By {by.toString()}
2024-01-25 22:53:40,841 [main] INFO  base.BaseClass - Trying to find Element By {by.toString()})
2024-01-25 22:53:40,857 [main] INFO  base.BaseClass - Found Element By {by.toString()}
2024-01-25 22:53:41,390 [main] INFO  base.BaseClass - Trying to find Element By {by.toString()})
2024-01-25 22:53:41,412 [main] INFO  base.BaseClass - Found Element By {by.toString()}
2024-01-25 22:53:41,946 [main] INFO  base.BaseClass - Trying to find Element By {by.toString()})
2024-01-25 22:53:41,968 [main] INFO  base.BaseClass - Found Element By {by.toString()}
2024-01-25 22:53:42,502 [main] INFO  base.BaseClass - Trying to find Element By {by.toString()})
2024-01-25 22:53:42,523 [main] INFO  base.BaseClass - Found Element By {by.toString()}
2024-01-25 22:53:43,054 [main] INFO  base.BaseClass - Trying to find Element By {by.toString()})
2024-01-25 22:53:43,073 [main] INFO  base.BaseClass - Found Element By {by.toString()}
2024-01-25 22:53:43,607 [main] INFO  base.BaseClass - Trying to find Element By {by.toString()})
2024-01-25 22:53:43,628 [main] INFO  base.BaseClass - Found Element By {by.toString()}
2024-01-25 22:53:44,158 [main] INFO  base.BaseClass - Trying to find Element By {by.toString()})
2024-01-25 22:53:44,181 [main] INFO  base.BaseClass - Found Element By {by.toString()}
2024-01-25 22:53:44,723 [main] INFO  base.BaseClass - Trying to find Element By {by.toString()})
2024-01-25 22:53:44,744 [main] INFO  base.BaseClass - Found Element By {by.toString()}
2024-01-25 22:53:45,271 [main] INFO  base.BaseClass - Trying to find Element By {by.toString()})
2024-01-25 22:53:45,293 [main] INFO  base.BaseClass - Found Element By {by.toString()}
2024-01-25 22:53:45,825 [main] INFO  base.BaseClass - Trying to find Element By {by.toString()})
2024-01-25 22:53:46,413 [main] INFO  base.BaseClass - Found Element By {by.toString()}
2024-01-25 22:53:46,945 [main] INFO  base.BaseClass - Trying to find Element By {by.toString()})
2024-01-25 22:53:46,968 [main] INFO  base.BaseClass - Found Element By {by.toString()}
2024-01-25 22:53:47,504 [main] INFO  base.BaseClass - Trying to find Element By {by.toString()})
2024-01-25 22:53:47,520 [main] INFO  base.BaseClass - Found Element By {by.toString()}
2024-01-25 22:53:48,051 [main] INFO  base.BaseClass - Trying to find Element By {by.toString()})
2024-01-25 22:53:48,075 [main] INFO  base.BaseClass - Found Element By {by.toString()}
2024-01-25 22:53:48,609 [main] INFO  base.BaseClass - Trying to find Element By {by.toString()})
2024-01-25 22:53:48,629 [main] INFO  base.BaseClass - Found Element By {by.toString()}
2024-01-25 22:53:49,161 [main] INFO  base.BaseClass - Trying to find Element By {by.toString()})
2024-01-25 22:53:49,186 [main] INFO  base.BaseClass - Found Element By {by.toString()}
2024-01-25 22:53:49,724 [main] INFO  base.BaseClass - Trying to find Element By {by.toString()})
2024-01-25 22:53:49,746 [main] INFO  base.BaseClass - Found Element By {by.toString()}
2024-01-25 22:53:50,284 [main] INFO  base.BaseClass - Trying to find Element By {by.toString()})
2024-01-25 22:53:50,306 [main] INFO  base.BaseClass - Found Element By {by.toString()}
2024-01-25 22:53:50,842 [main] INFO  base.BaseClass - Trying to find Element By {by.toString()})
2024-01-25 22:53:50,864 [main] INFO  base.BaseClass - Found Element By {by.toString()}
2024-01-25 22:53:51,403 [main] INFO  base.BaseClass - Trying to find Element By {by.toString()})
2024-01-25 22:53:51,424 [main] INFO  base.BaseClass - Found Element By {by.toString()}
2024-01-25 22:53:51,965 [main] INFO  base.BaseClass - Trying to find Element By {by.toString()})
2024-01-25 22:53:51,987 [main] INFO  base.BaseClass - Found Element By {by.toString()}
2024-01-25 22:53:52,520 [main] INFO  base.BaseClass - Trying to find Element By {by.toString()})
2024-01-25 22:53:52,949 [main] INFO  base.BaseClass - Found Element By {by.toString()}
2024-01-25 22:53:53,485 [main] INFO  base.BaseClass - Trying to find Element By {by.toString()})
2024-01-25 22:53:53,510 [main] INFO  base.BaseClass - Found Element By {by.toString()}
2024-01-25 22:53:54,047 [main] INFO  base.BaseClass - Trying to find Element By {by.toString()})
2024-01-25 22:53:54,072 [main] INFO  base.BaseClass - Found Element By {by.toString()}
2024-01-25 22:53:54,608 [main] INFO  base.BaseClass - Trying to find Element By {by.toString()})
2024-01-25 22:53:54,632 [main] INFO  base.BaseClass - Found Element By {by.toString()}
2024-01-25 22:53:55,161 [main] INFO  base.BaseClass - Trying to find Element By {by.toString()})
2024-01-25 22:53:55,171 [main] INFO  base.BaseClass - Found Element By {by.toString()}
2024-01-25 22:53:55,684 [main] INFO  base.BaseClass - Trying to find Element By {by.toString()})
2024-01-25 22:53:55,705 [main] INFO  base.BaseClass - Found Element By {by.toString()}
2024-01-25 22:53:56,235 [main] INFO  base.BaseClass - Trying to find Element By {by.toString()})
2024-01-25 22:53:56,260 [main] INFO  base.BaseClass - Found Element By {by.toString()}
2024-01-25 22:53:56,788 [main] INFO  base.BaseClass - Trying to find Element By {by.toString()})
2024-01-25 22:53:56,811 [main] INFO  base.BaseClass - Found Element By {by.toString()}
2024-01-25 22:53:57,333 [main] INFO  base.BaseClass - Trying to find Element By {by.toString()})
2024-01-25 22:53:57,358 [main] INFO  base.BaseClass - Found Element By {by.toString()}
2024-01-25 22:53:57,884 [main] INFO  base.BaseClass - Trying to find Element By {by.toString()})
2024-01-25 22:53:57,906 [main] INFO  base.BaseClass - Found Element By {by.toString()}
2024-01-25 22:53:58,444 [main] INFO  base.BaseClass - Trying to find Element By {by.toString()})
2024-01-25 22:53:58,460 [main] INFO  base.BaseClass - Found Element By {by.toString()}
2024-01-25 22:53:58,985 [main] INFO  base.BaseClass - Trying to find Element By {by.toString()})
2024-01-25 22:53:59,000 [main] INFO  base.BaseClass - Found Element By {by.toString()}
2024-01-25 22:53:59,525 [main] INFO  base.BaseClass - Trying to find Element By {by.toString()})
2024-01-25 22:53:59,552 [main] INFO  base.BaseClass - Found Element By {by.toString()}
2024-01-25 22:54:00,076 [main] INFO  base.BaseClass - Trying to find Element By {by.toString()})
2024-01-25 22:54:00,092 [main] INFO  base.BaseClass - Found Element By {by.toString()}
2024-01-25 22:54:00,612 [main] INFO  base.BaseClass - Trying to find Element By {by.toString()})
2024-01-25 22:54:00,628 [main] INFO  base.BaseClass - Found Element By {by.toString()}
2024-01-25 22:54:01,155 [main] INFO  base.BaseClass - Trying to find Element By {by.toString()})
2024-01-25 22:54:01,172 [main] INFO  base.BaseClass - Found Element By {by.toString()}
2024-01-25 22:54:01,704 [main] INFO  base.BaseClass - Trying to find Element By {by.toString()})
2024-01-25 22:54:01,717 [main] INFO  base.BaseClass - Found Element By {by.toString()}
2024-01-25 22:54:02,248 [main] INFO  base.BaseClass - Trying to find Element By {by.toString()})
2024-01-25 22:54:02,263 [main] INFO  base.BaseClass - Found Element By {by.toString()}
TimeoutException occurred: Expected condition failed: waiting for helper.WaitUtility$5@37994d07 (tried for 30 second(s) with 500 milliseconds interval)
Build info: version: '3.141.59', revision: 'e82be7d358', time: '2018-11-14T08:17:03'
System info: host: 'DPLAP166', ip: '137.237.3.67', os.name: 'Windows 10', os.arch: 'amd64', os.version: '10.0', java.version: '19.0.1'
Driver info: org.openqa.selenium.support.events.EventFiringWebDriver
Capabilities {acceptInsecureCerts: true, browserName: chrome, browserVersion: 121.0.6167.86, chrome: {chromedriverVersion: 121.0.6167.85 (3f98d690ad7e..., userDataDir: C:\Users\dP-PL\AppData\Loca...}, fedcm:accounts: true, goog:chromeOptions: {debuggerAddress: localhost:55961}, javascriptEnabled: true, networkConnectionEnabled: false, pageLoadStrategy: normal, platform: WINDOWS, platformName: WINDOWS, proxy: Proxy(), setWindowRect: true, strictFileInteractability: false, timeouts: {implicit: 0, pageLoad: 300000, script: 30000}, unhandledPromptBehavior: dismiss and notify, webauthn:extension:credBlob: true, webauthn:extension:largeBlob: true, webauthn:extension:minPinLength: true, webauthn:extension:prf: true, webauthn:virtualAuthenticators: true}
Session ID: 48a8dd11ac42f4e533d49fd6c4dde4a1
2024-01-25 22:54:02,288 [main] ERROR XGLT_15177_Test - Element did not become visible within the specified time: Expected condition failed: waiting for helper.WaitUtility$5@37994d07 (tried for 30 second(s) with 500 milliseconds interval)
Build info: version: '3.141.59', revision: 'e82be7d358', time: '2018-11-14T08:17:03'
System info: host: 'DPLAP166', ip: '137.237.3.67', os.name: 'Windows 10', os.arch: 'amd64', os.version: '10.0', java.version: '19.0.1'
Driver info: org.openqa.selenium.support.events.EventFiringWebDriver
Capabilities {acceptInsecureCerts: true, browserName: chrome, browserVersion: 121.0.6167.86, chrome: {chromedriverVersion: 121.0.6167.85 (3f98d690ad7e..., userDataDir: C:\Users\dP-PL\AppData\Loca...}, fedcm:accounts: true, goog:chromeOptions: {debuggerAddress: localhost:55961}, javascriptEnabled: true, networkConnectionEnabled: false, pageLoadStrategy: normal, platform: WINDOWS, platformName: WINDOWS, proxy: Proxy(), setWindowRect: true, strictFileInteractability: false, timeouts: {implicit: 0, pageLoad: 300000, script: 30000}, unhandledPromptBehavior: dismiss and notify, webauthn:extension:credBlob: true, webauthn:extension:largeBlob: true, webauthn:extension:minPinLength: true, webauthn:extension:prf: true, webauthn:virtualAuthenticators: true}
Session ID: 48a8dd11ac42f4e533d49fd6c4dde4a1
2024-01-25 22:54:02,288 [main] INFO  base.BaseClass - Trying to find Element By {by.toString()})
2024-01-25 22:54:02,303 [main] INFO  base.BaseClass - Found Element By {by.toString()}
2024-01-25 22:54:02,304 [main] INFO  base.BaseClass - Trying to click on: {element.toString()}
2024-01-25 22:54:02,429 [main] INFO  base.BaseClass - Clicked on: {element.toString()}
2024-01-25 22:54:02,429 [main] INFO  base.BaseClass - Trying to find Element By {by.toString()})
2024-01-25 22:54:02,442 [main] INFO  base.BaseClass - Found Element By {by.toString()}
2024-01-25 22:54:02,955 [main] INFO  base.BaseClass - Trying to find Element By {by.toString()})
2024-01-25 22:54:02,978 [main] INFO  base.BaseClass - Found Element By {by.toString()}
2024-01-25 22:54:03,517 [main] INFO  base.BaseClass - Trying to find Element By {by.toString()})
2024-01-25 22:54:03,535 [main] INFO  base.BaseClass - Found Element By {by.toString()}
2024-01-25 22:54:04,069 [main] INFO  base.BaseClass - Trying to find Element By {by.toString()})
2024-01-25 22:54:04,083 [main] INFO  base.BaseClass - Found Element By {by.toString()}
2024-01-25 22:54:04,601 [main] INFO  base.BaseClass - Trying to find Element By {by.toString()})
2024-01-25 22:54:04,625 [main] INFO  base.BaseClass - Found Element By {by.toString()}
2024-01-25 22:54:05,164 [main] INFO  base.BaseClass - Trying to find Element By {by.toString()})
2024-01-25 22:54:05,181 [main] INFO  base.BaseClass - Found Element By {by.toString()}
2024-01-25 22:54:05,701 [main] INFO  base.BaseClass - Trying to find Element By {by.toString()})
2024-01-25 22:54:05,717 [main] INFO  base.BaseClass - Found Element By {by.toString()}
2024-01-25 22:54:06,240 [main] INFO  base.BaseClass - Trying to find Element By {by.toString()})
2024-01-25 22:54:06,249 [main] INFO  base.BaseClass - Found Element By {by.toString()}
2024-01-25 22:54:06,762 [main] INFO  base.BaseClass - Trying to find Element By {by.toString()})
2024-01-25 22:54:06,785 [main] INFO  base.BaseClass - Found Element By {by.toString()}
2024-01-25 22:54:07,320 [main] INFO  base.BaseClass - Trying to find Element By {by.toString()})
2024-01-25 22:54:07,344 [main] INFO  base.BaseClass - Found Element By {by.toString()}
2024-01-25 22:54:07,877 [main] INFO  base.BaseClass - Trying to find Element By {by.toString()})
2024-01-25 22:54:07,901 [main] INFO  base.BaseClass - Found Element By {by.toString()}
2024-01-25 22:54:08,438 [main] INFO  base.BaseClass - Trying to find Element By {by.toString()})
2024-01-25 22:54:08,460 [main] INFO  base.BaseClass - Found Element By {by.toString()}
2024-01-25 22:54:08,995 [main] INFO  base.BaseClass - Trying to find Element By {by.toString()})
2024-01-25 22:54:09,018 [main] INFO  base.BaseClass - Found Element By {by.toString()}
2024-01-25 22:54:09,553 [main] INFO  base.BaseClass - Trying to find Element By {by.toString()})
2024-01-25 22:54:09,577 [main] INFO  base.BaseClass - Found Element By {by.toString()}
2024-01-25 22:54:10,111 [main] INFO  base.BaseClass - Trying to find Element By {by.toString()})
2024-01-25 22:54:10,133 [main] INFO  base.BaseClass - Found Element By {by.toString()}
2024-01-25 22:54:10,668 [main] INFO  base.BaseClass - Trying to find Element By {by.toString()})
2024-01-25 22:54:10,688 [main] INFO  base.BaseClass - Found Element By {by.toString()}
2024-01-25 22:54:11,213 [main] INFO  base.BaseClass - Trying to find Element By {by.toString()})
2024-01-25 22:54:11,237 [main] INFO  base.BaseClass - Found Element By {by.toString()}
2024-01-25 22:54:11,776 [main] INFO  base.BaseClass - Trying to find Element By {by.toString()})
2024-01-25 22:54:11,799 [main] INFO  base.BaseClass - Found Element By {by.toString()}
2024-01-25 22:54:12,343 [main] INFO  base.BaseClass - Trying to find Element By {by.toString()})
2024-01-25 22:54:12,365 [main] INFO  base.BaseClass - Found Element By {by.toString()}
2024-01-25 22:54:12,895 [main] INFO  base.BaseClass - Trying to find Element By {by.toString()})
2024-01-25 22:54:12,918 [main] INFO  base.BaseClass - Found Element By {by.toString()}
2024-01-25 22:54:13,449 [main] INFO  base.BaseClass - Trying to find Element By {by.toString()})
2024-01-25 22:54:13,471 [main] INFO  base.BaseClass - Found Element By {by.toString()}
2024-01-25 22:54:14,002 [main] INFO  base.BaseClass - Trying to find Element By {by.toString()})
2024-01-25 22:54:14,024 [main] INFO  base.BaseClass - Found Element By {by.toString()}
2024-01-25 22:54:14,556 [main] INFO  base.BaseClass - Trying to find Element By {by.toString()})
2024-01-25 22:54:14,573 [main] INFO  base.BaseClass - Found Element By {by.toString()}
2024-01-25 22:54:15,095 [main] INFO  base.BaseClass - Trying to find Element By {by.toString()})
2024-01-25 22:54:15,119 [main] INFO  base.BaseClass - Found Element By {by.toString()}
2024-01-25 22:54:15,641 [main] INFO  base.BaseClass - Trying to find Element By {by.toString()})
2024-01-25 22:54:15,664 [main] INFO  base.BaseClass - Found Element By {by.toString()}
2024-01-25 22:54:16,207 [main] INFO  base.BaseClass - Trying to find Element By {by.toString()})
2024-01-25 22:54:16,231 [main] INFO  base.BaseClass - Found Element By {by.toString()}
2024-01-25 22:54:16,764 [main] INFO  base.BaseClass - Trying to find Element By {by.toString()})
2024-01-25 22:54:16,787 [main] INFO  base.BaseClass - Found Element By {by.toString()}
2024-01-25 22:54:17,322 [main] INFO  base.BaseClass - Trying to find Element By {by.toString()})
2024-01-25 22:54:17,345 [main] INFO  base.BaseClass - Found Element By {by.toString()}
2024-01-25 22:54:17,871 [main] INFO  base.BaseClass - Trying to find Element By {by.toString()})
2024-01-25 22:54:17,888 [main] INFO  base.BaseClass - Found Element By {by.toString()}
2024-01-25 22:54:18,411 [main] INFO  base.BaseClass - Trying to find Element By {by.toString()})
2024-01-25 22:54:18,435 [main] INFO  base.BaseClass - Found Element By {by.toString()}
2024-01-25 22:54:18,967 [main] INFO  base.BaseClass - Trying to find Element By {by.toString()})
2024-01-25 22:54:18,990 [main] INFO  base.BaseClass - Found Element By {by.toString()}
2024-01-25 22:54:19,515 [main] INFO  base.BaseClass - Trying to find Element By {by.toString()})
2024-01-25 22:54:19,537 [main] INFO  base.BaseClass - Found Element By {by.toString()}
2024-01-25 22:54:20,062 [main] INFO  base.BaseClass - Trying to find Element By {by.toString()})
2024-01-25 22:54:20,085 [main] INFO  base.BaseClass - Found Element By {by.toString()}
2024-01-25 22:54:20,619 [main] INFO  base.BaseClass - Trying to find Element By {by.toString()})
2024-01-25 22:54:20,644 [main] INFO  base.BaseClass - Found Element By {by.toString()}
2024-01-25 22:54:21,181 [main] INFO  base.BaseClass - Trying to find Element By {by.toString()})
2024-01-25 22:54:21,204 [main] INFO  base.BaseClass - Found Element By {by.toString()}
2024-01-25 22:54:21,741 [main] INFO  base.BaseClass - Trying to find Element By {by.toString()})
2024-01-25 22:54:21,767 [main] INFO  base.BaseClass - Found Element By {by.toString()}
2024-01-25 22:54:22,300 [main] INFO  base.BaseClass - Trying to find Element By {by.toString()})
2024-01-25 22:54:22,323 [main] INFO  base.BaseClass - Found Element By {by.toString()}
2024-01-25 22:54:22,865 [main] INFO  base.BaseClass - Trying to find Element By {by.toString()})
2024-01-25 22:54:22,887 [main] INFO  base.BaseClass - Found Element By {by.toString()}
2024-01-25 22:54:23,429 [main] INFO  base.BaseClass - Trying to find Element By {by.toString()})
2024-01-25 22:54:23,452 [main] INFO  base.BaseClass - Found Element By {by.toString()}
2024-01-25 22:54:23,996 [main] INFO  base.BaseClass - Trying to find Element By {by.toString()})
2024-01-25 22:54:24,018 [main] INFO  base.BaseClass - Found Element By {by.toString()}
2024-01-25 22:54:24,549 [main] INFO  base.BaseClass - Trying to find Element By {by.toString()})
2024-01-25 22:54:24,572 [main] INFO  base.BaseClass - Found Element By {by.toString()}
2024-01-25 22:54:25,105 [main] INFO  base.BaseClass - Trying to find Element By {by.toString()})
2024-01-25 22:54:25,126 [main] INFO  base.BaseClass - Found Element By {by.toString()}
2024-01-25 22:54:25,655 [main] INFO  base.BaseClass - Trying to find Element By {by.toString()})
2024-01-25 22:54:25,677 [main] INFO  base.BaseClass - Found Element By {by.toString()}
2024-01-25 22:54:26,206 [main] INFO  base.BaseClass - Trying to find Element By {by.toString()})
2024-01-25 22:54:26,230 [main] INFO  base.BaseClass - Found Element By {by.toString()}
2024-01-25 22:54:26,764 [main] INFO  base.BaseClass - Trying to find Element By {by.toString()})
2024-01-25 22:54:26,784 [main] INFO  base.BaseClass - Found Element By {by.toString()}
2024-01-25 22:54:27,309 [main] INFO  base.BaseClass - Trying to find Element By {by.toString()})
2024-01-25 22:54:27,331 [main] INFO  base.BaseClass - Found Element By {by.toString()}
2024-01-25 22:54:27,865 [main] INFO  base.BaseClass - Trying to find Element By {by.toString()})
2024-01-25 22:54:27,887 [main] INFO  base.BaseClass - Found Element By {by.toString()}
2024-01-25 22:54:28,420 [main] INFO  base.BaseClass - Trying to find Element By {by.toString()})
2024-01-25 22:54:28,442 [main] INFO  base.BaseClass - Found Element By {by.toString()}
2024-01-25 22:54:28,975 [main] INFO  base.BaseClass - Trying to find Element By {by.toString()})
2024-01-25 22:54:28,995 [main] INFO  base.BaseClass - Found Element By {by.toString()}
2024-01-25 22:54:29,526 [main] INFO  base.BaseClass - Trying to find Element By {by.toString()})
2024-01-25 22:54:29,536 [main] INFO  base.BaseClass - Found Element By {by.toString()}
2024-01-25 22:54:30,065 [main] INFO  base.BaseClass - Trying to find Element By {by.toString()})
2024-01-25 22:54:30,087 [main] INFO  base.BaseClass - Found Element By {by.toString()}
2024-01-25 22:54:30,619 [main] INFO  base.BaseClass - Trying to find Element By {by.toString()})
2024-01-25 22:54:30,644 [main] INFO  base.BaseClass - Found Element By {by.toString()}
2024-01-25 22:54:31,179 [main] INFO  base.BaseClass - Trying to find Element By {by.toString()})
2024-01-25 22:54:31,201 [main] INFO  base.BaseClass - Found Element By {by.toString()}
2024-01-25 22:54:31,726 [main] INFO  base.BaseClass - Trying to find Element By {by.toString()})
2024-01-25 22:54:31,751 [main] INFO  base.BaseClass - Found Element By {by.toString()}
2024-01-25 22:54:32,287 [main] INFO  base.BaseClass - Trying to find Element By {by.toString()})
2024-01-25 22:54:32,310 [main] INFO  base.BaseClass - Found Element By {by.toString()}
2024-01-25 22:54:32,854 [main] INFO  base.BaseClass - Trying to find Element By {by.toString()})
2024-01-25 22:54:32,863 [main] INFO  base.BaseClass - Found Element By {by.toString()}
TimeoutException occurred: Expected condition failed: waiting for helper.WaitUtility$5@79396474 (tried for 30 second(s) with 500 milliseconds interval)
Build info: version: '3.141.59', revision: 'e82be7d358', time: '2018-11-14T08:17:03'
System info: host: 'DPLAP166', ip: '137.237.3.67', os.name: 'Windows 10', os.arch: 'amd64', os.version: '10.0', java.version: '19.0.1'
Driver info: org.openqa.selenium.support.events.EventFiringWebDriver
Capabilities {acceptInsecureCerts: true, browserName: chrome, browserVersion: 121.0.6167.86, chrome: {chromedriverVersion: 121.0.6167.85 (3f98d690ad7e..., userDataDir: C:\Users\dP-PL\AppData\Loca...}, fedcm:accounts: true, goog:chromeOptions: {debuggerAddress: localhost:55961}, javascriptEnabled: true, networkConnectionEnabled: false, pageLoadStrategy: normal, platform: WINDOWS, platformName: WINDOWS, proxy: Proxy(), setWindowRect: true, strictFileInteractability: false, timeouts: {implicit: 0, pageLoad: 300000, script: 30000}, unhandledPromptBehavior: dismiss and notify, webauthn:extension:credBlob: true, webauthn:extension:largeBlob: true, webauthn:extension:minPinLength: true, webauthn:extension:prf: true, webauthn:virtualAuthenticators: true}
Session ID: 48a8dd11ac42f4e533d49fd6c4dde4a1
2024-01-25 22:54:32,876 [main] ERROR XGLT_15177_Test - Element did not become visible within the specified time: Expected condition failed: waiting for helper.WaitUtility$5@79396474 (tried for 30 second(s) with 500 milliseconds interval)
Build info: version: '3.141.59', revision: 'e82be7d358', time: '2018-11-14T08:17:03'
System info: host: 'DPLAP166', ip: '137.237.3.67', os.name: 'Windows 10', os.arch: 'amd64', os.version: '10.0', java.version: '19.0.1'
Driver info: org.openqa.selenium.support.events.EventFiringWebDriver
Capabilities {acceptInsecureCerts: true, browserName: chrome, browserVersion: 121.0.6167.86, chrome: {chromedriverVersion: 121.0.6167.85 (3f98d690ad7e..., userDataDir: C:\Users\dP-PL\AppData\Loca...}, fedcm:accounts: true, goog:chromeOptions: {debuggerAddress: localhost:55961}, javascriptEnabled: true, networkConnectionEnabled: false, pageLoadStrategy: normal, platform: WINDOWS, platformName: WINDOWS, proxy: Proxy(), setWindowRect: true, strictFileInteractability: false, timeouts: {implicit: 0, pageLoad: 300000, script: 30000}, unhandledPromptBehavior: dismiss and notify, webauthn:extension:credBlob: true, webauthn:extension:largeBlob: true, webauthn:extension:minPinLength: true, webauthn:extension:prf: true, webauthn:virtualAuthenticators: true}
Session ID: 48a8dd11ac42f4e533d49fd6c4dde4a1
2024-01-25 22:54:32,876 [main] INFO  base.BaseClass - Trying to find Element By {by.toString()})
2024-01-25 22:54:32,884 [main] INFO  base.BaseClass - Found Element By {by.toString()}
2024-01-25 22:54:32,884 [main] INFO  base.BaseClass - Trying to click on: {element.toString()}
2024-01-25 22:54:33,043 [main] INFO  base.BaseClass - Clicked on: {element.toString()}
2024-01-25 22:54:33,043 [main] INFO  base.BaseClass - Trying to find Element By {by.toString()})
2024-01-25 22:54:33,063 [main] INFO  base.BaseClass - Found Element By {by.toString()}
2024-01-25 22:54:33,078 [main] INFO  base.BaseClass - Trying to find Element By {by.toString()})
2024-01-25 22:54:33,092 [main] INFO  base.BaseClass - Found Element By {by.toString()}
2024-01-25 22:54:33,607 [main] INFO  base.BaseClass - Trying to find Element By {by.toString()})
2024-01-25 22:54:33,616 [main] INFO  base.BaseClass - Found Element By {by.toString()}
2024-01-25 22:54:34,144 [main] INFO  base.BaseClass - Trying to find Element By {by.toString()})
2024-01-25 22:54:34,153 [main] INFO  base.BaseClass - Found Element By {by.toString()}
2024-01-25 22:54:34,671 [main] INFO  base.BaseClass - Trying to find Element By {by.toString()})
2024-01-25 22:54:34,697 [main] INFO  base.BaseClass - Found Element By {by.toString()}
2024-01-25 22:54:35,233 [main] INFO  base.BaseClass - Trying to find Element By {by.toString()})
2024-01-25 22:54:35,257 [main] INFO  base.BaseClass - Found Element By {by.toString()}
2024-01-25 22:54:35,782 [main] INFO  base.BaseClass - Trying to find Element By {by.toString()})
2024-01-25 22:54:35,807 [main] INFO  base.BaseClass - Found Element By {by.toString()}
2024-01-25 22:54:36,341 [main] INFO  base.BaseClass - Trying to find Element By {by.toString()})
2024-01-25 22:54:36,365 [main] INFO  base.BaseClass - Found Element By {by.toString()}
2024-01-25 22:54:36,903 [main] INFO  base.BaseClass - Trying to find Element By {by.toString()})
2024-01-25 22:54:36,920 [main] INFO  base.BaseClass - Found Element By {by.toString()}
2024-01-25 22:54:37,459 [main] INFO  base.BaseClass - Trying to find Element By {by.toString()})
2024-01-25 22:54:37,483 [main] INFO  base.BaseClass - Found Element By {by.toString()}
2024-01-25 22:54:38,019 [main] INFO  base.BaseClass - Trying to find Element By {by.toString()})
2024-01-25 22:54:38,042 [main] INFO  base.BaseClass - Found Element By {by.toString()}
2024-01-25 22:54:38,575 [main] INFO  base.BaseClass - Trying to find Element By {by.toString()})
2024-01-25 22:54:38,598 [main] INFO  base.BaseClass - Found Element By {by.toString()}
2024-01-25 22:54:39,128 [main] INFO  base.BaseClass - Trying to find Element By {by.toString()})
2024-01-25 22:54:39,151 [main] INFO  base.BaseClass - Found Element By {by.toString()}
2024-01-25 22:54:39,684 [main] INFO  base.BaseClass - Trying to find Element By {by.toString()})
2024-01-25 22:54:39,698 [main] INFO  base.BaseClass - Found Element By {by.toString()}
2024-01-25 22:54:40,237 [main] INFO  base.BaseClass - Trying to find Element By {by.toString()})
2024-01-25 22:54:40,261 [main] INFO  base.BaseClass - Found Element By {by.toString()}
2024-01-25 22:54:40,803 [main] INFO  base.BaseClass - Trying to find Element By {by.toString()})
2024-01-25 22:54:40,828 [main] INFO  base.BaseClass - Found Element By {by.toString()}
2024-01-25 22:54:41,365 [main] INFO  base.BaseClass - Trying to find Element By {by.toString()})
2024-01-25 22:54:41,389 [main] INFO  base.BaseClass - Found Element By {by.toString()}
2024-01-25 22:54:41,923 [main] INFO  base.BaseClass - Trying to find Element By {by.toString()})
2024-01-25 22:54:41,946 [main] INFO  base.BaseClass - Found Element By {by.toString()}
2024-01-25 22:54:42,478 [main] INFO  base.BaseClass - Trying to find Element By {by.toString()})
2024-01-25 22:54:42,502 [main] INFO  base.BaseClass - Found Element By {by.toString()}
2024-01-25 22:54:43,039 [main] INFO  base.BaseClass - Trying to find Element By {by.toString()})
2024-01-25 22:54:43,063 [main] INFO  base.BaseClass - Found Element By {by.toString()}
2024-01-25 22:54:43,601 [main] INFO  base.BaseClass - Trying to find Element By {by.toString()})
2024-01-25 22:54:43,623 [main] INFO  base.BaseClass - Found Element By {by.toString()}
2024-01-25 22:54:44,151 [main] INFO  base.BaseClass - Trying to find Element By {by.toString()})
2024-01-25 22:54:44,168 [main] INFO  base.BaseClass - Found Element By {by.toString()}
2024-01-25 22:54:44,695 [main] INFO  base.BaseClass - Trying to find Element By {by.toString()})
2024-01-25 22:54:44,714 [main] INFO  base.BaseClass - Found Element By {by.toString()}
2024-01-25 22:54:45,251 [main] INFO  base.BaseClass - Trying to find Element By {by.toString()})
2024-01-25 22:54:45,268 [main] INFO  base.BaseClass - Found Element By {by.toString()}
2024-01-25 22:54:45,796 [main] INFO  base.BaseClass - Trying to find Element By {by.toString()})
2024-01-25 22:54:45,814 [main] INFO  base.BaseClass - Found Element By {by.toString()}
2024-01-25 22:54:46,341 [main] INFO  base.BaseClass - Trying to find Element By {by.toString()})
2024-01-25 22:54:46,359 [main] INFO  base.BaseClass - Found Element By {by.toString()}
2024-01-25 22:54:46,888 [main] INFO  base.BaseClass - Trying to find Element By {by.toString()})
2024-01-25 22:54:46,912 [main] INFO  base.BaseClass - Found Element By {by.toString()}
2024-01-25 22:54:47,458 [main] INFO  base.BaseClass - Trying to find Element By {by.toString()})
2024-01-25 22:54:47,481 [main] INFO  base.BaseClass - Found Element By {by.toString()}
2024-01-25 22:54:48,013 [main] INFO  base.BaseClass - Trying to find Element By {by.toString()})
2024-01-25 22:54:48,032 [main] INFO  base.BaseClass - Found Element By {by.toString()}
2024-01-25 22:54:48,562 [main] INFO  base.BaseClass - Trying to find Element By {by.toString()})
2024-01-25 22:54:48,579 [main] INFO  base.BaseClass - Found Element By {by.toString()}
2024-01-25 22:54:49,117 [main] INFO  base.BaseClass - Trying to find Element By {by.toString()})
2024-01-25 22:54:49,134 [main] INFO  base.BaseClass - Found Element By {by.toString()}
2024-01-25 22:54:49,660 [main] INFO  base.BaseClass - Trying to find Element By {by.toString()})
2024-01-25 22:54:49,681 [main] INFO  base.BaseClass - Found Element By {by.toString()}
2024-01-25 22:54:50,212 [main] INFO  base.BaseClass - Trying to find Element By {by.toString()})
2024-01-25 22:54:50,235 [main] INFO  base.BaseClass - Found Element By {by.toString()}
2024-01-25 22:54:50,766 [main] INFO  base.BaseClass - Trying to find Element By {by.toString()})
2024-01-25 22:54:50,788 [main] INFO  base.BaseClass - Found Element By {by.toString()}
2024-01-25 22:54:51,320 [main] INFO  base.BaseClass - Trying to find Element By {by.toString()})
2024-01-25 22:54:51,342 [main] INFO  base.BaseClass - Found Element By {by.toString()}
2024-01-25 22:54:51,873 [main] INFO  base.BaseClass - Trying to find Element By {by.toString()})
2024-01-25 22:54:51,889 [main] INFO  base.BaseClass - Found Element By {by.toString()}
2024-01-25 22:54:52,413 [main] INFO  base.BaseClass - Trying to find Element By {by.toString()})
2024-01-25 22:54:52,435 [main] INFO  base.BaseClass - Found Element By {by.toString()}
2024-01-25 22:54:52,965 [main] INFO  base.BaseClass - Trying to find Element By {by.toString()})
2024-01-25 22:54:52,982 [main] INFO  base.BaseClass - Found Element By {by.toString()}
2024-01-25 22:54:53,529 [main] INFO  base.BaseClass - Trying to find Element By {by.toString()})
2024-01-25 22:54:53,552 [main] INFO  base.BaseClass - Found Element By {by.toString()}
2024-01-25 22:54:54,084 [main] INFO  base.BaseClass - Trying to find Element By {by.toString()})
2024-01-25 22:54:54,106 [main] INFO  base.BaseClass - Found Element By {by.toString()}
2024-01-25 22:54:54,636 [main] INFO  base.BaseClass - Trying to find Element By {by.toString()})
2024-01-25 22:54:54,658 [main] INFO  base.BaseClass - Found Element By {by.toString()}
2024-01-25 22:54:55,182 [main] INFO  base.BaseClass - Trying to find Element By {by.toString()})
2024-01-25 22:54:55,204 [main] INFO  base.BaseClass - Found Element By {by.toString()}
2024-01-25 22:54:55,734 [main] INFO  base.BaseClass - Trying to find Element By {by.toString()})
2024-01-25 22:54:55,757 [main] INFO  base.BaseClass - Found Element By {by.toString()}
2024-01-25 22:54:56,294 [main] INFO  base.BaseClass - Trying to find Element By {by.toString()})
2024-01-25 22:54:56,318 [main] INFO  base.BaseClass - Found Element By {by.toString()}
2024-01-25 22:54:56,848 [main] INFO  base.BaseClass - Trying to find Element By {by.toString()})
2024-01-25 22:54:56,872 [main] INFO  base.BaseClass - Found Element By {by.toString()}
2024-01-25 22:54:57,406 [main] INFO  base.BaseClass - Trying to find Element By {by.toString()})
2024-01-25 22:54:57,430 [main] INFO  base.BaseClass - Found Element By {by.toString()}
2024-01-25 22:54:57,967 [main] INFO  base.BaseClass - Trying to find Element By {by.toString()})
2024-01-25 22:54:57,988 [main] INFO  base.BaseClass - Found Element By {by.toString()}
2024-01-25 22:54:58,513 [main] INFO  base.BaseClass - Trying to find Element By {by.toString()})
2024-01-25 22:54:58,536 [main] INFO  base.BaseClass - Found Element By {by.toString()}
2024-01-25 22:54:59,062 [main] INFO  base.BaseClass - Trying to find Element By {by.toString()})
2024-01-25 22:54:59,083 [main] INFO  base.BaseClass - Found Element By {by.toString()}
2024-01-25 22:54:59,626 [main] INFO  base.BaseClass - Trying to find Element By {by.toString()})
2024-01-25 22:54:59,637 [main] INFO  base.BaseClass - Found Element By {by.toString()}
2024-01-25 22:55:00,162 [main] INFO  base.BaseClass - Trying to find Element By {by.toString()})
2024-01-25 22:55:00,184 [main] INFO  base.BaseClass - Found Element By {by.toString()}
2024-01-25 22:55:00,720 [main] INFO  base.BaseClass - Trying to find Element By {by.toString()})
2024-01-25 22:55:00,744 [main] INFO  base.BaseClass - Found Element By {by.toString()}
2024-01-25 22:55:01,276 [main] INFO  base.BaseClass - Trying to find Element By {by.toString()})
2024-01-25 22:55:01,298 [main] INFO  base.BaseClass - Found Element By {by.toString()}
2024-01-25 22:55:01,824 [main] INFO  base.BaseClass - Trying to find Element By {by.toString()})
2024-01-25 22:55:01,846 [main] INFO  base.BaseClass - Found Element By {by.toString()}
2024-01-25 22:55:02,379 [main] INFO  base.BaseClass - Trying to find Element By {by.toString()})
2024-01-25 22:55:02,402 [main] INFO  base.BaseClass - Found Element By {by.toString()}
2024-01-25 22:55:02,933 [main] INFO  base.BaseClass - Trying to find Element By {by.toString()})
2024-01-25 22:55:02,955 [main] INFO  base.BaseClass - Found Element By {by.toString()}
2024-01-25 22:55:03,485 [main] INFO  base.BaseClass - Trying to find Element By {by.toString()})
2024-01-25 22:55:03,507 [main] INFO  base.BaseClass - Found Element By {by.toString()}
TimeoutException occurred: Expected condition failed: waiting for helper.WaitUtility$5@27252b32 (tried for 30 second(s) with 500 milliseconds interval)
Build info: version: '3.141.59', revision: 'e82be7d358', time: '2018-11-14T08:17:03'
System info: host: 'DPLAP166', ip: '137.237.3.67', os.name: 'Windows 10', os.arch: 'amd64', os.version: '10.0', java.version: '19.0.1'
Driver info: org.openqa.selenium.support.events.EventFiringWebDriver
Capabilities {acceptInsecureCerts: true, browserName: chrome, browserVersion: 121.0.6167.86, chrome: {chromedriverVersion: 121.0.6167.85 (3f98d690ad7e..., userDataDir: C:\Users\dP-PL\AppData\Loca...}, fedcm:accounts: true, goog:chromeOptions: {debuggerAddress: localhost:55961}, javascriptEnabled: true, networkConnectionEnabled: false, pageLoadStrategy: normal, platform: WINDOWS, platformName: WINDOWS, proxy: Proxy(), setWindowRect: true, strictFileInteractability: false, timeouts: {implicit: 0, pageLoad: 300000, script: 30000}, unhandledPromptBehavior: dismiss and notify, webauthn:extension:credBlob: true, webauthn:extension:largeBlob: true, webauthn:extension:minPinLength: true, webauthn:extension:prf: true, webauthn:virtualAuthenticators: true}
Session ID: 48a8dd11ac42f4e533d49fd6c4dde4a1
2024-01-25 22:55:03,538 [main] ERROR XGLT_15177_Test - Element did not become visible within the specified time: Expected condition failed: waiting for helper.WaitUtility$5@27252b32 (tried for 30 second(s) with 500 milliseconds interval)
Build info: version: '3.141.59', revision: 'e82be7d358', time: '2018-11-14T08:17:03'
System info: host: 'DPLAP166', ip: '137.237.3.67', os.name: 'Windows 10', os.arch: 'amd64', os.version: '10.0', java.version: '19.0.1'
Driver info: org.openqa.selenium.support.events.EventFiringWebDriver
Capabilities {acceptInsecureCerts: true, browserName: chrome, browserVersion: 121.0.6167.86, chrome: {chromedriverVersion: 121.0.6167.85 (3f98d690ad7e..., userDataDir: C:\Users\dP-PL\AppData\Loca...}, fedcm:accounts: true, goog:chromeOptions: {debuggerAddress: localhost:55961}, javascriptEnabled: true, networkConnectionEnabled: false, pageLoadStrategy: normal, platform: WINDOWS, platformName: WINDOWS, proxy: Proxy(), setWindowRect: true, strictFileInteractability: false, timeouts: {implicit: 0, pageLoad: 300000, script: 30000}, unhandledPromptBehavior: dismiss and notify, webauthn:extension:credBlob: true, webauthn:extension:largeBlob: true, webauthn:extension:minPinLength: true, webauthn:extension:prf: true, webauthn:virtualAuthenticators: true}
Session ID: 48a8dd11ac42f4e533d49fd6c4dde4a1
2024-01-25 22:55:03,538 [main] INFO  base.BaseClass - Trying to find Element By {by.toString()})
2024-01-25 22:55:03,558 [main] INFO  base.BaseClass - Found Element By {by.toString()}
2024-01-25 22:55:03,558 [main] INFO  base.BaseClass - Trying to click on: {element.toString()}
2024-01-25 22:55:03,742 [main] INFO  base.BaseClass - Clicked on: {element.toString()}
2024-01-25 22:55:03,742 [main] INFO  base.BaseClass - Trying to find Element By {by.toString()})
2024-01-25 22:55:03,761 [main] INFO  base.BaseClass - Found Element By {by.toString()}
2024-01-25 22:55:04,278 [main] INFO  base.BaseClass - Trying to find Element By {by.toString()})
2024-01-25 22:55:04,300 [main] INFO  base.BaseClass - Found Element By {by.toString()}
2024-01-25 22:55:04,828 [main] INFO  base.BaseClass - Trying to find Element By {by.toString()})
2024-01-25 22:55:04,852 [main] INFO  base.BaseClass - Found Element By {by.toString()}
2024-01-25 22:55:05,386 [main] INFO  base.BaseClass - Trying to find Element By {by.toString()})
2024-01-25 22:55:05,408 [main] INFO  base.BaseClass - Found Element By {by.toString()}
2024-01-25 22:55:05,949 [main] INFO  base.BaseClass - Trying to find Element By {by.toString()})
2024-01-25 22:55:05,973 [main] INFO  base.BaseClass - Found Element By {by.toString()}
2024-01-25 22:55:06,507 [main] INFO  base.BaseClass - Trying to find Element By {by.toString()})
2024-01-25 22:55:06,529 [main] INFO  base.BaseClass - Found Element By {by.toString()}
2024-01-25 22:55:07,075 [main] INFO  base.BaseClass - Trying to find Element By {by.toString()})
2024-01-25 22:55:07,096 [main] INFO  base.BaseClass - Found Element By {by.toString()}
2024-01-25 22:55:07,627 [main] INFO  base.BaseClass - Trying to find Element By {by.toString()})
2024-01-25 22:55:07,650 [main] INFO  base.BaseClass - Found Element By {by.toString()}
2024-01-25 22:55:08,182 [main] INFO  base.BaseClass - Trying to find Element By {by.toString()})
2024-01-25 22:55:08,205 [main] INFO  base.BaseClass - Found Element By {by.toString()}
2024-01-25 22:55:08,731 [main] INFO  base.BaseClass - Trying to find Element By {by.toString()})
2024-01-25 22:55:08,755 [main] INFO  base.BaseClass - Found Element By {by.toString()}
2024-01-25 22:55:09,293 [main] INFO  base.BaseClass - Trying to find Element By {by.toString()})
2024-01-25 22:55:09,317 [main] INFO  base.BaseClass - Found Element By {by.toString()}
2024-01-25 22:55:09,849 [main] INFO  base.BaseClass - Trying to find Element By {by.toString()})
2024-01-25 22:55:09,872 [main] INFO  base.BaseClass - Found Element By {by.toString()}
2024-01-25 22:55:10,405 [main] INFO  base.BaseClass - Trying to find Element By {by.toString()})
2024-01-25 22:55:10,427 [main] INFO  base.BaseClass - Found Element By {by.toString()}
2024-01-25 22:55:10,957 [main] INFO  base.BaseClass - Trying to find Element By {by.toString()})
2024-01-25 22:55:10,978 [main] INFO  base.BaseClass - Found Element By {by.toString()}
2024-01-25 22:55:11,525 [main] INFO  base.BaseClass - Trying to find Element By {by.toString()})
2024-01-25 22:55:11,547 [main] INFO  base.BaseClass - Found Element By {by.toString()}
2024-01-25 22:55:12,090 [main] INFO  base.BaseClass - Trying to find Element By {by.toString()})
2024-01-25 22:55:12,110 [main] INFO  base.BaseClass - Found Element By {by.toString()}
2024-01-25 22:55:12,642 [main] INFO  base.BaseClass - Trying to find Element By {by.toString()})
2024-01-25 22:55:12,664 [main] INFO  base.BaseClass - Found Element By {by.toString()}
2024-01-25 22:55:13,194 [main] INFO  base.BaseClass - Trying to find Element By {by.toString()})
2024-01-25 22:55:13,216 [main] INFO  base.BaseClass - Found Element By {by.toString()}
2024-01-25 22:55:13,758 [main] INFO  base.BaseClass - Trying to find Element By {by.toString()})
2024-01-25 22:55:13,781 [main] INFO  base.BaseClass - Found Element By {by.toString()}
2024-01-25 22:55:14,322 [main] INFO  base.BaseClass - Trying to find Element By {by.toString()})
2024-01-25 22:55:14,344 [main] INFO  base.BaseClass - Found Element By {by.toString()}
2024-01-25 22:55:14,868 [main] INFO  base.BaseClass - Trying to find Element By {by.toString()})
2024-01-25 22:55:14,888 [main] INFO  base.BaseClass - Found Element By {by.toString()}
2024-01-25 22:55:15,408 [main] INFO  base.BaseClass - Trying to find Element By {by.toString()})
2024-01-25 22:55:15,430 [main] INFO  base.BaseClass - Found Element By {by.toString()}
2024-01-25 22:55:15,959 [main] INFO  base.BaseClass - Trying to find Element By {by.toString()})
2024-01-25 22:55:15,980 [main] INFO  base.BaseClass - Found Element By {by.toString()}
2024-01-25 22:55:16,510 [main] INFO  base.BaseClass - Trying to find Element By {by.toString()})
2024-01-25 22:55:16,531 [main] INFO  base.BaseClass - Found Element By {by.toString()}
2024-01-25 22:55:17,060 [main] INFO  base.BaseClass - Trying to find Element By {by.toString()})
2024-01-25 22:55:17,082 [main] INFO  base.BaseClass - Found Element By {by.toString()}
2024-01-25 22:55:17,614 [main] INFO  base.BaseClass - Trying to find Element By {by.toString()})
2024-01-25 22:55:17,637 [main] INFO  base.BaseClass - Found Element By {by.toString()}
2024-01-25 22:55:18,169 [main] INFO  base.BaseClass - Trying to find Element By {by.toString()})
2024-01-25 22:55:18,190 [main] INFO  base.BaseClass - Found Element By {by.toString()}
2024-01-25 22:55:18,719 [main] INFO  base.BaseClass - Trying to find Element By {by.toString()})
2024-01-25 22:55:18,739 [main] INFO  base.BaseClass - Found Element By {by.toString()}
2024-01-25 22:55:19,271 [main] INFO  base.BaseClass - Trying to find Element By {by.toString()})
2024-01-25 22:55:19,292 [main] INFO  base.BaseClass - Found Element By {by.toString()}
2024-01-25 22:55:19,829 [main] INFO  base.BaseClass - Trying to find Element By {by.toString()})
2024-01-25 22:55:19,851 [main] INFO  base.BaseClass - Found Element By {by.toString()}
2024-01-25 22:55:20,382 [main] INFO  base.BaseClass - Trying to find Element By {by.toString()})
2024-01-25 22:55:20,402 [main] INFO  base.BaseClass - Found Element By {by.toString()}
2024-01-25 22:55:20,932 [main] INFO  base.BaseClass - Trying to find Element By {by.toString()})
2024-01-25 22:55:20,953 [main] INFO  base.BaseClass - Found Element By {by.toString()}
2024-01-25 22:55:21,483 [main] INFO  base.BaseClass - Trying to find Element By {by.toString()})
2024-01-25 22:55:21,503 [main] INFO  base.BaseClass - Found Element By {by.toString()}
2024-01-25 22:55:22,041 [main] INFO  base.BaseClass - Trying to find Element By {by.toString()})
2024-01-25 22:55:22,063 [main] INFO  base.BaseClass - Found Element By {by.toString()}
2024-01-25 22:55:22,595 [main] INFO  base.BaseClass - Trying to find Element By {by.toString()})
2024-01-25 22:55:22,616 [main] INFO  base.BaseClass - Found Element By {by.toString()}
2024-01-25 22:55:23,147 [main] INFO  base.BaseClass - Trying to find Element By {by.toString()})
2024-01-25 22:55:23,166 [main] INFO  base.BaseClass - Found Element By {by.toString()}
2024-01-25 22:55:23,694 [main] INFO  base.BaseClass - Trying to find Element By {by.toString()})
2024-01-25 22:55:23,716 [main] INFO  base.BaseClass - Found Element By {by.toString()}
2024-01-25 22:55:24,249 [main] INFO  base.BaseClass - Trying to find Element By {by.toString()})
2024-01-25 22:55:24,272 [main] INFO  base.BaseClass - Found Element By {by.toString()}
2024-01-25 22:55:24,803 [main] INFO  base.BaseClass - Trying to find Element By {by.toString()})
2024-01-25 22:55:24,825 [main] INFO  base.BaseClass - Found Element By {by.toString()}
2024-01-25 22:55:25,358 [main] INFO  base.BaseClass - Trying to find Element By {by.toString()})
2024-01-25 22:55:25,380 [main] INFO  base.BaseClass - Found Element By {by.toString()}
2024-01-25 22:55:25,913 [main] INFO  base.BaseClass - Trying to find Element By {by.toString()})
2024-01-25 22:55:25,930 [main] INFO  base.BaseClass - Found Element By {by.toString()}
2024-01-25 22:55:26,452 [main] INFO  base.BaseClass - Trying to find Element By {by.toString()})
2024-01-25 22:55:26,475 [main] INFO  base.BaseClass - Found Element By {by.toString()}
2024-01-25 22:55:27,011 [main] INFO  base.BaseClass - Trying to find Element By {by.toString()})
2024-01-25 22:55:27,031 [main] INFO  base.BaseClass - Found Element By {by.toString()}
2024-01-25 22:55:27,563 [main] INFO  base.BaseClass - Trying to find Element By {by.toString()})
2024-01-25 22:55:27,585 [main] INFO  base.BaseClass - Found Element By {by.toString()}
2024-01-25 22:55:28,121 [main] INFO  base.BaseClass - Trying to find Element By {by.toString()})
2024-01-25 22:55:28,143 [main] INFO  base.BaseClass - Found Element By {by.toString()}
2024-01-25 22:55:28,672 [main] INFO  base.BaseClass - Trying to find Element By {by.toString()})
2024-01-25 22:55:28,695 [main] INFO  base.BaseClass - Found Element By {by.toString()}
2024-01-25 22:55:29,228 [main] INFO  base.BaseClass - Trying to find Element By {by.toString()})
2024-01-25 22:55:29,249 [main] INFO  base.BaseClass - Found Element By {by.toString()}
2024-01-25 22:55:29,795 [main] INFO  base.BaseClass - Trying to find Element By {by.toString()})
2024-01-25 22:55:29,817 [main] INFO  base.BaseClass - Found Element By {by.toString()}
2024-01-25 22:55:30,349 [main] INFO  base.BaseClass - Trying to find Element By {by.toString()})
2024-01-25 22:55:30,371 [main] INFO  base.BaseClass - Found Element By {by.toString()}
2024-01-25 22:55:30,902 [main] INFO  base.BaseClass - Trying to find Element By {by.toString()})
2024-01-25 22:55:30,923 [main] INFO  base.BaseClass - Found Element By {by.toString()}
2024-01-25 22:55:31,458 [main] INFO  base.BaseClass - Trying to find Element By {by.toString()})
2024-01-25 22:55:31,480 [main] INFO  base.BaseClass - Found Element By {by.toString()}
2024-01-25 22:55:32,013 [main] INFO  base.BaseClass - Trying to find Element By {by.toString()})
2024-01-25 22:55:32,034 [main] INFO  base.BaseClass - Found Element By {by.toString()}
2024-01-25 22:55:32,567 [main] INFO  base.BaseClass - Trying to find Element By {by.toString()})
2024-01-25 22:55:32,592 [main] INFO  base.BaseClass - Found Element By {by.toString()}
2024-01-25 22:55:33,121 [main] INFO  base.BaseClass - Trying to find Element By {by.toString()})
2024-01-25 22:55:33,143 [main] INFO  base.BaseClass - Found Element By {by.toString()}
2024-01-25 22:55:33,674 [main] INFO  base.BaseClass - Trying to find Element By {by.toString()})
2024-01-25 22:55:33,697 [main] INFO  base.BaseClass - Found Element By {by.toString()}
2024-01-25 22:55:34,229 [main] INFO  base.BaseClass - Trying to find Element By {by.toString()})
2024-01-25 22:55:34,250 [main] INFO  base.BaseClass - Found Element By {by.toString()}
TimeoutException occurred: Expected condition failed: waiting for helper.WaitUtility$5@53e89e5f (tried for 30 second(s) with 500 milliseconds interval)
Build info: version: '3.141.59', revision: 'e82be7d358', time: '2018-11-14T08:17:03'
System info: host: 'DPLAP166', ip: '137.237.3.67', os.name: 'Windows 10', os.arch: 'amd64', os.version: '10.0', java.version: '19.0.1'
Driver info: org.openqa.selenium.support.events.EventFiringWebDriver
Capabilities {acceptInsecureCerts: true, browserName: chrome, browserVersion: 121.0.6167.86, chrome: {chromedriverVersion: 121.0.6167.85 (3f98d690ad7e..., userDataDir: C:\Users\dP-PL\AppData\Loca...}, fedcm:accounts: true, goog:chromeOptions: {debuggerAddress: localhost:55961}, javascriptEnabled: true, networkConnectionEnabled: false, pageLoadStrategy: normal, platform: WINDOWS, platformName: WINDOWS, proxy: Proxy(), setWindowRect: true, strictFileInteractability: false, timeouts: {implicit: 0, pageLoad: 300000, script: 30000}, unhandledPromptBehavior: dismiss and notify, webauthn:extension:credBlob: true, webauthn:extension:largeBlob: true, webauthn:extension:minPinLength: true, webauthn:extension:prf: true, webauthn:virtualAuthenticators: true}
Session ID: 48a8dd11ac42f4e533d49fd6c4dde4a1
2024-01-25 22:55:34,282 [main] ERROR XGLT_15177_Test - Element did not become visible within the specified time: Expected condition failed: waiting for helper.WaitUtility$5@53e89e5f (tried for 30 second(s) with 500 milliseconds interval)
Build info: version: '3.141.59', revision: 'e82be7d358', time: '2018-11-14T08:17:03'
System info: host: 'DPLAP166', ip: '137.237.3.67', os.name: 'Windows 10', os.arch: 'amd64', os.version: '10.0', java.version: '19.0.1'
Driver info: org.openqa.selenium.support.events.EventFiringWebDriver
Capabilities {acceptInsecureCerts: true, browserName: chrome, browserVersion: 121.0.6167.86, chrome: {chromedriverVersion: 121.0.6167.85 (3f98d690ad7e..., userDataDir: C:\Users\dP-PL\AppData\Loca...}, fedcm:accounts: true, goog:chromeOptions: {debuggerAddress: localhost:55961}, javascriptEnabled: true, networkConnectionEnabled: false, pageLoadStrategy: normal, platform: WINDOWS, platformName: WINDOWS, proxy: Proxy(), setWindowRect: true, strictFileInteractability: false, timeouts: {implicit: 0, pageLoad: 300000, script: 30000}, unhandledPromptBehavior: dismiss and notify, webauthn:extension:credBlob: true, webauthn:extension:largeBlob: true, webauthn:extension:minPinLength: true, webauthn:extension:prf: true, webauthn:virtualAuthenticators: true}
Session ID: 48a8dd11ac42f4e533d49fd6c4dde4a1
2024-01-25 22:55:34,282 [main] INFO  base.BaseClass - Trying to find Element By {by.toString()})
2024-01-25 22:55:34,301 [main] INFO  base.BaseClass - Found Element By {by.toString()}
2024-01-25 22:55:34,301 [main] INFO  base.BaseClass - Trying to click on: {element.toString()}
2024-01-25 22:55:34,470 [main] INFO  base.BaseClass - Clicked on: {element.toString()}
2024-01-25 22:55:34,470 [main] INFO  base.BaseClass - Trying to find Element By {by.toString()})
2024-01-25 22:55:34,483 [main] INFO  base.BaseClass - Found Element By {by.toString()}
2024-01-25 22:55:34,497 [main] INFO  base.BaseClass - Trying to find Element By {by.toString()})
2024-01-25 22:55:34,511 [main] INFO  base.BaseClass - Found Element By {by.toString()}
2024-01-25 22:55:34,524 [main] INFO  base.BaseClass - Trying to find Element By {by.toString()})
2024-01-25 22:55:34,542 [main] INFO  base.BaseClass - Found Element By {by.toString()}
2024-01-25 22:55:34,542 [main] INFO  base.BaseClass - Trying to click on: {element.toString()}
2024-01-25 22:55:34,612 [main] INFO  base.BaseClass - Clicked on: {element.toString()}
2024-01-25 22:55:34,612 [main] INFO  base.BaseClass - Trying to find Element By {by.toString()})
2024-01-25 22:55:34,623 [main] INFO  base.BaseClass - Found Element By {by.toString()}
2024-01-25 22:55:34,657 [main] INFO  base.BaseClass - Trying to find Element By {by.toString()})
2024-01-25 22:55:34,670 [main] INFO  base.BaseClass - Found Element By {by.toString()}
2024-01-25 22:55:34,689 [main] INFO  base.BaseClass - Trying to find Element By {by.toString()})
2024-01-25 22:55:34,698 [main] INFO  base.BaseClass - Found Element By {by.toString()}
2024-01-25 22:55:34,705 [main] INFO  base.BaseClass - Trying to find Element By {by.toString()})
2024-01-25 22:55:34,720 [main] INFO  base.BaseClass - Found Element By {by.toString()}
2024-01-25 22:55:34,721 [main] INFO  base.BaseClass - Trying to click on: {element.toString()}
2024-01-25 22:55:34,802 [main] INFO  base.BaseClass - Clicked on: {element.toString()}
2024-01-25 22:55:34,802 [main] INFO  base.BaseClass - Trying to find Element By {by.toString()})
2024-01-25 22:55:34,813 [main] INFO  base.BaseClass - Found Element By {by.toString()}
2024-01-25 22:55:34,857 [main] INFO  base.BaseClass - Trying to find Element By {by.toString()})
2024-01-25 22:55:34,870 [main] INFO  base.BaseClass - Found Element By {by.toString()}
2024-01-25 22:55:35,396 [main] INFO  base.BaseClass - Trying to find Element By {by.toString()})
2024-01-25 22:55:35,420 [main] INFO  base.BaseClass - Found Element By {by.toString()}
2024-01-25 22:55:35,958 [main] INFO  base.BaseClass - Trying to find Element By {by.toString()})
2024-01-25 22:55:35,981 [main] INFO  base.BaseClass - Found Element By {by.toString()}
2024-01-25 22:55:36,522 [main] INFO  base.BaseClass - Trying to find Element By {by.toString()})
2024-01-25 22:55:36,544 [main] INFO  base.BaseClass - Found Element By {by.toString()}
2024-01-25 22:55:37,075 [main] INFO  base.BaseClass - Trying to find Element By {by.toString()})
2024-01-25 22:55:37,100 [main] INFO  base.BaseClass - Found Element By {by.toString()}
2024-01-25 22:55:37,637 [main] INFO  base.BaseClass - Trying to find Element By {by.toString()})
2024-01-25 22:55:37,660 [main] INFO  base.BaseClass - Found Element By {by.toString()}
2024-01-25 22:55:38,205 [main] INFO  base.BaseClass - Trying to find Element By {by.toString()})
2024-01-25 22:55:38,232 [main] INFO  base.BaseClass - Found Element By {by.toString()}
2024-01-25 22:55:38,768 [main] INFO  base.BaseClass - Trying to find Element By {by.toString()})
2024-01-25 22:55:38,785 [main] INFO  base.BaseClass - Found Element By {by.toString()}
2024-01-25 22:55:39,303 [main] INFO  base.BaseClass - Trying to find Element By {by.toString()})
2024-01-25 22:55:39,326 [main] INFO  base.BaseClass - Found Element By {by.toString()}
2024-01-25 22:55:39,858 [main] INFO  base.BaseClass - Trying to find Element By {by.toString()})
2024-01-25 22:55:39,880 [main] INFO  base.BaseClass - Found Element By {by.toString()}
2024-01-25 22:55:40,425 [main] INFO  base.BaseClass - Trying to find Element By {by.toString()})
2024-01-25 22:55:40,446 [main] INFO  base.BaseClass - Found Element By {by.toString()}
2024-01-25 22:55:40,970 [main] INFO  base.BaseClass - Trying to find Element By {by.toString()})
2024-01-25 22:55:40,992 [main] INFO  base.BaseClass - Found Element By {by.toString()}
2024-01-25 22:55:41,516 [main] INFO  base.BaseClass - Trying to find Element By {by.toString()})
2024-01-25 22:55:41,535 [main] INFO  base.BaseClass - Found Element By {by.toString()}
2024-01-25 22:55:42,065 [main] INFO  base.BaseClass - Trying to find Element By {by.toString()})
2024-01-25 22:55:42,090 [main] INFO  base.BaseClass - Found Element By {by.toString()}
2024-01-25 22:55:42,625 [main] INFO  base.BaseClass - Trying to find Element By {by.toString()})
2024-01-25 22:55:42,648 [main] INFO  base.BaseClass - Found Element By {by.toString()}
2024-01-25 22:55:43,184 [main] INFO  base.BaseClass - Trying to find Element By {by.toString()})
2024-01-25 22:55:43,207 [main] INFO  base.BaseClass - Found Element By {by.toString()}
2024-01-25 22:55:43,739 [main] INFO  base.BaseClass - Trying to find Element By {by.toString()})
2024-01-25 22:55:43,762 [main] INFO  base.BaseClass - Found Element By {by.toString()}
2024-01-25 22:55:44,308 [main] INFO  base.BaseClass - Trying to find Element By {by.toString()})
2024-01-25 22:55:44,332 [main] INFO  base.BaseClass - Found Element By {by.toString()}
2024-01-25 22:55:44,873 [main] INFO  base.BaseClass - Trying to find Element By {by.toString()})
2024-01-25 22:55:44,888 [main] INFO  base.BaseClass - Found Element By {by.toString()}
2024-01-25 22:55:45,416 [main] INFO  base.BaseClass - Trying to find Element By {by.toString()})
2024-01-25 22:55:45,438 [main] INFO  base.BaseClass - Found Element By {by.toString()}
2024-01-25 22:55:45,972 [main] INFO  base.BaseClass - Trying to find Element By {by.toString()})
2024-01-25 22:55:45,996 [main] INFO  base.BaseClass - Found Element By {by.toString()}
2024-01-25 22:55:46,521 [main] INFO  base.BaseClass - Trying to find Element By {by.toString()})
2024-01-25 22:55:46,545 [main] INFO  base.BaseClass - Found Element By {by.toString()}
2024-01-25 22:55:47,079 [main] INFO  base.BaseClass - Trying to find Element By {by.toString()})
2024-01-25 22:55:47,383 [main] INFO  base.BaseClass - Found Element By {by.toString()}
2024-01-25 22:55:47,936 [main] INFO  base.BaseClass - Trying to find Element By {by.toString()})
2024-01-25 22:55:47,959 [main] INFO  base.BaseClass - Found Element By {by.toString()}
2024-01-25 22:55:48,504 [main] INFO  base.BaseClass - Trying to find Element By {by.toString()})
2024-01-25 22:55:48,528 [main] INFO  base.BaseClass - Found Element By {by.toString()}
2024-01-25 22:55:49,071 [main] INFO  base.BaseClass - Trying to find Element By {by.toString()})
2024-01-25 22:55:49,094 [main] INFO  base.BaseClass - Found Element By {by.toString()}
2024-01-25 22:55:49,627 [main] INFO  base.BaseClass - Trying to find Element By {by.toString()})
2024-01-25 22:55:49,649 [main] INFO  base.BaseClass - Found Element By {by.toString()}
2024-01-25 22:55:50,175 [main] INFO  base.BaseClass - Trying to find Element By {by.toString()})
2024-01-25 22:55:50,198 [main] INFO  base.BaseClass - Found Element By {by.toString()}
2024-01-25 22:55:50,733 [main] INFO  base.BaseClass - Trying to find Element By {by.toString()})
2024-01-25 22:55:50,756 [main] INFO  base.BaseClass - Found Element By {by.toString()}
2024-01-25 22:55:51,293 [main] INFO  base.BaseClass - Trying to find Element By {by.toString()})
2024-01-25 22:55:51,310 [main] INFO  base.BaseClass - Found Element By {by.toString()}
2024-01-25 22:55:51,839 [main] INFO  base.BaseClass - Trying to find Element By {by.toString()})
2024-01-25 22:55:51,862 [main] INFO  base.BaseClass - Found Element By {by.toString()}
2024-01-25 22:55:52,394 [main] INFO  base.BaseClass - Trying to find Element By {by.toString()})
2024-01-25 22:55:52,416 [main] INFO  base.BaseClass - Found Element By {by.toString()}
2024-01-25 22:55:52,945 [main] INFO  base.BaseClass - Trying to find Element By {by.toString()})
2024-01-25 22:55:52,967 [main] INFO  base.BaseClass - Found Element By {by.toString()}
2024-01-25 22:55:53,500 [main] INFO  base.BaseClass - Trying to find Element By {by.toString()})
2024-01-25 22:55:53,521 [main] INFO  base.BaseClass - Found Element By {by.toString()}
2024-01-25 22:55:54,059 [main] INFO  base.BaseClass - Trying to find Element By {by.toString()})
2024-01-25 22:55:54,081 [main] INFO  base.BaseClass - Found Element By {by.toString()}
2024-01-25 22:55:54,612 [main] INFO  base.BaseClass - Trying to find Element By {by.toString()})
2024-01-25 22:55:54,634 [main] INFO  base.BaseClass - Found Element By {by.toString()}
2024-01-25 22:55:55,167 [main] INFO  base.BaseClass - Trying to find Element By {by.toString()})
2024-01-25 22:55:55,188 [main] INFO  base.BaseClass - Found Element By {by.toString()}
2024-01-25 22:55:55,716 [main] INFO  base.BaseClass - Trying to find Element By {by.toString()})
2024-01-25 22:55:55,738 [main] INFO  base.BaseClass - Found Element By {by.toString()}
2024-01-25 22:55:56,271 [main] INFO  base.BaseClass - Trying to find Element By {by.toString()})
2024-01-25 22:55:56,294 [main] INFO  base.BaseClass - Found Element By {by.toString()}
2024-01-25 22:55:56,825 [main] INFO  base.BaseClass - Trying to find Element By {by.toString()})
2024-01-25 22:55:56,846 [main] INFO  base.BaseClass - Found Element By {by.toString()}
2024-01-25 22:55:57,373 [main] INFO  base.BaseClass - Trying to find Element By {by.toString()})
2024-01-25 22:55:57,394 [main] INFO  base.BaseClass - Found Element By {by.toString()}
2024-01-25 22:55:57,926 [main] INFO  base.BaseClass - Trying to find Element By {by.toString()})
2024-01-25 22:55:57,949 [main] INFO  base.BaseClass - Found Element By {by.toString()}
2024-01-25 22:55:58,482 [main] INFO  base.BaseClass - Trying to find Element By {by.toString()})
2024-01-25 22:55:58,503 [main] INFO  base.BaseClass - Found Element By {by.toString()}
2024-01-25 22:55:59,037 [main] INFO  base.BaseClass - Trying to find Element By {by.toString()})
2024-01-25 22:55:59,060 [main] INFO  base.BaseClass - Found Element By {by.toString()}
2024-01-25 22:55:59,591 [main] INFO  base.BaseClass - Trying to find Element By {by.toString()})
2024-01-25 22:55:59,613 [main] INFO  base.BaseClass - Found Element By {by.toString()}
2024-01-25 22:56:00,143 [main] INFO  base.BaseClass - Trying to find Element By {by.toString()})
2024-01-25 22:56:00,164 [main] INFO  base.BaseClass - Found Element By {by.toString()}
2024-01-25 22:56:00,696 [main] INFO  base.BaseClass - Trying to find Element By {by.toString()})
2024-01-25 22:56:00,719 [main] INFO  base.BaseClass - Found Element By {by.toString()}
2024-01-25 22:56:01,251 [main] INFO  base.BaseClass - Trying to find Element By {by.toString()})
2024-01-25 22:56:01,272 [main] INFO  base.BaseClass - Found Element By {by.toString()}
2024-01-25 22:56:01,805 [main] INFO  base.BaseClass - Trying to find Element By {by.toString()})
2024-01-25 22:56:01,831 [main] INFO  base.BaseClass - Found Element By {by.toString()}
2024-01-25 22:56:02,366 [main] INFO  base.BaseClass - Trying to find Element By {by.toString()})
2024-01-25 22:56:02,389 [main] INFO  base.BaseClass - Found Element By {by.toString()}
2024-01-25 22:56:02,921 [main] INFO  base.BaseClass - Trying to find Element By {by.toString()})
2024-01-25 22:56:02,944 [main] INFO  base.BaseClass - Found Element By {by.toString()}
2024-01-25 22:56:03,494 [main] INFO  base.BaseClass - Trying to find Element By {by.toString()})
2024-01-25 22:56:03,517 [main] INFO  base.BaseClass - Found Element By {by.toString()}
2024-01-25 22:56:04,053 [main] INFO  base.BaseClass - Trying to find Element By {by.toString()})
2024-01-25 22:56:04,075 [main] INFO  base.BaseClass - Found Element By {by.toString()}
2024-01-25 22:56:04,611 [main] INFO  base.BaseClass - Trying to find Element By {by.toString()})
2024-01-25 22:56:04,635 [main] INFO  base.BaseClass - Found Element By {by.toString()}
2024-01-25 22:56:05,173 [main] INFO  base.BaseClass - Trying to find Element By {by.toString()})
2024-01-25 22:56:05,197 [main] INFO  base.BaseClass - Found Element By {by.toString()}
TimeoutException occurred: Expected condition failed: waiting for helper.WaitUtility$5@34c7fa15 (tried for 30 second(s) with 500 milliseconds interval)
Build info: version: '3.141.59', revision: 'e82be7d358', time: '2018-11-14T08:17:03'
System info: host: 'DPLAP166', ip: '137.237.3.67', os.name: 'Windows 10', os.arch: 'amd64', os.version: '10.0', java.version: '19.0.1'
Driver info: org.openqa.selenium.support.events.EventFiringWebDriver
Capabilities {acceptInsecureCerts: true, browserName: chrome, browserVersion: 121.0.6167.86, chrome: {chromedriverVersion: 121.0.6167.85 (3f98d690ad7e..., userDataDir: C:\Users\dP-PL\AppData\Loca...}, fedcm:accounts: true, goog:chromeOptions: {debuggerAddress: localhost:55961}, javascriptEnabled: true, networkConnectionEnabled: false, pageLoadStrategy: normal, platform: WINDOWS, platformName: WINDOWS, proxy: Proxy(), setWindowRect: true, strictFileInteractability: false, timeouts: {implicit: 0, pageLoad: 300000, script: 30000}, unhandledPromptBehavior: dismiss and notify, webauthn:extension:credBlob: true, webauthn:extension:largeBlob: true, webauthn:extension:minPinLength: true, webauthn:extension:prf: true, webauthn:virtualAuthenticators: true}
Session ID: 48a8dd11ac42f4e533d49fd6c4dde4a1
2024-01-25 22:56:05,228 [main] ERROR XGLT_15177_Test - Element did not become visible within the specified time: Expected condition failed: waiting for helper.WaitUtility$5@34c7fa15 (tried for 30 second(s) with 500 milliseconds interval)
Build info: version: '3.141.59', revision: 'e82be7d358', time: '2018-11-14T08:17:03'
System info: host: 'DPLAP166', ip: '137.237.3.67', os.name: 'Windows 10', os.arch: 'amd64', os.version: '10.0', java.version: '19.0.1'
Driver info: org.openqa.selenium.support.events.EventFiringWebDriver
Capabilities {acceptInsecureCerts: true, browserName: chrome, browserVersion: 121.0.6167.86, chrome: {chromedriverVersion: 121.0.6167.85 (3f98d690ad7e..., userDataDir: C:\Users\dP-PL\AppData\Loca...}, fedcm:accounts: true, goog:chromeOptions: {debuggerAddress: localhost:55961}, javascriptEnabled: true, networkConnectionEnabled: false, pageLoadStrategy: normal, platform: WINDOWS, platformName: WINDOWS, proxy: Proxy(), setWindowRect: true, strictFileInteractability: false, timeouts: {implicit: 0, pageLoad: 300000, script: 30000}, unhandledPromptBehavior: dismiss and notify, webauthn:extension:credBlob: true, webauthn:extension:largeBlob: true, webauthn:extension:minPinLength: true, webauthn:extension:prf: true, webauthn:virtualAuthenticators: true}
Session ID: 48a8dd11ac42f4e533d49fd6c4dde4a1
2024-01-25 22:56:05,228 [main] INFO  base.BaseClass - Trying to find Element By {by.toString()})
2024-01-25 22:56:05,247 [main] INFO  base.BaseClass - Found Element By {by.toString()}
2024-01-25 22:56:05,248 [main] INFO  base.BaseClass - Trying to click on: {element.toString()}
2024-01-25 22:56:05,371 [main] INFO  base.BaseClass - Clicked on: {element.toString()}
2024-01-25 22:56:05,373 [main] INFO  base.BaseClass - Trying to find Element By {by.toString()})
2024-01-25 22:56:05,386 [main] INFO  base.BaseClass - Found Element By {by.toString()}
2024-01-25 22:56:05,407 [main] INFO  base.BaseClass - Trying to find Element By {by.toString()})
2024-01-25 22:56:05,423 [main] INFO  base.BaseClass - Found Element By {by.toString()}
Writing on Excel file Finished ...
CreateNewSalesoffice passed!
]]></system-out>
    <system-err><![CDATA[Starting ChromeDriver 121.0.6167.85 (3f98d690ad7e59242ef110144c757b2ac4eef1a2-refs/branch-heads/6167@{#1539}) on port 27579
Only local connections are allowed.
Please see https://chromedriver.chromium.org/security-considerations for suggestions on keeping ChromeDriver safe.
ChromeDriver was started successfully.
Jan 25, 2024 10:52:30 PM org.openqa.selenium.remote.ProtocolHandshake createSession
INFO: Detected dialect: W3C
]]></system-err>
  </testcase>
  <testcase name="CreateNewrevenuType" classname="XGLT_6150_Test" time="234.748">
    <system-out><![CDATA[2024-01-25 22:56:05,751 [main] INFO  XGLT_15177_Test - closing up browser
2024-01-25 22:56:06,008 [main] INFO  base.BaseClass - Login to XGL
2024-01-25 22:56:06,008 [main] INFO  XGLT_15177_Test - Setting up browser
2024-01-25 22:56:06,035 [main] INFO  io.github.bonigarcia.wdm.WebDriverManager - Using chromedriver 121.0.6167.85 (resolved driver for Chrome 121)
2024-01-25 22:56:06,081 [main] INFO  io.github.bonigarcia.wdm.WebDriverManager - Exporting webdriver.chrome.driver as C:\Users\dP-PL\.cache\selenium\chromedriver\win64\121.0.6167.85\chromedriver.exe
2024-01-25 22:56:07,174 [main] INFO  base.BaseClass - Before navigating to {url}
2024-01-25 22:56:14,329 [main] INFO  base.BaseClass - Navigated to {url}
2024-01-25 22:56:14,711 [main] INFO  base.BaseClass - Trying to find Element By {by.toString()})
2024-01-25 22:56:14,727 [main] INFO  base.BaseClass - Found Element By {by.toString()}
2024-01-25 22:56:14,771 [main] INFO  base.BaseClass - Trying to find Element By {by.toString()})
2024-01-25 22:56:14,782 [main] INFO  base.BaseClass - Found Element By {by.toString()}
2024-01-25 22:56:14,843 [main] INFO  base.BaseClass - Trying to find Element By {by.toString()})
2024-01-25 22:56:14,855 [main] INFO  base.BaseClass - Found Element By {by.toString()}
2024-01-25 22:56:14,855 [main] INFO  base.BaseClass - Trying to click on: {element.toString()}
2024-01-25 22:56:14,892 [main] INFO  base.BaseClass - Clicked on: {element.toString()}
2024-01-25 22:56:14,892 [main] INFO  base.BaseClass - Trying to find Element By {by.toString()})
2024-01-25 22:56:18,914 [main] INFO  base.BaseClass - Found Element By {by.toString()}
2024-01-25 22:56:18,936 [main] INFO  base.BaseClass - Trying to find Element By {by.toString()})
NoSuchElementException occurred: no such element: Unable to locate element: {"method":"xpath","selector":"//div[@class='modal-content']/div/i[contains(@class,'close')]"}
  (Session info: chrome=121.0.6167.86)
For documentation on this error, please visit: https://www.seleniumhq.org/exceptions/no_such_element.html
Build info: version: '3.141.59', revision: 'e82be7d358', time: '2018-11-14T08:17:03'
System info: host: 'DPLAP166', ip: '137.237.3.67', os.name: 'Windows 10', os.arch: 'amd64', os.version: '10.0', java.version: '19.0.1'
Driver info: org.openqa.selenium.chrome.ChromeDriver
Capabilities {acceptInsecureCerts: true, browserName: chrome, browserVersion: 121.0.6167.86, chrome: {chromedriverVersion: 121.0.6167.85 (3f98d690ad7e..., userDataDir: C:\Users\dP-PL\AppData\Loca...}, fedcm:accounts: true, goog:chromeOptions: {debuggerAddress: localhost:55988}, javascriptEnabled: true, networkConnectionEnabled: false, pageLoadStrategy: normal, platform: WINDOWS, platformName: WINDOWS, proxy: Proxy(), setWindowRect: true, strictFileInteractability: false, timeouts: {implicit: 0, pageLoad: 300000, script: 30000}, unhandledPromptBehavior: dismiss and notify, webauthn:extension:credBlob: true, webauthn:extension:largeBlob: true, webauthn:extension:minPinLength: true, webauthn:extension:prf: true, webauthn:virtualAuthenticators: true}
Session ID: 36e80c3812b8881b133f5b23264feb9a
*** Element info: {Using=xpath, value=//div[@class='modal-content']/div/i[contains(@class,'close')]}
Before method Test name: Maintainance Tests
CreateNewrevenuType started!
2024-01-25 22:57:08,990 [main] INFO  base.BaseClass - Trying to find Element By {by.toString()})
2024-01-25 22:57:09,020 [main] INFO  base.BaseClass - Found Element By {by.toString()}
2024-01-25 22:57:09,557 [main] INFO  base.BaseClass - Trying to find Element By {by.toString()})
2024-01-25 22:57:09,576 [main] INFO  base.BaseClass - Found Element By {by.toString()}
2024-01-25 22:57:10,108 [main] INFO  base.BaseClass - Trying to find Element By {by.toString()})
2024-01-25 22:57:10,128 [main] INFO  base.BaseClass - Found Element By {by.toString()}
2024-01-25 22:57:10,659 [main] INFO  base.BaseClass - Trying to find Element By {by.toString()})
2024-01-25 22:57:10,680 [main] INFO  base.BaseClass - Found Element By {by.toString()}
2024-01-25 22:57:11,210 [main] INFO  base.BaseClass - Trying to find Element By {by.toString()})
2024-01-25 22:57:11,226 [main] INFO  base.BaseClass - Found Element By {by.toString()}
2024-01-25 22:57:11,743 [main] INFO  base.BaseClass - Trying to find Element By {by.toString()})
2024-01-25 22:57:11,764 [main] INFO  base.BaseClass - Found Element By {by.toString()}
2024-01-25 22:57:12,295 [main] INFO  base.BaseClass - Trying to find Element By {by.toString()})
2024-01-25 22:57:12,314 [main] INFO  base.BaseClass - Found Element By {by.toString()}
2024-01-25 22:57:12,846 [main] INFO  base.BaseClass - Trying to find Element By {by.toString()})
2024-01-25 22:57:12,867 [main] INFO  base.BaseClass - Found Element By {by.toString()}
2024-01-25 22:57:13,396 [main] INFO  base.BaseClass - Trying to find Element By {by.toString()})
2024-01-25 22:57:13,418 [main] INFO  base.BaseClass - Found Element By {by.toString()}
2024-01-25 22:57:13,949 [main] INFO  base.BaseClass - Trying to find Element By {by.toString()})
2024-01-25 22:57:13,970 [main] INFO  base.BaseClass - Found Element By {by.toString()}
2024-01-25 22:57:14,506 [main] INFO  base.BaseClass - Trying to find Element By {by.toString()})
2024-01-25 22:57:14,528 [main] INFO  base.BaseClass - Found Element By {by.toString()}
2024-01-25 22:57:15,070 [main] INFO  base.BaseClass - Trying to find Element By {by.toString()})
2024-01-25 22:57:15,092 [main] INFO  base.BaseClass - Found Element By {by.toString()}
2024-01-25 22:57:15,626 [main] INFO  base.BaseClass - Trying to find Element By {by.toString()})
2024-01-25 22:57:15,642 [main] INFO  base.BaseClass - Found Element By {by.toString()}
2024-01-25 22:57:16,167 [main] INFO  base.BaseClass - Trying to find Element By {by.toString()})
2024-01-25 22:57:16,187 [main] INFO  base.BaseClass - Found Element By {by.toString()}
2024-01-25 22:57:16,715 [main] INFO  base.BaseClass - Trying to find Element By {by.toString()})
2024-01-25 22:57:16,736 [main] INFO  base.BaseClass - Found Element By {by.toString()}
2024-01-25 22:57:17,274 [main] INFO  base.BaseClass - Trying to find Element By {by.toString()})
2024-01-25 22:57:17,296 [main] INFO  base.BaseClass - Found Element By {by.toString()}
2024-01-25 22:57:17,827 [main] INFO  base.BaseClass - Trying to find Element By {by.toString()})
2024-01-25 22:57:17,848 [main] INFO  base.BaseClass - Found Element By {by.toString()}
2024-01-25 22:57:18,372 [main] INFO  base.BaseClass - Trying to find Element By {by.toString()})
2024-01-25 22:57:18,395 [main] INFO  base.BaseClass - Found Element By {by.toString()}
2024-01-25 22:57:18,920 [main] INFO  base.BaseClass - Trying to find Element By {by.toString()})
2024-01-25 22:57:18,943 [main] INFO  base.BaseClass - Found Element By {by.toString()}
2024-01-25 22:57:19,483 [main] INFO  base.BaseClass - Trying to find Element By {by.toString()})
2024-01-25 22:57:19,505 [main] INFO  base.BaseClass - Found Element By {by.toString()}
2024-01-25 22:57:20,030 [main] INFO  base.BaseClass - Trying to find Element By {by.toString()})
2024-01-25 22:57:20,052 [main] INFO  base.BaseClass - Found Element By {by.toString()}
2024-01-25 22:57:20,585 [main] INFO  base.BaseClass - Trying to find Element By {by.toString()})
2024-01-25 22:57:20,607 [main] INFO  base.BaseClass - Found Element By {by.toString()}
2024-01-25 22:57:21,141 [main] INFO  base.BaseClass - Trying to find Element By {by.toString()})
2024-01-25 22:57:21,162 [main] INFO  base.BaseClass - Found Element By {by.toString()}
2024-01-25 22:57:21,690 [main] INFO  base.BaseClass - Trying to find Element By {by.toString()})
2024-01-25 22:57:21,712 [main] INFO  base.BaseClass - Found Element By {by.toString()}
2024-01-25 22:57:22,251 [main] INFO  base.BaseClass - Trying to find Element By {by.toString()})
2024-01-25 22:57:22,273 [main] INFO  base.BaseClass - Found Element By {by.toString()}
2024-01-25 22:57:22,809 [main] INFO  base.BaseClass - Trying to find Element By {by.toString()})
2024-01-25 22:57:22,831 [main] INFO  base.BaseClass - Found Element By {by.toString()}
2024-01-25 22:57:23,364 [main] INFO  base.BaseClass - Trying to find Element By {by.toString()})
2024-01-25 22:57:23,386 [main] INFO  base.BaseClass - Found Element By {by.toString()}
2024-01-25 22:57:23,920 [main] INFO  base.BaseClass - Trying to find Element By {by.toString()})
2024-01-25 22:57:23,940 [main] INFO  base.BaseClass - Found Element By {by.toString()}
2024-01-25 22:57:24,471 [main] INFO  base.BaseClass - Trying to find Element By {by.toString()})
2024-01-25 22:57:24,491 [main] INFO  base.BaseClass - Found Element By {by.toString()}
2024-01-25 22:57:25,021 [main] INFO  base.BaseClass - Trying to find Element By {by.toString()})
2024-01-25 22:57:25,045 [main] INFO  base.BaseClass - Found Element By {by.toString()}
2024-01-25 22:57:25,595 [main] INFO  base.BaseClass - Trying to find Element By {by.toString()})
2024-01-25 22:57:25,618 [main] INFO  base.BaseClass - Found Element By {by.toString()}
2024-01-25 22:57:26,154 [main] INFO  base.BaseClass - Trying to find Element By {by.toString()})
2024-01-25 22:57:26,178 [main] INFO  base.BaseClass - Found Element By {by.toString()}
2024-01-25 22:57:26,721 [main] INFO  base.BaseClass - Trying to find Element By {by.toString()})
2024-01-25 22:57:26,744 [main] INFO  base.BaseClass - Found Element By {by.toString()}
2024-01-25 22:57:27,276 [main] INFO  base.BaseClass - Trying to find Element By {by.toString()})
2024-01-25 22:57:27,300 [main] INFO  base.BaseClass - Found Element By {by.toString()}
2024-01-25 22:57:27,838 [main] INFO  base.BaseClass - Trying to find Element By {by.toString()})
2024-01-25 22:57:27,857 [main] INFO  base.BaseClass - Found Element By {by.toString()}
2024-01-25 22:57:28,386 [main] INFO  base.BaseClass - Trying to find Element By {by.toString()})
2024-01-25 22:57:28,400 [main] INFO  base.BaseClass - Found Element By {by.toString()}
2024-01-25 22:57:28,935 [main] INFO  base.BaseClass - Trying to find Element By {by.toString()})
2024-01-25 22:57:28,958 [main] INFO  base.BaseClass - Found Element By {by.toString()}
2024-01-25 22:57:29,495 [main] INFO  base.BaseClass - Trying to find Element By {by.toString()})
2024-01-25 22:57:29,519 [main] INFO  base.BaseClass - Found Element By {by.toString()}
2024-01-25 22:57:30,045 [main] INFO  base.BaseClass - Trying to find Element By {by.toString()})
2024-01-25 22:57:30,065 [main] INFO  base.BaseClass - Found Element By {by.toString()}
2024-01-25 22:57:30,596 [main] INFO  base.BaseClass - Trying to find Element By {by.toString()})
2024-01-25 22:57:30,617 [main] INFO  base.BaseClass - Found Element By {by.toString()}
2024-01-25 22:57:31,143 [main] INFO  base.BaseClass - Trying to find Element By {by.toString()})
2024-01-25 22:57:31,167 [main] INFO  base.BaseClass - Found Element By {by.toString()}
2024-01-25 22:57:31,702 [main] INFO  base.BaseClass - Trying to find Element By {by.toString()})
2024-01-25 22:57:31,727 [main] INFO  base.BaseClass - Found Element By {by.toString()}
2024-01-25 22:57:32,265 [main] INFO  base.BaseClass - Trying to find Element By {by.toString()})
2024-01-25 22:57:32,289 [main] INFO  base.BaseClass - Found Element By {by.toString()}
2024-01-25 22:57:32,826 [main] INFO  base.BaseClass - Trying to find Element By {by.toString()})
2024-01-25 22:57:32,849 [main] INFO  base.BaseClass - Found Element By {by.toString()}
2024-01-25 22:57:33,386 [main] INFO  base.BaseClass - Trying to find Element By {by.toString()})
2024-01-25 22:57:33,402 [main] INFO  base.BaseClass - Found Element By {by.toString()}
2024-01-25 22:57:33,930 [main] INFO  base.BaseClass - Trying to find Element By {by.toString()})
2024-01-25 22:57:33,951 [main] INFO  base.BaseClass - Found Element By {by.toString()}
2024-01-25 22:57:34,482 [main] INFO  base.BaseClass - Trying to find Element By {by.toString()})
2024-01-25 22:57:34,498 [main] INFO  base.BaseClass - Found Element By {by.toString()}
2024-01-25 22:57:35,023 [main] INFO  base.BaseClass - Trying to find Element By {by.toString()})
2024-01-25 22:57:35,048 [main] INFO  base.BaseClass - Found Element By {by.toString()}
2024-01-25 22:57:35,589 [main] INFO  base.BaseClass - Trying to find Element By {by.toString()})
2024-01-25 22:57:35,615 [main] INFO  base.BaseClass - Found Element By {by.toString()}
2024-01-25 22:57:36,153 [main] INFO  base.BaseClass - Trying to find Element By {by.toString()})
2024-01-25 22:57:36,176 [main] INFO  base.BaseClass - Found Element By {by.toString()}
2024-01-25 22:57:36,705 [main] INFO  base.BaseClass - Trying to find Element By {by.toString()})
2024-01-25 22:57:36,729 [main] INFO  base.BaseClass - Found Element By {by.toString()}
2024-01-25 22:57:37,265 [main] INFO  base.BaseClass - Trying to find Element By {by.toString()})
2024-01-25 22:57:37,288 [main] INFO  base.BaseClass - Found Element By {by.toString()}
2024-01-25 22:57:37,829 [main] INFO  base.BaseClass - Trying to find Element By {by.toString()})
2024-01-25 22:57:37,837 [main] INFO  base.BaseClass - Found Element By {by.toString()}
2024-01-25 22:57:38,369 [main] INFO  base.BaseClass - Trying to find Element By {by.toString()})
2024-01-25 22:57:38,377 [main] INFO  base.BaseClass - Found Element By {by.toString()}
2024-01-25 22:57:38,890 [main] INFO  base.BaseClass - Trying to find Element By {by.toString()})
2024-01-25 22:57:38,914 [main] INFO  base.BaseClass - Found Element By {by.toString()}
2024-01-25 22:57:39,445 [main] INFO  base.BaseClass - Trying to find Element By {by.toString()})
2024-01-25 22:57:39,468 [main] INFO  base.BaseClass - Found Element By {by.toString()}
TimeoutException occurred: Expected condition failed: waiting for helper.WaitUtility$5@1342a419 (tried for 30 second(s) with 500 milliseconds interval)
Build info: version: '3.141.59', revision: 'e82be7d358', time: '2018-11-14T08:17:03'
System info: host: 'DPLAP166', ip: '137.237.3.67', os.name: 'Windows 10', os.arch: 'amd64', os.version: '10.0', java.version: '19.0.1'
Driver info: org.openqa.selenium.support.events.EventFiringWebDriver
Capabilities {acceptInsecureCerts: true, browserName: chrome, browserVersion: 121.0.6167.86, chrome: {chromedriverVersion: 121.0.6167.85 (3f98d690ad7e..., userDataDir: C:\Users\dP-PL\AppData\Loca...}, fedcm:accounts: true, goog:chromeOptions: {debuggerAddress: localhost:55988}, javascriptEnabled: true, networkConnectionEnabled: false, pageLoadStrategy: normal, platform: WINDOWS, platformName: WINDOWS, proxy: Proxy(), setWindowRect: true, strictFileInteractability: false, timeouts: {implicit: 0, pageLoad: 300000, script: 30000}, unhandledPromptBehavior: dismiss and notify, webauthn:extension:credBlob: true, webauthn:extension:largeBlob: true, webauthn:extension:minPinLength: true, webauthn:extension:prf: true, webauthn:virtualAuthenticators: true}
Session ID: 36e80c3812b8881b133f5b23264feb9a
2024-01-25 22:57:39,501 [main] ERROR XGLT_15177_Test - Element did not become visible within the specified time: Expected condition failed: waiting for helper.WaitUtility$5@1342a419 (tried for 30 second(s) with 500 milliseconds interval)
Build info: version: '3.141.59', revision: 'e82be7d358', time: '2018-11-14T08:17:03'
System info: host: 'DPLAP166', ip: '137.237.3.67', os.name: 'Windows 10', os.arch: 'amd64', os.version: '10.0', java.version: '19.0.1'
Driver info: org.openqa.selenium.support.events.EventFiringWebDriver
Capabilities {acceptInsecureCerts: true, browserName: chrome, browserVersion: 121.0.6167.86, chrome: {chromedriverVersion: 121.0.6167.85 (3f98d690ad7e..., userDataDir: C:\Users\dP-PL\AppData\Loca...}, fedcm:accounts: true, goog:chromeOptions: {debuggerAddress: localhost:55988}, javascriptEnabled: true, networkConnectionEnabled: false, pageLoadStrategy: normal, platform: WINDOWS, platformName: WINDOWS, proxy: Proxy(), setWindowRect: true, strictFileInteractability: false, timeouts: {implicit: 0, pageLoad: 300000, script: 30000}, unhandledPromptBehavior: dismiss and notify, webauthn:extension:credBlob: true, webauthn:extension:largeBlob: true, webauthn:extension:minPinLength: true, webauthn:extension:prf: true, webauthn:virtualAuthenticators: true}
Session ID: 36e80c3812b8881b133f5b23264feb9a
2024-01-25 22:57:39,501 [main] INFO  base.BaseClass - Trying to find Element By {by.toString()})
2024-01-25 22:57:39,522 [main] INFO  base.BaseClass - Found Element By {by.toString()}
2024-01-25 22:57:39,522 [main] INFO  base.BaseClass - Trying to click on: {element.toString()}
2024-01-25 22:57:39,668 [main] INFO  base.BaseClass - Clicked on: {element.toString()}
2024-01-25 22:57:39,674 [main] INFO  base.BaseClass - Trying to find Element By {by.toString()})
2024-01-25 22:57:39,686 [main] INFO  base.BaseClass - Found Element By {by.toString()}
2024-01-25 22:57:40,197 [main] INFO  base.BaseClass - Trying to find Element By {by.toString()})
2024-01-25 22:57:40,221 [main] INFO  base.BaseClass - Found Element By {by.toString()}
2024-01-25 22:57:40,757 [main] INFO  base.BaseClass - Trying to find Element By {by.toString()})
2024-01-25 22:57:40,780 [main] INFO  base.BaseClass - Found Element By {by.toString()}
2024-01-25 22:57:41,310 [main] INFO  base.BaseClass - Trying to find Element By {by.toString()})
2024-01-25 22:57:41,333 [main] INFO  base.BaseClass - Found Element By {by.toString()}
2024-01-25 22:57:41,874 [main] INFO  base.BaseClass - Trying to find Element By {by.toString()})
2024-01-25 22:57:41,897 [main] INFO  base.BaseClass - Found Element By {by.toString()}
2024-01-25 22:57:42,427 [main] INFO  base.BaseClass - Trying to find Element By {by.toString()})
2024-01-25 22:57:42,445 [main] INFO  base.BaseClass - Found Element By {by.toString()}
2024-01-25 22:57:42,977 [main] INFO  base.BaseClass - Trying to find Element By {by.toString()})
2024-01-25 22:57:42,989 [main] INFO  base.BaseClass - Found Element By {by.toString()}
2024-01-25 22:57:43,513 [main] INFO  base.BaseClass - Trying to find Element By {by.toString()})
2024-01-25 22:57:43,537 [main] INFO  base.BaseClass - Found Element By {by.toString()}
2024-01-25 22:57:44,064 [main] INFO  base.BaseClass - Trying to find Element By {by.toString()})
2024-01-25 22:57:44,085 [main] INFO  base.BaseClass - Found Element By {by.toString()}
2024-01-25 22:57:44,620 [main] INFO  base.BaseClass - Trying to find Element By {by.toString()})
2024-01-25 22:57:44,635 [main] INFO  base.BaseClass - Found Element By {by.toString()}
2024-01-25 22:57:45,160 [main] INFO  base.BaseClass - Trying to find Element By {by.toString()})
2024-01-25 22:57:45,181 [main] INFO  base.BaseClass - Found Element By {by.toString()}
2024-01-25 22:57:45,714 [main] INFO  base.BaseClass - Trying to find Element By {by.toString()})
2024-01-25 22:57:45,735 [main] INFO  base.BaseClass - Found Element By {by.toString()}
2024-01-25 22:57:46,266 [main] INFO  base.BaseClass - Trying to find Element By {by.toString()})
2024-01-25 22:57:46,287 [main] INFO  base.BaseClass - Found Element By {by.toString()}
2024-01-25 22:57:46,818 [main] INFO  base.BaseClass - Trying to find Element By {by.toString()})
2024-01-25 22:57:46,841 [main] INFO  base.BaseClass - Found Element By {by.toString()}
2024-01-25 22:57:47,371 [main] INFO  base.BaseClass - Trying to find Element By {by.toString()})
2024-01-25 22:57:47,392 [main] INFO  base.BaseClass - Found Element By {by.toString()}
2024-01-25 22:57:47,926 [main] INFO  base.BaseClass - Trying to find Element By {by.toString()})
2024-01-25 22:57:47,950 [main] INFO  base.BaseClass - Found Element By {by.toString()}
2024-01-25 22:57:48,481 [main] INFO  base.BaseClass - Trying to find Element By {by.toString()})
2024-01-25 22:57:48,504 [main] INFO  base.BaseClass - Found Element By {by.toString()}
2024-01-25 22:57:49,028 [main] INFO  base.BaseClass - Trying to find Element By {by.toString()})
2024-01-25 22:57:49,044 [main] INFO  base.BaseClass - Found Element By {by.toString()}
2024-01-25 22:57:49,574 [main] INFO  base.BaseClass - Trying to find Element By {by.toString()})
2024-01-25 22:57:49,597 [main] INFO  base.BaseClass - Found Element By {by.toString()}
2024-01-25 22:57:50,128 [main] INFO  base.BaseClass - Trying to find Element By {by.toString()})
2024-01-25 22:57:50,151 [main] INFO  base.BaseClass - Found Element By {by.toString()}
2024-01-25 22:57:50,678 [main] INFO  base.BaseClass - Trying to find Element By {by.toString()})
2024-01-25 22:57:50,701 [main] INFO  base.BaseClass - Found Element By {by.toString()}
2024-01-25 22:57:51,236 [main] INFO  base.BaseClass - Trying to find Element By {by.toString()})
2024-01-25 22:57:51,257 [main] INFO  base.BaseClass - Found Element By {by.toString()}
2024-01-25 22:57:51,789 [main] INFO  base.BaseClass - Trying to find Element By {by.toString()})
2024-01-25 22:57:51,812 [main] INFO  base.BaseClass - Found Element By {by.toString()}
2024-01-25 22:57:52,337 [main] INFO  base.BaseClass - Trying to find Element By {by.toString()})
2024-01-25 22:57:52,360 [main] INFO  base.BaseClass - Found Element By {by.toString()}
2024-01-25 22:57:52,890 [main] INFO  base.BaseClass - Trying to find Element By {by.toString()})
2024-01-25 22:57:52,912 [main] INFO  base.BaseClass - Found Element By {by.toString()}
2024-01-25 22:57:53,440 [main] INFO  base.BaseClass - Trying to find Element By {by.toString()})
2024-01-25 22:57:53,462 [main] INFO  base.BaseClass - Found Element By {by.toString()}
2024-01-25 22:57:53,994 [main] INFO  base.BaseClass - Trying to find Element By {by.toString()})
2024-01-25 22:57:54,016 [main] INFO  base.BaseClass - Found Element By {by.toString()}
2024-01-25 22:57:54,549 [main] INFO  base.BaseClass - Trying to find Element By {by.toString()})
2024-01-25 22:57:54,571 [main] INFO  base.BaseClass - Found Element By {by.toString()}
2024-01-25 22:57:55,103 [main] INFO  base.BaseClass - Trying to find Element By {by.toString()})
2024-01-25 22:57:55,124 [main] INFO  base.BaseClass - Found Element By {by.toString()}
2024-01-25 22:57:55,649 [main] INFO  base.BaseClass - Trying to find Element By {by.toString()})
2024-01-25 22:57:55,669 [main] INFO  base.BaseClass - Found Element By {by.toString()}
2024-01-25 22:57:56,201 [main] INFO  base.BaseClass - Trying to find Element By {by.toString()})
2024-01-25 22:57:56,224 [main] INFO  base.BaseClass - Found Element By {by.toString()}
2024-01-25 22:57:56,759 [main] INFO  base.BaseClass - Trying to find Element By {by.toString()})
2024-01-25 22:57:56,781 [main] INFO  base.BaseClass - Found Element By {by.toString()}
2024-01-25 22:57:57,312 [main] INFO  base.BaseClass - Trying to find Element By {by.toString()})
2024-01-25 22:57:57,333 [main] INFO  base.BaseClass - Found Element By {by.toString()}
2024-01-25 22:57:57,867 [main] INFO  base.BaseClass - Trying to find Element By {by.toString()})
2024-01-25 22:57:57,888 [main] INFO  base.BaseClass - Found Element By {by.toString()}
2024-01-25 22:57:58,418 [main] INFO  base.BaseClass - Trying to find Element By {by.toString()})
2024-01-25 22:57:58,442 [main] INFO  base.BaseClass - Found Element By {by.toString()}
2024-01-25 22:57:58,985 [main] INFO  base.BaseClass - Trying to find Element By {by.toString()})
2024-01-25 22:57:59,007 [main] INFO  base.BaseClass - Found Element By {by.toString()}
2024-01-25 22:57:59,539 [main] INFO  base.BaseClass - Trying to find Element By {by.toString()})
2024-01-25 22:57:59,561 [main] INFO  base.BaseClass - Found Element By {by.toString()}
2024-01-25 22:58:00,091 [main] INFO  base.BaseClass - Trying to find Element By {by.toString()})
2024-01-25 22:58:00,112 [main] INFO  base.BaseClass - Found Element By {by.toString()}
2024-01-25 22:58:00,643 [main] INFO  base.BaseClass - Trying to find Element By {by.toString()})
2024-01-25 22:58:00,661 [main] INFO  base.BaseClass - Found Element By {by.toString()}
2024-01-25 22:58:01,194 [main] INFO  base.BaseClass - Trying to find Element By {by.toString()})
2024-01-25 22:58:01,215 [main] INFO  base.BaseClass - Found Element By {by.toString()}
2024-01-25 22:58:01,746 [main] INFO  base.BaseClass - Trying to find Element By {by.toString()})
2024-01-25 22:58:01,771 [main] INFO  base.BaseClass - Found Element By {by.toString()}
2024-01-25 22:58:02,302 [main] INFO  base.BaseClass - Trying to find Element By {by.toString()})
2024-01-25 22:58:02,325 [main] INFO  base.BaseClass - Found Element By {by.toString()}
2024-01-25 22:58:02,857 [main] INFO  base.BaseClass - Trying to find Element By {by.toString()})
2024-01-25 22:58:02,882 [main] INFO  base.BaseClass - Found Element By {by.toString()}
2024-01-25 22:58:03,421 [main] INFO  base.BaseClass - Trying to find Element By {by.toString()})
2024-01-25 22:58:03,443 [main] INFO  base.BaseClass - Found Element By {by.toString()}
2024-01-25 22:58:03,973 [main] INFO  base.BaseClass - Trying to find Element By {by.toString()})
2024-01-25 22:58:03,997 [main] INFO  base.BaseClass - Found Element By {by.toString()}
2024-01-25 22:58:04,528 [main] INFO  base.BaseClass - Trying to find Element By {by.toString()})
2024-01-25 22:58:04,550 [main] INFO  base.BaseClass - Found Element By {by.toString()}
2024-01-25 22:58:05,082 [main] INFO  base.BaseClass - Trying to find Element By {by.toString()})
2024-01-25 22:58:05,104 [main] INFO  base.BaseClass - Found Element By {by.toString()}
2024-01-25 22:58:05,652 [main] INFO  base.BaseClass - Trying to find Element By {by.toString()})
2024-01-25 22:58:05,674 [main] INFO  base.BaseClass - Found Element By {by.toString()}
2024-01-25 22:58:06,191 [main] INFO  base.BaseClass - Trying to find Element By {by.toString()})
2024-01-25 22:58:06,213 [main] INFO  base.BaseClass - Found Element By {by.toString()}
2024-01-25 22:58:06,759 [main] INFO  base.BaseClass - Trying to find Element By {by.toString()})
2024-01-25 22:58:06,766 [main] INFO  base.BaseClass - Found Element By {by.toString()}
2024-01-25 22:58:07,277 [main] INFO  base.BaseClass - Trying to find Element By {by.toString()})
2024-01-25 22:58:07,301 [main] INFO  base.BaseClass - Found Element By {by.toString()}
2024-01-25 22:58:07,836 [main] INFO  base.BaseClass - Trying to find Element By {by.toString()})
2024-01-25 22:58:07,856 [main] INFO  base.BaseClass - Found Element By {by.toString()}
2024-01-25 22:58:08,370 [main] INFO  base.BaseClass - Trying to find Element By {by.toString()})
2024-01-25 22:58:08,393 [main] INFO  base.BaseClass - Found Element By {by.toString()}
2024-01-25 22:58:08,933 [main] INFO  base.BaseClass - Trying to find Element By {by.toString()})
2024-01-25 22:58:08,956 [main] INFO  base.BaseClass - Found Element By {by.toString()}
2024-01-25 22:58:09,502 [main] INFO  base.BaseClass - Trying to find Element By {by.toString()})
2024-01-25 22:58:09,511 [main] INFO  base.BaseClass - Found Element By {by.toString()}
2024-01-25 22:58:10,024 [main] INFO  base.BaseClass - Trying to find Element By {by.toString()})
2024-01-25 22:58:10,034 [main] INFO  base.BaseClass - Found Element By {by.toString()}
TimeoutException occurred: Expected condition failed: waiting for helper.WaitUtility$5@54b986aa (tried for 30 second(s) with 500 milliseconds interval)
Build info: version: '3.141.59', revision: 'e82be7d358', time: '2018-11-14T08:17:03'
System info: host: 'DPLAP166', ip: '137.237.3.67', os.name: 'Windows 10', os.arch: 'amd64', os.version: '10.0', java.version: '19.0.1'
Driver info: org.openqa.selenium.support.events.EventFiringWebDriver
Capabilities {acceptInsecureCerts: true, browserName: chrome, browserVersion: 121.0.6167.86, chrome: {chromedriverVersion: 121.0.6167.85 (3f98d690ad7e..., userDataDir: C:\Users\dP-PL\AppData\Loca...}, fedcm:accounts: true, goog:chromeOptions: {debuggerAddress: localhost:55988}, javascriptEnabled: true, networkConnectionEnabled: false, pageLoadStrategy: normal, platform: WINDOWS, platformName: WINDOWS, proxy: Proxy(), setWindowRect: true, strictFileInteractability: false, timeouts: {implicit: 0, pageLoad: 300000, script: 30000}, unhandledPromptBehavior: dismiss and notify, webauthn:extension:credBlob: true, webauthn:extension:largeBlob: true, webauthn:extension:minPinLength: true, webauthn:extension:prf: true, webauthn:virtualAuthenticators: true}
Session ID: 36e80c3812b8881b133f5b23264feb9a
2024-01-25 22:58:10,047 [main] ERROR XGLT_15177_Test - Element did not become visible within the specified time: Expected condition failed: waiting for helper.WaitUtility$5@54b986aa (tried for 30 second(s) with 500 milliseconds interval)
Build info: version: '3.141.59', revision: 'e82be7d358', time: '2018-11-14T08:17:03'
System info: host: 'DPLAP166', ip: '137.237.3.67', os.name: 'Windows 10', os.arch: 'amd64', os.version: '10.0', java.version: '19.0.1'
Driver info: org.openqa.selenium.support.events.EventFiringWebDriver
Capabilities {acceptInsecureCerts: true, browserName: chrome, browserVersion: 121.0.6167.86, chrome: {chromedriverVersion: 121.0.6167.85 (3f98d690ad7e..., userDataDir: C:\Users\dP-PL\AppData\Loca...}, fedcm:accounts: true, goog:chromeOptions: {debuggerAddress: localhost:55988}, javascriptEnabled: true, networkConnectionEnabled: false, pageLoadStrategy: normal, platform: WINDOWS, platformName: WINDOWS, proxy: Proxy(), setWindowRect: true, strictFileInteractability: false, timeouts: {implicit: 0, pageLoad: 300000, script: 30000}, unhandledPromptBehavior: dismiss and notify, webauthn:extension:credBlob: true, webauthn:extension:largeBlob: true, webauthn:extension:minPinLength: true, webauthn:extension:prf: true, webauthn:virtualAuthenticators: true}
Session ID: 36e80c3812b8881b133f5b23264feb9a
2024-01-25 22:58:10,047 [main] INFO  base.BaseClass - Trying to find Element By {by.toString()})
2024-01-25 22:58:10,054 [main] INFO  base.BaseClass - Found Element By {by.toString()}
2024-01-25 22:58:10,055 [main] INFO  base.BaseClass - Trying to click on: {element.toString()}
2024-01-25 22:58:10,215 [main] INFO  base.BaseClass - Clicked on: {element.toString()}
2024-01-25 22:58:10,215 [main] INFO  base.BaseClass - Trying to find Element By {by.toString()})
2024-01-25 22:58:10,233 [main] INFO  base.BaseClass - Found Element By {by.toString()}
2024-01-25 22:58:10,245 [main] INFO  base.BaseClass - Trying to find Element By {by.toString()})
2024-01-25 22:58:10,258 [main] INFO  base.BaseClass - Found Element By {by.toString()}
2024-01-25 22:58:10,773 [main] INFO  base.BaseClass - Trying to find Element By {by.toString()})
2024-01-25 22:58:10,798 [main] INFO  base.BaseClass - Found Element By {by.toString()}
2024-01-25 22:58:11,314 [main] INFO  base.BaseClass - Trying to find Element By {by.toString()})
2024-01-25 22:58:11,336 [main] INFO  base.BaseClass - Found Element By {by.toString()}
2024-01-25 22:58:11,873 [main] INFO  base.BaseClass - Trying to find Element By {by.toString()})
2024-01-25 22:58:11,899 [main] INFO  base.BaseClass - Found Element By {by.toString()}
2024-01-25 22:58:12,433 [main] INFO  base.BaseClass - Trying to find Element By {by.toString()})
2024-01-25 22:58:12,457 [main] INFO  base.BaseClass - Found Element By {by.toString()}
2024-01-25 22:58:12,994 [main] INFO  base.BaseClass - Trying to find Element By {by.toString()})
2024-01-25 22:58:13,018 [main] INFO  base.BaseClass - Found Element By {by.toString()}
2024-01-25 22:58:13,553 [main] INFO  base.BaseClass - Trying to find Element By {by.toString()})
2024-01-25 22:58:13,577 [main] INFO  base.BaseClass - Found Element By {by.toString()}
2024-01-25 22:58:14,120 [main] INFO  base.BaseClass - Trying to find Element By {by.toString()})
2024-01-25 22:58:14,144 [main] INFO  base.BaseClass - Found Element By {by.toString()}
2024-01-25 22:58:14,680 [main] INFO  base.BaseClass - Trying to find Element By {by.toString()})
2024-01-25 22:58:14,702 [main] INFO  base.BaseClass - Found Element By {by.toString()}
2024-01-25 22:58:15,232 [main] INFO  base.BaseClass - Trying to find Element By {by.toString()})
2024-01-25 22:58:15,253 [main] INFO  base.BaseClass - Found Element By {by.toString()}
2024-01-25 22:58:15,786 [main] INFO  base.BaseClass - Trying to find Element By {by.toString()})
2024-01-25 22:58:15,808 [main] INFO  base.BaseClass - Found Element By {by.toString()}
2024-01-25 22:58:16,343 [main] INFO  base.BaseClass - Trying to find Element By {by.toString()})
2024-01-25 22:58:16,365 [main] INFO  base.BaseClass - Found Element By {by.toString()}
2024-01-25 22:58:16,897 [main] INFO  base.BaseClass - Trying to find Element By {by.toString()})
2024-01-25 22:58:16,920 [main] INFO  base.BaseClass - Found Element By {by.toString()}
2024-01-25 22:58:17,451 [main] INFO  base.BaseClass - Trying to find Element By {by.toString()})
2024-01-25 22:58:17,471 [main] INFO  base.BaseClass - Found Element By {by.toString()}
2024-01-25 22:58:17,997 [main] INFO  base.BaseClass - Trying to find Element By {by.toString()})
2024-01-25 22:58:18,018 [main] INFO  base.BaseClass - Found Element By {by.toString()}
2024-01-25 22:58:18,545 [main] INFO  base.BaseClass - Trying to find Element By {by.toString()})
2024-01-25 22:58:18,569 [main] INFO  base.BaseClass - Found Element By {by.toString()}
2024-01-25 22:58:19,099 [main] INFO  base.BaseClass - Trying to find Element By {by.toString()})
2024-01-25 22:58:19,123 [main] INFO  base.BaseClass - Found Element By {by.toString()}
2024-01-25 22:58:19,653 [main] INFO  base.BaseClass - Trying to find Element By {by.toString()})
2024-01-25 22:58:19,679 [main] INFO  base.BaseClass - Found Element By {by.toString()}
2024-01-25 22:58:20,216 [main] INFO  base.BaseClass - Trying to find Element By {by.toString()})
2024-01-25 22:58:20,233 [main] INFO  base.BaseClass - Found Element By {by.toString()}
2024-01-25 22:58:20,767 [main] INFO  base.BaseClass - Trying to find Element By {by.toString()})
2024-01-25 22:58:20,791 [main] INFO  base.BaseClass - Found Element By {by.toString()}
2024-01-25 22:58:21,318 [main] INFO  base.BaseClass - Trying to find Element By {by.toString()})
2024-01-25 22:58:21,342 [main] INFO  base.BaseClass - Found Element By {by.toString()}
2024-01-25 22:58:21,871 [main] INFO  base.BaseClass - Trying to find Element By {by.toString()})
2024-01-25 22:58:21,893 [main] INFO  base.BaseClass - Found Element By {by.toString()}
2024-01-25 22:58:22,417 [main] INFO  base.BaseClass - Trying to find Element By {by.toString()})
2024-01-25 22:58:22,439 [main] INFO  base.BaseClass - Found Element By {by.toString()}
2024-01-25 22:58:22,983 [main] INFO  base.BaseClass - Trying to find Element By {by.toString()})
2024-01-25 22:58:23,007 [main] INFO  base.BaseClass - Found Element By {by.toString()}
2024-01-25 22:58:23,549 [main] INFO  base.BaseClass - Trying to find Element By {by.toString()})
2024-01-25 22:58:23,572 [main] INFO  base.BaseClass - Found Element By {by.toString()}
2024-01-25 22:58:24,104 [main] INFO  base.BaseClass - Trying to find Element By {by.toString()})
2024-01-25 22:58:24,128 [main] INFO  base.BaseClass - Found Element By {by.toString()}
2024-01-25 22:58:24,662 [main] INFO  base.BaseClass - Trying to find Element By {by.toString()})
2024-01-25 22:58:24,685 [main] INFO  base.BaseClass - Found Element By {by.toString()}
2024-01-25 22:58:25,218 [main] INFO  base.BaseClass - Trying to find Element By {by.toString()})
2024-01-25 22:58:25,235 [main] INFO  base.BaseClass - Found Element By {by.toString()}
2024-01-25 22:58:25,768 [main] INFO  base.BaseClass - Trying to find Element By {by.toString()})
2024-01-25 22:58:25,790 [main] INFO  base.BaseClass - Found Element By {by.toString()}
2024-01-25 22:58:26,319 [main] INFO  base.BaseClass - Trying to find Element By {by.toString()})
2024-01-25 22:58:26,341 [main] INFO  base.BaseClass - Found Element By {by.toString()}
2024-01-25 22:58:26,872 [main] INFO  base.BaseClass - Trying to find Element By {by.toString()})
2024-01-25 22:58:26,894 [main] INFO  base.BaseClass - Found Element By {by.toString()}
2024-01-25 22:58:27,429 [main] INFO  base.BaseClass - Trying to find Element By {by.toString()})
2024-01-25 22:58:27,451 [main] INFO  base.BaseClass - Found Element By {by.toString()}
2024-01-25 22:58:27,982 [main] INFO  base.BaseClass - Trying to find Element By {by.toString()})
2024-01-25 22:58:28,004 [main] INFO  base.BaseClass - Found Element By {by.toString()}
2024-01-25 22:58:28,535 [main] INFO  base.BaseClass - Trying to find Element By {by.toString()})
2024-01-25 22:58:28,557 [main] INFO  base.BaseClass - Found Element By {by.toString()}
2024-01-25 22:58:29,086 [main] INFO  base.BaseClass - Trying to find Element By {by.toString()})
2024-01-25 22:58:29,110 [main] INFO  base.BaseClass - Found Element By {by.toString()}
2024-01-25 22:58:29,642 [main] INFO  base.BaseClass - Trying to find Element By {by.toString()})
2024-01-25 22:58:29,663 [main] INFO  base.BaseClass - Found Element By {by.toString()}
2024-01-25 22:58:30,182 [main] INFO  base.BaseClass - Trying to find Element By {by.toString()})
2024-01-25 22:58:30,204 [main] INFO  base.BaseClass - Found Element By {by.toString()}
2024-01-25 22:58:30,736 [main] INFO  base.BaseClass - Trying to find Element By {by.toString()})
2024-01-25 22:58:30,758 [main] INFO  base.BaseClass - Found Element By {by.toString()}
2024-01-25 22:58:31,284 [main] INFO  base.BaseClass - Trying to find Element By {by.toString()})
2024-01-25 22:58:31,306 [main] INFO  base.BaseClass - Found Element By {by.toString()}
2024-01-25 22:58:31,837 [main] INFO  base.BaseClass - Trying to find Element By {by.toString()})
2024-01-25 22:58:31,860 [main] INFO  base.BaseClass - Found Element By {by.toString()}
2024-01-25 22:58:32,399 [main] INFO  base.BaseClass - Trying to find Element By {by.toString()})
2024-01-25 22:58:32,421 [main] INFO  base.BaseClass - Found Element By {by.toString()}
2024-01-25 22:58:32,951 [main] INFO  base.BaseClass - Trying to find Element By {by.toString()})
2024-01-25 22:58:32,973 [main] INFO  base.BaseClass - Found Element By {by.toString()}
2024-01-25 22:58:33,504 [main] INFO  base.BaseClass - Trying to find Element By {by.toString()})
2024-01-25 22:58:33,527 [main] INFO  base.BaseClass - Found Element By {by.toString()}
2024-01-25 22:58:34,059 [main] INFO  base.BaseClass - Trying to find Element By {by.toString()})
2024-01-25 22:58:34,081 [main] INFO  base.BaseClass - Found Element By {by.toString()}
2024-01-25 22:58:34,614 [main] INFO  base.BaseClass - Trying to find Element By {by.toString()})
2024-01-25 22:58:34,637 [main] INFO  base.BaseClass - Found Element By {by.toString()}
2024-01-25 22:58:35,179 [main] INFO  base.BaseClass - Trying to find Element By {by.toString()})
2024-01-25 22:58:35,201 [main] INFO  base.BaseClass - Found Element By {by.toString()}
2024-01-25 22:58:35,745 [main] INFO  base.BaseClass - Trying to find Element By {by.toString()})
2024-01-25 22:58:35,768 [main] INFO  base.BaseClass - Found Element By {by.toString()}
2024-01-25 22:58:36,297 [main] INFO  base.BaseClass - Trying to find Element By {by.toString()})
2024-01-25 22:58:36,319 [main] INFO  base.BaseClass - Found Element By {by.toString()}
2024-01-25 22:58:36,852 [main] INFO  base.BaseClass - Trying to find Element By {by.toString()})
2024-01-25 22:58:36,873 [main] INFO  base.BaseClass - Found Element By {by.toString()}
2024-01-25 22:58:37,399 [main] INFO  base.BaseClass - Trying to find Element By {by.toString()})
2024-01-25 22:58:37,420 [main] INFO  base.BaseClass - Found Element By {by.toString()}
2024-01-25 22:58:37,961 [main] INFO  base.BaseClass - Trying to find Element By {by.toString()})
2024-01-25 22:58:37,985 [main] INFO  base.BaseClass - Found Element By {by.toString()}
2024-01-25 22:58:38,519 [main] INFO  base.BaseClass - Trying to find Element By {by.toString()})
2024-01-25 22:58:38,542 [main] INFO  base.BaseClass - Found Element By {by.toString()}
2024-01-25 22:58:39,071 [main] INFO  base.BaseClass - Trying to find Element By {by.toString()})
2024-01-25 22:58:39,094 [main] INFO  base.BaseClass - Found Element By {by.toString()}
2024-01-25 22:58:39,626 [main] INFO  base.BaseClass - Trying to find Element By {by.toString()})
2024-01-25 22:58:39,649 [main] INFO  base.BaseClass - Found Element By {by.toString()}
2024-01-25 22:58:40,182 [main] INFO  base.BaseClass - Trying to find Element By {by.toString()})
2024-01-25 22:58:40,204 [main] INFO  base.BaseClass - Found Element By {by.toString()}
2024-01-25 22:58:40,736 [main] INFO  base.BaseClass - Trying to find Element By {by.toString()})
2024-01-25 22:58:40,760 [main] INFO  base.BaseClass - Found Element By {by.toString()}
TimeoutException occurred: Expected condition failed: waiting for helper.WaitUtility$5@fb2e5f7 (tried for 30 second(s) with 500 milliseconds interval)
Build info: version: '3.141.59', revision: 'e82be7d358', time: '2018-11-14T08:17:03'
System info: host: 'DPLAP166', ip: '137.237.3.67', os.name: 'Windows 10', os.arch: 'amd64', os.version: '10.0', java.version: '19.0.1'
Driver info: org.openqa.selenium.support.events.EventFiringWebDriver
Capabilities {acceptInsecureCerts: true, browserName: chrome, browserVersion: 121.0.6167.86, chrome: {chromedriverVersion: 121.0.6167.85 (3f98d690ad7e..., userDataDir: C:\Users\dP-PL\AppData\Loca...}, fedcm:accounts: true, goog:chromeOptions: {debuggerAddress: localhost:55988}, javascriptEnabled: true, networkConnectionEnabled: false, pageLoadStrategy: normal, platform: WINDOWS, platformName: WINDOWS, proxy: Proxy(), setWindowRect: true, strictFileInteractability: false, timeouts: {implicit: 0, pageLoad: 300000, script: 30000}, unhandledPromptBehavior: dismiss and notify, webauthn:extension:credBlob: true, webauthn:extension:largeBlob: true, webauthn:extension:minPinLength: true, webauthn:extension:prf: true, webauthn:virtualAuthenticators: true}
Session ID: 36e80c3812b8881b133f5b23264feb9a
2024-01-25 22:58:40,787 [main] ERROR XGLT_15177_Test - Element did not become visible within the specified time: Expected condition failed: waiting for helper.WaitUtility$5@fb2e5f7 (tried for 30 second(s) with 500 milliseconds interval)
Build info: version: '3.141.59', revision: 'e82be7d358', time: '2018-11-14T08:17:03'
System info: host: 'DPLAP166', ip: '137.237.3.67', os.name: 'Windows 10', os.arch: 'amd64', os.version: '10.0', java.version: '19.0.1'
Driver info: org.openqa.selenium.support.events.EventFiringWebDriver
Capabilities {acceptInsecureCerts: true, browserName: chrome, browserVersion: 121.0.6167.86, chrome: {chromedriverVersion: 121.0.6167.85 (3f98d690ad7e..., userDataDir: C:\Users\dP-PL\AppData\Loca...}, fedcm:accounts: true, goog:chromeOptions: {debuggerAddress: localhost:55988}, javascriptEnabled: true, networkConnectionEnabled: false, pageLoadStrategy: normal, platform: WINDOWS, platformName: WINDOWS, proxy: Proxy(), setWindowRect: true, strictFileInteractability: false, timeouts: {implicit: 0, pageLoad: 300000, script: 30000}, unhandledPromptBehavior: dismiss and notify, webauthn:extension:credBlob: true, webauthn:extension:largeBlob: true, webauthn:extension:minPinLength: true, webauthn:extension:prf: true, webauthn:virtualAuthenticators: true}
Session ID: 36e80c3812b8881b133f5b23264feb9a
2024-01-25 22:58:40,788 [main] INFO  base.BaseClass - Trying to find Element By {by.toString()})
2024-01-25 22:58:40,808 [main] INFO  base.BaseClass - Found Element By {by.toString()}
2024-01-25 22:58:40,808 [main] INFO  base.BaseClass - Trying to click on: {element.toString()}
2024-01-25 22:58:40,979 [main] INFO  base.BaseClass - Clicked on: {element.toString()}
2024-01-25 22:58:40,989 [main] INFO  base.BaseClass - Trying to find Element By {by.toString()})
2024-01-25 22:58:41,003 [main] INFO  base.BaseClass - Found Element By {by.toString()}
2024-01-25 22:58:41,539 [main] INFO  base.BaseClass - Trying to find Element By {by.toString()})
2024-01-25 22:58:41,596 [main] INFO  base.BaseClass - Found Element By {by.toString()}
2024-01-25 22:58:42,113 [main] INFO  base.BaseClass - Trying to find Element By {by.toString()})
2024-01-25 22:58:42,138 [main] INFO  base.BaseClass - Found Element By {by.toString()}
2024-01-25 22:58:42,672 [main] INFO  base.BaseClass - Trying to find Element By {by.toString()})
2024-01-25 22:58:42,687 [main] INFO  base.BaseClass - Found Element By {by.toString()}
2024-01-25 22:58:43,212 [main] INFO  base.BaseClass - Trying to find Element By {by.toString()})
2024-01-25 22:58:43,234 [main] INFO  base.BaseClass - Found Element By {by.toString()}
2024-01-25 22:58:43,776 [main] INFO  base.BaseClass - Trying to find Element By {by.toString()})
2024-01-25 22:58:43,796 [main] INFO  base.BaseClass - Found Element By {by.toString()}
2024-01-25 22:58:44,327 [main] INFO  base.BaseClass - Trying to find Element By {by.toString()})
2024-01-25 22:58:44,351 [main] INFO  base.BaseClass - Found Element By {by.toString()}
2024-01-25 22:58:44,881 [main] INFO  base.BaseClass - Trying to find Element By {by.toString()})
2024-01-25 22:58:44,897 [main] INFO  base.BaseClass - Found Element By {by.toString()}
2024-01-25 22:58:45,422 [main] INFO  base.BaseClass - Trying to find Element By {by.toString()})
2024-01-25 22:58:45,487 [main] INFO  base.BaseClass - Found Element By {by.toString()}
2024-01-25 22:58:46,011 [main] INFO  base.BaseClass - Trying to find Element By {by.toString()})
2024-01-25 22:58:46,034 [main] INFO  base.BaseClass - Found Element By {by.toString()}
2024-01-25 22:58:46,572 [main] INFO  base.BaseClass - Trying to find Element By {by.toString()})
2024-01-25 22:58:46,595 [main] INFO  base.BaseClass - Found Element By {by.toString()}
2024-01-25 22:58:47,121 [main] INFO  base.BaseClass - Trying to find Element By {by.toString()})
2024-01-25 22:58:47,144 [main] INFO  base.BaseClass - Found Element By {by.toString()}
2024-01-25 22:58:47,676 [main] INFO  base.BaseClass - Trying to find Element By {by.toString()})
2024-01-25 22:58:47,698 [main] INFO  base.BaseClass - Found Element By {by.toString()}
2024-01-25 22:58:48,217 [main] INFO  base.BaseClass - Trying to find Element By {by.toString()})
2024-01-25 22:58:48,240 [main] INFO  base.BaseClass - Found Element By {by.toString()}
2024-01-25 22:58:48,771 [main] INFO  base.BaseClass - Trying to find Element By {by.toString()})
2024-01-25 22:58:48,793 [main] INFO  base.BaseClass - Found Element By {by.toString()}
2024-01-25 22:58:49,329 [main] INFO  base.BaseClass - Trying to find Element By {by.toString()})
2024-01-25 22:58:49,351 [main] INFO  base.BaseClass - Found Element By {by.toString()}
2024-01-25 22:58:49,895 [main] INFO  base.BaseClass - Trying to find Element By {by.toString()})
2024-01-25 22:58:49,916 [main] INFO  base.BaseClass - Found Element By {by.toString()}
2024-01-25 22:58:50,448 [main] INFO  base.BaseClass - Trying to find Element By {by.toString()})
2024-01-25 22:58:50,468 [main] INFO  base.BaseClass - Found Element By {by.toString()}
2024-01-25 22:58:50,998 [main] INFO  base.BaseClass - Trying to find Element By {by.toString()})
2024-01-25 22:58:51,021 [main] INFO  base.BaseClass - Found Element By {by.toString()}
2024-01-25 22:58:51,552 [main] INFO  base.BaseClass - Trying to find Element By {by.toString()})
2024-01-25 22:58:51,575 [main] INFO  base.BaseClass - Found Element By {by.toString()}
2024-01-25 22:58:52,103 [main] INFO  base.BaseClass - Trying to find Element By {by.toString()})
2024-01-25 22:58:52,125 [main] INFO  base.BaseClass - Found Element By {by.toString()}
2024-01-25 22:58:52,661 [main] INFO  base.BaseClass - Trying to find Element By {by.toString()})
2024-01-25 22:58:52,684 [main] INFO  base.BaseClass - Found Element By {by.toString()}
2024-01-25 22:58:53,222 [main] INFO  base.BaseClass - Trying to find Element By {by.toString()})
2024-01-25 22:58:53,244 [main] INFO  base.BaseClass - Found Element By {by.toString()}
2024-01-25 22:58:53,788 [main] INFO  base.BaseClass - Trying to find Element By {by.toString()})
2024-01-25 22:58:53,810 [main] INFO  base.BaseClass - Found Element By {by.toString()}
2024-01-25 22:58:54,351 [main] INFO  base.BaseClass - Trying to find Element By {by.toString()})
2024-01-25 22:58:54,372 [main] INFO  base.BaseClass - Found Element By {by.toString()}
2024-01-25 22:58:54,906 [main] INFO  base.BaseClass - Trying to find Element By {by.toString()})
2024-01-25 22:58:54,929 [main] INFO  base.BaseClass - Found Element By {by.toString()}
2024-01-25 22:58:55,461 [main] INFO  base.BaseClass - Trying to find Element By {by.toString()})
2024-01-25 22:58:55,482 [main] INFO  base.BaseClass - Found Element By {by.toString()}
2024-01-25 22:58:56,011 [main] INFO  base.BaseClass - Trying to find Element By {by.toString()})
2024-01-25 22:58:56,033 [main] INFO  base.BaseClass - Found Element By {by.toString()}
2024-01-25 22:58:56,563 [main] INFO  base.BaseClass - Trying to find Element By {by.toString()})
2024-01-25 22:58:56,585 [main] INFO  base.BaseClass - Found Element By {by.toString()}
2024-01-25 22:58:57,130 [main] INFO  base.BaseClass - Trying to find Element By {by.toString()})
2024-01-25 22:58:57,154 [main] INFO  base.BaseClass - Found Element By {by.toString()}
2024-01-25 22:58:57,686 [main] INFO  base.BaseClass - Trying to find Element By {by.toString()})
2024-01-25 22:58:57,708 [main] INFO  base.BaseClass - Found Element By {by.toString()}
2024-01-25 22:58:58,241 [main] INFO  base.BaseClass - Trying to find Element By {by.toString()})
2024-01-25 22:58:58,262 [main] INFO  base.BaseClass - Found Element By {by.toString()}
2024-01-25 22:58:58,793 [main] INFO  base.BaseClass - Trying to find Element By {by.toString()})
2024-01-25 22:58:58,811 [main] INFO  base.BaseClass - Found Element By {by.toString()}
2024-01-25 22:58:59,340 [main] INFO  base.BaseClass - Trying to find Element By {by.toString()})
2024-01-25 22:58:59,362 [main] INFO  base.BaseClass - Found Element By {by.toString()}
2024-01-25 22:58:59,897 [main] INFO  base.BaseClass - Trying to find Element By {by.toString()})
2024-01-25 22:58:59,920 [main] INFO  base.BaseClass - Found Element By {by.toString()}
2024-01-25 22:59:00,456 [main] INFO  base.BaseClass - Trying to find Element By {by.toString()})
2024-01-25 22:59:00,476 [main] INFO  base.BaseClass - Found Element By {by.toString()}
2024-01-25 22:59:01,006 [main] INFO  base.BaseClass - Trying to find Element By {by.toString()})
2024-01-25 22:59:01,029 [main] INFO  base.BaseClass - Found Element By {by.toString()}
2024-01-25 22:59:01,559 [main] INFO  base.BaseClass - Trying to find Element By {by.toString()})
2024-01-25 22:59:01,581 [main] INFO  base.BaseClass - Found Element By {by.toString()}
2024-01-25 22:59:02,112 [main] INFO  base.BaseClass - Trying to find Element By {by.toString()})
2024-01-25 22:59:02,135 [main] INFO  base.BaseClass - Found Element By {by.toString()}
2024-01-25 22:59:02,661 [main] INFO  base.BaseClass - Trying to find Element By {by.toString()})
2024-01-25 22:59:02,683 [main] INFO  base.BaseClass - Found Element By {by.toString()}
2024-01-25 22:59:03,215 [main] INFO  base.BaseClass - Trying to find Element By {by.toString()})
2024-01-25 22:59:03,232 [main] INFO  base.BaseClass - Found Element By {by.toString()}
2024-01-25 22:59:03,763 [main] INFO  base.BaseClass - Trying to find Element By {by.toString()})
2024-01-25 22:59:03,785 [main] INFO  base.BaseClass - Found Element By {by.toString()}
2024-01-25 22:59:04,312 [main] INFO  base.BaseClass - Trying to find Element By {by.toString()})
2024-01-25 22:59:04,335 [main] INFO  base.BaseClass - Found Element By {by.toString()}
2024-01-25 22:59:04,866 [main] INFO  base.BaseClass - Trying to find Element By {by.toString()})
2024-01-25 22:59:04,888 [main] INFO  base.BaseClass - Found Element By {by.toString()}
2024-01-25 22:59:05,420 [main] INFO  base.BaseClass - Trying to find Element By {by.toString()})
2024-01-25 22:59:05,442 [main] INFO  base.BaseClass - Found Element By {by.toString()}
2024-01-25 22:59:05,967 [main] INFO  base.BaseClass - Trying to find Element By {by.toString()})
2024-01-25 22:59:05,989 [main] INFO  base.BaseClass - Found Element By {by.toString()}
2024-01-25 22:59:06,523 [main] INFO  base.BaseClass - Trying to find Element By {by.toString()})
2024-01-25 22:59:06,545 [main] INFO  base.BaseClass - Found Element By {by.toString()}
2024-01-25 22:59:07,077 [main] INFO  base.BaseClass - Trying to find Element By {by.toString()})
2024-01-25 22:59:07,100 [main] INFO  base.BaseClass - Found Element By {by.toString()}
2024-01-25 22:59:07,631 [main] INFO  base.BaseClass - Trying to find Element By {by.toString()})
2024-01-25 22:59:07,655 [main] INFO  base.BaseClass - Found Element By {by.toString()}
2024-01-25 22:59:08,190 [main] INFO  base.BaseClass - Trying to find Element By {by.toString()})
2024-01-25 22:59:08,212 [main] INFO  base.BaseClass - Found Element By {by.toString()}
2024-01-25 22:59:08,742 [main] INFO  base.BaseClass - Trying to find Element By {by.toString()})
2024-01-25 22:59:08,765 [main] INFO  base.BaseClass - Found Element By {by.toString()}
2024-01-25 22:59:09,303 [main] INFO  base.BaseClass - Trying to find Element By {by.toString()})
2024-01-25 22:59:09,326 [main] INFO  base.BaseClass - Found Element By {by.toString()}
2024-01-25 22:59:09,857 [main] INFO  base.BaseClass - Trying to find Element By {by.toString()})
2024-01-25 22:59:09,880 [main] INFO  base.BaseClass - Found Element By {by.toString()}
2024-01-25 22:59:10,410 [main] INFO  base.BaseClass - Trying to find Element By {by.toString()})
2024-01-25 22:59:10,433 [main] INFO  base.BaseClass - Found Element By {by.toString()}
2024-01-25 22:59:10,964 [main] INFO  base.BaseClass - Trying to find Element By {by.toString()})
2024-01-25 22:59:10,987 [main] INFO  base.BaseClass - Found Element By {by.toString()}
TimeoutException occurred: Expected condition failed: waiting for helper.WaitUtility$5@20bd0118 (tried for 30 second(s) with 500 milliseconds interval)
Build info: version: '3.141.59', revision: 'e82be7d358', time: '2018-11-14T08:17:03'
System info: host: 'DPLAP166', ip: '137.237.3.67', os.name: 'Windows 10', os.arch: 'amd64', os.version: '10.0', java.version: '19.0.1'
Driver info: org.openqa.selenium.support.events.EventFiringWebDriver
Capabilities {acceptInsecureCerts: true, browserName: chrome, browserVersion: 121.0.6167.86, chrome: {chromedriverVersion: 121.0.6167.85 (3f98d690ad7e..., userDataDir: C:\Users\dP-PL\AppData\Loca...}, fedcm:accounts: true, goog:chromeOptions: {debuggerAddress: localhost:55988}, javascriptEnabled: true, networkConnectionEnabled: false, pageLoadStrategy: normal, platform: WINDOWS, platformName: WINDOWS, proxy: Proxy(), setWindowRect: true, strictFileInteractability: false, timeouts: {implicit: 0, pageLoad: 300000, script: 30000}, unhandledPromptBehavior: dismiss and notify, webauthn:extension:credBlob: true, webauthn:extension:largeBlob: true, webauthn:extension:minPinLength: true, webauthn:extension:prf: true, webauthn:virtualAuthenticators: true}
Session ID: 36e80c3812b8881b133f5b23264feb9a
2024-01-25 22:59:11,014 [main] ERROR XGLT_15177_Test - Element did not become visible within the specified time: Expected condition failed: waiting for helper.WaitUtility$5@20bd0118 (tried for 30 second(s) with 500 milliseconds interval)
Build info: version: '3.141.59', revision: 'e82be7d358', time: '2018-11-14T08:17:03'
System info: host: 'DPLAP166', ip: '137.237.3.67', os.name: 'Windows 10', os.arch: 'amd64', os.version: '10.0', java.version: '19.0.1'
Driver info: org.openqa.selenium.support.events.EventFiringWebDriver
Capabilities {acceptInsecureCerts: true, browserName: chrome, browserVersion: 121.0.6167.86, chrome: {chromedriverVersion: 121.0.6167.85 (3f98d690ad7e..., userDataDir: C:\Users\dP-PL\AppData\Loca...}, fedcm:accounts: true, goog:chromeOptions: {debuggerAddress: localhost:55988}, javascriptEnabled: true, networkConnectionEnabled: false, pageLoadStrategy: normal, platform: WINDOWS, platformName: WINDOWS, proxy: Proxy(), setWindowRect: true, strictFileInteractability: false, timeouts: {implicit: 0, pageLoad: 300000, script: 30000}, unhandledPromptBehavior: dismiss and notify, webauthn:extension:credBlob: true, webauthn:extension:largeBlob: true, webauthn:extension:minPinLength: true, webauthn:extension:prf: true, webauthn:virtualAuthenticators: true}
Session ID: 36e80c3812b8881b133f5b23264feb9a
2024-01-25 22:59:11,014 [main] INFO  base.BaseClass - Trying to find Element By {by.toString()})
2024-01-25 22:59:11,034 [main] INFO  base.BaseClass - Found Element By {by.toString()}
2024-01-25 22:59:11,034 [main] INFO  base.BaseClass - Trying to click on: {element.toString()}
2024-01-25 22:59:11,214 [main] INFO  base.BaseClass - Clicked on: {element.toString()}
2024-01-25 22:59:11,214 [main] INFO  base.BaseClass - Trying to find Element By {by.toString()})
2024-01-25 22:59:11,229 [main] INFO  base.BaseClass - Found Element By {by.toString()}
2024-01-25 22:59:11,241 [main] INFO  base.BaseClass - Trying to find Element By {by.toString()})
2024-01-25 22:59:11,250 [main] INFO  base.BaseClass - Found Element By {by.toString()}
2024-01-25 22:59:11,259 [main] INFO  base.BaseClass - Trying to find Element By {by.toString()})
2024-01-25 22:59:11,278 [main] INFO  base.BaseClass - Found Element By {by.toString()}
2024-01-25 22:59:11,279 [main] INFO  base.BaseClass - Trying to click on: {element.toString()}
2024-01-25 22:59:11,356 [main] INFO  base.BaseClass - Clicked on: {element.toString()}
2024-01-25 22:59:11,356 [main] INFO  base.BaseClass - Trying to find Element By {by.toString()})
2024-01-25 22:59:11,365 [main] INFO  base.BaseClass - Found Element By {by.toString()}
2024-01-25 22:59:11,421 [main] INFO  base.BaseClass - Trying to find Element By {by.toString()})
2024-01-25 22:59:11,432 [main] INFO  base.BaseClass - Found Element By {by.toString()}
2024-01-25 22:59:11,446 [main] INFO  base.BaseClass - Trying to find Element By {by.toString()})
2024-01-25 22:59:11,460 [main] INFO  base.BaseClass - Found Element By {by.toString()}
2024-01-25 22:59:11,476 [main] INFO  base.BaseClass - Trying to find Element By {by.toString()})
2024-01-25 22:59:11,496 [main] INFO  base.BaseClass - Found Element By {by.toString()}
2024-01-25 22:59:11,496 [main] INFO  base.BaseClass - Trying to click on: {element.toString()}
2024-01-25 22:59:11,578 [main] INFO  base.BaseClass - Clicked on: {element.toString()}
2024-01-25 22:59:11,578 [main] INFO  base.BaseClass - Trying to find Element By {by.toString()})
2024-01-25 22:59:11,590 [main] INFO  base.BaseClass - Found Element By {by.toString()}
2024-01-25 22:59:11,628 [main] INFO  base.BaseClass - Trying to find Element By {by.toString()})
2024-01-25 22:59:11,640 [main] INFO  base.BaseClass - Found Element By {by.toString()}
2024-01-25 22:59:12,163 [main] INFO  base.BaseClass - Trying to find Element By {by.toString()})
2024-01-25 22:59:12,188 [main] INFO  base.BaseClass - Found Element By {by.toString()}
2024-01-25 22:59:12,724 [main] INFO  base.BaseClass - Trying to find Element By {by.toString()})
2024-01-25 22:59:12,740 [main] INFO  base.BaseClass - Found Element By {by.toString()}
2024-01-25 22:59:13,264 [main] INFO  base.BaseClass - Trying to find Element By {by.toString()})
2024-01-25 22:59:13,285 [main] INFO  base.BaseClass - Found Element By {by.toString()}
2024-01-25 22:59:13,818 [main] INFO  base.BaseClass - Trying to find Element By {by.toString()})
2024-01-25 22:59:13,840 [main] INFO  base.BaseClass - Found Element By {by.toString()}
2024-01-25 22:59:14,364 [main] INFO  base.BaseClass - Trying to find Element By {by.toString()})
2024-01-25 22:59:14,386 [main] INFO  base.BaseClass - Found Element By {by.toString()}
2024-01-25 22:59:14,918 [main] INFO  base.BaseClass - Trying to find Element By {by.toString()})
2024-01-25 22:59:14,941 [main] INFO  base.BaseClass - Found Element By {by.toString()}
2024-01-25 22:59:15,471 [main] INFO  base.BaseClass - Trying to find Element By {by.toString()})
2024-01-25 22:59:15,493 [main] INFO  base.BaseClass - Found Element By {by.toString()}
2024-01-25 22:59:16,020 [main] INFO  base.BaseClass - Trying to find Element By {by.toString()})
2024-01-25 22:59:16,043 [main] INFO  base.BaseClass - Found Element By {by.toString()}
2024-01-25 22:59:16,573 [main] INFO  base.BaseClass - Trying to find Element By {by.toString()})
2024-01-25 22:59:16,595 [main] INFO  base.BaseClass - Found Element By {by.toString()}
2024-01-25 22:59:17,127 [main] INFO  base.BaseClass - Trying to find Element By {by.toString()})
2024-01-25 22:59:17,148 [main] INFO  base.BaseClass - Found Element By {by.toString()}
2024-01-25 22:59:17,687 [main] INFO  base.BaseClass - Trying to find Element By {by.toString()})
2024-01-25 22:59:17,709 [main] INFO  base.BaseClass - Found Element By {by.toString()}
2024-01-25 22:59:18,254 [main] INFO  base.BaseClass - Trying to find Element By {by.toString()})
2024-01-25 22:59:18,275 [main] INFO  base.BaseClass - Found Element By {by.toString()}
2024-01-25 22:59:18,805 [main] INFO  base.BaseClass - Trying to find Element By {by.toString()})
2024-01-25 22:59:18,829 [main] INFO  base.BaseClass - Found Element By {by.toString()}
2024-01-25 22:59:19,362 [main] INFO  base.BaseClass - Trying to find Element By {by.toString()})
2024-01-25 22:59:19,387 [main] INFO  base.BaseClass - Found Element By {by.toString()}
2024-01-25 22:59:19,924 [main] INFO  base.BaseClass - Trying to find Element By {by.toString()})
2024-01-25 22:59:19,947 [main] INFO  base.BaseClass - Found Element By {by.toString()}
2024-01-25 22:59:20,478 [main] INFO  base.BaseClass - Trying to find Element By {by.toString()})
2024-01-25 22:59:20,501 [main] INFO  base.BaseClass - Found Element By {by.toString()}
2024-01-25 22:59:21,032 [main] INFO  base.BaseClass - Trying to find Element By {by.toString()})
2024-01-25 22:59:21,054 [main] INFO  base.BaseClass - Found Element By {by.toString()}
2024-01-25 22:59:21,576 [main] INFO  base.BaseClass - Trying to find Element By {by.toString()})
2024-01-25 22:59:21,598 [main] INFO  base.BaseClass - Found Element By {by.toString()}
2024-01-25 22:59:22,129 [main] INFO  base.BaseClass - Trying to find Element By {by.toString()})
2024-01-25 22:59:22,151 [main] INFO  base.BaseClass - Found Element By {by.toString()}
2024-01-25 22:59:22,696 [main] INFO  base.BaseClass - Trying to find Element By {by.toString()})
2024-01-25 22:59:22,718 [main] INFO  base.BaseClass - Found Element By {by.toString()}
2024-01-25 22:59:23,262 [main] INFO  base.BaseClass - Trying to find Element By {by.toString()})
2024-01-25 22:59:23,283 [main] INFO  base.BaseClass - Found Element By {by.toString()}
2024-01-25 22:59:23,816 [main] INFO  base.BaseClass - Trying to find Element By {by.toString()})
2024-01-25 22:59:23,839 [main] INFO  base.BaseClass - Found Element By {by.toString()}
2024-01-25 22:59:24,366 [main] INFO  base.BaseClass - Trying to find Element By {by.toString()})
2024-01-25 22:59:24,390 [main] INFO  base.BaseClass - Found Element By {by.toString()}
2024-01-25 22:59:24,926 [main] INFO  base.BaseClass - Trying to find Element By {by.toString()})
2024-01-25 22:59:24,948 [main] INFO  base.BaseClass - Found Element By {by.toString()}
2024-01-25 22:59:25,480 [main] INFO  base.BaseClass - Trying to find Element By {by.toString()})
2024-01-25 22:59:25,502 [main] INFO  base.BaseClass - Found Element By {by.toString()}
2024-01-25 22:59:26,034 [main] INFO  base.BaseClass - Trying to find Element By {by.toString()})
2024-01-25 22:59:26,056 [main] INFO  base.BaseClass - Found Element By {by.toString()}
2024-01-25 22:59:26,592 [main] INFO  base.BaseClass - Trying to find Element By {by.toString()})
2024-01-25 22:59:26,612 [main] INFO  base.BaseClass - Found Element By {by.toString()}
2024-01-25 22:59:27,142 [main] INFO  base.BaseClass - Trying to find Element By {by.toString()})
2024-01-25 22:59:27,165 [main] INFO  base.BaseClass - Found Element By {by.toString()}
2024-01-25 22:59:27,695 [main] INFO  base.BaseClass - Trying to find Element By {by.toString()})
2024-01-25 22:59:27,718 [main] INFO  base.BaseClass - Found Element By {by.toString()}
2024-01-25 22:59:28,243 [main] INFO  base.BaseClass - Trying to find Element By {by.toString()})
2024-01-25 22:59:28,266 [main] INFO  base.BaseClass - Found Element By {by.toString()}
2024-01-25 22:59:28,797 [main] INFO  base.BaseClass - Trying to find Element By {by.toString()})
2024-01-25 22:59:28,820 [main] INFO  base.BaseClass - Found Element By {by.toString()}
2024-01-25 22:59:29,357 [main] INFO  base.BaseClass - Trying to find Element By {by.toString()})
2024-01-25 22:59:29,379 [main] INFO  base.BaseClass - Found Element By {by.toString()}
2024-01-25 22:59:29,923 [main] INFO  base.BaseClass - Trying to find Element By {by.toString()})
2024-01-25 22:59:29,942 [main] INFO  base.BaseClass - Found Element By {by.toString()}
2024-01-25 22:59:30,472 [main] INFO  base.BaseClass - Trying to find Element By {by.toString()})
2024-01-25 22:59:30,494 [main] INFO  base.BaseClass - Found Element By {by.toString()}
2024-01-25 22:59:31,025 [main] INFO  base.BaseClass - Trying to find Element By {by.toString()})
2024-01-25 22:59:31,047 [main] INFO  base.BaseClass - Found Element By {by.toString()}
2024-01-25 22:59:31,575 [main] INFO  base.BaseClass - Trying to find Element By {by.toString()})
2024-01-25 22:59:31,598 [main] INFO  base.BaseClass - Found Element By {by.toString()}
TimeoutException occurred: Expected condition failed: waiting for helper.WaitUtility$4@1e7b016b (tried for 20 second(s) with 500 milliseconds interval)
Build info: version: '3.141.59', revision: 'e82be7d358', time: '2018-11-14T08:17:03'
System info: host: 'DPLAP166', ip: '137.237.3.67', os.name: 'Windows 10', os.arch: 'amd64', os.version: '10.0', java.version: '19.0.1'
Driver info: org.openqa.selenium.support.events.EventFiringWebDriver
Capabilities {acceptInsecureCerts: true, browserName: chrome, browserVersion: 121.0.6167.86, chrome: {chromedriverVersion: 121.0.6167.85 (3f98d690ad7e..., userDataDir: C:\Users\dP-PL\AppData\Loca...}, fedcm:accounts: true, goog:chromeOptions: {debuggerAddress: localhost:55988}, javascriptEnabled: true, networkConnectionEnabled: false, pageLoadStrategy: normal, platform: WINDOWS, platformName: WINDOWS, proxy: Proxy(), setWindowRect: true, strictFileInteractability: false, timeouts: {implicit: 0, pageLoad: 300000, script: 30000}, unhandledPromptBehavior: dismiss and notify, webauthn:extension:credBlob: true, webauthn:extension:largeBlob: true, webauthn:extension:minPinLength: true, webauthn:extension:prf: true, webauthn:virtualAuthenticators: true}
Session ID: 36e80c3812b8881b133f5b23264feb9a
2024-01-25 22:59:31,632 [main] ERROR XGLT_15177_Test - Element did not become visible within the specified time: Expected condition failed: waiting for helper.WaitUtility$4@1e7b016b (tried for 20 second(s) with 500 milliseconds interval)
Build info: version: '3.141.59', revision: 'e82be7d358', time: '2018-11-14T08:17:03'
System info: host: 'DPLAP166', ip: '137.237.3.67', os.name: 'Windows 10', os.arch: 'amd64', os.version: '10.0', java.version: '19.0.1'
Driver info: org.openqa.selenium.support.events.EventFiringWebDriver
Capabilities {acceptInsecureCerts: true, browserName: chrome, browserVersion: 121.0.6167.86, chrome: {chromedriverVersion: 121.0.6167.85 (3f98d690ad7e..., userDataDir: C:\Users\dP-PL\AppData\Loca...}, fedcm:accounts: true, goog:chromeOptions: {debuggerAddress: localhost:55988}, javascriptEnabled: true, networkConnectionEnabled: false, pageLoadStrategy: normal, platform: WINDOWS, platformName: WINDOWS, proxy: Proxy(), setWindowRect: true, strictFileInteractability: false, timeouts: {implicit: 0, pageLoad: 300000, script: 30000}, unhandledPromptBehavior: dismiss and notify, webauthn:extension:credBlob: true, webauthn:extension:largeBlob: true, webauthn:extension:minPinLength: true, webauthn:extension:prf: true, webauthn:virtualAuthenticators: true}
Session ID: 36e80c3812b8881b133f5b23264feb9a
2024-01-25 22:59:31,633 [Forwarding actions on session 36e80c3812b8881b133f5b23264feb9a to remote] INFO  base.BaseClass - Trying to find Element By {by.toString()})
2024-01-25 22:59:31,652 [Forwarding actions on session 36e80c3812b8881b133f5b23264feb9a to remote] INFO  base.BaseClass - Found Element By {by.toString()}
2024-01-25 22:59:31,796 [main] INFO  base.BaseClass - Trying to find Element By {by.toString()})
2024-01-25 22:59:31,819 [main] INFO  base.BaseClass - Found Element By {by.toString()}
2024-01-25 22:59:32,352 [main] INFO  base.BaseClass - Trying to find Element By {by.toString()})
2024-01-25 22:59:32,376 [main] INFO  base.BaseClass - Found Element By {by.toString()}
2024-01-25 22:59:32,910 [main] INFO  base.BaseClass - Trying to find Element By {by.toString()})
2024-01-25 22:59:32,933 [main] INFO  base.BaseClass - Found Element By {by.toString()}
2024-01-25 22:59:33,465 [main] INFO  base.BaseClass - Trying to find Element By {by.toString()})
2024-01-25 22:59:33,480 [main] INFO  base.BaseClass - Found Element By {by.toString()}
2024-01-25 22:59:34,004 [main] INFO  base.BaseClass - Trying to find Element By {by.toString()})
2024-01-25 22:59:34,027 [main] INFO  base.BaseClass - Found Element By {by.toString()}
2024-01-25 22:59:34,558 [main] INFO  base.BaseClass - Trying to find Element By {by.toString()})
2024-01-25 22:59:34,582 [main] INFO  base.BaseClass - Found Element By {by.toString()}
2024-01-25 22:59:35,109 [main] INFO  base.BaseClass - Trying to find Element By {by.toString()})
2024-01-25 22:59:35,427 [main] INFO  base.BaseClass - Found Element By {by.toString()}
2024-01-25 22:59:35,964 [main] INFO  base.BaseClass - Trying to find Element By {by.toString()})
2024-01-25 22:59:35,988 [main] INFO  base.BaseClass - Found Element By {by.toString()}
2024-01-25 22:59:36,525 [main] INFO  base.BaseClass - Trying to find Element By {by.toString()})
2024-01-25 22:59:36,547 [main] INFO  base.BaseClass - Found Element By {by.toString()}
2024-01-25 22:59:37,082 [main] INFO  base.BaseClass - Trying to find Element By {by.toString()})
2024-01-25 22:59:37,107 [main] INFO  base.BaseClass - Found Element By {by.toString()}
2024-01-25 22:59:37,658 [main] INFO  base.BaseClass - Trying to find Element By {by.toString()})
2024-01-25 22:59:37,712 [main] INFO  base.BaseClass - Found Element By {by.toString()}
2024-01-25 22:59:38,232 [main] INFO  base.BaseClass - Trying to find Element By {by.toString()})
2024-01-25 22:59:38,256 [main] INFO  base.BaseClass - Found Element By {by.toString()}
2024-01-25 22:59:38,793 [main] INFO  base.BaseClass - Trying to find Element By {by.toString()})
2024-01-25 22:59:38,817 [main] INFO  base.BaseClass - Found Element By {by.toString()}
2024-01-25 22:59:39,347 [main] INFO  base.BaseClass - Trying to find Element By {by.toString()})
2024-01-25 22:59:39,370 [main] INFO  base.BaseClass - Found Element By {by.toString()}
2024-01-25 22:59:39,898 [main] INFO  base.BaseClass - Trying to find Element By {by.toString()})
2024-01-25 22:59:39,921 [main] INFO  base.BaseClass - Found Element By {by.toString()}
2024-01-25 22:59:40,453 [main] INFO  base.BaseClass - Trying to find Element By {by.toString()})
2024-01-25 22:59:40,475 [main] INFO  base.BaseClass - Found Element By {by.toString()}
2024-01-25 22:59:41,011 [main] INFO  base.BaseClass - Trying to find Element By {by.toString()})
2024-01-25 22:59:41,033 [main] INFO  base.BaseClass - Found Element By {by.toString()}
2024-01-25 22:59:41,565 [main] INFO  base.BaseClass - Trying to find Element By {by.toString()})
2024-01-25 22:59:41,587 [main] INFO  base.BaseClass - Found Element By {by.toString()}
2024-01-25 22:59:42,119 [main] INFO  base.BaseClass - Trying to find Element By {by.toString()})
2024-01-25 22:59:42,141 [main] INFO  base.BaseClass - Found Element By {by.toString()}
2024-01-25 22:59:42,670 [main] INFO  base.BaseClass - Trying to find Element By {by.toString()})
2024-01-25 22:59:42,692 [main] INFO  base.BaseClass - Found Element By {by.toString()}
2024-01-25 22:59:43,220 [main] INFO  base.BaseClass - Trying to find Element By {by.toString()})
2024-01-25 22:59:43,240 [main] INFO  base.BaseClass - Found Element By {by.toString()}
2024-01-25 22:59:43,772 [main] INFO  base.BaseClass - Trying to find Element By {by.toString()})
2024-01-25 22:59:43,796 [main] INFO  base.BaseClass - Found Element By {by.toString()}
2024-01-25 22:59:44,340 [main] INFO  base.BaseClass - Trying to find Element By {by.toString()})
2024-01-25 22:59:44,359 [main] INFO  base.BaseClass - Found Element By {by.toString()}
2024-01-25 22:59:44,892 [main] INFO  base.BaseClass - Trying to find Element By {by.toString()})
2024-01-25 22:59:44,914 [main] INFO  base.BaseClass - Found Element By {by.toString()}
2024-01-25 22:59:45,444 [main] INFO  base.BaseClass - Trying to find Element By {by.toString()})
2024-01-25 22:59:45,466 [main] INFO  base.BaseClass - Found Element By {by.toString()}
2024-01-25 22:59:45,996 [main] INFO  base.BaseClass - Trying to find Element By {by.toString()})
2024-01-25 22:59:46,019 [main] INFO  base.BaseClass - Found Element By {by.toString()}
2024-01-25 22:59:46,551 [main] INFO  base.BaseClass - Trying to find Element By {by.toString()})
2024-01-25 22:59:46,574 [main] INFO  base.BaseClass - Found Element By {by.toString()}
2024-01-25 22:59:47,105 [main] INFO  base.BaseClass - Trying to find Element By {by.toString()})
2024-01-25 22:59:47,128 [main] INFO  base.BaseClass - Found Element By {by.toString()}
2024-01-25 22:59:47,669 [main] INFO  base.BaseClass - Trying to find Element By {by.toString()})
2024-01-25 22:59:47,684 [main] INFO  base.BaseClass - Found Element By {by.toString()}
2024-01-25 22:59:48,218 [main] INFO  base.BaseClass - Trying to find Element By {by.toString()})
2024-01-25 22:59:48,241 [main] INFO  base.BaseClass - Found Element By {by.toString()}
2024-01-25 22:59:48,771 [main] INFO  base.BaseClass - Trying to find Element By {by.toString()})
2024-01-25 22:59:48,792 [main] INFO  base.BaseClass - Found Element By {by.toString()}
2024-01-25 22:59:49,319 [main] INFO  base.BaseClass - Trying to find Element By {by.toString()})
2024-01-25 22:59:49,340 [main] INFO  base.BaseClass - Found Element By {by.toString()}
2024-01-25 22:59:49,873 [main] INFO  base.BaseClass - Trying to find Element By {by.toString()})
2024-01-25 22:59:49,895 [main] INFO  base.BaseClass - Found Element By {by.toString()}
2024-01-25 22:59:50,427 [main] INFO  base.BaseClass - Trying to find Element By {by.toString()})
2024-01-25 22:59:50,450 [main] INFO  base.BaseClass - Found Element By {by.toString()}
2024-01-25 22:59:50,981 [main] INFO  base.BaseClass - Trying to find Element By {by.toString()})
2024-01-25 22:59:51,001 [main] INFO  base.BaseClass - Found Element By {by.toString()}
2024-01-25 22:59:51,533 [main] INFO  base.BaseClass - Trying to find Element By {by.toString()})
2024-01-25 22:59:51,551 [main] INFO  base.BaseClass - Found Element By {by.toString()}
2024-01-25 22:59:52,079 [main] INFO  base.BaseClass - Trying to find Element By {by.toString()})
2024-01-25 22:59:52,088 [main] INFO  base.BaseClass - Found Element By {by.toString()}
2024-01-25 22:59:52,614 [main] INFO  base.BaseClass - Trying to find Element By {by.toString()})
2024-01-25 22:59:52,637 [main] INFO  base.BaseClass - Found Element By {by.toString()}
2024-01-25 22:59:53,172 [main] INFO  base.BaseClass - Trying to find Element By {by.toString()})
2024-01-25 22:59:53,194 [main] INFO  base.BaseClass - Found Element By {by.toString()}
2024-01-25 22:59:53,731 [main] INFO  base.BaseClass - Trying to find Element By {by.toString()})
2024-01-25 22:59:53,751 [main] INFO  base.BaseClass - Found Element By {by.toString()}
2024-01-25 22:59:54,290 [main] INFO  base.BaseClass - Trying to find Element By {by.toString()})
2024-01-25 22:59:54,312 [main] INFO  base.BaseClass - Found Element By {by.toString()}
2024-01-25 22:59:54,854 [main] INFO  base.BaseClass - Trying to find Element By {by.toString()})
2024-01-25 22:59:54,870 [main] INFO  base.BaseClass - Found Element By {by.toString()}
2024-01-25 22:59:55,398 [main] INFO  base.BaseClass - Trying to find Element By {by.toString()})
2024-01-25 22:59:55,419 [main] INFO  base.BaseClass - Found Element By {by.toString()}
2024-01-25 22:59:55,950 [main] INFO  base.BaseClass - Trying to find Element By {by.toString()})
2024-01-25 22:59:55,972 [main] INFO  base.BaseClass - Found Element By {by.toString()}
2024-01-25 22:59:56,506 [main] INFO  base.BaseClass - Trying to find Element By {by.toString()})
2024-01-25 22:59:56,530 [main] INFO  base.BaseClass - Found Element By {by.toString()}
2024-01-25 22:59:57,058 [main] INFO  base.BaseClass - Trying to find Element By {by.toString()})
2024-01-25 22:59:57,079 [main] INFO  base.BaseClass - Found Element By {by.toString()}
2024-01-25 22:59:57,602 [main] INFO  base.BaseClass - Trying to find Element By {by.toString()})
2024-01-25 22:59:57,625 [main] INFO  base.BaseClass - Found Element By {by.toString()}
2024-01-25 22:59:58,167 [main] INFO  base.BaseClass - Trying to find Element By {by.toString()})
2024-01-25 22:59:58,188 [main] INFO  base.BaseClass - Found Element By {by.toString()}
2024-01-25 22:59:58,731 [main] INFO  base.BaseClass - Trying to find Element By {by.toString()})
2024-01-25 22:59:58,747 [main] INFO  base.BaseClass - Found Element By {by.toString()}
2024-01-25 22:59:59,282 [main] INFO  base.BaseClass - Trying to find Element By {by.toString()})
2024-01-25 22:59:59,303 [main] INFO  base.BaseClass - Found Element By {by.toString()}
2024-01-25 22:59:59,834 [main] INFO  base.BaseClass - Trying to find Element By {by.toString()})
2024-01-25 22:59:59,847 [main] INFO  base.BaseClass - Found Element By {by.toString()}
2024-01-25 23:00:00,373 [main] INFO  base.BaseClass - Trying to find Element By {by.toString()})
2024-01-25 23:00:00,395 [main] INFO  base.BaseClass - Found Element By {by.toString()}
2024-01-25 23:00:00,928 [main] INFO  base.BaseClass - Trying to find Element By {by.toString()})
2024-01-25 23:00:00,951 [main] INFO  base.BaseClass - Found Element By {by.toString()}
2024-01-25 23:00:01,478 [main] INFO  base.BaseClass - Trying to find Element By {by.toString()})
2024-01-25 23:00:01,500 [main] INFO  base.BaseClass - Found Element By {by.toString()}
2024-01-25 23:00:02,033 [main] INFO  base.BaseClass - Trying to find Element By {by.toString()})
2024-01-25 23:00:02,056 [main] INFO  base.BaseClass - Found Element By {by.toString()}
TimeoutException occurred: Expected condition failed: waiting for helper.WaitUtility$5@f3fc4a6 (tried for 30 second(s) with 500 milliseconds interval)
Build info: version: '3.141.59', revision: 'e82be7d358', time: '2018-11-14T08:17:03'
System info: host: 'DPLAP166', ip: '137.237.3.67', os.name: 'Windows 10', os.arch: 'amd64', os.version: '10.0', java.version: '19.0.1'
Driver info: org.openqa.selenium.support.events.EventFiringWebDriver
Capabilities {acceptInsecureCerts: true, browserName: chrome, browserVersion: 121.0.6167.86, chrome: {chromedriverVersion: 121.0.6167.85 (3f98d690ad7e..., userDataDir: C:\Users\dP-PL\AppData\Loca...}, fedcm:accounts: true, goog:chromeOptions: {debuggerAddress: localhost:55988}, javascriptEnabled: true, networkConnectionEnabled: false, pageLoadStrategy: normal, platform: WINDOWS, platformName: WINDOWS, proxy: Proxy(), setWindowRect: true, strictFileInteractability: false, timeouts: {implicit: 0, pageLoad: 300000, script: 30000}, unhandledPromptBehavior: dismiss and notify, webauthn:extension:credBlob: true, webauthn:extension:largeBlob: true, webauthn:extension:minPinLength: true, webauthn:extension:prf: true, webauthn:virtualAuthenticators: true}
Session ID: 36e80c3812b8881b133f5b23264feb9a
2024-01-25 23:00:02,087 [main] ERROR XGLT_15177_Test - Element did not become visible within the specified time: Expected condition failed: waiting for helper.WaitUtility$5@f3fc4a6 (tried for 30 second(s) with 500 milliseconds interval)
Build info: version: '3.141.59', revision: 'e82be7d358', time: '2018-11-14T08:17:03'
System info: host: 'DPLAP166', ip: '137.237.3.67', os.name: 'Windows 10', os.arch: 'amd64', os.version: '10.0', java.version: '19.0.1'
Driver info: org.openqa.selenium.support.events.EventFiringWebDriver
Capabilities {acceptInsecureCerts: true, browserName: chrome, browserVersion: 121.0.6167.86, chrome: {chromedriverVersion: 121.0.6167.85 (3f98d690ad7e..., userDataDir: C:\Users\dP-PL\AppData\Loca...}, fedcm:accounts: true, goog:chromeOptions: {debuggerAddress: localhost:55988}, javascriptEnabled: true, networkConnectionEnabled: false, pageLoadStrategy: normal, platform: WINDOWS, platformName: WINDOWS, proxy: Proxy(), setWindowRect: true, strictFileInteractability: false, timeouts: {implicit: 0, pageLoad: 300000, script: 30000}, unhandledPromptBehavior: dismiss and notify, webauthn:extension:credBlob: true, webauthn:extension:largeBlob: true, webauthn:extension:minPinLength: true, webauthn:extension:prf: true, webauthn:virtualAuthenticators: true}
Session ID: 36e80c3812b8881b133f5b23264feb9a
2024-01-25 23:00:02,087 [main] INFO  base.BaseClass - Trying to find Element By {by.toString()})
2024-01-25 23:00:02,107 [main] INFO  base.BaseClass - Found Element By {by.toString()}
2024-01-25 23:00:02,107 [main] INFO  base.BaseClass - Trying to click on: {element.toString()}
2024-01-25 23:00:02,241 [main] INFO  base.BaseClass - Clicked on: {element.toString()}
2024-01-25 23:00:02,241 [main] INFO  base.BaseClass - Trying to find Element By {by.toString()})
2024-01-25 23:00:02,254 [main] INFO  base.BaseClass - Found Element By {by.toString()}
TimeoutException occurred: Expected condition failed: waiting for helper.WaitUtility$5@2b2ec9b9 (tried for 30 second(s) with 500 milliseconds interval)
Build info: version: '3.141.59', revision: 'e82be7d358', time: '2018-11-14T08:17:03'
System info: host: 'DPLAP166', ip: '137.237.3.67', os.name: 'Windows 10', os.arch: 'amd64', os.version: '10.0', java.version: '19.0.1'
Driver info: org.openqa.selenium.support.events.EventFiringWebDriver
Capabilities {acceptInsecureCerts: true, browserName: chrome, browserVersion: 121.0.6167.86, chrome: {chromedriverVersion: 121.0.6167.85 (3f98d690ad7e..., userDataDir: C:\Users\dP-PL\AppData\Loca...}, fedcm:accounts: true, goog:chromeOptions: {debuggerAddress: localhost:55988}, javascriptEnabled: true, networkConnectionEnabled: false, pageLoadStrategy: normal, platform: WINDOWS, platformName: WINDOWS, proxy: Proxy(), setWindowRect: true, strictFileInteractability: false, timeouts: {implicit: 0, pageLoad: 300000, script: 30000}, unhandledPromptBehavior: dismiss and notify, webauthn:extension:credBlob: true, webauthn:extension:largeBlob: true, webauthn:extension:minPinLength: true, webauthn:extension:prf: true, webauthn:virtualAuthenticators: true}
Session ID: 36e80c3812b8881b133f5b23264feb9a
2024-01-25 23:00:32,542 [main] ERROR XGLT_15177_Test - Element did not become visible within the specified time: Expected condition failed: waiting for helper.WaitUtility$5@2b2ec9b9 (tried for 30 second(s) with 500 milliseconds interval)
Build info: version: '3.141.59', revision: 'e82be7d358', time: '2018-11-14T08:17:03'
System info: host: 'DPLAP166', ip: '137.237.3.67', os.name: 'Windows 10', os.arch: 'amd64', os.version: '10.0', java.version: '19.0.1'
Driver info: org.openqa.selenium.support.events.EventFiringWebDriver
Capabilities {acceptInsecureCerts: true, browserName: chrome, browserVersion: 121.0.6167.86, chrome: {chromedriverVersion: 121.0.6167.85 (3f98d690ad7e..., userDataDir: C:\Users\dP-PL\AppData\Loca...}, fedcm:accounts: true, goog:chromeOptions: {debuggerAddress: localhost:55988}, javascriptEnabled: true, networkConnectionEnabled: false, pageLoadStrategy: normal, platform: WINDOWS, platformName: WINDOWS, proxy: Proxy(), setWindowRect: true, strictFileInteractability: false, timeouts: {implicit: 0, pageLoad: 300000, script: 30000}, unhandledPromptBehavior: dismiss and notify, webauthn:extension:credBlob: true, webauthn:extension:largeBlob: true, webauthn:extension:minPinLength: true, webauthn:extension:prf: true, webauthn:virtualAuthenticators: true}
Session ID: 36e80c3812b8881b133f5b23264feb9a
2024-01-25 23:00:32,542 [main] INFO  base.BaseClass - Trying to click on: {element.toString()}
2024-01-25 23:00:32,661 [main] INFO  base.BaseClass - Clicked on: {element.toString()}
2024-01-25 23:00:32,661 [main] INFO  base.BaseClass - Trying to find Element By {by.toString()})
2024-01-25 23:00:32,674 [main] INFO  base.BaseClass - Found Element By {by.toString()}
2024-01-25 23:00:33,199 [main] INFO  base.BaseClass - Trying to find Element By {by.toString()})
2024-01-25 23:00:33,221 [main] INFO  base.BaseClass - Found Element By {by.toString()}
2024-01-25 23:00:33,762 [main] INFO  base.BaseClass - Trying to find Element By {by.toString()})
2024-01-25 23:00:33,785 [main] INFO  base.BaseClass - Found Element By {by.toString()}
2024-01-25 23:00:34,307 [main] INFO  base.BaseClass - Trying to find Element By {by.toString()})
2024-01-25 23:00:34,319 [main] INFO  base.BaseClass - Found Element By {by.toString()}
2024-01-25 23:00:34,861 [main] INFO  base.BaseClass - Trying to find Element By {by.toString()})
2024-01-25 23:00:34,884 [main] INFO  base.BaseClass - Found Element By {by.toString()}
2024-01-25 23:00:35,429 [main] INFO  base.BaseClass - Trying to find Element By {by.toString()})
2024-01-25 23:00:35,451 [main] INFO  base.BaseClass - Found Element By {by.toString()}
2024-01-25 23:00:35,985 [main] INFO  base.BaseClass - Trying to find Element By {by.toString()})
2024-01-25 23:00:36,006 [main] INFO  base.BaseClass - Found Element By {by.toString()}
2024-01-25 23:00:36,537 [main] INFO  base.BaseClass - Trying to find Element By {by.toString()})
2024-01-25 23:00:36,558 [main] INFO  base.BaseClass - Found Element By {by.toString()}
2024-01-25 23:00:37,090 [main] INFO  base.BaseClass - Trying to find Element By {by.toString()})
2024-01-25 23:00:37,105 [main] INFO  base.BaseClass - Found Element By {by.toString()}
2024-01-25 23:00:37,628 [main] INFO  base.BaseClass - Trying to find Element By {by.toString()})
2024-01-25 23:00:37,649 [main] INFO  base.BaseClass - Found Element By {by.toString()}
2024-01-25 23:00:38,175 [main] INFO  base.BaseClass - Trying to find Element By {by.toString()})
2024-01-25 23:00:38,198 [main] INFO  base.BaseClass - Found Element By {by.toString()}
2024-01-25 23:00:38,742 [main] INFO  base.BaseClass - Trying to find Element By {by.toString()})
2024-01-25 23:00:38,762 [main] INFO  base.BaseClass - Found Element By {by.toString()}
2024-01-25 23:00:39,293 [main] INFO  base.BaseClass - Trying to find Element By {by.toString()})
2024-01-25 23:00:39,315 [main] INFO  base.BaseClass - Found Element By {by.toString()}
2024-01-25 23:00:39,859 [main] INFO  base.BaseClass - Trying to find Element By {by.toString()})
2024-01-25 23:00:39,882 [main] INFO  base.BaseClass - Found Element By {by.toString()}
2024-01-25 23:00:40,413 [main] INFO  base.BaseClass - Trying to find Element By {by.toString()})
2024-01-25 23:00:40,437 [main] INFO  base.BaseClass - Found Element By {by.toString()}
2024-01-25 23:00:40,976 [main] INFO  base.BaseClass - Trying to find Element By {by.toString()})
2024-01-25 23:00:40,994 [main] INFO  base.BaseClass - Found Element By {by.toString()}
2024-01-25 23:00:41,518 [main] INFO  base.BaseClass - Trying to find Element By {by.toString()})
2024-01-25 23:00:41,540 [main] INFO  base.BaseClass - Found Element By {by.toString()}
2024-01-25 23:00:42,074 [main] INFO  base.BaseClass - Trying to find Element By {by.toString()})
2024-01-25 23:00:42,095 [main] INFO  base.BaseClass - Found Element By {by.toString()}
2024-01-25 23:00:42,628 [main] INFO  base.BaseClass - Trying to find Element By {by.toString()})
2024-01-25 23:00:42,651 [main] INFO  base.BaseClass - Found Element By {by.toString()}
2024-01-25 23:00:43,180 [main] INFO  base.BaseClass - Trying to find Element By {by.toString()})
2024-01-25 23:00:43,202 [main] INFO  base.BaseClass - Found Element By {by.toString()}
2024-01-25 23:00:43,740 [main] INFO  base.BaseClass - Trying to find Element By {by.toString()})
2024-01-25 23:00:43,762 [main] INFO  base.BaseClass - Found Element By {by.toString()}
2024-01-25 23:00:44,294 [main] INFO  base.BaseClass - Trying to find Element By {by.toString()})
2024-01-25 23:00:44,316 [main] INFO  base.BaseClass - Found Element By {by.toString()}
2024-01-25 23:00:44,845 [main] INFO  base.BaseClass - Trying to find Element By {by.toString()})
2024-01-25 23:00:44,867 [main] INFO  base.BaseClass - Found Element By {by.toString()}
2024-01-25 23:00:45,397 [main] INFO  base.BaseClass - Trying to find Element By {by.toString()})
2024-01-25 23:00:45,419 [main] INFO  base.BaseClass - Found Element By {by.toString()}
2024-01-25 23:00:45,947 [main] INFO  base.BaseClass - Trying to find Element By {by.toString()})
2024-01-25 23:00:45,965 [main] INFO  base.BaseClass - Found Element By {by.toString()}
2024-01-25 23:00:46,485 [main] INFO  base.BaseClass - Trying to find Element By {by.toString()})
2024-01-25 23:00:46,507 [main] INFO  base.BaseClass - Found Element By {by.toString()}
2024-01-25 23:00:47,039 [main] INFO  base.BaseClass - Trying to find Element By {by.toString()})
2024-01-25 23:00:47,060 [main] INFO  base.BaseClass - Found Element By {by.toString()}
2024-01-25 23:00:47,594 [main] INFO  base.BaseClass - Trying to find Element By {by.toString()})
2024-01-25 23:00:47,616 [main] INFO  base.BaseClass - Found Element By {by.toString()}
2024-01-25 23:00:48,159 [main] INFO  base.BaseClass - Trying to find Element By {by.toString()})
2024-01-25 23:00:48,178 [main] INFO  base.BaseClass - Found Element By {by.toString()}
2024-01-25 23:00:48,711 [main] INFO  base.BaseClass - Trying to find Element By {by.toString()})
2024-01-25 23:00:48,733 [main] INFO  base.BaseClass - Found Element By {by.toString()}
2024-01-25 23:00:49,266 [main] INFO  base.BaseClass - Trying to find Element By {by.toString()})
2024-01-25 23:00:49,287 [main] INFO  base.BaseClass - Found Element By {by.toString()}
2024-01-25 23:00:49,819 [main] INFO  base.BaseClass - Trying to find Element By {by.toString()})
2024-01-25 23:00:49,840 [main] INFO  base.BaseClass - Found Element By {by.toString()}
2024-01-25 23:00:50,374 [main] INFO  base.BaseClass - Trying to find Element By {by.toString()})
2024-01-25 23:00:50,396 [main] INFO  base.BaseClass - Found Element By {by.toString()}
2024-01-25 23:00:50,927 [main] INFO  base.BaseClass - Trying to find Element By {by.toString()})
2024-01-25 23:00:50,949 [main] INFO  base.BaseClass - Found Element By {by.toString()}
2024-01-25 23:00:51,482 [main] INFO  base.BaseClass - Trying to find Element By {by.toString()})
2024-01-25 23:00:51,504 [main] INFO  base.BaseClass - Found Element By {by.toString()}
2024-01-25 23:00:52,040 [main] INFO  base.BaseClass - Trying to find Element By {by.toString()})
2024-01-25 23:00:52,059 [main] INFO  base.BaseClass - Found Element By {by.toString()}
2024-01-25 23:00:52,587 [main] INFO  base.BaseClass - Trying to find Element By {by.toString()})
2024-01-25 23:00:52,607 [main] INFO  base.BaseClass - Found Element By {by.toString()}
2024-01-25 23:00:53,139 [main] INFO  base.BaseClass - Trying to find Element By {by.toString()})
2024-01-25 23:00:53,160 [main] INFO  base.BaseClass - Found Element By {by.toString()}
2024-01-25 23:00:53,691 [main] INFO  base.BaseClass - Trying to find Element By {by.toString()})
2024-01-25 23:00:53,713 [main] INFO  base.BaseClass - Found Element By {by.toString()}
2024-01-25 23:00:54,250 [main] INFO  base.BaseClass - Trying to find Element By {by.toString()})
2024-01-25 23:00:54,271 [main] INFO  base.BaseClass - Found Element By {by.toString()}
2024-01-25 23:00:54,803 [main] INFO  base.BaseClass - Trying to find Element By {by.toString()})
2024-01-25 23:00:54,823 [main] INFO  base.BaseClass - Found Element By {by.toString()}
2024-01-25 23:00:55,354 [main] INFO  base.BaseClass - Trying to find Element By {by.toString()})
2024-01-25 23:00:55,374 [main] INFO  base.BaseClass - Found Element By {by.toString()}
2024-01-25 23:00:55,908 [main] INFO  base.BaseClass - Trying to find Element By {by.toString()})
2024-01-25 23:00:55,930 [main] INFO  base.BaseClass - Found Element By {by.toString()}
2024-01-25 23:00:56,457 [main] INFO  base.BaseClass - Trying to find Element By {by.toString()})
2024-01-25 23:00:56,479 [main] INFO  base.BaseClass - Found Element By {by.toString()}
2024-01-25 23:00:57,011 [main] INFO  base.BaseClass - Trying to find Element By {by.toString()})
2024-01-25 23:00:57,033 [main] INFO  base.BaseClass - Found Element By {by.toString()}
2024-01-25 23:00:57,565 [main] INFO  base.BaseClass - Trying to find Element By {by.toString()})
2024-01-25 23:00:57,588 [main] INFO  base.BaseClass - Found Element By {by.toString()}
2024-01-25 23:00:58,115 [main] INFO  base.BaseClass - Trying to find Element By {by.toString()})
2024-01-25 23:00:58,140 [main] INFO  base.BaseClass - Found Element By {by.toString()}
2024-01-25 23:00:58,675 [main] INFO  base.BaseClass - Trying to find Element By {by.toString()})
2024-01-25 23:00:58,697 [main] INFO  base.BaseClass - Found Element By {by.toString()}
2024-01-25 23:00:59,228 [main] INFO  base.BaseClass - Trying to find Element By {by.toString()})
2024-01-25 23:00:59,249 [main] INFO  base.BaseClass - Found Element By {by.toString()}
2024-01-25 23:00:59,794 [main] INFO  base.BaseClass - Trying to find Element By {by.toString()})
2024-01-25 23:00:59,816 [main] INFO  base.BaseClass - Found Element By {by.toString()}
2024-01-25 23:01:00,344 [main] INFO  base.BaseClass - Trying to find Element By {by.toString()})
2024-01-25 23:01:00,366 [main] INFO  base.BaseClass - Found Element By {by.toString()}
2024-01-25 23:01:00,898 [main] INFO  base.BaseClass - Trying to find Element By {by.toString()})
2024-01-25 23:01:00,919 [main] INFO  base.BaseClass - Found Element By {by.toString()}
2024-01-25 23:01:01,444 [main] INFO  base.BaseClass - Trying to find Element By {by.toString()})
2024-01-25 23:01:01,467 [main] INFO  base.BaseClass - Found Element By {by.toString()}
2024-01-25 23:01:01,998 [main] INFO  base.BaseClass - Trying to find Element By {by.toString()})
2024-01-25 23:01:02,015 [main] INFO  base.BaseClass - Found Element By {by.toString()}
2024-01-25 23:01:02,544 [main] INFO  base.BaseClass - Trying to find Element By {by.toString()})
2024-01-25 23:01:02,565 [main] INFO  base.BaseClass - Found Element By {by.toString()}
2024-01-25 23:01:03,094 [main] INFO  base.BaseClass - Trying to find Element By {by.toString()})
2024-01-25 23:01:03,113 [main] INFO  base.BaseClass - Found Element By {by.toString()}
TimeoutException occurred: Expected condition failed: waiting for helper.WaitUtility$5@682bc20c (tried for 30 second(s) with 500 milliseconds interval)
Build info: version: '3.141.59', revision: 'e82be7d358', time: '2018-11-14T08:17:03'
System info: host: 'DPLAP166', ip: '137.237.3.67', os.name: 'Windows 10', os.arch: 'amd64', os.version: '10.0', java.version: '19.0.1'
Driver info: org.openqa.selenium.support.events.EventFiringWebDriver
Capabilities {acceptInsecureCerts: true, browserName: chrome, browserVersion: 121.0.6167.86, chrome: {chromedriverVersion: 121.0.6167.85 (3f98d690ad7e..., userDataDir: C:\Users\dP-PL\AppData\Loca...}, fedcm:accounts: true, goog:chromeOptions: {debuggerAddress: localhost:55988}, javascriptEnabled: true, networkConnectionEnabled: false, pageLoadStrategy: normal, platform: WINDOWS, platformName: WINDOWS, proxy: Proxy(), setWindowRect: true, strictFileInteractability: false, timeouts: {implicit: 0, pageLoad: 300000, script: 30000}, unhandledPromptBehavior: dismiss and notify, webauthn:extension:credBlob: true, webauthn:extension:largeBlob: true, webauthn:extension:minPinLength: true, webauthn:extension:prf: true, webauthn:virtualAuthenticators: true}
Session ID: 36e80c3812b8881b133f5b23264feb9a
2024-01-25 23:01:03,139 [main] ERROR XGLT_15177_Test - Element did not become visible within the specified time: Expected condition failed: waiting for helper.WaitUtility$5@682bc20c (tried for 30 second(s) with 500 milliseconds interval)
Build info: version: '3.141.59', revision: 'e82be7d358', time: '2018-11-14T08:17:03'
System info: host: 'DPLAP166', ip: '137.237.3.67', os.name: 'Windows 10', os.arch: 'amd64', os.version: '10.0', java.version: '19.0.1'
Driver info: org.openqa.selenium.support.events.EventFiringWebDriver
Capabilities {acceptInsecureCerts: true, browserName: chrome, browserVersion: 121.0.6167.86, chrome: {chromedriverVersion: 121.0.6167.85 (3f98d690ad7e..., userDataDir: C:\Users\dP-PL\AppData\Loca...}, fedcm:accounts: true, goog:chromeOptions: {debuggerAddress: localhost:55988}, javascriptEnabled: true, networkConnectionEnabled: false, pageLoadStrategy: normal, platform: WINDOWS, platformName: WINDOWS, proxy: Proxy(), setWindowRect: true, strictFileInteractability: false, timeouts: {implicit: 0, pageLoad: 300000, script: 30000}, unhandledPromptBehavior: dismiss and notify, webauthn:extension:credBlob: true, webauthn:extension:largeBlob: true, webauthn:extension:minPinLength: true, webauthn:extension:prf: true, webauthn:virtualAuthenticators: true}
Session ID: 36e80c3812b8881b133f5b23264feb9a
2024-01-25 23:01:03,139 [main] INFO  base.BaseClass - Trying to find Element By {by.toString()})
2024-01-25 23:01:03,159 [main] INFO  base.BaseClass - Found Element By {by.toString()}
2024-01-25 23:01:03,159 [main] INFO  base.BaseClass - Trying to click on: {element.toString()}
2024-01-25 23:01:03,291 [main] INFO  base.BaseClass - Clicked on: {element.toString()}
2024-01-25 23:01:03,293 [main] INFO  base.BaseClass - Trying to find Element By {by.toString()})
2024-01-25 23:01:03,304 [main] INFO  base.BaseClass - Found Element By {by.toString()}
2024-01-25 23:01:03,328 [main] INFO  base.BaseClass - Trying to find Element By {by.toString()})
2024-01-25 23:01:03,343 [main] INFO  base.BaseClass - Found Element By {by.toString()}
RT value is New Revenue Type
2024-01-25 23:01:03,360 [main] INFO  base.BaseClass - Trying to find Element By {by.toString()})
2024-01-25 23:01:03,377 [main] INFO  base.BaseClass - Found Element By {by.toString()}
Writing on Excel file Finished ...
CreateNewrevenuType passed!
]]></system-out>
    <system-err><![CDATA[Starting ChromeDriver 121.0.6167.85 (3f98d690ad7e59242ef110144c757b2ac4eef1a2-refs/branch-heads/6167@{#1539}) on port 31503
Only local connections are allowed.
Please see https://chromedriver.chromium.org/security-considerations for suggestions on keeping ChromeDriver safe.
ChromeDriver was started successfully.
Jan 25, 2024 10:56:07 PM org.openqa.selenium.remote.ProtocolHandshake createSession
INFO: Detected dialect: W3C
]]></system-err>
  </testcase>
  <testcase name="CreateCommodityCode" classname="XGLT_6753_Test" time="265.981">
    <system-out><![CDATA[2024-01-25 23:01:03,742 [main] INFO  XGLT_15177_Test - closing up browser
2024-01-25 23:01:03,987 [main] INFO  base.BaseClass - Login to XGL
2024-01-25 23:01:03,987 [main] INFO  XGLT_15177_Test - Setting up browser
2024-01-25 23:01:04,014 [main] INFO  io.github.bonigarcia.wdm.WebDriverManager - Using chromedriver 121.0.6167.85 (resolved driver for Chrome 121)
2024-01-25 23:01:04,055 [main] INFO  io.github.bonigarcia.wdm.WebDriverManager - Exporting webdriver.chrome.driver as C:\Users\dP-PL\.cache\selenium\chromedriver\win64\121.0.6167.85\chromedriver.exe
2024-01-25 23:01:05,015 [main] INFO  base.BaseClass - Before navigating to {url}
2024-01-25 23:01:09,664 [main] INFO  base.BaseClass - Navigated to {url}
2024-01-25 23:01:10,035 [main] INFO  base.BaseClass - Trying to find Element By {by.toString()})
2024-01-25 23:01:10,048 [main] INFO  base.BaseClass - Found Element By {by.toString()}
2024-01-25 23:01:10,096 [main] INFO  base.BaseClass - Trying to find Element By {by.toString()})
2024-01-25 23:01:10,107 [main] INFO  base.BaseClass - Found Element By {by.toString()}
2024-01-25 23:01:10,174 [main] INFO  base.BaseClass - Trying to find Element By {by.toString()})
2024-01-25 23:01:10,186 [main] INFO  base.BaseClass - Found Element By {by.toString()}
2024-01-25 23:01:10,186 [main] INFO  base.BaseClass - Trying to click on: {element.toString()}
2024-01-25 23:01:10,224 [main] INFO  base.BaseClass - Clicked on: {element.toString()}
2024-01-25 23:01:10,224 [main] INFO  base.BaseClass - Trying to find Element By {by.toString()})
2024-01-25 23:01:14,058 [main] INFO  base.BaseClass - Found Element By {by.toString()}
2024-01-25 23:01:14,084 [main] INFO  base.BaseClass - Trying to find Element By {by.toString()})
NoSuchElementException occurred: no such element: Unable to locate element: {"method":"xpath","selector":"//div[@class='modal-content']/div/i[contains(@class,'close')]"}
  (Session info: chrome=121.0.6167.86)
For documentation on this error, please visit: https://www.seleniumhq.org/exceptions/no_such_element.html
Build info: version: '3.141.59', revision: 'e82be7d358', time: '2018-11-14T08:17:03'
System info: host: 'DPLAP166', ip: '137.237.3.67', os.name: 'Windows 10', os.arch: 'amd64', os.version: '10.0', java.version: '19.0.1'
Driver info: org.openqa.selenium.chrome.ChromeDriver
Capabilities {acceptInsecureCerts: true, browserName: chrome, browserVersion: 121.0.6167.86, chrome: {chromedriverVersion: 121.0.6167.85 (3f98d690ad7e..., userDataDir: C:\Users\dP-PL\AppData\Loca...}, fedcm:accounts: true, goog:chromeOptions: {debuggerAddress: localhost:56015}, javascriptEnabled: true, networkConnectionEnabled: false, pageLoadStrategy: normal, platform: WINDOWS, platformName: WINDOWS, proxy: Proxy(), setWindowRect: true, strictFileInteractability: false, timeouts: {implicit: 0, pageLoad: 300000, script: 30000}, unhandledPromptBehavior: dismiss and notify, webauthn:extension:credBlob: true, webauthn:extension:largeBlob: true, webauthn:extension:minPinLength: true, webauthn:extension:prf: true, webauthn:virtualAuthenticators: true}
Session ID: 5c98c84f1e98987a6378c65613fe2217
*** Element info: {Using=xpath, value=//div[@class='modal-content']/div/i[contains(@class,'close')]}
Before method Test name: Maintainance Tests
CreateCommodityCode started!
2024-01-25 23:02:04,164 [main] INFO  base.BaseClass - Trying to find Element By {by.toString()})
2024-01-25 23:02:04,178 [main] INFO  base.BaseClass - Found Element By {by.toString()}
2024-01-25 23:02:04,715 [main] INFO  base.BaseClass - Trying to find Element By {by.toString()})
2024-01-25 23:02:04,738 [main] INFO  base.BaseClass - Found Element By {by.toString()}
2024-01-25 23:02:05,271 [main] INFO  base.BaseClass - Trying to find Element By {by.toString()})
2024-01-25 23:02:05,295 [main] INFO  base.BaseClass - Found Element By {by.toString()}
2024-01-25 23:02:05,830 [main] INFO  base.BaseClass - Trying to find Element By {by.toString()})
2024-01-25 23:02:05,846 [main] INFO  base.BaseClass - Found Element By {by.toString()}
2024-01-25 23:02:06,371 [main] INFO  base.BaseClass - Trying to find Element By {by.toString()})
2024-01-25 23:02:06,390 [main] INFO  base.BaseClass - Found Element By {by.toString()}
2024-01-25 23:02:06,922 [main] INFO  base.BaseClass - Trying to find Element By {by.toString()})
2024-01-25 23:02:06,943 [main] INFO  base.BaseClass - Found Element By {by.toString()}
2024-01-25 23:02:07,474 [main] INFO  base.BaseClass - Trying to find Element By {by.toString()})
2024-01-25 23:02:07,496 [main] INFO  base.BaseClass - Found Element By {by.toString()}
2024-01-25 23:02:08,021 [main] INFO  base.BaseClass - Trying to find Element By {by.toString()})
2024-01-25 23:02:08,042 [main] INFO  base.BaseClass - Found Element By {by.toString()}
2024-01-25 23:02:08,576 [main] INFO  base.BaseClass - Trying to find Element By {by.toString()})
2024-01-25 23:02:08,597 [main] INFO  base.BaseClass - Found Element By {by.toString()}
2024-01-25 23:02:09,128 [main] INFO  base.BaseClass - Trying to find Element By {by.toString()})
2024-01-25 23:02:09,148 [main] INFO  base.BaseClass - Found Element By {by.toString()}
2024-01-25 23:02:09,681 [main] INFO  base.BaseClass - Trying to find Element By {by.toString()})
2024-01-25 23:02:09,702 [main] INFO  base.BaseClass - Found Element By {by.toString()}
2024-01-25 23:02:10,234 [main] INFO  base.BaseClass - Trying to find Element By {by.toString()})
2024-01-25 23:02:10,254 [main] INFO  base.BaseClass - Found Element By {by.toString()}
2024-01-25 23:02:10,791 [main] INFO  base.BaseClass - Trying to find Element By {by.toString()})
2024-01-25 23:02:10,812 [main] INFO  base.BaseClass - Found Element By {by.toString()}
2024-01-25 23:02:11,343 [main] INFO  base.BaseClass - Trying to find Element By {by.toString()})
2024-01-25 23:02:11,357 [main] INFO  base.BaseClass - Found Element By {by.toString()}
2024-01-25 23:02:11,881 [main] INFO  base.BaseClass - Trying to find Element By {by.toString()})
2024-01-25 23:02:11,904 [main] INFO  base.BaseClass - Found Element By {by.toString()}
2024-01-25 23:02:12,432 [main] INFO  base.BaseClass - Trying to find Element By {by.toString()})
2024-01-25 23:02:12,452 [main] INFO  base.BaseClass - Found Element By {by.toString()}
2024-01-25 23:02:12,977 [main] INFO  base.BaseClass - Trying to find Element By {by.toString()})
2024-01-25 23:02:12,999 [main] INFO  base.BaseClass - Found Element By {by.toString()}
2024-01-25 23:02:13,528 [main] INFO  base.BaseClass - Trying to find Element By {by.toString()})
2024-01-25 23:02:13,553 [main] INFO  base.BaseClass - Found Element By {by.toString()}
2024-01-25 23:02:14,086 [main] INFO  base.BaseClass - Trying to find Element By {by.toString()})
2024-01-25 23:02:14,106 [main] INFO  base.BaseClass - Found Element By {by.toString()}
2024-01-25 23:02:14,642 [main] INFO  base.BaseClass - Trying to find Element By {by.toString()})
2024-01-25 23:02:14,663 [main] INFO  base.BaseClass - Found Element By {by.toString()}
2024-01-25 23:02:15,193 [main] INFO  base.BaseClass - Trying to find Element By {by.toString()})
2024-01-25 23:02:15,214 [main] INFO  base.BaseClass - Found Element By {by.toString()}
2024-01-25 23:02:15,743 [main] INFO  base.BaseClass - Trying to find Element By {by.toString()})
2024-01-25 23:02:15,765 [main] INFO  base.BaseClass - Found Element By {by.toString()}
2024-01-25 23:02:16,291 [main] INFO  base.BaseClass - Trying to find Element By {by.toString()})
2024-01-25 23:02:16,313 [main] INFO  base.BaseClass - Found Element By {by.toString()}
2024-01-25 23:02:16,854 [main] INFO  base.BaseClass - Trying to find Element By {by.toString()})
2024-01-25 23:02:16,876 [main] INFO  base.BaseClass - Found Element By {by.toString()}
2024-01-25 23:02:17,406 [main] INFO  base.BaseClass - Trying to find Element By {by.toString()})
2024-01-25 23:02:17,427 [main] INFO  base.BaseClass - Found Element By {by.toString()}
2024-01-25 23:02:17,959 [main] INFO  base.BaseClass - Trying to find Element By {by.toString()})
2024-01-25 23:02:17,981 [main] INFO  base.BaseClass - Found Element By {by.toString()}
2024-01-25 23:02:18,510 [main] INFO  base.BaseClass - Trying to find Element By {by.toString()})
2024-01-25 23:02:18,531 [main] INFO  base.BaseClass - Found Element By {by.toString()}
2024-01-25 23:02:19,064 [main] INFO  base.BaseClass - Trying to find Element By {by.toString()})
2024-01-25 23:02:19,087 [main] INFO  base.BaseClass - Found Element By {by.toString()}
2024-01-25 23:02:19,620 [main] INFO  base.BaseClass - Trying to find Element By {by.toString()})
2024-01-25 23:02:19,642 [main] INFO  base.BaseClass - Found Element By {by.toString()}
2024-01-25 23:02:20,172 [main] INFO  base.BaseClass - Trying to find Element By {by.toString()})
2024-01-25 23:02:20,194 [main] INFO  base.BaseClass - Found Element By {by.toString()}
2024-01-25 23:02:20,726 [main] INFO  base.BaseClass - Trying to find Element By {by.toString()})
2024-01-25 23:02:20,749 [main] INFO  base.BaseClass - Found Element By {by.toString()}
2024-01-25 23:02:21,282 [main] INFO  base.BaseClass - Trying to find Element By {by.toString()})
2024-01-25 23:02:21,303 [main] INFO  base.BaseClass - Found Element By {by.toString()}
2024-01-25 23:02:21,845 [main] INFO  base.BaseClass - Trying to find Element By {by.toString()})
2024-01-25 23:02:21,867 [main] INFO  base.BaseClass - Found Element By {by.toString()}
2024-01-25 23:02:22,399 [main] INFO  base.BaseClass - Trying to find Element By {by.toString()})
2024-01-25 23:02:22,423 [main] INFO  base.BaseClass - Found Element By {by.toString()}
2024-01-25 23:02:22,960 [main] INFO  base.BaseClass - Trying to find Element By {by.toString()})
2024-01-25 23:02:22,982 [main] INFO  base.BaseClass - Found Element By {by.toString()}
2024-01-25 23:02:23,511 [main] INFO  base.BaseClass - Trying to find Element By {by.toString()})
2024-01-25 23:02:23,532 [main] INFO  base.BaseClass - Found Element By {by.toString()}
2024-01-25 23:02:24,074 [main] INFO  base.BaseClass - Trying to find Element By {by.toString()})
2024-01-25 23:02:24,096 [main] INFO  base.BaseClass - Found Element By {by.toString()}
2024-01-25 23:02:24,619 [main] INFO  base.BaseClass - Trying to find Element By {by.toString()})
2024-01-25 23:02:24,638 [main] INFO  base.BaseClass - Found Element By {by.toString()}
2024-01-25 23:02:25,173 [main] INFO  base.BaseClass - Trying to find Element By {by.toString()})
2024-01-25 23:02:25,195 [main] INFO  base.BaseClass - Found Element By {by.toString()}
2024-01-25 23:02:25,728 [main] INFO  base.BaseClass - Trying to find Element By {by.toString()})
2024-01-25 23:02:25,750 [main] INFO  base.BaseClass - Found Element By {by.toString()}
2024-01-25 23:02:26,280 [main] INFO  base.BaseClass - Trying to find Element By {by.toString()})
2024-01-25 23:02:26,290 [main] INFO  base.BaseClass - Found Element By {by.toString()}
2024-01-25 23:02:26,805 [main] INFO  base.BaseClass - Trying to find Element By {by.toString()})
2024-01-25 23:02:26,826 [main] INFO  base.BaseClass - Found Element By {by.toString()}
2024-01-25 23:02:27,372 [main] INFO  base.BaseClass - Trying to find Element By {by.toString()})
2024-01-25 23:02:27,389 [main] INFO  base.BaseClass - Found Element By {by.toString()}
2024-01-25 23:02:27,917 [main] INFO  base.BaseClass - Trying to find Element By {by.toString()})
2024-01-25 23:02:27,938 [main] INFO  base.BaseClass - Found Element By {by.toString()}
2024-01-25 23:02:28,468 [main] INFO  base.BaseClass - Trying to find Element By {by.toString()})
2024-01-25 23:02:28,490 [main] INFO  base.BaseClass - Found Element By {by.toString()}
2024-01-25 23:02:29,018 [main] INFO  base.BaseClass - Trying to find Element By {by.toString()})
2024-01-25 23:02:29,038 [main] INFO  base.BaseClass - Found Element By {by.toString()}
2024-01-25 23:02:29,569 [main] INFO  base.BaseClass - Trying to find Element By {by.toString()})
2024-01-25 23:02:29,590 [main] INFO  base.BaseClass - Found Element By {by.toString()}
2024-01-25 23:02:30,134 [main] INFO  base.BaseClass - Trying to find Element By {by.toString()})
2024-01-25 23:02:30,149 [main] INFO  base.BaseClass - Found Element By {by.toString()}
2024-01-25 23:02:30,680 [main] INFO  base.BaseClass - Trying to find Element By {by.toString()})
2024-01-25 23:02:30,703 [main] INFO  base.BaseClass - Found Element By {by.toString()}
2024-01-25 23:02:31,229 [main] INFO  base.BaseClass - Trying to find Element By {by.toString()})
2024-01-25 23:02:31,241 [main] INFO  base.BaseClass - Found Element By {by.toString()}
2024-01-25 23:02:31,767 [main] INFO  base.BaseClass - Trying to find Element By {by.toString()})
2024-01-25 23:02:31,788 [main] INFO  base.BaseClass - Found Element By {by.toString()}
2024-01-25 23:02:32,319 [main] INFO  base.BaseClass - Trying to find Element By {by.toString()})
2024-01-25 23:02:32,340 [main] INFO  base.BaseClass - Found Element By {by.toString()}
2024-01-25 23:02:32,873 [main] INFO  base.BaseClass - Trying to find Element By {by.toString()})
2024-01-25 23:02:32,894 [main] INFO  base.BaseClass - Found Element By {by.toString()}
2024-01-25 23:02:33,437 [main] INFO  base.BaseClass - Trying to find Element By {by.toString()})
2024-01-25 23:02:33,458 [main] INFO  base.BaseClass - Found Element By {by.toString()}
2024-01-25 23:02:34,001 [main] INFO  base.BaseClass - Trying to find Element By {by.toString()})
2024-01-25 23:02:34,022 [main] INFO  base.BaseClass - Found Element By {by.toString()}
2024-01-25 23:02:34,551 [main] INFO  base.BaseClass - Trying to find Element By {by.toString()})
2024-01-25 23:02:34,572 [main] INFO  base.BaseClass - Found Element By {by.toString()}
TimeoutException occurred: Expected condition failed: waiting for helper.WaitUtility$5@168c813c (tried for 30 second(s) with 500 milliseconds interval)
Build info: version: '3.141.59', revision: 'e82be7d358', time: '2018-11-14T08:17:03'
System info: host: 'DPLAP166', ip: '137.237.3.67', os.name: 'Windows 10', os.arch: 'amd64', os.version: '10.0', java.version: '19.0.1'
Driver info: org.openqa.selenium.support.events.EventFiringWebDriver
Capabilities {acceptInsecureCerts: true, browserName: chrome, browserVersion: 121.0.6167.86, chrome: {chromedriverVersion: 121.0.6167.85 (3f98d690ad7e..., userDataDir: C:\Users\dP-PL\AppData\Loca...}, fedcm:accounts: true, goog:chromeOptions: {debuggerAddress: localhost:56015}, javascriptEnabled: true, networkConnectionEnabled: false, pageLoadStrategy: normal, platform: WINDOWS, platformName: WINDOWS, proxy: Proxy(), setWindowRect: true, strictFileInteractability: false, timeouts: {implicit: 0, pageLoad: 300000, script: 30000}, unhandledPromptBehavior: dismiss and notify, webauthn:extension:credBlob: true, webauthn:extension:largeBlob: true, webauthn:extension:minPinLength: true, webauthn:extension:prf: true, webauthn:virtualAuthenticators: true}
Session ID: 5c98c84f1e98987a6378c65613fe2217
2024-01-25 23:02:34,604 [main] ERROR XGLT_15177_Test - Element did not become visible within the specified time: Expected condition failed: waiting for helper.WaitUtility$5@168c813c (tried for 30 second(s) with 500 milliseconds interval)
Build info: version: '3.141.59', revision: 'e82be7d358', time: '2018-11-14T08:17:03'
System info: host: 'DPLAP166', ip: '137.237.3.67', os.name: 'Windows 10', os.arch: 'amd64', os.version: '10.0', java.version: '19.0.1'
Driver info: org.openqa.selenium.support.events.EventFiringWebDriver
Capabilities {acceptInsecureCerts: true, browserName: chrome, browserVersion: 121.0.6167.86, chrome: {chromedriverVersion: 121.0.6167.85 (3f98d690ad7e..., userDataDir: C:\Users\dP-PL\AppData\Loca...}, fedcm:accounts: true, goog:chromeOptions: {debuggerAddress: localhost:56015}, javascriptEnabled: true, networkConnectionEnabled: false, pageLoadStrategy: normal, platform: WINDOWS, platformName: WINDOWS, proxy: Proxy(), setWindowRect: true, strictFileInteractability: false, timeouts: {implicit: 0, pageLoad: 300000, script: 30000}, unhandledPromptBehavior: dismiss and notify, webauthn:extension:credBlob: true, webauthn:extension:largeBlob: true, webauthn:extension:minPinLength: true, webauthn:extension:prf: true, webauthn:virtualAuthenticators: true}
Session ID: 5c98c84f1e98987a6378c65613fe2217
2024-01-25 23:02:34,604 [main] INFO  base.BaseClass - Trying to find Element By {by.toString()})
2024-01-25 23:02:34,624 [main] INFO  base.BaseClass - Found Element By {by.toString()}
2024-01-25 23:02:34,624 [main] INFO  base.BaseClass - Trying to click on: {element.toString()}
2024-01-25 23:02:34,756 [main] INFO  base.BaseClass - Clicked on: {element.toString()}
2024-01-25 23:02:34,756 [main] INFO  base.BaseClass - Trying to find Element By {by.toString()})
2024-01-25 23:02:34,769 [main] INFO  base.BaseClass - Found Element By {by.toString()}
2024-01-25 23:02:35,282 [main] INFO  base.BaseClass - Trying to find Element By {by.toString()})
2024-01-25 23:02:35,305 [main] INFO  base.BaseClass - Found Element By {by.toString()}
2024-01-25 23:02:35,839 [main] INFO  base.BaseClass - Trying to find Element By {by.toString()})
2024-01-25 23:02:35,862 [main] INFO  base.BaseClass - Found Element By {by.toString()}
2024-01-25 23:02:36,395 [main] INFO  base.BaseClass - Trying to find Element By {by.toString()})
2024-01-25 23:02:36,417 [main] INFO  base.BaseClass - Found Element By {by.toString()}
2024-01-25 23:02:36,949 [main] INFO  base.BaseClass - Trying to find Element By {by.toString()})
2024-01-25 23:02:36,973 [main] INFO  base.BaseClass - Found Element By {by.toString()}
2024-01-25 23:02:37,512 [main] INFO  base.BaseClass - Trying to find Element By {by.toString()})
2024-01-25 23:02:37,536 [main] INFO  base.BaseClass - Found Element By {by.toString()}
2024-01-25 23:02:38,073 [main] INFO  base.BaseClass - Trying to find Element By {by.toString()})
2024-01-25 23:02:38,096 [main] INFO  base.BaseClass - Found Element By {by.toString()}
2024-01-25 23:02:38,629 [main] INFO  base.BaseClass - Trying to find Element By {by.toString()})
2024-01-25 23:02:38,653 [main] INFO  base.BaseClass - Found Element By {by.toString()}
2024-01-25 23:02:39,190 [main] INFO  base.BaseClass - Trying to find Element By {by.toString()})
2024-01-25 23:02:39,215 [main] INFO  base.BaseClass - Found Element By {by.toString()}
2024-01-25 23:02:39,746 [main] INFO  base.BaseClass - Trying to find Element By {by.toString()})
2024-01-25 23:02:39,769 [main] INFO  base.BaseClass - Found Element By {by.toString()}
2024-01-25 23:02:40,294 [main] INFO  base.BaseClass - Trying to find Element By {by.toString()})
2024-01-25 23:02:40,318 [main] INFO  base.BaseClass - Found Element By {by.toString()}
2024-01-25 23:02:40,847 [main] INFO  base.BaseClass - Trying to find Element By {by.toString()})
2024-01-25 23:02:40,872 [main] INFO  base.BaseClass - Found Element By {by.toString()}
2024-01-25 23:02:41,403 [main] INFO  base.BaseClass - Trying to find Element By {by.toString()})
2024-01-25 23:02:41,427 [main] INFO  base.BaseClass - Found Element By {by.toString()}
2024-01-25 23:02:41,965 [main] INFO  base.BaseClass - Trying to find Element By {by.toString()})
2024-01-25 23:02:41,981 [main] INFO  base.BaseClass - Found Element By {by.toString()}
2024-01-25 23:02:42,506 [main] INFO  base.BaseClass - Trying to find Element By {by.toString()})
2024-01-25 23:02:42,530 [main] INFO  base.BaseClass - Found Element By {by.toString()}
2024-01-25 23:02:43,057 [main] INFO  base.BaseClass - Trying to find Element By {by.toString()})
2024-01-25 23:02:43,085 [main] INFO  base.BaseClass - Found Element By {by.toString()}
2024-01-25 23:02:43,623 [main] INFO  base.BaseClass - Trying to find Element By {by.toString()})
2024-01-25 23:02:43,647 [main] INFO  base.BaseClass - Found Element By {by.toString()}
2024-01-25 23:02:44,175 [main] INFO  base.BaseClass - Trying to find Element By {by.toString()})
2024-01-25 23:02:44,194 [main] INFO  base.BaseClass - Found Element By {by.toString()}
2024-01-25 23:02:44,728 [main] INFO  base.BaseClass - Trying to find Element By {by.toString()})
2024-01-25 23:02:44,752 [main] INFO  base.BaseClass - Found Element By {by.toString()}
2024-01-25 23:02:45,291 [main] INFO  base.BaseClass - Trying to find Element By {by.toString()})
2024-01-25 23:02:45,307 [main] INFO  base.BaseClass - Found Element By {by.toString()}
2024-01-25 23:02:45,832 [main] INFO  base.BaseClass - Trying to find Element By {by.toString()})
2024-01-25 23:02:45,856 [main] INFO  base.BaseClass - Found Element By {by.toString()}
2024-01-25 23:02:46,378 [main] INFO  base.BaseClass - Trying to find Element By {by.toString()})
2024-01-25 23:02:46,397 [main] INFO  base.BaseClass - Found Element By {by.toString()}
2024-01-25 23:02:46,927 [main] INFO  base.BaseClass - Trying to find Element By {by.toString()})
2024-01-25 23:02:46,944 [main] INFO  base.BaseClass - Found Element By {by.toString()}
2024-01-25 23:02:47,483 [main] INFO  base.BaseClass - Trying to find Element By {by.toString()})
2024-01-25 23:02:47,502 [main] INFO  base.BaseClass - Found Element By {by.toString()}
2024-01-25 23:02:48,030 [main] INFO  base.BaseClass - Trying to find Element By {by.toString()})
2024-01-25 23:02:48,057 [main] INFO  base.BaseClass - Found Element By {by.toString()}
2024-01-25 23:02:48,591 [main] INFO  base.BaseClass - Trying to find Element By {by.toString()})
2024-01-25 23:02:48,616 [main] INFO  base.BaseClass - Found Element By {by.toString()}
2024-01-25 23:02:49,167 [main] INFO  base.BaseClass - Trying to find Element By {by.toString()})
2024-01-25 23:02:49,188 [main] INFO  base.BaseClass - Found Element By {by.toString()}
2024-01-25 23:02:49,709 [main] INFO  base.BaseClass - Trying to find Element By {by.toString()})
2024-01-25 23:02:49,726 [main] INFO  base.BaseClass - Found Element By {by.toString()}
2024-01-25 23:02:50,254 [main] INFO  base.BaseClass - Trying to find Element By {by.toString()})
2024-01-25 23:02:50,277 [main] INFO  base.BaseClass - Found Element By {by.toString()}
2024-01-25 23:02:50,812 [main] INFO  base.BaseClass - Trying to find Element By {by.toString()})
2024-01-25 23:02:50,835 [main] INFO  base.BaseClass - Found Element By {by.toString()}
2024-01-25 23:02:51,371 [main] INFO  base.BaseClass - Trying to find Element By {by.toString()})
2024-01-25 23:02:51,396 [main] INFO  base.BaseClass - Found Element By {by.toString()}
2024-01-25 23:02:51,930 [main] INFO  base.BaseClass - Trying to find Element By {by.toString()})
2024-01-25 23:02:51,953 [main] INFO  base.BaseClass - Found Element By {by.toString()}
2024-01-25 23:02:52,479 [main] INFO  base.BaseClass - Trying to find Element By {by.toString()})
2024-01-25 23:02:52,499 [main] INFO  base.BaseClass - Found Element By {by.toString()}
2024-01-25 23:02:53,041 [main] INFO  base.BaseClass - Trying to find Element By {by.toString()})
2024-01-25 23:02:53,064 [main] INFO  base.BaseClass - Found Element By {by.toString()}
2024-01-25 23:02:53,598 [main] INFO  base.BaseClass - Trying to find Element By {by.toString()})
2024-01-25 23:02:53,636 [main] INFO  base.BaseClass - Found Element By {by.toString()}
2024-01-25 23:02:54,162 [main] INFO  base.BaseClass - Trying to find Element By {by.toString()})
2024-01-25 23:02:54,185 [main] INFO  base.BaseClass - Found Element By {by.toString()}
2024-01-25 23:02:54,710 [main] INFO  base.BaseClass - Trying to find Element By {by.toString()})
2024-01-25 23:02:54,731 [main] INFO  base.BaseClass - Found Element By {by.toString()}
2024-01-25 23:02:55,263 [main] INFO  base.BaseClass - Trying to find Element By {by.toString()})
2024-01-25 23:02:55,284 [main] INFO  base.BaseClass - Found Element By {by.toString()}
2024-01-25 23:02:55,816 [main] INFO  base.BaseClass - Trying to find Element By {by.toString()})
2024-01-25 23:02:55,836 [main] INFO  base.BaseClass - Found Element By {by.toString()}
2024-01-25 23:02:56,370 [main] INFO  base.BaseClass - Trying to find Element By {by.toString()})
2024-01-25 23:02:56,396 [main] INFO  base.BaseClass - Found Element By {by.toString()}
2024-01-25 23:02:56,928 [main] INFO  base.BaseClass - Trying to find Element By {by.toString()})
2024-01-25 23:02:56,951 [main] INFO  base.BaseClass - Found Element By {by.toString()}
2024-01-25 23:02:57,481 [main] INFO  base.BaseClass - Trying to find Element By {by.toString()})
2024-01-25 23:02:57,503 [main] INFO  base.BaseClass - Found Element By {by.toString()}
2024-01-25 23:02:58,036 [main] INFO  base.BaseClass - Trying to find Element By {by.toString()})
2024-01-25 23:02:58,048 [main] INFO  base.BaseClass - Found Element By {by.toString()}
2024-01-25 23:02:58,570 [main] INFO  base.BaseClass - Trying to find Element By {by.toString()})
2024-01-25 23:02:58,592 [main] INFO  base.BaseClass - Found Element By {by.toString()}
2024-01-25 23:02:59,112 [main] INFO  base.BaseClass - Trying to find Element By {by.toString()})
2024-01-25 23:02:59,135 [main] INFO  base.BaseClass - Found Element By {by.toString()}
2024-01-25 23:02:59,680 [main] INFO  base.BaseClass - Trying to find Element By {by.toString()})
2024-01-25 23:02:59,703 [main] INFO  base.BaseClass - Found Element By {by.toString()}
2024-01-25 23:03:00,231 [main] INFO  base.BaseClass - Trying to find Element By {by.toString()})
2024-01-25 23:03:00,253 [main] INFO  base.BaseClass - Found Element By {by.toString()}
2024-01-25 23:03:00,784 [main] INFO  base.BaseClass - Trying to find Element By {by.toString()})
2024-01-25 23:03:00,804 [main] INFO  base.BaseClass - Found Element By {by.toString()}
2024-01-25 23:03:01,348 [main] INFO  base.BaseClass - Trying to find Element By {by.toString()})
2024-01-25 23:03:01,370 [main] INFO  base.BaseClass - Found Element By {by.toString()}
2024-01-25 23:03:01,901 [main] INFO  base.BaseClass - Trying to find Element By {by.toString()})
2024-01-25 23:03:01,924 [main] INFO  base.BaseClass - Found Element By {by.toString()}
2024-01-25 23:03:02,451 [main] INFO  base.BaseClass - Trying to find Element By {by.toString()})
2024-01-25 23:03:02,475 [main] INFO  base.BaseClass - Found Element By {by.toString()}
2024-01-25 23:03:03,002 [main] INFO  base.BaseClass - Trying to find Element By {by.toString()})
2024-01-25 23:03:03,025 [main] INFO  base.BaseClass - Found Element By {by.toString()}
2024-01-25 23:03:03,561 [main] INFO  base.BaseClass - Trying to find Element By {by.toString()})
2024-01-25 23:03:03,583 [main] INFO  base.BaseClass - Found Element By {by.toString()}
2024-01-25 23:03:04,116 [main] INFO  base.BaseClass - Trying to find Element By {by.toString()})
2024-01-25 23:03:04,138 [main] INFO  base.BaseClass - Found Element By {by.toString()}
2024-01-25 23:03:04,669 [main] INFO  base.BaseClass - Trying to find Element By {by.toString()})
2024-01-25 23:03:04,678 [main] INFO  base.BaseClass - Found Element By {by.toString()}
2024-01-25 23:03:05,190 [main] INFO  base.BaseClass - Trying to find Element By {by.toString()})
2024-01-25 23:03:05,212 [main] INFO  base.BaseClass - Found Element By {by.toString()}
TimeoutException occurred: Expected condition failed: waiting for helper.WaitUtility$5@7e114cd8 (tried for 30 second(s) with 500 milliseconds interval)
Build info: version: '3.141.59', revision: 'e82be7d358', time: '2018-11-14T08:17:03'
System info: host: 'DPLAP166', ip: '137.237.3.67', os.name: 'Windows 10', os.arch: 'amd64', os.version: '10.0', java.version: '19.0.1'
Driver info: org.openqa.selenium.support.events.EventFiringWebDriver
Capabilities {acceptInsecureCerts: true, browserName: chrome, browserVersion: 121.0.6167.86, chrome: {chromedriverVersion: 121.0.6167.85 (3f98d690ad7e..., userDataDir: C:\Users\dP-PL\AppData\Loca...}, fedcm:accounts: true, goog:chromeOptions: {debuggerAddress: localhost:56015}, javascriptEnabled: true, networkConnectionEnabled: false, pageLoadStrategy: normal, platform: WINDOWS, platformName: WINDOWS, proxy: Proxy(), setWindowRect: true, strictFileInteractability: false, timeouts: {implicit: 0, pageLoad: 300000, script: 30000}, unhandledPromptBehavior: dismiss and notify, webauthn:extension:credBlob: true, webauthn:extension:largeBlob: true, webauthn:extension:minPinLength: true, webauthn:extension:prf: true, webauthn:virtualAuthenticators: true}
Session ID: 5c98c84f1e98987a6378c65613fe2217
2024-01-25 23:03:05,237 [main] ERROR XGLT_15177_Test - Element did not become visible within the specified time: Expected condition failed: waiting for helper.WaitUtility$5@7e114cd8 (tried for 30 second(s) with 500 milliseconds interval)
Build info: version: '3.141.59', revision: 'e82be7d358', time: '2018-11-14T08:17:03'
System info: host: 'DPLAP166', ip: '137.237.3.67', os.name: 'Windows 10', os.arch: 'amd64', os.version: '10.0', java.version: '19.0.1'
Driver info: org.openqa.selenium.support.events.EventFiringWebDriver
Capabilities {acceptInsecureCerts: true, browserName: chrome, browserVersion: 121.0.6167.86, chrome: {chromedriverVersion: 121.0.6167.85 (3f98d690ad7e..., userDataDir: C:\Users\dP-PL\AppData\Loca...}, fedcm:accounts: true, goog:chromeOptions: {debuggerAddress: localhost:56015}, javascriptEnabled: true, networkConnectionEnabled: false, pageLoadStrategy: normal, platform: WINDOWS, platformName: WINDOWS, proxy: Proxy(), setWindowRect: true, strictFileInteractability: false, timeouts: {implicit: 0, pageLoad: 300000, script: 30000}, unhandledPromptBehavior: dismiss and notify, webauthn:extension:credBlob: true, webauthn:extension:largeBlob: true, webauthn:extension:minPinLength: true, webauthn:extension:prf: true, webauthn:virtualAuthenticators: true}
Session ID: 5c98c84f1e98987a6378c65613fe2217
2024-01-25 23:03:05,237 [main] INFO  base.BaseClass - Trying to find Element By {by.toString()})
2024-01-25 23:03:05,253 [main] INFO  base.BaseClass - Found Element By {by.toString()}
2024-01-25 23:03:05,253 [main] INFO  base.BaseClass - Trying to click on: {element.toString()}
2024-01-25 23:03:05,464 [main] INFO  base.BaseClass - Clicked on: {element.toString()}
2024-01-25 23:03:05,464 [main] INFO  base.BaseClass - Trying to find Element By {by.toString()})
2024-01-25 23:03:05,483 [main] INFO  base.BaseClass - Found Element By {by.toString()}
2024-01-25 23:03:05,499 [main] INFO  base.BaseClass - Trying to find Element By {by.toString()})
2024-01-25 23:03:05,512 [main] INFO  base.BaseClass - Found Element By {by.toString()}
2024-01-25 23:03:06,030 [main] INFO  base.BaseClass - Trying to find Element By {by.toString()})
2024-01-25 23:03:06,056 [main] INFO  base.BaseClass - Found Element By {by.toString()}
2024-01-25 23:03:06,627 [main] INFO  base.BaseClass - Trying to find Element By {by.toString()})
2024-01-25 23:03:06,653 [main] INFO  base.BaseClass - Found Element By {by.toString()}
2024-01-25 23:03:07,179 [main] INFO  base.BaseClass - Trying to find Element By {by.toString()})
2024-01-25 23:03:07,205 [main] INFO  base.BaseClass - Found Element By {by.toString()}
2024-01-25 23:03:07,740 [main] INFO  base.BaseClass - Trying to find Element By {by.toString()})
2024-01-25 23:03:07,749 [main] INFO  base.BaseClass - Found Element By {by.toString()}
2024-01-25 23:03:08,262 [main] INFO  base.BaseClass - Trying to find Element By {by.toString()})
2024-01-25 23:03:08,271 [main] INFO  base.BaseClass - Found Element By {by.toString()}
2024-01-25 23:03:08,786 [main] INFO  base.BaseClass - Trying to find Element By {by.toString()})
2024-01-25 23:03:08,796 [main] INFO  base.BaseClass - Found Element By {by.toString()}
2024-01-25 23:03:09,311 [main] INFO  base.BaseClass - Trying to find Element By {by.toString()})
2024-01-25 23:03:09,338 [main] INFO  base.BaseClass - Found Element By {by.toString()}
2024-01-25 23:03:09,880 [main] INFO  base.BaseClass - Trying to find Element By {by.toString()})
2024-01-25 23:03:09,904 [main] INFO  base.BaseClass - Found Element By {by.toString()}
2024-01-25 23:03:10,441 [main] INFO  base.BaseClass - Trying to find Element By {by.toString()})
2024-01-25 23:03:10,466 [main] INFO  base.BaseClass - Found Element By {by.toString()}
2024-01-25 23:03:11,001 [main] INFO  base.BaseClass - Trying to find Element By {by.toString()})
2024-01-25 23:03:11,024 [main] INFO  base.BaseClass - Found Element By {by.toString()}
2024-01-25 23:03:11,556 [main] INFO  base.BaseClass - Trying to find Element By {by.toString()})
2024-01-25 23:03:11,580 [main] INFO  base.BaseClass - Found Element By {by.toString()}
2024-01-25 23:03:12,111 [main] INFO  base.BaseClass - Trying to find Element By {by.toString()})
2024-01-25 23:03:12,134 [main] INFO  base.BaseClass - Found Element By {by.toString()}
2024-01-25 23:03:12,668 [main] INFO  base.BaseClass - Trying to find Element By {by.toString()})
2024-01-25 23:03:12,691 [main] INFO  base.BaseClass - Found Element By {by.toString()}
2024-01-25 23:03:13,221 [main] INFO  base.BaseClass - Trying to find Element By {by.toString()})
2024-01-25 23:03:13,242 [main] INFO  base.BaseClass - Found Element By {by.toString()}
2024-01-25 23:03:13,773 [main] INFO  base.BaseClass - Trying to find Element By {by.toString()})
2024-01-25 23:03:13,796 [main] INFO  base.BaseClass - Found Element By {by.toString()}
2024-01-25 23:03:14,330 [main] INFO  base.BaseClass - Trying to find Element By {by.toString()})
2024-01-25 23:03:14,352 [main] INFO  base.BaseClass - Found Element By {by.toString()}
2024-01-25 23:03:14,886 [main] INFO  base.BaseClass - Trying to find Element By {by.toString()})
2024-01-25 23:03:14,910 [main] INFO  base.BaseClass - Found Element By {by.toString()}
2024-01-25 23:03:15,444 [main] INFO  base.BaseClass - Trying to find Element By {by.toString()})
2024-01-25 23:03:15,468 [main] INFO  base.BaseClass - Found Element By {by.toString()}
2024-01-25 23:03:16,001 [main] INFO  base.BaseClass - Trying to find Element By {by.toString()})
2024-01-25 23:03:16,024 [main] INFO  base.BaseClass - Found Element By {by.toString()}
2024-01-25 23:03:16,557 [main] INFO  base.BaseClass - Trying to find Element By {by.toString()})
2024-01-25 23:03:16,581 [main] INFO  base.BaseClass - Found Element By {by.toString()}
2024-01-25 23:03:17,115 [main] INFO  base.BaseClass - Trying to find Element By {by.toString()})
2024-01-25 23:03:17,138 [main] INFO  base.BaseClass - Found Element By {by.toString()}
2024-01-25 23:03:17,684 [main] INFO  base.BaseClass - Trying to find Element By {by.toString()})
2024-01-25 23:03:17,708 [main] INFO  base.BaseClass - Found Element By {by.toString()}
2024-01-25 23:03:18,235 [main] INFO  base.BaseClass - Trying to find Element By {by.toString()})
2024-01-25 23:03:18,247 [main] INFO  base.BaseClass - Found Element By {by.toString()}
2024-01-25 23:03:18,772 [main] INFO  base.BaseClass - Trying to find Element By {by.toString()})
2024-01-25 23:03:18,794 [main] INFO  base.BaseClass - Found Element By {by.toString()}
2024-01-25 23:03:19,325 [main] INFO  base.BaseClass - Trying to find Element By {by.toString()})
2024-01-25 23:03:19,348 [main] INFO  base.BaseClass - Found Element By {by.toString()}
2024-01-25 23:03:19,869 [main] INFO  base.BaseClass - Trying to find Element By {by.toString()})
2024-01-25 23:03:19,892 [main] INFO  base.BaseClass - Found Element By {by.toString()}
2024-01-25 23:03:20,423 [main] INFO  base.BaseClass - Trying to find Element By {by.toString()})
2024-01-25 23:03:20,447 [main] INFO  base.BaseClass - Found Element By {by.toString()}
2024-01-25 23:03:20,988 [main] INFO  base.BaseClass - Trying to find Element By {by.toString()})
2024-01-25 23:03:21,011 [main] INFO  base.BaseClass - Found Element By {by.toString()}
2024-01-25 23:03:21,541 [main] INFO  base.BaseClass - Trying to find Element By {by.toString()})
2024-01-25 23:03:21,564 [main] INFO  base.BaseClass - Found Element By {by.toString()}
2024-01-25 23:03:22,080 [main] INFO  base.BaseClass - Trying to find Element By {by.toString()})
2024-01-25 23:03:22,103 [main] INFO  base.BaseClass - Found Element By {by.toString()}
2024-01-25 23:03:22,630 [main] INFO  base.BaseClass - Trying to find Element By {by.toString()})
2024-01-25 23:03:22,652 [main] INFO  base.BaseClass - Found Element By {by.toString()}
2024-01-25 23:03:23,177 [main] INFO  base.BaseClass - Trying to find Element By {by.toString()})
2024-01-25 23:03:23,200 [main] INFO  base.BaseClass - Found Element By {by.toString()}
2024-01-25 23:03:23,733 [main] INFO  base.BaseClass - Trying to find Element By {by.toString()})
2024-01-25 23:03:23,754 [main] INFO  base.BaseClass - Found Element By {by.toString()}
2024-01-25 23:03:24,279 [main] INFO  base.BaseClass - Trying to find Element By {by.toString()})
2024-01-25 23:03:24,302 [main] INFO  base.BaseClass - Found Element By {by.toString()}
2024-01-25 23:03:24,835 [main] INFO  base.BaseClass - Trying to find Element By {by.toString()})
2024-01-25 23:03:24,858 [main] INFO  base.BaseClass - Found Element By {by.toString()}
2024-01-25 23:03:25,396 [main] INFO  base.BaseClass - Trying to find Element By {by.toString()})
2024-01-25 23:03:25,415 [main] INFO  base.BaseClass - Found Element By {by.toString()}
2024-01-25 23:03:25,959 [main] INFO  base.BaseClass - Trying to find Element By {by.toString()})
2024-01-25 23:03:25,983 [main] INFO  base.BaseClass - Found Element By {by.toString()}
2024-01-25 23:03:26,519 [main] INFO  base.BaseClass - Trying to find Element By {by.toString()})
2024-01-25 23:03:26,543 [main] INFO  base.BaseClass - Found Element By {by.toString()}
2024-01-25 23:03:27,079 [main] INFO  base.BaseClass - Trying to find Element By {by.toString()})
2024-01-25 23:03:27,102 [main] INFO  base.BaseClass - Found Element By {by.toString()}
2024-01-25 23:03:27,629 [main] INFO  base.BaseClass - Trying to find Element By {by.toString()})
2024-01-25 23:03:27,656 [main] INFO  base.BaseClass - Found Element By {by.toString()}
2024-01-25 23:03:28,189 [main] INFO  base.BaseClass - Trying to find Element By {by.toString()})
2024-01-25 23:03:28,214 [main] INFO  base.BaseClass - Found Element By {by.toString()}
2024-01-25 23:03:28,754 [main] INFO  base.BaseClass - Trying to find Element By {by.toString()})
2024-01-25 23:03:28,778 [main] INFO  base.BaseClass - Found Element By {by.toString()}
2024-01-25 23:03:29,315 [main] INFO  base.BaseClass - Trying to find Element By {by.toString()})
2024-01-25 23:03:29,337 [main] INFO  base.BaseClass - Found Element By {by.toString()}
2024-01-25 23:03:29,866 [main] INFO  base.BaseClass - Trying to find Element By {by.toString()})
2024-01-25 23:03:29,890 [main] INFO  base.BaseClass - Found Element By {by.toString()}
2024-01-25 23:03:30,426 [main] INFO  base.BaseClass - Trying to find Element By {by.toString()})
2024-01-25 23:03:30,449 [main] INFO  base.BaseClass - Found Element By {by.toString()}
2024-01-25 23:03:30,976 [main] INFO  base.BaseClass - Trying to find Element By {by.toString()})
2024-01-25 23:03:30,997 [main] INFO  base.BaseClass - Found Element By {by.toString()}
2024-01-25 23:03:31,530 [main] INFO  base.BaseClass - Trying to find Element By {by.toString()})
2024-01-25 23:03:31,554 [main] INFO  base.BaseClass - Found Element By {by.toString()}
2024-01-25 23:03:32,097 [main] INFO  base.BaseClass - Trying to find Element By {by.toString()})
2024-01-25 23:03:32,118 [main] INFO  base.BaseClass - Found Element By {by.toString()}
2024-01-25 23:03:32,647 [main] INFO  base.BaseClass - Trying to find Element By {by.toString()})
2024-01-25 23:03:32,671 [main] INFO  base.BaseClass - Found Element By {by.toString()}
2024-01-25 23:03:33,203 [main] INFO  base.BaseClass - Trying to find Element By {by.toString()})
2024-01-25 23:03:33,225 [main] INFO  base.BaseClass - Found Element By {by.toString()}
2024-01-25 23:03:33,748 [main] INFO  base.BaseClass - Trying to find Element By {by.toString()})
2024-01-25 23:03:33,771 [main] INFO  base.BaseClass - Found Element By {by.toString()}
2024-01-25 23:03:34,315 [main] INFO  base.BaseClass - Trying to find Element By {by.toString()})
2024-01-25 23:03:34,337 [main] INFO  base.BaseClass - Found Element By {by.toString()}
2024-01-25 23:03:34,864 [main] INFO  base.BaseClass - Trying to find Element By {by.toString()})
2024-01-25 23:03:34,887 [main] INFO  base.BaseClass - Found Element By {by.toString()}
2024-01-25 23:03:35,423 [main] INFO  base.BaseClass - Trying to find Element By {by.toString()})
2024-01-25 23:03:35,445 [main] INFO  base.BaseClass - Found Element By {by.toString()}
2024-01-25 23:03:35,975 [main] INFO  base.BaseClass - Trying to find Element By {by.toString()})
2024-01-25 23:03:35,998 [main] INFO  base.BaseClass - Found Element By {by.toString()}
TimeoutException occurred: Expected condition failed: waiting for helper.WaitUtility$5@14743a59 (tried for 30 second(s) with 500 milliseconds interval)
Build info: version: '3.141.59', revision: 'e82be7d358', time: '2018-11-14T08:17:03'
System info: host: 'DPLAP166', ip: '137.237.3.67', os.name: 'Windows 10', os.arch: 'amd64', os.version: '10.0', java.version: '19.0.1'
Driver info: org.openqa.selenium.support.events.EventFiringWebDriver
Capabilities {acceptInsecureCerts: true, browserName: chrome, browserVersion: 121.0.6167.86, chrome: {chromedriverVersion: 121.0.6167.85 (3f98d690ad7e..., userDataDir: C:\Users\dP-PL\AppData\Loca...}, fedcm:accounts: true, goog:chromeOptions: {debuggerAddress: localhost:56015}, javascriptEnabled: true, networkConnectionEnabled: false, pageLoadStrategy: normal, platform: WINDOWS, platformName: WINDOWS, proxy: Proxy(), setWindowRect: true, strictFileInteractability: false, timeouts: {implicit: 0, pageLoad: 300000, script: 30000}, unhandledPromptBehavior: dismiss and notify, webauthn:extension:credBlob: true, webauthn:extension:largeBlob: true, webauthn:extension:minPinLength: true, webauthn:extension:prf: true, webauthn:virtualAuthenticators: true}
Session ID: 5c98c84f1e98987a6378c65613fe2217
2024-01-25 23:03:36,029 [main] ERROR XGLT_15177_Test - Element did not become visible within the specified time: Expected condition failed: waiting for helper.WaitUtility$5@14743a59 (tried for 30 second(s) with 500 milliseconds interval)
Build info: version: '3.141.59', revision: 'e82be7d358', time: '2018-11-14T08:17:03'
System info: host: 'DPLAP166', ip: '137.237.3.67', os.name: 'Windows 10', os.arch: 'amd64', os.version: '10.0', java.version: '19.0.1'
Driver info: org.openqa.selenium.support.events.EventFiringWebDriver
Capabilities {acceptInsecureCerts: true, browserName: chrome, browserVersion: 121.0.6167.86, chrome: {chromedriverVersion: 121.0.6167.85 (3f98d690ad7e..., userDataDir: C:\Users\dP-PL\AppData\Loca...}, fedcm:accounts: true, goog:chromeOptions: {debuggerAddress: localhost:56015}, javascriptEnabled: true, networkConnectionEnabled: false, pageLoadStrategy: normal, platform: WINDOWS, platformName: WINDOWS, proxy: Proxy(), setWindowRect: true, strictFileInteractability: false, timeouts: {implicit: 0, pageLoad: 300000, script: 30000}, unhandledPromptBehavior: dismiss and notify, webauthn:extension:credBlob: true, webauthn:extension:largeBlob: true, webauthn:extension:minPinLength: true, webauthn:extension:prf: true, webauthn:virtualAuthenticators: true}
Session ID: 5c98c84f1e98987a6378c65613fe2217
2024-01-25 23:03:36,029 [main] INFO  base.BaseClass - Trying to find Element By {by.toString()})
2024-01-25 23:03:36,048 [main] INFO  base.BaseClass - Found Element By {by.toString()}
2024-01-25 23:03:36,048 [main] INFO  base.BaseClass - Trying to click on: {element.toString()}
2024-01-25 23:03:36,230 [main] INFO  base.BaseClass - Clicked on: {element.toString()}
2024-01-25 23:03:36,230 [main] INFO  base.BaseClass - Trying to find Element By {by.toString()})
2024-01-25 23:03:36,245 [main] INFO  base.BaseClass - Found Element By {by.toString()}
2024-01-25 23:03:36,766 [main] INFO  base.BaseClass - Trying to find Element By {by.toString()})
2024-01-25 23:03:36,789 [main] INFO  base.BaseClass - Found Element By {by.toString()}
2024-01-25 23:03:37,323 [main] INFO  base.BaseClass - Trying to find Element By {by.toString()})
2024-01-25 23:03:37,348 [main] INFO  base.BaseClass - Found Element By {by.toString()}
2024-01-25 23:03:37,884 [main] INFO  base.BaseClass - Trying to find Element By {by.toString()})
2024-01-25 23:03:37,904 [main] INFO  base.BaseClass - Found Element By {by.toString()}
2024-01-25 23:03:38,434 [main] INFO  base.BaseClass - Trying to find Element By {by.toString()})
2024-01-25 23:03:38,457 [main] INFO  base.BaseClass - Found Element By {by.toString()}
2024-01-25 23:03:38,992 [main] INFO  base.BaseClass - Trying to find Element By {by.toString()})
2024-01-25 23:03:39,016 [main] INFO  base.BaseClass - Found Element By {by.toString()}
2024-01-25 23:03:39,551 [main] INFO  base.BaseClass - Trying to find Element By {by.toString()})
2024-01-25 23:03:39,572 [main] INFO  base.BaseClass - Found Element By {by.toString()}
2024-01-25 23:03:40,102 [main] INFO  base.BaseClass - Trying to find Element By {by.toString()})
2024-01-25 23:03:40,127 [main] INFO  base.BaseClass - Found Element By {by.toString()}
2024-01-25 23:03:40,662 [main] INFO  base.BaseClass - Trying to find Element By {by.toString()})
2024-01-25 23:03:40,687 [main] INFO  base.BaseClass - Found Element By {by.toString()}
2024-01-25 23:03:41,222 [main] INFO  base.BaseClass - Trying to find Element By {by.toString()})
2024-01-25 23:03:41,246 [main] INFO  base.BaseClass - Found Element By {by.toString()}
2024-01-25 23:03:41,788 [main] INFO  base.BaseClass - Trying to find Element By {by.toString()})
2024-01-25 23:03:41,811 [main] INFO  base.BaseClass - Found Element By {by.toString()}
2024-01-25 23:03:42,357 [main] INFO  base.BaseClass - Trying to find Element By {by.toString()})
2024-01-25 23:03:42,380 [main] INFO  base.BaseClass - Found Element By {by.toString()}
2024-01-25 23:03:42,911 [main] INFO  base.BaseClass - Trying to find Element By {by.toString()})
2024-01-25 23:03:42,930 [main] INFO  base.BaseClass - Found Element By {by.toString()}
2024-01-25 23:03:43,462 [main] INFO  base.BaseClass - Trying to find Element By {by.toString()})
2024-01-25 23:03:43,486 [main] INFO  base.BaseClass - Found Element By {by.toString()}
2024-01-25 23:03:44,014 [main] INFO  base.BaseClass - Trying to find Element By {by.toString()})
2024-01-25 23:03:44,036 [main] INFO  base.BaseClass - Found Element By {by.toString()}
2024-01-25 23:03:44,556 [main] INFO  base.BaseClass - Trying to find Element By {by.toString()})
2024-01-25 23:03:44,577 [main] INFO  base.BaseClass - Found Element By {by.toString()}
2024-01-25 23:03:45,112 [main] INFO  base.BaseClass - Trying to find Element By {by.toString()})
2024-01-25 23:03:45,135 [main] INFO  base.BaseClass - Found Element By {by.toString()}
2024-01-25 23:03:45,672 [main] INFO  base.BaseClass - Trying to find Element By {by.toString()})
2024-01-25 23:03:45,696 [main] INFO  base.BaseClass - Found Element By {by.toString()}
2024-01-25 23:03:46,234 [main] INFO  base.BaseClass - Trying to find Element By {by.toString()})
2024-01-25 23:03:46,255 [main] INFO  base.BaseClass - Found Element By {by.toString()}
2024-01-25 23:03:46,791 [main] INFO  base.BaseClass - Trying to find Element By {by.toString()})
2024-01-25 23:03:46,814 [main] INFO  base.BaseClass - Found Element By {by.toString()}
2024-01-25 23:03:47,347 [main] INFO  base.BaseClass - Trying to find Element By {by.toString()})
2024-01-25 23:03:47,363 [main] INFO  base.BaseClass - Found Element By {by.toString()}
2024-01-25 23:03:47,889 [main] INFO  base.BaseClass - Trying to find Element By {by.toString()})
2024-01-25 23:03:47,912 [main] INFO  base.BaseClass - Found Element By {by.toString()}
2024-01-25 23:03:48,445 [main] INFO  base.BaseClass - Trying to find Element By {by.toString()})
2024-01-25 23:03:48,466 [main] INFO  base.BaseClass - Found Element By {by.toString()}
2024-01-25 23:03:48,998 [main] INFO  base.BaseClass - Trying to find Element By {by.toString()})
2024-01-25 23:03:49,018 [main] INFO  base.BaseClass - Found Element By {by.toString()}
2024-01-25 23:03:49,545 [main] INFO  base.BaseClass - Trying to find Element By {by.toString()})
2024-01-25 23:03:49,571 [main] INFO  base.BaseClass - Found Element By {by.toString()}
2024-01-25 23:03:50,113 [main] INFO  base.BaseClass - Trying to find Element By {by.toString()})
2024-01-25 23:03:50,135 [main] INFO  base.BaseClass - Found Element By {by.toString()}
2024-01-25 23:03:50,663 [main] INFO  base.BaseClass - Trying to find Element By {by.toString()})
2024-01-25 23:03:50,687 [main] INFO  base.BaseClass - Found Element By {by.toString()}
2024-01-25 23:03:51,222 [main] INFO  base.BaseClass - Trying to find Element By {by.toString()})
2024-01-25 23:03:51,245 [main] INFO  base.BaseClass - Found Element By {by.toString()}
2024-01-25 23:03:51,773 [main] INFO  base.BaseClass - Trying to find Element By {by.toString()})
2024-01-25 23:03:51,795 [main] INFO  base.BaseClass - Found Element By {by.toString()}
2024-01-25 23:03:52,341 [main] INFO  base.BaseClass - Trying to find Element By {by.toString()})
2024-01-25 23:03:52,363 [main] INFO  base.BaseClass - Found Element By {by.toString()}
2024-01-25 23:03:52,907 [main] INFO  base.BaseClass - Trying to find Element By {by.toString()})
2024-01-25 23:03:52,929 [main] INFO  base.BaseClass - Found Element By {by.toString()}
2024-01-25 23:03:53,449 [main] INFO  base.BaseClass - Trying to find Element By {by.toString()})
2024-01-25 23:03:53,472 [main] INFO  base.BaseClass - Found Element By {by.toString()}
2024-01-25 23:03:54,005 [main] INFO  base.BaseClass - Trying to find Element By {by.toString()})
2024-01-25 23:03:54,028 [main] INFO  base.BaseClass - Found Element By {by.toString()}
2024-01-25 23:03:54,570 [main] INFO  base.BaseClass - Trying to find Element By {by.toString()})
2024-01-25 23:03:54,593 [main] INFO  base.BaseClass - Found Element By {by.toString()}
2024-01-25 23:03:55,123 [main] INFO  base.BaseClass - Trying to find Element By {by.toString()})
2024-01-25 23:03:55,142 [main] INFO  base.BaseClass - Found Element By {by.toString()}
2024-01-25 23:03:55,670 [main] INFO  base.BaseClass - Trying to find Element By {by.toString()})
2024-01-25 23:03:55,692 [main] INFO  base.BaseClass - Found Element By {by.toString()}
2024-01-25 23:03:56,225 [main] INFO  base.BaseClass - Trying to find Element By {by.toString()})
2024-01-25 23:03:56,244 [main] INFO  base.BaseClass - Found Element By {by.toString()}
2024-01-25 23:03:56,776 [main] INFO  base.BaseClass - Trying to find Element By {by.toString()})
2024-01-25 23:03:56,799 [main] INFO  base.BaseClass - Found Element By {by.toString()}
2024-01-25 23:03:57,333 [main] INFO  base.BaseClass - Trying to find Element By {by.toString()})
2024-01-25 23:03:57,352 [main] INFO  base.BaseClass - Found Element By {by.toString()}
2024-01-25 23:03:57,885 [main] INFO  base.BaseClass - Trying to find Element By {by.toString()})
2024-01-25 23:03:57,908 [main] INFO  base.BaseClass - Found Element By {by.toString()}
2024-01-25 23:03:58,435 [main] INFO  base.BaseClass - Trying to find Element By {by.toString()})
2024-01-25 23:03:58,457 [main] INFO  base.BaseClass - Found Element By {by.toString()}
2024-01-25 23:03:58,986 [main] INFO  base.BaseClass - Trying to find Element By {by.toString()})
2024-01-25 23:03:59,009 [main] INFO  base.BaseClass - Found Element By {by.toString()}
2024-01-25 23:03:59,540 [main] INFO  base.BaseClass - Trying to find Element By {by.toString()})
2024-01-25 23:03:59,562 [main] INFO  base.BaseClass - Found Element By {by.toString()}
2024-01-25 23:04:00,091 [main] INFO  base.BaseClass - Trying to find Element By {by.toString()})
2024-01-25 23:04:00,112 [main] INFO  base.BaseClass - Found Element By {by.toString()}
2024-01-25 23:04:00,645 [main] INFO  base.BaseClass - Trying to find Element By {by.toString()})
2024-01-25 23:04:00,662 [main] INFO  base.BaseClass - Found Element By {by.toString()}
2024-01-25 23:04:01,190 [main] INFO  base.BaseClass - Trying to find Element By {by.toString()})
2024-01-25 23:04:01,211 [main] INFO  base.BaseClass - Found Element By {by.toString()}
2024-01-25 23:04:01,745 [main] INFO  base.BaseClass - Trying to find Element By {by.toString()})
2024-01-25 23:04:01,767 [main] INFO  base.BaseClass - Found Element By {by.toString()}
2024-01-25 23:04:02,299 [main] INFO  base.BaseClass - Trying to find Element By {by.toString()})
2024-01-25 23:04:02,314 [main] INFO  base.BaseClass - Found Element By {by.toString()}
2024-01-25 23:04:02,840 [main] INFO  base.BaseClass - Trying to find Element By {by.toString()})
2024-01-25 23:04:02,857 [main] INFO  base.BaseClass - Found Element By {by.toString()}
2024-01-25 23:04:03,382 [main] INFO  base.BaseClass - Trying to find Element By {by.toString()})
2024-01-25 23:04:03,398 [main] INFO  base.BaseClass - Found Element By {by.toString()}
2024-01-25 23:04:03,926 [main] INFO  base.BaseClass - Trying to find Element By {by.toString()})
2024-01-25 23:04:03,942 [main] INFO  base.BaseClass - Found Element By {by.toString()}
2024-01-25 23:04:04,471 [main] INFO  base.BaseClass - Trying to find Element By {by.toString()})
2024-01-25 23:04:04,491 [main] INFO  base.BaseClass - Found Element By {by.toString()}
2024-01-25 23:04:05,035 [main] INFO  base.BaseClass - Trying to find Element By {by.toString()})
2024-01-25 23:04:05,055 [main] INFO  base.BaseClass - Found Element By {by.toString()}
2024-01-25 23:04:05,584 [main] INFO  base.BaseClass - Trying to find Element By {by.toString()})
2024-01-25 23:04:05,606 [main] INFO  base.BaseClass - Found Element By {by.toString()}
2024-01-25 23:04:06,136 [main] INFO  base.BaseClass - Trying to find Element By {by.toString()})
2024-01-25 23:04:06,155 [main] INFO  base.BaseClass - Found Element By {by.toString()}
2024-01-25 23:04:06,687 [main] INFO  base.BaseClass - Trying to find Element By {by.toString()})
2024-01-25 23:04:06,710 [main] INFO  base.BaseClass - Found Element By {by.toString()}
TimeoutException occurred: Expected condition failed: waiting for helper.WaitUtility$5@45bc1b1f (tried for 30 second(s) with 500 milliseconds interval)
Build info: version: '3.141.59', revision: 'e82be7d358', time: '2018-11-14T08:17:03'
System info: host: 'DPLAP166', ip: '137.237.3.67', os.name: 'Windows 10', os.arch: 'amd64', os.version: '10.0', java.version: '19.0.1'
Driver info: org.openqa.selenium.support.events.EventFiringWebDriver
Capabilities {acceptInsecureCerts: true, browserName: chrome, browserVersion: 121.0.6167.86, chrome: {chromedriverVersion: 121.0.6167.85 (3f98d690ad7e..., userDataDir: C:\Users\dP-PL\AppData\Loca...}, fedcm:accounts: true, goog:chromeOptions: {debuggerAddress: localhost:56015}, javascriptEnabled: true, networkConnectionEnabled: false, pageLoadStrategy: normal, platform: WINDOWS, platformName: WINDOWS, proxy: Proxy(), setWindowRect: true, strictFileInteractability: false, timeouts: {implicit: 0, pageLoad: 300000, script: 30000}, unhandledPromptBehavior: dismiss and notify, webauthn:extension:credBlob: true, webauthn:extension:largeBlob: true, webauthn:extension:minPinLength: true, webauthn:extension:prf: true, webauthn:virtualAuthenticators: true}
Session ID: 5c98c84f1e98987a6378c65613fe2217
2024-01-25 23:04:06,740 [main] ERROR XGLT_15177_Test - Element did not become visible within the specified time: Expected condition failed: waiting for helper.WaitUtility$5@45bc1b1f (tried for 30 second(s) with 500 milliseconds interval)
Build info: version: '3.141.59', revision: 'e82be7d358', time: '2018-11-14T08:17:03'
System info: host: 'DPLAP166', ip: '137.237.3.67', os.name: 'Windows 10', os.arch: 'amd64', os.version: '10.0', java.version: '19.0.1'
Driver info: org.openqa.selenium.support.events.EventFiringWebDriver
Capabilities {acceptInsecureCerts: true, browserName: chrome, browserVersion: 121.0.6167.86, chrome: {chromedriverVersion: 121.0.6167.85 (3f98d690ad7e..., userDataDir: C:\Users\dP-PL\AppData\Loca...}, fedcm:accounts: true, goog:chromeOptions: {debuggerAddress: localhost:56015}, javascriptEnabled: true, networkConnectionEnabled: false, pageLoadStrategy: normal, platform: WINDOWS, platformName: WINDOWS, proxy: Proxy(), setWindowRect: true, strictFileInteractability: false, timeouts: {implicit: 0, pageLoad: 300000, script: 30000}, unhandledPromptBehavior: dismiss and notify, webauthn:extension:credBlob: true, webauthn:extension:largeBlob: true, webauthn:extension:minPinLength: true, webauthn:extension:prf: true, webauthn:virtualAuthenticators: true}
Session ID: 5c98c84f1e98987a6378c65613fe2217
2024-01-25 23:04:06,740 [main] INFO  base.BaseClass - Trying to find Element By {by.toString()})
2024-01-25 23:04:06,759 [main] INFO  base.BaseClass - Found Element By {by.toString()}
2024-01-25 23:04:06,759 [main] INFO  base.BaseClass - Trying to click on: {element.toString()}
2024-01-25 23:04:06,950 [main] INFO  base.BaseClass - Clicked on: {element.toString()}
2024-01-25 23:04:06,950 [main] INFO  base.BaseClass - Trying to find Element By {by.toString()})
2024-01-25 23:04:06,971 [main] INFO  base.BaseClass - Found Element By {by.toString()}
2024-01-25 23:04:06,985 [main] INFO  base.BaseClass - Trying to find Element By {by.toString()})
2024-01-25 23:04:06,996 [main] INFO  base.BaseClass - Found Element By {by.toString()}
2024-01-25 23:04:07,008 [main] INFO  base.BaseClass - Trying to find Element By {by.toString()})
2024-01-25 23:04:07,016 [main] INFO  base.BaseClass - Found Element By {by.toString()}
2024-01-25 23:04:07,017 [main] INFO  base.BaseClass - Trying to click on: {element.toString()}
2024-01-25 23:04:07,074 [main] INFO  base.BaseClass - Clicked on: {element.toString()}
2024-01-25 23:04:07,075 [main] INFO  base.BaseClass - Trying to find Element By {by.toString()})
2024-01-25 23:04:07,087 [main] INFO  base.BaseClass - Found Element By {by.toString()}
2024-01-25 23:04:07,151 [main] INFO  base.BaseClass - Trying to find Element By {by.toString()})
2024-01-25 23:04:07,176 [main] INFO  base.BaseClass - Found Element By {by.toString()}
2024-01-25 23:04:07,199 [main] INFO  base.BaseClass - Trying to find Element By {by.toString()})
2024-01-25 23:04:07,216 [main] INFO  base.BaseClass - Found Element By {by.toString()}
2024-01-25 23:04:07,232 [main] INFO  base.BaseClass - Trying to find Element By {by.toString()})
2024-01-25 23:04:07,249 [main] INFO  base.BaseClass - Found Element By {by.toString()}
2024-01-25 23:04:07,250 [main] INFO  base.BaseClass - Trying to click on: {element.toString()}
2024-01-25 23:04:07,328 [main] INFO  base.BaseClass - Clicked on: {element.toString()}
2024-01-25 23:04:07,328 [main] INFO  base.BaseClass - Trying to find Element By {by.toString()})
2024-01-25 23:04:07,338 [main] INFO  base.BaseClass - Found Element By {by.toString()}
2024-01-25 23:04:07,384 [main] INFO  base.BaseClass - Trying to find Element By {by.toString()})
2024-01-25 23:04:07,396 [main] INFO  base.BaseClass - Found Element By {by.toString()}
2024-01-25 23:04:07,932 [main] INFO  base.BaseClass - Trying to find Element By {by.toString()})
2024-01-25 23:04:07,957 [main] INFO  base.BaseClass - Found Element By {by.toString()}
2024-01-25 23:04:08,494 [main] INFO  base.BaseClass - Trying to find Element By {by.toString()})
2024-01-25 23:04:08,511 [main] INFO  base.BaseClass - Found Element By {by.toString()}
2024-01-25 23:04:09,039 [main] INFO  base.BaseClass - Trying to find Element By {by.toString()})
2024-01-25 23:04:09,059 [main] INFO  base.BaseClass - Found Element By {by.toString()}
2024-01-25 23:04:09,583 [main] INFO  base.BaseClass - Trying to find Element By {by.toString()})
2024-01-25 23:04:09,600 [main] INFO  base.BaseClass - Found Element By {by.toString()}
2024-01-25 23:04:10,124 [main] INFO  base.BaseClass - Trying to find Element By {by.toString()})
2024-01-25 23:04:10,145 [main] INFO  base.BaseClass - Found Element By {by.toString()}
2024-01-25 23:04:10,682 [main] INFO  base.BaseClass - Trying to find Element By {by.toString()})
2024-01-25 23:04:10,705 [main] INFO  base.BaseClass - Found Element By {by.toString()}
2024-01-25 23:04:11,238 [main] INFO  base.BaseClass - Trying to find Element By {by.toString()})
2024-01-25 23:04:11,261 [main] INFO  base.BaseClass - Found Element By {by.toString()}
2024-01-25 23:04:11,795 [main] INFO  base.BaseClass - Trying to find Element By {by.toString()})
2024-01-25 23:04:11,818 [main] INFO  base.BaseClass - Found Element By {by.toString()}
2024-01-25 23:04:12,352 [main] INFO  base.BaseClass - Trying to find Element By {by.toString()})
2024-01-25 23:04:12,373 [main] INFO  base.BaseClass - Found Element By {by.toString()}
2024-01-25 23:04:12,900 [main] INFO  base.BaseClass - Trying to find Element By {by.toString()})
2024-01-25 23:04:12,924 [main] INFO  base.BaseClass - Found Element By {by.toString()}
2024-01-25 23:04:13,457 [main] INFO  base.BaseClass - Trying to find Element By {by.toString()})
2024-01-25 23:04:13,480 [main] INFO  base.BaseClass - Found Element By {by.toString()}
2024-01-25 23:04:14,007 [main] INFO  base.BaseClass - Trying to find Element By {by.toString()})
2024-01-25 23:04:14,030 [main] INFO  base.BaseClass - Found Element By {by.toString()}
2024-01-25 23:04:14,563 [main] INFO  base.BaseClass - Trying to find Element By {by.toString()})
2024-01-25 23:04:14,585 [main] INFO  base.BaseClass - Found Element By {by.toString()}
2024-01-25 23:04:15,115 [main] INFO  base.BaseClass - Trying to find Element By {by.toString()})
2024-01-25 23:04:15,140 [main] INFO  base.BaseClass - Found Element By {by.toString()}
2024-01-25 23:04:15,685 [main] INFO  base.BaseClass - Trying to find Element By {by.toString()})
2024-01-25 23:04:15,709 [main] INFO  base.BaseClass - Found Element By {by.toString()}
2024-01-25 23:04:16,240 [main] INFO  base.BaseClass - Trying to find Element By {by.toString()})
2024-01-25 23:04:16,262 [main] INFO  base.BaseClass - Found Element By {by.toString()}
2024-01-25 23:04:16,793 [main] INFO  base.BaseClass - Trying to find Element By {by.toString()})
2024-01-25 23:04:16,815 [main] INFO  base.BaseClass - Found Element By {by.toString()}
2024-01-25 23:04:17,348 [main] INFO  base.BaseClass - Trying to find Element By {by.toString()})
2024-01-25 23:04:17,374 [main] INFO  base.BaseClass - Found Element By {by.toString()}
2024-01-25 23:04:17,914 [main] INFO  base.BaseClass - Trying to find Element By {by.toString()})
2024-01-25 23:04:17,936 [main] INFO  base.BaseClass - Found Element By {by.toString()}
2024-01-25 23:04:18,471 [main] INFO  base.BaseClass - Trying to find Element By {by.toString()})
2024-01-25 23:04:18,495 [main] INFO  base.BaseClass - Found Element By {by.toString()}
2024-01-25 23:04:19,028 [main] INFO  base.BaseClass - Trying to find Element By {by.toString()})
2024-01-25 23:04:19,049 [main] INFO  base.BaseClass - Found Element By {by.toString()}
2024-01-25 23:04:19,576 [main] INFO  base.BaseClass - Trying to find Element By {by.toString()})
2024-01-25 23:04:19,602 [main] INFO  base.BaseClass - Found Element By {by.toString()}
2024-01-25 23:04:20,142 [main] INFO  base.BaseClass - Trying to find Element By {by.toString()})
2024-01-25 23:04:20,164 [main] INFO  base.BaseClass - Found Element By {by.toString()}
2024-01-25 23:04:20,709 [main] INFO  base.BaseClass - Trying to find Element By {by.toString()})
2024-01-25 23:04:20,731 [main] INFO  base.BaseClass - Found Element By {by.toString()}
2024-01-25 23:04:21,272 [main] INFO  base.BaseClass - Trying to find Element By {by.toString()})
2024-01-25 23:04:21,294 [main] INFO  base.BaseClass - Found Element By {by.toString()}
2024-01-25 23:04:21,821 [main] INFO  base.BaseClass - Trying to find Element By {by.toString()})
2024-01-25 23:04:21,843 [main] INFO  base.BaseClass - Found Element By {by.toString()}
2024-01-25 23:04:22,372 [main] INFO  base.BaseClass - Trying to find Element By {by.toString()})
2024-01-25 23:04:22,395 [main] INFO  base.BaseClass - Found Element By {by.toString()}
2024-01-25 23:04:22,931 [main] INFO  base.BaseClass - Trying to find Element By {by.toString()})
2024-01-25 23:04:22,954 [main] INFO  base.BaseClass - Found Element By {by.toString()}
2024-01-25 23:04:23,494 [main] INFO  base.BaseClass - Trying to find Element By {by.toString()})
2024-01-25 23:04:23,516 [main] INFO  base.BaseClass - Found Element By {by.toString()}
2024-01-25 23:04:24,050 [main] INFO  base.BaseClass - Trying to find Element By {by.toString()})
2024-01-25 23:04:24,075 [main] INFO  base.BaseClass - Found Element By {by.toString()}
2024-01-25 23:04:24,612 [main] INFO  base.BaseClass - Trying to find Element By {by.toString()})
2024-01-25 23:04:24,635 [main] INFO  base.BaseClass - Found Element By {by.toString()}
2024-01-25 23:04:25,167 [main] INFO  base.BaseClass - Trying to find Element By {by.toString()})
2024-01-25 23:04:25,192 [main] INFO  base.BaseClass - Found Element By {by.toString()}
2024-01-25 23:04:25,729 [main] INFO  base.BaseClass - Trying to find Element By {by.toString()})
2024-01-25 23:04:25,753 [main] INFO  base.BaseClass - Found Element By {by.toString()}
2024-01-25 23:04:26,304 [main] INFO  base.BaseClass - Trying to find Element By {by.toString()})
2024-01-25 23:04:26,327 [main] INFO  base.BaseClass - Found Element By {by.toString()}
2024-01-25 23:04:26,867 [main] INFO  base.BaseClass - Trying to find Element By {by.toString()})
2024-01-25 23:04:26,890 [main] INFO  base.BaseClass - Found Element By {by.toString()}
2024-01-25 23:04:27,425 [main] INFO  base.BaseClass - Trying to find Element By {by.toString()})
2024-01-25 23:04:27,448 [main] INFO  base.BaseClass - Found Element By {by.toString()}
2024-01-25 23:04:27,984 [main] INFO  base.BaseClass - Trying to find Element By {by.toString()})
2024-01-25 23:04:28,007 [main] INFO  base.BaseClass - Found Element By {by.toString()}
2024-01-25 23:04:28,536 [main] INFO  base.BaseClass - Trying to find Element By {by.toString()})
2024-01-25 23:04:28,558 [main] INFO  base.BaseClass - Found Element By {by.toString()}
2024-01-25 23:04:29,091 [main] INFO  base.BaseClass - Trying to find Element By {by.toString()})
2024-01-25 23:04:29,113 [main] INFO  base.BaseClass - Found Element By {by.toString()}
2024-01-25 23:04:29,648 [main] INFO  base.BaseClass - Trying to find Element By {by.toString()})
2024-01-25 23:04:29,666 [main] INFO  base.BaseClass - Found Element By {by.toString()}
2024-01-25 23:04:30,184 [main] INFO  base.BaseClass - Trying to find Element By {by.toString()})
2024-01-25 23:04:30,210 [main] INFO  base.BaseClass - Found Element By {by.toString()}
2024-01-25 23:04:30,748 [main] INFO  base.BaseClass - Trying to find Element By {by.toString()})
2024-01-25 23:04:30,771 [main] INFO  base.BaseClass - Found Element By {by.toString()}
2024-01-25 23:04:31,295 [main] INFO  base.BaseClass - Trying to find Element By {by.toString()})
2024-01-25 23:04:31,317 [main] INFO  base.BaseClass - Found Element By {by.toString()}
2024-01-25 23:04:31,843 [main] INFO  base.BaseClass - Trying to find Element By {by.toString()})
2024-01-25 23:04:31,866 [main] INFO  base.BaseClass - Found Element By {by.toString()}
2024-01-25 23:04:32,386 [main] INFO  base.BaseClass - Trying to find Element By {by.toString()})
2024-01-25 23:04:32,408 [main] INFO  base.BaseClass - Found Element By {by.toString()}
2024-01-25 23:04:32,940 [main] INFO  base.BaseClass - Trying to find Element By {by.toString()})
2024-01-25 23:04:32,963 [main] INFO  base.BaseClass - Found Element By {by.toString()}
2024-01-25 23:04:33,492 [main] INFO  base.BaseClass - Trying to find Element By {by.toString()})
2024-01-25 23:04:33,516 [main] INFO  base.BaseClass - Found Element By {by.toString()}
2024-01-25 23:04:34,057 [main] INFO  base.BaseClass - Trying to find Element By {by.toString()})
2024-01-25 23:04:34,080 [main] INFO  base.BaseClass - Found Element By {by.toString()}
2024-01-25 23:04:34,621 [main] INFO  base.BaseClass - Trying to find Element By {by.toString()})
2024-01-25 23:04:34,644 [main] INFO  base.BaseClass - Found Element By {by.toString()}
2024-01-25 23:04:35,182 [main] INFO  base.BaseClass - Trying to find Element By {by.toString()})
2024-01-25 23:04:35,205 [main] INFO  base.BaseClass - Found Element By {by.toString()}
2024-01-25 23:04:35,740 [main] INFO  base.BaseClass - Trying to find Element By {by.toString()})
2024-01-25 23:04:35,763 [main] INFO  base.BaseClass - Found Element By {by.toString()}
2024-01-25 23:04:36,295 [main] INFO  base.BaseClass - Trying to find Element By {by.toString()})
2024-01-25 23:04:36,317 [main] INFO  base.BaseClass - Found Element By {by.toString()}
2024-01-25 23:04:36,847 [main] INFO  base.BaseClass - Trying to find Element By {by.toString()})
2024-01-25 23:04:36,870 [main] INFO  base.BaseClass - Found Element By {by.toString()}
2024-01-25 23:04:37,401 [main] INFO  base.BaseClass - Trying to find Element By {by.toString()})
2024-01-25 23:04:37,424 [main] INFO  base.BaseClass - Found Element By {by.toString()}
TimeoutException occurred: Expected condition failed: waiting for helper.WaitUtility$5@6db734ab (tried for 30 second(s) with 500 milliseconds interval)
Build info: version: '3.141.59', revision: 'e82be7d358', time: '2018-11-14T08:17:03'
System info: host: 'DPLAP166', ip: '137.237.3.67', os.name: 'Windows 10', os.arch: 'amd64', os.version: '10.0', java.version: '19.0.1'
Driver info: org.openqa.selenium.support.events.EventFiringWebDriver
Capabilities {acceptInsecureCerts: true, browserName: chrome, browserVersion: 121.0.6167.86, chrome: {chromedriverVersion: 121.0.6167.85 (3f98d690ad7e..., userDataDir: C:\Users\dP-PL\AppData\Loca...}, fedcm:accounts: true, goog:chromeOptions: {debuggerAddress: localhost:56015}, javascriptEnabled: true, networkConnectionEnabled: false, pageLoadStrategy: normal, platform: WINDOWS, platformName: WINDOWS, proxy: Proxy(), setWindowRect: true, strictFileInteractability: false, timeouts: {implicit: 0, pageLoad: 300000, script: 30000}, unhandledPromptBehavior: dismiss and notify, webauthn:extension:credBlob: true, webauthn:extension:largeBlob: true, webauthn:extension:minPinLength: true, webauthn:extension:prf: true, webauthn:virtualAuthenticators: true}
Session ID: 5c98c84f1e98987a6378c65613fe2217
2024-01-25 23:04:37,455 [main] ERROR XGLT_15177_Test - Element did not become visible within the specified time: Expected condition failed: waiting for helper.WaitUtility$5@6db734ab (tried for 30 second(s) with 500 milliseconds interval)
Build info: version: '3.141.59', revision: 'e82be7d358', time: '2018-11-14T08:17:03'
System info: host: 'DPLAP166', ip: '137.237.3.67', os.name: 'Windows 10', os.arch: 'amd64', os.version: '10.0', java.version: '19.0.1'
Driver info: org.openqa.selenium.support.events.EventFiringWebDriver
Capabilities {acceptInsecureCerts: true, browserName: chrome, browserVersion: 121.0.6167.86, chrome: {chromedriverVersion: 121.0.6167.85 (3f98d690ad7e..., userDataDir: C:\Users\dP-PL\AppData\Loca...}, fedcm:accounts: true, goog:chromeOptions: {debuggerAddress: localhost:56015}, javascriptEnabled: true, networkConnectionEnabled: false, pageLoadStrategy: normal, platform: WINDOWS, platformName: WINDOWS, proxy: Proxy(), setWindowRect: true, strictFileInteractability: false, timeouts: {implicit: 0, pageLoad: 300000, script: 30000}, unhandledPromptBehavior: dismiss and notify, webauthn:extension:credBlob: true, webauthn:extension:largeBlob: true, webauthn:extension:minPinLength: true, webauthn:extension:prf: true, webauthn:virtualAuthenticators: true}
Session ID: 5c98c84f1e98987a6378c65613fe2217
2024-01-25 23:04:37,455 [main] INFO  base.BaseClass - Trying to find Element By {by.toString()})
2024-01-25 23:04:37,473 [main] INFO  base.BaseClass - Found Element By {by.toString()}
2024-01-25 23:04:37,474 [main] INFO  base.BaseClass - Trying to click on: {element.toString()}
2024-01-25 23:04:37,620 [main] INFO  base.BaseClass - Clicked on: {element.toString()}
2024-01-25 23:04:37,620 [main] INFO  base.BaseClass - Trying to find Element By {by.toString()})
2024-01-25 23:04:37,632 [main] INFO  base.BaseClass - Found Element By {by.toString()}
2024-01-25 23:04:38,161 [main] INFO  base.BaseClass - Trying to find Element By {by.toString()})
2024-01-25 23:04:38,186 [main] INFO  base.BaseClass - Found Element By {by.toString()}
2024-01-25 23:04:38,721 [main] INFO  base.BaseClass - Trying to find Element By {by.toString()})
2024-01-25 23:04:38,745 [main] INFO  base.BaseClass - Found Element By {by.toString()}
2024-01-25 23:04:39,275 [main] INFO  base.BaseClass - Trying to find Element By {by.toString()})
2024-01-25 23:04:39,298 [main] INFO  base.BaseClass - Found Element By {by.toString()}
2024-01-25 23:04:39,831 [main] INFO  base.BaseClass - Trying to find Element By {by.toString()})
2024-01-25 23:04:39,854 [main] INFO  base.BaseClass - Found Element By {by.toString()}
2024-01-25 23:04:40,383 [main] INFO  base.BaseClass - Trying to find Element By {by.toString()})
2024-01-25 23:04:40,407 [main] INFO  base.BaseClass - Found Element By {by.toString()}
2024-01-25 23:04:40,941 [main] INFO  base.BaseClass - Trying to find Element By {by.toString()})
2024-01-25 23:04:40,964 [main] INFO  base.BaseClass - Found Element By {by.toString()}
2024-01-25 23:04:41,507 [main] INFO  base.BaseClass - Trying to find Element By {by.toString()})
2024-01-25 23:04:41,530 [main] INFO  base.BaseClass - Found Element By {by.toString()}
2024-01-25 23:04:42,063 [main] INFO  base.BaseClass - Trying to find Element By {by.toString()})
2024-01-25 23:04:42,085 [main] INFO  base.BaseClass - Found Element By {by.toString()}
2024-01-25 23:04:42,622 [main] INFO  base.BaseClass - Trying to find Element By {by.toString()})
2024-01-25 23:04:42,644 [main] INFO  base.BaseClass - Found Element By {by.toString()}
2024-01-25 23:04:43,179 [main] INFO  base.BaseClass - Trying to find Element By {by.toString()})
2024-01-25 23:04:43,202 [main] INFO  base.BaseClass - Found Element By {by.toString()}
2024-01-25 23:04:43,735 [main] INFO  base.BaseClass - Trying to find Element By {by.toString()})
2024-01-25 23:04:43,759 [main] INFO  base.BaseClass - Found Element By {by.toString()}
2024-01-25 23:04:44,291 [main] INFO  base.BaseClass - Trying to find Element By {by.toString()})
2024-01-25 23:04:44,313 [main] INFO  base.BaseClass - Found Element By {by.toString()}
2024-01-25 23:04:44,835 [main] INFO  base.BaseClass - Trying to find Element By {by.toString()})
2024-01-25 23:04:44,858 [main] INFO  base.BaseClass - Found Element By {by.toString()}
2024-01-25 23:04:45,390 [main] INFO  base.BaseClass - Trying to find Element By {by.toString()})
2024-01-25 23:04:45,414 [main] INFO  base.BaseClass - Found Element By {by.toString()}
2024-01-25 23:04:45,939 [main] INFO  base.BaseClass - Trying to find Element By {by.toString()})
2024-01-25 23:04:45,961 [main] INFO  base.BaseClass - Found Element By {by.toString()}
2024-01-25 23:04:46,492 [main] INFO  base.BaseClass - Trying to find Element By {by.toString()})
2024-01-25 23:04:46,514 [main] INFO  base.BaseClass - Found Element By {by.toString()}
2024-01-25 23:04:47,044 [main] INFO  base.BaseClass - Trying to find Element By {by.toString()})
2024-01-25 23:04:47,066 [main] INFO  base.BaseClass - Found Element By {by.toString()}
2024-01-25 23:04:47,597 [main] INFO  base.BaseClass - Trying to find Element By {by.toString()})
2024-01-25 23:04:47,619 [main] INFO  base.BaseClass - Found Element By {by.toString()}
2024-01-25 23:04:48,146 [main] INFO  base.BaseClass - Trying to find Element By {by.toString()})
2024-01-25 23:04:48,168 [main] INFO  base.BaseClass - Found Element By {by.toString()}
2024-01-25 23:04:48,695 [main] INFO  base.BaseClass - Trying to find Element By {by.toString()})
2024-01-25 23:04:48,717 [main] INFO  base.BaseClass - Found Element By {by.toString()}
2024-01-25 23:04:49,250 [main] INFO  base.BaseClass - Trying to find Element By {by.toString()})
2024-01-25 23:04:49,272 [main] INFO  base.BaseClass - Found Element By {by.toString()}
2024-01-25 23:04:49,807 [main] INFO  base.BaseClass - Trying to find Element By {by.toString()})
2024-01-25 23:04:49,831 [main] INFO  base.BaseClass - Found Element By {by.toString()}
2024-01-25 23:04:50,375 [main] INFO  base.BaseClass - Trying to find Element By {by.toString()})
2024-01-25 23:04:50,398 [main] INFO  base.BaseClass - Found Element By {by.toString()}
2024-01-25 23:04:50,918 [main] INFO  base.BaseClass - Trying to find Element By {by.toString()})
2024-01-25 23:04:50,940 [main] INFO  base.BaseClass - Found Element By {by.toString()}
2024-01-25 23:04:51,473 [main] INFO  base.BaseClass - Trying to find Element By {by.toString()})
2024-01-25 23:04:51,482 [main] INFO  base.BaseClass - Found Element By {by.toString()}
2024-01-25 23:04:52,008 [main] INFO  base.BaseClass - Trying to find Element By {by.toString()})
2024-01-25 23:04:52,029 [main] INFO  base.BaseClass - Found Element By {by.toString()}
2024-01-25 23:04:52,560 [main] INFO  base.BaseClass - Trying to find Element By {by.toString()})
2024-01-25 23:04:52,584 [main] INFO  base.BaseClass - Found Element By {by.toString()}
2024-01-25 23:04:53,120 [main] INFO  base.BaseClass - Trying to find Element By {by.toString()})
2024-01-25 23:04:53,145 [main] INFO  base.BaseClass - Found Element By {by.toString()}
2024-01-25 23:04:53,677 [main] INFO  base.BaseClass - Trying to find Element By {by.toString()})
2024-01-25 23:04:53,693 [main] INFO  base.BaseClass - Found Element By {by.toString()}
2024-01-25 23:04:54,218 [main] INFO  base.BaseClass - Trying to find Element By {by.toString()})
2024-01-25 23:04:54,235 [main] INFO  base.BaseClass - Found Element By {by.toString()}
2024-01-25 23:04:54,758 [main] INFO  base.BaseClass - Trying to find Element By {by.toString()})
2024-01-25 23:04:54,780 [main] INFO  base.BaseClass - Found Element By {by.toString()}
2024-01-25 23:04:55,312 [main] INFO  base.BaseClass - Trying to find Element By {by.toString()})
2024-01-25 23:04:55,336 [main] INFO  base.BaseClass - Found Element By {by.toString()}
2024-01-25 23:04:55,867 [main] INFO  base.BaseClass - Trying to find Element By {by.toString()})
2024-01-25 23:04:55,889 [main] INFO  base.BaseClass - Found Element By {by.toString()}
2024-01-25 23:04:56,417 [main] INFO  base.BaseClass - Trying to find Element By {by.toString()})
2024-01-25 23:04:56,439 [main] INFO  base.BaseClass - Found Element By {by.toString()}
2024-01-25 23:04:56,968 [main] INFO  base.BaseClass - Trying to find Element By {by.toString()})
2024-01-25 23:04:56,991 [main] INFO  base.BaseClass - Found Element By {by.toString()}
2024-01-25 23:04:57,531 [main] INFO  base.BaseClass - Trying to find Element By {by.toString()})
2024-01-25 23:04:57,552 [main] INFO  base.BaseClass - Found Element By {by.toString()}
2024-01-25 23:04:58,091 [main] INFO  base.BaseClass - Trying to find Element By {by.toString()})
2024-01-25 23:04:58,114 [main] INFO  base.BaseClass - Found Element By {by.toString()}
TimeoutException occurred: Expected condition failed: waiting for helper.WaitUtility$4@4f35be01 (tried for 20 second(s) with 500 milliseconds interval)
Build info: version: '3.141.59', revision: 'e82be7d358', time: '2018-11-14T08:17:03'
System info: host: 'DPLAP166', ip: '137.237.3.67', os.name: 'Windows 10', os.arch: 'amd64', os.version: '10.0', java.version: '19.0.1'
Driver info: org.openqa.selenium.support.events.EventFiringWebDriver
Capabilities {acceptInsecureCerts: true, browserName: chrome, browserVersion: 121.0.6167.86, chrome: {chromedriverVersion: 121.0.6167.85 (3f98d690ad7e..., userDataDir: C:\Users\dP-PL\AppData\Loca...}, fedcm:accounts: true, goog:chromeOptions: {debuggerAddress: localhost:56015}, javascriptEnabled: true, networkConnectionEnabled: false, pageLoadStrategy: normal, platform: WINDOWS, platformName: WINDOWS, proxy: Proxy(), setWindowRect: true, strictFileInteractability: false, timeouts: {implicit: 0, pageLoad: 300000, script: 30000}, unhandledPromptBehavior: dismiss and notify, webauthn:extension:credBlob: true, webauthn:extension:largeBlob: true, webauthn:extension:minPinLength: true, webauthn:extension:prf: true, webauthn:virtualAuthenticators: true}
Session ID: 5c98c84f1e98987a6378c65613fe2217
2024-01-25 23:04:58,143 [main] ERROR XGLT_15177_Test - Element did not become visible within the specified time: Expected condition failed: waiting for helper.WaitUtility$4@4f35be01 (tried for 20 second(s) with 500 milliseconds interval)
Build info: version: '3.141.59', revision: 'e82be7d358', time: '2018-11-14T08:17:03'
System info: host: 'DPLAP166', ip: '137.237.3.67', os.name: 'Windows 10', os.arch: 'amd64', os.version: '10.0', java.version: '19.0.1'
Driver info: org.openqa.selenium.support.events.EventFiringWebDriver
Capabilities {acceptInsecureCerts: true, browserName: chrome, browserVersion: 121.0.6167.86, chrome: {chromedriverVersion: 121.0.6167.85 (3f98d690ad7e..., userDataDir: C:\Users\dP-PL\AppData\Loca...}, fedcm:accounts: true, goog:chromeOptions: {debuggerAddress: localhost:56015}, javascriptEnabled: true, networkConnectionEnabled: false, pageLoadStrategy: normal, platform: WINDOWS, platformName: WINDOWS, proxy: Proxy(), setWindowRect: true, strictFileInteractability: false, timeouts: {implicit: 0, pageLoad: 300000, script: 30000}, unhandledPromptBehavior: dismiss and notify, webauthn:extension:credBlob: true, webauthn:extension:largeBlob: true, webauthn:extension:minPinLength: true, webauthn:extension:prf: true, webauthn:virtualAuthenticators: true}
Session ID: 5c98c84f1e98987a6378c65613fe2217
2024-01-25 23:04:58,144 [Forwarding actions on session 5c98c84f1e98987a6378c65613fe2217 to remote] INFO  base.BaseClass - Trying to find Element By {by.toString()})
2024-01-25 23:04:58,172 [Forwarding actions on session 5c98c84f1e98987a6378c65613fe2217 to remote] INFO  base.BaseClass - Found Element By {by.toString()}
2024-01-25 23:04:58,312 [main] INFO  base.BaseClass - Trying to find Element By {by.toString()})
2024-01-25 23:04:58,334 [main] INFO  base.BaseClass - Found Element By {by.toString()}
2024-01-25 23:04:58,367 [main] INFO  base.BaseClass - Trying to find Element By {by.toString()})
2024-01-25 23:04:58,386 [main] INFO  base.BaseClass - Found Element By {by.toString()}
2024-01-25 23:04:58,403 [main] INFO  base.BaseClass - Trying to find Element By {by.toString()})
2024-01-25 23:04:58,422 [main] INFO  base.BaseClass - Found Element By {by.toString()}
2024-01-25 23:04:58,422 [main] INFO  base.BaseClass - Trying to click on: {element.toString()}
2024-01-25 23:04:58,541 [main] INFO  base.BaseClass - Clicked on: {element.toString()}
2024-01-25 23:04:58,541 [main] INFO  base.BaseClass - Trying to find Element By {by.toString()})
2024-01-25 23:04:58,549 [main] INFO  base.BaseClass - Found Element By {by.toString()}
2024-01-25 23:04:58,583 [main] INFO  base.BaseClass - Trying to find Element By {by.toString()})
2024-01-25 23:04:58,595 [main] INFO  base.BaseClass - Found Element By {by.toString()}
2024-01-25 23:04:58,619 [main] INFO  base.BaseClass - Trying to find Element By {by.toString()})
2024-01-25 23:04:58,635 [main] INFO  base.BaseClass - Found Element By {by.toString()}
2024-01-25 23:04:58,647 [main] INFO  base.BaseClass - Trying to find Element By {by.toString()})
2024-01-25 23:04:58,658 [main] INFO  base.BaseClass - Found Element By {by.toString()}
2024-01-25 23:04:58,658 [main] INFO  base.BaseClass - Trying to click on: {element.toString()}
2024-01-25 23:04:58,740 [main] INFO  base.BaseClass - Clicked on: {element.toString()}
2024-01-25 23:04:58,740 [main] INFO  base.BaseClass - Trying to find Element By {by.toString()})
2024-01-25 23:04:58,752 [main] INFO  base.BaseClass - Found Element By {by.toString()}
2024-01-25 23:04:58,789 [main] INFO  base.BaseClass - Trying to find Element By {by.toString()})
2024-01-25 23:04:58,800 [main] INFO  base.BaseClass - Found Element By {by.toString()}
2024-01-25 23:04:59,325 [main] INFO  base.BaseClass - Trying to find Element By {by.toString()})
2024-01-25 23:04:59,347 [main] INFO  base.BaseClass - Found Element By {by.toString()}
2024-01-25 23:04:59,873 [main] INFO  base.BaseClass - Trying to find Element By {by.toString()})
2024-01-25 23:04:59,884 [main] INFO  base.BaseClass - Found Element By {by.toString()}
2024-01-25 23:05:00,410 [main] INFO  base.BaseClass - Trying to find Element By {by.toString()})
2024-01-25 23:05:00,432 [main] INFO  base.BaseClass - Found Element By {by.toString()}
2024-01-25 23:05:00,976 [main] INFO  base.BaseClass - Trying to find Element By {by.toString()})
2024-01-25 23:05:00,999 [main] INFO  base.BaseClass - Found Element By {by.toString()}
2024-01-25 23:05:01,532 [main] INFO  base.BaseClass - Trying to find Element By {by.toString()})
2024-01-25 23:05:01,555 [main] INFO  base.BaseClass - Found Element By {by.toString()}
2024-01-25 23:05:02,088 [main] INFO  base.BaseClass - Trying to find Element By {by.toString()})
2024-01-25 23:05:02,111 [main] INFO  base.BaseClass - Found Element By {by.toString()}
2024-01-25 23:05:02,640 [main] INFO  base.BaseClass - Trying to find Element By {by.toString()})
2024-01-25 23:05:02,664 [main] INFO  base.BaseClass - Found Element By {by.toString()}
2024-01-25 23:05:03,197 [main] INFO  base.BaseClass - Trying to find Element By {by.toString()})
2024-01-25 23:05:03,220 [main] INFO  base.BaseClass - Found Element By {by.toString()}
2024-01-25 23:05:03,743 [main] INFO  base.BaseClass - Trying to find Element By {by.toString()})
2024-01-25 23:05:03,765 [main] INFO  base.BaseClass - Found Element By {by.toString()}
2024-01-25 23:05:04,298 [main] INFO  base.BaseClass - Trying to find Element By {by.toString()})
2024-01-25 23:05:04,320 [main] INFO  base.BaseClass - Found Element By {by.toString()}
2024-01-25 23:05:04,852 [main] INFO  base.BaseClass - Trying to find Element By {by.toString()})
2024-01-25 23:05:04,875 [main] INFO  base.BaseClass - Found Element By {by.toString()}
2024-01-25 23:05:05,407 [main] INFO  base.BaseClass - Trying to find Element By {by.toString()})
2024-01-25 23:05:05,429 [main] INFO  base.BaseClass - Found Element By {by.toString()}
2024-01-25 23:05:05,970 [main] INFO  base.BaseClass - Trying to find Element By {by.toString()})
2024-01-25 23:05:05,992 [main] INFO  base.BaseClass - Found Element By {by.toString()}
2024-01-25 23:05:06,523 [main] INFO  base.BaseClass - Trying to find Element By {by.toString()})
2024-01-25 23:05:06,546 [main] INFO  base.BaseClass - Found Element By {by.toString()}
2024-01-25 23:05:07,071 [main] INFO  base.BaseClass - Trying to find Element By {by.toString()})
2024-01-25 23:05:07,095 [main] INFO  base.BaseClass - Found Element By {by.toString()}
2024-01-25 23:05:07,627 [main] INFO  base.BaseClass - Trying to find Element By {by.toString()})
2024-01-25 23:05:07,650 [main] INFO  base.BaseClass - Found Element By {by.toString()}
2024-01-25 23:05:08,195 [main] INFO  base.BaseClass - Trying to find Element By {by.toString()})
2024-01-25 23:05:08,217 [main] INFO  base.BaseClass - Found Element By {by.toString()}
2024-01-25 23:05:08,762 [main] INFO  base.BaseClass - Trying to find Element By {by.toString()})
2024-01-25 23:05:08,785 [main] INFO  base.BaseClass - Found Element By {by.toString()}
2024-01-25 23:05:09,317 [main] INFO  base.BaseClass - Trying to find Element By {by.toString()})
2024-01-25 23:05:09,338 [main] INFO  base.BaseClass - Found Element By {by.toString()}
2024-01-25 23:05:09,869 [main] INFO  base.BaseClass - Trying to find Element By {by.toString()})
2024-01-25 23:05:09,886 [main] INFO  base.BaseClass - Found Element By {by.toString()}
2024-01-25 23:05:10,410 [main] INFO  base.BaseClass - Trying to find Element By {by.toString()})
2024-01-25 23:05:10,427 [main] INFO  base.BaseClass - Found Element By {by.toString()}
2024-01-25 23:05:10,964 [main] INFO  base.BaseClass - Trying to find Element By {by.toString()})
2024-01-25 23:05:10,987 [main] INFO  base.BaseClass - Found Element By {by.toString()}
2024-01-25 23:05:11,531 [main] INFO  base.BaseClass - Trying to find Element By {by.toString()})
2024-01-25 23:05:11,555 [main] INFO  base.BaseClass - Found Element By {by.toString()}
2024-01-25 23:05:12,086 [main] INFO  base.BaseClass - Trying to find Element By {by.toString()})
2024-01-25 23:05:12,108 [main] INFO  base.BaseClass - Found Element By {by.toString()}
2024-01-25 23:05:12,640 [main] INFO  base.BaseClass - Trying to find Element By {by.toString()})
2024-01-25 23:05:12,663 [main] INFO  base.BaseClass - Found Element By {by.toString()}
2024-01-25 23:05:13,205 [main] INFO  base.BaseClass - Trying to find Element By {by.toString()})
2024-01-25 23:05:13,229 [main] INFO  base.BaseClass - Found Element By {by.toString()}
2024-01-25 23:05:13,770 [main] INFO  base.BaseClass - Trying to find Element By {by.toString()})
2024-01-25 23:05:13,793 [main] INFO  base.BaseClass - Found Element By {by.toString()}
2024-01-25 23:05:14,325 [main] INFO  base.BaseClass - Trying to find Element By {by.toString()})
2024-01-25 23:05:14,349 [main] INFO  base.BaseClass - Found Element By {by.toString()}
2024-01-25 23:05:14,882 [main] INFO  base.BaseClass - Trying to find Element By {by.toString()})
2024-01-25 23:05:14,906 [main] INFO  base.BaseClass - Found Element By {by.toString()}
2024-01-25 23:05:15,439 [main] INFO  base.BaseClass - Trying to find Element By {by.toString()})
2024-01-25 23:05:15,459 [main] INFO  base.BaseClass - Found Element By {by.toString()}
2024-01-25 23:05:15,984 [main] INFO  base.BaseClass - Trying to find Element By {by.toString()})
2024-01-25 23:05:16,008 [main] INFO  base.BaseClass - Found Element By {by.toString()}
2024-01-25 23:05:16,542 [main] INFO  base.BaseClass - Trying to find Element By {by.toString()})
2024-01-25 23:05:16,563 [main] INFO  base.BaseClass - Found Element By {by.toString()}
2024-01-25 23:05:17,094 [main] INFO  base.BaseClass - Trying to find Element By {by.toString()})
2024-01-25 23:05:17,117 [main] INFO  base.BaseClass - Found Element By {by.toString()}
2024-01-25 23:05:17,659 [main] INFO  base.BaseClass - Trying to find Element By {by.toString()})
2024-01-25 23:05:17,681 [main] INFO  base.BaseClass - Found Element By {by.toString()}
2024-01-25 23:05:18,211 [main] INFO  base.BaseClass - Trying to find Element By {by.toString()})
2024-01-25 23:05:18,233 [main] INFO  base.BaseClass - Found Element By {by.toString()}
2024-01-25 23:05:18,759 [main] INFO  base.BaseClass - Trying to find Element By {by.toString()})
2024-01-25 23:05:18,782 [main] INFO  base.BaseClass - Found Element By {by.toString()}
2024-01-25 23:05:19,340 [main] INFO  base.BaseClass - Trying to find Element By {by.toString()})
2024-01-25 23:05:19,363 [main] INFO  base.BaseClass - Found Element By {by.toString()}
2024-01-25 23:05:19,897 [main] INFO  base.BaseClass - Trying to find Element By {by.toString()})
2024-01-25 23:05:19,921 [main] INFO  base.BaseClass - Found Element By {by.toString()}
2024-01-25 23:05:20,456 [main] INFO  base.BaseClass - Trying to find Element By {by.toString()})
2024-01-25 23:05:20,482 [main] INFO  base.BaseClass - Found Element By {by.toString()}
2024-01-25 23:05:21,014 [main] INFO  base.BaseClass - Trying to find Element By {by.toString()})
2024-01-25 23:05:21,036 [main] INFO  base.BaseClass - Found Element By {by.toString()}
2024-01-25 23:05:21,570 [main] INFO  base.BaseClass - Trying to find Element By {by.toString()})
2024-01-25 23:05:21,591 [main] INFO  base.BaseClass - Found Element By {by.toString()}
2024-01-25 23:05:22,122 [main] INFO  base.BaseClass - Trying to find Element By {by.toString()})
2024-01-25 23:05:22,145 [main] INFO  base.BaseClass - Found Element By {by.toString()}
2024-01-25 23:05:22,678 [main] INFO  base.BaseClass - Trying to find Element By {by.toString()})
2024-01-25 23:05:22,702 [main] INFO  base.BaseClass - Found Element By {by.toString()}
2024-01-25 23:05:23,235 [main] INFO  base.BaseClass - Trying to find Element By {by.toString()})
2024-01-25 23:05:23,258 [main] INFO  base.BaseClass - Found Element By {by.toString()}
2024-01-25 23:05:23,790 [main] INFO  base.BaseClass - Trying to find Element By {by.toString()})
2024-01-25 23:05:23,813 [main] INFO  base.BaseClass - Found Element By {by.toString()}
2024-01-25 23:05:24,359 [main] INFO  base.BaseClass - Trying to find Element By {by.toString()})
2024-01-25 23:05:24,383 [main] INFO  base.BaseClass - Found Element By {by.toString()}
2024-01-25 23:05:24,922 [main] INFO  base.BaseClass - Trying to find Element By {by.toString()})
2024-01-25 23:05:24,945 [main] INFO  base.BaseClass - Found Element By {by.toString()}
2024-01-25 23:05:25,477 [main] INFO  base.BaseClass - Trying to find Element By {by.toString()})
2024-01-25 23:05:25,498 [main] INFO  base.BaseClass - Found Element By {by.toString()}
2024-01-25 23:05:26,032 [main] INFO  base.BaseClass - Trying to find Element By {by.toString()})
2024-01-25 23:05:26,054 [main] INFO  base.BaseClass - Found Element By {by.toString()}
2024-01-25 23:05:26,585 [main] INFO  base.BaseClass - Trying to find Element By {by.toString()})
2024-01-25 23:05:26,606 [main] INFO  base.BaseClass - Found Element By {by.toString()}
2024-01-25 23:05:27,135 [main] INFO  base.BaseClass - Trying to find Element By {by.toString()})
2024-01-25 23:05:27,159 [main] INFO  base.BaseClass - Found Element By {by.toString()}
2024-01-25 23:05:27,698 [main] INFO  base.BaseClass - Trying to find Element By {by.toString()})
2024-01-25 23:05:27,720 [main] INFO  base.BaseClass - Found Element By {by.toString()}
2024-01-25 23:05:28,237 [main] INFO  base.BaseClass - Trying to find Element By {by.toString()})
2024-01-25 23:05:28,261 [main] INFO  base.BaseClass - Found Element By {by.toString()}
2024-01-25 23:05:28,794 [main] INFO  base.BaseClass - Trying to find Element By {by.toString()})
2024-01-25 23:05:28,820 [main] INFO  base.BaseClass - Found Element By {by.toString()}
TimeoutException occurred: Expected condition failed: waiting for helper.WaitUtility$5@4c63ae3e (tried for 30 second(s) with 500 milliseconds interval)
Build info: version: '3.141.59', revision: 'e82be7d358', time: '2018-11-14T08:17:03'
System info: host: 'DPLAP166', ip: '137.237.3.67', os.name: 'Windows 10', os.arch: 'amd64', os.version: '10.0', java.version: '19.0.1'
Driver info: org.openqa.selenium.support.events.EventFiringWebDriver
Capabilities {acceptInsecureCerts: true, browserName: chrome, browserVersion: 121.0.6167.86, chrome: {chromedriverVersion: 121.0.6167.85 (3f98d690ad7e..., userDataDir: C:\Users\dP-PL\AppData\Loca...}, fedcm:accounts: true, goog:chromeOptions: {debuggerAddress: localhost:56015}, javascriptEnabled: true, networkConnectionEnabled: false, pageLoadStrategy: normal, platform: WINDOWS, platformName: WINDOWS, proxy: Proxy(), setWindowRect: true, strictFileInteractability: false, timeouts: {implicit: 0, pageLoad: 300000, script: 30000}, unhandledPromptBehavior: dismiss and notify, webauthn:extension:credBlob: true, webauthn:extension:largeBlob: true, webauthn:extension:minPinLength: true, webauthn:extension:prf: true, webauthn:virtualAuthenticators: true}
Session ID: 5c98c84f1e98987a6378c65613fe2217
2024-01-25 23:05:28,853 [main] ERROR XGLT_15177_Test - Element did not become visible within the specified time: Expected condition failed: waiting for helper.WaitUtility$5@4c63ae3e (tried for 30 second(s) with 500 milliseconds interval)
Build info: version: '3.141.59', revision: 'e82be7d358', time: '2018-11-14T08:17:03'
System info: host: 'DPLAP166', ip: '137.237.3.67', os.name: 'Windows 10', os.arch: 'amd64', os.version: '10.0', java.version: '19.0.1'
Driver info: org.openqa.selenium.support.events.EventFiringWebDriver
Capabilities {acceptInsecureCerts: true, browserName: chrome, browserVersion: 121.0.6167.86, chrome: {chromedriverVersion: 121.0.6167.85 (3f98d690ad7e..., userDataDir: C:\Users\dP-PL\AppData\Loca...}, fedcm:accounts: true, goog:chromeOptions: {debuggerAddress: localhost:56015}, javascriptEnabled: true, networkConnectionEnabled: false, pageLoadStrategy: normal, platform: WINDOWS, platformName: WINDOWS, proxy: Proxy(), setWindowRect: true, strictFileInteractability: false, timeouts: {implicit: 0, pageLoad: 300000, script: 30000}, unhandledPromptBehavior: dismiss and notify, webauthn:extension:credBlob: true, webauthn:extension:largeBlob: true, webauthn:extension:minPinLength: true, webauthn:extension:prf: true, webauthn:virtualAuthenticators: true}
Session ID: 5c98c84f1e98987a6378c65613fe2217
2024-01-25 23:05:28,853 [main] INFO  base.BaseClass - Trying to find Element By {by.toString()})
2024-01-25 23:05:28,872 [main] INFO  base.BaseClass - Found Element By {by.toString()}
2024-01-25 23:05:28,872 [main] INFO  base.BaseClass - Trying to click on: {element.toString()}
2024-01-25 23:05:28,982 [main] INFO  base.BaseClass - Clicked on: {element.toString()}
2024-01-25 23:05:28,982 [main] INFO  base.BaseClass - Trying to find Element By {by.toString()})
2024-01-25 23:05:29,000 [main] INFO  base.BaseClass - Found Element By {by.toString()}
2024-01-25 23:05:29,524 [main] INFO  base.BaseClass - Trying to find Element By {by.toString()})
2024-01-25 23:05:29,543 [main] INFO  base.BaseClass - Found Element By {by.toString()}
2024-01-25 23:05:30,074 [main] INFO  base.BaseClass - Trying to find Element By {by.toString()})
2024-01-25 23:05:30,096 [main] INFO  base.BaseClass - Found Element By {by.toString()}
2024-01-25 23:05:30,629 [main] INFO  base.BaseClass - Trying to find Element By {by.toString()})
2024-01-25 23:05:30,645 [main] INFO  base.BaseClass - Found Element By {by.toString()}
2024-01-25 23:05:31,172 [main] INFO  base.BaseClass - Trying to find Element By {by.toString()})
2024-01-25 23:05:31,194 [main] INFO  base.BaseClass - Found Element By {by.toString()}
2024-01-25 23:05:31,728 [main] INFO  base.BaseClass - Trying to find Element By {by.toString()})
2024-01-25 23:05:31,750 [main] INFO  base.BaseClass - Found Element By {by.toString()}
2024-01-25 23:05:32,280 [main] INFO  base.BaseClass - Trying to find Element By {by.toString()})
2024-01-25 23:05:32,301 [main] INFO  base.BaseClass - Found Element By {by.toString()}
2024-01-25 23:05:32,831 [main] INFO  base.BaseClass - Trying to find Element By {by.toString()})
2024-01-25 23:05:32,853 [main] INFO  base.BaseClass - Found Element By {by.toString()}
2024-01-25 23:05:33,386 [main] INFO  base.BaseClass - Trying to find Element By {by.toString()})
2024-01-25 23:05:33,408 [main] INFO  base.BaseClass - Found Element By {by.toString()}
2024-01-25 23:05:33,934 [main] INFO  base.BaseClass - Trying to find Element By {by.toString()})
2024-01-25 23:05:33,958 [main] INFO  base.BaseClass - Found Element By {by.toString()}
2024-01-25 23:05:34,478 [main] INFO  base.BaseClass - Trying to find Element By {by.toString()})
2024-01-25 23:05:34,500 [main] INFO  base.BaseClass - Found Element By {by.toString()}
2024-01-25 23:05:35,031 [main] INFO  base.BaseClass - Trying to find Element By {by.toString()})
2024-01-25 23:05:35,053 [main] INFO  base.BaseClass - Found Element By {by.toString()}
2024-01-25 23:05:35,586 [main] INFO  base.BaseClass - Trying to find Element By {by.toString()})
2024-01-25 23:05:35,608 [main] INFO  base.BaseClass - Found Element By {by.toString()}
2024-01-25 23:05:36,138 [main] INFO  base.BaseClass - Trying to find Element By {by.toString()})
2024-01-25 23:05:36,160 [main] INFO  base.BaseClass - Found Element By {by.toString()}
2024-01-25 23:05:36,692 [main] INFO  base.BaseClass - Trying to find Element By {by.toString()})
2024-01-25 23:05:36,714 [main] INFO  base.BaseClass - Found Element By {by.toString()}
2024-01-25 23:05:37,237 [main] INFO  base.BaseClass - Trying to find Element By {by.toString()})
2024-01-25 23:05:37,258 [main] INFO  base.BaseClass - Found Element By {by.toString()}
2024-01-25 23:05:37,792 [main] INFO  base.BaseClass - Trying to find Element By {by.toString()})
2024-01-25 23:05:37,810 [main] INFO  base.BaseClass - Found Element By {by.toString()}
2024-01-25 23:05:38,336 [main] INFO  base.BaseClass - Trying to find Element By {by.toString()})
2024-01-25 23:05:38,358 [main] INFO  base.BaseClass - Found Element By {by.toString()}
2024-01-25 23:05:38,890 [main] INFO  base.BaseClass - Trying to find Element By {by.toString()})
2024-01-25 23:05:38,912 [main] INFO  base.BaseClass - Found Element By {by.toString()}
2024-01-25 23:05:39,443 [main] INFO  base.BaseClass - Trying to find Element By {by.toString()})
2024-01-25 23:05:39,466 [main] INFO  base.BaseClass - Found Element By {by.toString()}
2024-01-25 23:05:40,013 [main] INFO  base.BaseClass - Trying to find Element By {by.toString()})
2024-01-25 23:05:40,037 [main] INFO  base.BaseClass - Found Element By {by.toString()}
2024-01-25 23:05:40,581 [main] INFO  base.BaseClass - Trying to find Element By {by.toString()})
2024-01-25 23:05:40,600 [main] INFO  base.BaseClass - Found Element By {by.toString()}
2024-01-25 23:05:41,130 [main] INFO  base.BaseClass - Trying to find Element By {by.toString()})
2024-01-25 23:05:41,153 [main] INFO  base.BaseClass - Found Element By {by.toString()}
2024-01-25 23:05:41,683 [main] INFO  base.BaseClass - Trying to find Element By {by.toString()})
2024-01-25 23:05:41,705 [main] INFO  base.BaseClass - Found Element By {by.toString()}
2024-01-25 23:05:42,236 [main] INFO  base.BaseClass - Trying to find Element By {by.toString()})
2024-01-25 23:05:42,258 [main] INFO  base.BaseClass - Found Element By {by.toString()}
2024-01-25 23:05:42,794 [main] INFO  base.BaseClass - Trying to find Element By {by.toString()})
2024-01-25 23:05:42,816 [main] INFO  base.BaseClass - Found Element By {by.toString()}
2024-01-25 23:05:43,343 [main] INFO  base.BaseClass - Trying to find Element By {by.toString()})
2024-01-25 23:05:43,365 [main] INFO  base.BaseClass - Found Element By {by.toString()}
2024-01-25 23:05:43,900 [main] INFO  base.BaseClass - Trying to find Element By {by.toString()})
2024-01-25 23:05:43,923 [main] INFO  base.BaseClass - Found Element By {by.toString()}
2024-01-25 23:05:44,454 [main] INFO  base.BaseClass - Trying to find Element By {by.toString()})
2024-01-25 23:05:44,477 [main] INFO  base.BaseClass - Found Element By {by.toString()}
2024-01-25 23:05:44,995 [main] INFO  base.BaseClass - Trying to find Element By {by.toString()})
2024-01-25 23:05:45,018 [main] INFO  base.BaseClass - Found Element By {by.toString()}
2024-01-25 23:05:45,563 [main] INFO  base.BaseClass - Trying to find Element By {by.toString()})
2024-01-25 23:05:45,585 [main] INFO  base.BaseClass - Found Element By {by.toString()}
2024-01-25 23:05:46,114 [main] INFO  base.BaseClass - Trying to find Element By {by.toString()})
2024-01-25 23:05:46,137 [main] INFO  base.BaseClass - Found Element By {by.toString()}
2024-01-25 23:05:46,669 [main] INFO  base.BaseClass - Trying to find Element By {by.toString()})
2024-01-25 23:05:46,690 [main] INFO  base.BaseClass - Found Element By {by.toString()}
2024-01-25 23:05:47,221 [main] INFO  base.BaseClass - Trying to find Element By {by.toString()})
2024-01-25 23:05:47,243 [main] INFO  base.BaseClass - Found Element By {by.toString()}
2024-01-25 23:05:47,775 [main] INFO  base.BaseClass - Trying to find Element By {by.toString()})
2024-01-25 23:05:47,796 [main] INFO  base.BaseClass - Found Element By {by.toString()}
2024-01-25 23:05:48,328 [main] INFO  base.BaseClass - Trying to find Element By {by.toString()})
2024-01-25 23:05:48,351 [main] INFO  base.BaseClass - Found Element By {by.toString()}
2024-01-25 23:05:48,883 [main] INFO  base.BaseClass - Trying to find Element By {by.toString()})
2024-01-25 23:05:48,905 [main] INFO  base.BaseClass - Found Element By {by.toString()}
2024-01-25 23:05:49,433 [main] INFO  base.BaseClass - Trying to find Element By {by.toString()})
2024-01-25 23:05:49,453 [main] INFO  base.BaseClass - Found Element By {by.toString()}
2024-01-25 23:05:49,984 [main] INFO  base.BaseClass - Trying to find Element By {by.toString()})
2024-01-25 23:05:50,007 [main] INFO  base.BaseClass - Found Element By {by.toString()}
2024-01-25 23:05:50,542 [main] INFO  base.BaseClass - Trying to find Element By {by.toString()})
2024-01-25 23:05:50,564 [main] INFO  base.BaseClass - Found Element By {by.toString()}
2024-01-25 23:05:51,095 [main] INFO  base.BaseClass - Trying to find Element By {by.toString()})
2024-01-25 23:05:51,116 [main] INFO  base.BaseClass - Found Element By {by.toString()}
2024-01-25 23:05:51,648 [main] INFO  base.BaseClass - Trying to find Element By {by.toString()})
2024-01-25 23:05:51,669 [main] INFO  base.BaseClass - Found Element By {by.toString()}
2024-01-25 23:05:52,194 [main] INFO  base.BaseClass - Trying to find Element By {by.toString()})
2024-01-25 23:05:52,216 [main] INFO  base.BaseClass - Found Element By {by.toString()}
2024-01-25 23:05:52,748 [main] INFO  base.BaseClass - Trying to find Element By {by.toString()})
2024-01-25 23:05:52,770 [main] INFO  base.BaseClass - Found Element By {by.toString()}
2024-01-25 23:05:53,300 [main] INFO  base.BaseClass - Trying to find Element By {by.toString()})
2024-01-25 23:05:53,323 [main] INFO  base.BaseClass - Found Element By {by.toString()}
2024-01-25 23:05:53,858 [main] INFO  base.BaseClass - Trying to find Element By {by.toString()})
2024-01-25 23:05:53,881 [main] INFO  base.BaseClass - Found Element By {by.toString()}
2024-01-25 23:05:54,422 [main] INFO  base.BaseClass - Trying to find Element By {by.toString()})
2024-01-25 23:05:54,443 [main] INFO  base.BaseClass - Found Element By {by.toString()}
2024-01-25 23:05:54,969 [main] INFO  base.BaseClass - Trying to find Element By {by.toString()})
2024-01-25 23:05:54,991 [main] INFO  base.BaseClass - Found Element By {by.toString()}
2024-01-25 23:05:55,522 [main] INFO  base.BaseClass - Trying to find Element By {by.toString()})
2024-01-25 23:05:55,544 [main] INFO  base.BaseClass - Found Element By {by.toString()}
2024-01-25 23:05:56,075 [main] INFO  base.BaseClass - Trying to find Element By {by.toString()})
2024-01-25 23:05:56,096 [main] INFO  base.BaseClass - Found Element By {by.toString()}
2024-01-25 23:05:56,633 [main] INFO  base.BaseClass - Trying to find Element By {by.toString()})
2024-01-25 23:05:56,654 [main] INFO  base.BaseClass - Found Element By {by.toString()}
2024-01-25 23:05:57,183 [main] INFO  base.BaseClass - Trying to find Element By {by.toString()})
2024-01-25 23:05:57,205 [main] INFO  base.BaseClass - Found Element By {by.toString()}
2024-01-25 23:05:57,748 [main] INFO  base.BaseClass - Trying to find Element By {by.toString()})
2024-01-25 23:05:57,769 [main] INFO  base.BaseClass - Found Element By {by.toString()}
2024-01-25 23:05:58,290 [main] INFO  base.BaseClass - Trying to find Element By {by.toString()})
2024-01-25 23:05:58,311 [main] INFO  base.BaseClass - Found Element By {by.toString()}
2024-01-25 23:05:58,841 [main] INFO  base.BaseClass - Trying to find Element By {by.toString()})
2024-01-25 23:05:58,864 [main] INFO  base.BaseClass - Found Element By {by.toString()}
2024-01-25 23:05:59,396 [main] INFO  base.BaseClass - Trying to find Element By {by.toString()})
2024-01-25 23:05:59,418 [main] INFO  base.BaseClass - Found Element By {by.toString()}
TimeoutException occurred: Expected condition failed: waiting for helper.WaitUtility$5@73c7ce0a (tried for 30 second(s) with 500 milliseconds interval)
Build info: version: '3.141.59', revision: 'e82be7d358', time: '2018-11-14T08:17:03'
System info: host: 'DPLAP166', ip: '137.237.3.67', os.name: 'Windows 10', os.arch: 'amd64', os.version: '10.0', java.version: '19.0.1'
Driver info: org.openqa.selenium.support.events.EventFiringWebDriver
Capabilities {acceptInsecureCerts: true, browserName: chrome, browserVersion: 121.0.6167.86, chrome: {chromedriverVersion: 121.0.6167.85 (3f98d690ad7e..., userDataDir: C:\Users\dP-PL\AppData\Loca...}, fedcm:accounts: true, goog:chromeOptions: {debuggerAddress: localhost:56015}, javascriptEnabled: true, networkConnectionEnabled: false, pageLoadStrategy: normal, platform: WINDOWS, platformName: WINDOWS, proxy: Proxy(), setWindowRect: true, strictFileInteractability: false, timeouts: {implicit: 0, pageLoad: 300000, script: 30000}, unhandledPromptBehavior: dismiss and notify, webauthn:extension:credBlob: true, webauthn:extension:largeBlob: true, webauthn:extension:minPinLength: true, webauthn:extension:prf: true, webauthn:virtualAuthenticators: true}
Session ID: 5c98c84f1e98987a6378c65613fe2217
2024-01-25 23:05:59,447 [main] ERROR XGLT_15177_Test - Element did not become visible within the specified time: Expected condition failed: waiting for helper.WaitUtility$5@73c7ce0a (tried for 30 second(s) with 500 milliseconds interval)
Build info: version: '3.141.59', revision: 'e82be7d358', time: '2018-11-14T08:17:03'
System info: host: 'DPLAP166', ip: '137.237.3.67', os.name: 'Windows 10', os.arch: 'amd64', os.version: '10.0', java.version: '19.0.1'
Driver info: org.openqa.selenium.support.events.EventFiringWebDriver
Capabilities {acceptInsecureCerts: true, browserName: chrome, browserVersion: 121.0.6167.86, chrome: {chromedriverVersion: 121.0.6167.85 (3f98d690ad7e..., userDataDir: C:\Users\dP-PL\AppData\Loca...}, fedcm:accounts: true, goog:chromeOptions: {debuggerAddress: localhost:56015}, javascriptEnabled: true, networkConnectionEnabled: false, pageLoadStrategy: normal, platform: WINDOWS, platformName: WINDOWS, proxy: Proxy(), setWindowRect: true, strictFileInteractability: false, timeouts: {implicit: 0, pageLoad: 300000, script: 30000}, unhandledPromptBehavior: dismiss and notify, webauthn:extension:credBlob: true, webauthn:extension:largeBlob: true, webauthn:extension:minPinLength: true, webauthn:extension:prf: true, webauthn:virtualAuthenticators: true}
Session ID: 5c98c84f1e98987a6378c65613fe2217
2024-01-25 23:05:59,447 [main] INFO  base.BaseClass - Trying to find Element By {by.toString()})
2024-01-25 23:05:59,463 [main] INFO  base.BaseClass - Found Element By {by.toString()}
2024-01-25 23:05:59,463 [main] INFO  base.BaseClass - Trying to click on: {element.toString()}
2024-01-25 23:05:59,583 [main] INFO  base.BaseClass - Clicked on: {element.toString()}
2024-01-25 23:05:59,583 [main] INFO  base.BaseClass - Trying to find Element By {by.toString()})
2024-01-25 23:05:59,597 [main] INFO  base.BaseClass - Found Element By {by.toString()}
2024-01-25 23:05:59,612 [main] INFO  base.BaseClass - Trying to find Element By {by.toString()})
2024-01-25 23:05:59,620 [main] INFO  base.BaseClass - Found Element By {by.toString()}
2024-01-25 23:06:00,149 [main] INFO  base.BaseClass - Trying to find Element By {by.toString()})
2024-01-25 23:06:00,175 [main] INFO  base.BaseClass - Found Element By {by.toString()}
2024-01-25 23:06:00,709 [main] INFO  base.BaseClass - Trying to find Element By {by.toString()})
2024-01-25 23:06:00,731 [main] INFO  base.BaseClass - Found Element By {by.toString()}
2024-01-25 23:06:01,266 [main] INFO  base.BaseClass - Trying to find Element By {by.toString()})
2024-01-25 23:06:01,288 [main] INFO  base.BaseClass - Found Element By {by.toString()}
2024-01-25 23:06:01,827 [main] INFO  base.BaseClass - Trying to find Element By {by.toString()})
2024-01-25 23:06:01,840 [main] INFO  base.BaseClass - Found Element By {by.toString()}
2024-01-25 23:06:02,360 [main] INFO  base.BaseClass - Trying to find Element By {by.toString()})
2024-01-25 23:06:02,382 [main] INFO  base.BaseClass - Found Element By {by.toString()}
2024-01-25 23:06:02,914 [main] INFO  base.BaseClass - Trying to find Element By {by.toString()})
2024-01-25 23:06:02,936 [main] INFO  base.BaseClass - Found Element By {by.toString()}
2024-01-25 23:06:03,469 [main] INFO  base.BaseClass - Trying to find Element By {by.toString()})
2024-01-25 23:06:03,491 [main] INFO  base.BaseClass - Found Element By {by.toString()}
2024-01-25 23:06:04,026 [main] INFO  base.BaseClass - Trying to find Element By {by.toString()})
2024-01-25 23:06:04,048 [main] INFO  base.BaseClass - Found Element By {by.toString()}
2024-01-25 23:06:04,580 [main] INFO  base.BaseClass - Trying to find Element By {by.toString()})
2024-01-25 23:06:04,602 [main] INFO  base.BaseClass - Found Element By {by.toString()}
2024-01-25 23:06:05,135 [main] INFO  base.BaseClass - Trying to find Element By {by.toString()})
2024-01-25 23:06:05,157 [main] INFO  base.BaseClass - Found Element By {by.toString()}
2024-01-25 23:06:05,687 [main] INFO  base.BaseClass - Trying to find Element By {by.toString()})
2024-01-25 23:06:05,711 [main] INFO  base.BaseClass - Found Element By {by.toString()}
2024-01-25 23:06:06,243 [main] INFO  base.BaseClass - Trying to find Element By {by.toString()})
2024-01-25 23:06:06,266 [main] INFO  base.BaseClass - Found Element By {by.toString()}
2024-01-25 23:06:06,801 [main] INFO  base.BaseClass - Trying to find Element By {by.toString()})
2024-01-25 23:06:06,823 [main] INFO  base.BaseClass - Found Element By {by.toString()}
2024-01-25 23:06:07,367 [main] INFO  base.BaseClass - Trying to find Element By {by.toString()})
2024-01-25 23:06:07,390 [main] INFO  base.BaseClass - Found Element By {by.toString()}
2024-01-25 23:06:07,927 [main] INFO  base.BaseClass - Trying to find Element By {by.toString()})
2024-01-25 23:06:07,950 [main] INFO  base.BaseClass - Found Element By {by.toString()}
2024-01-25 23:06:08,484 [main] INFO  base.BaseClass - Trying to find Element By {by.toString()})
2024-01-25 23:06:08,507 [main] INFO  base.BaseClass - Found Element By {by.toString()}
2024-01-25 23:06:09,041 [main] INFO  base.BaseClass - Trying to find Element By {by.toString()})
2024-01-25 23:06:09,062 [main] INFO  base.BaseClass - Found Element By {by.toString()}
2024-01-25 23:06:09,592 [main] INFO  base.BaseClass - Trying to find Element By {by.toString()})
2024-01-25 23:06:09,613 [main] INFO  base.BaseClass - Found Element By {by.toString()}
2024-01-25 23:06:10,145 [main] INFO  base.BaseClass - Trying to find Element By {by.toString()})
2024-01-25 23:06:10,166 [main] INFO  base.BaseClass - Found Element By {by.toString()}
2024-01-25 23:06:10,688 [main] INFO  base.BaseClass - Trying to find Element By {by.toString()})
2024-01-25 23:06:10,710 [main] INFO  base.BaseClass - Found Element By {by.toString()}
2024-01-25 23:06:11,233 [main] INFO  base.BaseClass - Trying to find Element By {by.toString()})
2024-01-25 23:06:11,253 [main] INFO  base.BaseClass - Found Element By {by.toString()}
2024-01-25 23:06:11,784 [main] INFO  base.BaseClass - Trying to find Element By {by.toString()})
2024-01-25 23:06:11,806 [main] INFO  base.BaseClass - Found Element By {by.toString()}
2024-01-25 23:06:12,338 [main] INFO  base.BaseClass - Trying to find Element By {by.toString()})
2024-01-25 23:06:12,359 [main] INFO  base.BaseClass - Found Element By {by.toString()}
2024-01-25 23:06:12,888 [main] INFO  base.BaseClass - Trying to find Element By {by.toString()})
2024-01-25 23:06:12,909 [main] INFO  base.BaseClass - Found Element By {by.toString()}
2024-01-25 23:06:13,441 [main] INFO  base.BaseClass - Trying to find Element By {by.toString()})
2024-01-25 23:06:13,464 [main] INFO  base.BaseClass - Found Element By {by.toString()}
2024-01-25 23:06:13,996 [main] INFO  base.BaseClass - Trying to find Element By {by.toString()})
2024-01-25 23:06:14,018 [main] INFO  base.BaseClass - Found Element By {by.toString()}
2024-01-25 23:06:14,553 [main] INFO  base.BaseClass - Trying to find Element By {by.toString()})
2024-01-25 23:06:14,574 [main] INFO  base.BaseClass - Found Element By {by.toString()}
2024-01-25 23:06:15,107 [main] INFO  base.BaseClass - Trying to find Element By {by.toString()})
2024-01-25 23:06:15,129 [main] INFO  base.BaseClass - Found Element By {by.toString()}
2024-01-25 23:06:15,657 [main] INFO  base.BaseClass - Trying to find Element By {by.toString()})
2024-01-25 23:06:15,679 [main] INFO  base.BaseClass - Found Element By {by.toString()}
2024-01-25 23:06:16,211 [main] INFO  base.BaseClass - Trying to find Element By {by.toString()})
2024-01-25 23:06:16,226 [main] INFO  base.BaseClass - Found Element By {by.toString()}
2024-01-25 23:06:16,763 [main] INFO  base.BaseClass - Trying to find Element By {by.toString()})
2024-01-25 23:06:16,880 [main] INFO  base.BaseClass - Found Element By {by.toString()}
2024-01-25 23:06:17,412 [main] INFO  base.BaseClass - Trying to find Element By {by.toString()})
2024-01-25 23:06:17,435 [main] INFO  base.BaseClass - Found Element By {by.toString()}
2024-01-25 23:06:17,963 [main] INFO  base.BaseClass - Trying to find Element By {by.toString()})
2024-01-25 23:06:17,986 [main] INFO  base.BaseClass - Found Element By {by.toString()}
2024-01-25 23:06:18,520 [main] INFO  base.BaseClass - Trying to find Element By {by.toString()})
2024-01-25 23:06:18,541 [main] INFO  base.BaseClass - Found Element By {by.toString()}
2024-01-25 23:06:19,075 [main] INFO  base.BaseClass - Trying to find Element By {by.toString()})
2024-01-25 23:06:19,097 [main] INFO  base.BaseClass - Found Element By {by.toString()}
2024-01-25 23:06:19,621 [main] INFO  base.BaseClass - Trying to find Element By {by.toString()})
2024-01-25 23:06:19,644 [main] INFO  base.BaseClass - Found Element By {by.toString()}
2024-01-25 23:06:20,178 [main] INFO  base.BaseClass - Trying to find Element By {by.toString()})
2024-01-25 23:06:20,201 [main] INFO  base.BaseClass - Found Element By {by.toString()}
2024-01-25 23:06:20,735 [main] INFO  base.BaseClass - Trying to find Element By {by.toString()})
2024-01-25 23:06:20,756 [main] INFO  base.BaseClass - Found Element By {by.toString()}
2024-01-25 23:06:21,286 [main] INFO  base.BaseClass - Trying to find Element By {by.toString()})
2024-01-25 23:06:21,308 [main] INFO  base.BaseClass - Found Element By {by.toString()}
2024-01-25 23:06:21,840 [main] INFO  base.BaseClass - Trying to find Element By {by.toString()})
2024-01-25 23:06:21,861 [main] INFO  base.BaseClass - Found Element By {by.toString()}
2024-01-25 23:06:22,395 [main] INFO  base.BaseClass - Trying to find Element By {by.toString()})
2024-01-25 23:06:22,418 [main] INFO  base.BaseClass - Found Element By {by.toString()}
2024-01-25 23:06:22,949 [main] INFO  base.BaseClass - Trying to find Element By {by.toString()})
2024-01-25 23:06:22,965 [main] INFO  base.BaseClass - Found Element By {by.toString()}
2024-01-25 23:06:23,496 [main] INFO  base.BaseClass - Trying to find Element By {by.toString()})
2024-01-25 23:06:23,519 [main] INFO  base.BaseClass - Found Element By {by.toString()}
2024-01-25 23:06:24,047 [main] INFO  base.BaseClass - Trying to find Element By {by.toString()})
2024-01-25 23:06:24,069 [main] INFO  base.BaseClass - Found Element By {by.toString()}
2024-01-25 23:06:24,599 [main] INFO  base.BaseClass - Trying to find Element By {by.toString()})
2024-01-25 23:06:24,621 [main] INFO  base.BaseClass - Found Element By {by.toString()}
2024-01-25 23:06:25,154 [main] INFO  base.BaseClass - Trying to find Element By {by.toString()})
2024-01-25 23:06:25,176 [main] INFO  base.BaseClass - Found Element By {by.toString()}
2024-01-25 23:06:25,708 [main] INFO  base.BaseClass - Trying to find Element By {by.toString()})
2024-01-25 23:06:25,729 [main] INFO  base.BaseClass - Found Element By {by.toString()}
2024-01-25 23:06:26,263 [main] INFO  base.BaseClass - Trying to find Element By {by.toString()})
2024-01-25 23:06:26,284 [main] INFO  base.BaseClass - Found Element By {by.toString()}
2024-01-25 23:06:26,815 [main] INFO  base.BaseClass - Trying to find Element By {by.toString()})
2024-01-25 23:06:26,833 [main] INFO  base.BaseClass - Found Element By {by.toString()}
2024-01-25 23:06:27,359 [main] INFO  base.BaseClass - Trying to find Element By {by.toString()})
2024-01-25 23:06:27,380 [main] INFO  base.BaseClass - Found Element By {by.toString()}
2024-01-25 23:06:27,911 [main] INFO  base.BaseClass - Trying to find Element By {by.toString()})
2024-01-25 23:06:27,933 [main] INFO  base.BaseClass - Found Element By {by.toString()}
2024-01-25 23:06:28,479 [main] INFO  base.BaseClass - Trying to find Element By {by.toString()})
2024-01-25 23:06:28,501 [main] INFO  base.BaseClass - Found Element By {by.toString()}
2024-01-25 23:06:29,041 [main] INFO  base.BaseClass - Trying to find Element By {by.toString()})
2024-01-25 23:06:29,065 [main] INFO  base.BaseClass - Found Element By {by.toString()}
2024-01-25 23:06:29,600 [main] INFO  base.BaseClass - Trying to find Element By {by.toString()})
2024-01-25 23:06:29,623 [main] INFO  base.BaseClass - Found Element By {by.toString()}
TimeoutException occurred: Expected condition failed: waiting for helper.WaitUtility$5@f66a540 (tried for 30 second(s) with 500 milliseconds interval)
Build info: version: '3.141.59', revision: 'e82be7d358', time: '2018-11-14T08:17:03'
System info: host: 'DPLAP166', ip: '137.237.3.67', os.name: 'Windows 10', os.arch: 'amd64', os.version: '10.0', java.version: '19.0.1'
Driver info: org.openqa.selenium.support.events.EventFiringWebDriver
Capabilities {acceptInsecureCerts: true, browserName: chrome, browserVersion: 121.0.6167.86, chrome: {chromedriverVersion: 121.0.6167.85 (3f98d690ad7e..., userDataDir: C:\Users\dP-PL\AppData\Loca...}, fedcm:accounts: true, goog:chromeOptions: {debuggerAddress: localhost:56015}, javascriptEnabled: true, networkConnectionEnabled: false, pageLoadStrategy: normal, platform: WINDOWS, platformName: WINDOWS, proxy: Proxy(), setWindowRect: true, strictFileInteractability: false, timeouts: {implicit: 0, pageLoad: 300000, script: 30000}, unhandledPromptBehavior: dismiss and notify, webauthn:extension:credBlob: true, webauthn:extension:largeBlob: true, webauthn:extension:minPinLength: true, webauthn:extension:prf: true, webauthn:virtualAuthenticators: true}
Session ID: 5c98c84f1e98987a6378c65613fe2217
2024-01-25 23:06:29,655 [main] ERROR XGLT_15177_Test - Element did not become visible within the specified time: Expected condition failed: waiting for helper.WaitUtility$5@f66a540 (tried for 30 second(s) with 500 milliseconds interval)
Build info: version: '3.141.59', revision: 'e82be7d358', time: '2018-11-14T08:17:03'
System info: host: 'DPLAP166', ip: '137.237.3.67', os.name: 'Windows 10', os.arch: 'amd64', os.version: '10.0', java.version: '19.0.1'
Driver info: org.openqa.selenium.support.events.EventFiringWebDriver
Capabilities {acceptInsecureCerts: true, browserName: chrome, browserVersion: 121.0.6167.86, chrome: {chromedriverVersion: 121.0.6167.85 (3f98d690ad7e..., userDataDir: C:\Users\dP-PL\AppData\Loca...}, fedcm:accounts: true, goog:chromeOptions: {debuggerAddress: localhost:56015}, javascriptEnabled: true, networkConnectionEnabled: false, pageLoadStrategy: normal, platform: WINDOWS, platformName: WINDOWS, proxy: Proxy(), setWindowRect: true, strictFileInteractability: false, timeouts: {implicit: 0, pageLoad: 300000, script: 30000}, unhandledPromptBehavior: dismiss and notify, webauthn:extension:credBlob: true, webauthn:extension:largeBlob: true, webauthn:extension:minPinLength: true, webauthn:extension:prf: true, webauthn:virtualAuthenticators: true}
Session ID: 5c98c84f1e98987a6378c65613fe2217
2024-01-25 23:06:29,655 [main] INFO  base.BaseClass - Trying to find Element By {by.toString()})
2024-01-25 23:06:29,674 [main] INFO  base.BaseClass - Found Element By {by.toString()}
2024-01-25 23:06:29,674 [main] INFO  base.BaseClass - Trying to click on: {element.toString()}
2024-01-25 23:06:29,798 [main] INFO  base.BaseClass - Clicked on: {element.toString()}
2024-01-25 23:06:29,798 [main] INFO  base.BaseClass - Trying to find Element By {by.toString()})
2024-01-25 23:06:29,812 [main] INFO  base.BaseClass - Found Element By {by.toString()}
Writing on Excel file Finished ...
CreateCommodityCode passed!
]]></system-out>
    <system-err><![CDATA[Starting ChromeDriver 121.0.6167.85 (3f98d690ad7e59242ef110144c757b2ac4eef1a2-refs/branch-heads/6167@{#1539}) on port 48122
Only local connections are allowed.
Please see https://chromedriver.chromium.org/security-considerations for suggestions on keeping ChromeDriver safe.
ChromeDriver was started successfully.
Jan 25, 2024 11:01:04 PM org.openqa.selenium.remote.ProtocolHandshake createSession
INFO: Detected dialect: W3C
]]></system-err>
  </testcase>
  <testcase name="CreateNewRetailUnit" classname="XGLT_6751_Test" time="214.797">
    <system-out><![CDATA[2024-01-25 23:06:30,149 [main] INFO  XGLT_15177_Test - closing up browser
2024-01-25 23:06:30,482 [main] INFO  base.BaseClass - Login to XGL
2024-01-25 23:06:30,482 [main] INFO  XGLT_15177_Test - Setting up browser
2024-01-25 23:06:30,506 [main] INFO  io.github.bonigarcia.wdm.WebDriverManager - Using chromedriver 121.0.6167.85 (resolved driver for Chrome 121)
2024-01-25 23:06:30,538 [main] INFO  io.github.bonigarcia.wdm.WebDriverManager - Exporting webdriver.chrome.driver as C:\Users\dP-PL\.cache\selenium\chromedriver\win64\121.0.6167.85\chromedriver.exe
2024-01-25 23:06:31,392 [main] INFO  base.BaseClass - Before navigating to {url}
2024-01-25 23:06:36,909 [main] INFO  base.BaseClass - Navigated to {url}
2024-01-25 23:06:37,282 [main] INFO  base.BaseClass - Trying to find Element By {by.toString()})
2024-01-25 23:06:37,298 [main] INFO  base.BaseClass - Found Element By {by.toString()}
2024-01-25 23:06:37,346 [main] INFO  base.BaseClass - Trying to find Element By {by.toString()})
2024-01-25 23:06:37,361 [main] INFO  base.BaseClass - Found Element By {by.toString()}
2024-01-25 23:06:37,426 [main] INFO  base.BaseClass - Trying to find Element By {by.toString()})
2024-01-25 23:06:37,437 [main] INFO  base.BaseClass - Found Element By {by.toString()}
2024-01-25 23:06:37,437 [main] INFO  base.BaseClass - Trying to click on: {element.toString()}
2024-01-25 23:06:37,474 [main] INFO  base.BaseClass - Clicked on: {element.toString()}
2024-01-25 23:06:37,474 [main] INFO  base.BaseClass - Trying to find Element By {by.toString()})
2024-01-25 23:06:41,074 [main] INFO  base.BaseClass - Found Element By {by.toString()}
2024-01-25 23:06:41,094 [main] INFO  base.BaseClass - Trying to find Element By {by.toString()})
NoSuchElementException occurred: no such element: Unable to locate element: {"method":"xpath","selector":"//div[@class='modal-content']/div/i[contains(@class,'close')]"}
  (Session info: chrome=121.0.6167.86)
For documentation on this error, please visit: https://www.seleniumhq.org/exceptions/no_such_element.html
Build info: version: '3.141.59', revision: 'e82be7d358', time: '2018-11-14T08:17:03'
System info: host: 'DPLAP166', ip: '137.237.3.67', os.name: 'Windows 10', os.arch: 'amd64', os.version: '10.0', java.version: '19.0.1'
Driver info: org.openqa.selenium.chrome.ChromeDriver
Capabilities {acceptInsecureCerts: true, browserName: chrome, browserVersion: 121.0.6167.86, chrome: {chromedriverVersion: 121.0.6167.85 (3f98d690ad7e..., userDataDir: C:\Users\dP-PL\AppData\Loca...}, fedcm:accounts: true, goog:chromeOptions: {debuggerAddress: localhost:56060}, javascriptEnabled: true, networkConnectionEnabled: false, pageLoadStrategy: normal, platform: WINDOWS, platformName: WINDOWS, proxy: Proxy(), setWindowRect: true, strictFileInteractability: false, timeouts: {implicit: 0, pageLoad: 300000, script: 30000}, unhandledPromptBehavior: dismiss and notify, webauthn:extension:credBlob: true, webauthn:extension:largeBlob: true, webauthn:extension:minPinLength: true, webauthn:extension:prf: true, webauthn:virtualAuthenticators: true}
Session ID: 8b95575c0db41e4737a47e7fb700da68
*** Element info: {Using=xpath, value=//div[@class='modal-content']/div/i[contains(@class,'close')]}
Before method Test name: Maintainance Tests
CreateNewRetailUnit started!
2024-01-25 23:07:31,133 [main] INFO  base.BaseClass - Trying to find Element By {by.toString()})
2024-01-25 23:07:31,161 [main] INFO  base.BaseClass - Found Element By {by.toString()}
2024-01-25 23:07:31,701 [main] INFO  base.BaseClass - Trying to find Element By {by.toString()})
2024-01-25 23:07:31,723 [main] INFO  base.BaseClass - Found Element By {by.toString()}
2024-01-25 23:07:32,258 [main] INFO  base.BaseClass - Trying to find Element By {by.toString()})
2024-01-25 23:07:32,278 [main] INFO  base.BaseClass - Found Element By {by.toString()}
2024-01-25 23:07:32,803 [main] INFO  base.BaseClass - Trying to find Element By {by.toString()})
2024-01-25 23:07:32,825 [main] INFO  base.BaseClass - Found Element By {by.toString()}
2024-01-25 23:07:33,373 [main] INFO  base.BaseClass - Trying to find Element By {by.toString()})
2024-01-25 23:07:33,394 [main] INFO  base.BaseClass - Found Element By {by.toString()}
2024-01-25 23:07:33,935 [main] INFO  base.BaseClass - Trying to find Element By {by.toString()})
2024-01-25 23:07:33,957 [main] INFO  base.BaseClass - Found Element By {by.toString()}
2024-01-25 23:07:34,513 [main] INFO  base.BaseClass - Trying to find Element By {by.toString()})
2024-01-25 23:07:34,537 [main] INFO  base.BaseClass - Found Element By {by.toString()}
2024-01-25 23:07:35,074 [main] INFO  base.BaseClass - Trying to find Element By {by.toString()})
2024-01-25 23:07:35,097 [main] INFO  base.BaseClass - Found Element By {by.toString()}
2024-01-25 23:07:35,640 [main] INFO  base.BaseClass - Trying to find Element By {by.toString()})
2024-01-25 23:07:35,662 [main] INFO  base.BaseClass - Found Element By {by.toString()}
2024-01-25 23:07:36,188 [main] INFO  base.BaseClass - Trying to find Element By {by.toString()})
2024-01-25 23:07:36,209 [main] INFO  base.BaseClass - Found Element By {by.toString()}
2024-01-25 23:07:36,741 [main] INFO  base.BaseClass - Trying to find Element By {by.toString()})
2024-01-25 23:07:36,762 [main] INFO  base.BaseClass - Found Element By {by.toString()}
2024-01-25 23:07:37,291 [main] INFO  base.BaseClass - Trying to find Element By {by.toString()})
2024-01-25 23:07:37,305 [main] INFO  base.BaseClass - Found Element By {by.toString()}
2024-01-25 23:07:37,830 [main] INFO  base.BaseClass - Trying to find Element By {by.toString()})
2024-01-25 23:07:37,852 [main] INFO  base.BaseClass - Found Element By {by.toString()}
2024-01-25 23:07:38,383 [main] INFO  base.BaseClass - Trying to find Element By {by.toString()})
2024-01-25 23:07:38,403 [main] INFO  base.BaseClass - Found Element By {by.toString()}
2024-01-25 23:07:38,930 [main] INFO  base.BaseClass - Trying to find Element By {by.toString()})
2024-01-25 23:07:38,944 [main] INFO  base.BaseClass - Found Element By {by.toString()}
2024-01-25 23:07:39,468 [main] INFO  base.BaseClass - Trying to find Element By {by.toString()})
2024-01-25 23:07:39,488 [main] INFO  base.BaseClass - Found Element By {by.toString()}
2024-01-25 23:07:40,025 [main] INFO  base.BaseClass - Trying to find Element By {by.toString()})
2024-01-25 23:07:40,045 [main] INFO  base.BaseClass - Found Element By {by.toString()}
2024-01-25 23:07:40,575 [main] INFO  base.BaseClass - Trying to find Element By {by.toString()})
2024-01-25 23:07:40,595 [main] INFO  base.BaseClass - Found Element By {by.toString()}
2024-01-25 23:07:41,123 [main] INFO  base.BaseClass - Trying to find Element By {by.toString()})
2024-01-25 23:07:41,145 [main] INFO  base.BaseClass - Found Element By {by.toString()}
2024-01-25 23:07:41,688 [main] INFO  base.BaseClass - Trying to find Element By {by.toString()})
2024-01-25 23:07:41,711 [main] INFO  base.BaseClass - Found Element By {by.toString()}
2024-01-25 23:07:42,241 [main] INFO  base.BaseClass - Trying to find Element By {by.toString()})
2024-01-25 23:07:42,262 [main] INFO  base.BaseClass - Found Element By {by.toString()}
2024-01-25 23:07:42,795 [main] INFO  base.BaseClass - Trying to find Element By {by.toString()})
2024-01-25 23:07:42,818 [main] INFO  base.BaseClass - Found Element By {by.toString()}
2024-01-25 23:07:43,362 [main] INFO  base.BaseClass - Trying to find Element By {by.toString()})
2024-01-25 23:07:43,383 [main] INFO  base.BaseClass - Found Element By {by.toString()}
2024-01-25 23:07:43,927 [main] INFO  base.BaseClass - Trying to find Element By {by.toString()})
2024-01-25 23:07:43,948 [main] INFO  base.BaseClass - Found Element By {by.toString()}
2024-01-25 23:07:44,479 [main] INFO  base.BaseClass - Trying to find Element By {by.toString()})
2024-01-25 23:07:44,500 [main] INFO  base.BaseClass - Found Element By {by.toString()}
2024-01-25 23:07:45,029 [main] INFO  base.BaseClass - Trying to find Element By {by.toString()})
2024-01-25 23:07:45,050 [main] INFO  base.BaseClass - Found Element By {by.toString()}
2024-01-25 23:07:45,579 [main] INFO  base.BaseClass - Trying to find Element By {by.toString()})
2024-01-25 23:07:45,601 [main] INFO  base.BaseClass - Found Element By {by.toString()}
2024-01-25 23:07:46,137 [main] INFO  base.BaseClass - Trying to find Element By {by.toString()})
2024-01-25 23:07:46,159 [main] INFO  base.BaseClass - Found Element By {by.toString()}
2024-01-25 23:07:46,687 [main] INFO  base.BaseClass - Trying to find Element By {by.toString()})
2024-01-25 23:07:46,708 [main] INFO  base.BaseClass - Found Element By {by.toString()}
2024-01-25 23:07:47,239 [main] INFO  base.BaseClass - Trying to find Element By {by.toString()})
2024-01-25 23:07:47,261 [main] INFO  base.BaseClass - Found Element By {by.toString()}
2024-01-25 23:07:47,792 [main] INFO  base.BaseClass - Trying to find Element By {by.toString()})
2024-01-25 23:07:47,816 [main] INFO  base.BaseClass - Found Element By {by.toString()}
2024-01-25 23:07:48,349 [main] INFO  base.BaseClass - Trying to find Element By {by.toString()})
2024-01-25 23:07:48,372 [main] INFO  base.BaseClass - Found Element By {by.toString()}
2024-01-25 23:07:48,903 [main] INFO  base.BaseClass - Trying to find Element By {by.toString()})
2024-01-25 23:07:48,925 [main] INFO  base.BaseClass - Found Element By {by.toString()}
2024-01-25 23:07:49,457 [main] INFO  base.BaseClass - Trying to find Element By {by.toString()})
2024-01-25 23:07:49,477 [main] INFO  base.BaseClass - Found Element By {by.toString()}
2024-01-25 23:07:50,007 [main] INFO  base.BaseClass - Trying to find Element By {by.toString()})
2024-01-25 23:07:50,030 [main] INFO  base.BaseClass - Found Element By {by.toString()}
2024-01-25 23:07:50,549 [main] INFO  base.BaseClass - Trying to find Element By {by.toString()})
2024-01-25 23:07:50,570 [main] INFO  base.BaseClass - Found Element By {by.toString()}
2024-01-25 23:07:51,103 [main] INFO  base.BaseClass - Trying to find Element By {by.toString()})
2024-01-25 23:07:51,125 [main] INFO  base.BaseClass - Found Element By {by.toString()}
2024-01-25 23:07:51,658 [main] INFO  base.BaseClass - Trying to find Element By {by.toString()})
2024-01-25 23:07:51,680 [main] INFO  base.BaseClass - Found Element By {by.toString()}
2024-01-25 23:07:52,201 [main] INFO  base.BaseClass - Trying to find Element By {by.toString()})
2024-01-25 23:07:52,223 [main] INFO  base.BaseClass - Found Element By {by.toString()}
2024-01-25 23:07:52,758 [main] INFO  base.BaseClass - Trying to find Element By {by.toString()})
2024-01-25 23:07:52,779 [main] INFO  base.BaseClass - Found Element By {by.toString()}
2024-01-25 23:07:53,313 [main] INFO  base.BaseClass - Trying to find Element By {by.toString()})
2024-01-25 23:07:53,335 [main] INFO  base.BaseClass - Found Element By {by.toString()}
2024-01-25 23:07:53,870 [main] INFO  base.BaseClass - Trying to find Element By {by.toString()})
2024-01-25 23:07:53,893 [main] INFO  base.BaseClass - Found Element By {by.toString()}
2024-01-25 23:07:54,428 [main] INFO  base.BaseClass - Trying to find Element By {by.toString()})
2024-01-25 23:07:54,451 [main] INFO  base.BaseClass - Found Element By {by.toString()}
2024-01-25 23:07:54,983 [main] INFO  base.BaseClass - Trying to find Element By {by.toString()})
2024-01-25 23:07:55,005 [main] INFO  base.BaseClass - Found Element By {by.toString()}
2024-01-25 23:07:55,536 [main] INFO  base.BaseClass - Trying to find Element By {by.toString()})
2024-01-25 23:07:55,556 [main] INFO  base.BaseClass - Found Element By {by.toString()}
2024-01-25 23:07:56,100 [main] INFO  base.BaseClass - Trying to find Element By {by.toString()})
2024-01-25 23:07:56,122 [main] INFO  base.BaseClass - Found Element By {by.toString()}
2024-01-25 23:07:56,654 [main] INFO  base.BaseClass - Trying to find Element By {by.toString()})
2024-01-25 23:07:56,671 [main] INFO  base.BaseClass - Found Element By {by.toString()}
2024-01-25 23:07:57,199 [main] INFO  base.BaseClass - Trying to find Element By {by.toString()})
2024-01-25 23:07:57,221 [main] INFO  base.BaseClass - Found Element By {by.toString()}
2024-01-25 23:07:57,753 [main] INFO  base.BaseClass - Trying to find Element By {by.toString()})
2024-01-25 23:07:57,777 [main] INFO  base.BaseClass - Found Element By {by.toString()}
2024-01-25 23:07:58,321 [main] INFO  base.BaseClass - Trying to find Element By {by.toString()})
2024-01-25 23:07:58,343 [main] INFO  base.BaseClass - Found Element By {by.toString()}
2024-01-25 23:07:58,876 [main] INFO  base.BaseClass - Trying to find Element By {by.toString()})
2024-01-25 23:07:58,899 [main] INFO  base.BaseClass - Found Element By {by.toString()}
2024-01-25 23:07:59,433 [main] INFO  base.BaseClass - Trying to find Element By {by.toString()})
2024-01-25 23:07:59,453 [main] INFO  base.BaseClass - Found Element By {by.toString()}
2024-01-25 23:07:59,985 [main] INFO  base.BaseClass - Trying to find Element By {by.toString()})
2024-01-25 23:08:00,008 [main] INFO  base.BaseClass - Found Element By {by.toString()}
2024-01-25 23:08:00,537 [main] INFO  base.BaseClass - Trying to find Element By {by.toString()})
2024-01-25 23:08:00,558 [main] INFO  base.BaseClass - Found Element By {by.toString()}
2024-01-25 23:08:01,090 [main] INFO  base.BaseClass - Trying to find Element By {by.toString()})
2024-01-25 23:08:01,111 [main] INFO  base.BaseClass - Found Element By {by.toString()}
TimeoutException occurred: Expected condition failed: waiting for helper.WaitUtility$5@2bfba782 (tried for 30 second(s) with 500 milliseconds interval)
Build info: version: '3.141.59', revision: 'e82be7d358', time: '2018-11-14T08:17:03'
System info: host: 'DPLAP166', ip: '137.237.3.67', os.name: 'Windows 10', os.arch: 'amd64', os.version: '10.0', java.version: '19.0.1'
Driver info: org.openqa.selenium.support.events.EventFiringWebDriver
Capabilities {acceptInsecureCerts: true, browserName: chrome, browserVersion: 121.0.6167.86, chrome: {chromedriverVersion: 121.0.6167.85 (3f98d690ad7e..., userDataDir: C:\Users\dP-PL\AppData\Loca...}, fedcm:accounts: true, goog:chromeOptions: {debuggerAddress: localhost:56060}, javascriptEnabled: true, networkConnectionEnabled: false, pageLoadStrategy: normal, platform: WINDOWS, platformName: WINDOWS, proxy: Proxy(), setWindowRect: true, strictFileInteractability: false, timeouts: {implicit: 0, pageLoad: 300000, script: 30000}, unhandledPromptBehavior: dismiss and notify, webauthn:extension:credBlob: true, webauthn:extension:largeBlob: true, webauthn:extension:minPinLength: true, webauthn:extension:prf: true, webauthn:virtualAuthenticators: true}
Session ID: 8b95575c0db41e4737a47e7fb700da68
2024-01-25 23:08:01,144 [main] ERROR XGLT_15177_Test - Element did not become visible within the specified time: Expected condition failed: waiting for helper.WaitUtility$5@2bfba782 (tried for 30 second(s) with 500 milliseconds interval)
Build info: version: '3.141.59', revision: 'e82be7d358', time: '2018-11-14T08:17:03'
System info: host: 'DPLAP166', ip: '137.237.3.67', os.name: 'Windows 10', os.arch: 'amd64', os.version: '10.0', java.version: '19.0.1'
Driver info: org.openqa.selenium.support.events.EventFiringWebDriver
Capabilities {acceptInsecureCerts: true, browserName: chrome, browserVersion: 121.0.6167.86, chrome: {chromedriverVersion: 121.0.6167.85 (3f98d690ad7e..., userDataDir: C:\Users\dP-PL\AppData\Loca...}, fedcm:accounts: true, goog:chromeOptions: {debuggerAddress: localhost:56060}, javascriptEnabled: true, networkConnectionEnabled: false, pageLoadStrategy: normal, platform: WINDOWS, platformName: WINDOWS, proxy: Proxy(), setWindowRect: true, strictFileInteractability: false, timeouts: {implicit: 0, pageLoad: 300000, script: 30000}, unhandledPromptBehavior: dismiss and notify, webauthn:extension:credBlob: true, webauthn:extension:largeBlob: true, webauthn:extension:minPinLength: true, webauthn:extension:prf: true, webauthn:virtualAuthenticators: true}
Session ID: 8b95575c0db41e4737a47e7fb700da68
2024-01-25 23:08:01,144 [main] INFO  base.BaseClass - Trying to find Element By {by.toString()})
2024-01-25 23:08:01,165 [main] INFO  base.BaseClass - Found Element By {by.toString()}
2024-01-25 23:08:01,165 [main] INFO  base.BaseClass - Trying to click on: {element.toString()}
2024-01-25 23:08:01,303 [main] INFO  base.BaseClass - Clicked on: {element.toString()}
2024-01-25 23:08:01,303 [main] INFO  base.BaseClass - Trying to find Element By {by.toString()})
2024-01-25 23:08:01,317 [main] INFO  base.BaseClass - Found Element By {by.toString()}
2024-01-25 23:08:01,829 [main] INFO  base.BaseClass - Trying to find Element By {by.toString()})
2024-01-25 23:08:01,853 [main] INFO  base.BaseClass - Found Element By {by.toString()}
2024-01-25 23:08:02,389 [main] INFO  base.BaseClass - Trying to find Element By {by.toString()})
2024-01-25 23:08:02,406 [main] INFO  base.BaseClass - Found Element By {by.toString()}
2024-01-25 23:08:02,930 [main] INFO  base.BaseClass - Trying to find Element By {by.toString()})
2024-01-25 23:08:02,951 [main] INFO  base.BaseClass - Found Element By {by.toString()}
2024-01-25 23:08:03,492 [main] INFO  base.BaseClass - Trying to find Element By {by.toString()})
2024-01-25 23:08:03,517 [main] INFO  base.BaseClass - Found Element By {by.toString()}
2024-01-25 23:08:04,053 [main] INFO  base.BaseClass - Trying to find Element By {by.toString()})
2024-01-25 23:08:04,076 [main] INFO  base.BaseClass - Found Element By {by.toString()}
2024-01-25 23:08:04,598 [main] INFO  base.BaseClass - Trying to find Element By {by.toString()})
2024-01-25 23:08:04,622 [main] INFO  base.BaseClass - Found Element By {by.toString()}
2024-01-25 23:08:05,157 [main] INFO  base.BaseClass - Trying to find Element By {by.toString()})
2024-01-25 23:08:05,179 [main] INFO  base.BaseClass - Found Element By {by.toString()}
2024-01-25 23:08:05,712 [main] INFO  base.BaseClass - Trying to find Element By {by.toString()})
2024-01-25 23:08:05,734 [main] INFO  base.BaseClass - Found Element By {by.toString()}
2024-01-25 23:08:06,272 [main] INFO  base.BaseClass - Trying to find Element By {by.toString()})
2024-01-25 23:08:06,296 [main] INFO  base.BaseClass - Found Element By {by.toString()}
2024-01-25 23:08:06,832 [main] INFO  base.BaseClass - Trying to find Element By {by.toString()})
2024-01-25 23:08:06,845 [main] INFO  base.BaseClass - Found Element By {by.toString()}
2024-01-25 23:08:07,372 [main] INFO  base.BaseClass - Trying to find Element By {by.toString()})
2024-01-25 23:08:07,389 [main] INFO  base.BaseClass - Found Element By {by.toString()}
2024-01-25 23:08:07,910 [main] INFO  base.BaseClass - Trying to find Element By {by.toString()})
2024-01-25 23:08:07,927 [main] INFO  base.BaseClass - Found Element By {by.toString()}
2024-01-25 23:08:08,451 [main] INFO  base.BaseClass - Trying to find Element By {by.toString()})
2024-01-25 23:08:08,462 [main] INFO  base.BaseClass - Found Element By {by.toString()}
2024-01-25 23:08:08,986 [main] INFO  base.BaseClass - Trying to find Element By {by.toString()})
2024-01-25 23:08:08,999 [main] INFO  base.BaseClass - Found Element By {by.toString()}
2024-01-25 23:08:09,516 [main] INFO  base.BaseClass - Trying to find Element By {by.toString()})
2024-01-25 23:08:09,539 [main] INFO  base.BaseClass - Found Element By {by.toString()}
2024-01-25 23:08:10,069 [main] INFO  base.BaseClass - Trying to find Element By {by.toString()})
2024-01-25 23:08:10,086 [main] INFO  base.BaseClass - Found Element By {by.toString()}
2024-01-25 23:08:10,623 [main] INFO  base.BaseClass - Trying to find Element By {by.toString()})
2024-01-25 23:08:10,646 [main] INFO  base.BaseClass - Found Element By {by.toString()}
2024-01-25 23:08:11,182 [main] INFO  base.BaseClass - Trying to find Element By {by.toString()})
2024-01-25 23:08:11,207 [main] INFO  base.BaseClass - Found Element By {by.toString()}
2024-01-25 23:08:11,736 [main] INFO  base.BaseClass - Trying to find Element By {by.toString()})
2024-01-25 23:08:11,761 [main] INFO  base.BaseClass - Found Element By {by.toString()}
2024-01-25 23:08:12,304 [main] INFO  base.BaseClass - Trying to find Element By {by.toString()})
2024-01-25 23:08:12,322 [main] INFO  base.BaseClass - Found Element By {by.toString()}
2024-01-25 23:08:12,862 [main] INFO  base.BaseClass - Trying to find Element By {by.toString()})
2024-01-25 23:08:12,886 [main] INFO  base.BaseClass - Found Element By {by.toString()}
2024-01-25 23:08:13,423 [main] INFO  base.BaseClass - Trying to find Element By {by.toString()})
2024-01-25 23:08:13,449 [main] INFO  base.BaseClass - Found Element By {by.toString()}
2024-01-25 23:08:13,980 [main] INFO  base.BaseClass - Trying to find Element By {by.toString()})
2024-01-25 23:08:14,000 [main] INFO  base.BaseClass - Found Element By {by.toString()}
2024-01-25 23:08:14,532 [main] INFO  base.BaseClass - Trying to find Element By {by.toString()})
2024-01-25 23:08:14,556 [main] INFO  base.BaseClass - Found Element By {by.toString()}
2024-01-25 23:08:15,084 [main] INFO  base.BaseClass - Trying to find Element By {by.toString()})
2024-01-25 23:08:15,108 [main] INFO  base.BaseClass - Found Element By {by.toString()}
2024-01-25 23:08:15,637 [main] INFO  base.BaseClass - Trying to find Element By {by.toString()})
2024-01-25 23:08:15,654 [main] INFO  base.BaseClass - Found Element By {by.toString()}
2024-01-25 23:08:16,181 [main] INFO  base.BaseClass - Trying to find Element By {by.toString()})
2024-01-25 23:08:16,205 [main] INFO  base.BaseClass - Found Element By {by.toString()}
2024-01-25 23:08:16,728 [main] INFO  base.BaseClass - Trying to find Element By {by.toString()})
2024-01-25 23:08:16,748 [main] INFO  base.BaseClass - Found Element By {by.toString()}
2024-01-25 23:08:17,273 [main] INFO  base.BaseClass - Trying to find Element By {by.toString()})
2024-01-25 23:08:17,297 [main] INFO  base.BaseClass - Found Element By {by.toString()}
2024-01-25 23:08:17,848 [main] INFO  base.BaseClass - Trying to find Element By {by.toString()})
2024-01-25 23:08:17,864 [main] INFO  base.BaseClass - Found Element By {by.toString()}
2024-01-25 23:08:18,404 [main] INFO  base.BaseClass - Trying to find Element By {by.toString()})
2024-01-25 23:08:18,429 [main] INFO  base.BaseClass - Found Element By {by.toString()}
2024-01-25 23:08:18,968 [main] INFO  base.BaseClass - Trying to find Element By {by.toString()})
2024-01-25 23:08:18,993 [main] INFO  base.BaseClass - Found Element By {by.toString()}
2024-01-25 23:08:19,530 [main] INFO  base.BaseClass - Trying to find Element By {by.toString()})
2024-01-25 23:08:19,553 [main] INFO  base.BaseClass - Found Element By {by.toString()}
2024-01-25 23:08:20,088 [main] INFO  base.BaseClass - Trying to find Element By {by.toString()})
2024-01-25 23:08:20,113 [main] INFO  base.BaseClass - Found Element By {by.toString()}
2024-01-25 23:08:20,651 [main] INFO  base.BaseClass - Trying to find Element By {by.toString()})
2024-01-25 23:08:20,677 [main] INFO  base.BaseClass - Found Element By {by.toString()}
2024-01-25 23:08:21,210 [main] INFO  base.BaseClass - Trying to find Element By {by.toString()})
2024-01-25 23:08:21,217 [main] INFO  base.BaseClass - Found Element By {by.toString()}
2024-01-25 23:08:21,731 [main] INFO  base.BaseClass - Trying to find Element By {by.toString()})
2024-01-25 23:08:21,748 [main] INFO  base.BaseClass - Found Element By {by.toString()}
2024-01-25 23:08:22,280 [main] INFO  base.BaseClass - Trying to find Element By {by.toString()})
2024-01-25 23:08:22,303 [main] INFO  base.BaseClass - Found Element By {by.toString()}
2024-01-25 23:08:22,838 [main] INFO  base.BaseClass - Trying to find Element By {by.toString()})
2024-01-25 23:08:22,863 [main] INFO  base.BaseClass - Found Element By {by.toString()}
2024-01-25 23:08:23,396 [main] INFO  base.BaseClass - Trying to find Element By {by.toString()})
2024-01-25 23:08:23,418 [main] INFO  base.BaseClass - Found Element By {by.toString()}
2024-01-25 23:08:23,951 [main] INFO  base.BaseClass - Trying to find Element By {by.toString()})
2024-01-25 23:08:23,973 [main] INFO  base.BaseClass - Found Element By {by.toString()}
2024-01-25 23:08:24,503 [main] INFO  base.BaseClass - Trying to find Element By {by.toString()})
2024-01-25 23:08:24,522 [main] INFO  base.BaseClass - Found Element By {by.toString()}
2024-01-25 23:08:25,049 [main] INFO  base.BaseClass - Trying to find Element By {by.toString()})
2024-01-25 23:08:25,072 [main] INFO  base.BaseClass - Found Element By {by.toString()}
2024-01-25 23:08:25,605 [main] INFO  base.BaseClass - Trying to find Element By {by.toString()})
2024-01-25 23:08:25,629 [main] INFO  base.BaseClass - Found Element By {by.toString()}
2024-01-25 23:08:26,165 [main] INFO  base.BaseClass - Trying to find Element By {by.toString()})
2024-01-25 23:08:26,188 [main] INFO  base.BaseClass - Found Element By {by.toString()}
2024-01-25 23:08:26,733 [main] INFO  base.BaseClass - Trying to find Element By {by.toString()})
2024-01-25 23:08:26,757 [main] INFO  base.BaseClass - Found Element By {by.toString()}
2024-01-25 23:08:27,298 [main] INFO  base.BaseClass - Trying to find Element By {by.toString()})
2024-01-25 23:08:27,322 [main] INFO  base.BaseClass - Found Element By {by.toString()}
2024-01-25 23:08:27,860 [main] INFO  base.BaseClass - Trying to find Element By {by.toString()})
2024-01-25 23:08:27,886 [main] INFO  base.BaseClass - Found Element By {by.toString()}
2024-01-25 23:08:28,422 [main] INFO  base.BaseClass - Trying to find Element By {by.toString()})
2024-01-25 23:08:28,445 [main] INFO  base.BaseClass - Found Element By {by.toString()}
2024-01-25 23:08:28,981 [main] INFO  base.BaseClass - Trying to find Element By {by.toString()})
2024-01-25 23:08:29,005 [main] INFO  base.BaseClass - Found Element By {by.toString()}
2024-01-25 23:08:29,534 [main] INFO  base.BaseClass - Trying to find Element By {by.toString()})
2024-01-25 23:08:29,559 [main] INFO  base.BaseClass - Found Element By {by.toString()}
2024-01-25 23:08:30,096 [main] INFO  base.BaseClass - Trying to find Element By {by.toString()})
2024-01-25 23:08:30,120 [main] INFO  base.BaseClass - Found Element By {by.toString()}
2024-01-25 23:08:30,653 [main] INFO  base.BaseClass - Trying to find Element By {by.toString()})
2024-01-25 23:08:30,674 [main] INFO  base.BaseClass - Found Element By {by.toString()}
2024-01-25 23:08:31,205 [main] INFO  base.BaseClass - Trying to find Element By {by.toString()})
2024-01-25 23:08:31,214 [main] INFO  base.BaseClass - Found Element By {by.toString()}
2024-01-25 23:08:31,727 [main] INFO  base.BaseClass - Trying to find Element By {by.toString()})
2024-01-25 23:08:31,750 [main] INFO  base.BaseClass - Found Element By {by.toString()}
TimeoutException occurred: Expected condition failed: waiting for helper.WaitUtility$5@100d13d1 (tried for 30 second(s) with 500 milliseconds interval)
Build info: version: '3.141.59', revision: 'e82be7d358', time: '2018-11-14T08:17:03'
System info: host: 'DPLAP166', ip: '137.237.3.67', os.name: 'Windows 10', os.arch: 'amd64', os.version: '10.0', java.version: '19.0.1'
Driver info: org.openqa.selenium.support.events.EventFiringWebDriver
Capabilities {acceptInsecureCerts: true, browserName: chrome, browserVersion: 121.0.6167.86, chrome: {chromedriverVersion: 121.0.6167.85 (3f98d690ad7e..., userDataDir: C:\Users\dP-PL\AppData\Loca...}, fedcm:accounts: true, goog:chromeOptions: {debuggerAddress: localhost:56060}, javascriptEnabled: true, networkConnectionEnabled: false, pageLoadStrategy: normal, platform: WINDOWS, platformName: WINDOWS, proxy: Proxy(), setWindowRect: true, strictFileInteractability: false, timeouts: {implicit: 0, pageLoad: 300000, script: 30000}, unhandledPromptBehavior: dismiss and notify, webauthn:extension:credBlob: true, webauthn:extension:largeBlob: true, webauthn:extension:minPinLength: true, webauthn:extension:prf: true, webauthn:virtualAuthenticators: true}
Session ID: 8b95575c0db41e4737a47e7fb700da68
2024-01-25 23:08:31,783 [main] ERROR XGLT_15177_Test - Element did not become visible within the specified time: Expected condition failed: waiting for helper.WaitUtility$5@100d13d1 (tried for 30 second(s) with 500 milliseconds interval)
Build info: version: '3.141.59', revision: 'e82be7d358', time: '2018-11-14T08:17:03'
System info: host: 'DPLAP166', ip: '137.237.3.67', os.name: 'Windows 10', os.arch: 'amd64', os.version: '10.0', java.version: '19.0.1'
Driver info: org.openqa.selenium.support.events.EventFiringWebDriver
Capabilities {acceptInsecureCerts: true, browserName: chrome, browserVersion: 121.0.6167.86, chrome: {chromedriverVersion: 121.0.6167.85 (3f98d690ad7e..., userDataDir: C:\Users\dP-PL\AppData\Loca...}, fedcm:accounts: true, goog:chromeOptions: {debuggerAddress: localhost:56060}, javascriptEnabled: true, networkConnectionEnabled: false, pageLoadStrategy: normal, platform: WINDOWS, platformName: WINDOWS, proxy: Proxy(), setWindowRect: true, strictFileInteractability: false, timeouts: {implicit: 0, pageLoad: 300000, script: 30000}, unhandledPromptBehavior: dismiss and notify, webauthn:extension:credBlob: true, webauthn:extension:largeBlob: true, webauthn:extension:minPinLength: true, webauthn:extension:prf: true, webauthn:virtualAuthenticators: true}
Session ID: 8b95575c0db41e4737a47e7fb700da68
2024-01-25 23:08:31,783 [main] INFO  base.BaseClass - Trying to find Element By {by.toString()})
2024-01-25 23:08:31,804 [main] INFO  base.BaseClass - Found Element By {by.toString()}
2024-01-25 23:08:31,804 [main] INFO  base.BaseClass - Trying to click on: {element.toString()}
2024-01-25 23:08:31,996 [main] INFO  base.BaseClass - Clicked on: {element.toString()}
2024-01-25 23:08:31,996 [main] INFO  base.BaseClass - Trying to find Element By {by.toString()})
2024-01-25 23:08:32,018 [main] INFO  base.BaseClass - Found Element By {by.toString()}
2024-01-25 23:08:32,033 [main] INFO  base.BaseClass - Trying to find Element By {by.toString()})
2024-01-25 23:08:32,046 [main] INFO  base.BaseClass - Found Element By {by.toString()}
2024-01-25 23:08:32,571 [main] INFO  base.BaseClass - Trying to find Element By {by.toString()})
2024-01-25 23:08:32,596 [main] INFO  base.BaseClass - Found Element By {by.toString()}
2024-01-25 23:08:33,132 [main] INFO  base.BaseClass - Trying to find Element By {by.toString()})
2024-01-25 23:08:33,160 [main] INFO  base.BaseClass - Found Element By {by.toString()}
2024-01-25 23:08:33,699 [main] INFO  base.BaseClass - Trying to find Element By {by.toString()})
2024-01-25 23:08:33,708 [main] INFO  base.BaseClass - Found Element By {by.toString()}
2024-01-25 23:08:34,230 [main] INFO  base.BaseClass - Trying to find Element By {by.toString()})
2024-01-25 23:08:34,240 [main] INFO  base.BaseClass - Found Element By {by.toString()}
2024-01-25 23:08:34,753 [main] INFO  base.BaseClass - Trying to find Element By {by.toString()})
2024-01-25 23:08:34,762 [main] INFO  base.BaseClass - Found Element By {by.toString()}
2024-01-25 23:08:35,274 [main] INFO  base.BaseClass - Trying to find Element By {by.toString()})
2024-01-25 23:08:35,302 [main] INFO  base.BaseClass - Found Element By {by.toString()}
2024-01-25 23:08:35,840 [main] INFO  base.BaseClass - Trying to find Element By {by.toString()})
2024-01-25 23:08:35,856 [main] INFO  base.BaseClass - Found Element By {by.toString()}
2024-01-25 23:08:36,381 [main] INFO  base.BaseClass - Trying to find Element By {by.toString()})
2024-01-25 23:08:36,405 [main] INFO  base.BaseClass - Found Element By {by.toString()}
2024-01-25 23:08:36,940 [main] INFO  base.BaseClass - Trying to find Element By {by.toString()})
2024-01-25 23:08:36,959 [main] INFO  base.BaseClass - Found Element By {by.toString()}
2024-01-25 23:08:37,494 [main] INFO  base.BaseClass - Trying to find Element By {by.toString()})
2024-01-25 23:08:37,518 [main] INFO  base.BaseClass - Found Element By {by.toString()}
2024-01-25 23:08:38,053 [main] INFO  base.BaseClass - Trying to find Element By {by.toString()})
2024-01-25 23:08:38,077 [main] INFO  base.BaseClass - Found Element By {by.toString()}
2024-01-25 23:08:38,604 [main] INFO  base.BaseClass - Trying to find Element By {by.toString()})
2024-01-25 23:08:38,615 [main] INFO  base.BaseClass - Found Element By {by.toString()}
2024-01-25 23:08:39,138 [main] INFO  base.BaseClass - Trying to find Element By {by.toString()})
2024-01-25 23:08:39,162 [main] INFO  base.BaseClass - Found Element By {by.toString()}
2024-01-25 23:08:39,704 [main] INFO  base.BaseClass - Trying to find Element By {by.toString()})
2024-01-25 23:08:39,728 [main] INFO  base.BaseClass - Found Element By {by.toString()}
2024-01-25 23:08:40,259 [main] INFO  base.BaseClass - Trying to find Element By {by.toString()})
2024-01-25 23:08:40,284 [main] INFO  base.BaseClass - Found Element By {by.toString()}
2024-01-25 23:08:40,821 [main] INFO  base.BaseClass - Trying to find Element By {by.toString()})
2024-01-25 23:08:40,845 [main] INFO  base.BaseClass - Found Element By {by.toString()}
2024-01-25 23:08:41,380 [main] INFO  base.BaseClass - Trying to find Element By {by.toString()})
2024-01-25 23:08:41,401 [main] INFO  base.BaseClass - Found Element By {by.toString()}
2024-01-25 23:08:41,935 [main] INFO  base.BaseClass - Trying to find Element By {by.toString()})
2024-01-25 23:08:41,957 [main] INFO  base.BaseClass - Found Element By {by.toString()}
2024-01-25 23:08:42,505 [main] INFO  base.BaseClass - Trying to find Element By {by.toString()})
2024-01-25 23:08:42,528 [main] INFO  base.BaseClass - Found Element By {by.toString()}
2024-01-25 23:08:43,057 [main] INFO  base.BaseClass - Trying to find Element By {by.toString()})
2024-01-25 23:08:43,081 [main] INFO  base.BaseClass - Found Element By {by.toString()}
2024-01-25 23:08:43,616 [main] INFO  base.BaseClass - Trying to find Element By {by.toString()})
2024-01-25 23:08:43,641 [main] INFO  base.BaseClass - Found Element By {by.toString()}
2024-01-25 23:08:44,184 [main] INFO  base.BaseClass - Trying to find Element By {by.toString()})
2024-01-25 23:08:44,207 [main] INFO  base.BaseClass - Found Element By {by.toString()}
2024-01-25 23:08:44,738 [main] INFO  base.BaseClass - Trying to find Element By {by.toString()})
2024-01-25 23:08:44,761 [main] INFO  base.BaseClass - Found Element By {by.toString()}
2024-01-25 23:08:45,290 [main] INFO  base.BaseClass - Trying to find Element By {by.toString()})
2024-01-25 23:08:45,311 [main] INFO  base.BaseClass - Found Element By {by.toString()}
2024-01-25 23:08:45,835 [main] INFO  base.BaseClass - Trying to find Element By {by.toString()})
2024-01-25 23:08:45,858 [main] INFO  base.BaseClass - Found Element By {by.toString()}
2024-01-25 23:08:46,391 [main] INFO  base.BaseClass - Trying to find Element By {by.toString()})
2024-01-25 23:08:46,414 [main] INFO  base.BaseClass - Found Element By {by.toString()}
2024-01-25 23:08:46,949 [main] INFO  base.BaseClass - Trying to find Element By {by.toString()})
2024-01-25 23:08:46,972 [main] INFO  base.BaseClass - Found Element By {by.toString()}
2024-01-25 23:08:47,506 [main] INFO  base.BaseClass - Trying to find Element By {by.toString()})
2024-01-25 23:08:47,525 [main] INFO  base.BaseClass - Found Element By {by.toString()}
2024-01-25 23:08:48,045 [main] INFO  base.BaseClass - Trying to find Element By {by.toString()})
2024-01-25 23:08:48,068 [main] INFO  base.BaseClass - Found Element By {by.toString()}
2024-01-25 23:08:48,600 [main] INFO  base.BaseClass - Trying to find Element By {by.toString()})
2024-01-25 23:08:48,623 [main] INFO  base.BaseClass - Found Element By {by.toString()}
2024-01-25 23:08:49,152 [main] INFO  base.BaseClass - Trying to find Element By {by.toString()})
2024-01-25 23:08:49,175 [main] INFO  base.BaseClass - Found Element By {by.toString()}
2024-01-25 23:08:49,709 [main] INFO  base.BaseClass - Trying to find Element By {by.toString()})
2024-01-25 23:08:49,731 [main] INFO  base.BaseClass - Found Element By {by.toString()}
2024-01-25 23:08:50,262 [main] INFO  base.BaseClass - Trying to find Element By {by.toString()})
2024-01-25 23:08:50,283 [main] INFO  base.BaseClass - Found Element By {by.toString()}
2024-01-25 23:08:50,819 [main] INFO  base.BaseClass - Trying to find Element By {by.toString()})
2024-01-25 23:08:50,841 [main] INFO  base.BaseClass - Found Element By {by.toString()}
2024-01-25 23:08:51,373 [main] INFO  base.BaseClass - Trying to find Element By {by.toString()})
2024-01-25 23:08:51,384 [main] INFO  base.BaseClass - Found Element By {by.toString()}
2024-01-25 23:08:51,900 [main] INFO  base.BaseClass - Trying to find Element By {by.toString()})
2024-01-25 23:08:51,925 [main] INFO  base.BaseClass - Found Element By {by.toString()}
2024-01-25 23:08:52,462 [main] INFO  base.BaseClass - Trying to find Element By {by.toString()})
2024-01-25 23:08:52,485 [main] INFO  base.BaseClass - Found Element By {by.toString()}
2024-01-25 23:08:53,017 [main] INFO  base.BaseClass - Trying to find Element By {by.toString()})
2024-01-25 23:08:53,040 [main] INFO  base.BaseClass - Found Element By {by.toString()}
2024-01-25 23:08:53,575 [main] INFO  base.BaseClass - Trying to find Element By {by.toString()})
2024-01-25 23:08:53,599 [main] INFO  base.BaseClass - Found Element By {by.toString()}
2024-01-25 23:08:54,131 [main] INFO  base.BaseClass - Trying to find Element By {by.toString()})
2024-01-25 23:08:54,155 [main] INFO  base.BaseClass - Found Element By {by.toString()}
2024-01-25 23:08:54,705 [main] INFO  base.BaseClass - Trying to find Element By {by.toString()})
2024-01-25 23:08:54,728 [main] INFO  base.BaseClass - Found Element By {by.toString()}
2024-01-25 23:08:55,250 [main] INFO  base.BaseClass - Trying to find Element By {by.toString()})
2024-01-25 23:08:55,274 [main] INFO  base.BaseClass - Found Element By {by.toString()}
2024-01-25 23:08:55,797 [main] INFO  base.BaseClass - Trying to find Element By {by.toString()})
2024-01-25 23:08:55,822 [main] INFO  base.BaseClass - Found Element By {by.toString()}
2024-01-25 23:08:56,356 [main] INFO  base.BaseClass - Trying to find Element By {by.toString()})
2024-01-25 23:08:56,417 [main] INFO  base.BaseClass - Found Element By {by.toString()}
2024-01-25 23:08:56,939 [main] INFO  base.BaseClass - Trying to find Element By {by.toString()})
2024-01-25 23:08:57,095 [main] INFO  base.BaseClass - Found Element By {by.toString()}
2024-01-25 23:08:57,626 [main] INFO  base.BaseClass - Trying to find Element By {by.toString()})
2024-01-25 23:08:57,649 [main] INFO  base.BaseClass - Found Element By {by.toString()}
2024-01-25 23:08:58,175 [main] INFO  base.BaseClass - Trying to find Element By {by.toString()})
2024-01-25 23:08:58,200 [main] INFO  base.BaseClass - Found Element By {by.toString()}
2024-01-25 23:08:58,736 [main] INFO  base.BaseClass - Trying to find Element By {by.toString()})
2024-01-25 23:08:58,757 [main] INFO  base.BaseClass - Found Element By {by.toString()}
2024-01-25 23:08:59,293 [main] INFO  base.BaseClass - Trying to find Element By {by.toString()})
2024-01-25 23:08:59,317 [main] INFO  base.BaseClass - Found Element By {by.toString()}
2024-01-25 23:08:59,843 [main] INFO  base.BaseClass - Trying to find Element By {by.toString()})
2024-01-25 23:08:59,955 [main] INFO  base.BaseClass - Found Element By {by.toString()}
2024-01-25 23:09:00,484 [main] INFO  base.BaseClass - Trying to find Element By {by.toString()})
2024-01-25 23:09:00,508 [main] INFO  base.BaseClass - Found Element By {by.toString()}
2024-01-25 23:09:01,034 [main] INFO  base.BaseClass - Trying to find Element By {by.toString()})
2024-01-25 23:09:01,057 [main] INFO  base.BaseClass - Found Element By {by.toString()}
2024-01-25 23:09:01,585 [main] INFO  base.BaseClass - Trying to find Element By {by.toString()})
2024-01-25 23:09:01,609 [main] INFO  base.BaseClass - Found Element By {by.toString()}
2024-01-25 23:09:02,142 [main] INFO  base.BaseClass - Trying to find Element By {by.toString()})
2024-01-25 23:09:02,165 [main] INFO  base.BaseClass - Found Element By {by.toString()}
TimeoutException occurred: Expected condition failed: waiting for helper.WaitUtility$5@3626a835 (tried for 30 second(s) with 500 milliseconds interval)
Build info: version: '3.141.59', revision: 'e82be7d358', time: '2018-11-14T08:17:03'
System info: host: 'DPLAP166', ip: '137.237.3.67', os.name: 'Windows 10', os.arch: 'amd64', os.version: '10.0', java.version: '19.0.1'
Driver info: org.openqa.selenium.support.events.EventFiringWebDriver
Capabilities {acceptInsecureCerts: true, browserName: chrome, browserVersion: 121.0.6167.86, chrome: {chromedriverVersion: 121.0.6167.85 (3f98d690ad7e..., userDataDir: C:\Users\dP-PL\AppData\Loca...}, fedcm:accounts: true, goog:chromeOptions: {debuggerAddress: localhost:56060}, javascriptEnabled: true, networkConnectionEnabled: false, pageLoadStrategy: normal, platform: WINDOWS, platformName: WINDOWS, proxy: Proxy(), setWindowRect: true, strictFileInteractability: false, timeouts: {implicit: 0, pageLoad: 300000, script: 30000}, unhandledPromptBehavior: dismiss and notify, webauthn:extension:credBlob: true, webauthn:extension:largeBlob: true, webauthn:extension:minPinLength: true, webauthn:extension:prf: true, webauthn:virtualAuthenticators: true}
Session ID: 8b95575c0db41e4737a47e7fb700da68
2024-01-25 23:09:02,204 [main] ERROR XGLT_15177_Test - Element did not become visible within the specified time: Expected condition failed: waiting for helper.WaitUtility$5@3626a835 (tried for 30 second(s) with 500 milliseconds interval)
Build info: version: '3.141.59', revision: 'e82be7d358', time: '2018-11-14T08:17:03'
System info: host: 'DPLAP166', ip: '137.237.3.67', os.name: 'Windows 10', os.arch: 'amd64', os.version: '10.0', java.version: '19.0.1'
Driver info: org.openqa.selenium.support.events.EventFiringWebDriver
Capabilities {acceptInsecureCerts: true, browserName: chrome, browserVersion: 121.0.6167.86, chrome: {chromedriverVersion: 121.0.6167.85 (3f98d690ad7e..., userDataDir: C:\Users\dP-PL\AppData\Loca...}, fedcm:accounts: true, goog:chromeOptions: {debuggerAddress: localhost:56060}, javascriptEnabled: true, networkConnectionEnabled: false, pageLoadStrategy: normal, platform: WINDOWS, platformName: WINDOWS, proxy: Proxy(), setWindowRect: true, strictFileInteractability: false, timeouts: {implicit: 0, pageLoad: 300000, script: 30000}, unhandledPromptBehavior: dismiss and notify, webauthn:extension:credBlob: true, webauthn:extension:largeBlob: true, webauthn:extension:minPinLength: true, webauthn:extension:prf: true, webauthn:virtualAuthenticators: true}
Session ID: 8b95575c0db41e4737a47e7fb700da68
2024-01-25 23:09:02,205 [main] INFO  base.BaseClass - Trying to find Element By {by.toString()})
2024-01-25 23:09:02,226 [main] INFO  base.BaseClass - Found Element By {by.toString()}
2024-01-25 23:09:02,226 [main] INFO  base.BaseClass - Trying to click on: {element.toString()}
2024-01-25 23:09:02,421 [main] INFO  base.BaseClass - Clicked on: {element.toString()}
2024-01-25 23:09:02,421 [main] INFO  base.BaseClass - Trying to find Element By {by.toString()})
2024-01-25 23:09:02,438 [main] INFO  base.BaseClass - Found Element By {by.toString()}
2024-01-25 23:09:02,962 [main] INFO  base.BaseClass - Trying to find Element By {by.toString()})
2024-01-25 23:09:02,986 [main] INFO  base.BaseClass - Found Element By {by.toString()}
2024-01-25 23:09:03,522 [main] INFO  base.BaseClass - Trying to find Element By {by.toString()})
2024-01-25 23:09:03,547 [main] INFO  base.BaseClass - Found Element By {by.toString()}
2024-01-25 23:09:04,081 [main] INFO  base.BaseClass - Trying to find Element By {by.toString()})
2024-01-25 23:09:04,105 [main] INFO  base.BaseClass - Found Element By {by.toString()}
2024-01-25 23:09:04,638 [main] INFO  base.BaseClass - Trying to find Element By {by.toString()})
2024-01-25 23:09:04,663 [main] INFO  base.BaseClass - Found Element By {by.toString()}
2024-01-25 23:09:05,195 [main] INFO  base.BaseClass - Trying to find Element By {by.toString()})
2024-01-25 23:09:05,217 [main] INFO  base.BaseClass - Found Element By {by.toString()}
2024-01-25 23:09:05,744 [main] INFO  base.BaseClass - Trying to find Element By {by.toString()})
2024-01-25 23:09:05,765 [main] INFO  base.BaseClass - Found Element By {by.toString()}
2024-01-25 23:09:06,304 [main] INFO  base.BaseClass - Trying to find Element By {by.toString()})
2024-01-25 23:09:06,328 [main] INFO  base.BaseClass - Found Element By {by.toString()}
2024-01-25 23:09:06,858 [main] INFO  base.BaseClass - Trying to find Element By {by.toString()})
2024-01-25 23:09:06,881 [main] INFO  base.BaseClass - Found Element By {by.toString()}
2024-01-25 23:09:07,413 [main] INFO  base.BaseClass - Trying to find Element By {by.toString()})
2024-01-25 23:09:07,436 [main] INFO  base.BaseClass - Found Element By {by.toString()}
2024-01-25 23:09:07,955 [main] INFO  base.BaseClass - Trying to find Element By {by.toString()})
2024-01-25 23:09:07,977 [main] INFO  base.BaseClass - Found Element By {by.toString()}
2024-01-25 23:09:08,504 [main] INFO  base.BaseClass - Trying to find Element By {by.toString()})
2024-01-25 23:09:08,527 [main] INFO  base.BaseClass - Found Element By {by.toString()}
2024-01-25 23:09:09,061 [main] INFO  base.BaseClass - Trying to find Element By {by.toString()})
2024-01-25 23:09:09,084 [main] INFO  base.BaseClass - Found Element By {by.toString()}
2024-01-25 23:09:09,610 [main] INFO  base.BaseClass - Trying to find Element By {by.toString()})
2024-01-25 23:09:09,632 [main] INFO  base.BaseClass - Found Element By {by.toString()}
2024-01-25 23:09:10,173 [main] INFO  base.BaseClass - Trying to find Element By {by.toString()})
2024-01-25 23:09:10,195 [main] INFO  base.BaseClass - Found Element By {by.toString()}
2024-01-25 23:09:10,722 [main] INFO  base.BaseClass - Trying to find Element By {by.toString()})
2024-01-25 23:09:10,745 [main] INFO  base.BaseClass - Found Element By {by.toString()}
2024-01-25 23:09:11,277 [main] INFO  base.BaseClass - Trying to find Element By {by.toString()})
2024-01-25 23:09:11,299 [main] INFO  base.BaseClass - Found Element By {by.toString()}
2024-01-25 23:09:11,836 [main] INFO  base.BaseClass - Trying to find Element By {by.toString()})
2024-01-25 23:09:11,857 [main] INFO  base.BaseClass - Found Element By {by.toString()}
2024-01-25 23:09:12,404 [main] INFO  base.BaseClass - Trying to find Element By {by.toString()})
2024-01-25 23:09:12,429 [main] INFO  base.BaseClass - Found Element By {by.toString()}
2024-01-25 23:09:12,966 [main] INFO  base.BaseClass - Trying to find Element By {by.toString()})
2024-01-25 23:09:12,988 [main] INFO  base.BaseClass - Found Element By {by.toString()}
2024-01-25 23:09:13,514 [main] INFO  base.BaseClass - Trying to find Element By {by.toString()})
2024-01-25 23:09:13,770 [main] INFO  base.BaseClass - Found Element By {by.toString()}
2024-01-25 23:09:14,297 [main] INFO  base.BaseClass - Trying to find Element By {by.toString()})
2024-01-25 23:09:14,321 [main] INFO  base.BaseClass - Found Element By {by.toString()}
2024-01-25 23:09:14,858 [main] INFO  base.BaseClass - Trying to find Element By {by.toString()})
2024-01-25 23:09:14,880 [main] INFO  base.BaseClass - Found Element By {by.toString()}
2024-01-25 23:09:15,413 [main] INFO  base.BaseClass - Trying to find Element By {by.toString()})
2024-01-25 23:09:15,435 [main] INFO  base.BaseClass - Found Element By {by.toString()}
2024-01-25 23:09:15,968 [main] INFO  base.BaseClass - Trying to find Element By {by.toString()})
2024-01-25 23:09:15,991 [main] INFO  base.BaseClass - Found Element By {by.toString()}
2024-01-25 23:09:16,534 [main] INFO  base.BaseClass - Trying to find Element By {by.toString()})
2024-01-25 23:09:16,558 [main] INFO  base.BaseClass - Found Element By {by.toString()}
2024-01-25 23:09:17,095 [main] INFO  base.BaseClass - Trying to find Element By {by.toString()})
2024-01-25 23:09:17,118 [main] INFO  base.BaseClass - Found Element By {by.toString()}
2024-01-25 23:09:17,651 [main] INFO  base.BaseClass - Trying to find Element By {by.toString()})
2024-01-25 23:09:17,672 [main] INFO  base.BaseClass - Found Element By {by.toString()}
2024-01-25 23:09:18,199 [main] INFO  base.BaseClass - Trying to find Element By {by.toString()})
2024-01-25 23:09:18,221 [main] INFO  base.BaseClass - Found Element By {by.toString()}
2024-01-25 23:09:18,743 [main] INFO  base.BaseClass - Trying to find Element By {by.toString()})
2024-01-25 23:09:18,765 [main] INFO  base.BaseClass - Found Element By {by.toString()}
2024-01-25 23:09:19,298 [main] INFO  base.BaseClass - Trying to find Element By {by.toString()})
2024-01-25 23:09:19,319 [main] INFO  base.BaseClass - Found Element By {by.toString()}
2024-01-25 23:09:19,847 [main] INFO  base.BaseClass - Trying to find Element By {by.toString()})
2024-01-25 23:09:19,868 [main] INFO  base.BaseClass - Found Element By {by.toString()}
2024-01-25 23:09:20,399 [main] INFO  base.BaseClass - Trying to find Element By {by.toString()})
2024-01-25 23:09:20,416 [main] INFO  base.BaseClass - Found Element By {by.toString()}
2024-01-25 23:09:20,946 [main] INFO  base.BaseClass - Trying to find Element By {by.toString()})
2024-01-25 23:09:20,970 [main] INFO  base.BaseClass - Found Element By {by.toString()}
2024-01-25 23:09:21,509 [main] INFO  base.BaseClass - Trying to find Element By {by.toString()})
2024-01-25 23:09:21,531 [main] INFO  base.BaseClass - Found Element By {by.toString()}
2024-01-25 23:09:22,074 [main] INFO  base.BaseClass - Trying to find Element By {by.toString()})
2024-01-25 23:09:22,097 [main] INFO  base.BaseClass - Found Element By {by.toString()}
2024-01-25 23:09:22,630 [main] INFO  base.BaseClass - Trying to find Element By {by.toString()})
2024-01-25 23:09:22,653 [main] INFO  base.BaseClass - Found Element By {by.toString()}
2024-01-25 23:09:23,185 [main] INFO  base.BaseClass - Trying to find Element By {by.toString()})
2024-01-25 23:09:23,207 [main] INFO  base.BaseClass - Found Element By {by.toString()}
2024-01-25 23:09:23,733 [main] INFO  base.BaseClass - Trying to find Element By {by.toString()})
2024-01-25 23:09:23,755 [main] INFO  base.BaseClass - Found Element By {by.toString()}
2024-01-25 23:09:24,290 [main] INFO  base.BaseClass - Trying to find Element By {by.toString()})
2024-01-25 23:09:24,312 [main] INFO  base.BaseClass - Found Element By {by.toString()}
2024-01-25 23:09:24,838 [main] INFO  base.BaseClass - Trying to find Element By {by.toString()})
2024-01-25 23:09:24,857 [main] INFO  base.BaseClass - Found Element By {by.toString()}
2024-01-25 23:09:25,386 [main] INFO  base.BaseClass - Trying to find Element By {by.toString()})
2024-01-25 23:09:25,408 [main] INFO  base.BaseClass - Found Element By {by.toString()}
2024-01-25 23:09:25,931 [main] INFO  base.BaseClass - Trying to find Element By {by.toString()})
2024-01-25 23:09:25,954 [main] INFO  base.BaseClass - Found Element By {by.toString()}
2024-01-25 23:09:26,488 [main] INFO  base.BaseClass - Trying to find Element By {by.toString()})
2024-01-25 23:09:26,511 [main] INFO  base.BaseClass - Found Element By {by.toString()}
2024-01-25 23:09:27,044 [main] INFO  base.BaseClass - Trying to find Element By {by.toString()})
2024-01-25 23:09:27,066 [main] INFO  base.BaseClass - Found Element By {by.toString()}
2024-01-25 23:09:27,600 [main] INFO  base.BaseClass - Trying to find Element By {by.toString()})
2024-01-25 23:09:27,622 [main] INFO  base.BaseClass - Found Element By {by.toString()}
2024-01-25 23:09:28,153 [main] INFO  base.BaseClass - Trying to find Element By {by.toString()})
2024-01-25 23:09:28,175 [main] INFO  base.BaseClass - Found Element By {by.toString()}
2024-01-25 23:09:28,705 [main] INFO  base.BaseClass - Trying to find Element By {by.toString()})
2024-01-25 23:09:28,727 [main] INFO  base.BaseClass - Found Element By {by.toString()}
2024-01-25 23:09:29,270 [main] INFO  base.BaseClass - Trying to find Element By {by.toString()})
2024-01-25 23:09:29,292 [main] INFO  base.BaseClass - Found Element By {by.toString()}
2024-01-25 23:09:29,819 [main] INFO  base.BaseClass - Trying to find Element By {by.toString()})
2024-01-25 23:09:29,841 [main] INFO  base.BaseClass - Found Element By {by.toString()}
2024-01-25 23:09:30,376 [main] INFO  base.BaseClass - Trying to find Element By {by.toString()})
2024-01-25 23:09:30,399 [main] INFO  base.BaseClass - Found Element By {by.toString()}
2024-01-25 23:09:30,927 [main] INFO  base.BaseClass - Trying to find Element By {by.toString()})
2024-01-25 23:09:30,949 [main] INFO  base.BaseClass - Found Element By {by.toString()}
2024-01-25 23:09:31,485 [main] INFO  base.BaseClass - Trying to find Element By {by.toString()})
2024-01-25 23:09:31,507 [main] INFO  base.BaseClass - Found Element By {by.toString()}
2024-01-25 23:09:32,040 [main] INFO  base.BaseClass - Trying to find Element By {by.toString()})
2024-01-25 23:09:32,062 [main] INFO  base.BaseClass - Found Element By {by.toString()}
2024-01-25 23:09:32,591 [main] INFO  base.BaseClass - Trying to find Element By {by.toString()})
2024-01-25 23:09:32,613 [main] INFO  base.BaseClass - Found Element By {by.toString()}
TimeoutException occurred: Expected condition failed: waiting for helper.WaitUtility$5@43558d34 (tried for 30 second(s) with 500 milliseconds interval)
Build info: version: '3.141.59', revision: 'e82be7d358', time: '2018-11-14T08:17:03'
System info: host: 'DPLAP166', ip: '137.237.3.67', os.name: 'Windows 10', os.arch: 'amd64', os.version: '10.0', java.version: '19.0.1'
Driver info: org.openqa.selenium.support.events.EventFiringWebDriver
Capabilities {acceptInsecureCerts: true, browserName: chrome, browserVersion: 121.0.6167.86, chrome: {chromedriverVersion: 121.0.6167.85 (3f98d690ad7e..., userDataDir: C:\Users\dP-PL\AppData\Loca...}, fedcm:accounts: true, goog:chromeOptions: {debuggerAddress: localhost:56060}, javascriptEnabled: true, networkConnectionEnabled: false, pageLoadStrategy: normal, platform: WINDOWS, platformName: WINDOWS, proxy: Proxy(), setWindowRect: true, strictFileInteractability: false, timeouts: {implicit: 0, pageLoad: 300000, script: 30000}, unhandledPromptBehavior: dismiss and notify, webauthn:extension:credBlob: true, webauthn:extension:largeBlob: true, webauthn:extension:minPinLength: true, webauthn:extension:prf: true, webauthn:virtualAuthenticators: true}
Session ID: 8b95575c0db41e4737a47e7fb700da68
2024-01-25 23:09:32,642 [main] ERROR XGLT_15177_Test - Element did not become visible within the specified time: Expected condition failed: waiting for helper.WaitUtility$5@43558d34 (tried for 30 second(s) with 500 milliseconds interval)
Build info: version: '3.141.59', revision: 'e82be7d358', time: '2018-11-14T08:17:03'
System info: host: 'DPLAP166', ip: '137.237.3.67', os.name: 'Windows 10', os.arch: 'amd64', os.version: '10.0', java.version: '19.0.1'
Driver info: org.openqa.selenium.support.events.EventFiringWebDriver
Capabilities {acceptInsecureCerts: true, browserName: chrome, browserVersion: 121.0.6167.86, chrome: {chromedriverVersion: 121.0.6167.85 (3f98d690ad7e..., userDataDir: C:\Users\dP-PL\AppData\Loca...}, fedcm:accounts: true, goog:chromeOptions: {debuggerAddress: localhost:56060}, javascriptEnabled: true, networkConnectionEnabled: false, pageLoadStrategy: normal, platform: WINDOWS, platformName: WINDOWS, proxy: Proxy(), setWindowRect: true, strictFileInteractability: false, timeouts: {implicit: 0, pageLoad: 300000, script: 30000}, unhandledPromptBehavior: dismiss and notify, webauthn:extension:credBlob: true, webauthn:extension:largeBlob: true, webauthn:extension:minPinLength: true, webauthn:extension:prf: true, webauthn:virtualAuthenticators: true}
Session ID: 8b95575c0db41e4737a47e7fb700da68
2024-01-25 23:09:32,642 [main] INFO  base.BaseClass - Trying to find Element By {by.toString()})
2024-01-25 23:09:32,662 [main] INFO  base.BaseClass - Found Element By {by.toString()}
2024-01-25 23:09:32,662 [main] INFO  base.BaseClass - Trying to click on: {element.toString()}
2024-01-25 23:09:32,848 [main] INFO  base.BaseClass - Clicked on: {element.toString()}
2024-01-25 23:09:32,848 [main] INFO  base.BaseClass - Trying to find Element By {by.toString()})
2024-01-25 23:09:32,864 [main] INFO  base.BaseClass - Found Element By {by.toString()}
2024-01-25 23:09:32,883 [main] INFO  base.BaseClass - Trying to find Element By {by.toString()})
2024-01-25 23:09:32,893 [main] INFO  base.BaseClass - Found Element By {by.toString()}
2024-01-25 23:09:32,903 [main] INFO  base.BaseClass - Trying to find Element By {by.toString()})
2024-01-25 23:09:32,913 [main] INFO  base.BaseClass - Found Element By {by.toString()}
2024-01-25 23:09:32,913 [main] INFO  base.BaseClass - Trying to click on: {element.toString()}
2024-01-25 23:09:32,959 [main] INFO  base.BaseClass - Clicked on: {element.toString()}
2024-01-25 23:09:32,959 [main] INFO  base.BaseClass - Trying to find Element By {by.toString()})
2024-01-25 23:09:32,969 [main] INFO  base.BaseClass - Found Element By {by.toString()}
2024-01-25 23:09:33,041 [main] INFO  base.BaseClass - Trying to find Element By {by.toString()})
2024-01-25 23:09:33,059 [main] INFO  base.BaseClass - Found Element By {by.toString()}
2024-01-25 23:09:33,083 [main] INFO  base.BaseClass - Trying to find Element By {by.toString()})
2024-01-25 23:09:33,098 [main] INFO  base.BaseClass - Found Element By {by.toString()}
2024-01-25 23:09:33,114 [main] INFO  base.BaseClass - Trying to find Element By {by.toString()})
2024-01-25 23:09:33,132 [main] INFO  base.BaseClass - Found Element By {by.toString()}
2024-01-25 23:09:33,132 [main] INFO  base.BaseClass - Trying to click on: {element.toString()}
2024-01-25 23:09:33,207 [main] INFO  base.BaseClass - Clicked on: {element.toString()}
2024-01-25 23:09:33,207 [main] INFO  base.BaseClass - Trying to find Element By {by.toString()})
2024-01-25 23:09:33,219 [main] INFO  base.BaseClass - Found Element By {by.toString()}
2024-01-25 23:09:33,264 [main] INFO  base.BaseClass - Trying to find Element By {by.toString()})
2024-01-25 23:09:33,276 [main] INFO  base.BaseClass - Found Element By {by.toString()}
2024-01-25 23:09:33,297 [main] INFO  base.BaseClass - Trying to find Element By {by.toString()})
2024-01-25 23:09:33,314 [main] INFO  base.BaseClass - Found Element By {by.toString()}
2024-01-25 23:09:33,328 [main] INFO  base.BaseClass - Trying to find Element By {by.toString()})
2024-01-25 23:09:33,344 [main] INFO  base.BaseClass - Found Element By {by.toString()}
2024-01-25 23:09:33,344 [main] INFO  base.BaseClass - Trying to click on: {element.toString()}
2024-01-25 23:09:33,406 [main] INFO  base.BaseClass - Clicked on: {element.toString()}
2024-01-25 23:09:33,406 [main] INFO  base.BaseClass - Trying to find Element By {by.toString()})
2024-01-25 23:09:33,416 [main] INFO  base.BaseClass - Found Element By {by.toString()}
2024-01-25 23:09:33,444 [main] INFO  base.BaseClass - Trying to find Element By {by.toString()})
2024-01-25 23:09:33,455 [main] INFO  base.BaseClass - Found Element By {by.toString()}
2024-01-25 23:09:33,979 [main] INFO  base.BaseClass - Trying to find Element By {by.toString()})
2024-01-25 23:09:34,003 [main] INFO  base.BaseClass - Found Element By {by.toString()}
2024-01-25 23:09:34,538 [main] INFO  base.BaseClass - Trying to find Element By {by.toString()})
2024-01-25 23:09:34,553 [main] INFO  base.BaseClass - Found Element By {by.toString()}
2024-01-25 23:09:35,081 [main] INFO  base.BaseClass - Trying to find Element By {by.toString()})
2024-01-25 23:09:35,105 [main] INFO  base.BaseClass - Found Element By {by.toString()}
2024-01-25 23:09:35,641 [main] INFO  base.BaseClass - Trying to find Element By {by.toString()})
2024-01-25 23:09:35,666 [main] INFO  base.BaseClass - Found Element By {by.toString()}
2024-01-25 23:09:36,207 [main] INFO  base.BaseClass - Trying to find Element By {by.toString()})
2024-01-25 23:09:36,230 [main] INFO  base.BaseClass - Found Element By {by.toString()}
2024-01-25 23:09:36,797 [main] INFO  base.BaseClass - Trying to find Element By {by.toString()})
2024-01-25 23:09:36,823 [main] INFO  base.BaseClass - Found Element By {by.toString()}
2024-01-25 23:09:37,365 [main] INFO  base.BaseClass - Trying to find Element By {by.toString()})
2024-01-25 23:09:37,388 [main] INFO  base.BaseClass - Found Element By {by.toString()}
2024-01-25 23:09:37,929 [main] INFO  base.BaseClass - Trying to find Element By {by.toString()})
2024-01-25 23:09:37,945 [main] INFO  base.BaseClass - Found Element By {by.toString()}
2024-01-25 23:09:38,471 [main] INFO  base.BaseClass - Trying to find Element By {by.toString()})
2024-01-25 23:09:38,483 [main] INFO  base.BaseClass - Found Element By {by.toString()}
2024-01-25 23:09:39,001 [main] INFO  base.BaseClass - Trying to find Element By {by.toString()})
2024-01-25 23:09:39,024 [main] INFO  base.BaseClass - Found Element By {by.toString()}
2024-01-25 23:09:39,555 [main] INFO  base.BaseClass - Trying to find Element By {by.toString()})
2024-01-25 23:09:39,578 [main] INFO  base.BaseClass - Found Element By {by.toString()}
2024-01-25 23:09:40,116 [main] INFO  base.BaseClass - Trying to find Element By {by.toString()})
2024-01-25 23:09:40,139 [main] INFO  base.BaseClass - Found Element By {by.toString()}
2024-01-25 23:09:40,670 [main] INFO  base.BaseClass - Trying to find Element By {by.toString()})
2024-01-25 23:09:40,692 [main] INFO  base.BaseClass - Found Element By {by.toString()}
2024-01-25 23:09:41,223 [main] INFO  base.BaseClass - Trying to find Element By {by.toString()})
2024-01-25 23:09:41,245 [main] INFO  base.BaseClass - Found Element By {by.toString()}
2024-01-25 23:09:41,777 [main] INFO  base.BaseClass - Trying to find Element By {by.toString()})
2024-01-25 23:09:41,793 [main] INFO  base.BaseClass - Found Element By {by.toString()}
2024-01-25 23:09:42,330 [main] INFO  base.BaseClass - Trying to find Element By {by.toString()})
2024-01-25 23:09:42,352 [main] INFO  base.BaseClass - Found Element By {by.toString()}
2024-01-25 23:09:42,883 [main] INFO  base.BaseClass - Trying to find Element By {by.toString()})
2024-01-25 23:09:42,909 [main] INFO  base.BaseClass - Found Element By {by.toString()}
2024-01-25 23:09:43,443 [main] INFO  base.BaseClass - Trying to find Element By {by.toString()})
2024-01-25 23:09:43,466 [main] INFO  base.BaseClass - Found Element By {by.toString()}
2024-01-25 23:09:44,013 [main] INFO  base.BaseClass - Trying to find Element By {by.toString()})
2024-01-25 23:09:44,035 [main] INFO  base.BaseClass - Found Element By {by.toString()}
2024-01-25 23:09:44,569 [main] INFO  base.BaseClass - Trying to find Element By {by.toString()})
2024-01-25 23:09:44,593 [main] INFO  base.BaseClass - Found Element By {by.toString()}
2024-01-25 23:09:45,127 [main] INFO  base.BaseClass - Trying to find Element By {by.toString()})
2024-01-25 23:09:45,149 [main] INFO  base.BaseClass - Found Element By {by.toString()}
2024-01-25 23:09:45,691 [main] INFO  base.BaseClass - Trying to find Element By {by.toString()})
2024-01-25 23:09:45,713 [main] INFO  base.BaseClass - Found Element By {by.toString()}
2024-01-25 23:09:46,248 [main] INFO  base.BaseClass - Trying to find Element By {by.toString()})
2024-01-25 23:09:46,271 [main] INFO  base.BaseClass - Found Element By {by.toString()}
2024-01-25 23:09:46,802 [main] INFO  base.BaseClass - Trying to find Element By {by.toString()})
2024-01-25 23:09:46,824 [main] INFO  base.BaseClass - Found Element By {by.toString()}
2024-01-25 23:09:47,346 [main] INFO  base.BaseClass - Trying to find Element By {by.toString()})
2024-01-25 23:09:47,369 [main] INFO  base.BaseClass - Found Element By {by.toString()}
2024-01-25 23:09:47,903 [main] INFO  base.BaseClass - Trying to find Element By {by.toString()})
2024-01-25 23:09:47,921 [main] INFO  base.BaseClass - Found Element By {by.toString()}
2024-01-25 23:09:48,451 [main] INFO  base.BaseClass - Trying to find Element By {by.toString()})
2024-01-25 23:09:48,474 [main] INFO  base.BaseClass - Found Element By {by.toString()}
2024-01-25 23:09:49,005 [main] INFO  base.BaseClass - Trying to find Element By {by.toString()})
2024-01-25 23:09:49,021 [main] INFO  base.BaseClass - Found Element By {by.toString()}
2024-01-25 23:09:49,549 [main] INFO  base.BaseClass - Trying to find Element By {by.toString()})
2024-01-25 23:09:49,566 [main] INFO  base.BaseClass - Found Element By {by.toString()}
2024-01-25 23:09:50,096 [main] INFO  base.BaseClass - Trying to find Element By {by.toString()})
2024-01-25 23:09:50,117 [main] INFO  base.BaseClass - Found Element By {by.toString()}
2024-01-25 23:09:50,646 [main] INFO  base.BaseClass - Trying to find Element By {by.toString()})
2024-01-25 23:09:50,666 [main] INFO  base.BaseClass - Found Element By {by.toString()}
2024-01-25 23:09:51,205 [main] INFO  base.BaseClass - Trying to find Element By {by.toString()})
2024-01-25 23:09:51,228 [main] INFO  base.BaseClass - Found Element By {by.toString()}
2024-01-25 23:09:51,753 [main] INFO  base.BaseClass - Trying to find Element By {by.toString()})
2024-01-25 23:09:51,861 [main] INFO  base.BaseClass - Found Element By {by.toString()}
2024-01-25 23:09:52,398 [main] INFO  base.BaseClass - Trying to find Element By {by.toString()})
2024-01-25 23:09:52,421 [main] INFO  base.BaseClass - Found Element By {by.toString()}
2024-01-25 23:09:52,949 [main] INFO  base.BaseClass - Trying to find Element By {by.toString()})
2024-01-25 23:09:52,971 [main] INFO  base.BaseClass - Found Element By {by.toString()}
2024-01-25 23:09:53,495 [main] INFO  base.BaseClass - Trying to find Element By {by.toString()})
2024-01-25 23:09:53,518 [main] INFO  base.BaseClass - Found Element By {by.toString()}
2024-01-25 23:09:54,040 [main] INFO  base.BaseClass - Trying to find Element By {by.toString()})
2024-01-25 23:09:54,061 [main] INFO  base.BaseClass - Found Element By {by.toString()}
2024-01-25 23:09:54,592 [main] INFO  base.BaseClass - Trying to find Element By {by.toString()})
2024-01-25 23:09:54,616 [main] INFO  base.BaseClass - Found Element By {by.toString()}
2024-01-25 23:09:55,151 [main] INFO  base.BaseClass - Trying to find Element By {by.toString()})
2024-01-25 23:09:55,173 [main] INFO  base.BaseClass - Found Element By {by.toString()}
2024-01-25 23:09:55,704 [main] INFO  base.BaseClass - Trying to find Element By {by.toString()})
2024-01-25 23:09:55,727 [main] INFO  base.BaseClass - Found Element By {by.toString()}
2024-01-25 23:09:56,260 [main] INFO  base.BaseClass - Trying to find Element By {by.toString()})
2024-01-25 23:09:56,282 [main] INFO  base.BaseClass - Found Element By {by.toString()}
2024-01-25 23:09:56,820 [main] INFO  base.BaseClass - Trying to find Element By {by.toString()})
2024-01-25 23:09:56,843 [main] INFO  base.BaseClass - Found Element By {by.toString()}
2024-01-25 23:09:57,374 [main] INFO  base.BaseClass - Trying to find Element By {by.toString()})
2024-01-25 23:09:57,396 [main] INFO  base.BaseClass - Found Element By {by.toString()}
2024-01-25 23:09:57,926 [main] INFO  base.BaseClass - Trying to find Element By {by.toString()})
2024-01-25 23:09:57,948 [main] INFO  base.BaseClass - Found Element By {by.toString()}
2024-01-25 23:09:58,480 [main] INFO  base.BaseClass - Trying to find Element By {by.toString()})
2024-01-25 23:09:58,501 [main] INFO  base.BaseClass - Found Element By {by.toString()}
2024-01-25 23:09:59,030 [main] INFO  base.BaseClass - Trying to find Element By {by.toString()})
2024-01-25 23:09:59,051 [main] INFO  base.BaseClass - Found Element By {by.toString()}
2024-01-25 23:09:59,594 [main] INFO  base.BaseClass - Trying to find Element By {by.toString()})
2024-01-25 23:09:59,618 [main] INFO  base.BaseClass - Found Element By {by.toString()}
2024-01-25 23:10:00,157 [main] INFO  base.BaseClass - Trying to find Element By {by.toString()})
2024-01-25 23:10:00,175 [main] INFO  base.BaseClass - Found Element By {by.toString()}
2024-01-25 23:10:00,705 [main] INFO  base.BaseClass - Trying to find Element By {by.toString()})
2024-01-25 23:10:00,726 [main] INFO  base.BaseClass - Found Element By {by.toString()}
2024-01-25 23:10:01,254 [main] INFO  base.BaseClass - Trying to find Element By {by.toString()})
2024-01-25 23:10:01,275 [main] INFO  base.BaseClass - Found Element By {by.toString()}
2024-01-25 23:10:01,806 [main] INFO  base.BaseClass - Trying to find Element By {by.toString()})
2024-01-25 23:10:01,829 [main] INFO  base.BaseClass - Found Element By {by.toString()}
2024-01-25 23:10:02,358 [main] INFO  base.BaseClass - Trying to find Element By {by.toString()})
2024-01-25 23:10:02,381 [main] INFO  base.BaseClass - Found Element By {by.toString()}
2024-01-25 23:10:02,920 [main] INFO  base.BaseClass - Trying to find Element By {by.toString()})
2024-01-25 23:10:02,942 [main] INFO  base.BaseClass - Found Element By {by.toString()}
2024-01-25 23:10:03,471 [main] INFO  base.BaseClass - Trying to find Element By {by.toString()})
2024-01-25 23:10:03,494 [main] INFO  base.BaseClass - Found Element By {by.toString()}
TimeoutException occurred: Expected condition failed: waiting for helper.WaitUtility$5@2c6c9c95 (tried for 30 second(s) with 500 milliseconds interval)
Build info: version: '3.141.59', revision: 'e82be7d358', time: '2018-11-14T08:17:03'
System info: host: 'DPLAP166', ip: '137.237.3.67', os.name: 'Windows 10', os.arch: 'amd64', os.version: '10.0', java.version: '19.0.1'
Driver info: org.openqa.selenium.support.events.EventFiringWebDriver
Capabilities {acceptInsecureCerts: true, browserName: chrome, browserVersion: 121.0.6167.86, chrome: {chromedriverVersion: 121.0.6167.85 (3f98d690ad7e..., userDataDir: C:\Users\dP-PL\AppData\Loca...}, fedcm:accounts: true, goog:chromeOptions: {debuggerAddress: localhost:56060}, javascriptEnabled: true, networkConnectionEnabled: false, pageLoadStrategy: normal, platform: WINDOWS, platformName: WINDOWS, proxy: Proxy(), setWindowRect: true, strictFileInteractability: false, timeouts: {implicit: 0, pageLoad: 300000, script: 30000}, unhandledPromptBehavior: dismiss and notify, webauthn:extension:credBlob: true, webauthn:extension:largeBlob: true, webauthn:extension:minPinLength: true, webauthn:extension:prf: true, webauthn:virtualAuthenticators: true}
Session ID: 8b95575c0db41e4737a47e7fb700da68
2024-01-25 23:10:03,526 [main] ERROR XGLT_15177_Test - Element did not become visible within the specified time: Expected condition failed: waiting for helper.WaitUtility$5@2c6c9c95 (tried for 30 second(s) with 500 milliseconds interval)
Build info: version: '3.141.59', revision: 'e82be7d358', time: '2018-11-14T08:17:03'
System info: host: 'DPLAP166', ip: '137.237.3.67', os.name: 'Windows 10', os.arch: 'amd64', os.version: '10.0', java.version: '19.0.1'
Driver info: org.openqa.selenium.support.events.EventFiringWebDriver
Capabilities {acceptInsecureCerts: true, browserName: chrome, browserVersion: 121.0.6167.86, chrome: {chromedriverVersion: 121.0.6167.85 (3f98d690ad7e..., userDataDir: C:\Users\dP-PL\AppData\Loca...}, fedcm:accounts: true, goog:chromeOptions: {debuggerAddress: localhost:56060}, javascriptEnabled: true, networkConnectionEnabled: false, pageLoadStrategy: normal, platform: WINDOWS, platformName: WINDOWS, proxy: Proxy(), setWindowRect: true, strictFileInteractability: false, timeouts: {implicit: 0, pageLoad: 300000, script: 30000}, unhandledPromptBehavior: dismiss and notify, webauthn:extension:credBlob: true, webauthn:extension:largeBlob: true, webauthn:extension:minPinLength: true, webauthn:extension:prf: true, webauthn:virtualAuthenticators: true}
Session ID: 8b95575c0db41e4737a47e7fb700da68
2024-01-25 23:10:03,526 [main] INFO  base.BaseClass - Trying to find Element By {by.toString()})
2024-01-25 23:10:03,545 [main] INFO  base.BaseClass - Found Element By {by.toString()}
2024-01-25 23:10:03,546 [main] INFO  base.BaseClass - Trying to click on: {element.toString()}
2024-01-25 23:10:03,693 [main] INFO  base.BaseClass - Clicked on: {element.toString()}
2024-01-25 23:10:03,693 [main] INFO  base.BaseClass - Trying to find Element By {by.toString()})
2024-01-25 23:10:04,017 [main] INFO  base.BaseClass - Found Element By {by.toString()}
2024-01-25 23:10:04,531 [main] INFO  base.BaseClass - Trying to find Element By {by.toString()})
2024-01-25 23:10:04,556 [main] INFO  base.BaseClass - Found Element By {by.toString()}
2024-01-25 23:10:05,094 [main] INFO  base.BaseClass - Trying to find Element By {by.toString()})
2024-01-25 23:10:05,116 [main] INFO  base.BaseClass - Found Element By {by.toString()}
2024-01-25 23:10:05,655 [main] INFO  base.BaseClass - Trying to find Element By {by.toString()})
2024-01-25 23:10:05,681 [main] INFO  base.BaseClass - Found Element By {by.toString()}
2024-01-25 23:10:06,216 [main] INFO  base.BaseClass - Trying to find Element By {by.toString()})
2024-01-25 23:10:06,239 [main] INFO  base.BaseClass - Found Element By {by.toString()}
2024-01-25 23:10:06,770 [main] INFO  base.BaseClass - Trying to find Element By {by.toString()})
2024-01-25 23:10:06,793 [main] INFO  base.BaseClass - Found Element By {by.toString()}
2024-01-25 23:10:07,325 [main] INFO  base.BaseClass - Trying to find Element By {by.toString()})
2024-01-25 23:10:07,348 [main] INFO  base.BaseClass - Found Element By {by.toString()}
2024-01-25 23:10:07,881 [main] INFO  base.BaseClass - Trying to find Element By {by.toString()})
2024-01-25 23:10:07,905 [main] INFO  base.BaseClass - Found Element By {by.toString()}
2024-01-25 23:10:08,437 [main] INFO  base.BaseClass - Trying to find Element By {by.toString()})
2024-01-25 23:10:08,477 [main] INFO  base.BaseClass - Found Element By {by.toString()}
2024-01-25 23:10:09,001 [main] INFO  base.BaseClass - Trying to find Element By {by.toString()})
2024-01-25 23:10:09,023 [main] INFO  base.BaseClass - Found Element By {by.toString()}
2024-01-25 23:10:09,556 [main] INFO  base.BaseClass - Trying to find Element By {by.toString()})
2024-01-25 23:10:09,582 [main] INFO  base.BaseClass - Found Element By {by.toString()}
2024-01-25 23:10:10,271 [main] INFO  base.BaseClass - Trying to find Element By {by.toString()})
2024-01-25 23:10:10,295 [main] INFO  base.BaseClass - Found Element By {by.toString()}
2024-01-25 23:10:10,836 [main] INFO  base.BaseClass - Trying to find Element By {by.toString()})
2024-01-25 23:10:10,857 [main] INFO  base.BaseClass - Found Element By {by.toString()}
2024-01-25 23:10:11,386 [main] INFO  base.BaseClass - Trying to find Element By {by.toString()})
2024-01-25 23:10:11,410 [main] INFO  base.BaseClass - Found Element By {by.toString()}
2024-01-25 23:10:11,950 [main] INFO  base.BaseClass - Trying to find Element By {by.toString()})
2024-01-25 23:10:11,972 [main] INFO  base.BaseClass - Found Element By {by.toString()}
2024-01-25 23:10:12,498 [main] INFO  base.BaseClass - Trying to find Element By {by.toString()})
2024-01-25 23:10:12,522 [main] INFO  base.BaseClass - Found Element By {by.toString()}
2024-01-25 23:10:13,056 [main] INFO  base.BaseClass - Trying to find Element By {by.toString()})
2024-01-25 23:10:13,080 [main] INFO  base.BaseClass - Found Element By {by.toString()}
2024-01-25 23:10:13,621 [main] INFO  base.BaseClass - Trying to find Element By {by.toString()})
2024-01-25 23:10:13,644 [main] INFO  base.BaseClass - Found Element By {by.toString()}
2024-01-25 23:10:14,176 [main] INFO  base.BaseClass - Trying to find Element By {by.toString()})
2024-01-25 23:10:14,198 [main] INFO  base.BaseClass - Found Element By {by.toString()}
2024-01-25 23:10:14,719 [main] INFO  base.BaseClass - Trying to find Element By {by.toString()})
2024-01-25 23:10:14,742 [main] INFO  base.BaseClass - Found Element By {by.toString()}
2024-01-25 23:10:15,268 [main] INFO  base.BaseClass - Trying to find Element By {by.toString()})
2024-01-25 23:10:15,290 [main] INFO  base.BaseClass - Found Element By {by.toString()}
2024-01-25 23:10:15,821 [main] INFO  base.BaseClass - Trying to find Element By {by.toString()})
2024-01-25 23:10:15,845 [main] INFO  base.BaseClass - Found Element By {by.toString()}
2024-01-25 23:10:16,384 [main] INFO  base.BaseClass - Trying to find Element By {by.toString()})
2024-01-25 23:10:16,405 [main] INFO  base.BaseClass - Found Element By {by.toString()}
2024-01-25 23:10:16,935 [main] INFO  base.BaseClass - Trying to find Element By {by.toString()})
2024-01-25 23:10:16,958 [main] INFO  base.BaseClass - Found Element By {by.toString()}
2024-01-25 23:10:17,485 [main] INFO  base.BaseClass - Trying to find Element By {by.toString()})
2024-01-25 23:10:17,508 [main] INFO  base.BaseClass - Found Element By {by.toString()}
2024-01-25 23:10:18,035 [main] INFO  base.BaseClass - Trying to find Element By {by.toString()})
2024-01-25 23:10:18,056 [main] INFO  base.BaseClass - Found Element By {by.toString()}
2024-01-25 23:10:18,587 [main] INFO  base.BaseClass - Trying to find Element By {by.toString()})
2024-01-25 23:10:18,609 [main] INFO  base.BaseClass - Found Element By {by.toString()}
2024-01-25 23:10:19,136 [main] INFO  base.BaseClass - Trying to find Element By {by.toString()})
2024-01-25 23:10:19,150 [main] INFO  base.BaseClass - Found Element By {by.toString()}
2024-01-25 23:10:19,680 [main] INFO  base.BaseClass - Trying to find Element By {by.toString()})
2024-01-25 23:10:19,703 [main] INFO  base.BaseClass - Found Element By {by.toString()}
2024-01-25 23:10:20,236 [main] INFO  base.BaseClass - Trying to find Element By {by.toString()})
2024-01-25 23:10:20,258 [main] INFO  base.BaseClass - Found Element By {by.toString()}
2024-01-25 23:10:20,790 [main] INFO  base.BaseClass - Trying to find Element By {by.toString()})
2024-01-25 23:10:20,812 [main] INFO  base.BaseClass - Found Element By {by.toString()}
2024-01-25 23:10:21,333 [main] INFO  base.BaseClass - Trying to find Element By {by.toString()})
2024-01-25 23:10:21,372 [main] INFO  base.BaseClass - Found Element By {by.toString()}
2024-01-25 23:10:21,906 [main] INFO  base.BaseClass - Trying to find Element By {by.toString()})
2024-01-25 23:10:21,931 [main] INFO  base.BaseClass - Found Element By {by.toString()}
2024-01-25 23:10:22,474 [main] INFO  base.BaseClass - Trying to find Element By {by.toString()})
2024-01-25 23:10:22,496 [main] INFO  base.BaseClass - Found Element By {by.toString()}
2024-01-25 23:10:23,027 [main] INFO  base.BaseClass - Trying to find Element By {by.toString()})
2024-01-25 23:10:23,050 [main] INFO  base.BaseClass - Found Element By {by.toString()}
2024-01-25 23:10:23,577 [main] INFO  base.BaseClass - Trying to find Element By {by.toString()})
2024-01-25 23:10:23,600 [main] INFO  base.BaseClass - Found Element By {by.toString()}
2024-01-25 23:10:24,132 [main] INFO  base.BaseClass - Trying to find Element By {by.toString()})
2024-01-25 23:10:24,155 [main] INFO  base.BaseClass - Found Element By {by.toString()}
2024-01-25 23:10:24,680 [main] INFO  base.BaseClass - Trying to find Element By {by.toString()})
2024-01-25 23:10:24,713 [main] INFO  base.BaseClass - Found Element By {by.toString()}
2024-01-25 23:10:25,232 [main] INFO  base.BaseClass - Trying to find Element By {by.toString()})
2024-01-25 23:10:25,255 [main] INFO  base.BaseClass - Found Element By {by.toString()}
2024-01-25 23:10:25,786 [main] INFO  base.BaseClass - Trying to find Element By {by.toString()})
2024-01-25 23:10:25,809 [main] INFO  base.BaseClass - Found Element By {by.toString()}
2024-01-25 23:10:26,341 [main] INFO  base.BaseClass - Trying to find Element By {by.toString()})
2024-01-25 23:10:26,363 [main] INFO  base.BaseClass - Found Element By {by.toString()}
2024-01-25 23:10:26,896 [main] INFO  base.BaseClass - Trying to find Element By {by.toString()})
2024-01-25 23:10:26,918 [main] INFO  base.BaseClass - Found Element By {by.toString()}
2024-01-25 23:10:27,440 [main] INFO  base.BaseClass - Trying to find Element By {by.toString()})
2024-01-25 23:10:27,463 [main] INFO  base.BaseClass - Found Element By {by.toString()}
2024-01-25 23:10:27,994 [main] INFO  base.BaseClass - Trying to find Element By {by.toString()})
2024-01-25 23:10:28,019 [main] INFO  base.BaseClass - Found Element By {by.toString()}
2024-01-25 23:10:28,552 [main] INFO  base.BaseClass - Trying to find Element By {by.toString()})
2024-01-25 23:10:28,576 [main] INFO  base.BaseClass - Found Element By {by.toString()}
2024-01-25 23:10:29,120 [main] INFO  base.BaseClass - Trying to find Element By {by.toString()})
2024-01-25 23:10:29,144 [main] INFO  base.BaseClass - Found Element By {by.toString()}
2024-01-25 23:10:29,674 [main] INFO  base.BaseClass - Trying to find Element By {by.toString()})
2024-01-25 23:10:29,698 [main] INFO  base.BaseClass - Found Element By {by.toString()}
2024-01-25 23:10:30,229 [main] INFO  base.BaseClass - Trying to find Element By {by.toString()})
2024-01-25 23:10:30,250 [main] INFO  base.BaseClass - Found Element By {by.toString()}
2024-01-25 23:10:30,781 [main] INFO  base.BaseClass - Trying to find Element By {by.toString()})
2024-01-25 23:10:30,798 [main] INFO  base.BaseClass - Found Element By {by.toString()}
2024-01-25 23:10:31,316 [main] INFO  base.BaseClass - Trying to find Element By {by.toString()})
2024-01-25 23:10:31,339 [main] INFO  base.BaseClass - Found Element By {by.toString()}
2024-01-25 23:10:31,870 [main] INFO  base.BaseClass - Trying to find Element By {by.toString()})
2024-01-25 23:10:31,894 [main] INFO  base.BaseClass - Found Element By {by.toString()}
2024-01-25 23:10:32,432 [main] INFO  base.BaseClass - Trying to find Element By {by.toString()})
2024-01-25 23:10:32,457 [main] INFO  base.BaseClass - Found Element By {by.toString()}
2024-01-25 23:10:32,991 [main] INFO  base.BaseClass - Trying to find Element By {by.toString()})
2024-01-25 23:10:33,015 [main] INFO  base.BaseClass - Found Element By {by.toString()}
2024-01-25 23:10:33,546 [main] INFO  base.BaseClass - Trying to find Element By {by.toString()})
2024-01-25 23:10:33,570 [main] INFO  base.BaseClass - Found Element By {by.toString()}
2024-01-25 23:10:34,112 [main] INFO  base.BaseClass - Trying to find Element By {by.toString()})
2024-01-25 23:10:34,139 [main] INFO  base.BaseClass - Found Element By {by.toString()}
TimeoutException occurred: Expected condition failed: waiting for helper.WaitUtility$5@72f53424 (tried for 30 second(s) with 500 milliseconds interval)
Build info: version: '3.141.59', revision: 'e82be7d358', time: '2018-11-14T08:17:03'
System info: host: 'DPLAP166', ip: '137.237.3.67', os.name: 'Windows 10', os.arch: 'amd64', os.version: '10.0', java.version: '19.0.1'
Driver info: org.openqa.selenium.support.events.EventFiringWebDriver
Capabilities {acceptInsecureCerts: true, browserName: chrome, browserVersion: 121.0.6167.86, chrome: {chromedriverVersion: 121.0.6167.85 (3f98d690ad7e..., userDataDir: C:\Users\dP-PL\AppData\Loca...}, fedcm:accounts: true, goog:chromeOptions: {debuggerAddress: localhost:56060}, javascriptEnabled: true, networkConnectionEnabled: false, pageLoadStrategy: normal, platform: WINDOWS, platformName: WINDOWS, proxy: Proxy(), setWindowRect: true, strictFileInteractability: false, timeouts: {implicit: 0, pageLoad: 300000, script: 30000}, unhandledPromptBehavior: dismiss and notify, webauthn:extension:credBlob: true, webauthn:extension:largeBlob: true, webauthn:extension:minPinLength: true, webauthn:extension:prf: true, webauthn:virtualAuthenticators: true}
Session ID: 8b95575c0db41e4737a47e7fb700da68
2024-01-25 23:10:34,172 [main] ERROR XGLT_15177_Test - Element did not become visible within the specified time: Expected condition failed: waiting for helper.WaitUtility$5@72f53424 (tried for 30 second(s) with 500 milliseconds interval)
Build info: version: '3.141.59', revision: 'e82be7d358', time: '2018-11-14T08:17:03'
System info: host: 'DPLAP166', ip: '137.237.3.67', os.name: 'Windows 10', os.arch: 'amd64', os.version: '10.0', java.version: '19.0.1'
Driver info: org.openqa.selenium.support.events.EventFiringWebDriver
Capabilities {acceptInsecureCerts: true, browserName: chrome, browserVersion: 121.0.6167.86, chrome: {chromedriverVersion: 121.0.6167.85 (3f98d690ad7e..., userDataDir: C:\Users\dP-PL\AppData\Loca...}, fedcm:accounts: true, goog:chromeOptions: {debuggerAddress: localhost:56060}, javascriptEnabled: true, networkConnectionEnabled: false, pageLoadStrategy: normal, platform: WINDOWS, platformName: WINDOWS, proxy: Proxy(), setWindowRect: true, strictFileInteractability: false, timeouts: {implicit: 0, pageLoad: 300000, script: 30000}, unhandledPromptBehavior: dismiss and notify, webauthn:extension:credBlob: true, webauthn:extension:largeBlob: true, webauthn:extension:minPinLength: true, webauthn:extension:prf: true, webauthn:virtualAuthenticators: true}
Session ID: 8b95575c0db41e4737a47e7fb700da68
2024-01-25 23:10:34,172 [main] INFO  base.BaseClass - Trying to find Element By {by.toString()})
2024-01-25 23:10:34,194 [main] INFO  base.BaseClass - Found Element By {by.toString()}
2024-01-25 23:10:34,194 [main] INFO  base.BaseClass - Trying to click on: {element.toString()}
2024-01-25 23:10:34,327 [main] INFO  base.BaseClass - Clicked on: {element.toString()}
2024-01-25 23:10:34,327 [main] INFO  base.BaseClass - Trying to find Element By {by.toString()})
2024-01-25 23:10:34,339 [main] INFO  base.BaseClass - Found Element By {by.toString()}
2024-01-25 23:10:34,355 [Forwarding actions on session 8b95575c0db41e4737a47e7fb700da68 to remote] INFO  base.BaseClass - Trying to find Element By {by.toString()})
2024-01-25 23:10:34,366 [Forwarding actions on session 8b95575c0db41e4737a47e7fb700da68 to remote] INFO  base.BaseClass - Found Element By {by.toString()}
2024-01-25 23:10:34,509 [main] INFO  base.BaseClass - Trying to find Element By {by.toString()})
2024-01-25 23:10:34,534 [main] INFO  base.BaseClass - Found Element By {by.toString()}
2024-01-25 23:10:34,534 [main] INFO  base.BaseClass - Trying to click on: {element.toString()}
2024-01-25 23:10:34,618 [main] INFO  base.BaseClass - Clicked on: {element.toString()}
2024-01-25 23:10:34,618 [Forwarding actions on session 8b95575c0db41e4737a47e7fb700da68 to remote] INFO  base.BaseClass - Trying to find Element By {by.toString()})
2024-01-25 23:10:34,648 [Forwarding actions on session 8b95575c0db41e4737a47e7fb700da68 to remote] INFO  base.BaseClass - Found Element By {by.toString()}
2024-01-25 23:10:34,793 [main] INFO  base.BaseClass - Trying to find Element By {by.toString()})
2024-01-25 23:10:34,818 [main] INFO  base.BaseClass - Found Element By {by.toString()}
2024-01-25 23:10:34,818 [main] INFO  base.BaseClass - Trying to click on: {element.toString()}
2024-01-25 23:10:34,941 [main] INFO  base.BaseClass - Clicked on: {element.toString()}
2024-01-25 23:10:34,941 [main] INFO  base.BaseClass - Trying to find Element By {by.toString()})
2024-01-25 23:10:34,964 [main] INFO  base.BaseClass - Found Element By {by.toString()}
2024-01-25 23:10:34,991 [main] INFO  base.BaseClass - Trying to find Element By {by.toString()})
2024-01-25 23:10:35,007 [main] INFO  base.BaseClass - Found Element By {by.toString()}
2024-01-25 23:10:35,531 [main] INFO  base.BaseClass - Trying to find Element By {by.toString()})
2024-01-25 23:10:35,556 [main] INFO  base.BaseClass - Found Element By {by.toString()}
2024-01-25 23:10:36,091 [main] INFO  base.BaseClass - Trying to find Element By {by.toString()})
2024-01-25 23:10:36,102 [main] INFO  base.BaseClass - Found Element By {by.toString()}
2024-01-25 23:10:36,625 [main] INFO  base.BaseClass - Trying to find Element By {by.toString()})
2024-01-25 23:10:36,648 [main] INFO  base.BaseClass - Found Element By {by.toString()}
2024-01-25 23:10:37,183 [main] INFO  base.BaseClass - Trying to find Element By {by.toString()})
2024-01-25 23:10:37,205 [main] INFO  base.BaseClass - Found Element By {by.toString()}
2024-01-25 23:10:37,732 [main] INFO  base.BaseClass - Trying to find Element By {by.toString()})
2024-01-25 23:10:37,754 [main] INFO  base.BaseClass - Found Element By {by.toString()}
2024-01-25 23:10:38,291 [main] INFO  base.BaseClass - Trying to find Element By {by.toString()})
2024-01-25 23:10:38,313 [main] INFO  base.BaseClass - Found Element By {by.toString()}
2024-01-25 23:10:38,845 [main] INFO  base.BaseClass - Trying to find Element By {by.toString()})
2024-01-25 23:10:38,867 [main] INFO  base.BaseClass - Found Element By {by.toString()}
2024-01-25 23:10:39,399 [main] INFO  base.BaseClass - Trying to find Element By {by.toString()})
2024-01-25 23:10:39,422 [main] INFO  base.BaseClass - Found Element By {by.toString()}
2024-01-25 23:10:39,958 [main] INFO  base.BaseClass - Trying to find Element By {by.toString()})
2024-01-25 23:10:39,980 [main] INFO  base.BaseClass - Found Element By {by.toString()}
2024-01-25 23:10:40,509 [main] INFO  base.BaseClass - Trying to find Element By {by.toString()})
2024-01-25 23:10:40,530 [main] INFO  base.BaseClass - Found Element By {by.toString()}
2024-01-25 23:10:41,057 [main] INFO  base.BaseClass - Trying to find Element By {by.toString()})
2024-01-25 23:10:41,078 [main] INFO  base.BaseClass - Found Element By {by.toString()}
2024-01-25 23:10:41,610 [main] INFO  base.BaseClass - Trying to find Element By {by.toString()})
2024-01-25 23:10:41,631 [main] INFO  base.BaseClass - Found Element By {by.toString()}
2024-01-25 23:10:42,161 [main] INFO  base.BaseClass - Trying to find Element By {by.toString()})
2024-01-25 23:10:42,186 [main] INFO  base.BaseClass - Found Element By {by.toString()}
2024-01-25 23:10:42,714 [main] INFO  base.BaseClass - Trying to find Element By {by.toString()})
2024-01-25 23:10:42,735 [main] INFO  base.BaseClass - Found Element By {by.toString()}
2024-01-25 23:10:43,269 [main] INFO  base.BaseClass - Trying to find Element By {by.toString()})
2024-01-25 23:10:43,285 [main] INFO  base.BaseClass - Found Element By {by.toString()}
2024-01-25 23:10:43,818 [main] INFO  base.BaseClass - Trying to find Element By {by.toString()})
2024-01-25 23:10:43,840 [main] INFO  base.BaseClass - Found Element By {by.toString()}
2024-01-25 23:10:44,372 [main] INFO  base.BaseClass - Trying to find Element By {by.toString()})
2024-01-25 23:10:44,394 [main] INFO  base.BaseClass - Found Element By {by.toString()}
2024-01-25 23:10:44,925 [main] INFO  base.BaseClass - Trying to find Element By {by.toString()})
2024-01-25 23:10:44,945 [main] INFO  base.BaseClass - Found Element By {by.toString()}
2024-01-25 23:10:45,475 [main] INFO  base.BaseClass - Trying to find Element By {by.toString()})
2024-01-25 23:10:45,496 [main] INFO  base.BaseClass - Found Element By {by.toString()}
2024-01-25 23:10:46,029 [main] INFO  base.BaseClass - Trying to find Element By {by.toString()})
2024-01-25 23:10:46,050 [main] INFO  base.BaseClass - Found Element By {by.toString()}
2024-01-25 23:10:46,594 [main] INFO  base.BaseClass - Trying to find Element By {by.toString()})
2024-01-25 23:10:46,615 [main] INFO  base.BaseClass - Found Element By {by.toString()}
2024-01-25 23:10:47,141 [main] INFO  base.BaseClass - Trying to find Element By {by.toString()})
2024-01-25 23:10:47,163 [main] INFO  base.BaseClass - Found Element By {by.toString()}
2024-01-25 23:10:47,695 [main] INFO  base.BaseClass - Trying to find Element By {by.toString()})
2024-01-25 23:10:47,717 [main] INFO  base.BaseClass - Found Element By {by.toString()}
2024-01-25 23:10:48,244 [main] INFO  base.BaseClass - Trying to find Element By {by.toString()})
2024-01-25 23:10:48,265 [main] INFO  base.BaseClass - Found Element By {by.toString()}
2024-01-25 23:10:48,798 [main] INFO  base.BaseClass - Trying to find Element By {by.toString()})
2024-01-25 23:10:48,819 [main] INFO  base.BaseClass - Found Element By {by.toString()}
2024-01-25 23:10:49,340 [main] INFO  base.BaseClass - Trying to find Element By {by.toString()})
2024-01-25 23:10:49,355 [main] INFO  base.BaseClass - Found Element By {by.toString()}
2024-01-25 23:10:49,885 [main] INFO  base.BaseClass - Trying to find Element By {by.toString()})
2024-01-25 23:10:49,905 [main] INFO  base.BaseClass - Found Element By {by.toString()}
2024-01-25 23:10:50,448 [main] INFO  base.BaseClass - Trying to find Element By {by.toString()})
2024-01-25 23:10:50,468 [main] INFO  base.BaseClass - Found Element By {by.toString()}
2024-01-25 23:10:50,997 [main] INFO  base.BaseClass - Trying to find Element By {by.toString()})
2024-01-25 23:10:51,017 [main] INFO  base.BaseClass - Found Element By {by.toString()}
2024-01-25 23:10:51,548 [main] INFO  base.BaseClass - Trying to find Element By {by.toString()})
2024-01-25 23:10:51,569 [main] INFO  base.BaseClass - Found Element By {by.toString()}
2024-01-25 23:10:52,101 [main] INFO  base.BaseClass - Trying to find Element By {by.toString()})
2024-01-25 23:10:52,123 [main] INFO  base.BaseClass - Found Element By {by.toString()}
2024-01-25 23:10:52,666 [main] INFO  base.BaseClass - Trying to find Element By {by.toString()})
2024-01-25 23:10:52,680 [main] INFO  base.BaseClass - Found Element By {by.toString()}
2024-01-25 23:10:53,217 [main] INFO  base.BaseClass - Trying to find Element By {by.toString()})
2024-01-25 23:10:53,238 [main] INFO  base.BaseClass - Found Element By {by.toString()}
2024-01-25 23:10:53,766 [main] INFO  base.BaseClass - Trying to find Element By {by.toString()})
2024-01-25 23:10:53,789 [main] INFO  base.BaseClass - Found Element By {by.toString()}
2024-01-25 23:10:54,316 [main] INFO  base.BaseClass - Trying to find Element By {by.toString()})
2024-01-25 23:10:54,338 [main] INFO  base.BaseClass - Found Element By {by.toString()}
2024-01-25 23:10:54,873 [main] INFO  base.BaseClass - Trying to find Element By {by.toString()})
2024-01-25 23:10:54,897 [main] INFO  base.BaseClass - Found Element By {by.toString()}
2024-01-25 23:10:55,423 [main] INFO  base.BaseClass - Trying to find Element By {by.toString()})
2024-01-25 23:10:55,445 [main] INFO  base.BaseClass - Found Element By {by.toString()}
2024-01-25 23:10:55,984 [main] INFO  base.BaseClass - Trying to find Element By {by.toString()})
2024-01-25 23:10:56,006 [main] INFO  base.BaseClass - Found Element By {by.toString()}
2024-01-25 23:10:56,533 [main] INFO  base.BaseClass - Trying to find Element By {by.toString()})
2024-01-25 23:10:56,556 [main] INFO  base.BaseClass - Found Element By {by.toString()}
2024-01-25 23:10:57,082 [main] INFO  base.BaseClass - Trying to find Element By {by.toString()})
2024-01-25 23:10:57,103 [main] INFO  base.BaseClass - Found Element By {by.toString()}
2024-01-25 23:10:57,634 [main] INFO  base.BaseClass - Trying to find Element By {by.toString()})
2024-01-25 23:10:57,656 [main] INFO  base.BaseClass - Found Element By {by.toString()}
2024-01-25 23:10:58,189 [main] INFO  base.BaseClass - Trying to find Element By {by.toString()})
2024-01-25 23:10:58,207 [main] INFO  base.BaseClass - Found Element By {by.toString()}
2024-01-25 23:10:58,730 [main] INFO  base.BaseClass - Trying to find Element By {by.toString()})
2024-01-25 23:10:58,753 [main] INFO  base.BaseClass - Found Element By {by.toString()}
2024-01-25 23:10:59,279 [main] INFO  base.BaseClass - Trying to find Element By {by.toString()})
2024-01-25 23:10:59,303 [main] INFO  base.BaseClass - Found Element By {by.toString()}
2024-01-25 23:10:59,835 [main] INFO  base.BaseClass - Trying to find Element By {by.toString()})
2024-01-25 23:10:59,857 [main] INFO  base.BaseClass - Found Element By {by.toString()}
2024-01-25 23:11:00,389 [main] INFO  base.BaseClass - Trying to find Element By {by.toString()})
2024-01-25 23:11:00,411 [main] INFO  base.BaseClass - Found Element By {by.toString()}
2024-01-25 23:11:00,940 [main] INFO  base.BaseClass - Trying to find Element By {by.toString()})
2024-01-25 23:11:00,962 [main] INFO  base.BaseClass - Found Element By {by.toString()}
2024-01-25 23:11:01,494 [main] INFO  base.BaseClass - Trying to find Element By {by.toString()})
2024-01-25 23:11:01,514 [main] INFO  base.BaseClass - Found Element By {by.toString()}
2024-01-25 23:11:02,056 [main] INFO  base.BaseClass - Trying to find Element By {by.toString()})
2024-01-25 23:11:02,078 [main] INFO  base.BaseClass - Found Element By {by.toString()}
2024-01-25 23:11:02,606 [main] INFO  base.BaseClass - Trying to find Element By {by.toString()})
2024-01-25 23:11:02,627 [main] INFO  base.BaseClass - Found Element By {by.toString()}
2024-01-25 23:11:03,159 [main] INFO  base.BaseClass - Trying to find Element By {by.toString()})
2024-01-25 23:11:03,180 [main] INFO  base.BaseClass - Found Element By {by.toString()}
2024-01-25 23:11:03,721 [main] INFO  base.BaseClass - Trying to find Element By {by.toString()})
2024-01-25 23:11:03,743 [main] INFO  base.BaseClass - Found Element By {by.toString()}
2024-01-25 23:11:04,276 [main] INFO  base.BaseClass - Trying to find Element By {by.toString()})
2024-01-25 23:11:04,298 [main] INFO  base.BaseClass - Found Element By {by.toString()}
2024-01-25 23:11:04,832 [main] INFO  base.BaseClass - Trying to find Element By {by.toString()})
2024-01-25 23:11:04,853 [main] INFO  base.BaseClass - Found Element By {by.toString()}
2024-01-25 23:11:05,383 [main] INFO  base.BaseClass - Trying to find Element By {by.toString()})
2024-01-25 23:11:05,408 [main] INFO  base.BaseClass - Found Element By {by.toString()}
TimeoutException occurred: Expected condition failed: waiting for helper.WaitUtility$5@139bee8f (tried for 30 second(s) with 500 milliseconds interval)
Build info: version: '3.141.59', revision: 'e82be7d358', time: '2018-11-14T08:17:03'
System info: host: 'DPLAP166', ip: '137.237.3.67', os.name: 'Windows 10', os.arch: 'amd64', os.version: '10.0', java.version: '19.0.1'
Driver info: org.openqa.selenium.support.events.EventFiringWebDriver
Capabilities {acceptInsecureCerts: true, browserName: chrome, browserVersion: 121.0.6167.86, chrome: {chromedriverVersion: 121.0.6167.85 (3f98d690ad7e..., userDataDir: C:\Users\dP-PL\AppData\Loca...}, fedcm:accounts: true, goog:chromeOptions: {debuggerAddress: localhost:56060}, javascriptEnabled: true, networkConnectionEnabled: false, pageLoadStrategy: normal, platform: WINDOWS, platformName: WINDOWS, proxy: Proxy(), setWindowRect: true, strictFileInteractability: false, timeouts: {implicit: 0, pageLoad: 300000, script: 30000}, unhandledPromptBehavior: dismiss and notify, webauthn:extension:credBlob: true, webauthn:extension:largeBlob: true, webauthn:extension:minPinLength: true, webauthn:extension:prf: true, webauthn:virtualAuthenticators: true}
Session ID: 8b95575c0db41e4737a47e7fb700da68
2024-01-25 23:11:05,440 [main] ERROR XGLT_15177_Test - Element did not become visible within the specified time: Expected condition failed: waiting for helper.WaitUtility$5@139bee8f (tried for 30 second(s) with 500 milliseconds interval)
Build info: version: '3.141.59', revision: 'e82be7d358', time: '2018-11-14T08:17:03'
System info: host: 'DPLAP166', ip: '137.237.3.67', os.name: 'Windows 10', os.arch: 'amd64', os.version: '10.0', java.version: '19.0.1'
Driver info: org.openqa.selenium.support.events.EventFiringWebDriver
Capabilities {acceptInsecureCerts: true, browserName: chrome, browserVersion: 121.0.6167.86, chrome: {chromedriverVersion: 121.0.6167.85 (3f98d690ad7e..., userDataDir: C:\Users\dP-PL\AppData\Loca...}, fedcm:accounts: true, goog:chromeOptions: {debuggerAddress: localhost:56060}, javascriptEnabled: true, networkConnectionEnabled: false, pageLoadStrategy: normal, platform: WINDOWS, platformName: WINDOWS, proxy: Proxy(), setWindowRect: true, strictFileInteractability: false, timeouts: {implicit: 0, pageLoad: 300000, script: 30000}, unhandledPromptBehavior: dismiss and notify, webauthn:extension:credBlob: true, webauthn:extension:largeBlob: true, webauthn:extension:minPinLength: true, webauthn:extension:prf: true, webauthn:virtualAuthenticators: true}
Session ID: 8b95575c0db41e4737a47e7fb700da68
2024-01-25 23:11:05,440 [main] INFO  base.BaseClass - Trying to find Element By {by.toString()})
2024-01-25 23:11:05,460 [main] INFO  base.BaseClass - Found Element By {by.toString()}
2024-01-25 23:11:05,460 [main] INFO  base.BaseClass - Trying to click on: {element.toString()}
2024-01-25 23:11:05,581 [main] INFO  base.BaseClass - Clicked on: {element.toString()}
2024-01-25 23:11:05,581 [main] INFO  base.BaseClass - Trying to find Element By {by.toString()})
2024-01-25 23:11:05,594 [main] INFO  base.BaseClass - Found Element By {by.toString()}
RO is New Retail Unit
2024-01-25 23:11:05,607 [main] INFO  base.BaseClass - Trying to find Element By {by.toString()})
2024-01-25 23:11:05,622 [main] INFO  base.BaseClass - Found Element By {by.toString()}
Writing on Excel file Finished ...
CreateNewRetailUnit passed!
]]></system-out>
    <system-err><![CDATA[Starting ChromeDriver 121.0.6167.85 (3f98d690ad7e59242ef110144c757b2ac4eef1a2-refs/branch-heads/6167@{#1539}) on port 30614
Only local connections are allowed.
Please see https://chromedriver.chromium.org/security-considerations for suggestions on keeping ChromeDriver safe.
ChromeDriver was started successfully.
Jan 25, 2024 11:06:31 PM org.openqa.selenium.remote.ProtocolHandshake createSession
INFO: Detected dialect: W3C
]]></system-err>
  </testcase>
  <testcase name="CreateNewSoftRegion" classname="XGLT_6752_Test" time="367.452">
    <system-out><![CDATA[2024-01-25 23:11:05,933 [main] INFO  XGLT_15177_Test - closing up browser
2024-01-25 23:11:06,432 [main] INFO  base.BaseClass - Login to XGL
2024-01-25 23:11:06,432 [main] INFO  XGLT_15177_Test - Setting up browser
2024-01-25 23:11:06,440 [main] INFO  io.github.bonigarcia.wdm.WebDriverManager - Using chromedriver 121.0.6167.85 (resolved driver for Chrome 121)
2024-01-25 23:11:06,450 [main] INFO  io.github.bonigarcia.wdm.WebDriverManager - Exporting webdriver.chrome.driver as C:\Users\dP-PL\.cache\selenium\chromedriver\win64\121.0.6167.85\chromedriver.exe
2024-01-25 23:11:07,462 [main] INFO  base.BaseClass - Before navigating to {url}
2024-01-25 23:11:12,564 [main] INFO  base.BaseClass - Navigated to {url}
2024-01-25 23:11:12,990 [main] INFO  base.BaseClass - Trying to find Element By {by.toString()})
2024-01-25 23:11:13,005 [main] INFO  base.BaseClass - Found Element By {by.toString()}
2024-01-25 23:11:13,051 [main] INFO  base.BaseClass - Trying to find Element By {by.toString()})
2024-01-25 23:11:13,063 [main] INFO  base.BaseClass - Found Element By {by.toString()}
2024-01-25 23:11:13,118 [main] INFO  base.BaseClass - Trying to find Element By {by.toString()})
2024-01-25 23:11:13,131 [main] INFO  base.BaseClass - Found Element By {by.toString()}
2024-01-25 23:11:13,131 [main] INFO  base.BaseClass - Trying to click on: {element.toString()}
2024-01-25 23:11:13,171 [main] INFO  base.BaseClass - Clicked on: {element.toString()}
2024-01-25 23:11:13,171 [main] INFO  base.BaseClass - Trying to find Element By {by.toString()})
2024-01-25 23:11:16,967 [main] INFO  base.BaseClass - Found Element By {by.toString()}
2024-01-25 23:11:16,986 [main] INFO  base.BaseClass - Trying to find Element By {by.toString()})
NoSuchElementException occurred: no such element: Unable to locate element: {"method":"xpath","selector":"//div[@class='modal-content']/div/i[contains(@class,'close')]"}
  (Session info: chrome=121.0.6167.86)
For documentation on this error, please visit: https://www.seleniumhq.org/exceptions/no_such_element.html
Build info: version: '3.141.59', revision: 'e82be7d358', time: '2018-11-14T08:17:03'
System info: host: 'DPLAP166', ip: '137.237.3.67', os.name: 'Windows 10', os.arch: 'amd64', os.version: '10.0', java.version: '19.0.1'
Driver info: org.openqa.selenium.chrome.ChromeDriver
Capabilities {acceptInsecureCerts: true, browserName: chrome, browserVersion: 121.0.6167.86, chrome: {chromedriverVersion: 121.0.6167.85 (3f98d690ad7e..., userDataDir: C:\Users\dP-PL\AppData\Loca...}, fedcm:accounts: true, goog:chromeOptions: {debuggerAddress: localhost:56105}, javascriptEnabled: true, networkConnectionEnabled: false, pageLoadStrategy: normal, platform: WINDOWS, platformName: WINDOWS, proxy: Proxy(), setWindowRect: true, strictFileInteractability: false, timeouts: {implicit: 0, pageLoad: 300000, script: 30000}, unhandledPromptBehavior: dismiss and notify, webauthn:extension:credBlob: true, webauthn:extension:largeBlob: true, webauthn:extension:minPinLength: true, webauthn:extension:prf: true, webauthn:virtualAuthenticators: true}
Session ID: 16a41e34defa4830bd25b54ba907cbdb
*** Element info: {Using=xpath, value=//div[@class='modal-content']/div/i[contains(@class,'close')]}
Before method Test name: Maintainance Tests
CreateNewSoftRegion started!
2024-01-25 23:12:07,148 [main] INFO  base.BaseClass - Trying to find Element By {by.toString()})
2024-01-25 23:12:07,173 [main] INFO  base.BaseClass - Found Element By {by.toString()}
2024-01-25 23:12:07,706 [main] INFO  base.BaseClass - Trying to find Element By {by.toString()})
2024-01-25 23:12:07,728 [main] INFO  base.BaseClass - Found Element By {by.toString()}
2024-01-25 23:12:08,260 [main] INFO  base.BaseClass - Trying to find Element By {by.toString()})
2024-01-25 23:12:08,285 [main] INFO  base.BaseClass - Found Element By {by.toString()}
2024-01-25 23:12:08,818 [main] INFO  base.BaseClass - Trying to find Element By {by.toString()})
2024-01-25 23:12:08,840 [main] INFO  base.BaseClass - Found Element By {by.toString()}
2024-01-25 23:12:09,378 [main] INFO  base.BaseClass - Trying to find Element By {by.toString()})
2024-01-25 23:12:09,399 [main] INFO  base.BaseClass - Found Element By {by.toString()}
2024-01-25 23:12:09,930 [main] INFO  base.BaseClass - Trying to find Element By {by.toString()})
2024-01-25 23:12:09,953 [main] INFO  base.BaseClass - Found Element By {by.toString()}
2024-01-25 23:12:10,479 [main] INFO  base.BaseClass - Trying to find Element By {by.toString()})
2024-01-25 23:12:10,503 [main] INFO  base.BaseClass - Found Element By {by.toString()}
2024-01-25 23:12:11,040 [main] INFO  base.BaseClass - Trying to find Element By {by.toString()})
2024-01-25 23:12:11,064 [main] INFO  base.BaseClass - Found Element By {by.toString()}
2024-01-25 23:12:11,607 [main] INFO  base.BaseClass - Trying to find Element By {by.toString()})
2024-01-25 23:12:11,629 [main] INFO  base.BaseClass - Found Element By {by.toString()}
2024-01-25 23:12:12,157 [main] INFO  base.BaseClass - Trying to find Element By {by.toString()})
2024-01-25 23:12:12,165 [main] INFO  base.BaseClass - Found Element By {by.toString()}
2024-01-25 23:12:12,678 [main] INFO  base.BaseClass - Trying to find Element By {by.toString()})
2024-01-25 23:12:12,701 [main] INFO  base.BaseClass - Found Element By {by.toString()}
2024-01-25 23:12:13,234 [main] INFO  base.BaseClass - Trying to find Element By {by.toString()})
2024-01-25 23:12:13,255 [main] INFO  base.BaseClass - Found Element By {by.toString()}
2024-01-25 23:12:13,791 [main] INFO  base.BaseClass - Trying to find Element By {by.toString()})
2024-01-25 23:12:13,806 [main] INFO  base.BaseClass - Found Element By {by.toString()}
2024-01-25 23:12:14,338 [main] INFO  base.BaseClass - Trying to find Element By {by.toString()})
2024-01-25 23:12:14,354 [main] INFO  base.BaseClass - Found Element By {by.toString()}
2024-01-25 23:12:14,878 [main] INFO  base.BaseClass - Trying to find Element By {by.toString()})
2024-01-25 23:12:14,893 [main] INFO  base.BaseClass - Found Element By {by.toString()}
2024-01-25 23:12:15,418 [main] INFO  base.BaseClass - Trying to find Element By {by.toString()})
2024-01-25 23:12:15,438 [main] INFO  base.BaseClass - Found Element By {by.toString()}
2024-01-25 23:12:15,957 [main] INFO  base.BaseClass - Trying to find Element By {by.toString()})
2024-01-25 23:12:15,976 [main] INFO  base.BaseClass - Found Element By {by.toString()}
2024-01-25 23:12:16,507 [main] INFO  base.BaseClass - Trying to find Element By {by.toString()})
2024-01-25 23:12:16,528 [main] INFO  base.BaseClass - Found Element By {by.toString()}
2024-01-25 23:12:17,049 [main] INFO  base.BaseClass - Trying to find Element By {by.toString()})
2024-01-25 23:12:17,071 [main] INFO  base.BaseClass - Found Element By {by.toString()}
2024-01-25 23:12:17,610 [main] INFO  base.BaseClass - Trying to find Element By {by.toString()})
2024-01-25 23:12:17,629 [main] INFO  base.BaseClass - Found Element By {by.toString()}
2024-01-25 23:12:18,163 [main] INFO  base.BaseClass - Trying to find Element By {by.toString()})
2024-01-25 23:12:18,185 [main] INFO  base.BaseClass - Found Element By {by.toString()}
2024-01-25 23:12:18,706 [main] INFO  base.BaseClass - Trying to find Element By {by.toString()})
2024-01-25 23:12:18,728 [main] INFO  base.BaseClass - Found Element By {by.toString()}
2024-01-25 23:12:19,260 [main] INFO  base.BaseClass - Trying to find Element By {by.toString()})
2024-01-25 23:12:19,282 [main] INFO  base.BaseClass - Found Element By {by.toString()}
2024-01-25 23:12:19,817 [main] INFO  base.BaseClass - Trying to find Element By {by.toString()})
2024-01-25 23:12:19,843 [main] INFO  base.BaseClass - Found Element By {by.toString()}
2024-01-25 23:12:20,378 [main] INFO  base.BaseClass - Trying to find Element By {by.toString()})
2024-01-25 23:12:20,401 [main] INFO  base.BaseClass - Found Element By {by.toString()}
2024-01-25 23:12:20,934 [main] INFO  base.BaseClass - Trying to find Element By {by.toString()})
2024-01-25 23:12:20,957 [main] INFO  base.BaseClass - Found Element By {by.toString()}
2024-01-25 23:12:21,502 [main] INFO  base.BaseClass - Trying to find Element By {by.toString()})
2024-01-25 23:12:21,524 [main] INFO  base.BaseClass - Found Element By {by.toString()}
2024-01-25 23:12:22,066 [main] INFO  base.BaseClass - Trying to find Element By {by.toString()})
2024-01-25 23:12:22,088 [main] INFO  base.BaseClass - Found Element By {by.toString()}
2024-01-25 23:12:22,622 [main] INFO  base.BaseClass - Trying to find Element By {by.toString()})
2024-01-25 23:12:22,645 [main] INFO  base.BaseClass - Found Element By {by.toString()}
2024-01-25 23:12:23,161 [main] INFO  base.BaseClass - Trying to find Element By {by.toString()})
2024-01-25 23:12:23,183 [main] INFO  base.BaseClass - Found Element By {by.toString()}
2024-01-25 23:12:23,725 [main] INFO  base.BaseClass - Trying to find Element By {by.toString()})
2024-01-25 23:12:23,748 [main] INFO  base.BaseClass - Found Element By {by.toString()}
2024-01-25 23:12:24,277 [main] INFO  base.BaseClass - Trying to find Element By {by.toString()})
2024-01-25 23:12:24,301 [main] INFO  base.BaseClass - Found Element By {by.toString()}
2024-01-25 23:12:24,833 [main] INFO  base.BaseClass - Trying to find Element By {by.toString()})
2024-01-25 23:12:24,855 [main] INFO  base.BaseClass - Found Element By {by.toString()}
2024-01-25 23:12:25,392 [main] INFO  base.BaseClass - Trying to find Element By {by.toString()})
2024-01-25 23:12:25,404 [main] INFO  base.BaseClass - Found Element By {by.toString()}
2024-01-25 23:12:25,940 [main] INFO  base.BaseClass - Trying to find Element By {by.toString()})
2024-01-25 23:12:25,962 [main] INFO  base.BaseClass - Found Element By {by.toString()}
2024-01-25 23:12:26,494 [main] INFO  base.BaseClass - Trying to find Element By {by.toString()})
2024-01-25 23:12:26,517 [main] INFO  base.BaseClass - Found Element By {by.toString()}
2024-01-25 23:12:27,049 [main] INFO  base.BaseClass - Trying to find Element By {by.toString()})
2024-01-25 23:12:27,071 [main] INFO  base.BaseClass - Found Element By {by.toString()}
2024-01-25 23:12:27,604 [main] INFO  base.BaseClass - Trying to find Element By {by.toString()})
2024-01-25 23:12:27,626 [main] INFO  base.BaseClass - Found Element By {by.toString()}
2024-01-25 23:12:28,151 [main] INFO  base.BaseClass - Trying to find Element By {by.toString()})
2024-01-25 23:12:28,174 [main] INFO  base.BaseClass - Found Element By {by.toString()}
2024-01-25 23:12:28,712 [main] INFO  base.BaseClass - Trying to find Element By {by.toString()})
2024-01-25 23:12:28,736 [main] INFO  base.BaseClass - Found Element By {by.toString()}
2024-01-25 23:12:29,282 [main] INFO  base.BaseClass - Trying to find Element By {by.toString()})
2024-01-25 23:12:29,304 [main] INFO  base.BaseClass - Found Element By {by.toString()}
2024-01-25 23:12:29,831 [main] INFO  base.BaseClass - Trying to find Element By {by.toString()})
2024-01-25 23:12:29,854 [main] INFO  base.BaseClass - Found Element By {by.toString()}
2024-01-25 23:12:30,384 [main] INFO  base.BaseClass - Trying to find Element By {by.toString()})
2024-01-25 23:12:30,406 [main] INFO  base.BaseClass - Found Element By {by.toString()}
2024-01-25 23:12:30,934 [main] INFO  base.BaseClass - Trying to find Element By {by.toString()})
2024-01-25 23:12:30,955 [main] INFO  base.BaseClass - Found Element By {by.toString()}
2024-01-25 23:12:31,485 [main] INFO  base.BaseClass - Trying to find Element By {by.toString()})
2024-01-25 23:12:31,507 [main] INFO  base.BaseClass - Found Element By {by.toString()}
2024-01-25 23:12:32,038 [main] INFO  base.BaseClass - Trying to find Element By {by.toString()})
2024-01-25 23:12:32,540 [main] INFO  base.BaseClass - Found Element By {by.toString()}
2024-01-25 23:12:33,085 [main] INFO  base.BaseClass - Trying to find Element By {by.toString()})
2024-01-25 23:12:33,107 [main] INFO  base.BaseClass - Found Element By {by.toString()}
2024-01-25 23:12:33,641 [main] INFO  base.BaseClass - Trying to find Element By {by.toString()})
2024-01-25 23:12:33,665 [main] INFO  base.BaseClass - Found Element By {by.toString()}
2024-01-25 23:12:34,200 [main] INFO  base.BaseClass - Trying to find Element By {by.toString()})
2024-01-25 23:12:34,221 [main] INFO  base.BaseClass - Found Element By {by.toString()}
2024-01-25 23:12:34,747 [main] INFO  base.BaseClass - Trying to find Element By {by.toString()})
2024-01-25 23:12:34,769 [main] INFO  base.BaseClass - Found Element By {by.toString()}
2024-01-25 23:12:35,301 [main] INFO  base.BaseClass - Trying to find Element By {by.toString()})
2024-01-25 23:12:35,323 [main] INFO  base.BaseClass - Found Element By {by.toString()}
2024-01-25 23:12:35,855 [main] INFO  base.BaseClass - Trying to find Element By {by.toString()})
2024-01-25 23:12:35,876 [main] INFO  base.BaseClass - Found Element By {by.toString()}
2024-01-25 23:12:36,402 [main] INFO  base.BaseClass - Trying to find Element By {by.toString()})
2024-01-25 23:12:36,423 [main] INFO  base.BaseClass - Found Element By {by.toString()}
2024-01-25 23:12:36,956 [main] INFO  base.BaseClass - Trying to find Element By {by.toString()})
2024-01-25 23:12:36,980 [main] INFO  base.BaseClass - Found Element By {by.toString()}
2024-01-25 23:12:37,512 [main] INFO  base.BaseClass - Trying to find Element By {by.toString()})
2024-01-25 23:12:37,535 [main] INFO  base.BaseClass - Found Element By {by.toString()}
TimeoutException occurred: Expected condition failed: waiting for helper.WaitUtility$5@553eab9d (tried for 30 second(s) with 500 milliseconds interval)
Build info: version: '3.141.59', revision: 'e82be7d358', time: '2018-11-14T08:17:03'
System info: host: 'DPLAP166', ip: '137.237.3.67', os.name: 'Windows 10', os.arch: 'amd64', os.version: '10.0', java.version: '19.0.1'
Driver info: org.openqa.selenium.support.events.EventFiringWebDriver
Capabilities {acceptInsecureCerts: true, browserName: chrome, browserVersion: 121.0.6167.86, chrome: {chromedriverVersion: 121.0.6167.85 (3f98d690ad7e..., userDataDir: C:\Users\dP-PL\AppData\Loca...}, fedcm:accounts: true, goog:chromeOptions: {debuggerAddress: localhost:56105}, javascriptEnabled: true, networkConnectionEnabled: false, pageLoadStrategy: normal, platform: WINDOWS, platformName: WINDOWS, proxy: Proxy(), setWindowRect: true, strictFileInteractability: false, timeouts: {implicit: 0, pageLoad: 300000, script: 30000}, unhandledPromptBehavior: dismiss and notify, webauthn:extension:credBlob: true, webauthn:extension:largeBlob: true, webauthn:extension:minPinLength: true, webauthn:extension:prf: true, webauthn:virtualAuthenticators: true}
Session ID: 16a41e34defa4830bd25b54ba907cbdb
2024-01-25 23:12:37,569 [main] ERROR XGLT_15177_Test - Element did not become visible within the specified time: Expected condition failed: waiting for helper.WaitUtility$5@553eab9d (tried for 30 second(s) with 500 milliseconds interval)
Build info: version: '3.141.59', revision: 'e82be7d358', time: '2018-11-14T08:17:03'
System info: host: 'DPLAP166', ip: '137.237.3.67', os.name: 'Windows 10', os.arch: 'amd64', os.version: '10.0', java.version: '19.0.1'
Driver info: org.openqa.selenium.support.events.EventFiringWebDriver
Capabilities {acceptInsecureCerts: true, browserName: chrome, browserVersion: 121.0.6167.86, chrome: {chromedriverVersion: 121.0.6167.85 (3f98d690ad7e..., userDataDir: C:\Users\dP-PL\AppData\Loca...}, fedcm:accounts: true, goog:chromeOptions: {debuggerAddress: localhost:56105}, javascriptEnabled: true, networkConnectionEnabled: false, pageLoadStrategy: normal, platform: WINDOWS, platformName: WINDOWS, proxy: Proxy(), setWindowRect: true, strictFileInteractability: false, timeouts: {implicit: 0, pageLoad: 300000, script: 30000}, unhandledPromptBehavior: dismiss and notify, webauthn:extension:credBlob: true, webauthn:extension:largeBlob: true, webauthn:extension:minPinLength: true, webauthn:extension:prf: true, webauthn:virtualAuthenticators: true}
Session ID: 16a41e34defa4830bd25b54ba907cbdb
2024-01-25 23:12:37,569 [main] INFO  base.BaseClass - Trying to find Element By {by.toString()})
2024-01-25 23:12:37,590 [main] INFO  base.BaseClass - Found Element By {by.toString()}
2024-01-25 23:12:37,590 [main] INFO  base.BaseClass - Trying to click on: {element.toString()}
2024-01-25 23:12:37,698 [main] INFO  base.BaseClass - Clicked on: {element.toString()}
2024-01-25 23:12:37,699 [main] INFO  base.BaseClass - Trying to find Element By {by.toString()})
2024-01-25 23:12:37,710 [main] INFO  base.BaseClass - Found Element By {by.toString()}
2024-01-25 23:12:38,237 [main] INFO  base.BaseClass - Trying to find Element By {by.toString()})
2024-01-25 23:12:38,262 [main] INFO  base.BaseClass - Found Element By {by.toString()}
2024-01-25 23:12:38,792 [main] INFO  base.BaseClass - Trying to find Element By {by.toString()})
2024-01-25 23:12:38,815 [main] INFO  base.BaseClass - Found Element By {by.toString()}
2024-01-25 23:12:39,343 [main] INFO  base.BaseClass - Trying to find Element By {by.toString()})
2024-01-25 23:12:39,366 [main] INFO  base.BaseClass - Found Element By {by.toString()}
2024-01-25 23:12:39,901 [main] INFO  base.BaseClass - Trying to find Element By {by.toString()})
2024-01-25 23:12:39,925 [main] INFO  base.BaseClass - Found Element By {by.toString()}
2024-01-25 23:12:40,453 [main] INFO  base.BaseClass - Trying to find Element By {by.toString()})
2024-01-25 23:12:40,477 [main] INFO  base.BaseClass - Found Element By {by.toString()}
2024-01-25 23:12:41,003 [main] INFO  base.BaseClass - Trying to find Element By {by.toString()})
2024-01-25 23:12:41,027 [main] INFO  base.BaseClass - Found Element By {by.toString()}
2024-01-25 23:12:41,565 [main] INFO  base.BaseClass - Trying to find Element By {by.toString()})
2024-01-25 23:12:41,589 [main] INFO  base.BaseClass - Found Element By {by.toString()}
2024-01-25 23:12:42,124 [main] INFO  base.BaseClass - Trying to find Element By {by.toString()})
2024-01-25 23:12:42,149 [main] INFO  base.BaseClass - Found Element By {by.toString()}
2024-01-25 23:12:42,687 [main] INFO  base.BaseClass - Trying to find Element By {by.toString()})
2024-01-25 23:12:42,713 [main] INFO  base.BaseClass - Found Element By {by.toString()}
2024-01-25 23:12:43,244 [main] INFO  base.BaseClass - Trying to find Element By {by.toString()})
2024-01-25 23:12:43,269 [main] INFO  base.BaseClass - Found Element By {by.toString()}
2024-01-25 23:12:43,807 [main] INFO  base.BaseClass - Trying to find Element By {by.toString()})
2024-01-25 23:12:43,831 [main] INFO  base.BaseClass - Found Element By {by.toString()}
2024-01-25 23:12:44,371 [main] INFO  base.BaseClass - Trying to find Element By {by.toString()})
2024-01-25 23:12:44,395 [main] INFO  base.BaseClass - Found Element By {by.toString()}
2024-01-25 23:12:44,935 [main] INFO  base.BaseClass - Trying to find Element By {by.toString()})
2024-01-25 23:12:44,961 [main] INFO  base.BaseClass - Found Element By {by.toString()}
2024-01-25 23:12:45,497 [main] INFO  base.BaseClass - Trying to find Element By {by.toString()})
2024-01-25 23:12:45,524 [main] INFO  base.BaseClass - Found Element By {by.toString()}
2024-01-25 23:12:46,062 [main] INFO  base.BaseClass - Trying to find Element By {by.toString()})
2024-01-25 23:12:46,083 [main] INFO  base.BaseClass - Found Element By {by.toString()}
2024-01-25 23:12:46,610 [main] INFO  base.BaseClass - Trying to find Element By {by.toString()})
2024-01-25 23:12:46,636 [main] INFO  base.BaseClass - Found Element By {by.toString()}
2024-01-25 23:12:47,182 [main] INFO  base.BaseClass - Trying to find Element By {by.toString()})
2024-01-25 23:12:47,199 [main] INFO  base.BaseClass - Found Element By {by.toString()}
2024-01-25 23:12:47,728 [main] INFO  base.BaseClass - Trying to find Element By {by.toString()})
2024-01-25 23:12:47,754 [main] INFO  base.BaseClass - Found Element By {by.toString()}
2024-01-25 23:12:48,293 [main] INFO  base.BaseClass - Trying to find Element By {by.toString()})
2024-01-25 23:12:48,319 [main] INFO  base.BaseClass - Found Element By {by.toString()}
2024-01-25 23:12:48,857 [main] INFO  base.BaseClass - Trying to find Element By {by.toString()})
2024-01-25 23:12:48,876 [main] INFO  base.BaseClass - Found Element By {by.toString()}
2024-01-25 23:12:49,397 [main] INFO  base.BaseClass - Trying to find Element By {by.toString()})
2024-01-25 23:12:49,421 [main] INFO  base.BaseClass - Found Element By {by.toString()}
2024-01-25 23:12:49,958 [main] INFO  base.BaseClass - Trying to find Element By {by.toString()})
2024-01-25 23:12:49,981 [main] INFO  base.BaseClass - Found Element By {by.toString()}
2024-01-25 23:12:50,518 [main] INFO  base.BaseClass - Trying to find Element By {by.toString()})
2024-01-25 23:12:50,545 [main] INFO  base.BaseClass - Found Element By {by.toString()}
2024-01-25 23:12:51,078 [main] INFO  base.BaseClass - Trying to find Element By {by.toString()})
2024-01-25 23:12:51,590 [main] INFO  base.BaseClass - Found Element By {by.toString()}
2024-01-25 23:12:52,109 [main] INFO  base.BaseClass - Trying to find Element By {by.toString()})
2024-01-25 23:12:52,124 [main] INFO  base.BaseClass - Found Element By {by.toString()}
2024-01-25 23:12:52,652 [main] INFO  base.BaseClass - Trying to find Element By {by.toString()})
2024-01-25 23:12:52,676 [main] INFO  base.BaseClass - Found Element By {by.toString()}
2024-01-25 23:12:53,211 [main] INFO  base.BaseClass - Trying to find Element By {by.toString()})
2024-01-25 23:12:53,235 [main] INFO  base.BaseClass - Found Element By {by.toString()}
2024-01-25 23:12:53,777 [main] INFO  base.BaseClass - Trying to find Element By {by.toString()})
2024-01-25 23:12:53,799 [main] INFO  base.BaseClass - Found Element By {by.toString()}
2024-01-25 23:12:54,348 [main] INFO  base.BaseClass - Trying to find Element By {by.toString()})
2024-01-25 23:12:54,370 [main] INFO  base.BaseClass - Found Element By {by.toString()}
2024-01-25 23:12:54,903 [main] INFO  base.BaseClass - Trying to find Element By {by.toString()})
2024-01-25 23:12:54,928 [main] INFO  base.BaseClass - Found Element By {by.toString()}
2024-01-25 23:12:55,463 [main] INFO  base.BaseClass - Trying to find Element By {by.toString()})
2024-01-25 23:12:55,487 [main] INFO  base.BaseClass - Found Element By {by.toString()}
2024-01-25 23:12:56,024 [main] INFO  base.BaseClass - Trying to find Element By {by.toString()})
2024-01-25 23:12:56,047 [main] INFO  base.BaseClass - Found Element By {by.toString()}
2024-01-25 23:12:56,580 [main] INFO  base.BaseClass - Trying to find Element By {by.toString()})
2024-01-25 23:12:56,604 [main] INFO  base.BaseClass - Found Element By {by.toString()}
2024-01-25 23:12:57,134 [main] INFO  base.BaseClass - Trying to find Element By {by.toString()})
2024-01-25 23:12:57,157 [main] INFO  base.BaseClass - Found Element By {by.toString()}
2024-01-25 23:12:57,693 [main] INFO  base.BaseClass - Trying to find Element By {by.toString()})
2024-01-25 23:12:57,718 [main] INFO  base.BaseClass - Found Element By {by.toString()}
2024-01-25 23:12:58,258 [main] INFO  base.BaseClass - Trying to find Element By {by.toString()})
2024-01-25 23:12:58,278 [main] INFO  base.BaseClass - Found Element By {by.toString()}
2024-01-25 23:12:58,798 [main] INFO  base.BaseClass - Trying to find Element By {by.toString()})
2024-01-25 23:12:58,817 [main] INFO  base.BaseClass - Found Element By {by.toString()}
2024-01-25 23:12:59,348 [main] INFO  base.BaseClass - Trying to find Element By {by.toString()})
2024-01-25 23:12:59,370 [main] INFO  base.BaseClass - Found Element By {by.toString()}
2024-01-25 23:12:59,901 [main] INFO  base.BaseClass - Trying to find Element By {by.toString()})
2024-01-25 23:12:59,923 [main] INFO  base.BaseClass - Found Element By {by.toString()}
2024-01-25 23:13:00,444 [main] INFO  base.BaseClass - Trying to find Element By {by.toString()})
2024-01-25 23:13:00,466 [main] INFO  base.BaseClass - Found Element By {by.toString()}
2024-01-25 23:13:00,996 [main] INFO  base.BaseClass - Trying to find Element By {by.toString()})
2024-01-25 23:13:01,015 [main] INFO  base.BaseClass - Found Element By {by.toString()}
2024-01-25 23:13:01,544 [main] INFO  base.BaseClass - Trying to find Element By {by.toString()})
2024-01-25 23:13:01,566 [main] INFO  base.BaseClass - Found Element By {by.toString()}
2024-01-25 23:13:02,095 [main] INFO  base.BaseClass - Trying to find Element By {by.toString()})
2024-01-25 23:13:02,116 [main] INFO  base.BaseClass - Found Element By {by.toString()}
2024-01-25 23:13:02,648 [main] INFO  base.BaseClass - Trying to find Element By {by.toString()})
2024-01-25 23:13:02,662 [main] INFO  base.BaseClass - Found Element By {by.toString()}
2024-01-25 23:13:03,192 [main] INFO  base.BaseClass - Trying to find Element By {by.toString()})
2024-01-25 23:13:03,215 [main] INFO  base.BaseClass - Found Element By {by.toString()}
2024-01-25 23:13:03,747 [main] INFO  base.BaseClass - Trying to find Element By {by.toString()})
2024-01-25 23:13:03,772 [main] INFO  base.BaseClass - Found Element By {by.toString()}
2024-01-25 23:13:04,311 [main] INFO  base.BaseClass - Trying to find Element By {by.toString()})
2024-01-25 23:13:04,335 [main] INFO  base.BaseClass - Found Element By {by.toString()}
2024-01-25 23:13:04,871 [main] INFO  base.BaseClass - Trying to find Element By {by.toString()})
2024-01-25 23:13:04,893 [main] INFO  base.BaseClass - Found Element By {by.toString()}
2024-01-25 23:13:05,433 [main] INFO  base.BaseClass - Trying to find Element By {by.toString()})
2024-01-25 23:13:05,456 [main] INFO  base.BaseClass - Found Element By {by.toString()}
2024-01-25 23:13:05,986 [main] INFO  base.BaseClass - Trying to find Element By {by.toString()})
2024-01-25 23:13:06,007 [main] INFO  base.BaseClass - Found Element By {by.toString()}
2024-01-25 23:13:06,563 [main] INFO  base.BaseClass - Trying to find Element By {by.toString()})
2024-01-25 23:13:06,588 [main] INFO  base.BaseClass - Found Element By {by.toString()}
2024-01-25 23:13:07,120 [main] INFO  base.BaseClass - Trying to find Element By {by.toString()})
2024-01-25 23:13:07,128 [main] INFO  base.BaseClass - Found Element By {by.toString()}
2024-01-25 23:13:07,642 [main] INFO  base.BaseClass - Trying to find Element By {by.toString()})
2024-01-25 23:13:07,665 [main] INFO  base.BaseClass - Found Element By {by.toString()}
2024-01-25 23:13:08,199 [main] INFO  base.BaseClass - Trying to find Element By {by.toString()})
2024-01-25 23:13:08,221 [main] INFO  base.BaseClass - Found Element By {by.toString()}
TimeoutException occurred: Expected condition failed: waiting for helper.WaitUtility$5@7b8d5041 (tried for 30 second(s) with 500 milliseconds interval)
Build info: version: '3.141.59', revision: 'e82be7d358', time: '2018-11-14T08:17:03'
System info: host: 'DPLAP166', ip: '137.237.3.67', os.name: 'Windows 10', os.arch: 'amd64', os.version: '10.0', java.version: '19.0.1'
Driver info: org.openqa.selenium.support.events.EventFiringWebDriver
Capabilities {acceptInsecureCerts: true, browserName: chrome, browserVersion: 121.0.6167.86, chrome: {chromedriverVersion: 121.0.6167.85 (3f98d690ad7e..., userDataDir: C:\Users\dP-PL\AppData\Loca...}, fedcm:accounts: true, goog:chromeOptions: {debuggerAddress: localhost:56105}, javascriptEnabled: true, networkConnectionEnabled: false, pageLoadStrategy: normal, platform: WINDOWS, platformName: WINDOWS, proxy: Proxy(), setWindowRect: true, strictFileInteractability: false, timeouts: {implicit: 0, pageLoad: 300000, script: 30000}, unhandledPromptBehavior: dismiss and notify, webauthn:extension:credBlob: true, webauthn:extension:largeBlob: true, webauthn:extension:minPinLength: true, webauthn:extension:prf: true, webauthn:virtualAuthenticators: true}
Session ID: 16a41e34defa4830bd25b54ba907cbdb
2024-01-25 23:13:08,249 [main] ERROR XGLT_15177_Test - Element did not become visible within the specified time: Expected condition failed: waiting for helper.WaitUtility$5@7b8d5041 (tried for 30 second(s) with 500 milliseconds interval)
Build info: version: '3.141.59', revision: 'e82be7d358', time: '2018-11-14T08:17:03'
System info: host: 'DPLAP166', ip: '137.237.3.67', os.name: 'Windows 10', os.arch: 'amd64', os.version: '10.0', java.version: '19.0.1'
Driver info: org.openqa.selenium.support.events.EventFiringWebDriver
Capabilities {acceptInsecureCerts: true, browserName: chrome, browserVersion: 121.0.6167.86, chrome: {chromedriverVersion: 121.0.6167.85 (3f98d690ad7e..., userDataDir: C:\Users\dP-PL\AppData\Loca...}, fedcm:accounts: true, goog:chromeOptions: {debuggerAddress: localhost:56105}, javascriptEnabled: true, networkConnectionEnabled: false, pageLoadStrategy: normal, platform: WINDOWS, platformName: WINDOWS, proxy: Proxy(), setWindowRect: true, strictFileInteractability: false, timeouts: {implicit: 0, pageLoad: 300000, script: 30000}, unhandledPromptBehavior: dismiss and notify, webauthn:extension:credBlob: true, webauthn:extension:largeBlob: true, webauthn:extension:minPinLength: true, webauthn:extension:prf: true, webauthn:virtualAuthenticators: true}
Session ID: 16a41e34defa4830bd25b54ba907cbdb
2024-01-25 23:13:08,249 [main] INFO  base.BaseClass - Trying to find Element By {by.toString()})
2024-01-25 23:13:08,263 [main] INFO  base.BaseClass - Found Element By {by.toString()}
2024-01-25 23:13:08,263 [main] INFO  base.BaseClass - Trying to click on: {element.toString()}
2024-01-25 23:13:08,404 [main] INFO  base.BaseClass - Clicked on: {element.toString()}
2024-01-25 23:13:08,404 [main] INFO  base.BaseClass - Trying to find Element By {by.toString()})
2024-01-25 23:13:08,421 [main] INFO  base.BaseClass - Found Element By {by.toString()}
2024-01-25 23:13:08,435 [main] INFO  base.BaseClass - Trying to find Element By {by.toString()})
2024-01-25 23:13:08,450 [main] INFO  base.BaseClass - Found Element By {by.toString()}
2024-01-25 23:13:08,977 [main] INFO  base.BaseClass - Trying to find Element By {by.toString()})
2024-01-25 23:13:08,990 [main] INFO  base.BaseClass - Found Element By {by.toString()}
2024-01-25 23:13:09,506 [main] INFO  base.BaseClass - Trying to find Element By {by.toString()})
2024-01-25 23:13:09,522 [main] INFO  base.BaseClass - Found Element By {by.toString()}
2024-01-25 23:13:10,047 [main] INFO  base.BaseClass - Trying to find Element By {by.toString()})
2024-01-25 23:13:10,057 [main] INFO  base.BaseClass - Found Element By {by.toString()}
2024-01-25 23:13:10,573 [main] INFO  base.BaseClass - Trying to find Element By {by.toString()})
2024-01-25 23:13:10,582 [main] INFO  base.BaseClass - Found Element By {by.toString()}
2024-01-25 23:13:11,093 [main] INFO  base.BaseClass - Trying to find Element By {by.toString()})
2024-01-25 23:13:11,119 [main] INFO  base.BaseClass - Found Element By {by.toString()}
2024-01-25 23:13:11,664 [main] INFO  base.BaseClass - Trying to find Element By {by.toString()})
2024-01-25 23:13:11,688 [main] INFO  base.BaseClass - Found Element By {by.toString()}
2024-01-25 23:13:12,219 [main] INFO  base.BaseClass - Trying to find Element By {by.toString()})
2024-01-25 23:13:12,243 [main] INFO  base.BaseClass - Found Element By {by.toString()}
2024-01-25 23:13:12,778 [main] INFO  base.BaseClass - Trying to find Element By {by.toString()})
2024-01-25 23:13:12,802 [main] INFO  base.BaseClass - Found Element By {by.toString()}
2024-01-25 23:13:13,346 [main] INFO  base.BaseClass - Trying to find Element By {by.toString()})
2024-01-25 23:13:13,371 [main] INFO  base.BaseClass - Found Element By {by.toString()}
2024-01-25 23:13:13,909 [main] INFO  base.BaseClass - Trying to find Element By {by.toString()})
2024-01-25 23:13:13,934 [main] INFO  base.BaseClass - Found Element By {by.toString()}
2024-01-25 23:13:14,470 [main] INFO  base.BaseClass - Trying to find Element By {by.toString()})
2024-01-25 23:13:14,493 [main] INFO  base.BaseClass - Found Element By {by.toString()}
2024-01-25 23:13:15,028 [main] INFO  base.BaseClass - Trying to find Element By {by.toString()})
2024-01-25 23:13:15,050 [main] INFO  base.BaseClass - Found Element By {by.toString()}
2024-01-25 23:13:15,575 [main] INFO  base.BaseClass - Trying to find Element By {by.toString()})
2024-01-25 23:13:15,597 [main] INFO  base.BaseClass - Found Element By {by.toString()}
2024-01-25 23:13:16,126 [main] INFO  base.BaseClass - Trying to find Element By {by.toString()})
2024-01-25 23:13:16,149 [main] INFO  base.BaseClass - Found Element By {by.toString()}
2024-01-25 23:13:16,690 [main] INFO  base.BaseClass - Trying to find Element By {by.toString()})
2024-01-25 23:13:16,713 [main] INFO  base.BaseClass - Found Element By {by.toString()}
2024-01-25 23:13:17,242 [main] INFO  base.BaseClass - Trying to find Element By {by.toString()})
2024-01-25 23:13:17,264 [main] INFO  base.BaseClass - Found Element By {by.toString()}
2024-01-25 23:13:17,794 [main] INFO  base.BaseClass - Trying to find Element By {by.toString()})
2024-01-25 23:13:17,816 [main] INFO  base.BaseClass - Found Element By {by.toString()}
2024-01-25 23:13:18,345 [main] INFO  base.BaseClass - Trying to find Element By {by.toString()})
2024-01-25 23:13:18,369 [main] INFO  base.BaseClass - Found Element By {by.toString()}
2024-01-25 23:13:18,902 [main] INFO  base.BaseClass - Trying to find Element By {by.toString()})
2024-01-25 23:13:18,926 [main] INFO  base.BaseClass - Found Element By {by.toString()}
2024-01-25 23:13:19,459 [main] INFO  base.BaseClass - Trying to find Element By {by.toString()})
2024-01-25 23:13:19,484 [main] INFO  base.BaseClass - Found Element By {by.toString()}
2024-01-25 23:13:20,022 [main] INFO  base.BaseClass - Trying to find Element By {by.toString()})
2024-01-25 23:13:20,046 [main] INFO  base.BaseClass - Found Element By {by.toString()}
2024-01-25 23:13:20,579 [main] INFO  base.BaseClass - Trying to find Element By {by.toString()})
2024-01-25 23:13:20,603 [main] INFO  base.BaseClass - Found Element By {by.toString()}
2024-01-25 23:13:21,136 [main] INFO  base.BaseClass - Trying to find Element By {by.toString()})
2024-01-25 23:13:21,159 [main] INFO  base.BaseClass - Found Element By {by.toString()}
2024-01-25 23:13:21,688 [main] INFO  base.BaseClass - Trying to find Element By {by.toString()})
2024-01-25 23:13:21,710 [main] INFO  base.BaseClass - Found Element By {by.toString()}
2024-01-25 23:13:22,240 [main] INFO  base.BaseClass - Trying to find Element By {by.toString()})
2024-01-25 23:13:22,263 [main] INFO  base.BaseClass - Found Element By {by.toString()}
2024-01-25 23:13:22,796 [main] INFO  base.BaseClass - Trying to find Element By {by.toString()})
2024-01-25 23:13:22,820 [main] INFO  base.BaseClass - Found Element By {by.toString()}
2024-01-25 23:13:23,353 [main] INFO  base.BaseClass - Trying to find Element By {by.toString()})
2024-01-25 23:13:23,388 [main] INFO  base.BaseClass - Found Element By {by.toString()}
2024-01-25 23:13:23,900 [main] INFO  base.BaseClass - Trying to find Element By {by.toString()})
2024-01-25 23:13:23,924 [main] INFO  base.BaseClass - Found Element By {by.toString()}
2024-01-25 23:13:24,459 [main] INFO  base.BaseClass - Trying to find Element By {by.toString()})
2024-01-25 23:13:24,482 [main] INFO  base.BaseClass - Found Element By {by.toString()}
2024-01-25 23:13:25,014 [main] INFO  base.BaseClass - Trying to find Element By {by.toString()})
2024-01-25 23:13:25,038 [main] INFO  base.BaseClass - Found Element By {by.toString()}
2024-01-25 23:13:25,564 [main] INFO  base.BaseClass - Trying to find Element By {by.toString()})
2024-01-25 23:13:25,586 [main] INFO  base.BaseClass - Found Element By {by.toString()}
2024-01-25 23:13:26,132 [main] INFO  base.BaseClass - Trying to find Element By {by.toString()})
2024-01-25 23:13:26,154 [main] INFO  base.BaseClass - Found Element By {by.toString()}
2024-01-25 23:13:26,683 [main] INFO  base.BaseClass - Trying to find Element By {by.toString()})
2024-01-25 23:13:26,705 [main] INFO  base.BaseClass - Found Element By {by.toString()}
2024-01-25 23:13:27,237 [main] INFO  base.BaseClass - Trying to find Element By {by.toString()})
2024-01-25 23:13:27,258 [main] INFO  base.BaseClass - Found Element By {by.toString()}
2024-01-25 23:13:27,798 [main] INFO  base.BaseClass - Trying to find Element By {by.toString()})
2024-01-25 23:13:27,820 [main] INFO  base.BaseClass - Found Element By {by.toString()}
2024-01-25 23:13:28,362 [main] INFO  base.BaseClass - Trying to find Element By {by.toString()})
2024-01-25 23:13:28,386 [main] INFO  base.BaseClass - Found Element By {by.toString()}
2024-01-25 23:13:28,923 [main] INFO  base.BaseClass - Trying to find Element By {by.toString()})
2024-01-25 23:13:28,946 [main] INFO  base.BaseClass - Found Element By {by.toString()}
2024-01-25 23:13:29,466 [main] INFO  base.BaseClass - Trying to find Element By {by.toString()})
2024-01-25 23:13:29,489 [main] INFO  base.BaseClass - Found Element By {by.toString()}
2024-01-25 23:13:30,023 [main] INFO  base.BaseClass - Trying to find Element By {by.toString()})
2024-01-25 23:13:30,041 [main] INFO  base.BaseClass - Found Element By {by.toString()}
2024-01-25 23:13:30,563 [main] INFO  base.BaseClass - Trying to find Element By {by.toString()})
2024-01-25 23:13:30,587 [main] INFO  base.BaseClass - Found Element By {by.toString()}
2024-01-25 23:13:31,118 [main] INFO  base.BaseClass - Trying to find Element By {by.toString()})
2024-01-25 23:13:31,142 [main] INFO  base.BaseClass - Found Element By {by.toString()}
2024-01-25 23:13:31,670 [main] INFO  base.BaseClass - Trying to find Element By {by.toString()})
2024-01-25 23:13:31,694 [main] INFO  base.BaseClass - Found Element By {by.toString()}
2024-01-25 23:13:32,227 [main] INFO  base.BaseClass - Trying to find Element By {by.toString()})
2024-01-25 23:13:32,248 [main] INFO  base.BaseClass - Found Element By {by.toString()}
2024-01-25 23:13:32,780 [main] INFO  base.BaseClass - Trying to find Element By {by.toString()})
2024-01-25 23:13:32,802 [main] INFO  base.BaseClass - Found Element By {by.toString()}
2024-01-25 23:13:33,330 [main] INFO  base.BaseClass - Trying to find Element By {by.toString()})
2024-01-25 23:13:33,351 [main] INFO  base.BaseClass - Found Element By {by.toString()}
2024-01-25 23:13:33,881 [main] INFO  base.BaseClass - Trying to find Element By {by.toString()})
2024-01-25 23:13:33,903 [main] INFO  base.BaseClass - Found Element By {by.toString()}
2024-01-25 23:13:34,435 [main] INFO  base.BaseClass - Trying to find Element By {by.toString()})
2024-01-25 23:13:34,458 [main] INFO  base.BaseClass - Found Element By {by.toString()}
2024-01-25 23:13:34,993 [main] INFO  base.BaseClass - Trying to find Element By {by.toString()})
2024-01-25 23:13:35,017 [main] INFO  base.BaseClass - Found Element By {by.toString()}
2024-01-25 23:13:35,558 [main] INFO  base.BaseClass - Trying to find Element By {by.toString()})
2024-01-25 23:13:35,577 [main] INFO  base.BaseClass - Found Element By {by.toString()}
2024-01-25 23:13:36,105 [main] INFO  base.BaseClass - Trying to find Element By {by.toString()})
2024-01-25 23:13:36,746 [main] INFO  base.BaseClass - Found Element By {by.toString()}
2024-01-25 23:13:37,279 [main] INFO  base.BaseClass - Trying to find Element By {by.toString()})
2024-01-25 23:13:37,302 [main] INFO  base.BaseClass - Found Element By {by.toString()}
2024-01-25 23:13:37,832 [main] INFO  base.BaseClass - Trying to find Element By {by.toString()})
2024-01-25 23:13:37,850 [main] INFO  base.BaseClass - Found Element By {by.toString()}
2024-01-25 23:13:38,381 [main] INFO  base.BaseClass - Trying to find Element By {by.toString()})
2024-01-25 23:13:38,405 [main] INFO  base.BaseClass - Found Element By {by.toString()}
TimeoutException occurred: Expected condition failed: waiting for helper.WaitUtility$5@2452adf7 (tried for 30 second(s) with 500 milliseconds interval)
Build info: version: '3.141.59', revision: 'e82be7d358', time: '2018-11-14T08:17:03'
System info: host: 'DPLAP166', ip: '137.237.3.67', os.name: 'Windows 10', os.arch: 'amd64', os.version: '10.0', java.version: '19.0.1'
Driver info: org.openqa.selenium.support.events.EventFiringWebDriver
Capabilities {acceptInsecureCerts: true, browserName: chrome, browserVersion: 121.0.6167.86, chrome: {chromedriverVersion: 121.0.6167.85 (3f98d690ad7e..., userDataDir: C:\Users\dP-PL\AppData\Loca...}, fedcm:accounts: true, goog:chromeOptions: {debuggerAddress: localhost:56105}, javascriptEnabled: true, networkConnectionEnabled: false, pageLoadStrategy: normal, platform: WINDOWS, platformName: WINDOWS, proxy: Proxy(), setWindowRect: true, strictFileInteractability: false, timeouts: {implicit: 0, pageLoad: 300000, script: 30000}, unhandledPromptBehavior: dismiss and notify, webauthn:extension:credBlob: true, webauthn:extension:largeBlob: true, webauthn:extension:minPinLength: true, webauthn:extension:prf: true, webauthn:virtualAuthenticators: true}
Session ID: 16a41e34defa4830bd25b54ba907cbdb
2024-01-25 23:13:38,436 [main] ERROR XGLT_15177_Test - Element did not become visible within the specified time: Expected condition failed: waiting for helper.WaitUtility$5@2452adf7 (tried for 30 second(s) with 500 milliseconds interval)
Build info: version: '3.141.59', revision: 'e82be7d358', time: '2018-11-14T08:17:03'
System info: host: 'DPLAP166', ip: '137.237.3.67', os.name: 'Windows 10', os.arch: 'amd64', os.version: '10.0', java.version: '19.0.1'
Driver info: org.openqa.selenium.support.events.EventFiringWebDriver
Capabilities {acceptInsecureCerts: true, browserName: chrome, browserVersion: 121.0.6167.86, chrome: {chromedriverVersion: 121.0.6167.85 (3f98d690ad7e..., userDataDir: C:\Users\dP-PL\AppData\Loca...}, fedcm:accounts: true, goog:chromeOptions: {debuggerAddress: localhost:56105}, javascriptEnabled: true, networkConnectionEnabled: false, pageLoadStrategy: normal, platform: WINDOWS, platformName: WINDOWS, proxy: Proxy(), setWindowRect: true, strictFileInteractability: false, timeouts: {implicit: 0, pageLoad: 300000, script: 30000}, unhandledPromptBehavior: dismiss and notify, webauthn:extension:credBlob: true, webauthn:extension:largeBlob: true, webauthn:extension:minPinLength: true, webauthn:extension:prf: true, webauthn:virtualAuthenticators: true}
Session ID: 16a41e34defa4830bd25b54ba907cbdb
2024-01-25 23:13:38,436 [main] INFO  base.BaseClass - Trying to find Element By {by.toString()})
2024-01-25 23:13:38,455 [main] INFO  base.BaseClass - Found Element By {by.toString()}
2024-01-25 23:13:38,456 [main] INFO  base.BaseClass - Trying to click on: {element.toString()}
2024-01-25 23:13:38,604 [main] INFO  base.BaseClass - Clicked on: {element.toString()}
2024-01-25 23:13:38,604 [main] INFO  base.BaseClass - Trying to find Element By {by.toString()})
2024-01-25 23:13:38,622 [main] INFO  base.BaseClass - Found Element By {by.toString()}
2024-01-25 23:13:39,139 [main] INFO  base.BaseClass - Trying to find Element By {by.toString()})
2024-01-25 23:13:39,162 [main] INFO  base.BaseClass - Found Element By {by.toString()}
2024-01-25 23:13:39,705 [main] INFO  base.BaseClass - Trying to find Element By {by.toString()})
2024-01-25 23:13:39,730 [main] INFO  base.BaseClass - Found Element By {by.toString()}
2024-01-25 23:13:40,275 [main] INFO  base.BaseClass - Trying to find Element By {by.toString()})
2024-01-25 23:13:40,299 [main] INFO  base.BaseClass - Found Element By {by.toString()}
2024-01-25 23:13:40,848 [main] INFO  base.BaseClass - Trying to find Element By {by.toString()})
2024-01-25 23:13:40,872 [main] INFO  base.BaseClass - Found Element By {by.toString()}
2024-01-25 23:13:41,399 [main] INFO  base.BaseClass - Trying to find Element By {by.toString()})
2024-01-25 23:13:41,422 [main] INFO  base.BaseClass - Found Element By {by.toString()}
2024-01-25 23:13:41,959 [main] INFO  base.BaseClass - Trying to find Element By {by.toString()})
2024-01-25 23:13:41,980 [main] INFO  base.BaseClass - Found Element By {by.toString()}
2024-01-25 23:13:42,514 [main] INFO  base.BaseClass - Trying to find Element By {by.toString()})
2024-01-25 23:13:42,537 [main] INFO  base.BaseClass - Found Element By {by.toString()}
2024-01-25 23:13:43,071 [main] INFO  base.BaseClass - Trying to find Element By {by.toString()})
2024-01-25 23:13:43,095 [main] INFO  base.BaseClass - Found Element By {by.toString()}
2024-01-25 23:13:43,630 [main] INFO  base.BaseClass - Trying to find Element By {by.toString()})
2024-01-25 23:13:43,656 [main] INFO  base.BaseClass - Found Element By {by.toString()}
2024-01-25 23:13:44,194 [main] INFO  base.BaseClass - Trying to find Element By {by.toString()})
2024-01-25 23:13:44,217 [main] INFO  base.BaseClass - Found Element By {by.toString()}
2024-01-25 23:13:44,742 [main] INFO  base.BaseClass - Trying to find Element By {by.toString()})
2024-01-25 23:13:44,766 [main] INFO  base.BaseClass - Found Element By {by.toString()}
2024-01-25 23:13:45,308 [main] INFO  base.BaseClass - Trying to find Element By {by.toString()})
2024-01-25 23:13:45,331 [main] INFO  base.BaseClass - Found Element By {by.toString()}
2024-01-25 23:13:45,865 [main] INFO  base.BaseClass - Trying to find Element By {by.toString()})
2024-01-25 23:13:45,889 [main] INFO  base.BaseClass - Found Element By {by.toString()}
2024-01-25 23:13:46,429 [main] INFO  base.BaseClass - Trying to find Element By {by.toString()})
2024-01-25 23:13:46,453 [main] INFO  base.BaseClass - Found Element By {by.toString()}
2024-01-25 23:13:46,978 [main] INFO  base.BaseClass - Trying to find Element By {by.toString()})
2024-01-25 23:13:47,002 [main] INFO  base.BaseClass - Found Element By {by.toString()}
2024-01-25 23:13:47,536 [main] INFO  base.BaseClass - Trying to find Element By {by.toString()})
2024-01-25 23:13:47,561 [main] INFO  base.BaseClass - Found Element By {by.toString()}
2024-01-25 23:13:48,100 [main] INFO  base.BaseClass - Trying to find Element By {by.toString()})
2024-01-25 23:13:48,123 [main] INFO  base.BaseClass - Found Element By {by.toString()}
2024-01-25 23:13:48,648 [main] INFO  base.BaseClass - Trying to find Element By {by.toString()})
2024-01-25 23:13:48,671 [main] INFO  base.BaseClass - Found Element By {by.toString()}
2024-01-25 23:13:49,193 [main] INFO  base.BaseClass - Trying to find Element By {by.toString()})
2024-01-25 23:13:49,212 [main] INFO  base.BaseClass - Found Element By {by.toString()}
2024-01-25 23:13:49,754 [main] INFO  base.BaseClass - Trying to find Element By {by.toString()})
2024-01-25 23:13:49,777 [main] INFO  base.BaseClass - Found Element By {by.toString()}
2024-01-25 23:13:50,310 [main] INFO  base.BaseClass - Trying to find Element By {by.toString()})
2024-01-25 23:13:50,333 [main] INFO  base.BaseClass - Found Element By {by.toString()}
2024-01-25 23:13:50,866 [main] INFO  base.BaseClass - Trying to find Element By {by.toString()})
2024-01-25 23:13:50,885 [main] INFO  base.BaseClass - Found Element By {by.toString()}
2024-01-25 23:13:51,408 [main] INFO  base.BaseClass - Trying to find Element By {by.toString()})
2024-01-25 23:13:51,429 [main] INFO  base.BaseClass - Found Element By {by.toString()}
2024-01-25 23:13:51,970 [main] INFO  base.BaseClass - Trying to find Element By {by.toString()})
2024-01-25 23:13:51,994 [main] INFO  base.BaseClass - Found Element By {by.toString()}
2024-01-25 23:13:52,537 [main] INFO  base.BaseClass - Trying to find Element By {by.toString()})
2024-01-25 23:13:52,559 [main] INFO  base.BaseClass - Found Element By {by.toString()}
2024-01-25 23:13:53,090 [main] INFO  base.BaseClass - Trying to find Element By {by.toString()})
2024-01-25 23:13:53,112 [main] INFO  base.BaseClass - Found Element By {by.toString()}
2024-01-25 23:13:53,652 [main] INFO  base.BaseClass - Trying to find Element By {by.toString()})
2024-01-25 23:13:53,674 [main] INFO  base.BaseClass - Found Element By {by.toString()}
2024-01-25 23:13:54,209 [main] INFO  base.BaseClass - Trying to find Element By {by.toString()})
2024-01-25 23:13:54,232 [main] INFO  base.BaseClass - Found Element By {by.toString()}
2024-01-25 23:13:54,762 [main] INFO  base.BaseClass - Trying to find Element By {by.toString()})
2024-01-25 23:13:54,778 [main] INFO  base.BaseClass - Found Element By {by.toString()}
2024-01-25 23:13:55,302 [main] INFO  base.BaseClass - Trying to find Element By {by.toString()})
2024-01-25 23:13:55,325 [main] INFO  base.BaseClass - Found Element By {by.toString()}
2024-01-25 23:13:55,869 [main] INFO  base.BaseClass - Trying to find Element By {by.toString()})
2024-01-25 23:13:55,892 [main] INFO  base.BaseClass - Found Element By {by.toString()}
2024-01-25 23:13:56,437 [main] INFO  base.BaseClass - Trying to find Element By {by.toString()})
2024-01-25 23:13:56,458 [main] INFO  base.BaseClass - Found Element By {by.toString()}
2024-01-25 23:13:56,989 [main] INFO  base.BaseClass - Trying to find Element By {by.toString()})
2024-01-25 23:13:57,011 [main] INFO  base.BaseClass - Found Element By {by.toString()}
2024-01-25 23:13:57,542 [main] INFO  base.BaseClass - Trying to find Element By {by.toString()})
2024-01-25 23:13:57,558 [main] INFO  base.BaseClass - Found Element By {by.toString()}
2024-01-25 23:13:58,088 [main] INFO  base.BaseClass - Trying to find Element By {by.toString()})
2024-01-25 23:13:58,109 [main] INFO  base.BaseClass - Found Element By {by.toString()}
2024-01-25 23:13:58,643 [main] INFO  base.BaseClass - Trying to find Element By {by.toString()})
2024-01-25 23:13:58,666 [main] INFO  base.BaseClass - Found Element By {by.toString()}
2024-01-25 23:13:59,198 [main] INFO  base.BaseClass - Trying to find Element By {by.toString()})
2024-01-25 23:13:59,219 [main] INFO  base.BaseClass - Found Element By {by.toString()}
2024-01-25 23:13:59,761 [main] INFO  base.BaseClass - Trying to find Element By {by.toString()})
2024-01-25 23:13:59,784 [main] INFO  base.BaseClass - Found Element By {by.toString()}
2024-01-25 23:14:00,327 [main] INFO  base.BaseClass - Trying to find Element By {by.toString()})
2024-01-25 23:14:00,348 [main] INFO  base.BaseClass - Found Element By {by.toString()}
2024-01-25 23:14:00,882 [main] INFO  base.BaseClass - Trying to find Element By {by.toString()})
2024-01-25 23:14:00,899 [main] INFO  base.BaseClass - Found Element By {by.toString()}
2024-01-25 23:14:01,429 [main] INFO  base.BaseClass - Trying to find Element By {by.toString()})
2024-01-25 23:14:01,451 [main] INFO  base.BaseClass - Found Element By {by.toString()}
2024-01-25 23:14:01,982 [main] INFO  base.BaseClass - Trying to find Element By {by.toString()})
2024-01-25 23:14:02,004 [main] INFO  base.BaseClass - Found Element By {by.toString()}
2024-01-25 23:14:02,535 [main] INFO  base.BaseClass - Trying to find Element By {by.toString()})
2024-01-25 23:14:02,557 [main] INFO  base.BaseClass - Found Element By {by.toString()}
2024-01-25 23:14:03,090 [main] INFO  base.BaseClass - Trying to find Element By {by.toString()})
2024-01-25 23:14:03,113 [main] INFO  base.BaseClass - Found Element By {by.toString()}
2024-01-25 23:14:03,640 [main] INFO  base.BaseClass - Trying to find Element By {by.toString()})
2024-01-25 23:14:03,663 [main] INFO  base.BaseClass - Found Element By {by.toString()}
2024-01-25 23:14:04,196 [main] INFO  base.BaseClass - Trying to find Element By {by.toString()})
2024-01-25 23:14:04,218 [main] INFO  base.BaseClass - Found Element By {by.toString()}
2024-01-25 23:14:04,751 [main] INFO  base.BaseClass - Trying to find Element By {by.toString()})
2024-01-25 23:14:04,764 [main] INFO  base.BaseClass - Found Element By {by.toString()}
2024-01-25 23:14:05,291 [main] INFO  base.BaseClass - Trying to find Element By {by.toString()})
2024-01-25 23:14:05,308 [main] INFO  base.BaseClass - Found Element By {by.toString()}
2024-01-25 23:14:05,836 [main] INFO  base.BaseClass - Trying to find Element By {by.toString()})
2024-01-25 23:14:05,853 [main] INFO  base.BaseClass - Found Element By {by.toString()}
2024-01-25 23:14:06,382 [main] INFO  base.BaseClass - Trying to find Element By {by.toString()})
2024-01-25 23:14:06,398 [main] INFO  base.BaseClass - Found Element By {by.toString()}
2024-01-25 23:14:06,939 [main] INFO  base.BaseClass - Trying to find Element By {by.toString()})
2024-01-25 23:14:06,958 [main] INFO  base.BaseClass - Found Element By {by.toString()}
2024-01-25 23:14:07,483 [main] INFO  base.BaseClass - Trying to find Element By {by.toString()})
2024-01-25 23:14:07,503 [main] INFO  base.BaseClass - Found Element By {by.toString()}
2024-01-25 23:14:08,032 [main] INFO  base.BaseClass - Trying to find Element By {by.toString()})
2024-01-25 23:14:08,052 [main] INFO  base.BaseClass - Found Element By {by.toString()}
2024-01-25 23:14:08,589 [main] INFO  base.BaseClass - Trying to find Element By {by.toString()})
2024-01-25 23:14:08,608 [main] INFO  base.BaseClass - Found Element By {by.toString()}
TimeoutException occurred: Expected condition failed: waiting for helper.WaitUtility$5@26a0e3a5 (tried for 30 second(s) with 500 milliseconds interval)
Build info: version: '3.141.59', revision: 'e82be7d358', time: '2018-11-14T08:17:03'
System info: host: 'DPLAP166', ip: '137.237.3.67', os.name: 'Windows 10', os.arch: 'amd64', os.version: '10.0', java.version: '19.0.1'
Driver info: org.openqa.selenium.support.events.EventFiringWebDriver
Capabilities {acceptInsecureCerts: true, browserName: chrome, browserVersion: 121.0.6167.86, chrome: {chromedriverVersion: 121.0.6167.85 (3f98d690ad7e..., userDataDir: C:\Users\dP-PL\AppData\Loca...}, fedcm:accounts: true, goog:chromeOptions: {debuggerAddress: localhost:56105}, javascriptEnabled: true, networkConnectionEnabled: false, pageLoadStrategy: normal, platform: WINDOWS, platformName: WINDOWS, proxy: Proxy(), setWindowRect: true, strictFileInteractability: false, timeouts: {implicit: 0, pageLoad: 300000, script: 30000}, unhandledPromptBehavior: dismiss and notify, webauthn:extension:credBlob: true, webauthn:extension:largeBlob: true, webauthn:extension:minPinLength: true, webauthn:extension:prf: true, webauthn:virtualAuthenticators: true}
Session ID: 16a41e34defa4830bd25b54ba907cbdb
2024-01-25 23:14:08,637 [main] ERROR XGLT_15177_Test - Element did not become visible within the specified time: Expected condition failed: waiting for helper.WaitUtility$5@26a0e3a5 (tried for 30 second(s) with 500 milliseconds interval)
Build info: version: '3.141.59', revision: 'e82be7d358', time: '2018-11-14T08:17:03'
System info: host: 'DPLAP166', ip: '137.237.3.67', os.name: 'Windows 10', os.arch: 'amd64', os.version: '10.0', java.version: '19.0.1'
Driver info: org.openqa.selenium.support.events.EventFiringWebDriver
Capabilities {acceptInsecureCerts: true, browserName: chrome, browserVersion: 121.0.6167.86, chrome: {chromedriverVersion: 121.0.6167.85 (3f98d690ad7e..., userDataDir: C:\Users\dP-PL\AppData\Loca...}, fedcm:accounts: true, goog:chromeOptions: {debuggerAddress: localhost:56105}, javascriptEnabled: true, networkConnectionEnabled: false, pageLoadStrategy: normal, platform: WINDOWS, platformName: WINDOWS, proxy: Proxy(), setWindowRect: true, strictFileInteractability: false, timeouts: {implicit: 0, pageLoad: 300000, script: 30000}, unhandledPromptBehavior: dismiss and notify, webauthn:extension:credBlob: true, webauthn:extension:largeBlob: true, webauthn:extension:minPinLength: true, webauthn:extension:prf: true, webauthn:virtualAuthenticators: true}
Session ID: 16a41e34defa4830bd25b54ba907cbdb
2024-01-25 23:14:08,637 [main] INFO  base.BaseClass - Trying to find Element By {by.toString()})
2024-01-25 23:14:08,655 [main] INFO  base.BaseClass - Found Element By {by.toString()}
2024-01-25 23:14:08,655 [main] INFO  base.BaseClass - Trying to click on: {element.toString()}
2024-01-25 23:14:08,834 [main] INFO  base.BaseClass - Clicked on: {element.toString()}
2024-01-25 23:14:08,834 [main] INFO  base.BaseClass - Trying to find Element By {by.toString()})
2024-01-25 23:14:08,848 [main] INFO  base.BaseClass - Found Element By {by.toString()}
2024-01-25 23:14:09,363 [main] INFO  base.BaseClass - Trying to find Element By {by.toString()})
2024-01-25 23:14:09,390 [main] INFO  base.BaseClass - Found Element By {by.toString()}
2024-01-25 23:14:09,922 [main] INFO  base.BaseClass - Trying to find Element By {by.toString()})
2024-01-25 23:14:09,960 [main] INFO  base.BaseClass - Found Element By {by.toString()}
2024-01-25 23:14:10,480 [main] INFO  base.BaseClass - Trying to find Element By {by.toString()})
2024-01-25 23:14:10,502 [main] INFO  base.BaseClass - Found Element By {by.toString()}
2024-01-25 23:14:11,039 [main] INFO  base.BaseClass - Trying to find Element By {by.toString()})
2024-01-25 23:14:11,062 [main] INFO  base.BaseClass - Found Element By {by.toString()}
2024-01-25 23:14:11,590 [main] INFO  base.BaseClass - Trying to find Element By {by.toString()})
2024-01-25 23:14:11,610 [main] INFO  base.BaseClass - Found Element By {by.toString()}
2024-01-25 23:14:12,138 [main] INFO  base.BaseClass - Trying to find Element By {by.toString()})
2024-01-25 23:14:12,161 [main] INFO  base.BaseClass - Found Element By {by.toString()}
2024-01-25 23:14:12,698 [main] INFO  base.BaseClass - Trying to find Element By {by.toString()})
2024-01-25 23:14:12,722 [main] INFO  base.BaseClass - Found Element By {by.toString()}
2024-01-25 23:14:13,251 [main] INFO  base.BaseClass - Trying to find Element By {by.toString()})
2024-01-25 23:14:13,273 [main] INFO  base.BaseClass - Found Element By {by.toString()}
2024-01-25 23:14:13,805 [main] INFO  base.BaseClass - Trying to find Element By {by.toString()})
2024-01-25 23:14:13,828 [main] INFO  base.BaseClass - Found Element By {by.toString()}
2024-01-25 23:14:14,352 [main] INFO  base.BaseClass - Trying to find Element By {by.toString()})
2024-01-25 23:14:14,374 [main] INFO  base.BaseClass - Found Element By {by.toString()}
2024-01-25 23:14:14,901 [main] INFO  base.BaseClass - Trying to find Element By {by.toString()})
2024-01-25 23:14:14,924 [main] INFO  base.BaseClass - Found Element By {by.toString()}
2024-01-25 23:14:15,468 [main] INFO  base.BaseClass - Trying to find Element By {by.toString()})
2024-01-25 23:14:15,490 [main] INFO  base.BaseClass - Found Element By {by.toString()}
2024-01-25 23:14:16,052 [main] INFO  base.BaseClass - Trying to find Element By {by.toString()})
2024-01-25 23:14:16,071 [main] INFO  base.BaseClass - Found Element By {by.toString()}
2024-01-25 23:14:16,602 [main] INFO  base.BaseClass - Trying to find Element By {by.toString()})
2024-01-25 23:14:16,625 [main] INFO  base.BaseClass - Found Element By {by.toString()}
2024-01-25 23:14:17,153 [main] INFO  base.BaseClass - Trying to find Element By {by.toString()})
2024-01-25 23:14:17,175 [main] INFO  base.BaseClass - Found Element By {by.toString()}
2024-01-25 23:14:17,717 [main] INFO  base.BaseClass - Trying to find Element By {by.toString()})
2024-01-25 23:14:17,741 [main] INFO  base.BaseClass - Found Element By {by.toString()}
2024-01-25 23:14:18,274 [main] INFO  base.BaseClass - Trying to find Element By {by.toString()})
2024-01-25 23:14:18,292 [main] INFO  base.BaseClass - Found Element By {by.toString()}
2024-01-25 23:14:18,821 [main] INFO  base.BaseClass - Trying to find Element By {by.toString()})
2024-01-25 23:14:18,842 [main] INFO  base.BaseClass - Found Element By {by.toString()}
2024-01-25 23:14:19,378 [main] INFO  base.BaseClass - Trying to find Element By {by.toString()})
2024-01-25 23:14:19,402 [main] INFO  base.BaseClass - Found Element By {by.toString()}
2024-01-25 23:14:19,933 [main] INFO  base.BaseClass - Trying to find Element By {by.toString()})
2024-01-25 23:14:19,950 [main] INFO  base.BaseClass - Found Element By {by.toString()}
2024-01-25 23:14:20,473 [main] INFO  base.BaseClass - Trying to find Element By {by.toString()})
2024-01-25 23:14:20,493 [main] INFO  base.BaseClass - Found Element By {by.toString()}
2024-01-25 23:14:21,025 [main] INFO  base.BaseClass - Trying to find Element By {by.toString()})
2024-01-25 23:14:21,047 [main] INFO  base.BaseClass - Found Element By {by.toString()}
2024-01-25 23:14:21,579 [main] INFO  base.BaseClass - Trying to find Element By {by.toString()})
2024-01-25 23:14:21,601 [main] INFO  base.BaseClass - Found Element By {by.toString()}
2024-01-25 23:14:22,131 [main] INFO  base.BaseClass - Trying to find Element By {by.toString()})
2024-01-25 23:14:22,152 [main] INFO  base.BaseClass - Found Element By {by.toString()}
2024-01-25 23:14:22,683 [main] INFO  base.BaseClass - Trying to find Element By {by.toString()})
2024-01-25 23:14:22,706 [main] INFO  base.BaseClass - Found Element By {by.toString()}
2024-01-25 23:14:23,247 [main] INFO  base.BaseClass - Trying to find Element By {by.toString()})
2024-01-25 23:14:23,269 [main] INFO  base.BaseClass - Found Element By {by.toString()}
2024-01-25 23:14:23,812 [main] INFO  base.BaseClass - Trying to find Element By {by.toString()})
2024-01-25 23:14:23,833 [main] INFO  base.BaseClass - Found Element By {by.toString()}
2024-01-25 23:14:24,359 [main] INFO  base.BaseClass - Trying to find Element By {by.toString()})
2024-01-25 23:14:24,382 [main] INFO  base.BaseClass - Found Element By {by.toString()}
2024-01-25 23:14:24,911 [main] INFO  base.BaseClass - Trying to find Element By {by.toString()})
2024-01-25 23:14:24,934 [main] INFO  base.BaseClass - Found Element By {by.toString()}
2024-01-25 23:14:25,467 [main] INFO  base.BaseClass - Trying to find Element By {by.toString()})
2024-01-25 23:14:25,489 [main] INFO  base.BaseClass - Found Element By {by.toString()}
2024-01-25 23:14:26,021 [main] INFO  base.BaseClass - Trying to find Element By {by.toString()})
2024-01-25 23:14:26,044 [main] INFO  base.BaseClass - Found Element By {by.toString()}
2024-01-25 23:14:26,574 [main] INFO  base.BaseClass - Trying to find Element By {by.toString()})
2024-01-25 23:14:26,596 [main] INFO  base.BaseClass - Found Element By {by.toString()}
2024-01-25 23:14:27,126 [main] INFO  base.BaseClass - Trying to find Element By {by.toString()})
2024-01-25 23:14:27,148 [main] INFO  base.BaseClass - Found Element By {by.toString()}
2024-01-25 23:14:27,677 [main] INFO  base.BaseClass - Trying to find Element By {by.toString()})
2024-01-25 23:14:27,699 [main] INFO  base.BaseClass - Found Element By {by.toString()}
2024-01-25 23:14:28,230 [main] INFO  base.BaseClass - Trying to find Element By {by.toString()})
2024-01-25 23:14:28,252 [main] INFO  base.BaseClass - Found Element By {by.toString()}
2024-01-25 23:14:28,783 [main] INFO  base.BaseClass - Trying to find Element By {by.toString()})
2024-01-25 23:14:28,804 [main] INFO  base.BaseClass - Found Element By {by.toString()}
2024-01-25 23:14:29,334 [main] INFO  base.BaseClass - Trying to find Element By {by.toString()})
2024-01-25 23:14:29,355 [main] INFO  base.BaseClass - Found Element By {by.toString()}
2024-01-25 23:14:29,891 [main] INFO  base.BaseClass - Trying to find Element By {by.toString()})
2024-01-25 23:14:29,914 [main] INFO  base.BaseClass - Found Element By {by.toString()}
2024-01-25 23:14:30,434 [main] INFO  base.BaseClass - Trying to find Element By {by.toString()})
2024-01-25 23:14:30,456 [main] INFO  base.BaseClass - Found Element By {by.toString()}
2024-01-25 23:14:30,988 [main] INFO  base.BaseClass - Trying to find Element By {by.toString()})
2024-01-25 23:14:31,011 [main] INFO  base.BaseClass - Found Element By {by.toString()}
2024-01-25 23:14:31,542 [main] INFO  base.BaseClass - Trying to find Element By {by.toString()})
2024-01-25 23:14:31,564 [main] INFO  base.BaseClass - Found Element By {by.toString()}
2024-01-25 23:14:32,095 [main] INFO  base.BaseClass - Trying to find Element By {by.toString()})
2024-01-25 23:14:32,116 [main] INFO  base.BaseClass - Found Element By {by.toString()}
2024-01-25 23:14:32,645 [main] INFO  base.BaseClass - Trying to find Element By {by.toString()})
2024-01-25 23:14:32,668 [main] INFO  base.BaseClass - Found Element By {by.toString()}
2024-01-25 23:14:33,200 [main] INFO  base.BaseClass - Trying to find Element By {by.toString()})
2024-01-25 23:14:33,221 [main] INFO  base.BaseClass - Found Element By {by.toString()}
2024-01-25 23:14:33,755 [main] INFO  base.BaseClass - Trying to find Element By {by.toString()})
2024-01-25 23:14:33,775 [main] INFO  base.BaseClass - Found Element By {by.toString()}
2024-01-25 23:14:34,305 [main] INFO  base.BaseClass - Trying to find Element By {by.toString()})
2024-01-25 23:14:34,329 [main] INFO  base.BaseClass - Found Element By {by.toString()}
2024-01-25 23:14:34,862 [main] INFO  base.BaseClass - Trying to find Element By {by.toString()})
2024-01-25 23:14:34,885 [main] INFO  base.BaseClass - Found Element By {by.toString()}
2024-01-25 23:14:35,418 [main] INFO  base.BaseClass - Trying to find Element By {by.toString()})
2024-01-25 23:14:35,440 [main] INFO  base.BaseClass - Found Element By {by.toString()}
2024-01-25 23:14:35,972 [main] INFO  base.BaseClass - Trying to find Element By {by.toString()})
2024-01-25 23:14:35,995 [main] INFO  base.BaseClass - Found Element By {by.toString()}
2024-01-25 23:14:36,524 [main] INFO  base.BaseClass - Trying to find Element By {by.toString()})
2024-01-25 23:14:36,545 [main] INFO  base.BaseClass - Found Element By {by.toString()}
2024-01-25 23:14:37,074 [main] INFO  base.BaseClass - Trying to find Element By {by.toString()})
2024-01-25 23:14:37,091 [main] INFO  base.BaseClass - Found Element By {by.toString()}
2024-01-25 23:14:37,623 [main] INFO  base.BaseClass - Trying to find Element By {by.toString()})
2024-01-25 23:14:37,644 [main] INFO  base.BaseClass - Found Element By {by.toString()}
2024-01-25 23:14:38,188 [main] INFO  base.BaseClass - Trying to find Element By {by.toString()})
2024-01-25 23:14:38,210 [main] INFO  base.BaseClass - Found Element By {by.toString()}
2024-01-25 23:14:38,742 [main] INFO  base.BaseClass - Trying to find Element By {by.toString()})
2024-01-25 23:14:38,764 [main] INFO  base.BaseClass - Found Element By {by.toString()}
2024-01-25 23:14:39,296 [main] INFO  base.BaseClass - Trying to find Element By {by.toString()})
2024-01-25 23:14:39,312 [main] INFO  base.BaseClass - Found Element By {by.toString()}
TimeoutException occurred: Expected condition failed: waiting for helper.WaitUtility$5@dc5250b (tried for 30 second(s) with 500 milliseconds interval)
Build info: version: '3.141.59', revision: 'e82be7d358', time: '2018-11-14T08:17:03'
System info: host: 'DPLAP166', ip: '137.237.3.67', os.name: 'Windows 10', os.arch: 'amd64', os.version: '10.0', java.version: '19.0.1'
Driver info: org.openqa.selenium.support.events.EventFiringWebDriver
Capabilities {acceptInsecureCerts: true, browserName: chrome, browserVersion: 121.0.6167.86, chrome: {chromedriverVersion: 121.0.6167.85 (3f98d690ad7e..., userDataDir: C:\Users\dP-PL\AppData\Loca...}, fedcm:accounts: true, goog:chromeOptions: {debuggerAddress: localhost:56105}, javascriptEnabled: true, networkConnectionEnabled: false, pageLoadStrategy: normal, platform: WINDOWS, platformName: WINDOWS, proxy: Proxy(), setWindowRect: true, strictFileInteractability: false, timeouts: {implicit: 0, pageLoad: 300000, script: 30000}, unhandledPromptBehavior: dismiss and notify, webauthn:extension:credBlob: true, webauthn:extension:largeBlob: true, webauthn:extension:minPinLength: true, webauthn:extension:prf: true, webauthn:virtualAuthenticators: true}
Session ID: 16a41e34defa4830bd25b54ba907cbdb
2024-01-25 23:14:39,336 [main] ERROR XGLT_15177_Test - Element did not become visible within the specified time: Expected condition failed: waiting for helper.WaitUtility$5@dc5250b (tried for 30 second(s) with 500 milliseconds interval)
Build info: version: '3.141.59', revision: 'e82be7d358', time: '2018-11-14T08:17:03'
System info: host: 'DPLAP166', ip: '137.237.3.67', os.name: 'Windows 10', os.arch: 'amd64', os.version: '10.0', java.version: '19.0.1'
Driver info: org.openqa.selenium.support.events.EventFiringWebDriver
Capabilities {acceptInsecureCerts: true, browserName: chrome, browserVersion: 121.0.6167.86, chrome: {chromedriverVersion: 121.0.6167.85 (3f98d690ad7e..., userDataDir: C:\Users\dP-PL\AppData\Loca...}, fedcm:accounts: true, goog:chromeOptions: {debuggerAddress: localhost:56105}, javascriptEnabled: true, networkConnectionEnabled: false, pageLoadStrategy: normal, platform: WINDOWS, platformName: WINDOWS, proxy: Proxy(), setWindowRect: true, strictFileInteractability: false, timeouts: {implicit: 0, pageLoad: 300000, script: 30000}, unhandledPromptBehavior: dismiss and notify, webauthn:extension:credBlob: true, webauthn:extension:largeBlob: true, webauthn:extension:minPinLength: true, webauthn:extension:prf: true, webauthn:virtualAuthenticators: true}
Session ID: 16a41e34defa4830bd25b54ba907cbdb
2024-01-25 23:14:39,336 [main] INFO  base.BaseClass - Trying to find Element By {by.toString()})
2024-01-25 23:14:39,352 [main] INFO  base.BaseClass - Found Element By {by.toString()}
2024-01-25 23:14:39,353 [main] INFO  base.BaseClass - Trying to click on: {element.toString()}
2024-01-25 23:14:39,428 [main] INFO  base.BaseClass - Clicked on: {element.toString()}
2024-01-25 23:14:39,428 [main] INFO  base.BaseClass - Trying to find Element By {by.toString()})
2024-01-25 23:14:39,441 [main] INFO  base.BaseClass - Found Element By {by.toString()}
2024-01-25 23:14:39,463 [main] INFO  base.BaseClass - Trying to find Element By {by.toString()})
2024-01-25 23:14:39,479 [main] INFO  base.BaseClass - Found Element By {by.toString()}
2024-01-25 23:14:39,498 [main] INFO  base.BaseClass - Trying to find Element By {by.toString()})
2024-01-25 23:14:39,514 [main] INFO  base.BaseClass - Found Element By {by.toString()}
2024-01-25 23:14:39,514 [main] INFO  base.BaseClass - Trying to click on: {element.toString()}
2024-01-25 23:14:39,609 [main] INFO  base.BaseClass - Clicked on: {element.toString()}
2024-01-25 23:14:39,609 [main] INFO  base.BaseClass - Trying to find Element By {by.toString()})
2024-01-25 23:14:39,625 [main] INFO  base.BaseClass - Found Element By {by.toString()}
2024-01-25 23:14:39,666 [main] INFO  base.BaseClass - Trying to find Element By {by.toString()})
2024-01-25 23:14:39,679 [main] INFO  base.BaseClass - Found Element By {by.toString()}
2024-01-25 23:14:39,703 [main] INFO  base.BaseClass - Trying to find Element By {by.toString()})
2024-01-25 23:14:39,714 [main] INFO  base.BaseClass - Found Element By {by.toString()}
2024-01-25 23:14:39,728 [main] INFO  base.BaseClass - Trying to find Element By {by.toString()})
2024-01-25 23:14:39,744 [main] INFO  base.BaseClass - Found Element By {by.toString()}
2024-01-25 23:14:39,744 [main] INFO  base.BaseClass - Trying to click on: {element.toString()}
2024-01-25 23:14:39,842 [main] INFO  base.BaseClass - Clicked on: {element.toString()}
2024-01-25 23:14:39,842 [main] INFO  base.BaseClass - Trying to find Element By {by.toString()})
2024-01-25 23:14:39,851 [main] INFO  base.BaseClass - Found Element By {by.toString()}
2024-01-25 23:14:39,879 [main] INFO  base.BaseClass - Trying to find Element By {by.toString()})
2024-01-25 23:14:39,891 [main] INFO  base.BaseClass - Found Element By {by.toString()}
2024-01-25 23:14:39,914 [main] INFO  base.BaseClass - Trying to find Element By {by.toString()})
2024-01-25 23:14:39,926 [main] INFO  base.BaseClass - Found Element By {by.toString()}
2024-01-25 23:14:39,938 [main] INFO  base.BaseClass - Trying to find Element By {by.toString()})
2024-01-25 23:14:39,955 [main] INFO  base.BaseClass - Found Element By {by.toString()}
2024-01-25 23:14:39,955 [main] INFO  base.BaseClass - Trying to click on: {element.toString()}
2024-01-25 23:14:40,043 [main] INFO  base.BaseClass - Clicked on: {element.toString()}
2024-01-25 23:14:40,043 [main] INFO  base.BaseClass - Trying to find Element By {by.toString()})
2024-01-25 23:14:40,060 [main] INFO  base.BaseClass - Found Element By {by.toString()}
2024-01-25 23:14:40,239 [main] INFO  base.BaseClass - Trying to find Element By {by.toString()})
2024-01-25 23:14:40,253 [main] INFO  base.BaseClass - Found Element By {by.toString()}
2024-01-25 23:14:40,767 [main] INFO  base.BaseClass - Trying to find Element By {by.toString()})
2024-01-25 23:14:40,791 [main] INFO  base.BaseClass - Found Element By {by.toString()}
2024-01-25 23:14:41,342 [main] INFO  base.BaseClass - Trying to find Element By {by.toString()})
2024-01-25 23:14:41,366 [main] INFO  base.BaseClass - Found Element By {by.toString()}
2024-01-25 23:14:41,908 [main] INFO  base.BaseClass - Trying to find Element By {by.toString()})
2024-01-25 23:14:41,930 [main] INFO  base.BaseClass - Found Element By {by.toString()}
2024-01-25 23:14:42,460 [main] INFO  base.BaseClass - Trying to find Element By {by.toString()})
2024-01-25 23:14:42,483 [main] INFO  base.BaseClass - Found Element By {by.toString()}
2024-01-25 23:14:43,015 [main] INFO  base.BaseClass - Trying to find Element By {by.toString()})
2024-01-25 23:14:43,038 [main] INFO  base.BaseClass - Found Element By {by.toString()}
2024-01-25 23:14:43,569 [main] INFO  base.BaseClass - Trying to find Element By {by.toString()})
2024-01-25 23:14:43,589 [main] INFO  base.BaseClass - Found Element By {by.toString()}
2024-01-25 23:14:44,120 [main] INFO  base.BaseClass - Trying to find Element By {by.toString()})
2024-01-25 23:14:44,142 [main] INFO  base.BaseClass - Found Element By {by.toString()}
2024-01-25 23:14:44,678 [main] INFO  base.BaseClass - Trying to find Element By {by.toString()})
2024-01-25 23:14:44,700 [main] INFO  base.BaseClass - Found Element By {by.toString()}
2024-01-25 23:14:45,226 [main] INFO  base.BaseClass - Trying to find Element By {by.toString()})
2024-01-25 23:14:45,248 [main] INFO  base.BaseClass - Found Element By {by.toString()}
2024-01-25 23:14:45,776 [main] INFO  base.BaseClass - Trying to find Element By {by.toString()})
2024-01-25 23:14:45,799 [main] INFO  base.BaseClass - Found Element By {by.toString()}
2024-01-25 23:14:46,330 [main] INFO  base.BaseClass - Trying to find Element By {by.toString()})
2024-01-25 23:14:46,353 [main] INFO  base.BaseClass - Found Element By {by.toString()}
2024-01-25 23:14:46,884 [main] INFO  base.BaseClass - Trying to find Element By {by.toString()})
2024-01-25 23:14:46,907 [main] INFO  base.BaseClass - Found Element By {by.toString()}
2024-01-25 23:14:47,430 [main] INFO  base.BaseClass - Trying to find Element By {by.toString()})
2024-01-25 23:14:47,453 [main] INFO  base.BaseClass - Found Element By {by.toString()}
2024-01-25 23:14:47,985 [main] INFO  base.BaseClass - Trying to find Element By {by.toString()})
2024-01-25 23:14:48,005 [main] INFO  base.BaseClass - Found Element By {by.toString()}
2024-01-25 23:14:48,537 [main] INFO  base.BaseClass - Trying to find Element By {by.toString()})
2024-01-25 23:14:48,558 [main] INFO  base.BaseClass - Found Element By {by.toString()}
2024-01-25 23:14:49,095 [main] INFO  base.BaseClass - Trying to find Element By {by.toString()})
2024-01-25 23:14:49,117 [main] INFO  base.BaseClass - Found Element By {by.toString()}
2024-01-25 23:14:49,648 [main] INFO  base.BaseClass - Trying to find Element By {by.toString()})
2024-01-25 23:14:49,670 [main] INFO  base.BaseClass - Found Element By {by.toString()}
2024-01-25 23:14:50,201 [main] INFO  base.BaseClass - Trying to find Element By {by.toString()})
2024-01-25 23:14:50,225 [main] INFO  base.BaseClass - Found Element By {by.toString()}
2024-01-25 23:14:50,757 [main] INFO  base.BaseClass - Trying to find Element By {by.toString()})
2024-01-25 23:14:50,779 [main] INFO  base.BaseClass - Found Element By {by.toString()}
2024-01-25 23:14:51,309 [main] INFO  base.BaseClass - Trying to find Element By {by.toString()})
2024-01-25 23:14:51,331 [main] INFO  base.BaseClass - Found Element By {by.toString()}
2024-01-25 23:14:51,864 [main] INFO  base.BaseClass - Trying to find Element By {by.toString()})
2024-01-25 23:14:51,886 [main] INFO  base.BaseClass - Found Element By {by.toString()}
2024-01-25 23:14:52,424 [main] INFO  base.BaseClass - Trying to find Element By {by.toString()})
2024-01-25 23:14:52,446 [main] INFO  base.BaseClass - Found Element By {by.toString()}
2024-01-25 23:14:52,976 [main] INFO  base.BaseClass - Trying to find Element By {by.toString()})
2024-01-25 23:14:53,000 [main] INFO  base.BaseClass - Found Element By {by.toString()}
2024-01-25 23:14:53,530 [main] INFO  base.BaseClass - Trying to find Element By {by.toString()})
2024-01-25 23:14:53,553 [main] INFO  base.BaseClass - Found Element By {by.toString()}
2024-01-25 23:14:54,086 [main] INFO  base.BaseClass - Trying to find Element By {by.toString()})
2024-01-25 23:14:54,111 [main] INFO  base.BaseClass - Found Element By {by.toString()}
2024-01-25 23:14:54,657 [main] INFO  base.BaseClass - Trying to find Element By {by.toString()})
2024-01-25 23:14:54,677 [main] INFO  base.BaseClass - Found Element By {by.toString()}
2024-01-25 23:14:55,207 [main] INFO  base.BaseClass - Trying to find Element By {by.toString()})
2024-01-25 23:14:55,731 [main] INFO  base.BaseClass - Found Element By {by.toString()}
2024-01-25 23:14:56,265 [main] INFO  base.BaseClass - Trying to find Element By {by.toString()})
2024-01-25 23:14:56,290 [main] INFO  base.BaseClass - Found Element By {by.toString()}
2024-01-25 23:14:56,827 [main] INFO  base.BaseClass - Trying to find Element By {by.toString()})
2024-01-25 23:14:56,851 [main] INFO  base.BaseClass - Found Element By {by.toString()}
2024-01-25 23:14:57,379 [main] INFO  base.BaseClass - Trying to find Element By {by.toString()})
2024-01-25 23:14:57,404 [main] INFO  base.BaseClass - Found Element By {by.toString()}
2024-01-25 23:14:57,937 [main] INFO  base.BaseClass - Trying to find Element By {by.toString()})
2024-01-25 23:14:57,961 [main] INFO  base.BaseClass - Found Element By {by.toString()}
2024-01-25 23:14:58,491 [main] INFO  base.BaseClass - Trying to find Element By {by.toString()})
2024-01-25 23:14:58,514 [main] INFO  base.BaseClass - Found Element By {by.toString()}
2024-01-25 23:14:59,045 [main] INFO  base.BaseClass - Trying to find Element By {by.toString()})
2024-01-25 23:14:59,068 [main] INFO  base.BaseClass - Found Element By {by.toString()}
2024-01-25 23:14:59,602 [main] INFO  base.BaseClass - Trying to find Element By {by.toString()})
2024-01-25 23:14:59,624 [main] INFO  base.BaseClass - Found Element By {by.toString()}
2024-01-25 23:15:00,152 [main] INFO  base.BaseClass - Trying to find Element By {by.toString()})
2024-01-25 23:15:00,168 [main] INFO  base.BaseClass - Found Element By {by.toString()}
2024-01-25 23:15:00,693 [main] INFO  base.BaseClass - Trying to find Element By {by.toString()})
2024-01-25 23:15:00,716 [main] INFO  base.BaseClass - Found Element By {by.toString()}
2024-01-25 23:15:01,241 [main] INFO  base.BaseClass - Trying to find Element By {by.toString()})
2024-01-25 23:15:01,264 [main] INFO  base.BaseClass - Found Element By {by.toString()}
2024-01-25 23:15:01,787 [main] INFO  base.BaseClass - Trying to find Element By {by.toString()})
2024-01-25 23:15:01,810 [main] INFO  base.BaseClass - Found Element By {by.toString()}
2024-01-25 23:15:02,339 [main] INFO  base.BaseClass - Trying to find Element By {by.toString()})
2024-01-25 23:15:02,362 [main] INFO  base.BaseClass - Found Element By {by.toString()}
2024-01-25 23:15:02,899 [main] INFO  base.BaseClass - Trying to find Element By {by.toString()})
2024-01-25 23:15:02,922 [main] INFO  base.BaseClass - Found Element By {by.toString()}
2024-01-25 23:15:03,464 [main] INFO  base.BaseClass - Trying to find Element By {by.toString()})
2024-01-25 23:15:03,487 [main] INFO  base.BaseClass - Found Element By {by.toString()}
2024-01-25 23:15:04,028 [main] INFO  base.BaseClass - Trying to find Element By {by.toString()})
2024-01-25 23:15:04,051 [main] INFO  base.BaseClass - Found Element By {by.toString()}
2024-01-25 23:15:04,579 [main] INFO  base.BaseClass - Trying to find Element By {by.toString()})
2024-01-25 23:15:04,602 [main] INFO  base.BaseClass - Found Element By {by.toString()}
2024-01-25 23:15:05,136 [main] INFO  base.BaseClass - Trying to find Element By {by.toString()})
2024-01-25 23:15:05,158 [main] INFO  base.BaseClass - Found Element By {by.toString()}
2024-01-25 23:15:05,690 [main] INFO  base.BaseClass - Trying to find Element By {by.toString()})
2024-01-25 23:15:05,713 [main] INFO  base.BaseClass - Found Element By {by.toString()}
2024-01-25 23:15:06,243 [main] INFO  base.BaseClass - Trying to find Element By {by.toString()})
2024-01-25 23:15:06,265 [main] INFO  base.BaseClass - Found Element By {by.toString()}
2024-01-25 23:15:06,789 [main] INFO  base.BaseClass - Trying to find Element By {by.toString()})
2024-01-25 23:15:06,809 [main] INFO  base.BaseClass - Found Element By {by.toString()}
2024-01-25 23:15:07,327 [main] INFO  base.BaseClass - Trying to find Element By {by.toString()})
2024-01-25 23:15:07,350 [main] INFO  base.BaseClass - Found Element By {by.toString()}
2024-01-25 23:15:07,896 [main] INFO  base.BaseClass - Trying to find Element By {by.toString()})
2024-01-25 23:15:07,917 [main] INFO  base.BaseClass - Found Element By {by.toString()}
2024-01-25 23:15:08,449 [main] INFO  base.BaseClass - Trying to find Element By {by.toString()})
2024-01-25 23:15:08,467 [main] INFO  base.BaseClass - Found Element By {by.toString()}
2024-01-25 23:15:08,994 [main] INFO  base.BaseClass - Trying to find Element By {by.toString()})
2024-01-25 23:15:09,016 [main] INFO  base.BaseClass - Found Element By {by.toString()}
2024-01-25 23:15:09,552 [main] INFO  base.BaseClass - Trying to find Element By {by.toString()})
2024-01-25 23:15:09,573 [main] INFO  base.BaseClass - Found Element By {by.toString()}
2024-01-25 23:15:10,117 [main] INFO  base.BaseClass - Trying to find Element By {by.toString()})
2024-01-25 23:15:10,140 [main] INFO  base.BaseClass - Found Element By {by.toString()}
2024-01-25 23:15:10,670 [main] INFO  base.BaseClass - Trying to find Element By {by.toString()})
2024-01-25 23:15:10,692 [main] INFO  base.BaseClass - Found Element By {by.toString()}
TimeoutException occurred: Expected condition failed: waiting for helper.WaitUtility$5@65f2a894 (tried for 30 second(s) with 500 milliseconds interval)
Build info: version: '3.141.59', revision: 'e82be7d358', time: '2018-11-14T08:17:03'
System info: host: 'DPLAP166', ip: '137.237.3.67', os.name: 'Windows 10', os.arch: 'amd64', os.version: '10.0', java.version: '19.0.1'
Driver info: org.openqa.selenium.support.events.EventFiringWebDriver
Capabilities {acceptInsecureCerts: true, browserName: chrome, browserVersion: 121.0.6167.86, chrome: {chromedriverVersion: 121.0.6167.85 (3f98d690ad7e..., userDataDir: C:\Users\dP-PL\AppData\Loca...}, fedcm:accounts: true, goog:chromeOptions: {debuggerAddress: localhost:56105}, javascriptEnabled: true, networkConnectionEnabled: false, pageLoadStrategy: normal, platform: WINDOWS, platformName: WINDOWS, proxy: Proxy(), setWindowRect: true, strictFileInteractability: false, timeouts: {implicit: 0, pageLoad: 300000, script: 30000}, unhandledPromptBehavior: dismiss and notify, webauthn:extension:credBlob: true, webauthn:extension:largeBlob: true, webauthn:extension:minPinLength: true, webauthn:extension:prf: true, webauthn:virtualAuthenticators: true}
Session ID: 16a41e34defa4830bd25b54ba907cbdb
2024-01-25 23:15:10,725 [main] ERROR XGLT_15177_Test - Element did not become visible within the specified time: Expected condition failed: waiting for helper.WaitUtility$5@65f2a894 (tried for 30 second(s) with 500 milliseconds interval)
Build info: version: '3.141.59', revision: 'e82be7d358', time: '2018-11-14T08:17:03'
System info: host: 'DPLAP166', ip: '137.237.3.67', os.name: 'Windows 10', os.arch: 'amd64', os.version: '10.0', java.version: '19.0.1'
Driver info: org.openqa.selenium.support.events.EventFiringWebDriver
Capabilities {acceptInsecureCerts: true, browserName: chrome, browserVersion: 121.0.6167.86, chrome: {chromedriverVersion: 121.0.6167.85 (3f98d690ad7e..., userDataDir: C:\Users\dP-PL\AppData\Loca...}, fedcm:accounts: true, goog:chromeOptions: {debuggerAddress: localhost:56105}, javascriptEnabled: true, networkConnectionEnabled: false, pageLoadStrategy: normal, platform: WINDOWS, platformName: WINDOWS, proxy: Proxy(), setWindowRect: true, strictFileInteractability: false, timeouts: {implicit: 0, pageLoad: 300000, script: 30000}, unhandledPromptBehavior: dismiss and notify, webauthn:extension:credBlob: true, webauthn:extension:largeBlob: true, webauthn:extension:minPinLength: true, webauthn:extension:prf: true, webauthn:virtualAuthenticators: true}
Session ID: 16a41e34defa4830bd25b54ba907cbdb
2024-01-25 23:15:10,726 [main] INFO  base.BaseClass - Trying to find Element By {by.toString()})
2024-01-25 23:15:10,745 [main] INFO  base.BaseClass - Found Element By {by.toString()}
2024-01-25 23:15:10,764 [main] INFO  base.BaseClass - Trying to find Element By {by.toString()})
2024-01-25 23:15:10,792 [main] INFO  base.BaseClass - Found Element By {by.toString()}
2024-01-25 23:15:11,317 [main] INFO  base.BaseClass - Trying to find Element By {by.toString()})
2024-01-25 23:15:11,339 [main] INFO  base.BaseClass - Found Element By {by.toString()}
2024-01-25 23:15:11,860 [main] INFO  base.BaseClass - Trying to find Element By {by.toString()})
2024-01-25 23:15:11,882 [main] INFO  base.BaseClass - Found Element By {by.toString()}
2024-01-25 23:15:12,415 [main] INFO  base.BaseClass - Trying to find Element By {by.toString()})
2024-01-25 23:15:12,430 [main] INFO  base.BaseClass - Found Element By {by.toString()}
2024-01-25 23:15:12,955 [main] INFO  base.BaseClass - Trying to find Element By {by.toString()})
2024-01-25 23:15:12,979 [main] INFO  base.BaseClass - Found Element By {by.toString()}
2024-01-25 23:15:13,527 [main] INFO  base.BaseClass - Trying to find Element By {by.toString()})
2024-01-25 23:15:13,551 [main] INFO  base.BaseClass - Found Element By {by.toString()}
2024-01-25 23:15:14,093 [main] INFO  base.BaseClass - Trying to find Element By {by.toString()})
2024-01-25 23:15:14,117 [main] INFO  base.BaseClass - Found Element By {by.toString()}
2024-01-25 23:15:14,645 [main] INFO  base.BaseClass - Trying to find Element By {by.toString()})
2024-01-25 23:15:14,668 [main] INFO  base.BaseClass - Found Element By {by.toString()}
2024-01-25 23:15:15,196 [main] INFO  base.BaseClass - Trying to find Element By {by.toString()})
2024-01-25 23:15:15,218 [main] INFO  base.BaseClass - Found Element By {by.toString()}
2024-01-25 23:15:15,748 [main] INFO  base.BaseClass - Trying to find Element By {by.toString()})
2024-01-25 23:15:15,769 [main] INFO  base.BaseClass - Found Element By {by.toString()}
2024-01-25 23:15:16,300 [main] INFO  base.BaseClass - Trying to find Element By {by.toString()})
2024-01-25 23:15:16,322 [main] INFO  base.BaseClass - Found Element By {by.toString()}
2024-01-25 23:15:16,854 [main] INFO  base.BaseClass - Trying to find Element By {by.toString()})
2024-01-25 23:15:16,877 [main] INFO  base.BaseClass - Found Element By {by.toString()}
2024-01-25 23:15:17,411 [main] INFO  base.BaseClass - Trying to find Element By {by.toString()})
2024-01-25 23:15:17,433 [main] INFO  base.BaseClass - Found Element By {by.toString()}
2024-01-25 23:15:17,973 [main] INFO  base.BaseClass - Trying to find Element By {by.toString()})
2024-01-25 23:15:17,996 [main] INFO  base.BaseClass - Found Element By {by.toString()}
2024-01-25 23:15:18,526 [main] INFO  base.BaseClass - Trying to find Element By {by.toString()})
2024-01-25 23:15:18,548 [main] INFO  base.BaseClass - Found Element By {by.toString()}
2024-01-25 23:15:19,078 [main] INFO  base.BaseClass - Trying to find Element By {by.toString()})
2024-01-25 23:15:19,101 [main] INFO  base.BaseClass - Found Element By {by.toString()}
2024-01-25 23:15:19,639 [main] INFO  base.BaseClass - Trying to find Element By {by.toString()})
2024-01-25 23:15:19,662 [main] INFO  base.BaseClass - Found Element By {by.toString()}
2024-01-25 23:15:20,201 [main] INFO  base.BaseClass - Trying to find Element By {by.toString()})
2024-01-25 23:15:20,225 [main] INFO  base.BaseClass - Found Element By {by.toString()}
2024-01-25 23:15:20,757 [main] INFO  base.BaseClass - Trying to find Element By {by.toString()})
2024-01-25 23:15:20,775 [main] INFO  base.BaseClass - Found Element By {by.toString()}
2024-01-25 23:15:21,308 [main] INFO  base.BaseClass - Trying to find Element By {by.toString()})
2024-01-25 23:15:21,332 [main] INFO  base.BaseClass - Found Element By {by.toString()}
2024-01-25 23:15:21,863 [main] INFO  base.BaseClass - Trying to find Element By {by.toString()})
2024-01-25 23:15:21,885 [main] INFO  base.BaseClass - Found Element By {by.toString()}
2024-01-25 23:15:22,411 [main] INFO  base.BaseClass - Trying to find Element By {by.toString()})
2024-01-25 23:15:22,433 [main] INFO  base.BaseClass - Found Element By {by.toString()}
2024-01-25 23:15:22,960 [main] INFO  base.BaseClass - Trying to find Element By {by.toString()})
2024-01-25 23:15:22,984 [main] INFO  base.BaseClass - Found Element By {by.toString()}
2024-01-25 23:15:23,517 [main] INFO  base.BaseClass - Trying to find Element By {by.toString()})
2024-01-25 23:15:23,542 [main] INFO  base.BaseClass - Found Element By {by.toString()}
2024-01-25 23:15:24,064 [main] INFO  base.BaseClass - Trying to find Element By {by.toString()})
2024-01-25 23:15:24,090 [main] INFO  base.BaseClass - Found Element By {by.toString()}
2024-01-25 23:15:24,628 [main] INFO  base.BaseClass - Trying to find Element By {by.toString()})
2024-01-25 23:15:24,652 [main] INFO  base.BaseClass - Found Element By {by.toString()}
2024-01-25 23:15:25,187 [main] INFO  base.BaseClass - Trying to find Element By {by.toString()})
2024-01-25 23:15:25,211 [main] INFO  base.BaseClass - Found Element By {by.toString()}
2024-01-25 23:15:25,744 [main] INFO  base.BaseClass - Trying to find Element By {by.toString()})
2024-01-25 23:15:25,768 [main] INFO  base.BaseClass - Found Element By {by.toString()}
2024-01-25 23:15:26,312 [main] INFO  base.BaseClass - Trying to find Element By {by.toString()})
2024-01-25 23:15:26,335 [main] INFO  base.BaseClass - Found Element By {by.toString()}
2024-01-25 23:15:26,863 [main] INFO  base.BaseClass - Trying to find Element By {by.toString()})
2024-01-25 23:15:26,886 [main] INFO  base.BaseClass - Found Element By {by.toString()}
2024-01-25 23:15:27,418 [main] INFO  base.BaseClass - Trying to find Element By {by.toString()})
2024-01-25 23:15:27,441 [main] INFO  base.BaseClass - Found Element By {by.toString()}
2024-01-25 23:15:27,961 [main] INFO  base.BaseClass - Trying to find Element By {by.toString()})
2024-01-25 23:15:27,983 [main] INFO  base.BaseClass - Found Element By {by.toString()}
2024-01-25 23:15:28,513 [main] INFO  base.BaseClass - Trying to find Element By {by.toString()})
2024-01-25 23:15:28,536 [main] INFO  base.BaseClass - Found Element By {by.toString()}
2024-01-25 23:15:29,061 [main] INFO  base.BaseClass - Trying to find Element By {by.toString()})
2024-01-25 23:15:29,083 [main] INFO  base.BaseClass - Found Element By {by.toString()}
2024-01-25 23:15:29,628 [main] INFO  base.BaseClass - Trying to find Element By {by.toString()})
2024-01-25 23:15:29,650 [main] INFO  base.BaseClass - Found Element By {by.toString()}
2024-01-25 23:15:30,181 [main] INFO  base.BaseClass - Trying to find Element By {by.toString()})
2024-01-25 23:15:30,197 [main] INFO  base.BaseClass - Found Element By {by.toString()}
2024-01-25 23:15:30,721 [main] INFO  base.BaseClass - Trying to find Element By {by.toString()})
2024-01-25 23:15:30,744 [main] INFO  base.BaseClass - Found Element By {by.toString()}
2024-01-25 23:15:31,275 [main] INFO  base.BaseClass - Trying to find Element By {by.toString()})
2024-01-25 23:15:31,297 [main] INFO  base.BaseClass - Found Element By {by.toString()}
2024-01-25 23:15:31,828 [main] INFO  base.BaseClass - Trying to find Element By {by.toString()})
2024-01-25 23:15:31,850 [main] INFO  base.BaseClass - Found Element By {by.toString()}
2024-01-25 23:15:32,390 [main] INFO  base.BaseClass - Trying to find Element By {by.toString()})
2024-01-25 23:15:32,412 [main] INFO  base.BaseClass - Found Element By {by.toString()}
2024-01-25 23:15:32,942 [main] INFO  base.BaseClass - Trying to find Element By {by.toString()})
2024-01-25 23:15:32,964 [main] INFO  base.BaseClass - Found Element By {by.toString()}
2024-01-25 23:15:33,494 [main] INFO  base.BaseClass - Trying to find Element By {by.toString()})
2024-01-25 23:15:33,516 [main] INFO  base.BaseClass - Found Element By {by.toString()}
2024-01-25 23:15:34,049 [main] INFO  base.BaseClass - Trying to find Element By {by.toString()})
2024-01-25 23:15:34,072 [main] INFO  base.BaseClass - Found Element By {by.toString()}
2024-01-25 23:15:34,606 [main] INFO  base.BaseClass - Trying to find Element By {by.toString()})
2024-01-25 23:15:34,621 [main] INFO  base.BaseClass - Found Element By {by.toString()}
2024-01-25 23:15:35,145 [main] INFO  base.BaseClass - Trying to find Element By {by.toString()})
2024-01-25 23:15:35,169 [main] INFO  base.BaseClass - Found Element By {by.toString()}
2024-01-25 23:15:35,702 [main] INFO  base.BaseClass - Trying to find Element By {by.toString()})
2024-01-25 23:15:35,725 [main] INFO  base.BaseClass - Found Element By {by.toString()}
2024-01-25 23:15:36,258 [main] INFO  base.BaseClass - Trying to find Element By {by.toString()})
2024-01-25 23:15:36,282 [main] INFO  base.BaseClass - Found Element By {by.toString()}
2024-01-25 23:15:36,812 [main] INFO  base.BaseClass - Trying to find Element By {by.toString()})
2024-01-25 23:15:36,834 [main] INFO  base.BaseClass - Found Element By {by.toString()}
2024-01-25 23:15:37,358 [main] INFO  base.BaseClass - Trying to find Element By {by.toString()})
2024-01-25 23:15:37,381 [main] INFO  base.BaseClass - Found Element By {by.toString()}
2024-01-25 23:15:37,906 [main] INFO  base.BaseClass - Trying to find Element By {by.toString()})
2024-01-25 23:15:37,925 [main] INFO  base.BaseClass - Found Element By {by.toString()}
2024-01-25 23:15:38,459 [main] INFO  base.BaseClass - Trying to find Element By {by.toString()})
2024-01-25 23:15:38,481 [main] INFO  base.BaseClass - Found Element By {by.toString()}
2024-01-25 23:15:39,011 [main] INFO  base.BaseClass - Trying to find Element By {by.toString()})
2024-01-25 23:15:39,034 [main] INFO  base.BaseClass - Found Element By {by.toString()}
2024-01-25 23:15:39,565 [main] INFO  base.BaseClass - Trying to find Element By {by.toString()})
2024-01-25 23:15:39,588 [main] INFO  base.BaseClass - Found Element By {by.toString()}
2024-01-25 23:15:40,110 [main] INFO  base.BaseClass - Trying to find Element By {by.toString()})
2024-01-25 23:15:40,132 [main] INFO  base.BaseClass - Found Element By {by.toString()}
2024-01-25 23:15:40,665 [main] INFO  base.BaseClass - Trying to find Element By {by.toString()})
2024-01-25 23:15:40,687 [main] INFO  base.BaseClass - Found Element By {by.toString()}
2024-01-25 23:15:41,229 [main] INFO  base.BaseClass - Trying to find Element By {by.toString()})
2024-01-25 23:15:41,252 [main] INFO  base.BaseClass - Found Element By {by.toString()}
TimeoutException occurred: Expected condition failed: waiting for helper.WaitUtility$5@2e75ea68 (tried for 30 second(s) with 500 milliseconds interval)
Build info: version: '3.141.59', revision: 'e82be7d358', time: '2018-11-14T08:17:03'
System info: host: 'DPLAP166', ip: '137.237.3.67', os.name: 'Windows 10', os.arch: 'amd64', os.version: '10.0', java.version: '19.0.1'
Driver info: org.openqa.selenium.support.events.EventFiringWebDriver
Capabilities {acceptInsecureCerts: true, browserName: chrome, browserVersion: 121.0.6167.86, chrome: {chromedriverVersion: 121.0.6167.85 (3f98d690ad7e..., userDataDir: C:\Users\dP-PL\AppData\Loca...}, fedcm:accounts: true, goog:chromeOptions: {debuggerAddress: localhost:56105}, javascriptEnabled: true, networkConnectionEnabled: false, pageLoadStrategy: normal, platform: WINDOWS, platformName: WINDOWS, proxy: Proxy(), setWindowRect: true, strictFileInteractability: false, timeouts: {implicit: 0, pageLoad: 300000, script: 30000}, unhandledPromptBehavior: dismiss and notify, webauthn:extension:credBlob: true, webauthn:extension:largeBlob: true, webauthn:extension:minPinLength: true, webauthn:extension:prf: true, webauthn:virtualAuthenticators: true}
Session ID: 16a41e34defa4830bd25b54ba907cbdb
2024-01-25 23:15:41,284 [main] ERROR XGLT_15177_Test - Element did not become visible within the specified time: Expected condition failed: waiting for helper.WaitUtility$5@2e75ea68 (tried for 30 second(s) with 500 milliseconds interval)
Build info: version: '3.141.59', revision: 'e82be7d358', time: '2018-11-14T08:17:03'
System info: host: 'DPLAP166', ip: '137.237.3.67', os.name: 'Windows 10', os.arch: 'amd64', os.version: '10.0', java.version: '19.0.1'
Driver info: org.openqa.selenium.support.events.EventFiringWebDriver
Capabilities {acceptInsecureCerts: true, browserName: chrome, browserVersion: 121.0.6167.86, chrome: {chromedriverVersion: 121.0.6167.85 (3f98d690ad7e..., userDataDir: C:\Users\dP-PL\AppData\Loca...}, fedcm:accounts: true, goog:chromeOptions: {debuggerAddress: localhost:56105}, javascriptEnabled: true, networkConnectionEnabled: false, pageLoadStrategy: normal, platform: WINDOWS, platformName: WINDOWS, proxy: Proxy(), setWindowRect: true, strictFileInteractability: false, timeouts: {implicit: 0, pageLoad: 300000, script: 30000}, unhandledPromptBehavior: dismiss and notify, webauthn:extension:credBlob: true, webauthn:extension:largeBlob: true, webauthn:extension:minPinLength: true, webauthn:extension:prf: true, webauthn:virtualAuthenticators: true}
Session ID: 16a41e34defa4830bd25b54ba907cbdb
2024-01-25 23:15:41,284 [main] INFO  base.BaseClass - Trying to find Element By {by.toString()})
2024-01-25 23:15:41,303 [main] INFO  base.BaseClass - Found Element By {by.toString()}
2024-01-25 23:15:41,322 [main] INFO  base.BaseClass - Trying to find Element By {by.toString()})
2024-01-25 23:15:41,350 [main] INFO  base.BaseClass - Found Element By {by.toString()}
2024-01-25 23:15:41,876 [main] INFO  base.BaseClass - Trying to find Element By {by.toString()})
2024-01-25 23:15:41,890 [main] INFO  base.BaseClass - Found Element By {by.toString()}
2024-01-25 23:15:42,421 [main] INFO  base.BaseClass - Trying to find Element By {by.toString()})
2024-01-25 23:15:42,442 [main] INFO  base.BaseClass - Found Element By {by.toString()}
2024-01-25 23:15:42,975 [main] INFO  base.BaseClass - Trying to find Element By {by.toString()})
2024-01-25 23:15:42,997 [main] INFO  base.BaseClass - Found Element By {by.toString()}
2024-01-25 23:15:43,533 [main] INFO  base.BaseClass - Trying to find Element By {by.toString()})
2024-01-25 23:15:43,549 [main] INFO  base.BaseClass - Found Element By {by.toString()}
2024-01-25 23:15:44,077 [main] INFO  base.BaseClass - Trying to find Element By {by.toString()})
2024-01-25 23:15:44,100 [main] INFO  base.BaseClass - Found Element By {by.toString()}
2024-01-25 23:15:44,632 [main] INFO  base.BaseClass - Trying to find Element By {by.toString()})
2024-01-25 23:15:44,654 [main] INFO  base.BaseClass - Found Element By {by.toString()}
2024-01-25 23:15:45,176 [main] INFO  base.BaseClass - Trying to find Element By {by.toString()})
2024-01-25 23:15:45,199 [main] INFO  base.BaseClass - Found Element By {by.toString()}
2024-01-25 23:15:45,741 [main] INFO  base.BaseClass - Trying to find Element By {by.toString()})
2024-01-25 23:15:45,763 [main] INFO  base.BaseClass - Found Element By {by.toString()}
2024-01-25 23:15:46,293 [main] INFO  base.BaseClass - Trying to find Element By {by.toString()})
2024-01-25 23:15:46,315 [main] INFO  base.BaseClass - Found Element By {by.toString()}
2024-01-25 23:15:46,859 [main] INFO  base.BaseClass - Trying to find Element By {by.toString()})
2024-01-25 23:15:46,881 [main] INFO  base.BaseClass - Found Element By {by.toString()}
2024-01-25 23:15:47,413 [main] INFO  base.BaseClass - Trying to find Element By {by.toString()})
2024-01-25 23:15:47,435 [main] INFO  base.BaseClass - Found Element By {by.toString()}
2024-01-25 23:15:47,967 [main] INFO  base.BaseClass - Trying to find Element By {by.toString()})
2024-01-25 23:15:47,987 [main] INFO  base.BaseClass - Found Element By {by.toString()}
2024-01-25 23:15:48,513 [main] INFO  base.BaseClass - Trying to find Element By {by.toString()})
2024-01-25 23:15:48,573 [main] INFO  base.BaseClass - Found Element By {by.toString()}
2024-01-25 23:15:49,105 [main] INFO  base.BaseClass - Trying to find Element By {by.toString()})
2024-01-25 23:15:49,127 [main] INFO  base.BaseClass - Found Element By {by.toString()}
2024-01-25 23:15:49,659 [main] INFO  base.BaseClass - Trying to find Element By {by.toString()})
2024-01-25 23:15:49,681 [main] INFO  base.BaseClass - Found Element By {by.toString()}
2024-01-25 23:15:50,211 [main] INFO  base.BaseClass - Trying to find Element By {by.toString()})
2024-01-25 23:15:50,234 [main] INFO  base.BaseClass - Found Element By {by.toString()}
2024-01-25 23:15:50,762 [main] INFO  base.BaseClass - Trying to find Element By {by.toString()})
2024-01-25 23:15:50,785 [main] INFO  base.BaseClass - Found Element By {by.toString()}
2024-01-25 23:15:51,317 [main] INFO  base.BaseClass - Trying to find Element By {by.toString()})
2024-01-25 23:15:51,340 [main] INFO  base.BaseClass - Found Element By {by.toString()}
2024-01-25 23:15:51,885 [main] INFO  base.BaseClass - Trying to find Element By {by.toString()})
2024-01-25 23:15:51,908 [main] INFO  base.BaseClass - Found Element By {by.toString()}
2024-01-25 23:15:52,467 [main] INFO  base.BaseClass - Trying to find Element By {by.toString()})
2024-01-25 23:15:52,489 [main] INFO  base.BaseClass - Found Element By {by.toString()}
2024-01-25 23:15:53,020 [main] INFO  base.BaseClass - Trying to find Element By {by.toString()})
2024-01-25 23:15:53,043 [main] INFO  base.BaseClass - Found Element By {by.toString()}
2024-01-25 23:15:53,575 [main] INFO  base.BaseClass - Trying to find Element By {by.toString()})
2024-01-25 23:15:53,596 [main] INFO  base.BaseClass - Found Element By {by.toString()}
2024-01-25 23:15:54,129 [main] INFO  base.BaseClass - Trying to find Element By {by.toString()})
2024-01-25 23:15:54,151 [main] INFO  base.BaseClass - Found Element By {by.toString()}
2024-01-25 23:15:54,684 [main] INFO  base.BaseClass - Trying to find Element By {by.toString()})
2024-01-25 23:15:54,706 [main] INFO  base.BaseClass - Found Element By {by.toString()}
2024-01-25 23:15:55,239 [main] INFO  base.BaseClass - Trying to find Element By {by.toString()})
2024-01-25 23:15:55,260 [main] INFO  base.BaseClass - Found Element By {by.toString()}
2024-01-25 23:15:55,792 [main] INFO  base.BaseClass - Trying to find Element By {by.toString()})
2024-01-25 23:15:55,815 [main] INFO  base.BaseClass - Found Element By {by.toString()}
2024-01-25 23:15:56,349 [main] INFO  base.BaseClass - Trying to find Element By {by.toString()})
2024-01-25 23:15:56,371 [main] INFO  base.BaseClass - Found Element By {by.toString()}
2024-01-25 23:15:56,905 [main] INFO  base.BaseClass - Trying to find Element By {by.toString()})
2024-01-25 23:15:56,927 [main] INFO  base.BaseClass - Found Element By {by.toString()}
2024-01-25 23:15:57,455 [main] INFO  base.BaseClass - Trying to find Element By {by.toString()})
2024-01-25 23:15:57,477 [main] INFO  base.BaseClass - Found Element By {by.toString()}
2024-01-25 23:15:58,005 [main] INFO  base.BaseClass - Trying to find Element By {by.toString()})
2024-01-25 23:15:58,027 [main] INFO  base.BaseClass - Found Element By {by.toString()}
2024-01-25 23:15:58,555 [main] INFO  base.BaseClass - Trying to find Element By {by.toString()})
2024-01-25 23:15:58,578 [main] INFO  base.BaseClass - Found Element By {by.toString()}
2024-01-25 23:15:59,111 [main] INFO  base.BaseClass - Trying to find Element By {by.toString()})
2024-01-25 23:15:59,133 [main] INFO  base.BaseClass - Found Element By {by.toString()}
2024-01-25 23:15:59,665 [main] INFO  base.BaseClass - Trying to find Element By {by.toString()})
2024-01-25 23:15:59,688 [main] INFO  base.BaseClass - Found Element By {by.toString()}
2024-01-25 23:16:00,221 [main] INFO  base.BaseClass - Trying to find Element By {by.toString()})
2024-01-25 23:16:00,242 [main] INFO  base.BaseClass - Found Element By {by.toString()}
2024-01-25 23:16:00,774 [main] INFO  base.BaseClass - Trying to find Element By {by.toString()})
2024-01-25 23:16:00,811 [main] INFO  base.BaseClass - Found Element By {by.toString()}
2024-01-25 23:16:01,330 [main] INFO  base.BaseClass - Trying to find Element By {by.toString()})
2024-01-25 23:16:01,352 [main] INFO  base.BaseClass - Found Element By {by.toString()}
2024-01-25 23:16:01,883 [main] INFO  base.BaseClass - Trying to find Element By {by.toString()})
2024-01-25 23:16:01,906 [main] INFO  base.BaseClass - Found Element By {by.toString()}
2024-01-25 23:16:02,426 [main] INFO  base.BaseClass - Trying to find Element By {by.toString()})
2024-01-25 23:16:02,449 [main] INFO  base.BaseClass - Found Element By {by.toString()}
2024-01-25 23:16:02,982 [main] INFO  base.BaseClass - Trying to find Element By {by.toString()})
2024-01-25 23:16:03,001 [main] INFO  base.BaseClass - Found Element By {by.toString()}
2024-01-25 23:16:03,527 [main] INFO  base.BaseClass - Trying to find Element By {by.toString()})
2024-01-25 23:16:03,549 [main] INFO  base.BaseClass - Found Element By {by.toString()}
2024-01-25 23:16:04,081 [main] INFO  base.BaseClass - Trying to find Element By {by.toString()})
2024-01-25 23:16:04,104 [main] INFO  base.BaseClass - Found Element By {by.toString()}
2024-01-25 23:16:04,630 [main] INFO  base.BaseClass - Trying to find Element By {by.toString()})
2024-01-25 23:16:04,652 [main] INFO  base.BaseClass - Found Element By {by.toString()}
2024-01-25 23:16:05,185 [main] INFO  base.BaseClass - Trying to find Element By {by.toString()})
2024-01-25 23:16:05,208 [main] INFO  base.BaseClass - Found Element By {by.toString()}
2024-01-25 23:16:05,735 [main] INFO  base.BaseClass - Trying to find Element By {by.toString()})
2024-01-25 23:16:05,757 [main] INFO  base.BaseClass - Found Element By {by.toString()}
2024-01-25 23:16:06,283 [main] INFO  base.BaseClass - Trying to find Element By {by.toString()})
2024-01-25 23:16:06,305 [main] INFO  base.BaseClass - Found Element By {by.toString()}
2024-01-25 23:16:06,838 [main] INFO  base.BaseClass - Trying to find Element By {by.toString()})
2024-01-25 23:16:06,858 [main] INFO  base.BaseClass - Found Element By {by.toString()}
2024-01-25 23:16:07,389 [main] INFO  base.BaseClass - Trying to find Element By {by.toString()})
2024-01-25 23:16:07,411 [main] INFO  base.BaseClass - Found Element By {by.toString()}
2024-01-25 23:16:07,941 [main] INFO  base.BaseClass - Trying to find Element By {by.toString()})
2024-01-25 23:16:07,957 [main] INFO  base.BaseClass - Found Element By {by.toString()}
2024-01-25 23:16:08,483 [main] INFO  base.BaseClass - Trying to find Element By {by.toString()})
2024-01-25 23:16:08,506 [main] INFO  base.BaseClass - Found Element By {by.toString()}
2024-01-25 23:16:09,051 [main] INFO  base.BaseClass - Trying to find Element By {by.toString()})
2024-01-25 23:16:09,071 [main] INFO  base.BaseClass - Found Element By {by.toString()}
2024-01-25 23:16:09,603 [main] INFO  base.BaseClass - Trying to find Element By {by.toString()})
2024-01-25 23:16:09,625 [main] INFO  base.BaseClass - Found Element By {by.toString()}
2024-01-25 23:16:10,156 [main] INFO  base.BaseClass - Trying to find Element By {by.toString()})
2024-01-25 23:16:10,178 [main] INFO  base.BaseClass - Found Element By {by.toString()}
2024-01-25 23:16:10,709 [main] INFO  base.BaseClass - Trying to find Element By {by.toString()})
2024-01-25 23:16:10,730 [main] INFO  base.BaseClass - Found Element By {by.toString()}
2024-01-25 23:16:11,255 [main] INFO  base.BaseClass - Trying to find Element By {by.toString()})
2024-01-25 23:16:11,277 [main] INFO  base.BaseClass - Found Element By {by.toString()}
2024-01-25 23:16:11,809 [main] INFO  base.BaseClass - Trying to find Element By {by.toString()})
2024-01-25 23:16:11,833 [main] INFO  base.BaseClass - Found Element By {by.toString()}
TimeoutException occurred: Expected condition failed: waiting for helper.WaitUtility$5@12576bc2 (tried for 30 second(s) with 500 milliseconds interval)
Build info: version: '3.141.59', revision: 'e82be7d358', time: '2018-11-14T08:17:03'
System info: host: 'DPLAP166', ip: '137.237.3.67', os.name: 'Windows 10', os.arch: 'amd64', os.version: '10.0', java.version: '19.0.1'
Driver info: org.openqa.selenium.support.events.EventFiringWebDriver
Capabilities {acceptInsecureCerts: true, browserName: chrome, browserVersion: 121.0.6167.86, chrome: {chromedriverVersion: 121.0.6167.85 (3f98d690ad7e..., userDataDir: C:\Users\dP-PL\AppData\Loca...}, fedcm:accounts: true, goog:chromeOptions: {debuggerAddress: localhost:56105}, javascriptEnabled: true, networkConnectionEnabled: false, pageLoadStrategy: normal, platform: WINDOWS, platformName: WINDOWS, proxy: Proxy(), setWindowRect: true, strictFileInteractability: false, timeouts: {implicit: 0, pageLoad: 300000, script: 30000}, unhandledPromptBehavior: dismiss and notify, webauthn:extension:credBlob: true, webauthn:extension:largeBlob: true, webauthn:extension:minPinLength: true, webauthn:extension:prf: true, webauthn:virtualAuthenticators: true}
Session ID: 16a41e34defa4830bd25b54ba907cbdb
2024-01-25 23:16:11,859 [main] ERROR XGLT_15177_Test - Element did not become visible within the specified time: Expected condition failed: waiting for helper.WaitUtility$5@12576bc2 (tried for 30 second(s) with 500 milliseconds interval)
Build info: version: '3.141.59', revision: 'e82be7d358', time: '2018-11-14T08:17:03'
System info: host: 'DPLAP166', ip: '137.237.3.67', os.name: 'Windows 10', os.arch: 'amd64', os.version: '10.0', java.version: '19.0.1'
Driver info: org.openqa.selenium.support.events.EventFiringWebDriver
Capabilities {acceptInsecureCerts: true, browserName: chrome, browserVersion: 121.0.6167.86, chrome: {chromedriverVersion: 121.0.6167.85 (3f98d690ad7e..., userDataDir: C:\Users\dP-PL\AppData\Loca...}, fedcm:accounts: true, goog:chromeOptions: {debuggerAddress: localhost:56105}, javascriptEnabled: true, networkConnectionEnabled: false, pageLoadStrategy: normal, platform: WINDOWS, platformName: WINDOWS, proxy: Proxy(), setWindowRect: true, strictFileInteractability: false, timeouts: {implicit: 0, pageLoad: 300000, script: 30000}, unhandledPromptBehavior: dismiss and notify, webauthn:extension:credBlob: true, webauthn:extension:largeBlob: true, webauthn:extension:minPinLength: true, webauthn:extension:prf: true, webauthn:virtualAuthenticators: true}
Session ID: 16a41e34defa4830bd25b54ba907cbdb
2024-01-25 23:16:11,859 [main] INFO  base.BaseClass - Trying to find Element By {by.toString()})
2024-01-25 23:16:11,877 [main] INFO  base.BaseClass - Found Element By {by.toString()}
2024-01-25 23:16:11,955 [main] INFO  base.BaseClass - Trying to find Element By {by.toString()})
2024-01-25 23:16:11,969 [main] INFO  base.BaseClass - Found Element By {by.toString()}
2024-01-25 23:16:11,981 [main] INFO  base.BaseClass - Trying to find Element By {by.toString()})
2024-01-25 23:16:11,995 [main] INFO  base.BaseClass - Found Element By {by.toString()}
2024-01-25 23:16:12,522 [main] INFO  base.BaseClass - Trying to find Element By {by.toString()})
2024-01-25 23:16:12,546 [main] INFO  base.BaseClass - Found Element By {by.toString()}
2024-01-25 23:16:13,082 [main] INFO  base.BaseClass - Trying to find Element By {by.toString()})
2024-01-25 23:16:13,107 [main] INFO  base.BaseClass - Found Element By {by.toString()}
2024-01-25 23:16:13,632 [main] INFO  base.BaseClass - Trying to find Element By {by.toString()})
2024-01-25 23:16:13,655 [main] INFO  base.BaseClass - Found Element By {by.toString()}
2024-01-25 23:16:14,189 [main] INFO  base.BaseClass - Trying to find Element By {by.toString()})
2024-01-25 23:16:14,229 [main] INFO  base.BaseClass - Found Element By {by.toString()}
2024-01-25 23:16:14,758 [main] INFO  base.BaseClass - Trying to find Element By {by.toString()})
2024-01-25 23:16:14,781 [main] INFO  base.BaseClass - Found Element By {by.toString()}
2024-01-25 23:16:15,311 [main] INFO  base.BaseClass - Trying to find Element By {by.toString()})
2024-01-25 23:16:15,334 [main] INFO  base.BaseClass - Found Element By {by.toString()}
2024-01-25 23:16:15,866 [main] INFO  base.BaseClass - Trying to find Element By {by.toString()})
2024-01-25 23:16:15,885 [main] INFO  base.BaseClass - Found Element By {by.toString()}
2024-01-25 23:16:16,410 [main] INFO  base.BaseClass - Trying to find Element By {by.toString()})
2024-01-25 23:16:16,434 [main] INFO  base.BaseClass - Found Element By {by.toString()}
2024-01-25 23:16:16,954 [main] INFO  base.BaseClass - Trying to find Element By {by.toString()})
2024-01-25 23:16:16,975 [main] INFO  base.BaseClass - Found Element By {by.toString()}
2024-01-25 23:16:17,512 [main] INFO  base.BaseClass - Trying to find Element By {by.toString()})
2024-01-25 23:16:17,535 [main] INFO  base.BaseClass - Found Element By {by.toString()}
2024-01-25 23:16:18,070 [main] INFO  base.BaseClass - Trying to find Element By {by.toString()})
2024-01-25 23:16:18,091 [main] INFO  base.BaseClass - Found Element By {by.toString()}
2024-01-25 23:16:18,616 [main] INFO  base.BaseClass - Trying to find Element By {by.toString()})
2024-01-25 23:16:18,639 [main] INFO  base.BaseClass - Found Element By {by.toString()}
2024-01-25 23:16:19,180 [main] INFO  base.BaseClass - Trying to find Element By {by.toString()})
2024-01-25 23:16:19,203 [main] INFO  base.BaseClass - Found Element By {by.toString()}
2024-01-25 23:16:19,746 [main] INFO  base.BaseClass - Trying to find Element By {by.toString()})
2024-01-25 23:16:19,770 [main] INFO  base.BaseClass - Found Element By {by.toString()}
2024-01-25 23:16:20,302 [main] INFO  base.BaseClass - Trying to find Element By {by.toString()})
2024-01-25 23:16:20,324 [main] INFO  base.BaseClass - Found Element By {by.toString()}
2024-01-25 23:16:20,852 [main] INFO  base.BaseClass - Trying to find Element By {by.toString()})
2024-01-25 23:16:20,874 [main] INFO  base.BaseClass - Found Element By {by.toString()}
2024-01-25 23:16:21,404 [main] INFO  base.BaseClass - Trying to find Element By {by.toString()})
2024-01-25 23:16:21,426 [main] INFO  base.BaseClass - Found Element By {by.toString()}
2024-01-25 23:16:21,957 [main] INFO  base.BaseClass - Trying to find Element By {by.toString()})
2024-01-25 23:16:21,980 [main] INFO  base.BaseClass - Found Element By {by.toString()}
2024-01-25 23:16:22,513 [main] INFO  base.BaseClass - Trying to find Element By {by.toString()})
2024-01-25 23:16:22,536 [main] INFO  base.BaseClass - Found Element By {by.toString()}
2024-01-25 23:16:23,064 [main] INFO  base.BaseClass - Trying to find Element By {by.toString()})
2024-01-25 23:16:23,088 [main] INFO  base.BaseClass - Found Element By {by.toString()}
2024-01-25 23:16:23,622 [main] INFO  base.BaseClass - Trying to find Element By {by.toString()})
2024-01-25 23:16:23,646 [main] INFO  base.BaseClass - Found Element By {by.toString()}
2024-01-25 23:16:24,174 [main] INFO  base.BaseClass - Trying to find Element By {by.toString()})
2024-01-25 23:16:24,196 [main] INFO  base.BaseClass - Found Element By {by.toString()}
2024-01-25 23:16:24,727 [main] INFO  base.BaseClass - Trying to find Element By {by.toString()})
2024-01-25 23:16:24,745 [main] INFO  base.BaseClass - Found Element By {by.toString()}
2024-01-25 23:16:25,276 [main] INFO  base.BaseClass - Trying to find Element By {by.toString()})
2024-01-25 23:16:25,298 [main] INFO  base.BaseClass - Found Element By {by.toString()}
2024-01-25 23:16:25,837 [main] INFO  base.BaseClass - Trying to find Element By {by.toString()})
2024-01-25 23:16:25,858 [main] INFO  base.BaseClass - Found Element By {by.toString()}
2024-01-25 23:16:26,387 [main] INFO  base.BaseClass - Trying to find Element By {by.toString()})
2024-01-25 23:16:26,409 [main] INFO  base.BaseClass - Found Element By {by.toString()}
2024-01-25 23:16:26,951 [main] INFO  base.BaseClass - Trying to find Element By {by.toString()})
2024-01-25 23:16:26,973 [main] INFO  base.BaseClass - Found Element By {by.toString()}
2024-01-25 23:16:27,505 [main] INFO  base.BaseClass - Trying to find Element By {by.toString()})
2024-01-25 23:16:27,529 [main] INFO  base.BaseClass - Found Element By {by.toString()}
2024-01-25 23:16:28,064 [main] INFO  base.BaseClass - Trying to find Element By {by.toString()})
2024-01-25 23:16:28,083 [main] INFO  base.BaseClass - Found Element By {by.toString()}
2024-01-25 23:16:28,616 [main] INFO  base.BaseClass - Trying to find Element By {by.toString()})
2024-01-25 23:16:28,639 [main] INFO  base.BaseClass - Found Element By {by.toString()}
2024-01-25 23:16:29,167 [main] INFO  base.BaseClass - Trying to find Element By {by.toString()})
2024-01-25 23:16:29,190 [main] INFO  base.BaseClass - Found Element By {by.toString()}
2024-01-25 23:16:29,739 [main] INFO  base.BaseClass - Trying to find Element By {by.toString()})
2024-01-25 23:16:29,762 [main] INFO  base.BaseClass - Found Element By {by.toString()}
2024-01-25 23:16:30,293 [main] INFO  base.BaseClass - Trying to find Element By {by.toString()})
2024-01-25 23:16:30,316 [main] INFO  base.BaseClass - Found Element By {by.toString()}
2024-01-25 23:16:30,847 [main] INFO  base.BaseClass - Trying to find Element By {by.toString()})
2024-01-25 23:16:30,869 [main] INFO  base.BaseClass - Found Element By {by.toString()}
2024-01-25 23:16:31,399 [main] INFO  base.BaseClass - Trying to find Element By {by.toString()})
2024-01-25 23:16:31,422 [main] INFO  base.BaseClass - Found Element By {by.toString()}
2024-01-25 23:16:31,961 [main] INFO  base.BaseClass - Trying to find Element By {by.toString()})
2024-01-25 23:16:31,984 [main] INFO  base.BaseClass - Found Element By {by.toString()}
2024-01-25 23:16:32,515 [main] INFO  base.BaseClass - Trying to find Element By {by.toString()})
2024-01-25 23:16:32,537 [main] INFO  base.BaseClass - Found Element By {by.toString()}
2024-01-25 23:16:33,068 [main] INFO  base.BaseClass - Trying to find Element By {by.toString()})
2024-01-25 23:16:33,093 [main] INFO  base.BaseClass - Found Element By {by.toString()}
2024-01-25 23:16:33,628 [main] INFO  base.BaseClass - Trying to find Element By {by.toString()})
2024-01-25 23:16:33,645 [main] INFO  base.BaseClass - Found Element By {by.toString()}
2024-01-25 23:16:34,166 [main] INFO  base.BaseClass - Trying to find Element By {by.toString()})
2024-01-25 23:16:34,191 [main] INFO  base.BaseClass - Found Element By {by.toString()}
2024-01-25 23:16:34,725 [main] INFO  base.BaseClass - Trying to find Element By {by.toString()})
2024-01-25 23:16:34,745 [main] INFO  base.BaseClass - Found Element By {by.toString()}
2024-01-25 23:16:35,290 [main] INFO  base.BaseClass - Trying to find Element By {by.toString()})
2024-01-25 23:16:35,312 [main] INFO  base.BaseClass - Found Element By {by.toString()}
2024-01-25 23:16:35,843 [main] INFO  base.BaseClass - Trying to find Element By {by.toString()})
2024-01-25 23:16:35,868 [main] INFO  base.BaseClass - Found Element By {by.toString()}
2024-01-25 23:16:36,402 [main] INFO  base.BaseClass - Trying to find Element By {by.toString()})
2024-01-25 23:16:36,424 [main] INFO  base.BaseClass - Found Element By {by.toString()}
2024-01-25 23:16:36,957 [main] INFO  base.BaseClass - Trying to find Element By {by.toString()})
2024-01-25 23:16:36,979 [main] INFO  base.BaseClass - Found Element By {by.toString()}
2024-01-25 23:16:37,510 [main] INFO  base.BaseClass - Trying to find Element By {by.toString()})
2024-01-25 23:16:37,532 [main] INFO  base.BaseClass - Found Element By {by.toString()}
2024-01-25 23:16:38,069 [main] INFO  base.BaseClass - Trying to find Element By {by.toString()})
2024-01-25 23:16:38,092 [main] INFO  base.BaseClass - Found Element By {by.toString()}
2024-01-25 23:16:38,623 [main] INFO  base.BaseClass - Trying to find Element By {by.toString()})
2024-01-25 23:16:38,645 [main] INFO  base.BaseClass - Found Element By {by.toString()}
2024-01-25 23:16:39,167 [main] INFO  base.BaseClass - Trying to find Element By {by.toString()})
2024-01-25 23:16:39,190 [main] INFO  base.BaseClass - Found Element By {by.toString()}
2024-01-25 23:16:39,719 [main] INFO  base.BaseClass - Trying to find Element By {by.toString()})
2024-01-25 23:16:39,740 [main] INFO  base.BaseClass - Found Element By {by.toString()}
2024-01-25 23:16:40,267 [main] INFO  base.BaseClass - Trying to find Element By {by.toString()})
2024-01-25 23:16:40,287 [main] INFO  base.BaseClass - Found Element By {by.toString()}
2024-01-25 23:16:40,815 [main] INFO  base.BaseClass - Trying to find Element By {by.toString()})
2024-01-25 23:16:40,828 [main] INFO  base.BaseClass - Found Element By {by.toString()}
2024-01-25 23:16:41,352 [main] INFO  base.BaseClass - Trying to find Element By {by.toString()})
2024-01-25 23:16:41,374 [main] INFO  base.BaseClass - Found Element By {by.toString()}
2024-01-25 23:16:41,901 [main] INFO  base.BaseClass - Trying to find Element By {by.toString()})
2024-01-25 23:16:41,924 [main] INFO  base.BaseClass - Found Element By {by.toString()}
2024-01-25 23:16:42,453 [main] INFO  base.BaseClass - Trying to find Element By {by.toString()})
2024-01-25 23:16:42,476 [main] INFO  base.BaseClass - Found Element By {by.toString()}
TimeoutException occurred: Expected condition failed: waiting for helper.WaitUtility$5@34282781 (tried for 30 second(s) with 500 milliseconds interval)
Build info: version: '3.141.59', revision: 'e82be7d358', time: '2018-11-14T08:17:03'
System info: host: 'DPLAP166', ip: '137.237.3.67', os.name: 'Windows 10', os.arch: 'amd64', os.version: '10.0', java.version: '19.0.1'
Driver info: org.openqa.selenium.support.events.EventFiringWebDriver
Capabilities {acceptInsecureCerts: true, browserName: chrome, browserVersion: 121.0.6167.86, chrome: {chromedriverVersion: 121.0.6167.85 (3f98d690ad7e..., userDataDir: C:\Users\dP-PL\AppData\Loca...}, fedcm:accounts: true, goog:chromeOptions: {debuggerAddress: localhost:56105}, javascriptEnabled: true, networkConnectionEnabled: false, pageLoadStrategy: normal, platform: WINDOWS, platformName: WINDOWS, proxy: Proxy(), setWindowRect: true, strictFileInteractability: false, timeouts: {implicit: 0, pageLoad: 300000, script: 30000}, unhandledPromptBehavior: dismiss and notify, webauthn:extension:credBlob: true, webauthn:extension:largeBlob: true, webauthn:extension:minPinLength: true, webauthn:extension:prf: true, webauthn:virtualAuthenticators: true}
Session ID: 16a41e34defa4830bd25b54ba907cbdb
2024-01-25 23:16:42,508 [main] ERROR XGLT_15177_Test - Element did not become visible within the specified time: Expected condition failed: waiting for helper.WaitUtility$5@34282781 (tried for 30 second(s) with 500 milliseconds interval)
Build info: version: '3.141.59', revision: 'e82be7d358', time: '2018-11-14T08:17:03'
System info: host: 'DPLAP166', ip: '137.237.3.67', os.name: 'Windows 10', os.arch: 'amd64', os.version: '10.0', java.version: '19.0.1'
Driver info: org.openqa.selenium.support.events.EventFiringWebDriver
Capabilities {acceptInsecureCerts: true, browserName: chrome, browserVersion: 121.0.6167.86, chrome: {chromedriverVersion: 121.0.6167.85 (3f98d690ad7e..., userDataDir: C:\Users\dP-PL\AppData\Loca...}, fedcm:accounts: true, goog:chromeOptions: {debuggerAddress: localhost:56105}, javascriptEnabled: true, networkConnectionEnabled: false, pageLoadStrategy: normal, platform: WINDOWS, platformName: WINDOWS, proxy: Proxy(), setWindowRect: true, strictFileInteractability: false, timeouts: {implicit: 0, pageLoad: 300000, script: 30000}, unhandledPromptBehavior: dismiss and notify, webauthn:extension:credBlob: true, webauthn:extension:largeBlob: true, webauthn:extension:minPinLength: true, webauthn:extension:prf: true, webauthn:virtualAuthenticators: true}
Session ID: 16a41e34defa4830bd25b54ba907cbdb
2024-01-25 23:16:42,508 [main] INFO  base.BaseClass - Trying to find Element By {by.toString()})
2024-01-25 23:16:42,528 [main] INFO  base.BaseClass - Found Element By {by.toString()}
2024-01-25 23:16:42,528 [main] INFO  base.BaseClass - Trying to click on: {element.toString()}
2024-01-25 23:16:42,666 [main] INFO  base.BaseClass - Clicked on: {element.toString()}
2024-01-25 23:16:42,666 [main] INFO  base.BaseClass - Trying to find Element By {by.toString()})
2024-01-25 23:16:42,680 [main] INFO  base.BaseClass - Found Element By {by.toString()}
In ele selection
TimeoutException occurred: Expected condition failed: waiting for helper.WaitUtility$5@6af49b82 (tried for 30 second(s) with 500 milliseconds interval)
Build info: version: '3.141.59', revision: 'e82be7d358', time: '2018-11-14T08:17:03'
System info: host: 'DPLAP166', ip: '137.237.3.67', os.name: 'Windows 10', os.arch: 'amd64', os.version: '10.0', java.version: '19.0.1'
Driver info: org.openqa.selenium.support.events.EventFiringWebDriver
Capabilities {acceptInsecureCerts: true, browserName: chrome, browserVersion: 121.0.6167.86, chrome: {chromedriverVersion: 121.0.6167.85 (3f98d690ad7e..., userDataDir: C:\Users\dP-PL\AppData\Loca...}, fedcm:accounts: true, goog:chromeOptions: {debuggerAddress: localhost:56105}, javascriptEnabled: true, networkConnectionEnabled: false, pageLoadStrategy: normal, platform: WINDOWS, platformName: WINDOWS, proxy: Proxy(), setWindowRect: true, strictFileInteractability: false, timeouts: {implicit: 0, pageLoad: 300000, script: 30000}, unhandledPromptBehavior: dismiss and notify, webauthn:extension:credBlob: true, webauthn:extension:largeBlob: true, webauthn:extension:minPinLength: true, webauthn:extension:prf: true, webauthn:virtualAuthenticators: true}
Session ID: 16a41e34defa4830bd25b54ba907cbdb
2024-01-25 23:17:13,097 [main] ERROR XGLT_15177_Test - Element did not become visible within the specified time: Expected condition failed: waiting for helper.WaitUtility$5@6af49b82 (tried for 30 second(s) with 500 milliseconds interval)
Build info: version: '3.141.59', revision: 'e82be7d358', time: '2018-11-14T08:17:03'
System info: host: 'DPLAP166', ip: '137.237.3.67', os.name: 'Windows 10', os.arch: 'amd64', os.version: '10.0', java.version: '19.0.1'
Driver info: org.openqa.selenium.support.events.EventFiringWebDriver
Capabilities {acceptInsecureCerts: true, browserName: chrome, browserVersion: 121.0.6167.86, chrome: {chromedriverVersion: 121.0.6167.85 (3f98d690ad7e..., userDataDir: C:\Users\dP-PL\AppData\Loca...}, fedcm:accounts: true, goog:chromeOptions: {debuggerAddress: localhost:56105}, javascriptEnabled: true, networkConnectionEnabled: false, pageLoadStrategy: normal, platform: WINDOWS, platformName: WINDOWS, proxy: Proxy(), setWindowRect: true, strictFileInteractability: false, timeouts: {implicit: 0, pageLoad: 300000, script: 30000}, unhandledPromptBehavior: dismiss and notify, webauthn:extension:credBlob: true, webauthn:extension:largeBlob: true, webauthn:extension:minPinLength: true, webauthn:extension:prf: true, webauthn:virtualAuthenticators: true}
Session ID: 16a41e34defa4830bd25b54ba907cbdb
2024-01-25 23:17:13,097 [main] INFO  base.BaseClass - Trying to click on: {element.toString()}
2024-01-25 23:17:13,233 [main] INFO  base.BaseClass - Clicked on: {element.toString()}
2024-01-25 23:17:13,235 [main] INFO  base.BaseClass - Trying to find Element By {by.toString()})
2024-01-25 23:17:13,250 [main] INFO  base.BaseClass - Found Element By {by.toString()}
2024-01-25 23:17:13,776 [main] INFO  base.BaseClass - Trying to find Element By {by.toString()})
2024-01-25 23:17:13,798 [main] INFO  base.BaseClass - Found Element By {by.toString()}
2024-01-25 23:17:14,329 [main] INFO  base.BaseClass - Trying to find Element By {by.toString()})
2024-01-25 23:17:14,350 [main] INFO  base.BaseClass - Found Element By {by.toString()}
2024-01-25 23:17:14,880 [main] INFO  base.BaseClass - Trying to find Element By {by.toString()})
2024-01-25 23:17:14,903 [main] INFO  base.BaseClass - Found Element By {by.toString()}
2024-01-25 23:17:15,441 [main] INFO  base.BaseClass - Trying to find Element By {by.toString()})
2024-01-25 23:17:15,462 [main] INFO  base.BaseClass - Found Element By {by.toString()}
2024-01-25 23:17:15,995 [main] INFO  base.BaseClass - Trying to find Element By {by.toString()})
2024-01-25 23:17:16,019 [main] INFO  base.BaseClass - Found Element By {by.toString()}
2024-01-25 23:17:16,550 [main] INFO  base.BaseClass - Trying to find Element By {by.toString()})
2024-01-25 23:17:16,571 [main] INFO  base.BaseClass - Found Element By {by.toString()}
2024-01-25 23:17:17,096 [main] INFO  base.BaseClass - Trying to find Element By {by.toString()})
2024-01-25 23:17:17,119 [main] INFO  base.BaseClass - Found Element By {by.toString()}
2024-01-25 23:17:17,651 [main] INFO  base.BaseClass - Trying to find Element By {by.toString()})
2024-01-25 23:17:17,673 [main] INFO  base.BaseClass - Found Element By {by.toString()}
2024-01-25 23:17:18,206 [main] INFO  base.BaseClass - Trying to find Element By {by.toString()})
2024-01-25 23:17:18,227 [main] INFO  base.BaseClass - Found Element By {by.toString()}
2024-01-25 23:17:18,760 [main] INFO  base.BaseClass - Trying to find Element By {by.toString()})
2024-01-25 23:17:18,782 [main] INFO  base.BaseClass - Found Element By {by.toString()}
2024-01-25 23:17:19,327 [main] INFO  base.BaseClass - Trying to find Element By {by.toString()})
2024-01-25 23:17:19,348 [main] INFO  base.BaseClass - Found Element By {by.toString()}
2024-01-25 23:17:19,879 [main] INFO  base.BaseClass - Trying to find Element By {by.toString()})
2024-01-25 23:17:19,901 [main] INFO  base.BaseClass - Found Element By {by.toString()}
2024-01-25 23:17:20,433 [main] INFO  base.BaseClass - Trying to find Element By {by.toString()})
2024-01-25 23:17:20,457 [main] INFO  base.BaseClass - Found Element By {by.toString()}
2024-01-25 23:17:20,990 [main] INFO  base.BaseClass - Trying to find Element By {by.toString()})
2024-01-25 23:17:21,012 [main] INFO  base.BaseClass - Found Element By {by.toString()}
2024-01-25 23:17:21,539 [main] INFO  base.BaseClass - Trying to find Element By {by.toString()})
2024-01-25 23:17:21,562 [main] INFO  base.BaseClass - Found Element By {by.toString()}
2024-01-25 23:17:22,102 [main] INFO  base.BaseClass - Trying to find Element By {by.toString()})
2024-01-25 23:17:22,125 [main] INFO  base.BaseClass - Found Element By {by.toString()}
2024-01-25 23:17:22,656 [main] INFO  base.BaseClass - Trying to find Element By {by.toString()})
2024-01-25 23:17:22,679 [main] INFO  base.BaseClass - Found Element By {by.toString()}
2024-01-25 23:17:23,215 [main] INFO  base.BaseClass - Trying to find Element By {by.toString()})
2024-01-25 23:17:23,238 [main] INFO  base.BaseClass - Found Element By {by.toString()}
2024-01-25 23:17:23,782 [main] INFO  base.BaseClass - Trying to find Element By {by.toString()})
2024-01-25 23:17:23,806 [main] INFO  base.BaseClass - Found Element By {by.toString()}
2024-01-25 23:17:24,333 [main] INFO  base.BaseClass - Trying to find Element By {by.toString()})
2024-01-25 23:17:24,355 [main] INFO  base.BaseClass - Found Element By {by.toString()}
2024-01-25 23:17:24,887 [main] INFO  base.BaseClass - Trying to find Element By {by.toString()})
2024-01-25 23:17:24,909 [main] INFO  base.BaseClass - Found Element By {by.toString()}
2024-01-25 23:17:25,430 [main] INFO  base.BaseClass - Trying to find Element By {by.toString()})
2024-01-25 23:17:25,452 [main] INFO  base.BaseClass - Found Element By {by.toString()}
2024-01-25 23:17:25,999 [main] INFO  base.BaseClass - Trying to find Element By {by.toString()})
2024-01-25 23:17:26,021 [main] INFO  base.BaseClass - Found Element By {by.toString()}
2024-01-25 23:17:26,541 [main] INFO  base.BaseClass - Trying to find Element By {by.toString()})
2024-01-25 23:17:26,562 [main] INFO  base.BaseClass - Found Element By {by.toString()}
2024-01-25 23:17:27,095 [main] INFO  base.BaseClass - Trying to find Element By {by.toString()})
2024-01-25 23:17:27,118 [main] INFO  base.BaseClass - Found Element By {by.toString()}
2024-01-25 23:17:27,638 [main] INFO  base.BaseClass - Trying to find Element By {by.toString()})
2024-01-25 23:17:27,661 [main] INFO  base.BaseClass - Found Element By {by.toString()}
2024-01-25 23:17:28,197 [main] INFO  base.BaseClass - Trying to find Element By {by.toString()})
2024-01-25 23:17:28,218 [main] INFO  base.BaseClass - Found Element By {by.toString()}
2024-01-25 23:17:28,738 [main] INFO  base.BaseClass - Trying to find Element By {by.toString()})
2024-01-25 23:17:28,761 [main] INFO  base.BaseClass - Found Element By {by.toString()}
2024-01-25 23:17:29,294 [main] INFO  base.BaseClass - Trying to find Element By {by.toString()})
2024-01-25 23:17:29,315 [main] INFO  base.BaseClass - Found Element By {by.toString()}
2024-01-25 23:17:29,861 [main] INFO  base.BaseClass - Trying to find Element By {by.toString()})
2024-01-25 23:17:29,884 [main] INFO  base.BaseClass - Found Element By {by.toString()}
2024-01-25 23:17:30,404 [main] INFO  base.BaseClass - Trying to find Element By {by.toString()})
2024-01-25 23:17:30,426 [main] INFO  base.BaseClass - Found Element By {by.toString()}
2024-01-25 23:17:30,956 [main] INFO  base.BaseClass - Trying to find Element By {by.toString()})
2024-01-25 23:17:30,978 [main] INFO  base.BaseClass - Found Element By {by.toString()}
2024-01-25 23:17:31,499 [main] INFO  base.BaseClass - Trying to find Element By {by.toString()})
2024-01-25 23:17:31,515 [main] INFO  base.BaseClass - Found Element By {by.toString()}
2024-01-25 23:17:32,037 [main] INFO  base.BaseClass - Trying to find Element By {by.toString()})
2024-01-25 23:17:32,060 [main] INFO  base.BaseClass - Found Element By {by.toString()}
2024-01-25 23:17:32,595 [main] INFO  base.BaseClass - Trying to find Element By {by.toString()})
2024-01-25 23:17:32,616 [main] INFO  base.BaseClass - Found Element By {by.toString()}
2024-01-25 23:17:33,145 [main] INFO  base.BaseClass - Trying to find Element By {by.toString()})
2024-01-25 23:17:33,167 [main] INFO  base.BaseClass - Found Element By {by.toString()}
2024-01-25 23:17:33,705 [main] INFO  base.BaseClass - Trying to find Element By {by.toString()})
2024-01-25 23:17:33,726 [main] INFO  base.BaseClass - Found Element By {by.toString()}
2024-01-25 23:17:34,255 [main] INFO  base.BaseClass - Trying to find Element By {by.toString()})
2024-01-25 23:17:34,278 [main] INFO  base.BaseClass - Found Element By {by.toString()}
2024-01-25 23:17:34,814 [main] INFO  base.BaseClass - Trying to find Element By {by.toString()})
2024-01-25 23:17:34,838 [main] INFO  base.BaseClass - Found Element By {by.toString()}
2024-01-25 23:17:35,369 [main] INFO  base.BaseClass - Trying to find Element By {by.toString()})
2024-01-25 23:17:35,394 [main] INFO  base.BaseClass - Found Element By {by.toString()}
2024-01-25 23:17:35,939 [main] INFO  base.BaseClass - Trying to find Element By {by.toString()})
2024-01-25 23:17:35,962 [main] INFO  base.BaseClass - Found Element By {by.toString()}
2024-01-25 23:17:36,508 [main] INFO  base.BaseClass - Trying to find Element By {by.toString()})
2024-01-25 23:17:36,531 [main] INFO  base.BaseClass - Found Element By {by.toString()}
2024-01-25 23:17:37,060 [main] INFO  base.BaseClass - Trying to find Element By {by.toString()})
2024-01-25 23:17:37,081 [main] INFO  base.BaseClass - Found Element By {by.toString()}
2024-01-25 23:17:37,612 [main] INFO  base.BaseClass - Trying to find Element By {by.toString()})
2024-01-25 23:17:37,634 [main] INFO  base.BaseClass - Found Element By {by.toString()}
2024-01-25 23:17:38,177 [main] INFO  base.BaseClass - Trying to find Element By {by.toString()})
2024-01-25 23:17:38,199 [main] INFO  base.BaseClass - Found Element By {by.toString()}
2024-01-25 23:17:38,731 [main] INFO  base.BaseClass - Trying to find Element By {by.toString()})
2024-01-25 23:17:38,752 [main] INFO  base.BaseClass - Found Element By {by.toString()}
2024-01-25 23:17:39,282 [main] INFO  base.BaseClass - Trying to find Element By {by.toString()})
2024-01-25 23:17:39,303 [main] INFO  base.BaseClass - Found Element By {by.toString()}
2024-01-25 23:17:39,825 [main] INFO  base.BaseClass - Trying to find Element By {by.toString()})
2024-01-25 23:17:39,847 [main] INFO  base.BaseClass - Found Element By {by.toString()}
2024-01-25 23:17:40,378 [main] INFO  base.BaseClass - Trying to find Element By {by.toString()})
2024-01-25 23:17:40,401 [main] INFO  base.BaseClass - Found Element By {by.toString()}
2024-01-25 23:17:40,935 [main] INFO  base.BaseClass - Trying to find Element By {by.toString()})
2024-01-25 23:17:40,956 [main] INFO  base.BaseClass - Found Element By {by.toString()}
2024-01-25 23:17:41,484 [main] INFO  base.BaseClass - Trying to find Element By {by.toString()})
2024-01-25 23:17:41,507 [main] INFO  base.BaseClass - Found Element By {by.toString()}
2024-01-25 23:17:42,036 [main] INFO  base.BaseClass - Trying to find Element By {by.toString()})
2024-01-25 23:17:42,059 [main] INFO  base.BaseClass - Found Element By {by.toString()}
2024-01-25 23:17:42,591 [main] INFO  base.BaseClass - Trying to find Element By {by.toString()})
2024-01-25 23:17:42,612 [main] INFO  base.BaseClass - Found Element By {by.toString()}
2024-01-25 23:17:43,143 [main] INFO  base.BaseClass - Trying to find Element By {by.toString()})
2024-01-25 23:17:43,166 [main] INFO  base.BaseClass - Found Element By {by.toString()}
2024-01-25 23:17:43,699 [main] INFO  base.BaseClass - Trying to find Element By {by.toString()})
2024-01-25 23:17:43,721 [main] INFO  base.BaseClass - Found Element By {by.toString()}
TimeoutException occurred: Expected condition failed: waiting for helper.WaitUtility$5@265252a0 (tried for 30 second(s) with 500 milliseconds interval)
Build info: version: '3.141.59', revision: 'e82be7d358', time: '2018-11-14T08:17:03'
System info: host: 'DPLAP166', ip: '137.237.3.67', os.name: 'Windows 10', os.arch: 'amd64', os.version: '10.0', java.version: '19.0.1'
Driver info: org.openqa.selenium.support.events.EventFiringWebDriver
Capabilities {acceptInsecureCerts: true, browserName: chrome, browserVersion: 121.0.6167.86, chrome: {chromedriverVersion: 121.0.6167.85 (3f98d690ad7e..., userDataDir: C:\Users\dP-PL\AppData\Loca...}, fedcm:accounts: true, goog:chromeOptions: {debuggerAddress: localhost:56105}, javascriptEnabled: true, networkConnectionEnabled: false, pageLoadStrategy: normal, platform: WINDOWS, platformName: WINDOWS, proxy: Proxy(), setWindowRect: true, strictFileInteractability: false, timeouts: {implicit: 0, pageLoad: 300000, script: 30000}, unhandledPromptBehavior: dismiss and notify, webauthn:extension:credBlob: true, webauthn:extension:largeBlob: true, webauthn:extension:minPinLength: true, webauthn:extension:prf: true, webauthn:virtualAuthenticators: true}
Session ID: 16a41e34defa4830bd25b54ba907cbdb
2024-01-25 23:17:43,753 [main] ERROR XGLT_15177_Test - Element did not become visible within the specified time: Expected condition failed: waiting for helper.WaitUtility$5@265252a0 (tried for 30 second(s) with 500 milliseconds interval)
Build info: version: '3.141.59', revision: 'e82be7d358', time: '2018-11-14T08:17:03'
System info: host: 'DPLAP166', ip: '137.237.3.67', os.name: 'Windows 10', os.arch: 'amd64', os.version: '10.0', java.version: '19.0.1'
Driver info: org.openqa.selenium.support.events.EventFiringWebDriver
Capabilities {acceptInsecureCerts: true, browserName: chrome, browserVersion: 121.0.6167.86, chrome: {chromedriverVersion: 121.0.6167.85 (3f98d690ad7e..., userDataDir: C:\Users\dP-PL\AppData\Loca...}, fedcm:accounts: true, goog:chromeOptions: {debuggerAddress: localhost:56105}, javascriptEnabled: true, networkConnectionEnabled: false, pageLoadStrategy: normal, platform: WINDOWS, platformName: WINDOWS, proxy: Proxy(), setWindowRect: true, strictFileInteractability: false, timeouts: {implicit: 0, pageLoad: 300000, script: 30000}, unhandledPromptBehavior: dismiss and notify, webauthn:extension:credBlob: true, webauthn:extension:largeBlob: true, webauthn:extension:minPinLength: true, webauthn:extension:prf: true, webauthn:virtualAuthenticators: true}
Session ID: 16a41e34defa4830bd25b54ba907cbdb
2024-01-25 23:17:43,753 [main] INFO  base.BaseClass - Trying to find Element By {by.toString()})
2024-01-25 23:17:43,773 [main] INFO  base.BaseClass - Found Element By {by.toString()}
2024-01-25 23:17:43,773 [main] INFO  base.BaseClass - Trying to click on: {element.toString()}
2024-01-25 23:17:43,849 [main] INFO  base.BaseClass - Clicked on: {element.toString()}
2024-01-25 23:17:43,849 [Forwarding actions on session 16a41e34defa4830bd25b54ba907cbdb to remote] INFO  base.BaseClass - Trying to find Element By {by.toString()})
2024-01-25 23:17:43,863 [Forwarding actions on session 16a41e34defa4830bd25b54ba907cbdb to remote] INFO  base.BaseClass - Found Element By {by.toString()}
2024-01-25 23:17:44,001 [main] INFO  base.BaseClass - Trying to find Element By {by.toString()})
2024-01-25 23:17:44,024 [main] INFO  base.BaseClass - Found Element By {by.toString()}
2024-01-25 23:17:44,044 [main] INFO  base.BaseClass - Trying to find Element By {by.toString()})
2024-01-25 23:17:44,063 [main] INFO  base.BaseClass - Found Element By {by.toString()}
2024-01-25 23:17:44,074 [main] INFO  base.BaseClass - Trying to find Element By {by.toString()})
2024-01-25 23:17:44,086 [main] INFO  base.BaseClass - Found Element By {by.toString()}
2024-01-25 23:17:44,605 [main] INFO  base.BaseClass - Trying to find Element By {by.toString()})
2024-01-25 23:17:44,629 [main] INFO  base.BaseClass - Found Element By {by.toString()}
2024-01-25 23:17:45,163 [main] INFO  base.BaseClass - Trying to find Element By {by.toString()})
2024-01-25 23:17:45,178 [main] INFO  base.BaseClass - Found Element By {by.toString()}
2024-01-25 23:17:45,705 [main] INFO  base.BaseClass - Trying to find Element By {by.toString()})
2024-01-25 23:17:45,727 [main] INFO  base.BaseClass - Found Element By {by.toString()}
2024-01-25 23:17:46,261 [main] INFO  base.BaseClass - Trying to find Element By {by.toString()})
2024-01-25 23:17:46,284 [main] INFO  base.BaseClass - Found Element By {by.toString()}
2024-01-25 23:17:46,824 [main] INFO  base.BaseClass - Trying to find Element By {by.toString()})
2024-01-25 23:17:46,846 [main] INFO  base.BaseClass - Found Element By {by.toString()}
2024-01-25 23:17:47,377 [main] INFO  base.BaseClass - Trying to find Element By {by.toString()})
2024-01-25 23:17:47,400 [main] INFO  base.BaseClass - Found Element By {by.toString()}
2024-01-25 23:17:47,932 [main] INFO  base.BaseClass - Trying to find Element By {by.toString()})
2024-01-25 23:17:47,955 [main] INFO  base.BaseClass - Found Element By {by.toString()}
2024-01-25 23:17:48,486 [main] INFO  base.BaseClass - Trying to find Element By {by.toString()})
2024-01-25 23:17:48,509 [main] INFO  base.BaseClass - Found Element By {by.toString()}
2024-01-25 23:17:49,041 [main] INFO  base.BaseClass - Trying to find Element By {by.toString()})
2024-01-25 23:17:49,063 [main] INFO  base.BaseClass - Found Element By {by.toString()}
2024-01-25 23:17:49,611 [main] INFO  base.BaseClass - Trying to find Element By {by.toString()})
2024-01-25 23:17:49,632 [main] INFO  base.BaseClass - Found Element By {by.toString()}
2024-01-25 23:17:50,161 [main] INFO  base.BaseClass - Trying to find Element By {by.toString()})
2024-01-25 23:17:50,184 [main] INFO  base.BaseClass - Found Element By {by.toString()}
2024-01-25 23:17:50,719 [main] INFO  base.BaseClass - Trying to find Element By {by.toString()})
2024-01-25 23:17:50,742 [main] INFO  base.BaseClass - Found Element By {by.toString()}
2024-01-25 23:17:51,270 [main] INFO  base.BaseClass - Trying to find Element By {by.toString()})
2024-01-25 23:17:51,293 [main] INFO  base.BaseClass - Found Element By {by.toString()}
2024-01-25 23:17:51,828 [main] INFO  base.BaseClass - Trying to find Element By {by.toString()})
2024-01-25 23:17:51,850 [main] INFO  base.BaseClass - Found Element By {by.toString()}
2024-01-25 23:17:52,384 [main] INFO  base.BaseClass - Trying to find Element By {by.toString()})
2024-01-25 23:17:52,409 [main] INFO  base.BaseClass - Found Element By {by.toString()}
2024-01-25 23:17:52,946 [main] INFO  base.BaseClass - Trying to find Element By {by.toString()})
2024-01-25 23:17:52,970 [main] INFO  base.BaseClass - Found Element By {by.toString()}
2024-01-25 23:17:53,505 [main] INFO  base.BaseClass - Trying to find Element By {by.toString()})
2024-01-25 23:17:53,529 [main] INFO  base.BaseClass - Found Element By {by.toString()}
2024-01-25 23:17:54,064 [main] INFO  base.BaseClass - Trying to find Element By {by.toString()})
2024-01-25 23:17:54,086 [main] INFO  base.BaseClass - Found Element By {by.toString()}
2024-01-25 23:17:54,617 [main] INFO  base.BaseClass - Trying to find Element By {by.toString()})
2024-01-25 23:17:54,640 [main] INFO  base.BaseClass - Found Element By {by.toString()}
2024-01-25 23:17:55,176 [main] INFO  base.BaseClass - Trying to find Element By {by.toString()})
2024-01-25 23:17:55,199 [main] INFO  base.BaseClass - Found Element By {by.toString()}
2024-01-25 23:17:55,734 [main] INFO  base.BaseClass - Trying to find Element By {by.toString()})
2024-01-25 23:17:55,757 [main] INFO  base.BaseClass - Found Element By {by.toString()}
2024-01-25 23:17:56,307 [main] INFO  base.BaseClass - Trying to find Element By {by.toString()})
2024-01-25 23:17:56,331 [main] INFO  base.BaseClass - Found Element By {by.toString()}
2024-01-25 23:17:56,872 [main] INFO  base.BaseClass - Trying to find Element By {by.toString()})
2024-01-25 23:17:56,895 [main] INFO  base.BaseClass - Found Element By {by.toString()}
2024-01-25 23:17:57,438 [main] INFO  base.BaseClass - Trying to find Element By {by.toString()})
2024-01-25 23:17:57,463 [main] INFO  base.BaseClass - Found Element By {by.toString()}
2024-01-25 23:17:57,982 [main] INFO  base.BaseClass - Trying to find Element By {by.toString()})
2024-01-25 23:17:58,005 [main] INFO  base.BaseClass - Found Element By {by.toString()}
2024-01-25 23:17:58,539 [main] INFO  base.BaseClass - Trying to find Element By {by.toString()})
2024-01-25 23:17:58,562 [main] INFO  base.BaseClass - Found Element By {by.toString()}
2024-01-25 23:17:59,096 [main] INFO  base.BaseClass - Trying to find Element By {by.toString()})
2024-01-25 23:17:59,119 [main] INFO  base.BaseClass - Found Element By {by.toString()}
2024-01-25 23:17:59,653 [main] INFO  base.BaseClass - Trying to find Element By {by.toString()})
2024-01-25 23:17:59,676 [main] INFO  base.BaseClass - Found Element By {by.toString()}
2024-01-25 23:18:00,213 [main] INFO  base.BaseClass - Trying to find Element By {by.toString()})
2024-01-25 23:18:00,238 [main] INFO  base.BaseClass - Found Element By {by.toString()}
2024-01-25 23:18:00,774 [main] INFO  base.BaseClass - Trying to find Element By {by.toString()})
2024-01-25 23:18:00,797 [main] INFO  base.BaseClass - Found Element By {by.toString()}
2024-01-25 23:18:01,339 [main] INFO  base.BaseClass - Trying to find Element By {by.toString()})
2024-01-25 23:18:01,361 [main] INFO  base.BaseClass - Found Element By {by.toString()}
2024-01-25 23:18:01,889 [main] INFO  base.BaseClass - Trying to find Element By {by.toString()})
2024-01-25 23:18:01,912 [main] INFO  base.BaseClass - Found Element By {by.toString()}
2024-01-25 23:18:02,444 [main] INFO  base.BaseClass - Trying to find Element By {by.toString()})
2024-01-25 23:18:02,465 [main] INFO  base.BaseClass - Found Element By {by.toString()}
2024-01-25 23:18:02,992 [main] INFO  base.BaseClass - Trying to find Element By {by.toString()})
2024-01-25 23:18:03,013 [main] INFO  base.BaseClass - Found Element By {by.toString()}
2024-01-25 23:18:03,539 [main] INFO  base.BaseClass - Trying to find Element By {by.toString()})
2024-01-25 23:18:03,558 [main] INFO  base.BaseClass - Found Element By {by.toString()}
2024-01-25 23:18:04,084 [main] INFO  base.BaseClass - Trying to find Element By {by.toString()})
2024-01-25 23:18:04,106 [main] INFO  base.BaseClass - Found Element By {by.toString()}
2024-01-25 23:18:04,640 [main] INFO  base.BaseClass - Trying to find Element By {by.toString()})
2024-01-25 23:18:04,663 [main] INFO  base.BaseClass - Found Element By {by.toString()}
2024-01-25 23:18:05,198 [main] INFO  base.BaseClass - Trying to find Element By {by.toString()})
2024-01-25 23:18:05,220 [main] INFO  base.BaseClass - Found Element By {by.toString()}
2024-01-25 23:18:05,763 [main] INFO  base.BaseClass - Trying to find Element By {by.toString()})
2024-01-25 23:18:05,785 [main] INFO  base.BaseClass - Found Element By {by.toString()}
2024-01-25 23:18:06,316 [main] INFO  base.BaseClass - Trying to find Element By {by.toString()})
2024-01-25 23:18:06,339 [main] INFO  base.BaseClass - Found Element By {by.toString()}
2024-01-25 23:18:06,871 [main] INFO  base.BaseClass - Trying to find Element By {by.toString()})
2024-01-25 23:18:06,891 [main] INFO  base.BaseClass - Found Element By {by.toString()}
2024-01-25 23:18:07,421 [main] INFO  base.BaseClass - Trying to find Element By {by.toString()})
2024-01-25 23:18:07,444 [main] INFO  base.BaseClass - Found Element By {by.toString()}
2024-01-25 23:18:07,970 [main] INFO  base.BaseClass - Trying to find Element By {by.toString()})
2024-01-25 23:18:07,991 [main] INFO  base.BaseClass - Found Element By {by.toString()}
2024-01-25 23:18:08,523 [main] INFO  base.BaseClass - Trying to find Element By {by.toString()})
2024-01-25 23:18:08,546 [main] INFO  base.BaseClass - Found Element By {by.toString()}
2024-01-25 23:18:09,080 [main] INFO  base.BaseClass - Trying to find Element By {by.toString()})
2024-01-25 23:18:09,103 [main] INFO  base.BaseClass - Found Element By {by.toString()}
2024-01-25 23:18:09,636 [main] INFO  base.BaseClass - Trying to find Element By {by.toString()})
2024-01-25 23:18:09,657 [main] INFO  base.BaseClass - Found Element By {by.toString()}
2024-01-25 23:18:10,189 [main] INFO  base.BaseClass - Trying to find Element By {by.toString()})
2024-01-25 23:18:10,212 [main] INFO  base.BaseClass - Found Element By {by.toString()}
2024-01-25 23:18:10,747 [main] INFO  base.BaseClass - Trying to find Element By {by.toString()})
2024-01-25 23:18:10,763 [main] INFO  base.BaseClass - Found Element By {by.toString()}
2024-01-25 23:18:11,288 [main] INFO  base.BaseClass - Trying to find Element By {by.toString()})
2024-01-25 23:18:11,309 [main] INFO  base.BaseClass - Found Element By {by.toString()}
2024-01-25 23:18:11,843 [main] INFO  base.BaseClass - Trying to find Element By {by.toString()})
2024-01-25 23:18:11,865 [main] INFO  base.BaseClass - Found Element By {by.toString()}
2024-01-25 23:18:12,397 [main] INFO  base.BaseClass - Trying to find Element By {by.toString()})
2024-01-25 23:18:12,418 [main] INFO  base.BaseClass - Found Element By {by.toString()}
2024-01-25 23:18:12,947 [main] INFO  base.BaseClass - Trying to find Element By {by.toString()})
2024-01-25 23:18:12,969 [main] INFO  base.BaseClass - Found Element By {by.toString()}
2024-01-25 23:18:13,509 [main] INFO  base.BaseClass - Trying to find Element By {by.toString()})
2024-01-25 23:18:13,531 [main] INFO  base.BaseClass - Found Element By {by.toString()}
2024-01-25 23:18:14,064 [main] INFO  base.BaseClass - Trying to find Element By {by.toString()})
2024-01-25 23:18:14,086 [main] INFO  base.BaseClass - Found Element By {by.toString()}
TimeoutException occurred: Expected condition failed: waiting for helper.WaitUtility$5@61065a6d (tried for 30 second(s) with 500 milliseconds interval)
Build info: version: '3.141.59', revision: 'e82be7d358', time: '2018-11-14T08:17:03'
System info: host: 'DPLAP166', ip: '137.237.3.67', os.name: 'Windows 10', os.arch: 'amd64', os.version: '10.0', java.version: '19.0.1'
Driver info: org.openqa.selenium.support.events.EventFiringWebDriver
Capabilities {acceptInsecureCerts: true, browserName: chrome, browserVersion: 121.0.6167.86, chrome: {chromedriverVersion: 121.0.6167.85 (3f98d690ad7e..., userDataDir: C:\Users\dP-PL\AppData\Loca...}, fedcm:accounts: true, goog:chromeOptions: {debuggerAddress: localhost:56105}, javascriptEnabled: true, networkConnectionEnabled: false, pageLoadStrategy: normal, platform: WINDOWS, platformName: WINDOWS, proxy: Proxy(), setWindowRect: true, strictFileInteractability: false, timeouts: {implicit: 0, pageLoad: 300000, script: 30000}, unhandledPromptBehavior: dismiss and notify, webauthn:extension:credBlob: true, webauthn:extension:largeBlob: true, webauthn:extension:minPinLength: true, webauthn:extension:prf: true, webauthn:virtualAuthenticators: true}
Session ID: 16a41e34defa4830bd25b54ba907cbdb
2024-01-25 23:18:14,110 [main] ERROR XGLT_15177_Test - Element did not become visible within the specified time: Expected condition failed: waiting for helper.WaitUtility$5@61065a6d (tried for 30 second(s) with 500 milliseconds interval)
Build info: version: '3.141.59', revision: 'e82be7d358', time: '2018-11-14T08:17:03'
System info: host: 'DPLAP166', ip: '137.237.3.67', os.name: 'Windows 10', os.arch: 'amd64', os.version: '10.0', java.version: '19.0.1'
Driver info: org.openqa.selenium.support.events.EventFiringWebDriver
Capabilities {acceptInsecureCerts: true, browserName: chrome, browserVersion: 121.0.6167.86, chrome: {chromedriverVersion: 121.0.6167.85 (3f98d690ad7e..., userDataDir: C:\Users\dP-PL\AppData\Loca...}, fedcm:accounts: true, goog:chromeOptions: {debuggerAddress: localhost:56105}, javascriptEnabled: true, networkConnectionEnabled: false, pageLoadStrategy: normal, platform: WINDOWS, platformName: WINDOWS, proxy: Proxy(), setWindowRect: true, strictFileInteractability: false, timeouts: {implicit: 0, pageLoad: 300000, script: 30000}, unhandledPromptBehavior: dismiss and notify, webauthn:extension:credBlob: true, webauthn:extension:largeBlob: true, webauthn:extension:minPinLength: true, webauthn:extension:prf: true, webauthn:virtualAuthenticators: true}
Session ID: 16a41e34defa4830bd25b54ba907cbdb
2024-01-25 23:18:14,111 [main] INFO  base.BaseClass - Trying to find Element By {by.toString()})
2024-01-25 23:18:14,127 [main] INFO  base.BaseClass - Found Element By {by.toString()}
2024-01-25 23:18:14,175 [main] INFO  base.BaseClass - Trying to find Element By {by.toString()})
2024-01-25 23:18:14,189 [main] INFO  base.BaseClass - Found Element By {by.toString()}
RO is New Region
2024-01-25 23:18:14,216 [main] INFO  base.BaseClass - Trying to find Element By {by.toString()})
2024-01-25 23:18:14,224 [main] INFO  base.BaseClass - Found Element By {by.toString()}
Writing on Excel file Finished ...
CreateNewSoftRegion passed!
]]></system-out>
    <system-err><![CDATA[Starting ChromeDriver 121.0.6167.85 (3f98d690ad7e59242ef110144c757b2ac4eef1a2-refs/branch-heads/6167@{#1539}) on port 27337
Only local connections are allowed.
Please see https://chromedriver.chromium.org/security-considerations for suggestions on keeping ChromeDriver safe.
ChromeDriver was started successfully.
Jan 25, 2024 11:11:07 PM org.openqa.selenium.remote.ProtocolHandshake createSession
INFO: Detected dialect: W3C
]]></system-err>
  </testcase>
  <testcase name="CreateNewStandardCust" classname="XGLT_6666_Test" time="275.265">
    <system-out><![CDATA[2024-01-25 23:18:14,523 [main] INFO  XGLT_15177_Test - closing up browser
2024-01-25 23:18:14,851 [main] INFO  base.BaseClass - Login to XGL
2024-01-25 23:18:14,851 [main] INFO  XGLT_15177_Test - Setting up browser
2024-01-25 23:18:14,878 [main] INFO  io.github.bonigarcia.wdm.WebDriverManager - Using chromedriver 121.0.6167.85 (resolved driver for Chrome 121)
2024-01-25 23:18:14,940 [main] INFO  io.github.bonigarcia.wdm.WebDriverManager - Exporting webdriver.chrome.driver as C:\Users\dP-PL\.cache\selenium\chromedriver\win64\121.0.6167.85\chromedriver.exe
2024-01-25 23:18:16,686 [main] INFO  base.BaseClass - Before navigating to {url}
2024-01-25 23:18:23,319 [main] INFO  base.BaseClass - Navigated to {url}
2024-01-25 23:18:23,746 [main] INFO  base.BaseClass - Trying to find Element By {by.toString()})
2024-01-25 23:18:23,759 [main] INFO  base.BaseClass - Found Element By {by.toString()}
2024-01-25 23:18:23,834 [main] INFO  base.BaseClass - Trying to find Element By {by.toString()})
2024-01-25 23:18:23,863 [main] INFO  base.BaseClass - Found Element By {by.toString()}
2024-01-25 23:18:23,929 [main] INFO  base.BaseClass - Trying to find Element By {by.toString()})
2024-01-25 23:18:23,940 [main] INFO  base.BaseClass - Found Element By {by.toString()}
2024-01-25 23:18:23,941 [main] INFO  base.BaseClass - Trying to click on: {element.toString()}
2024-01-25 23:18:23,982 [main] INFO  base.BaseClass - Clicked on: {element.toString()}
2024-01-25 23:18:23,982 [main] INFO  base.BaseClass - Trying to find Element By {by.toString()})
2024-01-25 23:18:30,501 [main] INFO  base.BaseClass - Found Element By {by.toString()}
2024-01-25 23:18:30,525 [main] INFO  base.BaseClass - Trying to find Element By {by.toString()})
NoSuchElementException occurred: no such element: Unable to locate element: {"method":"xpath","selector":"//div[@class='modal-content']/div/i[contains(@class,'close')]"}
  (Session info: chrome=121.0.6167.86)
For documentation on this error, please visit: https://www.seleniumhq.org/exceptions/no_such_element.html
Build info: version: '3.141.59', revision: 'e82be7d358', time: '2018-11-14T08:17:03'
System info: host: 'DPLAP166', ip: '137.237.3.67', os.name: 'Windows 10', os.arch: 'amd64', os.version: '10.0', java.version: '19.0.1'
Driver info: org.openqa.selenium.chrome.ChromeDriver
Capabilities {acceptInsecureCerts: true, browserName: chrome, browserVersion: 121.0.6167.86, chrome: {chromedriverVersion: 121.0.6167.85 (3f98d690ad7e..., userDataDir: C:\Users\dP-PL\AppData\Loca...}, fedcm:accounts: true, goog:chromeOptions: {debuggerAddress: localhost:56135}, javascriptEnabled: true, networkConnectionEnabled: false, pageLoadStrategy: normal, platform: WINDOWS, platformName: WINDOWS, proxy: Proxy(), setWindowRect: true, strictFileInteractability: false, timeouts: {implicit: 0, pageLoad: 300000, script: 30000}, unhandledPromptBehavior: dismiss and notify, webauthn:extension:credBlob: true, webauthn:extension:largeBlob: true, webauthn:extension:minPinLength: true, webauthn:extension:prf: true, webauthn:virtualAuthenticators: true}
Session ID: b9db2a6bf1ca982b3531e95facad15da
*** Element info: {Using=xpath, value=//div[@class='modal-content']/div/i[contains(@class,'close')]}
Before method Test name: Maintainance Tests
CreateNewStandardCust started!
2024-01-25 23:19:20,580 [main] INFO  base.BaseClass - Trying to find Element By {by.toString()})
2024-01-25 23:19:20,612 [main] INFO  base.BaseClass - Found Element By {by.toString()}
2024-01-25 23:19:21,157 [main] INFO  base.BaseClass - Trying to find Element By {by.toString()})
2024-01-25 23:19:21,179 [main] INFO  base.BaseClass - Found Element By {by.toString()}
2024-01-25 23:19:21,718 [main] INFO  base.BaseClass - Trying to find Element By {by.toString()})
2024-01-25 23:19:21,742 [main] INFO  base.BaseClass - Found Element By {by.toString()}
2024-01-25 23:19:22,276 [main] INFO  base.BaseClass - Trying to find Element By {by.toString()})
2024-01-25 23:19:22,299 [main] INFO  base.BaseClass - Found Element By {by.toString()}
2024-01-25 23:19:22,833 [main] INFO  base.BaseClass - Trying to find Element By {by.toString()})
2024-01-25 23:19:22,855 [main] INFO  base.BaseClass - Found Element By {by.toString()}
2024-01-25 23:19:23,387 [main] INFO  base.BaseClass - Trying to find Element By {by.toString()})
2024-01-25 23:19:23,407 [main] INFO  base.BaseClass - Found Element By {by.toString()}
2024-01-25 23:19:23,942 [main] INFO  base.BaseClass - Trying to find Element By {by.toString()})
2024-01-25 23:19:23,963 [main] INFO  base.BaseClass - Found Element By {by.toString()}
2024-01-25 23:19:24,496 [main] INFO  base.BaseClass - Trying to find Element By {by.toString()})
2024-01-25 23:19:24,511 [main] INFO  base.BaseClass - Found Element By {by.toString()}
2024-01-25 23:19:25,037 [main] INFO  base.BaseClass - Trying to find Element By {by.toString()})
2024-01-25 23:19:25,052 [main] INFO  base.BaseClass - Found Element By {by.toString()}
2024-01-25 23:19:25,583 [main] INFO  base.BaseClass - Trying to find Element By {by.toString()})
2024-01-25 23:19:25,606 [main] INFO  base.BaseClass - Found Element By {by.toString()}
2024-01-25 23:19:26,136 [main] INFO  base.BaseClass - Trying to find Element By {by.toString()})
2024-01-25 23:19:26,157 [main] INFO  base.BaseClass - Found Element By {by.toString()}
2024-01-25 23:19:26,687 [main] INFO  base.BaseClass - Trying to find Element By {by.toString()})
2024-01-25 23:19:26,707 [main] INFO  base.BaseClass - Found Element By {by.toString()}
2024-01-25 23:19:27,232 [main] INFO  base.BaseClass - Trying to find Element By {by.toString()})
2024-01-25 23:19:27,251 [main] INFO  base.BaseClass - Found Element By {by.toString()}
2024-01-25 23:19:27,780 [main] INFO  base.BaseClass - Trying to find Element By {by.toString()})
2024-01-25 23:19:27,802 [main] INFO  base.BaseClass - Found Element By {by.toString()}
2024-01-25 23:19:28,335 [main] INFO  base.BaseClass - Trying to find Element By {by.toString()})
2024-01-25 23:19:28,356 [main] INFO  base.BaseClass - Found Element By {by.toString()}
2024-01-25 23:19:28,887 [main] INFO  base.BaseClass - Trying to find Element By {by.toString()})
2024-01-25 23:19:28,910 [main] INFO  base.BaseClass - Found Element By {by.toString()}
2024-01-25 23:19:29,440 [main] INFO  base.BaseClass - Trying to find Element By {by.toString()})
2024-01-25 23:19:29,461 [main] INFO  base.BaseClass - Found Element By {by.toString()}
2024-01-25 23:19:29,987 [main] INFO  base.BaseClass - Trying to find Element By {by.toString()})
2024-01-25 23:19:30,009 [main] INFO  base.BaseClass - Found Element By {by.toString()}
2024-01-25 23:19:30,540 [main] INFO  base.BaseClass - Trying to find Element By {by.toString()})
2024-01-25 23:19:30,564 [main] INFO  base.BaseClass - Found Element By {by.toString()}
2024-01-25 23:19:31,104 [main] INFO  base.BaseClass - Trying to find Element By {by.toString()})
2024-01-25 23:19:31,126 [main] INFO  base.BaseClass - Found Element By {by.toString()}
2024-01-25 23:19:31,661 [main] INFO  base.BaseClass - Trying to find Element By {by.toString()})
2024-01-25 23:19:31,682 [main] INFO  base.BaseClass - Found Element By {by.toString()}
2024-01-25 23:19:32,213 [main] INFO  base.BaseClass - Trying to find Element By {by.toString()})
2024-01-25 23:19:32,234 [main] INFO  base.BaseClass - Found Element By {by.toString()}
2024-01-25 23:19:32,767 [main] INFO  base.BaseClass - Trying to find Element By {by.toString()})
2024-01-25 23:19:32,786 [main] INFO  base.BaseClass - Found Element By {by.toString()}
2024-01-25 23:19:33,319 [main] INFO  base.BaseClass - Trying to find Element By {by.toString()})
2024-01-25 23:19:33,345 [main] INFO  base.BaseClass - Found Element By {by.toString()}
2024-01-25 23:19:33,876 [main] INFO  base.BaseClass - Trying to find Element By {by.toString()})
2024-01-25 23:19:33,898 [main] INFO  base.BaseClass - Found Element By {by.toString()}
2024-01-25 23:19:34,430 [main] INFO  base.BaseClass - Trying to find Element By {by.toString()})
2024-01-25 23:19:34,451 [main] INFO  base.BaseClass - Found Element By {by.toString()}
2024-01-25 23:19:34,981 [main] INFO  base.BaseClass - Trying to find Element By {by.toString()})
2024-01-25 23:19:34,999 [main] INFO  base.BaseClass - Found Element By {by.toString()}
2024-01-25 23:19:35,527 [main] INFO  base.BaseClass - Trying to find Element By {by.toString()})
2024-01-25 23:19:35,549 [main] INFO  base.BaseClass - Found Element By {by.toString()}
2024-01-25 23:19:36,080 [main] INFO  base.BaseClass - Trying to find Element By {by.toString()})
2024-01-25 23:19:36,102 [main] INFO  base.BaseClass - Found Element By {by.toString()}
2024-01-25 23:19:36,629 [main] INFO  base.BaseClass - Trying to find Element By {by.toString()})
2024-01-25 23:19:36,651 [main] INFO  base.BaseClass - Found Element By {by.toString()}
2024-01-25 23:19:37,189 [main] INFO  base.BaseClass - Trying to find Element By {by.toString()})
2024-01-25 23:19:37,211 [main] INFO  base.BaseClass - Found Element By {by.toString()}
2024-01-25 23:19:37,747 [main] INFO  base.BaseClass - Trying to find Element By {by.toString()})
2024-01-25 23:19:37,768 [main] INFO  base.BaseClass - Found Element By {by.toString()}
2024-01-25 23:19:38,296 [main] INFO  base.BaseClass - Trying to find Element By {by.toString()})
2024-01-25 23:19:38,319 [main] INFO  base.BaseClass - Found Element By {by.toString()}
2024-01-25 23:19:38,851 [main] INFO  base.BaseClass - Trying to find Element By {by.toString()})
2024-01-25 23:19:38,867 [main] INFO  base.BaseClass - Found Element By {by.toString()}
2024-01-25 23:19:39,391 [main] INFO  base.BaseClass - Trying to find Element By {by.toString()})
2024-01-25 23:19:39,413 [main] INFO  base.BaseClass - Found Element By {by.toString()}
2024-01-25 23:19:39,941 [main] INFO  base.BaseClass - Trying to find Element By {by.toString()})
2024-01-25 23:19:39,963 [main] INFO  base.BaseClass - Found Element By {by.toString()}
2024-01-25 23:19:40,496 [main] INFO  base.BaseClass - Trying to find Element By {by.toString()})
2024-01-25 23:19:40,517 [main] INFO  base.BaseClass - Found Element By {by.toString()}
2024-01-25 23:19:41,043 [main] INFO  base.BaseClass - Trying to find Element By {by.toString()})
2024-01-25 23:19:41,064 [main] INFO  base.BaseClass - Found Element By {by.toString()}
2024-01-25 23:19:41,595 [main] INFO  base.BaseClass - Trying to find Element By {by.toString()})
2024-01-25 23:19:41,616 [main] INFO  base.BaseClass - Found Element By {by.toString()}
2024-01-25 23:19:42,148 [main] INFO  base.BaseClass - Trying to find Element By {by.toString()})
2024-01-25 23:19:42,170 [main] INFO  base.BaseClass - Found Element By {by.toString()}
2024-01-25 23:19:42,703 [main] INFO  base.BaseClass - Trying to find Element By {by.toString()})
2024-01-25 23:19:42,724 [main] INFO  base.BaseClass - Found Element By {by.toString()}
2024-01-25 23:19:43,254 [main] INFO  base.BaseClass - Trying to find Element By {by.toString()})
2024-01-25 23:19:43,275 [main] INFO  base.BaseClass - Found Element By {by.toString()}
2024-01-25 23:19:43,809 [main] INFO  base.BaseClass - Trying to find Element By {by.toString()})
2024-01-25 23:19:43,831 [main] INFO  base.BaseClass - Found Element By {by.toString()}
2024-01-25 23:19:44,374 [main] INFO  base.BaseClass - Trying to find Element By {by.toString()})
2024-01-25 23:19:44,394 [main] INFO  base.BaseClass - Found Element By {by.toString()}
2024-01-25 23:19:44,923 [main] INFO  base.BaseClass - Trying to find Element By {by.toString()})
2024-01-25 23:19:44,949 [main] INFO  base.BaseClass - Found Element By {by.toString()}
2024-01-25 23:19:45,483 [main] INFO  base.BaseClass - Trying to find Element By {by.toString()})
2024-01-25 23:19:45,506 [main] INFO  base.BaseClass - Found Element By {by.toString()}
2024-01-25 23:19:46,036 [main] INFO  base.BaseClass - Trying to find Element By {by.toString()})
2024-01-25 23:19:46,059 [main] INFO  base.BaseClass - Found Element By {by.toString()}
2024-01-25 23:19:46,593 [main] INFO  base.BaseClass - Trying to find Element By {by.toString()})
2024-01-25 23:19:46,617 [main] INFO  base.BaseClass - Found Element By {by.toString()}
2024-01-25 23:19:47,153 [main] INFO  base.BaseClass - Trying to find Element By {by.toString()})
2024-01-25 23:19:47,176 [main] INFO  base.BaseClass - Found Element By {by.toString()}
2024-01-25 23:19:47,708 [main] INFO  base.BaseClass - Trying to find Element By {by.toString()})
2024-01-25 23:19:47,730 [main] INFO  base.BaseClass - Found Element By {by.toString()}
2024-01-25 23:19:48,280 [main] INFO  base.BaseClass - Trying to find Element By {by.toString()})
2024-01-25 23:19:48,295 [main] INFO  base.BaseClass - Found Element By {by.toString()}
2024-01-25 23:19:48,821 [main] INFO  base.BaseClass - Trying to find Element By {by.toString()})
2024-01-25 23:19:48,844 [main] INFO  base.BaseClass - Found Element By {by.toString()}
2024-01-25 23:19:49,375 [main] INFO  base.BaseClass - Trying to find Element By {by.toString()})
2024-01-25 23:19:49,399 [main] INFO  base.BaseClass - Found Element By {by.toString()}
2024-01-25 23:19:49,929 [main] INFO  base.BaseClass - Trying to find Element By {by.toString()})
2024-01-25 23:19:49,953 [main] INFO  base.BaseClass - Found Element By {by.toString()}
2024-01-25 23:19:50,494 [main] INFO  base.BaseClass - Trying to find Element By {by.toString()})
2024-01-25 23:19:50,519 [main] INFO  base.BaseClass - Found Element By {by.toString()}
2024-01-25 23:19:51,057 [main] INFO  base.BaseClass - Trying to find Element By {by.toString()})
2024-01-25 23:19:51,073 [main] INFO  base.BaseClass - Found Element By {by.toString()}
TimeoutException occurred: Expected condition failed: waiting for helper.WaitUtility$5@771d4c20 (tried for 30 second(s) with 500 milliseconds interval)
Build info: version: '3.141.59', revision: 'e82be7d358', time: '2018-11-14T08:17:03'
System info: host: 'DPLAP166', ip: '137.237.3.67', os.name: 'Windows 10', os.arch: 'amd64', os.version: '10.0', java.version: '19.0.1'
Driver info: org.openqa.selenium.support.events.EventFiringWebDriver
Capabilities {acceptInsecureCerts: true, browserName: chrome, browserVersion: 121.0.6167.86, chrome: {chromedriverVersion: 121.0.6167.85 (3f98d690ad7e..., userDataDir: C:\Users\dP-PL\AppData\Loca...}, fedcm:accounts: true, goog:chromeOptions: {debuggerAddress: localhost:56135}, javascriptEnabled: true, networkConnectionEnabled: false, pageLoadStrategy: normal, platform: WINDOWS, platformName: WINDOWS, proxy: Proxy(), setWindowRect: true, strictFileInteractability: false, timeouts: {implicit: 0, pageLoad: 300000, script: 30000}, unhandledPromptBehavior: dismiss and notify, webauthn:extension:credBlob: true, webauthn:extension:largeBlob: true, webauthn:extension:minPinLength: true, webauthn:extension:prf: true, webauthn:virtualAuthenticators: true}
Session ID: b9db2a6bf1ca982b3531e95facad15da
2024-01-25 23:19:51,097 [main] ERROR XGLT_15177_Test - Element did not become visible within the specified time: Expected condition failed: waiting for helper.WaitUtility$5@771d4c20 (tried for 30 second(s) with 500 milliseconds interval)
Build info: version: '3.141.59', revision: 'e82be7d358', time: '2018-11-14T08:17:03'
System info: host: 'DPLAP166', ip: '137.237.3.67', os.name: 'Windows 10', os.arch: 'amd64', os.version: '10.0', java.version: '19.0.1'
Driver info: org.openqa.selenium.support.events.EventFiringWebDriver
Capabilities {acceptInsecureCerts: true, browserName: chrome, browserVersion: 121.0.6167.86, chrome: {chromedriverVersion: 121.0.6167.85 (3f98d690ad7e..., userDataDir: C:\Users\dP-PL\AppData\Loca...}, fedcm:accounts: true, goog:chromeOptions: {debuggerAddress: localhost:56135}, javascriptEnabled: true, networkConnectionEnabled: false, pageLoadStrategy: normal, platform: WINDOWS, platformName: WINDOWS, proxy: Proxy(), setWindowRect: true, strictFileInteractability: false, timeouts: {implicit: 0, pageLoad: 300000, script: 30000}, unhandledPromptBehavior: dismiss and notify, webauthn:extension:credBlob: true, webauthn:extension:largeBlob: true, webauthn:extension:minPinLength: true, webauthn:extension:prf: true, webauthn:virtualAuthenticators: true}
Session ID: b9db2a6bf1ca982b3531e95facad15da
2024-01-25 23:19:51,097 [main] INFO  base.BaseClass - Trying to find Element By {by.toString()})
2024-01-25 23:19:51,113 [main] INFO  base.BaseClass - Found Element By {by.toString()}
2024-01-25 23:19:51,113 [main] INFO  base.BaseClass - Trying to click on: {element.toString()}
2024-01-25 23:19:51,233 [main] INFO  base.BaseClass - Clicked on: {element.toString()}
2024-01-25 23:19:51,234 [main] INFO  base.BaseClass - Trying to find Element By {by.toString()})
2024-01-25 23:19:51,246 [main] INFO  base.BaseClass - Found Element By {by.toString()}
2024-01-25 23:19:51,767 [main] INFO  base.BaseClass - Trying to find Element By {by.toString()})
2024-01-25 23:19:51,792 [main] INFO  base.BaseClass - Found Element By {by.toString()}
2024-01-25 23:19:52,316 [main] INFO  base.BaseClass - Trying to find Element By {by.toString()})
2024-01-25 23:19:52,335 [main] INFO  base.BaseClass - Found Element By {by.toString()}
2024-01-25 23:19:52,863 [main] INFO  base.BaseClass - Trying to find Element By {by.toString()})
2024-01-25 23:19:52,886 [main] INFO  base.BaseClass - Found Element By {by.toString()}
2024-01-25 23:19:53,416 [main] INFO  base.BaseClass - Trying to find Element By {by.toString()})
2024-01-25 23:19:53,432 [main] INFO  base.BaseClass - Found Element By {by.toString()}
2024-01-25 23:19:53,960 [main] INFO  base.BaseClass - Trying to find Element By {by.toString()})
2024-01-25 23:19:53,977 [main] INFO  base.BaseClass - Found Element By {by.toString()}
2024-01-25 23:19:54,506 [main] INFO  base.BaseClass - Trying to find Element By {by.toString()})
2024-01-25 23:19:54,530 [main] INFO  base.BaseClass - Found Element By {by.toString()}
2024-01-25 23:19:55,067 [main] INFO  base.BaseClass - Trying to find Element By {by.toString()})
2024-01-25 23:19:55,092 [main] INFO  base.BaseClass - Found Element By {by.toString()}
2024-01-25 23:19:55,631 [main] INFO  base.BaseClass - Trying to find Element By {by.toString()})
2024-01-25 23:19:55,657 [main] INFO  base.BaseClass - Found Element By {by.toString()}
2024-01-25 23:19:56,198 [main] INFO  base.BaseClass - Trying to find Element By {by.toString()})
2024-01-25 23:19:56,213 [main] INFO  base.BaseClass - Found Element By {by.toString()}
2024-01-25 23:19:56,740 [main] INFO  base.BaseClass - Trying to find Element By {by.toString()})
2024-01-25 23:19:56,763 [main] INFO  base.BaseClass - Found Element By {by.toString()}
2024-01-25 23:19:57,286 [main] INFO  base.BaseClass - Trying to find Element By {by.toString()})
2024-01-25 23:19:57,312 [main] INFO  base.BaseClass - Found Element By {by.toString()}
2024-01-25 23:19:57,843 [main] INFO  base.BaseClass - Trying to find Element By {by.toString()})
2024-01-25 23:19:57,859 [main] INFO  base.BaseClass - Found Element By {by.toString()}
2024-01-25 23:19:58,392 [main] INFO  base.BaseClass - Trying to find Element By {by.toString()})
2024-01-25 23:19:58,401 [main] INFO  base.BaseClass - Found Element By {by.toString()}
2024-01-25 23:19:58,915 [main] INFO  base.BaseClass - Trying to find Element By {by.toString()})
2024-01-25 23:19:58,937 [main] INFO  base.BaseClass - Found Element By {by.toString()}
2024-01-25 23:19:59,472 [main] INFO  base.BaseClass - Trying to find Element By {by.toString()})
2024-01-25 23:19:59,495 [main] INFO  base.BaseClass - Found Element By {by.toString()}
2024-01-25 23:20:00,021 [main] INFO  base.BaseClass - Trying to find Element By {by.toString()})
2024-01-25 23:20:00,038 [main] INFO  base.BaseClass - Found Element By {by.toString()}
2024-01-25 23:20:00,564 [main] INFO  base.BaseClass - Trying to find Element By {by.toString()})
2024-01-25 23:20:00,586 [main] INFO  base.BaseClass - Found Element By {by.toString()}
2024-01-25 23:20:01,117 [main] INFO  base.BaseClass - Trying to find Element By {by.toString()})
2024-01-25 23:20:01,139 [main] INFO  base.BaseClass - Found Element By {by.toString()}
2024-01-25 23:20:01,683 [main] INFO  base.BaseClass - Trying to find Element By {by.toString()})
2024-01-25 23:20:01,705 [main] INFO  base.BaseClass - Found Element By {by.toString()}
2024-01-25 23:20:02,242 [main] INFO  base.BaseClass - Trying to find Element By {by.toString()})
2024-01-25 23:20:02,265 [main] INFO  base.BaseClass - Found Element By {by.toString()}
2024-01-25 23:20:02,798 [main] INFO  base.BaseClass - Trying to find Element By {by.toString()})
2024-01-25 23:20:02,819 [main] INFO  base.BaseClass - Found Element By {by.toString()}
2024-01-25 23:20:03,352 [main] INFO  base.BaseClass - Trying to find Element By {by.toString()})
2024-01-25 23:20:03,374 [main] INFO  base.BaseClass - Found Element By {by.toString()}
2024-01-25 23:20:03,898 [main] INFO  base.BaseClass - Trying to find Element By {by.toString()})
2024-01-25 23:20:03,920 [main] INFO  base.BaseClass - Found Element By {by.toString()}
2024-01-25 23:20:04,451 [main] INFO  base.BaseClass - Trying to find Element By {by.toString()})
2024-01-25 23:20:04,471 [main] INFO  base.BaseClass - Found Element By {by.toString()}
2024-01-25 23:20:05,001 [main] INFO  base.BaseClass - Trying to find Element By {by.toString()})
2024-01-25 23:20:05,023 [main] INFO  base.BaseClass - Found Element By {by.toString()}
2024-01-25 23:20:05,553 [main] INFO  base.BaseClass - Trying to find Element By {by.toString()})
2024-01-25 23:20:05,574 [main] INFO  base.BaseClass - Found Element By {by.toString()}
2024-01-25 23:20:06,104 [main] INFO  base.BaseClass - Trying to find Element By {by.toString()})
2024-01-25 23:20:06,124 [main] INFO  base.BaseClass - Found Element By {by.toString()}
2024-01-25 23:20:06,654 [main] INFO  base.BaseClass - Trying to find Element By {by.toString()})
2024-01-25 23:20:06,676 [main] INFO  base.BaseClass - Found Element By {by.toString()}
2024-01-25 23:20:07,209 [main] INFO  base.BaseClass - Trying to find Element By {by.toString()})
2024-01-25 23:20:07,230 [main] INFO  base.BaseClass - Found Element By {by.toString()}
2024-01-25 23:20:07,756 [main] INFO  base.BaseClass - Trying to find Element By {by.toString()})
2024-01-25 23:20:07,779 [main] INFO  base.BaseClass - Found Element By {by.toString()}
2024-01-25 23:20:08,311 [main] INFO  base.BaseClass - Trying to find Element By {by.toString()})
2024-01-25 23:20:08,333 [main] INFO  base.BaseClass - Found Element By {by.toString()}
2024-01-25 23:20:08,876 [main] INFO  base.BaseClass - Trying to find Element By {by.toString()})
2024-01-25 23:20:08,899 [main] INFO  base.BaseClass - Found Element By {by.toString()}
2024-01-25 23:20:09,443 [main] INFO  base.BaseClass - Trying to find Element By {by.toString()})
2024-01-25 23:20:09,464 [main] INFO  base.BaseClass - Found Element By {by.toString()}
2024-01-25 23:20:09,995 [main] INFO  base.BaseClass - Trying to find Element By {by.toString()})
2024-01-25 23:20:10,016 [main] INFO  base.BaseClass - Found Element By {by.toString()}
2024-01-25 23:20:10,546 [main] INFO  base.BaseClass - Trying to find Element By {by.toString()})
2024-01-25 23:20:10,566 [main] INFO  base.BaseClass - Found Element By {by.toString()}
2024-01-25 23:20:11,099 [main] INFO  base.BaseClass - Trying to find Element By {by.toString()})
2024-01-25 23:20:11,121 [main] INFO  base.BaseClass - Found Element By {by.toString()}
2024-01-25 23:20:11,653 [main] INFO  base.BaseClass - Trying to find Element By {by.toString()})
2024-01-25 23:20:11,674 [main] INFO  base.BaseClass - Found Element By {by.toString()}
2024-01-25 23:20:12,214 [main] INFO  base.BaseClass - Trying to find Element By {by.toString()})
2024-01-25 23:20:12,229 [main] INFO  base.BaseClass - Found Element By {by.toString()}
2024-01-25 23:20:12,766 [main] INFO  base.BaseClass - Trying to find Element By {by.toString()})
2024-01-25 23:20:12,788 [main] INFO  base.BaseClass - Found Element By {by.toString()}
2024-01-25 23:20:13,321 [main] INFO  base.BaseClass - Trying to find Element By {by.toString()})
2024-01-25 23:20:13,342 [main] INFO  base.BaseClass - Found Element By {by.toString()}
2024-01-25 23:20:13,873 [main] INFO  base.BaseClass - Trying to find Element By {by.toString()})
2024-01-25 23:20:13,894 [main] INFO  base.BaseClass - Found Element By {by.toString()}
2024-01-25 23:20:14,425 [main] INFO  base.BaseClass - Trying to find Element By {by.toString()})
2024-01-25 23:20:14,446 [main] INFO  base.BaseClass - Found Element By {by.toString()}
2024-01-25 23:20:14,979 [main] INFO  base.BaseClass - Trying to find Element By {by.toString()})
2024-01-25 23:20:15,002 [main] INFO  base.BaseClass - Found Element By {by.toString()}
2024-01-25 23:20:15,535 [main] INFO  base.BaseClass - Trying to find Element By {by.toString()})
2024-01-25 23:20:15,557 [main] INFO  base.BaseClass - Found Element By {by.toString()}
2024-01-25 23:20:16,091 [main] INFO  base.BaseClass - Trying to find Element By {by.toString()})
2024-01-25 23:20:16,100 [main] INFO  base.BaseClass - Found Element By {by.toString()}
2024-01-25 23:20:16,613 [main] INFO  base.BaseClass - Trying to find Element By {by.toString()})
2024-01-25 23:20:16,636 [main] INFO  base.BaseClass - Found Element By {by.toString()}
2024-01-25 23:20:17,179 [main] INFO  base.BaseClass - Trying to find Element By {by.toString()})
2024-01-25 23:20:17,187 [main] INFO  base.BaseClass - Found Element By {by.toString()}
2024-01-25 23:20:17,712 [main] INFO  base.BaseClass - Trying to find Element By {by.toString()})
2024-01-25 23:20:17,736 [main] INFO  base.BaseClass - Found Element By {by.toString()}
2024-01-25 23:20:18,271 [main] INFO  base.BaseClass - Trying to find Element By {by.toString()})
2024-01-25 23:20:18,294 [main] INFO  base.BaseClass - Found Element By {by.toString()}
2024-01-25 23:20:18,827 [main] INFO  base.BaseClass - Trying to find Element By {by.toString()})
2024-01-25 23:20:18,851 [main] INFO  base.BaseClass - Found Element By {by.toString()}
2024-01-25 23:20:19,388 [main] INFO  base.BaseClass - Trying to find Element By {by.toString()})
2024-01-25 23:20:19,402 [main] INFO  base.BaseClass - Found Element By {by.toString()}
2024-01-25 23:20:19,919 [main] INFO  base.BaseClass - Trying to find Element By {by.toString()})
2024-01-25 23:20:19,929 [main] INFO  base.BaseClass - Found Element By {by.toString()}
2024-01-25 23:20:20,444 [main] INFO  base.BaseClass - Trying to find Element By {by.toString()})
2024-01-25 23:20:20,453 [main] INFO  base.BaseClass - Found Element By {by.toString()}
2024-01-25 23:20:20,968 [main] INFO  base.BaseClass - Trying to find Element By {by.toString()})
2024-01-25 23:20:20,975 [main] INFO  base.BaseClass - Found Element By {by.toString()}
2024-01-25 23:20:21,487 [main] INFO  base.BaseClass - Trying to find Element By {by.toString()})
2024-01-25 23:20:21,507 [main] INFO  base.BaseClass - Found Element By {by.toString()}
TimeoutException occurred: Expected condition failed: waiting for helper.WaitUtility$5@507a3eb1 (tried for 30 second(s) with 500 milliseconds interval)
Build info: version: '3.141.59', revision: 'e82be7d358', time: '2018-11-14T08:17:03'
System info: host: 'DPLAP166', ip: '137.237.3.67', os.name: 'Windows 10', os.arch: 'amd64', os.version: '10.0', java.version: '19.0.1'
Driver info: org.openqa.selenium.support.events.EventFiringWebDriver
Capabilities {acceptInsecureCerts: true, browserName: chrome, browserVersion: 121.0.6167.86, chrome: {chromedriverVersion: 121.0.6167.85 (3f98d690ad7e..., userDataDir: C:\Users\dP-PL\AppData\Loca...}, fedcm:accounts: true, goog:chromeOptions: {debuggerAddress: localhost:56135}, javascriptEnabled: true, networkConnectionEnabled: false, pageLoadStrategy: normal, platform: WINDOWS, platformName: WINDOWS, proxy: Proxy(), setWindowRect: true, strictFileInteractability: false, timeouts: {implicit: 0, pageLoad: 300000, script: 30000}, unhandledPromptBehavior: dismiss and notify, webauthn:extension:credBlob: true, webauthn:extension:largeBlob: true, webauthn:extension:minPinLength: true, webauthn:extension:prf: true, webauthn:virtualAuthenticators: true}
Session ID: b9db2a6bf1ca982b3531e95facad15da
2024-01-25 23:20:21,533 [main] ERROR XGLT_15177_Test - Element did not become visible within the specified time: Expected condition failed: waiting for helper.WaitUtility$5@507a3eb1 (tried for 30 second(s) with 500 milliseconds interval)
Build info: version: '3.141.59', revision: 'e82be7d358', time: '2018-11-14T08:17:03'
System info: host: 'DPLAP166', ip: '137.237.3.67', os.name: 'Windows 10', os.arch: 'amd64', os.version: '10.0', java.version: '19.0.1'
Driver info: org.openqa.selenium.support.events.EventFiringWebDriver
Capabilities {acceptInsecureCerts: true, browserName: chrome, browserVersion: 121.0.6167.86, chrome: {chromedriverVersion: 121.0.6167.85 (3f98d690ad7e..., userDataDir: C:\Users\dP-PL\AppData\Loca...}, fedcm:accounts: true, goog:chromeOptions: {debuggerAddress: localhost:56135}, javascriptEnabled: true, networkConnectionEnabled: false, pageLoadStrategy: normal, platform: WINDOWS, platformName: WINDOWS, proxy: Proxy(), setWindowRect: true, strictFileInteractability: false, timeouts: {implicit: 0, pageLoad: 300000, script: 30000}, unhandledPromptBehavior: dismiss and notify, webauthn:extension:credBlob: true, webauthn:extension:largeBlob: true, webauthn:extension:minPinLength: true, webauthn:extension:prf: true, webauthn:virtualAuthenticators: true}
Session ID: b9db2a6bf1ca982b3531e95facad15da
2024-01-25 23:20:21,533 [main] INFO  base.BaseClass - Trying to find Element By {by.toString()})
2024-01-25 23:20:21,551 [main] INFO  base.BaseClass - Found Element By {by.toString()}
2024-01-25 23:20:21,551 [main] INFO  base.BaseClass - Trying to click on: {element.toString()}
2024-01-25 23:20:21,795 [main] INFO  base.BaseClass - Clicked on: {element.toString()}
2024-01-25 23:20:21,795 [main] INFO  base.BaseClass - Trying to find Element By {by.toString()})
2024-01-25 23:20:21,813 [main] INFO  base.BaseClass - Found Element By {by.toString()}
2024-01-25 23:20:21,828 [main] INFO  base.BaseClass - Trying to find Element By {by.toString()})
2024-01-25 23:20:21,840 [main] INFO  base.BaseClass - Found Element By {by.toString()}
2024-01-25 23:20:22,356 [main] INFO  base.BaseClass - Trying to find Element By {by.toString()})
2024-01-25 23:20:22,408 [main] INFO  base.BaseClass - Found Element By {by.toString()}
2024-01-25 23:20:22,926 [main] INFO  base.BaseClass - Trying to find Element By {by.toString()})
2024-01-25 23:20:22,953 [main] INFO  base.BaseClass - Found Element By {by.toString()}
2024-01-25 23:20:23,490 [main] INFO  base.BaseClass - Trying to find Element By {by.toString()})
2024-01-25 23:20:23,517 [main] INFO  base.BaseClass - Found Element By {by.toString()}
2024-01-25 23:20:24,046 [main] INFO  base.BaseClass - Trying to find Element By {by.toString()})
2024-01-25 23:20:24,072 [main] INFO  base.BaseClass - Found Element By {by.toString()}
2024-01-25 23:20:24,600 [main] INFO  base.BaseClass - Trying to find Element By {by.toString()})
2024-01-25 23:20:24,623 [main] INFO  base.BaseClass - Found Element By {by.toString()}
2024-01-25 23:20:25,170 [main] INFO  base.BaseClass - Trying to find Element By {by.toString()})
2024-01-25 23:20:25,189 [main] INFO  base.BaseClass - Found Element By {by.toString()}
2024-01-25 23:20:25,713 [main] INFO  base.BaseClass - Trying to find Element By {by.toString()})
2024-01-25 23:20:25,735 [main] INFO  base.BaseClass - Found Element By {by.toString()}
2024-01-25 23:20:26,268 [main] INFO  base.BaseClass - Trying to find Element By {by.toString()})
2024-01-25 23:20:26,291 [main] INFO  base.BaseClass - Found Element By {by.toString()}
2024-01-25 23:20:26,827 [main] INFO  base.BaseClass - Trying to find Element By {by.toString()})
2024-01-25 23:20:26,850 [main] INFO  base.BaseClass - Found Element By {by.toString()}
2024-01-25 23:20:27,384 [main] INFO  base.BaseClass - Trying to find Element By {by.toString()})
2024-01-25 23:20:27,407 [main] INFO  base.BaseClass - Found Element By {by.toString()}
2024-01-25 23:20:27,950 [main] INFO  base.BaseClass - Trying to find Element By {by.toString()})
2024-01-25 23:20:27,976 [main] INFO  base.BaseClass - Found Element By {by.toString()}
2024-01-25 23:20:28,510 [main] INFO  base.BaseClass - Trying to find Element By {by.toString()})
2024-01-25 23:20:28,534 [main] INFO  base.BaseClass - Found Element By {by.toString()}
2024-01-25 23:20:29,067 [main] INFO  base.BaseClass - Trying to find Element By {by.toString()})
2024-01-25 23:20:29,089 [main] INFO  base.BaseClass - Found Element By {by.toString()}
2024-01-25 23:20:29,617 [main] INFO  base.BaseClass - Trying to find Element By {by.toString()})
2024-01-25 23:20:29,639 [main] INFO  base.BaseClass - Found Element By {by.toString()}
2024-01-25 23:20:30,171 [main] INFO  base.BaseClass - Trying to find Element By {by.toString()})
2024-01-25 23:20:30,196 [main] INFO  base.BaseClass - Found Element By {by.toString()}
2024-01-25 23:20:30,730 [main] INFO  base.BaseClass - Trying to find Element By {by.toString()})
2024-01-25 23:20:30,753 [main] INFO  base.BaseClass - Found Element By {by.toString()}
2024-01-25 23:20:31,284 [main] INFO  base.BaseClass - Trying to find Element By {by.toString()})
2024-01-25 23:20:31,306 [main] INFO  base.BaseClass - Found Element By {by.toString()}
2024-01-25 23:20:31,836 [main] INFO  base.BaseClass - Trying to find Element By {by.toString()})
2024-01-25 23:20:31,860 [main] INFO  base.BaseClass - Found Element By {by.toString()}
2024-01-25 23:20:32,391 [main] INFO  base.BaseClass - Trying to find Element By {by.toString()})
2024-01-25 23:20:32,410 [main] INFO  base.BaseClass - Found Element By {by.toString()}
2024-01-25 23:20:32,940 [main] INFO  base.BaseClass - Trying to find Element By {by.toString()})
2024-01-25 23:20:32,963 [main] INFO  base.BaseClass - Found Element By {by.toString()}
2024-01-25 23:20:33,496 [main] INFO  base.BaseClass - Trying to find Element By {by.toString()})
2024-01-25 23:20:33,519 [main] INFO  base.BaseClass - Found Element By {by.toString()}
2024-01-25 23:20:34,048 [main] INFO  base.BaseClass - Trying to find Element By {by.toString()})
2024-01-25 23:20:34,071 [main] INFO  base.BaseClass - Found Element By {by.toString()}
2024-01-25 23:20:34,605 [main] INFO  base.BaseClass - Trying to find Element By {by.toString()})
2024-01-25 23:20:34,620 [main] INFO  base.BaseClass - Found Element By {by.toString()}
2024-01-25 23:20:35,152 [main] INFO  base.BaseClass - Trying to find Element By {by.toString()})
2024-01-25 23:20:35,174 [main] INFO  base.BaseClass - Found Element By {by.toString()}
2024-01-25 23:20:35,706 [main] INFO  base.BaseClass - Trying to find Element By {by.toString()})
2024-01-25 23:20:35,728 [main] INFO  base.BaseClass - Found Element By {by.toString()}
2024-01-25 23:20:36,260 [main] INFO  base.BaseClass - Trying to find Element By {by.toString()})
2024-01-25 23:20:36,282 [main] INFO  base.BaseClass - Found Element By {by.toString()}
2024-01-25 23:20:36,815 [main] INFO  base.BaseClass - Trying to find Element By {by.toString()})
2024-01-25 23:20:36,838 [main] INFO  base.BaseClass - Found Element By {by.toString()}
2024-01-25 23:20:37,383 [main] INFO  base.BaseClass - Trying to find Element By {by.toString()})
2024-01-25 23:20:37,406 [main] INFO  base.BaseClass - Found Element By {by.toString()}
2024-01-25 23:20:37,947 [main] INFO  base.BaseClass - Trying to find Element By {by.toString()})
2024-01-25 23:20:37,969 [main] INFO  base.BaseClass - Found Element By {by.toString()}
2024-01-25 23:20:38,512 [main] INFO  base.BaseClass - Trying to find Element By {by.toString()})
2024-01-25 23:20:38,534 [main] INFO  base.BaseClass - Found Element By {by.toString()}
2024-01-25 23:20:39,064 [main] INFO  base.BaseClass - Trying to find Element By {by.toString()})
2024-01-25 23:20:39,086 [main] INFO  base.BaseClass - Found Element By {by.toString()}
2024-01-25 23:20:39,621 [main] INFO  base.BaseClass - Trying to find Element By {by.toString()})
2024-01-25 23:20:39,638 [main] INFO  base.BaseClass - Found Element By {by.toString()}
2024-01-25 23:20:40,173 [main] INFO  base.BaseClass - Trying to find Element By {by.toString()})
2024-01-25 23:20:40,196 [main] INFO  base.BaseClass - Found Element By {by.toString()}
2024-01-25 23:20:40,726 [main] INFO  base.BaseClass - Trying to find Element By {by.toString()})
2024-01-25 23:20:40,748 [main] INFO  base.BaseClass - Found Element By {by.toString()}
2024-01-25 23:20:41,275 [main] INFO  base.BaseClass - Trying to find Element By {by.toString()})
2024-01-25 23:20:41,296 [main] INFO  base.BaseClass - Found Element By {by.toString()}
2024-01-25 23:20:41,826 [main] INFO  base.BaseClass - Trying to find Element By {by.toString()})
2024-01-25 23:20:41,850 [main] INFO  base.BaseClass - Found Element By {by.toString()}
2024-01-25 23:20:42,386 [main] INFO  base.BaseClass - Trying to find Element By {by.toString()})
2024-01-25 23:20:42,409 [main] INFO  base.BaseClass - Found Element By {by.toString()}
2024-01-25 23:20:42,934 [main] INFO  base.BaseClass - Trying to find Element By {by.toString()})
2024-01-25 23:20:42,958 [main] INFO  base.BaseClass - Found Element By {by.toString()}
2024-01-25 23:20:43,490 [main] INFO  base.BaseClass - Trying to find Element By {by.toString()})
2024-01-25 23:20:43,512 [main] INFO  base.BaseClass - Found Element By {by.toString()}
2024-01-25 23:20:44,041 [main] INFO  base.BaseClass - Trying to find Element By {by.toString()})
2024-01-25 23:20:44,065 [main] INFO  base.BaseClass - Found Element By {by.toString()}
2024-01-25 23:20:44,596 [main] INFO  base.BaseClass - Trying to find Element By {by.toString()})
2024-01-25 23:20:44,617 [main] INFO  base.BaseClass - Found Element By {by.toString()}
2024-01-25 23:20:45,179 [main] INFO  base.BaseClass - Trying to find Element By {by.toString()})
2024-01-25 23:20:45,203 [main] INFO  base.BaseClass - Found Element By {by.toString()}
2024-01-25 23:20:45,739 [main] INFO  base.BaseClass - Trying to find Element By {by.toString()})
2024-01-25 23:20:45,763 [main] INFO  base.BaseClass - Found Element By {by.toString()}
2024-01-25 23:20:46,295 [main] INFO  base.BaseClass - Trying to find Element By {by.toString()})
2024-01-25 23:20:46,317 [main] INFO  base.BaseClass - Found Element By {by.toString()}
2024-01-25 23:20:46,833 [main] INFO  base.BaseClass - Trying to find Element By {by.toString()})
2024-01-25 23:20:46,856 [main] INFO  base.BaseClass - Found Element By {by.toString()}
2024-01-25 23:20:47,389 [main] INFO  base.BaseClass - Trying to find Element By {by.toString()})
2024-01-25 23:20:47,412 [main] INFO  base.BaseClass - Found Element By {by.toString()}
2024-01-25 23:20:47,942 [main] INFO  base.BaseClass - Trying to find Element By {by.toString()})
2024-01-25 23:20:47,963 [main] INFO  base.BaseClass - Found Element By {by.toString()}
2024-01-25 23:20:48,492 [main] INFO  base.BaseClass - Trying to find Element By {by.toString()})
2024-01-25 23:20:48,515 [main] INFO  base.BaseClass - Found Element By {by.toString()}
2024-01-25 23:20:49,054 [main] INFO  base.BaseClass - Trying to find Element By {by.toString()})
2024-01-25 23:20:49,077 [main] INFO  base.BaseClass - Found Element By {by.toString()}
2024-01-25 23:20:49,603 [main] INFO  base.BaseClass - Trying to find Element By {by.toString()})
2024-01-25 23:20:49,619 [main] INFO  base.BaseClass - Found Element By {by.toString()}
2024-01-25 23:20:50,145 [main] INFO  base.BaseClass - Trying to find Element By {by.toString()})
2024-01-25 23:20:50,170 [main] INFO  base.BaseClass - Found Element By {by.toString()}
2024-01-25 23:20:50,696 [main] INFO  base.BaseClass - Trying to find Element By {by.toString()})
2024-01-25 23:20:50,718 [main] INFO  base.BaseClass - Found Element By {by.toString()}
2024-01-25 23:20:51,251 [main] INFO  base.BaseClass - Trying to find Element By {by.toString()})
2024-01-25 23:20:51,274 [main] INFO  base.BaseClass - Found Element By {by.toString()}
2024-01-25 23:20:51,806 [main] INFO  base.BaseClass - Trying to find Element By {by.toString()})
2024-01-25 23:20:51,829 [main] INFO  base.BaseClass - Found Element By {by.toString()}
TimeoutException occurred: Expected condition failed: waiting for helper.WaitUtility$5@6301a78e (tried for 30 second(s) with 500 milliseconds interval)
Build info: version: '3.141.59', revision: 'e82be7d358', time: '2018-11-14T08:17:03'
System info: host: 'DPLAP166', ip: '137.237.3.67', os.name: 'Windows 10', os.arch: 'amd64', os.version: '10.0', java.version: '19.0.1'
Driver info: org.openqa.selenium.support.events.EventFiringWebDriver
Capabilities {acceptInsecureCerts: true, browserName: chrome, browserVersion: 121.0.6167.86, chrome: {chromedriverVersion: 121.0.6167.85 (3f98d690ad7e..., userDataDir: C:\Users\dP-PL\AppData\Loca...}, fedcm:accounts: true, goog:chromeOptions: {debuggerAddress: localhost:56135}, javascriptEnabled: true, networkConnectionEnabled: false, pageLoadStrategy: normal, platform: WINDOWS, platformName: WINDOWS, proxy: Proxy(), setWindowRect: true, strictFileInteractability: false, timeouts: {implicit: 0, pageLoad: 300000, script: 30000}, unhandledPromptBehavior: dismiss and notify, webauthn:extension:credBlob: true, webauthn:extension:largeBlob: true, webauthn:extension:minPinLength: true, webauthn:extension:prf: true, webauthn:virtualAuthenticators: true}
Session ID: b9db2a6bf1ca982b3531e95facad15da
2024-01-25 23:20:51,859 [main] ERROR XGLT_15177_Test - Element did not become visible within the specified time: Expected condition failed: waiting for helper.WaitUtility$5@6301a78e (tried for 30 second(s) with 500 milliseconds interval)
Build info: version: '3.141.59', revision: 'e82be7d358', time: '2018-11-14T08:17:03'
System info: host: 'DPLAP166', ip: '137.237.3.67', os.name: 'Windows 10', os.arch: 'amd64', os.version: '10.0', java.version: '19.0.1'
Driver info: org.openqa.selenium.support.events.EventFiringWebDriver
Capabilities {acceptInsecureCerts: true, browserName: chrome, browserVersion: 121.0.6167.86, chrome: {chromedriverVersion: 121.0.6167.85 (3f98d690ad7e..., userDataDir: C:\Users\dP-PL\AppData\Loca...}, fedcm:accounts: true, goog:chromeOptions: {debuggerAddress: localhost:56135}, javascriptEnabled: true, networkConnectionEnabled: false, pageLoadStrategy: normal, platform: WINDOWS, platformName: WINDOWS, proxy: Proxy(), setWindowRect: true, strictFileInteractability: false, timeouts: {implicit: 0, pageLoad: 300000, script: 30000}, unhandledPromptBehavior: dismiss and notify, webauthn:extension:credBlob: true, webauthn:extension:largeBlob: true, webauthn:extension:minPinLength: true, webauthn:extension:prf: true, webauthn:virtualAuthenticators: true}
Session ID: b9db2a6bf1ca982b3531e95facad15da
2024-01-25 23:20:51,860 [main] INFO  base.BaseClass - Trying to find Element By {by.toString()})
2024-01-25 23:20:51,880 [main] INFO  base.BaseClass - Found Element By {by.toString()}
2024-01-25 23:20:51,880 [main] INFO  base.BaseClass - Trying to click on: {element.toString()}
2024-01-25 23:20:52,110 [main] INFO  base.BaseClass - Clicked on: {element.toString()}
2024-01-25 23:20:52,110 [main] INFO  base.BaseClass - Trying to find Element By {by.toString()})
2024-01-25 23:20:52,128 [main] INFO  base.BaseClass - Found Element By {by.toString()}
2024-01-25 23:20:52,646 [main] INFO  base.BaseClass - Trying to find Element By {by.toString()})
2024-01-25 23:20:52,671 [main] INFO  base.BaseClass - Found Element By {by.toString()}
2024-01-25 23:20:53,210 [main] INFO  base.BaseClass - Trying to find Element By {by.toString()})
2024-01-25 23:20:53,235 [main] INFO  base.BaseClass - Found Element By {by.toString()}
2024-01-25 23:20:53,768 [main] INFO  base.BaseClass - Trying to find Element By {by.toString()})
2024-01-25 23:20:53,792 [main] INFO  base.BaseClass - Found Element By {by.toString()}
2024-01-25 23:20:54,326 [main] INFO  base.BaseClass - Trying to find Element By {by.toString()})
2024-01-25 23:20:54,349 [main] INFO  base.BaseClass - Found Element By {by.toString()}
2024-01-25 23:20:54,879 [main] INFO  base.BaseClass - Trying to find Element By {by.toString()})
2024-01-25 23:20:54,902 [main] INFO  base.BaseClass - Found Element By {by.toString()}
2024-01-25 23:20:55,434 [main] INFO  base.BaseClass - Trying to find Element By {by.toString()})
2024-01-25 23:20:55,455 [main] INFO  base.BaseClass - Found Element By {by.toString()}
2024-01-25 23:20:55,980 [main] INFO  base.BaseClass - Trying to find Element By {by.toString()})
2024-01-25 23:20:56,005 [main] INFO  base.BaseClass - Found Element By {by.toString()}
2024-01-25 23:20:56,532 [main] INFO  base.BaseClass - Trying to find Element By {by.toString()})
2024-01-25 23:20:56,553 [main] INFO  base.BaseClass - Found Element By {by.toString()}
2024-01-25 23:20:57,085 [main] INFO  base.BaseClass - Trying to find Element By {by.toString()})
2024-01-25 23:20:57,109 [main] INFO  base.BaseClass - Found Element By {by.toString()}
2024-01-25 23:20:57,643 [main] INFO  base.BaseClass - Trying to find Element By {by.toString()})
2024-01-25 23:20:57,666 [main] INFO  base.BaseClass - Found Element By {by.toString()}
2024-01-25 23:20:58,200 [main] INFO  base.BaseClass - Trying to find Element By {by.toString()})
2024-01-25 23:20:58,222 [main] INFO  base.BaseClass - Found Element By {by.toString()}
2024-01-25 23:20:58,755 [main] INFO  base.BaseClass - Trying to find Element By {by.toString()})
2024-01-25 23:20:58,781 [main] INFO  base.BaseClass - Found Element By {by.toString()}
2024-01-25 23:20:59,313 [main] INFO  base.BaseClass - Trying to find Element By {by.toString()})
2024-01-25 23:20:59,336 [main] INFO  base.BaseClass - Found Element By {by.toString()}
2024-01-25 23:20:59,868 [main] INFO  base.BaseClass - Trying to find Element By {by.toString()})
2024-01-25 23:20:59,891 [main] INFO  base.BaseClass - Found Element By {by.toString()}
2024-01-25 23:21:00,418 [main] INFO  base.BaseClass - Trying to find Element By {by.toString()})
2024-01-25 23:21:00,441 [main] INFO  base.BaseClass - Found Element By {by.toString()}
2024-01-25 23:21:00,972 [main] INFO  base.BaseClass - Trying to find Element By {by.toString()})
2024-01-25 23:21:00,994 [main] INFO  base.BaseClass - Found Element By {by.toString()}
2024-01-25 23:21:01,534 [main] INFO  base.BaseClass - Trying to find Element By {by.toString()})
2024-01-25 23:21:01,557 [main] INFO  base.BaseClass - Found Element By {by.toString()}
2024-01-25 23:21:02,090 [main] INFO  base.BaseClass - Trying to find Element By {by.toString()})
2024-01-25 23:21:02,113 [main] INFO  base.BaseClass - Found Element By {by.toString()}
2024-01-25 23:21:02,646 [main] INFO  base.BaseClass - Trying to find Element By {by.toString()})
2024-01-25 23:21:02,670 [main] INFO  base.BaseClass - Found Element By {by.toString()}
2024-01-25 23:21:03,209 [main] INFO  base.BaseClass - Trying to find Element By {by.toString()})
2024-01-25 23:21:03,233 [main] INFO  base.BaseClass - Found Element By {by.toString()}
2024-01-25 23:21:03,776 [main] INFO  base.BaseClass - Trying to find Element By {by.toString()})
2024-01-25 23:21:03,798 [main] INFO  base.BaseClass - Found Element By {by.toString()}
2024-01-25 23:21:04,336 [main] INFO  base.BaseClass - Trying to find Element By {by.toString()})
2024-01-25 23:21:04,368 [main] INFO  base.BaseClass - Found Element By {by.toString()}
2024-01-25 23:21:04,884 [main] INFO  base.BaseClass - Trying to find Element By {by.toString()})
2024-01-25 23:21:04,906 [main] INFO  base.BaseClass - Found Element By {by.toString()}
2024-01-25 23:21:05,438 [main] INFO  base.BaseClass - Trying to find Element By {by.toString()})
2024-01-25 23:21:05,461 [main] INFO  base.BaseClass - Found Element By {by.toString()}
2024-01-25 23:21:05,992 [main] INFO  base.BaseClass - Trying to find Element By {by.toString()})
2024-01-25 23:21:06,015 [main] INFO  base.BaseClass - Found Element By {by.toString()}
2024-01-25 23:21:06,542 [main] INFO  base.BaseClass - Trying to find Element By {by.toString()})
2024-01-25 23:21:06,564 [main] INFO  base.BaseClass - Found Element By {by.toString()}
2024-01-25 23:21:07,095 [main] INFO  base.BaseClass - Trying to find Element By {by.toString()})
2024-01-25 23:21:07,407 [main] INFO  base.BaseClass - Found Element By {by.toString()}
2024-01-25 23:21:07,941 [main] INFO  base.BaseClass - Trying to find Element By {by.toString()})
2024-01-25 23:21:07,965 [main] INFO  base.BaseClass - Found Element By {by.toString()}
2024-01-25 23:21:08,497 [main] INFO  base.BaseClass - Trying to find Element By {by.toString()})
2024-01-25 23:21:08,519 [main] INFO  base.BaseClass - Found Element By {by.toString()}
2024-01-25 23:21:09,064 [main] INFO  base.BaseClass - Trying to find Element By {by.toString()})
2024-01-25 23:21:09,087 [main] INFO  base.BaseClass - Found Element By {by.toString()}
2024-01-25 23:21:09,618 [main] INFO  base.BaseClass - Trying to find Element By {by.toString()})
2024-01-25 23:21:09,639 [main] INFO  base.BaseClass - Found Element By {by.toString()}
2024-01-25 23:21:10,165 [main] INFO  base.BaseClass - Trying to find Element By {by.toString()})
2024-01-25 23:21:10,188 [main] INFO  base.BaseClass - Found Element By {by.toString()}
2024-01-25 23:21:10,719 [main] INFO  base.BaseClass - Trying to find Element By {by.toString()})
2024-01-25 23:21:10,740 [main] INFO  base.BaseClass - Found Element By {by.toString()}
2024-01-25 23:21:11,270 [main] INFO  base.BaseClass - Trying to find Element By {by.toString()})
2024-01-25 23:21:11,292 [main] INFO  base.BaseClass - Found Element By {by.toString()}
2024-01-25 23:21:11,822 [main] INFO  base.BaseClass - Trying to find Element By {by.toString()})
2024-01-25 23:21:11,842 [main] INFO  base.BaseClass - Found Element By {by.toString()}
2024-01-25 23:21:12,372 [main] INFO  base.BaseClass - Trying to find Element By {by.toString()})
2024-01-25 23:21:12,393 [main] INFO  base.BaseClass - Found Element By {by.toString()}
2024-01-25 23:21:12,925 [main] INFO  base.BaseClass - Trying to find Element By {by.toString()})
2024-01-25 23:21:12,945 [main] INFO  base.BaseClass - Found Element By {by.toString()}
2024-01-25 23:21:13,485 [main] INFO  base.BaseClass - Trying to find Element By {by.toString()})
2024-01-25 23:21:13,507 [main] INFO  base.BaseClass - Found Element By {by.toString()}
2024-01-25 23:21:14,050 [main] INFO  base.BaseClass - Trying to find Element By {by.toString()})
2024-01-25 23:21:14,073 [main] INFO  base.BaseClass - Found Element By {by.toString()}
2024-01-25 23:21:14,604 [main] INFO  base.BaseClass - Trying to find Element By {by.toString()})
2024-01-25 23:21:14,626 [main] INFO  base.BaseClass - Found Element By {by.toString()}
2024-01-25 23:21:15,158 [main] INFO  base.BaseClass - Trying to find Element By {by.toString()})
2024-01-25 23:21:15,179 [main] INFO  base.BaseClass - Found Element By {by.toString()}
2024-01-25 23:21:15,715 [main] INFO  base.BaseClass - Trying to find Element By {by.toString()})
2024-01-25 23:21:15,732 [main] INFO  base.BaseClass - Found Element By {by.toString()}
2024-01-25 23:21:16,253 [main] INFO  base.BaseClass - Trying to find Element By {by.toString()})
2024-01-25 23:21:16,276 [main] INFO  base.BaseClass - Found Element By {by.toString()}
2024-01-25 23:21:16,807 [main] INFO  base.BaseClass - Trying to find Element By {by.toString()})
2024-01-25 23:21:16,828 [main] INFO  base.BaseClass - Found Element By {by.toString()}
2024-01-25 23:21:17,359 [main] INFO  base.BaseClass - Trying to find Element By {by.toString()})
2024-01-25 23:21:17,382 [main] INFO  base.BaseClass - Found Element By {by.toString()}
2024-01-25 23:21:17,914 [main] INFO  base.BaseClass - Trying to find Element By {by.toString()})
2024-01-25 23:21:17,936 [main] INFO  base.BaseClass - Found Element By {by.toString()}
2024-01-25 23:21:18,454 [main] INFO  base.BaseClass - Trying to find Element By {by.toString()})
2024-01-25 23:21:18,476 [main] INFO  base.BaseClass - Found Element By {by.toString()}
2024-01-25 23:21:19,019 [main] INFO  base.BaseClass - Trying to find Element By {by.toString()})
2024-01-25 23:21:19,042 [main] INFO  base.BaseClass - Found Element By {by.toString()}
2024-01-25 23:21:19,574 [main] INFO  base.BaseClass - Trying to find Element By {by.toString()})
2024-01-25 23:21:19,597 [main] INFO  base.BaseClass - Found Element By {by.toString()}
2024-01-25 23:21:20,129 [main] INFO  base.BaseClass - Trying to find Element By {by.toString()})
2024-01-25 23:21:20,151 [main] INFO  base.BaseClass - Found Element By {by.toString()}
2024-01-25 23:21:20,683 [main] INFO  base.BaseClass - Trying to find Element By {by.toString()})
2024-01-25 23:21:20,705 [main] INFO  base.BaseClass - Found Element By {by.toString()}
2024-01-25 23:21:21,237 [main] INFO  base.BaseClass - Trying to find Element By {by.toString()})
2024-01-25 23:21:21,259 [main] INFO  base.BaseClass - Found Element By {by.toString()}
2024-01-25 23:21:21,788 [main] INFO  base.BaseClass - Trying to find Element By {by.toString()})
2024-01-25 23:21:21,810 [main] INFO  base.BaseClass - Found Element By {by.toString()}
2024-01-25 23:21:22,351 [main] INFO  base.BaseClass - Trying to find Element By {by.toString()})
2024-01-25 23:21:22,373 [main] INFO  base.BaseClass - Found Element By {by.toString()}
TimeoutException occurred: Expected condition failed: waiting for helper.WaitUtility$5@3c0803f0 (tried for 30 second(s) with 500 milliseconds interval)
Build info: version: '3.141.59', revision: 'e82be7d358', time: '2018-11-14T08:17:03'
System info: host: 'DPLAP166', ip: '137.237.3.67', os.name: 'Windows 10', os.arch: 'amd64', os.version: '10.0', java.version: '19.0.1'
Driver info: org.openqa.selenium.support.events.EventFiringWebDriver
Capabilities {acceptInsecureCerts: true, browserName: chrome, browserVersion: 121.0.6167.86, chrome: {chromedriverVersion: 121.0.6167.85 (3f98d690ad7e..., userDataDir: C:\Users\dP-PL\AppData\Loca...}, fedcm:accounts: true, goog:chromeOptions: {debuggerAddress: localhost:56135}, javascriptEnabled: true, networkConnectionEnabled: false, pageLoadStrategy: normal, platform: WINDOWS, platformName: WINDOWS, proxy: Proxy(), setWindowRect: true, strictFileInteractability: false, timeouts: {implicit: 0, pageLoad: 300000, script: 30000}, unhandledPromptBehavior: dismiss and notify, webauthn:extension:credBlob: true, webauthn:extension:largeBlob: true, webauthn:extension:minPinLength: true, webauthn:extension:prf: true, webauthn:virtualAuthenticators: true}
Session ID: b9db2a6bf1ca982b3531e95facad15da
2024-01-25 23:21:22,404 [main] ERROR XGLT_15177_Test - Element did not become visible within the specified time: Expected condition failed: waiting for helper.WaitUtility$5@3c0803f0 (tried for 30 second(s) with 500 milliseconds interval)
Build info: version: '3.141.59', revision: 'e82be7d358', time: '2018-11-14T08:17:03'
System info: host: 'DPLAP166', ip: '137.237.3.67', os.name: 'Windows 10', os.arch: 'amd64', os.version: '10.0', java.version: '19.0.1'
Driver info: org.openqa.selenium.support.events.EventFiringWebDriver
Capabilities {acceptInsecureCerts: true, browserName: chrome, browserVersion: 121.0.6167.86, chrome: {chromedriverVersion: 121.0.6167.85 (3f98d690ad7e..., userDataDir: C:\Users\dP-PL\AppData\Loca...}, fedcm:accounts: true, goog:chromeOptions: {debuggerAddress: localhost:56135}, javascriptEnabled: true, networkConnectionEnabled: false, pageLoadStrategy: normal, platform: WINDOWS, platformName: WINDOWS, proxy: Proxy(), setWindowRect: true, strictFileInteractability: false, timeouts: {implicit: 0, pageLoad: 300000, script: 30000}, unhandledPromptBehavior: dismiss and notify, webauthn:extension:credBlob: true, webauthn:extension:largeBlob: true, webauthn:extension:minPinLength: true, webauthn:extension:prf: true, webauthn:virtualAuthenticators: true}
Session ID: b9db2a6bf1ca982b3531e95facad15da
2024-01-25 23:21:22,405 [main] INFO  base.BaseClass - Trying to find Element By {by.toString()})
2024-01-25 23:21:22,423 [main] INFO  base.BaseClass - Found Element By {by.toString()}
2024-01-25 23:21:22,492 [main] INFO  base.BaseClass - Trying to find Element By {by.toString()})
2024-01-25 23:21:22,506 [main] INFO  base.BaseClass - Found Element By {by.toString()}
2024-01-25 23:21:22,519 [main] INFO  base.BaseClass - Trying to find Element By {by.toString()})
2024-01-25 23:21:22,535 [main] INFO  base.BaseClass - Found Element By {by.toString()}
2024-01-25 23:21:22,559 [main] INFO  base.BaseClass - Trying to find Element By {by.toString()})
2024-01-25 23:21:22,584 [main] INFO  base.BaseClass - Found Element By {by.toString()}
2024-01-25 23:21:22,584 [main] INFO  base.BaseClass - Trying to find Element By {by.toString()})
2024-01-25 23:21:22,608 [main] INFO  base.BaseClass - Found Element By {by.toString()}
TimeoutException occurred: Expected condition failed: waiting for helper.WaitUtility$5@52e1a67e (tried for 30 second(s) with 500 milliseconds interval)
Build info: version: '3.141.59', revision: 'e82be7d358', time: '2018-11-14T08:17:03'
System info: host: 'DPLAP166', ip: '137.237.3.67', os.name: 'Windows 10', os.arch: 'amd64', os.version: '10.0', java.version: '19.0.1'
Driver info: org.openqa.selenium.support.events.EventFiringWebDriver
Capabilities {acceptInsecureCerts: true, browserName: chrome, browserVersion: 121.0.6167.86, chrome: {chromedriverVersion: 121.0.6167.85 (3f98d690ad7e..., userDataDir: C:\Users\dP-PL\AppData\Loca...}, fedcm:accounts: true, goog:chromeOptions: {debuggerAddress: localhost:56135}, javascriptEnabled: true, networkConnectionEnabled: false, pageLoadStrategy: normal, platform: WINDOWS, platformName: WINDOWS, proxy: Proxy(), setWindowRect: true, strictFileInteractability: false, timeouts: {implicit: 0, pageLoad: 300000, script: 30000}, unhandledPromptBehavior: dismiss and notify, webauthn:extension:credBlob: true, webauthn:extension:largeBlob: true, webauthn:extension:minPinLength: true, webauthn:extension:prf: true, webauthn:virtualAuthenticators: true}
Session ID: b9db2a6bf1ca982b3531e95facad15da
2024-01-25 23:21:53,045 [main] ERROR XGLT_15177_Test - Element did not become visible within the specified time: Expected condition failed: waiting for helper.WaitUtility$5@52e1a67e (tried for 30 second(s) with 500 milliseconds interval)
Build info: version: '3.141.59', revision: 'e82be7d358', time: '2018-11-14T08:17:03'
System info: host: 'DPLAP166', ip: '137.237.3.67', os.name: 'Windows 10', os.arch: 'amd64', os.version: '10.0', java.version: '19.0.1'
Driver info: org.openqa.selenium.support.events.EventFiringWebDriver
Capabilities {acceptInsecureCerts: true, browserName: chrome, browserVersion: 121.0.6167.86, chrome: {chromedriverVersion: 121.0.6167.85 (3f98d690ad7e..., userDataDir: C:\Users\dP-PL\AppData\Loca...}, fedcm:accounts: true, goog:chromeOptions: {debuggerAddress: localhost:56135}, javascriptEnabled: true, networkConnectionEnabled: false, pageLoadStrategy: normal, platform: WINDOWS, platformName: WINDOWS, proxy: Proxy(), setWindowRect: true, strictFileInteractability: false, timeouts: {implicit: 0, pageLoad: 300000, script: 30000}, unhandledPromptBehavior: dismiss and notify, webauthn:extension:credBlob: true, webauthn:extension:largeBlob: true, webauthn:extension:minPinLength: true, webauthn:extension:prf: true, webauthn:virtualAuthenticators: true}
Session ID: b9db2a6bf1ca982b3531e95facad15da
2024-01-25 23:21:53,088 [main] INFO  base.BaseClass - Trying to find Element By {by.toString()})
2024-01-25 23:21:53,117 [main] INFO  base.BaseClass - Found Element By {by.toString()}
2024-01-25 23:21:53,640 [main] INFO  base.BaseClass - Trying to find Element By {by.toString()})
2024-01-25 23:21:53,665 [main] INFO  base.BaseClass - Found Element By {by.toString()}
2024-01-25 23:21:54,198 [main] INFO  base.BaseClass - Trying to find Element By {by.toString()})
2024-01-25 23:21:54,222 [main] INFO  base.BaseClass - Found Element By {by.toString()}
2024-01-25 23:21:54,758 [main] INFO  base.BaseClass - Trying to find Element By {by.toString()})
2024-01-25 23:21:54,782 [main] INFO  base.BaseClass - Found Element By {by.toString()}
2024-01-25 23:21:55,308 [main] INFO  base.BaseClass - Trying to find Element By {by.toString()})
2024-01-25 23:21:55,330 [main] INFO  base.BaseClass - Found Element By {by.toString()}
2024-01-25 23:21:55,867 [main] INFO  base.BaseClass - Trying to find Element By {by.toString()})
2024-01-25 23:21:55,893 [main] INFO  base.BaseClass - Found Element By {by.toString()}
2024-01-25 23:21:56,429 [main] INFO  base.BaseClass - Trying to find Element By {by.toString()})
2024-01-25 23:21:56,453 [main] INFO  base.BaseClass - Found Element By {by.toString()}
2024-01-25 23:21:56,986 [main] INFO  base.BaseClass - Trying to find Element By {by.toString()})
2024-01-25 23:21:57,009 [main] INFO  base.BaseClass - Found Element By {by.toString()}
2024-01-25 23:21:57,539 [main] INFO  base.BaseClass - Trying to find Element By {by.toString()})
2024-01-25 23:21:57,562 [main] INFO  base.BaseClass - Found Element By {by.toString()}
2024-01-25 23:21:58,096 [main] INFO  base.BaseClass - Trying to find Element By {by.toString()})
2024-01-25 23:21:58,118 [main] INFO  base.BaseClass - Found Element By {by.toString()}
2024-01-25 23:21:58,652 [main] INFO  base.BaseClass - Trying to find Element By {by.toString()})
2024-01-25 23:21:58,674 [main] INFO  base.BaseClass - Found Element By {by.toString()}
2024-01-25 23:21:59,215 [main] INFO  base.BaseClass - Trying to find Element By {by.toString()})
2024-01-25 23:21:59,237 [main] INFO  base.BaseClass - Found Element By {by.toString()}
2024-01-25 23:21:59,769 [main] INFO  base.BaseClass - Trying to find Element By {by.toString()})
2024-01-25 23:21:59,791 [main] INFO  base.BaseClass - Found Element By {by.toString()}
2024-01-25 23:22:00,324 [main] INFO  base.BaseClass - Trying to find Element By {by.toString()})
2024-01-25 23:22:00,346 [main] INFO  base.BaseClass - Found Element By {by.toString()}
2024-01-25 23:22:00,877 [main] INFO  base.BaseClass - Trying to find Element By {by.toString()})
2024-01-25 23:22:00,899 [main] INFO  base.BaseClass - Found Element By {by.toString()}
2024-01-25 23:22:01,426 [main] INFO  base.BaseClass - Trying to find Element By {by.toString()})
2024-01-25 23:22:01,449 [main] INFO  base.BaseClass - Found Element By {by.toString()}
2024-01-25 23:22:01,983 [main] INFO  base.BaseClass - Trying to find Element By {by.toString()})
2024-01-25 23:22:02,005 [main] INFO  base.BaseClass - Found Element By {by.toString()}
2024-01-25 23:22:02,551 [main] INFO  base.BaseClass - Trying to find Element By {by.toString()})
2024-01-25 23:22:02,573 [main] INFO  base.BaseClass - Found Element By {by.toString()}
2024-01-25 23:22:03,105 [main] INFO  base.BaseClass - Trying to find Element By {by.toString()})
2024-01-25 23:22:03,125 [main] INFO  base.BaseClass - Found Element By {by.toString()}
2024-01-25 23:22:03,656 [main] INFO  base.BaseClass - Trying to find Element By {by.toString()})
2024-01-25 23:22:03,679 [main] INFO  base.BaseClass - Found Element By {by.toString()}
2024-01-25 23:22:04,214 [main] INFO  base.BaseClass - Trying to find Element By {by.toString()})
2024-01-25 23:22:04,236 [main] INFO  base.BaseClass - Found Element By {by.toString()}
2024-01-25 23:22:04,768 [main] INFO  base.BaseClass - Trying to find Element By {by.toString()})
2024-01-25 23:22:04,789 [main] INFO  base.BaseClass - Found Element By {by.toString()}
2024-01-25 23:22:05,319 [main] INFO  base.BaseClass - Trying to find Element By {by.toString()})
2024-01-25 23:22:05,341 [main] INFO  base.BaseClass - Found Element By {by.toString()}
2024-01-25 23:22:05,873 [main] INFO  base.BaseClass - Trying to find Element By {by.toString()})
2024-01-25 23:22:05,892 [main] INFO  base.BaseClass - Found Element By {by.toString()}
2024-01-25 23:22:06,414 [main] INFO  base.BaseClass - Trying to find Element By {by.toString()})
2024-01-25 23:22:06,436 [main] INFO  base.BaseClass - Found Element By {by.toString()}
2024-01-25 23:22:06,982 [main] INFO  base.BaseClass - Trying to find Element By {by.toString()})
2024-01-25 23:22:07,003 [main] INFO  base.BaseClass - Found Element By {by.toString()}
2024-01-25 23:22:07,545 [main] INFO  base.BaseClass - Trying to find Element By {by.toString()})
2024-01-25 23:22:07,568 [main] INFO  base.BaseClass - Found Element By {by.toString()}
2024-01-25 23:22:08,101 [main] INFO  base.BaseClass - Trying to find Element By {by.toString()})
2024-01-25 23:22:08,115 [main] INFO  base.BaseClass - Found Element By {by.toString()}
2024-01-25 23:22:08,645 [main] INFO  base.BaseClass - Trying to find Element By {by.toString()})
2024-01-25 23:22:08,668 [main] INFO  base.BaseClass - Found Element By {by.toString()}
2024-01-25 23:22:09,197 [main] INFO  base.BaseClass - Trying to find Element By {by.toString()})
2024-01-25 23:22:09,219 [main] INFO  base.BaseClass - Found Element By {by.toString()}
2024-01-25 23:22:09,762 [main] INFO  base.BaseClass - Trying to find Element By {by.toString()})
2024-01-25 23:22:09,784 [main] INFO  base.BaseClass - Found Element By {by.toString()}
2024-01-25 23:22:10,309 [main] INFO  base.BaseClass - Trying to find Element By {by.toString()})
2024-01-25 23:22:10,331 [main] INFO  base.BaseClass - Found Element By {by.toString()}
2024-01-25 23:22:10,863 [main] INFO  base.BaseClass - Trying to find Element By {by.toString()})
2024-01-25 23:22:10,885 [main] INFO  base.BaseClass - Found Element By {by.toString()}
2024-01-25 23:22:11,417 [main] INFO  base.BaseClass - Trying to find Element By {by.toString()})
2024-01-25 23:22:11,439 [main] INFO  base.BaseClass - Found Element By {by.toString()}
2024-01-25 23:22:11,961 [main] INFO  base.BaseClass - Trying to find Element By {by.toString()})
2024-01-25 23:22:11,984 [main] INFO  base.BaseClass - Found Element By {by.toString()}
2024-01-25 23:22:12,516 [main] INFO  base.BaseClass - Trying to find Element By {by.toString()})
2024-01-25 23:22:12,539 [main] INFO  base.BaseClass - Found Element By {by.toString()}
2024-01-25 23:22:13,070 [main] INFO  base.BaseClass - Trying to find Element By {by.toString()})
2024-01-25 23:22:13,092 [main] INFO  base.BaseClass - Found Element By {by.toString()}
2024-01-25 23:22:13,629 [main] INFO  base.BaseClass - Trying to find Element By {by.toString()})
2024-01-25 23:22:13,651 [main] INFO  base.BaseClass - Found Element By {by.toString()}
2024-01-25 23:22:14,174 [main] INFO  base.BaseClass - Trying to find Element By {by.toString()})
2024-01-25 23:22:14,195 [main] INFO  base.BaseClass - Found Element By {by.toString()}
2024-01-25 23:22:14,725 [main] INFO  base.BaseClass - Trying to find Element By {by.toString()})
2024-01-25 23:22:14,747 [main] INFO  base.BaseClass - Found Element By {by.toString()}
2024-01-25 23:22:15,282 [main] INFO  base.BaseClass - Trying to find Element By {by.toString()})
2024-01-25 23:22:15,300 [main] INFO  base.BaseClass - Found Element By {by.toString()}
2024-01-25 23:22:15,824 [main] INFO  base.BaseClass - Trying to find Element By {by.toString()})
2024-01-25 23:22:15,838 [main] INFO  base.BaseClass - Found Element By {by.toString()}
2024-01-25 23:22:16,368 [main] INFO  base.BaseClass - Trying to find Element By {by.toString()})
2024-01-25 23:22:16,390 [main] INFO  base.BaseClass - Found Element By {by.toString()}
2024-01-25 23:22:16,923 [main] INFO  base.BaseClass - Trying to find Element By {by.toString()})
2024-01-25 23:22:16,946 [main] INFO  base.BaseClass - Found Element By {by.toString()}
2024-01-25 23:22:17,478 [main] INFO  base.BaseClass - Trying to find Element By {by.toString()})
2024-01-25 23:22:17,502 [main] INFO  base.BaseClass - Found Element By {by.toString()}
2024-01-25 23:22:18,036 [main] INFO  base.BaseClass - Trying to find Element By {by.toString()})
2024-01-25 23:22:18,059 [main] INFO  base.BaseClass - Found Element By {by.toString()}
2024-01-25 23:22:18,584 [main] INFO  base.BaseClass - Trying to find Element By {by.toString()})
2024-01-25 23:22:18,605 [main] INFO  base.BaseClass - Found Element By {by.toString()}
2024-01-25 23:22:19,148 [main] INFO  base.BaseClass - Trying to find Element By {by.toString()})
2024-01-25 23:22:19,171 [main] INFO  base.BaseClass - Found Element By {by.toString()}
2024-01-25 23:22:19,705 [main] INFO  base.BaseClass - Trying to find Element By {by.toString()})
2024-01-25 23:22:19,727 [main] INFO  base.BaseClass - Found Element By {by.toString()}
2024-01-25 23:22:20,258 [main] INFO  base.BaseClass - Trying to find Element By {by.toString()})
2024-01-25 23:22:20,279 [main] INFO  base.BaseClass - Found Element By {by.toString()}
2024-01-25 23:22:20,810 [main] INFO  base.BaseClass - Trying to find Element By {by.toString()})
2024-01-25 23:22:20,832 [main] INFO  base.BaseClass - Found Element By {by.toString()}
2024-01-25 23:22:21,363 [main] INFO  base.BaseClass - Trying to find Element By {by.toString()})
2024-01-25 23:22:21,385 [main] INFO  base.BaseClass - Found Element By {by.toString()}
2024-01-25 23:22:21,912 [main] INFO  base.BaseClass - Trying to find Element By {by.toString()})
2024-01-25 23:22:21,935 [main] INFO  base.BaseClass - Found Element By {by.toString()}
2024-01-25 23:22:22,459 [main] INFO  base.BaseClass - Trying to find Element By {by.toString()})
2024-01-25 23:22:22,482 [main] INFO  base.BaseClass - Found Element By {by.toString()}
2024-01-25 23:22:23,014 [main] INFO  base.BaseClass - Trying to find Element By {by.toString()})
2024-01-25 23:22:23,038 [main] INFO  base.BaseClass - Found Element By {by.toString()}
2024-01-25 23:22:23,579 [main] INFO  base.BaseClass - Trying to find Element By {by.toString()})
2024-01-25 23:22:23,604 [main] INFO  base.BaseClass - Found Element By {by.toString()}
TimeoutException occurred: Expected condition failed: waiting for helper.WaitUtility$5@46d9baa2 (tried for 30 second(s) with 500 milliseconds interval)
Build info: version: '3.141.59', revision: 'e82be7d358', time: '2018-11-14T08:17:03'
System info: host: 'DPLAP166', ip: '137.237.3.67', os.name: 'Windows 10', os.arch: 'amd64', os.version: '10.0', java.version: '19.0.1'
Driver info: org.openqa.selenium.support.events.EventFiringWebDriver
Capabilities {acceptInsecureCerts: true, browserName: chrome, browserVersion: 121.0.6167.86, chrome: {chromedriverVersion: 121.0.6167.85 (3f98d690ad7e..., userDataDir: C:\Users\dP-PL\AppData\Loca...}, fedcm:accounts: true, goog:chromeOptions: {debuggerAddress: localhost:56135}, javascriptEnabled: true, networkConnectionEnabled: false, pageLoadStrategy: normal, platform: WINDOWS, platformName: WINDOWS, proxy: Proxy(), setWindowRect: true, strictFileInteractability: false, timeouts: {implicit: 0, pageLoad: 300000, script: 30000}, unhandledPromptBehavior: dismiss and notify, webauthn:extension:credBlob: true, webauthn:extension:largeBlob: true, webauthn:extension:minPinLength: true, webauthn:extension:prf: true, webauthn:virtualAuthenticators: true}
Session ID: b9db2a6bf1ca982b3531e95facad15da
2024-01-25 23:22:23,636 [main] ERROR XGLT_15177_Test - Element did not become visible within the specified time: Expected condition failed: waiting for helper.WaitUtility$5@46d9baa2 (tried for 30 second(s) with 500 milliseconds interval)
Build info: version: '3.141.59', revision: 'e82be7d358', time: '2018-11-14T08:17:03'
System info: host: 'DPLAP166', ip: '137.237.3.67', os.name: 'Windows 10', os.arch: 'amd64', os.version: '10.0', java.version: '19.0.1'
Driver info: org.openqa.selenium.support.events.EventFiringWebDriver
Capabilities {acceptInsecureCerts: true, browserName: chrome, browserVersion: 121.0.6167.86, chrome: {chromedriverVersion: 121.0.6167.85 (3f98d690ad7e..., userDataDir: C:\Users\dP-PL\AppData\Loca...}, fedcm:accounts: true, goog:chromeOptions: {debuggerAddress: localhost:56135}, javascriptEnabled: true, networkConnectionEnabled: false, pageLoadStrategy: normal, platform: WINDOWS, platformName: WINDOWS, proxy: Proxy(), setWindowRect: true, strictFileInteractability: false, timeouts: {implicit: 0, pageLoad: 300000, script: 30000}, unhandledPromptBehavior: dismiss and notify, webauthn:extension:credBlob: true, webauthn:extension:largeBlob: true, webauthn:extension:minPinLength: true, webauthn:extension:prf: true, webauthn:virtualAuthenticators: true}
Session ID: b9db2a6bf1ca982b3531e95facad15da
2024-01-25 23:22:23,636 [main] INFO  base.BaseClass - Trying to find Element By {by.toString()})
2024-01-25 23:22:23,656 [main] INFO  base.BaseClass - Found Element By {by.toString()}
2024-01-25 23:22:23,656 [main] INFO  base.BaseClass - Trying to click on: {element.toString()}
2024-01-25 23:22:23,771 [main] INFO  base.BaseClass - Clicked on: {element.toString()}
2024-01-25 23:22:23,771 [main] INFO  base.BaseClass - Trying to find Element By {by.toString()})
2024-01-25 23:22:23,787 [main] INFO  base.BaseClass - Found Element By {by.toString()}
2024-01-25 23:22:23,803 [main] INFO  base.BaseClass - Trying to find Element By {by.toString()})
2024-01-25 23:22:23,820 [main] INFO  base.BaseClass - Found Element By {by.toString()}
2024-01-25 23:22:23,840 [main] INFO  base.BaseClass - Trying to find Element By {by.toString()})
2024-01-25 23:22:23,859 [main] INFO  base.BaseClass - Found Element By {by.toString()}
2024-01-25 23:22:23,859 [main] INFO  base.BaseClass - Trying to click on: {element.toString()}
2024-01-25 23:22:23,929 [main] INFO  base.BaseClass - Clicked on: {element.toString()}
2024-01-25 23:22:23,929 [main] INFO  base.BaseClass - Trying to find Element By {by.toString()})
2024-01-25 23:22:23,947 [main] INFO  base.BaseClass - Found Element By {by.toString()}
2024-01-25 23:22:24,038 [main] INFO  base.BaseClass - Trying to find Element By {by.toString()})
2024-01-25 23:22:24,049 [main] INFO  base.BaseClass - Found Element By {by.toString()}
2024-01-25 23:22:24,564 [main] INFO  base.BaseClass - Trying to find Element By {by.toString()})
2024-01-25 23:22:24,587 [main] INFO  base.BaseClass - Found Element By {by.toString()}
2024-01-25 23:22:25,114 [main] INFO  base.BaseClass - Trying to find Element By {by.toString()})
2024-01-25 23:22:25,130 [main] INFO  base.BaseClass - Found Element By {by.toString()}
2024-01-25 23:22:25,654 [main] INFO  base.BaseClass - Trying to find Element By {by.toString()})
2024-01-25 23:22:25,676 [main] INFO  base.BaseClass - Found Element By {by.toString()}
2024-01-25 23:22:26,208 [main] INFO  base.BaseClass - Trying to find Element By {by.toString()})
2024-01-25 23:22:26,231 [main] INFO  base.BaseClass - Found Element By {by.toString()}
2024-01-25 23:22:26,764 [main] INFO  base.BaseClass - Trying to find Element By {by.toString()})
2024-01-25 23:22:26,787 [main] INFO  base.BaseClass - Found Element By {by.toString()}
2024-01-25 23:22:27,318 [main] INFO  base.BaseClass - Trying to find Element By {by.toString()})
2024-01-25 23:22:27,340 [main] INFO  base.BaseClass - Found Element By {by.toString()}
2024-01-25 23:22:27,884 [main] INFO  base.BaseClass - Trying to find Element By {by.toString()})
2024-01-25 23:22:27,906 [main] INFO  base.BaseClass - Found Element By {by.toString()}
2024-01-25 23:22:28,434 [main] INFO  base.BaseClass - Trying to find Element By {by.toString()})
2024-01-25 23:22:28,456 [main] INFO  base.BaseClass - Found Element By {by.toString()}
2024-01-25 23:22:28,990 [main] INFO  base.BaseClass - Trying to find Element By {by.toString()})
2024-01-25 23:22:29,011 [main] INFO  base.BaseClass - Found Element By {by.toString()}
2024-01-25 23:22:29,546 [main] INFO  base.BaseClass - Trying to find Element By {by.toString()})
2024-01-25 23:22:29,567 [main] INFO  base.BaseClass - Found Element By {by.toString()}
2024-01-25 23:22:30,100 [main] INFO  base.BaseClass - Trying to find Element By {by.toString()})
2024-01-25 23:22:30,123 [main] INFO  base.BaseClass - Found Element By {by.toString()}
2024-01-25 23:22:30,666 [main] INFO  base.BaseClass - Trying to find Element By {by.toString()})
2024-01-25 23:22:30,688 [main] INFO  base.BaseClass - Found Element By {by.toString()}
2024-01-25 23:22:31,214 [main] INFO  base.BaseClass - Trying to find Element By {by.toString()})
2024-01-25 23:22:31,236 [main] INFO  base.BaseClass - Found Element By {by.toString()}
2024-01-25 23:22:31,769 [main] INFO  base.BaseClass - Trying to find Element By {by.toString()})
2024-01-25 23:22:31,790 [main] INFO  base.BaseClass - Found Element By {by.toString()}
2024-01-25 23:22:32,323 [main] INFO  base.BaseClass - Trying to find Element By {by.toString()})
2024-01-25 23:22:32,344 [main] INFO  base.BaseClass - Found Element By {by.toString()}
2024-01-25 23:22:32,874 [main] INFO  base.BaseClass - Trying to find Element By {by.toString()})
2024-01-25 23:22:32,898 [main] INFO  base.BaseClass - Found Element By {by.toString()}
2024-01-25 23:22:33,437 [main] INFO  base.BaseClass - Trying to find Element By {by.toString()})
2024-01-25 23:22:33,459 [main] INFO  base.BaseClass - Found Element By {by.toString()}
2024-01-25 23:22:34,000 [main] INFO  base.BaseClass - Trying to find Element By {by.toString()})
2024-01-25 23:22:34,023 [main] INFO  base.BaseClass - Found Element By {by.toString()}
2024-01-25 23:22:34,556 [main] INFO  base.BaseClass - Trying to find Element By {by.toString()})
2024-01-25 23:22:34,596 [main] INFO  base.BaseClass - Found Element By {by.toString()}
2024-01-25 23:22:35,122 [main] INFO  base.BaseClass - Trying to find Element By {by.toString()})
2024-01-25 23:22:35,144 [main] INFO  base.BaseClass - Found Element By {by.toString()}
2024-01-25 23:22:35,676 [main] INFO  base.BaseClass - Trying to find Element By {by.toString()})
2024-01-25 23:22:35,699 [main] INFO  base.BaseClass - Found Element By {by.toString()}
2024-01-25 23:22:36,232 [main] INFO  base.BaseClass - Trying to find Element By {by.toString()})
2024-01-25 23:22:36,255 [main] INFO  base.BaseClass - Found Element By {by.toString()}
2024-01-25 23:22:36,792 [main] INFO  base.BaseClass - Trying to find Element By {by.toString()})
2024-01-25 23:22:36,816 [main] INFO  base.BaseClass - Found Element By {by.toString()}
2024-01-25 23:22:37,360 [main] INFO  base.BaseClass - Trying to find Element By {by.toString()})
2024-01-25 23:22:37,382 [main] INFO  base.BaseClass - Found Element By {by.toString()}
2024-01-25 23:22:37,926 [main] INFO  base.BaseClass - Trying to find Element By {by.toString()})
2024-01-25 23:22:37,948 [main] INFO  base.BaseClass - Found Element By {by.toString()}
2024-01-25 23:22:38,480 [main] INFO  base.BaseClass - Trying to find Element By {by.toString()})
2024-01-25 23:22:38,502 [main] INFO  base.BaseClass - Found Element By {by.toString()}
2024-01-25 23:22:39,031 [main] INFO  base.BaseClass - Trying to find Element By {by.toString()})
2024-01-25 23:22:39,053 [main] INFO  base.BaseClass - Found Element By {by.toString()}
2024-01-25 23:22:39,579 [main] INFO  base.BaseClass - Trying to find Element By {by.toString()})
2024-01-25 23:22:39,602 [main] INFO  base.BaseClass - Found Element By {by.toString()}
2024-01-25 23:22:40,138 [main] INFO  base.BaseClass - Trying to find Element By {by.toString()})
2024-01-25 23:22:40,162 [main] INFO  base.BaseClass - Found Element By {by.toString()}
2024-01-25 23:22:40,696 [main] INFO  base.BaseClass - Trying to find Element By {by.toString()})
2024-01-25 23:22:40,716 [main] INFO  base.BaseClass - Found Element By {by.toString()}
2024-01-25 23:22:41,249 [main] INFO  base.BaseClass - Trying to find Element By {by.toString()})
2024-01-25 23:22:41,273 [main] INFO  base.BaseClass - Found Element By {by.toString()}
2024-01-25 23:22:41,808 [main] INFO  base.BaseClass - Trying to find Element By {by.toString()})
2024-01-25 23:22:41,831 [main] INFO  base.BaseClass - Found Element By {by.toString()}
2024-01-25 23:22:42,357 [main] INFO  base.BaseClass - Trying to find Element By {by.toString()})
2024-01-25 23:22:42,379 [main] INFO  base.BaseClass - Found Element By {by.toString()}
2024-01-25 23:22:42,918 [main] INFO  base.BaseClass - Trying to find Element By {by.toString()})
2024-01-25 23:22:42,938 [main] INFO  base.BaseClass - Found Element By {by.toString()}
2024-01-25 23:22:43,471 [main] INFO  base.BaseClass - Trying to find Element By {by.toString()})
2024-01-25 23:22:43,492 [main] INFO  base.BaseClass - Found Element By {by.toString()}
2024-01-25 23:22:44,023 [main] INFO  base.BaseClass - Trying to find Element By {by.toString()})
2024-01-25 23:22:44,046 [main] INFO  base.BaseClass - Found Element By {by.toString()}
2024-01-25 23:22:44,577 [main] INFO  base.BaseClass - Trying to find Element By {by.toString()})
2024-01-25 23:22:44,599 [main] INFO  base.BaseClass - Found Element By {by.toString()}
2024-01-25 23:22:45,133 [main] INFO  base.BaseClass - Trying to find Element By {by.toString()})
2024-01-25 23:22:45,156 [main] INFO  base.BaseClass - Found Element By {by.toString()}
2024-01-25 23:22:45,689 [main] INFO  base.BaseClass - Trying to find Element By {by.toString()})
2024-01-25 23:22:45,712 [main] INFO  base.BaseClass - Found Element By {by.toString()}
2024-01-25 23:22:46,236 [main] INFO  base.BaseClass - Trying to find Element By {by.toString()})
2024-01-25 23:22:46,258 [main] INFO  base.BaseClass - Found Element By {by.toString()}
2024-01-25 23:22:46,791 [main] INFO  base.BaseClass - Trying to find Element By {by.toString()})
2024-01-25 23:22:46,813 [main] INFO  base.BaseClass - Found Element By {by.toString()}
2024-01-25 23:22:47,347 [main] INFO  base.BaseClass - Trying to find Element By {by.toString()})
2024-01-25 23:22:47,368 [main] INFO  base.BaseClass - Found Element By {by.toString()}
2024-01-25 23:22:47,902 [main] INFO  base.BaseClass - Trying to find Element By {by.toString()})
2024-01-25 23:22:47,926 [main] INFO  base.BaseClass - Found Element By {by.toString()}
2024-01-25 23:22:48,458 [main] INFO  base.BaseClass - Trying to find Element By {by.toString()})
2024-01-25 23:22:48,480 [main] INFO  base.BaseClass - Found Element By {by.toString()}
2024-01-25 23:22:49,000 [main] INFO  base.BaseClass - Trying to find Element By {by.toString()})
2024-01-25 23:22:49,022 [main] INFO  base.BaseClass - Found Element By {by.toString()}
2024-01-25 23:22:49,552 [main] INFO  base.BaseClass - Trying to find Element By {by.toString()})
2024-01-25 23:22:49,575 [main] INFO  base.BaseClass - Found Element By {by.toString()}
2024-01-25 23:22:50,106 [main] INFO  base.BaseClass - Trying to find Element By {by.toString()})
2024-01-25 23:22:50,130 [main] INFO  base.BaseClass - Found Element By {by.toString()}
2024-01-25 23:22:50,663 [main] INFO  base.BaseClass - Trying to find Element By {by.toString()})
2024-01-25 23:22:50,685 [main] INFO  base.BaseClass - Found Element By {by.toString()}
2024-01-25 23:22:51,220 [main] INFO  base.BaseClass - Trying to find Element By {by.toString()})
2024-01-25 23:22:51,243 [main] INFO  base.BaseClass - Found Element By {by.toString()}
2024-01-25 23:22:51,778 [main] INFO  base.BaseClass - Trying to find Element By {by.toString()})
2024-01-25 23:22:51,801 [main] INFO  base.BaseClass - Found Element By {by.toString()}
2024-01-25 23:22:52,341 [main] INFO  base.BaseClass - Trying to find Element By {by.toString()})
2024-01-25 23:22:52,358 [main] INFO  base.BaseClass - Found Element By {by.toString()}
2024-01-25 23:22:52,879 [main] INFO  base.BaseClass - Trying to find Element By {by.toString()})
2024-01-25 23:22:52,901 [main] INFO  base.BaseClass - Found Element By {by.toString()}
2024-01-25 23:22:53,432 [main] INFO  base.BaseClass - Trying to find Element By {by.toString()})
2024-01-25 23:22:53,454 [main] INFO  base.BaseClass - Found Element By {by.toString()}
2024-01-25 23:22:53,987 [main] INFO  base.BaseClass - Trying to find Element By {by.toString()})
2024-01-25 23:22:54,010 [main] INFO  base.BaseClass - Found Element By {by.toString()}
TimeoutException occurred: Expected condition failed: waiting for helper.WaitUtility$5@753c57f8 (tried for 30 second(s) with 500 milliseconds interval)
Build info: version: '3.141.59', revision: 'e82be7d358', time: '2018-11-14T08:17:03'
System info: host: 'DPLAP166', ip: '137.237.3.67', os.name: 'Windows 10', os.arch: 'amd64', os.version: '10.0', java.version: '19.0.1'
Driver info: org.openqa.selenium.support.events.EventFiringWebDriver
Capabilities {acceptInsecureCerts: true, browserName: chrome, browserVersion: 121.0.6167.86, chrome: {chromedriverVersion: 121.0.6167.85 (3f98d690ad7e..., userDataDir: C:\Users\dP-PL\AppData\Loca...}, fedcm:accounts: true, goog:chromeOptions: {debuggerAddress: localhost:56135}, javascriptEnabled: true, networkConnectionEnabled: false, pageLoadStrategy: normal, platform: WINDOWS, platformName: WINDOWS, proxy: Proxy(), setWindowRect: true, strictFileInteractability: false, timeouts: {implicit: 0, pageLoad: 300000, script: 30000}, unhandledPromptBehavior: dismiss and notify, webauthn:extension:credBlob: true, webauthn:extension:largeBlob: true, webauthn:extension:minPinLength: true, webauthn:extension:prf: true, webauthn:virtualAuthenticators: true}
Session ID: b9db2a6bf1ca982b3531e95facad15da
2024-01-25 23:22:54,041 [main] ERROR XGLT_15177_Test - Element did not become visible within the specified time: Expected condition failed: waiting for helper.WaitUtility$5@753c57f8 (tried for 30 second(s) with 500 milliseconds interval)
Build info: version: '3.141.59', revision: 'e82be7d358', time: '2018-11-14T08:17:03'
System info: host: 'DPLAP166', ip: '137.237.3.67', os.name: 'Windows 10', os.arch: 'amd64', os.version: '10.0', java.version: '19.0.1'
Driver info: org.openqa.selenium.support.events.EventFiringWebDriver
Capabilities {acceptInsecureCerts: true, browserName: chrome, browserVersion: 121.0.6167.86, chrome: {chromedriverVersion: 121.0.6167.85 (3f98d690ad7e..., userDataDir: C:\Users\dP-PL\AppData\Loca...}, fedcm:accounts: true, goog:chromeOptions: {debuggerAddress: localhost:56135}, javascriptEnabled: true, networkConnectionEnabled: false, pageLoadStrategy: normal, platform: WINDOWS, platformName: WINDOWS, proxy: Proxy(), setWindowRect: true, strictFileInteractability: false, timeouts: {implicit: 0, pageLoad: 300000, script: 30000}, unhandledPromptBehavior: dismiss and notify, webauthn:extension:credBlob: true, webauthn:extension:largeBlob: true, webauthn:extension:minPinLength: true, webauthn:extension:prf: true, webauthn:virtualAuthenticators: true}
Session ID: b9db2a6bf1ca982b3531e95facad15da
2024-01-25 23:22:54,041 [main] INFO  base.BaseClass - Trying to find Element By {by.toString()})
2024-01-25 23:22:54,061 [main] INFO  base.BaseClass - Found Element By {by.toString()}
2024-01-25 23:22:54,061 [main] INFO  base.BaseClass - Trying to click on: {element.toString()}
2024-01-25 23:22:54,170 [main] INFO  base.BaseClass - Clicked on: {element.toString()}
2024-01-25 23:22:54,170 [main] INFO  base.BaseClass - Trying to find Element By {by.toString()})
2024-01-25 23:22:54,185 [main] INFO  base.BaseClass - Found Element By {by.toString()}
2024-01-25 23:22:54,185 [main] INFO  base.BaseClass - Trying to click on: {element.toString()}
2024-01-25 23:22:54,239 [main] INFO  base.BaseClass - Clicked on: {element.toString()}
2024-01-25 23:22:54,239 [main] INFO  base.BaseClass - Trying to find Element By {by.toString()})
2024-01-25 23:22:54,252 [main] INFO  base.BaseClass - Found Element By {by.toString()}
2024-01-25 23:22:54,779 [main] INFO  base.BaseClass - Trying to find Element By {by.toString()})
2024-01-25 23:22:54,802 [main] INFO  base.BaseClass - Found Element By {by.toString()}
2024-01-25 23:22:55,338 [main] INFO  base.BaseClass - Trying to find Element By {by.toString()})
2024-01-25 23:22:55,362 [main] INFO  base.BaseClass - Found Element By {by.toString()}
2024-01-25 23:22:55,900 [main] INFO  base.BaseClass - Trying to find Element By {by.toString()})
2024-01-25 23:22:55,923 [main] INFO  base.BaseClass - Found Element By {by.toString()}
2024-01-25 23:22:56,456 [main] INFO  base.BaseClass - Trying to find Element By {by.toString()})
2024-01-25 23:22:56,479 [main] INFO  base.BaseClass - Found Element By {by.toString()}
2024-01-25 23:22:57,012 [main] INFO  base.BaseClass - Trying to find Element By {by.toString()})
2024-01-25 23:22:57,035 [main] INFO  base.BaseClass - Found Element By {by.toString()}
2024-01-25 23:22:57,561 [main] INFO  base.BaseClass - Trying to find Element By {by.toString()})
2024-01-25 23:22:57,583 [main] INFO  base.BaseClass - Found Element By {by.toString()}
2024-01-25 23:22:58,113 [main] INFO  base.BaseClass - Trying to find Element By {by.toString()})
2024-01-25 23:22:58,137 [main] INFO  base.BaseClass - Found Element By {by.toString()}
2024-01-25 23:22:58,666 [main] INFO  base.BaseClass - Trying to find Element By {by.toString()})
2024-01-25 23:22:58,689 [main] INFO  base.BaseClass - Found Element By {by.toString()}
2024-01-25 23:22:59,221 [main] INFO  base.BaseClass - Trying to find Element By {by.toString()})
2024-01-25 23:22:59,243 [main] INFO  base.BaseClass - Found Element By {by.toString()}
2024-01-25 23:22:59,779 [main] INFO  base.BaseClass - Trying to find Element By {by.toString()})
2024-01-25 23:22:59,802 [main] INFO  base.BaseClass - Found Element By {by.toString()}
2024-01-25 23:23:00,331 [main] INFO  base.BaseClass - Trying to find Element By {by.toString()})
2024-01-25 23:23:00,353 [main] INFO  base.BaseClass - Found Element By {by.toString()}
2024-01-25 23:23:00,895 [main] INFO  base.BaseClass - Trying to find Element By {by.toString()})
2024-01-25 23:23:00,916 [main] INFO  base.BaseClass - Found Element By {by.toString()}
2024-01-25 23:23:01,446 [main] INFO  base.BaseClass - Trying to find Element By {by.toString()})
2024-01-25 23:23:01,468 [main] INFO  base.BaseClass - Found Element By {by.toString()}
2024-01-25 23:23:01,999 [main] INFO  base.BaseClass - Trying to find Element By {by.toString()})
2024-01-25 23:23:02,021 [main] INFO  base.BaseClass - Found Element By {by.toString()}
2024-01-25 23:23:02,553 [main] INFO  base.BaseClass - Trying to find Element By {by.toString()})
2024-01-25 23:23:02,574 [main] INFO  base.BaseClass - Found Element By {by.toString()}
2024-01-25 23:23:03,101 [main] INFO  base.BaseClass - Trying to find Element By {by.toString()})
2024-01-25 23:23:03,122 [main] INFO  base.BaseClass - Found Element By {by.toString()}
2024-01-25 23:23:03,655 [main] INFO  base.BaseClass - Trying to find Element By {by.toString()})
2024-01-25 23:23:03,677 [main] INFO  base.BaseClass - Found Element By {by.toString()}
2024-01-25 23:23:04,213 [main] INFO  base.BaseClass - Trying to find Element By {by.toString()})
2024-01-25 23:23:04,247 [main] INFO  base.BaseClass - Found Element By {by.toString()}
2024-01-25 23:23:04,762 [main] INFO  base.BaseClass - Trying to find Element By {by.toString()})
2024-01-25 23:23:04,784 [main] INFO  base.BaseClass - Found Element By {by.toString()}
2024-01-25 23:23:05,316 [main] INFO  base.BaseClass - Trying to find Element By {by.toString()})
2024-01-25 23:23:05,338 [main] INFO  base.BaseClass - Found Element By {by.toString()}
2024-01-25 23:23:05,870 [main] INFO  base.BaseClass - Trying to find Element By {by.toString()})
2024-01-25 23:23:05,893 [main] INFO  base.BaseClass - Found Element By {by.toString()}
2024-01-25 23:23:06,427 [main] INFO  base.BaseClass - Trying to find Element By {by.toString()})
2024-01-25 23:23:06,443 [main] INFO  base.BaseClass - Found Element By {by.toString()}
2024-01-25 23:23:06,973 [main] INFO  base.BaseClass - Trying to find Element By {by.toString()})
2024-01-25 23:23:06,997 [main] INFO  base.BaseClass - Found Element By {by.toString()}
2024-01-25 23:23:07,529 [main] INFO  base.BaseClass - Trying to find Element By {by.toString()})
2024-01-25 23:23:07,551 [main] INFO  base.BaseClass - Found Element By {by.toString()}
2024-01-25 23:23:08,090 [main] INFO  base.BaseClass - Trying to find Element By {by.toString()})
2024-01-25 23:23:08,112 [main] INFO  base.BaseClass - Found Element By {by.toString()}
2024-01-25 23:23:08,646 [main] INFO  base.BaseClass - Trying to find Element By {by.toString()})
2024-01-25 23:23:08,667 [main] INFO  base.BaseClass - Found Element By {by.toString()}
2024-01-25 23:23:09,197 [main] INFO  base.BaseClass - Trying to find Element By {by.toString()})
2024-01-25 23:23:09,219 [main] INFO  base.BaseClass - Found Element By {by.toString()}
2024-01-25 23:23:09,751 [main] INFO  base.BaseClass - Trying to find Element By {by.toString()})
2024-01-25 23:23:09,767 [main] INFO  base.BaseClass - Found Element By {by.toString()}
2024-01-25 23:23:10,296 [main] INFO  base.BaseClass - Trying to find Element By {by.toString()})
2024-01-25 23:23:10,312 [main] INFO  base.BaseClass - Found Element By {by.toString()}
2024-01-25 23:23:10,840 [main] INFO  base.BaseClass - Trying to find Element By {by.toString()})
2024-01-25 23:23:10,856 [main] INFO  base.BaseClass - Found Element By {by.toString()}
2024-01-25 23:23:11,382 [main] INFO  base.BaseClass - Trying to find Element By {by.toString()})
2024-01-25 23:23:11,395 [main] INFO  base.BaseClass - Found Element By {by.toString()}
2024-01-25 23:23:11,933 [main] INFO  base.BaseClass - Trying to find Element By {by.toString()})
2024-01-25 23:23:11,950 [main] INFO  base.BaseClass - Found Element By {by.toString()}
2024-01-25 23:23:12,476 [main] INFO  base.BaseClass - Trying to find Element By {by.toString()})
2024-01-25 23:23:12,493 [main] INFO  base.BaseClass - Found Element By {by.toString()}
2024-01-25 23:23:13,011 [main] INFO  base.BaseClass - Trying to find Element By {by.toString()})
2024-01-25 23:23:13,031 [main] INFO  base.BaseClass - Found Element By {by.toString()}
2024-01-25 23:23:13,558 [main] INFO  base.BaseClass - Trying to find Element By {by.toString()})
2024-01-25 23:23:13,580 [main] INFO  base.BaseClass - Found Element By {by.toString()}
2024-01-25 23:23:14,110 [main] INFO  base.BaseClass - Trying to find Element By {by.toString()})
2024-01-25 23:23:14,131 [main] INFO  base.BaseClass - Found Element By {by.toString()}
2024-01-25 23:23:14,660 [main] INFO  base.BaseClass - Trying to find Element By {by.toString()})
2024-01-25 23:23:14,681 [main] INFO  base.BaseClass - Found Element By {by.toString()}
2024-01-25 23:23:15,209 [main] INFO  base.BaseClass - Trying to find Element By {by.toString()})
2024-01-25 23:23:15,231 [main] INFO  base.BaseClass - Found Element By {by.toString()}
2024-01-25 23:23:15,761 [main] INFO  base.BaseClass - Trying to find Element By {by.toString()})
2024-01-25 23:23:15,783 [main] INFO  base.BaseClass - Found Element By {by.toString()}
2024-01-25 23:23:16,315 [main] INFO  base.BaseClass - Trying to find Element By {by.toString()})
2024-01-25 23:23:16,336 [main] INFO  base.BaseClass - Found Element By {by.toString()}
2024-01-25 23:23:16,867 [main] INFO  base.BaseClass - Trying to find Element By {by.toString()})
2024-01-25 23:23:16,890 [main] INFO  base.BaseClass - Found Element By {by.toString()}
2024-01-25 23:23:17,423 [main] INFO  base.BaseClass - Trying to find Element By {by.toString()})
2024-01-25 23:23:17,444 [main] INFO  base.BaseClass - Found Element By {by.toString()}
2024-01-25 23:23:17,973 [main] INFO  base.BaseClass - Trying to find Element By {by.toString()})
2024-01-25 23:23:17,996 [main] INFO  base.BaseClass - Found Element By {by.toString()}
2024-01-25 23:23:18,530 [main] INFO  base.BaseClass - Trying to find Element By {by.toString()})
2024-01-25 23:23:18,551 [main] INFO  base.BaseClass - Found Element By {by.toString()}
2024-01-25 23:23:19,082 [main] INFO  base.BaseClass - Trying to find Element By {by.toString()})
2024-01-25 23:23:19,105 [main] INFO  base.BaseClass - Found Element By {by.toString()}
2024-01-25 23:23:19,636 [main] INFO  base.BaseClass - Trying to find Element By {by.toString()})
2024-01-25 23:23:19,658 [main] INFO  base.BaseClass - Found Element By {by.toString()}
2024-01-25 23:23:20,190 [main] INFO  base.BaseClass - Trying to find Element By {by.toString()})
2024-01-25 23:23:20,212 [main] INFO  base.BaseClass - Found Element By {by.toString()}
2024-01-25 23:23:20,743 [main] INFO  base.BaseClass - Trying to find Element By {by.toString()})
2024-01-25 23:23:20,764 [main] INFO  base.BaseClass - Found Element By {by.toString()}
2024-01-25 23:23:21,296 [main] INFO  base.BaseClass - Trying to find Element By {by.toString()})
2024-01-25 23:23:21,318 [main] INFO  base.BaseClass - Found Element By {by.toString()}
2024-01-25 23:23:21,855 [main] INFO  base.BaseClass - Trying to find Element By {by.toString()})
2024-01-25 23:23:21,877 [main] INFO  base.BaseClass - Found Element By {by.toString()}
2024-01-25 23:23:22,398 [main] INFO  base.BaseClass - Trying to find Element By {by.toString()})
2024-01-25 23:23:22,422 [main] INFO  base.BaseClass - Found Element By {by.toString()}
2024-01-25 23:23:22,956 [main] INFO  base.BaseClass - Trying to find Element By {by.toString()})
2024-01-25 23:23:22,969 [main] INFO  base.BaseClass - Found Element By {by.toString()}
2024-01-25 23:23:23,494 [main] INFO  base.BaseClass - Trying to find Element By {by.toString()})
2024-01-25 23:23:23,514 [main] INFO  base.BaseClass - Found Element By {by.toString()}
2024-01-25 23:23:24,033 [main] INFO  base.BaseClass - Trying to find Element By {by.toString()})
2024-01-25 23:23:24,057 [main] INFO  base.BaseClass - Found Element By {by.toString()}
2024-01-25 23:23:24,588 [main] INFO  base.BaseClass - Trying to find Element By {by.toString()})
2024-01-25 23:23:24,609 [main] INFO  base.BaseClass - Found Element By {by.toString()}
TimeoutException occurred: Expected condition failed: waiting for helper.WaitUtility$5@7fe47e13 (tried for 30 second(s) with 500 milliseconds interval)
Build info: version: '3.141.59', revision: 'e82be7d358', time: '2018-11-14T08:17:03'
System info: host: 'DPLAP166', ip: '137.237.3.67', os.name: 'Windows 10', os.arch: 'amd64', os.version: '10.0', java.version: '19.0.1'
Driver info: org.openqa.selenium.support.events.EventFiringWebDriver
Capabilities {acceptInsecureCerts: true, browserName: chrome, browserVersion: 121.0.6167.86, chrome: {chromedriverVersion: 121.0.6167.85 (3f98d690ad7e..., userDataDir: C:\Users\dP-PL\AppData\Loca...}, fedcm:accounts: true, goog:chromeOptions: {debuggerAddress: localhost:56135}, javascriptEnabled: true, networkConnectionEnabled: false, pageLoadStrategy: normal, platform: WINDOWS, platformName: WINDOWS, proxy: Proxy(), setWindowRect: true, strictFileInteractability: false, timeouts: {implicit: 0, pageLoad: 300000, script: 30000}, unhandledPromptBehavior: dismiss and notify, webauthn:extension:credBlob: true, webauthn:extension:largeBlob: true, webauthn:extension:minPinLength: true, webauthn:extension:prf: true, webauthn:virtualAuthenticators: true}
Session ID: b9db2a6bf1ca982b3531e95facad15da
2024-01-25 23:23:24,638 [main] ERROR XGLT_15177_Test - Element did not become visible within the specified time: Expected condition failed: waiting for helper.WaitUtility$5@7fe47e13 (tried for 30 second(s) with 500 milliseconds interval)
Build info: version: '3.141.59', revision: 'e82be7d358', time: '2018-11-14T08:17:03'
System info: host: 'DPLAP166', ip: '137.237.3.67', os.name: 'Windows 10', os.arch: 'amd64', os.version: '10.0', java.version: '19.0.1'
Driver info: org.openqa.selenium.support.events.EventFiringWebDriver
Capabilities {acceptInsecureCerts: true, browserName: chrome, browserVersion: 121.0.6167.86, chrome: {chromedriverVersion: 121.0.6167.85 (3f98d690ad7e..., userDataDir: C:\Users\dP-PL\AppData\Loca...}, fedcm:accounts: true, goog:chromeOptions: {debuggerAddress: localhost:56135}, javascriptEnabled: true, networkConnectionEnabled: false, pageLoadStrategy: normal, platform: WINDOWS, platformName: WINDOWS, proxy: Proxy(), setWindowRect: true, strictFileInteractability: false, timeouts: {implicit: 0, pageLoad: 300000, script: 30000}, unhandledPromptBehavior: dismiss and notify, webauthn:extension:credBlob: true, webauthn:extension:largeBlob: true, webauthn:extension:minPinLength: true, webauthn:extension:prf: true, webauthn:virtualAuthenticators: true}
Session ID: b9db2a6bf1ca982b3531e95facad15da
2024-01-25 23:23:24,638 [main] INFO  base.BaseClass - Trying to find Element By {by.toString()})
2024-01-25 23:23:24,657 [main] INFO  base.BaseClass - Found Element By {by.toString()}
2024-01-25 23:23:24,657 [main] INFO  base.BaseClass - Trying to click on: {element.toString()}
2024-01-25 23:23:24,754 [main] INFO  base.BaseClass - Clicked on: {element.toString()}
2024-01-25 23:23:24,754 [main] INFO  base.BaseClass - Trying to find Element By {by.toString()})
2024-01-25 23:23:24,772 [main] INFO  base.BaseClass - Found Element By {by.toString()}
2024-01-25 23:23:24,772 [main] INFO  base.BaseClass - Trying to click on: {element.toString()}
2024-01-25 23:23:24,808 [main] INFO  base.BaseClass - Clicked on: {element.toString()}
2024-01-25 23:23:24,808 [main] INFO  base.BaseClass - Trying to find Element By {by.toString()})
2024-01-25 23:23:24,820 [main] INFO  base.BaseClass - Found Element By {by.toString()}
2024-01-25 23:23:25,369 [main] INFO  base.BaseClass - Trying to find Element By {by.toString()})
2024-01-25 23:23:25,391 [main] INFO  base.BaseClass - Found Element By {by.toString()}
2024-01-25 23:23:25,919 [main] INFO  base.BaseClass - Trying to find Element By {by.toString()})
2024-01-25 23:23:25,942 [main] INFO  base.BaseClass - Found Element By {by.toString()}
2024-01-25 23:23:26,488 [main] INFO  base.BaseClass - Trying to find Element By {by.toString()})
2024-01-25 23:23:26,510 [main] INFO  base.BaseClass - Found Element By {by.toString()}
2024-01-25 23:23:27,037 [main] INFO  base.BaseClass - Trying to find Element By {by.toString()})
2024-01-25 23:23:27,060 [main] INFO  base.BaseClass - Found Element By {by.toString()}
2024-01-25 23:23:27,592 [main] INFO  base.BaseClass - Trying to find Element By {by.toString()})
2024-01-25 23:23:27,613 [main] INFO  base.BaseClass - Found Element By {by.toString()}
2024-01-25 23:23:28,145 [main] INFO  base.BaseClass - Trying to find Element By {by.toString()})
2024-01-25 23:23:28,168 [main] INFO  base.BaseClass - Found Element By {by.toString()}
2024-01-25 23:23:28,702 [main] INFO  base.BaseClass - Trying to find Element By {by.toString()})
2024-01-25 23:23:28,724 [main] INFO  base.BaseClass - Found Element By {by.toString()}
2024-01-25 23:23:29,260 [main] INFO  base.BaseClass - Trying to find Element By {by.toString()})
2024-01-25 23:23:29,282 [main] INFO  base.BaseClass - Found Element By {by.toString()}
2024-01-25 23:23:29,812 [main] INFO  base.BaseClass - Trying to find Element By {by.toString()})
2024-01-25 23:23:29,834 [main] INFO  base.BaseClass - Found Element By {by.toString()}
2024-01-25 23:23:30,367 [main] INFO  base.BaseClass - Trying to find Element By {by.toString()})
2024-01-25 23:23:30,389 [main] INFO  base.BaseClass - Found Element By {by.toString()}
2024-01-25 23:23:30,916 [main] INFO  base.BaseClass - Trying to find Element By {by.toString()})
2024-01-25 23:23:30,938 [main] INFO  base.BaseClass - Found Element By {by.toString()}
2024-01-25 23:23:31,464 [main] INFO  base.BaseClass - Trying to find Element By {by.toString()})
2024-01-25 23:23:31,487 [main] INFO  base.BaseClass - Found Element By {by.toString()}
2024-01-25 23:23:32,019 [main] INFO  base.BaseClass - Trying to find Element By {by.toString()})
2024-01-25 23:23:32,042 [main] INFO  base.BaseClass - Found Element By {by.toString()}
2024-01-25 23:23:32,586 [main] INFO  base.BaseClass - Trying to find Element By {by.toString()})
2024-01-25 23:23:32,607 [main] INFO  base.BaseClass - Found Element By {by.toString()}
2024-01-25 23:23:33,152 [main] INFO  base.BaseClass - Trying to find Element By {by.toString()})
2024-01-25 23:23:33,174 [main] INFO  base.BaseClass - Found Element By {by.toString()}
2024-01-25 23:23:33,706 [main] INFO  base.BaseClass - Trying to find Element By {by.toString()})
2024-01-25 23:23:33,728 [main] INFO  base.BaseClass - Found Element By {by.toString()}
2024-01-25 23:23:34,258 [main] INFO  base.BaseClass - Trying to find Element By {by.toString()})
2024-01-25 23:23:34,281 [main] INFO  base.BaseClass - Found Element By {by.toString()}
2024-01-25 23:23:34,813 [main] INFO  base.BaseClass - Trying to find Element By {by.toString()})
2024-01-25 23:23:34,835 [main] INFO  base.BaseClass - Found Element By {by.toString()}
2024-01-25 23:23:35,367 [main] INFO  base.BaseClass - Trying to find Element By {by.toString()})
2024-01-25 23:23:35,389 [main] INFO  base.BaseClass - Found Element By {by.toString()}
2024-01-25 23:23:35,917 [main] INFO  base.BaseClass - Trying to find Element By {by.toString()})
2024-01-25 23:23:35,943 [main] INFO  base.BaseClass - Found Element By {by.toString()}
2024-01-25 23:23:36,481 [main] INFO  base.BaseClass - Trying to find Element By {by.toString()})
2024-01-25 23:23:36,503 [main] INFO  base.BaseClass - Found Element By {by.toString()}
2024-01-25 23:23:37,038 [main] INFO  base.BaseClass - Trying to find Element By {by.toString()})
2024-01-25 23:23:37,061 [main] INFO  base.BaseClass - Found Element By {by.toString()}
2024-01-25 23:23:37,592 [main] INFO  base.BaseClass - Trying to find Element By {by.toString()})
2024-01-25 23:23:37,608 [main] INFO  base.BaseClass - Found Element By {by.toString()}
2024-01-25 23:23:38,139 [main] INFO  base.BaseClass - Trying to find Element By {by.toString()})
2024-01-25 23:23:38,161 [main] INFO  base.BaseClass - Found Element By {by.toString()}
2024-01-25 23:23:38,699 [main] INFO  base.BaseClass - Trying to find Element By {by.toString()})
2024-01-25 23:23:38,721 [main] INFO  base.BaseClass - Found Element By {by.toString()}
2024-01-25 23:23:39,262 [main] INFO  base.BaseClass - Trying to find Element By {by.toString()})
2024-01-25 23:23:39,283 [main] INFO  base.BaseClass - Found Element By {by.toString()}
2024-01-25 23:23:39,814 [main] INFO  base.BaseClass - Trying to find Element By {by.toString()})
2024-01-25 23:23:39,836 [main] INFO  base.BaseClass - Found Element By {by.toString()}
2024-01-25 23:23:40,370 [main] INFO  base.BaseClass - Trying to find Element By {by.toString()})
2024-01-25 23:23:40,393 [main] INFO  base.BaseClass - Found Element By {by.toString()}
2024-01-25 23:23:40,923 [main] INFO  base.BaseClass - Trying to find Element By {by.toString()})
2024-01-25 23:23:40,945 [main] INFO  base.BaseClass - Found Element By {by.toString()}
2024-01-25 23:23:41,479 [main] INFO  base.BaseClass - Trying to find Element By {by.toString()})
2024-01-25 23:23:41,500 [main] INFO  base.BaseClass - Found Element By {by.toString()}
2024-01-25 23:23:42,030 [main] INFO  base.BaseClass - Trying to find Element By {by.toString()})
2024-01-25 23:23:42,051 [main] INFO  base.BaseClass - Found Element By {by.toString()}
2024-01-25 23:23:42,579 [main] INFO  base.BaseClass - Trying to find Element By {by.toString()})
2024-01-25 23:23:42,601 [main] INFO  base.BaseClass - Found Element By {by.toString()}
2024-01-25 23:23:43,137 [main] INFO  base.BaseClass - Trying to find Element By {by.toString()})
2024-01-25 23:23:43,159 [main] INFO  base.BaseClass - Found Element By {by.toString()}
2024-01-25 23:23:43,691 [main] INFO  base.BaseClass - Trying to find Element By {by.toString()})
2024-01-25 23:23:43,713 [main] INFO  base.BaseClass - Found Element By {by.toString()}
2024-01-25 23:23:44,247 [main] INFO  base.BaseClass - Trying to find Element By {by.toString()})
2024-01-25 23:23:44,270 [main] INFO  base.BaseClass - Found Element By {by.toString()}
2024-01-25 23:23:44,803 [main] INFO  base.BaseClass - Trying to find Element By {by.toString()})
2024-01-25 23:23:44,824 [main] INFO  base.BaseClass - Found Element By {by.toString()}
2024-01-25 23:23:45,355 [main] INFO  base.BaseClass - Trying to find Element By {by.toString()})
2024-01-25 23:23:45,378 [main] INFO  base.BaseClass - Found Element By {by.toString()}
2024-01-25 23:23:45,910 [main] INFO  base.BaseClass - Trying to find Element By {by.toString()})
2024-01-25 23:23:45,932 [main] INFO  base.BaseClass - Found Element By {by.toString()}
2024-01-25 23:23:46,457 [main] INFO  base.BaseClass - Trying to find Element By {by.toString()})
2024-01-25 23:23:46,474 [main] INFO  base.BaseClass - Found Element By {by.toString()}
2024-01-25 23:23:46,999 [main] INFO  base.BaseClass - Trying to find Element By {by.toString()})
2024-01-25 23:23:47,021 [main] INFO  base.BaseClass - Found Element By {by.toString()}
2024-01-25 23:23:47,553 [main] INFO  base.BaseClass - Trying to find Element By {by.toString()})
2024-01-25 23:23:47,576 [main] INFO  base.BaseClass - Found Element By {by.toString()}
2024-01-25 23:23:48,109 [main] INFO  base.BaseClass - Trying to find Element By {by.toString()})
2024-01-25 23:23:48,130 [main] INFO  base.BaseClass - Found Element By {by.toString()}
2024-01-25 23:23:48,672 [main] INFO  base.BaseClass - Trying to find Element By {by.toString()})
2024-01-25 23:23:48,692 [main] INFO  base.BaseClass - Found Element By {by.toString()}
2024-01-25 23:23:49,224 [main] INFO  base.BaseClass - Trying to find Element By {by.toString()})
2024-01-25 23:23:49,247 [main] INFO  base.BaseClass - Found Element By {by.toString()}
2024-01-25 23:23:49,777 [main] INFO  base.BaseClass - Trying to find Element By {by.toString()})
2024-01-25 23:23:49,797 [main] INFO  base.BaseClass - Found Element By {by.toString()}
2024-01-25 23:23:50,326 [main] INFO  base.BaseClass - Trying to find Element By {by.toString()})
2024-01-25 23:23:50,340 [main] INFO  base.BaseClass - Found Element By {by.toString()}
2024-01-25 23:23:50,864 [main] INFO  base.BaseClass - Trying to find Element By {by.toString()})
2024-01-25 23:23:50,885 [main] INFO  base.BaseClass - Found Element By {by.toString()}
2024-01-25 23:23:51,418 [main] INFO  base.BaseClass - Trying to find Element By {by.toString()})
2024-01-25 23:23:51,440 [main] INFO  base.BaseClass - Found Element By {by.toString()}
2024-01-25 23:23:51,971 [main] INFO  base.BaseClass - Trying to find Element By {by.toString()})
2024-01-25 23:23:51,992 [main] INFO  base.BaseClass - Found Element By {by.toString()}
2024-01-25 23:23:52,522 [main] INFO  base.BaseClass - Trying to find Element By {by.toString()})
2024-01-25 23:23:52,543 [main] INFO  base.BaseClass - Found Element By {by.toString()}
2024-01-25 23:23:53,069 [main] INFO  base.BaseClass - Trying to find Element By {by.toString()})
2024-01-25 23:23:53,091 [main] INFO  base.BaseClass - Found Element By {by.toString()}
2024-01-25 23:23:53,633 [main] INFO  base.BaseClass - Trying to find Element By {by.toString()})
2024-01-25 23:23:53,658 [main] INFO  base.BaseClass - Found Element By {by.toString()}
2024-01-25 23:23:54,192 [main] INFO  base.BaseClass - Trying to find Element By {by.toString()})
2024-01-25 23:23:54,214 [main] INFO  base.BaseClass - Found Element By {by.toString()}
2024-01-25 23:23:54,747 [main] INFO  base.BaseClass - Trying to find Element By {by.toString()})
2024-01-25 23:23:54,769 [main] INFO  base.BaseClass - Found Element By {by.toString()}
2024-01-25 23:23:55,296 [main] INFO  base.BaseClass - Trying to find Element By {by.toString()})
2024-01-25 23:23:55,318 [main] INFO  base.BaseClass - Found Element By {by.toString()}
TimeoutException occurred: Expected condition failed: waiting for helper.WaitUtility$5@1629723d (tried for 30 second(s) with 500 milliseconds interval)
Build info: version: '3.141.59', revision: 'e82be7d358', time: '2018-11-14T08:17:03'
System info: host: 'DPLAP166', ip: '137.237.3.67', os.name: 'Windows 10', os.arch: 'amd64', os.version: '10.0', java.version: '19.0.1'
Driver info: org.openqa.selenium.support.events.EventFiringWebDriver
Capabilities {acceptInsecureCerts: true, browserName: chrome, browserVersion: 121.0.6167.86, chrome: {chromedriverVersion: 121.0.6167.85 (3f98d690ad7e..., userDataDir: C:\Users\dP-PL\AppData\Loca...}, fedcm:accounts: true, goog:chromeOptions: {debuggerAddress: localhost:56135}, javascriptEnabled: true, networkConnectionEnabled: false, pageLoadStrategy: normal, platform: WINDOWS, platformName: WINDOWS, proxy: Proxy(), setWindowRect: true, strictFileInteractability: false, timeouts: {implicit: 0, pageLoad: 300000, script: 30000}, unhandledPromptBehavior: dismiss and notify, webauthn:extension:credBlob: true, webauthn:extension:largeBlob: true, webauthn:extension:minPinLength: true, webauthn:extension:prf: true, webauthn:virtualAuthenticators: true}
Session ID: b9db2a6bf1ca982b3531e95facad15da
2024-01-25 23:23:55,349 [main] ERROR XGLT_15177_Test - Element did not become visible within the specified time: Expected condition failed: waiting for helper.WaitUtility$5@1629723d (tried for 30 second(s) with 500 milliseconds interval)
Build info: version: '3.141.59', revision: 'e82be7d358', time: '2018-11-14T08:17:03'
System info: host: 'DPLAP166', ip: '137.237.3.67', os.name: 'Windows 10', os.arch: 'amd64', os.version: '10.0', java.version: '19.0.1'
Driver info: org.openqa.selenium.support.events.EventFiringWebDriver
Capabilities {acceptInsecureCerts: true, browserName: chrome, browserVersion: 121.0.6167.86, chrome: {chromedriverVersion: 121.0.6167.85 (3f98d690ad7e..., userDataDir: C:\Users\dP-PL\AppData\Loca...}, fedcm:accounts: true, goog:chromeOptions: {debuggerAddress: localhost:56135}, javascriptEnabled: true, networkConnectionEnabled: false, pageLoadStrategy: normal, platform: WINDOWS, platformName: WINDOWS, proxy: Proxy(), setWindowRect: true, strictFileInteractability: false, timeouts: {implicit: 0, pageLoad: 300000, script: 30000}, unhandledPromptBehavior: dismiss and notify, webauthn:extension:credBlob: true, webauthn:extension:largeBlob: true, webauthn:extension:minPinLength: true, webauthn:extension:prf: true, webauthn:virtualAuthenticators: true}
Session ID: b9db2a6bf1ca982b3531e95facad15da
2024-01-25 23:23:55,349 [main] INFO  base.BaseClass - Trying to find Element By {by.toString()})
2024-01-25 23:23:55,368 [main] INFO  base.BaseClass - Found Element By {by.toString()}
2024-01-25 23:23:55,368 [main] INFO  base.BaseClass - Trying to click on: {element.toString()}
2024-01-25 23:23:55,478 [main] INFO  base.BaseClass - Clicked on: {element.toString()}
2024-01-25 23:23:55,478 [main] INFO  base.BaseClass - Trying to find Element By {by.toString()})
2024-01-25 23:23:55,500 [main] INFO  base.BaseClass - Found Element By {by.toString()}
2024-01-25 23:23:55,526 [main] INFO  base.BaseClass - Trying to find Element By {by.toString()})
2024-01-25 23:23:55,544 [main] INFO  base.BaseClass - Found Element By {by.toString()}
Writing on Excel file Finished ...
CreateNewStandardCust passed!
]]></system-out>
    <system-err><![CDATA[Starting ChromeDriver 121.0.6167.85 (3f98d690ad7e59242ef110144c757b2ac4eef1a2-refs/branch-heads/6167@{#1539}) on port 44509
Only local connections are allowed.
Please see https://chromedriver.chromium.org/security-considerations for suggestions on keeping ChromeDriver safe.
ChromeDriver was started successfully.
Jan 25, 2024 11:18:16 PM org.openqa.selenium.remote.ProtocolHandshake createSession
INFO: Detected dialect: W3C
]]></system-err>
  </testcase>
  <testcase name="CreateAdcopyoflen15" classname="XGLT_6672_Test" time="389.133">
    <system-out><![CDATA[2024-01-25 23:23:55,848 [main] INFO  XGLT_15177_Test - closing up browser
2024-01-25 23:23:56,097 [main] INFO  base.BaseClass - Login to XGL
2024-01-25 23:23:56,097 [main] INFO  XGLT_15177_Test - Setting up browser
2024-01-25 23:23:56,116 [main] INFO  io.github.bonigarcia.wdm.WebDriverManager - Using chromedriver 121.0.6167.85 (resolved driver for Chrome 121)
2024-01-25 23:23:56,140 [main] INFO  io.github.bonigarcia.wdm.WebDriverManager - Exporting webdriver.chrome.driver as C:\Users\dP-PL\.cache\selenium\chromedriver\win64\121.0.6167.85\chromedriver.exe
2024-01-25 23:23:57,230 [main] INFO  base.BaseClass - Before navigating to {url}
2024-01-25 23:24:01,680 [main] INFO  base.BaseClass - Navigated to {url}
2024-01-25 23:24:02,048 [main] INFO  base.BaseClass - Trying to find Element By {by.toString()})
2024-01-25 23:24:02,061 [main] INFO  base.BaseClass - Found Element By {by.toString()}
2024-01-25 23:24:02,105 [main] INFO  base.BaseClass - Trying to find Element By {by.toString()})
2024-01-25 23:24:02,117 [main] INFO  base.BaseClass - Found Element By {by.toString()}
2024-01-25 23:24:02,181 [main] INFO  base.BaseClass - Trying to find Element By {by.toString()})
2024-01-25 23:24:02,192 [main] INFO  base.BaseClass - Found Element By {by.toString()}
2024-01-25 23:24:02,192 [main] INFO  base.BaseClass - Trying to click on: {element.toString()}
2024-01-25 23:24:02,228 [main] INFO  base.BaseClass - Clicked on: {element.toString()}
2024-01-25 23:24:02,228 [main] INFO  base.BaseClass - Trying to find Element By {by.toString()})
2024-01-25 23:24:06,197 [main] INFO  base.BaseClass - Found Element By {by.toString()}
2024-01-25 23:24:06,218 [main] INFO  base.BaseClass - Trying to find Element By {by.toString()})
NoSuchElementException occurred: no such element: Unable to locate element: {"method":"xpath","selector":"//div[@class='modal-content']/div/i[contains(@class,'close')]"}
  (Session info: chrome=121.0.6167.86)
For documentation on this error, please visit: https://www.seleniumhq.org/exceptions/no_such_element.html
Build info: version: '3.141.59', revision: 'e82be7d358', time: '2018-11-14T08:17:03'
System info: host: 'DPLAP166', ip: '137.237.3.67', os.name: 'Windows 10', os.arch: 'amd64', os.version: '10.0', java.version: '19.0.1'
Driver info: org.openqa.selenium.chrome.ChromeDriver
Capabilities {acceptInsecureCerts: true, browserName: chrome, browserVersion: 121.0.6167.86, chrome: {chromedriverVersion: 121.0.6167.85 (3f98d690ad7e..., userDataDir: C:\Users\dP-PL\AppData\Loca...}, fedcm:accounts: true, goog:chromeOptions: {debuggerAddress: localhost:56163}, javascriptEnabled: true, networkConnectionEnabled: false, pageLoadStrategy: normal, platform: WINDOWS, platformName: WINDOWS, proxy: Proxy(), setWindowRect: true, strictFileInteractability: false, timeouts: {implicit: 0, pageLoad: 300000, script: 30000}, unhandledPromptBehavior: dismiss and notify, webauthn:extension:credBlob: true, webauthn:extension:largeBlob: true, webauthn:extension:minPinLength: true, webauthn:extension:prf: true, webauthn:virtualAuthenticators: true}
Session ID: de1aae0030c292e08ea0c5dc59192949
*** Element info: {Using=xpath, value=//div[@class='modal-content']/div/i[contains(@class,'close')]}
Before method Test name: Maintainance Tests
CreateAdcopyoflen15 started!
2024-01-25 23:24:56,360 [main] INFO  base.BaseClass - Trying to find Element By {by.toString()})
2024-01-25 23:24:56,383 [main] INFO  base.BaseClass - Found Element By {by.toString()}
2024-01-25 23:24:56,917 [main] INFO  base.BaseClass - Trying to find Element By {by.toString()})
2024-01-25 23:24:56,932 [main] INFO  base.BaseClass - Found Element By {by.toString()}
2024-01-25 23:24:57,473 [main] INFO  base.BaseClass - Trying to find Element By {by.toString()})
2024-01-25 23:24:57,490 [main] INFO  base.BaseClass - Found Element By {by.toString()}
2024-01-25 23:24:58,021 [main] INFO  base.BaseClass - Trying to find Element By {by.toString()})
2024-01-25 23:24:58,038 [main] INFO  base.BaseClass - Found Element By {by.toString()}
2024-01-25 23:24:58,565 [main] INFO  base.BaseClass - Trying to find Element By {by.toString()})
2024-01-25 23:24:58,586 [main] INFO  base.BaseClass - Found Element By {by.toString()}
2024-01-25 23:24:59,111 [main] INFO  base.BaseClass - Trying to find Element By {by.toString()})
2024-01-25 23:24:59,134 [main] INFO  base.BaseClass - Found Element By {by.toString()}
2024-01-25 23:24:59,672 [main] INFO  base.BaseClass - Trying to find Element By {by.toString()})
2024-01-25 23:24:59,694 [main] INFO  base.BaseClass - Found Element By {by.toString()}
2024-01-25 23:25:00,239 [main] INFO  base.BaseClass - Trying to find Element By {by.toString()})
2024-01-25 23:25:00,261 [main] INFO  base.BaseClass - Found Element By {by.toString()}
2024-01-25 23:25:00,793 [main] INFO  base.BaseClass - Trying to find Element By {by.toString()})
2024-01-25 23:25:00,813 [main] INFO  base.BaseClass - Found Element By {by.toString()}
2024-01-25 23:25:01,346 [main] INFO  base.BaseClass - Trying to find Element By {by.toString()})
2024-01-25 23:25:01,361 [main] INFO  base.BaseClass - Found Element By {by.toString()}
2024-01-25 23:25:01,890 [main] INFO  base.BaseClass - Trying to find Element By {by.toString()})
2024-01-25 23:25:01,912 [main] INFO  base.BaseClass - Found Element By {by.toString()}
2024-01-25 23:25:02,452 [main] INFO  base.BaseClass - Trying to find Element By {by.toString()})
2024-01-25 23:25:02,472 [main] INFO  base.BaseClass - Found Element By {by.toString()}
2024-01-25 23:25:02,997 [main] INFO  base.BaseClass - Trying to find Element By {by.toString()})
2024-01-25 23:25:03,019 [main] INFO  base.BaseClass - Found Element By {by.toString()}
2024-01-25 23:25:03,550 [main] INFO  base.BaseClass - Trying to find Element By {by.toString()})
2024-01-25 23:25:03,563 [main] INFO  base.BaseClass - Found Element By {by.toString()}
2024-01-25 23:25:04,087 [main] INFO  base.BaseClass - Trying to find Element By {by.toString()})
2024-01-25 23:25:04,107 [main] INFO  base.BaseClass - Found Element By {by.toString()}
2024-01-25 23:25:04,635 [main] INFO  base.BaseClass - Trying to find Element By {by.toString()})
2024-01-25 23:25:04,656 [main] INFO  base.BaseClass - Found Element By {by.toString()}
2024-01-25 23:25:05,188 [main] INFO  base.BaseClass - Trying to find Element By {by.toString()})
2024-01-25 23:25:05,207 [main] INFO  base.BaseClass - Found Element By {by.toString()}
2024-01-25 23:25:05,732 [main] INFO  base.BaseClass - Trying to find Element By {by.toString()})
2024-01-25 23:25:05,752 [main] INFO  base.BaseClass - Found Element By {by.toString()}
2024-01-25 23:25:06,290 [main] INFO  base.BaseClass - Trying to find Element By {by.toString()})
2024-01-25 23:25:06,308 [main] INFO  base.BaseClass - Found Element By {by.toString()}
2024-01-25 23:25:06,839 [main] INFO  base.BaseClass - Trying to find Element By {by.toString()})
2024-01-25 23:25:06,860 [main] INFO  base.BaseClass - Found Element By {by.toString()}
2024-01-25 23:25:07,391 [main] INFO  base.BaseClass - Trying to find Element By {by.toString()})
2024-01-25 23:25:07,412 [main] INFO  base.BaseClass - Found Element By {by.toString()}
2024-01-25 23:25:07,933 [main] INFO  base.BaseClass - Trying to find Element By {by.toString()})
2024-01-25 23:25:07,954 [main] INFO  base.BaseClass - Found Element By {by.toString()}
2024-01-25 23:25:08,482 [main] INFO  base.BaseClass - Trying to find Element By {by.toString()})
2024-01-25 23:25:08,502 [main] INFO  base.BaseClass - Found Element By {by.toString()}
2024-01-25 23:25:09,031 [main] INFO  base.BaseClass - Trying to find Element By {by.toString()})
2024-01-25 23:25:09,052 [main] INFO  base.BaseClass - Found Element By {by.toString()}
2024-01-25 23:25:09,594 [main] INFO  base.BaseClass - Trying to find Element By {by.toString()})
2024-01-25 23:25:09,615 [main] INFO  base.BaseClass - Found Element By {by.toString()}
2024-01-25 23:25:10,159 [main] INFO  base.BaseClass - Trying to find Element By {by.toString()})
2024-01-25 23:25:10,175 [main] INFO  base.BaseClass - Found Element By {by.toString()}
2024-01-25 23:25:10,701 [main] INFO  base.BaseClass - Trying to find Element By {by.toString()})
2024-01-25 23:25:10,723 [main] INFO  base.BaseClass - Found Element By {by.toString()}
2024-01-25 23:25:11,251 [main] INFO  base.BaseClass - Trying to find Element By {by.toString()})
2024-01-25 23:25:11,271 [main] INFO  base.BaseClass - Found Element By {by.toString()}
2024-01-25 23:25:11,800 [main] INFO  base.BaseClass - Trying to find Element By {by.toString()})
2024-01-25 23:25:11,822 [main] INFO  base.BaseClass - Found Element By {by.toString()}
2024-01-25 23:25:12,345 [main] INFO  base.BaseClass - Trying to find Element By {by.toString()})
2024-01-25 23:25:12,365 [main] INFO  base.BaseClass - Found Element By {by.toString()}
2024-01-25 23:25:12,897 [main] INFO  base.BaseClass - Trying to find Element By {by.toString()})
2024-01-25 23:25:12,917 [main] INFO  base.BaseClass - Found Element By {by.toString()}
2024-01-25 23:25:13,448 [main] INFO  base.BaseClass - Trying to find Element By {by.toString()})
2024-01-25 23:25:13,464 [main] INFO  base.BaseClass - Found Element By {by.toString()}
2024-01-25 23:25:13,989 [main] INFO  base.BaseClass - Trying to find Element By {by.toString()})
2024-01-25 23:25:14,011 [main] INFO  base.BaseClass - Found Element By {by.toString()}
2024-01-25 23:25:14,547 [main] INFO  base.BaseClass - Trying to find Element By {by.toString()})
2024-01-25 23:25:14,569 [main] INFO  base.BaseClass - Found Element By {by.toString()}
2024-01-25 23:25:15,103 [main] INFO  base.BaseClass - Trying to find Element By {by.toString()})
2024-01-25 23:25:15,127 [main] INFO  base.BaseClass - Found Element By {by.toString()}
2024-01-25 23:25:15,658 [main] INFO  base.BaseClass - Trying to find Element By {by.toString()})
2024-01-25 23:25:15,679 [main] INFO  base.BaseClass - Found Element By {by.toString()}
2024-01-25 23:25:16,210 [main] INFO  base.BaseClass - Trying to find Element By {by.toString()})
2024-01-25 23:25:16,232 [main] INFO  base.BaseClass - Found Element By {by.toString()}
2024-01-25 23:25:16,765 [main] INFO  base.BaseClass - Trying to find Element By {by.toString()})
2024-01-25 23:25:16,787 [main] INFO  base.BaseClass - Found Element By {by.toString()}
2024-01-25 23:25:17,317 [main] INFO  base.BaseClass - Trying to find Element By {by.toString()})
2024-01-25 23:25:17,337 [main] INFO  base.BaseClass - Found Element By {by.toString()}
2024-01-25 23:25:17,868 [main] INFO  base.BaseClass - Trying to find Element By {by.toString()})
2024-01-25 23:25:17,890 [main] INFO  base.BaseClass - Found Element By {by.toString()}
2024-01-25 23:25:18,422 [main] INFO  base.BaseClass - Trying to find Element By {by.toString()})
2024-01-25 23:25:18,443 [main] INFO  base.BaseClass - Found Element By {by.toString()}
2024-01-25 23:25:18,973 [main] INFO  base.BaseClass - Trying to find Element By {by.toString()})
2024-01-25 23:25:18,995 [main] INFO  base.BaseClass - Found Element By {by.toString()}
2024-01-25 23:25:19,518 [main] INFO  base.BaseClass - Trying to find Element By {by.toString()})
2024-01-25 23:25:19,540 [main] INFO  base.BaseClass - Found Element By {by.toString()}
2024-01-25 23:25:20,070 [main] INFO  base.BaseClass - Trying to find Element By {by.toString()})
2024-01-25 23:25:20,091 [main] INFO  base.BaseClass - Found Element By {by.toString()}
2024-01-25 23:25:20,622 [main] INFO  base.BaseClass - Trying to find Element By {by.toString()})
2024-01-25 23:25:20,636 [main] INFO  base.BaseClass - Found Element By {by.toString()}
2024-01-25 23:25:21,169 [main] INFO  base.BaseClass - Trying to find Element By {by.toString()})
2024-01-25 23:25:21,190 [main] INFO  base.BaseClass - Found Element By {by.toString()}
2024-01-25 23:25:21,725 [main] INFO  base.BaseClass - Trying to find Element By {by.toString()})
2024-01-25 23:25:21,981 [main] INFO  base.BaseClass - Found Element By {by.toString()}
2024-01-25 23:25:22,523 [main] INFO  base.BaseClass - Trying to find Element By {by.toString()})
2024-01-25 23:25:22,546 [main] INFO  base.BaseClass - Found Element By {by.toString()}
2024-01-25 23:25:23,081 [main] INFO  base.BaseClass - Trying to find Element By {by.toString()})
2024-01-25 23:25:23,106 [main] INFO  base.BaseClass - Found Element By {by.toString()}
2024-01-25 23:25:23,645 [main] INFO  base.BaseClass - Trying to find Element By {by.toString()})
2024-01-25 23:25:23,668 [main] INFO  base.BaseClass - Found Element By {by.toString()}
2024-01-25 23:25:24,198 [main] INFO  base.BaseClass - Trying to find Element By {by.toString()})
2024-01-25 23:25:24,222 [main] INFO  base.BaseClass - Found Element By {by.toString()}
2024-01-25 23:25:24,756 [main] INFO  base.BaseClass - Trying to find Element By {by.toString()})
2024-01-25 23:25:24,772 [main] INFO  base.BaseClass - Found Element By {by.toString()}
2024-01-25 23:25:25,291 [main] INFO  base.BaseClass - Trying to find Element By {by.toString()})
2024-01-25 23:25:25,310 [main] INFO  base.BaseClass - Found Element By {by.toString()}
2024-01-25 23:25:25,854 [main] INFO  base.BaseClass - Trying to find Element By {by.toString()})
2024-01-25 23:25:25,878 [main] INFO  base.BaseClass - Found Element By {by.toString()}
2024-01-25 23:25:26,416 [main] INFO  base.BaseClass - Trying to find Element By {by.toString()})
2024-01-25 23:25:26,431 [main] INFO  base.BaseClass - Found Element By {by.toString()}
TimeoutException occurred: Expected condition failed: waiting for helper.WaitUtility$5@68322bef (tried for 30 second(s) with 500 milliseconds interval)
Build info: version: '3.141.59', revision: 'e82be7d358', time: '2018-11-14T08:17:03'
System info: host: 'DPLAP166', ip: '137.237.3.67', os.name: 'Windows 10', os.arch: 'amd64', os.version: '10.0', java.version: '19.0.1'
Driver info: org.openqa.selenium.support.events.EventFiringWebDriver
Capabilities {acceptInsecureCerts: true, browserName: chrome, browserVersion: 121.0.6167.86, chrome: {chromedriverVersion: 121.0.6167.85 (3f98d690ad7e..., userDataDir: C:\Users\dP-PL\AppData\Loca...}, fedcm:accounts: true, goog:chromeOptions: {debuggerAddress: localhost:56163}, javascriptEnabled: true, networkConnectionEnabled: false, pageLoadStrategy: normal, platform: WINDOWS, platformName: WINDOWS, proxy: Proxy(), setWindowRect: true, strictFileInteractability: false, timeouts: {implicit: 0, pageLoad: 300000, script: 30000}, unhandledPromptBehavior: dismiss and notify, webauthn:extension:credBlob: true, webauthn:extension:largeBlob: true, webauthn:extension:minPinLength: true, webauthn:extension:prf: true, webauthn:virtualAuthenticators: true}
Session ID: de1aae0030c292e08ea0c5dc59192949
2024-01-25 23:25:26,459 [main] ERROR XGLT_15177_Test - Element did not become visible within the specified time: Expected condition failed: waiting for helper.WaitUtility$5@68322bef (tried for 30 second(s) with 500 milliseconds interval)
Build info: version: '3.141.59', revision: 'e82be7d358', time: '2018-11-14T08:17:03'
System info: host: 'DPLAP166', ip: '137.237.3.67', os.name: 'Windows 10', os.arch: 'amd64', os.version: '10.0', java.version: '19.0.1'
Driver info: org.openqa.selenium.support.events.EventFiringWebDriver
Capabilities {acceptInsecureCerts: true, browserName: chrome, browserVersion: 121.0.6167.86, chrome: {chromedriverVersion: 121.0.6167.85 (3f98d690ad7e..., userDataDir: C:\Users\dP-PL\AppData\Loca...}, fedcm:accounts: true, goog:chromeOptions: {debuggerAddress: localhost:56163}, javascriptEnabled: true, networkConnectionEnabled: false, pageLoadStrategy: normal, platform: WINDOWS, platformName: WINDOWS, proxy: Proxy(), setWindowRect: true, strictFileInteractability: false, timeouts: {implicit: 0, pageLoad: 300000, script: 30000}, unhandledPromptBehavior: dismiss and notify, webauthn:extension:credBlob: true, webauthn:extension:largeBlob: true, webauthn:extension:minPinLength: true, webauthn:extension:prf: true, webauthn:virtualAuthenticators: true}
Session ID: de1aae0030c292e08ea0c5dc59192949
2024-01-25 23:25:26,459 [main] INFO  base.BaseClass - Trying to find Element By {by.toString()})
2024-01-25 23:25:26,472 [main] INFO  base.BaseClass - Found Element By {by.toString()}
2024-01-25 23:25:26,472 [main] INFO  base.BaseClass - Trying to click on: {element.toString()}
2024-01-25 23:25:26,541 [main] INFO  base.BaseClass - Clicked on: {element.toString()}
2024-01-25 23:25:26,541 [main] INFO  base.BaseClass - Trying to find Element By {by.toString()})
2024-01-25 23:25:26,552 [main] INFO  base.BaseClass - Found Element By {by.toString()}
2024-01-25 23:25:27,065 [main] INFO  base.BaseClass - Trying to find Element By {by.toString()})
2024-01-25 23:25:27,088 [main] INFO  base.BaseClass - Found Element By {by.toString()}
2024-01-25 23:25:27,631 [main] INFO  base.BaseClass - Trying to find Element By {by.toString()})
2024-01-25 23:25:27,643 [main] INFO  base.BaseClass - Found Element By {by.toString()}
2024-01-25 23:25:28,163 [main] INFO  base.BaseClass - Trying to find Element By {by.toString()})
2024-01-25 23:25:28,188 [main] INFO  base.BaseClass - Found Element By {by.toString()}
2024-01-25 23:25:28,720 [main] INFO  base.BaseClass - Trying to find Element By {by.toString()})
2024-01-25 23:25:28,735 [main] INFO  base.BaseClass - Found Element By {by.toString()}
2024-01-25 23:25:29,261 [main] INFO  base.BaseClass - Trying to find Element By {by.toString()})
2024-01-25 23:25:29,284 [main] INFO  base.BaseClass - Found Element By {by.toString()}
2024-01-25 23:25:29,806 [main] INFO  base.BaseClass - Trying to find Element By {by.toString()})
2024-01-25 23:25:29,828 [main] INFO  base.BaseClass - Found Element By {by.toString()}
2024-01-25 23:25:30,373 [main] INFO  base.BaseClass - Trying to find Element By {by.toString()})
2024-01-25 23:25:30,397 [main] INFO  base.BaseClass - Found Element By {by.toString()}
2024-01-25 23:25:30,937 [main] INFO  base.BaseClass - Trying to find Element By {by.toString()})
2024-01-25 23:25:30,961 [main] INFO  base.BaseClass - Found Element By {by.toString()}
2024-01-25 23:25:31,496 [main] INFO  base.BaseClass - Trying to find Element By {by.toString()})
2024-01-25 23:25:31,513 [main] INFO  base.BaseClass - Found Element By {by.toString()}
2024-01-25 23:25:32,049 [main] INFO  base.BaseClass - Trying to find Element By {by.toString()})
2024-01-25 23:25:32,072 [main] INFO  base.BaseClass - Found Element By {by.toString()}
2024-01-25 23:25:32,608 [main] INFO  base.BaseClass - Trying to find Element By {by.toString()})
2024-01-25 23:25:32,632 [main] INFO  base.BaseClass - Found Element By {by.toString()}
2024-01-25 23:25:33,164 [main] INFO  base.BaseClass - Trying to find Element By {by.toString()})
2024-01-25 23:25:33,187 [main] INFO  base.BaseClass - Found Element By {by.toString()}
2024-01-25 23:25:33,717 [main] INFO  base.BaseClass - Trying to find Element By {by.toString()})
2024-01-25 23:25:33,741 [main] INFO  base.BaseClass - Found Element By {by.toString()}
2024-01-25 23:25:34,272 [main] INFO  base.BaseClass - Trying to find Element By {by.toString()})
2024-01-25 23:25:34,297 [main] INFO  base.BaseClass - Found Element By {by.toString()}
2024-01-25 23:25:34,838 [main] INFO  base.BaseClass - Trying to find Element By {by.toString()})
2024-01-25 23:25:34,862 [main] INFO  base.BaseClass - Found Element By {by.toString()}
2024-01-25 23:25:35,402 [main] INFO  base.BaseClass - Trying to find Element By {by.toString()})
2024-01-25 23:25:35,499 [main] INFO  base.BaseClass - Found Element By {by.toString()}
2024-01-25 23:25:36,028 [main] INFO  base.BaseClass - Trying to find Element By {by.toString()})
2024-01-25 23:25:36,044 [main] INFO  base.BaseClass - Found Element By {by.toString()}
2024-01-25 23:25:36,573 [main] INFO  base.BaseClass - Trying to find Element By {by.toString()})
2024-01-25 23:25:36,581 [main] INFO  base.BaseClass - Found Element By {by.toString()}
2024-01-25 23:25:37,094 [main] INFO  base.BaseClass - Trying to find Element By {by.toString()})
2024-01-25 23:25:37,117 [main] INFO  base.BaseClass - Found Element By {by.toString()}
2024-01-25 23:25:37,650 [main] INFO  base.BaseClass - Trying to find Element By {by.toString()})
2024-01-25 23:25:37,673 [main] INFO  base.BaseClass - Found Element By {by.toString()}
2024-01-25 23:25:38,212 [main] INFO  base.BaseClass - Trying to find Element By {by.toString()})
2024-01-25 23:25:38,235 [main] INFO  base.BaseClass - Found Element By {by.toString()}
2024-01-25 23:25:38,780 [main] INFO  base.BaseClass - Trying to find Element By {by.toString()})
2024-01-25 23:25:38,803 [main] INFO  base.BaseClass - Found Element By {by.toString()}
2024-01-25 23:25:39,329 [main] INFO  base.BaseClass - Trying to find Element By {by.toString()})
2024-01-25 23:25:39,346 [main] INFO  base.BaseClass - Found Element By {by.toString()}
2024-01-25 23:25:39,876 [main] INFO  base.BaseClass - Trying to find Element By {by.toString()})
2024-01-25 23:25:39,897 [main] INFO  base.BaseClass - Found Element By {by.toString()}
2024-01-25 23:25:40,419 [main] INFO  base.BaseClass - Trying to find Element By {by.toString()})
2024-01-25 23:25:40,436 [main] INFO  base.BaseClass - Found Element By {by.toString()}
2024-01-25 23:25:40,965 [main] INFO  base.BaseClass - Trying to find Element By {by.toString()})
2024-01-25 23:25:40,985 [main] INFO  base.BaseClass - Found Element By {by.toString()}
2024-01-25 23:25:41,526 [main] INFO  base.BaseClass - Trying to find Element By {by.toString()})
2024-01-25 23:25:41,548 [main] INFO  base.BaseClass - Found Element By {by.toString()}
2024-01-25 23:25:42,077 [main] INFO  base.BaseClass - Trying to find Element By {by.toString()})
2024-01-25 23:25:42,100 [main] INFO  base.BaseClass - Found Element By {by.toString()}
2024-01-25 23:25:42,632 [main] INFO  base.BaseClass - Trying to find Element By {by.toString()})
2024-01-25 23:25:42,656 [main] INFO  base.BaseClass - Found Element By {by.toString()}
2024-01-25 23:25:43,201 [main] INFO  base.BaseClass - Trying to find Element By {by.toString()})
2024-01-25 23:25:43,224 [main] INFO  base.BaseClass - Found Element By {by.toString()}
2024-01-25 23:25:43,744 [main] INFO  base.BaseClass - Trying to find Element By {by.toString()})
2024-01-25 23:25:43,767 [main] INFO  base.BaseClass - Found Element By {by.toString()}
2024-01-25 23:25:44,301 [main] INFO  base.BaseClass - Trying to find Element By {by.toString()})
2024-01-25 23:25:44,323 [main] INFO  base.BaseClass - Found Element By {by.toString()}
2024-01-25 23:25:44,857 [main] INFO  base.BaseClass - Trying to find Element By {by.toString()})
2024-01-25 23:25:44,880 [main] INFO  base.BaseClass - Found Element By {by.toString()}
2024-01-25 23:25:45,414 [main] INFO  base.BaseClass - Trying to find Element By {by.toString()})
2024-01-25 23:25:45,437 [main] INFO  base.BaseClass - Found Element By {by.toString()}
2024-01-25 23:25:45,963 [main] INFO  base.BaseClass - Trying to find Element By {by.toString()})
2024-01-25 23:25:45,985 [main] INFO  base.BaseClass - Found Element By {by.toString()}
2024-01-25 23:25:46,517 [main] INFO  base.BaseClass - Trying to find Element By {by.toString()})
2024-01-25 23:25:46,539 [main] INFO  base.BaseClass - Found Element By {by.toString()}
2024-01-25 23:25:47,063 [main] INFO  base.BaseClass - Trying to find Element By {by.toString()})
2024-01-25 23:25:47,085 [main] INFO  base.BaseClass - Found Element By {by.toString()}
2024-01-25 23:25:47,618 [main] INFO  base.BaseClass - Trying to find Element By {by.toString()})
2024-01-25 23:25:47,639 [main] INFO  base.BaseClass - Found Element By {by.toString()}
2024-01-25 23:25:48,169 [main] INFO  base.BaseClass - Trying to find Element By {by.toString()})
2024-01-25 23:25:48,190 [main] INFO  base.BaseClass - Found Element By {by.toString()}
2024-01-25 23:25:48,723 [main] INFO  base.BaseClass - Trying to find Element By {by.toString()})
2024-01-25 23:25:48,745 [main] INFO  base.BaseClass - Found Element By {by.toString()}
2024-01-25 23:25:49,266 [main] INFO  base.BaseClass - Trying to find Element By {by.toString()})
2024-01-25 23:25:49,287 [main] INFO  base.BaseClass - Found Element By {by.toString()}
2024-01-25 23:25:49,828 [main] INFO  base.BaseClass - Trying to find Element By {by.toString()})
2024-01-25 23:25:49,851 [main] INFO  base.BaseClass - Found Element By {by.toString()}
2024-01-25 23:25:50,376 [main] INFO  base.BaseClass - Trying to find Element By {by.toString()})
2024-01-25 23:25:50,393 [main] INFO  base.BaseClass - Found Element By {by.toString()}
2024-01-25 23:25:50,918 [main] INFO  base.BaseClass - Trying to find Element By {by.toString()})
2024-01-25 23:25:50,941 [main] INFO  base.BaseClass - Found Element By {by.toString()}
2024-01-25 23:25:51,472 [main] INFO  base.BaseClass - Trying to find Element By {by.toString()})
2024-01-25 23:25:51,492 [main] INFO  base.BaseClass - Found Element By {by.toString()}
2024-01-25 23:25:52,024 [main] INFO  base.BaseClass - Trying to find Element By {by.toString()})
2024-01-25 23:25:52,046 [main] INFO  base.BaseClass - Found Element By {by.toString()}
2024-01-25 23:25:52,577 [main] INFO  base.BaseClass - Trying to find Element By {by.toString()})
2024-01-25 23:25:52,598 [main] INFO  base.BaseClass - Found Element By {by.toString()}
2024-01-25 23:25:53,129 [main] INFO  base.BaseClass - Trying to find Element By {by.toString()})
2024-01-25 23:25:53,150 [main] INFO  base.BaseClass - Found Element By {by.toString()}
2024-01-25 23:25:53,689 [main] INFO  base.BaseClass - Trying to find Element By {by.toString()})
2024-01-25 23:25:53,711 [main] INFO  base.BaseClass - Found Element By {by.toString()}
2024-01-25 23:25:54,241 [main] INFO  base.BaseClass - Trying to find Element By {by.toString()})
2024-01-25 23:25:54,262 [main] INFO  base.BaseClass - Found Element By {by.toString()}
2024-01-25 23:25:54,795 [main] INFO  base.BaseClass - Trying to find Element By {by.toString()})
2024-01-25 23:25:54,815 [main] INFO  base.BaseClass - Found Element By {by.toString()}
2024-01-25 23:25:55,346 [main] INFO  base.BaseClass - Trying to find Element By {by.toString()})
2024-01-25 23:25:55,368 [main] INFO  base.BaseClass - Found Element By {by.toString()}
2024-01-25 23:25:55,899 [main] INFO  base.BaseClass - Trying to find Element By {by.toString()})
2024-01-25 23:25:55,920 [main] INFO  base.BaseClass - Found Element By {by.toString()}
2024-01-25 23:25:56,451 [main] INFO  base.BaseClass - Trying to find Element By {by.toString()})
2024-01-25 23:25:56,471 [main] INFO  base.BaseClass - Found Element By {by.toString()}
2024-01-25 23:25:57,002 [main] INFO  base.BaseClass - Trying to find Element By {by.toString()})
2024-01-25 23:25:57,011 [main] INFO  base.BaseClass - Found Element By {by.toString()}
TimeoutException occurred: Expected condition failed: waiting for helper.WaitUtility$5@3a82c52a (tried for 30 second(s) with 500 milliseconds interval)
Build info: version: '3.141.59', revision: 'e82be7d358', time: '2018-11-14T08:17:03'
System info: host: 'DPLAP166', ip: '137.237.3.67', os.name: 'Windows 10', os.arch: 'amd64', os.version: '10.0', java.version: '19.0.1'
Driver info: org.openqa.selenium.support.events.EventFiringWebDriver
Capabilities {acceptInsecureCerts: true, browserName: chrome, browserVersion: 121.0.6167.86, chrome: {chromedriverVersion: 121.0.6167.85 (3f98d690ad7e..., userDataDir: C:\Users\dP-PL\AppData\Loca...}, fedcm:accounts: true, goog:chromeOptions: {debuggerAddress: localhost:56163}, javascriptEnabled: true, networkConnectionEnabled: false, pageLoadStrategy: normal, platform: WINDOWS, platformName: WINDOWS, proxy: Proxy(), setWindowRect: true, strictFileInteractability: false, timeouts: {implicit: 0, pageLoad: 300000, script: 30000}, unhandledPromptBehavior: dismiss and notify, webauthn:extension:credBlob: true, webauthn:extension:largeBlob: true, webauthn:extension:minPinLength: true, webauthn:extension:prf: true, webauthn:virtualAuthenticators: true}
Session ID: de1aae0030c292e08ea0c5dc59192949
2024-01-25 23:25:57,023 [main] ERROR XGLT_15177_Test - Element did not become visible within the specified time: Expected condition failed: waiting for helper.WaitUtility$5@3a82c52a (tried for 30 second(s) with 500 milliseconds interval)
Build info: version: '3.141.59', revision: 'e82be7d358', time: '2018-11-14T08:17:03'
System info: host: 'DPLAP166', ip: '137.237.3.67', os.name: 'Windows 10', os.arch: 'amd64', os.version: '10.0', java.version: '19.0.1'
Driver info: org.openqa.selenium.support.events.EventFiringWebDriver
Capabilities {acceptInsecureCerts: true, browserName: chrome, browserVersion: 121.0.6167.86, chrome: {chromedriverVersion: 121.0.6167.85 (3f98d690ad7e..., userDataDir: C:\Users\dP-PL\AppData\Loca...}, fedcm:accounts: true, goog:chromeOptions: {debuggerAddress: localhost:56163}, javascriptEnabled: true, networkConnectionEnabled: false, pageLoadStrategy: normal, platform: WINDOWS, platformName: WINDOWS, proxy: Proxy(), setWindowRect: true, strictFileInteractability: false, timeouts: {implicit: 0, pageLoad: 300000, script: 30000}, unhandledPromptBehavior: dismiss and notify, webauthn:extension:credBlob: true, webauthn:extension:largeBlob: true, webauthn:extension:minPinLength: true, webauthn:extension:prf: true, webauthn:virtualAuthenticators: true}
Session ID: de1aae0030c292e08ea0c5dc59192949
2024-01-25 23:25:57,023 [main] INFO  base.BaseClass - Trying to find Element By {by.toString()})
2024-01-25 23:25:57,033 [main] INFO  base.BaseClass - Found Element By {by.toString()}
2024-01-25 23:25:57,033 [main] INFO  base.BaseClass - Trying to click on: {element.toString()}
2024-01-25 23:25:57,216 [main] INFO  base.BaseClass - Clicked on: {element.toString()}
2024-01-25 23:25:57,228 [main] INFO  base.BaseClass - Trying to find Element By {by.toString()})
2024-01-25 23:25:57,241 [main] INFO  base.BaseClass - Found Element By {by.toString()}
2024-01-25 23:25:57,755 [main] INFO  base.BaseClass - Trying to find Element By {by.toString()})
2024-01-25 23:25:57,780 [main] INFO  base.BaseClass - Found Element By {by.toString()}
2024-01-25 23:25:58,363 [main] INFO  base.BaseClass - Trying to find Element By {by.toString()})
2024-01-25 23:25:58,392 [main] INFO  base.BaseClass - Found Element By {by.toString()}
2024-01-25 23:25:58,928 [main] INFO  base.BaseClass - Trying to find Element By {by.toString()})
2024-01-25 23:25:58,954 [main] INFO  base.BaseClass - Found Element By {by.toString()}
2024-01-25 23:25:59,480 [main] INFO  base.BaseClass - Trying to find Element By {by.toString()})
2024-01-25 23:25:59,496 [main] INFO  base.BaseClass - Found Element By {by.toString()}
2024-01-25 23:26:00,023 [main] INFO  base.BaseClass - Trying to find Element By {by.toString()})
2024-01-25 23:26:00,032 [main] INFO  base.BaseClass - Found Element By {by.toString()}
2024-01-25 23:26:00,545 [main] INFO  base.BaseClass - Trying to find Element By {by.toString()})
2024-01-25 23:26:00,556 [main] INFO  base.BaseClass - Found Element By {by.toString()}
2024-01-25 23:26:01,069 [main] INFO  base.BaseClass - Trying to find Element By {by.toString()})
2024-01-25 23:26:01,089 [main] INFO  base.BaseClass - Found Element By {by.toString()}
2024-01-25 23:26:01,607 [main] INFO  base.BaseClass - Trying to find Element By {by.toString()})
2024-01-25 23:26:01,624 [main] INFO  base.BaseClass - Found Element By {by.toString()}
2024-01-25 23:26:02,149 [main] INFO  base.BaseClass - Trying to find Element By {by.toString()})
2024-01-25 23:26:02,171 [main] INFO  base.BaseClass - Found Element By {by.toString()}
2024-01-25 23:26:02,702 [main] INFO  base.BaseClass - Trying to find Element By {by.toString()})
2024-01-25 23:26:02,726 [main] INFO  base.BaseClass - Found Element By {by.toString()}
2024-01-25 23:26:03,263 [main] INFO  base.BaseClass - Trying to find Element By {by.toString()})
2024-01-25 23:26:03,286 [main] INFO  base.BaseClass - Found Element By {by.toString()}
2024-01-25 23:26:03,827 [main] INFO  base.BaseClass - Trying to find Element By {by.toString()})
2024-01-25 23:26:03,850 [main] INFO  base.BaseClass - Found Element By {by.toString()}
2024-01-25 23:26:04,384 [main] INFO  base.BaseClass - Trying to find Element By {by.toString()})
2024-01-25 23:26:04,402 [main] INFO  base.BaseClass - Found Element By {by.toString()}
2024-01-25 23:26:04,927 [main] INFO  base.BaseClass - Trying to find Element By {by.toString()})
2024-01-25 23:26:04,950 [main] INFO  base.BaseClass - Found Element By {by.toString()}
2024-01-25 23:26:05,478 [main] INFO  base.BaseClass - Trying to find Element By {by.toString()})
2024-01-25 23:26:05,498 [main] INFO  base.BaseClass - Found Element By {by.toString()}
2024-01-25 23:26:06,022 [main] INFO  base.BaseClass - Trying to find Element By {by.toString()})
2024-01-25 23:26:06,045 [main] INFO  base.BaseClass - Found Element By {by.toString()}
2024-01-25 23:26:06,581 [main] INFO  base.BaseClass - Trying to find Element By {by.toString()})
2024-01-25 23:26:06,603 [main] INFO  base.BaseClass - Found Element By {by.toString()}
2024-01-25 23:26:07,144 [main] INFO  base.BaseClass - Trying to find Element By {by.toString()})
2024-01-25 23:26:07,167 [main] INFO  base.BaseClass - Found Element By {by.toString()}
2024-01-25 23:26:07,701 [main] INFO  base.BaseClass - Trying to find Element By {by.toString()})
2024-01-25 23:26:07,724 [main] INFO  base.BaseClass - Found Element By {by.toString()}
2024-01-25 23:26:08,256 [main] INFO  base.BaseClass - Trying to find Element By {by.toString()})
2024-01-25 23:26:08,280 [main] INFO  base.BaseClass - Found Element By {by.toString()}
2024-01-25 23:26:08,814 [main] INFO  base.BaseClass - Trying to find Element By {by.toString()})
2024-01-25 23:26:08,848 [main] INFO  base.BaseClass - Found Element By {by.toString()}
2024-01-25 23:26:09,363 [main] INFO  base.BaseClass - Trying to find Element By {by.toString()})
2024-01-25 23:26:09,387 [main] INFO  base.BaseClass - Found Element By {by.toString()}
2024-01-25 23:26:09,914 [main] INFO  base.BaseClass - Trying to find Element By {by.toString()})
2024-01-25 23:26:09,935 [main] INFO  base.BaseClass - Found Element By {by.toString()}
2024-01-25 23:26:10,463 [main] INFO  base.BaseClass - Trying to find Element By {by.toString()})
2024-01-25 23:26:10,488 [main] INFO  base.BaseClass - Found Element By {by.toString()}
2024-01-25 23:26:11,023 [main] INFO  base.BaseClass - Trying to find Element By {by.toString()})
2024-01-25 23:26:11,048 [main] INFO  base.BaseClass - Found Element By {by.toString()}
2024-01-25 23:26:11,580 [main] INFO  base.BaseClass - Trying to find Element By {by.toString()})
2024-01-25 23:26:11,602 [main] INFO  base.BaseClass - Found Element By {by.toString()}
2024-01-25 23:26:12,126 [main] INFO  base.BaseClass - Trying to find Element By {by.toString()})
2024-01-25 23:26:12,150 [main] INFO  base.BaseClass - Found Element By {by.toString()}
2024-01-25 23:26:12,681 [main] INFO  base.BaseClass - Trying to find Element By {by.toString()})
2024-01-25 23:26:12,705 [main] INFO  base.BaseClass - Found Element By {by.toString()}
2024-01-25 23:26:13,236 [main] INFO  base.BaseClass - Trying to find Element By {by.toString()})
2024-01-25 23:26:13,260 [main] INFO  base.BaseClass - Found Element By {by.toString()}
2024-01-25 23:26:13,790 [main] INFO  base.BaseClass - Trying to find Element By {by.toString()})
2024-01-25 23:26:13,814 [main] INFO  base.BaseClass - Found Element By {by.toString()}
2024-01-25 23:26:14,346 [main] INFO  base.BaseClass - Trying to find Element By {by.toString()})
2024-01-25 23:26:14,369 [main] INFO  base.BaseClass - Found Element By {by.toString()}
2024-01-25 23:26:14,914 [main] INFO  base.BaseClass - Trying to find Element By {by.toString()})
2024-01-25 23:26:14,936 [main] INFO  base.BaseClass - Found Element By {by.toString()}
2024-01-25 23:26:15,478 [main] INFO  base.BaseClass - Trying to find Element By {by.toString()})
2024-01-25 23:26:15,499 [main] INFO  base.BaseClass - Found Element By {by.toString()}
2024-01-25 23:26:16,031 [main] INFO  base.BaseClass - Trying to find Element By {by.toString()})
2024-01-25 23:26:16,055 [main] INFO  base.BaseClass - Found Element By {by.toString()}
2024-01-25 23:26:16,589 [main] INFO  base.BaseClass - Trying to find Element By {by.toString()})
2024-01-25 23:26:16,613 [main] INFO  base.BaseClass - Found Element By {by.toString()}
2024-01-25 23:26:17,149 [main] INFO  base.BaseClass - Trying to find Element By {by.toString()})
2024-01-25 23:26:17,172 [main] INFO  base.BaseClass - Found Element By {by.toString()}
2024-01-25 23:26:17,710 [main] INFO  base.BaseClass - Trying to find Element By {by.toString()})
2024-01-25 23:26:17,733 [main] INFO  base.BaseClass - Found Element By {by.toString()}
2024-01-25 23:26:18,265 [main] INFO  base.BaseClass - Trying to find Element By {by.toString()})
2024-01-25 23:26:18,289 [main] INFO  base.BaseClass - Found Element By {by.toString()}
2024-01-25 23:26:18,821 [main] INFO  base.BaseClass - Trying to find Element By {by.toString()})
2024-01-25 23:26:18,845 [main] INFO  base.BaseClass - Found Element By {by.toString()}
2024-01-25 23:26:19,371 [main] INFO  base.BaseClass - Trying to find Element By {by.toString()})
2024-01-25 23:26:19,394 [main] INFO  base.BaseClass - Found Element By {by.toString()}
2024-01-25 23:26:19,926 [main] INFO  base.BaseClass - Trying to find Element By {by.toString()})
2024-01-25 23:26:19,949 [main] INFO  base.BaseClass - Found Element By {by.toString()}
2024-01-25 23:26:20,479 [main] INFO  base.BaseClass - Trying to find Element By {by.toString()})
2024-01-25 23:26:20,503 [main] INFO  base.BaseClass - Found Element By {by.toString()}
2024-01-25 23:26:21,036 [main] INFO  base.BaseClass - Trying to find Element By {by.toString()})
2024-01-25 23:26:21,059 [main] INFO  base.BaseClass - Found Element By {by.toString()}
2024-01-25 23:26:21,587 [main] INFO  base.BaseClass - Trying to find Element By {by.toString()})
2024-01-25 23:26:21,609 [main] INFO  base.BaseClass - Found Element By {by.toString()}
2024-01-25 23:26:22,135 [main] INFO  base.BaseClass - Trying to find Element By {by.toString()})
2024-01-25 23:26:22,159 [main] INFO  base.BaseClass - Found Element By {by.toString()}
2024-01-25 23:26:22,703 [main] INFO  base.BaseClass - Trying to find Element By {by.toString()})
2024-01-25 23:26:22,727 [main] INFO  base.BaseClass - Found Element By {by.toString()}
2024-01-25 23:26:23,268 [main] INFO  base.BaseClass - Trying to find Element By {by.toString()})
2024-01-25 23:26:23,291 [main] INFO  base.BaseClass - Found Element By {by.toString()}
2024-01-25 23:26:23,821 [main] INFO  base.BaseClass - Trying to find Element By {by.toString()})
2024-01-25 23:26:23,845 [main] INFO  base.BaseClass - Found Element By {by.toString()}
2024-01-25 23:26:24,378 [main] INFO  base.BaseClass - Trying to find Element By {by.toString()})
2024-01-25 23:26:24,400 [main] INFO  base.BaseClass - Found Element By {by.toString()}
2024-01-25 23:26:24,923 [main] INFO  base.BaseClass - Trying to find Element By {by.toString()})
2024-01-25 23:26:24,944 [main] INFO  base.BaseClass - Found Element By {by.toString()}
2024-01-25 23:26:25,471 [main] INFO  base.BaseClass - Trying to find Element By {by.toString()})
2024-01-25 23:26:25,494 [main] INFO  base.BaseClass - Found Element By {by.toString()}
2024-01-25 23:26:26,025 [main] INFO  base.BaseClass - Trying to find Element By {by.toString()})
2024-01-25 23:26:26,048 [main] INFO  base.BaseClass - Found Element By {by.toString()}
2024-01-25 23:26:26,579 [main] INFO  base.BaseClass - Trying to find Element By {by.toString()})
2024-01-25 23:26:26,605 [main] INFO  base.BaseClass - Found Element By {by.toString()}
2024-01-25 23:26:27,132 [main] INFO  base.BaseClass - Trying to find Element By {by.toString()})
2024-01-25 23:26:27,158 [main] INFO  base.BaseClass - Found Element By {by.toString()}
2024-01-25 23:26:27,720 [main] INFO  base.BaseClass - Trying to find Element By {by.toString()})
2024-01-25 23:26:27,743 [main] INFO  base.BaseClass - Found Element By {by.toString()}
TimeoutException occurred: Expected condition failed: waiting for helper.WaitUtility$5@7c17effe (tried for 30 second(s) with 500 milliseconds interval)
Build info: version: '3.141.59', revision: 'e82be7d358', time: '2018-11-14T08:17:03'
System info: host: 'DPLAP166', ip: '137.237.3.67', os.name: 'Windows 10', os.arch: 'amd64', os.version: '10.0', java.version: '19.0.1'
Driver info: org.openqa.selenium.support.events.EventFiringWebDriver
Capabilities {acceptInsecureCerts: true, browserName: chrome, browserVersion: 121.0.6167.86, chrome: {chromedriverVersion: 121.0.6167.85 (3f98d690ad7e..., userDataDir: C:\Users\dP-PL\AppData\Loca...}, fedcm:accounts: true, goog:chromeOptions: {debuggerAddress: localhost:56163}, javascriptEnabled: true, networkConnectionEnabled: false, pageLoadStrategy: normal, platform: WINDOWS, platformName: WINDOWS, proxy: Proxy(), setWindowRect: true, strictFileInteractability: false, timeouts: {implicit: 0, pageLoad: 300000, script: 30000}, unhandledPromptBehavior: dismiss and notify, webauthn:extension:credBlob: true, webauthn:extension:largeBlob: true, webauthn:extension:minPinLength: true, webauthn:extension:prf: true, webauthn:virtualAuthenticators: true}
Session ID: de1aae0030c292e08ea0c5dc59192949
2024-01-25 23:26:27,764 [main] ERROR XGLT_15177_Test - Element did not become visible within the specified time: Expected condition failed: waiting for helper.WaitUtility$5@7c17effe (tried for 30 second(s) with 500 milliseconds interval)
Build info: version: '3.141.59', revision: 'e82be7d358', time: '2018-11-14T08:17:03'
System info: host: 'DPLAP166', ip: '137.237.3.67', os.name: 'Windows 10', os.arch: 'amd64', os.version: '10.0', java.version: '19.0.1'
Driver info: org.openqa.selenium.support.events.EventFiringWebDriver
Capabilities {acceptInsecureCerts: true, browserName: chrome, browserVersion: 121.0.6167.86, chrome: {chromedriverVersion: 121.0.6167.85 (3f98d690ad7e..., userDataDir: C:\Users\dP-PL\AppData\Loca...}, fedcm:accounts: true, goog:chromeOptions: {debuggerAddress: localhost:56163}, javascriptEnabled: true, networkConnectionEnabled: false, pageLoadStrategy: normal, platform: WINDOWS, platformName: WINDOWS, proxy: Proxy(), setWindowRect: true, strictFileInteractability: false, timeouts: {implicit: 0, pageLoad: 300000, script: 30000}, unhandledPromptBehavior: dismiss and notify, webauthn:extension:credBlob: true, webauthn:extension:largeBlob: true, webauthn:extension:minPinLength: true, webauthn:extension:prf: true, webauthn:virtualAuthenticators: true}
Session ID: de1aae0030c292e08ea0c5dc59192949
2024-01-25 23:26:27,764 [main] INFO  base.BaseClass - Trying to find Element By {by.toString()})
2024-01-25 23:26:27,783 [main] INFO  base.BaseClass - Found Element By {by.toString()}
2024-01-25 23:26:27,784 [main] INFO  base.BaseClass - Trying to click on: {element.toString()}
2024-01-25 23:26:27,901 [main] INFO  base.BaseClass - Clicked on: {element.toString()}
2024-01-25 23:26:27,901 [main] INFO  base.BaseClass - Trying to find Element By {by.toString()})
2024-01-25 23:26:27,915 [main] INFO  base.BaseClass - Found Element By {by.toString()}
2024-01-25 23:26:28,428 [main] INFO  base.BaseClass - Trying to find Element By {by.toString()})
2024-01-25 23:26:28,450 [main] INFO  base.BaseClass - Found Element By {by.toString()}
2024-01-25 23:26:28,996 [main] INFO  base.BaseClass - Trying to find Element By {by.toString()})
2024-01-25 23:26:29,020 [main] INFO  base.BaseClass - Found Element By {by.toString()}
2024-01-25 23:26:29,556 [main] INFO  base.BaseClass - Trying to find Element By {by.toString()})
2024-01-25 23:26:29,580 [main] INFO  base.BaseClass - Found Element By {by.toString()}
2024-01-25 23:26:30,112 [main] INFO  base.BaseClass - Trying to find Element By {by.toString()})
2024-01-25 23:26:30,128 [main] INFO  base.BaseClass - Found Element By {by.toString()}
2024-01-25 23:26:30,654 [main] INFO  base.BaseClass - Trying to find Element By {by.toString()})
2024-01-25 23:26:30,677 [main] INFO  base.BaseClass - Found Element By {by.toString()}
2024-01-25 23:26:31,206 [main] INFO  base.BaseClass - Trying to find Element By {by.toString()})
2024-01-25 23:26:31,229 [main] INFO  base.BaseClass - Found Element By {by.toString()}
2024-01-25 23:26:31,769 [main] INFO  base.BaseClass - Trying to find Element By {by.toString()})
2024-01-25 23:26:31,792 [main] INFO  base.BaseClass - Found Element By {by.toString()}
2024-01-25 23:26:32,320 [main] INFO  base.BaseClass - Trying to find Element By {by.toString()})
2024-01-25 23:26:32,344 [main] INFO  base.BaseClass - Found Element By {by.toString()}
2024-01-25 23:26:32,879 [main] INFO  base.BaseClass - Trying to find Element By {by.toString()})
2024-01-25 23:26:32,902 [main] INFO  base.BaseClass - Found Element By {by.toString()}
2024-01-25 23:26:33,427 [main] INFO  base.BaseClass - Trying to find Element By {by.toString()})
2024-01-25 23:26:33,450 [main] INFO  base.BaseClass - Found Element By {by.toString()}
2024-01-25 23:26:33,975 [main] INFO  base.BaseClass - Trying to find Element By {by.toString()})
2024-01-25 23:26:34,000 [main] INFO  base.BaseClass - Found Element By {by.toString()}
2024-01-25 23:26:34,533 [main] INFO  base.BaseClass - Trying to find Element By {by.toString()})
2024-01-25 23:26:34,557 [main] INFO  base.BaseClass - Found Element By {by.toString()}
2024-01-25 23:26:35,090 [main] INFO  base.BaseClass - Trying to find Element By {by.toString()})
2024-01-25 23:26:35,115 [main] INFO  base.BaseClass - Found Element By {by.toString()}
2024-01-25 23:26:35,650 [main] INFO  base.BaseClass - Trying to find Element By {by.toString()})
2024-01-25 23:26:35,662 [main] INFO  base.BaseClass - Found Element By {by.toString()}
2024-01-25 23:26:36,191 [main] INFO  base.BaseClass - Trying to find Element By {by.toString()})
2024-01-25 23:26:36,213 [main] INFO  base.BaseClass - Found Element By {by.toString()}
2024-01-25 23:26:36,743 [main] INFO  base.BaseClass - Trying to find Element By {by.toString()})
2024-01-25 23:26:36,761 [main] INFO  base.BaseClass - Found Element By {by.toString()}
2024-01-25 23:26:37,281 [main] INFO  base.BaseClass - Trying to find Element By {by.toString()})
2024-01-25 23:26:37,303 [main] INFO  base.BaseClass - Found Element By {by.toString()}
2024-01-25 23:26:37,842 [main] INFO  base.BaseClass - Trying to find Element By {by.toString()})
2024-01-25 23:26:37,865 [main] INFO  base.BaseClass - Found Element By {by.toString()}
2024-01-25 23:26:38,393 [main] INFO  base.BaseClass - Trying to find Element By {by.toString()})
2024-01-25 23:26:38,417 [main] INFO  base.BaseClass - Found Element By {by.toString()}
2024-01-25 23:26:38,949 [main] INFO  base.BaseClass - Trying to find Element By {by.toString()})
2024-01-25 23:26:38,972 [main] INFO  base.BaseClass - Found Element By {by.toString()}
2024-01-25 23:26:39,491 [main] INFO  base.BaseClass - Trying to find Element By {by.toString()})
2024-01-25 23:26:39,509 [main] INFO  base.BaseClass - Found Element By {by.toString()}
2024-01-25 23:26:40,037 [main] INFO  base.BaseClass - Trying to find Element By {by.toString()})
2024-01-25 23:26:40,054 [main] INFO  base.BaseClass - Found Element By {by.toString()}
2024-01-25 23:26:40,578 [main] INFO  base.BaseClass - Trying to find Element By {by.toString()})
2024-01-25 23:26:40,598 [main] INFO  base.BaseClass - Found Element By {by.toString()}
2024-01-25 23:26:41,128 [main] INFO  base.BaseClass - Trying to find Element By {by.toString()})
2024-01-25 23:26:41,151 [main] INFO  base.BaseClass - Found Element By {by.toString()}
2024-01-25 23:26:41,679 [main] INFO  base.BaseClass - Trying to find Element By {by.toString()})
2024-01-25 23:26:41,697 [main] INFO  base.BaseClass - Found Element By {by.toString()}
2024-01-25 23:26:42,220 [main] INFO  base.BaseClass - Trying to find Element By {by.toString()})
2024-01-25 23:26:42,244 [main] INFO  base.BaseClass - Found Element By {by.toString()}
2024-01-25 23:26:42,775 [main] INFO  base.BaseClass - Trying to find Element By {by.toString()})
2024-01-25 23:26:42,795 [main] INFO  base.BaseClass - Found Element By {by.toString()}
2024-01-25 23:26:43,326 [main] INFO  base.BaseClass - Trying to find Element By {by.toString()})
2024-01-25 23:26:43,349 [main] INFO  base.BaseClass - Found Element By {by.toString()}
2024-01-25 23:26:43,880 [main] INFO  base.BaseClass - Trying to find Element By {by.toString()})
2024-01-25 23:26:43,920 [main] INFO  base.BaseClass - Found Element By {by.toString()}
2024-01-25 23:26:44,442 [main] INFO  base.BaseClass - Trying to find Element By {by.toString()})
2024-01-25 23:26:44,465 [main] INFO  base.BaseClass - Found Element By {by.toString()}
2024-01-25 23:26:45,008 [main] INFO  base.BaseClass - Trying to find Element By {by.toString()})
2024-01-25 23:26:45,031 [main] INFO  base.BaseClass - Found Element By {by.toString()}
2024-01-25 23:26:45,562 [main] INFO  base.BaseClass - Trying to find Element By {by.toString()})
2024-01-25 23:26:45,584 [main] INFO  base.BaseClass - Found Element By {by.toString()}
2024-01-25 23:26:46,104 [main] INFO  base.BaseClass - Trying to find Element By {by.toString()})
2024-01-25 23:26:46,127 [main] INFO  base.BaseClass - Found Element By {by.toString()}
2024-01-25 23:26:46,658 [main] INFO  base.BaseClass - Trying to find Element By {by.toString()})
2024-01-25 23:26:46,682 [main] INFO  base.BaseClass - Found Element By {by.toString()}
2024-01-25 23:26:47,209 [main] INFO  base.BaseClass - Trying to find Element By {by.toString()})
2024-01-25 23:26:47,233 [main] INFO  base.BaseClass - Found Element By {by.toString()}
2024-01-25 23:26:47,763 [main] INFO  base.BaseClass - Trying to find Element By {by.toString()})
2024-01-25 23:26:47,784 [main] INFO  base.BaseClass - Found Element By {by.toString()}
2024-01-25 23:26:48,315 [main] INFO  base.BaseClass - Trying to find Element By {by.toString()})
2024-01-25 23:26:48,340 [main] INFO  base.BaseClass - Found Element By {by.toString()}
2024-01-25 23:26:48,874 [main] INFO  base.BaseClass - Trying to find Element By {by.toString()})
2024-01-25 23:26:48,899 [main] INFO  base.BaseClass - Found Element By {by.toString()}
2024-01-25 23:26:49,430 [main] INFO  base.BaseClass - Trying to find Element By {by.toString()})
2024-01-25 23:26:49,455 [main] INFO  base.BaseClass - Found Element By {by.toString()}
2024-01-25 23:26:49,989 [main] INFO  base.BaseClass - Trying to find Element By {by.toString()})
2024-01-25 23:26:50,012 [main] INFO  base.BaseClass - Found Element By {by.toString()}
2024-01-25 23:26:50,543 [main] INFO  base.BaseClass - Trying to find Element By {by.toString()})
2024-01-25 23:26:50,565 [main] INFO  base.BaseClass - Found Element By {by.toString()}
2024-01-25 23:26:51,085 [main] INFO  base.BaseClass - Trying to find Element By {by.toString()})
2024-01-25 23:26:51,112 [main] INFO  base.BaseClass - Found Element By {by.toString()}
2024-01-25 23:26:51,647 [main] INFO  base.BaseClass - Trying to find Element By {by.toString()})
2024-01-25 23:26:51,668 [main] INFO  base.BaseClass - Found Element By {by.toString()}
2024-01-25 23:26:52,195 [main] INFO  base.BaseClass - Trying to find Element By {by.toString()})
2024-01-25 23:26:52,218 [main] INFO  base.BaseClass - Found Element By {by.toString()}
2024-01-25 23:26:52,751 [main] INFO  base.BaseClass - Trying to find Element By {by.toString()})
2024-01-25 23:26:52,771 [main] INFO  base.BaseClass - Found Element By {by.toString()}
2024-01-25 23:26:53,294 [main] INFO  base.BaseClass - Trying to find Element By {by.toString()})
2024-01-25 23:26:53,317 [main] INFO  base.BaseClass - Found Element By {by.toString()}
2024-01-25 23:26:53,857 [main] INFO  base.BaseClass - Trying to find Element By {by.toString()})
2024-01-25 23:26:53,874 [main] INFO  base.BaseClass - Found Element By {by.toString()}
2024-01-25 23:26:54,403 [main] INFO  base.BaseClass - Trying to find Element By {by.toString()})
2024-01-25 23:26:54,425 [main] INFO  base.BaseClass - Found Element By {by.toString()}
2024-01-25 23:26:54,956 [main] INFO  base.BaseClass - Trying to find Element By {by.toString()})
2024-01-25 23:26:54,978 [main] INFO  base.BaseClass - Found Element By {by.toString()}
2024-01-25 23:26:55,510 [main] INFO  base.BaseClass - Trying to find Element By {by.toString()})
2024-01-25 23:26:55,532 [main] INFO  base.BaseClass - Found Element By {by.toString()}
2024-01-25 23:26:56,072 [main] INFO  base.BaseClass - Trying to find Element By {by.toString()})
2024-01-25 23:26:56,095 [main] INFO  base.BaseClass - Found Element By {by.toString()}
2024-01-25 23:26:56,627 [main] INFO  base.BaseClass - Trying to find Element By {by.toString()})
2024-01-25 23:26:56,649 [main] INFO  base.BaseClass - Found Element By {by.toString()}
2024-01-25 23:26:57,175 [main] INFO  base.BaseClass - Trying to find Element By {by.toString()})
2024-01-25 23:26:57,198 [main] INFO  base.BaseClass - Found Element By {by.toString()}
2024-01-25 23:26:57,730 [main] INFO  base.BaseClass - Trying to find Element By {by.toString()})
2024-01-25 23:26:57,754 [main] INFO  base.BaseClass - Found Element By {by.toString()}
2024-01-25 23:26:58,294 [main] INFO  base.BaseClass - Trying to find Element By {by.toString()})
2024-01-25 23:26:58,310 [main] INFO  base.BaseClass - Found Element By {by.toString()}
TimeoutException occurred: Expected condition failed: waiting for helper.WaitUtility$5@4c97e5f7 (tried for 30 second(s) with 500 milliseconds interval)
Build info: version: '3.141.59', revision: 'e82be7d358', time: '2018-11-14T08:17:03'
System info: host: 'DPLAP166', ip: '137.237.3.67', os.name: 'Windows 10', os.arch: 'amd64', os.version: '10.0', java.version: '19.0.1'
Driver info: org.openqa.selenium.support.events.EventFiringWebDriver
Capabilities {acceptInsecureCerts: true, browserName: chrome, browserVersion: 121.0.6167.86, chrome: {chromedriverVersion: 121.0.6167.85 (3f98d690ad7e..., userDataDir: C:\Users\dP-PL\AppData\Loca...}, fedcm:accounts: true, goog:chromeOptions: {debuggerAddress: localhost:56163}, javascriptEnabled: true, networkConnectionEnabled: false, pageLoadStrategy: normal, platform: WINDOWS, platformName: WINDOWS, proxy: Proxy(), setWindowRect: true, strictFileInteractability: false, timeouts: {implicit: 0, pageLoad: 300000, script: 30000}, unhandledPromptBehavior: dismiss and notify, webauthn:extension:credBlob: true, webauthn:extension:largeBlob: true, webauthn:extension:minPinLength: true, webauthn:extension:prf: true, webauthn:virtualAuthenticators: true}
Session ID: de1aae0030c292e08ea0c5dc59192949
2024-01-25 23:26:58,339 [main] ERROR XGLT_15177_Test - Element did not become visible within the specified time: Expected condition failed: waiting for helper.WaitUtility$5@4c97e5f7 (tried for 30 second(s) with 500 milliseconds interval)
Build info: version: '3.141.59', revision: 'e82be7d358', time: '2018-11-14T08:17:03'
System info: host: 'DPLAP166', ip: '137.237.3.67', os.name: 'Windows 10', os.arch: 'amd64', os.version: '10.0', java.version: '19.0.1'
Driver info: org.openqa.selenium.support.events.EventFiringWebDriver
Capabilities {acceptInsecureCerts: true, browserName: chrome, browserVersion: 121.0.6167.86, chrome: {chromedriverVersion: 121.0.6167.85 (3f98d690ad7e..., userDataDir: C:\Users\dP-PL\AppData\Loca...}, fedcm:accounts: true, goog:chromeOptions: {debuggerAddress: localhost:56163}, javascriptEnabled: true, networkConnectionEnabled: false, pageLoadStrategy: normal, platform: WINDOWS, platformName: WINDOWS, proxy: Proxy(), setWindowRect: true, strictFileInteractability: false, timeouts: {implicit: 0, pageLoad: 300000, script: 30000}, unhandledPromptBehavior: dismiss and notify, webauthn:extension:credBlob: true, webauthn:extension:largeBlob: true, webauthn:extension:minPinLength: true, webauthn:extension:prf: true, webauthn:virtualAuthenticators: true}
Session ID: de1aae0030c292e08ea0c5dc59192949
2024-01-25 23:26:58,339 [main] INFO  base.BaseClass - Trying to find Element By {by.toString()})
2024-01-25 23:26:58,360 [main] INFO  base.BaseClass - Found Element By {by.toString()}
2024-01-25 23:26:58,360 [main] INFO  base.BaseClass - Trying to click on: {element.toString()}
2024-01-25 23:26:58,511 [main] INFO  base.BaseClass - Clicked on: {element.toString()}
2024-01-25 23:26:58,511 [main] INFO  base.BaseClass - Trying to find Element By {by.toString()})
2024-01-25 23:26:58,525 [main] INFO  base.BaseClass - Found Element By {by.toString()}
2024-01-25 23:26:59,040 [main] INFO  base.BaseClass - Trying to find Element By {by.toString()})
2024-01-25 23:26:59,065 [main] INFO  base.BaseClass - Found Element By {by.toString()}
2024-01-25 23:26:59,602 [main] INFO  base.BaseClass - Trying to find Element By {by.toString()})
2024-01-25 23:26:59,626 [main] INFO  base.BaseClass - Found Element By {by.toString()}
2024-01-25 23:27:00,156 [main] INFO  base.BaseClass - Trying to find Element By {by.toString()})
2024-01-25 23:27:00,182 [main] INFO  base.BaseClass - Found Element By {by.toString()}
2024-01-25 23:27:00,714 [main] INFO  base.BaseClass - Trying to find Element By {by.toString()})
2024-01-25 23:27:00,737 [main] INFO  base.BaseClass - Found Element By {by.toString()}
2024-01-25 23:27:01,299 [main] INFO  base.BaseClass - Trying to find Element By {by.toString()})
2024-01-25 23:27:01,325 [main] INFO  base.BaseClass - Found Element By {by.toString()}
2024-01-25 23:27:01,858 [main] INFO  base.BaseClass - Trying to find Element By {by.toString()})
2024-01-25 23:27:01,884 [main] INFO  base.BaseClass - Found Element By {by.toString()}
2024-01-25 23:27:02,426 [main] INFO  base.BaseClass - Trying to find Element By {by.toString()})
2024-01-25 23:27:02,444 [main] INFO  base.BaseClass - Found Element By {by.toString()}
2024-01-25 23:27:02,969 [main] INFO  base.BaseClass - Trying to find Element By {by.toString()})
2024-01-25 23:27:02,993 [main] INFO  base.BaseClass - Found Element By {by.toString()}
2024-01-25 23:27:03,514 [main] INFO  base.BaseClass - Trying to find Element By {by.toString()})
2024-01-25 23:27:03,535 [main] INFO  base.BaseClass - Found Element By {by.toString()}
2024-01-25 23:27:04,069 [main] INFO  base.BaseClass - Trying to find Element By {by.toString()})
2024-01-25 23:27:04,093 [main] INFO  base.BaseClass - Found Element By {by.toString()}
2024-01-25 23:27:04,625 [main] INFO  base.BaseClass - Trying to find Element By {by.toString()})
2024-01-25 23:27:04,649 [main] INFO  base.BaseClass - Found Element By {by.toString()}
2024-01-25 23:27:05,184 [main] INFO  base.BaseClass - Trying to find Element By {by.toString()})
2024-01-25 23:27:05,206 [main] INFO  base.BaseClass - Found Element By {by.toString()}
2024-01-25 23:27:05,740 [main] INFO  base.BaseClass - Trying to find Element By {by.toString()})
2024-01-25 23:27:05,762 [main] INFO  base.BaseClass - Found Element By {by.toString()}
2024-01-25 23:27:06,306 [main] INFO  base.BaseClass - Trying to find Element By {by.toString()})
2024-01-25 23:27:06,329 [main] INFO  base.BaseClass - Found Element By {by.toString()}
2024-01-25 23:27:06,852 [main] INFO  base.BaseClass - Trying to find Element By {by.toString()})
2024-01-25 23:27:06,875 [main] INFO  base.BaseClass - Found Element By {by.toString()}
2024-01-25 23:27:07,406 [main] INFO  base.BaseClass - Trying to find Element By {by.toString()})
2024-01-25 23:27:07,427 [main] INFO  base.BaseClass - Found Element By {by.toString()}
2024-01-25 23:27:07,957 [main] INFO  base.BaseClass - Trying to find Element By {by.toString()})
2024-01-25 23:27:07,982 [main] INFO  base.BaseClass - Found Element By {by.toString()}
2024-01-25 23:27:08,512 [main] INFO  base.BaseClass - Trying to find Element By {by.toString()})
2024-01-25 23:27:08,534 [main] INFO  base.BaseClass - Found Element By {by.toString()}
2024-01-25 23:27:09,065 [main] INFO  base.BaseClass - Trying to find Element By {by.toString()})
2024-01-25 23:27:09,090 [main] INFO  base.BaseClass - Found Element By {by.toString()}
2024-01-25 23:27:09,625 [main] INFO  base.BaseClass - Trying to find Element By {by.toString()})
2024-01-25 23:27:09,649 [main] INFO  base.BaseClass - Found Element By {by.toString()}
2024-01-25 23:27:10,181 [main] INFO  base.BaseClass - Trying to find Element By {by.toString()})
2024-01-25 23:27:10,205 [main] INFO  base.BaseClass - Found Element By {by.toString()}
2024-01-25 23:27:10,735 [main] INFO  base.BaseClass - Trying to find Element By {by.toString()})
2024-01-25 23:27:10,759 [main] INFO  base.BaseClass - Found Element By {by.toString()}
2024-01-25 23:27:11,291 [main] INFO  base.BaseClass - Trying to find Element By {by.toString()})
2024-01-25 23:27:11,314 [main] INFO  base.BaseClass - Found Element By {by.toString()}
2024-01-25 23:27:11,845 [main] INFO  base.BaseClass - Trying to find Element By {by.toString()})
2024-01-25 23:27:11,866 [main] INFO  base.BaseClass - Found Element By {by.toString()}
2024-01-25 23:27:12,393 [main] INFO  base.BaseClass - Trying to find Element By {by.toString()})
2024-01-25 23:27:12,416 [main] INFO  base.BaseClass - Found Element By {by.toString()}
2024-01-25 23:27:12,959 [main] INFO  base.BaseClass - Trying to find Element By {by.toString()})
2024-01-25 23:27:12,982 [main] INFO  base.BaseClass - Found Element By {by.toString()}
2024-01-25 23:27:13,511 [main] INFO  base.BaseClass - Trying to find Element By {by.toString()})
2024-01-25 23:27:13,535 [main] INFO  base.BaseClass - Found Element By {by.toString()}
2024-01-25 23:27:14,067 [main] INFO  base.BaseClass - Trying to find Element By {by.toString()})
2024-01-25 23:27:14,089 [main] INFO  base.BaseClass - Found Element By {by.toString()}
2024-01-25 23:27:14,620 [main] INFO  base.BaseClass - Trying to find Element By {by.toString()})
2024-01-25 23:27:14,643 [main] INFO  base.BaseClass - Found Element By {by.toString()}
2024-01-25 23:27:15,171 [main] INFO  base.BaseClass - Trying to find Element By {by.toString()})
2024-01-25 23:27:15,194 [main] INFO  base.BaseClass - Found Element By {by.toString()}
2024-01-25 23:27:15,728 [main] INFO  base.BaseClass - Trying to find Element By {by.toString()})
2024-01-25 23:27:15,749 [main] INFO  base.BaseClass - Found Element By {by.toString()}
2024-01-25 23:27:16,277 [main] INFO  base.BaseClass - Trying to find Element By {by.toString()})
2024-01-25 23:27:16,299 [main] INFO  base.BaseClass - Found Element By {by.toString()}
2024-01-25 23:27:16,830 [main] INFO  base.BaseClass - Trying to find Element By {by.toString()})
2024-01-25 23:27:16,853 [main] INFO  base.BaseClass - Found Element By {by.toString()}
2024-01-25 23:27:17,385 [main] INFO  base.BaseClass - Trying to find Element By {by.toString()})
2024-01-25 23:27:17,408 [main] INFO  base.BaseClass - Found Element By {by.toString()}
2024-01-25 23:27:17,940 [main] INFO  base.BaseClass - Trying to find Element By {by.toString()})
2024-01-25 23:27:17,963 [main] INFO  base.BaseClass - Found Element By {by.toString()}
2024-01-25 23:27:18,498 [main] INFO  base.BaseClass - Trying to find Element By {by.toString()})
2024-01-25 23:27:18,521 [main] INFO  base.BaseClass - Found Element By {by.toString()}
2024-01-25 23:27:19,051 [main] INFO  base.BaseClass - Trying to find Element By {by.toString()})
2024-01-25 23:27:19,075 [main] INFO  base.BaseClass - Found Element By {by.toString()}
2024-01-25 23:27:19,620 [main] INFO  base.BaseClass - Trying to find Element By {by.toString()})
2024-01-25 23:27:19,642 [main] INFO  base.BaseClass - Found Element By {by.toString()}
2024-01-25 23:27:20,175 [main] INFO  base.BaseClass - Trying to find Element By {by.toString()})
2024-01-25 23:27:20,199 [main] INFO  base.BaseClass - Found Element By {by.toString()}
2024-01-25 23:27:20,719 [main] INFO  base.BaseClass - Trying to find Element By {by.toString()})
2024-01-25 23:27:20,757 [main] INFO  base.BaseClass - Found Element By {by.toString()}
2024-01-25 23:27:21,270 [main] INFO  base.BaseClass - Trying to find Element By {by.toString()})
2024-01-25 23:27:21,293 [main] INFO  base.BaseClass - Found Element By {by.toString()}
2024-01-25 23:27:21,819 [main] INFO  base.BaseClass - Trying to find Element By {by.toString()})
2024-01-25 23:27:21,842 [main] INFO  base.BaseClass - Found Element By {by.toString()}
2024-01-25 23:27:22,383 [main] INFO  base.BaseClass - Trying to find Element By {by.toString()})
2024-01-25 23:27:22,405 [main] INFO  base.BaseClass - Found Element By {by.toString()}
2024-01-25 23:27:22,947 [main] INFO  base.BaseClass - Trying to find Element By {by.toString()})
2024-01-25 23:27:22,967 [main] INFO  base.BaseClass - Found Element By {by.toString()}
2024-01-25 23:27:23,498 [main] INFO  base.BaseClass - Trying to find Element By {by.toString()})
2024-01-25 23:27:23,520 [main] INFO  base.BaseClass - Found Element By {by.toString()}
2024-01-25 23:27:24,050 [main] INFO  base.BaseClass - Trying to find Element By {by.toString()})
2024-01-25 23:27:24,072 [main] INFO  base.BaseClass - Found Element By {by.toString()}
2024-01-25 23:27:24,607 [main] INFO  base.BaseClass - Trying to find Element By {by.toString()})
2024-01-25 23:27:24,631 [main] INFO  base.BaseClass - Found Element By {by.toString()}
2024-01-25 23:27:25,164 [main] INFO  base.BaseClass - Trying to find Element By {by.toString()})
2024-01-25 23:27:25,185 [main] INFO  base.BaseClass - Found Element By {by.toString()}
2024-01-25 23:27:25,713 [main] INFO  base.BaseClass - Trying to find Element By {by.toString()})
2024-01-25 23:27:25,732 [main] INFO  base.BaseClass - Found Element By {by.toString()}
2024-01-25 23:27:26,259 [main] INFO  base.BaseClass - Trying to find Element By {by.toString()})
2024-01-25 23:27:26,283 [main] INFO  base.BaseClass - Found Element By {by.toString()}
2024-01-25 23:27:26,813 [main] INFO  base.BaseClass - Trying to find Element By {by.toString()})
2024-01-25 23:27:26,836 [main] INFO  base.BaseClass - Found Element By {by.toString()}
2024-01-25 23:27:27,367 [main] INFO  base.BaseClass - Trying to find Element By {by.toString()})
2024-01-25 23:27:27,390 [main] INFO  base.BaseClass - Found Element By {by.toString()}
2024-01-25 23:27:27,916 [main] INFO  base.BaseClass - Trying to find Element By {by.toString()})
2024-01-25 23:27:27,939 [main] INFO  base.BaseClass - Found Element By {by.toString()}
2024-01-25 23:27:28,472 [main] INFO  base.BaseClass - Trying to find Element By {by.toString()})
2024-01-25 23:27:28,496 [main] INFO  base.BaseClass - Found Element By {by.toString()}
TimeoutException occurred: Expected condition failed: waiting for helper.WaitUtility$5@6474db51 (tried for 30 second(s) with 500 milliseconds interval)
Build info: version: '3.141.59', revision: 'e82be7d358', time: '2018-11-14T08:17:03'
System info: host: 'DPLAP166', ip: '137.237.3.67', os.name: 'Windows 10', os.arch: 'amd64', os.version: '10.0', java.version: '19.0.1'
Driver info: org.openqa.selenium.support.events.EventFiringWebDriver
Capabilities {acceptInsecureCerts: true, browserName: chrome, browserVersion: 121.0.6167.86, chrome: {chromedriverVersion: 121.0.6167.85 (3f98d690ad7e..., userDataDir: C:\Users\dP-PL\AppData\Loca...}, fedcm:accounts: true, goog:chromeOptions: {debuggerAddress: localhost:56163}, javascriptEnabled: true, networkConnectionEnabled: false, pageLoadStrategy: normal, platform: WINDOWS, platformName: WINDOWS, proxy: Proxy(), setWindowRect: true, strictFileInteractability: false, timeouts: {implicit: 0, pageLoad: 300000, script: 30000}, unhandledPromptBehavior: dismiss and notify, webauthn:extension:credBlob: true, webauthn:extension:largeBlob: true, webauthn:extension:minPinLength: true, webauthn:extension:prf: true, webauthn:virtualAuthenticators: true}
Session ID: de1aae0030c292e08ea0c5dc59192949
2024-01-25 23:27:28,528 [main] ERROR XGLT_15177_Test - Element did not become visible within the specified time: Expected condition failed: waiting for helper.WaitUtility$5@6474db51 (tried for 30 second(s) with 500 milliseconds interval)
Build info: version: '3.141.59', revision: 'e82be7d358', time: '2018-11-14T08:17:03'
System info: host: 'DPLAP166', ip: '137.237.3.67', os.name: 'Windows 10', os.arch: 'amd64', os.version: '10.0', java.version: '19.0.1'
Driver info: org.openqa.selenium.support.events.EventFiringWebDriver
Capabilities {acceptInsecureCerts: true, browserName: chrome, browserVersion: 121.0.6167.86, chrome: {chromedriverVersion: 121.0.6167.85 (3f98d690ad7e..., userDataDir: C:\Users\dP-PL\AppData\Loca...}, fedcm:accounts: true, goog:chromeOptions: {debuggerAddress: localhost:56163}, javascriptEnabled: true, networkConnectionEnabled: false, pageLoadStrategy: normal, platform: WINDOWS, platformName: WINDOWS, proxy: Proxy(), setWindowRect: true, strictFileInteractability: false, timeouts: {implicit: 0, pageLoad: 300000, script: 30000}, unhandledPromptBehavior: dismiss and notify, webauthn:extension:credBlob: true, webauthn:extension:largeBlob: true, webauthn:extension:minPinLength: true, webauthn:extension:prf: true, webauthn:virtualAuthenticators: true}
Session ID: de1aae0030c292e08ea0c5dc59192949
2024-01-25 23:27:28,528 [main] INFO  base.BaseClass - Trying to find Element By {by.toString()})
2024-01-25 23:27:28,548 [main] INFO  base.BaseClass - Found Element By {by.toString()}
2024-01-25 23:27:28,548 [main] INFO  base.BaseClass - Trying to click on: {element.toString()}
2024-01-25 23:27:28,684 [main] INFO  base.BaseClass - Clicked on: {element.toString()}
2024-01-25 23:27:28,684 [main] INFO  base.BaseClass - Trying to find Element By {by.toString()})
2024-01-25 23:27:28,697 [main] INFO  base.BaseClass - Found Element By {by.toString()}
2024-01-25 23:27:28,749 [main] INFO  base.BaseClass - Trying to find Element By {by.toString()})
2024-01-25 23:27:28,769 [main] INFO  base.BaseClass - Found Element By {by.toString()}
2024-01-25 23:27:28,805 [main] INFO  base.BaseClass - Trying to find Element By {by.toString()})
2024-01-25 23:27:28,815 [main] INFO  base.BaseClass - Found Element By {by.toString()}
2024-01-25 23:27:28,837 [main] INFO  base.BaseClass - Trying to find Element By {by.toString()})
2024-01-25 23:27:28,854 [main] INFO  base.BaseClass - Found Element By {by.toString()}
2024-01-25 23:27:28,874 [main] INFO  base.BaseClass - Trying to find Element By {by.toString()})
2024-01-25 23:27:28,892 [main] INFO  base.BaseClass - Found Element By {by.toString()}
2024-01-25 23:27:28,892 [main] INFO  base.BaseClass - Trying to click on: {element.toString()}
2024-01-25 23:27:28,974 [main] INFO  base.BaseClass - Clicked on: {element.toString()}
2024-01-25 23:27:28,974 [main] INFO  base.BaseClass - Trying to find Element By {by.toString()})
2024-01-25 23:27:28,994 [main] INFO  base.BaseClass - Found Element By {by.toString()}
2024-01-25 23:27:29,828 [main] INFO  base.BaseClass - Trying to find Element By {by.toString()})
2024-01-25 23:27:29,854 [main] INFO  base.BaseClass - Found Element By {by.toString()}
2024-01-25 23:27:29,875 [main] INFO  base.BaseClass - Trying to find Element By {by.toString()})
2024-01-25 23:27:29,892 [main] INFO  base.BaseClass - Found Element By {by.toString()}
2024-01-25 23:27:29,942 [main] INFO  base.BaseClass - Trying to find Element By {by.toString()})
2024-01-25 23:27:30,004 [main] INFO  base.BaseClass - Found Element By {by.toString()}
2024-01-25 23:27:30,018 [main] INFO  base.BaseClass - Trying to find Element By {by.toString()})
2024-01-25 23:27:30,033 [main] INFO  base.BaseClass - Found Element By {by.toString()}
2024-01-25 23:27:30,061 [main] INFO  base.BaseClass - Trying to find Element By {by.toString()})
2024-01-25 23:27:30,084 [main] INFO  base.BaseClass - Found Element By {by.toString()}
2024-01-25 23:27:30,610 [main] INFO  base.BaseClass - Trying to find Element By {by.toString()})
2024-01-25 23:27:30,643 [main] INFO  base.BaseClass - Found Element By {by.toString()}
2024-01-25 23:27:31,180 [main] INFO  base.BaseClass - Trying to find Element By {by.toString()})
2024-01-25 23:27:31,197 [main] INFO  base.BaseClass - Found Element By {by.toString()}
2024-01-25 23:27:31,739 [main] INFO  base.BaseClass - Trying to find Element By {by.toString()})
2024-01-25 23:27:31,764 [main] INFO  base.BaseClass - Found Element By {by.toString()}
2024-01-25 23:27:32,290 [main] INFO  base.BaseClass - Trying to find Element By {by.toString()})
2024-01-25 23:27:32,316 [main] INFO  base.BaseClass - Found Element By {by.toString()}
2024-01-25 23:27:32,852 [main] INFO  base.BaseClass - Trying to find Element By {by.toString()})
2024-01-25 23:27:32,876 [main] INFO  base.BaseClass - Found Element By {by.toString()}
2024-01-25 23:27:33,410 [main] INFO  base.BaseClass - Trying to find Element By {by.toString()})
2024-01-25 23:27:33,434 [main] INFO  base.BaseClass - Found Element By {by.toString()}
2024-01-25 23:27:33,970 [main] INFO  base.BaseClass - Trying to find Element By {by.toString()})
2024-01-25 23:27:33,994 [main] INFO  base.BaseClass - Found Element By {by.toString()}
2024-01-25 23:27:34,528 [main] INFO  base.BaseClass - Trying to find Element By {by.toString()})
2024-01-25 23:27:34,554 [main] INFO  base.BaseClass - Found Element By {by.toString()}
2024-01-25 23:27:35,083 [main] INFO  base.BaseClass - Trying to find Element By {by.toString()})
2024-01-25 23:27:35,107 [main] INFO  base.BaseClass - Found Element By {by.toString()}
2024-01-25 23:27:35,641 [main] INFO  base.BaseClass - Trying to find Element By {by.toString()})
2024-01-25 23:27:35,668 [main] INFO  base.BaseClass - Found Element By {by.toString()}
2024-01-25 23:27:36,209 [main] INFO  base.BaseClass - Trying to find Element By {by.toString()})
2024-01-25 23:27:36,233 [main] INFO  base.BaseClass - Found Element By {by.toString()}
2024-01-25 23:27:36,771 [main] INFO  base.BaseClass - Trying to find Element By {by.toString()})
2024-01-25 23:27:36,795 [main] INFO  base.BaseClass - Found Element By {by.toString()}
2024-01-25 23:27:37,329 [main] INFO  base.BaseClass - Trying to find Element By {by.toString()})
2024-01-25 23:27:37,354 [main] INFO  base.BaseClass - Found Element By {by.toString()}
2024-01-25 23:27:37,890 [main] INFO  base.BaseClass - Trying to find Element By {by.toString()})
2024-01-25 23:27:37,905 [main] INFO  base.BaseClass - Found Element By {by.toString()}
2024-01-25 23:27:38,428 [main] INFO  base.BaseClass - Trying to find Element By {by.toString()})
2024-01-25 23:27:38,452 [main] INFO  base.BaseClass - Found Element By {by.toString()}
2024-01-25 23:27:38,999 [main] INFO  base.BaseClass - Trying to find Element By {by.toString()})
2024-01-25 23:27:39,013 [main] INFO  base.BaseClass - Found Element By {by.toString()}
2024-01-25 23:27:39,537 [main] INFO  base.BaseClass - Trying to find Element By {by.toString()})
2024-01-25 23:27:39,560 [main] INFO  base.BaseClass - Found Element By {by.toString()}
2024-01-25 23:27:40,092 [main] INFO  base.BaseClass - Trying to find Element By {by.toString()})
2024-01-25 23:27:40,113 [main] INFO  base.BaseClass - Found Element By {by.toString()}
2024-01-25 23:27:40,645 [main] INFO  base.BaseClass - Trying to find Element By {by.toString()})
2024-01-25 23:27:40,667 [main] INFO  base.BaseClass - Found Element By {by.toString()}
2024-01-25 23:27:41,211 [main] INFO  base.BaseClass - Trying to find Element By {by.toString()})
2024-01-25 23:27:41,234 [main] INFO  base.BaseClass - Found Element By {by.toString()}
2024-01-25 23:27:41,773 [main] INFO  base.BaseClass - Trying to find Element By {by.toString()})
2024-01-25 23:27:41,800 [main] INFO  base.BaseClass - Found Element By {by.toString()}
2024-01-25 23:27:42,339 [main] INFO  base.BaseClass - Trying to find Element By {by.toString()})
2024-01-25 23:27:42,352 [main] INFO  base.BaseClass - Found Element By {by.toString()}
2024-01-25 23:27:42,871 [main] INFO  base.BaseClass - Trying to find Element By {by.toString()})
2024-01-25 23:27:42,895 [main] INFO  base.BaseClass - Found Element By {by.toString()}
2024-01-25 23:27:43,427 [main] INFO  base.BaseClass - Trying to find Element By {by.toString()})
2024-01-25 23:27:43,451 [main] INFO  base.BaseClass - Found Element By {by.toString()}
2024-01-25 23:27:43,984 [main] INFO  base.BaseClass - Trying to find Element By {by.toString()})
2024-01-25 23:27:44,007 [main] INFO  base.BaseClass - Found Element By {by.toString()}
2024-01-25 23:27:44,540 [main] INFO  base.BaseClass - Trying to find Element By {by.toString()})
2024-01-25 23:27:44,563 [main] INFO  base.BaseClass - Found Element By {by.toString()}
2024-01-25 23:27:45,104 [main] INFO  base.BaseClass - Trying to find Element By {by.toString()})
2024-01-25 23:27:45,155 [main] INFO  base.BaseClass - Found Element By {by.toString()}
2024-01-25 23:27:45,675 [main] INFO  base.BaseClass - Trying to find Element By {by.toString()})
2024-01-25 23:27:45,699 [main] INFO  base.BaseClass - Found Element By {by.toString()}
2024-01-25 23:27:46,233 [main] INFO  base.BaseClass - Trying to find Element By {by.toString()})
2024-01-25 23:27:46,844 [main] INFO  base.BaseClass - Found Element By {by.toString()}
2024-01-25 23:27:47,378 [main] INFO  base.BaseClass - Trying to find Element By {by.toString()})
2024-01-25 23:27:47,391 [main] INFO  base.BaseClass - Found Element By {by.toString()}
2024-01-25 23:27:47,911 [main] INFO  base.BaseClass - Trying to find Element By {by.toString()})
2024-01-25 23:27:47,931 [main] INFO  base.BaseClass - Found Element By {by.toString()}
2024-01-25 23:27:48,465 [main] INFO  base.BaseClass - Trying to find Element By {by.toString()})
2024-01-25 23:27:48,488 [main] INFO  base.BaseClass - Found Element By {by.toString()}
2024-01-25 23:27:49,033 [main] INFO  base.BaseClass - Trying to find Element By {by.toString()})
2024-01-25 23:27:49,057 [main] INFO  base.BaseClass - Found Element By {by.toString()}
2024-01-25 23:27:49,593 [main] INFO  base.BaseClass - Trying to find Element By {by.toString()})
2024-01-25 23:27:49,614 [main] INFO  base.BaseClass - Found Element By {by.toString()}
2024-01-25 23:27:50,147 [main] INFO  base.BaseClass - Trying to find Element By {by.toString()})
2024-01-25 23:27:50,170 [main] INFO  base.BaseClass - Found Element By {by.toString()}
2024-01-25 23:27:50,705 [main] INFO  base.BaseClass - Trying to find Element By {by.toString()})
2024-01-25 23:27:50,728 [main] INFO  base.BaseClass - Found Element By {by.toString()}
2024-01-25 23:27:51,260 [main] INFO  base.BaseClass - Trying to find Element By {by.toString()})
2024-01-25 23:27:51,280 [main] INFO  base.BaseClass - Found Element By {by.toString()}
2024-01-25 23:27:51,812 [main] INFO  base.BaseClass - Trying to find Element By {by.toString()})
2024-01-25 23:27:51,834 [main] INFO  base.BaseClass - Found Element By {by.toString()}
2024-01-25 23:27:52,361 [main] INFO  base.BaseClass - Trying to find Element By {by.toString()})
2024-01-25 23:27:52,384 [main] INFO  base.BaseClass - Found Element By {by.toString()}
2024-01-25 23:27:52,925 [main] INFO  base.BaseClass - Trying to find Element By {by.toString()})
2024-01-25 23:27:52,949 [main] INFO  base.BaseClass - Found Element By {by.toString()}
2024-01-25 23:27:53,484 [main] INFO  base.BaseClass - Trying to find Element By {by.toString()})
2024-01-25 23:27:53,508 [main] INFO  base.BaseClass - Found Element By {by.toString()}
2024-01-25 23:27:54,042 [main] INFO  base.BaseClass - Trying to find Element By {by.toString()})
2024-01-25 23:27:54,064 [main] INFO  base.BaseClass - Found Element By {by.toString()}
2024-01-25 23:27:54,604 [main] INFO  base.BaseClass - Trying to find Element By {by.toString()})
2024-01-25 23:27:54,627 [main] INFO  base.BaseClass - Found Element By {by.toString()}
2024-01-25 23:27:55,168 [main] INFO  base.BaseClass - Trying to find Element By {by.toString()})
2024-01-25 23:27:55,189 [main] INFO  base.BaseClass - Found Element By {by.toString()}
2024-01-25 23:27:55,721 [main] INFO  base.BaseClass - Trying to find Element By {by.toString()})
2024-01-25 23:27:55,743 [main] INFO  base.BaseClass - Found Element By {by.toString()}
2024-01-25 23:27:56,264 [main] INFO  base.BaseClass - Trying to find Element By {by.toString()})
2024-01-25 23:27:56,286 [main] INFO  base.BaseClass - Found Element By {by.toString()}
2024-01-25 23:27:56,818 [main] INFO  base.BaseClass - Trying to find Element By {by.toString()})
2024-01-25 23:27:56,838 [main] INFO  base.BaseClass - Found Element By {by.toString()}
2024-01-25 23:27:57,368 [main] INFO  base.BaseClass - Trying to find Element By {by.toString()})
2024-01-25 23:27:57,391 [main] INFO  base.BaseClass - Found Element By {by.toString()}
2024-01-25 23:27:57,923 [main] INFO  base.BaseClass - Trying to find Element By {by.toString()})
2024-01-25 23:27:57,946 [main] INFO  base.BaseClass - Found Element By {by.toString()}
2024-01-25 23:27:58,487 [main] INFO  base.BaseClass - Trying to find Element By {by.toString()})
2024-01-25 23:27:58,511 [main] INFO  base.BaseClass - Found Element By {by.toString()}
2024-01-25 23:27:59,044 [main] INFO  base.BaseClass - Trying to find Element By {by.toString()})
2024-01-25 23:27:59,069 [main] INFO  base.BaseClass - Found Element By {by.toString()}
2024-01-25 23:27:59,604 [main] INFO  base.BaseClass - Trying to find Element By {by.toString()})
2024-01-25 23:27:59,627 [main] INFO  base.BaseClass - Found Element By {by.toString()}
2024-01-25 23:28:00,161 [main] INFO  base.BaseClass - Trying to find Element By {by.toString()})
2024-01-25 23:28:00,181 [main] INFO  base.BaseClass - Found Element By {by.toString()}
TimeoutException occurred: Expected condition failed: waiting for helper.WaitUtility$5@33de44e9 (tried for 30 second(s) with 500 milliseconds interval)
Build info: version: '3.141.59', revision: 'e82be7d358', time: '2018-11-14T08:17:03'
System info: host: 'DPLAP166', ip: '137.237.3.67', os.name: 'Windows 10', os.arch: 'amd64', os.version: '10.0', java.version: '19.0.1'
Driver info: org.openqa.selenium.support.events.EventFiringWebDriver
Capabilities {acceptInsecureCerts: true, browserName: chrome, browserVersion: 121.0.6167.86, chrome: {chromedriverVersion: 121.0.6167.85 (3f98d690ad7e..., userDataDir: C:\Users\dP-PL\AppData\Loca...}, fedcm:accounts: true, goog:chromeOptions: {debuggerAddress: localhost:56163}, javascriptEnabled: true, networkConnectionEnabled: false, pageLoadStrategy: normal, platform: WINDOWS, platformName: WINDOWS, proxy: Proxy(), setWindowRect: true, strictFileInteractability: false, timeouts: {implicit: 0, pageLoad: 300000, script: 30000}, unhandledPromptBehavior: dismiss and notify, webauthn:extension:credBlob: true, webauthn:extension:largeBlob: true, webauthn:extension:minPinLength: true, webauthn:extension:prf: true, webauthn:virtualAuthenticators: true}
Session ID: de1aae0030c292e08ea0c5dc59192949
2024-01-25 23:28:00,205 [main] ERROR XGLT_15177_Test - Element did not become visible within the specified time: Expected condition failed: waiting for helper.WaitUtility$5@33de44e9 (tried for 30 second(s) with 500 milliseconds interval)
Build info: version: '3.141.59', revision: 'e82be7d358', time: '2018-11-14T08:17:03'
System info: host: 'DPLAP166', ip: '137.237.3.67', os.name: 'Windows 10', os.arch: 'amd64', os.version: '10.0', java.version: '19.0.1'
Driver info: org.openqa.selenium.support.events.EventFiringWebDriver
Capabilities {acceptInsecureCerts: true, browserName: chrome, browserVersion: 121.0.6167.86, chrome: {chromedriverVersion: 121.0.6167.85 (3f98d690ad7e..., userDataDir: C:\Users\dP-PL\AppData\Loca...}, fedcm:accounts: true, goog:chromeOptions: {debuggerAddress: localhost:56163}, javascriptEnabled: true, networkConnectionEnabled: false, pageLoadStrategy: normal, platform: WINDOWS, platformName: WINDOWS, proxy: Proxy(), setWindowRect: true, strictFileInteractability: false, timeouts: {implicit: 0, pageLoad: 300000, script: 30000}, unhandledPromptBehavior: dismiss and notify, webauthn:extension:credBlob: true, webauthn:extension:largeBlob: true, webauthn:extension:minPinLength: true, webauthn:extension:prf: true, webauthn:virtualAuthenticators: true}
Session ID: de1aae0030c292e08ea0c5dc59192949
2024-01-25 23:28:00,205 [main] INFO  base.BaseClass - Trying to find Element By {by.toString()})
2024-01-25 23:28:00,221 [main] INFO  base.BaseClass - Found Element By {by.toString()}
2024-01-25 23:28:00,221 [main] INFO  base.BaseClass - Trying to click on: {element.toString()}
2024-01-25 23:28:00,342 [main] INFO  base.BaseClass - Clicked on: {element.toString()}
2024-01-25 23:28:00,342 [main] INFO  base.BaseClass - Trying to find Element By {by.toString()})
2024-01-25 23:28:01,346 [main] INFO  base.BaseClass - Found Element By {by.toString()}
2024-01-25 23:28:01,375 [main] INFO  base.BaseClass - Trying to find Element By {by.toString()})
2024-01-25 23:28:01,408 [main] INFO  base.BaseClass - Found Element By {by.toString()}
2024-01-25 23:28:01,941 [main] INFO  base.BaseClass - Trying to find Element By {by.toString()})
2024-01-25 23:28:01,967 [main] INFO  base.BaseClass - Found Element By {by.toString()}
2024-01-25 23:28:02,494 [main] INFO  base.BaseClass - Trying to find Element By {by.toString()})
2024-01-25 23:28:02,516 [main] INFO  base.BaseClass - Found Element By {by.toString()}
2024-01-25 23:28:03,056 [main] INFO  base.BaseClass - Trying to find Element By {by.toString()})
2024-01-25 23:28:03,079 [main] INFO  base.BaseClass - Found Element By {by.toString()}
2024-01-25 23:28:03,611 [main] INFO  base.BaseClass - Trying to find Element By {by.toString()})
2024-01-25 23:28:03,636 [main] INFO  base.BaseClass - Found Element By {by.toString()}
2024-01-25 23:28:04,156 [main] INFO  base.BaseClass - Trying to find Element By {by.toString()})
2024-01-25 23:28:04,178 [main] INFO  base.BaseClass - Found Element By {by.toString()}
2024-01-25 23:28:04,710 [main] INFO  base.BaseClass - Trying to find Element By {by.toString()})
2024-01-25 23:28:04,733 [main] INFO  base.BaseClass - Found Element By {by.toString()}
2024-01-25 23:28:05,266 [main] INFO  base.BaseClass - Trying to find Element By {by.toString()})
2024-01-25 23:28:05,288 [main] INFO  base.BaseClass - Found Element By {by.toString()}
2024-01-25 23:28:05,821 [main] INFO  base.BaseClass - Trying to find Element By {by.toString()})
2024-01-25 23:28:05,843 [main] INFO  base.BaseClass - Found Element By {by.toString()}
2024-01-25 23:28:06,378 [main] INFO  base.BaseClass - Trying to find Element By {by.toString()})
2024-01-25 23:28:06,397 [main] INFO  base.BaseClass - Found Element By {by.toString()}
2024-01-25 23:28:06,927 [main] INFO  base.BaseClass - Trying to find Element By {by.toString()})
2024-01-25 23:28:06,950 [main] INFO  base.BaseClass - Found Element By {by.toString()}
2024-01-25 23:28:07,482 [main] INFO  base.BaseClass - Trying to find Element By {by.toString()})
2024-01-25 23:28:07,503 [main] INFO  base.BaseClass - Found Element By {by.toString()}
2024-01-25 23:28:08,032 [main] INFO  base.BaseClass - Trying to find Element By {by.toString()})
2024-01-25 23:28:08,053 [main] INFO  base.BaseClass - Found Element By {by.toString()}
2024-01-25 23:28:08,594 [main] INFO  base.BaseClass - Trying to find Element By {by.toString()})
2024-01-25 23:28:08,616 [main] INFO  base.BaseClass - Found Element By {by.toString()}
2024-01-25 23:28:09,149 [main] INFO  base.BaseClass - Trying to find Element By {by.toString()})
2024-01-25 23:28:09,161 [main] INFO  base.BaseClass - Found Element By {by.toString()}
2024-01-25 23:28:09,683 [main] INFO  base.BaseClass - Trying to find Element By {by.toString()})
2024-01-25 23:28:09,707 [main] INFO  base.BaseClass - Found Element By {by.toString()}
2024-01-25 23:28:10,250 [main] INFO  base.BaseClass - Trying to find Element By {by.toString()})
2024-01-25 23:28:10,273 [main] INFO  base.BaseClass - Found Element By {by.toString()}
2024-01-25 23:28:10,804 [main] INFO  base.BaseClass - Trying to find Element By {by.toString()})
2024-01-25 23:28:10,826 [main] INFO  base.BaseClass - Found Element By {by.toString()}
2024-01-25 23:28:11,358 [main] INFO  base.BaseClass - Trying to find Element By {by.toString()})
2024-01-25 23:28:11,381 [main] INFO  base.BaseClass - Found Element By {by.toString()}
2024-01-25 23:28:11,910 [main] INFO  base.BaseClass - Trying to find Element By {by.toString()})
2024-01-25 23:28:11,933 [main] INFO  base.BaseClass - Found Element By {by.toString()}
2024-01-25 23:28:12,473 [main] INFO  base.BaseClass - Trying to find Element By {by.toString()})
2024-01-25 23:28:12,496 [main] INFO  base.BaseClass - Found Element By {by.toString()}
2024-01-25 23:28:13,033 [main] INFO  base.BaseClass - Trying to find Element By {by.toString()})
2024-01-25 23:28:13,056 [main] INFO  base.BaseClass - Found Element By {by.toString()}
2024-01-25 23:28:13,588 [main] INFO  base.BaseClass - Trying to find Element By {by.toString()})
2024-01-25 23:28:13,609 [main] INFO  base.BaseClass - Found Element By {by.toString()}
2024-01-25 23:28:14,144 [main] INFO  base.BaseClass - Trying to find Element By {by.toString()})
2024-01-25 23:28:14,166 [main] INFO  base.BaseClass - Found Element By {by.toString()}
2024-01-25 23:28:14,699 [main] INFO  base.BaseClass - Trying to find Element By {by.toString()})
2024-01-25 23:28:14,722 [main] INFO  base.BaseClass - Found Element By {by.toString()}
2024-01-25 23:28:15,254 [main] INFO  base.BaseClass - Trying to find Element By {by.toString()})
2024-01-25 23:28:15,276 [main] INFO  base.BaseClass - Found Element By {by.toString()}
2024-01-25 23:28:15,810 [main] INFO  base.BaseClass - Trying to find Element By {by.toString()})
2024-01-25 23:28:15,833 [main] INFO  base.BaseClass - Found Element By {by.toString()}
2024-01-25 23:28:16,352 [main] INFO  base.BaseClass - Trying to find Element By {by.toString()})
2024-01-25 23:28:16,373 [main] INFO  base.BaseClass - Found Element By {by.toString()}
2024-01-25 23:28:16,904 [main] INFO  base.BaseClass - Trying to find Element By {by.toString()})
2024-01-25 23:28:16,928 [main] INFO  base.BaseClass - Found Element By {by.toString()}
2024-01-25 23:28:17,448 [main] INFO  base.BaseClass - Trying to find Element By {by.toString()})
2024-01-25 23:28:17,469 [main] INFO  base.BaseClass - Found Element By {by.toString()}
2024-01-25 23:28:18,001 [main] INFO  base.BaseClass - Trying to find Element By {by.toString()})
2024-01-25 23:28:18,022 [main] INFO  base.BaseClass - Found Element By {by.toString()}
2024-01-25 23:28:18,554 [main] INFO  base.BaseClass - Trying to find Element By {by.toString()})
2024-01-25 23:28:18,577 [main] INFO  base.BaseClass - Found Element By {by.toString()}
2024-01-25 23:28:19,112 [main] INFO  base.BaseClass - Trying to find Element By {by.toString()})
2024-01-25 23:28:19,134 [main] INFO  base.BaseClass - Found Element By {by.toString()}
2024-01-25 23:28:19,683 [main] INFO  base.BaseClass - Trying to find Element By {by.toString()})
2024-01-25 23:28:19,706 [main] INFO  base.BaseClass - Found Element By {by.toString()}
2024-01-25 23:28:20,248 [main] INFO  base.BaseClass - Trying to find Element By {by.toString()})
2024-01-25 23:28:20,270 [main] INFO  base.BaseClass - Found Element By {by.toString()}
2024-01-25 23:28:20,804 [main] INFO  base.BaseClass - Trying to find Element By {by.toString()})
2024-01-25 23:28:20,827 [main] INFO  base.BaseClass - Found Element By {by.toString()}
2024-01-25 23:28:21,358 [main] INFO  base.BaseClass - Trying to find Element By {by.toString()})
2024-01-25 23:28:21,382 [main] INFO  base.BaseClass - Found Element By {by.toString()}
2024-01-25 23:28:21,914 [main] INFO  base.BaseClass - Trying to find Element By {by.toString()})
2024-01-25 23:28:21,939 [main] INFO  base.BaseClass - Found Element By {by.toString()}
2024-01-25 23:28:22,472 [main] INFO  base.BaseClass - Trying to find Element By {by.toString()})
2024-01-25 23:28:22,493 [main] INFO  base.BaseClass - Found Element By {by.toString()}
2024-01-25 23:28:23,024 [main] INFO  base.BaseClass - Trying to find Element By {by.toString()})
2024-01-25 23:28:23,047 [main] INFO  base.BaseClass - Found Element By {by.toString()}
2024-01-25 23:28:23,591 [main] INFO  base.BaseClass - Trying to find Element By {by.toString()})
2024-01-25 23:28:23,613 [main] INFO  base.BaseClass - Found Element By {by.toString()}
2024-01-25 23:28:24,156 [main] INFO  base.BaseClass - Trying to find Element By {by.toString()})
2024-01-25 23:28:24,177 [main] INFO  base.BaseClass - Found Element By {by.toString()}
2024-01-25 23:28:24,708 [main] INFO  base.BaseClass - Trying to find Element By {by.toString()})
2024-01-25 23:28:24,731 [main] INFO  base.BaseClass - Found Element By {by.toString()}
2024-01-25 23:28:25,264 [main] INFO  base.BaseClass - Trying to find Element By {by.toString()})
2024-01-25 23:28:25,283 [main] INFO  base.BaseClass - Found Element By {by.toString()}
2024-01-25 23:28:25,814 [main] INFO  base.BaseClass - Trying to find Element By {by.toString()})
2024-01-25 23:28:25,835 [main] INFO  base.BaseClass - Found Element By {by.toString()}
2024-01-25 23:28:26,367 [main] INFO  base.BaseClass - Trying to find Element By {by.toString()})
2024-01-25 23:28:26,388 [main] INFO  base.BaseClass - Found Element By {by.toString()}
2024-01-25 23:28:26,921 [main] INFO  base.BaseClass - Trying to find Element By {by.toString()})
2024-01-25 23:28:26,943 [main] INFO  base.BaseClass - Found Element By {by.toString()}
2024-01-25 23:28:27,472 [main] INFO  base.BaseClass - Trying to find Element By {by.toString()})
2024-01-25 23:28:27,495 [main] INFO  base.BaseClass - Found Element By {by.toString()}
2024-01-25 23:28:28,028 [main] INFO  base.BaseClass - Trying to find Element By {by.toString()})
2024-01-25 23:28:28,051 [main] INFO  base.BaseClass - Found Element By {by.toString()}
2024-01-25 23:28:28,579 [main] INFO  base.BaseClass - Trying to find Element By {by.toString()})
2024-01-25 23:28:28,601 [main] INFO  base.BaseClass - Found Element By {by.toString()}
2024-01-25 23:28:29,134 [main] INFO  base.BaseClass - Trying to find Element By {by.toString()})
2024-01-25 23:28:29,156 [main] INFO  base.BaseClass - Found Element By {by.toString()}
2024-01-25 23:28:29,699 [main] INFO  base.BaseClass - Trying to find Element By {by.toString()})
2024-01-25 23:28:29,721 [main] INFO  base.BaseClass - Found Element By {by.toString()}
2024-01-25 23:28:30,254 [main] INFO  base.BaseClass - Trying to find Element By {by.toString()})
2024-01-25 23:28:30,270 [main] INFO  base.BaseClass - Found Element By {by.toString()}
2024-01-25 23:28:30,795 [main] INFO  base.BaseClass - Trying to find Element By {by.toString()})
2024-01-25 23:28:30,816 [main] INFO  base.BaseClass - Found Element By {by.toString()}
2024-01-25 23:28:31,349 [main] INFO  base.BaseClass - Trying to find Element By {by.toString()})
2024-01-25 23:28:31,370 [main] INFO  base.BaseClass - Found Element By {by.toString()}
TimeoutException occurred: Expected condition failed: waiting for helper.WaitUtility$5@3e8f59e3 (tried for 30 second(s) with 500 milliseconds interval)
Build info: version: '3.141.59', revision: 'e82be7d358', time: '2018-11-14T08:17:03'
System info: host: 'DPLAP166', ip: '137.237.3.67', os.name: 'Windows 10', os.arch: 'amd64', os.version: '10.0', java.version: '19.0.1'
Driver info: org.openqa.selenium.support.events.EventFiringWebDriver
Capabilities {acceptInsecureCerts: true, browserName: chrome, browserVersion: 121.0.6167.86, chrome: {chromedriverVersion: 121.0.6167.85 (3f98d690ad7e..., userDataDir: C:\Users\dP-PL\AppData\Loca...}, fedcm:accounts: true, goog:chromeOptions: {debuggerAddress: localhost:56163}, javascriptEnabled: true, networkConnectionEnabled: false, pageLoadStrategy: normal, platform: WINDOWS, platformName: WINDOWS, proxy: Proxy(), setWindowRect: true, strictFileInteractability: false, timeouts: {implicit: 0, pageLoad: 300000, script: 30000}, unhandledPromptBehavior: dismiss and notify, webauthn:extension:credBlob: true, webauthn:extension:largeBlob: true, webauthn:extension:minPinLength: true, webauthn:extension:prf: true, webauthn:virtualAuthenticators: true}
Session ID: de1aae0030c292e08ea0c5dc59192949
2024-01-25 23:28:31,401 [main] ERROR XGLT_15177_Test - Element did not become visible within the specified time: Expected condition failed: waiting for helper.WaitUtility$5@3e8f59e3 (tried for 30 second(s) with 500 milliseconds interval)
Build info: version: '3.141.59', revision: 'e82be7d358', time: '2018-11-14T08:17:03'
System info: host: 'DPLAP166', ip: '137.237.3.67', os.name: 'Windows 10', os.arch: 'amd64', os.version: '10.0', java.version: '19.0.1'
Driver info: org.openqa.selenium.support.events.EventFiringWebDriver
Capabilities {acceptInsecureCerts: true, browserName: chrome, browserVersion: 121.0.6167.86, chrome: {chromedriverVersion: 121.0.6167.85 (3f98d690ad7e..., userDataDir: C:\Users\dP-PL\AppData\Loca...}, fedcm:accounts: true, goog:chromeOptions: {debuggerAddress: localhost:56163}, javascriptEnabled: true, networkConnectionEnabled: false, pageLoadStrategy: normal, platform: WINDOWS, platformName: WINDOWS, proxy: Proxy(), setWindowRect: true, strictFileInteractability: false, timeouts: {implicit: 0, pageLoad: 300000, script: 30000}, unhandledPromptBehavior: dismiss and notify, webauthn:extension:credBlob: true, webauthn:extension:largeBlob: true, webauthn:extension:minPinLength: true, webauthn:extension:prf: true, webauthn:virtualAuthenticators: true}
Session ID: de1aae0030c292e08ea0c5dc59192949
2024-01-25 23:28:31,401 [main] INFO  base.BaseClass - Trying to find Element By {by.toString()})
2024-01-25 23:28:31,420 [main] INFO  base.BaseClass - Found Element By {by.toString()}
2024-01-25 23:28:31,420 [main] INFO  base.BaseClass - Trying to click on: {element.toString()}
2024-01-25 23:28:31,647 [main] INFO  base.BaseClass - Clicked on: {element.toString()}
2024-01-25 23:28:31,647 [main] INFO  base.BaseClass - Trying to find Element By {by.toString()})
2024-01-25 23:28:31,670 [main] INFO  base.BaseClass - Found Element By {by.toString()}
2024-01-25 23:28:31,694 [main] INFO  base.BaseClass - Trying to find Element By {by.toString()})
2024-01-25 23:28:31,710 [main] INFO  base.BaseClass - Found Element By {by.toString()}
2024-01-25 23:28:32,222 [main] INFO  base.BaseClass - Trying to find Element By {by.toString()})
2024-01-25 23:28:32,247 [main] INFO  base.BaseClass - Found Element By {by.toString()}
2024-01-25 23:28:32,278 [main] INFO  base.BaseClass - Trying to find Element By {by.toString()})
2024-01-25 23:28:32,290 [main] INFO  base.BaseClass - Found Element By {by.toString()}
2024-01-25 23:28:32,299 [main] INFO  base.BaseClass - Trying to find Element By {by.toString()})
2024-01-25 23:28:32,315 [main] INFO  base.BaseClass - Found Element By {by.toString()}
2024-01-25 23:28:32,315 [main] INFO  base.BaseClass - Trying to click on: {element.toString()}
2024-01-25 23:28:32,471 [main] INFO  base.BaseClass - Clicked on: {element.toString()}
2024-01-25 23:28:32,471 [main] INFO  base.BaseClass - Trying to find Element By {by.toString()})
2024-01-25 23:28:32,484 [main] INFO  base.BaseClass - Found Element By {by.toString()}
2024-01-25 23:28:32,493 [main] INFO  base.BaseClass - Trying to find Element By {by.toString()})
2024-01-25 23:28:32,503 [main] INFO  base.BaseClass - Found Element By {by.toString()}
2024-01-25 23:28:32,558 [main] INFO  base.BaseClass - Trying to find Element By {by.toString()})
2024-01-25 23:28:32,583 [main] INFO  base.BaseClass - Found Element By {by.toString()}
2024-01-25 23:28:32,653 [main] INFO  base.BaseClass - Trying to find Element By {by.toString()})
2024-01-25 23:28:32,667 [main] INFO  base.BaseClass - Found Element By {by.toString()}
2024-01-25 23:28:33,183 [main] INFO  base.BaseClass - Trying to find Element By {by.toString()})
2024-01-25 23:28:33,211 [main] INFO  base.BaseClass - Found Element By {by.toString()}
2024-01-25 23:28:33,749 [main] INFO  base.BaseClass - Trying to find Element By {by.toString()})
2024-01-25 23:28:33,773 [main] INFO  base.BaseClass - Found Element By {by.toString()}
2024-01-25 23:28:34,309 [main] INFO  base.BaseClass - Trying to find Element By {by.toString()})
2024-01-25 23:28:34,333 [main] INFO  base.BaseClass - Found Element By {by.toString()}
2024-01-25 23:28:34,868 [main] INFO  base.BaseClass - Trying to find Element By {by.toString()})
2024-01-25 23:28:34,892 [main] INFO  base.BaseClass - Found Element By {by.toString()}
2024-01-25 23:28:35,437 [main] INFO  base.BaseClass - Trying to find Element By {by.toString()})
2024-01-25 23:28:35,460 [main] INFO  base.BaseClass - Found Element By {by.toString()}
2024-01-25 23:28:35,995 [main] INFO  base.BaseClass - Trying to find Element By {by.toString()})
2024-01-25 23:28:36,019 [main] INFO  base.BaseClass - Found Element By {by.toString()}
2024-01-25 23:28:36,542 [main] INFO  base.BaseClass - Trying to find Element By {by.toString()})
2024-01-25 23:28:36,605 [main] INFO  base.BaseClass - Found Element By {by.toString()}
2024-01-25 23:28:37,119 [main] INFO  base.BaseClass - Trying to find Element By {by.toString()})
2024-01-25 23:28:37,141 [main] INFO  base.BaseClass - Found Element By {by.toString()}
2024-01-25 23:28:37,666 [main] INFO  base.BaseClass - Trying to find Element By {by.toString()})
2024-01-25 23:28:37,690 [main] INFO  base.BaseClass - Found Element By {by.toString()}
2024-01-25 23:28:38,231 [main] INFO  base.BaseClass - Trying to find Element By {by.toString()})
2024-01-25 23:28:38,248 [main] INFO  base.BaseClass - Found Element By {by.toString()}
2024-01-25 23:28:38,774 [main] INFO  base.BaseClass - Trying to find Element By {by.toString()})
2024-01-25 23:28:38,796 [main] INFO  base.BaseClass - Found Element By {by.toString()}
2024-01-25 23:28:39,327 [main] INFO  base.BaseClass - Trying to find Element By {by.toString()})
2024-01-25 23:28:39,348 [main] INFO  base.BaseClass - Found Element By {by.toString()}
2024-01-25 23:28:39,879 [main] INFO  base.BaseClass - Trying to find Element By {by.toString()})
2024-01-25 23:28:39,903 [main] INFO  base.BaseClass - Found Element By {by.toString()}
2024-01-25 23:28:40,436 [main] INFO  base.BaseClass - Trying to find Element By {by.toString()})
2024-01-25 23:28:40,459 [main] INFO  base.BaseClass - Found Element By {by.toString()}
2024-01-25 23:28:40,989 [main] INFO  base.BaseClass - Trying to find Element By {by.toString()})
2024-01-25 23:28:41,012 [main] INFO  base.BaseClass - Found Element By {by.toString()}
2024-01-25 23:28:41,538 [main] INFO  base.BaseClass - Trying to find Element By {by.toString()})
2024-01-25 23:28:41,560 [main] INFO  base.BaseClass - Found Element By {by.toString()}
2024-01-25 23:28:42,092 [main] INFO  base.BaseClass - Trying to find Element By {by.toString()})
2024-01-25 23:28:42,112 [main] INFO  base.BaseClass - Found Element By {by.toString()}
2024-01-25 23:28:42,641 [main] INFO  base.BaseClass - Trying to find Element By {by.toString()})
2024-01-25 23:28:42,664 [main] INFO  base.BaseClass - Found Element By {by.toString()}
2024-01-25 23:28:43,198 [main] INFO  base.BaseClass - Trying to find Element By {by.toString()})
2024-01-25 23:28:43,221 [main] INFO  base.BaseClass - Found Element By {by.toString()}
2024-01-25 23:28:43,746 [main] INFO  base.BaseClass - Trying to find Element By {by.toString()})
2024-01-25 23:28:43,770 [main] INFO  base.BaseClass - Found Element By {by.toString()}
2024-01-25 23:28:44,304 [main] INFO  base.BaseClass - Trying to find Element By {by.toString()})
2024-01-25 23:28:44,330 [main] INFO  base.BaseClass - Found Element By {by.toString()}
2024-01-25 23:28:44,855 [main] INFO  base.BaseClass - Trying to find Element By {by.toString()})
2024-01-25 23:28:44,880 [main] INFO  base.BaseClass - Found Element By {by.toString()}
2024-01-25 23:28:45,416 [main] INFO  base.BaseClass - Trying to find Element By {by.toString()})
2024-01-25 23:28:45,441 [main] INFO  base.BaseClass - Found Element By {by.toString()}
2024-01-25 23:28:45,982 [main] INFO  base.BaseClass - Trying to find Element By {by.toString()})
2024-01-25 23:28:46,004 [main] INFO  base.BaseClass - Found Element By {by.toString()}
2024-01-25 23:28:46,535 [main] INFO  base.BaseClass - Trying to find Element By {by.toString()})
2024-01-25 23:28:46,557 [main] INFO  base.BaseClass - Found Element By {by.toString()}
2024-01-25 23:28:47,088 [main] INFO  base.BaseClass - Trying to find Element By {by.toString()})
2024-01-25 23:28:47,111 [main] INFO  base.BaseClass - Found Element By {by.toString()}
2024-01-25 23:28:47,648 [main] INFO  base.BaseClass - Trying to find Element By {by.toString()})
2024-01-25 23:28:47,669 [main] INFO  base.BaseClass - Found Element By {by.toString()}
2024-01-25 23:28:48,209 [main] INFO  base.BaseClass - Trying to find Element By {by.toString()})
2024-01-25 23:28:48,227 [main] INFO  base.BaseClass - Found Element By {by.toString()}
2024-01-25 23:28:48,751 [main] INFO  base.BaseClass - Trying to find Element By {by.toString()})
2024-01-25 23:28:48,778 [main] INFO  base.BaseClass - Found Element By {by.toString()}
2024-01-25 23:28:49,311 [main] INFO  base.BaseClass - Trying to find Element By {by.toString()})
2024-01-25 23:28:49,333 [main] INFO  base.BaseClass - Found Element By {by.toString()}
2024-01-25 23:28:49,849 [main] INFO  base.BaseClass - Trying to find Element By {by.toString()})
2024-01-25 23:28:49,873 [main] INFO  base.BaseClass - Found Element By {by.toString()}
2024-01-25 23:28:50,402 [main] INFO  base.BaseClass - Trying to find Element By {by.toString()})
2024-01-25 23:28:50,423 [main] INFO  base.BaseClass - Found Element By {by.toString()}
2024-01-25 23:28:50,967 [main] INFO  base.BaseClass - Trying to find Element By {by.toString()})
2024-01-25 23:28:50,990 [main] INFO  base.BaseClass - Found Element By {by.toString()}
2024-01-25 23:28:51,533 [main] INFO  base.BaseClass - Trying to find Element By {by.toString()})
2024-01-25 23:28:51,555 [main] INFO  base.BaseClass - Found Element By {by.toString()}
2024-01-25 23:28:52,078 [main] INFO  base.BaseClass - Trying to find Element By {by.toString()})
2024-01-25 23:28:52,092 [main] INFO  base.BaseClass - Found Element By {by.toString()}
2024-01-25 23:28:52,614 [main] INFO  base.BaseClass - Trying to find Element By {by.toString()})
2024-01-25 23:28:52,636 [main] INFO  base.BaseClass - Found Element By {by.toString()}
2024-01-25 23:28:53,166 [main] INFO  base.BaseClass - Trying to find Element By {by.toString()})
2024-01-25 23:28:53,189 [main] INFO  base.BaseClass - Found Element By {by.toString()}
2024-01-25 23:28:53,720 [main] INFO  base.BaseClass - Trying to find Element By {by.toString()})
2024-01-25 23:28:53,742 [main] INFO  base.BaseClass - Found Element By {by.toString()}
2024-01-25 23:28:54,267 [main] INFO  base.BaseClass - Trying to find Element By {by.toString()})
2024-01-25 23:28:54,290 [main] INFO  base.BaseClass - Found Element By {by.toString()}
2024-01-25 23:28:54,823 [main] INFO  base.BaseClass - Trying to find Element By {by.toString()})
2024-01-25 23:28:54,846 [main] INFO  base.BaseClass - Found Element By {by.toString()}
2024-01-25 23:28:55,372 [main] INFO  base.BaseClass - Trying to find Element By {by.toString()})
2024-01-25 23:28:55,395 [main] INFO  base.BaseClass - Found Element By {by.toString()}
2024-01-25 23:28:55,919 [main] INFO  base.BaseClass - Trying to find Element By {by.toString()})
2024-01-25 23:28:55,941 [main] INFO  base.BaseClass - Found Element By {by.toString()}
2024-01-25 23:28:56,470 [main] INFO  base.BaseClass - Trying to find Element By {by.toString()})
2024-01-25 23:28:56,491 [main] INFO  base.BaseClass - Found Element By {by.toString()}
2024-01-25 23:28:57,028 [main] INFO  base.BaseClass - Trying to find Element By {by.toString()})
2024-01-25 23:28:57,054 [main] INFO  base.BaseClass - Found Element By {by.toString()}
2024-01-25 23:28:57,587 [main] INFO  base.BaseClass - Trying to find Element By {by.toString()})
2024-01-25 23:28:57,611 [main] INFO  base.BaseClass - Found Element By {by.toString()}
2024-01-25 23:28:58,145 [main] INFO  base.BaseClass - Trying to find Element By {by.toString()})
2024-01-25 23:28:58,168 [main] INFO  base.BaseClass - Found Element By {by.toString()}
2024-01-25 23:28:58,700 [main] INFO  base.BaseClass - Trying to find Element By {by.toString()})
2024-01-25 23:28:58,722 [main] INFO  base.BaseClass - Found Element By {by.toString()}
2024-01-25 23:28:59,256 [main] INFO  base.BaseClass - Trying to find Element By {by.toString()})
2024-01-25 23:28:59,277 [main] INFO  base.BaseClass - Found Element By {by.toString()}
2024-01-25 23:28:59,815 [main] INFO  base.BaseClass - Trying to find Element By {by.toString()})
2024-01-25 23:28:59,839 [main] INFO  base.BaseClass - Found Element By {by.toString()}
2024-01-25 23:29:00,372 [main] INFO  base.BaseClass - Trying to find Element By {by.toString()})
2024-01-25 23:29:00,396 [main] INFO  base.BaseClass - Found Element By {by.toString()}
2024-01-25 23:29:00,927 [main] INFO  base.BaseClass - Trying to find Element By {by.toString()})
2024-01-25 23:29:00,949 [main] INFO  base.BaseClass - Found Element By {by.toString()}
2024-01-25 23:29:01,482 [main] INFO  base.BaseClass - Trying to find Element By {by.toString()})
2024-01-25 23:29:01,504 [main] INFO  base.BaseClass - Found Element By {by.toString()}
2024-01-25 23:29:02,044 [main] INFO  base.BaseClass - Trying to find Element By {by.toString()})
2024-01-25 23:29:02,066 [main] INFO  base.BaseClass - Found Element By {by.toString()}
2024-01-25 23:29:02,591 [main] INFO  base.BaseClass - Trying to find Element By {by.toString()})
2024-01-25 23:29:02,612 [main] INFO  base.BaseClass - Found Element By {by.toString()}
2024-01-25 23:29:03,146 [main] INFO  base.BaseClass - Trying to find Element By {by.toString()})
2024-01-25 23:29:03,168 [main] INFO  base.BaseClass - Found Element By {by.toString()}
TimeoutException occurred: Expected condition failed: waiting for helper.WaitUtility$5@7cfd318d (tried for 30 second(s) with 500 milliseconds interval)
Build info: version: '3.141.59', revision: 'e82be7d358', time: '2018-11-14T08:17:03'
System info: host: 'DPLAP166', ip: '137.237.3.67', os.name: 'Windows 10', os.arch: 'amd64', os.version: '10.0', java.version: '19.0.1'
Driver info: org.openqa.selenium.support.events.EventFiringWebDriver
Capabilities {acceptInsecureCerts: true, browserName: chrome, browserVersion: 121.0.6167.86, chrome: {chromedriverVersion: 121.0.6167.85 (3f98d690ad7e..., userDataDir: C:\Users\dP-PL\AppData\Loca...}, fedcm:accounts: true, goog:chromeOptions: {debuggerAddress: localhost:56163}, javascriptEnabled: true, networkConnectionEnabled: false, pageLoadStrategy: normal, platform: WINDOWS, platformName: WINDOWS, proxy: Proxy(), setWindowRect: true, strictFileInteractability: false, timeouts: {implicit: 0, pageLoad: 300000, script: 30000}, unhandledPromptBehavior: dismiss and notify, webauthn:extension:credBlob: true, webauthn:extension:largeBlob: true, webauthn:extension:minPinLength: true, webauthn:extension:prf: true, webauthn:virtualAuthenticators: true}
Session ID: de1aae0030c292e08ea0c5dc59192949
2024-01-25 23:29:03,199 [main] ERROR XGLT_15177_Test - Element did not become visible within the specified time: Expected condition failed: waiting for helper.WaitUtility$5@7cfd318d (tried for 30 second(s) with 500 milliseconds interval)
Build info: version: '3.141.59', revision: 'e82be7d358', time: '2018-11-14T08:17:03'
System info: host: 'DPLAP166', ip: '137.237.3.67', os.name: 'Windows 10', os.arch: 'amd64', os.version: '10.0', java.version: '19.0.1'
Driver info: org.openqa.selenium.support.events.EventFiringWebDriver
Capabilities {acceptInsecureCerts: true, browserName: chrome, browserVersion: 121.0.6167.86, chrome: {chromedriverVersion: 121.0.6167.85 (3f98d690ad7e..., userDataDir: C:\Users\dP-PL\AppData\Loca...}, fedcm:accounts: true, goog:chromeOptions: {debuggerAddress: localhost:56163}, javascriptEnabled: true, networkConnectionEnabled: false, pageLoadStrategy: normal, platform: WINDOWS, platformName: WINDOWS, proxy: Proxy(), setWindowRect: true, strictFileInteractability: false, timeouts: {implicit: 0, pageLoad: 300000, script: 30000}, unhandledPromptBehavior: dismiss and notify, webauthn:extension:credBlob: true, webauthn:extension:largeBlob: true, webauthn:extension:minPinLength: true, webauthn:extension:prf: true, webauthn:virtualAuthenticators: true}
Session ID: de1aae0030c292e08ea0c5dc59192949
2024-01-25 23:29:03,199 [main] INFO  base.BaseClass - Trying to find Element By {by.toString()})
2024-01-25 23:29:03,218 [main] INFO  base.BaseClass - Found Element By {by.toString()}
2024-01-25 23:29:03,218 [main] INFO  base.BaseClass - Trying to click on: {element.toString()}
2024-01-25 23:29:03,334 [main] INFO  base.BaseClass - Clicked on: {element.toString()}
2024-01-25 23:29:03,335 [main] INFO  base.BaseClass - Trying to find Element By {by.toString()})
2024-01-25 23:29:03,348 [main] INFO  base.BaseClass - Found Element By {by.toString()}
2024-01-25 23:29:03,361 [main] INFO  base.BaseClass - Trying to find Element By {by.toString()})
2024-01-25 23:29:03,370 [main] INFO  base.BaseClass - Found Element By {by.toString()}
2024-01-25 23:29:03,377 [main] INFO  base.BaseClass - Trying to find Element By {by.toString()})
2024-01-25 23:29:03,385 [main] INFO  base.BaseClass - Found Element By {by.toString()}
2024-01-25 23:29:03,385 [main] INFO  base.BaseClass - Trying to click on: {element.toString()}
2024-01-25 23:29:03,433 [main] INFO  base.BaseClass - Clicked on: {element.toString()}
2024-01-25 23:29:03,433 [main] INFO  base.BaseClass - Trying to find Element By {by.toString()})
2024-01-25 23:29:03,442 [main] INFO  base.BaseClass - Found Element By {by.toString()}
2024-01-25 23:29:03,530 [main] INFO  base.BaseClass - Trying to find Element By {by.toString()})
2024-01-25 23:29:03,547 [main] INFO  base.BaseClass - Found Element By {by.toString()}
2024-01-25 23:29:04,069 [main] INFO  base.BaseClass - Trying to find Element By {by.toString()})
2024-01-25 23:29:04,093 [main] INFO  base.BaseClass - Found Element By {by.toString()}
2024-01-25 23:29:04,629 [main] INFO  base.BaseClass - Trying to find Element By {by.toString()})
2024-01-25 23:29:04,655 [main] INFO  base.BaseClass - Found Element By {by.toString()}
2024-01-25 23:29:05,190 [main] INFO  base.BaseClass - Trying to find Element By {by.toString()})
2024-01-25 23:29:05,214 [main] INFO  base.BaseClass - Found Element By {by.toString()}
2024-01-25 23:29:05,746 [main] INFO  base.BaseClass - Trying to find Element By {by.toString()})
2024-01-25 23:29:05,772 [main] INFO  base.BaseClass - Found Element By {by.toString()}
2024-01-25 23:29:06,305 [main] INFO  base.BaseClass - Trying to find Element By {by.toString()})
2024-01-25 23:29:06,328 [main] INFO  base.BaseClass - Found Element By {by.toString()}
2024-01-25 23:29:06,860 [main] INFO  base.BaseClass - Trying to find Element By {by.toString()})
2024-01-25 23:29:06,882 [main] INFO  base.BaseClass - Found Element By {by.toString()}
2024-01-25 23:29:07,414 [main] INFO  base.BaseClass - Trying to find Element By {by.toString()})
2024-01-25 23:29:07,436 [main] INFO  base.BaseClass - Found Element By {by.toString()}
2024-01-25 23:29:07,961 [main] INFO  base.BaseClass - Trying to find Element By {by.toString()})
2024-01-25 23:29:07,983 [main] INFO  base.BaseClass - Found Element By {by.toString()}
2024-01-25 23:29:08,524 [main] INFO  base.BaseClass - Trying to find Element By {by.toString()})
2024-01-25 23:29:08,546 [main] INFO  base.BaseClass - Found Element By {by.toString()}
2024-01-25 23:29:09,078 [main] INFO  base.BaseClass - Trying to find Element By {by.toString()})
2024-01-25 23:29:09,101 [main] INFO  base.BaseClass - Found Element By {by.toString()}
2024-01-25 23:29:09,643 [main] INFO  base.BaseClass - Trying to find Element By {by.toString()})
2024-01-25 23:29:09,692 [main] INFO  base.BaseClass - Found Element By {by.toString()}
2024-01-25 23:29:10,221 [main] INFO  base.BaseClass - Trying to find Element By {by.toString()})
2024-01-25 23:29:10,246 [main] INFO  base.BaseClass - Found Element By {by.toString()}
2024-01-25 23:29:10,781 [main] INFO  base.BaseClass - Trying to find Element By {by.toString()})
2024-01-25 23:29:10,805 [main] INFO  base.BaseClass - Found Element By {by.toString()}
2024-01-25 23:29:11,338 [main] INFO  base.BaseClass - Trying to find Element By {by.toString()})
2024-01-25 23:29:11,362 [main] INFO  base.BaseClass - Found Element By {by.toString()}
2024-01-25 23:29:11,907 [main] INFO  base.BaseClass - Trying to find Element By {by.toString()})
2024-01-25 23:29:11,930 [main] INFO  base.BaseClass - Found Element By {by.toString()}
2024-01-25 23:29:12,462 [main] INFO  base.BaseClass - Trying to find Element By {by.toString()})
2024-01-25 23:29:12,484 [main] INFO  base.BaseClass - Found Element By {by.toString()}
2024-01-25 23:29:13,009 [main] INFO  base.BaseClass - Trying to find Element By {by.toString()})
2024-01-25 23:29:13,032 [main] INFO  base.BaseClass - Found Element By {by.toString()}
2024-01-25 23:29:13,566 [main] INFO  base.BaseClass - Trying to find Element By {by.toString()})
2024-01-25 23:29:13,588 [main] INFO  base.BaseClass - Found Element By {by.toString()}
2024-01-25 23:29:14,124 [main] INFO  base.BaseClass - Trying to find Element By {by.toString()})
2024-01-25 23:29:14,149 [main] INFO  base.BaseClass - Found Element By {by.toString()}
2024-01-25 23:29:14,681 [main] INFO  base.BaseClass - Trying to find Element By {by.toString()})
2024-01-25 23:29:14,704 [main] INFO  base.BaseClass - Found Element By {by.toString()}
2024-01-25 23:29:15,237 [main] INFO  base.BaseClass - Trying to find Element By {by.toString()})
2024-01-25 23:29:15,259 [main] INFO  base.BaseClass - Found Element By {by.toString()}
2024-01-25 23:29:15,798 [main] INFO  base.BaseClass - Trying to find Element By {by.toString()})
2024-01-25 23:29:15,822 [main] INFO  base.BaseClass - Found Element By {by.toString()}
2024-01-25 23:29:16,351 [main] INFO  base.BaseClass - Trying to find Element By {by.toString()})
2024-01-25 23:29:16,367 [main] INFO  base.BaseClass - Found Element By {by.toString()}
2024-01-25 23:29:16,895 [main] INFO  base.BaseClass - Trying to find Element By {by.toString()})
2024-01-25 23:29:16,918 [main] INFO  base.BaseClass - Found Element By {by.toString()}
2024-01-25 23:29:17,451 [main] INFO  base.BaseClass - Trying to find Element By {by.toString()})
2024-01-25 23:29:17,466 [main] INFO  base.BaseClass - Found Element By {by.toString()}
2024-01-25 23:29:17,987 [main] INFO  base.BaseClass - Trying to find Element By {by.toString()})
2024-01-25 23:29:18,011 [main] INFO  base.BaseClass - Found Element By {by.toString()}
2024-01-25 23:29:18,544 [main] INFO  base.BaseClass - Trying to find Element By {by.toString()})
2024-01-25 23:29:18,566 [main] INFO  base.BaseClass - Found Element By {by.toString()}
2024-01-25 23:29:19,095 [main] INFO  base.BaseClass - Trying to find Element By {by.toString()})
2024-01-25 23:29:19,118 [main] INFO  base.BaseClass - Found Element By {by.toString()}
2024-01-25 23:29:19,652 [main] INFO  base.BaseClass - Trying to find Element By {by.toString()})
2024-01-25 23:29:19,674 [main] INFO  base.BaseClass - Found Element By {by.toString()}
2024-01-25 23:29:20,201 [main] INFO  base.BaseClass - Trying to find Element By {by.toString()})
2024-01-25 23:29:20,223 [main] INFO  base.BaseClass - Found Element By {by.toString()}
2024-01-25 23:29:20,750 [main] INFO  base.BaseClass - Trying to find Element By {by.toString()})
2024-01-25 23:29:20,771 [main] INFO  base.BaseClass - Found Element By {by.toString()}
2024-01-25 23:29:21,310 [main] INFO  base.BaseClass - Trying to find Element By {by.toString()})
2024-01-25 23:29:21,332 [main] INFO  base.BaseClass - Found Element By {by.toString()}
2024-01-25 23:29:21,864 [main] INFO  base.BaseClass - Trying to find Element By {by.toString()})
2024-01-25 23:29:21,887 [main] INFO  base.BaseClass - Found Element By {by.toString()}
2024-01-25 23:29:22,417 [main] INFO  base.BaseClass - Trying to find Element By {by.toString()})
2024-01-25 23:29:22,440 [main] INFO  base.BaseClass - Found Element By {by.toString()}
2024-01-25 23:29:22,961 [main] INFO  base.BaseClass - Trying to find Element By {by.toString()})
2024-01-25 23:29:22,985 [main] INFO  base.BaseClass - Found Element By {by.toString()}
2024-01-25 23:29:23,518 [main] INFO  base.BaseClass - Trying to find Element By {by.toString()})
2024-01-25 23:29:23,540 [main] INFO  base.BaseClass - Found Element By {by.toString()}
2024-01-25 23:29:24,071 [main] INFO  base.BaseClass - Trying to find Element By {by.toString()})
2024-01-25 23:29:24,094 [main] INFO  base.BaseClass - Found Element By {by.toString()}
2024-01-25 23:29:24,634 [main] INFO  base.BaseClass - Trying to find Element By {by.toString()})
2024-01-25 23:29:24,655 [main] INFO  base.BaseClass - Found Element By {by.toString()}
2024-01-25 23:29:25,186 [main] INFO  base.BaseClass - Trying to find Element By {by.toString()})
2024-01-25 23:29:25,208 [main] INFO  base.BaseClass - Found Element By {by.toString()}
2024-01-25 23:29:25,742 [main] INFO  base.BaseClass - Trying to find Element By {by.toString()})
2024-01-25 23:29:25,762 [main] INFO  base.BaseClass - Found Element By {by.toString()}
2024-01-25 23:29:26,285 [main] INFO  base.BaseClass - Trying to find Element By {by.toString()})
2024-01-25 23:29:26,308 [main] INFO  base.BaseClass - Found Element By {by.toString()}
2024-01-25 23:29:26,827 [main] INFO  base.BaseClass - Trying to find Element By {by.toString()})
2024-01-25 23:29:26,850 [main] INFO  base.BaseClass - Found Element By {by.toString()}
2024-01-25 23:29:27,380 [main] INFO  base.BaseClass - Trying to find Element By {by.toString()})
2024-01-25 23:29:27,404 [main] INFO  base.BaseClass - Found Element By {by.toString()}
2024-01-25 23:29:27,934 [main] INFO  base.BaseClass - Trying to find Element By {by.toString()})
2024-01-25 23:29:27,957 [main] INFO  base.BaseClass - Found Element By {by.toString()}
2024-01-25 23:29:28,502 [main] INFO  base.BaseClass - Trying to find Element By {by.toString()})
2024-01-25 23:29:28,539 [main] INFO  base.BaseClass - Found Element By {by.toString()}
2024-01-25 23:29:29,069 [main] INFO  base.BaseClass - Trying to find Element By {by.toString()})
2024-01-25 23:29:29,091 [main] INFO  base.BaseClass - Found Element By {by.toString()}
2024-01-25 23:29:29,625 [main] INFO  base.BaseClass - Trying to find Element By {by.toString()})
2024-01-25 23:29:29,647 [main] INFO  base.BaseClass - Found Element By {by.toString()}
2024-01-25 23:29:30,179 [main] INFO  base.BaseClass - Trying to find Element By {by.toString()})
2024-01-25 23:29:30,203 [main] INFO  base.BaseClass - Found Element By {by.toString()}
2024-01-25 23:29:30,736 [main] INFO  base.BaseClass - Trying to find Element By {by.toString()})
2024-01-25 23:29:30,758 [main] INFO  base.BaseClass - Found Element By {by.toString()}
2024-01-25 23:29:31,289 [main] INFO  base.BaseClass - Trying to find Element By {by.toString()})
2024-01-25 23:29:31,314 [main] INFO  base.BaseClass - Found Element By {by.toString()}
2024-01-25 23:29:31,842 [main] INFO  base.BaseClass - Trying to find Element By {by.toString()})
2024-01-25 23:29:31,866 [main] INFO  base.BaseClass - Found Element By {by.toString()}
2024-01-25 23:29:32,396 [main] INFO  base.BaseClass - Trying to find Element By {by.toString()})
2024-01-25 23:29:32,419 [main] INFO  base.BaseClass - Found Element By {by.toString()}
2024-01-25 23:29:32,955 [main] INFO  base.BaseClass - Trying to find Element By {by.toString()})
2024-01-25 23:29:32,977 [main] INFO  base.BaseClass - Found Element By {by.toString()}
2024-01-25 23:29:33,503 [main] INFO  base.BaseClass - Trying to find Element By {by.toString()})
2024-01-25 23:29:33,526 [main] INFO  base.BaseClass - Found Element By {by.toString()}
TimeoutException occurred: Expected condition failed: waiting for helper.WaitUtility$5@1467f37 (tried for 30 second(s) with 500 milliseconds interval)
Build info: version: '3.141.59', revision: 'e82be7d358', time: '2018-11-14T08:17:03'
System info: host: 'DPLAP166', ip: '137.237.3.67', os.name: 'Windows 10', os.arch: 'amd64', os.version: '10.0', java.version: '19.0.1'
Driver info: org.openqa.selenium.support.events.EventFiringWebDriver
Capabilities {acceptInsecureCerts: true, browserName: chrome, browserVersion: 121.0.6167.86, chrome: {chromedriverVersion: 121.0.6167.85 (3f98d690ad7e..., userDataDir: C:\Users\dP-PL\AppData\Loca...}, fedcm:accounts: true, goog:chromeOptions: {debuggerAddress: localhost:56163}, javascriptEnabled: true, networkConnectionEnabled: false, pageLoadStrategy: normal, platform: WINDOWS, platformName: WINDOWS, proxy: Proxy(), setWindowRect: true, strictFileInteractability: false, timeouts: {implicit: 0, pageLoad: 300000, script: 30000}, unhandledPromptBehavior: dismiss and notify, webauthn:extension:credBlob: true, webauthn:extension:largeBlob: true, webauthn:extension:minPinLength: true, webauthn:extension:prf: true, webauthn:virtualAuthenticators: true}
Session ID: de1aae0030c292e08ea0c5dc59192949
2024-01-25 23:29:33,556 [main] ERROR XGLT_15177_Test - Element did not become visible within the specified time: Expected condition failed: waiting for helper.WaitUtility$5@1467f37 (tried for 30 second(s) with 500 milliseconds interval)
Build info: version: '3.141.59', revision: 'e82be7d358', time: '2018-11-14T08:17:03'
System info: host: 'DPLAP166', ip: '137.237.3.67', os.name: 'Windows 10', os.arch: 'amd64', os.version: '10.0', java.version: '19.0.1'
Driver info: org.openqa.selenium.support.events.EventFiringWebDriver
Capabilities {acceptInsecureCerts: true, browserName: chrome, browserVersion: 121.0.6167.86, chrome: {chromedriverVersion: 121.0.6167.85 (3f98d690ad7e..., userDataDir: C:\Users\dP-PL\AppData\Loca...}, fedcm:accounts: true, goog:chromeOptions: {debuggerAddress: localhost:56163}, javascriptEnabled: true, networkConnectionEnabled: false, pageLoadStrategy: normal, platform: WINDOWS, platformName: WINDOWS, proxy: Proxy(), setWindowRect: true, strictFileInteractability: false, timeouts: {implicit: 0, pageLoad: 300000, script: 30000}, unhandledPromptBehavior: dismiss and notify, webauthn:extension:credBlob: true, webauthn:extension:largeBlob: true, webauthn:extension:minPinLength: true, webauthn:extension:prf: true, webauthn:virtualAuthenticators: true}
Session ID: de1aae0030c292e08ea0c5dc59192949
2024-01-25 23:29:33,556 [main] INFO  base.BaseClass - Trying to find Element By {by.toString()})
2024-01-25 23:29:33,575 [main] INFO  base.BaseClass - Found Element By {by.toString()}
2024-01-25 23:29:33,575 [main] INFO  base.BaseClass - Trying to click on: {element.toString()}
2024-01-25 23:29:33,697 [main] INFO  base.BaseClass - Clicked on: {element.toString()}
2024-01-25 23:29:33,698 [main] INFO  base.BaseClass - Trying to find Element By {by.toString()})
2024-01-25 23:29:33,711 [main] INFO  base.BaseClass - Found Element By {by.toString()}
2024-01-25 23:29:33,763 [main] INFO  base.BaseClass - Trying to find Element By {by.toString()})
2024-01-25 23:29:33,775 [main] INFO  base.BaseClass - Found Element By {by.toString()}
2024-01-25 23:29:33,782 [main] INFO  base.BaseClass - Trying to find Element By {by.toString()})
2024-01-25 23:29:33,793 [main] INFO  base.BaseClass - Found Element By {by.toString()}
2024-01-25 23:29:33,793 [main] INFO  base.BaseClass - Trying to click on: {element.toString()}
2024-01-25 23:29:33,838 [main] INFO  base.BaseClass - Clicked on: {element.toString()}
2024-01-25 23:29:33,838 [main] INFO  base.BaseClass - Trying to find Element By {by.toString()})
2024-01-25 23:29:33,848 [main] INFO  base.BaseClass - Found Element By {by.toString()}
2024-01-25 23:29:33,877 [main] INFO  base.BaseClass - Trying to find Element By {by.toString()})
2024-01-25 23:29:33,886 [main] INFO  base.BaseClass - Found Element By {by.toString()}
2024-01-25 23:29:33,911 [main] INFO  base.BaseClass - Trying to find Element By {by.toString()})
2024-01-25 23:29:33,929 [main] INFO  base.BaseClass - Found Element By {by.toString()}
2024-01-25 23:29:33,945 [main] INFO  base.BaseClass - Trying to find Element By {by.toString()})
2024-01-25 23:29:33,963 [main] INFO  base.BaseClass - Found Element By {by.toString()}
2024-01-25 23:29:33,963 [main] INFO  base.BaseClass - Trying to click on: {element.toString()}
2024-01-25 23:29:34,028 [main] INFO  base.BaseClass - Clicked on: {element.toString()}
2024-01-25 23:29:34,028 [main] INFO  base.BaseClass - Trying to find Element By {by.toString()})
2024-01-25 23:29:34,047 [main] INFO  base.BaseClass - Found Element By {by.toString()}
2024-01-25 23:29:34,112 [main] INFO  base.BaseClass - Trying to find Element By {by.toString()})
2024-01-25 23:29:34,134 [main] INFO  base.BaseClass - Found Element By {by.toString()}
2024-01-25 23:29:34,653 [main] INFO  base.BaseClass - Trying to find Element By {by.toString()})
2024-01-25 23:29:34,678 [main] INFO  base.BaseClass - Found Element By {by.toString()}
2024-01-25 23:29:35,203 [main] INFO  base.BaseClass - Trying to find Element By {by.toString()})
2024-01-25 23:29:35,229 [main] INFO  base.BaseClass - Found Element By {by.toString()}
2024-01-25 23:29:35,754 [main] INFO  base.BaseClass - Trying to find Element By {by.toString()})
2024-01-25 23:29:35,779 [main] INFO  base.BaseClass - Found Element By {by.toString()}
2024-01-25 23:29:36,302 [main] INFO  base.BaseClass - Trying to find Element By {by.toString()})
2024-01-25 23:29:36,325 [main] INFO  base.BaseClass - Found Element By {by.toString()}
2024-01-25 23:29:36,849 [main] INFO  base.BaseClass - Trying to find Element By {by.toString()})
2024-01-25 23:29:36,873 [main] INFO  base.BaseClass - Found Element By {by.toString()}
2024-01-25 23:29:37,408 [main] INFO  base.BaseClass - Trying to find Element By {by.toString()})
2024-01-25 23:29:37,432 [main] INFO  base.BaseClass - Found Element By {by.toString()}
2024-01-25 23:29:37,955 [main] INFO  base.BaseClass - Trying to find Element By {by.toString()})
2024-01-25 23:29:37,978 [main] INFO  base.BaseClass - Found Element By {by.toString()}
2024-01-25 23:29:38,500 [main] INFO  base.BaseClass - Trying to find Element By {by.toString()})
2024-01-25 23:29:38,524 [main] INFO  base.BaseClass - Found Element By {by.toString()}
2024-01-25 23:29:39,049 [main] INFO  base.BaseClass - Trying to find Element By {by.toString()})
2024-01-25 23:29:39,073 [main] INFO  base.BaseClass - Found Element By {by.toString()}
2024-01-25 23:29:39,596 [main] INFO  base.BaseClass - Trying to find Element By {by.toString()})
2024-01-25 23:29:39,619 [main] INFO  base.BaseClass - Found Element By {by.toString()}
2024-01-25 23:29:40,143 [main] INFO  base.BaseClass - Trying to find Element By {by.toString()})
2024-01-25 23:29:40,167 [main] INFO  base.BaseClass - Found Element By {by.toString()}
2024-01-25 23:29:40,690 [main] INFO  base.BaseClass - Trying to find Element By {by.toString()})
2024-01-25 23:29:40,710 [main] INFO  base.BaseClass - Found Element By {by.toString()}
2024-01-25 23:29:41,234 [main] INFO  base.BaseClass - Trying to find Element By {by.toString()})
2024-01-25 23:29:41,259 [main] INFO  base.BaseClass - Found Element By {by.toString()}
2024-01-25 23:29:41,782 [main] INFO  base.BaseClass - Trying to find Element By {by.toString()})
2024-01-25 23:29:41,804 [main] INFO  base.BaseClass - Found Element By {by.toString()}
2024-01-25 23:29:42,326 [main] INFO  base.BaseClass - Trying to find Element By {by.toString()})
2024-01-25 23:29:42,349 [main] INFO  base.BaseClass - Found Element By {by.toString()}
2024-01-25 23:29:42,879 [main] INFO  base.BaseClass - Trying to find Element By {by.toString()})
2024-01-25 23:29:42,901 [main] INFO  base.BaseClass - Found Element By {by.toString()}
2024-01-25 23:29:43,424 [main] INFO  base.BaseClass - Trying to find Element By {by.toString()})
2024-01-25 23:29:43,447 [main] INFO  base.BaseClass - Found Element By {by.toString()}
2024-01-25 23:29:43,970 [main] INFO  base.BaseClass - Trying to find Element By {by.toString()})
2024-01-25 23:29:43,993 [main] INFO  base.BaseClass - Found Element By {by.toString()}
2024-01-25 23:29:44,516 [main] INFO  base.BaseClass - Trying to find Element By {by.toString()})
2024-01-25 23:29:44,539 [main] INFO  base.BaseClass - Found Element By {by.toString()}
2024-01-25 23:29:45,075 [main] INFO  base.BaseClass - Trying to find Element By {by.toString()})
2024-01-25 23:29:45,097 [main] INFO  base.BaseClass - Found Element By {by.toString()}
2024-01-25 23:29:45,620 [main] INFO  base.BaseClass - Trying to find Element By {by.toString()})
2024-01-25 23:29:45,642 [main] INFO  base.BaseClass - Found Element By {by.toString()}
2024-01-25 23:29:46,165 [main] INFO  base.BaseClass - Trying to find Element By {by.toString()})
2024-01-25 23:29:46,189 [main] INFO  base.BaseClass - Found Element By {by.toString()}
2024-01-25 23:29:46,710 [main] INFO  base.BaseClass - Trying to find Element By {by.toString()})
2024-01-25 23:29:46,731 [main] INFO  base.BaseClass - Found Element By {by.toString()}
2024-01-25 23:29:47,253 [main] INFO  base.BaseClass - Trying to find Element By {by.toString()})
2024-01-25 23:29:47,276 [main] INFO  base.BaseClass - Found Element By {by.toString()}
2024-01-25 23:29:47,800 [main] INFO  base.BaseClass - Trying to find Element By {by.toString()})
2024-01-25 23:29:47,823 [main] INFO  base.BaseClass - Found Element By {by.toString()}
2024-01-25 23:29:48,359 [main] INFO  base.BaseClass - Trying to find Element By {by.toString()})
2024-01-25 23:29:48,381 [main] INFO  base.BaseClass - Found Element By {by.toString()}
2024-01-25 23:29:48,904 [main] INFO  base.BaseClass - Trying to find Element By {by.toString()})
2024-01-25 23:29:48,926 [main] INFO  base.BaseClass - Found Element By {by.toString()}
2024-01-25 23:29:49,450 [main] INFO  base.BaseClass - Trying to find Element By {by.toString()})
2024-01-25 23:29:49,474 [main] INFO  base.BaseClass - Found Element By {by.toString()}
2024-01-25 23:29:49,998 [main] INFO  base.BaseClass - Trying to find Element By {by.toString()})
2024-01-25 23:29:50,022 [main] INFO  base.BaseClass - Found Element By {by.toString()}
2024-01-25 23:29:50,549 [main] INFO  base.BaseClass - Trying to find Element By {by.toString()})
2024-01-25 23:29:50,574 [main] INFO  base.BaseClass - Found Element By {by.toString()}
2024-01-25 23:29:51,100 [main] INFO  base.BaseClass - Trying to find Element By {by.toString()})
2024-01-25 23:29:51,120 [main] INFO  base.BaseClass - Found Element By {by.toString()}
2024-01-25 23:29:51,641 [main] INFO  base.BaseClass - Trying to find Element By {by.toString()})
2024-01-25 23:29:51,665 [main] INFO  base.BaseClass - Found Element By {by.toString()}
2024-01-25 23:29:52,186 [main] INFO  base.BaseClass - Trying to find Element By {by.toString()})
2024-01-25 23:29:52,208 [main] INFO  base.BaseClass - Found Element By {by.toString()}
2024-01-25 23:29:52,745 [main] INFO  base.BaseClass - Trying to find Element By {by.toString()})
2024-01-25 23:29:52,766 [main] INFO  base.BaseClass - Found Element By {by.toString()}
2024-01-25 23:29:53,288 [main] INFO  base.BaseClass - Trying to find Element By {by.toString()})
2024-01-25 23:29:53,311 [main] INFO  base.BaseClass - Found Element By {by.toString()}
2024-01-25 23:29:53,833 [main] INFO  base.BaseClass - Trying to find Element By {by.toString()})
2024-01-25 23:29:53,857 [main] INFO  base.BaseClass - Found Element By {by.toString()}
2024-01-25 23:29:54,381 [main] INFO  base.BaseClass - Trying to find Element By {by.toString()})
2024-01-25 23:29:54,405 [main] INFO  base.BaseClass - Found Element By {by.toString()}
2024-01-25 23:29:54,928 [main] INFO  base.BaseClass - Trying to find Element By {by.toString()})
2024-01-25 23:29:54,950 [main] INFO  base.BaseClass - Found Element By {by.toString()}
2024-01-25 23:29:55,472 [main] INFO  base.BaseClass - Trying to find Element By {by.toString()})
2024-01-25 23:29:55,496 [main] INFO  base.BaseClass - Found Element By {by.toString()}
2024-01-25 23:29:56,030 [main] INFO  base.BaseClass - Trying to find Element By {by.toString()})
2024-01-25 23:29:56,052 [main] INFO  base.BaseClass - Found Element By {by.toString()}
2024-01-25 23:29:56,575 [main] INFO  base.BaseClass - Trying to find Element By {by.toString()})
2024-01-25 23:29:56,596 [main] INFO  base.BaseClass - Found Element By {by.toString()}
2024-01-25 23:29:57,119 [main] INFO  base.BaseClass - Trying to find Element By {by.toString()})
2024-01-25 23:29:57,141 [main] INFO  base.BaseClass - Found Element By {by.toString()}
2024-01-25 23:29:57,665 [main] INFO  base.BaseClass - Trying to find Element By {by.toString()})
2024-01-25 23:29:57,688 [main] INFO  base.BaseClass - Found Element By {by.toString()}
2024-01-25 23:29:58,199 [main] INFO  base.BaseClass - Trying to find Element By {by.toString()})
2024-01-25 23:29:58,222 [main] INFO  base.BaseClass - Found Element By {by.toString()}
2024-01-25 23:29:58,745 [main] INFO  base.BaseClass - Trying to find Element By {by.toString()})
2024-01-25 23:29:58,761 [main] INFO  base.BaseClass - Found Element By {by.toString()}
2024-01-25 23:29:59,282 [main] INFO  base.BaseClass - Trying to find Element By {by.toString()})
2024-01-25 23:29:59,307 [main] INFO  base.BaseClass - Found Element By {by.toString()}
2024-01-25 23:29:59,831 [main] INFO  base.BaseClass - Trying to find Element By {by.toString()})
2024-01-25 23:29:59,855 [main] INFO  base.BaseClass - Found Element By {by.toString()}
2024-01-25 23:30:00,374 [main] INFO  base.BaseClass - Trying to find Element By {by.toString()})
2024-01-25 23:30:00,388 [main] INFO  base.BaseClass - Found Element By {by.toString()}
2024-01-25 23:30:00,900 [main] INFO  base.BaseClass - Trying to find Element By {by.toString()})
2024-01-25 23:30:00,923 [main] INFO  base.BaseClass - Found Element By {by.toString()}
2024-01-25 23:30:01,457 [main] INFO  base.BaseClass - Trying to find Element By {by.toString()})
2024-01-25 23:30:01,480 [main] INFO  base.BaseClass - Found Element By {by.toString()}
2024-01-25 23:30:02,008 [main] INFO  base.BaseClass - Trying to find Element By {by.toString()})
2024-01-25 23:30:02,032 [main] INFO  base.BaseClass - Found Element By {by.toString()}
2024-01-25 23:30:02,553 [main] INFO  base.BaseClass - Trying to find Element By {by.toString()})
2024-01-25 23:30:02,575 [main] INFO  base.BaseClass - Found Element By {by.toString()}
2024-01-25 23:30:03,097 [main] INFO  base.BaseClass - Trying to find Element By {by.toString()})
2024-01-25 23:30:03,119 [main] INFO  base.BaseClass - Found Element By {by.toString()}
2024-01-25 23:30:03,655 [main] INFO  base.BaseClass - Trying to find Element By {by.toString()})
2024-01-25 23:30:03,678 [main] INFO  base.BaseClass - Found Element By {by.toString()}
2024-01-25 23:30:04,200 [main] INFO  base.BaseClass - Trying to find Element By {by.toString()})
2024-01-25 23:30:04,222 [main] INFO  base.BaseClass - Found Element By {by.toString()}
TimeoutException occurred: Expected condition failed: waiting for helper.WaitUtility$6@6c76bfc (tried for 30 second(s) with 500 milliseconds interval)
Build info: version: '3.141.59', revision: 'e82be7d358', time: '2018-11-14T08:17:03'
System info: host: 'DPLAP166', ip: '137.237.3.67', os.name: 'Windows 10', os.arch: 'amd64', os.version: '10.0', java.version: '19.0.1'
Driver info: org.openqa.selenium.support.events.EventFiringWebDriver
Capabilities {acceptInsecureCerts: true, browserName: chrome, browserVersion: 121.0.6167.86, chrome: {chromedriverVersion: 121.0.6167.85 (3f98d690ad7e..., userDataDir: C:\Users\dP-PL\AppData\Loca...}, fedcm:accounts: true, goog:chromeOptions: {debuggerAddress: localhost:56163}, javascriptEnabled: true, networkConnectionEnabled: false, pageLoadStrategy: normal, platform: WINDOWS, platformName: WINDOWS, proxy: Proxy(), setWindowRect: true, strictFileInteractability: false, timeouts: {implicit: 0, pageLoad: 300000, script: 30000}, unhandledPromptBehavior: dismiss and notify, webauthn:extension:credBlob: true, webauthn:extension:largeBlob: true, webauthn:extension:minPinLength: true, webauthn:extension:prf: true, webauthn:virtualAuthenticators: true}
Session ID: de1aae0030c292e08ea0c5dc59192949
2024-01-25 23:30:04,244 [main] ERROR XGLT_15177_Test - Element did not become visible within the specified time: Expected condition failed: waiting for helper.WaitUtility$6@6c76bfc (tried for 30 second(s) with 500 milliseconds interval)
Build info: version: '3.141.59', revision: 'e82be7d358', time: '2018-11-14T08:17:03'
System info: host: 'DPLAP166', ip: '137.237.3.67', os.name: 'Windows 10', os.arch: 'amd64', os.version: '10.0', java.version: '19.0.1'
Driver info: org.openqa.selenium.support.events.EventFiringWebDriver
Capabilities {acceptInsecureCerts: true, browserName: chrome, browserVersion: 121.0.6167.86, chrome: {chromedriverVersion: 121.0.6167.85 (3f98d690ad7e..., userDataDir: C:\Users\dP-PL\AppData\Loca...}, fedcm:accounts: true, goog:chromeOptions: {debuggerAddress: localhost:56163}, javascriptEnabled: true, networkConnectionEnabled: false, pageLoadStrategy: normal, platform: WINDOWS, platformName: WINDOWS, proxy: Proxy(), setWindowRect: true, strictFileInteractability: false, timeouts: {implicit: 0, pageLoad: 300000, script: 30000}, unhandledPromptBehavior: dismiss and notify, webauthn:extension:credBlob: true, webauthn:extension:largeBlob: true, webauthn:extension:minPinLength: true, webauthn:extension:prf: true, webauthn:virtualAuthenticators: true}
Session ID: de1aae0030c292e08ea0c5dc59192949
2024-01-25 23:30:04,244 [main] INFO  base.BaseClass - Trying to find Element By {by.toString()})
2024-01-25 23:30:04,275 [main] INFO  base.BaseClass - Found Element By {by.toString()}
2024-01-25 23:30:04,804 [main] INFO  base.BaseClass - Trying to find Element By {by.toString()})
2024-01-25 23:30:04,824 [main] INFO  base.BaseClass - Found Element By {by.toString()}
2024-01-25 23:30:05,367 [main] INFO  base.BaseClass - Trying to find Element By {by.toString()})
2024-01-25 23:30:05,388 [main] INFO  base.BaseClass - Found Element By {by.toString()}
2024-01-25 23:30:05,917 [main] INFO  base.BaseClass - Trying to find Element By {by.toString()})
2024-01-25 23:30:05,941 [main] INFO  base.BaseClass - Found Element By {by.toString()}
2024-01-25 23:30:06,473 [main] INFO  base.BaseClass - Trying to find Element By {by.toString()})
2024-01-25 23:30:06,495 [main] INFO  base.BaseClass - Found Element By {by.toString()}
2024-01-25 23:30:07,026 [main] INFO  base.BaseClass - Trying to find Element By {by.toString()})
2024-01-25 23:30:07,048 [main] INFO  base.BaseClass - Found Element By {by.toString()}
2024-01-25 23:30:07,581 [main] INFO  base.BaseClass - Trying to find Element By {by.toString()})
2024-01-25 23:30:07,602 [main] INFO  base.BaseClass - Found Element By {by.toString()}
2024-01-25 23:30:08,131 [main] INFO  base.BaseClass - Trying to find Element By {by.toString()})
2024-01-25 23:30:08,154 [main] INFO  base.BaseClass - Found Element By {by.toString()}
2024-01-25 23:30:08,694 [main] INFO  base.BaseClass - Trying to find Element By {by.toString()})
2024-01-25 23:30:08,715 [main] INFO  base.BaseClass - Found Element By {by.toString()}
2024-01-25 23:30:09,257 [main] INFO  base.BaseClass - Trying to find Element By {by.toString()})
2024-01-25 23:30:09,280 [main] INFO  base.BaseClass - Found Element By {by.toString()}
2024-01-25 23:30:09,818 [main] INFO  base.BaseClass - Trying to find Element By {by.toString()})
2024-01-25 23:30:09,840 [main] INFO  base.BaseClass - Found Element By {by.toString()}
2024-01-25 23:30:10,372 [main] INFO  base.BaseClass - Trying to find Element By {by.toString()})
2024-01-25 23:30:10,394 [main] INFO  base.BaseClass - Found Element By {by.toString()}
2024-01-25 23:30:10,923 [main] INFO  base.BaseClass - Trying to find Element By {by.toString()})
2024-01-25 23:30:10,941 [main] INFO  base.BaseClass - Found Element By {by.toString()}
2024-01-25 23:30:11,456 [main] INFO  base.BaseClass - Trying to find Element By {by.toString()})
2024-01-25 23:30:11,470 [main] INFO  base.BaseClass - Found Element By {by.toString()}
2024-01-25 23:30:11,998 [main] INFO  base.BaseClass - Trying to find Element By {by.toString()})
2024-01-25 23:30:12,015 [main] INFO  base.BaseClass - Found Element By {by.toString()}
2024-01-25 23:30:12,549 [main] INFO  base.BaseClass - Trying to find Element By {by.toString()})
2024-01-25 23:30:12,573 [main] INFO  base.BaseClass - Found Element By {by.toString()}
2024-01-25 23:30:13,106 [main] INFO  base.BaseClass - Trying to find Element By {by.toString()})
2024-01-25 23:30:13,129 [main] INFO  base.BaseClass - Found Element By {by.toString()}
2024-01-25 23:30:13,662 [main] INFO  base.BaseClass - Trying to find Element By {by.toString()})
2024-01-25 23:30:13,686 [main] INFO  base.BaseClass - Found Element By {by.toString()}
2024-01-25 23:30:14,207 [main] INFO  base.BaseClass - Trying to find Element By {by.toString()})
2024-01-25 23:30:14,230 [main] INFO  base.BaseClass - Found Element By {by.toString()}
2024-01-25 23:30:14,762 [main] INFO  base.BaseClass - Trying to find Element By {by.toString()})
2024-01-25 23:30:14,783 [main] INFO  base.BaseClass - Found Element By {by.toString()}
2024-01-25 23:30:15,324 [main] INFO  base.BaseClass - Trying to find Element By {by.toString()})
2024-01-25 23:30:15,346 [main] INFO  base.BaseClass - Found Element By {by.toString()}
2024-01-25 23:30:15,870 [main] INFO  base.BaseClass - Trying to find Element By {by.toString()})
2024-01-25 23:30:15,894 [main] INFO  base.BaseClass - Found Element By {by.toString()}
2024-01-25 23:30:16,425 [main] INFO  base.BaseClass - Trying to find Element By {by.toString()})
2024-01-25 23:30:16,448 [main] INFO  base.BaseClass - Found Element By {by.toString()}
2024-01-25 23:30:16,981 [main] INFO  base.BaseClass - Trying to find Element By {by.toString()})
2024-01-25 23:30:17,006 [main] INFO  base.BaseClass - Found Element By {by.toString()}
2024-01-25 23:30:17,534 [main] INFO  base.BaseClass - Trying to find Element By {by.toString()})
2024-01-25 23:30:17,557 [main] INFO  base.BaseClass - Found Element By {by.toString()}
2024-01-25 23:30:18,091 [main] INFO  base.BaseClass - Trying to find Element By {by.toString()})
2024-01-25 23:30:18,115 [main] INFO  base.BaseClass - Found Element By {by.toString()}
2024-01-25 23:30:18,648 [main] INFO  base.BaseClass - Trying to find Element By {by.toString()})
2024-01-25 23:30:18,672 [main] INFO  base.BaseClass - Found Element By {by.toString()}
2024-01-25 23:30:19,200 [main] INFO  base.BaseClass - Trying to find Element By {by.toString()})
2024-01-25 23:30:19,221 [main] INFO  base.BaseClass - Found Element By {by.toString()}
2024-01-25 23:30:19,768 [main] INFO  base.BaseClass - Trying to find Element By {by.toString()})
2024-01-25 23:30:19,791 [main] INFO  base.BaseClass - Found Element By {by.toString()}
2024-01-25 23:30:20,323 [main] INFO  base.BaseClass - Trying to find Element By {by.toString()})
2024-01-25 23:30:20,345 [main] INFO  base.BaseClass - Found Element By {by.toString()}
2024-01-25 23:30:20,877 [main] INFO  base.BaseClass - Trying to find Element By {by.toString()})
2024-01-25 23:30:20,900 [main] INFO  base.BaseClass - Found Element By {by.toString()}
2024-01-25 23:30:21,434 [main] INFO  base.BaseClass - Trying to find Element By {by.toString()})
2024-01-25 23:30:21,456 [main] INFO  base.BaseClass - Found Element By {by.toString()}
2024-01-25 23:30:21,986 [main] INFO  base.BaseClass - Trying to find Element By {by.toString()})
2024-01-25 23:30:22,008 [main] INFO  base.BaseClass - Found Element By {by.toString()}
2024-01-25 23:30:22,548 [main] INFO  base.BaseClass - Trying to find Element By {by.toString()})
2024-01-25 23:30:22,570 [main] INFO  base.BaseClass - Found Element By {by.toString()}
2024-01-25 23:30:23,098 [main] INFO  base.BaseClass - Trying to find Element By {by.toString()})
2024-01-25 23:30:23,122 [main] INFO  base.BaseClass - Found Element By {by.toString()}
2024-01-25 23:30:23,654 [main] INFO  base.BaseClass - Trying to find Element By {by.toString()})
2024-01-25 23:30:23,677 [main] INFO  base.BaseClass - Found Element By {by.toString()}
2024-01-25 23:30:24,204 [main] INFO  base.BaseClass - Trying to find Element By {by.toString()})
2024-01-25 23:30:24,227 [main] INFO  base.BaseClass - Found Element By {by.toString()}
2024-01-25 23:30:24,760 [main] INFO  base.BaseClass - Trying to find Element By {by.toString()})
2024-01-25 23:30:24,782 [main] INFO  base.BaseClass - Found Element By {by.toString()}
2024-01-25 23:30:25,314 [main] INFO  base.BaseClass - Trying to find Element By {by.toString()})
2024-01-25 23:30:25,336 [main] INFO  base.BaseClass - Found Element By {by.toString()}
2024-01-25 23:30:25,867 [main] INFO  base.BaseClass - Trying to find Element By {by.toString()})
2024-01-25 23:30:25,887 [main] INFO  base.BaseClass - Found Element By {by.toString()}
2024-01-25 23:30:26,417 [main] INFO  base.BaseClass - Trying to find Element By {by.toString()})
2024-01-25 23:30:26,438 [main] INFO  base.BaseClass - Found Element By {by.toString()}
2024-01-25 23:30:26,967 [main] INFO  base.BaseClass - Trying to find Element By {by.toString()})
2024-01-25 23:30:26,989 [main] INFO  base.BaseClass - Found Element By {by.toString()}
2024-01-25 23:30:27,523 [main] INFO  base.BaseClass - Trying to find Element By {by.toString()})
2024-01-25 23:30:27,546 [main] INFO  base.BaseClass - Found Element By {by.toString()}
2024-01-25 23:30:28,078 [main] INFO  base.BaseClass - Trying to find Element By {by.toString()})
2024-01-25 23:30:28,100 [main] INFO  base.BaseClass - Found Element By {by.toString()}
2024-01-25 23:30:28,634 [main] INFO  base.BaseClass - Trying to find Element By {by.toString()})
2024-01-25 23:30:28,657 [main] INFO  base.BaseClass - Found Element By {by.toString()}
2024-01-25 23:30:29,185 [main] INFO  base.BaseClass - Trying to find Element By {by.toString()})
2024-01-25 23:30:29,209 [main] INFO  base.BaseClass - Found Element By {by.toString()}
2024-01-25 23:30:29,740 [main] INFO  base.BaseClass - Trying to find Element By {by.toString()})
2024-01-25 23:30:29,762 [main] INFO  base.BaseClass - Found Element By {by.toString()}
2024-01-25 23:30:30,288 [main] INFO  base.BaseClass - Trying to find Element By {by.toString()})
2024-01-25 23:30:30,310 [main] INFO  base.BaseClass - Found Element By {by.toString()}
2024-01-25 23:30:30,835 [main] INFO  base.BaseClass - Trying to find Element By {by.toString()})
2024-01-25 23:30:30,858 [main] INFO  base.BaseClass - Found Element By {by.toString()}
2024-01-25 23:30:31,390 [main] INFO  base.BaseClass - Trying to find Element By {by.toString()})
2024-01-25 23:30:31,426 [main] INFO  base.BaseClass - Found Element By {by.toString()}
2024-01-25 23:30:31,958 [main] INFO  base.BaseClass - Trying to find Element By {by.toString()})
2024-01-25 23:30:31,980 [main] INFO  base.BaseClass - Found Element By {by.toString()}
2024-01-25 23:30:32,510 [main] INFO  base.BaseClass - Trying to find Element By {by.toString()})
2024-01-25 23:30:32,532 [main] INFO  base.BaseClass - Found Element By {by.toString()}
2024-01-25 23:30:33,062 [main] INFO  base.BaseClass - Trying to find Element By {by.toString()})
2024-01-25 23:30:33,083 [main] INFO  base.BaseClass - Found Element By {by.toString()}
2024-01-25 23:30:33,616 [main] INFO  base.BaseClass - Trying to find Element By {by.toString()})
2024-01-25 23:30:33,638 [main] INFO  base.BaseClass - Found Element By {by.toString()}
2024-01-25 23:30:34,172 [main] INFO  base.BaseClass - Trying to find Element By {by.toString()})
2024-01-25 23:30:34,194 [main] INFO  base.BaseClass - Found Element By {by.toString()}
2024-01-25 23:30:34,726 [main] INFO  base.BaseClass - Trying to find Element By {by.toString()})
2024-01-25 23:30:34,748 [main] INFO  base.BaseClass - Found Element By {by.toString()}
TimeoutException occurred: Expected condition failed: waiting for helper.WaitUtility$5@6a26c625 (tried for 30 second(s) with 500 milliseconds interval)
Build info: version: '3.141.59', revision: 'e82be7d358', time: '2018-11-14T08:17:03'
System info: host: 'DPLAP166', ip: '137.237.3.67', os.name: 'Windows 10', os.arch: 'amd64', os.version: '10.0', java.version: '19.0.1'
Driver info: org.openqa.selenium.support.events.EventFiringWebDriver
Capabilities {acceptInsecureCerts: true, browserName: chrome, browserVersion: 121.0.6167.86, chrome: {chromedriverVersion: 121.0.6167.85 (3f98d690ad7e..., userDataDir: C:\Users\dP-PL\AppData\Loca...}, fedcm:accounts: true, goog:chromeOptions: {debuggerAddress: localhost:56163}, javascriptEnabled: true, networkConnectionEnabled: false, pageLoadStrategy: normal, platform: WINDOWS, platformName: WINDOWS, proxy: Proxy(), setWindowRect: true, strictFileInteractability: false, timeouts: {implicit: 0, pageLoad: 300000, script: 30000}, unhandledPromptBehavior: dismiss and notify, webauthn:extension:credBlob: true, webauthn:extension:largeBlob: true, webauthn:extension:minPinLength: true, webauthn:extension:prf: true, webauthn:virtualAuthenticators: true}
Session ID: de1aae0030c292e08ea0c5dc59192949
2024-01-25 23:30:34,769 [main] ERROR XGLT_15177_Test - Element did not become visible within the specified time: Expected condition failed: waiting for helper.WaitUtility$5@6a26c625 (tried for 30 second(s) with 500 milliseconds interval)
Build info: version: '3.141.59', revision: 'e82be7d358', time: '2018-11-14T08:17:03'
System info: host: 'DPLAP166', ip: '137.237.3.67', os.name: 'Windows 10', os.arch: 'amd64', os.version: '10.0', java.version: '19.0.1'
Driver info: org.openqa.selenium.support.events.EventFiringWebDriver
Capabilities {acceptInsecureCerts: true, browserName: chrome, browserVersion: 121.0.6167.86, chrome: {chromedriverVersion: 121.0.6167.85 (3f98d690ad7e..., userDataDir: C:\Users\dP-PL\AppData\Loca...}, fedcm:accounts: true, goog:chromeOptions: {debuggerAddress: localhost:56163}, javascriptEnabled: true, networkConnectionEnabled: false, pageLoadStrategy: normal, platform: WINDOWS, platformName: WINDOWS, proxy: Proxy(), setWindowRect: true, strictFileInteractability: false, timeouts: {implicit: 0, pageLoad: 300000, script: 30000}, unhandledPromptBehavior: dismiss and notify, webauthn:extension:credBlob: true, webauthn:extension:largeBlob: true, webauthn:extension:minPinLength: true, webauthn:extension:prf: true, webauthn:virtualAuthenticators: true}
Session ID: de1aae0030c292e08ea0c5dc59192949
2024-01-25 23:30:34,769 [main] INFO  base.BaseClass - Trying to find Element By {by.toString()})
2024-01-25 23:30:34,780 [main] INFO  base.BaseClass - Found Element By {by.toString()}
2024-01-25 23:30:34,780 [main] INFO  base.BaseClass - Trying to click on: {element.toString()}
2024-01-25 23:30:34,901 [main] INFO  base.BaseClass - Clicked on: {element.toString()}
2024-01-25 23:30:34,901 [main] INFO  base.BaseClass - Trying to find Element By {by.toString()})
NoSuchElementException occurred: no such element: Unable to locate element: {"method":"xpath","selector":"//div[@class='errorSubmitFrom']"}
  (Session info: chrome=121.0.6167.86)
For documentation on this error, please visit: https://www.seleniumhq.org/exceptions/no_such_element.html
Build info: version: '3.141.59', revision: 'e82be7d358', time: '2018-11-14T08:17:03'
System info: host: 'DPLAP166', ip: '137.237.3.67', os.name: 'Windows 10', os.arch: 'amd64', os.version: '10.0', java.version: '19.0.1'
Driver info: org.openqa.selenium.chrome.ChromeDriver
Capabilities {acceptInsecureCerts: true, browserName: chrome, browserVersion: 121.0.6167.86, chrome: {chromedriverVersion: 121.0.6167.85 (3f98d690ad7e..., userDataDir: C:\Users\dP-PL\AppData\Loca...}, fedcm:accounts: true, goog:chromeOptions: {debuggerAddress: localhost:56163}, javascriptEnabled: true, networkConnectionEnabled: false, pageLoadStrategy: normal, platform: WINDOWS, platformName: WINDOWS, proxy: Proxy(), setWindowRect: true, strictFileInteractability: false, timeouts: {implicit: 0, pageLoad: 300000, script: 30000}, unhandledPromptBehavior: dismiss and notify, webauthn:extension:credBlob: true, webauthn:extension:largeBlob: true, webauthn:extension:minPinLength: true, webauthn:extension:prf: true, webauthn:virtualAuthenticators: true}
Session ID: de1aae0030c292e08ea0c5dc59192949
*** Element info: {Using=xpath, value=//div[@class='errorSubmitFrom']}
2024-01-25 23:31:24,968 [main] INFO  base.BaseClass - Trying to find Element By {by.toString()})
2024-01-25 23:31:24,994 [main] INFO  base.BaseClass - Found Element By {by.toString()}
2024-01-25 23:31:25,019 [main] INFO  base.BaseClass - Trying to find Element By {by.toString()})
2024-01-25 23:31:25,041 [main] INFO  base.BaseClass - Found Element By {by.toString()}
Writing on Excel file Finished ...
CreateAdcopyoflen15 passed!
]]></system-out>
    <system-err><![CDATA[Starting ChromeDriver 121.0.6167.85 (3f98d690ad7e59242ef110144c757b2ac4eef1a2-refs/branch-heads/6167@{#1539}) on port 38866
Only local connections are allowed.
Please see https://chromedriver.chromium.org/security-considerations for suggestions on keeping ChromeDriver safe.
ChromeDriver was started successfully.
Jan 25, 2024 11:23:57 PM org.openqa.selenium.remote.ProtocolHandshake createSession
INFO: Detected dialect: W3C
]]></system-err>
  </testcase>
  <testcase name="MCActivewithRevenue" classname="XGLT_6685_Test" time="520.558">
    <system-out><![CDATA[2024-01-25 23:31:25,424 [main] INFO  XGLT_15177_Test - closing up browser
2024-01-25 23:31:25,755 [main] INFO  base.BaseClass - Login to XGL
2024-01-25 23:31:25,755 [main] INFO  XGLT_15177_Test - Setting up browser
2024-01-25 23:31:25,780 [main] INFO  io.github.bonigarcia.wdm.WebDriverManager - Using chromedriver 121.0.6167.85 (resolved driver for Chrome 121)
2024-01-25 23:31:25,826 [main] INFO  io.github.bonigarcia.wdm.WebDriverManager - Exporting webdriver.chrome.driver as C:\Users\dP-PL\.cache\selenium\chromedriver\win64\121.0.6167.85\chromedriver.exe
2024-01-25 23:31:27,078 [main] INFO  base.BaseClass - Before navigating to {url}
2024-01-25 23:31:31,858 [main] INFO  base.BaseClass - Navigated to {url}
2024-01-25 23:31:32,317 [main] INFO  base.BaseClass - Trying to find Element By {by.toString()})
2024-01-25 23:31:32,332 [main] INFO  base.BaseClass - Found Element By {by.toString()}
2024-01-25 23:31:32,380 [main] INFO  base.BaseClass - Trying to find Element By {by.toString()})
2024-01-25 23:31:32,392 [main] INFO  base.BaseClass - Found Element By {by.toString()}
2024-01-25 23:31:32,454 [main] INFO  base.BaseClass - Trying to find Element By {by.toString()})
2024-01-25 23:31:32,465 [main] INFO  base.BaseClass - Found Element By {by.toString()}
2024-01-25 23:31:32,465 [main] INFO  base.BaseClass - Trying to click on: {element.toString()}
2024-01-25 23:31:32,506 [main] INFO  base.BaseClass - Clicked on: {element.toString()}
2024-01-25 23:31:32,506 [main] INFO  base.BaseClass - Trying to find Element By {by.toString()})
2024-01-25 23:31:37,652 [main] INFO  base.BaseClass - Found Element By {by.toString()}
2024-01-25 23:31:37,674 [main] INFO  base.BaseClass - Trying to find Element By {by.toString()})
NoSuchElementException occurred: no such element: Unable to locate element: {"method":"xpath","selector":"//div[@class='modal-content']/div/i[contains(@class,'close')]"}
  (Session info: chrome=121.0.6167.86)
For documentation on this error, please visit: https://www.seleniumhq.org/exceptions/no_such_element.html
Build info: version: '3.141.59', revision: 'e82be7d358', time: '2018-11-14T08:17:03'
System info: host: 'DPLAP166', ip: '137.237.3.67', os.name: 'Windows 10', os.arch: 'amd64', os.version: '10.0', java.version: '19.0.1'
Driver info: org.openqa.selenium.chrome.ChromeDriver
Capabilities {acceptInsecureCerts: true, browserName: chrome, browserVersion: 121.0.6167.86, chrome: {chromedriverVersion: 121.0.6167.85 (3f98d690ad7e..., userDataDir: C:\Users\dP-PL\AppData\Loca...}, fedcm:accounts: true, goog:chromeOptions: {debuggerAddress: localhost:56199}, javascriptEnabled: true, networkConnectionEnabled: false, pageLoadStrategy: normal, platform: WINDOWS, platformName: WINDOWS, proxy: Proxy(), setWindowRect: true, strictFileInteractability: false, timeouts: {implicit: 0, pageLoad: 300000, script: 30000}, unhandledPromptBehavior: dismiss and notify, webauthn:extension:credBlob: true, webauthn:extension:largeBlob: true, webauthn:extension:minPinLength: true, webauthn:extension:prf: true, webauthn:virtualAuthenticators: true}
Session ID: 0e78ab16adbe8e38d568135e1bd2396c
*** Element info: {Using=xpath, value=//div[@class='modal-content']/div/i[contains(@class,'close')]}
Before method Test name: Maintainance Tests
MCActivewithRevenue started!
2024-01-25 23:32:27,757 [main] INFO  base.BaseClass - Trying to find Element By {by.toString()})
2024-01-25 23:32:27,779 [main] INFO  base.BaseClass - Found Element By {by.toString()}
2024-01-25 23:32:28,310 [main] INFO  base.BaseClass - Trying to find Element By {by.toString()})
2024-01-25 23:32:28,333 [main] INFO  base.BaseClass - Found Element By {by.toString()}
2024-01-25 23:32:28,861 [main] INFO  base.BaseClass - Trying to find Element By {by.toString()})
2024-01-25 23:32:28,883 [main] INFO  base.BaseClass - Found Element By {by.toString()}
2024-01-25 23:32:29,413 [main] INFO  base.BaseClass - Trying to find Element By {by.toString()})
2024-01-25 23:32:29,435 [main] INFO  base.BaseClass - Found Element By {by.toString()}
2024-01-25 23:32:29,966 [main] INFO  base.BaseClass - Trying to find Element By {by.toString()})
2024-01-25 23:32:29,989 [main] INFO  base.BaseClass - Found Element By {by.toString()}
2024-01-25 23:32:30,523 [main] INFO  base.BaseClass - Trying to find Element By {by.toString()})
2024-01-25 23:32:30,547 [main] INFO  base.BaseClass - Found Element By {by.toString()}
2024-01-25 23:32:31,082 [main] INFO  base.BaseClass - Trying to find Element By {by.toString()})
2024-01-25 23:32:31,101 [main] INFO  base.BaseClass - Found Element By {by.toString()}
2024-01-25 23:32:31,619 [main] INFO  base.BaseClass - Trying to find Element By {by.toString()})
2024-01-25 23:32:31,640 [main] INFO  base.BaseClass - Found Element By {by.toString()}
2024-01-25 23:32:32,184 [main] INFO  base.BaseClass - Trying to find Element By {by.toString()})
2024-01-25 23:32:32,206 [main] INFO  base.BaseClass - Found Element By {by.toString()}
2024-01-25 23:32:32,740 [main] INFO  base.BaseClass - Trying to find Element By {by.toString()})
2024-01-25 23:32:32,762 [main] INFO  base.BaseClass - Found Element By {by.toString()}
2024-01-25 23:32:33,296 [main] INFO  base.BaseClass - Trying to find Element By {by.toString()})
2024-01-25 23:32:33,317 [main] INFO  base.BaseClass - Found Element By {by.toString()}
2024-01-25 23:32:33,844 [main] INFO  base.BaseClass - Trying to find Element By {by.toString()})
2024-01-25 23:32:33,857 [main] INFO  base.BaseClass - Found Element By {by.toString()}
2024-01-25 23:32:34,393 [main] INFO  base.BaseClass - Trying to find Element By {by.toString()})
2024-01-25 23:32:34,411 [main] INFO  base.BaseClass - Found Element By {by.toString()}
2024-01-25 23:32:34,930 [main] INFO  base.BaseClass - Trying to find Element By {by.toString()})
2024-01-25 23:32:34,951 [main] INFO  base.BaseClass - Found Element By {by.toString()}
2024-01-25 23:32:35,480 [main] INFO  base.BaseClass - Trying to find Element By {by.toString()})
2024-01-25 23:32:35,501 [main] INFO  base.BaseClass - Found Element By {by.toString()}
2024-01-25 23:32:36,026 [main] INFO  base.BaseClass - Trying to find Element By {by.toString()})
2024-01-25 23:32:36,047 [main] INFO  base.BaseClass - Found Element By {by.toString()}
2024-01-25 23:32:36,577 [main] INFO  base.BaseClass - Trying to find Element By {by.toString()})
2024-01-25 23:32:36,598 [main] INFO  base.BaseClass - Found Element By {by.toString()}
2024-01-25 23:32:37,127 [main] INFO  base.BaseClass - Trying to find Element By {by.toString()})
2024-01-25 23:32:37,149 [main] INFO  base.BaseClass - Found Element By {by.toString()}
2024-01-25 23:32:37,695 [main] INFO  base.BaseClass - Trying to find Element By {by.toString()})
2024-01-25 23:32:37,717 [main] INFO  base.BaseClass - Found Element By {by.toString()}
2024-01-25 23:32:38,241 [main] INFO  base.BaseClass - Trying to find Element By {by.toString()})
2024-01-25 23:32:38,264 [main] INFO  base.BaseClass - Found Element By {by.toString()}
2024-01-25 23:32:38,798 [main] INFO  base.BaseClass - Trying to find Element By {by.toString()})
2024-01-25 23:32:38,820 [main] INFO  base.BaseClass - Found Element By {by.toString()}
2024-01-25 23:32:39,350 [main] INFO  base.BaseClass - Trying to find Element By {by.toString()})
2024-01-25 23:32:39,372 [main] INFO  base.BaseClass - Found Element By {by.toString()}
2024-01-25 23:32:39,904 [main] INFO  base.BaseClass - Trying to find Element By {by.toString()})
2024-01-25 23:32:39,927 [main] INFO  base.BaseClass - Found Element By {by.toString()}
2024-01-25 23:32:40,459 [main] INFO  base.BaseClass - Trying to find Element By {by.toString()})
2024-01-25 23:32:40,480 [main] INFO  base.BaseClass - Found Element By {by.toString()}
2024-01-25 23:32:41,023 [main] INFO  base.BaseClass - Trying to find Element By {by.toString()})
2024-01-25 23:32:41,043 [main] INFO  base.BaseClass - Found Element By {by.toString()}
2024-01-25 23:32:41,571 [main] INFO  base.BaseClass - Trying to find Element By {by.toString()})
2024-01-25 23:32:41,593 [main] INFO  base.BaseClass - Found Element By {by.toString()}
2024-01-25 23:32:42,125 [main] INFO  base.BaseClass - Trying to find Element By {by.toString()})
2024-01-25 23:32:42,144 [main] INFO  base.BaseClass - Found Element By {by.toString()}
2024-01-25 23:32:42,674 [main] INFO  base.BaseClass - Trying to find Element By {by.toString()})
2024-01-25 23:32:42,689 [main] INFO  base.BaseClass - Found Element By {by.toString()}
2024-01-25 23:32:43,213 [main] INFO  base.BaseClass - Trying to find Element By {by.toString()})
2024-01-25 23:32:43,238 [main] INFO  base.BaseClass - Found Element By {by.toString()}
2024-01-25 23:32:43,784 [main] INFO  base.BaseClass - Trying to find Element By {by.toString()})
2024-01-25 23:32:43,805 [main] INFO  base.BaseClass - Found Element By {by.toString()}
2024-01-25 23:32:44,337 [main] INFO  base.BaseClass - Trying to find Element By {by.toString()})
2024-01-25 23:32:44,359 [main] INFO  base.BaseClass - Found Element By {by.toString()}
2024-01-25 23:32:44,891 [main] INFO  base.BaseClass - Trying to find Element By {by.toString()})
2024-01-25 23:32:44,914 [main] INFO  base.BaseClass - Found Element By {by.toString()}
2024-01-25 23:32:45,445 [main] INFO  base.BaseClass - Trying to find Element By {by.toString()})
2024-01-25 23:32:45,466 [main] INFO  base.BaseClass - Found Element By {by.toString()}
2024-01-25 23:32:46,007 [main] INFO  base.BaseClass - Trying to find Element By {by.toString()})
2024-01-25 23:32:46,029 [main] INFO  base.BaseClass - Found Element By {by.toString()}
2024-01-25 23:32:46,573 [main] INFO  base.BaseClass - Trying to find Element By {by.toString()})
2024-01-25 23:32:46,595 [main] INFO  base.BaseClass - Found Element By {by.toString()}
2024-01-25 23:32:47,128 [main] INFO  base.BaseClass - Trying to find Element By {by.toString()})
2024-01-25 23:32:47,150 [main] INFO  base.BaseClass - Found Element By {by.toString()}
2024-01-25 23:32:47,679 [main] INFO  base.BaseClass - Trying to find Element By {by.toString()})
2024-01-25 23:32:47,703 [main] INFO  base.BaseClass - Found Element By {by.toString()}
2024-01-25 23:32:48,239 [main] INFO  base.BaseClass - Trying to find Element By {by.toString()})
2024-01-25 23:32:48,261 [main] INFO  base.BaseClass - Found Element By {by.toString()}
2024-01-25 23:32:48,804 [main] INFO  base.BaseClass - Trying to find Element By {by.toString()})
2024-01-25 23:32:48,825 [main] INFO  base.BaseClass - Found Element By {by.toString()}
2024-01-25 23:32:49,369 [main] INFO  base.BaseClass - Trying to find Element By {by.toString()})
2024-01-25 23:32:49,390 [main] INFO  base.BaseClass - Found Element By {by.toString()}
2024-01-25 23:32:49,918 [main] INFO  base.BaseClass - Trying to find Element By {by.toString()})
2024-01-25 23:32:49,938 [main] INFO  base.BaseClass - Found Element By {by.toString()}
2024-01-25 23:32:50,467 [main] INFO  base.BaseClass - Trying to find Element By {by.toString()})
2024-01-25 23:32:50,489 [main] INFO  base.BaseClass - Found Element By {by.toString()}
2024-01-25 23:32:51,030 [main] INFO  base.BaseClass - Trying to find Element By {by.toString()})
2024-01-25 23:32:51,052 [main] INFO  base.BaseClass - Found Element By {by.toString()}
2024-01-25 23:32:51,596 [main] INFO  base.BaseClass - Trying to find Element By {by.toString()})
2024-01-25 23:32:51,619 [main] INFO  base.BaseClass - Found Element By {by.toString()}
2024-01-25 23:32:52,151 [main] INFO  base.BaseClass - Trying to find Element By {by.toString()})
2024-01-25 23:32:52,174 [main] INFO  base.BaseClass - Found Element By {by.toString()}
2024-01-25 23:32:52,705 [main] INFO  base.BaseClass - Trying to find Element By {by.toString()})
2024-01-25 23:32:52,726 [main] INFO  base.BaseClass - Found Element By {by.toString()}
2024-01-25 23:32:53,261 [main] INFO  base.BaseClass - Trying to find Element By {by.toString()})
2024-01-25 23:32:53,283 [main] INFO  base.BaseClass - Found Element By {by.toString()}
2024-01-25 23:32:53,814 [main] INFO  base.BaseClass - Trying to find Element By {by.toString()})
2024-01-25 23:32:53,836 [main] INFO  base.BaseClass - Found Element By {by.toString()}
2024-01-25 23:32:54,355 [main] INFO  base.BaseClass - Trying to find Element By {by.toString()})
2024-01-25 23:32:54,377 [main] INFO  base.BaseClass - Found Element By {by.toString()}
2024-01-25 23:32:54,908 [main] INFO  base.BaseClass - Trying to find Element By {by.toString()})
2024-01-25 23:32:54,928 [main] INFO  base.BaseClass - Found Element By {by.toString()}
2024-01-25 23:32:55,464 [main] INFO  base.BaseClass - Trying to find Element By {by.toString()})
2024-01-25 23:32:55,486 [main] INFO  base.BaseClass - Found Element By {by.toString()}
2024-01-25 23:32:56,012 [main] INFO  base.BaseClass - Trying to find Element By {by.toString()})
2024-01-25 23:32:56,034 [main] INFO  base.BaseClass - Found Element By {by.toString()}
2024-01-25 23:32:56,563 [main] INFO  base.BaseClass - Trying to find Element By {by.toString()})
2024-01-25 23:32:56,584 [main] INFO  base.BaseClass - Found Element By {by.toString()}
2024-01-25 23:32:57,114 [main] INFO  base.BaseClass - Trying to find Element By {by.toString()})
2024-01-25 23:32:57,137 [main] INFO  base.BaseClass - Found Element By {by.toString()}
2024-01-25 23:32:57,684 [main] INFO  base.BaseClass - Trying to find Element By {by.toString()})
2024-01-25 23:32:57,708 [main] INFO  base.BaseClass - Found Element By {by.toString()}
2024-01-25 23:32:58,252 [main] INFO  base.BaseClass - Trying to find Element By {by.toString()})
2024-01-25 23:32:58,274 [main] INFO  base.BaseClass - Found Element By {by.toString()}
TimeoutException occurred: Expected condition failed: waiting for helper.WaitUtility$5@3d60e593 (tried for 30 second(s) with 500 milliseconds interval)
Build info: version: '3.141.59', revision: 'e82be7d358', time: '2018-11-14T08:17:03'
System info: host: 'DPLAP166', ip: '137.237.3.67', os.name: 'Windows 10', os.arch: 'amd64', os.version: '10.0', java.version: '19.0.1'
Driver info: org.openqa.selenium.support.events.EventFiringWebDriver
Capabilities {acceptInsecureCerts: true, browserName: chrome, browserVersion: 121.0.6167.86, chrome: {chromedriverVersion: 121.0.6167.85 (3f98d690ad7e..., userDataDir: C:\Users\dP-PL\AppData\Loca...}, fedcm:accounts: true, goog:chromeOptions: {debuggerAddress: localhost:56199}, javascriptEnabled: true, networkConnectionEnabled: false, pageLoadStrategy: normal, platform: WINDOWS, platformName: WINDOWS, proxy: Proxy(), setWindowRect: true, strictFileInteractability: false, timeouts: {implicit: 0, pageLoad: 300000, script: 30000}, unhandledPromptBehavior: dismiss and notify, webauthn:extension:credBlob: true, webauthn:extension:largeBlob: true, webauthn:extension:minPinLength: true, webauthn:extension:prf: true, webauthn:virtualAuthenticators: true}
Session ID: 0e78ab16adbe8e38d568135e1bd2396c
2024-01-25 23:32:58,304 [main] ERROR XGLT_15177_Test - Element did not become visible within the specified time: Expected condition failed: waiting for helper.WaitUtility$5@3d60e593 (tried for 30 second(s) with 500 milliseconds interval)
Build info: version: '3.141.59', revision: 'e82be7d358', time: '2018-11-14T08:17:03'
System info: host: 'DPLAP166', ip: '137.237.3.67', os.name: 'Windows 10', os.arch: 'amd64', os.version: '10.0', java.version: '19.0.1'
Driver info: org.openqa.selenium.support.events.EventFiringWebDriver
Capabilities {acceptInsecureCerts: true, browserName: chrome, browserVersion: 121.0.6167.86, chrome: {chromedriverVersion: 121.0.6167.85 (3f98d690ad7e..., userDataDir: C:\Users\dP-PL\AppData\Loca...}, fedcm:accounts: true, goog:chromeOptions: {debuggerAddress: localhost:56199}, javascriptEnabled: true, networkConnectionEnabled: false, pageLoadStrategy: normal, platform: WINDOWS, platformName: WINDOWS, proxy: Proxy(), setWindowRect: true, strictFileInteractability: false, timeouts: {implicit: 0, pageLoad: 300000, script: 30000}, unhandledPromptBehavior: dismiss and notify, webauthn:extension:credBlob: true, webauthn:extension:largeBlob: true, webauthn:extension:minPinLength: true, webauthn:extension:prf: true, webauthn:virtualAuthenticators: true}
Session ID: 0e78ab16adbe8e38d568135e1bd2396c
2024-01-25 23:32:58,305 [main] INFO  base.BaseClass - Trying to find Element By {by.toString()})
2024-01-25 23:32:58,324 [main] INFO  base.BaseClass - Found Element By {by.toString()}
2024-01-25 23:32:58,416 [main] INFO  base.BaseClass - Trying to find Element By {by.toString()})
2024-01-25 23:32:58,426 [main] INFO  base.BaseClass - Found Element By {by.toString()}
2024-01-25 23:32:58,433 [main] INFO  base.BaseClass - Trying to find Element By {by.toString()})
2024-01-25 23:32:58,442 [main] INFO  base.BaseClass - Found Element By {by.toString()}
2024-01-25 23:32:58,451 [main] INFO  base.BaseClass - Trying to find Element By {by.toString()})
2024-01-25 23:32:58,467 [main] INFO  base.BaseClass - Found Element By {by.toString()}
2024-01-25 23:32:58,990 [main] INFO  base.BaseClass - Trying to find Element By {by.toString()})
2024-01-25 23:32:59,014 [main] INFO  base.BaseClass - Found Element By {by.toString()}
2024-01-25 23:32:59,549 [main] INFO  base.BaseClass - Trying to find Element By {by.toString()})
2024-01-25 23:32:59,572 [main] INFO  base.BaseClass - Found Element By {by.toString()}
2024-01-25 23:33:00,103 [main] INFO  base.BaseClass - Trying to find Element By {by.toString()})
2024-01-25 23:33:00,125 [main] INFO  base.BaseClass - Found Element By {by.toString()}
2024-01-25 23:33:00,656 [main] INFO  base.BaseClass - Trying to find Element By {by.toString()})
2024-01-25 23:33:00,680 [main] INFO  base.BaseClass - Found Element By {by.toString()}
2024-01-25 23:33:01,213 [main] INFO  base.BaseClass - Trying to find Element By {by.toString()})
2024-01-25 23:33:01,237 [main] INFO  base.BaseClass - Found Element By {by.toString()}
2024-01-25 23:33:01,769 [main] INFO  base.BaseClass - Trying to find Element By {by.toString()})
2024-01-25 23:33:01,795 [main] INFO  base.BaseClass - Found Element By {by.toString()}
2024-01-25 23:33:02,339 [main] INFO  base.BaseClass - Trying to find Element By {by.toString()})
2024-01-25 23:33:02,364 [main] INFO  base.BaseClass - Found Element By {by.toString()}
2024-01-25 23:33:02,913 [main] INFO  base.BaseClass - Trying to find Element By {by.toString()})
2024-01-25 23:33:02,937 [main] INFO  base.BaseClass - Found Element By {by.toString()}
2024-01-25 23:33:03,477 [main] INFO  base.BaseClass - Trying to find Element By {by.toString()})
2024-01-25 23:33:03,500 [main] INFO  base.BaseClass - Found Element By {by.toString()}
2024-01-25 23:33:04,031 [main] INFO  base.BaseClass - Trying to find Element By {by.toString()})
2024-01-25 23:33:04,055 [main] INFO  base.BaseClass - Found Element By {by.toString()}
2024-01-25 23:33:04,584 [main] INFO  base.BaseClass - Trying to find Element By {by.toString()})
2024-01-25 23:33:04,607 [main] INFO  base.BaseClass - Found Element By {by.toString()}
2024-01-25 23:33:05,150 [main] INFO  base.BaseClass - Trying to find Element By {by.toString()})
2024-01-25 23:33:05,174 [main] INFO  base.BaseClass - Found Element By {by.toString()}
2024-01-25 23:33:05,711 [main] INFO  base.BaseClass - Trying to find Element By {by.toString()})
2024-01-25 23:33:05,735 [main] INFO  base.BaseClass - Found Element By {by.toString()}
2024-01-25 23:33:06,267 [main] INFO  base.BaseClass - Trying to find Element By {by.toString()})
2024-01-25 23:33:06,279 [main] INFO  base.BaseClass - Found Element By {by.toString()}
2024-01-25 23:33:06,796 [main] INFO  base.BaseClass - Trying to find Element By {by.toString()})
2024-01-25 23:33:06,818 [main] INFO  base.BaseClass - Found Element By {by.toString()}
2024-01-25 23:33:07,353 [main] INFO  base.BaseClass - Trying to find Element By {by.toString()})
2024-01-25 23:33:07,377 [main] INFO  base.BaseClass - Found Element By {by.toString()}
2024-01-25 23:33:07,915 [main] INFO  base.BaseClass - Trying to find Element By {by.toString()})
2024-01-25 23:33:07,932 [main] INFO  base.BaseClass - Found Element By {by.toString()}
2024-01-25 23:33:08,475 [main] INFO  base.BaseClass - Trying to find Element By {by.toString()})
2024-01-25 23:33:08,488 [main] INFO  base.BaseClass - Found Element By {by.toString()}
2024-01-25 23:33:09,011 [main] INFO  base.BaseClass - Trying to find Element By {by.toString()})
2024-01-25 23:33:09,034 [main] INFO  base.BaseClass - Found Element By {by.toString()}
2024-01-25 23:33:09,571 [main] INFO  base.BaseClass - Trying to find Element By {by.toString()})
2024-01-25 23:33:09,590 [main] INFO  base.BaseClass - Found Element By {by.toString()}
2024-01-25 23:33:10,121 [main] INFO  base.BaseClass - Trying to find Element By {by.toString()})
2024-01-25 23:33:10,144 [main] INFO  base.BaseClass - Found Element By {by.toString()}
2024-01-25 23:33:10,681 [main] INFO  base.BaseClass - Trying to find Element By {by.toString()})
2024-01-25 23:33:10,705 [main] INFO  base.BaseClass - Found Element By {by.toString()}
2024-01-25 23:33:11,238 [main] INFO  base.BaseClass - Trying to find Element By {by.toString()})
2024-01-25 23:33:11,262 [main] INFO  base.BaseClass - Found Element By {by.toString()}
2024-01-25 23:33:11,802 [main] INFO  base.BaseClass - Trying to find Element By {by.toString()})
2024-01-25 23:33:11,827 [main] INFO  base.BaseClass - Found Element By {by.toString()}
2024-01-25 23:33:12,361 [main] INFO  base.BaseClass - Trying to find Element By {by.toString()})
2024-01-25 23:33:12,385 [main] INFO  base.BaseClass - Found Element By {by.toString()}
2024-01-25 23:33:12,921 [main] INFO  base.BaseClass - Trying to find Element By {by.toString()})
2024-01-25 23:33:12,948 [main] INFO  base.BaseClass - Found Element By {by.toString()}
2024-01-25 23:33:13,485 [main] INFO  base.BaseClass - Trying to find Element By {by.toString()})
2024-01-25 23:33:13,497 [main] INFO  base.BaseClass - Found Element By {by.toString()}
2024-01-25 23:33:14,014 [main] INFO  base.BaseClass - Trying to find Element By {by.toString()})
2024-01-25 23:33:14,022 [main] INFO  base.BaseClass - Found Element By {by.toString()}
2024-01-25 23:33:14,546 [main] INFO  base.BaseClass - Trying to find Element By {by.toString()})
2024-01-25 23:33:14,555 [main] INFO  base.BaseClass - Found Element By {by.toString()}
2024-01-25 23:33:15,068 [main] INFO  base.BaseClass - Trying to find Element By {by.toString()})
2024-01-25 23:33:15,091 [main] INFO  base.BaseClass - Found Element By {by.toString()}
2024-01-25 23:33:15,638 [main] INFO  base.BaseClass - Trying to find Element By {by.toString()})
2024-01-25 23:33:15,662 [main] INFO  base.BaseClass - Found Element By {by.toString()}
2024-01-25 23:33:16,196 [main] INFO  base.BaseClass - Trying to find Element By {by.toString()})
2024-01-25 23:33:16,215 [main] INFO  base.BaseClass - Found Element By {by.toString()}
2024-01-25 23:33:16,740 [main] INFO  base.BaseClass - Trying to find Element By {by.toString()})
2024-01-25 23:33:16,762 [main] INFO  base.BaseClass - Found Element By {by.toString()}
2024-01-25 23:33:17,295 [main] INFO  base.BaseClass - Trying to find Element By {by.toString()})
2024-01-25 23:33:17,317 [main] INFO  base.BaseClass - Found Element By {by.toString()}
2024-01-25 23:33:17,854 [main] INFO  base.BaseClass - Trying to find Element By {by.toString()})
2024-01-25 23:33:17,872 [main] INFO  base.BaseClass - Found Element By {by.toString()}
2024-01-25 23:33:18,405 [main] INFO  base.BaseClass - Trying to find Element By {by.toString()})
2024-01-25 23:33:18,428 [main] INFO  base.BaseClass - Found Element By {by.toString()}
2024-01-25 23:33:18,963 [main] INFO  base.BaseClass - Trying to find Element By {by.toString()})
2024-01-25 23:33:18,985 [main] INFO  base.BaseClass - Found Element By {by.toString()}
2024-01-25 23:33:19,518 [main] INFO  base.BaseClass - Trying to find Element By {by.toString()})
2024-01-25 23:33:19,540 [main] INFO  base.BaseClass - Found Element By {by.toString()}
2024-01-25 23:33:20,070 [main] INFO  base.BaseClass - Trying to find Element By {by.toString()})
2024-01-25 23:33:20,091 [main] INFO  base.BaseClass - Found Element By {by.toString()}
2024-01-25 23:33:20,624 [main] INFO  base.BaseClass - Trying to find Element By {by.toString()})
2024-01-25 23:33:20,647 [main] INFO  base.BaseClass - Found Element By {by.toString()}
2024-01-25 23:33:21,177 [main] INFO  base.BaseClass - Trying to find Element By {by.toString()})
2024-01-25 23:33:21,200 [main] INFO  base.BaseClass - Found Element By {by.toString()}
2024-01-25 23:33:21,728 [main] INFO  base.BaseClass - Trying to find Element By {by.toString()})
2024-01-25 23:33:21,754 [main] INFO  base.BaseClass - Found Element By {by.toString()}
2024-01-25 23:33:22,293 [main] INFO  base.BaseClass - Trying to find Element By {by.toString()})
2024-01-25 23:33:22,317 [main] INFO  base.BaseClass - Found Element By {by.toString()}
2024-01-25 23:33:22,852 [main] INFO  base.BaseClass - Trying to find Element By {by.toString()})
2024-01-25 23:33:22,877 [main] INFO  base.BaseClass - Found Element By {by.toString()}
2024-01-25 23:33:23,422 [main] INFO  base.BaseClass - Trying to find Element By {by.toString()})
2024-01-25 23:33:23,445 [main] INFO  base.BaseClass - Found Element By {by.toString()}
2024-01-25 23:33:23,985 [main] INFO  base.BaseClass - Trying to find Element By {by.toString()})
2024-01-25 23:33:24,008 [main] INFO  base.BaseClass - Found Element By {by.toString()}
2024-01-25 23:33:24,544 [main] INFO  base.BaseClass - Trying to find Element By {by.toString()})
2024-01-25 23:33:24,567 [main] INFO  base.BaseClass - Found Element By {by.toString()}
2024-01-25 23:33:25,087 [main] INFO  base.BaseClass - Trying to find Element By {by.toString()})
2024-01-25 23:33:25,110 [main] INFO  base.BaseClass - Found Element By {by.toString()}
2024-01-25 23:33:25,642 [main] INFO  base.BaseClass - Trying to find Element By {by.toString()})
2024-01-25 23:33:25,666 [main] INFO  base.BaseClass - Found Element By {by.toString()}
2024-01-25 23:33:26,204 [main] INFO  base.BaseClass - Trying to find Element By {by.toString()})
2024-01-25 23:33:26,226 [main] INFO  base.BaseClass - Found Element By {by.toString()}
2024-01-25 23:33:26,761 [main] INFO  base.BaseClass - Trying to find Element By {by.toString()})
2024-01-25 23:33:26,770 [main] INFO  base.BaseClass - Found Element By {by.toString()}
2024-01-25 23:33:27,283 [main] INFO  base.BaseClass - Trying to find Element By {by.toString()})
2024-01-25 23:33:27,307 [main] INFO  base.BaseClass - Found Element By {by.toString()}
2024-01-25 23:33:27,843 [main] INFO  base.BaseClass - Trying to find Element By {by.toString()})
2024-01-25 23:33:27,868 [main] INFO  base.BaseClass - Found Element By {by.toString()}
2024-01-25 23:33:28,409 [main] INFO  base.BaseClass - Trying to find Element By {by.toString()})
2024-01-25 23:33:28,435 [main] INFO  base.BaseClass - Found Element By {by.toString()}
TimeoutException occurred: Expected condition failed: waiting for helper.WaitUtility$5@2465197 (tried for 30 second(s) with 500 milliseconds interval)
Build info: version: '3.141.59', revision: 'e82be7d358', time: '2018-11-14T08:17:03'
System info: host: 'DPLAP166', ip: '137.237.3.67', os.name: 'Windows 10', os.arch: 'amd64', os.version: '10.0', java.version: '19.0.1'
Driver info: org.openqa.selenium.support.events.EventFiringWebDriver
Capabilities {acceptInsecureCerts: true, browserName: chrome, browserVersion: 121.0.6167.86, chrome: {chromedriverVersion: 121.0.6167.85 (3f98d690ad7e..., userDataDir: C:\Users\dP-PL\AppData\Loca...}, fedcm:accounts: true, goog:chromeOptions: {debuggerAddress: localhost:56199}, javascriptEnabled: true, networkConnectionEnabled: false, pageLoadStrategy: normal, platform: WINDOWS, platformName: WINDOWS, proxy: Proxy(), setWindowRect: true, strictFileInteractability: false, timeouts: {implicit: 0, pageLoad: 300000, script: 30000}, unhandledPromptBehavior: dismiss and notify, webauthn:extension:credBlob: true, webauthn:extension:largeBlob: true, webauthn:extension:minPinLength: true, webauthn:extension:prf: true, webauthn:virtualAuthenticators: true}
Session ID: 0e78ab16adbe8e38d568135e1bd2396c
2024-01-25 23:33:28,472 [main] ERROR XGLT_15177_Test - Element did not become visible within the specified time: Expected condition failed: waiting for helper.WaitUtility$5@2465197 (tried for 30 second(s) with 500 milliseconds interval)
Build info: version: '3.141.59', revision: 'e82be7d358', time: '2018-11-14T08:17:03'
System info: host: 'DPLAP166', ip: '137.237.3.67', os.name: 'Windows 10', os.arch: 'amd64', os.version: '10.0', java.version: '19.0.1'
Driver info: org.openqa.selenium.support.events.EventFiringWebDriver
Capabilities {acceptInsecureCerts: true, browserName: chrome, browserVersion: 121.0.6167.86, chrome: {chromedriverVersion: 121.0.6167.85 (3f98d690ad7e..., userDataDir: C:\Users\dP-PL\AppData\Loca...}, fedcm:accounts: true, goog:chromeOptions: {debuggerAddress: localhost:56199}, javascriptEnabled: true, networkConnectionEnabled: false, pageLoadStrategy: normal, platform: WINDOWS, platformName: WINDOWS, proxy: Proxy(), setWindowRect: true, strictFileInteractability: false, timeouts: {implicit: 0, pageLoad: 300000, script: 30000}, unhandledPromptBehavior: dismiss and notify, webauthn:extension:credBlob: true, webauthn:extension:largeBlob: true, webauthn:extension:minPinLength: true, webauthn:extension:prf: true, webauthn:virtualAuthenticators: true}
Session ID: 0e78ab16adbe8e38d568135e1bd2396c
2024-01-25 23:33:28,473 [main] INFO  base.BaseClass - Trying to find Element By {by.toString()})
2024-01-25 23:33:28,496 [main] INFO  base.BaseClass - Found Element By {by.toString()}
2024-01-25 23:33:28,552 [main] INFO  base.BaseClass - Trying to find Element By {by.toString()})
2024-01-25 23:33:28,569 [main] INFO  base.BaseClass - Found Element By {by.toString()}
2024-01-25 23:33:29,103 [main] INFO  base.BaseClass - Trying to find Element By {by.toString()})
2024-01-25 23:33:29,131 [main] INFO  base.BaseClass - Found Element By {by.toString()}
2024-01-25 23:33:29,665 [main] INFO  base.BaseClass - Trying to find Element By {by.toString()})
2024-01-25 23:33:29,678 [main] INFO  base.BaseClass - Found Element By {by.toString()}
2024-01-25 23:33:30,204 [main] INFO  base.BaseClass - Trying to find Element By {by.toString()})
2024-01-25 23:33:30,213 [main] INFO  base.BaseClass - Found Element By {by.toString()}
2024-01-25 23:33:30,726 [main] INFO  base.BaseClass - Trying to find Element By {by.toString()})
2024-01-25 23:33:30,737 [main] INFO  base.BaseClass - Found Element By {by.toString()}
2024-01-25 23:33:31,264 [main] INFO  base.BaseClass - Trying to find Element By {by.toString()})
2024-01-25 23:33:31,288 [main] INFO  base.BaseClass - Found Element By {by.toString()}
2024-01-25 23:33:31,821 [main] INFO  base.BaseClass - Trying to find Element By {by.toString()})
2024-01-25 23:33:31,844 [main] INFO  base.BaseClass - Found Element By {by.toString()}
2024-01-25 23:33:32,376 [main] INFO  base.BaseClass - Trying to find Element By {by.toString()})
2024-01-25 23:33:32,402 [main] INFO  base.BaseClass - Found Element By {by.toString()}
2024-01-25 23:33:32,928 [main] INFO  base.BaseClass - Trying to find Element By {by.toString()})
2024-01-25 23:33:32,951 [main] INFO  base.BaseClass - Found Element By {by.toString()}
2024-01-25 23:33:33,490 [main] INFO  base.BaseClass - Trying to find Element By {by.toString()})
2024-01-25 23:33:33,512 [main] INFO  base.BaseClass - Found Element By {by.toString()}
2024-01-25 23:33:34,040 [main] INFO  base.BaseClass - Trying to find Element By {by.toString()})
2024-01-25 23:33:34,063 [main] INFO  base.BaseClass - Found Element By {by.toString()}
2024-01-25 23:33:34,596 [main] INFO  base.BaseClass - Trying to find Element By {by.toString()})
2024-01-25 23:33:34,618 [main] INFO  base.BaseClass - Found Element By {by.toString()}
2024-01-25 23:33:35,146 [main] INFO  base.BaseClass - Trying to find Element By {by.toString()})
2024-01-25 23:33:35,167 [main] INFO  base.BaseClass - Found Element By {by.toString()}
2024-01-25 23:33:35,696 [main] INFO  base.BaseClass - Trying to find Element By {by.toString()})
2024-01-25 23:33:35,718 [main] INFO  base.BaseClass - Found Element By {by.toString()}
2024-01-25 23:33:36,250 [main] INFO  base.BaseClass - Trying to find Element By {by.toString()})
2024-01-25 23:33:36,271 [main] INFO  base.BaseClass - Found Element By {by.toString()}
2024-01-25 23:33:36,801 [main] INFO  base.BaseClass - Trying to find Element By {by.toString()})
2024-01-25 23:33:36,822 [main] INFO  base.BaseClass - Found Element By {by.toString()}
2024-01-25 23:33:37,352 [main] INFO  base.BaseClass - Trying to find Element By {by.toString()})
2024-01-25 23:33:37,373 [main] INFO  base.BaseClass - Found Element By {by.toString()}
2024-01-25 23:33:37,902 [main] INFO  base.BaseClass - Trying to find Element By {by.toString()})
2024-01-25 23:33:37,918 [main] INFO  base.BaseClass - Found Element By {by.toString()}
2024-01-25 23:33:38,444 [main] INFO  base.BaseClass - Trying to find Element By {by.toString()})
2024-01-25 23:33:38,466 [main] INFO  base.BaseClass - Found Element By {by.toString()}
2024-01-25 23:33:39,007 [main] INFO  base.BaseClass - Trying to find Element By {by.toString()})
2024-01-25 23:33:39,026 [main] INFO  base.BaseClass - Found Element By {by.toString()}
2024-01-25 23:33:39,556 [main] INFO  base.BaseClass - Trying to find Element By {by.toString()})
2024-01-25 23:33:39,577 [main] INFO  base.BaseClass - Found Element By {by.toString()}
2024-01-25 23:33:40,108 [main] INFO  base.BaseClass - Trying to find Element By {by.toString()})
2024-01-25 23:33:40,125 [main] INFO  base.BaseClass - Found Element By {by.toString()}
2024-01-25 23:33:40,651 [main] INFO  base.BaseClass - Trying to find Element By {by.toString()})
2024-01-25 23:33:40,674 [main] INFO  base.BaseClass - Found Element By {by.toString()}
2024-01-25 23:33:41,201 [main] INFO  base.BaseClass - Trying to find Element By {by.toString()})
2024-01-25 23:33:41,223 [main] INFO  base.BaseClass - Found Element By {by.toString()}
2024-01-25 23:33:41,754 [main] INFO  base.BaseClass - Trying to find Element By {by.toString()})
2024-01-25 23:33:41,777 [main] INFO  base.BaseClass - Found Element By {by.toString()}
2024-01-25 23:33:42,303 [main] INFO  base.BaseClass - Trying to find Element By {by.toString()})
2024-01-25 23:33:42,312 [main] INFO  base.BaseClass - Found Element By {by.toString()}
2024-01-25 23:33:42,835 [main] INFO  base.BaseClass - Trying to find Element By {by.toString()})
2024-01-25 23:33:42,858 [main] INFO  base.BaseClass - Found Element By {by.toString()}
2024-01-25 23:33:43,384 [main] INFO  base.BaseClass - Trying to find Element By {by.toString()})
2024-01-25 23:33:43,405 [main] INFO  base.BaseClass - Found Element By {by.toString()}
2024-01-25 23:33:43,933 [main] INFO  base.BaseClass - Trying to find Element By {by.toString()})
2024-01-25 23:33:43,955 [main] INFO  base.BaseClass - Found Element By {by.toString()}
2024-01-25 23:33:44,485 [main] INFO  base.BaseClass - Trying to find Element By {by.toString()})
2024-01-25 23:33:44,506 [main] INFO  base.BaseClass - Found Element By {by.toString()}
2024-01-25 23:33:45,037 [main] INFO  base.BaseClass - Trying to find Element By {by.toString()})
2024-01-25 23:33:45,056 [main] INFO  base.BaseClass - Found Element By {by.toString()}
2024-01-25 23:33:45,585 [main] INFO  base.BaseClass - Trying to find Element By {by.toString()})
2024-01-25 23:33:45,607 [main] INFO  base.BaseClass - Found Element By {by.toString()}
2024-01-25 23:33:46,138 [main] INFO  base.BaseClass - Trying to find Element By {by.toString()})
2024-01-25 23:33:46,160 [main] INFO  base.BaseClass - Found Element By {by.toString()}
2024-01-25 23:33:46,702 [main] INFO  base.BaseClass - Trying to find Element By {by.toString()})
2024-01-25 23:33:46,724 [main] INFO  base.BaseClass - Found Element By {by.toString()}
2024-01-25 23:33:47,257 [main] INFO  base.BaseClass - Trying to find Element By {by.toString()})
2024-01-25 23:33:47,278 [main] INFO  base.BaseClass - Found Element By {by.toString()}
2024-01-25 23:33:47,809 [main] INFO  base.BaseClass - Trying to find Element By {by.toString()})
2024-01-25 23:33:47,831 [main] INFO  base.BaseClass - Found Element By {by.toString()}
2024-01-25 23:33:48,364 [main] INFO  base.BaseClass - Trying to find Element By {by.toString()})
2024-01-25 23:33:48,386 [main] INFO  base.BaseClass - Found Element By {by.toString()}
2024-01-25 23:33:48,918 [main] INFO  base.BaseClass - Trying to find Element By {by.toString()})
2024-01-25 23:33:48,940 [main] INFO  base.BaseClass - Found Element By {by.toString()}
2024-01-25 23:33:49,471 [main] INFO  base.BaseClass - Trying to find Element By {by.toString()})
2024-01-25 23:33:49,494 [main] INFO  base.BaseClass - Found Element By {by.toString()}
2024-01-25 23:33:50,026 [main] INFO  base.BaseClass - Trying to find Element By {by.toString()})
2024-01-25 23:33:50,048 [main] INFO  base.BaseClass - Found Element By {by.toString()}
2024-01-25 23:33:50,580 [main] INFO  base.BaseClass - Trying to find Element By {by.toString()})
2024-01-25 23:33:50,603 [main] INFO  base.BaseClass - Found Element By {by.toString()}
2024-01-25 23:33:51,135 [main] INFO  base.BaseClass - Trying to find Element By {by.toString()})
2024-01-25 23:33:51,155 [main] INFO  base.BaseClass - Found Element By {by.toString()}
2024-01-25 23:33:51,700 [main] INFO  base.BaseClass - Trying to find Element By {by.toString()})
2024-01-25 23:33:51,722 [main] INFO  base.BaseClass - Found Element By {by.toString()}
2024-01-25 23:33:52,267 [main] INFO  base.BaseClass - Trying to find Element By {by.toString()})
2024-01-25 23:33:52,290 [main] INFO  base.BaseClass - Found Element By {by.toString()}
2024-01-25 23:33:52,818 [main] INFO  base.BaseClass - Trying to find Element By {by.toString()})
2024-01-25 23:33:52,840 [main] INFO  base.BaseClass - Found Element By {by.toString()}
2024-01-25 23:33:53,372 [main] INFO  base.BaseClass - Trying to find Element By {by.toString()})
2024-01-25 23:33:53,395 [main] INFO  base.BaseClass - Found Element By {by.toString()}
2024-01-25 23:33:53,926 [main] INFO  base.BaseClass - Trying to find Element By {by.toString()})
2024-01-25 23:33:53,949 [main] INFO  base.BaseClass - Found Element By {by.toString()}
2024-01-25 23:33:54,477 [main] INFO  base.BaseClass - Trying to find Element By {by.toString()})
2024-01-25 23:33:54,499 [main] INFO  base.BaseClass - Found Element By {by.toString()}
2024-01-25 23:33:55,031 [main] INFO  base.BaseClass - Trying to find Element By {by.toString()})
2024-01-25 23:33:55,052 [main] INFO  base.BaseClass - Found Element By {by.toString()}
2024-01-25 23:33:55,573 [main] INFO  base.BaseClass - Trying to find Element By {by.toString()})
2024-01-25 23:33:55,596 [main] INFO  base.BaseClass - Found Element By {by.toString()}
2024-01-25 23:33:56,128 [main] INFO  base.BaseClass - Trying to find Element By {by.toString()})
2024-01-25 23:33:56,148 [main] INFO  base.BaseClass - Found Element By {by.toString()}
2024-01-25 23:33:56,676 [main] INFO  base.BaseClass - Trying to find Element By {by.toString()})
2024-01-25 23:33:56,699 [main] INFO  base.BaseClass - Found Element By {by.toString()}
2024-01-25 23:33:57,241 [main] INFO  base.BaseClass - Trying to find Element By {by.toString()})
2024-01-25 23:33:57,264 [main] INFO  base.BaseClass - Found Element By {by.toString()}
2024-01-25 23:33:57,785 [main] INFO  base.BaseClass - Trying to find Element By {by.toString()})
2024-01-25 23:33:57,807 [main] INFO  base.BaseClass - Found Element By {by.toString()}
2024-01-25 23:33:58,338 [main] INFO  base.BaseClass - Trying to find Element By {by.toString()})
2024-01-25 23:33:58,360 [main] INFO  base.BaseClass - Found Element By {by.toString()}
2024-01-25 23:33:58,893 [main] INFO  base.BaseClass - Trying to find Element By {by.toString()})
2024-01-25 23:33:58,915 [main] INFO  base.BaseClass - Found Element By {by.toString()}
TimeoutException occurred: Expected condition failed: waiting for helper.WaitUtility$5@6875a2c0 (tried for 30 second(s) with 500 milliseconds interval)
Build info: version: '3.141.59', revision: 'e82be7d358', time: '2018-11-14T08:17:03'
System info: host: 'DPLAP166', ip: '137.237.3.67', os.name: 'Windows 10', os.arch: 'amd64', os.version: '10.0', java.version: '19.0.1'
Driver info: org.openqa.selenium.support.events.EventFiringWebDriver
Capabilities {acceptInsecureCerts: true, browserName: chrome, browserVersion: 121.0.6167.86, chrome: {chromedriverVersion: 121.0.6167.85 (3f98d690ad7e..., userDataDir: C:\Users\dP-PL\AppData\Loca...}, fedcm:accounts: true, goog:chromeOptions: {debuggerAddress: localhost:56199}, javascriptEnabled: true, networkConnectionEnabled: false, pageLoadStrategy: normal, platform: WINDOWS, platformName: WINDOWS, proxy: Proxy(), setWindowRect: true, strictFileInteractability: false, timeouts: {implicit: 0, pageLoad: 300000, script: 30000}, unhandledPromptBehavior: dismiss and notify, webauthn:extension:credBlob: true, webauthn:extension:largeBlob: true, webauthn:extension:minPinLength: true, webauthn:extension:prf: true, webauthn:virtualAuthenticators: true}
Session ID: 0e78ab16adbe8e38d568135e1bd2396c
2024-01-25 23:33:58,945 [main] ERROR XGLT_15177_Test - Element did not become visible within the specified time: Expected condition failed: waiting for helper.WaitUtility$5@6875a2c0 (tried for 30 second(s) with 500 milliseconds interval)
Build info: version: '3.141.59', revision: 'e82be7d358', time: '2018-11-14T08:17:03'
System info: host: 'DPLAP166', ip: '137.237.3.67', os.name: 'Windows 10', os.arch: 'amd64', os.version: '10.0', java.version: '19.0.1'
Driver info: org.openqa.selenium.support.events.EventFiringWebDriver
Capabilities {acceptInsecureCerts: true, browserName: chrome, browserVersion: 121.0.6167.86, chrome: {chromedriverVersion: 121.0.6167.85 (3f98d690ad7e..., userDataDir: C:\Users\dP-PL\AppData\Loca...}, fedcm:accounts: true, goog:chromeOptions: {debuggerAddress: localhost:56199}, javascriptEnabled: true, networkConnectionEnabled: false, pageLoadStrategy: normal, platform: WINDOWS, platformName: WINDOWS, proxy: Proxy(), setWindowRect: true, strictFileInteractability: false, timeouts: {implicit: 0, pageLoad: 300000, script: 30000}, unhandledPromptBehavior: dismiss and notify, webauthn:extension:credBlob: true, webauthn:extension:largeBlob: true, webauthn:extension:minPinLength: true, webauthn:extension:prf: true, webauthn:virtualAuthenticators: true}
Session ID: 0e78ab16adbe8e38d568135e1bd2396c
2024-01-25 23:33:58,946 [main] INFO  base.BaseClass - Trying to find Element By {by.toString()})
2024-01-25 23:33:58,964 [main] INFO  base.BaseClass - Found Element By {by.toString()}
2024-01-25 23:33:58,964 [main] INFO  base.BaseClass - Trying to click on: {element.toString()}
2024-01-25 23:33:59,064 [main] INFO  base.BaseClass - Clicked on: {element.toString()}
2024-01-25 23:33:59,064 [main] INFO  base.BaseClass - Trying to find Element By {by.toString()})
2024-01-25 23:33:59,073 [main] INFO  base.BaseClass - Found Element By {by.toString()}
2024-01-25 23:33:59,597 [main] INFO  base.BaseClass - Trying to find Element By {by.toString()})
2024-01-25 23:33:59,620 [main] INFO  base.BaseClass - Found Element By {by.toString()}
2024-01-25 23:34:00,151 [main] INFO  base.BaseClass - Trying to find Element By {by.toString()})
2024-01-25 23:34:00,208 [main] INFO  base.BaseClass - Found Element By {by.toString()}
2024-01-25 23:34:00,733 [main] INFO  base.BaseClass - Trying to find Element By {by.toString()})
2024-01-25 23:34:00,758 [main] INFO  base.BaseClass - Found Element By {by.toString()}
2024-01-25 23:34:01,299 [main] INFO  base.BaseClass - Trying to find Element By {by.toString()})
2024-01-25 23:34:01,318 [main] INFO  base.BaseClass - Found Element By {by.toString()}
2024-01-25 23:34:01,848 [main] INFO  base.BaseClass - Trying to find Element By {by.toString()})
2024-01-25 23:34:01,876 [main] INFO  base.BaseClass - Found Element By {by.toString()}
2024-01-25 23:34:02,415 [main] INFO  base.BaseClass - Trying to find Element By {by.toString()})
2024-01-25 23:34:02,433 [main] INFO  base.BaseClass - Found Element By {by.toString()}
2024-01-25 23:34:02,961 [main] INFO  base.BaseClass - Trying to find Element By {by.toString()})
2024-01-25 23:34:02,985 [main] INFO  base.BaseClass - Found Element By {by.toString()}
2024-01-25 23:34:03,523 [main] INFO  base.BaseClass - Trying to find Element By {by.toString()})
2024-01-25 23:34:03,548 [main] INFO  base.BaseClass - Found Element By {by.toString()}
2024-01-25 23:34:04,082 [main] INFO  base.BaseClass - Trying to find Element By {by.toString()})
2024-01-25 23:34:04,107 [main] INFO  base.BaseClass - Found Element By {by.toString()}
2024-01-25 23:34:04,636 [main] INFO  base.BaseClass - Trying to find Element By {by.toString()})
2024-01-25 23:34:04,659 [main] INFO  base.BaseClass - Found Element By {by.toString()}
2024-01-25 23:34:05,198 [main] INFO  base.BaseClass - Trying to find Element By {by.toString()})
2024-01-25 23:34:05,222 [main] INFO  base.BaseClass - Found Element By {by.toString()}
2024-01-25 23:34:05,754 [main] INFO  base.BaseClass - Trying to find Element By {by.toString()})
2024-01-25 23:34:05,777 [main] INFO  base.BaseClass - Found Element By {by.toString()}
2024-01-25 23:34:06,303 [main] INFO  base.BaseClass - Trying to find Element By {by.toString()})
2024-01-25 23:34:06,326 [main] INFO  base.BaseClass - Found Element By {by.toString()}
2024-01-25 23:34:06,849 [main] INFO  base.BaseClass - Trying to find Element By {by.toString()})
2024-01-25 23:34:06,865 [main] INFO  base.BaseClass - Found Element By {by.toString()}
2024-01-25 23:34:07,399 [main] INFO  base.BaseClass - Trying to find Element By {by.toString()})
2024-01-25 23:34:07,422 [main] INFO  base.BaseClass - Found Element By {by.toString()}
2024-01-25 23:34:07,968 [main] INFO  base.BaseClass - Trying to find Element By {by.toString()})
2024-01-25 23:34:07,994 [main] INFO  base.BaseClass - Found Element By {by.toString()}
2024-01-25 23:34:08,531 [main] INFO  base.BaseClass - Trying to find Element By {by.toString()})
2024-01-25 23:34:08,554 [main] INFO  base.BaseClass - Found Element By {by.toString()}
2024-01-25 23:34:09,088 [main] INFO  base.BaseClass - Trying to find Element By {by.toString()})
2024-01-25 23:34:09,106 [main] INFO  base.BaseClass - Found Element By {by.toString()}
2024-01-25 23:34:09,636 [main] INFO  base.BaseClass - Trying to find Element By {by.toString()})
2024-01-25 23:34:09,654 [main] INFO  base.BaseClass - Found Element By {by.toString()}
2024-01-25 23:34:10,183 [main] INFO  base.BaseClass - Trying to find Element By {by.toString()})
2024-01-25 23:34:10,201 [main] INFO  base.BaseClass - Found Element By {by.toString()}
2024-01-25 23:34:10,742 [main] INFO  base.BaseClass - Trying to find Element By {by.toString()})
2024-01-25 23:34:10,758 [main] INFO  base.BaseClass - Found Element By {by.toString()}
2024-01-25 23:34:11,293 [main] INFO  base.BaseClass - Trying to find Element By {by.toString()})
2024-01-25 23:34:11,312 [main] INFO  base.BaseClass - Found Element By {by.toString()}
2024-01-25 23:34:11,849 [main] INFO  base.BaseClass - Trying to find Element By {by.toString()})
2024-01-25 23:34:11,869 [main] INFO  base.BaseClass - Found Element By {by.toString()}
2024-01-25 23:34:12,388 [main] INFO  base.BaseClass - Trying to find Element By {by.toString()})
2024-01-25 23:34:12,408 [main] INFO  base.BaseClass - Found Element By {by.toString()}
2024-01-25 23:34:12,940 [main] INFO  base.BaseClass - Trying to find Element By {by.toString()})
2024-01-25 23:34:12,957 [main] INFO  base.BaseClass - Found Element By {by.toString()}
2024-01-25 23:34:13,487 [main] INFO  base.BaseClass - Trying to find Element By {by.toString()})
2024-01-25 23:34:13,510 [main] INFO  base.BaseClass - Found Element By {by.toString()}
2024-01-25 23:34:14,049 [main] INFO  base.BaseClass - Trying to find Element By {by.toString()})
2024-01-25 23:34:14,069 [main] INFO  base.BaseClass - Found Element By {by.toString()}
2024-01-25 23:34:14,603 [main] INFO  base.BaseClass - Trying to find Element By {by.toString()})
2024-01-25 23:34:14,626 [main] INFO  base.BaseClass - Found Element By {by.toString()}
2024-01-25 23:34:15,159 [main] INFO  base.BaseClass - Trying to find Element By {by.toString()})
2024-01-25 23:34:15,181 [main] INFO  base.BaseClass - Found Element By {by.toString()}
2024-01-25 23:34:15,713 [main] INFO  base.BaseClass - Trying to find Element By {by.toString()})
2024-01-25 23:34:15,734 [main] INFO  base.BaseClass - Found Element By {by.toString()}
2024-01-25 23:34:16,265 [main] INFO  base.BaseClass - Trying to find Element By {by.toString()})
2024-01-25 23:34:16,274 [main] INFO  base.BaseClass - Found Element By {by.toString()}
2024-01-25 23:34:16,790 [main] INFO  base.BaseClass - Trying to find Element By {by.toString()})
2024-01-25 23:34:16,814 [main] INFO  base.BaseClass - Found Element By {by.toString()}
2024-01-25 23:34:17,355 [main] INFO  base.BaseClass - Trying to find Element By {by.toString()})
2024-01-25 23:34:17,368 [main] INFO  base.BaseClass - Found Element By {by.toString()}
2024-01-25 23:34:17,881 [main] INFO  base.BaseClass - Trying to find Element By {by.toString()})
2024-01-25 23:34:17,888 [main] INFO  base.BaseClass - Found Element By {by.toString()}
2024-01-25 23:34:18,400 [main] INFO  base.BaseClass - Trying to find Element By {by.toString()})
2024-01-25 23:34:18,424 [main] INFO  base.BaseClass - Found Element By {by.toString()}
2024-01-25 23:34:18,960 [main] INFO  base.BaseClass - Trying to find Element By {by.toString()})
2024-01-25 23:34:18,983 [main] INFO  base.BaseClass - Found Element By {by.toString()}
2024-01-25 23:34:19,522 [main] INFO  base.BaseClass - Trying to find Element By {by.toString()})
2024-01-25 23:34:19,545 [main] INFO  base.BaseClass - Found Element By {by.toString()}
2024-01-25 23:34:20,074 [main] INFO  base.BaseClass - Trying to find Element By {by.toString()})
2024-01-25 23:34:20,097 [main] INFO  base.BaseClass - Found Element By {by.toString()}
2024-01-25 23:34:20,627 [main] INFO  base.BaseClass - Trying to find Element By {by.toString()})
2024-01-25 23:34:20,650 [main] INFO  base.BaseClass - Found Element By {by.toString()}
2024-01-25 23:34:21,183 [main] INFO  base.BaseClass - Trying to find Element By {by.toString()})
2024-01-25 23:34:21,206 [main] INFO  base.BaseClass - Found Element By {by.toString()}
2024-01-25 23:34:21,738 [main] INFO  base.BaseClass - Trying to find Element By {by.toString()})
2024-01-25 23:34:21,761 [main] INFO  base.BaseClass - Found Element By {by.toString()}
2024-01-25 23:34:22,294 [main] INFO  base.BaseClass - Trying to find Element By {by.toString()})
2024-01-25 23:34:22,314 [main] INFO  base.BaseClass - Found Element By {by.toString()}
2024-01-25 23:34:22,843 [main] INFO  base.BaseClass - Trying to find Element By {by.toString()})
2024-01-25 23:34:22,866 [main] INFO  base.BaseClass - Found Element By {by.toString()}
2024-01-25 23:34:23,398 [main] INFO  base.BaseClass - Trying to find Element By {by.toString()})
2024-01-25 23:34:23,420 [main] INFO  base.BaseClass - Found Element By {by.toString()}
2024-01-25 23:34:23,966 [main] INFO  base.BaseClass - Trying to find Element By {by.toString()})
2024-01-25 23:34:23,990 [main] INFO  base.BaseClass - Found Element By {by.toString()}
2024-01-25 23:34:24,530 [main] INFO  base.BaseClass - Trying to find Element By {by.toString()})
2024-01-25 23:34:24,553 [main] INFO  base.BaseClass - Found Element By {by.toString()}
2024-01-25 23:34:25,086 [main] INFO  base.BaseClass - Trying to find Element By {by.toString()})
2024-01-25 23:34:25,110 [main] INFO  base.BaseClass - Found Element By {by.toString()}
2024-01-25 23:34:25,641 [main] INFO  base.BaseClass - Trying to find Element By {by.toString()})
2024-01-25 23:34:25,666 [main] INFO  base.BaseClass - Found Element By {by.toString()}
2024-01-25 23:34:26,196 [main] INFO  base.BaseClass - Trying to find Element By {by.toString()})
2024-01-25 23:34:26,219 [main] INFO  base.BaseClass - Found Element By {by.toString()}
2024-01-25 23:34:26,754 [main] INFO  base.BaseClass - Trying to find Element By {by.toString()})
2024-01-25 23:34:26,777 [main] INFO  base.BaseClass - Found Element By {by.toString()}
2024-01-25 23:34:27,303 [main] INFO  base.BaseClass - Trying to find Element By {by.toString()})
2024-01-25 23:34:27,327 [main] INFO  base.BaseClass - Found Element By {by.toString()}
2024-01-25 23:34:27,859 [main] INFO  base.BaseClass - Trying to find Element By {by.toString()})
2024-01-25 23:34:27,879 [main] INFO  base.BaseClass - Found Element By {by.toString()}
2024-01-25 23:34:28,410 [main] INFO  base.BaseClass - Trying to find Element By {by.toString()})
2024-01-25 23:34:28,433 [main] INFO  base.BaseClass - Found Element By {by.toString()}
2024-01-25 23:34:28,965 [main] INFO  base.BaseClass - Trying to find Element By {by.toString()})
2024-01-25 23:34:28,986 [main] INFO  base.BaseClass - Found Element By {by.toString()}
2024-01-25 23:34:29,519 [main] INFO  base.BaseClass - Trying to find Element By {by.toString()})
2024-01-25 23:34:29,543 [main] INFO  base.BaseClass - Found Element By {by.toString()}
TimeoutException occurred: Expected condition failed: waiting for helper.WaitUtility$5@27e9bf44 (tried for 30 second(s) with 500 milliseconds interval)
Build info: version: '3.141.59', revision: 'e82be7d358', time: '2018-11-14T08:17:03'
System info: host: 'DPLAP166', ip: '137.237.3.67', os.name: 'Windows 10', os.arch: 'amd64', os.version: '10.0', java.version: '19.0.1'
Driver info: org.openqa.selenium.support.events.EventFiringWebDriver
Capabilities {acceptInsecureCerts: true, browserName: chrome, browserVersion: 121.0.6167.86, chrome: {chromedriverVersion: 121.0.6167.85 (3f98d690ad7e..., userDataDir: C:\Users\dP-PL\AppData\Loca...}, fedcm:accounts: true, goog:chromeOptions: {debuggerAddress: localhost:56199}, javascriptEnabled: true, networkConnectionEnabled: false, pageLoadStrategy: normal, platform: WINDOWS, platformName: WINDOWS, proxy: Proxy(), setWindowRect: true, strictFileInteractability: false, timeouts: {implicit: 0, pageLoad: 300000, script: 30000}, unhandledPromptBehavior: dismiss and notify, webauthn:extension:credBlob: true, webauthn:extension:largeBlob: true, webauthn:extension:minPinLength: true, webauthn:extension:prf: true, webauthn:virtualAuthenticators: true}
Session ID: 0e78ab16adbe8e38d568135e1bd2396c
2024-01-25 23:34:29,579 [main] ERROR XGLT_15177_Test - Element did not become visible within the specified time: Expected condition failed: waiting for helper.WaitUtility$5@27e9bf44 (tried for 30 second(s) with 500 milliseconds interval)
Build info: version: '3.141.59', revision: 'e82be7d358', time: '2018-11-14T08:17:03'
System info: host: 'DPLAP166', ip: '137.237.3.67', os.name: 'Windows 10', os.arch: 'amd64', os.version: '10.0', java.version: '19.0.1'
Driver info: org.openqa.selenium.support.events.EventFiringWebDriver
Capabilities {acceptInsecureCerts: true, browserName: chrome, browserVersion: 121.0.6167.86, chrome: {chromedriverVersion: 121.0.6167.85 (3f98d690ad7e..., userDataDir: C:\Users\dP-PL\AppData\Loca...}, fedcm:accounts: true, goog:chromeOptions: {debuggerAddress: localhost:56199}, javascriptEnabled: true, networkConnectionEnabled: false, pageLoadStrategy: normal, platform: WINDOWS, platformName: WINDOWS, proxy: Proxy(), setWindowRect: true, strictFileInteractability: false, timeouts: {implicit: 0, pageLoad: 300000, script: 30000}, unhandledPromptBehavior: dismiss and notify, webauthn:extension:credBlob: true, webauthn:extension:largeBlob: true, webauthn:extension:minPinLength: true, webauthn:extension:prf: true, webauthn:virtualAuthenticators: true}
Session ID: 0e78ab16adbe8e38d568135e1bd2396c
2024-01-25 23:34:29,579 [main] INFO  base.BaseClass - Trying to find Element By {by.toString()})
2024-01-25 23:34:29,600 [main] INFO  base.BaseClass - Found Element By {by.toString()}
2024-01-25 23:34:29,647 [main] INFO  base.BaseClass - Trying to find Element By {by.toString()})
2024-01-25 23:34:29,657 [main] INFO  base.BaseClass - Found Element By {by.toString()}
2024-01-25 23:34:29,666 [main] INFO  base.BaseClass - Trying to find Element By {by.toString()})
2024-01-25 23:34:29,676 [main] INFO  base.BaseClass - Found Element By {by.toString()}
2024-01-25 23:34:29,684 [main] INFO  base.BaseClass - Trying to find Element By {by.toString()})
2024-01-25 23:34:29,699 [main] INFO  base.BaseClass - Found Element By {by.toString()}
2024-01-25 23:34:30,225 [main] INFO  base.BaseClass - Trying to find Element By {by.toString()})
2024-01-25 23:34:30,250 [main] INFO  base.BaseClass - Found Element By {by.toString()}
2024-01-25 23:34:30,788 [main] INFO  base.BaseClass - Trying to find Element By {by.toString()})
2024-01-25 23:34:30,812 [main] INFO  base.BaseClass - Found Element By {by.toString()}
2024-01-25 23:34:31,338 [main] INFO  base.BaseClass - Trying to find Element By {by.toString()})
2024-01-25 23:34:31,360 [main] INFO  base.BaseClass - Found Element By {by.toString()}
2024-01-25 23:34:31,885 [main] INFO  base.BaseClass - Trying to find Element By {by.toString()})
2024-01-25 23:34:31,908 [main] INFO  base.BaseClass - Found Element By {by.toString()}
2024-01-25 23:34:32,441 [main] INFO  base.BaseClass - Trying to find Element By {by.toString()})
2024-01-25 23:34:32,468 [main] INFO  base.BaseClass - Found Element By {by.toString()}
2024-01-25 23:34:33,001 [main] INFO  base.BaseClass - Trying to find Element By {by.toString()})
2024-01-25 23:34:33,022 [main] INFO  base.BaseClass - Found Element By {by.toString()}
2024-01-25 23:34:33,557 [main] INFO  base.BaseClass - Trying to find Element By {by.toString()})
2024-01-25 23:34:33,579 [main] INFO  base.BaseClass - Found Element By {by.toString()}
2024-01-25 23:34:34,105 [main] INFO  base.BaseClass - Trying to find Element By {by.toString()})
2024-01-25 23:34:34,127 [main] INFO  base.BaseClass - Found Element By {by.toString()}
2024-01-25 23:34:34,660 [main] INFO  base.BaseClass - Trying to find Element By {by.toString()})
2024-01-25 23:34:34,682 [main] INFO  base.BaseClass - Found Element By {by.toString()}
2024-01-25 23:34:35,220 [main] INFO  base.BaseClass - Trying to find Element By {by.toString()})
2024-01-25 23:34:35,244 [main] INFO  base.BaseClass - Found Element By {by.toString()}
2024-01-25 23:34:35,774 [main] INFO  base.BaseClass - Trying to find Element By {by.toString()})
2024-01-25 23:34:35,797 [main] INFO  base.BaseClass - Found Element By {by.toString()}
2024-01-25 23:34:36,331 [main] INFO  base.BaseClass - Trying to find Element By {by.toString()})
2024-01-25 23:34:36,347 [main] INFO  base.BaseClass - Found Element By {by.toString()}
2024-01-25 23:34:36,872 [main] INFO  base.BaseClass - Trying to find Element By {by.toString()})
2024-01-25 23:34:36,894 [main] INFO  base.BaseClass - Found Element By {by.toString()}
2024-01-25 23:34:37,425 [main] INFO  base.BaseClass - Trying to find Element By {by.toString()})
2024-01-25 23:34:37,448 [main] INFO  base.BaseClass - Found Element By {by.toString()}
2024-01-25 23:34:37,979 [main] INFO  base.BaseClass - Trying to find Element By {by.toString()})
2024-01-25 23:34:38,001 [main] INFO  base.BaseClass - Found Element By {by.toString()}
2024-01-25 23:34:38,533 [main] INFO  base.BaseClass - Trying to find Element By {by.toString()})
2024-01-25 23:34:38,555 [main] INFO  base.BaseClass - Found Element By {by.toString()}
2024-01-25 23:34:39,079 [main] INFO  base.BaseClass - Trying to find Element By {by.toString()})
2024-01-25 23:34:39,102 [main] INFO  base.BaseClass - Found Element By {by.toString()}
2024-01-25 23:34:39,634 [main] INFO  base.BaseClass - Trying to find Element By {by.toString()})
2024-01-25 23:34:39,656 [main] INFO  base.BaseClass - Found Element By {by.toString()}
2024-01-25 23:34:40,188 [main] INFO  base.BaseClass - Trying to find Element By {by.toString()})
2024-01-25 23:34:40,211 [main] INFO  base.BaseClass - Found Element By {by.toString()}
2024-01-25 23:34:40,740 [main] INFO  base.BaseClass - Trying to find Element By {by.toString()})
2024-01-25 23:34:40,762 [main] INFO  base.BaseClass - Found Element By {by.toString()}
2024-01-25 23:34:41,295 [main] INFO  base.BaseClass - Trying to find Element By {by.toString()})
2024-01-25 23:34:41,315 [main] INFO  base.BaseClass - Found Element By {by.toString()}
2024-01-25 23:34:41,848 [main] INFO  base.BaseClass - Trying to find Element By {by.toString()})
2024-01-25 23:34:41,865 [main] INFO  base.BaseClass - Found Element By {by.toString()}
2024-01-25 23:34:42,389 [main] INFO  base.BaseClass - Trying to find Element By {by.toString()})
2024-01-25 23:34:42,412 [main] INFO  base.BaseClass - Found Element By {by.toString()}
2024-01-25 23:34:42,941 [main] INFO  base.BaseClass - Trying to find Element By {by.toString()})
2024-01-25 23:34:42,963 [main] INFO  base.BaseClass - Found Element By {by.toString()}
2024-01-25 23:34:43,497 [main] INFO  base.BaseClass - Trying to find Element By {by.toString()})
2024-01-25 23:34:43,521 [main] INFO  base.BaseClass - Found Element By {by.toString()}
2024-01-25 23:34:44,049 [main] INFO  base.BaseClass - Trying to find Element By {by.toString()})
2024-01-25 23:34:44,071 [main] INFO  base.BaseClass - Found Element By {by.toString()}
2024-01-25 23:34:44,603 [main] INFO  base.BaseClass - Trying to find Element By {by.toString()})
2024-01-25 23:34:44,625 [main] INFO  base.BaseClass - Found Element By {by.toString()}
2024-01-25 23:34:45,157 [main] INFO  base.BaseClass - Trying to find Element By {by.toString()})
2024-01-25 23:34:45,179 [main] INFO  base.BaseClass - Found Element By {by.toString()}
2024-01-25 23:34:45,708 [main] INFO  base.BaseClass - Trying to find Element By {by.toString()})
2024-01-25 23:34:45,729 [main] INFO  base.BaseClass - Found Element By {by.toString()}
2024-01-25 23:34:46,261 [main] INFO  base.BaseClass - Trying to find Element By {by.toString()})
2024-01-25 23:34:46,285 [main] INFO  base.BaseClass - Found Element By {by.toString()}
2024-01-25 23:34:46,816 [main] INFO  base.BaseClass - Trying to find Element By {by.toString()})
2024-01-25 23:34:46,839 [main] INFO  base.BaseClass - Found Element By {by.toString()}
2024-01-25 23:34:47,381 [main] INFO  base.BaseClass - Trying to find Element By {by.toString()})
2024-01-25 23:34:47,402 [main] INFO  base.BaseClass - Found Element By {by.toString()}
2024-01-25 23:34:47,933 [main] INFO  base.BaseClass - Trying to find Element By {by.toString()})
2024-01-25 23:34:47,956 [main] INFO  base.BaseClass - Found Element By {by.toString()}
2024-01-25 23:34:48,492 [main] INFO  base.BaseClass - Trying to find Element By {by.toString()})
2024-01-25 23:34:48,515 [main] INFO  base.BaseClass - Found Element By {by.toString()}
2024-01-25 23:34:49,047 [main] INFO  base.BaseClass - Trying to find Element By {by.toString()})
2024-01-25 23:34:49,069 [main] INFO  base.BaseClass - Found Element By {by.toString()}
2024-01-25 23:34:49,601 [main] INFO  base.BaseClass - Trying to find Element By {by.toString()})
2024-01-25 23:34:49,622 [main] INFO  base.BaseClass - Found Element By {by.toString()}
2024-01-25 23:34:50,155 [main] INFO  base.BaseClass - Trying to find Element By {by.toString()})
2024-01-25 23:34:50,177 [main] INFO  base.BaseClass - Found Element By {by.toString()}
2024-01-25 23:34:50,710 [main] INFO  base.BaseClass - Trying to find Element By {by.toString()})
2024-01-25 23:34:50,733 [main] INFO  base.BaseClass - Found Element By {by.toString()}
2024-01-25 23:34:51,264 [main] INFO  base.BaseClass - Trying to find Element By {by.toString()})
2024-01-25 23:34:51,286 [main] INFO  base.BaseClass - Found Element By {by.toString()}
2024-01-25 23:34:51,813 [main] INFO  base.BaseClass - Trying to find Element By {by.toString()})
2024-01-25 23:34:51,829 [main] INFO  base.BaseClass - Found Element By {by.toString()}
2024-01-25 23:34:52,353 [main] INFO  base.BaseClass - Trying to find Element By {by.toString()})
2024-01-25 23:34:52,377 [main] INFO  base.BaseClass - Found Element By {by.toString()}
2024-01-25 23:34:52,913 [main] INFO  base.BaseClass - Trying to find Element By {by.toString()})
2024-01-25 23:34:52,936 [main] INFO  base.BaseClass - Found Element By {by.toString()}
2024-01-25 23:34:53,479 [main] INFO  base.BaseClass - Trying to find Element By {by.toString()})
2024-01-25 23:34:53,502 [main] INFO  base.BaseClass - Found Element By {by.toString()}
2024-01-25 23:34:54,034 [main] INFO  base.BaseClass - Trying to find Element By {by.toString()})
2024-01-25 23:34:54,056 [main] INFO  base.BaseClass - Found Element By {by.toString()}
2024-01-25 23:34:54,587 [main] INFO  base.BaseClass - Trying to find Element By {by.toString()})
2024-01-25 23:34:54,609 [main] INFO  base.BaseClass - Found Element By {by.toString()}
2024-01-25 23:34:55,140 [main] INFO  base.BaseClass - Trying to find Element By {by.toString()})
2024-01-25 23:34:55,163 [main] INFO  base.BaseClass - Found Element By {by.toString()}
2024-01-25 23:34:55,691 [main] INFO  base.BaseClass - Trying to find Element By {by.toString()})
2024-01-25 23:34:55,714 [main] INFO  base.BaseClass - Found Element By {by.toString()}
2024-01-25 23:34:56,234 [main] INFO  base.BaseClass - Trying to find Element By {by.toString()})
2024-01-25 23:34:56,256 [main] INFO  base.BaseClass - Found Element By {by.toString()}
2024-01-25 23:34:56,793 [main] INFO  base.BaseClass - Trying to find Element By {by.toString()})
2024-01-25 23:34:56,815 [main] INFO  base.BaseClass - Found Element By {by.toString()}
2024-01-25 23:34:57,346 [main] INFO  base.BaseClass - Trying to find Element By {by.toString()})
2024-01-25 23:34:57,369 [main] INFO  base.BaseClass - Found Element By {by.toString()}
2024-01-25 23:34:57,928 [main] INFO  base.BaseClass - Trying to find Element By {by.toString()})
2024-01-25 23:34:57,953 [main] INFO  base.BaseClass - Found Element By {by.toString()}
2024-01-25 23:34:58,487 [main] INFO  base.BaseClass - Trying to find Element By {by.toString()})
2024-01-25 23:34:58,511 [main] INFO  base.BaseClass - Found Element By {by.toString()}
2024-01-25 23:34:59,041 [main] INFO  base.BaseClass - Trying to find Element By {by.toString()})
2024-01-25 23:34:59,065 [main] INFO  base.BaseClass - Found Element By {by.toString()}
2024-01-25 23:34:59,592 [main] INFO  base.BaseClass - Trying to find Element By {by.toString()})
2024-01-25 23:34:59,616 [main] INFO  base.BaseClass - Found Element By {by.toString()}
2024-01-25 23:35:00,147 [main] INFO  base.BaseClass - Trying to find Element By {by.toString()})
2024-01-25 23:35:00,170 [main] INFO  base.BaseClass - Found Element By {by.toString()}
TimeoutException occurred: Expected condition failed: waiting for helper.WaitUtility$5@58c55379 (tried for 30 second(s) with 500 milliseconds interval)
Build info: version: '3.141.59', revision: 'e82be7d358', time: '2018-11-14T08:17:03'
System info: host: 'DPLAP166', ip: '137.237.3.67', os.name: 'Windows 10', os.arch: 'amd64', os.version: '10.0', java.version: '19.0.1'
Driver info: org.openqa.selenium.support.events.EventFiringWebDriver
Capabilities {acceptInsecureCerts: true, browserName: chrome, browserVersion: 121.0.6167.86, chrome: {chromedriverVersion: 121.0.6167.85 (3f98d690ad7e..., userDataDir: C:\Users\dP-PL\AppData\Loca...}, fedcm:accounts: true, goog:chromeOptions: {debuggerAddress: localhost:56199}, javascriptEnabled: true, networkConnectionEnabled: false, pageLoadStrategy: normal, platform: WINDOWS, platformName: WINDOWS, proxy: Proxy(), setWindowRect: true, strictFileInteractability: false, timeouts: {implicit: 0, pageLoad: 300000, script: 30000}, unhandledPromptBehavior: dismiss and notify, webauthn:extension:credBlob: true, webauthn:extension:largeBlob: true, webauthn:extension:minPinLength: true, webauthn:extension:prf: true, webauthn:virtualAuthenticators: true}
Session ID: 0e78ab16adbe8e38d568135e1bd2396c
2024-01-25 23:35:00,205 [main] ERROR XGLT_15177_Test - Element did not become visible within the specified time: Expected condition failed: waiting for helper.WaitUtility$5@58c55379 (tried for 30 second(s) with 500 milliseconds interval)
Build info: version: '3.141.59', revision: 'e82be7d358', time: '2018-11-14T08:17:03'
System info: host: 'DPLAP166', ip: '137.237.3.67', os.name: 'Windows 10', os.arch: 'amd64', os.version: '10.0', java.version: '19.0.1'
Driver info: org.openqa.selenium.support.events.EventFiringWebDriver
Capabilities {acceptInsecureCerts: true, browserName: chrome, browserVersion: 121.0.6167.86, chrome: {chromedriverVersion: 121.0.6167.85 (3f98d690ad7e..., userDataDir: C:\Users\dP-PL\AppData\Loca...}, fedcm:accounts: true, goog:chromeOptions: {debuggerAddress: localhost:56199}, javascriptEnabled: true, networkConnectionEnabled: false, pageLoadStrategy: normal, platform: WINDOWS, platformName: WINDOWS, proxy: Proxy(), setWindowRect: true, strictFileInteractability: false, timeouts: {implicit: 0, pageLoad: 300000, script: 30000}, unhandledPromptBehavior: dismiss and notify, webauthn:extension:credBlob: true, webauthn:extension:largeBlob: true, webauthn:extension:minPinLength: true, webauthn:extension:prf: true, webauthn:virtualAuthenticators: true}
Session ID: 0e78ab16adbe8e38d568135e1bd2396c
2024-01-25 23:35:00,205 [main] INFO  base.BaseClass - Trying to find Element By {by.toString()})
2024-01-25 23:35:00,227 [main] INFO  base.BaseClass - Found Element By {by.toString()}
2024-01-25 23:35:00,268 [main] INFO  base.BaseClass - Trying to find Element By {by.toString()})
2024-01-25 23:35:00,285 [main] INFO  base.BaseClass - Found Element By {by.toString()}
2024-01-25 23:35:00,809 [main] INFO  base.BaseClass - Trying to find Element By {by.toString()})
2024-01-25 23:35:00,827 [main] INFO  base.BaseClass - Found Element By {by.toString()}
2024-01-25 23:35:01,350 [main] INFO  base.BaseClass - Trying to find Element By {by.toString()})
2024-01-25 23:35:01,376 [main] INFO  base.BaseClass - Found Element By {by.toString()}
2024-01-25 23:35:01,909 [main] INFO  base.BaseClass - Trying to find Element By {by.toString()})
2024-01-25 23:35:01,931 [main] INFO  base.BaseClass - Found Element By {by.toString()}
2024-01-25 23:35:02,468 [main] INFO  base.BaseClass - Trying to find Element By {by.toString()})
2024-01-25 23:35:02,484 [main] INFO  base.BaseClass - Found Element By {by.toString()}
2024-01-25 23:35:03,018 [main] INFO  base.BaseClass - Trying to find Element By {by.toString()})
2024-01-25 23:35:03,042 [main] INFO  base.BaseClass - Found Element By {by.toString()}
2024-01-25 23:35:03,573 [main] INFO  base.BaseClass - Trying to find Element By {by.toString()})
2024-01-25 23:35:03,596 [main] INFO  base.BaseClass - Found Element By {by.toString()}
2024-01-25 23:35:04,121 [main] INFO  base.BaseClass - Trying to find Element By {by.toString()})
2024-01-25 23:35:04,145 [main] INFO  base.BaseClass - Found Element By {by.toString()}
2024-01-25 23:35:04,674 [main] INFO  base.BaseClass - Trying to find Element By {by.toString()})
2024-01-25 23:35:04,698 [main] INFO  base.BaseClass - Found Element By {by.toString()}
2024-01-25 23:35:05,230 [main] INFO  base.BaseClass - Trying to find Element By {by.toString()})
2024-01-25 23:35:05,252 [main] INFO  base.BaseClass - Found Element By {by.toString()}
2024-01-25 23:35:05,778 [main] INFO  base.BaseClass - Trying to find Element By {by.toString()})
2024-01-25 23:35:05,801 [main] INFO  base.BaseClass - Found Element By {by.toString()}
2024-01-25 23:35:06,333 [main] INFO  base.BaseClass - Trying to find Element By {by.toString()})
2024-01-25 23:35:06,357 [main] INFO  base.BaseClass - Found Element By {by.toString()}
2024-01-25 23:35:06,892 [main] INFO  base.BaseClass - Trying to find Element By {by.toString()})
2024-01-25 23:35:06,913 [main] INFO  base.BaseClass - Found Element By {by.toString()}
2024-01-25 23:35:07,445 [main] INFO  base.BaseClass - Trying to find Element By {by.toString()})
2024-01-25 23:35:07,466 [main] INFO  base.BaseClass - Found Element By {by.toString()}
2024-01-25 23:35:08,003 [main] INFO  base.BaseClass - Trying to find Element By {by.toString()})
2024-01-25 23:35:08,027 [main] INFO  base.BaseClass - Found Element By {by.toString()}
2024-01-25 23:35:08,561 [main] INFO  base.BaseClass - Trying to find Element By {by.toString()})
2024-01-25 23:35:08,585 [main] INFO  base.BaseClass - Found Element By {by.toString()}
2024-01-25 23:35:09,115 [main] INFO  base.BaseClass - Trying to find Element By {by.toString()})
2024-01-25 23:35:09,137 [main] INFO  base.BaseClass - Found Element By {by.toString()}
2024-01-25 23:35:09,668 [main] INFO  base.BaseClass - Trying to find Element By {by.toString()})
2024-01-25 23:35:09,693 [main] INFO  base.BaseClass - Found Element By {by.toString()}
2024-01-25 23:35:10,226 [main] INFO  base.BaseClass - Trying to find Element By {by.toString()})
2024-01-25 23:35:10,249 [main] INFO  base.BaseClass - Found Element By {by.toString()}
2024-01-25 23:35:10,782 [main] INFO  base.BaseClass - Trying to find Element By {by.toString()})
2024-01-25 23:35:10,805 [main] INFO  base.BaseClass - Found Element By {by.toString()}
2024-01-25 23:35:11,337 [main] INFO  base.BaseClass - Trying to find Element By {by.toString()})
2024-01-25 23:35:11,360 [main] INFO  base.BaseClass - Found Element By {by.toString()}
2024-01-25 23:35:11,890 [main] INFO  base.BaseClass - Trying to find Element By {by.toString()})
2024-01-25 23:35:11,911 [main] INFO  base.BaseClass - Found Element By {by.toString()}
2024-01-25 23:35:12,436 [main] INFO  base.BaseClass - Trying to find Element By {by.toString()})
2024-01-25 23:35:12,458 [main] INFO  base.BaseClass - Found Element By {by.toString()}
2024-01-25 23:35:12,995 [main] INFO  base.BaseClass - Trying to find Element By {by.toString()})
2024-01-25 23:35:13,018 [main] INFO  base.BaseClass - Found Element By {by.toString()}
2024-01-25 23:35:13,550 [main] INFO  base.BaseClass - Trying to find Element By {by.toString()})
2024-01-25 23:35:13,572 [main] INFO  base.BaseClass - Found Element By {by.toString()}
2024-01-25 23:35:14,103 [main] INFO  base.BaseClass - Trying to find Element By {by.toString()})
2024-01-25 23:35:14,126 [main] INFO  base.BaseClass - Found Element By {by.toString()}
2024-01-25 23:35:14,653 [main] INFO  base.BaseClass - Trying to find Element By {by.toString()})
2024-01-25 23:35:14,675 [main] INFO  base.BaseClass - Found Element By {by.toString()}
2024-01-25 23:35:15,234 [main] INFO  base.BaseClass - Trying to find Element By {by.toString()})
2024-01-25 23:35:15,256 [main] INFO  base.BaseClass - Found Element By {by.toString()}
2024-01-25 23:35:15,782 [main] INFO  base.BaseClass - Trying to find Element By {by.toString()})
2024-01-25 23:35:15,804 [main] INFO  base.BaseClass - Found Element By {by.toString()}
2024-01-25 23:35:16,331 [main] INFO  base.BaseClass - Trying to find Element By {by.toString()})
2024-01-25 23:35:16,353 [main] INFO  base.BaseClass - Found Element By {by.toString()}
2024-01-25 23:35:16,883 [main] INFO  base.BaseClass - Trying to find Element By {by.toString()})
2024-01-25 23:35:16,905 [main] INFO  base.BaseClass - Found Element By {by.toString()}
2024-01-25 23:35:17,438 [main] INFO  base.BaseClass - Trying to find Element By {by.toString()})
2024-01-25 23:35:17,459 [main] INFO  base.BaseClass - Found Element By {by.toString()}
2024-01-25 23:35:17,993 [main] INFO  base.BaseClass - Trying to find Element By {by.toString()})
2024-01-25 23:35:18,019 [main] INFO  base.BaseClass - Found Element By {by.toString()}
2024-01-25 23:35:18,551 [main] INFO  base.BaseClass - Trying to find Element By {by.toString()})
2024-01-25 23:35:18,575 [main] INFO  base.BaseClass - Found Element By {by.toString()}
2024-01-25 23:35:19,115 [main] INFO  base.BaseClass - Trying to find Element By {by.toString()})
2024-01-25 23:35:19,138 [main] INFO  base.BaseClass - Found Element By {by.toString()}
2024-01-25 23:35:19,667 [main] INFO  base.BaseClass - Trying to find Element By {by.toString()})
2024-01-25 23:35:19,690 [main] INFO  base.BaseClass - Found Element By {by.toString()}
2024-01-25 23:35:20,220 [main] INFO  base.BaseClass - Trying to find Element By {by.toString()})
2024-01-25 23:35:20,243 [main] INFO  base.BaseClass - Found Element By {by.toString()}
2024-01-25 23:35:20,769 [main] INFO  base.BaseClass - Trying to find Element By {by.toString()})
2024-01-25 23:35:20,791 [main] INFO  base.BaseClass - Found Element By {by.toString()}
2024-01-25 23:35:21,329 [main] INFO  base.BaseClass - Trying to find Element By {by.toString()})
2024-01-25 23:35:21,353 [main] INFO  base.BaseClass - Found Element By {by.toString()}
2024-01-25 23:35:21,885 [main] INFO  base.BaseClass - Trying to find Element By {by.toString()})
2024-01-25 23:35:21,906 [main] INFO  base.BaseClass - Found Element By {by.toString()}
2024-01-25 23:35:22,425 [main] INFO  base.BaseClass - Trying to find Element By {by.toString()})
2024-01-25 23:35:22,448 [main] INFO  base.BaseClass - Found Element By {by.toString()}
2024-01-25 23:35:22,968 [main] INFO  base.BaseClass - Trying to find Element By {by.toString()})
2024-01-25 23:35:22,991 [main] INFO  base.BaseClass - Found Element By {by.toString()}
2024-01-25 23:35:23,524 [main] INFO  base.BaseClass - Trying to find Element By {by.toString()})
2024-01-25 23:35:23,547 [main] INFO  base.BaseClass - Found Element By {by.toString()}
2024-01-25 23:35:24,073 [main] INFO  base.BaseClass - Trying to find Element By {by.toString()})
2024-01-25 23:35:24,097 [main] INFO  base.BaseClass - Found Element By {by.toString()}
2024-01-25 23:35:24,632 [main] INFO  base.BaseClass - Trying to find Element By {by.toString()})
2024-01-25 23:35:24,655 [main] INFO  base.BaseClass - Found Element By {by.toString()}
2024-01-25 23:35:25,190 [main] INFO  base.BaseClass - Trying to find Element By {by.toString()})
2024-01-25 23:35:25,212 [main] INFO  base.BaseClass - Found Element By {by.toString()}
2024-01-25 23:35:25,737 [main] INFO  base.BaseClass - Trying to find Element By {by.toString()})
2024-01-25 23:35:25,760 [main] INFO  base.BaseClass - Found Element By {by.toString()}
2024-01-25 23:35:26,287 [main] INFO  base.BaseClass - Trying to find Element By {by.toString()})
2024-01-25 23:35:26,311 [main] INFO  base.BaseClass - Found Element By {by.toString()}
2024-01-25 23:35:26,845 [main] INFO  base.BaseClass - Trying to find Element By {by.toString()})
2024-01-25 23:35:26,858 [main] INFO  base.BaseClass - Found Element By {by.toString()}
2024-01-25 23:35:27,385 [main] INFO  base.BaseClass - Trying to find Element By {by.toString()})
2024-01-25 23:35:27,403 [main] INFO  base.BaseClass - Found Element By {by.toString()}
2024-01-25 23:35:27,929 [main] INFO  base.BaseClass - Trying to find Element By {by.toString()})
2024-01-25 23:35:27,939 [main] INFO  base.BaseClass - Found Element By {by.toString()}
2024-01-25 23:35:28,453 [main] INFO  base.BaseClass - Trying to find Element By {by.toString()})
2024-01-25 23:35:28,478 [main] INFO  base.BaseClass - Found Element By {by.toString()}
2024-01-25 23:35:29,016 [main] INFO  base.BaseClass - Trying to find Element By {by.toString()})
2024-01-25 23:35:29,043 [main] INFO  base.BaseClass - Found Element By {by.toString()}
2024-01-25 23:35:29,588 [main] INFO  base.BaseClass - Trying to find Element By {by.toString()})
2024-01-25 23:35:29,615 [main] INFO  base.BaseClass - Found Element By {by.toString()}
2024-01-25 23:35:30,196 [main] INFO  base.BaseClass - Trying to find Element By {by.toString()})
2024-01-25 23:35:30,221 [main] INFO  base.BaseClass - Found Element By {by.toString()}
2024-01-25 23:35:30,760 [main] INFO  base.BaseClass - Trying to find Element By {by.toString()})
2024-01-25 23:35:30,787 [main] INFO  base.BaseClass - Found Element By {by.toString()}
TimeoutException occurred: Expected condition failed: waiting for helper.WaitUtility$5@d0be065 (tried for 30 second(s) with 500 milliseconds interval)
Build info: version: '3.141.59', revision: 'e82be7d358', time: '2018-11-14T08:17:03'
System info: host: 'DPLAP166', ip: '137.237.3.67', os.name: 'Windows 10', os.arch: 'amd64', os.version: '10.0', java.version: '19.0.1'
Driver info: org.openqa.selenium.support.events.EventFiringWebDriver
Capabilities {acceptInsecureCerts: true, browserName: chrome, browserVersion: 121.0.6167.86, chrome: {chromedriverVersion: 121.0.6167.85 (3f98d690ad7e..., userDataDir: C:\Users\dP-PL\AppData\Loca...}, fedcm:accounts: true, goog:chromeOptions: {debuggerAddress: localhost:56199}, javascriptEnabled: true, networkConnectionEnabled: false, pageLoadStrategy: normal, platform: WINDOWS, platformName: WINDOWS, proxy: Proxy(), setWindowRect: true, strictFileInteractability: false, timeouts: {implicit: 0, pageLoad: 300000, script: 30000}, unhandledPromptBehavior: dismiss and notify, webauthn:extension:credBlob: true, webauthn:extension:largeBlob: true, webauthn:extension:minPinLength: true, webauthn:extension:prf: true, webauthn:virtualAuthenticators: true}
Session ID: 0e78ab16adbe8e38d568135e1bd2396c
2024-01-25 23:35:30,827 [main] ERROR XGLT_15177_Test - Element did not become visible within the specified time: Expected condition failed: waiting for helper.WaitUtility$5@d0be065 (tried for 30 second(s) with 500 milliseconds interval)
Build info: version: '3.141.59', revision: 'e82be7d358', time: '2018-11-14T08:17:03'
System info: host: 'DPLAP166', ip: '137.237.3.67', os.name: 'Windows 10', os.arch: 'amd64', os.version: '10.0', java.version: '19.0.1'
Driver info: org.openqa.selenium.support.events.EventFiringWebDriver
Capabilities {acceptInsecureCerts: true, browserName: chrome, browserVersion: 121.0.6167.86, chrome: {chromedriverVersion: 121.0.6167.85 (3f98d690ad7e..., userDataDir: C:\Users\dP-PL\AppData\Loca...}, fedcm:accounts: true, goog:chromeOptions: {debuggerAddress: localhost:56199}, javascriptEnabled: true, networkConnectionEnabled: false, pageLoadStrategy: normal, platform: WINDOWS, platformName: WINDOWS, proxy: Proxy(), setWindowRect: true, strictFileInteractability: false, timeouts: {implicit: 0, pageLoad: 300000, script: 30000}, unhandledPromptBehavior: dismiss and notify, webauthn:extension:credBlob: true, webauthn:extension:largeBlob: true, webauthn:extension:minPinLength: true, webauthn:extension:prf: true, webauthn:virtualAuthenticators: true}
Session ID: 0e78ab16adbe8e38d568135e1bd2396c
2024-01-25 23:35:30,827 [main] INFO  base.BaseClass - Trying to find Element By {by.toString()})
2024-01-25 23:35:30,847 [main] INFO  base.BaseClass - Found Element By {by.toString()}
2024-01-25 23:35:30,847 [main] INFO  base.BaseClass - Trying to click on: {element.toString()}
2024-01-25 23:35:30,981 [main] INFO  base.BaseClass - Clicked on: {element.toString()}
2024-01-25 23:35:30,981 [main] INFO  base.BaseClass - Trying to find Element By {by.toString()})
2024-01-25 23:35:30,996 [main] INFO  base.BaseClass - Found Element By {by.toString()}
TimeoutException occurred: Expected condition failed: waiting for helper.WaitUtility$5@3fe9b054 (tried for 30 second(s) with 500 milliseconds interval)
Build info: version: '3.141.59', revision: 'e82be7d358', time: '2018-11-14T08:17:03'
System info: host: 'DPLAP166', ip: '137.237.3.67', os.name: 'Windows 10', os.arch: 'amd64', os.version: '10.0', java.version: '19.0.1'
Driver info: org.openqa.selenium.support.events.EventFiringWebDriver
Capabilities {acceptInsecureCerts: true, browserName: chrome, browserVersion: 121.0.6167.86, chrome: {chromedriverVersion: 121.0.6167.85 (3f98d690ad7e..., userDataDir: C:\Users\dP-PL\AppData\Loca...}, fedcm:accounts: true, goog:chromeOptions: {debuggerAddress: localhost:56199}, javascriptEnabled: true, networkConnectionEnabled: false, pageLoadStrategy: normal, platform: WINDOWS, platformName: WINDOWS, proxy: Proxy(), setWindowRect: true, strictFileInteractability: false, timeouts: {implicit: 0, pageLoad: 300000, script: 30000}, unhandledPromptBehavior: dismiss and notify, webauthn:extension:credBlob: true, webauthn:extension:largeBlob: true, webauthn:extension:minPinLength: true, webauthn:extension:prf: true, webauthn:virtualAuthenticators: true}
Session ID: 0e78ab16adbe8e38d568135e1bd2396c
2024-01-25 23:36:01,372 [main] ERROR XGLT_15177_Test - Element did not become visible within the specified time: Expected condition failed: waiting for helper.WaitUtility$5@3fe9b054 (tried for 30 second(s) with 500 milliseconds interval)
Build info: version: '3.141.59', revision: 'e82be7d358', time: '2018-11-14T08:17:03'
System info: host: 'DPLAP166', ip: '137.237.3.67', os.name: 'Windows 10', os.arch: 'amd64', os.version: '10.0', java.version: '19.0.1'
Driver info: org.openqa.selenium.support.events.EventFiringWebDriver
Capabilities {acceptInsecureCerts: true, browserName: chrome, browserVersion: 121.0.6167.86, chrome: {chromedriverVersion: 121.0.6167.85 (3f98d690ad7e..., userDataDir: C:\Users\dP-PL\AppData\Loca...}, fedcm:accounts: true, goog:chromeOptions: {debuggerAddress: localhost:56199}, javascriptEnabled: true, networkConnectionEnabled: false, pageLoadStrategy: normal, platform: WINDOWS, platformName: WINDOWS, proxy: Proxy(), setWindowRect: true, strictFileInteractability: false, timeouts: {implicit: 0, pageLoad: 300000, script: 30000}, unhandledPromptBehavior: dismiss and notify, webauthn:extension:credBlob: true, webauthn:extension:largeBlob: true, webauthn:extension:minPinLength: true, webauthn:extension:prf: true, webauthn:virtualAuthenticators: true}
Session ID: 0e78ab16adbe8e38d568135e1bd2396c
2024-01-25 23:36:01,373 [main] INFO  base.BaseClass - Trying to click on: {element.toString()}
2024-01-25 23:36:01,496 [main] INFO  base.BaseClass - Clicked on: {element.toString()}
2024-01-25 23:36:01,496 [main] INFO  base.BaseClass - Trying to find Element By {by.toString()})
2024-01-25 23:36:01,509 [main] INFO  base.BaseClass - Found Element By {by.toString()}
2024-01-25 23:36:02,032 [main] INFO  base.BaseClass - Trying to find Element By {by.toString()})
2024-01-25 23:36:02,057 [main] INFO  base.BaseClass - Found Element By {by.toString()}
2024-01-25 23:36:02,589 [main] INFO  base.BaseClass - Trying to find Element By {by.toString()})
2024-01-25 23:36:02,613 [main] INFO  base.BaseClass - Found Element By {by.toString()}
2024-01-25 23:36:03,145 [main] INFO  base.BaseClass - Trying to find Element By {by.toString()})
2024-01-25 23:36:03,170 [main] INFO  base.BaseClass - Found Element By {by.toString()}
2024-01-25 23:36:03,712 [main] INFO  base.BaseClass - Trying to find Element By {by.toString()})
2024-01-25 23:36:03,734 [main] INFO  base.BaseClass - Found Element By {by.toString()}
2024-01-25 23:36:04,272 [main] INFO  base.BaseClass - Trying to find Element By {by.toString()})
2024-01-25 23:36:04,290 [main] INFO  base.BaseClass - Found Element By {by.toString()}
2024-01-25 23:36:04,816 [main] INFO  base.BaseClass - Trying to find Element By {by.toString()})
2024-01-25 23:36:04,839 [main] INFO  base.BaseClass - Found Element By {by.toString()}
2024-01-25 23:36:05,371 [main] INFO  base.BaseClass - Trying to find Element By {by.toString()})
2024-01-25 23:36:05,395 [main] INFO  base.BaseClass - Found Element By {by.toString()}
2024-01-25 23:36:05,928 [main] INFO  base.BaseClass - Trying to find Element By {by.toString()})
2024-01-25 23:36:05,952 [main] INFO  base.BaseClass - Found Element By {by.toString()}
2024-01-25 23:36:06,483 [main] INFO  base.BaseClass - Trying to find Element By {by.toString()})
2024-01-25 23:36:06,506 [main] INFO  base.BaseClass - Found Element By {by.toString()}
2024-01-25 23:36:07,045 [main] INFO  base.BaseClass - Trying to find Element By {by.toString()})
2024-01-25 23:36:07,069 [main] INFO  base.BaseClass - Found Element By {by.toString()}
2024-01-25 23:36:07,598 [main] INFO  base.BaseClass - Trying to find Element By {by.toString()})
2024-01-25 23:36:07,620 [main] INFO  base.BaseClass - Found Element By {by.toString()}
2024-01-25 23:36:08,146 [main] INFO  base.BaseClass - Trying to find Element By {by.toString()})
2024-01-25 23:36:08,167 [main] INFO  base.BaseClass - Found Element By {by.toString()}
2024-01-25 23:36:08,699 [main] INFO  base.BaseClass - Trying to find Element By {by.toString()})
2024-01-25 23:36:08,722 [main] INFO  base.BaseClass - Found Element By {by.toString()}
2024-01-25 23:36:09,259 [main] INFO  base.BaseClass - Trying to find Element By {by.toString()})
2024-01-25 23:36:09,282 [main] INFO  base.BaseClass - Found Element By {by.toString()}
2024-01-25 23:36:09,825 [main] INFO  base.BaseClass - Trying to find Element By {by.toString()})
2024-01-25 23:36:09,846 [main] INFO  base.BaseClass - Found Element By {by.toString()}
2024-01-25 23:36:10,375 [main] INFO  base.BaseClass - Trying to find Element By {by.toString()})
2024-01-25 23:36:10,390 [main] INFO  base.BaseClass - Found Element By {by.toString()}
2024-01-25 23:36:10,916 [main] INFO  base.BaseClass - Trying to find Element By {by.toString()})
2024-01-25 23:36:10,939 [main] INFO  base.BaseClass - Found Element By {by.toString()}
2024-01-25 23:36:11,468 [main] INFO  base.BaseClass - Trying to find Element By {by.toString()})
2024-01-25 23:36:11,493 [main] INFO  base.BaseClass - Found Element By {by.toString()}
2024-01-25 23:36:12,037 [main] INFO  base.BaseClass - Trying to find Element By {by.toString()})
2024-01-25 23:36:12,059 [main] INFO  base.BaseClass - Found Element By {by.toString()}
2024-01-25 23:36:12,591 [main] INFO  base.BaseClass - Trying to find Element By {by.toString()})
2024-01-25 23:36:12,614 [main] INFO  base.BaseClass - Found Element By {by.toString()}
2024-01-25 23:36:13,146 [main] INFO  base.BaseClass - Trying to find Element By {by.toString()})
2024-01-25 23:36:13,168 [main] INFO  base.BaseClass - Found Element By {by.toString()}
2024-01-25 23:36:13,702 [main] INFO  base.BaseClass - Trying to find Element By {by.toString()})
2024-01-25 23:36:13,715 [main] INFO  base.BaseClass - Found Element By {by.toString()}
2024-01-25 23:36:14,232 [main] INFO  base.BaseClass - Trying to find Element By {by.toString()})
2024-01-25 23:36:14,254 [main] INFO  base.BaseClass - Found Element By {by.toString()}
2024-01-25 23:36:14,785 [main] INFO  base.BaseClass - Trying to find Element By {by.toString()})
2024-01-25 23:36:14,808 [main] INFO  base.BaseClass - Found Element By {by.toString()}
2024-01-25 23:36:15,338 [main] INFO  base.BaseClass - Trying to find Element By {by.toString()})
2024-01-25 23:36:15,362 [main] INFO  base.BaseClass - Found Element By {by.toString()}
2024-01-25 23:36:15,888 [main] INFO  base.BaseClass - Trying to find Element By {by.toString()})
2024-01-25 23:36:15,909 [main] INFO  base.BaseClass - Found Element By {by.toString()}
2024-01-25 23:36:16,441 [main] INFO  base.BaseClass - Trying to find Element By {by.toString()})
2024-01-25 23:36:16,462 [main] INFO  base.BaseClass - Found Element By {by.toString()}
2024-01-25 23:36:17,002 [main] INFO  base.BaseClass - Trying to find Element By {by.toString()})
2024-01-25 23:36:17,024 [main] INFO  base.BaseClass - Found Element By {by.toString()}
2024-01-25 23:36:17,554 [main] INFO  base.BaseClass - Trying to find Element By {by.toString()})
2024-01-25 23:36:17,577 [main] INFO  base.BaseClass - Found Element By {by.toString()}
2024-01-25 23:36:18,109 [main] INFO  base.BaseClass - Trying to find Element By {by.toString()})
2024-01-25 23:36:18,132 [main] INFO  base.BaseClass - Found Element By {by.toString()}
2024-01-25 23:36:18,667 [main] INFO  base.BaseClass - Trying to find Element By {by.toString()})
2024-01-25 23:36:18,691 [main] INFO  base.BaseClass - Found Element By {by.toString()}
2024-01-25 23:36:19,232 [main] INFO  base.BaseClass - Trying to find Element By {by.toString()})
2024-01-25 23:36:19,256 [main] INFO  base.BaseClass - Found Element By {by.toString()}
2024-01-25 23:36:19,789 [main] INFO  base.BaseClass - Trying to find Element By {by.toString()})
2024-01-25 23:36:19,808 [main] INFO  base.BaseClass - Found Element By {by.toString()}
2024-01-25 23:36:20,327 [main] INFO  base.BaseClass - Trying to find Element By {by.toString()})
2024-01-25 23:36:20,350 [main] INFO  base.BaseClass - Found Element By {by.toString()}
2024-01-25 23:36:20,882 [main] INFO  base.BaseClass - Trying to find Element By {by.toString()})
2024-01-25 23:36:20,898 [main] INFO  base.BaseClass - Found Element By {by.toString()}
2024-01-25 23:36:21,428 [main] INFO  base.BaseClass - Trying to find Element By {by.toString()})
2024-01-25 23:36:21,450 [main] INFO  base.BaseClass - Found Element By {by.toString()}
2024-01-25 23:36:21,976 [main] INFO  base.BaseClass - Trying to find Element By {by.toString()})
2024-01-25 23:36:21,998 [main] INFO  base.BaseClass - Found Element By {by.toString()}
2024-01-25 23:36:22,542 [main] INFO  base.BaseClass - Trying to find Element By {by.toString()})
2024-01-25 23:36:22,565 [main] INFO  base.BaseClass - Found Element By {by.toString()}
2024-01-25 23:36:23,098 [main] INFO  base.BaseClass - Trying to find Element By {by.toString()})
2024-01-25 23:36:23,122 [main] INFO  base.BaseClass - Found Element By {by.toString()}
2024-01-25 23:36:23,655 [main] INFO  base.BaseClass - Trying to find Element By {by.toString()})
2024-01-25 23:36:23,678 [main] INFO  base.BaseClass - Found Element By {by.toString()}
2024-01-25 23:36:24,208 [main] INFO  base.BaseClass - Trying to find Element By {by.toString()})
2024-01-25 23:36:24,231 [main] INFO  base.BaseClass - Found Element By {by.toString()}
2024-01-25 23:36:24,760 [main] INFO  base.BaseClass - Trying to find Element By {by.toString()})
2024-01-25 23:36:24,783 [main] INFO  base.BaseClass - Found Element By {by.toString()}
2024-01-25 23:36:25,318 [main] INFO  base.BaseClass - Trying to find Element By {by.toString()})
2024-01-25 23:36:25,341 [main] INFO  base.BaseClass - Found Element By {by.toString()}
2024-01-25 23:36:25,861 [main] INFO  base.BaseClass - Trying to find Element By {by.toString()})
2024-01-25 23:36:25,883 [main] INFO  base.BaseClass - Found Element By {by.toString()}
2024-01-25 23:36:26,418 [main] INFO  base.BaseClass - Trying to find Element By {by.toString()})
2024-01-25 23:36:26,440 [main] INFO  base.BaseClass - Found Element By {by.toString()}
2024-01-25 23:36:26,970 [main] INFO  base.BaseClass - Trying to find Element By {by.toString()})
2024-01-25 23:36:26,991 [main] INFO  base.BaseClass - Found Element By {by.toString()}
2024-01-25 23:36:27,524 [main] INFO  base.BaseClass - Trying to find Element By {by.toString()})
2024-01-25 23:36:27,546 [main] INFO  base.BaseClass - Found Element By {by.toString()}
2024-01-25 23:36:28,085 [main] INFO  base.BaseClass - Trying to find Element By {by.toString()})
2024-01-25 23:36:28,106 [main] INFO  base.BaseClass - Found Element By {by.toString()}
2024-01-25 23:36:28,635 [main] INFO  base.BaseClass - Trying to find Element By {by.toString()})
2024-01-25 23:36:29,213 [main] INFO  base.BaseClass - Found Element By {by.toString()}
2024-01-25 23:36:29,763 [main] INFO  base.BaseClass - Trying to find Element By {by.toString()})
2024-01-25 23:36:29,787 [main] INFO  base.BaseClass - Found Element By {by.toString()}
2024-01-25 23:36:30,321 [main] INFO  base.BaseClass - Trying to find Element By {by.toString()})
2024-01-25 23:36:30,346 [main] INFO  base.BaseClass - Found Element By {by.toString()}
2024-01-25 23:36:30,882 [main] INFO  base.BaseClass - Trying to find Element By {by.toString()})
2024-01-25 23:36:30,906 [main] INFO  base.BaseClass - Found Element By {by.toString()}
2024-01-25 23:36:31,447 [main] INFO  base.BaseClass - Trying to find Element By {by.toString()})
2024-01-25 23:36:31,470 [main] INFO  base.BaseClass - Found Element By {by.toString()}
TimeoutException occurred: Expected condition failed: waiting for helper.WaitUtility$5@11d837d3 (tried for 30 second(s) with 500 milliseconds interval)
Build info: version: '3.141.59', revision: 'e82be7d358', time: '2018-11-14T08:17:03'
System info: host: 'DPLAP166', ip: '137.237.3.67', os.name: 'Windows 10', os.arch: 'amd64', os.version: '10.0', java.version: '19.0.1'
Driver info: org.openqa.selenium.support.events.EventFiringWebDriver
Capabilities {acceptInsecureCerts: true, browserName: chrome, browserVersion: 121.0.6167.86, chrome: {chromedriverVersion: 121.0.6167.85 (3f98d690ad7e..., userDataDir: C:\Users\dP-PL\AppData\Loca...}, fedcm:accounts: true, goog:chromeOptions: {debuggerAddress: localhost:56199}, javascriptEnabled: true, networkConnectionEnabled: false, pageLoadStrategy: normal, platform: WINDOWS, platformName: WINDOWS, proxy: Proxy(), setWindowRect: true, strictFileInteractability: false, timeouts: {implicit: 0, pageLoad: 300000, script: 30000}, unhandledPromptBehavior: dismiss and notify, webauthn:extension:credBlob: true, webauthn:extension:largeBlob: true, webauthn:extension:minPinLength: true, webauthn:extension:prf: true, webauthn:virtualAuthenticators: true}
Session ID: 0e78ab16adbe8e38d568135e1bd2396c
2024-01-25 23:36:31,504 [main] ERROR XGLT_15177_Test - Element did not become visible within the specified time: Expected condition failed: waiting for helper.WaitUtility$5@11d837d3 (tried for 30 second(s) with 500 milliseconds interval)
Build info: version: '3.141.59', revision: 'e82be7d358', time: '2018-11-14T08:17:03'
System info: host: 'DPLAP166', ip: '137.237.3.67', os.name: 'Windows 10', os.arch: 'amd64', os.version: '10.0', java.version: '19.0.1'
Driver info: org.openqa.selenium.support.events.EventFiringWebDriver
Capabilities {acceptInsecureCerts: true, browserName: chrome, browserVersion: 121.0.6167.86, chrome: {chromedriverVersion: 121.0.6167.85 (3f98d690ad7e..., userDataDir: C:\Users\dP-PL\AppData\Loca...}, fedcm:accounts: true, goog:chromeOptions: {debuggerAddress: localhost:56199}, javascriptEnabled: true, networkConnectionEnabled: false, pageLoadStrategy: normal, platform: WINDOWS, platformName: WINDOWS, proxy: Proxy(), setWindowRect: true, strictFileInteractability: false, timeouts: {implicit: 0, pageLoad: 300000, script: 30000}, unhandledPromptBehavior: dismiss and notify, webauthn:extension:credBlob: true, webauthn:extension:largeBlob: true, webauthn:extension:minPinLength: true, webauthn:extension:prf: true, webauthn:virtualAuthenticators: true}
Session ID: 0e78ab16adbe8e38d568135e1bd2396c
2024-01-25 23:36:31,504 [main] INFO  base.BaseClass - Trying to find Element By {by.toString()})
2024-01-25 23:36:31,526 [main] INFO  base.BaseClass - Found Element By {by.toString()}
2024-01-25 23:36:31,527 [main] INFO  base.BaseClass - Trying to click on: {element.toString()}
2024-01-25 23:36:31,614 [main] INFO  base.BaseClass - Clicked on: {element.toString()}
2024-01-25 23:36:31,614 [main] INFO  base.BaseClass - Trying to find Element By {by.toString()})
2024-01-25 23:36:31,625 [main] INFO  base.BaseClass - Found Element By {by.toString()}
TimeoutException occurred: Expected condition failed: waiting for helper.WaitUtility$5@4e6899a0 (tried for 30 second(s) with 500 milliseconds interval)
Build info: version: '3.141.59', revision: 'e82be7d358', time: '2018-11-14T08:17:03'
System info: host: 'DPLAP166', ip: '137.237.3.67', os.name: 'Windows 10', os.arch: 'amd64', os.version: '10.0', java.version: '19.0.1'
Driver info: org.openqa.selenium.support.events.EventFiringWebDriver
Capabilities {acceptInsecureCerts: true, browserName: chrome, browserVersion: 121.0.6167.86, chrome: {chromedriverVersion: 121.0.6167.85 (3f98d690ad7e..., userDataDir: C:\Users\dP-PL\AppData\Loca...}, fedcm:accounts: true, goog:chromeOptions: {debuggerAddress: localhost:56199}, javascriptEnabled: true, networkConnectionEnabled: false, pageLoadStrategy: normal, platform: WINDOWS, platformName: WINDOWS, proxy: Proxy(), setWindowRect: true, strictFileInteractability: false, timeouts: {implicit: 0, pageLoad: 300000, script: 30000}, unhandledPromptBehavior: dismiss and notify, webauthn:extension:credBlob: true, webauthn:extension:largeBlob: true, webauthn:extension:minPinLength: true, webauthn:extension:prf: true, webauthn:virtualAuthenticators: true}
Session ID: 0e78ab16adbe8e38d568135e1bd2396c
2024-01-25 23:37:02,039 [main] ERROR XGLT_15177_Test - Element did not become visible within the specified time: Expected condition failed: waiting for helper.WaitUtility$5@4e6899a0 (tried for 30 second(s) with 500 milliseconds interval)
Build info: version: '3.141.59', revision: 'e82be7d358', time: '2018-11-14T08:17:03'
System info: host: 'DPLAP166', ip: '137.237.3.67', os.name: 'Windows 10', os.arch: 'amd64', os.version: '10.0', java.version: '19.0.1'
Driver info: org.openqa.selenium.support.events.EventFiringWebDriver
Capabilities {acceptInsecureCerts: true, browserName: chrome, browserVersion: 121.0.6167.86, chrome: {chromedriverVersion: 121.0.6167.85 (3f98d690ad7e..., userDataDir: C:\Users\dP-PL\AppData\Loca...}, fedcm:accounts: true, goog:chromeOptions: {debuggerAddress: localhost:56199}, javascriptEnabled: true, networkConnectionEnabled: false, pageLoadStrategy: normal, platform: WINDOWS, platformName: WINDOWS, proxy: Proxy(), setWindowRect: true, strictFileInteractability: false, timeouts: {implicit: 0, pageLoad: 300000, script: 30000}, unhandledPromptBehavior: dismiss and notify, webauthn:extension:credBlob: true, webauthn:extension:largeBlob: true, webauthn:extension:minPinLength: true, webauthn:extension:prf: true, webauthn:virtualAuthenticators: true}
Session ID: 0e78ab16adbe8e38d568135e1bd2396c
2024-01-25 23:37:02,039 [main] INFO  base.BaseClass - Trying to click on: {element.toString()}
2024-01-25 23:37:02,133 [main] INFO  base.BaseClass - Clicked on: {element.toString()}
2024-01-25 23:37:02,134 [main] INFO  base.BaseClass - Trying to find Element By {by.toString()})
2024-01-25 23:37:02,165 [main] INFO  base.BaseClass - Found Element By {by.toString()}
2024-01-25 23:37:02,689 [main] INFO  base.BaseClass - Trying to find Element By {by.toString()})
2024-01-25 23:37:02,711 [main] INFO  base.BaseClass - Found Element By {by.toString()}
2024-01-25 23:37:03,240 [main] INFO  base.BaseClass - Trying to find Element By {by.toString()})
2024-01-25 23:37:03,262 [main] INFO  base.BaseClass - Found Element By {by.toString()}
2024-01-25 23:37:03,793 [main] INFO  base.BaseClass - Trying to find Element By {by.toString()})
2024-01-25 23:37:03,817 [main] INFO  base.BaseClass - Found Element By {by.toString()}
2024-01-25 23:37:04,348 [main] INFO  base.BaseClass - Trying to find Element By {by.toString()})
2024-01-25 23:37:04,371 [main] INFO  base.BaseClass - Found Element By {by.toString()}
2024-01-25 23:37:04,900 [main] INFO  base.BaseClass - Trying to find Element By {by.toString()})
2024-01-25 23:37:04,923 [main] INFO  base.BaseClass - Found Element By {by.toString()}
2024-01-25 23:37:05,455 [main] INFO  base.BaseClass - Trying to find Element By {by.toString()})
2024-01-25 23:37:05,478 [main] INFO  base.BaseClass - Found Element By {by.toString()}
2024-01-25 23:37:06,011 [main] INFO  base.BaseClass - Trying to find Element By {by.toString()})
2024-01-25 23:37:06,033 [main] INFO  base.BaseClass - Found Element By {by.toString()}
2024-01-25 23:37:06,565 [main] INFO  base.BaseClass - Trying to find Element By {by.toString()})
2024-01-25 23:37:06,589 [main] INFO  base.BaseClass - Found Element By {by.toString()}
2024-01-25 23:37:07,121 [main] INFO  base.BaseClass - Trying to find Element By {by.toString()})
2024-01-25 23:37:07,138 [main] INFO  base.BaseClass - Found Element By {by.toString()}
2024-01-25 23:37:07,658 [main] INFO  base.BaseClass - Trying to find Element By {by.toString()})
2024-01-25 23:37:07,681 [main] INFO  base.BaseClass - Found Element By {by.toString()}
2024-01-25 23:37:08,215 [main] INFO  base.BaseClass - Trying to find Element By {by.toString()})
2024-01-25 23:37:08,239 [main] INFO  base.BaseClass - Found Element By {by.toString()}
2024-01-25 23:37:08,768 [main] INFO  base.BaseClass - Trying to find Element By {by.toString()})
2024-01-25 23:37:08,791 [main] INFO  base.BaseClass - Found Element By {by.toString()}
2024-01-25 23:37:09,324 [main] INFO  base.BaseClass - Trying to find Element By {by.toString()})
2024-01-25 23:37:09,346 [main] INFO  base.BaseClass - Found Element By {by.toString()}
2024-01-25 23:37:09,880 [main] INFO  base.BaseClass - Trying to find Element By {by.toString()})
2024-01-25 23:37:09,903 [main] INFO  base.BaseClass - Found Element By {by.toString()}
2024-01-25 23:37:10,434 [main] INFO  base.BaseClass - Trying to find Element By {by.toString()})
2024-01-25 23:37:10,456 [main] INFO  base.BaseClass - Found Element By {by.toString()}
2024-01-25 23:37:10,977 [main] INFO  base.BaseClass - Trying to find Element By {by.toString()})
2024-01-25 23:37:11,017 [main] INFO  base.BaseClass - Found Element By {by.toString()}
2024-01-25 23:37:11,535 [main] INFO  base.BaseClass - Trying to find Element By {by.toString()})
2024-01-25 23:37:11,556 [main] INFO  base.BaseClass - Found Element By {by.toString()}
2024-01-25 23:37:12,090 [main] INFO  base.BaseClass - Trying to find Element By {by.toString()})
2024-01-25 23:37:12,101 [main] INFO  base.BaseClass - Found Element By {by.toString()}
2024-01-25 23:37:12,628 [main] INFO  base.BaseClass - Trying to find Element By {by.toString()})
2024-01-25 23:37:12,652 [main] INFO  base.BaseClass - Found Element By {by.toString()}
2024-01-25 23:37:13,180 [main] INFO  base.BaseClass - Trying to find Element By {by.toString()})
2024-01-25 23:37:13,201 [main] INFO  base.BaseClass - Found Element By {by.toString()}
2024-01-25 23:37:13,746 [main] INFO  base.BaseClass - Trying to find Element By {by.toString()})
2024-01-25 23:37:13,768 [main] INFO  base.BaseClass - Found Element By {by.toString()}
2024-01-25 23:37:14,311 [main] INFO  base.BaseClass - Trying to find Element By {by.toString()})
2024-01-25 23:37:14,333 [main] INFO  base.BaseClass - Found Element By {by.toString()}
2024-01-25 23:37:14,866 [main] INFO  base.BaseClass - Trying to find Element By {by.toString()})
2024-01-25 23:37:14,889 [main] INFO  base.BaseClass - Found Element By {by.toString()}
2024-01-25 23:37:15,420 [main] INFO  base.BaseClass - Trying to find Element By {by.toString()})
2024-01-25 23:37:15,444 [main] INFO  base.BaseClass - Found Element By {by.toString()}
2024-01-25 23:37:15,978 [main] INFO  base.BaseClass - Trying to find Element By {by.toString()})
2024-01-25 23:37:16,001 [main] INFO  base.BaseClass - Found Element By {by.toString()}
2024-01-25 23:37:16,529 [main] INFO  base.BaseClass - Trying to find Element By {by.toString()})
2024-01-25 23:37:16,552 [main] INFO  base.BaseClass - Found Element By {by.toString()}
2024-01-25 23:37:17,074 [main] INFO  base.BaseClass - Trying to find Element By {by.toString()})
2024-01-25 23:37:17,096 [main] INFO  base.BaseClass - Found Element By {by.toString()}
2024-01-25 23:37:17,630 [main] INFO  base.BaseClass - Trying to find Element By {by.toString()})
2024-01-25 23:37:17,651 [main] INFO  base.BaseClass - Found Element By {by.toString()}
2024-01-25 23:37:18,183 [main] INFO  base.BaseClass - Trying to find Element By {by.toString()})
2024-01-25 23:37:18,202 [main] INFO  base.BaseClass - Found Element By {by.toString()}
2024-01-25 23:37:18,733 [main] INFO  base.BaseClass - Trying to find Element By {by.toString()})
2024-01-25 23:37:18,757 [main] INFO  base.BaseClass - Found Element By {by.toString()}
2024-01-25 23:37:19,289 [main] INFO  base.BaseClass - Trying to find Element By {by.toString()})
2024-01-25 23:37:19,312 [main] INFO  base.BaseClass - Found Element By {by.toString()}
2024-01-25 23:37:19,844 [main] INFO  base.BaseClass - Trying to find Element By {by.toString()})
2024-01-25 23:37:19,866 [main] INFO  base.BaseClass - Found Element By {by.toString()}
2024-01-25 23:37:20,399 [main] INFO  base.BaseClass - Trying to find Element By {by.toString()})
2024-01-25 23:37:20,421 [main] INFO  base.BaseClass - Found Element By {by.toString()}
2024-01-25 23:37:20,951 [main] INFO  base.BaseClass - Trying to find Element By {by.toString()})
2024-01-25 23:37:20,973 [main] INFO  base.BaseClass - Found Element By {by.toString()}
2024-01-25 23:37:21,519 [main] INFO  base.BaseClass - Trying to find Element By {by.toString()})
2024-01-25 23:37:21,540 [main] INFO  base.BaseClass - Found Element By {by.toString()}
2024-01-25 23:37:22,069 [main] INFO  base.BaseClass - Trying to find Element By {by.toString()})
2024-01-25 23:37:22,091 [main] INFO  base.BaseClass - Found Element By {by.toString()}
2024-01-25 23:37:22,624 [main] INFO  base.BaseClass - Trying to find Element By {by.toString()})
2024-01-25 23:37:22,648 [main] INFO  base.BaseClass - Found Element By {by.toString()}
2024-01-25 23:37:23,180 [main] INFO  base.BaseClass - Trying to find Element By {by.toString()})
2024-01-25 23:37:23,204 [main] INFO  base.BaseClass - Found Element By {by.toString()}
2024-01-25 23:37:23,751 [main] INFO  base.BaseClass - Trying to find Element By {by.toString()})
2024-01-25 23:37:23,774 [main] INFO  base.BaseClass - Found Element By {by.toString()}
2024-01-25 23:37:24,307 [main] INFO  base.BaseClass - Trying to find Element By {by.toString()})
2024-01-25 23:37:24,329 [main] INFO  base.BaseClass - Found Element By {by.toString()}
2024-01-25 23:37:24,862 [main] INFO  base.BaseClass - Trying to find Element By {by.toString()})
2024-01-25 23:37:24,885 [main] INFO  base.BaseClass - Found Element By {by.toString()}
2024-01-25 23:37:25,417 [main] INFO  base.BaseClass - Trying to find Element By {by.toString()})
2024-01-25 23:37:25,441 [main] INFO  base.BaseClass - Found Element By {by.toString()}
2024-01-25 23:37:25,967 [main] INFO  base.BaseClass - Trying to find Element By {by.toString()})
2024-01-25 23:37:25,990 [main] INFO  base.BaseClass - Found Element By {by.toString()}
2024-01-25 23:37:26,522 [main] INFO  base.BaseClass - Trying to find Element By {by.toString()})
2024-01-25 23:37:26,543 [main] INFO  base.BaseClass - Found Element By {by.toString()}
2024-01-25 23:37:27,073 [main] INFO  base.BaseClass - Trying to find Element By {by.toString()})
2024-01-25 23:37:27,096 [main] INFO  base.BaseClass - Found Element By {by.toString()}
2024-01-25 23:37:27,629 [main] INFO  base.BaseClass - Trying to find Element By {by.toString()})
2024-01-25 23:37:27,652 [main] INFO  base.BaseClass - Found Element By {by.toString()}
2024-01-25 23:37:28,184 [main] INFO  base.BaseClass - Trying to find Element By {by.toString()})
2024-01-25 23:37:28,208 [main] INFO  base.BaseClass - Found Element By {by.toString()}
2024-01-25 23:37:28,743 [main] INFO  base.BaseClass - Trying to find Element By {by.toString()})
2024-01-25 23:37:28,766 [main] INFO  base.BaseClass - Found Element By {by.toString()}
2024-01-25 23:37:29,309 [main] INFO  base.BaseClass - Trying to find Element By {by.toString()})
2024-01-25 23:37:29,331 [main] INFO  base.BaseClass - Found Element By {by.toString()}
2024-01-25 23:37:29,872 [main] INFO  base.BaseClass - Trying to find Element By {by.toString()})
2024-01-25 23:37:29,894 [main] INFO  base.BaseClass - Found Element By {by.toString()}
2024-01-25 23:37:30,426 [main] INFO  base.BaseClass - Trying to find Element By {by.toString()})
2024-01-25 23:37:30,448 [main] INFO  base.BaseClass - Found Element By {by.toString()}
2024-01-25 23:37:30,978 [main] INFO  base.BaseClass - Trying to find Element By {by.toString()})
2024-01-25 23:37:31,001 [main] INFO  base.BaseClass - Found Element By {by.toString()}
2024-01-25 23:37:31,532 [main] INFO  base.BaseClass - Trying to find Element By {by.toString()})
2024-01-25 23:37:31,555 [main] INFO  base.BaseClass - Found Element By {by.toString()}
2024-01-25 23:37:32,089 [main] INFO  base.BaseClass - Trying to find Element By {by.toString()})
2024-01-25 23:37:32,111 [main] INFO  base.BaseClass - Found Element By {by.toString()}
TimeoutException occurred: Expected condition failed: waiting for helper.WaitUtility$5@3d347917 (tried for 30 second(s) with 500 milliseconds interval)
Build info: version: '3.141.59', revision: 'e82be7d358', time: '2018-11-14T08:17:03'
System info: host: 'DPLAP166', ip: '137.237.3.67', os.name: 'Windows 10', os.arch: 'amd64', os.version: '10.0', java.version: '19.0.1'
Driver info: org.openqa.selenium.support.events.EventFiringWebDriver
Capabilities {acceptInsecureCerts: true, browserName: chrome, browserVersion: 121.0.6167.86, chrome: {chromedriverVersion: 121.0.6167.85 (3f98d690ad7e..., userDataDir: C:\Users\dP-PL\AppData\Loca...}, fedcm:accounts: true, goog:chromeOptions: {debuggerAddress: localhost:56199}, javascriptEnabled: true, networkConnectionEnabled: false, pageLoadStrategy: normal, platform: WINDOWS, platformName: WINDOWS, proxy: Proxy(), setWindowRect: true, strictFileInteractability: false, timeouts: {implicit: 0, pageLoad: 300000, script: 30000}, unhandledPromptBehavior: dismiss and notify, webauthn:extension:credBlob: true, webauthn:extension:largeBlob: true, webauthn:extension:minPinLength: true, webauthn:extension:prf: true, webauthn:virtualAuthenticators: true}
Session ID: 0e78ab16adbe8e38d568135e1bd2396c
2024-01-25 23:37:32,140 [main] ERROR XGLT_15177_Test - Element did not become visible within the specified time: Expected condition failed: waiting for helper.WaitUtility$5@3d347917 (tried for 30 second(s) with 500 milliseconds interval)
Build info: version: '3.141.59', revision: 'e82be7d358', time: '2018-11-14T08:17:03'
System info: host: 'DPLAP166', ip: '137.237.3.67', os.name: 'Windows 10', os.arch: 'amd64', os.version: '10.0', java.version: '19.0.1'
Driver info: org.openqa.selenium.support.events.EventFiringWebDriver
Capabilities {acceptInsecureCerts: true, browserName: chrome, browserVersion: 121.0.6167.86, chrome: {chromedriverVersion: 121.0.6167.85 (3f98d690ad7e..., userDataDir: C:\Users\dP-PL\AppData\Loca...}, fedcm:accounts: true, goog:chromeOptions: {debuggerAddress: localhost:56199}, javascriptEnabled: true, networkConnectionEnabled: false, pageLoadStrategy: normal, platform: WINDOWS, platformName: WINDOWS, proxy: Proxy(), setWindowRect: true, strictFileInteractability: false, timeouts: {implicit: 0, pageLoad: 300000, script: 30000}, unhandledPromptBehavior: dismiss and notify, webauthn:extension:credBlob: true, webauthn:extension:largeBlob: true, webauthn:extension:minPinLength: true, webauthn:extension:prf: true, webauthn:virtualAuthenticators: true}
Session ID: 0e78ab16adbe8e38d568135e1bd2396c
2024-01-25 23:37:32,142 [main] INFO  base.BaseClass - Trying to find Element By {by.toString()})
2024-01-25 23:37:32,161 [main] INFO  base.BaseClass - Found Element By {by.toString()}
2024-01-25 23:37:32,161 [main] INFO  base.BaseClass - Trying to click on: {element.toString()}
2024-01-25 23:37:32,258 [main] INFO  base.BaseClass - Clicked on: {element.toString()}
2024-01-25 23:37:32,258 [main] INFO  base.BaseClass - Trying to find Element By {by.toString()})
2024-01-25 23:37:32,280 [main] INFO  base.BaseClass - Found Element By {by.toString()}
TimeoutException occurred: Expected condition failed: waiting for helper.WaitUtility$5@6b89f546 (tried for 30 second(s) with 500 milliseconds interval)
Build info: version: '3.141.59', revision: 'e82be7d358', time: '2018-11-14T08:17:03'
System info: host: 'DPLAP166', ip: '137.237.3.67', os.name: 'Windows 10', os.arch: 'amd64', os.version: '10.0', java.version: '19.0.1'
Driver info: org.openqa.selenium.support.events.EventFiringWebDriver
Capabilities {acceptInsecureCerts: true, browserName: chrome, browserVersion: 121.0.6167.86, chrome: {chromedriverVersion: 121.0.6167.85 (3f98d690ad7e..., userDataDir: C:\Users\dP-PL\AppData\Loca...}, fedcm:accounts: true, goog:chromeOptions: {debuggerAddress: localhost:56199}, javascriptEnabled: true, networkConnectionEnabled: false, pageLoadStrategy: normal, platform: WINDOWS, platformName: WINDOWS, proxy: Proxy(), setWindowRect: true, strictFileInteractability: false, timeouts: {implicit: 0, pageLoad: 300000, script: 30000}, unhandledPromptBehavior: dismiss and notify, webauthn:extension:credBlob: true, webauthn:extension:largeBlob: true, webauthn:extension:minPinLength: true, webauthn:extension:prf: true, webauthn:virtualAuthenticators: true}
Session ID: 0e78ab16adbe8e38d568135e1bd2396c
2024-01-25 23:38:02,593 [main] ERROR XGLT_15177_Test - Element did not become visible within the specified time: Expected condition failed: waiting for helper.WaitUtility$5@6b89f546 (tried for 30 second(s) with 500 milliseconds interval)
Build info: version: '3.141.59', revision: 'e82be7d358', time: '2018-11-14T08:17:03'
System info: host: 'DPLAP166', ip: '137.237.3.67', os.name: 'Windows 10', os.arch: 'amd64', os.version: '10.0', java.version: '19.0.1'
Driver info: org.openqa.selenium.support.events.EventFiringWebDriver
Capabilities {acceptInsecureCerts: true, browserName: chrome, browserVersion: 121.0.6167.86, chrome: {chromedriverVersion: 121.0.6167.85 (3f98d690ad7e..., userDataDir: C:\Users\dP-PL\AppData\Loca...}, fedcm:accounts: true, goog:chromeOptions: {debuggerAddress: localhost:56199}, javascriptEnabled: true, networkConnectionEnabled: false, pageLoadStrategy: normal, platform: WINDOWS, platformName: WINDOWS, proxy: Proxy(), setWindowRect: true, strictFileInteractability: false, timeouts: {implicit: 0, pageLoad: 300000, script: 30000}, unhandledPromptBehavior: dismiss and notify, webauthn:extension:credBlob: true, webauthn:extension:largeBlob: true, webauthn:extension:minPinLength: true, webauthn:extension:prf: true, webauthn:virtualAuthenticators: true}
Session ID: 0e78ab16adbe8e38d568135e1bd2396c
2024-01-25 23:38:02,593 [main] INFO  base.BaseClass - Trying to click on: {element.toString()}
2024-01-25 23:38:02,678 [main] INFO  base.BaseClass - Clicked on: {element.toString()}
2024-01-25 23:38:02,678 [main] INFO  base.BaseClass - Trying to find Element By {by.toString()})
2024-01-25 23:38:02,704 [main] INFO  base.BaseClass - Found Element By {by.toString()}
2024-01-25 23:38:03,225 [main] INFO  base.BaseClass - Trying to find Element By {by.toString()})
2024-01-25 23:38:03,248 [main] INFO  base.BaseClass - Found Element By {by.toString()}
2024-01-25 23:38:03,775 [main] INFO  base.BaseClass - Trying to find Element By {by.toString()})
2024-01-25 23:38:03,797 [main] INFO  base.BaseClass - Found Element By {by.toString()}
2024-01-25 23:38:04,328 [main] INFO  base.BaseClass - Trying to find Element By {by.toString()})
2024-01-25 23:38:04,363 [main] INFO  base.BaseClass - Found Element By {by.toString()}
2024-01-25 23:38:04,880 [main] INFO  base.BaseClass - Trying to find Element By {by.toString()})
2024-01-25 23:38:04,899 [main] INFO  base.BaseClass - Found Element By {by.toString()}
2024-01-25 23:38:05,421 [main] INFO  base.BaseClass - Trying to find Element By {by.toString()})
2024-01-25 23:38:05,441 [main] INFO  base.BaseClass - Found Element By {by.toString()}
2024-01-25 23:38:05,968 [main] INFO  base.BaseClass - Trying to find Element By {by.toString()})
2024-01-25 23:38:05,991 [main] INFO  base.BaseClass - Found Element By {by.toString()}
2024-01-25 23:38:06,521 [main] INFO  base.BaseClass - Trying to find Element By {by.toString()})
2024-01-25 23:38:06,542 [main] INFO  base.BaseClass - Found Element By {by.toString()}
2024-01-25 23:38:07,072 [main] INFO  base.BaseClass - Trying to find Element By {by.toString()})
2024-01-25 23:38:07,095 [main] INFO  base.BaseClass - Found Element By {by.toString()}
2024-01-25 23:38:07,641 [main] INFO  base.BaseClass - Trying to find Element By {by.toString()})
2024-01-25 23:38:07,664 [main] INFO  base.BaseClass - Found Element By {by.toString()}
2024-01-25 23:38:08,209 [main] INFO  base.BaseClass - Trying to find Element By {by.toString()})
2024-01-25 23:38:08,231 [main] INFO  base.BaseClass - Found Element By {by.toString()}
2024-01-25 23:38:08,763 [main] INFO  base.BaseClass - Trying to find Element By {by.toString()})
2024-01-25 23:38:08,786 [main] INFO  base.BaseClass - Found Element By {by.toString()}
2024-01-25 23:38:09,317 [main] INFO  base.BaseClass - Trying to find Element By {by.toString()})
2024-01-25 23:38:09,340 [main] INFO  base.BaseClass - Found Element By {by.toString()}
2024-01-25 23:38:09,870 [main] INFO  base.BaseClass - Trying to find Element By {by.toString()})
2024-01-25 23:38:09,893 [main] INFO  base.BaseClass - Found Element By {by.toString()}
2024-01-25 23:38:10,427 [main] INFO  base.BaseClass - Trying to find Element By {by.toString()})
2024-01-25 23:38:10,450 [main] INFO  base.BaseClass - Found Element By {by.toString()}
2024-01-25 23:38:10,992 [main] INFO  base.BaseClass - Trying to find Element By {by.toString()})
2024-01-25 23:38:11,012 [main] INFO  base.BaseClass - Found Element By {by.toString()}
2024-01-25 23:38:11,558 [main] INFO  base.BaseClass - Trying to find Element By {by.toString()})
2024-01-25 23:38:11,580 [main] INFO  base.BaseClass - Found Element By {by.toString()}
2024-01-25 23:38:12,112 [main] INFO  base.BaseClass - Trying to find Element By {by.toString()})
2024-01-25 23:38:12,139 [main] INFO  base.BaseClass - Found Element By {by.toString()}
2024-01-25 23:38:12,666 [main] INFO  base.BaseClass - Trying to find Element By {by.toString()})
2024-01-25 23:38:12,680 [main] INFO  base.BaseClass - Found Element By {by.toString()}
2024-01-25 23:38:13,205 [main] INFO  base.BaseClass - Trying to find Element By {by.toString()})
2024-01-25 23:38:13,223 [main] INFO  base.BaseClass - Found Element By {by.toString()}
2024-01-25 23:38:13,760 [main] INFO  base.BaseClass - Trying to find Element By {by.toString()})
2024-01-25 23:38:13,775 [main] INFO  base.BaseClass - Found Element By {by.toString()}
2024-01-25 23:38:14,317 [main] INFO  base.BaseClass - Trying to find Element By {by.toString()})
2024-01-25 23:38:14,334 [main] INFO  base.BaseClass - Found Element By {by.toString()}
2024-01-25 23:38:14,867 [main] INFO  base.BaseClass - Trying to find Element By {by.toString()})
2024-01-25 23:38:14,885 [main] INFO  base.BaseClass - Found Element By {by.toString()}
2024-01-25 23:38:15,409 [main] INFO  base.BaseClass - Trying to find Element By {by.toString()})
2024-01-25 23:38:15,425 [main] INFO  base.BaseClass - Found Element By {by.toString()}
2024-01-25 23:38:15,953 [main] INFO  base.BaseClass - Trying to find Element By {by.toString()})
2024-01-25 23:38:15,973 [main] INFO  base.BaseClass - Found Element By {by.toString()}
2024-01-25 23:38:16,501 [main] INFO  base.BaseClass - Trying to find Element By {by.toString()})
2024-01-25 23:38:16,521 [main] INFO  base.BaseClass - Found Element By {by.toString()}
2024-01-25 23:38:17,049 [main] INFO  base.BaseClass - Trying to find Element By {by.toString()})
2024-01-25 23:38:17,070 [main] INFO  base.BaseClass - Found Element By {by.toString()}
2024-01-25 23:38:17,601 [main] INFO  base.BaseClass - Trying to find Element By {by.toString()})
2024-01-25 23:38:17,622 [main] INFO  base.BaseClass - Found Element By {by.toString()}
2024-01-25 23:38:18,149 [main] INFO  base.BaseClass - Trying to find Element By {by.toString()})
2024-01-25 23:38:18,170 [main] INFO  base.BaseClass - Found Element By {by.toString()}
2024-01-25 23:38:18,701 [main] INFO  base.BaseClass - Trying to find Element By {by.toString()})
2024-01-25 23:38:18,723 [main] INFO  base.BaseClass - Found Element By {by.toString()}
2024-01-25 23:38:19,253 [main] INFO  base.BaseClass - Trying to find Element By {by.toString()})
2024-01-25 23:38:19,275 [main] INFO  base.BaseClass - Found Element By {by.toString()}
2024-01-25 23:38:19,807 [main] INFO  base.BaseClass - Trying to find Element By {by.toString()})
2024-01-25 23:38:19,830 [main] INFO  base.BaseClass - Found Element By {by.toString()}
2024-01-25 23:38:20,366 [main] INFO  base.BaseClass - Trying to find Element By {by.toString()})
2024-01-25 23:38:20,389 [main] INFO  base.BaseClass - Found Element By {by.toString()}
2024-01-25 23:38:20,921 [main] INFO  base.BaseClass - Trying to find Element By {by.toString()})
2024-01-25 23:38:20,943 [main] INFO  base.BaseClass - Found Element By {by.toString()}
2024-01-25 23:38:21,488 [main] INFO  base.BaseClass - Trying to find Element By {by.toString()})
2024-01-25 23:38:21,510 [main] INFO  base.BaseClass - Found Element By {by.toString()}
2024-01-25 23:38:22,029 [main] INFO  base.BaseClass - Trying to find Element By {by.toString()})
2024-01-25 23:38:22,052 [main] INFO  base.BaseClass - Found Element By {by.toString()}
2024-01-25 23:38:22,583 [main] INFO  base.BaseClass - Trying to find Element By {by.toString()})
2024-01-25 23:38:22,604 [main] INFO  base.BaseClass - Found Element By {by.toString()}
2024-01-25 23:38:23,137 [main] INFO  base.BaseClass - Trying to find Element By {by.toString()})
2024-01-25 23:38:23,165 [main] INFO  base.BaseClass - Found Element By {by.toString()}
2024-01-25 23:38:23,699 [main] INFO  base.BaseClass - Trying to find Element By {by.toString()})
2024-01-25 23:38:23,723 [main] INFO  base.BaseClass - Found Element By {by.toString()}
2024-01-25 23:38:24,255 [main] INFO  base.BaseClass - Trying to find Element By {by.toString()})
2024-01-25 23:38:24,276 [main] INFO  base.BaseClass - Found Element By {by.toString()}
2024-01-25 23:38:24,797 [main] INFO  base.BaseClass - Trying to find Element By {by.toString()})
2024-01-25 23:38:24,820 [main] INFO  base.BaseClass - Found Element By {by.toString()}
2024-01-25 23:38:25,357 [main] INFO  base.BaseClass - Trying to find Element By {by.toString()})
2024-01-25 23:38:25,380 [main] INFO  base.BaseClass - Found Element By {by.toString()}
2024-01-25 23:38:25,912 [main] INFO  base.BaseClass - Trying to find Element By {by.toString()})
2024-01-25 23:38:25,934 [main] INFO  base.BaseClass - Found Element By {by.toString()}
2024-01-25 23:38:26,466 [main] INFO  base.BaseClass - Trying to find Element By {by.toString()})
2024-01-25 23:38:26,489 [main] INFO  base.BaseClass - Found Element By {by.toString()}
2024-01-25 23:38:27,021 [main] INFO  base.BaseClass - Trying to find Element By {by.toString()})
2024-01-25 23:38:27,043 [main] INFO  base.BaseClass - Found Element By {by.toString()}
2024-01-25 23:38:27,589 [main] INFO  base.BaseClass - Trying to find Element By {by.toString()})
2024-01-25 23:38:27,610 [main] INFO  base.BaseClass - Found Element By {by.toString()}
2024-01-25 23:38:28,151 [main] INFO  base.BaseClass - Trying to find Element By {by.toString()})
2024-01-25 23:38:28,173 [main] INFO  base.BaseClass - Found Element By {by.toString()}
2024-01-25 23:38:28,692 [main] INFO  base.BaseClass - Trying to find Element By {by.toString()})
2024-01-25 23:38:28,715 [main] INFO  base.BaseClass - Found Element By {by.toString()}
2024-01-25 23:38:29,253 [main] INFO  base.BaseClass - Trying to find Element By {by.toString()})
2024-01-25 23:38:29,277 [main] INFO  base.BaseClass - Found Element By {by.toString()}
2024-01-25 23:38:29,811 [main] INFO  base.BaseClass - Trying to find Element By {by.toString()})
2024-01-25 23:38:29,833 [main] INFO  base.BaseClass - Found Element By {by.toString()}
2024-01-25 23:38:30,361 [main] INFO  base.BaseClass - Trying to find Element By {by.toString()})
2024-01-25 23:38:30,385 [main] INFO  base.BaseClass - Found Element By {by.toString()}
2024-01-25 23:38:30,919 [main] INFO  base.BaseClass - Trying to find Element By {by.toString()})
2024-01-25 23:38:30,943 [main] INFO  base.BaseClass - Found Element By {by.toString()}
2024-01-25 23:38:31,474 [main] INFO  base.BaseClass - Trying to find Element By {by.toString()})
2024-01-25 23:38:31,497 [main] INFO  base.BaseClass - Found Element By {by.toString()}
2024-01-25 23:38:32,029 [main] INFO  base.BaseClass - Trying to find Element By {by.toString()})
2024-01-25 23:38:32,052 [main] INFO  base.BaseClass - Found Element By {by.toString()}
2024-01-25 23:38:32,579 [main] INFO  base.BaseClass - Trying to find Element By {by.toString()})
2024-01-25 23:38:32,603 [main] INFO  base.BaseClass - Found Element By {by.toString()}
2024-01-25 23:38:33,126 [main] INFO  base.BaseClass - Trying to find Element By {by.toString()})
2024-01-25 23:38:33,148 [main] INFO  base.BaseClass - Found Element By {by.toString()}
TimeoutException occurred: Expected condition failed: waiting for helper.WaitUtility$5@e16cb9e (tried for 30 second(s) with 500 milliseconds interval)
Build info: version: '3.141.59', revision: 'e82be7d358', time: '2018-11-14T08:17:03'
System info: host: 'DPLAP166', ip: '137.237.3.67', os.name: 'Windows 10', os.arch: 'amd64', os.version: '10.0', java.version: '19.0.1'
Driver info: org.openqa.selenium.support.events.EventFiringWebDriver
Capabilities {acceptInsecureCerts: true, browserName: chrome, browserVersion: 121.0.6167.86, chrome: {chromedriverVersion: 121.0.6167.85 (3f98d690ad7e..., userDataDir: C:\Users\dP-PL\AppData\Loca...}, fedcm:accounts: true, goog:chromeOptions: {debuggerAddress: localhost:56199}, javascriptEnabled: true, networkConnectionEnabled: false, pageLoadStrategy: normal, platform: WINDOWS, platformName: WINDOWS, proxy: Proxy(), setWindowRect: true, strictFileInteractability: false, timeouts: {implicit: 0, pageLoad: 300000, script: 30000}, unhandledPromptBehavior: dismiss and notify, webauthn:extension:credBlob: true, webauthn:extension:largeBlob: true, webauthn:extension:minPinLength: true, webauthn:extension:prf: true, webauthn:virtualAuthenticators: true}
Session ID: 0e78ab16adbe8e38d568135e1bd2396c
2024-01-25 23:38:33,179 [main] ERROR XGLT_15177_Test - Element did not become visible within the specified time: Expected condition failed: waiting for helper.WaitUtility$5@e16cb9e (tried for 30 second(s) with 500 milliseconds interval)
Build info: version: '3.141.59', revision: 'e82be7d358', time: '2018-11-14T08:17:03'
System info: host: 'DPLAP166', ip: '137.237.3.67', os.name: 'Windows 10', os.arch: 'amd64', os.version: '10.0', java.version: '19.0.1'
Driver info: org.openqa.selenium.support.events.EventFiringWebDriver
Capabilities {acceptInsecureCerts: true, browserName: chrome, browserVersion: 121.0.6167.86, chrome: {chromedriverVersion: 121.0.6167.85 (3f98d690ad7e..., userDataDir: C:\Users\dP-PL\AppData\Loca...}, fedcm:accounts: true, goog:chromeOptions: {debuggerAddress: localhost:56199}, javascriptEnabled: true, networkConnectionEnabled: false, pageLoadStrategy: normal, platform: WINDOWS, platformName: WINDOWS, proxy: Proxy(), setWindowRect: true, strictFileInteractability: false, timeouts: {implicit: 0, pageLoad: 300000, script: 30000}, unhandledPromptBehavior: dismiss and notify, webauthn:extension:credBlob: true, webauthn:extension:largeBlob: true, webauthn:extension:minPinLength: true, webauthn:extension:prf: true, webauthn:virtualAuthenticators: true}
Session ID: 0e78ab16adbe8e38d568135e1bd2396c
2024-01-25 23:38:33,179 [main] INFO  base.BaseClass - Trying to find Element By {by.toString()})
2024-01-25 23:38:33,200 [main] INFO  base.BaseClass - Found Element By {by.toString()}
2024-01-25 23:38:33,200 [main] INFO  base.BaseClass - Trying to click on: {element.toString()}
2024-01-25 23:38:33,295 [main] INFO  base.BaseClass - Clicked on: {element.toString()}
2024-01-25 23:38:33,295 [main] INFO  base.BaseClass - Trying to find Element By {by.toString()})
2024-01-25 23:38:33,310 [main] INFO  base.BaseClass - Found Element By {by.toString()}
TimeoutException occurred: Expected condition failed: waiting for helper.WaitUtility$5@78a1b247 (tried for 30 second(s) with 500 milliseconds interval)
Build info: version: '3.141.59', revision: 'e82be7d358', time: '2018-11-14T08:17:03'
System info: host: 'DPLAP166', ip: '137.237.3.67', os.name: 'Windows 10', os.arch: 'amd64', os.version: '10.0', java.version: '19.0.1'
Driver info: org.openqa.selenium.support.events.EventFiringWebDriver
Capabilities {acceptInsecureCerts: true, browserName: chrome, browserVersion: 121.0.6167.86, chrome: {chromedriverVersion: 121.0.6167.85 (3f98d690ad7e..., userDataDir: C:\Users\dP-PL\AppData\Loca...}, fedcm:accounts: true, goog:chromeOptions: {debuggerAddress: localhost:56199}, javascriptEnabled: true, networkConnectionEnabled: false, pageLoadStrategy: normal, platform: WINDOWS, platformName: WINDOWS, proxy: Proxy(), setWindowRect: true, strictFileInteractability: false, timeouts: {implicit: 0, pageLoad: 300000, script: 30000}, unhandledPromptBehavior: dismiss and notify, webauthn:extension:credBlob: true, webauthn:extension:largeBlob: true, webauthn:extension:minPinLength: true, webauthn:extension:prf: true, webauthn:virtualAuthenticators: true}
Session ID: 0e78ab16adbe8e38d568135e1bd2396c
2024-01-25 23:39:03,689 [main] ERROR XGLT_15177_Test - Element did not become visible within the specified time: Expected condition failed: waiting for helper.WaitUtility$5@78a1b247 (tried for 30 second(s) with 500 milliseconds interval)
Build info: version: '3.141.59', revision: 'e82be7d358', time: '2018-11-14T08:17:03'
System info: host: 'DPLAP166', ip: '137.237.3.67', os.name: 'Windows 10', os.arch: 'amd64', os.version: '10.0', java.version: '19.0.1'
Driver info: org.openqa.selenium.support.events.EventFiringWebDriver
Capabilities {acceptInsecureCerts: true, browserName: chrome, browserVersion: 121.0.6167.86, chrome: {chromedriverVersion: 121.0.6167.85 (3f98d690ad7e..., userDataDir: C:\Users\dP-PL\AppData\Loca...}, fedcm:accounts: true, goog:chromeOptions: {debuggerAddress: localhost:56199}, javascriptEnabled: true, networkConnectionEnabled: false, pageLoadStrategy: normal, platform: WINDOWS, platformName: WINDOWS, proxy: Proxy(), setWindowRect: true, strictFileInteractability: false, timeouts: {implicit: 0, pageLoad: 300000, script: 30000}, unhandledPromptBehavior: dismiss and notify, webauthn:extension:credBlob: true, webauthn:extension:largeBlob: true, webauthn:extension:minPinLength: true, webauthn:extension:prf: true, webauthn:virtualAuthenticators: true}
Session ID: 0e78ab16adbe8e38d568135e1bd2396c
2024-01-25 23:39:03,689 [main] INFO  base.BaseClass - Trying to click on: {element.toString()}
2024-01-25 23:39:03,782 [main] INFO  base.BaseClass - Clicked on: {element.toString()}
2024-01-25 23:39:03,782 [main] INFO  base.BaseClass - Trying to find Element By {by.toString()})
2024-01-25 23:39:03,802 [main] INFO  base.BaseClass - Found Element By {by.toString()}
2024-01-25 23:39:04,326 [main] INFO  base.BaseClass - Trying to find Element By {by.toString()})
2024-01-25 23:39:04,349 [main] INFO  base.BaseClass - Found Element By {by.toString()}
2024-01-25 23:39:04,881 [main] INFO  base.BaseClass - Trying to find Element By {by.toString()})
2024-01-25 23:39:04,902 [main] INFO  base.BaseClass - Found Element By {by.toString()}
2024-01-25 23:39:05,435 [main] INFO  base.BaseClass - Trying to find Element By {by.toString()})
2024-01-25 23:39:05,457 [main] INFO  base.BaseClass - Found Element By {by.toString()}
2024-01-25 23:39:05,995 [main] INFO  base.BaseClass - Trying to find Element By {by.toString()})
2024-01-25 23:39:06,017 [main] INFO  base.BaseClass - Found Element By {by.toString()}
2024-01-25 23:39:06,549 [main] INFO  base.BaseClass - Trying to find Element By {by.toString()})
2024-01-25 23:39:06,570 [main] INFO  base.BaseClass - Found Element By {by.toString()}
2024-01-25 23:39:07,098 [main] INFO  base.BaseClass - Trying to find Element By {by.toString()})
2024-01-25 23:39:07,119 [main] INFO  base.BaseClass - Found Element By {by.toString()}
2024-01-25 23:39:07,650 [main] INFO  base.BaseClass - Trying to find Element By {by.toString()})
2024-01-25 23:39:07,673 [main] INFO  base.BaseClass - Found Element By {by.toString()}
2024-01-25 23:39:08,211 [main] INFO  base.BaseClass - Trying to find Element By {by.toString()})
2024-01-25 23:39:08,233 [main] INFO  base.BaseClass - Found Element By {by.toString()}
2024-01-25 23:39:08,766 [main] INFO  base.BaseClass - Trying to find Element By {by.toString()})
2024-01-25 23:39:08,787 [main] INFO  base.BaseClass - Found Element By {by.toString()}
2024-01-25 23:39:09,319 [main] INFO  base.BaseClass - Trying to find Element By {by.toString()})
2024-01-25 23:39:09,340 [main] INFO  base.BaseClass - Found Element By {by.toString()}
2024-01-25 23:39:09,873 [main] INFO  base.BaseClass - Trying to find Element By {by.toString()})
2024-01-25 23:39:09,894 [main] INFO  base.BaseClass - Found Element By {by.toString()}
2024-01-25 23:39:10,437 [main] INFO  base.BaseClass - Trying to find Element By {by.toString()})
2024-01-25 23:39:10,460 [main] INFO  base.BaseClass - Found Element By {by.toString()}
2024-01-25 23:39:10,999 [main] INFO  base.BaseClass - Trying to find Element By {by.toString()})
2024-01-25 23:39:11,017 [main] INFO  base.BaseClass - Found Element By {by.toString()}
2024-01-25 23:39:11,543 [main] INFO  base.BaseClass - Trying to find Element By {by.toString()})
2024-01-25 23:39:11,560 [main] INFO  base.BaseClass - Found Element By {by.toString()}
2024-01-25 23:39:12,088 [main] INFO  base.BaseClass - Trying to find Element By {by.toString()})
2024-01-25 23:39:12,127 [main] INFO  base.BaseClass - Found Element By {by.toString()}
2024-01-25 23:39:12,659 [main] INFO  base.BaseClass - Trying to find Element By {by.toString()})
2024-01-25 23:39:12,681 [main] INFO  base.BaseClass - Found Element By {by.toString()}
2024-01-25 23:39:13,208 [main] INFO  base.BaseClass - Trying to find Element By {by.toString()})
2024-01-25 23:39:13,231 [main] INFO  base.BaseClass - Found Element By {by.toString()}
2024-01-25 23:39:13,775 [main] INFO  base.BaseClass - Trying to find Element By {by.toString()})
2024-01-25 23:39:13,798 [main] INFO  base.BaseClass - Found Element By {by.toString()}
2024-01-25 23:39:14,341 [main] INFO  base.BaseClass - Trying to find Element By {by.toString()})
2024-01-25 23:39:14,362 [main] INFO  base.BaseClass - Found Element By {by.toString()}
2024-01-25 23:39:14,891 [main] INFO  base.BaseClass - Trying to find Element By {by.toString()})
2024-01-25 23:39:14,913 [main] INFO  base.BaseClass - Found Element By {by.toString()}
2024-01-25 23:39:15,444 [main] INFO  base.BaseClass - Trying to find Element By {by.toString()})
2024-01-25 23:39:15,465 [main] INFO  base.BaseClass - Found Element By {by.toString()}
2024-01-25 23:39:15,996 [main] INFO  base.BaseClass - Trying to find Element By {by.toString()})
2024-01-25 23:39:16,017 [main] INFO  base.BaseClass - Found Element By {by.toString()}
2024-01-25 23:39:16,560 [main] INFO  base.BaseClass - Trying to find Element By {by.toString()})
2024-01-25 23:39:16,581 [main] INFO  base.BaseClass - Found Element By {by.toString()}
2024-01-25 23:39:17,108 [main] INFO  base.BaseClass - Trying to find Element By {by.toString()})
2024-01-25 23:39:17,129 [main] INFO  base.BaseClass - Found Element By {by.toString()}
2024-01-25 23:39:17,659 [main] INFO  base.BaseClass - Trying to find Element By {by.toString()})
2024-01-25 23:39:17,682 [main] INFO  base.BaseClass - Found Element By {by.toString()}
2024-01-25 23:39:18,216 [main] INFO  base.BaseClass - Trying to find Element By {by.toString()})
2024-01-25 23:39:18,239 [main] INFO  base.BaseClass - Found Element By {by.toString()}
2024-01-25 23:39:18,771 [main] INFO  base.BaseClass - Trying to find Element By {by.toString()})
2024-01-25 23:39:18,793 [main] INFO  base.BaseClass - Found Element By {by.toString()}
2024-01-25 23:39:19,330 [main] INFO  base.BaseClass - Trying to find Element By {by.toString()})
2024-01-25 23:39:19,353 [main] INFO  base.BaseClass - Found Element By {by.toString()}
2024-01-25 23:39:19,886 [main] INFO  base.BaseClass - Trying to find Element By {by.toString()})
2024-01-25 23:39:19,907 [main] INFO  base.BaseClass - Found Element By {by.toString()}
2024-01-25 23:39:20,436 [main] INFO  base.BaseClass - Trying to find Element By {by.toString()})
2024-01-25 23:39:20,458 [main] INFO  base.BaseClass - Found Element By {by.toString()}
2024-01-25 23:39:20,989 [main] INFO  base.BaseClass - Trying to find Element By {by.toString()})
2024-01-25 23:39:21,007 [main] INFO  base.BaseClass - Found Element By {by.toString()}
2024-01-25 23:39:21,526 [main] INFO  base.BaseClass - Trying to find Element By {by.toString()})
2024-01-25 23:39:21,547 [main] INFO  base.BaseClass - Found Element By {by.toString()}
2024-01-25 23:39:22,076 [main] INFO  base.BaseClass - Trying to find Element By {by.toString()})
2024-01-25 23:39:22,098 [main] INFO  base.BaseClass - Found Element By {by.toString()}
2024-01-25 23:39:22,628 [main] INFO  base.BaseClass - Trying to find Element By {by.toString()})
2024-01-25 23:39:22,650 [main] INFO  base.BaseClass - Found Element By {by.toString()}
2024-01-25 23:39:23,189 [main] INFO  base.BaseClass - Trying to find Element By {by.toString()})
2024-01-25 23:39:23,211 [main] INFO  base.BaseClass - Found Element By {by.toString()}
2024-01-25 23:39:23,739 [main] INFO  base.BaseClass - Trying to find Element By {by.toString()})
2024-01-25 23:39:23,761 [main] INFO  base.BaseClass - Found Element By {by.toString()}
2024-01-25 23:39:24,293 [main] INFO  base.BaseClass - Trying to find Element By {by.toString()})
2024-01-25 23:39:24,315 [main] INFO  base.BaseClass - Found Element By {by.toString()}
2024-01-25 23:39:24,847 [main] INFO  base.BaseClass - Trying to find Element By {by.toString()})
2024-01-25 23:39:24,870 [main] INFO  base.BaseClass - Found Element By {by.toString()}
2024-01-25 23:39:25,401 [main] INFO  base.BaseClass - Trying to find Element By {by.toString()})
2024-01-25 23:39:25,423 [main] INFO  base.BaseClass - Found Element By {by.toString()}
2024-01-25 23:39:25,955 [main] INFO  base.BaseClass - Trying to find Element By {by.toString()})
2024-01-25 23:39:25,975 [main] INFO  base.BaseClass - Found Element By {by.toString()}
2024-01-25 23:39:26,504 [main] INFO  base.BaseClass - Trying to find Element By {by.toString()})
2024-01-25 23:39:26,519 [main] INFO  base.BaseClass - Found Element By {by.toString()}
2024-01-25 23:39:27,042 [main] INFO  base.BaseClass - Trying to find Element By {by.toString()})
2024-01-25 23:39:27,063 [main] INFO  base.BaseClass - Found Element By {by.toString()}
2024-01-25 23:39:27,596 [main] INFO  base.BaseClass - Trying to find Element By {by.toString()})
2024-01-25 23:39:27,617 [main] INFO  base.BaseClass - Found Element By {by.toString()}
2024-01-25 23:39:28,144 [main] INFO  base.BaseClass - Trying to find Element By {by.toString()})
2024-01-25 23:39:28,166 [main] INFO  base.BaseClass - Found Element By {by.toString()}
2024-01-25 23:39:28,695 [main] INFO  base.BaseClass - Trying to find Element By {by.toString()})
2024-01-25 23:39:28,717 [main] INFO  base.BaseClass - Found Element By {by.toString()}
2024-01-25 23:39:29,252 [main] INFO  base.BaseClass - Trying to find Element By {by.toString()})
2024-01-25 23:39:29,274 [main] INFO  base.BaseClass - Found Element By {by.toString()}
2024-01-25 23:39:29,806 [main] INFO  base.BaseClass - Trying to find Element By {by.toString()})
2024-01-25 23:39:29,828 [main] INFO  base.BaseClass - Found Element By {by.toString()}
2024-01-25 23:39:30,365 [main] INFO  base.BaseClass - Trying to find Element By {by.toString()})
2024-01-25 23:39:30,387 [main] INFO  base.BaseClass - Found Element By {by.toString()}
2024-01-25 23:39:30,921 [main] INFO  base.BaseClass - Trying to find Element By {by.toString()})
2024-01-25 23:39:30,943 [main] INFO  base.BaseClass - Found Element By {by.toString()}
2024-01-25 23:39:31,477 [main] INFO  base.BaseClass - Trying to find Element By {by.toString()})
2024-01-25 23:39:31,499 [main] INFO  base.BaseClass - Found Element By {by.toString()}
2024-01-25 23:39:32,031 [main] INFO  base.BaseClass - Trying to find Element By {by.toString()})
2024-01-25 23:39:32,053 [main] INFO  base.BaseClass - Found Element By {by.toString()}
2024-01-25 23:39:32,587 [main] INFO  base.BaseClass - Trying to find Element By {by.toString()})
2024-01-25 23:39:32,609 [main] INFO  base.BaseClass - Found Element By {by.toString()}
2024-01-25 23:39:33,142 [main] INFO  base.BaseClass - Trying to find Element By {by.toString()})
2024-01-25 23:39:33,163 [main] INFO  base.BaseClass - Found Element By {by.toString()}
2024-01-25 23:39:33,696 [main] INFO  base.BaseClass - Trying to find Element By {by.toString()})
2024-01-25 23:39:33,717 [main] INFO  base.BaseClass - Found Element By {by.toString()}
2024-01-25 23:39:34,245 [main] INFO  base.BaseClass - Trying to find Element By {by.toString()})
2024-01-25 23:39:34,266 [main] INFO  base.BaseClass - Found Element By {by.toString()}
TimeoutException occurred: Expected condition failed: waiting for helper.WaitUtility$5@73121f0b (tried for 30 second(s) with 500 milliseconds interval)
Build info: version: '3.141.59', revision: 'e82be7d358', time: '2018-11-14T08:17:03'
System info: host: 'DPLAP166', ip: '137.237.3.67', os.name: 'Windows 10', os.arch: 'amd64', os.version: '10.0', java.version: '19.0.1'
Driver info: org.openqa.selenium.support.events.EventFiringWebDriver
Capabilities {acceptInsecureCerts: true, browserName: chrome, browserVersion: 121.0.6167.86, chrome: {chromedriverVersion: 121.0.6167.85 (3f98d690ad7e..., userDataDir: C:\Users\dP-PL\AppData\Loca...}, fedcm:accounts: true, goog:chromeOptions: {debuggerAddress: localhost:56199}, javascriptEnabled: true, networkConnectionEnabled: false, pageLoadStrategy: normal, platform: WINDOWS, platformName: WINDOWS, proxy: Proxy(), setWindowRect: true, strictFileInteractability: false, timeouts: {implicit: 0, pageLoad: 300000, script: 30000}, unhandledPromptBehavior: dismiss and notify, webauthn:extension:credBlob: true, webauthn:extension:largeBlob: true, webauthn:extension:minPinLength: true, webauthn:extension:prf: true, webauthn:virtualAuthenticators: true}
Session ID: 0e78ab16adbe8e38d568135e1bd2396c
2024-01-25 23:39:34,299 [main] ERROR XGLT_15177_Test - Element did not become visible within the specified time: Expected condition failed: waiting for helper.WaitUtility$5@73121f0b (tried for 30 second(s) with 500 milliseconds interval)
Build info: version: '3.141.59', revision: 'e82be7d358', time: '2018-11-14T08:17:03'
System info: host: 'DPLAP166', ip: '137.237.3.67', os.name: 'Windows 10', os.arch: 'amd64', os.version: '10.0', java.version: '19.0.1'
Driver info: org.openqa.selenium.support.events.EventFiringWebDriver
Capabilities {acceptInsecureCerts: true, browserName: chrome, browserVersion: 121.0.6167.86, chrome: {chromedriverVersion: 121.0.6167.85 (3f98d690ad7e..., userDataDir: C:\Users\dP-PL\AppData\Loca...}, fedcm:accounts: true, goog:chromeOptions: {debuggerAddress: localhost:56199}, javascriptEnabled: true, networkConnectionEnabled: false, pageLoadStrategy: normal, platform: WINDOWS, platformName: WINDOWS, proxy: Proxy(), setWindowRect: true, strictFileInteractability: false, timeouts: {implicit: 0, pageLoad: 300000, script: 30000}, unhandledPromptBehavior: dismiss and notify, webauthn:extension:credBlob: true, webauthn:extension:largeBlob: true, webauthn:extension:minPinLength: true, webauthn:extension:prf: true, webauthn:virtualAuthenticators: true}
Session ID: 0e78ab16adbe8e38d568135e1bd2396c
2024-01-25 23:39:34,299 [main] INFO  base.BaseClass - Trying to find Element By {by.toString()})
2024-01-25 23:39:34,318 [main] INFO  base.BaseClass - Found Element By {by.toString()}
2024-01-25 23:39:34,318 [main] INFO  base.BaseClass - Trying to click on: {element.toString()}
2024-01-25 23:39:34,446 [main] INFO  base.BaseClass - Clicked on: {element.toString()}
2024-01-25 23:39:35,928 [main] INFO  base.BaseClass - Trying to find Element By {by.toString()})
2024-01-25 23:39:37,178 [main] INFO  base.BaseClass - Found Element By {by.toString()}
2024-01-25 23:39:37,189 [main] INFO  base.BaseClass - Trying to find Element By {by.toString()})
2024-01-25 23:39:37,205 [main] INFO  base.BaseClass - Found Element By {by.toString()}
2024-01-25 23:39:37,734 [main] INFO  base.BaseClass - Trying to find Element By {by.toString()})
2024-01-25 23:39:37,751 [main] INFO  base.BaseClass - Found Element By {by.toString()}
2024-01-25 23:39:38,277 [main] INFO  base.BaseClass - Trying to find Element By {by.toString()})
2024-01-25 23:39:38,308 [main] INFO  base.BaseClass - Found Element By {by.toString()}
2024-01-25 23:39:38,848 [main] INFO  base.BaseClass - Trying to find Element By {by.toString()})
2024-01-25 23:39:38,865 [main] INFO  base.BaseClass - Found Element By {by.toString()}
2024-01-25 23:39:39,391 [main] INFO  base.BaseClass - Trying to find Element By {by.toString()})
2024-01-25 23:39:39,418 [main] INFO  base.BaseClass - Found Element By {by.toString()}
2024-01-25 23:39:39,958 [main] INFO  base.BaseClass - Trying to find Element By {by.toString()})
2024-01-25 23:39:39,982 [main] INFO  base.BaseClass - Found Element By {by.toString()}
2024-01-25 23:39:40,525 [main] INFO  base.BaseClass - Trying to find Element By {by.toString()})
2024-01-25 23:39:40,549 [main] INFO  base.BaseClass - Found Element By {by.toString()}
2024-01-25 23:39:41,086 [main] INFO  base.BaseClass - Trying to find Element By {by.toString()})
2024-01-25 23:39:41,109 [main] INFO  base.BaseClass - Found Element By {by.toString()}
2024-01-25 23:39:41,643 [main] INFO  base.BaseClass - Trying to find Element By {by.toString()})
2024-01-25 23:39:41,666 [main] INFO  base.BaseClass - Found Element By {by.toString()}
2024-01-25 23:39:42,195 [main] INFO  base.BaseClass - Trying to find Element By {by.toString()})
2024-01-25 23:39:42,217 [main] INFO  base.BaseClass - Found Element By {by.toString()}
2024-01-25 23:39:42,757 [main] INFO  base.BaseClass - Trying to find Element By {by.toString()})
2024-01-25 23:39:42,784 [main] INFO  base.BaseClass - Found Element By {by.toString()}
2024-01-25 23:39:43,336 [main] INFO  base.BaseClass - Trying to find Element By {by.toString()})
2024-01-25 23:39:43,364 [main] INFO  base.BaseClass - Found Element By {by.toString()}
2024-01-25 23:39:43,893 [main] INFO  base.BaseClass - Trying to find Element By {by.toString()})
2024-01-25 23:39:43,917 [main] INFO  base.BaseClass - Found Element By {by.toString()}
2024-01-25 23:39:44,454 [main] INFO  base.BaseClass - Trying to find Element By {by.toString()})
2024-01-25 23:39:44,480 [main] INFO  base.BaseClass - Found Element By {by.toString()}
2024-01-25 23:39:45,016 [main] INFO  base.BaseClass - Trying to find Element By {by.toString()})
2024-01-25 23:39:45,029 [main] INFO  base.BaseClass - Found Element By {by.toString()}
2024-01-25 23:39:45,555 [main] INFO  base.BaseClass - Trying to find Element By {by.toString()})
2024-01-25 23:39:45,579 [main] INFO  base.BaseClass - Found Element By {by.toString()}
2024-01-25 23:39:46,119 [main] INFO  base.BaseClass - Trying to find Element By {by.toString()})
2024-01-25 23:39:46,142 [main] INFO  base.BaseClass - Found Element By {by.toString()}
2024-01-25 23:39:46,675 [main] INFO  base.BaseClass - Trying to find Element By {by.toString()})
2024-01-25 23:39:46,698 [main] INFO  base.BaseClass - Found Element By {by.toString()}
2024-01-25 23:39:47,229 [main] INFO  base.BaseClass - Trying to find Element By {by.toString()})
2024-01-25 23:39:47,247 [main] INFO  base.BaseClass - Found Element By {by.toString()}
2024-01-25 23:39:47,784 [main] INFO  base.BaseClass - Trying to find Element By {by.toString()})
2024-01-25 23:39:47,807 [main] INFO  base.BaseClass - Found Element By {by.toString()}
2024-01-25 23:39:48,325 [main] INFO  base.BaseClass - Trying to find Element By {by.toString()})
2024-01-25 23:39:48,347 [main] INFO  base.BaseClass - Found Element By {by.toString()}
2024-01-25 23:39:48,880 [main] INFO  base.BaseClass - Trying to find Element By {by.toString()})
2024-01-25 23:39:48,902 [main] INFO  base.BaseClass - Found Element By {by.toString()}
2024-01-25 23:39:49,436 [main] INFO  base.BaseClass - Trying to find Element By {by.toString()})
2024-01-25 23:39:49,458 [main] INFO  base.BaseClass - Found Element By {by.toString()}
2024-01-25 23:39:49,997 [main] INFO  base.BaseClass - Trying to find Element By {by.toString()})
2024-01-25 23:39:50,019 [main] INFO  base.BaseClass - Found Element By {by.toString()}
2024-01-25 23:39:50,548 [main] INFO  base.BaseClass - Trying to find Element By {by.toString()})
2024-01-25 23:39:50,571 [main] INFO  base.BaseClass - Found Element By {by.toString()}
2024-01-25 23:39:51,105 [main] INFO  base.BaseClass - Trying to find Element By {by.toString()})
2024-01-25 23:39:51,124 [main] INFO  base.BaseClass - Found Element By {by.toString()}
2024-01-25 23:39:51,649 [main] INFO  base.BaseClass - Trying to find Element By {by.toString()})
2024-01-25 23:39:51,671 [main] INFO  base.BaseClass - Found Element By {by.toString()}
2024-01-25 23:39:52,217 [main] INFO  base.BaseClass - Trying to find Element By {by.toString()})
2024-01-25 23:39:52,241 [main] INFO  base.BaseClass - Found Element By {by.toString()}
2024-01-25 23:39:52,783 [main] INFO  base.BaseClass - Trying to find Element By {by.toString()})
2024-01-25 23:39:52,808 [main] INFO  base.BaseClass - Found Element By {by.toString()}
2024-01-25 23:39:53,339 [main] INFO  base.BaseClass - Trying to find Element By {by.toString()})
2024-01-25 23:39:53,361 [main] INFO  base.BaseClass - Found Element By {by.toString()}
2024-01-25 23:39:53,893 [main] INFO  base.BaseClass - Trying to find Element By {by.toString()})
2024-01-25 23:39:53,916 [main] INFO  base.BaseClass - Found Element By {by.toString()}
2024-01-25 23:39:54,436 [main] INFO  base.BaseClass - Trying to find Element By {by.toString()})
2024-01-25 23:39:54,457 [main] INFO  base.BaseClass - Found Element By {by.toString()}
2024-01-25 23:39:54,989 [main] INFO  base.BaseClass - Trying to find Element By {by.toString()})
2024-01-25 23:39:55,011 [main] INFO  base.BaseClass - Found Element By {by.toString()}
2024-01-25 23:39:55,544 [main] INFO  base.BaseClass - Trying to find Element By {by.toString()})
2024-01-25 23:39:55,566 [main] INFO  base.BaseClass - Found Element By {by.toString()}
2024-01-25 23:39:56,094 [main] INFO  base.BaseClass - Trying to find Element By {by.toString()})
2024-01-25 23:39:56,114 [main] INFO  base.BaseClass - Found Element By {by.toString()}
2024-01-25 23:39:56,646 [main] INFO  base.BaseClass - Trying to find Element By {by.toString()})
2024-01-25 23:39:56,667 [main] INFO  base.BaseClass - Found Element By {by.toString()}
2024-01-25 23:39:57,198 [main] INFO  base.BaseClass - Trying to find Element By {by.toString()})
2024-01-25 23:39:57,220 [main] INFO  base.BaseClass - Found Element By {by.toString()}
2024-01-25 23:39:57,749 [main] INFO  base.BaseClass - Trying to find Element By {by.toString()})
2024-01-25 23:39:57,771 [main] INFO  base.BaseClass - Found Element By {by.toString()}
2024-01-25 23:39:58,304 [main] INFO  base.BaseClass - Trying to find Element By {by.toString()})
2024-01-25 23:39:58,325 [main] INFO  base.BaseClass - Found Element By {by.toString()}
2024-01-25 23:39:58,861 [main] INFO  base.BaseClass - Trying to find Element By {by.toString()})
2024-01-25 23:39:58,884 [main] INFO  base.BaseClass - Found Element By {by.toString()}
2024-01-25 23:39:59,416 [main] INFO  base.BaseClass - Trying to find Element By {by.toString()})
2024-01-25 23:39:59,438 [main] INFO  base.BaseClass - Found Element By {by.toString()}
2024-01-25 23:39:59,956 [main] INFO  base.BaseClass - Trying to find Element By {by.toString()})
2024-01-25 23:39:59,978 [main] INFO  base.BaseClass - Found Element By {by.toString()}
2024-01-25 23:40:00,507 [main] INFO  base.BaseClass - Trying to find Element By {by.toString()})
2024-01-25 23:40:00,530 [main] INFO  base.BaseClass - Found Element By {by.toString()}
2024-01-25 23:40:01,066 [main] INFO  base.BaseClass - Trying to find Element By {by.toString()})
2024-01-25 23:40:01,095 [main] INFO  base.BaseClass - Found Element By {by.toString()}
2024-01-25 23:40:01,630 [main] INFO  base.BaseClass - Trying to find Element By {by.toString()})
2024-01-25 23:40:01,652 [main] INFO  base.BaseClass - Found Element By {by.toString()}
2024-01-25 23:40:02,182 [main] INFO  base.BaseClass - Trying to find Element By {by.toString()})
2024-01-25 23:40:02,203 [main] INFO  base.BaseClass - Found Element By {by.toString()}
2024-01-25 23:40:02,746 [main] INFO  base.BaseClass - Trying to find Element By {by.toString()})
2024-01-25 23:40:02,767 [main] INFO  base.BaseClass - Found Element By {by.toString()}
2024-01-25 23:40:03,297 [main] INFO  base.BaseClass - Trying to find Element By {by.toString()})
2024-01-25 23:40:03,318 [main] INFO  base.BaseClass - Found Element By {by.toString()}
2024-01-25 23:40:03,850 [main] INFO  base.BaseClass - Trying to find Element By {by.toString()})
2024-01-25 23:40:03,872 [main] INFO  base.BaseClass - Found Element By {by.toString()}
2024-01-25 23:40:04,405 [main] INFO  base.BaseClass - Trying to find Element By {by.toString()})
2024-01-25 23:40:04,421 [main] INFO  base.BaseClass - Found Element By {by.toString()}
2024-01-25 23:40:04,951 [main] INFO  base.BaseClass - Trying to find Element By {by.toString()})
2024-01-25 23:40:04,971 [main] INFO  base.BaseClass - Found Element By {by.toString()}
2024-01-25 23:40:05,501 [main] INFO  base.BaseClass - Trying to find Element By {by.toString()})
2024-01-25 23:40:05,525 [main] INFO  base.BaseClass - Found Element By {by.toString()}
2024-01-25 23:40:06,058 [main] INFO  base.BaseClass - Trying to find Element By {by.toString()})
2024-01-25 23:40:06,080 [main] INFO  base.BaseClass - Found Element By {by.toString()}
2024-01-25 23:40:06,613 [main] INFO  base.BaseClass - Trying to find Element By {by.toString()})
2024-01-25 23:40:06,636 [main] INFO  base.BaseClass - Found Element By {by.toString()}
2024-01-25 23:40:07,169 [main] INFO  base.BaseClass - Trying to find Element By {by.toString()})
2024-01-25 23:40:07,190 [main] INFO  base.BaseClass - Found Element By {by.toString()}
TimeoutException occurred: Expected condition failed: waiting for helper.WaitUtility$5@5f5dee14 (tried for 30 second(s) with 500 milliseconds interval)
Build info: version: '3.141.59', revision: 'e82be7d358', time: '2018-11-14T08:17:03'
System info: host: 'DPLAP166', ip: '137.237.3.67', os.name: 'Windows 10', os.arch: 'amd64', os.version: '10.0', java.version: '19.0.1'
Driver info: org.openqa.selenium.support.events.EventFiringWebDriver
Capabilities {acceptInsecureCerts: true, browserName: chrome, browserVersion: 121.0.6167.86, chrome: {chromedriverVersion: 121.0.6167.85 (3f98d690ad7e..., userDataDir: C:\Users\dP-PL\AppData\Loca...}, fedcm:accounts: true, goog:chromeOptions: {debuggerAddress: localhost:56199}, javascriptEnabled: true, networkConnectionEnabled: false, pageLoadStrategy: normal, platform: WINDOWS, platformName: WINDOWS, proxy: Proxy(), setWindowRect: true, strictFileInteractability: false, timeouts: {implicit: 0, pageLoad: 300000, script: 30000}, unhandledPromptBehavior: dismiss and notify, webauthn:extension:credBlob: true, webauthn:extension:largeBlob: true, webauthn:extension:minPinLength: true, webauthn:extension:prf: true, webauthn:virtualAuthenticators: true}
Session ID: 0e78ab16adbe8e38d568135e1bd2396c
2024-01-25 23:40:07,217 [main] ERROR XGLT_15177_Test - Element did not become visible within the specified time: Expected condition failed: waiting for helper.WaitUtility$5@5f5dee14 (tried for 30 second(s) with 500 milliseconds interval)
Build info: version: '3.141.59', revision: 'e82be7d358', time: '2018-11-14T08:17:03'
System info: host: 'DPLAP166', ip: '137.237.3.67', os.name: 'Windows 10', os.arch: 'amd64', os.version: '10.0', java.version: '19.0.1'
Driver info: org.openqa.selenium.support.events.EventFiringWebDriver
Capabilities {acceptInsecureCerts: true, browserName: chrome, browserVersion: 121.0.6167.86, chrome: {chromedriverVersion: 121.0.6167.85 (3f98d690ad7e..., userDataDir: C:\Users\dP-PL\AppData\Loca...}, fedcm:accounts: true, goog:chromeOptions: {debuggerAddress: localhost:56199}, javascriptEnabled: true, networkConnectionEnabled: false, pageLoadStrategy: normal, platform: WINDOWS, platformName: WINDOWS, proxy: Proxy(), setWindowRect: true, strictFileInteractability: false, timeouts: {implicit: 0, pageLoad: 300000, script: 30000}, unhandledPromptBehavior: dismiss and notify, webauthn:extension:credBlob: true, webauthn:extension:largeBlob: true, webauthn:extension:minPinLength: true, webauthn:extension:prf: true, webauthn:virtualAuthenticators: true}
Session ID: 0e78ab16adbe8e38d568135e1bd2396c
2024-01-25 23:40:07,217 [main] INFO  base.BaseClass - Trying to find Element By {by.toString()})
2024-01-25 23:40:07,233 [main] INFO  base.BaseClass - Found Element By {by.toString()}
MC value is 45
2024-01-25 23:40:07,251 [main] INFO  base.BaseClass - Trying to find Element By {by.toString()})
2024-01-25 23:40:07,274 [main] INFO  base.BaseClass - Found Element By {by.toString()}
2024-01-25 23:40:07,801 [main] INFO  base.BaseClass - Trying to find Element By {by.toString()})
2024-01-25 23:40:07,826 [main] INFO  base.BaseClass - Found Element By {by.toString()}
2024-01-25 23:40:08,353 [main] INFO  base.BaseClass - Trying to find Element By {by.toString()})
2024-01-25 23:40:08,376 [main] INFO  base.BaseClass - Found Element By {by.toString()}
2024-01-25 23:40:08,908 [main] INFO  base.BaseClass - Trying to find Element By {by.toString()})
2024-01-25 23:40:08,931 [main] INFO  base.BaseClass - Found Element By {by.toString()}
2024-01-25 23:40:09,462 [main] INFO  base.BaseClass - Trying to find Element By {by.toString()})
2024-01-25 23:40:09,484 [main] INFO  base.BaseClass - Found Element By {by.toString()}
2024-01-25 23:40:10,020 [main] INFO  base.BaseClass - Trying to find Element By {by.toString()})
2024-01-25 23:40:10,044 [main] INFO  base.BaseClass - Found Element By {by.toString()}
2024-01-25 23:40:10,583 [main] INFO  base.BaseClass - Trying to find Element By {by.toString()})
2024-01-25 23:40:10,604 [main] INFO  base.BaseClass - Found Element By {by.toString()}
2024-01-25 23:40:11,135 [main] INFO  base.BaseClass - Trying to find Element By {by.toString()})
2024-01-25 23:40:11,157 [main] INFO  base.BaseClass - Found Element By {by.toString()}
2024-01-25 23:40:11,692 [main] INFO  base.BaseClass - Trying to find Element By {by.toString()})
2024-01-25 23:40:11,715 [main] INFO  base.BaseClass - Found Element By {by.toString()}
2024-01-25 23:40:12,248 [main] INFO  base.BaseClass - Trying to find Element By {by.toString()})
2024-01-25 23:40:12,269 [main] INFO  base.BaseClass - Found Element By {by.toString()}
2024-01-25 23:40:12,804 [main] INFO  base.BaseClass - Trying to find Element By {by.toString()})
2024-01-25 23:40:12,826 [main] INFO  base.BaseClass - Found Element By {by.toString()}
2024-01-25 23:40:13,356 [main] INFO  base.BaseClass - Trying to find Element By {by.toString()})
2024-01-25 23:40:13,379 [main] INFO  base.BaseClass - Found Element By {by.toString()}
2024-01-25 23:40:13,906 [main] INFO  base.BaseClass - Trying to find Element By {by.toString()})
2024-01-25 23:40:13,930 [main] INFO  base.BaseClass - Found Element By {by.toString()}
2024-01-25 23:40:14,463 [main] INFO  base.BaseClass - Trying to find Element By {by.toString()})
2024-01-25 23:40:14,485 [main] INFO  base.BaseClass - Found Element By {by.toString()}
2024-01-25 23:40:15,013 [main] INFO  base.BaseClass - Trying to find Element By {by.toString()})
2024-01-25 23:40:15,035 [main] INFO  base.BaseClass - Found Element By {by.toString()}
2024-01-25 23:40:15,568 [main] INFO  base.BaseClass - Trying to find Element By {by.toString()})
2024-01-25 23:40:15,590 [main] INFO  base.BaseClass - Found Element By {by.toString()}
2024-01-25 23:40:16,123 [main] INFO  base.BaseClass - Trying to find Element By {by.toString()})
2024-01-25 23:40:16,144 [main] INFO  base.BaseClass - Found Element By {by.toString()}
2024-01-25 23:40:16,673 [main] INFO  base.BaseClass - Trying to find Element By {by.toString()})
2024-01-25 23:40:16,693 [main] INFO  base.BaseClass - Found Element By {by.toString()}
2024-01-25 23:40:17,224 [main] INFO  base.BaseClass - Trying to find Element By {by.toString()})
2024-01-25 23:40:17,246 [main] INFO  base.BaseClass - Found Element By {by.toString()}
2024-01-25 23:40:17,774 [main] INFO  base.BaseClass - Trying to find Element By {by.toString()})
2024-01-25 23:40:17,796 [main] INFO  base.BaseClass - Found Element By {by.toString()}
2024-01-25 23:40:18,338 [main] INFO  base.BaseClass - Trying to find Element By {by.toString()})
2024-01-25 23:40:18,360 [main] INFO  base.BaseClass - Found Element By {by.toString()}
2024-01-25 23:40:18,894 [main] INFO  base.BaseClass - Trying to find Element By {by.toString()})
2024-01-25 23:40:18,917 [main] INFO  base.BaseClass - Found Element By {by.toString()}
2024-01-25 23:40:19,439 [main] INFO  base.BaseClass - Trying to find Element By {by.toString()})
2024-01-25 23:40:19,463 [main] INFO  base.BaseClass - Found Element By {by.toString()}
2024-01-25 23:40:19,996 [main] INFO  base.BaseClass - Trying to find Element By {by.toString()})
2024-01-25 23:40:20,017 [main] INFO  base.BaseClass - Found Element By {by.toString()}
2024-01-25 23:40:20,549 [main] INFO  base.BaseClass - Trying to find Element By {by.toString()})
2024-01-25 23:40:20,571 [main] INFO  base.BaseClass - Found Element By {by.toString()}
2024-01-25 23:40:21,103 [main] INFO  base.BaseClass - Trying to find Element By {by.toString()})
2024-01-25 23:40:21,127 [main] INFO  base.BaseClass - Found Element By {by.toString()}
2024-01-25 23:40:21,659 [main] INFO  base.BaseClass - Trying to find Element By {by.toString()})
2024-01-25 23:40:21,681 [main] INFO  base.BaseClass - Found Element By {by.toString()}
2024-01-25 23:40:22,211 [main] INFO  base.BaseClass - Trying to find Element By {by.toString()})
2024-01-25 23:40:22,234 [main] INFO  base.BaseClass - Found Element By {by.toString()}
2024-01-25 23:40:22,768 [main] INFO  base.BaseClass - Trying to find Element By {by.toString()})
2024-01-25 23:40:22,792 [main] INFO  base.BaseClass - Found Element By {by.toString()}
2024-01-25 23:40:23,331 [main] INFO  base.BaseClass - Trying to find Element By {by.toString()})
2024-01-25 23:40:23,356 [main] INFO  base.BaseClass - Found Element By {by.toString()}
2024-01-25 23:40:23,897 [main] INFO  base.BaseClass - Trying to find Element By {by.toString()})
2024-01-25 23:40:23,920 [main] INFO  base.BaseClass - Found Element By {by.toString()}
2024-01-25 23:40:24,453 [main] INFO  base.BaseClass - Trying to find Element By {by.toString()})
2024-01-25 23:40:24,475 [main] INFO  base.BaseClass - Found Element By {by.toString()}
2024-01-25 23:40:25,006 [main] INFO  base.BaseClass - Trying to find Element By {by.toString()})
2024-01-25 23:40:25,028 [main] INFO  base.BaseClass - Found Element By {by.toString()}
2024-01-25 23:40:25,562 [main] INFO  base.BaseClass - Trying to find Element By {by.toString()})
2024-01-25 23:40:25,585 [main] INFO  base.BaseClass - Found Element By {by.toString()}
2024-01-25 23:40:26,131 [main] INFO  base.BaseClass - Trying to find Element By {by.toString()})
2024-01-25 23:40:26,153 [main] INFO  base.BaseClass - Found Element By {by.toString()}
2024-01-25 23:40:26,680 [main] INFO  base.BaseClass - Trying to find Element By {by.toString()})
2024-01-25 23:40:26,701 [main] INFO  base.BaseClass - Found Element By {by.toString()}
2024-01-25 23:40:27,233 [main] INFO  base.BaseClass - Trying to find Element By {by.toString()})
2024-01-25 23:40:27,253 [main] INFO  base.BaseClass - Found Element By {by.toString()}
2024-01-25 23:40:27,793 [main] INFO  base.BaseClass - Trying to find Element By {by.toString()})
2024-01-25 23:40:27,815 [main] INFO  base.BaseClass - Found Element By {by.toString()}
2024-01-25 23:40:28,359 [main] INFO  base.BaseClass - Trying to find Element By {by.toString()})
2024-01-25 23:40:28,382 [main] INFO  base.BaseClass - Found Element By {by.toString()}
2024-01-25 23:40:28,914 [main] INFO  base.BaseClass - Trying to find Element By {by.toString()})
2024-01-25 23:40:28,935 [main] INFO  base.BaseClass - Found Element By {by.toString()}
2024-01-25 23:40:29,466 [main] INFO  base.BaseClass - Trying to find Element By {by.toString()})
2024-01-25 23:40:29,490 [main] INFO  base.BaseClass - Found Element By {by.toString()}
2024-01-25 23:40:30,025 [main] INFO  base.BaseClass - Trying to find Element By {by.toString()})
2024-01-25 23:40:30,048 [main] INFO  base.BaseClass - Found Element By {by.toString()}
2024-01-25 23:40:30,577 [main] INFO  base.BaseClass - Trying to find Element By {by.toString()})
2024-01-25 23:40:30,599 [main] INFO  base.BaseClass - Found Element By {by.toString()}
2024-01-25 23:40:31,131 [main] INFO  base.BaseClass - Trying to find Element By {by.toString()})
2024-01-25 23:40:31,153 [main] INFO  base.BaseClass - Found Element By {by.toString()}
2024-01-25 23:40:31,684 [main] INFO  base.BaseClass - Trying to find Element By {by.toString()})
2024-01-25 23:40:31,706 [main] INFO  base.BaseClass - Found Element By {by.toString()}
2024-01-25 23:40:32,244 [main] INFO  base.BaseClass - Trying to find Element By {by.toString()})
2024-01-25 23:40:32,267 [main] INFO  base.BaseClass - Found Element By {by.toString()}
2024-01-25 23:40:32,808 [main] INFO  base.BaseClass - Trying to find Element By {by.toString()})
2024-01-25 23:40:32,830 [main] INFO  base.BaseClass - Found Element By {by.toString()}
2024-01-25 23:40:33,360 [main] INFO  base.BaseClass - Trying to find Element By {by.toString()})
2024-01-25 23:40:33,381 [main] INFO  base.BaseClass - Found Element By {by.toString()}
2024-01-25 23:40:33,909 [main] INFO  base.BaseClass - Trying to find Element By {by.toString()})
2024-01-25 23:40:33,931 [main] INFO  base.BaseClass - Found Element By {by.toString()}
2024-01-25 23:40:34,462 [main] INFO  base.BaseClass - Trying to find Element By {by.toString()})
2024-01-25 23:40:34,482 [main] INFO  base.BaseClass - Found Element By {by.toString()}
2024-01-25 23:40:35,014 [main] INFO  base.BaseClass - Trying to find Element By {by.toString()})
2024-01-25 23:40:35,038 [main] INFO  base.BaseClass - Found Element By {by.toString()}
2024-01-25 23:40:35,565 [main] INFO  base.BaseClass - Trying to find Element By {by.toString()})
2024-01-25 23:40:35,586 [main] INFO  base.BaseClass - Found Element By {by.toString()}
2024-01-25 23:40:36,116 [main] INFO  base.BaseClass - Trying to find Element By {by.toString()})
2024-01-25 23:40:36,140 [main] INFO  base.BaseClass - Found Element By {by.toString()}
2024-01-25 23:40:36,669 [main] INFO  base.BaseClass - Trying to find Element By {by.toString()})
2024-01-25 23:40:36,691 [main] INFO  base.BaseClass - Found Element By {by.toString()}
2024-01-25 23:40:37,219 [main] INFO  base.BaseClass - Trying to find Element By {by.toString()})
2024-01-25 23:40:37,236 [main] INFO  base.BaseClass - Found Element By {by.toString()}
TimeoutException occurred: Expected condition failed: waiting for helper.WaitUtility$5@175f86c2 (tried for 30 second(s) with 500 milliseconds interval)
Build info: version: '3.141.59', revision: 'e82be7d358', time: '2018-11-14T08:17:03'
System info: host: 'DPLAP166', ip: '137.237.3.67', os.name: 'Windows 10', os.arch: 'amd64', os.version: '10.0', java.version: '19.0.1'
Driver info: org.openqa.selenium.support.events.EventFiringWebDriver
Capabilities {acceptInsecureCerts: true, browserName: chrome, browserVersion: 121.0.6167.86, chrome: {chromedriverVersion: 121.0.6167.85 (3f98d690ad7e..., userDataDir: C:\Users\dP-PL\AppData\Loca...}, fedcm:accounts: true, goog:chromeOptions: {debuggerAddress: localhost:56199}, javascriptEnabled: true, networkConnectionEnabled: false, pageLoadStrategy: normal, platform: WINDOWS, platformName: WINDOWS, proxy: Proxy(), setWindowRect: true, strictFileInteractability: false, timeouts: {implicit: 0, pageLoad: 300000, script: 30000}, unhandledPromptBehavior: dismiss and notify, webauthn:extension:credBlob: true, webauthn:extension:largeBlob: true, webauthn:extension:minPinLength: true, webauthn:extension:prf: true, webauthn:virtualAuthenticators: true}
Session ID: 0e78ab16adbe8e38d568135e1bd2396c
2024-01-25 23:40:37,264 [main] ERROR XGLT_15177_Test - Element did not become visible within the specified time: Expected condition failed: waiting for helper.WaitUtility$5@175f86c2 (tried for 30 second(s) with 500 milliseconds interval)
Build info: version: '3.141.59', revision: 'e82be7d358', time: '2018-11-14T08:17:03'
System info: host: 'DPLAP166', ip: '137.237.3.67', os.name: 'Windows 10', os.arch: 'amd64', os.version: '10.0', java.version: '19.0.1'
Driver info: org.openqa.selenium.support.events.EventFiringWebDriver
Capabilities {acceptInsecureCerts: true, browserName: chrome, browserVersion: 121.0.6167.86, chrome: {chromedriverVersion: 121.0.6167.85 (3f98d690ad7e..., userDataDir: C:\Users\dP-PL\AppData\Loca...}, fedcm:accounts: true, goog:chromeOptions: {debuggerAddress: localhost:56199}, javascriptEnabled: true, networkConnectionEnabled: false, pageLoadStrategy: normal, platform: WINDOWS, platformName: WINDOWS, proxy: Proxy(), setWindowRect: true, strictFileInteractability: false, timeouts: {implicit: 0, pageLoad: 300000, script: 30000}, unhandledPromptBehavior: dismiss and notify, webauthn:extension:credBlob: true, webauthn:extension:largeBlob: true, webauthn:extension:minPinLength: true, webauthn:extension:prf: true, webauthn:virtualAuthenticators: true}
Session ID: 0e78ab16adbe8e38d568135e1bd2396c
2024-01-25 23:40:37,264 [main] INFO  base.BaseClass - Trying to find Element By {by.toString()})
2024-01-25 23:40:37,278 [main] INFO  base.BaseClass - Found Element By {by.toString()}
2024-01-25 23:40:37,278 [main] INFO  base.BaseClass - Trying to click on: {element.toString()}
2024-01-25 23:40:37,499 [main] INFO  base.BaseClass - Clicked on: {element.toString()}
2024-01-25 23:40:37,499 [main] INFO  base.BaseClass - Trying to find Element By {by.toString()})
2024-01-25 23:40:38,711 [main] INFO  base.BaseClass - Found Element By {by.toString()}
2024-01-25 23:40:39,225 [main] INFO  base.BaseClass - Trying to find Element By {by.toString()})
2024-01-25 23:40:39,252 [main] INFO  base.BaseClass - Found Element By {by.toString()}
2024-01-25 23:40:39,785 [main] INFO  base.BaseClass - Trying to find Element By {by.toString()})
2024-01-25 23:40:39,842 [main] INFO  base.BaseClass - Found Element By {by.toString()}
2024-01-25 23:40:40,359 [main] INFO  base.BaseClass - Trying to find Element By {by.toString()})
2024-01-25 23:40:40,384 [main] INFO  base.BaseClass - Found Element By {by.toString()}
2024-01-25 23:40:40,925 [main] INFO  base.BaseClass - Trying to find Element By {by.toString()})
2024-01-25 23:40:40,948 [main] INFO  base.BaseClass - Found Element By {by.toString()}
2024-01-25 23:40:41,475 [main] INFO  base.BaseClass - Trying to find Element By {by.toString()})
2024-01-25 23:40:41,501 [main] INFO  base.BaseClass - Found Element By {by.toString()}
2024-01-25 23:40:42,026 [main] INFO  base.BaseClass - Trying to find Element By {by.toString()})
2024-01-25 23:40:42,047 [main] INFO  base.BaseClass - Found Element By {by.toString()}
2024-01-25 23:40:42,582 [main] INFO  base.BaseClass - Trying to find Element By {by.toString()})
2024-01-25 23:40:42,605 [main] INFO  base.BaseClass - Found Element By {by.toString()}
2024-01-25 23:40:43,137 [main] INFO  base.BaseClass - Trying to find Element By {by.toString()})
2024-01-25 23:40:43,161 [main] INFO  base.BaseClass - Found Element By {by.toString()}
2024-01-25 23:40:43,681 [main] INFO  base.BaseClass - Trying to find Element By {by.toString()})
2024-01-25 23:40:43,706 [main] INFO  base.BaseClass - Found Element By {by.toString()}
2024-01-25 23:40:44,239 [main] INFO  base.BaseClass - Trying to find Element By {by.toString()})
2024-01-25 23:40:44,261 [main] INFO  base.BaseClass - Found Element By {by.toString()}
2024-01-25 23:40:44,791 [main] INFO  base.BaseClass - Trying to find Element By {by.toString()})
2024-01-25 23:40:44,815 [main] INFO  base.BaseClass - Found Element By {by.toString()}
2024-01-25 23:40:45,346 [main] INFO  base.BaseClass - Trying to find Element By {by.toString()})
2024-01-25 23:40:45,368 [main] INFO  base.BaseClass - Found Element By {by.toString()}
2024-01-25 23:40:45,889 [main] INFO  base.BaseClass - Trying to find Element By {by.toString()})
2024-01-25 23:40:45,914 [main] INFO  base.BaseClass - Found Element By {by.toString()}
2024-01-25 23:40:46,451 [main] INFO  base.BaseClass - Trying to find Element By {by.toString()})
2024-01-25 23:40:46,468 [main] INFO  base.BaseClass - Found Element By {by.toString()}
2024-01-25 23:40:46,996 [main] INFO  base.BaseClass - Trying to find Element By {by.toString()})
2024-01-25 23:40:47,021 [main] INFO  base.BaseClass - Found Element By {by.toString()}
2024-01-25 23:40:47,555 [main] INFO  base.BaseClass - Trying to find Element By {by.toString()})
2024-01-25 23:40:47,578 [main] INFO  base.BaseClass - Found Element By {by.toString()}
2024-01-25 23:40:48,126 [main] INFO  base.BaseClass - Trying to find Element By {by.toString()})
2024-01-25 23:40:48,155 [main] INFO  base.BaseClass - Found Element By {by.toString()}
2024-01-25 23:40:48,692 [main] INFO  base.BaseClass - Trying to find Element By {by.toString()})
2024-01-25 23:40:48,715 [main] INFO  base.BaseClass - Found Element By {by.toString()}
2024-01-25 23:40:49,247 [main] INFO  base.BaseClass - Trying to find Element By {by.toString()})
2024-01-25 23:40:49,269 [main] INFO  base.BaseClass - Found Element By {by.toString()}
2024-01-25 23:40:49,796 [main] INFO  base.BaseClass - Trying to find Element By {by.toString()})
2024-01-25 23:40:49,820 [main] INFO  base.BaseClass - Found Element By {by.toString()}
2024-01-25 23:40:50,353 [main] INFO  base.BaseClass - Trying to find Element By {by.toString()})
2024-01-25 23:40:50,379 [main] INFO  base.BaseClass - Found Element By {by.toString()}
2024-01-25 23:40:50,925 [main] INFO  base.BaseClass - Trying to find Element By {by.toString()})
2024-01-25 23:40:50,946 [main] INFO  base.BaseClass - Found Element By {by.toString()}
2024-01-25 23:40:51,476 [main] INFO  base.BaseClass - Trying to find Element By {by.toString()})
2024-01-25 23:40:51,500 [main] INFO  base.BaseClass - Found Element By {by.toString()}
2024-01-25 23:40:52,030 [main] INFO  base.BaseClass - Trying to find Element By {by.toString()})
2024-01-25 23:40:52,057 [main] INFO  base.BaseClass - Found Element By {by.toString()}
2024-01-25 23:40:52,584 [main] INFO  base.BaseClass - Trying to find Element By {by.toString()})
2024-01-25 23:40:52,609 [main] INFO  base.BaseClass - Found Element By {by.toString()}
2024-01-25 23:40:53,139 [main] INFO  base.BaseClass - Trying to find Element By {by.toString()})
2024-01-25 23:40:53,162 [main] INFO  base.BaseClass - Found Element By {by.toString()}
2024-01-25 23:40:53,687 [main] INFO  base.BaseClass - Trying to find Element By {by.toString()})
2024-01-25 23:40:53,712 [main] INFO  base.BaseClass - Found Element By {by.toString()}
2024-01-25 23:40:54,244 [main] INFO  base.BaseClass - Trying to find Element By {by.toString()})
2024-01-25 23:40:54,269 [main] INFO  base.BaseClass - Found Element By {by.toString()}
2024-01-25 23:40:54,796 [main] INFO  base.BaseClass - Trying to find Element By {by.toString()})
2024-01-25 23:40:54,821 [main] INFO  base.BaseClass - Found Element By {by.toString()}
2024-01-25 23:40:55,344 [main] INFO  base.BaseClass - Trying to find Element By {by.toString()})
2024-01-25 23:40:55,388 [main] INFO  base.BaseClass - Found Element By {by.toString()}
2024-01-25 23:40:55,902 [main] INFO  base.BaseClass - Trying to find Element By {by.toString()})
2024-01-25 23:40:55,919 [main] INFO  base.BaseClass - Found Element By {by.toString()}
2024-01-25 23:40:56,450 [main] INFO  base.BaseClass - Trying to find Element By {by.toString()})
2024-01-25 23:40:56,474 [main] INFO  base.BaseClass - Found Element By {by.toString()}
2024-01-25 23:40:57,001 [main] INFO  base.BaseClass - Trying to find Element By {by.toString()})
2024-01-25 23:40:57,013 [main] INFO  base.BaseClass - Found Element By {by.toString()}
2024-01-25 23:40:57,537 [main] INFO  base.BaseClass - Trying to find Element By {by.toString()})
2024-01-25 23:40:57,561 [main] INFO  base.BaseClass - Found Element By {by.toString()}
2024-01-25 23:40:58,093 [main] INFO  base.BaseClass - Trying to find Element By {by.toString()})
2024-01-25 23:40:58,116 [main] INFO  base.BaseClass - Found Element By {by.toString()}
2024-01-25 23:40:58,649 [main] INFO  base.BaseClass - Trying to find Element By {by.toString()})
2024-01-25 23:40:58,674 [main] INFO  base.BaseClass - Found Element By {by.toString()}
2024-01-25 23:40:59,202 [main] INFO  base.BaseClass - Trying to find Element By {by.toString()})
2024-01-25 23:40:59,225 [main] INFO  base.BaseClass - Found Element By {by.toString()}
2024-01-25 23:40:59,756 [main] INFO  base.BaseClass - Trying to find Element By {by.toString()})
2024-01-25 23:40:59,783 [main] INFO  base.BaseClass - Found Element By {by.toString()}
2024-01-25 23:41:00,315 [main] INFO  base.BaseClass - Trying to find Element By {by.toString()})
2024-01-25 23:41:00,339 [main] INFO  base.BaseClass - Found Element By {by.toString()}
2024-01-25 23:41:00,878 [main] INFO  base.BaseClass - Trying to find Element By {by.toString()})
2024-01-25 23:41:00,903 [main] INFO  base.BaseClass - Found Element By {by.toString()}
2024-01-25 23:41:01,435 [main] INFO  base.BaseClass - Trying to find Element By {by.toString()})
2024-01-25 23:41:01,457 [main] INFO  base.BaseClass - Found Element By {by.toString()}
2024-01-25 23:41:01,988 [main] INFO  base.BaseClass - Trying to find Element By {by.toString()})
2024-01-25 23:41:02,010 [main] INFO  base.BaseClass - Found Element By {by.toString()}
2024-01-25 23:41:02,542 [main] INFO  base.BaseClass - Trying to find Element By {by.toString()})
2024-01-25 23:41:02,569 [main] INFO  base.BaseClass - Found Element By {by.toString()}
2024-01-25 23:41:03,097 [main] INFO  base.BaseClass - Trying to find Element By {by.toString()})
2024-01-25 23:41:03,121 [main] INFO  base.BaseClass - Found Element By {by.toString()}
2024-01-25 23:41:03,651 [main] INFO  base.BaseClass - Trying to find Element By {by.toString()})
2024-01-25 23:41:03,673 [main] INFO  base.BaseClass - Found Element By {by.toString()}
2024-01-25 23:41:04,199 [main] INFO  base.BaseClass - Trying to find Element By {by.toString()})
2024-01-25 23:41:04,222 [main] INFO  base.BaseClass - Found Element By {by.toString()}
2024-01-25 23:41:04,747 [main] INFO  base.BaseClass - Trying to find Element By {by.toString()})
2024-01-25 23:41:04,770 [main] INFO  base.BaseClass - Found Element By {by.toString()}
2024-01-25 23:41:05,296 [main] INFO  base.BaseClass - Trying to find Element By {by.toString()})
2024-01-25 23:41:05,321 [main] INFO  base.BaseClass - Found Element By {by.toString()}
2024-01-25 23:41:05,866 [main] INFO  base.BaseClass - Trying to find Element By {by.toString()})
2024-01-25 23:41:05,889 [main] INFO  base.BaseClass - Found Element By {by.toString()}
2024-01-25 23:41:06,421 [main] INFO  base.BaseClass - Trying to find Element By {by.toString()})
2024-01-25 23:41:06,444 [main] INFO  base.BaseClass - Found Element By {by.toString()}
2024-01-25 23:41:06,975 [main] INFO  base.BaseClass - Trying to find Element By {by.toString()})
2024-01-25 23:41:06,999 [main] INFO  base.BaseClass - Found Element By {by.toString()}
2024-01-25 23:41:07,527 [main] INFO  base.BaseClass - Trying to find Element By {by.toString()})
2024-01-25 23:41:07,550 [main] INFO  base.BaseClass - Found Element By {by.toString()}
TimeoutException occurred: Expected condition failed: waiting for helper.WaitUtility$5@7e5591f1 (tried for 30 second(s) with 500 milliseconds interval)
Build info: version: '3.141.59', revision: 'e82be7d358', time: '2018-11-14T08:17:03'
System info: host: 'DPLAP166', ip: '137.237.3.67', os.name: 'Windows 10', os.arch: 'amd64', os.version: '10.0', java.version: '19.0.1'
Driver info: org.openqa.selenium.support.events.EventFiringWebDriver
Capabilities {acceptInsecureCerts: true, browserName: chrome, browserVersion: 121.0.6167.86, chrome: {chromedriverVersion: 121.0.6167.85 (3f98d690ad7e..., userDataDir: C:\Users\dP-PL\AppData\Loca...}, fedcm:accounts: true, goog:chromeOptions: {debuggerAddress: localhost:56199}, javascriptEnabled: true, networkConnectionEnabled: false, pageLoadStrategy: normal, platform: WINDOWS, platformName: WINDOWS, proxy: Proxy(), setWindowRect: true, strictFileInteractability: false, timeouts: {implicit: 0, pageLoad: 300000, script: 30000}, unhandledPromptBehavior: dismiss and notify, webauthn:extension:credBlob: true, webauthn:extension:largeBlob: true, webauthn:extension:minPinLength: true, webauthn:extension:prf: true, webauthn:virtualAuthenticators: true}
Session ID: 0e78ab16adbe8e38d568135e1bd2396c
2024-01-25 23:41:07,579 [main] ERROR XGLT_15177_Test - Element did not become visible within the specified time: Expected condition failed: waiting for helper.WaitUtility$5@7e5591f1 (tried for 30 second(s) with 500 milliseconds interval)
Build info: version: '3.141.59', revision: 'e82be7d358', time: '2018-11-14T08:17:03'
System info: host: 'DPLAP166', ip: '137.237.3.67', os.name: 'Windows 10', os.arch: 'amd64', os.version: '10.0', java.version: '19.0.1'
Driver info: org.openqa.selenium.support.events.EventFiringWebDriver
Capabilities {acceptInsecureCerts: true, browserName: chrome, browserVersion: 121.0.6167.86, chrome: {chromedriverVersion: 121.0.6167.85 (3f98d690ad7e..., userDataDir: C:\Users\dP-PL\AppData\Loca...}, fedcm:accounts: true, goog:chromeOptions: {debuggerAddress: localhost:56199}, javascriptEnabled: true, networkConnectionEnabled: false, pageLoadStrategy: normal, platform: WINDOWS, platformName: WINDOWS, proxy: Proxy(), setWindowRect: true, strictFileInteractability: false, timeouts: {implicit: 0, pageLoad: 300000, script: 30000}, unhandledPromptBehavior: dismiss and notify, webauthn:extension:credBlob: true, webauthn:extension:largeBlob: true, webauthn:extension:minPinLength: true, webauthn:extension:prf: true, webauthn:virtualAuthenticators: true}
Session ID: 0e78ab16adbe8e38d568135e1bd2396c
2024-01-25 23:41:07,591 [main] INFO  base.BaseClass - Trying to find Element By {by.toString()})
2024-01-25 23:41:07,620 [main] INFO  base.BaseClass - Found Element By {by.toString()}
2024-01-25 23:41:07,640 [main] INFO  base.BaseClass - Trying to find Element By {by.toString()})
2024-01-25 23:41:07,657 [main] INFO  base.BaseClass - Found Element By {by.toString()}
2024-01-25 23:41:07,684 [main] INFO  base.BaseClass - Trying to find Element By {by.toString()})
2024-01-25 23:41:07,736 [main] INFO  base.BaseClass - Found Element By {by.toString()}
last page in current selection is 1
2024-01-25 23:41:07,744 [main] INFO  base.BaseClass - Trying to find Element By {by.toString()})
2024-01-25 23:41:07,757 [main] INFO  base.BaseClass - Found Element By {by.toString()}
Height is 1350
2024-01-25 23:41:07,769 [main] INFO  base.BaseClass - Trying to find Element By {by.toString()})
2024-01-25 23:41:07,784 [main] INFO  base.BaseClass - Found Element By {by.toString()}
Customer page count for active revenue is 45
2024-01-25 23:41:07,784 [main] INFO  base.BaseClass - Trying to find Element By {by.toString()})
2024-01-25 23:41:07,802 [main] INFO  base.BaseClass - Found Element By {by.toString()}
2024-01-25 23:41:07,815 [main] INFO  base.BaseClass - Trying to find Element By {by.toString()})
2024-01-25 23:41:07,829 [main] INFO  base.BaseClass - Found Element By {by.toString()}
2024-01-25 23:41:07,853 [main] INFO  base.BaseClass - Trying to find Element By {by.toString()})
2024-01-25 23:41:07,873 [main] INFO  base.BaseClass - Found Element By {by.toString()}
last page in current selection is 1
2024-01-25 23:41:07,890 [main] INFO  base.BaseClass - Trying to find Element By {by.toString()})
2024-01-25 23:41:07,905 [main] INFO  base.BaseClass - Found Element By {by.toString()}
Height is 1350
2024-01-25 23:41:07,918 [main] INFO  base.BaseClass - Trying to find Element By {by.toString()})
2024-01-25 23:41:07,935 [main] INFO  base.BaseClass - Found Element By {by.toString()}
2024-01-25 23:41:07,936 [main] INFO  base.BaseClass - Trying to find Element By {by.toString()})
2024-01-25 23:41:07,952 [main] INFO  base.BaseClass - Found Element By {by.toString()}
2024-01-25 23:41:07,967 [main] INFO  base.BaseClass - Trying to find Element By {by.toString()})
2024-01-25 23:41:07,986 [main] INFO  base.BaseClass - Found Element By {by.toString()}
2024-01-25 23:41:08,010 [main] INFO  base.BaseClass - Trying to find Element By {by.toString()})
2024-01-25 23:41:08,029 [main] INFO  base.BaseClass - Found Element By {by.toString()}
last page in current selection is 1
2024-01-25 23:41:08,044 [main] INFO  base.BaseClass - Trying to find Element By {by.toString()})
2024-01-25 23:41:08,058 [main] INFO  base.BaseClass - Found Element By {by.toString()}
Height is 1350
2024-01-25 23:41:08,074 [main] INFO  base.BaseClass - Trying to find Element By {by.toString()})
2024-01-25 23:41:08,097 [main] INFO  base.BaseClass - Found Element By {by.toString()}
MCActivewithRevenue passed!
]]></system-out>
    <system-err><![CDATA[Starting ChromeDriver 121.0.6167.85 (3f98d690ad7e59242ef110144c757b2ac4eef1a2-refs/branch-heads/6167@{#1539}) on port 15151
Only local connections are allowed.
Please see https://chromedriver.chromium.org/security-considerations for suggestions on keeping ChromeDriver safe.
ChromeDriver was started successfully.
Jan 25, 2024 11:31:26 PM org.openqa.selenium.remote.ProtocolHandshake createSession
INFO: Detected dialect: W3C
]]></system-err>
  </testcase>
  <testcase name="MCinactivewithrev" classname="XGLT_6685_Test" time="122.446">
    <system-out><![CDATA[Before method Test name: Maintainance Tests
MCinactivewithrev started!
Navigated back from browser
2024-01-25 23:41:08,376 [main] INFO  base.BaseClass - Trying to find Element By {by.toString()})
2024-01-25 23:41:08,681 [main] INFO  base.BaseClass - Found Element By {by.toString()}
2024-01-25 23:41:09,208 [main] INFO  base.BaseClass - Trying to find Element By {by.toString()})
2024-01-25 23:41:09,232 [main] INFO  base.BaseClass - Found Element By {by.toString()}
2024-01-25 23:41:09,761 [main] INFO  base.BaseClass - Trying to find Element By {by.toString()})
2024-01-25 23:41:09,785 [main] INFO  base.BaseClass - Found Element By {by.toString()}
2024-01-25 23:41:10,320 [main] INFO  base.BaseClass - Trying to find Element By {by.toString()})
2024-01-25 23:41:10,344 [main] INFO  base.BaseClass - Found Element By {by.toString()}
2024-01-25 23:41:10,880 [main] INFO  base.BaseClass - Trying to find Element By {by.toString()})
2024-01-25 23:41:10,904 [main] INFO  base.BaseClass - Found Element By {by.toString()}
2024-01-25 23:41:11,439 [main] INFO  base.BaseClass - Trying to find Element By {by.toString()})
2024-01-25 23:41:11,460 [main] INFO  base.BaseClass - Found Element By {by.toString()}
2024-01-25 23:41:11,984 [main] INFO  base.BaseClass - Trying to find Element By {by.toString()})
2024-01-25 23:41:12,006 [main] INFO  base.BaseClass - Found Element By {by.toString()}
2024-01-25 23:41:12,533 [main] INFO  base.BaseClass - Trying to find Element By {by.toString()})
2024-01-25 23:41:12,554 [main] INFO  base.BaseClass - Found Element By {by.toString()}
2024-01-25 23:41:13,086 [main] INFO  base.BaseClass - Trying to find Element By {by.toString()})
2024-01-25 23:41:13,109 [main] INFO  base.BaseClass - Found Element By {by.toString()}
2024-01-25 23:41:13,655 [main] INFO  base.BaseClass - Trying to find Element By {by.toString()})
2024-01-25 23:41:13,678 [main] INFO  base.BaseClass - Found Element By {by.toString()}
2024-01-25 23:41:14,209 [main] INFO  base.BaseClass - Trying to find Element By {by.toString()})
2024-01-25 23:41:14,231 [main] INFO  base.BaseClass - Found Element By {by.toString()}
2024-01-25 23:41:14,762 [main] INFO  base.BaseClass - Trying to find Element By {by.toString()})
2024-01-25 23:41:14,785 [main] INFO  base.BaseClass - Found Element By {by.toString()}
2024-01-25 23:41:15,320 [main] INFO  base.BaseClass - Trying to find Element By {by.toString()})
2024-01-25 23:41:15,342 [main] INFO  base.BaseClass - Found Element By {by.toString()}
2024-01-25 23:41:15,877 [main] INFO  base.BaseClass - Trying to find Element By {by.toString()})
2024-01-25 23:41:15,899 [main] INFO  base.BaseClass - Found Element By {by.toString()}
2024-01-25 23:41:16,444 [main] INFO  base.BaseClass - Trying to find Element By {by.toString()})
2024-01-25 23:41:16,467 [main] INFO  base.BaseClass - Found Element By {by.toString()}
2024-01-25 23:41:16,998 [main] INFO  base.BaseClass - Trying to find Element By {by.toString()})
2024-01-25 23:41:17,020 [main] INFO  base.BaseClass - Found Element By {by.toString()}
2024-01-25 23:41:17,550 [main] INFO  base.BaseClass - Trying to find Element By {by.toString()})
2024-01-25 23:41:17,570 [main] INFO  base.BaseClass - Found Element By {by.toString()}
2024-01-25 23:41:18,098 [main] INFO  base.BaseClass - Trying to find Element By {by.toString()})
2024-01-25 23:41:18,120 [main] INFO  base.BaseClass - Found Element By {by.toString()}
2024-01-25 23:41:18,653 [main] INFO  base.BaseClass - Trying to find Element By {by.toString()})
2024-01-25 23:41:18,676 [main] INFO  base.BaseClass - Found Element By {by.toString()}
2024-01-25 23:41:19,221 [main] INFO  base.BaseClass - Trying to find Element By {by.toString()})
2024-01-25 23:41:19,242 [main] INFO  base.BaseClass - Found Element By {by.toString()}
2024-01-25 23:41:19,767 [main] INFO  base.BaseClass - Trying to find Element By {by.toString()})
2024-01-25 23:41:19,791 [main] INFO  base.BaseClass - Found Element By {by.toString()}
2024-01-25 23:41:20,323 [main] INFO  base.BaseClass - Trying to find Element By {by.toString()})
2024-01-25 23:41:20,345 [main] INFO  base.BaseClass - Found Element By {by.toString()}
2024-01-25 23:41:20,885 [main] INFO  base.BaseClass - Trying to find Element By {by.toString()})
2024-01-25 23:41:20,908 [main] INFO  base.BaseClass - Found Element By {by.toString()}
2024-01-25 23:41:21,470 [main] INFO  base.BaseClass - Trying to find Element By {by.toString()})
2024-01-25 23:41:21,493 [main] INFO  base.BaseClass - Found Element By {by.toString()}
2024-01-25 23:41:22,024 [main] INFO  base.BaseClass - Trying to find Element By {by.toString()})
2024-01-25 23:41:22,047 [main] INFO  base.BaseClass - Found Element By {by.toString()}
2024-01-25 23:41:22,582 [main] INFO  base.BaseClass - Trying to find Element By {by.toString()})
2024-01-25 23:41:22,602 [main] INFO  base.BaseClass - Found Element By {by.toString()}
2024-01-25 23:41:23,146 [main] INFO  base.BaseClass - Trying to find Element By {by.toString()})
2024-01-25 23:41:23,168 [main] INFO  base.BaseClass - Found Element By {by.toString()}
2024-01-25 23:41:23,701 [main] INFO  base.BaseClass - Trying to find Element By {by.toString()})
2024-01-25 23:41:23,722 [main] INFO  base.BaseClass - Found Element By {by.toString()}
2024-01-25 23:41:24,247 [main] INFO  base.BaseClass - Trying to find Element By {by.toString()})
2024-01-25 23:41:24,270 [main] INFO  base.BaseClass - Found Element By {by.toString()}
2024-01-25 23:41:24,803 [main] INFO  base.BaseClass - Trying to find Element By {by.toString()})
2024-01-25 23:41:24,826 [main] INFO  base.BaseClass - Found Element By {by.toString()}
2024-01-25 23:41:25,353 [main] INFO  base.BaseClass - Trying to find Element By {by.toString()})
2024-01-25 23:41:25,375 [main] INFO  base.BaseClass - Found Element By {by.toString()}
2024-01-25 23:41:25,916 [main] INFO  base.BaseClass - Trying to find Element By {by.toString()})
2024-01-25 23:41:25,937 [main] INFO  base.BaseClass - Found Element By {by.toString()}
2024-01-25 23:41:26,469 [main] INFO  base.BaseClass - Trying to find Element By {by.toString()})
2024-01-25 23:41:26,491 [main] INFO  base.BaseClass - Found Element By {by.toString()}
2024-01-25 23:41:27,023 [main] INFO  base.BaseClass - Trying to find Element By {by.toString()})
2024-01-25 23:41:27,045 [main] INFO  base.BaseClass - Found Element By {by.toString()}
2024-01-25 23:41:27,577 [main] INFO  base.BaseClass - Trying to find Element By {by.toString()})
2024-01-25 23:41:27,595 [main] INFO  base.BaseClass - Found Element By {by.toString()}
2024-01-25 23:41:28,130 [main] INFO  base.BaseClass - Trying to find Element By {by.toString()})
2024-01-25 23:41:28,149 [main] INFO  base.BaseClass - Found Element By {by.toString()}
2024-01-25 23:41:28,667 [main] INFO  base.BaseClass - Trying to find Element By {by.toString()})
2024-01-25 23:41:28,690 [main] INFO  base.BaseClass - Found Element By {by.toString()}
2024-01-25 23:41:29,222 [main] INFO  base.BaseClass - Trying to find Element By {by.toString()})
2024-01-25 23:41:29,244 [main] INFO  base.BaseClass - Found Element By {by.toString()}
2024-01-25 23:41:29,778 [main] INFO  base.BaseClass - Trying to find Element By {by.toString()})
2024-01-25 23:41:29,803 [main] INFO  base.BaseClass - Found Element By {by.toString()}
2024-01-25 23:41:30,343 [main] INFO  base.BaseClass - Trying to find Element By {by.toString()})
2024-01-25 23:41:30,365 [main] INFO  base.BaseClass - Found Element By {by.toString()}
2024-01-25 23:41:30,894 [main] INFO  base.BaseClass - Trying to find Element By {by.toString()})
2024-01-25 23:41:30,918 [main] INFO  base.BaseClass - Found Element By {by.toString()}
2024-01-25 23:41:31,450 [main] INFO  base.BaseClass - Trying to find Element By {by.toString()})
2024-01-25 23:41:31,472 [main] INFO  base.BaseClass - Found Element By {by.toString()}
2024-01-25 23:41:32,000 [main] INFO  base.BaseClass - Trying to find Element By {by.toString()})
2024-01-25 23:41:32,022 [main] INFO  base.BaseClass - Found Element By {by.toString()}
2024-01-25 23:41:32,552 [main] INFO  base.BaseClass - Trying to find Element By {by.toString()})
2024-01-25 23:41:32,574 [main] INFO  base.BaseClass - Found Element By {by.toString()}
2024-01-25 23:41:33,105 [main] INFO  base.BaseClass - Trying to find Element By {by.toString()})
2024-01-25 23:41:33,125 [main] INFO  base.BaseClass - Found Element By {by.toString()}
2024-01-25 23:41:33,650 [main] INFO  base.BaseClass - Trying to find Element By {by.toString()})
2024-01-25 23:41:33,671 [main] INFO  base.BaseClass - Found Element By {by.toString()}
2024-01-25 23:41:34,204 [main] INFO  base.BaseClass - Trying to find Element By {by.toString()})
2024-01-25 23:41:34,227 [main] INFO  base.BaseClass - Found Element By {by.toString()}
2024-01-25 23:41:34,757 [main] INFO  base.BaseClass - Trying to find Element By {by.toString()})
2024-01-25 23:41:34,779 [main] INFO  base.BaseClass - Found Element By {by.toString()}
2024-01-25 23:41:35,311 [main] INFO  base.BaseClass - Trying to find Element By {by.toString()})
2024-01-25 23:41:35,333 [main] INFO  base.BaseClass - Found Element By {by.toString()}
2024-01-25 23:41:35,861 [main] INFO  base.BaseClass - Trying to find Element By {by.toString()})
2024-01-25 23:41:35,883 [main] INFO  base.BaseClass - Found Element By {by.toString()}
2024-01-25 23:41:36,414 [main] INFO  base.BaseClass - Trying to find Element By {by.toString()})
2024-01-25 23:41:36,436 [main] INFO  base.BaseClass - Found Element By {by.toString()}
2024-01-25 23:41:36,972 [main] INFO  base.BaseClass - Trying to find Element By {by.toString()})
2024-01-25 23:41:36,995 [main] INFO  base.BaseClass - Found Element By {by.toString()}
2024-01-25 23:41:37,537 [main] INFO  base.BaseClass - Trying to find Element By {by.toString()})
2024-01-25 23:41:37,559 [main] INFO  base.BaseClass - Found Element By {by.toString()}
2024-01-25 23:41:38,089 [main] INFO  base.BaseClass - Trying to find Element By {by.toString()})
2024-01-25 23:41:38,111 [main] INFO  base.BaseClass - Found Element By {by.toString()}
2024-01-25 23:41:38,643 [main] INFO  base.BaseClass - Trying to find Element By {by.toString()})
2024-01-25 23:41:38,667 [main] INFO  base.BaseClass - Found Element By {by.toString()}
TimeoutException occurred: Expected condition failed: waiting for helper.WaitUtility$5@141b8b5f (tried for 30 second(s) with 500 milliseconds interval)
Build info: version: '3.141.59', revision: 'e82be7d358', time: '2018-11-14T08:17:03'
System info: host: 'DPLAP166', ip: '137.237.3.67', os.name: 'Windows 10', os.arch: 'amd64', os.version: '10.0', java.version: '19.0.1'
Driver info: org.openqa.selenium.support.events.EventFiringWebDriver
Capabilities {acceptInsecureCerts: true, browserName: chrome, browserVersion: 121.0.6167.86, chrome: {chromedriverVersion: 121.0.6167.85 (3f98d690ad7e..., userDataDir: C:\Users\dP-PL\AppData\Loca...}, fedcm:accounts: true, goog:chromeOptions: {debuggerAddress: localhost:56199}, javascriptEnabled: true, networkConnectionEnabled: false, pageLoadStrategy: normal, platform: WINDOWS, platformName: WINDOWS, proxy: Proxy(), setWindowRect: true, strictFileInteractability: false, timeouts: {implicit: 0, pageLoad: 300000, script: 30000}, unhandledPromptBehavior: dismiss and notify, webauthn:extension:credBlob: true, webauthn:extension:largeBlob: true, webauthn:extension:minPinLength: true, webauthn:extension:prf: true, webauthn:virtualAuthenticators: true}
Session ID: 0e78ab16adbe8e38d568135e1bd2396c
2024-01-25 23:41:38,698 [main] ERROR XGLT_15177_Test - Element did not become visible within the specified time: Expected condition failed: waiting for helper.WaitUtility$5@141b8b5f (tried for 30 second(s) with 500 milliseconds interval)
Build info: version: '3.141.59', revision: 'e82be7d358', time: '2018-11-14T08:17:03'
System info: host: 'DPLAP166', ip: '137.237.3.67', os.name: 'Windows 10', os.arch: 'amd64', os.version: '10.0', java.version: '19.0.1'
Driver info: org.openqa.selenium.support.events.EventFiringWebDriver
Capabilities {acceptInsecureCerts: true, browserName: chrome, browserVersion: 121.0.6167.86, chrome: {chromedriverVersion: 121.0.6167.85 (3f98d690ad7e..., userDataDir: C:\Users\dP-PL\AppData\Loca...}, fedcm:accounts: true, goog:chromeOptions: {debuggerAddress: localhost:56199}, javascriptEnabled: true, networkConnectionEnabled: false, pageLoadStrategy: normal, platform: WINDOWS, platformName: WINDOWS, proxy: Proxy(), setWindowRect: true, strictFileInteractability: false, timeouts: {implicit: 0, pageLoad: 300000, script: 30000}, unhandledPromptBehavior: dismiss and notify, webauthn:extension:credBlob: true, webauthn:extension:largeBlob: true, webauthn:extension:minPinLength: true, webauthn:extension:prf: true, webauthn:virtualAuthenticators: true}
Session ID: 0e78ab16adbe8e38d568135e1bd2396c
2024-01-25 23:41:38,698 [main] INFO  base.BaseClass - Trying to find Element By {by.toString()})
2024-01-25 23:41:38,725 [main] INFO  base.BaseClass - Found Element By {by.toString()}
2024-01-25 23:41:39,254 [main] INFO  base.BaseClass - Trying to find Element By {by.toString()})
2024-01-25 23:41:39,277 [main] INFO  base.BaseClass - Found Element By {by.toString()}
2024-01-25 23:41:39,815 [main] INFO  base.BaseClass - Trying to find Element By {by.toString()})
2024-01-25 23:41:39,837 [main] INFO  base.BaseClass - Found Element By {by.toString()}
2024-01-25 23:41:40,369 [main] INFO  base.BaseClass - Trying to find Element By {by.toString()})
2024-01-25 23:41:40,390 [main] INFO  base.BaseClass - Found Element By {by.toString()}
2024-01-25 23:41:40,914 [main] INFO  base.BaseClass - Trying to find Element By {by.toString()})
2024-01-25 23:41:40,938 [main] INFO  base.BaseClass - Found Element By {by.toString()}
2024-01-25 23:41:41,472 [main] INFO  base.BaseClass - Trying to find Element By {by.toString()})
2024-01-25 23:41:41,494 [main] INFO  base.BaseClass - Found Element By {by.toString()}
2024-01-25 23:41:42,022 [main] INFO  base.BaseClass - Trying to find Element By {by.toString()})
2024-01-25 23:41:42,044 [main] INFO  base.BaseClass - Found Element By {by.toString()}
2024-01-25 23:41:42,574 [main] INFO  base.BaseClass - Trying to find Element By {by.toString()})
2024-01-25 23:41:42,596 [main] INFO  base.BaseClass - Found Element By {by.toString()}
2024-01-25 23:41:43,129 [main] INFO  base.BaseClass - Trying to find Element By {by.toString()})
2024-01-25 23:41:43,151 [main] INFO  base.BaseClass - Found Element By {by.toString()}
2024-01-25 23:41:43,677 [main] INFO  base.BaseClass - Trying to find Element By {by.toString()})
2024-01-25 23:41:43,694 [main] INFO  base.BaseClass - Found Element By {by.toString()}
2024-01-25 23:41:44,219 [main] INFO  base.BaseClass - Trying to find Element By {by.toString()})
2024-01-25 23:41:44,240 [main] INFO  base.BaseClass - Found Element By {by.toString()}
2024-01-25 23:41:44,771 [main] INFO  base.BaseClass - Trying to find Element By {by.toString()})
2024-01-25 23:41:44,792 [main] INFO  base.BaseClass - Found Element By {by.toString()}
2024-01-25 23:41:45,325 [main] INFO  base.BaseClass - Trying to find Element By {by.toString()})
2024-01-25 23:41:45,348 [main] INFO  base.BaseClass - Found Element By {by.toString()}
2024-01-25 23:41:45,883 [main] INFO  base.BaseClass - Trying to find Element By {by.toString()})
2024-01-25 23:41:45,905 [main] INFO  base.BaseClass - Found Element By {by.toString()}
2024-01-25 23:41:46,431 [main] INFO  base.BaseClass - Trying to find Element By {by.toString()})
2024-01-25 23:41:46,453 [main] INFO  base.BaseClass - Found Element By {by.toString()}
2024-01-25 23:41:46,991 [main] INFO  base.BaseClass - Trying to find Element By {by.toString()})
2024-01-25 23:41:47,013 [main] INFO  base.BaseClass - Found Element By {by.toString()}
2024-01-25 23:41:47,544 [main] INFO  base.BaseClass - Trying to find Element By {by.toString()})
2024-01-25 23:41:47,567 [main] INFO  base.BaseClass - Found Element By {by.toString()}
2024-01-25 23:41:48,091 [main] INFO  base.BaseClass - Trying to find Element By {by.toString()})
2024-01-25 23:41:48,113 [main] INFO  base.BaseClass - Found Element By {by.toString()}
2024-01-25 23:41:48,653 [main] INFO  base.BaseClass - Trying to find Element By {by.toString()})
2024-01-25 23:41:48,676 [main] INFO  base.BaseClass - Found Element By {by.toString()}
2024-01-25 23:41:49,208 [main] INFO  base.BaseClass - Trying to find Element By {by.toString()})
2024-01-25 23:41:49,230 [main] INFO  base.BaseClass - Found Element By {by.toString()}
2024-01-25 23:41:49,761 [main] INFO  base.BaseClass - Trying to find Element By {by.toString()})
2024-01-25 23:41:49,781 [main] INFO  base.BaseClass - Found Element By {by.toString()}
2024-01-25 23:41:50,310 [main] INFO  base.BaseClass - Trying to find Element By {by.toString()})
2024-01-25 23:41:50,334 [main] INFO  base.BaseClass - Found Element By {by.toString()}
2024-01-25 23:41:50,868 [main] INFO  base.BaseClass - Trying to find Element By {by.toString()})
2024-01-25 23:41:50,888 [main] INFO  base.BaseClass - Found Element By {by.toString()}
2024-01-25 23:41:51,420 [main] INFO  base.BaseClass - Trying to find Element By {by.toString()})
2024-01-25 23:41:51,441 [main] INFO  base.BaseClass - Found Element By {by.toString()}
2024-01-25 23:41:51,972 [main] INFO  base.BaseClass - Trying to find Element By {by.toString()})
2024-01-25 23:41:51,995 [main] INFO  base.BaseClass - Found Element By {by.toString()}
2024-01-25 23:41:52,526 [main] INFO  base.BaseClass - Trying to find Element By {by.toString()})
2024-01-25 23:41:52,548 [main] INFO  base.BaseClass - Found Element By {by.toString()}
2024-01-25 23:41:53,080 [main] INFO  base.BaseClass - Trying to find Element By {by.toString()})
2024-01-25 23:41:53,101 [main] INFO  base.BaseClass - Found Element By {by.toString()}
2024-01-25 23:41:53,630 [main] INFO  base.BaseClass - Trying to find Element By {by.toString()})
2024-01-25 23:41:53,652 [main] INFO  base.BaseClass - Found Element By {by.toString()}
2024-01-25 23:41:54,186 [main] INFO  base.BaseClass - Trying to find Element By {by.toString()})
2024-01-25 23:41:54,208 [main] INFO  base.BaseClass - Found Element By {by.toString()}
2024-01-25 23:41:54,745 [main] INFO  base.BaseClass - Trying to find Element By {by.toString()})
2024-01-25 23:41:54,765 [main] INFO  base.BaseClass - Found Element By {by.toString()}
2024-01-25 23:41:55,295 [main] INFO  base.BaseClass - Trying to find Element By {by.toString()})
2024-01-25 23:41:55,317 [main] INFO  base.BaseClass - Found Element By {by.toString()}
2024-01-25 23:41:55,847 [main] INFO  base.BaseClass - Trying to find Element By {by.toString()})
2024-01-25 23:41:55,868 [main] INFO  base.BaseClass - Found Element By {by.toString()}
2024-01-25 23:41:56,404 [main] INFO  base.BaseClass - Trying to find Element By {by.toString()})
2024-01-25 23:41:56,427 [main] INFO  base.BaseClass - Found Element By {by.toString()}
2024-01-25 23:41:56,957 [main] INFO  base.BaseClass - Trying to find Element By {by.toString()})
2024-01-25 23:41:56,978 [main] INFO  base.BaseClass - Found Element By {by.toString()}
2024-01-25 23:41:57,509 [main] INFO  base.BaseClass - Trying to find Element By {by.toString()})
2024-01-25 23:41:57,533 [main] INFO  base.BaseClass - Found Element By {by.toString()}
2024-01-25 23:41:58,079 [main] INFO  base.BaseClass - Trying to find Element By {by.toString()})
2024-01-25 23:41:58,102 [main] INFO  base.BaseClass - Found Element By {by.toString()}
2024-01-25 23:41:58,636 [main] INFO  base.BaseClass - Trying to find Element By {by.toString()})
2024-01-25 23:41:58,658 [main] INFO  base.BaseClass - Found Element By {by.toString()}
2024-01-25 23:41:59,187 [main] INFO  base.BaseClass - Trying to find Element By {by.toString()})
2024-01-25 23:41:59,207 [main] INFO  base.BaseClass - Found Element By {by.toString()}
2024-01-25 23:41:59,739 [main] INFO  base.BaseClass - Trying to find Element By {by.toString()})
2024-01-25 23:41:59,762 [main] INFO  base.BaseClass - Found Element By {by.toString()}
2024-01-25 23:42:00,287 [main] INFO  base.BaseClass - Trying to find Element By {by.toString()})
2024-01-25 23:42:00,309 [main] INFO  base.BaseClass - Found Element By {by.toString()}
2024-01-25 23:42:00,842 [main] INFO  base.BaseClass - Trying to find Element By {by.toString()})
2024-01-25 23:42:00,864 [main] INFO  base.BaseClass - Found Element By {by.toString()}
2024-01-25 23:42:01,397 [main] INFO  base.BaseClass - Trying to find Element By {by.toString()})
2024-01-25 23:42:01,418 [main] INFO  base.BaseClass - Found Element By {by.toString()}
2024-01-25 23:42:01,950 [main] INFO  base.BaseClass - Trying to find Element By {by.toString()})
2024-01-25 23:42:01,974 [main] INFO  base.BaseClass - Found Element By {by.toString()}
2024-01-25 23:42:02,508 [main] INFO  base.BaseClass - Trying to find Element By {by.toString()})
2024-01-25 23:42:02,531 [main] INFO  base.BaseClass - Found Element By {by.toString()}
2024-01-25 23:42:03,055 [main] INFO  base.BaseClass - Trying to find Element By {by.toString()})
2024-01-25 23:42:03,078 [main] INFO  base.BaseClass - Found Element By {by.toString()}
2024-01-25 23:42:03,615 [main] INFO  base.BaseClass - Trying to find Element By {by.toString()})
2024-01-25 23:42:03,640 [main] INFO  base.BaseClass - Found Element By {by.toString()}
2024-01-25 23:42:04,185 [main] INFO  base.BaseClass - Trying to find Element By {by.toString()})
2024-01-25 23:42:04,212 [main] INFO  base.BaseClass - Found Element By {by.toString()}
2024-01-25 23:42:04,749 [main] INFO  base.BaseClass - Trying to find Element By {by.toString()})
2024-01-25 23:42:04,774 [main] INFO  base.BaseClass - Found Element By {by.toString()}
2024-01-25 23:42:05,308 [main] INFO  base.BaseClass - Trying to find Element By {by.toString()})
2024-01-25 23:42:05,330 [main] INFO  base.BaseClass - Found Element By {by.toString()}
2024-01-25 23:42:05,862 [main] INFO  base.BaseClass - Trying to find Element By {by.toString()})
2024-01-25 23:42:05,886 [main] INFO  base.BaseClass - Found Element By {by.toString()}
2024-01-25 23:42:06,417 [main] INFO  base.BaseClass - Trying to find Element By {by.toString()})
2024-01-25 23:42:06,438 [main] INFO  base.BaseClass - Found Element By {by.toString()}
2024-01-25 23:42:06,970 [main] INFO  base.BaseClass - Trying to find Element By {by.toString()})
2024-01-25 23:42:06,991 [main] INFO  base.BaseClass - Found Element By {by.toString()}
2024-01-25 23:42:07,523 [main] INFO  base.BaseClass - Trying to find Element By {by.toString()})
2024-01-25 23:42:07,545 [main] INFO  base.BaseClass - Found Element By {by.toString()}
2024-01-25 23:42:08,066 [main] INFO  base.BaseClass - Trying to find Element By {by.toString()})
2024-01-25 23:42:08,086 [main] INFO  base.BaseClass - Found Element By {by.toString()}
2024-01-25 23:42:08,618 [main] INFO  base.BaseClass - Trying to find Element By {by.toString()})
2024-01-25 23:42:08,639 [main] INFO  base.BaseClass - Found Element By {by.toString()}
2024-01-25 23:42:09,168 [main] INFO  base.BaseClass - Trying to find Element By {by.toString()})
2024-01-25 23:42:09,189 [main] INFO  base.BaseClass - Found Element By {by.toString()}
TimeoutException occurred: Expected condition failed: waiting for helper.WaitUtility$5@332fba3a (tried for 30 second(s) with 500 milliseconds interval)
Build info: version: '3.141.59', revision: 'e82be7d358', time: '2018-11-14T08:17:03'
System info: host: 'DPLAP166', ip: '137.237.3.67', os.name: 'Windows 10', os.arch: 'amd64', os.version: '10.0', java.version: '19.0.1'
Driver info: org.openqa.selenium.support.events.EventFiringWebDriver
Capabilities {acceptInsecureCerts: true, browserName: chrome, browserVersion: 121.0.6167.86, chrome: {chromedriverVersion: 121.0.6167.85 (3f98d690ad7e..., userDataDir: C:\Users\dP-PL\AppData\Loca...}, fedcm:accounts: true, goog:chromeOptions: {debuggerAddress: localhost:56199}, javascriptEnabled: true, networkConnectionEnabled: false, pageLoadStrategy: normal, platform: WINDOWS, platformName: WINDOWS, proxy: Proxy(), setWindowRect: true, strictFileInteractability: false, timeouts: {implicit: 0, pageLoad: 300000, script: 30000}, unhandledPromptBehavior: dismiss and notify, webauthn:extension:credBlob: true, webauthn:extension:largeBlob: true, webauthn:extension:minPinLength: true, webauthn:extension:prf: true, webauthn:virtualAuthenticators: true}
Session ID: 0e78ab16adbe8e38d568135e1bd2396c
2024-01-25 23:42:09,221 [main] ERROR XGLT_15177_Test - Element did not become visible within the specified time: Expected condition failed: waiting for helper.WaitUtility$5@332fba3a (tried for 30 second(s) with 500 milliseconds interval)
Build info: version: '3.141.59', revision: 'e82be7d358', time: '2018-11-14T08:17:03'
System info: host: 'DPLAP166', ip: '137.237.3.67', os.name: 'Windows 10', os.arch: 'amd64', os.version: '10.0', java.version: '19.0.1'
Driver info: org.openqa.selenium.support.events.EventFiringWebDriver
Capabilities {acceptInsecureCerts: true, browserName: chrome, browserVersion: 121.0.6167.86, chrome: {chromedriverVersion: 121.0.6167.85 (3f98d690ad7e..., userDataDir: C:\Users\dP-PL\AppData\Loca...}, fedcm:accounts: true, goog:chromeOptions: {debuggerAddress: localhost:56199}, javascriptEnabled: true, networkConnectionEnabled: false, pageLoadStrategy: normal, platform: WINDOWS, platformName: WINDOWS, proxy: Proxy(), setWindowRect: true, strictFileInteractability: false, timeouts: {implicit: 0, pageLoad: 300000, script: 30000}, unhandledPromptBehavior: dismiss and notify, webauthn:extension:credBlob: true, webauthn:extension:largeBlob: true, webauthn:extension:minPinLength: true, webauthn:extension:prf: true, webauthn:virtualAuthenticators: true}
Session ID: 0e78ab16adbe8e38d568135e1bd2396c
2024-01-25 23:42:09,221 [main] INFO  base.BaseClass - Trying to find Element By {by.toString()})
2024-01-25 23:42:09,236 [main] INFO  base.BaseClass - Found Element By {by.toString()}
MC inactive value is 1
2024-01-25 23:42:09,253 [main] INFO  base.BaseClass - Trying to find Element By {by.toString()})
2024-01-25 23:42:09,269 [main] INFO  base.BaseClass - Found Element By {by.toString()}
2024-01-25 23:42:09,792 [main] INFO  base.BaseClass - Trying to find Element By {by.toString()})
2024-01-25 23:42:09,818 [main] INFO  base.BaseClass - Found Element By {by.toString()}
2024-01-25 23:42:10,346 [main] INFO  base.BaseClass - Trying to find Element By {by.toString()})
2024-01-25 23:42:10,368 [main] INFO  base.BaseClass - Found Element By {by.toString()}
2024-01-25 23:42:10,912 [main] INFO  base.BaseClass - Trying to find Element By {by.toString()})
2024-01-25 23:42:10,935 [main] INFO  base.BaseClass - Found Element By {by.toString()}
2024-01-25 23:42:11,466 [main] INFO  base.BaseClass - Trying to find Element By {by.toString()})
2024-01-25 23:42:11,490 [main] INFO  base.BaseClass - Found Element By {by.toString()}
2024-01-25 23:42:12,019 [main] INFO  base.BaseClass - Trying to find Element By {by.toString()})
2024-01-25 23:42:12,042 [main] INFO  base.BaseClass - Found Element By {by.toString()}
2024-01-25 23:42:12,574 [main] INFO  base.BaseClass - Trying to find Element By {by.toString()})
2024-01-25 23:42:12,599 [main] INFO  base.BaseClass - Found Element By {by.toString()}
2024-01-25 23:42:13,131 [main] INFO  base.BaseClass - Trying to find Element By {by.toString()})
2024-01-25 23:42:13,153 [main] INFO  base.BaseClass - Found Element By {by.toString()}
2024-01-25 23:42:13,696 [main] INFO  base.BaseClass - Trying to find Element By {by.toString()})
2024-01-25 23:42:13,718 [main] INFO  base.BaseClass - Found Element By {by.toString()}
2024-01-25 23:42:14,249 [main] INFO  base.BaseClass - Trying to find Element By {by.toString()})
2024-01-25 23:42:14,272 [main] INFO  base.BaseClass - Found Element By {by.toString()}
2024-01-25 23:42:14,804 [main] INFO  base.BaseClass - Trying to find Element By {by.toString()})
2024-01-25 23:42:14,826 [main] INFO  base.BaseClass - Found Element By {by.toString()}
2024-01-25 23:42:15,354 [main] INFO  base.BaseClass - Trying to find Element By {by.toString()})
2024-01-25 23:42:15,377 [main] INFO  base.BaseClass - Found Element By {by.toString()}
2024-01-25 23:42:15,908 [main] INFO  base.BaseClass - Trying to find Element By {by.toString()})
2024-01-25 23:42:15,929 [main] INFO  base.BaseClass - Found Element By {by.toString()}
2024-01-25 23:42:16,463 [main] INFO  base.BaseClass - Trying to find Element By {by.toString()})
2024-01-25 23:42:16,485 [main] INFO  base.BaseClass - Found Element By {by.toString()}
2024-01-25 23:42:17,012 [main] INFO  base.BaseClass - Trying to find Element By {by.toString()})
2024-01-25 23:42:17,034 [main] INFO  base.BaseClass - Found Element By {by.toString()}
2024-01-25 23:42:17,566 [main] INFO  base.BaseClass - Trying to find Element By {by.toString()})
2024-01-25 23:42:17,589 [main] INFO  base.BaseClass - Found Element By {by.toString()}
2024-01-25 23:42:18,124 [main] INFO  base.BaseClass - Trying to find Element By {by.toString()})
2024-01-25 23:42:18,147 [main] INFO  base.BaseClass - Found Element By {by.toString()}
2024-01-25 23:42:18,691 [main] INFO  base.BaseClass - Trying to find Element By {by.toString()})
2024-01-25 23:42:18,715 [main] INFO  base.BaseClass - Found Element By {by.toString()}
2024-01-25 23:42:19,247 [main] INFO  base.BaseClass - Trying to find Element By {by.toString()})
2024-01-25 23:42:19,269 [main] INFO  base.BaseClass - Found Element By {by.toString()}
2024-01-25 23:42:19,798 [main] INFO  base.BaseClass - Trying to find Element By {by.toString()})
2024-01-25 23:42:19,821 [main] INFO  base.BaseClass - Found Element By {by.toString()}
2024-01-25 23:42:20,342 [main] INFO  base.BaseClass - Trying to find Element By {by.toString()})
2024-01-25 23:42:20,363 [main] INFO  base.BaseClass - Found Element By {by.toString()}
2024-01-25 23:42:20,886 [main] INFO  base.BaseClass - Trying to find Element By {by.toString()})
2024-01-25 23:42:20,908 [main] INFO  base.BaseClass - Found Element By {by.toString()}
2024-01-25 23:42:21,454 [main] INFO  base.BaseClass - Trying to find Element By {by.toString()})
2024-01-25 23:42:21,474 [main] INFO  base.BaseClass - Found Element By {by.toString()}
2024-01-25 23:42:22,005 [main] INFO  base.BaseClass - Trying to find Element By {by.toString()})
2024-01-25 23:42:22,026 [main] INFO  base.BaseClass - Found Element By {by.toString()}
2024-01-25 23:42:22,557 [main] INFO  base.BaseClass - Trying to find Element By {by.toString()})
2024-01-25 23:42:22,580 [main] INFO  base.BaseClass - Found Element By {by.toString()}
2024-01-25 23:42:23,116 [main] INFO  base.BaseClass - Trying to find Element By {by.toString()})
2024-01-25 23:42:23,140 [main] INFO  base.BaseClass - Found Element By {by.toString()}
2024-01-25 23:42:23,672 [main] INFO  base.BaseClass - Trying to find Element By {by.toString()})
2024-01-25 23:42:23,693 [main] INFO  base.BaseClass - Found Element By {by.toString()}
2024-01-25 23:42:24,225 [main] INFO  base.BaseClass - Trying to find Element By {by.toString()})
2024-01-25 23:42:24,248 [main] INFO  base.BaseClass - Found Element By {by.toString()}
2024-01-25 23:42:24,779 [main] INFO  base.BaseClass - Trying to find Element By {by.toString()})
2024-01-25 23:42:24,800 [main] INFO  base.BaseClass - Found Element By {by.toString()}
2024-01-25 23:42:25,330 [main] INFO  base.BaseClass - Trying to find Element By {by.toString()})
2024-01-25 23:42:25,350 [main] INFO  base.BaseClass - Found Element By {by.toString()}
2024-01-25 23:42:25,879 [main] INFO  base.BaseClass - Trying to find Element By {by.toString()})
2024-01-25 23:42:25,901 [main] INFO  base.BaseClass - Found Element By {by.toString()}
2024-01-25 23:42:26,427 [main] INFO  base.BaseClass - Trying to find Element By {by.toString()})
2024-01-25 23:42:26,448 [main] INFO  base.BaseClass - Found Element By {by.toString()}
2024-01-25 23:42:26,972 [main] INFO  base.BaseClass - Trying to find Element By {by.toString()})
2024-01-25 23:42:26,994 [main] INFO  base.BaseClass - Found Element By {by.toString()}
2024-01-25 23:42:27,524 [main] INFO  base.BaseClass - Trying to find Element By {by.toString()})
2024-01-25 23:42:27,547 [main] INFO  base.BaseClass - Found Element By {by.toString()}
2024-01-25 23:42:28,080 [main] INFO  base.BaseClass - Trying to find Element By {by.toString()})
2024-01-25 23:42:28,101 [main] INFO  base.BaseClass - Found Element By {by.toString()}
2024-01-25 23:42:28,631 [main] INFO  base.BaseClass - Trying to find Element By {by.toString()})
2024-01-25 23:42:28,652 [main] INFO  base.BaseClass - Found Element By {by.toString()}
2024-01-25 23:42:29,184 [main] INFO  base.BaseClass - Trying to find Element By {by.toString()})
2024-01-25 23:42:29,207 [main] INFO  base.BaseClass - Found Element By {by.toString()}
2024-01-25 23:42:29,741 [main] INFO  base.BaseClass - Trying to find Element By {by.toString()})
2024-01-25 23:42:29,764 [main] INFO  base.BaseClass - Found Element By {by.toString()}
2024-01-25 23:42:30,291 [main] INFO  base.BaseClass - Trying to find Element By {by.toString()})
2024-01-25 23:42:30,313 [main] INFO  base.BaseClass - Found Element By {by.toString()}
2024-01-25 23:42:30,844 [main] INFO  base.BaseClass - Trying to find Element By {by.toString()})
2024-01-25 23:42:30,866 [main] INFO  base.BaseClass - Found Element By {by.toString()}
2024-01-25 23:42:31,391 [main] INFO  base.BaseClass - Trying to find Element By {by.toString()})
2024-01-25 23:42:31,412 [main] INFO  base.BaseClass - Found Element By {by.toString()}
2024-01-25 23:42:31,936 [main] INFO  base.BaseClass - Trying to find Element By {by.toString()})
2024-01-25 23:42:31,957 [main] INFO  base.BaseClass - Found Element By {by.toString()}
2024-01-25 23:42:32,482 [main] INFO  base.BaseClass - Trying to find Element By {by.toString()})
2024-01-25 23:42:32,504 [main] INFO  base.BaseClass - Found Element By {by.toString()}
2024-01-25 23:42:33,038 [main] INFO  base.BaseClass - Trying to find Element By {by.toString()})
2024-01-25 23:42:33,059 [main] INFO  base.BaseClass - Found Element By {by.toString()}
2024-01-25 23:42:33,584 [main] INFO  base.BaseClass - Trying to find Element By {by.toString()})
2024-01-25 23:42:33,609 [main] INFO  base.BaseClass - Found Element By {by.toString()}
2024-01-25 23:42:34,145 [main] INFO  base.BaseClass - Trying to find Element By {by.toString()})
2024-01-25 23:42:34,168 [main] INFO  base.BaseClass - Found Element By {by.toString()}
2024-01-25 23:42:34,706 [main] INFO  base.BaseClass - Trying to find Element By {by.toString()})
2024-01-25 23:42:34,729 [main] INFO  base.BaseClass - Found Element By {by.toString()}
2024-01-25 23:42:35,263 [main] INFO  base.BaseClass - Trying to find Element By {by.toString()})
2024-01-25 23:42:35,286 [main] INFO  base.BaseClass - Found Element By {by.toString()}
2024-01-25 23:42:35,818 [main] INFO  base.BaseClass - Trying to find Element By {by.toString()})
2024-01-25 23:42:35,840 [main] INFO  base.BaseClass - Found Element By {by.toString()}
2024-01-25 23:42:36,371 [main] INFO  base.BaseClass - Trying to find Element By {by.toString()})
2024-01-25 23:42:36,395 [main] INFO  base.BaseClass - Found Element By {by.toString()}
2024-01-25 23:42:36,922 [main] INFO  base.BaseClass - Trying to find Element By {by.toString()})
2024-01-25 23:42:36,945 [main] INFO  base.BaseClass - Found Element By {by.toString()}
2024-01-25 23:42:37,476 [main] INFO  base.BaseClass - Trying to find Element By {by.toString()})
2024-01-25 23:42:37,497 [main] INFO  base.BaseClass - Found Element By {by.toString()}
2024-01-25 23:42:38,039 [main] INFO  base.BaseClass - Trying to find Element By {by.toString()})
2024-01-25 23:42:38,059 [main] INFO  base.BaseClass - Found Element By {by.toString()}
2024-01-25 23:42:38,590 [main] INFO  base.BaseClass - Trying to find Element By {by.toString()})
2024-01-25 23:42:38,610 [main] INFO  base.BaseClass - Found Element By {by.toString()}
2024-01-25 23:42:39,134 [main] INFO  base.BaseClass - Trying to find Element By {by.toString()})
2024-01-25 23:42:39,156 [main] INFO  base.BaseClass - Found Element By {by.toString()}
2024-01-25 23:42:39,685 [main] INFO  base.BaseClass - Trying to find Element By {by.toString()})
2024-01-25 23:42:39,708 [main] INFO  base.BaseClass - Found Element By {by.toString()}
TimeoutException occurred: Expected condition failed: waiting for helper.WaitUtility$5@6749e18f (tried for 30 second(s) with 500 milliseconds interval)
Build info: version: '3.141.59', revision: 'e82be7d358', time: '2018-11-14T08:17:03'
System info: host: 'DPLAP166', ip: '137.237.3.67', os.name: 'Windows 10', os.arch: 'amd64', os.version: '10.0', java.version: '19.0.1'
Driver info: org.openqa.selenium.support.events.EventFiringWebDriver
Capabilities {acceptInsecureCerts: true, browserName: chrome, browserVersion: 121.0.6167.86, chrome: {chromedriverVersion: 121.0.6167.85 (3f98d690ad7e..., userDataDir: C:\Users\dP-PL\AppData\Loca...}, fedcm:accounts: true, goog:chromeOptions: {debuggerAddress: localhost:56199}, javascriptEnabled: true, networkConnectionEnabled: false, pageLoadStrategy: normal, platform: WINDOWS, platformName: WINDOWS, proxy: Proxy(), setWindowRect: true, strictFileInteractability: false, timeouts: {implicit: 0, pageLoad: 300000, script: 30000}, unhandledPromptBehavior: dismiss and notify, webauthn:extension:credBlob: true, webauthn:extension:largeBlob: true, webauthn:extension:minPinLength: true, webauthn:extension:prf: true, webauthn:virtualAuthenticators: true}
Session ID: 0e78ab16adbe8e38d568135e1bd2396c
2024-01-25 23:42:39,739 [main] ERROR XGLT_15177_Test - Element did not become visible within the specified time: Expected condition failed: waiting for helper.WaitUtility$5@6749e18f (tried for 30 second(s) with 500 milliseconds interval)
Build info: version: '3.141.59', revision: 'e82be7d358', time: '2018-11-14T08:17:03'
System info: host: 'DPLAP166', ip: '137.237.3.67', os.name: 'Windows 10', os.arch: 'amd64', os.version: '10.0', java.version: '19.0.1'
Driver info: org.openqa.selenium.support.events.EventFiringWebDriver
Capabilities {acceptInsecureCerts: true, browserName: chrome, browserVersion: 121.0.6167.86, chrome: {chromedriverVersion: 121.0.6167.85 (3f98d690ad7e..., userDataDir: C:\Users\dP-PL\AppData\Loca...}, fedcm:accounts: true, goog:chromeOptions: {debuggerAddress: localhost:56199}, javascriptEnabled: true, networkConnectionEnabled: false, pageLoadStrategy: normal, platform: WINDOWS, platformName: WINDOWS, proxy: Proxy(), setWindowRect: true, strictFileInteractability: false, timeouts: {implicit: 0, pageLoad: 300000, script: 30000}, unhandledPromptBehavior: dismiss and notify, webauthn:extension:credBlob: true, webauthn:extension:largeBlob: true, webauthn:extension:minPinLength: true, webauthn:extension:prf: true, webauthn:virtualAuthenticators: true}
Session ID: 0e78ab16adbe8e38d568135e1bd2396c
2024-01-25 23:42:39,739 [main] INFO  base.BaseClass - Trying to find Element By {by.toString()})
2024-01-25 23:42:39,759 [main] INFO  base.BaseClass - Found Element By {by.toString()}
2024-01-25 23:42:39,759 [main] INFO  base.BaseClass - Trying to click on: {element.toString()}
2024-01-25 23:42:39,974 [main] INFO  base.BaseClass - Clicked on: {element.toString()}
2024-01-25 23:42:39,974 [main] INFO  base.BaseClass - Trying to find Element By {by.toString()})
2024-01-25 23:42:41,165 [main] INFO  base.BaseClass - Found Element By {by.toString()}
2024-01-25 23:42:41,696 [main] INFO  base.BaseClass - Trying to find Element By {by.toString()})
2024-01-25 23:42:41,721 [main] INFO  base.BaseClass - Found Element By {by.toString()}
2024-01-25 23:42:42,257 [main] INFO  base.BaseClass - Trying to find Element By {by.toString()})
2024-01-25 23:42:42,281 [main] INFO  base.BaseClass - Found Element By {by.toString()}
2024-01-25 23:42:42,818 [main] INFO  base.BaseClass - Trying to find Element By {by.toString()})
2024-01-25 23:42:42,843 [main] INFO  base.BaseClass - Found Element By {by.toString()}
2024-01-25 23:42:43,373 [main] INFO  base.BaseClass - Trying to find Element By {by.toString()})
2024-01-25 23:42:43,397 [main] INFO  base.BaseClass - Found Element By {by.toString()}
2024-01-25 23:42:43,930 [main] INFO  base.BaseClass - Trying to find Element By {by.toString()})
2024-01-25 23:42:43,953 [main] INFO  base.BaseClass - Found Element By {by.toString()}
2024-01-25 23:42:44,488 [main] INFO  base.BaseClass - Trying to find Element By {by.toString()})
2024-01-25 23:42:44,511 [main] INFO  base.BaseClass - Found Element By {by.toString()}
2024-01-25 23:42:45,044 [main] INFO  base.BaseClass - Trying to find Element By {by.toString()})
2024-01-25 23:42:45,065 [main] INFO  base.BaseClass - Found Element By {by.toString()}
2024-01-25 23:42:45,598 [main] INFO  base.BaseClass - Trying to find Element By {by.toString()})
2024-01-25 23:42:45,621 [main] INFO  base.BaseClass - Found Element By {by.toString()}
2024-01-25 23:42:46,163 [main] INFO  base.BaseClass - Trying to find Element By {by.toString()})
2024-01-25 23:42:46,185 [main] INFO  base.BaseClass - Found Element By {by.toString()}
2024-01-25 23:42:46,717 [main] INFO  base.BaseClass - Trying to find Element By {by.toString()})
2024-01-25 23:42:46,740 [main] INFO  base.BaseClass - Found Element By {by.toString()}
2024-01-25 23:42:47,267 [main] INFO  base.BaseClass - Trying to find Element By {by.toString()})
2024-01-25 23:42:47,289 [main] INFO  base.BaseClass - Found Element By {by.toString()}
2024-01-25 23:42:47,817 [main] INFO  base.BaseClass - Trying to find Element By {by.toString()})
2024-01-25 23:42:47,838 [main] INFO  base.BaseClass - Found Element By {by.toString()}
2024-01-25 23:42:48,370 [main] INFO  base.BaseClass - Trying to find Element By {by.toString()})
2024-01-25 23:42:48,391 [main] INFO  base.BaseClass - Found Element By {by.toString()}
2024-01-25 23:42:48,926 [main] INFO  base.BaseClass - Trying to find Element By {by.toString()})
2024-01-25 23:42:48,948 [main] INFO  base.BaseClass - Found Element By {by.toString()}
2024-01-25 23:42:49,475 [main] INFO  base.BaseClass - Trying to find Element By {by.toString()})
2024-01-25 23:42:49,499 [main] INFO  base.BaseClass - Found Element By {by.toString()}
2024-01-25 23:42:50,032 [main] INFO  base.BaseClass - Trying to find Element By {by.toString()})
2024-01-25 23:42:50,054 [main] INFO  base.BaseClass - Found Element By {by.toString()}
2024-01-25 23:42:50,591 [main] INFO  base.BaseClass - Trying to find Element By {by.toString()})
2024-01-25 23:42:50,614 [main] INFO  base.BaseClass - Found Element By {by.toString()}
2024-01-25 23:42:51,149 [main] INFO  base.BaseClass - Trying to find Element By {by.toString()})
2024-01-25 23:42:51,165 [main] INFO  base.BaseClass - Found Element By {by.toString()}
2024-01-25 23:42:51,692 [main] INFO  base.BaseClass - Trying to find Element By {by.toString()})
2024-01-25 23:42:51,717 [main] INFO  base.BaseClass - Found Element By {by.toString()}
2024-01-25 23:42:52,249 [main] INFO  base.BaseClass - Trying to find Element By {by.toString()})
2024-01-25 23:42:52,271 [main] INFO  base.BaseClass - Found Element By {by.toString()}
2024-01-25 23:42:52,802 [main] INFO  base.BaseClass - Trying to find Element By {by.toString()})
2024-01-25 23:42:52,825 [main] INFO  base.BaseClass - Found Element By {by.toString()}
2024-01-25 23:42:53,357 [main] INFO  base.BaseClass - Trying to find Element By {by.toString()})
2024-01-25 23:42:53,380 [main] INFO  base.BaseClass - Found Element By {by.toString()}
2024-01-25 23:42:53,910 [main] INFO  base.BaseClass - Trying to find Element By {by.toString()})
2024-01-25 23:42:53,933 [main] INFO  base.BaseClass - Found Element By {by.toString()}
2024-01-25 23:42:54,458 [main] INFO  base.BaseClass - Trying to find Element By {by.toString()})
2024-01-25 23:42:54,481 [main] INFO  base.BaseClass - Found Element By {by.toString()}
2024-01-25 23:42:55,014 [main] INFO  base.BaseClass - Trying to find Element By {by.toString()})
2024-01-25 23:42:55,036 [main] INFO  base.BaseClass - Found Element By {by.toString()}
2024-01-25 23:42:55,566 [main] INFO  base.BaseClass - Trying to find Element By {by.toString()})
2024-01-25 23:42:55,589 [main] INFO  base.BaseClass - Found Element By {by.toString()}
2024-01-25 23:42:56,121 [main] INFO  base.BaseClass - Trying to find Element By {by.toString()})
2024-01-25 23:42:56,142 [main] INFO  base.BaseClass - Found Element By {by.toString()}
2024-01-25 23:42:56,669 [main] INFO  base.BaseClass - Trying to find Element By {by.toString()})
2024-01-25 23:42:56,692 [main] INFO  base.BaseClass - Found Element By {by.toString()}
2024-01-25 23:42:57,214 [main] INFO  base.BaseClass - Trying to find Element By {by.toString()})
2024-01-25 23:42:57,236 [main] INFO  base.BaseClass - Found Element By {by.toString()}
2024-01-25 23:42:57,767 [main] INFO  base.BaseClass - Trying to find Element By {by.toString()})
2024-01-25 23:42:57,789 [main] INFO  base.BaseClass - Found Element By {by.toString()}
2024-01-25 23:42:58,335 [main] INFO  base.BaseClass - Trying to find Element By {by.toString()})
2024-01-25 23:42:58,357 [main] INFO  base.BaseClass - Found Element By {by.toString()}
2024-01-25 23:42:58,885 [main] INFO  base.BaseClass - Trying to find Element By {by.toString()})
2024-01-25 23:42:58,918 [main] INFO  base.BaseClass - Found Element By {by.toString()}
2024-01-25 23:42:59,437 [main] INFO  base.BaseClass - Trying to find Element By {by.toString()})
2024-01-25 23:42:59,459 [main] INFO  base.BaseClass - Found Element By {by.toString()}
2024-01-25 23:42:59,981 [main] INFO  base.BaseClass - Trying to find Element By {by.toString()})
2024-01-25 23:43:00,002 [main] INFO  base.BaseClass - Found Element By {by.toString()}
2024-01-25 23:43:00,530 [main] INFO  base.BaseClass - Trying to find Element By {by.toString()})
2024-01-25 23:43:00,554 [main] INFO  base.BaseClass - Found Element By {by.toString()}
2024-01-25 23:43:01,092 [main] INFO  base.BaseClass - Trying to find Element By {by.toString()})
2024-01-25 23:43:01,116 [main] INFO  base.BaseClass - Found Element By {by.toString()}
2024-01-25 23:43:01,642 [main] INFO  base.BaseClass - Trying to find Element By {by.toString()})
2024-01-25 23:43:01,666 [main] INFO  base.BaseClass - Found Element By {by.toString()}
2024-01-25 23:43:02,198 [main] INFO  base.BaseClass - Trying to find Element By {by.toString()})
2024-01-25 23:43:02,219 [main] INFO  base.BaseClass - Found Element By {by.toString()}
2024-01-25 23:43:02,752 [main] INFO  base.BaseClass - Trying to find Element By {by.toString()})
2024-01-25 23:43:02,773 [main] INFO  base.BaseClass - Found Element By {by.toString()}
2024-01-25 23:43:03,307 [main] INFO  base.BaseClass - Trying to find Element By {by.toString()})
2024-01-25 23:43:03,329 [main] INFO  base.BaseClass - Found Element By {by.toString()}
2024-01-25 23:43:03,853 [main] INFO  base.BaseClass - Trying to find Element By {by.toString()})
2024-01-25 23:43:03,876 [main] INFO  base.BaseClass - Found Element By {by.toString()}
2024-01-25 23:43:04,407 [main] INFO  base.BaseClass - Trying to find Element By {by.toString()})
2024-01-25 23:43:04,429 [main] INFO  base.BaseClass - Found Element By {by.toString()}
2024-01-25 23:43:04,960 [main] INFO  base.BaseClass - Trying to find Element By {by.toString()})
2024-01-25 23:43:04,982 [main] INFO  base.BaseClass - Found Element By {by.toString()}
2024-01-25 23:43:05,521 [main] INFO  base.BaseClass - Trying to find Element By {by.toString()})
2024-01-25 23:43:05,544 [main] INFO  base.BaseClass - Found Element By {by.toString()}
2024-01-25 23:43:06,087 [main] INFO  base.BaseClass - Trying to find Element By {by.toString()})
2024-01-25 23:43:06,120 [main] INFO  base.BaseClass - Found Element By {by.toString()}
2024-01-25 23:43:06,646 [main] INFO  base.BaseClass - Trying to find Element By {by.toString()})
2024-01-25 23:43:06,669 [main] INFO  base.BaseClass - Found Element By {by.toString()}
2024-01-25 23:43:07,200 [main] INFO  base.BaseClass - Trying to find Element By {by.toString()})
2024-01-25 23:43:07,222 [main] INFO  base.BaseClass - Found Element By {by.toString()}
2024-01-25 23:43:07,756 [main] INFO  base.BaseClass - Trying to find Element By {by.toString()})
2024-01-25 23:43:07,781 [main] INFO  base.BaseClass - Found Element By {by.toString()}
2024-01-25 23:43:08,313 [main] INFO  base.BaseClass - Trying to find Element By {by.toString()})
2024-01-25 23:43:08,334 [main] INFO  base.BaseClass - Found Element By {by.toString()}
2024-01-25 23:43:08,864 [main] INFO  base.BaseClass - Trying to find Element By {by.toString()})
2024-01-25 23:43:08,886 [main] INFO  base.BaseClass - Found Element By {by.toString()}
2024-01-25 23:43:09,418 [main] INFO  base.BaseClass - Trying to find Element By {by.toString()})
2024-01-25 23:43:09,440 [main] INFO  base.BaseClass - Found Element By {by.toString()}
2024-01-25 23:43:09,965 [main] INFO  base.BaseClass - Trying to find Element By {by.toString()})
2024-01-25 23:43:09,987 [main] INFO  base.BaseClass - Found Element By {by.toString()}
TimeoutException occurred: Expected condition failed: waiting for helper.WaitUtility$5@31952e6f (tried for 30 second(s) with 500 milliseconds interval)
Build info: version: '3.141.59', revision: 'e82be7d358', time: '2018-11-14T08:17:03'
System info: host: 'DPLAP166', ip: '137.237.3.67', os.name: 'Windows 10', os.arch: 'amd64', os.version: '10.0', java.version: '19.0.1'
Driver info: org.openqa.selenium.support.events.EventFiringWebDriver
Capabilities {acceptInsecureCerts: true, browserName: chrome, browserVersion: 121.0.6167.86, chrome: {chromedriverVersion: 121.0.6167.85 (3f98d690ad7e..., userDataDir: C:\Users\dP-PL\AppData\Loca...}, fedcm:accounts: true, goog:chromeOptions: {debuggerAddress: localhost:56199}, javascriptEnabled: true, networkConnectionEnabled: false, pageLoadStrategy: normal, platform: WINDOWS, platformName: WINDOWS, proxy: Proxy(), setWindowRect: true, strictFileInteractability: false, timeouts: {implicit: 0, pageLoad: 300000, script: 30000}, unhandledPromptBehavior: dismiss and notify, webauthn:extension:credBlob: true, webauthn:extension:largeBlob: true, webauthn:extension:minPinLength: true, webauthn:extension:prf: true, webauthn:virtualAuthenticators: true}
Session ID: 0e78ab16adbe8e38d568135e1bd2396c
2024-01-25 23:43:10,017 [main] ERROR XGLT_15177_Test - Element did not become visible within the specified time: Expected condition failed: waiting for helper.WaitUtility$5@31952e6f (tried for 30 second(s) with 500 milliseconds interval)
Build info: version: '3.141.59', revision: 'e82be7d358', time: '2018-11-14T08:17:03'
System info: host: 'DPLAP166', ip: '137.237.3.67', os.name: 'Windows 10', os.arch: 'amd64', os.version: '10.0', java.version: '19.0.1'
Driver info: org.openqa.selenium.support.events.EventFiringWebDriver
Capabilities {acceptInsecureCerts: true, browserName: chrome, browserVersion: 121.0.6167.86, chrome: {chromedriverVersion: 121.0.6167.85 (3f98d690ad7e..., userDataDir: C:\Users\dP-PL\AppData\Loca...}, fedcm:accounts: true, goog:chromeOptions: {debuggerAddress: localhost:56199}, javascriptEnabled: true, networkConnectionEnabled: false, pageLoadStrategy: normal, platform: WINDOWS, platformName: WINDOWS, proxy: Proxy(), setWindowRect: true, strictFileInteractability: false, timeouts: {implicit: 0, pageLoad: 300000, script: 30000}, unhandledPromptBehavior: dismiss and notify, webauthn:extension:credBlob: true, webauthn:extension:largeBlob: true, webauthn:extension:minPinLength: true, webauthn:extension:prf: true, webauthn:virtualAuthenticators: true}
Session ID: 0e78ab16adbe8e38d568135e1bd2396c
2024-01-25 23:43:10,030 [main] INFO  base.BaseClass - Trying to find Element By {by.toString()})
2024-01-25 23:43:10,060 [main] INFO  base.BaseClass - Found Element By {by.toString()}
2024-01-25 23:43:10,078 [main] INFO  base.BaseClass - Trying to find Element By {by.toString()})
2024-01-25 23:43:10,094 [main] INFO  base.BaseClass - Found Element By {by.toString()}
2024-01-25 23:43:10,121 [main] INFO  base.BaseClass - Trying to find Element By {by.toString()})
2024-01-25 23:43:10,145 [main] INFO  base.BaseClass - Found Element By {by.toString()}
last page in current selection is 1
2024-01-25 23:43:10,165 [main] INFO  base.BaseClass - Trying to find Element By {by.toString()})
2024-01-25 23:43:10,189 [main] INFO  base.BaseClass - Found Element By {by.toString()}
Height is 516
2024-01-25 23:43:10,210 [main] INFO  base.BaseClass - Trying to find Element By {by.toString()})
2024-01-25 23:43:10,234 [main] INFO  base.BaseClass - Found Element By {by.toString()}
Customer page count for inactive revenue is 1
2024-01-25 23:43:10,234 [main] INFO  base.BaseClass - Trying to find Element By {by.toString()})
2024-01-25 23:43:10,250 [main] INFO  base.BaseClass - Found Element By {by.toString()}
2024-01-25 23:43:10,266 [main] INFO  base.BaseClass - Trying to find Element By {by.toString()})
2024-01-25 23:43:10,284 [main] INFO  base.BaseClass - Found Element By {by.toString()}
2024-01-25 23:43:10,308 [main] INFO  base.BaseClass - Trying to find Element By {by.toString()})
2024-01-25 23:43:10,326 [main] INFO  base.BaseClass - Found Element By {by.toString()}
last page in current selection is 1
2024-01-25 23:43:10,345 [main] INFO  base.BaseClass - Trying to find Element By {by.toString()})
2024-01-25 23:43:10,361 [main] INFO  base.BaseClass - Found Element By {by.toString()}
Height is 516
2024-01-25 23:43:10,378 [main] INFO  base.BaseClass - Trying to find Element By {by.toString()})
2024-01-25 23:43:10,396 [main] INFO  base.BaseClass - Found Element By {by.toString()}
2024-01-25 23:43:10,396 [main] INFO  base.BaseClass - Trying to find Element By {by.toString()})
2024-01-25 23:43:10,412 [main] INFO  base.BaseClass - Found Element By {by.toString()}
2024-01-25 23:43:10,426 [main] INFO  base.BaseClass - Trying to find Element By {by.toString()})
2024-01-25 23:43:10,462 [main] INFO  base.BaseClass - Found Element By {by.toString()}
2024-01-25 23:43:10,491 [main] INFO  base.BaseClass - Trying to find Element By {by.toString()})
2024-01-25 23:43:10,510 [main] INFO  base.BaseClass - Found Element By {by.toString()}
last page in current selection is 1
2024-01-25 23:43:10,530 [main] INFO  base.BaseClass - Trying to find Element By {by.toString()})
2024-01-25 23:43:10,548 [main] INFO  base.BaseClass - Found Element By {by.toString()}
Height is 516
2024-01-25 23:43:10,570 [main] INFO  base.BaseClass - Trying to find Element By {by.toString()})
2024-01-25 23:43:10,591 [main] INFO  base.BaseClass - Found Element By {by.toString()}
MCinactivewithrev passed!
]]></system-out>
  </testcase>
  <testcase name="MCCredithold" classname="XGLT_6685_Test" time="122.371">
    <system-out><![CDATA[Before method Test name: Maintainance Tests
MCCredithold started!
Navigated back from browser
2024-01-25 23:43:10,822 [main] INFO  base.BaseClass - Trying to find Element By {by.toString()})
2024-01-25 23:43:11,134 [main] INFO  base.BaseClass - Found Element By {by.toString()}
2024-01-25 23:43:11,686 [main] INFO  base.BaseClass - Trying to find Element By {by.toString()})
2024-01-25 23:43:11,710 [main] INFO  base.BaseClass - Found Element By {by.toString()}
2024-01-25 23:43:12,236 [main] INFO  base.BaseClass - Trying to find Element By {by.toString()})
2024-01-25 23:43:12,255 [main] INFO  base.BaseClass - Found Element By {by.toString()}
2024-01-25 23:43:12,789 [main] INFO  base.BaseClass - Trying to find Element By {by.toString()})
2024-01-25 23:43:12,814 [main] INFO  base.BaseClass - Found Element By {by.toString()}
2024-01-25 23:43:13,351 [main] INFO  base.BaseClass - Trying to find Element By {by.toString()})
2024-01-25 23:43:13,367 [main] INFO  base.BaseClass - Found Element By {by.toString()}
2024-01-25 23:43:13,914 [main] INFO  base.BaseClass - Trying to find Element By {by.toString()})
2024-01-25 23:43:13,937 [main] INFO  base.BaseClass - Found Element By {by.toString()}
2024-01-25 23:43:14,464 [main] INFO  base.BaseClass - Trying to find Element By {by.toString()})
2024-01-25 23:43:14,487 [main] INFO  base.BaseClass - Found Element By {by.toString()}
2024-01-25 23:43:15,021 [main] INFO  base.BaseClass - Trying to find Element By {by.toString()})
2024-01-25 23:43:15,043 [main] INFO  base.BaseClass - Found Element By {by.toString()}
2024-01-25 23:43:15,573 [main] INFO  base.BaseClass - Trying to find Element By {by.toString()})
2024-01-25 23:43:15,595 [main] INFO  base.BaseClass - Found Element By {by.toString()}
2024-01-25 23:43:16,127 [main] INFO  base.BaseClass - Trying to find Element By {by.toString()})
2024-01-25 23:43:16,147 [main] INFO  base.BaseClass - Found Element By {by.toString()}
2024-01-25 23:43:16,678 [main] INFO  base.BaseClass - Trying to find Element By {by.toString()})
2024-01-25 23:43:16,700 [main] INFO  base.BaseClass - Found Element By {by.toString()}
2024-01-25 23:43:17,235 [main] INFO  base.BaseClass - Trying to find Element By {by.toString()})
2024-01-25 23:43:17,258 [main] INFO  base.BaseClass - Found Element By {by.toString()}
2024-01-25 23:43:17,791 [main] INFO  base.BaseClass - Trying to find Element By {by.toString()})
2024-01-25 23:43:17,813 [main] INFO  base.BaseClass - Found Element By {by.toString()}
2024-01-25 23:43:18,343 [main] INFO  base.BaseClass - Trying to find Element By {by.toString()})
2024-01-25 23:43:18,367 [main] INFO  base.BaseClass - Found Element By {by.toString()}
2024-01-25 23:43:18,913 [main] INFO  base.BaseClass - Trying to find Element By {by.toString()})
2024-01-25 23:43:18,936 [main] INFO  base.BaseClass - Found Element By {by.toString()}
2024-01-25 23:43:19,479 [main] INFO  base.BaseClass - Trying to find Element By {by.toString()})
2024-01-25 23:43:19,501 [main] INFO  base.BaseClass - Found Element By {by.toString()}
2024-01-25 23:43:20,021 [main] INFO  base.BaseClass - Trying to find Element By {by.toString()})
2024-01-25 23:43:20,039 [main] INFO  base.BaseClass - Found Element By {by.toString()}
2024-01-25 23:43:20,560 [main] INFO  base.BaseClass - Trying to find Element By {by.toString()})
2024-01-25 23:43:20,582 [main] INFO  base.BaseClass - Found Element By {by.toString()}
2024-01-25 23:43:21,113 [main] INFO  base.BaseClass - Trying to find Element By {by.toString()})
2024-01-25 23:43:21,136 [main] INFO  base.BaseClass - Found Element By {by.toString()}
2024-01-25 23:43:21,665 [main] INFO  base.BaseClass - Trying to find Element By {by.toString()})
2024-01-25 23:43:21,688 [main] INFO  base.BaseClass - Found Element By {by.toString()}
2024-01-25 23:43:22,224 [main] INFO  base.BaseClass - Trying to find Element By {by.toString()})
2024-01-25 23:43:22,240 [main] INFO  base.BaseClass - Found Element By {by.toString()}
2024-01-25 23:43:22,764 [main] INFO  base.BaseClass - Trying to find Element By {by.toString()})
2024-01-25 23:43:22,787 [main] INFO  base.BaseClass - Found Element By {by.toString()}
2024-01-25 23:43:23,320 [main] INFO  base.BaseClass - Trying to find Element By {by.toString()})
2024-01-25 23:43:23,342 [main] INFO  base.BaseClass - Found Element By {by.toString()}
2024-01-25 23:43:23,868 [main] INFO  base.BaseClass - Trying to find Element By {by.toString()})
2024-01-25 23:43:23,892 [main] INFO  base.BaseClass - Found Element By {by.toString()}
2024-01-25 23:43:24,424 [main] INFO  base.BaseClass - Trying to find Element By {by.toString()})
2024-01-25 23:43:24,446 [main] INFO  base.BaseClass - Found Element By {by.toString()}
2024-01-25 23:43:24,977 [main] INFO  base.BaseClass - Trying to find Element By {by.toString()})
2024-01-25 23:43:25,000 [main] INFO  base.BaseClass - Found Element By {by.toString()}
2024-01-25 23:43:25,533 [main] INFO  base.BaseClass - Trying to find Element By {by.toString()})
2024-01-25 23:43:25,556 [main] INFO  base.BaseClass - Found Element By {by.toString()}
2024-01-25 23:43:26,091 [main] INFO  base.BaseClass - Trying to find Element By {by.toString()})
2024-01-25 23:43:26,112 [main] INFO  base.BaseClass - Found Element By {by.toString()}
2024-01-25 23:43:26,644 [main] INFO  base.BaseClass - Trying to find Element By {by.toString()})
2024-01-25 23:43:26,666 [main] INFO  base.BaseClass - Found Element By {by.toString()}
2024-01-25 23:43:27,200 [main] INFO  base.BaseClass - Trying to find Element By {by.toString()})
2024-01-25 23:43:27,221 [main] INFO  base.BaseClass - Found Element By {by.toString()}
2024-01-25 23:43:27,752 [main] INFO  base.BaseClass - Trying to find Element By {by.toString()})
2024-01-25 23:43:27,774 [main] INFO  base.BaseClass - Found Element By {by.toString()}
2024-01-25 23:43:28,303 [main] INFO  base.BaseClass - Trying to find Element By {by.toString()})
2024-01-25 23:43:28,323 [main] INFO  base.BaseClass - Found Element By {by.toString()}
2024-01-25 23:43:28,854 [main] INFO  base.BaseClass - Trying to find Element By {by.toString()})
2024-01-25 23:43:28,877 [main] INFO  base.BaseClass - Found Element By {by.toString()}
2024-01-25 23:43:29,408 [main] INFO  base.BaseClass - Trying to find Element By {by.toString()})
2024-01-25 23:43:29,429 [main] INFO  base.BaseClass - Found Element By {by.toString()}
2024-01-25 23:43:29,973 [main] INFO  base.BaseClass - Trying to find Element By {by.toString()})
2024-01-25 23:43:29,995 [main] INFO  base.BaseClass - Found Element By {by.toString()}
2024-01-25 23:43:30,527 [main] INFO  base.BaseClass - Trying to find Element By {by.toString()})
2024-01-25 23:43:30,549 [main] INFO  base.BaseClass - Found Element By {by.toString()}
2024-01-25 23:43:31,081 [main] INFO  base.BaseClass - Trying to find Element By {by.toString()})
2024-01-25 23:43:31,103 [main] INFO  base.BaseClass - Found Element By {by.toString()}
2024-01-25 23:43:31,628 [main] INFO  base.BaseClass - Trying to find Element By {by.toString()})
2024-01-25 23:43:31,650 [main] INFO  base.BaseClass - Found Element By {by.toString()}
2024-01-25 23:43:32,191 [main] INFO  base.BaseClass - Trying to find Element By {by.toString()})
2024-01-25 23:43:32,213 [main] INFO  base.BaseClass - Found Element By {by.toString()}
2024-01-25 23:43:32,745 [main] INFO  base.BaseClass - Trying to find Element By {by.toString()})
2024-01-25 23:43:32,766 [main] INFO  base.BaseClass - Found Element By {by.toString()}
2024-01-25 23:43:33,298 [main] INFO  base.BaseClass - Trying to find Element By {by.toString()})
2024-01-25 23:43:33,314 [main] INFO  base.BaseClass - Found Element By {by.toString()}
2024-01-25 23:43:33,837 [main] INFO  base.BaseClass - Trying to find Element By {by.toString()})
2024-01-25 23:43:33,859 [main] INFO  base.BaseClass - Found Element By {by.toString()}
2024-01-25 23:43:34,393 [main] INFO  base.BaseClass - Trying to find Element By {by.toString()})
2024-01-25 23:43:34,414 [main] INFO  base.BaseClass - Found Element By {by.toString()}
2024-01-25 23:43:34,946 [main] INFO  base.BaseClass - Trying to find Element By {by.toString()})
2024-01-25 23:43:34,968 [main] INFO  base.BaseClass - Found Element By {by.toString()}
2024-01-25 23:43:35,501 [main] INFO  base.BaseClass - Trying to find Element By {by.toString()})
2024-01-25 23:43:35,526 [main] INFO  base.BaseClass - Found Element By {by.toString()}
2024-01-25 23:43:36,068 [main] INFO  base.BaseClass - Trying to find Element By {by.toString()})
2024-01-25 23:43:36,093 [main] INFO  base.BaseClass - Found Element By {by.toString()}
2024-01-25 23:43:36,623 [main] INFO  base.BaseClass - Trying to find Element By {by.toString()})
2024-01-25 23:43:36,645 [main] INFO  base.BaseClass - Found Element By {by.toString()}
2024-01-25 23:43:37,176 [main] INFO  base.BaseClass - Trying to find Element By {by.toString()})
2024-01-25 23:43:37,198 [main] INFO  base.BaseClass - Found Element By {by.toString()}
2024-01-25 23:43:37,740 [main] INFO  base.BaseClass - Trying to find Element By {by.toString()})
2024-01-25 23:43:37,762 [main] INFO  base.BaseClass - Found Element By {by.toString()}
2024-01-25 23:43:38,288 [main] INFO  base.BaseClass - Trying to find Element By {by.toString()})
2024-01-25 23:43:38,310 [main] INFO  base.BaseClass - Found Element By {by.toString()}
2024-01-25 23:43:38,835 [main] INFO  base.BaseClass - Trying to find Element By {by.toString()})
2024-01-25 23:43:38,850 [main] INFO  base.BaseClass - Found Element By {by.toString()}
2024-01-25 23:43:39,376 [main] INFO  base.BaseClass - Trying to find Element By {by.toString()})
2024-01-25 23:43:39,396 [main] INFO  base.BaseClass - Found Element By {by.toString()}
2024-01-25 23:43:39,930 [main] INFO  base.BaseClass - Trying to find Element By {by.toString()})
2024-01-25 23:43:39,952 [main] INFO  base.BaseClass - Found Element By {by.toString()}
2024-01-25 23:43:40,493 [main] INFO  base.BaseClass - Trying to find Element By {by.toString()})
2024-01-25 23:43:40,515 [main] INFO  base.BaseClass - Found Element By {by.toString()}
2024-01-25 23:43:41,060 [main] INFO  base.BaseClass - Trying to find Element By {by.toString()})
2024-01-25 23:43:41,083 [main] INFO  base.BaseClass - Found Element By {by.toString()}
TimeoutException occurred: Expected condition failed: waiting for helper.WaitUtility$5@76f31d82 (tried for 30 second(s) with 500 milliseconds interval)
Build info: version: '3.141.59', revision: 'e82be7d358', time: '2018-11-14T08:17:03'
System info: host: 'DPLAP166', ip: '137.237.3.67', os.name: 'Windows 10', os.arch: 'amd64', os.version: '10.0', java.version: '19.0.1'
Driver info: org.openqa.selenium.support.events.EventFiringWebDriver
Capabilities {acceptInsecureCerts: true, browserName: chrome, browserVersion: 121.0.6167.86, chrome: {chromedriverVersion: 121.0.6167.85 (3f98d690ad7e..., userDataDir: C:\Users\dP-PL\AppData\Loca...}, fedcm:accounts: true, goog:chromeOptions: {debuggerAddress: localhost:56199}, javascriptEnabled: true, networkConnectionEnabled: false, pageLoadStrategy: normal, platform: WINDOWS, platformName: WINDOWS, proxy: Proxy(), setWindowRect: true, strictFileInteractability: false, timeouts: {implicit: 0, pageLoad: 300000, script: 30000}, unhandledPromptBehavior: dismiss and notify, webauthn:extension:credBlob: true, webauthn:extension:largeBlob: true, webauthn:extension:minPinLength: true, webauthn:extension:prf: true, webauthn:virtualAuthenticators: true}
Session ID: 0e78ab16adbe8e38d568135e1bd2396c
2024-01-25 23:43:41,113 [main] ERROR XGLT_15177_Test - Element did not become visible within the specified time: Expected condition failed: waiting for helper.WaitUtility$5@76f31d82 (tried for 30 second(s) with 500 milliseconds interval)
Build info: version: '3.141.59', revision: 'e82be7d358', time: '2018-11-14T08:17:03'
System info: host: 'DPLAP166', ip: '137.237.3.67', os.name: 'Windows 10', os.arch: 'amd64', os.version: '10.0', java.version: '19.0.1'
Driver info: org.openqa.selenium.support.events.EventFiringWebDriver
Capabilities {acceptInsecureCerts: true, browserName: chrome, browserVersion: 121.0.6167.86, chrome: {chromedriverVersion: 121.0.6167.85 (3f98d690ad7e..., userDataDir: C:\Users\dP-PL\AppData\Loca...}, fedcm:accounts: true, goog:chromeOptions: {debuggerAddress: localhost:56199}, javascriptEnabled: true, networkConnectionEnabled: false, pageLoadStrategy: normal, platform: WINDOWS, platformName: WINDOWS, proxy: Proxy(), setWindowRect: true, strictFileInteractability: false, timeouts: {implicit: 0, pageLoad: 300000, script: 30000}, unhandledPromptBehavior: dismiss and notify, webauthn:extension:credBlob: true, webauthn:extension:largeBlob: true, webauthn:extension:minPinLength: true, webauthn:extension:prf: true, webauthn:virtualAuthenticators: true}
Session ID: 0e78ab16adbe8e38d568135e1bd2396c
2024-01-25 23:43:41,113 [main] INFO  base.BaseClass - Trying to find Element By {by.toString()})
2024-01-25 23:43:41,137 [main] INFO  base.BaseClass - Found Element By {by.toString()}
2024-01-25 23:43:41,663 [main] INFO  base.BaseClass - Trying to find Element By {by.toString()})
2024-01-25 23:43:41,685 [main] INFO  base.BaseClass - Found Element By {by.toString()}
2024-01-25 23:43:42,215 [main] INFO  base.BaseClass - Trying to find Element By {by.toString()})
2024-01-25 23:43:42,236 [main] INFO  base.BaseClass - Found Element By {by.toString()}
2024-01-25 23:43:42,766 [main] INFO  base.BaseClass - Trying to find Element By {by.toString()})
2024-01-25 23:43:42,789 [main] INFO  base.BaseClass - Found Element By {by.toString()}
2024-01-25 23:43:43,321 [main] INFO  base.BaseClass - Trying to find Element By {by.toString()})
2024-01-25 23:43:43,338 [main] INFO  base.BaseClass - Found Element By {by.toString()}
2024-01-25 23:43:43,862 [main] INFO  base.BaseClass - Trying to find Element By {by.toString()})
2024-01-25 23:43:43,886 [main] INFO  base.BaseClass - Found Element By {by.toString()}
2024-01-25 23:43:44,420 [main] INFO  base.BaseClass - Trying to find Element By {by.toString()})
2024-01-25 23:43:44,442 [main] INFO  base.BaseClass - Found Element By {by.toString()}
2024-01-25 23:43:44,974 [main] INFO  base.BaseClass - Trying to find Element By {by.toString()})
2024-01-25 23:43:44,997 [main] INFO  base.BaseClass - Found Element By {by.toString()}
2024-01-25 23:43:45,530 [main] INFO  base.BaseClass - Trying to find Element By {by.toString()})
2024-01-25 23:43:45,552 [main] INFO  base.BaseClass - Found Element By {by.toString()}
2024-01-25 23:43:46,077 [main] INFO  base.BaseClass - Trying to find Element By {by.toString()})
2024-01-25 23:43:46,100 [main] INFO  base.BaseClass - Found Element By {by.toString()}
2024-01-25 23:43:46,633 [main] INFO  base.BaseClass - Trying to find Element By {by.toString()})
2024-01-25 23:43:46,656 [main] INFO  base.BaseClass - Found Element By {by.toString()}
2024-01-25 23:43:47,200 [main] INFO  base.BaseClass - Trying to find Element By {by.toString()})
2024-01-25 23:43:47,222 [main] INFO  base.BaseClass - Found Element By {by.toString()}
2024-01-25 23:43:47,752 [main] INFO  base.BaseClass - Trying to find Element By {by.toString()})
2024-01-25 23:43:47,774 [main] INFO  base.BaseClass - Found Element By {by.toString()}
2024-01-25 23:43:48,306 [main] INFO  base.BaseClass - Trying to find Element By {by.toString()})
2024-01-25 23:43:48,326 [main] INFO  base.BaseClass - Found Element By {by.toString()}
2024-01-25 23:43:48,854 [main] INFO  base.BaseClass - Trying to find Element By {by.toString()})
2024-01-25 23:43:48,877 [main] INFO  base.BaseClass - Found Element By {by.toString()}
2024-01-25 23:43:49,405 [main] INFO  base.BaseClass - Trying to find Element By {by.toString()})
2024-01-25 23:43:49,426 [main] INFO  base.BaseClass - Found Element By {by.toString()}
2024-01-25 23:43:49,958 [main] INFO  base.BaseClass - Trying to find Element By {by.toString()})
2024-01-25 23:43:49,981 [main] INFO  base.BaseClass - Found Element By {by.toString()}
2024-01-25 23:43:50,502 [main] INFO  base.BaseClass - Trying to find Element By {by.toString()})
2024-01-25 23:43:50,524 [main] INFO  base.BaseClass - Found Element By {by.toString()}
2024-01-25 23:43:51,057 [main] INFO  base.BaseClass - Trying to find Element By {by.toString()})
2024-01-25 23:43:51,075 [main] INFO  base.BaseClass - Found Element By {by.toString()}
2024-01-25 23:43:51,599 [main] INFO  base.BaseClass - Trying to find Element By {by.toString()})
2024-01-25 23:43:51,620 [main] INFO  base.BaseClass - Found Element By {by.toString()}
2024-01-25 23:43:52,152 [main] INFO  base.BaseClass - Trying to find Element By {by.toString()})
2024-01-25 23:43:52,174 [main] INFO  base.BaseClass - Found Element By {by.toString()}
2024-01-25 23:43:52,705 [main] INFO  base.BaseClass - Trying to find Element By {by.toString()})
2024-01-25 23:43:52,726 [main] INFO  base.BaseClass - Found Element By {by.toString()}
2024-01-25 23:43:53,256 [main] INFO  base.BaseClass - Trying to find Element By {by.toString()})
2024-01-25 23:43:53,279 [main] INFO  base.BaseClass - Found Element By {by.toString()}
2024-01-25 23:43:53,799 [main] INFO  base.BaseClass - Trying to find Element By {by.toString()})
2024-01-25 23:43:53,822 [main] INFO  base.BaseClass - Found Element By {by.toString()}
2024-01-25 23:43:54,357 [main] INFO  base.BaseClass - Trying to find Element By {by.toString()})
2024-01-25 23:43:54,378 [main] INFO  base.BaseClass - Found Element By {by.toString()}
2024-01-25 23:43:54,919 [main] INFO  base.BaseClass - Trying to find Element By {by.toString()})
2024-01-25 23:43:54,942 [main] INFO  base.BaseClass - Found Element By {by.toString()}
2024-01-25 23:43:55,473 [main] INFO  base.BaseClass - Trying to find Element By {by.toString()})
2024-01-25 23:43:55,494 [main] INFO  base.BaseClass - Found Element By {by.toString()}
2024-01-25 23:43:56,025 [main] INFO  base.BaseClass - Trying to find Element By {by.toString()})
2024-01-25 23:43:56,047 [main] INFO  base.BaseClass - Found Element By {by.toString()}
2024-01-25 23:43:56,579 [main] INFO  base.BaseClass - Trying to find Element By {by.toString()})
2024-01-25 23:43:56,620 [main] INFO  base.BaseClass - Found Element By {by.toString()}
2024-01-25 23:43:57,133 [main] INFO  base.BaseClass - Trying to find Element By {by.toString()})
2024-01-25 23:43:57,157 [main] INFO  base.BaseClass - Found Element By {by.toString()}
2024-01-25 23:43:57,699 [main] INFO  base.BaseClass - Trying to find Element By {by.toString()})
2024-01-25 23:43:57,722 [main] INFO  base.BaseClass - Found Element By {by.toString()}
2024-01-25 23:43:58,258 [main] INFO  base.BaseClass - Trying to find Element By {by.toString()})
2024-01-25 23:43:58,273 [main] INFO  base.BaseClass - Found Element By {by.toString()}
2024-01-25 23:43:58,798 [main] INFO  base.BaseClass - Trying to find Element By {by.toString()})
2024-01-25 23:43:58,819 [main] INFO  base.BaseClass - Found Element By {by.toString()}
2024-01-25 23:43:59,349 [main] INFO  base.BaseClass - Trying to find Element By {by.toString()})
2024-01-25 23:43:59,373 [main] INFO  base.BaseClass - Found Element By {by.toString()}
2024-01-25 23:43:59,903 [main] INFO  base.BaseClass - Trying to find Element By {by.toString()})
2024-01-25 23:43:59,926 [main] INFO  base.BaseClass - Found Element By {by.toString()}
2024-01-25 23:44:00,458 [main] INFO  base.BaseClass - Trying to find Element By {by.toString()})
2024-01-25 23:44:00,479 [main] INFO  base.BaseClass - Found Element By {by.toString()}
2024-01-25 23:44:01,010 [main] INFO  base.BaseClass - Trying to find Element By {by.toString()})
2024-01-25 23:44:01,033 [main] INFO  base.BaseClass - Found Element By {by.toString()}
2024-01-25 23:44:01,568 [main] INFO  base.BaseClass - Trying to find Element By {by.toString()})
2024-01-25 23:44:01,584 [main] INFO  base.BaseClass - Found Element By {by.toString()}
2024-01-25 23:44:02,116 [main] INFO  base.BaseClass - Trying to find Element By {by.toString()})
2024-01-25 23:44:02,138 [main] INFO  base.BaseClass - Found Element By {by.toString()}
2024-01-25 23:44:02,670 [main] INFO  base.BaseClass - Trying to find Element By {by.toString()})
2024-01-25 23:44:02,693 [main] INFO  base.BaseClass - Found Element By {by.toString()}
2024-01-25 23:44:03,228 [main] INFO  base.BaseClass - Trying to find Element By {by.toString()})
2024-01-25 23:44:03,249 [main] INFO  base.BaseClass - Found Element By {by.toString()}
2024-01-25 23:44:03,780 [main] INFO  base.BaseClass - Trying to find Element By {by.toString()})
2024-01-25 23:44:03,802 [main] INFO  base.BaseClass - Found Element By {by.toString()}
2024-01-25 23:44:04,323 [main] INFO  base.BaseClass - Trying to find Element By {by.toString()})
2024-01-25 23:44:04,344 [main] INFO  base.BaseClass - Found Element By {by.toString()}
2024-01-25 23:44:04,876 [main] INFO  base.BaseClass - Trying to find Element By {by.toString()})
2024-01-25 23:44:04,898 [main] INFO  base.BaseClass - Found Element By {by.toString()}
2024-01-25 23:44:05,438 [main] INFO  base.BaseClass - Trying to find Element By {by.toString()})
2024-01-25 23:44:05,455 [main] INFO  base.BaseClass - Found Element By {by.toString()}
2024-01-25 23:44:05,979 [main] INFO  base.BaseClass - Trying to find Element By {by.toString()})
2024-01-25 23:44:06,002 [main] INFO  base.BaseClass - Found Element By {by.toString()}
2024-01-25 23:44:06,533 [main] INFO  base.BaseClass - Trying to find Element By {by.toString()})
2024-01-25 23:44:06,554 [main] INFO  base.BaseClass - Found Element By {by.toString()}
2024-01-25 23:44:07,082 [main] INFO  base.BaseClass - Trying to find Element By {by.toString()})
2024-01-25 23:44:07,105 [main] INFO  base.BaseClass - Found Element By {by.toString()}
2024-01-25 23:44:07,643 [main] INFO  base.BaseClass - Trying to find Element By {by.toString()})
2024-01-25 23:44:07,665 [main] INFO  base.BaseClass - Found Element By {by.toString()}
2024-01-25 23:44:08,208 [main] INFO  base.BaseClass - Trying to find Element By {by.toString()})
2024-01-25 23:44:08,231 [main] INFO  base.BaseClass - Found Element By {by.toString()}
2024-01-25 23:44:08,765 [main] INFO  base.BaseClass - Trying to find Element By {by.toString()})
2024-01-25 23:44:08,787 [main] INFO  base.BaseClass - Found Element By {by.toString()}
2024-01-25 23:44:09,320 [main] INFO  base.BaseClass - Trying to find Element By {by.toString()})
2024-01-25 23:44:09,342 [main] INFO  base.BaseClass - Found Element By {by.toString()}
2024-01-25 23:44:09,875 [main] INFO  base.BaseClass - Trying to find Element By {by.toString()})
2024-01-25 23:44:09,898 [main] INFO  base.BaseClass - Found Element By {by.toString()}
2024-01-25 23:44:10,439 [main] INFO  base.BaseClass - Trying to find Element By {by.toString()})
2024-01-25 23:44:10,460 [main] INFO  base.BaseClass - Found Element By {by.toString()}
2024-01-25 23:44:11,008 [main] INFO  base.BaseClass - Trying to find Element By {by.toString()})
2024-01-25 23:44:11,022 [main] INFO  base.BaseClass - Found Element By {by.toString()}
2024-01-25 23:44:11,552 [main] INFO  base.BaseClass - Trying to find Element By {by.toString()})
2024-01-25 23:44:11,569 [main] INFO  base.BaseClass - Found Element By {by.toString()}
TimeoutException occurred: Expected condition failed: waiting for helper.WaitUtility$5@2e62b62 (tried for 30 second(s) with 500 milliseconds interval)
Build info: version: '3.141.59', revision: 'e82be7d358', time: '2018-11-14T08:17:03'
System info: host: 'DPLAP166', ip: '137.237.3.67', os.name: 'Windows 10', os.arch: 'amd64', os.version: '10.0', java.version: '19.0.1'
Driver info: org.openqa.selenium.support.events.EventFiringWebDriver
Capabilities {acceptInsecureCerts: true, browserName: chrome, browserVersion: 121.0.6167.86, chrome: {chromedriverVersion: 121.0.6167.85 (3f98d690ad7e..., userDataDir: C:\Users\dP-PL\AppData\Loca...}, fedcm:accounts: true, goog:chromeOptions: {debuggerAddress: localhost:56199}, javascriptEnabled: true, networkConnectionEnabled: false, pageLoadStrategy: normal, platform: WINDOWS, platformName: WINDOWS, proxy: Proxy(), setWindowRect: true, strictFileInteractability: false, timeouts: {implicit: 0, pageLoad: 300000, script: 30000}, unhandledPromptBehavior: dismiss and notify, webauthn:extension:credBlob: true, webauthn:extension:largeBlob: true, webauthn:extension:minPinLength: true, webauthn:extension:prf: true, webauthn:virtualAuthenticators: true}
Session ID: 0e78ab16adbe8e38d568135e1bd2396c
2024-01-25 23:44:11,596 [main] ERROR XGLT_15177_Test - Element did not become visible within the specified time: Expected condition failed: waiting for helper.WaitUtility$5@2e62b62 (tried for 30 second(s) with 500 milliseconds interval)
Build info: version: '3.141.59', revision: 'e82be7d358', time: '2018-11-14T08:17:03'
System info: host: 'DPLAP166', ip: '137.237.3.67', os.name: 'Windows 10', os.arch: 'amd64', os.version: '10.0', java.version: '19.0.1'
Driver info: org.openqa.selenium.support.events.EventFiringWebDriver
Capabilities {acceptInsecureCerts: true, browserName: chrome, browserVersion: 121.0.6167.86, chrome: {chromedriverVersion: 121.0.6167.85 (3f98d690ad7e..., userDataDir: C:\Users\dP-PL\AppData\Loca...}, fedcm:accounts: true, goog:chromeOptions: {debuggerAddress: localhost:56199}, javascriptEnabled: true, networkConnectionEnabled: false, pageLoadStrategy: normal, platform: WINDOWS, platformName: WINDOWS, proxy: Proxy(), setWindowRect: true, strictFileInteractability: false, timeouts: {implicit: 0, pageLoad: 300000, script: 30000}, unhandledPromptBehavior: dismiss and notify, webauthn:extension:credBlob: true, webauthn:extension:largeBlob: true, webauthn:extension:minPinLength: true, webauthn:extension:prf: true, webauthn:virtualAuthenticators: true}
Session ID: 0e78ab16adbe8e38d568135e1bd2396c
2024-01-25 23:44:11,596 [main] INFO  base.BaseClass - Trying to find Element By {by.toString()})
2024-01-25 23:44:11,613 [main] INFO  base.BaseClass - Found Element By {by.toString()}
MC credit hold value is 1
2024-01-25 23:44:11,631 [main] INFO  base.BaseClass - Trying to find Element By {by.toString()})
2024-01-25 23:44:11,649 [main] INFO  base.BaseClass - Found Element By {by.toString()}
2024-01-25 23:44:12,175 [main] INFO  base.BaseClass - Trying to find Element By {by.toString()})
2024-01-25 23:44:12,191 [main] INFO  base.BaseClass - Found Element By {by.toString()}
2024-01-25 23:44:12,724 [main] INFO  base.BaseClass - Trying to find Element By {by.toString()})
2024-01-25 23:44:12,743 [main] INFO  base.BaseClass - Found Element By {by.toString()}
2024-01-25 23:44:13,270 [main] INFO  base.BaseClass - Trying to find Element By {by.toString()})
2024-01-25 23:44:13,291 [main] INFO  base.BaseClass - Found Element By {by.toString()}
2024-01-25 23:44:13,824 [main] INFO  base.BaseClass - Trying to find Element By {by.toString()})
2024-01-25 23:44:13,844 [main] INFO  base.BaseClass - Found Element By {by.toString()}
2024-01-25 23:44:14,374 [main] INFO  base.BaseClass - Trying to find Element By {by.toString()})
2024-01-25 23:44:14,396 [main] INFO  base.BaseClass - Found Element By {by.toString()}
2024-01-25 23:44:14,926 [main] INFO  base.BaseClass - Trying to find Element By {by.toString()})
2024-01-25 23:44:14,947 [main] INFO  base.BaseClass - Found Element By {by.toString()}
2024-01-25 23:44:15,477 [main] INFO  base.BaseClass - Trying to find Element By {by.toString()})
2024-01-25 23:44:15,500 [main] INFO  base.BaseClass - Found Element By {by.toString()}
2024-01-25 23:44:16,020 [main] INFO  base.BaseClass - Trying to find Element By {by.toString()})
2024-01-25 23:44:16,042 [main] INFO  base.BaseClass - Found Element By {by.toString()}
2024-01-25 23:44:16,574 [main] INFO  base.BaseClass - Trying to find Element By {by.toString()})
2024-01-25 23:44:16,596 [main] INFO  base.BaseClass - Found Element By {by.toString()}
2024-01-25 23:44:17,127 [main] INFO  base.BaseClass - Trying to find Element By {by.toString()})
2024-01-25 23:44:17,150 [main] INFO  base.BaseClass - Found Element By {by.toString()}
2024-01-25 23:44:17,686 [main] INFO  base.BaseClass - Trying to find Element By {by.toString()})
2024-01-25 23:44:17,698 [main] INFO  base.BaseClass - Found Element By {by.toString()}
2024-01-25 23:44:18,224 [main] INFO  base.BaseClass - Trying to find Element By {by.toString()})
2024-01-25 23:44:18,246 [main] INFO  base.BaseClass - Found Element By {by.toString()}
2024-01-25 23:44:18,782 [main] INFO  base.BaseClass - Trying to find Element By {by.toString()})
2024-01-25 23:44:18,805 [main] INFO  base.BaseClass - Found Element By {by.toString()}
2024-01-25 23:44:19,333 [main] INFO  base.BaseClass - Trying to find Element By {by.toString()})
2024-01-25 23:44:19,356 [main] INFO  base.BaseClass - Found Element By {by.toString()}
2024-01-25 23:44:19,898 [main] INFO  base.BaseClass - Trying to find Element By {by.toString()})
2024-01-25 23:44:19,922 [main] INFO  base.BaseClass - Found Element By {by.toString()}
2024-01-25 23:44:20,452 [main] INFO  base.BaseClass - Trying to find Element By {by.toString()})
2024-01-25 23:44:20,474 [main] INFO  base.BaseClass - Found Element By {by.toString()}
2024-01-25 23:44:21,004 [main] INFO  base.BaseClass - Trying to find Element By {by.toString()})
2024-01-25 23:44:21,026 [main] INFO  base.BaseClass - Found Element By {by.toString()}
2024-01-25 23:44:21,558 [main] INFO  base.BaseClass - Trying to find Element By {by.toString()})
2024-01-25 23:44:21,574 [main] INFO  base.BaseClass - Found Element By {by.toString()}
2024-01-25 23:44:22,102 [main] INFO  base.BaseClass - Trying to find Element By {by.toString()})
2024-01-25 23:44:22,125 [main] INFO  base.BaseClass - Found Element By {by.toString()}
2024-01-25 23:44:22,657 [main] INFO  base.BaseClass - Trying to find Element By {by.toString()})
2024-01-25 23:44:22,680 [main] INFO  base.BaseClass - Found Element By {by.toString()}
2024-01-25 23:44:23,205 [main] INFO  base.BaseClass - Trying to find Element By {by.toString()})
2024-01-25 23:44:23,228 [main] INFO  base.BaseClass - Found Element By {by.toString()}
2024-01-25 23:44:23,760 [main] INFO  base.BaseClass - Trying to find Element By {by.toString()})
2024-01-25 23:44:23,781 [main] INFO  base.BaseClass - Found Element By {by.toString()}
2024-01-25 23:44:24,309 [main] INFO  base.BaseClass - Trying to find Element By {by.toString()})
2024-01-25 23:44:24,332 [main] INFO  base.BaseClass - Found Element By {by.toString()}
2024-01-25 23:44:24,859 [main] INFO  base.BaseClass - Trying to find Element By {by.toString()})
2024-01-25 23:44:24,880 [main] INFO  base.BaseClass - Found Element By {by.toString()}
2024-01-25 23:44:25,413 [main] INFO  base.BaseClass - Trying to find Element By {by.toString()})
2024-01-25 23:44:25,434 [main] INFO  base.BaseClass - Found Element By {by.toString()}
2024-01-25 23:44:25,961 [main] INFO  base.BaseClass - Trying to find Element By {by.toString()})
2024-01-25 23:44:25,986 [main] INFO  base.BaseClass - Found Element By {by.toString()}
2024-01-25 23:44:26,519 [main] INFO  base.BaseClass - Trying to find Element By {by.toString()})
2024-01-25 23:44:26,541 [main] INFO  base.BaseClass - Found Element By {by.toString()}
2024-01-25 23:44:27,070 [main] INFO  base.BaseClass - Trying to find Element By {by.toString()})
2024-01-25 23:44:27,094 [main] INFO  base.BaseClass - Found Element By {by.toString()}
2024-01-25 23:44:27,626 [main] INFO  base.BaseClass - Trying to find Element By {by.toString()})
2024-01-25 23:44:27,646 [main] INFO  base.BaseClass - Found Element By {by.toString()}
2024-01-25 23:44:28,173 [main] INFO  base.BaseClass - Trying to find Element By {by.toString()})
2024-01-25 23:44:28,195 [main] INFO  base.BaseClass - Found Element By {by.toString()}
2024-01-25 23:44:28,726 [main] INFO  base.BaseClass - Trying to find Element By {by.toString()})
2024-01-25 23:44:28,749 [main] INFO  base.BaseClass - Found Element By {by.toString()}
2024-01-25 23:44:29,281 [main] INFO  base.BaseClass - Trying to find Element By {by.toString()})
2024-01-25 23:44:29,304 [main] INFO  base.BaseClass - Found Element By {by.toString()}
2024-01-25 23:44:29,837 [main] INFO  base.BaseClass - Trying to find Element By {by.toString()})
2024-01-25 23:44:29,859 [main] INFO  base.BaseClass - Found Element By {by.toString()}
2024-01-25 23:44:30,391 [main] INFO  base.BaseClass - Trying to find Element By {by.toString()})
2024-01-25 23:44:30,412 [main] INFO  base.BaseClass - Found Element By {by.toString()}
2024-01-25 23:44:30,937 [main] INFO  base.BaseClass - Trying to find Element By {by.toString()})
2024-01-25 23:44:30,963 [main] INFO  base.BaseClass - Found Element By {by.toString()}
2024-01-25 23:44:31,509 [main] INFO  base.BaseClass - Trying to find Element By {by.toString()})
2024-01-25 23:44:31,531 [main] INFO  base.BaseClass - Found Element By {by.toString()}
2024-01-25 23:44:32,072 [main] INFO  base.BaseClass - Trying to find Element By {by.toString()})
2024-01-25 23:44:32,094 [main] INFO  base.BaseClass - Found Element By {by.toString()}
2024-01-25 23:44:32,625 [main] INFO  base.BaseClass - Trying to find Element By {by.toString()})
2024-01-25 23:44:32,645 [main] INFO  base.BaseClass - Found Element By {by.toString()}
2024-01-25 23:44:33,165 [main] INFO  base.BaseClass - Trying to find Element By {by.toString()})
2024-01-25 23:44:33,188 [main] INFO  base.BaseClass - Found Element By {by.toString()}
2024-01-25 23:44:33,722 [main] INFO  base.BaseClass - Trying to find Element By {by.toString()})
2024-01-25 23:44:33,745 [main] INFO  base.BaseClass - Found Element By {by.toString()}
2024-01-25 23:44:34,266 [main] INFO  base.BaseClass - Trying to find Element By {by.toString()})
2024-01-25 23:44:34,289 [main] INFO  base.BaseClass - Found Element By {by.toString()}
2024-01-25 23:44:34,819 [main] INFO  base.BaseClass - Trying to find Element By {by.toString()})
2024-01-25 23:44:34,841 [main] INFO  base.BaseClass - Found Element By {by.toString()}
2024-01-25 23:44:35,373 [main] INFO  base.BaseClass - Trying to find Element By {by.toString()})
2024-01-25 23:44:35,396 [main] INFO  base.BaseClass - Found Element By {by.toString()}
2024-01-25 23:44:35,933 [main] INFO  base.BaseClass - Trying to find Element By {by.toString()})
2024-01-25 23:44:35,957 [main] INFO  base.BaseClass - Found Element By {by.toString()}
2024-01-25 23:44:36,500 [main] INFO  base.BaseClass - Trying to find Element By {by.toString()})
2024-01-25 23:44:36,522 [main] INFO  base.BaseClass - Found Element By {by.toString()}
2024-01-25 23:44:37,043 [main] INFO  base.BaseClass - Trying to find Element By {by.toString()})
2024-01-25 23:44:37,087 [main] INFO  base.BaseClass - Found Element By {by.toString()}
2024-01-25 23:44:37,605 [main] INFO  base.BaseClass - Trying to find Element By {by.toString()})
2024-01-25 23:44:37,627 [main] INFO  base.BaseClass - Found Element By {by.toString()}
2024-01-25 23:44:38,154 [main] INFO  base.BaseClass - Trying to find Element By {by.toString()})
2024-01-25 23:44:38,177 [main] INFO  base.BaseClass - Found Element By {by.toString()}
2024-01-25 23:44:38,721 [main] INFO  base.BaseClass - Trying to find Element By {by.toString()})
2024-01-25 23:44:38,739 [main] INFO  base.BaseClass - Found Element By {by.toString()}
2024-01-25 23:44:39,274 [main] INFO  base.BaseClass - Trying to find Element By {by.toString()})
2024-01-25 23:44:39,296 [main] INFO  base.BaseClass - Found Element By {by.toString()}
2024-01-25 23:44:39,828 [main] INFO  base.BaseClass - Trying to find Element By {by.toString()})
2024-01-25 23:44:39,851 [main] INFO  base.BaseClass - Found Element By {by.toString()}
2024-01-25 23:44:40,386 [main] INFO  base.BaseClass - Trying to find Element By {by.toString()})
2024-01-25 23:44:40,408 [main] INFO  base.BaseClass - Found Element By {by.toString()}
2024-01-25 23:44:40,939 [main] INFO  base.BaseClass - Trying to find Element By {by.toString()})
2024-01-25 23:44:40,962 [main] INFO  base.BaseClass - Found Element By {by.toString()}
2024-01-25 23:44:41,494 [main] INFO  base.BaseClass - Trying to find Element By {by.toString()})
2024-01-25 23:44:41,516 [main] INFO  base.BaseClass - Found Element By {by.toString()}
2024-01-25 23:44:42,055 [main] INFO  base.BaseClass - Trying to find Element By {by.toString()})
2024-01-25 23:44:42,078 [main] INFO  base.BaseClass - Found Element By {by.toString()}
TimeoutException occurred: Expected condition failed: waiting for helper.WaitUtility$5@30fe175 (tried for 30 second(s) with 500 milliseconds interval)
Build info: version: '3.141.59', revision: 'e82be7d358', time: '2018-11-14T08:17:03'
System info: host: 'DPLAP166', ip: '137.237.3.67', os.name: 'Windows 10', os.arch: 'amd64', os.version: '10.0', java.version: '19.0.1'
Driver info: org.openqa.selenium.support.events.EventFiringWebDriver
Capabilities {acceptInsecureCerts: true, browserName: chrome, browserVersion: 121.0.6167.86, chrome: {chromedriverVersion: 121.0.6167.85 (3f98d690ad7e..., userDataDir: C:\Users\dP-PL\AppData\Loca...}, fedcm:accounts: true, goog:chromeOptions: {debuggerAddress: localhost:56199}, javascriptEnabled: true, networkConnectionEnabled: false, pageLoadStrategy: normal, platform: WINDOWS, platformName: WINDOWS, proxy: Proxy(), setWindowRect: true, strictFileInteractability: false, timeouts: {implicit: 0, pageLoad: 300000, script: 30000}, unhandledPromptBehavior: dismiss and notify, webauthn:extension:credBlob: true, webauthn:extension:largeBlob: true, webauthn:extension:minPinLength: true, webauthn:extension:prf: true, webauthn:virtualAuthenticators: true}
Session ID: 0e78ab16adbe8e38d568135e1bd2396c
2024-01-25 23:44:42,108 [main] ERROR XGLT_15177_Test - Element did not become visible within the specified time: Expected condition failed: waiting for helper.WaitUtility$5@30fe175 (tried for 30 second(s) with 500 milliseconds interval)
Build info: version: '3.141.59', revision: 'e82be7d358', time: '2018-11-14T08:17:03'
System info: host: 'DPLAP166', ip: '137.237.3.67', os.name: 'Windows 10', os.arch: 'amd64', os.version: '10.0', java.version: '19.0.1'
Driver info: org.openqa.selenium.support.events.EventFiringWebDriver
Capabilities {acceptInsecureCerts: true, browserName: chrome, browserVersion: 121.0.6167.86, chrome: {chromedriverVersion: 121.0.6167.85 (3f98d690ad7e..., userDataDir: C:\Users\dP-PL\AppData\Loca...}, fedcm:accounts: true, goog:chromeOptions: {debuggerAddress: localhost:56199}, javascriptEnabled: true, networkConnectionEnabled: false, pageLoadStrategy: normal, platform: WINDOWS, platformName: WINDOWS, proxy: Proxy(), setWindowRect: true, strictFileInteractability: false, timeouts: {implicit: 0, pageLoad: 300000, script: 30000}, unhandledPromptBehavior: dismiss and notify, webauthn:extension:credBlob: true, webauthn:extension:largeBlob: true, webauthn:extension:minPinLength: true, webauthn:extension:prf: true, webauthn:virtualAuthenticators: true}
Session ID: 0e78ab16adbe8e38d568135e1bd2396c
2024-01-25 23:44:42,108 [main] INFO  base.BaseClass - Trying to find Element By {by.toString()})
2024-01-25 23:44:42,128 [main] INFO  base.BaseClass - Found Element By {by.toString()}
2024-01-25 23:44:42,128 [main] INFO  base.BaseClass - Trying to click on: {element.toString()}
2024-01-25 23:44:42,325 [main] INFO  base.BaseClass - Clicked on: {element.toString()}
2024-01-25 23:44:42,325 [main] INFO  base.BaseClass - Trying to find Element By {by.toString()})
2024-01-25 23:44:43,514 [main] INFO  base.BaseClass - Found Element By {by.toString()}
2024-01-25 23:44:44,049 [main] INFO  base.BaseClass - Trying to find Element By {by.toString()})
2024-01-25 23:44:44,073 [main] INFO  base.BaseClass - Found Element By {by.toString()}
2024-01-25 23:44:44,609 [main] INFO  base.BaseClass - Trying to find Element By {by.toString()})
2024-01-25 23:44:44,634 [main] INFO  base.BaseClass - Found Element By {by.toString()}
2024-01-25 23:44:45,167 [main] INFO  base.BaseClass - Trying to find Element By {by.toString()})
2024-01-25 23:44:45,184 [main] INFO  base.BaseClass - Found Element By {by.toString()}
2024-01-25 23:44:45,709 [main] INFO  base.BaseClass - Trying to find Element By {by.toString()})
2024-01-25 23:44:45,730 [main] INFO  base.BaseClass - Found Element By {by.toString()}
2024-01-25 23:44:46,270 [main] INFO  base.BaseClass - Trying to find Element By {by.toString()})
2024-01-25 23:44:46,294 [main] INFO  base.BaseClass - Found Element By {by.toString()}
2024-01-25 23:44:46,819 [main] INFO  base.BaseClass - Trying to find Element By {by.toString()})
2024-01-25 23:44:46,840 [main] INFO  base.BaseClass - Found Element By {by.toString()}
2024-01-25 23:44:47,373 [main] INFO  base.BaseClass - Trying to find Element By {by.toString()})
2024-01-25 23:44:47,394 [main] INFO  base.BaseClass - Found Element By {by.toString()}
2024-01-25 23:44:47,940 [main] INFO  base.BaseClass - Trying to find Element By {by.toString()})
2024-01-25 23:44:47,964 [main] INFO  base.BaseClass - Found Element By {by.toString()}
2024-01-25 23:44:48,499 [main] INFO  base.BaseClass - Trying to find Element By {by.toString()})
2024-01-25 23:44:48,520 [main] INFO  base.BaseClass - Found Element By {by.toString()}
2024-01-25 23:44:49,051 [main] INFO  base.BaseClass - Trying to find Element By {by.toString()})
2024-01-25 23:44:49,073 [main] INFO  base.BaseClass - Found Element By {by.toString()}
2024-01-25 23:44:49,604 [main] INFO  base.BaseClass - Trying to find Element By {by.toString()})
2024-01-25 23:44:49,627 [main] INFO  base.BaseClass - Found Element By {by.toString()}
2024-01-25 23:44:50,158 [main] INFO  base.BaseClass - Trying to find Element By {by.toString()})
2024-01-25 23:44:50,181 [main] INFO  base.BaseClass - Found Element By {by.toString()}
2024-01-25 23:44:50,730 [main] INFO  base.BaseClass - Trying to find Element By {by.toString()})
2024-01-25 23:44:50,748 [main] INFO  base.BaseClass - Found Element By {by.toString()}
2024-01-25 23:44:51,279 [main] INFO  base.BaseClass - Trying to find Element By {by.toString()})
2024-01-25 23:44:51,302 [main] INFO  base.BaseClass - Found Element By {by.toString()}
2024-01-25 23:44:51,834 [main] INFO  base.BaseClass - Trying to find Element By {by.toString()})
2024-01-25 23:44:51,856 [main] INFO  base.BaseClass - Found Element By {by.toString()}
2024-01-25 23:44:52,388 [main] INFO  base.BaseClass - Trying to find Element By {by.toString()})
2024-01-25 23:44:52,406 [main] INFO  base.BaseClass - Found Element By {by.toString()}
2024-01-25 23:44:52,924 [main] INFO  base.BaseClass - Trying to find Element By {by.toString()})
2024-01-25 23:44:52,946 [main] INFO  base.BaseClass - Found Element By {by.toString()}
2024-01-25 23:44:53,474 [main] INFO  base.BaseClass - Trying to find Element By {by.toString()})
2024-01-25 23:44:53,497 [main] INFO  base.BaseClass - Found Element By {by.toString()}
2024-01-25 23:44:54,026 [main] INFO  base.BaseClass - Trying to find Element By {by.toString()})
2024-01-25 23:44:54,049 [main] INFO  base.BaseClass - Found Element By {by.toString()}
2024-01-25 23:44:54,589 [main] INFO  base.BaseClass - Trying to find Element By {by.toString()})
2024-01-25 23:44:54,610 [main] INFO  base.BaseClass - Found Element By {by.toString()}
2024-01-25 23:44:55,151 [main] INFO  base.BaseClass - Trying to find Element By {by.toString()})
2024-01-25 23:44:55,174 [main] INFO  base.BaseClass - Found Element By {by.toString()}
2024-01-25 23:44:55,702 [main] INFO  base.BaseClass - Trying to find Element By {by.toString()})
2024-01-25 23:44:55,724 [main] INFO  base.BaseClass - Found Element By {by.toString()}
2024-01-25 23:44:56,255 [main] INFO  base.BaseClass - Trying to find Element By {by.toString()})
2024-01-25 23:44:56,271 [main] INFO  base.BaseClass - Found Element By {by.toString()}
2024-01-25 23:44:56,805 [main] INFO  base.BaseClass - Trying to find Element By {by.toString()})
2024-01-25 23:44:56,824 [main] INFO  base.BaseClass - Found Element By {by.toString()}
2024-01-25 23:44:57,349 [main] INFO  base.BaseClass - Trying to find Element By {by.toString()})
2024-01-25 23:44:57,370 [main] INFO  base.BaseClass - Found Element By {by.toString()}
2024-01-25 23:44:57,898 [main] INFO  base.BaseClass - Trying to find Element By {by.toString()})
2024-01-25 23:44:57,919 [main] INFO  base.BaseClass - Found Element By {by.toString()}
2024-01-25 23:44:58,455 [main] INFO  base.BaseClass - Trying to find Element By {by.toString()})
2024-01-25 23:44:58,476 [main] INFO  base.BaseClass - Found Element By {by.toString()}
2024-01-25 23:44:59,020 [main] INFO  base.BaseClass - Trying to find Element By {by.toString()})
2024-01-25 23:44:59,042 [main] INFO  base.BaseClass - Found Element By {by.toString()}
2024-01-25 23:44:59,573 [main] INFO  base.BaseClass - Trying to find Element By {by.toString()})
2024-01-25 23:44:59,596 [main] INFO  base.BaseClass - Found Element By {by.toString()}
2024-01-25 23:45:00,127 [main] INFO  base.BaseClass - Trying to find Element By {by.toString()})
2024-01-25 23:45:00,151 [main] INFO  base.BaseClass - Found Element By {by.toString()}
2024-01-25 23:45:00,685 [main] INFO  base.BaseClass - Trying to find Element By {by.toString()})
2024-01-25 23:45:00,709 [main] INFO  base.BaseClass - Found Element By {by.toString()}
2024-01-25 23:45:01,260 [main] INFO  base.BaseClass - Trying to find Element By {by.toString()})
2024-01-25 23:45:01,284 [main] INFO  base.BaseClass - Found Element By {by.toString()}
2024-01-25 23:45:01,823 [main] INFO  base.BaseClass - Trying to find Element By {by.toString()})
2024-01-25 23:45:01,847 [main] INFO  base.BaseClass - Found Element By {by.toString()}
2024-01-25 23:45:02,384 [main] INFO  base.BaseClass - Trying to find Element By {by.toString()})
2024-01-25 23:45:02,408 [main] INFO  base.BaseClass - Found Element By {by.toString()}
2024-01-25 23:45:02,943 [main] INFO  base.BaseClass - Trying to find Element By {by.toString()})
2024-01-25 23:45:02,965 [main] INFO  base.BaseClass - Found Element By {by.toString()}
2024-01-25 23:45:03,501 [main] INFO  base.BaseClass - Trying to find Element By {by.toString()})
2024-01-25 23:45:03,525 [main] INFO  base.BaseClass - Found Element By {by.toString()}
2024-01-25 23:45:04,067 [main] INFO  base.BaseClass - Trying to find Element By {by.toString()})
2024-01-25 23:45:04,090 [main] INFO  base.BaseClass - Found Element By {by.toString()}
2024-01-25 23:45:04,619 [main] INFO  base.BaseClass - Trying to find Element By {by.toString()})
2024-01-25 23:45:04,643 [main] INFO  base.BaseClass - Found Element By {by.toString()}
2024-01-25 23:45:05,176 [main] INFO  base.BaseClass - Trying to find Element By {by.toString()})
2024-01-25 23:45:05,198 [main] INFO  base.BaseClass - Found Element By {by.toString()}
2024-01-25 23:45:05,728 [main] INFO  base.BaseClass - Trying to find Element By {by.toString()})
2024-01-25 23:45:05,751 [main] INFO  base.BaseClass - Found Element By {by.toString()}
2024-01-25 23:45:06,284 [main] INFO  base.BaseClass - Trying to find Element By {by.toString()})
2024-01-25 23:45:06,308 [main] INFO  base.BaseClass - Found Element By {by.toString()}
2024-01-25 23:45:06,842 [main] INFO  base.BaseClass - Trying to find Element By {by.toString()})
2024-01-25 23:45:06,866 [main] INFO  base.BaseClass - Found Element By {by.toString()}
2024-01-25 23:45:07,398 [main] INFO  base.BaseClass - Trying to find Element By {by.toString()})
2024-01-25 23:45:07,420 [main] INFO  base.BaseClass - Found Element By {by.toString()}
2024-01-25 23:45:07,954 [main] INFO  base.BaseClass - Trying to find Element By {by.toString()})
2024-01-25 23:45:07,977 [main] INFO  base.BaseClass - Found Element By {by.toString()}
2024-01-25 23:45:08,512 [main] INFO  base.BaseClass - Trying to find Element By {by.toString()})
2024-01-25 23:45:08,535 [main] INFO  base.BaseClass - Found Element By {by.toString()}
2024-01-25 23:45:09,055 [main] INFO  base.BaseClass - Trying to find Element By {by.toString()})
2024-01-25 23:45:09,079 [main] INFO  base.BaseClass - Found Element By {by.toString()}
2024-01-25 23:45:09,613 [main] INFO  base.BaseClass - Trying to find Element By {by.toString()})
2024-01-25 23:45:09,636 [main] INFO  base.BaseClass - Found Element By {by.toString()}
2024-01-25 23:45:10,175 [main] INFO  base.BaseClass - Trying to find Element By {by.toString()})
2024-01-25 23:45:10,199 [main] INFO  base.BaseClass - Found Element By {by.toString()}
2024-01-25 23:45:10,738 [main] INFO  base.BaseClass - Trying to find Element By {by.toString()})
2024-01-25 23:45:10,753 [main] INFO  base.BaseClass - Found Element By {by.toString()}
2024-01-25 23:45:11,278 [main] INFO  base.BaseClass - Trying to find Element By {by.toString()})
2024-01-25 23:45:11,302 [main] INFO  base.BaseClass - Found Element By {by.toString()}
2024-01-25 23:45:11,839 [main] INFO  base.BaseClass - Trying to find Element By {by.toString()})
2024-01-25 23:45:11,865 [main] INFO  base.BaseClass - Found Element By {by.toString()}
2024-01-25 23:45:12,402 [main] INFO  base.BaseClass - Trying to find Element By {by.toString()})
2024-01-25 23:45:12,426 [main] INFO  base.BaseClass - Found Element By {by.toString()}
TimeoutException occurred: Expected condition failed: waiting for helper.WaitUtility$5@533c0e85 (tried for 30 second(s) with 500 milliseconds interval)
Build info: version: '3.141.59', revision: 'e82be7d358', time: '2018-11-14T08:17:03'
System info: host: 'DPLAP166', ip: '137.237.3.67', os.name: 'Windows 10', os.arch: 'amd64', os.version: '10.0', java.version: '19.0.1'
Driver info: org.openqa.selenium.support.events.EventFiringWebDriver
Capabilities {acceptInsecureCerts: true, browserName: chrome, browserVersion: 121.0.6167.86, chrome: {chromedriverVersion: 121.0.6167.85 (3f98d690ad7e..., userDataDir: C:\Users\dP-PL\AppData\Loca...}, fedcm:accounts: true, goog:chromeOptions: {debuggerAddress: localhost:56199}, javascriptEnabled: true, networkConnectionEnabled: false, pageLoadStrategy: normal, platform: WINDOWS, platformName: WINDOWS, proxy: Proxy(), setWindowRect: true, strictFileInteractability: false, timeouts: {implicit: 0, pageLoad: 300000, script: 30000}, unhandledPromptBehavior: dismiss and notify, webauthn:extension:credBlob: true, webauthn:extension:largeBlob: true, webauthn:extension:minPinLength: true, webauthn:extension:prf: true, webauthn:virtualAuthenticators: true}
Session ID: 0e78ab16adbe8e38d568135e1bd2396c
2024-01-25 23:45:12,457 [main] ERROR XGLT_15177_Test - Element did not become visible within the specified time: Expected condition failed: waiting for helper.WaitUtility$5@533c0e85 (tried for 30 second(s) with 500 milliseconds interval)
Build info: version: '3.141.59', revision: 'e82be7d358', time: '2018-11-14T08:17:03'
System info: host: 'DPLAP166', ip: '137.237.3.67', os.name: 'Windows 10', os.arch: 'amd64', os.version: '10.0', java.version: '19.0.1'
Driver info: org.openqa.selenium.support.events.EventFiringWebDriver
Capabilities {acceptInsecureCerts: true, browserName: chrome, browserVersion: 121.0.6167.86, chrome: {chromedriverVersion: 121.0.6167.85 (3f98d690ad7e..., userDataDir: C:\Users\dP-PL\AppData\Loca...}, fedcm:accounts: true, goog:chromeOptions: {debuggerAddress: localhost:56199}, javascriptEnabled: true, networkConnectionEnabled: false, pageLoadStrategy: normal, platform: WINDOWS, platformName: WINDOWS, proxy: Proxy(), setWindowRect: true, strictFileInteractability: false, timeouts: {implicit: 0, pageLoad: 300000, script: 30000}, unhandledPromptBehavior: dismiss and notify, webauthn:extension:credBlob: true, webauthn:extension:largeBlob: true, webauthn:extension:minPinLength: true, webauthn:extension:prf: true, webauthn:virtualAuthenticators: true}
Session ID: 0e78ab16adbe8e38d568135e1bd2396c
2024-01-25 23:45:12,466 [main] INFO  base.BaseClass - Trying to find Element By {by.toString()})
2024-01-25 23:45:12,482 [main] INFO  base.BaseClass - Found Element By {by.toString()}
2024-01-25 23:45:12,497 [main] INFO  base.BaseClass - Trying to find Element By {by.toString()})
2024-01-25 23:45:12,514 [main] INFO  base.BaseClass - Found Element By {by.toString()}
2024-01-25 23:45:12,538 [main] INFO  base.BaseClass - Trying to find Element By {by.toString()})
2024-01-25 23:45:12,556 [main] INFO  base.BaseClass - Found Element By {by.toString()}
last page in current selection is 1
2024-01-25 23:45:12,574 [main] INFO  base.BaseClass - Trying to find Element By {by.toString()})
2024-01-25 23:45:12,590 [main] INFO  base.BaseClass - Found Element By {by.toString()}
Height is 516
2024-01-25 23:45:12,608 [main] INFO  base.BaseClass - Trying to find Element By {by.toString()})
2024-01-25 23:45:12,625 [main] INFO  base.BaseClass - Found Element By {by.toString()}
Customer page count for credit hold is 1
2024-01-25 23:45:12,625 [main] INFO  base.BaseClass - Trying to find Element By {by.toString()})
2024-01-25 23:45:12,642 [main] INFO  base.BaseClass - Found Element By {by.toString()}
2024-01-25 23:45:12,659 [main] INFO  base.BaseClass - Trying to find Element By {by.toString()})
2024-01-25 23:45:12,677 [main] INFO  base.BaseClass - Found Element By {by.toString()}
2024-01-25 23:45:12,703 [main] INFO  base.BaseClass - Trying to find Element By {by.toString()})
2024-01-25 23:45:12,717 [main] INFO  base.BaseClass - Found Element By {by.toString()}
last page in current selection is 1
2024-01-25 23:45:12,736 [main] INFO  base.BaseClass - Trying to find Element By {by.toString()})
2024-01-25 23:45:12,752 [main] INFO  base.BaseClass - Found Element By {by.toString()}
Height is 516
2024-01-25 23:45:12,765 [main] INFO  base.BaseClass - Trying to find Element By {by.toString()})
2024-01-25 23:45:12,781 [main] INFO  base.BaseClass - Found Element By {by.toString()}
2024-01-25 23:45:12,781 [main] INFO  base.BaseClass - Trying to find Element By {by.toString()})
2024-01-25 23:45:12,799 [main] INFO  base.BaseClass - Found Element By {by.toString()}
2024-01-25 23:45:12,814 [main] INFO  base.BaseClass - Trying to find Element By {by.toString()})
2024-01-25 23:45:12,832 [main] INFO  base.BaseClass - Found Element By {by.toString()}
2024-01-25 23:45:12,857 [main] INFO  base.BaseClass - Trying to find Element By {by.toString()})
2024-01-25 23:45:12,874 [main] INFO  base.BaseClass - Found Element By {by.toString()}
last page in current selection is 1
2024-01-25 23:45:12,893 [main] INFO  base.BaseClass - Trying to find Element By {by.toString()})
2024-01-25 23:45:12,909 [main] INFO  base.BaseClass - Found Element By {by.toString()}
Height is 516
2024-01-25 23:45:12,925 [main] INFO  base.BaseClass - Trying to find Element By {by.toString()})
2024-01-25 23:45:12,942 [main] INFO  base.BaseClass - Found Element By {by.toString()}
MCCredithold passed!
]]></system-out>
  </testcase>
  <testcase name="MCactivewithoutrev" classname="XGLT_6685_Test" time="122.037">
    <system-out><![CDATA[Before method Test name: Maintainance Tests
MCactivewithoutrev started!
Navigated back from browser
2024-01-25 23:45:13,208 [main] INFO  base.BaseClass - Trying to find Element By {by.toString()})
2024-01-25 23:45:13,529 [main] INFO  base.BaseClass - Found Element By {by.toString()}
2024-01-25 23:45:14,051 [main] INFO  base.BaseClass - Trying to find Element By {by.toString()})
2024-01-25 23:45:14,075 [main] INFO  base.BaseClass - Found Element By {by.toString()}
2024-01-25 23:45:14,607 [main] INFO  base.BaseClass - Trying to find Element By {by.toString()})
2024-01-25 23:45:14,628 [main] INFO  base.BaseClass - Found Element By {by.toString()}
2024-01-25 23:45:15,156 [main] INFO  base.BaseClass - Trying to find Element By {by.toString()})
2024-01-25 23:45:15,180 [main] INFO  base.BaseClass - Found Element By {by.toString()}
2024-01-25 23:45:15,713 [main] INFO  base.BaseClass - Trying to find Element By {by.toString()})
2024-01-25 23:45:15,737 [main] INFO  base.BaseClass - Found Element By {by.toString()}
2024-01-25 23:45:16,264 [main] INFO  base.BaseClass - Trying to find Element By {by.toString()})
2024-01-25 23:45:16,286 [main] INFO  base.BaseClass - Found Element By {by.toString()}
2024-01-25 23:45:16,818 [main] INFO  base.BaseClass - Trying to find Element By {by.toString()})
2024-01-25 23:45:16,827 [main] INFO  base.BaseClass - Found Element By {by.toString()}
2024-01-25 23:45:17,351 [main] INFO  base.BaseClass - Trying to find Element By {by.toString()})
2024-01-25 23:45:17,374 [main] INFO  base.BaseClass - Found Element By {by.toString()}
2024-01-25 23:45:17,917 [main] INFO  base.BaseClass - Trying to find Element By {by.toString()})
2024-01-25 23:45:17,938 [main] INFO  base.BaseClass - Found Element By {by.toString()}
2024-01-25 23:45:18,472 [main] INFO  base.BaseClass - Trying to find Element By {by.toString()})
2024-01-25 23:45:18,495 [main] INFO  base.BaseClass - Found Element By {by.toString()}
2024-01-25 23:45:19,029 [main] INFO  base.BaseClass - Trying to find Element By {by.toString()})
2024-01-25 23:45:19,053 [main] INFO  base.BaseClass - Found Element By {by.toString()}
2024-01-25 23:45:19,598 [main] INFO  base.BaseClass - Trying to find Element By {by.toString()})
2024-01-25 23:45:19,621 [main] INFO  base.BaseClass - Found Element By {by.toString()}
2024-01-25 23:45:20,147 [main] INFO  base.BaseClass - Trying to find Element By {by.toString()})
2024-01-25 23:45:20,169 [main] INFO  base.BaseClass - Found Element By {by.toString()}
2024-01-25 23:45:20,701 [main] INFO  base.BaseClass - Trying to find Element By {by.toString()})
2024-01-25 23:45:20,723 [main] INFO  base.BaseClass - Found Element By {by.toString()}
2024-01-25 23:45:21,254 [main] INFO  base.BaseClass - Trying to find Element By {by.toString()})
2024-01-25 23:45:21,277 [main] INFO  base.BaseClass - Found Element By {by.toString()}
2024-01-25 23:45:21,810 [main] INFO  base.BaseClass - Trying to find Element By {by.toString()})
2024-01-25 23:45:21,832 [main] INFO  base.BaseClass - Found Element By {by.toString()}
2024-01-25 23:45:22,357 [main] INFO  base.BaseClass - Trying to find Element By {by.toString()})
2024-01-25 23:45:22,379 [main] INFO  base.BaseClass - Found Element By {by.toString()}
2024-01-25 23:45:22,910 [main] INFO  base.BaseClass - Trying to find Element By {by.toString()})
2024-01-25 23:45:22,930 [main] INFO  base.BaseClass - Found Element By {by.toString()}
2024-01-25 23:45:23,473 [main] INFO  base.BaseClass - Trying to find Element By {by.toString()})
2024-01-25 23:45:23,498 [main] INFO  base.BaseClass - Found Element By {by.toString()}
2024-01-25 23:45:24,039 [main] INFO  base.BaseClass - Trying to find Element By {by.toString()})
2024-01-25 23:45:24,062 [main] INFO  base.BaseClass - Found Element By {by.toString()}
2024-01-25 23:45:24,595 [main] INFO  base.BaseClass - Trying to find Element By {by.toString()})
2024-01-25 23:45:24,617 [main] INFO  base.BaseClass - Found Element By {by.toString()}
2024-01-25 23:45:25,144 [main] INFO  base.BaseClass - Trying to find Element By {by.toString()})
2024-01-25 23:45:25,166 [main] INFO  base.BaseClass - Found Element By {by.toString()}
2024-01-25 23:45:25,702 [main] INFO  base.BaseClass - Trying to find Element By {by.toString()})
2024-01-25 23:45:25,723 [main] INFO  base.BaseClass - Found Element By {by.toString()}
2024-01-25 23:45:26,255 [main] INFO  base.BaseClass - Trying to find Element By {by.toString()})
2024-01-25 23:45:26,277 [main] INFO  base.BaseClass - Found Element By {by.toString()}
2024-01-25 23:45:26,816 [main] INFO  base.BaseClass - Trying to find Element By {by.toString()})
2024-01-25 23:45:26,838 [main] INFO  base.BaseClass - Found Element By {by.toString()}
2024-01-25 23:45:27,371 [main] INFO  base.BaseClass - Trying to find Element By {by.toString()})
2024-01-25 23:45:27,394 [main] INFO  base.BaseClass - Found Element By {by.toString()}
2024-01-25 23:45:27,918 [main] INFO  base.BaseClass - Trying to find Element By {by.toString()})
2024-01-25 23:45:27,942 [main] INFO  base.BaseClass - Found Element By {by.toString()}
2024-01-25 23:45:28,476 [main] INFO  base.BaseClass - Trying to find Element By {by.toString()})
2024-01-25 23:45:28,499 [main] INFO  base.BaseClass - Found Element By {by.toString()}
2024-01-25 23:45:29,031 [main] INFO  base.BaseClass - Trying to find Element By {by.toString()})
2024-01-25 23:45:29,053 [main] INFO  base.BaseClass - Found Element By {by.toString()}
2024-01-25 23:45:29,580 [main] INFO  base.BaseClass - Trying to find Element By {by.toString()})
2024-01-25 23:45:29,602 [main] INFO  base.BaseClass - Found Element By {by.toString()}
2024-01-25 23:45:30,130 [main] INFO  base.BaseClass - Trying to find Element By {by.toString()})
2024-01-25 23:45:30,152 [main] INFO  base.BaseClass - Found Element By {by.toString()}
2024-01-25 23:45:30,680 [main] INFO  base.BaseClass - Trying to find Element By {by.toString()})
2024-01-25 23:45:30,702 [main] INFO  base.BaseClass - Found Element By {by.toString()}
2024-01-25 23:45:31,233 [main] INFO  base.BaseClass - Trying to find Element By {by.toString()})
2024-01-25 23:45:31,255 [main] INFO  base.BaseClass - Found Element By {by.toString()}
2024-01-25 23:45:31,789 [main] INFO  base.BaseClass - Trying to find Element By {by.toString()})
2024-01-25 23:45:31,811 [main] INFO  base.BaseClass - Found Element By {by.toString()}
2024-01-25 23:45:32,332 [main] INFO  base.BaseClass - Trying to find Element By {by.toString()})
2024-01-25 23:45:32,349 [main] INFO  base.BaseClass - Found Element By {by.toString()}
2024-01-25 23:45:32,876 [main] INFO  base.BaseClass - Trying to find Element By {by.toString()})
2024-01-25 23:45:32,899 [main] INFO  base.BaseClass - Found Element By {by.toString()}
2024-01-25 23:45:33,438 [main] INFO  base.BaseClass - Trying to find Element By {by.toString()})
2024-01-25 23:45:33,462 [main] INFO  base.BaseClass - Found Element By {by.toString()}
2024-01-25 23:45:33,994 [main] INFO  base.BaseClass - Trying to find Element By {by.toString()})
2024-01-25 23:45:34,016 [main] INFO  base.BaseClass - Found Element By {by.toString()}
2024-01-25 23:45:34,547 [main] INFO  base.BaseClass - Trying to find Element By {by.toString()})
2024-01-25 23:45:34,570 [main] INFO  base.BaseClass - Found Element By {by.toString()}
2024-01-25 23:45:35,096 [main] INFO  base.BaseClass - Trying to find Element By {by.toString()})
2024-01-25 23:45:35,119 [main] INFO  base.BaseClass - Found Element By {by.toString()}
2024-01-25 23:45:35,650 [main] INFO  base.BaseClass - Trying to find Element By {by.toString()})
2024-01-25 23:45:35,671 [main] INFO  base.BaseClass - Found Element By {by.toString()}
2024-01-25 23:45:36,196 [main] INFO  base.BaseClass - Trying to find Element By {by.toString()})
2024-01-25 23:45:36,218 [main] INFO  base.BaseClass - Found Element By {by.toString()}
2024-01-25 23:45:36,749 [main] INFO  base.BaseClass - Trying to find Element By {by.toString()})
2024-01-25 23:45:36,772 [main] INFO  base.BaseClass - Found Element By {by.toString()}
2024-01-25 23:45:37,301 [main] INFO  base.BaseClass - Trying to find Element By {by.toString()})
2024-01-25 23:45:37,324 [main] INFO  base.BaseClass - Found Element By {by.toString()}
2024-01-25 23:45:37,868 [main] INFO  base.BaseClass - Trying to find Element By {by.toString()})
2024-01-25 23:45:37,879 [main] INFO  base.BaseClass - Found Element By {by.toString()}
2024-01-25 23:45:38,393 [main] INFO  base.BaseClass - Trying to find Element By {by.toString()})
2024-01-25 23:45:38,416 [main] INFO  base.BaseClass - Found Element By {by.toString()}
2024-01-25 23:45:38,947 [main] INFO  base.BaseClass - Trying to find Element By {by.toString()})
2024-01-25 23:45:38,969 [main] INFO  base.BaseClass - Found Element By {by.toString()}
2024-01-25 23:45:39,508 [main] INFO  base.BaseClass - Trying to find Element By {by.toString()})
2024-01-25 23:45:39,529 [main] INFO  base.BaseClass - Found Element By {by.toString()}
2024-01-25 23:45:40,054 [main] INFO  base.BaseClass - Trying to find Element By {by.toString()})
2024-01-25 23:45:40,076 [main] INFO  base.BaseClass - Found Element By {by.toString()}
2024-01-25 23:45:40,610 [main] INFO  base.BaseClass - Trying to find Element By {by.toString()})
2024-01-25 23:45:40,632 [main] INFO  base.BaseClass - Found Element By {by.toString()}
2024-01-25 23:45:41,171 [main] INFO  base.BaseClass - Trying to find Element By {by.toString()})
2024-01-25 23:45:41,195 [main] INFO  base.BaseClass - Found Element By {by.toString()}
2024-01-25 23:45:41,727 [main] INFO  base.BaseClass - Trying to find Element By {by.toString()})
2024-01-25 23:45:41,749 [main] INFO  base.BaseClass - Found Element By {by.toString()}
2024-01-25 23:45:42,278 [main] INFO  base.BaseClass - Trying to find Element By {by.toString()})
2024-01-25 23:45:42,300 [main] INFO  base.BaseClass - Found Element By {by.toString()}
2024-01-25 23:45:42,832 [main] INFO  base.BaseClass - Trying to find Element By {by.toString()})
2024-01-25 23:45:42,854 [main] INFO  base.BaseClass - Found Element By {by.toString()}
2024-01-25 23:45:43,383 [main] INFO  base.BaseClass - Trying to find Element By {by.toString()})
2024-01-25 23:45:43,405 [main] INFO  base.BaseClass - Found Element By {by.toString()}
TimeoutException occurred: Expected condition failed: waiting for helper.WaitUtility$5@7b94817b (tried for 30 second(s) with 500 milliseconds interval)
Build info: version: '3.141.59', revision: 'e82be7d358', time: '2018-11-14T08:17:03'
System info: host: 'DPLAP166', ip: '137.237.3.67', os.name: 'Windows 10', os.arch: 'amd64', os.version: '10.0', java.version: '19.0.1'
Driver info: org.openqa.selenium.support.events.EventFiringWebDriver
Capabilities {acceptInsecureCerts: true, browserName: chrome, browserVersion: 121.0.6167.86, chrome: {chromedriverVersion: 121.0.6167.85 (3f98d690ad7e..., userDataDir: C:\Users\dP-PL\AppData\Loca...}, fedcm:accounts: true, goog:chromeOptions: {debuggerAddress: localhost:56199}, javascriptEnabled: true, networkConnectionEnabled: false, pageLoadStrategy: normal, platform: WINDOWS, platformName: WINDOWS, proxy: Proxy(), setWindowRect: true, strictFileInteractability: false, timeouts: {implicit: 0, pageLoad: 300000, script: 30000}, unhandledPromptBehavior: dismiss and notify, webauthn:extension:credBlob: true, webauthn:extension:largeBlob: true, webauthn:extension:minPinLength: true, webauthn:extension:prf: true, webauthn:virtualAuthenticators: true}
Session ID: 0e78ab16adbe8e38d568135e1bd2396c
2024-01-25 23:45:43,432 [main] ERROR XGLT_15177_Test - Element did not become visible within the specified time: Expected condition failed: waiting for helper.WaitUtility$5@7b94817b (tried for 30 second(s) with 500 milliseconds interval)
Build info: version: '3.141.59', revision: 'e82be7d358', time: '2018-11-14T08:17:03'
System info: host: 'DPLAP166', ip: '137.237.3.67', os.name: 'Windows 10', os.arch: 'amd64', os.version: '10.0', java.version: '19.0.1'
Driver info: org.openqa.selenium.support.events.EventFiringWebDriver
Capabilities {acceptInsecureCerts: true, browserName: chrome, browserVersion: 121.0.6167.86, chrome: {chromedriverVersion: 121.0.6167.85 (3f98d690ad7e..., userDataDir: C:\Users\dP-PL\AppData\Loca...}, fedcm:accounts: true, goog:chromeOptions: {debuggerAddress: localhost:56199}, javascriptEnabled: true, networkConnectionEnabled: false, pageLoadStrategy: normal, platform: WINDOWS, platformName: WINDOWS, proxy: Proxy(), setWindowRect: true, strictFileInteractability: false, timeouts: {implicit: 0, pageLoad: 300000, script: 30000}, unhandledPromptBehavior: dismiss and notify, webauthn:extension:credBlob: true, webauthn:extension:largeBlob: true, webauthn:extension:minPinLength: true, webauthn:extension:prf: true, webauthn:virtualAuthenticators: true}
Session ID: 0e78ab16adbe8e38d568135e1bd2396c
2024-01-25 23:45:43,433 [main] INFO  base.BaseClass - Trying to find Element By {by.toString()})
2024-01-25 23:45:43,463 [main] INFO  base.BaseClass - Found Element By {by.toString()}
2024-01-25 23:45:43,994 [main] INFO  base.BaseClass - Trying to find Element By {by.toString()})
2024-01-25 23:45:44,015 [main] INFO  base.BaseClass - Found Element By {by.toString()}
2024-01-25 23:45:44,538 [main] INFO  base.BaseClass - Trying to find Element By {by.toString()})
2024-01-25 23:45:44,559 [main] INFO  base.BaseClass - Found Element By {by.toString()}
2024-01-25 23:45:45,095 [main] INFO  base.BaseClass - Trying to find Element By {by.toString()})
2024-01-25 23:45:45,117 [main] INFO  base.BaseClass - Found Element By {by.toString()}
2024-01-25 23:45:45,650 [main] INFO  base.BaseClass - Trying to find Element By {by.toString()})
2024-01-25 23:45:45,673 [main] INFO  base.BaseClass - Found Element By {by.toString()}
2024-01-25 23:45:46,194 [main] INFO  base.BaseClass - Trying to find Element By {by.toString()})
2024-01-25 23:45:46,216 [main] INFO  base.BaseClass - Found Element By {by.toString()}
2024-01-25 23:45:46,755 [main] INFO  base.BaseClass - Trying to find Element By {by.toString()})
2024-01-25 23:45:46,777 [main] INFO  base.BaseClass - Found Element By {by.toString()}
2024-01-25 23:45:47,298 [main] INFO  base.BaseClass - Trying to find Element By {by.toString()})
2024-01-25 23:45:47,320 [main] INFO  base.BaseClass - Found Element By {by.toString()}
2024-01-25 23:45:47,852 [main] INFO  base.BaseClass - Trying to find Element By {by.toString()})
2024-01-25 23:45:47,871 [main] INFO  base.BaseClass - Found Element By {by.toString()}
2024-01-25 23:45:48,395 [main] INFO  base.BaseClass - Trying to find Element By {by.toString()})
2024-01-25 23:45:48,417 [main] INFO  base.BaseClass - Found Element By {by.toString()}
2024-01-25 23:45:48,944 [main] INFO  base.BaseClass - Trying to find Element By {by.toString()})
2024-01-25 23:45:48,966 [main] INFO  base.BaseClass - Found Element By {by.toString()}
2024-01-25 23:45:49,498 [main] INFO  base.BaseClass - Trying to find Element By {by.toString()})
2024-01-25 23:45:49,520 [main] INFO  base.BaseClass - Found Element By {by.toString()}
2024-01-25 23:45:50,047 [main] INFO  base.BaseClass - Trying to find Element By {by.toString()})
2024-01-25 23:45:50,106 [main] INFO  base.BaseClass - Found Element By {by.toString()}
2024-01-25 23:45:50,628 [main] INFO  base.BaseClass - Trying to find Element By {by.toString()})
2024-01-25 23:45:50,651 [main] INFO  base.BaseClass - Found Element By {by.toString()}
2024-01-25 23:45:51,181 [main] INFO  base.BaseClass - Trying to find Element By {by.toString()})
2024-01-25 23:45:51,191 [main] INFO  base.BaseClass - Found Element By {by.toString()}
2024-01-25 23:45:51,715 [main] INFO  base.BaseClass - Trying to find Element By {by.toString()})
2024-01-25 23:45:51,739 [main] INFO  base.BaseClass - Found Element By {by.toString()}
2024-01-25 23:45:52,273 [main] INFO  base.BaseClass - Trying to find Element By {by.toString()})
2024-01-25 23:45:52,295 [main] INFO  base.BaseClass - Found Element By {by.toString()}
2024-01-25 23:45:52,824 [main] INFO  base.BaseClass - Trying to find Element By {by.toString()})
2024-01-25 23:45:52,847 [main] INFO  base.BaseClass - Found Element By {by.toString()}
2024-01-25 23:45:53,379 [main] INFO  base.BaseClass - Trying to find Element By {by.toString()})
2024-01-25 23:45:53,400 [main] INFO  base.BaseClass - Found Element By {by.toString()}
2024-01-25 23:45:53,931 [main] INFO  base.BaseClass - Trying to find Element By {by.toString()})
2024-01-25 23:45:53,953 [main] INFO  base.BaseClass - Found Element By {by.toString()}
2024-01-25 23:45:54,482 [main] INFO  base.BaseClass - Trying to find Element By {by.toString()})
2024-01-25 23:45:54,503 [main] INFO  base.BaseClass - Found Element By {by.toString()}
2024-01-25 23:45:55,037 [main] INFO  base.BaseClass - Trying to find Element By {by.toString()})
2024-01-25 23:45:55,059 [main] INFO  base.BaseClass - Found Element By {by.toString()}
2024-01-25 23:45:55,588 [main] INFO  base.BaseClass - Trying to find Element By {by.toString()})
2024-01-25 23:45:55,610 [main] INFO  base.BaseClass - Found Element By {by.toString()}
2024-01-25 23:45:56,154 [main] INFO  base.BaseClass - Trying to find Element By {by.toString()})
2024-01-25 23:45:56,170 [main] INFO  base.BaseClass - Found Element By {by.toString()}
2024-01-25 23:45:56,700 [main] INFO  base.BaseClass - Trying to find Element By {by.toString()})
2024-01-25 23:45:56,722 [main] INFO  base.BaseClass - Found Element By {by.toString()}
2024-01-25 23:45:57,254 [main] INFO  base.BaseClass - Trying to find Element By {by.toString()})
2024-01-25 23:45:57,276 [main] INFO  base.BaseClass - Found Element By {by.toString()}
2024-01-25 23:45:57,807 [main] INFO  base.BaseClass - Trying to find Element By {by.toString()})
2024-01-25 23:45:57,830 [main] INFO  base.BaseClass - Found Element By {by.toString()}
2024-01-25 23:45:58,361 [main] INFO  base.BaseClass - Trying to find Element By {by.toString()})
2024-01-25 23:45:58,383 [main] INFO  base.BaseClass - Found Element By {by.toString()}
2024-01-25 23:45:58,917 [main] INFO  base.BaseClass - Trying to find Element By {by.toString()})
2024-01-25 23:45:58,940 [main] INFO  base.BaseClass - Found Element By {by.toString()}
2024-01-25 23:45:59,475 [main] INFO  base.BaseClass - Trying to find Element By {by.toString()})
2024-01-25 23:45:59,498 [main] INFO  base.BaseClass - Found Element By {by.toString()}
2024-01-25 23:46:00,029 [main] INFO  base.BaseClass - Trying to find Element By {by.toString()})
2024-01-25 23:46:00,046 [main] INFO  base.BaseClass - Found Element By {by.toString()}
2024-01-25 23:46:00,581 [main] INFO  base.BaseClass - Trying to find Element By {by.toString()})
2024-01-25 23:46:00,596 [main] INFO  base.BaseClass - Found Element By {by.toString()}
2024-01-25 23:46:01,121 [main] INFO  base.BaseClass - Trying to find Element By {by.toString()})
2024-01-25 23:46:01,144 [main] INFO  base.BaseClass - Found Element By {by.toString()}
2024-01-25 23:46:01,674 [main] INFO  base.BaseClass - Trying to find Element By {by.toString()})
2024-01-25 23:46:01,695 [main] INFO  base.BaseClass - Found Element By {by.toString()}
2024-01-25 23:46:02,226 [main] INFO  base.BaseClass - Trying to find Element By {by.toString()})
2024-01-25 23:46:02,248 [main] INFO  base.BaseClass - Found Element By {by.toString()}
2024-01-25 23:46:02,777 [main] INFO  base.BaseClass - Trying to find Element By {by.toString()})
2024-01-25 23:46:02,799 [main] INFO  base.BaseClass - Found Element By {by.toString()}
2024-01-25 23:46:03,328 [main] INFO  base.BaseClass - Trying to find Element By {by.toString()})
2024-01-25 23:46:03,349 [main] INFO  base.BaseClass - Found Element By {by.toString()}
2024-01-25 23:46:03,880 [main] INFO  base.BaseClass - Trying to find Element By {by.toString()})
2024-01-25 23:46:03,902 [main] INFO  base.BaseClass - Found Element By {by.toString()}
2024-01-25 23:46:04,434 [main] INFO  base.BaseClass - Trying to find Element By {by.toString()})
2024-01-25 23:46:04,456 [main] INFO  base.BaseClass - Found Element By {by.toString()}
2024-01-25 23:46:04,986 [main] INFO  base.BaseClass - Trying to find Element By {by.toString()})
2024-01-25 23:46:05,009 [main] INFO  base.BaseClass - Found Element By {by.toString()}
2024-01-25 23:46:05,540 [main] INFO  base.BaseClass - Trying to find Element By {by.toString()})
2024-01-25 23:46:05,562 [main] INFO  base.BaseClass - Found Element By {by.toString()}
2024-01-25 23:46:06,091 [main] INFO  base.BaseClass - Trying to find Element By {by.toString()})
2024-01-25 23:46:06,113 [main] INFO  base.BaseClass - Found Element By {by.toString()}
2024-01-25 23:46:06,651 [main] INFO  base.BaseClass - Trying to find Element By {by.toString()})
2024-01-25 23:46:06,666 [main] INFO  base.BaseClass - Found Element By {by.toString()}
2024-01-25 23:46:07,188 [main] INFO  base.BaseClass - Trying to find Element By {by.toString()})
2024-01-25 23:46:07,210 [main] INFO  base.BaseClass - Found Element By {by.toString()}
2024-01-25 23:46:07,738 [main] INFO  base.BaseClass - Trying to find Element By {by.toString()})
2024-01-25 23:46:07,760 [main] INFO  base.BaseClass - Found Element By {by.toString()}
2024-01-25 23:46:08,289 [main] INFO  base.BaseClass - Trying to find Element By {by.toString()})
2024-01-25 23:46:08,311 [main] INFO  base.BaseClass - Found Element By {by.toString()}
2024-01-25 23:46:08,844 [main] INFO  base.BaseClass - Trying to find Element By {by.toString()})
2024-01-25 23:46:08,867 [main] INFO  base.BaseClass - Found Element By {by.toString()}
2024-01-25 23:46:09,401 [main] INFO  base.BaseClass - Trying to find Element By {by.toString()})
2024-01-25 23:46:09,423 [main] INFO  base.BaseClass - Found Element By {by.toString()}
2024-01-25 23:46:09,968 [main] INFO  base.BaseClass - Trying to find Element By {by.toString()})
2024-01-25 23:46:09,990 [main] INFO  base.BaseClass - Found Element By {by.toString()}
2024-01-25 23:46:10,517 [main] INFO  base.BaseClass - Trying to find Element By {by.toString()})
2024-01-25 23:46:10,538 [main] INFO  base.BaseClass - Found Element By {by.toString()}
2024-01-25 23:46:11,069 [main] INFO  base.BaseClass - Trying to find Element By {by.toString()})
2024-01-25 23:46:11,092 [main] INFO  base.BaseClass - Found Element By {by.toString()}
2024-01-25 23:46:11,619 [main] INFO  base.BaseClass - Trying to find Element By {by.toString()})
2024-01-25 23:46:11,641 [main] INFO  base.BaseClass - Found Element By {by.toString()}
2024-01-25 23:46:12,184 [main] INFO  base.BaseClass - Trying to find Element By {by.toString()})
2024-01-25 23:46:12,209 [main] INFO  base.BaseClass - Found Element By {by.toString()}
2024-01-25 23:46:12,741 [main] INFO  base.BaseClass - Trying to find Element By {by.toString()})
2024-01-25 23:46:12,764 [main] INFO  base.BaseClass - Found Element By {by.toString()}
2024-01-25 23:46:13,295 [main] INFO  base.BaseClass - Trying to find Element By {by.toString()})
2024-01-25 23:46:13,317 [main] INFO  base.BaseClass - Found Element By {by.toString()}
2024-01-25 23:46:13,848 [main] INFO  base.BaseClass - Trying to find Element By {by.toString()})
2024-01-25 23:46:13,871 [main] INFO  base.BaseClass - Found Element By {by.toString()}
TimeoutException occurred: Expected condition failed: waiting for helper.WaitUtility$5@542b8285 (tried for 30 second(s) with 500 milliseconds interval)
Build info: version: '3.141.59', revision: 'e82be7d358', time: '2018-11-14T08:17:03'
System info: host: 'DPLAP166', ip: '137.237.3.67', os.name: 'Windows 10', os.arch: 'amd64', os.version: '10.0', java.version: '19.0.1'
Driver info: org.openqa.selenium.support.events.EventFiringWebDriver
Capabilities {acceptInsecureCerts: true, browserName: chrome, browserVersion: 121.0.6167.86, chrome: {chromedriverVersion: 121.0.6167.85 (3f98d690ad7e..., userDataDir: C:\Users\dP-PL\AppData\Loca...}, fedcm:accounts: true, goog:chromeOptions: {debuggerAddress: localhost:56199}, javascriptEnabled: true, networkConnectionEnabled: false, pageLoadStrategy: normal, platform: WINDOWS, platformName: WINDOWS, proxy: Proxy(), setWindowRect: true, strictFileInteractability: false, timeouts: {implicit: 0, pageLoad: 300000, script: 30000}, unhandledPromptBehavior: dismiss and notify, webauthn:extension:credBlob: true, webauthn:extension:largeBlob: true, webauthn:extension:minPinLength: true, webauthn:extension:prf: true, webauthn:virtualAuthenticators: true}
Session ID: 0e78ab16adbe8e38d568135e1bd2396c
2024-01-25 23:46:13,899 [main] ERROR XGLT_15177_Test - Element did not become visible within the specified time: Expected condition failed: waiting for helper.WaitUtility$5@542b8285 (tried for 30 second(s) with 500 milliseconds interval)
Build info: version: '3.141.59', revision: 'e82be7d358', time: '2018-11-14T08:17:03'
System info: host: 'DPLAP166', ip: '137.237.3.67', os.name: 'Windows 10', os.arch: 'amd64', os.version: '10.0', java.version: '19.0.1'
Driver info: org.openqa.selenium.support.events.EventFiringWebDriver
Capabilities {acceptInsecureCerts: true, browserName: chrome, browserVersion: 121.0.6167.86, chrome: {chromedriverVersion: 121.0.6167.85 (3f98d690ad7e..., userDataDir: C:\Users\dP-PL\AppData\Loca...}, fedcm:accounts: true, goog:chromeOptions: {debuggerAddress: localhost:56199}, javascriptEnabled: true, networkConnectionEnabled: false, pageLoadStrategy: normal, platform: WINDOWS, platformName: WINDOWS, proxy: Proxy(), setWindowRect: true, strictFileInteractability: false, timeouts: {implicit: 0, pageLoad: 300000, script: 30000}, unhandledPromptBehavior: dismiss and notify, webauthn:extension:credBlob: true, webauthn:extension:largeBlob: true, webauthn:extension:minPinLength: true, webauthn:extension:prf: true, webauthn:virtualAuthenticators: true}
Session ID: 0e78ab16adbe8e38d568135e1bd2396c
2024-01-25 23:46:13,899 [main] INFO  base.BaseClass - Trying to find Element By {by.toString()})
2024-01-25 23:46:13,919 [main] INFO  base.BaseClass - Found Element By {by.toString()}
MC active without revenue value is 33
2024-01-25 23:46:13,940 [main] INFO  base.BaseClass - Trying to find Element By {by.toString()})
2024-01-25 23:46:13,960 [main] INFO  base.BaseClass - Found Element By {by.toString()}
2024-01-25 23:46:14,495 [main] INFO  base.BaseClass - Trying to find Element By {by.toString()})
2024-01-25 23:46:14,517 [main] INFO  base.BaseClass - Found Element By {by.toString()}
2024-01-25 23:46:15,061 [main] INFO  base.BaseClass - Trying to find Element By {by.toString()})
2024-01-25 23:46:15,084 [main] INFO  base.BaseClass - Found Element By {by.toString()}
2024-01-25 23:46:15,616 [main] INFO  base.BaseClass - Trying to find Element By {by.toString()})
2024-01-25 23:46:15,638 [main] INFO  base.BaseClass - Found Element By {by.toString()}
2024-01-25 23:46:16,170 [main] INFO  base.BaseClass - Trying to find Element By {by.toString()})
2024-01-25 23:46:16,193 [main] INFO  base.BaseClass - Found Element By {by.toString()}
2024-01-25 23:46:16,718 [main] INFO  base.BaseClass - Trying to find Element By {by.toString()})
2024-01-25 23:46:16,741 [main] INFO  base.BaseClass - Found Element By {by.toString()}
2024-01-25 23:46:17,266 [main] INFO  base.BaseClass - Trying to find Element By {by.toString()})
2024-01-25 23:46:17,287 [main] INFO  base.BaseClass - Found Element By {by.toString()}
2024-01-25 23:46:17,817 [main] INFO  base.BaseClass - Trying to find Element By {by.toString()})
2024-01-25 23:46:17,840 [main] INFO  base.BaseClass - Found Element By {by.toString()}
2024-01-25 23:46:18,371 [main] INFO  base.BaseClass - Trying to find Element By {by.toString()})
2024-01-25 23:46:18,393 [main] INFO  base.BaseClass - Found Element By {by.toString()}
2024-01-25 23:46:18,937 [main] INFO  base.BaseClass - Trying to find Element By {by.toString()})
2024-01-25 23:46:18,960 [main] INFO  base.BaseClass - Found Element By {by.toString()}
2024-01-25 23:46:19,503 [main] INFO  base.BaseClass - Trying to find Element By {by.toString()})
2024-01-25 23:46:19,525 [main] INFO  base.BaseClass - Found Element By {by.toString()}
2024-01-25 23:46:20,068 [main] INFO  base.BaseClass - Trying to find Element By {by.toString()})
2024-01-25 23:46:20,090 [main] INFO  base.BaseClass - Found Element By {by.toString()}
2024-01-25 23:46:20,625 [main] INFO  base.BaseClass - Trying to find Element By {by.toString()})
2024-01-25 23:46:20,647 [main] INFO  base.BaseClass - Found Element By {by.toString()}
2024-01-25 23:46:21,176 [main] INFO  base.BaseClass - Trying to find Element By {by.toString()})
2024-01-25 23:46:21,198 [main] INFO  base.BaseClass - Found Element By {by.toString()}
2024-01-25 23:46:21,727 [main] INFO  base.BaseClass - Trying to find Element By {by.toString()})
2024-01-25 23:46:21,750 [main] INFO  base.BaseClass - Found Element By {by.toString()}
2024-01-25 23:46:22,296 [main] INFO  base.BaseClass - Trying to find Element By {by.toString()})
2024-01-25 23:46:22,317 [main] INFO  base.BaseClass - Found Element By {by.toString()}
2024-01-25 23:46:22,848 [main] INFO  base.BaseClass - Trying to find Element By {by.toString()})
2024-01-25 23:46:22,870 [main] INFO  base.BaseClass - Found Element By {by.toString()}
2024-01-25 23:46:23,399 [main] INFO  base.BaseClass - Trying to find Element By {by.toString()})
2024-01-25 23:46:23,419 [main] INFO  base.BaseClass - Found Element By {by.toString()}
2024-01-25 23:46:23,950 [main] INFO  base.BaseClass - Trying to find Element By {by.toString()})
2024-01-25 23:46:23,973 [main] INFO  base.BaseClass - Found Element By {by.toString()}
2024-01-25 23:46:24,506 [main] INFO  base.BaseClass - Trying to find Element By {by.toString()})
2024-01-25 23:46:24,528 [main] INFO  base.BaseClass - Found Element By {by.toString()}
2024-01-25 23:46:25,052 [main] INFO  base.BaseClass - Trying to find Element By {by.toString()})
2024-01-25 23:46:25,074 [main] INFO  base.BaseClass - Found Element By {by.toString()}
2024-01-25 23:46:25,604 [main] INFO  base.BaseClass - Trying to find Element By {by.toString()})
2024-01-25 23:46:25,627 [main] INFO  base.BaseClass - Found Element By {by.toString()}
2024-01-25 23:46:26,158 [main] INFO  base.BaseClass - Trying to find Element By {by.toString()})
2024-01-25 23:46:26,181 [main] INFO  base.BaseClass - Found Element By {by.toString()}
2024-01-25 23:46:26,708 [main] INFO  base.BaseClass - Trying to find Element By {by.toString()})
2024-01-25 23:46:26,723 [main] INFO  base.BaseClass - Found Element By {by.toString()}
2024-01-25 23:46:27,249 [main] INFO  base.BaseClass - Trying to find Element By {by.toString()})
2024-01-25 23:46:27,273 [main] INFO  base.BaseClass - Found Element By {by.toString()}
2024-01-25 23:46:27,811 [main] INFO  base.BaseClass - Trying to find Element By {by.toString()})
2024-01-25 23:46:27,839 [main] INFO  base.BaseClass - Found Element By {by.toString()}
2024-01-25 23:46:28,378 [main] INFO  base.BaseClass - Trying to find Element By {by.toString()})
2024-01-25 23:46:28,404 [main] INFO  base.BaseClass - Found Element By {by.toString()}
2024-01-25 23:46:28,943 [main] INFO  base.BaseClass - Trying to find Element By {by.toString()})
2024-01-25 23:46:28,972 [main] INFO  base.BaseClass - Found Element By {by.toString()}
2024-01-25 23:46:29,509 [main] INFO  base.BaseClass - Trying to find Element By {by.toString()})
2024-01-25 23:46:29,538 [main] INFO  base.BaseClass - Found Element By {by.toString()}
2024-01-25 23:46:30,083 [main] INFO  base.BaseClass - Trying to find Element By {by.toString()})
2024-01-25 23:46:30,112 [main] INFO  base.BaseClass - Found Element By {by.toString()}
2024-01-25 23:46:30,673 [main] INFO  base.BaseClass - Trying to find Element By {by.toString()})
2024-01-25 23:46:30,700 [main] INFO  base.BaseClass - Found Element By {by.toString()}
2024-01-25 23:46:31,256 [main] INFO  base.BaseClass - Trying to find Element By {by.toString()})
2024-01-25 23:46:31,283 [main] INFO  base.BaseClass - Found Element By {by.toString()}
2024-01-25 23:46:31,823 [main] INFO  base.BaseClass - Trying to find Element By {by.toString()})
2024-01-25 23:46:31,850 [main] INFO  base.BaseClass - Found Element By {by.toString()}
2024-01-25 23:46:32,393 [main] INFO  base.BaseClass - Trying to find Element By {by.toString()})
2024-01-25 23:46:32,420 [main] INFO  base.BaseClass - Found Element By {by.toString()}
2024-01-25 23:46:32,962 [main] INFO  base.BaseClass - Trying to find Element By {by.toString()})
2024-01-25 23:46:32,990 [main] INFO  base.BaseClass - Found Element By {by.toString()}
2024-01-25 23:46:33,537 [main] INFO  base.BaseClass - Trying to find Element By {by.toString()})
2024-01-25 23:46:33,859 [main] INFO  base.BaseClass - Found Element By {by.toString()}
2024-01-25 23:46:34,405 [main] INFO  base.BaseClass - Trying to find Element By {by.toString()})
2024-01-25 23:46:34,433 [main] INFO  base.BaseClass - Found Element By {by.toString()}
2024-01-25 23:46:34,972 [main] INFO  base.BaseClass - Trying to find Element By {by.toString()})
2024-01-25 23:46:35,000 [main] INFO  base.BaseClass - Found Element By {by.toString()}
2024-01-25 23:46:35,529 [main] INFO  base.BaseClass - Trying to find Element By {by.toString()})
2024-01-25 23:46:35,558 [main] INFO  base.BaseClass - Found Element By {by.toString()}
2024-01-25 23:46:36,103 [main] INFO  base.BaseClass - Trying to find Element By {by.toString()})
2024-01-25 23:46:36,134 [main] INFO  base.BaseClass - Found Element By {by.toString()}
2024-01-25 23:46:36,675 [main] INFO  base.BaseClass - Trying to find Element By {by.toString()})
2024-01-25 23:46:36,705 [main] INFO  base.BaseClass - Found Element By {by.toString()}
2024-01-25 23:46:37,251 [main] INFO  base.BaseClass - Trying to find Element By {by.toString()})
2024-01-25 23:46:37,277 [main] INFO  base.BaseClass - Found Element By {by.toString()}
2024-01-25 23:46:37,806 [main] INFO  base.BaseClass - Trying to find Element By {by.toString()})
2024-01-25 23:46:37,834 [main] INFO  base.BaseClass - Found Element By {by.toString()}
2024-01-25 23:46:38,375 [main] INFO  base.BaseClass - Trying to find Element By {by.toString()})
2024-01-25 23:46:38,404 [main] INFO  base.BaseClass - Found Element By {by.toString()}
2024-01-25 23:46:38,946 [main] INFO  base.BaseClass - Trying to find Element By {by.toString()})
2024-01-25 23:46:38,973 [main] INFO  base.BaseClass - Found Element By {by.toString()}
2024-01-25 23:46:39,506 [main] INFO  base.BaseClass - Trying to find Element By {by.toString()})
2024-01-25 23:46:39,534 [main] INFO  base.BaseClass - Found Element By {by.toString()}
2024-01-25 23:46:40,067 [main] INFO  base.BaseClass - Trying to find Element By {by.toString()})
2024-01-25 23:46:40,093 [main] INFO  base.BaseClass - Found Element By {by.toString()}
2024-01-25 23:46:40,636 [main] INFO  base.BaseClass - Trying to find Element By {by.toString()})
2024-01-25 23:46:40,665 [main] INFO  base.BaseClass - Found Element By {by.toString()}
2024-01-25 23:46:41,203 [main] INFO  base.BaseClass - Trying to find Element By {by.toString()})
2024-01-25 23:46:41,232 [main] INFO  base.BaseClass - Found Element By {by.toString()}
2024-01-25 23:46:41,775 [main] INFO  base.BaseClass - Trying to find Element By {by.toString()})
2024-01-25 23:46:41,804 [main] INFO  base.BaseClass - Found Element By {by.toString()}
2024-01-25 23:46:42,348 [main] INFO  base.BaseClass - Trying to find Element By {by.toString()})
2024-01-25 23:46:42,374 [main] INFO  base.BaseClass - Found Element By {by.toString()}
2024-01-25 23:46:42,923 [main] INFO  base.BaseClass - Trying to find Element By {by.toString()})
2024-01-25 23:46:42,951 [main] INFO  base.BaseClass - Found Element By {by.toString()}
2024-01-25 23:46:43,493 [main] INFO  base.BaseClass - Trying to find Element By {by.toString()})
2024-01-25 23:46:43,521 [main] INFO  base.BaseClass - Found Element By {by.toString()}
2024-01-25 23:46:44,064 [main] INFO  base.BaseClass - Trying to find Element By {by.toString()})
2024-01-25 23:46:44,092 [main] INFO  base.BaseClass - Found Element By {by.toString()}
TimeoutException occurred: Expected condition failed: waiting for helper.WaitUtility$5@61037715 (tried for 30 second(s) with 500 milliseconds interval)
Build info: version: '3.141.59', revision: 'e82be7d358', time: '2018-11-14T08:17:03'
System info: host: 'DPLAP166', ip: '137.237.3.67', os.name: 'Windows 10', os.arch: 'amd64', os.version: '10.0', java.version: '19.0.1'
Driver info: org.openqa.selenium.support.events.EventFiringWebDriver
Capabilities {acceptInsecureCerts: true, browserName: chrome, browserVersion: 121.0.6167.86, chrome: {chromedriverVersion: 121.0.6167.85 (3f98d690ad7e..., userDataDir: C:\Users\dP-PL\AppData\Loca...}, fedcm:accounts: true, goog:chromeOptions: {debuggerAddress: localhost:56199}, javascriptEnabled: true, networkConnectionEnabled: false, pageLoadStrategy: normal, platform: WINDOWS, platformName: WINDOWS, proxy: Proxy(), setWindowRect: true, strictFileInteractability: false, timeouts: {implicit: 0, pageLoad: 300000, script: 30000}, unhandledPromptBehavior: dismiss and notify, webauthn:extension:credBlob: true, webauthn:extension:largeBlob: true, webauthn:extension:minPinLength: true, webauthn:extension:prf: true, webauthn:virtualAuthenticators: true}
Session ID: 0e78ab16adbe8e38d568135e1bd2396c
2024-01-25 23:46:44,135 [main] ERROR XGLT_15177_Test - Element did not become visible within the specified time: Expected condition failed: waiting for helper.WaitUtility$5@61037715 (tried for 30 second(s) with 500 milliseconds interval)
Build info: version: '3.141.59', revision: 'e82be7d358', time: '2018-11-14T08:17:03'
System info: host: 'DPLAP166', ip: '137.237.3.67', os.name: 'Windows 10', os.arch: 'amd64', os.version: '10.0', java.version: '19.0.1'
Driver info: org.openqa.selenium.support.events.EventFiringWebDriver
Capabilities {acceptInsecureCerts: true, browserName: chrome, browserVersion: 121.0.6167.86, chrome: {chromedriverVersion: 121.0.6167.85 (3f98d690ad7e..., userDataDir: C:\Users\dP-PL\AppData\Loca...}, fedcm:accounts: true, goog:chromeOptions: {debuggerAddress: localhost:56199}, javascriptEnabled: true, networkConnectionEnabled: false, pageLoadStrategy: normal, platform: WINDOWS, platformName: WINDOWS, proxy: Proxy(), setWindowRect: true, strictFileInteractability: false, timeouts: {implicit: 0, pageLoad: 300000, script: 30000}, unhandledPromptBehavior: dismiss and notify, webauthn:extension:credBlob: true, webauthn:extension:largeBlob: true, webauthn:extension:minPinLength: true, webauthn:extension:prf: true, webauthn:virtualAuthenticators: true}
Session ID: 0e78ab16adbe8e38d568135e1bd2396c
2024-01-25 23:46:44,135 [main] INFO  base.BaseClass - Trying to find Element By {by.toString()})
2024-01-25 23:46:44,161 [main] INFO  base.BaseClass - Found Element By {by.toString()}
2024-01-25 23:46:44,162 [main] INFO  base.BaseClass - Trying to click on: {element.toString()}
2024-01-25 23:46:44,323 [main] INFO  base.BaseClass - Clicked on: {element.toString()}
2024-01-25 23:46:44,323 [main] INFO  base.BaseClass - Trying to find Element By {by.toString()})
2024-01-25 23:46:45,313 [main] INFO  base.BaseClass - Found Element By {by.toString()}
2024-01-25 23:46:45,828 [main] INFO  base.BaseClass - Trying to find Element By {by.toString()})
2024-01-25 23:46:45,858 [main] INFO  base.BaseClass - Found Element By {by.toString()}
2024-01-25 23:46:46,393 [main] INFO  base.BaseClass - Trying to find Element By {by.toString()})
2024-01-25 23:46:46,423 [main] INFO  base.BaseClass - Found Element By {by.toString()}
2024-01-25 23:46:46,966 [main] INFO  base.BaseClass - Trying to find Element By {by.toString()})
2024-01-25 23:46:46,995 [main] INFO  base.BaseClass - Found Element By {by.toString()}
2024-01-25 23:46:47,540 [main] INFO  base.BaseClass - Trying to find Element By {by.toString()})
2024-01-25 23:46:47,572 [main] INFO  base.BaseClass - Found Element By {by.toString()}
2024-01-25 23:46:48,125 [main] INFO  base.BaseClass - Trying to find Element By {by.toString()})
2024-01-25 23:46:48,154 [main] INFO  base.BaseClass - Found Element By {by.toString()}
2024-01-25 23:46:48,694 [main] INFO  base.BaseClass - Trying to find Element By {by.toString()})
2024-01-25 23:46:48,723 [main] INFO  base.BaseClass - Found Element By {by.toString()}
2024-01-25 23:46:49,269 [main] INFO  base.BaseClass - Trying to find Element By {by.toString()})
2024-01-25 23:46:49,300 [main] INFO  base.BaseClass - Found Element By {by.toString()}
2024-01-25 23:46:49,835 [main] INFO  base.BaseClass - Trying to find Element By {by.toString()})
2024-01-25 23:46:49,864 [main] INFO  base.BaseClass - Found Element By {by.toString()}
2024-01-25 23:46:50,414 [main] INFO  base.BaseClass - Trying to find Element By {by.toString()})
2024-01-25 23:46:50,443 [main] INFO  base.BaseClass - Found Element By {by.toString()}
2024-01-25 23:46:50,985 [main] INFO  base.BaseClass - Trying to find Element By {by.toString()})
2024-01-25 23:46:51,016 [main] INFO  base.BaseClass - Found Element By {by.toString()}
2024-01-25 23:46:51,560 [main] INFO  base.BaseClass - Trying to find Element By {by.toString()})
2024-01-25 23:46:51,589 [main] INFO  base.BaseClass - Found Element By {by.toString()}
2024-01-25 23:46:52,136 [main] INFO  base.BaseClass - Trying to find Element By {by.toString()})
2024-01-25 23:46:52,167 [main] INFO  base.BaseClass - Found Element By {by.toString()}
2024-01-25 23:46:52,702 [main] INFO  base.BaseClass - Trying to find Element By {by.toString()})
2024-01-25 23:46:52,733 [main] INFO  base.BaseClass - Found Element By {by.toString()}
2024-01-25 23:46:53,282 [main] INFO  base.BaseClass - Trying to find Element By {by.toString()})
2024-01-25 23:46:53,312 [main] INFO  base.BaseClass - Found Element By {by.toString()}
2024-01-25 23:46:53,857 [main] INFO  base.BaseClass - Trying to find Element By {by.toString()})
2024-01-25 23:46:53,889 [main] INFO  base.BaseClass - Found Element By {by.toString()}
2024-01-25 23:46:54,430 [main] INFO  base.BaseClass - Trying to find Element By {by.toString()})
2024-01-25 23:46:54,458 [main] INFO  base.BaseClass - Found Element By {by.toString()}
2024-01-25 23:46:55,002 [main] INFO  base.BaseClass - Trying to find Element By {by.toString()})
2024-01-25 23:46:55,032 [main] INFO  base.BaseClass - Found Element By {by.toString()}
2024-01-25 23:46:55,577 [main] INFO  base.BaseClass - Trying to find Element By {by.toString()})
2024-01-25 23:46:55,606 [main] INFO  base.BaseClass - Found Element By {by.toString()}
2024-01-25 23:46:56,155 [main] INFO  base.BaseClass - Trying to find Element By {by.toString()})
2024-01-25 23:46:56,184 [main] INFO  base.BaseClass - Found Element By {by.toString()}
2024-01-25 23:46:56,726 [main] INFO  base.BaseClass - Trying to find Element By {by.toString()})
2024-01-25 23:46:56,755 [main] INFO  base.BaseClass - Found Element By {by.toString()}
2024-01-25 23:46:57,298 [main] INFO  base.BaseClass - Trying to find Element By {by.toString()})
2024-01-25 23:46:57,331 [main] INFO  base.BaseClass - Found Element By {by.toString()}
2024-01-25 23:46:57,857 [main] INFO  base.BaseClass - Trying to find Element By {by.toString()})
2024-01-25 23:46:57,886 [main] INFO  base.BaseClass - Found Element By {by.toString()}
2024-01-25 23:46:58,427 [main] INFO  base.BaseClass - Trying to find Element By {by.toString()})
2024-01-25 23:46:58,456 [main] INFO  base.BaseClass - Found Element By {by.toString()}
2024-01-25 23:46:59,000 [main] INFO  base.BaseClass - Trying to find Element By {by.toString()})
2024-01-25 23:46:59,031 [main] INFO  base.BaseClass - Found Element By {by.toString()}
2024-01-25 23:46:59,564 [main] INFO  base.BaseClass - Trying to find Element By {by.toString()})
2024-01-25 23:46:59,593 [main] INFO  base.BaseClass - Found Element By {by.toString()}
2024-01-25 23:47:00,140 [main] INFO  base.BaseClass - Trying to find Element By {by.toString()})
2024-01-25 23:47:00,172 [main] INFO  base.BaseClass - Found Element By {by.toString()}
2024-01-25 23:47:00,720 [main] INFO  base.BaseClass - Trying to find Element By {by.toString()})
2024-01-25 23:47:00,750 [main] INFO  base.BaseClass - Found Element By {by.toString()}
2024-01-25 23:47:01,292 [main] INFO  base.BaseClass - Trying to find Element By {by.toString()})
2024-01-25 23:47:01,809 [main] INFO  base.BaseClass - Found Element By {by.toString()}
2024-01-25 23:47:02,379 [main] INFO  base.BaseClass - Trying to find Element By {by.toString()})
2024-01-25 23:47:02,398 [main] INFO  base.BaseClass - Found Element By {by.toString()}
2024-01-25 23:47:02,928 [main] INFO  base.BaseClass - Trying to find Element By {by.toString()})
2024-01-25 23:47:02,960 [main] INFO  base.BaseClass - Found Element By {by.toString()}
2024-01-25 23:47:03,489 [main] INFO  base.BaseClass - Trying to find Element By {by.toString()})
2024-01-25 23:47:03,518 [main] INFO  base.BaseClass - Found Element By {by.toString()}
2024-01-25 23:47:04,059 [main] INFO  base.BaseClass - Trying to find Element By {by.toString()})
2024-01-25 23:47:04,080 [main] INFO  base.BaseClass - Found Element By {by.toString()}
2024-01-25 23:47:04,609 [main] INFO  base.BaseClass - Trying to find Element By {by.toString()})
2024-01-25 23:47:04,638 [main] INFO  base.BaseClass - Found Element By {by.toString()}
2024-01-25 23:47:05,182 [main] INFO  base.BaseClass - Trying to find Element By {by.toString()})
2024-01-25 23:47:05,212 [main] INFO  base.BaseClass - Found Element By {by.toString()}
2024-01-25 23:47:05,754 [main] INFO  base.BaseClass - Trying to find Element By {by.toString()})
2024-01-25 23:47:05,785 [main] INFO  base.BaseClass - Found Element By {by.toString()}
2024-01-25 23:47:06,339 [main] INFO  base.BaseClass - Trying to find Element By {by.toString()})
2024-01-25 23:47:06,370 [main] INFO  base.BaseClass - Found Element By {by.toString()}
2024-01-25 23:47:06,905 [main] INFO  base.BaseClass - Trying to find Element By {by.toString()})
2024-01-25 23:47:06,936 [main] INFO  base.BaseClass - Found Element By {by.toString()}
2024-01-25 23:47:07,480 [main] INFO  base.BaseClass - Trying to find Element By {by.toString()})
2024-01-25 23:47:07,508 [main] INFO  base.BaseClass - Found Element By {by.toString()}
2024-01-25 23:47:08,040 [main] INFO  base.BaseClass - Trying to find Element By {by.toString()})
2024-01-25 23:47:08,070 [main] INFO  base.BaseClass - Found Element By {by.toString()}
2024-01-25 23:47:08,616 [main] INFO  base.BaseClass - Trying to find Element By {by.toString()})
2024-01-25 23:47:08,647 [main] INFO  base.BaseClass - Found Element By {by.toString()}
2024-01-25 23:47:09,193 [main] INFO  base.BaseClass - Trying to find Element By {by.toString()})
2024-01-25 23:47:09,222 [main] INFO  base.BaseClass - Found Element By {by.toString()}
2024-01-25 23:47:09,766 [main] INFO  base.BaseClass - Trying to find Element By {by.toString()})
2024-01-25 23:47:09,796 [main] INFO  base.BaseClass - Found Element By {by.toString()}
2024-01-25 23:47:10,339 [main] INFO  base.BaseClass - Trying to find Element By {by.toString()})
2024-01-25 23:47:10,370 [main] INFO  base.BaseClass - Found Element By {by.toString()}
2024-01-25 23:47:10,913 [main] INFO  base.BaseClass - Trying to find Element By {by.toString()})
2024-01-25 23:47:10,943 [main] INFO  base.BaseClass - Found Element By {by.toString()}
2024-01-25 23:47:11,487 [main] INFO  base.BaseClass - Trying to find Element By {by.toString()})
2024-01-25 23:47:11,516 [main] INFO  base.BaseClass - Found Element By {by.toString()}
2024-01-25 23:47:12,050 [main] INFO  base.BaseClass - Trying to find Element By {by.toString()})
2024-01-25 23:47:12,081 [main] INFO  base.BaseClass - Found Element By {by.toString()}
2024-01-25 23:47:12,623 [main] INFO  base.BaseClass - Trying to find Element By {by.toString()})
2024-01-25 23:47:12,653 [main] INFO  base.BaseClass - Found Element By {by.toString()}
2024-01-25 23:47:13,184 [main] INFO  base.BaseClass - Trying to find Element By {by.toString()})
2024-01-25 23:47:13,214 [main] INFO  base.BaseClass - Found Element By {by.toString()}
2024-01-25 23:47:13,756 [main] INFO  base.BaseClass - Trying to find Element By {by.toString()})
2024-01-25 23:47:13,785 [main] INFO  base.BaseClass - Found Element By {by.toString()}
2024-01-25 23:47:14,327 [main] INFO  base.BaseClass - Trying to find Element By {by.toString()})
2024-01-25 23:47:14,345 [main] INFO  base.BaseClass - Found Element By {by.toString()}
TimeoutException occurred: Expected condition failed: waiting for helper.WaitUtility$5@161026d6 (tried for 30 second(s) with 500 milliseconds interval)
Build info: version: '3.141.59', revision: 'e82be7d358', time: '2018-11-14T08:17:03'
System info: host: 'DPLAP166', ip: '137.237.3.67', os.name: 'Windows 10', os.arch: 'amd64', os.version: '10.0', java.version: '19.0.1'
Driver info: org.openqa.selenium.support.events.EventFiringWebDriver
Capabilities {acceptInsecureCerts: true, browserName: chrome, browserVersion: 121.0.6167.86, chrome: {chromedriverVersion: 121.0.6167.85 (3f98d690ad7e..., userDataDir: C:\Users\dP-PL\AppData\Loca...}, fedcm:accounts: true, goog:chromeOptions: {debuggerAddress: localhost:56199}, javascriptEnabled: true, networkConnectionEnabled: false, pageLoadStrategy: normal, platform: WINDOWS, platformName: WINDOWS, proxy: Proxy(), setWindowRect: true, strictFileInteractability: false, timeouts: {implicit: 0, pageLoad: 300000, script: 30000}, unhandledPromptBehavior: dismiss and notify, webauthn:extension:credBlob: true, webauthn:extension:largeBlob: true, webauthn:extension:minPinLength: true, webauthn:extension:prf: true, webauthn:virtualAuthenticators: true}
Session ID: 0e78ab16adbe8e38d568135e1bd2396c
2024-01-25 23:47:14,369 [main] ERROR XGLT_15177_Test - Element did not become visible within the specified time: Expected condition failed: waiting for helper.WaitUtility$5@161026d6 (tried for 30 second(s) with 500 milliseconds interval)
Build info: version: '3.141.59', revision: 'e82be7d358', time: '2018-11-14T08:17:03'
System info: host: 'DPLAP166', ip: '137.237.3.67', os.name: 'Windows 10', os.arch: 'amd64', os.version: '10.0', java.version: '19.0.1'
Driver info: org.openqa.selenium.support.events.EventFiringWebDriver
Capabilities {acceptInsecureCerts: true, browserName: chrome, browserVersion: 121.0.6167.86, chrome: {chromedriverVersion: 121.0.6167.85 (3f98d690ad7e..., userDataDir: C:\Users\dP-PL\AppData\Loca...}, fedcm:accounts: true, goog:chromeOptions: {debuggerAddress: localhost:56199}, javascriptEnabled: true, networkConnectionEnabled: false, pageLoadStrategy: normal, platform: WINDOWS, platformName: WINDOWS, proxy: Proxy(), setWindowRect: true, strictFileInteractability: false, timeouts: {implicit: 0, pageLoad: 300000, script: 30000}, unhandledPromptBehavior: dismiss and notify, webauthn:extension:credBlob: true, webauthn:extension:largeBlob: true, webauthn:extension:minPinLength: true, webauthn:extension:prf: true, webauthn:virtualAuthenticators: true}
Session ID: 0e78ab16adbe8e38d568135e1bd2396c
2024-01-25 23:47:14,380 [main] INFO  base.BaseClass - Trying to find Element By {by.toString()})
2024-01-25 23:47:14,406 [main] INFO  base.BaseClass - Found Element By {by.toString()}
2024-01-25 23:47:14,423 [main] INFO  base.BaseClass - Trying to find Element By {by.toString()})
2024-01-25 23:47:14,440 [main] INFO  base.BaseClass - Found Element By {by.toString()}
2024-01-25 23:47:14,467 [main] INFO  base.BaseClass - Trying to find Element By {by.toString()})
2024-01-25 23:47:14,494 [main] INFO  base.BaseClass - Found Element By {by.toString()}
last page in current selection is 1
2024-01-25 23:47:14,513 [main] INFO  base.BaseClass - Trying to find Element By {by.toString()})
2024-01-25 23:47:14,538 [main] INFO  base.BaseClass - Found Element By {by.toString()}
Height is 990
2024-01-25 23:47:14,560 [main] INFO  base.BaseClass - Trying to find Element By {by.toString()})
2024-01-25 23:47:14,611 [main] INFO  base.BaseClass - Found Element By {by.toString()}
Customer page count for active without revenue is 33
2024-01-25 23:47:14,611 [main] INFO  base.BaseClass - Trying to find Element By {by.toString()})
2024-01-25 23:47:14,622 [main] INFO  base.BaseClass - Found Element By {by.toString()}
2024-01-25 23:47:14,629 [main] INFO  base.BaseClass - Trying to find Element By {by.toString()})
2024-01-25 23:47:14,645 [main] INFO  base.BaseClass - Found Element By {by.toString()}
2024-01-25 23:47:14,663 [main] INFO  base.BaseClass - Trying to find Element By {by.toString()})
2024-01-25 23:47:14,673 [main] INFO  base.BaseClass - Found Element By {by.toString()}
last page in current selection is 1
2024-01-25 23:47:14,685 [main] INFO  base.BaseClass - Trying to find Element By {by.toString()})
2024-01-25 23:47:14,699 [main] INFO  base.BaseClass - Found Element By {by.toString()}
Height is 990
2024-01-25 23:47:14,719 [main] INFO  base.BaseClass - Trying to find Element By {by.toString()})
2024-01-25 23:47:14,739 [main] INFO  base.BaseClass - Found Element By {by.toString()}
2024-01-25 23:47:14,739 [main] INFO  base.BaseClass - Trying to find Element By {by.toString()})
2024-01-25 23:47:14,758 [main] INFO  base.BaseClass - Found Element By {by.toString()}
2024-01-25 23:47:14,771 [main] INFO  base.BaseClass - Trying to find Element By {by.toString()})
2024-01-25 23:47:14,791 [main] INFO  base.BaseClass - Found Element By {by.toString()}
2024-01-25 23:47:14,816 [main] INFO  base.BaseClass - Trying to find Element By {by.toString()})
2024-01-25 23:47:14,833 [main] INFO  base.BaseClass - Found Element By {by.toString()}
last page in current selection is 1
2024-01-25 23:47:14,851 [main] INFO  base.BaseClass - Trying to find Element By {by.toString()})
2024-01-25 23:47:14,868 [main] INFO  base.BaseClass - Found Element By {by.toString()}
Height is 990
2024-01-25 23:47:14,886 [main] INFO  base.BaseClass - Trying to find Element By {by.toString()})
2024-01-25 23:47:14,909 [main] INFO  base.BaseClass - Found Element By {by.toString()}
MCactivewithoutrev passed!
]]></system-out>
  </testcase>
  <testcase name="setFinanceWidget" classname="XGLT_6687_Test" time="429.417">
    <system-out><![CDATA[2024-01-25 23:47:15,186 [main] INFO  XGLT_15177_Test - closing up browser
2024-01-25 23:47:15,428 [main] INFO  base.BaseClass - Login to XGL
2024-01-25 23:47:15,428 [main] INFO  XGLT_15177_Test - Setting up browser
2024-01-25 23:47:17,037 [main] INFO  io.github.bonigarcia.wdm.WebDriverManager - Using chromedriver 121.0.6167.85 (resolved driver for Chrome 121)
2024-01-25 23:47:17,053 [main] INFO  io.github.bonigarcia.wdm.WebDriverManager - Exporting webdriver.chrome.driver as C:\Users\dP-PL\.cache\selenium\chromedriver\win64\121.0.6167.85\chromedriver.exe
2024-01-25 23:47:18,004 [main] INFO  base.BaseClass - Before navigating to {url}
2024-01-25 23:47:24,461 [main] INFO  base.BaseClass - Navigated to {url}
2024-01-25 23:47:25,170 [main] INFO  base.BaseClass - Trying to find Element By {by.toString()})
2024-01-25 23:47:25,185 [main] INFO  base.BaseClass - Found Element By {by.toString()}
2024-01-25 23:47:25,281 [main] INFO  base.BaseClass - Trying to find Element By {by.toString()})
2024-01-25 23:47:25,301 [main] INFO  base.BaseClass - Found Element By {by.toString()}
2024-01-25 23:47:25,435 [main] INFO  base.BaseClass - Trying to find Element By {by.toString()})
2024-01-25 23:47:25,456 [main] INFO  base.BaseClass - Found Element By {by.toString()}
2024-01-25 23:47:25,456 [main] INFO  base.BaseClass - Trying to click on: {element.toString()}
2024-01-25 23:47:25,542 [main] INFO  base.BaseClass - Clicked on: {element.toString()}
2024-01-25 23:47:25,543 [main] INFO  base.BaseClass - Trying to find Element By {by.toString()})
2024-01-25 23:47:29,208 [main] INFO  base.BaseClass - Found Element By {by.toString()}
2024-01-25 23:47:29,246 [main] INFO  base.BaseClass - Trying to find Element By {by.toString()})
NoSuchElementException occurred: no such element: Unable to locate element: {"method":"xpath","selector":"//div[@class='modal-content']/div/i[contains(@class,'close')]"}
  (Session info: chrome=121.0.6167.86)
For documentation on this error, please visit: https://www.seleniumhq.org/exceptions/no_such_element.html
Build info: version: '3.141.59', revision: 'e82be7d358', time: '2018-11-14T08:17:03'
System info: host: 'DPLAP166', ip: '137.237.3.67', os.name: 'Windows 10', os.arch: 'amd64', os.version: '10.0', java.version: '19.0.1'
Driver info: org.openqa.selenium.chrome.ChromeDriver
Capabilities {acceptInsecureCerts: true, browserName: chrome, browserVersion: 121.0.6167.86, chrome: {chromedriverVersion: 121.0.6167.85 (3f98d690ad7e..., userDataDir: C:\Users\dP-PL\AppData\Loca...}, fedcm:accounts: true, goog:chromeOptions: {debuggerAddress: localhost:56255}, javascriptEnabled: true, networkConnectionEnabled: false, pageLoadStrategy: normal, platform: WINDOWS, platformName: WINDOWS, proxy: Proxy(), setWindowRect: true, strictFileInteractability: false, timeouts: {implicit: 0, pageLoad: 300000, script: 30000}, unhandledPromptBehavior: dismiss and notify, webauthn:extension:credBlob: true, webauthn:extension:largeBlob: true, webauthn:extension:minPinLength: true, webauthn:extension:prf: true, webauthn:virtualAuthenticators: true}
Session ID: 5ac4e55f65e9c5775ee35def664942b0
*** Element info: {Using=xpath, value=//div[@class='modal-content']/div/i[contains(@class,'close')]}
Before method Test name: Maintainance Tests
setFinanceWidget started!
2024-01-25 23:48:19,288 [main] INFO  base.BaseClass - Trying to find Element By {by.toString()})
2024-01-25 23:48:19,329 [main] INFO  base.BaseClass - Found Element By {by.toString()}
2024-01-25 23:48:19,890 [main] INFO  base.BaseClass - Trying to find Element By {by.toString()})
2024-01-25 23:48:19,918 [main] INFO  base.BaseClass - Found Element By {by.toString()}
2024-01-25 23:48:20,457 [main] INFO  base.BaseClass - Trying to find Element By {by.toString()})
2024-01-25 23:48:20,482 [main] INFO  base.BaseClass - Found Element By {by.toString()}
2024-01-25 23:48:21,018 [main] INFO  base.BaseClass - Trying to find Element By {by.toString()})
2024-01-25 23:48:21,043 [main] INFO  base.BaseClass - Found Element By {by.toString()}
2024-01-25 23:48:21,582 [main] INFO  base.BaseClass - Trying to find Element By {by.toString()})
2024-01-25 23:48:21,607 [main] INFO  base.BaseClass - Found Element By {by.toString()}
2024-01-25 23:48:22,146 [main] INFO  base.BaseClass - Trying to find Element By {by.toString()})
2024-01-25 23:48:22,170 [main] INFO  base.BaseClass - Found Element By {by.toString()}
2024-01-25 23:48:22,707 [main] INFO  base.BaseClass - Trying to find Element By {by.toString()})
2024-01-25 23:48:22,732 [main] INFO  base.BaseClass - Found Element By {by.toString()}
2024-01-25 23:48:23,270 [main] INFO  base.BaseClass - Trying to find Element By {by.toString()})
2024-01-25 23:48:23,294 [main] INFO  base.BaseClass - Found Element By {by.toString()}
2024-01-25 23:48:23,835 [main] INFO  base.BaseClass - Trying to find Element By {by.toString()})
2024-01-25 23:48:23,859 [main] INFO  base.BaseClass - Found Element By {by.toString()}
2024-01-25 23:48:24,397 [main] INFO  base.BaseClass - Trying to find Element By {by.toString()})
2024-01-25 23:48:24,421 [main] INFO  base.BaseClass - Found Element By {by.toString()}
2024-01-25 23:48:24,968 [main] INFO  base.BaseClass - Trying to find Element By {by.toString()})
2024-01-25 23:48:24,993 [main] INFO  base.BaseClass - Found Element By {by.toString()}
2024-01-25 23:48:25,531 [main] INFO  base.BaseClass - Trying to find Element By {by.toString()})
2024-01-25 23:48:25,555 [main] INFO  base.BaseClass - Found Element By {by.toString()}
2024-01-25 23:48:26,096 [main] INFO  base.BaseClass - Trying to find Element By {by.toString()})
2024-01-25 23:48:26,113 [main] INFO  base.BaseClass - Found Element By {by.toString()}
2024-01-25 23:48:26,643 [main] INFO  base.BaseClass - Trying to find Element By {by.toString()})
2024-01-25 23:48:26,660 [main] INFO  base.BaseClass - Found Element By {by.toString()}
2024-01-25 23:48:27,185 [main] INFO  base.BaseClass - Trying to find Element By {by.toString()})
2024-01-25 23:48:27,212 [main] INFO  base.BaseClass - Found Element By {by.toString()}
2024-01-25 23:48:27,761 [main] INFO  base.BaseClass - Trying to find Element By {by.toString()})
2024-01-25 23:48:27,787 [main] INFO  base.BaseClass - Found Element By {by.toString()}
2024-01-25 23:48:28,331 [main] INFO  base.BaseClass - Trying to find Element By {by.toString()})
2024-01-25 23:48:28,356 [main] INFO  base.BaseClass - Found Element By {by.toString()}
2024-01-25 23:48:28,895 [main] INFO  base.BaseClass - Trying to find Element By {by.toString()})
2024-01-25 23:48:28,917 [main] INFO  base.BaseClass - Found Element By {by.toString()}
2024-01-25 23:48:29,454 [main] INFO  base.BaseClass - Trying to find Element By {by.toString()})
2024-01-25 23:48:29,480 [main] INFO  base.BaseClass - Found Element By {by.toString()}
2024-01-25 23:48:30,017 [main] INFO  base.BaseClass - Trying to find Element By {by.toString()})
2024-01-25 23:48:30,042 [main] INFO  base.BaseClass - Found Element By {by.toString()}
2024-01-25 23:48:30,591 [main] INFO  base.BaseClass - Trying to find Element By {by.toString()})
2024-01-25 23:48:30,614 [main] INFO  base.BaseClass - Found Element By {by.toString()}
2024-01-25 23:48:31,156 [main] INFO  base.BaseClass - Trying to find Element By {by.toString()})
2024-01-25 23:48:31,184 [main] INFO  base.BaseClass - Found Element By {by.toString()}
2024-01-25 23:48:31,735 [main] INFO  base.BaseClass - Trying to find Element By {by.toString()})
2024-01-25 23:48:31,764 [main] INFO  base.BaseClass - Found Element By {by.toString()}
2024-01-25 23:48:32,303 [main] INFO  base.BaseClass - Trying to find Element By {by.toString()})
2024-01-25 23:48:32,329 [main] INFO  base.BaseClass - Found Element By {by.toString()}
2024-01-25 23:48:32,865 [main] INFO  base.BaseClass - Trying to find Element By {by.toString()})
2024-01-25 23:48:32,891 [main] INFO  base.BaseClass - Found Element By {by.toString()}
2024-01-25 23:48:33,429 [main] INFO  base.BaseClass - Trying to find Element By {by.toString()})
2024-01-25 23:48:33,453 [main] INFO  base.BaseClass - Found Element By {by.toString()}
2024-01-25 23:48:33,997 [main] INFO  base.BaseClass - Trying to find Element By {by.toString()})
2024-01-25 23:48:34,021 [main] INFO  base.BaseClass - Found Element By {by.toString()}
2024-01-25 23:48:34,559 [main] INFO  base.BaseClass - Trying to find Element By {by.toString()})
2024-01-25 23:48:34,583 [main] INFO  base.BaseClass - Found Element By {by.toString()}
2024-01-25 23:48:35,120 [main] INFO  base.BaseClass - Trying to find Element By {by.toString()})
2024-01-25 23:48:35,147 [main] INFO  base.BaseClass - Found Element By {by.toString()}
2024-01-25 23:48:35,689 [main] INFO  base.BaseClass - Trying to find Element By {by.toString()})
2024-01-25 23:48:35,714 [main] INFO  base.BaseClass - Found Element By {by.toString()}
2024-01-25 23:48:36,251 [main] INFO  base.BaseClass - Trying to find Element By {by.toString()})
2024-01-25 23:48:36,278 [main] INFO  base.BaseClass - Found Element By {by.toString()}
2024-01-25 23:48:36,817 [main] INFO  base.BaseClass - Trying to find Element By {by.toString()})
2024-01-25 23:48:36,844 [main] INFO  base.BaseClass - Found Element By {by.toString()}
2024-01-25 23:48:37,394 [main] INFO  base.BaseClass - Trying to find Element By {by.toString()})
2024-01-25 23:48:37,418 [main] INFO  base.BaseClass - Found Element By {by.toString()}
2024-01-25 23:48:37,955 [main] INFO  base.BaseClass - Trying to find Element By {by.toString()})
2024-01-25 23:48:37,979 [main] INFO  base.BaseClass - Found Element By {by.toString()}
2024-01-25 23:48:38,516 [main] INFO  base.BaseClass - Trying to find Element By {by.toString()})
2024-01-25 23:48:38,543 [main] INFO  base.BaseClass - Found Element By {by.toString()}
2024-01-25 23:48:39,083 [main] INFO  base.BaseClass - Trying to find Element By {by.toString()})
2024-01-25 23:48:39,111 [main] INFO  base.BaseClass - Found Element By {by.toString()}
2024-01-25 23:48:39,650 [main] INFO  base.BaseClass - Trying to find Element By {by.toString()})
2024-01-25 23:48:39,678 [main] INFO  base.BaseClass - Found Element By {by.toString()}
2024-01-25 23:48:40,219 [main] INFO  base.BaseClass - Trying to find Element By {by.toString()})
2024-01-25 23:48:40,246 [main] INFO  base.BaseClass - Found Element By {by.toString()}
2024-01-25 23:48:40,785 [main] INFO  base.BaseClass - Trying to find Element By {by.toString()})
2024-01-25 23:48:40,813 [main] INFO  base.BaseClass - Found Element By {by.toString()}
2024-01-25 23:48:41,353 [main] INFO  base.BaseClass - Trying to find Element By {by.toString()})
2024-01-25 23:48:41,381 [main] INFO  base.BaseClass - Found Element By {by.toString()}
2024-01-25 23:48:41,926 [main] INFO  base.BaseClass - Trying to find Element By {by.toString()})
2024-01-25 23:48:41,958 [main] INFO  base.BaseClass - Found Element By {by.toString()}
2024-01-25 23:48:42,504 [main] INFO  base.BaseClass - Trying to find Element By {by.toString()})
2024-01-25 23:48:42,528 [main] INFO  base.BaseClass - Found Element By {by.toString()}
2024-01-25 23:48:43,070 [main] INFO  base.BaseClass - Trying to find Element By {by.toString()})
2024-01-25 23:48:43,095 [main] INFO  base.BaseClass - Found Element By {by.toString()}
2024-01-25 23:48:43,637 [main] INFO  base.BaseClass - Trying to find Element By {by.toString()})
2024-01-25 23:48:43,663 [main] INFO  base.BaseClass - Found Element By {by.toString()}
2024-01-25 23:48:44,201 [main] INFO  base.BaseClass - Trying to find Element By {by.toString()})
2024-01-25 23:48:44,227 [main] INFO  base.BaseClass - Found Element By {by.toString()}
2024-01-25 23:48:44,765 [main] INFO  base.BaseClass - Trying to find Element By {by.toString()})
2024-01-25 23:48:44,791 [main] INFO  base.BaseClass - Found Element By {by.toString()}
2024-01-25 23:48:45,331 [main] INFO  base.BaseClass - Trying to find Element By {by.toString()})
2024-01-25 23:48:45,354 [main] INFO  base.BaseClass - Found Element By {by.toString()}
2024-01-25 23:48:45,903 [main] INFO  base.BaseClass - Trying to find Element By {by.toString()})
2024-01-25 23:48:45,930 [main] INFO  base.BaseClass - Found Element By {by.toString()}
2024-01-25 23:48:46,473 [main] INFO  base.BaseClass - Trying to find Element By {by.toString()})
2024-01-25 23:48:46,497 [main] INFO  base.BaseClass - Found Element By {by.toString()}
2024-01-25 23:48:47,037 [main] INFO  base.BaseClass - Trying to find Element By {by.toString()})
2024-01-25 23:48:47,062 [main] INFO  base.BaseClass - Found Element By {by.toString()}
2024-01-25 23:48:47,600 [main] INFO  base.BaseClass - Trying to find Element By {by.toString()})
2024-01-25 23:48:47,626 [main] INFO  base.BaseClass - Found Element By {by.toString()}
2024-01-25 23:48:48,169 [main] INFO  base.BaseClass - Trying to find Element By {by.toString()})
2024-01-25 23:48:48,194 [main] INFO  base.BaseClass - Found Element By {by.toString()}
2024-01-25 23:48:48,743 [main] INFO  base.BaseClass - Trying to find Element By {by.toString()})
2024-01-25 23:48:48,770 [main] INFO  base.BaseClass - Found Element By {by.toString()}
2024-01-25 23:48:49,311 [main] INFO  base.BaseClass - Trying to find Element By {by.toString()})
2024-01-25 23:48:49,335 [main] INFO  base.BaseClass - Found Element By {by.toString()}
TimeoutException occurred: Expected condition failed: waiting for helper.WaitUtility$5@64d58602 (tried for 30 second(s) with 500 milliseconds interval)
Build info: version: '3.141.59', revision: 'e82be7d358', time: '2018-11-14T08:17:03'
System info: host: 'DPLAP166', ip: '137.237.3.67', os.name: 'Windows 10', os.arch: 'amd64', os.version: '10.0', java.version: '19.0.1'
Driver info: org.openqa.selenium.support.events.EventFiringWebDriver
Capabilities {acceptInsecureCerts: true, browserName: chrome, browserVersion: 121.0.6167.86, chrome: {chromedriverVersion: 121.0.6167.85 (3f98d690ad7e..., userDataDir: C:\Users\dP-PL\AppData\Loca...}, fedcm:accounts: true, goog:chromeOptions: {debuggerAddress: localhost:56255}, javascriptEnabled: true, networkConnectionEnabled: false, pageLoadStrategy: normal, platform: WINDOWS, platformName: WINDOWS, proxy: Proxy(), setWindowRect: true, strictFileInteractability: false, timeouts: {implicit: 0, pageLoad: 300000, script: 30000}, unhandledPromptBehavior: dismiss and notify, webauthn:extension:credBlob: true, webauthn:extension:largeBlob: true, webauthn:extension:minPinLength: true, webauthn:extension:prf: true, webauthn:virtualAuthenticators: true}
Session ID: 5ac4e55f65e9c5775ee35def664942b0
2024-01-25 23:48:49,379 [main] ERROR XGLT_15177_Test - Element did not become visible within the specified time: Expected condition failed: waiting for helper.WaitUtility$5@64d58602 (tried for 30 second(s) with 500 milliseconds interval)
Build info: version: '3.141.59', revision: 'e82be7d358', time: '2018-11-14T08:17:03'
System info: host: 'DPLAP166', ip: '137.237.3.67', os.name: 'Windows 10', os.arch: 'amd64', os.version: '10.0', java.version: '19.0.1'
Driver info: org.openqa.selenium.support.events.EventFiringWebDriver
Capabilities {acceptInsecureCerts: true, browserName: chrome, browserVersion: 121.0.6167.86, chrome: {chromedriverVersion: 121.0.6167.85 (3f98d690ad7e..., userDataDir: C:\Users\dP-PL\AppData\Loca...}, fedcm:accounts: true, goog:chromeOptions: {debuggerAddress: localhost:56255}, javascriptEnabled: true, networkConnectionEnabled: false, pageLoadStrategy: normal, platform: WINDOWS, platformName: WINDOWS, proxy: Proxy(), setWindowRect: true, strictFileInteractability: false, timeouts: {implicit: 0, pageLoad: 300000, script: 30000}, unhandledPromptBehavior: dismiss and notify, webauthn:extension:credBlob: true, webauthn:extension:largeBlob: true, webauthn:extension:minPinLength: true, webauthn:extension:prf: true, webauthn:virtualAuthenticators: true}
Session ID: 5ac4e55f65e9c5775ee35def664942b0
2024-01-25 23:48:49,380 [main] INFO  base.BaseClass - Trying to find Element By {by.toString()})
2024-01-25 23:48:49,405 [main] INFO  base.BaseClass - Found Element By {by.toString()}
2024-01-25 23:48:49,617 [main] INFO  base.BaseClass - Trying to find Element By {by.toString()})
2024-01-25 23:48:49,641 [main] INFO  base.BaseClass - Found Element By {by.toString()}
2024-01-25 23:48:49,656 [main] INFO  base.BaseClass - Trying to find Element By {by.toString()})
2024-01-25 23:48:49,676 [main] INFO  base.BaseClass - Found Element By {by.toString()}
2024-01-25 23:48:49,692 [main] INFO  base.BaseClass - Trying to find Element By {by.toString()})
2024-01-25 23:48:49,712 [main] INFO  base.BaseClass - Found Element By {by.toString()}
2024-01-25 23:48:50,240 [main] INFO  base.BaseClass - Trying to find Element By {by.toString()})
2024-01-25 23:48:50,269 [main] INFO  base.BaseClass - Found Element By {by.toString()}
2024-01-25 23:48:50,815 [main] INFO  base.BaseClass - Trying to find Element By {by.toString()})
2024-01-25 23:48:50,844 [main] INFO  base.BaseClass - Found Element By {by.toString()}
2024-01-25 23:48:51,387 [main] INFO  base.BaseClass - Trying to find Element By {by.toString()})
2024-01-25 23:48:51,412 [main] INFO  base.BaseClass - Found Element By {by.toString()}
2024-01-25 23:48:51,952 [main] INFO  base.BaseClass - Trying to find Element By {by.toString()})
2024-01-25 23:48:51,981 [main] INFO  base.BaseClass - Found Element By {by.toString()}
2024-01-25 23:48:52,520 [main] INFO  base.BaseClass - Trying to find Element By {by.toString()})
2024-01-25 23:48:52,548 [main] INFO  base.BaseClass - Found Element By {by.toString()}
2024-01-25 23:48:53,095 [main] INFO  base.BaseClass - Trying to find Element By {by.toString()})
2024-01-25 23:48:53,111 [main] INFO  base.BaseClass - Found Element By {by.toString()}
2024-01-25 23:48:53,641 [main] INFO  base.BaseClass - Trying to find Element By {by.toString()})
2024-01-25 23:48:53,654 [main] INFO  base.BaseClass - Found Element By {by.toString()}
2024-01-25 23:48:54,179 [main] INFO  base.BaseClass - Trying to find Element By {by.toString()})
2024-01-25 23:48:54,203 [main] INFO  base.BaseClass - Found Element By {by.toString()}
2024-01-25 23:48:54,738 [main] INFO  base.BaseClass - Trying to find Element By {by.toString()})
2024-01-25 23:48:54,761 [main] INFO  base.BaseClass - Found Element By {by.toString()}
2024-01-25 23:48:55,303 [main] INFO  base.BaseClass - Trying to find Element By {by.toString()})
2024-01-25 23:48:55,327 [main] INFO  base.BaseClass - Found Element By {by.toString()}
2024-01-25 23:48:55,867 [main] INFO  base.BaseClass - Trying to find Element By {by.toString()})
2024-01-25 23:48:55,892 [main] INFO  base.BaseClass - Found Element By {by.toString()}
2024-01-25 23:48:56,429 [main] INFO  base.BaseClass - Trying to find Element By {by.toString()})
2024-01-25 23:48:56,453 [main] INFO  base.BaseClass - Found Element By {by.toString()}
2024-01-25 23:48:56,989 [main] INFO  base.BaseClass - Trying to find Element By {by.toString()})
2024-01-25 23:48:57,014 [main] INFO  base.BaseClass - Found Element By {by.toString()}
2024-01-25 23:48:57,551 [main] INFO  base.BaseClass - Trying to find Element By {by.toString()})
2024-01-25 23:48:57,577 [main] INFO  base.BaseClass - Found Element By {by.toString()}
2024-01-25 23:48:58,123 [main] INFO  base.BaseClass - Trying to find Element By {by.toString()})
2024-01-25 23:48:58,149 [main] INFO  base.BaseClass - Found Element By {by.toString()}
2024-01-25 23:48:58,685 [main] INFO  base.BaseClass - Trying to find Element By {by.toString()})
2024-01-25 23:48:58,711 [main] INFO  base.BaseClass - Found Element By {by.toString()}
2024-01-25 23:48:59,250 [main] INFO  base.BaseClass - Trying to find Element By {by.toString()})
2024-01-25 23:48:59,275 [main] INFO  base.BaseClass - Found Element By {by.toString()}
2024-01-25 23:48:59,814 [main] INFO  base.BaseClass - Trying to find Element By {by.toString()})
2024-01-25 23:48:59,839 [main] INFO  base.BaseClass - Found Element By {by.toString()}
2024-01-25 23:49:00,379 [main] INFO  base.BaseClass - Trying to find Element By {by.toString()})
2024-01-25 23:49:00,403 [main] INFO  base.BaseClass - Found Element By {by.toString()}
2024-01-25 23:49:00,942 [main] INFO  base.BaseClass - Trying to find Element By {by.toString()})
2024-01-25 23:49:00,966 [main] INFO  base.BaseClass - Found Element By {by.toString()}
2024-01-25 23:49:01,503 [main] INFO  base.BaseClass - Trying to find Element By {by.toString()})
2024-01-25 23:49:01,528 [main] INFO  base.BaseClass - Found Element By {by.toString()}
2024-01-25 23:49:02,070 [main] INFO  base.BaseClass - Trying to find Element By {by.toString()})
2024-01-25 23:49:02,095 [main] INFO  base.BaseClass - Found Element By {by.toString()}
2024-01-25 23:49:02,630 [main] INFO  base.BaseClass - Trying to find Element By {by.toString()})
2024-01-25 23:49:02,655 [main] INFO  base.BaseClass - Found Element By {by.toString()}
2024-01-25 23:49:03,194 [main] INFO  base.BaseClass - Trying to find Element By {by.toString()})
2024-01-25 23:49:03,217 [main] INFO  base.BaseClass - Found Element By {by.toString()}
2024-01-25 23:49:03,754 [main] INFO  base.BaseClass - Trying to find Element By {by.toString()})
2024-01-25 23:49:03,779 [main] INFO  base.BaseClass - Found Element By {by.toString()}
2024-01-25 23:49:04,317 [main] INFO  base.BaseClass - Trying to find Element By {by.toString()})
2024-01-25 23:49:04,344 [main] INFO  base.BaseClass - Found Element By {by.toString()}
2024-01-25 23:49:04,882 [main] INFO  base.BaseClass - Trying to find Element By {by.toString()})
2024-01-25 23:49:04,909 [main] INFO  base.BaseClass - Found Element By {by.toString()}
2024-01-25 23:49:05,452 [main] INFO  base.BaseClass - Trying to find Element By {by.toString()})
2024-01-25 23:49:05,476 [main] INFO  base.BaseClass - Found Element By {by.toString()}
2024-01-25 23:49:06,014 [main] INFO  base.BaseClass - Trying to find Element By {by.toString()})
2024-01-25 23:49:06,044 [main] INFO  base.BaseClass - Found Element By {by.toString()}
2024-01-25 23:49:06,582 [main] INFO  base.BaseClass - Trying to find Element By {by.toString()})
2024-01-25 23:49:06,607 [main] INFO  base.BaseClass - Found Element By {by.toString()}
2024-01-25 23:49:07,148 [main] INFO  base.BaseClass - Trying to find Element By {by.toString()})
2024-01-25 23:49:07,175 [main] INFO  base.BaseClass - Found Element By {by.toString()}
2024-01-25 23:49:07,725 [main] INFO  base.BaseClass - Trying to find Element By {by.toString()})
2024-01-25 23:49:07,750 [main] INFO  base.BaseClass - Found Element By {by.toString()}
2024-01-25 23:49:08,304 [main] INFO  base.BaseClass - Trying to find Element By {by.toString()})
2024-01-25 23:49:08,327 [main] INFO  base.BaseClass - Found Element By {by.toString()}
2024-01-25 23:49:08,870 [main] INFO  base.BaseClass - Trying to find Element By {by.toString()})
2024-01-25 23:49:08,897 [main] INFO  base.BaseClass - Found Element By {by.toString()}
2024-01-25 23:49:09,434 [main] INFO  base.BaseClass - Trying to find Element By {by.toString()})
2024-01-25 23:49:09,460 [main] INFO  base.BaseClass - Found Element By {by.toString()}
2024-01-25 23:49:09,996 [main] INFO  base.BaseClass - Trying to find Element By {by.toString()})
2024-01-25 23:49:10,020 [main] INFO  base.BaseClass - Found Element By {by.toString()}
2024-01-25 23:49:10,562 [main] INFO  base.BaseClass - Trying to find Element By {by.toString()})
2024-01-25 23:49:10,586 [main] INFO  base.BaseClass - Found Element By {by.toString()}
2024-01-25 23:49:11,127 [main] INFO  base.BaseClass - Trying to find Element By {by.toString()})
2024-01-25 23:49:11,150 [main] INFO  base.BaseClass - Found Element By {by.toString()}
2024-01-25 23:49:11,686 [main] INFO  base.BaseClass - Trying to find Element By {by.toString()})
2024-01-25 23:49:11,711 [main] INFO  base.BaseClass - Found Element By {by.toString()}
2024-01-25 23:49:12,249 [main] INFO  base.BaseClass - Trying to find Element By {by.toString()})
2024-01-25 23:49:12,273 [main] INFO  base.BaseClass - Found Element By {by.toString()}
2024-01-25 23:49:12,813 [main] INFO  base.BaseClass - Trying to find Element By {by.toString()})
2024-01-25 23:49:12,833 [main] INFO  base.BaseClass - Found Element By {by.toString()}
2024-01-25 23:49:13,359 [main] INFO  base.BaseClass - Trying to find Element By {by.toString()})
2024-01-25 23:49:13,379 [main] INFO  base.BaseClass - Found Element By {by.toString()}
2024-01-25 23:49:13,913 [main] INFO  base.BaseClass - Trying to find Element By {by.toString()})
2024-01-25 23:49:13,930 [main] INFO  base.BaseClass - Found Element By {by.toString()}
2024-01-25 23:49:14,461 [main] INFO  base.BaseClass - Trying to find Element By {by.toString()})
2024-01-25 23:49:14,479 [main] INFO  base.BaseClass - Found Element By {by.toString()}
2024-01-25 23:49:15,009 [main] INFO  base.BaseClass - Trying to find Element By {by.toString()})
2024-01-25 23:49:15,028 [main] INFO  base.BaseClass - Found Element By {by.toString()}
2024-01-25 23:49:15,559 [main] INFO  base.BaseClass - Trying to find Element By {by.toString()})
2024-01-25 23:49:15,580 [main] INFO  base.BaseClass - Found Element By {by.toString()}
2024-01-25 23:49:16,112 [main] INFO  base.BaseClass - Trying to find Element By {by.toString()})
2024-01-25 23:49:16,137 [main] INFO  base.BaseClass - Found Element By {by.toString()}
2024-01-25 23:49:16,673 [main] INFO  base.BaseClass - Trying to find Element By {by.toString()})
2024-01-25 23:49:16,697 [main] INFO  base.BaseClass - Found Element By {by.toString()}
2024-01-25 23:49:17,234 [main] INFO  base.BaseClass - Trying to find Element By {by.toString()})
2024-01-25 23:49:17,257 [main] INFO  base.BaseClass - Found Element By {by.toString()}
2024-01-25 23:49:17,806 [main] INFO  base.BaseClass - Trying to find Element By {by.toString()})
2024-01-25 23:49:17,824 [main] INFO  base.BaseClass - Found Element By {by.toString()}
2024-01-25 23:49:18,349 [main] INFO  base.BaseClass - Trying to find Element By {by.toString()})
2024-01-25 23:49:18,375 [main] INFO  base.BaseClass - Found Element By {by.toString()}
2024-01-25 23:49:18,915 [main] INFO  base.BaseClass - Trying to find Element By {by.toString()})
2024-01-25 23:49:18,942 [main] INFO  base.BaseClass - Found Element By {by.toString()}
2024-01-25 23:49:19,487 [main] INFO  base.BaseClass - Trying to find Element By {by.toString()})
2024-01-25 23:49:19,512 [main] INFO  base.BaseClass - Found Element By {by.toString()}
2024-01-25 23:49:20,058 [main] INFO  base.BaseClass - Trying to find Element By {by.toString()})
2024-01-25 23:49:20,082 [main] INFO  base.BaseClass - Found Element By {by.toString()}
TimeoutException occurred: Expected condition failed: waiting for helper.WaitUtility$5@69fcc5f8 (tried for 30 second(s) with 500 milliseconds interval)
Build info: version: '3.141.59', revision: 'e82be7d358', time: '2018-11-14T08:17:03'
System info: host: 'DPLAP166', ip: '137.237.3.67', os.name: 'Windows 10', os.arch: 'amd64', os.version: '10.0', java.version: '19.0.1'
Driver info: org.openqa.selenium.support.events.EventFiringWebDriver
Capabilities {acceptInsecureCerts: true, browserName: chrome, browserVersion: 121.0.6167.86, chrome: {chromedriverVersion: 121.0.6167.85 (3f98d690ad7e..., userDataDir: C:\Users\dP-PL\AppData\Loca...}, fedcm:accounts: true, goog:chromeOptions: {debuggerAddress: localhost:56255}, javascriptEnabled: true, networkConnectionEnabled: false, pageLoadStrategy: normal, platform: WINDOWS, platformName: WINDOWS, proxy: Proxy(), setWindowRect: true, strictFileInteractability: false, timeouts: {implicit: 0, pageLoad: 300000, script: 30000}, unhandledPromptBehavior: dismiss and notify, webauthn:extension:credBlob: true, webauthn:extension:largeBlob: true, webauthn:extension:minPinLength: true, webauthn:extension:prf: true, webauthn:virtualAuthenticators: true}
Session ID: 5ac4e55f65e9c5775ee35def664942b0
2024-01-25 23:49:20,123 [main] ERROR XGLT_15177_Test - Element did not become visible within the specified time: Expected condition failed: waiting for helper.WaitUtility$5@69fcc5f8 (tried for 30 second(s) with 500 milliseconds interval)
Build info: version: '3.141.59', revision: 'e82be7d358', time: '2018-11-14T08:17:03'
System info: host: 'DPLAP166', ip: '137.237.3.67', os.name: 'Windows 10', os.arch: 'amd64', os.version: '10.0', java.version: '19.0.1'
Driver info: org.openqa.selenium.support.events.EventFiringWebDriver
Capabilities {acceptInsecureCerts: true, browserName: chrome, browserVersion: 121.0.6167.86, chrome: {chromedriverVersion: 121.0.6167.85 (3f98d690ad7e..., userDataDir: C:\Users\dP-PL\AppData\Loca...}, fedcm:accounts: true, goog:chromeOptions: {debuggerAddress: localhost:56255}, javascriptEnabled: true, networkConnectionEnabled: false, pageLoadStrategy: normal, platform: WINDOWS, platformName: WINDOWS, proxy: Proxy(), setWindowRect: true, strictFileInteractability: false, timeouts: {implicit: 0, pageLoad: 300000, script: 30000}, unhandledPromptBehavior: dismiss and notify, webauthn:extension:credBlob: true, webauthn:extension:largeBlob: true, webauthn:extension:minPinLength: true, webauthn:extension:prf: true, webauthn:virtualAuthenticators: true}
Session ID: 5ac4e55f65e9c5775ee35def664942b0
2024-01-25 23:49:20,123 [main] INFO  base.BaseClass - Trying to find Element By {by.toString()})
2024-01-25 23:49:20,147 [main] INFO  base.BaseClass - Found Element By {by.toString()}
2024-01-25 23:49:20,238 [main] INFO  base.BaseClass - Trying to find Element By {by.toString()})
2024-01-25 23:49:20,273 [main] INFO  base.BaseClass - Found Element By {by.toString()}
2024-01-25 23:49:20,811 [main] INFO  base.BaseClass - Trying to find Element By {by.toString()})
2024-01-25 23:49:20,851 [main] INFO  base.BaseClass - Found Element By {by.toString()}
2024-01-25 23:49:21,375 [main] INFO  base.BaseClass - Trying to find Element By {by.toString()})
2024-01-25 23:49:21,392 [main] INFO  base.BaseClass - Found Element By {by.toString()}
2024-01-25 23:49:21,917 [main] INFO  base.BaseClass - Trying to find Element By {by.toString()})
2024-01-25 23:49:21,934 [main] INFO  base.BaseClass - Found Element By {by.toString()}
2024-01-25 23:49:22,461 [main] INFO  base.BaseClass - Trying to find Element By {by.toString()})
2024-01-25 23:49:22,474 [main] INFO  base.BaseClass - Found Element By {by.toString()}
2024-01-25 23:49:22,995 [main] INFO  base.BaseClass - Trying to find Element By {by.toString()})
2024-01-25 23:49:23,012 [main] INFO  base.BaseClass - Found Element By {by.toString()}
2024-01-25 23:49:23,538 [main] INFO  base.BaseClass - Trying to find Element By {by.toString()})
2024-01-25 23:49:23,568 [main] INFO  base.BaseClass - Found Element By {by.toString()}
2024-01-25 23:49:24,093 [main] INFO  base.BaseClass - Trying to find Element By {by.toString()})
2024-01-25 23:49:24,119 [main] INFO  base.BaseClass - Found Element By {by.toString()}
2024-01-25 23:49:24,663 [main] INFO  base.BaseClass - Trying to find Element By {by.toString()})
2024-01-25 23:49:24,687 [main] INFO  base.BaseClass - Found Element By {by.toString()}
2024-01-25 23:49:25,226 [main] INFO  base.BaseClass - Trying to find Element By {by.toString()})
2024-01-25 23:49:25,248 [main] INFO  base.BaseClass - Found Element By {by.toString()}
2024-01-25 23:49:25,785 [main] INFO  base.BaseClass - Trying to find Element By {by.toString()})
2024-01-25 23:49:25,808 [main] INFO  base.BaseClass - Found Element By {by.toString()}
2024-01-25 23:49:26,346 [main] INFO  base.BaseClass - Trying to find Element By {by.toString()})
2024-01-25 23:49:26,371 [main] INFO  base.BaseClass - Found Element By {by.toString()}
2024-01-25 23:49:26,913 [main] INFO  base.BaseClass - Trying to find Element By {by.toString()})
2024-01-25 23:49:26,939 [main] INFO  base.BaseClass - Found Element By {by.toString()}
2024-01-25 23:49:27,478 [main] INFO  base.BaseClass - Trying to find Element By {by.toString()})
2024-01-25 23:49:27,502 [main] INFO  base.BaseClass - Found Element By {by.toString()}
2024-01-25 23:49:28,041 [main] INFO  base.BaseClass - Trying to find Element By {by.toString()})
2024-01-25 23:49:28,065 [main] INFO  base.BaseClass - Found Element By {by.toString()}
2024-01-25 23:49:28,602 [main] INFO  base.BaseClass - Trying to find Element By {by.toString()})
2024-01-25 23:49:28,627 [main] INFO  base.BaseClass - Found Element By {by.toString()}
2024-01-25 23:49:29,166 [main] INFO  base.BaseClass - Trying to find Element By {by.toString()})
2024-01-25 23:49:29,192 [main] INFO  base.BaseClass - Found Element By {by.toString()}
2024-01-25 23:49:29,728 [main] INFO  base.BaseClass - Trying to find Element By {by.toString()})
2024-01-25 23:49:29,752 [main] INFO  base.BaseClass - Found Element By {by.toString()}
2024-01-25 23:49:30,298 [main] INFO  base.BaseClass - Trying to find Element By {by.toString()})
2024-01-25 23:49:30,322 [main] INFO  base.BaseClass - Found Element By {by.toString()}
2024-01-25 23:49:30,864 [main] INFO  base.BaseClass - Trying to find Element By {by.toString()})
2024-01-25 23:49:30,889 [main] INFO  base.BaseClass - Found Element By {by.toString()}
2024-01-25 23:49:31,428 [main] INFO  base.BaseClass - Trying to find Element By {by.toString()})
2024-01-25 23:49:31,451 [main] INFO  base.BaseClass - Found Element By {by.toString()}
2024-01-25 23:49:31,988 [main] INFO  base.BaseClass - Trying to find Element By {by.toString()})
2024-01-25 23:49:32,011 [main] INFO  base.BaseClass - Found Element By {by.toString()}
2024-01-25 23:49:32,549 [main] INFO  base.BaseClass - Trying to find Element By {by.toString()})
2024-01-25 23:49:32,572 [main] INFO  base.BaseClass - Found Element By {by.toString()}
2024-01-25 23:49:33,112 [main] INFO  base.BaseClass - Trying to find Element By {by.toString()})
2024-01-25 23:49:33,137 [main] INFO  base.BaseClass - Found Element By {by.toString()}
2024-01-25 23:49:33,685 [main] INFO  base.BaseClass - Trying to find Element By {by.toString()})
2024-01-25 23:49:33,709 [main] INFO  base.BaseClass - Found Element By {by.toString()}
2024-01-25 23:49:34,247 [main] INFO  base.BaseClass - Trying to find Element By {by.toString()})
2024-01-25 23:49:34,271 [main] INFO  base.BaseClass - Found Element By {by.toString()}
2024-01-25 23:49:34,810 [main] INFO  base.BaseClass - Trying to find Element By {by.toString()})
2024-01-25 23:49:34,834 [main] INFO  base.BaseClass - Found Element By {by.toString()}
2024-01-25 23:49:35,373 [main] INFO  base.BaseClass - Trying to find Element By {by.toString()})
2024-01-25 23:49:35,397 [main] INFO  base.BaseClass - Found Element By {by.toString()}
2024-01-25 23:49:35,934 [main] INFO  base.BaseClass - Trying to find Element By {by.toString()})
2024-01-25 23:49:35,958 [main] INFO  base.BaseClass - Found Element By {by.toString()}
2024-01-25 23:49:36,506 [main] INFO  base.BaseClass - Trying to find Element By {by.toString()})
2024-01-25 23:49:36,530 [main] INFO  base.BaseClass - Found Element By {by.toString()}
2024-01-25 23:49:37,066 [main] INFO  base.BaseClass - Trying to find Element By {by.toString()})
2024-01-25 23:49:37,091 [main] INFO  base.BaseClass - Found Element By {by.toString()}
2024-01-25 23:49:37,629 [main] INFO  base.BaseClass - Trying to find Element By {by.toString()})
2024-01-25 23:49:37,652 [main] INFO  base.BaseClass - Found Element By {by.toString()}
2024-01-25 23:49:38,201 [main] INFO  base.BaseClass - Trying to find Element By {by.toString()})
2024-01-25 23:49:38,225 [main] INFO  base.BaseClass - Found Element By {by.toString()}
2024-01-25 23:49:38,766 [main] INFO  base.BaseClass - Trying to find Element By {by.toString()})
2024-01-25 23:49:38,790 [main] INFO  base.BaseClass - Found Element By {by.toString()}
2024-01-25 23:49:39,330 [main] INFO  base.BaseClass - Trying to find Element By {by.toString()})
2024-01-25 23:49:39,352 [main] INFO  base.BaseClass - Found Element By {by.toString()}
2024-01-25 23:49:39,892 [main] INFO  base.BaseClass - Trying to find Element By {by.toString()})
2024-01-25 23:49:39,914 [main] INFO  base.BaseClass - Found Element By {by.toString()}
2024-01-25 23:49:40,452 [main] INFO  base.BaseClass - Trying to find Element By {by.toString()})
2024-01-25 23:49:40,476 [main] INFO  base.BaseClass - Found Element By {by.toString()}
2024-01-25 23:49:41,015 [main] INFO  base.BaseClass - Trying to find Element By {by.toString()})
2024-01-25 23:49:41,039 [main] INFO  base.BaseClass - Found Element By {by.toString()}
2024-01-25 23:49:41,578 [main] INFO  base.BaseClass - Trying to find Element By {by.toString()})
2024-01-25 23:49:41,606 [main] INFO  base.BaseClass - Found Element By {by.toString()}
2024-01-25 23:49:42,146 [main] INFO  base.BaseClass - Trying to find Element By {by.toString()})
2024-01-25 23:49:42,170 [main] INFO  base.BaseClass - Found Element By {by.toString()}
2024-01-25 23:49:42,722 [main] INFO  base.BaseClass - Trying to find Element By {by.toString()})
2024-01-25 23:49:42,745 [main] INFO  base.BaseClass - Found Element By {by.toString()}
2024-01-25 23:49:43,284 [main] INFO  base.BaseClass - Trying to find Element By {by.toString()})
2024-01-25 23:49:43,309 [main] INFO  base.BaseClass - Found Element By {by.toString()}
2024-01-25 23:49:43,847 [main] INFO  base.BaseClass - Trying to find Element By {by.toString()})
2024-01-25 23:49:43,874 [main] INFO  base.BaseClass - Found Element By {by.toString()}
2024-01-25 23:49:44,412 [main] INFO  base.BaseClass - Trying to find Element By {by.toString()})
2024-01-25 23:49:44,436 [main] INFO  base.BaseClass - Found Element By {by.toString()}
2024-01-25 23:49:44,990 [main] INFO  base.BaseClass - Trying to find Element By {by.toString()})
2024-01-25 23:49:45,014 [main] INFO  base.BaseClass - Found Element By {by.toString()}
2024-01-25 23:49:45,555 [main] INFO  base.BaseClass - Trying to find Element By {by.toString()})
2024-01-25 23:49:45,579 [main] INFO  base.BaseClass - Found Element By {by.toString()}
2024-01-25 23:49:46,123 [main] INFO  base.BaseClass - Trying to find Element By {by.toString()})
2024-01-25 23:49:46,149 [main] INFO  base.BaseClass - Found Element By {by.toString()}
2024-01-25 23:49:46,689 [main] INFO  base.BaseClass - Trying to find Element By {by.toString()})
2024-01-25 23:49:46,714 [main] INFO  base.BaseClass - Found Element By {by.toString()}
2024-01-25 23:49:47,262 [main] INFO  base.BaseClass - Trying to find Element By {by.toString()})
2024-01-25 23:49:47,285 [main] INFO  base.BaseClass - Found Element By {by.toString()}
2024-01-25 23:49:47,825 [main] INFO  base.BaseClass - Trying to find Element By {by.toString()})
2024-01-25 23:49:47,849 [main] INFO  base.BaseClass - Found Element By {by.toString()}
2024-01-25 23:49:48,390 [main] INFO  base.BaseClass - Trying to find Element By {by.toString()})
2024-01-25 23:49:48,413 [main] INFO  base.BaseClass - Found Element By {by.toString()}
2024-01-25 23:49:48,950 [main] INFO  base.BaseClass - Trying to find Element By {by.toString()})
2024-01-25 23:49:48,975 [main] INFO  base.BaseClass - Found Element By {by.toString()}
2024-01-25 23:49:49,513 [main] INFO  base.BaseClass - Trying to find Element By {by.toString()})
2024-01-25 23:49:49,539 [main] INFO  base.BaseClass - Found Element By {by.toString()}
2024-01-25 23:49:50,082 [main] INFO  base.BaseClass - Trying to find Element By {by.toString()})
2024-01-25 23:49:50,106 [main] INFO  base.BaseClass - Found Element By {by.toString()}
2024-01-25 23:49:50,645 [main] INFO  base.BaseClass - Trying to find Element By {by.toString()})
2024-01-25 23:49:50,669 [main] INFO  base.BaseClass - Found Element By {by.toString()}
TimeoutException occurred: Expected condition failed: waiting for helper.WaitUtility$5@4509f6d2 (tried for 30 second(s) with 500 milliseconds interval)
Build info: version: '3.141.59', revision: 'e82be7d358', time: '2018-11-14T08:17:03'
System info: host: 'DPLAP166', ip: '137.237.3.67', os.name: 'Windows 10', os.arch: 'amd64', os.version: '10.0', java.version: '19.0.1'
Driver info: org.openqa.selenium.support.events.EventFiringWebDriver
Capabilities {acceptInsecureCerts: true, browserName: chrome, browserVersion: 121.0.6167.86, chrome: {chromedriverVersion: 121.0.6167.85 (3f98d690ad7e..., userDataDir: C:\Users\dP-PL\AppData\Loca...}, fedcm:accounts: true, goog:chromeOptions: {debuggerAddress: localhost:56255}, javascriptEnabled: true, networkConnectionEnabled: false, pageLoadStrategy: normal, platform: WINDOWS, platformName: WINDOWS, proxy: Proxy(), setWindowRect: true, strictFileInteractability: false, timeouts: {implicit: 0, pageLoad: 300000, script: 30000}, unhandledPromptBehavior: dismiss and notify, webauthn:extension:credBlob: true, webauthn:extension:largeBlob: true, webauthn:extension:minPinLength: true, webauthn:extension:prf: true, webauthn:virtualAuthenticators: true}
Session ID: 5ac4e55f65e9c5775ee35def664942b0
2024-01-25 23:49:50,706 [main] ERROR XGLT_15177_Test - Element did not become visible within the specified time: Expected condition failed: waiting for helper.WaitUtility$5@4509f6d2 (tried for 30 second(s) with 500 milliseconds interval)
Build info: version: '3.141.59', revision: 'e82be7d358', time: '2018-11-14T08:17:03'
System info: host: 'DPLAP166', ip: '137.237.3.67', os.name: 'Windows 10', os.arch: 'amd64', os.version: '10.0', java.version: '19.0.1'
Driver info: org.openqa.selenium.support.events.EventFiringWebDriver
Capabilities {acceptInsecureCerts: true, browserName: chrome, browserVersion: 121.0.6167.86, chrome: {chromedriverVersion: 121.0.6167.85 (3f98d690ad7e..., userDataDir: C:\Users\dP-PL\AppData\Loca...}, fedcm:accounts: true, goog:chromeOptions: {debuggerAddress: localhost:56255}, javascriptEnabled: true, networkConnectionEnabled: false, pageLoadStrategy: normal, platform: WINDOWS, platformName: WINDOWS, proxy: Proxy(), setWindowRect: true, strictFileInteractability: false, timeouts: {implicit: 0, pageLoad: 300000, script: 30000}, unhandledPromptBehavior: dismiss and notify, webauthn:extension:credBlob: true, webauthn:extension:largeBlob: true, webauthn:extension:minPinLength: true, webauthn:extension:prf: true, webauthn:virtualAuthenticators: true}
Session ID: 5ac4e55f65e9c5775ee35def664942b0
2024-01-25 23:49:50,706 [main] INFO  base.BaseClass - Trying to find Element By {by.toString()})
2024-01-25 23:49:50,731 [main] INFO  base.BaseClass - Found Element By {by.toString()}
2024-01-25 23:49:50,731 [main] INFO  base.BaseClass - Trying to click on: {element.toString()}
2024-01-25 23:49:50,938 [main] INFO  base.BaseClass - Clicked on: {element.toString()}
2024-01-25 23:49:50,938 [main] INFO  base.BaseClass - Trying to find Element By {by.toString()})
2024-01-25 23:49:50,957 [main] INFO  base.BaseClass - Found Element By {by.toString()}
2024-01-25 23:49:51,483 [main] INFO  base.BaseClass - Trying to find Element By {by.toString()})
2024-01-25 23:49:51,509 [main] INFO  base.BaseClass - Found Element By {by.toString()}
2024-01-25 23:49:52,050 [main] INFO  base.BaseClass - Trying to find Element By {by.toString()})
2024-01-25 23:49:52,083 [main] INFO  base.BaseClass - Found Element By {by.toString()}
2024-01-25 23:49:52,727 [main] INFO  base.BaseClass - Trying to find Element By {by.toString()})
2024-01-25 23:49:52,889 [main] INFO  base.BaseClass - Found Element By {by.toString()}
2024-01-25 23:49:53,591 [main] INFO  base.BaseClass - Trying to find Element By {by.toString()})
2024-01-25 23:49:53,755 [main] INFO  base.BaseClass - Found Element By {by.toString()}
2024-01-25 23:49:54,456 [main] INFO  base.BaseClass - Trying to find Element By {by.toString()})
2024-01-25 23:49:54,622 [main] INFO  base.BaseClass - Found Element By {by.toString()}
2024-01-25 23:49:55,198 [main] INFO  base.BaseClass - Trying to find Element By {by.toString()})
2024-01-25 23:49:55,226 [main] INFO  base.BaseClass - Found Element By {by.toString()}
2024-01-25 23:49:55,766 [main] INFO  base.BaseClass - Trying to find Element By {by.toString()})
2024-01-25 23:49:55,793 [main] INFO  base.BaseClass - Found Element By {by.toString()}
2024-01-25 23:49:56,332 [main] INFO  base.BaseClass - Trying to find Element By {by.toString()})
2024-01-25 23:49:56,359 [main] INFO  base.BaseClass - Found Element By {by.toString()}
2024-01-25 23:49:56,897 [main] INFO  base.BaseClass - Trying to find Element By {by.toString()})
2024-01-25 23:49:56,924 [main] INFO  base.BaseClass - Found Element By {by.toString()}
2024-01-25 23:49:57,472 [main] INFO  base.BaseClass - Trying to find Element By {by.toString()})
2024-01-25 23:49:57,499 [main] INFO  base.BaseClass - Found Element By {by.toString()}
2024-01-25 23:49:58,040 [main] INFO  base.BaseClass - Trying to find Element By {by.toString()})
2024-01-25 23:49:58,064 [main] INFO  base.BaseClass - Found Element By {by.toString()}
2024-01-25 23:49:58,603 [main] INFO  base.BaseClass - Trying to find Element By {by.toString()})
2024-01-25 23:49:58,653 [main] INFO  base.BaseClass - Found Element By {by.toString()}
2024-01-25 23:49:59,192 [main] INFO  base.BaseClass - Trying to find Element By {by.toString()})
2024-01-25 23:49:59,218 [main] INFO  base.BaseClass - Found Element By {by.toString()}
2024-01-25 23:49:59,760 [main] INFO  base.BaseClass - Trying to find Element By {by.toString()})
2024-01-25 23:49:59,785 [main] INFO  base.BaseClass - Found Element By {by.toString()}
2024-01-25 23:50:00,326 [main] INFO  base.BaseClass - Trying to find Element By {by.toString()})
2024-01-25 23:50:00,351 [main] INFO  base.BaseClass - Found Element By {by.toString()}
2024-01-25 23:50:00,891 [main] INFO  base.BaseClass - Trying to find Element By {by.toString()})
2024-01-25 23:50:00,915 [main] INFO  base.BaseClass - Found Element By {by.toString()}
2024-01-25 23:50:01,454 [main] INFO  base.BaseClass - Trying to find Element By {by.toString()})
2024-01-25 23:50:01,480 [main] INFO  base.BaseClass - Found Element By {by.toString()}
2024-01-25 23:50:02,019 [main] INFO  base.BaseClass - Trying to find Element By {by.toString()})
2024-01-25 23:50:02,044 [main] INFO  base.BaseClass - Found Element By {by.toString()}
2024-01-25 23:50:02,583 [main] INFO  base.BaseClass - Trying to find Element By {by.toString()})
2024-01-25 23:50:02,608 [main] INFO  base.BaseClass - Found Element By {by.toString()}
2024-01-25 23:50:03,146 [main] INFO  base.BaseClass - Trying to find Element By {by.toString()})
2024-01-25 23:50:03,171 [main] INFO  base.BaseClass - Found Element By {by.toString()}
2024-01-25 23:50:03,709 [main] INFO  base.BaseClass - Trying to find Element By {by.toString()})
2024-01-25 23:50:03,736 [main] INFO  base.BaseClass - Found Element By {by.toString()}
2024-01-25 23:50:04,280 [main] INFO  base.BaseClass - Trying to find Element By {by.toString()})
2024-01-25 23:50:04,306 [main] INFO  base.BaseClass - Found Element By {by.toString()}
2024-01-25 23:50:04,848 [main] INFO  base.BaseClass - Trying to find Element By {by.toString()})
2024-01-25 23:50:04,875 [main] INFO  base.BaseClass - Found Element By {by.toString()}
2024-01-25 23:50:05,406 [main] INFO  base.BaseClass - Trying to find Element By {by.toString()})
2024-01-25 23:50:05,429 [main] INFO  base.BaseClass - Found Element By {by.toString()}
2024-01-25 23:50:05,969 [main] INFO  base.BaseClass - Trying to find Element By {by.toString()})
2024-01-25 23:50:05,994 [main] INFO  base.BaseClass - Found Element By {by.toString()}
2024-01-25 23:50:06,538 [main] INFO  base.BaseClass - Trying to find Element By {by.toString()})
2024-01-25 23:50:06,562 [main] INFO  base.BaseClass - Found Element By {by.toString()}
2024-01-25 23:50:07,099 [main] INFO  base.BaseClass - Trying to find Element By {by.toString()})
2024-01-25 23:50:07,124 [main] INFO  base.BaseClass - Found Element By {by.toString()}
2024-01-25 23:50:07,663 [main] INFO  base.BaseClass - Trying to find Element By {by.toString()})
2024-01-25 23:50:07,690 [main] INFO  base.BaseClass - Found Element By {by.toString()}
2024-01-25 23:50:08,228 [main] INFO  base.BaseClass - Trying to find Element By {by.toString()})
2024-01-25 23:50:08,254 [main] INFO  base.BaseClass - Found Element By {by.toString()}
2024-01-25 23:50:08,792 [main] INFO  base.BaseClass - Trying to find Element By {by.toString()})
2024-01-25 23:50:08,818 [main] INFO  base.BaseClass - Found Element By {by.toString()}
2024-01-25 23:50:09,357 [main] INFO  base.BaseClass - Trying to find Element By {by.toString()})
2024-01-25 23:50:09,381 [main] INFO  base.BaseClass - Found Element By {by.toString()}
2024-01-25 23:50:09,918 [main] INFO  base.BaseClass - Trying to find Element By {by.toString()})
2024-01-25 23:50:09,943 [main] INFO  base.BaseClass - Found Element By {by.toString()}
2024-01-25 23:50:10,481 [main] INFO  base.BaseClass - Trying to find Element By {by.toString()})
2024-01-25 23:50:10,505 [main] INFO  base.BaseClass - Found Element By {by.toString()}
2024-01-25 23:50:11,042 [main] INFO  base.BaseClass - Trying to find Element By {by.toString()})
2024-01-25 23:50:11,067 [main] INFO  base.BaseClass - Found Element By {by.toString()}
2024-01-25 23:50:11,606 [main] INFO  base.BaseClass - Trying to find Element By {by.toString()})
2024-01-25 23:50:11,630 [main] INFO  base.BaseClass - Found Element By {by.toString()}
2024-01-25 23:50:12,180 [main] INFO  base.BaseClass - Trying to find Element By {by.toString()})
2024-01-25 23:50:12,205 [main] INFO  base.BaseClass - Found Element By {by.toString()}
2024-01-25 23:50:12,746 [main] INFO  base.BaseClass - Trying to find Element By {by.toString()})
2024-01-25 23:50:12,773 [main] INFO  base.BaseClass - Found Element By {by.toString()}
2024-01-25 23:50:13,311 [main] INFO  base.BaseClass - Trying to find Element By {by.toString()})
2024-01-25 23:50:13,338 [main] INFO  base.BaseClass - Found Element By {by.toString()}
2024-01-25 23:50:13,877 [main] INFO  base.BaseClass - Trying to find Element By {by.toString()})
2024-01-25 23:50:13,902 [main] INFO  base.BaseClass - Found Element By {by.toString()}
2024-01-25 23:50:14,442 [main] INFO  base.BaseClass - Trying to find Element By {by.toString()})
2024-01-25 23:50:14,467 [main] INFO  base.BaseClass - Found Element By {by.toString()}
2024-01-25 23:50:15,006 [main] INFO  base.BaseClass - Trying to find Element By {by.toString()})
2024-01-25 23:50:15,032 [main] INFO  base.BaseClass - Found Element By {by.toString()}
2024-01-25 23:50:15,572 [main] INFO  base.BaseClass - Trying to find Element By {by.toString()})
2024-01-25 23:50:15,596 [main] INFO  base.BaseClass - Found Element By {by.toString()}
2024-01-25 23:50:16,134 [main] INFO  base.BaseClass - Trying to find Element By {by.toString()})
2024-01-25 23:50:16,160 [main] INFO  base.BaseClass - Found Element By {by.toString()}
2024-01-25 23:50:16,708 [main] INFO  base.BaseClass - Trying to find Element By {by.toString()})
2024-01-25 23:50:16,732 [main] INFO  base.BaseClass - Found Element By {by.toString()}
2024-01-25 23:50:17,276 [main] INFO  base.BaseClass - Trying to find Element By {by.toString()})
2024-01-25 23:50:17,300 [main] INFO  base.BaseClass - Found Element By {by.toString()}
2024-01-25 23:50:17,840 [main] INFO  base.BaseClass - Trying to find Element By {by.toString()})
2024-01-25 23:50:17,865 [main] INFO  base.BaseClass - Found Element By {by.toString()}
2024-01-25 23:50:18,407 [main] INFO  base.BaseClass - Trying to find Element By {by.toString()})
2024-01-25 23:50:18,432 [main] INFO  base.BaseClass - Found Element By {by.toString()}
2024-01-25 23:50:18,976 [main] INFO  base.BaseClass - Trying to find Element By {by.toString()})
2024-01-25 23:50:19,000 [main] INFO  base.BaseClass - Found Element By {by.toString()}
2024-01-25 23:50:19,539 [main] INFO  base.BaseClass - Trying to find Element By {by.toString()})
2024-01-25 23:50:19,563 [main] INFO  base.BaseClass - Found Element By {by.toString()}
2024-01-25 23:50:20,103 [main] INFO  base.BaseClass - Trying to find Element By {by.toString()})
2024-01-25 23:50:20,128 [main] INFO  base.BaseClass - Found Element By {by.toString()}
2024-01-25 23:50:20,664 [main] INFO  base.BaseClass - Trying to find Element By {by.toString()})
2024-01-25 23:50:20,689 [main] INFO  base.BaseClass - Found Element By {by.toString()}
2024-01-25 23:50:21,240 [main] INFO  base.BaseClass - Trying to find Element By {by.toString()})
2024-01-25 23:50:21,264 [main] INFO  base.BaseClass - Found Element By {by.toString()}
TimeoutException occurred: Expected condition failed: waiting for helper.WaitUtility$5@5d779ec2 (tried for 30 second(s) with 500 milliseconds interval)
Build info: version: '3.141.59', revision: 'e82be7d358', time: '2018-11-14T08:17:03'
System info: host: 'DPLAP166', ip: '137.237.3.67', os.name: 'Windows 10', os.arch: 'amd64', os.version: '10.0', java.version: '19.0.1'
Driver info: org.openqa.selenium.support.events.EventFiringWebDriver
Capabilities {acceptInsecureCerts: true, browserName: chrome, browserVersion: 121.0.6167.86, chrome: {chromedriverVersion: 121.0.6167.85 (3f98d690ad7e..., userDataDir: C:\Users\dP-PL\AppData\Loca...}, fedcm:accounts: true, goog:chromeOptions: {debuggerAddress: localhost:56255}, javascriptEnabled: true, networkConnectionEnabled: false, pageLoadStrategy: normal, platform: WINDOWS, platformName: WINDOWS, proxy: Proxy(), setWindowRect: true, strictFileInteractability: false, timeouts: {implicit: 0, pageLoad: 300000, script: 30000}, unhandledPromptBehavior: dismiss and notify, webauthn:extension:credBlob: true, webauthn:extension:largeBlob: true, webauthn:extension:minPinLength: true, webauthn:extension:prf: true, webauthn:virtualAuthenticators: true}
Session ID: 5ac4e55f65e9c5775ee35def664942b0
2024-01-25 23:50:21,301 [main] ERROR XGLT_15177_Test - Element did not become visible within the specified time: Expected condition failed: waiting for helper.WaitUtility$5@5d779ec2 (tried for 30 second(s) with 500 milliseconds interval)
Build info: version: '3.141.59', revision: 'e82be7d358', time: '2018-11-14T08:17:03'
System info: host: 'DPLAP166', ip: '137.237.3.67', os.name: 'Windows 10', os.arch: 'amd64', os.version: '10.0', java.version: '19.0.1'
Driver info: org.openqa.selenium.support.events.EventFiringWebDriver
Capabilities {acceptInsecureCerts: true, browserName: chrome, browserVersion: 121.0.6167.86, chrome: {chromedriverVersion: 121.0.6167.85 (3f98d690ad7e..., userDataDir: C:\Users\dP-PL\AppData\Loca...}, fedcm:accounts: true, goog:chromeOptions: {debuggerAddress: localhost:56255}, javascriptEnabled: true, networkConnectionEnabled: false, pageLoadStrategy: normal, platform: WINDOWS, platformName: WINDOWS, proxy: Proxy(), setWindowRect: true, strictFileInteractability: false, timeouts: {implicit: 0, pageLoad: 300000, script: 30000}, unhandledPromptBehavior: dismiss and notify, webauthn:extension:credBlob: true, webauthn:extension:largeBlob: true, webauthn:extension:minPinLength: true, webauthn:extension:prf: true, webauthn:virtualAuthenticators: true}
Session ID: 5ac4e55f65e9c5775ee35def664942b0
2024-01-25 23:50:21,301 [main] INFO  base.BaseClass - Trying to find Element By {by.toString()})
2024-01-25 23:50:21,325 [main] INFO  base.BaseClass - Found Element By {by.toString()}
2024-01-25 23:50:21,404 [main] INFO  base.BaseClass - Trying to find Element By {by.toString()})
2024-01-25 23:50:21,434 [main] INFO  base.BaseClass - Found Element By {by.toString()}
2024-01-25 23:50:21,457 [main] INFO  base.BaseClass - Trying to find Element By {by.toString()})
2024-01-25 23:50:21,487 [main] INFO  base.BaseClass - Found Element By {by.toString()}
2024-01-25 23:50:21,509 [main] INFO  base.BaseClass - Trying to find Element By {by.toString()})
2024-01-25 23:50:21,540 [main] INFO  base.BaseClass - Found Element By {by.toString()}
2024-01-25 23:50:22,080 [main] INFO  base.BaseClass - Trying to find Element By {by.toString()})
2024-01-25 23:50:22,108 [main] INFO  base.BaseClass - Found Element By {by.toString()}
2024-01-25 23:50:22,647 [main] INFO  base.BaseClass - Trying to find Element By {by.toString()})
2024-01-25 23:50:22,673 [main] INFO  base.BaseClass - Found Element By {by.toString()}
2024-01-25 23:50:23,214 [main] INFO  base.BaseClass - Trying to find Element By {by.toString()})
2024-01-25 23:50:23,240 [main] INFO  base.BaseClass - Found Element By {by.toString()}
2024-01-25 23:50:23,777 [main] INFO  base.BaseClass - Trying to find Element By {by.toString()})
2024-01-25 23:50:23,803 [main] INFO  base.BaseClass - Found Element By {by.toString()}
2024-01-25 23:50:24,343 [main] INFO  base.BaseClass - Trying to find Element By {by.toString()})
2024-01-25 23:50:24,369 [main] INFO  base.BaseClass - Found Element By {by.toString()}
2024-01-25 23:50:24,910 [main] INFO  base.BaseClass - Trying to find Element By {by.toString()})
2024-01-25 23:50:24,935 [main] INFO  base.BaseClass - Found Element By {by.toString()}
2024-01-25 23:50:25,482 [main] INFO  base.BaseClass - Trying to find Element By {by.toString()})
2024-01-25 23:50:25,510 [main] INFO  base.BaseClass - Found Element By {by.toString()}
2024-01-25 23:50:26,049 [main] INFO  base.BaseClass - Trying to find Element By {by.toString()})
2024-01-25 23:50:26,076 [main] INFO  base.BaseClass - Found Element By {by.toString()}
2024-01-25 23:50:26,614 [main] INFO  base.BaseClass - Trying to find Element By {by.toString()})
2024-01-25 23:50:26,641 [main] INFO  base.BaseClass - Found Element By {by.toString()}
2024-01-25 23:50:27,189 [main] INFO  base.BaseClass - Trying to find Element By {by.toString()})
2024-01-25 23:50:27,213 [main] INFO  base.BaseClass - Found Element By {by.toString()}
2024-01-25 23:50:27,756 [main] INFO  base.BaseClass - Trying to find Element By {by.toString()})
2024-01-25 23:50:27,780 [main] INFO  base.BaseClass - Found Element By {by.toString()}
2024-01-25 23:50:28,316 [main] INFO  base.BaseClass - Trying to find Element By {by.toString()})
2024-01-25 23:50:28,340 [main] INFO  base.BaseClass - Found Element By {by.toString()}
2024-01-25 23:50:28,880 [main] INFO  base.BaseClass - Trying to find Element By {by.toString()})
2024-01-25 23:50:28,906 [main] INFO  base.BaseClass - Found Element By {by.toString()}
2024-01-25 23:50:29,443 [main] INFO  base.BaseClass - Trying to find Element By {by.toString()})
2024-01-25 23:50:29,471 [main] INFO  base.BaseClass - Found Element By {by.toString()}
2024-01-25 23:50:30,009 [main] INFO  base.BaseClass - Trying to find Element By {by.toString()})
2024-01-25 23:50:30,034 [main] INFO  base.BaseClass - Found Element By {by.toString()}
2024-01-25 23:50:30,572 [main] INFO  base.BaseClass - Trying to find Element By {by.toString()})
2024-01-25 23:50:30,596 [main] INFO  base.BaseClass - Found Element By {by.toString()}
2024-01-25 23:50:31,137 [main] INFO  base.BaseClass - Trying to find Element By {by.toString()})
2024-01-25 23:50:31,163 [main] INFO  base.BaseClass - Found Element By {by.toString()}
2024-01-25 23:50:31,700 [main] INFO  base.BaseClass - Trying to find Element By {by.toString()})
2024-01-25 23:50:31,726 [main] INFO  base.BaseClass - Found Element By {by.toString()}
2024-01-25 23:50:32,263 [main] INFO  base.BaseClass - Trying to find Element By {by.toString()})
2024-01-25 23:50:32,288 [main] INFO  base.BaseClass - Found Element By {by.toString()}
2024-01-25 23:50:32,828 [main] INFO  base.BaseClass - Trying to find Element By {by.toString()})
2024-01-25 23:50:32,857 [main] INFO  base.BaseClass - Found Element By {by.toString()}
2024-01-25 23:50:33,400 [main] INFO  base.BaseClass - Trying to find Element By {by.toString()})
2024-01-25 23:50:33,427 [main] INFO  base.BaseClass - Found Element By {by.toString()}
2024-01-25 23:50:33,966 [main] INFO  base.BaseClass - Trying to find Element By {by.toString()})
2024-01-25 23:50:33,992 [main] INFO  base.BaseClass - Found Element By {by.toString()}
2024-01-25 23:50:34,528 [main] INFO  base.BaseClass - Trying to find Element By {by.toString()})
2024-01-25 23:50:34,553 [main] INFO  base.BaseClass - Found Element By {by.toString()}
2024-01-25 23:50:35,093 [main] INFO  base.BaseClass - Trying to find Element By {by.toString()})
2024-01-25 23:50:35,121 [main] INFO  base.BaseClass - Found Element By {by.toString()}
2024-01-25 23:50:35,668 [main] INFO  base.BaseClass - Trying to find Element By {by.toString()})
2024-01-25 23:50:35,693 [main] INFO  base.BaseClass - Found Element By {by.toString()}
2024-01-25 23:50:36,231 [main] INFO  base.BaseClass - Trying to find Element By {by.toString()})
2024-01-25 23:50:36,258 [main] INFO  base.BaseClass - Found Element By {by.toString()}
2024-01-25 23:50:36,797 [main] INFO  base.BaseClass - Trying to find Element By {by.toString()})
2024-01-25 23:50:36,824 [main] INFO  base.BaseClass - Found Element By {by.toString()}
2024-01-25 23:50:37,364 [main] INFO  base.BaseClass - Trying to find Element By {by.toString()})
2024-01-25 23:50:37,405 [main] INFO  base.BaseClass - Found Element By {by.toString()}
2024-01-25 23:50:37,947 [main] INFO  base.BaseClass - Trying to find Element By {by.toString()})
2024-01-25 23:50:37,972 [main] INFO  base.BaseClass - Found Element By {by.toString()}
2024-01-25 23:50:38,509 [main] INFO  base.BaseClass - Trying to find Element By {by.toString()})
2024-01-25 23:50:38,536 [main] INFO  base.BaseClass - Found Element By {by.toString()}
2024-01-25 23:50:39,088 [main] INFO  base.BaseClass - Trying to find Element By {by.toString()})
2024-01-25 23:50:39,113 [main] INFO  base.BaseClass - Found Element By {by.toString()}
2024-01-25 23:50:39,652 [main] INFO  base.BaseClass - Trying to find Element By {by.toString()})
2024-01-25 23:50:39,676 [main] INFO  base.BaseClass - Found Element By {by.toString()}
2024-01-25 23:50:40,214 [main] INFO  base.BaseClass - Trying to find Element By {by.toString()})
2024-01-25 23:50:40,240 [main] INFO  base.BaseClass - Found Element By {by.toString()}
2024-01-25 23:50:40,779 [main] INFO  base.BaseClass - Trying to find Element By {by.toString()})
2024-01-25 23:50:40,804 [main] INFO  base.BaseClass - Found Element By {by.toString()}
2024-01-25 23:50:41,342 [main] INFO  base.BaseClass - Trying to find Element By {by.toString()})
2024-01-25 23:50:41,365 [main] INFO  base.BaseClass - Found Element By {by.toString()}
2024-01-25 23:50:41,901 [main] INFO  base.BaseClass - Trying to find Element By {by.toString()})
2024-01-25 23:50:41,925 [main] INFO  base.BaseClass - Found Element By {by.toString()}
2024-01-25 23:50:42,461 [main] INFO  base.BaseClass - Trying to find Element By {by.toString()})
2024-01-25 23:50:42,486 [main] INFO  base.BaseClass - Found Element By {by.toString()}
2024-01-25 23:50:43,026 [main] INFO  base.BaseClass - Trying to find Element By {by.toString()})
2024-01-25 23:50:43,051 [main] INFO  base.BaseClass - Found Element By {by.toString()}
2024-01-25 23:50:43,590 [main] INFO  base.BaseClass - Trying to find Element By {by.toString()})
2024-01-25 23:50:43,613 [main] INFO  base.BaseClass - Found Element By {by.toString()}
2024-01-25 23:50:44,155 [main] INFO  base.BaseClass - Trying to find Element By {by.toString()})
2024-01-25 23:50:44,180 [main] INFO  base.BaseClass - Found Element By {by.toString()}
2024-01-25 23:50:44,718 [main] INFO  base.BaseClass - Trying to find Element By {by.toString()})
2024-01-25 23:50:44,742 [main] INFO  base.BaseClass - Found Element By {by.toString()}
2024-01-25 23:50:45,281 [main] INFO  base.BaseClass - Trying to find Element By {by.toString()})
2024-01-25 23:50:45,305 [main] INFO  base.BaseClass - Found Element By {by.toString()}
2024-01-25 23:50:45,843 [main] INFO  base.BaseClass - Trying to find Element By {by.toString()})
2024-01-25 23:50:45,869 [main] INFO  base.BaseClass - Found Element By {by.toString()}
2024-01-25 23:50:46,407 [main] INFO  base.BaseClass - Trying to find Element By {by.toString()})
2024-01-25 23:50:46,431 [main] INFO  base.BaseClass - Found Element By {by.toString()}
2024-01-25 23:50:46,971 [main] INFO  base.BaseClass - Trying to find Element By {by.toString()})
2024-01-25 23:50:46,996 [main] INFO  base.BaseClass - Found Element By {by.toString()}
2024-01-25 23:50:47,536 [main] INFO  base.BaseClass - Trying to find Element By {by.toString()})
2024-01-25 23:50:47,561 [main] INFO  base.BaseClass - Found Element By {by.toString()}
2024-01-25 23:50:48,105 [main] INFO  base.BaseClass - Trying to find Element By {by.toString()})
2024-01-25 23:50:48,130 [main] INFO  base.BaseClass - Found Element By {by.toString()}
2024-01-25 23:50:48,666 [main] INFO  base.BaseClass - Trying to find Element By {by.toString()})
2024-01-25 23:50:48,691 [main] INFO  base.BaseClass - Found Element By {by.toString()}
2024-01-25 23:50:49,228 [main] INFO  base.BaseClass - Trying to find Element By {by.toString()})
2024-01-25 23:50:49,254 [main] INFO  base.BaseClass - Found Element By {by.toString()}
2024-01-25 23:50:49,793 [main] INFO  base.BaseClass - Trying to find Element By {by.toString()})
2024-01-25 23:50:49,818 [main] INFO  base.BaseClass - Found Element By {by.toString()}
2024-01-25 23:50:50,360 [main] INFO  base.BaseClass - Trying to find Element By {by.toString()})
2024-01-25 23:50:50,385 [main] INFO  base.BaseClass - Found Element By {by.toString()}
2024-01-25 23:50:50,937 [main] INFO  base.BaseClass - Trying to find Element By {by.toString()})
2024-01-25 23:50:50,961 [main] INFO  base.BaseClass - Found Element By {by.toString()}
2024-01-25 23:50:51,500 [main] INFO  base.BaseClass - Trying to find Element By {by.toString()})
2024-01-25 23:50:51,524 [main] INFO  base.BaseClass - Found Element By {by.toString()}
TimeoutException occurred: Expected condition failed: waiting for helper.WaitUtility$5@73007a7 (tried for 30 second(s) with 500 milliseconds interval)
Build info: version: '3.141.59', revision: 'e82be7d358', time: '2018-11-14T08:17:03'
System info: host: 'DPLAP166', ip: '137.237.3.67', os.name: 'Windows 10', os.arch: 'amd64', os.version: '10.0', java.version: '19.0.1'
Driver info: org.openqa.selenium.support.events.EventFiringWebDriver
Capabilities {acceptInsecureCerts: true, browserName: chrome, browserVersion: 121.0.6167.86, chrome: {chromedriverVersion: 121.0.6167.85 (3f98d690ad7e..., userDataDir: C:\Users\dP-PL\AppData\Loca...}, fedcm:accounts: true, goog:chromeOptions: {debuggerAddress: localhost:56255}, javascriptEnabled: true, networkConnectionEnabled: false, pageLoadStrategy: normal, platform: WINDOWS, platformName: WINDOWS, proxy: Proxy(), setWindowRect: true, strictFileInteractability: false, timeouts: {implicit: 0, pageLoad: 300000, script: 30000}, unhandledPromptBehavior: dismiss and notify, webauthn:extension:credBlob: true, webauthn:extension:largeBlob: true, webauthn:extension:minPinLength: true, webauthn:extension:prf: true, webauthn:virtualAuthenticators: true}
Session ID: 5ac4e55f65e9c5775ee35def664942b0
2024-01-25 23:50:51,561 [main] ERROR XGLT_15177_Test - Element did not become visible within the specified time: Expected condition failed: waiting for helper.WaitUtility$5@73007a7 (tried for 30 second(s) with 500 milliseconds interval)
Build info: version: '3.141.59', revision: 'e82be7d358', time: '2018-11-14T08:17:03'
System info: host: 'DPLAP166', ip: '137.237.3.67', os.name: 'Windows 10', os.arch: 'amd64', os.version: '10.0', java.version: '19.0.1'
Driver info: org.openqa.selenium.support.events.EventFiringWebDriver
Capabilities {acceptInsecureCerts: true, browserName: chrome, browserVersion: 121.0.6167.86, chrome: {chromedriverVersion: 121.0.6167.85 (3f98d690ad7e..., userDataDir: C:\Users\dP-PL\AppData\Loca...}, fedcm:accounts: true, goog:chromeOptions: {debuggerAddress: localhost:56255}, javascriptEnabled: true, networkConnectionEnabled: false, pageLoadStrategy: normal, platform: WINDOWS, platformName: WINDOWS, proxy: Proxy(), setWindowRect: true, strictFileInteractability: false, timeouts: {implicit: 0, pageLoad: 300000, script: 30000}, unhandledPromptBehavior: dismiss and notify, webauthn:extension:credBlob: true, webauthn:extension:largeBlob: true, webauthn:extension:minPinLength: true, webauthn:extension:prf: true, webauthn:virtualAuthenticators: true}
Session ID: 5ac4e55f65e9c5775ee35def664942b0
2024-01-25 23:50:51,561 [main] INFO  base.BaseClass - Trying to find Element By {by.toString()})
2024-01-25 23:50:51,587 [main] INFO  base.BaseClass - Found Element By {by.toString()}
2024-01-25 23:50:51,664 [main] INFO  base.BaseClass - Trying to find Element By {by.toString()})
2024-01-25 23:50:51,706 [main] INFO  base.BaseClass - Found Element By {by.toString()}
2024-01-25 23:50:52,246 [main] INFO  base.BaseClass - Trying to find Element By {by.toString()})
2024-01-25 23:50:52,273 [main] INFO  base.BaseClass - Found Element By {by.toString()}
2024-01-25 23:50:52,813 [main] INFO  base.BaseClass - Trying to find Element By {by.toString()})
2024-01-25 23:50:52,840 [main] INFO  base.BaseClass - Found Element By {by.toString()}
2024-01-25 23:50:53,379 [main] INFO  base.BaseClass - Trying to find Element By {by.toString()})
2024-01-25 23:50:53,445 [main] INFO  base.BaseClass - Found Element By {by.toString()}
2024-01-25 23:50:53,989 [main] INFO  base.BaseClass - Trying to find Element By {by.toString()})
2024-01-25 23:50:54,014 [main] INFO  base.BaseClass - Found Element By {by.toString()}
2024-01-25 23:50:54,553 [main] INFO  base.BaseClass - Trying to find Element By {by.toString()})
2024-01-25 23:50:54,579 [main] INFO  base.BaseClass - Found Element By {by.toString()}
2024-01-25 23:50:55,121 [main] INFO  base.BaseClass - Trying to find Element By {by.toString()})
2024-01-25 23:50:55,147 [main] INFO  base.BaseClass - Found Element By {by.toString()}
2024-01-25 23:50:55,686 [main] INFO  base.BaseClass - Trying to find Element By {by.toString()})
2024-01-25 23:50:55,712 [main] INFO  base.BaseClass - Found Element By {by.toString()}
2024-01-25 23:50:56,266 [main] INFO  base.BaseClass - Trying to find Element By {by.toString()})
2024-01-25 23:50:56,292 [main] INFO  base.BaseClass - Found Element By {by.toString()}
2024-01-25 23:50:56,831 [main] INFO  base.BaseClass - Trying to find Element By {by.toString()})
2024-01-25 23:50:56,857 [main] INFO  base.BaseClass - Found Element By {by.toString()}
2024-01-25 23:50:57,395 [main] INFO  base.BaseClass - Trying to find Element By {by.toString()})
2024-01-25 23:50:57,421 [main] INFO  base.BaseClass - Found Element By {by.toString()}
2024-01-25 23:50:57,961 [main] INFO  base.BaseClass - Trying to find Element By {by.toString()})
2024-01-25 23:50:57,994 [main] INFO  base.BaseClass - Found Element By {by.toString()}
2024-01-25 23:50:58,543 [main] INFO  base.BaseClass - Trying to find Element By {by.toString()})
2024-01-25 23:50:58,571 [main] INFO  base.BaseClass - Found Element By {by.toString()}
2024-01-25 23:50:59,109 [main] INFO  base.BaseClass - Trying to find Element By {by.toString()})
2024-01-25 23:50:59,136 [main] INFO  base.BaseClass - Found Element By {by.toString()}
2024-01-25 23:50:59,675 [main] INFO  base.BaseClass - Trying to find Element By {by.toString()})
2024-01-25 23:50:59,700 [main] INFO  base.BaseClass - Found Element By {by.toString()}
2024-01-25 23:51:00,241 [main] INFO  base.BaseClass - Trying to find Element By {by.toString()})
2024-01-25 23:51:00,266 [main] INFO  base.BaseClass - Found Element By {by.toString()}
2024-01-25 23:51:00,804 [main] INFO  base.BaseClass - Trying to find Element By {by.toString()})
2024-01-25 23:51:00,828 [main] INFO  base.BaseClass - Found Element By {by.toString()}
2024-01-25 23:51:01,366 [main] INFO  base.BaseClass - Trying to find Element By {by.toString()})
2024-01-25 23:51:01,392 [main] INFO  base.BaseClass - Found Element By {by.toString()}
2024-01-25 23:51:01,931 [main] INFO  base.BaseClass - Trying to find Element By {by.toString()})
2024-01-25 23:51:01,956 [main] INFO  base.BaseClass - Found Element By {by.toString()}
2024-01-25 23:51:02,496 [main] INFO  base.BaseClass - Trying to find Element By {by.toString()})
2024-01-25 23:51:02,522 [main] INFO  base.BaseClass - Found Element By {by.toString()}
2024-01-25 23:51:03,062 [main] INFO  base.BaseClass - Trying to find Element By {by.toString()})
2024-01-25 23:51:03,087 [main] INFO  base.BaseClass - Found Element By {by.toString()}
2024-01-25 23:51:03,640 [main] INFO  base.BaseClass - Trying to find Element By {by.toString()})
2024-01-25 23:51:03,664 [main] INFO  base.BaseClass - Found Element By {by.toString()}
2024-01-25 23:51:04,207 [main] INFO  base.BaseClass - Trying to find Element By {by.toString()})
2024-01-25 23:51:04,231 [main] INFO  base.BaseClass - Found Element By {by.toString()}
2024-01-25 23:51:04,770 [main] INFO  base.BaseClass - Trying to find Element By {by.toString()})
2024-01-25 23:51:04,794 [main] INFO  base.BaseClass - Found Element By {by.toString()}
2024-01-25 23:51:05,331 [main] INFO  base.BaseClass - Trying to find Element By {by.toString()})
2024-01-25 23:51:05,357 [main] INFO  base.BaseClass - Found Element By {by.toString()}
2024-01-25 23:51:05,895 [main] INFO  base.BaseClass - Trying to find Element By {by.toString()})
2024-01-25 23:51:05,922 [main] INFO  base.BaseClass - Found Element By {by.toString()}
2024-01-25 23:51:06,461 [main] INFO  base.BaseClass - Trying to find Element By {by.toString()})
2024-01-25 23:51:06,487 [main] INFO  base.BaseClass - Found Element By {by.toString()}
2024-01-25 23:51:07,028 [main] INFO  base.BaseClass - Trying to find Element By {by.toString()})
2024-01-25 23:51:07,052 [main] INFO  base.BaseClass - Found Element By {by.toString()}
2024-01-25 23:51:07,594 [main] INFO  base.BaseClass - Trying to find Element By {by.toString()})
2024-01-25 23:51:07,622 [main] INFO  base.BaseClass - Found Element By {by.toString()}
2024-01-25 23:51:08,160 [main] INFO  base.BaseClass - Trying to find Element By {by.toString()})
2024-01-25 23:51:08,187 [main] INFO  base.BaseClass - Found Element By {by.toString()}
2024-01-25 23:51:08,726 [main] INFO  base.BaseClass - Trying to find Element By {by.toString()})
2024-01-25 23:51:08,752 [main] INFO  base.BaseClass - Found Element By {by.toString()}
2024-01-25 23:51:09,294 [main] INFO  base.BaseClass - Trying to find Element By {by.toString()})
2024-01-25 23:51:09,320 [main] INFO  base.BaseClass - Found Element By {by.toString()}
2024-01-25 23:51:09,873 [main] INFO  base.BaseClass - Trying to find Element By {by.toString()})
2024-01-25 23:51:09,897 [main] INFO  base.BaseClass - Found Element By {by.toString()}
2024-01-25 23:51:10,438 [main] INFO  base.BaseClass - Trying to find Element By {by.toString()})
2024-01-25 23:51:10,462 [main] INFO  base.BaseClass - Found Element By {by.toString()}
2024-01-25 23:51:11,003 [main] INFO  base.BaseClass - Trying to find Element By {by.toString()})
2024-01-25 23:51:11,027 [main] INFO  base.BaseClass - Found Element By {by.toString()}
2024-01-25 23:51:11,565 [main] INFO  base.BaseClass - Trying to find Element By {by.toString()})
2024-01-25 23:51:11,590 [main] INFO  base.BaseClass - Found Element By {by.toString()}
2024-01-25 23:51:12,128 [main] INFO  base.BaseClass - Trying to find Element By {by.toString()})
2024-01-25 23:51:12,347 [main] INFO  base.BaseClass - Found Element By {by.toString()}
2024-01-25 23:51:12,887 [main] INFO  base.BaseClass - Trying to find Element By {by.toString()})
2024-01-25 23:51:12,911 [main] INFO  base.BaseClass - Found Element By {by.toString()}
2024-01-25 23:51:13,454 [main] INFO  base.BaseClass - Trying to find Element By {by.toString()})
2024-01-25 23:51:13,478 [main] INFO  base.BaseClass - Found Element By {by.toString()}
2024-01-25 23:51:14,015 [main] INFO  base.BaseClass - Trying to find Element By {by.toString()})
2024-01-25 23:51:14,039 [main] INFO  base.BaseClass - Found Element By {by.toString()}
2024-01-25 23:51:14,583 [main] INFO  base.BaseClass - Trying to find Element By {by.toString()})
2024-01-25 23:51:14,610 [main] INFO  base.BaseClass - Found Element By {by.toString()}
2024-01-25 23:51:15,149 [main] INFO  base.BaseClass - Trying to find Element By {by.toString()})
2024-01-25 23:51:15,173 [main] INFO  base.BaseClass - Found Element By {by.toString()}
2024-01-25 23:51:15,712 [main] INFO  base.BaseClass - Trying to find Element By {by.toString()})
2024-01-25 23:51:15,738 [main] INFO  base.BaseClass - Found Element By {by.toString()}
2024-01-25 23:51:16,275 [main] INFO  base.BaseClass - Trying to find Element By {by.toString()})
2024-01-25 23:51:16,301 [main] INFO  base.BaseClass - Found Element By {by.toString()}
2024-01-25 23:51:16,850 [main] INFO  base.BaseClass - Trying to find Element By {by.toString()})
2024-01-25 23:51:16,873 [main] INFO  base.BaseClass - Found Element By {by.toString()}
2024-01-25 23:51:17,412 [main] INFO  base.BaseClass - Trying to find Element By {by.toString()})
2024-01-25 23:51:17,437 [main] INFO  base.BaseClass - Found Element By {by.toString()}
2024-01-25 23:51:17,975 [main] INFO  base.BaseClass - Trying to find Element By {by.toString()})
2024-01-25 23:51:18,001 [main] INFO  base.BaseClass - Found Element By {by.toString()}
2024-01-25 23:51:18,539 [main] INFO  base.BaseClass - Trying to find Element By {by.toString()})
2024-01-25 23:51:18,565 [main] INFO  base.BaseClass - Found Element By {by.toString()}
2024-01-25 23:51:19,117 [main] INFO  base.BaseClass - Trying to find Element By {by.toString()})
2024-01-25 23:51:19,141 [main] INFO  base.BaseClass - Found Element By {by.toString()}
2024-01-25 23:51:19,679 [main] INFO  base.BaseClass - Trying to find Element By {by.toString()})
2024-01-25 23:51:19,705 [main] INFO  base.BaseClass - Found Element By {by.toString()}
2024-01-25 23:51:20,245 [main] INFO  base.BaseClass - Trying to find Element By {by.toString()})
2024-01-25 23:51:20,269 [main] INFO  base.BaseClass - Found Element By {by.toString()}
2024-01-25 23:51:20,806 [main] INFO  base.BaseClass - Trying to find Element By {by.toString()})
2024-01-25 23:51:20,830 [main] INFO  base.BaseClass - Found Element By {by.toString()}
2024-01-25 23:51:21,370 [main] INFO  base.BaseClass - Trying to find Element By {by.toString()})
2024-01-25 23:51:21,394 [main] INFO  base.BaseClass - Found Element By {by.toString()}
2024-01-25 23:51:21,933 [main] INFO  base.BaseClass - Trying to find Element By {by.toString()})
2024-01-25 23:51:21,958 [main] INFO  base.BaseClass - Found Element By {by.toString()}
TimeoutException occurred: Expected condition failed: waiting for helper.WaitUtility$5@71cd3b14 (tried for 30 second(s) with 500 milliseconds interval)
Build info: version: '3.141.59', revision: 'e82be7d358', time: '2018-11-14T08:17:03'
System info: host: 'DPLAP166', ip: '137.237.3.67', os.name: 'Windows 10', os.arch: 'amd64', os.version: '10.0', java.version: '19.0.1'
Driver info: org.openqa.selenium.support.events.EventFiringWebDriver
Capabilities {acceptInsecureCerts: true, browserName: chrome, browserVersion: 121.0.6167.86, chrome: {chromedriverVersion: 121.0.6167.85 (3f98d690ad7e..., userDataDir: C:\Users\dP-PL\AppData\Loca...}, fedcm:accounts: true, goog:chromeOptions: {debuggerAddress: localhost:56255}, javascriptEnabled: true, networkConnectionEnabled: false, pageLoadStrategy: normal, platform: WINDOWS, platformName: WINDOWS, proxy: Proxy(), setWindowRect: true, strictFileInteractability: false, timeouts: {implicit: 0, pageLoad: 300000, script: 30000}, unhandledPromptBehavior: dismiss and notify, webauthn:extension:credBlob: true, webauthn:extension:largeBlob: true, webauthn:extension:minPinLength: true, webauthn:extension:prf: true, webauthn:virtualAuthenticators: true}
Session ID: 5ac4e55f65e9c5775ee35def664942b0
2024-01-25 23:51:21,996 [main] ERROR XGLT_15177_Test - Element did not become visible within the specified time: Expected condition failed: waiting for helper.WaitUtility$5@71cd3b14 (tried for 30 second(s) with 500 milliseconds interval)
Build info: version: '3.141.59', revision: 'e82be7d358', time: '2018-11-14T08:17:03'
System info: host: 'DPLAP166', ip: '137.237.3.67', os.name: 'Windows 10', os.arch: 'amd64', os.version: '10.0', java.version: '19.0.1'
Driver info: org.openqa.selenium.support.events.EventFiringWebDriver
Capabilities {acceptInsecureCerts: true, browserName: chrome, browserVersion: 121.0.6167.86, chrome: {chromedriverVersion: 121.0.6167.85 (3f98d690ad7e..., userDataDir: C:\Users\dP-PL\AppData\Loca...}, fedcm:accounts: true, goog:chromeOptions: {debuggerAddress: localhost:56255}, javascriptEnabled: true, networkConnectionEnabled: false, pageLoadStrategy: normal, platform: WINDOWS, platformName: WINDOWS, proxy: Proxy(), setWindowRect: true, strictFileInteractability: false, timeouts: {implicit: 0, pageLoad: 300000, script: 30000}, unhandledPromptBehavior: dismiss and notify, webauthn:extension:credBlob: true, webauthn:extension:largeBlob: true, webauthn:extension:minPinLength: true, webauthn:extension:prf: true, webauthn:virtualAuthenticators: true}
Session ID: 5ac4e55f65e9c5775ee35def664942b0
2024-01-25 23:51:21,996 [main] INFO  base.BaseClass - Trying to find Element By {by.toString()})
2024-01-25 23:51:22,022 [main] INFO  base.BaseClass - Found Element By {by.toString()}
2024-01-25 23:51:22,022 [main] INFO  base.BaseClass - Trying to click on: {element.toString()}
2024-01-25 23:51:22,232 [main] INFO  base.BaseClass - Clicked on: {element.toString()}
2024-01-25 23:51:22,232 [main] INFO  base.BaseClass - Trying to find Element By {by.toString()})
2024-01-25 23:51:22,260 [main] INFO  base.BaseClass - Found Element By {by.toString()}
TimeoutException occurred: Expected condition failed: waiting for helper.WaitUtility$5@1f698722 (tried for 30 second(s) with 500 milliseconds interval)
Build info: version: '3.141.59', revision: 'e82be7d358', time: '2018-11-14T08:17:03'
System info: host: 'DPLAP166', ip: '137.237.3.67', os.name: 'Windows 10', os.arch: 'amd64', os.version: '10.0', java.version: '19.0.1'
Driver info: org.openqa.selenium.support.events.EventFiringWebDriver
Capabilities {acceptInsecureCerts: true, browserName: chrome, browserVersion: 121.0.6167.86, chrome: {chromedriverVersion: 121.0.6167.85 (3f98d690ad7e..., userDataDir: C:\Users\dP-PL\AppData\Loca...}, fedcm:accounts: true, goog:chromeOptions: {debuggerAddress: localhost:56255}, javascriptEnabled: true, networkConnectionEnabled: false, pageLoadStrategy: normal, platform: WINDOWS, platformName: WINDOWS, proxy: Proxy(), setWindowRect: true, strictFileInteractability: false, timeouts: {implicit: 0, pageLoad: 300000, script: 30000}, unhandledPromptBehavior: dismiss and notify, webauthn:extension:credBlob: true, webauthn:extension:largeBlob: true, webauthn:extension:minPinLength: true, webauthn:extension:prf: true, webauthn:virtualAuthenticators: true}
Session ID: 5ac4e55f65e9c5775ee35def664942b0
2024-01-25 23:51:52,759 [main] ERROR XGLT_15177_Test - Element did not become visible within the specified time: Expected condition failed: waiting for helper.WaitUtility$5@1f698722 (tried for 30 second(s) with 500 milliseconds interval)
Build info: version: '3.141.59', revision: 'e82be7d358', time: '2018-11-14T08:17:03'
System info: host: 'DPLAP166', ip: '137.237.3.67', os.name: 'Windows 10', os.arch: 'amd64', os.version: '10.0', java.version: '19.0.1'
Driver info: org.openqa.selenium.support.events.EventFiringWebDriver
Capabilities {acceptInsecureCerts: true, browserName: chrome, browserVersion: 121.0.6167.86, chrome: {chromedriverVersion: 121.0.6167.85 (3f98d690ad7e..., userDataDir: C:\Users\dP-PL\AppData\Loca...}, fedcm:accounts: true, goog:chromeOptions: {debuggerAddress: localhost:56255}, javascriptEnabled: true, networkConnectionEnabled: false, pageLoadStrategy: normal, platform: WINDOWS, platformName: WINDOWS, proxy: Proxy(), setWindowRect: true, strictFileInteractability: false, timeouts: {implicit: 0, pageLoad: 300000, script: 30000}, unhandledPromptBehavior: dismiss and notify, webauthn:extension:credBlob: true, webauthn:extension:largeBlob: true, webauthn:extension:minPinLength: true, webauthn:extension:prf: true, webauthn:virtualAuthenticators: true}
Session ID: 5ac4e55f65e9c5775ee35def664942b0
2024-01-25 23:51:52,760 [main] INFO  base.BaseClass - Trying to click on: {element.toString()}
2024-01-25 23:51:52,966 [main] INFO  base.BaseClass - Clicked on: {element.toString()}
2024-01-25 23:51:52,967 [main] INFO  base.BaseClass - Trying to find Element By {by.toString()})
2024-01-25 23:51:52,993 [main] INFO  base.BaseClass - Found Element By {by.toString()}
2024-01-25 23:51:53,521 [main] INFO  base.BaseClass - Trying to find Element By {by.toString()})
2024-01-25 23:51:53,549 [main] INFO  base.BaseClass - Found Element By {by.toString()}
2024-01-25 23:51:54,090 [main] INFO  base.BaseClass - Trying to find Element By {by.toString()})
2024-01-25 23:51:54,117 [main] INFO  base.BaseClass - Found Element By {by.toString()}
2024-01-25 23:51:54,658 [main] INFO  base.BaseClass - Trying to find Element By {by.toString()})
2024-01-25 23:51:54,687 [main] INFO  base.BaseClass - Found Element By {by.toString()}
2024-01-25 23:51:55,225 [main] INFO  base.BaseClass - Trying to find Element By {by.toString()})
2024-01-25 23:51:55,253 [main] INFO  base.BaseClass - Found Element By {by.toString()}
2024-01-25 23:51:55,790 [main] INFO  base.BaseClass - Trying to find Element By {by.toString()})
2024-01-25 23:51:55,818 [main] INFO  base.BaseClass - Found Element By {by.toString()}
2024-01-25 23:51:56,362 [main] INFO  base.BaseClass - Trying to find Element By {by.toString()})
2024-01-25 23:51:56,386 [main] INFO  base.BaseClass - Found Element By {by.toString()}
2024-01-25 23:51:56,926 [main] INFO  base.BaseClass - Trying to find Element By {by.toString()})
2024-01-25 23:51:56,954 [main] INFO  base.BaseClass - Found Element By {by.toString()}
2024-01-25 23:51:57,492 [main] INFO  base.BaseClass - Trying to find Element By {by.toString()})
2024-01-25 23:51:57,518 [main] INFO  base.BaseClass - Found Element By {by.toString()}
2024-01-25 23:51:58,057 [main] INFO  base.BaseClass - Trying to find Element By {by.toString()})
2024-01-25 23:51:58,083 [main] INFO  base.BaseClass - Found Element By {by.toString()}
2024-01-25 23:51:58,623 [main] INFO  base.BaseClass - Trying to find Element By {by.toString()})
2024-01-25 23:51:58,648 [main] INFO  base.BaseClass - Found Element By {by.toString()}
2024-01-25 23:51:59,191 [main] INFO  base.BaseClass - Trying to find Element By {by.toString()})
2024-01-25 23:51:59,219 [main] INFO  base.BaseClass - Found Element By {by.toString()}
2024-01-25 23:51:59,757 [main] INFO  base.BaseClass - Trying to find Element By {by.toString()})
2024-01-25 23:51:59,783 [main] INFO  base.BaseClass - Found Element By {by.toString()}
2024-01-25 23:52:00,325 [main] INFO  base.BaseClass - Trying to find Element By {by.toString()})
2024-01-25 23:52:00,352 [main] INFO  base.BaseClass - Found Element By {by.toString()}
2024-01-25 23:52:00,899 [main] INFO  base.BaseClass - Trying to find Element By {by.toString()})
2024-01-25 23:52:00,924 [main] INFO  base.BaseClass - Found Element By {by.toString()}
2024-01-25 23:52:01,469 [main] INFO  base.BaseClass - Trying to find Element By {by.toString()})
2024-01-25 23:52:01,493 [main] INFO  base.BaseClass - Found Element By {by.toString()}
2024-01-25 23:52:02,030 [main] INFO  base.BaseClass - Trying to find Element By {by.toString()})
2024-01-25 23:52:02,056 [main] INFO  base.BaseClass - Found Element By {by.toString()}
2024-01-25 23:52:02,608 [main] INFO  base.BaseClass - Trying to find Element By {by.toString()})
2024-01-25 23:52:02,634 [main] INFO  base.BaseClass - Found Element By {by.toString()}
2024-01-25 23:52:03,171 [main] INFO  base.BaseClass - Trying to find Element By {by.toString()})
2024-01-25 23:52:03,195 [main] INFO  base.BaseClass - Found Element By {by.toString()}
2024-01-25 23:52:03,736 [main] INFO  base.BaseClass - Trying to find Element By {by.toString()})
2024-01-25 23:52:03,759 [main] INFO  base.BaseClass - Found Element By {by.toString()}
2024-01-25 23:52:04,297 [main] INFO  base.BaseClass - Trying to find Element By {by.toString()})
2024-01-25 23:52:04,339 [main] INFO  base.BaseClass - Found Element By {by.toString()}
2024-01-25 23:52:04,883 [main] INFO  base.BaseClass - Trying to find Element By {by.toString()})
2024-01-25 23:52:04,910 [main] INFO  base.BaseClass - Found Element By {by.toString()}
2024-01-25 23:52:05,453 [main] INFO  base.BaseClass - Trying to find Element By {by.toString()})
2024-01-25 23:52:05,479 [main] INFO  base.BaseClass - Found Element By {by.toString()}
2024-01-25 23:52:06,034 [main] INFO  base.BaseClass - Trying to find Element By {by.toString()})
2024-01-25 23:52:06,058 [main] INFO  base.BaseClass - Found Element By {by.toString()}
2024-01-25 23:52:06,596 [main] INFO  base.BaseClass - Trying to find Element By {by.toString()})
2024-01-25 23:52:06,623 [main] INFO  base.BaseClass - Found Element By {by.toString()}
2024-01-25 23:52:07,160 [main] INFO  base.BaseClass - Trying to find Element By {by.toString()})
2024-01-25 23:52:07,187 [main] INFO  base.BaseClass - Found Element By {by.toString()}
2024-01-25 23:52:07,740 [main] INFO  base.BaseClass - Trying to find Element By {by.toString()})
2024-01-25 23:52:07,767 [main] INFO  base.BaseClass - Found Element By {by.toString()}
2024-01-25 23:52:08,307 [main] INFO  base.BaseClass - Trying to find Element By {by.toString()})
2024-01-25 23:52:08,334 [main] INFO  base.BaseClass - Found Element By {by.toString()}
2024-01-25 23:52:08,890 [main] INFO  base.BaseClass - Trying to find Element By {by.toString()})
2024-01-25 23:52:08,916 [main] INFO  base.BaseClass - Found Element By {by.toString()}
2024-01-25 23:52:09,456 [main] INFO  base.BaseClass - Trying to find Element By {by.toString()})
2024-01-25 23:52:09,482 [main] INFO  base.BaseClass - Found Element By {by.toString()}
2024-01-25 23:52:10,021 [main] INFO  base.BaseClass - Trying to find Element By {by.toString()})
2024-01-25 23:52:10,046 [main] INFO  base.BaseClass - Found Element By {by.toString()}
2024-01-25 23:52:10,586 [main] INFO  base.BaseClass - Trying to find Element By {by.toString()})
2024-01-25 23:52:10,611 [main] INFO  base.BaseClass - Found Element By {by.toString()}
2024-01-25 23:52:11,150 [main] INFO  base.BaseClass - Trying to find Element By {by.toString()})
2024-01-25 23:52:11,176 [main] INFO  base.BaseClass - Found Element By {by.toString()}
2024-01-25 23:52:11,727 [main] INFO  base.BaseClass - Trying to find Element By {by.toString()})
2024-01-25 23:52:11,753 [main] INFO  base.BaseClass - Found Element By {by.toString()}
2024-01-25 23:52:12,294 [main] INFO  base.BaseClass - Trying to find Element By {by.toString()})
2024-01-25 23:52:12,320 [main] INFO  base.BaseClass - Found Element By {by.toString()}
2024-01-25 23:52:12,858 [main] INFO  base.BaseClass - Trying to find Element By {by.toString()})
2024-01-25 23:52:12,885 [main] INFO  base.BaseClass - Found Element By {by.toString()}
2024-01-25 23:52:13,423 [main] INFO  base.BaseClass - Trying to find Element By {by.toString()})
2024-01-25 23:52:13,449 [main] INFO  base.BaseClass - Found Element By {by.toString()}
2024-01-25 23:52:13,989 [main] INFO  base.BaseClass - Trying to find Element By {by.toString()})
2024-01-25 23:52:14,014 [main] INFO  base.BaseClass - Found Element By {by.toString()}
2024-01-25 23:52:14,553 [main] INFO  base.BaseClass - Trying to find Element By {by.toString()})
2024-01-25 23:52:14,579 [main] INFO  base.BaseClass - Found Element By {by.toString()}
2024-01-25 23:52:15,127 [main] INFO  base.BaseClass - Trying to find Element By {by.toString()})
2024-01-25 23:52:15,154 [main] INFO  base.BaseClass - Found Element By {by.toString()}
2024-01-25 23:52:15,693 [main] INFO  base.BaseClass - Trying to find Element By {by.toString()})
2024-01-25 23:52:15,720 [main] INFO  base.BaseClass - Found Element By {by.toString()}
2024-01-25 23:52:16,257 [main] INFO  base.BaseClass - Trying to find Element By {by.toString()})
2024-01-25 23:52:16,284 [main] INFO  base.BaseClass - Found Element By {by.toString()}
2024-01-25 23:52:16,824 [main] INFO  base.BaseClass - Trying to find Element By {by.toString()})
2024-01-25 23:52:16,851 [main] INFO  base.BaseClass - Found Element By {by.toString()}
2024-01-25 23:52:17,389 [main] INFO  base.BaseClass - Trying to find Element By {by.toString()})
2024-01-25 23:52:17,415 [main] INFO  base.BaseClass - Found Element By {by.toString()}
2024-01-25 23:52:17,955 [main] INFO  base.BaseClass - Trying to find Element By {by.toString()})
2024-01-25 23:52:18,028 [main] INFO  base.BaseClass - Found Element By {by.toString()}
2024-01-25 23:52:18,573 [main] INFO  base.BaseClass - Trying to find Element By {by.toString()})
2024-01-25 23:52:18,599 [main] INFO  base.BaseClass - Found Element By {by.toString()}
2024-01-25 23:52:19,150 [main] INFO  base.BaseClass - Trying to find Element By {by.toString()})
2024-01-25 23:52:19,176 [main] INFO  base.BaseClass - Found Element By {by.toString()}
2024-01-25 23:52:19,714 [main] INFO  base.BaseClass - Trying to find Element By {by.toString()})
2024-01-25 23:52:19,740 [main] INFO  base.BaseClass - Found Element By {by.toString()}
2024-01-25 23:52:20,278 [main] INFO  base.BaseClass - Trying to find Element By {by.toString()})
2024-01-25 23:52:20,302 [main] INFO  base.BaseClass - Found Element By {by.toString()}
2024-01-25 23:52:20,840 [main] INFO  base.BaseClass - Trying to find Element By {by.toString()})
2024-01-25 23:52:20,864 [main] INFO  base.BaseClass - Found Element By {by.toString()}
2024-01-25 23:52:21,402 [main] INFO  base.BaseClass - Trying to find Element By {by.toString()})
2024-01-25 23:52:21,435 [main] INFO  base.BaseClass - Found Element By {by.toString()}
2024-01-25 23:52:21,984 [main] INFO  base.BaseClass - Trying to find Element By {by.toString()})
2024-01-25 23:52:22,008 [main] INFO  base.BaseClass - Found Element By {by.toString()}
2024-01-25 23:52:22,552 [main] INFO  base.BaseClass - Trying to find Element By {by.toString()})
2024-01-25 23:52:22,577 [main] INFO  base.BaseClass - Found Element By {by.toString()}
2024-01-25 23:52:23,118 [main] INFO  base.BaseClass - Trying to find Element By {by.toString()})
2024-01-25 23:52:23,141 [main] INFO  base.BaseClass - Found Element By {by.toString()}
TimeoutException occurred: Expected condition failed: waiting for helper.WaitUtility$5@266c09f (tried for 30 second(s) with 500 milliseconds interval)
Build info: version: '3.141.59', revision: 'e82be7d358', time: '2018-11-14T08:17:03'
System info: host: 'DPLAP166', ip: '137.237.3.67', os.name: 'Windows 10', os.arch: 'amd64', os.version: '10.0', java.version: '19.0.1'
Driver info: org.openqa.selenium.support.events.EventFiringWebDriver
Capabilities {acceptInsecureCerts: true, browserName: chrome, browserVersion: 121.0.6167.86, chrome: {chromedriverVersion: 121.0.6167.85 (3f98d690ad7e..., userDataDir: C:\Users\dP-PL\AppData\Loca...}, fedcm:accounts: true, goog:chromeOptions: {debuggerAddress: localhost:56255}, javascriptEnabled: true, networkConnectionEnabled: false, pageLoadStrategy: normal, platform: WINDOWS, platformName: WINDOWS, proxy: Proxy(), setWindowRect: true, strictFileInteractability: false, timeouts: {implicit: 0, pageLoad: 300000, script: 30000}, unhandledPromptBehavior: dismiss and notify, webauthn:extension:credBlob: true, webauthn:extension:largeBlob: true, webauthn:extension:minPinLength: true, webauthn:extension:prf: true, webauthn:virtualAuthenticators: true}
Session ID: 5ac4e55f65e9c5775ee35def664942b0
2024-01-25 23:52:23,179 [main] ERROR XGLT_15177_Test - Element did not become visible within the specified time: Expected condition failed: waiting for helper.WaitUtility$5@266c09f (tried for 30 second(s) with 500 milliseconds interval)
Build info: version: '3.141.59', revision: 'e82be7d358', time: '2018-11-14T08:17:03'
System info: host: 'DPLAP166', ip: '137.237.3.67', os.name: 'Windows 10', os.arch: 'amd64', os.version: '10.0', java.version: '19.0.1'
Driver info: org.openqa.selenium.support.events.EventFiringWebDriver
Capabilities {acceptInsecureCerts: true, browserName: chrome, browserVersion: 121.0.6167.86, chrome: {chromedriverVersion: 121.0.6167.85 (3f98d690ad7e..., userDataDir: C:\Users\dP-PL\AppData\Loca...}, fedcm:accounts: true, goog:chromeOptions: {debuggerAddress: localhost:56255}, javascriptEnabled: true, networkConnectionEnabled: false, pageLoadStrategy: normal, platform: WINDOWS, platformName: WINDOWS, proxy: Proxy(), setWindowRect: true, strictFileInteractability: false, timeouts: {implicit: 0, pageLoad: 300000, script: 30000}, unhandledPromptBehavior: dismiss and notify, webauthn:extension:credBlob: true, webauthn:extension:largeBlob: true, webauthn:extension:minPinLength: true, webauthn:extension:prf: true, webauthn:virtualAuthenticators: true}
Session ID: 5ac4e55f65e9c5775ee35def664942b0
2024-01-25 23:52:23,179 [main] INFO  base.BaseClass - Trying to find Element By {by.toString()})
2024-01-25 23:52:23,204 [main] INFO  base.BaseClass - Found Element By {by.toString()}
2024-01-25 23:52:23,204 [main] INFO  base.BaseClass - Trying to click on: {element.toString()}
2024-01-25 23:52:23,321 [main] INFO  base.BaseClass - Clicked on: {element.toString()}
2024-01-25 23:52:23,321 [main] INFO  base.BaseClass - Trying to find Element By {by.toString()})
2024-01-25 23:52:23,350 [main] INFO  base.BaseClass - Found Element By {by.toString()}
TimeoutException occurred: Expected condition failed: waiting for helper.WaitUtility$5@78657f62 (tried for 30 second(s) with 500 milliseconds interval)
Build info: version: '3.141.59', revision: 'e82be7d358', time: '2018-11-14T08:17:03'
System info: host: 'DPLAP166', ip: '137.237.3.67', os.name: 'Windows 10', os.arch: 'amd64', os.version: '10.0', java.version: '19.0.1'
Driver info: org.openqa.selenium.support.events.EventFiringWebDriver
Capabilities {acceptInsecureCerts: true, browserName: chrome, browserVersion: 121.0.6167.86, chrome: {chromedriverVersion: 121.0.6167.85 (3f98d690ad7e..., userDataDir: C:\Users\dP-PL\AppData\Loca...}, fedcm:accounts: true, goog:chromeOptions: {debuggerAddress: localhost:56255}, javascriptEnabled: true, networkConnectionEnabled: false, pageLoadStrategy: normal, platform: WINDOWS, platformName: WINDOWS, proxy: Proxy(), setWindowRect: true, strictFileInteractability: false, timeouts: {implicit: 0, pageLoad: 300000, script: 30000}, unhandledPromptBehavior: dismiss and notify, webauthn:extension:credBlob: true, webauthn:extension:largeBlob: true, webauthn:extension:minPinLength: true, webauthn:extension:prf: true, webauthn:virtualAuthenticators: true}
Session ID: 5ac4e55f65e9c5775ee35def664942b0
2024-01-25 23:52:53,646 [main] ERROR XGLT_15177_Test - Element did not become visible within the specified time: Expected condition failed: waiting for helper.WaitUtility$5@78657f62 (tried for 30 second(s) with 500 milliseconds interval)
Build info: version: '3.141.59', revision: 'e82be7d358', time: '2018-11-14T08:17:03'
System info: host: 'DPLAP166', ip: '137.237.3.67', os.name: 'Windows 10', os.arch: 'amd64', os.version: '10.0', java.version: '19.0.1'
Driver info: org.openqa.selenium.support.events.EventFiringWebDriver
Capabilities {acceptInsecureCerts: true, browserName: chrome, browserVersion: 121.0.6167.86, chrome: {chromedriverVersion: 121.0.6167.85 (3f98d690ad7e..., userDataDir: C:\Users\dP-PL\AppData\Loca...}, fedcm:accounts: true, goog:chromeOptions: {debuggerAddress: localhost:56255}, javascriptEnabled: true, networkConnectionEnabled: false, pageLoadStrategy: normal, platform: WINDOWS, platformName: WINDOWS, proxy: Proxy(), setWindowRect: true, strictFileInteractability: false, timeouts: {implicit: 0, pageLoad: 300000, script: 30000}, unhandledPromptBehavior: dismiss and notify, webauthn:extension:credBlob: true, webauthn:extension:largeBlob: true, webauthn:extension:minPinLength: true, webauthn:extension:prf: true, webauthn:virtualAuthenticators: true}
Session ID: 5ac4e55f65e9c5775ee35def664942b0
2024-01-25 23:52:53,646 [main] INFO  base.BaseClass - Trying to click on: {element.toString()}
2024-01-25 23:52:53,766 [main] INFO  base.BaseClass - Clicked on: {element.toString()}
2024-01-25 23:52:53,766 [main] INFO  base.BaseClass - Trying to find Element By {by.toString()})
2024-01-25 23:52:53,805 [main] INFO  base.BaseClass - Found Element By {by.toString()}
2024-01-25 23:52:54,344 [main] INFO  base.BaseClass - Trying to find Element By {by.toString()})
2024-01-25 23:52:54,369 [main] INFO  base.BaseClass - Found Element By {by.toString()}
2024-01-25 23:52:54,908 [main] INFO  base.BaseClass - Trying to find Element By {by.toString()})
2024-01-25 23:52:54,934 [main] INFO  base.BaseClass - Found Element By {by.toString()}
2024-01-25 23:52:55,487 [main] INFO  base.BaseClass - Trying to find Element By {by.toString()})
2024-01-25 23:52:55,513 [main] INFO  base.BaseClass - Found Element By {by.toString()}
2024-01-25 23:52:56,053 [main] INFO  base.BaseClass - Trying to find Element By {by.toString()})
2024-01-25 23:52:56,081 [main] INFO  base.BaseClass - Found Element By {by.toString()}
2024-01-25 23:52:56,624 [main] INFO  base.BaseClass - Trying to find Element By {by.toString()})
2024-01-25 23:52:56,651 [main] INFO  base.BaseClass - Found Element By {by.toString()}
2024-01-25 23:52:57,192 [main] INFO  base.BaseClass - Trying to find Element By {by.toString()})
2024-01-25 23:52:57,218 [main] INFO  base.BaseClass - Found Element By {by.toString()}
2024-01-25 23:52:57,756 [main] INFO  base.BaseClass - Trying to find Element By {by.toString()})
2024-01-25 23:52:57,787 [main] INFO  base.BaseClass - Found Element By {by.toString()}
2024-01-25 23:52:58,326 [main] INFO  base.BaseClass - Trying to find Element By {by.toString()})
2024-01-25 23:52:58,351 [main] INFO  base.BaseClass - Found Element By {by.toString()}
2024-01-25 23:52:58,889 [main] INFO  base.BaseClass - Trying to find Element By {by.toString()})
2024-01-25 23:52:58,915 [main] INFO  base.BaseClass - Found Element By {by.toString()}
2024-01-25 23:52:59,454 [main] INFO  base.BaseClass - Trying to find Element By {by.toString()})
2024-01-25 23:52:59,482 [main] INFO  base.BaseClass - Found Element By {by.toString()}
2024-01-25 23:53:00,022 [main] INFO  base.BaseClass - Trying to find Element By {by.toString()})
2024-01-25 23:53:00,048 [main] INFO  base.BaseClass - Found Element By {by.toString()}
2024-01-25 23:53:00,589 [main] INFO  base.BaseClass - Trying to find Element By {by.toString()})
2024-01-25 23:53:00,615 [main] INFO  base.BaseClass - Found Element By {by.toString()}
2024-01-25 23:53:01,154 [main] INFO  base.BaseClass - Trying to find Element By {by.toString()})
2024-01-25 23:53:01,181 [main] INFO  base.BaseClass - Found Element By {by.toString()}
2024-01-25 23:53:01,731 [main] INFO  base.BaseClass - Trying to find Element By {by.toString()})
2024-01-25 23:53:01,755 [main] INFO  base.BaseClass - Found Element By {by.toString()}
2024-01-25 23:53:02,297 [main] INFO  base.BaseClass - Trying to find Element By {by.toString()})
2024-01-25 23:53:02,321 [main] INFO  base.BaseClass - Found Element By {by.toString()}
2024-01-25 23:53:02,858 [main] INFO  base.BaseClass - Trying to find Element By {by.toString()})
2024-01-25 23:53:02,885 [main] INFO  base.BaseClass - Found Element By {by.toString()}
2024-01-25 23:53:03,422 [main] INFO  base.BaseClass - Trying to find Element By {by.toString()})
2024-01-25 23:53:03,448 [main] INFO  base.BaseClass - Found Element By {by.toString()}
2024-01-25 23:53:03,988 [main] INFO  base.BaseClass - Trying to find Element By {by.toString()})
2024-01-25 23:53:04,015 [main] INFO  base.BaseClass - Found Element By {by.toString()}
2024-01-25 23:53:04,555 [main] INFO  base.BaseClass - Trying to find Element By {by.toString()})
2024-01-25 23:53:04,582 [main] INFO  base.BaseClass - Found Element By {by.toString()}
2024-01-25 23:53:05,121 [main] INFO  base.BaseClass - Trying to find Element By {by.toString()})
2024-01-25 23:53:05,150 [main] INFO  base.BaseClass - Found Element By {by.toString()}
2024-01-25 23:53:05,689 [main] INFO  base.BaseClass - Trying to find Element By {by.toString()})
2024-01-25 23:53:05,716 [main] INFO  base.BaseClass - Found Element By {by.toString()}
2024-01-25 23:53:06,254 [main] INFO  base.BaseClass - Trying to find Element By {by.toString()})
2024-01-25 23:53:06,280 [main] INFO  base.BaseClass - Found Element By {by.toString()}
2024-01-25 23:53:06,819 [main] INFO  base.BaseClass - Trying to find Element By {by.toString()})
2024-01-25 23:53:06,846 [main] INFO  base.BaseClass - Found Element By {by.toString()}
2024-01-25 23:53:07,386 [main] INFO  base.BaseClass - Trying to find Element By {by.toString()})
2024-01-25 23:53:07,411 [main] INFO  base.BaseClass - Found Element By {by.toString()}
2024-01-25 23:53:07,951 [main] INFO  base.BaseClass - Trying to find Element By {by.toString()})
2024-01-25 23:53:07,975 [main] INFO  base.BaseClass - Found Element By {by.toString()}
2024-01-25 23:53:08,517 [main] INFO  base.BaseClass - Trying to find Element By {by.toString()})
2024-01-25 23:53:08,541 [main] INFO  base.BaseClass - Found Element By {by.toString()}
2024-01-25 23:53:09,081 [main] INFO  base.BaseClass - Trying to find Element By {by.toString()})
2024-01-25 23:53:09,106 [main] INFO  base.BaseClass - Found Element By {by.toString()}
2024-01-25 23:53:09,644 [main] INFO  base.BaseClass - Trying to find Element By {by.toString()})
2024-01-25 23:53:09,668 [main] INFO  base.BaseClass - Found Element By {by.toString()}
2024-01-25 23:53:10,216 [main] INFO  base.BaseClass - Trying to find Element By {by.toString()})
2024-01-25 23:53:10,283 [main] INFO  base.BaseClass - Found Element By {by.toString()}
2024-01-25 23:53:10,828 [main] INFO  base.BaseClass - Trying to find Element By {by.toString()})
2024-01-25 23:53:10,853 [main] INFO  base.BaseClass - Found Element By {by.toString()}
2024-01-25 23:53:11,392 [main] INFO  base.BaseClass - Trying to find Element By {by.toString()})
2024-01-25 23:53:11,417 [main] INFO  base.BaseClass - Found Element By {by.toString()}
2024-01-25 23:53:11,955 [main] INFO  base.BaseClass - Trying to find Element By {by.toString()})
2024-01-25 23:53:11,982 [main] INFO  base.BaseClass - Found Element By {by.toString()}
2024-01-25 23:53:12,521 [main] INFO  base.BaseClass - Trying to find Element By {by.toString()})
2024-01-25 23:53:12,550 [main] INFO  base.BaseClass - Found Element By {by.toString()}
2024-01-25 23:53:13,089 [main] INFO  base.BaseClass - Trying to find Element By {by.toString()})
2024-01-25 23:53:13,115 [main] INFO  base.BaseClass - Found Element By {by.toString()}
2024-01-25 23:53:13,654 [main] INFO  base.BaseClass - Trying to find Element By {by.toString()})
2024-01-25 23:53:13,680 [main] INFO  base.BaseClass - Found Element By {by.toString()}
2024-01-25 23:53:14,220 [main] INFO  base.BaseClass - Trying to find Element By {by.toString()})
2024-01-25 23:53:14,245 [main] INFO  base.BaseClass - Found Element By {by.toString()}
2024-01-25 23:53:14,789 [main] INFO  base.BaseClass - Trying to find Element By {by.toString()})
2024-01-25 23:53:14,815 [main] INFO  base.BaseClass - Found Element By {by.toString()}
2024-01-25 23:53:15,367 [main] INFO  base.BaseClass - Trying to find Element By {by.toString()})
2024-01-25 23:53:15,390 [main] INFO  base.BaseClass - Found Element By {by.toString()}
2024-01-25 23:53:15,925 [main] INFO  base.BaseClass - Trying to find Element By {by.toString()})
2024-01-25 23:53:15,953 [main] INFO  base.BaseClass - Found Element By {by.toString()}
2024-01-25 23:53:16,494 [main] INFO  base.BaseClass - Trying to find Element By {by.toString()})
2024-01-25 23:53:16,514 [main] INFO  base.BaseClass - Found Element By {by.toString()}
2024-01-25 23:53:17,048 [main] INFO  base.BaseClass - Trying to find Element By {by.toString()})
2024-01-25 23:53:17,065 [main] INFO  base.BaseClass - Found Element By {by.toString()}
2024-01-25 23:53:17,599 [main] INFO  base.BaseClass - Trying to find Element By {by.toString()})
2024-01-25 23:53:17,620 [main] INFO  base.BaseClass - Found Element By {by.toString()}
2024-01-25 23:53:18,159 [main] INFO  base.BaseClass - Trying to find Element By {by.toString()})
2024-01-25 23:53:18,177 [main] INFO  base.BaseClass - Found Element By {by.toString()}
2024-01-25 23:53:18,710 [main] INFO  base.BaseClass - Trying to find Element By {by.toString()})
2024-01-25 23:53:18,733 [main] INFO  base.BaseClass - Found Element By {by.toString()}
2024-01-25 23:53:19,281 [main] INFO  base.BaseClass - Trying to find Element By {by.toString()})
2024-01-25 23:53:19,299 [main] INFO  base.BaseClass - Found Element By {by.toString()}
2024-01-25 23:53:19,831 [main] INFO  base.BaseClass - Trying to find Element By {by.toString()})
2024-01-25 23:53:19,850 [main] INFO  base.BaseClass - Found Element By {by.toString()}
2024-01-25 23:53:20,381 [main] INFO  base.BaseClass - Trying to find Element By {by.toString()})
2024-01-25 23:53:20,404 [main] INFO  base.BaseClass - Found Element By {by.toString()}
2024-01-25 23:53:20,939 [main] INFO  base.BaseClass - Trying to find Element By {by.toString()})
2024-01-25 23:53:20,964 [main] INFO  base.BaseClass - Found Element By {by.toString()}
2024-01-25 23:53:21,500 [main] INFO  base.BaseClass - Trying to find Element By {by.toString()})
2024-01-25 23:53:21,523 [main] INFO  base.BaseClass - Found Element By {by.toString()}
2024-01-25 23:53:22,056 [main] INFO  base.BaseClass - Trying to find Element By {by.toString()})
2024-01-25 23:53:22,082 [main] INFO  base.BaseClass - Found Element By {by.toString()}
2024-01-25 23:53:22,619 [main] INFO  base.BaseClass - Trying to find Element By {by.toString()})
2024-01-25 23:53:22,645 [main] INFO  base.BaseClass - Found Element By {by.toString()}
2024-01-25 23:53:23,198 [main] INFO  base.BaseClass - Trying to find Element By {by.toString()})
2024-01-25 23:53:23,222 [main] INFO  base.BaseClass - Found Element By {by.toString()}
2024-01-25 23:53:23,761 [main] INFO  base.BaseClass - Trying to find Element By {by.toString()})
2024-01-25 23:53:23,786 [main] INFO  base.BaseClass - Found Element By {by.toString()}
TimeoutException occurred: Expected condition failed: waiting for helper.WaitUtility$5@58796f6f (tried for 30 second(s) with 500 milliseconds interval)
Build info: version: '3.141.59', revision: 'e82be7d358', time: '2018-11-14T08:17:03'
System info: host: 'DPLAP166', ip: '137.237.3.67', os.name: 'Windows 10', os.arch: 'amd64', os.version: '10.0', java.version: '19.0.1'
Driver info: org.openqa.selenium.support.events.EventFiringWebDriver
Capabilities {acceptInsecureCerts: true, browserName: chrome, browserVersion: 121.0.6167.86, chrome: {chromedriverVersion: 121.0.6167.85 (3f98d690ad7e..., userDataDir: C:\Users\dP-PL\AppData\Loca...}, fedcm:accounts: true, goog:chromeOptions: {debuggerAddress: localhost:56255}, javascriptEnabled: true, networkConnectionEnabled: false, pageLoadStrategy: normal, platform: WINDOWS, platformName: WINDOWS, proxy: Proxy(), setWindowRect: true, strictFileInteractability: false, timeouts: {implicit: 0, pageLoad: 300000, script: 30000}, unhandledPromptBehavior: dismiss and notify, webauthn:extension:credBlob: true, webauthn:extension:largeBlob: true, webauthn:extension:minPinLength: true, webauthn:extension:prf: true, webauthn:virtualAuthenticators: true}
Session ID: 5ac4e55f65e9c5775ee35def664942b0
2024-01-25 23:53:23,824 [main] ERROR XGLT_15177_Test - Element did not become visible within the specified time: Expected condition failed: waiting for helper.WaitUtility$5@58796f6f (tried for 30 second(s) with 500 milliseconds interval)
Build info: version: '3.141.59', revision: 'e82be7d358', time: '2018-11-14T08:17:03'
System info: host: 'DPLAP166', ip: '137.237.3.67', os.name: 'Windows 10', os.arch: 'amd64', os.version: '10.0', java.version: '19.0.1'
Driver info: org.openqa.selenium.support.events.EventFiringWebDriver
Capabilities {acceptInsecureCerts: true, browserName: chrome, browserVersion: 121.0.6167.86, chrome: {chromedriverVersion: 121.0.6167.85 (3f98d690ad7e..., userDataDir: C:\Users\dP-PL\AppData\Loca...}, fedcm:accounts: true, goog:chromeOptions: {debuggerAddress: localhost:56255}, javascriptEnabled: true, networkConnectionEnabled: false, pageLoadStrategy: normal, platform: WINDOWS, platformName: WINDOWS, proxy: Proxy(), setWindowRect: true, strictFileInteractability: false, timeouts: {implicit: 0, pageLoad: 300000, script: 30000}, unhandledPromptBehavior: dismiss and notify, webauthn:extension:credBlob: true, webauthn:extension:largeBlob: true, webauthn:extension:minPinLength: true, webauthn:extension:prf: true, webauthn:virtualAuthenticators: true}
Session ID: 5ac4e55f65e9c5775ee35def664942b0
2024-01-25 23:53:23,824 [main] INFO  base.BaseClass - Trying to find Element By {by.toString()})
2024-01-25 23:53:23,850 [main] INFO  base.BaseClass - Found Element By {by.toString()}
2024-01-25 23:53:23,850 [main] INFO  base.BaseClass - Trying to click on: {element.toString()}
2024-01-25 23:53:23,972 [main] INFO  base.BaseClass - Clicked on: {element.toString()}
2024-01-25 23:53:23,972 [main] INFO  base.BaseClass - Trying to find Element By {by.toString()})
2024-01-25 23:53:24,002 [main] INFO  base.BaseClass - Found Element By {by.toString()}
TimeoutException occurred: Expected condition failed: waiting for helper.WaitUtility$5@1d4c0c82 (tried for 30 second(s) with 500 milliseconds interval)
Build info: version: '3.141.59', revision: 'e82be7d358', time: '2018-11-14T08:17:03'
System info: host: 'DPLAP166', ip: '137.237.3.67', os.name: 'Windows 10', os.arch: 'amd64', os.version: '10.0', java.version: '19.0.1'
Driver info: org.openqa.selenium.support.events.EventFiringWebDriver
Capabilities {acceptInsecureCerts: true, browserName: chrome, browserVersion: 121.0.6167.86, chrome: {chromedriverVersion: 121.0.6167.85 (3f98d690ad7e..., userDataDir: C:\Users\dP-PL\AppData\Loca...}, fedcm:accounts: true, goog:chromeOptions: {debuggerAddress: localhost:56255}, javascriptEnabled: true, networkConnectionEnabled: false, pageLoadStrategy: normal, platform: WINDOWS, platformName: WINDOWS, proxy: Proxy(), setWindowRect: true, strictFileInteractability: false, timeouts: {implicit: 0, pageLoad: 300000, script: 30000}, unhandledPromptBehavior: dismiss and notify, webauthn:extension:credBlob: true, webauthn:extension:largeBlob: true, webauthn:extension:minPinLength: true, webauthn:extension:prf: true, webauthn:virtualAuthenticators: true}
Session ID: 5ac4e55f65e9c5775ee35def664942b0
2024-01-25 23:53:54,397 [main] ERROR XGLT_15177_Test - Element did not become visible within the specified time: Expected condition failed: waiting for helper.WaitUtility$5@1d4c0c82 (tried for 30 second(s) with 500 milliseconds interval)
Build info: version: '3.141.59', revision: 'e82be7d358', time: '2018-11-14T08:17:03'
System info: host: 'DPLAP166', ip: '137.237.3.67', os.name: 'Windows 10', os.arch: 'amd64', os.version: '10.0', java.version: '19.0.1'
Driver info: org.openqa.selenium.support.events.EventFiringWebDriver
Capabilities {acceptInsecureCerts: true, browserName: chrome, browserVersion: 121.0.6167.86, chrome: {chromedriverVersion: 121.0.6167.85 (3f98d690ad7e..., userDataDir: C:\Users\dP-PL\AppData\Loca...}, fedcm:accounts: true, goog:chromeOptions: {debuggerAddress: localhost:56255}, javascriptEnabled: true, networkConnectionEnabled: false, pageLoadStrategy: normal, platform: WINDOWS, platformName: WINDOWS, proxy: Proxy(), setWindowRect: true, strictFileInteractability: false, timeouts: {implicit: 0, pageLoad: 300000, script: 30000}, unhandledPromptBehavior: dismiss and notify, webauthn:extension:credBlob: true, webauthn:extension:largeBlob: true, webauthn:extension:minPinLength: true, webauthn:extension:prf: true, webauthn:virtualAuthenticators: true}
Session ID: 5ac4e55f65e9c5775ee35def664942b0
2024-01-25 23:53:54,398 [main] INFO  base.BaseClass - Trying to click on: {element.toString()}
2024-01-25 23:53:54,517 [main] INFO  base.BaseClass - Clicked on: {element.toString()}
2024-01-25 23:53:54,517 [main] INFO  base.BaseClass - Trying to find Element By {by.toString()})
2024-01-25 23:53:54,556 [main] INFO  base.BaseClass - Found Element By {by.toString()}
2024-01-25 23:53:55,099 [main] INFO  base.BaseClass - Trying to find Element By {by.toString()})
2024-01-25 23:53:55,127 [main] INFO  base.BaseClass - Found Element By {by.toString()}
2024-01-25 23:53:55,666 [main] INFO  base.BaseClass - Trying to find Element By {by.toString()})
2024-01-25 23:53:55,695 [main] INFO  base.BaseClass - Found Element By {by.toString()}
2024-01-25 23:53:56,233 [main] INFO  base.BaseClass - Trying to find Element By {by.toString()})
2024-01-25 23:53:56,261 [main] INFO  base.BaseClass - Found Element By {by.toString()}
2024-01-25 23:53:56,801 [main] INFO  base.BaseClass - Trying to find Element By {by.toString()})
2024-01-25 23:53:56,824 [main] INFO  base.BaseClass - Found Element By {by.toString()}
2024-01-25 23:53:57,364 [main] INFO  base.BaseClass - Trying to find Element By {by.toString()})
2024-01-25 23:53:57,389 [main] INFO  base.BaseClass - Found Element By {by.toString()}
2024-01-25 23:53:57,930 [main] INFO  base.BaseClass - Trying to find Element By {by.toString()})
2024-01-25 23:53:57,956 [main] INFO  base.BaseClass - Found Element By {by.toString()}
2024-01-25 23:53:58,499 [main] INFO  base.BaseClass - Trying to find Element By {by.toString()})
2024-01-25 23:53:58,528 [main] INFO  base.BaseClass - Found Element By {by.toString()}
2024-01-25 23:53:59,077 [main] INFO  base.BaseClass - Trying to find Element By {by.toString()})
2024-01-25 23:53:59,103 [main] INFO  base.BaseClass - Found Element By {by.toString()}
2024-01-25 23:53:59,640 [main] INFO  base.BaseClass - Trying to find Element By {by.toString()})
2024-01-25 23:53:59,666 [main] INFO  base.BaseClass - Found Element By {by.toString()}
2024-01-25 23:54:00,204 [main] INFO  base.BaseClass - Trying to find Element By {by.toString()})
2024-01-25 23:54:00,228 [main] INFO  base.BaseClass - Found Element By {by.toString()}
2024-01-25 23:54:00,778 [main] INFO  base.BaseClass - Trying to find Element By {by.toString()})
2024-01-25 23:54:00,804 [main] INFO  base.BaseClass - Found Element By {by.toString()}
2024-01-25 23:54:01,347 [main] INFO  base.BaseClass - Trying to find Element By {by.toString()})
2024-01-25 23:54:01,372 [main] INFO  base.BaseClass - Found Element By {by.toString()}
2024-01-25 23:54:01,911 [main] INFO  base.BaseClass - Trying to find Element By {by.toString()})
2024-01-25 23:54:01,931 [main] INFO  base.BaseClass - Found Element By {by.toString()}
2024-01-25 23:54:02,464 [main] INFO  base.BaseClass - Trying to find Element By {by.toString()})
2024-01-25 23:54:02,520 [main] INFO  base.BaseClass - Found Element By {by.toString()}
2024-01-25 23:54:03,068 [main] INFO  base.BaseClass - Trying to find Element By {by.toString()})
2024-01-25 23:54:03,095 [main] INFO  base.BaseClass - Found Element By {by.toString()}
2024-01-25 23:54:03,633 [main] INFO  base.BaseClass - Trying to find Element By {by.toString()})
2024-01-25 23:54:03,658 [main] INFO  base.BaseClass - Found Element By {by.toString()}
2024-01-25 23:54:04,199 [main] INFO  base.BaseClass - Trying to find Element By {by.toString()})
2024-01-25 23:54:04,224 [main] INFO  base.BaseClass - Found Element By {by.toString()}
2024-01-25 23:54:04,764 [main] INFO  base.BaseClass - Trying to find Element By {by.toString()})
2024-01-25 23:54:04,788 [main] INFO  base.BaseClass - Found Element By {by.toString()}
2024-01-25 23:54:05,325 [main] INFO  base.BaseClass - Trying to find Element By {by.toString()})
2024-01-25 23:54:05,350 [main] INFO  base.BaseClass - Found Element By {by.toString()}
2024-01-25 23:54:05,888 [main] INFO  base.BaseClass - Trying to find Element By {by.toString()})
2024-01-25 23:54:05,914 [main] INFO  base.BaseClass - Found Element By {by.toString()}
2024-01-25 23:54:06,453 [main] INFO  base.BaseClass - Trying to find Element By {by.toString()})
2024-01-25 23:54:06,479 [main] INFO  base.BaseClass - Found Element By {by.toString()}
2024-01-25 23:54:07,031 [main] INFO  base.BaseClass - Trying to find Element By {by.toString()})
2024-01-25 23:54:07,056 [main] INFO  base.BaseClass - Found Element By {by.toString()}
2024-01-25 23:54:07,597 [main] INFO  base.BaseClass - Trying to find Element By {by.toString()})
2024-01-25 23:54:07,620 [main] INFO  base.BaseClass - Found Element By {by.toString()}
2024-01-25 23:54:08,160 [main] INFO  base.BaseClass - Trying to find Element By {by.toString()})
2024-01-25 23:54:08,185 [main] INFO  base.BaseClass - Found Element By {by.toString()}
2024-01-25 23:54:08,723 [main] INFO  base.BaseClass - Trying to find Element By {by.toString()})
2024-01-25 23:54:08,749 [main] INFO  base.BaseClass - Found Element By {by.toString()}
2024-01-25 23:54:09,287 [main] INFO  base.BaseClass - Trying to find Element By {by.toString()})
2024-01-25 23:54:09,314 [main] INFO  base.BaseClass - Found Element By {by.toString()}
2024-01-25 23:54:09,853 [main] INFO  base.BaseClass - Trying to find Element By {by.toString()})
2024-01-25 23:54:09,879 [main] INFO  base.BaseClass - Found Element By {by.toString()}
2024-01-25 23:54:10,423 [main] INFO  base.BaseClass - Trying to find Element By {by.toString()})
2024-01-25 23:54:10,450 [main] INFO  base.BaseClass - Found Element By {by.toString()}
2024-01-25 23:54:11,002 [main] INFO  base.BaseClass - Trying to find Element By {by.toString()})
2024-01-25 23:54:11,028 [main] INFO  base.BaseClass - Found Element By {by.toString()}
2024-01-25 23:54:11,566 [main] INFO  base.BaseClass - Trying to find Element By {by.toString()})
2024-01-25 23:54:11,590 [main] INFO  base.BaseClass - Found Element By {by.toString()}
2024-01-25 23:54:12,130 [main] INFO  base.BaseClass - Trying to find Element By {by.toString()})
2024-01-25 23:54:12,155 [main] INFO  base.BaseClass - Found Element By {by.toString()}
2024-01-25 23:54:12,691 [main] INFO  base.BaseClass - Trying to find Element By {by.toString()})
2024-01-25 23:54:12,715 [main] INFO  base.BaseClass - Found Element By {by.toString()}
2024-01-25 23:54:13,258 [main] INFO  base.BaseClass - Trying to find Element By {by.toString()})
2024-01-25 23:54:13,274 [main] INFO  base.BaseClass - Found Element By {by.toString()}
2024-01-25 23:54:13,813 [main] INFO  base.BaseClass - Trying to find Element By {by.toString()})
2024-01-25 23:54:13,834 [main] INFO  base.BaseClass - Found Element By {by.toString()}
2024-01-25 23:54:14,362 [main] INFO  base.BaseClass - Trying to find Element By {by.toString()})
2024-01-25 23:54:14,381 [main] INFO  base.BaseClass - Found Element By {by.toString()}
2024-01-25 23:54:14,910 [main] INFO  base.BaseClass - Trying to find Element By {by.toString()})
2024-01-25 23:54:14,931 [main] INFO  base.BaseClass - Found Element By {by.toString()}
2024-01-25 23:54:15,461 [main] INFO  base.BaseClass - Trying to find Element By {by.toString()})
2024-01-25 23:54:15,484 [main] INFO  base.BaseClass - Found Element By {by.toString()}
2024-01-25 23:54:16,018 [main] INFO  base.BaseClass - Trying to find Element By {by.toString()})
2024-01-25 23:54:16,044 [main] INFO  base.BaseClass - Found Element By {by.toString()}
2024-01-25 23:54:16,586 [main] INFO  base.BaseClass - Trying to find Element By {by.toString()})
2024-01-25 23:54:16,611 [main] INFO  base.BaseClass - Found Element By {by.toString()}
2024-01-25 23:54:17,151 [main] INFO  base.BaseClass - Trying to find Element By {by.toString()})
2024-01-25 23:54:17,176 [main] INFO  base.BaseClass - Found Element By {by.toString()}
2024-01-25 23:54:17,719 [main] INFO  base.BaseClass - Trying to find Element By {by.toString()})
2024-01-25 23:54:17,745 [main] INFO  base.BaseClass - Found Element By {by.toString()}
2024-01-25 23:54:18,283 [main] INFO  base.BaseClass - Trying to find Element By {by.toString()})
2024-01-25 23:54:18,309 [main] INFO  base.BaseClass - Found Element By {by.toString()}
2024-01-25 23:54:18,849 [main] INFO  base.BaseClass - Trying to find Element By {by.toString()})
2024-01-25 23:54:18,873 [main] INFO  base.BaseClass - Found Element By {by.toString()}
2024-01-25 23:54:19,414 [main] INFO  base.BaseClass - Trying to find Element By {by.toString()})
2024-01-25 23:54:19,438 [main] INFO  base.BaseClass - Found Element By {by.toString()}
2024-01-25 23:54:19,979 [main] INFO  base.BaseClass - Trying to find Element By {by.toString()})
2024-01-25 23:54:20,005 [main] INFO  base.BaseClass - Found Element By {by.toString()}
2024-01-25 23:54:20,546 [main] INFO  base.BaseClass - Trying to find Element By {by.toString()})
2024-01-25 23:54:20,573 [main] INFO  base.BaseClass - Found Element By {by.toString()}
2024-01-25 23:54:21,114 [main] INFO  base.BaseClass - Trying to find Element By {by.toString()})
2024-01-25 23:54:21,137 [main] INFO  base.BaseClass - Found Element By {by.toString()}
2024-01-25 23:54:21,676 [main] INFO  base.BaseClass - Trying to find Element By {by.toString()})
2024-01-25 23:54:21,703 [main] INFO  base.BaseClass - Found Element By {by.toString()}
2024-01-25 23:54:22,243 [main] INFO  base.BaseClass - Trying to find Element By {by.toString()})
2024-01-25 23:54:22,269 [main] INFO  base.BaseClass - Found Element By {by.toString()}
2024-01-25 23:54:22,807 [main] INFO  base.BaseClass - Trying to find Element By {by.toString()})
2024-01-25 23:54:22,831 [main] INFO  base.BaseClass - Found Element By {by.toString()}
2024-01-25 23:54:23,370 [main] INFO  base.BaseClass - Trying to find Element By {by.toString()})
2024-01-25 23:54:23,395 [main] INFO  base.BaseClass - Found Element By {by.toString()}
2024-01-25 23:54:23,932 [main] INFO  base.BaseClass - Trying to find Element By {by.toString()})
2024-01-25 23:54:23,956 [main] INFO  base.BaseClass - Found Element By {by.toString()}
2024-01-25 23:54:24,495 [main] INFO  base.BaseClass - Trying to find Element By {by.toString()})
2024-01-25 23:54:24,519 [main] INFO  base.BaseClass - Found Element By {by.toString()}
TimeoutException occurred: Expected condition failed: waiting for helper.WaitUtility$5@9cc0458 (tried for 30 second(s) with 500 milliseconds interval)
Build info: version: '3.141.59', revision: 'e82be7d358', time: '2018-11-14T08:17:03'
System info: host: 'DPLAP166', ip: '137.237.3.67', os.name: 'Windows 10', os.arch: 'amd64', os.version: '10.0', java.version: '19.0.1'
Driver info: org.openqa.selenium.support.events.EventFiringWebDriver
Capabilities {acceptInsecureCerts: true, browserName: chrome, browserVersion: 121.0.6167.86, chrome: {chromedriverVersion: 121.0.6167.85 (3f98d690ad7e..., userDataDir: C:\Users\dP-PL\AppData\Loca...}, fedcm:accounts: true, goog:chromeOptions: {debuggerAddress: localhost:56255}, javascriptEnabled: true, networkConnectionEnabled: false, pageLoadStrategy: normal, platform: WINDOWS, platformName: WINDOWS, proxy: Proxy(), setWindowRect: true, strictFileInteractability: false, timeouts: {implicit: 0, pageLoad: 300000, script: 30000}, unhandledPromptBehavior: dismiss and notify, webauthn:extension:credBlob: true, webauthn:extension:largeBlob: true, webauthn:extension:minPinLength: true, webauthn:extension:prf: true, webauthn:virtualAuthenticators: true}
Session ID: 5ac4e55f65e9c5775ee35def664942b0
2024-01-25 23:54:24,556 [main] ERROR XGLT_15177_Test - Element did not become visible within the specified time: Expected condition failed: waiting for helper.WaitUtility$5@9cc0458 (tried for 30 second(s) with 500 milliseconds interval)
Build info: version: '3.141.59', revision: 'e82be7d358', time: '2018-11-14T08:17:03'
System info: host: 'DPLAP166', ip: '137.237.3.67', os.name: 'Windows 10', os.arch: 'amd64', os.version: '10.0', java.version: '19.0.1'
Driver info: org.openqa.selenium.support.events.EventFiringWebDriver
Capabilities {acceptInsecureCerts: true, browserName: chrome, browserVersion: 121.0.6167.86, chrome: {chromedriverVersion: 121.0.6167.85 (3f98d690ad7e..., userDataDir: C:\Users\dP-PL\AppData\Loca...}, fedcm:accounts: true, goog:chromeOptions: {debuggerAddress: localhost:56255}, javascriptEnabled: true, networkConnectionEnabled: false, pageLoadStrategy: normal, platform: WINDOWS, platformName: WINDOWS, proxy: Proxy(), setWindowRect: true, strictFileInteractability: false, timeouts: {implicit: 0, pageLoad: 300000, script: 30000}, unhandledPromptBehavior: dismiss and notify, webauthn:extension:credBlob: true, webauthn:extension:largeBlob: true, webauthn:extension:minPinLength: true, webauthn:extension:prf: true, webauthn:virtualAuthenticators: true}
Session ID: 5ac4e55f65e9c5775ee35def664942b0
2024-01-25 23:54:24,556 [main] INFO  base.BaseClass - Trying to find Element By {by.toString()})
2024-01-25 23:54:24,582 [main] INFO  base.BaseClass - Found Element By {by.toString()}
2024-01-25 23:54:24,582 [main] INFO  base.BaseClass - Trying to click on: {element.toString()}
2024-01-25 23:54:24,704 [main] INFO  base.BaseClass - Clicked on: {element.toString()}
2024-01-25 23:54:24,704 [main] INFO  base.BaseClass - Trying to find Element By {by.toString()})
2024-01-25 23:54:24,737 [main] INFO  base.BaseClass - Found Element By {by.toString()}
TimeoutException occurred: Expected condition failed: waiting for helper.WaitUtility$5@5d6381a9 (tried for 30 second(s) with 500 milliseconds interval)
Build info: version: '3.141.59', revision: 'e82be7d358', time: '2018-11-14T08:17:03'
System info: host: 'DPLAP166', ip: '137.237.3.67', os.name: 'Windows 10', os.arch: 'amd64', os.version: '10.0', java.version: '19.0.1'
Driver info: org.openqa.selenium.support.events.EventFiringWebDriver
Capabilities {acceptInsecureCerts: true, browserName: chrome, browserVersion: 121.0.6167.86, chrome: {chromedriverVersion: 121.0.6167.85 (3f98d690ad7e..., userDataDir: C:\Users\dP-PL\AppData\Loca...}, fedcm:accounts: true, goog:chromeOptions: {debuggerAddress: localhost:56255}, javascriptEnabled: true, networkConnectionEnabled: false, pageLoadStrategy: normal, platform: WINDOWS, platformName: WINDOWS, proxy: Proxy(), setWindowRect: true, strictFileInteractability: false, timeouts: {implicit: 0, pageLoad: 300000, script: 30000}, unhandledPromptBehavior: dismiss and notify, webauthn:extension:credBlob: true, webauthn:extension:largeBlob: true, webauthn:extension:minPinLength: true, webauthn:extension:prf: true, webauthn:virtualAuthenticators: true}
Session ID: 5ac4e55f65e9c5775ee35def664942b0
2024-01-25 23:54:55,146 [main] ERROR XGLT_15177_Test - Element did not become visible within the specified time: Expected condition failed: waiting for helper.WaitUtility$5@5d6381a9 (tried for 30 second(s) with 500 milliseconds interval)
Build info: version: '3.141.59', revision: 'e82be7d358', time: '2018-11-14T08:17:03'
System info: host: 'DPLAP166', ip: '137.237.3.67', os.name: 'Windows 10', os.arch: 'amd64', os.version: '10.0', java.version: '19.0.1'
Driver info: org.openqa.selenium.support.events.EventFiringWebDriver
Capabilities {acceptInsecureCerts: true, browserName: chrome, browserVersion: 121.0.6167.86, chrome: {chromedriverVersion: 121.0.6167.85 (3f98d690ad7e..., userDataDir: C:\Users\dP-PL\AppData\Loca...}, fedcm:accounts: true, goog:chromeOptions: {debuggerAddress: localhost:56255}, javascriptEnabled: true, networkConnectionEnabled: false, pageLoadStrategy: normal, platform: WINDOWS, platformName: WINDOWS, proxy: Proxy(), setWindowRect: true, strictFileInteractability: false, timeouts: {implicit: 0, pageLoad: 300000, script: 30000}, unhandledPromptBehavior: dismiss and notify, webauthn:extension:credBlob: true, webauthn:extension:largeBlob: true, webauthn:extension:minPinLength: true, webauthn:extension:prf: true, webauthn:virtualAuthenticators: true}
Session ID: 5ac4e55f65e9c5775ee35def664942b0
2024-01-25 23:54:55,146 [main] INFO  base.BaseClass - Trying to click on: {element.toString()}
2024-01-25 23:54:55,292 [main] INFO  base.BaseClass - Clicked on: {element.toString()}
2024-01-25 23:54:55,292 [main] INFO  base.BaseClass - Trying to find Element By {by.toString()})
2024-01-25 23:54:55,330 [main] INFO  base.BaseClass - Found Element By {by.toString()}
2024-01-25 23:54:55,864 [main] INFO  base.BaseClass - Trying to find Element By {by.toString()})
2024-01-25 23:54:55,893 [main] INFO  base.BaseClass - Found Element By {by.toString()}
2024-01-25 23:54:56,430 [main] INFO  base.BaseClass - Trying to find Element By {by.toString()})
2024-01-25 23:54:56,455 [main] INFO  base.BaseClass - Found Element By {by.toString()}
2024-01-25 23:54:56,994 [main] INFO  base.BaseClass - Trying to find Element By {by.toString()})
2024-01-25 23:54:57,017 [main] INFO  base.BaseClass - Found Element By {by.toString()}
2024-01-25 23:54:57,556 [main] INFO  base.BaseClass - Trying to find Element By {by.toString()})
2024-01-25 23:54:57,581 [main] INFO  base.BaseClass - Found Element By {by.toString()}
2024-01-25 23:54:58,126 [main] INFO  base.BaseClass - Trying to find Element By {by.toString()})
2024-01-25 23:54:58,149 [main] INFO  base.BaseClass - Found Element By {by.toString()}
2024-01-25 23:54:58,686 [main] INFO  base.BaseClass - Trying to find Element By {by.toString()})
2024-01-25 23:54:58,712 [main] INFO  base.BaseClass - Found Element By {by.toString()}
2024-01-25 23:54:59,249 [main] INFO  base.BaseClass - Trying to find Element By {by.toString()})
2024-01-25 23:54:59,274 [main] INFO  base.BaseClass - Found Element By {by.toString()}
2024-01-25 23:54:59,816 [main] INFO  base.BaseClass - Trying to find Element By {by.toString()})
2024-01-25 23:54:59,843 [main] INFO  base.BaseClass - Found Element By {by.toString()}
2024-01-25 23:55:00,383 [main] INFO  base.BaseClass - Trying to find Element By {by.toString()})
2024-01-25 23:55:00,409 [main] INFO  base.BaseClass - Found Element By {by.toString()}
2024-01-25 23:55:00,948 [main] INFO  base.BaseClass - Trying to find Element By {by.toString()})
2024-01-25 23:55:00,973 [main] INFO  base.BaseClass - Found Element By {by.toString()}
2024-01-25 23:55:01,519 [main] INFO  base.BaseClass - Trying to find Element By {by.toString()})
2024-01-25 23:55:01,543 [main] INFO  base.BaseClass - Found Element By {by.toString()}
2024-01-25 23:55:02,082 [main] INFO  base.BaseClass - Trying to find Element By {by.toString()})
2024-01-25 23:55:02,108 [main] INFO  base.BaseClass - Found Element By {by.toString()}
2024-01-25 23:55:02,646 [main] INFO  base.BaseClass - Trying to find Element By {by.toString()})
2024-01-25 23:55:02,670 [main] INFO  base.BaseClass - Found Element By {by.toString()}
2024-01-25 23:55:03,208 [main] INFO  base.BaseClass - Trying to find Element By {by.toString()})
2024-01-25 23:55:03,232 [main] INFO  base.BaseClass - Found Element By {by.toString()}
2024-01-25 23:55:03,769 [main] INFO  base.BaseClass - Trying to find Element By {by.toString()})
2024-01-25 23:55:03,793 [main] INFO  base.BaseClass - Found Element By {by.toString()}
2024-01-25 23:55:04,331 [main] INFO  base.BaseClass - Trying to find Element By {by.toString()})
2024-01-25 23:55:04,355 [main] INFO  base.BaseClass - Found Element By {by.toString()}
2024-01-25 23:55:04,902 [main] INFO  base.BaseClass - Trying to find Element By {by.toString()})
2024-01-25 23:55:04,927 [main] INFO  base.BaseClass - Found Element By {by.toString()}
2024-01-25 23:55:05,470 [main] INFO  base.BaseClass - Trying to find Element By {by.toString()})
2024-01-25 23:55:05,493 [main] INFO  base.BaseClass - Found Element By {by.toString()}
2024-01-25 23:55:06,034 [main] INFO  base.BaseClass - Trying to find Element By {by.toString()})
2024-01-25 23:55:06,059 [main] INFO  base.BaseClass - Found Element By {by.toString()}
2024-01-25 23:55:06,598 [main] INFO  base.BaseClass - Trying to find Element By {by.toString()})
2024-01-25 23:55:06,621 [main] INFO  base.BaseClass - Found Element By {by.toString()}
2024-01-25 23:55:07,159 [main] INFO  base.BaseClass - Trying to find Element By {by.toString()})
2024-01-25 23:55:07,182 [main] INFO  base.BaseClass - Found Element By {by.toString()}
2024-01-25 23:55:07,720 [main] INFO  base.BaseClass - Trying to find Element By {by.toString()})
2024-01-25 23:55:07,745 [main] INFO  base.BaseClass - Found Element By {by.toString()}
2024-01-25 23:55:08,282 [main] INFO  base.BaseClass - Trying to find Element By {by.toString()})
2024-01-25 23:55:08,306 [main] INFO  base.BaseClass - Found Element By {by.toString()}
2024-01-25 23:55:08,845 [main] INFO  base.BaseClass - Trying to find Element By {by.toString()})
2024-01-25 23:55:08,869 [main] INFO  base.BaseClass - Found Element By {by.toString()}
2024-01-25 23:55:09,408 [main] INFO  base.BaseClass - Trying to find Element By {by.toString()})
2024-01-25 23:55:09,433 [main] INFO  base.BaseClass - Found Element By {by.toString()}
2024-01-25 23:55:09,975 [main] INFO  base.BaseClass - Trying to find Element By {by.toString()})
2024-01-25 23:55:10,001 [main] INFO  base.BaseClass - Found Element By {by.toString()}
2024-01-25 23:55:10,538 [main] INFO  base.BaseClass - Trying to find Element By {by.toString()})
2024-01-25 23:55:10,562 [main] INFO  base.BaseClass - Found Element By {by.toString()}
2024-01-25 23:55:11,100 [main] INFO  base.BaseClass - Trying to find Element By {by.toString()})
2024-01-25 23:55:11,124 [main] INFO  base.BaseClass - Found Element By {by.toString()}
2024-01-25 23:55:11,663 [main] INFO  base.BaseClass - Trying to find Element By {by.toString()})
2024-01-25 23:55:11,686 [main] INFO  base.BaseClass - Found Element By {by.toString()}
2024-01-25 23:55:12,227 [main] INFO  base.BaseClass - Trying to find Element By {by.toString()})
2024-01-25 23:55:12,249 [main] INFO  base.BaseClass - Found Element By {by.toString()}
2024-01-25 23:55:12,787 [main] INFO  base.BaseClass - Trying to find Element By {by.toString()})
2024-01-25 23:55:12,812 [main] INFO  base.BaseClass - Found Element By {by.toString()}
2024-01-25 23:55:13,351 [main] INFO  base.BaseClass - Trying to find Element By {by.toString()})
2024-01-25 23:55:13,376 [main] INFO  base.BaseClass - Found Element By {by.toString()}
2024-01-25 23:55:13,913 [main] INFO  base.BaseClass - Trying to find Element By {by.toString()})
2024-01-25 23:55:13,939 [main] INFO  base.BaseClass - Found Element By {by.toString()}
2024-01-25 23:55:14,487 [main] INFO  base.BaseClass - Trying to find Element By {by.toString()})
2024-01-25 23:55:14,512 [main] INFO  base.BaseClass - Found Element By {by.toString()}
2024-01-25 23:55:15,051 [main] INFO  base.BaseClass - Trying to find Element By {by.toString()})
2024-01-25 23:55:15,075 [main] INFO  base.BaseClass - Found Element By {by.toString()}
2024-01-25 23:55:15,616 [main] INFO  base.BaseClass - Trying to find Element By {by.toString()})
2024-01-25 23:55:15,640 [main] INFO  base.BaseClass - Found Element By {by.toString()}
2024-01-25 23:55:16,190 [main] INFO  base.BaseClass - Trying to find Element By {by.toString()})
2024-01-25 23:55:16,214 [main] INFO  base.BaseClass - Found Element By {by.toString()}
2024-01-25 23:55:16,754 [main] INFO  base.BaseClass - Trying to find Element By {by.toString()})
2024-01-25 23:55:16,779 [main] INFO  base.BaseClass - Found Element By {by.toString()}
2024-01-25 23:55:17,315 [main] INFO  base.BaseClass - Trying to find Element By {by.toString()})
2024-01-25 23:55:17,340 [main] INFO  base.BaseClass - Found Element By {by.toString()}
2024-01-25 23:55:17,878 [main] INFO  base.BaseClass - Trying to find Element By {by.toString()})
2024-01-25 23:55:17,901 [main] INFO  base.BaseClass - Found Element By {by.toString()}
2024-01-25 23:55:18,439 [main] INFO  base.BaseClass - Trying to find Element By {by.toString()})
2024-01-25 23:55:18,461 [main] INFO  base.BaseClass - Found Element By {by.toString()}
2024-01-25 23:55:18,999 [main] INFO  base.BaseClass - Trying to find Element By {by.toString()})
2024-01-25 23:55:19,709 [main] INFO  base.BaseClass - Found Element By {by.toString()}
2024-01-25 23:55:20,248 [main] INFO  base.BaseClass - Trying to find Element By {by.toString()})
2024-01-25 23:55:20,275 [main] INFO  base.BaseClass - Found Element By {by.toString()}
2024-01-25 23:55:20,815 [main] INFO  base.BaseClass - Trying to find Element By {by.toString()})
2024-01-25 23:55:20,839 [main] INFO  base.BaseClass - Found Element By {by.toString()}
2024-01-25 23:55:21,377 [main] INFO  base.BaseClass - Trying to find Element By {by.toString()})
2024-01-25 23:55:21,401 [main] INFO  base.BaseClass - Found Element By {by.toString()}
2024-01-25 23:55:21,943 [main] INFO  base.BaseClass - Trying to find Element By {by.toString()})
2024-01-25 23:55:21,967 [main] INFO  base.BaseClass - Found Element By {by.toString()}
2024-01-25 23:55:22,504 [main] INFO  base.BaseClass - Trying to find Element By {by.toString()})
2024-01-25 23:55:22,529 [main] INFO  base.BaseClass - Found Element By {by.toString()}
2024-01-25 23:55:23,066 [main] INFO  base.BaseClass - Trying to find Element By {by.toString()})
2024-01-25 23:55:23,091 [main] INFO  base.BaseClass - Found Element By {by.toString()}
2024-01-25 23:55:23,628 [main] INFO  base.BaseClass - Trying to find Element By {by.toString()})
2024-01-25 23:55:23,652 [main] INFO  base.BaseClass - Found Element By {by.toString()}
2024-01-25 23:55:24,191 [main] INFO  base.BaseClass - Trying to find Element By {by.toString()})
2024-01-25 23:55:24,213 [main] INFO  base.BaseClass - Found Element By {by.toString()}
2024-01-25 23:55:24,756 [main] INFO  base.BaseClass - Trying to find Element By {by.toString()})
2024-01-25 23:55:24,781 [main] INFO  base.BaseClass - Found Element By {by.toString()}
2024-01-25 23:55:25,317 [main] INFO  base.BaseClass - Trying to find Element By {by.toString()})
2024-01-25 23:55:25,343 [main] INFO  base.BaseClass - Found Element By {by.toString()}
TimeoutException occurred: Expected condition failed: waiting for helper.WaitUtility$5@61177f1c (tried for 30 second(s) with 500 milliseconds interval)
Build info: version: '3.141.59', revision: 'e82be7d358', time: '2018-11-14T08:17:03'
System info: host: 'DPLAP166', ip: '137.237.3.67', os.name: 'Windows 10', os.arch: 'amd64', os.version: '10.0', java.version: '19.0.1'
Driver info: org.openqa.selenium.support.events.EventFiringWebDriver
Capabilities {acceptInsecureCerts: true, browserName: chrome, browserVersion: 121.0.6167.86, chrome: {chromedriverVersion: 121.0.6167.85 (3f98d690ad7e..., userDataDir: C:\Users\dP-PL\AppData\Loca...}, fedcm:accounts: true, goog:chromeOptions: {debuggerAddress: localhost:56255}, javascriptEnabled: true, networkConnectionEnabled: false, pageLoadStrategy: normal, platform: WINDOWS, platformName: WINDOWS, proxy: Proxy(), setWindowRect: true, strictFileInteractability: false, timeouts: {implicit: 0, pageLoad: 300000, script: 30000}, unhandledPromptBehavior: dismiss and notify, webauthn:extension:credBlob: true, webauthn:extension:largeBlob: true, webauthn:extension:minPinLength: true, webauthn:extension:prf: true, webauthn:virtualAuthenticators: true}
Session ID: 5ac4e55f65e9c5775ee35def664942b0
2024-01-25 23:55:25,381 [main] ERROR XGLT_15177_Test - Element did not become visible within the specified time: Expected condition failed: waiting for helper.WaitUtility$5@61177f1c (tried for 30 second(s) with 500 milliseconds interval)
Build info: version: '3.141.59', revision: 'e82be7d358', time: '2018-11-14T08:17:03'
System info: host: 'DPLAP166', ip: '137.237.3.67', os.name: 'Windows 10', os.arch: 'amd64', os.version: '10.0', java.version: '19.0.1'
Driver info: org.openqa.selenium.support.events.EventFiringWebDriver
Capabilities {acceptInsecureCerts: true, browserName: chrome, browserVersion: 121.0.6167.86, chrome: {chromedriverVersion: 121.0.6167.85 (3f98d690ad7e..., userDataDir: C:\Users\dP-PL\AppData\Loca...}, fedcm:accounts: true, goog:chromeOptions: {debuggerAddress: localhost:56255}, javascriptEnabled: true, networkConnectionEnabled: false, pageLoadStrategy: normal, platform: WINDOWS, platformName: WINDOWS, proxy: Proxy(), setWindowRect: true, strictFileInteractability: false, timeouts: {implicit: 0, pageLoad: 300000, script: 30000}, unhandledPromptBehavior: dismiss and notify, webauthn:extension:credBlob: true, webauthn:extension:largeBlob: true, webauthn:extension:minPinLength: true, webauthn:extension:prf: true, webauthn:virtualAuthenticators: true}
Session ID: 5ac4e55f65e9c5775ee35def664942b0
2024-01-25 23:55:25,381 [main] INFO  base.BaseClass - Trying to find Element By {by.toString()})
2024-01-25 23:55:25,406 [main] INFO  base.BaseClass - Found Element By {by.toString()}
2024-01-25 23:55:25,407 [main] INFO  base.BaseClass - Trying to click on: {element.toString()}
2024-01-25 23:55:25,611 [main] INFO  base.BaseClass - Clicked on: {element.toString()}
2024-01-25 23:55:27,172 [main] INFO  base.BaseClass - Trying to find Element By {by.toString()})
2024-01-25 23:55:28,381 [main] INFO  base.BaseClass - Found Element By {by.toString()}
setFinanceWidget passed!
]]></system-out>
    <system-err><![CDATA[Starting ChromeDriver 121.0.6167.85 (3f98d690ad7e59242ef110144c757b2ac4eef1a2-refs/branch-heads/6167@{#1539}) on port 32393
Only local connections are allowed.
Please see https://chromedriver.chromium.org/security-considerations for suggestions on keeping ChromeDriver safe.
ChromeDriver was started successfully.
Jan 25, 2024 11:47:17 PM org.openqa.selenium.remote.ProtocolHandshake createSession
INFO: Detected dialect: W3C
]]></system-err>
  </testcase>
  <testcase name="OpenRecord" classname="XGLT_6687_Test" time="92.398">
    <system-out><![CDATA[Before method Test name: Maintainance Tests
OpenRecord started!
2024-01-25 23:55:29,584 [main] INFO  base.BaseClass - Trying to find Element By {by.toString()})
2024-01-25 23:55:30,630 [main] INFO  base.BaseClass - Found Element By {by.toString()}
2024-01-25 23:55:31,175 [main] INFO  base.BaseClass - Trying to find Element By {by.toString()})
2024-01-25 23:55:31,203 [main] INFO  base.BaseClass - Found Element By {by.toString()}
2024-01-25 23:55:31,751 [main] INFO  base.BaseClass - Trying to find Element By {by.toString()})
2024-01-25 23:55:31,923 [main] INFO  base.BaseClass - Found Element By {by.toString()}
2024-01-25 23:55:32,625 [main] INFO  base.BaseClass - Trying to find Element By {by.toString()})
2024-01-25 23:55:32,790 [main] INFO  base.BaseClass - Found Element By {by.toString()}
2024-01-25 23:55:33,492 [main] INFO  base.BaseClass - Trying to find Element By {by.toString()})
2024-01-25 23:55:33,545 [main] INFO  base.BaseClass - Found Element By {by.toString()}
2024-01-25 23:55:34,090 [main] INFO  base.BaseClass - Trying to find Element By {by.toString()})
2024-01-25 23:55:34,117 [main] INFO  base.BaseClass - Found Element By {by.toString()}
2024-01-25 23:55:34,666 [main] INFO  base.BaseClass - Trying to find Element By {by.toString()})
2024-01-25 23:55:34,692 [main] INFO  base.BaseClass - Found Element By {by.toString()}
2024-01-25 23:55:35,235 [main] INFO  base.BaseClass - Trying to find Element By {by.toString()})
2024-01-25 23:55:35,262 [main] INFO  base.BaseClass - Found Element By {by.toString()}
2024-01-25 23:55:35,800 [main] INFO  base.BaseClass - Trying to find Element By {by.toString()})
2024-01-25 23:55:35,826 [main] INFO  base.BaseClass - Found Element By {by.toString()}
2024-01-25 23:55:36,366 [main] INFO  base.BaseClass - Trying to find Element By {by.toString()})
2024-01-25 23:55:36,393 [main] INFO  base.BaseClass - Found Element By {by.toString()}
2024-01-25 23:55:36,935 [main] INFO  base.BaseClass - Trying to find Element By {by.toString()})
2024-01-25 23:55:36,962 [main] INFO  base.BaseClass - Found Element By {by.toString()}
2024-01-25 23:55:37,500 [main] INFO  base.BaseClass - Trying to find Element By {by.toString()})
2024-01-25 23:55:37,527 [main] INFO  base.BaseClass - Found Element By {by.toString()}
2024-01-25 23:55:38,067 [main] INFO  base.BaseClass - Trying to find Element By {by.toString()})
2024-01-25 23:55:38,093 [main] INFO  base.BaseClass - Found Element By {by.toString()}
2024-01-25 23:55:38,632 [main] INFO  base.BaseClass - Trying to find Element By {by.toString()})
2024-01-25 23:55:38,658 [main] INFO  base.BaseClass - Found Element By {by.toString()}
2024-01-25 23:55:39,198 [main] INFO  base.BaseClass - Trying to find Element By {by.toString()})
2024-01-25 23:55:39,226 [main] INFO  base.BaseClass - Found Element By {by.toString()}
2024-01-25 23:55:39,771 [main] INFO  base.BaseClass - Trying to find Element By {by.toString()})
2024-01-25 23:55:39,798 [main] INFO  base.BaseClass - Found Element By {by.toString()}
2024-01-25 23:55:40,335 [main] INFO  base.BaseClass - Trying to find Element By {by.toString()})
2024-01-25 23:55:40,360 [main] INFO  base.BaseClass - Found Element By {by.toString()}
2024-01-25 23:55:40,898 [main] INFO  base.BaseClass - Trying to find Element By {by.toString()})
2024-01-25 23:55:40,923 [main] INFO  base.BaseClass - Found Element By {by.toString()}
2024-01-25 23:55:41,463 [main] INFO  base.BaseClass - Trying to find Element By {by.toString()})
2024-01-25 23:55:41,489 [main] INFO  base.BaseClass - Found Element By {by.toString()}
2024-01-25 23:55:42,029 [main] INFO  base.BaseClass - Trying to find Element By {by.toString()})
2024-01-25 23:55:42,056 [main] INFO  base.BaseClass - Found Element By {by.toString()}
2024-01-25 23:55:42,594 [main] INFO  base.BaseClass - Trying to find Element By {by.toString()})
2024-01-25 23:55:42,618 [main] INFO  base.BaseClass - Found Element By {by.toString()}
2024-01-25 23:55:43,158 [main] INFO  base.BaseClass - Trying to find Element By {by.toString()})
2024-01-25 23:55:43,181 [main] INFO  base.BaseClass - Found Element By {by.toString()}
2024-01-25 23:55:43,720 [main] INFO  base.BaseClass - Trying to find Element By {by.toString()})
2024-01-25 23:55:43,745 [main] INFO  base.BaseClass - Found Element By {by.toString()}
2024-01-25 23:55:44,282 [main] INFO  base.BaseClass - Trying to find Element By {by.toString()})
2024-01-25 23:55:44,306 [main] INFO  base.BaseClass - Found Element By {by.toString()}
2024-01-25 23:55:44,846 [main] INFO  base.BaseClass - Trying to find Element By {by.toString()})
2024-01-25 23:55:44,871 [main] INFO  base.BaseClass - Found Element By {by.toString()}
2024-01-25 23:55:45,410 [main] INFO  base.BaseClass - Trying to find Element By {by.toString()})
2024-01-25 23:55:45,434 [main] INFO  base.BaseClass - Found Element By {by.toString()}
2024-01-25 23:55:45,986 [main] INFO  base.BaseClass - Trying to find Element By {by.toString()})
2024-01-25 23:55:46,016 [main] INFO  base.BaseClass - Found Element By {by.toString()}
2024-01-25 23:55:46,560 [main] INFO  base.BaseClass - Trying to find Element By {by.toString()})
2024-01-25 23:55:46,585 [main] INFO  base.BaseClass - Found Element By {by.toString()}
2024-01-25 23:55:47,125 [main] INFO  base.BaseClass - Trying to find Element By {by.toString()})
2024-01-25 23:55:47,153 [main] INFO  base.BaseClass - Found Element By {by.toString()}
2024-01-25 23:55:47,691 [main] INFO  base.BaseClass - Trying to find Element By {by.toString()})
2024-01-25 23:55:47,715 [main] INFO  base.BaseClass - Found Element By {by.toString()}
2024-01-25 23:55:48,259 [main] INFO  base.BaseClass - Trying to find Element By {by.toString()})
2024-01-25 23:55:48,283 [main] INFO  base.BaseClass - Found Element By {by.toString()}
2024-01-25 23:55:48,822 [main] INFO  base.BaseClass - Trying to find Element By {by.toString()})
2024-01-25 23:55:48,848 [main] INFO  base.BaseClass - Found Element By {by.toString()}
2024-01-25 23:55:49,393 [main] INFO  base.BaseClass - Trying to find Element By {by.toString()})
2024-01-25 23:55:49,417 [main] INFO  base.BaseClass - Found Element By {by.toString()}
2024-01-25 23:55:49,961 [main] INFO  base.BaseClass - Trying to find Element By {by.toString()})
2024-01-25 23:55:49,986 [main] INFO  base.BaseClass - Found Element By {by.toString()}
2024-01-25 23:55:50,524 [main] INFO  base.BaseClass - Trying to find Element By {by.toString()})
2024-01-25 23:55:50,550 [main] INFO  base.BaseClass - Found Element By {by.toString()}
2024-01-25 23:55:51,088 [main] INFO  base.BaseClass - Trying to find Element By {by.toString()})
2024-01-25 23:55:51,113 [main] INFO  base.BaseClass - Found Element By {by.toString()}
2024-01-25 23:55:51,672 [main] INFO  base.BaseClass - Trying to find Element By {by.toString()})
2024-01-25 23:55:51,702 [main] INFO  base.BaseClass - Found Element By {by.toString()}
2024-01-25 23:55:52,240 [main] INFO  base.BaseClass - Trying to find Element By {by.toString()})
2024-01-25 23:55:52,264 [main] INFO  base.BaseClass - Found Element By {by.toString()}
2024-01-25 23:55:52,801 [main] INFO  base.BaseClass - Trying to find Element By {by.toString()})
2024-01-25 23:55:52,826 [main] INFO  base.BaseClass - Found Element By {by.toString()}
2024-01-25 23:55:53,363 [main] INFO  base.BaseClass - Trying to find Element By {by.toString()})
2024-01-25 23:55:53,390 [main] INFO  base.BaseClass - Found Element By {by.toString()}
2024-01-25 23:55:53,936 [main] INFO  base.BaseClass - Trying to find Element By {by.toString()})
2024-01-25 23:55:53,965 [main] INFO  base.BaseClass - Found Element By {by.toString()}
2024-01-25 23:55:54,515 [main] INFO  base.BaseClass - Trying to find Element By {by.toString()})
2024-01-25 23:55:54,541 [main] INFO  base.BaseClass - Found Element By {by.toString()}
2024-01-25 23:55:55,079 [main] INFO  base.BaseClass - Trying to find Element By {by.toString()})
2024-01-25 23:55:55,106 [main] INFO  base.BaseClass - Found Element By {by.toString()}
2024-01-25 23:55:55,646 [main] INFO  base.BaseClass - Trying to find Element By {by.toString()})
2024-01-25 23:55:55,672 [main] INFO  base.BaseClass - Found Element By {by.toString()}
2024-01-25 23:55:56,212 [main] INFO  base.BaseClass - Trying to find Element By {by.toString()})
2024-01-25 23:55:56,293 [main] INFO  base.BaseClass - Found Element By {by.toString()}
2024-01-25 23:55:56,834 [main] INFO  base.BaseClass - Trying to find Element By {by.toString()})
2024-01-25 23:55:56,859 [main] INFO  base.BaseClass - Found Element By {by.toString()}
2024-01-25 23:55:57,480 [main] INFO  base.BaseClass - Trying to find Element By {by.toString()})
2024-01-25 23:55:57,509 [main] INFO  base.BaseClass - Found Element By {by.toString()}
2024-01-25 23:55:58,049 [main] INFO  base.BaseClass - Trying to find Element By {by.toString()})
2024-01-25 23:55:58,076 [main] INFO  base.BaseClass - Found Element By {by.toString()}
2024-01-25 23:55:58,614 [main] INFO  base.BaseClass - Trying to find Element By {by.toString()})
2024-01-25 23:55:58,641 [main] INFO  base.BaseClass - Found Element By {by.toString()}
2024-01-25 23:55:59,180 [main] INFO  base.BaseClass - Trying to find Element By {by.toString()})
2024-01-25 23:55:59,209 [main] INFO  base.BaseClass - Found Element By {by.toString()}
2024-01-25 23:55:59,749 [main] INFO  base.BaseClass - Trying to find Element By {by.toString()})
2024-01-25 23:55:59,775 [main] INFO  base.BaseClass - Found Element By {by.toString()}
TimeoutException occurred: Expected condition failed: waiting for helper.WaitUtility$5@1d806274 (tried for 30 second(s) with 500 milliseconds interval)
Build info: version: '3.141.59', revision: 'e82be7d358', time: '2018-11-14T08:17:03'
System info: host: 'DPLAP166', ip: '137.237.3.67', os.name: 'Windows 10', os.arch: 'amd64', os.version: '10.0', java.version: '19.0.1'
Driver info: org.openqa.selenium.support.events.EventFiringWebDriver
Capabilities {acceptInsecureCerts: true, browserName: chrome, browserVersion: 121.0.6167.86, chrome: {chromedriverVersion: 121.0.6167.85 (3f98d690ad7e..., userDataDir: C:\Users\dP-PL\AppData\Loca...}, fedcm:accounts: true, goog:chromeOptions: {debuggerAddress: localhost:56255}, javascriptEnabled: true, networkConnectionEnabled: false, pageLoadStrategy: normal, platform: WINDOWS, platformName: WINDOWS, proxy: Proxy(), setWindowRect: true, strictFileInteractability: false, timeouts: {implicit: 0, pageLoad: 300000, script: 30000}, unhandledPromptBehavior: dismiss and notify, webauthn:extension:credBlob: true, webauthn:extension:largeBlob: true, webauthn:extension:minPinLength: true, webauthn:extension:prf: true, webauthn:virtualAuthenticators: true}
Session ID: 5ac4e55f65e9c5775ee35def664942b0
2024-01-25 23:55:59,812 [main] ERROR XGLT_15177_Test - Element did not become visible within the specified time: Expected condition failed: waiting for helper.WaitUtility$5@1d806274 (tried for 30 second(s) with 500 milliseconds interval)
Build info: version: '3.141.59', revision: 'e82be7d358', time: '2018-11-14T08:17:03'
System info: host: 'DPLAP166', ip: '137.237.3.67', os.name: 'Windows 10', os.arch: 'amd64', os.version: '10.0', java.version: '19.0.1'
Driver info: org.openqa.selenium.support.events.EventFiringWebDriver
Capabilities {acceptInsecureCerts: true, browserName: chrome, browserVersion: 121.0.6167.86, chrome: {chromedriverVersion: 121.0.6167.85 (3f98d690ad7e..., userDataDir: C:\Users\dP-PL\AppData\Loca...}, fedcm:accounts: true, goog:chromeOptions: {debuggerAddress: localhost:56255}, javascriptEnabled: true, networkConnectionEnabled: false, pageLoadStrategy: normal, platform: WINDOWS, platformName: WINDOWS, proxy: Proxy(), setWindowRect: true, strictFileInteractability: false, timeouts: {implicit: 0, pageLoad: 300000, script: 30000}, unhandledPromptBehavior: dismiss and notify, webauthn:extension:credBlob: true, webauthn:extension:largeBlob: true, webauthn:extension:minPinLength: true, webauthn:extension:prf: true, webauthn:virtualAuthenticators: true}
Session ID: 5ac4e55f65e9c5775ee35def664942b0
2024-01-25 23:55:59,812 [main] INFO  base.BaseClass - Trying to find Element By {by.toString()})
2024-01-25 23:55:59,837 [main] INFO  base.BaseClass - Found Element By {by.toString()}
MC value for open is 56
2024-01-25 23:55:59,867 [main] INFO  base.BaseClass - Trying to find Element By {by.toString()})
2024-01-25 23:55:59,903 [main] INFO  base.BaseClass - Found Element By {by.toString()}
2024-01-25 23:56:00,446 [main] INFO  base.BaseClass - Trying to find Element By {by.toString()})
2024-01-25 23:56:00,473 [main] INFO  base.BaseClass - Found Element By {by.toString()}
2024-01-25 23:56:01,014 [main] INFO  base.BaseClass - Trying to find Element By {by.toString()})
2024-01-25 23:56:01,039 [main] INFO  base.BaseClass - Found Element By {by.toString()}
2024-01-25 23:56:01,579 [main] INFO  base.BaseClass - Trying to find Element By {by.toString()})
2024-01-25 23:56:01,605 [main] INFO  base.BaseClass - Found Element By {by.toString()}
2024-01-25 23:56:02,145 [main] INFO  base.BaseClass - Trying to find Element By {by.toString()})
2024-01-25 23:56:02,171 [main] INFO  base.BaseClass - Found Element By {by.toString()}
2024-01-25 23:56:02,710 [main] INFO  base.BaseClass - Trying to find Element By {by.toString()})
2024-01-25 23:56:02,734 [main] INFO  base.BaseClass - Found Element By {by.toString()}
2024-01-25 23:56:03,279 [main] INFO  base.BaseClass - Trying to find Element By {by.toString()})
2024-01-25 23:56:03,304 [main] INFO  base.BaseClass - Found Element By {by.toString()}
2024-01-25 23:56:03,865 [main] INFO  base.BaseClass - Trying to find Element By {by.toString()})
2024-01-25 23:56:03,893 [main] INFO  base.BaseClass - Found Element By {by.toString()}
2024-01-25 23:56:04,432 [main] INFO  base.BaseClass - Trying to find Element By {by.toString()})
2024-01-25 23:56:04,457 [main] INFO  base.BaseClass - Found Element By {by.toString()}
2024-01-25 23:56:04,994 [main] INFO  base.BaseClass - Trying to find Element By {by.toString()})
2024-01-25 23:56:05,019 [main] INFO  base.BaseClass - Found Element By {by.toString()}
2024-01-25 23:56:05,558 [main] INFO  base.BaseClass - Trying to find Element By {by.toString()})
2024-01-25 23:56:05,583 [main] INFO  base.BaseClass - Found Element By {by.toString()}
2024-01-25 23:56:06,134 [main] INFO  base.BaseClass - Trying to find Element By {by.toString()})
2024-01-25 23:56:06,159 [main] INFO  base.BaseClass - Found Element By {by.toString()}
2024-01-25 23:56:06,699 [main] INFO  base.BaseClass - Trying to find Element By {by.toString()})
2024-01-25 23:56:06,724 [main] INFO  base.BaseClass - Found Element By {by.toString()}
2024-01-25 23:56:07,264 [main] INFO  base.BaseClass - Trying to find Element By {by.toString()})
2024-01-25 23:56:07,290 [main] INFO  base.BaseClass - Found Element By {by.toString()}
2024-01-25 23:56:07,826 [main] INFO  base.BaseClass - Trying to find Element By {by.toString()})
2024-01-25 23:56:07,850 [main] INFO  base.BaseClass - Found Element By {by.toString()}
2024-01-25 23:56:08,394 [main] INFO  base.BaseClass - Trying to find Element By {by.toString()})
2024-01-25 23:56:08,417 [main] INFO  base.BaseClass - Found Element By {by.toString()}
2024-01-25 23:56:08,956 [main] INFO  base.BaseClass - Trying to find Element By {by.toString()})
2024-01-25 23:56:08,980 [main] INFO  base.BaseClass - Found Element By {by.toString()}
2024-01-25 23:56:09,518 [main] INFO  base.BaseClass - Trying to find Element By {by.toString()})
2024-01-25 23:56:09,545 [main] INFO  base.BaseClass - Found Element By {by.toString()}
2024-01-25 23:56:10,081 [main] INFO  base.BaseClass - Trying to find Element By {by.toString()})
2024-01-25 23:56:10,107 [main] INFO  base.BaseClass - Found Element By {by.toString()}
2024-01-25 23:56:10,645 [main] INFO  base.BaseClass - Trying to find Element By {by.toString()})
2024-01-25 23:56:10,673 [main] INFO  base.BaseClass - Found Element By {by.toString()}
2024-01-25 23:56:11,212 [main] INFO  base.BaseClass - Trying to find Element By {by.toString()})
2024-01-25 23:56:11,238 [main] INFO  base.BaseClass - Found Element By {by.toString()}
2024-01-25 23:56:11,779 [main] INFO  base.BaseClass - Trying to find Element By {by.toString()})
2024-01-25 23:56:11,805 [main] INFO  base.BaseClass - Found Element By {by.toString()}
2024-01-25 23:56:12,345 [main] INFO  base.BaseClass - Trying to find Element By {by.toString()})
2024-01-25 23:56:12,370 [main] INFO  base.BaseClass - Found Element By {by.toString()}
2024-01-25 23:56:12,910 [main] INFO  base.BaseClass - Trying to find Element By {by.toString()})
2024-01-25 23:56:12,936 [main] INFO  base.BaseClass - Found Element By {by.toString()}
2024-01-25 23:56:13,477 [main] INFO  base.BaseClass - Trying to find Element By {by.toString()})
2024-01-25 23:56:13,504 [main] INFO  base.BaseClass - Found Element By {by.toString()}
2024-01-25 23:56:14,044 [main] INFO  base.BaseClass - Trying to find Element By {by.toString()})
2024-01-25 23:56:14,068 [main] INFO  base.BaseClass - Found Element By {by.toString()}
2024-01-25 23:56:14,608 [main] INFO  base.BaseClass - Trying to find Element By {by.toString()})
2024-01-25 23:56:14,633 [main] INFO  base.BaseClass - Found Element By {by.toString()}
2024-01-25 23:56:15,171 [main] INFO  base.BaseClass - Trying to find Element By {by.toString()})
2024-01-25 23:56:15,194 [main] INFO  base.BaseClass - Found Element By {by.toString()}
2024-01-25 23:56:15,731 [main] INFO  base.BaseClass - Trying to find Element By {by.toString()})
2024-01-25 23:56:15,757 [main] INFO  base.BaseClass - Found Element By {by.toString()}
2024-01-25 23:56:16,300 [main] INFO  base.BaseClass - Trying to find Element By {by.toString()})
2024-01-25 23:56:16,327 [main] INFO  base.BaseClass - Found Element By {by.toString()}
2024-01-25 23:56:16,864 [main] INFO  base.BaseClass - Trying to find Element By {by.toString()})
2024-01-25 23:56:16,890 [main] INFO  base.BaseClass - Found Element By {by.toString()}
2024-01-25 23:56:17,428 [main] INFO  base.BaseClass - Trying to find Element By {by.toString()})
2024-01-25 23:56:17,451 [main] INFO  base.BaseClass - Found Element By {by.toString()}
2024-01-25 23:56:17,991 [main] INFO  base.BaseClass - Trying to find Element By {by.toString()})
2024-01-25 23:56:18,017 [main] INFO  base.BaseClass - Found Element By {by.toString()}
2024-01-25 23:56:18,557 [main] INFO  base.BaseClass - Trying to find Element By {by.toString()})
2024-01-25 23:56:18,582 [main] INFO  base.BaseClass - Found Element By {by.toString()}
2024-01-25 23:56:19,117 [main] INFO  base.BaseClass - Trying to find Element By {by.toString()})
2024-01-25 23:56:19,144 [main] INFO  base.BaseClass - Found Element By {by.toString()}
2024-01-25 23:56:19,684 [main] INFO  base.BaseClass - Trying to find Element By {by.toString()})
2024-01-25 23:56:19,710 [main] INFO  base.BaseClass - Found Element By {by.toString()}
2024-01-25 23:56:20,260 [main] INFO  base.BaseClass - Trying to find Element By {by.toString()})
2024-01-25 23:56:20,283 [main] INFO  base.BaseClass - Found Element By {by.toString()}
2024-01-25 23:56:20,825 [main] INFO  base.BaseClass - Trying to find Element By {by.toString()})
2024-01-25 23:56:20,849 [main] INFO  base.BaseClass - Found Element By {by.toString()}
2024-01-25 23:56:21,386 [main] INFO  base.BaseClass - Trying to find Element By {by.toString()})
2024-01-25 23:56:21,411 [main] INFO  base.BaseClass - Found Element By {by.toString()}
2024-01-25 23:56:21,949 [main] INFO  base.BaseClass - Trying to find Element By {by.toString()})
2024-01-25 23:56:21,977 [main] INFO  base.BaseClass - Found Element By {by.toString()}
2024-01-25 23:56:22,514 [main] INFO  base.BaseClass - Trying to find Element By {by.toString()})
2024-01-25 23:56:22,541 [main] INFO  base.BaseClass - Found Element By {by.toString()}
2024-01-25 23:56:23,078 [main] INFO  base.BaseClass - Trying to find Element By {by.toString()})
2024-01-25 23:56:23,107 [main] INFO  base.BaseClass - Found Element By {by.toString()}
2024-01-25 23:56:23,656 [main] INFO  base.BaseClass - Trying to find Element By {by.toString()})
2024-01-25 23:56:23,681 [main] INFO  base.BaseClass - Found Element By {by.toString()}
2024-01-25 23:56:24,219 [main] INFO  base.BaseClass - Trying to find Element By {by.toString()})
2024-01-25 23:56:24,242 [main] INFO  base.BaseClass - Found Element By {by.toString()}
2024-01-25 23:56:24,780 [main] INFO  base.BaseClass - Trying to find Element By {by.toString()})
2024-01-25 23:56:24,806 [main] INFO  base.BaseClass - Found Element By {by.toString()}
2024-01-25 23:56:25,346 [main] INFO  base.BaseClass - Trying to find Element By {by.toString()})
2024-01-25 23:56:25,374 [main] INFO  base.BaseClass - Found Element By {by.toString()}
2024-01-25 23:56:25,912 [main] INFO  base.BaseClass - Trying to find Element By {by.toString()})
2024-01-25 23:56:25,939 [main] INFO  base.BaseClass - Found Element By {by.toString()}
2024-01-25 23:56:26,478 [main] INFO  base.BaseClass - Trying to find Element By {by.toString()})
2024-01-25 23:56:26,503 [main] INFO  base.BaseClass - Found Element By {by.toString()}
2024-01-25 23:56:27,045 [main] INFO  base.BaseClass - Trying to find Element By {by.toString()})
2024-01-25 23:56:27,071 [main] INFO  base.BaseClass - Found Element By {by.toString()}
2024-01-25 23:56:27,610 [main] INFO  base.BaseClass - Trying to find Element By {by.toString()})
2024-01-25 23:56:27,636 [main] INFO  base.BaseClass - Found Element By {by.toString()}
2024-01-25 23:56:28,176 [main] INFO  base.BaseClass - Trying to find Element By {by.toString()})
2024-01-25 23:56:28,201 [main] INFO  base.BaseClass - Found Element By {by.toString()}
2024-01-25 23:56:28,743 [main] INFO  base.BaseClass - Trying to find Element By {by.toString()})
2024-01-25 23:56:28,768 [main] INFO  base.BaseClass - Found Element By {by.toString()}
2024-01-25 23:56:29,318 [main] INFO  base.BaseClass - Trying to find Element By {by.toString()})
2024-01-25 23:56:29,344 [main] INFO  base.BaseClass - Found Element By {by.toString()}
2024-01-25 23:56:29,882 [main] INFO  base.BaseClass - Trying to find Element By {by.toString()})
2024-01-25 23:56:29,909 [main] INFO  base.BaseClass - Found Element By {by.toString()}
TimeoutException occurred: Expected condition failed: waiting for helper.WaitUtility$5@625558f1 (tried for 30 second(s) with 500 milliseconds interval)
Build info: version: '3.141.59', revision: 'e82be7d358', time: '2018-11-14T08:17:03'
System info: host: 'DPLAP166', ip: '137.237.3.67', os.name: 'Windows 10', os.arch: 'amd64', os.version: '10.0', java.version: '19.0.1'
Driver info: org.openqa.selenium.support.events.EventFiringWebDriver
Capabilities {acceptInsecureCerts: true, browserName: chrome, browserVersion: 121.0.6167.86, chrome: {chromedriverVersion: 121.0.6167.85 (3f98d690ad7e..., userDataDir: C:\Users\dP-PL\AppData\Loca...}, fedcm:accounts: true, goog:chromeOptions: {debuggerAddress: localhost:56255}, javascriptEnabled: true, networkConnectionEnabled: false, pageLoadStrategy: normal, platform: WINDOWS, platformName: WINDOWS, proxy: Proxy(), setWindowRect: true, strictFileInteractability: false, timeouts: {implicit: 0, pageLoad: 300000, script: 30000}, unhandledPromptBehavior: dismiss and notify, webauthn:extension:credBlob: true, webauthn:extension:largeBlob: true, webauthn:extension:minPinLength: true, webauthn:extension:prf: true, webauthn:virtualAuthenticators: true}
Session ID: 5ac4e55f65e9c5775ee35def664942b0
2024-01-25 23:56:29,946 [main] ERROR XGLT_15177_Test - Element did not become visible within the specified time: Expected condition failed: waiting for helper.WaitUtility$5@625558f1 (tried for 30 second(s) with 500 milliseconds interval)
Build info: version: '3.141.59', revision: 'e82be7d358', time: '2018-11-14T08:17:03'
System info: host: 'DPLAP166', ip: '137.237.3.67', os.name: 'Windows 10', os.arch: 'amd64', os.version: '10.0', java.version: '19.0.1'
Driver info: org.openqa.selenium.support.events.EventFiringWebDriver
Capabilities {acceptInsecureCerts: true, browserName: chrome, browserVersion: 121.0.6167.86, chrome: {chromedriverVersion: 121.0.6167.85 (3f98d690ad7e..., userDataDir: C:\Users\dP-PL\AppData\Loca...}, fedcm:accounts: true, goog:chromeOptions: {debuggerAddress: localhost:56255}, javascriptEnabled: true, networkConnectionEnabled: false, pageLoadStrategy: normal, platform: WINDOWS, platformName: WINDOWS, proxy: Proxy(), setWindowRect: true, strictFileInteractability: false, timeouts: {implicit: 0, pageLoad: 300000, script: 30000}, unhandledPromptBehavior: dismiss and notify, webauthn:extension:credBlob: true, webauthn:extension:largeBlob: true, webauthn:extension:minPinLength: true, webauthn:extension:prf: true, webauthn:virtualAuthenticators: true}
Session ID: 5ac4e55f65e9c5775ee35def664942b0
2024-01-25 23:56:29,946 [main] INFO  base.BaseClass - Trying to find Element By {by.toString()})
2024-01-25 23:56:29,972 [main] INFO  base.BaseClass - Found Element By {by.toString()}
2024-01-25 23:56:29,972 [main] INFO  base.BaseClass - Trying to click on: {element.toString()}
2024-01-25 23:56:30,380 [main] INFO  base.BaseClass - Clicked on: {element.toString()}
2024-01-25 23:56:30,380 [main] INFO  base.BaseClass - Trying to find Element By {by.toString()})
2024-01-25 23:56:33,259 [main] INFO  base.BaseClass - Found Element By {by.toString()}
2024-01-25 23:56:33,783 [main] INFO  base.BaseClass - Trying to find Element By {by.toString()})
2024-01-25 23:56:33,814 [main] INFO  base.BaseClass - Found Element By {by.toString()}
2024-01-25 23:56:34,359 [main] INFO  base.BaseClass - Trying to find Element By {by.toString()})
2024-01-25 23:56:34,392 [main] INFO  base.BaseClass - Found Element By {by.toString()}
2024-01-25 23:56:34,935 [main] INFO  base.BaseClass - Trying to find Element By {by.toString()})
2024-01-25 23:56:34,954 [main] INFO  base.BaseClass - Found Element By {by.toString()}
2024-01-25 23:56:35,486 [main] INFO  base.BaseClass - Trying to find Element By {by.toString()})
2024-01-25 23:56:35,510 [main] INFO  base.BaseClass - Found Element By {by.toString()}
2024-01-25 23:56:36,043 [main] INFO  base.BaseClass - Trying to find Element By {by.toString()})
2024-01-25 23:56:36,062 [main] INFO  base.BaseClass - Found Element By {by.toString()}
2024-01-25 23:56:36,592 [main] INFO  base.BaseClass - Trying to find Element By {by.toString()})
2024-01-25 23:56:36,620 [main] INFO  base.BaseClass - Found Element By {by.toString()}
2024-01-25 23:56:37,156 [main] INFO  base.BaseClass - Trying to find Element By {by.toString()})
2024-01-25 23:56:37,181 [main] INFO  base.BaseClass - Found Element By {by.toString()}
2024-01-25 23:56:37,714 [main] INFO  base.BaseClass - Trying to find Element By {by.toString()})
2024-01-25 23:56:37,743 [main] INFO  base.BaseClass - Found Element By {by.toString()}
2024-01-25 23:56:38,280 [main] INFO  base.BaseClass - Trying to find Element By {by.toString()})
2024-01-25 23:56:38,308 [main] INFO  base.BaseClass - Found Element By {by.toString()}
2024-01-25 23:56:38,847 [main] INFO  base.BaseClass - Trying to find Element By {by.toString()})
2024-01-25 23:56:38,878 [main] INFO  base.BaseClass - Found Element By {by.toString()}
2024-01-25 23:56:39,416 [main] INFO  base.BaseClass - Trying to find Element By {by.toString()})
2024-01-25 23:56:39,449 [main] INFO  base.BaseClass - Found Element By {by.toString()}
2024-01-25 23:56:39,989 [main] INFO  base.BaseClass - Trying to find Element By {by.toString()})
2024-01-25 23:56:40,017 [main] INFO  base.BaseClass - Found Element By {by.toString()}
2024-01-25 23:56:40,556 [main] INFO  base.BaseClass - Trying to find Element By {by.toString()})
2024-01-25 23:56:40,584 [main] INFO  base.BaseClass - Found Element By {by.toString()}
2024-01-25 23:56:41,125 [main] INFO  base.BaseClass - Trying to find Element By {by.toString()})
2024-01-25 23:56:41,153 [main] INFO  base.BaseClass - Found Element By {by.toString()}
2024-01-25 23:56:41,695 [main] INFO  base.BaseClass - Trying to find Element By {by.toString()})
2024-01-25 23:56:41,726 [main] INFO  base.BaseClass - Found Element By {by.toString()}
2024-01-25 23:56:42,264 [main] INFO  base.BaseClass - Trying to find Element By {by.toString()})
2024-01-25 23:56:42,295 [main] INFO  base.BaseClass - Found Element By {by.toString()}
2024-01-25 23:56:42,832 [main] INFO  base.BaseClass - Trying to find Element By {by.toString()})
2024-01-25 23:56:42,861 [main] INFO  base.BaseClass - Found Element By {by.toString()}
2024-01-25 23:56:43,402 [main] INFO  base.BaseClass - Trying to find Element By {by.toString()})
2024-01-25 23:56:43,432 [main] INFO  base.BaseClass - Found Element By {by.toString()}
2024-01-25 23:56:43,972 [main] INFO  base.BaseClass - Trying to find Element By {by.toString()})
2024-01-25 23:56:43,999 [main] INFO  base.BaseClass - Found Element By {by.toString()}
2024-01-25 23:56:44,535 [main] INFO  base.BaseClass - Trying to find Element By {by.toString()})
2024-01-25 23:56:44,563 [main] INFO  base.BaseClass - Found Element By {by.toString()}
2024-01-25 23:56:45,100 [main] INFO  base.BaseClass - Trying to find Element By {by.toString()})
2024-01-25 23:56:45,129 [main] INFO  base.BaseClass - Found Element By {by.toString()}
2024-01-25 23:56:45,667 [main] INFO  base.BaseClass - Trying to find Element By {by.toString()})
2024-01-25 23:56:45,697 [main] INFO  base.BaseClass - Found Element By {by.toString()}
2024-01-25 23:56:46,238 [main] INFO  base.BaseClass - Trying to find Element By {by.toString()})
2024-01-25 23:56:46,265 [main] INFO  base.BaseClass - Found Element By {by.toString()}
2024-01-25 23:56:46,802 [main] INFO  base.BaseClass - Trying to find Element By {by.toString()})
2024-01-25 23:56:46,830 [main] INFO  base.BaseClass - Found Element By {by.toString()}
2024-01-25 23:56:47,367 [main] INFO  base.BaseClass - Trying to find Element By {by.toString()})
2024-01-25 23:56:47,431 [main] INFO  base.BaseClass - Found Element By {by.toString()}
2024-01-25 23:56:48,028 [main] INFO  base.BaseClass - Trying to find Element By {by.toString()})
2024-01-25 23:56:48,057 [main] INFO  base.BaseClass - Found Element By {by.toString()}
2024-01-25 23:56:48,596 [main] INFO  base.BaseClass - Trying to find Element By {by.toString()})
2024-01-25 23:56:48,625 [main] INFO  base.BaseClass - Found Element By {by.toString()}
2024-01-25 23:56:49,162 [main] INFO  base.BaseClass - Trying to find Element By {by.toString()})
2024-01-25 23:56:49,191 [main] INFO  base.BaseClass - Found Element By {by.toString()}
2024-01-25 23:56:49,737 [main] INFO  base.BaseClass - Trying to find Element By {by.toString()})
2024-01-25 23:56:49,764 [main] INFO  base.BaseClass - Found Element By {by.toString()}
2024-01-25 23:56:50,316 [main] INFO  base.BaseClass - Trying to find Element By {by.toString()})
2024-01-25 23:56:50,343 [main] INFO  base.BaseClass - Found Element By {by.toString()}
2024-01-25 23:56:50,882 [main] INFO  base.BaseClass - Trying to find Element By {by.toString()})
2024-01-25 23:56:50,910 [main] INFO  base.BaseClass - Found Element By {by.toString()}
2024-01-25 23:56:51,447 [main] INFO  base.BaseClass - Trying to find Element By {by.toString()})
2024-01-25 23:56:51,476 [main] INFO  base.BaseClass - Found Element By {by.toString()}
2024-01-25 23:56:52,015 [main] INFO  base.BaseClass - Trying to find Element By {by.toString()})
2024-01-25 23:56:52,043 [main] INFO  base.BaseClass - Found Element By {by.toString()}
2024-01-25 23:56:52,589 [main] INFO  base.BaseClass - Trying to find Element By {by.toString()})
2024-01-25 23:56:52,617 [main] INFO  base.BaseClass - Found Element By {by.toString()}
2024-01-25 23:56:53,156 [main] INFO  base.BaseClass - Trying to find Element By {by.toString()})
2024-01-25 23:56:53,183 [main] INFO  base.BaseClass - Found Element By {by.toString()}
2024-01-25 23:56:53,724 [main] INFO  base.BaseClass - Trying to find Element By {by.toString()})
2024-01-25 23:56:53,751 [main] INFO  base.BaseClass - Found Element By {by.toString()}
2024-01-25 23:56:54,291 [main] INFO  base.BaseClass - Trying to find Element By {by.toString()})
2024-01-25 23:56:54,318 [main] INFO  base.BaseClass - Found Element By {by.toString()}
2024-01-25 23:56:54,863 [main] INFO  base.BaseClass - Trying to find Element By {by.toString()})
2024-01-25 23:56:54,894 [main] INFO  base.BaseClass - Found Element By {by.toString()}
2024-01-25 23:56:55,430 [main] INFO  base.BaseClass - Trying to find Element By {by.toString()})
2024-01-25 23:56:55,459 [main] INFO  base.BaseClass - Found Element By {by.toString()}
2024-01-25 23:56:55,996 [main] INFO  base.BaseClass - Trying to find Element By {by.toString()})
2024-01-25 23:56:56,025 [main] INFO  base.BaseClass - Found Element By {by.toString()}
2024-01-25 23:56:56,564 [main] INFO  base.BaseClass - Trying to find Element By {by.toString()})
2024-01-25 23:56:56,593 [main] INFO  base.BaseClass - Found Element By {by.toString()}
2024-01-25 23:56:57,129 [main] INFO  base.BaseClass - Trying to find Element By {by.toString()})
2024-01-25 23:56:57,158 [main] INFO  base.BaseClass - Found Element By {by.toString()}
2024-01-25 23:56:57,696 [main] INFO  base.BaseClass - Trying to find Element By {by.toString()})
2024-01-25 23:56:57,733 [main] INFO  base.BaseClass - Found Element By {by.toString()}
2024-01-25 23:56:58,445 [main] INFO  base.BaseClass - Trying to find Element By {by.toString()})
2024-01-25 23:56:58,490 [main] INFO  base.BaseClass - Found Element By {by.toString()}
2024-01-25 23:56:59,005 [main] INFO  base.BaseClass - Trying to find Element By {by.toString()})
2024-01-25 23:56:59,013 [main] INFO  base.BaseClass - Found Element By {by.toString()}
2024-01-25 23:56:59,526 [main] INFO  base.BaseClass - Trying to find Element By {by.toString()})
2024-01-25 23:56:59,535 [main] INFO  base.BaseClass - Found Element By {by.toString()}
2024-01-25 23:57:00,060 [main] INFO  base.BaseClass - Trying to find Element By {by.toString()})
2024-01-25 23:57:00,075 [main] INFO  base.BaseClass - Found Element By {by.toString()}
2024-01-25 23:57:00,606 [main] INFO  base.BaseClass - Trying to find Element By {by.toString()})
2024-01-25 23:57:00,614 [main] INFO  base.BaseClass - Found Element By {by.toString()}
TimeoutException occurred: Expected condition failed: waiting for helper.WaitUtility$5@3f45e21d (tried for 30 second(s) with 500 milliseconds interval)
Build info: version: '3.141.59', revision: 'e82be7d358', time: '2018-11-14T08:17:03'
System info: host: 'DPLAP166', ip: '137.237.3.67', os.name: 'Windows 10', os.arch: 'amd64', os.version: '10.0', java.version: '19.0.1'
Driver info: org.openqa.selenium.support.events.EventFiringWebDriver
Capabilities {acceptInsecureCerts: true, browserName: chrome, browserVersion: 121.0.6167.86, chrome: {chromedriverVersion: 121.0.6167.85 (3f98d690ad7e..., userDataDir: C:\Users\dP-PL\AppData\Loca...}, fedcm:accounts: true, goog:chromeOptions: {debuggerAddress: localhost:56255}, javascriptEnabled: true, networkConnectionEnabled: false, pageLoadStrategy: normal, platform: WINDOWS, platformName: WINDOWS, proxy: Proxy(), setWindowRect: true, strictFileInteractability: false, timeouts: {implicit: 0, pageLoad: 300000, script: 30000}, unhandledPromptBehavior: dismiss and notify, webauthn:extension:credBlob: true, webauthn:extension:largeBlob: true, webauthn:extension:minPinLength: true, webauthn:extension:prf: true, webauthn:virtualAuthenticators: true}
Session ID: 5ac4e55f65e9c5775ee35def664942b0
2024-01-25 23:57:00,628 [main] ERROR XGLT_15177_Test - Element did not become visible within the specified time: Expected condition failed: waiting for helper.WaitUtility$5@3f45e21d (tried for 30 second(s) with 500 milliseconds interval)
Build info: version: '3.141.59', revision: 'e82be7d358', time: '2018-11-14T08:17:03'
System info: host: 'DPLAP166', ip: '137.237.3.67', os.name: 'Windows 10', os.arch: 'amd64', os.version: '10.0', java.version: '19.0.1'
Driver info: org.openqa.selenium.support.events.EventFiringWebDriver
Capabilities {acceptInsecureCerts: true, browserName: chrome, browserVersion: 121.0.6167.86, chrome: {chromedriverVersion: 121.0.6167.85 (3f98d690ad7e..., userDataDir: C:\Users\dP-PL\AppData\Loca...}, fedcm:accounts: true, goog:chromeOptions: {debuggerAddress: localhost:56255}, javascriptEnabled: true, networkConnectionEnabled: false, pageLoadStrategy: normal, platform: WINDOWS, platformName: WINDOWS, proxy: Proxy(), setWindowRect: true, strictFileInteractability: false, timeouts: {implicit: 0, pageLoad: 300000, script: 30000}, unhandledPromptBehavior: dismiss and notify, webauthn:extension:credBlob: true, webauthn:extension:largeBlob: true, webauthn:extension:minPinLength: true, webauthn:extension:prf: true, webauthn:virtualAuthenticators: true}
Session ID: 5ac4e55f65e9c5775ee35def664942b0
2024-01-25 23:57:00,632 [main] INFO  base.BaseClass - Trying to find Element By {by.toString()})
2024-01-25 23:57:00,641 [main] INFO  base.BaseClass - Found Element By {by.toString()}
2024-01-25 23:57:00,654 [main] INFO  base.BaseClass - Trying to find Element By {by.toString()})
2024-01-25 23:57:00,666 [main] INFO  base.BaseClass - Found Element By {by.toString()}
2024-01-25 23:57:00,673 [main] INFO  base.BaseClass - Trying to find Element By {by.toString()})
2024-01-25 23:57:00,682 [main] INFO  base.BaseClass - Found Element By {by.toString()}
2024-01-25 23:57:00,692 [main] INFO  base.BaseClass - Trying to find Element By {by.toString()})
2024-01-25 23:57:00,704 [main] INFO  base.BaseClass - Found Element By {by.toString()}
last page in current selection is 1
2024-01-25 23:57:00,712 [main] INFO  base.BaseClass - Trying to find Element By {by.toString()})
2024-01-25 23:57:00,727 [main] INFO  base.BaseClass - Found Element By {by.toString()}
Height is 1680
2024-01-25 23:57:00,736 [main] INFO  base.BaseClass - Trying to find Element By {by.toString()})
2024-01-25 23:57:00,749 [main] INFO  base.BaseClass - Found Element By {by.toString()}
Billing submission count for open invoices is 56
2024-01-25 23:57:00,749 [main] INFO  base.BaseClass - Trying to find Element By {by.toString()})
2024-01-25 23:57:00,757 [main] INFO  base.BaseClass - Found Element By {by.toString()}
2024-01-25 23:57:00,770 [main] INFO  base.BaseClass - Trying to find Element By {by.toString()})
2024-01-25 23:57:00,779 [main] INFO  base.BaseClass - Found Element By {by.toString()}
2024-01-25 23:57:00,786 [main] INFO  base.BaseClass - Trying to find Element By {by.toString()})
2024-01-25 23:57:00,794 [main] INFO  base.BaseClass - Found Element By {by.toString()}
2024-01-25 23:57:00,803 [main] INFO  base.BaseClass - Trying to find Element By {by.toString()})
2024-01-25 23:57:00,810 [main] INFO  base.BaseClass - Found Element By {by.toString()}
last page in current selection is 1
2024-01-25 23:57:00,818 [main] INFO  base.BaseClass - Trying to find Element By {by.toString()})
2024-01-25 23:57:00,826 [main] INFO  base.BaseClass - Found Element By {by.toString()}
Height is 1680
2024-01-25 23:57:00,831 [main] INFO  base.BaseClass - Trying to find Element By {by.toString()})
2024-01-25 23:57:00,842 [main] INFO  base.BaseClass - Found Element By {by.toString()}
2024-01-25 23:57:00,842 [main] INFO  base.BaseClass - Trying to find Element By {by.toString()})
2024-01-25 23:57:00,851 [main] INFO  base.BaseClass - Found Element By {by.toString()}
2024-01-25 23:57:00,893 [main] INFO  base.BaseClass - Trying to find Element By {by.toString()})
2024-01-25 23:57:00,902 [main] INFO  base.BaseClass - Found Element By {by.toString()}
2024-01-25 23:57:00,907 [main] INFO  base.BaseClass - Trying to find Element By {by.toString()})
2024-01-25 23:57:00,917 [main] INFO  base.BaseClass - Found Element By {by.toString()}
2024-01-25 23:57:00,926 [main] INFO  base.BaseClass - Trying to find Element By {by.toString()})
2024-01-25 23:57:00,935 [main] INFO  base.BaseClass - Found Element By {by.toString()}
last page in current selection is 1
2024-01-25 23:57:00,941 [main] INFO  base.BaseClass - Trying to find Element By {by.toString()})
2024-01-25 23:57:00,960 [main] INFO  base.BaseClass - Found Element By {by.toString()}
Height is 1680
2024-01-25 23:57:00,966 [main] INFO  base.BaseClass - Trying to find Element By {by.toString()})
2024-01-25 23:57:00,975 [main] INFO  base.BaseClass - Found Element By {by.toString()}
OpenRecord passed!
]]></system-out>
  </testcase>
  <testcase name="PreparedRecord" classname="XGLT_6687_Test" time="291.639">
    <system-out><![CDATA[Before method Test name: Maintainance Tests
PreparedRecord started!
Navigated back from browser
2024-01-25 23:57:01,193 [main] INFO  base.BaseClass - Trying to find Element By {by.toString()})
2024-01-25 23:57:01,465 [main] INFO  base.BaseClass - Found Element By {by.toString()}
2024-01-25 23:57:01,981 [main] INFO  base.BaseClass - Trying to find Element By {by.toString()})
2024-01-25 23:57:02,013 [main] INFO  base.BaseClass - Found Element By {by.toString()}
2024-01-25 23:57:02,528 [main] INFO  base.BaseClass - Trying to find Element By {by.toString()})
2024-01-25 23:57:02,537 [main] INFO  base.BaseClass - Found Element By {by.toString()}
2024-01-25 23:57:03,049 [main] INFO  base.BaseClass - Trying to find Element By {by.toString()})
2024-01-25 23:57:03,063 [main] INFO  base.BaseClass - Found Element By {by.toString()}
2024-01-25 23:57:03,594 [main] INFO  base.BaseClass - Trying to find Element By {by.toString()})
2024-01-25 23:57:03,606 [main] INFO  base.BaseClass - Found Element By {by.toString()}
2024-01-25 23:57:04,125 [main] INFO  base.BaseClass - Trying to find Element By {by.toString()})
2024-01-25 23:57:04,135 [main] INFO  base.BaseClass - Found Element By {by.toString()}
2024-01-25 23:57:04,647 [main] INFO  base.BaseClass - Trying to find Element By {by.toString()})
2024-01-25 23:57:04,663 [main] INFO  base.BaseClass - Found Element By {by.toString()}
2024-01-25 23:57:05,186 [main] INFO  base.BaseClass - Trying to find Element By {by.toString()})
2024-01-25 23:57:05,197 [main] INFO  base.BaseClass - Found Element By {by.toString()}
2024-01-25 23:57:05,714 [main] INFO  base.BaseClass - Trying to find Element By {by.toString()})
2024-01-25 23:57:05,740 [main] INFO  base.BaseClass - Found Element By {by.toString()}
2024-01-25 23:57:06,273 [main] INFO  base.BaseClass - Trying to find Element By {by.toString()})
2024-01-25 23:57:06,299 [main] INFO  base.BaseClass - Found Element By {by.toString()}
2024-01-25 23:57:06,839 [main] INFO  base.BaseClass - Trying to find Element By {by.toString()})
2024-01-25 23:57:06,865 [main] INFO  base.BaseClass - Found Element By {by.toString()}
2024-01-25 23:57:07,389 [main] INFO  base.BaseClass - Trying to find Element By {by.toString()})
2024-01-25 23:57:07,418 [main] INFO  base.BaseClass - Found Element By {by.toString()}
2024-01-25 23:57:07,960 [main] INFO  base.BaseClass - Trying to find Element By {by.toString()})
2024-01-25 23:57:07,988 [main] INFO  base.BaseClass - Found Element By {by.toString()}
2024-01-25 23:57:08,527 [main] INFO  base.BaseClass - Trying to find Element By {by.toString()})
2024-01-25 23:57:08,554 [main] INFO  base.BaseClass - Found Element By {by.toString()}
2024-01-25 23:57:09,087 [main] INFO  base.BaseClass - Trying to find Element By {by.toString()})
2024-01-25 23:57:09,112 [main] INFO  base.BaseClass - Found Element By {by.toString()}
2024-01-25 23:57:09,659 [main] INFO  base.BaseClass - Trying to find Element By {by.toString()})
2024-01-25 23:57:09,668 [main] INFO  base.BaseClass - Found Element By {by.toString()}
2024-01-25 23:57:10,181 [main] INFO  base.BaseClass - Trying to find Element By {by.toString()})
2024-01-25 23:57:10,195 [main] INFO  base.BaseClass - Found Element By {by.toString()}
2024-01-25 23:57:10,713 [main] INFO  base.BaseClass - Trying to find Element By {by.toString()})
2024-01-25 23:57:10,741 [main] INFO  base.BaseClass - Found Element By {by.toString()}
2024-01-25 23:57:11,281 [main] INFO  base.BaseClass - Trying to find Element By {by.toString()})
2024-01-25 23:57:11,309 [main] INFO  base.BaseClass - Found Element By {by.toString()}
2024-01-25 23:57:11,847 [main] INFO  base.BaseClass - Trying to find Element By {by.toString()})
2024-01-25 23:57:11,874 [main] INFO  base.BaseClass - Found Element By {by.toString()}
2024-01-25 23:57:12,396 [main] INFO  base.BaseClass - Trying to find Element By {by.toString()})
2024-01-25 23:57:12,424 [main] INFO  base.BaseClass - Found Element By {by.toString()}
2024-01-25 23:57:12,968 [main] INFO  base.BaseClass - Trying to find Element By {by.toString()})
2024-01-25 23:57:12,993 [main] INFO  base.BaseClass - Found Element By {by.toString()}
2024-01-25 23:57:13,536 [main] INFO  base.BaseClass - Trying to find Element By {by.toString()})
2024-01-25 23:57:13,564 [main] INFO  base.BaseClass - Found Element By {by.toString()}
2024-01-25 23:57:14,111 [main] INFO  base.BaseClass - Trying to find Element By {by.toString()})
2024-01-25 23:57:14,138 [main] INFO  base.BaseClass - Found Element By {by.toString()}
2024-01-25 23:57:14,678 [main] INFO  base.BaseClass - Trying to find Element By {by.toString()})
2024-01-25 23:57:14,698 [main] INFO  base.BaseClass - Found Element By {by.toString()}
2024-01-25 23:57:15,238 [main] INFO  base.BaseClass - Trying to find Element By {by.toString()})
2024-01-25 23:57:15,249 [main] INFO  base.BaseClass - Found Element By {by.toString()}
2024-01-25 23:57:15,772 [main] INFO  base.BaseClass - Trying to find Element By {by.toString()})
2024-01-25 23:57:15,782 [main] INFO  base.BaseClass - Found Element By {by.toString()}
2024-01-25 23:57:16,303 [main] INFO  base.BaseClass - Trying to find Element By {by.toString()})
2024-01-25 23:57:16,329 [main] INFO  base.BaseClass - Found Element By {by.toString()}
2024-01-25 23:57:16,857 [main] INFO  base.BaseClass - Trying to find Element By {by.toString()})
2024-01-25 23:57:16,884 [main] INFO  base.BaseClass - Found Element By {by.toString()}
2024-01-25 23:57:17,423 [main] INFO  base.BaseClass - Trying to find Element By {by.toString()})
2024-01-25 23:57:17,441 [main] INFO  base.BaseClass - Found Element By {by.toString()}
2024-01-25 23:57:19,008 [main] INFO  base.BaseClass - Trying to find Element By {by.toString()})
2024-01-25 23:57:19,020 [main] INFO  base.BaseClass - Found Element By {by.toString()}
2024-01-25 23:57:19,537 [main] INFO  base.BaseClass - Trying to find Element By {by.toString()})
2024-01-25 23:57:19,563 [main] INFO  base.BaseClass - Found Element By {by.toString()}
2024-01-25 23:57:20,101 [main] INFO  base.BaseClass - Trying to find Element By {by.toString()})
2024-01-25 23:57:20,129 [main] INFO  base.BaseClass - Found Element By {by.toString()}
2024-01-25 23:57:20,683 [main] INFO  base.BaseClass - Trying to find Element By {by.toString()})
2024-01-25 23:57:20,710 [main] INFO  base.BaseClass - Found Element By {by.toString()}
2024-01-25 23:57:21,250 [main] INFO  base.BaseClass - Trying to find Element By {by.toString()})
2024-01-25 23:57:21,276 [main] INFO  base.BaseClass - Found Element By {by.toString()}
2024-01-25 23:57:21,813 [main] INFO  base.BaseClass - Trying to find Element By {by.toString()})
2024-01-25 23:57:21,842 [main] INFO  base.BaseClass - Found Element By {by.toString()}
2024-01-25 23:57:22,384 [main] INFO  base.BaseClass - Trying to find Element By {by.toString()})
2024-01-25 23:57:22,401 [main] INFO  base.BaseClass - Found Element By {by.toString()}
2024-01-25 23:57:22,952 [main] INFO  base.BaseClass - Trying to find Element By {by.toString()})
2024-01-25 23:57:22,966 [main] INFO  base.BaseClass - Found Element By {by.toString()}
2024-01-25 23:57:23,499 [main] INFO  base.BaseClass - Trying to find Element By {by.toString()})
2024-01-25 23:57:23,526 [main] INFO  base.BaseClass - Found Element By {by.toString()}
2024-01-25 23:57:24,063 [main] INFO  base.BaseClass - Trying to find Element By {by.toString()})
2024-01-25 23:57:24,089 [main] INFO  base.BaseClass - Found Element By {by.toString()}
2024-01-25 23:57:24,632 [main] INFO  base.BaseClass - Trying to find Element By {by.toString()})
2024-01-25 23:57:24,658 [main] INFO  base.BaseClass - Found Element By {by.toString()}
2024-01-25 23:57:25,197 [main] INFO  base.BaseClass - Trying to find Element By {by.toString()})
2024-01-25 23:57:25,225 [main] INFO  base.BaseClass - Found Element By {by.toString()}
2024-01-25 23:57:25,774 [main] INFO  base.BaseClass - Trying to find Element By {by.toString()})
2024-01-25 23:57:25,788 [main] INFO  base.BaseClass - Found Element By {by.toString()}
2024-01-25 23:57:26,307 [main] INFO  base.BaseClass - Trying to find Element By {by.toString()})
2024-01-25 23:57:26,337 [main] INFO  base.BaseClass - Found Element By {by.toString()}
2024-01-25 23:57:26,882 [main] INFO  base.BaseClass - Trying to find Element By {by.toString()})
2024-01-25 23:57:26,913 [main] INFO  base.BaseClass - Found Element By {by.toString()}
2024-01-25 23:57:27,447 [main] INFO  base.BaseClass - Trying to find Element By {by.toString()})
2024-01-25 23:57:27,473 [main] INFO  base.BaseClass - Found Element By {by.toString()}
2024-01-25 23:57:28,015 [main] INFO  base.BaseClass - Trying to find Element By {by.toString()})
2024-01-25 23:57:28,036 [main] INFO  base.BaseClass - Found Element By {by.toString()}
2024-01-25 23:57:28,560 [main] INFO  base.BaseClass - Trying to find Element By {by.toString()})
2024-01-25 23:57:28,568 [main] INFO  base.BaseClass - Found Element By {by.toString()}
2024-01-25 23:57:29,080 [main] INFO  base.BaseClass - Trying to find Element By {by.toString()})
2024-01-25 23:57:29,097 [main] INFO  base.BaseClass - Found Element By {by.toString()}
2024-01-25 23:57:29,633 [main] INFO  base.BaseClass - Trying to find Element By {by.toString()})
2024-01-25 23:57:29,659 [main] INFO  base.BaseClass - Found Element By {by.toString()}
2024-01-25 23:57:30,177 [main] INFO  base.BaseClass - Trying to find Element By {by.toString()})
2024-01-25 23:57:30,204 [main] INFO  base.BaseClass - Found Element By {by.toString()}
2024-01-25 23:57:30,744 [main] INFO  base.BaseClass - Trying to find Element By {by.toString()})
2024-01-25 23:57:30,772 [main] INFO  base.BaseClass - Found Element By {by.toString()}
2024-01-25 23:57:31,313 [main] INFO  base.BaseClass - Trying to find Element By {by.toString()})
2024-01-25 23:57:31,340 [main] INFO  base.BaseClass - Found Element By {by.toString()}
TimeoutException occurred: Expected condition failed: waiting for helper.WaitUtility$5@71e641a8 (tried for 30 second(s) with 500 milliseconds interval)
Build info: version: '3.141.59', revision: 'e82be7d358', time: '2018-11-14T08:17:03'
System info: host: 'DPLAP166', ip: '137.237.3.67', os.name: 'Windows 10', os.arch: 'amd64', os.version: '10.0', java.version: '19.0.1'
Driver info: org.openqa.selenium.support.events.EventFiringWebDriver
Capabilities {acceptInsecureCerts: true, browserName: chrome, browserVersion: 121.0.6167.86, chrome: {chromedriverVersion: 121.0.6167.85 (3f98d690ad7e..., userDataDir: C:\Users\dP-PL\AppData\Loca...}, fedcm:accounts: true, goog:chromeOptions: {debuggerAddress: localhost:56255}, javascriptEnabled: true, networkConnectionEnabled: false, pageLoadStrategy: normal, platform: WINDOWS, platformName: WINDOWS, proxy: Proxy(), setWindowRect: true, strictFileInteractability: false, timeouts: {implicit: 0, pageLoad: 300000, script: 30000}, unhandledPromptBehavior: dismiss and notify, webauthn:extension:credBlob: true, webauthn:extension:largeBlob: true, webauthn:extension:minPinLength: true, webauthn:extension:prf: true, webauthn:virtualAuthenticators: true}
Session ID: 5ac4e55f65e9c5775ee35def664942b0
2024-01-25 23:57:31,380 [main] ERROR XGLT_15177_Test - Element did not become visible within the specified time: Expected condition failed: waiting for helper.WaitUtility$5@71e641a8 (tried for 30 second(s) with 500 milliseconds interval)
Build info: version: '3.141.59', revision: 'e82be7d358', time: '2018-11-14T08:17:03'
System info: host: 'DPLAP166', ip: '137.237.3.67', os.name: 'Windows 10', os.arch: 'amd64', os.version: '10.0', java.version: '19.0.1'
Driver info: org.openqa.selenium.support.events.EventFiringWebDriver
Capabilities {acceptInsecureCerts: true, browserName: chrome, browserVersion: 121.0.6167.86, chrome: {chromedriverVersion: 121.0.6167.85 (3f98d690ad7e..., userDataDir: C:\Users\dP-PL\AppData\Loca...}, fedcm:accounts: true, goog:chromeOptions: {debuggerAddress: localhost:56255}, javascriptEnabled: true, networkConnectionEnabled: false, pageLoadStrategy: normal, platform: WINDOWS, platformName: WINDOWS, proxy: Proxy(), setWindowRect: true, strictFileInteractability: false, timeouts: {implicit: 0, pageLoad: 300000, script: 30000}, unhandledPromptBehavior: dismiss and notify, webauthn:extension:credBlob: true, webauthn:extension:largeBlob: true, webauthn:extension:minPinLength: true, webauthn:extension:prf: true, webauthn:virtualAuthenticators: true}
Session ID: 5ac4e55f65e9c5775ee35def664942b0
2024-01-25 23:57:31,381 [main] INFO  base.BaseClass - Trying to find Element By {by.toString()})
2024-01-25 23:57:31,392 [main] INFO  base.BaseClass - Found Element By {by.toString()}
2024-01-25 23:57:31,906 [main] INFO  base.BaseClass - Trying to find Element By {by.toString()})
2024-01-25 23:57:31,935 [main] INFO  base.BaseClass - Found Element By {by.toString()}
2024-01-25 23:57:32,489 [main] INFO  base.BaseClass - Trying to find Element By {by.toString()})
2024-01-25 23:57:32,515 [main] INFO  base.BaseClass - Found Element By {by.toString()}
2024-01-25 23:57:33,067 [main] INFO  base.BaseClass - Trying to find Element By {by.toString()})
2024-01-25 23:57:33,076 [main] INFO  base.BaseClass - Found Element By {by.toString()}
2024-01-25 23:57:33,590 [main] INFO  base.BaseClass - Trying to find Element By {by.toString()})
2024-01-25 23:57:33,618 [main] INFO  base.BaseClass - Found Element By {by.toString()}
2024-01-25 23:57:34,163 [main] INFO  base.BaseClass - Trying to find Element By {by.toString()})
2024-01-25 23:57:34,189 [main] INFO  base.BaseClass - Found Element By {by.toString()}
2024-01-25 23:57:34,739 [main] INFO  base.BaseClass - Trying to find Element By {by.toString()})
2024-01-25 23:57:34,750 [main] INFO  base.BaseClass - Found Element By {by.toString()}
2024-01-25 23:57:35,271 [main] INFO  base.BaseClass - Trying to find Element By {by.toString()})
2024-01-25 23:57:35,299 [main] INFO  base.BaseClass - Found Element By {by.toString()}
2024-01-25 23:57:35,838 [main] INFO  base.BaseClass - Trying to find Element By {by.toString()})
2024-01-25 23:57:35,865 [main] INFO  base.BaseClass - Found Element By {by.toString()}
2024-01-25 23:57:36,399 [main] INFO  base.BaseClass - Trying to find Element By {by.toString()})
2024-01-25 23:57:36,427 [main] INFO  base.BaseClass - Found Element By {by.toString()}
2024-01-25 23:57:36,973 [main] INFO  base.BaseClass - Trying to find Element By {by.toString()})
2024-01-25 23:57:36,998 [main] INFO  base.BaseClass - Found Element By {by.toString()}
2024-01-25 23:57:37,542 [main] INFO  base.BaseClass - Trying to find Element By {by.toString()})
2024-01-25 23:57:37,569 [main] INFO  base.BaseClass - Found Element By {by.toString()}
2024-01-25 23:57:38,112 [main] INFO  base.BaseClass - Trying to find Element By {by.toString()})
2024-01-25 23:57:38,136 [main] INFO  base.BaseClass - Found Element By {by.toString()}
2024-01-25 23:57:38,653 [main] INFO  base.BaseClass - Trying to find Element By {by.toString()})
2024-01-25 23:57:38,674 [main] INFO  base.BaseClass - Found Element By {by.toString()}
2024-01-25 23:57:39,194 [main] INFO  base.BaseClass - Trying to find Element By {by.toString()})
2024-01-25 23:57:39,204 [main] INFO  base.BaseClass - Found Element By {by.toString()}
2024-01-25 23:57:39,719 [main] INFO  base.BaseClass - Trying to find Element By {by.toString()})
2024-01-25 23:57:39,746 [main] INFO  base.BaseClass - Found Element By {by.toString()}
2024-01-25 23:57:40,288 [main] INFO  base.BaseClass - Trying to find Element By {by.toString()})
2024-01-25 23:57:40,315 [main] INFO  base.BaseClass - Found Element By {by.toString()}
2024-01-25 23:57:40,860 [main] INFO  base.BaseClass - Trying to find Element By {by.toString()})
2024-01-25 23:57:40,887 [main] INFO  base.BaseClass - Found Element By {by.toString()}
2024-01-25 23:57:41,435 [main] INFO  base.BaseClass - Trying to find Element By {by.toString()})
2024-01-25 23:57:41,462 [main] INFO  base.BaseClass - Found Element By {by.toString()}
2024-01-25 23:57:42,014 [main] INFO  base.BaseClass - Trying to find Element By {by.toString()})
2024-01-25 23:57:42,040 [main] INFO  base.BaseClass - Found Element By {by.toString()}
2024-01-25 23:57:42,580 [main] INFO  base.BaseClass - Trying to find Element By {by.toString()})
2024-01-25 23:57:42,607 [main] INFO  base.BaseClass - Found Element By {by.toString()}
2024-01-25 23:57:43,151 [main] INFO  base.BaseClass - Trying to find Element By {by.toString()})
2024-01-25 23:57:43,177 [main] INFO  base.BaseClass - Found Element By {by.toString()}
2024-01-25 23:57:43,718 [main] INFO  base.BaseClass - Trying to find Element By {by.toString()})
2024-01-25 23:57:43,748 [main] INFO  base.BaseClass - Found Element By {by.toString()}
2024-01-25 23:57:44,292 [main] INFO  base.BaseClass - Trying to find Element By {by.toString()})
2024-01-25 23:57:44,320 [main] INFO  base.BaseClass - Found Element By {by.toString()}
2024-01-25 23:57:44,863 [main] INFO  base.BaseClass - Trying to find Element By {by.toString()})
2024-01-25 23:57:44,893 [main] INFO  base.BaseClass - Found Element By {by.toString()}
2024-01-25 23:57:45,435 [main] INFO  base.BaseClass - Trying to find Element By {by.toString()})
2024-01-25 23:57:45,462 [main] INFO  base.BaseClass - Found Element By {by.toString()}
2024-01-25 23:57:46,005 [main] INFO  base.BaseClass - Trying to find Element By {by.toString()})
2024-01-25 23:57:46,036 [main] INFO  base.BaseClass - Found Element By {by.toString()}
2024-01-25 23:57:46,576 [main] INFO  base.BaseClass - Trying to find Element By {by.toString()})
2024-01-25 23:57:46,591 [main] INFO  base.BaseClass - Found Element By {by.toString()}
2024-01-25 23:57:47,110 [main] INFO  base.BaseClass - Trying to find Element By {by.toString()})
2024-01-25 23:57:47,126 [main] INFO  base.BaseClass - Found Element By {by.toString()}
2024-01-25 23:57:47,658 [main] INFO  base.BaseClass - Trying to find Element By {by.toString()})
2024-01-25 23:57:47,683 [main] INFO  base.BaseClass - Found Element By {by.toString()}
2024-01-25 23:57:48,205 [main] INFO  base.BaseClass - Trying to find Element By {by.toString()})
2024-01-25 23:57:48,219 [main] INFO  base.BaseClass - Found Element By {by.toString()}
2024-01-25 23:57:48,739 [main] INFO  base.BaseClass - Trying to find Element By {by.toString()})
2024-01-25 23:57:48,766 [main] INFO  base.BaseClass - Found Element By {by.toString()}
2024-01-25 23:57:49,305 [main] INFO  base.BaseClass - Trying to find Element By {by.toString()})
2024-01-25 23:57:49,329 [main] INFO  base.BaseClass - Found Element By {by.toString()}
2024-01-25 23:57:49,871 [main] INFO  base.BaseClass - Trying to find Element By {by.toString()})
2024-01-25 23:57:49,898 [main] INFO  base.BaseClass - Found Element By {by.toString()}
2024-01-25 23:57:50,443 [main] INFO  base.BaseClass - Trying to find Element By {by.toString()})
2024-01-25 23:57:50,470 [main] INFO  base.BaseClass - Found Element By {by.toString()}
2024-01-25 23:57:51,012 [main] INFO  base.BaseClass - Trying to find Element By {by.toString()})
2024-01-25 23:57:51,033 [main] INFO  base.BaseClass - Found Element By {by.toString()}
2024-01-25 23:57:51,573 [main] INFO  base.BaseClass - Trying to find Element By {by.toString()})
2024-01-25 23:57:51,599 [main] INFO  base.BaseClass - Found Element By {by.toString()}
2024-01-25 23:57:52,144 [main] INFO  base.BaseClass - Trying to find Element By {by.toString()})
2024-01-25 23:57:52,169 [main] INFO  base.BaseClass - Found Element By {by.toString()}
2024-01-25 23:57:52,703 [main] INFO  base.BaseClass - Trying to find Element By {by.toString()})
2024-01-25 23:57:52,727 [main] INFO  base.BaseClass - Found Element By {by.toString()}
2024-01-25 23:57:53,253 [main] INFO  base.BaseClass - Trying to find Element By {by.toString()})
2024-01-25 23:57:53,280 [main] INFO  base.BaseClass - Found Element By {by.toString()}
2024-01-25 23:57:53,832 [main] INFO  base.BaseClass - Trying to find Element By {by.toString()})
2024-01-25 23:57:53,859 [main] INFO  base.BaseClass - Found Element By {by.toString()}
2024-01-25 23:57:54,408 [main] INFO  base.BaseClass - Trying to find Element By {by.toString()})
2024-01-25 23:57:54,434 [main] INFO  base.BaseClass - Found Element By {by.toString()}
2024-01-25 23:57:54,973 [main] INFO  base.BaseClass - Trying to find Element By {by.toString()})
2024-01-25 23:57:55,002 [main] INFO  base.BaseClass - Found Element By {by.toString()}
2024-01-25 23:57:55,545 [main] INFO  base.BaseClass - Trying to find Element By {by.toString()})
2024-01-25 23:57:55,564 [main] INFO  base.BaseClass - Found Element By {by.toString()}
2024-01-25 23:57:56,087 [main] INFO  base.BaseClass - Trying to find Element By {by.toString()})
2024-01-25 23:57:56,114 [main] INFO  base.BaseClass - Found Element By {by.toString()}
2024-01-25 23:57:56,654 [main] INFO  base.BaseClass - Trying to find Element By {by.toString()})
2024-01-25 23:57:56,684 [main] INFO  base.BaseClass - Found Element By {by.toString()}
2024-01-25 23:57:57,233 [main] INFO  base.BaseClass - Trying to find Element By {by.toString()})
2024-01-25 23:57:57,260 [main] INFO  base.BaseClass - Found Element By {by.toString()}
2024-01-25 23:57:57,784 [main] INFO  base.BaseClass - Trying to find Element By {by.toString()})
2024-01-25 23:57:57,811 [main] INFO  base.BaseClass - Found Element By {by.toString()}
2024-01-25 23:57:58,348 [main] INFO  base.BaseClass - Trying to find Element By {by.toString()})
2024-01-25 23:57:58,375 [main] INFO  base.BaseClass - Found Element By {by.toString()}
2024-01-25 23:57:58,913 [main] INFO  base.BaseClass - Trying to find Element By {by.toString()})
2024-01-25 23:57:58,929 [main] INFO  base.BaseClass - Found Element By {by.toString()}
2024-01-25 23:57:59,451 [main] INFO  base.BaseClass - Trying to find Element By {by.toString()})
2024-01-25 23:57:59,478 [main] INFO  base.BaseClass - Found Element By {by.toString()}
2024-01-25 23:58:00,024 [main] INFO  base.BaseClass - Trying to find Element By {by.toString()})
2024-01-25 23:58:00,053 [main] INFO  base.BaseClass - Found Element By {by.toString()}
2024-01-25 23:58:00,582 [main] INFO  base.BaseClass - Trying to find Element By {by.toString()})
2024-01-25 23:58:00,612 [main] INFO  base.BaseClass - Found Element By {by.toString()}
2024-01-25 23:58:01,143 [main] INFO  base.BaseClass - Trying to find Element By {by.toString()})
2024-01-25 23:58:01,160 [main] INFO  base.BaseClass - Found Element By {by.toString()}
2024-01-25 23:58:01,692 [main] INFO  base.BaseClass - Trying to find Element By {by.toString()})
2024-01-25 23:58:01,720 [main] INFO  base.BaseClass - Found Element By {by.toString()}
TimeoutException occurred: Expected condition failed: waiting for helper.WaitUtility$5@280f6eec (tried for 30 second(s) with 500 milliseconds interval)
Build info: version: '3.141.59', revision: 'e82be7d358', time: '2018-11-14T08:17:03'
System info: host: 'DPLAP166', ip: '137.237.3.67', os.name: 'Windows 10', os.arch: 'amd64', os.version: '10.0', java.version: '19.0.1'
Driver info: org.openqa.selenium.support.events.EventFiringWebDriver
Capabilities {acceptInsecureCerts: true, browserName: chrome, browserVersion: 121.0.6167.86, chrome: {chromedriverVersion: 121.0.6167.85 (3f98d690ad7e..., userDataDir: C:\Users\dP-PL\AppData\Loca...}, fedcm:accounts: true, goog:chromeOptions: {debuggerAddress: localhost:56255}, javascriptEnabled: true, networkConnectionEnabled: false, pageLoadStrategy: normal, platform: WINDOWS, platformName: WINDOWS, proxy: Proxy(), setWindowRect: true, strictFileInteractability: false, timeouts: {implicit: 0, pageLoad: 300000, script: 30000}, unhandledPromptBehavior: dismiss and notify, webauthn:extension:credBlob: true, webauthn:extension:largeBlob: true, webauthn:extension:minPinLength: true, webauthn:extension:prf: true, webauthn:virtualAuthenticators: true}
Session ID: 5ac4e55f65e9c5775ee35def664942b0
2024-01-25 23:58:01,762 [main] ERROR XGLT_15177_Test - Element did not become visible within the specified time: Expected condition failed: waiting for helper.WaitUtility$5@280f6eec (tried for 30 second(s) with 500 milliseconds interval)
Build info: version: '3.141.59', revision: 'e82be7d358', time: '2018-11-14T08:17:03'
System info: host: 'DPLAP166', ip: '137.237.3.67', os.name: 'Windows 10', os.arch: 'amd64', os.version: '10.0', java.version: '19.0.1'
Driver info: org.openqa.selenium.support.events.EventFiringWebDriver
Capabilities {acceptInsecureCerts: true, browserName: chrome, browserVersion: 121.0.6167.86, chrome: {chromedriverVersion: 121.0.6167.85 (3f98d690ad7e..., userDataDir: C:\Users\dP-PL\AppData\Loca...}, fedcm:accounts: true, goog:chromeOptions: {debuggerAddress: localhost:56255}, javascriptEnabled: true, networkConnectionEnabled: false, pageLoadStrategy: normal, platform: WINDOWS, platformName: WINDOWS, proxy: Proxy(), setWindowRect: true, strictFileInteractability: false, timeouts: {implicit: 0, pageLoad: 300000, script: 30000}, unhandledPromptBehavior: dismiss and notify, webauthn:extension:credBlob: true, webauthn:extension:largeBlob: true, webauthn:extension:minPinLength: true, webauthn:extension:prf: true, webauthn:virtualAuthenticators: true}
Session ID: 5ac4e55f65e9c5775ee35def664942b0
2024-01-25 23:58:01,762 [main] INFO  base.BaseClass - Trying to find Element By {by.toString()})
2024-01-25 23:58:01,781 [main] INFO  base.BaseClass - Found Element By {by.toString()}
MC value for prepared is 0
2024-01-25 23:58:01,804 [main] INFO  base.BaseClass - Trying to find Element By {by.toString()})
2024-01-25 23:58:01,818 [main] INFO  base.BaseClass - Found Element By {by.toString()}
2024-01-25 23:58:02,342 [main] INFO  base.BaseClass - Trying to find Element By {by.toString()})
2024-01-25 23:58:02,370 [main] INFO  base.BaseClass - Found Element By {by.toString()}
2024-01-25 23:58:02,912 [main] INFO  base.BaseClass - Trying to find Element By {by.toString()})
2024-01-25 23:58:02,942 [main] INFO  base.BaseClass - Found Element By {by.toString()}
2024-01-25 23:58:03,485 [main] INFO  base.BaseClass - Trying to find Element By {by.toString()})
2024-01-25 23:58:03,514 [main] INFO  base.BaseClass - Found Element By {by.toString()}
2024-01-25 23:58:04,062 [main] INFO  base.BaseClass - Trying to find Element By {by.toString()})
2024-01-25 23:58:04,089 [main] INFO  base.BaseClass - Found Element By {by.toString()}
2024-01-25 23:58:04,627 [main] INFO  base.BaseClass - Trying to find Element By {by.toString()})
2024-01-25 23:58:04,654 [main] INFO  base.BaseClass - Found Element By {by.toString()}
2024-01-25 23:58:05,196 [main] INFO  base.BaseClass - Trying to find Element By {by.toString()})
2024-01-25 23:58:05,222 [main] INFO  base.BaseClass - Found Element By {by.toString()}
2024-01-25 23:58:05,765 [main] INFO  base.BaseClass - Trying to find Element By {by.toString()})
2024-01-25 23:58:05,792 [main] INFO  base.BaseClass - Found Element By {by.toString()}
2024-01-25 23:58:06,334 [main] INFO  base.BaseClass - Trying to find Element By {by.toString()})
2024-01-25 23:58:06,363 [main] INFO  base.BaseClass - Found Element By {by.toString()}
2024-01-25 23:58:06,903 [main] INFO  base.BaseClass - Trying to find Element By {by.toString()})
2024-01-25 23:58:06,930 [main] INFO  base.BaseClass - Found Element By {by.toString()}
2024-01-25 23:58:07,486 [main] INFO  base.BaseClass - Trying to find Element By {by.toString()})
2024-01-25 23:58:07,513 [main] INFO  base.BaseClass - Found Element By {by.toString()}
2024-01-25 23:58:08,064 [main] INFO  base.BaseClass - Trying to find Element By {by.toString()})
2024-01-25 23:58:08,078 [main] INFO  base.BaseClass - Found Element By {by.toString()}
2024-01-25 23:58:08,600 [main] INFO  base.BaseClass - Trying to find Element By {by.toString()})
2024-01-25 23:58:08,627 [main] INFO  base.BaseClass - Found Element By {by.toString()}
2024-01-25 23:58:09,168 [main] INFO  base.BaseClass - Trying to find Element By {by.toString()})
2024-01-25 23:58:09,192 [main] INFO  base.BaseClass - Found Element By {by.toString()}
2024-01-25 23:58:09,728 [main] INFO  base.BaseClass - Trying to find Element By {by.toString()})
2024-01-25 23:58:09,754 [main] INFO  base.BaseClass - Found Element By {by.toString()}
2024-01-25 23:58:10,291 [main] INFO  base.BaseClass - Trying to find Element By {by.toString()})
2024-01-25 23:58:10,302 [main] INFO  base.BaseClass - Found Element By {by.toString()}
2024-01-25 23:58:10,819 [main] INFO  base.BaseClass - Trying to find Element By {by.toString()})
2024-01-25 23:58:10,834 [main] INFO  base.BaseClass - Found Element By {by.toString()}
2024-01-25 23:58:11,369 [main] INFO  base.BaseClass - Trying to find Element By {by.toString()})
2024-01-25 23:58:11,399 [main] INFO  base.BaseClass - Found Element By {by.toString()}
2024-01-25 23:58:11,940 [main] INFO  base.BaseClass - Trying to find Element By {by.toString()})
2024-01-25 23:58:11,968 [main] INFO  base.BaseClass - Found Element By {by.toString()}
2024-01-25 23:58:12,512 [main] INFO  base.BaseClass - Trying to find Element By {by.toString()})
2024-01-25 23:58:12,538 [main] INFO  base.BaseClass - Found Element By {by.toString()}
2024-01-25 23:58:13,081 [main] INFO  base.BaseClass - Trying to find Element By {by.toString()})
2024-01-25 23:58:13,111 [main] INFO  base.BaseClass - Found Element By {by.toString()}
2024-01-25 23:58:13,657 [main] INFO  base.BaseClass - Trying to find Element By {by.toString()})
2024-01-25 23:58:13,678 [main] INFO  base.BaseClass - Found Element By {by.toString()}
2024-01-25 23:58:14,213 [main] INFO  base.BaseClass - Trying to find Element By {by.toString()})
2024-01-25 23:58:14,240 [main] INFO  base.BaseClass - Found Element By {by.toString()}
2024-01-25 23:58:14,779 [main] INFO  base.BaseClass - Trying to find Element By {by.toString()})
2024-01-25 23:58:14,806 [main] INFO  base.BaseClass - Found Element By {by.toString()}
2024-01-25 23:58:15,351 [main] INFO  base.BaseClass - Trying to find Element By {by.toString()})
2024-01-25 23:58:15,366 [main] INFO  base.BaseClass - Found Element By {by.toString()}
2024-01-25 23:58:15,899 [main] INFO  base.BaseClass - Trying to find Element By {by.toString()})
2024-01-25 23:58:15,928 [main] INFO  base.BaseClass - Found Element By {by.toString()}
2024-01-25 23:58:16,472 [main] INFO  base.BaseClass - Trying to find Element By {by.toString()})
2024-01-25 23:58:16,499 [main] INFO  base.BaseClass - Found Element By {by.toString()}
2024-01-25 23:58:17,042 [main] INFO  base.BaseClass - Trying to find Element By {by.toString()})
2024-01-25 23:58:17,069 [main] INFO  base.BaseClass - Found Element By {by.toString()}
2024-01-25 23:58:17,609 [main] INFO  base.BaseClass - Trying to find Element By {by.toString()})
2024-01-25 23:58:17,637 [main] INFO  base.BaseClass - Found Element By {by.toString()}
2024-01-25 23:58:18,180 [main] INFO  base.BaseClass - Trying to find Element By {by.toString()})
2024-01-25 23:58:18,197 [main] INFO  base.BaseClass - Found Element By {by.toString()}
2024-01-25 23:58:18,731 [main] INFO  base.BaseClass - Trying to find Element By {by.toString()})
2024-01-25 23:58:18,756 [main] INFO  base.BaseClass - Found Element By {by.toString()}
2024-01-25 23:58:19,280 [main] INFO  base.BaseClass - Trying to find Element By {by.toString()})
2024-01-25 23:58:19,303 [main] INFO  base.BaseClass - Found Element By {by.toString()}
2024-01-25 23:58:19,843 [main] INFO  base.BaseClass - Trying to find Element By {by.toString()})
2024-01-25 23:58:19,870 [main] INFO  base.BaseClass - Found Element By {by.toString()}
2024-01-25 23:58:20,412 [main] INFO  base.BaseClass - Trying to find Element By {by.toString()})
2024-01-25 23:58:20,435 [main] INFO  base.BaseClass - Found Element By {by.toString()}
2024-01-25 23:58:20,957 [main] INFO  base.BaseClass - Trying to find Element By {by.toString()})
2024-01-25 23:58:20,983 [main] INFO  base.BaseClass - Found Element By {by.toString()}
2024-01-25 23:58:21,524 [main] INFO  base.BaseClass - Trying to find Element By {by.toString()})
2024-01-25 23:58:21,544 [main] INFO  base.BaseClass - Found Element By {by.toString()}
2024-01-25 23:58:22,074 [main] INFO  base.BaseClass - Trying to find Element By {by.toString()})
2024-01-25 23:58:22,085 [main] INFO  base.BaseClass - Found Element By {by.toString()}
2024-01-25 23:58:22,601 [main] INFO  base.BaseClass - Trying to find Element By {by.toString()})
2024-01-25 23:58:22,631 [main] INFO  base.BaseClass - Found Element By {by.toString()}
2024-01-25 23:58:23,175 [main] INFO  base.BaseClass - Trying to find Element By {by.toString()})
2024-01-25 23:58:23,203 [main] INFO  base.BaseClass - Found Element By {by.toString()}
2024-01-25 23:58:23,759 [main] INFO  base.BaseClass - Trying to find Element By {by.toString()})
2024-01-25 23:58:23,785 [main] INFO  base.BaseClass - Found Element By {by.toString()}
2024-01-25 23:58:24,321 [main] INFO  base.BaseClass - Trying to find Element By {by.toString()})
2024-01-25 23:58:24,348 [main] INFO  base.BaseClass - Found Element By {by.toString()}
2024-01-25 23:58:24,878 [main] INFO  base.BaseClass - Trying to find Element By {by.toString()})
2024-01-25 23:58:24,905 [main] INFO  base.BaseClass - Found Element By {by.toString()}
2024-01-25 23:58:25,451 [main] INFO  base.BaseClass - Trying to find Element By {by.toString()})
2024-01-25 23:58:25,479 [main] INFO  base.BaseClass - Found Element By {by.toString()}
2024-01-25 23:58:26,022 [main] INFO  base.BaseClass - Trying to find Element By {by.toString()})
2024-01-25 23:58:26,051 [main] INFO  base.BaseClass - Found Element By {by.toString()}
2024-01-25 23:58:26,602 [main] INFO  base.BaseClass - Trying to find Element By {by.toString()})
2024-01-25 23:58:26,630 [main] INFO  base.BaseClass - Found Element By {by.toString()}
2024-01-25 23:58:27,180 [main] INFO  base.BaseClass - Trying to find Element By {by.toString()})
2024-01-25 23:58:27,196 [main] INFO  base.BaseClass - Found Element By {by.toString()}
2024-01-25 23:58:27,714 [main] INFO  base.BaseClass - Trying to find Element By {by.toString()})
2024-01-25 23:58:27,742 [main] INFO  base.BaseClass - Found Element By {by.toString()}
2024-01-25 23:58:28,287 [main] INFO  base.BaseClass - Trying to find Element By {by.toString()})
2024-01-25 23:58:28,305 [main] INFO  base.BaseClass - Found Element By {by.toString()}
2024-01-25 23:58:28,838 [main] INFO  base.BaseClass - Trying to find Element By {by.toString()})
2024-01-25 23:58:28,865 [main] INFO  base.BaseClass - Found Element By {by.toString()}
2024-01-25 23:58:29,406 [main] INFO  base.BaseClass - Trying to find Element By {by.toString()})
2024-01-25 23:58:29,434 [main] INFO  base.BaseClass - Found Element By {by.toString()}
2024-01-25 23:58:29,976 [main] INFO  base.BaseClass - Trying to find Element By {by.toString()})
2024-01-25 23:58:30,005 [main] INFO  base.BaseClass - Found Element By {by.toString()}
2024-01-25 23:58:30,547 [main] INFO  base.BaseClass - Trying to find Element By {by.toString()})
2024-01-25 23:58:30,557 [main] INFO  base.BaseClass - Found Element By {by.toString()}
2024-01-25 23:58:31,082 [main] INFO  base.BaseClass - Trying to find Element By {by.toString()})
2024-01-25 23:58:31,092 [main] INFO  base.BaseClass - Found Element By {by.toString()}
2024-01-25 23:58:31,607 [main] INFO  base.BaseClass - Trying to find Element By {by.toString()})
2024-01-25 23:58:31,620 [main] INFO  base.BaseClass - Found Element By {by.toString()}
2024-01-25 23:58:32,139 [main] INFO  base.BaseClass - Trying to find Element By {by.toString()})
2024-01-25 23:58:32,157 [main] INFO  base.BaseClass - Found Element By {by.toString()}
TimeoutException occurred: Expected condition failed: waiting for helper.WaitUtility$5@756b1eb (tried for 30 second(s) with 500 milliseconds interval)
Build info: version: '3.141.59', revision: 'e82be7d358', time: '2018-11-14T08:17:03'
System info: host: 'DPLAP166', ip: '137.237.3.67', os.name: 'Windows 10', os.arch: 'amd64', os.version: '10.0', java.version: '19.0.1'
Driver info: org.openqa.selenium.support.events.EventFiringWebDriver
Capabilities {acceptInsecureCerts: true, browserName: chrome, browserVersion: 121.0.6167.86, chrome: {chromedriverVersion: 121.0.6167.85 (3f98d690ad7e..., userDataDir: C:\Users\dP-PL\AppData\Loca...}, fedcm:accounts: true, goog:chromeOptions: {debuggerAddress: localhost:56255}, javascriptEnabled: true, networkConnectionEnabled: false, pageLoadStrategy: normal, platform: WINDOWS, platformName: WINDOWS, proxy: Proxy(), setWindowRect: true, strictFileInteractability: false, timeouts: {implicit: 0, pageLoad: 300000, script: 30000}, unhandledPromptBehavior: dismiss and notify, webauthn:extension:credBlob: true, webauthn:extension:largeBlob: true, webauthn:extension:minPinLength: true, webauthn:extension:prf: true, webauthn:virtualAuthenticators: true}
Session ID: 5ac4e55f65e9c5775ee35def664942b0
2024-01-25 23:58:32,179 [main] ERROR XGLT_15177_Test - Element did not become visible within the specified time: Expected condition failed: waiting for helper.WaitUtility$5@756b1eb (tried for 30 second(s) with 500 milliseconds interval)
Build info: version: '3.141.59', revision: 'e82be7d358', time: '2018-11-14T08:17:03'
System info: host: 'DPLAP166', ip: '137.237.3.67', os.name: 'Windows 10', os.arch: 'amd64', os.version: '10.0', java.version: '19.0.1'
Driver info: org.openqa.selenium.support.events.EventFiringWebDriver
Capabilities {acceptInsecureCerts: true, browserName: chrome, browserVersion: 121.0.6167.86, chrome: {chromedriverVersion: 121.0.6167.85 (3f98d690ad7e..., userDataDir: C:\Users\dP-PL\AppData\Loca...}, fedcm:accounts: true, goog:chromeOptions: {debuggerAddress: localhost:56255}, javascriptEnabled: true, networkConnectionEnabled: false, pageLoadStrategy: normal, platform: WINDOWS, platformName: WINDOWS, proxy: Proxy(), setWindowRect: true, strictFileInteractability: false, timeouts: {implicit: 0, pageLoad: 300000, script: 30000}, unhandledPromptBehavior: dismiss and notify, webauthn:extension:credBlob: true, webauthn:extension:largeBlob: true, webauthn:extension:minPinLength: true, webauthn:extension:prf: true, webauthn:virtualAuthenticators: true}
Session ID: 5ac4e55f65e9c5775ee35def664942b0
2024-01-25 23:58:32,180 [main] INFO  base.BaseClass - Trying to find Element By {by.toString()})
2024-01-25 23:58:32,198 [main] INFO  base.BaseClass - Found Element By {by.toString()}
2024-01-25 23:58:32,198 [main] INFO  base.BaseClass - Trying to click on: {element.toString()}
2024-01-25 23:58:32,349 [main] INFO  base.BaseClass - Clicked on: {element.toString()}
2024-01-25 23:58:32,349 [main] INFO  base.BaseClass - Trying to find Element By {by.toString()})
TimeoutException occurred: Expected condition failed: waiting for helper.WaitUtility$5@1368f900 (tried for 30 second(s) with 500 milliseconds interval)
2024-01-25 23:59:22,425 [main] ERROR XGLT_15177_Test - Element did not become visible within the specified time: Expected condition failed: waiting for helper.WaitUtility$5@1368f900 (tried for 30 second(s) with 500 milliseconds interval)
2024-01-25 23:59:22,447 [main] INFO  base.BaseClass - Trying to find Element By {by.toString()})
NoSuchElementException occurred: no such element: Unable to locate element: {"method":"xpath","selector":"//div[@class='grid-canvas']/div[contains(@class,'ui-widget-content slick-row')]"}
  (Session info: chrome=121.0.6167.86)
For documentation on this error, please visit: https://www.seleniumhq.org/exceptions/no_such_element.html
Build info: version: '3.141.59', revision: 'e82be7d358', time: '2018-11-14T08:17:03'
System info: host: 'DPLAP166', ip: '137.237.3.67', os.name: 'Windows 10', os.arch: 'amd64', os.version: '10.0', java.version: '19.0.1'
Driver info: org.openqa.selenium.chrome.ChromeDriver
Capabilities {acceptInsecureCerts: true, browserName: chrome, browserVersion: 121.0.6167.86, chrome: {chromedriverVersion: 121.0.6167.85 (3f98d690ad7e..., userDataDir: C:\Users\dP-PL\AppData\Loca...}, fedcm:accounts: true, goog:chromeOptions: {debuggerAddress: localhost:56255}, javascriptEnabled: true, networkConnectionEnabled: false, pageLoadStrategy: normal, platform: WINDOWS, platformName: WINDOWS, proxy: Proxy(), setWindowRect: true, strictFileInteractability: false, timeouts: {implicit: 0, pageLoad: 300000, script: 30000}, unhandledPromptBehavior: dismiss and notify, webauthn:extension:credBlob: true, webauthn:extension:largeBlob: true, webauthn:extension:minPinLength: true, webauthn:extension:prf: true, webauthn:virtualAuthenticators: true}
Session ID: 5ac4e55f65e9c5775ee35def664942b0
*** Element info: {Using=xpath, value=//div[@class='grid-canvas']/div[contains(@class,'ui-widget-content slick-row')]}
Billing submission count for prepared invoices is 0
2024-01-26 00:00:12,523 [main] INFO  base.BaseClass - Trying to find Element By {by.toString()})
NoSuchElementException occurred: no such element: Unable to locate element: {"method":"xpath","selector":"//div[@class='grid-canvas']/div[contains(@class,'ui-widget-content slick-row')]"}
  (Session info: chrome=121.0.6167.86)
For documentation on this error, please visit: https://www.seleniumhq.org/exceptions/no_such_element.html
Build info: version: '3.141.59', revision: 'e82be7d358', time: '2018-11-14T08:17:03'
System info: host: 'DPLAP166', ip: '137.237.3.67', os.name: 'Windows 10', os.arch: 'amd64', os.version: '10.0', java.version: '19.0.1'
Driver info: org.openqa.selenium.chrome.ChromeDriver
Capabilities {acceptInsecureCerts: true, browserName: chrome, browserVersion: 121.0.6167.86, chrome: {chromedriverVersion: 121.0.6167.85 (3f98d690ad7e..., userDataDir: C:\Users\dP-PL\AppData\Loca...}, fedcm:accounts: true, goog:chromeOptions: {debuggerAddress: localhost:56255}, javascriptEnabled: true, networkConnectionEnabled: false, pageLoadStrategy: normal, platform: WINDOWS, platformName: WINDOWS, proxy: Proxy(), setWindowRect: true, strictFileInteractability: false, timeouts: {implicit: 0, pageLoad: 300000, script: 30000}, unhandledPromptBehavior: dismiss and notify, webauthn:extension:credBlob: true, webauthn:extension:largeBlob: true, webauthn:extension:minPinLength: true, webauthn:extension:prf: true, webauthn:virtualAuthenticators: true}
Session ID: 5ac4e55f65e9c5775ee35def664942b0
*** Element info: {Using=xpath, value=//div[@class='grid-canvas']/div[contains(@class,'ui-widget-content slick-row')]}
2024-01-26 00:01:02,547 [main] INFO  base.BaseClass - Trying to find Element By {by.toString()})
NoSuchElementException occurred: no such element: Unable to locate element: {"method":"xpath","selector":"//div[@class='grid-canvas']/div[contains(@class,'ui-widget-content slick-row')]"}
  (Session info: chrome=121.0.6167.86)
For documentation on this error, please visit: https://www.seleniumhq.org/exceptions/no_such_element.html
Build info: version: '3.141.59', revision: 'e82be7d358', time: '2018-11-14T08:17:03'
System info: host: 'DPLAP166', ip: '137.237.3.67', os.name: 'Windows 10', os.arch: 'amd64', os.version: '10.0', java.version: '19.0.1'
Driver info: org.openqa.selenium.chrome.ChromeDriver
Capabilities {acceptInsecureCerts: true, browserName: chrome, browserVersion: 121.0.6167.86, chrome: {chromedriverVersion: 121.0.6167.85 (3f98d690ad7e..., userDataDir: C:\Users\dP-PL\AppData\Loca...}, fedcm:accounts: true, goog:chromeOptions: {debuggerAddress: localhost:56255}, javascriptEnabled: true, networkConnectionEnabled: false, pageLoadStrategy: normal, platform: WINDOWS, platformName: WINDOWS, proxy: Proxy(), setWindowRect: true, strictFileInteractability: false, timeouts: {implicit: 0, pageLoad: 300000, script: 30000}, unhandledPromptBehavior: dismiss and notify, webauthn:extension:credBlob: true, webauthn:extension:largeBlob: true, webauthn:extension:minPinLength: true, webauthn:extension:prf: true, webauthn:virtualAuthenticators: true}
Session ID: 5ac4e55f65e9c5775ee35def664942b0
*** Element info: {Using=xpath, value=//div[@class='grid-canvas']/div[contains(@class,'ui-widget-content slick-row')]}
PreparedRecord passed!
]]></system-out>
  </testcase>
  <testcase name="SubmittedRecord" classname="XGLT_6687_Test" time="122.339">
    <system-out><![CDATA[Before method Test name: Maintainance Tests
SubmittedRecord started!
Navigated back from browser
2024-01-26 00:01:52,816 [main] INFO  base.BaseClass - Trying to find Element By {by.toString()})
2024-01-26 00:01:53,143 [main] INFO  base.BaseClass - Found Element By {by.toString()}
2024-01-26 00:01:53,660 [main] INFO  base.BaseClass - Trying to find Element By {by.toString()})
2024-01-26 00:01:53,713 [main] INFO  base.BaseClass - Found Element By {by.toString()}
2024-01-26 00:01:54,225 [main] INFO  base.BaseClass - Trying to find Element By {by.toString()})
2024-01-26 00:01:54,238 [main] INFO  base.BaseClass - Found Element By {by.toString()}
2024-01-26 00:01:54,766 [main] INFO  base.BaseClass - Trying to find Element By {by.toString()})
2024-01-26 00:01:54,787 [main] INFO  base.BaseClass - Found Element By {by.toString()}
2024-01-26 00:01:55,312 [main] INFO  base.BaseClass - Trying to find Element By {by.toString()})
2024-01-26 00:01:55,341 [main] INFO  base.BaseClass - Found Element By {by.toString()}
2024-01-26 00:01:55,900 [main] INFO  base.BaseClass - Trying to find Element By {by.toString()})
2024-01-26 00:01:55,926 [main] INFO  base.BaseClass - Found Element By {by.toString()}
2024-01-26 00:01:56,478 [main] INFO  base.BaseClass - Trying to find Element By {by.toString()})
2024-01-26 00:01:56,506 [main] INFO  base.BaseClass - Found Element By {by.toString()}
2024-01-26 00:01:57,042 [main] INFO  base.BaseClass - Trying to find Element By {by.toString()})
2024-01-26 00:01:57,069 [main] INFO  base.BaseClass - Found Element By {by.toString()}
2024-01-26 00:01:57,608 [main] INFO  base.BaseClass - Trying to find Element By {by.toString()})
2024-01-26 00:01:57,635 [main] INFO  base.BaseClass - Found Element By {by.toString()}
2024-01-26 00:01:58,176 [main] INFO  base.BaseClass - Trying to find Element By {by.toString()})
2024-01-26 00:01:58,202 [main] INFO  base.BaseClass - Found Element By {by.toString()}
2024-01-26 00:01:58,725 [main] INFO  base.BaseClass - Trying to find Element By {by.toString()})
2024-01-26 00:01:58,756 [main] INFO  base.BaseClass - Found Element By {by.toString()}
2024-01-26 00:01:59,299 [main] INFO  base.BaseClass - Trying to find Element By {by.toString()})
2024-01-26 00:01:59,310 [main] INFO  base.BaseClass - Found Element By {by.toString()}
2024-01-26 00:01:59,833 [main] INFO  base.BaseClass - Trying to find Element By {by.toString()})
2024-01-26 00:01:59,850 [main] INFO  base.BaseClass - Found Element By {by.toString()}
2024-01-26 00:02:00,373 [main] INFO  base.BaseClass - Trying to find Element By {by.toString()})
2024-01-26 00:02:00,399 [main] INFO  base.BaseClass - Found Element By {by.toString()}
2024-01-26 00:02:00,940 [main] INFO  base.BaseClass - Trying to find Element By {by.toString()})
2024-01-26 00:02:00,966 [main] INFO  base.BaseClass - Found Element By {by.toString()}
2024-01-26 00:02:01,502 [main] INFO  base.BaseClass - Trying to find Element By {by.toString()})
2024-01-26 00:02:01,528 [main] INFO  base.BaseClass - Found Element By {by.toString()}
2024-01-26 00:02:02,070 [main] INFO  base.BaseClass - Trying to find Element By {by.toString()})
2024-01-26 00:02:02,084 [main] INFO  base.BaseClass - Found Element By {by.toString()}
2024-01-26 00:02:02,601 [main] INFO  base.BaseClass - Trying to find Element By {by.toString()})
2024-01-26 00:02:02,619 [main] INFO  base.BaseClass - Found Element By {by.toString()}
2024-01-26 00:02:03,137 [main] INFO  base.BaseClass - Trying to find Element By {by.toString()})
2024-01-26 00:02:03,165 [main] INFO  base.BaseClass - Found Element By {by.toString()}
2024-01-26 00:02:03,701 [main] INFO  base.BaseClass - Trying to find Element By {by.toString()})
2024-01-26 00:02:03,730 [main] INFO  base.BaseClass - Found Element By {by.toString()}
2024-01-26 00:02:04,261 [main] INFO  base.BaseClass - Trying to find Element By {by.toString()})
2024-01-26 00:02:04,280 [main] INFO  base.BaseClass - Found Element By {by.toString()}
2024-01-26 00:02:04,814 [main] INFO  base.BaseClass - Trying to find Element By {by.toString()})
2024-01-26 00:02:04,827 [main] INFO  base.BaseClass - Found Element By {by.toString()}
2024-01-26 00:02:05,346 [main] INFO  base.BaseClass - Trying to find Element By {by.toString()})
2024-01-26 00:02:05,360 [main] INFO  base.BaseClass - Found Element By {by.toString()}
2024-01-26 00:02:05,891 [main] INFO  base.BaseClass - Trying to find Element By {by.toString()})
2024-01-26 00:02:05,918 [main] INFO  base.BaseClass - Found Element By {by.toString()}
2024-01-26 00:02:06,456 [main] INFO  base.BaseClass - Trying to find Element By {by.toString()})
2024-01-26 00:02:06,476 [main] INFO  base.BaseClass - Found Element By {by.toString()}
2024-01-26 00:02:07,006 [main] INFO  base.BaseClass - Trying to find Element By {by.toString()})
2024-01-26 00:02:07,033 [main] INFO  base.BaseClass - Found Element By {by.toString()}
2024-01-26 00:02:07,569 [main] INFO  base.BaseClass - Trying to find Element By {by.toString()})
2024-01-26 00:02:07,593 [main] INFO  base.BaseClass - Found Element By {by.toString()}
2024-01-26 00:02:08,126 [main] INFO  base.BaseClass - Trying to find Element By {by.toString()})
2024-01-26 00:02:08,153 [main] INFO  base.BaseClass - Found Element By {by.toString()}
2024-01-26 00:02:08,694 [main] INFO  base.BaseClass - Trying to find Element By {by.toString()})
2024-01-26 00:02:08,712 [main] INFO  base.BaseClass - Found Element By {by.toString()}
2024-01-26 00:02:09,250 [main] INFO  base.BaseClass - Trying to find Element By {by.toString()})
2024-01-26 00:02:09,276 [main] INFO  base.BaseClass - Found Element By {by.toString()}
2024-01-26 00:02:09,818 [main] INFO  base.BaseClass - Trying to find Element By {by.toString()})
2024-01-26 00:02:09,843 [main] INFO  base.BaseClass - Found Element By {by.toString()}
2024-01-26 00:02:10,388 [main] INFO  base.BaseClass - Trying to find Element By {by.toString()})
2024-01-26 00:02:10,402 [main] INFO  base.BaseClass - Found Element By {by.toString()}
2024-01-26 00:02:10,937 [main] INFO  base.BaseClass - Trying to find Element By {by.toString()})
2024-01-26 00:02:10,963 [main] INFO  base.BaseClass - Found Element By {by.toString()}
2024-01-26 00:02:11,516 [main] INFO  base.BaseClass - Trying to find Element By {by.toString()})
2024-01-26 00:02:11,533 [main] INFO  base.BaseClass - Found Element By {by.toString()}
2024-01-26 00:02:12,052 [main] INFO  base.BaseClass - Trying to find Element By {by.toString()})
2024-01-26 00:02:12,080 [main] INFO  base.BaseClass - Found Element By {by.toString()}
2024-01-26 00:02:12,620 [main] INFO  base.BaseClass - Trying to find Element By {by.toString()})
2024-01-26 00:02:12,646 [main] INFO  base.BaseClass - Found Element By {by.toString()}
2024-01-26 00:02:13,186 [main] INFO  base.BaseClass - Trying to find Element By {by.toString()})
2024-01-26 00:02:13,214 [main] INFO  base.BaseClass - Found Element By {by.toString()}
2024-01-26 00:02:13,754 [main] INFO  base.BaseClass - Trying to find Element By {by.toString()})
2024-01-26 00:02:13,780 [main] INFO  base.BaseClass - Found Element By {by.toString()}
2024-01-26 00:02:14,314 [main] INFO  base.BaseClass - Trying to find Element By {by.toString()})
2024-01-26 00:02:14,341 [main] INFO  base.BaseClass - Found Element By {by.toString()}
2024-01-26 00:02:14,882 [main] INFO  base.BaseClass - Trying to find Element By {by.toString()})
2024-01-26 00:02:14,909 [main] INFO  base.BaseClass - Found Element By {by.toString()}
2024-01-26 00:02:15,449 [main] INFO  base.BaseClass - Trying to find Element By {by.toString()})
2024-01-26 00:02:15,476 [main] INFO  base.BaseClass - Found Element By {by.toString()}
2024-01-26 00:02:16,023 [main] INFO  base.BaseClass - Trying to find Element By {by.toString()})
2024-01-26 00:02:16,034 [main] INFO  base.BaseClass - Found Element By {by.toString()}
2024-01-26 00:02:16,550 [main] INFO  base.BaseClass - Trying to find Element By {by.toString()})
2024-01-26 00:02:16,576 [main] INFO  base.BaseClass - Found Element By {by.toString()}
2024-01-26 00:02:17,118 [main] INFO  base.BaseClass - Trying to find Element By {by.toString()})
2024-01-26 00:02:17,146 [main] INFO  base.BaseClass - Found Element By {by.toString()}
2024-01-26 00:02:17,699 [main] INFO  base.BaseClass - Trying to find Element By {by.toString()})
2024-01-26 00:02:17,721 [main] INFO  base.BaseClass - Found Element By {by.toString()}
2024-01-26 00:02:18,238 [main] INFO  base.BaseClass - Trying to find Element By {by.toString()})
2024-01-26 00:02:18,249 [main] INFO  base.BaseClass - Found Element By {by.toString()}
2024-01-26 00:02:18,763 [main] INFO  base.BaseClass - Trying to find Element By {by.toString()})
2024-01-26 00:02:18,786 [main] INFO  base.BaseClass - Found Element By {by.toString()}
2024-01-26 00:02:19,325 [main] INFO  base.BaseClass - Trying to find Element By {by.toString()})
2024-01-26 00:02:19,352 [main] INFO  base.BaseClass - Found Element By {by.toString()}
2024-01-26 00:02:19,888 [main] INFO  base.BaseClass - Trying to find Element By {by.toString()})
2024-01-26 00:02:19,916 [main] INFO  base.BaseClass - Found Element By {by.toString()}
2024-01-26 00:02:20,450 [main] INFO  base.BaseClass - Trying to find Element By {by.toString()})
2024-01-26 00:02:20,470 [main] INFO  base.BaseClass - Found Element By {by.toString()}
2024-01-26 00:02:20,987 [main] INFO  base.BaseClass - Trying to find Element By {by.toString()})
2024-01-26 00:02:21,005 [main] INFO  base.BaseClass - Found Element By {by.toString()}
2024-01-26 00:02:21,533 [main] INFO  base.BaseClass - Trying to find Element By {by.toString()})
2024-01-26 00:02:21,560 [main] INFO  base.BaseClass - Found Element By {by.toString()}
2024-01-26 00:02:22,108 [main] INFO  base.BaseClass - Trying to find Element By {by.toString()})
2024-01-26 00:02:22,134 [main] INFO  base.BaseClass - Found Element By {by.toString()}
2024-01-26 00:02:22,676 [main] INFO  base.BaseClass - Trying to find Element By {by.toString()})
2024-01-26 00:02:22,704 [main] INFO  base.BaseClass - Found Element By {by.toString()}
2024-01-26 00:02:23,245 [main] INFO  base.BaseClass - Trying to find Element By {by.toString()})
2024-01-26 00:02:23,274 [main] INFO  base.BaseClass - Found Element By {by.toString()}
TimeoutException occurred: Expected condition failed: waiting for helper.WaitUtility$5@347ad196 (tried for 30 second(s) with 500 milliseconds interval)
Build info: version: '3.141.59', revision: 'e82be7d358', time: '2018-11-14T08:17:03'
System info: host: 'DPLAP166', ip: '137.237.3.67', os.name: 'Windows 10', os.arch: 'amd64', os.version: '10.0', java.version: '19.0.1'
Driver info: org.openqa.selenium.support.events.EventFiringWebDriver
Capabilities {acceptInsecureCerts: true, browserName: chrome, browserVersion: 121.0.6167.86, chrome: {chromedriverVersion: 121.0.6167.85 (3f98d690ad7e..., userDataDir: C:\Users\dP-PL\AppData\Loca...}, fedcm:accounts: true, goog:chromeOptions: {debuggerAddress: localhost:56255}, javascriptEnabled: true, networkConnectionEnabled: false, pageLoadStrategy: normal, platform: WINDOWS, platformName: WINDOWS, proxy: Proxy(), setWindowRect: true, strictFileInteractability: false, timeouts: {implicit: 0, pageLoad: 300000, script: 30000}, unhandledPromptBehavior: dismiss and notify, webauthn:extension:credBlob: true, webauthn:extension:largeBlob: true, webauthn:extension:minPinLength: true, webauthn:extension:prf: true, webauthn:virtualAuthenticators: true}
Session ID: 5ac4e55f65e9c5775ee35def664942b0
2024-01-26 00:02:23,314 [main] ERROR XGLT_15177_Test - Element did not become visible within the specified time: Expected condition failed: waiting for helper.WaitUtility$5@347ad196 (tried for 30 second(s) with 500 milliseconds interval)
Build info: version: '3.141.59', revision: 'e82be7d358', time: '2018-11-14T08:17:03'
System info: host: 'DPLAP166', ip: '137.237.3.67', os.name: 'Windows 10', os.arch: 'amd64', os.version: '10.0', java.version: '19.0.1'
Driver info: org.openqa.selenium.support.events.EventFiringWebDriver
Capabilities {acceptInsecureCerts: true, browserName: chrome, browserVersion: 121.0.6167.86, chrome: {chromedriverVersion: 121.0.6167.85 (3f98d690ad7e..., userDataDir: C:\Users\dP-PL\AppData\Loca...}, fedcm:accounts: true, goog:chromeOptions: {debuggerAddress: localhost:56255}, javascriptEnabled: true, networkConnectionEnabled: false, pageLoadStrategy: normal, platform: WINDOWS, platformName: WINDOWS, proxy: Proxy(), setWindowRect: true, strictFileInteractability: false, timeouts: {implicit: 0, pageLoad: 300000, script: 30000}, unhandledPromptBehavior: dismiss and notify, webauthn:extension:credBlob: true, webauthn:extension:largeBlob: true, webauthn:extension:minPinLength: true, webauthn:extension:prf: true, webauthn:virtualAuthenticators: true}
Session ID: 5ac4e55f65e9c5775ee35def664942b0
2024-01-26 00:02:23,314 [main] INFO  base.BaseClass - Trying to find Element By {by.toString()})
2024-01-26 00:02:23,328 [main] INFO  base.BaseClass - Found Element By {by.toString()}
2024-01-26 00:02:23,845 [main] INFO  base.BaseClass - Trying to find Element By {by.toString()})
2024-01-26 00:02:23,871 [main] INFO  base.BaseClass - Found Element By {by.toString()}
2024-01-26 00:02:24,416 [main] INFO  base.BaseClass - Trying to find Element By {by.toString()})
2024-01-26 00:02:24,443 [main] INFO  base.BaseClass - Found Element By {by.toString()}
2024-01-26 00:02:24,990 [main] INFO  base.BaseClass - Trying to find Element By {by.toString()})
2024-01-26 00:02:25,017 [main] INFO  base.BaseClass - Found Element By {by.toString()}
2024-01-26 00:02:25,551 [main] INFO  base.BaseClass - Trying to find Element By {by.toString()})
2024-01-26 00:02:25,578 [main] INFO  base.BaseClass - Found Element By {by.toString()}
2024-01-26 00:02:26,119 [main] INFO  base.BaseClass - Trying to find Element By {by.toString()})
2024-01-26 00:02:26,130 [main] INFO  base.BaseClass - Found Element By {by.toString()}
2024-01-26 00:02:26,662 [main] INFO  base.BaseClass - Trying to find Element By {by.toString()})
2024-01-26 00:02:26,689 [main] INFO  base.BaseClass - Found Element By {by.toString()}
2024-01-26 00:02:27,238 [main] INFO  base.BaseClass - Trying to find Element By {by.toString()})
2024-01-26 00:02:27,265 [main] INFO  base.BaseClass - Found Element By {by.toString()}
2024-01-26 00:02:27,807 [main] INFO  base.BaseClass - Trying to find Element By {by.toString()})
2024-01-26 00:02:27,834 [main] INFO  base.BaseClass - Found Element By {by.toString()}
2024-01-26 00:02:28,362 [main] INFO  base.BaseClass - Trying to find Element By {by.toString()})
2024-01-26 00:02:28,389 [main] INFO  base.BaseClass - Found Element By {by.toString()}
2024-01-26 00:02:28,927 [main] INFO  base.BaseClass - Trying to find Element By {by.toString()})
2024-01-26 00:02:28,953 [main] INFO  base.BaseClass - Found Element By {by.toString()}
2024-01-26 00:02:29,496 [main] INFO  base.BaseClass - Trying to find Element By {by.toString()})
2024-01-26 00:02:29,524 [main] INFO  base.BaseClass - Found Element By {by.toString()}
2024-01-26 00:02:30,068 [main] INFO  base.BaseClass - Trying to find Element By {by.toString()})
2024-01-26 00:02:30,094 [main] INFO  base.BaseClass - Found Element By {by.toString()}
2024-01-26 00:02:30,627 [main] INFO  base.BaseClass - Trying to find Element By {by.toString()})
2024-01-26 00:02:30,652 [main] INFO  base.BaseClass - Found Element By {by.toString()}
2024-01-26 00:02:31,177 [main] INFO  base.BaseClass - Trying to find Element By {by.toString()})
2024-01-26 00:02:31,203 [main] INFO  base.BaseClass - Found Element By {by.toString()}
2024-01-26 00:02:31,751 [main] INFO  base.BaseClass - Trying to find Element By {by.toString()})
2024-01-26 00:02:31,773 [main] INFO  base.BaseClass - Found Element By {by.toString()}
2024-01-26 00:02:32,298 [main] INFO  base.BaseClass - Trying to find Element By {by.toString()})
2024-01-26 00:02:32,326 [main] INFO  base.BaseClass - Found Element By {by.toString()}
2024-01-26 00:02:32,866 [main] INFO  base.BaseClass - Trying to find Element By {by.toString()})
2024-01-26 00:02:32,883 [main] INFO  base.BaseClass - Found Element By {by.toString()}
2024-01-26 00:02:33,429 [main] INFO  base.BaseClass - Trying to find Element By {by.toString()})
2024-01-26 00:02:33,458 [main] INFO  base.BaseClass - Found Element By {by.toString()}
2024-01-26 00:02:34,008 [main] INFO  base.BaseClass - Trying to find Element By {by.toString()})
2024-01-26 00:02:34,037 [main] INFO  base.BaseClass - Found Element By {by.toString()}
2024-01-26 00:02:34,579 [main] INFO  base.BaseClass - Trying to find Element By {by.toString()})
2024-01-26 00:02:34,608 [main] INFO  base.BaseClass - Found Element By {by.toString()}
2024-01-26 00:02:35,150 [main] INFO  base.BaseClass - Trying to find Element By {by.toString()})
2024-01-26 00:02:35,179 [main] INFO  base.BaseClass - Found Element By {by.toString()}
2024-01-26 00:02:35,722 [main] INFO  base.BaseClass - Trying to find Element By {by.toString()})
2024-01-26 00:02:35,750 [main] INFO  base.BaseClass - Found Element By {by.toString()}
2024-01-26 00:02:36,292 [main] INFO  base.BaseClass - Trying to find Element By {by.toString()})
2024-01-26 00:02:36,319 [main] INFO  base.BaseClass - Found Element By {by.toString()}
2024-01-26 00:02:36,863 [main] INFO  base.BaseClass - Trying to find Element By {by.toString()})
2024-01-26 00:02:36,877 [main] INFO  base.BaseClass - Found Element By {by.toString()}
2024-01-26 00:02:37,408 [main] INFO  base.BaseClass - Trying to find Element By {by.toString()})
2024-01-26 00:02:37,423 [main] INFO  base.BaseClass - Found Element By {by.toString()}
2024-01-26 00:02:37,944 [main] INFO  base.BaseClass - Trying to find Element By {by.toString()})
2024-01-26 00:02:37,971 [main] INFO  base.BaseClass - Found Element By {by.toString()}
2024-01-26 00:02:38,512 [main] INFO  base.BaseClass - Trying to find Element By {by.toString()})
2024-01-26 00:02:38,539 [main] INFO  base.BaseClass - Found Element By {by.toString()}
2024-01-26 00:02:39,080 [main] INFO  base.BaseClass - Trying to find Element By {by.toString()})
2024-01-26 00:02:39,093 [main] INFO  base.BaseClass - Found Element By {by.toString()}
2024-01-26 00:02:39,609 [main] INFO  base.BaseClass - Trying to find Element By {by.toString()})
2024-01-26 00:02:39,638 [main] INFO  base.BaseClass - Found Element By {by.toString()}
2024-01-26 00:02:40,171 [main] INFO  base.BaseClass - Trying to find Element By {by.toString()})
2024-01-26 00:02:40,191 [main] INFO  base.BaseClass - Found Element By {by.toString()}
2024-01-26 00:02:40,709 [main] INFO  base.BaseClass - Trying to find Element By {by.toString()})
2024-01-26 00:02:40,726 [main] INFO  base.BaseClass - Found Element By {by.toString()}
2024-01-26 00:02:41,255 [main] INFO  base.BaseClass - Trying to find Element By {by.toString()})
2024-01-26 00:02:41,282 [main] INFO  base.BaseClass - Found Element By {by.toString()}
2024-01-26 00:02:41,825 [main] INFO  base.BaseClass - Trying to find Element By {by.toString()})
2024-01-26 00:02:41,852 [main] INFO  base.BaseClass - Found Element By {by.toString()}
2024-01-26 00:02:42,409 [main] INFO  base.BaseClass - Trying to find Element By {by.toString()})
2024-01-26 00:02:42,438 [main] INFO  base.BaseClass - Found Element By {by.toString()}
2024-01-26 00:02:42,972 [main] INFO  base.BaseClass - Trying to find Element By {by.toString()})
2024-01-26 00:02:42,997 [main] INFO  base.BaseClass - Found Element By {by.toString()}
2024-01-26 00:02:43,543 [main] INFO  base.BaseClass - Trying to find Element By {by.toString()})
2024-01-26 00:02:43,563 [main] INFO  base.BaseClass - Found Element By {by.toString()}
2024-01-26 00:02:44,091 [main] INFO  base.BaseClass - Trying to find Element By {by.toString()})
2024-01-26 00:02:44,119 [main] INFO  base.BaseClass - Found Element By {by.toString()}
2024-01-26 00:02:44,657 [main] INFO  base.BaseClass - Trying to find Element By {by.toString()})
2024-01-26 00:02:44,683 [main] INFO  base.BaseClass - Found Element By {by.toString()}
2024-01-26 00:02:45,225 [main] INFO  base.BaseClass - Trying to find Element By {by.toString()})
2024-01-26 00:02:45,249 [main] INFO  base.BaseClass - Found Element By {by.toString()}
2024-01-26 00:02:45,787 [main] INFO  base.BaseClass - Trying to find Element By {by.toString()})
2024-01-26 00:02:45,800 [main] INFO  base.BaseClass - Found Element By {by.toString()}
2024-01-26 00:02:46,322 [main] INFO  base.BaseClass - Trying to find Element By {by.toString()})
2024-01-26 00:02:46,348 [main] INFO  base.BaseClass - Found Element By {by.toString()}
2024-01-26 00:02:46,891 [main] INFO  base.BaseClass - Trying to find Element By {by.toString()})
2024-01-26 00:02:46,912 [main] INFO  base.BaseClass - Found Element By {by.toString()}
2024-01-26 00:02:47,429 [main] INFO  base.BaseClass - Trying to find Element By {by.toString()})
2024-01-26 00:02:47,441 [main] INFO  base.BaseClass - Found Element By {by.toString()}
2024-01-26 00:02:47,961 [main] INFO  base.BaseClass - Trying to find Element By {by.toString()})
2024-01-26 00:02:47,975 [main] INFO  base.BaseClass - Found Element By {by.toString()}
2024-01-26 00:02:48,493 [main] INFO  base.BaseClass - Trying to find Element By {by.toString()})
2024-01-26 00:02:48,549 [main] INFO  base.BaseClass - Found Element By {by.toString()}
2024-01-26 00:02:49,065 [main] INFO  base.BaseClass - Trying to find Element By {by.toString()})
2024-01-26 00:02:49,090 [main] INFO  base.BaseClass - Found Element By {by.toString()}
2024-01-26 00:02:49,617 [main] INFO  base.BaseClass - Trying to find Element By {by.toString()})
2024-01-26 00:02:49,644 [main] INFO  base.BaseClass - Found Element By {by.toString()}
2024-01-26 00:02:50,168 [main] INFO  base.BaseClass - Trying to find Element By {by.toString()})
2024-01-26 00:02:50,196 [main] INFO  base.BaseClass - Found Element By {by.toString()}
2024-01-26 00:02:50,737 [main] INFO  base.BaseClass - Trying to find Element By {by.toString()})
2024-01-26 00:02:50,764 [main] INFO  base.BaseClass - Found Element By {by.toString()}
2024-01-26 00:02:51,308 [main] INFO  base.BaseClass - Trying to find Element By {by.toString()})
2024-01-26 00:02:51,323 [main] INFO  base.BaseClass - Found Element By {by.toString()}
2024-01-26 00:02:51,848 [main] INFO  base.BaseClass - Trying to find Element By {by.toString()})
2024-01-26 00:02:51,874 [main] INFO  base.BaseClass - Found Element By {by.toString()}
2024-01-26 00:02:52,405 [main] INFO  base.BaseClass - Trying to find Element By {by.toString()})
2024-01-26 00:02:52,432 [main] INFO  base.BaseClass - Found Element By {by.toString()}
2024-01-26 00:02:52,973 [main] INFO  base.BaseClass - Trying to find Element By {by.toString()})
2024-01-26 00:02:53,002 [main] INFO  base.BaseClass - Found Element By {by.toString()}
2024-01-26 00:02:53,532 [main] INFO  base.BaseClass - Trying to find Element By {by.toString()})
2024-01-26 00:02:53,554 [main] INFO  base.BaseClass - Found Element By {by.toString()}
TimeoutException occurred: Expected condition failed: waiting for helper.WaitUtility$5@713609ff (tried for 30 second(s) with 500 milliseconds interval)
Build info: version: '3.141.59', revision: 'e82be7d358', time: '2018-11-14T08:17:03'
System info: host: 'DPLAP166', ip: '137.237.3.67', os.name: 'Windows 10', os.arch: 'amd64', os.version: '10.0', java.version: '19.0.1'
Driver info: org.openqa.selenium.support.events.EventFiringWebDriver
Capabilities {acceptInsecureCerts: true, browserName: chrome, browserVersion: 121.0.6167.86, chrome: {chromedriverVersion: 121.0.6167.85 (3f98d690ad7e..., userDataDir: C:\Users\dP-PL\AppData\Loca...}, fedcm:accounts: true, goog:chromeOptions: {debuggerAddress: localhost:56255}, javascriptEnabled: true, networkConnectionEnabled: false, pageLoadStrategy: normal, platform: WINDOWS, platformName: WINDOWS, proxy: Proxy(), setWindowRect: true, strictFileInteractability: false, timeouts: {implicit: 0, pageLoad: 300000, script: 30000}, unhandledPromptBehavior: dismiss and notify, webauthn:extension:credBlob: true, webauthn:extension:largeBlob: true, webauthn:extension:minPinLength: true, webauthn:extension:prf: true, webauthn:virtualAuthenticators: true}
Session ID: 5ac4e55f65e9c5775ee35def664942b0
2024-01-26 00:02:53,576 [main] ERROR XGLT_15177_Test - Element did not become visible within the specified time: Expected condition failed: waiting for helper.WaitUtility$5@713609ff (tried for 30 second(s) with 500 milliseconds interval)
Build info: version: '3.141.59', revision: 'e82be7d358', time: '2018-11-14T08:17:03'
System info: host: 'DPLAP166', ip: '137.237.3.67', os.name: 'Windows 10', os.arch: 'amd64', os.version: '10.0', java.version: '19.0.1'
Driver info: org.openqa.selenium.support.events.EventFiringWebDriver
Capabilities {acceptInsecureCerts: true, browserName: chrome, browserVersion: 121.0.6167.86, chrome: {chromedriverVersion: 121.0.6167.85 (3f98d690ad7e..., userDataDir: C:\Users\dP-PL\AppData\Loca...}, fedcm:accounts: true, goog:chromeOptions: {debuggerAddress: localhost:56255}, javascriptEnabled: true, networkConnectionEnabled: false, pageLoadStrategy: normal, platform: WINDOWS, platformName: WINDOWS, proxy: Proxy(), setWindowRect: true, strictFileInteractability: false, timeouts: {implicit: 0, pageLoad: 300000, script: 30000}, unhandledPromptBehavior: dismiss and notify, webauthn:extension:credBlob: true, webauthn:extension:largeBlob: true, webauthn:extension:minPinLength: true, webauthn:extension:prf: true, webauthn:virtualAuthenticators: true}
Session ID: 5ac4e55f65e9c5775ee35def664942b0
2024-01-26 00:02:53,576 [main] INFO  base.BaseClass - Trying to find Element By {by.toString()})
2024-01-26 00:02:53,591 [main] INFO  base.BaseClass - Found Element By {by.toString()}
MC value for submitted is 5
2024-01-26 00:02:53,609 [main] INFO  base.BaseClass - Trying to find Element By {by.toString()})
2024-01-26 00:02:53,619 [main] INFO  base.BaseClass - Found Element By {by.toString()}
2024-01-26 00:02:54,147 [main] INFO  base.BaseClass - Trying to find Element By {by.toString()})
2024-01-26 00:02:54,174 [main] INFO  base.BaseClass - Found Element By {by.toString()}
2024-01-26 00:02:54,718 [main] INFO  base.BaseClass - Trying to find Element By {by.toString()})
2024-01-26 00:02:54,735 [main] INFO  base.BaseClass - Found Element By {by.toString()}
2024-01-26 00:02:55,252 [main] INFO  base.BaseClass - Trying to find Element By {by.toString()})
2024-01-26 00:02:55,280 [main] INFO  base.BaseClass - Found Element By {by.toString()}
2024-01-26 00:02:55,826 [main] INFO  base.BaseClass - Trying to find Element By {by.toString()})
2024-01-26 00:02:55,853 [main] INFO  base.BaseClass - Found Element By {by.toString()}
2024-01-26 00:02:56,390 [main] INFO  base.BaseClass - Trying to find Element By {by.toString()})
2024-01-26 00:02:56,418 [main] INFO  base.BaseClass - Found Element By {by.toString()}
2024-01-26 00:02:56,955 [main] INFO  base.BaseClass - Trying to find Element By {by.toString()})
2024-01-26 00:02:56,982 [main] INFO  base.BaseClass - Found Element By {by.toString()}
2024-01-26 00:02:57,508 [main] INFO  base.BaseClass - Trying to find Element By {by.toString()})
2024-01-26 00:02:57,529 [main] INFO  base.BaseClass - Found Element By {by.toString()}
2024-01-26 00:02:58,060 [main] INFO  base.BaseClass - Trying to find Element By {by.toString()})
2024-01-26 00:02:58,087 [main] INFO  base.BaseClass - Found Element By {by.toString()}
2024-01-26 00:02:58,630 [main] INFO  base.BaseClass - Trying to find Element By {by.toString()})
2024-01-26 00:02:58,650 [main] INFO  base.BaseClass - Found Element By {by.toString()}
2024-01-26 00:02:59,194 [main] INFO  base.BaseClass - Trying to find Element By {by.toString()})
2024-01-26 00:02:59,222 [main] INFO  base.BaseClass - Found Element By {by.toString()}
2024-01-26 00:02:59,775 [main] INFO  base.BaseClass - Trying to find Element By {by.toString()})
2024-01-26 00:02:59,802 [main] INFO  base.BaseClass - Found Element By {by.toString()}
2024-01-26 00:03:00,338 [main] INFO  base.BaseClass - Trying to find Element By {by.toString()})
2024-01-26 00:03:00,364 [main] INFO  base.BaseClass - Found Element By {by.toString()}
2024-01-26 00:03:00,910 [main] INFO  base.BaseClass - Trying to find Element By {by.toString()})
2024-01-26 00:03:00,935 [main] INFO  base.BaseClass - Found Element By {by.toString()}
2024-01-26 00:03:01,481 [main] INFO  base.BaseClass - Trying to find Element By {by.toString()})
2024-01-26 00:03:01,509 [main] INFO  base.BaseClass - Found Element By {by.toString()}
2024-01-26 00:03:02,051 [main] INFO  base.BaseClass - Trying to find Element By {by.toString()})
2024-01-26 00:03:02,071 [main] INFO  base.BaseClass - Found Element By {by.toString()}
2024-01-26 00:03:02,589 [main] INFO  base.BaseClass - Trying to find Element By {by.toString()})
2024-01-26 00:03:02,618 [main] INFO  base.BaseClass - Found Element By {by.toString()}
2024-01-26 00:03:03,161 [main] INFO  base.BaseClass - Trying to find Element By {by.toString()})
2024-01-26 00:03:03,188 [main] INFO  base.BaseClass - Found Element By {by.toString()}
2024-01-26 00:03:03,729 [main] INFO  base.BaseClass - Trying to find Element By {by.toString()})
2024-01-26 00:03:03,756 [main] INFO  base.BaseClass - Found Element By {by.toString()}
2024-01-26 00:03:04,300 [main] INFO  base.BaseClass - Trying to find Element By {by.toString()})
2024-01-26 00:03:04,327 [main] INFO  base.BaseClass - Found Element By {by.toString()}
2024-01-26 00:03:04,875 [main] INFO  base.BaseClass - Trying to find Element By {by.toString()})
2024-01-26 00:03:04,901 [main] INFO  base.BaseClass - Found Element By {by.toString()}
2024-01-26 00:03:05,444 [main] INFO  base.BaseClass - Trying to find Element By {by.toString()})
2024-01-26 00:03:05,463 [main] INFO  base.BaseClass - Found Element By {by.toString()}
2024-01-26 00:03:05,986 [main] INFO  base.BaseClass - Trying to find Element By {by.toString()})
2024-01-26 00:03:06,011 [main] INFO  base.BaseClass - Found Element By {by.toString()}
2024-01-26 00:03:06,528 [main] INFO  base.BaseClass - Trying to find Element By {by.toString()})
2024-01-26 00:03:06,557 [main] INFO  base.BaseClass - Found Element By {by.toString()}
2024-01-26 00:03:07,104 [main] INFO  base.BaseClass - Trying to find Element By {by.toString()})
2024-01-26 00:03:07,119 [main] INFO  base.BaseClass - Found Element By {by.toString()}
2024-01-26 00:03:07,651 [main] INFO  base.BaseClass - Trying to find Element By {by.toString()})
2024-01-26 00:03:07,677 [main] INFO  base.BaseClass - Found Element By {by.toString()}
2024-01-26 00:03:08,220 [main] INFO  base.BaseClass - Trying to find Element By {by.toString()})
2024-01-26 00:03:08,249 [main] INFO  base.BaseClass - Found Element By {by.toString()}
2024-01-26 00:03:08,790 [main] INFO  base.BaseClass - Trying to find Element By {by.toString()})
2024-01-26 00:03:08,815 [main] INFO  base.BaseClass - Found Element By {by.toString()}
2024-01-26 00:03:09,358 [main] INFO  base.BaseClass - Trying to find Element By {by.toString()})
2024-01-26 00:03:09,385 [main] INFO  base.BaseClass - Found Element By {by.toString()}
2024-01-26 00:03:09,922 [main] INFO  base.BaseClass - Trying to find Element By {by.toString()})
2024-01-26 00:03:09,951 [main] INFO  base.BaseClass - Found Element By {by.toString()}
2024-01-26 00:03:10,485 [main] INFO  base.BaseClass - Trying to find Element By {by.toString()})
2024-01-26 00:03:10,513 [main] INFO  base.BaseClass - Found Element By {by.toString()}
2024-01-26 00:03:11,055 [main] INFO  base.BaseClass - Trying to find Element By {by.toString()})
2024-01-26 00:03:11,081 [main] INFO  base.BaseClass - Found Element By {by.toString()}
2024-01-26 00:03:11,631 [main] INFO  base.BaseClass - Trying to find Element By {by.toString()})
2024-01-26 00:03:11,655 [main] INFO  base.BaseClass - Found Element By {by.toString()}
2024-01-26 00:03:12,181 [main] INFO  base.BaseClass - Trying to find Element By {by.toString()})
2024-01-26 00:03:12,207 [main] INFO  base.BaseClass - Found Element By {by.toString()}
2024-01-26 00:03:12,748 [main] INFO  base.BaseClass - Trying to find Element By {by.toString()})
2024-01-26 00:03:12,766 [main] INFO  base.BaseClass - Found Element By {by.toString()}
2024-01-26 00:03:13,287 [main] INFO  base.BaseClass - Trying to find Element By {by.toString()})
2024-01-26 00:03:13,305 [main] INFO  base.BaseClass - Found Element By {by.toString()}
2024-01-26 00:03:13,850 [main] INFO  base.BaseClass - Trying to find Element By {by.toString()})
2024-01-26 00:03:13,876 [main] INFO  base.BaseClass - Found Element By {by.toString()}
2024-01-26 00:03:14,428 [main] INFO  base.BaseClass - Trying to find Element By {by.toString()})
2024-01-26 00:03:14,455 [main] INFO  base.BaseClass - Found Element By {by.toString()}
2024-01-26 00:03:15,000 [main] INFO  base.BaseClass - Trying to find Element By {by.toString()})
2024-01-26 00:03:15,027 [main] INFO  base.BaseClass - Found Element By {by.toString()}
2024-01-26 00:03:15,566 [main] INFO  base.BaseClass - Trying to find Element By {by.toString()})
2024-01-26 00:03:15,577 [main] INFO  base.BaseClass - Found Element By {by.toString()}
2024-01-26 00:03:16,095 [main] INFO  base.BaseClass - Trying to find Element By {by.toString()})
2024-01-26 00:03:16,123 [main] INFO  base.BaseClass - Found Element By {by.toString()}
2024-01-26 00:03:16,664 [main] INFO  base.BaseClass - Trying to find Element By {by.toString()})
2024-01-26 00:03:16,694 [main] INFO  base.BaseClass - Found Element By {by.toString()}
2024-01-26 00:03:17,242 [main] INFO  base.BaseClass - Trying to find Element By {by.toString()})
2024-01-26 00:03:17,268 [main] INFO  base.BaseClass - Found Element By {by.toString()}
2024-01-26 00:03:17,812 [main] INFO  base.BaseClass - Trying to find Element By {by.toString()})
2024-01-26 00:03:17,831 [main] INFO  base.BaseClass - Found Element By {by.toString()}
2024-01-26 00:03:18,350 [main] INFO  base.BaseClass - Trying to find Element By {by.toString()})
2024-01-26 00:03:18,377 [main] INFO  base.BaseClass - Found Element By {by.toString()}
2024-01-26 00:03:18,911 [main] INFO  base.BaseClass - Trying to find Element By {by.toString()})
2024-01-26 00:03:18,938 [main] INFO  base.BaseClass - Found Element By {by.toString()}
2024-01-26 00:03:19,479 [main] INFO  base.BaseClass - Trying to find Element By {by.toString()})
2024-01-26 00:03:19,507 [main] INFO  base.BaseClass - Found Element By {by.toString()}
2024-01-26 00:03:20,045 [main] INFO  base.BaseClass - Trying to find Element By {by.toString()})
2024-01-26 00:03:20,074 [main] INFO  base.BaseClass - Found Element By {by.toString()}
2024-01-26 00:03:20,614 [main] INFO  base.BaseClass - Trying to find Element By {by.toString()})
2024-01-26 00:03:20,643 [main] INFO  base.BaseClass - Found Element By {by.toString()}
2024-01-26 00:03:21,162 [main] INFO  base.BaseClass - Trying to find Element By {by.toString()})
2024-01-26 00:03:21,189 [main] INFO  base.BaseClass - Found Element By {by.toString()}
2024-01-26 00:03:21,730 [main] INFO  base.BaseClass - Trying to find Element By {by.toString()})
2024-01-26 00:03:21,756 [main] INFO  base.BaseClass - Found Element By {by.toString()}
2024-01-26 00:03:22,288 [main] INFO  base.BaseClass - Trying to find Element By {by.toString()})
2024-01-26 00:03:22,315 [main] INFO  base.BaseClass - Found Element By {by.toString()}
2024-01-26 00:03:22,855 [main] INFO  base.BaseClass - Trying to find Element By {by.toString()})
2024-01-26 00:03:22,881 [main] INFO  base.BaseClass - Found Element By {by.toString()}
2024-01-26 00:03:23,437 [main] INFO  base.BaseClass - Trying to find Element By {by.toString()})
2024-01-26 00:03:23,464 [main] INFO  base.BaseClass - Found Element By {by.toString()}
2024-01-26 00:03:24,018 [main] INFO  base.BaseClass - Trying to find Element By {by.toString()})
2024-01-26 00:03:24,046 [main] INFO  base.BaseClass - Found Element By {by.toString()}
TimeoutException occurred: Expected condition failed: waiting for helper.WaitUtility$5@2dacc262 (tried for 30 second(s) with 500 milliseconds interval)
Build info: version: '3.141.59', revision: 'e82be7d358', time: '2018-11-14T08:17:03'
System info: host: 'DPLAP166', ip: '137.237.3.67', os.name: 'Windows 10', os.arch: 'amd64', os.version: '10.0', java.version: '19.0.1'
Driver info: org.openqa.selenium.support.events.EventFiringWebDriver
Capabilities {acceptInsecureCerts: true, browserName: chrome, browserVersion: 121.0.6167.86, chrome: {chromedriverVersion: 121.0.6167.85 (3f98d690ad7e..., userDataDir: C:\Users\dP-PL\AppData\Loca...}, fedcm:accounts: true, goog:chromeOptions: {debuggerAddress: localhost:56255}, javascriptEnabled: true, networkConnectionEnabled: false, pageLoadStrategy: normal, platform: WINDOWS, platformName: WINDOWS, proxy: Proxy(), setWindowRect: true, strictFileInteractability: false, timeouts: {implicit: 0, pageLoad: 300000, script: 30000}, unhandledPromptBehavior: dismiss and notify, webauthn:extension:credBlob: true, webauthn:extension:largeBlob: true, webauthn:extension:minPinLength: true, webauthn:extension:prf: true, webauthn:virtualAuthenticators: true}
Session ID: 5ac4e55f65e9c5775ee35def664942b0
2024-01-26 00:03:24,077 [main] ERROR XGLT_15177_Test - Element did not become visible within the specified time: Expected condition failed: waiting for helper.WaitUtility$5@2dacc262 (tried for 30 second(s) with 500 milliseconds interval)
Build info: version: '3.141.59', revision: 'e82be7d358', time: '2018-11-14T08:17:03'
System info: host: 'DPLAP166', ip: '137.237.3.67', os.name: 'Windows 10', os.arch: 'amd64', os.version: '10.0', java.version: '19.0.1'
Driver info: org.openqa.selenium.support.events.EventFiringWebDriver
Capabilities {acceptInsecureCerts: true, browserName: chrome, browserVersion: 121.0.6167.86, chrome: {chromedriverVersion: 121.0.6167.85 (3f98d690ad7e..., userDataDir: C:\Users\dP-PL\AppData\Loca...}, fedcm:accounts: true, goog:chromeOptions: {debuggerAddress: localhost:56255}, javascriptEnabled: true, networkConnectionEnabled: false, pageLoadStrategy: normal, platform: WINDOWS, platformName: WINDOWS, proxy: Proxy(), setWindowRect: true, strictFileInteractability: false, timeouts: {implicit: 0, pageLoad: 300000, script: 30000}, unhandledPromptBehavior: dismiss and notify, webauthn:extension:credBlob: true, webauthn:extension:largeBlob: true, webauthn:extension:minPinLength: true, webauthn:extension:prf: true, webauthn:virtualAuthenticators: true}
Session ID: 5ac4e55f65e9c5775ee35def664942b0
2024-01-26 00:03:24,077 [main] INFO  base.BaseClass - Trying to find Element By {by.toString()})
2024-01-26 00:03:24,093 [main] INFO  base.BaseClass - Found Element By {by.toString()}
2024-01-26 00:03:24,093 [main] INFO  base.BaseClass - Trying to click on: {element.toString()}
2024-01-26 00:03:24,245 [main] INFO  base.BaseClass - Clicked on: {element.toString()}
2024-01-26 00:03:24,245 [main] INFO  base.BaseClass - Trying to find Element By {by.toString()})
2024-01-26 00:03:26,834 [main] INFO  base.BaseClass - Found Element By {by.toString()}
2024-01-26 00:03:27,353 [main] INFO  base.BaseClass - Trying to find Element By {by.toString()})
2024-01-26 00:03:27,382 [main] INFO  base.BaseClass - Found Element By {by.toString()}
2024-01-26 00:03:27,929 [main] INFO  base.BaseClass - Trying to find Element By {by.toString()})
2024-01-26 00:03:27,960 [main] INFO  base.BaseClass - Found Element By {by.toString()}
2024-01-26 00:03:28,485 [main] INFO  base.BaseClass - Trying to find Element By {by.toString()})
2024-01-26 00:03:28,516 [main] INFO  base.BaseClass - Found Element By {by.toString()}
2024-01-26 00:03:29,055 [main] INFO  base.BaseClass - Trying to find Element By {by.toString()})
2024-01-26 00:03:29,081 [main] INFO  base.BaseClass - Found Element By {by.toString()}
2024-01-26 00:03:29,599 [main] INFO  base.BaseClass - Trying to find Element By {by.toString()})
2024-01-26 00:03:29,629 [main] INFO  base.BaseClass - Found Element By {by.toString()}
2024-01-26 00:03:30,173 [main] INFO  base.BaseClass - Trying to find Element By {by.toString()})
2024-01-26 00:03:30,202 [main] INFO  base.BaseClass - Found Element By {by.toString()}
2024-01-26 00:03:30,746 [main] INFO  base.BaseClass - Trying to find Element By {by.toString()})
2024-01-26 00:03:30,776 [main] INFO  base.BaseClass - Found Element By {by.toString()}
2024-01-26 00:03:31,326 [main] INFO  base.BaseClass - Trying to find Element By {by.toString()})
2024-01-26 00:03:31,355 [main] INFO  base.BaseClass - Found Element By {by.toString()}
2024-01-26 00:03:31,895 [main] INFO  base.BaseClass - Trying to find Element By {by.toString()})
2024-01-26 00:03:31,917 [main] INFO  base.BaseClass - Found Element By {by.toString()}
2024-01-26 00:03:32,442 [main] INFO  base.BaseClass - Trying to find Element By {by.toString()})
2024-01-26 00:03:32,470 [main] INFO  base.BaseClass - Found Element By {by.toString()}
2024-01-26 00:03:33,007 [main] INFO  base.BaseClass - Trying to find Element By {by.toString()})
2024-01-26 00:03:33,022 [main] INFO  base.BaseClass - Found Element By {by.toString()}
2024-01-26 00:03:33,539 [main] INFO  base.BaseClass - Trying to find Element By {by.toString()})
2024-01-26 00:03:33,565 [main] INFO  base.BaseClass - Found Element By {by.toString()}
2024-01-26 00:03:34,110 [main] INFO  base.BaseClass - Trying to find Element By {by.toString()})
2024-01-26 00:03:34,123 [main] INFO  base.BaseClass - Found Element By {by.toString()}
2024-01-26 00:03:34,643 [main] INFO  base.BaseClass - Trying to find Element By {by.toString()})
2024-01-26 00:03:34,672 [main] INFO  base.BaseClass - Found Element By {by.toString()}
2024-01-26 00:03:35,211 [main] INFO  base.BaseClass - Trying to find Element By {by.toString()})
2024-01-26 00:03:35,242 [main] INFO  base.BaseClass - Found Element By {by.toString()}
2024-01-26 00:03:35,784 [main] INFO  base.BaseClass - Trying to find Element By {by.toString()})
2024-01-26 00:03:35,816 [main] INFO  base.BaseClass - Found Element By {by.toString()}
2024-01-26 00:03:36,359 [main] INFO  base.BaseClass - Trying to find Element By {by.toString()})
2024-01-26 00:03:36,386 [main] INFO  base.BaseClass - Found Element By {by.toString()}
2024-01-26 00:03:36,922 [main] INFO  base.BaseClass - Trying to find Element By {by.toString()})
2024-01-26 00:03:36,951 [main] INFO  base.BaseClass - Found Element By {by.toString()}
2024-01-26 00:03:37,494 [main] INFO  base.BaseClass - Trying to find Element By {by.toString()})
2024-01-26 00:03:37,523 [main] INFO  base.BaseClass - Found Element By {by.toString()}
2024-01-26 00:03:38,067 [main] INFO  base.BaseClass - Trying to find Element By {by.toString()})
2024-01-26 00:03:38,096 [main] INFO  base.BaseClass - Found Element By {by.toString()}
2024-01-26 00:03:38,640 [main] INFO  base.BaseClass - Trying to find Element By {by.toString()})
2024-01-26 00:03:38,672 [main] INFO  base.BaseClass - Found Element By {by.toString()}
2024-01-26 00:03:39,221 [main] INFO  base.BaseClass - Trying to find Element By {by.toString()})
2024-01-26 00:03:39,250 [main] INFO  base.BaseClass - Found Element By {by.toString()}
2024-01-26 00:03:39,792 [main] INFO  base.BaseClass - Trying to find Element By {by.toString()})
2024-01-26 00:03:39,810 [main] INFO  base.BaseClass - Found Element By {by.toString()}
2024-01-26 00:03:40,330 [main] INFO  base.BaseClass - Trying to find Element By {by.toString()})
2024-01-26 00:03:40,358 [main] INFO  base.BaseClass - Found Element By {by.toString()}
2024-01-26 00:03:40,896 [main] INFO  base.BaseClass - Trying to find Element By {by.toString()})
2024-01-26 00:03:40,926 [main] INFO  base.BaseClass - Found Element By {by.toString()}
2024-01-26 00:03:41,483 [main] INFO  base.BaseClass - Trying to find Element By {by.toString()})
2024-01-26 00:03:41,512 [main] INFO  base.BaseClass - Found Element By {by.toString()}
2024-01-26 00:03:42,060 [main] INFO  base.BaseClass - Trying to find Element By {by.toString()})
2024-01-26 00:03:42,089 [main] INFO  base.BaseClass - Found Element By {by.toString()}
2024-01-26 00:03:42,628 [main] INFO  base.BaseClass - Trying to find Element By {by.toString()})
2024-01-26 00:03:42,659 [main] INFO  base.BaseClass - Found Element By {by.toString()}
2024-01-26 00:03:43,200 [main] INFO  base.BaseClass - Trying to find Element By {by.toString()})
2024-01-26 00:03:43,228 [main] INFO  base.BaseClass - Found Element By {by.toString()}
2024-01-26 00:03:43,752 [main] INFO  base.BaseClass - Trying to find Element By {by.toString()})
2024-01-26 00:03:43,768 [main] INFO  base.BaseClass - Found Element By {by.toString()}
2024-01-26 00:03:44,306 [main] INFO  base.BaseClass - Trying to find Element By {by.toString()})
2024-01-26 00:03:44,336 [main] INFO  base.BaseClass - Found Element By {by.toString()}
2024-01-26 00:03:44,866 [main] INFO  base.BaseClass - Trying to find Element By {by.toString()})
2024-01-26 00:03:44,896 [main] INFO  base.BaseClass - Found Element By {by.toString()}
2024-01-26 00:03:45,437 [main] INFO  base.BaseClass - Trying to find Element By {by.toString()})
2024-01-26 00:03:45,463 [main] INFO  base.BaseClass - Found Element By {by.toString()}
2024-01-26 00:03:45,979 [main] INFO  base.BaseClass - Trying to find Element By {by.toString()})
2024-01-26 00:03:46,008 [main] INFO  base.BaseClass - Found Element By {by.toString()}
2024-01-26 00:03:46,555 [main] INFO  base.BaseClass - Trying to find Element By {by.toString()})
2024-01-26 00:03:46,583 [main] INFO  base.BaseClass - Found Element By {by.toString()}
2024-01-26 00:03:47,130 [main] INFO  base.BaseClass - Trying to find Element By {by.toString()})
2024-01-26 00:03:47,138 [main] INFO  base.BaseClass - Found Element By {by.toString()}
2024-01-26 00:03:47,650 [main] INFO  base.BaseClass - Trying to find Element By {by.toString()})
2024-01-26 00:03:47,680 [main] INFO  base.BaseClass - Found Element By {by.toString()}
2024-01-26 00:03:48,227 [main] INFO  base.BaseClass - Trying to find Element By {by.toString()})
2024-01-26 00:03:48,253 [main] INFO  base.BaseClass - Found Element By {by.toString()}
2024-01-26 00:03:48,777 [main] INFO  base.BaseClass - Trying to find Element By {by.toString()})
2024-01-26 00:03:48,806 [main] INFO  base.BaseClass - Found Element By {by.toString()}
2024-01-26 00:03:49,349 [main] INFO  base.BaseClass - Trying to find Element By {by.toString()})
2024-01-26 00:03:49,377 [main] INFO  base.BaseClass - Found Element By {by.toString()}
2024-01-26 00:03:49,910 [main] INFO  base.BaseClass - Trying to find Element By {by.toString()})
2024-01-26 00:03:49,961 [main] INFO  base.BaseClass - Found Element By {by.toString()}
2024-01-26 00:03:50,478 [main] INFO  base.BaseClass - Trying to find Element By {by.toString()})
2024-01-26 00:03:50,506 [main] INFO  base.BaseClass - Found Element By {by.toString()}
2024-01-26 00:03:51,050 [main] INFO  base.BaseClass - Trying to find Element By {by.toString()})
2024-01-26 00:03:51,079 [main] INFO  base.BaseClass - Found Element By {by.toString()}
2024-01-26 00:03:51,616 [main] INFO  base.BaseClass - Trying to find Element By {by.toString()})
2024-01-26 00:03:51,644 [main] INFO  base.BaseClass - Found Element By {by.toString()}
2024-01-26 00:03:52,187 [main] INFO  base.BaseClass - Trying to find Element By {by.toString()})
2024-01-26 00:03:52,199 [main] INFO  base.BaseClass - Found Element By {by.toString()}
2024-01-26 00:03:52,715 [main] INFO  base.BaseClass - Trying to find Element By {by.toString()})
2024-01-26 00:03:52,746 [main] INFO  base.BaseClass - Found Element By {by.toString()}
2024-01-26 00:03:53,291 [main] INFO  base.BaseClass - Trying to find Element By {by.toString()})
2024-01-26 00:03:53,320 [main] INFO  base.BaseClass - Found Element By {by.toString()}
2024-01-26 00:03:53,861 [main] INFO  base.BaseClass - Trying to find Element By {by.toString()})
2024-01-26 00:03:53,890 [main] INFO  base.BaseClass - Found Element By {by.toString()}
2024-01-26 00:03:54,439 [main] INFO  base.BaseClass - Trying to find Element By {by.toString()})
2024-01-26 00:03:54,455 [main] INFO  base.BaseClass - Found Element By {by.toString()}
TimeoutException occurred: Expected condition failed: waiting for helper.WaitUtility$5@698e4b80 (tried for 30 second(s) with 500 milliseconds interval)
Build info: version: '3.141.59', revision: 'e82be7d358', time: '2018-11-14T08:17:03'
System info: host: 'DPLAP166', ip: '137.237.3.67', os.name: 'Windows 10', os.arch: 'amd64', os.version: '10.0', java.version: '19.0.1'
Driver info: org.openqa.selenium.support.events.EventFiringWebDriver
Capabilities {acceptInsecureCerts: true, browserName: chrome, browserVersion: 121.0.6167.86, chrome: {chromedriverVersion: 121.0.6167.85 (3f98d690ad7e..., userDataDir: C:\Users\dP-PL\AppData\Loca...}, fedcm:accounts: true, goog:chromeOptions: {debuggerAddress: localhost:56255}, javascriptEnabled: true, networkConnectionEnabled: false, pageLoadStrategy: normal, platform: WINDOWS, platformName: WINDOWS, proxy: Proxy(), setWindowRect: true, strictFileInteractability: false, timeouts: {implicit: 0, pageLoad: 300000, script: 30000}, unhandledPromptBehavior: dismiss and notify, webauthn:extension:credBlob: true, webauthn:extension:largeBlob: true, webauthn:extension:minPinLength: true, webauthn:extension:prf: true, webauthn:virtualAuthenticators: true}
Session ID: 5ac4e55f65e9c5775ee35def664942b0
2024-01-26 00:03:54,479 [main] ERROR XGLT_15177_Test - Element did not become visible within the specified time: Expected condition failed: waiting for helper.WaitUtility$5@698e4b80 (tried for 30 second(s) with 500 milliseconds interval)
Build info: version: '3.141.59', revision: 'e82be7d358', time: '2018-11-14T08:17:03'
System info: host: 'DPLAP166', ip: '137.237.3.67', os.name: 'Windows 10', os.arch: 'amd64', os.version: '10.0', java.version: '19.0.1'
Driver info: org.openqa.selenium.support.events.EventFiringWebDriver
Capabilities {acceptInsecureCerts: true, browserName: chrome, browserVersion: 121.0.6167.86, chrome: {chromedriverVersion: 121.0.6167.85 (3f98d690ad7e..., userDataDir: C:\Users\dP-PL\AppData\Loca...}, fedcm:accounts: true, goog:chromeOptions: {debuggerAddress: localhost:56255}, javascriptEnabled: true, networkConnectionEnabled: false, pageLoadStrategy: normal, platform: WINDOWS, platformName: WINDOWS, proxy: Proxy(), setWindowRect: true, strictFileInteractability: false, timeouts: {implicit: 0, pageLoad: 300000, script: 30000}, unhandledPromptBehavior: dismiss and notify, webauthn:extension:credBlob: true, webauthn:extension:largeBlob: true, webauthn:extension:minPinLength: true, webauthn:extension:prf: true, webauthn:virtualAuthenticators: true}
Session ID: 5ac4e55f65e9c5775ee35def664942b0
2024-01-26 00:03:54,490 [main] INFO  base.BaseClass - Trying to find Element By {by.toString()})
2024-01-26 00:03:54,514 [main] INFO  base.BaseClass - Found Element By {by.toString()}
2024-01-26 00:03:54,553 [main] INFO  base.BaseClass - Trying to find Element By {by.toString()})
2024-01-26 00:03:54,589 [main] INFO  base.BaseClass - Found Element By {by.toString()}
2024-01-26 00:03:54,605 [main] INFO  base.BaseClass - Trying to find Element By {by.toString()})
2024-01-26 00:03:54,618 [main] INFO  base.BaseClass - Found Element By {by.toString()}
2024-01-26 00:03:54,636 [main] INFO  base.BaseClass - Trying to find Element By {by.toString()})
2024-01-26 00:03:54,651 [main] INFO  base.BaseClass - Found Element By {by.toString()}
last page in current selection is 1
2024-01-26 00:03:54,661 [main] INFO  base.BaseClass - Trying to find Element By {by.toString()})
2024-01-26 00:03:54,673 [main] INFO  base.BaseClass - Found Element By {by.toString()}
Height is 426
2024-01-26 00:03:54,682 [main] INFO  base.BaseClass - Trying to find Element By {by.toString()})
2024-01-26 00:03:54,693 [main] INFO  base.BaseClass - Found Element By {by.toString()}
Billing submission count for submitted invoices is 5
2024-01-26 00:03:54,694 [main] INFO  base.BaseClass - Trying to find Element By {by.toString()})
2024-01-26 00:03:54,702 [main] INFO  base.BaseClass - Found Element By {by.toString()}
2024-01-26 00:03:54,715 [main] INFO  base.BaseClass - Trying to find Element By {by.toString()})
2024-01-26 00:03:54,724 [main] INFO  base.BaseClass - Found Element By {by.toString()}
2024-01-26 00:03:54,731 [main] INFO  base.BaseClass - Trying to find Element By {by.toString()})
2024-01-26 00:03:54,741 [main] INFO  base.BaseClass - Found Element By {by.toString()}
2024-01-26 00:03:54,755 [main] INFO  base.BaseClass - Trying to find Element By {by.toString()})
2024-01-26 00:03:54,764 [main] INFO  base.BaseClass - Found Element By {by.toString()}
last page in current selection is 1
2024-01-26 00:03:54,773 [main] INFO  base.BaseClass - Trying to find Element By {by.toString()})
2024-01-26 00:03:54,783 [main] INFO  base.BaseClass - Found Element By {by.toString()}
Height is 426
2024-01-26 00:03:54,794 [main] INFO  base.BaseClass - Trying to find Element By {by.toString()})
2024-01-26 00:03:54,805 [main] INFO  base.BaseClass - Found Element By {by.toString()}
2024-01-26 00:03:54,805 [main] INFO  base.BaseClass - Trying to find Element By {by.toString()})
2024-01-26 00:03:54,815 [main] INFO  base.BaseClass - Found Element By {by.toString()}
2024-01-26 00:03:54,828 [main] INFO  base.BaseClass - Trying to find Element By {by.toString()})
2024-01-26 00:03:54,838 [main] INFO  base.BaseClass - Found Element By {by.toString()}
2024-01-26 00:03:54,846 [main] INFO  base.BaseClass - Trying to find Element By {by.toString()})
2024-01-26 00:03:54,854 [main] INFO  base.BaseClass - Found Element By {by.toString()}
2024-01-26 00:03:54,867 [main] INFO  base.BaseClass - Trying to find Element By {by.toString()})
2024-01-26 00:03:54,877 [main] INFO  base.BaseClass - Found Element By {by.toString()}
last page in current selection is 1
2024-01-26 00:03:54,886 [main] INFO  base.BaseClass - Trying to find Element By {by.toString()})
2024-01-26 00:03:54,896 [main] INFO  base.BaseClass - Found Element By {by.toString()}
Height is 426
2024-01-26 00:03:54,905 [main] INFO  base.BaseClass - Trying to find Element By {by.toString()})
2024-01-26 00:03:54,915 [main] INFO  base.BaseClass - Found Element By {by.toString()}
SubmittedRecord passed!
]]></system-out>
  </testcase>
  <testcase name="pingTest" classname="pingTest" time="1.809">
    <system-out><![CDATA[2024-01-26 00:03:55,100 [main] INFO  XGLT_15177_Test - closing up browser
2024-01-26 00:03:55,441 [main] INFO  base.BaseClass - Login to XGL
2024-01-26 00:03:55,441 [main] INFO  XGLT_15177_Test - Setting up browser
2024-01-26 00:03:55,448 [main] INFO  io.github.bonigarcia.wdm.WebDriverManager - Using chromedriver 121.0.6167.85 (resolved driver for Chrome 121)
2024-01-26 00:03:55,458 [main] INFO  io.github.bonigarcia.wdm.WebDriverManager - Exporting webdriver.chrome.driver as C:\Users\dP-PL\.cache\selenium\chromedriver\win64\121.0.6167.85\chromedriver.exe
2024-01-26 00:03:58,601 [main] INFO  base.BaseClass - Before navigating to {url}
2024-01-26 00:04:05,527 [main] INFO  base.BaseClass - Navigated to {url}
2024-01-26 00:04:05,907 [main] INFO  base.BaseClass - Trying to find Element By {by.toString()})
2024-01-26 00:04:05,921 [main] INFO  base.BaseClass - Found Element By {by.toString()}
2024-01-26 00:04:05,966 [main] INFO  base.BaseClass - Trying to find Element By {by.toString()})
2024-01-26 00:04:05,978 [main] INFO  base.BaseClass - Found Element By {by.toString()}
2024-01-26 00:04:06,042 [main] INFO  base.BaseClass - Trying to find Element By {by.toString()})
2024-01-26 00:04:06,052 [main] INFO  base.BaseClass - Found Element By {by.toString()}
2024-01-26 00:04:06,052 [main] INFO  base.BaseClass - Trying to click on: {element.toString()}
2024-01-26 00:04:06,098 [main] INFO  base.BaseClass - Clicked on: {element.toString()}
2024-01-26 00:04:06,098 [main] INFO  base.BaseClass - Trying to find Element By {by.toString()})
2024-01-26 00:04:13,112 [main] INFO  base.BaseClass - Found Element By {by.toString()}
2024-01-26 00:04:13,132 [main] INFO  base.BaseClass - Trying to find Element By {by.toString()})
NoSuchElementException occurred: no such element: Unable to locate element: {"method":"xpath","selector":"//div[@class='modal-content']/div/i[contains(@class,'close')]"}
  (Session info: chrome=121.0.6167.86)
For documentation on this error, please visit: https://www.seleniumhq.org/exceptions/no_such_element.html
Build info: version: '3.141.59', revision: 'e82be7d358', time: '2018-11-14T08:17:03'
System info: host: 'DPLAP166', ip: '137.237.3.67', os.name: 'Windows 10', os.arch: 'amd64', os.version: '10.0', java.version: '19.0.1'
Driver info: org.openqa.selenium.chrome.ChromeDriver
Capabilities {acceptInsecureCerts: true, browserName: chrome, browserVersion: 121.0.6167.86, chrome: {chromedriverVersion: 121.0.6167.85 (3f98d690ad7e..., userDataDir: C:\Users\dP-PL\AppData\Loca...}, fedcm:accounts: true, goog:chromeOptions: {debuggerAddress: localhost:56334}, javascriptEnabled: true, networkConnectionEnabled: false, pageLoadStrategy: normal, platform: WINDOWS, platformName: WINDOWS, proxy: Proxy(), setWindowRect: true, strictFileInteractability: false, timeouts: {implicit: 0, pageLoad: 300000, script: 30000}, unhandledPromptBehavior: dismiss and notify, webauthn:extension:credBlob: true, webauthn:extension:largeBlob: true, webauthn:extension:minPinLength: true, webauthn:extension:prf: true, webauthn:virtualAuthenticators: true}
Session ID: e79b776d4e9b2f4b689e665b3b5e6ae3
*** Element info: {Using=xpath, value=//div[@class='modal-content']/div/i[contains(@class,'close')]}
Before method Test name: Maintainance Tests
pingTest started!
Host is reachable
Host is reachable
pingTest passed!
]]></system-out>
    <system-err><![CDATA[Starting ChromeDriver 121.0.6167.85 (3f98d690ad7e59242ef110144c757b2ac4eef1a2-refs/branch-heads/6167@{#1539}) on port 33854
Only local connections are allowed.
Please see https://chromedriver.chromium.org/security-considerations for suggestions on keeping ChromeDriver safe.
ChromeDriver was started successfully.
Jan 26, 2024 12:03:58 AM org.openqa.selenium.remote.ProtocolHandshake createSession
INFO: Detected dialect: W3C
]]></system-err>
  </testcase>
</testsuite>