<?xml version="1.0" encoding="UTF-8"?>
<testsuite xmlns:xsi="http://www.w3.org/2001/XMLSchema-instance" xsi:noNamespaceSchemaLocation="https://maven.apache.org/surefire/maven-surefire-plugin/xsd/surefire-test-report-3.0.xsd" version="3.0" name="TestSuite" time="7,931.297" tests="1" errors="0" skipped="0" failures="1">
  <properties>
    <property name="java.specification.version" value="19"/>
    <property name="webdriver.chrome.driver" value="C:\Users\dP-PL\.cache\selenium\chromedriver\win64\123.0.6312.122\chromedriver.exe"/>
    <property name="sun.cpu.isalist" value="amd64"/>
    <property name="sun.jnu.encoding" value="Cp1252"/>
    <property name="java.class.path" value="D:\XGL Final\XGLFinal\target\test-classes;D:\XGL Final\XGLFinal\target\classes;C:\Users\dP-PL\.m2\repository\org\seleniumhq\selenium\selenium-java\3.141.59\selenium-java-3.141.59.jar;C:\Users\dP-PL\.m2\repository\org\seleniumhq\selenium\selenium-api\3.141.59\selenium-api-3.141.59.jar;C:\Users\dP-PL\.m2\repository\org\seleniumhq\selenium\selenium-chrome-driver\3.141.59\selenium-chrome-driver-3.141.59.jar;C:\Users\dP-PL\.m2\repository\org\seleniumhq\selenium\selenium-edge-driver\3.141.59\selenium-edge-driver-3.141.59.jar;C:\Users\dP-PL\.m2\repository\org\seleniumhq\selenium\selenium-firefox-driver\3.141.59\selenium-firefox-driver-3.141.59.jar;C:\Users\dP-PL\.m2\repository\org\seleniumhq\selenium\selenium-ie-driver\3.141.59\selenium-ie-driver-3.141.59.jar;C:\Users\dP-PL\.m2\repository\org\seleniumhq\selenium\selenium-opera-driver\3.141.59\selenium-opera-driver-3.141.59.jar;C:\Users\dP-PL\.m2\repository\org\seleniumhq\selenium\selenium-remote-driver\3.141.59\selenium-remote-driver-3.141.59.jar;C:\Users\dP-PL\.m2\repository\org\seleniumhq\selenium\selenium-safari-driver\3.141.59\selenium-safari-driver-3.141.59.jar;C:\Users\dP-PL\.m2\repository\org\seleniumhq\selenium\selenium-support\3.141.59\selenium-support-3.141.59.jar;C:\Users\dP-PL\.m2\repository\net\bytebuddy\byte-buddy\1.8.15\byte-buddy-1.8.15.jar;C:\Users\dP-PL\.m2\repository\org\apache\commons\commons-exec\1.3\commons-exec-1.3.jar;C:\Users\dP-PL\.m2\repository\com\google\guava\guava\25.0-jre\guava-25.0-jre.jar;C:\Users\dP-PL\.m2\repository\org\checkerframework\checker-compat-qual\2.0.0\checker-compat-qual-2.0.0.jar;C:\Users\dP-PL\.m2\repository\com\google\errorprone\error_prone_annotations\2.1.3\error_prone_annotations-2.1.3.jar;C:\Users\dP-PL\.m2\repository\com\google\j2objc\j2objc-annotations\1.1\j2objc-annotations-1.1.jar;C:\Users\dP-PL\.m2\repository\org\codehaus\mojo\animal-sniffer-annotations\1.14\animal-sniffer-annotations-1.14.jar;C:\Users\dP-PL\.m2\repository\com\squareup\okhttp3\okhttp\3.11.0\okhttp-3.11.0.jar;C:\Users\dP-PL\.m2\repository\com\squareup\okio\okio\1.14.0\okio-1.14.0.jar;C:\Users\dP-PL\.m2\repository\org\seleniumhq\selenium\selenium-http-jdk-client\4.8.1\selenium-http-jdk-client-4.8.1.jar;C:\Users\dP-PL\.m2\repository\com\google\auto\service\auto-service-annotations\1.0.1\auto-service-annotations-1.0.1.jar;C:\Users\dP-PL\.m2\repository\com\google\auto\service\auto-service\1.0.1\auto-service-1.0.1.jar;C:\Users\dP-PL\.m2\repository\com\google\auto\auto-common\1.2\auto-common-1.2.jar;C:\Users\dP-PL\.m2\repository\org\seleniumhq\selenium\selenium-http\4.8.1\selenium-http-4.8.1.jar;C:\Users\dP-PL\.m2\repository\dev\failsafe\failsafe\3.3.0\failsafe-3.3.0.jar;C:\Users\dP-PL\.m2\repository\org\seleniumhq\selenium\selenium-json\4.8.1\selenium-json-4.8.1.jar;C:\Users\dP-PL\.m2\repository\io\github\bonigarcia\webdrivermanager\5.5.3\webdrivermanager-5.5.3.jar;C:\Users\dP-PL\.m2\repository\com\github\docker-java\docker-java\3.3.3\docker-java-3.3.3.jar;C:\Users\dP-PL\.m2\repository\com\github\docker-java\docker-java-core\3.3.3\docker-java-core-3.3.3.jar;C:\Users\dP-PL\.m2\repository\com\github\docker-java\docker-java-api\3.3.3\docker-java-api-3.3.3.jar;C:\Users\dP-PL\.m2\repository\org\bouncycastle\bcpkix-jdk18on\1.75\bcpkix-jdk18on-1.75.jar;C:\Users\dP-PL\.m2\repository\org\bouncycastle\bcprov-jdk18on\1.75\bcprov-jdk18on-1.75.jar;C:\Users\dP-PL\.m2\repository\org\bouncycastle\bcutil-jdk18on\1.75\bcutil-jdk18on-1.75.jar;C:\Users\dP-PL\.m2\repository\com\github\docker-java\docker-java-transport-httpclient5\3.3.3\docker-java-transport-httpclient5-3.3.3.jar;C:\Users\dP-PL\.m2\repository\com\github\docker-java\docker-java-transport\3.3.3\docker-java-transport-3.3.3.jar;C:\Users\dP-PL\.m2\repository\net\java\dev\jna\jna\5.12.1\jna-5.12.1.jar;C:\Users\dP-PL\.m2\repository\org\brotli\dec\0.1.2\dec-0.1.2.jar;C:\Users\dP-PL\.m2\repository\org\apache\commons\commons-lang3\3.13.0\commons-lang3-3.13.0.jar;C:\Users\dP-PL\.m2\repository\org\apache\httpcomponents\client5\httpclient5\5.2.1\httpclient5-5.2.1.jar;C:\Users\dP-PL\.m2\repository\org\apache\httpcomponents\core5\httpcore5\5.2\httpcore5-5.2.jar;C:\Users\dP-PL\.m2\repository\org\apache\httpcomponents\core5\httpcore5-h2\5.2\httpcore5-h2-5.2.jar;C:\Users\dP-PL\.m2\repository\org\testng\testng\7.6.1\testng-7.6.1.jar;C:\Users\dP-PL\.m2\repository\com\google\code\findbugs\jsr305\3.0.2\jsr305-3.0.2.jar;C:\Users\dP-PL\.m2\repository\com\beust\jcommander\1.82\jcommander-1.82.jar;C:\Users\dP-PL\.m2\repository\org\webjars\jquery\3.6.0\jquery-3.6.0.jar;C:\Users\dP-PL\.m2\repository\net\rcarz\Jira-client\0.5\Jira-client-0.5.jar;C:\Users\dP-PL\.m2\repository\org\apache\httpcomponents\httpmime\4.2.5\httpmime-4.2.5.jar;C:\Users\dP-PL\.m2\repository\net\sf\json-lib\json-lib\2.4\json-lib-2.4-jdk15.jar;C:\Users\dP-PL\.m2\repository\commons-beanutils\commons-beanutils\1.8.0\commons-beanutils-1.8.0.jar;C:\Users\dP-PL\.m2\repository\commons-collections\commons-collections\3.2.1\commons-collections-3.2.1.jar;C:\Users\dP-PL\.m2\repository\commons-lang\commons-lang\2.5\commons-lang-2.5.jar;C:\Users\dP-PL\.m2\repository\net\sf\ezmorph\ezmorph\1.0.6\ezmorph-1.0.6.jar;C:\Users\dP-PL\.m2\repository\joda-time\joda-time\2.3\joda-time-2.3.jar;C:\Users\dP-PL\.m2\repository\junit\junit\4.8.2\junit-4.8.2.jar;C:\Users\dP-PL\.m2\repository\org\mockito\mockito-all\1.9.0\mockito-all-1.9.0.jar;C:\Users\dP-PL\.m2\repository\commons-httpclient\commons-httpclient\3.1\commons-httpclient-3.1.jar;C:\Users\dP-PL\.m2\repository\org\apache\maven\plugins\maven-surefire-plugin\3.0.0-M7\maven-surefire-plugin-3.0.0-M7.jar;C:\Users\dP-PL\.m2\repository\org\apache\maven\surefire\maven-surefire-common\3.0.0-M7\maven-surefire-common-3.0.0-M7.jar;C:\Users\dP-PL\.m2\repository\org\apache\maven\surefire\surefire-api\3.0.0-M7\surefire-api-3.0.0-M7.jar;C:\Users\dP-PL\.m2\repository\org\apache\maven\surefire\surefire-logger-api\3.0.0-M7\surefire-logger-api-3.0.0-M7.jar;C:\Users\dP-PL\.m2\repository\org\apache\maven\surefire\surefire-extensions-api\3.0.0-M7\surefire-extensions-api-3.0.0-M7.jar;C:\Users\dP-PL\.m2\repository\org\apache\maven\surefire\surefire-booter\3.0.0-M7\surefire-booter-3.0.0-M7.jar;C:\Users\dP-PL\.m2\repository\org\apache\maven\surefire\surefire-extensions-spi\3.0.0-M7\surefire-extensions-spi-3.0.0-M7.jar;C:\Users\dP-PL\.m2\repository\org\apache\maven\shared\maven-common-artifact-filters\3.1.1\maven-common-artifact-filters-3.1.1.jar;C:\Users\dP-PL\.m2\repository\org\codehaus\plexus\plexus-java\1.1.1\plexus-java-1.1.1.jar;C:\Users\dP-PL\.m2\repository\org\ow2\asm\asm\9.2\asm-9.2.jar;C:\Users\dP-PL\.m2\repository\com\thoughtworks\qdox\qdox\2.0.1\qdox-2.0.1.jar;C:\Users\dP-PL\.m2\repository\org\apache\maven\surefire\surefire-shared-utils\3.0.0-M7\surefire-shared-utils-3.0.0-M7.jar;C:\Users\dP-PL\.m2\repository\com\aventstack\extentreports\5.0.8\extentreports-5.0.8.jar;C:\Users\dP-PL\.m2\repository\io\reactivex\rxjava3\rxjava\3.0.4\rxjava-3.0.4.jar;C:\Users\dP-PL\.m2\repository\org\reactivestreams\reactive-streams\1.0.3\reactive-streams-1.0.3.jar;C:\Users\dP-PL\.m2\repository\org\freemarker\freemarker\2.3.30\freemarker-2.3.30.jar;C:\Users\dP-PL\.m2\repository\org\projectlombok\lombok\1.18.22\lombok-1.18.22.jar;C:\Users\dP-PL\.m2\repository\org\apache\poi\poi-ooxml\5.2.2\poi-ooxml-5.2.2.jar;C:\Users\dP-PL\.m2\repository\org\apache\poi\poi\5.2.2\poi-5.2.2.jar;C:\Users\dP-PL\.m2\repository\org\apache\commons\commons-math3\3.6.1\commons-math3-3.6.1.jar;C:\Users\dP-PL\.m2\repository\com\zaxxer\SparseBitSet\1.2\SparseBitSet-1.2.jar;C:\Users\dP-PL\.m2\repository\org\apache\poi\poi-ooxml-lite\5.2.2\poi-ooxml-lite-5.2.2.jar;C:\Users\dP-PL\.m2\repository\org\apache\xmlbeans\xmlbeans\5.0.3\xmlbeans-5.0.3.jar;C:\Users\dP-PL\.m2\repository\org\apache\commons\commons-compress\1.21\commons-compress-1.21.jar;C:\Users\dP-PL\.m2\repository\commons-io\commons-io\2.11.0\commons-io-2.11.0.jar;C:\Users\dP-PL\.m2\repository\com\github\virtuald\curvesapi\1.07\curvesapi-1.07.jar;C:\Users\dP-PL\.m2\repository\org\apache\commons\commons-collections4\4.4\commons-collections4-4.4.jar;C:\Users\dP-PL\.m2\repository\org\apache\logging\log4j\log4j-api\2.17.0\log4j-api-2.17.0.jar;C:\Users\dP-PL\.m2\repository\org\apache\logging\log4j\log4j-core\2.17.0\log4j-core-2.17.0.jar;C:\Users\dP-PL\.m2\repository\org\slf4j\slf4j-api\1.7.32\slf4j-api-1.7.32.jar;C:\Users\dP-PL\.m2\repository\org\apache\logging\log4j\log4j-slf4j-impl\2.17.0\log4j-slf4j-impl-2.17.0.jar;C:\Users\dP-PL\.m2\repository\com\microsoft\sqlserver\mssql-jdbc\12.4.0.jre11\mssql-jdbc-12.4.0.jre11.jar;C:\Users\dP-PL\.m2\repository\com\oracle\database\jdbc\ojdbc11\23.2.0.0\ojdbc11-23.2.0.0.jar;C:\Users\dP-PL\.m2\repository\net\lightbody\bmp\browsermob-core\2.1.5\browsermob-core-2.1.5.jar;C:\Users\dP-PL\.m2\repository\net\lightbody\bmp\littleproxy\1.1.0-beta-bmp-17\littleproxy-1.1.0-beta-bmp-17.jar;C:\Users\dP-PL\.m2\repository\com\fasterxml\jackson\core\jackson-core\2.8.9\jackson-core-2.8.9.jar;C:\Users\dP-PL\.m2\repository\com\fasterxml\jackson\core\jackson-databind\2.8.9\jackson-databind-2.8.9.jar;C:\Users\dP-PL\.m2\repository\com\fasterxml\jackson\core\jackson-annotations\2.8.9\jackson-annotations-2.8.9.jar;C:\Users\dP-PL\.m2\repository\dnsjava\dnsjava\2.1.8\dnsjava-2.1.8.jar;C:\Users\dP-PL\.m2\repository\org\slf4j\jcl-over-slf4j\1.7.25\jcl-over-slf4j-1.7.25.jar;C:\Users\dP-PL\.m2\repository\com\jcraft\jzlib\1.1.3\jzlib-1.1.3.jar;C:\Users\dP-PL\.m2\repository\io\netty\netty-all\4.0.51.Final\netty-all-4.0.51.Final.jar;C:\Users\dP-PL\.m2\repository\org\bouncycastle\bcprov-jdk15on\1.58\bcprov-jdk15on-1.58.jar;C:\Users\dP-PL\.m2\repository\org\bouncycastle\bcpkix-jdk15on\1.58\bcpkix-jdk15on-1.58.jar;C:\Users\dP-PL\.m2\repository\net\lightbody\bmp\mitm\2.1.5\mitm-2.1.5.jar;C:\Users\dP-PL\.m2\repository\dom4j\dom4j\1.1\dom4j-1.1.jar;C:\Users\dP-PL\.m2\repository\org\apache\httpcomponents\httpclient\4.5.13\httpclient-4.5.13.jar;C:\Users\dP-PL\.m2\repository\org\apache\httpcomponents\httpcore\4.4.13\httpcore-4.4.13.jar;C:\Users\dP-PL\.m2\repository\commons-logging\commons-logging\1.2\commons-logging-1.2.jar;C:\Users\dP-PL\.m2\repository\commons-codec\commons-codec\1.11\commons-codec-1.11.jar;C:\Users\dP-PL\.m2\repository\com\google\code\gson\gson\2.8.8\gson-2.8.8.jar;C:\Users\dP-PL\.m2\repository\ch\fortysix\maven-postman-plugin\0.1.6\maven-postman-plugin-0.1.6.jar;C:\Users\dP-PL\.m2\repository\org\codehaus\gmaven\gmaven-mojo\1.2\gmaven-mojo-1.2.jar;C:\Users\dP-PL\.m2\repository\org\codehaus\gmaven\runtime\gmaven-runtime-api\1.2\gmaven-runtime-api-1.2.jar;C:\Users\dP-PL\.m2\repository\org\codehaus\gmaven\feature\gmaven-feature-api\1.2\gmaven-feature-api-1.2.jar;C:\Users\dP-PL\.m2\repository\org\apache\maven\maven-project\2.0.10\maven-project-2.0.10.jar;C:\Users\dP-PL\.m2\repository\org\apache\maven\maven-plugin-registry\2.0.10\maven-plugin-registry-2.0.10.jar;C:\Users\dP-PL\.m2\repository\org\codehaus\plexus\plexus-interpolation\1.1\plexus-interpolation-1.1.jar;C:\Users\dP-PL\.m2\repository\org\apache\maven\maven-plugin-api\2.0.10\maven-plugin-api-2.0.10.jar;C:\Users\dP-PL\.m2\repository\org\codehaus\gmaven\runtime\gmaven-runtime-1.7\1.2\gmaven-runtime-1.7-1.2.jar;C:\Users\dP-PL\.m2\repository\org\codehaus\gmaven\feature\gmaven-feature-support\1.2\gmaven-feature-support-1.2.jar;C:\Users\dP-PL\.m2\repository\org\codehaus\gmaven\runtime\gmaven-runtime-support\1.2\gmaven-runtime-support-1.2.jar;C:\Users\dP-PL\.m2\repository\org\sonatype\gshell\gshell-io\2.0\gshell-io-2.0.jar;C:\Users\dP-PL\.m2\repository\org\sonatype\gossip\gossip\1.0\gossip-1.0.jar;C:\Users\dP-PL\.m2\repository\org\codehaus\groovy\groovy-all\1.7-beta-2\groovy-all-1.7-beta-2.jar;C:\Users\dP-PL\.m2\repository\jline\jline\0.9.94\jline-0.9.94.jar;C:\Users\dP-PL\.m2\repository\javax\mail\mail\1.4.1\mail-1.4.1.jar;C:\Users\dP-PL\.m2\repository\javax\activation\activation\1.1\activation-1.1.jar;C:\Users\dP-PL\.m2\repository\org\apache\ant\ant\1.7.1\ant-1.7.1.jar;C:\Users\dP-PL\.m2\repository\org\apache\ant\ant-launcher\1.7.1\ant-launcher-1.7.1.jar;C:\Users\dP-PL\.m2\repository\org\slf4j\log4j-over-slf4j\1.5.10\log4j-over-slf4j-1.5.10.jar;C:\Users\dP-PL\.m2\repository\org\apache\maven\shared\file-management\1.2.1\file-management-1.2.1.jar;C:\Users\dP-PL\.m2\repository\org\apache\maven\shared\maven-shared-io\1.1\maven-shared-io-1.1.jar;C:\Users\dP-PL\.m2\repository\org\codehaus\plexus\plexus-container-default\1.0-alpha-9\plexus-container-default-1.0-alpha-9.jar;C:\Users\dP-PL\.m2\repository\org\apache\maven\reporting\maven-reporting-api\2.2.1\maven-reporting-api-2.2.1.jar;C:\Users\dP-PL\.m2\repository\org\apache\maven\doxia\doxia-logging-api\1.1\doxia-logging-api-1.1.jar;C:\Users\dP-PL\.m2\repository\org\apache\maven\reporting\maven-reporting-impl\2.0.4.3\maven-reporting-impl-2.0.4.3.jar;C:\Users\dP-PL\.m2\repository\org\apache\maven\doxia\doxia-core\1.0\doxia-core-1.0.jar;C:\Users\dP-PL\.m2\repository\org\apache\maven\doxia\doxia-site-renderer\1.0\doxia-site-renderer-1.0.jar;C:\Users\dP-PL\.m2\repository\org\codehaus\plexus\plexus-i18n\1.0-beta-7\plexus-i18n-1.0-beta-7.jar;C:\Users\dP-PL\.m2\repository\org\codehaus\plexus\plexus-velocity\1.1.7\plexus-velocity-1.1.7.jar;C:\Users\dP-PL\.m2\repository\org\apache\velocity\velocity\1.5\velocity-1.5.jar;C:\Users\dP-PL\.m2\repository\org\apache\maven\doxia\doxia-decoration-model\1.0\doxia-decoration-model-1.0.jar;C:\Users\dP-PL\.m2\repository\org\apache\maven\doxia\doxia-module-apt\1.0\doxia-module-apt-1.0.jar;C:\Users\dP-PL\.m2\repository\org\apache\maven\doxia\doxia-module-fml\1.0\doxia-module-fml-1.0.jar;C:\Users\dP-PL\.m2\repository\org\apache\maven\doxia\doxia-module-xdoc\1.0\doxia-module-xdoc-1.0.jar;C:\Users\dP-PL\.m2\repository\org\apache\maven\doxia\doxia-module-xhtml\1.0\doxia-module-xhtml-1.0.jar;C:\Users\dP-PL\.m2\repository\commons-validator\commons-validator\1.2.0\commons-validator-1.2.0.jar;C:\Users\dP-PL\.m2\repository\commons-digester\commons-digester\1.6\commons-digester-1.6.jar;C:\Users\dP-PL\.m2\repository\oro\oro\2.0.8\oro-2.0.8.jar;C:\Users\dP-PL\.m2\repository\xml-apis\xml-apis\1.0.b2\xml-apis-1.0.b2.jar;C:\Users\dP-PL\.m2\repository\org\apache\maven\shared\maven-doxia-tools\1.0.2\maven-doxia-tools-1.0.2.jar;C:\Users\dP-PL\.m2\repository\org\apache\maven\doxia\doxia-sink-api\1.1.2\doxia-sink-api-1.1.2.jar;C:\Users\dP-PL\.m2\repository\org\codehaus\plexus\plexus-utils\2.0.1\plexus-utils-2.0.1.jar;C:\Users\dP-PL\.m2\repository\nekohtml\nekohtml\1.9.6.2\nekohtml-1.9.6.2.jar;C:\Users\dP-PL\.m2\repository\xerces\xercesImpl\2.8.1\xercesImpl-2.8.1.jar;C:\Users\dP-PL\.m2\repository\org\apache\commons\commons-email\1.2\commons-email-1.2.jar;C:\Users\dP-PL\.m2\repository\org\apache\maven\maven-core\2.2.1\maven-core-2.2.1.jar;C:\Users\dP-PL\.m2\repository\org\apache\maven\maven-settings\2.2.1\maven-settings-2.2.1.jar;C:\Users\dP-PL\.m2\repository\org\apache\maven\wagon\wagon-file\1.0-beta-6\wagon-file-1.0-beta-6.jar;C:\Users\dP-PL\.m2\repository\org\apache\maven\maven-plugin-parameter-documenter\2.2.1\maven-plugin-parameter-documenter-2.2.1.jar;C:\Users\dP-PL\.m2\repository\org\apache\maven\wagon\wagon-http-lightweight\1.0-beta-6\wagon-http-lightweight-1.0-beta-6.jar;C:\Users\dP-PL\.m2\repository\org\apache\maven\wagon\wagon-http-shared\1.0-beta-6\wagon-http-shared-1.0-beta-6.jar;C:\Users\dP-PL\.m2\repository\nekohtml\xercesMinimal\1.9.6.2\xercesMinimal-1.9.6.2.jar;C:\Users\dP-PL\.m2\repository\org\apache\maven\wagon\wagon-http\1.0-beta-6\wagon-http-1.0-beta-6.jar;C:\Users\dP-PL\.m2\repository\org\apache\maven\wagon\wagon-webdav-jackrabbit\1.0-beta-6\wagon-webdav-jackrabbit-1.0-beta-6.jar;C:\Users\dP-PL\.m2\repository\org\apache\jackrabbit\jackrabbit-webdav\1.5.0\jackrabbit-webdav-1.5.0.jar;C:\Users\dP-PL\.m2\repository\org\apache\jackrabbit\jackrabbit-jcr-commons\1.5.0\jackrabbit-jcr-commons-1.5.0.jar;C:\Users\dP-PL\.m2\repository\org\slf4j\slf4j-nop\1.5.3\slf4j-nop-1.5.3.jar;C:\Users\dP-PL\.m2\repository\org\slf4j\slf4j-jdk14\1.5.6\slf4j-jdk14-1.5.6.jar;C:\Users\dP-PL\.m2\repository\org\apache\maven\maven-profile\2.2.1\maven-profile-2.2.1.jar;C:\Users\dP-PL\.m2\repository\org\apache\maven\maven-model\2.2.1\maven-model-2.2.1.jar;C:\Users\dP-PL\.m2\repository\org\apache\maven\maven-artifact\2.2.1\maven-artifact-2.2.1.jar;C:\Users\dP-PL\.m2\repository\org\apache\maven\wagon\wagon-provider-api\1.0-beta-6\wagon-provider-api-1.0-beta-6.jar;C:\Users\dP-PL\.m2\repository\org\apache\maven\maven-repository-metadata\2.2.1\maven-repository-metadata-2.2.1.jar;C:\Users\dP-PL\.m2\repository\org\apache\maven\maven-error-diagnostics\2.2.1\maven-error-diagnostics-2.2.1.jar;C:\Users\dP-PL\.m2\repository\commons-cli\commons-cli\1.2\commons-cli-1.2.jar;C:\Users\dP-PL\.m2\repository\org\apache\maven\wagon\wagon-ssh-external\1.0-beta-6\wagon-ssh-external-1.0-beta-6.jar;C:\Users\dP-PL\.m2\repository\org\apache\maven\wagon\wagon-ssh-common\1.0-beta-6\wagon-ssh-common-1.0-beta-6.jar;C:\Users\dP-PL\.m2\repository\org\apache\maven\maven-plugin-descriptor\2.2.1\maven-plugin-descriptor-2.2.1.jar;C:\Users\dP-PL\.m2\repository\org\codehaus\plexus\plexus-interactivity-api\1.0-alpha-4\plexus-interactivity-api-1.0-alpha-4.jar;C:\Users\dP-PL\.m2\repository\org\apache\maven\maven-artifact-manager\2.2.1\maven-artifact-manager-2.2.1.jar;C:\Users\dP-PL\.m2\repository\backport-util-concurrent\backport-util-concurrent\3.1\backport-util-concurrent-3.1.jar;C:\Users\dP-PL\.m2\repository\org\apache\maven\maven-monitor\2.2.1\maven-monitor-2.2.1.jar;C:\Users\dP-PL\.m2\repository\org\apache\maven\wagon\wagon-ssh\1.0-beta-6\wagon-ssh-1.0-beta-6.jar;C:\Users\dP-PL\.m2\repository\com\jcraft\jsch\0.1.38\jsch-0.1.38.jar;C:\Users\dP-PL\.m2\repository\classworlds\classworlds\1.1\classworlds-1.1.jar;C:\Users\dP-PL\.m2\repository\org\sonatype\plexus\plexus-sec-dispatcher\1.3\plexus-sec-dispatcher-1.3.jar;C:\Users\dP-PL\.m2\repository\org\sonatype\plexus\plexus-cipher\1.4\plexus-cipher-1.4.jar;"/>
    <property name="java.vm.vendor" value="Oracle Corporation"/>
    <property name="sun.arch.data.model" value="64"/>
    <property name="user.variant" value=""/>
    <property name="java.vendor.url" value="https://java.oracle.com/"/>
    <property name="user.timezone" value="Asia/Calcutta"/>
    <property name="os.name" value="Windows 10"/>
    <property name="java.vm.specification.version" value="19"/>
    <property name="sun.java.launcher" value="SUN_STANDARD"/>
    <property name="user.country" value="IN"/>
    <property name="sun.boot.library.path" value="C:\Program Files\Java\jdk-19\bin"/>
    <property name="sun.java.command" value="C:\Users\dP-PL\AppData\Local\Temp\surefire16462587145259370469\surefirebooter-20240417174333080_3.jar C:\Users\dP-PL\AppData\Local\Temp\surefire16462587145259370469 2024-04-17T17-43-32_635-jvmRun1 surefire-20240417174333080_1tmp surefire_0-20240417174333080_2tmp"/>
    <property name="jdk.debug" value="release"/>
    <property name="surefire.test.class.path" value="D:\XGL Final\XGLFinal\target\test-classes;D:\XGL Final\XGLFinal\target\classes;C:\Users\dP-PL\.m2\repository\org\seleniumhq\selenium\selenium-java\3.141.59\selenium-java-3.141.59.jar;C:\Users\dP-PL\.m2\repository\org\seleniumhq\selenium\selenium-api\3.141.59\selenium-api-3.141.59.jar;C:\Users\dP-PL\.m2\repository\org\seleniumhq\selenium\selenium-chrome-driver\3.141.59\selenium-chrome-driver-3.141.59.jar;C:\Users\dP-PL\.m2\repository\org\seleniumhq\selenium\selenium-edge-driver\3.141.59\selenium-edge-driver-3.141.59.jar;C:\Users\dP-PL\.m2\repository\org\seleniumhq\selenium\selenium-firefox-driver\3.141.59\selenium-firefox-driver-3.141.59.jar;C:\Users\dP-PL\.m2\repository\org\seleniumhq\selenium\selenium-ie-driver\3.141.59\selenium-ie-driver-3.141.59.jar;C:\Users\dP-PL\.m2\repository\org\seleniumhq\selenium\selenium-opera-driver\3.141.59\selenium-opera-driver-3.141.59.jar;C:\Users\dP-PL\.m2\repository\org\seleniumhq\selenium\selenium-remote-driver\3.141.59\selenium-remote-driver-3.141.59.jar;C:\Users\dP-PL\.m2\repository\org\seleniumhq\selenium\selenium-safari-driver\3.141.59\selenium-safari-driver-3.141.59.jar;C:\Users\dP-PL\.m2\repository\org\seleniumhq\selenium\selenium-support\3.141.59\selenium-support-3.141.59.jar;C:\Users\dP-PL\.m2\repository\net\bytebuddy\byte-buddy\1.8.15\byte-buddy-1.8.15.jar;C:\Users\dP-PL\.m2\repository\org\apache\commons\commons-exec\1.3\commons-exec-1.3.jar;C:\Users\dP-PL\.m2\repository\com\google\guava\guava\25.0-jre\guava-25.0-jre.jar;C:\Users\dP-PL\.m2\repository\org\checkerframework\checker-compat-qual\2.0.0\checker-compat-qual-2.0.0.jar;C:\Users\dP-PL\.m2\repository\com\google\errorprone\error_prone_annotations\2.1.3\error_prone_annotations-2.1.3.jar;C:\Users\dP-PL\.m2\repository\com\google\j2objc\j2objc-annotations\1.1\j2objc-annotations-1.1.jar;C:\Users\dP-PL\.m2\repository\org\codehaus\mojo\animal-sniffer-annotations\1.14\animal-sniffer-annotations-1.14.jar;C:\Users\dP-PL\.m2\repository\com\squareup\okhttp3\okhttp\3.11.0\okhttp-3.11.0.jar;C:\Users\dP-PL\.m2\repository\com\squareup\okio\okio\1.14.0\okio-1.14.0.jar;C:\Users\dP-PL\.m2\repository\org\seleniumhq\selenium\selenium-http-jdk-client\4.8.1\selenium-http-jdk-client-4.8.1.jar;C:\Users\dP-PL\.m2\repository\com\google\auto\service\auto-service-annotations\1.0.1\auto-service-annotations-1.0.1.jar;C:\Users\dP-PL\.m2\repository\com\google\auto\service\auto-service\1.0.1\auto-service-1.0.1.jar;C:\Users\dP-PL\.m2\repository\com\google\auto\auto-common\1.2\auto-common-1.2.jar;C:\Users\dP-PL\.m2\repository\org\seleniumhq\selenium\selenium-http\4.8.1\selenium-http-4.8.1.jar;C:\Users\dP-PL\.m2\repository\dev\failsafe\failsafe\3.3.0\failsafe-3.3.0.jar;C:\Users\dP-PL\.m2\repository\org\seleniumhq\selenium\selenium-json\4.8.1\selenium-json-4.8.1.jar;C:\Users\dP-PL\.m2\repository\io\github\bonigarcia\webdrivermanager\5.5.3\webdrivermanager-5.5.3.jar;C:\Users\dP-PL\.m2\repository\com\github\docker-java\docker-java\3.3.3\docker-java-3.3.3.jar;C:\Users\dP-PL\.m2\repository\com\github\docker-java\docker-java-core\3.3.3\docker-java-core-3.3.3.jar;C:\Users\dP-PL\.m2\repository\com\github\docker-java\docker-java-api\3.3.3\docker-java-api-3.3.3.jar;C:\Users\dP-PL\.m2\repository\org\bouncycastle\bcpkix-jdk18on\1.75\bcpkix-jdk18on-1.75.jar;C:\Users\dP-PL\.m2\repository\org\bouncycastle\bcprov-jdk18on\1.75\bcprov-jdk18on-1.75.jar;C:\Users\dP-PL\.m2\repository\org\bouncycastle\bcutil-jdk18on\1.75\bcutil-jdk18on-1.75.jar;C:\Users\dP-PL\.m2\repository\com\github\docker-java\docker-java-transport-httpclient5\3.3.3\docker-java-transport-httpclient5-3.3.3.jar;C:\Users\dP-PL\.m2\repository\com\github\docker-java\docker-java-transport\3.3.3\docker-java-transport-3.3.3.jar;C:\Users\dP-PL\.m2\repository\net\java\dev\jna\jna\5.12.1\jna-5.12.1.jar;C:\Users\dP-PL\.m2\repository\org\brotli\dec\0.1.2\dec-0.1.2.jar;C:\Users\dP-PL\.m2\repository\org\apache\commons\commons-lang3\3.13.0\commons-lang3-3.13.0.jar;C:\Users\dP-PL\.m2\repository\org\apache\httpcomponents\client5\httpclient5\5.2.1\httpclient5-5.2.1.jar;C:\Users\dP-PL\.m2\repository\org\apache\httpcomponents\core5\httpcore5\5.2\httpcore5-5.2.jar;C:\Users\dP-PL\.m2\repository\org\apache\httpcomponents\core5\httpcore5-h2\5.2\httpcore5-h2-5.2.jar;C:\Users\dP-PL\.m2\repository\org\testng\testng\7.6.1\testng-7.6.1.jar;C:\Users\dP-PL\.m2\repository\com\google\code\findbugs\jsr305\3.0.2\jsr305-3.0.2.jar;C:\Users\dP-PL\.m2\repository\com\beust\jcommander\1.82\jcommander-1.82.jar;C:\Users\dP-PL\.m2\repository\org\webjars\jquery\3.6.0\jquery-3.6.0.jar;C:\Users\dP-PL\.m2\repository\net\rcarz\Jira-client\0.5\Jira-client-0.5.jar;C:\Users\dP-PL\.m2\repository\org\apache\httpcomponents\httpmime\4.2.5\httpmime-4.2.5.jar;C:\Users\dP-PL\.m2\repository\net\sf\json-lib\json-lib\2.4\json-lib-2.4-jdk15.jar;C:\Users\dP-PL\.m2\repository\commons-beanutils\commons-beanutils\1.8.0\commons-beanutils-1.8.0.jar;C:\Users\dP-PL\.m2\repository\commons-collections\commons-collections\3.2.1\commons-collections-3.2.1.jar;C:\Users\dP-PL\.m2\repository\commons-lang\commons-lang\2.5\commons-lang-2.5.jar;C:\Users\dP-PL\.m2\repository\net\sf\ezmorph\ezmorph\1.0.6\ezmorph-1.0.6.jar;C:\Users\dP-PL\.m2\repository\joda-time\joda-time\2.3\joda-time-2.3.jar;C:\Users\dP-PL\.m2\repository\junit\junit\4.8.2\junit-4.8.2.jar;C:\Users\dP-PL\.m2\repository\org\mockito\mockito-all\1.9.0\mockito-all-1.9.0.jar;C:\Users\dP-PL\.m2\repository\commons-httpclient\commons-httpclient\3.1\commons-httpclient-3.1.jar;C:\Users\dP-PL\.m2\repository\org\apache\maven\plugins\maven-surefire-plugin\3.0.0-M7\maven-surefire-plugin-3.0.0-M7.jar;C:\Users\dP-PL\.m2\repository\org\apache\maven\surefire\maven-surefire-common\3.0.0-M7\maven-surefire-common-3.0.0-M7.jar;C:\Users\dP-PL\.m2\repository\org\apache\maven\surefire\surefire-api\3.0.0-M7\surefire-api-3.0.0-M7.jar;C:\Users\dP-PL\.m2\repository\org\apache\maven\surefire\surefire-logger-api\3.0.0-M7\surefire-logger-api-3.0.0-M7.jar;C:\Users\dP-PL\.m2\repository\org\apache\maven\surefire\surefire-extensions-api\3.0.0-M7\surefire-extensions-api-3.0.0-M7.jar;C:\Users\dP-PL\.m2\repository\org\apache\maven\surefire\surefire-booter\3.0.0-M7\surefire-booter-3.0.0-M7.jar;C:\Users\dP-PL\.m2\repository\org\apache\maven\surefire\surefire-extensions-spi\3.0.0-M7\surefire-extensions-spi-3.0.0-M7.jar;C:\Users\dP-PL\.m2\repository\org\apache\maven\shared\maven-common-artifact-filters\3.1.1\maven-common-artifact-filters-3.1.1.jar;C:\Users\dP-PL\.m2\repository\org\codehaus\plexus\plexus-java\1.1.1\plexus-java-1.1.1.jar;C:\Users\dP-PL\.m2\repository\org\ow2\asm\asm\9.2\asm-9.2.jar;C:\Users\dP-PL\.m2\repository\com\thoughtworks\qdox\qdox\2.0.1\qdox-2.0.1.jar;C:\Users\dP-PL\.m2\repository\org\apache\maven\surefire\surefire-shared-utils\3.0.0-M7\surefire-shared-utils-3.0.0-M7.jar;C:\Users\dP-PL\.m2\repository\com\aventstack\extentreports\5.0.8\extentreports-5.0.8.jar;C:\Users\dP-PL\.m2\repository\io\reactivex\rxjava3\rxjava\3.0.4\rxjava-3.0.4.jar;C:\Users\dP-PL\.m2\repository\org\reactivestreams\reactive-streams\1.0.3\reactive-streams-1.0.3.jar;C:\Users\dP-PL\.m2\repository\org\freemarker\freemarker\2.3.30\freemarker-2.3.30.jar;C:\Users\dP-PL\.m2\repository\org\projectlombok\lombok\1.18.22\lombok-1.18.22.jar;C:\Users\dP-PL\.m2\repository\org\apache\poi\poi-ooxml\5.2.2\poi-ooxml-5.2.2.jar;C:\Users\dP-PL\.m2\repository\org\apache\poi\poi\5.2.2\poi-5.2.2.jar;C:\Users\dP-PL\.m2\repository\org\apache\commons\commons-math3\3.6.1\commons-math3-3.6.1.jar;C:\Users\dP-PL\.m2\repository\com\zaxxer\SparseBitSet\1.2\SparseBitSet-1.2.jar;C:\Users\dP-PL\.m2\repository\org\apache\poi\poi-ooxml-lite\5.2.2\poi-ooxml-lite-5.2.2.jar;C:\Users\dP-PL\.m2\repository\org\apache\xmlbeans\xmlbeans\5.0.3\xmlbeans-5.0.3.jar;C:\Users\dP-PL\.m2\repository\org\apache\commons\commons-compress\1.21\commons-compress-1.21.jar;C:\Users\dP-PL\.m2\repository\commons-io\commons-io\2.11.0\commons-io-2.11.0.jar;C:\Users\dP-PL\.m2\repository\com\github\virtuald\curvesapi\1.07\curvesapi-1.07.jar;C:\Users\dP-PL\.m2\repository\org\apache\commons\commons-collections4\4.4\commons-collections4-4.4.jar;C:\Users\dP-PL\.m2\repository\org\apache\logging\log4j\log4j-api\2.17.0\log4j-api-2.17.0.jar;C:\Users\dP-PL\.m2\repository\org\apache\logging\log4j\log4j-core\2.17.0\log4j-core-2.17.0.jar;C:\Users\dP-PL\.m2\repository\org\slf4j\slf4j-api\1.7.32\slf4j-api-1.7.32.jar;C:\Users\dP-PL\.m2\repository\org\apache\logging\log4j\log4j-slf4j-impl\2.17.0\log4j-slf4j-impl-2.17.0.jar;C:\Users\dP-PL\.m2\repository\com\microsoft\sqlserver\mssql-jdbc\12.4.0.jre11\mssql-jdbc-12.4.0.jre11.jar;C:\Users\dP-PL\.m2\repository\com\oracle\database\jdbc\ojdbc11\23.2.0.0\ojdbc11-23.2.0.0.jar;C:\Users\dP-PL\.m2\repository\net\lightbody\bmp\browsermob-core\2.1.5\browsermob-core-2.1.5.jar;C:\Users\dP-PL\.m2\repository\net\lightbody\bmp\littleproxy\1.1.0-beta-bmp-17\littleproxy-1.1.0-beta-bmp-17.jar;C:\Users\dP-PL\.m2\repository\com\fasterxml\jackson\core\jackson-core\2.8.9\jackson-core-2.8.9.jar;C:\Users\dP-PL\.m2\repository\com\fasterxml\jackson\core\jackson-databind\2.8.9\jackson-databind-2.8.9.jar;C:\Users\dP-PL\.m2\repository\com\fasterxml\jackson\core\jackson-annotations\2.8.9\jackson-annotations-2.8.9.jar;C:\Users\dP-PL\.m2\repository\dnsjava\dnsjava\2.1.8\dnsjava-2.1.8.jar;C:\Users\dP-PL\.m2\repository\org\slf4j\jcl-over-slf4j\1.7.25\jcl-over-slf4j-1.7.25.jar;C:\Users\dP-PL\.m2\repository\com\jcraft\jzlib\1.1.3\jzlib-1.1.3.jar;C:\Users\dP-PL\.m2\repository\io\netty\netty-all\4.0.51.Final\netty-all-4.0.51.Final.jar;C:\Users\dP-PL\.m2\repository\org\bouncycastle\bcprov-jdk15on\1.58\bcprov-jdk15on-1.58.jar;C:\Users\dP-PL\.m2\repository\org\bouncycastle\bcpkix-jdk15on\1.58\bcpkix-jdk15on-1.58.jar;C:\Users\dP-PL\.m2\repository\net\lightbody\bmp\mitm\2.1.5\mitm-2.1.5.jar;C:\Users\dP-PL\.m2\repository\dom4j\dom4j\1.1\dom4j-1.1.jar;C:\Users\dP-PL\.m2\repository\org\apache\httpcomponents\httpclient\4.5.13\httpclient-4.5.13.jar;C:\Users\dP-PL\.m2\repository\org\apache\httpcomponents\httpcore\4.4.13\httpcore-4.4.13.jar;C:\Users\dP-PL\.m2\repository\commons-logging\commons-logging\1.2\commons-logging-1.2.jar;C:\Users\dP-PL\.m2\repository\commons-codec\commons-codec\1.11\commons-codec-1.11.jar;C:\Users\dP-PL\.m2\repository\com\google\code\gson\gson\2.8.8\gson-2.8.8.jar;C:\Users\dP-PL\.m2\repository\ch\fortysix\maven-postman-plugin\0.1.6\maven-postman-plugin-0.1.6.jar;C:\Users\dP-PL\.m2\repository\org\codehaus\gmaven\gmaven-mojo\1.2\gmaven-mojo-1.2.jar;C:\Users\dP-PL\.m2\repository\org\codehaus\gmaven\runtime\gmaven-runtime-api\1.2\gmaven-runtime-api-1.2.jar;C:\Users\dP-PL\.m2\repository\org\codehaus\gmaven\feature\gmaven-feature-api\1.2\gmaven-feature-api-1.2.jar;C:\Users\dP-PL\.m2\repository\org\apache\maven\maven-project\2.0.10\maven-project-2.0.10.jar;C:\Users\dP-PL\.m2\repository\org\apache\maven\maven-plugin-registry\2.0.10\maven-plugin-registry-2.0.10.jar;C:\Users\dP-PL\.m2\repository\org\codehaus\plexus\plexus-interpolation\1.1\plexus-interpolation-1.1.jar;C:\Users\dP-PL\.m2\repository\org\apache\maven\maven-plugin-api\2.0.10\maven-plugin-api-2.0.10.jar;C:\Users\dP-PL\.m2\repository\org\codehaus\gmaven\runtime\gmaven-runtime-1.7\1.2\gmaven-runtime-1.7-1.2.jar;C:\Users\dP-PL\.m2\repository\org\codehaus\gmaven\feature\gmaven-feature-support\1.2\gmaven-feature-support-1.2.jar;C:\Users\dP-PL\.m2\repository\org\codehaus\gmaven\runtime\gmaven-runtime-support\1.2\gmaven-runtime-support-1.2.jar;C:\Users\dP-PL\.m2\repository\org\sonatype\gshell\gshell-io\2.0\gshell-io-2.0.jar;C:\Users\dP-PL\.m2\repository\org\sonatype\gossip\gossip\1.0\gossip-1.0.jar;C:\Users\dP-PL\.m2\repository\org\codehaus\groovy\groovy-all\1.7-beta-2\groovy-all-1.7-beta-2.jar;C:\Users\dP-PL\.m2\repository\jline\jline\0.9.94\jline-0.9.94.jar;C:\Users\dP-PL\.m2\repository\javax\mail\mail\1.4.1\mail-1.4.1.jar;C:\Users\dP-PL\.m2\repository\javax\activation\activation\1.1\activation-1.1.jar;C:\Users\dP-PL\.m2\repository\org\apache\ant\ant\1.7.1\ant-1.7.1.jar;C:\Users\dP-PL\.m2\repository\org\apache\ant\ant-launcher\1.7.1\ant-launcher-1.7.1.jar;C:\Users\dP-PL\.m2\repository\org\slf4j\log4j-over-slf4j\1.5.10\log4j-over-slf4j-1.5.10.jar;C:\Users\dP-PL\.m2\repository\org\apache\maven\shared\file-management\1.2.1\file-management-1.2.1.jar;C:\Users\dP-PL\.m2\repository\org\apache\maven\shared\maven-shared-io\1.1\maven-shared-io-1.1.jar;C:\Users\dP-PL\.m2\repository\org\codehaus\plexus\plexus-container-default\1.0-alpha-9\plexus-container-default-1.0-alpha-9.jar;C:\Users\dP-PL\.m2\repository\org\apache\maven\reporting\maven-reporting-api\2.2.1\maven-reporting-api-2.2.1.jar;C:\Users\dP-PL\.m2\repository\org\apache\maven\doxia\doxia-logging-api\1.1\doxia-logging-api-1.1.jar;C:\Users\dP-PL\.m2\repository\org\apache\maven\reporting\maven-reporting-impl\2.0.4.3\maven-reporting-impl-2.0.4.3.jar;C:\Users\dP-PL\.m2\repository\org\apache\maven\doxia\doxia-core\1.0\doxia-core-1.0.jar;C:\Users\dP-PL\.m2\repository\org\apache\maven\doxia\doxia-site-renderer\1.0\doxia-site-renderer-1.0.jar;C:\Users\dP-PL\.m2\repository\org\codehaus\plexus\plexus-i18n\1.0-beta-7\plexus-i18n-1.0-beta-7.jar;C:\Users\dP-PL\.m2\repository\org\codehaus\plexus\plexus-velocity\1.1.7\plexus-velocity-1.1.7.jar;C:\Users\dP-PL\.m2\repository\org\apache\velocity\velocity\1.5\velocity-1.5.jar;C:\Users\dP-PL\.m2\repository\org\apache\maven\doxia\doxia-decoration-model\1.0\doxia-decoration-model-1.0.jar;C:\Users\dP-PL\.m2\repository\org\apache\maven\doxia\doxia-module-apt\1.0\doxia-module-apt-1.0.jar;C:\Users\dP-PL\.m2\repository\org\apache\maven\doxia\doxia-module-fml\1.0\doxia-module-fml-1.0.jar;C:\Users\dP-PL\.m2\repository\org\apache\maven\doxia\doxia-module-xdoc\1.0\doxia-module-xdoc-1.0.jar;C:\Users\dP-PL\.m2\repository\org\apache\maven\doxia\doxia-module-xhtml\1.0\doxia-module-xhtml-1.0.jar;C:\Users\dP-PL\.m2\repository\commons-validator\commons-validator\1.2.0\commons-validator-1.2.0.jar;C:\Users\dP-PL\.m2\repository\commons-digester\commons-digester\1.6\commons-digester-1.6.jar;C:\Users\dP-PL\.m2\repository\oro\oro\2.0.8\oro-2.0.8.jar;C:\Users\dP-PL\.m2\repository\xml-apis\xml-apis\1.0.b2\xml-apis-1.0.b2.jar;C:\Users\dP-PL\.m2\repository\org\apache\maven\shared\maven-doxia-tools\1.0.2\maven-doxia-tools-1.0.2.jar;C:\Users\dP-PL\.m2\repository\org\apache\maven\doxia\doxia-sink-api\1.1.2\doxia-sink-api-1.1.2.jar;C:\Users\dP-PL\.m2\repository\org\codehaus\plexus\plexus-utils\2.0.1\plexus-utils-2.0.1.jar;C:\Users\dP-PL\.m2\repository\nekohtml\nekohtml\1.9.6.2\nekohtml-1.9.6.2.jar;C:\Users\dP-PL\.m2\repository\xerces\xercesImpl\2.8.1\xercesImpl-2.8.1.jar;C:\Users\dP-PL\.m2\repository\org\apache\commons\commons-email\1.2\commons-email-1.2.jar;C:\Users\dP-PL\.m2\repository\org\apache\maven\maven-core\2.2.1\maven-core-2.2.1.jar;C:\Users\dP-PL\.m2\repository\org\apache\maven\maven-settings\2.2.1\maven-settings-2.2.1.jar;C:\Users\dP-PL\.m2\repository\org\apache\maven\wagon\wagon-file\1.0-beta-6\wagon-file-1.0-beta-6.jar;C:\Users\dP-PL\.m2\repository\org\apache\maven\maven-plugin-parameter-documenter\2.2.1\maven-plugin-parameter-documenter-2.2.1.jar;C:\Users\dP-PL\.m2\repository\org\apache\maven\wagon\wagon-http-lightweight\1.0-beta-6\wagon-http-lightweight-1.0-beta-6.jar;C:\Users\dP-PL\.m2\repository\org\apache\maven\wagon\wagon-http-shared\1.0-beta-6\wagon-http-shared-1.0-beta-6.jar;C:\Users\dP-PL\.m2\repository\nekohtml\xercesMinimal\1.9.6.2\xercesMinimal-1.9.6.2.jar;C:\Users\dP-PL\.m2\repository\org\apache\maven\wagon\wagon-http\1.0-beta-6\wagon-http-1.0-beta-6.jar;C:\Users\dP-PL\.m2\repository\org\apache\maven\wagon\wagon-webdav-jackrabbit\1.0-beta-6\wagon-webdav-jackrabbit-1.0-beta-6.jar;C:\Users\dP-PL\.m2\repository\org\apache\jackrabbit\jackrabbit-webdav\1.5.0\jackrabbit-webdav-1.5.0.jar;C:\Users\dP-PL\.m2\repository\org\apache\jackrabbit\jackrabbit-jcr-commons\1.5.0\jackrabbit-jcr-commons-1.5.0.jar;C:\Users\dP-PL\.m2\repository\org\slf4j\slf4j-nop\1.5.3\slf4j-nop-1.5.3.jar;C:\Users\dP-PL\.m2\repository\org\slf4j\slf4j-jdk14\1.5.6\slf4j-jdk14-1.5.6.jar;C:\Users\dP-PL\.m2\repository\org\apache\maven\maven-profile\2.2.1\maven-profile-2.2.1.jar;C:\Users\dP-PL\.m2\repository\org\apache\maven\maven-model\2.2.1\maven-model-2.2.1.jar;C:\Users\dP-PL\.m2\repository\org\apache\maven\maven-artifact\2.2.1\maven-artifact-2.2.1.jar;C:\Users\dP-PL\.m2\repository\org\apache\maven\wagon\wagon-provider-api\1.0-beta-6\wagon-provider-api-1.0-beta-6.jar;C:\Users\dP-PL\.m2\repository\org\apache\maven\maven-repository-metadata\2.2.1\maven-repository-metadata-2.2.1.jar;C:\Users\dP-PL\.m2\repository\org\apache\maven\maven-error-diagnostics\2.2.1\maven-error-diagnostics-2.2.1.jar;C:\Users\dP-PL\.m2\repository\commons-cli\commons-cli\1.2\commons-cli-1.2.jar;C:\Users\dP-PL\.m2\repository\org\apache\maven\wagon\wagon-ssh-external\1.0-beta-6\wagon-ssh-external-1.0-beta-6.jar;C:\Users\dP-PL\.m2\repository\org\apache\maven\wagon\wagon-ssh-common\1.0-beta-6\wagon-ssh-common-1.0-beta-6.jar;C:\Users\dP-PL\.m2\repository\org\apache\maven\maven-plugin-descriptor\2.2.1\maven-plugin-descriptor-2.2.1.jar;C:\Users\dP-PL\.m2\repository\org\codehaus\plexus\plexus-interactivity-api\1.0-alpha-4\plexus-interactivity-api-1.0-alpha-4.jar;C:\Users\dP-PL\.m2\repository\org\apache\maven\maven-artifact-manager\2.2.1\maven-artifact-manager-2.2.1.jar;C:\Users\dP-PL\.m2\repository\backport-util-concurrent\backport-util-concurrent\3.1\backport-util-concurrent-3.1.jar;C:\Users\dP-PL\.m2\repository\org\apache\maven\maven-monitor\2.2.1\maven-monitor-2.2.1.jar;C:\Users\dP-PL\.m2\repository\org\apache\maven\wagon\wagon-ssh\1.0-beta-6\wagon-ssh-1.0-beta-6.jar;C:\Users\dP-PL\.m2\repository\com\jcraft\jsch\0.1.38\jsch-0.1.38.jar;C:\Users\dP-PL\.m2\repository\classworlds\classworlds\1.1\classworlds-1.1.jar;C:\Users\dP-PL\.m2\repository\org\sonatype\plexus\plexus-sec-dispatcher\1.3\plexus-sec-dispatcher-1.3.jar;C:\Users\dP-PL\.m2\repository\org\sonatype\plexus\plexus-cipher\1.4\plexus-cipher-1.4.jar;"/>
    <property name="sun.cpu.endian" value="little"/>
    <property name="user.home" value="C:\Users\dP-PL"/>
    <property name="user.language" value="en"/>
    <property name="java.specification.vendor" value="Oracle Corporation"/>
    <property name="java.version.date" value="2022-10-18"/>
    <property name="java.home" value="C:\Program Files\Java\jdk-19"/>
    <property name="file.separator" value="\"/>
    <property name="basedir" value="D:\XGL Final\XGLFinal"/>
    <property name="java.vm.compressedOopsMode" value="Zero based"/>
    <property name="line.separator" value="&#10;"/>
    <property name="java.vm.specification.vendor" value="Oracle Corporation"/>
    <property name="java.specification.name" value="Java Platform API Specification"/>
    <property name="surefire.real.class.path" value="C:\Users\dP-PL\AppData\Local\Temp\surefire16462587145259370469\surefirebooter-20240417174333080_3.jar"/>
    <property name="user.script" value=""/>
    <property name="sun.management.compiler" value="HotSpot 64-Bit Tiered Compilers"/>
    <property name="java.runtime.version" value="19.0.1+10-21"/>
    <property name="user.name" value="dP-PL"/>
    <property name="stdout.encoding" value="Cp1252"/>
    <property name="path.separator" value=";"/>
    <property name="os.version" value="10.0"/>
    <property name="java.runtime.name" value="Java(TM) SE Runtime Environment"/>
    <property name="file.encoding" value="UTF-8"/>
    <property name="java.vm.name" value="Java HotSpot(TM) 64-Bit Server VM"/>
    <property name="localRepository" value="C:\Users\dP-PL\.m2\repository"/>
    <property name="java.vendor.url.bug" value="https://bugreport.java.com/bugreport/"/>
    <property name="java.io.tmpdir" value="C:\Users\dP-PL\AppData\Local\Temp\"/>
    <property name="idea.version" value="2022.2.4"/>
    <property name="java.version" value="19.0.1"/>
    <property name="user.dir" value="D:\XGL Final\XGLFinal"/>
    <property name="os.arch" value="amd64"/>
    <property name="java.vm.specification.name" value="Java Virtual Machine Specification"/>
    <property name="sun.os.patch.level" value=""/>
    <property name="native.encoding" value="Cp1252"/>
    <property name="java.library.path" value="C:\Program Files\Java\jdk-19\bin;C:\WINDOWS\Sun\Java\bin;C:\WINDOWS\system32;C:\WINDOWS;C:\Python311\Scripts\;C:\Python311\;C:\Program Files\Common Files\Oracle\Java\javapath;C:\WINDOWS\system32;C:\WINDOWS;C:\WINDOWS\System32\Wbem;C:\WINDOWS\System32\WindowsPowerShell\v1.0\;C:\WINDOWS\System32\OpenSSH\;C:\Program Files (x86)\CrSSL\bin;C:\Program Files\Git\cmd;C:\Users\dP-PL\apache-maven-3.8.6\bin;C:\Program Files\Java\jdk-19\bin;C:\Program Files\nodejs\;C:\ProgramData\chocolatey\bin;C:\Program Files\PuTTY\;C:\Program Files\dotnet\;C:\Users\dP-PL\AppData\Local\Microsoft\WindowsApps;C:\Program Files\JetBrains\IntelliJ IDEA Community Edition 2022.2.4\bin;;C:\Program Files\Java\jdk-19\bin;C:\Users\dP-PL\AppData\Roaming\npm;C:\Users\dP-PL\AppData\Local\Programs\Microsoft VS Code\bin;C:\Users\dP-PL\apache-jmeter-5.5\bin;;."/>
    <property name="java.vm.info" value="mixed mode, sharing"/>
    <property name="stderr.encoding" value="Cp1252"/>
    <property name="java.vendor" value="Oracle Corporation"/>
    <property name="java.vm.version" value="19.0.1+10-21"/>
    <property name="sun.io.unicode.encoding" value="UnicodeLittle"/>
    <property name="java.class.version" value="63.0"/>
    <property name="webdriver.http.factory" value="jdk-http-client"/>
  </properties>
  <testcase name="CopyRotaionGroup" classname="RotationCopy_test" time="7,856.949">
    <failure message="no such element: Unable to locate element: {&quot;method&quot;:&quot;xpath&quot;,&quot;selector&quot;:&quot;//div[contains(@class,&apos;ui-widget-content&apos;)][1]//div[@class=&apos;actionMenuButton&apos;]/i&quot;}&#10;  (Session info: chrome=123.0.6312.123)&#10;For documentation on this error, please visit: https://www.seleniumhq.org/exceptions/no_such_element.html&#10;Build info: version: &apos;3.141.59&apos;, revision: &apos;e82be7d358&apos;, time: &apos;2018-11-14T08:17:03&apos;&#10;System info: host: &apos;DPLAP166&apos;, ip: &apos;137.237.2.236&apos;, os.name: &apos;Windows 10&apos;, os.arch: &apos;amd64&apos;, os.version: &apos;10.0&apos;, java.version: &apos;19.0.1&apos;&#10;Driver info: org.openqa.selenium.chrome.ChromeDriver&#10;Capabilities {acceptInsecureCerts: true, browserName: chrome, browserVersion: 123.0.6312.123, chrome: {chromedriverVersion: 123.0.6312.122 (31f8248cdd9..., userDataDir: C:\Users\dP-PL\AppData\Loca...}, fedcm:accounts: true, goog:chromeOptions: {debuggerAddress: localhost:51256}, javascriptEnabled: true, networkConnectionEnabled: false, pageLoadStrategy: normal, platform: WINDOWS, platformName: WINDOWS, proxy: Proxy(), setWindowRect: true, strictFileInteractability: false, timeouts: {implicit: 0, pageLoad: 300000, script: 30000}, unhandledPromptBehavior: dismiss and notify, webauthn:extension:credBlob: true, webauthn:extension:largeBlob: true, webauthn:extension:minPinLength: true, webauthn:extension:prf: true, webauthn:virtualAuthenticators: true}&#10;Session ID: a59c4df4811f82049fe754efe723d3c1&#10;*** Element info: {Using=xpath, value=//div[contains(@class,&apos;ui-widget-content&apos;)][1]//div[@class=&apos;actionMenuButton&apos;]/i}" type="org.openqa.selenium.NoSuchElementException"><![CDATA[org.openqa.selenium.NoSuchElementException: 
no such element: Unable to locate element: {"method":"xpath","selector":"//div[contains(@class,'ui-widget-content')][1]//div[@class='actionMenuButton']/i"}
  (Session info: chrome=123.0.6312.123)
For documentation on this error, please visit: https://www.seleniumhq.org/exceptions/no_such_element.html
Build info: version: '3.141.59', revision: 'e82be7d358', time: '2018-11-14T08:17:03'
System info: host: 'DPLAP166', ip: '137.237.2.236', os.name: 'Windows 10', os.arch: 'amd64', os.version: '10.0', java.version: '19.0.1'
Driver info: org.openqa.selenium.chrome.ChromeDriver
Capabilities {acceptInsecureCerts: true, browserName: chrome, browserVersion: 123.0.6312.123, chrome: {chromedriverVersion: 123.0.6312.122 (31f8248cdd9..., userDataDir: C:\Users\dP-PL\AppData\Loca...}, fedcm:accounts: true, goog:chromeOptions: {debuggerAddress: localhost:51256}, javascriptEnabled: true, networkConnectionEnabled: false, pageLoadStrategy: normal, platform: WINDOWS, platformName: WINDOWS, proxy: Proxy(), setWindowRect: true, strictFileInteractability: false, timeouts: {implicit: 0, pageLoad: 300000, script: 30000}, unhandledPromptBehavior: dismiss and notify, webauthn:extension:credBlob: true, webauthn:extension:largeBlob: true, webauthn:extension:minPinLength: true, webauthn:extension:prf: true, webauthn:virtualAuthenticators: true}
Session ID: a59c4df4811f82049fe754efe723d3c1
*** Element info: {Using=xpath, value=//div[contains(@class,'ui-widget-content')][1]//div[@class='actionMenuButton']/i}
	at java.base/jdk.internal.reflect.DirectConstructorHandleAccessor.newInstance(DirectConstructorHandleAccessor.java:67)
	at java.base/java.lang.reflect.Constructor.newInstanceWithCaller(Constructor.java:500)
	at java.base/java.lang.reflect.Constructor.newInstance(Constructor.java:484)
	at org.openqa.selenium.remote.http.W3CHttpResponseCodec.createException(W3CHttpResponseCodec.java:187)
	at org.openqa.selenium.remote.http.W3CHttpResponseCodec.decode(W3CHttpResponseCodec.java:122)
	at org.openqa.selenium.remote.http.W3CHttpResponseCodec.decode(W3CHttpResponseCodec.java:49)
	at org.openqa.selenium.remote.HttpCommandExecutor.execute(HttpCommandExecutor.java:158)
	at org.openqa.selenium.remote.service.DriverCommandExecutor.execute(DriverCommandExecutor.java:83)
	at org.openqa.selenium.remote.RemoteWebDriver.execute(RemoteWebDriver.java:552)
	at org.openqa.selenium.remote.RemoteWebDriver.findElement(RemoteWebDriver.java:323)
	at org.openqa.selenium.remote.RemoteWebDriver.findElementByXPath(RemoteWebDriver.java:428)
	at org.openqa.selenium.By$ByXPath.findElement(By.java:353)
	at org.openqa.selenium.remote.RemoteWebDriver.findElement(RemoteWebDriver.java:315)
	at java.base/jdk.internal.reflect.DirectMethodHandleAccessor.invoke(DirectMethodHandleAccessor.java:104)
	at java.base/java.lang.reflect.Method.invoke(Method.java:578)
	at org.openqa.selenium.support.events.EventFiringWebDriver.lambda$new$1(EventFiringWebDriver.java:105)
	at jdk.proxy2/jdk.proxy2.$Proxy25.findElement(Unknown Source)
	at org.openqa.selenium.support.events.EventFiringWebDriver.findElement(EventFiringWebDriver.java:194)
	at org.openqa.selenium.support.pagefactory.DefaultElementLocator.findElement(DefaultElementLocator.java:69)
	at org.openqa.selenium.support.pagefactory.internal.LocatingElementHandler.invoke(LocatingElementHandler.java:38)
	at jdk.proxy2/jdk.proxy2.$Proxy28.click(Unknown Source)
	at helper.CommonUtility.clickElement(CommonUtility.java:11)
	at pages.Rotationgroup_copy.copy_group(Rotationgroup_copy.java:57)
	at RotationCopy_test.CopyRotaionGroup(RotationCopy_test.java:11)
	at java.base/jdk.internal.reflect.DirectMethodHandleAccessor.invoke(DirectMethodHandleAccessor.java:104)
	at java.base/java.lang.reflect.Method.invoke(Method.java:578)
	at org.testng.internal.invokers.MethodInvocationHelper.invokeMethod(MethodInvocationHelper.java:139)
	at org.testng.internal.invokers.TestInvoker.invokeMethod(TestInvoker.java:677)
	at org.testng.internal.invokers.TestInvoker.invokeTestMethod(TestInvoker.java:221)
	at org.testng.internal.invokers.MethodRunner.runInSequence(MethodRunner.java:50)
	at org.testng.internal.invokers.TestInvoker$MethodInvocationAgent.invoke(TestInvoker.java:962)
	at org.testng.internal.invokers.TestInvoker.invokeTestMethods(TestInvoker.java:194)
	at org.testng.internal.invokers.TestMethodWorker.invokeTestMethods(TestMethodWorker.java:148)
	at org.testng.internal.invokers.TestMethodWorker.run(TestMethodWorker.java:128)
	at java.base/java.util.ArrayList.forEach(ArrayList.java:1511)
	at org.testng.TestRunner.privateRun(TestRunner.java:806)
	at org.testng.TestRunner.run(TestRunner.java:601)
	at org.testng.SuiteRunner.runTest(SuiteRunner.java:433)
	at org.testng.SuiteRunner.runSequentially(SuiteRunner.java:427)
	at org.testng.SuiteRunner.privateRun(SuiteRunner.java:387)
	at org.testng.SuiteRunner.run(SuiteRunner.java:330)
	at org.testng.SuiteRunnerWorker.runSuite(SuiteRunnerWorker.java:52)
	at org.testng.SuiteRunnerWorker.run(SuiteRunnerWorker.java:95)
	at org.testng.TestNG.runSuitesSequentially(TestNG.java:1256)
	at org.testng.TestNG.runSuitesLocally(TestNG.java:1176)
	at org.testng.TestNG.runSuites(TestNG.java:1099)
	at org.testng.TestNG.run(TestNG.java:1067)
	at org.apache.maven.surefire.testng.TestNGExecutor.run(TestNGExecutor.java:324)
	at org.apache.maven.surefire.testng.TestNGXmlTestSuite.execute(TestNGXmlTestSuite.java:74)
	at org.apache.maven.surefire.testng.TestNGProvider.invoke(TestNGProvider.java:123)
	at org.apache.maven.surefire.booter.ForkedBooter.runSuitesInProcess(ForkedBooter.java:456)
	at org.apache.maven.surefire.booter.ForkedBooter.execute(ForkedBooter.java:169)
	at org.apache.maven.surefire.booter.ForkedBooter.run(ForkedBooter.java:595)
	at org.apache.maven.surefire.booter.ForkedBooter.main(ForkedBooter.java:581)
]]></failure>
    <system-out><![CDATA[Archive created successfully.
FileNotFoundException occurred: screenshots (The system cannot find the file specified)
Archive created successfully.
Deleted file: D:\XGL Final\XGLFinal\reports\TestExecutionReport.html
Test Suite started!
2024-04-17 17:43:35,608 [main] INFO  base.BaseClass - Login to XGL
2024-04-17 17:43:35,610 [main] INFO  RotationCopy_test - Setting up browser
2024-04-17 17:43:36,025 [main] INFO  io.github.bonigarcia.wdm.WebDriverManager - Using chromedriver 123.0.6312.122 (resolved driver for Chrome 123)
2024-04-17 17:43:36,075 [main] INFO  io.github.bonigarcia.wdm.WebDriverManager - Exporting webdriver.chrome.driver as C:\Users\dP-PL\.cache\selenium\chromedriver\win64\123.0.6312.122\chromedriver.exe
2024-04-17 17:43:42,421 [main] INFO  base.BaseClass - Before navigating to {url}
2024-04-17 17:43:51,269 [main] INFO  base.BaseClass - Navigated to {url}
2024-04-17 17:43:51,662 [main] INFO  base.BaseClass - Trying to find Element By {by.toString()})
2024-04-17 17:43:51,682 [main] INFO  base.BaseClass - Found Element By {by.toString()}
2024-04-17 17:43:51,743 [main] INFO  base.BaseClass - Trying to find Element By {by.toString()})
2024-04-17 17:43:51,757 [main] INFO  base.BaseClass - Found Element By {by.toString()}
2024-04-17 17:43:51,827 [main] INFO  base.BaseClass - Trying to find Element By {by.toString()})
2024-04-17 17:43:51,841 [main] INFO  base.BaseClass - Found Element By {by.toString()}
2024-04-17 17:43:51,843 [main] INFO  base.BaseClass - Trying to click on: {element.toString()}
2024-04-17 17:43:51,888 [main] INFO  base.BaseClass - Clicked on: {element.toString()}
2024-04-17 17:43:51,893 [main] INFO  base.BaseClass - Trying to find Element By {by.toString()})
2024-04-17 17:43:54,123 [main] INFO  base.BaseClass - Found Element By {by.toString()}
2024-04-17 17:43:54,167 [main] INFO  base.BaseClass - Trying to find Element By {by.toString()})
NoSuchElementException occurred: no such element: Unable to locate element: {"method":"xpath","selector":"//div[@class='modal-content']/div/i[contains(@class,'close')]"}
  (Session info: chrome=123.0.6312.123)
For documentation on this error, please visit: https://www.seleniumhq.org/exceptions/no_such_element.html
Build info: version: '3.141.59', revision: 'e82be7d358', time: '2018-11-14T08:17:03'
System info: host: 'DPLAP166', ip: '137.237.2.236', os.name: 'Windows 10', os.arch: 'amd64', os.version: '10.0', java.version: '19.0.1'
Driver info: org.openqa.selenium.chrome.ChromeDriver
Capabilities {acceptInsecureCerts: true, browserName: chrome, browserVersion: 123.0.6312.123, chrome: {chromedriverVersion: 123.0.6312.122 (31f8248cdd9..., userDataDir: C:\Users\dP-PL\AppData\Loca...}, fedcm:accounts: true, goog:chromeOptions: {debuggerAddress: localhost:51256}, javascriptEnabled: true, networkConnectionEnabled: false, pageLoadStrategy: normal, platform: WINDOWS, platformName: WINDOWS, proxy: Proxy(), setWindowRect: true, strictFileInteractability: false, timeouts: {implicit: 0, pageLoad: 300000, script: 30000}, unhandledPromptBehavior: dismiss and notify, webauthn:extension:credBlob: true, webauthn:extension:largeBlob: true, webauthn:extension:minPinLength: true, webauthn:extension:prf: true, webauthn:virtualAuthenticators: true}
Session ID: a59c4df4811f82049fe754efe723d3c1
*** Element info: {Using=xpath, value=//div[@class='modal-content']/div/i[contains(@class,'close')]}
Before method Test name: Maintainance Tests
CopyRotaionGroup started!
2024-04-17 17:44:44,364 [main] INFO  base.BaseClass - Trying to find Element By {by.toString()})
2024-04-17 17:44:44,393 [main] INFO  base.BaseClass - Found Element By {by.toString()}
2024-04-17 17:44:44,933 [main] INFO  base.BaseClass - Trying to find Element By {by.toString()})
2024-04-17 17:44:44,970 [main] INFO  base.BaseClass - Found Element By {by.toString()}
2024-04-17 17:44:45,530 [main] INFO  base.BaseClass - Trying to find Element By {by.toString()})
2024-04-17 17:44:45,569 [main] INFO  base.BaseClass - Found Element By {by.toString()}
2024-04-17 17:44:46,437 [main] INFO  base.BaseClass - Trying to find Element By {by.toString()})
2024-04-17 17:44:46,472 [main] INFO  base.BaseClass - Found Element By {by.toString()}
2024-04-17 17:44:47,019 [main] INFO  base.BaseClass - Trying to find Element By {by.toString()})
2024-04-17 17:44:47,035 [main] INFO  base.BaseClass - Found Element By {by.toString()}
2024-04-17 17:44:47,568 [main] INFO  base.BaseClass - Trying to find Element By {by.toString()})
2024-04-17 17:44:47,582 [main] INFO  base.BaseClass - Found Element By {by.toString()}
2024-04-17 17:44:48,118 [main] INFO  base.BaseClass - Trying to find Element By {by.toString()})
2024-04-17 17:44:48,138 [main] INFO  base.BaseClass - Found Element By {by.toString()}
2024-04-17 17:44:48,668 [main] INFO  base.BaseClass - Trying to find Element By {by.toString()})
2024-04-17 17:44:48,684 [main] INFO  base.BaseClass - Found Element By {by.toString()}
2024-04-17 17:44:49,214 [main] INFO  base.BaseClass - Trying to find Element By {by.toString()})
2024-04-17 17:44:49,241 [main] INFO  base.BaseClass - Found Element By {by.toString()}
2024-04-17 17:44:49,784 [main] INFO  base.BaseClass - Trying to find Element By {by.toString()})
2024-04-17 17:44:49,815 [main] INFO  base.BaseClass - Found Element By {by.toString()}
2024-04-17 17:44:50,342 [main] INFO  base.BaseClass - Trying to find Element By {by.toString()})
2024-04-17 17:44:50,364 [main] INFO  base.BaseClass - Found Element By {by.toString()}
2024-04-17 17:44:50,888 [main] INFO  base.BaseClass - Trying to find Element By {by.toString()})
2024-04-17 17:44:50,901 [main] INFO  base.BaseClass - Found Element By {by.toString()}
2024-04-17 17:44:51,449 [main] INFO  base.BaseClass - Trying to find Element By {by.toString()})
2024-04-17 17:44:51,464 [main] INFO  base.BaseClass - Found Element By {by.toString()}
2024-04-17 17:44:51,995 [main] INFO  base.BaseClass - Trying to find Element By {by.toString()})
2024-04-17 17:44:52,015 [main] INFO  base.BaseClass - Found Element By {by.toString()}
2024-04-17 17:44:52,539 [main] INFO  base.BaseClass - Trying to find Element By {by.toString()})
2024-04-17 17:44:52,569 [main] INFO  base.BaseClass - Found Element By {by.toString()}
2024-04-17 17:44:53,114 [main] INFO  base.BaseClass - Trying to find Element By {by.toString()})
2024-04-17 17:44:53,137 [main] INFO  base.BaseClass - Found Element By {by.toString()}
2024-04-17 17:44:53,690 [main] INFO  base.BaseClass - Trying to find Element By {by.toString()})
2024-04-17 17:44:53,714 [main] INFO  base.BaseClass - Found Element By {by.toString()}
2024-04-17 17:44:54,249 [main] INFO  base.BaseClass - Trying to find Element By {by.toString()})
2024-04-17 17:44:54,285 [main] INFO  base.BaseClass - Found Element By {by.toString()}
2024-04-17 17:44:54,836 [main] INFO  base.BaseClass - Trying to find Element By {by.toString()})
2024-04-17 17:44:54,865 [main] INFO  base.BaseClass - Found Element By {by.toString()}
2024-04-17 17:44:55,397 [main] INFO  base.BaseClass - Trying to find Element By {by.toString()})
2024-04-17 17:44:55,415 [main] INFO  base.BaseClass - Found Element By {by.toString()}
2024-04-17 17:44:55,941 [main] INFO  base.BaseClass - Trying to find Element By {by.toString()})
2024-04-17 17:44:55,980 [main] INFO  base.BaseClass - Found Element By {by.toString()}
2024-04-17 17:44:56,550 [main] INFO  base.BaseClass - Trying to find Element By {by.toString()})
2024-04-17 17:44:56,582 [main] INFO  base.BaseClass - Found Element By {by.toString()}
2024-04-17 17:44:57,111 [main] INFO  base.BaseClass - Trying to find Element By {by.toString()})
2024-04-17 17:44:57,141 [main] INFO  base.BaseClass - Found Element By {by.toString()}
2024-04-17 17:44:57,673 [main] INFO  base.BaseClass - Trying to find Element By {by.toString()})
2024-04-17 17:44:57,711 [main] INFO  base.BaseClass - Found Element By {by.toString()}
2024-04-17 17:44:58,252 [main] INFO  base.BaseClass - Trying to find Element By {by.toString()})
2024-04-17 17:44:58,283 [main] INFO  base.BaseClass - Found Element By {by.toString()}
2024-04-17 17:44:58,829 [main] INFO  base.BaseClass - Trying to find Element By {by.toString()})
2024-04-17 17:44:58,870 [main] INFO  base.BaseClass - Found Element By {by.toString()}
2024-04-17 17:44:59,407 [main] INFO  base.BaseClass - Trying to find Element By {by.toString()})
2024-04-17 17:44:59,423 [main] INFO  base.BaseClass - Found Element By {by.toString()}
2024-04-17 17:44:59,954 [main] INFO  base.BaseClass - Trying to find Element By {by.toString()})
2024-04-17 17:44:59,982 [main] INFO  base.BaseClass - Found Element By {by.toString()}
2024-04-17 17:45:00,516 [main] INFO  base.BaseClass - Trying to find Element By {by.toString()})
2024-04-17 17:45:00,530 [main] INFO  base.BaseClass - Found Element By {by.toString()}
2024-04-17 17:45:01,061 [main] INFO  base.BaseClass - Trying to find Element By {by.toString()})
2024-04-17 17:45:01,091 [main] INFO  base.BaseClass - Found Element By {by.toString()}
2024-04-17 17:45:01,626 [main] INFO  base.BaseClass - Trying to find Element By {by.toString()})
2024-04-17 17:45:01,654 [main] INFO  base.BaseClass - Found Element By {by.toString()}
2024-04-17 17:45:02,186 [main] INFO  base.BaseClass - Trying to find Element By {by.toString()})
2024-04-17 17:45:02,214 [main] INFO  base.BaseClass - Found Element By {by.toString()}
2024-04-17 17:45:02,746 [main] INFO  base.BaseClass - Trying to find Element By {by.toString()})
2024-04-17 17:45:02,771 [main] INFO  base.BaseClass - Found Element By {by.toString()}
2024-04-17 17:45:03,310 [main] INFO  base.BaseClass - Trying to find Element By {by.toString()})
2024-04-17 17:45:03,338 [main] INFO  base.BaseClass - Found Element By {by.toString()}
2024-04-17 17:45:03,871 [main] INFO  base.BaseClass - Trying to find Element By {by.toString()})
2024-04-17 17:45:03,898 [main] INFO  base.BaseClass - Found Element By {by.toString()}
2024-04-17 17:45:04,431 [main] INFO  base.BaseClass - Trying to find Element By {by.toString()})
2024-04-17 17:45:04,459 [main] INFO  base.BaseClass - Found Element By {by.toString()}
2024-04-17 17:45:04,992 [main] INFO  base.BaseClass - Trying to find Element By {by.toString()})
2024-04-17 17:45:05,022 [main] INFO  base.BaseClass - Found Element By {by.toString()}
2024-04-17 17:45:05,566 [main] INFO  base.BaseClass - Trying to find Element By {by.toString()})
2024-04-17 17:45:05,591 [main] INFO  base.BaseClass - Found Element By {by.toString()}
2024-04-17 17:45:06,114 [main] INFO  base.BaseClass - Trying to find Element By {by.toString()})
2024-04-17 17:45:06,150 [main] INFO  base.BaseClass - Found Element By {by.toString()}
2024-04-17 17:45:06,693 [main] INFO  base.BaseClass - Trying to find Element By {by.toString()})
2024-04-17 17:45:06,734 [main] INFO  base.BaseClass - Found Element By {by.toString()}
2024-04-17 17:45:07,289 [main] INFO  base.BaseClass - Trying to find Element By {by.toString()})
2024-04-17 17:45:07,323 [main] INFO  base.BaseClass - Found Element By {by.toString()}
2024-04-17 17:45:07,854 [main] INFO  base.BaseClass - Trying to find Element By {by.toString()})
2024-04-17 17:45:07,890 [main] INFO  base.BaseClass - Found Element By {by.toString()}
2024-04-17 17:45:08,438 [main] INFO  base.BaseClass - Trying to find Element By {by.toString()})
2024-04-17 17:45:08,471 [main] INFO  base.BaseClass - Found Element By {by.toString()}
2024-04-17 17:45:09,000 [main] INFO  base.BaseClass - Trying to find Element By {by.toString()})
2024-04-17 17:45:09,019 [main] INFO  base.BaseClass - Found Element By {by.toString()}
2024-04-17 17:45:09,561 [main] INFO  base.BaseClass - Trying to find Element By {by.toString()})
2024-04-17 17:45:09,595 [main] INFO  base.BaseClass - Found Element By {by.toString()}
2024-04-17 17:45:10,137 [main] INFO  base.BaseClass - Trying to find Element By {by.toString()})
2024-04-17 17:45:10,153 [main] INFO  base.BaseClass - Found Element By {by.toString()}
2024-04-17 17:45:10,684 [main] INFO  base.BaseClass - Trying to find Element By {by.toString()})
2024-04-17 17:45:10,715 [main] INFO  base.BaseClass - Found Element By {by.toString()}
2024-04-17 17:45:11,243 [main] INFO  base.BaseClass - Trying to find Element By {by.toString()})
2024-04-17 17:45:11,264 [main] INFO  base.BaseClass - Found Element By {by.toString()}
2024-04-17 17:45:11,792 [main] INFO  base.BaseClass - Trying to find Element By {by.toString()})
2024-04-17 17:45:11,808 [main] INFO  base.BaseClass - Found Element By {by.toString()}
2024-04-17 17:45:12,337 [main] INFO  base.BaseClass - Trying to find Element By {by.toString()})
2024-04-17 17:45:12,373 [main] INFO  base.BaseClass - Found Element By {by.toString()}
2024-04-17 17:45:12,912 [main] INFO  base.BaseClass - Trying to find Element By {by.toString()})
2024-04-17 17:45:12,942 [main] INFO  base.BaseClass - Found Element By {by.toString()}
2024-04-17 17:45:13,487 [main] INFO  base.BaseClass - Trying to find Element By {by.toString()})
2024-04-17 17:45:13,524 [main] INFO  base.BaseClass - Found Element By {by.toString()}
2024-04-17 17:45:14,079 [main] INFO  base.BaseClass - Trying to find Element By {by.toString()})
2024-04-17 17:45:14,118 [main] INFO  base.BaseClass - Found Element By {by.toString()}
2024-04-17 17:45:14,671 [main] INFO  base.BaseClass - Trying to find Element By {by.toString()})
2024-04-17 17:45:14,709 [main] INFO  base.BaseClass - Found Element By {by.toString()}
TimeoutException occurred: Expected condition failed: waiting for helper.WaitUtility$5@4cb957b8 (tried for 30 second(s) with 500 milliseconds interval)
Build info: version: '3.141.59', revision: 'e82be7d358', time: '2018-11-14T08:17:03'
System info: host: 'DPLAP166', ip: '137.237.2.236', os.name: 'Windows 10', os.arch: 'amd64', os.version: '10.0', java.version: '19.0.1'
Driver info: org.openqa.selenium.support.events.EventFiringWebDriver
Capabilities {acceptInsecureCerts: true, browserName: chrome, browserVersion: 123.0.6312.123, chrome: {chromedriverVersion: 123.0.6312.122 (31f8248cdd9..., userDataDir: C:\Users\dP-PL\AppData\Loca...}, fedcm:accounts: true, goog:chromeOptions: {debuggerAddress: localhost:51256}, javascriptEnabled: true, networkConnectionEnabled: false, pageLoadStrategy: normal, platform: WINDOWS, platformName: WINDOWS, proxy: Proxy(), setWindowRect: true, strictFileInteractability: false, timeouts: {implicit: 0, pageLoad: 300000, script: 30000}, unhandledPromptBehavior: dismiss and notify, webauthn:extension:credBlob: true, webauthn:extension:largeBlob: true, webauthn:extension:minPinLength: true, webauthn:extension:prf: true, webauthn:virtualAuthenticators: true}
Session ID: a59c4df4811f82049fe754efe723d3c1
2024-04-17 17:45:14,730 [main] ERROR RotationCopy_test - Element did not become visible within the specified time: Expected condition failed: waiting for helper.WaitUtility$5@4cb957b8 (tried for 30 second(s) with 500 milliseconds interval)
Build info: version: '3.141.59', revision: 'e82be7d358', time: '2018-11-14T08:17:03'
System info: host: 'DPLAP166', ip: '137.237.2.236', os.name: 'Windows 10', os.arch: 'amd64', os.version: '10.0', java.version: '19.0.1'
Driver info: org.openqa.selenium.support.events.EventFiringWebDriver
Capabilities {acceptInsecureCerts: true, browserName: chrome, browserVersion: 123.0.6312.123, chrome: {chromedriverVersion: 123.0.6312.122 (31f8248cdd9..., userDataDir: C:\Users\dP-PL\AppData\Loca...}, fedcm:accounts: true, goog:chromeOptions: {debuggerAddress: localhost:51256}, javascriptEnabled: true, networkConnectionEnabled: false, pageLoadStrategy: normal, platform: WINDOWS, platformName: WINDOWS, proxy: Proxy(), setWindowRect: true, strictFileInteractability: false, timeouts: {implicit: 0, pageLoad: 300000, script: 30000}, unhandledPromptBehavior: dismiss and notify, webauthn:extension:credBlob: true, webauthn:extension:largeBlob: true, webauthn:extension:minPinLength: true, webauthn:extension:prf: true, webauthn:virtualAuthenticators: true}
Session ID: a59c4df4811f82049fe754efe723d3c1
2024-04-17 17:45:14,730 [main] INFO  base.BaseClass - Trying to find Element By {by.toString()})
2024-04-17 17:45:14,741 [main] INFO  base.BaseClass - Found Element By {by.toString()}
2024-04-17 17:45:14,741 [main] INFO  base.BaseClass - Trying to click on: {element.toString()}
2024-04-17 17:45:14,814 [main] INFO  base.BaseClass - Clicked on: {element.toString()}
2024-04-17 17:45:14,814 [main] INFO  base.BaseClass - Trying to find Element By {by.toString()})
2024-04-17 17:45:14,830 [main] INFO  base.BaseClass - Found Element By {by.toString()}
2024-04-17 17:45:15,355 [main] INFO  base.BaseClass - Trying to find Element By {by.toString()})
2024-04-17 17:45:15,389 [main] INFO  base.BaseClass - Found Element By {by.toString()}
2024-04-17 17:45:15,919 [main] INFO  base.BaseClass - Trying to find Element By {by.toString()})
2024-04-17 17:45:15,954 [main] INFO  base.BaseClass - Found Element By {by.toString()}
2024-04-17 17:45:16,495 [main] INFO  base.BaseClass - Trying to find Element By {by.toString()})
2024-04-17 17:45:16,533 [main] INFO  base.BaseClass - Found Element By {by.toString()}
2024-04-17 17:45:17,070 [main] INFO  base.BaseClass - Trying to find Element By {by.toString()})
2024-04-17 17:45:17,109 [main] INFO  base.BaseClass - Found Element By {by.toString()}
2024-04-17 17:45:17,661 [main] INFO  base.BaseClass - Trying to find Element By {by.toString()})
2024-04-17 17:45:17,700 [main] INFO  base.BaseClass - Found Element By {by.toString()}
2024-04-17 17:45:18,237 [main] INFO  base.BaseClass - Trying to find Element By {by.toString()})
2024-04-17 17:45:18,272 [main] INFO  base.BaseClass - Found Element By {by.toString()}
2024-04-17 17:45:18,811 [main] INFO  base.BaseClass - Trying to find Element By {by.toString()})
2024-04-17 17:45:18,844 [main] INFO  base.BaseClass - Found Element By {by.toString()}
2024-04-17 17:45:19,372 [main] INFO  base.BaseClass - Trying to find Element By {by.toString()})
2024-04-17 17:45:19,402 [main] INFO  base.BaseClass - Found Element By {by.toString()}
2024-04-17 17:45:19,933 [main] INFO  base.BaseClass - Trying to find Element By {by.toString()})
2024-04-17 17:45:19,961 [main] INFO  base.BaseClass - Found Element By {by.toString()}
2024-04-17 17:45:20,496 [main] INFO  base.BaseClass - Trying to find Element By {by.toString()})
2024-04-17 17:45:20,519 [main] INFO  base.BaseClass - Found Element By {by.toString()}
2024-04-17 17:45:21,055 [main] INFO  base.BaseClass - Trying to find Element By {by.toString()})
2024-04-17 17:45:21,088 [main] INFO  base.BaseClass - Found Element By {by.toString()}
2024-04-17 17:45:21,647 [main] INFO  base.BaseClass - Trying to find Element By {by.toString()})
2024-04-17 17:45:21,685 [main] INFO  base.BaseClass - Found Element By {by.toString()}
2024-04-17 17:45:22,225 [main] INFO  base.BaseClass - Trying to find Element By {by.toString()})
2024-04-17 17:45:22,239 [main] INFO  base.BaseClass - Found Element By {by.toString()}
2024-04-17 17:45:22,769 [main] INFO  base.BaseClass - Trying to find Element By {by.toString()})
2024-04-17 17:45:22,780 [main] INFO  base.BaseClass - Found Element By {by.toString()}
2024-04-17 17:45:23,300 [main] INFO  base.BaseClass - Trying to find Element By {by.toString()})
2024-04-17 17:45:23,314 [main] INFO  base.BaseClass - Found Element By {by.toString()}
2024-04-17 17:45:23,845 [main] INFO  base.BaseClass - Trying to find Element By {by.toString()})
2024-04-17 17:45:23,901 [main] INFO  base.BaseClass - Found Element By {by.toString()}
2024-04-17 17:45:24,426 [main] INFO  base.BaseClass - Trying to find Element By {by.toString()})
2024-04-17 17:45:24,448 [main] INFO  base.BaseClass - Found Element By {by.toString()}
2024-04-17 17:45:24,988 [main] INFO  base.BaseClass - Trying to find Element By {by.toString()})
2024-04-17 17:45:25,020 [main] INFO  base.BaseClass - Found Element By {by.toString()}
2024-04-17 17:45:25,553 [main] INFO  base.BaseClass - Trying to find Element By {by.toString()})
2024-04-17 17:45:25,582 [main] INFO  base.BaseClass - Found Element By {by.toString()}
2024-04-17 17:45:26,134 [main] INFO  base.BaseClass - Trying to find Element By {by.toString()})
2024-04-17 17:45:26,170 [main] INFO  base.BaseClass - Found Element By {by.toString()}
2024-04-17 17:45:26,713 [main] INFO  base.BaseClass - Trying to find Element By {by.toString()})
2024-04-17 17:45:26,733 [main] INFO  base.BaseClass - Found Element By {by.toString()}
2024-04-17 17:45:27,272 [main] INFO  base.BaseClass - Trying to find Element By {by.toString()})
2024-04-17 17:45:27,294 [main] INFO  base.BaseClass - Found Element By {by.toString()}
2024-04-17 17:45:27,819 [main] INFO  base.BaseClass - Trying to find Element By {by.toString()})
2024-04-17 17:45:27,850 [main] INFO  base.BaseClass - Found Element By {by.toString()}
2024-04-17 17:45:28,382 [main] INFO  base.BaseClass - Trying to find Element By {by.toString()})
2024-04-17 17:45:28,396 [main] INFO  base.BaseClass - Found Element By {by.toString()}
2024-04-17 17:45:28,916 [main] INFO  base.BaseClass - Trying to find Element By {by.toString()})
2024-04-17 17:45:28,927 [main] INFO  base.BaseClass - Found Element By {by.toString()}
2024-04-17 17:45:29,459 [main] INFO  base.BaseClass - Trying to find Element By {by.toString()})
2024-04-17 17:45:29,475 [main] INFO  base.BaseClass - Found Element By {by.toString()}
2024-04-17 17:45:30,006 [main] INFO  base.BaseClass - Trying to find Element By {by.toString()})
2024-04-17 17:45:30,026 [main] INFO  base.BaseClass - Found Element By {by.toString()}
2024-04-17 17:45:30,570 [main] INFO  base.BaseClass - Trying to find Element By {by.toString()})
2024-04-17 17:45:30,585 [main] INFO  base.BaseClass - Found Element By {by.toString()}
2024-04-17 17:45:31,115 [main] INFO  base.BaseClass - Trying to find Element By {by.toString()})
2024-04-17 17:45:31,129 [main] INFO  base.BaseClass - Found Element By {by.toString()}
2024-04-17 17:45:31,647 [main] INFO  base.BaseClass - Trying to find Element By {by.toString()})
2024-04-17 17:45:31,674 [main] INFO  base.BaseClass - Found Element By {by.toString()}
2024-04-17 17:45:32,207 [main] INFO  base.BaseClass - Trying to find Element By {by.toString()})
2024-04-17 17:45:32,228 [main] INFO  base.BaseClass - Found Element By {by.toString()}
2024-04-17 17:45:32,769 [main] INFO  base.BaseClass - Trying to find Element By {by.toString()})
2024-04-17 17:45:32,805 [main] INFO  base.BaseClass - Found Element By {by.toString()}
2024-04-17 17:45:33,346 [main] INFO  base.BaseClass - Trying to find Element By {by.toString()})
2024-04-17 17:45:33,370 [main] INFO  base.BaseClass - Found Element By {by.toString()}
2024-04-17 17:45:33,892 [main] INFO  base.BaseClass - Trying to find Element By {by.toString()})
2024-04-17 17:45:33,929 [main] INFO  base.BaseClass - Found Element By {by.toString()}
2024-04-17 17:45:34,470 [main] INFO  base.BaseClass - Trying to find Element By {by.toString()})
2024-04-17 17:45:34,484 [main] INFO  base.BaseClass - Found Element By {by.toString()}
2024-04-17 17:45:35,001 [main] INFO  base.BaseClass - Trying to find Element By {by.toString()})
2024-04-17 17:45:35,019 [main] INFO  base.BaseClass - Found Element By {by.toString()}
2024-04-17 17:45:35,546 [main] INFO  base.BaseClass - Trying to find Element By {by.toString()})
2024-04-17 17:45:35,584 [main] INFO  base.BaseClass - Found Element By {by.toString()}
2024-04-17 17:45:36,142 [main] INFO  base.BaseClass - Trying to find Element By {by.toString()})
2024-04-17 17:45:36,162 [main] INFO  base.BaseClass - Found Element By {by.toString()}
2024-04-17 17:45:36,701 [main] INFO  base.BaseClass - Trying to find Element By {by.toString()})
2024-04-17 17:45:36,725 [main] INFO  base.BaseClass - Found Element By {by.toString()}
2024-04-17 17:45:37,261 [main] INFO  base.BaseClass - Trying to find Element By {by.toString()})
2024-04-17 17:45:37,273 [main] INFO  base.BaseClass - Found Element By {by.toString()}
2024-04-17 17:45:37,791 [main] INFO  base.BaseClass - Trying to find Element By {by.toString()})
2024-04-17 17:45:37,816 [main] INFO  base.BaseClass - Found Element By {by.toString()}
2024-04-17 17:45:38,369 [main] INFO  base.BaseClass - Trying to find Element By {by.toString()})
2024-04-17 17:45:38,405 [main] INFO  base.BaseClass - Found Element By {by.toString()}
2024-04-17 17:45:38,949 [main] INFO  base.BaseClass - Trying to find Element By {by.toString()})
2024-04-17 17:45:38,974 [main] INFO  base.BaseClass - Found Element By {by.toString()}
2024-04-17 17:45:39,510 [main] INFO  base.BaseClass - Trying to find Element By {by.toString()})
2024-04-17 17:45:39,522 [main] INFO  base.BaseClass - Found Element By {by.toString()}
2024-04-17 17:45:40,041 [main] INFO  base.BaseClass - Trying to find Element By {by.toString()})
2024-04-17 17:45:40,062 [main] INFO  base.BaseClass - Found Element By {by.toString()}
2024-04-17 17:45:40,592 [main] INFO  base.BaseClass - Trying to find Element By {by.toString()})
2024-04-17 17:45:40,613 [main] INFO  base.BaseClass - Found Element By {by.toString()}
2024-04-17 17:45:41,142 [main] INFO  base.BaseClass - Trying to find Element By {by.toString()})
2024-04-17 17:45:41,171 [main] INFO  base.BaseClass - Found Element By {by.toString()}
2024-04-17 17:45:41,720 [main] INFO  base.BaseClass - Trying to find Element By {by.toString()})
2024-04-17 17:45:41,737 [main] INFO  base.BaseClass - Found Element By {by.toString()}
2024-04-17 17:45:42,266 [main] INFO  base.BaseClass - Trying to find Element By {by.toString()})
2024-04-17 17:45:42,304 [main] INFO  base.BaseClass - Found Element By {by.toString()}
2024-04-17 17:45:42,841 [main] INFO  base.BaseClass - Trying to find Element By {by.toString()})
2024-04-17 17:45:42,867 [main] INFO  base.BaseClass - Found Element By {by.toString()}
2024-04-17 17:45:43,403 [main] INFO  base.BaseClass - Trying to find Element By {by.toString()})
2024-04-17 17:45:43,415 [main] INFO  base.BaseClass - Found Element By {by.toString()}
2024-04-17 17:45:43,935 [main] INFO  base.BaseClass - Trying to find Element By {by.toString()})
2024-04-17 17:45:43,945 [main] INFO  base.BaseClass - Found Element By {by.toString()}
2024-04-17 17:45:44,465 [main] INFO  base.BaseClass - Trying to find Element By {by.toString()})
2024-04-17 17:45:44,480 [main] INFO  base.BaseClass - Found Element By {by.toString()}
2024-04-17 17:45:45,007 [main] INFO  base.BaseClass - Trying to find Element By {by.toString()})
2024-04-17 17:45:45,040 [main] INFO  base.BaseClass - Found Element By {by.toString()}
TimeoutException occurred: Expected condition failed: waiting for helper.WaitUtility$5@8b13d91 (tried for 30 second(s) with 500 milliseconds interval)
Build info: version: '3.141.59', revision: 'e82be7d358', time: '2018-11-14T08:17:03'
System info: host: 'DPLAP166', ip: '137.237.2.236', os.name: 'Windows 10', os.arch: 'amd64', os.version: '10.0', java.version: '19.0.1'
Driver info: org.openqa.selenium.support.events.EventFiringWebDriver
Capabilities {acceptInsecureCerts: true, browserName: chrome, browserVersion: 123.0.6312.123, chrome: {chromedriverVersion: 123.0.6312.122 (31f8248cdd9..., userDataDir: C:\Users\dP-PL\AppData\Loca...}, fedcm:accounts: true, goog:chromeOptions: {debuggerAddress: localhost:51256}, javascriptEnabled: true, networkConnectionEnabled: false, pageLoadStrategy: normal, platform: WINDOWS, platformName: WINDOWS, proxy: Proxy(), setWindowRect: true, strictFileInteractability: false, timeouts: {implicit: 0, pageLoad: 300000, script: 30000}, unhandledPromptBehavior: dismiss and notify, webauthn:extension:credBlob: true, webauthn:extension:largeBlob: true, webauthn:extension:minPinLength: true, webauthn:extension:prf: true, webauthn:virtualAuthenticators: true}
Session ID: a59c4df4811f82049fe754efe723d3c1
2024-04-17 17:45:45,078 [main] ERROR RotationCopy_test - Element did not become visible within the specified time: Expected condition failed: waiting for helper.WaitUtility$5@8b13d91 (tried for 30 second(s) with 500 milliseconds interval)
Build info: version: '3.141.59', revision: 'e82be7d358', time: '2018-11-14T08:17:03'
System info: host: 'DPLAP166', ip: '137.237.2.236', os.name: 'Windows 10', os.arch: 'amd64', os.version: '10.0', java.version: '19.0.1'
Driver info: org.openqa.selenium.support.events.EventFiringWebDriver
Capabilities {acceptInsecureCerts: true, browserName: chrome, browserVersion: 123.0.6312.123, chrome: {chromedriverVersion: 123.0.6312.122 (31f8248cdd9..., userDataDir: C:\Users\dP-PL\AppData\Loca...}, fedcm:accounts: true, goog:chromeOptions: {debuggerAddress: localhost:51256}, javascriptEnabled: true, networkConnectionEnabled: false, pageLoadStrategy: normal, platform: WINDOWS, platformName: WINDOWS, proxy: Proxy(), setWindowRect: true, strictFileInteractability: false, timeouts: {implicit: 0, pageLoad: 300000, script: 30000}, unhandledPromptBehavior: dismiss and notify, webauthn:extension:credBlob: true, webauthn:extension:largeBlob: true, webauthn:extension:minPinLength: true, webauthn:extension:prf: true, webauthn:virtualAuthenticators: true}
Session ID: a59c4df4811f82049fe754efe723d3c1
2024-04-17 17:45:45,079 [main] INFO  base.BaseClass - Trying to find Element By {by.toString()})
2024-04-17 17:45:45,097 [main] INFO  base.BaseClass - Found Element By {by.toString()}
2024-04-17 17:45:45,098 [main] INFO  base.BaseClass - Trying to click on: {element.toString()}
2024-04-17 17:45:45,288 [main] INFO  base.BaseClass - Clicked on: {element.toString()}
2024-04-17 17:45:45,288 [main] INFO  base.BaseClass - Trying to find Element By {by.toString()})
2024-04-17 17:45:45,888 [main] INFO  base.BaseClass - Found Element By {by.toString()}
2024-04-17 17:45:46,411 [main] INFO  base.BaseClass - Trying to find Element By {by.toString()})
2024-04-17 17:45:46,450 [main] INFO  base.BaseClass - Found Element By {by.toString()}
2024-04-17 17:45:47,005 [main] INFO  base.BaseClass - Trying to find Element By {by.toString()})
2024-04-17 17:45:47,026 [main] INFO  base.BaseClass - Found Element By {by.toString()}
2024-04-17 17:45:47,551 [main] INFO  base.BaseClass - Trying to find Element By {by.toString()})
2024-04-17 17:45:47,585 [main] INFO  base.BaseClass - Found Element By {by.toString()}
2024-04-17 17:45:48,113 [main] INFO  base.BaseClass - Trying to find Element By {by.toString()})
2024-04-17 17:45:48,152 [main] INFO  base.BaseClass - Found Element By {by.toString()}
2024-04-17 17:45:48,704 [main] INFO  base.BaseClass - Trying to find Element By {by.toString()})
2024-04-17 17:45:48,743 [main] INFO  base.BaseClass - Found Element By {by.toString()}
2024-04-17 17:45:49,298 [main] INFO  base.BaseClass - Trying to find Element By {by.toString()})
2024-04-17 17:45:49,324 [main] INFO  base.BaseClass - Found Element By {by.toString()}
2024-04-17 17:45:49,856 [main] INFO  base.BaseClass - Trying to find Element By {by.toString()})
2024-04-17 17:45:49,893 [main] INFO  base.BaseClass - Found Element By {by.toString()}
2024-04-17 17:45:50,436 [main] INFO  base.BaseClass - Trying to find Element By {by.toString()})
2024-04-17 17:45:50,471 [main] INFO  base.BaseClass - Found Element By {by.toString()}
2024-04-17 17:45:51,015 [main] INFO  base.BaseClass - Trying to find Element By {by.toString()})
2024-04-17 17:45:51,053 [main] INFO  base.BaseClass - Found Element By {by.toString()}
2024-04-17 17:45:51,610 [main] INFO  base.BaseClass - Trying to find Element By {by.toString()})
2024-04-17 17:45:51,636 [main] INFO  base.BaseClass - Found Element By {by.toString()}
2024-04-17 17:45:52,172 [main] INFO  base.BaseClass - Trying to find Element By {by.toString()})
2024-04-17 17:45:52,205 [main] INFO  base.BaseClass - Found Element By {by.toString()}
2024-04-17 17:45:52,731 [main] INFO  base.BaseClass - Trying to find Element By {by.toString()})
2024-04-17 17:45:52,766 [main] INFO  base.BaseClass - Found Element By {by.toString()}
2024-04-17 17:45:53,312 [main] INFO  base.BaseClass - Trying to find Element By {by.toString()})
2024-04-17 17:45:53,345 [main] INFO  base.BaseClass - Found Element By {by.toString()}
2024-04-17 17:45:53,888 [main] INFO  base.BaseClass - Trying to find Element By {by.toString()})
2024-04-17 17:45:53,920 [main] INFO  base.BaseClass - Found Element By {by.toString()}
2024-04-17 17:45:54,462 [main] INFO  base.BaseClass - Trying to find Element By {by.toString()})
2024-04-17 17:45:54,494 [main] INFO  base.BaseClass - Found Element By {by.toString()}
2024-04-17 17:45:55,042 [main] INFO  base.BaseClass - Trying to find Element By {by.toString()})
2024-04-17 17:45:55,076 [main] INFO  base.BaseClass - Found Element By {by.toString()}
2024-04-17 17:45:55,617 [main] INFO  base.BaseClass - Trying to find Element By {by.toString()})
2024-04-17 17:45:55,638 [main] INFO  base.BaseClass - Found Element By {by.toString()}
2024-04-17 17:45:56,182 [main] INFO  base.BaseClass - Trying to find Element By {by.toString()})
2024-04-17 17:45:56,214 [main] INFO  base.BaseClass - Found Element By {by.toString()}
2024-04-17 17:45:56,777 [main] INFO  base.BaseClass - Trying to find Element By {by.toString()})
2024-04-17 17:45:56,793 [main] INFO  base.BaseClass - Found Element By {by.toString()}
2024-04-17 17:45:57,325 [main] INFO  base.BaseClass - Trying to find Element By {by.toString()})
2024-04-17 17:45:57,356 [main] INFO  base.BaseClass - Found Element By {by.toString()}
2024-04-17 17:45:57,888 [main] INFO  base.BaseClass - Trying to find Element By {by.toString()})
2024-04-17 17:45:57,922 [main] INFO  base.BaseClass - Found Element By {by.toString()}
2024-04-17 17:45:58,480 [main] INFO  base.BaseClass - Trying to find Element By {by.toString()})
2024-04-17 17:45:58,513 [main] INFO  base.BaseClass - Found Element By {by.toString()}
2024-04-17 17:45:59,057 [main] INFO  base.BaseClass - Trying to find Element By {by.toString()})
2024-04-17 17:45:59,089 [main] INFO  base.BaseClass - Found Element By {by.toString()}
2024-04-17 17:45:59,636 [main] INFO  base.BaseClass - Trying to find Element By {by.toString()})
2024-04-17 17:45:59,669 [main] INFO  base.BaseClass - Found Element By {by.toString()}
2024-04-17 17:46:00,215 [main] INFO  base.BaseClass - Trying to find Element By {by.toString()})
2024-04-17 17:46:00,241 [main] INFO  base.BaseClass - Found Element By {by.toString()}
2024-04-17 17:46:00,777 [main] INFO  base.BaseClass - Trying to find Element By {by.toString()})
2024-04-17 17:46:00,810 [main] INFO  base.BaseClass - Found Element By {by.toString()}
2024-04-17 17:46:01,341 [main] INFO  base.BaseClass - Trying to find Element By {by.toString()})
2024-04-17 17:46:01,362 [main] INFO  base.BaseClass - Found Element By {by.toString()}
2024-04-17 17:46:01,891 [main] INFO  base.BaseClass - Trying to find Element By {by.toString()})
2024-04-17 17:46:01,913 [main] INFO  base.BaseClass - Found Element By {by.toString()}
2024-04-17 17:46:02,436 [main] INFO  base.BaseClass - Trying to find Element By {by.toString()})
2024-04-17 17:46:02,448 [main] INFO  base.BaseClass - Found Element By {by.toString()}
2024-04-17 17:46:02,965 [main] INFO  base.BaseClass - Trying to find Element By {by.toString()})
2024-04-17 17:46:02,982 [main] INFO  base.BaseClass - Found Element By {by.toString()}
2024-04-17 17:46:03,510 [main] INFO  base.BaseClass - Trying to find Element By {by.toString()})
2024-04-17 17:46:03,543 [main] INFO  base.BaseClass - Found Element By {by.toString()}
2024-04-17 17:46:04,104 [main] INFO  base.BaseClass - Trying to find Element By {by.toString()})
2024-04-17 17:46:04,141 [main] INFO  base.BaseClass - Found Element By {by.toString()}
2024-04-17 17:46:04,683 [main] INFO  base.BaseClass - Trying to find Element By {by.toString()})
2024-04-17 17:46:04,717 [main] INFO  base.BaseClass - Found Element By {by.toString()}
2024-04-17 17:46:05,259 [main] INFO  base.BaseClass - Trying to find Element By {by.toString()})
2024-04-17 17:46:05,295 [main] INFO  base.BaseClass - Found Element By {by.toString()}
2024-04-17 17:46:05,850 [main] INFO  base.BaseClass - Trying to find Element By {by.toString()})
2024-04-17 17:46:05,886 [main] INFO  base.BaseClass - Found Element By {by.toString()}
2024-04-17 17:46:06,443 [main] INFO  base.BaseClass - Trying to find Element By {by.toString()})
2024-04-17 17:46:06,458 [main] INFO  base.BaseClass - Found Element By {by.toString()}
2024-04-17 17:46:06,977 [main] INFO  base.BaseClass - Trying to find Element By {by.toString()})
2024-04-17 17:46:07,014 [main] INFO  base.BaseClass - Found Element By {by.toString()}
2024-04-17 17:46:07,573 [main] INFO  base.BaseClass - Trying to find Element By {by.toString()})
2024-04-17 17:46:07,607 [main] INFO  base.BaseClass - Found Element By {by.toString()}
2024-04-17 17:46:08,151 [main] INFO  base.BaseClass - Trying to find Element By {by.toString()})
2024-04-17 17:46:08,181 [main] INFO  base.BaseClass - Found Element By {by.toString()}
2024-04-17 17:46:08,711 [main] INFO  base.BaseClass - Trying to find Element By {by.toString()})
2024-04-17 17:46:08,744 [main] INFO  base.BaseClass - Found Element By {by.toString()}
2024-04-17 17:46:09,289 [main] INFO  base.BaseClass - Trying to find Element By {by.toString()})
2024-04-17 17:46:09,329 [main] INFO  base.BaseClass - Found Element By {by.toString()}
2024-04-17 17:46:10,290 [main] INFO  base.BaseClass - Trying to find Element By {by.toString()})
2024-04-17 17:46:10,312 [main] INFO  base.BaseClass - Found Element By {by.toString()}
2024-04-17 17:46:10,846 [main] INFO  base.BaseClass - Trying to find Element By {by.toString()})
2024-04-17 17:46:10,880 [main] INFO  base.BaseClass - Found Element By {by.toString()}
2024-04-17 17:46:11,428 [main] INFO  base.BaseClass - Trying to find Element By {by.toString()})
2024-04-17 17:46:11,461 [main] INFO  base.BaseClass - Found Element By {by.toString()}
2024-04-17 17:46:12,008 [main] INFO  base.BaseClass - Trying to find Element By {by.toString()})
2024-04-17 17:46:12,044 [main] INFO  base.BaseClass - Found Element By {by.toString()}
2024-04-17 17:46:12,585 [main] INFO  base.BaseClass - Trying to find Element By {by.toString()})
2024-04-17 17:46:12,621 [main] INFO  base.BaseClass - Found Element By {by.toString()}
2024-04-17 17:46:13,178 [main] INFO  base.BaseClass - Trying to find Element By {by.toString()})
2024-04-17 17:46:13,213 [main] INFO  base.BaseClass - Found Element By {by.toString()}
2024-04-17 17:46:13,757 [main] INFO  base.BaseClass - Trying to find Element By {by.toString()})
2024-04-17 17:46:13,792 [main] INFO  base.BaseClass - Found Element By {by.toString()}
2024-04-17 17:46:14,332 [main] INFO  base.BaseClass - Trying to find Element By {by.toString()})
2024-04-17 17:46:14,367 [main] INFO  base.BaseClass - Found Element By {by.toString()}
2024-04-17 17:46:14,906 [main] INFO  base.BaseClass - Trying to find Element By {by.toString()})
2024-04-17 17:46:14,937 [main] INFO  base.BaseClass - Found Element By {by.toString()}
2024-04-17 17:46:15,487 [main] INFO  base.BaseClass - Trying to find Element By {by.toString()})
2024-04-17 17:46:15,524 [main] INFO  base.BaseClass - Found Element By {by.toString()}
TimeoutException occurred: Expected condition failed: waiting for helper.WaitUtility$5@4eeb14e0 (tried for 30 second(s) with 500 milliseconds interval)
Build info: version: '3.141.59', revision: 'e82be7d358', time: '2018-11-14T08:17:03'
System info: host: 'DPLAP166', ip: '137.237.2.236', os.name: 'Windows 10', os.arch: 'amd64', os.version: '10.0', java.version: '19.0.1'
Driver info: org.openqa.selenium.support.events.EventFiringWebDriver
Capabilities {acceptInsecureCerts: true, browserName: chrome, browserVersion: 123.0.6312.123, chrome: {chromedriverVersion: 123.0.6312.122 (31f8248cdd9..., userDataDir: C:\Users\dP-PL\AppData\Loca...}, fedcm:accounts: true, goog:chromeOptions: {debuggerAddress: localhost:51256}, javascriptEnabled: true, networkConnectionEnabled: false, pageLoadStrategy: normal, platform: WINDOWS, platformName: WINDOWS, proxy: Proxy(), setWindowRect: true, strictFileInteractability: false, timeouts: {implicit: 0, pageLoad: 300000, script: 30000}, unhandledPromptBehavior: dismiss and notify, webauthn:extension:credBlob: true, webauthn:extension:largeBlob: true, webauthn:extension:minPinLength: true, webauthn:extension:prf: true, webauthn:virtualAuthenticators: true}
Session ID: a59c4df4811f82049fe754efe723d3c1
2024-04-17 17:46:15,568 [main] ERROR RotationCopy_test - Element did not become visible within the specified time: Expected condition failed: waiting for helper.WaitUtility$5@4eeb14e0 (tried for 30 second(s) with 500 milliseconds interval)
Build info: version: '3.141.59', revision: 'e82be7d358', time: '2018-11-14T08:17:03'
System info: host: 'DPLAP166', ip: '137.237.2.236', os.name: 'Windows 10', os.arch: 'amd64', os.version: '10.0', java.version: '19.0.1'
Driver info: org.openqa.selenium.support.events.EventFiringWebDriver
Capabilities {acceptInsecureCerts: true, browserName: chrome, browserVersion: 123.0.6312.123, chrome: {chromedriverVersion: 123.0.6312.122 (31f8248cdd9..., userDataDir: C:\Users\dP-PL\AppData\Loca...}, fedcm:accounts: true, goog:chromeOptions: {debuggerAddress: localhost:51256}, javascriptEnabled: true, networkConnectionEnabled: false, pageLoadStrategy: normal, platform: WINDOWS, platformName: WINDOWS, proxy: Proxy(), setWindowRect: true, strictFileInteractability: false, timeouts: {implicit: 0, pageLoad: 300000, script: 30000}, unhandledPromptBehavior: dismiss and notify, webauthn:extension:credBlob: true, webauthn:extension:largeBlob: true, webauthn:extension:minPinLength: true, webauthn:extension:prf: true, webauthn:virtualAuthenticators: true}
Session ID: a59c4df4811f82049fe754efe723d3c1
2024-04-17 17:46:15,569 [main] INFO  base.BaseClass - Trying to find Element By {by.toString()})
2024-04-17 17:46:15,587 [main] INFO  base.BaseClass - Found Element By {by.toString()}
2024-04-17 17:46:15,587 [main] INFO  base.BaseClass - Trying to click on: {element.toString()}
2024-04-17 17:46:15,658 [main] INFO  base.BaseClass - Clicked on: {element.toString()}
2024-04-17 17:46:15,658 [main] INFO  base.BaseClass - Trying to find Element By {by.toString()})
2024-04-17 17:46:15,671 [main] INFO  base.BaseClass - Found Element By {by.toString()}
2024-04-17 17:46:16,200 [main] INFO  base.BaseClass - Trying to find Element By {by.toString()})
2024-04-17 17:46:16,215 [main] INFO  base.BaseClass - Found Element By {by.toString()}
2024-04-17 17:46:16,731 [main] INFO  base.BaseClass - Trying to find Element By {by.toString()})
2024-04-17 17:46:16,758 [main] INFO  base.BaseClass - Found Element By {by.toString()}
2024-04-17 17:46:17,292 [main] INFO  base.BaseClass - Trying to find Element By {by.toString()})
2024-04-17 17:46:17,350 [main] INFO  base.BaseClass - Found Element By {by.toString()}
2024-04-17 17:46:17,872 [main] INFO  base.BaseClass - Trying to find Element By {by.toString()})
2024-04-17 17:46:17,901 [main] INFO  base.BaseClass - Found Element By {by.toString()}
2024-04-17 17:46:18,436 [main] INFO  base.BaseClass - Trying to find Element By {by.toString()})
2024-04-17 17:46:18,472 [main] INFO  base.BaseClass - Found Element By {by.toString()}
2024-04-17 17:46:19,017 [main] INFO  base.BaseClass - Trying to find Element By {by.toString()})
2024-04-17 17:46:19,052 [main] INFO  base.BaseClass - Found Element By {by.toString()}
2024-04-17 17:46:19,594 [main] INFO  base.BaseClass - Trying to find Element By {by.toString()})
2024-04-17 17:46:19,626 [main] INFO  base.BaseClass - Found Element By {by.toString()}
2024-04-17 17:46:20,169 [main] INFO  base.BaseClass - Trying to find Element By {by.toString()})
2024-04-17 17:46:20,201 [main] INFO  base.BaseClass - Found Element By {by.toString()}
2024-04-17 17:46:20,749 [main] INFO  base.BaseClass - Trying to find Element By {by.toString()})
2024-04-17 17:46:20,779 [main] INFO  base.BaseClass - Found Element By {by.toString()}
2024-04-17 17:46:21,326 [main] INFO  base.BaseClass - Trying to find Element By {by.toString()})
2024-04-17 17:46:21,338 [main] INFO  base.BaseClass - Found Element By {by.toString()}
2024-04-17 17:46:21,858 [main] INFO  base.BaseClass - Trying to find Element By {by.toString()})
2024-04-17 17:46:21,887 [main] INFO  base.BaseClass - Found Element By {by.toString()}
2024-04-17 17:46:22,425 [main] INFO  base.BaseClass - Trying to find Element By {by.toString()})
2024-04-17 17:46:22,456 [main] INFO  base.BaseClass - Found Element By {by.toString()}
2024-04-17 17:46:23,007 [main] INFO  base.BaseClass - Trying to find Element By {by.toString()})
2024-04-17 17:46:23,024 [main] INFO  base.BaseClass - Found Element By {by.toString()}
2024-04-17 17:46:23,552 [main] INFO  base.BaseClass - Trying to find Element By {by.toString()})
2024-04-17 17:46:23,585 [main] INFO  base.BaseClass - Found Element By {by.toString()}
2024-04-17 17:46:24,134 [main] INFO  base.BaseClass - Trying to find Element By {by.toString()})
2024-04-17 17:46:24,163 [main] INFO  base.BaseClass - Found Element By {by.toString()}
2024-04-17 17:46:24,694 [main] INFO  base.BaseClass - Trying to find Element By {by.toString()})
2024-04-17 17:46:24,731 [main] INFO  base.BaseClass - Found Element By {by.toString()}
2024-04-17 17:46:25,288 [main] INFO  base.BaseClass - Trying to find Element By {by.toString()})
2024-04-17 17:46:25,324 [main] INFO  base.BaseClass - Found Element By {by.toString()}
2024-04-17 17:46:25,866 [main] INFO  base.BaseClass - Trying to find Element By {by.toString()})
2024-04-17 17:46:25,886 [main] INFO  base.BaseClass - Found Element By {by.toString()}
2024-04-17 17:46:26,412 [main] INFO  base.BaseClass - Trying to find Element By {by.toString()})
2024-04-17 17:46:26,443 [main] INFO  base.BaseClass - Found Element By {by.toString()}
2024-04-17 17:46:26,992 [main] INFO  base.BaseClass - Trying to find Element By {by.toString()})
2024-04-17 17:46:27,031 [main] INFO  base.BaseClass - Found Element By {by.toString()}
2024-04-17 17:46:27,568 [main] INFO  base.BaseClass - Trying to find Element By {by.toString()})
2024-04-17 17:46:27,603 [main] INFO  base.BaseClass - Found Element By {by.toString()}
2024-04-17 17:46:28,145 [main] INFO  base.BaseClass - Trying to find Element By {by.toString()})
2024-04-17 17:46:28,179 [main] INFO  base.BaseClass - Found Element By {by.toString()}
2024-04-17 17:46:28,727 [main] INFO  base.BaseClass - Trying to find Element By {by.toString()})
2024-04-17 17:46:28,759 [main] INFO  base.BaseClass - Found Element By {by.toString()}
2024-04-17 17:46:29,308 [main] INFO  base.BaseClass - Trying to find Element By {by.toString()})
2024-04-17 17:46:29,339 [main] INFO  base.BaseClass - Found Element By {by.toString()}
2024-04-17 17:46:29,871 [main] INFO  base.BaseClass - Trying to find Element By {by.toString()})
2024-04-17 17:46:29,903 [main] INFO  base.BaseClass - Found Element By {by.toString()}
2024-04-17 17:46:30,450 [main] INFO  base.BaseClass - Trying to find Element By {by.toString()})
2024-04-17 17:46:30,482 [main] INFO  base.BaseClass - Found Element By {by.toString()}
2024-04-17 17:46:31,030 [main] INFO  base.BaseClass - Trying to find Element By {by.toString()})
2024-04-17 17:46:31,049 [main] INFO  base.BaseClass - Found Element By {by.toString()}
2024-04-17 17:46:31,578 [main] INFO  base.BaseClass - Trying to find Element By {by.toString()})
2024-04-17 17:46:31,610 [main] INFO  base.BaseClass - Found Element By {by.toString()}
2024-04-17 17:46:32,159 [main] INFO  base.BaseClass - Trying to find Element By {by.toString()})
2024-04-17 17:46:32,191 [main] INFO  base.BaseClass - Found Element By {by.toString()}
2024-04-17 17:46:32,741 [main] INFO  base.BaseClass - Trying to find Element By {by.toString()})
2024-04-17 17:46:32,777 [main] INFO  base.BaseClass - Found Element By {by.toString()}
2024-04-17 17:46:33,338 [main] INFO  base.BaseClass - Trying to find Element By {by.toString()})
2024-04-17 17:46:33,368 [main] INFO  base.BaseClass - Found Element By {by.toString()}
2024-04-17 17:46:33,901 [main] INFO  base.BaseClass - Trying to find Element By {by.toString()})
2024-04-17 17:46:34,733 [main] INFO  base.BaseClass - Found Element By {by.toString()}
2024-04-17 17:46:35,260 [main] INFO  base.BaseClass - Trying to find Element By {by.toString()})
2024-04-17 17:46:35,294 [main] INFO  base.BaseClass - Found Element By {by.toString()}
2024-04-17 17:46:35,839 [main] INFO  base.BaseClass - Trying to find Element By {by.toString()})
2024-04-17 17:46:35,892 [main] INFO  base.BaseClass - Found Element By {by.toString()}
2024-04-17 17:46:36,417 [main] INFO  base.BaseClass - Trying to find Element By {by.toString()})
2024-04-17 17:46:36,450 [main] INFO  base.BaseClass - Found Element By {by.toString()}
2024-04-17 17:46:37,008 [main] INFO  base.BaseClass - Trying to find Element By {by.toString()})
2024-04-17 17:46:37,038 [main] INFO  base.BaseClass - Found Element By {by.toString()}
2024-04-17 17:46:37,572 [main] INFO  base.BaseClass - Trying to find Element By {by.toString()})
2024-04-17 17:46:37,604 [main] INFO  base.BaseClass - Found Element By {by.toString()}
2024-04-17 17:46:38,155 [main] INFO  base.BaseClass - Trying to find Element By {by.toString()})
2024-04-17 17:46:38,188 [main] INFO  base.BaseClass - Found Element By {by.toString()}
2024-04-17 17:46:38,746 [main] INFO  base.BaseClass - Trying to find Element By {by.toString()})
2024-04-17 17:46:38,777 [main] INFO  base.BaseClass - Found Element By {by.toString()}
2024-04-17 17:46:39,323 [main] INFO  base.BaseClass - Trying to find Element By {by.toString()})
2024-04-17 17:46:39,357 [main] INFO  base.BaseClass - Found Element By {by.toString()}
2024-04-17 17:46:39,883 [main] INFO  base.BaseClass - Trying to find Element By {by.toString()})
2024-04-17 17:46:39,916 [main] INFO  base.BaseClass - Found Element By {by.toString()}
2024-04-17 17:46:40,464 [main] INFO  base.BaseClass - Trying to find Element By {by.toString()})
2024-04-17 17:46:40,497 [main] INFO  base.BaseClass - Found Element By {by.toString()}
2024-04-17 17:46:41,042 [main] INFO  base.BaseClass - Trying to find Element By {by.toString()})
2024-04-17 17:46:41,070 [main] INFO  base.BaseClass - Found Element By {by.toString()}
2024-04-17 17:46:41,603 [main] INFO  base.BaseClass - Trying to find Element By {by.toString()})
2024-04-17 17:46:41,635 [main] INFO  base.BaseClass - Found Element By {by.toString()}
2024-04-17 17:46:42,181 [main] INFO  base.BaseClass - Trying to find Element By {by.toString()})
2024-04-17 17:46:42,212 [main] INFO  base.BaseClass - Found Element By {by.toString()}
2024-04-17 17:46:42,743 [main] INFO  base.BaseClass - Trying to find Element By {by.toString()})
2024-04-17 17:46:42,757 [main] INFO  base.BaseClass - Found Element By {by.toString()}
2024-04-17 17:46:43,274 [main] INFO  base.BaseClass - Trying to find Element By {by.toString()})
2024-04-17 17:46:43,307 [main] INFO  base.BaseClass - Found Element By {by.toString()}
2024-04-17 17:46:43,856 [main] INFO  base.BaseClass - Trying to find Element By {by.toString()})
2024-04-17 17:46:43,888 [main] INFO  base.BaseClass - Found Element By {by.toString()}
2024-04-17 17:46:44,422 [main] INFO  base.BaseClass - Trying to find Element By {by.toString()})
2024-04-17 17:46:44,454 [main] INFO  base.BaseClass - Found Element By {by.toString()}
2024-04-17 17:46:45,001 [main] INFO  base.BaseClass - Trying to find Element By {by.toString()})
2024-04-17 17:46:45,035 [main] INFO  base.BaseClass - Found Element By {by.toString()}
2024-04-17 17:46:45,564 [main] INFO  base.BaseClass - Trying to find Element By {by.toString()})
2024-04-17 17:46:45,596 [main] INFO  base.BaseClass - Found Element By {by.toString()}
2024-04-17 17:46:46,145 [main] INFO  base.BaseClass - Trying to find Element By {by.toString()})
2024-04-17 17:46:46,176 [main] INFO  base.BaseClass - Found Element By {by.toString()}
TimeoutException occurred: Expected condition failed: waiting for helper.WaitUtility$5@503556cb (tried for 30 second(s) with 500 milliseconds interval)
Build info: version: '3.141.59', revision: 'e82be7d358', time: '2018-11-14T08:17:03'
System info: host: 'DPLAP166', ip: '137.237.2.236', os.name: 'Windows 10', os.arch: 'amd64', os.version: '10.0', java.version: '19.0.1'
Driver info: org.openqa.selenium.support.events.EventFiringWebDriver
Capabilities {acceptInsecureCerts: true, browserName: chrome, browserVersion: 123.0.6312.123, chrome: {chromedriverVersion: 123.0.6312.122 (31f8248cdd9..., userDataDir: C:\Users\dP-PL\AppData\Loca...}, fedcm:accounts: true, goog:chromeOptions: {debuggerAddress: localhost:51256}, javascriptEnabled: true, networkConnectionEnabled: false, pageLoadStrategy: normal, platform: WINDOWS, platformName: WINDOWS, proxy: Proxy(), setWindowRect: true, strictFileInteractability: false, timeouts: {implicit: 0, pageLoad: 300000, script: 30000}, unhandledPromptBehavior: dismiss and notify, webauthn:extension:credBlob: true, webauthn:extension:largeBlob: true, webauthn:extension:minPinLength: true, webauthn:extension:prf: true, webauthn:virtualAuthenticators: true}
Session ID: a59c4df4811f82049fe754efe723d3c1
2024-04-17 17:46:46,210 [main] ERROR RotationCopy_test - Element did not become visible within the specified time: Expected condition failed: waiting for helper.WaitUtility$5@503556cb (tried for 30 second(s) with 500 milliseconds interval)
Build info: version: '3.141.59', revision: 'e82be7d358', time: '2018-11-14T08:17:03'
System info: host: 'DPLAP166', ip: '137.237.2.236', os.name: 'Windows 10', os.arch: 'amd64', os.version: '10.0', java.version: '19.0.1'
Driver info: org.openqa.selenium.support.events.EventFiringWebDriver
Capabilities {acceptInsecureCerts: true, browserName: chrome, browserVersion: 123.0.6312.123, chrome: {chromedriverVersion: 123.0.6312.122 (31f8248cdd9..., userDataDir: C:\Users\dP-PL\AppData\Loca...}, fedcm:accounts: true, goog:chromeOptions: {debuggerAddress: localhost:51256}, javascriptEnabled: true, networkConnectionEnabled: false, pageLoadStrategy: normal, platform: WINDOWS, platformName: WINDOWS, proxy: Proxy(), setWindowRect: true, strictFileInteractability: false, timeouts: {implicit: 0, pageLoad: 300000, script: 30000}, unhandledPromptBehavior: dismiss and notify, webauthn:extension:credBlob: true, webauthn:extension:largeBlob: true, webauthn:extension:minPinLength: true, webauthn:extension:prf: true, webauthn:virtualAuthenticators: true}
Session ID: a59c4df4811f82049fe754efe723d3c1
2024-04-17 17:46:46,210 [main] INFO  base.BaseClass - Trying to find Element By {by.toString()})
2024-04-17 17:46:46,232 [main] INFO  base.BaseClass - Found Element By {by.toString()}
2024-04-17 17:46:46,232 [main] INFO  base.BaseClass - Trying to click on: {element.toString()}
2024-04-17 17:46:46,398 [main] INFO  base.BaseClass - Clicked on: {element.toString()}
2024-04-17 17:46:46,404 [main] INFO  base.BaseClass - Trying to find Element By {by.toString()})
2024-04-17 17:46:46,421 [main] INFO  base.BaseClass - Found Element By {by.toString()}
2024-04-17 17:46:46,946 [main] INFO  base.BaseClass - Trying to find Element By {by.toString()})
2024-04-17 17:46:46,975 [main] INFO  base.BaseClass - Found Element By {by.toString()}
2024-04-17 17:46:47,509 [main] INFO  base.BaseClass - Trying to find Element By {by.toString()})
2024-04-17 17:46:47,542 [main] INFO  base.BaseClass - Found Element By {by.toString()}
2024-04-17 17:46:48,088 [main] INFO  base.BaseClass - Trying to find Element By {by.toString()})
2024-04-17 17:46:48,111 [main] INFO  base.BaseClass - Found Element By {by.toString()}
2024-04-17 17:46:48,646 [main] INFO  base.BaseClass - Trying to find Element By {by.toString()})
2024-04-17 17:46:48,680 [main] INFO  base.BaseClass - Found Element By {by.toString()}
2024-04-17 17:46:49,225 [main] INFO  base.BaseClass - Trying to find Element By {by.toString()})
2024-04-17 17:46:49,258 [main] INFO  base.BaseClass - Found Element By {by.toString()}
2024-04-17 17:46:49,803 [main] INFO  base.BaseClass - Trying to find Element By {by.toString()})
2024-04-17 17:46:49,833 [main] INFO  base.BaseClass - Found Element By {by.toString()}
2024-04-17 17:46:50,379 [main] INFO  base.BaseClass - Trying to find Element By {by.toString()})
2024-04-17 17:46:50,410 [main] INFO  base.BaseClass - Found Element By {by.toString()}
2024-04-17 17:46:50,959 [main] INFO  base.BaseClass - Trying to find Element By {by.toString()})
2024-04-17 17:46:50,989 [main] INFO  base.BaseClass - Found Element By {by.toString()}
2024-04-17 17:46:51,548 [main] INFO  base.BaseClass - Trying to find Element By {by.toString()})
2024-04-17 17:46:51,580 [main] INFO  base.BaseClass - Found Element By {by.toString()}
2024-04-17 17:46:52,128 [main] INFO  base.BaseClass - Trying to find Element By {by.toString()})
2024-04-17 17:46:52,153 [main] INFO  base.BaseClass - Found Element By {by.toString()}
2024-04-17 17:46:52,688 [main] INFO  base.BaseClass - Trying to find Element By {by.toString()})
2024-04-17 17:46:52,718 [main] INFO  base.BaseClass - Found Element By {by.toString()}
2024-04-17 17:46:53,266 [main] INFO  base.BaseClass - Trying to find Element By {by.toString()})
2024-04-17 17:46:53,299 [main] INFO  base.BaseClass - Found Element By {by.toString()}
2024-04-17 17:46:53,843 [main] INFO  base.BaseClass - Trying to find Element By {by.toString()})
2024-04-17 17:46:53,875 [main] INFO  base.BaseClass - Found Element By {by.toString()}
2024-04-17 17:46:54,438 [main] INFO  base.BaseClass - Trying to find Element By {by.toString()})
2024-04-17 17:46:54,474 [main] INFO  base.BaseClass - Found Element By {by.toString()}
2024-04-17 17:46:55,018 [main] INFO  base.BaseClass - Trying to find Element By {by.toString()})
2024-04-17 17:46:55,052 [main] INFO  base.BaseClass - Found Element By {by.toString()}
2024-04-17 17:46:55,597 [main] INFO  base.BaseClass - Trying to find Element By {by.toString()})
2024-04-17 17:46:55,631 [main] INFO  base.BaseClass - Found Element By {by.toString()}
2024-04-17 17:46:56,163 [main] INFO  base.BaseClass - Trying to find Element By {by.toString()})
2024-04-17 17:46:56,183 [main] INFO  base.BaseClass - Found Element By {by.toString()}
2024-04-17 17:46:56,706 [main] INFO  base.BaseClass - Trying to find Element By {by.toString()})
2024-04-17 17:46:56,739 [main] INFO  base.BaseClass - Found Element By {by.toString()}
2024-04-17 17:46:57,281 [main] INFO  base.BaseClass - Trying to find Element By {by.toString()})
2024-04-17 17:46:57,313 [main] INFO  base.BaseClass - Found Element By {by.toString()}
2024-04-17 17:46:57,844 [main] INFO  base.BaseClass - Trying to find Element By {by.toString()})
2024-04-17 17:46:57,856 [main] INFO  base.BaseClass - Found Element By {by.toString()}
2024-04-17 17:46:58,377 [main] INFO  base.BaseClass - Trying to find Element By {by.toString()})
2024-04-17 17:46:58,412 [main] INFO  base.BaseClass - Found Element By {by.toString()}
2024-04-17 17:46:58,942 [main] INFO  base.BaseClass - Trying to find Element By {by.toString()})
2024-04-17 17:46:58,975 [main] INFO  base.BaseClass - Found Element By {by.toString()}
2024-04-17 17:46:59,506 [main] INFO  base.BaseClass - Trying to find Element By {by.toString()})
2024-04-17 17:46:59,535 [main] INFO  base.BaseClass - Found Element By {by.toString()}
2024-04-17 17:47:00,067 [main] INFO  base.BaseClass - Trying to find Element By {by.toString()})
2024-04-17 17:47:00,085 [main] INFO  base.BaseClass - Found Element By {by.toString()}
2024-04-17 17:47:00,612 [main] INFO  base.BaseClass - Trying to find Element By {by.toString()})
2024-04-17 17:47:00,648 [main] INFO  base.BaseClass - Found Element By {by.toString()}
2024-04-17 17:47:01,188 [main] INFO  base.BaseClass - Trying to find Element By {by.toString()})
2024-04-17 17:47:01,211 [main] INFO  base.BaseClass - Found Element By {by.toString()}
2024-04-17 17:47:01,767 [main] INFO  base.BaseClass - Trying to find Element By {by.toString()})
2024-04-17 17:47:01,782 [main] INFO  base.BaseClass - Found Element By {by.toString()}
2024-04-17 17:47:02,312 [main] INFO  base.BaseClass - Trying to find Element By {by.toString()})
2024-04-17 17:47:02,345 [main] INFO  base.BaseClass - Found Element By {by.toString()}
2024-04-17 17:47:02,873 [main] INFO  base.BaseClass - Trying to find Element By {by.toString()})
2024-04-17 17:47:02,896 [main] INFO  base.BaseClass - Found Element By {by.toString()}
2024-04-17 17:47:03,435 [main] INFO  base.BaseClass - Trying to find Element By {by.toString()})
2024-04-17 17:47:03,461 [main] INFO  base.BaseClass - Found Element By {by.toString()}
2024-04-17 17:47:03,999 [main] INFO  base.BaseClass - Trying to find Element By {by.toString()})
2024-04-17 17:47:04,032 [main] INFO  base.BaseClass - Found Element By {by.toString()}
2024-04-17 17:47:04,580 [main] INFO  base.BaseClass - Trying to find Element By {by.toString()})
2024-04-17 17:47:04,592 [main] INFO  base.BaseClass - Found Element By {by.toString()}
2024-04-17 17:47:05,112 [main] INFO  base.BaseClass - Trying to find Element By {by.toString()})
2024-04-17 17:47:05,141 [main] INFO  base.BaseClass - Found Element By {by.toString()}
2024-04-17 17:47:05,675 [main] INFO  base.BaseClass - Trying to find Element By {by.toString()})
2024-04-17 17:47:05,712 [main] INFO  base.BaseClass - Found Element By {by.toString()}
2024-04-17 17:47:06,268 [main] INFO  base.BaseClass - Trying to find Element By {by.toString()})
2024-04-17 17:47:06,293 [main] INFO  base.BaseClass - Found Element By {by.toString()}
2024-04-17 17:47:06,845 [main] INFO  base.BaseClass - Trying to find Element By {by.toString()})
2024-04-17 17:47:06,879 [main] INFO  base.BaseClass - Found Element By {by.toString()}
2024-04-17 17:47:07,425 [main] INFO  base.BaseClass - Trying to find Element By {by.toString()})
2024-04-17 17:47:07,457 [main] INFO  base.BaseClass - Found Element By {by.toString()}
2024-04-17 17:47:08,009 [main] INFO  base.BaseClass - Trying to find Element By {by.toString()})
2024-04-17 17:47:08,039 [main] INFO  base.BaseClass - Found Element By {by.toString()}
2024-04-17 17:47:08,588 [main] INFO  base.BaseClass - Trying to find Element By {by.toString()})
2024-04-17 17:47:08,619 [main] INFO  base.BaseClass - Found Element By {by.toString()}
2024-04-17 17:47:09,168 [main] INFO  base.BaseClass - Trying to find Element By {by.toString()})
2024-04-17 17:47:09,199 [main] INFO  base.BaseClass - Found Element By {by.toString()}
2024-04-17 17:47:09,750 [main] INFO  base.BaseClass - Trying to find Element By {by.toString()})
2024-04-17 17:47:09,764 [main] INFO  base.BaseClass - Found Element By {by.toString()}
2024-04-17 17:47:10,284 [main] INFO  base.BaseClass - Trying to find Element By {by.toString()})
2024-04-17 17:47:10,316 [main] INFO  base.BaseClass - Found Element By {by.toString()}
2024-04-17 17:47:10,862 [main] INFO  base.BaseClass - Trying to find Element By {by.toString()})
2024-04-17 17:47:10,893 [main] INFO  base.BaseClass - Found Element By {by.toString()}
2024-04-17 17:47:11,441 [main] INFO  base.BaseClass - Trying to find Element By {by.toString()})
2024-04-17 17:47:11,472 [main] INFO  base.BaseClass - Found Element By {by.toString()}
2024-04-17 17:47:12,007 [main] INFO  base.BaseClass - Trying to find Element By {by.toString()})
2024-04-17 17:47:12,039 [main] INFO  base.BaseClass - Found Element By {by.toString()}
2024-04-17 17:47:12,589 [main] INFO  base.BaseClass - Trying to find Element By {by.toString()})
2024-04-17 17:47:12,616 [main] INFO  base.BaseClass - Found Element By {by.toString()}
2024-04-17 17:47:13,152 [main] INFO  base.BaseClass - Trying to find Element By {by.toString()})
2024-04-17 17:47:13,182 [main] INFO  base.BaseClass - Found Element By {by.toString()}
2024-04-17 17:47:13,728 [main] INFO  base.BaseClass - Trying to find Element By {by.toString()})
2024-04-17 17:47:13,757 [main] INFO  base.BaseClass - Found Element By {by.toString()}
2024-04-17 17:47:14,305 [main] INFO  base.BaseClass - Trying to find Element By {by.toString()})
2024-04-17 17:47:14,326 [main] INFO  base.BaseClass - Found Element By {by.toString()}
2024-04-17 17:47:14,868 [main] INFO  base.BaseClass - Trying to find Element By {by.toString()})
2024-04-17 17:47:14,898 [main] INFO  base.BaseClass - Found Element By {by.toString()}
2024-04-17 17:47:15,450 [main] INFO  base.BaseClass - Trying to find Element By {by.toString()})
2024-04-17 17:47:15,481 [main] INFO  base.BaseClass - Found Element By {by.toString()}
2024-04-17 17:47:16,026 [main] INFO  base.BaseClass - Trying to find Element By {by.toString()})
2024-04-17 17:47:16,056 [main] INFO  base.BaseClass - Found Element By {by.toString()}
2024-04-17 17:47:16,605 [main] INFO  base.BaseClass - Trying to find Element By {by.toString()})
2024-04-17 17:47:16,630 [main] INFO  base.BaseClass - Found Element By {by.toString()}
TimeoutException occurred: Expected condition failed: waiting for helper.WaitUtility$5@65b73689 (tried for 30 second(s) with 500 milliseconds interval)
Build info: version: '3.141.59', revision: 'e82be7d358', time: '2018-11-14T08:17:03'
System info: host: 'DPLAP166', ip: '137.237.2.236', os.name: 'Windows 10', os.arch: 'amd64', os.version: '10.0', java.version: '19.0.1'
Driver info: org.openqa.selenium.support.events.EventFiringWebDriver
Capabilities {acceptInsecureCerts: true, browserName: chrome, browserVersion: 123.0.6312.123, chrome: {chromedriverVersion: 123.0.6312.122 (31f8248cdd9..., userDataDir: C:\Users\dP-PL\AppData\Loca...}, fedcm:accounts: true, goog:chromeOptions: {debuggerAddress: localhost:51256}, javascriptEnabled: true, networkConnectionEnabled: false, pageLoadStrategy: normal, platform: WINDOWS, platformName: WINDOWS, proxy: Proxy(), setWindowRect: true, strictFileInteractability: false, timeouts: {implicit: 0, pageLoad: 300000, script: 30000}, unhandledPromptBehavior: dismiss and notify, webauthn:extension:credBlob: true, webauthn:extension:largeBlob: true, webauthn:extension:minPinLength: true, webauthn:extension:prf: true, webauthn:virtualAuthenticators: true}
Session ID: a59c4df4811f82049fe754efe723d3c1
2024-04-17 17:47:16,648 [main] ERROR RotationCopy_test - Element did not become visible within the specified time: Expected condition failed: waiting for helper.WaitUtility$5@65b73689 (tried for 30 second(s) with 500 milliseconds interval)
Build info: version: '3.141.59', revision: 'e82be7d358', time: '2018-11-14T08:17:03'
System info: host: 'DPLAP166', ip: '137.237.2.236', os.name: 'Windows 10', os.arch: 'amd64', os.version: '10.0', java.version: '19.0.1'
Driver info: org.openqa.selenium.support.events.EventFiringWebDriver
Capabilities {acceptInsecureCerts: true, browserName: chrome, browserVersion: 123.0.6312.123, chrome: {chromedriverVersion: 123.0.6312.122 (31f8248cdd9..., userDataDir: C:\Users\dP-PL\AppData\Loca...}, fedcm:accounts: true, goog:chromeOptions: {debuggerAddress: localhost:51256}, javascriptEnabled: true, networkConnectionEnabled: false, pageLoadStrategy: normal, platform: WINDOWS, platformName: WINDOWS, proxy: Proxy(), setWindowRect: true, strictFileInteractability: false, timeouts: {implicit: 0, pageLoad: 300000, script: 30000}, unhandledPromptBehavior: dismiss and notify, webauthn:extension:credBlob: true, webauthn:extension:largeBlob: true, webauthn:extension:minPinLength: true, webauthn:extension:prf: true, webauthn:virtualAuthenticators: true}
Session ID: a59c4df4811f82049fe754efe723d3c1
2024-04-17 17:47:16,648 [main] INFO  base.BaseClass - Trying to find Element By {by.toString()})
2024-04-17 17:47:16,658 [main] INFO  base.BaseClass - Found Element By {by.toString()}
2024-04-17 17:47:16,659 [main] INFO  base.BaseClass - Trying to click on: {element.toString()}
2024-04-17 17:47:16,724 [main] INFO  base.BaseClass - Clicked on: {element.toString()}
2024-04-17 17:47:16,730 [main] INFO  base.BaseClass - Trying to find Element By {by.toString()})
2024-04-17 17:47:16,743 [main] INFO  base.BaseClass - Found Element By {by.toString()}
2024-04-17 17:47:17,261 [main] INFO  base.BaseClass - Trying to find Element By {by.toString()})
2024-04-17 17:47:17,782 [main] INFO  base.BaseClass - Found Element By {by.toString()}
2024-04-17 17:47:18,312 [main] INFO  base.BaseClass - Trying to find Element By {by.toString()})
2024-04-17 17:47:18,339 [main] INFO  base.BaseClass - Found Element By {by.toString()}
2024-04-17 17:47:18,888 [main] INFO  base.BaseClass - Trying to find Element By {by.toString()})
2024-04-17 17:47:18,921 [main] INFO  base.BaseClass - Found Element By {by.toString()}
2024-04-17 17:47:19,467 [main] INFO  base.BaseClass - Trying to find Element By {by.toString()})
2024-04-17 17:47:19,501 [main] INFO  base.BaseClass - Found Element By {by.toString()}
2024-04-17 17:47:20,058 [main] INFO  base.BaseClass - Trying to find Element By {by.toString()})
2024-04-17 17:47:20,091 [main] INFO  base.BaseClass - Found Element By {by.toString()}
2024-04-17 17:47:20,636 [main] INFO  base.BaseClass - Trying to find Element By {by.toString()})
2024-04-17 17:47:20,666 [main] INFO  base.BaseClass - Found Element By {by.toString()}
2024-04-17 17:47:21,213 [main] INFO  base.BaseClass - Trying to find Element By {by.toString()})
2024-04-17 17:47:21,244 [main] INFO  base.BaseClass - Found Element By {by.toString()}
2024-04-17 17:47:21,792 [main] INFO  base.BaseClass - Trying to find Element By {by.toString()})
2024-04-17 17:47:21,824 [main] INFO  base.BaseClass - Found Element By {by.toString()}
2024-04-17 17:47:22,371 [main] INFO  base.BaseClass - Trying to find Element By {by.toString()})
2024-04-17 17:47:22,402 [main] INFO  base.BaseClass - Found Element By {by.toString()}
2024-04-17 17:47:22,949 [main] INFO  base.BaseClass - Trying to find Element By {by.toString()})
2024-04-17 17:47:22,972 [main] INFO  base.BaseClass - Found Element By {by.toString()}
2024-04-17 17:47:23,506 [main] INFO  base.BaseClass - Trying to find Element By {by.toString()})
2024-04-17 17:47:23,521 [main] INFO  base.BaseClass - Found Element By {by.toString()}
2024-04-17 17:47:24,039 [main] INFO  base.BaseClass - Trying to find Element By {by.toString()})
2024-04-17 17:47:24,052 [main] INFO  base.BaseClass - Found Element By {by.toString()}
2024-04-17 17:47:24,571 [main] INFO  base.BaseClass - Trying to find Element By {by.toString()})
2024-04-17 17:47:24,598 [main] INFO  base.BaseClass - Found Element By {by.toString()}
2024-04-17 17:47:25,134 [main] INFO  base.BaseClass - Trying to find Element By {by.toString()})
2024-04-17 17:47:25,170 [main] INFO  base.BaseClass - Found Element By {by.toString()}
2024-04-17 17:47:25,697 [main] INFO  base.BaseClass - Trying to find Element By {by.toString()})
2024-04-17 17:47:25,726 [main] INFO  base.BaseClass - Found Element By {by.toString()}
2024-04-17 17:47:26,257 [main] INFO  base.BaseClass - Trying to find Element By {by.toString()})
2024-04-17 17:47:26,291 [main] INFO  base.BaseClass - Found Element By {by.toString()}
2024-04-17 17:47:26,832 [main] INFO  base.BaseClass - Trying to find Element By {by.toString()})
2024-04-17 17:47:26,861 [main] INFO  base.BaseClass - Found Element By {by.toString()}
2024-04-17 17:47:27,394 [main] INFO  base.BaseClass - Trying to find Element By {by.toString()})
2024-04-17 17:47:27,426 [main] INFO  base.BaseClass - Found Element By {by.toString()}
2024-04-17 17:47:27,958 [main] INFO  base.BaseClass - Trying to find Element By {by.toString()})
2024-04-17 17:47:27,988 [main] INFO  base.BaseClass - Found Element By {by.toString()}
2024-04-17 17:47:28,515 [main] INFO  base.BaseClass - Trying to find Element By {by.toString()})
2024-04-17 17:47:28,542 [main] INFO  base.BaseClass - Found Element By {by.toString()}
2024-04-17 17:47:29,062 [main] INFO  base.BaseClass - Trying to find Element By {by.toString()})
2024-04-17 17:47:29,085 [main] INFO  base.BaseClass - Found Element By {by.toString()}
2024-04-17 17:47:29,628 [main] INFO  base.BaseClass - Trying to find Element By {by.toString()})
2024-04-17 17:47:29,652 [main] INFO  base.BaseClass - Found Element By {by.toString()}
2024-04-17 17:47:30,172 [main] INFO  base.BaseClass - Trying to find Element By {by.toString()})
2024-04-17 17:47:30,204 [main] INFO  base.BaseClass - Found Element By {by.toString()}
2024-04-17 17:47:30,750 [main] INFO  base.BaseClass - Trying to find Element By {by.toString()})
2024-04-17 17:47:30,784 [main] INFO  base.BaseClass - Found Element By {by.toString()}
2024-04-17 17:47:31,328 [main] INFO  base.BaseClass - Trying to find Element By {by.toString()})
2024-04-17 17:47:31,357 [main] INFO  base.BaseClass - Found Element By {by.toString()}
2024-04-17 17:47:31,892 [main] INFO  base.BaseClass - Trying to find Element By {by.toString()})
2024-04-17 17:47:31,927 [main] INFO  base.BaseClass - Found Element By {by.toString()}
2024-04-17 17:47:32,456 [main] INFO  base.BaseClass - Trying to find Element By {by.toString()})
2024-04-17 17:47:32,491 [main] INFO  base.BaseClass - Found Element By {by.toString()}
2024-04-17 17:47:33,032 [main] INFO  base.BaseClass - Trying to find Element By {by.toString()})
2024-04-17 17:47:33,057 [main] INFO  base.BaseClass - Found Element By {by.toString()}
2024-04-17 17:47:33,593 [main] INFO  base.BaseClass - Trying to find Element By {by.toString()})
2024-04-17 17:47:33,629 [main] INFO  base.BaseClass - Found Element By {by.toString()}
2024-04-17 17:47:34,171 [main] INFO  base.BaseClass - Trying to find Element By {by.toString()})
2024-04-17 17:47:34,207 [main] INFO  base.BaseClass - Found Element By {by.toString()}
2024-04-17 17:47:34,764 [main] INFO  base.BaseClass - Trying to find Element By {by.toString()})
2024-04-17 17:47:34,800 [main] INFO  base.BaseClass - Found Element By {by.toString()}
2024-04-17 17:47:35,342 [main] INFO  base.BaseClass - Trying to find Element By {by.toString()})
2024-04-17 17:47:35,370 [main] INFO  base.BaseClass - Found Element By {by.toString()}
2024-04-17 17:47:35,904 [main] INFO  base.BaseClass - Trying to find Element By {by.toString()})
2024-04-17 17:47:35,936 [main] INFO  base.BaseClass - Found Element By {by.toString()}
2024-04-17 17:47:36,482 [main] INFO  base.BaseClass - Trying to find Element By {by.toString()})
2024-04-17 17:47:36,514 [main] INFO  base.BaseClass - Found Element By {by.toString()}
2024-04-17 17:47:37,062 [main] INFO  base.BaseClass - Trying to find Element By {by.toString()})
2024-04-17 17:47:37,093 [main] INFO  base.BaseClass - Found Element By {by.toString()}
2024-04-17 17:47:37,624 [main] INFO  base.BaseClass - Trying to find Element By {by.toString()})
2024-04-17 17:47:37,657 [main] INFO  base.BaseClass - Found Element By {by.toString()}
2024-04-17 17:47:38,202 [main] INFO  base.BaseClass - Trying to find Element By {by.toString()})
2024-04-17 17:47:38,232 [main] INFO  base.BaseClass - Found Element By {by.toString()}
2024-04-17 17:47:38,782 [main] INFO  base.BaseClass - Trying to find Element By {by.toString()})
2024-04-17 17:47:38,812 [main] INFO  base.BaseClass - Found Element By {by.toString()}
2024-04-17 17:47:39,360 [main] INFO  base.BaseClass - Trying to find Element By {by.toString()})
2024-04-17 17:47:39,392 [main] INFO  base.BaseClass - Found Element By {by.toString()}
2024-04-17 17:47:39,937 [main] INFO  base.BaseClass - Trying to find Element By {by.toString()})
2024-04-17 17:47:39,948 [main] INFO  base.BaseClass - Found Element By {by.toString()}
2024-04-17 17:47:40,465 [main] INFO  base.BaseClass - Trying to find Element By {by.toString()})
2024-04-17 17:47:40,491 [main] INFO  base.BaseClass - Found Element By {by.toString()}
2024-04-17 17:47:41,024 [main] INFO  base.BaseClass - Trying to find Element By {by.toString()})
2024-04-17 17:47:41,054 [main] INFO  base.BaseClass - Found Element By {by.toString()}
2024-04-17 17:47:41,584 [main] INFO  base.BaseClass - Trying to find Element By {by.toString()})
2024-04-17 17:47:41,596 [main] INFO  base.BaseClass - Found Element By {by.toString()}
2024-04-17 17:47:42,113 [main] INFO  base.BaseClass - Trying to find Element By {by.toString()})
2024-04-17 17:47:42,137 [main] INFO  base.BaseClass - Found Element By {by.toString()}
2024-04-17 17:47:42,657 [main] INFO  base.BaseClass - Trying to find Element By {by.toString()})
2024-04-17 17:47:42,685 [main] INFO  base.BaseClass - Found Element By {by.toString()}
2024-04-17 17:47:43,218 [main] INFO  base.BaseClass - Trying to find Element By {by.toString()})
2024-04-17 17:47:43,251 [main] INFO  base.BaseClass - Found Element By {by.toString()}
2024-04-17 17:47:43,780 [main] INFO  base.BaseClass - Trying to find Element By {by.toString()})
2024-04-17 17:47:43,804 [main] INFO  base.BaseClass - Found Element By {by.toString()}
2024-04-17 17:47:44,340 [main] INFO  base.BaseClass - Trying to find Element By {by.toString()})
2024-04-17 17:47:44,366 [main] INFO  base.BaseClass - Found Element By {by.toString()}
2024-04-17 17:47:44,918 [main] INFO  base.BaseClass - Trying to find Element By {by.toString()})
2024-04-17 17:47:44,954 [main] INFO  base.BaseClass - Found Element By {by.toString()}
2024-04-17 17:47:45,496 [main] INFO  base.BaseClass - Trying to find Element By {by.toString()})
2024-04-17 17:47:45,529 [main] INFO  base.BaseClass - Found Element By {by.toString()}
2024-04-17 17:47:46,064 [main] INFO  base.BaseClass - Trying to find Element By {by.toString()})
2024-04-17 17:47:46,099 [main] INFO  base.BaseClass - Found Element By {by.toString()}
2024-04-17 17:47:46,640 [main] INFO  base.BaseClass - Trying to find Element By {by.toString()})
2024-04-17 17:47:46,667 [main] INFO  base.BaseClass - Found Element By {by.toString()}
2024-04-17 17:47:47,188 [main] INFO  base.BaseClass - Trying to find Element By {by.toString()})
2024-04-17 17:47:47,221 [main] INFO  base.BaseClass - Found Element By {by.toString()}
TimeoutException occurred: Expected condition failed: waiting for helper.WaitUtility$5@2db3675a (tried for 30 second(s) with 500 milliseconds interval)
Build info: version: '3.141.59', revision: 'e82be7d358', time: '2018-11-14T08:17:03'
System info: host: 'DPLAP166', ip: '137.237.2.236', os.name: 'Windows 10', os.arch: 'amd64', os.version: '10.0', java.version: '19.0.1'
Driver info: org.openqa.selenium.support.events.EventFiringWebDriver
Capabilities {acceptInsecureCerts: true, browserName: chrome, browserVersion: 123.0.6312.123, chrome: {chromedriverVersion: 123.0.6312.122 (31f8248cdd9..., userDataDir: C:\Users\dP-PL\AppData\Loca...}, fedcm:accounts: true, goog:chromeOptions: {debuggerAddress: localhost:51256}, javascriptEnabled: true, networkConnectionEnabled: false, pageLoadStrategy: normal, platform: WINDOWS, platformName: WINDOWS, proxy: Proxy(), setWindowRect: true, strictFileInteractability: false, timeouts: {implicit: 0, pageLoad: 300000, script: 30000}, unhandledPromptBehavior: dismiss and notify, webauthn:extension:credBlob: true, webauthn:extension:largeBlob: true, webauthn:extension:minPinLength: true, webauthn:extension:prf: true, webauthn:virtualAuthenticators: true}
Session ID: a59c4df4811f82049fe754efe723d3c1
2024-04-17 17:47:47,262 [main] ERROR RotationCopy_test - Element did not become visible within the specified time: Expected condition failed: waiting for helper.WaitUtility$5@2db3675a (tried for 30 second(s) with 500 milliseconds interval)
Build info: version: '3.141.59', revision: 'e82be7d358', time: '2018-11-14T08:17:03'
System info: host: 'DPLAP166', ip: '137.237.2.236', os.name: 'Windows 10', os.arch: 'amd64', os.version: '10.0', java.version: '19.0.1'
Driver info: org.openqa.selenium.support.events.EventFiringWebDriver
Capabilities {acceptInsecureCerts: true, browserName: chrome, browserVersion: 123.0.6312.123, chrome: {chromedriverVersion: 123.0.6312.122 (31f8248cdd9..., userDataDir: C:\Users\dP-PL\AppData\Loca...}, fedcm:accounts: true, goog:chromeOptions: {debuggerAddress: localhost:51256}, javascriptEnabled: true, networkConnectionEnabled: false, pageLoadStrategy: normal, platform: WINDOWS, platformName: WINDOWS, proxy: Proxy(), setWindowRect: true, strictFileInteractability: false, timeouts: {implicit: 0, pageLoad: 300000, script: 30000}, unhandledPromptBehavior: dismiss and notify, webauthn:extension:credBlob: true, webauthn:extension:largeBlob: true, webauthn:extension:minPinLength: true, webauthn:extension:prf: true, webauthn:virtualAuthenticators: true}
Session ID: a59c4df4811f82049fe754efe723d3c1
2024-04-17 17:47:47,263 [main] INFO  base.BaseClass - Trying to find Element By {by.toString()})
2024-04-17 17:47:47,289 [main] INFO  base.BaseClass - Found Element By {by.toString()}
2024-04-17 17:47:47,289 [main] INFO  base.BaseClass - Trying to click on: {element.toString()}
2024-04-17 17:47:47,441 [main] INFO  base.BaseClass - Clicked on: {element.toString()}
2024-04-17 17:47:47,441 [main] INFO  base.BaseClass - Trying to find Element By {by.toString()})
2024-04-17 17:47:48,247 [main] INFO  base.BaseClass - Found Element By {by.toString()}
2024-04-17 17:47:48,775 [main] INFO  base.BaseClass - Trying to find Element By {by.toString()})
2024-04-17 17:47:48,809 [main] INFO  base.BaseClass - Found Element By {by.toString()}
2024-04-17 17:47:49,352 [main] INFO  base.BaseClass - Trying to find Element By {by.toString()})
2024-04-17 17:47:49,385 [main] INFO  base.BaseClass - Found Element By {by.toString()}
2024-04-17 17:47:49,914 [main] INFO  base.BaseClass - Trying to find Element By {by.toString()})
2024-04-17 17:47:49,929 [main] INFO  base.BaseClass - Found Element By {by.toString()}
2024-04-17 17:47:50,461 [main] INFO  base.BaseClass - Trying to find Element By {by.toString()})
2024-04-17 17:47:50,492 [main] INFO  base.BaseClass - Found Element By {by.toString()}
2024-04-17 17:47:51,040 [main] INFO  base.BaseClass - Trying to find Element By {by.toString()})
2024-04-17 17:47:51,073 [main] INFO  base.BaseClass - Found Element By {by.toString()}
2024-04-17 17:47:51,622 [main] INFO  base.BaseClass - Trying to find Element By {by.toString()})
2024-04-17 17:47:51,649 [main] INFO  base.BaseClass - Found Element By {by.toString()}
2024-04-17 17:47:52,170 [main] INFO  base.BaseClass - Trying to find Element By {by.toString()})
2024-04-17 17:47:52,199 [main] INFO  base.BaseClass - Found Element By {by.toString()}
2024-04-17 17:47:52,717 [main] INFO  base.BaseClass - Trying to find Element By {by.toString()})
2024-04-17 17:47:52,749 [main] INFO  base.BaseClass - Found Element By {by.toString()}
2024-04-17 17:47:53,295 [main] INFO  base.BaseClass - Trying to find Element By {by.toString()})
2024-04-17 17:47:53,327 [main] INFO  base.BaseClass - Found Element By {by.toString()}
2024-04-17 17:47:53,874 [main] INFO  base.BaseClass - Trying to find Element By {by.toString()})
2024-04-17 17:47:53,905 [main] INFO  base.BaseClass - Found Element By {by.toString()}
2024-04-17 17:47:54,452 [main] INFO  base.BaseClass - Trying to find Element By {by.toString()})
2024-04-17 17:47:54,483 [main] INFO  base.BaseClass - Found Element By {by.toString()}
2024-04-17 17:47:55,032 [main] INFO  base.BaseClass - Trying to find Element By {by.toString()})
2024-04-17 17:47:55,063 [main] INFO  base.BaseClass - Found Element By {by.toString()}
2024-04-17 17:47:55,595 [main] INFO  base.BaseClass - Trying to find Element By {by.toString()})
2024-04-17 17:47:55,618 [main] INFO  base.BaseClass - Found Element By {by.toString()}
2024-04-17 17:47:56,143 [main] INFO  base.BaseClass - Trying to find Element By {by.toString()})
2024-04-17 17:47:56,169 [main] INFO  base.BaseClass - Found Element By {by.toString()}
2024-04-17 17:47:56,718 [main] INFO  base.BaseClass - Trying to find Element By {by.toString()})
2024-04-17 17:47:56,748 [main] INFO  base.BaseClass - Found Element By {by.toString()}
2024-04-17 17:47:57,295 [main] INFO  base.BaseClass - Trying to find Element By {by.toString()})
2024-04-17 17:47:57,326 [main] INFO  base.BaseClass - Found Element By {by.toString()}
2024-04-17 17:47:57,874 [main] INFO  base.BaseClass - Trying to find Element By {by.toString()})
2024-04-17 17:47:57,909 [main] INFO  base.BaseClass - Found Element By {by.toString()}
2024-04-17 17:47:58,457 [main] INFO  base.BaseClass - Trying to find Element By {by.toString()})
2024-04-17 17:47:58,488 [main] INFO  base.BaseClass - Found Element By {by.toString()}
2024-04-17 17:47:59,039 [main] INFO  base.BaseClass - Trying to find Element By {by.toString()})
2024-04-17 17:47:59,070 [main] INFO  base.BaseClass - Found Element By {by.toString()}
2024-04-17 17:47:59,622 [main] INFO  base.BaseClass - Trying to find Element By {by.toString()})
2024-04-17 17:47:59,643 [main] INFO  base.BaseClass - Found Element By {by.toString()}
2024-04-17 17:48:00,172 [main] INFO  base.BaseClass - Trying to find Element By {by.toString()})
2024-04-17 17:48:00,190 [main] INFO  base.BaseClass - Found Element By {by.toString()}
2024-04-17 17:48:00,719 [main] INFO  base.BaseClass - Trying to find Element By {by.toString()})
2024-04-17 17:48:00,749 [main] INFO  base.BaseClass - Found Element By {by.toString()}
2024-04-17 17:48:01,282 [main] INFO  base.BaseClass - Trying to find Element By {by.toString()})
2024-04-17 17:48:01,313 [main] INFO  base.BaseClass - Found Element By {by.toString()}
2024-04-17 17:48:01,859 [main] INFO  base.BaseClass - Trying to find Element By {by.toString()})
2024-04-17 17:48:01,891 [main] INFO  base.BaseClass - Found Element By {by.toString()}
2024-04-17 17:48:02,432 [main] INFO  base.BaseClass - Trying to find Element By {by.toString()})
2024-04-17 17:48:02,464 [main] INFO  base.BaseClass - Found Element By {by.toString()}
2024-04-17 17:48:03,044 [main] INFO  base.BaseClass - Trying to find Element By {by.toString()})
2024-04-17 17:48:03,062 [main] INFO  base.BaseClass - Found Element By {by.toString()}
2024-04-17 17:48:03,596 [main] INFO  base.BaseClass - Trying to find Element By {by.toString()})
2024-04-17 17:48:03,632 [main] INFO  base.BaseClass - Found Element By {by.toString()}
2024-04-17 17:48:04,176 [main] INFO  base.BaseClass - Trying to find Element By {by.toString()})
2024-04-17 17:48:04,207 [main] INFO  base.BaseClass - Found Element By {by.toString()}
2024-04-17 17:48:04,756 [main] INFO  base.BaseClass - Trying to find Element By {by.toString()})
2024-04-17 17:48:04,787 [main] INFO  base.BaseClass - Found Element By {by.toString()}
2024-04-17 17:48:05,334 [main] INFO  base.BaseClass - Trying to find Element By {by.toString()})
2024-04-17 17:48:05,364 [main] INFO  base.BaseClass - Found Element By {by.toString()}
2024-04-17 17:48:05,912 [main] INFO  base.BaseClass - Trying to find Element By {by.toString()})
2024-04-17 17:48:05,941 [main] INFO  base.BaseClass - Found Element By {by.toString()}
2024-04-17 17:48:06,472 [main] INFO  base.BaseClass - Trying to find Element By {by.toString()})
2024-04-17 17:48:06,504 [main] INFO  base.BaseClass - Found Element By {by.toString()}
2024-04-17 17:48:07,050 [main] INFO  base.BaseClass - Trying to find Element By {by.toString()})
2024-04-17 17:48:07,087 [main] INFO  base.BaseClass - Found Element By {by.toString()}
2024-04-17 17:48:07,626 [main] INFO  base.BaseClass - Trying to find Element By {by.toString()})
2024-04-17 17:48:07,659 [main] INFO  base.BaseClass - Found Element By {by.toString()}
2024-04-17 17:48:08,203 [main] INFO  base.BaseClass - Trying to find Element By {by.toString()})
2024-04-17 17:48:08,235 [main] INFO  base.BaseClass - Found Element By {by.toString()}
2024-04-17 17:48:08,768 [main] INFO  base.BaseClass - Trying to find Element By {by.toString()})
2024-04-17 17:48:08,799 [main] INFO  base.BaseClass - Found Element By {by.toString()}
2024-04-17 17:48:09,345 [main] INFO  base.BaseClass - Trying to find Element By {by.toString()})
2024-04-17 17:48:09,377 [main] INFO  base.BaseClass - Found Element By {by.toString()}
2024-04-17 17:48:09,920 [main] INFO  base.BaseClass - Trying to find Element By {by.toString()})
2024-04-17 17:48:09,940 [main] INFO  base.BaseClass - Found Element By {by.toString()}
2024-04-17 17:48:10,484 [main] INFO  base.BaseClass - Trying to find Element By {by.toString()})
2024-04-17 17:48:10,515 [main] INFO  base.BaseClass - Found Element By {by.toString()}
2024-04-17 17:48:11,060 [main] INFO  base.BaseClass - Trying to find Element By {by.toString()})
2024-04-17 17:48:11,092 [main] INFO  base.BaseClass - Found Element By {by.toString()}
2024-04-17 17:48:11,623 [main] INFO  base.BaseClass - Trying to find Element By {by.toString()})
2024-04-17 17:48:11,654 [main] INFO  base.BaseClass - Found Element By {by.toString()}
2024-04-17 17:48:12,204 [main] INFO  base.BaseClass - Trying to find Element By {by.toString()})
2024-04-17 17:48:12,238 [main] INFO  base.BaseClass - Found Element By {by.toString()}
2024-04-17 17:48:12,784 [main] INFO  base.BaseClass - Trying to find Element By {by.toString()})
2024-04-17 17:48:12,814 [main] INFO  base.BaseClass - Found Element By {by.toString()}
2024-04-17 17:48:13,346 [main] INFO  base.BaseClass - Trying to find Element By {by.toString()})
2024-04-17 17:48:13,379 [main] INFO  base.BaseClass - Found Element By {by.toString()}
2024-04-17 17:48:13,924 [main] INFO  base.BaseClass - Trying to find Element By {by.toString()})
2024-04-17 17:48:13,955 [main] INFO  base.BaseClass - Found Element By {by.toString()}
2024-04-17 17:48:14,502 [main] INFO  base.BaseClass - Trying to find Element By {by.toString()})
2024-04-17 17:48:14,529 [main] INFO  base.BaseClass - Found Element By {by.toString()}
2024-04-17 17:48:15,072 [main] INFO  base.BaseClass - Trying to find Element By {by.toString()})
2024-04-17 17:48:15,094 [main] INFO  base.BaseClass - Found Element By {by.toString()}
2024-04-17 17:48:15,622 [main] INFO  base.BaseClass - Trying to find Element By {by.toString()})
2024-04-17 17:48:15,635 [main] INFO  base.BaseClass - Found Element By {by.toString()}
2024-04-17 17:48:16,159 [main] INFO  base.BaseClass - Trying to find Element By {by.toString()})
2024-04-17 17:48:16,175 [main] INFO  base.BaseClass - Found Element By {by.toString()}
2024-04-17 17:48:16,694 [main] INFO  base.BaseClass - Trying to find Element By {by.toString()})
2024-04-17 17:48:16,707 [main] INFO  base.BaseClass - Found Element By {by.toString()}
2024-04-17 17:48:17,228 [main] INFO  base.BaseClass - Trying to find Element By {by.toString()})
2024-04-17 17:48:17,243 [main] INFO  base.BaseClass - Found Element By {by.toString()}
2024-04-17 17:48:17,763 [main] INFO  base.BaseClass - Trying to find Element By {by.toString()})
2024-04-17 17:48:17,779 [main] INFO  base.BaseClass - Found Element By {by.toString()}
TimeoutException occurred: Expected condition failed: waiting for helper.WaitUtility$5@17fb5184 (tried for 30 second(s) with 500 milliseconds interval)
Build info: version: '3.141.59', revision: 'e82be7d358', time: '2018-11-14T08:17:03'
System info: host: 'DPLAP166', ip: '137.237.2.236', os.name: 'Windows 10', os.arch: 'amd64', os.version: '10.0', java.version: '19.0.1'
Driver info: org.openqa.selenium.support.events.EventFiringWebDriver
Capabilities {acceptInsecureCerts: true, browserName: chrome, browserVersion: 123.0.6312.123, chrome: {chromedriverVersion: 123.0.6312.122 (31f8248cdd9..., userDataDir: C:\Users\dP-PL\AppData\Loca...}, fedcm:accounts: true, goog:chromeOptions: {debuggerAddress: localhost:51256}, javascriptEnabled: true, networkConnectionEnabled: false, pageLoadStrategy: normal, platform: WINDOWS, platformName: WINDOWS, proxy: Proxy(), setWindowRect: true, strictFileInteractability: false, timeouts: {implicit: 0, pageLoad: 300000, script: 30000}, unhandledPromptBehavior: dismiss and notify, webauthn:extension:credBlob: true, webauthn:extension:largeBlob: true, webauthn:extension:minPinLength: true, webauthn:extension:prf: true, webauthn:virtualAuthenticators: true}
Session ID: a59c4df4811f82049fe754efe723d3c1
2024-04-17 17:48:17,799 [main] ERROR RotationCopy_test - Element did not become visible within the specified time: Expected condition failed: waiting for helper.WaitUtility$5@17fb5184 (tried for 30 second(s) with 500 milliseconds interval)
Build info: version: '3.141.59', revision: 'e82be7d358', time: '2018-11-14T08:17:03'
System info: host: 'DPLAP166', ip: '137.237.2.236', os.name: 'Windows 10', os.arch: 'amd64', os.version: '10.0', java.version: '19.0.1'
Driver info: org.openqa.selenium.support.events.EventFiringWebDriver
Capabilities {acceptInsecureCerts: true, browserName: chrome, browserVersion: 123.0.6312.123, chrome: {chromedriverVersion: 123.0.6312.122 (31f8248cdd9..., userDataDir: C:\Users\dP-PL\AppData\Loca...}, fedcm:accounts: true, goog:chromeOptions: {debuggerAddress: localhost:51256}, javascriptEnabled: true, networkConnectionEnabled: false, pageLoadStrategy: normal, platform: WINDOWS, platformName: WINDOWS, proxy: Proxy(), setWindowRect: true, strictFileInteractability: false, timeouts: {implicit: 0, pageLoad: 300000, script: 30000}, unhandledPromptBehavior: dismiss and notify, webauthn:extension:credBlob: true, webauthn:extension:largeBlob: true, webauthn:extension:minPinLength: true, webauthn:extension:prf: true, webauthn:virtualAuthenticators: true}
Session ID: a59c4df4811f82049fe754efe723d3c1
2024-04-17 17:48:17,799 [main] INFO  base.BaseClass - Trying to find Element By {by.toString()})
2024-04-17 17:48:17,808 [main] INFO  base.BaseClass - Found Element By {by.toString()}
2024-04-17 17:48:17,809 [main] INFO  base.BaseClass - Trying to click on: {element.toString()}
2024-04-17 17:48:17,875 [main] INFO  base.BaseClass - Clicked on: {element.toString()}
2024-04-17 17:48:17,875 [main] INFO  base.BaseClass - Trying to find Element By {by.toString()})
2024-04-17 17:48:17,886 [main] INFO  base.BaseClass - Found Element By {by.toString()}
2024-04-17 17:48:18,403 [main] INFO  base.BaseClass - Trying to find Element By {by.toString()})
2024-04-17 17:48:18,433 [main] INFO  base.BaseClass - Found Element By {by.toString()}
2024-04-17 17:48:18,967 [main] INFO  base.BaseClass - Trying to find Element By {by.toString()})
2024-04-17 17:48:19,017 [main] INFO  base.BaseClass - Found Element By {by.toString()}
2024-04-17 17:48:19,542 [main] INFO  base.BaseClass - Trying to find Element By {by.toString()})
2024-04-17 17:48:19,576 [main] INFO  base.BaseClass - Found Element By {by.toString()}
2024-04-17 17:48:20,117 [main] INFO  base.BaseClass - Trying to find Element By {by.toString()})
2024-04-17 17:48:20,136 [main] INFO  base.BaseClass - Found Element By {by.toString()}
2024-04-17 17:48:20,664 [main] INFO  base.BaseClass - Trying to find Element By {by.toString()})
2024-04-17 17:48:20,698 [main] INFO  base.BaseClass - Found Element By {by.toString()}
2024-04-17 17:48:21,243 [main] INFO  base.BaseClass - Trying to find Element By {by.toString()})
2024-04-17 17:48:21,277 [main] INFO  base.BaseClass - Found Element By {by.toString()}
2024-04-17 17:48:21,821 [main] INFO  base.BaseClass - Trying to find Element By {by.toString()})
2024-04-17 17:48:21,843 [main] INFO  base.BaseClass - Found Element By {by.toString()}
2024-04-17 17:48:22,371 [main] INFO  base.BaseClass - Trying to find Element By {by.toString()})
2024-04-17 17:48:22,407 [main] INFO  base.BaseClass - Found Element By {by.toString()}
2024-04-17 17:48:22,943 [main] INFO  base.BaseClass - Trying to find Element By {by.toString()})
2024-04-17 17:48:22,971 [main] INFO  base.BaseClass - Found Element By {by.toString()}
2024-04-17 17:48:23,518 [main] INFO  base.BaseClass - Trying to find Element By {by.toString()})
2024-04-17 17:48:23,556 [main] INFO  base.BaseClass - Found Element By {by.toString()}
2024-04-17 17:48:24,100 [main] INFO  base.BaseClass - Trying to find Element By {by.toString()})
2024-04-17 17:48:24,119 [main] INFO  base.BaseClass - Found Element By {by.toString()}
2024-04-17 17:48:24,649 [main] INFO  base.BaseClass - Trying to find Element By {by.toString()})
2024-04-17 17:48:24,663 [main] INFO  base.BaseClass - Found Element By {by.toString()}
2024-04-17 17:48:25,197 [main] INFO  base.BaseClass - Trying to find Element By {by.toString()})
2024-04-17 17:48:25,222 [main] INFO  base.BaseClass - Found Element By {by.toString()}
2024-04-17 17:48:25,744 [main] INFO  base.BaseClass - Trying to find Element By {by.toString()})
2024-04-17 17:48:25,776 [main] INFO  base.BaseClass - Found Element By {by.toString()}
2024-04-17 17:48:26,318 [main] INFO  base.BaseClass - Trying to find Element By {by.toString()})
2024-04-17 17:48:26,353 [main] INFO  base.BaseClass - Found Element By {by.toString()}
2024-04-17 17:48:26,896 [main] INFO  base.BaseClass - Trying to find Element By {by.toString()})
2024-04-17 17:48:26,930 [main] INFO  base.BaseClass - Found Element By {by.toString()}
2024-04-17 17:48:27,464 [main] INFO  base.BaseClass - Trying to find Element By {by.toString()})
2024-04-17 17:48:27,498 [main] INFO  base.BaseClass - Found Element By {by.toString()}
2024-04-17 17:48:28,055 [main] INFO  base.BaseClass - Trying to find Element By {by.toString()})
2024-04-17 17:48:28,080 [main] INFO  base.BaseClass - Found Element By {by.toString()}
2024-04-17 17:48:28,604 [main] INFO  base.BaseClass - Trying to find Element By {by.toString()})
2024-04-17 17:48:28,639 [main] INFO  base.BaseClass - Found Element By {by.toString()}
2024-04-17 17:48:29,196 [main] INFO  base.BaseClass - Trying to find Element By {by.toString()})
2024-04-17 17:48:29,230 [main] INFO  base.BaseClass - Found Element By {by.toString()}
2024-04-17 17:48:29,773 [main] INFO  base.BaseClass - Trying to find Element By {by.toString()})
2024-04-17 17:48:29,806 [main] INFO  base.BaseClass - Found Element By {by.toString()}
2024-04-17 17:48:30,349 [main] INFO  base.BaseClass - Trying to find Element By {by.toString()})
2024-04-17 17:48:30,377 [main] INFO  base.BaseClass - Found Element By {by.toString()}
2024-04-17 17:48:30,911 [main] INFO  base.BaseClass - Trying to find Element By {by.toString()})
2024-04-17 17:48:30,928 [main] INFO  base.BaseClass - Found Element By {by.toString()}
2024-04-17 17:48:31,458 [main] INFO  base.BaseClass - Trying to find Element By {by.toString()})
2024-04-17 17:48:31,472 [main] INFO  base.BaseClass - Found Element By {by.toString()}
2024-04-17 17:48:32,000 [main] INFO  base.BaseClass - Trying to find Element By {by.toString()})
2024-04-17 17:48:32,033 [main] INFO  base.BaseClass - Found Element By {by.toString()}
2024-04-17 17:48:32,563 [main] INFO  base.BaseClass - Trying to find Element By {by.toString()})
2024-04-17 17:48:32,596 [main] INFO  base.BaseClass - Found Element By {by.toString()}
2024-04-17 17:48:33,126 [main] INFO  base.BaseClass - Trying to find Element By {by.toString()})
2024-04-17 17:48:33,158 [main] INFO  base.BaseClass - Found Element By {by.toString()}
2024-04-17 17:48:33,688 [main] INFO  base.BaseClass - Trying to find Element By {by.toString()})
2024-04-17 17:48:33,713 [main] INFO  base.BaseClass - Found Element By {by.toString()}
2024-04-17 17:48:34,234 [main] INFO  base.BaseClass - Trying to find Element By {by.toString()})
2024-04-17 17:48:34,368 [main] INFO  base.BaseClass - Found Element By {by.toString()}
2024-04-17 17:48:34,916 [main] INFO  base.BaseClass - Trying to find Element By {by.toString()})
2024-04-17 17:48:34,937 [main] INFO  base.BaseClass - Found Element By {by.toString()}
2024-04-17 17:48:35,476 [main] INFO  base.BaseClass - Trying to find Element By {by.toString()})
2024-04-17 17:48:35,494 [main] INFO  base.BaseClass - Found Element By {by.toString()}
2024-04-17 17:48:36,020 [main] INFO  base.BaseClass - Trying to find Element By {by.toString()})
2024-04-17 17:48:36,056 [main] INFO  base.BaseClass - Found Element By {by.toString()}
2024-04-17 17:48:36,610 [main] INFO  base.BaseClass - Trying to find Element By {by.toString()})
2024-04-17 17:48:36,633 [main] INFO  base.BaseClass - Found Element By {by.toString()}
2024-04-17 17:48:37,169 [main] INFO  base.BaseClass - Trying to find Element By {by.toString()})
2024-04-17 17:48:37,226 [main] INFO  base.BaseClass - Found Element By {by.toString()}
2024-04-17 17:48:37,745 [main] INFO  base.BaseClass - Trying to find Element By {by.toString()})
2024-04-17 17:48:37,779 [main] INFO  base.BaseClass - Found Element By {by.toString()}
2024-04-17 17:48:38,303 [main] INFO  base.BaseClass - Trying to find Element By {by.toString()})
2024-04-17 17:48:38,340 [main] INFO  base.BaseClass - Found Element By {by.toString()}
2024-04-17 17:48:38,879 [main] INFO  base.BaseClass - Trying to find Element By {by.toString()})
2024-04-17 17:48:38,917 [main] INFO  base.BaseClass - Found Element By {by.toString()}
2024-04-17 17:48:39,458 [main] INFO  base.BaseClass - Trying to find Element By {by.toString()})
2024-04-17 17:48:39,494 [main] INFO  base.BaseClass - Found Element By {by.toString()}
2024-04-17 17:48:40,053 [main] INFO  base.BaseClass - Trying to find Element By {by.toString()})
2024-04-17 17:48:40,082 [main] INFO  base.BaseClass - Found Element By {by.toString()}
2024-04-17 17:48:40,597 [main] INFO  base.BaseClass - Trying to find Element By {by.toString()})
2024-04-17 17:48:40,631 [main] INFO  base.BaseClass - Found Element By {by.toString()}
2024-04-17 17:48:41,175 [main] INFO  base.BaseClass - Trying to find Element By {by.toString()})
2024-04-17 17:48:41,205 [main] INFO  base.BaseClass - Found Element By {by.toString()}
2024-04-17 17:48:41,751 [main] INFO  base.BaseClass - Trying to find Element By {by.toString()})
2024-04-17 17:48:41,779 [main] INFO  base.BaseClass - Found Element By {by.toString()}
2024-04-17 17:48:42,316 [main] INFO  base.BaseClass - Trying to find Element By {by.toString()})
2024-04-17 17:48:42,348 [main] INFO  base.BaseClass - Found Element By {by.toString()}
2024-04-17 17:48:42,898 [main] INFO  base.BaseClass - Trying to find Element By {by.toString()})
2024-04-17 17:48:42,910 [main] INFO  base.BaseClass - Found Element By {by.toString()}
2024-04-17 17:48:43,428 [main] INFO  base.BaseClass - Trying to find Element By {by.toString()})
2024-04-17 17:48:43,460 [main] INFO  base.BaseClass - Found Element By {by.toString()}
2024-04-17 17:48:43,996 [main] INFO  base.BaseClass - Trying to find Element By {by.toString()})
2024-04-17 17:48:44,014 [main] INFO  base.BaseClass - Found Element By {by.toString()}
2024-04-17 17:48:44,542 [main] INFO  base.BaseClass - Trying to find Element By {by.toString()})
2024-04-17 17:48:44,569 [main] INFO  base.BaseClass - Found Element By {by.toString()}
2024-04-17 17:48:45,107 [main] INFO  base.BaseClass - Trying to find Element By {by.toString()})
2024-04-17 17:48:45,139 [main] INFO  base.BaseClass - Found Element By {by.toString()}
2024-04-17 17:48:45,683 [main] INFO  base.BaseClass - Trying to find Element By {by.toString()})
2024-04-17 17:48:45,714 [main] INFO  base.BaseClass - Found Element By {by.toString()}
2024-04-17 17:48:46,264 [main] INFO  base.BaseClass - Trying to find Element By {by.toString()})
2024-04-17 17:48:46,279 [main] INFO  base.BaseClass - Found Element By {by.toString()}
2024-04-17 17:48:46,813 [main] INFO  base.BaseClass - Trying to find Element By {by.toString()})
2024-04-17 17:48:46,846 [main] INFO  base.BaseClass - Found Element By {by.toString()}
2024-04-17 17:48:47,388 [main] INFO  base.BaseClass - Trying to find Element By {by.toString()})
2024-04-17 17:48:47,419 [main] INFO  base.BaseClass - Found Element By {by.toString()}
2024-04-17 17:48:47,971 [main] INFO  base.BaseClass - Trying to find Element By {by.toString()})
2024-04-17 17:48:48,002 [main] INFO  base.BaseClass - Found Element By {by.toString()}
TimeoutException occurred: Expected condition failed: waiting for helper.WaitUtility$5@7a17ffee (tried for 30 second(s) with 500 milliseconds interval)
Build info: version: '3.141.59', revision: 'e82be7d358', time: '2018-11-14T08:17:03'
System info: host: 'DPLAP166', ip: '137.237.2.236', os.name: 'Windows 10', os.arch: 'amd64', os.version: '10.0', java.version: '19.0.1'
Driver info: org.openqa.selenium.support.events.EventFiringWebDriver
Capabilities {acceptInsecureCerts: true, browserName: chrome, browserVersion: 123.0.6312.123, chrome: {chromedriverVersion: 123.0.6312.122 (31f8248cdd9..., userDataDir: C:\Users\dP-PL\AppData\Loca...}, fedcm:accounts: true, goog:chromeOptions: {debuggerAddress: localhost:51256}, javascriptEnabled: true, networkConnectionEnabled: false, pageLoadStrategy: normal, platform: WINDOWS, platformName: WINDOWS, proxy: Proxy(), setWindowRect: true, strictFileInteractability: false, timeouts: {implicit: 0, pageLoad: 300000, script: 30000}, unhandledPromptBehavior: dismiss and notify, webauthn:extension:credBlob: true, webauthn:extension:largeBlob: true, webauthn:extension:minPinLength: true, webauthn:extension:prf: true, webauthn:virtualAuthenticators: true}
Session ID: a59c4df4811f82049fe754efe723d3c1
2024-04-17 17:48:48,031 [main] ERROR RotationCopy_test - Element did not become visible within the specified time: Expected condition failed: waiting for helper.WaitUtility$5@7a17ffee (tried for 30 second(s) with 500 milliseconds interval)
Build info: version: '3.141.59', revision: 'e82be7d358', time: '2018-11-14T08:17:03'
System info: host: 'DPLAP166', ip: '137.237.2.236', os.name: 'Windows 10', os.arch: 'amd64', os.version: '10.0', java.version: '19.0.1'
Driver info: org.openqa.selenium.support.events.EventFiringWebDriver
Capabilities {acceptInsecureCerts: true, browserName: chrome, browserVersion: 123.0.6312.123, chrome: {chromedriverVersion: 123.0.6312.122 (31f8248cdd9..., userDataDir: C:\Users\dP-PL\AppData\Loca...}, fedcm:accounts: true, goog:chromeOptions: {debuggerAddress: localhost:51256}, javascriptEnabled: true, networkConnectionEnabled: false, pageLoadStrategy: normal, platform: WINDOWS, platformName: WINDOWS, proxy: Proxy(), setWindowRect: true, strictFileInteractability: false, timeouts: {implicit: 0, pageLoad: 300000, script: 30000}, unhandledPromptBehavior: dismiss and notify, webauthn:extension:credBlob: true, webauthn:extension:largeBlob: true, webauthn:extension:minPinLength: true, webauthn:extension:prf: true, webauthn:virtualAuthenticators: true}
Session ID: a59c4df4811f82049fe754efe723d3c1
2024-04-17 17:48:48,031 [main] INFO  base.BaseClass - Trying to find Element By {by.toString()})
2024-04-17 17:48:48,047 [main] INFO  base.BaseClass - Found Element By {by.toString()}
2024-04-17 17:48:48,047 [main] INFO  base.BaseClass - Trying to click on: {element.toString()}
2024-04-17 17:48:48,154 [main] INFO  base.BaseClass - Clicked on: {element.toString()}
2024-04-17 17:48:48,160 [main] INFO  base.BaseClass - Trying to find Element By {by.toString()})
2024-04-17 17:48:48,190 [main] INFO  base.BaseClass - Found Element By {by.toString()}
2024-04-17 17:48:48,708 [main] INFO  base.BaseClass - Trying to find Element By {by.toString()})
2024-04-17 17:48:48,719 [main] INFO  base.BaseClass - Found Element By {by.toString()}
2024-04-17 17:48:49,238 [main] INFO  base.BaseClass - Trying to find Element By {by.toString()})
2024-04-17 17:48:49,260 [main] INFO  base.BaseClass - Found Element By {by.toString()}
2024-04-17 17:48:49,816 [main] INFO  base.BaseClass - Trying to find Element By {by.toString()})
2024-04-17 17:48:49,834 [main] INFO  base.BaseClass - Found Element By {by.toString()}
2024-04-17 17:48:50,361 [main] INFO  base.BaseClass - Trying to find Element By {by.toString()})
2024-04-17 17:48:50,391 [main] INFO  base.BaseClass - Found Element By {by.toString()}
2024-04-17 17:48:50,921 [main] INFO  base.BaseClass - Trying to find Element By {by.toString()})
2024-04-17 17:48:50,951 [main] INFO  base.BaseClass - Found Element By {by.toString()}
2024-04-17 17:48:51,484 [main] INFO  base.BaseClass - Trying to find Element By {by.toString()})
2024-04-17 17:48:51,513 [main] INFO  base.BaseClass - Found Element By {by.toString()}
2024-04-17 17:48:52,046 [main] INFO  base.BaseClass - Trying to find Element By {by.toString()})
2024-04-17 17:48:52,065 [main] INFO  base.BaseClass - Found Element By {by.toString()}
2024-04-17 17:48:52,597 [main] INFO  base.BaseClass - Trying to find Element By {by.toString()})
2024-04-17 17:48:52,630 [main] INFO  base.BaseClass - Found Element By {by.toString()}
2024-04-17 17:48:53,178 [main] INFO  base.BaseClass - Trying to find Element By {by.toString()})
2024-04-17 17:48:53,210 [main] INFO  base.BaseClass - Found Element By {by.toString()}
2024-04-17 17:48:53,757 [main] INFO  base.BaseClass - Trying to find Element By {by.toString()})
2024-04-17 17:48:53,789 [main] INFO  base.BaseClass - Found Element By {by.toString()}
2024-04-17 17:48:54,340 [main] INFO  base.BaseClass - Trying to find Element By {by.toString()})
2024-04-17 17:48:54,369 [main] INFO  base.BaseClass - Found Element By {by.toString()}
2024-04-17 17:48:54,919 [main] INFO  base.BaseClass - Trying to find Element By {by.toString()})
2024-04-17 17:48:54,951 [main] INFO  base.BaseClass - Found Element By {by.toString()}
2024-04-17 17:48:55,494 [main] INFO  base.BaseClass - Trying to find Element By {by.toString()})
2024-04-17 17:48:55,524 [main] INFO  base.BaseClass - Found Element By {by.toString()}
2024-04-17 17:48:56,075 [main] INFO  base.BaseClass - Trying to find Element By {by.toString()})
2024-04-17 17:48:56,103 [main] INFO  base.BaseClass - Found Element By {by.toString()}
2024-04-17 17:48:56,654 [main] INFO  base.BaseClass - Trying to find Element By {by.toString()})
2024-04-17 17:48:56,668 [main] INFO  base.BaseClass - Found Element By {by.toString()}
2024-04-17 17:48:57,183 [main] INFO  base.BaseClass - Trying to find Element By {by.toString()})
2024-04-17 17:48:57,218 [main] INFO  base.BaseClass - Found Element By {by.toString()}
2024-04-17 17:48:57,775 [main] INFO  base.BaseClass - Trying to find Element By {by.toString()})
2024-04-17 17:48:57,807 [main] INFO  base.BaseClass - Found Element By {by.toString()}
2024-04-17 17:48:58,352 [main] INFO  base.BaseClass - Trying to find Element By {by.toString()})
2024-04-17 17:48:58,389 [main] INFO  base.BaseClass - Found Element By {by.toString()}
2024-04-17 17:48:58,931 [main] INFO  base.BaseClass - Trying to find Element By {by.toString()})
2024-04-17 17:48:58,962 [main] INFO  base.BaseClass - Found Element By {by.toString()}
2024-04-17 17:48:59,508 [main] INFO  base.BaseClass - Trying to find Element By {by.toString()})
2024-04-17 17:48:59,537 [main] INFO  base.BaseClass - Found Element By {by.toString()}
2024-04-17 17:49:00,073 [main] INFO  base.BaseClass - Trying to find Element By {by.toString()})
2024-04-17 17:49:00,086 [main] INFO  base.BaseClass - Found Element By {by.toString()}
2024-04-17 17:49:00,604 [main] INFO  base.BaseClass - Trying to find Element By {by.toString()})
2024-04-17 17:49:00,634 [main] INFO  base.BaseClass - Found Element By {by.toString()}
2024-04-17 17:49:01,182 [main] INFO  base.BaseClass - Trying to find Element By {by.toString()})
2024-04-17 17:49:01,213 [main] INFO  base.BaseClass - Found Element By {by.toString()}
2024-04-17 17:49:01,761 [main] INFO  base.BaseClass - Trying to find Element By {by.toString()})
2024-04-17 17:49:01,792 [main] INFO  base.BaseClass - Found Element By {by.toString()}
2024-04-17 17:49:02,351 [main] INFO  base.BaseClass - Trying to find Element By {by.toString()})
2024-04-17 17:49:02,382 [main] INFO  base.BaseClass - Found Element By {by.toString()}
2024-04-17 17:49:02,931 [main] INFO  base.BaseClass - Trying to find Element By {by.toString()})
2024-04-17 17:49:02,962 [main] INFO  base.BaseClass - Found Element By {by.toString()}
2024-04-17 17:49:03,522 [main] INFO  base.BaseClass - Trying to find Element By {by.toString()})
2024-04-17 17:49:03,552 [main] INFO  base.BaseClass - Found Element By {by.toString()}
2024-04-17 17:49:04,097 [main] INFO  base.BaseClass - Trying to find Element By {by.toString()})
2024-04-17 17:49:04,127 [main] INFO  base.BaseClass - Found Element By {by.toString()}
2024-04-17 17:49:04,660 [main] INFO  base.BaseClass - Trying to find Element By {by.toString()})
2024-04-17 17:49:04,690 [main] INFO  base.BaseClass - Found Element By {by.toString()}
2024-04-17 17:49:05,237 [main] INFO  base.BaseClass - Trying to find Element By {by.toString()})
2024-04-17 17:49:05,266 [main] INFO  base.BaseClass - Found Element By {by.toString()}
2024-04-17 17:49:05,814 [main] INFO  base.BaseClass - Trying to find Element By {by.toString()})
2024-04-17 17:49:05,845 [main] INFO  base.BaseClass - Found Element By {by.toString()}
2024-04-17 17:49:06,393 [main] INFO  base.BaseClass - Trying to find Element By {by.toString()})
2024-04-17 17:49:06,414 [main] INFO  base.BaseClass - Found Element By {by.toString()}
2024-04-17 17:49:06,942 [main] INFO  base.BaseClass - Trying to find Element By {by.toString()})
2024-04-17 17:49:06,956 [main] INFO  base.BaseClass - Found Element By {by.toString()}
2024-04-17 17:49:07,481 [main] INFO  base.BaseClass - Trying to find Element By {by.toString()})
2024-04-17 17:49:07,499 [main] INFO  base.BaseClass - Found Element By {by.toString()}
2024-04-17 17:49:08,030 [main] INFO  base.BaseClass - Trying to find Element By {by.toString()})
2024-04-17 17:49:08,043 [main] INFO  base.BaseClass - Found Element By {by.toString()}
2024-04-17 17:49:08,565 [main] INFO  base.BaseClass - Trying to find Element By {by.toString()})
2024-04-17 17:49:08,587 [main] INFO  base.BaseClass - Found Element By {by.toString()}
2024-04-17 17:49:09,133 [main] INFO  base.BaseClass - Trying to find Element By {by.toString()})
2024-04-17 17:49:09,146 [main] INFO  base.BaseClass - Found Element By {by.toString()}
2024-04-17 17:49:09,667 [main] INFO  base.BaseClass - Trying to find Element By {by.toString()})
2024-04-17 17:49:09,686 [main] INFO  base.BaseClass - Found Element By {by.toString()}
2024-04-17 17:49:10,216 [main] INFO  base.BaseClass - Trying to find Element By {by.toString()})
2024-04-17 17:49:10,233 [main] INFO  base.BaseClass - Found Element By {by.toString()}
2024-04-17 17:49:10,765 [main] INFO  base.BaseClass - Trying to find Element By {by.toString()})
2024-04-17 17:49:10,776 [main] INFO  base.BaseClass - Found Element By {by.toString()}
2024-04-17 17:49:11,299 [main] INFO  base.BaseClass - Trying to find Element By {by.toString()})
2024-04-17 17:49:11,328 [main] INFO  base.BaseClass - Found Element By {by.toString()}
2024-04-17 17:49:11,882 [main] INFO  base.BaseClass - Trying to find Element By {by.toString()})
2024-04-17 17:49:11,909 [main] INFO  base.BaseClass - Found Element By {by.toString()}
2024-04-17 17:49:12,460 [main] INFO  base.BaseClass - Trying to find Element By {by.toString()})
2024-04-17 17:49:12,490 [main] INFO  base.BaseClass - Found Element By {by.toString()}
2024-04-17 17:49:13,038 [main] INFO  base.BaseClass - Trying to find Element By {by.toString()})
2024-04-17 17:49:13,066 [main] INFO  base.BaseClass - Found Element By {by.toString()}
2024-04-17 17:49:13,615 [main] INFO  base.BaseClass - Trying to find Element By {by.toString()})
2024-04-17 17:49:13,646 [main] INFO  base.BaseClass - Found Element By {by.toString()}
2024-04-17 17:49:14,192 [main] INFO  base.BaseClass - Trying to find Element By {by.toString()})
2024-04-17 17:49:14,214 [main] INFO  base.BaseClass - Found Element By {by.toString()}
2024-04-17 17:49:14,755 [main] INFO  base.BaseClass - Trying to find Element By {by.toString()})
2024-04-17 17:49:14,784 [main] INFO  base.BaseClass - Found Element By {by.toString()}
2024-04-17 17:49:15,331 [main] INFO  base.BaseClass - Trying to find Element By {by.toString()})
2024-04-17 17:49:15,361 [main] INFO  base.BaseClass - Found Element By {by.toString()}
2024-04-17 17:49:15,920 [main] INFO  base.BaseClass - Trying to find Element By {by.toString()})
2024-04-17 17:49:15,949 [main] INFO  base.BaseClass - Found Element By {by.toString()}
2024-04-17 17:49:16,499 [main] INFO  base.BaseClass - Trying to find Element By {by.toString()})
2024-04-17 17:49:16,519 [main] INFO  base.BaseClass - Found Element By {by.toString()}
2024-04-17 17:49:17,060 [main] INFO  base.BaseClass - Trying to find Element By {by.toString()})
2024-04-17 17:49:17,090 [main] INFO  base.BaseClass - Found Element By {by.toString()}
2024-04-17 17:49:17,639 [main] INFO  base.BaseClass - Trying to find Element By {by.toString()})
2024-04-17 17:49:17,648 [main] INFO  base.BaseClass - Found Element By {by.toString()}
2024-04-17 17:49:18,168 [main] INFO  base.BaseClass - Trying to find Element By {by.toString()})
2024-04-17 17:49:18,190 [main] INFO  base.BaseClass - Found Element By {by.toString()}
TimeoutException occurred: Expected condition failed: waiting for helper.WaitUtility$5@530d40b4 (tried for 30 second(s) with 500 milliseconds interval)
Build info: version: '3.141.59', revision: 'e82be7d358', time: '2018-11-14T08:17:03'
System info: host: 'DPLAP166', ip: '137.237.2.236', os.name: 'Windows 10', os.arch: 'amd64', os.version: '10.0', java.version: '19.0.1'
Driver info: org.openqa.selenium.support.events.EventFiringWebDriver
Capabilities {acceptInsecureCerts: true, browserName: chrome, browserVersion: 123.0.6312.123, chrome: {chromedriverVersion: 123.0.6312.122 (31f8248cdd9..., userDataDir: C:\Users\dP-PL\AppData\Loca...}, fedcm:accounts: true, goog:chromeOptions: {debuggerAddress: localhost:51256}, javascriptEnabled: true, networkConnectionEnabled: false, pageLoadStrategy: normal, platform: WINDOWS, platformName: WINDOWS, proxy: Proxy(), setWindowRect: true, strictFileInteractability: false, timeouts: {implicit: 0, pageLoad: 300000, script: 30000}, unhandledPromptBehavior: dismiss and notify, webauthn:extension:credBlob: true, webauthn:extension:largeBlob: true, webauthn:extension:minPinLength: true, webauthn:extension:prf: true, webauthn:virtualAuthenticators: true}
Session ID: a59c4df4811f82049fe754efe723d3c1
2024-04-17 17:49:18,209 [main] ERROR RotationCopy_test - Element did not become visible within the specified time: Expected condition failed: waiting for helper.WaitUtility$5@530d40b4 (tried for 30 second(s) with 500 milliseconds interval)
Build info: version: '3.141.59', revision: 'e82be7d358', time: '2018-11-14T08:17:03'
System info: host: 'DPLAP166', ip: '137.237.2.236', os.name: 'Windows 10', os.arch: 'amd64', os.version: '10.0', java.version: '19.0.1'
Driver info: org.openqa.selenium.support.events.EventFiringWebDriver
Capabilities {acceptInsecureCerts: true, browserName: chrome, browserVersion: 123.0.6312.123, chrome: {chromedriverVersion: 123.0.6312.122 (31f8248cdd9..., userDataDir: C:\Users\dP-PL\AppData\Loca...}, fedcm:accounts: true, goog:chromeOptions: {debuggerAddress: localhost:51256}, javascriptEnabled: true, networkConnectionEnabled: false, pageLoadStrategy: normal, platform: WINDOWS, platformName: WINDOWS, proxy: Proxy(), setWindowRect: true, strictFileInteractability: false, timeouts: {implicit: 0, pageLoad: 300000, script: 30000}, unhandledPromptBehavior: dismiss and notify, webauthn:extension:credBlob: true, webauthn:extension:largeBlob: true, webauthn:extension:minPinLength: true, webauthn:extension:prf: true, webauthn:virtualAuthenticators: true}
Session ID: a59c4df4811f82049fe754efe723d3c1
2024-04-17 17:49:18,210 [main] INFO  base.BaseClass - Trying to find Element By {by.toString()})
2024-04-17 17:49:18,221 [main] INFO  base.BaseClass - Found Element By {by.toString()}
2024-04-17 17:49:18,221 [main] INFO  base.BaseClass - Trying to click on: {element.toString()}
2024-04-17 17:49:18,286 [main] INFO  base.BaseClass - Clicked on: {element.toString()}
2024-04-17 17:49:18,293 [main] INFO  base.BaseClass - Trying to find Element By {by.toString()})
2024-04-17 17:49:18,306 [main] INFO  base.BaseClass - Found Element By {by.toString()}
2024-04-17 17:49:18,822 [main] INFO  base.BaseClass - Trying to find Element By {by.toString()})
2024-04-17 17:49:19,190 [main] INFO  base.BaseClass - Found Element By {by.toString()}
2024-04-17 17:49:19,726 [main] INFO  base.BaseClass - Trying to find Element By {by.toString()})
2024-04-17 17:49:19,765 [main] INFO  base.BaseClass - Found Element By {by.toString()}
2024-04-17 17:49:20,290 [main] INFO  base.BaseClass - Trying to find Element By {by.toString()})
2024-04-17 17:49:20,315 [main] INFO  base.BaseClass - Found Element By {by.toString()}
2024-04-17 17:49:20,837 [main] INFO  base.BaseClass - Trying to find Element By {by.toString()})
2024-04-17 17:49:20,866 [main] INFO  base.BaseClass - Found Element By {by.toString()}
2024-04-17 17:49:21,398 [main] INFO  base.BaseClass - Trying to find Element By {by.toString()})
2024-04-17 17:49:21,433 [main] INFO  base.BaseClass - Found Element By {by.toString()}
2024-04-17 17:49:21,975 [main] INFO  base.BaseClass - Trying to find Element By {by.toString()})
2024-04-17 17:49:22,009 [main] INFO  base.BaseClass - Found Element By {by.toString()}
2024-04-17 17:49:22,555 [main] INFO  base.BaseClass - Trying to find Element By {by.toString()})
2024-04-17 17:49:22,585 [main] INFO  base.BaseClass - Found Element By {by.toString()}
2024-04-17 17:49:23,133 [main] INFO  base.BaseClass - Trying to find Element By {by.toString()})
2024-04-17 17:49:23,163 [main] INFO  base.BaseClass - Found Element By {by.toString()}
2024-04-17 17:49:23,713 [main] INFO  base.BaseClass - Trying to find Element By {by.toString()})
2024-04-17 17:49:23,745 [main] INFO  base.BaseClass - Found Element By {by.toString()}
2024-04-17 17:49:24,290 [main] INFO  base.BaseClass - Trying to find Element By {by.toString()})
2024-04-17 17:49:24,310 [main] INFO  base.BaseClass - Found Element By {by.toString()}
2024-04-17 17:49:24,852 [main] INFO  base.BaseClass - Trying to find Element By {by.toString()})
2024-04-17 17:49:24,865 [main] INFO  base.BaseClass - Found Element By {by.toString()}
2024-04-17 17:49:25,397 [main] INFO  base.BaseClass - Trying to find Element By {by.toString()})
2024-04-17 17:49:25,428 [main] INFO  base.BaseClass - Found Element By {by.toString()}
2024-04-17 17:49:25,973 [main] INFO  base.BaseClass - Trying to find Element By {by.toString()})
2024-04-17 17:49:26,006 [main] INFO  base.BaseClass - Found Element By {by.toString()}
2024-04-17 17:49:26,552 [main] INFO  base.BaseClass - Trying to find Element By {by.toString()})
2024-04-17 17:49:26,582 [main] INFO  base.BaseClass - Found Element By {by.toString()}
2024-04-17 17:49:27,130 [main] INFO  base.BaseClass - Trying to find Element By {by.toString()})
2024-04-17 17:49:27,160 [main] INFO  base.BaseClass - Found Element By {by.toString()}
2024-04-17 17:49:27,710 [main] INFO  base.BaseClass - Trying to find Element By {by.toString()})
2024-04-17 17:49:27,741 [main] INFO  base.BaseClass - Found Element By {by.toString()}
2024-04-17 17:49:28,291 [main] INFO  base.BaseClass - Trying to find Element By {by.toString()})
2024-04-17 17:49:28,313 [main] INFO  base.BaseClass - Found Element By {by.toString()}
2024-04-17 17:49:28,853 [main] INFO  base.BaseClass - Trying to find Element By {by.toString()})
2024-04-17 17:49:28,883 [main] INFO  base.BaseClass - Found Element By {by.toString()}
2024-04-17 17:49:29,433 [main] INFO  base.BaseClass - Trying to find Element By {by.toString()})
2024-04-17 17:49:29,463 [main] INFO  base.BaseClass - Found Element By {by.toString()}
2024-04-17 17:49:30,009 [main] INFO  base.BaseClass - Trying to find Element By {by.toString()})
2024-04-17 17:49:30,045 [main] INFO  base.BaseClass - Found Element By {by.toString()}
2024-04-17 17:49:30,574 [main] INFO  base.BaseClass - Trying to find Element By {by.toString()})
2024-04-17 17:49:30,605 [main] INFO  base.BaseClass - Found Element By {by.toString()}
2024-04-17 17:49:31,152 [main] INFO  base.BaseClass - Trying to find Element By {by.toString()})
2024-04-17 17:49:31,181 [main] INFO  base.BaseClass - Found Element By {by.toString()}
2024-04-17 17:49:31,728 [main] INFO  base.BaseClass - Trying to find Element By {by.toString()})
2024-04-17 17:49:31,759 [main] INFO  base.BaseClass - Found Element By {by.toString()}
2024-04-17 17:49:32,309 [main] INFO  base.BaseClass - Trying to find Element By {by.toString()})
2024-04-17 17:49:32,321 [main] INFO  base.BaseClass - Found Element By {by.toString()}
2024-04-17 17:49:32,850 [main] INFO  base.BaseClass - Trying to find Element By {by.toString()})
2024-04-17 17:49:32,861 [main] INFO  base.BaseClass - Found Element By {by.toString()}
2024-04-17 17:49:33,387 [main] INFO  base.BaseClass - Trying to find Element By {by.toString()})
2024-04-17 17:49:33,415 [main] INFO  base.BaseClass - Found Element By {by.toString()}
2024-04-17 17:49:33,964 [main] INFO  base.BaseClass - Trying to find Element By {by.toString()})
2024-04-17 17:49:33,995 [main] INFO  base.BaseClass - Found Element By {by.toString()}
2024-04-17 17:49:34,540 [main] INFO  base.BaseClass - Trying to find Element By {by.toString()})
2024-04-17 17:49:34,568 [main] INFO  base.BaseClass - Found Element By {by.toString()}
2024-04-17 17:49:35,100 [main] INFO  base.BaseClass - Trying to find Element By {by.toString()})
2024-04-17 17:49:35,131 [main] INFO  base.BaseClass - Found Element By {by.toString()}
2024-04-17 17:49:35,679 [main] INFO  base.BaseClass - Trying to find Element By {by.toString()})
2024-04-17 17:49:35,710 [main] INFO  base.BaseClass - Found Element By {by.toString()}
2024-04-17 17:49:36,255 [main] INFO  base.BaseClass - Trying to find Element By {by.toString()})
2024-04-17 17:49:36,286 [main] INFO  base.BaseClass - Found Element By {by.toString()}
2024-04-17 17:49:36,832 [main] INFO  base.BaseClass - Trying to find Element By {by.toString()})
2024-04-17 17:49:36,866 [main] INFO  base.BaseClass - Found Element By {by.toString()}
2024-04-17 17:49:37,414 [main] INFO  base.BaseClass - Trying to find Element By {by.toString()})
2024-04-17 17:49:37,443 [main] INFO  base.BaseClass - Found Element By {by.toString()}
2024-04-17 17:49:37,992 [main] INFO  base.BaseClass - Trying to find Element By {by.toString()})
2024-04-17 17:49:38,022 [main] INFO  base.BaseClass - Found Element By {by.toString()}
2024-04-17 17:49:38,569 [main] INFO  base.BaseClass - Trying to find Element By {by.toString()})
2024-04-17 17:49:38,599 [main] INFO  base.BaseClass - Found Element By {by.toString()}
2024-04-17 17:49:39,133 [main] INFO  base.BaseClass - Trying to find Element By {by.toString()})
2024-04-17 17:49:39,164 [main] INFO  base.BaseClass - Found Element By {by.toString()}
2024-04-17 17:49:39,725 [main] INFO  base.BaseClass - Trying to find Element By {by.toString()})
2024-04-17 17:49:39,756 [main] INFO  base.BaseClass - Found Element By {by.toString()}
2024-04-17 17:49:40,304 [main] INFO  base.BaseClass - Trying to find Element By {by.toString()})
2024-04-17 17:49:40,334 [main] INFO  base.BaseClass - Found Element By {by.toString()}
2024-04-17 17:49:40,867 [main] INFO  base.BaseClass - Trying to find Element By {by.toString()})
2024-04-17 17:49:40,896 [main] INFO  base.BaseClass - Found Element By {by.toString()}
2024-04-17 17:49:41,443 [main] INFO  base.BaseClass - Trying to find Element By {by.toString()})
2024-04-17 17:49:41,473 [main] INFO  base.BaseClass - Found Element By {by.toString()}
2024-04-17 17:49:42,023 [main] INFO  base.BaseClass - Trying to find Element By {by.toString()})
2024-04-17 17:49:42,049 [main] INFO  base.BaseClass - Found Element By {by.toString()}
2024-04-17 17:49:42,582 [main] INFO  base.BaseClass - Trying to find Element By {by.toString()})
2024-04-17 17:49:42,613 [main] INFO  base.BaseClass - Found Element By {by.toString()}
2024-04-17 17:49:43,143 [main] INFO  base.BaseClass - Trying to find Element By {by.toString()})
2024-04-17 17:49:43,169 [main] INFO  base.BaseClass - Found Element By {by.toString()}
2024-04-17 17:49:43,702 [main] INFO  base.BaseClass - Trying to find Element By {by.toString()})
2024-04-17 17:49:43,738 [main] INFO  base.BaseClass - Found Element By {by.toString()}
2024-04-17 17:49:44,278 [main] INFO  base.BaseClass - Trying to find Element By {by.toString()})
2024-04-17 17:49:44,301 [main] INFO  base.BaseClass - Found Element By {by.toString()}
2024-04-17 17:49:44,827 [main] INFO  base.BaseClass - Trying to find Element By {by.toString()})
2024-04-17 17:49:44,857 [main] INFO  base.BaseClass - Found Element By {by.toString()}
2024-04-17 17:49:45,392 [main] INFO  base.BaseClass - Trying to find Element By {by.toString()})
2024-04-17 17:49:45,407 [main] INFO  base.BaseClass - Found Element By {by.toString()}
2024-04-17 17:49:45,939 [main] INFO  base.BaseClass - Trying to find Element By {by.toString()})
2024-04-17 17:49:45,952 [main] INFO  base.BaseClass - Found Element By {by.toString()}
2024-04-17 17:49:46,469 [main] INFO  base.BaseClass - Trying to find Element By {by.toString()})
2024-04-17 17:49:46,483 [main] INFO  base.BaseClass - Found Element By {by.toString()}
2024-04-17 17:49:47,008 [main] INFO  base.BaseClass - Trying to find Element By {by.toString()})
2024-04-17 17:49:47,024 [main] INFO  base.BaseClass - Found Element By {by.toString()}
2024-04-17 17:49:47,558 [main] INFO  base.BaseClass - Trying to find Element By {by.toString()})
2024-04-17 17:49:47,572 [main] INFO  base.BaseClass - Found Element By {by.toString()}
2024-04-17 17:49:48,093 [main] INFO  base.BaseClass - Trying to find Element By {by.toString()})
2024-04-17 17:49:48,112 [main] INFO  base.BaseClass - Found Element By {by.toString()}
2024-04-17 17:49:48,646 [main] INFO  base.BaseClass - Trying to find Element By {by.toString()})
2024-04-17 17:49:48,660 [main] INFO  base.BaseClass - Found Element By {by.toString()}
TimeoutException occurred: Expected condition failed: waiting for helper.WaitUtility$5@419ece7a (tried for 30 second(s) with 500 milliseconds interval)
Build info: version: '3.141.59', revision: 'e82be7d358', time: '2018-11-14T08:17:03'
System info: host: 'DPLAP166', ip: '137.237.2.236', os.name: 'Windows 10', os.arch: 'amd64', os.version: '10.0', java.version: '19.0.1'
Driver info: org.openqa.selenium.support.events.EventFiringWebDriver
Capabilities {acceptInsecureCerts: true, browserName: chrome, browserVersion: 123.0.6312.123, chrome: {chromedriverVersion: 123.0.6312.122 (31f8248cdd9..., userDataDir: C:\Users\dP-PL\AppData\Loca...}, fedcm:accounts: true, goog:chromeOptions: {debuggerAddress: localhost:51256}, javascriptEnabled: true, networkConnectionEnabled: false, pageLoadStrategy: normal, platform: WINDOWS, platformName: WINDOWS, proxy: Proxy(), setWindowRect: true, strictFileInteractability: false, timeouts: {implicit: 0, pageLoad: 300000, script: 30000}, unhandledPromptBehavior: dismiss and notify, webauthn:extension:credBlob: true, webauthn:extension:largeBlob: true, webauthn:extension:minPinLength: true, webauthn:extension:prf: true, webauthn:virtualAuthenticators: true}
Session ID: a59c4df4811f82049fe754efe723d3c1
2024-04-17 17:49:48,679 [main] ERROR RotationCopy_test - Element did not become visible within the specified time: Expected condition failed: waiting for helper.WaitUtility$5@419ece7a (tried for 30 second(s) with 500 milliseconds interval)
Build info: version: '3.141.59', revision: 'e82be7d358', time: '2018-11-14T08:17:03'
System info: host: 'DPLAP166', ip: '137.237.2.236', os.name: 'Windows 10', os.arch: 'amd64', os.version: '10.0', java.version: '19.0.1'
Driver info: org.openqa.selenium.support.events.EventFiringWebDriver
Capabilities {acceptInsecureCerts: true, browserName: chrome, browserVersion: 123.0.6312.123, chrome: {chromedriverVersion: 123.0.6312.122 (31f8248cdd9..., userDataDir: C:\Users\dP-PL\AppData\Loca...}, fedcm:accounts: true, goog:chromeOptions: {debuggerAddress: localhost:51256}, javascriptEnabled: true, networkConnectionEnabled: false, pageLoadStrategy: normal, platform: WINDOWS, platformName: WINDOWS, proxy: Proxy(), setWindowRect: true, strictFileInteractability: false, timeouts: {implicit: 0, pageLoad: 300000, script: 30000}, unhandledPromptBehavior: dismiss and notify, webauthn:extension:credBlob: true, webauthn:extension:largeBlob: true, webauthn:extension:minPinLength: true, webauthn:extension:prf: true, webauthn:virtualAuthenticators: true}
Session ID: a59c4df4811f82049fe754efe723d3c1
2024-04-17 17:49:48,679 [main] INFO  base.BaseClass - Trying to find Element By {by.toString()})
2024-04-17 17:49:48,690 [main] INFO  base.BaseClass - Found Element By {by.toString()}
2024-04-17 17:49:48,690 [main] INFO  base.BaseClass - Trying to click on: {element.toString()}
2024-04-17 17:49:48,816 [main] INFO  base.BaseClass - Clicked on: {element.toString()}
2024-04-17 17:49:48,816 [main] INFO  base.BaseClass - Trying to find Element By {by.toString()})
2024-04-17 17:49:49,625 [main] INFO  base.BaseClass - Found Element By {by.toString()}
2024-04-17 17:49:50,155 [main] INFO  base.BaseClass - Trying to find Element By {by.toString()})
2024-04-17 17:49:50,172 [main] INFO  base.BaseClass - Found Element By {by.toString()}
2024-04-17 17:49:50,703 [main] INFO  base.BaseClass - Trying to find Element By {by.toString()})
2024-04-17 17:49:50,717 [main] INFO  base.BaseClass - Found Element By {by.toString()}
2024-04-17 17:49:51,239 [main] INFO  base.BaseClass - Trying to find Element By {by.toString()})
2024-04-17 17:49:51,250 [main] INFO  base.BaseClass - Found Element By {by.toString()}
2024-04-17 17:49:51,776 [main] INFO  base.BaseClass - Trying to find Element By {by.toString()})
2024-04-17 17:49:51,808 [main] INFO  base.BaseClass - Found Element By {by.toString()}
2024-04-17 17:49:52,351 [main] INFO  base.BaseClass - Trying to find Element By {by.toString()})
2024-04-17 17:49:52,379 [main] INFO  base.BaseClass - Found Element By {by.toString()}
2024-04-17 17:49:52,918 [main] INFO  base.BaseClass - Trying to find Element By {by.toString()})
2024-04-17 17:49:52,948 [main] INFO  base.BaseClass - Found Element By {by.toString()}
2024-04-17 17:49:53,484 [main] INFO  base.BaseClass - Trying to find Element By {by.toString()})
2024-04-17 17:49:53,497 [main] INFO  base.BaseClass - Found Element By {by.toString()}
2024-04-17 17:49:54,019 [main] INFO  base.BaseClass - Trying to find Element By {by.toString()})
2024-04-17 17:49:54,035 [main] INFO  base.BaseClass - Found Element By {by.toString()}
2024-04-17 17:49:54,567 [main] INFO  base.BaseClass - Trying to find Element By {by.toString()})
2024-04-17 17:49:54,604 [main] INFO  base.BaseClass - Found Element By {by.toString()}
2024-04-17 17:49:55,163 [main] INFO  base.BaseClass - Trying to find Element By {by.toString()})
2024-04-17 17:49:55,193 [main] INFO  base.BaseClass - Found Element By {by.toString()}
2024-04-17 17:49:55,743 [main] INFO  base.BaseClass - Trying to find Element By {by.toString()})
2024-04-17 17:49:55,776 [main] INFO  base.BaseClass - Found Element By {by.toString()}
2024-04-17 17:49:56,325 [main] INFO  base.BaseClass - Trying to find Element By {by.toString()})
2024-04-17 17:49:56,357 [main] INFO  base.BaseClass - Found Element By {by.toString()}
2024-04-17 17:49:56,903 [main] INFO  base.BaseClass - Trying to find Element By {by.toString()})
2024-04-17 17:49:56,935 [main] INFO  base.BaseClass - Found Element By {by.toString()}
2024-04-17 17:49:57,480 [main] INFO  base.BaseClass - Trying to find Element By {by.toString()})
2024-04-17 17:49:57,512 [main] INFO  base.BaseClass - Found Element By {by.toString()}
2024-04-17 17:49:58,057 [main] INFO  base.BaseClass - Trying to find Element By {by.toString()})
2024-04-17 17:49:58,090 [main] INFO  base.BaseClass - Found Element By {by.toString()}
2024-04-17 17:49:58,623 [main] INFO  base.BaseClass - Trying to find Element By {by.toString()})
2024-04-17 17:49:58,656 [main] INFO  base.BaseClass - Found Element By {by.toString()}
2024-04-17 17:49:59,215 [main] INFO  base.BaseClass - Trying to find Element By {by.toString()})
2024-04-17 17:49:59,247 [main] INFO  base.BaseClass - Found Element By {by.toString()}
2024-04-17 17:49:59,792 [main] INFO  base.BaseClass - Trying to find Element By {by.toString()})
2024-04-17 17:49:59,823 [main] INFO  base.BaseClass - Found Element By {by.toString()}
2024-04-17 17:50:00,359 [main] INFO  base.BaseClass - Trying to find Element By {by.toString()})
2024-04-17 17:50:00,416 [main] INFO  base.BaseClass - Found Element By {by.toString()}
2024-04-17 17:50:00,934 [main] INFO  base.BaseClass - Trying to find Element By {by.toString()})
2024-04-17 17:50:00,968 [main] INFO  base.BaseClass - Found Element By {by.toString()}
2024-04-17 17:50:01,514 [main] INFO  base.BaseClass - Trying to find Element By {by.toString()})
2024-04-17 17:50:01,545 [main] INFO  base.BaseClass - Found Element By {by.toString()}
2024-04-17 17:50:02,076 [main] INFO  base.BaseClass - Trying to find Element By {by.toString()})
2024-04-17 17:50:02,107 [main] INFO  base.BaseClass - Found Element By {by.toString()}
2024-04-17 17:50:02,655 [main] INFO  base.BaseClass - Trying to find Element By {by.toString()})
2024-04-17 17:50:02,686 [main] INFO  base.BaseClass - Found Element By {by.toString()}
2024-04-17 17:50:03,231 [main] INFO  base.BaseClass - Trying to find Element By {by.toString()})
2024-04-17 17:50:03,262 [main] INFO  base.BaseClass - Found Element By {by.toString()}
2024-04-17 17:50:03,825 [main] INFO  base.BaseClass - Trying to find Element By {by.toString()})
2024-04-17 17:50:03,845 [main] INFO  base.BaseClass - Found Element By {by.toString()}
2024-04-17 17:50:04,369 [main] INFO  base.BaseClass - Trying to find Element By {by.toString()})
2024-04-17 17:50:04,402 [main] INFO  base.BaseClass - Found Element By {by.toString()}
2024-04-17 17:50:04,950 [main] INFO  base.BaseClass - Trying to find Element By {by.toString()})
2024-04-17 17:50:04,981 [main] INFO  base.BaseClass - Found Element By {by.toString()}
2024-04-17 17:50:05,532 [main] INFO  base.BaseClass - Trying to find Element By {by.toString()})
2024-04-17 17:50:05,564 [main] INFO  base.BaseClass - Found Element By {by.toString()}
2024-04-17 17:50:06,097 [main] INFO  base.BaseClass - Trying to find Element By {by.toString()})
2024-04-17 17:50:06,127 [main] INFO  base.BaseClass - Found Element By {by.toString()}
2024-04-17 17:50:06,676 [main] INFO  base.BaseClass - Trying to find Element By {by.toString()})
2024-04-17 17:50:06,706 [main] INFO  base.BaseClass - Found Element By {by.toString()}
2024-04-17 17:50:07,258 [main] INFO  base.BaseClass - Trying to find Element By {by.toString()})
2024-04-17 17:50:07,290 [main] INFO  base.BaseClass - Found Element By {by.toString()}
2024-04-17 17:50:07,834 [main] INFO  base.BaseClass - Trying to find Element By {by.toString()})
2024-04-17 17:50:07,865 [main] INFO  base.BaseClass - Found Element By {by.toString()}
2024-04-17 17:50:08,413 [main] INFO  base.BaseClass - Trying to find Element By {by.toString()})
2024-04-17 17:50:08,424 [main] INFO  base.BaseClass - Found Element By {by.toString()}
2024-04-17 17:50:08,946 [main] INFO  base.BaseClass - Trying to find Element By {by.toString()})
2024-04-17 17:50:08,974 [main] INFO  base.BaseClass - Found Element By {by.toString()}
2024-04-17 17:50:09,522 [main] INFO  base.BaseClass - Trying to find Element By {by.toString()})
2024-04-17 17:50:09,552 [main] INFO  base.BaseClass - Found Element By {by.toString()}
2024-04-17 17:50:10,099 [main] INFO  base.BaseClass - Trying to find Element By {by.toString()})
2024-04-17 17:50:10,110 [main] INFO  base.BaseClass - Found Element By {by.toString()}
2024-04-17 17:50:10,632 [main] INFO  base.BaseClass - Trying to find Element By {by.toString()})
2024-04-17 17:50:10,657 [main] INFO  base.BaseClass - Found Element By {by.toString()}
2024-04-17 17:50:11,199 [main] INFO  base.BaseClass - Trying to find Element By {by.toString()})
2024-04-17 17:50:11,227 [main] INFO  base.BaseClass - Found Element By {by.toString()}
2024-04-17 17:50:11,779 [main] INFO  base.BaseClass - Trying to find Element By {by.toString()})
2024-04-17 17:50:11,800 [main] INFO  base.BaseClass - Found Element By {by.toString()}
2024-04-17 17:50:12,323 [main] INFO  base.BaseClass - Trying to find Element By {by.toString()})
2024-04-17 17:50:12,354 [main] INFO  base.BaseClass - Found Element By {by.toString()}
2024-04-17 17:50:12,902 [main] INFO  base.BaseClass - Trying to find Element By {by.toString()})
2024-04-17 17:50:12,932 [main] INFO  base.BaseClass - Found Element By {by.toString()}
2024-04-17 17:50:13,483 [main] INFO  base.BaseClass - Trying to find Element By {by.toString()})
2024-04-17 17:50:13,512 [main] INFO  base.BaseClass - Found Element By {by.toString()}
2024-04-17 17:50:14,060 [main] INFO  base.BaseClass - Trying to find Element By {by.toString()})
2024-04-17 17:50:14,094 [main] INFO  base.BaseClass - Found Element By {by.toString()}
2024-04-17 17:50:14,636 [main] INFO  base.BaseClass - Trying to find Element By {by.toString()})
2024-04-17 17:50:14,656 [main] INFO  base.BaseClass - Found Element By {by.toString()}
2024-04-17 17:50:15,185 [main] INFO  base.BaseClass - Trying to find Element By {by.toString()})
2024-04-17 17:50:15,214 [main] INFO  base.BaseClass - Found Element By {by.toString()}
2024-04-17 17:50:15,773 [main] INFO  base.BaseClass - Trying to find Element By {by.toString()})
2024-04-17 17:50:15,804 [main] INFO  base.BaseClass - Found Element By {by.toString()}
2024-04-17 17:50:16,350 [main] INFO  base.BaseClass - Trying to find Element By {by.toString()})
2024-04-17 17:50:16,381 [main] INFO  base.BaseClass - Found Element By {by.toString()}
2024-04-17 17:50:16,928 [main] INFO  base.BaseClass - Trying to find Element By {by.toString()})
2024-04-17 17:50:16,959 [main] INFO  base.BaseClass - Found Element By {by.toString()}
2024-04-17 17:50:17,505 [main] INFO  base.BaseClass - Trying to find Element By {by.toString()})
2024-04-17 17:50:17,536 [main] INFO  base.BaseClass - Found Element By {by.toString()}
2024-04-17 17:50:18,067 [main] INFO  base.BaseClass - Trying to find Element By {by.toString()})
2024-04-17 17:50:18,089 [main] INFO  base.BaseClass - Found Element By {by.toString()}
2024-04-17 17:50:18,634 [main] INFO  base.BaseClass - Trying to find Element By {by.toString()})
2024-04-17 17:50:18,684 [main] INFO  base.BaseClass - Found Element By {by.toString()}
2024-04-17 17:50:19,214 [main] INFO  base.BaseClass - Trying to find Element By {by.toString()})
2024-04-17 17:50:19,247 [main] INFO  base.BaseClass - Found Element By {by.toString()}
TimeoutException occurred: Expected condition failed: waiting for helper.WaitUtility$5@1ee5792a (tried for 30 second(s) with 500 milliseconds interval)
Build info: version: '3.141.59', revision: 'e82be7d358', time: '2018-11-14T08:17:03'
System info: host: 'DPLAP166', ip: '137.237.2.236', os.name: 'Windows 10', os.arch: 'amd64', os.version: '10.0', java.version: '19.0.1'
Driver info: org.openqa.selenium.support.events.EventFiringWebDriver
Capabilities {acceptInsecureCerts: true, browserName: chrome, browserVersion: 123.0.6312.123, chrome: {chromedriverVersion: 123.0.6312.122 (31f8248cdd9..., userDataDir: C:\Users\dP-PL\AppData\Loca...}, fedcm:accounts: true, goog:chromeOptions: {debuggerAddress: localhost:51256}, javascriptEnabled: true, networkConnectionEnabled: false, pageLoadStrategy: normal, platform: WINDOWS, platformName: WINDOWS, proxy: Proxy(), setWindowRect: true, strictFileInteractability: false, timeouts: {implicit: 0, pageLoad: 300000, script: 30000}, unhandledPromptBehavior: dismiss and notify, webauthn:extension:credBlob: true, webauthn:extension:largeBlob: true, webauthn:extension:minPinLength: true, webauthn:extension:prf: true, webauthn:virtualAuthenticators: true}
Session ID: a59c4df4811f82049fe754efe723d3c1
2024-04-17 17:50:19,281 [main] ERROR RotationCopy_test - Element did not become visible within the specified time: Expected condition failed: waiting for helper.WaitUtility$5@1ee5792a (tried for 30 second(s) with 500 milliseconds interval)
Build info: version: '3.141.59', revision: 'e82be7d358', time: '2018-11-14T08:17:03'
System info: host: 'DPLAP166', ip: '137.237.2.236', os.name: 'Windows 10', os.arch: 'amd64', os.version: '10.0', java.version: '19.0.1'
Driver info: org.openqa.selenium.support.events.EventFiringWebDriver
Capabilities {acceptInsecureCerts: true, browserName: chrome, browserVersion: 123.0.6312.123, chrome: {chromedriverVersion: 123.0.6312.122 (31f8248cdd9..., userDataDir: C:\Users\dP-PL\AppData\Loca...}, fedcm:accounts: true, goog:chromeOptions: {debuggerAddress: localhost:51256}, javascriptEnabled: true, networkConnectionEnabled: false, pageLoadStrategy: normal, platform: WINDOWS, platformName: WINDOWS, proxy: Proxy(), setWindowRect: true, strictFileInteractability: false, timeouts: {implicit: 0, pageLoad: 300000, script: 30000}, unhandledPromptBehavior: dismiss and notify, webauthn:extension:credBlob: true, webauthn:extension:largeBlob: true, webauthn:extension:minPinLength: true, webauthn:extension:prf: true, webauthn:virtualAuthenticators: true}
Session ID: a59c4df4811f82049fe754efe723d3c1
2024-04-17 17:50:19,281 [main] INFO  base.BaseClass - Trying to find Element By {by.toString()})
2024-04-17 17:50:19,306 [main] INFO  base.BaseClass - Found Element By {by.toString()}
2024-04-17 17:50:19,307 [main] INFO  base.BaseClass - Trying to click on: {element.toString()}
2024-04-17 17:50:19,398 [main] INFO  base.BaseClass - Clicked on: {element.toString()}
2024-04-17 17:50:19,398 [main] INFO  base.BaseClass - Trying to find Element By {by.toString()})
2024-04-17 17:50:19,411 [main] INFO  base.BaseClass - Found Element By {by.toString()}
2024-04-17 17:50:19,931 [main] INFO  base.BaseClass - Trying to find Element By {by.toString()})
2024-04-17 17:50:19,965 [main] INFO  base.BaseClass - Found Element By {by.toString()}
2024-04-17 17:50:20,524 [main] INFO  base.BaseClass - Trying to find Element By {by.toString()})
2024-04-17 17:50:20,557 [main] INFO  base.BaseClass - Found Element By {by.toString()}
2024-04-17 17:50:21,103 [main] INFO  base.BaseClass - Trying to find Element By {by.toString()})
2024-04-17 17:50:21,134 [main] INFO  base.BaseClass - Found Element By {by.toString()}
2024-04-17 17:50:21,680 [main] INFO  base.BaseClass - Trying to find Element By {by.toString()})
2024-04-17 17:50:21,708 [main] INFO  base.BaseClass - Found Element By {by.toString()}
2024-04-17 17:50:22,242 [main] INFO  base.BaseClass - Trying to find Element By {by.toString()})
2024-04-17 17:50:22,261 [main] INFO  base.BaseClass - Found Element By {by.toString()}
2024-04-17 17:50:22,805 [main] INFO  base.BaseClass - Trying to find Element By {by.toString()})
2024-04-17 17:50:22,837 [main] INFO  base.BaseClass - Found Element By {by.toString()}
2024-04-17 17:50:23,385 [main] INFO  base.BaseClass - Trying to find Element By {by.toString()})
2024-04-17 17:50:23,398 [main] INFO  base.BaseClass - Found Element By {by.toString()}
2024-04-17 17:50:23,931 [main] INFO  base.BaseClass - Trying to find Element By {by.toString()})
2024-04-17 17:50:23,962 [main] INFO  base.BaseClass - Found Element By {by.toString()}
2024-04-17 17:50:24,522 [main] INFO  base.BaseClass - Trying to find Element By {by.toString()})
2024-04-17 17:50:24,554 [main] INFO  base.BaseClass - Found Element By {by.toString()}
2024-04-17 17:50:25,101 [main] INFO  base.BaseClass - Trying to find Element By {by.toString()})
2024-04-17 17:50:25,132 [main] INFO  base.BaseClass - Found Element By {by.toString()}
2024-04-17 17:50:25,664 [main] INFO  base.BaseClass - Trying to find Element By {by.toString()})
2024-04-17 17:50:25,694 [main] INFO  base.BaseClass - Found Element By {by.toString()}
2024-04-17 17:50:26,240 [main] INFO  base.BaseClass - Trying to find Element By {by.toString()})
2024-04-17 17:50:26,270 [main] INFO  base.BaseClass - Found Element By {by.toString()}
2024-04-17 17:50:26,803 [main] INFO  base.BaseClass - Trying to find Element By {by.toString()})
2024-04-17 17:50:26,822 [main] INFO  base.BaseClass - Found Element By {by.toString()}
2024-04-17 17:50:27,363 [main] INFO  base.BaseClass - Trying to find Element By {by.toString()})
2024-04-17 17:50:27,393 [main] INFO  base.BaseClass - Found Element By {by.toString()}
2024-04-17 17:50:27,943 [main] INFO  base.BaseClass - Trying to find Element By {by.toString()})
2024-04-17 17:50:27,975 [main] INFO  base.BaseClass - Found Element By {by.toString()}
2024-04-17 17:50:28,523 [main] INFO  base.BaseClass - Trying to find Element By {by.toString()})
2024-04-17 17:50:28,555 [main] INFO  base.BaseClass - Found Element By {by.toString()}
2024-04-17 17:50:29,104 [main] INFO  base.BaseClass - Trying to find Element By {by.toString()})
2024-04-17 17:50:29,135 [main] INFO  base.BaseClass - Found Element By {by.toString()}
2024-04-17 17:50:29,683 [main] INFO  base.BaseClass - Trying to find Element By {by.toString()})
2024-04-17 17:50:29,714 [main] INFO  base.BaseClass - Found Element By {by.toString()}
2024-04-17 17:50:30,249 [main] INFO  base.BaseClass - Trying to find Element By {by.toString()})
2024-04-17 17:50:30,278 [main] INFO  base.BaseClass - Found Element By {by.toString()}
2024-04-17 17:50:30,823 [main] INFO  base.BaseClass - Trying to find Element By {by.toString()})
2024-04-17 17:50:30,845 [main] INFO  base.BaseClass - Found Element By {by.toString()}
2024-04-17 17:50:31,400 [main] INFO  base.BaseClass - Trying to find Element By {by.toString()})
2024-04-17 17:50:31,431 [main] INFO  base.BaseClass - Found Element By {by.toString()}
2024-04-17 17:50:31,992 [main] INFO  base.BaseClass - Trying to find Element By {by.toString()})
2024-04-17 17:50:32,023 [main] INFO  base.BaseClass - Found Element By {by.toString()}
2024-04-17 17:50:32,569 [main] INFO  base.BaseClass - Trying to find Element By {by.toString()})
2024-04-17 17:50:32,603 [main] INFO  base.BaseClass - Found Element By {by.toString()}
2024-04-17 17:50:33,149 [main] INFO  base.BaseClass - Trying to find Element By {by.toString()})
2024-04-17 17:50:33,180 [main] INFO  base.BaseClass - Found Element By {by.toString()}
2024-04-17 17:50:33,727 [main] INFO  base.BaseClass - Trying to find Element By {by.toString()})
2024-04-17 17:50:33,758 [main] INFO  base.BaseClass - Found Element By {by.toString()}
2024-04-17 17:50:34,306 [main] INFO  base.BaseClass - Trying to find Element By {by.toString()})
2024-04-17 17:50:34,363 [main] INFO  base.BaseClass - Found Element By {by.toString()}
2024-04-17 17:50:34,890 [main] INFO  base.BaseClass - Trying to find Element By {by.toString()})
2024-04-17 17:50:34,922 [main] INFO  base.BaseClass - Found Element By {by.toString()}
2024-04-17 17:50:35,465 [main] INFO  base.BaseClass - Trying to find Element By {by.toString()})
2024-04-17 17:50:35,497 [main] INFO  base.BaseClass - Found Element By {by.toString()}
2024-04-17 17:50:36,044 [main] INFO  base.BaseClass - Trying to find Element By {by.toString()})
2024-04-17 17:50:36,074 [main] INFO  base.BaseClass - Found Element By {by.toString()}
2024-04-17 17:50:36,625 [main] INFO  base.BaseClass - Trying to find Element By {by.toString()})
2024-04-17 17:50:36,656 [main] INFO  base.BaseClass - Found Element By {by.toString()}
2024-04-17 17:50:37,207 [main] INFO  base.BaseClass - Trying to find Element By {by.toString()})
2024-04-17 17:50:37,229 [main] INFO  base.BaseClass - Found Element By {by.toString()}
2024-04-17 17:50:37,769 [main] INFO  base.BaseClass - Trying to find Element By {by.toString()})
2024-04-17 17:50:37,794 [main] INFO  base.BaseClass - Found Element By {by.toString()}
2024-04-17 17:50:38,319 [main] INFO  base.BaseClass - Trying to find Element By {by.toString()})
2024-04-17 17:50:38,350 [main] INFO  base.BaseClass - Found Element By {by.toString()}
2024-04-17 17:50:38,880 [main] INFO  base.BaseClass - Trying to find Element By {by.toString()})
2024-04-17 17:50:38,911 [main] INFO  base.BaseClass - Found Element By {by.toString()}
2024-04-17 17:50:39,460 [main] INFO  base.BaseClass - Trying to find Element By {by.toString()})
2024-04-17 17:50:39,490 [main] INFO  base.BaseClass - Found Element By {by.toString()}
2024-04-17 17:50:40,039 [main] INFO  base.BaseClass - Trying to find Element By {by.toString()})
2024-04-17 17:50:40,071 [main] INFO  base.BaseClass - Found Element By {by.toString()}
2024-04-17 17:50:40,600 [main] INFO  base.BaseClass - Trying to find Element By {by.toString()})
2024-04-17 17:50:40,631 [main] INFO  base.BaseClass - Found Element By {by.toString()}
2024-04-17 17:50:41,176 [main] INFO  base.BaseClass - Trying to find Element By {by.toString()})
2024-04-17 17:50:41,208 [main] INFO  base.BaseClass - Found Element By {by.toString()}
2024-04-17 17:50:41,741 [main] INFO  base.BaseClass - Trying to find Element By {by.toString()})
2024-04-17 17:50:41,765 [main] INFO  base.BaseClass - Found Element By {by.toString()}
2024-04-17 17:50:42,301 [main] INFO  base.BaseClass - Trying to find Element By {by.toString()})
2024-04-17 17:50:42,336 [main] INFO  base.BaseClass - Found Element By {by.toString()}
2024-04-17 17:50:42,865 [main] INFO  base.BaseClass - Trying to find Element By {by.toString()})
2024-04-17 17:50:42,880 [main] INFO  base.BaseClass - Found Element By {by.toString()}
2024-04-17 17:50:43,409 [main] INFO  base.BaseClass - Trying to find Element By {by.toString()})
2024-04-17 17:50:43,441 [main] INFO  base.BaseClass - Found Element By {by.toString()}
2024-04-17 17:50:43,977 [main] INFO  base.BaseClass - Trying to find Element By {by.toString()})
2024-04-17 17:50:44,008 [main] INFO  base.BaseClass - Found Element By {by.toString()}
2024-04-17 17:50:44,550 [main] INFO  base.BaseClass - Trying to find Element By {by.toString()})
2024-04-17 17:50:44,581 [main] INFO  base.BaseClass - Found Element By {by.toString()}
2024-04-17 17:50:45,118 [main] INFO  base.BaseClass - Trying to find Element By {by.toString()})
2024-04-17 17:50:45,151 [main] INFO  base.BaseClass - Found Element By {by.toString()}
2024-04-17 17:50:45,698 [main] INFO  base.BaseClass - Trying to find Element By {by.toString()})
2024-04-17 17:50:45,730 [main] INFO  base.BaseClass - Found Element By {by.toString()}
2024-04-17 17:50:46,274 [main] INFO  base.BaseClass - Trying to find Element By {by.toString()})
2024-04-17 17:50:46,305 [main] INFO  base.BaseClass - Found Element By {by.toString()}
2024-04-17 17:50:46,854 [main] INFO  base.BaseClass - Trying to find Element By {by.toString()})
2024-04-17 17:50:46,883 [main] INFO  base.BaseClass - Found Element By {by.toString()}
2024-04-17 17:50:47,416 [main] INFO  base.BaseClass - Trying to find Element By {by.toString()})
2024-04-17 17:50:47,446 [main] INFO  base.BaseClass - Found Element By {by.toString()}
2024-04-17 17:50:47,979 [main] INFO  base.BaseClass - Trying to find Element By {by.toString()})
2024-04-17 17:50:48,009 [main] INFO  base.BaseClass - Found Element By {by.toString()}
2024-04-17 17:50:48,557 [main] INFO  base.BaseClass - Trying to find Element By {by.toString()})
2024-04-17 17:50:48,589 [main] INFO  base.BaseClass - Found Element By {by.toString()}
2024-04-17 17:50:49,133 [main] INFO  base.BaseClass - Trying to find Element By {by.toString()})
2024-04-17 17:50:49,166 [main] INFO  base.BaseClass - Found Element By {by.toString()}
2024-04-17 17:50:49,710 [main] INFO  base.BaseClass - Trying to find Element By {by.toString()})
2024-04-17 17:50:49,742 [main] INFO  base.BaseClass - Found Element By {by.toString()}
TimeoutException occurred: Expected condition failed: waiting for helper.WaitUtility$5@50b1dfab (tried for 30 second(s) with 500 milliseconds interval)
Build info: version: '3.141.59', revision: 'e82be7d358', time: '2018-11-14T08:17:03'
System info: host: 'DPLAP166', ip: '137.237.2.236', os.name: 'Windows 10', os.arch: 'amd64', os.version: '10.0', java.version: '19.0.1'
Driver info: org.openqa.selenium.support.events.EventFiringWebDriver
Capabilities {acceptInsecureCerts: true, browserName: chrome, browserVersion: 123.0.6312.123, chrome: {chromedriverVersion: 123.0.6312.122 (31f8248cdd9..., userDataDir: C:\Users\dP-PL\AppData\Loca...}, fedcm:accounts: true, goog:chromeOptions: {debuggerAddress: localhost:51256}, javascriptEnabled: true, networkConnectionEnabled: false, pageLoadStrategy: normal, platform: WINDOWS, platformName: WINDOWS, proxy: Proxy(), setWindowRect: true, strictFileInteractability: false, timeouts: {implicit: 0, pageLoad: 300000, script: 30000}, unhandledPromptBehavior: dismiss and notify, webauthn:extension:credBlob: true, webauthn:extension:largeBlob: true, webauthn:extension:minPinLength: true, webauthn:extension:prf: true, webauthn:virtualAuthenticators: true}
Session ID: a59c4df4811f82049fe754efe723d3c1
2024-04-17 17:50:49,779 [main] ERROR RotationCopy_test - Element did not become visible within the specified time: Expected condition failed: waiting for helper.WaitUtility$5@50b1dfab (tried for 30 second(s) with 500 milliseconds interval)
Build info: version: '3.141.59', revision: 'e82be7d358', time: '2018-11-14T08:17:03'
System info: host: 'DPLAP166', ip: '137.237.2.236', os.name: 'Windows 10', os.arch: 'amd64', os.version: '10.0', java.version: '19.0.1'
Driver info: org.openqa.selenium.support.events.EventFiringWebDriver
Capabilities {acceptInsecureCerts: true, browserName: chrome, browserVersion: 123.0.6312.123, chrome: {chromedriverVersion: 123.0.6312.122 (31f8248cdd9..., userDataDir: C:\Users\dP-PL\AppData\Loca...}, fedcm:accounts: true, goog:chromeOptions: {debuggerAddress: localhost:51256}, javascriptEnabled: true, networkConnectionEnabled: false, pageLoadStrategy: normal, platform: WINDOWS, platformName: WINDOWS, proxy: Proxy(), setWindowRect: true, strictFileInteractability: false, timeouts: {implicit: 0, pageLoad: 300000, script: 30000}, unhandledPromptBehavior: dismiss and notify, webauthn:extension:credBlob: true, webauthn:extension:largeBlob: true, webauthn:extension:minPinLength: true, webauthn:extension:prf: true, webauthn:virtualAuthenticators: true}
Session ID: a59c4df4811f82049fe754efe723d3c1
2024-04-17 17:50:49,779 [main] INFO  base.BaseClass - Trying to find Element By {by.toString()})
2024-04-17 17:50:49,796 [main] INFO  base.BaseClass - Found Element By {by.toString()}
2024-04-17 17:50:49,797 [main] INFO  base.BaseClass - Trying to click on: {element.toString()}
2024-04-17 17:50:49,906 [main] INFO  base.BaseClass - Clicked on: {element.toString()}
2024-04-17 17:50:49,912 [main] INFO  base.BaseClass - Trying to find Element By {by.toString()})
2024-04-17 17:50:49,947 [main] INFO  base.BaseClass - Found Element By {by.toString()}
2024-04-17 17:50:50,471 [main] INFO  base.BaseClass - Trying to find Element By {by.toString()})
2024-04-17 17:50:50,507 [main] INFO  base.BaseClass - Found Element By {by.toString()}
2024-04-17 17:50:51,053 [main] INFO  base.BaseClass - Trying to find Element By {by.toString()})
2024-04-17 17:50:51,085 [main] INFO  base.BaseClass - Found Element By {by.toString()}
2024-04-17 17:50:51,617 [main] INFO  base.BaseClass - Trying to find Element By {by.toString()})
2024-04-17 17:50:51,649 [main] INFO  base.BaseClass - Found Element By {by.toString()}
2024-04-17 17:50:52,195 [main] INFO  base.BaseClass - Trying to find Element By {by.toString()})
2024-04-17 17:50:52,209 [main] INFO  base.BaseClass - Found Element By {by.toString()}
2024-04-17 17:50:52,726 [main] INFO  base.BaseClass - Trying to find Element By {by.toString()})
2024-04-17 17:50:52,757 [main] INFO  base.BaseClass - Found Element By {by.toString()}
2024-04-17 17:50:53,305 [main] INFO  base.BaseClass - Trying to find Element By {by.toString()})
2024-04-17 17:50:53,337 [main] INFO  base.BaseClass - Found Element By {by.toString()}
2024-04-17 17:50:53,884 [main] INFO  base.BaseClass - Trying to find Element By {by.toString()})
2024-04-17 17:50:53,913 [main] INFO  base.BaseClass - Found Element By {by.toString()}
2024-04-17 17:50:54,447 [main] INFO  base.BaseClass - Trying to find Element By {by.toString()})
2024-04-17 17:50:54,477 [main] INFO  base.BaseClass - Found Element By {by.toString()}
2024-04-17 17:50:55,028 [main] INFO  base.BaseClass - Trying to find Element By {by.toString()})
2024-04-17 17:50:55,058 [main] INFO  base.BaseClass - Found Element By {by.toString()}
2024-04-17 17:50:55,606 [main] INFO  base.BaseClass - Trying to find Element By {by.toString()})
2024-04-17 17:50:55,637 [main] INFO  base.BaseClass - Found Element By {by.toString()}
2024-04-17 17:50:56,185 [main] INFO  base.BaseClass - Trying to find Element By {by.toString()})
2024-04-17 17:50:56,209 [main] INFO  base.BaseClass - Found Element By {by.toString()}
2024-04-17 17:50:56,746 [main] INFO  base.BaseClass - Trying to find Element By {by.toString()})
2024-04-17 17:50:56,772 [main] INFO  base.BaseClass - Found Element By {by.toString()}
2024-04-17 17:50:57,304 [main] INFO  base.BaseClass - Trying to find Element By {by.toString()})
2024-04-17 17:50:57,334 [main] INFO  base.BaseClass - Found Element By {by.toString()}
2024-04-17 17:50:57,869 [main] INFO  base.BaseClass - Trying to find Element By {by.toString()})
2024-04-17 17:50:57,899 [main] INFO  base.BaseClass - Found Element By {by.toString()}
2024-04-17 17:50:58,445 [main] INFO  base.BaseClass - Trying to find Element By {by.toString()})
2024-04-17 17:50:58,475 [main] INFO  base.BaseClass - Found Element By {by.toString()}
2024-04-17 17:50:59,023 [main] INFO  base.BaseClass - Trying to find Element By {by.toString()})
2024-04-17 17:50:59,044 [main] INFO  base.BaseClass - Found Element By {by.toString()}
2024-04-17 17:50:59,568 [main] INFO  base.BaseClass - Trying to find Element By {by.toString()})
2024-04-17 17:50:59,589 [main] INFO  base.BaseClass - Found Element By {by.toString()}
2024-04-17 17:51:00,115 [main] INFO  base.BaseClass - Trying to find Element By {by.toString()})
2024-04-17 17:51:00,140 [main] INFO  base.BaseClass - Found Element By {by.toString()}
2024-04-17 17:51:00,694 [main] INFO  base.BaseClass - Trying to find Element By {by.toString()})
2024-04-17 17:51:00,724 [main] INFO  base.BaseClass - Found Element By {by.toString()}
2024-04-17 17:51:01,273 [main] INFO  base.BaseClass - Trying to find Element By {by.toString()})
2024-04-17 17:51:01,288 [main] INFO  base.BaseClass - Found Element By {by.toString()}
2024-04-17 17:51:01,806 [main] INFO  base.BaseClass - Trying to find Element By {by.toString()})
2024-04-17 17:51:01,836 [main] INFO  base.BaseClass - Found Element By {by.toString()}
2024-04-17 17:51:02,382 [main] INFO  base.BaseClass - Trying to find Element By {by.toString()})
2024-04-17 17:51:02,414 [main] INFO  base.BaseClass - Found Element By {by.toString()}
2024-04-17 17:51:02,961 [main] INFO  base.BaseClass - Trying to find Element By {by.toString()})
2024-04-17 17:51:02,993 [main] INFO  base.BaseClass - Found Element By {by.toString()}
2024-04-17 17:51:03,526 [main] INFO  base.BaseClass - Trying to find Element By {by.toString()})
2024-04-17 17:51:03,556 [main] INFO  base.BaseClass - Found Element By {by.toString()}
2024-04-17 17:51:04,092 [main] INFO  base.BaseClass - Trying to find Element By {by.toString()})
2024-04-17 17:51:04,121 [main] INFO  base.BaseClass - Found Element By {by.toString()}
2024-04-17 17:51:04,651 [main] INFO  base.BaseClass - Trying to find Element By {by.toString()})
2024-04-17 17:51:04,678 [main] INFO  base.BaseClass - Found Element By {by.toString()}
2024-04-17 17:51:05,211 [main] INFO  base.BaseClass - Trying to find Element By {by.toString()})
2024-04-17 17:51:05,243 [main] INFO  base.BaseClass - Found Element By {by.toString()}
2024-04-17 17:51:05,790 [main] INFO  base.BaseClass - Trying to find Element By {by.toString()})
2024-04-17 17:51:05,819 [main] INFO  base.BaseClass - Found Element By {by.toString()}
2024-04-17 17:51:06,370 [main] INFO  base.BaseClass - Trying to find Element By {by.toString()})
2024-04-17 17:51:06,399 [main] INFO  base.BaseClass - Found Element By {by.toString()}
2024-04-17 17:51:06,950 [main] INFO  base.BaseClass - Trying to find Element By {by.toString()})
2024-04-17 17:51:06,979 [main] INFO  base.BaseClass - Found Element By {by.toString()}
2024-04-17 17:51:07,527 [main] INFO  base.BaseClass - Trying to find Element By {by.toString()})
2024-04-17 17:51:07,557 [main] INFO  base.BaseClass - Found Element By {by.toString()}
2024-04-17 17:51:08,104 [main] INFO  base.BaseClass - Trying to find Element By {by.toString()})
2024-04-17 17:51:08,133 [main] INFO  base.BaseClass - Found Element By {by.toString()}
2024-04-17 17:51:08,665 [main] INFO  base.BaseClass - Trying to find Element By {by.toString()})
2024-04-17 17:51:08,695 [main] INFO  base.BaseClass - Found Element By {by.toString()}
2024-04-17 17:51:09,244 [main] INFO  base.BaseClass - Trying to find Element By {by.toString()})
2024-04-17 17:51:09,274 [main] INFO  base.BaseClass - Found Element By {by.toString()}
2024-04-17 17:51:09,823 [main] INFO  base.BaseClass - Trying to find Element By {by.toString()})
2024-04-17 17:51:09,853 [main] INFO  base.BaseClass - Found Element By {by.toString()}
2024-04-17 17:51:10,400 [main] INFO  base.BaseClass - Trying to find Element By {by.toString()})
2024-04-17 17:51:10,430 [main] INFO  base.BaseClass - Found Element By {by.toString()}
2024-04-17 17:51:10,978 [main] INFO  base.BaseClass - Trying to find Element By {by.toString()})
2024-04-17 17:51:11,010 [main] INFO  base.BaseClass - Found Element By {by.toString()}
2024-04-17 17:51:11,556 [main] INFO  base.BaseClass - Trying to find Element By {by.toString()})
2024-04-17 17:51:11,586 [main] INFO  base.BaseClass - Found Element By {by.toString()}
2024-04-17 17:51:12,138 [main] INFO  base.BaseClass - Trying to find Element By {by.toString()})
2024-04-17 17:51:12,162 [main] INFO  base.BaseClass - Found Element By {by.toString()}
2024-04-17 17:51:12,715 [main] INFO  base.BaseClass - Trying to find Element By {by.toString()})
2024-04-17 17:51:12,747 [main] INFO  base.BaseClass - Found Element By {by.toString()}
2024-04-17 17:51:13,279 [main] INFO  base.BaseClass - Trying to find Element By {by.toString()})
2024-04-17 17:51:13,303 [main] INFO  base.BaseClass - Found Element By {by.toString()}
2024-04-17 17:51:13,840 [main] INFO  base.BaseClass - Trying to find Element By {by.toString()})
2024-04-17 17:51:13,856 [main] INFO  base.BaseClass - Found Element By {by.toString()}
2024-04-17 17:51:14,387 [main] INFO  base.BaseClass - Trying to find Element By {by.toString()})
2024-04-17 17:51:14,402 [main] INFO  base.BaseClass - Found Element By {by.toString()}
2024-04-17 17:51:14,932 [main] INFO  base.BaseClass - Trying to find Element By {by.toString()})
2024-04-17 17:51:14,954 [main] INFO  base.BaseClass - Found Element By {by.toString()}
2024-04-17 17:51:15,492 [main] INFO  base.BaseClass - Trying to find Element By {by.toString()})
2024-04-17 17:51:15,503 [main] INFO  base.BaseClass - Found Element By {by.toString()}
2024-04-17 17:51:16,023 [main] INFO  base.BaseClass - Trying to find Element By {by.toString()})
2024-04-17 17:51:16,057 [main] INFO  base.BaseClass - Found Element By {by.toString()}
2024-04-17 17:51:16,598 [main] INFO  base.BaseClass - Trying to find Element By {by.toString()})
2024-04-17 17:51:16,632 [main] INFO  base.BaseClass - Found Element By {by.toString()}
2024-04-17 17:51:17,190 [main] INFO  base.BaseClass - Trying to find Element By {by.toString()})
2024-04-17 17:51:17,214 [main] INFO  base.BaseClass - Found Element By {by.toString()}
2024-04-17 17:51:17,737 [main] INFO  base.BaseClass - Trying to find Element By {by.toString()})
2024-04-17 17:51:17,757 [main] INFO  base.BaseClass - Found Element By {by.toString()}
2024-04-17 17:51:18,297 [main] INFO  base.BaseClass - Trying to find Element By {by.toString()})
2024-04-17 17:51:18,327 [main] INFO  base.BaseClass - Found Element By {by.toString()}
2024-04-17 17:51:18,860 [main] INFO  base.BaseClass - Trying to find Element By {by.toString()})
2024-04-17 17:51:18,883 [main] INFO  base.BaseClass - Found Element By {by.toString()}
2024-04-17 17:51:19,436 [main] INFO  base.BaseClass - Trying to find Element By {by.toString()})
2024-04-17 17:51:19,472 [main] INFO  base.BaseClass - Found Element By {by.toString()}
2024-04-17 17:51:20,011 [main] INFO  base.BaseClass - Trying to find Element By {by.toString()})
2024-04-17 17:51:20,028 [main] INFO  base.BaseClass - Found Element By {by.toString()}
TimeoutException occurred: Expected condition failed: waiting for helper.WaitUtility$5@2a10a99b (tried for 30 second(s) with 500 milliseconds interval)
Build info: version: '3.141.59', revision: 'e82be7d358', time: '2018-11-14T08:17:03'
System info: host: 'DPLAP166', ip: '137.237.2.236', os.name: 'Windows 10', os.arch: 'amd64', os.version: '10.0', java.version: '19.0.1'
Driver info: org.openqa.selenium.support.events.EventFiringWebDriver
Capabilities {acceptInsecureCerts: true, browserName: chrome, browserVersion: 123.0.6312.123, chrome: {chromedriverVersion: 123.0.6312.122 (31f8248cdd9..., userDataDir: C:\Users\dP-PL\AppData\Loca...}, fedcm:accounts: true, goog:chromeOptions: {debuggerAddress: localhost:51256}, javascriptEnabled: true, networkConnectionEnabled: false, pageLoadStrategy: normal, platform: WINDOWS, platformName: WINDOWS, proxy: Proxy(), setWindowRect: true, strictFileInteractability: false, timeouts: {implicit: 0, pageLoad: 300000, script: 30000}, unhandledPromptBehavior: dismiss and notify, webauthn:extension:credBlob: true, webauthn:extension:largeBlob: true, webauthn:extension:minPinLength: true, webauthn:extension:prf: true, webauthn:virtualAuthenticators: true}
Session ID: a59c4df4811f82049fe754efe723d3c1
2024-04-17 17:51:20,049 [main] ERROR RotationCopy_test - Element did not become visible within the specified time: Expected condition failed: waiting for helper.WaitUtility$5@2a10a99b (tried for 30 second(s) with 500 milliseconds interval)
Build info: version: '3.141.59', revision: 'e82be7d358', time: '2018-11-14T08:17:03'
System info: host: 'DPLAP166', ip: '137.237.2.236', os.name: 'Windows 10', os.arch: 'amd64', os.version: '10.0', java.version: '19.0.1'
Driver info: org.openqa.selenium.support.events.EventFiringWebDriver
Capabilities {acceptInsecureCerts: true, browserName: chrome, browserVersion: 123.0.6312.123, chrome: {chromedriverVersion: 123.0.6312.122 (31f8248cdd9..., userDataDir: C:\Users\dP-PL\AppData\Loca...}, fedcm:accounts: true, goog:chromeOptions: {debuggerAddress: localhost:51256}, javascriptEnabled: true, networkConnectionEnabled: false, pageLoadStrategy: normal, platform: WINDOWS, platformName: WINDOWS, proxy: Proxy(), setWindowRect: true, strictFileInteractability: false, timeouts: {implicit: 0, pageLoad: 300000, script: 30000}, unhandledPromptBehavior: dismiss and notify, webauthn:extension:credBlob: true, webauthn:extension:largeBlob: true, webauthn:extension:minPinLength: true, webauthn:extension:prf: true, webauthn:virtualAuthenticators: true}
Session ID: a59c4df4811f82049fe754efe723d3c1
2024-04-17 17:51:20,050 [main] INFO  base.BaseClass - Trying to find Element By {by.toString()})
2024-04-17 17:51:20,059 [main] INFO  base.BaseClass - Found Element By {by.toString()}
2024-04-17 17:51:20,059 [main] INFO  base.BaseClass - Trying to click on: {element.toString()}
2024-04-17 17:51:20,122 [main] INFO  base.BaseClass - Clicked on: {element.toString()}
2024-04-17 17:51:20,129 [main] INFO  base.BaseClass - Trying to find Element By {by.toString()})
2024-04-17 17:51:20,142 [main] INFO  base.BaseClass - Found Element By {by.toString()}
2024-04-17 17:51:20,665 [main] INFO  base.BaseClass - Trying to find Element By {by.toString()})
2024-04-17 17:51:20,999 [main] INFO  base.BaseClass - Found Element By {by.toString()}
2024-04-17 17:51:21,521 [main] INFO  base.BaseClass - Trying to find Element By {by.toString()})
2024-04-17 17:51:21,534 [main] INFO  base.BaseClass - Found Element By {by.toString()}
2024-04-17 17:51:22,054 [main] INFO  base.BaseClass - Trying to find Element By {by.toString()})
2024-04-17 17:51:22,090 [main] INFO  base.BaseClass - Found Element By {by.toString()}
2024-04-17 17:51:22,631 [main] INFO  base.BaseClass - Trying to find Element By {by.toString()})
2024-04-17 17:51:22,663 [main] INFO  base.BaseClass - Found Element By {by.toString()}
2024-04-17 17:51:23,204 [main] INFO  base.BaseClass - Trying to find Element By {by.toString()})
2024-04-17 17:51:23,225 [main] INFO  base.BaseClass - Found Element By {by.toString()}
2024-04-17 17:51:23,750 [main] INFO  base.BaseClass - Trying to find Element By {by.toString()})
2024-04-17 17:51:23,775 [main] INFO  base.BaseClass - Found Element By {by.toString()}
2024-04-17 17:51:24,313 [main] INFO  base.BaseClass - Trying to find Element By {by.toString()})
2024-04-17 17:51:24,348 [main] INFO  base.BaseClass - Found Element By {by.toString()}
2024-04-17 17:51:24,888 [main] INFO  base.BaseClass - Trying to find Element By {by.toString()})
2024-04-17 17:51:24,919 [main] INFO  base.BaseClass - Found Element By {by.toString()}
2024-04-17 17:51:25,480 [main] INFO  base.BaseClass - Trying to find Element By {by.toString()})
2024-04-17 17:51:25,512 [main] INFO  base.BaseClass - Found Element By {by.toString()}
2024-04-17 17:51:26,058 [main] INFO  base.BaseClass - Trying to find Element By {by.toString()})
2024-04-17 17:51:26,087 [main] INFO  base.BaseClass - Found Element By {by.toString()}
2024-04-17 17:51:26,637 [main] INFO  base.BaseClass - Trying to find Element By {by.toString()})
2024-04-17 17:51:26,667 [main] INFO  base.BaseClass - Found Element By {by.toString()}
2024-04-17 17:51:27,218 [main] INFO  base.BaseClass - Trying to find Element By {by.toString()})
2024-04-17 17:51:27,237 [main] INFO  base.BaseClass - Found Element By {by.toString()}
2024-04-17 17:51:27,766 [main] INFO  base.BaseClass - Trying to find Element By {by.toString()})
2024-04-17 17:51:27,798 [main] INFO  base.BaseClass - Found Element By {by.toString()}
2024-04-17 17:51:28,347 [main] INFO  base.BaseClass - Trying to find Element By {by.toString()})
2024-04-17 17:51:28,379 [main] INFO  base.BaseClass - Found Element By {by.toString()}
2024-04-17 17:51:28,930 [main] INFO  base.BaseClass - Trying to find Element By {by.toString()})
2024-04-17 17:51:28,941 [main] INFO  base.BaseClass - Found Element By {by.toString()}
2024-04-17 17:51:29,463 [main] INFO  base.BaseClass - Trying to find Element By {by.toString()})
2024-04-17 17:51:29,493 [main] INFO  base.BaseClass - Found Element By {by.toString()}
2024-04-17 17:51:30,058 [main] INFO  base.BaseClass - Trying to find Element By {by.toString()})
2024-04-17 17:51:30,090 [main] INFO  base.BaseClass - Found Element By {by.toString()}
2024-04-17 17:51:30,633 [main] INFO  base.BaseClass - Trying to find Element By {by.toString()})
2024-04-17 17:51:30,650 [main] INFO  base.BaseClass - Found Element By {by.toString()}
2024-04-17 17:51:31,179 [main] INFO  base.BaseClass - Trying to find Element By {by.toString()})
2024-04-17 17:51:31,210 [main] INFO  base.BaseClass - Found Element By {by.toString()}
2024-04-17 17:51:31,756 [main] INFO  base.BaseClass - Trying to find Element By {by.toString()})
2024-04-17 17:51:31,788 [main] INFO  base.BaseClass - Found Element By {by.toString()}
2024-04-17 17:51:32,336 [main] INFO  base.BaseClass - Trying to find Element By {by.toString()})
2024-04-17 17:51:32,368 [main] INFO  base.BaseClass - Found Element By {by.toString()}
2024-04-17 17:51:32,912 [main] INFO  base.BaseClass - Trying to find Element By {by.toString()})
2024-04-17 17:51:32,942 [main] INFO  base.BaseClass - Found Element By {by.toString()}
2024-04-17 17:51:33,491 [main] INFO  base.BaseClass - Trying to find Element By {by.toString()})
2024-04-17 17:51:33,511 [main] INFO  base.BaseClass - Found Element By {by.toString()}
2024-04-17 17:51:34,054 [main] INFO  base.BaseClass - Trying to find Element By {by.toString()})
2024-04-17 17:51:34,084 [main] INFO  base.BaseClass - Found Element By {by.toString()}
2024-04-17 17:51:34,622 [main] INFO  base.BaseClass - Trying to find Element By {by.toString()})
2024-04-17 17:51:34,652 [main] INFO  base.BaseClass - Found Element By {by.toString()}
2024-04-17 17:51:35,201 [main] INFO  base.BaseClass - Trying to find Element By {by.toString()})
2024-04-17 17:51:35,226 [main] INFO  base.BaseClass - Found Element By {by.toString()}
2024-04-17 17:51:35,769 [main] INFO  base.BaseClass - Trying to find Element By {by.toString()})
2024-04-17 17:51:35,801 [main] INFO  base.BaseClass - Found Element By {by.toString()}
2024-04-17 17:51:36,349 [main] INFO  base.BaseClass - Trying to find Element By {by.toString()})
2024-04-17 17:51:36,373 [main] INFO  base.BaseClass - Found Element By {by.toString()}
2024-04-17 17:51:36,926 [main] INFO  base.BaseClass - Trying to find Element By {by.toString()})
2024-04-17 17:51:36,957 [main] INFO  base.BaseClass - Found Element By {by.toString()}
2024-04-17 17:51:37,504 [main] INFO  base.BaseClass - Trying to find Element By {by.toString()})
2024-04-17 17:51:37,535 [main] INFO  base.BaseClass - Found Element By {by.toString()}
2024-04-17 17:51:38,083 [main] INFO  base.BaseClass - Trying to find Element By {by.toString()})
2024-04-17 17:51:38,113 [main] INFO  base.BaseClass - Found Element By {by.toString()}
2024-04-17 17:51:38,661 [main] INFO  base.BaseClass - Trying to find Element By {by.toString()})
2024-04-17 17:51:38,692 [main] INFO  base.BaseClass - Found Element By {by.toString()}
2024-04-17 17:51:39,239 [main] INFO  base.BaseClass - Trying to find Element By {by.toString()})
2024-04-17 17:51:39,269 [main] INFO  base.BaseClass - Found Element By {by.toString()}
2024-04-17 17:51:39,817 [main] INFO  base.BaseClass - Trying to find Element By {by.toString()})
2024-04-17 17:51:39,847 [main] INFO  base.BaseClass - Found Element By {by.toString()}
2024-04-17 17:51:40,380 [main] INFO  base.BaseClass - Trying to find Element By {by.toString()})
2024-04-17 17:51:40,411 [main] INFO  base.BaseClass - Found Element By {by.toString()}
2024-04-17 17:51:40,957 [main] INFO  base.BaseClass - Trying to find Element By {by.toString()})
2024-04-17 17:51:40,987 [main] INFO  base.BaseClass - Found Element By {by.toString()}
2024-04-17 17:51:41,535 [main] INFO  base.BaseClass - Trying to find Element By {by.toString()})
2024-04-17 17:51:41,567 [main] INFO  base.BaseClass - Found Element By {by.toString()}
2024-04-17 17:51:42,117 [main] INFO  base.BaseClass - Trying to find Element By {by.toString()})
2024-04-17 17:51:42,149 [main] INFO  base.BaseClass - Found Element By {by.toString()}
2024-04-17 17:51:42,697 [main] INFO  base.BaseClass - Trying to find Element By {by.toString()})
2024-04-17 17:51:42,713 [main] INFO  base.BaseClass - Found Element By {by.toString()}
2024-04-17 17:51:43,245 [main] INFO  base.BaseClass - Trying to find Element By {by.toString()})
2024-04-17 17:51:43,273 [main] INFO  base.BaseClass - Found Element By {by.toString()}
2024-04-17 17:51:43,808 [main] INFO  base.BaseClass - Trying to find Element By {by.toString()})
2024-04-17 17:51:43,839 [main] INFO  base.BaseClass - Found Element By {by.toString()}
2024-04-17 17:51:44,384 [main] INFO  base.BaseClass - Trying to find Element By {by.toString()})
2024-04-17 17:51:44,397 [main] INFO  base.BaseClass - Found Element By {by.toString()}
2024-04-17 17:51:44,919 [main] INFO  base.BaseClass - Trying to find Element By {by.toString()})
2024-04-17 17:51:44,948 [main] INFO  base.BaseClass - Found Element By {by.toString()}
2024-04-17 17:51:45,484 [main] INFO  base.BaseClass - Trying to find Element By {by.toString()})
2024-04-17 17:51:45,515 [main] INFO  base.BaseClass - Found Element By {by.toString()}
2024-04-17 17:51:46,064 [main] INFO  base.BaseClass - Trying to find Element By {by.toString()})
2024-04-17 17:51:46,095 [main] INFO  base.BaseClass - Found Element By {by.toString()}
2024-04-17 17:51:46,644 [main] INFO  base.BaseClass - Trying to find Element By {by.toString()})
2024-04-17 17:51:46,673 [main] INFO  base.BaseClass - Found Element By {by.toString()}
2024-04-17 17:51:47,226 [main] INFO  base.BaseClass - Trying to find Element By {by.toString()})
2024-04-17 17:51:47,242 [main] INFO  base.BaseClass - Found Element By {by.toString()}
2024-04-17 17:51:47,774 [main] INFO  base.BaseClass - Trying to find Element By {by.toString()})
2024-04-17 17:51:47,803 [main] INFO  base.BaseClass - Found Element By {by.toString()}
2024-04-17 17:51:48,353 [main] INFO  base.BaseClass - Trying to find Element By {by.toString()})
2024-04-17 17:51:48,384 [main] INFO  base.BaseClass - Found Element By {by.toString()}
2024-04-17 17:51:48,918 [main] INFO  base.BaseClass - Trying to find Element By {by.toString()})
2024-04-17 17:51:48,950 [main] INFO  base.BaseClass - Found Element By {by.toString()}
2024-04-17 17:51:49,499 [main] INFO  base.BaseClass - Trying to find Element By {by.toString()})
2024-04-17 17:51:49,530 [main] INFO  base.BaseClass - Found Element By {by.toString()}
2024-04-17 17:51:50,079 [main] INFO  base.BaseClass - Trying to find Element By {by.toString()})
2024-04-17 17:51:50,107 [main] INFO  base.BaseClass - Found Element By {by.toString()}
TimeoutException occurred: Expected condition failed: waiting for helper.WaitUtility$5@45c8db36 (tried for 30 second(s) with 500 milliseconds interval)
Build info: version: '3.141.59', revision: 'e82be7d358', time: '2018-11-14T08:17:03'
System info: host: 'DPLAP166', ip: '137.237.2.236', os.name: 'Windows 10', os.arch: 'amd64', os.version: '10.0', java.version: '19.0.1'
Driver info: org.openqa.selenium.support.events.EventFiringWebDriver
Capabilities {acceptInsecureCerts: true, browserName: chrome, browserVersion: 123.0.6312.123, chrome: {chromedriverVersion: 123.0.6312.122 (31f8248cdd9..., userDataDir: C:\Users\dP-PL\AppData\Loca...}, fedcm:accounts: true, goog:chromeOptions: {debuggerAddress: localhost:51256}, javascriptEnabled: true, networkConnectionEnabled: false, pageLoadStrategy: normal, platform: WINDOWS, platformName: WINDOWS, proxy: Proxy(), setWindowRect: true, strictFileInteractability: false, timeouts: {implicit: 0, pageLoad: 300000, script: 30000}, unhandledPromptBehavior: dismiss and notify, webauthn:extension:credBlob: true, webauthn:extension:largeBlob: true, webauthn:extension:minPinLength: true, webauthn:extension:prf: true, webauthn:virtualAuthenticators: true}
Session ID: a59c4df4811f82049fe754efe723d3c1
2024-04-17 17:51:50,152 [main] ERROR RotationCopy_test - Element did not become visible within the specified time: Expected condition failed: waiting for helper.WaitUtility$5@45c8db36 (tried for 30 second(s) with 500 milliseconds interval)
Build info: version: '3.141.59', revision: 'e82be7d358', time: '2018-11-14T08:17:03'
System info: host: 'DPLAP166', ip: '137.237.2.236', os.name: 'Windows 10', os.arch: 'amd64', os.version: '10.0', java.version: '19.0.1'
Driver info: org.openqa.selenium.support.events.EventFiringWebDriver
Capabilities {acceptInsecureCerts: true, browserName: chrome, browserVersion: 123.0.6312.123, chrome: {chromedriverVersion: 123.0.6312.122 (31f8248cdd9..., userDataDir: C:\Users\dP-PL\AppData\Loca...}, fedcm:accounts: true, goog:chromeOptions: {debuggerAddress: localhost:51256}, javascriptEnabled: true, networkConnectionEnabled: false, pageLoadStrategy: normal, platform: WINDOWS, platformName: WINDOWS, proxy: Proxy(), setWindowRect: true, strictFileInteractability: false, timeouts: {implicit: 0, pageLoad: 300000, script: 30000}, unhandledPromptBehavior: dismiss and notify, webauthn:extension:credBlob: true, webauthn:extension:largeBlob: true, webauthn:extension:minPinLength: true, webauthn:extension:prf: true, webauthn:virtualAuthenticators: true}
Session ID: a59c4df4811f82049fe754efe723d3c1
2024-04-17 17:51:50,152 [main] INFO  base.BaseClass - Trying to find Element By {by.toString()})
2024-04-17 17:51:50,178 [main] INFO  base.BaseClass - Found Element By {by.toString()}
2024-04-17 17:51:50,178 [main] INFO  base.BaseClass - Trying to click on: {element.toString()}
2024-04-17 17:51:50,294 [main] INFO  base.BaseClass - Clicked on: {element.toString()}
2024-04-17 17:51:50,294 [main] INFO  base.BaseClass - Trying to find Element By {by.toString()})
2024-04-17 17:51:51,163 [main] INFO  base.BaseClass - Found Element By {by.toString()}
2024-04-17 17:51:51,680 [main] INFO  base.BaseClass - Trying to find Element By {by.toString()})
2024-04-17 17:51:51,714 [main] INFO  base.BaseClass - Found Element By {by.toString()}
2024-04-17 17:51:52,262 [main] INFO  base.BaseClass - Trying to find Element By {by.toString()})
2024-04-17 17:51:52,295 [main] INFO  base.BaseClass - Found Element By {by.toString()}
2024-04-17 17:51:52,838 [main] INFO  base.BaseClass - Trying to find Element By {by.toString()})
2024-04-17 17:51:52,872 [main] INFO  base.BaseClass - Found Element By {by.toString()}
2024-04-17 17:51:53,429 [main] INFO  base.BaseClass - Trying to find Element By {by.toString()})
2024-04-17 17:51:53,445 [main] INFO  base.BaseClass - Found Element By {by.toString()}
2024-04-17 17:51:53,975 [main] INFO  base.BaseClass - Trying to find Element By {by.toString()})
2024-04-17 17:51:54,009 [main] INFO  base.BaseClass - Found Element By {by.toString()}
2024-04-17 17:51:54,555 [main] INFO  base.BaseClass - Trying to find Element By {by.toString()})
2024-04-17 17:51:54,587 [main] INFO  base.BaseClass - Found Element By {by.toString()}
2024-04-17 17:51:55,135 [main] INFO  base.BaseClass - Trying to find Element By {by.toString()})
2024-04-17 17:51:55,167 [main] INFO  base.BaseClass - Found Element By {by.toString()}
2024-04-17 17:51:55,712 [main] INFO  base.BaseClass - Trying to find Element By {by.toString()})
2024-04-17 17:51:55,744 [main] INFO  base.BaseClass - Found Element By {by.toString()}
2024-04-17 17:51:56,292 [main] INFO  base.BaseClass - Trying to find Element By {by.toString()})
2024-04-17 17:51:56,313 [main] INFO  base.BaseClass - Found Element By {by.toString()}
2024-04-17 17:51:56,840 [main] INFO  base.BaseClass - Trying to find Element By {by.toString()})
2024-04-17 17:51:56,862 [main] INFO  base.BaseClass - Found Element By {by.toString()}
2024-04-17 17:51:57,389 [main] INFO  base.BaseClass - Trying to find Element By {by.toString()})
2024-04-17 17:51:57,421 [main] INFO  base.BaseClass - Found Element By {by.toString()}
2024-04-17 17:51:57,956 [main] INFO  base.BaseClass - Trying to find Element By {by.toString()})
2024-04-17 17:51:57,982 [main] INFO  base.BaseClass - Found Element By {by.toString()}
2024-04-17 17:51:58,507 [main] INFO  base.BaseClass - Trying to find Element By {by.toString()})
2024-04-17 17:51:58,538 [main] INFO  base.BaseClass - Found Element By {by.toString()}
2024-04-17 17:51:59,085 [main] INFO  base.BaseClass - Trying to find Element By {by.toString()})
2024-04-17 17:51:59,116 [main] INFO  base.BaseClass - Found Element By {by.toString()}
2024-04-17 17:51:59,660 [main] INFO  base.BaseClass - Trying to find Element By {by.toString()})
2024-04-17 17:51:59,691 [main] INFO  base.BaseClass - Found Element By {by.toString()}
2024-04-17 17:52:00,241 [main] INFO  base.BaseClass - Trying to find Element By {by.toString()})
2024-04-17 17:52:00,274 [main] INFO  base.BaseClass - Found Element By {by.toString()}
2024-04-17 17:52:00,818 [main] INFO  base.BaseClass - Trying to find Element By {by.toString()})
2024-04-17 17:52:00,849 [main] INFO  base.BaseClass - Found Element By {by.toString()}
2024-04-17 17:52:01,398 [main] INFO  base.BaseClass - Trying to find Element By {by.toString()})
2024-04-17 17:52:01,431 [main] INFO  base.BaseClass - Found Element By {by.toString()}
2024-04-17 17:52:01,966 [main] INFO  base.BaseClass - Trying to find Element By {by.toString()})
2024-04-17 17:52:01,982 [main] INFO  base.BaseClass - Found Element By {by.toString()}
2024-04-17 17:52:02,513 [main] INFO  base.BaseClass - Trying to find Element By {by.toString()})
2024-04-17 17:52:02,557 [main] INFO  base.BaseClass - Found Element By {by.toString()}
2024-04-17 17:52:03,078 [main] INFO  base.BaseClass - Trying to find Element By {by.toString()})
2024-04-17 17:52:03,114 [main] INFO  base.BaseClass - Found Element By {by.toString()}
2024-04-17 17:52:03,658 [main] INFO  base.BaseClass - Trying to find Element By {by.toString()})
2024-04-17 17:52:03,692 [main] INFO  base.BaseClass - Found Element By {by.toString()}
2024-04-17 17:52:04,238 [main] INFO  base.BaseClass - Trying to find Element By {by.toString()})
2024-04-17 17:52:04,270 [main] INFO  base.BaseClass - Found Element By {by.toString()}
2024-04-17 17:52:04,818 [main] INFO  base.BaseClass - Trying to find Element By {by.toString()})
2024-04-17 17:52:04,849 [main] INFO  base.BaseClass - Found Element By {by.toString()}
2024-04-17 17:52:05,399 [main] INFO  base.BaseClass - Trying to find Element By {by.toString()})
2024-04-17 17:52:05,430 [main] INFO  base.BaseClass - Found Element By {by.toString()}
2024-04-17 17:52:05,980 [main] INFO  base.BaseClass - Trying to find Element By {by.toString()})
2024-04-17 17:52:06,012 [main] INFO  base.BaseClass - Found Element By {by.toString()}
2024-04-17 17:52:06,575 [main] INFO  base.BaseClass - Trying to find Element By {by.toString()})
2024-04-17 17:52:06,605 [main] INFO  base.BaseClass - Found Element By {by.toString()}
2024-04-17 17:52:07,152 [main] INFO  base.BaseClass - Trying to find Element By {by.toString()})
2024-04-17 17:52:07,184 [main] INFO  base.BaseClass - Found Element By {by.toString()}
2024-04-17 17:52:07,728 [main] INFO  base.BaseClass - Trying to find Element By {by.toString()})
2024-04-17 17:52:07,759 [main] INFO  base.BaseClass - Found Element By {by.toString()}
2024-04-17 17:52:08,306 [main] INFO  base.BaseClass - Trying to find Element By {by.toString()})
2024-04-17 17:52:08,323 [main] INFO  base.BaseClass - Found Element By {by.toString()}
2024-04-17 17:52:08,838 [main] INFO  base.BaseClass - Trying to find Element By {by.toString()})
2024-04-17 17:52:08,872 [main] INFO  base.BaseClass - Found Element By {by.toString()}
2024-04-17 17:52:09,414 [main] INFO  base.BaseClass - Trying to find Element By {by.toString()})
2024-04-17 17:52:09,445 [main] INFO  base.BaseClass - Found Element By {by.toString()}
2024-04-17 17:52:09,993 [main] INFO  base.BaseClass - Trying to find Element By {by.toString()})
2024-04-17 17:52:10,024 [main] INFO  base.BaseClass - Found Element By {by.toString()}
2024-04-17 17:52:10,568 [main] INFO  base.BaseClass - Trying to find Element By {by.toString()})
2024-04-17 17:52:10,599 [main] INFO  base.BaseClass - Found Element By {by.toString()}
2024-04-17 17:52:11,146 [main] INFO  base.BaseClass - Trying to find Element By {by.toString()})
2024-04-17 17:52:11,177 [main] INFO  base.BaseClass - Found Element By {by.toString()}
2024-04-17 17:52:11,722 [main] INFO  base.BaseClass - Trying to find Element By {by.toString()})
2024-04-17 17:52:11,754 [main] INFO  base.BaseClass - Found Element By {by.toString()}
2024-04-17 17:52:12,300 [main] INFO  base.BaseClass - Trying to find Element By {by.toString()})
2024-04-17 17:52:12,332 [main] INFO  base.BaseClass - Found Element By {by.toString()}
2024-04-17 17:52:12,879 [main] INFO  base.BaseClass - Trying to find Element By {by.toString()})
2024-04-17 17:52:12,896 [main] INFO  base.BaseClass - Found Element By {by.toString()}
2024-04-17 17:52:13,427 [main] INFO  base.BaseClass - Trying to find Element By {by.toString()})
2024-04-17 17:52:13,457 [main] INFO  base.BaseClass - Found Element By {by.toString()}
2024-04-17 17:52:13,990 [main] INFO  base.BaseClass - Trying to find Element By {by.toString()})
2024-04-17 17:52:14,021 [main] INFO  base.BaseClass - Found Element By {by.toString()}
2024-04-17 17:52:14,570 [main] INFO  base.BaseClass - Trying to find Element By {by.toString()})
2024-04-17 17:52:14,588 [main] INFO  base.BaseClass - Found Element By {by.toString()}
2024-04-17 17:52:15,117 [main] INFO  base.BaseClass - Trying to find Element By {by.toString()})
2024-04-17 17:52:15,149 [main] INFO  base.BaseClass - Found Element By {by.toString()}
2024-04-17 17:52:15,684 [main] INFO  base.BaseClass - Trying to find Element By {by.toString()})
2024-04-17 17:52:15,715 [main] INFO  base.BaseClass - Found Element By {by.toString()}
2024-04-17 17:52:16,261 [main] INFO  base.BaseClass - Trying to find Element By {by.toString()})
2024-04-17 17:52:16,292 [main] INFO  base.BaseClass - Found Element By {by.toString()}
2024-04-17 17:52:16,838 [main] INFO  base.BaseClass - Trying to find Element By {by.toString()})
2024-04-17 17:52:16,868 [main] INFO  base.BaseClass - Found Element By {by.toString()}
2024-04-17 17:52:17,415 [main] INFO  base.BaseClass - Trying to find Element By {by.toString()})
2024-04-17 17:52:17,447 [main] INFO  base.BaseClass - Found Element By {by.toString()}
2024-04-17 17:52:17,980 [main] INFO  base.BaseClass - Trying to find Element By {by.toString()})
2024-04-17 17:52:18,013 [main] INFO  base.BaseClass - Found Element By {by.toString()}
2024-04-17 17:52:18,561 [main] INFO  base.BaseClass - Trying to find Element By {by.toString()})
2024-04-17 17:52:18,590 [main] INFO  base.BaseClass - Found Element By {by.toString()}
2024-04-17 17:52:19,126 [main] INFO  base.BaseClass - Trying to find Element By {by.toString()})
2024-04-17 17:52:19,160 [main] INFO  base.BaseClass - Found Element By {by.toString()}
2024-04-17 17:52:19,704 [main] INFO  base.BaseClass - Trying to find Element By {by.toString()})
2024-04-17 17:52:19,735 [main] INFO  base.BaseClass - Found Element By {by.toString()}
2024-04-17 17:52:20,284 [main] INFO  base.BaseClass - Trying to find Element By {by.toString()})
2024-04-17 17:52:20,316 [main] INFO  base.BaseClass - Found Element By {by.toString()}
TimeoutException occurred: Expected condition failed: waiting for helper.WaitUtility$5@8b329ae (tried for 30 second(s) with 500 milliseconds interval)
Build info: version: '3.141.59', revision: 'e82be7d358', time: '2018-11-14T08:17:03'
System info: host: 'DPLAP166', ip: '137.237.2.236', os.name: 'Windows 10', os.arch: 'amd64', os.version: '10.0', java.version: '19.0.1'
Driver info: org.openqa.selenium.support.events.EventFiringWebDriver
Capabilities {acceptInsecureCerts: true, browserName: chrome, browserVersion: 123.0.6312.123, chrome: {chromedriverVersion: 123.0.6312.122 (31f8248cdd9..., userDataDir: C:\Users\dP-PL\AppData\Loca...}, fedcm:accounts: true, goog:chromeOptions: {debuggerAddress: localhost:51256}, javascriptEnabled: true, networkConnectionEnabled: false, pageLoadStrategy: normal, platform: WINDOWS, platformName: WINDOWS, proxy: Proxy(), setWindowRect: true, strictFileInteractability: false, timeouts: {implicit: 0, pageLoad: 300000, script: 30000}, unhandledPromptBehavior: dismiss and notify, webauthn:extension:credBlob: true, webauthn:extension:largeBlob: true, webauthn:extension:minPinLength: true, webauthn:extension:prf: true, webauthn:virtualAuthenticators: true}
Session ID: a59c4df4811f82049fe754efe723d3c1
2024-04-17 17:52:20,355 [main] ERROR RotationCopy_test - Element did not become visible within the specified time: Expected condition failed: waiting for helper.WaitUtility$5@8b329ae (tried for 30 second(s) with 500 milliseconds interval)
Build info: version: '3.141.59', revision: 'e82be7d358', time: '2018-11-14T08:17:03'
System info: host: 'DPLAP166', ip: '137.237.2.236', os.name: 'Windows 10', os.arch: 'amd64', os.version: '10.0', java.version: '19.0.1'
Driver info: org.openqa.selenium.support.events.EventFiringWebDriver
Capabilities {acceptInsecureCerts: true, browserName: chrome, browserVersion: 123.0.6312.123, chrome: {chromedriverVersion: 123.0.6312.122 (31f8248cdd9..., userDataDir: C:\Users\dP-PL\AppData\Loca...}, fedcm:accounts: true, goog:chromeOptions: {debuggerAddress: localhost:51256}, javascriptEnabled: true, networkConnectionEnabled: false, pageLoadStrategy: normal, platform: WINDOWS, platformName: WINDOWS, proxy: Proxy(), setWindowRect: true, strictFileInteractability: false, timeouts: {implicit: 0, pageLoad: 300000, script: 30000}, unhandledPromptBehavior: dismiss and notify, webauthn:extension:credBlob: true, webauthn:extension:largeBlob: true, webauthn:extension:minPinLength: true, webauthn:extension:prf: true, webauthn:virtualAuthenticators: true}
Session ID: a59c4df4811f82049fe754efe723d3c1
2024-04-17 17:52:20,355 [main] INFO  base.BaseClass - Trying to find Element By {by.toString()})
2024-04-17 17:52:20,390 [main] INFO  base.BaseClass - Found Element By {by.toString()}
2024-04-17 17:52:20,390 [main] INFO  base.BaseClass - Trying to click on: {element.toString()}
2024-04-17 17:52:20,459 [main] INFO  base.BaseClass - Clicked on: {element.toString()}
2024-04-17 17:52:20,459 [main] INFO  base.BaseClass - Trying to find Element By {by.toString()})
2024-04-17 17:52:20,472 [main] INFO  base.BaseClass - Found Element By {by.toString()}
2024-04-17 17:52:21,000 [main] INFO  base.BaseClass - Trying to find Element By {by.toString()})
2024-04-17 17:52:21,032 [main] INFO  base.BaseClass - Found Element By {by.toString()}
2024-04-17 17:52:21,592 [main] INFO  base.BaseClass - Trying to find Element By {by.toString()})
2024-04-17 17:52:21,612 [main] INFO  base.BaseClass - Found Element By {by.toString()}
2024-04-17 17:52:22,139 [main] INFO  base.BaseClass - Trying to find Element By {by.toString()})
2024-04-17 17:52:22,170 [main] INFO  base.BaseClass - Found Element By {by.toString()}
2024-04-17 17:52:22,717 [main] INFO  base.BaseClass - Trying to find Element By {by.toString()})
2024-04-17 17:52:22,748 [main] INFO  base.BaseClass - Found Element By {by.toString()}
2024-04-17 17:52:23,297 [main] INFO  base.BaseClass - Trying to find Element By {by.toString()})
2024-04-17 17:52:23,328 [main] INFO  base.BaseClass - Found Element By {by.toString()}
2024-04-17 17:52:23,876 [main] INFO  base.BaseClass - Trying to find Element By {by.toString()})
2024-04-17 17:52:23,907 [main] INFO  base.BaseClass - Found Element By {by.toString()}
2024-04-17 17:52:24,456 [main] INFO  base.BaseClass - Trying to find Element By {by.toString()})
2024-04-17 17:52:24,487 [main] INFO  base.BaseClass - Found Element By {by.toString()}
2024-04-17 17:52:25,035 [main] INFO  base.BaseClass - Trying to find Element By {by.toString()})
2024-04-17 17:52:25,067 [main] INFO  base.BaseClass - Found Element By {by.toString()}
2024-04-17 17:52:25,613 [main] INFO  base.BaseClass - Trying to find Element By {by.toString()})
2024-04-17 17:52:25,633 [main] INFO  base.BaseClass - Found Element By {by.toString()}
2024-04-17 17:52:26,172 [main] INFO  base.BaseClass - Trying to find Element By {by.toString()})
2024-04-17 17:52:26,205 [main] INFO  base.BaseClass - Found Element By {by.toString()}
2024-04-17 17:52:26,749 [main] INFO  base.BaseClass - Trying to find Element By {by.toString()})
2024-04-17 17:52:26,781 [main] INFO  base.BaseClass - Found Element By {by.toString()}
2024-04-17 17:52:27,323 [main] INFO  base.BaseClass - Trying to find Element By {by.toString()})
2024-04-17 17:52:27,353 [main] INFO  base.BaseClass - Found Element By {by.toString()}
2024-04-17 17:52:27,905 [main] INFO  base.BaseClass - Trying to find Element By {by.toString()})
2024-04-17 17:52:27,937 [main] INFO  base.BaseClass - Found Element By {by.toString()}
2024-04-17 17:52:28,482 [main] INFO  base.BaseClass - Trying to find Element By {by.toString()})
2024-04-17 17:52:28,509 [main] INFO  base.BaseClass - Found Element By {by.toString()}
2024-04-17 17:52:29,029 [main] INFO  base.BaseClass - Trying to find Element By {by.toString()})
2024-04-17 17:52:29,055 [main] INFO  base.BaseClass - Found Element By {by.toString()}
2024-04-17 17:52:29,587 [main] INFO  base.BaseClass - Trying to find Element By {by.toString()})
2024-04-17 17:52:29,618 [main] INFO  base.BaseClass - Found Element By {by.toString()}
2024-04-17 17:52:30,167 [main] INFO  base.BaseClass - Trying to find Element By {by.toString()})
2024-04-17 17:52:30,199 [main] INFO  base.BaseClass - Found Element By {by.toString()}
2024-04-17 17:52:30,734 [main] INFO  base.BaseClass - Trying to find Element By {by.toString()})
2024-04-17 17:52:30,765 [main] INFO  base.BaseClass - Found Element By {by.toString()}
2024-04-17 17:52:31,313 [main] INFO  base.BaseClass - Trying to find Element By {by.toString()})
2024-04-17 17:52:31,346 [main] INFO  base.BaseClass - Found Element By {by.toString()}
2024-04-17 17:52:31,891 [main] INFO  base.BaseClass - Trying to find Element By {by.toString()})
2024-04-17 17:52:31,921 [main] INFO  base.BaseClass - Found Element By {by.toString()}
2024-04-17 17:52:32,470 [main] INFO  base.BaseClass - Trying to find Element By {by.toString()})
2024-04-17 17:52:32,501 [main] INFO  base.BaseClass - Found Element By {by.toString()}
2024-04-17 17:52:33,050 [main] INFO  base.BaseClass - Trying to find Element By {by.toString()})
2024-04-17 17:52:33,081 [main] INFO  base.BaseClass - Found Element By {by.toString()}
2024-04-17 17:52:33,642 [main] INFO  base.BaseClass - Trying to find Element By {by.toString()})
2024-04-17 17:52:33,667 [main] INFO  base.BaseClass - Found Element By {by.toString()}
2024-04-17 17:52:34,190 [main] INFO  base.BaseClass - Trying to find Element By {by.toString()})
2024-04-17 17:52:34,220 [main] INFO  base.BaseClass - Found Element By {by.toString()}
2024-04-17 17:52:34,769 [main] INFO  base.BaseClass - Trying to find Element By {by.toString()})
2024-04-17 17:52:34,898 [main] INFO  base.BaseClass - Found Element By {by.toString()}
2024-04-17 17:52:35,426 [main] INFO  base.BaseClass - Trying to find Element By {by.toString()})
2024-04-17 17:52:35,460 [main] INFO  base.BaseClass - Found Element By {by.toString()}
2024-04-17 17:52:36,003 [main] INFO  base.BaseClass - Trying to find Element By {by.toString()})
2024-04-17 17:52:36,038 [main] INFO  base.BaseClass - Found Element By {by.toString()}
2024-04-17 17:52:36,579 [main] INFO  base.BaseClass - Trying to find Element By {by.toString()})
2024-04-17 17:52:36,637 [main] INFO  base.BaseClass - Found Element By {by.toString()}
2024-04-17 17:52:37,155 [main] INFO  base.BaseClass - Trying to find Element By {by.toString()})
2024-04-17 17:52:37,188 [main] INFO  base.BaseClass - Found Element By {by.toString()}
2024-04-17 17:52:37,734 [main] INFO  base.BaseClass - Trying to find Element By {by.toString()})
2024-04-17 17:52:37,765 [main] INFO  base.BaseClass - Found Element By {by.toString()}
2024-04-17 17:52:38,313 [main] INFO  base.BaseClass - Trying to find Element By {by.toString()})
2024-04-17 17:52:38,327 [main] INFO  base.BaseClass - Found Element By {by.toString()}
2024-04-17 17:52:38,848 [main] INFO  base.BaseClass - Trying to find Element By {by.toString()})
2024-04-17 17:52:38,878 [main] INFO  base.BaseClass - Found Element By {by.toString()}
2024-04-17 17:52:39,425 [main] INFO  base.BaseClass - Trying to find Element By {by.toString()})
2024-04-17 17:52:39,453 [main] INFO  base.BaseClass - Found Element By {by.toString()}
2024-04-17 17:52:39,986 [main] INFO  base.BaseClass - Trying to find Element By {by.toString()})
2024-04-17 17:52:40,018 [main] INFO  base.BaseClass - Found Element By {by.toString()}
2024-04-17 17:52:40,564 [main] INFO  base.BaseClass - Trying to find Element By {by.toString()})
2024-04-17 17:52:40,594 [main] INFO  base.BaseClass - Found Element By {by.toString()}
2024-04-17 17:52:41,129 [main] INFO  base.BaseClass - Trying to find Element By {by.toString()})
2024-04-17 17:52:41,160 [main] INFO  base.BaseClass - Found Element By {by.toString()}
2024-04-17 17:52:41,707 [main] INFO  base.BaseClass - Trying to find Element By {by.toString()})
2024-04-17 17:52:41,732 [main] INFO  base.BaseClass - Found Element By {by.toString()}
2024-04-17 17:52:42,271 [main] INFO  base.BaseClass - Trying to find Element By {by.toString()})
2024-04-17 17:52:42,283 [main] INFO  base.BaseClass - Found Element By {by.toString()}
2024-04-17 17:52:42,799 [main] INFO  base.BaseClass - Trying to find Element By {by.toString()})
2024-04-17 17:52:42,813 [main] INFO  base.BaseClass - Found Element By {by.toString()}
2024-04-17 17:52:43,331 [main] INFO  base.BaseClass - Trying to find Element By {by.toString()})
2024-04-17 17:52:43,365 [main] INFO  base.BaseClass - Found Element By {by.toString()}
2024-04-17 17:52:43,898 [main] INFO  base.BaseClass - Trying to find Element By {by.toString()})
2024-04-17 17:52:43,913 [main] INFO  base.BaseClass - Found Element By {by.toString()}
2024-04-17 17:52:44,443 [main] INFO  base.BaseClass - Trying to find Element By {by.toString()})
2024-04-17 17:52:44,475 [main] INFO  base.BaseClass - Found Element By {by.toString()}
2024-04-17 17:52:45,020 [main] INFO  base.BaseClass - Trying to find Element By {by.toString()})
2024-04-17 17:52:45,050 [main] INFO  base.BaseClass - Found Element By {by.toString()}
2024-04-17 17:52:45,585 [main] INFO  base.BaseClass - Trying to find Element By {by.toString()})
2024-04-17 17:52:45,617 [main] INFO  base.BaseClass - Found Element By {by.toString()}
2024-04-17 17:52:46,148 [main] INFO  base.BaseClass - Trying to find Element By {by.toString()})
2024-04-17 17:52:46,180 [main] INFO  base.BaseClass - Found Element By {by.toString()}
2024-04-17 17:52:46,727 [main] INFO  base.BaseClass - Trying to find Element By {by.toString()})
2024-04-17 17:52:46,756 [main] INFO  base.BaseClass - Found Element By {by.toString()}
2024-04-17 17:52:47,288 [main] INFO  base.BaseClass - Trying to find Element By {by.toString()})
2024-04-17 17:52:47,319 [main] INFO  base.BaseClass - Found Element By {by.toString()}
2024-04-17 17:52:47,864 [main] INFO  base.BaseClass - Trying to find Element By {by.toString()})
2024-04-17 17:52:47,888 [main] INFO  base.BaseClass - Found Element By {by.toString()}
2024-04-17 17:52:48,415 [main] INFO  base.BaseClass - Trying to find Element By {by.toString()})
2024-04-17 17:52:48,445 [main] INFO  base.BaseClass - Found Element By {by.toString()}
2024-04-17 17:52:48,979 [main] INFO  base.BaseClass - Trying to find Element By {by.toString()})
2024-04-17 17:52:49,009 [main] INFO  base.BaseClass - Found Element By {by.toString()}
2024-04-17 17:52:49,559 [main] INFO  base.BaseClass - Trying to find Element By {by.toString()})
2024-04-17 17:52:49,590 [main] INFO  base.BaseClass - Found Element By {by.toString()}
2024-04-17 17:52:50,138 [main] INFO  base.BaseClass - Trying to find Element By {by.toString()})
2024-04-17 17:52:50,169 [main] INFO  base.BaseClass - Found Element By {by.toString()}
2024-04-17 17:52:50,718 [main] INFO  base.BaseClass - Trying to find Element By {by.toString()})
2024-04-17 17:52:50,749 [main] INFO  base.BaseClass - Found Element By {by.toString()}
TimeoutException occurred: Expected condition failed: waiting for helper.WaitUtility$5@5891bd6d (tried for 30 second(s) with 500 milliseconds interval)
Build info: version: '3.141.59', revision: 'e82be7d358', time: '2018-11-14T08:17:03'
System info: host: 'DPLAP166', ip: '137.237.2.236', os.name: 'Windows 10', os.arch: 'amd64', os.version: '10.0', java.version: '19.0.1'
Driver info: org.openqa.selenium.support.events.EventFiringWebDriver
Capabilities {acceptInsecureCerts: true, browserName: chrome, browserVersion: 123.0.6312.123, chrome: {chromedriverVersion: 123.0.6312.122 (31f8248cdd9..., userDataDir: C:\Users\dP-PL\AppData\Loca...}, fedcm:accounts: true, goog:chromeOptions: {debuggerAddress: localhost:51256}, javascriptEnabled: true, networkConnectionEnabled: false, pageLoadStrategy: normal, platform: WINDOWS, platformName: WINDOWS, proxy: Proxy(), setWindowRect: true, strictFileInteractability: false, timeouts: {implicit: 0, pageLoad: 300000, script: 30000}, unhandledPromptBehavior: dismiss and notify, webauthn:extension:credBlob: true, webauthn:extension:largeBlob: true, webauthn:extension:minPinLength: true, webauthn:extension:prf: true, webauthn:virtualAuthenticators: true}
Session ID: a59c4df4811f82049fe754efe723d3c1
2024-04-17 17:52:50,787 [main] ERROR RotationCopy_test - Element did not become visible within the specified time: Expected condition failed: waiting for helper.WaitUtility$5@5891bd6d (tried for 30 second(s) with 500 milliseconds interval)
Build info: version: '3.141.59', revision: 'e82be7d358', time: '2018-11-14T08:17:03'
System info: host: 'DPLAP166', ip: '137.237.2.236', os.name: 'Windows 10', os.arch: 'amd64', os.version: '10.0', java.version: '19.0.1'
Driver info: org.openqa.selenium.support.events.EventFiringWebDriver
Capabilities {acceptInsecureCerts: true, browserName: chrome, browserVersion: 123.0.6312.123, chrome: {chromedriverVersion: 123.0.6312.122 (31f8248cdd9..., userDataDir: C:\Users\dP-PL\AppData\Loca...}, fedcm:accounts: true, goog:chromeOptions: {debuggerAddress: localhost:51256}, javascriptEnabled: true, networkConnectionEnabled: false, pageLoadStrategy: normal, platform: WINDOWS, platformName: WINDOWS, proxy: Proxy(), setWindowRect: true, strictFileInteractability: false, timeouts: {implicit: 0, pageLoad: 300000, script: 30000}, unhandledPromptBehavior: dismiss and notify, webauthn:extension:credBlob: true, webauthn:extension:largeBlob: true, webauthn:extension:minPinLength: true, webauthn:extension:prf: true, webauthn:virtualAuthenticators: true}
Session ID: a59c4df4811f82049fe754efe723d3c1
2024-04-17 17:52:50,787 [main] INFO  base.BaseClass - Trying to find Element By {by.toString()})
2024-04-17 17:52:50,804 [main] INFO  base.BaseClass - Found Element By {by.toString()}
2024-04-17 17:52:50,804 [main] INFO  base.BaseClass - Trying to click on: {element.toString()}
2024-04-17 17:52:50,938 [main] INFO  base.BaseClass - Clicked on: {element.toString()}
2024-04-17 17:52:50,944 [main] INFO  base.BaseClass - Trying to find Element By {by.toString()})
2024-04-17 17:52:50,962 [main] INFO  base.BaseClass - Found Element By {by.toString()}
2024-04-17 17:52:51,480 [main] INFO  base.BaseClass - Trying to find Element By {by.toString()})
2024-04-17 17:52:51,498 [main] INFO  base.BaseClass - Found Element By {by.toString()}
2024-04-17 17:52:52,026 [main] INFO  base.BaseClass - Trying to find Element By {by.toString()})
2024-04-17 17:52:52,061 [main] INFO  base.BaseClass - Found Element By {by.toString()}
2024-04-17 17:52:52,602 [main] INFO  base.BaseClass - Trying to find Element By {by.toString()})
2024-04-17 17:52:52,633 [main] INFO  base.BaseClass - Found Element By {by.toString()}
2024-04-17 17:52:53,181 [main] INFO  base.BaseClass - Trying to find Element By {by.toString()})
2024-04-17 17:52:53,215 [main] INFO  base.BaseClass - Found Element By {by.toString()}
2024-04-17 17:52:53,760 [main] INFO  base.BaseClass - Trying to find Element By {by.toString()})
2024-04-17 17:52:53,790 [main] INFO  base.BaseClass - Found Element By {by.toString()}
2024-04-17 17:52:54,334 [main] INFO  base.BaseClass - Trying to find Element By {by.toString()})
2024-04-17 17:52:54,363 [main] INFO  base.BaseClass - Found Element By {by.toString()}
2024-04-17 17:52:54,913 [main] INFO  base.BaseClass - Trying to find Element By {by.toString()})
2024-04-17 17:52:54,943 [main] INFO  base.BaseClass - Found Element By {by.toString()}
2024-04-17 17:52:55,475 [main] INFO  base.BaseClass - Trying to find Element By {by.toString()})
2024-04-17 17:52:55,504 [main] INFO  base.BaseClass - Found Element By {by.toString()}
2024-04-17 17:52:56,051 [main] INFO  base.BaseClass - Trying to find Element By {by.toString()})
2024-04-17 17:52:56,083 [main] INFO  base.BaseClass - Found Element By {by.toString()}
2024-04-17 17:52:56,615 [main] INFO  base.BaseClass - Trying to find Element By {by.toString()})
2024-04-17 17:52:56,643 [main] INFO  base.BaseClass - Found Element By {by.toString()}
2024-04-17 17:52:57,191 [main] INFO  base.BaseClass - Trying to find Element By {by.toString()})
2024-04-17 17:52:57,221 [main] INFO  base.BaseClass - Found Element By {by.toString()}
2024-04-17 17:52:57,771 [main] INFO  base.BaseClass - Trying to find Element By {by.toString()})
2024-04-17 17:52:57,797 [main] INFO  base.BaseClass - Found Element By {by.toString()}
2024-04-17 17:52:58,348 [main] INFO  base.BaseClass - Trying to find Element By {by.toString()})
2024-04-17 17:52:58,375 [main] INFO  base.BaseClass - Found Element By {by.toString()}
2024-04-17 17:52:58,910 [main] INFO  base.BaseClass - Trying to find Element By {by.toString()})
2024-04-17 17:52:58,938 [main] INFO  base.BaseClass - Found Element By {by.toString()}
2024-04-17 17:52:59,488 [main] INFO  base.BaseClass - Trying to find Element By {by.toString()})
2024-04-17 17:52:59,503 [main] INFO  base.BaseClass - Found Element By {by.toString()}
2024-04-17 17:53:00,037 [main] INFO  base.BaseClass - Trying to find Element By {by.toString()})
2024-04-17 17:53:00,059 [main] INFO  base.BaseClass - Found Element By {by.toString()}
2024-04-17 17:53:00,600 [main] INFO  base.BaseClass - Trying to find Element By {by.toString()})
2024-04-17 17:53:00,630 [main] INFO  base.BaseClass - Found Element By {by.toString()}
2024-04-17 17:53:01,163 [main] INFO  base.BaseClass - Trying to find Element By {by.toString()})
2024-04-17 17:53:01,197 [main] INFO  base.BaseClass - Found Element By {by.toString()}
2024-04-17 17:53:01,728 [main] INFO  base.BaseClass - Trying to find Element By {by.toString()})
2024-04-17 17:53:01,765 [main] INFO  base.BaseClass - Found Element By {by.toString()}
2024-04-17 17:53:02,291 [main] INFO  base.BaseClass - Trying to find Element By {by.toString()})
2024-04-17 17:53:02,326 [main] INFO  base.BaseClass - Found Element By {by.toString()}
2024-04-17 17:53:02,867 [main] INFO  base.BaseClass - Trying to find Element By {by.toString()})
2024-04-17 17:53:02,896 [main] INFO  base.BaseClass - Found Element By {by.toString()}
2024-04-17 17:53:03,428 [main] INFO  base.BaseClass - Trying to find Element By {by.toString()})
2024-04-17 17:53:03,457 [main] INFO  base.BaseClass - Found Element By {by.toString()}
2024-04-17 17:53:03,993 [main] INFO  base.BaseClass - Trying to find Element By {by.toString()})
2024-04-17 17:53:04,014 [main] INFO  base.BaseClass - Found Element By {by.toString()}
2024-04-17 17:53:04,556 [main] INFO  base.BaseClass - Trying to find Element By {by.toString()})
2024-04-17 17:53:04,589 [main] INFO  base.BaseClass - Found Element By {by.toString()}
2024-04-17 17:53:05,137 [main] INFO  base.BaseClass - Trying to find Element By {by.toString()})
2024-04-17 17:53:05,171 [main] INFO  base.BaseClass - Found Element By {by.toString()}
2024-04-17 17:53:05,730 [main] INFO  base.BaseClass - Trying to find Element By {by.toString()})
2024-04-17 17:53:05,759 [main] INFO  base.BaseClass - Found Element By {by.toString()}
2024-04-17 17:53:06,309 [main] INFO  base.BaseClass - Trying to find Element By {by.toString()})
2024-04-17 17:53:06,339 [main] INFO  base.BaseClass - Found Element By {by.toString()}
2024-04-17 17:53:06,887 [main] INFO  base.BaseClass - Trying to find Element By {by.toString()})
2024-04-17 17:53:06,917 [main] INFO  base.BaseClass - Found Element By {by.toString()}
2024-04-17 17:53:07,464 [main] INFO  base.BaseClass - Trying to find Element By {by.toString()})
2024-04-17 17:53:07,494 [main] INFO  base.BaseClass - Found Element By {by.toString()}
2024-04-17 17:53:08,040 [main] INFO  base.BaseClass - Trying to find Element By {by.toString()})
2024-04-17 17:53:08,069 [main] INFO  base.BaseClass - Found Element By {by.toString()}
2024-04-17 17:53:08,619 [main] INFO  base.BaseClass - Trying to find Element By {by.toString()})
2024-04-17 17:53:08,648 [main] INFO  base.BaseClass - Found Element By {by.toString()}
2024-04-17 17:53:09,197 [main] INFO  base.BaseClass - Trying to find Element By {by.toString()})
2024-04-17 17:53:09,227 [main] INFO  base.BaseClass - Found Element By {by.toString()}
2024-04-17 17:53:09,773 [main] INFO  base.BaseClass - Trying to find Element By {by.toString()})
2024-04-17 17:53:09,803 [main] INFO  base.BaseClass - Found Element By {by.toString()}
2024-04-17 17:53:10,350 [main] INFO  base.BaseClass - Trying to find Element By {by.toString()})
2024-04-17 17:53:10,380 [main] INFO  base.BaseClass - Found Element By {by.toString()}
2024-04-17 17:53:10,929 [main] INFO  base.BaseClass - Trying to find Element By {by.toString()})
2024-04-17 17:53:10,957 [main] INFO  base.BaseClass - Found Element By {by.toString()}
2024-04-17 17:53:11,493 [main] INFO  base.BaseClass - Trying to find Element By {by.toString()})
2024-04-17 17:53:11,523 [main] INFO  base.BaseClass - Found Element By {by.toString()}
2024-04-17 17:53:12,070 [main] INFO  base.BaseClass - Trying to find Element By {by.toString()})
2024-04-17 17:53:12,100 [main] INFO  base.BaseClass - Found Element By {by.toString()}
2024-04-17 17:53:12,650 [main] INFO  base.BaseClass - Trying to find Element By {by.toString()})
2024-04-17 17:53:12,680 [main] INFO  base.BaseClass - Found Element By {by.toString()}
2024-04-17 17:53:13,228 [main] INFO  base.BaseClass - Trying to find Element By {by.toString()})
2024-04-17 17:53:13,258 [main] INFO  base.BaseClass - Found Element By {by.toString()}
2024-04-17 17:53:13,809 [main] INFO  base.BaseClass - Trying to find Element By {by.toString()})
2024-04-17 17:53:13,839 [main] INFO  base.BaseClass - Found Element By {by.toString()}
2024-04-17 17:53:14,386 [main] INFO  base.BaseClass - Trying to find Element By {by.toString()})
2024-04-17 17:53:14,414 [main] INFO  base.BaseClass - Found Element By {by.toString()}
2024-04-17 17:53:14,964 [main] INFO  base.BaseClass - Trying to find Element By {by.toString()})
2024-04-17 17:53:14,985 [main] INFO  base.BaseClass - Found Element By {by.toString()}
2024-04-17 17:53:15,514 [main] INFO  base.BaseClass - Trying to find Element By {by.toString()})
2024-04-17 17:53:15,525 [main] INFO  base.BaseClass - Found Element By {by.toString()}
2024-04-17 17:53:16,048 [main] INFO  base.BaseClass - Trying to find Element By {by.toString()})
2024-04-17 17:53:16,071 [main] INFO  base.BaseClass - Found Element By {by.toString()}
2024-04-17 17:53:16,611 [main] INFO  base.BaseClass - Trying to find Element By {by.toString()})
2024-04-17 17:53:16,642 [main] INFO  base.BaseClass - Found Element By {by.toString()}
2024-04-17 17:53:17,192 [main] INFO  base.BaseClass - Trying to find Element By {by.toString()})
2024-04-17 17:53:17,222 [main] INFO  base.BaseClass - Found Element By {by.toString()}
2024-04-17 17:53:17,769 [main] INFO  base.BaseClass - Trying to find Element By {by.toString()})
2024-04-17 17:53:17,798 [main] INFO  base.BaseClass - Found Element By {by.toString()}
2024-04-17 17:53:18,348 [main] INFO  base.BaseClass - Trying to find Element By {by.toString()})
2024-04-17 17:53:18,378 [main] INFO  base.BaseClass - Found Element By {by.toString()}
2024-04-17 17:53:18,925 [main] INFO  base.BaseClass - Trying to find Element By {by.toString()})
2024-04-17 17:53:18,954 [main] INFO  base.BaseClass - Found Element By {by.toString()}
2024-04-17 17:53:19,489 [main] INFO  base.BaseClass - Trying to find Element By {by.toString()})
2024-04-17 17:53:19,520 [main] INFO  base.BaseClass - Found Element By {by.toString()}
2024-04-17 17:53:20,066 [main] INFO  base.BaseClass - Trying to find Element By {by.toString()})
2024-04-17 17:53:20,092 [main] INFO  base.BaseClass - Found Element By {by.toString()}
2024-04-17 17:53:20,616 [main] INFO  base.BaseClass - Trying to find Element By {by.toString()})
2024-04-17 17:53:20,648 [main] INFO  base.BaseClass - Found Element By {by.toString()}
2024-04-17 17:53:21,196 [main] INFO  base.BaseClass - Trying to find Element By {by.toString()})
2024-04-17 17:53:21,228 [main] INFO  base.BaseClass - Found Element By {by.toString()}
TimeoutException occurred: Expected condition failed: waiting for helper.WaitUtility$5@35007b7a (tried for 30 second(s) with 500 milliseconds interval)
Build info: version: '3.141.59', revision: 'e82be7d358', time: '2018-11-14T08:17:03'
System info: host: 'DPLAP166', ip: '137.237.2.236', os.name: 'Windows 10', os.arch: 'amd64', os.version: '10.0', java.version: '19.0.1'
Driver info: org.openqa.selenium.support.events.EventFiringWebDriver
Capabilities {acceptInsecureCerts: true, browserName: chrome, browserVersion: 123.0.6312.123, chrome: {chromedriverVersion: 123.0.6312.122 (31f8248cdd9..., userDataDir: C:\Users\dP-PL\AppData\Loca...}, fedcm:accounts: true, goog:chromeOptions: {debuggerAddress: localhost:51256}, javascriptEnabled: true, networkConnectionEnabled: false, pageLoadStrategy: normal, platform: WINDOWS, platformName: WINDOWS, proxy: Proxy(), setWindowRect: true, strictFileInteractability: false, timeouts: {implicit: 0, pageLoad: 300000, script: 30000}, unhandledPromptBehavior: dismiss and notify, webauthn:extension:credBlob: true, webauthn:extension:largeBlob: true, webauthn:extension:minPinLength: true, webauthn:extension:prf: true, webauthn:virtualAuthenticators: true}
Session ID: a59c4df4811f82049fe754efe723d3c1
2024-04-17 17:53:21,252 [main] ERROR RotationCopy_test - Element did not become visible within the specified time: Expected condition failed: waiting for helper.WaitUtility$5@35007b7a (tried for 30 second(s) with 500 milliseconds interval)
Build info: version: '3.141.59', revision: 'e82be7d358', time: '2018-11-14T08:17:03'
System info: host: 'DPLAP166', ip: '137.237.2.236', os.name: 'Windows 10', os.arch: 'amd64', os.version: '10.0', java.version: '19.0.1'
Driver info: org.openqa.selenium.support.events.EventFiringWebDriver
Capabilities {acceptInsecureCerts: true, browserName: chrome, browserVersion: 123.0.6312.123, chrome: {chromedriverVersion: 123.0.6312.122 (31f8248cdd9..., userDataDir: C:\Users\dP-PL\AppData\Loca...}, fedcm:accounts: true, goog:chromeOptions: {debuggerAddress: localhost:51256}, javascriptEnabled: true, networkConnectionEnabled: false, pageLoadStrategy: normal, platform: WINDOWS, platformName: WINDOWS, proxy: Proxy(), setWindowRect: true, strictFileInteractability: false, timeouts: {implicit: 0, pageLoad: 300000, script: 30000}, unhandledPromptBehavior: dismiss and notify, webauthn:extension:credBlob: true, webauthn:extension:largeBlob: true, webauthn:extension:minPinLength: true, webauthn:extension:prf: true, webauthn:virtualAuthenticators: true}
Session ID: a59c4df4811f82049fe754efe723d3c1
2024-04-17 17:53:21,352 [main] INFO  base.BaseClass - Trying to find Element By {by.toString()})
2024-04-17 17:53:21,383 [main] INFO  base.BaseClass - Found Element By {by.toString()}
2024-04-17 17:53:21,384 [main] INFO  base.BaseClass - Trying to click on: {element.toString()}
2024-04-17 17:53:21,493 [main] INFO  base.BaseClass - Clicked on: {element.toString()}
2024-04-17 17:53:21,499 [main] INFO  base.BaseClass - Trying to find Element By {by.toString()})
2024-04-17 17:53:21,512 [main] INFO  base.BaseClass - Found Element By {by.toString()}
2024-04-17 17:53:22,038 [main] INFO  base.BaseClass - Trying to find Element By {by.toString()})
2024-04-17 17:53:22,352 [main] INFO  base.BaseClass - Found Element By {by.toString()}
2024-04-17 17:53:22,879 [main] INFO  base.BaseClass - Trying to find Element By {by.toString()})
2024-04-17 17:53:22,915 [main] INFO  base.BaseClass - Found Element By {by.toString()}
2024-04-17 17:53:23,456 [main] INFO  base.BaseClass - Trying to find Element By {by.toString()})
2024-04-17 17:53:23,478 [main] INFO  base.BaseClass - Found Element By {by.toString()}
2024-04-17 17:53:24,022 [main] INFO  base.BaseClass - Trying to find Element By {by.toString()})
2024-04-17 17:53:24,053 [main] INFO  base.BaseClass - Found Element By {by.toString()}
2024-04-17 17:53:24,584 [main] INFO  base.BaseClass - Trying to find Element By {by.toString()})
2024-04-17 17:53:24,617 [main] INFO  base.BaseClass - Found Element By {by.toString()}
2024-04-17 17:53:25,160 [main] INFO  base.BaseClass - Trying to find Element By {by.toString()})
2024-04-17 17:53:25,188 [main] INFO  base.BaseClass - Found Element By {by.toString()}
2024-04-17 17:53:25,724 [main] INFO  base.BaseClass - Trying to find Element By {by.toString()})
2024-04-17 17:53:25,754 [main] INFO  base.BaseClass - Found Element By {by.toString()}
2024-04-17 17:53:26,300 [main] INFO  base.BaseClass - Trying to find Element By {by.toString()})
2024-04-17 17:53:26,330 [main] INFO  base.BaseClass - Found Element By {by.toString()}
2024-04-17 17:53:26,877 [main] INFO  base.BaseClass - Trying to find Element By {by.toString()})
2024-04-17 17:53:27,324 [main] INFO  base.BaseClass - Found Element By {by.toString()}
2024-04-17 17:53:27,859 [main] INFO  base.BaseClass - Trying to find Element By {by.toString()})
2024-04-17 17:53:27,890 [main] INFO  base.BaseClass - Found Element By {by.toString()}
2024-04-17 17:53:28,422 [main] INFO  base.BaseClass - Trying to find Element By {by.toString()})
2024-04-17 17:53:28,455 [main] INFO  base.BaseClass - Found Element By {by.toString()}
2024-04-17 17:53:29,011 [main] INFO  base.BaseClass - Trying to find Element By {by.toString()})
2024-04-17 17:53:29,043 [main] INFO  base.BaseClass - Found Element By {by.toString()}
2024-04-17 17:53:29,588 [main] INFO  base.BaseClass - Trying to find Element By {by.toString()})
2024-04-17 17:53:29,618 [main] INFO  base.BaseClass - Found Element By {by.toString()}
2024-04-17 17:53:30,168 [main] INFO  base.BaseClass - Trying to find Element By {by.toString()})
2024-04-17 17:53:30,197 [main] INFO  base.BaseClass - Found Element By {by.toString()}
2024-04-17 17:53:30,731 [main] INFO  base.BaseClass - Trying to find Element By {by.toString()})
2024-04-17 17:53:30,761 [main] INFO  base.BaseClass - Found Element By {by.toString()}
2024-04-17 17:53:31,309 [main] INFO  base.BaseClass - Trying to find Element By {by.toString()})
2024-04-17 17:53:31,339 [main] INFO  base.BaseClass - Found Element By {by.toString()}
2024-04-17 17:53:31,874 [main] INFO  base.BaseClass - Trying to find Element By {by.toString()})
2024-04-17 17:53:31,905 [main] INFO  base.BaseClass - Found Element By {by.toString()}
2024-04-17 17:53:32,438 [main] INFO  base.BaseClass - Trying to find Element By {by.toString()})
2024-04-17 17:53:32,461 [main] INFO  base.BaseClass - Found Element By {by.toString()}
2024-04-17 17:53:32,999 [main] INFO  base.BaseClass - Trying to find Element By {by.toString()})
2024-04-17 17:53:33,029 [main] INFO  base.BaseClass - Found Element By {by.toString()}
2024-04-17 17:53:33,575 [main] INFO  base.BaseClass - Trying to find Element By {by.toString()})
2024-04-17 17:53:33,601 [main] INFO  base.BaseClass - Found Element By {by.toString()}
2024-04-17 17:53:34,124 [main] INFO  base.BaseClass - Trying to find Element By {by.toString()})
2024-04-17 17:53:34,155 [main] INFO  base.BaseClass - Found Element By {by.toString()}
2024-04-17 17:53:34,704 [main] INFO  base.BaseClass - Trying to find Element By {by.toString()})
2024-04-17 17:53:34,736 [main] INFO  base.BaseClass - Found Element By {by.toString()}
2024-04-17 17:53:35,281 [main] INFO  base.BaseClass - Trying to find Element By {by.toString()})
2024-04-17 17:53:35,311 [main] INFO  base.BaseClass - Found Element By {by.toString()}
2024-04-17 17:53:35,863 [main] INFO  base.BaseClass - Trying to find Element By {by.toString()})
2024-04-17 17:53:35,892 [main] INFO  base.BaseClass - Found Element By {by.toString()}
2024-04-17 17:53:36,443 [main] INFO  base.BaseClass - Trying to find Element By {by.toString()})
2024-04-17 17:53:36,473 [main] INFO  base.BaseClass - Found Element By {by.toString()}
2024-04-17 17:53:37,005 [main] INFO  base.BaseClass - Trying to find Element By {by.toString()})
2024-04-17 17:53:37,022 [main] INFO  base.BaseClass - Found Element By {by.toString()}
2024-04-17 17:53:37,554 [main] INFO  base.BaseClass - Trying to find Element By {by.toString()})
2024-04-17 17:53:37,583 [main] INFO  base.BaseClass - Found Element By {by.toString()}
2024-04-17 17:53:38,131 [main] INFO  base.BaseClass - Trying to find Element By {by.toString()})
2024-04-17 17:53:38,161 [main] INFO  base.BaseClass - Found Element By {by.toString()}
2024-04-17 17:53:38,696 [main] INFO  base.BaseClass - Trying to find Element By {by.toString()})
2024-04-17 17:53:38,724 [main] INFO  base.BaseClass - Found Element By {by.toString()}
2024-04-17 17:53:39,258 [main] INFO  base.BaseClass - Trying to find Element By {by.toString()})
2024-04-17 17:53:39,286 [main] INFO  base.BaseClass - Found Element By {by.toString()}
2024-04-17 17:53:39,836 [main] INFO  base.BaseClass - Trying to find Element By {by.toString()})
2024-04-17 17:53:39,866 [main] INFO  base.BaseClass - Found Element By {by.toString()}
2024-04-17 17:53:40,402 [main] INFO  base.BaseClass - Trying to find Element By {by.toString()})
2024-04-17 17:53:40,431 [main] INFO  base.BaseClass - Found Element By {by.toString()}
2024-04-17 17:53:40,980 [main] INFO  base.BaseClass - Trying to find Element By {by.toString()})
2024-04-17 17:53:41,010 [main] INFO  base.BaseClass - Found Element By {by.toString()}
2024-04-17 17:53:41,557 [main] INFO  base.BaseClass - Trying to find Element By {by.toString()})
2024-04-17 17:53:41,586 [main] INFO  base.BaseClass - Found Element By {by.toString()}
2024-04-17 17:53:42,133 [main] INFO  base.BaseClass - Trying to find Element By {by.toString()})
2024-04-17 17:53:42,162 [main] INFO  base.BaseClass - Found Element By {by.toString()}
2024-04-17 17:53:42,712 [main] INFO  base.BaseClass - Trying to find Element By {by.toString()})
2024-04-17 17:53:42,741 [main] INFO  base.BaseClass - Found Element By {by.toString()}
2024-04-17 17:53:43,275 [main] INFO  base.BaseClass - Trying to find Element By {by.toString()})
2024-04-17 17:53:43,299 [main] INFO  base.BaseClass - Found Element By {by.toString()}
2024-04-17 17:53:43,835 [main] INFO  base.BaseClass - Trying to find Element By {by.toString()})
2024-04-17 17:53:43,865 [main] INFO  base.BaseClass - Found Element By {by.toString()}
2024-04-17 17:53:44,412 [main] INFO  base.BaseClass - Trying to find Element By {by.toString()})
2024-04-17 17:53:44,442 [main] INFO  base.BaseClass - Found Element By {by.toString()}
2024-04-17 17:53:44,987 [main] INFO  base.BaseClass - Trying to find Element By {by.toString()})
2024-04-17 17:53:45,019 [main] INFO  base.BaseClass - Found Element By {by.toString()}
2024-04-17 17:53:45,566 [main] INFO  base.BaseClass - Trying to find Element By {by.toString()})
2024-04-17 17:53:45,596 [main] INFO  base.BaseClass - Found Element By {by.toString()}
2024-04-17 17:53:46,143 [main] INFO  base.BaseClass - Trying to find Element By {by.toString()})
2024-04-17 17:53:46,171 [main] INFO  base.BaseClass - Found Element By {by.toString()}
2024-04-17 17:53:46,708 [main] INFO  base.BaseClass - Trying to find Element By {by.toString()})
2024-04-17 17:53:46,739 [main] INFO  base.BaseClass - Found Element By {by.toString()}
2024-04-17 17:53:47,285 [main] INFO  base.BaseClass - Trying to find Element By {by.toString()})
2024-04-17 17:53:47,309 [main] INFO  base.BaseClass - Found Element By {by.toString()}
2024-04-17 17:53:47,832 [main] INFO  base.BaseClass - Trying to find Element By {by.toString()})
2024-04-17 17:53:47,862 [main] INFO  base.BaseClass - Found Element By {by.toString()}
2024-04-17 17:53:48,411 [main] INFO  base.BaseClass - Trying to find Element By {by.toString()})
2024-04-17 17:53:48,440 [main] INFO  base.BaseClass - Found Element By {by.toString()}
2024-04-17 17:53:48,987 [main] INFO  base.BaseClass - Trying to find Element By {by.toString()})
2024-04-17 17:53:49,019 [main] INFO  base.BaseClass - Found Element By {by.toString()}
2024-04-17 17:53:49,552 [main] INFO  base.BaseClass - Trying to find Element By {by.toString()})
2024-04-17 17:53:49,582 [main] INFO  base.BaseClass - Found Element By {by.toString()}
2024-04-17 17:53:50,128 [main] INFO  base.BaseClass - Trying to find Element By {by.toString()})
2024-04-17 17:53:50,161 [main] INFO  base.BaseClass - Found Element By {by.toString()}
2024-04-17 17:53:50,710 [main] INFO  base.BaseClass - Trying to find Element By {by.toString()})
2024-04-17 17:53:50,738 [main] INFO  base.BaseClass - Found Element By {by.toString()}
2024-04-17 17:53:51,273 [main] INFO  base.BaseClass - Trying to find Element By {by.toString()})
2024-04-17 17:53:51,305 [main] INFO  base.BaseClass - Found Element By {by.toString()}
2024-04-17 17:53:51,832 [main] INFO  base.BaseClass - Trying to find Element By {by.toString()})
2024-04-17 17:53:51,865 [main] INFO  base.BaseClass - Found Element By {by.toString()}
TimeoutException occurred: Expected condition failed: waiting for helper.WaitUtility$5@562fa8f2 (tried for 30 second(s) with 500 milliseconds interval)
Build info: version: '3.141.59', revision: 'e82be7d358', time: '2018-11-14T08:17:03'
System info: host: 'DPLAP166', ip: '137.237.2.236', os.name: 'Windows 10', os.arch: 'amd64', os.version: '10.0', java.version: '19.0.1'
Driver info: org.openqa.selenium.support.events.EventFiringWebDriver
Capabilities {acceptInsecureCerts: true, browserName: chrome, browserVersion: 123.0.6312.123, chrome: {chromedriverVersion: 123.0.6312.122 (31f8248cdd9..., userDataDir: C:\Users\dP-PL\AppData\Loca...}, fedcm:accounts: true, goog:chromeOptions: {debuggerAddress: localhost:51256}, javascriptEnabled: true, networkConnectionEnabled: false, pageLoadStrategy: normal, platform: WINDOWS, platformName: WINDOWS, proxy: Proxy(), setWindowRect: true, strictFileInteractability: false, timeouts: {implicit: 0, pageLoad: 300000, script: 30000}, unhandledPromptBehavior: dismiss and notify, webauthn:extension:credBlob: true, webauthn:extension:largeBlob: true, webauthn:extension:minPinLength: true, webauthn:extension:prf: true, webauthn:virtualAuthenticators: true}
Session ID: a59c4df4811f82049fe754efe723d3c1
2024-04-17 17:53:51,912 [main] ERROR RotationCopy_test - Element did not become visible within the specified time: Expected condition failed: waiting for helper.WaitUtility$5@562fa8f2 (tried for 30 second(s) with 500 milliseconds interval)
Build info: version: '3.141.59', revision: 'e82be7d358', time: '2018-11-14T08:17:03'
System info: host: 'DPLAP166', ip: '137.237.2.236', os.name: 'Windows 10', os.arch: 'amd64', os.version: '10.0', java.version: '19.0.1'
Driver info: org.openqa.selenium.support.events.EventFiringWebDriver
Capabilities {acceptInsecureCerts: true, browserName: chrome, browserVersion: 123.0.6312.123, chrome: {chromedriverVersion: 123.0.6312.122 (31f8248cdd9..., userDataDir: C:\Users\dP-PL\AppData\Loca...}, fedcm:accounts: true, goog:chromeOptions: {debuggerAddress: localhost:51256}, javascriptEnabled: true, networkConnectionEnabled: false, pageLoadStrategy: normal, platform: WINDOWS, platformName: WINDOWS, proxy: Proxy(), setWindowRect: true, strictFileInteractability: false, timeouts: {implicit: 0, pageLoad: 300000, script: 30000}, unhandledPromptBehavior: dismiss and notify, webauthn:extension:credBlob: true, webauthn:extension:largeBlob: true, webauthn:extension:minPinLength: true, webauthn:extension:prf: true, webauthn:virtualAuthenticators: true}
Session ID: a59c4df4811f82049fe754efe723d3c1
2024-04-17 17:53:51,912 [main] INFO  base.BaseClass - Trying to find Element By {by.toString()})
2024-04-17 17:53:51,935 [main] INFO  base.BaseClass - Found Element By {by.toString()}
2024-04-17 17:53:51,935 [main] INFO  base.BaseClass - Trying to click on: {element.toString()}
2024-04-17 17:53:52,064 [main] INFO  base.BaseClass - Clicked on: {element.toString()}
2024-04-17 17:53:52,064 [main] INFO  base.BaseClass - Trying to find Element By {by.toString()})
2024-04-17 17:53:52,900 [main] INFO  base.BaseClass - Found Element By {by.toString()}
2024-04-17 17:53:53,425 [main] INFO  base.BaseClass - Trying to find Element By {by.toString()})
2024-04-17 17:53:53,441 [main] INFO  base.BaseClass - Found Element By {by.toString()}
2024-04-17 17:53:53,971 [main] INFO  base.BaseClass - Trying to find Element By {by.toString()})
2024-04-17 17:53:54,002 [main] INFO  base.BaseClass - Found Element By {by.toString()}
2024-04-17 17:53:54,551 [main] INFO  base.BaseClass - Trying to find Element By {by.toString()})
2024-04-17 17:53:54,583 [main] INFO  base.BaseClass - Found Element By {by.toString()}
2024-04-17 17:53:55,114 [main] INFO  base.BaseClass - Trying to find Element By {by.toString()})
2024-04-17 17:53:55,146 [main] INFO  base.BaseClass - Found Element By {by.toString()}
2024-04-17 17:53:55,694 [main] INFO  base.BaseClass - Trying to find Element By {by.toString()})
2024-04-17 17:53:55,726 [main] INFO  base.BaseClass - Found Element By {by.toString()}
2024-04-17 17:53:56,263 [main] INFO  base.BaseClass - Trying to find Element By {by.toString()})
2024-04-17 17:53:56,283 [main] INFO  base.BaseClass - Found Element By {by.toString()}
2024-04-17 17:53:56,808 [main] INFO  base.BaseClass - Trying to find Element By {by.toString()})
2024-04-17 17:53:56,839 [main] INFO  base.BaseClass - Found Element By {by.toString()}
2024-04-17 17:53:57,384 [main] INFO  base.BaseClass - Trying to find Element By {by.toString()})
2024-04-17 17:53:57,402 [main] INFO  base.BaseClass - Found Element By {by.toString()}
2024-04-17 17:53:57,930 [main] INFO  base.BaseClass - Trying to find Element By {by.toString()})
2024-04-17 17:53:57,963 [main] INFO  base.BaseClass - Found Element By {by.toString()}
2024-04-17 17:53:58,509 [main] INFO  base.BaseClass - Trying to find Element By {by.toString()})
2024-04-17 17:53:58,540 [main] INFO  base.BaseClass - Found Element By {by.toString()}
2024-04-17 17:53:59,084 [main] INFO  base.BaseClass - Trying to find Element By {by.toString()})
2024-04-17 17:53:59,114 [main] INFO  base.BaseClass - Found Element By {by.toString()}
2024-04-17 17:53:59,662 [main] INFO  base.BaseClass - Trying to find Element By {by.toString()})
2024-04-17 17:53:59,694 [main] INFO  base.BaseClass - Found Element By {by.toString()}
2024-04-17 17:54:00,240 [main] INFO  base.BaseClass - Trying to find Element By {by.toString()})
2024-04-17 17:54:00,266 [main] INFO  base.BaseClass - Found Element By {by.toString()}
2024-04-17 17:54:00,803 [main] INFO  base.BaseClass - Trying to find Element By {by.toString()})
2024-04-17 17:54:00,835 [main] INFO  base.BaseClass - Found Element By {by.toString()}
2024-04-17 17:54:01,380 [main] INFO  base.BaseClass - Trying to find Element By {by.toString()})
2024-04-17 17:54:01,407 [main] INFO  base.BaseClass - Found Element By {by.toString()}
2024-04-17 17:54:01,942 [main] INFO  base.BaseClass - Trying to find Element By {by.toString()})
2024-04-17 17:54:01,975 [main] INFO  base.BaseClass - Found Element By {by.toString()}
2024-04-17 17:54:02,519 [main] INFO  base.BaseClass - Trying to find Element By {by.toString()})
2024-04-17 17:54:02,550 [main] INFO  base.BaseClass - Found Element By {by.toString()}
2024-04-17 17:54:03,097 [main] INFO  base.BaseClass - Trying to find Element By {by.toString()})
2024-04-17 17:54:03,120 [main] INFO  base.BaseClass - Found Element By {by.toString()}
2024-04-17 17:54:03,658 [main] INFO  base.BaseClass - Trying to find Element By {by.toString()})
2024-04-17 17:54:03,689 [main] INFO  base.BaseClass - Found Element By {by.toString()}
2024-04-17 17:54:04,222 [main] INFO  base.BaseClass - Trying to find Element By {by.toString()})
2024-04-17 17:54:04,253 [main] INFO  base.BaseClass - Found Element By {by.toString()}
2024-04-17 17:54:04,797 [main] INFO  base.BaseClass - Trying to find Element By {by.toString()})
2024-04-17 17:54:04,811 [main] INFO  base.BaseClass - Found Element By {by.toString()}
2024-04-17 17:54:05,331 [main] INFO  base.BaseClass - Trying to find Element By {by.toString()})
2024-04-17 17:54:05,362 [main] INFO  base.BaseClass - Found Element By {by.toString()}
2024-04-17 17:54:05,912 [main] INFO  base.BaseClass - Trying to find Element By {by.toString()})
2024-04-17 17:54:05,943 [main] INFO  base.BaseClass - Found Element By {by.toString()}
2024-04-17 17:54:06,488 [main] INFO  base.BaseClass - Trying to find Element By {by.toString()})
2024-04-17 17:54:06,512 [main] INFO  base.BaseClass - Found Element By {by.toString()}
2024-04-17 17:54:07,051 [main] INFO  base.BaseClass - Trying to find Element By {by.toString()})
2024-04-17 17:54:07,075 [main] INFO  base.BaseClass - Found Element By {by.toString()}
2024-04-17 17:54:07,615 [main] INFO  base.BaseClass - Trying to find Element By {by.toString()})
2024-04-17 17:54:07,646 [main] INFO  base.BaseClass - Found Element By {by.toString()}
2024-04-17 17:54:08,196 [main] INFO  base.BaseClass - Trying to find Element By {by.toString()})
2024-04-17 17:54:08,228 [main] INFO  base.BaseClass - Found Element By {by.toString()}
2024-04-17 17:54:08,775 [main] INFO  base.BaseClass - Trying to find Element By {by.toString()})
2024-04-17 17:54:08,806 [main] INFO  base.BaseClass - Found Element By {by.toString()}
2024-04-17 17:54:09,353 [main] INFO  base.BaseClass - Trying to find Element By {by.toString()})
2024-04-17 17:54:09,383 [main] INFO  base.BaseClass - Found Element By {by.toString()}
2024-04-17 17:54:09,929 [main] INFO  base.BaseClass - Trying to find Element By {by.toString()})
2024-04-17 17:54:09,984 [main] INFO  base.BaseClass - Found Element By {by.toString()}
2024-04-17 17:54:10,509 [main] INFO  base.BaseClass - Trying to find Element By {by.toString()})
2024-04-17 17:54:10,529 [main] INFO  base.BaseClass - Found Element By {by.toString()}
2024-04-17 17:54:11,069 [main] INFO  base.BaseClass - Trying to find Element By {by.toString()})
2024-04-17 17:54:11,101 [main] INFO  base.BaseClass - Found Element By {by.toString()}
2024-04-17 17:54:11,648 [main] INFO  base.BaseClass - Trying to find Element By {by.toString()})
2024-04-17 17:54:11,679 [main] INFO  base.BaseClass - Found Element By {by.toString()}
2024-04-17 17:54:12,224 [main] INFO  base.BaseClass - Trying to find Element By {by.toString()})
2024-04-17 17:54:12,254 [main] INFO  base.BaseClass - Found Element By {by.toString()}
2024-04-17 17:54:12,788 [main] INFO  base.BaseClass - Trying to find Element By {by.toString()})
2024-04-17 17:54:12,817 [main] INFO  base.BaseClass - Found Element By {by.toString()}
2024-04-17 17:54:13,363 [main] INFO  base.BaseClass - Trying to find Element By {by.toString()})
2024-04-17 17:54:13,394 [main] INFO  base.BaseClass - Found Element By {by.toString()}
2024-04-17 17:54:13,940 [main] INFO  base.BaseClass - Trying to find Element By {by.toString()})
2024-04-17 17:54:13,970 [main] INFO  base.BaseClass - Found Element By {by.toString()}
2024-04-17 17:54:14,520 [main] INFO  base.BaseClass - Trying to find Element By {by.toString()})
2024-04-17 17:54:14,551 [main] INFO  base.BaseClass - Found Element By {by.toString()}
2024-04-17 17:54:15,085 [main] INFO  base.BaseClass - Trying to find Element By {by.toString()})
2024-04-17 17:54:15,115 [main] INFO  base.BaseClass - Found Element By {by.toString()}
2024-04-17 17:54:15,663 [main] INFO  base.BaseClass - Trying to find Element By {by.toString()})
2024-04-17 17:54:15,694 [main] INFO  base.BaseClass - Found Element By {by.toString()}
2024-04-17 17:54:16,247 [main] INFO  base.BaseClass - Trying to find Element By {by.toString()})
2024-04-17 17:54:16,275 [main] INFO  base.BaseClass - Found Element By {by.toString()}
2024-04-17 17:54:16,809 [main] INFO  base.BaseClass - Trying to find Element By {by.toString()})
2024-04-17 17:54:16,839 [main] INFO  base.BaseClass - Found Element By {by.toString()}
2024-04-17 17:54:17,383 [main] INFO  base.BaseClass - Trying to find Element By {by.toString()})
2024-04-17 17:54:17,414 [main] INFO  base.BaseClass - Found Element By {by.toString()}
2024-04-17 17:54:17,963 [main] INFO  base.BaseClass - Trying to find Element By {by.toString()})
2024-04-17 17:54:17,993 [main] INFO  base.BaseClass - Found Element By {by.toString()}
2024-04-17 17:54:18,542 [main] INFO  base.BaseClass - Trying to find Element By {by.toString()})
2024-04-17 17:54:18,561 [main] INFO  base.BaseClass - Found Element By {by.toString()}
2024-04-17 17:54:19,092 [main] INFO  base.BaseClass - Trying to find Element By {by.toString()})
2024-04-17 17:54:19,123 [main] INFO  base.BaseClass - Found Element By {by.toString()}
2024-04-17 17:54:19,669 [main] INFO  base.BaseClass - Trying to find Element By {by.toString()})
2024-04-17 17:54:19,690 [main] INFO  base.BaseClass - Found Element By {by.toString()}
2024-04-17 17:54:20,215 [main] INFO  base.BaseClass - Trying to find Element By {by.toString()})
2024-04-17 17:54:20,247 [main] INFO  base.BaseClass - Found Element By {by.toString()}
2024-04-17 17:54:20,796 [main] INFO  base.BaseClass - Trying to find Element By {by.toString()})
2024-04-17 17:54:20,829 [main] INFO  base.BaseClass - Found Element By {by.toString()}
2024-04-17 17:54:21,374 [main] INFO  base.BaseClass - Trying to find Element By {by.toString()})
2024-04-17 17:54:21,407 [main] INFO  base.BaseClass - Found Element By {by.toString()}
2024-04-17 17:54:21,954 [main] INFO  base.BaseClass - Trying to find Element By {by.toString()})
2024-04-17 17:54:21,985 [main] INFO  base.BaseClass - Found Element By {by.toString()}
2024-04-17 17:54:22,535 [main] INFO  base.BaseClass - Trying to find Element By {by.toString()})
2024-04-17 17:54:22,564 [main] INFO  base.BaseClass - Found Element By {by.toString()}
TimeoutException occurred: Expected condition failed: waiting for helper.WaitUtility$5@21820cd1 (tried for 30 second(s) with 500 milliseconds interval)
Build info: version: '3.141.59', revision: 'e82be7d358', time: '2018-11-14T08:17:03'
System info: host: 'DPLAP166', ip: '137.237.2.236', os.name: 'Windows 10', os.arch: 'amd64', os.version: '10.0', java.version: '19.0.1'
Driver info: org.openqa.selenium.support.events.EventFiringWebDriver
Capabilities {acceptInsecureCerts: true, browserName: chrome, browserVersion: 123.0.6312.123, chrome: {chromedriverVersion: 123.0.6312.122 (31f8248cdd9..., userDataDir: C:\Users\dP-PL\AppData\Loca...}, fedcm:accounts: true, goog:chromeOptions: {debuggerAddress: localhost:51256}, javascriptEnabled: true, networkConnectionEnabled: false, pageLoadStrategy: normal, platform: WINDOWS, platformName: WINDOWS, proxy: Proxy(), setWindowRect: true, strictFileInteractability: false, timeouts: {implicit: 0, pageLoad: 300000, script: 30000}, unhandledPromptBehavior: dismiss and notify, webauthn:extension:credBlob: true, webauthn:extension:largeBlob: true, webauthn:extension:minPinLength: true, webauthn:extension:prf: true, webauthn:virtualAuthenticators: true}
Session ID: a59c4df4811f82049fe754efe723d3c1
2024-04-17 17:54:22,598 [main] ERROR RotationCopy_test - Element did not become visible within the specified time: Expected condition failed: waiting for helper.WaitUtility$5@21820cd1 (tried for 30 second(s) with 500 milliseconds interval)
Build info: version: '3.141.59', revision: 'e82be7d358', time: '2018-11-14T08:17:03'
System info: host: 'DPLAP166', ip: '137.237.2.236', os.name: 'Windows 10', os.arch: 'amd64', os.version: '10.0', java.version: '19.0.1'
Driver info: org.openqa.selenium.support.events.EventFiringWebDriver
Capabilities {acceptInsecureCerts: true, browserName: chrome, browserVersion: 123.0.6312.123, chrome: {chromedriverVersion: 123.0.6312.122 (31f8248cdd9..., userDataDir: C:\Users\dP-PL\AppData\Loca...}, fedcm:accounts: true, goog:chromeOptions: {debuggerAddress: localhost:51256}, javascriptEnabled: true, networkConnectionEnabled: false, pageLoadStrategy: normal, platform: WINDOWS, platformName: WINDOWS, proxy: Proxy(), setWindowRect: true, strictFileInteractability: false, timeouts: {implicit: 0, pageLoad: 300000, script: 30000}, unhandledPromptBehavior: dismiss and notify, webauthn:extension:credBlob: true, webauthn:extension:largeBlob: true, webauthn:extension:minPinLength: true, webauthn:extension:prf: true, webauthn:virtualAuthenticators: true}
Session ID: a59c4df4811f82049fe754efe723d3c1
2024-04-17 17:54:22,598 [main] INFO  base.BaseClass - Trying to find Element By {by.toString()})
2024-04-17 17:54:22,621 [main] INFO  base.BaseClass - Found Element By {by.toString()}
2024-04-17 17:54:22,621 [main] INFO  base.BaseClass - Trying to click on: {element.toString()}
2024-04-17 17:54:22,706 [main] INFO  base.BaseClass - Clicked on: {element.toString()}
2024-04-17 17:54:22,706 [main] INFO  base.BaseClass - Trying to find Element By {by.toString()})
2024-04-17 17:54:22,718 [main] INFO  base.BaseClass - Found Element By {by.toString()}
2024-04-17 17:54:23,233 [main] INFO  base.BaseClass - Trying to find Element By {by.toString()})
2024-04-17 17:54:23,268 [main] INFO  base.BaseClass - Found Element By {by.toString()}
2024-04-17 17:54:23,827 [main] INFO  base.BaseClass - Trying to find Element By {by.toString()})
2024-04-17 17:54:23,859 [main] INFO  base.BaseClass - Found Element By {by.toString()}
2024-04-17 17:54:24,418 [main] INFO  base.BaseClass - Trying to find Element By {by.toString()})
2024-04-17 17:54:24,449 [main] INFO  base.BaseClass - Found Element By {by.toString()}
2024-04-17 17:54:24,997 [main] INFO  base.BaseClass - Trying to find Element By {by.toString()})
2024-04-17 17:54:25,030 [main] INFO  base.BaseClass - Found Element By {by.toString()}
2024-04-17 17:54:25,579 [main] INFO  base.BaseClass - Trying to find Element By {by.toString()})
2024-04-17 17:54:25,601 [main] INFO  base.BaseClass - Found Element By {by.toString()}
2024-04-17 17:54:26,126 [main] INFO  base.BaseClass - Trying to find Element By {by.toString()})
2024-04-17 17:54:26,156 [main] INFO  base.BaseClass - Found Element By {by.toString()}
2024-04-17 17:54:26,706 [main] INFO  base.BaseClass - Trying to find Element By {by.toString()})
2024-04-17 17:54:26,738 [main] INFO  base.BaseClass - Found Element By {by.toString()}
2024-04-17 17:54:27,287 [main] INFO  base.BaseClass - Trying to find Element By {by.toString()})
2024-04-17 17:54:27,318 [main] INFO  base.BaseClass - Found Element By {by.toString()}
2024-04-17 17:54:27,868 [main] INFO  base.BaseClass - Trying to find Element By {by.toString()})
2024-04-17 17:54:27,898 [main] INFO  base.BaseClass - Found Element By {by.toString()}
2024-04-17 17:54:28,449 [main] INFO  base.BaseClass - Trying to find Element By {by.toString()})
2024-04-17 17:54:28,479 [main] INFO  base.BaseClass - Found Element By {by.toString()}
2024-04-17 17:54:29,028 [main] INFO  base.BaseClass - Trying to find Element By {by.toString()})
2024-04-17 17:54:29,060 [main] INFO  base.BaseClass - Found Element By {by.toString()}
2024-04-17 17:54:29,608 [main] INFO  base.BaseClass - Trying to find Element By {by.toString()})
2024-04-17 17:54:29,625 [main] INFO  base.BaseClass - Found Element By {by.toString()}
2024-04-17 17:54:30,156 [main] INFO  base.BaseClass - Trying to find Element By {by.toString()})
2024-04-17 17:54:30,187 [main] INFO  base.BaseClass - Found Element By {by.toString()}
2024-04-17 17:54:30,739 [main] INFO  base.BaseClass - Trying to find Element By {by.toString()})
2024-04-17 17:54:30,769 [main] INFO  base.BaseClass - Found Element By {by.toString()}
2024-04-17 17:54:31,316 [main] INFO  base.BaseClass - Trying to find Element By {by.toString()})
2024-04-17 17:54:31,326 [main] INFO  base.BaseClass - Found Element By {by.toString()}
2024-04-17 17:54:31,841 [main] INFO  base.BaseClass - Trying to find Element By {by.toString()})
2024-04-17 17:54:31,872 [main] INFO  base.BaseClass - Found Element By {by.toString()}
2024-04-17 17:54:32,437 [main] INFO  base.BaseClass - Trying to find Element By {by.toString()})
2024-04-17 17:54:32,469 [main] INFO  base.BaseClass - Found Element By {by.toString()}
2024-04-17 17:54:33,019 [main] INFO  base.BaseClass - Trying to find Element By {by.toString()})
2024-04-17 17:54:33,052 [main] INFO  base.BaseClass - Found Element By {by.toString()}
2024-04-17 17:54:33,598 [main] INFO  base.BaseClass - Trying to find Element By {by.toString()})
2024-04-17 17:54:33,627 [main] INFO  base.BaseClass - Found Element By {by.toString()}
2024-04-17 17:54:34,163 [main] INFO  base.BaseClass - Trying to find Element By {by.toString()})
2024-04-17 17:54:34,194 [main] INFO  base.BaseClass - Found Element By {by.toString()}
2024-04-17 17:54:34,743 [main] INFO  base.BaseClass - Trying to find Element By {by.toString()})
2024-04-17 17:54:34,774 [main] INFO  base.BaseClass - Found Element By {by.toString()}
2024-04-17 17:54:35,320 [main] INFO  base.BaseClass - Trying to find Element By {by.toString()})
2024-04-17 17:54:35,351 [main] INFO  base.BaseClass - Found Element By {by.toString()}
2024-04-17 17:54:35,882 [main] INFO  base.BaseClass - Trying to find Element By {by.toString()})
2024-04-17 17:54:35,916 [main] INFO  base.BaseClass - Found Element By {by.toString()}
2024-04-17 17:54:36,460 [main] INFO  base.BaseClass - Trying to find Element By {by.toString()})
2024-04-17 17:54:36,492 [main] INFO  base.BaseClass - Found Element By {by.toString()}
2024-04-17 17:54:37,037 [main] INFO  base.BaseClass - Trying to find Element By {by.toString()})
2024-04-17 17:54:37,067 [main] INFO  base.BaseClass - Found Element By {by.toString()}
2024-04-17 17:54:37,616 [main] INFO  base.BaseClass - Trying to find Element By {by.toString()})
2024-04-17 17:54:37,647 [main] INFO  base.BaseClass - Found Element By {by.toString()}
2024-04-17 17:54:38,176 [main] INFO  base.BaseClass - Trying to find Element By {by.toString()})
2024-04-17 17:54:38,365 [main] INFO  base.BaseClass - Found Element By {by.toString()}
2024-04-17 17:54:38,913 [main] INFO  base.BaseClass - Trying to find Element By {by.toString()})
2024-04-17 17:54:38,948 [main] INFO  base.BaseClass - Found Element By {by.toString()}
2024-04-17 17:54:39,493 [main] INFO  base.BaseClass - Trying to find Element By {by.toString()})
2024-04-17 17:54:39,548 [main] INFO  base.BaseClass - Found Element By {by.toString()}
2024-04-17 17:54:40,073 [main] INFO  base.BaseClass - Trying to find Element By {by.toString()})
2024-04-17 17:54:40,090 [main] INFO  base.BaseClass - Found Element By {by.toString()}
2024-04-17 17:54:40,621 [main] INFO  base.BaseClass - Trying to find Element By {by.toString()})
2024-04-17 17:54:40,651 [main] INFO  base.BaseClass - Found Element By {by.toString()}
2024-04-17 17:54:41,185 [main] INFO  base.BaseClass - Trying to find Element By {by.toString()})
2024-04-17 17:54:41,214 [main] INFO  base.BaseClass - Found Element By {by.toString()}
2024-04-17 17:54:41,749 [main] INFO  base.BaseClass - Trying to find Element By {by.toString()})
2024-04-17 17:54:41,780 [main] INFO  base.BaseClass - Found Element By {by.toString()}
2024-04-17 17:54:42,332 [main] INFO  base.BaseClass - Trying to find Element By {by.toString()})
2024-04-17 17:54:42,362 [main] INFO  base.BaseClass - Found Element By {by.toString()}
2024-04-17 17:54:42,911 [main] INFO  base.BaseClass - Trying to find Element By {by.toString()})
2024-04-17 17:54:42,941 [main] INFO  base.BaseClass - Found Element By {by.toString()}
2024-04-17 17:54:43,473 [main] INFO  base.BaseClass - Trying to find Element By {by.toString()})
2024-04-17 17:54:43,505 [main] INFO  base.BaseClass - Found Element By {by.toString()}
2024-04-17 17:54:44,038 [main] INFO  base.BaseClass - Trying to find Element By {by.toString()})
2024-04-17 17:54:44,069 [main] INFO  base.BaseClass - Found Element By {by.toString()}
2024-04-17 17:54:44,604 [main] INFO  base.BaseClass - Trying to find Element By {by.toString()})
2024-04-17 17:54:44,638 [main] INFO  base.BaseClass - Found Element By {by.toString()}
2024-04-17 17:54:45,180 [main] INFO  base.BaseClass - Trying to find Element By {by.toString()})
2024-04-17 17:54:45,211 [main] INFO  base.BaseClass - Found Element By {by.toString()}
2024-04-17 17:54:45,774 [main] INFO  base.BaseClass - Trying to find Element By {by.toString()})
2024-04-17 17:54:45,805 [main] INFO  base.BaseClass - Found Element By {by.toString()}
2024-04-17 17:54:46,352 [main] INFO  base.BaseClass - Trying to find Element By {by.toString()})
2024-04-17 17:54:46,382 [main] INFO  base.BaseClass - Found Element By {by.toString()}
2024-04-17 17:54:46,930 [main] INFO  base.BaseClass - Trying to find Element By {by.toString()})
2024-04-17 17:54:46,952 [main] INFO  base.BaseClass - Found Element By {by.toString()}
2024-04-17 17:54:47,491 [main] INFO  base.BaseClass - Trying to find Element By {by.toString()})
2024-04-17 17:54:47,522 [main] INFO  base.BaseClass - Found Element By {by.toString()}
2024-04-17 17:54:48,073 [main] INFO  base.BaseClass - Trying to find Element By {by.toString()})
2024-04-17 17:54:48,095 [main] INFO  base.BaseClass - Found Element By {by.toString()}
2024-04-17 17:54:48,635 [main] INFO  base.BaseClass - Trying to find Element By {by.toString()})
2024-04-17 17:54:48,665 [main] INFO  base.BaseClass - Found Element By {by.toString()}
2024-04-17 17:54:49,217 [main] INFO  base.BaseClass - Trying to find Element By {by.toString()})
2024-04-17 17:54:49,247 [main] INFO  base.BaseClass - Found Element By {by.toString()}
2024-04-17 17:54:49,781 [main] INFO  base.BaseClass - Trying to find Element By {by.toString()})
2024-04-17 17:54:49,813 [main] INFO  base.BaseClass - Found Element By {by.toString()}
2024-04-17 17:54:50,357 [main] INFO  base.BaseClass - Trying to find Element By {by.toString()})
2024-04-17 17:54:50,387 [main] INFO  base.BaseClass - Found Element By {by.toString()}
2024-04-17 17:54:50,923 [main] INFO  base.BaseClass - Trying to find Element By {by.toString()})
2024-04-17 17:54:50,954 [main] INFO  base.BaseClass - Found Element By {by.toString()}
2024-04-17 17:54:51,501 [main] INFO  base.BaseClass - Trying to find Element By {by.toString()})
2024-04-17 17:54:51,532 [main] INFO  base.BaseClass - Found Element By {by.toString()}
2024-04-17 17:54:52,078 [main] INFO  base.BaseClass - Trying to find Element By {by.toString()})
2024-04-17 17:54:52,108 [main] INFO  base.BaseClass - Found Element By {by.toString()}
2024-04-17 17:54:52,654 [main] INFO  base.BaseClass - Trying to find Element By {by.toString()})
2024-04-17 17:54:52,685 [main] INFO  base.BaseClass - Found Element By {by.toString()}
TimeoutException occurred: Expected condition failed: waiting for helper.WaitUtility$5@79360eff (tried for 30 second(s) with 500 milliseconds interval)
Build info: version: '3.141.59', revision: 'e82be7d358', time: '2018-11-14T08:17:03'
System info: host: 'DPLAP166', ip: '137.237.2.236', os.name: 'Windows 10', os.arch: 'amd64', os.version: '10.0', java.version: '19.0.1'
Driver info: org.openqa.selenium.support.events.EventFiringWebDriver
Capabilities {acceptInsecureCerts: true, browserName: chrome, browserVersion: 123.0.6312.123, chrome: {chromedriverVersion: 123.0.6312.122 (31f8248cdd9..., userDataDir: C:\Users\dP-PL\AppData\Loca...}, fedcm:accounts: true, goog:chromeOptions: {debuggerAddress: localhost:51256}, javascriptEnabled: true, networkConnectionEnabled: false, pageLoadStrategy: normal, platform: WINDOWS, platformName: WINDOWS, proxy: Proxy(), setWindowRect: true, strictFileInteractability: false, timeouts: {implicit: 0, pageLoad: 300000, script: 30000}, unhandledPromptBehavior: dismiss and notify, webauthn:extension:credBlob: true, webauthn:extension:largeBlob: true, webauthn:extension:minPinLength: true, webauthn:extension:prf: true, webauthn:virtualAuthenticators: true}
Session ID: a59c4df4811f82049fe754efe723d3c1
2024-04-17 17:54:52,727 [main] ERROR RotationCopy_test - Element did not become visible within the specified time: Expected condition failed: waiting for helper.WaitUtility$5@79360eff (tried for 30 second(s) with 500 milliseconds interval)
Build info: version: '3.141.59', revision: 'e82be7d358', time: '2018-11-14T08:17:03'
System info: host: 'DPLAP166', ip: '137.237.2.236', os.name: 'Windows 10', os.arch: 'amd64', os.version: '10.0', java.version: '19.0.1'
Driver info: org.openqa.selenium.support.events.EventFiringWebDriver
Capabilities {acceptInsecureCerts: true, browserName: chrome, browserVersion: 123.0.6312.123, chrome: {chromedriverVersion: 123.0.6312.122 (31f8248cdd9..., userDataDir: C:\Users\dP-PL\AppData\Loca...}, fedcm:accounts: true, goog:chromeOptions: {debuggerAddress: localhost:51256}, javascriptEnabled: true, networkConnectionEnabled: false, pageLoadStrategy: normal, platform: WINDOWS, platformName: WINDOWS, proxy: Proxy(), setWindowRect: true, strictFileInteractability: false, timeouts: {implicit: 0, pageLoad: 300000, script: 30000}, unhandledPromptBehavior: dismiss and notify, webauthn:extension:credBlob: true, webauthn:extension:largeBlob: true, webauthn:extension:minPinLength: true, webauthn:extension:prf: true, webauthn:virtualAuthenticators: true}
Session ID: a59c4df4811f82049fe754efe723d3c1
2024-04-17 17:54:52,727 [main] INFO  base.BaseClass - Trying to find Element By {by.toString()})
2024-04-17 17:54:52,747 [main] INFO  base.BaseClass - Found Element By {by.toString()}
2024-04-17 17:54:52,747 [main] INFO  base.BaseClass - Trying to click on: {element.toString()}
2024-04-17 17:54:52,852 [main] INFO  base.BaseClass - Clicked on: {element.toString()}
2024-04-17 17:54:52,858 [main] INFO  base.BaseClass - Trying to find Element By {by.toString()})
2024-04-17 17:54:52,892 [main] INFO  base.BaseClass - Found Element By {by.toString()}
2024-04-17 17:54:53,417 [main] INFO  base.BaseClass - Trying to find Element By {by.toString()})
2024-04-17 17:54:53,429 [main] INFO  base.BaseClass - Found Element By {by.toString()}
2024-04-17 17:54:53,947 [main] INFO  base.BaseClass - Trying to find Element By {by.toString()})
2024-04-17 17:54:53,974 [main] INFO  base.BaseClass - Found Element By {by.toString()}
2024-04-17 17:54:54,509 [main] INFO  base.BaseClass - Trying to find Element By {by.toString()})
2024-04-17 17:54:54,539 [main] INFO  base.BaseClass - Found Element By {by.toString()}
2024-04-17 17:54:55,086 [main] INFO  base.BaseClass - Trying to find Element By {by.toString()})
2024-04-17 17:54:55,117 [main] INFO  base.BaseClass - Found Element By {by.toString()}
2024-04-17 17:54:55,648 [main] INFO  base.BaseClass - Trying to find Element By {by.toString()})
2024-04-17 17:54:55,675 [main] INFO  base.BaseClass - Found Element By {by.toString()}
2024-04-17 17:54:56,227 [main] INFO  base.BaseClass - Trying to find Element By {by.toString()})
2024-04-17 17:54:56,252 [main] INFO  base.BaseClass - Found Element By {by.toString()}
2024-04-17 17:54:56,790 [main] INFO  base.BaseClass - Trying to find Element By {by.toString()})
2024-04-17 17:54:56,821 [main] INFO  base.BaseClass - Found Element By {by.toString()}
2024-04-17 17:54:57,344 [main] INFO  base.BaseClass - Trying to find Element By {by.toString()})
2024-04-17 17:54:57,374 [main] INFO  base.BaseClass - Found Element By {by.toString()}
2024-04-17 17:54:57,924 [main] INFO  base.BaseClass - Trying to find Element By {by.toString()})
2024-04-17 17:54:57,955 [main] INFO  base.BaseClass - Found Element By {by.toString()}
2024-04-17 17:54:58,503 [main] INFO  base.BaseClass - Trying to find Element By {by.toString()})
2024-04-17 17:54:58,531 [main] INFO  base.BaseClass - Found Element By {by.toString()}
2024-04-17 17:54:59,068 [main] INFO  base.BaseClass - Trying to find Element By {by.toString()})
2024-04-17 17:54:59,099 [main] INFO  base.BaseClass - Found Element By {by.toString()}
2024-04-17 17:54:59,630 [main] INFO  base.BaseClass - Trying to find Element By {by.toString()})
2024-04-17 17:54:59,660 [main] INFO  base.BaseClass - Found Element By {by.toString()}
2024-04-17 17:55:00,207 [main] INFO  base.BaseClass - Trying to find Element By {by.toString()})
2024-04-17 17:55:00,237 [main] INFO  base.BaseClass - Found Element By {by.toString()}
2024-04-17 17:55:00,787 [main] INFO  base.BaseClass - Trying to find Element By {by.toString()})
2024-04-17 17:55:00,818 [main] INFO  base.BaseClass - Found Element By {by.toString()}
2024-04-17 17:55:01,370 [main] INFO  base.BaseClass - Trying to find Element By {by.toString()})
2024-04-17 17:55:01,400 [main] INFO  base.BaseClass - Found Element By {by.toString()}
2024-04-17 17:55:01,953 [main] INFO  base.BaseClass - Trying to find Element By {by.toString()})
2024-04-17 17:55:01,968 [main] INFO  base.BaseClass - Found Element By {by.toString()}
2024-04-17 17:55:02,488 [main] INFO  base.BaseClass - Trying to find Element By {by.toString()})
2024-04-17 17:55:02,505 [main] INFO  base.BaseClass - Found Element By {by.toString()}
2024-04-17 17:55:03,036 [main] INFO  base.BaseClass - Trying to find Element By {by.toString()})
2024-04-17 17:55:03,064 [main] INFO  base.BaseClass - Found Element By {by.toString()}
2024-04-17 17:55:03,615 [main] INFO  base.BaseClass - Trying to find Element By {by.toString()})
2024-04-17 17:55:03,647 [main] INFO  base.BaseClass - Found Element By {by.toString()}
2024-04-17 17:55:04,189 [main] INFO  base.BaseClass - Trying to find Element By {by.toString()})
2024-04-17 17:55:04,219 [main] INFO  base.BaseClass - Found Element By {by.toString()}
2024-04-17 17:55:04,765 [main] INFO  base.BaseClass - Trying to find Element By {by.toString()})
2024-04-17 17:55:04,795 [main] INFO  base.BaseClass - Found Element By {by.toString()}
2024-04-17 17:55:05,344 [main] INFO  base.BaseClass - Trying to find Element By {by.toString()})
2024-04-17 17:55:05,373 [main] INFO  base.BaseClass - Found Element By {by.toString()}
2024-04-17 17:55:05,923 [main] INFO  base.BaseClass - Trying to find Element By {by.toString()})
2024-04-17 17:55:05,940 [main] INFO  base.BaseClass - Found Element By {by.toString()}
2024-04-17 17:55:06,485 [main] INFO  base.BaseClass - Trying to find Element By {by.toString()})
2024-04-17 17:55:06,515 [main] INFO  base.BaseClass - Found Element By {by.toString()}
2024-04-17 17:55:07,064 [main] INFO  base.BaseClass - Trying to find Element By {by.toString()})
2024-04-17 17:55:07,094 [main] INFO  base.BaseClass - Found Element By {by.toString()}
2024-04-17 17:55:07,645 [main] INFO  base.BaseClass - Trying to find Element By {by.toString()})
2024-04-17 17:55:07,674 [main] INFO  base.BaseClass - Found Element By {by.toString()}
2024-04-17 17:55:08,222 [main] INFO  base.BaseClass - Trying to find Element By {by.toString()})
2024-04-17 17:55:08,252 [main] INFO  base.BaseClass - Found Element By {by.toString()}
2024-04-17 17:55:08,785 [main] INFO  base.BaseClass - Trying to find Element By {by.toString()})
2024-04-17 17:55:08,814 [main] INFO  base.BaseClass - Found Element By {by.toString()}
2024-04-17 17:55:09,362 [main] INFO  base.BaseClass - Trying to find Element By {by.toString()})
2024-04-17 17:55:09,392 [main] INFO  base.BaseClass - Found Element By {by.toString()}
2024-04-17 17:55:09,940 [main] INFO  base.BaseClass - Trying to find Element By {by.toString()})
2024-04-17 17:55:09,970 [main] INFO  base.BaseClass - Found Element By {by.toString()}
2024-04-17 17:55:10,506 [main] INFO  base.BaseClass - Trying to find Element By {by.toString()})
2024-04-17 17:55:10,532 [main] INFO  base.BaseClass - Found Element By {by.toString()}
2024-04-17 17:55:11,054 [main] INFO  base.BaseClass - Trying to find Element By {by.toString()})
2024-04-17 17:55:11,084 [main] INFO  base.BaseClass - Found Element By {by.toString()}
2024-04-17 17:55:11,637 [main] INFO  base.BaseClass - Trying to find Element By {by.toString()})
2024-04-17 17:55:11,666 [main] INFO  base.BaseClass - Found Element By {by.toString()}
2024-04-17 17:55:12,214 [main] INFO  base.BaseClass - Trying to find Element By {by.toString()})
2024-04-17 17:55:12,245 [main] INFO  base.BaseClass - Found Element By {by.toString()}
2024-04-17 17:55:12,791 [main] INFO  base.BaseClass - Trying to find Element By {by.toString()})
2024-04-17 17:55:12,821 [main] INFO  base.BaseClass - Found Element By {by.toString()}
2024-04-17 17:55:13,359 [main] INFO  base.BaseClass - Trying to find Element By {by.toString()})
2024-04-17 17:55:13,388 [main] INFO  base.BaseClass - Found Element By {by.toString()}
2024-04-17 17:55:13,935 [main] INFO  base.BaseClass - Trying to find Element By {by.toString()})
2024-04-17 17:55:13,965 [main] INFO  base.BaseClass - Found Element By {by.toString()}
2024-04-17 17:55:14,510 [main] INFO  base.BaseClass - Trying to find Element By {by.toString()})
2024-04-17 17:55:14,540 [main] INFO  base.BaseClass - Found Element By {by.toString()}
2024-04-17 17:55:15,086 [main] INFO  base.BaseClass - Trying to find Element By {by.toString()})
2024-04-17 17:55:15,115 [main] INFO  base.BaseClass - Found Element By {by.toString()}
2024-04-17 17:55:15,661 [main] INFO  base.BaseClass - Trying to find Element By {by.toString()})
2024-04-17 17:55:15,689 [main] INFO  base.BaseClass - Found Element By {by.toString()}
2024-04-17 17:55:16,223 [main] INFO  base.BaseClass - Trying to find Element By {by.toString()})
2024-04-17 17:55:16,252 [main] INFO  base.BaseClass - Found Element By {by.toString()}
2024-04-17 17:55:16,802 [main] INFO  base.BaseClass - Trying to find Element By {by.toString()})
2024-04-17 17:55:16,831 [main] INFO  base.BaseClass - Found Element By {by.toString()}
2024-04-17 17:55:17,371 [main] INFO  base.BaseClass - Trying to find Element By {by.toString()})
2024-04-17 17:55:17,401 [main] INFO  base.BaseClass - Found Element By {by.toString()}
2024-04-17 17:55:17,931 [main] INFO  base.BaseClass - Trying to find Element By {by.toString()})
2024-04-17 17:55:17,961 [main] INFO  base.BaseClass - Found Element By {by.toString()}
2024-04-17 17:55:18,513 [main] INFO  base.BaseClass - Trying to find Element By {by.toString()})
2024-04-17 17:55:18,542 [main] INFO  base.BaseClass - Found Element By {by.toString()}
2024-04-17 17:55:19,095 [main] INFO  base.BaseClass - Trying to find Element By {by.toString()})
2024-04-17 17:55:19,124 [main] INFO  base.BaseClass - Found Element By {by.toString()}
2024-04-17 17:55:19,674 [main] INFO  base.BaseClass - Trying to find Element By {by.toString()})
2024-04-17 17:55:19,704 [main] INFO  base.BaseClass - Found Element By {by.toString()}
2024-04-17 17:55:20,249 [main] INFO  base.BaseClass - Trying to find Element By {by.toString()})
2024-04-17 17:55:20,279 [main] INFO  base.BaseClass - Found Element By {by.toString()}
2024-04-17 17:55:20,826 [main] INFO  base.BaseClass - Trying to find Element By {by.toString()})
2024-04-17 17:55:20,856 [main] INFO  base.BaseClass - Found Element By {by.toString()}
2024-04-17 17:55:21,392 [main] INFO  base.BaseClass - Trying to find Element By {by.toString()})
2024-04-17 17:55:21,421 [main] INFO  base.BaseClass - Found Element By {by.toString()}
2024-04-17 17:55:21,969 [main] INFO  base.BaseClass - Trying to find Element By {by.toString()})
2024-04-17 17:55:21,998 [main] INFO  base.BaseClass - Found Element By {by.toString()}
2024-04-17 17:55:22,548 [main] INFO  base.BaseClass - Trying to find Element By {by.toString()})
2024-04-17 17:55:22,577 [main] INFO  base.BaseClass - Found Element By {by.toString()}
2024-04-17 17:55:23,125 [main] INFO  base.BaseClass - Trying to find Element By {by.toString()})
2024-04-17 17:55:23,154 [main] INFO  base.BaseClass - Found Element By {by.toString()}
TimeoutException occurred: Expected condition failed: waiting for helper.WaitUtility$5@d4a1d38 (tried for 30 second(s) with 500 milliseconds interval)
Build info: version: '3.141.59', revision: 'e82be7d358', time: '2018-11-14T08:17:03'
System info: host: 'DPLAP166', ip: '137.237.2.236', os.name: 'Windows 10', os.arch: 'amd64', os.version: '10.0', java.version: '19.0.1'
Driver info: org.openqa.selenium.support.events.EventFiringWebDriver
Capabilities {acceptInsecureCerts: true, browserName: chrome, browserVersion: 123.0.6312.123, chrome: {chromedriverVersion: 123.0.6312.122 (31f8248cdd9..., userDataDir: C:\Users\dP-PL\AppData\Loca...}, fedcm:accounts: true, goog:chromeOptions: {debuggerAddress: localhost:51256}, javascriptEnabled: true, networkConnectionEnabled: false, pageLoadStrategy: normal, platform: WINDOWS, platformName: WINDOWS, proxy: Proxy(), setWindowRect: true, strictFileInteractability: false, timeouts: {implicit: 0, pageLoad: 300000, script: 30000}, unhandledPromptBehavior: dismiss and notify, webauthn:extension:credBlob: true, webauthn:extension:largeBlob: true, webauthn:extension:minPinLength: true, webauthn:extension:prf: true, webauthn:virtualAuthenticators: true}
Session ID: a59c4df4811f82049fe754efe723d3c1
2024-04-17 17:55:23,193 [main] ERROR RotationCopy_test - Element did not become visible within the specified time: Expected condition failed: waiting for helper.WaitUtility$5@d4a1d38 (tried for 30 second(s) with 500 milliseconds interval)
Build info: version: '3.141.59', revision: 'e82be7d358', time: '2018-11-14T08:17:03'
System info: host: 'DPLAP166', ip: '137.237.2.236', os.name: 'Windows 10', os.arch: 'amd64', os.version: '10.0', java.version: '19.0.1'
Driver info: org.openqa.selenium.support.events.EventFiringWebDriver
Capabilities {acceptInsecureCerts: true, browserName: chrome, browserVersion: 123.0.6312.123, chrome: {chromedriverVersion: 123.0.6312.122 (31f8248cdd9..., userDataDir: C:\Users\dP-PL\AppData\Loca...}, fedcm:accounts: true, goog:chromeOptions: {debuggerAddress: localhost:51256}, javascriptEnabled: true, networkConnectionEnabled: false, pageLoadStrategy: normal, platform: WINDOWS, platformName: WINDOWS, proxy: Proxy(), setWindowRect: true, strictFileInteractability: false, timeouts: {implicit: 0, pageLoad: 300000, script: 30000}, unhandledPromptBehavior: dismiss and notify, webauthn:extension:credBlob: true, webauthn:extension:largeBlob: true, webauthn:extension:minPinLength: true, webauthn:extension:prf: true, webauthn:virtualAuthenticators: true}
Session ID: a59c4df4811f82049fe754efe723d3c1
2024-04-17 17:55:23,193 [main] INFO  base.BaseClass - Trying to find Element By {by.toString()})
2024-04-17 17:55:23,214 [main] INFO  base.BaseClass - Found Element By {by.toString()}
2024-04-17 17:55:23,214 [main] INFO  base.BaseClass - Trying to click on: {element.toString()}
2024-04-17 17:55:23,283 [main] INFO  base.BaseClass - Clicked on: {element.toString()}
2024-04-17 17:55:23,289 [main] INFO  base.BaseClass - Trying to find Element By {by.toString()})
2024-04-17 17:55:23,302 [main] INFO  base.BaseClass - Found Element By {by.toString()}
2024-04-17 17:55:23,828 [main] INFO  base.BaseClass - Trying to find Element By {by.toString()})
2024-04-17 17:55:24,209 [main] INFO  base.BaseClass - Found Element By {by.toString()}
2024-04-17 17:55:24,731 [main] INFO  base.BaseClass - Trying to find Element By {by.toString()})
2024-04-17 17:55:24,763 [main] INFO  base.BaseClass - Found Element By {by.toString()}
2024-04-17 17:55:25,312 [main] INFO  base.BaseClass - Trying to find Element By {by.toString()})
2024-04-17 17:55:25,343 [main] INFO  base.BaseClass - Found Element By {by.toString()}
2024-04-17 17:55:25,885 [main] INFO  base.BaseClass - Trying to find Element By {by.toString()})
2024-04-17 17:55:25,917 [main] INFO  base.BaseClass - Found Element By {by.toString()}
2024-04-17 17:55:26,466 [main] INFO  base.BaseClass - Trying to find Element By {by.toString()})
2024-04-17 17:55:26,486 [main] INFO  base.BaseClass - Found Element By {by.toString()}
2024-04-17 17:55:27,030 [main] INFO  base.BaseClass - Trying to find Element By {by.toString()})
2024-04-17 17:55:27,060 [main] INFO  base.BaseClass - Found Element By {by.toString()}
2024-04-17 17:55:27,592 [main] INFO  base.BaseClass - Trying to find Element By {by.toString()})
2024-04-17 17:55:27,629 [main] INFO  base.BaseClass - Found Element By {by.toString()}
2024-04-17 17:55:28,157 [main] INFO  base.BaseClass - Trying to find Element By {by.toString()})
2024-04-17 17:55:28,187 [main] INFO  base.BaseClass - Found Element By {by.toString()}
2024-04-17 17:55:28,736 [main] INFO  base.BaseClass - Trying to find Element By {by.toString()})
2024-04-17 17:55:28,766 [main] INFO  base.BaseClass - Found Element By {by.toString()}
2024-04-17 17:55:29,315 [main] INFO  base.BaseClass - Trying to find Element By {by.toString()})
2024-04-17 17:55:29,343 [main] INFO  base.BaseClass - Found Element By {by.toString()}
2024-04-17 17:55:29,881 [main] INFO  base.BaseClass - Trying to find Element By {by.toString()})
2024-04-17 17:55:29,911 [main] INFO  base.BaseClass - Found Element By {by.toString()}
2024-04-17 17:55:30,459 [main] INFO  base.BaseClass - Trying to find Element By {by.toString()})
2024-04-17 17:55:30,489 [main] INFO  base.BaseClass - Found Element By {by.toString()}
2024-04-17 17:55:31,034 [main] INFO  base.BaseClass - Trying to find Element By {by.toString()})
2024-04-17 17:55:31,066 [main] INFO  base.BaseClass - Found Element By {by.toString()}
2024-04-17 17:55:31,613 [main] INFO  base.BaseClass - Trying to find Element By {by.toString()})
2024-04-17 17:55:31,642 [main] INFO  base.BaseClass - Found Element By {by.toString()}
2024-04-17 17:55:32,191 [main] INFO  base.BaseClass - Trying to find Element By {by.toString()})
2024-04-17 17:55:32,221 [main] INFO  base.BaseClass - Found Element By {by.toString()}
2024-04-17 17:55:32,766 [main] INFO  base.BaseClass - Trying to find Element By {by.toString()})
2024-04-17 17:55:32,785 [main] INFO  base.BaseClass - Found Element By {by.toString()}
2024-04-17 17:55:33,313 [main] INFO  base.BaseClass - Trying to find Element By {by.toString()})
2024-04-17 17:55:33,347 [main] INFO  base.BaseClass - Found Element By {by.toString()}
2024-04-17 17:55:33,889 [main] INFO  base.BaseClass - Trying to find Element By {by.toString()})
2024-04-17 17:55:33,919 [main] INFO  base.BaseClass - Found Element By {by.toString()}
2024-04-17 17:55:34,471 [main] INFO  base.BaseClass - Trying to find Element By {by.toString()})
2024-04-17 17:55:34,501 [main] INFO  base.BaseClass - Found Element By {by.toString()}
2024-04-17 17:55:35,050 [main] INFO  base.BaseClass - Trying to find Element By {by.toString()})
2024-04-17 17:55:35,079 [main] INFO  base.BaseClass - Found Element By {by.toString()}
2024-04-17 17:55:35,616 [main] INFO  base.BaseClass - Trying to find Element By {by.toString()})
2024-04-17 17:55:35,648 [main] INFO  base.BaseClass - Found Element By {by.toString()}
2024-04-17 17:55:36,195 [main] INFO  base.BaseClass - Trying to find Element By {by.toString()})
2024-04-17 17:55:36,225 [main] INFO  base.BaseClass - Found Element By {by.toString()}
2024-04-17 17:55:36,775 [main] INFO  base.BaseClass - Trying to find Element By {by.toString()})
2024-04-17 17:55:36,806 [main] INFO  base.BaseClass - Found Element By {by.toString()}
2024-04-17 17:55:37,351 [main] INFO  base.BaseClass - Trying to find Element By {by.toString()})
2024-04-17 17:55:37,374 [main] INFO  base.BaseClass - Found Element By {by.toString()}
2024-04-17 17:55:37,918 [main] INFO  base.BaseClass - Trying to find Element By {by.toString()})
2024-04-17 17:55:37,929 [main] INFO  base.BaseClass - Found Element By {by.toString()}
2024-04-17 17:55:38,451 [main] INFO  base.BaseClass - Trying to find Element By {by.toString()})
2024-04-17 17:55:38,481 [main] INFO  base.BaseClass - Found Element By {by.toString()}
2024-04-17 17:55:39,029 [main] INFO  base.BaseClass - Trying to find Element By {by.toString()})
2024-04-17 17:55:39,060 [main] INFO  base.BaseClass - Found Element By {by.toString()}
2024-04-17 17:55:39,608 [main] INFO  base.BaseClass - Trying to find Element By {by.toString()})
2024-04-17 17:55:39,638 [main] INFO  base.BaseClass - Found Element By {by.toString()}
2024-04-17 17:55:40,189 [main] INFO  base.BaseClass - Trying to find Element By {by.toString()})
2024-04-17 17:55:40,205 [main] INFO  base.BaseClass - Found Element By {by.toString()}
2024-04-17 17:55:40,734 [main] INFO  base.BaseClass - Trying to find Element By {by.toString()})
2024-04-17 17:55:40,764 [main] INFO  base.BaseClass - Found Element By {by.toString()}
2024-04-17 17:55:41,313 [main] INFO  base.BaseClass - Trying to find Element By {by.toString()})
2024-04-17 17:55:41,341 [main] INFO  base.BaseClass - Found Element By {by.toString()}
2024-04-17 17:55:41,871 [main] INFO  base.BaseClass - Trying to find Element By {by.toString()})
2024-04-17 17:55:41,898 [main] INFO  base.BaseClass - Found Element By {by.toString()}
2024-04-17 17:55:42,433 [main] INFO  base.BaseClass - Trying to find Element By {by.toString()})
2024-04-17 17:55:42,463 [main] INFO  base.BaseClass - Found Element By {by.toString()}
2024-04-17 17:55:43,006 [main] INFO  base.BaseClass - Trying to find Element By {by.toString()})
2024-04-17 17:55:43,023 [main] INFO  base.BaseClass - Found Element By {by.toString()}
2024-04-17 17:55:43,554 [main] INFO  base.BaseClass - Trying to find Element By {by.toString()})
2024-04-17 17:55:43,575 [main] INFO  base.BaseClass - Found Element By {by.toString()}
2024-04-17 17:55:44,115 [main] INFO  base.BaseClass - Trying to find Element By {by.toString()})
2024-04-17 17:55:44,146 [main] INFO  base.BaseClass - Found Element By {by.toString()}
2024-04-17 17:55:44,679 [main] INFO  base.BaseClass - Trying to find Element By {by.toString()})
2024-04-17 17:55:44,703 [main] INFO  base.BaseClass - Found Element By {by.toString()}
2024-04-17 17:55:45,242 [main] INFO  base.BaseClass - Trying to find Element By {by.toString()})
2024-04-17 17:55:45,269 [main] INFO  base.BaseClass - Found Element By {by.toString()}
2024-04-17 17:55:45,803 [main] INFO  base.BaseClass - Trying to find Element By {by.toString()})
2024-04-17 17:55:45,830 [main] INFO  base.BaseClass - Found Element By {by.toString()}
2024-04-17 17:55:46,366 [main] INFO  base.BaseClass - Trying to find Element By {by.toString()})
2024-04-17 17:55:46,396 [main] INFO  base.BaseClass - Found Element By {by.toString()}
2024-04-17 17:55:46,947 [main] INFO  base.BaseClass - Trying to find Element By {by.toString()})
2024-04-17 17:55:46,976 [main] INFO  base.BaseClass - Found Element By {by.toString()}
2024-04-17 17:55:47,513 [main] INFO  base.BaseClass - Trying to find Element By {by.toString()})
2024-04-17 17:55:47,530 [main] INFO  base.BaseClass - Found Element By {by.toString()}
2024-04-17 17:55:48,060 [main] INFO  base.BaseClass - Trying to find Element By {by.toString()})
2024-04-17 17:55:48,090 [main] INFO  base.BaseClass - Found Element By {by.toString()}
2024-04-17 17:55:48,639 [main] INFO  base.BaseClass - Trying to find Element By {by.toString()})
2024-04-17 17:55:48,668 [main] INFO  base.BaseClass - Found Element By {by.toString()}
2024-04-17 17:55:49,219 [main] INFO  base.BaseClass - Trying to find Element By {by.toString()})
2024-04-17 17:55:49,241 [main] INFO  base.BaseClass - Found Element By {by.toString()}
2024-04-17 17:55:49,762 [main] INFO  base.BaseClass - Trying to find Element By {by.toString()})
2024-04-17 17:55:49,792 [main] INFO  base.BaseClass - Found Element By {by.toString()}
2024-04-17 17:55:50,339 [main] INFO  base.BaseClass - Trying to find Element By {by.toString()})
2024-04-17 17:55:50,369 [main] INFO  base.BaseClass - Found Element By {by.toString()}
2024-04-17 17:55:50,915 [main] INFO  base.BaseClass - Trying to find Element By {by.toString()})
2024-04-17 17:55:50,944 [main] INFO  base.BaseClass - Found Element By {by.toString()}
2024-04-17 17:55:51,491 [main] INFO  base.BaseClass - Trying to find Element By {by.toString()})
2024-04-17 17:55:51,522 [main] INFO  base.BaseClass - Found Element By {by.toString()}
2024-04-17 17:55:52,074 [main] INFO  base.BaseClass - Trying to find Element By {by.toString()})
2024-04-17 17:55:52,104 [main] INFO  base.BaseClass - Found Element By {by.toString()}
2024-04-17 17:55:52,649 [main] INFO  base.BaseClass - Trying to find Element By {by.toString()})
2024-04-17 17:55:52,678 [main] INFO  base.BaseClass - Found Element By {by.toString()}
2024-04-17 17:55:53,210 [main] INFO  base.BaseClass - Trying to find Element By {by.toString()})
2024-04-17 17:55:53,241 [main] INFO  base.BaseClass - Found Element By {by.toString()}
2024-04-17 17:55:53,787 [main] INFO  base.BaseClass - Trying to find Element By {by.toString()})
2024-04-17 17:55:53,815 [main] INFO  base.BaseClass - Found Element By {by.toString()}
TimeoutException occurred: Expected condition failed: waiting for helper.WaitUtility$5@4e85c657 (tried for 30 second(s) with 500 milliseconds interval)
Build info: version: '3.141.59', revision: 'e82be7d358', time: '2018-11-14T08:17:03'
System info: host: 'DPLAP166', ip: '137.237.2.236', os.name: 'Windows 10', os.arch: 'amd64', os.version: '10.0', java.version: '19.0.1'
Driver info: org.openqa.selenium.support.events.EventFiringWebDriver
Capabilities {acceptInsecureCerts: true, browserName: chrome, browserVersion: 123.0.6312.123, chrome: {chromedriverVersion: 123.0.6312.122 (31f8248cdd9..., userDataDir: C:\Users\dP-PL\AppData\Loca...}, fedcm:accounts: true, goog:chromeOptions: {debuggerAddress: localhost:51256}, javascriptEnabled: true, networkConnectionEnabled: false, pageLoadStrategy: normal, platform: WINDOWS, platformName: WINDOWS, proxy: Proxy(), setWindowRect: true, strictFileInteractability: false, timeouts: {implicit: 0, pageLoad: 300000, script: 30000}, unhandledPromptBehavior: dismiss and notify, webauthn:extension:credBlob: true, webauthn:extension:largeBlob: true, webauthn:extension:minPinLength: true, webauthn:extension:prf: true, webauthn:virtualAuthenticators: true}
Session ID: a59c4df4811f82049fe754efe723d3c1
2024-04-17 17:55:53,852 [main] ERROR RotationCopy_test - Element did not become visible within the specified time: Expected condition failed: waiting for helper.WaitUtility$5@4e85c657 (tried for 30 second(s) with 500 milliseconds interval)
Build info: version: '3.141.59', revision: 'e82be7d358', time: '2018-11-14T08:17:03'
System info: host: 'DPLAP166', ip: '137.237.2.236', os.name: 'Windows 10', os.arch: 'amd64', os.version: '10.0', java.version: '19.0.1'
Driver info: org.openqa.selenium.support.events.EventFiringWebDriver
Capabilities {acceptInsecureCerts: true, browserName: chrome, browserVersion: 123.0.6312.123, chrome: {chromedriverVersion: 123.0.6312.122 (31f8248cdd9..., userDataDir: C:\Users\dP-PL\AppData\Loca...}, fedcm:accounts: true, goog:chromeOptions: {debuggerAddress: localhost:51256}, javascriptEnabled: true, networkConnectionEnabled: false, pageLoadStrategy: normal, platform: WINDOWS, platformName: WINDOWS, proxy: Proxy(), setWindowRect: true, strictFileInteractability: false, timeouts: {implicit: 0, pageLoad: 300000, script: 30000}, unhandledPromptBehavior: dismiss and notify, webauthn:extension:credBlob: true, webauthn:extension:largeBlob: true, webauthn:extension:minPinLength: true, webauthn:extension:prf: true, webauthn:virtualAuthenticators: true}
Session ID: a59c4df4811f82049fe754efe723d3c1
2024-04-17 17:55:53,853 [main] INFO  base.BaseClass - Trying to find Element By {by.toString()})
2024-04-17 17:55:53,870 [main] INFO  base.BaseClass - Found Element By {by.toString()}
2024-04-17 17:55:53,870 [main] INFO  base.BaseClass - Trying to click on: {element.toString()}
2024-04-17 17:55:53,999 [main] INFO  base.BaseClass - Clicked on: {element.toString()}
2024-04-17 17:55:53,999 [main] INFO  base.BaseClass - Trying to find Element By {by.toString()})
2024-04-17 17:55:54,837 [main] INFO  base.BaseClass - Found Element By {by.toString()}
2024-04-17 17:55:55,358 [main] INFO  base.BaseClass - Trying to find Element By {by.toString()})
2024-04-17 17:55:55,389 [main] INFO  base.BaseClass - Found Element By {by.toString()}
2024-04-17 17:55:55,935 [main] INFO  base.BaseClass - Trying to find Element By {by.toString()})
2024-04-17 17:55:55,967 [main] INFO  base.BaseClass - Found Element By {by.toString()}
2024-04-17 17:55:56,518 [main] INFO  base.BaseClass - Trying to find Element By {by.toString()})
2024-04-17 17:55:56,550 [main] INFO  base.BaseClass - Found Element By {by.toString()}
2024-04-17 17:55:57,098 [main] INFO  base.BaseClass - Trying to find Element By {by.toString()})
2024-04-17 17:55:57,128 [main] INFO  base.BaseClass - Found Element By {by.toString()}
2024-04-17 17:55:57,680 [main] INFO  base.BaseClass - Trying to find Element By {by.toString()})
2024-04-17 17:55:57,710 [main] INFO  base.BaseClass - Found Element By {by.toString()}
2024-04-17 17:55:58,253 [main] INFO  base.BaseClass - Trying to find Element By {by.toString()})
2024-04-17 17:55:58,284 [main] INFO  base.BaseClass - Found Element By {by.toString()}
2024-04-17 17:55:58,830 [main] INFO  base.BaseClass - Trying to find Element By {by.toString()})
2024-04-17 17:55:58,860 [main] INFO  base.BaseClass - Found Element By {by.toString()}
2024-04-17 17:55:59,411 [main] INFO  base.BaseClass - Trying to find Element By {by.toString()})
2024-04-17 17:55:59,442 [main] INFO  base.BaseClass - Found Element By {by.toString()}
2024-04-17 17:55:59,989 [main] INFO  base.BaseClass - Trying to find Element By {by.toString()})
2024-04-17 17:56:00,022 [main] INFO  base.BaseClass - Found Element By {by.toString()}
2024-04-17 17:56:00,564 [main] INFO  base.BaseClass - Trying to find Element By {by.toString()})
2024-04-17 17:56:00,598 [main] INFO  base.BaseClass - Found Element By {by.toString()}
2024-04-17 17:56:01,140 [main] INFO  base.BaseClass - Trying to find Element By {by.toString()})
2024-04-17 17:56:01,171 [main] INFO  base.BaseClass - Found Element By {by.toString()}
2024-04-17 17:56:01,721 [main] INFO  base.BaseClass - Trying to find Element By {by.toString()})
2024-04-17 17:56:01,753 [main] INFO  base.BaseClass - Found Element By {by.toString()}
2024-04-17 17:56:02,296 [main] INFO  base.BaseClass - Trying to find Element By {by.toString()})
2024-04-17 17:56:02,328 [main] INFO  base.BaseClass - Found Element By {by.toString()}
2024-04-17 17:56:02,876 [main] INFO  base.BaseClass - Trying to find Element By {by.toString()})
2024-04-17 17:56:02,906 [main] INFO  base.BaseClass - Found Element By {by.toString()}
2024-04-17 17:56:03,441 [main] INFO  base.BaseClass - Trying to find Element By {by.toString()})
2024-04-17 17:56:03,472 [main] INFO  base.BaseClass - Found Element By {by.toString()}
2024-04-17 17:56:04,018 [main] INFO  base.BaseClass - Trying to find Element By {by.toString()})
2024-04-17 17:56:04,050 [main] INFO  base.BaseClass - Found Element By {by.toString()}
2024-04-17 17:56:04,595 [main] INFO  base.BaseClass - Trying to find Element By {by.toString()})
2024-04-17 17:56:04,627 [main] INFO  base.BaseClass - Found Element By {by.toString()}
2024-04-17 17:56:05,177 [main] INFO  base.BaseClass - Trying to find Element By {by.toString()})
2024-04-17 17:56:05,208 [main] INFO  base.BaseClass - Found Element By {by.toString()}
2024-04-17 17:56:05,724 [main] INFO  base.BaseClass - Trying to find Element By {by.toString()})
2024-04-17 17:56:05,755 [main] INFO  base.BaseClass - Found Element By {by.toString()}
2024-04-17 17:56:06,292 [main] INFO  base.BaseClass - Trying to find Element By {by.toString()})
2024-04-17 17:56:06,324 [main] INFO  base.BaseClass - Found Element By {by.toString()}
2024-04-17 17:56:06,875 [main] INFO  base.BaseClass - Trying to find Element By {by.toString()})
2024-04-17 17:56:06,907 [main] INFO  base.BaseClass - Found Element By {by.toString()}
2024-04-17 17:56:07,441 [main] INFO  base.BaseClass - Trying to find Element By {by.toString()})
2024-04-17 17:56:07,471 [main] INFO  base.BaseClass - Found Element By {by.toString()}
2024-04-17 17:56:08,016 [main] INFO  base.BaseClass - Trying to find Element By {by.toString()})
2024-04-17 17:56:08,038 [main] INFO  base.BaseClass - Found Element By {by.toString()}
2024-04-17 17:56:08,561 [main] INFO  base.BaseClass - Trying to find Element By {by.toString()})
2024-04-17 17:56:08,578 [main] INFO  base.BaseClass - Found Element By {by.toString()}
2024-04-17 17:56:09,121 [main] INFO  base.BaseClass - Trying to find Element By {by.toString()})
2024-04-17 17:56:09,154 [main] INFO  base.BaseClass - Found Element By {by.toString()}
2024-04-17 17:56:09,701 [main] INFO  base.BaseClass - Trying to find Element By {by.toString()})
2024-04-17 17:56:09,733 [main] INFO  base.BaseClass - Found Element By {by.toString()}
2024-04-17 17:56:10,280 [main] INFO  base.BaseClass - Trying to find Element By {by.toString()})
2024-04-17 17:56:10,311 [main] INFO  base.BaseClass - Found Element By {by.toString()}
2024-04-17 17:56:10,862 [main] INFO  base.BaseClass - Trying to find Element By {by.toString()})
2024-04-17 17:56:10,894 [main] INFO  base.BaseClass - Found Element By {by.toString()}
2024-04-17 17:56:11,439 [main] INFO  base.BaseClass - Trying to find Element By {by.toString()})
2024-04-17 17:56:11,456 [main] INFO  base.BaseClass - Found Element By {by.toString()}
2024-04-17 17:56:11,988 [main] INFO  base.BaseClass - Trying to find Element By {by.toString()})
2024-04-17 17:56:12,018 [main] INFO  base.BaseClass - Found Element By {by.toString()}
2024-04-17 17:56:12,563 [main] INFO  base.BaseClass - Trying to find Element By {by.toString()})
2024-04-17 17:56:12,594 [main] INFO  base.BaseClass - Found Element By {by.toString()}
2024-04-17 17:56:13,140 [main] INFO  base.BaseClass - Trying to find Element By {by.toString()})
2024-04-17 17:56:13,170 [main] INFO  base.BaseClass - Found Element By {by.toString()}
2024-04-17 17:56:13,718 [main] INFO  base.BaseClass - Trying to find Element By {by.toString()})
2024-04-17 17:56:13,749 [main] INFO  base.BaseClass - Found Element By {by.toString()}
2024-04-17 17:56:14,295 [main] INFO  base.BaseClass - Trying to find Element By {by.toString()})
2024-04-17 17:56:14,326 [main] INFO  base.BaseClass - Found Element By {by.toString()}
2024-04-17 17:56:14,871 [main] INFO  base.BaseClass - Trying to find Element By {by.toString()})
2024-04-17 17:56:14,902 [main] INFO  base.BaseClass - Found Element By {by.toString()}
2024-04-17 17:56:15,447 [main] INFO  base.BaseClass - Trying to find Element By {by.toString()})
2024-04-17 17:56:15,479 [main] INFO  base.BaseClass - Found Element By {by.toString()}
2024-04-17 17:56:16,011 [main] INFO  base.BaseClass - Trying to find Element By {by.toString()})
2024-04-17 17:56:16,041 [main] INFO  base.BaseClass - Found Element By {by.toString()}
2024-04-17 17:56:16,587 [main] INFO  base.BaseClass - Trying to find Element By {by.toString()})
2024-04-17 17:56:16,619 [main] INFO  base.BaseClass - Found Element By {by.toString()}
2024-04-17 17:56:17,167 [main] INFO  base.BaseClass - Trying to find Element By {by.toString()})
2024-04-17 17:56:17,199 [main] INFO  base.BaseClass - Found Element By {by.toString()}
2024-04-17 17:56:17,745 [main] INFO  base.BaseClass - Trying to find Element By {by.toString()})
2024-04-17 17:56:17,776 [main] INFO  base.BaseClass - Found Element By {by.toString()}
2024-04-17 17:56:18,326 [main] INFO  base.BaseClass - Trying to find Element By {by.toString()})
2024-04-17 17:56:18,358 [main] INFO  base.BaseClass - Found Element By {by.toString()}
2024-04-17 17:56:18,905 [main] INFO  base.BaseClass - Trying to find Element By {by.toString()})
2024-04-17 17:56:18,936 [main] INFO  base.BaseClass - Found Element By {by.toString()}
2024-04-17 17:56:19,487 [main] INFO  base.BaseClass - Trying to find Element By {by.toString()})
2024-04-17 17:56:19,514 [main] INFO  base.BaseClass - Found Element By {by.toString()}
2024-04-17 17:56:20,049 [main] INFO  base.BaseClass - Trying to find Element By {by.toString()})
2024-04-17 17:56:20,078 [main] INFO  base.BaseClass - Found Element By {by.toString()}
2024-04-17 17:56:20,629 [main] INFO  base.BaseClass - Trying to find Element By {by.toString()})
2024-04-17 17:56:20,660 [main] INFO  base.BaseClass - Found Element By {by.toString()}
2024-04-17 17:56:21,206 [main] INFO  base.BaseClass - Trying to find Element By {by.toString()})
2024-04-17 17:56:21,242 [main] INFO  base.BaseClass - Found Element By {by.toString()}
2024-04-17 17:56:21,788 [main] INFO  base.BaseClass - Trying to find Element By {by.toString()})
2024-04-17 17:56:21,820 [main] INFO  base.BaseClass - Found Element By {by.toString()}
2024-04-17 17:56:22,368 [main] INFO  base.BaseClass - Trying to find Element By {by.toString()})
2024-04-17 17:56:22,399 [main] INFO  base.BaseClass - Found Element By {by.toString()}
2024-04-17 17:56:22,945 [main] INFO  base.BaseClass - Trying to find Element By {by.toString()})
2024-04-17 17:56:23,000 [main] INFO  base.BaseClass - Found Element By {by.toString()}
2024-04-17 17:56:23,523 [main] INFO  base.BaseClass - Trying to find Element By {by.toString()})
2024-04-17 17:56:23,551 [main] INFO  base.BaseClass - Found Element By {by.toString()}
2024-04-17 17:56:24,087 [main] INFO  base.BaseClass - Trying to find Element By {by.toString()})
2024-04-17 17:56:24,113 [main] INFO  base.BaseClass - Found Element By {by.toString()}
TimeoutException occurred: Expected condition failed: waiting for helper.WaitUtility$5@77644bb (tried for 30 second(s) with 500 milliseconds interval)
Build info: version: '3.141.59', revision: 'e82be7d358', time: '2018-11-14T08:17:03'
System info: host: 'DPLAP166', ip: '137.237.2.236', os.name: 'Windows 10', os.arch: 'amd64', os.version: '10.0', java.version: '19.0.1'
Driver info: org.openqa.selenium.support.events.EventFiringWebDriver
Capabilities {acceptInsecureCerts: true, browserName: chrome, browserVersion: 123.0.6312.123, chrome: {chromedriverVersion: 123.0.6312.122 (31f8248cdd9..., userDataDir: C:\Users\dP-PL\AppData\Loca...}, fedcm:accounts: true, goog:chromeOptions: {debuggerAddress: localhost:51256}, javascriptEnabled: true, networkConnectionEnabled: false, pageLoadStrategy: normal, platform: WINDOWS, platformName: WINDOWS, proxy: Proxy(), setWindowRect: true, strictFileInteractability: false, timeouts: {implicit: 0, pageLoad: 300000, script: 30000}, unhandledPromptBehavior: dismiss and notify, webauthn:extension:credBlob: true, webauthn:extension:largeBlob: true, webauthn:extension:minPinLength: true, webauthn:extension:prf: true, webauthn:virtualAuthenticators: true}
Session ID: a59c4df4811f82049fe754efe723d3c1
2024-04-17 17:56:24,148 [main] ERROR RotationCopy_test - Element did not become visible within the specified time: Expected condition failed: waiting for helper.WaitUtility$5@77644bb (tried for 30 second(s) with 500 milliseconds interval)
Build info: version: '3.141.59', revision: 'e82be7d358', time: '2018-11-14T08:17:03'
System info: host: 'DPLAP166', ip: '137.237.2.236', os.name: 'Windows 10', os.arch: 'amd64', os.version: '10.0', java.version: '19.0.1'
Driver info: org.openqa.selenium.support.events.EventFiringWebDriver
Capabilities {acceptInsecureCerts: true, browserName: chrome, browserVersion: 123.0.6312.123, chrome: {chromedriverVersion: 123.0.6312.122 (31f8248cdd9..., userDataDir: C:\Users\dP-PL\AppData\Loca...}, fedcm:accounts: true, goog:chromeOptions: {debuggerAddress: localhost:51256}, javascriptEnabled: true, networkConnectionEnabled: false, pageLoadStrategy: normal, platform: WINDOWS, platformName: WINDOWS, proxy: Proxy(), setWindowRect: true, strictFileInteractability: false, timeouts: {implicit: 0, pageLoad: 300000, script: 30000}, unhandledPromptBehavior: dismiss and notify, webauthn:extension:credBlob: true, webauthn:extension:largeBlob: true, webauthn:extension:minPinLength: true, webauthn:extension:prf: true, webauthn:virtualAuthenticators: true}
Session ID: a59c4df4811f82049fe754efe723d3c1
2024-04-17 17:56:24,149 [main] INFO  base.BaseClass - Trying to find Element By {by.toString()})
2024-04-17 17:56:24,159 [main] INFO  base.BaseClass - Found Element By {by.toString()}
2024-04-17 17:56:24,159 [main] INFO  base.BaseClass - Trying to click on: {element.toString()}
2024-04-17 17:56:24,224 [main] INFO  base.BaseClass - Clicked on: {element.toString()}
2024-04-17 17:56:24,224 [main] INFO  base.BaseClass - Trying to find Element By {by.toString()})
2024-04-17 17:56:24,238 [main] INFO  base.BaseClass - Found Element By {by.toString()}
2024-04-17 17:56:24,757 [main] INFO  base.BaseClass - Trying to find Element By {by.toString()})
2024-04-17 17:56:24,789 [main] INFO  base.BaseClass - Found Element By {by.toString()}
2024-04-17 17:56:25,351 [main] INFO  base.BaseClass - Trying to find Element By {by.toString()})
2024-04-17 17:56:25,384 [main] INFO  base.BaseClass - Found Element By {by.toString()}
2024-04-17 17:56:25,931 [main] INFO  base.BaseClass - Trying to find Element By {by.toString()})
2024-04-17 17:56:25,959 [main] INFO  base.BaseClass - Found Element By {by.toString()}
2024-04-17 17:56:26,495 [main] INFO  base.BaseClass - Trying to find Element By {by.toString()})
2024-04-17 17:56:26,526 [main] INFO  base.BaseClass - Found Element By {by.toString()}
2024-04-17 17:56:27,060 [main] INFO  base.BaseClass - Trying to find Element By {by.toString()})
2024-04-17 17:56:27,092 [main] INFO  base.BaseClass - Found Element By {by.toString()}
2024-04-17 17:56:27,642 [main] INFO  base.BaseClass - Trying to find Element By {by.toString()})
2024-04-17 17:56:27,672 [main] INFO  base.BaseClass - Found Element By {by.toString()}
2024-04-17 17:56:28,225 [main] INFO  base.BaseClass - Trying to find Element By {by.toString()})
2024-04-17 17:56:28,256 [main] INFO  base.BaseClass - Found Element By {by.toString()}
2024-04-17 17:56:28,803 [main] INFO  base.BaseClass - Trying to find Element By {by.toString()})
2024-04-17 17:56:28,834 [main] INFO  base.BaseClass - Found Element By {by.toString()}
2024-04-17 17:56:29,380 [main] INFO  base.BaseClass - Trying to find Element By {by.toString()})
2024-04-17 17:56:29,411 [main] INFO  base.BaseClass - Found Element By {by.toString()}
2024-04-17 17:56:29,957 [main] INFO  base.BaseClass - Trying to find Element By {by.toString()})
2024-04-17 17:56:29,988 [main] INFO  base.BaseClass - Found Element By {by.toString()}
2024-04-17 17:56:30,538 [main] INFO  base.BaseClass - Trying to find Element By {by.toString()})
2024-04-17 17:56:30,569 [main] INFO  base.BaseClass - Found Element By {by.toString()}
2024-04-17 17:56:31,097 [main] INFO  base.BaseClass - Trying to find Element By {by.toString()})
2024-04-17 17:56:31,129 [main] INFO  base.BaseClass - Found Element By {by.toString()}
2024-04-17 17:56:31,675 [main] INFO  base.BaseClass - Trying to find Element By {by.toString()})
2024-04-17 17:56:31,707 [main] INFO  base.BaseClass - Found Element By {by.toString()}
2024-04-17 17:56:32,254 [main] INFO  base.BaseClass - Trying to find Element By {by.toString()})
2024-04-17 17:56:32,288 [main] INFO  base.BaseClass - Found Element By {by.toString()}
2024-04-17 17:56:32,830 [main] INFO  base.BaseClass - Trying to find Element By {by.toString()})
2024-04-17 17:56:32,861 [main] INFO  base.BaseClass - Found Element By {by.toString()}
2024-04-17 17:56:33,409 [main] INFO  base.BaseClass - Trying to find Element By {by.toString()})
2024-04-17 17:56:33,442 [main] INFO  base.BaseClass - Found Element By {by.toString()}
2024-04-17 17:56:33,970 [main] INFO  base.BaseClass - Trying to find Element By {by.toString()})
2024-04-17 17:56:34,002 [main] INFO  base.BaseClass - Found Element By {by.toString()}
2024-04-17 17:56:34,549 [main] INFO  base.BaseClass - Trying to find Element By {by.toString()})
2024-04-17 17:56:34,583 [main] INFO  base.BaseClass - Found Element By {by.toString()}
2024-04-17 17:56:35,113 [main] INFO  base.BaseClass - Trying to find Element By {by.toString()})
2024-04-17 17:56:35,144 [main] INFO  base.BaseClass - Found Element By {by.toString()}
2024-04-17 17:56:35,703 [main] INFO  base.BaseClass - Trying to find Element By {by.toString()})
2024-04-17 17:56:35,733 [main] INFO  base.BaseClass - Found Element By {by.toString()}
2024-04-17 17:56:36,279 [main] INFO  base.BaseClass - Trying to find Element By {by.toString()})
2024-04-17 17:56:36,310 [main] INFO  base.BaseClass - Found Element By {by.toString()}
2024-04-17 17:56:36,859 [main] INFO  base.BaseClass - Trying to find Element By {by.toString()})
2024-04-17 17:56:36,891 [main] INFO  base.BaseClass - Found Element By {by.toString()}
2024-04-17 17:56:37,436 [main] INFO  base.BaseClass - Trying to find Element By {by.toString()})
2024-04-17 17:56:37,468 [main] INFO  base.BaseClass - Found Element By {by.toString()}
2024-04-17 17:56:38,014 [main] INFO  base.BaseClass - Trying to find Element By {by.toString()})
2024-04-17 17:56:38,063 [main] INFO  base.BaseClass - Found Element By {by.toString()}
2024-04-17 17:56:38,592 [main] INFO  base.BaseClass - Trying to find Element By {by.toString()})
2024-04-17 17:56:38,623 [main] INFO  base.BaseClass - Found Element By {by.toString()}
2024-04-17 17:56:39,154 [main] INFO  base.BaseClass - Trying to find Element By {by.toString()})
2024-04-17 17:56:39,185 [main] INFO  base.BaseClass - Found Element By {by.toString()}
2024-04-17 17:56:39,718 [main] INFO  base.BaseClass - Trying to find Element By {by.toString()})
2024-04-17 17:56:39,748 [main] INFO  base.BaseClass - Found Element By {by.toString()}
2024-04-17 17:56:40,295 [main] INFO  base.BaseClass - Trying to find Element By {by.toString()})
2024-04-17 17:56:40,326 [main] INFO  base.BaseClass - Found Element By {by.toString()}
2024-04-17 17:56:40,875 [main] INFO  base.BaseClass - Trying to find Element By {by.toString()})
2024-04-17 17:56:40,906 [main] INFO  base.BaseClass - Found Element By {by.toString()}
2024-04-17 17:56:41,454 [main] INFO  base.BaseClass - Trying to find Element By {by.toString()})
2024-04-17 17:56:41,484 [main] INFO  base.BaseClass - Found Element By {by.toString()}
2024-04-17 17:56:42,018 [main] INFO  base.BaseClass - Trying to find Element By {by.toString()})
2024-04-17 17:56:42,048 [main] INFO  base.BaseClass - Found Element By {by.toString()}
2024-04-17 17:56:42,596 [main] INFO  base.BaseClass - Trying to find Element By {by.toString()})
2024-04-17 17:56:42,627 [main] INFO  base.BaseClass - Found Element By {by.toString()}
2024-04-17 17:56:43,177 [main] INFO  base.BaseClass - Trying to find Element By {by.toString()})
2024-04-17 17:56:43,208 [main] INFO  base.BaseClass - Found Element By {by.toString()}
2024-04-17 17:56:43,754 [main] INFO  base.BaseClass - Trying to find Element By {by.toString()})
2024-04-17 17:56:43,787 [main] INFO  base.BaseClass - Found Element By {by.toString()}
2024-04-17 17:56:44,329 [main] INFO  base.BaseClass - Trying to find Element By {by.toString()})
2024-04-17 17:56:44,359 [main] INFO  base.BaseClass - Found Element By {by.toString()}
2024-04-17 17:56:44,908 [main] INFO  base.BaseClass - Trying to find Element By {by.toString()})
2024-04-17 17:56:44,938 [main] INFO  base.BaseClass - Found Element By {by.toString()}
2024-04-17 17:56:45,488 [main] INFO  base.BaseClass - Trying to find Element By {by.toString()})
2024-04-17 17:56:45,519 [main] INFO  base.BaseClass - Found Element By {by.toString()}
2024-04-17 17:56:46,071 [main] INFO  base.BaseClass - Trying to find Element By {by.toString()})
2024-04-17 17:56:46,101 [main] INFO  base.BaseClass - Found Element By {by.toString()}
2024-04-17 17:56:46,639 [main] INFO  base.BaseClass - Trying to find Element By {by.toString()})
2024-04-17 17:56:46,671 [main] INFO  base.BaseClass - Found Element By {by.toString()}
2024-04-17 17:56:47,215 [main] INFO  base.BaseClass - Trying to find Element By {by.toString()})
2024-04-17 17:56:47,248 [main] INFO  base.BaseClass - Found Element By {by.toString()}
2024-04-17 17:56:47,791 [main] INFO  base.BaseClass - Trying to find Element By {by.toString()})
2024-04-17 17:56:47,823 [main] INFO  base.BaseClass - Found Element By {by.toString()}
2024-04-17 17:56:48,370 [main] INFO  base.BaseClass - Trying to find Element By {by.toString()})
2024-04-17 17:56:48,401 [main] INFO  base.BaseClass - Found Element By {by.toString()}
2024-04-17 17:56:48,946 [main] INFO  base.BaseClass - Trying to find Element By {by.toString()})
2024-04-17 17:56:48,977 [main] INFO  base.BaseClass - Found Element By {by.toString()}
2024-04-17 17:56:49,525 [main] INFO  base.BaseClass - Trying to find Element By {by.toString()})
2024-04-17 17:56:49,556 [main] INFO  base.BaseClass - Found Element By {by.toString()}
2024-04-17 17:56:50,104 [main] INFO  base.BaseClass - Trying to find Element By {by.toString()})
2024-04-17 17:56:50,135 [main] INFO  base.BaseClass - Found Element By {by.toString()}
2024-04-17 17:56:50,685 [main] INFO  base.BaseClass - Trying to find Element By {by.toString()})
2024-04-17 17:56:50,714 [main] INFO  base.BaseClass - Found Element By {by.toString()}
2024-04-17 17:56:51,249 [main] INFO  base.BaseClass - Trying to find Element By {by.toString()})
2024-04-17 17:56:51,280 [main] INFO  base.BaseClass - Found Element By {by.toString()}
2024-04-17 17:56:51,828 [main] INFO  base.BaseClass - Trying to find Element By {by.toString()})
2024-04-17 17:56:51,858 [main] INFO  base.BaseClass - Found Element By {by.toString()}
2024-04-17 17:56:52,409 [main] INFO  base.BaseClass - Trying to find Element By {by.toString()})
2024-04-17 17:56:52,440 [main] INFO  base.BaseClass - Found Element By {by.toString()}
2024-04-17 17:56:52,998 [main] INFO  base.BaseClass - Trying to find Element By {by.toString()})
2024-04-17 17:56:53,028 [main] INFO  base.BaseClass - Found Element By {by.toString()}
2024-04-17 17:56:53,562 [main] INFO  base.BaseClass - Trying to find Element By {by.toString()})
2024-04-17 17:56:53,593 [main] INFO  base.BaseClass - Found Element By {by.toString()}
2024-04-17 17:56:54,141 [main] INFO  base.BaseClass - Trying to find Element By {by.toString()})
2024-04-17 17:56:54,172 [main] INFO  base.BaseClass - Found Element By {by.toString()}
2024-04-17 17:56:54,708 [main] INFO  base.BaseClass - Trying to find Element By {by.toString()})
2024-04-17 17:56:54,761 [main] INFO  base.BaseClass - Found Element By {by.toString()}
TimeoutException occurred: Expected condition failed: waiting for helper.WaitUtility$5@5e409078 (tried for 30 second(s) with 500 milliseconds interval)
Build info: version: '3.141.59', revision: 'e82be7d358', time: '2018-11-14T08:17:03'
System info: host: 'DPLAP166', ip: '137.237.2.236', os.name: 'Windows 10', os.arch: 'amd64', os.version: '10.0', java.version: '19.0.1'
Driver info: org.openqa.selenium.support.events.EventFiringWebDriver
Capabilities {acceptInsecureCerts: true, browserName: chrome, browserVersion: 123.0.6312.123, chrome: {chromedriverVersion: 123.0.6312.122 (31f8248cdd9..., userDataDir: C:\Users\dP-PL\AppData\Loca...}, fedcm:accounts: true, goog:chromeOptions: {debuggerAddress: localhost:51256}, javascriptEnabled: true, networkConnectionEnabled: false, pageLoadStrategy: normal, platform: WINDOWS, platformName: WINDOWS, proxy: Proxy(), setWindowRect: true, strictFileInteractability: false, timeouts: {implicit: 0, pageLoad: 300000, script: 30000}, unhandledPromptBehavior: dismiss and notify, webauthn:extension:credBlob: true, webauthn:extension:largeBlob: true, webauthn:extension:minPinLength: true, webauthn:extension:prf: true, webauthn:virtualAuthenticators: true}
Session ID: a59c4df4811f82049fe754efe723d3c1
2024-04-17 17:56:54,777 [main] ERROR RotationCopy_test - Element did not become visible within the specified time: Expected condition failed: waiting for helper.WaitUtility$5@5e409078 (tried for 30 second(s) with 500 milliseconds interval)
Build info: version: '3.141.59', revision: 'e82be7d358', time: '2018-11-14T08:17:03'
System info: host: 'DPLAP166', ip: '137.237.2.236', os.name: 'Windows 10', os.arch: 'amd64', os.version: '10.0', java.version: '19.0.1'
Driver info: org.openqa.selenium.support.events.EventFiringWebDriver
Capabilities {acceptInsecureCerts: true, browserName: chrome, browserVersion: 123.0.6312.123, chrome: {chromedriverVersion: 123.0.6312.122 (31f8248cdd9..., userDataDir: C:\Users\dP-PL\AppData\Loca...}, fedcm:accounts: true, goog:chromeOptions: {debuggerAddress: localhost:51256}, javascriptEnabled: true, networkConnectionEnabled: false, pageLoadStrategy: normal, platform: WINDOWS, platformName: WINDOWS, proxy: Proxy(), setWindowRect: true, strictFileInteractability: false, timeouts: {implicit: 0, pageLoad: 300000, script: 30000}, unhandledPromptBehavior: dismiss and notify, webauthn:extension:credBlob: true, webauthn:extension:largeBlob: true, webauthn:extension:minPinLength: true, webauthn:extension:prf: true, webauthn:virtualAuthenticators: true}
Session ID: a59c4df4811f82049fe754efe723d3c1
2024-04-17 17:56:54,777 [main] INFO  base.BaseClass - Trying to find Element By {by.toString()})
2024-04-17 17:56:54,788 [main] INFO  base.BaseClass - Found Element By {by.toString()}
2024-04-17 17:56:54,788 [main] INFO  base.BaseClass - Trying to click on: {element.toString()}
2024-04-17 17:56:54,890 [main] INFO  base.BaseClass - Clicked on: {element.toString()}
2024-04-17 17:56:54,896 [main] INFO  base.BaseClass - Trying to find Element By {by.toString()})
2024-04-17 17:56:54,909 [main] INFO  base.BaseClass - Found Element By {by.toString()}
2024-04-17 17:56:55,427 [main] INFO  base.BaseClass - Trying to find Element By {by.toString()})
2024-04-17 17:56:55,448 [main] INFO  base.BaseClass - Found Element By {by.toString()}
2024-04-17 17:56:55,975 [main] INFO  base.BaseClass - Trying to find Element By {by.toString()})
2024-04-17 17:56:56,006 [main] INFO  base.BaseClass - Found Element By {by.toString()}
2024-04-17 17:56:56,550 [main] INFO  base.BaseClass - Trying to find Element By {by.toString()})
2024-04-17 17:56:56,580 [main] INFO  base.BaseClass - Found Element By {by.toString()}
2024-04-17 17:56:57,131 [main] INFO  base.BaseClass - Trying to find Element By {by.toString()})
2024-04-17 17:56:57,163 [main] INFO  base.BaseClass - Found Element By {by.toString()}
2024-04-17 17:56:57,711 [main] INFO  base.BaseClass - Trying to find Element By {by.toString()})
2024-04-17 17:56:57,741 [main] INFO  base.BaseClass - Found Element By {by.toString()}
2024-04-17 17:56:58,276 [main] INFO  base.BaseClass - Trying to find Element By {by.toString()})
2024-04-17 17:56:58,295 [main] INFO  base.BaseClass - Found Element By {by.toString()}
2024-04-17 17:56:58,821 [main] INFO  base.BaseClass - Trying to find Element By {by.toString()})
2024-04-17 17:56:58,850 [main] INFO  base.BaseClass - Found Element By {by.toString()}
2024-04-17 17:56:59,399 [main] INFO  base.BaseClass - Trying to find Element By {by.toString()})
2024-04-17 17:56:59,431 [main] INFO  base.BaseClass - Found Element By {by.toString()}
2024-04-17 17:56:59,978 [main] INFO  base.BaseClass - Trying to find Element By {by.toString()})
2024-04-17 17:57:00,006 [main] INFO  base.BaseClass - Found Element By {by.toString()}
2024-04-17 17:57:00,555 [main] INFO  base.BaseClass - Trying to find Element By {by.toString()})
2024-04-17 17:57:00,585 [main] INFO  base.BaseClass - Found Element By {by.toString()}
2024-04-17 17:57:01,132 [main] INFO  base.BaseClass - Trying to find Element By {by.toString()})
2024-04-17 17:57:01,163 [main] INFO  base.BaseClass - Found Element By {by.toString()}
2024-04-17 17:57:01,709 [main] INFO  base.BaseClass - Trying to find Element By {by.toString()})
2024-04-17 17:57:01,739 [main] INFO  base.BaseClass - Found Element By {by.toString()}
2024-04-17 17:57:02,287 [main] INFO  base.BaseClass - Trying to find Element By {by.toString()})
2024-04-17 17:57:02,317 [main] INFO  base.BaseClass - Found Element By {by.toString()}
2024-04-17 17:57:02,883 [main] INFO  base.BaseClass - Trying to find Element By {by.toString()})
2024-04-17 17:57:02,912 [main] INFO  base.BaseClass - Found Element By {by.toString()}
2024-04-17 17:57:03,447 [main] INFO  base.BaseClass - Trying to find Element By {by.toString()})
2024-04-17 17:57:03,478 [main] INFO  base.BaseClass - Found Element By {by.toString()}
2024-04-17 17:57:04,023 [main] INFO  base.BaseClass - Trying to find Element By {by.toString()})
2024-04-17 17:57:04,053 [main] INFO  base.BaseClass - Found Element By {by.toString()}
2024-04-17 17:57:04,588 [main] INFO  base.BaseClass - Trying to find Element By {by.toString()})
2024-04-17 17:57:04,619 [main] INFO  base.BaseClass - Found Element By {by.toString()}
2024-04-17 17:57:05,160 [main] INFO  base.BaseClass - Trying to find Element By {by.toString()})
2024-04-17 17:57:05,189 [main] INFO  base.BaseClass - Found Element By {by.toString()}
2024-04-17 17:57:05,739 [main] INFO  base.BaseClass - Trying to find Element By {by.toString()})
2024-04-17 17:57:05,770 [main] INFO  base.BaseClass - Found Element By {by.toString()}
2024-04-17 17:57:06,318 [main] INFO  base.BaseClass - Trying to find Element By {by.toString()})
2024-04-17 17:57:06,348 [main] INFO  base.BaseClass - Found Element By {by.toString()}
2024-04-17 17:57:06,897 [main] INFO  base.BaseClass - Trying to find Element By {by.toString()})
2024-04-17 17:57:06,920 [main] INFO  base.BaseClass - Found Element By {by.toString()}
2024-04-17 17:57:07,459 [main] INFO  base.BaseClass - Trying to find Element By {by.toString()})
2024-04-17 17:57:07,488 [main] INFO  base.BaseClass - Found Element By {by.toString()}
2024-04-17 17:57:08,038 [main] INFO  base.BaseClass - Trying to find Element By {by.toString()})
2024-04-17 17:57:08,071 [main] INFO  base.BaseClass - Found Element By {by.toString()}
2024-04-17 17:57:08,613 [main] INFO  base.BaseClass - Trying to find Element By {by.toString()})
2024-04-17 17:57:08,643 [main] INFO  base.BaseClass - Found Element By {by.toString()}
2024-04-17 17:57:09,191 [main] INFO  base.BaseClass - Trying to find Element By {by.toString()})
2024-04-17 17:57:09,221 [main] INFO  base.BaseClass - Found Element By {by.toString()}
2024-04-17 17:57:09,768 [main] INFO  base.BaseClass - Trying to find Element By {by.toString()})
2024-04-17 17:57:09,798 [main] INFO  base.BaseClass - Found Element By {by.toString()}
2024-04-17 17:57:10,348 [main] INFO  base.BaseClass - Trying to find Element By {by.toString()})
2024-04-17 17:57:10,379 [main] INFO  base.BaseClass - Found Element By {by.toString()}
2024-04-17 17:57:10,927 [main] INFO  base.BaseClass - Trying to find Element By {by.toString()})
2024-04-17 17:57:10,957 [main] INFO  base.BaseClass - Found Element By {by.toString()}
2024-04-17 17:57:11,510 [main] INFO  base.BaseClass - Trying to find Element By {by.toString()})
2024-04-17 17:57:11,539 [main] INFO  base.BaseClass - Found Element By {by.toString()}
2024-04-17 17:57:12,091 [main] INFO  base.BaseClass - Trying to find Element By {by.toString()})
2024-04-17 17:57:12,109 [main] INFO  base.BaseClass - Found Element By {by.toString()}
2024-04-17 17:57:12,640 [main] INFO  base.BaseClass - Trying to find Element By {by.toString()})
2024-04-17 17:57:12,669 [main] INFO  base.BaseClass - Found Element By {by.toString()}
2024-04-17 17:57:13,219 [main] INFO  base.BaseClass - Trying to find Element By {by.toString()})
2024-04-17 17:57:13,248 [main] INFO  base.BaseClass - Found Element By {by.toString()}
2024-04-17 17:57:13,792 [main] INFO  base.BaseClass - Trying to find Element By {by.toString()})
2024-04-17 17:57:13,822 [main] INFO  base.BaseClass - Found Element By {by.toString()}
2024-04-17 17:57:14,369 [main] INFO  base.BaseClass - Trying to find Element By {by.toString()})
2024-04-17 17:57:14,398 [main] INFO  base.BaseClass - Found Element By {by.toString()}
2024-04-17 17:57:14,933 [main] INFO  base.BaseClass - Trying to find Element By {by.toString()})
2024-04-17 17:57:15,037 [main] INFO  base.BaseClass - Found Element By {by.toString()}
2024-04-17 17:57:15,589 [main] INFO  base.BaseClass - Trying to find Element By {by.toString()})
2024-04-17 17:57:15,620 [main] INFO  base.BaseClass - Found Element By {by.toString()}
2024-04-17 17:57:16,172 [main] INFO  base.BaseClass - Trying to find Element By {by.toString()})
2024-04-17 17:57:16,202 [main] INFO  base.BaseClass - Found Element By {by.toString()}
2024-04-17 17:57:16,751 [main] INFO  base.BaseClass - Trying to find Element By {by.toString()})
2024-04-17 17:57:16,781 [main] INFO  base.BaseClass - Found Element By {by.toString()}
2024-04-17 17:57:17,313 [main] INFO  base.BaseClass - Trying to find Element By {by.toString()})
2024-04-17 17:57:17,344 [main] INFO  base.BaseClass - Found Element By {by.toString()}
2024-04-17 17:57:17,891 [main] INFO  base.BaseClass - Trying to find Element By {by.toString()})
2024-04-17 17:57:17,909 [main] INFO  base.BaseClass - Found Element By {by.toString()}
2024-04-17 17:57:18,438 [main] INFO  base.BaseClass - Trying to find Element By {by.toString()})
2024-04-17 17:57:18,468 [main] INFO  base.BaseClass - Found Element By {by.toString()}
2024-04-17 17:57:19,017 [main] INFO  base.BaseClass - Trying to find Element By {by.toString()})
2024-04-17 17:57:19,046 [main] INFO  base.BaseClass - Found Element By {by.toString()}
2024-04-17 17:57:19,593 [main] INFO  base.BaseClass - Trying to find Element By {by.toString()})
2024-04-17 17:57:19,623 [main] INFO  base.BaseClass - Found Element By {by.toString()}
2024-04-17 17:57:20,170 [main] INFO  base.BaseClass - Trying to find Element By {by.toString()})
2024-04-17 17:57:20,203 [main] INFO  base.BaseClass - Found Element By {by.toString()}
2024-04-17 17:57:20,732 [main] INFO  base.BaseClass - Trying to find Element By {by.toString()})
2024-04-17 17:57:20,764 [main] INFO  base.BaseClass - Found Element By {by.toString()}
2024-04-17 17:57:21,293 [main] INFO  base.BaseClass - Trying to find Element By {by.toString()})
2024-04-17 17:57:21,327 [main] INFO  base.BaseClass - Found Element By {by.toString()}
2024-04-17 17:57:21,856 [main] INFO  base.BaseClass - Trying to find Element By {by.toString()})
2024-04-17 17:57:21,886 [main] INFO  base.BaseClass - Found Element By {by.toString()}
2024-04-17 17:57:22,439 [main] INFO  base.BaseClass - Trying to find Element By {by.toString()})
2024-04-17 17:57:22,470 [main] INFO  base.BaseClass - Found Element By {by.toString()}
2024-04-17 17:57:23,017 [main] INFO  base.BaseClass - Trying to find Element By {by.toString()})
2024-04-17 17:57:23,047 [main] INFO  base.BaseClass - Found Element By {by.toString()}
2024-04-17 17:57:23,598 [main] INFO  base.BaseClass - Trying to find Element By {by.toString()})
2024-04-17 17:57:23,627 [main] INFO  base.BaseClass - Found Element By {by.toString()}
2024-04-17 17:57:24,181 [main] INFO  base.BaseClass - Trying to find Element By {by.toString()})
2024-04-17 17:57:24,210 [main] INFO  base.BaseClass - Found Element By {by.toString()}
2024-04-17 17:57:24,757 [main] INFO  base.BaseClass - Trying to find Element By {by.toString()})
2024-04-17 17:57:24,786 [main] INFO  base.BaseClass - Found Element By {by.toString()}
2024-04-17 17:57:25,336 [main] INFO  base.BaseClass - Trying to find Element By {by.toString()})
2024-04-17 17:57:25,366 [main] INFO  base.BaseClass - Found Element By {by.toString()}
TimeoutException occurred: Expected condition failed: waiting for helper.WaitUtility$5@1b0e55b (tried for 30 second(s) with 500 milliseconds interval)
Build info: version: '3.141.59', revision: 'e82be7d358', time: '2018-11-14T08:17:03'
System info: host: 'DPLAP166', ip: '137.237.2.236', os.name: 'Windows 10', os.arch: 'amd64', os.version: '10.0', java.version: '19.0.1'
Driver info: org.openqa.selenium.support.events.EventFiringWebDriver
Capabilities {acceptInsecureCerts: true, browserName: chrome, browserVersion: 123.0.6312.123, chrome: {chromedriverVersion: 123.0.6312.122 (31f8248cdd9..., userDataDir: C:\Users\dP-PL\AppData\Loca...}, fedcm:accounts: true, goog:chromeOptions: {debuggerAddress: localhost:51256}, javascriptEnabled: true, networkConnectionEnabled: false, pageLoadStrategy: normal, platform: WINDOWS, platformName: WINDOWS, proxy: Proxy(), setWindowRect: true, strictFileInteractability: false, timeouts: {implicit: 0, pageLoad: 300000, script: 30000}, unhandledPromptBehavior: dismiss and notify, webauthn:extension:credBlob: true, webauthn:extension:largeBlob: true, webauthn:extension:minPinLength: true, webauthn:extension:prf: true, webauthn:virtualAuthenticators: true}
Session ID: a59c4df4811f82049fe754efe723d3c1
2024-04-17 17:57:25,406 [main] ERROR RotationCopy_test - Element did not become visible within the specified time: Expected condition failed: waiting for helper.WaitUtility$5@1b0e55b (tried for 30 second(s) with 500 milliseconds interval)
Build info: version: '3.141.59', revision: 'e82be7d358', time: '2018-11-14T08:17:03'
System info: host: 'DPLAP166', ip: '137.237.2.236', os.name: 'Windows 10', os.arch: 'amd64', os.version: '10.0', java.version: '19.0.1'
Driver info: org.openqa.selenium.support.events.EventFiringWebDriver
Capabilities {acceptInsecureCerts: true, browserName: chrome, browserVersion: 123.0.6312.123, chrome: {chromedriverVersion: 123.0.6312.122 (31f8248cdd9..., userDataDir: C:\Users\dP-PL\AppData\Loca...}, fedcm:accounts: true, goog:chromeOptions: {debuggerAddress: localhost:51256}, javascriptEnabled: true, networkConnectionEnabled: false, pageLoadStrategy: normal, platform: WINDOWS, platformName: WINDOWS, proxy: Proxy(), setWindowRect: true, strictFileInteractability: false, timeouts: {implicit: 0, pageLoad: 300000, script: 30000}, unhandledPromptBehavior: dismiss and notify, webauthn:extension:credBlob: true, webauthn:extension:largeBlob: true, webauthn:extension:minPinLength: true, webauthn:extension:prf: true, webauthn:virtualAuthenticators: true}
Session ID: a59c4df4811f82049fe754efe723d3c1
2024-04-17 17:57:25,407 [main] INFO  base.BaseClass - Trying to find Element By {by.toString()})
2024-04-17 17:57:25,429 [main] INFO  base.BaseClass - Found Element By {by.toString()}
2024-04-17 17:57:25,429 [main] INFO  base.BaseClass - Trying to click on: {element.toString()}
2024-04-17 17:57:25,498 [main] INFO  base.BaseClass - Clicked on: {element.toString()}
2024-04-17 17:57:25,506 [main] INFO  base.BaseClass - Trying to find Element By {by.toString()})
2024-04-17 17:57:25,517 [main] INFO  base.BaseClass - Found Element By {by.toString()}
2024-04-17 17:57:26,035 [main] INFO  base.BaseClass - Trying to find Element By {by.toString()})
2024-04-17 17:57:26,375 [main] INFO  base.BaseClass - Found Element By {by.toString()}
2024-04-17 17:57:26,905 [main] INFO  base.BaseClass - Trying to find Element By {by.toString()})
2024-04-17 17:57:26,938 [main] INFO  base.BaseClass - Found Element By {by.toString()}
2024-04-17 17:57:27,483 [main] INFO  base.BaseClass - Trying to find Element By {by.toString()})
2024-04-17 17:57:27,515 [main] INFO  base.BaseClass - Found Element By {by.toString()}
2024-04-17 17:57:28,065 [main] INFO  base.BaseClass - Trying to find Element By {by.toString()})
2024-04-17 17:57:28,095 [main] INFO  base.BaseClass - Found Element By {by.toString()}
2024-04-17 17:57:28,648 [main] INFO  base.BaseClass - Trying to find Element By {by.toString()})
2024-04-17 17:57:28,682 [main] INFO  base.BaseClass - Found Element By {by.toString()}
2024-04-17 17:57:29,229 [main] INFO  base.BaseClass - Trying to find Element By {by.toString()})
2024-04-17 17:57:29,258 [main] INFO  base.BaseClass - Found Element By {by.toString()}
2024-04-17 17:57:29,807 [main] INFO  base.BaseClass - Trying to find Element By {by.toString()})
2024-04-17 17:57:29,837 [main] INFO  base.BaseClass - Found Element By {by.toString()}
2024-04-17 17:57:30,384 [main] INFO  base.BaseClass - Trying to find Element By {by.toString()})
2024-04-17 17:57:30,415 [main] INFO  base.BaseClass - Found Element By {by.toString()}
2024-04-17 17:57:30,962 [main] INFO  base.BaseClass - Trying to find Element By {by.toString()})
2024-04-17 17:57:30,991 [main] INFO  base.BaseClass - Found Element By {by.toString()}
2024-04-17 17:57:31,524 [main] INFO  base.BaseClass - Trying to find Element By {by.toString()})
2024-04-17 17:57:31,553 [main] INFO  base.BaseClass - Found Element By {by.toString()}
2024-04-17 17:57:32,105 [main] INFO  base.BaseClass - Trying to find Element By {by.toString()})
2024-04-17 17:57:32,135 [main] INFO  base.BaseClass - Found Element By {by.toString()}
2024-04-17 17:57:32,670 [main] INFO  base.BaseClass - Trying to find Element By {by.toString()})
2024-04-17 17:57:32,700 [main] INFO  base.BaseClass - Found Element By {by.toString()}
2024-04-17 17:57:33,250 [main] INFO  base.BaseClass - Trying to find Element By {by.toString()})
2024-04-17 17:57:33,281 [main] INFO  base.BaseClass - Found Element By {by.toString()}
2024-04-17 17:57:33,827 [main] INFO  base.BaseClass - Trying to find Element By {by.toString()})
2024-04-17 17:57:33,857 [main] INFO  base.BaseClass - Found Element By {by.toString()}
2024-04-17 17:57:34,407 [main] INFO  base.BaseClass - Trying to find Element By {by.toString()})
2024-04-17 17:57:34,437 [main] INFO  base.BaseClass - Found Element By {by.toString()}
2024-04-17 17:57:34,987 [main] INFO  base.BaseClass - Trying to find Element By {by.toString()})
2024-04-17 17:57:35,317 [main] INFO  base.BaseClass - Found Element By {by.toString()}
2024-04-17 17:57:35,848 [main] INFO  base.BaseClass - Trying to find Element By {by.toString()})
2024-04-17 17:57:35,875 [main] INFO  base.BaseClass - Found Element By {by.toString()}
2024-04-17 17:57:36,409 [main] INFO  base.BaseClass - Trying to find Element By {by.toString()})
2024-04-17 17:57:36,444 [main] INFO  base.BaseClass - Found Element By {by.toString()}
2024-04-17 17:57:36,971 [main] INFO  base.BaseClass - Trying to find Element By {by.toString()})
2024-04-17 17:57:36,983 [main] INFO  base.BaseClass - Found Element By {by.toString()}
2024-04-17 17:57:37,505 [main] INFO  base.BaseClass - Trying to find Element By {by.toString()})
2024-04-17 17:57:37,536 [main] INFO  base.BaseClass - Found Element By {by.toString()}
2024-04-17 17:57:38,083 [main] INFO  base.BaseClass - Trying to find Element By {by.toString()})
2024-04-17 17:57:38,113 [main] INFO  base.BaseClass - Found Element By {by.toString()}
2024-04-17 17:57:38,661 [main] INFO  base.BaseClass - Trying to find Element By {by.toString()})
2024-04-17 17:57:38,691 [main] INFO  base.BaseClass - Found Element By {by.toString()}
2024-04-17 17:57:39,238 [main] INFO  base.BaseClass - Trying to find Element By {by.toString()})
2024-04-17 17:57:39,267 [main] INFO  base.BaseClass - Found Element By {by.toString()}
2024-04-17 17:57:39,815 [main] INFO  base.BaseClass - Trying to find Element By {by.toString()})
2024-04-17 17:57:39,845 [main] INFO  base.BaseClass - Found Element By {by.toString()}
2024-04-17 17:57:40,396 [main] INFO  base.BaseClass - Trying to find Element By {by.toString()})
2024-04-17 17:57:40,427 [main] INFO  base.BaseClass - Found Element By {by.toString()}
2024-04-17 17:57:40,973 [main] INFO  base.BaseClass - Trying to find Element By {by.toString()})
2024-04-17 17:57:41,004 [main] INFO  base.BaseClass - Found Element By {by.toString()}
2024-04-17 17:57:41,553 [main] INFO  base.BaseClass - Trying to find Element By {by.toString()})
2024-04-17 17:57:41,582 [main] INFO  base.BaseClass - Found Element By {by.toString()}
2024-04-17 17:57:42,131 [main] INFO  base.BaseClass - Trying to find Element By {by.toString()})
2024-04-17 17:57:42,152 [main] INFO  base.BaseClass - Found Element By {by.toString()}
2024-04-17 17:57:42,676 [main] INFO  base.BaseClass - Trying to find Element By {by.toString()})
2024-04-17 17:57:42,708 [main] INFO  base.BaseClass - Found Element By {by.toString()}
2024-04-17 17:57:43,253 [main] INFO  base.BaseClass - Trying to find Element By {by.toString()})
2024-04-17 17:57:43,284 [main] INFO  base.BaseClass - Found Element By {by.toString()}
2024-04-17 17:57:43,816 [main] INFO  base.BaseClass - Trying to find Element By {by.toString()})
2024-04-17 17:57:43,847 [main] INFO  base.BaseClass - Found Element By {by.toString()}
2024-04-17 17:57:44,394 [main] INFO  base.BaseClass - Trying to find Element By {by.toString()})
2024-04-17 17:57:44,423 [main] INFO  base.BaseClass - Found Element By {by.toString()}
2024-04-17 17:57:44,957 [main] INFO  base.BaseClass - Trying to find Element By {by.toString()})
2024-04-17 17:57:44,991 [main] INFO  base.BaseClass - Found Element By {by.toString()}
2024-04-17 17:57:45,547 [main] INFO  base.BaseClass - Trying to find Element By {by.toString()})
2024-04-17 17:57:45,577 [main] INFO  base.BaseClass - Found Element By {by.toString()}
2024-04-17 17:57:46,126 [main] INFO  base.BaseClass - Trying to find Element By {by.toString()})
2024-04-17 17:57:46,154 [main] INFO  base.BaseClass - Found Element By {by.toString()}
2024-04-17 17:57:46,703 [main] INFO  base.BaseClass - Trying to find Element By {by.toString()})
2024-04-17 17:57:46,722 [main] INFO  base.BaseClass - Found Element By {by.toString()}
2024-04-17 17:57:47,248 [main] INFO  base.BaseClass - Trying to find Element By {by.toString()})
2024-04-17 17:57:47,278 [main] INFO  base.BaseClass - Found Element By {by.toString()}
2024-04-17 17:57:47,824 [main] INFO  base.BaseClass - Trying to find Element By {by.toString()})
2024-04-17 17:57:47,853 [main] INFO  base.BaseClass - Found Element By {by.toString()}
2024-04-17 17:57:48,401 [main] INFO  base.BaseClass - Trying to find Element By {by.toString()})
2024-04-17 17:57:48,430 [main] INFO  base.BaseClass - Found Element By {by.toString()}
2024-04-17 17:57:48,979 [main] INFO  base.BaseClass - Trying to find Element By {by.toString()})
2024-04-17 17:57:49,009 [main] INFO  base.BaseClass - Found Element By {by.toString()}
2024-04-17 17:57:49,555 [main] INFO  base.BaseClass - Trying to find Element By {by.toString()})
2024-04-17 17:57:49,587 [main] INFO  base.BaseClass - Found Element By {by.toString()}
2024-04-17 17:57:50,134 [main] INFO  base.BaseClass - Trying to find Element By {by.toString()})
2024-04-17 17:57:50,150 [main] INFO  base.BaseClass - Found Element By {by.toString()}
2024-04-17 17:57:50,674 [main] INFO  base.BaseClass - Trying to find Element By {by.toString()})
2024-04-17 17:57:50,705 [main] INFO  base.BaseClass - Found Element By {by.toString()}
2024-04-17 17:57:51,254 [main] INFO  base.BaseClass - Trying to find Element By {by.toString()})
2024-04-17 17:57:51,284 [main] INFO  base.BaseClass - Found Element By {by.toString()}
2024-04-17 17:57:51,816 [main] INFO  base.BaseClass - Trying to find Element By {by.toString()})
2024-04-17 17:57:51,869 [main] INFO  base.BaseClass - Found Element By {by.toString()}
2024-04-17 17:57:52,393 [main] INFO  base.BaseClass - Trying to find Element By {by.toString()})
2024-04-17 17:57:52,423 [main] INFO  base.BaseClass - Found Element By {by.toString()}
2024-04-17 17:57:52,971 [main] INFO  base.BaseClass - Trying to find Element By {by.toString()})
2024-04-17 17:57:53,002 [main] INFO  base.BaseClass - Found Element By {by.toString()}
2024-04-17 17:57:53,550 [main] INFO  base.BaseClass - Trying to find Element By {by.toString()})
2024-04-17 17:57:53,579 [main] INFO  base.BaseClass - Found Element By {by.toString()}
2024-04-17 17:57:54,129 [main] INFO  base.BaseClass - Trying to find Element By {by.toString()})
2024-04-17 17:57:54,159 [main] INFO  base.BaseClass - Found Element By {by.toString()}
2024-04-17 17:57:54,694 [main] INFO  base.BaseClass - Trying to find Element By {by.toString()})
2024-04-17 17:57:54,723 [main] INFO  base.BaseClass - Found Element By {by.toString()}
2024-04-17 17:57:55,272 [main] INFO  base.BaseClass - Trying to find Element By {by.toString()})
2024-04-17 17:57:55,302 [main] INFO  base.BaseClass - Found Element By {by.toString()}
2024-04-17 17:57:55,851 [main] INFO  base.BaseClass - Trying to find Element By {by.toString()})
2024-04-17 17:57:55,882 [main] INFO  base.BaseClass - Found Element By {by.toString()}
TimeoutException occurred: Expected condition failed: waiting for helper.WaitUtility$5@36a408cb (tried for 30 second(s) with 500 milliseconds interval)
Build info: version: '3.141.59', revision: 'e82be7d358', time: '2018-11-14T08:17:03'
System info: host: 'DPLAP166', ip: '137.237.2.236', os.name: 'Windows 10', os.arch: 'amd64', os.version: '10.0', java.version: '19.0.1'
Driver info: org.openqa.selenium.support.events.EventFiringWebDriver
Capabilities {acceptInsecureCerts: true, browserName: chrome, browserVersion: 123.0.6312.123, chrome: {chromedriverVersion: 123.0.6312.122 (31f8248cdd9..., userDataDir: C:\Users\dP-PL\AppData\Loca...}, fedcm:accounts: true, goog:chromeOptions: {debuggerAddress: localhost:51256}, javascriptEnabled: true, networkConnectionEnabled: false, pageLoadStrategy: normal, platform: WINDOWS, platformName: WINDOWS, proxy: Proxy(), setWindowRect: true, strictFileInteractability: false, timeouts: {implicit: 0, pageLoad: 300000, script: 30000}, unhandledPromptBehavior: dismiss and notify, webauthn:extension:credBlob: true, webauthn:extension:largeBlob: true, webauthn:extension:minPinLength: true, webauthn:extension:prf: true, webauthn:virtualAuthenticators: true}
Session ID: a59c4df4811f82049fe754efe723d3c1
2024-04-17 17:57:55,921 [main] ERROR RotationCopy_test - Element did not become visible within the specified time: Expected condition failed: waiting for helper.WaitUtility$5@36a408cb (tried for 30 second(s) with 500 milliseconds interval)
Build info: version: '3.141.59', revision: 'e82be7d358', time: '2018-11-14T08:17:03'
System info: host: 'DPLAP166', ip: '137.237.2.236', os.name: 'Windows 10', os.arch: 'amd64', os.version: '10.0', java.version: '19.0.1'
Driver info: org.openqa.selenium.support.events.EventFiringWebDriver
Capabilities {acceptInsecureCerts: true, browserName: chrome, browserVersion: 123.0.6312.123, chrome: {chromedriverVersion: 123.0.6312.122 (31f8248cdd9..., userDataDir: C:\Users\dP-PL\AppData\Loca...}, fedcm:accounts: true, goog:chromeOptions: {debuggerAddress: localhost:51256}, javascriptEnabled: true, networkConnectionEnabled: false, pageLoadStrategy: normal, platform: WINDOWS, platformName: WINDOWS, proxy: Proxy(), setWindowRect: true, strictFileInteractability: false, timeouts: {implicit: 0, pageLoad: 300000, script: 30000}, unhandledPromptBehavior: dismiss and notify, webauthn:extension:credBlob: true, webauthn:extension:largeBlob: true, webauthn:extension:minPinLength: true, webauthn:extension:prf: true, webauthn:virtualAuthenticators: true}
Session ID: a59c4df4811f82049fe754efe723d3c1
2024-04-17 17:57:55,921 [main] INFO  base.BaseClass - Trying to find Element By {by.toString()})
2024-04-17 17:57:55,937 [main] INFO  base.BaseClass - Found Element By {by.toString()}
2024-04-17 17:57:55,938 [main] INFO  base.BaseClass - Trying to click on: {element.toString()}
2024-04-17 17:57:56,048 [main] INFO  base.BaseClass - Clicked on: {element.toString()}
2024-04-17 17:57:56,048 [main] INFO  base.BaseClass - Trying to find Element By {by.toString()})
2024-04-17 17:57:57,187 [main] INFO  base.BaseClass - Found Element By {by.toString()}
2024-04-17 17:57:57,710 [main] INFO  base.BaseClass - Trying to find Element By {by.toString()})
2024-04-17 17:57:57,745 [main] INFO  base.BaseClass - Found Element By {by.toString()}
2024-04-17 17:57:58,291 [main] INFO  base.BaseClass - Trying to find Element By {by.toString()})
2024-04-17 17:57:58,325 [main] INFO  base.BaseClass - Found Element By {by.toString()}
2024-04-17 17:57:58,883 [main] INFO  base.BaseClass - Trying to find Element By {by.toString()})
2024-04-17 17:57:58,915 [main] INFO  base.BaseClass - Found Element By {by.toString()}
2024-04-17 17:57:59,444 [main] INFO  base.BaseClass - Trying to find Element By {by.toString()})
2024-04-17 17:57:59,477 [main] INFO  base.BaseClass - Found Element By {by.toString()}
2024-04-17 17:58:00,020 [main] INFO  base.BaseClass - Trying to find Element By {by.toString()})
2024-04-17 17:58:00,044 [main] INFO  base.BaseClass - Found Element By {by.toString()}
2024-04-17 17:58:00,569 [main] INFO  base.BaseClass - Trying to find Element By {by.toString()})
2024-04-17 17:58:00,600 [main] INFO  base.BaseClass - Found Element By {by.toString()}
2024-04-17 17:58:01,147 [main] INFO  base.BaseClass - Trying to find Element By {by.toString()})
2024-04-17 17:58:01,169 [main] INFO  base.BaseClass - Found Element By {by.toString()}
2024-04-17 17:58:01,714 [main] INFO  base.BaseClass - Trying to find Element By {by.toString()})
2024-04-17 17:58:01,746 [main] INFO  base.BaseClass - Found Element By {by.toString()}
2024-04-17 17:58:02,277 [main] INFO  base.BaseClass - Trying to find Element By {by.toString()})
2024-04-17 17:58:02,308 [main] INFO  base.BaseClass - Found Element By {by.toString()}
2024-04-17 17:58:02,855 [main] INFO  base.BaseClass - Trying to find Element By {by.toString()})
2024-04-17 17:58:02,886 [main] INFO  base.BaseClass - Found Element By {by.toString()}
2024-04-17 17:58:03,437 [main] INFO  base.BaseClass - Trying to find Element By {by.toString()})
2024-04-17 17:58:03,468 [main] INFO  base.BaseClass - Found Element By {by.toString()}
2024-04-17 17:58:04,004 [main] INFO  base.BaseClass - Trying to find Element By {by.toString()})
2024-04-17 17:58:04,035 [main] INFO  base.BaseClass - Found Element By {by.toString()}
2024-04-17 17:58:04,583 [main] INFO  base.BaseClass - Trying to find Element By {by.toString()})
2024-04-17 17:58:04,614 [main] INFO  base.BaseClass - Found Element By {by.toString()}
2024-04-17 17:58:05,148 [main] INFO  base.BaseClass - Trying to find Element By {by.toString()})
2024-04-17 17:58:05,179 [main] INFO  base.BaseClass - Found Element By {by.toString()}
2024-04-17 17:58:05,726 [main] INFO  base.BaseClass - Trying to find Element By {by.toString()})
2024-04-17 17:58:05,755 [main] INFO  base.BaseClass - Found Element By {by.toString()}
2024-04-17 17:58:06,292 [main] INFO  base.BaseClass - Trying to find Element By {by.toString()})
2024-04-17 17:58:06,323 [main] INFO  base.BaseClass - Found Element By {by.toString()}
2024-04-17 17:58:06,873 [main] INFO  base.BaseClass - Trying to find Element By {by.toString()})
2024-04-17 17:58:06,904 [main] INFO  base.BaseClass - Found Element By {by.toString()}
2024-04-17 17:58:07,454 [main] INFO  base.BaseClass - Trying to find Element By {by.toString()})
2024-04-17 17:58:07,485 [main] INFO  base.BaseClass - Found Element By {by.toString()}
2024-04-17 17:58:08,035 [main] INFO  base.BaseClass - Trying to find Element By {by.toString()})
2024-04-17 17:58:08,066 [main] INFO  base.BaseClass - Found Element By {by.toString()}
2024-04-17 17:58:08,610 [main] INFO  base.BaseClass - Trying to find Element By {by.toString()})
2024-04-17 17:58:08,642 [main] INFO  base.BaseClass - Found Element By {by.toString()}
2024-04-17 17:58:09,188 [main] INFO  base.BaseClass - Trying to find Element By {by.toString()})
2024-04-17 17:58:09,221 [main] INFO  base.BaseClass - Found Element By {by.toString()}
2024-04-17 17:58:09,776 [main] INFO  base.BaseClass - Trying to find Element By {by.toString()})
2024-04-17 17:58:09,808 [main] INFO  base.BaseClass - Found Element By {by.toString()}
2024-04-17 17:58:10,353 [main] INFO  base.BaseClass - Trying to find Element By {by.toString()})
2024-04-17 17:58:10,384 [main] INFO  base.BaseClass - Found Element By {by.toString()}
2024-04-17 17:58:10,916 [main] INFO  base.BaseClass - Trying to find Element By {by.toString()})
2024-04-17 17:58:10,936 [main] INFO  base.BaseClass - Found Element By {by.toString()}
2024-04-17 17:58:11,477 [main] INFO  base.BaseClass - Trying to find Element By {by.toString()})
2024-04-17 17:58:11,499 [main] INFO  base.BaseClass - Found Element By {by.toString()}
2024-04-17 17:58:12,042 [main] INFO  base.BaseClass - Trying to find Element By {by.toString()})
2024-04-17 17:58:12,057 [main] INFO  base.BaseClass - Found Element By {by.toString()}
2024-04-17 17:58:12,587 [main] INFO  base.BaseClass - Trying to find Element By {by.toString()})
2024-04-17 17:58:12,619 [main] INFO  base.BaseClass - Found Element By {by.toString()}
2024-04-17 17:58:13,166 [main] INFO  base.BaseClass - Trying to find Element By {by.toString()})
2024-04-17 17:58:13,197 [main] INFO  base.BaseClass - Found Element By {by.toString()}
2024-04-17 17:58:13,745 [main] INFO  base.BaseClass - Trying to find Element By {by.toString()})
2024-04-17 17:58:13,775 [main] INFO  base.BaseClass - Found Element By {by.toString()}
2024-04-17 17:58:14,312 [main] INFO  base.BaseClass - Trying to find Element By {by.toString()})
2024-04-17 17:58:14,330 [main] INFO  base.BaseClass - Found Element By {by.toString()}
2024-04-17 17:58:14,861 [main] INFO  base.BaseClass - Trying to find Element By {by.toString()})
2024-04-17 17:58:14,891 [main] INFO  base.BaseClass - Found Element By {by.toString()}
2024-04-17 17:58:15,441 [main] INFO  base.BaseClass - Trying to find Element By {by.toString()})
2024-04-17 17:58:15,472 [main] INFO  base.BaseClass - Found Element By {by.toString()}
2024-04-17 17:58:16,005 [main] INFO  base.BaseClass - Trying to find Element By {by.toString()})
2024-04-17 17:58:16,037 [main] INFO  base.BaseClass - Found Element By {by.toString()}
2024-04-17 17:58:16,583 [main] INFO  base.BaseClass - Trying to find Element By {by.toString()})
2024-04-17 17:58:16,634 [main] INFO  base.BaseClass - Found Element By {by.toString()}
2024-04-17 17:58:17,161 [main] INFO  base.BaseClass - Trying to find Element By {by.toString()})
2024-04-17 17:58:17,192 [main] INFO  base.BaseClass - Found Element By {by.toString()}
2024-04-17 17:58:17,742 [main] INFO  base.BaseClass - Trying to find Element By {by.toString()})
2024-04-17 17:58:17,776 [main] INFO  base.BaseClass - Found Element By {by.toString()}
2024-04-17 17:58:18,319 [main] INFO  base.BaseClass - Trying to find Element By {by.toString()})
2024-04-17 17:58:18,346 [main] INFO  base.BaseClass - Found Element By {by.toString()}
2024-04-17 17:58:18,880 [main] INFO  base.BaseClass - Trying to find Element By {by.toString()})
2024-04-17 17:58:18,889 [main] INFO  base.BaseClass - Found Element By {by.toString()}
2024-04-17 17:58:19,413 [main] INFO  base.BaseClass - Trying to find Element By {by.toString()})
2024-04-17 17:58:19,444 [main] INFO  base.BaseClass - Found Element By {by.toString()}
2024-04-17 17:58:19,978 [main] INFO  base.BaseClass - Trying to find Element By {by.toString()})
2024-04-17 17:58:20,008 [main] INFO  base.BaseClass - Found Element By {by.toString()}
2024-04-17 17:58:20,555 [main] INFO  base.BaseClass - Trying to find Element By {by.toString()})
2024-04-17 17:58:20,585 [main] INFO  base.BaseClass - Found Element By {by.toString()}
2024-04-17 17:58:21,120 [main] INFO  base.BaseClass - Trying to find Element By {by.toString()})
2024-04-17 17:58:21,152 [main] INFO  base.BaseClass - Found Element By {by.toString()}
2024-04-17 17:58:21,697 [main] INFO  base.BaseClass - Trying to find Element By {by.toString()})
2024-04-17 17:58:21,727 [main] INFO  base.BaseClass - Found Element By {by.toString()}
2024-04-17 17:58:22,274 [main] INFO  base.BaseClass - Trying to find Element By {by.toString()})
2024-04-17 17:58:22,296 [main] INFO  base.BaseClass - Found Element By {by.toString()}
2024-04-17 17:58:22,838 [main] INFO  base.BaseClass - Trying to find Element By {by.toString()})
2024-04-17 17:58:22,869 [main] INFO  base.BaseClass - Found Element By {by.toString()}
2024-04-17 17:58:23,418 [main] INFO  base.BaseClass - Trying to find Element By {by.toString()})
2024-04-17 17:58:23,450 [main] INFO  base.BaseClass - Found Element By {by.toString()}
2024-04-17 17:58:23,996 [main] INFO  base.BaseClass - Trying to find Element By {by.toString()})
2024-04-17 17:58:24,023 [main] INFO  base.BaseClass - Found Element By {by.toString()}
2024-04-17 17:58:24,549 [main] INFO  base.BaseClass - Trying to find Element By {by.toString()})
2024-04-17 17:58:24,580 [main] INFO  base.BaseClass - Found Element By {by.toString()}
2024-04-17 17:58:25,128 [main] INFO  base.BaseClass - Trying to find Element By {by.toString()})
2024-04-17 17:58:25,160 [main] INFO  base.BaseClass - Found Element By {by.toString()}
2024-04-17 17:58:25,706 [main] INFO  base.BaseClass - Trying to find Element By {by.toString()})
2024-04-17 17:58:25,738 [main] INFO  base.BaseClass - Found Element By {by.toString()}
2024-04-17 17:58:26,282 [main] INFO  base.BaseClass - Trying to find Element By {by.toString()})
2024-04-17 17:58:26,313 [main] INFO  base.BaseClass - Found Element By {by.toString()}
TimeoutException occurred: Expected condition failed: waiting for helper.WaitUtility$5@2123af21 (tried for 30 second(s) with 500 milliseconds interval)
Build info: version: '3.141.59', revision: 'e82be7d358', time: '2018-11-14T08:17:03'
System info: host: 'DPLAP166', ip: '137.237.2.236', os.name: 'Windows 10', os.arch: 'amd64', os.version: '10.0', java.version: '19.0.1'
Driver info: org.openqa.selenium.support.events.EventFiringWebDriver
Capabilities {acceptInsecureCerts: true, browserName: chrome, browserVersion: 123.0.6312.123, chrome: {chromedriverVersion: 123.0.6312.122 (31f8248cdd9..., userDataDir: C:\Users\dP-PL\AppData\Loca...}, fedcm:accounts: true, goog:chromeOptions: {debuggerAddress: localhost:51256}, javascriptEnabled: true, networkConnectionEnabled: false, pageLoadStrategy: normal, platform: WINDOWS, platformName: WINDOWS, proxy: Proxy(), setWindowRect: true, strictFileInteractability: false, timeouts: {implicit: 0, pageLoad: 300000, script: 30000}, unhandledPromptBehavior: dismiss and notify, webauthn:extension:credBlob: true, webauthn:extension:largeBlob: true, webauthn:extension:minPinLength: true, webauthn:extension:prf: true, webauthn:virtualAuthenticators: true}
Session ID: a59c4df4811f82049fe754efe723d3c1
2024-04-17 17:58:26,349 [main] ERROR RotationCopy_test - Element did not become visible within the specified time: Expected condition failed: waiting for helper.WaitUtility$5@2123af21 (tried for 30 second(s) with 500 milliseconds interval)
Build info: version: '3.141.59', revision: 'e82be7d358', time: '2018-11-14T08:17:03'
System info: host: 'DPLAP166', ip: '137.237.2.236', os.name: 'Windows 10', os.arch: 'amd64', os.version: '10.0', java.version: '19.0.1'
Driver info: org.openqa.selenium.support.events.EventFiringWebDriver
Capabilities {acceptInsecureCerts: true, browserName: chrome, browserVersion: 123.0.6312.123, chrome: {chromedriverVersion: 123.0.6312.122 (31f8248cdd9..., userDataDir: C:\Users\dP-PL\AppData\Loca...}, fedcm:accounts: true, goog:chromeOptions: {debuggerAddress: localhost:51256}, javascriptEnabled: true, networkConnectionEnabled: false, pageLoadStrategy: normal, platform: WINDOWS, platformName: WINDOWS, proxy: Proxy(), setWindowRect: true, strictFileInteractability: false, timeouts: {implicit: 0, pageLoad: 300000, script: 30000}, unhandledPromptBehavior: dismiss and notify, webauthn:extension:credBlob: true, webauthn:extension:largeBlob: true, webauthn:extension:minPinLength: true, webauthn:extension:prf: true, webauthn:virtualAuthenticators: true}
Session ID: a59c4df4811f82049fe754efe723d3c1
2024-04-17 17:58:26,349 [main] INFO  base.BaseClass - Trying to find Element By {by.toString()})
2024-04-17 17:58:26,361 [main] INFO  base.BaseClass - Found Element By {by.toString()}
2024-04-17 17:58:26,361 [main] INFO  base.BaseClass - Trying to click on: {element.toString()}
2024-04-17 17:58:26,427 [main] INFO  base.BaseClass - Clicked on: {element.toString()}
2024-04-17 17:58:26,427 [main] INFO  base.BaseClass - Trying to find Element By {by.toString()})
2024-04-17 17:58:26,438 [main] INFO  base.BaseClass - Found Element By {by.toString()}
2024-04-17 17:58:26,953 [main] INFO  base.BaseClass - Trying to find Element By {by.toString()})
2024-04-17 17:58:26,980 [main] INFO  base.BaseClass - Found Element By {by.toString()}
2024-04-17 17:58:27,513 [main] INFO  base.BaseClass - Trying to find Element By {by.toString()})
2024-04-17 17:58:27,545 [main] INFO  base.BaseClass - Found Element By {by.toString()}
2024-04-17 17:58:28,092 [main] INFO  base.BaseClass - Trying to find Element By {by.toString()})
2024-04-17 17:58:28,121 [main] INFO  base.BaseClass - Found Element By {by.toString()}
2024-04-17 17:58:28,656 [main] INFO  base.BaseClass - Trying to find Element By {by.toString()})
2024-04-17 17:58:28,686 [main] INFO  base.BaseClass - Found Element By {by.toString()}
2024-04-17 17:58:29,230 [main] INFO  base.BaseClass - Trying to find Element By {by.toString()})
2024-04-17 17:58:29,261 [main] INFO  base.BaseClass - Found Element By {by.toString()}
2024-04-17 17:58:29,808 [main] INFO  base.BaseClass - Trying to find Element By {by.toString()})
2024-04-17 17:58:29,838 [main] INFO  base.BaseClass - Found Element By {by.toString()}
2024-04-17 17:58:30,385 [main] INFO  base.BaseClass - Trying to find Element By {by.toString()})
2024-04-17 17:58:30,417 [main] INFO  base.BaseClass - Found Element By {by.toString()}
2024-04-17 17:58:30,946 [main] INFO  base.BaseClass - Trying to find Element By {by.toString()})
2024-04-17 17:58:30,976 [main] INFO  base.BaseClass - Found Element By {by.toString()}
2024-04-17 17:58:31,524 [main] INFO  base.BaseClass - Trying to find Element By {by.toString()})
2024-04-17 17:58:31,569 [main] INFO  base.BaseClass - Found Element By {by.toString()}
2024-04-17 17:58:32,101 [main] INFO  base.BaseClass - Trying to find Element By {by.toString()})
2024-04-17 17:58:32,132 [main] INFO  base.BaseClass - Found Element By {by.toString()}
2024-04-17 17:58:32,679 [main] INFO  base.BaseClass - Trying to find Element By {by.toString()})
2024-04-17 17:58:32,712 [main] INFO  base.BaseClass - Found Element By {by.toString()}
2024-04-17 17:58:33,248 [main] INFO  base.BaseClass - Trying to find Element By {by.toString()})
2024-04-17 17:58:33,279 [main] INFO  base.BaseClass - Found Element By {by.toString()}
2024-04-17 17:58:33,809 [main] INFO  base.BaseClass - Trying to find Element By {by.toString()})
2024-04-17 17:58:33,844 [main] INFO  base.BaseClass - Found Element By {by.toString()}
2024-04-17 17:58:34,375 [main] INFO  base.BaseClass - Trying to find Element By {by.toString()})
2024-04-17 17:58:34,411 [main] INFO  base.BaseClass - Found Element By {by.toString()}
2024-04-17 17:58:34,956 [main] INFO  base.BaseClass - Trying to find Element By {by.toString()})
2024-04-17 17:58:34,990 [main] INFO  base.BaseClass - Found Element By {by.toString()}
2024-04-17 17:58:35,533 [main] INFO  base.BaseClass - Trying to find Element By {by.toString()})
2024-04-17 17:58:35,564 [main] INFO  base.BaseClass - Found Element By {by.toString()}
2024-04-17 17:58:36,116 [main] INFO  base.BaseClass - Trying to find Element By {by.toString()})
2024-04-17 17:58:36,146 [main] INFO  base.BaseClass - Found Element By {by.toString()}
2024-04-17 17:58:36,680 [main] INFO  base.BaseClass - Trying to find Element By {by.toString()})
2024-04-17 17:58:36,710 [main] INFO  base.BaseClass - Found Element By {by.toString()}
2024-04-17 17:58:37,242 [main] INFO  base.BaseClass - Trying to find Element By {by.toString()})
2024-04-17 17:58:37,271 [main] INFO  base.BaseClass - Found Element By {by.toString()}
2024-04-17 17:58:37,823 [main] INFO  base.BaseClass - Trying to find Element By {by.toString()})
2024-04-17 17:58:37,851 [main] INFO  base.BaseClass - Found Element By {by.toString()}
2024-04-17 17:58:38,370 [main] INFO  base.BaseClass - Trying to find Element By {by.toString()})
2024-04-17 17:58:38,404 [main] INFO  base.BaseClass - Found Element By {by.toString()}
2024-04-17 17:58:38,947 [main] INFO  base.BaseClass - Trying to find Element By {by.toString()})
2024-04-17 17:58:38,980 [main] INFO  base.BaseClass - Found Element By {by.toString()}
2024-04-17 17:58:39,524 [main] INFO  base.BaseClass - Trying to find Element By {by.toString()})
2024-04-17 17:58:39,548 [main] INFO  base.BaseClass - Found Element By {by.toString()}
2024-04-17 17:58:40,087 [main] INFO  base.BaseClass - Trying to find Element By {by.toString()})
2024-04-17 17:58:40,097 [main] INFO  base.BaseClass - Found Element By {by.toString()}
2024-04-17 17:58:40,618 [main] INFO  base.BaseClass - Trying to find Element By {by.toString()})
2024-04-17 17:58:40,649 [main] INFO  base.BaseClass - Found Element By {by.toString()}
2024-04-17 17:58:41,195 [main] INFO  base.BaseClass - Trying to find Element By {by.toString()})
2024-04-17 17:58:41,226 [main] INFO  base.BaseClass - Found Element By {by.toString()}
2024-04-17 17:58:41,770 [main] INFO  base.BaseClass - Trying to find Element By {by.toString()})
2024-04-17 17:58:41,802 [main] INFO  base.BaseClass - Found Element By {by.toString()}
2024-04-17 17:58:42,347 [main] INFO  base.BaseClass - Trying to find Element By {by.toString()})
2024-04-17 17:58:42,377 [main] INFO  base.BaseClass - Found Element By {by.toString()}
2024-04-17 17:58:42,909 [main] INFO  base.BaseClass - Trying to find Element By {by.toString()})
2024-04-17 17:58:42,923 [main] INFO  base.BaseClass - Found Element By {by.toString()}
2024-04-17 17:58:43,441 [main] INFO  base.BaseClass - Trying to find Element By {by.toString()})
2024-04-17 17:58:43,473 [main] INFO  base.BaseClass - Found Element By {by.toString()}
2024-04-17 17:58:44,018 [main] INFO  base.BaseClass - Trying to find Element By {by.toString()})
2024-04-17 17:58:44,048 [main] INFO  base.BaseClass - Found Element By {by.toString()}
2024-04-17 17:58:44,592 [main] INFO  base.BaseClass - Trying to find Element By {by.toString()})
2024-04-17 17:58:44,622 [main] INFO  base.BaseClass - Found Element By {by.toString()}
2024-04-17 17:58:45,171 [main] INFO  base.BaseClass - Trying to find Element By {by.toString()})
2024-04-17 17:58:45,202 [main] INFO  base.BaseClass - Found Element By {by.toString()}
2024-04-17 17:58:45,749 [main] INFO  base.BaseClass - Trying to find Element By {by.toString()})
2024-04-17 17:58:45,782 [main] INFO  base.BaseClass - Found Element By {by.toString()}
2024-04-17 17:58:46,326 [main] INFO  base.BaseClass - Trying to find Element By {by.toString()})
2024-04-17 17:58:46,360 [main] INFO  base.BaseClass - Found Element By {by.toString()}
2024-04-17 17:58:46,903 [main] INFO  base.BaseClass - Trying to find Element By {by.toString()})
2024-04-17 17:58:46,933 [main] INFO  base.BaseClass - Found Element By {by.toString()}
2024-04-17 17:58:47,483 [main] INFO  base.BaseClass - Trying to find Element By {by.toString()})
2024-04-17 17:58:47,517 [main] INFO  base.BaseClass - Found Element By {by.toString()}
2024-04-17 17:58:48,047 [main] INFO  base.BaseClass - Trying to find Element By {by.toString()})
2024-04-17 17:58:48,079 [main] INFO  base.BaseClass - Found Element By {by.toString()}
2024-04-17 17:58:48,610 [main] INFO  base.BaseClass - Trying to find Element By {by.toString()})
2024-04-17 17:58:48,642 [main] INFO  base.BaseClass - Found Element By {by.toString()}
2024-04-17 17:58:49,190 [main] INFO  base.BaseClass - Trying to find Element By {by.toString()})
2024-04-17 17:58:49,218 [main] INFO  base.BaseClass - Found Element By {by.toString()}
2024-04-17 17:58:49,750 [main] INFO  base.BaseClass - Trying to find Element By {by.toString()})
2024-04-17 17:58:49,780 [main] INFO  base.BaseClass - Found Element By {by.toString()}
2024-04-17 17:58:50,325 [main] INFO  base.BaseClass - Trying to find Element By {by.toString()})
2024-04-17 17:58:50,353 [main] INFO  base.BaseClass - Found Element By {by.toString()}
2024-04-17 17:58:50,907 [main] INFO  base.BaseClass - Trying to find Element By {by.toString()})
2024-04-17 17:58:50,939 [main] INFO  base.BaseClass - Found Element By {by.toString()}
2024-04-17 17:58:51,486 [main] INFO  base.BaseClass - Trying to find Element By {by.toString()})
2024-04-17 17:58:51,518 [main] INFO  base.BaseClass - Found Element By {by.toString()}
2024-04-17 17:58:52,068 [main] INFO  base.BaseClass - Trying to find Element By {by.toString()})
2024-04-17 17:58:52,098 [main] INFO  base.BaseClass - Found Element By {by.toString()}
2024-04-17 17:58:52,646 [main] INFO  base.BaseClass - Trying to find Element By {by.toString()})
2024-04-17 17:58:52,664 [main] INFO  base.BaseClass - Found Element By {by.toString()}
2024-04-17 17:58:53,207 [main] INFO  base.BaseClass - Trying to find Element By {by.toString()})
2024-04-17 17:58:53,236 [main] INFO  base.BaseClass - Found Element By {by.toString()}
2024-04-17 17:58:53,787 [main] INFO  base.BaseClass - Trying to find Element By {by.toString()})
2024-04-17 17:58:53,818 [main] INFO  base.BaseClass - Found Element By {by.toString()}
2024-04-17 17:58:54,365 [main] INFO  base.BaseClass - Trying to find Element By {by.toString()})
2024-04-17 17:58:54,396 [main] INFO  base.BaseClass - Found Element By {by.toString()}
2024-04-17 17:58:54,942 [main] INFO  base.BaseClass - Trying to find Element By {by.toString()})
2024-04-17 17:58:54,973 [main] INFO  base.BaseClass - Found Element By {by.toString()}
2024-04-17 17:58:55,522 [main] INFO  base.BaseClass - Trying to find Element By {by.toString()})
2024-04-17 17:58:55,552 [main] INFO  base.BaseClass - Found Element By {by.toString()}
2024-04-17 17:58:56,088 [main] INFO  base.BaseClass - Trying to find Element By {by.toString()})
2024-04-17 17:58:56,118 [main] INFO  base.BaseClass - Found Element By {by.toString()}
2024-04-17 17:58:56,650 [main] INFO  base.BaseClass - Trying to find Element By {by.toString()})
2024-04-17 17:58:56,677 [main] INFO  base.BaseClass - Found Element By {by.toString()}
TimeoutException occurred: Expected condition failed: waiting for helper.WaitUtility$5@4179d30b (tried for 30 second(s) with 500 milliseconds interval)
Build info: version: '3.141.59', revision: 'e82be7d358', time: '2018-11-14T08:17:03'
System info: host: 'DPLAP166', ip: '137.237.2.236', os.name: 'Windows 10', os.arch: 'amd64', os.version: '10.0', java.version: '19.0.1'
Driver info: org.openqa.selenium.support.events.EventFiringWebDriver
Capabilities {acceptInsecureCerts: true, browserName: chrome, browserVersion: 123.0.6312.123, chrome: {chromedriverVersion: 123.0.6312.122 (31f8248cdd9..., userDataDir: C:\Users\dP-PL\AppData\Loca...}, fedcm:accounts: true, goog:chromeOptions: {debuggerAddress: localhost:51256}, javascriptEnabled: true, networkConnectionEnabled: false, pageLoadStrategy: normal, platform: WINDOWS, platformName: WINDOWS, proxy: Proxy(), setWindowRect: true, strictFileInteractability: false, timeouts: {implicit: 0, pageLoad: 300000, script: 30000}, unhandledPromptBehavior: dismiss and notify, webauthn:extension:credBlob: true, webauthn:extension:largeBlob: true, webauthn:extension:minPinLength: true, webauthn:extension:prf: true, webauthn:virtualAuthenticators: true}
Session ID: a59c4df4811f82049fe754efe723d3c1
2024-04-17 17:58:56,714 [main] ERROR RotationCopy_test - Element did not become visible within the specified time: Expected condition failed: waiting for helper.WaitUtility$5@4179d30b (tried for 30 second(s) with 500 milliseconds interval)
Build info: version: '3.141.59', revision: 'e82be7d358', time: '2018-11-14T08:17:03'
System info: host: 'DPLAP166', ip: '137.237.2.236', os.name: 'Windows 10', os.arch: 'amd64', os.version: '10.0', java.version: '19.0.1'
Driver info: org.openqa.selenium.support.events.EventFiringWebDriver
Capabilities {acceptInsecureCerts: true, browserName: chrome, browserVersion: 123.0.6312.123, chrome: {chromedriverVersion: 123.0.6312.122 (31f8248cdd9..., userDataDir: C:\Users\dP-PL\AppData\Loca...}, fedcm:accounts: true, goog:chromeOptions: {debuggerAddress: localhost:51256}, javascriptEnabled: true, networkConnectionEnabled: false, pageLoadStrategy: normal, platform: WINDOWS, platformName: WINDOWS, proxy: Proxy(), setWindowRect: true, strictFileInteractability: false, timeouts: {implicit: 0, pageLoad: 300000, script: 30000}, unhandledPromptBehavior: dismiss and notify, webauthn:extension:credBlob: true, webauthn:extension:largeBlob: true, webauthn:extension:minPinLength: true, webauthn:extension:prf: true, webauthn:virtualAuthenticators: true}
Session ID: a59c4df4811f82049fe754efe723d3c1
2024-04-17 17:58:56,714 [main] INFO  base.BaseClass - Trying to find Element By {by.toString()})
2024-04-17 17:58:56,729 [main] INFO  base.BaseClass - Found Element By {by.toString()}
2024-04-17 17:58:56,729 [main] INFO  base.BaseClass - Trying to click on: {element.toString()}
2024-04-17 17:58:56,834 [main] INFO  base.BaseClass - Clicked on: {element.toString()}
2024-04-17 17:58:56,840 [main] INFO  base.BaseClass - Trying to find Element By {by.toString()})
2024-04-17 17:58:56,853 [main] INFO  base.BaseClass - Found Element By {by.toString()}
2024-04-17 17:58:57,368 [main] INFO  base.BaseClass - Trying to find Element By {by.toString()})
2024-04-17 17:58:57,387 [main] INFO  base.BaseClass - Found Element By {by.toString()}
2024-04-17 17:58:57,912 [main] INFO  base.BaseClass - Trying to find Element By {by.toString()})
2024-04-17 17:58:57,945 [main] INFO  base.BaseClass - Found Element By {by.toString()}
2024-04-17 17:58:58,491 [main] INFO  base.BaseClass - Trying to find Element By {by.toString()})
2024-04-17 17:58:58,525 [main] INFO  base.BaseClass - Found Element By {by.toString()}
2024-04-17 17:58:59,069 [main] INFO  base.BaseClass - Trying to find Element By {by.toString()})
2024-04-17 17:58:59,101 [main] INFO  base.BaseClass - Found Element By {by.toString()}
2024-04-17 17:58:59,647 [main] INFO  base.BaseClass - Trying to find Element By {by.toString()})
2024-04-17 17:58:59,675 [main] INFO  base.BaseClass - Found Element By {by.toString()}
2024-04-17 17:59:00,225 [main] INFO  base.BaseClass - Trying to find Element By {by.toString()})
2024-04-17 17:59:00,255 [main] INFO  base.BaseClass - Found Element By {by.toString()}
2024-04-17 17:59:00,805 [main] INFO  base.BaseClass - Trying to find Element By {by.toString()})
2024-04-17 17:59:00,835 [main] INFO  base.BaseClass - Found Element By {by.toString()}
2024-04-17 17:59:01,386 [main] INFO  base.BaseClass - Trying to find Element By {by.toString()})
2024-04-17 17:59:01,416 [main] INFO  base.BaseClass - Found Element By {by.toString()}
2024-04-17 17:59:01,961 [main] INFO  base.BaseClass - Trying to find Element By {by.toString()})
2024-04-17 17:59:01,991 [main] INFO  base.BaseClass - Found Element By {by.toString()}
2024-04-17 17:59:02,523 [main] INFO  base.BaseClass - Trying to find Element By {by.toString()})
2024-04-17 17:59:02,554 [main] INFO  base.BaseClass - Found Element By {by.toString()}
2024-04-17 17:59:03,100 [main] INFO  base.BaseClass - Trying to find Element By {by.toString()})
2024-04-17 17:59:03,130 [main] INFO  base.BaseClass - Found Element By {by.toString()}
2024-04-17 17:59:03,678 [main] INFO  base.BaseClass - Trying to find Element By {by.toString()})
2024-04-17 17:59:03,697 [main] INFO  base.BaseClass - Found Element By {by.toString()}
2024-04-17 17:59:04,244 [main] INFO  base.BaseClass - Trying to find Element By {by.toString()})
2024-04-17 17:59:04,273 [main] INFO  base.BaseClass - Found Element By {by.toString()}
2024-04-17 17:59:04,824 [main] INFO  base.BaseClass - Trying to find Element By {by.toString()})
2024-04-17 17:59:04,853 [main] INFO  base.BaseClass - Found Element By {by.toString()}
2024-04-17 17:59:05,405 [main] INFO  base.BaseClass - Trying to find Element By {by.toString()})
2024-04-17 17:59:05,421 [main] INFO  base.BaseClass - Found Element By {by.toString()}
2024-04-17 17:59:05,955 [main] INFO  base.BaseClass - Trying to find Element By {by.toString()})
2024-04-17 17:59:05,987 [main] INFO  base.BaseClass - Found Element By {by.toString()}
2024-04-17 17:59:06,533 [main] INFO  base.BaseClass - Trying to find Element By {by.toString()})
2024-04-17 17:59:06,547 [main] INFO  base.BaseClass - Found Element By {by.toString()}
2024-04-17 17:59:07,066 [main] INFO  base.BaseClass - Trying to find Element By {by.toString()})
2024-04-17 17:59:07,087 [main] INFO  base.BaseClass - Found Element By {by.toString()}
2024-04-17 17:59:07,627 [main] INFO  base.BaseClass - Trying to find Element By {by.toString()})
2024-04-17 17:59:07,650 [main] INFO  base.BaseClass - Found Element By {by.toString()}
2024-04-17 17:59:08,182 [main] INFO  base.BaseClass - Trying to find Element By {by.toString()})
2024-04-17 17:59:08,193 [main] INFO  base.BaseClass - Found Element By {by.toString()}
2024-04-17 17:59:08,714 [main] INFO  base.BaseClass - Trying to find Element By {by.toString()})
2024-04-17 17:59:08,743 [main] INFO  base.BaseClass - Found Element By {by.toString()}
2024-04-17 17:59:09,277 [main] INFO  base.BaseClass - Trying to find Element By {by.toString()})
2024-04-17 17:59:09,303 [main] INFO  base.BaseClass - Found Element By {by.toString()}
2024-04-17 17:59:09,822 [main] INFO  base.BaseClass - Trying to find Element By {by.toString()})
2024-04-17 17:59:09,835 [main] INFO  base.BaseClass - Found Element By {by.toString()}
2024-04-17 17:59:10,357 [main] INFO  base.BaseClass - Trying to find Element By {by.toString()})
2024-04-17 17:59:10,376 [main] INFO  base.BaseClass - Found Element By {by.toString()}
2024-04-17 17:59:10,912 [main] INFO  base.BaseClass - Trying to find Element By {by.toString()})
2024-04-17 17:59:10,927 [main] INFO  base.BaseClass - Found Element By {by.toString()}
2024-04-17 17:59:11,448 [main] INFO  base.BaseClass - Trying to find Element By {by.toString()})
2024-04-17 17:59:11,464 [main] INFO  base.BaseClass - Found Element By {by.toString()}
2024-04-17 17:59:11,984 [main] INFO  base.BaseClass - Trying to find Element By {by.toString()})
2024-04-17 17:59:12,006 [main] INFO  base.BaseClass - Found Element By {by.toString()}
2024-04-17 17:59:12,530 [main] INFO  base.BaseClass - Trying to find Element By {by.toString()})
2024-04-17 17:59:12,557 [main] INFO  base.BaseClass - Found Element By {by.toString()}
2024-04-17 17:59:13,096 [main] INFO  base.BaseClass - Trying to find Element By {by.toString()})
2024-04-17 17:59:13,126 [main] INFO  base.BaseClass - Found Element By {by.toString()}
2024-04-17 17:59:13,674 [main] INFO  base.BaseClass - Trying to find Element By {by.toString()})
2024-04-17 17:59:13,701 [main] INFO  base.BaseClass - Found Element By {by.toString()}
2024-04-17 17:59:14,237 [main] INFO  base.BaseClass - Trying to find Element By {by.toString()})
2024-04-17 17:59:14,267 [main] INFO  base.BaseClass - Found Element By {by.toString()}
2024-04-17 17:59:14,815 [main] INFO  base.BaseClass - Trying to find Element By {by.toString()})
2024-04-17 17:59:14,843 [main] INFO  base.BaseClass - Found Element By {by.toString()}
2024-04-17 17:59:15,392 [main] INFO  base.BaseClass - Trying to find Element By {by.toString()})
2024-04-17 17:59:15,419 [main] INFO  base.BaseClass - Found Element By {by.toString()}
2024-04-17 17:59:15,956 [main] INFO  base.BaseClass - Trying to find Element By {by.toString()})
2024-04-17 17:59:15,985 [main] INFO  base.BaseClass - Found Element By {by.toString()}
2024-04-17 17:59:16,537 [main] INFO  base.BaseClass - Trying to find Element By {by.toString()})
2024-04-17 17:59:16,562 [main] INFO  base.BaseClass - Found Element By {by.toString()}
2024-04-17 17:59:17,111 [main] INFO  base.BaseClass - Trying to find Element By {by.toString()})
2024-04-17 17:59:17,140 [main] INFO  base.BaseClass - Found Element By {by.toString()}
2024-04-17 17:59:17,692 [main] INFO  base.BaseClass - Trying to find Element By {by.toString()})
2024-04-17 17:59:17,722 [main] INFO  base.BaseClass - Found Element By {by.toString()}
2024-04-17 17:59:18,253 [main] INFO  base.BaseClass - Trying to find Element By {by.toString()})
2024-04-17 17:59:18,283 [main] INFO  base.BaseClass - Found Element By {by.toString()}
2024-04-17 17:59:18,834 [main] INFO  base.BaseClass - Trying to find Element By {by.toString()})
2024-04-17 17:59:18,863 [main] INFO  base.BaseClass - Found Element By {by.toString()}
2024-04-17 17:59:19,414 [main] INFO  base.BaseClass - Trying to find Element By {by.toString()})
2024-04-17 17:59:19,431 [main] INFO  base.BaseClass - Found Element By {by.toString()}
2024-04-17 17:59:19,963 [main] INFO  base.BaseClass - Trying to find Element By {by.toString()})
2024-04-17 17:59:19,991 [main] INFO  base.BaseClass - Found Element By {by.toString()}
2024-04-17 17:59:20,530 [main] INFO  base.BaseClass - Trying to find Element By {by.toString()})
2024-04-17 17:59:20,559 [main] INFO  base.BaseClass - Found Element By {by.toString()}
2024-04-17 17:59:21,111 [main] INFO  base.BaseClass - Trying to find Element By {by.toString()})
2024-04-17 17:59:21,141 [main] INFO  base.BaseClass - Found Element By {by.toString()}
2024-04-17 17:59:21,679 [main] INFO  base.BaseClass - Trying to find Element By {by.toString()})
2024-04-17 17:59:21,709 [main] INFO  base.BaseClass - Found Element By {by.toString()}
2024-04-17 17:59:22,257 [main] INFO  base.BaseClass - Trying to find Element By {by.toString()})
2024-04-17 17:59:22,286 [main] INFO  base.BaseClass - Found Element By {by.toString()}
2024-04-17 17:59:22,836 [main] INFO  base.BaseClass - Trying to find Element By {by.toString()})
2024-04-17 17:59:22,865 [main] INFO  base.BaseClass - Found Element By {by.toString()}
2024-04-17 17:59:23,414 [main] INFO  base.BaseClass - Trying to find Element By {by.toString()})
2024-04-17 17:59:23,444 [main] INFO  base.BaseClass - Found Element By {by.toString()}
2024-04-17 17:59:23,992 [main] INFO  base.BaseClass - Trying to find Element By {by.toString()})
2024-04-17 17:59:24,021 [main] INFO  base.BaseClass - Found Element By {by.toString()}
2024-04-17 17:59:24,571 [main] INFO  base.BaseClass - Trying to find Element By {by.toString()})
2024-04-17 17:59:24,600 [main] INFO  base.BaseClass - Found Element By {by.toString()}
2024-04-17 17:59:25,151 [main] INFO  base.BaseClass - Trying to find Element By {by.toString()})
2024-04-17 17:59:25,180 [main] INFO  base.BaseClass - Found Element By {by.toString()}
2024-04-17 17:59:25,731 [main] INFO  base.BaseClass - Trying to find Element By {by.toString()})
2024-04-17 17:59:25,759 [main] INFO  base.BaseClass - Found Element By {by.toString()}
2024-04-17 17:59:26,295 [main] INFO  base.BaseClass - Trying to find Element By {by.toString()})
2024-04-17 17:59:26,325 [main] INFO  base.BaseClass - Found Element By {by.toString()}
2024-04-17 17:59:26,855 [main] INFO  base.BaseClass - Trying to find Element By {by.toString()})
2024-04-17 17:59:27,267 [main] INFO  base.BaseClass - Found Element By {by.toString()}
TimeoutException occurred: Expected condition failed: waiting for helper.WaitUtility$5@7ee2b3e3 (tried for 30 second(s) with 500 milliseconds interval)
Build info: version: '3.141.59', revision: 'e82be7d358', time: '2018-11-14T08:17:03'
System info: host: 'DPLAP166', ip: '137.237.2.236', os.name: 'Windows 10', os.arch: 'amd64', os.version: '10.0', java.version: '19.0.1'
Driver info: org.openqa.selenium.support.events.EventFiringWebDriver
Capabilities {acceptInsecureCerts: true, browserName: chrome, browserVersion: 123.0.6312.123, chrome: {chromedriverVersion: 123.0.6312.122 (31f8248cdd9..., userDataDir: C:\Users\dP-PL\AppData\Loca...}, fedcm:accounts: true, goog:chromeOptions: {debuggerAddress: localhost:51256}, javascriptEnabled: true, networkConnectionEnabled: false, pageLoadStrategy: normal, platform: WINDOWS, platformName: WINDOWS, proxy: Proxy(), setWindowRect: true, strictFileInteractability: false, timeouts: {implicit: 0, pageLoad: 300000, script: 30000}, unhandledPromptBehavior: dismiss and notify, webauthn:extension:credBlob: true, webauthn:extension:largeBlob: true, webauthn:extension:minPinLength: true, webauthn:extension:prf: true, webauthn:virtualAuthenticators: true}
Session ID: a59c4df4811f82049fe754efe723d3c1
2024-04-17 17:59:27,307 [main] ERROR RotationCopy_test - Element did not become visible within the specified time: Expected condition failed: waiting for helper.WaitUtility$5@7ee2b3e3 (tried for 30 second(s) with 500 milliseconds interval)
Build info: version: '3.141.59', revision: 'e82be7d358', time: '2018-11-14T08:17:03'
System info: host: 'DPLAP166', ip: '137.237.2.236', os.name: 'Windows 10', os.arch: 'amd64', os.version: '10.0', java.version: '19.0.1'
Driver info: org.openqa.selenium.support.events.EventFiringWebDriver
Capabilities {acceptInsecureCerts: true, browserName: chrome, browserVersion: 123.0.6312.123, chrome: {chromedriverVersion: 123.0.6312.122 (31f8248cdd9..., userDataDir: C:\Users\dP-PL\AppData\Loca...}, fedcm:accounts: true, goog:chromeOptions: {debuggerAddress: localhost:51256}, javascriptEnabled: true, networkConnectionEnabled: false, pageLoadStrategy: normal, platform: WINDOWS, platformName: WINDOWS, proxy: Proxy(), setWindowRect: true, strictFileInteractability: false, timeouts: {implicit: 0, pageLoad: 300000, script: 30000}, unhandledPromptBehavior: dismiss and notify, webauthn:extension:credBlob: true, webauthn:extension:largeBlob: true, webauthn:extension:minPinLength: true, webauthn:extension:prf: true, webauthn:virtualAuthenticators: true}
Session ID: a59c4df4811f82049fe754efe723d3c1
2024-04-17 17:59:27,307 [main] INFO  base.BaseClass - Trying to find Element By {by.toString()})
2024-04-17 17:59:27,327 [main] INFO  base.BaseClass - Found Element By {by.toString()}
2024-04-17 17:59:27,327 [main] INFO  base.BaseClass - Trying to click on: {element.toString()}
2024-04-17 17:59:27,395 [main] INFO  base.BaseClass - Clicked on: {element.toString()}
2024-04-17 17:59:27,401 [main] INFO  base.BaseClass - Trying to find Element By {by.toString()})
2024-04-17 17:59:27,415 [main] INFO  base.BaseClass - Found Element By {by.toString()}
2024-04-17 17:59:27,936 [main] INFO  base.BaseClass - Trying to find Element By {by.toString()})
2024-04-17 17:59:28,248 [main] INFO  base.BaseClass - Found Element By {by.toString()}
2024-04-17 17:59:28,767 [main] INFO  base.BaseClass - Trying to find Element By {by.toString()})
2024-04-17 17:59:28,789 [main] INFO  base.BaseClass - Found Element By {by.toString()}
2024-04-17 17:59:29,324 [main] INFO  base.BaseClass - Trying to find Element By {by.toString()})
2024-04-17 17:59:29,377 [main] INFO  base.BaseClass - Found Element By {by.toString()}
2024-04-17 17:59:29,900 [main] INFO  base.BaseClass - Trying to find Element By {by.toString()})
2024-04-17 17:59:29,936 [main] INFO  base.BaseClass - Found Element By {by.toString()}
2024-04-17 17:59:30,477 [main] INFO  base.BaseClass - Trying to find Element By {by.toString()})
2024-04-17 17:59:30,497 [main] INFO  base.BaseClass - Found Element By {by.toString()}
2024-04-17 17:59:31,035 [main] INFO  base.BaseClass - Trying to find Element By {by.toString()})
2024-04-17 17:59:31,063 [main] INFO  base.BaseClass - Found Element By {by.toString()}
2024-04-17 17:59:31,612 [main] INFO  base.BaseClass - Trying to find Element By {by.toString()})
2024-04-17 17:59:31,643 [main] INFO  base.BaseClass - Found Element By {by.toString()}
2024-04-17 17:59:32,174 [main] INFO  base.BaseClass - Trying to find Element By {by.toString()})
2024-04-17 17:59:32,189 [main] INFO  base.BaseClass - Found Element By {by.toString()}
2024-04-17 17:59:32,720 [main] INFO  base.BaseClass - Trying to find Element By {by.toString()})
2024-04-17 17:59:32,753 [main] INFO  base.BaseClass - Found Element By {by.toString()}
2024-04-17 17:59:33,303 [main] INFO  base.BaseClass - Trying to find Element By {by.toString()})
2024-04-17 17:59:33,336 [main] INFO  base.BaseClass - Found Element By {by.toString()}
2024-04-17 17:59:33,883 [main] INFO  base.BaseClass - Trying to find Element By {by.toString()})
2024-04-17 17:59:33,914 [main] INFO  base.BaseClass - Found Element By {by.toString()}
2024-04-17 17:59:34,463 [main] INFO  base.BaseClass - Trying to find Element By {by.toString()})
2024-04-17 17:59:34,493 [main] INFO  base.BaseClass - Found Element By {by.toString()}
2024-04-17 17:59:35,043 [main] INFO  base.BaseClass - Trying to find Element By {by.toString()})
2024-04-17 17:59:35,069 [main] INFO  base.BaseClass - Found Element By {by.toString()}
2024-04-17 17:59:35,591 [main] INFO  base.BaseClass - Trying to find Element By {by.toString()})
2024-04-17 17:59:35,601 [main] INFO  base.BaseClass - Found Element By {by.toString()}
2024-04-17 17:59:36,120 [main] INFO  base.BaseClass - Trying to find Element By {by.toString()})
2024-04-17 17:59:36,151 [main] INFO  base.BaseClass - Found Element By {by.toString()}
2024-04-17 17:59:36,700 [main] INFO  base.BaseClass - Trying to find Element By {by.toString()})
2024-04-17 17:59:36,716 [main] INFO  base.BaseClass - Found Element By {by.toString()}
2024-04-17 17:59:37,244 [main] INFO  base.BaseClass - Trying to find Element By {by.toString()})
2024-04-17 17:59:37,273 [main] INFO  base.BaseClass - Found Element By {by.toString()}
2024-04-17 17:59:37,826 [main] INFO  base.BaseClass - Trying to find Element By {by.toString()})
2024-04-17 17:59:37,852 [main] INFO  base.BaseClass - Found Element By {by.toString()}
2024-04-17 17:59:38,386 [main] INFO  base.BaseClass - Trying to find Element By {by.toString()})
2024-04-17 17:59:38,417 [main] INFO  base.BaseClass - Found Element By {by.toString()}
2024-04-17 17:59:38,961 [main] INFO  base.BaseClass - Trying to find Element By {by.toString()})
2024-04-17 17:59:38,988 [main] INFO  base.BaseClass - Found Element By {by.toString()}
2024-04-17 17:59:39,538 [main] INFO  base.BaseClass - Trying to find Element By {by.toString()})
2024-04-17 17:59:39,569 [main] INFO  base.BaseClass - Found Element By {by.toString()}
2024-04-17 17:59:40,117 [main] INFO  base.BaseClass - Trying to find Element By {by.toString()})
2024-04-17 17:59:40,142 [main] INFO  base.BaseClass - Found Element By {by.toString()}
2024-04-17 17:59:40,678 [main] INFO  base.BaseClass - Trying to find Element By {by.toString()})
2024-04-17 17:59:40,708 [main] INFO  base.BaseClass - Found Element By {by.toString()}
2024-04-17 17:59:41,240 [main] INFO  base.BaseClass - Trying to find Element By {by.toString()})
2024-04-17 17:59:41,270 [main] INFO  base.BaseClass - Found Element By {by.toString()}
2024-04-17 17:59:41,817 [main] INFO  base.BaseClass - Trying to find Element By {by.toString()})
2024-04-17 17:59:41,831 [main] INFO  base.BaseClass - Found Element By {by.toString()}
2024-04-17 17:59:42,364 [main] INFO  base.BaseClass - Trying to find Element By {by.toString()})
2024-04-17 17:59:42,393 [main] INFO  base.BaseClass - Found Element By {by.toString()}
2024-04-17 17:59:42,943 [main] INFO  base.BaseClass - Trying to find Element By {by.toString()})
2024-04-17 17:59:42,955 [main] INFO  base.BaseClass - Found Element By {by.toString()}
2024-04-17 17:59:43,480 [main] INFO  base.BaseClass - Trying to find Element By {by.toString()})
2024-04-17 17:59:43,508 [main] INFO  base.BaseClass - Found Element By {by.toString()}
2024-04-17 17:59:44,047 [main] INFO  base.BaseClass - Trying to find Element By {by.toString()})
2024-04-17 17:59:44,077 [main] INFO  base.BaseClass - Found Element By {by.toString()}
2024-04-17 17:59:44,627 [main] INFO  base.BaseClass - Trying to find Element By {by.toString()})
2024-04-17 17:59:44,658 [main] INFO  base.BaseClass - Found Element By {by.toString()}
2024-04-17 17:59:45,209 [main] INFO  base.BaseClass - Trying to find Element By {by.toString()})
2024-04-17 17:59:45,228 [main] INFO  base.BaseClass - Found Element By {by.toString()}
2024-04-17 17:59:45,746 [main] INFO  base.BaseClass - Trying to find Element By {by.toString()})
2024-04-17 17:59:45,758 [main] INFO  base.BaseClass - Found Element By {by.toString()}
2024-04-17 17:59:46,291 [main] INFO  base.BaseClass - Trying to find Element By {by.toString()})
2024-04-17 17:59:46,321 [main] INFO  base.BaseClass - Found Element By {by.toString()}
2024-04-17 17:59:46,868 [main] INFO  base.BaseClass - Trying to find Element By {by.toString()})
2024-04-17 17:59:46,898 [main] INFO  base.BaseClass - Found Element By {by.toString()}
2024-04-17 17:59:47,430 [main] INFO  base.BaseClass - Trying to find Element By {by.toString()})
2024-04-17 17:59:47,461 [main] INFO  base.BaseClass - Found Element By {by.toString()}
2024-04-17 17:59:48,012 [main] INFO  base.BaseClass - Trying to find Element By {by.toString()})
2024-04-17 17:59:48,039 [main] INFO  base.BaseClass - Found Element By {by.toString()}
2024-04-17 17:59:48,580 [main] INFO  base.BaseClass - Trying to find Element By {by.toString()})
2024-04-17 17:59:48,612 [main] INFO  base.BaseClass - Found Element By {by.toString()}
2024-04-17 17:59:49,158 [main] INFO  base.BaseClass - Trying to find Element By {by.toString()})
2024-04-17 17:59:49,187 [main] INFO  base.BaseClass - Found Element By {by.toString()}
2024-04-17 17:59:49,727 [main] INFO  base.BaseClass - Trying to find Element By {by.toString()})
2024-04-17 17:59:49,759 [main] INFO  base.BaseClass - Found Element By {by.toString()}
2024-04-17 17:59:50,308 [main] INFO  base.BaseClass - Trying to find Element By {by.toString()})
2024-04-17 17:59:50,332 [main] INFO  base.BaseClass - Found Element By {by.toString()}
2024-04-17 17:59:50,855 [main] INFO  base.BaseClass - Trying to find Element By {by.toString()})
2024-04-17 17:59:50,884 [main] INFO  base.BaseClass - Found Element By {by.toString()}
2024-04-17 17:59:51,434 [main] INFO  base.BaseClass - Trying to find Element By {by.toString()})
2024-04-17 17:59:51,463 [main] INFO  base.BaseClass - Found Element By {by.toString()}
2024-04-17 17:59:52,011 [main] INFO  base.BaseClass - Trying to find Element By {by.toString()})
2024-04-17 17:59:52,041 [main] INFO  base.BaseClass - Found Element By {by.toString()}
2024-04-17 17:59:52,562 [main] INFO  base.BaseClass - Trying to find Element By {by.toString()})
2024-04-17 17:59:52,595 [main] INFO  base.BaseClass - Found Element By {by.toString()}
2024-04-17 17:59:53,140 [main] INFO  base.BaseClass - Trying to find Element By {by.toString()})
2024-04-17 17:59:53,169 [main] INFO  base.BaseClass - Found Element By {by.toString()}
2024-04-17 17:59:53,717 [main] INFO  base.BaseClass - Trying to find Element By {by.toString()})
2024-04-17 17:59:53,747 [main] INFO  base.BaseClass - Found Element By {by.toString()}
2024-04-17 17:59:54,294 [main] INFO  base.BaseClass - Trying to find Element By {by.toString()})
2024-04-17 17:59:54,326 [main] INFO  base.BaseClass - Found Element By {by.toString()}
2024-04-17 17:59:54,873 [main] INFO  base.BaseClass - Trying to find Element By {by.toString()})
2024-04-17 17:59:54,903 [main] INFO  base.BaseClass - Found Element By {by.toString()}
2024-04-17 17:59:55,451 [main] INFO  base.BaseClass - Trying to find Element By {by.toString()})
2024-04-17 17:59:55,482 [main] INFO  base.BaseClass - Found Element By {by.toString()}
2024-04-17 17:59:56,029 [main] INFO  base.BaseClass - Trying to find Element By {by.toString()})
2024-04-17 17:59:56,049 [main] INFO  base.BaseClass - Found Element By {by.toString()}
2024-04-17 17:59:56,590 [main] INFO  base.BaseClass - Trying to find Element By {by.toString()})
2024-04-17 17:59:56,619 [main] INFO  base.BaseClass - Found Element By {by.toString()}
2024-04-17 17:59:57,170 [main] INFO  base.BaseClass - Trying to find Element By {by.toString()})
2024-04-17 17:59:57,200 [main] INFO  base.BaseClass - Found Element By {by.toString()}
2024-04-17 17:59:57,750 [main] INFO  base.BaseClass - Trying to find Element By {by.toString()})
2024-04-17 17:59:57,771 [main] INFO  base.BaseClass - Found Element By {by.toString()}
TimeoutException occurred: Expected condition failed: waiting for helper.WaitUtility$5@5a4cf76c (tried for 30 second(s) with 500 milliseconds interval)
Build info: version: '3.141.59', revision: 'e82be7d358', time: '2018-11-14T08:17:03'
System info: host: 'DPLAP166', ip: '137.237.2.236', os.name: 'Windows 10', os.arch: 'amd64', os.version: '10.0', java.version: '19.0.1'
Driver info: org.openqa.selenium.support.events.EventFiringWebDriver
Capabilities {acceptInsecureCerts: true, browserName: chrome, browserVersion: 123.0.6312.123, chrome: {chromedriverVersion: 123.0.6312.122 (31f8248cdd9..., userDataDir: C:\Users\dP-PL\AppData\Loca...}, fedcm:accounts: true, goog:chromeOptions: {debuggerAddress: localhost:51256}, javascriptEnabled: true, networkConnectionEnabled: false, pageLoadStrategy: normal, platform: WINDOWS, platformName: WINDOWS, proxy: Proxy(), setWindowRect: true, strictFileInteractability: false, timeouts: {implicit: 0, pageLoad: 300000, script: 30000}, unhandledPromptBehavior: dismiss and notify, webauthn:extension:credBlob: true, webauthn:extension:largeBlob: true, webauthn:extension:minPinLength: true, webauthn:extension:prf: true, webauthn:virtualAuthenticators: true}
Session ID: a59c4df4811f82049fe754efe723d3c1
2024-04-17 17:59:57,810 [main] ERROR RotationCopy_test - Element did not become visible within the specified time: Expected condition failed: waiting for helper.WaitUtility$5@5a4cf76c (tried for 30 second(s) with 500 milliseconds interval)
Build info: version: '3.141.59', revision: 'e82be7d358', time: '2018-11-14T08:17:03'
System info: host: 'DPLAP166', ip: '137.237.2.236', os.name: 'Windows 10', os.arch: 'amd64', os.version: '10.0', java.version: '19.0.1'
Driver info: org.openqa.selenium.support.events.EventFiringWebDriver
Capabilities {acceptInsecureCerts: true, browserName: chrome, browserVersion: 123.0.6312.123, chrome: {chromedriverVersion: 123.0.6312.122 (31f8248cdd9..., userDataDir: C:\Users\dP-PL\AppData\Loca...}, fedcm:accounts: true, goog:chromeOptions: {debuggerAddress: localhost:51256}, javascriptEnabled: true, networkConnectionEnabled: false, pageLoadStrategy: normal, platform: WINDOWS, platformName: WINDOWS, proxy: Proxy(), setWindowRect: true, strictFileInteractability: false, timeouts: {implicit: 0, pageLoad: 300000, script: 30000}, unhandledPromptBehavior: dismiss and notify, webauthn:extension:credBlob: true, webauthn:extension:largeBlob: true, webauthn:extension:minPinLength: true, webauthn:extension:prf: true, webauthn:virtualAuthenticators: true}
Session ID: a59c4df4811f82049fe754efe723d3c1
2024-04-17 17:59:57,810 [main] INFO  base.BaseClass - Trying to find Element By {by.toString()})
2024-04-17 17:59:57,826 [main] INFO  base.BaseClass - Found Element By {by.toString()}
2024-04-17 17:59:57,826 [main] INFO  base.BaseClass - Trying to click on: {element.toString()}
2024-04-17 17:59:57,957 [main] INFO  base.BaseClass - Clicked on: {element.toString()}
2024-04-17 17:59:57,957 [main] INFO  base.BaseClass - Trying to find Element By {by.toString()})
2024-04-17 17:59:58,818 [main] INFO  base.BaseClass - Found Element By {by.toString()}
2024-04-17 17:59:59,345 [main] INFO  base.BaseClass - Trying to find Element By {by.toString()})
2024-04-17 17:59:59,379 [main] INFO  base.BaseClass - Found Element By {by.toString()}
2024-04-17 17:59:59,928 [main] INFO  base.BaseClass - Trying to find Element By {by.toString()})
2024-04-17 17:59:59,958 [main] INFO  base.BaseClass - Found Element By {by.toString()}
2024-04-17 18:00:00,492 [main] INFO  base.BaseClass - Trying to find Element By {by.toString()})
2024-04-17 18:00:00,522 [main] INFO  base.BaseClass - Found Element By {by.toString()}
2024-04-17 18:00:01,070 [main] INFO  base.BaseClass - Trying to find Element By {by.toString()})
2024-04-17 18:00:01,101 [main] INFO  base.BaseClass - Found Element By {by.toString()}
2024-04-17 18:00:01,652 [main] INFO  base.BaseClass - Trying to find Element By {by.toString()})
2024-04-17 18:00:01,679 [main] INFO  base.BaseClass - Found Element By {by.toString()}
2024-04-17 18:00:02,203 [main] INFO  base.BaseClass - Trying to find Element By {by.toString()})
2024-04-17 18:00:02,233 [main] INFO  base.BaseClass - Found Element By {by.toString()}
2024-04-17 18:00:02,784 [main] INFO  base.BaseClass - Trying to find Element By {by.toString()})
2024-04-17 18:00:02,814 [main] INFO  base.BaseClass - Found Element By {by.toString()}
2024-04-17 18:00:03,350 [main] INFO  base.BaseClass - Trying to find Element By {by.toString()})
2024-04-17 18:00:03,381 [main] INFO  base.BaseClass - Found Element By {by.toString()}
2024-04-17 18:00:03,930 [main] INFO  base.BaseClass - Trying to find Element By {by.toString()})
2024-04-17 18:00:03,961 [main] INFO  base.BaseClass - Found Element By {by.toString()}
2024-04-17 18:00:04,513 [main] INFO  base.BaseClass - Trying to find Element By {by.toString()})
2024-04-17 18:00:04,544 [main] INFO  base.BaseClass - Found Element By {by.toString()}
2024-04-17 18:00:05,092 [main] INFO  base.BaseClass - Trying to find Element By {by.toString()})
2024-04-17 18:00:05,121 [main] INFO  base.BaseClass - Found Element By {by.toString()}
2024-04-17 18:00:05,656 [main] INFO  base.BaseClass - Trying to find Element By {by.toString()})
2024-04-17 18:00:05,687 [main] INFO  base.BaseClass - Found Element By {by.toString()}
2024-04-17 18:00:06,235 [main] INFO  base.BaseClass - Trying to find Element By {by.toString()})
2024-04-17 18:00:06,265 [main] INFO  base.BaseClass - Found Element By {by.toString()}
2024-04-17 18:00:06,813 [main] INFO  base.BaseClass - Trying to find Element By {by.toString()})
2024-04-17 18:00:06,843 [main] INFO  base.BaseClass - Found Element By {by.toString()}
2024-04-17 18:00:07,404 [main] INFO  base.BaseClass - Trying to find Element By {by.toString()})
2024-04-17 18:00:07,434 [main] INFO  base.BaseClass - Found Element By {by.toString()}
2024-04-17 18:00:07,981 [main] INFO  base.BaseClass - Trying to find Element By {by.toString()})
2024-04-17 18:00:08,013 [main] INFO  base.BaseClass - Found Element By {by.toString()}
2024-04-17 18:00:08,589 [main] INFO  base.BaseClass - Trying to find Element By {by.toString()})
2024-04-17 18:00:08,602 [main] INFO  base.BaseClass - Found Element By {by.toString()}
2024-04-17 18:00:09,125 [main] INFO  base.BaseClass - Trying to find Element By {by.toString()})
2024-04-17 18:00:09,153 [main] INFO  base.BaseClass - Found Element By {by.toString()}
2024-04-17 18:00:09,702 [main] INFO  base.BaseClass - Trying to find Element By {by.toString()})
2024-04-17 18:00:09,734 [main] INFO  base.BaseClass - Found Element By {by.toString()}
2024-04-17 18:00:10,279 [main] INFO  base.BaseClass - Trying to find Element By {by.toString()})
2024-04-17 18:00:10,309 [main] INFO  base.BaseClass - Found Element By {by.toString()}
2024-04-17 18:00:10,856 [main] INFO  base.BaseClass - Trying to find Element By {by.toString()})
2024-04-17 18:00:10,887 [main] INFO  base.BaseClass - Found Element By {by.toString()}
2024-04-17 18:00:11,423 [main] INFO  base.BaseClass - Trying to find Element By {by.toString()})
2024-04-17 18:00:11,452 [main] INFO  base.BaseClass - Found Element By {by.toString()}
2024-04-17 18:00:12,002 [main] INFO  base.BaseClass - Trying to find Element By {by.toString()})
2024-04-17 18:00:12,034 [main] INFO  base.BaseClass - Found Element By {by.toString()}
2024-04-17 18:00:12,579 [main] INFO  base.BaseClass - Trying to find Element By {by.toString()})
2024-04-17 18:00:12,612 [main] INFO  base.BaseClass - Found Element By {by.toString()}
2024-04-17 18:00:13,159 [main] INFO  base.BaseClass - Trying to find Element By {by.toString()})
2024-04-17 18:00:13,189 [main] INFO  base.BaseClass - Found Element By {by.toString()}
2024-04-17 18:00:13,738 [main] INFO  base.BaseClass - Trying to find Element By {by.toString()})
2024-04-17 18:00:13,768 [main] INFO  base.BaseClass - Found Element By {by.toString()}
2024-04-17 18:00:14,314 [main] INFO  base.BaseClass - Trying to find Element By {by.toString()})
2024-04-17 18:00:14,346 [main] INFO  base.BaseClass - Found Element By {by.toString()}
2024-04-17 18:00:14,880 [main] INFO  base.BaseClass - Trying to find Element By {by.toString()})
2024-04-17 18:00:14,911 [main] INFO  base.BaseClass - Found Element By {by.toString()}
2024-04-17 18:00:15,462 [main] INFO  base.BaseClass - Trying to find Element By {by.toString()})
2024-04-17 18:00:15,485 [main] INFO  base.BaseClass - Found Element By {by.toString()}
2024-04-17 18:00:16,010 [main] INFO  base.BaseClass - Trying to find Element By {by.toString()})
2024-04-17 18:00:16,040 [main] INFO  base.BaseClass - Found Element By {by.toString()}
2024-04-17 18:00:16,586 [main] INFO  base.BaseClass - Trying to find Element By {by.toString()})
2024-04-17 18:00:16,619 [main] INFO  base.BaseClass - Found Element By {by.toString()}
2024-04-17 18:00:17,164 [main] INFO  base.BaseClass - Trying to find Element By {by.toString()})
2024-04-17 18:00:17,193 [main] INFO  base.BaseClass - Found Element By {by.toString()}
2024-04-17 18:00:17,746 [main] INFO  base.BaseClass - Trying to find Element By {by.toString()})
2024-04-17 18:00:17,777 [main] INFO  base.BaseClass - Found Element By {by.toString()}
2024-04-17 18:00:18,306 [main] INFO  base.BaseClass - Trying to find Element By {by.toString()})
2024-04-17 18:00:18,317 [main] INFO  base.BaseClass - Found Element By {by.toString()}
2024-04-17 18:00:18,836 [main] INFO  base.BaseClass - Trying to find Element By {by.toString()})
2024-04-17 18:00:18,867 [main] INFO  base.BaseClass - Found Element By {by.toString()}
2024-04-17 18:00:19,430 [main] INFO  base.BaseClass - Trying to find Element By {by.toString()})
2024-04-17 18:00:19,461 [main] INFO  base.BaseClass - Found Element By {by.toString()}
2024-04-17 18:00:20,006 [main] INFO  base.BaseClass - Trying to find Element By {by.toString()})
2024-04-17 18:00:20,036 [main] INFO  base.BaseClass - Found Element By {by.toString()}
2024-04-17 18:00:20,580 [main] INFO  base.BaseClass - Trying to find Element By {by.toString()})
2024-04-17 18:00:20,610 [main] INFO  base.BaseClass - Found Element By {by.toString()}
2024-04-17 18:00:21,157 [main] INFO  base.BaseClass - Trying to find Element By {by.toString()})
2024-04-17 18:00:21,183 [main] INFO  base.BaseClass - Found Element By {by.toString()}
2024-04-17 18:00:21,718 [main] INFO  base.BaseClass - Trying to find Element By {by.toString()})
2024-04-17 18:00:21,748 [main] INFO  base.BaseClass - Found Element By {by.toString()}
2024-04-17 18:00:22,297 [main] INFO  base.BaseClass - Trying to find Element By {by.toString()})
2024-04-17 18:00:22,327 [main] INFO  base.BaseClass - Found Element By {by.toString()}
2024-04-17 18:00:22,875 [main] INFO  base.BaseClass - Trying to find Element By {by.toString()})
2024-04-17 18:00:22,907 [main] INFO  base.BaseClass - Found Element By {by.toString()}
2024-04-17 18:00:23,442 [main] INFO  base.BaseClass - Trying to find Element By {by.toString()})
2024-04-17 18:00:23,472 [main] INFO  base.BaseClass - Found Element By {by.toString()}
2024-04-17 18:00:24,021 [main] INFO  base.BaseClass - Trying to find Element By {by.toString()})
2024-04-17 18:00:24,053 [main] INFO  base.BaseClass - Found Element By {by.toString()}
2024-04-17 18:00:24,596 [main] INFO  base.BaseClass - Trying to find Element By {by.toString()})
2024-04-17 18:00:24,627 [main] INFO  base.BaseClass - Found Element By {by.toString()}
2024-04-17 18:00:25,190 [main] INFO  base.BaseClass - Trying to find Element By {by.toString()})
2024-04-17 18:00:25,213 [main] INFO  base.BaseClass - Found Element By {by.toString()}
2024-04-17 18:00:25,736 [main] INFO  base.BaseClass - Trying to find Element By {by.toString()})
2024-04-17 18:00:25,767 [main] INFO  base.BaseClass - Found Element By {by.toString()}
2024-04-17 18:00:26,302 [main] INFO  base.BaseClass - Trying to find Element By {by.toString()})
2024-04-17 18:00:26,332 [main] INFO  base.BaseClass - Found Element By {by.toString()}
2024-04-17 18:00:26,876 [main] INFO  base.BaseClass - Trying to find Element By {by.toString()})
2024-04-17 18:00:27,018 [main] INFO  base.BaseClass - Found Element By {by.toString()}
2024-04-17 18:00:27,548 [main] INFO  base.BaseClass - Trying to find Element By {by.toString()})
2024-04-17 18:00:27,581 [main] INFO  base.BaseClass - Found Element By {by.toString()}
2024-04-17 18:00:28,125 [main] INFO  base.BaseClass - Trying to find Element By {by.toString()})
2024-04-17 18:00:28,158 [main] INFO  base.BaseClass - Found Element By {by.toString()}
TimeoutException occurred: Expected condition failed: waiting for helper.WaitUtility$5@2830a10e (tried for 30 second(s) with 500 milliseconds interval)
Build info: version: '3.141.59', revision: 'e82be7d358', time: '2018-11-14T08:17:03'
System info: host: 'DPLAP166', ip: '137.237.2.236', os.name: 'Windows 10', os.arch: 'amd64', os.version: '10.0', java.version: '19.0.1'
Driver info: org.openqa.selenium.support.events.EventFiringWebDriver
Capabilities {acceptInsecureCerts: true, browserName: chrome, browserVersion: 123.0.6312.123, chrome: {chromedriverVersion: 123.0.6312.122 (31f8248cdd9..., userDataDir: C:\Users\dP-PL\AppData\Loca...}, fedcm:accounts: true, goog:chromeOptions: {debuggerAddress: localhost:51256}, javascriptEnabled: true, networkConnectionEnabled: false, pageLoadStrategy: normal, platform: WINDOWS, platformName: WINDOWS, proxy: Proxy(), setWindowRect: true, strictFileInteractability: false, timeouts: {implicit: 0, pageLoad: 300000, script: 30000}, unhandledPromptBehavior: dismiss and notify, webauthn:extension:credBlob: true, webauthn:extension:largeBlob: true, webauthn:extension:minPinLength: true, webauthn:extension:prf: true, webauthn:virtualAuthenticators: true}
Session ID: a59c4df4811f82049fe754efe723d3c1
2024-04-17 18:00:28,201 [main] ERROR RotationCopy_test - Element did not become visible within the specified time: Expected condition failed: waiting for helper.WaitUtility$5@2830a10e (tried for 30 second(s) with 500 milliseconds interval)
Build info: version: '3.141.59', revision: 'e82be7d358', time: '2018-11-14T08:17:03'
System info: host: 'DPLAP166', ip: '137.237.2.236', os.name: 'Windows 10', os.arch: 'amd64', os.version: '10.0', java.version: '19.0.1'
Driver info: org.openqa.selenium.support.events.EventFiringWebDriver
Capabilities {acceptInsecureCerts: true, browserName: chrome, browserVersion: 123.0.6312.123, chrome: {chromedriverVersion: 123.0.6312.122 (31f8248cdd9..., userDataDir: C:\Users\dP-PL\AppData\Loca...}, fedcm:accounts: true, goog:chromeOptions: {debuggerAddress: localhost:51256}, javascriptEnabled: true, networkConnectionEnabled: false, pageLoadStrategy: normal, platform: WINDOWS, platformName: WINDOWS, proxy: Proxy(), setWindowRect: true, strictFileInteractability: false, timeouts: {implicit: 0, pageLoad: 300000, script: 30000}, unhandledPromptBehavior: dismiss and notify, webauthn:extension:credBlob: true, webauthn:extension:largeBlob: true, webauthn:extension:minPinLength: true, webauthn:extension:prf: true, webauthn:virtualAuthenticators: true}
Session ID: a59c4df4811f82049fe754efe723d3c1
2024-04-17 18:00:28,201 [main] INFO  base.BaseClass - Trying to find Element By {by.toString()})
2024-04-17 18:00:28,218 [main] INFO  base.BaseClass - Found Element By {by.toString()}
2024-04-17 18:00:28,218 [main] INFO  base.BaseClass - Trying to click on: {element.toString()}
2024-04-17 18:00:28,287 [main] INFO  base.BaseClass - Clicked on: {element.toString()}
2024-04-17 18:00:28,287 [main] INFO  base.BaseClass - Trying to find Element By {by.toString()})
2024-04-17 18:00:28,300 [main] INFO  base.BaseClass - Found Element By {by.toString()}
2024-04-17 18:00:28,826 [main] INFO  base.BaseClass - Trying to find Element By {by.toString()})
2024-04-17 18:00:28,859 [main] INFO  base.BaseClass - Found Element By {by.toString()}
2024-04-17 18:00:29,405 [main] INFO  base.BaseClass - Trying to find Element By {by.toString()})
2024-04-17 18:00:29,437 [main] INFO  base.BaseClass - Found Element By {by.toString()}
2024-04-17 18:00:29,982 [main] INFO  base.BaseClass - Trying to find Element By {by.toString()})
2024-04-17 18:00:30,015 [main] INFO  base.BaseClass - Found Element By {by.toString()}
2024-04-17 18:00:30,558 [main] INFO  base.BaseClass - Trying to find Element By {by.toString()})
2024-04-17 18:00:30,591 [main] INFO  base.BaseClass - Found Element By {by.toString()}
2024-04-17 18:00:31,122 [main] INFO  base.BaseClass - Trying to find Element By {by.toString()})
2024-04-17 18:00:31,153 [main] INFO  base.BaseClass - Found Element By {by.toString()}
2024-04-17 18:00:31,698 [main] INFO  base.BaseClass - Trying to find Element By {by.toString()})
2024-04-17 18:00:31,730 [main] INFO  base.BaseClass - Found Element By {by.toString()}
2024-04-17 18:00:32,262 [main] INFO  base.BaseClass - Trying to find Element By {by.toString()})
2024-04-17 18:00:32,359 [main] INFO  base.BaseClass - Found Element By {by.toString()}
2024-04-17 18:00:32,901 [main] INFO  base.BaseClass - Trying to find Element By {by.toString()})
2024-04-17 18:00:32,932 [main] INFO  base.BaseClass - Found Element By {by.toString()}
2024-04-17 18:00:33,479 [main] INFO  base.BaseClass - Trying to find Element By {by.toString()})
2024-04-17 18:00:33,511 [main] INFO  base.BaseClass - Found Element By {by.toString()}
2024-04-17 18:00:34,072 [main] INFO  base.BaseClass - Trying to find Element By {by.toString()})
2024-04-17 18:00:34,104 [main] INFO  base.BaseClass - Found Element By {by.toString()}
2024-04-17 18:00:34,631 [main] INFO  base.BaseClass - Trying to find Element By {by.toString()})
2024-04-17 18:00:34,662 [main] INFO  base.BaseClass - Found Element By {by.toString()}
2024-04-17 18:00:35,209 [main] INFO  base.BaseClass - Trying to find Element By {by.toString()})
2024-04-17 18:00:35,237 [main] INFO  base.BaseClass - Found Element By {by.toString()}
2024-04-17 18:00:35,768 [main] INFO  base.BaseClass - Trying to find Element By {by.toString()})
2024-04-17 18:00:35,790 [main] INFO  base.BaseClass - Found Element By {by.toString()}
2024-04-17 18:00:36,330 [main] INFO  base.BaseClass - Trying to find Element By {by.toString()})
2024-04-17 18:00:36,361 [main] INFO  base.BaseClass - Found Element By {by.toString()}
2024-04-17 18:00:36,906 [main] INFO  base.BaseClass - Trying to find Element By {by.toString()})
2024-04-17 18:00:36,939 [main] INFO  base.BaseClass - Found Element By {by.toString()}
2024-04-17 18:00:37,471 [main] INFO  base.BaseClass - Trying to find Element By {by.toString()})
2024-04-17 18:00:37,501 [main] INFO  base.BaseClass - Found Element By {by.toString()}
2024-04-17 18:00:38,044 [main] INFO  base.BaseClass - Trying to find Element By {by.toString()})
2024-04-17 18:00:38,076 [main] INFO  base.BaseClass - Found Element By {by.toString()}
2024-04-17 18:00:38,622 [main] INFO  base.BaseClass - Trying to find Element By {by.toString()})
2024-04-17 18:00:38,642 [main] INFO  base.BaseClass - Found Element By {by.toString()}
2024-04-17 18:00:39,169 [main] INFO  base.BaseClass - Trying to find Element By {by.toString()})
2024-04-17 18:00:39,226 [main] INFO  base.BaseClass - Found Element By {by.toString()}
2024-04-17 18:00:39,748 [main] INFO  base.BaseClass - Trying to find Element By {by.toString()})
2024-04-17 18:00:39,780 [main] INFO  base.BaseClass - Found Element By {by.toString()}
2024-04-17 18:00:40,324 [main] INFO  base.BaseClass - Trying to find Element By {by.toString()})
2024-04-17 18:00:40,342 [main] INFO  base.BaseClass - Found Element By {by.toString()}
2024-04-17 18:00:40,884 [main] INFO  base.BaseClass - Trying to find Element By {by.toString()})
2024-04-17 18:00:40,917 [main] INFO  base.BaseClass - Found Element By {by.toString()}
2024-04-17 18:00:41,462 [main] INFO  base.BaseClass - Trying to find Element By {by.toString()})
2024-04-17 18:00:41,493 [main] INFO  base.BaseClass - Found Element By {by.toString()}
2024-04-17 18:00:42,041 [main] INFO  base.BaseClass - Trying to find Element By {by.toString()})
2024-04-17 18:00:42,075 [main] INFO  base.BaseClass - Found Element By {by.toString()}
2024-04-17 18:00:42,603 [main] INFO  base.BaseClass - Trying to find Element By {by.toString()})
2024-04-17 18:00:42,637 [main] INFO  base.BaseClass - Found Element By {by.toString()}
2024-04-17 18:00:43,180 [main] INFO  base.BaseClass - Trying to find Element By {by.toString()})
2024-04-17 18:00:43,211 [main] INFO  base.BaseClass - Found Element By {by.toString()}
2024-04-17 18:00:43,758 [main] INFO  base.BaseClass - Trying to find Element By {by.toString()})
2024-04-17 18:00:43,791 [main] INFO  base.BaseClass - Found Element By {by.toString()}
2024-04-17 18:00:44,317 [main] INFO  base.BaseClass - Trying to find Element By {by.toString()})
2024-04-17 18:00:44,349 [main] INFO  base.BaseClass - Found Element By {by.toString()}
2024-04-17 18:00:44,897 [main] INFO  base.BaseClass - Trying to find Element By {by.toString()})
2024-04-17 18:00:44,924 [main] INFO  base.BaseClass - Found Element By {by.toString()}
2024-04-17 18:00:45,462 [main] INFO  base.BaseClass - Trying to find Element By {by.toString()})
2024-04-17 18:00:45,495 [main] INFO  base.BaseClass - Found Element By {by.toString()}
2024-04-17 18:00:46,038 [main] INFO  base.BaseClass - Trying to find Element By {by.toString()})
2024-04-17 18:00:46,070 [main] INFO  base.BaseClass - Found Element By {by.toString()}
2024-04-17 18:00:46,613 [main] INFO  base.BaseClass - Trying to find Element By {by.toString()})
2024-04-17 18:00:46,627 [main] INFO  base.BaseClass - Found Element By {by.toString()}
2024-04-17 18:00:47,144 [main] INFO  base.BaseClass - Trying to find Element By {by.toString()})
2024-04-17 18:00:47,157 [main] INFO  base.BaseClass - Found Element By {by.toString()}
2024-04-17 18:00:47,687 [main] INFO  base.BaseClass - Trying to find Element By {by.toString()})
2024-04-17 18:00:47,719 [main] INFO  base.BaseClass - Found Element By {by.toString()}
2024-04-17 18:00:48,267 [main] INFO  base.BaseClass - Trying to find Element By {by.toString()})
2024-04-17 18:00:48,300 [main] INFO  base.BaseClass - Found Element By {by.toString()}
2024-04-17 18:00:48,846 [main] INFO  base.BaseClass - Trying to find Element By {by.toString()})
2024-04-17 18:00:48,878 [main] INFO  base.BaseClass - Found Element By {by.toString()}
2024-04-17 18:00:49,423 [main] INFO  base.BaseClass - Trying to find Element By {by.toString()})
2024-04-17 18:00:49,441 [main] INFO  base.BaseClass - Found Element By {by.toString()}
2024-04-17 18:00:49,985 [main] INFO  base.BaseClass - Trying to find Element By {by.toString()})
2024-04-17 18:00:50,017 [main] INFO  base.BaseClass - Found Element By {by.toString()}
2024-04-17 18:00:50,561 [main] INFO  base.BaseClass - Trying to find Element By {by.toString()})
2024-04-17 18:00:50,591 [main] INFO  base.BaseClass - Found Element By {by.toString()}
2024-04-17 18:00:51,133 [main] INFO  base.BaseClass - Trying to find Element By {by.toString()})
2024-04-17 18:00:51,164 [main] INFO  base.BaseClass - Found Element By {by.toString()}
2024-04-17 18:00:51,709 [main] INFO  base.BaseClass - Trying to find Element By {by.toString()})
2024-04-17 18:00:51,739 [main] INFO  base.BaseClass - Found Element By {by.toString()}
2024-04-17 18:00:52,287 [main] INFO  base.BaseClass - Trying to find Element By {by.toString()})
2024-04-17 18:00:52,316 [main] INFO  base.BaseClass - Found Element By {by.toString()}
2024-04-17 18:00:52,865 [main] INFO  base.BaseClass - Trying to find Element By {by.toString()})
2024-04-17 18:00:52,895 [main] INFO  base.BaseClass - Found Element By {by.toString()}
2024-04-17 18:00:53,442 [main] INFO  base.BaseClass - Trying to find Element By {by.toString()})
2024-04-17 18:00:53,462 [main] INFO  base.BaseClass - Found Element By {by.toString()}
2024-04-17 18:00:54,006 [main] INFO  base.BaseClass - Trying to find Element By {by.toString()})
2024-04-17 18:00:54,237 [main] INFO  base.BaseClass - Found Element By {by.toString()}
2024-04-17 18:00:54,789 [main] INFO  base.BaseClass - Trying to find Element By {by.toString()})
2024-04-17 18:00:54,806 [main] INFO  base.BaseClass - Found Element By {by.toString()}
2024-04-17 18:00:55,335 [main] INFO  base.BaseClass - Trying to find Element By {by.toString()})
2024-04-17 18:00:55,377 [main] INFO  base.BaseClass - Found Element By {by.toString()}
2024-04-17 18:00:55,897 [main] INFO  base.BaseClass - Trying to find Element By {by.toString()})
2024-04-17 18:00:55,928 [main] INFO  base.BaseClass - Found Element By {by.toString()}
2024-04-17 18:00:56,460 [main] INFO  base.BaseClass - Trying to find Element By {by.toString()})
2024-04-17 18:00:56,481 [main] INFO  base.BaseClass - Found Element By {by.toString()}
2024-04-17 18:00:57,007 [main] INFO  base.BaseClass - Trying to find Element By {by.toString()})
2024-04-17 18:00:57,039 [main] INFO  base.BaseClass - Found Element By {by.toString()}
2024-04-17 18:00:57,587 [main] INFO  base.BaseClass - Trying to find Element By {by.toString()})
2024-04-17 18:00:57,617 [main] INFO  base.BaseClass - Found Element By {by.toString()}
2024-04-17 18:00:58,165 [main] INFO  base.BaseClass - Trying to find Element By {by.toString()})
2024-04-17 18:00:58,195 [main] INFO  base.BaseClass - Found Element By {by.toString()}
2024-04-17 18:00:58,745 [main] INFO  base.BaseClass - Trying to find Element By {by.toString()})
2024-04-17 18:00:58,777 [main] INFO  base.BaseClass - Found Element By {by.toString()}
TimeoutException occurred: Expected condition failed: waiting for helper.WaitUtility$5@5f36046 (tried for 30 second(s) with 500 milliseconds interval)
Build info: version: '3.141.59', revision: 'e82be7d358', time: '2018-11-14T08:17:03'
System info: host: 'DPLAP166', ip: '137.237.2.236', os.name: 'Windows 10', os.arch: 'amd64', os.version: '10.0', java.version: '19.0.1'
Driver info: org.openqa.selenium.support.events.EventFiringWebDriver
Capabilities {acceptInsecureCerts: true, browserName: chrome, browserVersion: 123.0.6312.123, chrome: {chromedriverVersion: 123.0.6312.122 (31f8248cdd9..., userDataDir: C:\Users\dP-PL\AppData\Loca...}, fedcm:accounts: true, goog:chromeOptions: {debuggerAddress: localhost:51256}, javascriptEnabled: true, networkConnectionEnabled: false, pageLoadStrategy: normal, platform: WINDOWS, platformName: WINDOWS, proxy: Proxy(), setWindowRect: true, strictFileInteractability: false, timeouts: {implicit: 0, pageLoad: 300000, script: 30000}, unhandledPromptBehavior: dismiss and notify, webauthn:extension:credBlob: true, webauthn:extension:largeBlob: true, webauthn:extension:minPinLength: true, webauthn:extension:prf: true, webauthn:virtualAuthenticators: true}
Session ID: a59c4df4811f82049fe754efe723d3c1
2024-04-17 18:00:58,823 [main] ERROR RotationCopy_test - Element did not become visible within the specified time: Expected condition failed: waiting for helper.WaitUtility$5@5f36046 (tried for 30 second(s) with 500 milliseconds interval)
Build info: version: '3.141.59', revision: 'e82be7d358', time: '2018-11-14T08:17:03'
System info: host: 'DPLAP166', ip: '137.237.2.236', os.name: 'Windows 10', os.arch: 'amd64', os.version: '10.0', java.version: '19.0.1'
Driver info: org.openqa.selenium.support.events.EventFiringWebDriver
Capabilities {acceptInsecureCerts: true, browserName: chrome, browserVersion: 123.0.6312.123, chrome: {chromedriverVersion: 123.0.6312.122 (31f8248cdd9..., userDataDir: C:\Users\dP-PL\AppData\Loca...}, fedcm:accounts: true, goog:chromeOptions: {debuggerAddress: localhost:51256}, javascriptEnabled: true, networkConnectionEnabled: false, pageLoadStrategy: normal, platform: WINDOWS, platformName: WINDOWS, proxy: Proxy(), setWindowRect: true, strictFileInteractability: false, timeouts: {implicit: 0, pageLoad: 300000, script: 30000}, unhandledPromptBehavior: dismiss and notify, webauthn:extension:credBlob: true, webauthn:extension:largeBlob: true, webauthn:extension:minPinLength: true, webauthn:extension:prf: true, webauthn:virtualAuthenticators: true}
Session ID: a59c4df4811f82049fe754efe723d3c1
2024-04-17 18:00:58,823 [main] INFO  base.BaseClass - Trying to find Element By {by.toString()})
2024-04-17 18:00:58,846 [main] INFO  base.BaseClass - Found Element By {by.toString()}
2024-04-17 18:00:58,847 [main] INFO  base.BaseClass - Trying to click on: {element.toString()}
2024-04-17 18:00:58,961 [main] INFO  base.BaseClass - Clicked on: {element.toString()}
2024-04-17 18:00:58,967 [main] INFO  base.BaseClass - Trying to find Element By {by.toString()})
2024-04-17 18:00:58,981 [main] INFO  base.BaseClass - Found Element By {by.toString()}
2024-04-17 18:00:59,507 [main] INFO  base.BaseClass - Trying to find Element By {by.toString()})
2024-04-17 18:00:59,520 [main] INFO  base.BaseClass - Found Element By {by.toString()}
2024-04-17 18:01:00,039 [main] INFO  base.BaseClass - Trying to find Element By {by.toString()})
2024-04-17 18:01:00,061 [main] INFO  base.BaseClass - Found Element By {by.toString()}
2024-04-17 18:01:00,584 [main] INFO  base.BaseClass - Trying to find Element By {by.toString()})
2024-04-17 18:01:00,616 [main] INFO  base.BaseClass - Found Element By {by.toString()}
2024-04-17 18:01:01,162 [main] INFO  base.BaseClass - Trying to find Element By {by.toString()})
2024-04-17 18:01:01,194 [main] INFO  base.BaseClass - Found Element By {by.toString()}
2024-04-17 18:01:01,739 [main] INFO  base.BaseClass - Trying to find Element By {by.toString()})
2024-04-17 18:01:01,769 [main] INFO  base.BaseClass - Found Element By {by.toString()}
2024-04-17 18:01:02,315 [main] INFO  base.BaseClass - Trying to find Element By {by.toString()})
2024-04-17 18:01:02,345 [main] INFO  base.BaseClass - Found Element By {by.toString()}
2024-04-17 18:01:02,894 [main] INFO  base.BaseClass - Trying to find Element By {by.toString()})
2024-04-17 18:01:02,923 [main] INFO  base.BaseClass - Found Element By {by.toString()}
2024-04-17 18:01:03,471 [main] INFO  base.BaseClass - Trying to find Element By {by.toString()})
2024-04-17 18:01:03,493 [main] INFO  base.BaseClass - Found Element By {by.toString()}
2024-04-17 18:01:04,032 [main] INFO  base.BaseClass - Trying to find Element By {by.toString()})
2024-04-17 18:01:04,062 [main] INFO  base.BaseClass - Found Element By {by.toString()}
2024-04-17 18:01:04,597 [main] INFO  base.BaseClass - Trying to find Element By {by.toString()})
2024-04-17 18:01:04,630 [main] INFO  base.BaseClass - Found Element By {by.toString()}
2024-04-17 18:01:05,158 [main] INFO  base.BaseClass - Trying to find Element By {by.toString()})
2024-04-17 18:01:05,190 [main] INFO  base.BaseClass - Found Element By {by.toString()}
2024-04-17 18:01:05,738 [main] INFO  base.BaseClass - Trying to find Element By {by.toString()})
2024-04-17 18:01:05,769 [main] INFO  base.BaseClass - Found Element By {by.toString()}
2024-04-17 18:01:06,317 [main] INFO  base.BaseClass - Trying to find Element By {by.toString()})
2024-04-17 18:01:06,348 [main] INFO  base.BaseClass - Found Element By {by.toString()}
2024-04-17 18:01:06,898 [main] INFO  base.BaseClass - Trying to find Element By {by.toString()})
2024-04-17 18:01:06,928 [main] INFO  base.BaseClass - Found Element By {by.toString()}
2024-04-17 18:01:07,474 [main] INFO  base.BaseClass - Trying to find Element By {by.toString()})
2024-04-17 18:01:07,504 [main] INFO  base.BaseClass - Found Element By {by.toString()}
2024-04-17 18:01:08,051 [main] INFO  base.BaseClass - Trying to find Element By {by.toString()})
2024-04-17 18:01:08,082 [main] INFO  base.BaseClass - Found Element By {by.toString()}
2024-04-17 18:01:08,631 [main] INFO  base.BaseClass - Trying to find Element By {by.toString()})
2024-04-17 18:01:08,648 [main] INFO  base.BaseClass - Found Element By {by.toString()}
2024-04-17 18:01:09,179 [main] INFO  base.BaseClass - Trying to find Element By {by.toString()})
2024-04-17 18:01:09,211 [main] INFO  base.BaseClass - Found Element By {by.toString()}
2024-04-17 18:01:09,759 [main] INFO  base.BaseClass - Trying to find Element By {by.toString()})
2024-04-17 18:01:09,788 [main] INFO  base.BaseClass - Found Element By {by.toString()}
2024-04-17 18:01:10,320 [main] INFO  base.BaseClass - Trying to find Element By {by.toString()})
2024-04-17 18:01:10,351 [main] INFO  base.BaseClass - Found Element By {by.toString()}
2024-04-17 18:01:10,887 [main] INFO  base.BaseClass - Trying to find Element By {by.toString()})
2024-04-17 18:01:10,916 [main] INFO  base.BaseClass - Found Element By {by.toString()}
2024-04-17 18:01:11,450 [main] INFO  base.BaseClass - Trying to find Element By {by.toString()})
2024-04-17 18:01:11,479 [main] INFO  base.BaseClass - Found Element By {by.toString()}
2024-04-17 18:01:12,012 [main] INFO  base.BaseClass - Trying to find Element By {by.toString()})
2024-04-17 18:01:12,043 [main] INFO  base.BaseClass - Found Element By {by.toString()}
2024-04-17 18:01:12,573 [main] INFO  base.BaseClass - Trying to find Element By {by.toString()})
2024-04-17 18:01:12,603 [main] INFO  base.BaseClass - Found Element By {by.toString()}
2024-04-17 18:01:13,137 [main] INFO  base.BaseClass - Trying to find Element By {by.toString()})
2024-04-17 18:01:13,165 [main] INFO  base.BaseClass - Found Element By {by.toString()}
2024-04-17 18:01:13,712 [main] INFO  base.BaseClass - Trying to find Element By {by.toString()})
2024-04-17 18:01:13,742 [main] INFO  base.BaseClass - Found Element By {by.toString()}
2024-04-17 18:01:14,291 [main] INFO  base.BaseClass - Trying to find Element By {by.toString()})
2024-04-17 18:01:14,322 [main] INFO  base.BaseClass - Found Element By {by.toString()}
2024-04-17 18:01:14,868 [main] INFO  base.BaseClass - Trying to find Element By {by.toString()})
2024-04-17 18:01:14,897 [main] INFO  base.BaseClass - Found Element By {by.toString()}
2024-04-17 18:01:15,445 [main] INFO  base.BaseClass - Trying to find Element By {by.toString()})
2024-04-17 18:01:15,475 [main] INFO  base.BaseClass - Found Element By {by.toString()}
2024-04-17 18:01:16,022 [main] INFO  base.BaseClass - Trying to find Element By {by.toString()})
2024-04-17 18:01:16,051 [main] INFO  base.BaseClass - Found Element By {by.toString()}
2024-04-17 18:01:16,603 [main] INFO  base.BaseClass - Trying to find Element By {by.toString()})
2024-04-17 18:01:16,632 [main] INFO  base.BaseClass - Found Element By {by.toString()}
2024-04-17 18:01:17,180 [main] INFO  base.BaseClass - Trying to find Element By {by.toString()})
2024-04-17 18:01:17,209 [main] INFO  base.BaseClass - Found Element By {by.toString()}
2024-04-17 18:01:17,762 [main] INFO  base.BaseClass - Trying to find Element By {by.toString()})
2024-04-17 18:01:17,792 [main] INFO  base.BaseClass - Found Element By {by.toString()}
2024-04-17 18:01:18,340 [main] INFO  base.BaseClass - Trying to find Element By {by.toString()})
2024-04-17 18:01:18,363 [main] INFO  base.BaseClass - Found Element By {by.toString()}
2024-04-17 18:01:18,907 [main] INFO  base.BaseClass - Trying to find Element By {by.toString()})
2024-04-17 18:01:18,936 [main] INFO  base.BaseClass - Found Element By {by.toString()}
2024-04-17 18:01:19,484 [main] INFO  base.BaseClass - Trying to find Element By {by.toString()})
2024-04-17 18:01:19,513 [main] INFO  base.BaseClass - Found Element By {by.toString()}
2024-04-17 18:01:20,046 [main] INFO  base.BaseClass - Trying to find Element By {by.toString()})
2024-04-17 18:01:20,097 [main] INFO  base.BaseClass - Found Element By {by.toString()}
2024-04-17 18:01:20,627 [main] INFO  base.BaseClass - Trying to find Element By {by.toString()})
2024-04-17 18:01:20,657 [main] INFO  base.BaseClass - Found Element By {by.toString()}
2024-04-17 18:01:21,193 [main] INFO  base.BaseClass - Trying to find Element By {by.toString()})
2024-04-17 18:01:21,223 [main] INFO  base.BaseClass - Found Element By {by.toString()}
2024-04-17 18:01:21,775 [main] INFO  base.BaseClass - Trying to find Element By {by.toString()})
2024-04-17 18:01:21,802 [main] INFO  base.BaseClass - Found Element By {by.toString()}
2024-04-17 18:01:22,355 [main] INFO  base.BaseClass - Trying to find Element By {by.toString()})
2024-04-17 18:01:22,385 [main] INFO  base.BaseClass - Found Element By {by.toString()}
2024-04-17 18:01:22,934 [main] INFO  base.BaseClass - Trying to find Element By {by.toString()})
2024-04-17 18:01:22,958 [main] INFO  base.BaseClass - Found Element By {by.toString()}
2024-04-17 18:01:23,499 [main] INFO  base.BaseClass - Trying to find Element By {by.toString()})
2024-04-17 18:01:23,529 [main] INFO  base.BaseClass - Found Element By {by.toString()}
2024-04-17 18:01:24,081 [main] INFO  base.BaseClass - Trying to find Element By {by.toString()})
2024-04-17 18:01:24,109 [main] INFO  base.BaseClass - Found Element By {by.toString()}
2024-04-17 18:01:24,657 [main] INFO  base.BaseClass - Trying to find Element By {by.toString()})
2024-04-17 18:01:24,686 [main] INFO  base.BaseClass - Found Element By {by.toString()}
2024-04-17 18:01:25,231 [main] INFO  base.BaseClass - Trying to find Element By {by.toString()})
2024-04-17 18:01:25,261 [main] INFO  base.BaseClass - Found Element By {by.toString()}
2024-04-17 18:01:25,812 [main] INFO  base.BaseClass - Trying to find Element By {by.toString()})
2024-04-17 18:01:25,840 [main] INFO  base.BaseClass - Found Element By {by.toString()}
2024-04-17 18:01:26,393 [main] INFO  base.BaseClass - Trying to find Element By {by.toString()})
2024-04-17 18:01:26,423 [main] INFO  base.BaseClass - Found Element By {by.toString()}
2024-04-17 18:01:26,973 [main] INFO  base.BaseClass - Trying to find Element By {by.toString()})
2024-04-17 18:01:27,002 [main] INFO  base.BaseClass - Found Element By {by.toString()}
2024-04-17 18:01:27,552 [main] INFO  base.BaseClass - Trying to find Element By {by.toString()})
2024-04-17 18:01:27,581 [main] INFO  base.BaseClass - Found Element By {by.toString()}
2024-04-17 18:01:28,132 [main] INFO  base.BaseClass - Trying to find Element By {by.toString()})
2024-04-17 18:01:28,385 [main] INFO  base.BaseClass - Found Element By {by.toString()}
2024-04-17 18:01:28,931 [main] INFO  base.BaseClass - Trying to find Element By {by.toString()})
2024-04-17 18:01:28,964 [main] INFO  base.BaseClass - Found Element By {by.toString()}
TimeoutException occurred: Expected condition failed: waiting for helper.WaitUtility$5@79a52138 (tried for 30 second(s) with 500 milliseconds interval)
Build info: version: '3.141.59', revision: 'e82be7d358', time: '2018-11-14T08:17:03'
System info: host: 'DPLAP166', ip: '137.237.2.236', os.name: 'Windows 10', os.arch: 'amd64', os.version: '10.0', java.version: '19.0.1'
Driver info: org.openqa.selenium.support.events.EventFiringWebDriver
Capabilities {acceptInsecureCerts: true, browserName: chrome, browserVersion: 123.0.6312.123, chrome: {chromedriverVersion: 123.0.6312.122 (31f8248cdd9..., userDataDir: C:\Users\dP-PL\AppData\Loca...}, fedcm:accounts: true, goog:chromeOptions: {debuggerAddress: localhost:51256}, javascriptEnabled: true, networkConnectionEnabled: false, pageLoadStrategy: normal, platform: WINDOWS, platformName: WINDOWS, proxy: Proxy(), setWindowRect: true, strictFileInteractability: false, timeouts: {implicit: 0, pageLoad: 300000, script: 30000}, unhandledPromptBehavior: dismiss and notify, webauthn:extension:credBlob: true, webauthn:extension:largeBlob: true, webauthn:extension:minPinLength: true, webauthn:extension:prf: true, webauthn:virtualAuthenticators: true}
Session ID: a59c4df4811f82049fe754efe723d3c1
2024-04-17 18:01:28,996 [main] ERROR RotationCopy_test - Element did not become visible within the specified time: Expected condition failed: waiting for helper.WaitUtility$5@79a52138 (tried for 30 second(s) with 500 milliseconds interval)
Build info: version: '3.141.59', revision: 'e82be7d358', time: '2018-11-14T08:17:03'
System info: host: 'DPLAP166', ip: '137.237.2.236', os.name: 'Windows 10', os.arch: 'amd64', os.version: '10.0', java.version: '19.0.1'
Driver info: org.openqa.selenium.support.events.EventFiringWebDriver
Capabilities {acceptInsecureCerts: true, browserName: chrome, browserVersion: 123.0.6312.123, chrome: {chromedriverVersion: 123.0.6312.122 (31f8248cdd9..., userDataDir: C:\Users\dP-PL\AppData\Loca...}, fedcm:accounts: true, goog:chromeOptions: {debuggerAddress: localhost:51256}, javascriptEnabled: true, networkConnectionEnabled: false, pageLoadStrategy: normal, platform: WINDOWS, platformName: WINDOWS, proxy: Proxy(), setWindowRect: true, strictFileInteractability: false, timeouts: {implicit: 0, pageLoad: 300000, script: 30000}, unhandledPromptBehavior: dismiss and notify, webauthn:extension:credBlob: true, webauthn:extension:largeBlob: true, webauthn:extension:minPinLength: true, webauthn:extension:prf: true, webauthn:virtualAuthenticators: true}
Session ID: a59c4df4811f82049fe754efe723d3c1
2024-04-17 18:01:28,996 [main] INFO  base.BaseClass - Trying to find Element By {by.toString()})
2024-04-17 18:01:29,013 [main] INFO  base.BaseClass - Found Element By {by.toString()}
2024-04-17 18:01:29,013 [main] INFO  base.BaseClass - Trying to click on: {element.toString()}
2024-04-17 18:01:29,080 [main] INFO  base.BaseClass - Clicked on: {element.toString()}
2024-04-17 18:01:29,087 [main] INFO  base.BaseClass - Trying to find Element By {by.toString()})
2024-04-17 18:01:29,100 [main] INFO  base.BaseClass - Found Element By {by.toString()}
2024-04-17 18:01:29,617 [main] INFO  base.BaseClass - Trying to find Element By {by.toString()})
2024-04-17 18:01:29,946 [main] INFO  base.BaseClass - Found Element By {by.toString()}
2024-04-17 18:01:30,479 [main] INFO  base.BaseClass - Trying to find Element By {by.toString()})
2024-04-17 18:01:30,510 [main] INFO  base.BaseClass - Found Element By {by.toString()}
2024-04-17 18:01:31,055 [main] INFO  base.BaseClass - Trying to find Element By {by.toString()})
2024-04-17 18:01:31,073 [main] INFO  base.BaseClass - Found Element By {by.toString()}
2024-04-17 18:01:31,603 [main] INFO  base.BaseClass - Trying to find Element By {by.toString()})
2024-04-17 18:01:31,633 [main] INFO  base.BaseClass - Found Element By {by.toString()}
2024-04-17 18:01:32,180 [main] INFO  base.BaseClass - Trying to find Element By {by.toString()})
2024-04-17 18:01:32,211 [main] INFO  base.BaseClass - Found Element By {by.toString()}
2024-04-17 18:01:32,758 [main] INFO  base.BaseClass - Trying to find Element By {by.toString()})
2024-04-17 18:01:32,773 [main] INFO  base.BaseClass - Found Element By {by.toString()}
2024-04-17 18:01:33,304 [main] INFO  base.BaseClass - Trying to find Element By {by.toString()})
2024-04-17 18:01:33,334 [main] INFO  base.BaseClass - Found Element By {by.toString()}
2024-04-17 18:01:33,870 [main] INFO  base.BaseClass - Trying to find Element By {by.toString()})
2024-04-17 18:01:33,899 [main] INFO  base.BaseClass - Found Element By {by.toString()}
2024-04-17 18:01:34,448 [main] INFO  base.BaseClass - Trying to find Element By {by.toString()})
2024-04-17 18:01:34,477 [main] INFO  base.BaseClass - Found Element By {by.toString()}
2024-04-17 18:01:35,013 [main] INFO  base.BaseClass - Trying to find Element By {by.toString()})
2024-04-17 18:01:35,043 [main] INFO  base.BaseClass - Found Element By {by.toString()}
2024-04-17 18:01:35,589 [main] INFO  base.BaseClass - Trying to find Element By {by.toString()})
2024-04-17 18:01:35,602 [main] INFO  base.BaseClass - Found Element By {by.toString()}
2024-04-17 18:01:36,121 [main] INFO  base.BaseClass - Trying to find Element By {by.toString()})
2024-04-17 18:01:36,154 [main] INFO  base.BaseClass - Found Element By {by.toString()}
2024-04-17 18:01:36,701 [main] INFO  base.BaseClass - Trying to find Element By {by.toString()})
2024-04-17 18:01:36,735 [main] INFO  base.BaseClass - Found Element By {by.toString()}
2024-04-17 18:01:37,282 [main] INFO  base.BaseClass - Trying to find Element By {by.toString()})
2024-04-17 18:01:37,311 [main] INFO  base.BaseClass - Found Element By {by.toString()}
2024-04-17 18:01:37,873 [main] INFO  base.BaseClass - Trying to find Element By {by.toString()})
2024-04-17 18:01:37,891 [main] INFO  base.BaseClass - Found Element By {by.toString()}
2024-04-17 18:01:38,422 [main] INFO  base.BaseClass - Trying to find Element By {by.toString()})
2024-04-17 18:01:38,450 [main] INFO  base.BaseClass - Found Element By {by.toString()}
2024-04-17 18:01:38,998 [main] INFO  base.BaseClass - Trying to find Element By {by.toString()})
2024-04-17 18:01:39,027 [main] INFO  base.BaseClass - Found Element By {by.toString()}
2024-04-17 18:01:39,574 [main] INFO  base.BaseClass - Trying to find Element By {by.toString()})
2024-04-17 18:01:39,604 [main] INFO  base.BaseClass - Found Element By {by.toString()}
2024-04-17 18:01:40,157 [main] INFO  base.BaseClass - Trying to find Element By {by.toString()})
2024-04-17 18:01:40,177 [main] INFO  base.BaseClass - Found Element By {by.toString()}
2024-04-17 18:01:40,717 [main] INFO  base.BaseClass - Trying to find Element By {by.toString()})
2024-04-17 18:01:40,748 [main] INFO  base.BaseClass - Found Element By {by.toString()}
2024-04-17 18:01:41,298 [main] INFO  base.BaseClass - Trying to find Element By {by.toString()})
2024-04-17 18:01:41,330 [main] INFO  base.BaseClass - Found Element By {by.toString()}
2024-04-17 18:01:41,874 [main] INFO  base.BaseClass - Trying to find Element By {by.toString()})
2024-04-17 18:01:41,904 [main] INFO  base.BaseClass - Found Element By {by.toString()}
2024-04-17 18:01:42,454 [main] INFO  base.BaseClass - Trying to find Element By {by.toString()})
2024-04-17 18:01:42,485 [main] INFO  base.BaseClass - Found Element By {by.toString()}
2024-04-17 18:01:43,031 [main] INFO  base.BaseClass - Trying to find Element By {by.toString()})
2024-04-17 18:01:43,043 [main] INFO  base.BaseClass - Found Element By {by.toString()}
2024-04-17 18:01:43,578 [main] INFO  base.BaseClass - Trying to find Element By {by.toString()})
2024-04-17 18:01:43,609 [main] INFO  base.BaseClass - Found Element By {by.toString()}
2024-04-17 18:01:44,156 [main] INFO  base.BaseClass - Trying to find Element By {by.toString()})
2024-04-17 18:01:44,189 [main] INFO  base.BaseClass - Found Element By {by.toString()}
2024-04-17 18:01:44,735 [main] INFO  base.BaseClass - Trying to find Element By {by.toString()})
2024-04-17 18:01:44,756 [main] INFO  base.BaseClass - Found Element By {by.toString()}
2024-04-17 18:01:45,298 [main] INFO  base.BaseClass - Trying to find Element By {by.toString()})
2024-04-17 18:01:45,328 [main] INFO  base.BaseClass - Found Element By {by.toString()}
2024-04-17 18:01:45,876 [main] INFO  base.BaseClass - Trying to find Element By {by.toString()})
2024-04-17 18:01:45,907 [main] INFO  base.BaseClass - Found Element By {by.toString()}
2024-04-17 18:01:46,442 [main] INFO  base.BaseClass - Trying to find Element By {by.toString()})
2024-04-17 18:01:46,472 [main] INFO  base.BaseClass - Found Element By {by.toString()}
2024-04-17 18:01:47,006 [main] INFO  base.BaseClass - Trying to find Element By {by.toString()})
2024-04-17 18:01:47,037 [main] INFO  base.BaseClass - Found Element By {by.toString()}
2024-04-17 18:01:47,584 [main] INFO  base.BaseClass - Trying to find Element By {by.toString()})
2024-04-17 18:01:47,613 [main] INFO  base.BaseClass - Found Element By {by.toString()}
2024-04-17 18:01:48,162 [main] INFO  base.BaseClass - Trying to find Element By {by.toString()})
2024-04-17 18:01:48,190 [main] INFO  base.BaseClass - Found Element By {by.toString()}
2024-04-17 18:01:48,740 [main] INFO  base.BaseClass - Trying to find Element By {by.toString()})
2024-04-17 18:01:48,768 [main] INFO  base.BaseClass - Found Element By {by.toString()}
2024-04-17 18:01:49,301 [main] INFO  base.BaseClass - Trying to find Element By {by.toString()})
2024-04-17 18:01:49,330 [main] INFO  base.BaseClass - Found Element By {by.toString()}
2024-04-17 18:01:49,878 [main] INFO  base.BaseClass - Trying to find Element By {by.toString()})
2024-04-17 18:01:49,895 [main] INFO  base.BaseClass - Found Element By {by.toString()}
2024-04-17 18:01:50,423 [main] INFO  base.BaseClass - Trying to find Element By {by.toString()})
2024-04-17 18:01:50,451 [main] INFO  base.BaseClass - Found Element By {by.toString()}
2024-04-17 18:01:50,981 [main] INFO  base.BaseClass - Trying to find Element By {by.toString()})
2024-04-17 18:01:51,011 [main] INFO  base.BaseClass - Found Element By {by.toString()}
2024-04-17 18:01:51,548 [main] INFO  base.BaseClass - Trying to find Element By {by.toString()})
2024-04-17 18:01:51,578 [main] INFO  base.BaseClass - Found Element By {by.toString()}
2024-04-17 18:01:52,128 [main] INFO  base.BaseClass - Trying to find Element By {by.toString()})
2024-04-17 18:01:52,158 [main] INFO  base.BaseClass - Found Element By {by.toString()}
2024-04-17 18:01:52,709 [main] INFO  base.BaseClass - Trying to find Element By {by.toString()})
2024-04-17 18:01:52,741 [main] INFO  base.BaseClass - Found Element By {by.toString()}
2024-04-17 18:01:53,291 [main] INFO  base.BaseClass - Trying to find Element By {by.toString()})
2024-04-17 18:01:53,321 [main] INFO  base.BaseClass - Found Element By {by.toString()}
2024-04-17 18:01:53,871 [main] INFO  base.BaseClass - Trying to find Element By {by.toString()})
2024-04-17 18:01:53,897 [main] INFO  base.BaseClass - Found Element By {by.toString()}
2024-04-17 18:01:54,436 [main] INFO  base.BaseClass - Trying to find Element By {by.toString()})
2024-04-17 18:01:54,452 [main] INFO  base.BaseClass - Found Element By {by.toString()}
2024-04-17 18:01:54,983 [main] INFO  base.BaseClass - Trying to find Element By {by.toString()})
2024-04-17 18:01:55,017 [main] INFO  base.BaseClass - Found Element By {by.toString()}
2024-04-17 18:01:55,562 [main] INFO  base.BaseClass - Trying to find Element By {by.toString()})
2024-04-17 18:01:55,594 [main] INFO  base.BaseClass - Found Element By {by.toString()}
2024-04-17 18:01:56,142 [main] INFO  base.BaseClass - Trying to find Element By {by.toString()})
2024-04-17 18:01:56,171 [main] INFO  base.BaseClass - Found Element By {by.toString()}
2024-04-17 18:01:56,724 [main] INFO  base.BaseClass - Trying to find Element By {by.toString()})
2024-04-17 18:01:56,755 [main] INFO  base.BaseClass - Found Element By {by.toString()}
2024-04-17 18:01:57,302 [main] INFO  base.BaseClass - Trying to find Element By {by.toString()})
2024-04-17 18:01:57,330 [main] INFO  base.BaseClass - Found Element By {by.toString()}
2024-04-17 18:01:57,878 [main] INFO  base.BaseClass - Trying to find Element By {by.toString()})
2024-04-17 18:01:57,908 [main] INFO  base.BaseClass - Found Element By {by.toString()}
2024-04-17 18:01:58,443 [main] INFO  base.BaseClass - Trying to find Element By {by.toString()})
2024-04-17 18:01:58,463 [main] INFO  base.BaseClass - Found Element By {by.toString()}
2024-04-17 18:01:58,993 [main] INFO  base.BaseClass - Trying to find Element By {by.toString()})
2024-04-17 18:01:59,022 [main] INFO  base.BaseClass - Found Element By {by.toString()}
2024-04-17 18:01:59,569 [main] INFO  base.BaseClass - Trying to find Element By {by.toString()})
2024-04-17 18:01:59,599 [main] INFO  base.BaseClass - Found Element By {by.toString()}
TimeoutException occurred: Expected condition failed: waiting for helper.WaitUtility$5@7fca46aa (tried for 30 second(s) with 500 milliseconds interval)
Build info: version: '3.141.59', revision: 'e82be7d358', time: '2018-11-14T08:17:03'
System info: host: 'DPLAP166', ip: '137.237.2.236', os.name: 'Windows 10', os.arch: 'amd64', os.version: '10.0', java.version: '19.0.1'
Driver info: org.openqa.selenium.support.events.EventFiringWebDriver
Capabilities {acceptInsecureCerts: true, browserName: chrome, browserVersion: 123.0.6312.123, chrome: {chromedriverVersion: 123.0.6312.122 (31f8248cdd9..., userDataDir: C:\Users\dP-PL\AppData\Loca...}, fedcm:accounts: true, goog:chromeOptions: {debuggerAddress: localhost:51256}, javascriptEnabled: true, networkConnectionEnabled: false, pageLoadStrategy: normal, platform: WINDOWS, platformName: WINDOWS, proxy: Proxy(), setWindowRect: true, strictFileInteractability: false, timeouts: {implicit: 0, pageLoad: 300000, script: 30000}, unhandledPromptBehavior: dismiss and notify, webauthn:extension:credBlob: true, webauthn:extension:largeBlob: true, webauthn:extension:minPinLength: true, webauthn:extension:prf: true, webauthn:virtualAuthenticators: true}
Session ID: a59c4df4811f82049fe754efe723d3c1
2024-04-17 18:01:59,639 [main] ERROR RotationCopy_test - Element did not become visible within the specified time: Expected condition failed: waiting for helper.WaitUtility$5@7fca46aa (tried for 30 second(s) with 500 milliseconds interval)
Build info: version: '3.141.59', revision: 'e82be7d358', time: '2018-11-14T08:17:03'
System info: host: 'DPLAP166', ip: '137.237.2.236', os.name: 'Windows 10', os.arch: 'amd64', os.version: '10.0', java.version: '19.0.1'
Driver info: org.openqa.selenium.support.events.EventFiringWebDriver
Capabilities {acceptInsecureCerts: true, browserName: chrome, browserVersion: 123.0.6312.123, chrome: {chromedriverVersion: 123.0.6312.122 (31f8248cdd9..., userDataDir: C:\Users\dP-PL\AppData\Loca...}, fedcm:accounts: true, goog:chromeOptions: {debuggerAddress: localhost:51256}, javascriptEnabled: true, networkConnectionEnabled: false, pageLoadStrategy: normal, platform: WINDOWS, platformName: WINDOWS, proxy: Proxy(), setWindowRect: true, strictFileInteractability: false, timeouts: {implicit: 0, pageLoad: 300000, script: 30000}, unhandledPromptBehavior: dismiss and notify, webauthn:extension:credBlob: true, webauthn:extension:largeBlob: true, webauthn:extension:minPinLength: true, webauthn:extension:prf: true, webauthn:virtualAuthenticators: true}
Session ID: a59c4df4811f82049fe754efe723d3c1
2024-04-17 18:01:59,640 [main] INFO  base.BaseClass - Trying to find Element By {by.toString()})
2024-04-17 18:01:59,656 [main] INFO  base.BaseClass - Found Element By {by.toString()}
2024-04-17 18:01:59,656 [main] INFO  base.BaseClass - Trying to click on: {element.toString()}
2024-04-17 18:01:59,765 [main] INFO  base.BaseClass - Clicked on: {element.toString()}
2024-04-17 18:01:59,765 [main] INFO  base.BaseClass - Trying to find Element By {by.toString()})
2024-04-17 18:02:00,604 [main] INFO  base.BaseClass - Found Element By {by.toString()}
2024-04-17 18:02:01,133 [main] INFO  base.BaseClass - Trying to find Element By {by.toString()})
2024-04-17 18:02:01,163 [main] INFO  base.BaseClass - Found Element By {by.toString()}
2024-04-17 18:02:01,711 [main] INFO  base.BaseClass - Trying to find Element By {by.toString()})
2024-04-17 18:02:01,744 [main] INFO  base.BaseClass - Found Element By {by.toString()}
2024-04-17 18:02:02,291 [main] INFO  base.BaseClass - Trying to find Element By {by.toString()})
2024-04-17 18:02:02,325 [main] INFO  base.BaseClass - Found Element By {by.toString()}
2024-04-17 18:02:02,872 [main] INFO  base.BaseClass - Trying to find Element By {by.toString()})
2024-04-17 18:02:02,903 [main] INFO  base.BaseClass - Found Element By {by.toString()}
2024-04-17 18:02:03,450 [main] INFO  base.BaseClass - Trying to find Element By {by.toString()})
2024-04-17 18:02:03,481 [main] INFO  base.BaseClass - Found Element By {by.toString()}
2024-04-17 18:02:04,017 [main] INFO  base.BaseClass - Trying to find Element By {by.toString()})
2024-04-17 18:02:04,047 [main] INFO  base.BaseClass - Found Element By {by.toString()}
2024-04-17 18:02:04,596 [main] INFO  base.BaseClass - Trying to find Element By {by.toString()})
2024-04-17 18:02:04,626 [main] INFO  base.BaseClass - Found Element By {by.toString()}
2024-04-17 18:02:05,156 [main] INFO  base.BaseClass - Trying to find Element By {by.toString()})
2024-04-17 18:02:05,180 [main] INFO  base.BaseClass - Found Element By {by.toString()}
2024-04-17 18:02:05,706 [main] INFO  base.BaseClass - Trying to find Element By {by.toString()})
2024-04-17 18:02:05,737 [main] INFO  base.BaseClass - Found Element By {by.toString()}
2024-04-17 18:02:06,283 [main] INFO  base.BaseClass - Trying to find Element By {by.toString()})
2024-04-17 18:02:06,311 [main] INFO  base.BaseClass - Found Element By {by.toString()}
2024-04-17 18:02:06,829 [main] INFO  base.BaseClass - Trying to find Element By {by.toString()})
2024-04-17 18:02:06,859 [main] INFO  base.BaseClass - Found Element By {by.toString()}
2024-04-17 18:02:07,407 [main] INFO  base.BaseClass - Trying to find Element By {by.toString()})
2024-04-17 18:02:07,439 [main] INFO  base.BaseClass - Found Element By {by.toString()}
2024-04-17 18:02:07,984 [main] INFO  base.BaseClass - Trying to find Element By {by.toString()})
2024-04-17 18:02:08,006 [main] INFO  base.BaseClass - Found Element By {by.toString()}
2024-04-17 18:02:08,560 [main] INFO  base.BaseClass - Trying to find Element By {by.toString()})
2024-04-17 18:02:08,572 [main] INFO  base.BaseClass - Found Element By {by.toString()}
2024-04-17 18:02:09,091 [main] INFO  base.BaseClass - Trying to find Element By {by.toString()})
2024-04-17 18:02:09,121 [main] INFO  base.BaseClass - Found Element By {by.toString()}
2024-04-17 18:02:09,669 [main] INFO  base.BaseClass - Trying to find Element By {by.toString()})
2024-04-17 18:02:09,700 [main] INFO  base.BaseClass - Found Element By {by.toString()}
2024-04-17 18:02:10,246 [main] INFO  base.BaseClass - Trying to find Element By {by.toString()})
2024-04-17 18:02:10,277 [main] INFO  base.BaseClass - Found Element By {by.toString()}
2024-04-17 18:02:10,825 [main] INFO  base.BaseClass - Trying to find Element By {by.toString()})
2024-04-17 18:02:10,856 [main] INFO  base.BaseClass - Found Element By {by.toString()}
2024-04-17 18:02:11,401 [main] INFO  base.BaseClass - Trying to find Element By {by.toString()})
2024-04-17 18:02:11,416 [main] INFO  base.BaseClass - Found Element By {by.toString()}
2024-04-17 18:02:11,946 [main] INFO  base.BaseClass - Trying to find Element By {by.toString()})
2024-04-17 18:02:11,977 [main] INFO  base.BaseClass - Found Element By {by.toString()}
2024-04-17 18:02:12,525 [main] INFO  base.BaseClass - Trying to find Element By {by.toString()})
2024-04-17 18:02:12,556 [main] INFO  base.BaseClass - Found Element By {by.toString()}
2024-04-17 18:02:13,105 [main] INFO  base.BaseClass - Trying to find Element By {by.toString()})
2024-04-17 18:02:13,136 [main] INFO  base.BaseClass - Found Element By {by.toString()}
2024-04-17 18:02:13,669 [main] INFO  base.BaseClass - Trying to find Element By {by.toString()})
2024-04-17 18:02:13,699 [main] INFO  base.BaseClass - Found Element By {by.toString()}
2024-04-17 18:02:14,251 [main] INFO  base.BaseClass - Trying to find Element By {by.toString()})
2024-04-17 18:02:14,306 [main] INFO  base.BaseClass - Found Element By {by.toString()}
2024-04-17 18:02:14,833 [main] INFO  base.BaseClass - Trying to find Element By {by.toString()})
2024-04-17 18:02:14,863 [main] INFO  base.BaseClass - Found Element By {by.toString()}
2024-04-17 18:02:15,399 [main] INFO  base.BaseClass - Trying to find Element By {by.toString()})
2024-04-17 18:02:15,430 [main] INFO  base.BaseClass - Found Element By {by.toString()}
2024-04-17 18:02:15,980 [main] INFO  base.BaseClass - Trying to find Element By {by.toString()})
2024-04-17 18:02:16,011 [main] INFO  base.BaseClass - Found Element By {by.toString()}
2024-04-17 18:02:16,560 [main] INFO  base.BaseClass - Trying to find Element By {by.toString()})
2024-04-17 18:02:16,592 [main] INFO  base.BaseClass - Found Element By {by.toString()}
2024-04-17 18:02:17,144 [main] INFO  base.BaseClass - Trying to find Element By {by.toString()})
2024-04-17 18:02:17,166 [main] INFO  base.BaseClass - Found Element By {by.toString()}
2024-04-17 18:02:17,690 [main] INFO  base.BaseClass - Trying to find Element By {by.toString()})
2024-04-17 18:02:17,720 [main] INFO  base.BaseClass - Found Element By {by.toString()}
2024-04-17 18:02:18,267 [main] INFO  base.BaseClass - Trying to find Element By {by.toString()})
2024-04-17 18:02:18,297 [main] INFO  base.BaseClass - Found Element By {by.toString()}
2024-04-17 18:02:18,847 [main] INFO  base.BaseClass - Trying to find Element By {by.toString()})
2024-04-17 18:02:18,878 [main] INFO  base.BaseClass - Found Element By {by.toString()}
2024-04-17 18:02:19,422 [main] INFO  base.BaseClass - Trying to find Element By {by.toString()})
2024-04-17 18:02:19,453 [main] INFO  base.BaseClass - Found Element By {by.toString()}
2024-04-17 18:02:20,004 [main] INFO  base.BaseClass - Trying to find Element By {by.toString()})
2024-04-17 18:02:20,036 [main] INFO  base.BaseClass - Found Element By {by.toString()}
2024-04-17 18:02:20,581 [main] INFO  base.BaseClass - Trying to find Element By {by.toString()})
2024-04-17 18:02:20,611 [main] INFO  base.BaseClass - Found Element By {by.toString()}
2024-04-17 18:02:21,147 [main] INFO  base.BaseClass - Trying to find Element By {by.toString()})
2024-04-17 18:02:21,176 [main] INFO  base.BaseClass - Found Element By {by.toString()}
2024-04-17 18:02:21,726 [main] INFO  base.BaseClass - Trying to find Element By {by.toString()})
2024-04-17 18:02:21,757 [main] INFO  base.BaseClass - Found Element By {by.toString()}
2024-04-17 18:02:22,307 [main] INFO  base.BaseClass - Trying to find Element By {by.toString()})
2024-04-17 18:02:22,339 [main] INFO  base.BaseClass - Found Element By {by.toString()}
2024-04-17 18:02:22,888 [main] INFO  base.BaseClass - Trying to find Element By {by.toString()})
2024-04-17 18:02:22,919 [main] INFO  base.BaseClass - Found Element By {by.toString()}
2024-04-17 18:02:23,472 [main] INFO  base.BaseClass - Trying to find Element By {by.toString()})
2024-04-17 18:02:23,504 [main] INFO  base.BaseClass - Found Element By {by.toString()}
2024-04-17 18:02:24,035 [main] INFO  base.BaseClass - Trying to find Element By {by.toString()})
2024-04-17 18:02:24,063 [main] INFO  base.BaseClass - Found Element By {by.toString()}
2024-04-17 18:02:24,597 [main] INFO  base.BaseClass - Trying to find Element By {by.toString()})
2024-04-17 18:02:24,629 [main] INFO  base.BaseClass - Found Element By {by.toString()}
2024-04-17 18:02:25,177 [main] INFO  base.BaseClass - Trying to find Element By {by.toString()})
2024-04-17 18:02:25,208 [main] INFO  base.BaseClass - Found Element By {by.toString()}
2024-04-17 18:02:25,756 [main] INFO  base.BaseClass - Trying to find Element By {by.toString()})
2024-04-17 18:02:25,788 [main] INFO  base.BaseClass - Found Element By {by.toString()}
2024-04-17 18:02:26,332 [main] INFO  base.BaseClass - Trying to find Element By {by.toString()})
2024-04-17 18:02:26,363 [main] INFO  base.BaseClass - Found Element By {by.toString()}
2024-04-17 18:02:26,909 [main] INFO  base.BaseClass - Trying to find Element By {by.toString()})
2024-04-17 18:02:26,940 [main] INFO  base.BaseClass - Found Element By {by.toString()}
2024-04-17 18:02:27,486 [main] INFO  base.BaseClass - Trying to find Element By {by.toString()})
2024-04-17 18:02:27,517 [main] INFO  base.BaseClass - Found Element By {by.toString()}
2024-04-17 18:02:28,067 [main] INFO  base.BaseClass - Trying to find Element By {by.toString()})
2024-04-17 18:02:28,095 [main] INFO  base.BaseClass - Found Element By {by.toString()}
2024-04-17 18:02:28,632 [main] INFO  base.BaseClass - Trying to find Element By {by.toString()})
2024-04-17 18:02:28,664 [main] INFO  base.BaseClass - Found Element By {by.toString()}
2024-04-17 18:02:29,212 [main] INFO  base.BaseClass - Trying to find Element By {by.toString()})
2024-04-17 18:02:29,242 [main] INFO  base.BaseClass - Found Element By {by.toString()}
2024-04-17 18:02:29,790 [main] INFO  base.BaseClass - Trying to find Element By {by.toString()})
2024-04-17 18:02:29,821 [main] INFO  base.BaseClass - Found Element By {by.toString()}
TimeoutException occurred: Expected condition failed: waiting for helper.WaitUtility$5@2c01fcbc (tried for 30 second(s) with 500 milliseconds interval)
Build info: version: '3.141.59', revision: 'e82be7d358', time: '2018-11-14T08:17:03'
System info: host: 'DPLAP166', ip: '137.237.2.236', os.name: 'Windows 10', os.arch: 'amd64', os.version: '10.0', java.version: '19.0.1'
Driver info: org.openqa.selenium.support.events.EventFiringWebDriver
Capabilities {acceptInsecureCerts: true, browserName: chrome, browserVersion: 123.0.6312.123, chrome: {chromedriverVersion: 123.0.6312.122 (31f8248cdd9..., userDataDir: C:\Users\dP-PL\AppData\Loca...}, fedcm:accounts: true, goog:chromeOptions: {debuggerAddress: localhost:51256}, javascriptEnabled: true, networkConnectionEnabled: false, pageLoadStrategy: normal, platform: WINDOWS, platformName: WINDOWS, proxy: Proxy(), setWindowRect: true, strictFileInteractability: false, timeouts: {implicit: 0, pageLoad: 300000, script: 30000}, unhandledPromptBehavior: dismiss and notify, webauthn:extension:credBlob: true, webauthn:extension:largeBlob: true, webauthn:extension:minPinLength: true, webauthn:extension:prf: true, webauthn:virtualAuthenticators: true}
Session ID: a59c4df4811f82049fe754efe723d3c1
2024-04-17 18:02:29,860 [main] ERROR RotationCopy_test - Element did not become visible within the specified time: Expected condition failed: waiting for helper.WaitUtility$5@2c01fcbc (tried for 30 second(s) with 500 milliseconds interval)
Build info: version: '3.141.59', revision: 'e82be7d358', time: '2018-11-14T08:17:03'
System info: host: 'DPLAP166', ip: '137.237.2.236', os.name: 'Windows 10', os.arch: 'amd64', os.version: '10.0', java.version: '19.0.1'
Driver info: org.openqa.selenium.support.events.EventFiringWebDriver
Capabilities {acceptInsecureCerts: true, browserName: chrome, browserVersion: 123.0.6312.123, chrome: {chromedriverVersion: 123.0.6312.122 (31f8248cdd9..., userDataDir: C:\Users\dP-PL\AppData\Loca...}, fedcm:accounts: true, goog:chromeOptions: {debuggerAddress: localhost:51256}, javascriptEnabled: true, networkConnectionEnabled: false, pageLoadStrategy: normal, platform: WINDOWS, platformName: WINDOWS, proxy: Proxy(), setWindowRect: true, strictFileInteractability: false, timeouts: {implicit: 0, pageLoad: 300000, script: 30000}, unhandledPromptBehavior: dismiss and notify, webauthn:extension:credBlob: true, webauthn:extension:largeBlob: true, webauthn:extension:minPinLength: true, webauthn:extension:prf: true, webauthn:virtualAuthenticators: true}
Session ID: a59c4df4811f82049fe754efe723d3c1
2024-04-17 18:02:29,860 [main] INFO  base.BaseClass - Trying to find Element By {by.toString()})
2024-04-17 18:02:29,882 [main] INFO  base.BaseClass - Found Element By {by.toString()}
2024-04-17 18:02:29,882 [main] INFO  base.BaseClass - Trying to click on: {element.toString()}
2024-04-17 18:02:29,958 [main] INFO  base.BaseClass - Clicked on: {element.toString()}
2024-04-17 18:02:29,958 [main] INFO  base.BaseClass - Trying to find Element By {by.toString()})
2024-04-17 18:02:29,994 [main] INFO  base.BaseClass - Found Element By {by.toString()}
2024-04-17 18:02:30,522 [main] INFO  base.BaseClass - Trying to find Element By {by.toString()})
2024-04-17 18:02:30,555 [main] INFO  base.BaseClass - Found Element By {by.toString()}
2024-04-17 18:02:31,113 [main] INFO  base.BaseClass - Trying to find Element By {by.toString()})
2024-04-17 18:02:31,144 [main] INFO  base.BaseClass - Found Element By {by.toString()}
2024-04-17 18:02:31,674 [main] INFO  base.BaseClass - Trying to find Element By {by.toString()})
2024-04-17 18:02:31,705 [main] INFO  base.BaseClass - Found Element By {by.toString()}
2024-04-17 18:02:32,253 [main] INFO  base.BaseClass - Trying to find Element By {by.toString()})
2024-04-17 18:02:32,284 [main] INFO  base.BaseClass - Found Element By {by.toString()}
2024-04-17 18:02:32,828 [main] INFO  base.BaseClass - Trying to find Element By {by.toString()})
2024-04-17 18:02:32,859 [main] INFO  base.BaseClass - Found Element By {by.toString()}
2024-04-17 18:02:33,408 [main] INFO  base.BaseClass - Trying to find Element By {by.toString()})
2024-04-17 18:02:33,432 [main] INFO  base.BaseClass - Found Element By {by.toString()}
2024-04-17 18:02:33,954 [main] INFO  base.BaseClass - Trying to find Element By {by.toString()})
2024-04-17 18:02:33,986 [main] INFO  base.BaseClass - Found Element By {by.toString()}
2024-04-17 18:02:34,532 [main] INFO  base.BaseClass - Trying to find Element By {by.toString()})
2024-04-17 18:02:34,544 [main] INFO  base.BaseClass - Found Element By {by.toString()}
2024-04-17 18:02:35,062 [main] INFO  base.BaseClass - Trying to find Element By {by.toString()})
2024-04-17 18:02:35,091 [main] INFO  base.BaseClass - Found Element By {by.toString()}
2024-04-17 18:02:35,625 [main] INFO  base.BaseClass - Trying to find Element By {by.toString()})
2024-04-17 18:02:35,657 [main] INFO  base.BaseClass - Found Element By {by.toString()}
2024-04-17 18:02:36,202 [main] INFO  base.BaseClass - Trying to find Element By {by.toString()})
2024-04-17 18:02:36,218 [main] INFO  base.BaseClass - Found Element By {by.toString()}
2024-04-17 18:02:36,751 [main] INFO  base.BaseClass - Trying to find Element By {by.toString()})
2024-04-17 18:02:36,782 [main] INFO  base.BaseClass - Found Element By {by.toString()}
2024-04-17 18:02:37,331 [main] INFO  base.BaseClass - Trying to find Element By {by.toString()})
2024-04-17 18:02:37,360 [main] INFO  base.BaseClass - Found Element By {by.toString()}
2024-04-17 18:02:37,907 [main] INFO  base.BaseClass - Trying to find Element By {by.toString()})
2024-04-17 18:02:37,920 [main] INFO  base.BaseClass - Found Element By {by.toString()}
2024-04-17 18:02:38,437 [main] INFO  base.BaseClass - Trying to find Element By {by.toString()})
2024-04-17 18:02:38,468 [main] INFO  base.BaseClass - Found Element By {by.toString()}
2024-04-17 18:02:39,000 [main] INFO  base.BaseClass - Trying to find Element By {by.toString()})
2024-04-17 18:02:39,031 [main] INFO  base.BaseClass - Found Element By {by.toString()}
2024-04-17 18:02:39,578 [main] INFO  base.BaseClass - Trying to find Element By {by.toString()})
2024-04-17 18:02:39,609 [main] INFO  base.BaseClass - Found Element By {by.toString()}
2024-04-17 18:02:40,155 [main] INFO  base.BaseClass - Trying to find Element By {by.toString()})
2024-04-17 18:02:40,186 [main] INFO  base.BaseClass - Found Element By {by.toString()}
2024-04-17 18:02:40,732 [main] INFO  base.BaseClass - Trying to find Element By {by.toString()})
2024-04-17 18:02:40,763 [main] INFO  base.BaseClass - Found Element By {by.toString()}
2024-04-17 18:02:41,312 [main] INFO  base.BaseClass - Trying to find Element By {by.toString()})
2024-04-17 18:02:41,343 [main] INFO  base.BaseClass - Found Element By {by.toString()}
2024-04-17 18:02:41,889 [main] INFO  base.BaseClass - Trying to find Element By {by.toString()})
2024-04-17 18:02:41,920 [main] INFO  base.BaseClass - Found Element By {by.toString()}
2024-04-17 18:02:42,470 [main] INFO  base.BaseClass - Trying to find Element By {by.toString()})
2024-04-17 18:02:42,499 [main] INFO  base.BaseClass - Found Element By {by.toString()}
2024-04-17 18:02:43,031 [main] INFO  base.BaseClass - Trying to find Element By {by.toString()})
2024-04-17 18:02:43,042 [main] INFO  base.BaseClass - Found Element By {by.toString()}
2024-04-17 18:02:43,564 [main] INFO  base.BaseClass - Trying to find Element By {by.toString()})
2024-04-17 18:02:43,596 [main] INFO  base.BaseClass - Found Element By {by.toString()}
2024-04-17 18:02:44,126 [main] INFO  base.BaseClass - Trying to find Element By {by.toString()})
2024-04-17 18:02:44,157 [main] INFO  base.BaseClass - Found Element By {by.toString()}
2024-04-17 18:02:44,723 [main] INFO  base.BaseClass - Trying to find Element By {by.toString()})
2024-04-17 18:02:44,757 [main] INFO  base.BaseClass - Found Element By {by.toString()}
2024-04-17 18:02:45,302 [main] INFO  base.BaseClass - Trying to find Element By {by.toString()})
2024-04-17 18:02:45,333 [main] INFO  base.BaseClass - Found Element By {by.toString()}
2024-04-17 18:02:45,881 [main] INFO  base.BaseClass - Trying to find Element By {by.toString()})
2024-04-17 18:02:45,911 [main] INFO  base.BaseClass - Found Element By {by.toString()}
2024-04-17 18:02:46,439 [main] INFO  base.BaseClass - Trying to find Element By {by.toString()})
2024-04-17 18:02:46,471 [main] INFO  base.BaseClass - Found Element By {by.toString()}
2024-04-17 18:02:47,020 [main] INFO  base.BaseClass - Trying to find Element By {by.toString()})
2024-04-17 18:02:47,052 [main] INFO  base.BaseClass - Found Element By {by.toString()}
2024-04-17 18:02:47,594 [main] INFO  base.BaseClass - Trying to find Element By {by.toString()})
2024-04-17 18:02:47,624 [main] INFO  base.BaseClass - Found Element By {by.toString()}
2024-04-17 18:02:48,157 [main] INFO  base.BaseClass - Trying to find Element By {by.toString()})
2024-04-17 18:02:48,187 [main] INFO  base.BaseClass - Found Element By {by.toString()}
2024-04-17 18:02:48,734 [main] INFO  base.BaseClass - Trying to find Element By {by.toString()})
2024-04-17 18:02:48,764 [main] INFO  base.BaseClass - Found Element By {by.toString()}
2024-04-17 18:02:49,314 [main] INFO  base.BaseClass - Trying to find Element By {by.toString()})
2024-04-17 18:02:49,338 [main] INFO  base.BaseClass - Found Element By {by.toString()}
2024-04-17 18:02:49,876 [main] INFO  base.BaseClass - Trying to find Element By {by.toString()})
2024-04-17 18:02:49,907 [main] INFO  base.BaseClass - Found Element By {by.toString()}
2024-04-17 18:02:50,454 [main] INFO  base.BaseClass - Trying to find Element By {by.toString()})
2024-04-17 18:02:50,485 [main] INFO  base.BaseClass - Found Element By {by.toString()}
2024-04-17 18:02:51,032 [main] INFO  base.BaseClass - Trying to find Element By {by.toString()})
2024-04-17 18:02:51,062 [main] INFO  base.BaseClass - Found Element By {by.toString()}
2024-04-17 18:02:51,610 [main] INFO  base.BaseClass - Trying to find Element By {by.toString()})
2024-04-17 18:02:51,640 [main] INFO  base.BaseClass - Found Element By {by.toString()}
2024-04-17 18:02:52,191 [main] INFO  base.BaseClass - Trying to find Element By {by.toString()})
2024-04-17 18:02:52,200 [main] INFO  base.BaseClass - Found Element By {by.toString()}
2024-04-17 18:02:52,727 [main] INFO  base.BaseClass - Trying to find Element By {by.toString()})
2024-04-17 18:02:52,758 [main] INFO  base.BaseClass - Found Element By {by.toString()}
2024-04-17 18:02:53,294 [main] INFO  base.BaseClass - Trying to find Element By {by.toString()})
2024-04-17 18:02:53,322 [main] INFO  base.BaseClass - Found Element By {by.toString()}
2024-04-17 18:02:53,858 [main] INFO  base.BaseClass - Trying to find Element By {by.toString()})
2024-04-17 18:02:53,888 [main] INFO  base.BaseClass - Found Element By {by.toString()}
2024-04-17 18:02:54,440 [main] INFO  base.BaseClass - Trying to find Element By {by.toString()})
2024-04-17 18:02:54,471 [main] INFO  base.BaseClass - Found Element By {by.toString()}
2024-04-17 18:02:55,019 [main] INFO  base.BaseClass - Trying to find Element By {by.toString()})
2024-04-17 18:02:55,051 [main] INFO  base.BaseClass - Found Element By {by.toString()}
2024-04-17 18:02:55,595 [main] INFO  base.BaseClass - Trying to find Element By {by.toString()})
2024-04-17 18:02:55,625 [main] INFO  base.BaseClass - Found Element By {by.toString()}
2024-04-17 18:02:56,173 [main] INFO  base.BaseClass - Trying to find Element By {by.toString()})
2024-04-17 18:02:56,203 [main] INFO  base.BaseClass - Found Element By {by.toString()}
2024-04-17 18:02:56,755 [main] INFO  base.BaseClass - Trying to find Element By {by.toString()})
2024-04-17 18:02:56,786 [main] INFO  base.BaseClass - Found Element By {by.toString()}
2024-04-17 18:02:57,337 [main] INFO  base.BaseClass - Trying to find Element By {by.toString()})
2024-04-17 18:02:57,362 [main] INFO  base.BaseClass - Found Element By {by.toString()}
2024-04-17 18:02:57,899 [main] INFO  base.BaseClass - Trying to find Element By {by.toString()})
2024-04-17 18:02:57,930 [main] INFO  base.BaseClass - Found Element By {by.toString()}
2024-04-17 18:02:58,479 [main] INFO  base.BaseClass - Trying to find Element By {by.toString()})
2024-04-17 18:02:58,511 [main] INFO  base.BaseClass - Found Element By {by.toString()}
2024-04-17 18:02:59,059 [main] INFO  base.BaseClass - Trying to find Element By {by.toString()})
2024-04-17 18:02:59,091 [main] INFO  base.BaseClass - Found Element By {by.toString()}
2024-04-17 18:02:59,622 [main] INFO  base.BaseClass - Trying to find Element By {by.toString()})
2024-04-17 18:02:59,653 [main] INFO  base.BaseClass - Found Element By {by.toString()}
2024-04-17 18:03:00,199 [main] INFO  base.BaseClass - Trying to find Element By {by.toString()})
2024-04-17 18:03:00,229 [main] INFO  base.BaseClass - Found Element By {by.toString()}
TimeoutException occurred: Expected condition failed: waiting for helper.WaitUtility$5@1bc4ce09 (tried for 30 second(s) with 500 milliseconds interval)
Build info: version: '3.141.59', revision: 'e82be7d358', time: '2018-11-14T08:17:03'
System info: host: 'DPLAP166', ip: '137.237.2.236', os.name: 'Windows 10', os.arch: 'amd64', os.version: '10.0', java.version: '19.0.1'
Driver info: org.openqa.selenium.support.events.EventFiringWebDriver
Capabilities {acceptInsecureCerts: true, browserName: chrome, browserVersion: 123.0.6312.123, chrome: {chromedriverVersion: 123.0.6312.122 (31f8248cdd9..., userDataDir: C:\Users\dP-PL\AppData\Loca...}, fedcm:accounts: true, goog:chromeOptions: {debuggerAddress: localhost:51256}, javascriptEnabled: true, networkConnectionEnabled: false, pageLoadStrategy: normal, platform: WINDOWS, platformName: WINDOWS, proxy: Proxy(), setWindowRect: true, strictFileInteractability: false, timeouts: {implicit: 0, pageLoad: 300000, script: 30000}, unhandledPromptBehavior: dismiss and notify, webauthn:extension:credBlob: true, webauthn:extension:largeBlob: true, webauthn:extension:minPinLength: true, webauthn:extension:prf: true, webauthn:virtualAuthenticators: true}
Session ID: a59c4df4811f82049fe754efe723d3c1
2024-04-17 18:03:00,263 [main] ERROR RotationCopy_test - Element did not become visible within the specified time: Expected condition failed: waiting for helper.WaitUtility$5@1bc4ce09 (tried for 30 second(s) with 500 milliseconds interval)
Build info: version: '3.141.59', revision: 'e82be7d358', time: '2018-11-14T08:17:03'
System info: host: 'DPLAP166', ip: '137.237.2.236', os.name: 'Windows 10', os.arch: 'amd64', os.version: '10.0', java.version: '19.0.1'
Driver info: org.openqa.selenium.support.events.EventFiringWebDriver
Capabilities {acceptInsecureCerts: true, browserName: chrome, browserVersion: 123.0.6312.123, chrome: {chromedriverVersion: 123.0.6312.122 (31f8248cdd9..., userDataDir: C:\Users\dP-PL\AppData\Loca...}, fedcm:accounts: true, goog:chromeOptions: {debuggerAddress: localhost:51256}, javascriptEnabled: true, networkConnectionEnabled: false, pageLoadStrategy: normal, platform: WINDOWS, platformName: WINDOWS, proxy: Proxy(), setWindowRect: true, strictFileInteractability: false, timeouts: {implicit: 0, pageLoad: 300000, script: 30000}, unhandledPromptBehavior: dismiss and notify, webauthn:extension:credBlob: true, webauthn:extension:largeBlob: true, webauthn:extension:minPinLength: true, webauthn:extension:prf: true, webauthn:virtualAuthenticators: true}
Session ID: a59c4df4811f82049fe754efe723d3c1
2024-04-17 18:03:00,263 [main] INFO  base.BaseClass - Trying to find Element By {by.toString()})
2024-04-17 18:03:00,300 [main] INFO  base.BaseClass - Found Element By {by.toString()}
2024-04-17 18:03:00,300 [main] INFO  base.BaseClass - Trying to click on: {element.toString()}
2024-04-17 18:03:00,403 [main] INFO  base.BaseClass - Clicked on: {element.toString()}
2024-04-17 18:03:00,409 [main] INFO  base.BaseClass - Trying to find Element By {by.toString()})
2024-04-17 18:03:00,423 [main] INFO  base.BaseClass - Found Element By {by.toString()}
2024-04-17 18:03:00,948 [main] INFO  base.BaseClass - Trying to find Element By {by.toString()})
2024-04-17 18:03:00,971 [main] INFO  base.BaseClass - Found Element By {by.toString()}
2024-04-17 18:03:01,497 [main] INFO  base.BaseClass - Trying to find Element By {by.toString()})
2024-04-17 18:03:01,526 [main] INFO  base.BaseClass - Found Element By {by.toString()}
2024-04-17 18:03:02,073 [main] INFO  base.BaseClass - Trying to find Element By {by.toString()})
2024-04-17 18:03:02,104 [main] INFO  base.BaseClass - Found Element By {by.toString()}
2024-04-17 18:03:02,654 [main] INFO  base.BaseClass - Trying to find Element By {by.toString()})
2024-04-17 18:03:02,686 [main] INFO  base.BaseClass - Found Element By {by.toString()}
2024-04-17 18:03:03,234 [main] INFO  base.BaseClass - Trying to find Element By {by.toString()})
2024-04-17 18:03:03,263 [main] INFO  base.BaseClass - Found Element By {by.toString()}
2024-04-17 18:03:03,810 [main] INFO  base.BaseClass - Trying to find Element By {by.toString()})
2024-04-17 18:03:03,840 [main] INFO  base.BaseClass - Found Element By {by.toString()}
2024-04-17 18:03:04,372 [main] INFO  base.BaseClass - Trying to find Element By {by.toString()})
2024-04-17 18:03:04,401 [main] INFO  base.BaseClass - Found Element By {by.toString()}
2024-04-17 18:03:04,935 [main] INFO  base.BaseClass - Trying to find Element By {by.toString()})
2024-04-17 18:03:04,965 [main] INFO  base.BaseClass - Found Element By {by.toString()}
2024-04-17 18:03:05,510 [main] INFO  base.BaseClass - Trying to find Element By {by.toString()})
2024-04-17 18:03:05,540 [main] INFO  base.BaseClass - Found Element By {by.toString()}
2024-04-17 18:03:06,089 [main] INFO  base.BaseClass - Trying to find Element By {by.toString()})
2024-04-17 18:03:06,118 [main] INFO  base.BaseClass - Found Element By {by.toString()}
2024-04-17 18:03:06,668 [main] INFO  base.BaseClass - Trying to find Element By {by.toString()})
2024-04-17 18:03:06,697 [main] INFO  base.BaseClass - Found Element By {by.toString()}
2024-04-17 18:03:07,244 [main] INFO  base.BaseClass - Trying to find Element By {by.toString()})
2024-04-17 18:03:07,274 [main] INFO  base.BaseClass - Found Element By {by.toString()}
2024-04-17 18:03:07,825 [main] INFO  base.BaseClass - Trying to find Element By {by.toString()})
2024-04-17 18:03:07,854 [main] INFO  base.BaseClass - Found Element By {by.toString()}
2024-04-17 18:03:08,400 [main] INFO  base.BaseClass - Trying to find Element By {by.toString()})
2024-04-17 18:03:08,417 [main] INFO  base.BaseClass - Found Element By {by.toString()}
2024-04-17 18:03:08,946 [main] INFO  base.BaseClass - Trying to find Element By {by.toString()})
2024-04-17 18:03:08,967 [main] INFO  base.BaseClass - Found Element By {by.toString()}
2024-04-17 18:03:09,494 [main] INFO  base.BaseClass - Trying to find Element By {by.toString()})
2024-04-17 18:03:09,527 [main] INFO  base.BaseClass - Found Element By {by.toString()}
2024-04-17 18:03:10,073 [main] INFO  base.BaseClass - Trying to find Element By {by.toString()})
2024-04-17 18:03:10,098 [main] INFO  base.BaseClass - Found Element By {by.toString()}
2024-04-17 18:03:10,616 [main] INFO  base.BaseClass - Trying to find Element By {by.toString()})
2024-04-17 18:03:10,645 [main] INFO  base.BaseClass - Found Element By {by.toString()}
2024-04-17 18:03:11,179 [main] INFO  base.BaseClass - Trying to find Element By {by.toString()})
2024-04-17 18:03:11,207 [main] INFO  base.BaseClass - Found Element By {by.toString()}
2024-04-17 18:03:11,756 [main] INFO  base.BaseClass - Trying to find Element By {by.toString()})
2024-04-17 18:03:11,786 [main] INFO  base.BaseClass - Found Element By {by.toString()}
2024-04-17 18:03:12,338 [main] INFO  base.BaseClass - Trying to find Element By {by.toString()})
2024-04-17 18:03:12,368 [main] INFO  base.BaseClass - Found Element By {by.toString()}
2024-04-17 18:03:12,915 [main] INFO  base.BaseClass - Trying to find Element By {by.toString()})
2024-04-17 18:03:12,944 [main] INFO  base.BaseClass - Found Element By {by.toString()}
2024-04-17 18:03:13,495 [main] INFO  base.BaseClass - Trying to find Element By {by.toString()})
2024-04-17 18:03:13,523 [main] INFO  base.BaseClass - Found Element By {by.toString()}
2024-04-17 18:03:14,075 [main] INFO  base.BaseClass - Trying to find Element By {by.toString()})
2024-04-17 18:03:14,105 [main] INFO  base.BaseClass - Found Element By {by.toString()}
2024-04-17 18:03:14,638 [main] INFO  base.BaseClass - Trying to find Element By {by.toString()})
2024-04-17 18:03:14,668 [main] INFO  base.BaseClass - Found Element By {by.toString()}
2024-04-17 18:03:15,214 [main] INFO  base.BaseClass - Trying to find Element By {by.toString()})
2024-04-17 18:03:15,245 [main] INFO  base.BaseClass - Found Element By {by.toString()}
2024-04-17 18:03:15,793 [main] INFO  base.BaseClass - Trying to find Element By {by.toString()})
2024-04-17 18:03:15,822 [main] INFO  base.BaseClass - Found Element By {by.toString()}
2024-04-17 18:03:16,371 [main] INFO  base.BaseClass - Trying to find Element By {by.toString()})
2024-04-17 18:03:16,402 [main] INFO  base.BaseClass - Found Element By {by.toString()}
2024-04-17 18:03:16,950 [main] INFO  base.BaseClass - Trying to find Element By {by.toString()})
2024-04-17 18:03:16,978 [main] INFO  base.BaseClass - Found Element By {by.toString()}
2024-04-17 18:03:17,529 [main] INFO  base.BaseClass - Trying to find Element By {by.toString()})
2024-04-17 18:03:17,558 [main] INFO  base.BaseClass - Found Element By {by.toString()}
2024-04-17 18:03:18,097 [main] INFO  base.BaseClass - Trying to find Element By {by.toString()})
2024-04-17 18:03:18,123 [main] INFO  base.BaseClass - Found Element By {by.toString()}
2024-04-17 18:03:18,667 [main] INFO  base.BaseClass - Trying to find Element By {by.toString()})
2024-04-17 18:03:18,681 [main] INFO  base.BaseClass - Found Element By {by.toString()}
2024-04-17 18:03:19,205 [main] INFO  base.BaseClass - Trying to find Element By {by.toString()})
2024-04-17 18:03:19,220 [main] INFO  base.BaseClass - Found Element By {by.toString()}
2024-04-17 18:03:19,757 [main] INFO  base.BaseClass - Trying to find Element By {by.toString()})
2024-04-17 18:03:19,772 [main] INFO  base.BaseClass - Found Element By {by.toString()}
2024-04-17 18:03:20,308 [main] INFO  base.BaseClass - Trying to find Element By {by.toString()})
2024-04-17 18:03:20,320 [main] INFO  base.BaseClass - Found Element By {by.toString()}
2024-04-17 18:03:20,845 [main] INFO  base.BaseClass - Trying to find Element By {by.toString()})
2024-04-17 18:03:20,859 [main] INFO  base.BaseClass - Found Element By {by.toString()}
2024-04-17 18:03:21,381 [main] INFO  base.BaseClass - Trying to find Element By {by.toString()})
2024-04-17 18:03:21,406 [main] INFO  base.BaseClass - Found Element By {by.toString()}
2024-04-17 18:03:21,946 [main] INFO  base.BaseClass - Trying to find Element By {by.toString()})
2024-04-17 18:03:21,972 [main] INFO  base.BaseClass - Found Element By {by.toString()}
2024-04-17 18:03:22,510 [main] INFO  base.BaseClass - Trying to find Element By {by.toString()})
2024-04-17 18:03:22,533 [main] INFO  base.BaseClass - Found Element By {by.toString()}
2024-04-17 18:03:23,072 [main] INFO  base.BaseClass - Trying to find Element By {by.toString()})
2024-04-17 18:03:23,101 [main] INFO  base.BaseClass - Found Element By {by.toString()}
2024-04-17 18:03:23,648 [main] INFO  base.BaseClass - Trying to find Element By {by.toString()})
2024-04-17 18:03:23,677 [main] INFO  base.BaseClass - Found Element By {by.toString()}
2024-04-17 18:03:24,212 [main] INFO  base.BaseClass - Trying to find Element By {by.toString()})
2024-04-17 18:03:24,240 [main] INFO  base.BaseClass - Found Element By {by.toString()}
2024-04-17 18:03:24,793 [main] INFO  base.BaseClass - Trying to find Element By {by.toString()})
2024-04-17 18:03:24,822 [main] INFO  base.BaseClass - Found Element By {by.toString()}
2024-04-17 18:03:25,374 [main] INFO  base.BaseClass - Trying to find Element By {by.toString()})
2024-04-17 18:03:25,404 [main] INFO  base.BaseClass - Found Element By {by.toString()}
2024-04-17 18:03:25,951 [main] INFO  base.BaseClass - Trying to find Element By {by.toString()})
2024-04-17 18:03:25,981 [main] INFO  base.BaseClass - Found Element By {by.toString()}
2024-04-17 18:03:26,514 [main] INFO  base.BaseClass - Trying to find Element By {by.toString()})
2024-04-17 18:03:26,539 [main] INFO  base.BaseClass - Found Element By {by.toString()}
2024-04-17 18:03:27,079 [main] INFO  base.BaseClass - Trying to find Element By {by.toString()})
2024-04-17 18:03:27,093 [main] INFO  base.BaseClass - Found Element By {by.toString()}
2024-04-17 18:03:27,612 [main] INFO  base.BaseClass - Trying to find Element By {by.toString()})
2024-04-17 18:03:27,639 [main] INFO  base.BaseClass - Found Element By {by.toString()}
2024-04-17 18:03:28,188 [main] INFO  base.BaseClass - Trying to find Element By {by.toString()})
2024-04-17 18:03:28,220 [main] INFO  base.BaseClass - Found Element By {by.toString()}
2024-04-17 18:03:28,766 [main] INFO  base.BaseClass - Trying to find Element By {by.toString()})
2024-04-17 18:03:28,794 [main] INFO  base.BaseClass - Found Element By {by.toString()}
2024-04-17 18:03:29,346 [main] INFO  base.BaseClass - Trying to find Element By {by.toString()})
2024-04-17 18:03:29,375 [main] INFO  base.BaseClass - Found Element By {by.toString()}
2024-04-17 18:03:29,923 [main] INFO  base.BaseClass - Trying to find Element By {by.toString()})
2024-04-17 18:03:29,952 [main] INFO  base.BaseClass - Found Element By {by.toString()}
2024-04-17 18:03:30,501 [main] INFO  base.BaseClass - Trying to find Element By {by.toString()})
2024-04-17 18:03:30,519 [main] INFO  base.BaseClass - Found Element By {by.toString()}
TimeoutException occurred: Expected condition failed: waiting for helper.WaitUtility$5@7ad62f04 (tried for 30 second(s) with 500 milliseconds interval)
Build info: version: '3.141.59', revision: 'e82be7d358', time: '2018-11-14T08:17:03'
System info: host: 'DPLAP166', ip: '137.237.2.236', os.name: 'Windows 10', os.arch: 'amd64', os.version: '10.0', java.version: '19.0.1'
Driver info: org.openqa.selenium.support.events.EventFiringWebDriver
Capabilities {acceptInsecureCerts: true, browserName: chrome, browserVersion: 123.0.6312.123, chrome: {chromedriverVersion: 123.0.6312.122 (31f8248cdd9..., userDataDir: C:\Users\dP-PL\AppData\Loca...}, fedcm:accounts: true, goog:chromeOptions: {debuggerAddress: localhost:51256}, javascriptEnabled: true, networkConnectionEnabled: false, pageLoadStrategy: normal, platform: WINDOWS, platformName: WINDOWS, proxy: Proxy(), setWindowRect: true, strictFileInteractability: false, timeouts: {implicit: 0, pageLoad: 300000, script: 30000}, unhandledPromptBehavior: dismiss and notify, webauthn:extension:credBlob: true, webauthn:extension:largeBlob: true, webauthn:extension:minPinLength: true, webauthn:extension:prf: true, webauthn:virtualAuthenticators: true}
Session ID: a59c4df4811f82049fe754efe723d3c1
2024-04-17 18:03:30,538 [main] ERROR RotationCopy_test - Element did not become visible within the specified time: Expected condition failed: waiting for helper.WaitUtility$5@7ad62f04 (tried for 30 second(s) with 500 milliseconds interval)
Build info: version: '3.141.59', revision: 'e82be7d358', time: '2018-11-14T08:17:03'
System info: host: 'DPLAP166', ip: '137.237.2.236', os.name: 'Windows 10', os.arch: 'amd64', os.version: '10.0', java.version: '19.0.1'
Driver info: org.openqa.selenium.support.events.EventFiringWebDriver
Capabilities {acceptInsecureCerts: true, browserName: chrome, browserVersion: 123.0.6312.123, chrome: {chromedriverVersion: 123.0.6312.122 (31f8248cdd9..., userDataDir: C:\Users\dP-PL\AppData\Loca...}, fedcm:accounts: true, goog:chromeOptions: {debuggerAddress: localhost:51256}, javascriptEnabled: true, networkConnectionEnabled: false, pageLoadStrategy: normal, platform: WINDOWS, platformName: WINDOWS, proxy: Proxy(), setWindowRect: true, strictFileInteractability: false, timeouts: {implicit: 0, pageLoad: 300000, script: 30000}, unhandledPromptBehavior: dismiss and notify, webauthn:extension:credBlob: true, webauthn:extension:largeBlob: true, webauthn:extension:minPinLength: true, webauthn:extension:prf: true, webauthn:virtualAuthenticators: true}
Session ID: a59c4df4811f82049fe754efe723d3c1
2024-04-17 18:03:30,539 [main] INFO  base.BaseClass - Trying to find Element By {by.toString()})
2024-04-17 18:03:30,553 [main] INFO  base.BaseClass - Found Element By {by.toString()}
2024-04-17 18:03:30,553 [main] INFO  base.BaseClass - Trying to click on: {element.toString()}
2024-04-17 18:03:30,625 [main] INFO  base.BaseClass - Clicked on: {element.toString()}
2024-04-17 18:03:30,633 [main] INFO  base.BaseClass - Trying to find Element By {by.toString()})
2024-04-17 18:03:30,645 [main] INFO  base.BaseClass - Found Element By {by.toString()}
2024-04-17 18:03:31,171 [main] INFO  base.BaseClass - Trying to find Element By {by.toString()})
2024-04-17 18:03:31,274 [main] INFO  base.BaseClass - Found Element By {by.toString()}
StaleElementReferenceException occurred: stale element reference: stale element not found in the current frame
  (Session info: chrome=123.0.6312.123)
For documentation on this error, please visit: https://www.seleniumhq.org/exceptions/stale_element_reference.html
Build info: version: '3.141.59', revision: 'e82be7d358', time: '2018-11-14T08:17:03'
System info: host: 'DPLAP166', ip: '137.237.2.236', os.name: 'Windows 10', os.arch: 'amd64', os.version: '10.0', java.version: '19.0.1'
Driver info: org.openqa.selenium.chrome.ChromeDriver
Capabilities {acceptInsecureCerts: true, browserName: chrome, browserVersion: 123.0.6312.123, chrome: {chromedriverVersion: 123.0.6312.122 (31f8248cdd9..., userDataDir: C:\Users\dP-PL\AppData\Loca...}, fedcm:accounts: true, goog:chromeOptions: {debuggerAddress: localhost:51256}, javascriptEnabled: true, networkConnectionEnabled: false, pageLoadStrategy: normal, platform: WINDOWS, platformName: WINDOWS, proxy: Proxy(), setWindowRect: true, strictFileInteractability: false, timeouts: {implicit: 0, pageLoad: 300000, script: 30000}, unhandledPromptBehavior: dismiss and notify, webauthn:extension:credBlob: true, webauthn:extension:largeBlob: true, webauthn:extension:minPinLength: true, webauthn:extension:prf: true, webauthn:virtualAuthenticators: true}
Session ID: a59c4df4811f82049fe754efe723d3c1
2024-04-17 18:03:31,294 [main] ERROR RotationCopy_test - Element did not become visible within the specified time: stale element reference: stale element not found in the current frame
  (Session info: chrome=123.0.6312.123)
For documentation on this error, please visit: https://www.seleniumhq.org/exceptions/stale_element_reference.html
Build info: version: '3.141.59', revision: 'e82be7d358', time: '2018-11-14T08:17:03'
System info: host: 'DPLAP166', ip: '137.237.2.236', os.name: 'Windows 10', os.arch: 'amd64', os.version: '10.0', java.version: '19.0.1'
Driver info: org.openqa.selenium.chrome.ChromeDriver
Capabilities {acceptInsecureCerts: true, browserName: chrome, browserVersion: 123.0.6312.123, chrome: {chromedriverVersion: 123.0.6312.122 (31f8248cdd9..., userDataDir: C:\Users\dP-PL\AppData\Loca...}, fedcm:accounts: true, goog:chromeOptions: {debuggerAddress: localhost:51256}, javascriptEnabled: true, networkConnectionEnabled: false, pageLoadStrategy: normal, platform: WINDOWS, platformName: WINDOWS, proxy: Proxy(), setWindowRect: true, strictFileInteractability: false, timeouts: {implicit: 0, pageLoad: 300000, script: 30000}, unhandledPromptBehavior: dismiss and notify, webauthn:extension:credBlob: true, webauthn:extension:largeBlob: true, webauthn:extension:minPinLength: true, webauthn:extension:prf: true, webauthn:virtualAuthenticators: true}
Session ID: a59c4df4811f82049fe754efe723d3c1
2024-04-17 18:03:31,294 [main] INFO  base.BaseClass - Trying to find Element By {by.toString()})
2024-04-17 18:03:31,814 [main] INFO  base.BaseClass - Found Element By {by.toString()}
2024-04-17 18:03:31,814 [main] INFO  base.BaseClass - Trying to click on: {element.toString()}
2024-04-17 18:03:31,898 [main] INFO  base.BaseClass - Clicked on: {element.toString()}
2024-04-17 18:03:31,898 [main] INFO  base.BaseClass - Trying to find Element By {by.toString()})
2024-04-17 18:03:32,735 [main] INFO  base.BaseClass - Found Element By {by.toString()}
2024-04-17 18:03:33,262 [main] INFO  base.BaseClass - Trying to find Element By {by.toString()})
2024-04-17 18:03:33,296 [main] INFO  base.BaseClass - Found Element By {by.toString()}
2024-04-17 18:03:33,858 [main] INFO  base.BaseClass - Trying to find Element By {by.toString()})
2024-04-17 18:03:33,891 [main] INFO  base.BaseClass - Found Element By {by.toString()}
2024-04-17 18:03:34,423 [main] INFO  base.BaseClass - Trying to find Element By {by.toString()})
2024-04-17 18:03:34,456 [main] INFO  base.BaseClass - Found Element By {by.toString()}
2024-04-17 18:03:34,999 [main] INFO  base.BaseClass - Trying to find Element By {by.toString()})
2024-04-17 18:03:35,030 [main] INFO  base.BaseClass - Found Element By {by.toString()}
2024-04-17 18:03:35,578 [main] INFO  base.BaseClass - Trying to find Element By {by.toString()})
2024-04-17 18:03:35,589 [main] INFO  base.BaseClass - Found Element By {by.toString()}
2024-04-17 18:03:36,120 [main] INFO  base.BaseClass - Trying to find Element By {by.toString()})
2024-04-17 18:03:36,150 [main] INFO  base.BaseClass - Found Element By {by.toString()}
2024-04-17 18:03:36,683 [main] INFO  base.BaseClass - Trying to find Element By {by.toString()})
2024-04-17 18:03:36,714 [main] INFO  base.BaseClass - Found Element By {by.toString()}
2024-04-17 18:03:37,266 [main] INFO  base.BaseClass - Trying to find Element By {by.toString()})
2024-04-17 18:03:37,297 [main] INFO  base.BaseClass - Found Element By {by.toString()}
2024-04-17 18:03:37,849 [main] INFO  base.BaseClass - Trying to find Element By {by.toString()})
2024-04-17 18:03:37,866 [main] INFO  base.BaseClass - Found Element By {by.toString()}
2024-04-17 18:03:38,398 [main] INFO  base.BaseClass - Trying to find Element By {by.toString()})
2024-04-17 18:03:38,429 [main] INFO  base.BaseClass - Found Element By {by.toString()}
2024-04-17 18:03:38,963 [main] INFO  base.BaseClass - Trying to find Element By {by.toString()})
2024-04-17 18:03:38,992 [main] INFO  base.BaseClass - Found Element By {by.toString()}
2024-04-17 18:03:39,529 [main] INFO  base.BaseClass - Trying to find Element By {by.toString()})
2024-04-17 18:03:39,556 [main] INFO  base.BaseClass - Found Element By {by.toString()}
2024-04-17 18:03:40,091 [main] INFO  base.BaseClass - Trying to find Element By {by.toString()})
2024-04-17 18:03:40,101 [main] INFO  base.BaseClass - Found Element By {by.toString()}
2024-04-17 18:03:40,622 [main] INFO  base.BaseClass - Trying to find Element By {by.toString()})
2024-04-17 18:03:40,651 [main] INFO  base.BaseClass - Found Element By {by.toString()}
2024-04-17 18:03:41,183 [main] INFO  base.BaseClass - Trying to find Element By {by.toString()})
2024-04-17 18:03:41,195 [main] INFO  base.BaseClass - Found Element By {by.toString()}
2024-04-17 18:03:41,726 [main] INFO  base.BaseClass - Trying to find Element By {by.toString()})
2024-04-17 18:03:41,756 [main] INFO  base.BaseClass - Found Element By {by.toString()}
2024-04-17 18:03:42,303 [main] INFO  base.BaseClass - Trying to find Element By {by.toString()})
2024-04-17 18:03:42,335 [main] INFO  base.BaseClass - Found Element By {by.toString()}
2024-04-17 18:03:42,879 [main] INFO  base.BaseClass - Trying to find Element By {by.toString()})
2024-04-17 18:03:42,909 [main] INFO  base.BaseClass - Found Element By {by.toString()}
2024-04-17 18:03:43,455 [main] INFO  base.BaseClass - Trying to find Element By {by.toString()})
2024-04-17 18:03:43,488 [main] INFO  base.BaseClass - Found Element By {by.toString()}
2024-04-17 18:03:44,033 [main] INFO  base.BaseClass - Trying to find Element By {by.toString()})
2024-04-17 18:03:44,066 [main] INFO  base.BaseClass - Found Element By {by.toString()}
2024-04-17 18:03:44,613 [main] INFO  base.BaseClass - Trying to find Element By {by.toString()})
2024-04-17 18:03:44,645 [main] INFO  base.BaseClass - Found Element By {by.toString()}
2024-04-17 18:03:45,175 [main] INFO  base.BaseClass - Trying to find Element By {by.toString()})
2024-04-17 18:03:45,205 [main] INFO  base.BaseClass - Found Element By {by.toString()}
2024-04-17 18:03:45,752 [main] INFO  base.BaseClass - Trying to find Element By {by.toString()})
2024-04-17 18:03:45,782 [main] INFO  base.BaseClass - Found Element By {by.toString()}
2024-04-17 18:03:46,315 [main] INFO  base.BaseClass - Trying to find Element By {by.toString()})
2024-04-17 18:03:46,347 [main] INFO  base.BaseClass - Found Element By {by.toString()}
2024-04-17 18:03:46,892 [main] INFO  base.BaseClass - Trying to find Element By {by.toString()})
2024-04-17 18:03:46,923 [main] INFO  base.BaseClass - Found Element By {by.toString()}
2024-04-17 18:03:47,470 [main] INFO  base.BaseClass - Trying to find Element By {by.toString()})
2024-04-17 18:03:47,502 [main] INFO  base.BaseClass - Found Element By {by.toString()}
2024-04-17 18:03:48,047 [main] INFO  base.BaseClass - Trying to find Element By {by.toString()})
2024-04-17 18:03:48,078 [main] INFO  base.BaseClass - Found Element By {by.toString()}
2024-04-17 18:03:48,624 [main] INFO  base.BaseClass - Trying to find Element By {by.toString()})
2024-04-17 18:03:48,653 [main] INFO  base.BaseClass - Found Element By {by.toString()}
2024-04-17 18:03:49,203 [main] INFO  base.BaseClass - Trying to find Element By {by.toString()})
2024-04-17 18:03:49,233 [main] INFO  base.BaseClass - Found Element By {by.toString()}
2024-04-17 18:03:49,768 [main] INFO  base.BaseClass - Trying to find Element By {by.toString()})
2024-04-17 18:03:49,792 [main] INFO  base.BaseClass - Found Element By {by.toString()}
2024-04-17 18:03:50,332 [main] INFO  base.BaseClass - Trying to find Element By {by.toString()})
2024-04-17 18:03:50,345 [main] INFO  base.BaseClass - Found Element By {by.toString()}
2024-04-17 18:03:50,862 [main] INFO  base.BaseClass - Trying to find Element By {by.toString()})
2024-04-17 18:03:50,892 [main] INFO  base.BaseClass - Found Element By {by.toString()}
2024-04-17 18:03:51,440 [main] INFO  base.BaseClass - Trying to find Element By {by.toString()})
2024-04-17 18:03:51,471 [main] INFO  base.BaseClass - Found Element By {by.toString()}
2024-04-17 18:03:52,019 [main] INFO  base.BaseClass - Trying to find Element By {by.toString()})
2024-04-17 18:03:52,052 [main] INFO  base.BaseClass - Found Element By {by.toString()}
2024-04-17 18:03:52,598 [main] INFO  base.BaseClass - Trying to find Element By {by.toString()})
2024-04-17 18:03:52,630 [main] INFO  base.BaseClass - Found Element By {by.toString()}
2024-04-17 18:03:53,176 [main] INFO  base.BaseClass - Trying to find Element By {by.toString()})
2024-04-17 18:03:53,206 [main] INFO  base.BaseClass - Found Element By {by.toString()}
2024-04-17 18:03:53,743 [main] INFO  base.BaseClass - Trying to find Element By {by.toString()})
2024-04-17 18:03:53,770 [main] INFO  base.BaseClass - Found Element By {by.toString()}
2024-04-17 18:03:54,296 [main] INFO  base.BaseClass - Trying to find Element By {by.toString()})
2024-04-17 18:03:54,325 [main] INFO  base.BaseClass - Found Element By {by.toString()}
2024-04-17 18:03:54,862 [main] INFO  base.BaseClass - Trying to find Element By {by.toString()})
2024-04-17 18:03:54,893 [main] INFO  base.BaseClass - Found Element By {by.toString()}
2024-04-17 18:03:55,443 [main] INFO  base.BaseClass - Trying to find Element By {by.toString()})
2024-04-17 18:03:55,460 [main] INFO  base.BaseClass - Found Element By {by.toString()}
2024-04-17 18:03:55,989 [main] INFO  base.BaseClass - Trying to find Element By {by.toString()})
2024-04-17 18:03:56,020 [main] INFO  base.BaseClass - Found Element By {by.toString()}
2024-04-17 18:03:56,570 [main] INFO  base.BaseClass - Trying to find Element By {by.toString()})
2024-04-17 18:03:56,602 [main] INFO  base.BaseClass - Found Element By {by.toString()}
2024-04-17 18:03:57,131 [main] INFO  base.BaseClass - Trying to find Element By {by.toString()})
2024-04-17 18:03:57,162 [main] INFO  base.BaseClass - Found Element By {by.toString()}
2024-04-17 18:03:57,707 [main] INFO  base.BaseClass - Trying to find Element By {by.toString()})
2024-04-17 18:03:57,737 [main] INFO  base.BaseClass - Found Element By {by.toString()}
2024-04-17 18:03:58,287 [main] INFO  base.BaseClass - Trying to find Element By {by.toString()})
2024-04-17 18:03:58,318 [main] INFO  base.BaseClass - Found Element By {by.toString()}
2024-04-17 18:03:58,865 [main] INFO  base.BaseClass - Trying to find Element By {by.toString()})
2024-04-17 18:03:58,923 [main] INFO  base.BaseClass - Found Element By {by.toString()}
2024-04-17 18:03:59,442 [main] INFO  base.BaseClass - Trying to find Element By {by.toString()})
2024-04-17 18:03:59,471 [main] INFO  base.BaseClass - Found Element By {by.toString()}
2024-04-17 18:04:00,022 [main] INFO  base.BaseClass - Trying to find Element By {by.toString()})
2024-04-17 18:04:00,055 [main] INFO  base.BaseClass - Found Element By {by.toString()}
2024-04-17 18:04:00,596 [main] INFO  base.BaseClass - Trying to find Element By {by.toString()})
2024-04-17 18:04:00,628 [main] INFO  base.BaseClass - Found Element By {by.toString()}
2024-04-17 18:04:01,174 [main] INFO  base.BaseClass - Trying to find Element By {by.toString()})
2024-04-17 18:04:01,204 [main] INFO  base.BaseClass - Found Element By {by.toString()}
2024-04-17 18:04:01,752 [main] INFO  base.BaseClass - Trying to find Element By {by.toString()})
2024-04-17 18:04:01,783 [main] INFO  base.BaseClass - Found Element By {by.toString()}
2024-04-17 18:04:02,329 [main] INFO  base.BaseClass - Trying to find Element By {by.toString()})
2024-04-17 18:04:02,358 [main] INFO  base.BaseClass - Found Element By {by.toString()}
TimeoutException occurred: Expected condition failed: waiting for helper.WaitUtility$5@4cf20dd (tried for 30 second(s) with 500 milliseconds interval)
Build info: version: '3.141.59', revision: 'e82be7d358', time: '2018-11-14T08:17:03'
System info: host: 'DPLAP166', ip: '137.237.2.236', os.name: 'Windows 10', os.arch: 'amd64', os.version: '10.0', java.version: '19.0.1'
Driver info: org.openqa.selenium.support.events.EventFiringWebDriver
Capabilities {acceptInsecureCerts: true, browserName: chrome, browserVersion: 123.0.6312.123, chrome: {chromedriverVersion: 123.0.6312.122 (31f8248cdd9..., userDataDir: C:\Users\dP-PL\AppData\Loca...}, fedcm:accounts: true, goog:chromeOptions: {debuggerAddress: localhost:51256}, javascriptEnabled: true, networkConnectionEnabled: false, pageLoadStrategy: normal, platform: WINDOWS, platformName: WINDOWS, proxy: Proxy(), setWindowRect: true, strictFileInteractability: false, timeouts: {implicit: 0, pageLoad: 300000, script: 30000}, unhandledPromptBehavior: dismiss and notify, webauthn:extension:credBlob: true, webauthn:extension:largeBlob: true, webauthn:extension:minPinLength: true, webauthn:extension:prf: true, webauthn:virtualAuthenticators: true}
Session ID: a59c4df4811f82049fe754efe723d3c1
2024-04-17 18:04:02,396 [main] ERROR RotationCopy_test - Element did not become visible within the specified time: Expected condition failed: waiting for helper.WaitUtility$5@4cf20dd (tried for 30 second(s) with 500 milliseconds interval)
Build info: version: '3.141.59', revision: 'e82be7d358', time: '2018-11-14T08:17:03'
System info: host: 'DPLAP166', ip: '137.237.2.236', os.name: 'Windows 10', os.arch: 'amd64', os.version: '10.0', java.version: '19.0.1'
Driver info: org.openqa.selenium.support.events.EventFiringWebDriver
Capabilities {acceptInsecureCerts: true, browserName: chrome, browserVersion: 123.0.6312.123, chrome: {chromedriverVersion: 123.0.6312.122 (31f8248cdd9..., userDataDir: C:\Users\dP-PL\AppData\Loca...}, fedcm:accounts: true, goog:chromeOptions: {debuggerAddress: localhost:51256}, javascriptEnabled: true, networkConnectionEnabled: false, pageLoadStrategy: normal, platform: WINDOWS, platformName: WINDOWS, proxy: Proxy(), setWindowRect: true, strictFileInteractability: false, timeouts: {implicit: 0, pageLoad: 300000, script: 30000}, unhandledPromptBehavior: dismiss and notify, webauthn:extension:credBlob: true, webauthn:extension:largeBlob: true, webauthn:extension:minPinLength: true, webauthn:extension:prf: true, webauthn:virtualAuthenticators: true}
Session ID: a59c4df4811f82049fe754efe723d3c1
2024-04-17 18:04:02,397 [main] INFO  base.BaseClass - Trying to find Element By {by.toString()})
2024-04-17 18:04:02,415 [main] INFO  base.BaseClass - Found Element By {by.toString()}
2024-04-17 18:04:02,415 [main] INFO  base.BaseClass - Trying to click on: {element.toString()}
2024-04-17 18:04:02,493 [main] INFO  base.BaseClass - Clicked on: {element.toString()}
2024-04-17 18:04:02,493 [main] INFO  base.BaseClass - Trying to find Element By {by.toString()})
2024-04-17 18:04:02,507 [main] INFO  base.BaseClass - Found Element By {by.toString()}
2024-04-17 18:04:03,029 [main] INFO  base.BaseClass - Trying to find Element By {by.toString()})
2024-04-17 18:04:03,061 [main] INFO  base.BaseClass - Found Element By {by.toString()}
2024-04-17 18:04:03,611 [main] INFO  base.BaseClass - Trying to find Element By {by.toString()})
2024-04-17 18:04:03,642 [main] INFO  base.BaseClass - Found Element By {by.toString()}
2024-04-17 18:04:04,187 [main] INFO  base.BaseClass - Trying to find Element By {by.toString()})
2024-04-17 18:04:04,218 [main] INFO  base.BaseClass - Found Element By {by.toString()}
2024-04-17 18:04:04,767 [main] INFO  base.BaseClass - Trying to find Element By {by.toString()})
2024-04-17 18:04:04,798 [main] INFO  base.BaseClass - Found Element By {by.toString()}
2024-04-17 18:04:05,343 [main] INFO  base.BaseClass - Trying to find Element By {by.toString()})
2024-04-17 18:04:05,374 [main] INFO  base.BaseClass - Found Element By {by.toString()}
2024-04-17 18:04:05,922 [main] INFO  base.BaseClass - Trying to find Element By {by.toString()})
2024-04-17 18:04:05,949 [main] INFO  base.BaseClass - Found Element By {by.toString()}
2024-04-17 18:04:06,499 [main] INFO  base.BaseClass - Trying to find Element By {by.toString()})
2024-04-17 18:04:06,530 [main] INFO  base.BaseClass - Found Element By {by.toString()}
2024-04-17 18:04:07,077 [main] INFO  base.BaseClass - Trying to find Element By {by.toString()})
2024-04-17 18:04:07,108 [main] INFO  base.BaseClass - Found Element By {by.toString()}
2024-04-17 18:04:07,655 [main] INFO  base.BaseClass - Trying to find Element By {by.toString()})
2024-04-17 18:04:07,687 [main] INFO  base.BaseClass - Found Element By {by.toString()}
2024-04-17 18:04:08,232 [main] INFO  base.BaseClass - Trying to find Element By {by.toString()})
2024-04-17 18:04:08,263 [main] INFO  base.BaseClass - Found Element By {by.toString()}
2024-04-17 18:04:08,809 [main] INFO  base.BaseClass - Trying to find Element By {by.toString()})
2024-04-17 18:04:08,839 [main] INFO  base.BaseClass - Found Element By {by.toString()}
2024-04-17 18:04:09,375 [main] INFO  base.BaseClass - Trying to find Element By {by.toString()})
2024-04-17 18:04:09,403 [main] INFO  base.BaseClass - Found Element By {by.toString()}
2024-04-17 18:04:09,954 [main] INFO  base.BaseClass - Trying to find Element By {by.toString()})
2024-04-17 18:04:09,982 [main] INFO  base.BaseClass - Found Element By {by.toString()}
2024-04-17 18:04:10,532 [main] INFO  base.BaseClass - Trying to find Element By {by.toString()})
2024-04-17 18:04:10,563 [main] INFO  base.BaseClass - Found Element By {by.toString()}
2024-04-17 18:04:11,094 [main] INFO  base.BaseClass - Trying to find Element By {by.toString()})
2024-04-17 18:04:11,127 [main] INFO  base.BaseClass - Found Element By {by.toString()}
2024-04-17 18:04:11,674 [main] INFO  base.BaseClass - Trying to find Element By {by.toString()})
2024-04-17 18:04:11,686 [main] INFO  base.BaseClass - Found Element By {by.toString()}
2024-04-17 18:04:12,208 [main] INFO  base.BaseClass - Trying to find Element By {by.toString()})
2024-04-17 18:04:12,235 [main] INFO  base.BaseClass - Found Element By {by.toString()}
2024-04-17 18:04:12,782 [main] INFO  base.BaseClass - Trying to find Element By {by.toString()})
2024-04-17 18:04:12,843 [main] INFO  base.BaseClass - Found Element By {by.toString()}
2024-04-17 18:04:13,363 [main] INFO  base.BaseClass - Trying to find Element By {by.toString()})
2024-04-17 18:04:13,395 [main] INFO  base.BaseClass - Found Element By {by.toString()}
2024-04-17 18:04:13,938 [main] INFO  base.BaseClass - Trying to find Element By {by.toString()})
2024-04-17 18:04:13,970 [main] INFO  base.BaseClass - Found Element By {by.toString()}
2024-04-17 18:04:14,503 [main] INFO  base.BaseClass - Trying to find Element By {by.toString()})
2024-04-17 18:04:14,536 [main] INFO  base.BaseClass - Found Element By {by.toString()}
2024-04-17 18:04:15,079 [main] INFO  base.BaseClass - Trying to find Element By {by.toString()})
2024-04-17 18:04:15,110 [main] INFO  base.BaseClass - Found Element By {by.toString()}
2024-04-17 18:04:15,656 [main] INFO  base.BaseClass - Trying to find Element By {by.toString()})
2024-04-17 18:04:15,689 [main] INFO  base.BaseClass - Found Element By {by.toString()}
2024-04-17 18:04:16,234 [main] INFO  base.BaseClass - Trying to find Element By {by.toString()})
2024-04-17 18:04:16,266 [main] INFO  base.BaseClass - Found Element By {by.toString()}
2024-04-17 18:04:16,810 [main] INFO  base.BaseClass - Trying to find Element By {by.toString()})
2024-04-17 18:04:16,842 [main] INFO  base.BaseClass - Found Element By {by.toString()}
2024-04-17 18:04:17,372 [main] INFO  base.BaseClass - Trying to find Element By {by.toString()})
2024-04-17 18:04:17,403 [main] INFO  base.BaseClass - Found Element By {by.toString()}
2024-04-17 18:04:17,951 [main] INFO  base.BaseClass - Trying to find Element By {by.toString()})
2024-04-17 18:04:17,984 [main] INFO  base.BaseClass - Found Element By {by.toString()}
2024-04-17 18:04:18,531 [main] INFO  base.BaseClass - Trying to find Element By {by.toString()})
2024-04-17 18:04:18,565 [main] INFO  base.BaseClass - Found Element By {by.toString()}
2024-04-17 18:04:19,123 [main] INFO  base.BaseClass - Trying to find Element By {by.toString()})
2024-04-17 18:04:19,158 [main] INFO  base.BaseClass - Found Element By {by.toString()}
2024-04-17 18:04:19,685 [main] INFO  base.BaseClass - Trying to find Element By {by.toString()})
2024-04-17 18:04:19,721 [main] INFO  base.BaseClass - Found Element By {by.toString()}
2024-04-17 18:04:20,266 [main] INFO  base.BaseClass - Trying to find Element By {by.toString()})
2024-04-17 18:04:20,301 [main] INFO  base.BaseClass - Found Element By {by.toString()}
2024-04-17 18:04:20,859 [main] INFO  base.BaseClass - Trying to find Element By {by.toString()})
2024-04-17 18:04:20,894 [main] INFO  base.BaseClass - Found Element By {by.toString()}
2024-04-17 18:04:21,435 [main] INFO  base.BaseClass - Trying to find Element By {by.toString()})
2024-04-17 18:04:21,470 [main] INFO  base.BaseClass - Found Element By {by.toString()}
2024-04-17 18:04:22,023 [main] INFO  base.BaseClass - Trying to find Element By {by.toString()})
2024-04-17 18:04:22,052 [main] INFO  base.BaseClass - Found Element By {by.toString()}
2024-04-17 18:04:22,572 [main] INFO  base.BaseClass - Trying to find Element By {by.toString()})
2024-04-17 18:04:22,606 [main] INFO  base.BaseClass - Found Element By {by.toString()}
2024-04-17 18:04:23,133 [main] INFO  base.BaseClass - Trying to find Element By {by.toString()})
2024-04-17 18:04:23,167 [main] INFO  base.BaseClass - Found Element By {by.toString()}
2024-04-17 18:04:23,728 [main] INFO  base.BaseClass - Trying to find Element By {by.toString()})
2024-04-17 18:04:23,760 [main] INFO  base.BaseClass - Found Element By {by.toString()}
2024-04-17 18:04:24,307 [main] INFO  base.BaseClass - Trying to find Element By {by.toString()})
2024-04-17 18:04:24,340 [main] INFO  base.BaseClass - Found Element By {by.toString()}
2024-04-17 18:04:24,898 [main] INFO  base.BaseClass - Trying to find Element By {by.toString()})
2024-04-17 18:04:24,930 [main] INFO  base.BaseClass - Found Element By {by.toString()}
2024-04-17 18:04:25,477 [main] INFO  base.BaseClass - Trying to find Element By {by.toString()})
2024-04-17 18:04:25,506 [main] INFO  base.BaseClass - Found Element By {by.toString()}
2024-04-17 18:04:26,054 [main] INFO  base.BaseClass - Trying to find Element By {by.toString()})
2024-04-17 18:04:26,074 [main] INFO  base.BaseClass - Found Element By {by.toString()}
2024-04-17 18:04:26,600 [main] INFO  base.BaseClass - Trying to find Element By {by.toString()})
2024-04-17 18:04:26,631 [main] INFO  base.BaseClass - Found Element By {by.toString()}
2024-04-17 18:04:27,180 [main] INFO  base.BaseClass - Trying to find Element By {by.toString()})
2024-04-17 18:04:27,212 [main] INFO  base.BaseClass - Found Element By {by.toString()}
2024-04-17 18:04:27,757 [main] INFO  base.BaseClass - Trying to find Element By {by.toString()})
2024-04-17 18:04:27,772 [main] INFO  base.BaseClass - Found Element By {by.toString()}
2024-04-17 18:04:28,304 [main] INFO  base.BaseClass - Trying to find Element By {by.toString()})
2024-04-17 18:04:28,361 [main] INFO  base.BaseClass - Found Element By {by.toString()}
2024-04-17 18:04:28,879 [main] INFO  base.BaseClass - Trying to find Element By {by.toString()})
2024-04-17 18:04:28,910 [main] INFO  base.BaseClass - Found Element By {by.toString()}
2024-04-17 18:04:29,463 [main] INFO  base.BaseClass - Trying to find Element By {by.toString()})
2024-04-17 18:04:29,497 [main] INFO  base.BaseClass - Found Element By {by.toString()}
2024-04-17 18:04:30,042 [main] INFO  base.BaseClass - Trying to find Element By {by.toString()})
2024-04-17 18:04:30,072 [main] INFO  base.BaseClass - Found Element By {by.toString()}
2024-04-17 18:04:30,603 [main] INFO  base.BaseClass - Trying to find Element By {by.toString()})
2024-04-17 18:04:30,634 [main] INFO  base.BaseClass - Found Element By {by.toString()}
2024-04-17 18:04:31,181 [main] INFO  base.BaseClass - Trying to find Element By {by.toString()})
2024-04-17 18:04:31,210 [main] INFO  base.BaseClass - Found Element By {by.toString()}
2024-04-17 18:04:31,757 [main] INFO  base.BaseClass - Trying to find Element By {by.toString()})
2024-04-17 18:04:31,789 [main] INFO  base.BaseClass - Found Element By {by.toString()}
2024-04-17 18:04:32,337 [main] INFO  base.BaseClass - Trying to find Element By {by.toString()})
2024-04-17 18:04:32,369 [main] INFO  base.BaseClass - Found Element By {by.toString()}
2024-04-17 18:04:32,913 [main] INFO  base.BaseClass - Trying to find Element By {by.toString()})
2024-04-17 18:04:32,947 [main] INFO  base.BaseClass - Found Element By {by.toString()}
TimeoutException occurred: Expected condition failed: waiting for helper.WaitUtility$5@7a3769ed (tried for 30 second(s) with 500 milliseconds interval)
Build info: version: '3.141.59', revision: 'e82be7d358', time: '2018-11-14T08:17:03'
System info: host: 'DPLAP166', ip: '137.237.2.236', os.name: 'Windows 10', os.arch: 'amd64', os.version: '10.0', java.version: '19.0.1'
Driver info: org.openqa.selenium.support.events.EventFiringWebDriver
Capabilities {acceptInsecureCerts: true, browserName: chrome, browserVersion: 123.0.6312.123, chrome: {chromedriverVersion: 123.0.6312.122 (31f8248cdd9..., userDataDir: C:\Users\dP-PL\AppData\Loca...}, fedcm:accounts: true, goog:chromeOptions: {debuggerAddress: localhost:51256}, javascriptEnabled: true, networkConnectionEnabled: false, pageLoadStrategy: normal, platform: WINDOWS, platformName: WINDOWS, proxy: Proxy(), setWindowRect: true, strictFileInteractability: false, timeouts: {implicit: 0, pageLoad: 300000, script: 30000}, unhandledPromptBehavior: dismiss and notify, webauthn:extension:credBlob: true, webauthn:extension:largeBlob: true, webauthn:extension:minPinLength: true, webauthn:extension:prf: true, webauthn:virtualAuthenticators: true}
Session ID: a59c4df4811f82049fe754efe723d3c1
2024-04-17 18:04:32,987 [main] ERROR RotationCopy_test - Element did not become visible within the specified time: Expected condition failed: waiting for helper.WaitUtility$5@7a3769ed (tried for 30 second(s) with 500 milliseconds interval)
Build info: version: '3.141.59', revision: 'e82be7d358', time: '2018-11-14T08:17:03'
System info: host: 'DPLAP166', ip: '137.237.2.236', os.name: 'Windows 10', os.arch: 'amd64', os.version: '10.0', java.version: '19.0.1'
Driver info: org.openqa.selenium.support.events.EventFiringWebDriver
Capabilities {acceptInsecureCerts: true, browserName: chrome, browserVersion: 123.0.6312.123, chrome: {chromedriverVersion: 123.0.6312.122 (31f8248cdd9..., userDataDir: C:\Users\dP-PL\AppData\Loca...}, fedcm:accounts: true, goog:chromeOptions: {debuggerAddress: localhost:51256}, javascriptEnabled: true, networkConnectionEnabled: false, pageLoadStrategy: normal, platform: WINDOWS, platformName: WINDOWS, proxy: Proxy(), setWindowRect: true, strictFileInteractability: false, timeouts: {implicit: 0, pageLoad: 300000, script: 30000}, unhandledPromptBehavior: dismiss and notify, webauthn:extension:credBlob: true, webauthn:extension:largeBlob: true, webauthn:extension:minPinLength: true, webauthn:extension:prf: true, webauthn:virtualAuthenticators: true}
Session ID: a59c4df4811f82049fe754efe723d3c1
2024-04-17 18:04:32,987 [main] INFO  base.BaseClass - Trying to find Element By {by.toString()})
2024-04-17 18:04:33,001 [main] INFO  base.BaseClass - Found Element By {by.toString()}
2024-04-17 18:04:33,002 [main] INFO  base.BaseClass - Trying to click on: {element.toString()}
2024-04-17 18:04:33,108 [main] INFO  base.BaseClass - Clicked on: {element.toString()}
2024-04-17 18:04:33,114 [main] INFO  base.BaseClass - Trying to find Element By {by.toString()})
2024-04-17 18:04:33,127 [main] INFO  base.BaseClass - Found Element By {by.toString()}
2024-04-17 18:04:33,650 [main] INFO  base.BaseClass - Trying to find Element By {by.toString()})
2024-04-17 18:04:33,680 [main] INFO  base.BaseClass - Found Element By {by.toString()}
2024-04-17 18:04:34,214 [main] INFO  base.BaseClass - Trying to find Element By {by.toString()})
2024-04-17 18:04:34,238 [main] INFO  base.BaseClass - Found Element By {by.toString()}
2024-04-17 18:04:34,764 [main] INFO  base.BaseClass - Trying to find Element By {by.toString()})
2024-04-17 18:04:34,798 [main] INFO  base.BaseClass - Found Element By {by.toString()}
2024-04-17 18:04:35,339 [main] INFO  base.BaseClass - Trying to find Element By {by.toString()})
2024-04-17 18:04:35,372 [main] INFO  base.BaseClass - Found Element By {by.toString()}
2024-04-17 18:04:35,917 [main] INFO  base.BaseClass - Trying to find Element By {by.toString()})
2024-04-17 18:04:35,947 [main] INFO  base.BaseClass - Found Element By {by.toString()}
2024-04-17 18:04:36,494 [main] INFO  base.BaseClass - Trying to find Element By {by.toString()})
2024-04-17 18:04:36,523 [main] INFO  base.BaseClass - Found Element By {by.toString()}
2024-04-17 18:04:37,071 [main] INFO  base.BaseClass - Trying to find Element By {by.toString()})
2024-04-17 18:04:37,100 [main] INFO  base.BaseClass - Found Element By {by.toString()}
2024-04-17 18:04:37,633 [main] INFO  base.BaseClass - Trying to find Element By {by.toString()})
2024-04-17 18:04:37,662 [main] INFO  base.BaseClass - Found Element By {by.toString()}
2024-04-17 18:04:38,208 [main] INFO  base.BaseClass - Trying to find Element By {by.toString()})
2024-04-17 18:04:38,237 [main] INFO  base.BaseClass - Found Element By {by.toString()}
2024-04-17 18:04:38,772 [main] INFO  base.BaseClass - Trying to find Element By {by.toString()})
2024-04-17 18:04:38,800 [main] INFO  base.BaseClass - Found Element By {by.toString()}
2024-04-17 18:04:39,335 [main] INFO  base.BaseClass - Trying to find Element By {by.toString()})
2024-04-17 18:04:39,365 [main] INFO  base.BaseClass - Found Element By {by.toString()}
2024-04-17 18:04:39,911 [main] INFO  base.BaseClass - Trying to find Element By {by.toString()})
2024-04-17 18:04:39,941 [main] INFO  base.BaseClass - Found Element By {by.toString()}
2024-04-17 18:04:40,493 [main] INFO  base.BaseClass - Trying to find Element By {by.toString()})
2024-04-17 18:04:40,522 [main] INFO  base.BaseClass - Found Element By {by.toString()}
2024-04-17 18:04:41,070 [main] INFO  base.BaseClass - Trying to find Element By {by.toString()})
2024-04-17 18:04:41,100 [main] INFO  base.BaseClass - Found Element By {by.toString()}
2024-04-17 18:04:41,648 [main] INFO  base.BaseClass - Trying to find Element By {by.toString()})
2024-04-17 18:04:41,680 [main] INFO  base.BaseClass - Found Element By {by.toString()}
2024-04-17 18:04:42,229 [main] INFO  base.BaseClass - Trying to find Element By {by.toString()})
2024-04-17 18:04:42,243 [main] INFO  base.BaseClass - Found Element By {by.toString()}
2024-04-17 18:04:42,761 [main] INFO  base.BaseClass - Trying to find Element By {by.toString()})
2024-04-17 18:04:42,791 [main] INFO  base.BaseClass - Found Element By {by.toString()}
2024-04-17 18:04:43,341 [main] INFO  base.BaseClass - Trying to find Element By {by.toString()})
2024-04-17 18:04:43,371 [main] INFO  base.BaseClass - Found Element By {by.toString()}
2024-04-17 18:04:43,921 [main] INFO  base.BaseClass - Trying to find Element By {by.toString()})
2024-04-17 18:04:43,950 [main] INFO  base.BaseClass - Found Element By {by.toString()}
2024-04-17 18:04:44,500 [main] INFO  base.BaseClass - Trying to find Element By {by.toString()})
2024-04-17 18:04:44,521 [main] INFO  base.BaseClass - Found Element By {by.toString()}
2024-04-17 18:04:45,062 [main] INFO  base.BaseClass - Trying to find Element By {by.toString()})
2024-04-17 18:04:45,077 [main] INFO  base.BaseClass - Found Element By {by.toString()}
2024-04-17 18:04:45,606 [main] INFO  base.BaseClass - Trying to find Element By {by.toString()})
2024-04-17 18:04:45,640 [main] INFO  base.BaseClass - Found Element By {by.toString()}
2024-04-17 18:04:46,188 [main] INFO  base.BaseClass - Trying to find Element By {by.toString()})
2024-04-17 18:04:46,218 [main] INFO  base.BaseClass - Found Element By {by.toString()}
2024-04-17 18:04:46,753 [main] INFO  base.BaseClass - Trying to find Element By {by.toString()})
2024-04-17 18:04:46,782 [main] INFO  base.BaseClass - Found Element By {by.toString()}
2024-04-17 18:04:47,334 [main] INFO  base.BaseClass - Trying to find Element By {by.toString()})
2024-04-17 18:04:47,369 [main] INFO  base.BaseClass - Found Element By {by.toString()}
2024-04-17 18:04:47,897 [main] INFO  base.BaseClass - Trying to find Element By {by.toString()})
2024-04-17 18:04:47,928 [main] INFO  base.BaseClass - Found Element By {by.toString()}
2024-04-17 18:04:48,479 [main] INFO  base.BaseClass - Trying to find Element By {by.toString()})
2024-04-17 18:04:48,499 [main] INFO  base.BaseClass - Found Element By {by.toString()}
2024-04-17 18:04:49,028 [main] INFO  base.BaseClass - Trying to find Element By {by.toString()})
2024-04-17 18:04:49,058 [main] INFO  base.BaseClass - Found Element By {by.toString()}
2024-04-17 18:04:49,606 [main] INFO  base.BaseClass - Trying to find Element By {by.toString()})
2024-04-17 18:04:49,638 [main] INFO  base.BaseClass - Found Element By {by.toString()}
2024-04-17 18:04:50,183 [main] INFO  base.BaseClass - Trying to find Element By {by.toString()})
2024-04-17 18:04:50,213 [main] INFO  base.BaseClass - Found Element By {by.toString()}
2024-04-17 18:04:50,760 [main] INFO  base.BaseClass - Trying to find Element By {by.toString()})
2024-04-17 18:04:50,789 [main] INFO  base.BaseClass - Found Element By {by.toString()}
2024-04-17 18:04:51,338 [main] INFO  base.BaseClass - Trying to find Element By {by.toString()})
2024-04-17 18:04:51,367 [main] INFO  base.BaseClass - Found Element By {by.toString()}
2024-04-17 18:04:51,916 [main] INFO  base.BaseClass - Trying to find Element By {by.toString()})
2024-04-17 18:04:51,947 [main] INFO  base.BaseClass - Found Element By {by.toString()}
2024-04-17 18:04:52,496 [main] INFO  base.BaseClass - Trying to find Element By {by.toString()})
2024-04-17 18:04:52,524 [main] INFO  base.BaseClass - Found Element By {by.toString()}
2024-04-17 18:04:53,060 [main] INFO  base.BaseClass - Trying to find Element By {by.toString()})
2024-04-17 18:04:53,088 [main] INFO  base.BaseClass - Found Element By {by.toString()}
2024-04-17 18:04:53,644 [main] INFO  base.BaseClass - Trying to find Element By {by.toString()})
2024-04-17 18:04:53,673 [main] INFO  base.BaseClass - Found Element By {by.toString()}
2024-04-17 18:04:54,212 [main] INFO  base.BaseClass - Trying to find Element By {by.toString()})
2024-04-17 18:04:54,241 [main] INFO  base.BaseClass - Found Element By {by.toString()}
2024-04-17 18:04:54,788 [main] INFO  base.BaseClass - Trying to find Element By {by.toString()})
2024-04-17 18:04:54,824 [main] INFO  base.BaseClass - Found Element By {by.toString()}
2024-04-17 18:04:55,349 [main] INFO  base.BaseClass - Trying to find Element By {by.toString()})
2024-04-17 18:04:55,370 [main] INFO  base.BaseClass - Found Element By {by.toString()}
2024-04-17 18:04:55,895 [main] INFO  base.BaseClass - Trying to find Element By {by.toString()})
2024-04-17 18:04:55,924 [main] INFO  base.BaseClass - Found Element By {by.toString()}
2024-04-17 18:04:56,474 [main] INFO  base.BaseClass - Trying to find Element By {by.toString()})
2024-04-17 18:04:56,506 [main] INFO  base.BaseClass - Found Element By {by.toString()}
2024-04-17 18:04:57,069 [main] INFO  base.BaseClass - Trying to find Element By {by.toString()})
2024-04-17 18:04:57,693 [main] INFO  base.BaseClass - Found Element By {by.toString()}
2024-04-17 18:04:58,223 [main] INFO  base.BaseClass - Trying to find Element By {by.toString()})
2024-04-17 18:04:58,255 [main] INFO  base.BaseClass - Found Element By {by.toString()}
2024-04-17 18:04:58,784 [main] INFO  base.BaseClass - Trying to find Element By {by.toString()})
2024-04-17 18:04:58,816 [main] INFO  base.BaseClass - Found Element By {by.toString()}
2024-04-17 18:04:59,345 [main] INFO  base.BaseClass - Trying to find Element By {by.toString()})
2024-04-17 18:04:59,364 [main] INFO  base.BaseClass - Found Element By {by.toString()}
2024-04-17 18:04:59,907 [main] INFO  base.BaseClass - Trying to find Element By {by.toString()})
2024-04-17 18:04:59,941 [main] INFO  base.BaseClass - Found Element By {by.toString()}
2024-04-17 18:05:00,469 [main] INFO  base.BaseClass - Trying to find Element By {by.toString()})
2024-04-17 18:05:00,499 [main] INFO  base.BaseClass - Found Element By {by.toString()}
2024-04-17 18:05:01,046 [main] INFO  base.BaseClass - Trying to find Element By {by.toString()})
2024-04-17 18:05:01,076 [main] INFO  base.BaseClass - Found Element By {by.toString()}
2024-04-17 18:05:01,622 [main] INFO  base.BaseClass - Trying to find Element By {by.toString()})
2024-04-17 18:05:01,651 [main] INFO  base.BaseClass - Found Element By {by.toString()}
2024-04-17 18:05:02,183 [main] INFO  base.BaseClass - Trying to find Element By {by.toString()})
2024-04-17 18:05:02,212 [main] INFO  base.BaseClass - Found Element By {by.toString()}
2024-04-17 18:05:02,761 [main] INFO  base.BaseClass - Trying to find Element By {by.toString()})
2024-04-17 18:05:02,790 [main] INFO  base.BaseClass - Found Element By {by.toString()}
2024-04-17 18:05:03,337 [main] INFO  base.BaseClass - Trying to find Element By {by.toString()})
2024-04-17 18:05:03,362 [main] INFO  base.BaseClass - Found Element By {by.toString()}
TimeoutException occurred: Expected condition failed: waiting for helper.WaitUtility$5@2f28710a (tried for 30 second(s) with 500 milliseconds interval)
Build info: version: '3.141.59', revision: 'e82be7d358', time: '2018-11-14T08:17:03'
System info: host: 'DPLAP166', ip: '137.237.2.236', os.name: 'Windows 10', os.arch: 'amd64', os.version: '10.0', java.version: '19.0.1'
Driver info: org.openqa.selenium.support.events.EventFiringWebDriver
Capabilities {acceptInsecureCerts: true, browserName: chrome, browserVersion: 123.0.6312.123, chrome: {chromedriverVersion: 123.0.6312.122 (31f8248cdd9..., userDataDir: C:\Users\dP-PL\AppData\Loca...}, fedcm:accounts: true, goog:chromeOptions: {debuggerAddress: localhost:51256}, javascriptEnabled: true, networkConnectionEnabled: false, pageLoadStrategy: normal, platform: WINDOWS, platformName: WINDOWS, proxy: Proxy(), setWindowRect: true, strictFileInteractability: false, timeouts: {implicit: 0, pageLoad: 300000, script: 30000}, unhandledPromptBehavior: dismiss and notify, webauthn:extension:credBlob: true, webauthn:extension:largeBlob: true, webauthn:extension:minPinLength: true, webauthn:extension:prf: true, webauthn:virtualAuthenticators: true}
Session ID: a59c4df4811f82049fe754efe723d3c1
2024-04-17 18:05:03,381 [main] ERROR RotationCopy_test - Element did not become visible within the specified time: Expected condition failed: waiting for helper.WaitUtility$5@2f28710a (tried for 30 second(s) with 500 milliseconds interval)
Build info: version: '3.141.59', revision: 'e82be7d358', time: '2018-11-14T08:17:03'
System info: host: 'DPLAP166', ip: '137.237.2.236', os.name: 'Windows 10', os.arch: 'amd64', os.version: '10.0', java.version: '19.0.1'
Driver info: org.openqa.selenium.support.events.EventFiringWebDriver
Capabilities {acceptInsecureCerts: true, browserName: chrome, browserVersion: 123.0.6312.123, chrome: {chromedriverVersion: 123.0.6312.122 (31f8248cdd9..., userDataDir: C:\Users\dP-PL\AppData\Loca...}, fedcm:accounts: true, goog:chromeOptions: {debuggerAddress: localhost:51256}, javascriptEnabled: true, networkConnectionEnabled: false, pageLoadStrategy: normal, platform: WINDOWS, platformName: WINDOWS, proxy: Proxy(), setWindowRect: true, strictFileInteractability: false, timeouts: {implicit: 0, pageLoad: 300000, script: 30000}, unhandledPromptBehavior: dismiss and notify, webauthn:extension:credBlob: true, webauthn:extension:largeBlob: true, webauthn:extension:minPinLength: true, webauthn:extension:prf: true, webauthn:virtualAuthenticators: true}
Session ID: a59c4df4811f82049fe754efe723d3c1
2024-04-17 18:05:03,381 [main] INFO  base.BaseClass - Trying to find Element By {by.toString()})
2024-04-17 18:05:03,702 [main] INFO  base.BaseClass - Found Element By {by.toString()}
2024-04-17 18:05:03,702 [main] INFO  base.BaseClass - Trying to click on: {element.toString()}
2024-04-17 18:05:03,775 [main] INFO  base.BaseClass - Clicked on: {element.toString()}
2024-04-17 18:05:03,782 [main] INFO  base.BaseClass - Trying to find Element By {by.toString()})
2024-04-17 18:05:03,794 [main] INFO  base.BaseClass - Found Element By {by.toString()}
2024-04-17 18:05:04,309 [main] INFO  base.BaseClass - Trying to find Element By {by.toString()})
2024-04-17 18:05:04,639 [main] INFO  base.BaseClass - Found Element By {by.toString()}
2024-04-17 18:05:05,169 [main] INFO  base.BaseClass - Trying to find Element By {by.toString()})
2024-04-17 18:05:05,202 [main] INFO  base.BaseClass - Found Element By {by.toString()}
2024-04-17 18:05:05,760 [main] INFO  base.BaseClass - Trying to find Element By {by.toString()})
2024-04-17 18:05:05,779 [main] INFO  base.BaseClass - Found Element By {by.toString()}
2024-04-17 18:05:06,308 [main] INFO  base.BaseClass - Trying to find Element By {by.toString()})
2024-04-17 18:05:06,341 [main] INFO  base.BaseClass - Found Element By {by.toString()}
2024-04-17 18:05:06,886 [main] INFO  base.BaseClass - Trying to find Element By {by.toString()})
2024-04-17 18:05:06,920 [main] INFO  base.BaseClass - Found Element By {by.toString()}
2024-04-17 18:05:07,466 [main] INFO  base.BaseClass - Trying to find Element By {by.toString()})
2024-04-17 18:05:07,497 [main] INFO  base.BaseClass - Found Element By {by.toString()}
2024-04-17 18:05:08,047 [main] INFO  base.BaseClass - Trying to find Element By {by.toString()})
2024-04-17 18:05:08,077 [main] INFO  base.BaseClass - Found Element By {by.toString()}
2024-04-17 18:05:08,626 [main] INFO  base.BaseClass - Trying to find Element By {by.toString()})
2024-04-17 18:05:08,638 [main] INFO  base.BaseClass - Found Element By {by.toString()}
2024-04-17 18:05:09,158 [main] INFO  base.BaseClass - Trying to find Element By {by.toString()})
2024-04-17 18:05:09,188 [main] INFO  base.BaseClass - Found Element By {by.toString()}
2024-04-17 18:05:09,750 [main] INFO  base.BaseClass - Trying to find Element By {by.toString()})
2024-04-17 18:05:09,787 [main] INFO  base.BaseClass - Found Element By {by.toString()}
2024-04-17 18:05:10,329 [main] INFO  base.BaseClass - Trying to find Element By {by.toString()})
2024-04-17 18:05:10,359 [main] INFO  base.BaseClass - Found Element By {by.toString()}
2024-04-17 18:05:10,905 [main] INFO  base.BaseClass - Trying to find Element By {by.toString()})
2024-04-17 18:05:10,935 [main] INFO  base.BaseClass - Found Element By {by.toString()}
2024-04-17 18:05:11,487 [main] INFO  base.BaseClass - Trying to find Element By {by.toString()})
2024-04-17 18:05:11,517 [main] INFO  base.BaseClass - Found Element By {by.toString()}
2024-04-17 18:05:12,068 [main] INFO  base.BaseClass - Trying to find Element By {by.toString()})
2024-04-17 18:05:12,098 [main] INFO  base.BaseClass - Found Element By {by.toString()}
2024-04-17 18:05:12,649 [main] INFO  base.BaseClass - Trying to find Element By {by.toString()})
2024-04-17 18:05:12,679 [main] INFO  base.BaseClass - Found Element By {by.toString()}
2024-04-17 18:05:13,213 [main] INFO  base.BaseClass - Trying to find Element By {by.toString()})
2024-04-17 18:05:13,243 [main] INFO  base.BaseClass - Found Element By {by.toString()}
2024-04-17 18:05:13,788 [main] INFO  base.BaseClass - Trying to find Element By {by.toString()})
2024-04-17 18:05:13,820 [main] INFO  base.BaseClass - Found Element By {by.toString()}
2024-04-17 18:05:14,367 [main] INFO  base.BaseClass - Trying to find Element By {by.toString()})
2024-04-17 18:05:14,396 [main] INFO  base.BaseClass - Found Element By {by.toString()}
2024-04-17 18:05:14,945 [main] INFO  base.BaseClass - Trying to find Element By {by.toString()})
2024-04-17 18:05:14,978 [main] INFO  base.BaseClass - Found Element By {by.toString()}
2024-04-17 18:05:15,523 [main] INFO  base.BaseClass - Trying to find Element By {by.toString()})
2024-04-17 18:05:15,553 [main] INFO  base.BaseClass - Found Element By {by.toString()}
2024-04-17 18:05:16,100 [main] INFO  base.BaseClass - Trying to find Element By {by.toString()})
2024-04-17 18:05:16,132 [main] INFO  base.BaseClass - Found Element By {by.toString()}
2024-04-17 18:05:16,680 [main] INFO  base.BaseClass - Trying to find Element By {by.toString()})
2024-04-17 18:05:16,709 [main] INFO  base.BaseClass - Found Element By {by.toString()}
2024-04-17 18:05:17,256 [main] INFO  base.BaseClass - Trying to find Element By {by.toString()})
2024-04-17 18:05:17,287 [main] INFO  base.BaseClass - Found Element By {by.toString()}
2024-04-17 18:05:17,835 [main] INFO  base.BaseClass - Trying to find Element By {by.toString()})
2024-04-17 18:05:17,864 [main] INFO  base.BaseClass - Found Element By {by.toString()}
2024-04-17 18:05:18,415 [main] INFO  base.BaseClass - Trying to find Element By {by.toString()})
2024-04-17 18:05:18,436 [main] INFO  base.BaseClass - Found Element By {by.toString()}
2024-04-17 18:05:18,963 [main] INFO  base.BaseClass - Trying to find Element By {by.toString()})
2024-04-17 18:05:18,992 [main] INFO  base.BaseClass - Found Element By {by.toString()}
2024-04-17 18:05:19,540 [main] INFO  base.BaseClass - Trying to find Element By {by.toString()})
2024-04-17 18:05:19,570 [main] INFO  base.BaseClass - Found Element By {by.toString()}
2024-04-17 18:05:20,104 [main] INFO  base.BaseClass - Trying to find Element By {by.toString()})
2024-04-17 18:05:20,133 [main] INFO  base.BaseClass - Found Element By {by.toString()}
2024-04-17 18:05:20,668 [main] INFO  base.BaseClass - Trying to find Element By {by.toString()})
2024-04-17 18:05:20,700 [main] INFO  base.BaseClass - Found Element By {by.toString()}
2024-04-17 18:05:21,250 [main] INFO  base.BaseClass - Trying to find Element By {by.toString()})
2024-04-17 18:05:21,281 [main] INFO  base.BaseClass - Found Element By {by.toString()}
2024-04-17 18:05:21,829 [main] INFO  base.BaseClass - Trying to find Element By {by.toString()})
2024-04-17 18:05:21,859 [main] INFO  base.BaseClass - Found Element By {by.toString()}
2024-04-17 18:05:22,407 [main] INFO  base.BaseClass - Trying to find Element By {by.toString()})
2024-04-17 18:05:22,436 [main] INFO  base.BaseClass - Found Element By {by.toString()}
2024-04-17 18:05:22,985 [main] INFO  base.BaseClass - Trying to find Element By {by.toString()})
2024-04-17 18:05:23,014 [main] INFO  base.BaseClass - Found Element By {by.toString()}
2024-04-17 18:05:23,550 [main] INFO  base.BaseClass - Trying to find Element By {by.toString()})
2024-04-17 18:05:23,580 [main] INFO  base.BaseClass - Found Element By {by.toString()}
2024-04-17 18:05:24,128 [main] INFO  base.BaseClass - Trying to find Element By {by.toString()})
2024-04-17 18:05:24,157 [main] INFO  base.BaseClass - Found Element By {by.toString()}
2024-04-17 18:05:24,708 [main] INFO  base.BaseClass - Trying to find Element By {by.toString()})
2024-04-17 18:05:24,738 [main] INFO  base.BaseClass - Found Element By {by.toString()}
2024-04-17 18:05:25,284 [main] INFO  base.BaseClass - Trying to find Element By {by.toString()})
2024-04-17 18:05:25,314 [main] INFO  base.BaseClass - Found Element By {by.toString()}
2024-04-17 18:05:25,860 [main] INFO  base.BaseClass - Trying to find Element By {by.toString()})
2024-04-17 18:05:25,889 [main] INFO  base.BaseClass - Found Element By {by.toString()}
2024-04-17 18:05:26,427 [main] INFO  base.BaseClass - Trying to find Element By {by.toString()})
2024-04-17 18:05:26,456 [main] INFO  base.BaseClass - Found Element By {by.toString()}
2024-04-17 18:05:27,003 [main] INFO  base.BaseClass - Trying to find Element By {by.toString()})
2024-04-17 18:05:27,032 [main] INFO  base.BaseClass - Found Element By {by.toString()}
2024-04-17 18:05:27,586 [main] INFO  base.BaseClass - Trying to find Element By {by.toString()})
2024-04-17 18:05:27,615 [main] INFO  base.BaseClass - Found Element By {by.toString()}
2024-04-17 18:05:28,166 [main] INFO  base.BaseClass - Trying to find Element By {by.toString()})
2024-04-17 18:05:28,196 [main] INFO  base.BaseClass - Found Element By {by.toString()}
2024-04-17 18:05:28,745 [main] INFO  base.BaseClass - Trying to find Element By {by.toString()})
2024-04-17 18:05:28,776 [main] INFO  base.BaseClass - Found Element By {by.toString()}
2024-04-17 18:05:29,322 [main] INFO  base.BaseClass - Trying to find Element By {by.toString()})
2024-04-17 18:05:29,351 [main] INFO  base.BaseClass - Found Element By {by.toString()}
2024-04-17 18:05:29,900 [main] INFO  base.BaseClass - Trying to find Element By {by.toString()})
2024-04-17 18:05:29,928 [main] INFO  base.BaseClass - Found Element By {by.toString()}
2024-04-17 18:05:30,448 [main] INFO  base.BaseClass - Trying to find Element By {by.toString()})
2024-04-17 18:05:30,478 [main] INFO  base.BaseClass - Found Element By {by.toString()}
2024-04-17 18:05:31,027 [main] INFO  base.BaseClass - Trying to find Element By {by.toString()})
2024-04-17 18:05:31,057 [main] INFO  base.BaseClass - Found Element By {by.toString()}
2024-04-17 18:05:31,606 [main] INFO  base.BaseClass - Trying to find Element By {by.toString()})
2024-04-17 18:05:31,636 [main] INFO  base.BaseClass - Found Element By {by.toString()}
2024-04-17 18:05:32,173 [main] INFO  base.BaseClass - Trying to find Element By {by.toString()})
2024-04-17 18:05:32,189 [main] INFO  base.BaseClass - Found Element By {by.toString()}
2024-04-17 18:05:32,717 [main] INFO  base.BaseClass - Trying to find Element By {by.toString()})
2024-04-17 18:05:32,747 [main] INFO  base.BaseClass - Found Element By {by.toString()}
2024-04-17 18:05:33,296 [main] INFO  base.BaseClass - Trying to find Element By {by.toString()})
2024-04-17 18:05:33,327 [main] INFO  base.BaseClass - Found Element By {by.toString()}
2024-04-17 18:05:33,873 [main] INFO  base.BaseClass - Trying to find Element By {by.toString()})
2024-04-17 18:05:33,905 [main] INFO  base.BaseClass - Found Element By {by.toString()}
TimeoutException occurred: Expected condition failed: waiting for helper.WaitUtility$5@289fda20 (tried for 30 second(s) with 500 milliseconds interval)
Build info: version: '3.141.59', revision: 'e82be7d358', time: '2018-11-14T08:17:03'
System info: host: 'DPLAP166', ip: '137.237.2.236', os.name: 'Windows 10', os.arch: 'amd64', os.version: '10.0', java.version: '19.0.1'
Driver info: org.openqa.selenium.support.events.EventFiringWebDriver
Capabilities {acceptInsecureCerts: true, browserName: chrome, browserVersion: 123.0.6312.123, chrome: {chromedriverVersion: 123.0.6312.122 (31f8248cdd9..., userDataDir: C:\Users\dP-PL\AppData\Loca...}, fedcm:accounts: true, goog:chromeOptions: {debuggerAddress: localhost:51256}, javascriptEnabled: true, networkConnectionEnabled: false, pageLoadStrategy: normal, platform: WINDOWS, platformName: WINDOWS, proxy: Proxy(), setWindowRect: true, strictFileInteractability: false, timeouts: {implicit: 0, pageLoad: 300000, script: 30000}, unhandledPromptBehavior: dismiss and notify, webauthn:extension:credBlob: true, webauthn:extension:largeBlob: true, webauthn:extension:minPinLength: true, webauthn:extension:prf: true, webauthn:virtualAuthenticators: true}
Session ID: a59c4df4811f82049fe754efe723d3c1
2024-04-17 18:05:33,948 [main] ERROR RotationCopy_test - Element did not become visible within the specified time: Expected condition failed: waiting for helper.WaitUtility$5@289fda20 (tried for 30 second(s) with 500 milliseconds interval)
Build info: version: '3.141.59', revision: 'e82be7d358', time: '2018-11-14T08:17:03'
System info: host: 'DPLAP166', ip: '137.237.2.236', os.name: 'Windows 10', os.arch: 'amd64', os.version: '10.0', java.version: '19.0.1'
Driver info: org.openqa.selenium.support.events.EventFiringWebDriver
Capabilities {acceptInsecureCerts: true, browserName: chrome, browserVersion: 123.0.6312.123, chrome: {chromedriverVersion: 123.0.6312.122 (31f8248cdd9..., userDataDir: C:\Users\dP-PL\AppData\Loca...}, fedcm:accounts: true, goog:chromeOptions: {debuggerAddress: localhost:51256}, javascriptEnabled: true, networkConnectionEnabled: false, pageLoadStrategy: normal, platform: WINDOWS, platformName: WINDOWS, proxy: Proxy(), setWindowRect: true, strictFileInteractability: false, timeouts: {implicit: 0, pageLoad: 300000, script: 30000}, unhandledPromptBehavior: dismiss and notify, webauthn:extension:credBlob: true, webauthn:extension:largeBlob: true, webauthn:extension:minPinLength: true, webauthn:extension:prf: true, webauthn:virtualAuthenticators: true}
Session ID: a59c4df4811f82049fe754efe723d3c1
2024-04-17 18:05:33,948 [main] INFO  base.BaseClass - Trying to find Element By {by.toString()})
2024-04-17 18:05:33,966 [main] INFO  base.BaseClass - Found Element By {by.toString()}
2024-04-17 18:05:33,966 [main] INFO  base.BaseClass - Trying to click on: {element.toString()}
2024-04-17 18:05:34,103 [main] INFO  base.BaseClass - Clicked on: {element.toString()}
2024-04-17 18:05:34,103 [main] INFO  base.BaseClass - Trying to find Element By {by.toString()})
2024-04-17 18:05:35,027 [main] INFO  base.BaseClass - Found Element By {by.toString()}
2024-04-17 18:05:35,551 [main] INFO  base.BaseClass - Trying to find Element By {by.toString()})
2024-04-17 18:05:35,568 [main] INFO  base.BaseClass - Found Element By {by.toString()}
2024-04-17 18:05:36,098 [main] INFO  base.BaseClass - Trying to find Element By {by.toString()})
2024-04-17 18:05:36,112 [main] INFO  base.BaseClass - Found Element By {by.toString()}
2024-04-17 18:05:36,633 [main] INFO  base.BaseClass - Trying to find Element By {by.toString()})
2024-04-17 18:05:36,665 [main] INFO  base.BaseClass - Found Element By {by.toString()}
2024-04-17 18:05:37,209 [main] INFO  base.BaseClass - Trying to find Element By {by.toString()})
2024-04-17 18:05:37,242 [main] INFO  base.BaseClass - Found Element By {by.toString()}
2024-04-17 18:05:37,787 [main] INFO  base.BaseClass - Trying to find Element By {by.toString()})
2024-04-17 18:05:37,818 [main] INFO  base.BaseClass - Found Element By {by.toString()}
2024-04-17 18:05:38,366 [main] INFO  base.BaseClass - Trying to find Element By {by.toString()})
2024-04-17 18:05:38,396 [main] INFO  base.BaseClass - Found Element By {by.toString()}
2024-04-17 18:05:38,942 [main] INFO  base.BaseClass - Trying to find Element By {by.toString()})
2024-04-17 18:05:38,973 [main] INFO  base.BaseClass - Found Element By {by.toString()}
2024-04-17 18:05:39,520 [main] INFO  base.BaseClass - Trying to find Element By {by.toString()})
2024-04-17 18:05:39,550 [main] INFO  base.BaseClass - Found Element By {by.toString()}
2024-04-17 18:05:40,084 [main] INFO  base.BaseClass - Trying to find Element By {by.toString()})
2024-04-17 18:05:40,093 [main] INFO  base.BaseClass - Found Element By {by.toString()}
2024-04-17 18:05:40,617 [main] INFO  base.BaseClass - Trying to find Element By {by.toString()})
2024-04-17 18:05:40,630 [main] INFO  base.BaseClass - Found Element By {by.toString()}
2024-04-17 18:05:41,147 [main] INFO  base.BaseClass - Trying to find Element By {by.toString()})
2024-04-17 18:05:41,179 [main] INFO  base.BaseClass - Found Element By {by.toString()}
2024-04-17 18:05:41,723 [main] INFO  base.BaseClass - Trying to find Element By {by.toString()})
2024-04-17 18:05:41,749 [main] INFO  base.BaseClass - Found Element By {by.toString()}
2024-04-17 18:05:42,271 [main] INFO  base.BaseClass - Trying to find Element By {by.toString()})
2024-04-17 18:05:42,295 [main] INFO  base.BaseClass - Found Element By {by.toString()}
2024-04-17 18:05:42,831 [main] INFO  base.BaseClass - Trying to find Element By {by.toString()})
2024-04-17 18:05:42,848 [main] INFO  base.BaseClass - Found Element By {by.toString()}
2024-04-17 18:05:43,373 [main] INFO  base.BaseClass - Trying to find Element By {by.toString()})
2024-04-17 18:05:43,382 [main] INFO  base.BaseClass - Found Element By {by.toString()}
2024-04-17 18:05:43,903 [main] INFO  base.BaseClass - Trying to find Element By {by.toString()})
2024-04-17 18:05:43,927 [main] INFO  base.BaseClass - Found Element By {by.toString()}
2024-04-17 18:05:44,465 [main] INFO  base.BaseClass - Trying to find Element By {by.toString()})
2024-04-17 18:05:44,503 [main] INFO  base.BaseClass - Found Element By {by.toString()}
2024-04-17 18:05:45,043 [main] INFO  base.BaseClass - Trying to find Element By {by.toString()})
2024-04-17 18:05:45,055 [main] INFO  base.BaseClass - Found Element By {by.toString()}
2024-04-17 18:05:45,573 [main] INFO  base.BaseClass - Trying to find Element By {by.toString()})
2024-04-17 18:05:45,587 [main] INFO  base.BaseClass - Found Element By {by.toString()}
2024-04-17 18:05:46,103 [main] INFO  base.BaseClass - Trying to find Element By {by.toString()})
2024-04-17 18:05:46,130 [main] INFO  base.BaseClass - Found Element By {by.toString()}
2024-04-17 18:05:46,661 [main] INFO  base.BaseClass - Trying to find Element By {by.toString()})
2024-04-17 18:05:46,674 [main] INFO  base.BaseClass - Found Element By {by.toString()}
2024-04-17 18:05:47,194 [main] INFO  base.BaseClass - Trying to find Element By {by.toString()})
2024-04-17 18:05:47,230 [main] INFO  base.BaseClass - Found Element By {by.toString()}
2024-04-17 18:05:47,764 [main] INFO  base.BaseClass - Trying to find Element By {by.toString()})
2024-04-17 18:05:47,776 [main] INFO  base.BaseClass - Found Element By {by.toString()}
2024-04-17 18:05:48,310 [main] INFO  base.BaseClass - Trying to find Element By {by.toString()})
2024-04-17 18:05:48,320 [main] INFO  base.BaseClass - Found Element By {by.toString()}
2024-04-17 18:05:48,843 [main] INFO  base.BaseClass - Trying to find Element By {by.toString()})
2024-04-17 18:05:48,852 [main] INFO  base.BaseClass - Found Element By {by.toString()}
2024-04-17 18:05:49,372 [main] INFO  base.BaseClass - Trying to find Element By {by.toString()})
2024-04-17 18:05:49,383 [main] INFO  base.BaseClass - Found Element By {by.toString()}
2024-04-17 18:05:49,899 [main] INFO  base.BaseClass - Trying to find Element By {by.toString()})
2024-04-17 18:05:49,926 [main] INFO  base.BaseClass - Found Element By {by.toString()}
2024-04-17 18:05:50,456 [main] INFO  base.BaseClass - Trying to find Element By {by.toString()})
2024-04-17 18:05:50,466 [main] INFO  base.BaseClass - Found Element By {by.toString()}
2024-04-17 18:05:50,989 [main] INFO  base.BaseClass - Trying to find Element By {by.toString()})
2024-04-17 18:05:50,998 [main] INFO  base.BaseClass - Found Element By {by.toString()}
2024-04-17 18:05:51,528 [main] INFO  base.BaseClass - Trying to find Element By {by.toString()})
2024-04-17 18:05:51,544 [main] INFO  base.BaseClass - Found Element By {by.toString()}
2024-04-17 18:05:52,075 [main] INFO  base.BaseClass - Trying to find Element By {by.toString()})
2024-04-17 18:05:52,105 [main] INFO  base.BaseClass - Found Element By {by.toString()}
2024-04-17 18:05:52,652 [main] INFO  base.BaseClass - Trying to find Element By {by.toString()})
2024-04-17 18:05:52,686 [main] INFO  base.BaseClass - Found Element By {by.toString()}
2024-04-17 18:05:53,224 [main] INFO  base.BaseClass - Trying to find Element By {by.toString()})
2024-04-17 18:05:53,258 [main] INFO  base.BaseClass - Found Element By {by.toString()}
2024-04-17 18:05:53,785 [main] INFO  base.BaseClass - Trying to find Element By {by.toString()})
2024-04-17 18:05:53,817 [main] INFO  base.BaseClass - Found Element By {by.toString()}
2024-04-17 18:05:54,350 [main] INFO  base.BaseClass - Trying to find Element By {by.toString()})
2024-04-17 18:05:54,384 [main] INFO  base.BaseClass - Found Element By {by.toString()}
2024-04-17 18:05:54,930 [main] INFO  base.BaseClass - Trying to find Element By {by.toString()})
2024-04-17 18:05:54,960 [main] INFO  base.BaseClass - Found Element By {by.toString()}
2024-04-17 18:05:55,494 [main] INFO  base.BaseClass - Trying to find Element By {by.toString()})
2024-04-17 18:05:55,524 [main] INFO  base.BaseClass - Found Element By {by.toString()}
2024-04-17 18:05:56,073 [main] INFO  base.BaseClass - Trying to find Element By {by.toString()})
2024-04-17 18:05:56,104 [main] INFO  base.BaseClass - Found Element By {by.toString()}
2024-04-17 18:05:56,649 [main] INFO  base.BaseClass - Trying to find Element By {by.toString()})
2024-04-17 18:05:56,681 [main] INFO  base.BaseClass - Found Element By {by.toString()}
2024-04-17 18:05:57,226 [main] INFO  base.BaseClass - Trying to find Element By {by.toString()})
2024-04-17 18:05:57,254 [main] INFO  base.BaseClass - Found Element By {by.toString()}
2024-04-17 18:05:57,799 [main] INFO  base.BaseClass - Trying to find Element By {by.toString()})
2024-04-17 18:05:57,830 [main] INFO  base.BaseClass - Found Element By {by.toString()}
2024-04-17 18:05:58,375 [main] INFO  base.BaseClass - Trying to find Element By {by.toString()})
2024-04-17 18:05:58,389 [main] INFO  base.BaseClass - Found Element By {by.toString()}
2024-04-17 18:05:58,922 [main] INFO  base.BaseClass - Trying to find Element By {by.toString()})
2024-04-17 18:05:58,937 [main] INFO  base.BaseClass - Found Element By {by.toString()}
2024-04-17 18:05:59,464 [main] INFO  base.BaseClass - Trying to find Element By {by.toString()})
2024-04-17 18:05:59,550 [main] INFO  base.BaseClass - Found Element By {by.toString()}
2024-04-17 18:06:00,088 [main] INFO  base.BaseClass - Trying to find Element By {by.toString()})
2024-04-17 18:06:00,101 [main] INFO  base.BaseClass - Found Element By {by.toString()}
2024-04-17 18:06:00,634 [main] INFO  base.BaseClass - Trying to find Element By {by.toString()})
2024-04-17 18:06:00,670 [main] INFO  base.BaseClass - Found Element By {by.toString()}
2024-04-17 18:06:01,229 [main] INFO  base.BaseClass - Trying to find Element By {by.toString()})
2024-04-17 18:06:01,265 [main] INFO  base.BaseClass - Found Element By {by.toString()}
2024-04-17 18:06:01,819 [main] INFO  base.BaseClass - Trying to find Element By {by.toString()})
2024-04-17 18:06:01,850 [main] INFO  base.BaseClass - Found Element By {by.toString()}
2024-04-17 18:06:02,396 [main] INFO  base.BaseClass - Trying to find Element By {by.toString()})
2024-04-17 18:06:02,428 [main] INFO  base.BaseClass - Found Element By {by.toString()}
2024-04-17 18:06:02,976 [main] INFO  base.BaseClass - Trying to find Element By {by.toString()})
2024-04-17 18:06:03,008 [main] INFO  base.BaseClass - Found Element By {by.toString()}
2024-04-17 18:06:03,552 [main] INFO  base.BaseClass - Trying to find Element By {by.toString()})
2024-04-17 18:06:03,587 [main] INFO  base.BaseClass - Found Element By {by.toString()}
2024-04-17 18:06:04,143 [main] INFO  base.BaseClass - Trying to find Element By {by.toString()})
2024-04-17 18:06:04,179 [main] INFO  base.BaseClass - Found Element By {by.toString()}
TimeoutException occurred: Expected condition failed: waiting for helper.WaitUtility$5@7e843b26 (tried for 30 second(s) with 500 milliseconds interval)
Build info: version: '3.141.59', revision: 'e82be7d358', time: '2018-11-14T08:17:03'
System info: host: 'DPLAP166', ip: '137.237.2.236', os.name: 'Windows 10', os.arch: 'amd64', os.version: '10.0', java.version: '19.0.1'
Driver info: org.openqa.selenium.support.events.EventFiringWebDriver
Capabilities {acceptInsecureCerts: true, browserName: chrome, browserVersion: 123.0.6312.123, chrome: {chromedriverVersion: 123.0.6312.122 (31f8248cdd9..., userDataDir: C:\Users\dP-PL\AppData\Loca...}, fedcm:accounts: true, goog:chromeOptions: {debuggerAddress: localhost:51256}, javascriptEnabled: true, networkConnectionEnabled: false, pageLoadStrategy: normal, platform: WINDOWS, platformName: WINDOWS, proxy: Proxy(), setWindowRect: true, strictFileInteractability: false, timeouts: {implicit: 0, pageLoad: 300000, script: 30000}, unhandledPromptBehavior: dismiss and notify, webauthn:extension:credBlob: true, webauthn:extension:largeBlob: true, webauthn:extension:minPinLength: true, webauthn:extension:prf: true, webauthn:virtualAuthenticators: true}
Session ID: a59c4df4811f82049fe754efe723d3c1
2024-04-17 18:06:04,227 [main] ERROR RotationCopy_test - Element did not become visible within the specified time: Expected condition failed: waiting for helper.WaitUtility$5@7e843b26 (tried for 30 second(s) with 500 milliseconds interval)
Build info: version: '3.141.59', revision: 'e82be7d358', time: '2018-11-14T08:17:03'
System info: host: 'DPLAP166', ip: '137.237.2.236', os.name: 'Windows 10', os.arch: 'amd64', os.version: '10.0', java.version: '19.0.1'
Driver info: org.openqa.selenium.support.events.EventFiringWebDriver
Capabilities {acceptInsecureCerts: true, browserName: chrome, browserVersion: 123.0.6312.123, chrome: {chromedriverVersion: 123.0.6312.122 (31f8248cdd9..., userDataDir: C:\Users\dP-PL\AppData\Loca...}, fedcm:accounts: true, goog:chromeOptions: {debuggerAddress: localhost:51256}, javascriptEnabled: true, networkConnectionEnabled: false, pageLoadStrategy: normal, platform: WINDOWS, platformName: WINDOWS, proxy: Proxy(), setWindowRect: true, strictFileInteractability: false, timeouts: {implicit: 0, pageLoad: 300000, script: 30000}, unhandledPromptBehavior: dismiss and notify, webauthn:extension:credBlob: true, webauthn:extension:largeBlob: true, webauthn:extension:minPinLength: true, webauthn:extension:prf: true, webauthn:virtualAuthenticators: true}
Session ID: a59c4df4811f82049fe754efe723d3c1
2024-04-17 18:06:04,227 [main] INFO  base.BaseClass - Trying to find Element By {by.toString()})
2024-04-17 18:06:04,250 [main] INFO  base.BaseClass - Found Element By {by.toString()}
2024-04-17 18:06:04,251 [main] INFO  base.BaseClass - Trying to click on: {element.toString()}
2024-04-17 18:06:04,354 [main] INFO  base.BaseClass - Clicked on: {element.toString()}
2024-04-17 18:06:04,354 [main] INFO  base.BaseClass - Trying to find Element By {by.toString()})
2024-04-17 18:06:04,375 [main] INFO  base.BaseClass - Found Element By {by.toString()}
2024-04-17 18:06:04,910 [main] INFO  base.BaseClass - Trying to find Element By {by.toString()})
2024-04-17 18:06:04,944 [main] INFO  base.BaseClass - Found Element By {by.toString()}
2024-04-17 18:06:05,486 [main] INFO  base.BaseClass - Trying to find Element By {by.toString()})
2024-04-17 18:06:05,516 [main] INFO  base.BaseClass - Found Element By {by.toString()}
2024-04-17 18:06:06,068 [main] INFO  base.BaseClass - Trying to find Element By {by.toString()})
2024-04-17 18:06:06,102 [main] INFO  base.BaseClass - Found Element By {by.toString()}
2024-04-17 18:06:06,647 [main] INFO  base.BaseClass - Trying to find Element By {by.toString()})
2024-04-17 18:06:06,682 [main] INFO  base.BaseClass - Found Element By {by.toString()}
2024-04-17 18:06:07,241 [main] INFO  base.BaseClass - Trying to find Element By {by.toString()})
2024-04-17 18:06:07,261 [main] INFO  base.BaseClass - Found Element By {by.toString()}
2024-04-17 18:06:07,801 [main] INFO  base.BaseClass - Trying to find Element By {by.toString()})
2024-04-17 18:06:07,830 [main] INFO  base.BaseClass - Found Element By {by.toString()}
2024-04-17 18:06:08,376 [main] INFO  base.BaseClass - Trying to find Element By {by.toString()})
2024-04-17 18:06:08,406 [main] INFO  base.BaseClass - Found Element By {by.toString()}
2024-04-17 18:06:08,956 [main] INFO  base.BaseClass - Trying to find Element By {by.toString()})
2024-04-17 18:06:08,987 [main] INFO  base.BaseClass - Found Element By {by.toString()}
2024-04-17 18:06:09,517 [main] INFO  base.BaseClass - Trying to find Element By {by.toString()})
2024-04-17 18:06:09,545 [main] INFO  base.BaseClass - Found Element By {by.toString()}
2024-04-17 18:06:10,079 [main] INFO  base.BaseClass - Trying to find Element By {by.toString()})
2024-04-17 18:06:10,093 [main] INFO  base.BaseClass - Found Element By {by.toString()}
2024-04-17 18:06:10,610 [main] INFO  base.BaseClass - Trying to find Element By {by.toString()})
2024-04-17 18:06:10,647 [main] INFO  base.BaseClass - Found Element By {by.toString()}
2024-04-17 18:06:11,186 [main] INFO  base.BaseClass - Trying to find Element By {by.toString()})
2024-04-17 18:06:11,218 [main] INFO  base.BaseClass - Found Element By {by.toString()}
2024-04-17 18:06:11,764 [main] INFO  base.BaseClass - Trying to find Element By {by.toString()})
2024-04-17 18:06:11,786 [main] INFO  base.BaseClass - Found Element By {by.toString()}
2024-04-17 18:06:12,325 [main] INFO  base.BaseClass - Trying to find Element By {by.toString()})
2024-04-17 18:06:12,347 [main] INFO  base.BaseClass - Found Element By {by.toString()}
2024-04-17 18:06:12,888 [main] INFO  base.BaseClass - Trying to find Element By {by.toString()})
2024-04-17 18:06:12,901 [main] INFO  base.BaseClass - Found Element By {by.toString()}
2024-04-17 18:06:13,432 [main] INFO  base.BaseClass - Trying to find Element By {by.toString()})
2024-04-17 18:06:13,524 [main] INFO  base.BaseClass - Found Element By {by.toString()}
2024-04-17 18:06:14,059 [main] INFO  base.BaseClass - Trying to find Element By {by.toString()})
2024-04-17 18:06:14,086 [main] INFO  base.BaseClass - Found Element By {by.toString()}
2024-04-17 18:06:14,622 [main] INFO  base.BaseClass - Trying to find Element By {by.toString()})
2024-04-17 18:06:14,652 [main] INFO  base.BaseClass - Found Element By {by.toString()}
2024-04-17 18:06:15,205 [main] INFO  base.BaseClass - Trying to find Element By {by.toString()})
2024-04-17 18:06:15,219 [main] INFO  base.BaseClass - Found Element By {by.toString()}
2024-04-17 18:06:15,750 [main] INFO  base.BaseClass - Trying to find Element By {by.toString()})
2024-04-17 18:06:15,785 [main] INFO  base.BaseClass - Found Element By {by.toString()}
2024-04-17 18:06:16,344 [main] INFO  base.BaseClass - Trying to find Element By {by.toString()})
2024-04-17 18:06:16,374 [main] INFO  base.BaseClass - Found Element By {by.toString()}
2024-04-17 18:06:16,921 [main] INFO  base.BaseClass - Trying to find Element By {by.toString()})
2024-04-17 18:06:16,951 [main] INFO  base.BaseClass - Found Element By {by.toString()}
2024-04-17 18:06:17,498 [main] INFO  base.BaseClass - Trying to find Element By {by.toString()})
2024-04-17 18:06:17,531 [main] INFO  base.BaseClass - Found Element By {by.toString()}
2024-04-17 18:06:18,072 [main] INFO  base.BaseClass - Trying to find Element By {by.toString()})
2024-04-17 18:06:18,108 [main] INFO  base.BaseClass - Found Element By {by.toString()}
2024-04-17 18:06:18,660 [main] INFO  base.BaseClass - Trying to find Element By {by.toString()})
2024-04-17 18:06:18,696 [main] INFO  base.BaseClass - Found Element By {by.toString()}
2024-04-17 18:06:19,237 [main] INFO  base.BaseClass - Trying to find Element By {by.toString()})
2024-04-17 18:06:19,275 [main] INFO  base.BaseClass - Found Element By {by.toString()}
2024-04-17 18:06:19,816 [main] INFO  base.BaseClass - Trying to find Element By {by.toString()})
2024-04-17 18:06:19,852 [main] INFO  base.BaseClass - Found Element By {by.toString()}
2024-04-17 18:06:20,397 [main] INFO  base.BaseClass - Trying to find Element By {by.toString()})
2024-04-17 18:06:20,424 [main] INFO  base.BaseClass - Found Element By {by.toString()}
2024-04-17 18:06:20,963 [main] INFO  base.BaseClass - Trying to find Element By {by.toString()})
2024-04-17 18:06:20,996 [main] INFO  base.BaseClass - Found Element By {by.toString()}
2024-04-17 18:06:21,544 [main] INFO  base.BaseClass - Trying to find Element By {by.toString()})
2024-04-17 18:06:21,567 [main] INFO  base.BaseClass - Found Element By {by.toString()}
2024-04-17 18:06:22,106 [main] INFO  base.BaseClass - Trying to find Element By {by.toString()})
2024-04-17 18:06:22,140 [main] INFO  base.BaseClass - Found Element By {by.toString()}
2024-04-17 18:06:22,687 [main] INFO  base.BaseClass - Trying to find Element By {by.toString()})
2024-04-17 18:06:22,705 [main] INFO  base.BaseClass - Found Element By {by.toString()}
2024-04-17 18:06:23,232 [main] INFO  base.BaseClass - Trying to find Element By {by.toString()})
2024-04-17 18:06:23,248 [main] INFO  base.BaseClass - Found Element By {by.toString()}
2024-04-17 18:06:23,778 [main] INFO  base.BaseClass - Trying to find Element By {by.toString()})
2024-04-17 18:06:23,806 [main] INFO  base.BaseClass - Found Element By {by.toString()}
2024-04-17 18:06:24,358 [main] INFO  base.BaseClass - Trying to find Element By {by.toString()})
2024-04-17 18:06:24,376 [main] INFO  base.BaseClass - Found Element By {by.toString()}
2024-04-17 18:06:24,907 [main] INFO  base.BaseClass - Trying to find Element By {by.toString()})
2024-04-17 18:06:24,933 [main] INFO  base.BaseClass - Found Element By {by.toString()}
2024-04-17 18:06:25,459 [main] INFO  base.BaseClass - Trying to find Element By {by.toString()})
2024-04-17 18:06:25,474 [main] INFO  base.BaseClass - Found Element By {by.toString()}
2024-04-17 18:06:26,009 [main] INFO  base.BaseClass - Trying to find Element By {by.toString()})
2024-04-17 18:06:26,047 [main] INFO  base.BaseClass - Found Element By {by.toString()}
2024-04-17 18:06:26,588 [main] INFO  base.BaseClass - Trying to find Element By {by.toString()})
2024-04-17 18:06:26,610 [main] INFO  base.BaseClass - Found Element By {by.toString()}
2024-04-17 18:06:27,153 [main] INFO  base.BaseClass - Trying to find Element By {by.toString()})
2024-04-17 18:06:27,172 [main] INFO  base.BaseClass - Found Element By {by.toString()}
2024-04-17 18:06:27,697 [main] INFO  base.BaseClass - Trying to find Element By {by.toString()})
2024-04-17 18:06:27,775 [main] INFO  base.BaseClass - Found Element By {by.toString()}
2024-04-17 18:06:28,305 [main] INFO  base.BaseClass - Trying to find Element By {by.toString()})
2024-04-17 18:06:28,340 [main] INFO  base.BaseClass - Found Element By {by.toString()}
2024-04-17 18:06:28,900 [main] INFO  base.BaseClass - Trying to find Element By {by.toString()})
2024-04-17 18:06:28,936 [main] INFO  base.BaseClass - Found Element By {by.toString()}
2024-04-17 18:06:29,492 [main] INFO  base.BaseClass - Trying to find Element By {by.toString()})
2024-04-17 18:06:29,517 [main] INFO  base.BaseClass - Found Element By {by.toString()}
2024-04-17 18:06:30,055 [main] INFO  base.BaseClass - Trying to find Element By {by.toString()})
2024-04-17 18:06:30,072 [main] INFO  base.BaseClass - Found Element By {by.toString()}
2024-04-17 18:06:30,602 [main] INFO  base.BaseClass - Trying to find Element By {by.toString()})
2024-04-17 18:06:30,625 [main] INFO  base.BaseClass - Found Element By {by.toString()}
2024-04-17 18:06:31,179 [main] INFO  base.BaseClass - Trying to find Element By {by.toString()})
2024-04-17 18:06:31,212 [main] INFO  base.BaseClass - Found Element By {by.toString()}
2024-04-17 18:06:31,756 [main] INFO  base.BaseClass - Trying to find Element By {by.toString()})
2024-04-17 18:06:31,785 [main] INFO  base.BaseClass - Found Element By {by.toString()}
2024-04-17 18:06:32,336 [main] INFO  base.BaseClass - Trying to find Element By {by.toString()})
2024-04-17 18:06:32,366 [main] INFO  base.BaseClass - Found Element By {by.toString()}
2024-04-17 18:06:32,909 [main] INFO  base.BaseClass - Trying to find Element By {by.toString()})
2024-04-17 18:06:32,925 [main] INFO  base.BaseClass - Found Element By {by.toString()}
2024-04-17 18:06:33,459 [main] INFO  base.BaseClass - Trying to find Element By {by.toString()})
2024-04-17 18:06:33,476 [main] INFO  base.BaseClass - Found Element By {by.toString()}
2024-04-17 18:06:34,023 [main] INFO  base.BaseClass - Trying to find Element By {by.toString()})
2024-04-17 18:06:34,038 [main] INFO  base.BaseClass - Found Element By {by.toString()}
2024-04-17 18:06:34,559 [main] INFO  base.BaseClass - Trying to find Element By {by.toString()})
2024-04-17 18:06:34,592 [main] INFO  base.BaseClass - Found Element By {by.toString()}
TimeoutException occurred: Expected condition failed: waiting for helper.WaitUtility$5@5ebaad5e (tried for 30 second(s) with 500 milliseconds interval)
Build info: version: '3.141.59', revision: 'e82be7d358', time: '2018-11-14T08:17:03'
System info: host: 'DPLAP166', ip: '137.237.2.236', os.name: 'Windows 10', os.arch: 'amd64', os.version: '10.0', java.version: '19.0.1'
Driver info: org.openqa.selenium.support.events.EventFiringWebDriver
Capabilities {acceptInsecureCerts: true, browserName: chrome, browserVersion: 123.0.6312.123, chrome: {chromedriverVersion: 123.0.6312.122 (31f8248cdd9..., userDataDir: C:\Users\dP-PL\AppData\Loca...}, fedcm:accounts: true, goog:chromeOptions: {debuggerAddress: localhost:51256}, javascriptEnabled: true, networkConnectionEnabled: false, pageLoadStrategy: normal, platform: WINDOWS, platformName: WINDOWS, proxy: Proxy(), setWindowRect: true, strictFileInteractability: false, timeouts: {implicit: 0, pageLoad: 300000, script: 30000}, unhandledPromptBehavior: dismiss and notify, webauthn:extension:credBlob: true, webauthn:extension:largeBlob: true, webauthn:extension:minPinLength: true, webauthn:extension:prf: true, webauthn:virtualAuthenticators: true}
Session ID: a59c4df4811f82049fe754efe723d3c1
2024-04-17 18:06:34,636 [main] ERROR RotationCopy_test - Element did not become visible within the specified time: Expected condition failed: waiting for helper.WaitUtility$5@5ebaad5e (tried for 30 second(s) with 500 milliseconds interval)
Build info: version: '3.141.59', revision: 'e82be7d358', time: '2018-11-14T08:17:03'
System info: host: 'DPLAP166', ip: '137.237.2.236', os.name: 'Windows 10', os.arch: 'amd64', os.version: '10.0', java.version: '19.0.1'
Driver info: org.openqa.selenium.support.events.EventFiringWebDriver
Capabilities {acceptInsecureCerts: true, browserName: chrome, browserVersion: 123.0.6312.123, chrome: {chromedriverVersion: 123.0.6312.122 (31f8248cdd9..., userDataDir: C:\Users\dP-PL\AppData\Loca...}, fedcm:accounts: true, goog:chromeOptions: {debuggerAddress: localhost:51256}, javascriptEnabled: true, networkConnectionEnabled: false, pageLoadStrategy: normal, platform: WINDOWS, platformName: WINDOWS, proxy: Proxy(), setWindowRect: true, strictFileInteractability: false, timeouts: {implicit: 0, pageLoad: 300000, script: 30000}, unhandledPromptBehavior: dismiss and notify, webauthn:extension:credBlob: true, webauthn:extension:largeBlob: true, webauthn:extension:minPinLength: true, webauthn:extension:prf: true, webauthn:virtualAuthenticators: true}
Session ID: a59c4df4811f82049fe754efe723d3c1
2024-04-17 18:06:34,636 [main] INFO  base.BaseClass - Trying to find Element By {by.toString()})
2024-04-17 18:06:34,668 [main] INFO  base.BaseClass - Found Element By {by.toString()}
2024-04-17 18:06:34,668 [main] INFO  base.BaseClass - Trying to click on: {element.toString()}
2024-04-17 18:06:34,853 [main] INFO  base.BaseClass - Clicked on: {element.toString()}
2024-04-17 18:06:34,860 [main] INFO  base.BaseClass - Trying to find Element By {by.toString()})
2024-04-17 18:06:34,881 [main] INFO  base.BaseClass - Found Element By {by.toString()}
2024-04-17 18:06:35,402 [main] INFO  base.BaseClass - Trying to find Element By {by.toString()})
2024-04-17 18:06:35,442 [main] INFO  base.BaseClass - Found Element By {by.toString()}
2024-04-17 18:06:35,994 [main] INFO  base.BaseClass - Trying to find Element By {by.toString()})
2024-04-17 18:06:36,028 [main] INFO  base.BaseClass - Found Element By {by.toString()}
2024-04-17 18:06:36,572 [main] INFO  base.BaseClass - Trying to find Element By {by.toString()})
2024-04-17 18:06:36,603 [main] INFO  base.BaseClass - Found Element By {by.toString()}
2024-04-17 18:06:37,165 [main] INFO  base.BaseClass - Trying to find Element By {by.toString()})
2024-04-17 18:06:37,191 [main] INFO  base.BaseClass - Found Element By {by.toString()}
2024-04-17 18:06:37,727 [main] INFO  base.BaseClass - Trying to find Element By {by.toString()})
2024-04-17 18:06:37,757 [main] INFO  base.BaseClass - Found Element By {by.toString()}
2024-04-17 18:06:38,306 [main] INFO  base.BaseClass - Trying to find Element By {by.toString()})
2024-04-17 18:06:38,334 [main] INFO  base.BaseClass - Found Element By {by.toString()}
2024-04-17 18:06:38,883 [main] INFO  base.BaseClass - Trying to find Element By {by.toString()})
2024-04-17 18:06:38,914 [main] INFO  base.BaseClass - Found Element By {by.toString()}
2024-04-17 18:06:39,460 [main] INFO  base.BaseClass - Trying to find Element By {by.toString()})
2024-04-17 18:06:39,488 [main] INFO  base.BaseClass - Found Element By {by.toString()}
2024-04-17 18:06:40,035 [main] INFO  base.BaseClass - Trying to find Element By {by.toString()})
2024-04-17 18:06:40,066 [main] INFO  base.BaseClass - Found Element By {by.toString()}
2024-04-17 18:06:40,600 [main] INFO  base.BaseClass - Trying to find Element By {by.toString()})
2024-04-17 18:06:40,629 [main] INFO  base.BaseClass - Found Element By {by.toString()}
2024-04-17 18:06:41,178 [main] INFO  base.BaseClass - Trying to find Element By {by.toString()})
2024-04-17 18:06:41,207 [main] INFO  base.BaseClass - Found Element By {by.toString()}
2024-04-17 18:06:41,755 [main] INFO  base.BaseClass - Trying to find Element By {by.toString()})
2024-04-17 18:06:41,781 [main] INFO  base.BaseClass - Found Element By {by.toString()}
2024-04-17 18:06:42,319 [main] INFO  base.BaseClass - Trying to find Element By {by.toString()})
2024-04-17 18:06:42,344 [main] INFO  base.BaseClass - Found Element By {by.toString()}
2024-04-17 18:06:42,880 [main] INFO  base.BaseClass - Trying to find Element By {by.toString()})
2024-04-17 18:06:42,908 [main] INFO  base.BaseClass - Found Element By {by.toString()}
2024-04-17 18:06:43,473 [main] INFO  base.BaseClass - Trying to find Element By {by.toString()})
2024-04-17 18:06:43,502 [main] INFO  base.BaseClass - Found Element By {by.toString()}
2024-04-17 18:06:44,055 [main] INFO  base.BaseClass - Trying to find Element By {by.toString()})
2024-04-17 18:06:44,083 [main] INFO  base.BaseClass - Found Element By {by.toString()}
2024-04-17 18:06:44,616 [main] INFO  base.BaseClass - Trying to find Element By {by.toString()})
2024-04-17 18:06:44,645 [main] INFO  base.BaseClass - Found Element By {by.toString()}
2024-04-17 18:06:45,194 [main] INFO  base.BaseClass - Trying to find Element By {by.toString()})
2024-04-17 18:06:45,223 [main] INFO  base.BaseClass - Found Element By {by.toString()}
2024-04-17 18:06:45,771 [main] INFO  base.BaseClass - Trying to find Element By {by.toString()})
2024-04-17 18:06:45,798 [main] INFO  base.BaseClass - Found Element By {by.toString()}
2024-04-17 18:06:46,352 [main] INFO  base.BaseClass - Trying to find Element By {by.toString()})
2024-04-17 18:06:46,381 [main] INFO  base.BaseClass - Found Element By {by.toString()}
2024-04-17 18:06:46,933 [main] INFO  base.BaseClass - Trying to find Element By {by.toString()})
2024-04-17 18:06:46,963 [main] INFO  base.BaseClass - Found Element By {by.toString()}
2024-04-17 18:06:47,510 [main] INFO  base.BaseClass - Trying to find Element By {by.toString()})
2024-04-17 18:06:47,529 [main] INFO  base.BaseClass - Found Element By {by.toString()}
2024-04-17 18:06:48,056 [main] INFO  base.BaseClass - Trying to find Element By {by.toString()})
2024-04-17 18:06:48,083 [main] INFO  base.BaseClass - Found Element By {by.toString()}
2024-04-17 18:06:48,619 [main] INFO  base.BaseClass - Trying to find Element By {by.toString()})
2024-04-17 18:06:48,647 [main] INFO  base.BaseClass - Found Element By {by.toString()}
2024-04-17 18:06:49,199 [main] INFO  base.BaseClass - Trying to find Element By {by.toString()})
2024-04-17 18:06:49,227 [main] INFO  base.BaseClass - Found Element By {by.toString()}
2024-04-17 18:06:49,775 [main] INFO  base.BaseClass - Trying to find Element By {by.toString()})
2024-04-17 18:06:49,804 [main] INFO  base.BaseClass - Found Element By {by.toString()}
2024-04-17 18:06:50,354 [main] INFO  base.BaseClass - Trying to find Element By {by.toString()})
2024-04-17 18:06:50,382 [main] INFO  base.BaseClass - Found Element By {by.toString()}
2024-04-17 18:06:50,919 [main] INFO  base.BaseClass - Trying to find Element By {by.toString()})
2024-04-17 18:06:50,947 [main] INFO  base.BaseClass - Found Element By {by.toString()}
2024-04-17 18:06:51,501 [main] INFO  base.BaseClass - Trying to find Element By {by.toString()})
2024-04-17 18:06:51,529 [main] INFO  base.BaseClass - Found Element By {by.toString()}
2024-04-17 18:06:52,078 [main] INFO  base.BaseClass - Trying to find Element By {by.toString()})
2024-04-17 18:06:52,107 [main] INFO  base.BaseClass - Found Element By {by.toString()}
2024-04-17 18:06:52,655 [main] INFO  base.BaseClass - Trying to find Element By {by.toString()})
2024-04-17 18:06:52,669 [main] INFO  base.BaseClass - Found Element By {by.toString()}
2024-04-17 18:06:53,205 [main] INFO  base.BaseClass - Trying to find Element By {by.toString()})
2024-04-17 18:06:53,229 [main] INFO  base.BaseClass - Found Element By {by.toString()}
2024-04-17 18:06:53,769 [main] INFO  base.BaseClass - Trying to find Element By {by.toString()})
2024-04-17 18:06:53,796 [main] INFO  base.BaseClass - Found Element By {by.toString()}
2024-04-17 18:06:54,345 [main] INFO  base.BaseClass - Trying to find Element By {by.toString()})
2024-04-17 18:06:54,377 [main] INFO  base.BaseClass - Found Element By {by.toString()}
2024-04-17 18:06:54,907 [main] INFO  base.BaseClass - Trying to find Element By {by.toString()})
2024-04-17 18:06:54,935 [main] INFO  base.BaseClass - Found Element By {by.toString()}
2024-04-17 18:06:55,483 [main] INFO  base.BaseClass - Trying to find Element By {by.toString()})
2024-04-17 18:06:55,508 [main] INFO  base.BaseClass - Found Element By {by.toString()}
2024-04-17 18:06:56,045 [main] INFO  base.BaseClass - Trying to find Element By {by.toString()})
2024-04-17 18:06:56,063 [main] INFO  base.BaseClass - Found Element By {by.toString()}
2024-04-17 18:06:56,608 [main] INFO  base.BaseClass - Trying to find Element By {by.toString()})
2024-04-17 18:06:56,636 [main] INFO  base.BaseClass - Found Element By {by.toString()}
2024-04-17 18:06:57,186 [main] INFO  base.BaseClass - Trying to find Element By {by.toString()})
2024-04-17 18:06:57,207 [main] INFO  base.BaseClass - Found Element By {by.toString()}
2024-04-17 18:06:57,746 [main] INFO  base.BaseClass - Trying to find Element By {by.toString()})
2024-04-17 18:06:57,774 [main] INFO  base.BaseClass - Found Element By {by.toString()}
2024-04-17 18:06:58,323 [main] INFO  base.BaseClass - Trying to find Element By {by.toString()})
2024-04-17 18:06:58,348 [main] INFO  base.BaseClass - Found Element By {by.toString()}
2024-04-17 18:06:58,889 [main] INFO  base.BaseClass - Trying to find Element By {by.toString()})
2024-04-17 18:06:58,916 [main] INFO  base.BaseClass - Found Element By {by.toString()}
2024-04-17 18:06:59,464 [main] INFO  base.BaseClass - Trying to find Element By {by.toString()})
2024-04-17 18:06:59,487 [main] INFO  base.BaseClass - Found Element By {by.toString()}
2024-04-17 18:07:00,009 [main] INFO  base.BaseClass - Trying to find Element By {by.toString()})
2024-04-17 18:07:00,033 [main] INFO  base.BaseClass - Found Element By {by.toString()}
2024-04-17 18:07:00,571 [main] INFO  base.BaseClass - Trying to find Element By {by.toString()})
2024-04-17 18:07:00,600 [main] INFO  base.BaseClass - Found Element By {by.toString()}
2024-04-17 18:07:01,133 [main] INFO  base.BaseClass - Trying to find Element By {by.toString()})
2024-04-17 18:07:01,164 [main] INFO  base.BaseClass - Found Element By {by.toString()}
2024-04-17 18:07:01,709 [main] INFO  base.BaseClass - Trying to find Element By {by.toString()})
2024-04-17 18:07:01,743 [main] INFO  base.BaseClass - Found Element By {by.toString()}
2024-04-17 18:07:02,292 [main] INFO  base.BaseClass - Trying to find Element By {by.toString()})
2024-04-17 18:07:02,322 [main] INFO  base.BaseClass - Found Element By {by.toString()}
2024-04-17 18:07:02,871 [main] INFO  base.BaseClass - Trying to find Element By {by.toString()})
2024-04-17 18:07:02,899 [main] INFO  base.BaseClass - Found Element By {by.toString()}
2024-04-17 18:07:03,450 [main] INFO  base.BaseClass - Trying to find Element By {by.toString()})
2024-04-17 18:07:03,478 [main] INFO  base.BaseClass - Found Element By {by.toString()}
2024-04-17 18:07:04,026 [main] INFO  base.BaseClass - Trying to find Element By {by.toString()})
2024-04-17 18:07:04,042 [main] INFO  base.BaseClass - Found Element By {by.toString()}
2024-04-17 18:07:04,570 [main] INFO  base.BaseClass - Trying to find Element By {by.toString()})
2024-04-17 18:07:04,600 [main] INFO  base.BaseClass - Found Element By {by.toString()}
2024-04-17 18:07:05,148 [main] INFO  base.BaseClass - Trying to find Element By {by.toString()})
2024-04-17 18:07:05,181 [main] INFO  base.BaseClass - Found Element By {by.toString()}
TimeoutException occurred: Expected condition failed: waiting for helper.WaitUtility$5@b2a978b (tried for 30 second(s) with 500 milliseconds interval)
Build info: version: '3.141.59', revision: 'e82be7d358', time: '2018-11-14T08:17:03'
System info: host: 'DPLAP166', ip: '137.237.2.236', os.name: 'Windows 10', os.arch: 'amd64', os.version: '10.0', java.version: '19.0.1'
Driver info: org.openqa.selenium.support.events.EventFiringWebDriver
Capabilities {acceptInsecureCerts: true, browserName: chrome, browserVersion: 123.0.6312.123, chrome: {chromedriverVersion: 123.0.6312.122 (31f8248cdd9..., userDataDir: C:\Users\dP-PL\AppData\Loca...}, fedcm:accounts: true, goog:chromeOptions: {debuggerAddress: localhost:51256}, javascriptEnabled: true, networkConnectionEnabled: false, pageLoadStrategy: normal, platform: WINDOWS, platformName: WINDOWS, proxy: Proxy(), setWindowRect: true, strictFileInteractability: false, timeouts: {implicit: 0, pageLoad: 300000, script: 30000}, unhandledPromptBehavior: dismiss and notify, webauthn:extension:credBlob: true, webauthn:extension:largeBlob: true, webauthn:extension:minPinLength: true, webauthn:extension:prf: true, webauthn:virtualAuthenticators: true}
Session ID: a59c4df4811f82049fe754efe723d3c1
2024-04-17 18:07:05,226 [main] ERROR RotationCopy_test - Element did not become visible within the specified time: Expected condition failed: waiting for helper.WaitUtility$5@b2a978b (tried for 30 second(s) with 500 milliseconds interval)
Build info: version: '3.141.59', revision: 'e82be7d358', time: '2018-11-14T08:17:03'
System info: host: 'DPLAP166', ip: '137.237.2.236', os.name: 'Windows 10', os.arch: 'amd64', os.version: '10.0', java.version: '19.0.1'
Driver info: org.openqa.selenium.support.events.EventFiringWebDriver
Capabilities {acceptInsecureCerts: true, browserName: chrome, browserVersion: 123.0.6312.123, chrome: {chromedriverVersion: 123.0.6312.122 (31f8248cdd9..., userDataDir: C:\Users\dP-PL\AppData\Loca...}, fedcm:accounts: true, goog:chromeOptions: {debuggerAddress: localhost:51256}, javascriptEnabled: true, networkConnectionEnabled: false, pageLoadStrategy: normal, platform: WINDOWS, platformName: WINDOWS, proxy: Proxy(), setWindowRect: true, strictFileInteractability: false, timeouts: {implicit: 0, pageLoad: 300000, script: 30000}, unhandledPromptBehavior: dismiss and notify, webauthn:extension:credBlob: true, webauthn:extension:largeBlob: true, webauthn:extension:minPinLength: true, webauthn:extension:prf: true, webauthn:virtualAuthenticators: true}
Session ID: a59c4df4811f82049fe754efe723d3c1
2024-04-17 18:07:05,226 [main] INFO  base.BaseClass - Trying to find Element By {by.toString()})
2024-04-17 18:07:05,246 [main] INFO  base.BaseClass - Found Element By {by.toString()}
2024-04-17 18:07:05,246 [main] INFO  base.BaseClass - Trying to click on: {element.toString()}
2024-04-17 18:07:05,373 [main] INFO  base.BaseClass - Clicked on: {element.toString()}
2024-04-17 18:07:05,379 [main] INFO  base.BaseClass - Trying to find Element By {by.toString()})
2024-04-17 18:07:05,399 [main] INFO  base.BaseClass - Found Element By {by.toString()}
2024-04-17 18:07:05,930 [main] INFO  base.BaseClass - Trying to find Element By {by.toString()})
2024-04-17 18:07:06,330 [main] INFO  base.BaseClass - Found Element By {by.toString()}
2024-04-17 18:07:06,849 [main] INFO  base.BaseClass - Trying to find Element By {by.toString()})
2024-04-17 18:07:06,882 [main] INFO  base.BaseClass - Found Element By {by.toString()}
2024-04-17 18:07:07,475 [main] INFO  base.BaseClass - Trying to find Element By {by.toString()})
2024-04-17 18:07:07,489 [main] INFO  base.BaseClass - Found Element By {by.toString()}
2024-04-17 18:07:08,021 [main] INFO  base.BaseClass - Trying to find Element By {by.toString()})
2024-04-17 18:07:08,050 [main] INFO  base.BaseClass - Found Element By {by.toString()}
2024-04-17 18:07:08,595 [main] INFO  base.BaseClass - Trying to find Element By {by.toString()})
2024-04-17 18:07:08,605 [main] INFO  base.BaseClass - Found Element By {by.toString()}
2024-04-17 18:07:09,126 [main] INFO  base.BaseClass - Trying to find Element By {by.toString()})
2024-04-17 18:07:09,156 [main] INFO  base.BaseClass - Found Element By {by.toString()}
2024-04-17 18:07:09,705 [main] INFO  base.BaseClass - Trying to find Element By {by.toString()})
2024-04-17 18:07:09,735 [main] INFO  base.BaseClass - Found Element By {by.toString()}
2024-04-17 18:07:10,285 [main] INFO  base.BaseClass - Trying to find Element By {by.toString()})
2024-04-17 18:07:10,310 [main] INFO  base.BaseClass - Found Element By {by.toString()}
2024-04-17 18:07:10,835 [main] INFO  base.BaseClass - Trying to find Element By {by.toString()})
2024-04-17 18:07:10,864 [main] INFO  base.BaseClass - Found Element By {by.toString()}
2024-04-17 18:07:11,409 [main] INFO  base.BaseClass - Trying to find Element By {by.toString()})
2024-04-17 18:07:11,440 [main] INFO  base.BaseClass - Found Element By {by.toString()}
2024-04-17 18:07:11,984 [main] INFO  base.BaseClass - Trying to find Element By {by.toString()})
2024-04-17 18:07:11,998 [main] INFO  base.BaseClass - Found Element By {by.toString()}
2024-04-17 18:07:12,530 [main] INFO  base.BaseClass - Trying to find Element By {by.toString()})
2024-04-17 18:07:12,560 [main] INFO  base.BaseClass - Found Element By {by.toString()}
2024-04-17 18:07:13,110 [main] INFO  base.BaseClass - Trying to find Element By {by.toString()})
2024-04-17 18:07:13,140 [main] INFO  base.BaseClass - Found Element By {by.toString()}
2024-04-17 18:07:13,692 [main] INFO  base.BaseClass - Trying to find Element By {by.toString()})
2024-04-17 18:07:13,710 [main] INFO  base.BaseClass - Found Element By {by.toString()}
2024-04-17 18:07:14,241 [main] INFO  base.BaseClass - Trying to find Element By {by.toString()})
2024-04-17 18:07:14,269 [main] INFO  base.BaseClass - Found Element By {by.toString()}
2024-04-17 18:07:14,821 [main] INFO  base.BaseClass - Trying to find Element By {by.toString()})
2024-04-17 18:07:14,848 [main] INFO  base.BaseClass - Found Element By {by.toString()}
2024-04-17 18:07:15,400 [main] INFO  base.BaseClass - Trying to find Element By {by.toString()})
2024-04-17 18:07:15,427 [main] INFO  base.BaseClass - Found Element By {by.toString()}
2024-04-17 18:07:15,965 [main] INFO  base.BaseClass - Trying to find Element By {by.toString()})
2024-04-17 18:07:15,997 [main] INFO  base.BaseClass - Found Element By {by.toString()}
2024-04-17 18:07:16,528 [main] INFO  base.BaseClass - Trying to find Element By {by.toString()})
2024-04-17 18:07:16,558 [main] INFO  base.BaseClass - Found Element By {by.toString()}
2024-04-17 18:07:17,107 [main] INFO  base.BaseClass - Trying to find Element By {by.toString()})
2024-04-17 18:07:17,136 [main] INFO  base.BaseClass - Found Element By {by.toString()}
2024-04-17 18:07:17,687 [main] INFO  base.BaseClass - Trying to find Element By {by.toString()})
2024-04-17 18:07:17,707 [main] INFO  base.BaseClass - Found Element By {by.toString()}
2024-04-17 18:07:18,248 [main] INFO  base.BaseClass - Trying to find Element By {by.toString()})
2024-04-17 18:07:18,277 [main] INFO  base.BaseClass - Found Element By {by.toString()}
2024-04-17 18:07:18,826 [main] INFO  base.BaseClass - Trying to find Element By {by.toString()})
2024-04-17 18:07:18,856 [main] INFO  base.BaseClass - Found Element By {by.toString()}
2024-04-17 18:07:19,390 [main] INFO  base.BaseClass - Trying to find Element By {by.toString()})
2024-04-17 18:07:19,410 [main] INFO  base.BaseClass - Found Element By {by.toString()}
2024-04-17 18:07:19,954 [main] INFO  base.BaseClass - Trying to find Element By {by.toString()})
2024-04-17 18:07:19,982 [main] INFO  base.BaseClass - Found Element By {by.toString()}
2024-04-17 18:07:20,532 [main] INFO  base.BaseClass - Trying to find Element By {by.toString()})
2024-04-17 18:07:20,561 [main] INFO  base.BaseClass - Found Element By {by.toString()}
2024-04-17 18:07:21,100 [main] INFO  base.BaseClass - Trying to find Element By {by.toString()})
2024-04-17 18:07:21,129 [main] INFO  base.BaseClass - Found Element By {by.toString()}
2024-04-17 18:07:21,679 [main] INFO  base.BaseClass - Trying to find Element By {by.toString()})
2024-04-17 18:07:21,709 [main] INFO  base.BaseClass - Found Element By {by.toString()}
2024-04-17 18:07:22,253 [main] INFO  base.BaseClass - Trying to find Element By {by.toString()})
2024-04-17 18:07:22,279 [main] INFO  base.BaseClass - Found Element By {by.toString()}
2024-04-17 18:07:22,817 [main] INFO  base.BaseClass - Trying to find Element By {by.toString()})
2024-04-17 18:07:22,845 [main] INFO  base.BaseClass - Found Element By {by.toString()}
2024-04-17 18:07:23,396 [main] INFO  base.BaseClass - Trying to find Element By {by.toString()})
2024-04-17 18:07:23,425 [main] INFO  base.BaseClass - Found Element By {by.toString()}
2024-04-17 18:07:23,960 [main] INFO  base.BaseClass - Trying to find Element By {by.toString()})
2024-04-17 18:07:23,990 [main] INFO  base.BaseClass - Found Element By {by.toString()}
2024-04-17 18:07:24,538 [main] INFO  base.BaseClass - Trying to find Element By {by.toString()})
2024-04-17 18:07:24,566 [main] INFO  base.BaseClass - Found Element By {by.toString()}
2024-04-17 18:07:25,100 [main] INFO  base.BaseClass - Trying to find Element By {by.toString()})
2024-04-17 18:07:25,130 [main] INFO  base.BaseClass - Found Element By {by.toString()}
2024-04-17 18:07:25,666 [main] INFO  base.BaseClass - Trying to find Element By {by.toString()})
2024-04-17 18:07:25,688 [main] INFO  base.BaseClass - Found Element By {by.toString()}
2024-04-17 18:07:26,229 [main] INFO  base.BaseClass - Trying to find Element By {by.toString()})
2024-04-17 18:07:26,258 [main] INFO  base.BaseClass - Found Element By {by.toString()}
2024-04-17 18:07:26,797 [main] INFO  base.BaseClass - Trying to find Element By {by.toString()})
2024-04-17 18:07:26,823 [main] INFO  base.BaseClass - Found Element By {by.toString()}
2024-04-17 18:07:27,359 [main] INFO  base.BaseClass - Trying to find Element By {by.toString()})
2024-04-17 18:07:27,384 [main] INFO  base.BaseClass - Found Element By {by.toString()}
2024-04-17 18:07:27,926 [main] INFO  base.BaseClass - Trying to find Element By {by.toString()})
2024-04-17 18:07:27,956 [main] INFO  base.BaseClass - Found Element By {by.toString()}
2024-04-17 18:07:28,504 [main] INFO  base.BaseClass - Trying to find Element By {by.toString()})
2024-04-17 18:07:28,531 [main] INFO  base.BaseClass - Found Element By {by.toString()}
2024-04-17 18:07:29,081 [main] INFO  base.BaseClass - Trying to find Element By {by.toString()})
2024-04-17 18:07:29,109 [main] INFO  base.BaseClass - Found Element By {by.toString()}
2024-04-17 18:07:29,662 [main] INFO  base.BaseClass - Trying to find Element By {by.toString()})
2024-04-17 18:07:29,692 [main] INFO  base.BaseClass - Found Element By {by.toString()}
2024-04-17 18:07:30,243 [main] INFO  base.BaseClass - Trying to find Element By {by.toString()})
2024-04-17 18:07:30,272 [main] INFO  base.BaseClass - Found Element By {by.toString()}
2024-04-17 18:07:30,821 [main] INFO  base.BaseClass - Trying to find Element By {by.toString()})
2024-04-17 18:07:30,842 [main] INFO  base.BaseClass - Found Element By {by.toString()}
2024-04-17 18:07:31,381 [main] INFO  base.BaseClass - Trying to find Element By {by.toString()})
2024-04-17 18:07:31,410 [main] INFO  base.BaseClass - Found Element By {by.toString()}
2024-04-17 18:07:31,958 [main] INFO  base.BaseClass - Trying to find Element By {by.toString()})
2024-04-17 18:07:31,988 [main] INFO  base.BaseClass - Found Element By {by.toString()}
2024-04-17 18:07:32,543 [main] INFO  base.BaseClass - Trying to find Element By {by.toString()})
2024-04-17 18:07:32,574 [main] INFO  base.BaseClass - Found Element By {by.toString()}
2024-04-17 18:07:33,122 [main] INFO  base.BaseClass - Trying to find Element By {by.toString()})
2024-04-17 18:07:33,150 [main] INFO  base.BaseClass - Found Element By {by.toString()}
2024-04-17 18:07:33,701 [main] INFO  base.BaseClass - Trying to find Element By {by.toString()})
2024-04-17 18:07:33,717 [main] INFO  base.BaseClass - Found Element By {by.toString()}
2024-04-17 18:07:34,248 [main] INFO  base.BaseClass - Trying to find Element By {by.toString()})
2024-04-17 18:07:34,277 [main] INFO  base.BaseClass - Found Element By {by.toString()}
2024-04-17 18:07:34,825 [main] INFO  base.BaseClass - Trying to find Element By {by.toString()})
2024-04-17 18:07:34,850 [main] INFO  base.BaseClass - Found Element By {by.toString()}
2024-04-17 18:07:35,388 [main] INFO  base.BaseClass - Trying to find Element By {by.toString()})
2024-04-17 18:07:35,417 [main] INFO  base.BaseClass - Found Element By {by.toString()}
TimeoutException occurred: Expected condition failed: waiting for helper.WaitUtility$5@31710a8b (tried for 30 second(s) with 500 milliseconds interval)
Build info: version: '3.141.59', revision: 'e82be7d358', time: '2018-11-14T08:17:03'
System info: host: 'DPLAP166', ip: '137.237.2.236', os.name: 'Windows 10', os.arch: 'amd64', os.version: '10.0', java.version: '19.0.1'
Driver info: org.openqa.selenium.support.events.EventFiringWebDriver
Capabilities {acceptInsecureCerts: true, browserName: chrome, browserVersion: 123.0.6312.123, chrome: {chromedriverVersion: 123.0.6312.122 (31f8248cdd9..., userDataDir: C:\Users\dP-PL\AppData\Loca...}, fedcm:accounts: true, goog:chromeOptions: {debuggerAddress: localhost:51256}, javascriptEnabled: true, networkConnectionEnabled: false, pageLoadStrategy: normal, platform: WINDOWS, platformName: WINDOWS, proxy: Proxy(), setWindowRect: true, strictFileInteractability: false, timeouts: {implicit: 0, pageLoad: 300000, script: 30000}, unhandledPromptBehavior: dismiss and notify, webauthn:extension:credBlob: true, webauthn:extension:largeBlob: true, webauthn:extension:minPinLength: true, webauthn:extension:prf: true, webauthn:virtualAuthenticators: true}
Session ID: a59c4df4811f82049fe754efe723d3c1
2024-04-17 18:07:35,451 [main] ERROR RotationCopy_test - Element did not become visible within the specified time: Expected condition failed: waiting for helper.WaitUtility$5@31710a8b (tried for 30 second(s) with 500 milliseconds interval)
Build info: version: '3.141.59', revision: 'e82be7d358', time: '2018-11-14T08:17:03'
System info: host: 'DPLAP166', ip: '137.237.2.236', os.name: 'Windows 10', os.arch: 'amd64', os.version: '10.0', java.version: '19.0.1'
Driver info: org.openqa.selenium.support.events.EventFiringWebDriver
Capabilities {acceptInsecureCerts: true, browserName: chrome, browserVersion: 123.0.6312.123, chrome: {chromedriverVersion: 123.0.6312.122 (31f8248cdd9..., userDataDir: C:\Users\dP-PL\AppData\Loca...}, fedcm:accounts: true, goog:chromeOptions: {debuggerAddress: localhost:51256}, javascriptEnabled: true, networkConnectionEnabled: false, pageLoadStrategy: normal, platform: WINDOWS, platformName: WINDOWS, proxy: Proxy(), setWindowRect: true, strictFileInteractability: false, timeouts: {implicit: 0, pageLoad: 300000, script: 30000}, unhandledPromptBehavior: dismiss and notify, webauthn:extension:credBlob: true, webauthn:extension:largeBlob: true, webauthn:extension:minPinLength: true, webauthn:extension:prf: true, webauthn:virtualAuthenticators: true}
Session ID: a59c4df4811f82049fe754efe723d3c1
2024-04-17 18:07:35,451 [main] INFO  base.BaseClass - Trying to find Element By {by.toString()})
2024-04-17 18:07:35,465 [main] INFO  base.BaseClass - Found Element By {by.toString()}
2024-04-17 18:07:35,465 [main] INFO  base.BaseClass - Trying to click on: {element.toString()}
2024-04-17 18:07:35,684 [main] INFO  base.BaseClass - Clicked on: {element.toString()}
2024-04-17 18:07:35,684 [main] INFO  base.BaseClass - Trying to find Element By {by.toString()})
2024-04-17 18:07:36,538 [main] INFO  base.BaseClass - Found Element By {by.toString()}
2024-04-17 18:07:37,057 [main] INFO  base.BaseClass - Trying to find Element By {by.toString()})
2024-04-17 18:07:37,090 [main] INFO  base.BaseClass - Found Element By {by.toString()}
2024-04-17 18:07:37,639 [main] INFO  base.BaseClass - Trying to find Element By {by.toString()})
2024-04-17 18:07:37,656 [main] INFO  base.BaseClass - Found Element By {by.toString()}
2024-04-17 18:07:38,188 [main] INFO  base.BaseClass - Trying to find Element By {by.toString()})
2024-04-17 18:07:38,217 [main] INFO  base.BaseClass - Found Element By {by.toString()}
2024-04-17 18:07:38,765 [main] INFO  base.BaseClass - Trying to find Element By {by.toString()})
2024-04-17 18:07:38,798 [main] INFO  base.BaseClass - Found Element By {by.toString()}
2024-04-17 18:07:39,359 [main] INFO  base.BaseClass - Trying to find Element By {by.toString()})
2024-04-17 18:07:39,392 [main] INFO  base.BaseClass - Found Element By {by.toString()}
2024-04-17 18:07:39,935 [main] INFO  base.BaseClass - Trying to find Element By {by.toString()})
2024-04-17 18:07:39,965 [main] INFO  base.BaseClass - Found Element By {by.toString()}
2024-04-17 18:07:40,515 [main] INFO  base.BaseClass - Trying to find Element By {by.toString()})
2024-04-17 18:07:40,544 [main] INFO  base.BaseClass - Found Element By {by.toString()}
2024-04-17 18:07:41,079 [main] INFO  base.BaseClass - Trying to find Element By {by.toString()})
2024-04-17 18:07:41,113 [main] INFO  base.BaseClass - Found Element By {by.toString()}
2024-04-17 18:07:41,640 [main] INFO  base.BaseClass - Trying to find Element By {by.toString()})
2024-04-17 18:07:41,675 [main] INFO  base.BaseClass - Found Element By {by.toString()}
2024-04-17 18:07:42,220 [main] INFO  base.BaseClass - Trying to find Element By {by.toString()})
2024-04-17 18:07:42,249 [main] INFO  base.BaseClass - Found Element By {by.toString()}
2024-04-17 18:07:42,813 [main] INFO  base.BaseClass - Trying to find Element By {by.toString()})
2024-04-17 18:07:42,844 [main] INFO  base.BaseClass - Found Element By {by.toString()}
2024-04-17 18:07:43,390 [main] INFO  base.BaseClass - Trying to find Element By {by.toString()})
2024-04-17 18:07:43,467 [main] INFO  base.BaseClass - Found Element By {by.toString()}
2024-04-17 18:07:43,996 [main] INFO  base.BaseClass - Trying to find Element By {by.toString()})
2024-04-17 18:07:44,035 [main] INFO  base.BaseClass - Found Element By {by.toString()}
2024-04-17 18:07:44,576 [main] INFO  base.BaseClass - Trying to find Element By {by.toString()})
2024-04-17 18:07:44,596 [main] INFO  base.BaseClass - Found Element By {by.toString()}
2024-04-17 18:07:45,136 [main] INFO  base.BaseClass - Trying to find Element By {by.toString()})
2024-04-17 18:07:45,168 [main] INFO  base.BaseClass - Found Element By {by.toString()}
2024-04-17 18:07:45,716 [main] INFO  base.BaseClass - Trying to find Element By {by.toString()})
2024-04-17 18:07:45,755 [main] INFO  base.BaseClass - Found Element By {by.toString()}
2024-04-17 18:07:46,296 [main] INFO  base.BaseClass - Trying to find Element By {by.toString()})
2024-04-17 18:07:46,327 [main] INFO  base.BaseClass - Found Element By {by.toString()}
2024-04-17 18:07:46,875 [main] INFO  base.BaseClass - Trying to find Element By {by.toString()})
2024-04-17 18:07:46,906 [main] INFO  base.BaseClass - Found Element By {by.toString()}
2024-04-17 18:07:47,453 [main] INFO  base.BaseClass - Trying to find Element By {by.toString()})
2024-04-17 18:07:47,469 [main] INFO  base.BaseClass - Found Element By {by.toString()}
2024-04-17 18:07:48,000 [main] INFO  base.BaseClass - Trying to find Element By {by.toString()})
2024-04-17 18:07:48,032 [main] INFO  base.BaseClass - Found Element By {by.toString()}
2024-04-17 18:07:48,564 [main] INFO  base.BaseClass - Trying to find Element By {by.toString()})
2024-04-17 18:07:48,595 [main] INFO  base.BaseClass - Found Element By {by.toString()}
2024-04-17 18:07:49,145 [main] INFO  base.BaseClass - Trying to find Element By {by.toString()})
2024-04-17 18:07:49,175 [main] INFO  base.BaseClass - Found Element By {by.toString()}
2024-04-17 18:07:49,710 [main] INFO  base.BaseClass - Trying to find Element By {by.toString()})
2024-04-17 18:07:49,733 [main] INFO  base.BaseClass - Found Element By {by.toString()}
2024-04-17 18:07:50,260 [main] INFO  base.BaseClass - Trying to find Element By {by.toString()})
2024-04-17 18:07:50,290 [main] INFO  base.BaseClass - Found Element By {by.toString()}
2024-04-17 18:07:50,853 [main] INFO  base.BaseClass - Trying to find Element By {by.toString()})
2024-04-17 18:07:50,865 [main] INFO  base.BaseClass - Found Element By {by.toString()}
2024-04-17 18:07:51,384 [main] INFO  base.BaseClass - Trying to find Element By {by.toString()})
2024-04-17 18:07:51,415 [main] INFO  base.BaseClass - Found Element By {by.toString()}
2024-04-17 18:07:51,966 [main] INFO  base.BaseClass - Trying to find Element By {by.toString()})
2024-04-17 18:07:51,996 [main] INFO  base.BaseClass - Found Element By {by.toString()}
2024-04-17 18:07:52,544 [main] INFO  base.BaseClass - Trying to find Element By {by.toString()})
2024-04-17 18:07:52,562 [main] INFO  base.BaseClass - Found Element By {by.toString()}
2024-04-17 18:07:53,091 [main] INFO  base.BaseClass - Trying to find Element By {by.toString()})
2024-04-17 18:07:53,123 [main] INFO  base.BaseClass - Found Element By {by.toString()}
2024-04-17 18:07:53,669 [main] INFO  base.BaseClass - Trying to find Element By {by.toString()})
2024-04-17 18:07:53,697 [main] INFO  base.BaseClass - Found Element By {by.toString()}
2024-04-17 18:07:54,248 [main] INFO  base.BaseClass - Trying to find Element By {by.toString()})
2024-04-17 18:07:54,281 [main] INFO  base.BaseClass - Found Element By {by.toString()}
2024-04-17 18:07:54,825 [main] INFO  base.BaseClass - Trying to find Element By {by.toString()})
2024-04-17 18:07:54,856 [main] INFO  base.BaseClass - Found Element By {by.toString()}
2024-04-17 18:07:55,407 [main] INFO  base.BaseClass - Trying to find Element By {by.toString()})
2024-04-17 18:07:55,437 [main] INFO  base.BaseClass - Found Element By {by.toString()}
2024-04-17 18:07:55,986 [main] INFO  base.BaseClass - Trying to find Element By {by.toString()})
2024-04-17 18:07:56,016 [main] INFO  base.BaseClass - Found Element By {by.toString()}
2024-04-17 18:07:56,561 [main] INFO  base.BaseClass - Trying to find Element By {by.toString()})
2024-04-17 18:07:56,593 [main] INFO  base.BaseClass - Found Element By {by.toString()}
2024-04-17 18:07:57,139 [main] INFO  base.BaseClass - Trying to find Element By {by.toString()})
2024-04-17 18:07:57,175 [main] INFO  base.BaseClass - Found Element By {by.toString()}
2024-04-17 18:07:57,703 [main] INFO  base.BaseClass - Trying to find Element By {by.toString()})
2024-04-17 18:07:57,723 [main] INFO  base.BaseClass - Found Element By {by.toString()}
2024-04-17 18:07:58,276 [main] INFO  base.BaseClass - Trying to find Element By {by.toString()})
2024-04-17 18:07:58,298 [main] INFO  base.BaseClass - Found Element By {by.toString()}
2024-04-17 18:07:58,826 [main] INFO  base.BaseClass - Trying to find Element By {by.toString()})
2024-04-17 18:07:58,861 [main] INFO  base.BaseClass - Found Element By {by.toString()}
2024-04-17 18:07:59,418 [main] INFO  base.BaseClass - Trying to find Element By {by.toString()})
2024-04-17 18:07:59,452 [main] INFO  base.BaseClass - Found Element By {by.toString()}
2024-04-17 18:07:59,993 [main] INFO  base.BaseClass - Trying to find Element By {by.toString()})
2024-04-17 18:08:00,034 [main] INFO  base.BaseClass - Found Element By {by.toString()}
2024-04-17 18:08:00,575 [main] INFO  base.BaseClass - Trying to find Element By {by.toString()})
2024-04-17 18:08:00,604 [main] INFO  base.BaseClass - Found Element By {by.toString()}
2024-04-17 18:08:01,140 [main] INFO  base.BaseClass - Trying to find Element By {by.toString()})
2024-04-17 18:08:01,157 [main] INFO  base.BaseClass - Found Element By {by.toString()}
2024-04-17 18:08:01,689 [main] INFO  base.BaseClass - Trying to find Element By {by.toString()})
2024-04-17 18:08:01,704 [main] INFO  base.BaseClass - Found Element By {by.toString()}
2024-04-17 18:08:02,299 [main] INFO  base.BaseClass - Trying to find Element By {by.toString()})
2024-04-17 18:08:02,321 [main] INFO  base.BaseClass - Found Element By {by.toString()}
2024-04-17 18:08:02,875 [main] INFO  base.BaseClass - Trying to find Element By {by.toString()})
2024-04-17 18:08:02,910 [main] INFO  base.BaseClass - Found Element By {by.toString()}
2024-04-17 18:08:03,452 [main] INFO  base.BaseClass - Trying to find Element By {by.toString()})
2024-04-17 18:08:03,487 [main] INFO  base.BaseClass - Found Element By {by.toString()}
2024-04-17 18:08:04,023 [main] INFO  base.BaseClass - Trying to find Element By {by.toString()})
2024-04-17 18:08:04,092 [main] INFO  base.BaseClass - Found Element By {by.toString()}
2024-04-17 18:08:04,648 [main] INFO  base.BaseClass - Trying to find Element By {by.toString()})
2024-04-17 18:08:04,665 [main] INFO  base.BaseClass - Found Element By {by.toString()}
2024-04-17 18:08:05,195 [main] INFO  base.BaseClass - Trying to find Element By {by.toString()})
2024-04-17 18:08:05,208 [main] INFO  base.BaseClass - Found Element By {by.toString()}
2024-04-17 18:08:05,729 [main] INFO  base.BaseClass - Trying to find Element By {by.toString()})
2024-04-17 18:08:05,756 [main] INFO  base.BaseClass - Found Element By {by.toString()}
TimeoutException occurred: Expected condition failed: waiting for helper.WaitUtility$5@100c57c9 (tried for 30 second(s) with 500 milliseconds interval)
Build info: version: '3.141.59', revision: 'e82be7d358', time: '2018-11-14T08:17:03'
System info: host: 'DPLAP166', ip: '137.237.2.236', os.name: 'Windows 10', os.arch: 'amd64', os.version: '10.0', java.version: '19.0.1'
Driver info: org.openqa.selenium.support.events.EventFiringWebDriver
Capabilities {acceptInsecureCerts: true, browserName: chrome, browserVersion: 123.0.6312.123, chrome: {chromedriverVersion: 123.0.6312.122 (31f8248cdd9..., userDataDir: C:\Users\dP-PL\AppData\Loca...}, fedcm:accounts: true, goog:chromeOptions: {debuggerAddress: localhost:51256}, javascriptEnabled: true, networkConnectionEnabled: false, pageLoadStrategy: normal, platform: WINDOWS, platformName: WINDOWS, proxy: Proxy(), setWindowRect: true, strictFileInteractability: false, timeouts: {implicit: 0, pageLoad: 300000, script: 30000}, unhandledPromptBehavior: dismiss and notify, webauthn:extension:credBlob: true, webauthn:extension:largeBlob: true, webauthn:extension:minPinLength: true, webauthn:extension:prf: true, webauthn:virtualAuthenticators: true}
Session ID: a59c4df4811f82049fe754efe723d3c1
2024-04-17 18:08:05,776 [main] ERROR RotationCopy_test - Element did not become visible within the specified time: Expected condition failed: waiting for helper.WaitUtility$5@100c57c9 (tried for 30 second(s) with 500 milliseconds interval)
Build info: version: '3.141.59', revision: 'e82be7d358', time: '2018-11-14T08:17:03'
System info: host: 'DPLAP166', ip: '137.237.2.236', os.name: 'Windows 10', os.arch: 'amd64', os.version: '10.0', java.version: '19.0.1'
Driver info: org.openqa.selenium.support.events.EventFiringWebDriver
Capabilities {acceptInsecureCerts: true, browserName: chrome, browserVersion: 123.0.6312.123, chrome: {chromedriverVersion: 123.0.6312.122 (31f8248cdd9..., userDataDir: C:\Users\dP-PL\AppData\Loca...}, fedcm:accounts: true, goog:chromeOptions: {debuggerAddress: localhost:51256}, javascriptEnabled: true, networkConnectionEnabled: false, pageLoadStrategy: normal, platform: WINDOWS, platformName: WINDOWS, proxy: Proxy(), setWindowRect: true, strictFileInteractability: false, timeouts: {implicit: 0, pageLoad: 300000, script: 30000}, unhandledPromptBehavior: dismiss and notify, webauthn:extension:credBlob: true, webauthn:extension:largeBlob: true, webauthn:extension:minPinLength: true, webauthn:extension:prf: true, webauthn:virtualAuthenticators: true}
Session ID: a59c4df4811f82049fe754efe723d3c1
2024-04-17 18:08:05,776 [main] INFO  base.BaseClass - Trying to find Element By {by.toString()})
2024-04-17 18:08:05,788 [main] INFO  base.BaseClass - Found Element By {by.toString()}
2024-04-17 18:08:05,788 [main] INFO  base.BaseClass - Trying to click on: {element.toString()}
2024-04-17 18:08:05,905 [main] INFO  base.BaseClass - Clicked on: {element.toString()}
2024-04-17 18:08:05,905 [main] INFO  base.BaseClass - Trying to find Element By {by.toString()})
2024-04-17 18:08:05,921 [main] INFO  base.BaseClass - Found Element By {by.toString()}
2024-04-17 18:08:06,441 [main] INFO  base.BaseClass - Trying to find Element By {by.toString()})
2024-04-17 18:08:06,469 [main] INFO  base.BaseClass - Found Element By {by.toString()}
2024-04-17 18:08:07,003 [main] INFO  base.BaseClass - Trying to find Element By {by.toString()})
2024-04-17 18:08:07,035 [main] INFO  base.BaseClass - Found Element By {by.toString()}
2024-04-17 18:08:07,565 [main] INFO  base.BaseClass - Trying to find Element By {by.toString()})
2024-04-17 18:08:07,593 [main] INFO  base.BaseClass - Found Element By {by.toString()}
2024-04-17 18:08:08,142 [main] INFO  base.BaseClass - Trying to find Element By {by.toString()})
2024-04-17 18:08:08,172 [main] INFO  base.BaseClass - Found Element By {by.toString()}
2024-04-17 18:08:08,703 [main] INFO  base.BaseClass - Trying to find Element By {by.toString()})
2024-04-17 18:08:08,741 [main] INFO  base.BaseClass - Found Element By {by.toString()}
2024-04-17 18:08:09,283 [main] INFO  base.BaseClass - Trying to find Element By {by.toString()})
2024-04-17 18:08:09,322 [main] INFO  base.BaseClass - Found Element By {by.toString()}
2024-04-17 18:08:09,876 [main] INFO  base.BaseClass - Trying to find Element By {by.toString()})
2024-04-17 18:08:09,916 [main] INFO  base.BaseClass - Found Element By {by.toString()}
2024-04-17 18:08:10,454 [main] INFO  base.BaseClass - Trying to find Element By {by.toString()})
2024-04-17 18:08:10,487 [main] INFO  base.BaseClass - Found Element By {by.toString()}
2024-04-17 18:08:11,030 [main] INFO  base.BaseClass - Trying to find Element By {by.toString()})
2024-04-17 18:08:11,062 [main] INFO  base.BaseClass - Found Element By {by.toString()}
2024-04-17 18:08:11,608 [main] INFO  base.BaseClass - Trying to find Element By {by.toString()})
2024-04-17 18:08:11,640 [main] INFO  base.BaseClass - Found Element By {by.toString()}
2024-04-17 18:08:12,185 [main] INFO  base.BaseClass - Trying to find Element By {by.toString()})
2024-04-17 18:08:12,214 [main] INFO  base.BaseClass - Found Element By {by.toString()}
2024-04-17 18:08:12,765 [main] INFO  base.BaseClass - Trying to find Element By {by.toString()})
2024-04-17 18:08:12,796 [main] INFO  base.BaseClass - Found Element By {by.toString()}
2024-04-17 18:08:13,340 [main] INFO  base.BaseClass - Trying to find Element By {by.toString()})
2024-04-17 18:08:13,418 [main] INFO  base.BaseClass - Found Element By {by.toString()}
2024-04-17 18:08:13,949 [main] INFO  base.BaseClass - Trying to find Element By {by.toString()})
2024-04-17 18:08:13,979 [main] INFO  base.BaseClass - Found Element By {by.toString()}
2024-04-17 18:08:14,524 [main] INFO  base.BaseClass - Trying to find Element By {by.toString()})
2024-04-17 18:08:14,555 [main] INFO  base.BaseClass - Found Element By {by.toString()}
2024-04-17 18:08:15,104 [main] INFO  base.BaseClass - Trying to find Element By {by.toString()})
2024-04-17 18:08:15,133 [main] INFO  base.BaseClass - Found Element By {by.toString()}
2024-04-17 18:08:15,680 [main] INFO  base.BaseClass - Trying to find Element By {by.toString()})
2024-04-17 18:08:15,711 [main] INFO  base.BaseClass - Found Element By {by.toString()}
2024-04-17 18:08:16,258 [main] INFO  base.BaseClass - Trying to find Element By {by.toString()})
2024-04-17 18:08:16,289 [main] INFO  base.BaseClass - Found Element By {by.toString()}
2024-04-17 18:08:16,835 [main] INFO  base.BaseClass - Trying to find Element By {by.toString()})
2024-04-17 18:08:16,861 [main] INFO  base.BaseClass - Found Element By {by.toString()}
2024-04-17 18:08:17,397 [main] INFO  base.BaseClass - Trying to find Element By {by.toString()})
2024-04-17 18:08:17,418 [main] INFO  base.BaseClass - Found Element By {by.toString()}
2024-04-17 18:08:17,942 [main] INFO  base.BaseClass - Trying to find Element By {by.toString()})
2024-04-17 18:08:17,974 [main] INFO  base.BaseClass - Found Element By {by.toString()}
2024-04-17 18:08:18,522 [main] INFO  base.BaseClass - Trying to find Element By {by.toString()})
2024-04-17 18:08:18,552 [main] INFO  base.BaseClass - Found Element By {by.toString()}
2024-04-17 18:08:19,100 [main] INFO  base.BaseClass - Trying to find Element By {by.toString()})
2024-04-17 18:08:19,110 [main] INFO  base.BaseClass - Found Element By {by.toString()}
2024-04-17 18:08:19,631 [main] INFO  base.BaseClass - Trying to find Element By {by.toString()})
2024-04-17 18:08:19,660 [main] INFO  base.BaseClass - Found Element By {by.toString()}
2024-04-17 18:08:20,209 [main] INFO  base.BaseClass - Trying to find Element By {by.toString()})
2024-04-17 18:08:20,231 [main] INFO  base.BaseClass - Found Element By {by.toString()}
2024-04-17 18:08:20,756 [main] INFO  base.BaseClass - Trying to find Element By {by.toString()})
2024-04-17 18:08:20,786 [main] INFO  base.BaseClass - Found Element By {by.toString()}
2024-04-17 18:08:21,320 [main] INFO  base.BaseClass - Trying to find Element By {by.toString()})
2024-04-17 18:08:21,350 [main] INFO  base.BaseClass - Found Element By {by.toString()}
2024-04-17 18:08:21,898 [main] INFO  base.BaseClass - Trying to find Element By {by.toString()})
2024-04-17 18:08:21,915 [main] INFO  base.BaseClass - Found Element By {by.toString()}
2024-04-17 18:08:22,446 [main] INFO  base.BaseClass - Trying to find Element By {by.toString()})
2024-04-17 18:08:22,474 [main] INFO  base.BaseClass - Found Element By {by.toString()}
2024-04-17 18:08:23,006 [main] INFO  base.BaseClass - Trying to find Element By {by.toString()})
2024-04-17 18:08:23,037 [main] INFO  base.BaseClass - Found Element By {by.toString()}
2024-04-17 18:08:23,583 [main] INFO  base.BaseClass - Trying to find Element By {by.toString()})
2024-04-17 18:08:23,611 [main] INFO  base.BaseClass - Found Element By {by.toString()}
2024-04-17 18:08:24,163 [main] INFO  base.BaseClass - Trying to find Element By {by.toString()})
2024-04-17 18:08:24,193 [main] INFO  base.BaseClass - Found Element By {by.toString()}
2024-04-17 18:08:24,743 [main] INFO  base.BaseClass - Trying to find Element By {by.toString()})
2024-04-17 18:08:24,773 [main] INFO  base.BaseClass - Found Element By {by.toString()}
2024-04-17 18:08:25,323 [main] INFO  base.BaseClass - Trying to find Element By {by.toString()})
2024-04-17 18:08:25,352 [main] INFO  base.BaseClass - Found Element By {by.toString()}
2024-04-17 18:08:25,888 [main] INFO  base.BaseClass - Trying to find Element By {by.toString()})
2024-04-17 18:08:25,918 [main] INFO  base.BaseClass - Found Element By {by.toString()}
2024-04-17 18:08:26,471 [main] INFO  base.BaseClass - Trying to find Element By {by.toString()})
2024-04-17 18:08:26,501 [main] INFO  base.BaseClass - Found Element By {by.toString()}
2024-04-17 18:08:27,050 [main] INFO  base.BaseClass - Trying to find Element By {by.toString()})
2024-04-17 18:08:27,078 [main] INFO  base.BaseClass - Found Element By {by.toString()}
2024-04-17 18:08:27,626 [main] INFO  base.BaseClass - Trying to find Element By {by.toString()})
2024-04-17 18:08:27,657 [main] INFO  base.BaseClass - Found Element By {by.toString()}
2024-04-17 18:08:28,206 [main] INFO  base.BaseClass - Trying to find Element By {by.toString()})
2024-04-17 18:08:28,237 [main] INFO  base.BaseClass - Found Element By {by.toString()}
2024-04-17 18:08:28,786 [main] INFO  base.BaseClass - Trying to find Element By {by.toString()})
2024-04-17 18:08:28,861 [main] INFO  base.BaseClass - Found Element By {by.toString()}
2024-04-17 18:08:29,393 [main] INFO  base.BaseClass - Trying to find Element By {by.toString()})
2024-04-17 18:08:29,423 [main] INFO  base.BaseClass - Found Element By {by.toString()}
2024-04-17 18:08:29,956 [main] INFO  base.BaseClass - Trying to find Element By {by.toString()})
2024-04-17 18:08:29,973 [main] INFO  base.BaseClass - Found Element By {by.toString()}
2024-04-17 18:08:30,518 [main] INFO  base.BaseClass - Trying to find Element By {by.toString()})
2024-04-17 18:08:30,546 [main] INFO  base.BaseClass - Found Element By {by.toString()}
2024-04-17 18:08:31,092 [main] INFO  base.BaseClass - Trying to find Element By {by.toString()})
2024-04-17 18:08:31,123 [main] INFO  base.BaseClass - Found Element By {by.toString()}
2024-04-17 18:08:31,673 [main] INFO  base.BaseClass - Trying to find Element By {by.toString()})
2024-04-17 18:08:31,704 [main] INFO  base.BaseClass - Found Element By {by.toString()}
2024-04-17 18:08:32,248 [main] INFO  base.BaseClass - Trying to find Element By {by.toString()})
2024-04-17 18:08:32,276 [main] INFO  base.BaseClass - Found Element By {by.toString()}
2024-04-17 18:08:32,827 [main] INFO  base.BaseClass - Trying to find Element By {by.toString()})
2024-04-17 18:08:32,857 [main] INFO  base.BaseClass - Found Element By {by.toString()}
2024-04-17 18:08:33,405 [main] INFO  base.BaseClass - Trying to find Element By {by.toString()})
2024-04-17 18:08:33,435 [main] INFO  base.BaseClass - Found Element By {by.toString()}
2024-04-17 18:08:33,985 [main] INFO  base.BaseClass - Trying to find Element By {by.toString()})
2024-04-17 18:08:34,005 [main] INFO  base.BaseClass - Found Element By {by.toString()}
2024-04-17 18:08:34,528 [main] INFO  base.BaseClass - Trying to find Element By {by.toString()})
2024-04-17 18:08:34,558 [main] INFO  base.BaseClass - Found Element By {by.toString()}
2024-04-17 18:08:35,110 [main] INFO  base.BaseClass - Trying to find Element By {by.toString()})
2024-04-17 18:08:35,140 [main] INFO  base.BaseClass - Found Element By {by.toString()}
2024-04-17 18:08:35,689 [main] INFO  base.BaseClass - Trying to find Element By {by.toString()})
2024-04-17 18:08:35,719 [main] INFO  base.BaseClass - Found Element By {by.toString()}
2024-04-17 18:08:36,264 [main] INFO  base.BaseClass - Trying to find Element By {by.toString()})
2024-04-17 18:08:36,293 [main] INFO  base.BaseClass - Found Element By {by.toString()}
TimeoutException occurred: Expected condition failed: waiting for helper.WaitUtility$5@2f2ba15d (tried for 30 second(s) with 500 milliseconds interval)
Build info: version: '3.141.59', revision: 'e82be7d358', time: '2018-11-14T08:17:03'
System info: host: 'DPLAP166', ip: '137.237.2.236', os.name: 'Windows 10', os.arch: 'amd64', os.version: '10.0', java.version: '19.0.1'
Driver info: org.openqa.selenium.support.events.EventFiringWebDriver
Capabilities {acceptInsecureCerts: true, browserName: chrome, browserVersion: 123.0.6312.123, chrome: {chromedriverVersion: 123.0.6312.122 (31f8248cdd9..., userDataDir: C:\Users\dP-PL\AppData\Loca...}, fedcm:accounts: true, goog:chromeOptions: {debuggerAddress: localhost:51256}, javascriptEnabled: true, networkConnectionEnabled: false, pageLoadStrategy: normal, platform: WINDOWS, platformName: WINDOWS, proxy: Proxy(), setWindowRect: true, strictFileInteractability: false, timeouts: {implicit: 0, pageLoad: 300000, script: 30000}, unhandledPromptBehavior: dismiss and notify, webauthn:extension:credBlob: true, webauthn:extension:largeBlob: true, webauthn:extension:minPinLength: true, webauthn:extension:prf: true, webauthn:virtualAuthenticators: true}
Session ID: a59c4df4811f82049fe754efe723d3c1
2024-04-17 18:08:36,333 [main] ERROR RotationCopy_test - Element did not become visible within the specified time: Expected condition failed: waiting for helper.WaitUtility$5@2f2ba15d (tried for 30 second(s) with 500 milliseconds interval)
Build info: version: '3.141.59', revision: 'e82be7d358', time: '2018-11-14T08:17:03'
System info: host: 'DPLAP166', ip: '137.237.2.236', os.name: 'Windows 10', os.arch: 'amd64', os.version: '10.0', java.version: '19.0.1'
Driver info: org.openqa.selenium.support.events.EventFiringWebDriver
Capabilities {acceptInsecureCerts: true, browserName: chrome, browserVersion: 123.0.6312.123, chrome: {chromedriverVersion: 123.0.6312.122 (31f8248cdd9..., userDataDir: C:\Users\dP-PL\AppData\Loca...}, fedcm:accounts: true, goog:chromeOptions: {debuggerAddress: localhost:51256}, javascriptEnabled: true, networkConnectionEnabled: false, pageLoadStrategy: normal, platform: WINDOWS, platformName: WINDOWS, proxy: Proxy(), setWindowRect: true, strictFileInteractability: false, timeouts: {implicit: 0, pageLoad: 300000, script: 30000}, unhandledPromptBehavior: dismiss and notify, webauthn:extension:credBlob: true, webauthn:extension:largeBlob: true, webauthn:extension:minPinLength: true, webauthn:extension:prf: true, webauthn:virtualAuthenticators: true}
Session ID: a59c4df4811f82049fe754efe723d3c1
2024-04-17 18:08:36,333 [main] INFO  base.BaseClass - Trying to find Element By {by.toString()})
2024-04-17 18:08:36,352 [main] INFO  base.BaseClass - Found Element By {by.toString()}
2024-04-17 18:08:36,353 [main] INFO  base.BaseClass - Trying to click on: {element.toString()}
2024-04-17 18:08:36,529 [main] INFO  base.BaseClass - Clicked on: {element.toString()}
2024-04-17 18:08:36,535 [main] INFO  base.BaseClass - Trying to find Element By {by.toString()})
2024-04-17 18:08:36,560 [main] INFO  base.BaseClass - Found Element By {by.toString()}
2024-04-17 18:08:37,091 [main] INFO  base.BaseClass - Trying to find Element By {by.toString()})
2024-04-17 18:08:37,131 [main] INFO  base.BaseClass - Found Element By {by.toString()}
2024-04-17 18:08:37,685 [main] INFO  base.BaseClass - Trying to find Element By {by.toString()})
2024-04-17 18:08:37,718 [main] INFO  base.BaseClass - Found Element By {by.toString()}
2024-04-17 18:08:38,261 [main] INFO  base.BaseClass - Trying to find Element By {by.toString()})
2024-04-17 18:08:38,284 [main] INFO  base.BaseClass - Found Element By {by.toString()}
2024-04-17 18:08:38,872 [main] INFO  base.BaseClass - Trying to find Element By {by.toString()})
2024-04-17 18:08:38,906 [main] INFO  base.BaseClass - Found Element By {by.toString()}
2024-04-17 18:08:39,480 [main] INFO  base.BaseClass - Trying to find Element By {by.toString()})
2024-04-17 18:08:39,513 [main] INFO  base.BaseClass - Found Element By {by.toString()}
2024-04-17 18:08:40,072 [main] INFO  base.BaseClass - Trying to find Element By {by.toString()})
2024-04-17 18:08:40,089 [main] INFO  base.BaseClass - Found Element By {by.toString()}
2024-04-17 18:08:40,617 [main] INFO  base.BaseClass - Trying to find Element By {by.toString()})
2024-04-17 18:08:40,646 [main] INFO  base.BaseClass - Found Element By {by.toString()}
2024-04-17 18:08:41,195 [main] INFO  base.BaseClass - Trying to find Element By {by.toString()})
2024-04-17 18:08:41,216 [main] INFO  base.BaseClass - Found Element By {by.toString()}
2024-04-17 18:08:41,757 [main] INFO  base.BaseClass - Trying to find Element By {by.toString()})
2024-04-17 18:08:41,789 [main] INFO  base.BaseClass - Found Element By {by.toString()}
2024-04-17 18:08:42,335 [main] INFO  base.BaseClass - Trying to find Element By {by.toString()})
2024-04-17 18:08:42,364 [main] INFO  base.BaseClass - Found Element By {by.toString()}
2024-04-17 18:08:42,914 [main] INFO  base.BaseClass - Trying to find Element By {by.toString()})
2024-04-17 18:08:42,943 [main] INFO  base.BaseClass - Found Element By {by.toString()}
2024-04-17 18:08:43,495 [main] INFO  base.BaseClass - Trying to find Element By {by.toString()})
2024-04-17 18:08:43,525 [main] INFO  base.BaseClass - Found Element By {by.toString()}
2024-04-17 18:08:44,059 [main] INFO  base.BaseClass - Trying to find Element By {by.toString()})
2024-04-17 18:08:44,090 [main] INFO  base.BaseClass - Found Element By {by.toString()}
2024-04-17 18:08:44,624 [main] INFO  base.BaseClass - Trying to find Element By {by.toString()})
2024-04-17 18:08:44,653 [main] INFO  base.BaseClass - Found Element By {by.toString()}
2024-04-17 18:08:45,204 [main] INFO  base.BaseClass - Trying to find Element By {by.toString()})
2024-04-17 18:08:45,234 [main] INFO  base.BaseClass - Found Element By {by.toString()}
2024-04-17 18:08:45,785 [main] INFO  base.BaseClass - Trying to find Element By {by.toString()})
2024-04-17 18:08:45,813 [main] INFO  base.BaseClass - Found Element By {by.toString()}
2024-04-17 18:08:46,360 [main] INFO  base.BaseClass - Trying to find Element By {by.toString()})
2024-04-17 18:08:46,390 [main] INFO  base.BaseClass - Found Element By {by.toString()}
2024-04-17 18:08:46,937 [main] INFO  base.BaseClass - Trying to find Element By {by.toString()})
2024-04-17 18:08:46,966 [main] INFO  base.BaseClass - Found Element By {by.toString()}
2024-04-17 18:08:47,516 [main] INFO  base.BaseClass - Trying to find Element By {by.toString()})
2024-04-17 18:08:47,544 [main] INFO  base.BaseClass - Found Element By {by.toString()}
2024-04-17 18:08:48,080 [main] INFO  base.BaseClass - Trying to find Element By {by.toString()})
2024-04-17 18:08:48,108 [main] INFO  base.BaseClass - Found Element By {by.toString()}
2024-04-17 18:08:48,643 [main] INFO  base.BaseClass - Trying to find Element By {by.toString()})
2024-04-17 18:08:48,671 [main] INFO  base.BaseClass - Found Element By {by.toString()}
2024-04-17 18:08:49,193 [main] INFO  base.BaseClass - Trying to find Element By {by.toString()})
2024-04-17 18:08:49,221 [main] INFO  base.BaseClass - Found Element By {by.toString()}
2024-04-17 18:08:49,767 [main] INFO  base.BaseClass - Trying to find Element By {by.toString()})
2024-04-17 18:08:49,794 [main] INFO  base.BaseClass - Found Element By {by.toString()}
2024-04-17 18:08:50,345 [main] INFO  base.BaseClass - Trying to find Element By {by.toString()})
2024-04-17 18:08:50,373 [main] INFO  base.BaseClass - Found Element By {by.toString()}
2024-04-17 18:08:50,919 [main] INFO  base.BaseClass - Trying to find Element By {by.toString()})
2024-04-17 18:08:50,947 [main] INFO  base.BaseClass - Found Element By {by.toString()}
2024-04-17 18:08:51,495 [main] INFO  base.BaseClass - Trying to find Element By {by.toString()})
2024-04-17 18:08:51,516 [main] INFO  base.BaseClass - Found Element By {by.toString()}
2024-04-17 18:08:52,057 [main] INFO  base.BaseClass - Trying to find Element By {by.toString()})
2024-04-17 18:08:52,082 [main] INFO  base.BaseClass - Found Element By {by.toString()}
2024-04-17 18:08:52,633 [main] INFO  base.BaseClass - Trying to find Element By {by.toString()})
2024-04-17 18:08:52,651 [main] INFO  base.BaseClass - Found Element By {by.toString()}
2024-04-17 18:08:53,198 [main] INFO  base.BaseClass - Trying to find Element By {by.toString()})
2024-04-17 18:08:53,214 [main] INFO  base.BaseClass - Found Element By {by.toString()}
2024-04-17 18:08:53,744 [main] INFO  base.BaseClass - Trying to find Element By {by.toString()})
2024-04-17 18:08:53,776 [main] INFO  base.BaseClass - Found Element By {by.toString()}
2024-04-17 18:08:54,337 [main] INFO  base.BaseClass - Trying to find Element By {by.toString()})
2024-04-17 18:08:54,371 [main] INFO  base.BaseClass - Found Element By {by.toString()}
2024-04-17 18:08:54,913 [main] INFO  base.BaseClass - Trying to find Element By {by.toString()})
2024-04-17 18:08:54,935 [main] INFO  base.BaseClass - Found Element By {by.toString()}
2024-04-17 18:08:55,460 [main] INFO  base.BaseClass - Trying to find Element By {by.toString()})
2024-04-17 18:08:55,491 [main] INFO  base.BaseClass - Found Element By {by.toString()}
2024-04-17 18:08:56,021 [main] INFO  base.BaseClass - Trying to find Element By {by.toString()})
2024-04-17 18:08:56,051 [main] INFO  base.BaseClass - Found Element By {by.toString()}
2024-04-17 18:08:56,581 [main] INFO  base.BaseClass - Trying to find Element By {by.toString()})
2024-04-17 18:08:56,614 [main] INFO  base.BaseClass - Found Element By {by.toString()}
2024-04-17 18:08:57,159 [main] INFO  base.BaseClass - Trying to find Element By {by.toString()})
2024-04-17 18:08:57,191 [main] INFO  base.BaseClass - Found Element By {by.toString()}
2024-04-17 18:08:57,721 [main] INFO  base.BaseClass - Trying to find Element By {by.toString()})
2024-04-17 18:08:57,754 [main] INFO  base.BaseClass - Found Element By {by.toString()}
2024-04-17 18:08:58,317 [main] INFO  base.BaseClass - Trying to find Element By {by.toString()})
2024-04-17 18:08:58,333 [main] INFO  base.BaseClass - Found Element By {by.toString()}
2024-04-17 18:08:58,866 [main] INFO  base.BaseClass - Trying to find Element By {by.toString()})
2024-04-17 18:08:58,899 [main] INFO  base.BaseClass - Found Element By {by.toString()}
2024-04-17 18:08:59,442 [main] INFO  base.BaseClass - Trying to find Element By {by.toString()})
2024-04-17 18:08:59,473 [main] INFO  base.BaseClass - Found Element By {by.toString()}
2024-04-17 18:09:00,001 [main] INFO  base.BaseClass - Trying to find Element By {by.toString()})
2024-04-17 18:09:00,028 [main] INFO  base.BaseClass - Found Element By {by.toString()}
2024-04-17 18:09:00,561 [main] INFO  base.BaseClass - Trying to find Element By {by.toString()})
2024-04-17 18:09:00,592 [main] INFO  base.BaseClass - Found Element By {by.toString()}
2024-04-17 18:09:01,140 [main] INFO  base.BaseClass - Trying to find Element By {by.toString()})
2024-04-17 18:09:01,171 [main] INFO  base.BaseClass - Found Element By {by.toString()}
2024-04-17 18:09:01,722 [main] INFO  base.BaseClass - Trying to find Element By {by.toString()})
2024-04-17 18:09:01,754 [main] INFO  base.BaseClass - Found Element By {by.toString()}
2024-04-17 18:09:02,303 [main] INFO  base.BaseClass - Trying to find Element By {by.toString()})
2024-04-17 18:09:02,337 [main] INFO  base.BaseClass - Found Element By {by.toString()}
2024-04-17 18:09:02,864 [main] INFO  base.BaseClass - Trying to find Element By {by.toString()})
2024-04-17 18:09:02,893 [main] INFO  base.BaseClass - Found Element By {by.toString()}
2024-04-17 18:09:03,442 [main] INFO  base.BaseClass - Trying to find Element By {by.toString()})
2024-04-17 18:09:03,471 [main] INFO  base.BaseClass - Found Element By {by.toString()}
2024-04-17 18:09:04,024 [main] INFO  base.BaseClass - Trying to find Element By {by.toString()})
2024-04-17 18:09:04,057 [main] INFO  base.BaseClass - Found Element By {by.toString()}
2024-04-17 18:09:04,604 [main] INFO  base.BaseClass - Trying to find Element By {by.toString()})
2024-04-17 18:09:04,633 [main] INFO  base.BaseClass - Found Element By {by.toString()}
2024-04-17 18:09:05,187 [main] INFO  base.BaseClass - Trying to find Element By {by.toString()})
2024-04-17 18:09:05,217 [main] INFO  base.BaseClass - Found Element By {by.toString()}
2024-04-17 18:09:05,763 [main] INFO  base.BaseClass - Trying to find Element By {by.toString()})
2024-04-17 18:09:05,791 [main] INFO  base.BaseClass - Found Element By {by.toString()}
2024-04-17 18:09:06,343 [main] INFO  base.BaseClass - Trying to find Element By {by.toString()})
2024-04-17 18:09:06,372 [main] INFO  base.BaseClass - Found Element By {by.toString()}
2024-04-17 18:09:06,908 [main] INFO  base.BaseClass - Trying to find Element By {by.toString()})
2024-04-17 18:09:06,937 [main] INFO  base.BaseClass - Found Element By {by.toString()}
TimeoutException occurred: Expected condition failed: waiting for helper.WaitUtility$5@20c0665a (tried for 30 second(s) with 500 milliseconds interval)
Build info: version: '3.141.59', revision: 'e82be7d358', time: '2018-11-14T08:17:03'
System info: host: 'DPLAP166', ip: '137.237.2.236', os.name: 'Windows 10', os.arch: 'amd64', os.version: '10.0', java.version: '19.0.1'
Driver info: org.openqa.selenium.support.events.EventFiringWebDriver
Capabilities {acceptInsecureCerts: true, browserName: chrome, browserVersion: 123.0.6312.123, chrome: {chromedriverVersion: 123.0.6312.122 (31f8248cdd9..., userDataDir: C:\Users\dP-PL\AppData\Loca...}, fedcm:accounts: true, goog:chromeOptions: {debuggerAddress: localhost:51256}, javascriptEnabled: true, networkConnectionEnabled: false, pageLoadStrategy: normal, platform: WINDOWS, platformName: WINDOWS, proxy: Proxy(), setWindowRect: true, strictFileInteractability: false, timeouts: {implicit: 0, pageLoad: 300000, script: 30000}, unhandledPromptBehavior: dismiss and notify, webauthn:extension:credBlob: true, webauthn:extension:largeBlob: true, webauthn:extension:minPinLength: true, webauthn:extension:prf: true, webauthn:virtualAuthenticators: true}
Session ID: a59c4df4811f82049fe754efe723d3c1
2024-04-17 18:09:06,983 [main] ERROR RotationCopy_test - Element did not become visible within the specified time: Expected condition failed: waiting for helper.WaitUtility$5@20c0665a (tried for 30 second(s) with 500 milliseconds interval)
Build info: version: '3.141.59', revision: 'e82be7d358', time: '2018-11-14T08:17:03'
System info: host: 'DPLAP166', ip: '137.237.2.236', os.name: 'Windows 10', os.arch: 'amd64', os.version: '10.0', java.version: '19.0.1'
Driver info: org.openqa.selenium.support.events.EventFiringWebDriver
Capabilities {acceptInsecureCerts: true, browserName: chrome, browserVersion: 123.0.6312.123, chrome: {chromedriverVersion: 123.0.6312.122 (31f8248cdd9..., userDataDir: C:\Users\dP-PL\AppData\Loca...}, fedcm:accounts: true, goog:chromeOptions: {debuggerAddress: localhost:51256}, javascriptEnabled: true, networkConnectionEnabled: false, pageLoadStrategy: normal, platform: WINDOWS, platformName: WINDOWS, proxy: Proxy(), setWindowRect: true, strictFileInteractability: false, timeouts: {implicit: 0, pageLoad: 300000, script: 30000}, unhandledPromptBehavior: dismiss and notify, webauthn:extension:credBlob: true, webauthn:extension:largeBlob: true, webauthn:extension:minPinLength: true, webauthn:extension:prf: true, webauthn:virtualAuthenticators: true}
Session ID: a59c4df4811f82049fe754efe723d3c1
2024-04-17 18:09:06,983 [main] INFO  base.BaseClass - Trying to find Element By {by.toString()})
2024-04-17 18:09:07,009 [main] INFO  base.BaseClass - Found Element By {by.toString()}
2024-04-17 18:09:07,010 [main] INFO  base.BaseClass - Trying to click on: {element.toString()}
2024-04-17 18:09:07,086 [main] INFO  base.BaseClass - Clicked on: {element.toString()}
2024-04-17 18:09:07,092 [main] INFO  base.BaseClass - Trying to find Element By {by.toString()})
2024-04-17 18:09:07,105 [main] INFO  base.BaseClass - Found Element By {by.toString()}
2024-04-17 18:09:07,628 [main] INFO  base.BaseClass - Trying to find Element By {by.toString()})
2024-04-17 18:09:08,091 [main] INFO  base.BaseClass - Found Element By {by.toString()}
2024-04-17 18:09:08,612 [main] INFO  base.BaseClass - Trying to find Element By {by.toString()})
2024-04-17 18:09:08,627 [main] INFO  base.BaseClass - Found Element By {by.toString()}
2024-04-17 18:09:09,160 [main] INFO  base.BaseClass - Trying to find Element By {by.toString()})
2024-04-17 18:09:09,192 [main] INFO  base.BaseClass - Found Element By {by.toString()}
2024-04-17 18:09:09,738 [main] INFO  base.BaseClass - Trying to find Element By {by.toString()})
2024-04-17 18:09:09,770 [main] INFO  base.BaseClass - Found Element By {by.toString()}
2024-04-17 18:09:10,317 [main] INFO  base.BaseClass - Trying to find Element By {by.toString()})
2024-04-17 18:09:10,338 [main] INFO  base.BaseClass - Found Element By {by.toString()}
2024-04-17 18:09:10,880 [main] INFO  base.BaseClass - Trying to find Element By {by.toString()})
2024-04-17 18:09:10,910 [main] INFO  base.BaseClass - Found Element By {by.toString()}
2024-04-17 18:09:11,460 [main] INFO  base.BaseClass - Trying to find Element By {by.toString()})
2024-04-17 18:09:11,491 [main] INFO  base.BaseClass - Found Element By {by.toString()}
2024-04-17 18:09:12,028 [main] INFO  base.BaseClass - Trying to find Element By {by.toString()})
2024-04-17 18:09:12,043 [main] INFO  base.BaseClass - Found Element By {by.toString()}
2024-04-17 18:09:12,563 [main] INFO  base.BaseClass - Trying to find Element By {by.toString()})
2024-04-17 18:09:12,580 [main] INFO  base.BaseClass - Found Element By {by.toString()}
2024-04-17 18:09:13,113 [main] INFO  base.BaseClass - Trying to find Element By {by.toString()})
2024-04-17 18:09:13,132 [main] INFO  base.BaseClass - Found Element By {by.toString()}
2024-04-17 18:09:13,664 [main] INFO  base.BaseClass - Trying to find Element By {by.toString()})
2024-04-17 18:09:13,676 [main] INFO  base.BaseClass - Found Element By {by.toString()}
2024-04-17 18:09:14,195 [main] INFO  base.BaseClass - Trying to find Element By {by.toString()})
2024-04-17 18:09:14,227 [main] INFO  base.BaseClass - Found Element By {by.toString()}
2024-04-17 18:09:14,771 [main] INFO  base.BaseClass - Trying to find Element By {by.toString()})
2024-04-17 18:09:14,803 [main] INFO  base.BaseClass - Found Element By {by.toString()}
2024-04-17 18:09:15,336 [main] INFO  base.BaseClass - Trying to find Element By {by.toString()})
2024-04-17 18:09:15,366 [main] INFO  base.BaseClass - Found Element By {by.toString()}
2024-04-17 18:09:15,919 [main] INFO  base.BaseClass - Trying to find Element By {by.toString()})
2024-04-17 18:09:15,950 [main] INFO  base.BaseClass - Found Element By {by.toString()}
2024-04-17 18:09:16,500 [main] INFO  base.BaseClass - Trying to find Element By {by.toString()})
2024-04-17 18:09:16,530 [main] INFO  base.BaseClass - Found Element By {by.toString()}
2024-04-17 18:09:17,083 [main] INFO  base.BaseClass - Trying to find Element By {by.toString()})
2024-04-17 18:09:17,112 [main] INFO  base.BaseClass - Found Element By {by.toString()}
2024-04-17 18:09:17,659 [main] INFO  base.BaseClass - Trying to find Element By {by.toString()})
2024-04-17 18:09:17,688 [main] INFO  base.BaseClass - Found Element By {by.toString()}
2024-04-17 18:09:18,240 [main] INFO  base.BaseClass - Trying to find Element By {by.toString()})
2024-04-17 18:09:18,269 [main] INFO  base.BaseClass - Found Element By {by.toString()}
2024-04-17 18:09:18,823 [main] INFO  base.BaseClass - Trying to find Element By {by.toString()})
2024-04-17 18:09:18,851 [main] INFO  base.BaseClass - Found Element By {by.toString()}
2024-04-17 18:09:19,401 [main] INFO  base.BaseClass - Trying to find Element By {by.toString()})
2024-04-17 18:09:19,432 [main] INFO  base.BaseClass - Found Element By {by.toString()}
2024-04-17 18:09:19,978 [main] INFO  base.BaseClass - Trying to find Element By {by.toString()})
2024-04-17 18:09:20,007 [main] INFO  base.BaseClass - Found Element By {by.toString()}
2024-04-17 18:09:20,554 [main] INFO  base.BaseClass - Trying to find Element By {by.toString()})
2024-04-17 18:09:20,583 [main] INFO  base.BaseClass - Found Element By {by.toString()}
2024-04-17 18:09:21,132 [main] INFO  base.BaseClass - Trying to find Element By {by.toString()})
2024-04-17 18:09:21,161 [main] INFO  base.BaseClass - Found Element By {by.toString()}
2024-04-17 18:09:21,709 [main] INFO  base.BaseClass - Trying to find Element By {by.toString()})
2024-04-17 18:09:21,739 [main] INFO  base.BaseClass - Found Element By {by.toString()}
2024-04-17 18:09:22,289 [main] INFO  base.BaseClass - Trying to find Element By {by.toString()})
2024-04-17 18:09:22,317 [main] INFO  base.BaseClass - Found Element By {by.toString()}
2024-04-17 18:09:22,851 [main] INFO  base.BaseClass - Trying to find Element By {by.toString()})
2024-04-17 18:09:22,868 [main] INFO  base.BaseClass - Found Element By {by.toString()}
2024-04-17 18:09:23,399 [main] INFO  base.BaseClass - Trying to find Element By {by.toString()})
2024-04-17 18:09:23,414 [main] INFO  base.BaseClass - Found Element By {by.toString()}
2024-04-17 18:09:23,941 [main] INFO  base.BaseClass - Trying to find Element By {by.toString()})
2024-04-17 18:09:23,970 [main] INFO  base.BaseClass - Found Element By {by.toString()}
2024-04-17 18:09:24,517 [main] INFO  base.BaseClass - Trying to find Element By {by.toString()})
2024-04-17 18:09:24,546 [main] INFO  base.BaseClass - Found Element By {by.toString()}
2024-04-17 18:09:25,092 [main] INFO  base.BaseClass - Trying to find Element By {by.toString()})
2024-04-17 18:09:25,121 [main] INFO  base.BaseClass - Found Element By {by.toString()}
2024-04-17 18:09:25,675 [main] INFO  base.BaseClass - Trying to find Element By {by.toString()})
2024-04-17 18:09:25,704 [main] INFO  base.BaseClass - Found Element By {by.toString()}
2024-04-17 18:09:26,253 [main] INFO  base.BaseClass - Trying to find Element By {by.toString()})
2024-04-17 18:09:26,283 [main] INFO  base.BaseClass - Found Element By {by.toString()}
2024-04-17 18:09:26,829 [main] INFO  base.BaseClass - Trying to find Element By {by.toString()})
2024-04-17 18:09:26,858 [main] INFO  base.BaseClass - Found Element By {by.toString()}
2024-04-17 18:09:27,406 [main] INFO  base.BaseClass - Trying to find Element By {by.toString()})
2024-04-17 18:09:27,424 [main] INFO  base.BaseClass - Found Element By {by.toString()}
2024-04-17 18:09:27,952 [main] INFO  base.BaseClass - Trying to find Element By {by.toString()})
2024-04-17 18:09:27,982 [main] INFO  base.BaseClass - Found Element By {by.toString()}
2024-04-17 18:09:28,528 [main] INFO  base.BaseClass - Trying to find Element By {by.toString()})
2024-04-17 18:09:28,556 [main] INFO  base.BaseClass - Found Element By {by.toString()}
2024-04-17 18:09:29,091 [main] INFO  base.BaseClass - Trying to find Element By {by.toString()})
2024-04-17 18:09:29,121 [main] INFO  base.BaseClass - Found Element By {by.toString()}
2024-04-17 18:09:29,673 [main] INFO  base.BaseClass - Trying to find Element By {by.toString()})
2024-04-17 18:09:29,702 [main] INFO  base.BaseClass - Found Element By {by.toString()}
2024-04-17 18:09:30,241 [main] INFO  base.BaseClass - Trying to find Element By {by.toString()})
2024-04-17 18:09:30,271 [main] INFO  base.BaseClass - Found Element By {by.toString()}
2024-04-17 18:09:30,804 [main] INFO  base.BaseClass - Trying to find Element By {by.toString()})
2024-04-17 18:09:30,835 [main] INFO  base.BaseClass - Found Element By {by.toString()}
2024-04-17 18:09:31,370 [main] INFO  base.BaseClass - Trying to find Element By {by.toString()})
2024-04-17 18:09:31,400 [main] INFO  base.BaseClass - Found Element By {by.toString()}
2024-04-17 18:09:31,946 [main] INFO  base.BaseClass - Trying to find Element By {by.toString()})
2024-04-17 18:09:31,975 [main] INFO  base.BaseClass - Found Element By {by.toString()}
2024-04-17 18:09:32,530 [main] INFO  base.BaseClass - Trying to find Element By {by.toString()})
2024-04-17 18:09:32,558 [main] INFO  base.BaseClass - Found Element By {by.toString()}
2024-04-17 18:09:33,111 [main] INFO  base.BaseClass - Trying to find Element By {by.toString()})
2024-04-17 18:09:33,141 [main] INFO  base.BaseClass - Found Element By {by.toString()}
2024-04-17 18:09:33,689 [main] INFO  base.BaseClass - Trying to find Element By {by.toString()})
2024-04-17 18:09:33,718 [main] INFO  base.BaseClass - Found Element By {by.toString()}
2024-04-17 18:09:34,256 [main] INFO  base.BaseClass - Trying to find Element By {by.toString()})
2024-04-17 18:09:34,278 [main] INFO  base.BaseClass - Found Element By {by.toString()}
2024-04-17 18:09:34,802 [main] INFO  base.BaseClass - Trying to find Element By {by.toString()})
2024-04-17 18:09:34,832 [main] INFO  base.BaseClass - Found Element By {by.toString()}
2024-04-17 18:09:35,364 [main] INFO  base.BaseClass - Trying to find Element By {by.toString()})
2024-04-17 18:09:35,382 [main] INFO  base.BaseClass - Found Element By {by.toString()}
2024-04-17 18:09:35,911 [main] INFO  base.BaseClass - Trying to find Element By {by.toString()})
2024-04-17 18:09:35,940 [main] INFO  base.BaseClass - Found Element By {by.toString()}
2024-04-17 18:09:36,475 [main] INFO  base.BaseClass - Trying to find Element By {by.toString()})
2024-04-17 18:09:36,499 [main] INFO  base.BaseClass - Found Element By {by.toString()}
2024-04-17 18:09:37,040 [main] INFO  base.BaseClass - Trying to find Element By {by.toString()})
2024-04-17 18:09:37,072 [main] INFO  base.BaseClass - Found Element By {by.toString()}
TimeoutException occurred: Expected condition failed: waiting for helper.WaitUtility$5@56751218 (tried for 30 second(s) with 500 milliseconds interval)
Build info: version: '3.141.59', revision: 'e82be7d358', time: '2018-11-14T08:17:03'
System info: host: 'DPLAP166', ip: '137.237.2.236', os.name: 'Windows 10', os.arch: 'amd64', os.version: '10.0', java.version: '19.0.1'
Driver info: org.openqa.selenium.support.events.EventFiringWebDriver
Capabilities {acceptInsecureCerts: true, browserName: chrome, browserVersion: 123.0.6312.123, chrome: {chromedriverVersion: 123.0.6312.122 (31f8248cdd9..., userDataDir: C:\Users\dP-PL\AppData\Loca...}, fedcm:accounts: true, goog:chromeOptions: {debuggerAddress: localhost:51256}, javascriptEnabled: true, networkConnectionEnabled: false, pageLoadStrategy: normal, platform: WINDOWS, platformName: WINDOWS, proxy: Proxy(), setWindowRect: true, strictFileInteractability: false, timeouts: {implicit: 0, pageLoad: 300000, script: 30000}, unhandledPromptBehavior: dismiss and notify, webauthn:extension:credBlob: true, webauthn:extension:largeBlob: true, webauthn:extension:minPinLength: true, webauthn:extension:prf: true, webauthn:virtualAuthenticators: true}
Session ID: a59c4df4811f82049fe754efe723d3c1
2024-04-17 18:09:37,104 [main] ERROR RotationCopy_test - Element did not become visible within the specified time: Expected condition failed: waiting for helper.WaitUtility$5@56751218 (tried for 30 second(s) with 500 milliseconds interval)
Build info: version: '3.141.59', revision: 'e82be7d358', time: '2018-11-14T08:17:03'
System info: host: 'DPLAP166', ip: '137.237.2.236', os.name: 'Windows 10', os.arch: 'amd64', os.version: '10.0', java.version: '19.0.1'
Driver info: org.openqa.selenium.support.events.EventFiringWebDriver
Capabilities {acceptInsecureCerts: true, browserName: chrome, browserVersion: 123.0.6312.123, chrome: {chromedriverVersion: 123.0.6312.122 (31f8248cdd9..., userDataDir: C:\Users\dP-PL\AppData\Loca...}, fedcm:accounts: true, goog:chromeOptions: {debuggerAddress: localhost:51256}, javascriptEnabled: true, networkConnectionEnabled: false, pageLoadStrategy: normal, platform: WINDOWS, platformName: WINDOWS, proxy: Proxy(), setWindowRect: true, strictFileInteractability: false, timeouts: {implicit: 0, pageLoad: 300000, script: 30000}, unhandledPromptBehavior: dismiss and notify, webauthn:extension:credBlob: true, webauthn:extension:largeBlob: true, webauthn:extension:minPinLength: true, webauthn:extension:prf: true, webauthn:virtualAuthenticators: true}
Session ID: a59c4df4811f82049fe754efe723d3c1
2024-04-17 18:09:37,104 [main] INFO  base.BaseClass - Trying to find Element By {by.toString()})
2024-04-17 18:09:37,119 [main] INFO  base.BaseClass - Found Element By {by.toString()}
2024-04-17 18:09:37,119 [main] INFO  base.BaseClass - Trying to click on: {element.toString()}
2024-04-17 18:09:37,308 [main] INFO  base.BaseClass - Clicked on: {element.toString()}
2024-04-17 18:09:37,309 [main] INFO  base.BaseClass - Trying to find Element By {by.toString()})
2024-04-17 18:09:38,131 [main] INFO  base.BaseClass - Found Element By {by.toString()}
2024-04-17 18:09:38,655 [main] INFO  base.BaseClass - Trying to find Element By {by.toString()})
2024-04-17 18:09:38,688 [main] INFO  base.BaseClass - Found Element By {by.toString()}
2024-04-17 18:09:39,229 [main] INFO  base.BaseClass - Trying to find Element By {by.toString()})
2024-04-17 18:09:39,263 [main] INFO  base.BaseClass - Found Element By {by.toString()}
2024-04-17 18:09:39,810 [main] INFO  base.BaseClass - Trying to find Element By {by.toString()})
2024-04-17 18:09:39,843 [main] INFO  base.BaseClass - Found Element By {by.toString()}
2024-04-17 18:09:40,389 [main] INFO  base.BaseClass - Trying to find Element By {by.toString()})
2024-04-17 18:09:40,419 [main] INFO  base.BaseClass - Found Element By {by.toString()}
2024-04-17 18:09:40,966 [main] INFO  base.BaseClass - Trying to find Element By {by.toString()})
2024-04-17 18:09:40,997 [main] INFO  base.BaseClass - Found Element By {by.toString()}
2024-04-17 18:09:41,543 [main] INFO  base.BaseClass - Trying to find Element By {by.toString()})
2024-04-17 18:09:41,571 [main] INFO  base.BaseClass - Found Element By {by.toString()}
2024-04-17 18:09:42,105 [main] INFO  base.BaseClass - Trying to find Element By {by.toString()})
2024-04-17 18:09:42,137 [main] INFO  base.BaseClass - Found Element By {by.toString()}
2024-04-17 18:09:42,684 [main] INFO  base.BaseClass - Trying to find Element By {by.toString()})
2024-04-17 18:09:42,708 [main] INFO  base.BaseClass - Found Element By {by.toString()}
2024-04-17 18:09:43,259 [main] INFO  base.BaseClass - Trying to find Element By {by.toString()})
2024-04-17 18:09:43,289 [main] INFO  base.BaseClass - Found Element By {by.toString()}
2024-04-17 18:09:43,839 [main] INFO  base.BaseClass - Trying to find Element By {by.toString()})
2024-04-17 18:09:43,874 [main] INFO  base.BaseClass - Found Element By {by.toString()}
2024-04-17 18:09:44,415 [main] INFO  base.BaseClass - Trying to find Element By {by.toString()})
2024-04-17 18:09:44,478 [main] INFO  base.BaseClass - Found Element By {by.toString()}
2024-04-17 18:09:45,007 [main] INFO  base.BaseClass - Trying to find Element By {by.toString()})
2024-04-17 18:09:45,038 [main] INFO  base.BaseClass - Found Element By {by.toString()}
2024-04-17 18:09:45,585 [main] INFO  base.BaseClass - Trying to find Element By {by.toString()})
2024-04-17 18:09:45,611 [main] INFO  base.BaseClass - Found Element By {by.toString()}
2024-04-17 18:09:46,131 [main] INFO  base.BaseClass - Trying to find Element By {by.toString()})
2024-04-17 18:09:46,162 [main] INFO  base.BaseClass - Found Element By {by.toString()}
2024-04-17 18:09:46,711 [main] INFO  base.BaseClass - Trying to find Element By {by.toString()})
2024-04-17 18:09:46,742 [main] INFO  base.BaseClass - Found Element By {by.toString()}
2024-04-17 18:09:47,291 [main] INFO  base.BaseClass - Trying to find Element By {by.toString()})
2024-04-17 18:09:47,325 [main] INFO  base.BaseClass - Found Element By {by.toString()}
2024-04-17 18:09:47,870 [main] INFO  base.BaseClass - Trying to find Element By {by.toString()})
2024-04-17 18:09:47,886 [main] INFO  base.BaseClass - Found Element By {by.toString()}
2024-04-17 18:09:48,421 [main] INFO  base.BaseClass - Trying to find Element By {by.toString()})
2024-04-17 18:09:48,446 [main] INFO  base.BaseClass - Found Element By {by.toString()}
2024-04-17 18:09:48,984 [main] INFO  base.BaseClass - Trying to find Element By {by.toString()})
2024-04-17 18:09:49,016 [main] INFO  base.BaseClass - Found Element By {by.toString()}
2024-04-17 18:09:49,567 [main] INFO  base.BaseClass - Trying to find Element By {by.toString()})
2024-04-17 18:09:49,583 [main] INFO  base.BaseClass - Found Element By {by.toString()}
2024-04-17 18:09:50,104 [main] INFO  base.BaseClass - Trying to find Element By {by.toString()})
2024-04-17 18:09:50,133 [main] INFO  base.BaseClass - Found Element By {by.toString()}
2024-04-17 18:09:50,683 [main] INFO  base.BaseClass - Trying to find Element By {by.toString()})
2024-04-17 18:09:50,713 [main] INFO  base.BaseClass - Found Element By {by.toString()}
2024-04-17 18:09:51,261 [main] INFO  base.BaseClass - Trying to find Element By {by.toString()})
2024-04-17 18:09:51,290 [main] INFO  base.BaseClass - Found Element By {by.toString()}
2024-04-17 18:09:51,828 [main] INFO  base.BaseClass - Trying to find Element By {by.toString()})
2024-04-17 18:09:51,860 [main] INFO  base.BaseClass - Found Element By {by.toString()}
2024-04-17 18:09:52,408 [main] INFO  base.BaseClass - Trying to find Element By {by.toString()})
2024-04-17 18:09:52,439 [main] INFO  base.BaseClass - Found Element By {by.toString()}
2024-04-17 18:09:52,986 [main] INFO  base.BaseClass - Trying to find Element By {by.toString()})
2024-04-17 18:09:53,017 [main] INFO  base.BaseClass - Found Element By {by.toString()}
2024-04-17 18:09:53,550 [main] INFO  base.BaseClass - Trying to find Element By {by.toString()})
2024-04-17 18:09:53,576 [main] INFO  base.BaseClass - Found Element By {by.toString()}
2024-04-17 18:09:54,112 [main] INFO  base.BaseClass - Trying to find Element By {by.toString()})
2024-04-17 18:09:54,134 [main] INFO  base.BaseClass - Found Element By {by.toString()}
2024-04-17 18:09:54,675 [main] INFO  base.BaseClass - Trying to find Element By {by.toString()})
2024-04-17 18:09:54,706 [main] INFO  base.BaseClass - Found Element By {by.toString()}
2024-04-17 18:09:55,243 [main] INFO  base.BaseClass - Trying to find Element By {by.toString()})
2024-04-17 18:09:55,273 [main] INFO  base.BaseClass - Found Element By {by.toString()}
2024-04-17 18:09:55,822 [main] INFO  base.BaseClass - Trying to find Element By {by.toString()})
2024-04-17 18:09:55,852 [main] INFO  base.BaseClass - Found Element By {by.toString()}
2024-04-17 18:09:56,398 [main] INFO  base.BaseClass - Trying to find Element By {by.toString()})
2024-04-17 18:09:56,429 [main] INFO  base.BaseClass - Found Element By {by.toString()}
2024-04-17 18:09:56,975 [main] INFO  base.BaseClass - Trying to find Element By {by.toString()})
2024-04-17 18:09:57,006 [main] INFO  base.BaseClass - Found Element By {by.toString()}
2024-04-17 18:09:57,554 [main] INFO  base.BaseClass - Trying to find Element By {by.toString()})
2024-04-17 18:09:57,585 [main] INFO  base.BaseClass - Found Element By {by.toString()}
2024-04-17 18:09:58,118 [main] INFO  base.BaseClass - Trying to find Element By {by.toString()})
2024-04-17 18:09:58,149 [main] INFO  base.BaseClass - Found Element By {by.toString()}
2024-04-17 18:09:58,698 [main] INFO  base.BaseClass - Trying to find Element By {by.toString()})
2024-04-17 18:09:58,731 [main] INFO  base.BaseClass - Found Element By {by.toString()}
2024-04-17 18:09:59,293 [main] INFO  base.BaseClass - Trying to find Element By {by.toString()})
2024-04-17 18:09:59,327 [main] INFO  base.BaseClass - Found Element By {by.toString()}
2024-04-17 18:09:59,874 [main] INFO  base.BaseClass - Trying to find Element By {by.toString()})
2024-04-17 18:09:59,907 [main] INFO  base.BaseClass - Found Element By {by.toString()}
2024-04-17 18:10:00,450 [main] INFO  base.BaseClass - Trying to find Element By {by.toString()})
2024-04-17 18:10:00,510 [main] INFO  base.BaseClass - Found Element By {by.toString()}
2024-04-17 18:10:01,032 [main] INFO  base.BaseClass - Trying to find Element By {by.toString()})
2024-04-17 18:10:01,062 [main] INFO  base.BaseClass - Found Element By {by.toString()}
2024-04-17 18:10:01,608 [main] INFO  base.BaseClass - Trying to find Element By {by.toString()})
2024-04-17 18:10:01,629 [main] INFO  base.BaseClass - Found Element By {by.toString()}
2024-04-17 18:10:02,156 [main] INFO  base.BaseClass - Trying to find Element By {by.toString()})
2024-04-17 18:10:02,171 [main] INFO  base.BaseClass - Found Element By {by.toString()}
2024-04-17 18:10:02,704 [main] INFO  base.BaseClass - Trying to find Element By {by.toString()})
2024-04-17 18:10:02,734 [main] INFO  base.BaseClass - Found Element By {by.toString()}
2024-04-17 18:10:03,281 [main] INFO  base.BaseClass - Trying to find Element By {by.toString()})
2024-04-17 18:10:03,311 [main] INFO  base.BaseClass - Found Element By {by.toString()}
2024-04-17 18:10:03,858 [main] INFO  base.BaseClass - Trying to find Element By {by.toString()})
2024-04-17 18:10:03,888 [main] INFO  base.BaseClass - Found Element By {by.toString()}
2024-04-17 18:10:04,437 [main] INFO  base.BaseClass - Trying to find Element By {by.toString()})
2024-04-17 18:10:04,466 [main] INFO  base.BaseClass - Found Element By {by.toString()}
2024-04-17 18:10:04,998 [main] INFO  base.BaseClass - Trying to find Element By {by.toString()})
2024-04-17 18:10:05,024 [main] INFO  base.BaseClass - Found Element By {by.toString()}
2024-04-17 18:10:05,560 [main] INFO  base.BaseClass - Trying to find Element By {by.toString()})
2024-04-17 18:10:05,590 [main] INFO  base.BaseClass - Found Element By {by.toString()}
2024-04-17 18:10:06,140 [main] INFO  base.BaseClass - Trying to find Element By {by.toString()})
2024-04-17 18:10:06,170 [main] INFO  base.BaseClass - Found Element By {by.toString()}
2024-04-17 18:10:06,720 [main] INFO  base.BaseClass - Trying to find Element By {by.toString()})
2024-04-17 18:10:06,750 [main] INFO  base.BaseClass - Found Element By {by.toString()}
2024-04-17 18:10:07,285 [main] INFO  base.BaseClass - Trying to find Element By {by.toString()})
2024-04-17 18:10:07,314 [main] INFO  base.BaseClass - Found Element By {by.toString()}
TimeoutException occurred: Expected condition failed: waiting for helper.WaitUtility$5@4c88a441 (tried for 30 second(s) with 500 milliseconds interval)
Build info: version: '3.141.59', revision: 'e82be7d358', time: '2018-11-14T08:17:03'
System info: host: 'DPLAP166', ip: '137.237.2.236', os.name: 'Windows 10', os.arch: 'amd64', os.version: '10.0', java.version: '19.0.1'
Driver info: org.openqa.selenium.support.events.EventFiringWebDriver
Capabilities {acceptInsecureCerts: true, browserName: chrome, browserVersion: 123.0.6312.123, chrome: {chromedriverVersion: 123.0.6312.122 (31f8248cdd9..., userDataDir: C:\Users\dP-PL\AppData\Loca...}, fedcm:accounts: true, goog:chromeOptions: {debuggerAddress: localhost:51256}, javascriptEnabled: true, networkConnectionEnabled: false, pageLoadStrategy: normal, platform: WINDOWS, platformName: WINDOWS, proxy: Proxy(), setWindowRect: true, strictFileInteractability: false, timeouts: {implicit: 0, pageLoad: 300000, script: 30000}, unhandledPromptBehavior: dismiss and notify, webauthn:extension:credBlob: true, webauthn:extension:largeBlob: true, webauthn:extension:minPinLength: true, webauthn:extension:prf: true, webauthn:virtualAuthenticators: true}
Session ID: a59c4df4811f82049fe754efe723d3c1
2024-04-17 18:10:07,350 [main] ERROR RotationCopy_test - Element did not become visible within the specified time: Expected condition failed: waiting for helper.WaitUtility$5@4c88a441 (tried for 30 second(s) with 500 milliseconds interval)
Build info: version: '3.141.59', revision: 'e82be7d358', time: '2018-11-14T08:17:03'
System info: host: 'DPLAP166', ip: '137.237.2.236', os.name: 'Windows 10', os.arch: 'amd64', os.version: '10.0', java.version: '19.0.1'
Driver info: org.openqa.selenium.support.events.EventFiringWebDriver
Capabilities {acceptInsecureCerts: true, browserName: chrome, browserVersion: 123.0.6312.123, chrome: {chromedriverVersion: 123.0.6312.122 (31f8248cdd9..., userDataDir: C:\Users\dP-PL\AppData\Loca...}, fedcm:accounts: true, goog:chromeOptions: {debuggerAddress: localhost:51256}, javascriptEnabled: true, networkConnectionEnabled: false, pageLoadStrategy: normal, platform: WINDOWS, platformName: WINDOWS, proxy: Proxy(), setWindowRect: true, strictFileInteractability: false, timeouts: {implicit: 0, pageLoad: 300000, script: 30000}, unhandledPromptBehavior: dismiss and notify, webauthn:extension:credBlob: true, webauthn:extension:largeBlob: true, webauthn:extension:minPinLength: true, webauthn:extension:prf: true, webauthn:virtualAuthenticators: true}
Session ID: a59c4df4811f82049fe754efe723d3c1
2024-04-17 18:10:07,350 [main] INFO  base.BaseClass - Trying to find Element By {by.toString()})
2024-04-17 18:10:07,371 [main] INFO  base.BaseClass - Found Element By {by.toString()}
2024-04-17 18:10:07,371 [main] INFO  base.BaseClass - Trying to click on: {element.toString()}
2024-04-17 18:10:07,468 [main] INFO  base.BaseClass - Clicked on: {element.toString()}
2024-04-17 18:10:07,468 [main] INFO  base.BaseClass - Trying to find Element By {by.toString()})
2024-04-17 18:10:07,483 [main] INFO  base.BaseClass - Found Element By {by.toString()}
2024-04-17 18:10:08,002 [main] INFO  base.BaseClass - Trying to find Element By {by.toString()})
2024-04-17 18:10:08,034 [main] INFO  base.BaseClass - Found Element By {by.toString()}
2024-04-17 18:10:08,579 [main] INFO  base.BaseClass - Trying to find Element By {by.toString()})
2024-04-17 18:10:08,590 [main] INFO  base.BaseClass - Found Element By {by.toString()}
2024-04-17 18:10:09,110 [main] INFO  base.BaseClass - Trying to find Element By {by.toString()})
2024-04-17 18:10:09,142 [main] INFO  base.BaseClass - Found Element By {by.toString()}
2024-04-17 18:10:09,687 [main] INFO  base.BaseClass - Trying to find Element By {by.toString()})
2024-04-17 18:10:09,713 [main] INFO  base.BaseClass - Found Element By {by.toString()}
2024-04-17 18:10:10,253 [main] INFO  base.BaseClass - Trying to find Element By {by.toString()})
2024-04-17 18:10:10,284 [main] INFO  base.BaseClass - Found Element By {by.toString()}
2024-04-17 18:10:10,834 [main] INFO  base.BaseClass - Trying to find Element By {by.toString()})
2024-04-17 18:10:10,864 [main] INFO  base.BaseClass - Found Element By {by.toString()}
2024-04-17 18:10:11,412 [main] INFO  base.BaseClass - Trying to find Element By {by.toString()})
2024-04-17 18:10:11,443 [main] INFO  base.BaseClass - Found Element By {by.toString()}
2024-04-17 18:10:11,991 [main] INFO  base.BaseClass - Trying to find Element By {by.toString()})
2024-04-17 18:10:12,022 [main] INFO  base.BaseClass - Found Element By {by.toString()}
2024-04-17 18:10:12,568 [main] INFO  base.BaseClass - Trying to find Element By {by.toString()})
2024-04-17 18:10:12,596 [main] INFO  base.BaseClass - Found Element By {by.toString()}
2024-04-17 18:10:13,133 [main] INFO  base.BaseClass - Trying to find Element By {by.toString()})
2024-04-17 18:10:13,164 [main] INFO  base.BaseClass - Found Element By {by.toString()}
2024-04-17 18:10:13,712 [main] INFO  base.BaseClass - Trying to find Element By {by.toString()})
2024-04-17 18:10:13,738 [main] INFO  base.BaseClass - Found Element By {by.toString()}
2024-04-17 18:10:14,277 [main] INFO  base.BaseClass - Trying to find Element By {by.toString()})
2024-04-17 18:10:14,337 [main] INFO  base.BaseClass - Found Element By {by.toString()}
2024-04-17 18:10:14,857 [main] INFO  base.BaseClass - Trying to find Element By {by.toString()})
2024-04-17 18:10:14,888 [main] INFO  base.BaseClass - Found Element By {by.toString()}
2024-04-17 18:10:15,433 [main] INFO  base.BaseClass - Trying to find Element By {by.toString()})
2024-04-17 18:10:15,464 [main] INFO  base.BaseClass - Found Element By {by.toString()}
2024-04-17 18:10:16,015 [main] INFO  base.BaseClass - Trying to find Element By {by.toString()})
2024-04-17 18:10:16,045 [main] INFO  base.BaseClass - Found Element By {by.toString()}
2024-04-17 18:10:16,579 [main] INFO  base.BaseClass - Trying to find Element By {by.toString()})
2024-04-17 18:10:16,609 [main] INFO  base.BaseClass - Found Element By {by.toString()}
2024-04-17 18:10:17,157 [main] INFO  base.BaseClass - Trying to find Element By {by.toString()})
2024-04-17 18:10:17,180 [main] INFO  base.BaseClass - Found Element By {by.toString()}
2024-04-17 18:10:17,720 [main] INFO  base.BaseClass - Trying to find Element By {by.toString()})
2024-04-17 18:10:17,745 [main] INFO  base.BaseClass - Found Element By {by.toString()}
2024-04-17 18:10:18,270 [main] INFO  base.BaseClass - Trying to find Element By {by.toString()})
2024-04-17 18:10:18,301 [main] INFO  base.BaseClass - Found Element By {by.toString()}
2024-04-17 18:10:18,847 [main] INFO  base.BaseClass - Trying to find Element By {by.toString()})
2024-04-17 18:10:19,020 [main] INFO  base.BaseClass - Found Element By {by.toString()}
2024-04-17 18:10:19,581 [main] INFO  base.BaseClass - Trying to find Element By {by.toString()})
2024-04-17 18:10:19,612 [main] INFO  base.BaseClass - Found Element By {by.toString()}
2024-04-17 18:10:20,158 [main] INFO  base.BaseClass - Trying to find Element By {by.toString()})
2024-04-17 18:10:20,190 [main] INFO  base.BaseClass - Found Element By {by.toString()}
2024-04-17 18:10:20,736 [main] INFO  base.BaseClass - Trying to find Element By {by.toString()})
2024-04-17 18:10:20,767 [main] INFO  base.BaseClass - Found Element By {by.toString()}
2024-04-17 18:10:21,313 [main] INFO  base.BaseClass - Trying to find Element By {by.toString()})
2024-04-17 18:10:21,344 [main] INFO  base.BaseClass - Found Element By {by.toString()}
2024-04-17 18:10:21,890 [main] INFO  base.BaseClass - Trying to find Element By {by.toString()})
2024-04-17 18:10:21,921 [main] INFO  base.BaseClass - Found Element By {by.toString()}
2024-04-17 18:10:22,471 [main] INFO  base.BaseClass - Trying to find Element By {by.toString()})
2024-04-17 18:10:22,501 [main] INFO  base.BaseClass - Found Element By {by.toString()}
2024-04-17 18:10:23,047 [main] INFO  base.BaseClass - Trying to find Element By {by.toString()})
2024-04-17 18:10:23,076 [main] INFO  base.BaseClass - Found Element By {by.toString()}
2024-04-17 18:10:23,626 [main] INFO  base.BaseClass - Trying to find Element By {by.toString()})
2024-04-17 18:10:23,657 [main] INFO  base.BaseClass - Found Element By {by.toString()}
2024-04-17 18:10:24,203 [main] INFO  base.BaseClass - Trying to find Element By {by.toString()})
2024-04-17 18:10:24,235 [main] INFO  base.BaseClass - Found Element By {by.toString()}
2024-04-17 18:10:24,765 [main] INFO  base.BaseClass - Trying to find Element By {by.toString()})
2024-04-17 18:10:24,795 [main] INFO  base.BaseClass - Found Element By {by.toString()}
2024-04-17 18:10:25,332 [main] INFO  base.BaseClass - Trying to find Element By {by.toString()})
2024-04-17 18:10:25,362 [main] INFO  base.BaseClass - Found Element By {by.toString()}
2024-04-17 18:10:25,908 [main] INFO  base.BaseClass - Trying to find Element By {by.toString()})
2024-04-17 18:10:25,936 [main] INFO  base.BaseClass - Found Element By {by.toString()}
2024-04-17 18:10:26,486 [main] INFO  base.BaseClass - Trying to find Element By {by.toString()})
2024-04-17 18:10:26,516 [main] INFO  base.BaseClass - Found Element By {by.toString()}
2024-04-17 18:10:27,063 [main] INFO  base.BaseClass - Trying to find Element By {by.toString()})
2024-04-17 18:10:27,093 [main] INFO  base.BaseClass - Found Element By {by.toString()}
2024-04-17 18:10:27,642 [main] INFO  base.BaseClass - Trying to find Element By {by.toString()})
2024-04-17 18:10:27,672 [main] INFO  base.BaseClass - Found Element By {by.toString()}
2024-04-17 18:10:28,221 [main] INFO  base.BaseClass - Trying to find Element By {by.toString()})
2024-04-17 18:10:28,250 [main] INFO  base.BaseClass - Found Element By {by.toString()}
2024-04-17 18:10:28,799 [main] INFO  base.BaseClass - Trying to find Element By {by.toString()})
2024-04-17 18:10:28,863 [main] INFO  base.BaseClass - Found Element By {by.toString()}
2024-04-17 18:10:29,381 [main] INFO  base.BaseClass - Trying to find Element By {by.toString()})
2024-04-17 18:10:29,411 [main] INFO  base.BaseClass - Found Element By {by.toString()}
2024-04-17 18:10:29,958 [main] INFO  base.BaseClass - Trying to find Element By {by.toString()})
2024-04-17 18:10:29,989 [main] INFO  base.BaseClass - Found Element By {by.toString()}
2024-04-17 18:10:30,537 [main] INFO  base.BaseClass - Trying to find Element By {by.toString()})
2024-04-17 18:10:30,568 [main] INFO  base.BaseClass - Found Element By {by.toString()}
2024-04-17 18:10:31,115 [main] INFO  base.BaseClass - Trying to find Element By {by.toString()})
2024-04-17 18:10:31,145 [main] INFO  base.BaseClass - Found Element By {by.toString()}
2024-04-17 18:10:31,691 [main] INFO  base.BaseClass - Trying to find Element By {by.toString()})
2024-04-17 18:10:31,721 [main] INFO  base.BaseClass - Found Element By {by.toString()}
2024-04-17 18:10:32,268 [main] INFO  base.BaseClass - Trying to find Element By {by.toString()})
2024-04-17 18:10:32,301 [main] INFO  base.BaseClass - Found Element By {by.toString()}
2024-04-17 18:10:32,835 [main] INFO  base.BaseClass - Trying to find Element By {by.toString()})
2024-04-17 18:10:32,860 [main] INFO  base.BaseClass - Found Element By {by.toString()}
2024-04-17 18:10:33,385 [main] INFO  base.BaseClass - Trying to find Element By {by.toString()})
2024-04-17 18:10:33,416 [main] INFO  base.BaseClass - Found Element By {by.toString()}
2024-04-17 18:10:33,961 [main] INFO  base.BaseClass - Trying to find Element By {by.toString()})
2024-04-17 18:10:33,991 [main] INFO  base.BaseClass - Found Element By {by.toString()}
2024-04-17 18:10:34,538 [main] INFO  base.BaseClass - Trying to find Element By {by.toString()})
2024-04-17 18:10:34,568 [main] INFO  base.BaseClass - Found Element By {by.toString()}
2024-04-17 18:10:35,116 [main] INFO  base.BaseClass - Trying to find Element By {by.toString()})
2024-04-17 18:10:35,130 [main] INFO  base.BaseClass - Found Element By {by.toString()}
2024-04-17 18:10:35,663 [main] INFO  base.BaseClass - Trying to find Element By {by.toString()})
2024-04-17 18:10:35,693 [main] INFO  base.BaseClass - Found Element By {by.toString()}
2024-04-17 18:10:36,239 [main] INFO  base.BaseClass - Trying to find Element By {by.toString()})
2024-04-17 18:10:36,270 [main] INFO  base.BaseClass - Found Element By {by.toString()}
2024-04-17 18:10:36,821 [main] INFO  base.BaseClass - Trying to find Element By {by.toString()})
2024-04-17 18:10:36,852 [main] INFO  base.BaseClass - Found Element By {by.toString()}
2024-04-17 18:10:37,398 [main] INFO  base.BaseClass - Trying to find Element By {by.toString()})
2024-04-17 18:10:37,425 [main] INFO  base.BaseClass - Found Element By {by.toString()}
2024-04-17 18:10:37,976 [main] INFO  base.BaseClass - Trying to find Element By {by.toString()})
2024-04-17 18:10:37,988 [main] INFO  base.BaseClass - Found Element By {by.toString()}
TimeoutException occurred: Expected condition failed: waiting for helper.WaitUtility$5@eddc0f8 (tried for 30 second(s) with 500 milliseconds interval)
Build info: version: '3.141.59', revision: 'e82be7d358', time: '2018-11-14T08:17:03'
System info: host: 'DPLAP166', ip: '137.237.2.236', os.name: 'Windows 10', os.arch: 'amd64', os.version: '10.0', java.version: '19.0.1'
Driver info: org.openqa.selenium.support.events.EventFiringWebDriver
Capabilities {acceptInsecureCerts: true, browserName: chrome, browserVersion: 123.0.6312.123, chrome: {chromedriverVersion: 123.0.6312.122 (31f8248cdd9..., userDataDir: C:\Users\dP-PL\AppData\Loca...}, fedcm:accounts: true, goog:chromeOptions: {debuggerAddress: localhost:51256}, javascriptEnabled: true, networkConnectionEnabled: false, pageLoadStrategy: normal, platform: WINDOWS, platformName: WINDOWS, proxy: Proxy(), setWindowRect: true, strictFileInteractability: false, timeouts: {implicit: 0, pageLoad: 300000, script: 30000}, unhandledPromptBehavior: dismiss and notify, webauthn:extension:credBlob: true, webauthn:extension:largeBlob: true, webauthn:extension:minPinLength: true, webauthn:extension:prf: true, webauthn:virtualAuthenticators: true}
Session ID: a59c4df4811f82049fe754efe723d3c1
2024-04-17 18:10:38,002 [main] ERROR RotationCopy_test - Element did not become visible within the specified time: Expected condition failed: waiting for helper.WaitUtility$5@eddc0f8 (tried for 30 second(s) with 500 milliseconds interval)
Build info: version: '3.141.59', revision: 'e82be7d358', time: '2018-11-14T08:17:03'
System info: host: 'DPLAP166', ip: '137.237.2.236', os.name: 'Windows 10', os.arch: 'amd64', os.version: '10.0', java.version: '19.0.1'
Driver info: org.openqa.selenium.support.events.EventFiringWebDriver
Capabilities {acceptInsecureCerts: true, browserName: chrome, browserVersion: 123.0.6312.123, chrome: {chromedriverVersion: 123.0.6312.122 (31f8248cdd9..., userDataDir: C:\Users\dP-PL\AppData\Loca...}, fedcm:accounts: true, goog:chromeOptions: {debuggerAddress: localhost:51256}, javascriptEnabled: true, networkConnectionEnabled: false, pageLoadStrategy: normal, platform: WINDOWS, platformName: WINDOWS, proxy: Proxy(), setWindowRect: true, strictFileInteractability: false, timeouts: {implicit: 0, pageLoad: 300000, script: 30000}, unhandledPromptBehavior: dismiss and notify, webauthn:extension:credBlob: true, webauthn:extension:largeBlob: true, webauthn:extension:minPinLength: true, webauthn:extension:prf: true, webauthn:virtualAuthenticators: true}
Session ID: a59c4df4811f82049fe754efe723d3c1
2024-04-17 18:10:38,002 [main] INFO  base.BaseClass - Trying to find Element By {by.toString()})
2024-04-17 18:10:38,013 [main] INFO  base.BaseClass - Found Element By {by.toString()}
2024-04-17 18:10:38,013 [main] INFO  base.BaseClass - Trying to click on: {element.toString()}
2024-04-17 18:10:38,118 [main] INFO  base.BaseClass - Clicked on: {element.toString()}
2024-04-17 18:10:38,124 [main] INFO  base.BaseClass - Trying to find Element By {by.toString()})
2024-04-17 18:10:38,137 [main] INFO  base.BaseClass - Found Element By {by.toString()}
2024-04-17 18:10:38,654 [main] INFO  base.BaseClass - Trying to find Element By {by.toString()})
2024-04-17 18:10:38,668 [main] INFO  base.BaseClass - Found Element By {by.toString()}
2024-04-17 18:10:39,185 [main] INFO  base.BaseClass - Trying to find Element By {by.toString()})
2024-04-17 18:10:39,217 [main] INFO  base.BaseClass - Found Element By {by.toString()}
2024-04-17 18:10:39,768 [main] INFO  base.BaseClass - Trying to find Element By {by.toString()})
2024-04-17 18:10:39,798 [main] INFO  base.BaseClass - Found Element By {by.toString()}
2024-04-17 18:10:40,347 [main] INFO  base.BaseClass - Trying to find Element By {by.toString()})
2024-04-17 18:10:40,375 [main] INFO  base.BaseClass - Found Element By {by.toString()}
2024-04-17 18:10:40,923 [main] INFO  base.BaseClass - Trying to find Element By {by.toString()})
2024-04-17 18:10:40,953 [main] INFO  base.BaseClass - Found Element By {by.toString()}
2024-04-17 18:10:41,489 [main] INFO  base.BaseClass - Trying to find Element By {by.toString()})
2024-04-17 18:10:41,518 [main] INFO  base.BaseClass - Found Element By {by.toString()}
2024-04-17 18:10:42,066 [main] INFO  base.BaseClass - Trying to find Element By {by.toString()})
2024-04-17 18:10:42,098 [main] INFO  base.BaseClass - Found Element By {by.toString()}
2024-04-17 18:10:42,643 [main] INFO  base.BaseClass - Trying to find Element By {by.toString()})
2024-04-17 18:10:42,672 [main] INFO  base.BaseClass - Found Element By {by.toString()}
2024-04-17 18:10:43,213 [main] INFO  base.BaseClass - Trying to find Element By {by.toString()})
2024-04-17 18:10:43,245 [main] INFO  base.BaseClass - Found Element By {by.toString()}
2024-04-17 18:10:43,777 [main] INFO  base.BaseClass - Trying to find Element By {by.toString()})
2024-04-17 18:10:43,806 [main] INFO  base.BaseClass - Found Element By {by.toString()}
2024-04-17 18:10:44,338 [main] INFO  base.BaseClass - Trying to find Element By {by.toString()})
2024-04-17 18:10:44,369 [main] INFO  base.BaseClass - Found Element By {by.toString()}
2024-04-17 18:10:44,902 [main] INFO  base.BaseClass - Trying to find Element By {by.toString()})
2024-04-17 18:10:44,926 [main] INFO  base.BaseClass - Found Element By {by.toString()}
2024-04-17 18:10:45,467 [main] INFO  base.BaseClass - Trying to find Element By {by.toString()})
2024-04-17 18:10:45,497 [main] INFO  base.BaseClass - Found Element By {by.toString()}
2024-04-17 18:10:46,044 [main] INFO  base.BaseClass - Trying to find Element By {by.toString()})
2024-04-17 18:10:46,073 [main] INFO  base.BaseClass - Found Element By {by.toString()}
2024-04-17 18:10:46,622 [main] INFO  base.BaseClass - Trying to find Element By {by.toString()})
2024-04-17 18:10:46,651 [main] INFO  base.BaseClass - Found Element By {by.toString()}
2024-04-17 18:10:47,206 [main] INFO  base.BaseClass - Trying to find Element By {by.toString()})
2024-04-17 18:10:47,235 [main] INFO  base.BaseClass - Found Element By {by.toString()}
2024-04-17 18:10:47,784 [main] INFO  base.BaseClass - Trying to find Element By {by.toString()})
2024-04-17 18:10:47,813 [main] INFO  base.BaseClass - Found Element By {by.toString()}
2024-04-17 18:10:48,363 [main] INFO  base.BaseClass - Trying to find Element By {by.toString()})
2024-04-17 18:10:48,392 [main] INFO  base.BaseClass - Found Element By {by.toString()}
2024-04-17 18:10:48,939 [main] INFO  base.BaseClass - Trying to find Element By {by.toString()})
2024-04-17 18:10:48,964 [main] INFO  base.BaseClass - Found Element By {by.toString()}
2024-04-17 18:10:49,502 [main] INFO  base.BaseClass - Trying to find Element By {by.toString()})
2024-04-17 18:10:49,531 [main] INFO  base.BaseClass - Found Element By {by.toString()}
2024-04-17 18:10:50,084 [main] INFO  base.BaseClass - Trying to find Element By {by.toString()})
2024-04-17 18:10:50,113 [main] INFO  base.BaseClass - Found Element By {by.toString()}
2024-04-17 18:10:50,663 [main] INFO  base.BaseClass - Trying to find Element By {by.toString()})
2024-04-17 18:10:50,693 [main] INFO  base.BaseClass - Found Element By {by.toString()}
2024-04-17 18:10:51,240 [main] INFO  base.BaseClass - Trying to find Element By {by.toString()})
2024-04-17 18:10:51,269 [main] INFO  base.BaseClass - Found Element By {by.toString()}
2024-04-17 18:10:51,819 [main] INFO  base.BaseClass - Trying to find Element By {by.toString()})
2024-04-17 18:10:51,850 [main] INFO  base.BaseClass - Found Element By {by.toString()}
2024-04-17 18:10:52,397 [main] INFO  base.BaseClass - Trying to find Element By {by.toString()})
2024-04-17 18:10:52,428 [main] INFO  base.BaseClass - Found Element By {by.toString()}
2024-04-17 18:10:52,978 [main] INFO  base.BaseClass - Trying to find Element By {by.toString()})
2024-04-17 18:10:52,996 [main] INFO  base.BaseClass - Found Element By {by.toString()}
2024-04-17 18:10:53,537 [main] INFO  base.BaseClass - Trying to find Element By {by.toString()})
2024-04-17 18:10:53,567 [main] INFO  base.BaseClass - Found Element By {by.toString()}
2024-04-17 18:10:54,117 [main] INFO  base.BaseClass - Trying to find Element By {by.toString()})
2024-04-17 18:10:54,144 [main] INFO  base.BaseClass - Found Element By {by.toString()}
2024-04-17 18:10:54,682 [main] INFO  base.BaseClass - Trying to find Element By {by.toString()})
2024-04-17 18:10:54,712 [main] INFO  base.BaseClass - Found Element By {by.toString()}
2024-04-17 18:10:55,264 [main] INFO  base.BaseClass - Trying to find Element By {by.toString()})
2024-04-17 18:10:55,294 [main] INFO  base.BaseClass - Found Element By {by.toString()}
2024-04-17 18:10:55,847 [main] INFO  base.BaseClass - Trying to find Element By {by.toString()})
2024-04-17 18:10:55,875 [main] INFO  base.BaseClass - Found Element By {by.toString()}
2024-04-17 18:10:56,409 [main] INFO  base.BaseClass - Trying to find Element By {by.toString()})
2024-04-17 18:10:56,438 [main] INFO  base.BaseClass - Found Element By {by.toString()}
2024-04-17 18:10:56,986 [main] INFO  base.BaseClass - Trying to find Element By {by.toString()})
2024-04-17 18:10:57,009 [main] INFO  base.BaseClass - Found Element By {by.toString()}
2024-04-17 18:10:57,534 [main] INFO  base.BaseClass - Trying to find Element By {by.toString()})
2024-04-17 18:10:57,556 [main] INFO  base.BaseClass - Found Element By {by.toString()}
2024-04-17 18:10:58,097 [main] INFO  base.BaseClass - Trying to find Element By {by.toString()})
2024-04-17 18:10:58,125 [main] INFO  base.BaseClass - Found Element By {by.toString()}
2024-04-17 18:10:58,674 [main] INFO  base.BaseClass - Trying to find Element By {by.toString()})
2024-04-17 18:10:58,703 [main] INFO  base.BaseClass - Found Element By {by.toString()}
2024-04-17 18:10:59,237 [main] INFO  base.BaseClass - Trying to find Element By {by.toString()})
2024-04-17 18:10:59,267 [main] INFO  base.BaseClass - Found Element By {by.toString()}
2024-04-17 18:10:59,816 [main] INFO  base.BaseClass - Trying to find Element By {by.toString()})
2024-04-17 18:10:59,845 [main] INFO  base.BaseClass - Found Element By {by.toString()}
2024-04-17 18:11:00,394 [main] INFO  base.BaseClass - Trying to find Element By {by.toString()})
2024-04-17 18:11:00,422 [main] INFO  base.BaseClass - Found Element By {by.toString()}
2024-04-17 18:11:00,969 [main] INFO  base.BaseClass - Trying to find Element By {by.toString()})
2024-04-17 18:11:00,998 [main] INFO  base.BaseClass - Found Element By {by.toString()}
2024-04-17 18:11:01,532 [main] INFO  base.BaseClass - Trying to find Element By {by.toString()})
2024-04-17 18:11:01,562 [main] INFO  base.BaseClass - Found Element By {by.toString()}
2024-04-17 18:11:02,108 [main] INFO  base.BaseClass - Trying to find Element By {by.toString()})
2024-04-17 18:11:02,137 [main] INFO  base.BaseClass - Found Element By {by.toString()}
2024-04-17 18:11:02,687 [main] INFO  base.BaseClass - Trying to find Element By {by.toString()})
2024-04-17 18:11:02,716 [main] INFO  base.BaseClass - Found Element By {by.toString()}
2024-04-17 18:11:03,255 [main] INFO  base.BaseClass - Trying to find Element By {by.toString()})
2024-04-17 18:11:03,284 [main] INFO  base.BaseClass - Found Element By {by.toString()}
2024-04-17 18:11:03,834 [main] INFO  base.BaseClass - Trying to find Element By {by.toString()})
2024-04-17 18:11:03,863 [main] INFO  base.BaseClass - Found Element By {by.toString()}
2024-04-17 18:11:04,398 [main] INFO  base.BaseClass - Trying to find Element By {by.toString()})
2024-04-17 18:11:04,428 [main] INFO  base.BaseClass - Found Element By {by.toString()}
2024-04-17 18:11:04,978 [main] INFO  base.BaseClass - Trying to find Element By {by.toString()})
2024-04-17 18:11:05,009 [main] INFO  base.BaseClass - Found Element By {by.toString()}
2024-04-17 18:11:05,544 [main] INFO  base.BaseClass - Trying to find Element By {by.toString()})
2024-04-17 18:11:05,572 [main] INFO  base.BaseClass - Found Element By {by.toString()}
2024-04-17 18:11:06,125 [main] INFO  base.BaseClass - Trying to find Element By {by.toString()})
2024-04-17 18:11:06,155 [main] INFO  base.BaseClass - Found Element By {by.toString()}
2024-04-17 18:11:06,693 [main] INFO  base.BaseClass - Trying to find Element By {by.toString()})
2024-04-17 18:11:06,721 [main] INFO  base.BaseClass - Found Element By {by.toString()}
2024-04-17 18:11:07,269 [main] INFO  base.BaseClass - Trying to find Element By {by.toString()})
2024-04-17 18:11:07,299 [main] INFO  base.BaseClass - Found Element By {by.toString()}
2024-04-17 18:11:07,844 [main] INFO  base.BaseClass - Trying to find Element By {by.toString()})
2024-04-17 18:11:07,872 [main] INFO  base.BaseClass - Found Element By {by.toString()}
2024-04-17 18:11:08,424 [main] INFO  base.BaseClass - Trying to find Element By {by.toString()})
2024-04-17 18:11:08,454 [main] INFO  base.BaseClass - Found Element By {by.toString()}
TimeoutException occurred: Expected condition failed: waiting for helper.WaitUtility$5@652c081b (tried for 30 second(s) with 500 milliseconds interval)
Build info: version: '3.141.59', revision: 'e82be7d358', time: '2018-11-14T08:17:03'
System info: host: 'DPLAP166', ip: '137.237.2.236', os.name: 'Windows 10', os.arch: 'amd64', os.version: '10.0', java.version: '19.0.1'
Driver info: org.openqa.selenium.support.events.EventFiringWebDriver
Capabilities {acceptInsecureCerts: true, browserName: chrome, browserVersion: 123.0.6312.123, chrome: {chromedriverVersion: 123.0.6312.122 (31f8248cdd9..., userDataDir: C:\Users\dP-PL\AppData\Loca...}, fedcm:accounts: true, goog:chromeOptions: {debuggerAddress: localhost:51256}, javascriptEnabled: true, networkConnectionEnabled: false, pageLoadStrategy: normal, platform: WINDOWS, platformName: WINDOWS, proxy: Proxy(), setWindowRect: true, strictFileInteractability: false, timeouts: {implicit: 0, pageLoad: 300000, script: 30000}, unhandledPromptBehavior: dismiss and notify, webauthn:extension:credBlob: true, webauthn:extension:largeBlob: true, webauthn:extension:minPinLength: true, webauthn:extension:prf: true, webauthn:virtualAuthenticators: true}
Session ID: a59c4df4811f82049fe754efe723d3c1
2024-04-17 18:11:08,495 [main] ERROR RotationCopy_test - Element did not become visible within the specified time: Expected condition failed: waiting for helper.WaitUtility$5@652c081b (tried for 30 second(s) with 500 milliseconds interval)
Build info: version: '3.141.59', revision: 'e82be7d358', time: '2018-11-14T08:17:03'
System info: host: 'DPLAP166', ip: '137.237.2.236', os.name: 'Windows 10', os.arch: 'amd64', os.version: '10.0', java.version: '19.0.1'
Driver info: org.openqa.selenium.support.events.EventFiringWebDriver
Capabilities {acceptInsecureCerts: true, browserName: chrome, browserVersion: 123.0.6312.123, chrome: {chromedriverVersion: 123.0.6312.122 (31f8248cdd9..., userDataDir: C:\Users\dP-PL\AppData\Loca...}, fedcm:accounts: true, goog:chromeOptions: {debuggerAddress: localhost:51256}, javascriptEnabled: true, networkConnectionEnabled: false, pageLoadStrategy: normal, platform: WINDOWS, platformName: WINDOWS, proxy: Proxy(), setWindowRect: true, strictFileInteractability: false, timeouts: {implicit: 0, pageLoad: 300000, script: 30000}, unhandledPromptBehavior: dismiss and notify, webauthn:extension:credBlob: true, webauthn:extension:largeBlob: true, webauthn:extension:minPinLength: true, webauthn:extension:prf: true, webauthn:virtualAuthenticators: true}
Session ID: a59c4df4811f82049fe754efe723d3c1
2024-04-17 18:11:08,495 [main] INFO  base.BaseClass - Trying to find Element By {by.toString()})
2024-04-17 18:11:08,510 [main] INFO  base.BaseClass - Found Element By {by.toString()}
2024-04-17 18:11:08,510 [main] INFO  base.BaseClass - Trying to click on: {element.toString()}
2024-04-17 18:11:08,580 [main] INFO  base.BaseClass - Clicked on: {element.toString()}
2024-04-17 18:11:08,586 [main] INFO  base.BaseClass - Trying to find Element By {by.toString()})
2024-04-17 18:11:08,599 [main] INFO  base.BaseClass - Found Element By {by.toString()}
2024-04-17 18:11:09,123 [main] INFO  base.BaseClass - Trying to find Element By {by.toString()})
2024-04-17 18:11:09,475 [main] INFO  base.BaseClass - Found Element By {by.toString()}
2024-04-17 18:11:10,000 [main] INFO  base.BaseClass - Trying to find Element By {by.toString()})
2024-04-17 18:11:10,032 [main] INFO  base.BaseClass - Found Element By {by.toString()}
2024-04-17 18:11:10,581 [main] INFO  base.BaseClass - Trying to find Element By {by.toString()})
2024-04-17 18:11:10,613 [main] INFO  base.BaseClass - Found Element By {by.toString()}
2024-04-17 18:11:11,160 [main] INFO  base.BaseClass - Trying to find Element By {by.toString()})
2024-04-17 18:11:11,190 [main] INFO  base.BaseClass - Found Element By {by.toString()}
2024-04-17 18:11:11,724 [main] INFO  base.BaseClass - Trying to find Element By {by.toString()})
2024-04-17 18:11:11,754 [main] INFO  base.BaseClass - Found Element By {by.toString()}
2024-04-17 18:11:12,304 [main] INFO  base.BaseClass - Trying to find Element By {by.toString()})
2024-04-17 18:11:12,332 [main] INFO  base.BaseClass - Found Element By {by.toString()}
2024-04-17 18:11:12,865 [main] INFO  base.BaseClass - Trying to find Element By {by.toString()})
2024-04-17 18:11:12,894 [main] INFO  base.BaseClass - Found Element By {by.toString()}
2024-04-17 18:11:13,444 [main] INFO  base.BaseClass - Trying to find Element By {by.toString()})
2024-04-17 18:11:13,473 [main] INFO  base.BaseClass - Found Element By {by.toString()}
2024-04-17 18:11:14,006 [main] INFO  base.BaseClass - Trying to find Element By {by.toString()})
2024-04-17 18:11:14,036 [main] INFO  base.BaseClass - Found Element By {by.toString()}
2024-04-17 18:11:14,585 [main] INFO  base.BaseClass - Trying to find Element By {by.toString()})
2024-04-17 18:11:14,615 [main] INFO  base.BaseClass - Found Element By {by.toString()}
2024-04-17 18:11:15,163 [main] INFO  base.BaseClass - Trying to find Element By {by.toString()})
2024-04-17 18:11:15,193 [main] INFO  base.BaseClass - Found Element By {by.toString()}
2024-04-17 18:11:15,742 [main] INFO  base.BaseClass - Trying to find Element By {by.toString()})
2024-04-17 18:11:15,772 [main] INFO  base.BaseClass - Found Element By {by.toString()}
2024-04-17 18:11:16,323 [main] INFO  base.BaseClass - Trying to find Element By {by.toString()})
2024-04-17 18:11:16,351 [main] INFO  base.BaseClass - Found Element By {by.toString()}
2024-04-17 18:11:16,871 [main] INFO  base.BaseClass - Trying to find Element By {by.toString()})
2024-04-17 18:11:16,900 [main] INFO  base.BaseClass - Found Element By {by.toString()}
2024-04-17 18:11:17,447 [main] INFO  base.BaseClass - Trying to find Element By {by.toString()})
2024-04-17 18:11:17,477 [main] INFO  base.BaseClass - Found Element By {by.toString()}
2024-04-17 18:11:18,026 [main] INFO  base.BaseClass - Trying to find Element By {by.toString()})
2024-04-17 18:11:18,057 [main] INFO  base.BaseClass - Found Element By {by.toString()}
2024-04-17 18:11:18,604 [main] INFO  base.BaseClass - Trying to find Element By {by.toString()})
2024-04-17 18:11:18,634 [main] INFO  base.BaseClass - Found Element By {by.toString()}
2024-04-17 18:11:19,182 [main] INFO  base.BaseClass - Trying to find Element By {by.toString()})
2024-04-17 18:11:19,206 [main] INFO  base.BaseClass - Found Element By {by.toString()}
2024-04-17 18:11:19,760 [main] INFO  base.BaseClass - Trying to find Element By {by.toString()})
2024-04-17 18:11:19,786 [main] INFO  base.BaseClass - Found Element By {by.toString()}
2024-04-17 18:11:20,319 [main] INFO  base.BaseClass - Trying to find Element By {by.toString()})
2024-04-17 18:11:20,348 [main] INFO  base.BaseClass - Found Element By {by.toString()}
2024-04-17 18:11:20,899 [main] INFO  base.BaseClass - Trying to find Element By {by.toString()})
2024-04-17 18:11:20,928 [main] INFO  base.BaseClass - Found Element By {by.toString()}
2024-04-17 18:11:21,475 [main] INFO  base.BaseClass - Trying to find Element By {by.toString()})
2024-04-17 18:11:21,504 [main] INFO  base.BaseClass - Found Element By {by.toString()}
2024-04-17 18:11:22,050 [main] INFO  base.BaseClass - Trying to find Element By {by.toString()})
2024-04-17 18:11:22,080 [main] INFO  base.BaseClass - Found Element By {by.toString()}
2024-04-17 18:11:22,631 [main] INFO  base.BaseClass - Trying to find Element By {by.toString()})
2024-04-17 18:11:22,661 [main] INFO  base.BaseClass - Found Element By {by.toString()}
2024-04-17 18:11:23,208 [main] INFO  base.BaseClass - Trying to find Element By {by.toString()})
2024-04-17 18:11:23,228 [main] INFO  base.BaseClass - Found Element By {by.toString()}
2024-04-17 18:11:23,757 [main] INFO  base.BaseClass - Trying to find Element By {by.toString()})
2024-04-17 18:11:23,785 [main] INFO  base.BaseClass - Found Element By {by.toString()}
2024-04-17 18:11:24,335 [main] INFO  base.BaseClass - Trying to find Element By {by.toString()})
2024-04-17 18:11:24,364 [main] INFO  base.BaseClass - Found Element By {by.toString()}
2024-04-17 18:11:24,912 [main] INFO  base.BaseClass - Trying to find Element By {by.toString()})
2024-04-17 18:11:24,941 [main] INFO  base.BaseClass - Found Element By {by.toString()}
2024-04-17 18:11:25,477 [main] INFO  base.BaseClass - Trying to find Element By {by.toString()})
2024-04-17 18:11:25,506 [main] INFO  base.BaseClass - Found Element By {by.toString()}
2024-04-17 18:11:26,053 [main] INFO  base.BaseClass - Trying to find Element By {by.toString()})
2024-04-17 18:11:26,083 [main] INFO  base.BaseClass - Found Element By {by.toString()}
2024-04-17 18:11:26,631 [main] INFO  base.BaseClass - Trying to find Element By {by.toString()})
2024-04-17 18:11:26,660 [main] INFO  base.BaseClass - Found Element By {by.toString()}
2024-04-17 18:11:27,209 [main] INFO  base.BaseClass - Trying to find Element By {by.toString()})
2024-04-17 18:11:27,240 [main] INFO  base.BaseClass - Found Element By {by.toString()}
2024-04-17 18:11:27,770 [main] INFO  base.BaseClass - Trying to find Element By {by.toString()})
2024-04-17 18:11:27,799 [main] INFO  base.BaseClass - Found Element By {by.toString()}
2024-04-17 18:11:28,351 [main] INFO  base.BaseClass - Trying to find Element By {by.toString()})
2024-04-17 18:11:28,380 [main] INFO  base.BaseClass - Found Element By {by.toString()}
2024-04-17 18:11:28,917 [main] INFO  base.BaseClass - Trying to find Element By {by.toString()})
2024-04-17 18:11:28,946 [main] INFO  base.BaseClass - Found Element By {by.toString()}
2024-04-17 18:11:29,481 [main] INFO  base.BaseClass - Trying to find Element By {by.toString()})
2024-04-17 18:11:29,511 [main] INFO  base.BaseClass - Found Element By {by.toString()}
2024-04-17 18:11:30,047 [main] INFO  base.BaseClass - Trying to find Element By {by.toString()})
2024-04-17 18:11:30,078 [main] INFO  base.BaseClass - Found Element By {by.toString()}
2024-04-17 18:11:30,628 [main] INFO  base.BaseClass - Trying to find Element By {by.toString()})
2024-04-17 18:11:30,652 [main] INFO  base.BaseClass - Found Element By {by.toString()}
2024-04-17 18:11:31,190 [main] INFO  base.BaseClass - Trying to find Element By {by.toString()})
2024-04-17 18:11:31,219 [main] INFO  base.BaseClass - Found Element By {by.toString()}
2024-04-17 18:11:31,769 [main] INFO  base.BaseClass - Trying to find Element By {by.toString()})
2024-04-17 18:11:31,798 [main] INFO  base.BaseClass - Found Element By {by.toString()}
2024-04-17 18:11:32,333 [main] INFO  base.BaseClass - Trying to find Element By {by.toString()})
2024-04-17 18:11:32,361 [main] INFO  base.BaseClass - Found Element By {by.toString()}
2024-04-17 18:11:32,909 [main] INFO  base.BaseClass - Trying to find Element By {by.toString()})
2024-04-17 18:11:32,939 [main] INFO  base.BaseClass - Found Element By {by.toString()}
2024-04-17 18:11:33,486 [main] INFO  base.BaseClass - Trying to find Element By {by.toString()})
2024-04-17 18:11:33,515 [main] INFO  base.BaseClass - Found Element By {by.toString()}
2024-04-17 18:11:34,065 [main] INFO  base.BaseClass - Trying to find Element By {by.toString()})
2024-04-17 18:11:34,095 [main] INFO  base.BaseClass - Found Element By {by.toString()}
2024-04-17 18:11:34,643 [main] INFO  base.BaseClass - Trying to find Element By {by.toString()})
2024-04-17 18:11:34,674 [main] INFO  base.BaseClass - Found Element By {by.toString()}
2024-04-17 18:11:35,220 [main] INFO  base.BaseClass - Trying to find Element By {by.toString()})
2024-04-17 18:11:35,249 [main] INFO  base.BaseClass - Found Element By {by.toString()}
2024-04-17 18:11:35,783 [main] INFO  base.BaseClass - Trying to find Element By {by.toString()})
2024-04-17 18:11:35,813 [main] INFO  base.BaseClass - Found Element By {by.toString()}
2024-04-17 18:11:36,344 [main] INFO  base.BaseClass - Trying to find Element By {by.toString()})
2024-04-17 18:11:36,374 [main] INFO  base.BaseClass - Found Element By {by.toString()}
2024-04-17 18:11:36,907 [main] INFO  base.BaseClass - Trying to find Element By {by.toString()})
2024-04-17 18:11:36,936 [main] INFO  base.BaseClass - Found Element By {by.toString()}
2024-04-17 18:11:37,485 [main] INFO  base.BaseClass - Trying to find Element By {by.toString()})
2024-04-17 18:11:37,515 [main] INFO  base.BaseClass - Found Element By {by.toString()}
2024-04-17 18:11:38,065 [main] INFO  base.BaseClass - Trying to find Element By {by.toString()})
2024-04-17 18:11:38,078 [main] INFO  base.BaseClass - Found Element By {by.toString()}
2024-04-17 18:11:38,611 [main] INFO  base.BaseClass - Trying to find Element By {by.toString()})
2024-04-17 18:11:38,640 [main] INFO  base.BaseClass - Found Element By {by.toString()}
TimeoutException occurred: Expected condition failed: waiting for helper.WaitUtility$5@3773524e (tried for 30 second(s) with 500 milliseconds interval)
Build info: version: '3.141.59', revision: 'e82be7d358', time: '2018-11-14T08:17:03'
System info: host: 'DPLAP166', ip: '137.237.2.236', os.name: 'Windows 10', os.arch: 'amd64', os.version: '10.0', java.version: '19.0.1'
Driver info: org.openqa.selenium.support.events.EventFiringWebDriver
Capabilities {acceptInsecureCerts: true, browserName: chrome, browserVersion: 123.0.6312.123, chrome: {chromedriverVersion: 123.0.6312.122 (31f8248cdd9..., userDataDir: C:\Users\dP-PL\AppData\Loca...}, fedcm:accounts: true, goog:chromeOptions: {debuggerAddress: localhost:51256}, javascriptEnabled: true, networkConnectionEnabled: false, pageLoadStrategy: normal, platform: WINDOWS, platformName: WINDOWS, proxy: Proxy(), setWindowRect: true, strictFileInteractability: false, timeouts: {implicit: 0, pageLoad: 300000, script: 30000}, unhandledPromptBehavior: dismiss and notify, webauthn:extension:credBlob: true, webauthn:extension:largeBlob: true, webauthn:extension:minPinLength: true, webauthn:extension:prf: true, webauthn:virtualAuthenticators: true}
Session ID: a59c4df4811f82049fe754efe723d3c1
2024-04-17 18:11:38,673 [main] ERROR RotationCopy_test - Element did not become visible within the specified time: Expected condition failed: waiting for helper.WaitUtility$5@3773524e (tried for 30 second(s) with 500 milliseconds interval)
Build info: version: '3.141.59', revision: 'e82be7d358', time: '2018-11-14T08:17:03'
System info: host: 'DPLAP166', ip: '137.237.2.236', os.name: 'Windows 10', os.arch: 'amd64', os.version: '10.0', java.version: '19.0.1'
Driver info: org.openqa.selenium.support.events.EventFiringWebDriver
Capabilities {acceptInsecureCerts: true, browserName: chrome, browserVersion: 123.0.6312.123, chrome: {chromedriverVersion: 123.0.6312.122 (31f8248cdd9..., userDataDir: C:\Users\dP-PL\AppData\Loca...}, fedcm:accounts: true, goog:chromeOptions: {debuggerAddress: localhost:51256}, javascriptEnabled: true, networkConnectionEnabled: false, pageLoadStrategy: normal, platform: WINDOWS, platformName: WINDOWS, proxy: Proxy(), setWindowRect: true, strictFileInteractability: false, timeouts: {implicit: 0, pageLoad: 300000, script: 30000}, unhandledPromptBehavior: dismiss and notify, webauthn:extension:credBlob: true, webauthn:extension:largeBlob: true, webauthn:extension:minPinLength: true, webauthn:extension:prf: true, webauthn:virtualAuthenticators: true}
Session ID: a59c4df4811f82049fe754efe723d3c1
2024-04-17 18:11:38,673 [main] INFO  base.BaseClass - Trying to find Element By {by.toString()})
2024-04-17 18:11:38,692 [main] INFO  base.BaseClass - Found Element By {by.toString()}
2024-04-17 18:11:38,692 [main] INFO  base.BaseClass - Trying to click on: {element.toString()}
2024-04-17 18:11:38,830 [main] INFO  base.BaseClass - Clicked on: {element.toString()}
2024-04-17 18:11:38,830 [main] INFO  base.BaseClass - Trying to find Element By {by.toString()})
2024-04-17 18:11:39,628 [main] INFO  base.BaseClass - Found Element By {by.toString()}
2024-04-17 18:11:40,145 [main] INFO  base.BaseClass - Trying to find Element By {by.toString()})
2024-04-17 18:11:40,174 [main] INFO  base.BaseClass - Found Element By {by.toString()}
2024-04-17 18:11:40,724 [main] INFO  base.BaseClass - Trying to find Element By {by.toString()})
2024-04-17 18:11:40,756 [main] INFO  base.BaseClass - Found Element By {by.toString()}
2024-04-17 18:11:41,301 [main] INFO  base.BaseClass - Trying to find Element By {by.toString()})
2024-04-17 18:11:41,323 [main] INFO  base.BaseClass - Found Element By {by.toString()}
2024-04-17 18:11:41,865 [main] INFO  base.BaseClass - Trying to find Element By {by.toString()})
2024-04-17 18:11:41,887 [main] INFO  base.BaseClass - Found Element By {by.toString()}
2024-04-17 18:11:42,410 [main] INFO  base.BaseClass - Trying to find Element By {by.toString()})
2024-04-17 18:11:42,441 [main] INFO  base.BaseClass - Found Element By {by.toString()}
2024-04-17 18:11:42,970 [main] INFO  base.BaseClass - Trying to find Element By {by.toString()})
2024-04-17 18:11:43,001 [main] INFO  base.BaseClass - Found Element By {by.toString()}
2024-04-17 18:11:43,534 [main] INFO  base.BaseClass - Trying to find Element By {by.toString()})
2024-04-17 18:11:43,564 [main] INFO  base.BaseClass - Found Element By {by.toString()}
2024-04-17 18:11:44,116 [main] INFO  base.BaseClass - Trying to find Element By {by.toString()})
2024-04-17 18:11:44,148 [main] INFO  base.BaseClass - Found Element By {by.toString()}
2024-04-17 18:11:44,696 [main] INFO  base.BaseClass - Trying to find Element By {by.toString()})
2024-04-17 18:11:44,727 [main] INFO  base.BaseClass - Found Element By {by.toString()}
2024-04-17 18:11:45,276 [main] INFO  base.BaseClass - Trying to find Element By {by.toString()})
2024-04-17 18:11:45,307 [main] INFO  base.BaseClass - Found Element By {by.toString()}
2024-04-17 18:11:45,841 [main] INFO  base.BaseClass - Trying to find Element By {by.toString()})
2024-04-17 18:11:45,873 [main] INFO  base.BaseClass - Found Element By {by.toString()}
2024-04-17 18:11:46,452 [main] INFO  base.BaseClass - Trying to find Element By {by.toString()})
2024-04-17 18:11:46,484 [main] INFO  base.BaseClass - Found Element By {by.toString()}
2024-04-17 18:11:47,028 [main] INFO  base.BaseClass - Trying to find Element By {by.toString()})
2024-04-17 18:11:47,058 [main] INFO  base.BaseClass - Found Element By {by.toString()}
2024-04-17 18:11:47,593 [main] INFO  base.BaseClass - Trying to find Element By {by.toString()})
2024-04-17 18:11:47,606 [main] INFO  base.BaseClass - Found Element By {by.toString()}
2024-04-17 18:11:48,140 [main] INFO  base.BaseClass - Trying to find Element By {by.toString()})
2024-04-17 18:11:48,173 [main] INFO  base.BaseClass - Found Element By {by.toString()}
2024-04-17 18:11:48,718 [main] INFO  base.BaseClass - Trying to find Element By {by.toString()})
2024-04-17 18:11:48,746 [main] INFO  base.BaseClass - Found Element By {by.toString()}
2024-04-17 18:11:49,299 [main] INFO  base.BaseClass - Trying to find Element By {by.toString()})
2024-04-17 18:11:49,332 [main] INFO  base.BaseClass - Found Element By {by.toString()}
2024-04-17 18:11:49,865 [main] INFO  base.BaseClass - Trying to find Element By {by.toString()})
2024-04-17 18:11:49,897 [main] INFO  base.BaseClass - Found Element By {by.toString()}
2024-04-17 18:11:50,430 [main] INFO  base.BaseClass - Trying to find Element By {by.toString()})
2024-04-17 18:11:50,460 [main] INFO  base.BaseClass - Found Element By {by.toString()}
2024-04-17 18:11:51,008 [main] INFO  base.BaseClass - Trying to find Element By {by.toString()})
2024-04-17 18:11:51,040 [main] INFO  base.BaseClass - Found Element By {by.toString()}
2024-04-17 18:11:51,587 [main] INFO  base.BaseClass - Trying to find Element By {by.toString()})
2024-04-17 18:11:51,619 [main] INFO  base.BaseClass - Found Element By {by.toString()}
2024-04-17 18:11:52,166 [main] INFO  base.BaseClass - Trying to find Element By {by.toString()})
2024-04-17 18:11:52,195 [main] INFO  base.BaseClass - Found Element By {by.toString()}
2024-04-17 18:11:52,713 [main] INFO  base.BaseClass - Trying to find Element By {by.toString()})
2024-04-17 18:11:52,744 [main] INFO  base.BaseClass - Found Element By {by.toString()}
2024-04-17 18:11:53,291 [main] INFO  base.BaseClass - Trying to find Element By {by.toString()})
2024-04-17 18:11:53,322 [main] INFO  base.BaseClass - Found Element By {by.toString()}
2024-04-17 18:11:53,870 [main] INFO  base.BaseClass - Trying to find Element By {by.toString()})
2024-04-17 18:11:53,899 [main] INFO  base.BaseClass - Found Element By {by.toString()}
2024-04-17 18:11:54,446 [main] INFO  base.BaseClass - Trying to find Element By {by.toString()})
2024-04-17 18:11:54,477 [main] INFO  base.BaseClass - Found Element By {by.toString()}
2024-04-17 18:11:55,024 [main] INFO  base.BaseClass - Trying to find Element By {by.toString()})
2024-04-17 18:11:55,053 [main] INFO  base.BaseClass - Found Element By {by.toString()}
2024-04-17 18:11:55,601 [main] INFO  base.BaseClass - Trying to find Element By {by.toString()})
2024-04-17 18:11:55,631 [main] INFO  base.BaseClass - Found Element By {by.toString()}
2024-04-17 18:11:56,182 [main] INFO  base.BaseClass - Trying to find Element By {by.toString()})
2024-04-17 18:11:56,212 [main] INFO  base.BaseClass - Found Element By {by.toString()}
2024-04-17 18:11:56,760 [main] INFO  base.BaseClass - Trying to find Element By {by.toString()})
2024-04-17 18:11:56,790 [main] INFO  base.BaseClass - Found Element By {by.toString()}
2024-04-17 18:11:57,339 [main] INFO  base.BaseClass - Trying to find Element By {by.toString()})
2024-04-17 18:11:57,351 [main] INFO  base.BaseClass - Found Element By {by.toString()}
2024-04-17 18:11:57,873 [main] INFO  base.BaseClass - Trying to find Element By {by.toString()})
2024-04-17 18:11:57,901 [main] INFO  base.BaseClass - Found Element By {by.toString()}
2024-04-17 18:11:58,452 [main] INFO  base.BaseClass - Trying to find Element By {by.toString()})
2024-04-17 18:11:58,482 [main] INFO  base.BaseClass - Found Element By {by.toString()}
2024-04-17 18:11:59,016 [main] INFO  base.BaseClass - Trying to find Element By {by.toString()})
2024-04-17 18:11:59,048 [main] INFO  base.BaseClass - Found Element By {by.toString()}
2024-04-17 18:11:59,594 [main] INFO  base.BaseClass - Trying to find Element By {by.toString()})
2024-04-17 18:11:59,622 [main] INFO  base.BaseClass - Found Element By {by.toString()}
2024-04-17 18:12:00,172 [main] INFO  base.BaseClass - Trying to find Element By {by.toString()})
2024-04-17 18:12:00,200 [main] INFO  base.BaseClass - Found Element By {by.toString()}
2024-04-17 18:12:00,749 [main] INFO  base.BaseClass - Trying to find Element By {by.toString()})
2024-04-17 18:12:00,780 [main] INFO  base.BaseClass - Found Element By {by.toString()}
2024-04-17 18:12:01,325 [main] INFO  base.BaseClass - Trying to find Element By {by.toString()})
2024-04-17 18:12:01,355 [main] INFO  base.BaseClass - Found Element By {by.toString()}
2024-04-17 18:12:01,904 [main] INFO  base.BaseClass - Trying to find Element By {by.toString()})
2024-04-17 18:12:01,933 [main] INFO  base.BaseClass - Found Element By {by.toString()}
2024-04-17 18:12:02,514 [main] INFO  base.BaseClass - Trying to find Element By {by.toString()})
2024-04-17 18:12:02,545 [main] INFO  base.BaseClass - Found Element By {by.toString()}
2024-04-17 18:12:03,089 [main] INFO  base.BaseClass - Trying to find Element By {by.toString()})
2024-04-17 18:12:03,120 [main] INFO  base.BaseClass - Found Element By {by.toString()}
2024-04-17 18:12:03,670 [main] INFO  base.BaseClass - Trying to find Element By {by.toString()})
2024-04-17 18:12:03,684 [main] INFO  base.BaseClass - Found Element By {by.toString()}
2024-04-17 18:12:04,203 [main] INFO  base.BaseClass - Trying to find Element By {by.toString()})
2024-04-17 18:12:04,235 [main] INFO  base.BaseClass - Found Element By {by.toString()}
2024-04-17 18:12:04,780 [main] INFO  base.BaseClass - Trying to find Element By {by.toString()})
2024-04-17 18:12:04,810 [main] INFO  base.BaseClass - Found Element By {by.toString()}
2024-04-17 18:12:05,360 [main] INFO  base.BaseClass - Trying to find Element By {by.toString()})
2024-04-17 18:12:05,391 [main] INFO  base.BaseClass - Found Element By {by.toString()}
2024-04-17 18:12:05,942 [main] INFO  base.BaseClass - Trying to find Element By {by.toString()})
2024-04-17 18:12:05,972 [main] INFO  base.BaseClass - Found Element By {by.toString()}
2024-04-17 18:12:06,507 [main] INFO  base.BaseClass - Trying to find Element By {by.toString()})
2024-04-17 18:12:06,535 [main] INFO  base.BaseClass - Found Element By {by.toString()}
2024-04-17 18:12:07,070 [main] INFO  base.BaseClass - Trying to find Element By {by.toString()})
2024-04-17 18:12:07,101 [main] INFO  base.BaseClass - Found Element By {by.toString()}
2024-04-17 18:12:07,638 [main] INFO  base.BaseClass - Trying to find Element By {by.toString()})
2024-04-17 18:12:07,669 [main] INFO  base.BaseClass - Found Element By {by.toString()}
2024-04-17 18:12:08,220 [main] INFO  base.BaseClass - Trying to find Element By {by.toString()})
2024-04-17 18:12:08,256 [main] INFO  base.BaseClass - Found Element By {by.toString()}
2024-04-17 18:12:08,796 [main] INFO  base.BaseClass - Trying to find Element By {by.toString()})
2024-04-17 18:12:08,827 [main] INFO  base.BaseClass - Found Element By {by.toString()}
TimeoutException occurred: Expected condition failed: waiting for helper.WaitUtility$5@148fa282 (tried for 30 second(s) with 500 milliseconds interval)
Build info: version: '3.141.59', revision: 'e82be7d358', time: '2018-11-14T08:17:03'
System info: host: 'DPLAP166', ip: '137.237.2.236', os.name: 'Windows 10', os.arch: 'amd64', os.version: '10.0', java.version: '19.0.1'
Driver info: org.openqa.selenium.support.events.EventFiringWebDriver
Capabilities {acceptInsecureCerts: true, browserName: chrome, browserVersion: 123.0.6312.123, chrome: {chromedriverVersion: 123.0.6312.122 (31f8248cdd9..., userDataDir: C:\Users\dP-PL\AppData\Loca...}, fedcm:accounts: true, goog:chromeOptions: {debuggerAddress: localhost:51256}, javascriptEnabled: true, networkConnectionEnabled: false, pageLoadStrategy: normal, platform: WINDOWS, platformName: WINDOWS, proxy: Proxy(), setWindowRect: true, strictFileInteractability: false, timeouts: {implicit: 0, pageLoad: 300000, script: 30000}, unhandledPromptBehavior: dismiss and notify, webauthn:extension:credBlob: true, webauthn:extension:largeBlob: true, webauthn:extension:minPinLength: true, webauthn:extension:prf: true, webauthn:virtualAuthenticators: true}
Session ID: a59c4df4811f82049fe754efe723d3c1
2024-04-17 18:12:08,870 [main] ERROR RotationCopy_test - Element did not become visible within the specified time: Expected condition failed: waiting for helper.WaitUtility$5@148fa282 (tried for 30 second(s) with 500 milliseconds interval)
Build info: version: '3.141.59', revision: 'e82be7d358', time: '2018-11-14T08:17:03'
System info: host: 'DPLAP166', ip: '137.237.2.236', os.name: 'Windows 10', os.arch: 'amd64', os.version: '10.0', java.version: '19.0.1'
Driver info: org.openqa.selenium.support.events.EventFiringWebDriver
Capabilities {acceptInsecureCerts: true, browserName: chrome, browserVersion: 123.0.6312.123, chrome: {chromedriverVersion: 123.0.6312.122 (31f8248cdd9..., userDataDir: C:\Users\dP-PL\AppData\Loca...}, fedcm:accounts: true, goog:chromeOptions: {debuggerAddress: localhost:51256}, javascriptEnabled: true, networkConnectionEnabled: false, pageLoadStrategy: normal, platform: WINDOWS, platformName: WINDOWS, proxy: Proxy(), setWindowRect: true, strictFileInteractability: false, timeouts: {implicit: 0, pageLoad: 300000, script: 30000}, unhandledPromptBehavior: dismiss and notify, webauthn:extension:credBlob: true, webauthn:extension:largeBlob: true, webauthn:extension:minPinLength: true, webauthn:extension:prf: true, webauthn:virtualAuthenticators: true}
Session ID: a59c4df4811f82049fe754efe723d3c1
2024-04-17 18:12:08,870 [main] INFO  base.BaseClass - Trying to find Element By {by.toString()})
2024-04-17 18:12:08,897 [main] INFO  base.BaseClass - Found Element By {by.toString()}
2024-04-17 18:12:08,897 [main] INFO  base.BaseClass - Trying to click on: {element.toString()}
2024-04-17 18:12:08,980 [main] INFO  base.BaseClass - Clicked on: {element.toString()}
2024-04-17 18:12:08,980 [main] INFO  base.BaseClass - Trying to find Element By {by.toString()})
2024-04-17 18:12:08,994 [main] INFO  base.BaseClass - Found Element By {by.toString()}
2024-04-17 18:12:09,515 [main] INFO  base.BaseClass - Trying to find Element By {by.toString()})
2024-04-17 18:12:09,543 [main] INFO  base.BaseClass - Found Element By {by.toString()}
2024-04-17 18:12:10,079 [main] INFO  base.BaseClass - Trying to find Element By {by.toString()})
2024-04-17 18:12:10,106 [main] INFO  base.BaseClass - Found Element By {by.toString()}
2024-04-17 18:12:10,625 [main] INFO  base.BaseClass - Trying to find Element By {by.toString()})
2024-04-17 18:12:10,656 [main] INFO  base.BaseClass - Found Element By {by.toString()}
2024-04-17 18:12:11,202 [main] INFO  base.BaseClass - Trying to find Element By {by.toString()})
2024-04-17 18:12:11,227 [main] INFO  base.BaseClass - Found Element By {by.toString()}
2024-04-17 18:12:11,766 [main] INFO  base.BaseClass - Trying to find Element By {by.toString()})
2024-04-17 18:12:11,797 [main] INFO  base.BaseClass - Found Element By {by.toString()}
2024-04-17 18:12:12,342 [main] INFO  base.BaseClass - Trying to find Element By {by.toString()})
2024-04-17 18:12:12,373 [main] INFO  base.BaseClass - Found Element By {by.toString()}
2024-04-17 18:12:12,919 [main] INFO  base.BaseClass - Trying to find Element By {by.toString()})
2024-04-17 18:12:12,949 [main] INFO  base.BaseClass - Found Element By {by.toString()}
2024-04-17 18:12:13,499 [main] INFO  base.BaseClass - Trying to find Element By {by.toString()})
2024-04-17 18:12:13,529 [main] INFO  base.BaseClass - Found Element By {by.toString()}
2024-04-17 18:12:14,078 [main] INFO  base.BaseClass - Trying to find Element By {by.toString()})
2024-04-17 18:12:14,109 [main] INFO  base.BaseClass - Found Element By {by.toString()}
2024-04-17 18:12:14,658 [main] INFO  base.BaseClass - Trying to find Element By {by.toString()})
2024-04-17 18:12:14,688 [main] INFO  base.BaseClass - Found Element By {by.toString()}
2024-04-17 18:12:15,223 [main] INFO  base.BaseClass - Trying to find Element By {by.toString()})
2024-04-17 18:12:15,283 [main] INFO  base.BaseClass - Found Element By {by.toString()}
2024-04-17 18:12:15,801 [main] INFO  base.BaseClass - Trying to find Element By {by.toString()})
2024-04-17 18:12:15,833 [main] INFO  base.BaseClass - Found Element By {by.toString()}
2024-04-17 18:12:16,380 [main] INFO  base.BaseClass - Trying to find Element By {by.toString()})
2024-04-17 18:12:16,411 [main] INFO  base.BaseClass - Found Element By {by.toString()}
2024-04-17 18:12:16,957 [main] INFO  base.BaseClass - Trying to find Element By {by.toString()})
2024-04-17 18:12:16,987 [main] INFO  base.BaseClass - Found Element By {by.toString()}
2024-04-17 18:12:17,536 [main] INFO  base.BaseClass - Trying to find Element By {by.toString()})
2024-04-17 18:12:17,566 [main] INFO  base.BaseClass - Found Element By {by.toString()}
2024-04-17 18:12:18,098 [main] INFO  base.BaseClass - Trying to find Element By {by.toString()})
2024-04-17 18:12:18,128 [main] INFO  base.BaseClass - Found Element By {by.toString()}
2024-04-17 18:12:18,677 [main] INFO  base.BaseClass - Trying to find Element By {by.toString()})
2024-04-17 18:12:18,707 [main] INFO  base.BaseClass - Found Element By {by.toString()}
2024-04-17 18:12:19,253 [main] INFO  base.BaseClass - Trying to find Element By {by.toString()})
2024-04-17 18:12:19,283 [main] INFO  base.BaseClass - Found Element By {by.toString()}
2024-04-17 18:12:19,834 [main] INFO  base.BaseClass - Trying to find Element By {by.toString()})
2024-04-17 18:12:19,864 [main] INFO  base.BaseClass - Found Element By {by.toString()}
2024-04-17 18:12:20,386 [main] INFO  base.BaseClass - Trying to find Element By {by.toString()})
2024-04-17 18:12:20,416 [main] INFO  base.BaseClass - Found Element By {by.toString()}
2024-04-17 18:12:20,963 [main] INFO  base.BaseClass - Trying to find Element By {by.toString()})
2024-04-17 18:12:20,993 [main] INFO  base.BaseClass - Found Element By {by.toString()}
2024-04-17 18:12:21,529 [main] INFO  base.BaseClass - Trying to find Element By {by.toString()})
2024-04-17 18:12:21,559 [main] INFO  base.BaseClass - Found Element By {by.toString()}
2024-04-17 18:12:22,109 [main] INFO  base.BaseClass - Trying to find Element By {by.toString()})
2024-04-17 18:12:22,138 [main] INFO  base.BaseClass - Found Element By {by.toString()}
2024-04-17 18:12:22,672 [main] INFO  base.BaseClass - Trying to find Element By {by.toString()})
2024-04-17 18:12:22,702 [main] INFO  base.BaseClass - Found Element By {by.toString()}
2024-04-17 18:12:23,248 [main] INFO  base.BaseClass - Trying to find Element By {by.toString()})
2024-04-17 18:12:23,280 [main] INFO  base.BaseClass - Found Element By {by.toString()}
2024-04-17 18:12:23,824 [main] INFO  base.BaseClass - Trying to find Element By {by.toString()})
2024-04-17 18:12:23,856 [main] INFO  base.BaseClass - Found Element By {by.toString()}
2024-04-17 18:12:24,404 [main] INFO  base.BaseClass - Trying to find Element By {by.toString()})
2024-04-17 18:12:24,435 [main] INFO  base.BaseClass - Found Element By {by.toString()}
2024-04-17 18:12:24,987 [main] INFO  base.BaseClass - Trying to find Element By {by.toString()})
2024-04-17 18:12:25,020 [main] INFO  base.BaseClass - Found Element By {by.toString()}
2024-04-17 18:12:25,566 [main] INFO  base.BaseClass - Trying to find Element By {by.toString()})
2024-04-17 18:12:25,598 [main] INFO  base.BaseClass - Found Element By {by.toString()}
2024-04-17 18:12:26,131 [main] INFO  base.BaseClass - Trying to find Element By {by.toString()})
2024-04-17 18:12:26,162 [main] INFO  base.BaseClass - Found Element By {by.toString()}
2024-04-17 18:12:26,713 [main] INFO  base.BaseClass - Trying to find Element By {by.toString()})
2024-04-17 18:12:26,743 [main] INFO  base.BaseClass - Found Element By {by.toString()}
2024-04-17 18:12:27,292 [main] INFO  base.BaseClass - Trying to find Element By {by.toString()})
2024-04-17 18:12:27,323 [main] INFO  base.BaseClass - Found Element By {by.toString()}
2024-04-17 18:12:27,874 [main] INFO  base.BaseClass - Trying to find Element By {by.toString()})
2024-04-17 18:12:27,902 [main] INFO  base.BaseClass - Found Element By {by.toString()}
2024-04-17 18:12:28,451 [main] INFO  base.BaseClass - Trying to find Element By {by.toString()})
2024-04-17 18:12:28,478 [main] INFO  base.BaseClass - Found Element By {by.toString()}
2024-04-17 18:12:29,014 [main] INFO  base.BaseClass - Trying to find Element By {by.toString()})
2024-04-17 18:12:29,045 [main] INFO  base.BaseClass - Found Element By {by.toString()}
2024-04-17 18:12:29,592 [main] INFO  base.BaseClass - Trying to find Element By {by.toString()})
2024-04-17 18:12:29,624 [main] INFO  base.BaseClass - Found Element By {by.toString()}
2024-04-17 18:12:30,168 [main] INFO  base.BaseClass - Trying to find Element By {by.toString()})
2024-04-17 18:12:30,225 [main] INFO  base.BaseClass - Found Element By {by.toString()}
2024-04-17 18:12:30,746 [main] INFO  base.BaseClass - Trying to find Element By {by.toString()})
2024-04-17 18:12:30,777 [main] INFO  base.BaseClass - Found Element By {by.toString()}
2024-04-17 18:12:31,326 [main] INFO  base.BaseClass - Trying to find Element By {by.toString()})
2024-04-17 18:12:31,357 [main] INFO  base.BaseClass - Found Element By {by.toString()}
2024-04-17 18:12:31,907 [main] INFO  base.BaseClass - Trying to find Element By {by.toString()})
2024-04-17 18:12:31,937 [main] INFO  base.BaseClass - Found Element By {by.toString()}
2024-04-17 18:12:32,486 [main] INFO  base.BaseClass - Trying to find Element By {by.toString()})
2024-04-17 18:12:32,515 [main] INFO  base.BaseClass - Found Element By {by.toString()}
2024-04-17 18:12:33,064 [main] INFO  base.BaseClass - Trying to find Element By {by.toString()})
2024-04-17 18:12:33,092 [main] INFO  base.BaseClass - Found Element By {by.toString()}
2024-04-17 18:12:33,646 [main] INFO  base.BaseClass - Trying to find Element By {by.toString()})
2024-04-17 18:12:33,676 [main] INFO  base.BaseClass - Found Element By {by.toString()}
2024-04-17 18:12:34,210 [main] INFO  base.BaseClass - Trying to find Element By {by.toString()})
2024-04-17 18:12:34,239 [main] INFO  base.BaseClass - Found Element By {by.toString()}
2024-04-17 18:12:34,788 [main] INFO  base.BaseClass - Trying to find Element By {by.toString()})
2024-04-17 18:12:34,818 [main] INFO  base.BaseClass - Found Element By {by.toString()}
2024-04-17 18:12:35,365 [main] INFO  base.BaseClass - Trying to find Element By {by.toString()})
2024-04-17 18:12:35,395 [main] INFO  base.BaseClass - Found Element By {by.toString()}
2024-04-17 18:12:35,941 [main] INFO  base.BaseClass - Trying to find Element By {by.toString()})
2024-04-17 18:12:35,971 [main] INFO  base.BaseClass - Found Element By {by.toString()}
2024-04-17 18:12:36,519 [main] INFO  base.BaseClass - Trying to find Element By {by.toString()})
2024-04-17 18:12:36,548 [main] INFO  base.BaseClass - Found Element By {by.toString()}
2024-04-17 18:12:37,085 [main] INFO  base.BaseClass - Trying to find Element By {by.toString()})
2024-04-17 18:12:37,115 [main] INFO  base.BaseClass - Found Element By {by.toString()}
2024-04-17 18:12:37,662 [main] INFO  base.BaseClass - Trying to find Element By {by.toString()})
2024-04-17 18:12:37,695 [main] INFO  base.BaseClass - Found Element By {by.toString()}
2024-04-17 18:12:38,224 [main] INFO  base.BaseClass - Trying to find Element By {by.toString()})
2024-04-17 18:12:38,237 [main] INFO  base.BaseClass - Found Element By {by.toString()}
2024-04-17 18:12:38,758 [main] INFO  base.BaseClass - Trying to find Element By {by.toString()})
2024-04-17 18:12:38,790 [main] INFO  base.BaseClass - Found Element By {by.toString()}
2024-04-17 18:12:39,336 [main] INFO  base.BaseClass - Trying to find Element By {by.toString()})
2024-04-17 18:12:39,367 [main] INFO  base.BaseClass - Found Element By {by.toString()}
TimeoutException occurred: Expected condition failed: waiting for helper.WaitUtility$5@6538fcf3 (tried for 30 second(s) with 500 milliseconds interval)
Build info: version: '3.141.59', revision: 'e82be7d358', time: '2018-11-14T08:17:03'
System info: host: 'DPLAP166', ip: '137.237.2.236', os.name: 'Windows 10', os.arch: 'amd64', os.version: '10.0', java.version: '19.0.1'
Driver info: org.openqa.selenium.support.events.EventFiringWebDriver
Capabilities {acceptInsecureCerts: true, browserName: chrome, browserVersion: 123.0.6312.123, chrome: {chromedriverVersion: 123.0.6312.122 (31f8248cdd9..., userDataDir: C:\Users\dP-PL\AppData\Loca...}, fedcm:accounts: true, goog:chromeOptions: {debuggerAddress: localhost:51256}, javascriptEnabled: true, networkConnectionEnabled: false, pageLoadStrategy: normal, platform: WINDOWS, platformName: WINDOWS, proxy: Proxy(), setWindowRect: true, strictFileInteractability: false, timeouts: {implicit: 0, pageLoad: 300000, script: 30000}, unhandledPromptBehavior: dismiss and notify, webauthn:extension:credBlob: true, webauthn:extension:largeBlob: true, webauthn:extension:minPinLength: true, webauthn:extension:prf: true, webauthn:virtualAuthenticators: true}
Session ID: a59c4df4811f82049fe754efe723d3c1
2024-04-17 18:12:39,407 [main] ERROR RotationCopy_test - Element did not become visible within the specified time: Expected condition failed: waiting for helper.WaitUtility$5@6538fcf3 (tried for 30 second(s) with 500 milliseconds interval)
Build info: version: '3.141.59', revision: 'e82be7d358', time: '2018-11-14T08:17:03'
System info: host: 'DPLAP166', ip: '137.237.2.236', os.name: 'Windows 10', os.arch: 'amd64', os.version: '10.0', java.version: '19.0.1'
Driver info: org.openqa.selenium.support.events.EventFiringWebDriver
Capabilities {acceptInsecureCerts: true, browserName: chrome, browserVersion: 123.0.6312.123, chrome: {chromedriverVersion: 123.0.6312.122 (31f8248cdd9..., userDataDir: C:\Users\dP-PL\AppData\Loca...}, fedcm:accounts: true, goog:chromeOptions: {debuggerAddress: localhost:51256}, javascriptEnabled: true, networkConnectionEnabled: false, pageLoadStrategy: normal, platform: WINDOWS, platformName: WINDOWS, proxy: Proxy(), setWindowRect: true, strictFileInteractability: false, timeouts: {implicit: 0, pageLoad: 300000, script: 30000}, unhandledPromptBehavior: dismiss and notify, webauthn:extension:credBlob: true, webauthn:extension:largeBlob: true, webauthn:extension:minPinLength: true, webauthn:extension:prf: true, webauthn:virtualAuthenticators: true}
Session ID: a59c4df4811f82049fe754efe723d3c1
2024-04-17 18:12:39,407 [main] INFO  base.BaseClass - Trying to find Element By {by.toString()})
2024-04-17 18:12:39,424 [main] INFO  base.BaseClass - Found Element By {by.toString()}
2024-04-17 18:12:39,424 [main] INFO  base.BaseClass - Trying to click on: {element.toString()}
2024-04-17 18:12:39,540 [main] INFO  base.BaseClass - Clicked on: {element.toString()}
2024-04-17 18:12:39,546 [main] INFO  base.BaseClass - Trying to find Element By {by.toString()})
2024-04-17 18:12:39,559 [main] INFO  base.BaseClass - Found Element By {by.toString()}
2024-04-17 18:12:40,073 [main] INFO  base.BaseClass - Trying to find Element By {by.toString()})
2024-04-17 18:12:40,090 [main] INFO  base.BaseClass - Found Element By {by.toString()}
2024-04-17 18:12:40,607 [main] INFO  base.BaseClass - Trying to find Element By {by.toString()})
2024-04-17 18:12:40,634 [main] INFO  base.BaseClass - Found Element By {by.toString()}
2024-04-17 18:12:41,187 [main] INFO  base.BaseClass - Trying to find Element By {by.toString()})
2024-04-17 18:12:41,212 [main] INFO  base.BaseClass - Found Element By {by.toString()}
2024-04-17 18:12:41,733 [main] INFO  base.BaseClass - Trying to find Element By {by.toString()})
2024-04-17 18:12:41,764 [main] INFO  base.BaseClass - Found Element By {by.toString()}
2024-04-17 18:12:42,307 [main] INFO  base.BaseClass - Trying to find Element By {by.toString()})
2024-04-17 18:12:42,337 [main] INFO  base.BaseClass - Found Element By {by.toString()}
2024-04-17 18:12:42,880 [main] INFO  base.BaseClass - Trying to find Element By {by.toString()})
2024-04-17 18:12:42,909 [main] INFO  base.BaseClass - Found Element By {by.toString()}
2024-04-17 18:12:43,458 [main] INFO  base.BaseClass - Trying to find Element By {by.toString()})
2024-04-17 18:12:43,488 [main] INFO  base.BaseClass - Found Element By {by.toString()}
2024-04-17 18:12:44,039 [main] INFO  base.BaseClass - Trying to find Element By {by.toString()})
2024-04-17 18:12:44,067 [main] INFO  base.BaseClass - Found Element By {by.toString()}
2024-04-17 18:12:44,605 [main] INFO  base.BaseClass - Trying to find Element By {by.toString()})
2024-04-17 18:12:44,615 [main] INFO  base.BaseClass - Found Element By {by.toString()}
2024-04-17 18:12:45,139 [main] INFO  base.BaseClass - Trying to find Element By {by.toString()})
2024-04-17 18:12:45,168 [main] INFO  base.BaseClass - Found Element By {by.toString()}
2024-04-17 18:12:45,717 [main] INFO  base.BaseClass - Trying to find Element By {by.toString()})
2024-04-17 18:12:45,742 [main] INFO  base.BaseClass - Found Element By {by.toString()}
2024-04-17 18:12:46,265 [main] INFO  base.BaseClass - Trying to find Element By {by.toString()})
2024-04-17 18:12:46,295 [main] INFO  base.BaseClass - Found Element By {by.toString()}
2024-04-17 18:12:46,845 [main] INFO  base.BaseClass - Trying to find Element By {by.toString()})
2024-04-17 18:12:46,874 [main] INFO  base.BaseClass - Found Element By {by.toString()}
2024-04-17 18:12:47,423 [main] INFO  base.BaseClass - Trying to find Element By {by.toString()})
2024-04-17 18:12:47,452 [main] INFO  base.BaseClass - Found Element By {by.toString()}
2024-04-17 18:12:47,985 [main] INFO  base.BaseClass - Trying to find Element By {by.toString()})
2024-04-17 18:12:48,014 [main] INFO  base.BaseClass - Found Element By {by.toString()}
2024-04-17 18:12:48,562 [main] INFO  base.BaseClass - Trying to find Element By {by.toString()})
2024-04-17 18:12:48,591 [main] INFO  base.BaseClass - Found Element By {by.toString()}
2024-04-17 18:12:49,138 [main] INFO  base.BaseClass - Trying to find Element By {by.toString()})
2024-04-17 18:12:49,166 [main] INFO  base.BaseClass - Found Element By {by.toString()}
2024-04-17 18:12:49,703 [main] INFO  base.BaseClass - Trying to find Element By {by.toString()})
2024-04-17 18:12:49,734 [main] INFO  base.BaseClass - Found Element By {by.toString()}
2024-04-17 18:12:50,280 [main] INFO  base.BaseClass - Trying to find Element By {by.toString()})
2024-04-17 18:12:50,309 [main] INFO  base.BaseClass - Found Element By {by.toString()}
2024-04-17 18:12:50,859 [main] INFO  base.BaseClass - Trying to find Element By {by.toString()})
2024-04-17 18:12:50,888 [main] INFO  base.BaseClass - Found Element By {by.toString()}
2024-04-17 18:12:51,435 [main] INFO  base.BaseClass - Trying to find Element By {by.toString()})
2024-04-17 18:12:51,464 [main] INFO  base.BaseClass - Found Element By {by.toString()}
2024-04-17 18:12:52,014 [main] INFO  base.BaseClass - Trying to find Element By {by.toString()})
2024-04-17 18:12:52,045 [main] INFO  base.BaseClass - Found Element By {by.toString()}
2024-04-17 18:12:52,606 [main] INFO  base.BaseClass - Trying to find Element By {by.toString()})
2024-04-17 18:12:52,636 [main] INFO  base.BaseClass - Found Element By {by.toString()}
2024-04-17 18:12:53,184 [main] INFO  base.BaseClass - Trying to find Element By {by.toString()})
2024-04-17 18:12:53,214 [main] INFO  base.BaseClass - Found Element By {by.toString()}
2024-04-17 18:12:53,765 [main] INFO  base.BaseClass - Trying to find Element By {by.toString()})
2024-04-17 18:12:53,789 [main] INFO  base.BaseClass - Found Element By {by.toString()}
2024-04-17 18:12:54,329 [main] INFO  base.BaseClass - Trying to find Element By {by.toString()})
2024-04-17 18:12:54,358 [main] INFO  base.BaseClass - Found Element By {by.toString()}
2024-04-17 18:12:54,905 [main] INFO  base.BaseClass - Trying to find Element By {by.toString()})
2024-04-17 18:12:54,923 [main] INFO  base.BaseClass - Found Element By {by.toString()}
2024-04-17 18:12:55,464 [main] INFO  base.BaseClass - Trying to find Element By {by.toString()})
2024-04-17 18:12:55,494 [main] INFO  base.BaseClass - Found Element By {by.toString()}
2024-04-17 18:12:56,041 [main] INFO  base.BaseClass - Trying to find Element By {by.toString()})
2024-04-17 18:12:56,071 [main] INFO  base.BaseClass - Found Element By {by.toString()}
2024-04-17 18:12:56,606 [main] INFO  base.BaseClass - Trying to find Element By {by.toString()})
2024-04-17 18:12:56,635 [main] INFO  base.BaseClass - Found Element By {by.toString()}
2024-04-17 18:12:57,184 [main] INFO  base.BaseClass - Trying to find Element By {by.toString()})
2024-04-17 18:12:57,212 [main] INFO  base.BaseClass - Found Element By {by.toString()}
2024-04-17 18:12:57,746 [main] INFO  base.BaseClass - Trying to find Element By {by.toString()})
2024-04-17 18:12:57,775 [main] INFO  base.BaseClass - Found Element By {by.toString()}
2024-04-17 18:12:58,323 [main] INFO  base.BaseClass - Trying to find Element By {by.toString()})
2024-04-17 18:12:58,353 [main] INFO  base.BaseClass - Found Element By {by.toString()}
2024-04-17 18:12:58,901 [main] INFO  base.BaseClass - Trying to find Element By {by.toString()})
2024-04-17 18:12:58,930 [main] INFO  base.BaseClass - Found Element By {by.toString()}
2024-04-17 18:12:59,450 [main] INFO  base.BaseClass - Trying to find Element By {by.toString()})
2024-04-17 18:12:59,476 [main] INFO  base.BaseClass - Found Element By {by.toString()}
2024-04-17 18:13:00,011 [main] INFO  base.BaseClass - Trying to find Element By {by.toString()})
2024-04-17 18:13:00,038 [main] INFO  base.BaseClass - Found Element By {by.toString()}
2024-04-17 18:13:00,571 [main] INFO  base.BaseClass - Trying to find Element By {by.toString()})
2024-04-17 18:13:00,601 [main] INFO  base.BaseClass - Found Element By {by.toString()}
2024-04-17 18:13:01,133 [main] INFO  base.BaseClass - Trying to find Element By {by.toString()})
2024-04-17 18:13:01,166 [main] INFO  base.BaseClass - Found Element By {by.toString()}
2024-04-17 18:13:01,699 [main] INFO  base.BaseClass - Trying to find Element By {by.toString()})
2024-04-17 18:13:01,730 [main] INFO  base.BaseClass - Found Element By {by.toString()}
2024-04-17 18:13:02,264 [main] INFO  base.BaseClass - Trying to find Element By {by.toString()})
2024-04-17 18:13:02,294 [main] INFO  base.BaseClass - Found Element By {by.toString()}
2024-04-17 18:13:02,838 [main] INFO  base.BaseClass - Trying to find Element By {by.toString()})
2024-04-17 18:13:02,872 [main] INFO  base.BaseClass - Found Element By {by.toString()}
2024-04-17 18:13:03,404 [main] INFO  base.BaseClass - Trying to find Element By {by.toString()})
2024-04-17 18:13:03,419 [main] INFO  base.BaseClass - Found Element By {by.toString()}
2024-04-17 18:13:03,950 [main] INFO  base.BaseClass - Trying to find Element By {by.toString()})
2024-04-17 18:13:03,980 [main] INFO  base.BaseClass - Found Element By {by.toString()}
2024-04-17 18:13:04,529 [main] INFO  base.BaseClass - Trying to find Element By {by.toString()})
2024-04-17 18:13:04,558 [main] INFO  base.BaseClass - Found Element By {by.toString()}
2024-04-17 18:13:05,105 [main] INFO  base.BaseClass - Trying to find Element By {by.toString()})
2024-04-17 18:13:05,135 [main] INFO  base.BaseClass - Found Element By {by.toString()}
2024-04-17 18:13:05,683 [main] INFO  base.BaseClass - Trying to find Element By {by.toString()})
2024-04-17 18:13:05,713 [main] INFO  base.BaseClass - Found Element By {by.toString()}
2024-04-17 18:13:06,260 [main] INFO  base.BaseClass - Trying to find Element By {by.toString()})
2024-04-17 18:13:06,289 [main] INFO  base.BaseClass - Found Element By {by.toString()}
2024-04-17 18:13:06,838 [main] INFO  base.BaseClass - Trying to find Element By {by.toString()})
2024-04-17 18:13:06,867 [main] INFO  base.BaseClass - Found Element By {by.toString()}
2024-04-17 18:13:07,419 [main] INFO  base.BaseClass - Trying to find Element By {by.toString()})
2024-04-17 18:13:07,447 [main] INFO  base.BaseClass - Found Element By {by.toString()}
2024-04-17 18:13:07,998 [main] INFO  base.BaseClass - Trying to find Element By {by.toString()})
2024-04-17 18:13:08,011 [main] INFO  base.BaseClass - Found Element By {by.toString()}
2024-04-17 18:13:08,530 [main] INFO  base.BaseClass - Trying to find Element By {by.toString()})
2024-04-17 18:13:08,561 [main] INFO  base.BaseClass - Found Element By {by.toString()}
2024-04-17 18:13:09,093 [main] INFO  base.BaseClass - Trying to find Element By {by.toString()})
2024-04-17 18:13:09,124 [main] INFO  base.BaseClass - Found Element By {by.toString()}
2024-04-17 18:13:09,669 [main] INFO  base.BaseClass - Trying to find Element By {by.toString()})
2024-04-17 18:13:09,698 [main] INFO  base.BaseClass - Found Element By {by.toString()}
TimeoutException occurred: Expected condition failed: waiting for helper.WaitUtility$5@49c8a738 (tried for 30 second(s) with 500 milliseconds interval)
Build info: version: '3.141.59', revision: 'e82be7d358', time: '2018-11-14T08:17:03'
System info: host: 'DPLAP166', ip: '137.237.2.236', os.name: 'Windows 10', os.arch: 'amd64', os.version: '10.0', java.version: '19.0.1'
Driver info: org.openqa.selenium.support.events.EventFiringWebDriver
Capabilities {acceptInsecureCerts: true, browserName: chrome, browserVersion: 123.0.6312.123, chrome: {chromedriverVersion: 123.0.6312.122 (31f8248cdd9..., userDataDir: C:\Users\dP-PL\AppData\Loca...}, fedcm:accounts: true, goog:chromeOptions: {debuggerAddress: localhost:51256}, javascriptEnabled: true, networkConnectionEnabled: false, pageLoadStrategy: normal, platform: WINDOWS, platformName: WINDOWS, proxy: Proxy(), setWindowRect: true, strictFileInteractability: false, timeouts: {implicit: 0, pageLoad: 300000, script: 30000}, unhandledPromptBehavior: dismiss and notify, webauthn:extension:credBlob: true, webauthn:extension:largeBlob: true, webauthn:extension:minPinLength: true, webauthn:extension:prf: true, webauthn:virtualAuthenticators: true}
Session ID: a59c4df4811f82049fe754efe723d3c1
2024-04-17 18:13:09,733 [main] ERROR RotationCopy_test - Element did not become visible within the specified time: Expected condition failed: waiting for helper.WaitUtility$5@49c8a738 (tried for 30 second(s) with 500 milliseconds interval)
Build info: version: '3.141.59', revision: 'e82be7d358', time: '2018-11-14T08:17:03'
System info: host: 'DPLAP166', ip: '137.237.2.236', os.name: 'Windows 10', os.arch: 'amd64', os.version: '10.0', java.version: '19.0.1'
Driver info: org.openqa.selenium.support.events.EventFiringWebDriver
Capabilities {acceptInsecureCerts: true, browserName: chrome, browserVersion: 123.0.6312.123, chrome: {chromedriverVersion: 123.0.6312.122 (31f8248cdd9..., userDataDir: C:\Users\dP-PL\AppData\Loca...}, fedcm:accounts: true, goog:chromeOptions: {debuggerAddress: localhost:51256}, javascriptEnabled: true, networkConnectionEnabled: false, pageLoadStrategy: normal, platform: WINDOWS, platformName: WINDOWS, proxy: Proxy(), setWindowRect: true, strictFileInteractability: false, timeouts: {implicit: 0, pageLoad: 300000, script: 30000}, unhandledPromptBehavior: dismiss and notify, webauthn:extension:credBlob: true, webauthn:extension:largeBlob: true, webauthn:extension:minPinLength: true, webauthn:extension:prf: true, webauthn:virtualAuthenticators: true}
Session ID: a59c4df4811f82049fe754efe723d3c1
2024-04-17 18:13:09,733 [main] INFO  base.BaseClass - Trying to find Element By {by.toString()})
2024-04-17 18:13:09,749 [main] INFO  base.BaseClass - Found Element By {by.toString()}
2024-04-17 18:13:09,749 [main] INFO  base.BaseClass - Trying to click on: {element.toString()}
2024-04-17 18:13:09,823 [main] INFO  base.BaseClass - Clicked on: {element.toString()}
2024-04-17 18:13:09,830 [main] INFO  base.BaseClass - Trying to find Element By {by.toString()})
2024-04-17 18:13:09,842 [main] INFO  base.BaseClass - Found Element By {by.toString()}
2024-04-17 18:13:10,367 [main] INFO  base.BaseClass - Trying to find Element By {by.toString()})
2024-04-17 18:13:10,665 [main] INFO  base.BaseClass - Found Element By {by.toString()}
2024-04-17 18:13:11,220 [main] INFO  base.BaseClass - Trying to find Element By {by.toString()})
2024-04-17 18:13:11,254 [main] INFO  base.BaseClass - Found Element By {by.toString()}
2024-04-17 18:13:11,788 [main] INFO  base.BaseClass - Trying to find Element By {by.toString()})
2024-04-17 18:13:11,819 [main] INFO  base.BaseClass - Found Element By {by.toString()}
2024-04-17 18:13:12,367 [main] INFO  base.BaseClass - Trying to find Element By {by.toString()})
2024-04-17 18:13:12,396 [main] INFO  base.BaseClass - Found Element By {by.toString()}
2024-04-17 18:13:12,942 [main] INFO  base.BaseClass - Trying to find Element By {by.toString()})
2024-04-17 18:13:12,967 [main] INFO  base.BaseClass - Found Element By {by.toString()}
2024-04-17 18:13:13,491 [main] INFO  base.BaseClass - Trying to find Element By {by.toString()})
2024-04-17 18:13:13,521 [main] INFO  base.BaseClass - Found Element By {by.toString()}
2024-04-17 18:13:14,068 [main] INFO  base.BaseClass - Trying to find Element By {by.toString()})
2024-04-17 18:13:14,097 [main] INFO  base.BaseClass - Found Element By {by.toString()}
2024-04-17 18:13:14,648 [main] INFO  base.BaseClass - Trying to find Element By {by.toString()})
2024-04-17 18:13:14,679 [main] INFO  base.BaseClass - Found Element By {by.toString()}
2024-04-17 18:13:15,225 [main] INFO  base.BaseClass - Trying to find Element By {by.toString()})
2024-04-17 18:13:15,255 [main] INFO  base.BaseClass - Found Element By {by.toString()}
2024-04-17 18:13:15,801 [main] INFO  base.BaseClass - Trying to find Element By {by.toString()})
2024-04-17 18:13:15,830 [main] INFO  base.BaseClass - Found Element By {by.toString()}
2024-04-17 18:13:16,364 [main] INFO  base.BaseClass - Trying to find Element By {by.toString()})
2024-04-17 18:13:16,396 [main] INFO  base.BaseClass - Found Element By {by.toString()}
2024-04-17 18:13:16,924 [main] INFO  base.BaseClass - Trying to find Element By {by.toString()})
2024-04-17 18:13:16,957 [main] INFO  base.BaseClass - Found Element By {by.toString()}
2024-04-17 18:13:17,502 [main] INFO  base.BaseClass - Trying to find Element By {by.toString()})
2024-04-17 18:13:17,536 [main] INFO  base.BaseClass - Found Element By {by.toString()}
2024-04-17 18:13:18,079 [main] INFO  base.BaseClass - Trying to find Element By {by.toString()})
2024-04-17 18:13:18,112 [main] INFO  base.BaseClass - Found Element By {by.toString()}
2024-04-17 18:13:18,656 [main] INFO  base.BaseClass - Trying to find Element By {by.toString()})
2024-04-17 18:13:18,671 [main] INFO  base.BaseClass - Found Element By {by.toString()}
2024-04-17 18:13:19,201 [main] INFO  base.BaseClass - Trying to find Element By {by.toString()})
2024-04-17 18:13:19,232 [main] INFO  base.BaseClass - Found Element By {by.toString()}
2024-04-17 18:13:19,781 [main] INFO  base.BaseClass - Trying to find Element By {by.toString()})
2024-04-17 18:13:19,794 [main] INFO  base.BaseClass - Found Element By {by.toString()}
2024-04-17 18:13:20,315 [main] INFO  base.BaseClass - Trying to find Element By {by.toString()})
2024-04-17 18:13:20,346 [main] INFO  base.BaseClass - Found Element By {by.toString()}
2024-04-17 18:13:20,892 [main] INFO  base.BaseClass - Trying to find Element By {by.toString()})
2024-04-17 18:13:20,923 [main] INFO  base.BaseClass - Found Element By {by.toString()}
2024-04-17 18:13:21,472 [main] INFO  base.BaseClass - Trying to find Element By {by.toString()})
2024-04-17 18:13:21,502 [main] INFO  base.BaseClass - Found Element By {by.toString()}
2024-04-17 18:13:22,048 [main] INFO  base.BaseClass - Trying to find Element By {by.toString()})
2024-04-17 18:13:22,069 [main] INFO  base.BaseClass - Found Element By {by.toString()}
2024-04-17 18:13:22,613 [main] INFO  base.BaseClass - Trying to find Element By {by.toString()})
2024-04-17 18:13:22,644 [main] INFO  base.BaseClass - Found Element By {by.toString()}
2024-04-17 18:13:23,194 [main] INFO  base.BaseClass - Trying to find Element By {by.toString()})
2024-04-17 18:13:23,223 [main] INFO  base.BaseClass - Found Element By {by.toString()}
2024-04-17 18:13:23,770 [main] INFO  base.BaseClass - Trying to find Element By {by.toString()})
2024-04-17 18:13:23,793 [main] INFO  base.BaseClass - Found Element By {by.toString()}
2024-04-17 18:13:24,316 [main] INFO  base.BaseClass - Trying to find Element By {by.toString()})
2024-04-17 18:13:24,345 [main] INFO  base.BaseClass - Found Element By {by.toString()}
2024-04-17 18:13:24,894 [main] INFO  base.BaseClass - Trying to find Element By {by.toString()})
2024-04-17 18:13:24,924 [main] INFO  base.BaseClass - Found Element By {by.toString()}
2024-04-17 18:13:25,469 [main] INFO  base.BaseClass - Trying to find Element By {by.toString()})
2024-04-17 18:13:25,498 [main] INFO  base.BaseClass - Found Element By {by.toString()}
2024-04-17 18:13:26,045 [main] INFO  base.BaseClass - Trying to find Element By {by.toString()})
2024-04-17 18:13:26,075 [main] INFO  base.BaseClass - Found Element By {by.toString()}
2024-04-17 18:13:26,611 [main] INFO  base.BaseClass - Trying to find Element By {by.toString()})
2024-04-17 18:13:26,641 [main] INFO  base.BaseClass - Found Element By {by.toString()}
2024-04-17 18:13:27,190 [main] INFO  base.BaseClass - Trying to find Element By {by.toString()})
2024-04-17 18:13:27,219 [main] INFO  base.BaseClass - Found Element By {by.toString()}
2024-04-17 18:13:27,767 [main] INFO  base.BaseClass - Trying to find Element By {by.toString()})
2024-04-17 18:13:27,796 [main] INFO  base.BaseClass - Found Element By {by.toString()}
2024-04-17 18:13:28,342 [main] INFO  base.BaseClass - Trying to find Element By {by.toString()})
2024-04-17 18:13:28,372 [main] INFO  base.BaseClass - Found Element By {by.toString()}
2024-04-17 18:13:28,924 [main] INFO  base.BaseClass - Trying to find Element By {by.toString()})
2024-04-17 18:13:28,955 [main] INFO  base.BaseClass - Found Element By {by.toString()}
2024-04-17 18:13:29,486 [main] INFO  base.BaseClass - Trying to find Element By {by.toString()})
2024-04-17 18:13:29,515 [main] INFO  base.BaseClass - Found Element By {by.toString()}
2024-04-17 18:13:30,060 [main] INFO  base.BaseClass - Trying to find Element By {by.toString()})
2024-04-17 18:13:30,089 [main] INFO  base.BaseClass - Found Element By {by.toString()}
2024-04-17 18:13:30,625 [main] INFO  base.BaseClass - Trying to find Element By {by.toString()})
2024-04-17 18:13:30,655 [main] INFO  base.BaseClass - Found Element By {by.toString()}
2024-04-17 18:13:31,202 [main] INFO  base.BaseClass - Trying to find Element By {by.toString()})
2024-04-17 18:13:31,234 [main] INFO  base.BaseClass - Found Element By {by.toString()}
2024-04-17 18:13:31,782 [main] INFO  base.BaseClass - Trying to find Element By {by.toString()})
2024-04-17 18:13:31,806 [main] INFO  base.BaseClass - Found Element By {by.toString()}
2024-04-17 18:13:32,344 [main] INFO  base.BaseClass - Trying to find Element By {by.toString()})
2024-04-17 18:13:32,374 [main] INFO  base.BaseClass - Found Element By {by.toString()}
2024-04-17 18:13:32,921 [main] INFO  base.BaseClass - Trying to find Element By {by.toString()})
2024-04-17 18:13:32,952 [main] INFO  base.BaseClass - Found Element By {by.toString()}
2024-04-17 18:13:33,499 [main] INFO  base.BaseClass - Trying to find Element By {by.toString()})
2024-04-17 18:13:33,531 [main] INFO  base.BaseClass - Found Element By {by.toString()}
2024-04-17 18:13:34,079 [main] INFO  base.BaseClass - Trying to find Element By {by.toString()})
2024-04-17 18:13:34,107 [main] INFO  base.BaseClass - Found Element By {by.toString()}
2024-04-17 18:13:34,644 [main] INFO  base.BaseClass - Trying to find Element By {by.toString()})
2024-04-17 18:13:34,673 [main] INFO  base.BaseClass - Found Element By {by.toString()}
2024-04-17 18:13:35,224 [main] INFO  base.BaseClass - Trying to find Element By {by.toString()})
2024-04-17 18:13:35,255 [main] INFO  base.BaseClass - Found Element By {by.toString()}
2024-04-17 18:13:35,802 [main] INFO  base.BaseClass - Trying to find Element By {by.toString()})
2024-04-17 18:13:35,832 [main] INFO  base.BaseClass - Found Element By {by.toString()}
2024-04-17 18:13:36,380 [main] INFO  base.BaseClass - Trying to find Element By {by.toString()})
2024-04-17 18:13:36,409 [main] INFO  base.BaseClass - Found Element By {by.toString()}
2024-04-17 18:13:36,955 [main] INFO  base.BaseClass - Trying to find Element By {by.toString()})
2024-04-17 18:13:36,985 [main] INFO  base.BaseClass - Found Element By {by.toString()}
2024-04-17 18:13:37,519 [main] INFO  base.BaseClass - Trying to find Element By {by.toString()})
2024-04-17 18:13:37,592 [main] INFO  base.BaseClass - Found Element By {by.toString()}
2024-04-17 18:13:38,143 [main] INFO  base.BaseClass - Trying to find Element By {by.toString()})
2024-04-17 18:13:38,175 [main] INFO  base.BaseClass - Found Element By {by.toString()}
2024-04-17 18:13:38,705 [main] INFO  base.BaseClass - Trying to find Element By {by.toString()})
2024-04-17 18:13:38,734 [main] INFO  base.BaseClass - Found Element By {by.toString()}
2024-04-17 18:13:39,286 [main] INFO  base.BaseClass - Trying to find Element By {by.toString()})
2024-04-17 18:13:39,314 [main] INFO  base.BaseClass - Found Element By {by.toString()}
2024-04-17 18:13:39,850 [main] INFO  base.BaseClass - Trying to find Element By {by.toString()})
2024-04-17 18:13:39,879 [main] INFO  base.BaseClass - Found Element By {by.toString()}
TimeoutException occurred: Expected condition failed: waiting for helper.WaitUtility$5@3996b64f (tried for 30 second(s) with 500 milliseconds interval)
Build info: version: '3.141.59', revision: 'e82be7d358', time: '2018-11-14T08:17:03'
System info: host: 'DPLAP166', ip: '137.237.2.236', os.name: 'Windows 10', os.arch: 'amd64', os.version: '10.0', java.version: '19.0.1'
Driver info: org.openqa.selenium.support.events.EventFiringWebDriver
Capabilities {acceptInsecureCerts: true, browserName: chrome, browserVersion: 123.0.6312.123, chrome: {chromedriverVersion: 123.0.6312.122 (31f8248cdd9..., userDataDir: C:\Users\dP-PL\AppData\Loca...}, fedcm:accounts: true, goog:chromeOptions: {debuggerAddress: localhost:51256}, javascriptEnabled: true, networkConnectionEnabled: false, pageLoadStrategy: normal, platform: WINDOWS, platformName: WINDOWS, proxy: Proxy(), setWindowRect: true, strictFileInteractability: false, timeouts: {implicit: 0, pageLoad: 300000, script: 30000}, unhandledPromptBehavior: dismiss and notify, webauthn:extension:credBlob: true, webauthn:extension:largeBlob: true, webauthn:extension:minPinLength: true, webauthn:extension:prf: true, webauthn:virtualAuthenticators: true}
Session ID: a59c4df4811f82049fe754efe723d3c1
2024-04-17 18:13:39,912 [main] ERROR RotationCopy_test - Element did not become visible within the specified time: Expected condition failed: waiting for helper.WaitUtility$5@3996b64f (tried for 30 second(s) with 500 milliseconds interval)
Build info: version: '3.141.59', revision: 'e82be7d358', time: '2018-11-14T08:17:03'
System info: host: 'DPLAP166', ip: '137.237.2.236', os.name: 'Windows 10', os.arch: 'amd64', os.version: '10.0', java.version: '19.0.1'
Driver info: org.openqa.selenium.support.events.EventFiringWebDriver
Capabilities {acceptInsecureCerts: true, browserName: chrome, browserVersion: 123.0.6312.123, chrome: {chromedriverVersion: 123.0.6312.122 (31f8248cdd9..., userDataDir: C:\Users\dP-PL\AppData\Loca...}, fedcm:accounts: true, goog:chromeOptions: {debuggerAddress: localhost:51256}, javascriptEnabled: true, networkConnectionEnabled: false, pageLoadStrategy: normal, platform: WINDOWS, platformName: WINDOWS, proxy: Proxy(), setWindowRect: true, strictFileInteractability: false, timeouts: {implicit: 0, pageLoad: 300000, script: 30000}, unhandledPromptBehavior: dismiss and notify, webauthn:extension:credBlob: true, webauthn:extension:largeBlob: true, webauthn:extension:minPinLength: true, webauthn:extension:prf: true, webauthn:virtualAuthenticators: true}
Session ID: a59c4df4811f82049fe754efe723d3c1
2024-04-17 18:13:39,913 [main] INFO  base.BaseClass - Trying to find Element By {by.toString()})
2024-04-17 18:13:39,926 [main] INFO  base.BaseClass - Found Element By {by.toString()}
2024-04-17 18:13:39,926 [main] INFO  base.BaseClass - Trying to click on: {element.toString()}
2024-04-17 18:13:40,036 [main] INFO  base.BaseClass - Clicked on: {element.toString()}
2024-04-17 18:13:40,036 [main] INFO  base.BaseClass - Trying to find Element By {by.toString()})
2024-04-17 18:13:40,903 [main] INFO  base.BaseClass - Found Element By {by.toString()}
2024-04-17 18:13:41,424 [main] INFO  base.BaseClass - Trying to find Element By {by.toString()})
2024-04-17 18:13:41,457 [main] INFO  base.BaseClass - Found Element By {by.toString()}
2024-04-17 18:13:42,001 [main] INFO  base.BaseClass - Trying to find Element By {by.toString()})
2024-04-17 18:13:42,015 [main] INFO  base.BaseClass - Found Element By {by.toString()}
2024-04-17 18:13:42,531 [main] INFO  base.BaseClass - Trying to find Element By {by.toString()})
2024-04-17 18:13:42,563 [main] INFO  base.BaseClass - Found Element By {by.toString()}
2024-04-17 18:13:43,109 [main] INFO  base.BaseClass - Trying to find Element By {by.toString()})
2024-04-17 18:13:43,122 [main] INFO  base.BaseClass - Found Element By {by.toString()}
2024-04-17 18:13:43,642 [main] INFO  base.BaseClass - Trying to find Element By {by.toString()})
2024-04-17 18:13:43,673 [main] INFO  base.BaseClass - Found Element By {by.toString()}
2024-04-17 18:13:44,220 [main] INFO  base.BaseClass - Trying to find Element By {by.toString()})
2024-04-17 18:13:44,250 [main] INFO  base.BaseClass - Found Element By {by.toString()}
2024-04-17 18:13:44,781 [main] INFO  base.BaseClass - Trying to find Element By {by.toString()})
2024-04-17 18:13:44,813 [main] INFO  base.BaseClass - Found Element By {by.toString()}
2024-04-17 18:13:45,360 [main] INFO  base.BaseClass - Trying to find Element By {by.toString()})
2024-04-17 18:13:45,382 [main] INFO  base.BaseClass - Found Element By {by.toString()}
2024-04-17 18:13:45,925 [main] INFO  base.BaseClass - Trying to find Element By {by.toString()})
2024-04-17 18:13:45,957 [main] INFO  base.BaseClass - Found Element By {by.toString()}
2024-04-17 18:13:46,508 [main] INFO  base.BaseClass - Trying to find Element By {by.toString()})
2024-04-17 18:13:46,539 [main] INFO  base.BaseClass - Found Element By {by.toString()}
2024-04-17 18:13:47,071 [main] INFO  base.BaseClass - Trying to find Element By {by.toString()})
2024-04-17 18:13:47,102 [main] INFO  base.BaseClass - Found Element By {by.toString()}
2024-04-17 18:13:47,632 [main] INFO  base.BaseClass - Trying to find Element By {by.toString()})
2024-04-17 18:13:47,663 [main] INFO  base.BaseClass - Found Element By {by.toString()}
2024-04-17 18:13:48,210 [main] INFO  base.BaseClass - Trying to find Element By {by.toString()})
2024-04-17 18:13:48,240 [main] INFO  base.BaseClass - Found Element By {by.toString()}
2024-04-17 18:13:48,773 [main] INFO  base.BaseClass - Trying to find Element By {by.toString()})
2024-04-17 18:13:48,796 [main] INFO  base.BaseClass - Found Element By {by.toString()}
2024-04-17 18:13:49,318 [main] INFO  base.BaseClass - Trying to find Element By {by.toString()})
2024-04-17 18:13:49,351 [main] INFO  base.BaseClass - Found Element By {by.toString()}
2024-04-17 18:13:49,881 [main] INFO  base.BaseClass - Trying to find Element By {by.toString()})
2024-04-17 18:13:49,902 [main] INFO  base.BaseClass - Found Element By {by.toString()}
2024-04-17 18:13:50,426 [main] INFO  base.BaseClass - Trying to find Element By {by.toString()})
2024-04-17 18:13:50,459 [main] INFO  base.BaseClass - Found Element By {by.toString()}
2024-04-17 18:13:51,004 [main] INFO  base.BaseClass - Trying to find Element By {by.toString()})
2024-04-17 18:13:51,039 [main] INFO  base.BaseClass - Found Element By {by.toString()}
2024-04-17 18:13:51,585 [main] INFO  base.BaseClass - Trying to find Element By {by.toString()})
2024-04-17 18:13:51,619 [main] INFO  base.BaseClass - Found Element By {by.toString()}
2024-04-17 18:13:52,163 [main] INFO  base.BaseClass - Trying to find Element By {by.toString()})
2024-04-17 18:13:52,188 [main] INFO  base.BaseClass - Found Element By {by.toString()}
2024-04-17 18:13:52,710 [main] INFO  base.BaseClass - Trying to find Element By {by.toString()})
2024-04-17 18:13:52,772 [main] INFO  base.BaseClass - Found Element By {by.toString()}
2024-04-17 18:13:53,294 [main] INFO  base.BaseClass - Trying to find Element By {by.toString()})
2024-04-17 18:13:53,308 [main] INFO  base.BaseClass - Found Element By {by.toString()}
2024-04-17 18:13:53,827 [main] INFO  base.BaseClass - Trying to find Element By {by.toString()})
2024-04-17 18:13:53,846 [main] INFO  base.BaseClass - Found Element By {by.toString()}
2024-04-17 18:13:54,376 [main] INFO  base.BaseClass - Trying to find Element By {by.toString()})
2024-04-17 18:13:54,385 [main] INFO  base.BaseClass - Found Element By {by.toString()}
2024-04-17 18:13:54,907 [main] INFO  base.BaseClass - Trying to find Element By {by.toString()})
2024-04-17 18:13:54,938 [main] INFO  base.BaseClass - Found Element By {by.toString()}
2024-04-17 18:13:55,488 [main] INFO  base.BaseClass - Trying to find Element By {by.toString()})
2024-04-17 18:13:55,519 [main] INFO  base.BaseClass - Found Element By {by.toString()}
2024-04-17 18:13:56,052 [main] INFO  base.BaseClass - Trying to find Element By {by.toString()})
2024-04-17 18:13:56,083 [main] INFO  base.BaseClass - Found Element By {by.toString()}
2024-04-17 18:13:56,632 [main] INFO  base.BaseClass - Trying to find Element By {by.toString()})
2024-04-17 18:13:56,662 [main] INFO  base.BaseClass - Found Element By {by.toString()}
2024-04-17 18:13:57,212 [main] INFO  base.BaseClass - Trying to find Element By {by.toString()})
2024-04-17 18:13:57,249 [main] INFO  base.BaseClass - Found Element By {by.toString()}
2024-04-17 18:13:57,774 [main] INFO  base.BaseClass - Trying to find Element By {by.toString()})
2024-04-17 18:13:57,805 [main] INFO  base.BaseClass - Found Element By {by.toString()}
2024-04-17 18:13:58,351 [main] INFO  base.BaseClass - Trying to find Element By {by.toString()})
2024-04-17 18:13:58,370 [main] INFO  base.BaseClass - Found Element By {by.toString()}
2024-04-17 18:13:58,915 [main] INFO  base.BaseClass - Trying to find Element By {by.toString()})
2024-04-17 18:13:58,946 [main] INFO  base.BaseClass - Found Element By {by.toString()}
2024-04-17 18:13:59,494 [main] INFO  base.BaseClass - Trying to find Element By {by.toString()})
2024-04-17 18:13:59,523 [main] INFO  base.BaseClass - Found Element By {by.toString()}
2024-04-17 18:14:00,075 [main] INFO  base.BaseClass - Trying to find Element By {by.toString()})
2024-04-17 18:14:00,096 [main] INFO  base.BaseClass - Found Element By {by.toString()}
2024-04-17 18:14:00,624 [main] INFO  base.BaseClass - Trying to find Element By {by.toString()})
2024-04-17 18:14:00,656 [main] INFO  base.BaseClass - Found Element By {by.toString()}
2024-04-17 18:14:01,203 [main] INFO  base.BaseClass - Trying to find Element By {by.toString()})
2024-04-17 18:14:01,235 [main] INFO  base.BaseClass - Found Element By {by.toString()}
2024-04-17 18:14:01,826 [main] INFO  base.BaseClass - Trying to find Element By {by.toString()})
2024-04-17 18:14:01,860 [main] INFO  base.BaseClass - Found Element By {by.toString()}
2024-04-17 18:14:02,419 [main] INFO  base.BaseClass - Trying to find Element By {by.toString()})
2024-04-17 18:14:02,458 [main] INFO  base.BaseClass - Found Element By {by.toString()}
2024-04-17 18:14:02,996 [main] INFO  base.BaseClass - Trying to find Element By {by.toString()})
2024-04-17 18:14:03,013 [main] INFO  base.BaseClass - Found Element By {by.toString()}
2024-04-17 18:14:03,541 [main] INFO  base.BaseClass - Trying to find Element By {by.toString()})
2024-04-17 18:14:03,572 [main] INFO  base.BaseClass - Found Element By {by.toString()}
2024-04-17 18:14:04,117 [main] INFO  base.BaseClass - Trying to find Element By {by.toString()})
2024-04-17 18:14:04,148 [main] INFO  base.BaseClass - Found Element By {by.toString()}
2024-04-17 18:14:04,698 [main] INFO  base.BaseClass - Trying to find Element By {by.toString()})
2024-04-17 18:14:04,729 [main] INFO  base.BaseClass - Found Element By {by.toString()}
2024-04-17 18:14:05,279 [main] INFO  base.BaseClass - Trying to find Element By {by.toString()})
2024-04-17 18:14:05,309 [main] INFO  base.BaseClass - Found Element By {by.toString()}
2024-04-17 18:14:05,860 [main] INFO  base.BaseClass - Trying to find Element By {by.toString()})
2024-04-17 18:14:05,890 [main] INFO  base.BaseClass - Found Element By {by.toString()}
2024-04-17 18:14:06,436 [main] INFO  base.BaseClass - Trying to find Element By {by.toString()})
2024-04-17 18:14:06,463 [main] INFO  base.BaseClass - Found Element By {by.toString()}
2024-04-17 18:14:07,012 [main] INFO  base.BaseClass - Trying to find Element By {by.toString()})
2024-04-17 18:14:07,042 [main] INFO  base.BaseClass - Found Element By {by.toString()}
2024-04-17 18:14:07,594 [main] INFO  base.BaseClass - Trying to find Element By {by.toString()})
2024-04-17 18:14:07,623 [main] INFO  base.BaseClass - Found Element By {by.toString()}
2024-04-17 18:14:08,160 [main] INFO  base.BaseClass - Trying to find Element By {by.toString()})
2024-04-17 18:14:08,192 [main] INFO  base.BaseClass - Found Element By {by.toString()}
2024-04-17 18:14:08,739 [main] INFO  base.BaseClass - Trying to find Element By {by.toString()})
2024-04-17 18:14:08,799 [main] INFO  base.BaseClass - Found Element By {by.toString()}
2024-04-17 18:14:09,319 [main] INFO  base.BaseClass - Trying to find Element By {by.toString()})
2024-04-17 18:14:09,351 [main] INFO  base.BaseClass - Found Element By {by.toString()}
2024-04-17 18:14:09,899 [main] INFO  base.BaseClass - Trying to find Element By {by.toString()})
2024-04-17 18:14:09,928 [main] INFO  base.BaseClass - Found Element By {by.toString()}
2024-04-17 18:14:10,458 [main] INFO  base.BaseClass - Trying to find Element By {by.toString()})
2024-04-17 18:14:10,489 [main] INFO  base.BaseClass - Found Element By {by.toString()}
TimeoutException occurred: Expected condition failed: waiting for helper.WaitUtility$5@1e5ecef6 (tried for 30 second(s) with 500 milliseconds interval)
Build info: version: '3.141.59', revision: 'e82be7d358', time: '2018-11-14T08:17:03'
System info: host: 'DPLAP166', ip: '137.237.2.236', os.name: 'Windows 10', os.arch: 'amd64', os.version: '10.0', java.version: '19.0.1'
Driver info: org.openqa.selenium.support.events.EventFiringWebDriver
Capabilities {acceptInsecureCerts: true, browserName: chrome, browserVersion: 123.0.6312.123, chrome: {chromedriverVersion: 123.0.6312.122 (31f8248cdd9..., userDataDir: C:\Users\dP-PL\AppData\Loca...}, fedcm:accounts: true, goog:chromeOptions: {debuggerAddress: localhost:51256}, javascriptEnabled: true, networkConnectionEnabled: false, pageLoadStrategy: normal, platform: WINDOWS, platformName: WINDOWS, proxy: Proxy(), setWindowRect: true, strictFileInteractability: false, timeouts: {implicit: 0, pageLoad: 300000, script: 30000}, unhandledPromptBehavior: dismiss and notify, webauthn:extension:credBlob: true, webauthn:extension:largeBlob: true, webauthn:extension:minPinLength: true, webauthn:extension:prf: true, webauthn:virtualAuthenticators: true}
Session ID: a59c4df4811f82049fe754efe723d3c1
2024-04-17 18:14:10,531 [main] ERROR RotationCopy_test - Element did not become visible within the specified time: Expected condition failed: waiting for helper.WaitUtility$5@1e5ecef6 (tried for 30 second(s) with 500 milliseconds interval)
Build info: version: '3.141.59', revision: 'e82be7d358', time: '2018-11-14T08:17:03'
System info: host: 'DPLAP166', ip: '137.237.2.236', os.name: 'Windows 10', os.arch: 'amd64', os.version: '10.0', java.version: '19.0.1'
Driver info: org.openqa.selenium.support.events.EventFiringWebDriver
Capabilities {acceptInsecureCerts: true, browserName: chrome, browserVersion: 123.0.6312.123, chrome: {chromedriverVersion: 123.0.6312.122 (31f8248cdd9..., userDataDir: C:\Users\dP-PL\AppData\Loca...}, fedcm:accounts: true, goog:chromeOptions: {debuggerAddress: localhost:51256}, javascriptEnabled: true, networkConnectionEnabled: false, pageLoadStrategy: normal, platform: WINDOWS, platformName: WINDOWS, proxy: Proxy(), setWindowRect: true, strictFileInteractability: false, timeouts: {implicit: 0, pageLoad: 300000, script: 30000}, unhandledPromptBehavior: dismiss and notify, webauthn:extension:credBlob: true, webauthn:extension:largeBlob: true, webauthn:extension:minPinLength: true, webauthn:extension:prf: true, webauthn:virtualAuthenticators: true}
Session ID: a59c4df4811f82049fe754efe723d3c1
2024-04-17 18:14:10,531 [main] INFO  base.BaseClass - Trying to find Element By {by.toString()})
2024-04-17 18:14:10,548 [main] INFO  base.BaseClass - Found Element By {by.toString()}
2024-04-17 18:14:10,548 [main] INFO  base.BaseClass - Trying to click on: {element.toString()}
2024-04-17 18:14:10,619 [main] INFO  base.BaseClass - Clicked on: {element.toString()}
2024-04-17 18:14:10,619 [main] INFO  base.BaseClass - Trying to find Element By {by.toString()})
2024-04-17 18:14:10,633 [main] INFO  base.BaseClass - Found Element By {by.toString()}
2024-04-17 18:14:11,147 [main] INFO  base.BaseClass - Trying to find Element By {by.toString()})
2024-04-17 18:14:11,179 [main] INFO  base.BaseClass - Found Element By {by.toString()}
2024-04-17 18:14:11,706 [main] INFO  base.BaseClass - Trying to find Element By {by.toString()})
2024-04-17 18:14:11,738 [main] INFO  base.BaseClass - Found Element By {by.toString()}
2024-04-17 18:14:12,283 [main] INFO  base.BaseClass - Trying to find Element By {by.toString()})
2024-04-17 18:14:12,314 [main] INFO  base.BaseClass - Found Element By {by.toString()}
2024-04-17 18:14:12,847 [main] INFO  base.BaseClass - Trying to find Element By {by.toString()})
2024-04-17 18:14:12,881 [main] INFO  base.BaseClass - Found Element By {by.toString()}
2024-04-17 18:14:13,412 [main] INFO  base.BaseClass - Trying to find Element By {by.toString()})
2024-04-17 18:14:13,426 [main] INFO  base.BaseClass - Found Element By {by.toString()}
2024-04-17 18:14:13,961 [main] INFO  base.BaseClass - Trying to find Element By {by.toString()})
2024-04-17 18:14:13,975 [main] INFO  base.BaseClass - Found Element By {by.toString()}
2024-04-17 18:14:14,506 [main] INFO  base.BaseClass - Trying to find Element By {by.toString()})
2024-04-17 18:14:14,531 [main] INFO  base.BaseClass - Found Element By {by.toString()}
2024-04-17 18:14:15,052 [main] INFO  base.BaseClass - Trying to find Element By {by.toString()})
2024-04-17 18:14:15,083 [main] INFO  base.BaseClass - Found Element By {by.toString()}
2024-04-17 18:14:15,616 [main] INFO  base.BaseClass - Trying to find Element By {by.toString()})
2024-04-17 18:14:15,647 [main] INFO  base.BaseClass - Found Element By {by.toString()}
2024-04-17 18:14:16,197 [main] INFO  base.BaseClass - Trying to find Element By {by.toString()})
2024-04-17 18:14:16,228 [main] INFO  base.BaseClass - Found Element By {by.toString()}
2024-04-17 18:14:16,774 [main] INFO  base.BaseClass - Trying to find Element By {by.toString()})
2024-04-17 18:14:16,806 [main] INFO  base.BaseClass - Found Element By {by.toString()}
2024-04-17 18:14:17,349 [main] INFO  base.BaseClass - Trying to find Element By {by.toString()})
2024-04-17 18:14:17,380 [main] INFO  base.BaseClass - Found Element By {by.toString()}
2024-04-17 18:14:17,929 [main] INFO  base.BaseClass - Trying to find Element By {by.toString()})
2024-04-17 18:14:17,960 [main] INFO  base.BaseClass - Found Element By {by.toString()}
2024-04-17 18:14:18,505 [main] INFO  base.BaseClass - Trying to find Element By {by.toString()})
2024-04-17 18:14:18,534 [main] INFO  base.BaseClass - Found Element By {by.toString()}
2024-04-17 18:14:19,068 [main] INFO  base.BaseClass - Trying to find Element By {by.toString()})
2024-04-17 18:14:19,100 [main] INFO  base.BaseClass - Found Element By {by.toString()}
2024-04-17 18:14:19,644 [main] INFO  base.BaseClass - Trying to find Element By {by.toString()})
2024-04-17 18:14:19,676 [main] INFO  base.BaseClass - Found Element By {by.toString()}
2024-04-17 18:14:20,222 [main] INFO  base.BaseClass - Trying to find Element By {by.toString()})
2024-04-17 18:14:20,253 [main] INFO  base.BaseClass - Found Element By {by.toString()}
2024-04-17 18:14:20,787 [main] INFO  base.BaseClass - Trying to find Element By {by.toString()})
2024-04-17 18:14:20,817 [main] INFO  base.BaseClass - Found Element By {by.toString()}
2024-04-17 18:14:21,362 [main] INFO  base.BaseClass - Trying to find Element By {by.toString()})
2024-04-17 18:14:21,423 [main] INFO  base.BaseClass - Found Element By {by.toString()}
2024-04-17 18:14:21,941 [main] INFO  base.BaseClass - Trying to find Element By {by.toString()})
2024-04-17 18:14:21,973 [main] INFO  base.BaseClass - Found Element By {by.toString()}
2024-04-17 18:14:22,521 [main] INFO  base.BaseClass - Trying to find Element By {by.toString()})
2024-04-17 18:14:22,539 [main] INFO  base.BaseClass - Found Element By {by.toString()}
2024-04-17 18:14:23,068 [main] INFO  base.BaseClass - Trying to find Element By {by.toString()})
2024-04-17 18:14:23,088 [main] INFO  base.BaseClass - Found Element By {by.toString()}
2024-04-17 18:14:23,629 [main] INFO  base.BaseClass - Trying to find Element By {by.toString()})
2024-04-17 18:14:23,659 [main] INFO  base.BaseClass - Found Element By {by.toString()}
2024-04-17 18:14:24,205 [main] INFO  base.BaseClass - Trying to find Element By {by.toString()})
2024-04-17 18:14:24,235 [main] INFO  base.BaseClass - Found Element By {by.toString()}
2024-04-17 18:14:24,781 [main] INFO  base.BaseClass - Trying to find Element By {by.toString()})
2024-04-17 18:14:24,790 [main] INFO  base.BaseClass - Found Element By {by.toString()}
2024-04-17 18:14:25,314 [main] INFO  base.BaseClass - Trying to find Element By {by.toString()})
2024-04-17 18:14:25,322 [main] INFO  base.BaseClass - Found Element By {by.toString()}
2024-04-17 18:14:25,849 [main] INFO  base.BaseClass - Trying to find Element By {by.toString()})
2024-04-17 18:14:25,858 [main] INFO  base.BaseClass - Found Element By {by.toString()}
2024-04-17 18:14:26,381 [main] INFO  base.BaseClass - Trying to find Element By {by.toString()})
2024-04-17 18:14:26,412 [main] INFO  base.BaseClass - Found Element By {by.toString()}
2024-04-17 18:14:26,959 [main] INFO  base.BaseClass - Trying to find Element By {by.toString()})
2024-04-17 18:14:26,990 [main] INFO  base.BaseClass - Found Element By {by.toString()}
2024-04-17 18:14:27,537 [main] INFO  base.BaseClass - Trying to find Element By {by.toString()})
2024-04-17 18:14:27,569 [main] INFO  base.BaseClass - Found Element By {by.toString()}
2024-04-17 18:14:28,097 [main] INFO  base.BaseClass - Trying to find Element By {by.toString()})
2024-04-17 18:14:28,126 [main] INFO  base.BaseClass - Found Element By {by.toString()}
2024-04-17 18:14:28,662 [main] INFO  base.BaseClass - Trying to find Element By {by.toString()})
2024-04-17 18:14:28,692 [main] INFO  base.BaseClass - Found Element By {by.toString()}
2024-04-17 18:14:29,239 [main] INFO  base.BaseClass - Trying to find Element By {by.toString()})
2024-04-17 18:14:29,267 [main] INFO  base.BaseClass - Found Element By {by.toString()}
2024-04-17 18:14:29,799 [main] INFO  base.BaseClass - Trying to find Element By {by.toString()})
2024-04-17 18:14:29,833 [main] INFO  base.BaseClass - Found Element By {by.toString()}
2024-04-17 18:14:30,381 [main] INFO  base.BaseClass - Trying to find Element By {by.toString()})
2024-04-17 18:14:30,399 [main] INFO  base.BaseClass - Found Element By {by.toString()}
2024-04-17 18:14:30,928 [main] INFO  base.BaseClass - Trying to find Element By {by.toString()})
2024-04-17 18:14:30,959 [main] INFO  base.BaseClass - Found Element By {by.toString()}
2024-04-17 18:14:31,489 [main] INFO  base.BaseClass - Trying to find Element By {by.toString()})
2024-04-17 18:14:31,520 [main] INFO  base.BaseClass - Found Element By {by.toString()}
2024-04-17 18:14:32,067 [main] INFO  base.BaseClass - Trying to find Element By {by.toString()})
2024-04-17 18:14:32,096 [main] INFO  base.BaseClass - Found Element By {by.toString()}
2024-04-17 18:14:32,629 [main] INFO  base.BaseClass - Trying to find Element By {by.toString()})
2024-04-17 18:14:32,659 [main] INFO  base.BaseClass - Found Element By {by.toString()}
2024-04-17 18:14:33,207 [main] INFO  base.BaseClass - Trying to find Element By {by.toString()})
2024-04-17 18:14:33,238 [main] INFO  base.BaseClass - Found Element By {by.toString()}
2024-04-17 18:14:33,786 [main] INFO  base.BaseClass - Trying to find Element By {by.toString()})
2024-04-17 18:14:33,816 [main] INFO  base.BaseClass - Found Element By {by.toString()}
2024-04-17 18:14:34,361 [main] INFO  base.BaseClass - Trying to find Element By {by.toString()})
2024-04-17 18:14:34,392 [main] INFO  base.BaseClass - Found Element By {by.toString()}
2024-04-17 18:14:34,924 [main] INFO  base.BaseClass - Trying to find Element By {by.toString()})
2024-04-17 18:14:34,954 [main] INFO  base.BaseClass - Found Element By {by.toString()}
2024-04-17 18:14:35,502 [main] INFO  base.BaseClass - Trying to find Element By {by.toString()})
2024-04-17 18:14:35,566 [main] INFO  base.BaseClass - Found Element By {by.toString()}
2024-04-17 18:14:36,093 [main] INFO  base.BaseClass - Trying to find Element By {by.toString()})
2024-04-17 18:14:36,114 [main] INFO  base.BaseClass - Found Element By {by.toString()}
2024-04-17 18:14:36,639 [main] INFO  base.BaseClass - Trying to find Element By {by.toString()})
2024-04-17 18:14:36,661 [main] INFO  base.BaseClass - Found Element By {by.toString()}
2024-04-17 18:14:37,202 [main] INFO  base.BaseClass - Trying to find Element By {by.toString()})
2024-04-17 18:14:37,229 [main] INFO  base.BaseClass - Found Element By {by.toString()}
2024-04-17 18:14:37,748 [main] INFO  base.BaseClass - Trying to find Element By {by.toString()})
2024-04-17 18:14:37,779 [main] INFO  base.BaseClass - Found Element By {by.toString()}
2024-04-17 18:14:38,329 [main] INFO  base.BaseClass - Trying to find Element By {by.toString()})
2024-04-17 18:14:38,359 [main] INFO  base.BaseClass - Found Element By {by.toString()}
2024-04-17 18:14:38,897 [main] INFO  base.BaseClass - Trying to find Element By {by.toString()})
2024-04-17 18:14:38,928 [main] INFO  base.BaseClass - Found Element By {by.toString()}
2024-04-17 18:14:39,477 [main] INFO  base.BaseClass - Trying to find Element By {by.toString()})
2024-04-17 18:14:39,507 [main] INFO  base.BaseClass - Found Element By {by.toString()}
2024-04-17 18:14:40,058 [main] INFO  base.BaseClass - Trying to find Element By {by.toString()})
2024-04-17 18:14:40,087 [main] INFO  base.BaseClass - Found Element By {by.toString()}
2024-04-17 18:14:40,606 [main] INFO  base.BaseClass - Trying to find Element By {by.toString()})
2024-04-17 18:14:40,636 [main] INFO  base.BaseClass - Found Element By {by.toString()}
TimeoutException occurred: Expected condition failed: waiting for helper.WaitUtility$5@48bbb178 (tried for 30 second(s) with 500 milliseconds interval)
Build info: version: '3.141.59', revision: 'e82be7d358', time: '2018-11-14T08:17:03'
System info: host: 'DPLAP166', ip: '137.237.2.236', os.name: 'Windows 10', os.arch: 'amd64', os.version: '10.0', java.version: '19.0.1'
Driver info: org.openqa.selenium.support.events.EventFiringWebDriver
Capabilities {acceptInsecureCerts: true, browserName: chrome, browserVersion: 123.0.6312.123, chrome: {chromedriverVersion: 123.0.6312.122 (31f8248cdd9..., userDataDir: C:\Users\dP-PL\AppData\Loca...}, fedcm:accounts: true, goog:chromeOptions: {debuggerAddress: localhost:51256}, javascriptEnabled: true, networkConnectionEnabled: false, pageLoadStrategy: normal, platform: WINDOWS, platformName: WINDOWS, proxy: Proxy(), setWindowRect: true, strictFileInteractability: false, timeouts: {implicit: 0, pageLoad: 300000, script: 30000}, unhandledPromptBehavior: dismiss and notify, webauthn:extension:credBlob: true, webauthn:extension:largeBlob: true, webauthn:extension:minPinLength: true, webauthn:extension:prf: true, webauthn:virtualAuthenticators: true}
Session ID: a59c4df4811f82049fe754efe723d3c1
2024-04-17 18:14:40,662 [main] ERROR RotationCopy_test - Element did not become visible within the specified time: Expected condition failed: waiting for helper.WaitUtility$5@48bbb178 (tried for 30 second(s) with 500 milliseconds interval)
Build info: version: '3.141.59', revision: 'e82be7d358', time: '2018-11-14T08:17:03'
System info: host: 'DPLAP166', ip: '137.237.2.236', os.name: 'Windows 10', os.arch: 'amd64', os.version: '10.0', java.version: '19.0.1'
Driver info: org.openqa.selenium.support.events.EventFiringWebDriver
Capabilities {acceptInsecureCerts: true, browserName: chrome, browserVersion: 123.0.6312.123, chrome: {chromedriverVersion: 123.0.6312.122 (31f8248cdd9..., userDataDir: C:\Users\dP-PL\AppData\Loca...}, fedcm:accounts: true, goog:chromeOptions: {debuggerAddress: localhost:51256}, javascriptEnabled: true, networkConnectionEnabled: false, pageLoadStrategy: normal, platform: WINDOWS, platformName: WINDOWS, proxy: Proxy(), setWindowRect: true, strictFileInteractability: false, timeouts: {implicit: 0, pageLoad: 300000, script: 30000}, unhandledPromptBehavior: dismiss and notify, webauthn:extension:credBlob: true, webauthn:extension:largeBlob: true, webauthn:extension:minPinLength: true, webauthn:extension:prf: true, webauthn:virtualAuthenticators: true}
Session ID: a59c4df4811f82049fe754efe723d3c1
2024-04-17 18:14:40,662 [main] INFO  base.BaseClass - Trying to find Element By {by.toString()})
2024-04-17 18:14:40,679 [main] INFO  base.BaseClass - Found Element By {by.toString()}
2024-04-17 18:14:40,679 [main] INFO  base.BaseClass - Trying to click on: {element.toString()}
2024-04-17 18:14:40,792 [main] INFO  base.BaseClass - Clicked on: {element.toString()}
2024-04-17 18:14:40,798 [main] INFO  base.BaseClass - Trying to find Element By {by.toString()})
2024-04-17 18:14:40,810 [main] INFO  base.BaseClass - Found Element By {by.toString()}
2024-04-17 18:14:41,337 [main] INFO  base.BaseClass - Trying to find Element By {by.toString()})
2024-04-17 18:14:41,360 [main] INFO  base.BaseClass - Found Element By {by.toString()}
2024-04-17 18:14:41,916 [main] INFO  base.BaseClass - Trying to find Element By {by.toString()})
2024-04-17 18:14:41,947 [main] INFO  base.BaseClass - Found Element By {by.toString()}
2024-04-17 18:14:42,493 [main] INFO  base.BaseClass - Trying to find Element By {by.toString()})
2024-04-17 18:14:42,518 [main] INFO  base.BaseClass - Found Element By {by.toString()}
2024-04-17 18:14:43,056 [main] INFO  base.BaseClass - Trying to find Element By {by.toString()})
2024-04-17 18:14:43,080 [main] INFO  base.BaseClass - Found Element By {by.toString()}
2024-04-17 18:14:43,603 [main] INFO  base.BaseClass - Trying to find Element By {by.toString()})
2024-04-17 18:14:43,632 [main] INFO  base.BaseClass - Found Element By {by.toString()}
2024-04-17 18:14:44,165 [main] INFO  base.BaseClass - Trying to find Element By {by.toString()})
2024-04-17 18:14:44,186 [main] INFO  base.BaseClass - Found Element By {by.toString()}
2024-04-17 18:14:44,712 [main] INFO  base.BaseClass - Trying to find Element By {by.toString()})
2024-04-17 18:14:44,741 [main] INFO  base.BaseClass - Found Element By {by.toString()}
2024-04-17 18:14:45,303 [main] INFO  base.BaseClass - Trying to find Element By {by.toString()})
2024-04-17 18:14:45,334 [main] INFO  base.BaseClass - Found Element By {by.toString()}
2024-04-17 18:14:45,870 [main] INFO  base.BaseClass - Trying to find Element By {by.toString()})
2024-04-17 18:14:45,900 [main] INFO  base.BaseClass - Found Element By {by.toString()}
2024-04-17 18:14:46,446 [main] INFO  base.BaseClass - Trying to find Element By {by.toString()})
2024-04-17 18:14:46,476 [main] INFO  base.BaseClass - Found Element By {by.toString()}
2024-04-17 18:14:47,025 [main] INFO  base.BaseClass - Trying to find Element By {by.toString()})
2024-04-17 18:14:47,057 [main] INFO  base.BaseClass - Found Element By {by.toString()}
2024-04-17 18:14:47,606 [main] INFO  base.BaseClass - Trying to find Element By {by.toString()})
2024-04-17 18:14:47,635 [main] INFO  base.BaseClass - Found Element By {by.toString()}
2024-04-17 18:14:48,186 [main] INFO  base.BaseClass - Trying to find Element By {by.toString()})
2024-04-17 18:14:48,216 [main] INFO  base.BaseClass - Found Element By {by.toString()}
2024-04-17 18:14:48,748 [main] INFO  base.BaseClass - Trying to find Element By {by.toString()})
2024-04-17 18:14:48,764 [main] INFO  base.BaseClass - Found Element By {by.toString()}
2024-04-17 18:14:49,291 [main] INFO  base.BaseClass - Trying to find Element By {by.toString()})
2024-04-17 18:14:49,320 [main] INFO  base.BaseClass - Found Element By {by.toString()}
2024-04-17 18:14:49,868 [main] INFO  base.BaseClass - Trying to find Element By {by.toString()})
2024-04-17 18:14:49,897 [main] INFO  base.BaseClass - Found Element By {by.toString()}
2024-04-17 18:14:50,430 [main] INFO  base.BaseClass - Trying to find Element By {by.toString()})
2024-04-17 18:14:50,458 [main] INFO  base.BaseClass - Found Element By {by.toString()}
2024-04-17 18:14:51,012 [main] INFO  base.BaseClass - Trying to find Element By {by.toString()})
2024-04-17 18:14:51,041 [main] INFO  base.BaseClass - Found Element By {by.toString()}
2024-04-17 18:14:51,587 [main] INFO  base.BaseClass - Trying to find Element By {by.toString()})
2024-04-17 18:14:51,606 [main] INFO  base.BaseClass - Found Element By {by.toString()}
2024-04-17 18:14:52,150 [main] INFO  base.BaseClass - Trying to find Element By {by.toString()})
2024-04-17 18:14:52,178 [main] INFO  base.BaseClass - Found Element By {by.toString()}
2024-04-17 18:14:52,698 [main] INFO  base.BaseClass - Trying to find Element By {by.toString()})
2024-04-17 18:14:52,728 [main] INFO  base.BaseClass - Found Element By {by.toString()}
2024-04-17 18:14:53,275 [main] INFO  base.BaseClass - Trying to find Element By {by.toString()})
2024-04-17 18:14:53,302 [main] INFO  base.BaseClass - Found Element By {by.toString()}
2024-04-17 18:14:53,838 [main] INFO  base.BaseClass - Trying to find Element By {by.toString()})
2024-04-17 18:14:53,866 [main] INFO  base.BaseClass - Found Element By {by.toString()}
2024-04-17 18:14:54,403 [main] INFO  base.BaseClass - Trying to find Element By {by.toString()})
2024-04-17 18:14:54,432 [main] INFO  base.BaseClass - Found Element By {by.toString()}
2024-04-17 18:14:54,981 [main] INFO  base.BaseClass - Trying to find Element By {by.toString()})
2024-04-17 18:14:55,010 [main] INFO  base.BaseClass - Found Element By {by.toString()}
2024-04-17 18:14:55,546 [main] INFO  base.BaseClass - Trying to find Element By {by.toString()})
2024-04-17 18:14:55,573 [main] INFO  base.BaseClass - Found Element By {by.toString()}
2024-04-17 18:14:56,110 [main] INFO  base.BaseClass - Trying to find Element By {by.toString()})
2024-04-17 18:14:56,138 [main] INFO  base.BaseClass - Found Element By {by.toString()}
2024-04-17 18:14:56,689 [main] INFO  base.BaseClass - Trying to find Element By {by.toString()})
2024-04-17 18:14:56,719 [main] INFO  base.BaseClass - Found Element By {by.toString()}
2024-04-17 18:14:57,249 [main] INFO  base.BaseClass - Trying to find Element By {by.toString()})
2024-04-17 18:14:57,278 [main] INFO  base.BaseClass - Found Element By {by.toString()}
2024-04-17 18:14:57,822 [main] INFO  base.BaseClass - Trying to find Element By {by.toString()})
2024-04-17 18:14:57,850 [main] INFO  base.BaseClass - Found Element By {by.toString()}
2024-04-17 18:14:58,388 [main] INFO  base.BaseClass - Trying to find Element By {by.toString()})
2024-04-17 18:14:58,417 [main] INFO  base.BaseClass - Found Element By {by.toString()}
2024-04-17 18:14:58,968 [main] INFO  base.BaseClass - Trying to find Element By {by.toString()})
2024-04-17 18:14:58,992 [main] INFO  base.BaseClass - Found Element By {by.toString()}
2024-04-17 18:14:59,514 [main] INFO  base.BaseClass - Trying to find Element By {by.toString()})
2024-04-17 18:14:59,531 [main] INFO  base.BaseClass - Found Element By {by.toString()}
2024-04-17 18:15:00,064 [main] INFO  base.BaseClass - Trying to find Element By {by.toString()})
2024-04-17 18:15:00,091 [main] INFO  base.BaseClass - Found Element By {by.toString()}
2024-04-17 18:15:00,628 [main] INFO  base.BaseClass - Trying to find Element By {by.toString()})
2024-04-17 18:15:00,657 [main] INFO  base.BaseClass - Found Element By {by.toString()}
2024-04-17 18:15:01,207 [main] INFO  base.BaseClass - Trying to find Element By {by.toString()})
2024-04-17 18:15:01,236 [main] INFO  base.BaseClass - Found Element By {by.toString()}
2024-04-17 18:15:01,787 [main] INFO  base.BaseClass - Trying to find Element By {by.toString()})
2024-04-17 18:15:01,816 [main] INFO  base.BaseClass - Found Element By {by.toString()}
2024-04-17 18:15:02,365 [main] INFO  base.BaseClass - Trying to find Element By {by.toString()})
2024-04-17 18:15:02,394 [main] INFO  base.BaseClass - Found Element By {by.toString()}
2024-04-17 18:15:02,930 [main] INFO  base.BaseClass - Trying to find Element By {by.toString()})
2024-04-17 18:15:02,959 [main] INFO  base.BaseClass - Found Element By {by.toString()}
2024-04-17 18:15:03,508 [main] INFO  base.BaseClass - Trying to find Element By {by.toString()})
2024-04-17 18:15:03,538 [main] INFO  base.BaseClass - Found Element By {by.toString()}
2024-04-17 18:15:04,087 [main] INFO  base.BaseClass - Trying to find Element By {by.toString()})
2024-04-17 18:15:04,116 [main] INFO  base.BaseClass - Found Element By {by.toString()}
2024-04-17 18:15:04,664 [main] INFO  base.BaseClass - Trying to find Element By {by.toString()})
2024-04-17 18:15:04,693 [main] INFO  base.BaseClass - Found Element By {by.toString()}
2024-04-17 18:15:05,246 [main] INFO  base.BaseClass - Trying to find Element By {by.toString()})
2024-04-17 18:15:05,275 [main] INFO  base.BaseClass - Found Element By {by.toString()}
2024-04-17 18:15:05,825 [main] INFO  base.BaseClass - Trying to find Element By {by.toString()})
2024-04-17 18:15:05,854 [main] INFO  base.BaseClass - Found Element By {by.toString()}
2024-04-17 18:15:06,393 [main] INFO  base.BaseClass - Trying to find Element By {by.toString()})
2024-04-17 18:15:06,421 [main] INFO  base.BaseClass - Found Element By {by.toString()}
2024-04-17 18:15:06,973 [main] INFO  base.BaseClass - Trying to find Element By {by.toString()})
2024-04-17 18:15:07,004 [main] INFO  base.BaseClass - Found Element By {by.toString()}
2024-04-17 18:15:07,551 [main] INFO  base.BaseClass - Trying to find Element By {by.toString()})
2024-04-17 18:15:07,580 [main] INFO  base.BaseClass - Found Element By {by.toString()}
2024-04-17 18:15:08,128 [main] INFO  base.BaseClass - Trying to find Element By {by.toString()})
2024-04-17 18:15:08,157 [main] INFO  base.BaseClass - Found Element By {by.toString()}
2024-04-17 18:15:08,705 [main] INFO  base.BaseClass - Trying to find Element By {by.toString()})
2024-04-17 18:15:08,719 [main] INFO  base.BaseClass - Found Element By {by.toString()}
2024-04-17 18:15:09,250 [main] INFO  base.BaseClass - Trying to find Element By {by.toString()})
2024-04-17 18:15:09,280 [main] INFO  base.BaseClass - Found Element By {by.toString()}
2024-04-17 18:15:09,829 [main] INFO  base.BaseClass - Trying to find Element By {by.toString()})
2024-04-17 18:15:09,849 [main] INFO  base.BaseClass - Found Element By {by.toString()}
2024-04-17 18:15:10,390 [main] INFO  base.BaseClass - Trying to find Element By {by.toString()})
2024-04-17 18:15:10,421 [main] INFO  base.BaseClass - Found Element By {by.toString()}
2024-04-17 18:15:10,972 [main] INFO  base.BaseClass - Trying to find Element By {by.toString()})
2024-04-17 18:15:11,001 [main] INFO  base.BaseClass - Found Element By {by.toString()}
TimeoutException occurred: Expected condition failed: waiting for helper.WaitUtility$5@3996a417 (tried for 30 second(s) with 500 milliseconds interval)
Build info: version: '3.141.59', revision: 'e82be7d358', time: '2018-11-14T08:17:03'
System info: host: 'DPLAP166', ip: '137.237.2.236', os.name: 'Windows 10', os.arch: 'amd64', os.version: '10.0', java.version: '19.0.1'
Driver info: org.openqa.selenium.support.events.EventFiringWebDriver
Capabilities {acceptInsecureCerts: true, browserName: chrome, browserVersion: 123.0.6312.123, chrome: {chromedriverVersion: 123.0.6312.122 (31f8248cdd9..., userDataDir: C:\Users\dP-PL\AppData\Loca...}, fedcm:accounts: true, goog:chromeOptions: {debuggerAddress: localhost:51256}, javascriptEnabled: true, networkConnectionEnabled: false, pageLoadStrategy: normal, platform: WINDOWS, platformName: WINDOWS, proxy: Proxy(), setWindowRect: true, strictFileInteractability: false, timeouts: {implicit: 0, pageLoad: 300000, script: 30000}, unhandledPromptBehavior: dismiss and notify, webauthn:extension:credBlob: true, webauthn:extension:largeBlob: true, webauthn:extension:minPinLength: true, webauthn:extension:prf: true, webauthn:virtualAuthenticators: true}
Session ID: a59c4df4811f82049fe754efe723d3c1
2024-04-17 18:15:11,043 [main] ERROR RotationCopy_test - Element did not become visible within the specified time: Expected condition failed: waiting for helper.WaitUtility$5@3996a417 (tried for 30 second(s) with 500 milliseconds interval)
Build info: version: '3.141.59', revision: 'e82be7d358', time: '2018-11-14T08:17:03'
System info: host: 'DPLAP166', ip: '137.237.2.236', os.name: 'Windows 10', os.arch: 'amd64', os.version: '10.0', java.version: '19.0.1'
Driver info: org.openqa.selenium.support.events.EventFiringWebDriver
Capabilities {acceptInsecureCerts: true, browserName: chrome, browserVersion: 123.0.6312.123, chrome: {chromedriverVersion: 123.0.6312.122 (31f8248cdd9..., userDataDir: C:\Users\dP-PL\AppData\Loca...}, fedcm:accounts: true, goog:chromeOptions: {debuggerAddress: localhost:51256}, javascriptEnabled: true, networkConnectionEnabled: false, pageLoadStrategy: normal, platform: WINDOWS, platformName: WINDOWS, proxy: Proxy(), setWindowRect: true, strictFileInteractability: false, timeouts: {implicit: 0, pageLoad: 300000, script: 30000}, unhandledPromptBehavior: dismiss and notify, webauthn:extension:credBlob: true, webauthn:extension:largeBlob: true, webauthn:extension:minPinLength: true, webauthn:extension:prf: true, webauthn:virtualAuthenticators: true}
Session ID: a59c4df4811f82049fe754efe723d3c1
2024-04-17 18:15:11,043 [main] INFO  base.BaseClass - Trying to find Element By {by.toString()})
2024-04-17 18:15:11,068 [main] INFO  base.BaseClass - Found Element By {by.toString()}
2024-04-17 18:15:11,068 [main] INFO  base.BaseClass - Trying to click on: {element.toString()}
2024-04-17 18:15:11,161 [main] INFO  base.BaseClass - Clicked on: {element.toString()}
2024-04-17 18:15:11,168 [main] INFO  base.BaseClass - Trying to find Element By {by.toString()})
2024-04-17 18:15:11,181 [main] INFO  base.BaseClass - Found Element By {by.toString()}
2024-04-17 18:15:11,704 [main] INFO  base.BaseClass - Trying to find Element By {by.toString()})
2024-04-17 18:15:12,034 [main] INFO  base.BaseClass - Found Element By {by.toString()}
2024-04-17 18:15:12,564 [main] INFO  base.BaseClass - Trying to find Element By {by.toString()})
2024-04-17 18:15:12,575 [main] INFO  base.BaseClass - Found Element By {by.toString()}
2024-04-17 18:15:13,095 [main] INFO  base.BaseClass - Trying to find Element By {by.toString()})
2024-04-17 18:15:13,111 [main] INFO  base.BaseClass - Found Element By {by.toString()}
2024-04-17 18:15:13,642 [main] INFO  base.BaseClass - Trying to find Element By {by.toString()})
2024-04-17 18:15:13,695 [main] INFO  base.BaseClass - Found Element By {by.toString()}
2024-04-17 18:15:14,220 [main] INFO  base.BaseClass - Trying to find Element By {by.toString()})
2024-04-17 18:15:14,234 [main] INFO  base.BaseClass - Found Element By {by.toString()}
2024-04-17 18:15:14,751 [main] INFO  base.BaseClass - Trying to find Element By {by.toString()})
2024-04-17 18:15:14,780 [main] INFO  base.BaseClass - Found Element By {by.toString()}
2024-04-17 18:15:15,326 [main] INFO  base.BaseClass - Trying to find Element By {by.toString()})
2024-04-17 18:15:15,357 [main] INFO  base.BaseClass - Found Element By {by.toString()}
2024-04-17 18:15:15,904 [main] INFO  base.BaseClass - Trying to find Element By {by.toString()})
2024-04-17 18:15:15,933 [main] INFO  base.BaseClass - Found Element By {by.toString()}
2024-04-17 18:15:16,483 [main] INFO  base.BaseClass - Trying to find Element By {by.toString()})
2024-04-17 18:15:16,516 [main] INFO  base.BaseClass - Found Element By {by.toString()}
2024-04-17 18:15:17,049 [main] INFO  base.BaseClass - Trying to find Element By {by.toString()})
2024-04-17 18:15:17,809 [main] INFO  base.BaseClass - Found Element By {by.toString()}
2024-04-17 18:15:18,355 [main] INFO  base.BaseClass - Trying to find Element By {by.toString()})
2024-04-17 18:15:18,386 [main] INFO  base.BaseClass - Found Element By {by.toString()}
2024-04-17 18:15:18,935 [main] INFO  base.BaseClass - Trying to find Element By {by.toString()})
2024-04-17 18:15:18,960 [main] INFO  base.BaseClass - Found Element By {by.toString()}
2024-04-17 18:15:19,482 [main] INFO  base.BaseClass - Trying to find Element By {by.toString()})
2024-04-17 18:15:19,513 [main] INFO  base.BaseClass - Found Element By {by.toString()}
2024-04-17 18:15:20,045 [main] INFO  base.BaseClass - Trying to find Element By {by.toString()})
2024-04-17 18:15:20,075 [main] INFO  base.BaseClass - Found Element By {by.toString()}
2024-04-17 18:15:20,621 [main] INFO  base.BaseClass - Trying to find Element By {by.toString()})
2024-04-17 18:15:20,653 [main] INFO  base.BaseClass - Found Element By {by.toString()}
2024-04-17 18:15:21,194 [main] INFO  base.BaseClass - Trying to find Element By {by.toString()})
2024-04-17 18:15:21,227 [main] INFO  base.BaseClass - Found Element By {by.toString()}
2024-04-17 18:15:21,759 [main] INFO  base.BaseClass - Trying to find Element By {by.toString()})
2024-04-17 18:15:21,791 [main] INFO  base.BaseClass - Found Element By {by.toString()}
2024-04-17 18:15:22,340 [main] INFO  base.BaseClass - Trying to find Element By {by.toString()})
2024-04-17 18:15:22,374 [main] INFO  base.BaseClass - Found Element By {by.toString()}
2024-04-17 18:15:22,920 [main] INFO  base.BaseClass - Trying to find Element By {by.toString()})
2024-04-17 18:15:22,951 [main] INFO  base.BaseClass - Found Element By {by.toString()}
2024-04-17 18:15:23,484 [main] INFO  base.BaseClass - Trying to find Element By {by.toString()})
2024-04-17 18:15:23,514 [main] INFO  base.BaseClass - Found Element By {by.toString()}
2024-04-17 18:15:24,065 [main] INFO  base.BaseClass - Trying to find Element By {by.toString()})
2024-04-17 18:15:24,087 [main] INFO  base.BaseClass - Found Element By {by.toString()}
2024-04-17 18:15:24,613 [main] INFO  base.BaseClass - Trying to find Element By {by.toString()})
2024-04-17 18:15:24,643 [main] INFO  base.BaseClass - Found Element By {by.toString()}
2024-04-17 18:15:25,190 [main] INFO  base.BaseClass - Trying to find Element By {by.toString()})
2024-04-17 18:15:25,219 [main] INFO  base.BaseClass - Found Element By {by.toString()}
2024-04-17 18:15:25,753 [main] INFO  base.BaseClass - Trying to find Element By {by.toString()})
2024-04-17 18:15:25,783 [main] INFO  base.BaseClass - Found Element By {by.toString()}
2024-04-17 18:15:26,331 [main] INFO  base.BaseClass - Trying to find Element By {by.toString()})
2024-04-17 18:15:26,360 [main] INFO  base.BaseClass - Found Element By {by.toString()}
2024-04-17 18:15:26,897 [main] INFO  base.BaseClass - Trying to find Element By {by.toString()})
2024-04-17 18:15:26,928 [main] INFO  base.BaseClass - Found Element By {by.toString()}
2024-04-17 18:15:27,472 [main] INFO  base.BaseClass - Trying to find Element By {by.toString()})
2024-04-17 18:15:27,501 [main] INFO  base.BaseClass - Found Element By {by.toString()}
2024-04-17 18:15:28,035 [main] INFO  base.BaseClass - Trying to find Element By {by.toString()})
2024-04-17 18:15:28,065 [main] INFO  base.BaseClass - Found Element By {by.toString()}
2024-04-17 18:15:28,600 [main] INFO  base.BaseClass - Trying to find Element By {by.toString()})
2024-04-17 18:15:28,630 [main] INFO  base.BaseClass - Found Element By {by.toString()}
2024-04-17 18:15:29,163 [main] INFO  base.BaseClass - Trying to find Element By {by.toString()})
2024-04-17 18:15:29,192 [main] INFO  base.BaseClass - Found Element By {by.toString()}
2024-04-17 18:15:29,729 [main] INFO  base.BaseClass - Trying to find Element By {by.toString()})
2024-04-17 18:15:29,757 [main] INFO  base.BaseClass - Found Element By {by.toString()}
2024-04-17 18:15:30,305 [main] INFO  base.BaseClass - Trying to find Element By {by.toString()})
2024-04-17 18:15:30,334 [main] INFO  base.BaseClass - Found Element By {by.toString()}
2024-04-17 18:15:30,884 [main] INFO  base.BaseClass - Trying to find Element By {by.toString()})
2024-04-17 18:15:30,906 [main] INFO  base.BaseClass - Found Element By {by.toString()}
2024-04-17 18:15:31,448 [main] INFO  base.BaseClass - Trying to find Element By {by.toString()})
2024-04-17 18:15:31,479 [main] INFO  base.BaseClass - Found Element By {by.toString()}
2024-04-17 18:15:32,026 [main] INFO  base.BaseClass - Trying to find Element By {by.toString()})
2024-04-17 18:15:32,054 [main] INFO  base.BaseClass - Found Element By {by.toString()}
2024-04-17 18:15:32,603 [main] INFO  base.BaseClass - Trying to find Element By {by.toString()})
2024-04-17 18:15:32,632 [main] INFO  base.BaseClass - Found Element By {by.toString()}
2024-04-17 18:15:33,182 [main] INFO  base.BaseClass - Trying to find Element By {by.toString()})
2024-04-17 18:15:33,211 [main] INFO  base.BaseClass - Found Element By {by.toString()}
2024-04-17 18:15:33,761 [main] INFO  base.BaseClass - Trying to find Element By {by.toString()})
2024-04-17 18:15:33,791 [main] INFO  base.BaseClass - Found Element By {by.toString()}
2024-04-17 18:15:34,338 [main] INFO  base.BaseClass - Trying to find Element By {by.toString()})
2024-04-17 18:15:34,369 [main] INFO  base.BaseClass - Found Element By {by.toString()}
2024-04-17 18:15:34,916 [main] INFO  base.BaseClass - Trying to find Element By {by.toString()})
2024-04-17 18:15:34,946 [main] INFO  base.BaseClass - Found Element By {by.toString()}
2024-04-17 18:15:35,494 [main] INFO  base.BaseClass - Trying to find Element By {by.toString()})
2024-04-17 18:15:35,523 [main] INFO  base.BaseClass - Found Element By {by.toString()}
2024-04-17 18:15:36,073 [main] INFO  base.BaseClass - Trying to find Element By {by.toString()})
2024-04-17 18:15:36,103 [main] INFO  base.BaseClass - Found Element By {by.toString()}
2024-04-17 18:15:36,648 [main] INFO  base.BaseClass - Trying to find Element By {by.toString()})
2024-04-17 18:15:36,679 [main] INFO  base.BaseClass - Found Element By {by.toString()}
2024-04-17 18:15:37,227 [main] INFO  base.BaseClass - Trying to find Element By {by.toString()})
2024-04-17 18:15:37,254 [main] INFO  base.BaseClass - Found Element By {by.toString()}
2024-04-17 18:15:37,791 [main] INFO  base.BaseClass - Trying to find Element By {by.toString()})
2024-04-17 18:15:37,821 [main] INFO  base.BaseClass - Found Element By {by.toString()}
2024-04-17 18:15:38,371 [main] INFO  base.BaseClass - Trying to find Element By {by.toString()})
2024-04-17 18:15:38,400 [main] INFO  base.BaseClass - Found Element By {by.toString()}
2024-04-17 18:15:38,952 [main] INFO  base.BaseClass - Trying to find Element By {by.toString()})
2024-04-17 18:15:38,980 [main] INFO  base.BaseClass - Found Element By {by.toString()}
2024-04-17 18:15:39,526 [main] INFO  base.BaseClass - Trying to find Element By {by.toString()})
2024-04-17 18:15:39,556 [main] INFO  base.BaseClass - Found Element By {by.toString()}
2024-04-17 18:15:40,105 [main] INFO  base.BaseClass - Trying to find Element By {by.toString()})
2024-04-17 18:15:40,116 [main] INFO  base.BaseClass - Found Element By {by.toString()}
2024-04-17 18:15:40,635 [main] INFO  base.BaseClass - Trying to find Element By {by.toString()})
2024-04-17 18:15:40,653 [main] INFO  base.BaseClass - Found Element By {by.toString()}
2024-04-17 18:15:41,184 [main] INFO  base.BaseClass - Trying to find Element By {by.toString()})
2024-04-17 18:15:41,214 [main] INFO  base.BaseClass - Found Element By {by.toString()}
TimeoutException occurred: Expected condition failed: waiting for helper.WaitUtility$5@4c1985c0 (tried for 30 second(s) with 500 milliseconds interval)
Build info: version: '3.141.59', revision: 'e82be7d358', time: '2018-11-14T08:17:03'
System info: host: 'DPLAP166', ip: '137.237.2.236', os.name: 'Windows 10', os.arch: 'amd64', os.version: '10.0', java.version: '19.0.1'
Driver info: org.openqa.selenium.support.events.EventFiringWebDriver
Capabilities {acceptInsecureCerts: true, browserName: chrome, browserVersion: 123.0.6312.123, chrome: {chromedriverVersion: 123.0.6312.122 (31f8248cdd9..., userDataDir: C:\Users\dP-PL\AppData\Loca...}, fedcm:accounts: true, goog:chromeOptions: {debuggerAddress: localhost:51256}, javascriptEnabled: true, networkConnectionEnabled: false, pageLoadStrategy: normal, platform: WINDOWS, platformName: WINDOWS, proxy: Proxy(), setWindowRect: true, strictFileInteractability: false, timeouts: {implicit: 0, pageLoad: 300000, script: 30000}, unhandledPromptBehavior: dismiss and notify, webauthn:extension:credBlob: true, webauthn:extension:largeBlob: true, webauthn:extension:minPinLength: true, webauthn:extension:prf: true, webauthn:virtualAuthenticators: true}
Session ID: a59c4df4811f82049fe754efe723d3c1
2024-04-17 18:15:41,244 [main] ERROR RotationCopy_test - Element did not become visible within the specified time: Expected condition failed: waiting for helper.WaitUtility$5@4c1985c0 (tried for 30 second(s) with 500 milliseconds interval)
Build info: version: '3.141.59', revision: 'e82be7d358', time: '2018-11-14T08:17:03'
System info: host: 'DPLAP166', ip: '137.237.2.236', os.name: 'Windows 10', os.arch: 'amd64', os.version: '10.0', java.version: '19.0.1'
Driver info: org.openqa.selenium.support.events.EventFiringWebDriver
Capabilities {acceptInsecureCerts: true, browserName: chrome, browserVersion: 123.0.6312.123, chrome: {chromedriverVersion: 123.0.6312.122 (31f8248cdd9..., userDataDir: C:\Users\dP-PL\AppData\Loca...}, fedcm:accounts: true, goog:chromeOptions: {debuggerAddress: localhost:51256}, javascriptEnabled: true, networkConnectionEnabled: false, pageLoadStrategy: normal, platform: WINDOWS, platformName: WINDOWS, proxy: Proxy(), setWindowRect: true, strictFileInteractability: false, timeouts: {implicit: 0, pageLoad: 300000, script: 30000}, unhandledPromptBehavior: dismiss and notify, webauthn:extension:credBlob: true, webauthn:extension:largeBlob: true, webauthn:extension:minPinLength: true, webauthn:extension:prf: true, webauthn:virtualAuthenticators: true}
Session ID: a59c4df4811f82049fe754efe723d3c1
2024-04-17 18:15:41,244 [main] INFO  base.BaseClass - Trying to find Element By {by.toString()})
2024-04-17 18:15:41,263 [main] INFO  base.BaseClass - Found Element By {by.toString()}
2024-04-17 18:15:41,263 [main] INFO  base.BaseClass - Trying to click on: {element.toString()}
2024-04-17 18:15:41,413 [main] INFO  base.BaseClass - Clicked on: {element.toString()}
2024-04-17 18:15:41,413 [main] INFO  base.BaseClass - Trying to find Element By {by.toString()})
2024-04-17 18:15:42,236 [main] INFO  base.BaseClass - Found Element By {by.toString()}
2024-04-17 18:15:42,759 [main] INFO  base.BaseClass - Trying to find Element By {by.toString()})
2024-04-17 18:15:42,792 [main] INFO  base.BaseClass - Found Element By {by.toString()}
2024-04-17 18:15:43,337 [main] INFO  base.BaseClass - Trying to find Element By {by.toString()})
2024-04-17 18:15:43,371 [main] INFO  base.BaseClass - Found Element By {by.toString()}
2024-04-17 18:15:43,918 [main] INFO  base.BaseClass - Trying to find Element By {by.toString()})
2024-04-17 18:15:43,949 [main] INFO  base.BaseClass - Found Element By {by.toString()}
2024-04-17 18:15:44,495 [main] INFO  base.BaseClass - Trying to find Element By {by.toString()})
2024-04-17 18:15:44,520 [main] INFO  base.BaseClass - Found Element By {by.toString()}
2024-04-17 18:15:45,071 [main] INFO  base.BaseClass - Trying to find Element By {by.toString()})
2024-04-17 18:15:45,101 [main] INFO  base.BaseClass - Found Element By {by.toString()}
2024-04-17 18:15:45,649 [main] INFO  base.BaseClass - Trying to find Element By {by.toString()})
2024-04-17 18:15:45,681 [main] INFO  base.BaseClass - Found Element By {by.toString()}
2024-04-17 18:15:46,210 [main] INFO  base.BaseClass - Trying to find Element By {by.toString()})
2024-04-17 18:15:46,240 [main] INFO  base.BaseClass - Found Element By {by.toString()}
2024-04-17 18:15:46,788 [main] INFO  base.BaseClass - Trying to find Element By {by.toString()})
2024-04-17 18:15:46,820 [main] INFO  base.BaseClass - Found Element By {by.toString()}
2024-04-17 18:15:47,366 [main] INFO  base.BaseClass - Trying to find Element By {by.toString()})
2024-04-17 18:15:47,398 [main] INFO  base.BaseClass - Found Element By {by.toString()}
2024-04-17 18:15:47,932 [main] INFO  base.BaseClass - Trying to find Element By {by.toString()})
2024-04-17 18:15:47,963 [main] INFO  base.BaseClass - Found Element By {by.toString()}
2024-04-17 18:15:48,511 [main] INFO  base.BaseClass - Trying to find Element By {by.toString()})
2024-04-17 18:15:48,541 [main] INFO  base.BaseClass - Found Element By {by.toString()}
2024-04-17 18:15:49,076 [main] INFO  base.BaseClass - Trying to find Element By {by.toString()})
2024-04-17 18:15:49,100 [main] INFO  base.BaseClass - Found Element By {by.toString()}
2024-04-17 18:15:49,621 [main] INFO  base.BaseClass - Trying to find Element By {by.toString()})
2024-04-17 18:15:49,650 [main] INFO  base.BaseClass - Found Element By {by.toString()}
2024-04-17 18:15:50,197 [main] INFO  base.BaseClass - Trying to find Element By {by.toString()})
2024-04-17 18:15:50,247 [main] INFO  base.BaseClass - Found Element By {by.toString()}
2024-04-17 18:15:50,791 [main] INFO  base.BaseClass - Trying to find Element By {by.toString()})
2024-04-17 18:15:50,822 [main] INFO  base.BaseClass - Found Element By {by.toString()}
2024-04-17 18:15:51,354 [main] INFO  base.BaseClass - Trying to find Element By {by.toString()})
2024-04-17 18:15:51,387 [main] INFO  base.BaseClass - Found Element By {by.toString()}
2024-04-17 18:15:51,932 [main] INFO  base.BaseClass - Trying to find Element By {by.toString()})
2024-04-17 18:15:51,963 [main] INFO  base.BaseClass - Found Element By {by.toString()}
2024-04-17 18:15:52,540 [main] INFO  base.BaseClass - Trying to find Element By {by.toString()})
2024-04-17 18:15:52,573 [main] INFO  base.BaseClass - Found Element By {by.toString()}
2024-04-17 18:15:53,119 [main] INFO  base.BaseClass - Trying to find Element By {by.toString()})
2024-04-17 18:15:53,149 [main] INFO  base.BaseClass - Found Element By {by.toString()}
2024-04-17 18:15:53,681 [main] INFO  base.BaseClass - Trying to find Element By {by.toString()})
2024-04-17 18:15:53,711 [main] INFO  base.BaseClass - Found Element By {by.toString()}
2024-04-17 18:15:54,258 [main] INFO  base.BaseClass - Trying to find Element By {by.toString()})
2024-04-17 18:15:54,288 [main] INFO  base.BaseClass - Found Element By {by.toString()}
2024-04-17 18:15:54,820 [main] INFO  base.BaseClass - Trying to find Element By {by.toString()})
2024-04-17 18:15:54,850 [main] INFO  base.BaseClass - Found Element By {by.toString()}
2024-04-17 18:15:55,402 [main] INFO  base.BaseClass - Trying to find Element By {by.toString()})
2024-04-17 18:15:55,433 [main] INFO  base.BaseClass - Found Element By {by.toString()}
2024-04-17 18:15:55,982 [main] INFO  base.BaseClass - Trying to find Element By {by.toString()})
2024-04-17 18:15:56,012 [main] INFO  base.BaseClass - Found Element By {by.toString()}
2024-04-17 18:15:56,559 [main] INFO  base.BaseClass - Trying to find Element By {by.toString()})
2024-04-17 18:15:56,591 [main] INFO  base.BaseClass - Found Element By {by.toString()}
2024-04-17 18:15:57,121 [main] INFO  base.BaseClass - Trying to find Element By {by.toString()})
2024-04-17 18:15:57,150 [main] INFO  base.BaseClass - Found Element By {by.toString()}
2024-04-17 18:15:57,682 [main] INFO  base.BaseClass - Trying to find Element By {by.toString()})
2024-04-17 18:15:57,698 [main] INFO  base.BaseClass - Found Element By {by.toString()}
2024-04-17 18:15:58,231 [main] INFO  base.BaseClass - Trying to find Element By {by.toString()})
2024-04-17 18:15:58,261 [main] INFO  base.BaseClass - Found Element By {by.toString()}
2024-04-17 18:15:58,792 [main] INFO  base.BaseClass - Trying to find Element By {by.toString()})
2024-04-17 18:15:58,822 [main] INFO  base.BaseClass - Found Element By {by.toString()}
2024-04-17 18:15:59,369 [main] INFO  base.BaseClass - Trying to find Element By {by.toString()})
2024-04-17 18:15:59,399 [main] INFO  base.BaseClass - Found Element By {by.toString()}
2024-04-17 18:15:59,948 [main] INFO  base.BaseClass - Trying to find Element By {by.toString()})
2024-04-17 18:15:59,978 [main] INFO  base.BaseClass - Found Element By {by.toString()}
2024-04-17 18:16:00,530 [main] INFO  base.BaseClass - Trying to find Element By {by.toString()})
2024-04-17 18:16:00,562 [main] INFO  base.BaseClass - Found Element By {by.toString()}
2024-04-17 18:16:01,096 [main] INFO  base.BaseClass - Trying to find Element By {by.toString()})
2024-04-17 18:16:01,128 [main] INFO  base.BaseClass - Found Element By {by.toString()}
2024-04-17 18:16:01,659 [main] INFO  base.BaseClass - Trying to find Element By {by.toString()})
2024-04-17 18:16:01,691 [main] INFO  base.BaseClass - Found Element By {by.toString()}
2024-04-17 18:16:02,236 [main] INFO  base.BaseClass - Trying to find Element By {by.toString()})
2024-04-17 18:16:02,265 [main] INFO  base.BaseClass - Found Element By {by.toString()}
2024-04-17 18:16:02,798 [main] INFO  base.BaseClass - Trying to find Element By {by.toString()})
2024-04-17 18:16:02,828 [main] INFO  base.BaseClass - Found Element By {by.toString()}
2024-04-17 18:16:03,375 [main] INFO  base.BaseClass - Trying to find Element By {by.toString()})
2024-04-17 18:16:03,405 [main] INFO  base.BaseClass - Found Element By {by.toString()}
2024-04-17 18:16:03,953 [main] INFO  base.BaseClass - Trying to find Element By {by.toString()})
2024-04-17 18:16:03,984 [main] INFO  base.BaseClass - Found Element By {by.toString()}
2024-04-17 18:16:04,531 [main] INFO  base.BaseClass - Trying to find Element By {by.toString()})
2024-04-17 18:16:04,563 [main] INFO  base.BaseClass - Found Element By {by.toString()}
2024-04-17 18:16:05,096 [main] INFO  base.BaseClass - Trying to find Element By {by.toString()})
2024-04-17 18:16:05,126 [main] INFO  base.BaseClass - Found Element By {by.toString()}
2024-04-17 18:16:05,675 [main] INFO  base.BaseClass - Trying to find Element By {by.toString()})
2024-04-17 18:16:05,705 [main] INFO  base.BaseClass - Found Element By {by.toString()}
2024-04-17 18:16:06,251 [main] INFO  base.BaseClass - Trying to find Element By {by.toString()})
2024-04-17 18:16:06,281 [main] INFO  base.BaseClass - Found Element By {by.toString()}
2024-04-17 18:16:06,833 [main] INFO  base.BaseClass - Trying to find Element By {by.toString()})
2024-04-17 18:16:06,859 [main] INFO  base.BaseClass - Found Element By {by.toString()}
2024-04-17 18:16:07,392 [main] INFO  base.BaseClass - Trying to find Element By {by.toString()})
2024-04-17 18:16:07,423 [main] INFO  base.BaseClass - Found Element By {by.toString()}
2024-04-17 18:16:07,970 [main] INFO  base.BaseClass - Trying to find Element By {by.toString()})
2024-04-17 18:16:08,031 [main] INFO  base.BaseClass - Found Element By {by.toString()}
2024-04-17 18:16:08,560 [main] INFO  base.BaseClass - Trying to find Element By {by.toString()})
2024-04-17 18:16:08,590 [main] INFO  base.BaseClass - Found Element By {by.toString()}
2024-04-17 18:16:09,123 [main] INFO  base.BaseClass - Trying to find Element By {by.toString()})
2024-04-17 18:16:09,154 [main] INFO  base.BaseClass - Found Element By {by.toString()}
2024-04-17 18:16:09,701 [main] INFO  base.BaseClass - Trying to find Element By {by.toString()})
2024-04-17 18:16:09,732 [main] INFO  base.BaseClass - Found Element By {by.toString()}
2024-04-17 18:16:10,277 [main] INFO  base.BaseClass - Trying to find Element By {by.toString()})
2024-04-17 18:16:10,307 [main] INFO  base.BaseClass - Found Element By {by.toString()}
2024-04-17 18:16:10,839 [main] INFO  base.BaseClass - Trying to find Element By {by.toString()})
2024-04-17 18:16:10,869 [main] INFO  base.BaseClass - Found Element By {by.toString()}
2024-04-17 18:16:11,415 [main] INFO  base.BaseClass - Trying to find Element By {by.toString()})
2024-04-17 18:16:11,446 [main] INFO  base.BaseClass - Found Element By {by.toString()}
TimeoutException occurred: Expected condition failed: waiting for helper.WaitUtility$5@7cdf4580 (tried for 30 second(s) with 500 milliseconds interval)
Build info: version: '3.141.59', revision: 'e82be7d358', time: '2018-11-14T08:17:03'
System info: host: 'DPLAP166', ip: '137.237.2.236', os.name: 'Windows 10', os.arch: 'amd64', os.version: '10.0', java.version: '19.0.1'
Driver info: org.openqa.selenium.support.events.EventFiringWebDriver
Capabilities {acceptInsecureCerts: true, browserName: chrome, browserVersion: 123.0.6312.123, chrome: {chromedriverVersion: 123.0.6312.122 (31f8248cdd9..., userDataDir: C:\Users\dP-PL\AppData\Loca...}, fedcm:accounts: true, goog:chromeOptions: {debuggerAddress: localhost:51256}, javascriptEnabled: true, networkConnectionEnabled: false, pageLoadStrategy: normal, platform: WINDOWS, platformName: WINDOWS, proxy: Proxy(), setWindowRect: true, strictFileInteractability: false, timeouts: {implicit: 0, pageLoad: 300000, script: 30000}, unhandledPromptBehavior: dismiss and notify, webauthn:extension:credBlob: true, webauthn:extension:largeBlob: true, webauthn:extension:minPinLength: true, webauthn:extension:prf: true, webauthn:virtualAuthenticators: true}
Session ID: a59c4df4811f82049fe754efe723d3c1
2024-04-17 18:16:11,474 [main] ERROR RotationCopy_test - Element did not become visible within the specified time: Expected condition failed: waiting for helper.WaitUtility$5@7cdf4580 (tried for 30 second(s) with 500 milliseconds interval)
Build info: version: '3.141.59', revision: 'e82be7d358', time: '2018-11-14T08:17:03'
System info: host: 'DPLAP166', ip: '137.237.2.236', os.name: 'Windows 10', os.arch: 'amd64', os.version: '10.0', java.version: '19.0.1'
Driver info: org.openqa.selenium.support.events.EventFiringWebDriver
Capabilities {acceptInsecureCerts: true, browserName: chrome, browserVersion: 123.0.6312.123, chrome: {chromedriverVersion: 123.0.6312.122 (31f8248cdd9..., userDataDir: C:\Users\dP-PL\AppData\Loca...}, fedcm:accounts: true, goog:chromeOptions: {debuggerAddress: localhost:51256}, javascriptEnabled: true, networkConnectionEnabled: false, pageLoadStrategy: normal, platform: WINDOWS, platformName: WINDOWS, proxy: Proxy(), setWindowRect: true, strictFileInteractability: false, timeouts: {implicit: 0, pageLoad: 300000, script: 30000}, unhandledPromptBehavior: dismiss and notify, webauthn:extension:credBlob: true, webauthn:extension:largeBlob: true, webauthn:extension:minPinLength: true, webauthn:extension:prf: true, webauthn:virtualAuthenticators: true}
Session ID: a59c4df4811f82049fe754efe723d3c1
2024-04-17 18:16:11,474 [main] INFO  base.BaseClass - Trying to find Element By {by.toString()})
2024-04-17 18:16:11,484 [main] INFO  base.BaseClass - Found Element By {by.toString()}
2024-04-17 18:16:11,484 [main] INFO  base.BaseClass - Trying to click on: {element.toString()}
2024-04-17 18:16:11,553 [main] INFO  base.BaseClass - Clicked on: {element.toString()}
2024-04-17 18:16:11,553 [main] INFO  base.BaseClass - Trying to find Element By {by.toString()})
2024-04-17 18:16:11,568 [main] INFO  base.BaseClass - Found Element By {by.toString()}
2024-04-17 18:16:12,086 [main] INFO  base.BaseClass - Trying to find Element By {by.toString()})
2024-04-17 18:16:12,104 [main] INFO  base.BaseClass - Found Element By {by.toString()}
2024-04-17 18:16:12,633 [main] INFO  base.BaseClass - Trying to find Element By {by.toString()})
2024-04-17 18:16:12,661 [main] INFO  base.BaseClass - Found Element By {by.toString()}
2024-04-17 18:16:13,197 [main] INFO  base.BaseClass - Trying to find Element By {by.toString()})
2024-04-17 18:16:13,229 [main] INFO  base.BaseClass - Found Element By {by.toString()}
2024-04-17 18:16:13,757 [main] INFO  base.BaseClass - Trying to find Element By {by.toString()})
2024-04-17 18:16:13,787 [main] INFO  base.BaseClass - Found Element By {by.toString()}
2024-04-17 18:16:14,336 [main] INFO  base.BaseClass - Trying to find Element By {by.toString()})
2024-04-17 18:16:14,366 [main] INFO  base.BaseClass - Found Element By {by.toString()}
2024-04-17 18:16:14,897 [main] INFO  base.BaseClass - Trying to find Element By {by.toString()})
2024-04-17 18:16:14,928 [main] INFO  base.BaseClass - Found Element By {by.toString()}
2024-04-17 18:16:15,464 [main] INFO  base.BaseClass - Trying to find Element By {by.toString()})
2024-04-17 18:16:15,496 [main] INFO  base.BaseClass - Found Element By {by.toString()}
2024-04-17 18:16:16,042 [main] INFO  base.BaseClass - Trying to find Element By {by.toString()})
2024-04-17 18:16:16,073 [main] INFO  base.BaseClass - Found Element By {by.toString()}
2024-04-17 18:16:16,610 [main] INFO  base.BaseClass - Trying to find Element By {by.toString()})
2024-04-17 18:16:16,643 [main] INFO  base.BaseClass - Found Element By {by.toString()}
2024-04-17 18:16:17,185 [main] INFO  base.BaseClass - Trying to find Element By {by.toString()})
2024-04-17 18:16:17,216 [main] INFO  base.BaseClass - Found Element By {by.toString()}
2024-04-17 18:16:17,765 [main] INFO  base.BaseClass - Trying to find Element By {by.toString()})
2024-04-17 18:16:17,797 [main] INFO  base.BaseClass - Found Element By {by.toString()}
2024-04-17 18:16:18,342 [main] INFO  base.BaseClass - Trying to find Element By {by.toString()})
2024-04-17 18:16:18,359 [main] INFO  base.BaseClass - Found Element By {by.toString()}
2024-04-17 18:16:18,888 [main] INFO  base.BaseClass - Trying to find Element By {by.toString()})
2024-04-17 18:16:18,919 [main] INFO  base.BaseClass - Found Element By {by.toString()}
2024-04-17 18:16:19,463 [main] INFO  base.BaseClass - Trying to find Element By {by.toString()})
2024-04-17 18:16:19,491 [main] INFO  base.BaseClass - Found Element By {by.toString()}
2024-04-17 18:16:20,040 [main] INFO  base.BaseClass - Trying to find Element By {by.toString()})
2024-04-17 18:16:20,069 [main] INFO  base.BaseClass - Found Element By {by.toString()}
2024-04-17 18:16:20,602 [main] INFO  base.BaseClass - Trying to find Element By {by.toString()})
2024-04-17 18:16:20,662 [main] INFO  base.BaseClass - Found Element By {by.toString()}
2024-04-17 18:16:21,180 [main] INFO  base.BaseClass - Trying to find Element By {by.toString()})
2024-04-17 18:16:21,211 [main] INFO  base.BaseClass - Found Element By {by.toString()}
2024-04-17 18:16:21,762 [main] INFO  base.BaseClass - Trying to find Element By {by.toString()})
2024-04-17 18:16:21,793 [main] INFO  base.BaseClass - Found Element By {by.toString()}
2024-04-17 18:16:22,343 [main] INFO  base.BaseClass - Trying to find Element By {by.toString()})
2024-04-17 18:16:22,373 [main] INFO  base.BaseClass - Found Element By {by.toString()}
2024-04-17 18:16:22,910 [main] INFO  base.BaseClass - Trying to find Element By {by.toString()})
2024-04-17 18:16:22,941 [main] INFO  base.BaseClass - Found Element By {by.toString()}
2024-04-17 18:16:23,474 [main] INFO  base.BaseClass - Trying to find Element By {by.toString()})
2024-04-17 18:16:23,504 [main] INFO  base.BaseClass - Found Element By {by.toString()}
2024-04-17 18:16:24,054 [main] INFO  base.BaseClass - Trying to find Element By {by.toString()})
2024-04-17 18:16:24,077 [main] INFO  base.BaseClass - Found Element By {by.toString()}
2024-04-17 18:16:24,615 [main] INFO  base.BaseClass - Trying to find Element By {by.toString()})
2024-04-17 18:16:24,646 [main] INFO  base.BaseClass - Found Element By {by.toString()}
2024-04-17 18:16:25,192 [main] INFO  base.BaseClass - Trying to find Element By {by.toString()})
2024-04-17 18:16:25,221 [main] INFO  base.BaseClass - Found Element By {by.toString()}
2024-04-17 18:16:25,770 [main] INFO  base.BaseClass - Trying to find Element By {by.toString()})
2024-04-17 18:16:25,801 [main] INFO  base.BaseClass - Found Element By {by.toString()}
2024-04-17 18:16:26,348 [main] INFO  base.BaseClass - Trying to find Element By {by.toString()})
2024-04-17 18:16:26,379 [main] INFO  base.BaseClass - Found Element By {by.toString()}
2024-04-17 18:16:26,913 [main] INFO  base.BaseClass - Trying to find Element By {by.toString()})
2024-04-17 18:16:26,944 [main] INFO  base.BaseClass - Found Element By {by.toString()}
2024-04-17 18:16:27,492 [main] INFO  base.BaseClass - Trying to find Element By {by.toString()})
2024-04-17 18:16:27,523 [main] INFO  base.BaseClass - Found Element By {by.toString()}
2024-04-17 18:16:28,073 [main] INFO  base.BaseClass - Trying to find Element By {by.toString()})
2024-04-17 18:16:28,103 [main] INFO  base.BaseClass - Found Element By {by.toString()}
2024-04-17 18:16:28,652 [main] INFO  base.BaseClass - Trying to find Element By {by.toString()})
2024-04-17 18:16:28,683 [main] INFO  base.BaseClass - Found Element By {by.toString()}
2024-04-17 18:16:29,230 [main] INFO  base.BaseClass - Trying to find Element By {by.toString()})
2024-04-17 18:16:29,260 [main] INFO  base.BaseClass - Found Element By {by.toString()}
2024-04-17 18:16:29,789 [main] INFO  base.BaseClass - Trying to find Element By {by.toString()})
2024-04-17 18:16:29,818 [main] INFO  base.BaseClass - Found Element By {by.toString()}
2024-04-17 18:16:30,353 [main] INFO  base.BaseClass - Trying to find Element By {by.toString()})
2024-04-17 18:16:30,384 [main] INFO  base.BaseClass - Found Element By {by.toString()}
2024-04-17 18:16:30,930 [main] INFO  base.BaseClass - Trying to find Element By {by.toString()})
2024-04-17 18:16:30,956 [main] INFO  base.BaseClass - Found Element By {by.toString()}
2024-04-17 18:16:31,478 [main] INFO  base.BaseClass - Trying to find Element By {by.toString()})
2024-04-17 18:16:31,506 [main] INFO  base.BaseClass - Found Element By {by.toString()}
2024-04-17 18:16:32,043 [main] INFO  base.BaseClass - Trying to find Element By {by.toString()})
2024-04-17 18:16:32,071 [main] INFO  base.BaseClass - Found Element By {by.toString()}
2024-04-17 18:16:32,605 [main] INFO  base.BaseClass - Trying to find Element By {by.toString()})
2024-04-17 18:16:32,635 [main] INFO  base.BaseClass - Found Element By {by.toString()}
2024-04-17 18:16:33,183 [main] INFO  base.BaseClass - Trying to find Element By {by.toString()})
2024-04-17 18:16:33,213 [main] INFO  base.BaseClass - Found Element By {by.toString()}
2024-04-17 18:16:33,761 [main] INFO  base.BaseClass - Trying to find Element By {by.toString()})
2024-04-17 18:16:33,791 [main] INFO  base.BaseClass - Found Element By {by.toString()}
2024-04-17 18:16:34,338 [main] INFO  base.BaseClass - Trying to find Element By {by.toString()})
2024-04-17 18:16:34,367 [main] INFO  base.BaseClass - Found Element By {by.toString()}
2024-04-17 18:16:34,915 [main] INFO  base.BaseClass - Trying to find Element By {by.toString()})
2024-04-17 18:16:34,977 [main] INFO  base.BaseClass - Found Element By {by.toString()}
2024-04-17 18:16:35,493 [main] INFO  base.BaseClass - Trying to find Element By {by.toString()})
2024-04-17 18:16:35,523 [main] INFO  base.BaseClass - Found Element By {by.toString()}
2024-04-17 18:16:36,071 [main] INFO  base.BaseClass - Trying to find Element By {by.toString()})
2024-04-17 18:16:36,103 [main] INFO  base.BaseClass - Found Element By {by.toString()}
2024-04-17 18:16:36,652 [main] INFO  base.BaseClass - Trying to find Element By {by.toString()})
2024-04-17 18:16:36,682 [main] INFO  base.BaseClass - Found Element By {by.toString()}
2024-04-17 18:16:37,232 [main] INFO  base.BaseClass - Trying to find Element By {by.toString()})
2024-04-17 18:16:37,261 [main] INFO  base.BaseClass - Found Element By {by.toString()}
2024-04-17 18:16:37,812 [main] INFO  base.BaseClass - Trying to find Element By {by.toString()})
2024-04-17 18:16:37,843 [main] INFO  base.BaseClass - Found Element By {by.toString()}
2024-04-17 18:16:38,391 [main] INFO  base.BaseClass - Trying to find Element By {by.toString()})
2024-04-17 18:16:38,423 [main] INFO  base.BaseClass - Found Element By {by.toString()}
2024-04-17 18:16:38,971 [main] INFO  base.BaseClass - Trying to find Element By {by.toString()})
2024-04-17 18:16:39,002 [main] INFO  base.BaseClass - Found Element By {by.toString()}
2024-04-17 18:16:39,552 [main] INFO  base.BaseClass - Trying to find Element By {by.toString()})
2024-04-17 18:16:39,582 [main] INFO  base.BaseClass - Found Element By {by.toString()}
2024-04-17 18:16:40,130 [main] INFO  base.BaseClass - Trying to find Element By {by.toString()})
2024-04-17 18:16:40,146 [main] INFO  base.BaseClass - Found Element By {by.toString()}
2024-04-17 18:16:40,677 [main] INFO  base.BaseClass - Trying to find Element By {by.toString()})
2024-04-17 18:16:40,708 [main] INFO  base.BaseClass - Found Element By {by.toString()}
2024-04-17 18:16:41,254 [main] INFO  base.BaseClass - Trying to find Element By {by.toString()})
2024-04-17 18:16:41,284 [main] INFO  base.BaseClass - Found Element By {by.toString()}
2024-04-17 18:16:41,832 [main] INFO  base.BaseClass - Trying to find Element By {by.toString()})
2024-04-17 18:16:41,863 [main] INFO  base.BaseClass - Found Element By {by.toString()}
TimeoutException occurred: Expected condition failed: waiting for helper.WaitUtility$5@5e079722 (tried for 30 second(s) with 500 milliseconds interval)
Build info: version: '3.141.59', revision: 'e82be7d358', time: '2018-11-14T08:17:03'
System info: host: 'DPLAP166', ip: '137.237.2.236', os.name: 'Windows 10', os.arch: 'amd64', os.version: '10.0', java.version: '19.0.1'
Driver info: org.openqa.selenium.support.events.EventFiringWebDriver
Capabilities {acceptInsecureCerts: true, browserName: chrome, browserVersion: 123.0.6312.123, chrome: {chromedriverVersion: 123.0.6312.122 (31f8248cdd9..., userDataDir: C:\Users\dP-PL\AppData\Loca...}, fedcm:accounts: true, goog:chromeOptions: {debuggerAddress: localhost:51256}, javascriptEnabled: true, networkConnectionEnabled: false, pageLoadStrategy: normal, platform: WINDOWS, platformName: WINDOWS, proxy: Proxy(), setWindowRect: true, strictFileInteractability: false, timeouts: {implicit: 0, pageLoad: 300000, script: 30000}, unhandledPromptBehavior: dismiss and notify, webauthn:extension:credBlob: true, webauthn:extension:largeBlob: true, webauthn:extension:minPinLength: true, webauthn:extension:prf: true, webauthn:virtualAuthenticators: true}
Session ID: a59c4df4811f82049fe754efe723d3c1
2024-04-17 18:16:41,903 [main] ERROR RotationCopy_test - Element did not become visible within the specified time: Expected condition failed: waiting for helper.WaitUtility$5@5e079722 (tried for 30 second(s) with 500 milliseconds interval)
Build info: version: '3.141.59', revision: 'e82be7d358', time: '2018-11-14T08:17:03'
System info: host: 'DPLAP166', ip: '137.237.2.236', os.name: 'Windows 10', os.arch: 'amd64', os.version: '10.0', java.version: '19.0.1'
Driver info: org.openqa.selenium.support.events.EventFiringWebDriver
Capabilities {acceptInsecureCerts: true, browserName: chrome, browserVersion: 123.0.6312.123, chrome: {chromedriverVersion: 123.0.6312.122 (31f8248cdd9..., userDataDir: C:\Users\dP-PL\AppData\Loca...}, fedcm:accounts: true, goog:chromeOptions: {debuggerAddress: localhost:51256}, javascriptEnabled: true, networkConnectionEnabled: false, pageLoadStrategy: normal, platform: WINDOWS, platformName: WINDOWS, proxy: Proxy(), setWindowRect: true, strictFileInteractability: false, timeouts: {implicit: 0, pageLoad: 300000, script: 30000}, unhandledPromptBehavior: dismiss and notify, webauthn:extension:credBlob: true, webauthn:extension:largeBlob: true, webauthn:extension:minPinLength: true, webauthn:extension:prf: true, webauthn:virtualAuthenticators: true}
Session ID: a59c4df4811f82049fe754efe723d3c1
2024-04-17 18:16:41,903 [main] INFO  base.BaseClass - Trying to find Element By {by.toString()})
2024-04-17 18:16:41,930 [main] INFO  base.BaseClass - Found Element By {by.toString()}
2024-04-17 18:16:41,930 [main] INFO  base.BaseClass - Trying to click on: {element.toString()}
2024-04-17 18:16:42,048 [main] INFO  base.BaseClass - Clicked on: {element.toString()}
2024-04-17 18:16:42,054 [main] INFO  base.BaseClass - Trying to find Element By {by.toString()})
2024-04-17 18:16:42,067 [main] INFO  base.BaseClass - Found Element By {by.toString()}
2024-04-17 18:16:42,583 [main] INFO  base.BaseClass - Trying to find Element By {by.toString()})
2024-04-17 18:16:42,613 [main] INFO  base.BaseClass - Found Element By {by.toString()}
2024-04-17 18:16:43,175 [main] INFO  base.BaseClass - Trying to find Element By {by.toString()})
2024-04-17 18:16:43,194 [main] INFO  base.BaseClass - Found Element By {by.toString()}
2024-04-17 18:16:43,719 [main] INFO  base.BaseClass - Trying to find Element By {by.toString()})
2024-04-17 18:16:43,752 [main] INFO  base.BaseClass - Found Element By {by.toString()}
2024-04-17 18:16:44,284 [main] INFO  base.BaseClass - Trying to find Element By {by.toString()})
2024-04-17 18:16:44,320 [main] INFO  base.BaseClass - Found Element By {by.toString()}
2024-04-17 18:16:44,867 [main] INFO  base.BaseClass - Trying to find Element By {by.toString()})
2024-04-17 18:16:44,894 [main] INFO  base.BaseClass - Found Element By {by.toString()}
2024-04-17 18:16:45,432 [main] INFO  base.BaseClass - Trying to find Element By {by.toString()})
2024-04-17 18:16:45,460 [main] INFO  base.BaseClass - Found Element By {by.toString()}
2024-04-17 18:16:45,997 [main] INFO  base.BaseClass - Trying to find Element By {by.toString()})
2024-04-17 18:16:46,028 [main] INFO  base.BaseClass - Found Element By {by.toString()}
2024-04-17 18:16:46,574 [main] INFO  base.BaseClass - Trying to find Element By {by.toString()})
2024-04-17 18:16:46,603 [main] INFO  base.BaseClass - Found Element By {by.toString()}
2024-04-17 18:16:47,137 [main] INFO  base.BaseClass - Trying to find Element By {by.toString()})
2024-04-17 18:16:47,165 [main] INFO  base.BaseClass - Found Element By {by.toString()}
2024-04-17 18:16:47,716 [main] INFO  base.BaseClass - Trying to find Element By {by.toString()})
2024-04-17 18:16:47,745 [main] INFO  base.BaseClass - Found Element By {by.toString()}
2024-04-17 18:16:48,294 [main] INFO  base.BaseClass - Trying to find Element By {by.toString()})
2024-04-17 18:16:48,324 [main] INFO  base.BaseClass - Found Element By {by.toString()}
2024-04-17 18:16:48,857 [main] INFO  base.BaseClass - Trying to find Element By {by.toString()})
2024-04-17 18:16:48,880 [main] INFO  base.BaseClass - Found Element By {by.toString()}
2024-04-17 18:16:49,406 [main] INFO  base.BaseClass - Trying to find Element By {by.toString()})
2024-04-17 18:16:49,435 [main] INFO  base.BaseClass - Found Element By {by.toString()}
2024-04-17 18:16:49,985 [main] INFO  base.BaseClass - Trying to find Element By {by.toString()})
2024-04-17 18:16:50,014 [main] INFO  base.BaseClass - Found Element By {by.toString()}
2024-04-17 18:16:50,563 [main] INFO  base.BaseClass - Trying to find Element By {by.toString()})
2024-04-17 18:16:50,589 [main] INFO  base.BaseClass - Found Element By {by.toString()}
2024-04-17 18:16:51,126 [main] INFO  base.BaseClass - Trying to find Element By {by.toString()})
2024-04-17 18:16:51,154 [main] INFO  base.BaseClass - Found Element By {by.toString()}
2024-04-17 18:16:51,688 [main] INFO  base.BaseClass - Trying to find Element By {by.toString()})
2024-04-17 18:16:51,719 [main] INFO  base.BaseClass - Found Element By {by.toString()}
2024-04-17 18:16:52,266 [main] INFO  base.BaseClass - Trying to find Element By {by.toString()})
2024-04-17 18:16:52,295 [main] INFO  base.BaseClass - Found Element By {by.toString()}
2024-04-17 18:16:52,842 [main] INFO  base.BaseClass - Trying to find Element By {by.toString()})
2024-04-17 18:16:52,871 [main] INFO  base.BaseClass - Found Element By {by.toString()}
2024-04-17 18:16:53,418 [main] INFO  base.BaseClass - Trying to find Element By {by.toString()})
2024-04-17 18:16:53,448 [main] INFO  base.BaseClass - Found Element By {by.toString()}
2024-04-17 18:16:53,997 [main] INFO  base.BaseClass - Trying to find Element By {by.toString()})
2024-04-17 18:16:54,026 [main] INFO  base.BaseClass - Found Element By {by.toString()}
2024-04-17 18:16:54,575 [main] INFO  base.BaseClass - Trying to find Element By {by.toString()})
2024-04-17 18:16:54,603 [main] INFO  base.BaseClass - Found Element By {by.toString()}
2024-04-17 18:16:55,140 [main] INFO  base.BaseClass - Trying to find Element By {by.toString()})
2024-04-17 18:16:55,168 [main] INFO  base.BaseClass - Found Element By {by.toString()}
2024-04-17 18:16:55,717 [main] INFO  base.BaseClass - Trying to find Element By {by.toString()})
2024-04-17 18:16:55,745 [main] INFO  base.BaseClass - Found Element By {by.toString()}
2024-04-17 18:16:56,292 [main] INFO  base.BaseClass - Trying to find Element By {by.toString()})
2024-04-17 18:16:56,302 [main] INFO  base.BaseClass - Found Element By {by.toString()}
2024-04-17 18:16:56,825 [main] INFO  base.BaseClass - Trying to find Element By {by.toString()})
2024-04-17 18:16:56,835 [main] INFO  base.BaseClass - Found Element By {by.toString()}
2024-04-17 18:16:57,352 [main] INFO  base.BaseClass - Trying to find Element By {by.toString()})
2024-04-17 18:16:57,382 [main] INFO  base.BaseClass - Found Element By {by.toString()}
2024-04-17 18:16:57,932 [main] INFO  base.BaseClass - Trying to find Element By {by.toString()})
2024-04-17 18:16:57,960 [main] INFO  base.BaseClass - Found Element By {by.toString()}
2024-04-17 18:16:58,493 [main] INFO  base.BaseClass - Trying to find Element By {by.toString()})
2024-04-17 18:16:58,519 [main] INFO  base.BaseClass - Found Element By {by.toString()}
2024-04-17 18:16:59,056 [main] INFO  base.BaseClass - Trying to find Element By {by.toString()})
2024-04-17 18:16:59,074 [main] INFO  base.BaseClass - Found Element By {by.toString()}
2024-04-17 18:16:59,607 [main] INFO  base.BaseClass - Trying to find Element By {by.toString()})
2024-04-17 18:16:59,636 [main] INFO  base.BaseClass - Found Element By {by.toString()}
2024-04-17 18:17:00,173 [main] INFO  base.BaseClass - Trying to find Element By {by.toString()})
2024-04-17 18:17:00,200 [main] INFO  base.BaseClass - Found Element By {by.toString()}
2024-04-17 18:17:00,749 [main] INFO  base.BaseClass - Trying to find Element By {by.toString()})
2024-04-17 18:17:00,777 [main] INFO  base.BaseClass - Found Element By {by.toString()}
2024-04-17 18:17:01,327 [main] INFO  base.BaseClass - Trying to find Element By {by.toString()})
2024-04-17 18:17:01,355 [main] INFO  base.BaseClass - Found Element By {by.toString()}
2024-04-17 18:17:01,892 [main] INFO  base.BaseClass - Trying to find Element By {by.toString()})
2024-04-17 18:17:01,921 [main] INFO  base.BaseClass - Found Element By {by.toString()}
2024-04-17 18:17:02,456 [main] INFO  base.BaseClass - Trying to find Element By {by.toString()})
2024-04-17 18:17:02,485 [main] INFO  base.BaseClass - Found Element By {by.toString()}
2024-04-17 18:17:03,032 [main] INFO  base.BaseClass - Trying to find Element By {by.toString()})
2024-04-17 18:17:03,060 [main] INFO  base.BaseClass - Found Element By {by.toString()}
2024-04-17 18:17:03,595 [main] INFO  base.BaseClass - Trying to find Element By {by.toString()})
2024-04-17 18:17:03,623 [main] INFO  base.BaseClass - Found Element By {by.toString()}
2024-04-17 18:17:04,172 [main] INFO  base.BaseClass - Trying to find Element By {by.toString()})
2024-04-17 18:17:04,201 [main] INFO  base.BaseClass - Found Element By {by.toString()}
2024-04-17 18:17:04,749 [main] INFO  base.BaseClass - Trying to find Element By {by.toString()})
2024-04-17 18:17:04,769 [main] INFO  base.BaseClass - Found Element By {by.toString()}
2024-04-17 18:17:05,295 [main] INFO  base.BaseClass - Trying to find Element By {by.toString()})
2024-04-17 18:17:05,324 [main] INFO  base.BaseClass - Found Element By {by.toString()}
2024-04-17 18:17:05,872 [main] INFO  base.BaseClass - Trying to find Element By {by.toString()})
2024-04-17 18:17:05,901 [main] INFO  base.BaseClass - Found Element By {by.toString()}
2024-04-17 18:17:06,451 [main] INFO  base.BaseClass - Trying to find Element By {by.toString()})
2024-04-17 18:17:06,480 [main] INFO  base.BaseClass - Found Element By {by.toString()}
2024-04-17 18:17:07,027 [main] INFO  base.BaseClass - Trying to find Element By {by.toString()})
2024-04-17 18:17:07,055 [main] INFO  base.BaseClass - Found Element By {by.toString()}
2024-04-17 18:17:07,609 [main] INFO  base.BaseClass - Trying to find Element By {by.toString()})
2024-04-17 18:17:07,629 [main] INFO  base.BaseClass - Found Element By {by.toString()}
2024-04-17 18:17:08,159 [main] INFO  base.BaseClass - Trying to find Element By {by.toString()})
2024-04-17 18:17:08,187 [main] INFO  base.BaseClass - Found Element By {by.toString()}
2024-04-17 18:17:08,737 [main] INFO  base.BaseClass - Trying to find Element By {by.toString()})
2024-04-17 18:17:08,754 [main] INFO  base.BaseClass - Found Element By {by.toString()}
2024-04-17 18:17:09,287 [main] INFO  base.BaseClass - Trying to find Element By {by.toString()})
2024-04-17 18:17:09,315 [main] INFO  base.BaseClass - Found Element By {by.toString()}
2024-04-17 18:17:09,852 [main] INFO  base.BaseClass - Trying to find Element By {by.toString()})
2024-04-17 18:17:09,881 [main] INFO  base.BaseClass - Found Element By {by.toString()}
2024-04-17 18:17:10,429 [main] INFO  base.BaseClass - Trying to find Element By {by.toString()})
2024-04-17 18:17:10,459 [main] INFO  base.BaseClass - Found Element By {by.toString()}
2024-04-17 18:17:11,008 [main] INFO  base.BaseClass - Trying to find Element By {by.toString()})
2024-04-17 18:17:11,036 [main] INFO  base.BaseClass - Found Element By {by.toString()}
2024-04-17 18:17:11,589 [main] INFO  base.BaseClass - Trying to find Element By {by.toString()})
2024-04-17 18:17:11,619 [main] INFO  base.BaseClass - Found Element By {by.toString()}
2024-04-17 18:17:12,171 [main] INFO  base.BaseClass - Trying to find Element By {by.toString()})
2024-04-17 18:17:12,196 [main] INFO  base.BaseClass - Found Element By {by.toString()}
TimeoutException occurred: Expected condition failed: waiting for helper.WaitUtility$5@1125dcb7 (tried for 30 second(s) with 500 milliseconds interval)
Build info: version: '3.141.59', revision: 'e82be7d358', time: '2018-11-14T08:17:03'
System info: host: 'DPLAP166', ip: '137.237.2.236', os.name: 'Windows 10', os.arch: 'amd64', os.version: '10.0', java.version: '19.0.1'
Driver info: org.openqa.selenium.support.events.EventFiringWebDriver
Capabilities {acceptInsecureCerts: true, browserName: chrome, browserVersion: 123.0.6312.123, chrome: {chromedriverVersion: 123.0.6312.122 (31f8248cdd9..., userDataDir: C:\Users\dP-PL\AppData\Loca...}, fedcm:accounts: true, goog:chromeOptions: {debuggerAddress: localhost:51256}, javascriptEnabled: true, networkConnectionEnabled: false, pageLoadStrategy: normal, platform: WINDOWS, platformName: WINDOWS, proxy: Proxy(), setWindowRect: true, strictFileInteractability: false, timeouts: {implicit: 0, pageLoad: 300000, script: 30000}, unhandledPromptBehavior: dismiss and notify, webauthn:extension:credBlob: true, webauthn:extension:largeBlob: true, webauthn:extension:minPinLength: true, webauthn:extension:prf: true, webauthn:virtualAuthenticators: true}
Session ID: a59c4df4811f82049fe754efe723d3c1
2024-04-17 18:17:12,227 [main] ERROR RotationCopy_test - Element did not become visible within the specified time: Expected condition failed: waiting for helper.WaitUtility$5@1125dcb7 (tried for 30 second(s) with 500 milliseconds interval)
Build info: version: '3.141.59', revision: 'e82be7d358', time: '2018-11-14T08:17:03'
System info: host: 'DPLAP166', ip: '137.237.2.236', os.name: 'Windows 10', os.arch: 'amd64', os.version: '10.0', java.version: '19.0.1'
Driver info: org.openqa.selenium.support.events.EventFiringWebDriver
Capabilities {acceptInsecureCerts: true, browserName: chrome, browserVersion: 123.0.6312.123, chrome: {chromedriverVersion: 123.0.6312.122 (31f8248cdd9..., userDataDir: C:\Users\dP-PL\AppData\Loca...}, fedcm:accounts: true, goog:chromeOptions: {debuggerAddress: localhost:51256}, javascriptEnabled: true, networkConnectionEnabled: false, pageLoadStrategy: normal, platform: WINDOWS, platformName: WINDOWS, proxy: Proxy(), setWindowRect: true, strictFileInteractability: false, timeouts: {implicit: 0, pageLoad: 300000, script: 30000}, unhandledPromptBehavior: dismiss and notify, webauthn:extension:credBlob: true, webauthn:extension:largeBlob: true, webauthn:extension:minPinLength: true, webauthn:extension:prf: true, webauthn:virtualAuthenticators: true}
Session ID: a59c4df4811f82049fe754efe723d3c1
2024-04-17 18:17:12,227 [main] INFO  base.BaseClass - Trying to find Element By {by.toString()})
2024-04-17 18:17:12,239 [main] INFO  base.BaseClass - Found Element By {by.toString()}
2024-04-17 18:17:12,239 [main] INFO  base.BaseClass - Trying to click on: {element.toString()}
2024-04-17 18:17:12,304 [main] INFO  base.BaseClass - Clicked on: {element.toString()}
2024-04-17 18:17:12,310 [main] INFO  base.BaseClass - Trying to find Element By {by.toString()})
2024-04-17 18:17:12,322 [main] INFO  base.BaseClass - Found Element By {by.toString()}
2024-04-17 18:17:12,840 [main] INFO  base.BaseClass - Trying to find Element By {by.toString()})
2024-04-17 18:17:13,316 [main] INFO  base.BaseClass - Found Element By {by.toString()}
2024-04-17 18:17:13,837 [main] INFO  base.BaseClass - Trying to find Element By {by.toString()})
2024-04-17 18:17:13,868 [main] INFO  base.BaseClass - Found Element By {by.toString()}
2024-04-17 18:17:14,414 [main] INFO  base.BaseClass - Trying to find Element By {by.toString()})
2024-04-17 18:17:14,476 [main] INFO  base.BaseClass - Found Element By {by.toString()}
2024-04-17 18:17:14,995 [main] INFO  base.BaseClass - Trying to find Element By {by.toString()})
2024-04-17 18:17:15,024 [main] INFO  base.BaseClass - Found Element By {by.toString()}
2024-04-17 18:17:15,562 [main] INFO  base.BaseClass - Trying to find Element By {by.toString()})
2024-04-17 18:17:15,593 [main] INFO  base.BaseClass - Found Element By {by.toString()}
2024-04-17 18:17:16,140 [main] INFO  base.BaseClass - Trying to find Element By {by.toString()})
2024-04-17 18:17:16,171 [main] INFO  base.BaseClass - Found Element By {by.toString()}
2024-04-17 18:17:16,719 [main] INFO  base.BaseClass - Trying to find Element By {by.toString()})
2024-04-17 18:17:16,748 [main] INFO  base.BaseClass - Found Element By {by.toString()}
2024-04-17 18:17:17,295 [main] INFO  base.BaseClass - Trying to find Element By {by.toString()})
2024-04-17 18:17:17,326 [main] INFO  base.BaseClass - Found Element By {by.toString()}
2024-04-17 18:17:17,877 [main] INFO  base.BaseClass - Trying to find Element By {by.toString()})
2024-04-17 18:17:17,910 [main] INFO  base.BaseClass - Found Element By {by.toString()}
2024-04-17 18:17:18,468 [main] INFO  base.BaseClass - Trying to find Element By {by.toString()})
2024-04-17 18:17:18,499 [main] INFO  base.BaseClass - Found Element By {by.toString()}
2024-04-17 18:17:19,044 [main] INFO  base.BaseClass - Trying to find Element By {by.toString()})
2024-04-17 18:17:19,076 [main] INFO  base.BaseClass - Found Element By {by.toString()}
2024-04-17 18:17:19,623 [main] INFO  base.BaseClass - Trying to find Element By {by.toString()})
2024-04-17 18:17:19,670 [main] INFO  base.BaseClass - Found Element By {by.toString()}
2024-04-17 18:17:20,206 [main] INFO  base.BaseClass - Trying to find Element By {by.toString()})
2024-04-17 18:17:20,229 [main] INFO  base.BaseClass - Found Element By {by.toString()}
2024-04-17 18:17:20,765 [main] INFO  base.BaseClass - Trying to find Element By {by.toString()})
2024-04-17 18:17:20,794 [main] INFO  base.BaseClass - Found Element By {by.toString()}
2024-04-17 18:17:21,326 [main] INFO  base.BaseClass - Trying to find Element By {by.toString()})
2024-04-17 18:17:21,360 [main] INFO  base.BaseClass - Found Element By {by.toString()}
2024-04-17 18:17:21,891 [main] INFO  base.BaseClass - Trying to find Element By {by.toString()})
2024-04-17 18:17:21,925 [main] INFO  base.BaseClass - Found Element By {by.toString()}
2024-04-17 18:17:22,460 [main] INFO  base.BaseClass - Trying to find Element By {by.toString()})
2024-04-17 18:17:22,495 [main] INFO  base.BaseClass - Found Element By {by.toString()}
2024-04-17 18:17:23,040 [main] INFO  base.BaseClass - Trying to find Element By {by.toString()})
2024-04-17 18:17:23,073 [main] INFO  base.BaseClass - Found Element By {by.toString()}
2024-04-17 18:17:23,617 [main] INFO  base.BaseClass - Trying to find Element By {by.toString()})
2024-04-17 18:17:23,653 [main] INFO  base.BaseClass - Found Element By {by.toString()}
2024-04-17 18:17:24,199 [main] INFO  base.BaseClass - Trying to find Element By {by.toString()})
2024-04-17 18:17:24,236 [main] INFO  base.BaseClass - Found Element By {by.toString()}
2024-04-17 18:17:24,774 [main] INFO  base.BaseClass - Trying to find Element By {by.toString()})
2024-04-17 18:17:24,803 [main] INFO  base.BaseClass - Found Element By {by.toString()}
2024-04-17 18:17:25,336 [main] INFO  base.BaseClass - Trying to find Element By {by.toString()})
2024-04-17 18:17:25,369 [main] INFO  base.BaseClass - Found Element By {by.toString()}
2024-04-17 18:17:25,918 [main] INFO  base.BaseClass - Trying to find Element By {by.toString()})
2024-04-17 18:17:25,951 [main] INFO  base.BaseClass - Found Element By {by.toString()}
2024-04-17 18:17:26,513 [main] INFO  base.BaseClass - Trying to find Element By {by.toString()})
2024-04-17 18:17:26,547 [main] INFO  base.BaseClass - Found Element By {by.toString()}
2024-04-17 18:17:27,091 [main] INFO  base.BaseClass - Trying to find Element By {by.toString()})
2024-04-17 18:17:27,117 [main] INFO  base.BaseClass - Found Element By {by.toString()}
2024-04-17 18:17:27,652 [main] INFO  base.BaseClass - Trying to find Element By {by.toString()})
2024-04-17 18:17:27,685 [main] INFO  base.BaseClass - Found Element By {by.toString()}
2024-04-17 18:17:28,213 [main] INFO  base.BaseClass - Trying to find Element By {by.toString()})
2024-04-17 18:17:28,244 [main] INFO  base.BaseClass - Found Element By {by.toString()}
2024-04-17 18:17:28,794 [main] INFO  base.BaseClass - Trying to find Element By {by.toString()})
2024-04-17 18:17:28,819 [main] INFO  base.BaseClass - Found Element By {by.toString()}
2024-04-17 18:17:29,357 [main] INFO  base.BaseClass - Trying to find Element By {by.toString()})
2024-04-17 18:17:29,387 [main] INFO  base.BaseClass - Found Element By {by.toString()}
2024-04-17 18:17:29,935 [main] INFO  base.BaseClass - Trying to find Element By {by.toString()})
2024-04-17 18:17:29,959 [main] INFO  base.BaseClass - Found Element By {by.toString()}
2024-04-17 18:17:30,482 [main] INFO  base.BaseClass - Trying to find Element By {by.toString()})
2024-04-17 18:17:30,511 [main] INFO  base.BaseClass - Found Element By {by.toString()}
2024-04-17 18:17:31,059 [main] INFO  base.BaseClass - Trying to find Element By {by.toString()})
2024-04-17 18:17:31,089 [main] INFO  base.BaseClass - Found Element By {by.toString()}
2024-04-17 18:17:31,636 [main] INFO  base.BaseClass - Trying to find Element By {by.toString()})
2024-04-17 18:17:31,666 [main] INFO  base.BaseClass - Found Element By {by.toString()}
2024-04-17 18:17:32,202 [main] INFO  base.BaseClass - Trying to find Element By {by.toString()})
2024-04-17 18:17:32,229 [main] INFO  base.BaseClass - Found Element By {by.toString()}
2024-04-17 18:17:32,777 [main] INFO  base.BaseClass - Trying to find Element By {by.toString()})
2024-04-17 18:17:32,806 [main] INFO  base.BaseClass - Found Element By {by.toString()}
2024-04-17 18:17:33,355 [main] INFO  base.BaseClass - Trying to find Element By {by.toString()})
2024-04-17 18:17:33,384 [main] INFO  base.BaseClass - Found Element By {by.toString()}
2024-04-17 18:17:33,933 [main] INFO  base.BaseClass - Trying to find Element By {by.toString()})
2024-04-17 18:17:33,953 [main] INFO  base.BaseClass - Found Element By {by.toString()}
2024-04-17 18:17:34,495 [main] INFO  base.BaseClass - Trying to find Element By {by.toString()})
2024-04-17 18:17:34,524 [main] INFO  base.BaseClass - Found Element By {by.toString()}
2024-04-17 18:17:35,074 [main] INFO  base.BaseClass - Trying to find Element By {by.toString()})
2024-04-17 18:17:35,106 [main] INFO  base.BaseClass - Found Element By {by.toString()}
2024-04-17 18:17:35,649 [main] INFO  base.BaseClass - Trying to find Element By {by.toString()})
2024-04-17 18:17:35,680 [main] INFO  base.BaseClass - Found Element By {by.toString()}
2024-04-17 18:17:36,214 [main] INFO  base.BaseClass - Trying to find Element By {by.toString()})
2024-04-17 18:17:36,244 [main] INFO  base.BaseClass - Found Element By {by.toString()}
2024-04-17 18:17:36,794 [main] INFO  base.BaseClass - Trying to find Element By {by.toString()})
2024-04-17 18:17:36,825 [main] INFO  base.BaseClass - Found Element By {by.toString()}
2024-04-17 18:17:37,376 [main] INFO  base.BaseClass - Trying to find Element By {by.toString()})
2024-04-17 18:17:37,405 [main] INFO  base.BaseClass - Found Element By {by.toString()}
2024-04-17 18:17:37,954 [main] INFO  base.BaseClass - Trying to find Element By {by.toString()})
2024-04-17 18:17:37,976 [main] INFO  base.BaseClass - Found Element By {by.toString()}
2024-04-17 18:17:38,504 [main] INFO  base.BaseClass - Trying to find Element By {by.toString()})
2024-04-17 18:17:38,532 [main] INFO  base.BaseClass - Found Element By {by.toString()}
2024-04-17 18:17:39,070 [main] INFO  base.BaseClass - Trying to find Element By {by.toString()})
2024-04-17 18:17:39,098 [main] INFO  base.BaseClass - Found Element By {by.toString()}
2024-04-17 18:17:39,648 [main] INFO  base.BaseClass - Trying to find Element By {by.toString()})
2024-04-17 18:17:39,679 [main] INFO  base.BaseClass - Found Element By {by.toString()}
2024-04-17 18:17:40,225 [main] INFO  base.BaseClass - Trying to find Element By {by.toString()})
2024-04-17 18:17:40,247 [main] INFO  base.BaseClass - Found Element By {by.toString()}
2024-04-17 18:17:40,786 [main] INFO  base.BaseClass - Trying to find Element By {by.toString()})
2024-04-17 18:17:40,816 [main] INFO  base.BaseClass - Found Element By {by.toString()}
2024-04-17 18:17:41,364 [main] INFO  base.BaseClass - Trying to find Element By {by.toString()})
2024-04-17 18:17:41,393 [main] INFO  base.BaseClass - Found Element By {by.toString()}
2024-04-17 18:17:41,941 [main] INFO  base.BaseClass - Trying to find Element By {by.toString()})
2024-04-17 18:17:41,971 [main] INFO  base.BaseClass - Found Element By {by.toString()}
2024-04-17 18:17:42,507 [main] INFO  base.BaseClass - Trying to find Element By {by.toString()})
2024-04-17 18:17:42,535 [main] INFO  base.BaseClass - Found Element By {by.toString()}
TimeoutException occurred: Expected condition failed: waiting for helper.WaitUtility$5@5b6a0849 (tried for 30 second(s) with 500 milliseconds interval)
Build info: version: '3.141.59', revision: 'e82be7d358', time: '2018-11-14T08:17:03'
System info: host: 'DPLAP166', ip: '137.237.2.236', os.name: 'Windows 10', os.arch: 'amd64', os.version: '10.0', java.version: '19.0.1'
Driver info: org.openqa.selenium.support.events.EventFiringWebDriver
Capabilities {acceptInsecureCerts: true, browserName: chrome, browserVersion: 123.0.6312.123, chrome: {chromedriverVersion: 123.0.6312.122 (31f8248cdd9..., userDataDir: C:\Users\dP-PL\AppData\Loca...}, fedcm:accounts: true, goog:chromeOptions: {debuggerAddress: localhost:51256}, javascriptEnabled: true, networkConnectionEnabled: false, pageLoadStrategy: normal, platform: WINDOWS, platformName: WINDOWS, proxy: Proxy(), setWindowRect: true, strictFileInteractability: false, timeouts: {implicit: 0, pageLoad: 300000, script: 30000}, unhandledPromptBehavior: dismiss and notify, webauthn:extension:credBlob: true, webauthn:extension:largeBlob: true, webauthn:extension:minPinLength: true, webauthn:extension:prf: true, webauthn:virtualAuthenticators: true}
Session ID: a59c4df4811f82049fe754efe723d3c1
2024-04-17 18:17:42,565 [main] ERROR RotationCopy_test - Element did not become visible within the specified time: Expected condition failed: waiting for helper.WaitUtility$5@5b6a0849 (tried for 30 second(s) with 500 milliseconds interval)
Build info: version: '3.141.59', revision: 'e82be7d358', time: '2018-11-14T08:17:03'
System info: host: 'DPLAP166', ip: '137.237.2.236', os.name: 'Windows 10', os.arch: 'amd64', os.version: '10.0', java.version: '19.0.1'
Driver info: org.openqa.selenium.support.events.EventFiringWebDriver
Capabilities {acceptInsecureCerts: true, browserName: chrome, browserVersion: 123.0.6312.123, chrome: {chromedriverVersion: 123.0.6312.122 (31f8248cdd9..., userDataDir: C:\Users\dP-PL\AppData\Loca...}, fedcm:accounts: true, goog:chromeOptions: {debuggerAddress: localhost:51256}, javascriptEnabled: true, networkConnectionEnabled: false, pageLoadStrategy: normal, platform: WINDOWS, platformName: WINDOWS, proxy: Proxy(), setWindowRect: true, strictFileInteractability: false, timeouts: {implicit: 0, pageLoad: 300000, script: 30000}, unhandledPromptBehavior: dismiss and notify, webauthn:extension:credBlob: true, webauthn:extension:largeBlob: true, webauthn:extension:minPinLength: true, webauthn:extension:prf: true, webauthn:virtualAuthenticators: true}
Session ID: a59c4df4811f82049fe754efe723d3c1
2024-04-17 18:17:42,565 [main] INFO  base.BaseClass - Trying to find Element By {by.toString()})
2024-04-17 18:17:42,579 [main] INFO  base.BaseClass - Found Element By {by.toString()}
2024-04-17 18:17:42,580 [main] INFO  base.BaseClass - Trying to click on: {element.toString()}
2024-04-17 18:17:42,723 [main] INFO  base.BaseClass - Clicked on: {element.toString()}
2024-04-17 18:17:42,723 [main] INFO  base.BaseClass - Trying to find Element By {by.toString()})
2024-04-17 18:17:43,519 [main] INFO  base.BaseClass - Found Element By {by.toString()}
2024-04-17 18:17:44,045 [main] INFO  base.BaseClass - Trying to find Element By {by.toString()})
2024-04-17 18:17:44,078 [main] INFO  base.BaseClass - Found Element By {by.toString()}
2024-04-17 18:17:44,607 [main] INFO  base.BaseClass - Trying to find Element By {by.toString()})
2024-04-17 18:17:44,635 [main] INFO  base.BaseClass - Found Element By {by.toString()}
2024-04-17 18:17:45,182 [main] INFO  base.BaseClass - Trying to find Element By {by.toString()})
2024-04-17 18:17:45,213 [main] INFO  base.BaseClass - Found Element By {by.toString()}
2024-04-17 18:17:45,758 [main] INFO  base.BaseClass - Trying to find Element By {by.toString()})
2024-04-17 18:17:45,773 [main] INFO  base.BaseClass - Found Element By {by.toString()}
2024-04-17 18:17:46,306 [main] INFO  base.BaseClass - Trying to find Element By {by.toString()})
2024-04-17 18:17:46,336 [main] INFO  base.BaseClass - Found Element By {by.toString()}
2024-04-17 18:17:46,870 [main] INFO  base.BaseClass - Trying to find Element By {by.toString()})
2024-04-17 18:17:46,901 [main] INFO  base.BaseClass - Found Element By {by.toString()}
2024-04-17 18:17:47,449 [main] INFO  base.BaseClass - Trying to find Element By {by.toString()})
2024-04-17 18:17:47,479 [main] INFO  base.BaseClass - Found Element By {by.toString()}
2024-04-17 18:17:48,029 [main] INFO  base.BaseClass - Trying to find Element By {by.toString()})
2024-04-17 18:17:48,046 [main] INFO  base.BaseClass - Found Element By {by.toString()}
2024-04-17 18:17:48,579 [main] INFO  base.BaseClass - Trying to find Element By {by.toString()})
2024-04-17 18:17:48,610 [main] INFO  base.BaseClass - Found Element By {by.toString()}
2024-04-17 18:17:49,159 [main] INFO  base.BaseClass - Trying to find Element By {by.toString()})
2024-04-17 18:17:49,190 [main] INFO  base.BaseClass - Found Element By {by.toString()}
2024-04-17 18:17:49,739 [main] INFO  base.BaseClass - Trying to find Element By {by.toString()})
2024-04-17 18:17:49,764 [main] INFO  base.BaseClass - Found Element By {by.toString()}
2024-04-17 18:17:50,287 [main] INFO  base.BaseClass - Trying to find Element By {by.toString()})
2024-04-17 18:17:50,320 [main] INFO  base.BaseClass - Found Element By {by.toString()}
2024-04-17 18:17:50,864 [main] INFO  base.BaseClass - Trying to find Element By {by.toString()})
2024-04-17 18:17:50,895 [main] INFO  base.BaseClass - Found Element By {by.toString()}
2024-04-17 18:17:51,445 [main] INFO  base.BaseClass - Trying to find Element By {by.toString()})
2024-04-17 18:17:51,477 [main] INFO  base.BaseClass - Found Element By {by.toString()}
2024-04-17 18:17:52,022 [main] INFO  base.BaseClass - Trying to find Element By {by.toString()})
2024-04-17 18:17:52,050 [main] INFO  base.BaseClass - Found Element By {by.toString()}
2024-04-17 18:17:52,618 [main] INFO  base.BaseClass - Trying to find Element By {by.toString()})
2024-04-17 18:17:52,639 [main] INFO  base.BaseClass - Found Element By {by.toString()}
2024-04-17 18:17:53,178 [main] INFO  base.BaseClass - Trying to find Element By {by.toString()})
2024-04-17 18:17:53,210 [main] INFO  base.BaseClass - Found Element By {by.toString()}
2024-04-17 18:17:53,756 [main] INFO  base.BaseClass - Trying to find Element By {by.toString()})
2024-04-17 18:17:53,778 [main] INFO  base.BaseClass - Found Element By {by.toString()}
2024-04-17 18:17:54,317 [main] INFO  base.BaseClass - Trying to find Element By {by.toString()})
2024-04-17 18:17:54,348 [main] INFO  base.BaseClass - Found Element By {by.toString()}
2024-04-17 18:17:54,897 [main] INFO  base.BaseClass - Trying to find Element By {by.toString()})
2024-04-17 18:17:54,927 [main] INFO  base.BaseClass - Found Element By {by.toString()}
2024-04-17 18:17:55,473 [main] INFO  base.BaseClass - Trying to find Element By {by.toString()})
2024-04-17 18:17:55,503 [main] INFO  base.BaseClass - Found Element By {by.toString()}
2024-04-17 18:17:56,052 [main] INFO  base.BaseClass - Trying to find Element By {by.toString()})
2024-04-17 18:17:56,081 [main] INFO  base.BaseClass - Found Element By {by.toString()}
2024-04-17 18:17:56,616 [main] INFO  base.BaseClass - Trying to find Element By {by.toString()})
2024-04-17 18:17:56,646 [main] INFO  base.BaseClass - Found Element By {by.toString()}
2024-04-17 18:17:57,192 [main] INFO  base.BaseClass - Trying to find Element By {by.toString()})
2024-04-17 18:17:57,212 [main] INFO  base.BaseClass - Found Element By {by.toString()}
2024-04-17 18:17:57,754 [main] INFO  base.BaseClass - Trying to find Element By {by.toString()})
2024-04-17 18:17:57,772 [main] INFO  base.BaseClass - Found Element By {by.toString()}
2024-04-17 18:17:58,299 [main] INFO  base.BaseClass - Trying to find Element By {by.toString()})
2024-04-17 18:17:58,330 [main] INFO  base.BaseClass - Found Element By {by.toString()}
2024-04-17 18:17:58,876 [main] INFO  base.BaseClass - Trying to find Element By {by.toString()})
2024-04-17 18:17:58,907 [main] INFO  base.BaseClass - Found Element By {by.toString()}
2024-04-17 18:17:59,455 [main] INFO  base.BaseClass - Trying to find Element By {by.toString()})
2024-04-17 18:17:59,486 [main] INFO  base.BaseClass - Found Element By {by.toString()}
2024-04-17 18:18:00,020 [main] INFO  base.BaseClass - Trying to find Element By {by.toString()})
2024-04-17 18:18:00,049 [main] INFO  base.BaseClass - Found Element By {by.toString()}
2024-04-17 18:18:00,582 [main] INFO  base.BaseClass - Trying to find Element By {by.toString()})
2024-04-17 18:18:00,613 [main] INFO  base.BaseClass - Found Element By {by.toString()}
2024-04-17 18:18:01,159 [main] INFO  base.BaseClass - Trying to find Element By {by.toString()})
2024-04-17 18:18:01,174 [main] INFO  base.BaseClass - Found Element By {by.toString()}
2024-04-17 18:18:01,706 [main] INFO  base.BaseClass - Trying to find Element By {by.toString()})
2024-04-17 18:18:01,736 [main] INFO  base.BaseClass - Found Element By {by.toString()}
2024-04-17 18:18:02,286 [main] INFO  base.BaseClass - Trying to find Element By {by.toString()})
2024-04-17 18:18:02,317 [main] INFO  base.BaseClass - Found Element By {by.toString()}
2024-04-17 18:18:02,865 [main] INFO  base.BaseClass - Trying to find Element By {by.toString()})
2024-04-17 18:18:02,895 [main] INFO  base.BaseClass - Found Element By {by.toString()}
2024-04-17 18:18:03,444 [main] INFO  base.BaseClass - Trying to find Element By {by.toString()})
2024-04-17 18:18:03,475 [main] INFO  base.BaseClass - Found Element By {by.toString()}
2024-04-17 18:18:04,022 [main] INFO  base.BaseClass - Trying to find Element By {by.toString()})
2024-04-17 18:18:04,053 [main] INFO  base.BaseClass - Found Element By {by.toString()}
2024-04-17 18:18:04,597 [main] INFO  base.BaseClass - Trying to find Element By {by.toString()})
2024-04-17 18:18:04,627 [main] INFO  base.BaseClass - Found Element By {by.toString()}
2024-04-17 18:18:05,177 [main] INFO  base.BaseClass - Trying to find Element By {by.toString()})
2024-04-17 18:18:05,208 [main] INFO  base.BaseClass - Found Element By {by.toString()}
2024-04-17 18:18:05,752 [main] INFO  base.BaseClass - Trying to find Element By {by.toString()})
2024-04-17 18:18:05,782 [main] INFO  base.BaseClass - Found Element By {by.toString()}
2024-04-17 18:18:06,332 [main] INFO  base.BaseClass - Trying to find Element By {by.toString()})
2024-04-17 18:18:06,362 [main] INFO  base.BaseClass - Found Element By {by.toString()}
2024-04-17 18:18:06,908 [main] INFO  base.BaseClass - Trying to find Element By {by.toString()})
2024-04-17 18:18:06,939 [main] INFO  base.BaseClass - Found Element By {by.toString()}
2024-04-17 18:18:07,471 [main] INFO  base.BaseClass - Trying to find Element By {by.toString()})
2024-04-17 18:18:07,531 [main] INFO  base.BaseClass - Found Element By {by.toString()}
2024-04-17 18:18:08,053 [main] INFO  base.BaseClass - Trying to find Element By {by.toString()})
2024-04-17 18:18:08,082 [main] INFO  base.BaseClass - Found Element By {by.toString()}
2024-04-17 18:18:08,630 [main] INFO  base.BaseClass - Trying to find Element By {by.toString()})
2024-04-17 18:18:08,642 [main] INFO  base.BaseClass - Found Element By {by.toString()}
2024-04-17 18:18:09,164 [main] INFO  base.BaseClass - Trying to find Element By {by.toString()})
2024-04-17 18:18:09,195 [main] INFO  base.BaseClass - Found Element By {by.toString()}
2024-04-17 18:18:09,727 [main] INFO  base.BaseClass - Trying to find Element By {by.toString()})
2024-04-17 18:18:09,750 [main] INFO  base.BaseClass - Found Element By {by.toString()}
2024-04-17 18:18:10,292 [main] INFO  base.BaseClass - Trying to find Element By {by.toString()})
2024-04-17 18:18:10,323 [main] INFO  base.BaseClass - Found Element By {by.toString()}
2024-04-17 18:18:10,873 [main] INFO  base.BaseClass - Trying to find Element By {by.toString()})
2024-04-17 18:18:10,903 [main] INFO  base.BaseClass - Found Element By {by.toString()}
2024-04-17 18:18:11,437 [main] INFO  base.BaseClass - Trying to find Element By {by.toString()})
2024-04-17 18:18:11,467 [main] INFO  base.BaseClass - Found Element By {by.toString()}
2024-04-17 18:18:12,021 [main] INFO  base.BaseClass - Trying to find Element By {by.toString()})
2024-04-17 18:18:12,054 [main] INFO  base.BaseClass - Found Element By {by.toString()}
2024-04-17 18:18:12,602 [main] INFO  base.BaseClass - Trying to find Element By {by.toString()})
2024-04-17 18:18:12,632 [main] INFO  base.BaseClass - Found Element By {by.toString()}
2024-04-17 18:18:13,178 [main] INFO  base.BaseClass - Trying to find Element By {by.toString()})
2024-04-17 18:18:13,208 [main] INFO  base.BaseClass - Found Element By {by.toString()}
TimeoutException occurred: Expected condition failed: waiting for helper.WaitUtility$5@1da71bfa (tried for 30 second(s) with 500 milliseconds interval)
Build info: version: '3.141.59', revision: 'e82be7d358', time: '2018-11-14T08:17:03'
System info: host: 'DPLAP166', ip: '137.237.2.236', os.name: 'Windows 10', os.arch: 'amd64', os.version: '10.0', java.version: '19.0.1'
Driver info: org.openqa.selenium.support.events.EventFiringWebDriver
Capabilities {acceptInsecureCerts: true, browserName: chrome, browserVersion: 123.0.6312.123, chrome: {chromedriverVersion: 123.0.6312.122 (31f8248cdd9..., userDataDir: C:\Users\dP-PL\AppData\Loca...}, fedcm:accounts: true, goog:chromeOptions: {debuggerAddress: localhost:51256}, javascriptEnabled: true, networkConnectionEnabled: false, pageLoadStrategy: normal, platform: WINDOWS, platformName: WINDOWS, proxy: Proxy(), setWindowRect: true, strictFileInteractability: false, timeouts: {implicit: 0, pageLoad: 300000, script: 30000}, unhandledPromptBehavior: dismiss and notify, webauthn:extension:credBlob: true, webauthn:extension:largeBlob: true, webauthn:extension:minPinLength: true, webauthn:extension:prf: true, webauthn:virtualAuthenticators: true}
Session ID: a59c4df4811f82049fe754efe723d3c1
2024-04-17 18:18:13,241 [main] ERROR RotationCopy_test - Element did not become visible within the specified time: Expected condition failed: waiting for helper.WaitUtility$5@1da71bfa (tried for 30 second(s) with 500 milliseconds interval)
Build info: version: '3.141.59', revision: 'e82be7d358', time: '2018-11-14T08:17:03'
System info: host: 'DPLAP166', ip: '137.237.2.236', os.name: 'Windows 10', os.arch: 'amd64', os.version: '10.0', java.version: '19.0.1'
Driver info: org.openqa.selenium.support.events.EventFiringWebDriver
Capabilities {acceptInsecureCerts: true, browserName: chrome, browserVersion: 123.0.6312.123, chrome: {chromedriverVersion: 123.0.6312.122 (31f8248cdd9..., userDataDir: C:\Users\dP-PL\AppData\Loca...}, fedcm:accounts: true, goog:chromeOptions: {debuggerAddress: localhost:51256}, javascriptEnabled: true, networkConnectionEnabled: false, pageLoadStrategy: normal, platform: WINDOWS, platformName: WINDOWS, proxy: Proxy(), setWindowRect: true, strictFileInteractability: false, timeouts: {implicit: 0, pageLoad: 300000, script: 30000}, unhandledPromptBehavior: dismiss and notify, webauthn:extension:credBlob: true, webauthn:extension:largeBlob: true, webauthn:extension:minPinLength: true, webauthn:extension:prf: true, webauthn:virtualAuthenticators: true}
Session ID: a59c4df4811f82049fe754efe723d3c1
2024-04-17 18:18:13,241 [main] INFO  base.BaseClass - Trying to find Element By {by.toString()})
2024-04-17 18:18:13,255 [main] INFO  base.BaseClass - Found Element By {by.toString()}
2024-04-17 18:18:13,255 [main] INFO  base.BaseClass - Trying to click on: {element.toString()}
2024-04-17 18:18:13,327 [main] INFO  base.BaseClass - Clicked on: {element.toString()}
2024-04-17 18:18:13,327 [main] INFO  base.BaseClass - Trying to find Element By {by.toString()})
2024-04-17 18:18:13,342 [main] INFO  base.BaseClass - Found Element By {by.toString()}
2024-04-17 18:18:13,864 [main] INFO  base.BaseClass - Trying to find Element By {by.toString()})
2024-04-17 18:18:13,898 [main] INFO  base.BaseClass - Found Element By {by.toString()}
2024-04-17 18:18:14,455 [main] INFO  base.BaseClass - Trying to find Element By {by.toString()})
2024-04-17 18:18:14,478 [main] INFO  base.BaseClass - Found Element By {by.toString()}
2024-04-17 18:18:15,002 [main] INFO  base.BaseClass - Trying to find Element By {by.toString()})
2024-04-17 18:18:15,033 [main] INFO  base.BaseClass - Found Element By {by.toString()}
2024-04-17 18:18:15,580 [main] INFO  base.BaseClass - Trying to find Element By {by.toString()})
2024-04-17 18:18:15,611 [main] INFO  base.BaseClass - Found Element By {by.toString()}
2024-04-17 18:18:16,155 [main] INFO  base.BaseClass - Trying to find Element By {by.toString()})
2024-04-17 18:18:16,187 [main] INFO  base.BaseClass - Found Element By {by.toString()}
2024-04-17 18:18:16,732 [main] INFO  base.BaseClass - Trying to find Element By {by.toString()})
2024-04-17 18:18:16,762 [main] INFO  base.BaseClass - Found Element By {by.toString()}
2024-04-17 18:18:17,310 [main] INFO  base.BaseClass - Trying to find Element By {by.toString()})
2024-04-17 18:18:17,340 [main] INFO  base.BaseClass - Found Element By {by.toString()}
2024-04-17 18:18:17,888 [main] INFO  base.BaseClass - Trying to find Element By {by.toString()})
2024-04-17 18:18:17,917 [main] INFO  base.BaseClass - Found Element By {by.toString()}
2024-04-17 18:18:18,465 [main] INFO  base.BaseClass - Trying to find Element By {by.toString()})
2024-04-17 18:18:18,495 [main] INFO  base.BaseClass - Found Element By {by.toString()}
2024-04-17 18:18:19,044 [main] INFO  base.BaseClass - Trying to find Element By {by.toString()})
2024-04-17 18:18:19,076 [main] INFO  base.BaseClass - Found Element By {by.toString()}
2024-04-17 18:18:19,620 [main] INFO  base.BaseClass - Trying to find Element By {by.toString()})
2024-04-17 18:18:19,643 [main] INFO  base.BaseClass - Found Element By {by.toString()}
2024-04-17 18:18:20,181 [main] INFO  base.BaseClass - Trying to find Element By {by.toString()})
2024-04-17 18:18:20,214 [main] INFO  base.BaseClass - Found Element By {by.toString()}
2024-04-17 18:18:20,741 [main] INFO  base.BaseClass - Trying to find Element By {by.toString()})
2024-04-17 18:18:20,761 [main] INFO  base.BaseClass - Found Element By {by.toString()}
2024-04-17 18:18:21,289 [main] INFO  base.BaseClass - Trying to find Element By {by.toString()})
2024-04-17 18:18:21,327 [main] INFO  base.BaseClass - Found Element By {by.toString()}
2024-04-17 18:18:21,856 [main] INFO  base.BaseClass - Trying to find Element By {by.toString()})
2024-04-17 18:18:21,873 [main] INFO  base.BaseClass - Found Element By {by.toString()}
2024-04-17 18:18:22,403 [main] INFO  base.BaseClass - Trying to find Element By {by.toString()})
2024-04-17 18:18:22,421 [main] INFO  base.BaseClass - Found Element By {by.toString()}
2024-04-17 18:18:22,939 [main] INFO  base.BaseClass - Trying to find Element By {by.toString()})
2024-04-17 18:18:22,956 [main] INFO  base.BaseClass - Found Element By {by.toString()}
2024-04-17 18:18:23,489 [main] INFO  base.BaseClass - Trying to find Element By {by.toString()})
2024-04-17 18:18:23,512 [main] INFO  base.BaseClass - Found Element By {by.toString()}
2024-04-17 18:18:24,041 [main] INFO  base.BaseClass - Trying to find Element By {by.toString()})
2024-04-17 18:18:24,059 [main] INFO  base.BaseClass - Found Element By {by.toString()}
2024-04-17 18:18:24,585 [main] INFO  base.BaseClass - Trying to find Element By {by.toString()})
2024-04-17 18:18:24,614 [main] INFO  base.BaseClass - Found Element By {by.toString()}
2024-04-17 18:18:25,146 [main] INFO  base.BaseClass - Trying to find Element By {by.toString()})
2024-04-17 18:18:25,176 [main] INFO  base.BaseClass - Found Element By {by.toString()}
2024-04-17 18:18:25,711 [main] INFO  base.BaseClass - Trying to find Element By {by.toString()})
2024-04-17 18:18:25,742 [main] INFO  base.BaseClass - Found Element By {by.toString()}
2024-04-17 18:18:26,288 [main] INFO  base.BaseClass - Trying to find Element By {by.toString()})
2024-04-17 18:18:26,320 [main] INFO  base.BaseClass - Found Element By {by.toString()}
2024-04-17 18:18:26,864 [main] INFO  base.BaseClass - Trying to find Element By {by.toString()})
2024-04-17 18:18:26,894 [main] INFO  base.BaseClass - Found Element By {by.toString()}
2024-04-17 18:18:27,441 [main] INFO  base.BaseClass - Trying to find Element By {by.toString()})
2024-04-17 18:18:27,472 [main] INFO  base.BaseClass - Found Element By {by.toString()}
2024-04-17 18:18:28,020 [main] INFO  base.BaseClass - Trying to find Element By {by.toString()})
2024-04-17 18:18:28,052 [main] INFO  base.BaseClass - Found Element By {by.toString()}
2024-04-17 18:18:28,601 [main] INFO  base.BaseClass - Trying to find Element By {by.toString()})
2024-04-17 18:18:28,634 [main] INFO  base.BaseClass - Found Element By {by.toString()}
2024-04-17 18:18:29,181 [main] INFO  base.BaseClass - Trying to find Element By {by.toString()})
2024-04-17 18:18:29,214 [main] INFO  base.BaseClass - Found Element By {by.toString()}
2024-04-17 18:18:29,770 [main] INFO  base.BaseClass - Trying to find Element By {by.toString()})
2024-04-17 18:18:29,791 [main] INFO  base.BaseClass - Found Element By {by.toString()}
2024-04-17 18:18:30,335 [main] INFO  base.BaseClass - Trying to find Element By {by.toString()})
2024-04-17 18:18:30,367 [main] INFO  base.BaseClass - Found Element By {by.toString()}
2024-04-17 18:18:30,912 [main] INFO  base.BaseClass - Trying to find Element By {by.toString()})
2024-04-17 18:18:30,943 [main] INFO  base.BaseClass - Found Element By {by.toString()}
2024-04-17 18:18:31,491 [main] INFO  base.BaseClass - Trying to find Element By {by.toString()})
2024-04-17 18:18:31,515 [main] INFO  base.BaseClass - Found Element By {by.toString()}
2024-04-17 18:18:32,039 [main] INFO  base.BaseClass - Trying to find Element By {by.toString()})
2024-04-17 18:18:32,069 [main] INFO  base.BaseClass - Found Element By {by.toString()}
2024-04-17 18:18:32,621 [main] INFO  base.BaseClass - Trying to find Element By {by.toString()})
2024-04-17 18:18:32,652 [main] INFO  base.BaseClass - Found Element By {by.toString()}
2024-04-17 18:18:33,199 [main] INFO  base.BaseClass - Trying to find Element By {by.toString()})
2024-04-17 18:18:33,261 [main] INFO  base.BaseClass - Found Element By {by.toString()}
2024-04-17 18:18:33,779 [main] INFO  base.BaseClass - Trying to find Element By {by.toString()})
2024-04-17 18:18:33,810 [main] INFO  base.BaseClass - Found Element By {by.toString()}
2024-04-17 18:18:34,359 [main] INFO  base.BaseClass - Trying to find Element By {by.toString()})
2024-04-17 18:18:34,391 [main] INFO  base.BaseClass - Found Element By {by.toString()}
2024-04-17 18:18:34,922 [main] INFO  base.BaseClass - Trying to find Element By {by.toString()})
2024-04-17 18:18:34,953 [main] INFO  base.BaseClass - Found Element By {by.toString()}
2024-04-17 18:18:35,503 [main] INFO  base.BaseClass - Trying to find Element By {by.toString()})
2024-04-17 18:18:35,533 [main] INFO  base.BaseClass - Found Element By {by.toString()}
2024-04-17 18:18:36,067 [main] INFO  base.BaseClass - Trying to find Element By {by.toString()})
2024-04-17 18:18:36,098 [main] INFO  base.BaseClass - Found Element By {by.toString()}
2024-04-17 18:18:36,644 [main] INFO  base.BaseClass - Trying to find Element By {by.toString()})
2024-04-17 18:18:36,676 [main] INFO  base.BaseClass - Found Element By {by.toString()}
2024-04-17 18:18:37,222 [main] INFO  base.BaseClass - Trying to find Element By {by.toString()})
2024-04-17 18:18:37,250 [main] INFO  base.BaseClass - Found Element By {by.toString()}
2024-04-17 18:18:37,783 [main] INFO  base.BaseClass - Trying to find Element By {by.toString()})
2024-04-17 18:18:37,813 [main] INFO  base.BaseClass - Found Element By {by.toString()}
2024-04-17 18:18:38,346 [main] INFO  base.BaseClass - Trying to find Element By {by.toString()})
2024-04-17 18:18:38,376 [main] INFO  base.BaseClass - Found Element By {by.toString()}
2024-04-17 18:18:38,924 [main] INFO  base.BaseClass - Trying to find Element By {by.toString()})
2024-04-17 18:18:38,954 [main] INFO  base.BaseClass - Found Element By {by.toString()}
2024-04-17 18:18:39,500 [main] INFO  base.BaseClass - Trying to find Element By {by.toString()})
2024-04-17 18:18:39,534 [main] INFO  base.BaseClass - Found Element By {by.toString()}
2024-04-17 18:18:40,079 [main] INFO  base.BaseClass - Trying to find Element By {by.toString()})
2024-04-17 18:18:40,108 [main] INFO  base.BaseClass - Found Element By {by.toString()}
2024-04-17 18:18:40,627 [main] INFO  base.BaseClass - Trying to find Element By {by.toString()})
2024-04-17 18:18:40,658 [main] INFO  base.BaseClass - Found Element By {by.toString()}
2024-04-17 18:18:41,188 [main] INFO  base.BaseClass - Trying to find Element By {by.toString()})
2024-04-17 18:18:41,219 [main] INFO  base.BaseClass - Found Element By {by.toString()}
2024-04-17 18:18:41,753 [main] INFO  base.BaseClass - Trying to find Element By {by.toString()})
2024-04-17 18:18:41,783 [main] INFO  base.BaseClass - Found Element By {by.toString()}
2024-04-17 18:18:42,332 [main] INFO  base.BaseClass - Trying to find Element By {by.toString()})
2024-04-17 18:18:42,364 [main] INFO  base.BaseClass - Found Element By {by.toString()}
2024-04-17 18:18:42,909 [main] INFO  base.BaseClass - Trying to find Element By {by.toString()})
2024-04-17 18:18:42,919 [main] INFO  base.BaseClass - Found Element By {by.toString()}
2024-04-17 18:18:43,438 [main] INFO  base.BaseClass - Trying to find Element By {by.toString()})
2024-04-17 18:18:43,467 [main] INFO  base.BaseClass - Found Element By {by.toString()}
TimeoutException occurred: Expected condition failed: waiting for helper.WaitUtility$5@11c39585 (tried for 30 second(s) with 500 milliseconds interval)
Build info: version: '3.141.59', revision: 'e82be7d358', time: '2018-11-14T08:17:03'
System info: host: 'DPLAP166', ip: '137.237.2.236', os.name: 'Windows 10', os.arch: 'amd64', os.version: '10.0', java.version: '19.0.1'
Driver info: org.openqa.selenium.support.events.EventFiringWebDriver
Capabilities {acceptInsecureCerts: true, browserName: chrome, browserVersion: 123.0.6312.123, chrome: {chromedriverVersion: 123.0.6312.122 (31f8248cdd9..., userDataDir: C:\Users\dP-PL\AppData\Loca...}, fedcm:accounts: true, goog:chromeOptions: {debuggerAddress: localhost:51256}, javascriptEnabled: true, networkConnectionEnabled: false, pageLoadStrategy: normal, platform: WINDOWS, platformName: WINDOWS, proxy: Proxy(), setWindowRect: true, strictFileInteractability: false, timeouts: {implicit: 0, pageLoad: 300000, script: 30000}, unhandledPromptBehavior: dismiss and notify, webauthn:extension:credBlob: true, webauthn:extension:largeBlob: true, webauthn:extension:minPinLength: true, webauthn:extension:prf: true, webauthn:virtualAuthenticators: true}
Session ID: a59c4df4811f82049fe754efe723d3c1
2024-04-17 18:18:43,491 [main] ERROR RotationCopy_test - Element did not become visible within the specified time: Expected condition failed: waiting for helper.WaitUtility$5@11c39585 (tried for 30 second(s) with 500 milliseconds interval)
Build info: version: '3.141.59', revision: 'e82be7d358', time: '2018-11-14T08:17:03'
System info: host: 'DPLAP166', ip: '137.237.2.236', os.name: 'Windows 10', os.arch: 'amd64', os.version: '10.0', java.version: '19.0.1'
Driver info: org.openqa.selenium.support.events.EventFiringWebDriver
Capabilities {acceptInsecureCerts: true, browserName: chrome, browserVersion: 123.0.6312.123, chrome: {chromedriverVersion: 123.0.6312.122 (31f8248cdd9..., userDataDir: C:\Users\dP-PL\AppData\Loca...}, fedcm:accounts: true, goog:chromeOptions: {debuggerAddress: localhost:51256}, javascriptEnabled: true, networkConnectionEnabled: false, pageLoadStrategy: normal, platform: WINDOWS, platformName: WINDOWS, proxy: Proxy(), setWindowRect: true, strictFileInteractability: false, timeouts: {implicit: 0, pageLoad: 300000, script: 30000}, unhandledPromptBehavior: dismiss and notify, webauthn:extension:credBlob: true, webauthn:extension:largeBlob: true, webauthn:extension:minPinLength: true, webauthn:extension:prf: true, webauthn:virtualAuthenticators: true}
Session ID: a59c4df4811f82049fe754efe723d3c1
2024-04-17 18:18:43,491 [main] INFO  base.BaseClass - Trying to find Element By {by.toString()})
2024-04-17 18:18:43,504 [main] INFO  base.BaseClass - Found Element By {by.toString()}
2024-04-17 18:18:43,504 [main] INFO  base.BaseClass - Trying to click on: {element.toString()}
2024-04-17 18:18:43,609 [main] INFO  base.BaseClass - Clicked on: {element.toString()}
2024-04-17 18:18:43,615 [main] INFO  base.BaseClass - Trying to find Element By {by.toString()})
2024-04-17 18:18:43,667 [main] INFO  base.BaseClass - Found Element By {by.toString()}
2024-04-17 18:18:44,183 [main] INFO  base.BaseClass - Trying to find Element By {by.toString()})
2024-04-17 18:18:44,199 [main] INFO  base.BaseClass - Found Element By {by.toString()}
2024-04-17 18:18:44,727 [main] INFO  base.BaseClass - Trying to find Element By {by.toString()})
2024-04-17 18:18:44,745 [main] INFO  base.BaseClass - Found Element By {by.toString()}
2024-04-17 18:18:45,278 [main] INFO  base.BaseClass - Trying to find Element By {by.toString()})
2024-04-17 18:18:45,289 [main] INFO  base.BaseClass - Found Element By {by.toString()}
2024-04-17 18:18:45,810 [main] INFO  base.BaseClass - Trying to find Element By {by.toString()})
2024-04-17 18:18:45,820 [main] INFO  base.BaseClass - Found Element By {by.toString()}
2024-04-17 18:18:46,338 [main] INFO  base.BaseClass - Trying to find Element By {by.toString()})
2024-04-17 18:18:46,348 [main] INFO  base.BaseClass - Found Element By {by.toString()}
2024-04-17 18:18:46,868 [main] INFO  base.BaseClass - Trying to find Element By {by.toString()})
2024-04-17 18:18:46,890 [main] INFO  base.BaseClass - Found Element By {by.toString()}
2024-04-17 18:18:47,430 [main] INFO  base.BaseClass - Trying to find Element By {by.toString()})
2024-04-17 18:18:47,452 [main] INFO  base.BaseClass - Found Element By {by.toString()}
2024-04-17 18:18:47,976 [main] INFO  base.BaseClass - Trying to find Element By {by.toString()})
2024-04-17 18:18:47,993 [main] INFO  base.BaseClass - Found Element By {by.toString()}
2024-04-17 18:18:48,522 [main] INFO  base.BaseClass - Trying to find Element By {by.toString()})
2024-04-17 18:18:48,540 [main] INFO  base.BaseClass - Found Element By {by.toString()}
2024-04-17 18:18:49,068 [main] INFO  base.BaseClass - Trying to find Element By {by.toString()})
2024-04-17 18:18:49,083 [main] INFO  base.BaseClass - Found Element By {by.toString()}
2024-04-17 18:18:49,611 [main] INFO  base.BaseClass - Trying to find Element By {by.toString()})
2024-04-17 18:18:49,645 [main] INFO  base.BaseClass - Found Element By {by.toString()}
2024-04-17 18:18:50,192 [main] INFO  base.BaseClass - Trying to find Element By {by.toString()})
2024-04-17 18:18:50,227 [main] INFO  base.BaseClass - Found Element By {by.toString()}
2024-04-17 18:18:50,771 [main] INFO  base.BaseClass - Trying to find Element By {by.toString()})
2024-04-17 18:18:50,790 [main] INFO  base.BaseClass - Found Element By {by.toString()}
2024-04-17 18:18:51,329 [main] INFO  base.BaseClass - Trying to find Element By {by.toString()})
2024-04-17 18:18:51,391 [main] INFO  base.BaseClass - Found Element By {by.toString()}
2024-04-17 18:18:51,922 [main] INFO  base.BaseClass - Trying to find Element By {by.toString()})
2024-04-17 18:18:51,937 [main] INFO  base.BaseClass - Found Element By {by.toString()}
2024-04-17 18:18:52,453 [main] INFO  base.BaseClass - Trying to find Element By {by.toString()})
2024-04-17 18:18:52,471 [main] INFO  base.BaseClass - Found Element By {by.toString()}
2024-04-17 18:18:52,998 [main] INFO  base.BaseClass - Trying to find Element By {by.toString()})
2024-04-17 18:18:53,032 [main] INFO  base.BaseClass - Found Element By {by.toString()}
2024-04-17 18:18:53,594 [main] INFO  base.BaseClass - Trying to find Element By {by.toString()})
2024-04-17 18:18:53,627 [main] INFO  base.BaseClass - Found Element By {by.toString()}
2024-04-17 18:18:54,170 [main] INFO  base.BaseClass - Trying to find Element By {by.toString()})
2024-04-17 18:18:54,203 [main] INFO  base.BaseClass - Found Element By {by.toString()}
2024-04-17 18:18:54,749 [main] INFO  base.BaseClass - Trying to find Element By {by.toString()})
2024-04-17 18:18:54,780 [main] INFO  base.BaseClass - Found Element By {by.toString()}
2024-04-17 18:18:55,313 [main] INFO  base.BaseClass - Trying to find Element By {by.toString()})
2024-04-17 18:18:55,343 [main] INFO  base.BaseClass - Found Element By {by.toString()}
2024-04-17 18:18:55,889 [main] INFO  base.BaseClass - Trying to find Element By {by.toString()})
2024-04-17 18:18:55,918 [main] INFO  base.BaseClass - Found Element By {by.toString()}
2024-04-17 18:18:56,451 [main] INFO  base.BaseClass - Trying to find Element By {by.toString()})
2024-04-17 18:18:56,471 [main] INFO  base.BaseClass - Found Element By {by.toString()}
2024-04-17 18:18:56,995 [main] INFO  base.BaseClass - Trying to find Element By {by.toString()})
2024-04-17 18:18:57,024 [main] INFO  base.BaseClass - Found Element By {by.toString()}
2024-04-17 18:18:57,575 [main] INFO  base.BaseClass - Trying to find Element By {by.toString()})
2024-04-17 18:18:57,602 [main] INFO  base.BaseClass - Found Element By {by.toString()}
2024-04-17 18:18:58,135 [main] INFO  base.BaseClass - Trying to find Element By {by.toString()})
2024-04-17 18:18:58,164 [main] INFO  base.BaseClass - Found Element By {by.toString()}
2024-04-17 18:18:58,712 [main] INFO  base.BaseClass - Trying to find Element By {by.toString()})
2024-04-17 18:18:58,731 [main] INFO  base.BaseClass - Found Element By {by.toString()}
2024-04-17 18:18:59,275 [main] INFO  base.BaseClass - Trying to find Element By {by.toString()})
2024-04-17 18:18:59,300 [main] INFO  base.BaseClass - Found Element By {by.toString()}
2024-04-17 18:18:59,855 [main] INFO  base.BaseClass - Trying to find Element By {by.toString()})
2024-04-17 18:18:59,882 [main] INFO  base.BaseClass - Found Element By {by.toString()}
2024-04-17 18:19:00,431 [main] INFO  base.BaseClass - Trying to find Element By {by.toString()})
2024-04-17 18:19:00,461 [main] INFO  base.BaseClass - Found Element By {by.toString()}
2024-04-17 18:19:01,007 [main] INFO  base.BaseClass - Trying to find Element By {by.toString()})
2024-04-17 18:19:01,037 [main] INFO  base.BaseClass - Found Element By {by.toString()}
2024-04-17 18:19:01,582 [main] INFO  base.BaseClass - Trying to find Element By {by.toString()})
2024-04-17 18:19:01,607 [main] INFO  base.BaseClass - Found Element By {by.toString()}
2024-04-17 18:19:02,151 [main] INFO  base.BaseClass - Trying to find Element By {by.toString()})
2024-04-17 18:19:02,163 [main] INFO  base.BaseClass - Found Element By {by.toString()}
2024-04-17 18:19:02,685 [main] INFO  base.BaseClass - Trying to find Element By {by.toString()})
2024-04-17 18:19:02,711 [main] INFO  base.BaseClass - Found Element By {by.toString()}
2024-04-17 18:19:03,247 [main] INFO  base.BaseClass - Trying to find Element By {by.toString()})
2024-04-17 18:19:03,264 [main] INFO  base.BaseClass - Found Element By {by.toString()}
2024-04-17 18:19:03,800 [main] INFO  base.BaseClass - Trying to find Element By {by.toString()})
2024-04-17 18:19:03,817 [main] INFO  base.BaseClass - Found Element By {by.toString()}
2024-04-17 18:19:04,349 [main] INFO  base.BaseClass - Trying to find Element By {by.toString()})
2024-04-17 18:19:04,371 [main] INFO  base.BaseClass - Found Element By {by.toString()}
2024-04-17 18:19:04,898 [main] INFO  base.BaseClass - Trying to find Element By {by.toString()})
2024-04-17 18:19:04,927 [main] INFO  base.BaseClass - Found Element By {by.toString()}
2024-04-17 18:19:05,477 [main] INFO  base.BaseClass - Trying to find Element By {by.toString()})
2024-04-17 18:19:05,508 [main] INFO  base.BaseClass - Found Element By {by.toString()}
2024-04-17 18:19:06,053 [main] INFO  base.BaseClass - Trying to find Element By {by.toString()})
2024-04-17 18:19:06,082 [main] INFO  base.BaseClass - Found Element By {by.toString()}
2024-04-17 18:19:06,630 [main] INFO  base.BaseClass - Trying to find Element By {by.toString()})
2024-04-17 18:19:06,651 [main] INFO  base.BaseClass - Found Element By {by.toString()}
2024-04-17 18:19:07,177 [main] INFO  base.BaseClass - Trying to find Element By {by.toString()})
2024-04-17 18:19:07,210 [main] INFO  base.BaseClass - Found Element By {by.toString()}
2024-04-17 18:19:07,750 [main] INFO  base.BaseClass - Trying to find Element By {by.toString()})
2024-04-17 18:19:07,770 [main] INFO  base.BaseClass - Found Element By {by.toString()}
2024-04-17 18:19:08,296 [main] INFO  base.BaseClass - Trying to find Element By {by.toString()})
2024-04-17 18:19:08,329 [main] INFO  base.BaseClass - Found Element By {by.toString()}
2024-04-17 18:19:08,859 [main] INFO  base.BaseClass - Trying to find Element By {by.toString()})
2024-04-17 18:19:08,885 [main] INFO  base.BaseClass - Found Element By {by.toString()}
2024-04-17 18:19:09,423 [main] INFO  base.BaseClass - Trying to find Element By {by.toString()})
2024-04-17 18:19:09,449 [main] INFO  base.BaseClass - Found Element By {by.toString()}
2024-04-17 18:19:09,985 [main] INFO  base.BaseClass - Trying to find Element By {by.toString()})
2024-04-17 18:19:10,013 [main] INFO  base.BaseClass - Found Element By {by.toString()}
2024-04-17 18:19:10,559 [main] INFO  base.BaseClass - Trying to find Element By {by.toString()})
2024-04-17 18:19:10,587 [main] INFO  base.BaseClass - Found Element By {by.toString()}
2024-04-17 18:19:11,118 [main] INFO  base.BaseClass - Trying to find Element By {by.toString()})
2024-04-17 18:19:11,128 [main] INFO  base.BaseClass - Found Element By {by.toString()}
2024-04-17 18:19:11,643 [main] INFO  base.BaseClass - Trying to find Element By {by.toString()})
2024-04-17 18:19:11,675 [main] INFO  base.BaseClass - Found Element By {by.toString()}
2024-04-17 18:19:12,208 [main] INFO  base.BaseClass - Trying to find Element By {by.toString()})
2024-04-17 18:19:12,229 [main] INFO  base.BaseClass - Found Element By {by.toString()}
2024-04-17 18:19:12,751 [main] INFO  base.BaseClass - Trying to find Element By {by.toString()})
2024-04-17 18:19:12,763 [main] INFO  base.BaseClass - Found Element By {by.toString()}
2024-04-17 18:19:13,280 [main] INFO  base.BaseClass - Trying to find Element By {by.toString()})
2024-04-17 18:19:13,306 [main] INFO  base.BaseClass - Found Element By {by.toString()}
2024-04-17 18:19:13,841 [main] INFO  base.BaseClass - Trying to find Element By {by.toString()})
2024-04-17 18:19:13,863 [main] INFO  base.BaseClass - Found Element By {by.toString()}
TimeoutException occurred: Expected condition failed: waiting for helper.WaitUtility$5@46c02d1e (tried for 30 second(s) with 500 milliseconds interval)
Build info: version: '3.141.59', revision: 'e82be7d358', time: '2018-11-14T08:17:03'
System info: host: 'DPLAP166', ip: '137.237.2.236', os.name: 'Windows 10', os.arch: 'amd64', os.version: '10.0', java.version: '19.0.1'
Driver info: org.openqa.selenium.support.events.EventFiringWebDriver
Capabilities {acceptInsecureCerts: true, browserName: chrome, browserVersion: 123.0.6312.123, chrome: {chromedriverVersion: 123.0.6312.122 (31f8248cdd9..., userDataDir: C:\Users\dP-PL\AppData\Loca...}, fedcm:accounts: true, goog:chromeOptions: {debuggerAddress: localhost:51256}, javascriptEnabled: true, networkConnectionEnabled: false, pageLoadStrategy: normal, platform: WINDOWS, platformName: WINDOWS, proxy: Proxy(), setWindowRect: true, strictFileInteractability: false, timeouts: {implicit: 0, pageLoad: 300000, script: 30000}, unhandledPromptBehavior: dismiss and notify, webauthn:extension:credBlob: true, webauthn:extension:largeBlob: true, webauthn:extension:minPinLength: true, webauthn:extension:prf: true, webauthn:virtualAuthenticators: true}
Session ID: a59c4df4811f82049fe754efe723d3c1
2024-04-17 18:19:13,882 [main] ERROR RotationCopy_test - Element did not become visible within the specified time: Expected condition failed: waiting for helper.WaitUtility$5@46c02d1e (tried for 30 second(s) with 500 milliseconds interval)
Build info: version: '3.141.59', revision: 'e82be7d358', time: '2018-11-14T08:17:03'
System info: host: 'DPLAP166', ip: '137.237.2.236', os.name: 'Windows 10', os.arch: 'amd64', os.version: '10.0', java.version: '19.0.1'
Driver info: org.openqa.selenium.support.events.EventFiringWebDriver
Capabilities {acceptInsecureCerts: true, browserName: chrome, browserVersion: 123.0.6312.123, chrome: {chromedriverVersion: 123.0.6312.122 (31f8248cdd9..., userDataDir: C:\Users\dP-PL\AppData\Loca...}, fedcm:accounts: true, goog:chromeOptions: {debuggerAddress: localhost:51256}, javascriptEnabled: true, networkConnectionEnabled: false, pageLoadStrategy: normal, platform: WINDOWS, platformName: WINDOWS, proxy: Proxy(), setWindowRect: true, strictFileInteractability: false, timeouts: {implicit: 0, pageLoad: 300000, script: 30000}, unhandledPromptBehavior: dismiss and notify, webauthn:extension:credBlob: true, webauthn:extension:largeBlob: true, webauthn:extension:minPinLength: true, webauthn:extension:prf: true, webauthn:virtualAuthenticators: true}
Session ID: a59c4df4811f82049fe754efe723d3c1
2024-04-17 18:19:13,883 [main] INFO  base.BaseClass - Trying to find Element By {by.toString()})
2024-04-17 18:19:13,892 [main] INFO  base.BaseClass - Found Element By {by.toString()}
2024-04-17 18:19:13,892 [main] INFO  base.BaseClass - Trying to click on: {element.toString()}
2024-04-17 18:19:13,956 [main] INFO  base.BaseClass - Clicked on: {element.toString()}
2024-04-17 18:19:13,962 [main] INFO  base.BaseClass - Trying to find Element By {by.toString()})
2024-04-17 18:19:13,975 [main] INFO  base.BaseClass - Found Element By {by.toString()}
2024-04-17 18:19:14,499 [main] INFO  base.BaseClass - Trying to find Element By {by.toString()})
2024-04-17 18:19:14,851 [main] INFO  base.BaseClass - Found Element By {by.toString()}
2024-04-17 18:19:15,375 [main] INFO  base.BaseClass - Trying to find Element By {by.toString()})
2024-04-17 18:19:15,386 [main] INFO  base.BaseClass - Found Element By {by.toString()}
2024-04-17 18:19:15,906 [main] INFO  base.BaseClass - Trying to find Element By {by.toString()})
2024-04-17 18:19:15,938 [main] INFO  base.BaseClass - Found Element By {by.toString()}
2024-04-17 18:19:16,482 [main] INFO  base.BaseClass - Trying to find Element By {by.toString()})
2024-04-17 18:19:16,513 [main] INFO  base.BaseClass - Found Element By {by.toString()}
2024-04-17 18:19:17,059 [main] INFO  base.BaseClass - Trying to find Element By {by.toString()})
2024-04-17 18:19:17,088 [main] INFO  base.BaseClass - Found Element By {by.toString()}
2024-04-17 18:19:17,637 [main] INFO  base.BaseClass - Trying to find Element By {by.toString()})
2024-04-17 18:19:17,658 [main] INFO  base.BaseClass - Found Element By {by.toString()}
2024-04-17 18:19:18,183 [main] INFO  base.BaseClass - Trying to find Element By {by.toString()})
2024-04-17 18:19:18,217 [main] INFO  base.BaseClass - Found Element By {by.toString()}
2024-04-17 18:19:18,760 [main] INFO  base.BaseClass - Trying to find Element By {by.toString()})
2024-04-17 18:19:18,784 [main] INFO  base.BaseClass - Found Element By {by.toString()}
2024-04-17 18:19:19,304 [main] INFO  base.BaseClass - Trying to find Element By {by.toString()})
2024-04-17 18:19:19,326 [main] INFO  base.BaseClass - Found Element By {by.toString()}
2024-04-17 18:19:19,877 [main] INFO  base.BaseClass - Trying to find Element By {by.toString()})
2024-04-17 18:19:19,890 [main] INFO  base.BaseClass - Found Element By {by.toString()}
2024-04-17 18:19:20,422 [main] INFO  base.BaseClass - Trying to find Element By {by.toString()})
2024-04-17 18:19:20,436 [main] INFO  base.BaseClass - Found Element By {by.toString()}
2024-04-17 18:19:20,964 [main] INFO  base.BaseClass - Trying to find Element By {by.toString()})
2024-04-17 18:19:20,980 [main] INFO  base.BaseClass - Found Element By {by.toString()}
2024-04-17 18:19:21,508 [main] INFO  base.BaseClass - Trying to find Element By {by.toString()})
2024-04-17 18:19:21,532 [main] INFO  base.BaseClass - Found Element By {by.toString()}
2024-04-17 18:19:22,069 [main] INFO  base.BaseClass - Trying to find Element By {by.toString()})
2024-04-17 18:19:22,082 [main] INFO  base.BaseClass - Found Element By {by.toString()}
2024-04-17 18:19:22,599 [main] INFO  base.BaseClass - Trying to find Element By {by.toString()})
2024-04-17 18:19:22,617 [main] INFO  base.BaseClass - Found Element By {by.toString()}
2024-04-17 18:19:23,142 [main] INFO  base.BaseClass - Trying to find Element By {by.toString()})
2024-04-17 18:19:23,175 [main] INFO  base.BaseClass - Found Element By {by.toString()}
2024-04-17 18:19:23,719 [main] INFO  base.BaseClass - Trying to find Element By {by.toString()})
2024-04-17 18:19:23,756 [main] INFO  base.BaseClass - Found Element By {by.toString()}
2024-04-17 18:19:24,282 [main] INFO  base.BaseClass - Trying to find Element By {by.toString()})
2024-04-17 18:19:24,317 [main] INFO  base.BaseClass - Found Element By {by.toString()}
2024-04-17 18:19:24,862 [main] INFO  base.BaseClass - Trying to find Element By {by.toString()})
2024-04-17 18:19:24,896 [main] INFO  base.BaseClass - Found Element By {by.toString()}
2024-04-17 18:19:25,443 [main] INFO  base.BaseClass - Trying to find Element By {by.toString()})
2024-04-17 18:19:25,477 [main] INFO  base.BaseClass - Found Element By {by.toString()}
2024-04-17 18:19:26,025 [main] INFO  base.BaseClass - Trying to find Element By {by.toString()})
2024-04-17 18:19:26,057 [main] INFO  base.BaseClass - Found Element By {by.toString()}
2024-04-17 18:19:26,602 [main] INFO  base.BaseClass - Trying to find Element By {by.toString()})
2024-04-17 18:19:26,632 [main] INFO  base.BaseClass - Found Element By {by.toString()}
2024-04-17 18:19:27,168 [main] INFO  base.BaseClass - Trying to find Element By {by.toString()})
2024-04-17 18:19:27,198 [main] INFO  base.BaseClass - Found Element By {by.toString()}
2024-04-17 18:19:27,743 [main] INFO  base.BaseClass - Trying to find Element By {by.toString()})
2024-04-17 18:19:27,774 [main] INFO  base.BaseClass - Found Element By {by.toString()}
2024-04-17 18:19:28,322 [main] INFO  base.BaseClass - Trying to find Element By {by.toString()})
2024-04-17 18:19:28,349 [main] INFO  base.BaseClass - Found Element By {by.toString()}
2024-04-17 18:19:28,900 [main] INFO  base.BaseClass - Trying to find Element By {by.toString()})
2024-04-17 18:19:28,930 [main] INFO  base.BaseClass - Found Element By {by.toString()}
2024-04-17 18:19:29,478 [main] INFO  base.BaseClass - Trying to find Element By {by.toString()})
2024-04-17 18:19:29,508 [main] INFO  base.BaseClass - Found Element By {by.toString()}
2024-04-17 18:19:30,054 [main] INFO  base.BaseClass - Trying to find Element By {by.toString()})
2024-04-17 18:19:30,067 [main] INFO  base.BaseClass - Found Element By {by.toString()}
2024-04-17 18:19:30,583 [main] INFO  base.BaseClass - Trying to find Element By {by.toString()})
2024-04-17 18:19:30,614 [main] INFO  base.BaseClass - Found Element By {by.toString()}
2024-04-17 18:19:31,164 [main] INFO  base.BaseClass - Trying to find Element By {by.toString()})
2024-04-17 18:19:31,194 [main] INFO  base.BaseClass - Found Element By {by.toString()}
2024-04-17 18:19:31,745 [main] INFO  base.BaseClass - Trying to find Element By {by.toString()})
2024-04-17 18:19:31,777 [main] INFO  base.BaseClass - Found Element By {by.toString()}
2024-04-17 18:19:32,328 [main] INFO  base.BaseClass - Trying to find Element By {by.toString()})
2024-04-17 18:19:32,359 [main] INFO  base.BaseClass - Found Element By {by.toString()}
2024-04-17 18:19:32,905 [main] INFO  base.BaseClass - Trying to find Element By {by.toString()})
2024-04-17 18:19:32,935 [main] INFO  base.BaseClass - Found Element By {by.toString()}
2024-04-17 18:19:33,470 [main] INFO  base.BaseClass - Trying to find Element By {by.toString()})
2024-04-17 18:19:33,493 [main] INFO  base.BaseClass - Found Element By {by.toString()}
2024-04-17 18:19:34,019 [main] INFO  base.BaseClass - Trying to find Element By {by.toString()})
2024-04-17 18:19:34,049 [main] INFO  base.BaseClass - Found Element By {by.toString()}
2024-04-17 18:19:34,595 [main] INFO  base.BaseClass - Trying to find Element By {by.toString()})
2024-04-17 18:19:34,626 [main] INFO  base.BaseClass - Found Element By {by.toString()}
2024-04-17 18:19:35,175 [main] INFO  base.BaseClass - Trying to find Element By {by.toString()})
2024-04-17 18:19:35,206 [main] INFO  base.BaseClass - Found Element By {by.toString()}
2024-04-17 18:19:35,739 [main] INFO  base.BaseClass - Trying to find Element By {by.toString()})
2024-04-17 18:19:35,769 [main] INFO  base.BaseClass - Found Element By {by.toString()}
2024-04-17 18:19:36,306 [main] INFO  base.BaseClass - Trying to find Element By {by.toString()})
2024-04-17 18:19:36,336 [main] INFO  base.BaseClass - Found Element By {by.toString()}
2024-04-17 18:19:36,885 [main] INFO  base.BaseClass - Trying to find Element By {by.toString()})
2024-04-17 18:19:36,908 [main] INFO  base.BaseClass - Found Element By {by.toString()}
2024-04-17 18:19:37,432 [main] INFO  base.BaseClass - Trying to find Element By {by.toString()})
2024-04-17 18:19:37,462 [main] INFO  base.BaseClass - Found Element By {by.toString()}
2024-04-17 18:19:38,012 [main] INFO  base.BaseClass - Trying to find Element By {by.toString()})
2024-04-17 18:19:38,026 [main] INFO  base.BaseClass - Found Element By {by.toString()}
2024-04-17 18:19:38,545 [main] INFO  base.BaseClass - Trying to find Element By {by.toString()})
2024-04-17 18:19:38,577 [main] INFO  base.BaseClass - Found Element By {by.toString()}
2024-04-17 18:19:39,120 [main] INFO  base.BaseClass - Trying to find Element By {by.toString()})
2024-04-17 18:19:39,150 [main] INFO  base.BaseClass - Found Element By {by.toString()}
2024-04-17 18:19:39,701 [main] INFO  base.BaseClass - Trying to find Element By {by.toString()})
2024-04-17 18:19:39,732 [main] INFO  base.BaseClass - Found Element By {by.toString()}
2024-04-17 18:19:40,279 [main] INFO  base.BaseClass - Trying to find Element By {by.toString()})
2024-04-17 18:19:40,295 [main] INFO  base.BaseClass - Found Element By {by.toString()}
2024-04-17 18:19:40,827 [main] INFO  base.BaseClass - Trying to find Element By {by.toString()})
2024-04-17 18:19:40,856 [main] INFO  base.BaseClass - Found Element By {by.toString()}
2024-04-17 18:19:41,391 [main] INFO  base.BaseClass - Trying to find Element By {by.toString()})
2024-04-17 18:19:41,421 [main] INFO  base.BaseClass - Found Element By {by.toString()}
2024-04-17 18:19:41,969 [main] INFO  base.BaseClass - Trying to find Element By {by.toString()})
2024-04-17 18:19:41,990 [main] INFO  base.BaseClass - Found Element By {by.toString()}
2024-04-17 18:19:42,533 [main] INFO  base.BaseClass - Trying to find Element By {by.toString()})
2024-04-17 18:19:42,562 [main] INFO  base.BaseClass - Found Element By {by.toString()}
2024-04-17 18:19:43,112 [main] INFO  base.BaseClass - Trying to find Element By {by.toString()})
2024-04-17 18:19:43,131 [main] INFO  base.BaseClass - Found Element By {by.toString()}
2024-04-17 18:19:43,658 [main] INFO  base.BaseClass - Trying to find Element By {by.toString()})
2024-04-17 18:19:43,688 [main] INFO  base.BaseClass - Found Element By {by.toString()}
2024-04-17 18:19:44,234 [main] INFO  base.BaseClass - Trying to find Element By {by.toString()})
2024-04-17 18:19:44,263 [main] INFO  base.BaseClass - Found Element By {by.toString()}
TimeoutException occurred: Expected condition failed: waiting for helper.WaitUtility$5@1487087d (tried for 30 second(s) with 500 milliseconds interval)
Build info: version: '3.141.59', revision: 'e82be7d358', time: '2018-11-14T08:17:03'
System info: host: 'DPLAP166', ip: '137.237.2.236', os.name: 'Windows 10', os.arch: 'amd64', os.version: '10.0', java.version: '19.0.1'
Driver info: org.openqa.selenium.support.events.EventFiringWebDriver
Capabilities {acceptInsecureCerts: true, browserName: chrome, browserVersion: 123.0.6312.123, chrome: {chromedriverVersion: 123.0.6312.122 (31f8248cdd9..., userDataDir: C:\Users\dP-PL\AppData\Loca...}, fedcm:accounts: true, goog:chromeOptions: {debuggerAddress: localhost:51256}, javascriptEnabled: true, networkConnectionEnabled: false, pageLoadStrategy: normal, platform: WINDOWS, platformName: WINDOWS, proxy: Proxy(), setWindowRect: true, strictFileInteractability: false, timeouts: {implicit: 0, pageLoad: 300000, script: 30000}, unhandledPromptBehavior: dismiss and notify, webauthn:extension:credBlob: true, webauthn:extension:largeBlob: true, webauthn:extension:minPinLength: true, webauthn:extension:prf: true, webauthn:virtualAuthenticators: true}
Session ID: a59c4df4811f82049fe754efe723d3c1
2024-04-17 18:19:44,298 [main] ERROR RotationCopy_test - Element did not become visible within the specified time: Expected condition failed: waiting for helper.WaitUtility$5@1487087d (tried for 30 second(s) with 500 milliseconds interval)
Build info: version: '3.141.59', revision: 'e82be7d358', time: '2018-11-14T08:17:03'
System info: host: 'DPLAP166', ip: '137.237.2.236', os.name: 'Windows 10', os.arch: 'amd64', os.version: '10.0', java.version: '19.0.1'
Driver info: org.openqa.selenium.support.events.EventFiringWebDriver
Capabilities {acceptInsecureCerts: true, browserName: chrome, browserVersion: 123.0.6312.123, chrome: {chromedriverVersion: 123.0.6312.122 (31f8248cdd9..., userDataDir: C:\Users\dP-PL\AppData\Loca...}, fedcm:accounts: true, goog:chromeOptions: {debuggerAddress: localhost:51256}, javascriptEnabled: true, networkConnectionEnabled: false, pageLoadStrategy: normal, platform: WINDOWS, platformName: WINDOWS, proxy: Proxy(), setWindowRect: true, strictFileInteractability: false, timeouts: {implicit: 0, pageLoad: 300000, script: 30000}, unhandledPromptBehavior: dismiss and notify, webauthn:extension:credBlob: true, webauthn:extension:largeBlob: true, webauthn:extension:minPinLength: true, webauthn:extension:prf: true, webauthn:virtualAuthenticators: true}
Session ID: a59c4df4811f82049fe754efe723d3c1
2024-04-17 18:19:44,298 [main] INFO  base.BaseClass - Trying to find Element By {by.toString()})
2024-04-17 18:19:44,312 [main] INFO  base.BaseClass - Found Element By {by.toString()}
2024-04-17 18:19:44,312 [main] INFO  base.BaseClass - Trying to click on: {element.toString()}
2024-04-17 18:19:44,441 [main] INFO  base.BaseClass - Clicked on: {element.toString()}
2024-04-17 18:19:44,441 [main] INFO  base.BaseClass - Trying to find Element By {by.toString()})
2024-04-17 18:19:45,278 [main] INFO  base.BaseClass - Found Element By {by.toString()}
2024-04-17 18:19:45,793 [main] INFO  base.BaseClass - Trying to find Element By {by.toString()})
2024-04-17 18:19:45,827 [main] INFO  base.BaseClass - Found Element By {by.toString()}
2024-04-17 18:19:46,371 [main] INFO  base.BaseClass - Trying to find Element By {by.toString()})
2024-04-17 18:19:46,404 [main] INFO  base.BaseClass - Found Element By {by.toString()}
2024-04-17 18:19:46,952 [main] INFO  base.BaseClass - Trying to find Element By {by.toString()})
2024-04-17 18:19:46,983 [main] INFO  base.BaseClass - Found Element By {by.toString()}
2024-04-17 18:19:47,516 [main] INFO  base.BaseClass - Trying to find Element By {by.toString()})
2024-04-17 18:19:47,536 [main] INFO  base.BaseClass - Found Element By {by.toString()}
2024-04-17 18:19:48,079 [main] INFO  base.BaseClass - Trying to find Element By {by.toString()})
2024-04-17 18:19:48,109 [main] INFO  base.BaseClass - Found Element By {by.toString()}
2024-04-17 18:19:48,658 [main] INFO  base.BaseClass - Trying to find Element By {by.toString()})
2024-04-17 18:19:48,691 [main] INFO  base.BaseClass - Found Element By {by.toString()}
2024-04-17 18:19:49,237 [main] INFO  base.BaseClass - Trying to find Element By {by.toString()})
2024-04-17 18:19:49,269 [main] INFO  base.BaseClass - Found Element By {by.toString()}
2024-04-17 18:19:49,814 [main] INFO  base.BaseClass - Trying to find Element By {by.toString()})
2024-04-17 18:19:49,845 [main] INFO  base.BaseClass - Found Element By {by.toString()}
2024-04-17 18:19:50,392 [main] INFO  base.BaseClass - Trying to find Element By {by.toString()})
2024-04-17 18:19:50,423 [main] INFO  base.BaseClass - Found Element By {by.toString()}
2024-04-17 18:19:50,973 [main] INFO  base.BaseClass - Trying to find Element By {by.toString()})
2024-04-17 18:19:51,002 [main] INFO  base.BaseClass - Found Element By {by.toString()}
2024-04-17 18:19:51,530 [main] INFO  base.BaseClass - Trying to find Element By {by.toString()})
2024-04-17 18:19:51,561 [main] INFO  base.BaseClass - Found Element By {by.toString()}
2024-04-17 18:19:52,110 [main] INFO  base.BaseClass - Trying to find Element By {by.toString()})
2024-04-17 18:19:52,140 [main] INFO  base.BaseClass - Found Element By {by.toString()}
2024-04-17 18:19:52,684 [main] INFO  base.BaseClass - Trying to find Element By {by.toString()})
2024-04-17 18:19:52,715 [main] INFO  base.BaseClass - Found Element By {by.toString()}
2024-04-17 18:19:53,252 [main] INFO  base.BaseClass - Trying to find Element By {by.toString()})
2024-04-17 18:19:53,283 [main] INFO  base.BaseClass - Found Element By {by.toString()}
2024-04-17 18:19:53,840 [main] INFO  base.BaseClass - Trying to find Element By {by.toString()})
2024-04-17 18:19:53,865 [main] INFO  base.BaseClass - Found Element By {by.toString()}
2024-04-17 18:19:54,419 [main] INFO  base.BaseClass - Trying to find Element By {by.toString()})
2024-04-17 18:19:54,485 [main] INFO  base.BaseClass - Found Element By {by.toString()}
2024-04-17 18:19:55,012 [main] INFO  base.BaseClass - Trying to find Element By {by.toString()})
2024-04-17 18:19:55,043 [main] INFO  base.BaseClass - Found Element By {by.toString()}
2024-04-17 18:19:55,588 [main] INFO  base.BaseClass - Trying to find Element By {by.toString()})
2024-04-17 18:19:55,614 [main] INFO  base.BaseClass - Found Element By {by.toString()}
2024-04-17 18:19:56,166 [main] INFO  base.BaseClass - Trying to find Element By {by.toString()})
2024-04-17 18:19:56,197 [main] INFO  base.BaseClass - Found Element By {by.toString()}
2024-04-17 18:19:56,745 [main] INFO  base.BaseClass - Trying to find Element By {by.toString()})
2024-04-17 18:19:56,775 [main] INFO  base.BaseClass - Found Element By {by.toString()}
2024-04-17 18:19:57,321 [main] INFO  base.BaseClass - Trying to find Element By {by.toString()})
2024-04-17 18:19:57,352 [main] INFO  base.BaseClass - Found Element By {by.toString()}
2024-04-17 18:19:57,900 [main] INFO  base.BaseClass - Trying to find Element By {by.toString()})
2024-04-17 18:19:57,930 [main] INFO  base.BaseClass - Found Element By {by.toString()}
2024-04-17 18:19:58,461 [main] INFO  base.BaseClass - Trying to find Element By {by.toString()})
2024-04-17 18:19:58,491 [main] INFO  base.BaseClass - Found Element By {by.toString()}
2024-04-17 18:19:59,040 [main] INFO  base.BaseClass - Trying to find Element By {by.toString()})
2024-04-17 18:19:59,072 [main] INFO  base.BaseClass - Found Element By {by.toString()}
2024-04-17 18:19:59,616 [main] INFO  base.BaseClass - Trying to find Element By {by.toString()})
2024-04-17 18:19:59,645 [main] INFO  base.BaseClass - Found Element By {by.toString()}
2024-04-17 18:20:00,194 [main] INFO  base.BaseClass - Trying to find Element By {by.toString()})
2024-04-17 18:20:00,225 [main] INFO  base.BaseClass - Found Element By {by.toString()}
2024-04-17 18:20:00,775 [main] INFO  base.BaseClass - Trying to find Element By {by.toString()})
2024-04-17 18:20:00,805 [main] INFO  base.BaseClass - Found Element By {by.toString()}
2024-04-17 18:20:01,355 [main] INFO  base.BaseClass - Trying to find Element By {by.toString()})
2024-04-17 18:20:01,385 [main] INFO  base.BaseClass - Found Element By {by.toString()}
2024-04-17 18:20:01,933 [main] INFO  base.BaseClass - Trying to find Element By {by.toString()})
2024-04-17 18:20:01,961 [main] INFO  base.BaseClass - Found Element By {by.toString()}
2024-04-17 18:20:02,509 [main] INFO  base.BaseClass - Trying to find Element By {by.toString()})
2024-04-17 18:20:02,539 [main] INFO  base.BaseClass - Found Element By {by.toString()}
2024-04-17 18:20:03,094 [main] INFO  base.BaseClass - Trying to find Element By {by.toString()})
2024-04-17 18:20:03,122 [main] INFO  base.BaseClass - Found Element By {by.toString()}
2024-04-17 18:20:03,657 [main] INFO  base.BaseClass - Trying to find Element By {by.toString()})
2024-04-17 18:20:03,688 [main] INFO  base.BaseClass - Found Element By {by.toString()}
2024-04-17 18:20:04,234 [main] INFO  base.BaseClass - Trying to find Element By {by.toString()})
2024-04-17 18:20:04,265 [main] INFO  base.BaseClass - Found Element By {by.toString()}
2024-04-17 18:20:04,811 [main] INFO  base.BaseClass - Trying to find Element By {by.toString()})
2024-04-17 18:20:04,841 [main] INFO  base.BaseClass - Found Element By {by.toString()}
2024-04-17 18:20:05,390 [main] INFO  base.BaseClass - Trying to find Element By {by.toString()})
2024-04-17 18:20:05,420 [main] INFO  base.BaseClass - Found Element By {by.toString()}
2024-04-17 18:20:05,967 [main] INFO  base.BaseClass - Trying to find Element By {by.toString()})
2024-04-17 18:20:05,996 [main] INFO  base.BaseClass - Found Element By {by.toString()}
2024-04-17 18:20:06,544 [main] INFO  base.BaseClass - Trying to find Element By {by.toString()})
2024-04-17 18:20:06,573 [main] INFO  base.BaseClass - Found Element By {by.toString()}
2024-04-17 18:20:07,109 [main] INFO  base.BaseClass - Trying to find Element By {by.toString()})
2024-04-17 18:20:07,140 [main] INFO  base.BaseClass - Found Element By {by.toString()}
2024-04-17 18:20:07,686 [main] INFO  base.BaseClass - Trying to find Element By {by.toString()})
2024-04-17 18:20:07,716 [main] INFO  base.BaseClass - Found Element By {by.toString()}
2024-04-17 18:20:08,264 [main] INFO  base.BaseClass - Trying to find Element By {by.toString()})
2024-04-17 18:20:08,293 [main] INFO  base.BaseClass - Found Element By {by.toString()}
2024-04-17 18:20:08,841 [main] INFO  base.BaseClass - Trying to find Element By {by.toString()})
2024-04-17 18:20:08,872 [main] INFO  base.BaseClass - Found Element By {by.toString()}
2024-04-17 18:20:09,415 [main] INFO  base.BaseClass - Trying to find Element By {by.toString()})
2024-04-17 18:20:09,445 [main] INFO  base.BaseClass - Found Element By {by.toString()}
2024-04-17 18:20:09,994 [main] INFO  base.BaseClass - Trying to find Element By {by.toString()})
2024-04-17 18:20:10,059 [main] INFO  base.BaseClass - Found Element By {by.toString()}
2024-04-17 18:20:10,589 [main] INFO  base.BaseClass - Trying to find Element By {by.toString()})
2024-04-17 18:20:10,620 [main] INFO  base.BaseClass - Found Element By {by.toString()}
2024-04-17 18:20:11,155 [main] INFO  base.BaseClass - Trying to find Element By {by.toString()})
2024-04-17 18:20:11,186 [main] INFO  base.BaseClass - Found Element By {by.toString()}
2024-04-17 18:20:11,731 [main] INFO  base.BaseClass - Trying to find Element By {by.toString()})
2024-04-17 18:20:11,761 [main] INFO  base.BaseClass - Found Element By {by.toString()}
2024-04-17 18:20:12,309 [main] INFO  base.BaseClass - Trying to find Element By {by.toString()})
2024-04-17 18:20:12,340 [main] INFO  base.BaseClass - Found Element By {by.toString()}
2024-04-17 18:20:12,888 [main] INFO  base.BaseClass - Trying to find Element By {by.toString()})
2024-04-17 18:20:12,919 [main] INFO  base.BaseClass - Found Element By {by.toString()}
2024-04-17 18:20:13,447 [main] INFO  base.BaseClass - Trying to find Element By {by.toString()})
2024-04-17 18:20:13,476 [main] INFO  base.BaseClass - Found Element By {by.toString()}
2024-04-17 18:20:14,027 [main] INFO  base.BaseClass - Trying to find Element By {by.toString()})
2024-04-17 18:20:14,059 [main] INFO  base.BaseClass - Found Element By {by.toString()}
2024-04-17 18:20:14,605 [main] INFO  base.BaseClass - Trying to find Element By {by.toString()})
2024-04-17 18:20:14,637 [main] INFO  base.BaseClass - Found Element By {by.toString()}
TimeoutException occurred: Expected condition failed: waiting for helper.WaitUtility$5@7cc03fbe (tried for 30 second(s) with 500 milliseconds interval)
Build info: version: '3.141.59', revision: 'e82be7d358', time: '2018-11-14T08:17:03'
System info: host: 'DPLAP166', ip: '137.237.2.236', os.name: 'Windows 10', os.arch: 'amd64', os.version: '10.0', java.version: '19.0.1'
Driver info: org.openqa.selenium.support.events.EventFiringWebDriver
Capabilities {acceptInsecureCerts: true, browserName: chrome, browserVersion: 123.0.6312.123, chrome: {chromedriverVersion: 123.0.6312.122 (31f8248cdd9..., userDataDir: C:\Users\dP-PL\AppData\Loca...}, fedcm:accounts: true, goog:chromeOptions: {debuggerAddress: localhost:51256}, javascriptEnabled: true, networkConnectionEnabled: false, pageLoadStrategy: normal, platform: WINDOWS, platformName: WINDOWS, proxy: Proxy(), setWindowRect: true, strictFileInteractability: false, timeouts: {implicit: 0, pageLoad: 300000, script: 30000}, unhandledPromptBehavior: dismiss and notify, webauthn:extension:credBlob: true, webauthn:extension:largeBlob: true, webauthn:extension:minPinLength: true, webauthn:extension:prf: true, webauthn:virtualAuthenticators: true}
Session ID: a59c4df4811f82049fe754efe723d3c1
2024-04-17 18:20:14,681 [main] ERROR RotationCopy_test - Element did not become visible within the specified time: Expected condition failed: waiting for helper.WaitUtility$5@7cc03fbe (tried for 30 second(s) with 500 milliseconds interval)
Build info: version: '3.141.59', revision: 'e82be7d358', time: '2018-11-14T08:17:03'
System info: host: 'DPLAP166', ip: '137.237.2.236', os.name: 'Windows 10', os.arch: 'amd64', os.version: '10.0', java.version: '19.0.1'
Driver info: org.openqa.selenium.support.events.EventFiringWebDriver
Capabilities {acceptInsecureCerts: true, browserName: chrome, browserVersion: 123.0.6312.123, chrome: {chromedriverVersion: 123.0.6312.122 (31f8248cdd9..., userDataDir: C:\Users\dP-PL\AppData\Loca...}, fedcm:accounts: true, goog:chromeOptions: {debuggerAddress: localhost:51256}, javascriptEnabled: true, networkConnectionEnabled: false, pageLoadStrategy: normal, platform: WINDOWS, platformName: WINDOWS, proxy: Proxy(), setWindowRect: true, strictFileInteractability: false, timeouts: {implicit: 0, pageLoad: 300000, script: 30000}, unhandledPromptBehavior: dismiss and notify, webauthn:extension:credBlob: true, webauthn:extension:largeBlob: true, webauthn:extension:minPinLength: true, webauthn:extension:prf: true, webauthn:virtualAuthenticators: true}
Session ID: a59c4df4811f82049fe754efe723d3c1
2024-04-17 18:20:14,681 [main] INFO  base.BaseClass - Trying to find Element By {by.toString()})
2024-04-17 18:20:14,707 [main] INFO  base.BaseClass - Found Element By {by.toString()}
2024-04-17 18:20:14,707 [main] INFO  base.BaseClass - Trying to click on: {element.toString()}
2024-04-17 18:20:14,786 [main] INFO  base.BaseClass - Clicked on: {element.toString()}
2024-04-17 18:20:14,786 [main] INFO  base.BaseClass - Trying to find Element By {by.toString()})
2024-04-17 18:20:14,799 [main] INFO  base.BaseClass - Found Element By {by.toString()}
2024-04-17 18:20:15,325 [main] INFO  base.BaseClass - Trying to find Element By {by.toString()})
2024-04-17 18:20:15,356 [main] INFO  base.BaseClass - Found Element By {by.toString()}
2024-04-17 18:20:15,905 [main] INFO  base.BaseClass - Trying to find Element By {by.toString()})
2024-04-17 18:20:15,937 [main] INFO  base.BaseClass - Found Element By {by.toString()}
2024-04-17 18:20:16,485 [main] INFO  base.BaseClass - Trying to find Element By {by.toString()})
2024-04-17 18:20:16,517 [main] INFO  base.BaseClass - Found Element By {by.toString()}
2024-04-17 18:20:17,064 [main] INFO  base.BaseClass - Trying to find Element By {by.toString()})
2024-04-17 18:20:17,094 [main] INFO  base.BaseClass - Found Element By {by.toString()}
2024-04-17 18:20:17,643 [main] INFO  base.BaseClass - Trying to find Element By {by.toString()})
2024-04-17 18:20:17,673 [main] INFO  base.BaseClass - Found Element By {by.toString()}
2024-04-17 18:20:18,224 [main] INFO  base.BaseClass - Trying to find Element By {by.toString()})
2024-04-17 18:20:18,243 [main] INFO  base.BaseClass - Found Element By {by.toString()}
2024-04-17 18:20:18,789 [main] INFO  base.BaseClass - Trying to find Element By {by.toString()})
2024-04-17 18:20:18,821 [main] INFO  base.BaseClass - Found Element By {by.toString()}
2024-04-17 18:20:19,371 [main] INFO  base.BaseClass - Trying to find Element By {by.toString()})
2024-04-17 18:20:19,401 [main] INFO  base.BaseClass - Found Element By {by.toString()}
2024-04-17 18:20:19,950 [main] INFO  base.BaseClass - Trying to find Element By {by.toString()})
2024-04-17 18:20:19,980 [main] INFO  base.BaseClass - Found Element By {by.toString()}
2024-04-17 18:20:20,526 [main] INFO  base.BaseClass - Trying to find Element By {by.toString()})
2024-04-17 18:20:20,555 [main] INFO  base.BaseClass - Found Element By {by.toString()}
2024-04-17 18:20:21,086 [main] INFO  base.BaseClass - Trying to find Element By {by.toString()})
2024-04-17 18:20:21,117 [main] INFO  base.BaseClass - Found Element By {by.toString()}
2024-04-17 18:20:21,663 [main] INFO  base.BaseClass - Trying to find Element By {by.toString()})
2024-04-17 18:20:21,691 [main] INFO  base.BaseClass - Found Element By {by.toString()}
2024-04-17 18:20:22,226 [main] INFO  base.BaseClass - Trying to find Element By {by.toString()})
2024-04-17 18:20:22,254 [main] INFO  base.BaseClass - Found Element By {by.toString()}
2024-04-17 18:20:22,824 [main] INFO  base.BaseClass - Trying to find Element By {by.toString()})
2024-04-17 18:20:22,855 [main] INFO  base.BaseClass - Found Element By {by.toString()}
2024-04-17 18:20:23,406 [main] INFO  base.BaseClass - Trying to find Element By {by.toString()})
2024-04-17 18:20:23,436 [main] INFO  base.BaseClass - Found Element By {by.toString()}
2024-04-17 18:20:23,983 [main] INFO  base.BaseClass - Trying to find Element By {by.toString()})
2024-04-17 18:20:24,011 [main] INFO  base.BaseClass - Found Element By {by.toString()}
2024-04-17 18:20:24,560 [main] INFO  base.BaseClass - Trying to find Element By {by.toString()})
2024-04-17 18:20:24,591 [main] INFO  base.BaseClass - Found Element By {by.toString()}
2024-04-17 18:20:25,139 [main] INFO  base.BaseClass - Trying to find Element By {by.toString()})
2024-04-17 18:20:25,172 [main] INFO  base.BaseClass - Found Element By {by.toString()}
2024-04-17 18:20:25,717 [main] INFO  base.BaseClass - Trying to find Element By {by.toString()})
2024-04-17 18:20:25,749 [main] INFO  base.BaseClass - Found Element By {by.toString()}
2024-04-17 18:20:26,280 [main] INFO  base.BaseClass - Trying to find Element By {by.toString()})
2024-04-17 18:20:26,313 [main] INFO  base.BaseClass - Found Element By {by.toString()}
2024-04-17 18:20:26,859 [main] INFO  base.BaseClass - Trying to find Element By {by.toString()})
2024-04-17 18:20:26,892 [main] INFO  base.BaseClass - Found Element By {by.toString()}
2024-04-17 18:20:27,437 [main] INFO  base.BaseClass - Trying to find Element By {by.toString()})
2024-04-17 18:20:27,469 [main] INFO  base.BaseClass - Found Element By {by.toString()}
2024-04-17 18:20:28,013 [main] INFO  base.BaseClass - Trying to find Element By {by.toString()})
2024-04-17 18:20:28,045 [main] INFO  base.BaseClass - Found Element By {by.toString()}
2024-04-17 18:20:28,592 [main] INFO  base.BaseClass - Trying to find Element By {by.toString()})
2024-04-17 18:20:28,619 [main] INFO  base.BaseClass - Found Element By {by.toString()}
2024-04-17 18:20:29,157 [main] INFO  base.BaseClass - Trying to find Element By {by.toString()})
2024-04-17 18:20:29,188 [main] INFO  base.BaseClass - Found Element By {by.toString()}
2024-04-17 18:20:29,736 [main] INFO  base.BaseClass - Trying to find Element By {by.toString()})
2024-04-17 18:20:29,767 [main] INFO  base.BaseClass - Found Element By {by.toString()}
2024-04-17 18:20:30,318 [main] INFO  base.BaseClass - Trying to find Element By {by.toString()})
2024-04-17 18:20:30,347 [main] INFO  base.BaseClass - Found Element By {by.toString()}
2024-04-17 18:20:30,883 [main] INFO  base.BaseClass - Trying to find Element By {by.toString()})
2024-04-17 18:20:30,913 [main] INFO  base.BaseClass - Found Element By {by.toString()}
2024-04-17 18:20:31,444 [main] INFO  base.BaseClass - Trying to find Element By {by.toString()})
2024-04-17 18:20:31,476 [main] INFO  base.BaseClass - Found Element By {by.toString()}
2024-04-17 18:20:32,019 [main] INFO  base.BaseClass - Trying to find Element By {by.toString()})
2024-04-17 18:20:32,041 [main] INFO  base.BaseClass - Found Element By {by.toString()}
2024-04-17 18:20:32,578 [main] INFO  base.BaseClass - Trying to find Element By {by.toString()})
2024-04-17 18:20:32,611 [main] INFO  base.BaseClass - Found Element By {by.toString()}
2024-04-17 18:20:33,155 [main] INFO  base.BaseClass - Trying to find Element By {by.toString()})
2024-04-17 18:20:33,186 [main] INFO  base.BaseClass - Found Element By {by.toString()}
2024-04-17 18:20:33,719 [main] INFO  base.BaseClass - Trying to find Element By {by.toString()})
2024-04-17 18:20:33,746 [main] INFO  base.BaseClass - Found Element By {by.toString()}
2024-04-17 18:20:34,298 [main] INFO  base.BaseClass - Trying to find Element By {by.toString()})
2024-04-17 18:20:34,329 [main] INFO  base.BaseClass - Found Element By {by.toString()}
2024-04-17 18:20:34,877 [main] INFO  base.BaseClass - Trying to find Element By {by.toString()})
2024-04-17 18:20:34,907 [main] INFO  base.BaseClass - Found Element By {by.toString()}
2024-04-17 18:20:35,459 [main] INFO  base.BaseClass - Trying to find Element By {by.toString()})
2024-04-17 18:20:35,488 [main] INFO  base.BaseClass - Found Element By {by.toString()}
2024-04-17 18:20:36,038 [main] INFO  base.BaseClass - Trying to find Element By {by.toString()})
2024-04-17 18:20:36,065 [main] INFO  base.BaseClass - Found Element By {by.toString()}
2024-04-17 18:20:36,632 [main] INFO  base.BaseClass - Trying to find Element By {by.toString()})
2024-04-17 18:20:36,664 [main] INFO  base.BaseClass - Found Element By {by.toString()}
2024-04-17 18:20:37,200 [main] INFO  base.BaseClass - Trying to find Element By {by.toString()})
2024-04-17 18:20:37,232 [main] INFO  base.BaseClass - Found Element By {by.toString()}
2024-04-17 18:20:37,775 [main] INFO  base.BaseClass - Trying to find Element By {by.toString()})
2024-04-17 18:20:37,805 [main] INFO  base.BaseClass - Found Element By {by.toString()}
2024-04-17 18:20:38,356 [main] INFO  base.BaseClass - Trying to find Element By {by.toString()})
2024-04-17 18:20:38,387 [main] INFO  base.BaseClass - Found Element By {by.toString()}
2024-04-17 18:20:38,921 [main] INFO  base.BaseClass - Trying to find Element By {by.toString()})
2024-04-17 18:20:38,943 [main] INFO  base.BaseClass - Found Element By {by.toString()}
2024-04-17 18:20:39,470 [main] INFO  base.BaseClass - Trying to find Element By {by.toString()})
2024-04-17 18:20:39,501 [main] INFO  base.BaseClass - Found Element By {by.toString()}
2024-04-17 18:20:40,050 [main] INFO  base.BaseClass - Trying to find Element By {by.toString()})
2024-04-17 18:20:40,079 [main] INFO  base.BaseClass - Found Element By {by.toString()}
2024-04-17 18:20:40,600 [main] INFO  base.BaseClass - Trying to find Element By {by.toString()})
2024-04-17 18:20:40,631 [main] INFO  base.BaseClass - Found Element By {by.toString()}
2024-04-17 18:20:41,160 [main] INFO  base.BaseClass - Trying to find Element By {by.toString()})
2024-04-17 18:20:41,175 [main] INFO  base.BaseClass - Found Element By {by.toString()}
2024-04-17 18:20:41,703 [main] INFO  base.BaseClass - Trying to find Element By {by.toString()})
2024-04-17 18:20:41,736 [main] INFO  base.BaseClass - Found Element By {by.toString()}
2024-04-17 18:20:42,278 [main] INFO  base.BaseClass - Trying to find Element By {by.toString()})
2024-04-17 18:20:42,305 [main] INFO  base.BaseClass - Found Element By {by.toString()}
2024-04-17 18:20:42,858 [main] INFO  base.BaseClass - Trying to find Element By {by.toString()})
2024-04-17 18:20:42,882 [main] INFO  base.BaseClass - Found Element By {by.toString()}
2024-04-17 18:20:43,417 [main] INFO  base.BaseClass - Trying to find Element By {by.toString()})
2024-04-17 18:20:43,434 [main] INFO  base.BaseClass - Found Element By {by.toString()}
2024-04-17 18:20:43,962 [main] INFO  base.BaseClass - Trying to find Element By {by.toString()})
2024-04-17 18:20:43,992 [main] INFO  base.BaseClass - Found Element By {by.toString()}
2024-04-17 18:20:44,527 [main] INFO  base.BaseClass - Trying to find Element By {by.toString()})
2024-04-17 18:20:44,561 [main] INFO  base.BaseClass - Found Element By {by.toString()}
2024-04-17 18:20:45,108 [main] INFO  base.BaseClass - Trying to find Element By {by.toString()})
2024-04-17 18:20:45,141 [main] INFO  base.BaseClass - Found Element By {by.toString()}
TimeoutException occurred: Expected condition failed: waiting for helper.WaitUtility$5@7f051275 (tried for 30 second(s) with 500 milliseconds interval)
Build info: version: '3.141.59', revision: 'e82be7d358', time: '2018-11-14T08:17:03'
System info: host: 'DPLAP166', ip: '137.237.2.236', os.name: 'Windows 10', os.arch: 'amd64', os.version: '10.0', java.version: '19.0.1'
Driver info: org.openqa.selenium.support.events.EventFiringWebDriver
Capabilities {acceptInsecureCerts: true, browserName: chrome, browserVersion: 123.0.6312.123, chrome: {chromedriverVersion: 123.0.6312.122 (31f8248cdd9..., userDataDir: C:\Users\dP-PL\AppData\Loca...}, fedcm:accounts: true, goog:chromeOptions: {debuggerAddress: localhost:51256}, javascriptEnabled: true, networkConnectionEnabled: false, pageLoadStrategy: normal, platform: WINDOWS, platformName: WINDOWS, proxy: Proxy(), setWindowRect: true, strictFileInteractability: false, timeouts: {implicit: 0, pageLoad: 300000, script: 30000}, unhandledPromptBehavior: dismiss and notify, webauthn:extension:credBlob: true, webauthn:extension:largeBlob: true, webauthn:extension:minPinLength: true, webauthn:extension:prf: true, webauthn:virtualAuthenticators: true}
Session ID: a59c4df4811f82049fe754efe723d3c1
2024-04-17 18:20:45,180 [main] ERROR RotationCopy_test - Element did not become visible within the specified time: Expected condition failed: waiting for helper.WaitUtility$5@7f051275 (tried for 30 second(s) with 500 milliseconds interval)
Build info: version: '3.141.59', revision: 'e82be7d358', time: '2018-11-14T08:17:03'
System info: host: 'DPLAP166', ip: '137.237.2.236', os.name: 'Windows 10', os.arch: 'amd64', os.version: '10.0', java.version: '19.0.1'
Driver info: org.openqa.selenium.support.events.EventFiringWebDriver
Capabilities {acceptInsecureCerts: true, browserName: chrome, browserVersion: 123.0.6312.123, chrome: {chromedriverVersion: 123.0.6312.122 (31f8248cdd9..., userDataDir: C:\Users\dP-PL\AppData\Loca...}, fedcm:accounts: true, goog:chromeOptions: {debuggerAddress: localhost:51256}, javascriptEnabled: true, networkConnectionEnabled: false, pageLoadStrategy: normal, platform: WINDOWS, platformName: WINDOWS, proxy: Proxy(), setWindowRect: true, strictFileInteractability: false, timeouts: {implicit: 0, pageLoad: 300000, script: 30000}, unhandledPromptBehavior: dismiss and notify, webauthn:extension:credBlob: true, webauthn:extension:largeBlob: true, webauthn:extension:minPinLength: true, webauthn:extension:prf: true, webauthn:virtualAuthenticators: true}
Session ID: a59c4df4811f82049fe754efe723d3c1
2024-04-17 18:20:45,180 [main] INFO  base.BaseClass - Trying to find Element By {by.toString()})
2024-04-17 18:20:45,201 [main] INFO  base.BaseClass - Found Element By {by.toString()}
2024-04-17 18:20:45,201 [main] INFO  base.BaseClass - Trying to click on: {element.toString()}
2024-04-17 18:20:45,317 [main] INFO  base.BaseClass - Clicked on: {element.toString()}
2024-04-17 18:20:45,323 [main] INFO  base.BaseClass - Trying to find Element By {by.toString()})
2024-04-17 18:20:45,372 [main] INFO  base.BaseClass - Found Element By {by.toString()}
2024-04-17 18:20:45,901 [main] INFO  base.BaseClass - Trying to find Element By {by.toString()})
2024-04-17 18:20:45,929 [main] INFO  base.BaseClass - Found Element By {by.toString()}
2024-04-17 18:20:46,480 [main] INFO  base.BaseClass - Trying to find Element By {by.toString()})
2024-04-17 18:20:46,514 [main] INFO  base.BaseClass - Found Element By {by.toString()}
2024-04-17 18:20:47,060 [main] INFO  base.BaseClass - Trying to find Element By {by.toString()})
2024-04-17 18:20:47,090 [main] INFO  base.BaseClass - Found Element By {by.toString()}
2024-04-17 18:20:47,639 [main] INFO  base.BaseClass - Trying to find Element By {by.toString()})
2024-04-17 18:20:47,670 [main] INFO  base.BaseClass - Found Element By {by.toString()}
2024-04-17 18:20:48,217 [main] INFO  base.BaseClass - Trying to find Element By {by.toString()})
2024-04-17 18:20:48,231 [main] INFO  base.BaseClass - Found Element By {by.toString()}
2024-04-17 18:20:48,750 [main] INFO  base.BaseClass - Trying to find Element By {by.toString()})
2024-04-17 18:20:48,775 [main] INFO  base.BaseClass - Found Element By {by.toString()}
2024-04-17 18:20:49,312 [main] INFO  base.BaseClass - Trying to find Element By {by.toString()})
2024-04-17 18:20:49,342 [main] INFO  base.BaseClass - Found Element By {by.toString()}
2024-04-17 18:20:49,892 [main] INFO  base.BaseClass - Trying to find Element By {by.toString()})
2024-04-17 18:20:49,922 [main] INFO  base.BaseClass - Found Element By {by.toString()}
2024-04-17 18:20:50,470 [main] INFO  base.BaseClass - Trying to find Element By {by.toString()})
2024-04-17 18:20:50,492 [main] INFO  base.BaseClass - Found Element By {by.toString()}
2024-04-17 18:20:51,034 [main] INFO  base.BaseClass - Trying to find Element By {by.toString()})
2024-04-17 18:20:51,046 [main] INFO  base.BaseClass - Found Element By {by.toString()}
2024-04-17 18:20:51,562 [main] INFO  base.BaseClass - Trying to find Element By {by.toString()})
2024-04-17 18:20:51,571 [main] INFO  base.BaseClass - Found Element By {by.toString()}
2024-04-17 18:20:52,089 [main] INFO  base.BaseClass - Trying to find Element By {by.toString()})
2024-04-17 18:20:52,119 [main] INFO  base.BaseClass - Found Element By {by.toString()}
2024-04-17 18:20:52,658 [main] INFO  base.BaseClass - Trying to find Element By {by.toString()})
2024-04-17 18:20:52,680 [main] INFO  base.BaseClass - Found Element By {by.toString()}
2024-04-17 18:20:53,212 [main] INFO  base.BaseClass - Trying to find Element By {by.toString()})
2024-04-17 18:20:53,237 [main] INFO  base.BaseClass - Found Element By {by.toString()}
2024-04-17 18:20:53,775 [main] INFO  base.BaseClass - Trying to find Element By {by.toString()})
2024-04-17 18:20:53,805 [main] INFO  base.BaseClass - Found Element By {by.toString()}
2024-04-17 18:20:54,336 [main] INFO  base.BaseClass - Trying to find Element By {by.toString()})
2024-04-17 18:20:54,365 [main] INFO  base.BaseClass - Found Element By {by.toString()}
2024-04-17 18:20:54,898 [main] INFO  base.BaseClass - Trying to find Element By {by.toString()})
2024-04-17 18:20:54,921 [main] INFO  base.BaseClass - Found Element By {by.toString()}
2024-04-17 18:20:55,445 [main] INFO  base.BaseClass - Trying to find Element By {by.toString()})
2024-04-17 18:20:55,461 [main] INFO  base.BaseClass - Found Element By {by.toString()}
2024-04-17 18:20:55,990 [main] INFO  base.BaseClass - Trying to find Element By {by.toString()})
2024-04-17 18:20:56,016 [main] INFO  base.BaseClass - Found Element By {by.toString()}
2024-04-17 18:20:56,551 [main] INFO  base.BaseClass - Trying to find Element By {by.toString()})
2024-04-17 18:20:56,583 [main] INFO  base.BaseClass - Found Element By {by.toString()}
2024-04-17 18:20:57,113 [main] INFO  base.BaseClass - Trying to find Element By {by.toString()})
2024-04-17 18:20:57,127 [main] INFO  base.BaseClass - Found Element By {by.toString()}
2024-04-17 18:20:57,659 [main] INFO  base.BaseClass - Trying to find Element By {by.toString()})
2024-04-17 18:20:57,693 [main] INFO  base.BaseClass - Found Element By {by.toString()}
2024-04-17 18:20:58,222 [main] INFO  base.BaseClass - Trying to find Element By {by.toString()})
2024-04-17 18:20:58,257 [main] INFO  base.BaseClass - Found Element By {by.toString()}
2024-04-17 18:20:58,800 [main] INFO  base.BaseClass - Trying to find Element By {by.toString()})
2024-04-17 18:20:58,835 [main] INFO  base.BaseClass - Found Element By {by.toString()}
2024-04-17 18:20:59,366 [main] INFO  base.BaseClass - Trying to find Element By {by.toString()})
2024-04-17 18:20:59,398 [main] INFO  base.BaseClass - Found Element By {by.toString()}
2024-04-17 18:20:59,930 [main] INFO  base.BaseClass - Trying to find Element By {by.toString()})
2024-04-17 18:20:59,955 [main] INFO  base.BaseClass - Found Element By {by.toString()}
2024-04-17 18:21:00,495 [main] INFO  base.BaseClass - Trying to find Element By {by.toString()})
2024-04-17 18:21:00,522 [main] INFO  base.BaseClass - Found Element By {by.toString()}
2024-04-17 18:21:01,042 [main] INFO  base.BaseClass - Trying to find Element By {by.toString()})
2024-04-17 18:21:01,079 [main] INFO  base.BaseClass - Found Element By {by.toString()}
2024-04-17 18:21:01,606 [main] INFO  base.BaseClass - Trying to find Element By {by.toString()})
2024-04-17 18:21:01,639 [main] INFO  base.BaseClass - Found Element By {by.toString()}
2024-04-17 18:21:02,184 [main] INFO  base.BaseClass - Trying to find Element By {by.toString()})
2024-04-17 18:21:02,217 [main] INFO  base.BaseClass - Found Element By {by.toString()}
2024-04-17 18:21:02,762 [main] INFO  base.BaseClass - Trying to find Element By {by.toString()})
2024-04-17 18:21:02,791 [main] INFO  base.BaseClass - Found Element By {by.toString()}
2024-04-17 18:21:03,341 [main] INFO  base.BaseClass - Trying to find Element By {by.toString()})
2024-04-17 18:21:03,370 [main] INFO  base.BaseClass - Found Element By {by.toString()}
2024-04-17 18:21:03,921 [main] INFO  base.BaseClass - Trying to find Element By {by.toString()})
2024-04-17 18:21:03,936 [main] INFO  base.BaseClass - Found Element By {by.toString()}
2024-04-17 18:21:04,468 [main] INFO  base.BaseClass - Trying to find Element By {by.toString()})
2024-04-17 18:21:04,498 [main] INFO  base.BaseClass - Found Element By {by.toString()}
2024-04-17 18:21:05,049 [main] INFO  base.BaseClass - Trying to find Element By {by.toString()})
2024-04-17 18:21:05,077 [main] INFO  base.BaseClass - Found Element By {by.toString()}
2024-04-17 18:21:05,640 [main] INFO  base.BaseClass - Trying to find Element By {by.toString()})
2024-04-17 18:21:05,669 [main] INFO  base.BaseClass - Found Element By {by.toString()}
2024-04-17 18:21:06,217 [main] INFO  base.BaseClass - Trying to find Element By {by.toString()})
2024-04-17 18:21:06,246 [main] INFO  base.BaseClass - Found Element By {by.toString()}
2024-04-17 18:21:06,795 [main] INFO  base.BaseClass - Trying to find Element By {by.toString()})
2024-04-17 18:21:06,824 [main] INFO  base.BaseClass - Found Element By {by.toString()}
2024-04-17 18:21:07,357 [main] INFO  base.BaseClass - Trying to find Element By {by.toString()})
2024-04-17 18:21:07,385 [main] INFO  base.BaseClass - Found Element By {by.toString()}
2024-04-17 18:21:07,935 [main] INFO  base.BaseClass - Trying to find Element By {by.toString()})
2024-04-17 18:21:07,965 [main] INFO  base.BaseClass - Found Element By {by.toString()}
2024-04-17 18:21:08,499 [main] INFO  base.BaseClass - Trying to find Element By {by.toString()})
2024-04-17 18:21:08,529 [main] INFO  base.BaseClass - Found Element By {by.toString()}
2024-04-17 18:21:09,061 [main] INFO  base.BaseClass - Trying to find Element By {by.toString()})
2024-04-17 18:21:09,090 [main] INFO  base.BaseClass - Found Element By {by.toString()}
2024-04-17 18:21:09,640 [main] INFO  base.BaseClass - Trying to find Element By {by.toString()})
2024-04-17 18:21:09,668 [main] INFO  base.BaseClass - Found Element By {by.toString()}
2024-04-17 18:21:10,216 [main] INFO  base.BaseClass - Trying to find Element By {by.toString()})
2024-04-17 18:21:10,244 [main] INFO  base.BaseClass - Found Element By {by.toString()}
2024-04-17 18:21:10,780 [main] INFO  base.BaseClass - Trying to find Element By {by.toString()})
2024-04-17 18:21:10,808 [main] INFO  base.BaseClass - Found Element By {by.toString()}
2024-04-17 18:21:11,356 [main] INFO  base.BaseClass - Trying to find Element By {by.toString()})
2024-04-17 18:21:11,385 [main] INFO  base.BaseClass - Found Element By {by.toString()}
2024-04-17 18:21:11,919 [main] INFO  base.BaseClass - Trying to find Element By {by.toString()})
2024-04-17 18:21:11,939 [main] INFO  base.BaseClass - Found Element By {by.toString()}
2024-04-17 18:21:12,481 [main] INFO  base.BaseClass - Trying to find Element By {by.toString()})
2024-04-17 18:21:12,508 [main] INFO  base.BaseClass - Found Element By {by.toString()}
2024-04-17 18:21:13,044 [main] INFO  base.BaseClass - Trying to find Element By {by.toString()})
2024-04-17 18:21:13,071 [main] INFO  base.BaseClass - Found Element By {by.toString()}
2024-04-17 18:21:13,624 [main] INFO  base.BaseClass - Trying to find Element By {by.toString()})
2024-04-17 18:21:13,639 [main] INFO  base.BaseClass - Found Element By {by.toString()}
2024-04-17 18:21:14,176 [main] INFO  base.BaseClass - Trying to find Element By {by.toString()})
2024-04-17 18:21:14,199 [main] INFO  base.BaseClass - Found Element By {by.toString()}
2024-04-17 18:21:14,724 [main] INFO  base.BaseClass - Trying to find Element By {by.toString()})
2024-04-17 18:21:14,754 [main] INFO  base.BaseClass - Found Element By {by.toString()}
2024-04-17 18:21:15,306 [main] INFO  base.BaseClass - Trying to find Element By {by.toString()})
2024-04-17 18:21:15,334 [main] INFO  base.BaseClass - Found Element By {by.toString()}
TimeoutException occurred: Expected condition failed: waiting for helper.WaitUtility$5@3ece2441 (tried for 30 second(s) with 500 milliseconds interval)
Build info: version: '3.141.59', revision: 'e82be7d358', time: '2018-11-14T08:17:03'
System info: host: 'DPLAP166', ip: '137.237.2.236', os.name: 'Windows 10', os.arch: 'amd64', os.version: '10.0', java.version: '19.0.1'
Driver info: org.openqa.selenium.support.events.EventFiringWebDriver
Capabilities {acceptInsecureCerts: true, browserName: chrome, browserVersion: 123.0.6312.123, chrome: {chromedriverVersion: 123.0.6312.122 (31f8248cdd9..., userDataDir: C:\Users\dP-PL\AppData\Loca...}, fedcm:accounts: true, goog:chromeOptions: {debuggerAddress: localhost:51256}, javascriptEnabled: true, networkConnectionEnabled: false, pageLoadStrategy: normal, platform: WINDOWS, platformName: WINDOWS, proxy: Proxy(), setWindowRect: true, strictFileInteractability: false, timeouts: {implicit: 0, pageLoad: 300000, script: 30000}, unhandledPromptBehavior: dismiss and notify, webauthn:extension:credBlob: true, webauthn:extension:largeBlob: true, webauthn:extension:minPinLength: true, webauthn:extension:prf: true, webauthn:virtualAuthenticators: true}
Session ID: a59c4df4811f82049fe754efe723d3c1
2024-04-17 18:21:15,371 [main] ERROR RotationCopy_test - Element did not become visible within the specified time: Expected condition failed: waiting for helper.WaitUtility$5@3ece2441 (tried for 30 second(s) with 500 milliseconds interval)
Build info: version: '3.141.59', revision: 'e82be7d358', time: '2018-11-14T08:17:03'
System info: host: 'DPLAP166', ip: '137.237.2.236', os.name: 'Windows 10', os.arch: 'amd64', os.version: '10.0', java.version: '19.0.1'
Driver info: org.openqa.selenium.support.events.EventFiringWebDriver
Capabilities {acceptInsecureCerts: true, browserName: chrome, browserVersion: 123.0.6312.123, chrome: {chromedriverVersion: 123.0.6312.122 (31f8248cdd9..., userDataDir: C:\Users\dP-PL\AppData\Loca...}, fedcm:accounts: true, goog:chromeOptions: {debuggerAddress: localhost:51256}, javascriptEnabled: true, networkConnectionEnabled: false, pageLoadStrategy: normal, platform: WINDOWS, platformName: WINDOWS, proxy: Proxy(), setWindowRect: true, strictFileInteractability: false, timeouts: {implicit: 0, pageLoad: 300000, script: 30000}, unhandledPromptBehavior: dismiss and notify, webauthn:extension:credBlob: true, webauthn:extension:largeBlob: true, webauthn:extension:minPinLength: true, webauthn:extension:prf: true, webauthn:virtualAuthenticators: true}
Session ID: a59c4df4811f82049fe754efe723d3c1
2024-04-17 18:21:15,372 [main] INFO  base.BaseClass - Trying to find Element By {by.toString()})
2024-04-17 18:21:15,391 [main] INFO  base.BaseClass - Found Element By {by.toString()}
2024-04-17 18:21:15,391 [main] INFO  base.BaseClass - Trying to click on: {element.toString()}
2024-04-17 18:21:15,471 [main] INFO  base.BaseClass - Clicked on: {element.toString()}
2024-04-17 18:21:15,478 [main] INFO  base.BaseClass - Trying to find Element By {by.toString()})
2024-04-17 18:21:15,490 [main] INFO  base.BaseClass - Found Element By {by.toString()}
2024-04-17 18:21:16,004 [main] INFO  base.BaseClass - Trying to find Element By {by.toString()})
2024-04-17 18:21:16,362 [main] INFO  base.BaseClass - Found Element By {by.toString()}
2024-04-17 18:21:16,892 [main] INFO  base.BaseClass - Trying to find Element By {by.toString()})
2024-04-17 18:21:16,921 [main] INFO  base.BaseClass - Found Element By {by.toString()}
2024-04-17 18:21:17,470 [main] INFO  base.BaseClass - Trying to find Element By {by.toString()})
2024-04-17 18:21:17,503 [main] INFO  base.BaseClass - Found Element By {by.toString()}
2024-04-17 18:21:18,050 [main] INFO  base.BaseClass - Trying to find Element By {by.toString()})
2024-04-17 18:21:18,083 [main] INFO  base.BaseClass - Found Element By {by.toString()}
2024-04-17 18:21:18,631 [main] INFO  base.BaseClass - Trying to find Element By {by.toString()})
2024-04-17 18:21:18,659 [main] INFO  base.BaseClass - Found Element By {by.toString()}
2024-04-17 18:21:19,181 [main] INFO  base.BaseClass - Trying to find Element By {by.toString()})
2024-04-17 18:21:19,214 [main] INFO  base.BaseClass - Found Element By {by.toString()}
2024-04-17 18:21:19,759 [main] INFO  base.BaseClass - Trying to find Element By {by.toString()})
2024-04-17 18:21:19,790 [main] INFO  base.BaseClass - Found Element By {by.toString()}
2024-04-17 18:21:20,324 [main] INFO  base.BaseClass - Trying to find Element By {by.toString()})
2024-04-17 18:21:20,353 [main] INFO  base.BaseClass - Found Element By {by.toString()}
2024-04-17 18:21:20,901 [main] INFO  base.BaseClass - Trying to find Element By {by.toString()})
2024-04-17 18:21:20,931 [main] INFO  base.BaseClass - Found Element By {by.toString()}
2024-04-17 18:21:21,477 [main] INFO  base.BaseClass - Trying to find Element By {by.toString()})
2024-04-17 18:21:21,506 [main] INFO  base.BaseClass - Found Element By {by.toString()}
2024-04-17 18:21:22,055 [main] INFO  base.BaseClass - Trying to find Element By {by.toString()})
2024-04-17 18:21:22,084 [main] INFO  base.BaseClass - Found Element By {by.toString()}
2024-04-17 18:21:22,633 [main] INFO  base.BaseClass - Trying to find Element By {by.toString()})
2024-04-17 18:21:22,654 [main] INFO  base.BaseClass - Found Element By {by.toString()}
2024-04-17 18:21:23,196 [main] INFO  base.BaseClass - Trying to find Element By {by.toString()})
2024-04-17 18:21:24,032 [main] INFO  base.BaseClass - Found Element By {by.toString()}
2024-04-17 18:21:24,566 [main] INFO  base.BaseClass - Trying to find Element By {by.toString()})
2024-04-17 18:21:24,598 [main] INFO  base.BaseClass - Found Element By {by.toString()}
2024-04-17 18:21:25,132 [main] INFO  base.BaseClass - Trying to find Element By {by.toString()})
2024-04-17 18:21:25,160 [main] INFO  base.BaseClass - Found Element By {by.toString()}
2024-04-17 18:21:25,693 [main] INFO  base.BaseClass - Trying to find Element By {by.toString()})
2024-04-17 18:21:25,723 [main] INFO  base.BaseClass - Found Element By {by.toString()}
2024-04-17 18:21:26,256 [main] INFO  base.BaseClass - Trying to find Element By {by.toString()})
2024-04-17 18:21:26,277 [main] INFO  base.BaseClass - Found Element By {by.toString()}
2024-04-17 18:21:26,802 [main] INFO  base.BaseClass - Trying to find Element By {by.toString()})
2024-04-17 18:21:26,831 [main] INFO  base.BaseClass - Found Element By {by.toString()}
2024-04-17 18:21:27,379 [main] INFO  base.BaseClass - Trying to find Element By {by.toString()})
2024-04-17 18:21:27,393 [main] INFO  base.BaseClass - Found Element By {by.toString()}
2024-04-17 18:21:27,924 [main] INFO  base.BaseClass - Trying to find Element By {by.toString()})
2024-04-17 18:21:27,934 [main] INFO  base.BaseClass - Found Element By {by.toString()}
2024-04-17 18:21:28,454 [main] INFO  base.BaseClass - Trying to find Element By {by.toString()})
2024-04-17 18:21:28,482 [main] INFO  base.BaseClass - Found Element By {by.toString()}
2024-04-17 18:21:29,018 [main] INFO  base.BaseClass - Trying to find Element By {by.toString()})
2024-04-17 18:21:29,042 [main] INFO  base.BaseClass - Found Element By {by.toString()}
2024-04-17 18:21:29,578 [main] INFO  base.BaseClass - Trying to find Element By {by.toString()})
2024-04-17 18:21:29,606 [main] INFO  base.BaseClass - Found Element By {by.toString()}
2024-04-17 18:21:30,138 [main] INFO  base.BaseClass - Trying to find Element By {by.toString()})
2024-04-17 18:21:30,170 [main] INFO  base.BaseClass - Found Element By {by.toString()}
2024-04-17 18:21:30,700 [main] INFO  base.BaseClass - Trying to find Element By {by.toString()})
2024-04-17 18:21:30,727 [main] INFO  base.BaseClass - Found Element By {by.toString()}
2024-04-17 18:21:31,279 [main] INFO  base.BaseClass - Trying to find Element By {by.toString()})
2024-04-17 18:21:31,310 [main] INFO  base.BaseClass - Found Element By {by.toString()}
2024-04-17 18:21:31,840 [main] INFO  base.BaseClass - Trying to find Element By {by.toString()})
2024-04-17 18:21:31,874 [main] INFO  base.BaseClass - Found Element By {by.toString()}
2024-04-17 18:21:32,401 [main] INFO  base.BaseClass - Trying to find Element By {by.toString()})
2024-04-17 18:21:32,420 [main] INFO  base.BaseClass - Found Element By {by.toString()}
2024-04-17 18:21:32,947 [main] INFO  base.BaseClass - Trying to find Element By {by.toString()})
2024-04-17 18:21:32,978 [main] INFO  base.BaseClass - Found Element By {by.toString()}
2024-04-17 18:21:33,507 [main] INFO  base.BaseClass - Trying to find Element By {by.toString()})
2024-04-17 18:21:33,541 [main] INFO  base.BaseClass - Found Element By {by.toString()}
2024-04-17 18:21:34,087 [main] INFO  base.BaseClass - Trying to find Element By {by.toString()})
2024-04-17 18:21:34,119 [main] INFO  base.BaseClass - Found Element By {by.toString()}
2024-04-17 18:21:34,648 [main] INFO  base.BaseClass - Trying to find Element By {by.toString()})
2024-04-17 18:21:34,678 [main] INFO  base.BaseClass - Found Element By {by.toString()}
2024-04-17 18:21:35,209 [main] INFO  base.BaseClass - Trying to find Element By {by.toString()})
2024-04-17 18:21:35,240 [main] INFO  base.BaseClass - Found Element By {by.toString()}
2024-04-17 18:21:35,774 [main] INFO  base.BaseClass - Trying to find Element By {by.toString()})
2024-04-17 18:21:35,805 [main] INFO  base.BaseClass - Found Element By {by.toString()}
2024-04-17 18:21:36,333 [main] INFO  base.BaseClass - Trying to find Element By {by.toString()})
2024-04-17 18:21:36,366 [main] INFO  base.BaseClass - Found Element By {by.toString()}
2024-04-17 18:21:36,898 [main] INFO  base.BaseClass - Trying to find Element By {by.toString()})
2024-04-17 18:21:36,928 [main] INFO  base.BaseClass - Found Element By {by.toString()}
2024-04-17 18:21:37,464 [main] INFO  base.BaseClass - Trying to find Element By {by.toString()})
2024-04-17 18:21:37,485 [main] INFO  base.BaseClass - Found Element By {by.toString()}
2024-04-17 18:21:38,013 [main] INFO  base.BaseClass - Trying to find Element By {by.toString()})
2024-04-17 18:21:38,028 [main] INFO  base.BaseClass - Found Element By {by.toString()}
2024-04-17 18:21:38,557 [main] INFO  base.BaseClass - Trying to find Element By {by.toString()})
2024-04-17 18:21:38,688 [main] INFO  base.BaseClass - Found Element By {by.toString()}
2024-04-17 18:21:39,214 [main] INFO  base.BaseClass - Trying to find Element By {by.toString()})
2024-04-17 18:21:39,230 [main] INFO  base.BaseClass - Found Element By {by.toString()}
2024-04-17 18:21:39,759 [main] INFO  base.BaseClass - Trying to find Element By {by.toString()})
2024-04-17 18:21:39,794 [main] INFO  base.BaseClass - Found Element By {by.toString()}
2024-04-17 18:21:40,338 [main] INFO  base.BaseClass - Trying to find Element By {by.toString()})
2024-04-17 18:21:40,369 [main] INFO  base.BaseClass - Found Element By {by.toString()}
2024-04-17 18:21:40,917 [main] INFO  base.BaseClass - Trying to find Element By {by.toString()})
2024-04-17 18:21:40,950 [main] INFO  base.BaseClass - Found Element By {by.toString()}
2024-04-17 18:21:41,494 [main] INFO  base.BaseClass - Trying to find Element By {by.toString()})
2024-04-17 18:21:41,523 [main] INFO  base.BaseClass - Found Element By {by.toString()}
2024-04-17 18:21:42,071 [main] INFO  base.BaseClass - Trying to find Element By {by.toString()})
2024-04-17 18:21:42,101 [main] INFO  base.BaseClass - Found Element By {by.toString()}
2024-04-17 18:21:42,651 [main] INFO  base.BaseClass - Trying to find Element By {by.toString()})
2024-04-17 18:21:42,681 [main] INFO  base.BaseClass - Found Element By {by.toString()}
2024-04-17 18:21:43,228 [main] INFO  base.BaseClass - Trying to find Element By {by.toString()})
2024-04-17 18:21:43,238 [main] INFO  base.BaseClass - Found Element By {by.toString()}
2024-04-17 18:21:43,759 [main] INFO  base.BaseClass - Trying to find Element By {by.toString()})
2024-04-17 18:21:43,789 [main] INFO  base.BaseClass - Found Element By {by.toString()}
2024-04-17 18:21:44,336 [main] INFO  base.BaseClass - Trying to find Element By {by.toString()})
2024-04-17 18:21:44,365 [main] INFO  base.BaseClass - Found Element By {by.toString()}
2024-04-17 18:21:44,913 [main] INFO  base.BaseClass - Trying to find Element By {by.toString()})
2024-04-17 18:21:44,942 [main] INFO  base.BaseClass - Found Element By {by.toString()}
2024-04-17 18:21:45,493 [main] INFO  base.BaseClass - Trying to find Element By {by.toString()})
2024-04-17 18:21:45,523 [main] INFO  base.BaseClass - Found Element By {by.toString()}
TimeoutException occurred: Expected condition failed: waiting for helper.WaitUtility$5@2da6fe1 (tried for 30 second(s) with 500 milliseconds interval)
Build info: version: '3.141.59', revision: 'e82be7d358', time: '2018-11-14T08:17:03'
System info: host: 'DPLAP166', ip: '137.237.2.236', os.name: 'Windows 10', os.arch: 'amd64', os.version: '10.0', java.version: '19.0.1'
Driver info: org.openqa.selenium.support.events.EventFiringWebDriver
Capabilities {acceptInsecureCerts: true, browserName: chrome, browserVersion: 123.0.6312.123, chrome: {chromedriverVersion: 123.0.6312.122 (31f8248cdd9..., userDataDir: C:\Users\dP-PL\AppData\Loca...}, fedcm:accounts: true, goog:chromeOptions: {debuggerAddress: localhost:51256}, javascriptEnabled: true, networkConnectionEnabled: false, pageLoadStrategy: normal, platform: WINDOWS, platformName: WINDOWS, proxy: Proxy(), setWindowRect: true, strictFileInteractability: false, timeouts: {implicit: 0, pageLoad: 300000, script: 30000}, unhandledPromptBehavior: dismiss and notify, webauthn:extension:credBlob: true, webauthn:extension:largeBlob: true, webauthn:extension:minPinLength: true, webauthn:extension:prf: true, webauthn:virtualAuthenticators: true}
Session ID: a59c4df4811f82049fe754efe723d3c1
2024-04-17 18:21:45,565 [main] ERROR RotationCopy_test - Element did not become visible within the specified time: Expected condition failed: waiting for helper.WaitUtility$5@2da6fe1 (tried for 30 second(s) with 500 milliseconds interval)
Build info: version: '3.141.59', revision: 'e82be7d358', time: '2018-11-14T08:17:03'
System info: host: 'DPLAP166', ip: '137.237.2.236', os.name: 'Windows 10', os.arch: 'amd64', os.version: '10.0', java.version: '19.0.1'
Driver info: org.openqa.selenium.support.events.EventFiringWebDriver
Capabilities {acceptInsecureCerts: true, browserName: chrome, browserVersion: 123.0.6312.123, chrome: {chromedriverVersion: 123.0.6312.122 (31f8248cdd9..., userDataDir: C:\Users\dP-PL\AppData\Loca...}, fedcm:accounts: true, goog:chromeOptions: {debuggerAddress: localhost:51256}, javascriptEnabled: true, networkConnectionEnabled: false, pageLoadStrategy: normal, platform: WINDOWS, platformName: WINDOWS, proxy: Proxy(), setWindowRect: true, strictFileInteractability: false, timeouts: {implicit: 0, pageLoad: 300000, script: 30000}, unhandledPromptBehavior: dismiss and notify, webauthn:extension:credBlob: true, webauthn:extension:largeBlob: true, webauthn:extension:minPinLength: true, webauthn:extension:prf: true, webauthn:virtualAuthenticators: true}
Session ID: a59c4df4811f82049fe754efe723d3c1
2024-04-17 18:21:45,565 [main] INFO  base.BaseClass - Trying to find Element By {by.toString()})
2024-04-17 18:21:45,583 [main] INFO  base.BaseClass - Found Element By {by.toString()}
2024-04-17 18:21:45,583 [main] INFO  base.BaseClass - Trying to click on: {element.toString()}
2024-04-17 18:21:45,726 [main] INFO  base.BaseClass - Clicked on: {element.toString()}
2024-04-17 18:21:45,726 [main] INFO  base.BaseClass - Trying to find Element By {by.toString()})
2024-04-17 18:21:46,633 [main] INFO  base.BaseClass - Found Element By {by.toString()}
2024-04-17 18:21:47,164 [main] INFO  base.BaseClass - Trying to find Element By {by.toString()})
2024-04-17 18:21:47,199 [main] INFO  base.BaseClass - Found Element By {by.toString()}
2024-04-17 18:21:47,740 [main] INFO  base.BaseClass - Trying to find Element By {by.toString()})
2024-04-17 18:21:47,772 [main] INFO  base.BaseClass - Found Element By {by.toString()}
2024-04-17 18:21:48,317 [main] INFO  base.BaseClass - Trying to find Element By {by.toString()})
2024-04-17 18:21:48,349 [main] INFO  base.BaseClass - Found Element By {by.toString()}
2024-04-17 18:21:48,892 [main] INFO  base.BaseClass - Trying to find Element By {by.toString()})
2024-04-17 18:21:48,919 [main] INFO  base.BaseClass - Found Element By {by.toString()}
2024-04-17 18:21:49,456 [main] INFO  base.BaseClass - Trying to find Element By {by.toString()})
2024-04-17 18:21:49,487 [main] INFO  base.BaseClass - Found Element By {by.toString()}
2024-04-17 18:21:50,035 [main] INFO  base.BaseClass - Trying to find Element By {by.toString()})
2024-04-17 18:21:50,066 [main] INFO  base.BaseClass - Found Element By {by.toString()}
2024-04-17 18:21:50,618 [main] INFO  base.BaseClass - Trying to find Element By {by.toString()})
2024-04-17 18:21:50,650 [main] INFO  base.BaseClass - Found Element By {by.toString()}
2024-04-17 18:21:51,201 [main] INFO  base.BaseClass - Trying to find Element By {by.toString()})
2024-04-17 18:21:51,236 [main] INFO  base.BaseClass - Found Element By {by.toString()}
2024-04-17 18:21:51,808 [main] INFO  base.BaseClass - Trying to find Element By {by.toString()})
2024-04-17 18:21:51,840 [main] INFO  base.BaseClass - Found Element By {by.toString()}
2024-04-17 18:21:52,385 [main] INFO  base.BaseClass - Trying to find Element By {by.toString()})
2024-04-17 18:21:52,416 [main] INFO  base.BaseClass - Found Element By {by.toString()}
2024-04-17 18:21:52,961 [main] INFO  base.BaseClass - Trying to find Element By {by.toString()})
2024-04-17 18:21:52,991 [main] INFO  base.BaseClass - Found Element By {by.toString()}
2024-04-17 18:21:53,540 [main] INFO  base.BaseClass - Trying to find Element By {by.toString()})
2024-04-17 18:21:53,571 [main] INFO  base.BaseClass - Found Element By {by.toString()}
2024-04-17 18:21:54,118 [main] INFO  base.BaseClass - Trying to find Element By {by.toString()})
2024-04-17 18:21:54,140 [main] INFO  base.BaseClass - Found Element By {by.toString()}
2024-04-17 18:21:54,681 [main] INFO  base.BaseClass - Trying to find Element By {by.toString()})
2024-04-17 18:21:54,710 [main] INFO  base.BaseClass - Found Element By {by.toString()}
2024-04-17 18:21:55,259 [main] INFO  base.BaseClass - Trying to find Element By {by.toString()})
2024-04-17 18:21:55,289 [main] INFO  base.BaseClass - Found Element By {by.toString()}
2024-04-17 18:21:55,834 [main] INFO  base.BaseClass - Trying to find Element By {by.toString()})
2024-04-17 18:21:57,028 [main] INFO  base.BaseClass - Found Element By {by.toString()}
2024-04-17 18:21:57,566 [main] INFO  base.BaseClass - Trying to find Element By {by.toString()})
2024-04-17 18:21:57,614 [main] INFO  base.BaseClass - Found Element By {by.toString()}
2024-04-17 18:21:58,148 [main] INFO  base.BaseClass - Trying to find Element By {by.toString()})
2024-04-17 18:21:58,182 [main] INFO  base.BaseClass - Found Element By {by.toString()}
2024-04-17 18:21:58,725 [main] INFO  base.BaseClass - Trying to find Element By {by.toString()})
2024-04-17 18:21:58,758 [main] INFO  base.BaseClass - Found Element By {by.toString()}
2024-04-17 18:21:59,304 [main] INFO  base.BaseClass - Trying to find Element By {by.toString()})
2024-04-17 18:21:59,325 [main] INFO  base.BaseClass - Found Element By {by.toString()}
2024-04-17 18:21:59,853 [main] INFO  base.BaseClass - Trying to find Element By {by.toString()})
2024-04-17 18:21:59,883 [main] INFO  base.BaseClass - Found Element By {by.toString()}
2024-04-17 18:22:00,432 [main] INFO  base.BaseClass - Trying to find Element By {by.toString()})
2024-04-17 18:22:00,463 [main] INFO  base.BaseClass - Found Element By {by.toString()}
2024-04-17 18:22:00,999 [main] INFO  base.BaseClass - Trying to find Element By {by.toString()})
2024-04-17 18:22:01,028 [main] INFO  base.BaseClass - Found Element By {by.toString()}
2024-04-17 18:22:01,560 [main] INFO  base.BaseClass - Trying to find Element By {by.toString()})
2024-04-17 18:22:01,592 [main] INFO  base.BaseClass - Found Element By {by.toString()}
2024-04-17 18:22:02,138 [main] INFO  base.BaseClass - Trying to find Element By {by.toString()})
2024-04-17 18:22:02,169 [main] INFO  base.BaseClass - Found Element By {by.toString()}
2024-04-17 18:22:02,717 [main] INFO  base.BaseClass - Trying to find Element By {by.toString()})
2024-04-17 18:22:02,747 [main] INFO  base.BaseClass - Found Element By {by.toString()}
2024-04-17 18:22:03,297 [main] INFO  base.BaseClass - Trying to find Element By {by.toString()})
2024-04-17 18:22:03,329 [main] INFO  base.BaseClass - Found Element By {by.toString()}
2024-04-17 18:22:03,874 [main] INFO  base.BaseClass - Trying to find Element By {by.toString()})
2024-04-17 18:22:03,905 [main] INFO  base.BaseClass - Found Element By {by.toString()}
2024-04-17 18:22:04,452 [main] INFO  base.BaseClass - Trying to find Element By {by.toString()})
2024-04-17 18:22:04,483 [main] INFO  base.BaseClass - Found Element By {by.toString()}
2024-04-17 18:22:05,034 [main] INFO  base.BaseClass - Trying to find Element By {by.toString()})
2024-04-17 18:22:05,064 [main] INFO  base.BaseClass - Found Element By {by.toString()}
2024-04-17 18:22:05,612 [main] INFO  base.BaseClass - Trying to find Element By {by.toString()})
2024-04-17 18:22:05,643 [main] INFO  base.BaseClass - Found Element By {by.toString()}
2024-04-17 18:22:06,180 [main] INFO  base.BaseClass - Trying to find Element By {by.toString()})
2024-04-17 18:22:06,198 [main] INFO  base.BaseClass - Found Element By {by.toString()}
2024-04-17 18:22:06,727 [main] INFO  base.BaseClass - Trying to find Element By {by.toString()})
2024-04-17 18:22:06,758 [main] INFO  base.BaseClass - Found Element By {by.toString()}
2024-04-17 18:22:07,308 [main] INFO  base.BaseClass - Trying to find Element By {by.toString()})
2024-04-17 18:22:07,325 [main] INFO  base.BaseClass - Found Element By {by.toString()}
2024-04-17 18:22:07,857 [main] INFO  base.BaseClass - Trying to find Element By {by.toString()})
2024-04-17 18:22:07,920 [main] INFO  base.BaseClass - Found Element By {by.toString()}
2024-04-17 18:22:08,436 [main] INFO  base.BaseClass - Trying to find Element By {by.toString()})
2024-04-17 18:22:08,466 [main] INFO  base.BaseClass - Found Element By {by.toString()}
2024-04-17 18:22:09,013 [main] INFO  base.BaseClass - Trying to find Element By {by.toString()})
2024-04-17 18:22:09,041 [main] INFO  base.BaseClass - Found Element By {by.toString()}
2024-04-17 18:22:09,564 [main] INFO  base.BaseClass - Trying to find Element By {by.toString()})
2024-04-17 18:22:09,595 [main] INFO  base.BaseClass - Found Element By {by.toString()}
2024-04-17 18:22:10,143 [main] INFO  base.BaseClass - Trying to find Element By {by.toString()})
2024-04-17 18:22:10,155 [main] INFO  base.BaseClass - Found Element By {by.toString()}
2024-04-17 18:22:10,676 [main] INFO  base.BaseClass - Trying to find Element By {by.toString()})
2024-04-17 18:22:10,706 [main] INFO  base.BaseClass - Found Element By {by.toString()}
2024-04-17 18:22:11,254 [main] INFO  base.BaseClass - Trying to find Element By {by.toString()})
2024-04-17 18:22:11,286 [main] INFO  base.BaseClass - Found Element By {by.toString()}
2024-04-17 18:22:11,837 [main] INFO  base.BaseClass - Trying to find Element By {by.toString()})
2024-04-17 18:22:11,867 [main] INFO  base.BaseClass - Found Element By {by.toString()}
2024-04-17 18:22:12,422 [main] INFO  base.BaseClass - Trying to find Element By {by.toString()})
2024-04-17 18:22:12,445 [main] INFO  base.BaseClass - Found Element By {by.toString()}
2024-04-17 18:22:12,972 [main] INFO  base.BaseClass - Trying to find Element By {by.toString()})
2024-04-17 18:22:13,000 [main] INFO  base.BaseClass - Found Element By {by.toString()}
2024-04-17 18:22:13,553 [main] INFO  base.BaseClass - Trying to find Element By {by.toString()})
2024-04-17 18:22:13,582 [main] INFO  base.BaseClass - Found Element By {by.toString()}
2024-04-17 18:22:14,119 [main] INFO  base.BaseClass - Trying to find Element By {by.toString()})
2024-04-17 18:22:14,149 [main] INFO  base.BaseClass - Found Element By {by.toString()}
2024-04-17 18:22:14,699 [main] INFO  base.BaseClass - Trying to find Element By {by.toString()})
2024-04-17 18:22:14,727 [main] INFO  base.BaseClass - Found Element By {by.toString()}
2024-04-17 18:22:15,259 [main] INFO  base.BaseClass - Trying to find Element By {by.toString()})
2024-04-17 18:22:15,284 [main] INFO  base.BaseClass - Found Element By {by.toString()}
2024-04-17 18:22:15,821 [main] INFO  base.BaseClass - Trying to find Element By {by.toString()})
2024-04-17 18:22:15,851 [main] INFO  base.BaseClass - Found Element By {by.toString()}
TimeoutException occurred: Expected condition failed: waiting for helper.WaitUtility$5@641389d7 (tried for 30 second(s) with 500 milliseconds interval)
Build info: version: '3.141.59', revision: 'e82be7d358', time: '2018-11-14T08:17:03'
System info: host: 'DPLAP166', ip: '137.237.2.236', os.name: 'Windows 10', os.arch: 'amd64', os.version: '10.0', java.version: '19.0.1'
Driver info: org.openqa.selenium.support.events.EventFiringWebDriver
Capabilities {acceptInsecureCerts: true, browserName: chrome, browserVersion: 123.0.6312.123, chrome: {chromedriverVersion: 123.0.6312.122 (31f8248cdd9..., userDataDir: C:\Users\dP-PL\AppData\Loca...}, fedcm:accounts: true, goog:chromeOptions: {debuggerAddress: localhost:51256}, javascriptEnabled: true, networkConnectionEnabled: false, pageLoadStrategy: normal, platform: WINDOWS, platformName: WINDOWS, proxy: Proxy(), setWindowRect: true, strictFileInteractability: false, timeouts: {implicit: 0, pageLoad: 300000, script: 30000}, unhandledPromptBehavior: dismiss and notify, webauthn:extension:credBlob: true, webauthn:extension:largeBlob: true, webauthn:extension:minPinLength: true, webauthn:extension:prf: true, webauthn:virtualAuthenticators: true}
Session ID: a59c4df4811f82049fe754efe723d3c1
2024-04-17 18:22:15,891 [main] ERROR RotationCopy_test - Element did not become visible within the specified time: Expected condition failed: waiting for helper.WaitUtility$5@641389d7 (tried for 30 second(s) with 500 milliseconds interval)
Build info: version: '3.141.59', revision: 'e82be7d358', time: '2018-11-14T08:17:03'
System info: host: 'DPLAP166', ip: '137.237.2.236', os.name: 'Windows 10', os.arch: 'amd64', os.version: '10.0', java.version: '19.0.1'
Driver info: org.openqa.selenium.support.events.EventFiringWebDriver
Capabilities {acceptInsecureCerts: true, browserName: chrome, browserVersion: 123.0.6312.123, chrome: {chromedriverVersion: 123.0.6312.122 (31f8248cdd9..., userDataDir: C:\Users\dP-PL\AppData\Loca...}, fedcm:accounts: true, goog:chromeOptions: {debuggerAddress: localhost:51256}, javascriptEnabled: true, networkConnectionEnabled: false, pageLoadStrategy: normal, platform: WINDOWS, platformName: WINDOWS, proxy: Proxy(), setWindowRect: true, strictFileInteractability: false, timeouts: {implicit: 0, pageLoad: 300000, script: 30000}, unhandledPromptBehavior: dismiss and notify, webauthn:extension:credBlob: true, webauthn:extension:largeBlob: true, webauthn:extension:minPinLength: true, webauthn:extension:prf: true, webauthn:virtualAuthenticators: true}
Session ID: a59c4df4811f82049fe754efe723d3c1
2024-04-17 18:22:15,891 [main] INFO  base.BaseClass - Trying to find Element By {by.toString()})
2024-04-17 18:22:15,909 [main] INFO  base.BaseClass - Found Element By {by.toString()}
2024-04-17 18:22:15,910 [main] INFO  base.BaseClass - Trying to click on: {element.toString()}
2024-04-17 18:22:15,989 [main] INFO  base.BaseClass - Clicked on: {element.toString()}
2024-04-17 18:22:15,989 [main] INFO  base.BaseClass - Trying to find Element By {by.toString()})
2024-04-17 18:22:16,004 [main] INFO  base.BaseClass - Found Element By {by.toString()}
2024-04-17 18:22:16,523 [main] INFO  base.BaseClass - Trying to find Element By {by.toString()})
2024-04-17 18:22:16,555 [main] INFO  base.BaseClass - Found Element By {by.toString()}
2024-04-17 18:22:17,085 [main] INFO  base.BaseClass - Trying to find Element By {by.toString()})
2024-04-17 18:22:17,103 [main] INFO  base.BaseClass - Found Element By {by.toString()}
2024-04-17 18:22:17,631 [main] INFO  base.BaseClass - Trying to find Element By {by.toString()})
2024-04-17 18:22:17,662 [main] INFO  base.BaseClass - Found Element By {by.toString()}
2024-04-17 18:22:18,208 [main] INFO  base.BaseClass - Trying to find Element By {by.toString()})
2024-04-17 18:22:18,239 [main] INFO  base.BaseClass - Found Element By {by.toString()}
2024-04-17 18:22:18,784 [main] INFO  base.BaseClass - Trying to find Element By {by.toString()})
2024-04-17 18:22:18,813 [main] INFO  base.BaseClass - Found Element By {by.toString()}
2024-04-17 18:22:19,348 [main] INFO  base.BaseClass - Trying to find Element By {by.toString()})
2024-04-17 18:22:19,380 [main] INFO  base.BaseClass - Found Element By {by.toString()}
2024-04-17 18:22:19,922 [main] INFO  base.BaseClass - Trying to find Element By {by.toString()})
2024-04-17 18:22:19,952 [main] INFO  base.BaseClass - Found Element By {by.toString()}
2024-04-17 18:22:20,506 [main] INFO  base.BaseClass - Trying to find Element By {by.toString()})
2024-04-17 18:22:20,537 [main] INFO  base.BaseClass - Found Element By {by.toString()}
2024-04-17 18:22:21,101 [main] INFO  base.BaseClass - Trying to find Element By {by.toString()})
2024-04-17 18:22:21,132 [main] INFO  base.BaseClass - Found Element By {by.toString()}
2024-04-17 18:22:21,678 [main] INFO  base.BaseClass - Trying to find Element By {by.toString()})
2024-04-17 18:22:21,710 [main] INFO  base.BaseClass - Found Element By {by.toString()}
2024-04-17 18:22:22,255 [main] INFO  base.BaseClass - Trying to find Element By {by.toString()})
2024-04-17 18:22:22,274 [main] INFO  base.BaseClass - Found Element By {by.toString()}
2024-04-17 18:22:22,818 [main] INFO  base.BaseClass - Trying to find Element By {by.toString()})
2024-04-17 18:22:22,849 [main] INFO  base.BaseClass - Found Element By {by.toString()}
2024-04-17 18:22:23,397 [main] INFO  base.BaseClass - Trying to find Element By {by.toString()})
2024-04-17 18:22:23,415 [main] INFO  base.BaseClass - Found Element By {by.toString()}
2024-04-17 18:22:23,946 [main] INFO  base.BaseClass - Trying to find Element By {by.toString()})
2024-04-17 18:22:23,973 [main] INFO  base.BaseClass - Found Element By {by.toString()}
2024-04-17 18:22:24,525 [main] INFO  base.BaseClass - Trying to find Element By {by.toString()})
2024-04-17 18:22:24,557 [main] INFO  base.BaseClass - Found Element By {by.toString()}
2024-04-17 18:22:25,105 [main] INFO  base.BaseClass - Trying to find Element By {by.toString()})
2024-04-17 18:22:25,135 [main] INFO  base.BaseClass - Found Element By {by.toString()}
2024-04-17 18:22:25,681 [main] INFO  base.BaseClass - Trying to find Element By {by.toString()})
2024-04-17 18:22:25,711 [main] INFO  base.BaseClass - Found Element By {by.toString()}
2024-04-17 18:22:26,261 [main] INFO  base.BaseClass - Trying to find Element By {by.toString()})
2024-04-17 18:22:26,279 [main] INFO  base.BaseClass - Found Element By {by.toString()}
2024-04-17 18:22:26,811 [main] INFO  base.BaseClass - Trying to find Element By {by.toString()})
2024-04-17 18:22:26,841 [main] INFO  base.BaseClass - Found Element By {by.toString()}
2024-04-17 18:22:27,390 [main] INFO  base.BaseClass - Trying to find Element By {by.toString()})
2024-04-17 18:22:27,416 [main] INFO  base.BaseClass - Found Element By {by.toString()}
2024-04-17 18:22:27,956 [main] INFO  base.BaseClass - Trying to find Element By {by.toString()})
2024-04-17 18:22:27,969 [main] INFO  base.BaseClass - Found Element By {by.toString()}
2024-04-17 18:22:28,489 [main] INFO  base.BaseClass - Trying to find Element By {by.toString()})
2024-04-17 18:22:28,521 [main] INFO  base.BaseClass - Found Element By {by.toString()}
2024-04-17 18:22:29,069 [main] INFO  base.BaseClass - Trying to find Element By {by.toString()})
2024-04-17 18:22:29,101 [main] INFO  base.BaseClass - Found Element By {by.toString()}
2024-04-17 18:22:29,654 [main] INFO  base.BaseClass - Trying to find Element By {by.toString()})
2024-04-17 18:22:29,685 [main] INFO  base.BaseClass - Found Element By {by.toString()}
2024-04-17 18:22:30,233 [main] INFO  base.BaseClass - Trying to find Element By {by.toString()})
2024-04-17 18:22:30,263 [main] INFO  base.BaseClass - Found Element By {by.toString()}
2024-04-17 18:22:30,815 [main] INFO  base.BaseClass - Trying to find Element By {by.toString()})
2024-04-17 18:22:30,846 [main] INFO  base.BaseClass - Found Element By {by.toString()}
2024-04-17 18:22:31,396 [main] INFO  base.BaseClass - Trying to find Element By {by.toString()})
2024-04-17 18:22:31,429 [main] INFO  base.BaseClass - Found Element By {by.toString()}
2024-04-17 18:22:31,962 [main] INFO  base.BaseClass - Trying to find Element By {by.toString()})
2024-04-17 18:22:31,992 [main] INFO  base.BaseClass - Found Element By {by.toString()}
2024-04-17 18:22:32,540 [main] INFO  base.BaseClass - Trying to find Element By {by.toString()})
2024-04-17 18:22:32,570 [main] INFO  base.BaseClass - Found Element By {by.toString()}
2024-04-17 18:22:33,118 [main] INFO  base.BaseClass - Trying to find Element By {by.toString()})
2024-04-17 18:22:33,136 [main] INFO  base.BaseClass - Found Element By {by.toString()}
2024-04-17 18:22:33,666 [main] INFO  base.BaseClass - Trying to find Element By {by.toString()})
2024-04-17 18:22:33,697 [main] INFO  base.BaseClass - Found Element By {by.toString()}
2024-04-17 18:22:34,246 [main] INFO  base.BaseClass - Trying to find Element By {by.toString()})
2024-04-17 18:22:34,275 [main] INFO  base.BaseClass - Found Element By {by.toString()}
2024-04-17 18:22:34,826 [main] INFO  base.BaseClass - Trying to find Element By {by.toString()})
2024-04-17 18:22:34,857 [main] INFO  base.BaseClass - Found Element By {by.toString()}
2024-04-17 18:22:35,405 [main] INFO  base.BaseClass - Trying to find Element By {by.toString()})
2024-04-17 18:22:35,435 [main] INFO  base.BaseClass - Found Element By {by.toString()}
2024-04-17 18:22:35,968 [main] INFO  base.BaseClass - Trying to find Element By {by.toString()})
2024-04-17 18:22:35,998 [main] INFO  base.BaseClass - Found Element By {by.toString()}
2024-04-17 18:22:36,547 [main] INFO  base.BaseClass - Trying to find Element By {by.toString()})
2024-04-17 18:22:36,578 [main] INFO  base.BaseClass - Found Element By {by.toString()}
2024-04-17 18:22:37,123 [main] INFO  base.BaseClass - Trying to find Element By {by.toString()})
2024-04-17 18:22:37,154 [main] INFO  base.BaseClass - Found Element By {by.toString()}
2024-04-17 18:22:37,702 [main] INFO  base.BaseClass - Trying to find Element By {by.toString()})
2024-04-17 18:22:37,732 [main] INFO  base.BaseClass - Found Element By {by.toString()}
2024-04-17 18:22:38,276 [main] INFO  base.BaseClass - Trying to find Element By {by.toString()})
2024-04-17 18:22:38,305 [main] INFO  base.BaseClass - Found Element By {by.toString()}
2024-04-17 18:22:38,841 [main] INFO  base.BaseClass - Trying to find Element By {by.toString()})
2024-04-17 18:22:38,874 [main] INFO  base.BaseClass - Found Element By {by.toString()}
2024-04-17 18:22:39,424 [main] INFO  base.BaseClass - Trying to find Element By {by.toString()})
2024-04-17 18:22:39,454 [main] INFO  base.BaseClass - Found Element By {by.toString()}
2024-04-17 18:22:39,983 [main] INFO  base.BaseClass - Trying to find Element By {by.toString()})
2024-04-17 18:22:40,015 [main] INFO  base.BaseClass - Found Element By {by.toString()}
2024-04-17 18:22:40,564 [main] INFO  base.BaseClass - Trying to find Element By {by.toString()})
2024-04-17 18:22:40,595 [main] INFO  base.BaseClass - Found Element By {by.toString()}
2024-04-17 18:22:41,141 [main] INFO  base.BaseClass - Trying to find Element By {by.toString()})
2024-04-17 18:22:41,172 [main] INFO  base.BaseClass - Found Element By {by.toString()}
2024-04-17 18:22:41,719 [main] INFO  base.BaseClass - Trying to find Element By {by.toString()})
2024-04-17 18:22:41,750 [main] INFO  base.BaseClass - Found Element By {by.toString()}
2024-04-17 18:22:42,295 [main] INFO  base.BaseClass - Trying to find Element By {by.toString()})
2024-04-17 18:22:42,344 [main] INFO  base.BaseClass - Found Element By {by.toString()}
2024-04-17 18:22:42,871 [main] INFO  base.BaseClass - Trying to find Element By {by.toString()})
2024-04-17 18:22:42,895 [main] INFO  base.BaseClass - Found Element By {by.toString()}
2024-04-17 18:22:43,431 [main] INFO  base.BaseClass - Trying to find Element By {by.toString()})
2024-04-17 18:22:43,463 [main] INFO  base.BaseClass - Found Element By {by.toString()}
2024-04-17 18:22:43,995 [main] INFO  base.BaseClass - Trying to find Element By {by.toString()})
2024-04-17 18:22:44,026 [main] INFO  base.BaseClass - Found Element By {by.toString()}
2024-04-17 18:22:44,575 [main] INFO  base.BaseClass - Trying to find Element By {by.toString()})
2024-04-17 18:22:44,606 [main] INFO  base.BaseClass - Found Element By {by.toString()}
2024-04-17 18:22:45,151 [main] INFO  base.BaseClass - Trying to find Element By {by.toString()})
2024-04-17 18:22:45,181 [main] INFO  base.BaseClass - Found Element By {by.toString()}
2024-04-17 18:22:45,730 [main] INFO  base.BaseClass - Trying to find Element By {by.toString()})
2024-04-17 18:22:45,761 [main] INFO  base.BaseClass - Found Element By {by.toString()}
2024-04-17 18:22:46,292 [main] INFO  base.BaseClass - Trying to find Element By {by.toString()})
2024-04-17 18:22:46,318 [main] INFO  base.BaseClass - Found Element By {by.toString()}
TimeoutException occurred: Expected condition failed: waiting for helper.WaitUtility$5@2051728b (tried for 30 second(s) with 500 milliseconds interval)
Build info: version: '3.141.59', revision: 'e82be7d358', time: '2018-11-14T08:17:03'
System info: host: 'DPLAP166', ip: '137.237.2.236', os.name: 'Windows 10', os.arch: 'amd64', os.version: '10.0', java.version: '19.0.1'
Driver info: org.openqa.selenium.support.events.EventFiringWebDriver
Capabilities {acceptInsecureCerts: true, browserName: chrome, browserVersion: 123.0.6312.123, chrome: {chromedriverVersion: 123.0.6312.122 (31f8248cdd9..., userDataDir: C:\Users\dP-PL\AppData\Loca...}, fedcm:accounts: true, goog:chromeOptions: {debuggerAddress: localhost:51256}, javascriptEnabled: true, networkConnectionEnabled: false, pageLoadStrategy: normal, platform: WINDOWS, platformName: WINDOWS, proxy: Proxy(), setWindowRect: true, strictFileInteractability: false, timeouts: {implicit: 0, pageLoad: 300000, script: 30000}, unhandledPromptBehavior: dismiss and notify, webauthn:extension:credBlob: true, webauthn:extension:largeBlob: true, webauthn:extension:minPinLength: true, webauthn:extension:prf: true, webauthn:virtualAuthenticators: true}
Session ID: a59c4df4811f82049fe754efe723d3c1
2024-04-17 18:22:46,361 [main] ERROR RotationCopy_test - Element did not become visible within the specified time: Expected condition failed: waiting for helper.WaitUtility$5@2051728b (tried for 30 second(s) with 500 milliseconds interval)
Build info: version: '3.141.59', revision: 'e82be7d358', time: '2018-11-14T08:17:03'
System info: host: 'DPLAP166', ip: '137.237.2.236', os.name: 'Windows 10', os.arch: 'amd64', os.version: '10.0', java.version: '19.0.1'
Driver info: org.openqa.selenium.support.events.EventFiringWebDriver
Capabilities {acceptInsecureCerts: true, browserName: chrome, browserVersion: 123.0.6312.123, chrome: {chromedriverVersion: 123.0.6312.122 (31f8248cdd9..., userDataDir: C:\Users\dP-PL\AppData\Loca...}, fedcm:accounts: true, goog:chromeOptions: {debuggerAddress: localhost:51256}, javascriptEnabled: true, networkConnectionEnabled: false, pageLoadStrategy: normal, platform: WINDOWS, platformName: WINDOWS, proxy: Proxy(), setWindowRect: true, strictFileInteractability: false, timeouts: {implicit: 0, pageLoad: 300000, script: 30000}, unhandledPromptBehavior: dismiss and notify, webauthn:extension:credBlob: true, webauthn:extension:largeBlob: true, webauthn:extension:minPinLength: true, webauthn:extension:prf: true, webauthn:virtualAuthenticators: true}
Session ID: a59c4df4811f82049fe754efe723d3c1
2024-04-17 18:22:46,361 [main] INFO  base.BaseClass - Trying to find Element By {by.toString()})
2024-04-17 18:22:46,382 [main] INFO  base.BaseClass - Found Element By {by.toString()}
2024-04-17 18:22:46,382 [main] INFO  base.BaseClass - Trying to click on: {element.toString()}
2024-04-17 18:22:46,494 [main] INFO  base.BaseClass - Clicked on: {element.toString()}
2024-04-17 18:22:46,500 [main] INFO  base.BaseClass - Trying to find Element By {by.toString()})
2024-04-17 18:22:46,515 [main] INFO  base.BaseClass - Found Element By {by.toString()}
2024-04-17 18:22:47,039 [main] INFO  base.BaseClass - Trying to find Element By {by.toString()})
2024-04-17 18:22:47,050 [main] INFO  base.BaseClass - Found Element By {by.toString()}
2024-04-17 18:22:47,571 [main] INFO  base.BaseClass - Trying to find Element By {by.toString()})
2024-04-17 18:22:47,601 [main] INFO  base.BaseClass - Found Element By {by.toString()}
2024-04-17 18:22:48,147 [main] INFO  base.BaseClass - Trying to find Element By {by.toString()})
2024-04-17 18:22:48,179 [main] INFO  base.BaseClass - Found Element By {by.toString()}
2024-04-17 18:22:48,725 [main] INFO  base.BaseClass - Trying to find Element By {by.toString()})
2024-04-17 18:22:48,755 [main] INFO  base.BaseClass - Found Element By {by.toString()}
2024-04-17 18:22:49,304 [main] INFO  base.BaseClass - Trying to find Element By {by.toString()})
2024-04-17 18:22:49,334 [main] INFO  base.BaseClass - Found Element By {by.toString()}
2024-04-17 18:22:49,865 [main] INFO  base.BaseClass - Trying to find Element By {by.toString()})
2024-04-17 18:22:49,894 [main] INFO  base.BaseClass - Found Element By {by.toString()}
2024-04-17 18:22:50,441 [main] INFO  base.BaseClass - Trying to find Element By {by.toString()})
2024-04-17 18:22:50,472 [main] INFO  base.BaseClass - Found Element By {by.toString()}
2024-04-17 18:22:51,017 [main] INFO  base.BaseClass - Trying to find Element By {by.toString()})
2024-04-17 18:22:51,045 [main] INFO  base.BaseClass - Found Element By {by.toString()}
2024-04-17 18:22:51,594 [main] INFO  base.BaseClass - Trying to find Element By {by.toString()})
2024-04-17 18:22:51,624 [main] INFO  base.BaseClass - Found Element By {by.toString()}
2024-04-17 18:22:52,172 [main] INFO  base.BaseClass - Trying to find Element By {by.toString()})
2024-04-17 18:22:52,188 [main] INFO  base.BaseClass - Found Element By {by.toString()}
2024-04-17 18:22:52,705 [main] INFO  base.BaseClass - Trying to find Element By {by.toString()})
2024-04-17 18:22:52,735 [main] INFO  base.BaseClass - Found Element By {by.toString()}
2024-04-17 18:22:53,287 [main] INFO  base.BaseClass - Trying to find Element By {by.toString()})
2024-04-17 18:22:53,316 [main] INFO  base.BaseClass - Found Element By {by.toString()}
2024-04-17 18:22:53,866 [main] INFO  base.BaseClass - Trying to find Element By {by.toString()})
2024-04-17 18:22:53,895 [main] INFO  base.BaseClass - Found Element By {by.toString()}
2024-04-17 18:22:54,443 [main] INFO  base.BaseClass - Trying to find Element By {by.toString()})
2024-04-17 18:22:54,470 [main] INFO  base.BaseClass - Found Element By {by.toString()}
2024-04-17 18:22:55,019 [main] INFO  base.BaseClass - Trying to find Element By {by.toString()})
2024-04-17 18:22:55,048 [main] INFO  base.BaseClass - Found Element By {by.toString()}
2024-04-17 18:22:55,596 [main] INFO  base.BaseClass - Trying to find Element By {by.toString()})
2024-04-17 18:22:55,626 [main] INFO  base.BaseClass - Found Element By {by.toString()}
2024-04-17 18:22:56,175 [main] INFO  base.BaseClass - Trying to find Element By {by.toString()})
2024-04-17 18:22:56,205 [main] INFO  base.BaseClass - Found Element By {by.toString()}
2024-04-17 18:22:56,752 [main] INFO  base.BaseClass - Trying to find Element By {by.toString()})
2024-04-17 18:22:56,780 [main] INFO  base.BaseClass - Found Element By {by.toString()}
2024-04-17 18:22:57,314 [main] INFO  base.BaseClass - Trying to find Element By {by.toString()})
2024-04-17 18:22:57,344 [main] INFO  base.BaseClass - Found Element By {by.toString()}
2024-04-17 18:22:57,893 [main] INFO  base.BaseClass - Trying to find Element By {by.toString()})
2024-04-17 18:22:57,919 [main] INFO  base.BaseClass - Found Element By {by.toString()}
2024-04-17 18:22:58,441 [main] INFO  base.BaseClass - Trying to find Element By {by.toString()})
2024-04-17 18:22:58,461 [main] INFO  base.BaseClass - Found Element By {by.toString()}
2024-04-17 18:22:59,005 [main] INFO  base.BaseClass - Trying to find Element By {by.toString()})
2024-04-17 18:22:59,034 [main] INFO  base.BaseClass - Found Element By {by.toString()}
2024-04-17 18:22:59,585 [main] INFO  base.BaseClass - Trying to find Element By {by.toString()})
2024-04-17 18:22:59,614 [main] INFO  base.BaseClass - Found Element By {by.toString()}
2024-04-17 18:23:00,165 [main] INFO  base.BaseClass - Trying to find Element By {by.toString()})
2024-04-17 18:23:00,198 [main] INFO  base.BaseClass - Found Element By {by.toString()}
2024-04-17 18:23:00,745 [main] INFO  base.BaseClass - Trying to find Element By {by.toString()})
2024-04-17 18:23:00,767 [main] INFO  base.BaseClass - Found Element By {by.toString()}
2024-04-17 18:23:01,296 [main] INFO  base.BaseClass - Trying to find Element By {by.toString()})
2024-04-17 18:23:01,310 [main] INFO  base.BaseClass - Found Element By {by.toString()}
2024-04-17 18:23:01,843 [main] INFO  base.BaseClass - Trying to find Element By {by.toString()})
2024-04-17 18:23:01,880 [main] INFO  base.BaseClass - Found Element By {by.toString()}
2024-04-17 18:23:02,406 [main] INFO  base.BaseClass - Trying to find Element By {by.toString()})
2024-04-17 18:23:02,428 [main] INFO  base.BaseClass - Found Element By {by.toString()}
2024-04-17 18:23:02,953 [main] INFO  base.BaseClass - Trying to find Element By {by.toString()})
2024-04-17 18:23:02,981 [main] INFO  base.BaseClass - Found Element By {by.toString()}
2024-04-17 18:23:03,533 [main] INFO  base.BaseClass - Trying to find Element By {by.toString()})
2024-04-17 18:23:03,555 [main] INFO  base.BaseClass - Found Element By {by.toString()}
2024-04-17 18:23:04,112 [main] INFO  base.BaseClass - Trying to find Element By {by.toString()})
2024-04-17 18:23:04,144 [main] INFO  base.BaseClass - Found Element By {by.toString()}
2024-04-17 18:23:04,677 [main] INFO  base.BaseClass - Trying to find Element By {by.toString()})
2024-04-17 18:23:04,708 [main] INFO  base.BaseClass - Found Element By {by.toString()}
2024-04-17 18:23:05,252 [main] INFO  base.BaseClass - Trying to find Element By {by.toString()})
2024-04-17 18:23:05,278 [main] INFO  base.BaseClass - Found Element By {by.toString()}
2024-04-17 18:23:05,814 [main] INFO  base.BaseClass - Trying to find Element By {by.toString()})
2024-04-17 18:23:05,848 [main] INFO  base.BaseClass - Found Element By {by.toString()}
2024-04-17 18:23:06,394 [main] INFO  base.BaseClass - Trying to find Element By {by.toString()})
2024-04-17 18:23:06,428 [main] INFO  base.BaseClass - Found Element By {by.toString()}
2024-04-17 18:23:06,961 [main] INFO  base.BaseClass - Trying to find Element By {by.toString()})
2024-04-17 18:23:06,994 [main] INFO  base.BaseClass - Found Element By {by.toString()}
2024-04-17 18:23:07,538 [main] INFO  base.BaseClass - Trying to find Element By {by.toString()})
2024-04-17 18:23:07,568 [main] INFO  base.BaseClass - Found Element By {by.toString()}
2024-04-17 18:23:08,102 [main] INFO  base.BaseClass - Trying to find Element By {by.toString()})
2024-04-17 18:23:08,117 [main] INFO  base.BaseClass - Found Element By {by.toString()}
2024-04-17 18:23:08,648 [main] INFO  base.BaseClass - Trying to find Element By {by.toString()})
2024-04-17 18:23:08,660 [main] INFO  base.BaseClass - Found Element By {by.toString()}
2024-04-17 18:23:09,183 [main] INFO  base.BaseClass - Trying to find Element By {by.toString()})
2024-04-17 18:23:09,216 [main] INFO  base.BaseClass - Found Element By {by.toString()}
2024-04-17 18:23:09,761 [main] INFO  base.BaseClass - Trying to find Element By {by.toString()})
2024-04-17 18:23:09,793 [main] INFO  base.BaseClass - Found Element By {by.toString()}
2024-04-17 18:23:10,339 [main] INFO  base.BaseClass - Trying to find Element By {by.toString()})
2024-04-17 18:23:10,369 [main] INFO  base.BaseClass - Found Element By {by.toString()}
2024-04-17 18:23:10,902 [main] INFO  base.BaseClass - Trying to find Element By {by.toString()})
2024-04-17 18:23:10,930 [main] INFO  base.BaseClass - Found Element By {by.toString()}
2024-04-17 18:23:11,480 [main] INFO  base.BaseClass - Trying to find Element By {by.toString()})
2024-04-17 18:23:11,502 [main] INFO  base.BaseClass - Found Element By {by.toString()}
2024-04-17 18:23:12,043 [main] INFO  base.BaseClass - Trying to find Element By {by.toString()})
2024-04-17 18:23:12,071 [main] INFO  base.BaseClass - Found Element By {by.toString()}
2024-04-17 18:23:12,620 [main] INFO  base.BaseClass - Trying to find Element By {by.toString()})
2024-04-17 18:23:12,647 [main] INFO  base.BaseClass - Found Element By {by.toString()}
2024-04-17 18:23:13,183 [main] INFO  base.BaseClass - Trying to find Element By {by.toString()})
2024-04-17 18:23:13,212 [main] INFO  base.BaseClass - Found Element By {by.toString()}
2024-04-17 18:23:13,760 [main] INFO  base.BaseClass - Trying to find Element By {by.toString()})
2024-04-17 18:23:13,789 [main] INFO  base.BaseClass - Found Element By {by.toString()}
2024-04-17 18:23:14,323 [main] INFO  base.BaseClass - Trying to find Element By {by.toString()})
2024-04-17 18:23:14,351 [main] INFO  base.BaseClass - Found Element By {by.toString()}
2024-04-17 18:23:14,900 [main] INFO  base.BaseClass - Trying to find Element By {by.toString()})
2024-04-17 18:23:14,929 [main] INFO  base.BaseClass - Found Element By {by.toString()}
2024-04-17 18:23:15,481 [main] INFO  base.BaseClass - Trying to find Element By {by.toString()})
2024-04-17 18:23:15,497 [main] INFO  base.BaseClass - Found Element By {by.toString()}
2024-04-17 18:23:16,027 [main] INFO  base.BaseClass - Trying to find Element By {by.toString()})
2024-04-17 18:23:16,056 [main] INFO  base.BaseClass - Found Element By {by.toString()}
2024-04-17 18:23:16,592 [main] INFO  base.BaseClass - Trying to find Element By {by.toString()})
2024-04-17 18:23:16,621 [main] INFO  base.BaseClass - Found Element By {by.toString()}
TimeoutException occurred: Expected condition failed: waiting for helper.WaitUtility$5@8bcd0b4 (tried for 30 second(s) with 500 milliseconds interval)
Build info: version: '3.141.59', revision: 'e82be7d358', time: '2018-11-14T08:17:03'
System info: host: 'DPLAP166', ip: '137.237.2.236', os.name: 'Windows 10', os.arch: 'amd64', os.version: '10.0', java.version: '19.0.1'
Driver info: org.openqa.selenium.support.events.EventFiringWebDriver
Capabilities {acceptInsecureCerts: true, browserName: chrome, browserVersion: 123.0.6312.123, chrome: {chromedriverVersion: 123.0.6312.122 (31f8248cdd9..., userDataDir: C:\Users\dP-PL\AppData\Loca...}, fedcm:accounts: true, goog:chromeOptions: {debuggerAddress: localhost:51256}, javascriptEnabled: true, networkConnectionEnabled: false, pageLoadStrategy: normal, platform: WINDOWS, platformName: WINDOWS, proxy: Proxy(), setWindowRect: true, strictFileInteractability: false, timeouts: {implicit: 0, pageLoad: 300000, script: 30000}, unhandledPromptBehavior: dismiss and notify, webauthn:extension:credBlob: true, webauthn:extension:largeBlob: true, webauthn:extension:minPinLength: true, webauthn:extension:prf: true, webauthn:virtualAuthenticators: true}
Session ID: a59c4df4811f82049fe754efe723d3c1
2024-04-17 18:23:16,659 [main] ERROR RotationCopy_test - Element did not become visible within the specified time: Expected condition failed: waiting for helper.WaitUtility$5@8bcd0b4 (tried for 30 second(s) with 500 milliseconds interval)
Build info: version: '3.141.59', revision: 'e82be7d358', time: '2018-11-14T08:17:03'
System info: host: 'DPLAP166', ip: '137.237.2.236', os.name: 'Windows 10', os.arch: 'amd64', os.version: '10.0', java.version: '19.0.1'
Driver info: org.openqa.selenium.support.events.EventFiringWebDriver
Capabilities {acceptInsecureCerts: true, browserName: chrome, browserVersion: 123.0.6312.123, chrome: {chromedriverVersion: 123.0.6312.122 (31f8248cdd9..., userDataDir: C:\Users\dP-PL\AppData\Loca...}, fedcm:accounts: true, goog:chromeOptions: {debuggerAddress: localhost:51256}, javascriptEnabled: true, networkConnectionEnabled: false, pageLoadStrategy: normal, platform: WINDOWS, platformName: WINDOWS, proxy: Proxy(), setWindowRect: true, strictFileInteractability: false, timeouts: {implicit: 0, pageLoad: 300000, script: 30000}, unhandledPromptBehavior: dismiss and notify, webauthn:extension:credBlob: true, webauthn:extension:largeBlob: true, webauthn:extension:minPinLength: true, webauthn:extension:prf: true, webauthn:virtualAuthenticators: true}
Session ID: a59c4df4811f82049fe754efe723d3c1
2024-04-17 18:23:16,660 [main] INFO  base.BaseClass - Trying to find Element By {by.toString()})
2024-04-17 18:23:16,679 [main] INFO  base.BaseClass - Found Element By {by.toString()}
2024-04-17 18:23:16,679 [main] INFO  base.BaseClass - Trying to click on: {element.toString()}
2024-04-17 18:23:16,788 [main] INFO  base.BaseClass - Clicked on: {element.toString()}
2024-04-17 18:23:16,794 [main] INFO  base.BaseClass - Trying to find Element By {by.toString()})
2024-04-17 18:23:16,806 [main] INFO  base.BaseClass - Found Element By {by.toString()}
2024-04-17 18:23:17,324 [main] INFO  base.BaseClass - Trying to find Element By {by.toString()})
2024-04-17 18:23:17,354 [main] INFO  base.BaseClass - Found Element By {by.toString()}
StaleElementReferenceException occurred: stale element reference: stale element not found in the current frame
  (Session info: chrome=123.0.6312.123)
For documentation on this error, please visit: https://www.seleniumhq.org/exceptions/stale_element_reference.html
Build info: version: '3.141.59', revision: 'e82be7d358', time: '2018-11-14T08:17:03'
System info: host: 'DPLAP166', ip: '137.237.2.236', os.name: 'Windows 10', os.arch: 'amd64', os.version: '10.0', java.version: '19.0.1'
Driver info: org.openqa.selenium.chrome.ChromeDriver
Capabilities {acceptInsecureCerts: true, browserName: chrome, browserVersion: 123.0.6312.123, chrome: {chromedriverVersion: 123.0.6312.122 (31f8248cdd9..., userDataDir: C:\Users\dP-PL\AppData\Loca...}, fedcm:accounts: true, goog:chromeOptions: {debuggerAddress: localhost:51256}, javascriptEnabled: true, networkConnectionEnabled: false, pageLoadStrategy: normal, platform: WINDOWS, platformName: WINDOWS, proxy: Proxy(), setWindowRect: true, strictFileInteractability: false, timeouts: {implicit: 0, pageLoad: 300000, script: 30000}, unhandledPromptBehavior: dismiss and notify, webauthn:extension:credBlob: true, webauthn:extension:largeBlob: true, webauthn:extension:minPinLength: true, webauthn:extension:prf: true, webauthn:virtualAuthenticators: true}
Session ID: a59c4df4811f82049fe754efe723d3c1
2024-04-17 18:23:17,439 [main] ERROR RotationCopy_test - Element did not become visible within the specified time: stale element reference: stale element not found in the current frame
  (Session info: chrome=123.0.6312.123)
For documentation on this error, please visit: https://www.seleniumhq.org/exceptions/stale_element_reference.html
Build info: version: '3.141.59', revision: 'e82be7d358', time: '2018-11-14T08:17:03'
System info: host: 'DPLAP166', ip: '137.237.2.236', os.name: 'Windows 10', os.arch: 'amd64', os.version: '10.0', java.version: '19.0.1'
Driver info: org.openqa.selenium.chrome.ChromeDriver
Capabilities {acceptInsecureCerts: true, browserName: chrome, browserVersion: 123.0.6312.123, chrome: {chromedriverVersion: 123.0.6312.122 (31f8248cdd9..., userDataDir: C:\Users\dP-PL\AppData\Loca...}, fedcm:accounts: true, goog:chromeOptions: {debuggerAddress: localhost:51256}, javascriptEnabled: true, networkConnectionEnabled: false, pageLoadStrategy: normal, platform: WINDOWS, platformName: WINDOWS, proxy: Proxy(), setWindowRect: true, strictFileInteractability: false, timeouts: {implicit: 0, pageLoad: 300000, script: 30000}, unhandledPromptBehavior: dismiss and notify, webauthn:extension:credBlob: true, webauthn:extension:largeBlob: true, webauthn:extension:minPinLength: true, webauthn:extension:prf: true, webauthn:virtualAuthenticators: true}
Session ID: a59c4df4811f82049fe754efe723d3c1
2024-04-17 18:23:17,439 [main] INFO  base.BaseClass - Trying to find Element By {by.toString()})
2024-04-17 18:23:17,989 [main] INFO  base.BaseClass - Found Element By {by.toString()}
2024-04-17 18:23:17,989 [main] INFO  base.BaseClass - Trying to click on: {element.toString()}
2024-04-17 18:23:18,106 [main] INFO  base.BaseClass - Clicked on: {element.toString()}
2024-04-17 18:23:18,106 [main] INFO  base.BaseClass - Trying to find Element By {by.toString()})
2024-04-17 18:23:18,917 [main] INFO  base.BaseClass - Found Element By {by.toString()}
2024-04-17 18:23:19,433 [main] INFO  base.BaseClass - Trying to find Element By {by.toString()})
2024-04-17 18:23:19,469 [main] INFO  base.BaseClass - Found Element By {by.toString()}
2024-04-17 18:23:20,010 [main] INFO  base.BaseClass - Trying to find Element By {by.toString()})
2024-04-17 18:23:20,020 [main] INFO  base.BaseClass - Found Element By {by.toString()}
2024-04-17 18:23:20,539 [main] INFO  base.BaseClass - Trying to find Element By {by.toString()})
2024-04-17 18:23:20,558 [main] INFO  base.BaseClass - Found Element By {by.toString()}
2024-04-17 18:23:21,086 [main] INFO  base.BaseClass - Trying to find Element By {by.toString()})
2024-04-17 18:23:21,121 [main] INFO  base.BaseClass - Found Element By {by.toString()}
2024-04-17 18:23:21,666 [main] INFO  base.BaseClass - Trying to find Element By {by.toString()})
2024-04-17 18:23:21,698 [main] INFO  base.BaseClass - Found Element By {by.toString()}
2024-04-17 18:23:22,232 [main] INFO  base.BaseClass - Trying to find Element By {by.toString()})
2024-04-17 18:23:22,253 [main] INFO  base.BaseClass - Found Element By {by.toString()}
2024-04-17 18:23:22,795 [main] INFO  base.BaseClass - Trying to find Element By {by.toString()})
2024-04-17 18:23:22,827 [main] INFO  base.BaseClass - Found Element By {by.toString()}
2024-04-17 18:23:23,375 [main] INFO  base.BaseClass - Trying to find Element By {by.toString()})
2024-04-17 18:23:23,394 [main] INFO  base.BaseClass - Found Element By {by.toString()}
2024-04-17 18:23:23,920 [main] INFO  base.BaseClass - Trying to find Element By {by.toString()})
2024-04-17 18:23:24,207 [main] INFO  base.BaseClass - Found Element By {by.toString()}
2024-04-17 18:23:24,752 [main] INFO  base.BaseClass - Trying to find Element By {by.toString()})
2024-04-17 18:23:24,771 [main] INFO  base.BaseClass - Found Element By {by.toString()}
2024-04-17 18:23:25,318 [main] INFO  base.BaseClass - Trying to find Element By {by.toString()})
2024-04-17 18:23:25,351 [main] INFO  base.BaseClass - Found Element By {by.toString()}
2024-04-17 18:23:25,896 [main] INFO  base.BaseClass - Trying to find Element By {by.toString()})
2024-04-17 18:23:25,927 [main] INFO  base.BaseClass - Found Element By {by.toString()}
2024-04-17 18:23:26,475 [main] INFO  base.BaseClass - Trying to find Element By {by.toString()})
2024-04-17 18:23:26,507 [main] INFO  base.BaseClass - Found Element By {by.toString()}
2024-04-17 18:23:27,058 [main] INFO  base.BaseClass - Trying to find Element By {by.toString()})
2024-04-17 18:23:27,089 [main] INFO  base.BaseClass - Found Element By {by.toString()}
2024-04-17 18:23:27,638 [main] INFO  base.BaseClass - Trying to find Element By {by.toString()})
2024-04-17 18:23:27,668 [main] INFO  base.BaseClass - Found Element By {by.toString()}
2024-04-17 18:23:28,200 [main] INFO  base.BaseClass - Trying to find Element By {by.toString()})
2024-04-17 18:23:28,231 [main] INFO  base.BaseClass - Found Element By {by.toString()}
2024-04-17 18:23:28,776 [main] INFO  base.BaseClass - Trying to find Element By {by.toString()})
2024-04-17 18:23:28,807 [main] INFO  base.BaseClass - Found Element By {by.toString()}
2024-04-17 18:23:29,355 [main] INFO  base.BaseClass - Trying to find Element By {by.toString()})
2024-04-17 18:23:29,386 [main] INFO  base.BaseClass - Found Element By {by.toString()}
2024-04-17 18:23:29,931 [main] INFO  base.BaseClass - Trying to find Element By {by.toString()})
2024-04-17 18:23:29,962 [main] INFO  base.BaseClass - Found Element By {by.toString()}
2024-04-17 18:23:30,510 [main] INFO  base.BaseClass - Trying to find Element By {by.toString()})
2024-04-17 18:23:30,540 [main] INFO  base.BaseClass - Found Element By {by.toString()}
2024-04-17 18:23:31,072 [main] INFO  base.BaseClass - Trying to find Element By {by.toString()})
2024-04-17 18:23:31,107 [main] INFO  base.BaseClass - Found Element By {by.toString()}
2024-04-17 18:23:31,637 [main] INFO  base.BaseClass - Trying to find Element By {by.toString()})
2024-04-17 18:23:31,666 [main] INFO  base.BaseClass - Found Element By {by.toString()}
2024-04-17 18:23:32,198 [main] INFO  base.BaseClass - Trying to find Element By {by.toString()})
2024-04-17 18:23:32,229 [main] INFO  base.BaseClass - Found Element By {by.toString()}
2024-04-17 18:23:32,774 [main] INFO  base.BaseClass - Trying to find Element By {by.toString()})
2024-04-17 18:23:32,806 [main] INFO  base.BaseClass - Found Element By {by.toString()}
2024-04-17 18:23:33,352 [main] INFO  base.BaseClass - Trying to find Element By {by.toString()})
2024-04-17 18:23:33,382 [main] INFO  base.BaseClass - Found Element By {by.toString()}
2024-04-17 18:23:33,928 [main] INFO  base.BaseClass - Trying to find Element By {by.toString()})
2024-04-17 18:23:33,959 [main] INFO  base.BaseClass - Found Element By {by.toString()}
2024-04-17 18:23:34,492 [main] INFO  base.BaseClass - Trying to find Element By {by.toString()})
2024-04-17 18:23:34,519 [main] INFO  base.BaseClass - Found Element By {by.toString()}
2024-04-17 18:23:35,058 [main] INFO  base.BaseClass - Trying to find Element By {by.toString()})
2024-04-17 18:23:35,090 [main] INFO  base.BaseClass - Found Element By {by.toString()}
2024-04-17 18:23:35,636 [main] INFO  base.BaseClass - Trying to find Element By {by.toString()})
2024-04-17 18:23:35,657 [main] INFO  base.BaseClass - Found Element By {by.toString()}
2024-04-17 18:23:36,181 [main] INFO  base.BaseClass - Trying to find Element By {by.toString()})
2024-04-17 18:23:36,211 [main] INFO  base.BaseClass - Found Element By {by.toString()}
2024-04-17 18:23:36,745 [main] INFO  base.BaseClass - Trying to find Element By {by.toString()})
2024-04-17 18:23:36,776 [main] INFO  base.BaseClass - Found Element By {by.toString()}
2024-04-17 18:23:37,320 [main] INFO  base.BaseClass - Trying to find Element By {by.toString()})
2024-04-17 18:23:37,350 [main] INFO  base.BaseClass - Found Element By {by.toString()}
2024-04-17 18:23:37,902 [main] INFO  base.BaseClass - Trying to find Element By {by.toString()})
2024-04-17 18:23:37,923 [main] INFO  base.BaseClass - Found Element By {by.toString()}
2024-04-17 18:23:38,466 [main] INFO  base.BaseClass - Trying to find Element By {by.toString()})
2024-04-17 18:23:38,481 [main] INFO  base.BaseClass - Found Element By {by.toString()}
2024-04-17 18:23:39,013 [main] INFO  base.BaseClass - Trying to find Element By {by.toString()})
2024-04-17 18:23:39,044 [main] INFO  base.BaseClass - Found Element By {by.toString()}
2024-04-17 18:23:39,573 [main] INFO  base.BaseClass - Trying to find Element By {by.toString()})
2024-04-17 18:23:39,604 [main] INFO  base.BaseClass - Found Element By {by.toString()}
2024-04-17 18:23:40,155 [main] INFO  base.BaseClass - Trying to find Element By {by.toString()})
2024-04-17 18:23:40,175 [main] INFO  base.BaseClass - Found Element By {by.toString()}
2024-04-17 18:23:40,718 [main] INFO  base.BaseClass - Trying to find Element By {by.toString()})
2024-04-17 18:23:40,741 [main] INFO  base.BaseClass - Found Element By {by.toString()}
2024-04-17 18:23:41,298 [main] INFO  base.BaseClass - Trying to find Element By {by.toString()})
2024-04-17 18:23:41,329 [main] INFO  base.BaseClass - Found Element By {by.toString()}
2024-04-17 18:23:41,880 [main] INFO  base.BaseClass - Trying to find Element By {by.toString()})
2024-04-17 18:23:41,911 [main] INFO  base.BaseClass - Found Element By {by.toString()}
2024-04-17 18:23:42,457 [main] INFO  base.BaseClass - Trying to find Element By {by.toString()})
2024-04-17 18:23:42,489 [main] INFO  base.BaseClass - Found Element By {by.toString()}
2024-04-17 18:23:43,036 [main] INFO  base.BaseClass - Trying to find Element By {by.toString()})
2024-04-17 18:23:43,066 [main] INFO  base.BaseClass - Found Element By {by.toString()}
2024-04-17 18:23:43,598 [main] INFO  base.BaseClass - Trying to find Element By {by.toString()})
2024-04-17 18:23:43,630 [main] INFO  base.BaseClass - Found Element By {by.toString()}
2024-04-17 18:23:44,178 [main] INFO  base.BaseClass - Trying to find Element By {by.toString()})
2024-04-17 18:23:44,206 [main] INFO  base.BaseClass - Found Element By {by.toString()}
2024-04-17 18:23:44,729 [main] INFO  base.BaseClass - Trying to find Element By {by.toString()})
2024-04-17 18:23:44,758 [main] INFO  base.BaseClass - Found Element By {by.toString()}
2024-04-17 18:23:45,294 [main] INFO  base.BaseClass - Trying to find Element By {by.toString()})
2024-04-17 18:23:45,325 [main] INFO  base.BaseClass - Found Element By {by.toString()}
2024-04-17 18:23:45,870 [main] INFO  base.BaseClass - Trying to find Element By {by.toString()})
2024-04-17 18:23:45,900 [main] INFO  base.BaseClass - Found Element By {by.toString()}
2024-04-17 18:23:46,451 [main] INFO  base.BaseClass - Trying to find Element By {by.toString()})
2024-04-17 18:23:46,482 [main] INFO  base.BaseClass - Found Element By {by.toString()}
2024-04-17 18:23:47,026 [main] INFO  base.BaseClass - Trying to find Element By {by.toString()})
2024-04-17 18:23:47,058 [main] INFO  base.BaseClass - Found Element By {by.toString()}
2024-04-17 18:23:47,604 [main] INFO  base.BaseClass - Trying to find Element By {by.toString()})
2024-04-17 18:23:47,635 [main] INFO  base.BaseClass - Found Element By {by.toString()}
2024-04-17 18:23:48,186 [main] INFO  base.BaseClass - Trying to find Element By {by.toString()})
2024-04-17 18:23:48,217 [main] INFO  base.BaseClass - Found Element By {by.toString()}
TimeoutException occurred: Expected condition failed: waiting for helper.WaitUtility$5@108397c1 (tried for 30 second(s) with 500 milliseconds interval)
Build info: version: '3.141.59', revision: 'e82be7d358', time: '2018-11-14T08:17:03'
System info: host: 'DPLAP166', ip: '137.237.2.236', os.name: 'Windows 10', os.arch: 'amd64', os.version: '10.0', java.version: '19.0.1'
Driver info: org.openqa.selenium.support.events.EventFiringWebDriver
Capabilities {acceptInsecureCerts: true, browserName: chrome, browserVersion: 123.0.6312.123, chrome: {chromedriverVersion: 123.0.6312.122 (31f8248cdd9..., userDataDir: C:\Users\dP-PL\AppData\Loca...}, fedcm:accounts: true, goog:chromeOptions: {debuggerAddress: localhost:51256}, javascriptEnabled: true, networkConnectionEnabled: false, pageLoadStrategy: normal, platform: WINDOWS, platformName: WINDOWS, proxy: Proxy(), setWindowRect: true, strictFileInteractability: false, timeouts: {implicit: 0, pageLoad: 300000, script: 30000}, unhandledPromptBehavior: dismiss and notify, webauthn:extension:credBlob: true, webauthn:extension:largeBlob: true, webauthn:extension:minPinLength: true, webauthn:extension:prf: true, webauthn:virtualAuthenticators: true}
Session ID: a59c4df4811f82049fe754efe723d3c1
2024-04-17 18:23:48,255 [main] ERROR RotationCopy_test - Element did not become visible within the specified time: Expected condition failed: waiting for helper.WaitUtility$5@108397c1 (tried for 30 second(s) with 500 milliseconds interval)
Build info: version: '3.141.59', revision: 'e82be7d358', time: '2018-11-14T08:17:03'
System info: host: 'DPLAP166', ip: '137.237.2.236', os.name: 'Windows 10', os.arch: 'amd64', os.version: '10.0', java.version: '19.0.1'
Driver info: org.openqa.selenium.support.events.EventFiringWebDriver
Capabilities {acceptInsecureCerts: true, browserName: chrome, browserVersion: 123.0.6312.123, chrome: {chromedriverVersion: 123.0.6312.122 (31f8248cdd9..., userDataDir: C:\Users\dP-PL\AppData\Loca...}, fedcm:accounts: true, goog:chromeOptions: {debuggerAddress: localhost:51256}, javascriptEnabled: true, networkConnectionEnabled: false, pageLoadStrategy: normal, platform: WINDOWS, platformName: WINDOWS, proxy: Proxy(), setWindowRect: true, strictFileInteractability: false, timeouts: {implicit: 0, pageLoad: 300000, script: 30000}, unhandledPromptBehavior: dismiss and notify, webauthn:extension:credBlob: true, webauthn:extension:largeBlob: true, webauthn:extension:minPinLength: true, webauthn:extension:prf: true, webauthn:virtualAuthenticators: true}
Session ID: a59c4df4811f82049fe754efe723d3c1
2024-04-17 18:23:48,255 [main] INFO  base.BaseClass - Trying to find Element By {by.toString()})
2024-04-17 18:23:48,277 [main] INFO  base.BaseClass - Found Element By {by.toString()}
2024-04-17 18:23:48,277 [main] INFO  base.BaseClass - Trying to click on: {element.toString()}
2024-04-17 18:23:48,350 [main] INFO  base.BaseClass - Clicked on: {element.toString()}
2024-04-17 18:23:48,350 [main] INFO  base.BaseClass - Trying to find Element By {by.toString()})
2024-04-17 18:23:48,362 [main] INFO  base.BaseClass - Found Element By {by.toString()}
2024-04-17 18:23:48,884 [main] INFO  base.BaseClass - Trying to find Element By {by.toString()})
2024-04-17 18:23:48,914 [main] INFO  base.BaseClass - Found Element By {by.toString()}
2024-04-17 18:23:49,447 [main] INFO  base.BaseClass - Trying to find Element By {by.toString()})
2024-04-17 18:23:49,481 [main] INFO  base.BaseClass - Found Element By {by.toString()}
2024-04-17 18:23:50,021 [main] INFO  base.BaseClass - Trying to find Element By {by.toString()})
2024-04-17 18:23:50,050 [main] INFO  base.BaseClass - Found Element By {by.toString()}
2024-04-17 18:23:50,597 [main] INFO  base.BaseClass - Trying to find Element By {by.toString()})
2024-04-17 18:23:50,628 [main] INFO  base.BaseClass - Found Element By {by.toString()}
2024-04-17 18:23:51,178 [main] INFO  base.BaseClass - Trying to find Element By {by.toString()})
2024-04-17 18:23:51,212 [main] INFO  base.BaseClass - Found Element By {by.toString()}
2024-04-17 18:23:51,741 [main] INFO  base.BaseClass - Trying to find Element By {by.toString()})
2024-04-17 18:23:51,764 [main] INFO  base.BaseClass - Found Element By {by.toString()}
2024-04-17 18:23:52,301 [main] INFO  base.BaseClass - Trying to find Element By {by.toString()})
2024-04-17 18:23:52,333 [main] INFO  base.BaseClass - Found Element By {by.toString()}
2024-04-17 18:23:52,878 [main] INFO  base.BaseClass - Trying to find Element By {by.toString()})
2024-04-17 18:23:52,939 [main] INFO  base.BaseClass - Found Element By {by.toString()}
2024-04-17 18:23:53,473 [main] INFO  base.BaseClass - Trying to find Element By {by.toString()})
2024-04-17 18:23:53,504 [main] INFO  base.BaseClass - Found Element By {by.toString()}
2024-04-17 18:23:54,036 [main] INFO  base.BaseClass - Trying to find Element By {by.toString()})
2024-04-17 18:23:54,068 [main] INFO  base.BaseClass - Found Element By {by.toString()}
2024-04-17 18:23:54,599 [main] INFO  base.BaseClass - Trying to find Element By {by.toString()})
2024-04-17 18:23:54,617 [main] INFO  base.BaseClass - Found Element By {by.toString()}
2024-04-17 18:23:55,141 [main] INFO  base.BaseClass - Trying to find Element By {by.toString()})
2024-04-17 18:23:55,152 [main] INFO  base.BaseClass - Found Element By {by.toString()}
2024-04-17 18:23:55,675 [main] INFO  base.BaseClass - Trying to find Element By {by.toString()})
2024-04-17 18:23:55,707 [main] INFO  base.BaseClass - Found Element By {by.toString()}
2024-04-17 18:23:56,251 [main] INFO  base.BaseClass - Trying to find Element By {by.toString()})
2024-04-17 18:23:56,281 [main] INFO  base.BaseClass - Found Element By {by.toString()}
2024-04-17 18:23:56,812 [main] INFO  base.BaseClass - Trying to find Element By {by.toString()})
2024-04-17 18:23:56,831 [main] INFO  base.BaseClass - Found Element By {by.toString()}
2024-04-17 18:23:57,373 [main] INFO  base.BaseClass - Trying to find Element By {by.toString()})
2024-04-17 18:23:57,398 [main] INFO  base.BaseClass - Found Element By {by.toString()}
2024-04-17 18:23:57,920 [main] INFO  base.BaseClass - Trying to find Element By {by.toString()})
2024-04-17 18:23:57,943 [main] INFO  base.BaseClass - Found Element By {by.toString()}
2024-04-17 18:23:58,480 [main] INFO  base.BaseClass - Trying to find Element By {by.toString()})
2024-04-17 18:23:58,513 [main] INFO  base.BaseClass - Found Element By {by.toString()}
2024-04-17 18:23:59,040 [main] INFO  base.BaseClass - Trying to find Element By {by.toString()})
2024-04-17 18:23:59,065 [main] INFO  base.BaseClass - Found Element By {by.toString()}
2024-04-17 18:23:59,602 [main] INFO  base.BaseClass - Trying to find Element By {by.toString()})
2024-04-17 18:23:59,632 [main] INFO  base.BaseClass - Found Element By {by.toString()}
2024-04-17 18:24:00,164 [main] INFO  base.BaseClass - Trying to find Element By {by.toString()})
2024-04-17 18:24:00,192 [main] INFO  base.BaseClass - Found Element By {by.toString()}
2024-04-17 18:24:00,724 [main] INFO  base.BaseClass - Trying to find Element By {by.toString()})
2024-04-17 18:24:00,757 [main] INFO  base.BaseClass - Found Element By {by.toString()}
2024-04-17 18:24:01,284 [main] INFO  base.BaseClass - Trying to find Element By {by.toString()})
2024-04-17 18:24:01,317 [main] INFO  base.BaseClass - Found Element By {by.toString()}
2024-04-17 18:24:01,859 [main] INFO  base.BaseClass - Trying to find Element By {by.toString()})
2024-04-17 18:24:01,879 [main] INFO  base.BaseClass - Found Element By {by.toString()}
2024-04-17 18:24:02,401 [main] INFO  base.BaseClass - Trying to find Element By {by.toString()})
2024-04-17 18:24:02,432 [main] INFO  base.BaseClass - Found Element By {by.toString()}
2024-04-17 18:24:02,957 [main] INFO  base.BaseClass - Trying to find Element By {by.toString()})
2024-04-17 18:24:02,975 [main] INFO  base.BaseClass - Found Element By {by.toString()}
2024-04-17 18:24:03,502 [main] INFO  base.BaseClass - Trying to find Element By {by.toString()})
2024-04-17 18:24:03,533 [main] INFO  base.BaseClass - Found Element By {by.toString()}
2024-04-17 18:24:04,061 [main] INFO  base.BaseClass - Trying to find Element By {by.toString()})
2024-04-17 18:24:04,091 [main] INFO  base.BaseClass - Found Element By {by.toString()}
2024-04-17 18:24:04,620 [main] INFO  base.BaseClass - Trying to find Element By {by.toString()})
2024-04-17 18:24:04,652 [main] INFO  base.BaseClass - Found Element By {by.toString()}
2024-04-17 18:24:05,186 [main] INFO  base.BaseClass - Trying to find Element By {by.toString()})
2024-04-17 18:24:05,222 [main] INFO  base.BaseClass - Found Element By {by.toString()}
2024-04-17 18:24:05,767 [main] INFO  base.BaseClass - Trying to find Element By {by.toString()})
2024-04-17 18:24:05,801 [main] INFO  base.BaseClass - Found Element By {by.toString()}
2024-04-17 18:24:06,345 [main] INFO  base.BaseClass - Trying to find Element By {by.toString()})
2024-04-17 18:24:06,410 [main] INFO  base.BaseClass - Found Element By {by.toString()}
2024-04-17 18:24:06,938 [main] INFO  base.BaseClass - Trying to find Element By {by.toString()})
2024-04-17 18:24:06,966 [main] INFO  base.BaseClass - Found Element By {by.toString()}
2024-04-17 18:24:07,503 [main] INFO  base.BaseClass - Trying to find Element By {by.toString()})
2024-04-17 18:24:07,599 [main] INFO  base.BaseClass - Found Element By {by.toString()}
2024-04-17 18:24:08,146 [main] INFO  base.BaseClass - Trying to find Element By {by.toString()})
2024-04-17 18:24:08,180 [main] INFO  base.BaseClass - Found Element By {by.toString()}
2024-04-17 18:24:08,723 [main] INFO  base.BaseClass - Trying to find Element By {by.toString()})
2024-04-17 18:24:08,742 [main] INFO  base.BaseClass - Found Element By {by.toString()}
2024-04-17 18:24:09,272 [main] INFO  base.BaseClass - Trying to find Element By {by.toString()})
2024-04-17 18:24:09,306 [main] INFO  base.BaseClass - Found Element By {by.toString()}
2024-04-17 18:24:09,852 [main] INFO  base.BaseClass - Trying to find Element By {by.toString()})
2024-04-17 18:24:09,884 [main] INFO  base.BaseClass - Found Element By {by.toString()}
2024-04-17 18:24:10,429 [main] INFO  base.BaseClass - Trying to find Element By {by.toString()})
2024-04-17 18:24:10,461 [main] INFO  base.BaseClass - Found Element By {by.toString()}
2024-04-17 18:24:11,007 [main] INFO  base.BaseClass - Trying to find Element By {by.toString()})
2024-04-17 18:24:11,039 [main] INFO  base.BaseClass - Found Element By {by.toString()}
2024-04-17 18:24:11,585 [main] INFO  base.BaseClass - Trying to find Element By {by.toString()})
2024-04-17 18:24:11,618 [main] INFO  base.BaseClass - Found Element By {by.toString()}
2024-04-17 18:24:12,163 [main] INFO  base.BaseClass - Trying to find Element By {by.toString()})
2024-04-17 18:24:12,194 [main] INFO  base.BaseClass - Found Element By {by.toString()}
2024-04-17 18:24:12,737 [main] INFO  base.BaseClass - Trying to find Element By {by.toString()})
2024-04-17 18:24:12,769 [main] INFO  base.BaseClass - Found Element By {by.toString()}
2024-04-17 18:24:13,315 [main] INFO  base.BaseClass - Trying to find Element By {by.toString()})
2024-04-17 18:24:13,325 [main] INFO  base.BaseClass - Found Element By {by.toString()}
2024-04-17 18:24:13,847 [main] INFO  base.BaseClass - Trying to find Element By {by.toString()})
2024-04-17 18:24:13,869 [main] INFO  base.BaseClass - Found Element By {by.toString()}
2024-04-17 18:24:14,411 [main] INFO  base.BaseClass - Trying to find Element By {by.toString()})
2024-04-17 18:24:14,442 [main] INFO  base.BaseClass - Found Element By {by.toString()}
2024-04-17 18:24:14,990 [main] INFO  base.BaseClass - Trying to find Element By {by.toString()})
2024-04-17 18:24:15,019 [main] INFO  base.BaseClass - Found Element By {by.toString()}
2024-04-17 18:24:15,556 [main] INFO  base.BaseClass - Trying to find Element By {by.toString()})
2024-04-17 18:24:15,585 [main] INFO  base.BaseClass - Found Element By {by.toString()}
2024-04-17 18:24:16,137 [main] INFO  base.BaseClass - Trying to find Element By {by.toString()})
2024-04-17 18:24:16,148 [main] INFO  base.BaseClass - Found Element By {by.toString()}
2024-04-17 18:24:16,669 [main] INFO  base.BaseClass - Trying to find Element By {by.toString()})
2024-04-17 18:24:16,685 [main] INFO  base.BaseClass - Found Element By {by.toString()}
2024-04-17 18:24:17,218 [main] INFO  base.BaseClass - Trying to find Element By {by.toString()})
2024-04-17 18:24:17,230 [main] INFO  base.BaseClass - Found Element By {by.toString()}
2024-04-17 18:24:17,754 [main] INFO  base.BaseClass - Trying to find Element By {by.toString()})
2024-04-17 18:24:17,780 [main] INFO  base.BaseClass - Found Element By {by.toString()}
2024-04-17 18:24:18,330 [main] INFO  base.BaseClass - Trying to find Element By {by.toString()})
2024-04-17 18:24:18,358 [main] INFO  base.BaseClass - Found Element By {by.toString()}
TimeoutException occurred: Expected condition failed: waiting for helper.WaitUtility$5@3ad51c1c (tried for 30 second(s) with 500 milliseconds interval)
Build info: version: '3.141.59', revision: 'e82be7d358', time: '2018-11-14T08:17:03'
System info: host: 'DPLAP166', ip: '137.237.2.236', os.name: 'Windows 10', os.arch: 'amd64', os.version: '10.0', java.version: '19.0.1'
Driver info: org.openqa.selenium.support.events.EventFiringWebDriver
Capabilities {acceptInsecureCerts: true, browserName: chrome, browserVersion: 123.0.6312.123, chrome: {chromedriverVersion: 123.0.6312.122 (31f8248cdd9..., userDataDir: C:\Users\dP-PL\AppData\Loca...}, fedcm:accounts: true, goog:chromeOptions: {debuggerAddress: localhost:51256}, javascriptEnabled: true, networkConnectionEnabled: false, pageLoadStrategy: normal, platform: WINDOWS, platformName: WINDOWS, proxy: Proxy(), setWindowRect: true, strictFileInteractability: false, timeouts: {implicit: 0, pageLoad: 300000, script: 30000}, unhandledPromptBehavior: dismiss and notify, webauthn:extension:credBlob: true, webauthn:extension:largeBlob: true, webauthn:extension:minPinLength: true, webauthn:extension:prf: true, webauthn:virtualAuthenticators: true}
Session ID: a59c4df4811f82049fe754efe723d3c1
2024-04-17 18:24:18,397 [main] ERROR RotationCopy_test - Element did not become visible within the specified time: Expected condition failed: waiting for helper.WaitUtility$5@3ad51c1c (tried for 30 second(s) with 500 milliseconds interval)
Build info: version: '3.141.59', revision: 'e82be7d358', time: '2018-11-14T08:17:03'
System info: host: 'DPLAP166', ip: '137.237.2.236', os.name: 'Windows 10', os.arch: 'amd64', os.version: '10.0', java.version: '19.0.1'
Driver info: org.openqa.selenium.support.events.EventFiringWebDriver
Capabilities {acceptInsecureCerts: true, browserName: chrome, browserVersion: 123.0.6312.123, chrome: {chromedriverVersion: 123.0.6312.122 (31f8248cdd9..., userDataDir: C:\Users\dP-PL\AppData\Loca...}, fedcm:accounts: true, goog:chromeOptions: {debuggerAddress: localhost:51256}, javascriptEnabled: true, networkConnectionEnabled: false, pageLoadStrategy: normal, platform: WINDOWS, platformName: WINDOWS, proxy: Proxy(), setWindowRect: true, strictFileInteractability: false, timeouts: {implicit: 0, pageLoad: 300000, script: 30000}, unhandledPromptBehavior: dismiss and notify, webauthn:extension:credBlob: true, webauthn:extension:largeBlob: true, webauthn:extension:minPinLength: true, webauthn:extension:prf: true, webauthn:virtualAuthenticators: true}
Session ID: a59c4df4811f82049fe754efe723d3c1
2024-04-17 18:24:18,397 [main] INFO  base.BaseClass - Trying to find Element By {by.toString()})
2024-04-17 18:24:18,421 [main] INFO  base.BaseClass - Found Element By {by.toString()}
2024-04-17 18:24:18,421 [main] INFO  base.BaseClass - Trying to click on: {element.toString()}
2024-04-17 18:24:18,548 [main] INFO  base.BaseClass - Clicked on: {element.toString()}
2024-04-17 18:24:18,554 [main] INFO  base.BaseClass - Trying to find Element By {by.toString()})
2024-04-17 18:24:18,576 [main] INFO  base.BaseClass - Found Element By {by.toString()}
2024-04-17 18:24:19,096 [main] INFO  base.BaseClass - Trying to find Element By {by.toString()})
2024-04-17 18:24:19,110 [main] INFO  base.BaseClass - Found Element By {by.toString()}
2024-04-17 18:24:19,630 [main] INFO  base.BaseClass - Trying to find Element By {by.toString()})
2024-04-17 18:24:19,645 [main] INFO  base.BaseClass - Found Element By {by.toString()}
2024-04-17 18:24:20,175 [main] INFO  base.BaseClass - Trying to find Element By {by.toString()})
2024-04-17 18:24:20,206 [main] INFO  base.BaseClass - Found Element By {by.toString()}
2024-04-17 18:24:20,753 [main] INFO  base.BaseClass - Trying to find Element By {by.toString()})
2024-04-17 18:24:20,782 [main] INFO  base.BaseClass - Found Element By {by.toString()}
2024-04-17 18:24:21,337 [main] INFO  base.BaseClass - Trying to find Element By {by.toString()})
2024-04-17 18:24:21,367 [main] INFO  base.BaseClass - Found Element By {by.toString()}
2024-04-17 18:24:21,918 [main] INFO  base.BaseClass - Trying to find Element By {by.toString()})
2024-04-17 18:24:21,947 [main] INFO  base.BaseClass - Found Element By {by.toString()}
2024-04-17 18:24:22,483 [main] INFO  base.BaseClass - Trying to find Element By {by.toString()})
2024-04-17 18:24:22,514 [main] INFO  base.BaseClass - Found Element By {by.toString()}
2024-04-17 18:24:23,048 [main] INFO  base.BaseClass - Trying to find Element By {by.toString()})
2024-04-17 18:24:23,078 [main] INFO  base.BaseClass - Found Element By {by.toString()}
2024-04-17 18:24:23,611 [main] INFO  base.BaseClass - Trying to find Element By {by.toString()})
2024-04-17 18:24:23,640 [main] INFO  base.BaseClass - Found Element By {by.toString()}
2024-04-17 18:24:24,173 [main] INFO  base.BaseClass - Trying to find Element By {by.toString()})
2024-04-17 18:24:24,203 [main] INFO  base.BaseClass - Found Element By {by.toString()}
2024-04-17 18:24:24,750 [main] INFO  base.BaseClass - Trying to find Element By {by.toString()})
2024-04-17 18:24:24,780 [main] INFO  base.BaseClass - Found Element By {by.toString()}
2024-04-17 18:24:25,329 [main] INFO  base.BaseClass - Trying to find Element By {by.toString()})
2024-04-17 18:24:25,358 [main] INFO  base.BaseClass - Found Element By {by.toString()}
2024-04-17 18:24:25,921 [main] INFO  base.BaseClass - Trying to find Element By {by.toString()})
2024-04-17 18:24:25,952 [main] INFO  base.BaseClass - Found Element By {by.toString()}
2024-04-17 18:24:26,496 [main] INFO  base.BaseClass - Trying to find Element By {by.toString()})
2024-04-17 18:24:26,516 [main] INFO  base.BaseClass - Found Element By {by.toString()}
2024-04-17 18:24:27,044 [main] INFO  base.BaseClass - Trying to find Element By {by.toString()})
2024-04-17 18:24:27,072 [main] INFO  base.BaseClass - Found Element By {by.toString()}
2024-04-17 18:24:27,606 [main] INFO  base.BaseClass - Trying to find Element By {by.toString()})
2024-04-17 18:24:27,634 [main] INFO  base.BaseClass - Found Element By {by.toString()}
2024-04-17 18:24:28,181 [main] INFO  base.BaseClass - Trying to find Element By {by.toString()})
2024-04-17 18:24:28,207 [main] INFO  base.BaseClass - Found Element By {by.toString()}
2024-04-17 18:24:28,756 [main] INFO  base.BaseClass - Trying to find Element By {by.toString()})
2024-04-17 18:24:28,785 [main] INFO  base.BaseClass - Found Element By {by.toString()}
2024-04-17 18:24:29,320 [main] INFO  base.BaseClass - Trying to find Element By {by.toString()})
2024-04-17 18:24:29,347 [main] INFO  base.BaseClass - Found Element By {by.toString()}
2024-04-17 18:24:29,882 [main] INFO  base.BaseClass - Trying to find Element By {by.toString()})
2024-04-17 18:24:29,901 [main] INFO  base.BaseClass - Found Element By {by.toString()}
2024-04-17 18:24:30,446 [main] INFO  base.BaseClass - Trying to find Element By {by.toString()})
2024-04-17 18:24:30,474 [main] INFO  base.BaseClass - Found Element By {by.toString()}
2024-04-17 18:24:31,023 [main] INFO  base.BaseClass - Trying to find Element By {by.toString()})
2024-04-17 18:24:31,046 [main] INFO  base.BaseClass - Found Element By {by.toString()}
2024-04-17 18:24:31,585 [main] INFO  base.BaseClass - Trying to find Element By {by.toString()})
2024-04-17 18:24:31,613 [main] INFO  base.BaseClass - Found Element By {by.toString()}
2024-04-17 18:24:32,161 [main] INFO  base.BaseClass - Trying to find Element By {by.toString()})
2024-04-17 18:24:32,188 [main] INFO  base.BaseClass - Found Element By {by.toString()}
2024-04-17 18:24:32,739 [main] INFO  base.BaseClass - Trying to find Element By {by.toString()})
2024-04-17 18:24:32,768 [main] INFO  base.BaseClass - Found Element By {by.toString()}
2024-04-17 18:24:33,317 [main] INFO  base.BaseClass - Trying to find Element By {by.toString()})
2024-04-17 18:24:33,341 [main] INFO  base.BaseClass - Found Element By {by.toString()}
2024-04-17 18:24:33,894 [main] INFO  base.BaseClass - Trying to find Element By {by.toString()})
2024-04-17 18:24:33,923 [main] INFO  base.BaseClass - Found Element By {by.toString()}
2024-04-17 18:24:34,472 [main] INFO  base.BaseClass - Trying to find Element By {by.toString()})
2024-04-17 18:24:34,501 [main] INFO  base.BaseClass - Found Element By {by.toString()}
2024-04-17 18:24:35,048 [main] INFO  base.BaseClass - Trying to find Element By {by.toString()})
2024-04-17 18:24:35,529 [main] INFO  base.BaseClass - Found Element By {by.toString()}
2024-04-17 18:24:36,078 [main] INFO  base.BaseClass - Trying to find Element By {by.toString()})
2024-04-17 18:24:36,109 [main] INFO  base.BaseClass - Found Element By {by.toString()}
2024-04-17 18:24:36,657 [main] INFO  base.BaseClass - Trying to find Element By {by.toString()})
2024-04-17 18:24:36,686 [main] INFO  base.BaseClass - Found Element By {by.toString()}
2024-04-17 18:24:37,238 [main] INFO  base.BaseClass - Trying to find Element By {by.toString()})
2024-04-17 18:24:37,267 [main] INFO  base.BaseClass - Found Element By {by.toString()}
2024-04-17 18:24:37,802 [main] INFO  base.BaseClass - Trying to find Element By {by.toString()})
2024-04-17 18:24:37,831 [main] INFO  base.BaseClass - Found Element By {by.toString()}
2024-04-17 18:24:38,378 [main] INFO  base.BaseClass - Trying to find Element By {by.toString()})
2024-04-17 18:24:38,407 [main] INFO  base.BaseClass - Found Element By {by.toString()}
2024-04-17 18:24:38,955 [main] INFO  base.BaseClass - Trying to find Element By {by.toString()})
2024-04-17 18:24:38,983 [main] INFO  base.BaseClass - Found Element By {by.toString()}
2024-04-17 18:24:39,531 [main] INFO  base.BaseClass - Trying to find Element By {by.toString()})
2024-04-17 18:24:39,560 [main] INFO  base.BaseClass - Found Element By {by.toString()}
2024-04-17 18:24:40,109 [main] INFO  base.BaseClass - Trying to find Element By {by.toString()})
2024-04-17 18:24:40,119 [main] INFO  base.BaseClass - Found Element By {by.toString()}
2024-04-17 18:24:40,640 [main] INFO  base.BaseClass - Trying to find Element By {by.toString()})
2024-04-17 18:24:40,668 [main] INFO  base.BaseClass - Found Element By {by.toString()}
2024-04-17 18:24:41,218 [main] INFO  base.BaseClass - Trying to find Element By {by.toString()})
2024-04-17 18:24:41,244 [main] INFO  base.BaseClass - Found Element By {by.toString()}
2024-04-17 18:24:41,796 [main] INFO  base.BaseClass - Trying to find Element By {by.toString()})
2024-04-17 18:24:41,825 [main] INFO  base.BaseClass - Found Element By {by.toString()}
2024-04-17 18:24:42,378 [main] INFO  base.BaseClass - Trying to find Element By {by.toString()})
2024-04-17 18:24:42,407 [main] INFO  base.BaseClass - Found Element By {by.toString()}
2024-04-17 18:24:42,943 [main] INFO  base.BaseClass - Trying to find Element By {by.toString()})
2024-04-17 18:24:42,977 [main] INFO  base.BaseClass - Found Element By {by.toString()}
2024-04-17 18:24:43,504 [main] INFO  base.BaseClass - Trying to find Element By {by.toString()})
2024-04-17 18:24:43,535 [main] INFO  base.BaseClass - Found Element By {by.toString()}
2024-04-17 18:24:44,068 [main] INFO  base.BaseClass - Trying to find Element By {by.toString()})
2024-04-17 18:24:44,098 [main] INFO  base.BaseClass - Found Element By {by.toString()}
2024-04-17 18:24:44,647 [main] INFO  base.BaseClass - Trying to find Element By {by.toString()})
2024-04-17 18:24:44,672 [main] INFO  base.BaseClass - Found Element By {by.toString()}
2024-04-17 18:24:45,197 [main] INFO  base.BaseClass - Trying to find Element By {by.toString()})
2024-04-17 18:24:45,224 [main] INFO  base.BaseClass - Found Element By {by.toString()}
2024-04-17 18:24:45,744 [main] INFO  base.BaseClass - Trying to find Element By {by.toString()})
2024-04-17 18:24:45,773 [main] INFO  base.BaseClass - Found Element By {by.toString()}
2024-04-17 18:24:46,322 [main] INFO  base.BaseClass - Trying to find Element By {by.toString()})
2024-04-17 18:24:46,331 [main] INFO  base.BaseClass - Found Element By {by.toString()}
2024-04-17 18:24:46,854 [main] INFO  base.BaseClass - Trying to find Element By {by.toString()})
2024-04-17 18:24:46,883 [main] INFO  base.BaseClass - Found Element By {by.toString()}
2024-04-17 18:24:47,418 [main] INFO  base.BaseClass - Trying to find Element By {by.toString()})
2024-04-17 18:24:47,449 [main] INFO  base.BaseClass - Found Element By {by.toString()}
2024-04-17 18:24:48,001 [main] INFO  base.BaseClass - Trying to find Element By {by.toString()})
2024-04-17 18:24:48,029 [main] INFO  base.BaseClass - Found Element By {by.toString()}
2024-04-17 18:24:48,582 [main] INFO  base.BaseClass - Trying to find Element By {by.toString()})
2024-04-17 18:24:48,609 [main] INFO  base.BaseClass - Found Element By {by.toString()}
TimeoutException occurred: Expected condition failed: waiting for helper.WaitUtility$5@744528fd (tried for 30 second(s) with 500 milliseconds interval)
Build info: version: '3.141.59', revision: 'e82be7d358', time: '2018-11-14T08:17:03'
System info: host: 'DPLAP166', ip: '137.237.2.236', os.name: 'Windows 10', os.arch: 'amd64', os.version: '10.0', java.version: '19.0.1'
Driver info: org.openqa.selenium.support.events.EventFiringWebDriver
Capabilities {acceptInsecureCerts: true, browserName: chrome, browserVersion: 123.0.6312.123, chrome: {chromedriverVersion: 123.0.6312.122 (31f8248cdd9..., userDataDir: C:\Users\dP-PL\AppData\Loca...}, fedcm:accounts: true, goog:chromeOptions: {debuggerAddress: localhost:51256}, javascriptEnabled: true, networkConnectionEnabled: false, pageLoadStrategy: normal, platform: WINDOWS, platformName: WINDOWS, proxy: Proxy(), setWindowRect: true, strictFileInteractability: false, timeouts: {implicit: 0, pageLoad: 300000, script: 30000}, unhandledPromptBehavior: dismiss and notify, webauthn:extension:credBlob: true, webauthn:extension:largeBlob: true, webauthn:extension:minPinLength: true, webauthn:extension:prf: true, webauthn:virtualAuthenticators: true}
Session ID: a59c4df4811f82049fe754efe723d3c1
2024-04-17 18:24:48,647 [main] ERROR RotationCopy_test - Element did not become visible within the specified time: Expected condition failed: waiting for helper.WaitUtility$5@744528fd (tried for 30 second(s) with 500 milliseconds interval)
Build info: version: '3.141.59', revision: 'e82be7d358', time: '2018-11-14T08:17:03'
System info: host: 'DPLAP166', ip: '137.237.2.236', os.name: 'Windows 10', os.arch: 'amd64', os.version: '10.0', java.version: '19.0.1'
Driver info: org.openqa.selenium.support.events.EventFiringWebDriver
Capabilities {acceptInsecureCerts: true, browserName: chrome, browserVersion: 123.0.6312.123, chrome: {chromedriverVersion: 123.0.6312.122 (31f8248cdd9..., userDataDir: C:\Users\dP-PL\AppData\Loca...}, fedcm:accounts: true, goog:chromeOptions: {debuggerAddress: localhost:51256}, javascriptEnabled: true, networkConnectionEnabled: false, pageLoadStrategy: normal, platform: WINDOWS, platformName: WINDOWS, proxy: Proxy(), setWindowRect: true, strictFileInteractability: false, timeouts: {implicit: 0, pageLoad: 300000, script: 30000}, unhandledPromptBehavior: dismiss and notify, webauthn:extension:credBlob: true, webauthn:extension:largeBlob: true, webauthn:extension:minPinLength: true, webauthn:extension:prf: true, webauthn:virtualAuthenticators: true}
Session ID: a59c4df4811f82049fe754efe723d3c1
2024-04-17 18:24:48,648 [main] INFO  base.BaseClass - Trying to find Element By {by.toString()})
2024-04-17 18:24:48,673 [main] INFO  base.BaseClass - Found Element By {by.toString()}
2024-04-17 18:24:48,673 [main] INFO  base.BaseClass - Trying to click on: {element.toString()}
2024-04-17 18:24:48,745 [main] INFO  base.BaseClass - Clicked on: {element.toString()}
2024-04-17 18:24:48,753 [main] INFO  base.BaseClass - Trying to find Element By {by.toString()})
2024-04-17 18:24:48,764 [main] INFO  base.BaseClass - Found Element By {by.toString()}
2024-04-17 18:24:49,289 [main] INFO  base.BaseClass - Trying to find Element By {by.toString()})
2024-04-17 18:24:49,602 [main] INFO  base.BaseClass - Found Element By {by.toString()}
2024-04-17 18:24:50,914 [main] INFO  base.BaseClass - Trying to find Element By {by.toString()})
2024-04-17 18:24:50,949 [main] INFO  base.BaseClass - Found Element By {by.toString()}
2024-04-17 18:24:51,505 [main] INFO  base.BaseClass - Trying to find Element By {by.toString()})
2024-04-17 18:24:51,536 [main] INFO  base.BaseClass - Found Element By {by.toString()}
2024-04-17 18:24:52,083 [main] INFO  base.BaseClass - Trying to find Element By {by.toString()})
2024-04-17 18:24:52,112 [main] INFO  base.BaseClass - Found Element By {by.toString()}
2024-04-17 18:24:52,650 [main] INFO  base.BaseClass - Trying to find Element By {by.toString()})
2024-04-17 18:24:52,679 [main] INFO  base.BaseClass - Found Element By {by.toString()}
2024-04-17 18:24:53,229 [main] INFO  base.BaseClass - Trying to find Element By {by.toString()})
2024-04-17 18:24:53,259 [main] INFO  base.BaseClass - Found Element By {by.toString()}
2024-04-17 18:24:53,794 [main] INFO  base.BaseClass - Trying to find Element By {by.toString()})
2024-04-17 18:24:53,826 [main] INFO  base.BaseClass - Found Element By {by.toString()}
2024-04-17 18:24:54,356 [main] INFO  base.BaseClass - Trying to find Element By {by.toString()})
2024-04-17 18:24:54,385 [main] INFO  base.BaseClass - Found Element By {by.toString()}
2024-04-17 18:24:54,932 [main] INFO  base.BaseClass - Trying to find Element By {by.toString()})
2024-04-17 18:24:54,961 [main] INFO  base.BaseClass - Found Element By {by.toString()}
2024-04-17 18:24:55,510 [main] INFO  base.BaseClass - Trying to find Element By {by.toString()})
2024-04-17 18:24:55,531 [main] INFO  base.BaseClass - Found Element By {by.toString()}
2024-04-17 18:24:56,071 [main] INFO  base.BaseClass - Trying to find Element By {by.toString()})
2024-04-17 18:24:56,113 [main] INFO  base.BaseClass - Found Element By {by.toString()}
2024-04-17 18:24:56,648 [main] INFO  base.BaseClass - Trying to find Element By {by.toString()})
2024-04-17 18:24:56,677 [main] INFO  base.BaseClass - Found Element By {by.toString()}
2024-04-17 18:24:57,225 [main] INFO  base.BaseClass - Trying to find Element By {by.toString()})
2024-04-17 18:24:57,253 [main] INFO  base.BaseClass - Found Element By {by.toString()}
2024-04-17 18:24:57,788 [main] INFO  base.BaseClass - Trying to find Element By {by.toString()})
2024-04-17 18:24:58,421 [main] INFO  base.BaseClass - Found Element By {by.toString()}
2024-04-17 18:24:58,974 [main] INFO  base.BaseClass - Trying to find Element By {by.toString()})
2024-04-17 18:24:59,004 [main] INFO  base.BaseClass - Found Element By {by.toString()}
2024-04-17 18:24:59,553 [main] INFO  base.BaseClass - Trying to find Element By {by.toString()})
2024-04-17 18:24:59,583 [main] INFO  base.BaseClass - Found Element By {by.toString()}
2024-04-17 18:25:00,117 [main] INFO  base.BaseClass - Trying to find Element By {by.toString()})
2024-04-17 18:25:00,137 [main] INFO  base.BaseClass - Found Element By {by.toString()}
2024-04-17 18:25:00,664 [main] INFO  base.BaseClass - Trying to find Element By {by.toString()})
2024-04-17 18:25:00,694 [main] INFO  base.BaseClass - Found Element By {by.toString()}
2024-04-17 18:25:01,245 [main] INFO  base.BaseClass - Trying to find Element By {by.toString()})
2024-04-17 18:25:01,276 [main] INFO  base.BaseClass - Found Element By {by.toString()}
2024-04-17 18:25:01,827 [main] INFO  base.BaseClass - Trying to find Element By {by.toString()})
2024-04-17 18:25:01,856 [main] INFO  base.BaseClass - Found Element By {by.toString()}
2024-04-17 18:25:02,395 [main] INFO  base.BaseClass - Trying to find Element By {by.toString()})
2024-04-17 18:25:02,424 [main] INFO  base.BaseClass - Found Element By {by.toString()}
2024-04-17 18:25:02,956 [main] INFO  base.BaseClass - Trying to find Element By {by.toString()})
2024-04-17 18:25:02,985 [main] INFO  base.BaseClass - Found Element By {by.toString()}
2024-04-17 18:25:03,522 [main] INFO  base.BaseClass - Trying to find Element By {by.toString()})
2024-04-17 18:25:03,551 [main] INFO  base.BaseClass - Found Element By {by.toString()}
2024-04-17 18:25:04,102 [main] INFO  base.BaseClass - Trying to find Element By {by.toString()})
2024-04-17 18:25:04,131 [main] INFO  base.BaseClass - Found Element By {by.toString()}
2024-04-17 18:25:04,679 [main] INFO  base.BaseClass - Trying to find Element By {by.toString()})
2024-04-17 18:25:04,708 [main] INFO  base.BaseClass - Found Element By {by.toString()}
2024-04-17 18:25:05,257 [main] INFO  base.BaseClass - Trying to find Element By {by.toString()})
2024-04-17 18:25:05,287 [main] INFO  base.BaseClass - Found Element By {by.toString()}
2024-04-17 18:25:05,836 [main] INFO  base.BaseClass - Trying to find Element By {by.toString()})
2024-04-17 18:25:05,865 [main] INFO  base.BaseClass - Found Element By {by.toString()}
2024-04-17 18:25:06,412 [main] INFO  base.BaseClass - Trying to find Element By {by.toString()})
2024-04-17 18:25:06,438 [main] INFO  base.BaseClass - Found Element By {by.toString()}
2024-04-17 18:25:06,958 [main] INFO  base.BaseClass - Trying to find Element By {by.toString()})
2024-04-17 18:25:06,988 [main] INFO  base.BaseClass - Found Element By {by.toString()}
2024-04-17 18:25:07,533 [main] INFO  base.BaseClass - Trying to find Element By {by.toString()})
2024-04-17 18:25:07,562 [main] INFO  base.BaseClass - Found Element By {by.toString()}
2024-04-17 18:25:08,095 [main] INFO  base.BaseClass - Trying to find Element By {by.toString()})
2024-04-17 18:25:08,124 [main] INFO  base.BaseClass - Found Element By {by.toString()}
2024-04-17 18:25:08,673 [main] INFO  base.BaseClass - Trying to find Element By {by.toString()})
2024-04-17 18:25:08,693 [main] INFO  base.BaseClass - Found Element By {by.toString()}
2024-04-17 18:25:09,220 [main] INFO  base.BaseClass - Trying to find Element By {by.toString()})
2024-04-17 18:25:09,250 [main] INFO  base.BaseClass - Found Element By {by.toString()}
2024-04-17 18:25:09,812 [main] INFO  base.BaseClass - Trying to find Element By {by.toString()})
2024-04-17 18:25:09,841 [main] INFO  base.BaseClass - Found Element By {by.toString()}
2024-04-17 18:25:10,393 [main] INFO  base.BaseClass - Trying to find Element By {by.toString()})
2024-04-17 18:25:10,422 [main] INFO  base.BaseClass - Found Element By {by.toString()}
2024-04-17 18:25:10,959 [main] INFO  base.BaseClass - Trying to find Element By {by.toString()})
2024-04-17 18:25:10,989 [main] INFO  base.BaseClass - Found Element By {by.toString()}
2024-04-17 18:25:11,539 [main] INFO  base.BaseClass - Trying to find Element By {by.toString()})
2024-04-17 18:25:11,569 [main] INFO  base.BaseClass - Found Element By {by.toString()}
2024-04-17 18:25:12,121 [main] INFO  base.BaseClass - Trying to find Element By {by.toString()})
2024-04-17 18:25:12,151 [main] INFO  base.BaseClass - Found Element By {by.toString()}
2024-04-17 18:25:12,699 [main] INFO  base.BaseClass - Trying to find Element By {by.toString()})
2024-04-17 18:25:12,729 [main] INFO  base.BaseClass - Found Element By {by.toString()}
2024-04-17 18:25:13,279 [main] INFO  base.BaseClass - Trying to find Element By {by.toString()})
2024-04-17 18:25:13,308 [main] INFO  base.BaseClass - Found Element By {by.toString()}
2024-04-17 18:25:13,859 [main] INFO  base.BaseClass - Trying to find Element By {by.toString()})
2024-04-17 18:25:13,889 [main] INFO  base.BaseClass - Found Element By {by.toString()}
2024-04-17 18:25:14,437 [main] INFO  base.BaseClass - Trying to find Element By {by.toString()})
2024-04-17 18:25:14,461 [main] INFO  base.BaseClass - Found Element By {by.toString()}
2024-04-17 18:25:14,985 [main] INFO  base.BaseClass - Trying to find Element By {by.toString()})
2024-04-17 18:25:15,015 [main] INFO  base.BaseClass - Found Element By {by.toString()}
2024-04-17 18:25:15,563 [main] INFO  base.BaseClass - Trying to find Element By {by.toString()})
2024-04-17 18:25:15,593 [main] INFO  base.BaseClass - Found Element By {by.toString()}
2024-04-17 18:25:16,143 [main] INFO  base.BaseClass - Trying to find Element By {by.toString()})
2024-04-17 18:25:16,173 [main] INFO  base.BaseClass - Found Element By {by.toString()}
2024-04-17 18:25:16,722 [main] INFO  base.BaseClass - Trying to find Element By {by.toString()})
2024-04-17 18:25:16,753 [main] INFO  base.BaseClass - Found Element By {by.toString()}
2024-04-17 18:25:17,301 [main] INFO  base.BaseClass - Trying to find Element By {by.toString()})
2024-04-17 18:25:17,331 [main] INFO  base.BaseClass - Found Element By {by.toString()}
2024-04-17 18:25:17,877 [main] INFO  base.BaseClass - Trying to find Element By {by.toString()})
2024-04-17 18:25:17,907 [main] INFO  base.BaseClass - Found Element By {by.toString()}
2024-04-17 18:25:18,455 [main] INFO  base.BaseClass - Trying to find Element By {by.toString()})
2024-04-17 18:25:18,481 [main] INFO  base.BaseClass - Found Element By {by.toString()}
2024-04-17 18:25:19,002 [main] INFO  base.BaseClass - Trying to find Element By {by.toString()})
2024-04-17 18:25:19,033 [main] INFO  base.BaseClass - Found Element By {by.toString()}
TimeoutException occurred: Expected condition failed: waiting for helper.WaitUtility$5@430e3ca2 (tried for 30 second(s) with 500 milliseconds interval)
Build info: version: '3.141.59', revision: 'e82be7d358', time: '2018-11-14T08:17:03'
System info: host: 'DPLAP166', ip: '137.237.2.236', os.name: 'Windows 10', os.arch: 'amd64', os.version: '10.0', java.version: '19.0.1'
Driver info: org.openqa.selenium.support.events.EventFiringWebDriver
Capabilities {acceptInsecureCerts: true, browserName: chrome, browserVersion: 123.0.6312.123, chrome: {chromedriverVersion: 123.0.6312.122 (31f8248cdd9..., userDataDir: C:\Users\dP-PL\AppData\Loca...}, fedcm:accounts: true, goog:chromeOptions: {debuggerAddress: localhost:51256}, javascriptEnabled: true, networkConnectionEnabled: false, pageLoadStrategy: normal, platform: WINDOWS, platformName: WINDOWS, proxy: Proxy(), setWindowRect: true, strictFileInteractability: false, timeouts: {implicit: 0, pageLoad: 300000, script: 30000}, unhandledPromptBehavior: dismiss and notify, webauthn:extension:credBlob: true, webauthn:extension:largeBlob: true, webauthn:extension:minPinLength: true, webauthn:extension:prf: true, webauthn:virtualAuthenticators: true}
Session ID: a59c4df4811f82049fe754efe723d3c1
2024-04-17 18:25:19,064 [main] ERROR RotationCopy_test - Element did not become visible within the specified time: Expected condition failed: waiting for helper.WaitUtility$5@430e3ca2 (tried for 30 second(s) with 500 milliseconds interval)
Build info: version: '3.141.59', revision: 'e82be7d358', time: '2018-11-14T08:17:03'
System info: host: 'DPLAP166', ip: '137.237.2.236', os.name: 'Windows 10', os.arch: 'amd64', os.version: '10.0', java.version: '19.0.1'
Driver info: org.openqa.selenium.support.events.EventFiringWebDriver
Capabilities {acceptInsecureCerts: true, browserName: chrome, browserVersion: 123.0.6312.123, chrome: {chromedriverVersion: 123.0.6312.122 (31f8248cdd9..., userDataDir: C:\Users\dP-PL\AppData\Loca...}, fedcm:accounts: true, goog:chromeOptions: {debuggerAddress: localhost:51256}, javascriptEnabled: true, networkConnectionEnabled: false, pageLoadStrategy: normal, platform: WINDOWS, platformName: WINDOWS, proxy: Proxy(), setWindowRect: true, strictFileInteractability: false, timeouts: {implicit: 0, pageLoad: 300000, script: 30000}, unhandledPromptBehavior: dismiss and notify, webauthn:extension:credBlob: true, webauthn:extension:largeBlob: true, webauthn:extension:minPinLength: true, webauthn:extension:prf: true, webauthn:virtualAuthenticators: true}
Session ID: a59c4df4811f82049fe754efe723d3c1
2024-04-17 18:25:19,064 [main] INFO  base.BaseClass - Trying to find Element By {by.toString()})
2024-04-17 18:25:19,089 [main] INFO  base.BaseClass - Found Element By {by.toString()}
2024-04-17 18:25:19,090 [main] INFO  base.BaseClass - Trying to click on: {element.toString()}
2024-04-17 18:25:19,217 [main] INFO  base.BaseClass - Clicked on: {element.toString()}
2024-04-17 18:25:19,217 [main] INFO  base.BaseClass - Trying to find Element By {by.toString()})
2024-04-17 18:25:20,063 [main] INFO  base.BaseClass - Found Element By {by.toString()}
2024-04-17 18:25:20,590 [main] INFO  base.BaseClass - Trying to find Element By {by.toString()})
2024-04-17 18:25:20,610 [main] INFO  base.BaseClass - Found Element By {by.toString()}
2024-04-17 18:25:21,140 [main] INFO  base.BaseClass - Trying to find Element By {by.toString()})
2024-04-17 18:25:21,173 [main] INFO  base.BaseClass - Found Element By {by.toString()}
2024-04-17 18:25:21,725 [main] INFO  base.BaseClass - Trying to find Element By {by.toString()})
2024-04-17 18:25:21,756 [main] INFO  base.BaseClass - Found Element By {by.toString()}
2024-04-17 18:25:22,303 [main] INFO  base.BaseClass - Trying to find Element By {by.toString()})
2024-04-17 18:25:22,335 [main] INFO  base.BaseClass - Found Element By {by.toString()}
2024-04-17 18:25:22,882 [main] INFO  base.BaseClass - Trying to find Element By {by.toString()})
2024-04-17 18:25:22,914 [main] INFO  base.BaseClass - Found Element By {by.toString()}
2024-04-17 18:25:23,463 [main] INFO  base.BaseClass - Trying to find Element By {by.toString()})
2024-04-17 18:25:23,494 [main] INFO  base.BaseClass - Found Element By {by.toString()}
2024-04-17 18:25:24,023 [main] INFO  base.BaseClass - Trying to find Element By {by.toString()})
2024-04-17 18:25:24,054 [main] INFO  base.BaseClass - Found Element By {by.toString()}
2024-04-17 18:25:24,600 [main] INFO  base.BaseClass - Trying to find Element By {by.toString()})
2024-04-17 18:25:24,631 [main] INFO  base.BaseClass - Found Element By {by.toString()}
2024-04-17 18:25:25,165 [main] INFO  base.BaseClass - Trying to find Element By {by.toString()})
2024-04-17 18:25:25,193 [main] INFO  base.BaseClass - Found Element By {by.toString()}
2024-04-17 18:25:25,730 [main] INFO  base.BaseClass - Trying to find Element By {by.toString()})
2024-04-17 18:25:25,743 [main] INFO  base.BaseClass - Found Element By {by.toString()}
2024-04-17 18:25:26,295 [main] INFO  base.BaseClass - Trying to find Element By {by.toString()})
2024-04-17 18:25:26,327 [main] INFO  base.BaseClass - Found Element By {by.toString()}
2024-04-17 18:25:26,877 [main] INFO  base.BaseClass - Trying to find Element By {by.toString()})
2024-04-17 18:25:26,908 [main] INFO  base.BaseClass - Found Element By {by.toString()}
2024-04-17 18:25:27,455 [main] INFO  base.BaseClass - Trying to find Element By {by.toString()})
2024-04-17 18:25:27,474 [main] INFO  base.BaseClass - Found Element By {by.toString()}
2024-04-17 18:25:28,020 [main] INFO  base.BaseClass - Trying to find Element By {by.toString()})
2024-04-17 18:25:28,041 [main] INFO  base.BaseClass - Found Element By {by.toString()}
2024-04-17 18:25:28,568 [main] INFO  base.BaseClass - Trying to find Element By {by.toString()})
2024-04-17 18:25:28,594 [main] INFO  base.BaseClass - Found Element By {by.toString()}
2024-04-17 18:25:29,135 [main] INFO  base.BaseClass - Trying to find Element By {by.toString()})
2024-04-17 18:25:29,165 [main] INFO  base.BaseClass - Found Element By {by.toString()}
2024-04-17 18:25:29,714 [main] INFO  base.BaseClass - Trying to find Element By {by.toString()})
2024-04-17 18:25:29,745 [main] INFO  base.BaseClass - Found Element By {by.toString()}
2024-04-17 18:25:30,295 [main] INFO  base.BaseClass - Trying to find Element By {by.toString()})
2024-04-17 18:25:30,304 [main] INFO  base.BaseClass - Found Element By {by.toString()}
2024-04-17 18:25:30,826 [main] INFO  base.BaseClass - Trying to find Element By {by.toString()})
2024-04-17 18:25:30,858 [main] INFO  base.BaseClass - Found Element By {by.toString()}
2024-04-17 18:25:31,406 [main] INFO  base.BaseClass - Trying to find Element By {by.toString()})
2024-04-17 18:25:31,438 [main] INFO  base.BaseClass - Found Element By {by.toString()}
2024-04-17 18:25:31,987 [main] INFO  base.BaseClass - Trying to find Element By {by.toString()})
2024-04-17 18:25:32,019 [main] INFO  base.BaseClass - Found Element By {by.toString()}
2024-04-17 18:25:32,563 [main] INFO  base.BaseClass - Trying to find Element By {by.toString()})
2024-04-17 18:25:32,592 [main] INFO  base.BaseClass - Found Element By {by.toString()}
2024-04-17 18:25:33,142 [main] INFO  base.BaseClass - Trying to find Element By {by.toString()})
2024-04-17 18:25:33,173 [main] INFO  base.BaseClass - Found Element By {by.toString()}
2024-04-17 18:25:33,723 [main] INFO  base.BaseClass - Trying to find Element By {by.toString()})
2024-04-17 18:25:33,753 [main] INFO  base.BaseClass - Found Element By {by.toString()}
2024-04-17 18:25:34,299 [main] INFO  base.BaseClass - Trying to find Element By {by.toString()})
2024-04-17 18:25:34,327 [main] INFO  base.BaseClass - Found Element By {by.toString()}
2024-04-17 18:25:34,876 [main] INFO  base.BaseClass - Trying to find Element By {by.toString()})
2024-04-17 18:25:34,907 [main] INFO  base.BaseClass - Found Element By {by.toString()}
2024-04-17 18:25:35,454 [main] INFO  base.BaseClass - Trying to find Element By {by.toString()})
2024-04-17 18:25:35,487 [main] INFO  base.BaseClass - Found Element By {by.toString()}
2024-04-17 18:25:36,031 [main] INFO  base.BaseClass - Trying to find Element By {by.toString()})
2024-04-17 18:25:36,050 [main] INFO  base.BaseClass - Found Element By {by.toString()}
2024-04-17 18:25:36,596 [main] INFO  base.BaseClass - Trying to find Element By {by.toString()})
2024-04-17 18:25:36,626 [main] INFO  base.BaseClass - Found Element By {by.toString()}
2024-04-17 18:25:37,162 [main] INFO  base.BaseClass - Trying to find Element By {by.toString()})
2024-04-17 18:25:37,184 [main] INFO  base.BaseClass - Found Element By {by.toString()}
2024-04-17 18:25:37,710 [main] INFO  base.BaseClass - Trying to find Element By {by.toString()})
2024-04-17 18:25:37,738 [main] INFO  base.BaseClass - Found Element By {by.toString()}
2024-04-17 18:25:38,271 [main] INFO  base.BaseClass - Trying to find Element By {by.toString()})
2024-04-17 18:25:38,303 [main] INFO  base.BaseClass - Found Element By {by.toString()}
2024-04-17 18:25:38,831 [main] INFO  base.BaseClass - Trying to find Element By {by.toString()})
2024-04-17 18:25:38,841 [main] INFO  base.BaseClass - Found Element By {by.toString()}
2024-04-17 18:25:39,358 [main] INFO  base.BaseClass - Trying to find Element By {by.toString()})
2024-04-17 18:25:39,403 [main] INFO  base.BaseClass - Found Element By {by.toString()}
2024-04-17 18:25:39,948 [main] INFO  base.BaseClass - Trying to find Element By {by.toString()})
2024-04-17 18:25:40,009 [main] INFO  base.BaseClass - Found Element By {by.toString()}
2024-04-17 18:25:40,526 [main] INFO  base.BaseClass - Trying to find Element By {by.toString()})
2024-04-17 18:25:40,560 [main] INFO  base.BaseClass - Found Element By {by.toString()}
2024-04-17 18:25:41,088 [main] INFO  base.BaseClass - Trying to find Element By {by.toString()})
2024-04-17 18:25:41,122 [main] INFO  base.BaseClass - Found Element By {by.toString()}
2024-04-17 18:25:41,648 [main] INFO  base.BaseClass - Trying to find Element By {by.toString()})
2024-04-17 18:25:41,664 [main] INFO  base.BaseClass - Found Element By {by.toString()}
2024-04-17 18:25:42,189 [main] INFO  base.BaseClass - Trying to find Element By {by.toString()})
2024-04-17 18:25:42,225 [main] INFO  base.BaseClass - Found Element By {by.toString()}
2024-04-17 18:25:42,764 [main] INFO  base.BaseClass - Trying to find Element By {by.toString()})
2024-04-17 18:25:42,800 [main] INFO  base.BaseClass - Found Element By {by.toString()}
2024-04-17 18:25:43,339 [main] INFO  base.BaseClass - Trying to find Element By {by.toString()})
2024-04-17 18:25:43,357 [main] INFO  base.BaseClass - Found Element By {by.toString()}
2024-04-17 18:25:43,888 [main] INFO  base.BaseClass - Trying to find Element By {by.toString()})
2024-04-17 18:25:43,922 [main] INFO  base.BaseClass - Found Element By {by.toString()}
2024-04-17 18:25:44,452 [main] INFO  base.BaseClass - Trying to find Element By {by.toString()})
2024-04-17 18:25:44,486 [main] INFO  base.BaseClass - Found Element By {by.toString()}
2024-04-17 18:25:45,029 [main] INFO  base.BaseClass - Trying to find Element By {by.toString()})
2024-04-17 18:25:45,060 [main] INFO  base.BaseClass - Found Element By {by.toString()}
2024-04-17 18:25:45,605 [main] INFO  base.BaseClass - Trying to find Element By {by.toString()})
2024-04-17 18:25:45,623 [main] INFO  base.BaseClass - Found Element By {by.toString()}
2024-04-17 18:25:46,152 [main] INFO  base.BaseClass - Trying to find Element By {by.toString()})
2024-04-17 18:25:46,186 [main] INFO  base.BaseClass - Found Element By {by.toString()}
2024-04-17 18:25:46,727 [main] INFO  base.BaseClass - Trying to find Element By {by.toString()})
2024-04-17 18:25:46,761 [main] INFO  base.BaseClass - Found Element By {by.toString()}
2024-04-17 18:25:47,322 [main] INFO  base.BaseClass - Trying to find Element By {by.toString()})
2024-04-17 18:25:47,356 [main] INFO  base.BaseClass - Found Element By {by.toString()}
2024-04-17 18:25:47,884 [main] INFO  base.BaseClass - Trying to find Element By {by.toString()})
2024-04-17 18:25:47,915 [main] INFO  base.BaseClass - Found Element By {by.toString()}
2024-04-17 18:25:48,450 [main] INFO  base.BaseClass - Trying to find Element By {by.toString()})
2024-04-17 18:25:48,482 [main] INFO  base.BaseClass - Found Element By {by.toString()}
2024-04-17 18:25:49,028 [main] INFO  base.BaseClass - Trying to find Element By {by.toString()})
2024-04-17 18:25:49,063 [main] INFO  base.BaseClass - Found Element By {by.toString()}
2024-04-17 18:25:49,592 [main] INFO  base.BaseClass - Trying to find Element By {by.toString()})
2024-04-17 18:25:49,623 [main] INFO  base.BaseClass - Found Element By {by.toString()}
TimeoutException occurred: Expected condition failed: waiting for helper.WaitUtility$5@7d2ff195 (tried for 30 second(s) with 500 milliseconds interval)
Build info: version: '3.141.59', revision: 'e82be7d358', time: '2018-11-14T08:17:03'
System info: host: 'DPLAP166', ip: '137.237.2.236', os.name: 'Windows 10', os.arch: 'amd64', os.version: '10.0', java.version: '19.0.1'
Driver info: org.openqa.selenium.support.events.EventFiringWebDriver
Capabilities {acceptInsecureCerts: true, browserName: chrome, browserVersion: 123.0.6312.123, chrome: {chromedriverVersion: 123.0.6312.122 (31f8248cdd9..., userDataDir: C:\Users\dP-PL\AppData\Loca...}, fedcm:accounts: true, goog:chromeOptions: {debuggerAddress: localhost:51256}, javascriptEnabled: true, networkConnectionEnabled: false, pageLoadStrategy: normal, platform: WINDOWS, platformName: WINDOWS, proxy: Proxy(), setWindowRect: true, strictFileInteractability: false, timeouts: {implicit: 0, pageLoad: 300000, script: 30000}, unhandledPromptBehavior: dismiss and notify, webauthn:extension:credBlob: true, webauthn:extension:largeBlob: true, webauthn:extension:minPinLength: true, webauthn:extension:prf: true, webauthn:virtualAuthenticators: true}
Session ID: a59c4df4811f82049fe754efe723d3c1
2024-04-17 18:25:49,667 [main] ERROR RotationCopy_test - Element did not become visible within the specified time: Expected condition failed: waiting for helper.WaitUtility$5@7d2ff195 (tried for 30 second(s) with 500 milliseconds interval)
Build info: version: '3.141.59', revision: 'e82be7d358', time: '2018-11-14T08:17:03'
System info: host: 'DPLAP166', ip: '137.237.2.236', os.name: 'Windows 10', os.arch: 'amd64', os.version: '10.0', java.version: '19.0.1'
Driver info: org.openqa.selenium.support.events.EventFiringWebDriver
Capabilities {acceptInsecureCerts: true, browserName: chrome, browserVersion: 123.0.6312.123, chrome: {chromedriverVersion: 123.0.6312.122 (31f8248cdd9..., userDataDir: C:\Users\dP-PL\AppData\Loca...}, fedcm:accounts: true, goog:chromeOptions: {debuggerAddress: localhost:51256}, javascriptEnabled: true, networkConnectionEnabled: false, pageLoadStrategy: normal, platform: WINDOWS, platformName: WINDOWS, proxy: Proxy(), setWindowRect: true, strictFileInteractability: false, timeouts: {implicit: 0, pageLoad: 300000, script: 30000}, unhandledPromptBehavior: dismiss and notify, webauthn:extension:credBlob: true, webauthn:extension:largeBlob: true, webauthn:extension:minPinLength: true, webauthn:extension:prf: true, webauthn:virtualAuthenticators: true}
Session ID: a59c4df4811f82049fe754efe723d3c1
2024-04-17 18:25:49,667 [main] INFO  base.BaseClass - Trying to find Element By {by.toString()})
2024-04-17 18:25:49,682 [main] INFO  base.BaseClass - Found Element By {by.toString()}
2024-04-17 18:25:49,682 [main] INFO  base.BaseClass - Trying to click on: {element.toString()}
2024-04-17 18:25:49,751 [main] INFO  base.BaseClass - Clicked on: {element.toString()}
2024-04-17 18:25:49,752 [main] INFO  base.BaseClass - Trying to find Element By {by.toString()})
2024-04-17 18:25:49,766 [main] INFO  base.BaseClass - Found Element By {by.toString()}
2024-04-17 18:25:50,278 [main] INFO  base.BaseClass - Trying to find Element By {by.toString()})
2024-04-17 18:25:50,310 [main] INFO  base.BaseClass - Found Element By {by.toString()}
2024-04-17 18:25:50,857 [main] INFO  base.BaseClass - Trying to find Element By {by.toString()})
2024-04-17 18:25:50,888 [main] INFO  base.BaseClass - Found Element By {by.toString()}
2024-04-17 18:25:51,425 [main] INFO  base.BaseClass - Trying to find Element By {by.toString()})
2024-04-17 18:25:51,455 [main] INFO  base.BaseClass - Found Element By {by.toString()}
2024-04-17 18:25:52,012 [main] INFO  base.BaseClass - Trying to find Element By {by.toString()})
2024-04-17 18:25:52,042 [main] INFO  base.BaseClass - Found Element By {by.toString()}
2024-04-17 18:25:52,575 [main] INFO  base.BaseClass - Trying to find Element By {by.toString()})
2024-04-17 18:25:52,627 [main] INFO  base.BaseClass - Found Element By {by.toString()}
2024-04-17 18:25:53,154 [main] INFO  base.BaseClass - Trying to find Element By {by.toString()})
2024-04-17 18:25:53,170 [main] INFO  base.BaseClass - Found Element By {by.toString()}
2024-04-17 18:25:53,705 [main] INFO  base.BaseClass - Trying to find Element By {by.toString()})
2024-04-17 18:25:53,724 [main] INFO  base.BaseClass - Found Element By {by.toString()}
2024-04-17 18:25:54,256 [main] INFO  base.BaseClass - Trying to find Element By {by.toString()})
2024-04-17 18:25:54,289 [main] INFO  base.BaseClass - Found Element By {by.toString()}
2024-04-17 18:25:54,836 [main] INFO  base.BaseClass - Trying to find Element By {by.toString()})
2024-04-17 18:25:54,868 [main] INFO  base.BaseClass - Found Element By {by.toString()}
2024-04-17 18:25:55,413 [main] INFO  base.BaseClass - Trying to find Element By {by.toString()})
2024-04-17 18:25:55,435 [main] INFO  base.BaseClass - Found Element By {by.toString()}
2024-04-17 18:25:55,958 [main] INFO  base.BaseClass - Trying to find Element By {by.toString()})
2024-04-17 18:25:55,990 [main] INFO  base.BaseClass - Found Element By {by.toString()}
2024-04-17 18:25:56,537 [main] INFO  base.BaseClass - Trying to find Element By {by.toString()})
2024-04-17 18:25:56,568 [main] INFO  base.BaseClass - Found Element By {by.toString()}
2024-04-17 18:25:57,118 [main] INFO  base.BaseClass - Trying to find Element By {by.toString()})
2024-04-17 18:25:57,153 [main] INFO  base.BaseClass - Found Element By {by.toString()}
2024-04-17 18:25:57,684 [main] INFO  base.BaseClass - Trying to find Element By {by.toString()})
2024-04-17 18:25:57,714 [main] INFO  base.BaseClass - Found Element By {by.toString()}
2024-04-17 18:25:58,247 [main] INFO  base.BaseClass - Trying to find Element By {by.toString()})
2024-04-17 18:25:58,278 [main] INFO  base.BaseClass - Found Element By {by.toString()}
2024-04-17 18:25:58,827 [main] INFO  base.BaseClass - Trying to find Element By {by.toString()})
2024-04-17 18:25:58,855 [main] INFO  base.BaseClass - Found Element By {by.toString()}
2024-04-17 18:25:59,406 [main] INFO  base.BaseClass - Trying to find Element By {by.toString()})
2024-04-17 18:25:59,438 [main] INFO  base.BaseClass - Found Element By {by.toString()}
2024-04-17 18:25:59,986 [main] INFO  base.BaseClass - Trying to find Element By {by.toString()})
2024-04-17 18:26:00,018 [main] INFO  base.BaseClass - Found Element By {by.toString()}
2024-04-17 18:26:00,546 [main] INFO  base.BaseClass - Trying to find Element By {by.toString()})
2024-04-17 18:26:00,580 [main] INFO  base.BaseClass - Found Element By {by.toString()}
2024-04-17 18:26:01,126 [main] INFO  base.BaseClass - Trying to find Element By {by.toString()})
2024-04-17 18:26:01,159 [main] INFO  base.BaseClass - Found Element By {by.toString()}
2024-04-17 18:26:01,702 [main] INFO  base.BaseClass - Trying to find Element By {by.toString()})
2024-04-17 18:26:01,734 [main] INFO  base.BaseClass - Found Element By {by.toString()}
2024-04-17 18:26:02,281 [main] INFO  base.BaseClass - Trying to find Element By {by.toString()})
2024-04-17 18:26:02,311 [main] INFO  base.BaseClass - Found Element By {by.toString()}
2024-04-17 18:26:02,859 [main] INFO  base.BaseClass - Trying to find Element By {by.toString()})
2024-04-17 18:26:02,889 [main] INFO  base.BaseClass - Found Element By {by.toString()}
2024-04-17 18:26:03,425 [main] INFO  base.BaseClass - Trying to find Element By {by.toString()})
2024-04-17 18:26:03,457 [main] INFO  base.BaseClass - Found Element By {by.toString()}
2024-04-17 18:26:04,004 [main] INFO  base.BaseClass - Trying to find Element By {by.toString()})
2024-04-17 18:26:04,036 [main] INFO  base.BaseClass - Found Element By {by.toString()}
2024-04-17 18:26:04,580 [main] INFO  base.BaseClass - Trying to find Element By {by.toString()})
2024-04-17 18:26:04,595 [main] INFO  base.BaseClass - Found Element By {by.toString()}
2024-04-17 18:26:05,126 [main] INFO  base.BaseClass - Trying to find Element By {by.toString()})
2024-04-17 18:26:05,140 [main] INFO  base.BaseClass - Found Element By {by.toString()}
2024-04-17 18:26:05,657 [main] INFO  base.BaseClass - Trying to find Element By {by.toString()})
2024-04-17 18:26:05,718 [main] INFO  base.BaseClass - Found Element By {by.toString()}
2024-04-17 18:26:06,248 [main] INFO  base.BaseClass - Trying to find Element By {by.toString()})
2024-04-17 18:26:06,278 [main] INFO  base.BaseClass - Found Element By {by.toString()}
2024-04-17 18:26:06,812 [main] INFO  base.BaseClass - Trying to find Element By {by.toString()})
2024-04-17 18:26:06,842 [main] INFO  base.BaseClass - Found Element By {by.toString()}
2024-04-17 18:26:07,388 [main] INFO  base.BaseClass - Trying to find Element By {by.toString()})
2024-04-17 18:26:07,419 [main] INFO  base.BaseClass - Found Element By {by.toString()}
2024-04-17 18:26:07,966 [main] INFO  base.BaseClass - Trying to find Element By {by.toString()})
2024-04-17 18:26:07,995 [main] INFO  base.BaseClass - Found Element By {by.toString()}
2024-04-17 18:26:08,528 [main] INFO  base.BaseClass - Trying to find Element By {by.toString()})
2024-04-17 18:26:08,559 [main] INFO  base.BaseClass - Found Element By {by.toString()}
2024-04-17 18:26:09,090 [main] INFO  base.BaseClass - Trying to find Element By {by.toString()})
2024-04-17 18:26:09,104 [main] INFO  base.BaseClass - Found Element By {by.toString()}
2024-04-17 18:26:09,624 [main] INFO  base.BaseClass - Trying to find Element By {by.toString()})
2024-04-17 18:26:09,654 [main] INFO  base.BaseClass - Found Element By {by.toString()}
2024-04-17 18:26:10,201 [main] INFO  base.BaseClass - Trying to find Element By {by.toString()})
2024-04-17 18:26:10,215 [main] INFO  base.BaseClass - Found Element By {by.toString()}
2024-04-17 18:26:10,748 [main] INFO  base.BaseClass - Trying to find Element By {by.toString()})
2024-04-17 18:26:10,778 [main] INFO  base.BaseClass - Found Element By {by.toString()}
2024-04-17 18:26:11,326 [main] INFO  base.BaseClass - Trying to find Element By {by.toString()})
2024-04-17 18:26:11,356 [main] INFO  base.BaseClass - Found Element By {by.toString()}
2024-04-17 18:26:11,905 [main] INFO  base.BaseClass - Trying to find Element By {by.toString()})
2024-04-17 18:26:11,935 [main] INFO  base.BaseClass - Found Element By {by.toString()}
2024-04-17 18:26:12,486 [main] INFO  base.BaseClass - Trying to find Element By {by.toString()})
2024-04-17 18:26:12,516 [main] INFO  base.BaseClass - Found Element By {by.toString()}
2024-04-17 18:26:13,051 [main] INFO  base.BaseClass - Trying to find Element By {by.toString()})
2024-04-17 18:26:13,070 [main] INFO  base.BaseClass - Found Element By {by.toString()}
2024-04-17 18:26:13,597 [main] INFO  base.BaseClass - Trying to find Element By {by.toString()})
2024-04-17 18:26:13,628 [main] INFO  base.BaseClass - Found Element By {by.toString()}
2024-04-17 18:26:14,175 [main] INFO  base.BaseClass - Trying to find Element By {by.toString()})
2024-04-17 18:26:14,207 [main] INFO  base.BaseClass - Found Element By {by.toString()}
2024-04-17 18:26:14,737 [main] INFO  base.BaseClass - Trying to find Element By {by.toString()})
2024-04-17 18:26:14,772 [main] INFO  base.BaseClass - Found Element By {by.toString()}
2024-04-17 18:26:15,331 [main] INFO  base.BaseClass - Trying to find Element By {by.toString()})
2024-04-17 18:26:15,362 [main] INFO  base.BaseClass - Found Element By {by.toString()}
2024-04-17 18:26:15,894 [main] INFO  base.BaseClass - Trying to find Element By {by.toString()})
2024-04-17 18:26:15,920 [main] INFO  base.BaseClass - Found Element By {by.toString()}
2024-04-17 18:26:16,471 [main] INFO  base.BaseClass - Trying to find Element By {by.toString()})
2024-04-17 18:26:16,502 [main] INFO  base.BaseClass - Found Element By {by.toString()}
2024-04-17 18:26:17,045 [main] INFO  base.BaseClass - Trying to find Element By {by.toString()})
2024-04-17 18:26:17,075 [main] INFO  base.BaseClass - Found Element By {by.toString()}
2024-04-17 18:26:17,622 [main] INFO  base.BaseClass - Trying to find Element By {by.toString()})
2024-04-17 18:26:17,653 [main] INFO  base.BaseClass - Found Element By {by.toString()}
2024-04-17 18:26:18,200 [main] INFO  base.BaseClass - Trying to find Element By {by.toString()})
2024-04-17 18:26:18,230 [main] INFO  base.BaseClass - Found Element By {by.toString()}
2024-04-17 18:26:18,778 [main] INFO  base.BaseClass - Trying to find Element By {by.toString()})
2024-04-17 18:26:18,845 [main] INFO  base.BaseClass - Found Element By {by.toString()}
2024-04-17 18:26:19,374 [main] INFO  base.BaseClass - Trying to find Element By {by.toString()})
2024-04-17 18:26:19,405 [main] INFO  base.BaseClass - Found Element By {by.toString()}
2024-04-17 18:26:19,953 [main] INFO  base.BaseClass - Trying to find Element By {by.toString()})
2024-04-17 18:26:19,965 [main] INFO  base.BaseClass - Found Element By {by.toString()}
TimeoutException occurred: Expected condition failed: waiting for helper.WaitUtility$5@be3b74f (tried for 30 second(s) with 500 milliseconds interval)
Build info: version: '3.141.59', revision: 'e82be7d358', time: '2018-11-14T08:17:03'
System info: host: 'DPLAP166', ip: '137.237.2.236', os.name: 'Windows 10', os.arch: 'amd64', os.version: '10.0', java.version: '19.0.1'
Driver info: org.openqa.selenium.support.events.EventFiringWebDriver
Capabilities {acceptInsecureCerts: true, browserName: chrome, browserVersion: 123.0.6312.123, chrome: {chromedriverVersion: 123.0.6312.122 (31f8248cdd9..., userDataDir: C:\Users\dP-PL\AppData\Loca...}, fedcm:accounts: true, goog:chromeOptions: {debuggerAddress: localhost:51256}, javascriptEnabled: true, networkConnectionEnabled: false, pageLoadStrategy: normal, platform: WINDOWS, platformName: WINDOWS, proxy: Proxy(), setWindowRect: true, strictFileInteractability: false, timeouts: {implicit: 0, pageLoad: 300000, script: 30000}, unhandledPromptBehavior: dismiss and notify, webauthn:extension:credBlob: true, webauthn:extension:largeBlob: true, webauthn:extension:minPinLength: true, webauthn:extension:prf: true, webauthn:virtualAuthenticators: true}
Session ID: a59c4df4811f82049fe754efe723d3c1
2024-04-17 18:26:19,978 [main] ERROR RotationCopy_test - Element did not become visible within the specified time: Expected condition failed: waiting for helper.WaitUtility$5@be3b74f (tried for 30 second(s) with 500 milliseconds interval)
Build info: version: '3.141.59', revision: 'e82be7d358', time: '2018-11-14T08:17:03'
System info: host: 'DPLAP166', ip: '137.237.2.236', os.name: 'Windows 10', os.arch: 'amd64', os.version: '10.0', java.version: '19.0.1'
Driver info: org.openqa.selenium.support.events.EventFiringWebDriver
Capabilities {acceptInsecureCerts: true, browserName: chrome, browserVersion: 123.0.6312.123, chrome: {chromedriverVersion: 123.0.6312.122 (31f8248cdd9..., userDataDir: C:\Users\dP-PL\AppData\Loca...}, fedcm:accounts: true, goog:chromeOptions: {debuggerAddress: localhost:51256}, javascriptEnabled: true, networkConnectionEnabled: false, pageLoadStrategy: normal, platform: WINDOWS, platformName: WINDOWS, proxy: Proxy(), setWindowRect: true, strictFileInteractability: false, timeouts: {implicit: 0, pageLoad: 300000, script: 30000}, unhandledPromptBehavior: dismiss and notify, webauthn:extension:credBlob: true, webauthn:extension:largeBlob: true, webauthn:extension:minPinLength: true, webauthn:extension:prf: true, webauthn:virtualAuthenticators: true}
Session ID: a59c4df4811f82049fe754efe723d3c1
2024-04-17 18:26:19,978 [main] INFO  base.BaseClass - Trying to find Element By {by.toString()})
2024-04-17 18:26:19,989 [main] INFO  base.BaseClass - Found Element By {by.toString()}
2024-04-17 18:26:19,989 [main] INFO  base.BaseClass - Trying to click on: {element.toString()}
2024-04-17 18:26:20,094 [main] INFO  base.BaseClass - Clicked on: {element.toString()}
2024-04-17 18:26:20,100 [main] INFO  base.BaseClass - Trying to find Element By {by.toString()})
2024-04-17 18:26:20,114 [main] INFO  base.BaseClass - Found Element By {by.toString()}
2024-04-17 18:26:20,635 [main] INFO  base.BaseClass - Trying to find Element By {by.toString()})
2024-04-17 18:26:20,647 [main] INFO  base.BaseClass - Found Element By {by.toString()}
2024-04-17 18:26:21,166 [main] INFO  base.BaseClass - Trying to find Element By {by.toString()})
2024-04-17 18:26:21,197 [main] INFO  base.BaseClass - Found Element By {by.toString()}
2024-04-17 18:26:21,743 [main] INFO  base.BaseClass - Trying to find Element By {by.toString()})
2024-04-17 18:26:21,771 [main] INFO  base.BaseClass - Found Element By {by.toString()}
2024-04-17 18:26:22,306 [main] INFO  base.BaseClass - Trying to find Element By {by.toString()})
2024-04-17 18:26:22,338 [main] INFO  base.BaseClass - Found Element By {by.toString()}
2024-04-17 18:26:22,888 [main] INFO  base.BaseClass - Trying to find Element By {by.toString()})
2024-04-17 18:26:22,910 [main] INFO  base.BaseClass - Found Element By {by.toString()}
2024-04-17 18:26:23,449 [main] INFO  base.BaseClass - Trying to find Element By {by.toString()})
2024-04-17 18:26:23,478 [main] INFO  base.BaseClass - Found Element By {by.toString()}
2024-04-17 18:26:24,029 [main] INFO  base.BaseClass - Trying to find Element By {by.toString()})
2024-04-17 18:26:24,061 [main] INFO  base.BaseClass - Found Element By {by.toString()}
2024-04-17 18:26:24,608 [main] INFO  base.BaseClass - Trying to find Element By {by.toString()})
2024-04-17 18:26:24,637 [main] INFO  base.BaseClass - Found Element By {by.toString()}
2024-04-17 18:26:25,186 [main] INFO  base.BaseClass - Trying to find Element By {by.toString()})
2024-04-17 18:26:25,215 [main] INFO  base.BaseClass - Found Element By {by.toString()}
2024-04-17 18:26:25,764 [main] INFO  base.BaseClass - Trying to find Element By {by.toString()})
2024-04-17 18:26:25,792 [main] INFO  base.BaseClass - Found Element By {by.toString()}
2024-04-17 18:26:26,344 [main] INFO  base.BaseClass - Trying to find Element By {by.toString()})
2024-04-17 18:26:26,372 [main] INFO  base.BaseClass - Found Element By {by.toString()}
2024-04-17 18:26:26,922 [main] INFO  base.BaseClass - Trying to find Element By {by.toString()})
2024-04-17 18:26:26,953 [main] INFO  base.BaseClass - Found Element By {by.toString()}
2024-04-17 18:26:27,484 [main] INFO  base.BaseClass - Trying to find Element By {by.toString()})
2024-04-17 18:26:27,508 [main] INFO  base.BaseClass - Found Element By {by.toString()}
2024-04-17 18:26:28,031 [main] INFO  base.BaseClass - Trying to find Element By {by.toString()})
2024-04-17 18:26:28,060 [main] INFO  base.BaseClass - Found Element By {by.toString()}
2024-04-17 18:26:28,606 [main] INFO  base.BaseClass - Trying to find Element By {by.toString()})
2024-04-17 18:26:28,635 [main] INFO  base.BaseClass - Found Element By {by.toString()}
2024-04-17 18:26:29,182 [main] INFO  base.BaseClass - Trying to find Element By {by.toString()})
2024-04-17 18:26:29,211 [main] INFO  base.BaseClass - Found Element By {by.toString()}
2024-04-17 18:26:29,747 [main] INFO  base.BaseClass - Trying to find Element By {by.toString()})
2024-04-17 18:26:29,775 [main] INFO  base.BaseClass - Found Element By {by.toString()}
2024-04-17 18:26:30,321 [main] INFO  base.BaseClass - Trying to find Element By {by.toString()})
2024-04-17 18:26:30,350 [main] INFO  base.BaseClass - Found Element By {by.toString()}
2024-04-17 18:26:30,884 [main] INFO  base.BaseClass - Trying to find Element By {by.toString()})
2024-04-17 18:26:30,913 [main] INFO  base.BaseClass - Found Element By {by.toString()}
2024-04-17 18:26:31,460 [main] INFO  base.BaseClass - Trying to find Element By {by.toString()})
2024-04-17 18:26:31,488 [main] INFO  base.BaseClass - Found Element By {by.toString()}
2024-04-17 18:26:32,041 [main] INFO  base.BaseClass - Trying to find Element By {by.toString()})
2024-04-17 18:26:32,071 [main] INFO  base.BaseClass - Found Element By {by.toString()}
2024-04-17 18:26:32,602 [main] INFO  base.BaseClass - Trying to find Element By {by.toString()})
2024-04-17 18:26:32,632 [main] INFO  base.BaseClass - Found Element By {by.toString()}
2024-04-17 18:26:33,179 [main] INFO  base.BaseClass - Trying to find Element By {by.toString()})
2024-04-17 18:26:33,207 [main] INFO  base.BaseClass - Found Element By {by.toString()}
2024-04-17 18:26:33,756 [main] INFO  base.BaseClass - Trying to find Element By {by.toString()})
2024-04-17 18:26:33,786 [main] INFO  base.BaseClass - Found Element By {by.toString()}
2024-04-17 18:26:34,336 [main] INFO  base.BaseClass - Trying to find Element By {by.toString()})
2024-04-17 18:26:34,365 [main] INFO  base.BaseClass - Found Element By {by.toString()}
2024-04-17 18:26:34,912 [main] INFO  base.BaseClass - Trying to find Element By {by.toString()})
2024-04-17 18:26:34,938 [main] INFO  base.BaseClass - Found Element By {by.toString()}
2024-04-17 18:26:35,490 [main] INFO  base.BaseClass - Trying to find Element By {by.toString()})
2024-04-17 18:26:35,518 [main] INFO  base.BaseClass - Found Element By {by.toString()}
2024-04-17 18:26:36,069 [main] INFO  base.BaseClass - Trying to find Element By {by.toString()})
2024-04-17 18:26:36,094 [main] INFO  base.BaseClass - Found Element By {by.toString()}
2024-04-17 18:26:36,630 [main] INFO  base.BaseClass - Trying to find Element By {by.toString()})
2024-04-17 18:26:36,655 [main] INFO  base.BaseClass - Found Element By {by.toString()}
2024-04-17 18:26:37,193 [main] INFO  base.BaseClass - Trying to find Element By {by.toString()})
2024-04-17 18:26:37,221 [main] INFO  base.BaseClass - Found Element By {by.toString()}
2024-04-17 18:26:37,775 [main] INFO  base.BaseClass - Trying to find Element By {by.toString()})
2024-04-17 18:26:37,804 [main] INFO  base.BaseClass - Found Element By {by.toString()}
2024-04-17 18:26:38,353 [main] INFO  base.BaseClass - Trying to find Element By {by.toString()})
2024-04-17 18:26:38,377 [main] INFO  base.BaseClass - Found Element By {by.toString()}
2024-04-17 18:26:38,916 [main] INFO  base.BaseClass - Trying to find Element By {by.toString()})
2024-04-17 18:26:38,946 [main] INFO  base.BaseClass - Found Element By {by.toString()}
2024-04-17 18:26:39,497 [main] INFO  base.BaseClass - Trying to find Element By {by.toString()})
2024-04-17 18:26:39,526 [main] INFO  base.BaseClass - Found Element By {by.toString()}
2024-04-17 18:26:40,076 [main] INFO  base.BaseClass - Trying to find Element By {by.toString()})
2024-04-17 18:26:40,098 [main] INFO  base.BaseClass - Found Element By {by.toString()}
2024-04-17 18:26:40,624 [main] INFO  base.BaseClass - Trying to find Element By {by.toString()})
2024-04-17 18:26:40,653 [main] INFO  base.BaseClass - Found Element By {by.toString()}
2024-04-17 18:26:41,203 [main] INFO  base.BaseClass - Trying to find Element By {by.toString()})
2024-04-17 18:26:41,232 [main] INFO  base.BaseClass - Found Element By {by.toString()}
2024-04-17 18:26:41,780 [main] INFO  base.BaseClass - Trying to find Element By {by.toString()})
2024-04-17 18:26:41,801 [main] INFO  base.BaseClass - Found Element By {by.toString()}
2024-04-17 18:26:42,344 [main] INFO  base.BaseClass - Trying to find Element By {by.toString()})
2024-04-17 18:26:42,372 [main] INFO  base.BaseClass - Found Element By {by.toString()}
2024-04-17 18:26:42,919 [main] INFO  base.BaseClass - Trying to find Element By {by.toString()})
2024-04-17 18:26:42,948 [main] INFO  base.BaseClass - Found Element By {by.toString()}
2024-04-17 18:26:43,496 [main] INFO  base.BaseClass - Trying to find Element By {by.toString()})
2024-04-17 18:26:43,528 [main] INFO  base.BaseClass - Found Element By {by.toString()}
2024-04-17 18:26:44,074 [main] INFO  base.BaseClass - Trying to find Element By {by.toString()})
2024-04-17 18:26:44,103 [main] INFO  base.BaseClass - Found Element By {by.toString()}
2024-04-17 18:26:44,652 [main] INFO  base.BaseClass - Trying to find Element By {by.toString()})
2024-04-17 18:26:44,681 [main] INFO  base.BaseClass - Found Element By {by.toString()}
2024-04-17 18:26:45,217 [main] INFO  base.BaseClass - Trying to find Element By {by.toString()})
2024-04-17 18:26:45,245 [main] INFO  base.BaseClass - Found Element By {by.toString()}
2024-04-17 18:26:45,796 [main] INFO  base.BaseClass - Trying to find Element By {by.toString()})
2024-04-17 18:26:45,825 [main] INFO  base.BaseClass - Found Element By {by.toString()}
2024-04-17 18:26:46,361 [main] INFO  base.BaseClass - Trying to find Element By {by.toString()})
2024-04-17 18:26:46,389 [main] INFO  base.BaseClass - Found Element By {by.toString()}
2024-04-17 18:26:46,939 [main] INFO  base.BaseClass - Trying to find Element By {by.toString()})
2024-04-17 18:26:46,968 [main] INFO  base.BaseClass - Found Element By {by.toString()}
2024-04-17 18:26:47,515 [main] INFO  base.BaseClass - Trying to find Element By {by.toString()})
2024-04-17 18:26:47,545 [main] INFO  base.BaseClass - Found Element By {by.toString()}
2024-04-17 18:26:48,092 [main] INFO  base.BaseClass - Trying to find Element By {by.toString()})
2024-04-17 18:26:48,121 [main] INFO  base.BaseClass - Found Element By {by.toString()}
2024-04-17 18:26:48,671 [main] INFO  base.BaseClass - Trying to find Element By {by.toString()})
2024-04-17 18:26:48,700 [main] INFO  base.BaseClass - Found Element By {by.toString()}
2024-04-17 18:26:49,252 [main] INFO  base.BaseClass - Trying to find Element By {by.toString()})
2024-04-17 18:26:49,281 [main] INFO  base.BaseClass - Found Element By {by.toString()}
2024-04-17 18:26:49,830 [main] INFO  base.BaseClass - Trying to find Element By {by.toString()})
2024-04-17 18:26:49,858 [main] INFO  base.BaseClass - Found Element By {by.toString()}
2024-04-17 18:26:50,408 [main] INFO  base.BaseClass - Trying to find Element By {by.toString()})
2024-04-17 18:26:50,437 [main] INFO  base.BaseClass - Found Element By {by.toString()}
TimeoutException occurred: Expected condition failed: waiting for helper.WaitUtility$5@7805edef (tried for 30 second(s) with 500 milliseconds interval)
Build info: version: '3.141.59', revision: 'e82be7d358', time: '2018-11-14T08:17:03'
System info: host: 'DPLAP166', ip: '137.237.2.236', os.name: 'Windows 10', os.arch: 'amd64', os.version: '10.0', java.version: '19.0.1'
Driver info: org.openqa.selenium.support.events.EventFiringWebDriver
Capabilities {acceptInsecureCerts: true, browserName: chrome, browserVersion: 123.0.6312.123, chrome: {chromedriverVersion: 123.0.6312.122 (31f8248cdd9..., userDataDir: C:\Users\dP-PL\AppData\Loca...}, fedcm:accounts: true, goog:chromeOptions: {debuggerAddress: localhost:51256}, javascriptEnabled: true, networkConnectionEnabled: false, pageLoadStrategy: normal, platform: WINDOWS, platformName: WINDOWS, proxy: Proxy(), setWindowRect: true, strictFileInteractability: false, timeouts: {implicit: 0, pageLoad: 300000, script: 30000}, unhandledPromptBehavior: dismiss and notify, webauthn:extension:credBlob: true, webauthn:extension:largeBlob: true, webauthn:extension:minPinLength: true, webauthn:extension:prf: true, webauthn:virtualAuthenticators: true}
Session ID: a59c4df4811f82049fe754efe723d3c1
2024-04-17 18:26:50,517 [main] ERROR RotationCopy_test - Element did not become visible within the specified time: Expected condition failed: waiting for helper.WaitUtility$5@7805edef (tried for 30 second(s) with 500 milliseconds interval)
Build info: version: '3.141.59', revision: 'e82be7d358', time: '2018-11-14T08:17:03'
System info: host: 'DPLAP166', ip: '137.237.2.236', os.name: 'Windows 10', os.arch: 'amd64', os.version: '10.0', java.version: '19.0.1'
Driver info: org.openqa.selenium.support.events.EventFiringWebDriver
Capabilities {acceptInsecureCerts: true, browserName: chrome, browserVersion: 123.0.6312.123, chrome: {chromedriverVersion: 123.0.6312.122 (31f8248cdd9..., userDataDir: C:\Users\dP-PL\AppData\Loca...}, fedcm:accounts: true, goog:chromeOptions: {debuggerAddress: localhost:51256}, javascriptEnabled: true, networkConnectionEnabled: false, pageLoadStrategy: normal, platform: WINDOWS, platformName: WINDOWS, proxy: Proxy(), setWindowRect: true, strictFileInteractability: false, timeouts: {implicit: 0, pageLoad: 300000, script: 30000}, unhandledPromptBehavior: dismiss and notify, webauthn:extension:credBlob: true, webauthn:extension:largeBlob: true, webauthn:extension:minPinLength: true, webauthn:extension:prf: true, webauthn:virtualAuthenticators: true}
Session ID: a59c4df4811f82049fe754efe723d3c1
2024-04-17 18:26:50,517 [main] INFO  base.BaseClass - Trying to find Element By {by.toString()})
2024-04-17 18:26:50,530 [main] INFO  base.BaseClass - Found Element By {by.toString()}
2024-04-17 18:26:50,531 [main] INFO  base.BaseClass - Trying to click on: {element.toString()}
2024-04-17 18:26:50,596 [main] INFO  base.BaseClass - Clicked on: {element.toString()}
2024-04-17 18:26:50,603 [main] INFO  base.BaseClass - Trying to find Element By {by.toString()})
2024-04-17 18:26:50,615 [main] INFO  base.BaseClass - Found Element By {by.toString()}
2024-04-17 18:26:51,144 [main] INFO  base.BaseClass - Trying to find Element By {by.toString()})
2024-04-17 18:26:51,496 [main] INFO  base.BaseClass - Found Element By {by.toString()}
2024-04-17 18:26:52,018 [main] INFO  base.BaseClass - Trying to find Element By {by.toString()})
2024-04-17 18:26:52,052 [main] INFO  base.BaseClass - Found Element By {by.toString()}
2024-04-17 18:26:52,597 [main] INFO  base.BaseClass - Trying to find Element By {by.toString()})
2024-04-17 18:26:52,622 [main] INFO  base.BaseClass - Found Element By {by.toString()}
2024-04-17 18:26:53,146 [main] INFO  base.BaseClass - Trying to find Element By {by.toString()})
2024-04-17 18:26:53,177 [main] INFO  base.BaseClass - Found Element By {by.toString()}
2024-04-17 18:26:53,709 [main] INFO  base.BaseClass - Trying to find Element By {by.toString()})
2024-04-17 18:26:53,738 [main] INFO  base.BaseClass - Found Element By {by.toString()}
2024-04-17 18:26:54,289 [main] INFO  base.BaseClass - Trying to find Element By {by.toString()})
2024-04-17 18:26:54,317 [main] INFO  base.BaseClass - Found Element By {by.toString()}
2024-04-17 18:26:54,850 [main] INFO  base.BaseClass - Trying to find Element By {by.toString()})
2024-04-17 18:26:54,881 [main] INFO  base.BaseClass - Found Element By {by.toString()}
2024-04-17 18:26:55,424 [main] INFO  base.BaseClass - Trying to find Element By {by.toString()})
2024-04-17 18:26:55,453 [main] INFO  base.BaseClass - Found Element By {by.toString()}
2024-04-17 18:26:56,002 [main] INFO  base.BaseClass - Trying to find Element By {by.toString()})
2024-04-17 18:26:56,012 [main] INFO  base.BaseClass - Found Element By {by.toString()}
2024-04-17 18:26:56,532 [main] INFO  base.BaseClass - Trying to find Element By {by.toString()})
2024-04-17 18:26:56,543 [main] INFO  base.BaseClass - Found Element By {by.toString()}
2024-04-17 18:26:57,060 [main] INFO  base.BaseClass - Trying to find Element By {by.toString()})
2024-04-17 18:26:57,078 [main] INFO  base.BaseClass - Found Element By {by.toString()}
2024-04-17 18:26:57,599 [main] INFO  base.BaseClass - Trying to find Element By {by.toString()})
2024-04-17 18:26:57,608 [main] INFO  base.BaseClass - Found Element By {by.toString()}
2024-04-17 18:26:58,128 [main] INFO  base.BaseClass - Trying to find Element By {by.toString()})
2024-04-17 18:26:58,147 [main] INFO  base.BaseClass - Found Element By {by.toString()}
2024-04-17 18:26:58,674 [main] INFO  base.BaseClass - Trying to find Element By {by.toString()})
2024-04-17 18:26:58,731 [main] INFO  base.BaseClass - Found Element By {by.toString()}
2024-04-17 18:26:59,248 [main] INFO  base.BaseClass - Trying to find Element By {by.toString()})
2024-04-17 18:26:59,263 [main] INFO  base.BaseClass - Found Element By {by.toString()}
2024-04-17 18:26:59,788 [main] INFO  base.BaseClass - Trying to find Element By {by.toString()})
2024-04-17 18:26:59,802 [main] INFO  base.BaseClass - Found Element By {by.toString()}
2024-04-17 18:27:00,317 [main] INFO  base.BaseClass - Trying to find Element By {by.toString()})
2024-04-17 18:27:00,338 [main] INFO  base.BaseClass - Found Element By {by.toString()}
2024-04-17 18:27:00,875 [main] INFO  base.BaseClass - Trying to find Element By {by.toString()})
2024-04-17 18:27:00,889 [main] INFO  base.BaseClass - Found Element By {by.toString()}
2024-04-17 18:27:01,407 [main] INFO  base.BaseClass - Trying to find Element By {by.toString()})
2024-04-17 18:27:01,418 [main] INFO  base.BaseClass - Found Element By {by.toString()}
2024-04-17 18:27:01,936 [main] INFO  base.BaseClass - Trying to find Element By {by.toString()})
2024-04-17 18:27:01,957 [main] INFO  base.BaseClass - Found Element By {by.toString()}
2024-04-17 18:27:02,497 [main] INFO  base.BaseClass - Trying to find Element By {by.toString()})
2024-04-17 18:27:02,511 [main] INFO  base.BaseClass - Found Element By {by.toString()}
2024-04-17 18:27:03,042 [main] INFO  base.BaseClass - Trying to find Element By {by.toString()})
2024-04-17 18:27:03,053 [main] INFO  base.BaseClass - Found Element By {by.toString()}
2024-04-17 18:27:03,569 [main] INFO  base.BaseClass - Trying to find Element By {by.toString()})
2024-04-17 18:27:03,579 [main] INFO  base.BaseClass - Found Element By {by.toString()}
2024-04-17 18:27:04,098 [main] INFO  base.BaseClass - Trying to find Element By {by.toString()})
2024-04-17 18:27:04,117 [main] INFO  base.BaseClass - Found Element By {by.toString()}
2024-04-17 18:27:04,647 [main] INFO  base.BaseClass - Trying to find Element By {by.toString()})
2024-04-17 18:27:04,671 [main] INFO  base.BaseClass - Found Element By {by.toString()}
2024-04-17 18:27:05,204 [main] INFO  base.BaseClass - Trying to find Element By {by.toString()})
2024-04-17 18:27:05,226 [main] INFO  base.BaseClass - Found Element By {by.toString()}
2024-04-17 18:27:05,765 [main] INFO  base.BaseClass - Trying to find Element By {by.toString()})
2024-04-17 18:27:05,785 [main] INFO  base.BaseClass - Found Element By {by.toString()}
2024-04-17 18:27:06,336 [main] INFO  base.BaseClass - Trying to find Element By {by.toString()})
2024-04-17 18:27:06,348 [main] INFO  base.BaseClass - Found Element By {by.toString()}
2024-04-17 18:27:06,869 [main] INFO  base.BaseClass - Trying to find Element By {by.toString()})
2024-04-17 18:27:06,881 [main] INFO  base.BaseClass - Found Element By {by.toString()}
2024-04-17 18:27:07,415 [main] INFO  base.BaseClass - Trying to find Element By {by.toString()})
2024-04-17 18:27:07,466 [main] INFO  base.BaseClass - Found Element By {by.toString()}
2024-04-17 18:27:08,003 [main] INFO  base.BaseClass - Trying to find Element By {by.toString()})
2024-04-17 18:27:08,016 [main] INFO  base.BaseClass - Found Element By {by.toString()}
2024-04-17 18:27:08,535 [main] INFO  base.BaseClass - Trying to find Element By {by.toString()})
2024-04-17 18:27:08,570 [main] INFO  base.BaseClass - Found Element By {by.toString()}
2024-04-17 18:27:09,128 [main] INFO  base.BaseClass - Trying to find Element By {by.toString()})
2024-04-17 18:27:09,146 [main] INFO  base.BaseClass - Found Element By {by.toString()}
2024-04-17 18:27:09,670 [main] INFO  base.BaseClass - Trying to find Element By {by.toString()})
2024-04-17 18:27:09,683 [main] INFO  base.BaseClass - Found Element By {by.toString()}
2024-04-17 18:27:10,200 [main] INFO  base.BaseClass - Trying to find Element By {by.toString()})
2024-04-17 18:27:10,213 [main] INFO  base.BaseClass - Found Element By {by.toString()}
2024-04-17 18:27:10,777 [main] INFO  base.BaseClass - Trying to find Element By {by.toString()})
2024-04-17 18:27:10,810 [main] INFO  base.BaseClass - Found Element By {by.toString()}
2024-04-17 18:27:11,353 [main] INFO  base.BaseClass - Trying to find Element By {by.toString()})
2024-04-17 18:27:11,379 [main] INFO  base.BaseClass - Found Element By {by.toString()}
2024-04-17 18:27:11,896 [main] INFO  base.BaseClass - Trying to find Element By {by.toString()})
2024-04-17 18:27:11,911 [main] INFO  base.BaseClass - Found Element By {by.toString()}
2024-04-17 18:27:12,437 [main] INFO  base.BaseClass - Trying to find Element By {by.toString()})
2024-04-17 18:27:12,473 [main] INFO  base.BaseClass - Found Element By {by.toString()}
2024-04-17 18:27:13,026 [main] INFO  base.BaseClass - Trying to find Element By {by.toString()})
2024-04-17 18:27:13,048 [main] INFO  base.BaseClass - Found Element By {by.toString()}
2024-04-17 18:27:13,571 [main] INFO  base.BaseClass - Trying to find Element By {by.toString()})
2024-04-17 18:27:13,585 [main] INFO  base.BaseClass - Found Element By {by.toString()}
2024-04-17 18:27:14,131 [main] INFO  base.BaseClass - Trying to find Element By {by.toString()})
2024-04-17 18:27:14,155 [main] INFO  base.BaseClass - Found Element By {by.toString()}
2024-04-17 18:27:14,675 [main] INFO  base.BaseClass - Trying to find Element By {by.toString()})
2024-04-17 18:27:14,691 [main] INFO  base.BaseClass - Found Element By {by.toString()}
2024-04-17 18:27:15,216 [main] INFO  base.BaseClass - Trying to find Element By {by.toString()})
2024-04-17 18:27:15,251 [main] INFO  base.BaseClass - Found Element By {by.toString()}
2024-04-17 18:27:15,793 [main] INFO  base.BaseClass - Trying to find Element By {by.toString()})
2024-04-17 18:27:15,806 [main] INFO  base.BaseClass - Found Element By {by.toString()}
2024-04-17 18:27:16,335 [main] INFO  base.BaseClass - Trying to find Element By {by.toString()})
2024-04-17 18:27:16,353 [main] INFO  base.BaseClass - Found Element By {by.toString()}
2024-04-17 18:27:16,881 [main] INFO  base.BaseClass - Trying to find Element By {by.toString()})
2024-04-17 18:27:16,919 [main] INFO  base.BaseClass - Found Element By {by.toString()}
2024-04-17 18:27:17,473 [main] INFO  base.BaseClass - Trying to find Element By {by.toString()})
2024-04-17 18:27:17,493 [main] INFO  base.BaseClass - Found Element By {by.toString()}
2024-04-17 18:27:18,031 [main] INFO  base.BaseClass - Trying to find Element By {by.toString()})
2024-04-17 18:27:18,059 [main] INFO  base.BaseClass - Found Element By {by.toString()}
2024-04-17 18:27:18,607 [main] INFO  base.BaseClass - Trying to find Element By {by.toString()})
2024-04-17 18:27:18,616 [main] INFO  base.BaseClass - Found Element By {by.toString()}
2024-04-17 18:27:19,134 [main] INFO  base.BaseClass - Trying to find Element By {by.toString()})
2024-04-17 18:27:19,144 [main] INFO  base.BaseClass - Found Element By {by.toString()}
2024-04-17 18:27:19,665 [main] INFO  base.BaseClass - Trying to find Element By {by.toString()})
2024-04-17 18:27:19,692 [main] INFO  base.BaseClass - Found Element By {by.toString()}
2024-04-17 18:27:20,230 [main] INFO  base.BaseClass - Trying to find Element By {by.toString()})
2024-04-17 18:27:20,261 [main] INFO  base.BaseClass - Found Element By {by.toString()}
2024-04-17 18:27:20,811 [main] INFO  base.BaseClass - Trying to find Element By {by.toString()})
2024-04-17 18:27:20,838 [main] INFO  base.BaseClass - Found Element By {by.toString()}
TimeoutException occurred: Expected condition failed: waiting for helper.WaitUtility$5@2a872fe5 (tried for 30 second(s) with 500 milliseconds interval)
Build info: version: '3.141.59', revision: 'e82be7d358', time: '2018-11-14T08:17:03'
System info: host: 'DPLAP166', ip: '137.237.2.236', os.name: 'Windows 10', os.arch: 'amd64', os.version: '10.0', java.version: '19.0.1'
Driver info: org.openqa.selenium.support.events.EventFiringWebDriver
Capabilities {acceptInsecureCerts: true, browserName: chrome, browserVersion: 123.0.6312.123, chrome: {chromedriverVersion: 123.0.6312.122 (31f8248cdd9..., userDataDir: C:\Users\dP-PL\AppData\Loca...}, fedcm:accounts: true, goog:chromeOptions: {debuggerAddress: localhost:51256}, javascriptEnabled: true, networkConnectionEnabled: false, pageLoadStrategy: normal, platform: WINDOWS, platformName: WINDOWS, proxy: Proxy(), setWindowRect: true, strictFileInteractability: false, timeouts: {implicit: 0, pageLoad: 300000, script: 30000}, unhandledPromptBehavior: dismiss and notify, webauthn:extension:credBlob: true, webauthn:extension:largeBlob: true, webauthn:extension:minPinLength: true, webauthn:extension:prf: true, webauthn:virtualAuthenticators: true}
Session ID: a59c4df4811f82049fe754efe723d3c1
2024-04-17 18:27:20,876 [main] ERROR RotationCopy_test - Element did not become visible within the specified time: Expected condition failed: waiting for helper.WaitUtility$5@2a872fe5 (tried for 30 second(s) with 500 milliseconds interval)
Build info: version: '3.141.59', revision: 'e82be7d358', time: '2018-11-14T08:17:03'
System info: host: 'DPLAP166', ip: '137.237.2.236', os.name: 'Windows 10', os.arch: 'amd64', os.version: '10.0', java.version: '19.0.1'
Driver info: org.openqa.selenium.support.events.EventFiringWebDriver
Capabilities {acceptInsecureCerts: true, browserName: chrome, browserVersion: 123.0.6312.123, chrome: {chromedriverVersion: 123.0.6312.122 (31f8248cdd9..., userDataDir: C:\Users\dP-PL\AppData\Loca...}, fedcm:accounts: true, goog:chromeOptions: {debuggerAddress: localhost:51256}, javascriptEnabled: true, networkConnectionEnabled: false, pageLoadStrategy: normal, platform: WINDOWS, platformName: WINDOWS, proxy: Proxy(), setWindowRect: true, strictFileInteractability: false, timeouts: {implicit: 0, pageLoad: 300000, script: 30000}, unhandledPromptBehavior: dismiss and notify, webauthn:extension:credBlob: true, webauthn:extension:largeBlob: true, webauthn:extension:minPinLength: true, webauthn:extension:prf: true, webauthn:virtualAuthenticators: true}
Session ID: a59c4df4811f82049fe754efe723d3c1
2024-04-17 18:27:20,876 [main] INFO  base.BaseClass - Trying to find Element By {by.toString()})
2024-04-17 18:27:20,892 [main] INFO  base.BaseClass - Found Element By {by.toString()}
2024-04-17 18:27:20,892 [main] INFO  base.BaseClass - Trying to click on: {element.toString()}
2024-04-17 18:27:21,054 [main] INFO  base.BaseClass - Clicked on: {element.toString()}
2024-04-17 18:27:21,054 [main] INFO  base.BaseClass - Trying to find Element By {by.toString()})
2024-04-17 18:27:22,018 [main] INFO  base.BaseClass - Found Element By {by.toString()}
2024-04-17 18:27:22,543 [main] INFO  base.BaseClass - Trying to find Element By {by.toString()})
2024-04-17 18:27:22,557 [main] INFO  base.BaseClass - Found Element By {by.toString()}
2024-04-17 18:27:23,086 [main] INFO  base.BaseClass - Trying to find Element By {by.toString()})
2024-04-17 18:27:23,098 [main] INFO  base.BaseClass - Found Element By {by.toString()}
2024-04-17 18:27:23,616 [main] INFO  base.BaseClass - Trying to find Element By {by.toString()})
2024-04-17 18:27:23,644 [main] INFO  base.BaseClass - Found Element By {by.toString()}
2024-04-17 18:27:24,192 [main] INFO  base.BaseClass - Trying to find Element By {by.toString()})
2024-04-17 18:27:24,204 [main] INFO  base.BaseClass - Found Element By {by.toString()}
2024-04-17 18:27:24,722 [main] INFO  base.BaseClass - Trying to find Element By {by.toString()})
2024-04-17 18:27:24,759 [main] INFO  base.BaseClass - Found Element By {by.toString()}
2024-04-17 18:27:25,296 [main] INFO  base.BaseClass - Trying to find Element By {by.toString()})
2024-04-17 18:27:25,319 [main] INFO  base.BaseClass - Found Element By {by.toString()}
2024-04-17 18:27:25,853 [main] INFO  base.BaseClass - Trying to find Element By {by.toString()})
2024-04-17 18:27:25,872 [main] INFO  base.BaseClass - Found Element By {by.toString()}
2024-04-17 18:27:26,399 [main] INFO  base.BaseClass - Trying to find Element By {by.toString()})
2024-04-17 18:27:26,429 [main] INFO  base.BaseClass - Found Element By {by.toString()}
2024-04-17 18:27:26,958 [main] INFO  base.BaseClass - Trying to find Element By {by.toString()})
2024-04-17 18:27:26,977 [main] INFO  base.BaseClass - Found Element By {by.toString()}
2024-04-17 18:27:27,503 [main] INFO  base.BaseClass - Trying to find Element By {by.toString()})
2024-04-17 18:27:27,536 [main] INFO  base.BaseClass - Found Element By {by.toString()}
2024-04-17 18:27:28,097 [main] INFO  base.BaseClass - Trying to find Element By {by.toString()})
2024-04-17 18:27:28,135 [main] INFO  base.BaseClass - Found Element By {by.toString()}
2024-04-17 18:27:28,675 [main] INFO  base.BaseClass - Trying to find Element By {by.toString()})
2024-04-17 18:27:28,720 [main] INFO  base.BaseClass - Found Element By {by.toString()}
2024-04-17 18:27:29,262 [main] INFO  base.BaseClass - Trying to find Element By {by.toString()})
2024-04-17 18:27:29,297 [main] INFO  base.BaseClass - Found Element By {by.toString()}
2024-04-17 18:27:29,838 [main] INFO  base.BaseClass - Trying to find Element By {by.toString()})
2024-04-17 18:27:29,852 [main] INFO  base.BaseClass - Found Element By {by.toString()}
2024-04-17 18:27:30,369 [main] INFO  base.BaseClass - Trying to find Element By {by.toString()})
2024-04-17 18:27:30,404 [main] INFO  base.BaseClass - Found Element By {by.toString()}
2024-04-17 18:27:30,960 [main] INFO  base.BaseClass - Trying to find Element By {by.toString()})
2024-04-17 18:27:30,973 [main] INFO  base.BaseClass - Found Element By {by.toString()}
2024-04-17 18:27:31,502 [main] INFO  base.BaseClass - Trying to find Element By {by.toString()})
2024-04-17 18:27:31,519 [main] INFO  base.BaseClass - Found Element By {by.toString()}
2024-04-17 18:27:32,041 [main] INFO  base.BaseClass - Trying to find Element By {by.toString()})
2024-04-17 18:27:32,062 [main] INFO  base.BaseClass - Found Element By {by.toString()}
2024-04-17 18:27:32,585 [main] INFO  base.BaseClass - Trying to find Element By {by.toString()})
2024-04-17 18:27:32,613 [main] INFO  base.BaseClass - Found Element By {by.toString()}
2024-04-17 18:27:33,143 [main] INFO  base.BaseClass - Trying to find Element By {by.toString()})
2024-04-17 18:27:33,222 [main] INFO  base.BaseClass - Found Element By {by.toString()}
2024-04-17 18:27:33,746 [main] INFO  base.BaseClass - Trying to find Element By {by.toString()})
2024-04-17 18:27:33,780 [main] INFO  base.BaseClass - Found Element By {by.toString()}
2024-04-17 18:27:34,321 [main] INFO  base.BaseClass - Trying to find Element By {by.toString()})
2024-04-17 18:27:34,346 [main] INFO  base.BaseClass - Found Element By {by.toString()}
2024-04-17 18:27:34,881 [main] INFO  base.BaseClass - Trying to find Element By {by.toString()})
2024-04-17 18:27:34,916 [main] INFO  base.BaseClass - Found Element By {by.toString()}
2024-04-17 18:27:35,442 [main] INFO  base.BaseClass - Trying to find Element By {by.toString()})
2024-04-17 18:27:35,454 [main] INFO  base.BaseClass - Found Element By {by.toString()}
2024-04-17 18:27:35,985 [main] INFO  base.BaseClass - Trying to find Element By {by.toString()})
2024-04-17 18:27:36,006 [main] INFO  base.BaseClass - Found Element By {by.toString()}
2024-04-17 18:27:36,525 [main] INFO  base.BaseClass - Trying to find Element By {by.toString()})
2024-04-17 18:27:36,559 [main] INFO  base.BaseClass - Found Element By {by.toString()}
2024-04-17 18:27:37,088 [main] INFO  base.BaseClass - Trying to find Element By {by.toString()})
2024-04-17 18:27:37,122 [main] INFO  base.BaseClass - Found Element By {by.toString()}
2024-04-17 18:27:37,680 [main] INFO  base.BaseClass - Trying to find Element By {by.toString()})
2024-04-17 18:27:37,694 [main] INFO  base.BaseClass - Found Element By {by.toString()}
2024-04-17 18:27:38,225 [main] INFO  base.BaseClass - Trying to find Element By {by.toString()})
2024-04-17 18:27:38,244 [main] INFO  base.BaseClass - Found Element By {by.toString()}
2024-04-17 18:27:38,761 [main] INFO  base.BaseClass - Trying to find Element By {by.toString()})
2024-04-17 18:27:38,791 [main] INFO  base.BaseClass - Found Element By {by.toString()}
2024-04-17 18:27:39,348 [main] INFO  base.BaseClass - Trying to find Element By {by.toString()})
2024-04-17 18:27:39,358 [main] INFO  base.BaseClass - Found Element By {by.toString()}
2024-04-17 18:27:39,876 [main] INFO  base.BaseClass - Trying to find Element By {by.toString()})
2024-04-17 18:27:39,888 [main] INFO  base.BaseClass - Found Element By {by.toString()}
2024-04-17 18:27:40,405 [main] INFO  base.BaseClass - Trying to find Element By {by.toString()})
2024-04-17 18:27:40,446 [main] INFO  base.BaseClass - Found Element By {by.toString()}
2024-04-17 18:27:40,983 [main] INFO  base.BaseClass - Trying to find Element By {by.toString()})
2024-04-17 18:27:40,993 [main] INFO  base.BaseClass - Found Element By {by.toString()}
2024-04-17 18:27:41,513 [main] INFO  base.BaseClass - Trying to find Element By {by.toString()})
2024-04-17 18:27:41,524 [main] INFO  base.BaseClass - Found Element By {by.toString()}
2024-04-17 18:27:42,043 [main] INFO  base.BaseClass - Trying to find Element By {by.toString()})
2024-04-17 18:27:42,061 [main] INFO  base.BaseClass - Found Element By {by.toString()}
2024-04-17 18:27:42,589 [main] INFO  base.BaseClass - Trying to find Element By {by.toString()})
2024-04-17 18:27:42,621 [main] INFO  base.BaseClass - Found Element By {by.toString()}
2024-04-17 18:27:43,149 [main] INFO  base.BaseClass - Trying to find Element By {by.toString()})
2024-04-17 18:27:43,162 [main] INFO  base.BaseClass - Found Element By {by.toString()}
2024-04-17 18:27:43,677 [main] INFO  base.BaseClass - Trying to find Element By {by.toString()})
2024-04-17 18:27:43,687 [main] INFO  base.BaseClass - Found Element By {by.toString()}
2024-04-17 18:27:44,217 [main] INFO  base.BaseClass - Trying to find Element By {by.toString()})
2024-04-17 18:27:44,232 [main] INFO  base.BaseClass - Found Element By {by.toString()}
2024-04-17 18:27:44,761 [main] INFO  base.BaseClass - Trying to find Element By {by.toString()})
2024-04-17 18:27:44,775 [main] INFO  base.BaseClass - Found Element By {by.toString()}
2024-04-17 18:27:45,310 [main] INFO  base.BaseClass - Trying to find Element By {by.toString()})
2024-04-17 18:27:45,333 [main] INFO  base.BaseClass - Found Element By {by.toString()}
2024-04-17 18:27:45,853 [main] INFO  base.BaseClass - Trying to find Element By {by.toString()})
2024-04-17 18:27:45,879 [main] INFO  base.BaseClass - Found Element By {by.toString()}
2024-04-17 18:27:46,407 [main] INFO  base.BaseClass - Trying to find Element By {by.toString()})
2024-04-17 18:27:46,418 [main] INFO  base.BaseClass - Found Element By {by.toString()}
2024-04-17 18:27:46,939 [main] INFO  base.BaseClass - Trying to find Element By {by.toString()})
2024-04-17 18:27:46,959 [main] INFO  base.BaseClass - Found Element By {by.toString()}
2024-04-17 18:27:47,497 [main] INFO  base.BaseClass - Trying to find Element By {by.toString()})
2024-04-17 18:27:47,572 [main] INFO  base.BaseClass - Found Element By {by.toString()}
2024-04-17 18:27:48,117 [main] INFO  base.BaseClass - Trying to find Element By {by.toString()})
2024-04-17 18:27:48,154 [main] INFO  base.BaseClass - Found Element By {by.toString()}
2024-04-17 18:27:48,709 [main] INFO  base.BaseClass - Trying to find Element By {by.toString()})
2024-04-17 18:27:48,718 [main] INFO  base.BaseClass - Found Element By {by.toString()}
2024-04-17 18:27:49,239 [main] INFO  base.BaseClass - Trying to find Element By {by.toString()})
2024-04-17 18:27:49,267 [main] INFO  base.BaseClass - Found Element By {by.toString()}
2024-04-17 18:27:49,814 [main] INFO  base.BaseClass - Trying to find Element By {by.toString()})
2024-04-17 18:27:49,837 [main] INFO  base.BaseClass - Found Element By {by.toString()}
2024-04-17 18:27:50,373 [main] INFO  base.BaseClass - Trying to find Element By {by.toString()})
2024-04-17 18:27:50,386 [main] INFO  base.BaseClass - Found Element By {by.toString()}
2024-04-17 18:27:50,902 [main] INFO  base.BaseClass - Trying to find Element By {by.toString()})
2024-04-17 18:27:50,922 [main] INFO  base.BaseClass - Found Element By {by.toString()}
2024-04-17 18:27:51,447 [main] INFO  base.BaseClass - Trying to find Element By {by.toString()})
2024-04-17 18:27:51,463 [main] INFO  base.BaseClass - Found Element By {by.toString()}
TimeoutException occurred: Expected condition failed: waiting for helper.WaitUtility$5@35a77f4f (tried for 30 second(s) with 500 milliseconds interval)
Build info: version: '3.141.59', revision: 'e82be7d358', time: '2018-11-14T08:17:03'
System info: host: 'DPLAP166', ip: '137.237.2.236', os.name: 'Windows 10', os.arch: 'amd64', os.version: '10.0', java.version: '19.0.1'
Driver info: org.openqa.selenium.support.events.EventFiringWebDriver
Capabilities {acceptInsecureCerts: true, browserName: chrome, browserVersion: 123.0.6312.123, chrome: {chromedriverVersion: 123.0.6312.122 (31f8248cdd9..., userDataDir: C:\Users\dP-PL\AppData\Loca...}, fedcm:accounts: true, goog:chromeOptions: {debuggerAddress: localhost:51256}, javascriptEnabled: true, networkConnectionEnabled: false, pageLoadStrategy: normal, platform: WINDOWS, platformName: WINDOWS, proxy: Proxy(), setWindowRect: true, strictFileInteractability: false, timeouts: {implicit: 0, pageLoad: 300000, script: 30000}, unhandledPromptBehavior: dismiss and notify, webauthn:extension:credBlob: true, webauthn:extension:largeBlob: true, webauthn:extension:minPinLength: true, webauthn:extension:prf: true, webauthn:virtualAuthenticators: true}
Session ID: a59c4df4811f82049fe754efe723d3c1
2024-04-17 18:27:51,482 [main] ERROR RotationCopy_test - Element did not become visible within the specified time: Expected condition failed: waiting for helper.WaitUtility$5@35a77f4f (tried for 30 second(s) with 500 milliseconds interval)
Build info: version: '3.141.59', revision: 'e82be7d358', time: '2018-11-14T08:17:03'
System info: host: 'DPLAP166', ip: '137.237.2.236', os.name: 'Windows 10', os.arch: 'amd64', os.version: '10.0', java.version: '19.0.1'
Driver info: org.openqa.selenium.support.events.EventFiringWebDriver
Capabilities {acceptInsecureCerts: true, browserName: chrome, browserVersion: 123.0.6312.123, chrome: {chromedriverVersion: 123.0.6312.122 (31f8248cdd9..., userDataDir: C:\Users\dP-PL\AppData\Loca...}, fedcm:accounts: true, goog:chromeOptions: {debuggerAddress: localhost:51256}, javascriptEnabled: true, networkConnectionEnabled: false, pageLoadStrategy: normal, platform: WINDOWS, platformName: WINDOWS, proxy: Proxy(), setWindowRect: true, strictFileInteractability: false, timeouts: {implicit: 0, pageLoad: 300000, script: 30000}, unhandledPromptBehavior: dismiss and notify, webauthn:extension:credBlob: true, webauthn:extension:largeBlob: true, webauthn:extension:minPinLength: true, webauthn:extension:prf: true, webauthn:virtualAuthenticators: true}
Session ID: a59c4df4811f82049fe754efe723d3c1
2024-04-17 18:27:51,482 [main] INFO  base.BaseClass - Trying to find Element By {by.toString()})
2024-04-17 18:27:51,496 [main] INFO  base.BaseClass - Found Element By {by.toString()}
2024-04-17 18:27:51,496 [main] INFO  base.BaseClass - Trying to click on: {element.toString()}
2024-04-17 18:27:51,626 [main] INFO  base.BaseClass - Clicked on: {element.toString()}
2024-04-17 18:27:51,626 [main] INFO  base.BaseClass - Trying to find Element By {by.toString()})
2024-04-17 18:27:51,643 [main] INFO  base.BaseClass - Found Element By {by.toString()}
2024-04-17 18:27:52,158 [main] INFO  base.BaseClass - Trying to find Element By {by.toString()})
2024-04-17 18:27:52,168 [main] INFO  base.BaseClass - Found Element By {by.toString()}
2024-04-17 18:27:52,686 [main] INFO  base.BaseClass - Trying to find Element By {by.toString()})
2024-04-17 18:27:52,698 [main] INFO  base.BaseClass - Found Element By {by.toString()}
2024-04-17 18:27:53,230 [main] INFO  base.BaseClass - Trying to find Element By {by.toString()})
2024-04-17 18:27:53,243 [main] INFO  base.BaseClass - Found Element By {by.toString()}
2024-04-17 18:27:53,772 [main] INFO  base.BaseClass - Trying to find Element By {by.toString()})
2024-04-17 18:27:53,798 [main] INFO  base.BaseClass - Found Element By {by.toString()}
2024-04-17 18:27:54,331 [main] INFO  base.BaseClass - Trying to find Element By {by.toString()})
2024-04-17 18:27:54,357 [main] INFO  base.BaseClass - Found Element By {by.toString()}
2024-04-17 18:27:54,889 [main] INFO  base.BaseClass - Trying to find Element By {by.toString()})
2024-04-17 18:27:54,902 [main] INFO  base.BaseClass - Found Element By {by.toString()}
2024-04-17 18:27:55,432 [main] INFO  base.BaseClass - Trying to find Element By {by.toString()})
2024-04-17 18:27:55,445 [main] INFO  base.BaseClass - Found Element By {by.toString()}
2024-04-17 18:27:55,961 [main] INFO  base.BaseClass - Trying to find Element By {by.toString()})
2024-04-17 18:27:55,976 [main] INFO  base.BaseClass - Found Element By {by.toString()}
2024-04-17 18:27:56,506 [main] INFO  base.BaseClass - Trying to find Element By {by.toString()})
2024-04-17 18:27:56,526 [main] INFO  base.BaseClass - Found Element By {by.toString()}
2024-04-17 18:27:57,065 [main] INFO  base.BaseClass - Trying to find Element By {by.toString()})
2024-04-17 18:27:57,084 [main] INFO  base.BaseClass - Found Element By {by.toString()}
2024-04-17 18:27:57,620 [main] INFO  base.BaseClass - Trying to find Element By {by.toString()})
2024-04-17 18:27:57,630 [main] INFO  base.BaseClass - Found Element By {by.toString()}
2024-04-17 18:27:58,147 [main] INFO  base.BaseClass - Trying to find Element By {by.toString()})
2024-04-17 18:27:58,161 [main] INFO  base.BaseClass - Found Element By {by.toString()}
2024-04-17 18:27:58,690 [main] INFO  base.BaseClass - Trying to find Element By {by.toString()})
2024-04-17 18:27:58,703 [main] INFO  base.BaseClass - Found Element By {by.toString()}
2024-04-17 18:27:59,237 [main] INFO  base.BaseClass - Trying to find Element By {by.toString()})
2024-04-17 18:27:59,346 [main] INFO  base.BaseClass - Found Element By {by.toString()}
2024-04-17 18:27:59,871 [main] INFO  base.BaseClass - Trying to find Element By {by.toString()})
2024-04-17 18:27:59,904 [main] INFO  base.BaseClass - Found Element By {by.toString()}
2024-04-17 18:28:00,440 [main] INFO  base.BaseClass - Trying to find Element By {by.toString()})
2024-04-17 18:28:00,475 [main] INFO  base.BaseClass - Found Element By {by.toString()}
2024-04-17 18:28:01,026 [main] INFO  base.BaseClass - Trying to find Element By {by.toString()})
2024-04-17 18:28:01,052 [main] INFO  base.BaseClass - Found Element By {by.toString()}
2024-04-17 18:28:01,599 [main] INFO  base.BaseClass - Trying to find Element By {by.toString()})
2024-04-17 18:28:01,619 [main] INFO  base.BaseClass - Found Element By {by.toString()}
2024-04-17 18:28:02,159 [main] INFO  base.BaseClass - Trying to find Element By {by.toString()})
2024-04-17 18:28:02,185 [main] INFO  base.BaseClass - Found Element By {by.toString()}
2024-04-17 18:28:02,722 [main] INFO  base.BaseClass - Trying to find Element By {by.toString()})
2024-04-17 18:28:02,758 [main] INFO  base.BaseClass - Found Element By {by.toString()}
2024-04-17 18:28:03,294 [main] INFO  base.BaseClass - Trying to find Element By {by.toString()})
2024-04-17 18:28:03,313 [main] INFO  base.BaseClass - Found Element By {by.toString()}
2024-04-17 18:28:03,837 [main] INFO  base.BaseClass - Trying to find Element By {by.toString()})
2024-04-17 18:28:03,852 [main] INFO  base.BaseClass - Found Element By {by.toString()}
2024-04-17 18:28:04,376 [main] INFO  base.BaseClass - Trying to find Element By {by.toString()})
2024-04-17 18:28:04,387 [main] INFO  base.BaseClass - Found Element By {by.toString()}
2024-04-17 18:28:04,914 [main] INFO  base.BaseClass - Trying to find Element By {by.toString()})
2024-04-17 18:28:04,925 [main] INFO  base.BaseClass - Found Element By {by.toString()}
2024-04-17 18:28:05,440 [main] INFO  base.BaseClass - Trying to find Element By {by.toString()})
2024-04-17 18:28:05,454 [main] INFO  base.BaseClass - Found Element By {by.toString()}
2024-04-17 18:28:05,977 [main] INFO  base.BaseClass - Trying to find Element By {by.toString()})
2024-04-17 18:28:05,991 [main] INFO  base.BaseClass - Found Element By {by.toString()}
2024-04-17 18:28:06,515 [main] INFO  base.BaseClass - Trying to find Element By {by.toString()})
2024-04-17 18:28:06,527 [main] INFO  base.BaseClass - Found Element By {by.toString()}
2024-04-17 18:28:07,055 [main] INFO  base.BaseClass - Trying to find Element By {by.toString()})
2024-04-17 18:28:07,068 [main] INFO  base.BaseClass - Found Element By {by.toString()}
2024-04-17 18:28:07,586 [main] INFO  base.BaseClass - Trying to find Element By {by.toString()})
2024-04-17 18:28:07,599 [main] INFO  base.BaseClass - Found Element By {by.toString()}
2024-04-17 18:28:08,117 [main] INFO  base.BaseClass - Trying to find Element By {by.toString()})
2024-04-17 18:28:08,132 [main] INFO  base.BaseClass - Found Element By {by.toString()}
2024-04-17 18:28:08,662 [main] INFO  base.BaseClass - Trying to find Element By {by.toString()})
2024-04-17 18:28:08,673 [main] INFO  base.BaseClass - Found Element By {by.toString()}
2024-04-17 18:28:09,192 [main] INFO  base.BaseClass - Trying to find Element By {by.toString()})
2024-04-17 18:28:09,204 [main] INFO  base.BaseClass - Found Element By {by.toString()}
2024-04-17 18:28:09,736 [main] INFO  base.BaseClass - Trying to find Element By {by.toString()})
2024-04-17 18:28:09,749 [main] INFO  base.BaseClass - Found Element By {by.toString()}
2024-04-17 18:28:10,274 [main] INFO  base.BaseClass - Trying to find Element By {by.toString()})
2024-04-17 18:28:10,295 [main] INFO  base.BaseClass - Found Element By {by.toString()}
2024-04-17 18:28:10,832 [main] INFO  base.BaseClass - Trying to find Element By {by.toString()})
2024-04-17 18:28:10,854 [main] INFO  base.BaseClass - Found Element By {by.toString()}
2024-04-17 18:28:11,380 [main] INFO  base.BaseClass - Trying to find Element By {by.toString()})
2024-04-17 18:28:11,392 [main] INFO  base.BaseClass - Found Element By {by.toString()}
2024-04-17 18:28:11,912 [main] INFO  base.BaseClass - Trying to find Element By {by.toString()})
2024-04-17 18:28:11,985 [main] INFO  base.BaseClass - Found Element By {by.toString()}
2024-04-17 18:28:12,503 [main] INFO  base.BaseClass - Trying to find Element By {by.toString()})
2024-04-17 18:28:12,530 [main] INFO  base.BaseClass - Found Element By {by.toString()}
2024-04-17 18:28:13,074 [main] INFO  base.BaseClass - Trying to find Element By {by.toString()})
2024-04-17 18:28:13,097 [main] INFO  base.BaseClass - Found Element By {by.toString()}
2024-04-17 18:28:13,634 [main] INFO  base.BaseClass - Trying to find Element By {by.toString()})
2024-04-17 18:28:13,652 [main] INFO  base.BaseClass - Found Element By {by.toString()}
2024-04-17 18:28:14,174 [main] INFO  base.BaseClass - Trying to find Element By {by.toString()})
2024-04-17 18:28:14,185 [main] INFO  base.BaseClass - Found Element By {by.toString()}
2024-04-17 18:28:14,703 [main] INFO  base.BaseClass - Trying to find Element By {by.toString()})
2024-04-17 18:28:14,714 [main] INFO  base.BaseClass - Found Element By {by.toString()}
2024-04-17 18:28:15,230 [main] INFO  base.BaseClass - Trying to find Element By {by.toString()})
2024-04-17 18:28:15,242 [main] INFO  base.BaseClass - Found Element By {by.toString()}
2024-04-17 18:28:15,758 [main] INFO  base.BaseClass - Trying to find Element By {by.toString()})
2024-04-17 18:28:15,774 [main] INFO  base.BaseClass - Found Element By {by.toString()}
2024-04-17 18:28:16,299 [main] INFO  base.BaseClass - Trying to find Element By {by.toString()})
2024-04-17 18:28:16,327 [main] INFO  base.BaseClass - Found Element By {by.toString()}
2024-04-17 18:28:16,860 [main] INFO  base.BaseClass - Trying to find Element By {by.toString()})
2024-04-17 18:28:16,873 [main] INFO  base.BaseClass - Found Element By {by.toString()}
2024-04-17 18:28:17,407 [main] INFO  base.BaseClass - Trying to find Element By {by.toString()})
2024-04-17 18:28:17,428 [main] INFO  base.BaseClass - Found Element By {by.toString()}
2024-04-17 18:28:17,958 [main] INFO  base.BaseClass - Trying to find Element By {by.toString()})
2024-04-17 18:28:17,986 [main] INFO  base.BaseClass - Found Element By {by.toString()}
2024-04-17 18:28:18,517 [main] INFO  base.BaseClass - Trying to find Element By {by.toString()})
2024-04-17 18:28:18,542 [main] INFO  base.BaseClass - Found Element By {by.toString()}
2024-04-17 18:28:19,077 [main] INFO  base.BaseClass - Trying to find Element By {by.toString()})
2024-04-17 18:28:19,087 [main] INFO  base.BaseClass - Found Element By {by.toString()}
2024-04-17 18:28:19,607 [main] INFO  base.BaseClass - Trying to find Element By {by.toString()})
2024-04-17 18:28:19,626 [main] INFO  base.BaseClass - Found Element By {by.toString()}
2024-04-17 18:28:20,149 [main] INFO  base.BaseClass - Trying to find Element By {by.toString()})
2024-04-17 18:28:20,168 [main] INFO  base.BaseClass - Found Element By {by.toString()}
2024-04-17 18:28:20,707 [main] INFO  base.BaseClass - Trying to find Element By {by.toString()})
2024-04-17 18:28:20,718 [main] INFO  base.BaseClass - Found Element By {by.toString()}
2024-04-17 18:28:21,250 [main] INFO  base.BaseClass - Trying to find Element By {by.toString()})
2024-04-17 18:28:21,273 [main] INFO  base.BaseClass - Found Element By {by.toString()}
2024-04-17 18:28:21,811 [main] INFO  base.BaseClass - Trying to find Element By {by.toString()})
2024-04-17 18:28:21,826 [main] INFO  base.BaseClass - Found Element By {by.toString()}
TimeoutException occurred: Expected condition failed: waiting for helper.WaitUtility$5@d06e44c (tried for 30 second(s) with 500 milliseconds interval)
Build info: version: '3.141.59', revision: 'e82be7d358', time: '2018-11-14T08:17:03'
System info: host: 'DPLAP166', ip: '137.237.2.236', os.name: 'Windows 10', os.arch: 'amd64', os.version: '10.0', java.version: '19.0.1'
Driver info: org.openqa.selenium.support.events.EventFiringWebDriver
Capabilities {acceptInsecureCerts: true, browserName: chrome, browserVersion: 123.0.6312.123, chrome: {chromedriverVersion: 123.0.6312.122 (31f8248cdd9..., userDataDir: C:\Users\dP-PL\AppData\Loca...}, fedcm:accounts: true, goog:chromeOptions: {debuggerAddress: localhost:51256}, javascriptEnabled: true, networkConnectionEnabled: false, pageLoadStrategy: normal, platform: WINDOWS, platformName: WINDOWS, proxy: Proxy(), setWindowRect: true, strictFileInteractability: false, timeouts: {implicit: 0, pageLoad: 300000, script: 30000}, unhandledPromptBehavior: dismiss and notify, webauthn:extension:credBlob: true, webauthn:extension:largeBlob: true, webauthn:extension:minPinLength: true, webauthn:extension:prf: true, webauthn:virtualAuthenticators: true}
Session ID: a59c4df4811f82049fe754efe723d3c1
2024-04-17 18:28:21,845 [main] ERROR RotationCopy_test - Element did not become visible within the specified time: Expected condition failed: waiting for helper.WaitUtility$5@d06e44c (tried for 30 second(s) with 500 milliseconds interval)
Build info: version: '3.141.59', revision: 'e82be7d358', time: '2018-11-14T08:17:03'
System info: host: 'DPLAP166', ip: '137.237.2.236', os.name: 'Windows 10', os.arch: 'amd64', os.version: '10.0', java.version: '19.0.1'
Driver info: org.openqa.selenium.support.events.EventFiringWebDriver
Capabilities {acceptInsecureCerts: true, browserName: chrome, browserVersion: 123.0.6312.123, chrome: {chromedriverVersion: 123.0.6312.122 (31f8248cdd9..., userDataDir: C:\Users\dP-PL\AppData\Loca...}, fedcm:accounts: true, goog:chromeOptions: {debuggerAddress: localhost:51256}, javascriptEnabled: true, networkConnectionEnabled: false, pageLoadStrategy: normal, platform: WINDOWS, platformName: WINDOWS, proxy: Proxy(), setWindowRect: true, strictFileInteractability: false, timeouts: {implicit: 0, pageLoad: 300000, script: 30000}, unhandledPromptBehavior: dismiss and notify, webauthn:extension:credBlob: true, webauthn:extension:largeBlob: true, webauthn:extension:minPinLength: true, webauthn:extension:prf: true, webauthn:virtualAuthenticators: true}
Session ID: a59c4df4811f82049fe754efe723d3c1
2024-04-17 18:28:21,845 [main] INFO  base.BaseClass - Trying to find Element By {by.toString()})
2024-04-17 18:28:21,855 [main] INFO  base.BaseClass - Found Element By {by.toString()}
2024-04-17 18:28:21,855 [main] INFO  base.BaseClass - Trying to click on: {element.toString()}
2024-04-17 18:28:21,982 [main] INFO  base.BaseClass - Clicked on: {element.toString()}
2024-04-17 18:28:21,988 [main] INFO  base.BaseClass - Trying to find Element By {by.toString()})
2024-04-17 18:28:22,049 [main] INFO  base.BaseClass - Found Element By {by.toString()}
2024-04-17 18:28:22,573 [main] INFO  base.BaseClass - Trying to find Element By {by.toString()})
2024-04-17 18:28:22,597 [main] INFO  base.BaseClass - Found Element By {by.toString()}
2024-04-17 18:28:23,120 [main] INFO  base.BaseClass - Trying to find Element By {by.toString()})
2024-04-17 18:28:23,131 [main] INFO  base.BaseClass - Found Element By {by.toString()}
2024-04-17 18:28:23,649 [main] INFO  base.BaseClass - Trying to find Element By {by.toString()})
2024-04-17 18:28:23,673 [main] INFO  base.BaseClass - Found Element By {by.toString()}
2024-04-17 18:28:24,206 [main] INFO  base.BaseClass - Trying to find Element By {by.toString()})
2024-04-17 18:28:24,221 [main] INFO  base.BaseClass - Found Element By {by.toString()}
2024-04-17 18:28:24,765 [main] INFO  base.BaseClass - Trying to find Element By {by.toString()})
2024-04-17 18:28:24,776 [main] INFO  base.BaseClass - Found Element By {by.toString()}
2024-04-17 18:28:25,295 [main] INFO  base.BaseClass - Trying to find Element By {by.toString()})
2024-04-17 18:28:25,318 [main] INFO  base.BaseClass - Found Element By {by.toString()}
2024-04-17 18:28:25,837 [main] INFO  base.BaseClass - Trying to find Element By {by.toString()})
2024-04-17 18:28:25,869 [main] INFO  base.BaseClass - Found Element By {by.toString()}
2024-04-17 18:28:26,413 [main] INFO  base.BaseClass - Trying to find Element By {by.toString()})
2024-04-17 18:28:26,429 [main] INFO  base.BaseClass - Found Element By {by.toString()}
2024-04-17 18:28:26,957 [main] INFO  base.BaseClass - Trying to find Element By {by.toString()})
2024-04-17 18:28:26,973 [main] INFO  base.BaseClass - Found Element By {by.toString()}
2024-04-17 18:28:27,500 [main] INFO  base.BaseClass - Trying to find Element By {by.toString()})
2024-04-17 18:28:27,513 [main] INFO  base.BaseClass - Found Element By {by.toString()}
2024-04-17 18:28:28,047 [main] INFO  base.BaseClass - Trying to find Element By {by.toString()})
2024-04-17 18:28:28,057 [main] INFO  base.BaseClass - Found Element By {by.toString()}
2024-04-17 18:28:28,577 [main] INFO  base.BaseClass - Trying to find Element By {by.toString()})
2024-04-17 18:28:28,598 [main] INFO  base.BaseClass - Found Element By {by.toString()}
2024-04-17 18:28:29,133 [main] INFO  base.BaseClass - Trying to find Element By {by.toString()})
2024-04-17 18:28:29,155 [main] INFO  base.BaseClass - Found Element By {by.toString()}
2024-04-17 18:28:29,688 [main] INFO  base.BaseClass - Trying to find Element By {by.toString()})
2024-04-17 18:28:29,720 [main] INFO  base.BaseClass - Found Element By {by.toString()}
2024-04-17 18:28:30,249 [main] INFO  base.BaseClass - Trying to find Element By {by.toString()})
2024-04-17 18:28:30,281 [main] INFO  base.BaseClass - Found Element By {by.toString()}
2024-04-17 18:28:30,825 [main] INFO  base.BaseClass - Trying to find Element By {by.toString()})
2024-04-17 18:28:30,852 [main] INFO  base.BaseClass - Found Element By {by.toString()}
2024-04-17 18:28:31,385 [main] INFO  base.BaseClass - Trying to find Element By {by.toString()})
2024-04-17 18:28:31,416 [main] INFO  base.BaseClass - Found Element By {by.toString()}
2024-04-17 18:28:31,959 [main] INFO  base.BaseClass - Trying to find Element By {by.toString()})
2024-04-17 18:28:31,989 [main] INFO  base.BaseClass - Found Element By {by.toString()}
2024-04-17 18:28:32,517 [main] INFO  base.BaseClass - Trying to find Element By {by.toString()})
2024-04-17 18:28:32,551 [main] INFO  base.BaseClass - Found Element By {by.toString()}
2024-04-17 18:28:33,079 [main] INFO  base.BaseClass - Trying to find Element By {by.toString()})
2024-04-17 18:28:33,088 [main] INFO  base.BaseClass - Found Element By {by.toString()}
2024-04-17 18:28:33,609 [main] INFO  base.BaseClass - Trying to find Element By {by.toString()})
2024-04-17 18:28:33,626 [main] INFO  base.BaseClass - Found Element By {by.toString()}
2024-04-17 18:28:34,155 [main] INFO  base.BaseClass - Trying to find Element By {by.toString()})
2024-04-17 18:28:34,182 [main] INFO  base.BaseClass - Found Element By {by.toString()}
2024-04-17 18:28:34,711 [main] INFO  base.BaseClass - Trying to find Element By {by.toString()})
2024-04-17 18:28:34,743 [main] INFO  base.BaseClass - Found Element By {by.toString()}
2024-04-17 18:28:35,274 [main] INFO  base.BaseClass - Trying to find Element By {by.toString()})
2024-04-17 18:28:35,295 [main] INFO  base.BaseClass - Found Element By {by.toString()}
2024-04-17 18:28:35,832 [main] INFO  base.BaseClass - Trying to find Element By {by.toString()})
2024-04-17 18:28:35,844 [main] INFO  base.BaseClass - Found Element By {by.toString()}
2024-04-17 18:28:36,375 [main] INFO  base.BaseClass - Trying to find Element By {by.toString()})
2024-04-17 18:28:36,399 [main] INFO  base.BaseClass - Found Element By {by.toString()}
2024-04-17 18:28:36,935 [main] INFO  base.BaseClass - Trying to find Element By {by.toString()})
2024-04-17 18:28:36,963 [main] INFO  base.BaseClass - Found Element By {by.toString()}
2024-04-17 18:28:37,496 [main] INFO  base.BaseClass - Trying to find Element By {by.toString()})
2024-04-17 18:28:37,517 [main] INFO  base.BaseClass - Found Element By {by.toString()}
2024-04-17 18:28:38,052 [main] INFO  base.BaseClass - Trying to find Element By {by.toString()})
2024-04-17 18:28:38,087 [main] INFO  base.BaseClass - Found Element By {by.toString()}
2024-04-17 18:28:38,642 [main] INFO  base.BaseClass - Trying to find Element By {by.toString()})
2024-04-17 18:28:38,669 [main] INFO  base.BaseClass - Found Element By {by.toString()}
2024-04-17 18:28:39,202 [main] INFO  base.BaseClass - Trying to find Element By {by.toString()})
2024-04-17 18:28:39,229 [main] INFO  base.BaseClass - Found Element By {by.toString()}
2024-04-17 18:28:39,762 [main] INFO  base.BaseClass - Trying to find Element By {by.toString()})
2024-04-17 18:28:39,786 [main] INFO  base.BaseClass - Found Element By {by.toString()}
2024-04-17 18:28:40,320 [main] INFO  base.BaseClass - Trying to find Element By {by.toString()})
2024-04-17 18:28:40,346 [main] INFO  base.BaseClass - Found Element By {by.toString()}
2024-04-17 18:28:40,877 [main] INFO  base.BaseClass - Trying to find Element By {by.toString()})
2024-04-17 18:28:40,892 [main] INFO  base.BaseClass - Found Element By {by.toString()}
2024-04-17 18:28:41,424 [main] INFO  base.BaseClass - Trying to find Element By {by.toString()})
2024-04-17 18:28:41,438 [main] INFO  base.BaseClass - Found Element By {by.toString()}
2024-04-17 18:28:41,966 [main] INFO  base.BaseClass - Trying to find Element By {by.toString()})
2024-04-17 18:28:41,980 [main] INFO  base.BaseClass - Found Element By {by.toString()}
2024-04-17 18:28:42,510 [main] INFO  base.BaseClass - Trying to find Element By {by.toString()})
2024-04-17 18:28:42,523 [main] INFO  base.BaseClass - Found Element By {by.toString()}
2024-04-17 18:28:43,055 [main] INFO  base.BaseClass - Trying to find Element By {by.toString()})
2024-04-17 18:28:43,066 [main] INFO  base.BaseClass - Found Element By {by.toString()}
2024-04-17 18:28:43,598 [main] INFO  base.BaseClass - Trying to find Element By {by.toString()})
2024-04-17 18:28:43,620 [main] INFO  base.BaseClass - Found Element By {by.toString()}
2024-04-17 18:28:44,152 [main] INFO  base.BaseClass - Trying to find Element By {by.toString()})
2024-04-17 18:28:44,166 [main] INFO  base.BaseClass - Found Element By {by.toString()}
2024-04-17 18:28:44,695 [main] INFO  base.BaseClass - Trying to find Element By {by.toString()})
2024-04-17 18:28:44,715 [main] INFO  base.BaseClass - Found Element By {by.toString()}
2024-04-17 18:28:45,240 [main] INFO  base.BaseClass - Trying to find Element By {by.toString()})
2024-04-17 18:28:45,256 [main] INFO  base.BaseClass - Found Element By {by.toString()}
2024-04-17 18:28:45,796 [main] INFO  base.BaseClass - Trying to find Element By {by.toString()})
2024-04-17 18:28:45,817 [main] INFO  base.BaseClass - Found Element By {by.toString()}
2024-04-17 18:28:46,341 [main] INFO  base.BaseClass - Trying to find Element By {by.toString()})
2024-04-17 18:28:46,365 [main] INFO  base.BaseClass - Found Element By {by.toString()}
2024-04-17 18:28:46,900 [main] INFO  base.BaseClass - Trying to find Element By {by.toString()})
2024-04-17 18:28:46,917 [main] INFO  base.BaseClass - Found Element By {by.toString()}
2024-04-17 18:28:47,445 [main] INFO  base.BaseClass - Trying to find Element By {by.toString()})
2024-04-17 18:28:47,472 [main] INFO  base.BaseClass - Found Element By {by.toString()}
2024-04-17 18:28:48,021 [main] INFO  base.BaseClass - Trying to find Element By {by.toString()})
2024-04-17 18:28:48,049 [main] INFO  base.BaseClass - Found Element By {by.toString()}
2024-04-17 18:28:48,581 [main] INFO  base.BaseClass - Trying to find Element By {by.toString()})
2024-04-17 18:28:48,610 [main] INFO  base.BaseClass - Found Element By {by.toString()}
2024-04-17 18:28:49,139 [main] INFO  base.BaseClass - Trying to find Element By {by.toString()})
2024-04-17 18:28:49,162 [main] INFO  base.BaseClass - Found Element By {by.toString()}
2024-04-17 18:28:49,700 [main] INFO  base.BaseClass - Trying to find Element By {by.toString()})
2024-04-17 18:28:49,713 [main] INFO  base.BaseClass - Found Element By {by.toString()}
2024-04-17 18:28:50,244 [main] INFO  base.BaseClass - Trying to find Element By {by.toString()})
2024-04-17 18:28:50,257 [main] INFO  base.BaseClass - Found Element By {by.toString()}
2024-04-17 18:28:50,788 [main] INFO  base.BaseClass - Trying to find Element By {by.toString()})
2024-04-17 18:28:50,809 [main] INFO  base.BaseClass - Found Element By {by.toString()}
2024-04-17 18:28:51,349 [main] INFO  base.BaseClass - Trying to find Element By {by.toString()})
2024-04-17 18:28:51,368 [main] INFO  base.BaseClass - Found Element By {by.toString()}
2024-04-17 18:28:51,893 [main] INFO  base.BaseClass - Trying to find Element By {by.toString()})
2024-04-17 18:28:51,913 [main] INFO  base.BaseClass - Found Element By {by.toString()}
2024-04-17 18:28:52,438 [main] INFO  base.BaseClass - Trying to find Element By {by.toString()})
2024-04-17 18:28:52,455 [main] INFO  base.BaseClass - Found Element By {by.toString()}
TimeoutException occurred: Expected condition failed: waiting for helper.WaitUtility$5@1eba015d (tried for 30 second(s) with 500 milliseconds interval)
Build info: version: '3.141.59', revision: 'e82be7d358', time: '2018-11-14T08:17:03'
System info: host: 'DPLAP166', ip: '137.237.2.236', os.name: 'Windows 10', os.arch: 'amd64', os.version: '10.0', java.version: '19.0.1'
Driver info: org.openqa.selenium.support.events.EventFiringWebDriver
Capabilities {acceptInsecureCerts: true, browserName: chrome, browserVersion: 123.0.6312.123, chrome: {chromedriverVersion: 123.0.6312.122 (31f8248cdd9..., userDataDir: C:\Users\dP-PL\AppData\Loca...}, fedcm:accounts: true, goog:chromeOptions: {debuggerAddress: localhost:51256}, javascriptEnabled: true, networkConnectionEnabled: false, pageLoadStrategy: normal, platform: WINDOWS, platformName: WINDOWS, proxy: Proxy(), setWindowRect: true, strictFileInteractability: false, timeouts: {implicit: 0, pageLoad: 300000, script: 30000}, unhandledPromptBehavior: dismiss and notify, webauthn:extension:credBlob: true, webauthn:extension:largeBlob: true, webauthn:extension:minPinLength: true, webauthn:extension:prf: true, webauthn:virtualAuthenticators: true}
Session ID: a59c4df4811f82049fe754efe723d3c1
2024-04-17 18:28:52,479 [main] ERROR RotationCopy_test - Element did not become visible within the specified time: Expected condition failed: waiting for helper.WaitUtility$5@1eba015d (tried for 30 second(s) with 500 milliseconds interval)
Build info: version: '3.141.59', revision: 'e82be7d358', time: '2018-11-14T08:17:03'
System info: host: 'DPLAP166', ip: '137.237.2.236', os.name: 'Windows 10', os.arch: 'amd64', os.version: '10.0', java.version: '19.0.1'
Driver info: org.openqa.selenium.support.events.EventFiringWebDriver
Capabilities {acceptInsecureCerts: true, browserName: chrome, browserVersion: 123.0.6312.123, chrome: {chromedriverVersion: 123.0.6312.122 (31f8248cdd9..., userDataDir: C:\Users\dP-PL\AppData\Loca...}, fedcm:accounts: true, goog:chromeOptions: {debuggerAddress: localhost:51256}, javascriptEnabled: true, networkConnectionEnabled: false, pageLoadStrategy: normal, platform: WINDOWS, platformName: WINDOWS, proxy: Proxy(), setWindowRect: true, strictFileInteractability: false, timeouts: {implicit: 0, pageLoad: 300000, script: 30000}, unhandledPromptBehavior: dismiss and notify, webauthn:extension:credBlob: true, webauthn:extension:largeBlob: true, webauthn:extension:minPinLength: true, webauthn:extension:prf: true, webauthn:virtualAuthenticators: true}
Session ID: a59c4df4811f82049fe754efe723d3c1
2024-04-17 18:28:52,479 [main] INFO  base.BaseClass - Trying to find Element By {by.toString()})
2024-04-17 18:28:52,493 [main] INFO  base.BaseClass - Found Element By {by.toString()}
2024-04-17 18:28:52,493 [main] INFO  base.BaseClass - Trying to click on: {element.toString()}
2024-04-17 18:28:52,605 [main] INFO  base.BaseClass - Clicked on: {element.toString()}
2024-04-17 18:28:52,612 [main] INFO  base.BaseClass - Trying to find Element By {by.toString()})
2024-04-17 18:28:52,628 [main] INFO  base.BaseClass - Found Element By {by.toString()}
2024-04-17 18:28:53,152 [main] INFO  base.BaseClass - Trying to find Element By {by.toString()})
2024-04-17 18:28:53,708 [main] INFO  base.BaseClass - Found Element By {by.toString()}
2024-04-17 18:28:54,228 [main] INFO  base.BaseClass - Trying to find Element By {by.toString()})
2024-04-17 18:28:54,243 [main] INFO  base.BaseClass - Found Element By {by.toString()}
2024-04-17 18:28:54,774 [main] INFO  base.BaseClass - Trying to find Element By {by.toString()})
2024-04-17 18:28:54,796 [main] INFO  base.BaseClass - Found Element By {by.toString()}
2024-04-17 18:28:55,333 [main] INFO  base.BaseClass - Trying to find Element By {by.toString()})
2024-04-17 18:28:55,360 [main] INFO  base.BaseClass - Found Element By {by.toString()}
2024-04-17 18:28:55,892 [main] INFO  base.BaseClass - Trying to find Element By {by.toString()})
2024-04-17 18:28:55,919 [main] INFO  base.BaseClass - Found Element By {by.toString()}
2024-04-17 18:28:56,445 [main] INFO  base.BaseClass - Trying to find Element By {by.toString()})
2024-04-17 18:28:56,465 [main] INFO  base.BaseClass - Found Element By {by.toString()}
2024-04-17 18:28:57,005 [main] INFO  base.BaseClass - Trying to find Element By {by.toString()})
2024-04-17 18:28:57,034 [main] INFO  base.BaseClass - Found Element By {by.toString()}
2024-04-17 18:28:57,565 [main] INFO  base.BaseClass - Trying to find Element By {by.toString()})
2024-04-17 18:28:57,582 [main] INFO  base.BaseClass - Found Element By {by.toString()}
2024-04-17 18:28:58,124 [main] INFO  base.BaseClass - Trying to find Element By {by.toString()})
2024-04-17 18:28:58,145 [main] INFO  base.BaseClass - Found Element By {by.toString()}
2024-04-17 18:28:58,679 [main] INFO  base.BaseClass - Trying to find Element By {by.toString()})
2024-04-17 18:28:58,694 [main] INFO  base.BaseClass - Found Element By {by.toString()}
2024-04-17 18:28:59,222 [main] INFO  base.BaseClass - Trying to find Element By {by.toString()})
2024-04-17 18:28:59,238 [main] INFO  base.BaseClass - Found Element By {by.toString()}
2024-04-17 18:28:59,768 [main] INFO  base.BaseClass - Trying to find Element By {by.toString()})
2024-04-17 18:28:59,794 [main] INFO  base.BaseClass - Found Element By {by.toString()}
2024-04-17 18:29:00,327 [main] INFO  base.BaseClass - Trying to find Element By {by.toString()})
2024-04-17 18:29:00,350 [main] INFO  base.BaseClass - Found Element By {by.toString()}
2024-04-17 18:29:00,877 [main] INFO  base.BaseClass - Trying to find Element By {by.toString()})
2024-04-17 18:29:00,905 [main] INFO  base.BaseClass - Found Element By {by.toString()}
2024-04-17 18:29:01,431 [main] INFO  base.BaseClass - Trying to find Element By {by.toString()})
2024-04-17 18:29:01,451 [main] INFO  base.BaseClass - Found Element By {by.toString()}
2024-04-17 18:29:01,990 [main] INFO  base.BaseClass - Trying to find Element By {by.toString()})
2024-04-17 18:29:02,018 [main] INFO  base.BaseClass - Found Element By {by.toString()}
2024-04-17 18:29:02,550 [main] INFO  base.BaseClass - Trying to find Element By {by.toString()})
2024-04-17 18:29:02,587 [main] INFO  base.BaseClass - Found Element By {by.toString()}
2024-04-17 18:29:03,125 [main] INFO  base.BaseClass - Trying to find Element By {by.toString()})
2024-04-17 18:29:03,146 [main] INFO  base.BaseClass - Found Element By {by.toString()}
2024-04-17 18:29:03,670 [main] INFO  base.BaseClass - Trying to find Element By {by.toString()})
2024-04-17 18:29:03,695 [main] INFO  base.BaseClass - Found Element By {by.toString()}
2024-04-17 18:29:04,217 [main] INFO  base.BaseClass - Trying to find Element By {by.toString()})
2024-04-17 18:29:04,229 [main] INFO  base.BaseClass - Found Element By {by.toString()}
2024-04-17 18:29:04,758 [main] INFO  base.BaseClass - Trying to find Element By {by.toString()})
2024-04-17 18:29:04,793 [main] INFO  base.BaseClass - Found Element By {by.toString()}
2024-04-17 18:29:05,330 [main] INFO  base.BaseClass - Trying to find Element By {by.toString()})
2024-04-17 18:29:05,359 [main] INFO  base.BaseClass - Found Element By {by.toString()}
2024-04-17 18:29:05,905 [main] INFO  base.BaseClass - Trying to find Element By {by.toString()})
2024-04-17 18:29:05,922 [main] INFO  base.BaseClass - Found Element By {by.toString()}
2024-04-17 18:29:06,464 [main] INFO  base.BaseClass - Trying to find Element By {by.toString()})
2024-04-17 18:29:06,479 [main] INFO  base.BaseClass - Found Element By {by.toString()}
2024-04-17 18:29:07,009 [main] INFO  base.BaseClass - Trying to find Element By {by.toString()})
2024-04-17 18:29:07,021 [main] INFO  base.BaseClass - Found Element By {by.toString()}
2024-04-17 18:29:07,552 [main] INFO  base.BaseClass - Trying to find Element By {by.toString()})
2024-04-17 18:29:07,577 [main] INFO  base.BaseClass - Found Element By {by.toString()}
2024-04-17 18:29:08,113 [main] INFO  base.BaseClass - Trying to find Element By {by.toString()})
2024-04-17 18:29:08,136 [main] INFO  base.BaseClass - Found Element By {by.toString()}
2024-04-17 18:29:08,670 [main] INFO  base.BaseClass - Trying to find Element By {by.toString()})
2024-04-17 18:29:08,686 [main] INFO  base.BaseClass - Found Element By {by.toString()}
2024-04-17 18:29:09,215 [main] INFO  base.BaseClass - Trying to find Element By {by.toString()})
2024-04-17 18:29:09,236 [main] INFO  base.BaseClass - Found Element By {by.toString()}
2024-04-17 18:29:09,771 [main] INFO  base.BaseClass - Trying to find Element By {by.toString()})
2024-04-17 18:29:09,793 [main] INFO  base.BaseClass - Found Element By {by.toString()}
2024-04-17 18:29:10,328 [main] INFO  base.BaseClass - Trying to find Element By {by.toString()})
2024-04-17 18:29:10,341 [main] INFO  base.BaseClass - Found Element By {by.toString()}
2024-04-17 18:29:10,860 [main] INFO  base.BaseClass - Trying to find Element By {by.toString()})
2024-04-17 18:29:10,891 [main] INFO  base.BaseClass - Found Element By {by.toString()}
2024-04-17 18:29:11,436 [main] INFO  base.BaseClass - Trying to find Element By {by.toString()})
2024-04-17 18:29:11,450 [main] INFO  base.BaseClass - Found Element By {by.toString()}
2024-04-17 18:29:11,978 [main] INFO  base.BaseClass - Trying to find Element By {by.toString()})
2024-04-17 18:29:12,003 [main] INFO  base.BaseClass - Found Element By {by.toString()}
2024-04-17 18:29:12,538 [main] INFO  base.BaseClass - Trying to find Element By {by.toString()})
2024-04-17 18:29:12,555 [main] INFO  base.BaseClass - Found Element By {by.toString()}
2024-04-17 18:29:13,086 [main] INFO  base.BaseClass - Trying to find Element By {by.toString()})
2024-04-17 18:29:13,109 [main] INFO  base.BaseClass - Found Element By {by.toString()}
2024-04-17 18:29:13,631 [main] INFO  base.BaseClass - Trying to find Element By {by.toString()})
2024-04-17 18:29:13,689 [main] INFO  base.BaseClass - Found Element By {by.toString()}
2024-04-17 18:29:14,251 [main] INFO  base.BaseClass - Trying to find Element By {by.toString()})
2024-04-17 18:29:14,272 [main] INFO  base.BaseClass - Found Element By {by.toString()}
2024-04-17 18:29:14,793 [main] INFO  base.BaseClass - Trying to find Element By {by.toString()})
2024-04-17 18:29:14,827 [main] INFO  base.BaseClass - Found Element By {by.toString()}
2024-04-17 18:29:15,368 [main] INFO  base.BaseClass - Trying to find Element By {by.toString()})
2024-04-17 18:29:15,387 [main] INFO  base.BaseClass - Found Element By {by.toString()}
2024-04-17 18:29:15,913 [main] INFO  base.BaseClass - Trying to find Element By {by.toString()})
2024-04-17 18:29:15,927 [main] INFO  base.BaseClass - Found Element By {by.toString()}
2024-04-17 18:29:16,459 [main] INFO  base.BaseClass - Trying to find Element By {by.toString()})
2024-04-17 18:29:16,473 [main] INFO  base.BaseClass - Found Element By {by.toString()}
2024-04-17 18:29:17,006 [main] INFO  base.BaseClass - Trying to find Element By {by.toString()})
2024-04-17 18:29:17,020 [main] INFO  base.BaseClass - Found Element By {by.toString()}
2024-04-17 18:29:17,550 [main] INFO  base.BaseClass - Trying to find Element By {by.toString()})
2024-04-17 18:29:17,567 [main] INFO  base.BaseClass - Found Element By {by.toString()}
2024-04-17 18:29:18,095 [main] INFO  base.BaseClass - Trying to find Element By {by.toString()})
2024-04-17 18:29:18,109 [main] INFO  base.BaseClass - Found Element By {by.toString()}
2024-04-17 18:29:18,640 [main] INFO  base.BaseClass - Trying to find Element By {by.toString()})
2024-04-17 18:29:18,665 [main] INFO  base.BaseClass - Found Element By {by.toString()}
2024-04-17 18:29:19,192 [main] INFO  base.BaseClass - Trying to find Element By {by.toString()})
2024-04-17 18:29:19,212 [main] INFO  base.BaseClass - Found Element By {by.toString()}
2024-04-17 18:29:19,747 [main] INFO  base.BaseClass - Trying to find Element By {by.toString()})
2024-04-17 18:29:19,765 [main] INFO  base.BaseClass - Found Element By {by.toString()}
2024-04-17 18:29:20,291 [main] INFO  base.BaseClass - Trying to find Element By {by.toString()})
2024-04-17 18:29:20,312 [main] INFO  base.BaseClass - Found Element By {by.toString()}
2024-04-17 18:29:20,836 [main] INFO  base.BaseClass - Trying to find Element By {by.toString()})
2024-04-17 18:29:20,854 [main] INFO  base.BaseClass - Found Element By {by.toString()}
2024-04-17 18:29:21,378 [main] INFO  base.BaseClass - Trying to find Element By {by.toString()})
2024-04-17 18:29:21,392 [main] INFO  base.BaseClass - Found Element By {by.toString()}
2024-04-17 18:29:21,910 [main] INFO  base.BaseClass - Trying to find Element By {by.toString()})
2024-04-17 18:29:21,937 [main] INFO  base.BaseClass - Found Element By {by.toString()}
2024-04-17 18:29:22,471 [main] INFO  base.BaseClass - Trying to find Element By {by.toString()})
2024-04-17 18:29:22,494 [main] INFO  base.BaseClass - Found Element By {by.toString()}
2024-04-17 18:29:23,030 [main] INFO  base.BaseClass - Trying to find Element By {by.toString()})
2024-04-17 18:29:23,049 [main] INFO  base.BaseClass - Found Element By {by.toString()}
TimeoutException occurred: Expected condition failed: waiting for helper.WaitUtility$5@41b598a4 (tried for 30 second(s) with 500 milliseconds interval)
Build info: version: '3.141.59', revision: 'e82be7d358', time: '2018-11-14T08:17:03'
System info: host: 'DPLAP166', ip: '137.237.2.236', os.name: 'Windows 10', os.arch: 'amd64', os.version: '10.0', java.version: '19.0.1'
Driver info: org.openqa.selenium.support.events.EventFiringWebDriver
Capabilities {acceptInsecureCerts: true, browserName: chrome, browserVersion: 123.0.6312.123, chrome: {chromedriverVersion: 123.0.6312.122 (31f8248cdd9..., userDataDir: C:\Users\dP-PL\AppData\Loca...}, fedcm:accounts: true, goog:chromeOptions: {debuggerAddress: localhost:51256}, javascriptEnabled: true, networkConnectionEnabled: false, pageLoadStrategy: normal, platform: WINDOWS, platformName: WINDOWS, proxy: Proxy(), setWindowRect: true, strictFileInteractability: false, timeouts: {implicit: 0, pageLoad: 300000, script: 30000}, unhandledPromptBehavior: dismiss and notify, webauthn:extension:credBlob: true, webauthn:extension:largeBlob: true, webauthn:extension:minPinLength: true, webauthn:extension:prf: true, webauthn:virtualAuthenticators: true}
Session ID: a59c4df4811f82049fe754efe723d3c1
2024-04-17 18:29:23,068 [main] ERROR RotationCopy_test - Element did not become visible within the specified time: Expected condition failed: waiting for helper.WaitUtility$5@41b598a4 (tried for 30 second(s) with 500 milliseconds interval)
Build info: version: '3.141.59', revision: 'e82be7d358', time: '2018-11-14T08:17:03'
System info: host: 'DPLAP166', ip: '137.237.2.236', os.name: 'Windows 10', os.arch: 'amd64', os.version: '10.0', java.version: '19.0.1'
Driver info: org.openqa.selenium.support.events.EventFiringWebDriver
Capabilities {acceptInsecureCerts: true, browserName: chrome, browserVersion: 123.0.6312.123, chrome: {chromedriverVersion: 123.0.6312.122 (31f8248cdd9..., userDataDir: C:\Users\dP-PL\AppData\Loca...}, fedcm:accounts: true, goog:chromeOptions: {debuggerAddress: localhost:51256}, javascriptEnabled: true, networkConnectionEnabled: false, pageLoadStrategy: normal, platform: WINDOWS, platformName: WINDOWS, proxy: Proxy(), setWindowRect: true, strictFileInteractability: false, timeouts: {implicit: 0, pageLoad: 300000, script: 30000}, unhandledPromptBehavior: dismiss and notify, webauthn:extension:credBlob: true, webauthn:extension:largeBlob: true, webauthn:extension:minPinLength: true, webauthn:extension:prf: true, webauthn:virtualAuthenticators: true}
Session ID: a59c4df4811f82049fe754efe723d3c1
2024-04-17 18:29:23,068 [main] INFO  base.BaseClass - Trying to find Element By {by.toString()})
2024-04-17 18:29:23,077 [main] INFO  base.BaseClass - Found Element By {by.toString()}
2024-04-17 18:29:23,077 [main] INFO  base.BaseClass - Trying to click on: {element.toString()}
2024-04-17 18:29:23,248 [main] INFO  base.BaseClass - Clicked on: {element.toString()}
2024-04-17 18:29:23,249 [main] INFO  base.BaseClass - Trying to find Element By {by.toString()})
2024-04-17 18:29:24,093 [main] INFO  base.BaseClass - Found Element By {by.toString()}
2024-04-17 18:29:24,614 [main] INFO  base.BaseClass - Trying to find Element By {by.toString()})
2024-04-17 18:29:24,633 [main] INFO  base.BaseClass - Found Element By {by.toString()}
2024-04-17 18:29:25,171 [main] INFO  base.BaseClass - Trying to find Element By {by.toString()})
2024-04-17 18:29:25,196 [main] INFO  base.BaseClass - Found Element By {by.toString()}
2024-04-17 18:29:25,729 [main] INFO  base.BaseClass - Trying to find Element By {by.toString()})
2024-04-17 18:29:25,747 [main] INFO  base.BaseClass - Found Element By {by.toString()}
2024-04-17 18:29:26,275 [main] INFO  base.BaseClass - Trying to find Element By {by.toString()})
2024-04-17 18:29:26,305 [main] INFO  base.BaseClass - Found Element By {by.toString()}
2024-04-17 18:29:26,837 [main] INFO  base.BaseClass - Trying to find Element By {by.toString()})
2024-04-17 18:29:26,861 [main] INFO  base.BaseClass - Found Element By {by.toString()}
2024-04-17 18:29:27,397 [main] INFO  base.BaseClass - Trying to find Element By {by.toString()})
2024-04-17 18:29:27,429 [main] INFO  base.BaseClass - Found Element By {by.toString()}
2024-04-17 18:29:27,958 [main] INFO  base.BaseClass - Trying to find Element By {by.toString()})
2024-04-17 18:29:27,981 [main] INFO  base.BaseClass - Found Element By {by.toString()}
2024-04-17 18:29:28,506 [main] INFO  base.BaseClass - Trying to find Element By {by.toString()})
2024-04-17 18:29:28,529 [main] INFO  base.BaseClass - Found Element By {by.toString()}
2024-04-17 18:29:29,062 [main] INFO  base.BaseClass - Trying to find Element By {by.toString()})
2024-04-17 18:29:29,089 [main] INFO  base.BaseClass - Found Element By {by.toString()}
2024-04-17 18:29:29,620 [main] INFO  base.BaseClass - Trying to find Element By {by.toString()})
2024-04-17 18:29:29,648 [main] INFO  base.BaseClass - Found Element By {by.toString()}
2024-04-17 18:29:30,182 [main] INFO  base.BaseClass - Trying to find Element By {by.toString()})
2024-04-17 18:29:30,196 [main] INFO  base.BaseClass - Found Element By {by.toString()}
2024-04-17 18:29:30,727 [main] INFO  base.BaseClass - Trying to find Element By {by.toString()})
2024-04-17 18:29:30,804 [main] INFO  base.BaseClass - Found Element By {by.toString()}
2024-04-17 18:29:31,333 [main] INFO  base.BaseClass - Trying to find Element By {by.toString()})
2024-04-17 18:29:31,352 [main] INFO  base.BaseClass - Found Element By {by.toString()}
2024-04-17 18:29:31,877 [main] INFO  base.BaseClass - Trying to find Element By {by.toString()})
2024-04-17 18:29:31,908 [main] INFO  base.BaseClass - Found Element By {by.toString()}
2024-04-17 18:29:32,453 [main] INFO  base.BaseClass - Trying to find Element By {by.toString()})
2024-04-17 18:29:32,470 [main] INFO  base.BaseClass - Found Element By {by.toString()}
2024-04-17 18:29:32,999 [main] INFO  base.BaseClass - Trying to find Element By {by.toString()})
2024-04-17 18:29:33,030 [main] INFO  base.BaseClass - Found Element By {by.toString()}
2024-04-17 18:29:33,558 [main] INFO  base.BaseClass - Trying to find Element By {by.toString()})
2024-04-17 18:29:33,593 [main] INFO  base.BaseClass - Found Element By {by.toString()}
2024-04-17 18:29:34,133 [main] INFO  base.BaseClass - Trying to find Element By {by.toString()})
2024-04-17 18:29:34,153 [main] INFO  base.BaseClass - Found Element By {by.toString()}
2024-04-17 18:29:34,680 [main] INFO  base.BaseClass - Trying to find Element By {by.toString()})
2024-04-17 18:29:34,704 [main] INFO  base.BaseClass - Found Element By {by.toString()}
2024-04-17 18:29:35,240 [main] INFO  base.BaseClass - Trying to find Element By {by.toString()})
2024-04-17 18:29:35,256 [main] INFO  base.BaseClass - Found Element By {by.toString()}
2024-04-17 18:29:35,785 [main] INFO  base.BaseClass - Trying to find Element By {by.toString()})
2024-04-17 18:29:35,811 [main] INFO  base.BaseClass - Found Element By {by.toString()}
2024-04-17 18:29:36,343 [main] INFO  base.BaseClass - Trying to find Element By {by.toString()})
2024-04-17 18:29:36,375 [main] INFO  base.BaseClass - Found Element By {by.toString()}
2024-04-17 18:29:36,905 [main] INFO  base.BaseClass - Trying to find Element By {by.toString()})
2024-04-17 18:29:36,922 [main] INFO  base.BaseClass - Found Element By {by.toString()}
2024-04-17 18:29:37,461 [main] INFO  base.BaseClass - Trying to find Element By {by.toString()})
2024-04-17 18:29:37,482 [main] INFO  base.BaseClass - Found Element By {by.toString()}
2024-04-17 18:29:38,009 [main] INFO  base.BaseClass - Trying to find Element By {by.toString()})
2024-04-17 18:29:38,034 [main] INFO  base.BaseClass - Found Element By {by.toString()}
2024-04-17 18:29:38,568 [main] INFO  base.BaseClass - Trying to find Element By {by.toString()})
2024-04-17 18:29:38,586 [main] INFO  base.BaseClass - Found Element By {by.toString()}
2024-04-17 18:29:39,111 [main] INFO  base.BaseClass - Trying to find Element By {by.toString()})
2024-04-17 18:29:39,139 [main] INFO  base.BaseClass - Found Element By {by.toString()}
2024-04-17 18:29:39,672 [main] INFO  base.BaseClass - Trying to find Element By {by.toString()})
2024-04-17 18:29:39,681 [main] INFO  base.BaseClass - Found Element By {by.toString()}
2024-04-17 18:29:40,200 [main] INFO  base.BaseClass - Trying to find Element By {by.toString()})
2024-04-17 18:29:40,220 [main] INFO  base.BaseClass - Found Element By {by.toString()}
2024-04-17 18:29:40,759 [main] INFO  base.BaseClass - Trying to find Element By {by.toString()})
2024-04-17 18:29:40,779 [main] INFO  base.BaseClass - Found Element By {by.toString()}
2024-04-17 18:29:41,315 [main] INFO  base.BaseClass - Trying to find Element By {by.toString()})
2024-04-17 18:29:41,332 [main] INFO  base.BaseClass - Found Element By {by.toString()}
2024-04-17 18:29:41,858 [main] INFO  base.BaseClass - Trying to find Element By {by.toString()})
2024-04-17 18:29:41,873 [main] INFO  base.BaseClass - Found Element By {by.toString()}
2024-04-17 18:29:42,400 [main] INFO  base.BaseClass - Trying to find Element By {by.toString()})
2024-04-17 18:29:42,437 [main] INFO  base.BaseClass - Found Element By {by.toString()}
2024-04-17 18:29:42,974 [main] INFO  base.BaseClass - Trying to find Element By {by.toString()})
2024-04-17 18:29:42,998 [main] INFO  base.BaseClass - Found Element By {by.toString()}
2024-04-17 18:29:43,533 [main] INFO  base.BaseClass - Trying to find Element By {by.toString()})
2024-04-17 18:29:43,556 [main] INFO  base.BaseClass - Found Element By {by.toString()}
2024-04-17 18:29:44,079 [main] INFO  base.BaseClass - Trying to find Element By {by.toString()})
2024-04-17 18:29:44,108 [main] INFO  base.BaseClass - Found Element By {by.toString()}
2024-04-17 18:29:44,696 [main] INFO  base.BaseClass - Trying to find Element By {by.toString()})
2024-04-17 18:29:44,711 [main] INFO  base.BaseClass - Found Element By {by.toString()}
2024-04-17 18:29:45,238 [main] INFO  base.BaseClass - Trying to find Element By {by.toString()})
2024-04-17 18:29:45,259 [main] INFO  base.BaseClass - Found Element By {by.toString()}
2024-04-17 18:29:45,781 [main] INFO  base.BaseClass - Trying to find Element By {by.toString()})
2024-04-17 18:29:45,798 [main] INFO  base.BaseClass - Found Element By {by.toString()}
2024-04-17 18:29:46,334 [main] INFO  base.BaseClass - Trying to find Element By {by.toString()})
2024-04-17 18:29:46,344 [main] INFO  base.BaseClass - Found Element By {by.toString()}
2024-04-17 18:29:46,862 [main] INFO  base.BaseClass - Trying to find Element By {by.toString()})
2024-04-17 18:29:46,875 [main] INFO  base.BaseClass - Found Element By {by.toString()}
2024-04-17 18:29:47,396 [main] INFO  base.BaseClass - Trying to find Element By {by.toString()})
2024-04-17 18:29:47,411 [main] INFO  base.BaseClass - Found Element By {by.toString()}
2024-04-17 18:29:47,938 [main] INFO  base.BaseClass - Trying to find Element By {by.toString()})
2024-04-17 18:29:47,961 [main] INFO  base.BaseClass - Found Element By {by.toString()}
2024-04-17 18:29:48,509 [main] INFO  base.BaseClass - Trying to find Element By {by.toString()})
2024-04-17 18:29:48,527 [main] INFO  base.BaseClass - Found Element By {by.toString()}
2024-04-17 18:29:49,069 [main] INFO  base.BaseClass - Trying to find Element By {by.toString()})
2024-04-17 18:29:49,097 [main] INFO  base.BaseClass - Found Element By {by.toString()}
2024-04-17 18:29:49,624 [main] INFO  base.BaseClass - Trying to find Element By {by.toString()})
2024-04-17 18:29:49,640 [main] INFO  base.BaseClass - Found Element By {by.toString()}
2024-04-17 18:29:50,167 [main] INFO  base.BaseClass - Trying to find Element By {by.toString()})
2024-04-17 18:29:50,187 [main] INFO  base.BaseClass - Found Element By {by.toString()}
2024-04-17 18:29:50,712 [main] INFO  base.BaseClass - Trying to find Element By {by.toString()})
2024-04-17 18:29:50,730 [main] INFO  base.BaseClass - Found Element By {by.toString()}
2024-04-17 18:29:51,255 [main] INFO  base.BaseClass - Trying to find Element By {by.toString()})
2024-04-17 18:29:51,268 [main] INFO  base.BaseClass - Found Element By {by.toString()}
2024-04-17 18:29:51,796 [main] INFO  base.BaseClass - Trying to find Element By {by.toString()})
2024-04-17 18:29:51,809 [main] INFO  base.BaseClass - Found Element By {by.toString()}
2024-04-17 18:29:52,337 [main] INFO  base.BaseClass - Trying to find Element By {by.toString()})
2024-04-17 18:29:52,360 [main] INFO  base.BaseClass - Found Element By {by.toString()}
2024-04-17 18:29:52,894 [main] INFO  base.BaseClass - Trying to find Element By {by.toString()})
2024-04-17 18:29:52,905 [main] INFO  base.BaseClass - Found Element By {by.toString()}
2024-04-17 18:29:53,422 [main] INFO  base.BaseClass - Trying to find Element By {by.toString()})
2024-04-17 18:29:53,445 [main] INFO  base.BaseClass - Found Element By {by.toString()}
TimeoutException occurred: Expected condition failed: waiting for helper.WaitUtility$5@1fa47c92 (tried for 30 second(s) with 500 milliseconds interval)
Build info: version: '3.141.59', revision: 'e82be7d358', time: '2018-11-14T08:17:03'
System info: host: 'DPLAP166', ip: '137.237.2.236', os.name: 'Windows 10', os.arch: 'amd64', os.version: '10.0', java.version: '19.0.1'
Driver info: org.openqa.selenium.support.events.EventFiringWebDriver
Capabilities {acceptInsecureCerts: true, browserName: chrome, browserVersion: 123.0.6312.123, chrome: {chromedriverVersion: 123.0.6312.122 (31f8248cdd9..., userDataDir: C:\Users\dP-PL\AppData\Loca...}, fedcm:accounts: true, goog:chromeOptions: {debuggerAddress: localhost:51256}, javascriptEnabled: true, networkConnectionEnabled: false, pageLoadStrategy: normal, platform: WINDOWS, platformName: WINDOWS, proxy: Proxy(), setWindowRect: true, strictFileInteractability: false, timeouts: {implicit: 0, pageLoad: 300000, script: 30000}, unhandledPromptBehavior: dismiss and notify, webauthn:extension:credBlob: true, webauthn:extension:largeBlob: true, webauthn:extension:minPinLength: true, webauthn:extension:prf: true, webauthn:virtualAuthenticators: true}
Session ID: a59c4df4811f82049fe754efe723d3c1
2024-04-17 18:29:53,463 [main] ERROR RotationCopy_test - Element did not become visible within the specified time: Expected condition failed: waiting for helper.WaitUtility$5@1fa47c92 (tried for 30 second(s) with 500 milliseconds interval)
Build info: version: '3.141.59', revision: 'e82be7d358', time: '2018-11-14T08:17:03'
System info: host: 'DPLAP166', ip: '137.237.2.236', os.name: 'Windows 10', os.arch: 'amd64', os.version: '10.0', java.version: '19.0.1'
Driver info: org.openqa.selenium.support.events.EventFiringWebDriver
Capabilities {acceptInsecureCerts: true, browserName: chrome, browserVersion: 123.0.6312.123, chrome: {chromedriverVersion: 123.0.6312.122 (31f8248cdd9..., userDataDir: C:\Users\dP-PL\AppData\Loca...}, fedcm:accounts: true, goog:chromeOptions: {debuggerAddress: localhost:51256}, javascriptEnabled: true, networkConnectionEnabled: false, pageLoadStrategy: normal, platform: WINDOWS, platformName: WINDOWS, proxy: Proxy(), setWindowRect: true, strictFileInteractability: false, timeouts: {implicit: 0, pageLoad: 300000, script: 30000}, unhandledPromptBehavior: dismiss and notify, webauthn:extension:credBlob: true, webauthn:extension:largeBlob: true, webauthn:extension:minPinLength: true, webauthn:extension:prf: true, webauthn:virtualAuthenticators: true}
Session ID: a59c4df4811f82049fe754efe723d3c1
2024-04-17 18:29:53,463 [main] INFO  base.BaseClass - Trying to find Element By {by.toString()})
2024-04-17 18:29:53,475 [main] INFO  base.BaseClass - Found Element By {by.toString()}
2024-04-17 18:29:53,475 [main] INFO  base.BaseClass - Trying to click on: {element.toString()}
2024-04-17 18:29:53,564 [main] INFO  base.BaseClass - Clicked on: {element.toString()}
2024-04-17 18:29:53,564 [main] INFO  base.BaseClass - Trying to find Element By {by.toString()})
2024-04-17 18:29:53,580 [main] INFO  base.BaseClass - Found Element By {by.toString()}
2024-04-17 18:29:54,106 [main] INFO  base.BaseClass - Trying to find Element By {by.toString()})
2024-04-17 18:29:54,116 [main] INFO  base.BaseClass - Found Element By {by.toString()}
2024-04-17 18:29:54,634 [main] INFO  base.BaseClass - Trying to find Element By {by.toString()})
2024-04-17 18:29:54,648 [main] INFO  base.BaseClass - Found Element By {by.toString()}
2024-04-17 18:29:55,177 [main] INFO  base.BaseClass - Trying to find Element By {by.toString()})
2024-04-17 18:29:55,203 [main] INFO  base.BaseClass - Found Element By {by.toString()}
2024-04-17 18:29:55,739 [main] INFO  base.BaseClass - Trying to find Element By {by.toString()})
2024-04-17 18:29:55,822 [main] INFO  base.BaseClass - Found Element By {by.toString()}
2024-04-17 18:29:56,356 [main] INFO  base.BaseClass - Trying to find Element By {by.toString()})
2024-04-17 18:29:56,384 [main] INFO  base.BaseClass - Found Element By {by.toString()}
2024-04-17 18:29:56,918 [main] INFO  base.BaseClass - Trying to find Element By {by.toString()})
2024-04-17 18:29:56,937 [main] INFO  base.BaseClass - Found Element By {by.toString()}
2024-04-17 18:29:57,464 [main] INFO  base.BaseClass - Trying to find Element By {by.toString()})
2024-04-17 18:29:57,476 [main] INFO  base.BaseClass - Found Element By {by.toString()}
2024-04-17 18:29:58,007 [main] INFO  base.BaseClass - Trying to find Element By {by.toString()})
2024-04-17 18:29:58,638 [main] INFO  base.BaseClass - Found Element By {by.toString()}
2024-04-17 18:29:59,161 [main] INFO  base.BaseClass - Trying to find Element By {by.toString()})
2024-04-17 18:29:59,189 [main] INFO  base.BaseClass - Found Element By {by.toString()}
2024-04-17 18:29:59,714 [main] INFO  base.BaseClass - Trying to find Element By {by.toString()})
2024-04-17 18:29:59,747 [main] INFO  base.BaseClass - Found Element By {by.toString()}
2024-04-17 18:30:00,289 [main] INFO  base.BaseClass - Trying to find Element By {by.toString()})
2024-04-17 18:30:00,303 [main] INFO  base.BaseClass - Found Element By {by.toString()}
2024-04-17 18:30:00,831 [main] INFO  base.BaseClass - Trying to find Element By {by.toString()})
2024-04-17 18:30:00,856 [main] INFO  base.BaseClass - Found Element By {by.toString()}
2024-04-17 18:30:01,390 [main] INFO  base.BaseClass - Trying to find Element By {by.toString()})
2024-04-17 18:30:01,410 [main] INFO  base.BaseClass - Found Element By {by.toString()}
2024-04-17 18:30:01,952 [main] INFO  base.BaseClass - Trying to find Element By {by.toString()})
2024-04-17 18:30:01,976 [main] INFO  base.BaseClass - Found Element By {by.toString()}
2024-04-17 18:30:02,507 [main] INFO  base.BaseClass - Trying to find Element By {by.toString()})
2024-04-17 18:30:02,525 [main] INFO  base.BaseClass - Found Element By {by.toString()}
2024-04-17 18:30:03,051 [main] INFO  base.BaseClass - Trying to find Element By {by.toString()})
2024-04-17 18:30:03,079 [main] INFO  base.BaseClass - Found Element By {by.toString()}
2024-04-17 18:30:03,612 [main] INFO  base.BaseClass - Trying to find Element By {by.toString()})
2024-04-17 18:30:03,640 [main] INFO  base.BaseClass - Found Element By {by.toString()}
2024-04-17 18:30:04,172 [main] INFO  base.BaseClass - Trying to find Element By {by.toString()})
2024-04-17 18:30:04,192 [main] INFO  base.BaseClass - Found Element By {by.toString()}
2024-04-17 18:30:04,715 [main] INFO  base.BaseClass - Trying to find Element By {by.toString()})
2024-04-17 18:30:04,730 [main] INFO  base.BaseClass - Found Element By {by.toString()}
2024-04-17 18:30:05,256 [main] INFO  base.BaseClass - Trying to find Element By {by.toString()})
2024-04-17 18:30:05,286 [main] INFO  base.BaseClass - Found Element By {by.toString()}
2024-04-17 18:30:05,814 [main] INFO  base.BaseClass - Trying to find Element By {by.toString()})
2024-04-17 18:30:05,838 [main] INFO  base.BaseClass - Found Element By {by.toString()}
2024-04-17 18:30:06,372 [main] INFO  base.BaseClass - Trying to find Element By {by.toString()})
2024-04-17 18:30:06,397 [main] INFO  base.BaseClass - Found Element By {by.toString()}
2024-04-17 18:30:06,932 [main] INFO  base.BaseClass - Trying to find Element By {by.toString()})
2024-04-17 18:30:06,966 [main] INFO  base.BaseClass - Found Element By {by.toString()}
2024-04-17 18:30:07,503 [main] INFO  base.BaseClass - Trying to find Element By {by.toString()})
2024-04-17 18:30:07,518 [main] INFO  base.BaseClass - Found Element By {by.toString()}
2024-04-17 18:30:08,045 [main] INFO  base.BaseClass - Trying to find Element By {by.toString()})
2024-04-17 18:30:08,071 [main] INFO  base.BaseClass - Found Element By {by.toString()}
2024-04-17 18:30:08,603 [main] INFO  base.BaseClass - Trying to find Element By {by.toString()})
2024-04-17 18:30:08,624 [main] INFO  base.BaseClass - Found Element By {by.toString()}
2024-04-17 18:30:09,163 [main] INFO  base.BaseClass - Trying to find Element By {by.toString()})
2024-04-17 18:30:09,184 [main] INFO  base.BaseClass - Found Element By {by.toString()}
2024-04-17 18:30:09,722 [main] INFO  base.BaseClass - Trying to find Element By {by.toString()})
2024-04-17 18:30:09,776 [main] INFO  base.BaseClass - Found Element By {by.toString()}
2024-04-17 18:30:10,314 [main] INFO  base.BaseClass - Trying to find Element By {by.toString()})
2024-04-17 18:30:10,334 [main] INFO  base.BaseClass - Found Element By {by.toString()}
2024-04-17 18:30:10,877 [main] INFO  base.BaseClass - Trying to find Element By {by.toString()})
2024-04-17 18:30:10,905 [main] INFO  base.BaseClass - Found Element By {by.toString()}
2024-04-17 18:30:11,437 [main] INFO  base.BaseClass - Trying to find Element By {by.toString()})
2024-04-17 18:30:11,461 [main] INFO  base.BaseClass - Found Element By {by.toString()}
2024-04-17 18:30:11,996 [main] INFO  base.BaseClass - Trying to find Element By {by.toString()})
2024-04-17 18:30:12,020 [main] INFO  base.BaseClass - Found Element By {by.toString()}
2024-04-17 18:30:12,556 [main] INFO  base.BaseClass - Trying to find Element By {by.toString()})
2024-04-17 18:30:12,575 [main] INFO  base.BaseClass - Found Element By {by.toString()}
2024-04-17 18:30:13,100 [main] INFO  base.BaseClass - Trying to find Element By {by.toString()})
2024-04-17 18:30:13,114 [main] INFO  base.BaseClass - Found Element By {by.toString()}
2024-04-17 18:30:13,645 [main] INFO  base.BaseClass - Trying to find Element By {by.toString()})
2024-04-17 18:30:13,670 [main] INFO  base.BaseClass - Found Element By {by.toString()}
2024-04-17 18:30:14,205 [main] INFO  base.BaseClass - Trying to find Element By {by.toString()})
2024-04-17 18:30:14,219 [main] INFO  base.BaseClass - Found Element By {by.toString()}
2024-04-17 18:30:14,749 [main] INFO  base.BaseClass - Trying to find Element By {by.toString()})
2024-04-17 18:30:14,776 [main] INFO  base.BaseClass - Found Element By {by.toString()}
2024-04-17 18:30:15,311 [main] INFO  base.BaseClass - Trying to find Element By {by.toString()})
2024-04-17 18:30:15,338 [main] INFO  base.BaseClass - Found Element By {by.toString()}
2024-04-17 18:30:15,870 [main] INFO  base.BaseClass - Trying to find Element By {by.toString()})
2024-04-17 18:30:15,890 [main] INFO  base.BaseClass - Found Element By {by.toString()}
2024-04-17 18:30:16,416 [main] INFO  base.BaseClass - Trying to find Element By {by.toString()})
2024-04-17 18:30:16,437 [main] INFO  base.BaseClass - Found Element By {by.toString()}
2024-04-17 18:30:16,960 [main] INFO  base.BaseClass - Trying to find Element By {by.toString()})
2024-04-17 18:30:16,984 [main] INFO  base.BaseClass - Found Element By {by.toString()}
2024-04-17 18:30:17,517 [main] INFO  base.BaseClass - Trying to find Element By {by.toString()})
2024-04-17 18:30:17,547 [main] INFO  base.BaseClass - Found Element By {by.toString()}
2024-04-17 18:30:18,079 [main] INFO  base.BaseClass - Trying to find Element By {by.toString()})
2024-04-17 18:30:18,098 [main] INFO  base.BaseClass - Found Element By {by.toString()}
2024-04-17 18:30:18,635 [main] INFO  base.BaseClass - Trying to find Element By {by.toString()})
2024-04-17 18:30:18,664 [main] INFO  base.BaseClass - Found Element By {by.toString()}
2024-04-17 18:30:19,193 [main] INFO  base.BaseClass - Trying to find Element By {by.toString()})
2024-04-17 18:30:19,209 [main] INFO  base.BaseClass - Found Element By {by.toString()}
2024-04-17 18:30:19,736 [main] INFO  base.BaseClass - Trying to find Element By {by.toString()})
2024-04-17 18:30:19,761 [main] INFO  base.BaseClass - Found Element By {by.toString()}
2024-04-17 18:30:20,295 [main] INFO  base.BaseClass - Trying to find Element By {by.toString()})
2024-04-17 18:30:20,324 [main] INFO  base.BaseClass - Found Element By {by.toString()}
2024-04-17 18:30:20,856 [main] INFO  base.BaseClass - Trying to find Element By {by.toString()})
2024-04-17 18:30:20,878 [main] INFO  base.BaseClass - Found Element By {by.toString()}
2024-04-17 18:30:21,416 [main] INFO  base.BaseClass - Trying to find Element By {by.toString()})
2024-04-17 18:30:21,449 [main] INFO  base.BaseClass - Found Element By {by.toString()}
2024-04-17 18:30:21,991 [main] INFO  base.BaseClass - Trying to find Element By {by.toString()})
2024-04-17 18:30:22,014 [main] INFO  base.BaseClass - Found Element By {by.toString()}
2024-04-17 18:30:22,549 [main] INFO  base.BaseClass - Trying to find Element By {by.toString()})
2024-04-17 18:30:22,613 [main] INFO  base.BaseClass - Found Element By {by.toString()}
2024-04-17 18:30:23,155 [main] INFO  base.BaseClass - Trying to find Element By {by.toString()})
2024-04-17 18:30:23,180 [main] INFO  base.BaseClass - Found Element By {by.toString()}
2024-04-17 18:30:23,715 [main] INFO  base.BaseClass - Trying to find Element By {by.toString()})
2024-04-17 18:30:23,739 [main] INFO  base.BaseClass - Found Element By {by.toString()}
TimeoutException occurred: Expected condition failed: waiting for helper.WaitUtility$5@7a6a4d4b (tried for 30 second(s) with 500 milliseconds interval)
Build info: version: '3.141.59', revision: 'e82be7d358', time: '2018-11-14T08:17:03'
System info: host: 'DPLAP166', ip: '137.237.2.236', os.name: 'Windows 10', os.arch: 'amd64', os.version: '10.0', java.version: '19.0.1'
Driver info: org.openqa.selenium.support.events.EventFiringWebDriver
Capabilities {acceptInsecureCerts: true, browserName: chrome, browserVersion: 123.0.6312.123, chrome: {chromedriverVersion: 123.0.6312.122 (31f8248cdd9..., userDataDir: C:\Users\dP-PL\AppData\Loca...}, fedcm:accounts: true, goog:chromeOptions: {debuggerAddress: localhost:51256}, javascriptEnabled: true, networkConnectionEnabled: false, pageLoadStrategy: normal, platform: WINDOWS, platformName: WINDOWS, proxy: Proxy(), setWindowRect: true, strictFileInteractability: false, timeouts: {implicit: 0, pageLoad: 300000, script: 30000}, unhandledPromptBehavior: dismiss and notify, webauthn:extension:credBlob: true, webauthn:extension:largeBlob: true, webauthn:extension:minPinLength: true, webauthn:extension:prf: true, webauthn:virtualAuthenticators: true}
Session ID: a59c4df4811f82049fe754efe723d3c1
2024-04-17 18:30:23,759 [main] ERROR RotationCopy_test - Element did not become visible within the specified time: Expected condition failed: waiting for helper.WaitUtility$5@7a6a4d4b (tried for 30 second(s) with 500 milliseconds interval)
Build info: version: '3.141.59', revision: 'e82be7d358', time: '2018-11-14T08:17:03'
System info: host: 'DPLAP166', ip: '137.237.2.236', os.name: 'Windows 10', os.arch: 'amd64', os.version: '10.0', java.version: '19.0.1'
Driver info: org.openqa.selenium.support.events.EventFiringWebDriver
Capabilities {acceptInsecureCerts: true, browserName: chrome, browserVersion: 123.0.6312.123, chrome: {chromedriverVersion: 123.0.6312.122 (31f8248cdd9..., userDataDir: C:\Users\dP-PL\AppData\Loca...}, fedcm:accounts: true, goog:chromeOptions: {debuggerAddress: localhost:51256}, javascriptEnabled: true, networkConnectionEnabled: false, pageLoadStrategy: normal, platform: WINDOWS, platformName: WINDOWS, proxy: Proxy(), setWindowRect: true, strictFileInteractability: false, timeouts: {implicit: 0, pageLoad: 300000, script: 30000}, unhandledPromptBehavior: dismiss and notify, webauthn:extension:credBlob: true, webauthn:extension:largeBlob: true, webauthn:extension:minPinLength: true, webauthn:extension:prf: true, webauthn:virtualAuthenticators: true}
Session ID: a59c4df4811f82049fe754efe723d3c1
2024-04-17 18:30:23,759 [main] INFO  base.BaseClass - Trying to find Element By {by.toString()})
2024-04-17 18:30:23,774 [main] INFO  base.BaseClass - Found Element By {by.toString()}
2024-04-17 18:30:23,774 [main] INFO  base.BaseClass - Trying to click on: {element.toString()}
2024-04-17 18:30:23,938 [main] INFO  base.BaseClass - Clicked on: {element.toString()}
2024-04-17 18:30:23,944 [main] INFO  base.BaseClass - Trying to find Element By {by.toString()})
2024-04-17 18:30:23,960 [main] INFO  base.BaseClass - Found Element By {by.toString()}
2024-04-17 18:30:24,491 [main] INFO  base.BaseClass - Trying to find Element By {by.toString()})
2024-04-17 18:30:24,513 [main] INFO  base.BaseClass - Found Element By {by.toString()}
2024-04-17 18:30:25,050 [main] INFO  base.BaseClass - Trying to find Element By {by.toString()})
2024-04-17 18:30:25,077 [main] INFO  base.BaseClass - Found Element By {by.toString()}
2024-04-17 18:30:25,610 [main] INFO  base.BaseClass - Trying to find Element By {by.toString()})
2024-04-17 18:30:25,644 [main] INFO  base.BaseClass - Found Element By {by.toString()}
2024-04-17 18:30:26,170 [main] INFO  base.BaseClass - Trying to find Element By {by.toString()})
2024-04-17 18:30:26,190 [main] INFO  base.BaseClass - Found Element By {by.toString()}
2024-04-17 18:30:26,713 [main] INFO  base.BaseClass - Trying to find Element By {by.toString()})
2024-04-17 18:30:26,742 [main] INFO  base.BaseClass - Found Element By {by.toString()}
2024-04-17 18:30:27,276 [main] INFO  base.BaseClass - Trying to find Element By {by.toString()})
2024-04-17 18:30:27,298 [main] INFO  base.BaseClass - Found Element By {by.toString()}
2024-04-17 18:30:27,850 [main] INFO  base.BaseClass - Trying to find Element By {by.toString()})
2024-04-17 18:30:27,864 [main] INFO  base.BaseClass - Found Element By {by.toString()}
2024-04-17 18:30:28,384 [main] INFO  base.BaseClass - Trying to find Element By {by.toString()})
2024-04-17 18:30:28,412 [main] INFO  base.BaseClass - Found Element By {by.toString()}
2024-04-17 18:30:28,956 [main] INFO  base.BaseClass - Trying to find Element By {by.toString()})
2024-04-17 18:30:28,981 [main] INFO  base.BaseClass - Found Element By {by.toString()}
2024-04-17 18:30:29,517 [main] INFO  base.BaseClass - Trying to find Element By {by.toString()})
2024-04-17 18:30:29,540 [main] INFO  base.BaseClass - Found Element By {by.toString()}
2024-04-17 18:30:30,077 [main] INFO  base.BaseClass - Trying to find Element By {by.toString()})
2024-04-17 18:30:30,094 [main] INFO  base.BaseClass - Found Element By {by.toString()}
2024-04-17 18:30:30,620 [main] INFO  base.BaseClass - Trying to find Element By {by.toString()})
2024-04-17 18:30:30,645 [main] INFO  base.BaseClass - Found Element By {by.toString()}
2024-04-17 18:30:31,179 [main] INFO  base.BaseClass - Trying to find Element By {by.toString()})
2024-04-17 18:30:31,202 [main] INFO  base.BaseClass - Found Element By {by.toString()}
2024-04-17 18:30:31,724 [main] INFO  base.BaseClass - Trying to find Element By {by.toString()})
2024-04-17 18:30:31,747 [main] INFO  base.BaseClass - Found Element By {by.toString()}
2024-04-17 18:30:32,283 [main] INFO  base.BaseClass - Trying to find Element By {by.toString()})
2024-04-17 18:30:32,298 [main] INFO  base.BaseClass - Found Element By {by.toString()}
2024-04-17 18:30:32,829 [main] INFO  base.BaseClass - Trying to find Element By {by.toString()})
2024-04-17 18:30:32,854 [main] INFO  base.BaseClass - Found Element By {by.toString()}
2024-04-17 18:30:33,390 [main] INFO  base.BaseClass - Trying to find Element By {by.toString()})
2024-04-17 18:30:33,415 [main] INFO  base.BaseClass - Found Element By {by.toString()}
2024-04-17 18:30:33,952 [main] INFO  base.BaseClass - Trying to find Element By {by.toString()})
2024-04-17 18:30:33,966 [main] INFO  base.BaseClass - Found Element By {by.toString()}
2024-04-17 18:30:34,492 [main] INFO  base.BaseClass - Trying to find Element By {by.toString()})
2024-04-17 18:30:34,504 [main] INFO  base.BaseClass - Found Element By {by.toString()}
2024-04-17 18:30:35,038 [main] INFO  base.BaseClass - Trying to find Element By {by.toString()})
2024-04-17 18:30:35,057 [main] INFO  base.BaseClass - Found Element By {by.toString()}
2024-04-17 18:30:35,596 [main] INFO  base.BaseClass - Trying to find Element By {by.toString()})
2024-04-17 18:30:35,621 [main] INFO  base.BaseClass - Found Element By {by.toString()}
2024-04-17 18:30:36,155 [main] INFO  base.BaseClass - Trying to find Element By {by.toString()})
2024-04-17 18:30:36,167 [main] INFO  base.BaseClass - Found Element By {by.toString()}
2024-04-17 18:30:36,694 [main] INFO  base.BaseClass - Trying to find Element By {by.toString()})
2024-04-17 18:30:36,720 [main] INFO  base.BaseClass - Found Element By {by.toString()}
2024-04-17 18:30:37,252 [main] INFO  base.BaseClass - Trying to find Element By {by.toString()})
2024-04-17 18:30:37,274 [main] INFO  base.BaseClass - Found Element By {by.toString()}
2024-04-17 18:30:37,813 [main] INFO  base.BaseClass - Trying to find Element By {by.toString()})
2024-04-17 18:30:37,845 [main] INFO  base.BaseClass - Found Element By {by.toString()}
2024-04-17 18:30:38,389 [main] INFO  base.BaseClass - Trying to find Element By {by.toString()})
2024-04-17 18:30:38,411 [main] INFO  base.BaseClass - Found Element By {by.toString()}
2024-04-17 18:30:38,934 [main] INFO  base.BaseClass - Trying to find Element By {by.toString()})
2024-04-17 18:30:38,958 [main] INFO  base.BaseClass - Found Element By {by.toString()}
2024-04-17 18:30:39,494 [main] INFO  base.BaseClass - Trying to find Element By {by.toString()})
2024-04-17 18:30:39,512 [main] INFO  base.BaseClass - Found Element By {by.toString()}
2024-04-17 18:30:40,039 [main] INFO  base.BaseClass - Trying to find Element By {by.toString()})
2024-04-17 18:30:40,064 [main] INFO  base.BaseClass - Found Element By {by.toString()}
2024-04-17 18:30:40,599 [main] INFO  base.BaseClass - Trying to find Element By {by.toString()})
2024-04-17 18:30:40,620 [main] INFO  base.BaseClass - Found Element By {by.toString()}
2024-04-17 18:30:41,159 [main] INFO  base.BaseClass - Trying to find Element By {by.toString()})
2024-04-17 18:30:41,181 [main] INFO  base.BaseClass - Found Element By {by.toString()}
2024-04-17 18:30:41,703 [main] INFO  base.BaseClass - Trying to find Element By {by.toString()})
2024-04-17 18:30:41,754 [main] INFO  base.BaseClass - Found Element By {by.toString()}
2024-04-17 18:30:42,281 [main] INFO  base.BaseClass - Trying to find Element By {by.toString()})
2024-04-17 18:30:42,303 [main] INFO  base.BaseClass - Found Element By {by.toString()}
2024-04-17 18:30:42,826 [main] INFO  base.BaseClass - Trying to find Element By {by.toString()})
2024-04-17 18:30:42,843 [main] INFO  base.BaseClass - Found Element By {by.toString()}
2024-04-17 18:30:43,370 [main] INFO  base.BaseClass - Trying to find Element By {by.toString()})
2024-04-17 18:30:43,378 [main] INFO  base.BaseClass - Found Element By {by.toString()}
2024-04-17 18:30:43,899 [main] INFO  base.BaseClass - Trying to find Element By {by.toString()})
2024-04-17 18:30:43,916 [main] INFO  base.BaseClass - Found Element By {by.toString()}
2024-04-17 18:30:44,443 [main] INFO  base.BaseClass - Trying to find Element By {by.toString()})
2024-04-17 18:30:44,460 [main] INFO  base.BaseClass - Found Element By {by.toString()}
2024-04-17 18:30:45,001 [main] INFO  base.BaseClass - Trying to find Element By {by.toString()})
2024-04-17 18:30:45,014 [main] INFO  base.BaseClass - Found Element By {by.toString()}
2024-04-17 18:30:45,534 [main] INFO  base.BaseClass - Trying to find Element By {by.toString()})
2024-04-17 18:30:45,551 [main] INFO  base.BaseClass - Found Element By {by.toString()}
2024-04-17 18:30:46,091 [main] INFO  base.BaseClass - Trying to find Element By {by.toString()})
2024-04-17 18:30:46,113 [main] INFO  base.BaseClass - Found Element By {by.toString()}
2024-04-17 18:30:46,654 [main] INFO  base.BaseClass - Trying to find Element By {by.toString()})
2024-04-17 18:30:46,679 [main] INFO  base.BaseClass - Found Element By {by.toString()}
2024-04-17 18:30:47,214 [main] INFO  base.BaseClass - Trying to find Element By {by.toString()})
2024-04-17 18:30:47,226 [main] INFO  base.BaseClass - Found Element By {by.toString()}
2024-04-17 18:30:47,743 [main] INFO  base.BaseClass - Trying to find Element By {by.toString()})
2024-04-17 18:30:47,766 [main] INFO  base.BaseClass - Found Element By {by.toString()}
2024-04-17 18:30:48,300 [main] INFO  base.BaseClass - Trying to find Element By {by.toString()})
2024-04-17 18:30:48,321 [main] INFO  base.BaseClass - Found Element By {by.toString()}
2024-04-17 18:30:48,858 [main] INFO  base.BaseClass - Trying to find Element By {by.toString()})
2024-04-17 18:30:48,879 [main] INFO  base.BaseClass - Found Element By {by.toString()}
2024-04-17 18:30:49,402 [main] INFO  base.BaseClass - Trying to find Element By {by.toString()})
2024-04-17 18:30:49,428 [main] INFO  base.BaseClass - Found Element By {by.toString()}
2024-04-17 18:30:49,961 [main] INFO  base.BaseClass - Trying to find Element By {by.toString()})
2024-04-17 18:30:49,982 [main] INFO  base.BaseClass - Found Element By {by.toString()}
2024-04-17 18:30:50,508 [main] INFO  base.BaseClass - Trying to find Element By {by.toString()})
2024-04-17 18:30:50,535 [main] INFO  base.BaseClass - Found Element By {by.toString()}
2024-04-17 18:30:51,079 [main] INFO  base.BaseClass - Trying to find Element By {by.toString()})
2024-04-17 18:30:51,101 [main] INFO  base.BaseClass - Found Element By {by.toString()}
2024-04-17 18:30:51,640 [main] INFO  base.BaseClass - Trying to find Element By {by.toString()})
2024-04-17 18:30:51,669 [main] INFO  base.BaseClass - Found Element By {by.toString()}
2024-04-17 18:30:52,201 [main] INFO  base.BaseClass - Trying to find Element By {by.toString()})
2024-04-17 18:30:52,209 [main] INFO  base.BaseClass - Found Element By {by.toString()}
2024-04-17 18:30:52,730 [main] INFO  base.BaseClass - Trying to find Element By {by.toString()})
2024-04-17 18:30:52,744 [main] INFO  base.BaseClass - Found Element By {by.toString()}
2024-04-17 18:30:53,274 [main] INFO  base.BaseClass - Trying to find Element By {by.toString()})
2024-04-17 18:30:53,297 [main] INFO  base.BaseClass - Found Element By {by.toString()}
2024-04-17 18:30:53,831 [main] INFO  base.BaseClass - Trying to find Element By {by.toString()})
2024-04-17 18:30:53,855 [main] INFO  base.BaseClass - Found Element By {by.toString()}
2024-04-17 18:30:54,438 [main] INFO  base.BaseClass - Trying to find Element By {by.toString()})
2024-04-17 18:30:54,459 [main] INFO  base.BaseClass - Found Element By {by.toString()}
TimeoutException occurred: Expected condition failed: waiting for helper.WaitUtility$5@7f2b6cef (tried for 30 second(s) with 500 milliseconds interval)
Build info: version: '3.141.59', revision: 'e82be7d358', time: '2018-11-14T08:17:03'
System info: host: 'DPLAP166', ip: '137.237.2.236', os.name: 'Windows 10', os.arch: 'amd64', os.version: '10.0', java.version: '19.0.1'
Driver info: org.openqa.selenium.support.events.EventFiringWebDriver
Capabilities {acceptInsecureCerts: true, browserName: chrome, browserVersion: 123.0.6312.123, chrome: {chromedriverVersion: 123.0.6312.122 (31f8248cdd9..., userDataDir: C:\Users\dP-PL\AppData\Loca...}, fedcm:accounts: true, goog:chromeOptions: {debuggerAddress: localhost:51256}, javascriptEnabled: true, networkConnectionEnabled: false, pageLoadStrategy: normal, platform: WINDOWS, platformName: WINDOWS, proxy: Proxy(), setWindowRect: true, strictFileInteractability: false, timeouts: {implicit: 0, pageLoad: 300000, script: 30000}, unhandledPromptBehavior: dismiss and notify, webauthn:extension:credBlob: true, webauthn:extension:largeBlob: true, webauthn:extension:minPinLength: true, webauthn:extension:prf: true, webauthn:virtualAuthenticators: true}
Session ID: a59c4df4811f82049fe754efe723d3c1
2024-04-17 18:30:54,492 [main] ERROR RotationCopy_test - Element did not become visible within the specified time: Expected condition failed: waiting for helper.WaitUtility$5@7f2b6cef (tried for 30 second(s) with 500 milliseconds interval)
Build info: version: '3.141.59', revision: 'e82be7d358', time: '2018-11-14T08:17:03'
System info: host: 'DPLAP166', ip: '137.237.2.236', os.name: 'Windows 10', os.arch: 'amd64', os.version: '10.0', java.version: '19.0.1'
Driver info: org.openqa.selenium.support.events.EventFiringWebDriver
Capabilities {acceptInsecureCerts: true, browserName: chrome, browserVersion: 123.0.6312.123, chrome: {chromedriverVersion: 123.0.6312.122 (31f8248cdd9..., userDataDir: C:\Users\dP-PL\AppData\Loca...}, fedcm:accounts: true, goog:chromeOptions: {debuggerAddress: localhost:51256}, javascriptEnabled: true, networkConnectionEnabled: false, pageLoadStrategy: normal, platform: WINDOWS, platformName: WINDOWS, proxy: Proxy(), setWindowRect: true, strictFileInteractability: false, timeouts: {implicit: 0, pageLoad: 300000, script: 30000}, unhandledPromptBehavior: dismiss and notify, webauthn:extension:credBlob: true, webauthn:extension:largeBlob: true, webauthn:extension:minPinLength: true, webauthn:extension:prf: true, webauthn:virtualAuthenticators: true}
Session ID: a59c4df4811f82049fe754efe723d3c1
2024-04-17 18:30:54,493 [main] INFO  base.BaseClass - Trying to find Element By {by.toString()})
2024-04-17 18:30:54,509 [main] INFO  base.BaseClass - Found Element By {by.toString()}
2024-04-17 18:30:54,509 [main] INFO  base.BaseClass - Trying to click on: {element.toString()}
2024-04-17 18:30:54,600 [main] INFO  base.BaseClass - Clicked on: {element.toString()}
2024-04-17 18:30:54,607 [main] INFO  base.BaseClass - Trying to find Element By {by.toString()})
2024-04-17 18:30:54,624 [main] INFO  base.BaseClass - Found Element By {by.toString()}
2024-04-17 18:30:55,150 [main] INFO  base.BaseClass - Trying to find Element By {by.toString()})
2024-04-17 18:30:55,487 [main] INFO  base.BaseClass - Found Element By {by.toString()}
2024-04-17 18:30:56,021 [main] INFO  base.BaseClass - Trying to find Element By {by.toString()})
2024-04-17 18:30:56,044 [main] INFO  base.BaseClass - Found Element By {by.toString()}
2024-04-17 18:30:56,583 [main] INFO  base.BaseClass - Trying to find Element By {by.toString()})
2024-04-17 18:30:56,617 [main] INFO  base.BaseClass - Found Element By {by.toString()}
2024-04-17 18:30:57,182 [main] INFO  base.BaseClass - Trying to find Element By {by.toString()})
2024-04-17 18:30:57,194 [main] INFO  base.BaseClass - Found Element By {by.toString()}
2024-04-17 18:30:57,725 [main] INFO  base.BaseClass - Trying to find Element By {by.toString()})
2024-04-17 18:30:57,747 [main] INFO  base.BaseClass - Found Element By {by.toString()}
2024-04-17 18:30:58,282 [main] INFO  base.BaseClass - Trying to find Element By {by.toString()})
2024-04-17 18:30:58,303 [main] INFO  base.BaseClass - Found Element By {by.toString()}
2024-04-17 18:30:58,840 [main] INFO  base.BaseClass - Trying to find Element By {by.toString()})
2024-04-17 18:30:58,877 [main] INFO  base.BaseClass - Found Element By {by.toString()}
2024-04-17 18:30:59,416 [main] INFO  base.BaseClass - Trying to find Element By {by.toString()})
2024-04-17 18:30:59,442 [main] INFO  base.BaseClass - Found Element By {by.toString()}
2024-04-17 18:30:59,977 [main] INFO  base.BaseClass - Trying to find Element By {by.toString()})
2024-04-17 18:30:59,995 [main] INFO  base.BaseClass - Found Element By {by.toString()}
2024-04-17 18:31:00,538 [main] INFO  base.BaseClass - Trying to find Element By {by.toString()})
2024-04-17 18:31:00,558 [main] INFO  base.BaseClass - Found Element By {by.toString()}
2024-04-17 18:31:01,081 [main] INFO  base.BaseClass - Trying to find Element By {by.toString()})
2024-04-17 18:31:01,105 [main] INFO  base.BaseClass - Found Element By {by.toString()}
2024-04-17 18:31:01,641 [main] INFO  base.BaseClass - Trying to find Element By {by.toString()})
2024-04-17 18:31:01,655 [main] INFO  base.BaseClass - Found Element By {by.toString()}
2024-04-17 18:31:02,184 [main] INFO  base.BaseClass - Trying to find Element By {by.toString()})
2024-04-17 18:31:02,201 [main] INFO  base.BaseClass - Found Element By {by.toString()}
2024-04-17 18:31:02,730 [main] INFO  base.BaseClass - Trying to find Element By {by.toString()})
2024-04-17 18:31:02,744 [main] INFO  base.BaseClass - Found Element By {by.toString()}
2024-04-17 18:31:03,273 [main] INFO  base.BaseClass - Trying to find Element By {by.toString()})
2024-04-17 18:31:03,297 [main] INFO  base.BaseClass - Found Element By {by.toString()}
2024-04-17 18:31:03,817 [main] INFO  base.BaseClass - Trying to find Element By {by.toString()})
2024-04-17 18:31:03,838 [main] INFO  base.BaseClass - Found Element By {by.toString()}
2024-04-17 18:31:04,361 [main] INFO  base.BaseClass - Trying to find Element By {by.toString()})
2024-04-17 18:31:04,384 [main] INFO  base.BaseClass - Found Element By {by.toString()}
2024-04-17 18:31:04,919 [main] INFO  base.BaseClass - Trying to find Element By {by.toString()})
2024-04-17 18:31:04,943 [main] INFO  base.BaseClass - Found Element By {by.toString()}
2024-04-17 18:31:05,479 [main] INFO  base.BaseClass - Trying to find Element By {by.toString()})
2024-04-17 18:31:05,495 [main] INFO  base.BaseClass - Found Element By {by.toString()}
2024-04-17 18:31:06,022 [main] INFO  base.BaseClass - Trying to find Element By {by.toString()})
2024-04-17 18:31:06,050 [main] INFO  base.BaseClass - Found Element By {by.toString()}
2024-04-17 18:31:06,584 [main] INFO  base.BaseClass - Trying to find Element By {by.toString()})
2024-04-17 18:31:06,599 [main] INFO  base.BaseClass - Found Element By {by.toString()}
2024-04-17 18:31:07,129 [main] INFO  base.BaseClass - Trying to find Element By {by.toString()})
2024-04-17 18:31:07,151 [main] INFO  base.BaseClass - Found Element By {by.toString()}
2024-04-17 18:31:07,676 [main] INFO  base.BaseClass - Trying to find Element By {by.toString()})
2024-04-17 18:31:07,701 [main] INFO  base.BaseClass - Found Element By {by.toString()}
2024-04-17 18:31:08,235 [main] INFO  base.BaseClass - Trying to find Element By {by.toString()})
2024-04-17 18:31:08,254 [main] INFO  base.BaseClass - Found Element By {by.toString()}
2024-04-17 18:31:08,782 [main] INFO  base.BaseClass - Trying to find Element By {by.toString()})
2024-04-17 18:31:08,792 [main] INFO  base.BaseClass - Found Element By {by.toString()}
2024-04-17 18:31:09,311 [main] INFO  base.BaseClass - Trying to find Element By {by.toString()})
2024-04-17 18:31:09,335 [main] INFO  base.BaseClass - Found Element By {by.toString()}
2024-04-17 18:31:09,855 [main] INFO  base.BaseClass - Trying to find Element By {by.toString()})
2024-04-17 18:31:09,883 [main] INFO  base.BaseClass - Found Element By {by.toString()}
2024-04-17 18:31:10,416 [main] INFO  base.BaseClass - Trying to find Element By {by.toString()})
2024-04-17 18:31:10,438 [main] INFO  base.BaseClass - Found Element By {by.toString()}
2024-04-17 18:31:10,963 [main] INFO  base.BaseClass - Trying to find Element By {by.toString()})
2024-04-17 18:31:10,981 [main] INFO  base.BaseClass - Found Element By {by.toString()}
2024-04-17 18:31:11,511 [main] INFO  base.BaseClass - Trying to find Element By {by.toString()})
2024-04-17 18:31:11,544 [main] INFO  base.BaseClass - Found Element By {by.toString()}
2024-04-17 18:31:12,072 [main] INFO  base.BaseClass - Trying to find Element By {by.toString()})
2024-04-17 18:31:12,096 [main] INFO  base.BaseClass - Found Element By {by.toString()}
2024-04-17 18:31:12,631 [main] INFO  base.BaseClass - Trying to find Element By {by.toString()})
2024-04-17 18:31:12,652 [main] INFO  base.BaseClass - Found Element By {by.toString()}
2024-04-17 18:31:13,188 [main] INFO  base.BaseClass - Trying to find Element By {by.toString()})
2024-04-17 18:31:13,204 [main] INFO  base.BaseClass - Found Element By {by.toString()}
2024-04-17 18:31:13,735 [main] INFO  base.BaseClass - Trying to find Element By {by.toString()})
2024-04-17 18:31:13,755 [main] INFO  base.BaseClass - Found Element By {by.toString()}
2024-04-17 18:31:14,327 [main] INFO  base.BaseClass - Trying to find Element By {by.toString()})
2024-04-17 18:31:14,352 [main] INFO  base.BaseClass - Found Element By {by.toString()}
2024-04-17 18:31:14,887 [main] INFO  base.BaseClass - Trying to find Element By {by.toString()})
2024-04-17 18:31:14,913 [main] INFO  base.BaseClass - Found Element By {by.toString()}
2024-04-17 18:31:15,445 [main] INFO  base.BaseClass - Trying to find Element By {by.toString()})
2024-04-17 18:31:15,475 [main] INFO  base.BaseClass - Found Element By {by.toString()}
2024-04-17 18:31:16,004 [main] INFO  base.BaseClass - Trying to find Element By {by.toString()})
2024-04-17 18:31:16,021 [main] INFO  base.BaseClass - Found Element By {by.toString()}
2024-04-17 18:31:16,546 [main] INFO  base.BaseClass - Trying to find Element By {by.toString()})
2024-04-17 18:31:16,575 [main] INFO  base.BaseClass - Found Element By {by.toString()}
2024-04-17 18:31:17,106 [main] INFO  base.BaseClass - Trying to find Element By {by.toString()})
2024-04-17 18:31:17,134 [main] INFO  base.BaseClass - Found Element By {by.toString()}
2024-04-17 18:31:17,663 [main] INFO  base.BaseClass - Trying to find Element By {by.toString()})
2024-04-17 18:31:17,682 [main] INFO  base.BaseClass - Found Element By {by.toString()}
2024-04-17 18:31:18,209 [main] INFO  base.BaseClass - Trying to find Element By {by.toString()})
2024-04-17 18:31:18,220 [main] INFO  base.BaseClass - Found Element By {by.toString()}
2024-04-17 18:31:18,737 [main] INFO  base.BaseClass - Trying to find Element By {by.toString()})
2024-04-17 18:31:18,771 [main] INFO  base.BaseClass - Found Element By {by.toString()}
2024-04-17 18:31:19,328 [main] INFO  base.BaseClass - Trying to find Element By {by.toString()})
2024-04-17 18:31:19,343 [main] INFO  base.BaseClass - Found Element By {by.toString()}
2024-04-17 18:31:19,868 [main] INFO  base.BaseClass - Trying to find Element By {by.toString()})
2024-04-17 18:31:19,889 [main] INFO  base.BaseClass - Found Element By {by.toString()}
2024-04-17 18:31:20,426 [main] INFO  base.BaseClass - Trying to find Element By {by.toString()})
2024-04-17 18:31:20,443 [main] INFO  base.BaseClass - Found Element By {by.toString()}
2024-04-17 18:31:20,972 [main] INFO  base.BaseClass - Trying to find Element By {by.toString()})
2024-04-17 18:31:20,999 [main] INFO  base.BaseClass - Found Element By {by.toString()}
2024-04-17 18:31:21,534 [main] INFO  base.BaseClass - Trying to find Element By {by.toString()})
2024-04-17 18:31:21,551 [main] INFO  base.BaseClass - Found Element By {by.toString()}
2024-04-17 18:31:22,078 [main] INFO  base.BaseClass - Trying to find Element By {by.toString()})
2024-04-17 18:31:22,095 [main] INFO  base.BaseClass - Found Element By {by.toString()}
2024-04-17 18:31:22,638 [main] INFO  base.BaseClass - Trying to find Element By {by.toString()})
2024-04-17 18:31:22,651 [main] INFO  base.BaseClass - Found Element By {by.toString()}
2024-04-17 18:31:23,167 [main] INFO  base.BaseClass - Trying to find Element By {by.toString()})
2024-04-17 18:31:23,186 [main] INFO  base.BaseClass - Found Element By {by.toString()}
2024-04-17 18:31:23,710 [main] INFO  base.BaseClass - Trying to find Element By {by.toString()})
2024-04-17 18:31:23,729 [main] INFO  base.BaseClass - Found Element By {by.toString()}
2024-04-17 18:31:24,256 [main] INFO  base.BaseClass - Trying to find Element By {by.toString()})
2024-04-17 18:31:24,280 [main] INFO  base.BaseClass - Found Element By {by.toString()}
2024-04-17 18:31:24,801 [main] INFO  base.BaseClass - Trying to find Element By {by.toString()})
2024-04-17 18:31:24,820 [main] INFO  base.BaseClass - Found Element By {by.toString()}
TimeoutException occurred: Expected condition failed: waiting for helper.WaitUtility$5@107ddb6e (tried for 30 second(s) with 500 milliseconds interval)
Build info: version: '3.141.59', revision: 'e82be7d358', time: '2018-11-14T08:17:03'
System info: host: 'DPLAP166', ip: '137.237.2.236', os.name: 'Windows 10', os.arch: 'amd64', os.version: '10.0', java.version: '19.0.1'
Driver info: org.openqa.selenium.support.events.EventFiringWebDriver
Capabilities {acceptInsecureCerts: true, browserName: chrome, browserVersion: 123.0.6312.123, chrome: {chromedriverVersion: 123.0.6312.122 (31f8248cdd9..., userDataDir: C:\Users\dP-PL\AppData\Loca...}, fedcm:accounts: true, goog:chromeOptions: {debuggerAddress: localhost:51256}, javascriptEnabled: true, networkConnectionEnabled: false, pageLoadStrategy: normal, platform: WINDOWS, platformName: WINDOWS, proxy: Proxy(), setWindowRect: true, strictFileInteractability: false, timeouts: {implicit: 0, pageLoad: 300000, script: 30000}, unhandledPromptBehavior: dismiss and notify, webauthn:extension:credBlob: true, webauthn:extension:largeBlob: true, webauthn:extension:minPinLength: true, webauthn:extension:prf: true, webauthn:virtualAuthenticators: true}
Session ID: a59c4df4811f82049fe754efe723d3c1
2024-04-17 18:31:24,841 [main] ERROR RotationCopy_test - Element did not become visible within the specified time: Expected condition failed: waiting for helper.WaitUtility$5@107ddb6e (tried for 30 second(s) with 500 milliseconds interval)
Build info: version: '3.141.59', revision: 'e82be7d358', time: '2018-11-14T08:17:03'
System info: host: 'DPLAP166', ip: '137.237.2.236', os.name: 'Windows 10', os.arch: 'amd64', os.version: '10.0', java.version: '19.0.1'
Driver info: org.openqa.selenium.support.events.EventFiringWebDriver
Capabilities {acceptInsecureCerts: true, browserName: chrome, browserVersion: 123.0.6312.123, chrome: {chromedriverVersion: 123.0.6312.122 (31f8248cdd9..., userDataDir: C:\Users\dP-PL\AppData\Loca...}, fedcm:accounts: true, goog:chromeOptions: {debuggerAddress: localhost:51256}, javascriptEnabled: true, networkConnectionEnabled: false, pageLoadStrategy: normal, platform: WINDOWS, platformName: WINDOWS, proxy: Proxy(), setWindowRect: true, strictFileInteractability: false, timeouts: {implicit: 0, pageLoad: 300000, script: 30000}, unhandledPromptBehavior: dismiss and notify, webauthn:extension:credBlob: true, webauthn:extension:largeBlob: true, webauthn:extension:minPinLength: true, webauthn:extension:prf: true, webauthn:virtualAuthenticators: true}
Session ID: a59c4df4811f82049fe754efe723d3c1
2024-04-17 18:31:24,841 [main] INFO  base.BaseClass - Trying to find Element By {by.toString()})
2024-04-17 18:31:24,855 [main] INFO  base.BaseClass - Found Element By {by.toString()}
2024-04-17 18:31:24,855 [main] INFO  base.BaseClass - Trying to click on: {element.toString()}
2024-04-17 18:31:25,000 [main] INFO  base.BaseClass - Clicked on: {element.toString()}
2024-04-17 18:31:25,001 [main] INFO  base.BaseClass - Trying to find Element By {by.toString()})
2024-04-17 18:31:25,935 [main] INFO  base.BaseClass - Found Element By {by.toString()}
2024-04-17 18:31:26,459 [main] INFO  base.BaseClass - Trying to find Element By {by.toString()})
2024-04-17 18:31:26,474 [main] INFO  base.BaseClass - Found Element By {by.toString()}
2024-04-17 18:31:27,002 [main] INFO  base.BaseClass - Trying to find Element By {by.toString()})
2024-04-17 18:31:27,014 [main] INFO  base.BaseClass - Found Element By {by.toString()}
2024-04-17 18:31:27,545 [main] INFO  base.BaseClass - Trying to find Element By {by.toString()})
2024-04-17 18:31:27,561 [main] INFO  base.BaseClass - Found Element By {by.toString()}
2024-04-17 18:31:28,094 [main] INFO  base.BaseClass - Trying to find Element By {by.toString()})
2024-04-17 18:31:28,112 [main] INFO  base.BaseClass - Found Element By {by.toString()}
2024-04-17 18:31:28,639 [main] INFO  base.BaseClass - Trying to find Element By {by.toString()})
2024-04-17 18:31:28,650 [main] INFO  base.BaseClass - Found Element By {by.toString()}
2024-04-17 18:31:29,178 [main] INFO  base.BaseClass - Trying to find Element By {by.toString()})
2024-04-17 18:31:29,194 [main] INFO  base.BaseClass - Found Element By {by.toString()}
2024-04-17 18:31:29,726 [main] INFO  base.BaseClass - Trying to find Element By {by.toString()})
2024-04-17 18:31:29,750 [main] INFO  base.BaseClass - Found Element By {by.toString()}
2024-04-17 18:31:30,287 [main] INFO  base.BaseClass - Trying to find Element By {by.toString()})
2024-04-17 18:31:30,315 [main] INFO  base.BaseClass - Found Element By {by.toString()}
2024-04-17 18:31:30,847 [main] INFO  base.BaseClass - Trying to find Element By {by.toString()})
2024-04-17 18:31:30,871 [main] INFO  base.BaseClass - Found Element By {by.toString()}
2024-04-17 18:31:31,407 [main] INFO  base.BaseClass - Trying to find Element By {by.toString()})
2024-04-17 18:31:31,434 [main] INFO  base.BaseClass - Found Element By {by.toString()}
2024-04-17 18:31:31,955 [main] INFO  base.BaseClass - Trying to find Element By {by.toString()})
2024-04-17 18:31:31,978 [main] INFO  base.BaseClass - Found Element By {by.toString()}
2024-04-17 18:31:32,513 [main] INFO  base.BaseClass - Trying to find Element By {by.toString()})
2024-04-17 18:31:32,528 [main] INFO  base.BaseClass - Found Element By {by.toString()}
2024-04-17 18:31:33,057 [main] INFO  base.BaseClass - Trying to find Element By {by.toString()})
2024-04-17 18:31:33,076 [main] INFO  base.BaseClass - Found Element By {by.toString()}
2024-04-17 18:31:33,604 [main] INFO  base.BaseClass - Trying to find Element By {by.toString()})
2024-04-17 18:31:33,629 [main] INFO  base.BaseClass - Found Element By {by.toString()}
2024-04-17 18:31:34,161 [main] INFO  base.BaseClass - Trying to find Element By {by.toString()})
2024-04-17 18:31:34,184 [main] INFO  base.BaseClass - Found Element By {by.toString()}
2024-04-17 18:31:34,718 [main] INFO  base.BaseClass - Trying to find Element By {by.toString()})
2024-04-17 18:31:34,751 [main] INFO  base.BaseClass - Found Element By {by.toString()}
2024-04-17 18:31:35,292 [main] INFO  base.BaseClass - Trying to find Element By {by.toString()})
2024-04-17 18:31:35,314 [main] INFO  base.BaseClass - Found Element By {by.toString()}
2024-04-17 18:31:35,852 [main] INFO  base.BaseClass - Trying to find Element By {by.toString()})
2024-04-17 18:31:35,875 [main] INFO  base.BaseClass - Found Element By {by.toString()}
2024-04-17 18:31:36,412 [main] INFO  base.BaseClass - Trying to find Element By {by.toString()})
2024-04-17 18:31:36,438 [main] INFO  base.BaseClass - Found Element By {by.toString()}
2024-04-17 18:31:36,959 [main] INFO  base.BaseClass - Trying to find Element By {by.toString()})
2024-04-17 18:31:36,979 [main] INFO  base.BaseClass - Found Element By {by.toString()}
2024-04-17 18:31:37,518 [main] INFO  base.BaseClass - Trying to find Element By {by.toString()})
2024-04-17 18:31:37,537 [main] INFO  base.BaseClass - Found Element By {by.toString()}
2024-04-17 18:31:38,064 [main] INFO  base.BaseClass - Trying to find Element By {by.toString()})
2024-04-17 18:31:38,075 [main] INFO  base.BaseClass - Found Element By {by.toString()}
2024-04-17 18:31:38,592 [main] INFO  base.BaseClass - Trying to find Element By {by.toString()})
2024-04-17 18:31:38,617 [main] INFO  base.BaseClass - Found Element By {by.toString()}
2024-04-17 18:31:39,153 [main] INFO  base.BaseClass - Trying to find Element By {by.toString()})
2024-04-17 18:31:39,177 [main] INFO  base.BaseClass - Found Element By {by.toString()}
2024-04-17 18:31:39,710 [main] INFO  base.BaseClass - Trying to find Element By {by.toString()})
2024-04-17 18:31:39,726 [main] INFO  base.BaseClass - Found Element By {by.toString()}
2024-04-17 18:31:40,256 [main] INFO  base.BaseClass - Trying to find Element By {by.toString()})
2024-04-17 18:31:40,277 [main] INFO  base.BaseClass - Found Element By {by.toString()}
2024-04-17 18:31:40,800 [main] INFO  base.BaseClass - Trying to find Element By {by.toString()})
2024-04-17 18:31:40,865 [main] INFO  base.BaseClass - Found Element By {by.toString()}
2024-04-17 18:31:41,389 [main] INFO  base.BaseClass - Trying to find Element By {by.toString()})
2024-04-17 18:31:41,403 [main] INFO  base.BaseClass - Found Element By {by.toString()}
2024-04-17 18:31:41,936 [main] INFO  base.BaseClass - Trying to find Element By {by.toString()})
2024-04-17 18:31:41,973 [main] INFO  base.BaseClass - Found Element By {by.toString()}
2024-04-17 18:31:42,509 [main] INFO  base.BaseClass - Trying to find Element By {by.toString()})
2024-04-17 18:31:42,537 [main] INFO  base.BaseClass - Found Element By {by.toString()}
2024-04-17 18:31:43,070 [main] INFO  base.BaseClass - Trying to find Element By {by.toString()})
2024-04-17 18:31:43,087 [main] INFO  base.BaseClass - Found Element By {by.toString()}
2024-04-17 18:31:43,629 [main] INFO  base.BaseClass - Trying to find Element By {by.toString()})
2024-04-17 18:31:43,643 [main] INFO  base.BaseClass - Found Element By {by.toString()}
2024-04-17 18:31:44,172 [main] INFO  base.BaseClass - Trying to find Element By {by.toString()})
2024-04-17 18:31:44,182 [main] INFO  base.BaseClass - Found Element By {by.toString()}
2024-04-17 18:31:44,702 [main] INFO  base.BaseClass - Trying to find Element By {by.toString()})
2024-04-17 18:31:44,735 [main] INFO  base.BaseClass - Found Element By {by.toString()}
2024-04-17 18:31:45,277 [main] INFO  base.BaseClass - Trying to find Element By {by.toString()})
2024-04-17 18:31:45,308 [main] INFO  base.BaseClass - Found Element By {by.toString()}
2024-04-17 18:31:45,852 [main] INFO  base.BaseClass - Trying to find Element By {by.toString()})
2024-04-17 18:31:45,870 [main] INFO  base.BaseClass - Found Element By {by.toString()}
2024-04-17 18:31:46,395 [main] INFO  base.BaseClass - Trying to find Element By {by.toString()})
2024-04-17 18:31:46,428 [main] INFO  base.BaseClass - Found Element By {by.toString()}
2024-04-17 18:31:46,953 [main] INFO  base.BaseClass - Trying to find Element By {by.toString()})
2024-04-17 18:31:46,973 [main] INFO  base.BaseClass - Found Element By {by.toString()}
2024-04-17 18:31:47,510 [main] INFO  base.BaseClass - Trying to find Element By {by.toString()})
2024-04-17 18:31:47,535 [main] INFO  base.BaseClass - Found Element By {by.toString()}
2024-04-17 18:31:48,072 [main] INFO  base.BaseClass - Trying to find Element By {by.toString()})
2024-04-17 18:31:48,097 [main] INFO  base.BaseClass - Found Element By {by.toString()}
2024-04-17 18:31:48,630 [main] INFO  base.BaseClass - Trying to find Element By {by.toString()})
2024-04-17 18:31:48,645 [main] INFO  base.BaseClass - Found Element By {by.toString()}
2024-04-17 18:31:49,175 [main] INFO  base.BaseClass - Trying to find Element By {by.toString()})
2024-04-17 18:31:49,198 [main] INFO  base.BaseClass - Found Element By {by.toString()}
2024-04-17 18:31:49,719 [main] INFO  base.BaseClass - Trying to find Element By {by.toString()})
2024-04-17 18:31:49,740 [main] INFO  base.BaseClass - Found Element By {by.toString()}
2024-04-17 18:31:50,265 [main] INFO  base.BaseClass - Trying to find Element By {by.toString()})
2024-04-17 18:31:50,285 [main] INFO  base.BaseClass - Found Element By {by.toString()}
2024-04-17 18:31:50,807 [main] INFO  base.BaseClass - Trying to find Element By {by.toString()})
2024-04-17 18:31:50,844 [main] INFO  base.BaseClass - Found Element By {by.toString()}
2024-04-17 18:31:51,378 [main] INFO  base.BaseClass - Trying to find Element By {by.toString()})
2024-04-17 18:31:51,403 [main] INFO  base.BaseClass - Found Element By {by.toString()}
2024-04-17 18:31:51,942 [main] INFO  base.BaseClass - Trying to find Element By {by.toString()})
2024-04-17 18:31:51,960 [main] INFO  base.BaseClass - Found Element By {by.toString()}
2024-04-17 18:31:52,500 [main] INFO  base.BaseClass - Trying to find Element By {by.toString()})
2024-04-17 18:31:52,515 [main] INFO  base.BaseClass - Found Element By {by.toString()}
2024-04-17 18:31:53,045 [main] INFO  base.BaseClass - Trying to find Element By {by.toString()})
2024-04-17 18:31:53,068 [main] INFO  base.BaseClass - Found Element By {by.toString()}
2024-04-17 18:31:53,605 [main] INFO  base.BaseClass - Trying to find Element By {by.toString()})
2024-04-17 18:31:53,634 [main] INFO  base.BaseClass - Found Element By {by.toString()}
2024-04-17 18:31:54,166 [main] INFO  base.BaseClass - Trying to find Element By {by.toString()})
2024-04-17 18:31:54,185 [main] INFO  base.BaseClass - Found Element By {by.toString()}
2024-04-17 18:31:54,712 [main] INFO  base.BaseClass - Trying to find Element By {by.toString()})
2024-04-17 18:31:54,733 [main] INFO  base.BaseClass - Found Element By {by.toString()}
2024-04-17 18:31:55,271 [main] INFO  base.BaseClass - Trying to find Element By {by.toString()})
2024-04-17 18:31:55,333 [main] INFO  base.BaseClass - Found Element By {by.toString()}
TimeoutException occurred: Expected condition failed: waiting for helper.WaitUtility$5@168ce494 (tried for 30 second(s) with 500 milliseconds interval)
Build info: version: '3.141.59', revision: 'e82be7d358', time: '2018-11-14T08:17:03'
System info: host: 'DPLAP166', ip: '137.237.2.236', os.name: 'Windows 10', os.arch: 'amd64', os.version: '10.0', java.version: '19.0.1'
Driver info: org.openqa.selenium.support.events.EventFiringWebDriver
Capabilities {acceptInsecureCerts: true, browserName: chrome, browserVersion: 123.0.6312.123, chrome: {chromedriverVersion: 123.0.6312.122 (31f8248cdd9..., userDataDir: C:\Users\dP-PL\AppData\Loca...}, fedcm:accounts: true, goog:chromeOptions: {debuggerAddress: localhost:51256}, javascriptEnabled: true, networkConnectionEnabled: false, pageLoadStrategy: normal, platform: WINDOWS, platformName: WINDOWS, proxy: Proxy(), setWindowRect: true, strictFileInteractability: false, timeouts: {implicit: 0, pageLoad: 300000, script: 30000}, unhandledPromptBehavior: dismiss and notify, webauthn:extension:credBlob: true, webauthn:extension:largeBlob: true, webauthn:extension:minPinLength: true, webauthn:extension:prf: true, webauthn:virtualAuthenticators: true}
Session ID: a59c4df4811f82049fe754efe723d3c1
2024-04-17 18:31:55,355 [main] ERROR RotationCopy_test - Element did not become visible within the specified time: Expected condition failed: waiting for helper.WaitUtility$5@168ce494 (tried for 30 second(s) with 500 milliseconds interval)
Build info: version: '3.141.59', revision: 'e82be7d358', time: '2018-11-14T08:17:03'
System info: host: 'DPLAP166', ip: '137.237.2.236', os.name: 'Windows 10', os.arch: 'amd64', os.version: '10.0', java.version: '19.0.1'
Driver info: org.openqa.selenium.support.events.EventFiringWebDriver
Capabilities {acceptInsecureCerts: true, browserName: chrome, browserVersion: 123.0.6312.123, chrome: {chromedriverVersion: 123.0.6312.122 (31f8248cdd9..., userDataDir: C:\Users\dP-PL\AppData\Loca...}, fedcm:accounts: true, goog:chromeOptions: {debuggerAddress: localhost:51256}, javascriptEnabled: true, networkConnectionEnabled: false, pageLoadStrategy: normal, platform: WINDOWS, platformName: WINDOWS, proxy: Proxy(), setWindowRect: true, strictFileInteractability: false, timeouts: {implicit: 0, pageLoad: 300000, script: 30000}, unhandledPromptBehavior: dismiss and notify, webauthn:extension:credBlob: true, webauthn:extension:largeBlob: true, webauthn:extension:minPinLength: true, webauthn:extension:prf: true, webauthn:virtualAuthenticators: true}
Session ID: a59c4df4811f82049fe754efe723d3c1
2024-04-17 18:31:55,355 [main] INFO  base.BaseClass - Trying to find Element By {by.toString()})
2024-04-17 18:31:55,366 [main] INFO  base.BaseClass - Found Element By {by.toString()}
2024-04-17 18:31:55,366 [main] INFO  base.BaseClass - Trying to click on: {element.toString()}
2024-04-17 18:31:55,450 [main] INFO  base.BaseClass - Clicked on: {element.toString()}
2024-04-17 18:31:55,450 [main] INFO  base.BaseClass - Trying to find Element By {by.toString()})
2024-04-17 18:31:55,469 [main] INFO  base.BaseClass - Found Element By {by.toString()}
2024-04-17 18:31:55,998 [main] INFO  base.BaseClass - Trying to find Element By {by.toString()})
2024-04-17 18:31:56,029 [main] INFO  base.BaseClass - Found Element By {by.toString()}
2024-04-17 18:31:56,558 [main] INFO  base.BaseClass - Trying to find Element By {by.toString()})
2024-04-17 18:31:56,578 [main] INFO  base.BaseClass - Found Element By {by.toString()}
2024-04-17 18:31:57,119 [main] INFO  base.BaseClass - Trying to find Element By {by.toString()})
2024-04-17 18:31:57,135 [main] INFO  base.BaseClass - Found Element By {by.toString()}
2024-04-17 18:31:57,661 [main] INFO  base.BaseClass - Trying to find Element By {by.toString()})
2024-04-17 18:31:57,676 [main] INFO  base.BaseClass - Found Element By {by.toString()}
2024-04-17 18:31:58,201 [main] INFO  base.BaseClass - Trying to find Element By {by.toString()})
2024-04-17 18:31:58,214 [main] INFO  base.BaseClass - Found Element By {by.toString()}
2024-04-17 18:31:58,745 [main] INFO  base.BaseClass - Trying to find Element By {by.toString()})
2024-04-17 18:31:58,767 [main] INFO  base.BaseClass - Found Element By {by.toString()}
2024-04-17 18:31:59,303 [main] INFO  base.BaseClass - Trying to find Element By {by.toString()})
2024-04-17 18:31:59,332 [main] INFO  base.BaseClass - Found Element By {by.toString()}
2024-04-17 18:31:59,866 [main] INFO  base.BaseClass - Trying to find Element By {by.toString()})
2024-04-17 18:31:59,887 [main] INFO  base.BaseClass - Found Element By {by.toString()}
2024-04-17 18:32:00,425 [main] INFO  base.BaseClass - Trying to find Element By {by.toString()})
2024-04-17 18:32:00,439 [main] INFO  base.BaseClass - Found Element By {by.toString()}
2024-04-17 18:32:00,968 [main] INFO  base.BaseClass - Trying to find Element By {by.toString()})
2024-04-17 18:32:00,990 [main] INFO  base.BaseClass - Found Element By {by.toString()}
2024-04-17 18:32:01,513 [main] INFO  base.BaseClass - Trying to find Element By {by.toString()})
2024-04-17 18:32:01,524 [main] INFO  base.BaseClass - Found Element By {by.toString()}
2024-04-17 18:32:02,043 [main] INFO  base.BaseClass - Trying to find Element By {by.toString()})
2024-04-17 18:32:02,063 [main] INFO  base.BaseClass - Found Element By {by.toString()}
2024-04-17 18:32:02,599 [main] INFO  base.BaseClass - Trying to find Element By {by.toString()})
2024-04-17 18:32:02,625 [main] INFO  base.BaseClass - Found Element By {by.toString()}
2024-04-17 18:32:03,160 [main] INFO  base.BaseClass - Trying to find Element By {by.toString()})
2024-04-17 18:32:03,180 [main] INFO  base.BaseClass - Found Element By {by.toString()}
2024-04-17 18:32:03,706 [main] INFO  base.BaseClass - Trying to find Element By {by.toString()})
2024-04-17 18:32:03,731 [main] INFO  base.BaseClass - Found Element By {by.toString()}
2024-04-17 18:32:04,266 [main] INFO  base.BaseClass - Trying to find Element By {by.toString()})
2024-04-17 18:32:04,289 [main] INFO  base.BaseClass - Found Element By {by.toString()}
2024-04-17 18:32:04,809 [main] INFO  base.BaseClass - Trying to find Element By {by.toString()})
2024-04-17 18:32:04,829 [main] INFO  base.BaseClass - Found Element By {by.toString()}
2024-04-17 18:32:05,366 [main] INFO  base.BaseClass - Trying to find Element By {by.toString()})
2024-04-17 18:32:05,392 [main] INFO  base.BaseClass - Found Element By {by.toString()}
2024-04-17 18:32:05,923 [main] INFO  base.BaseClass - Trying to find Element By {by.toString()})
2024-04-17 18:32:05,937 [main] INFO  base.BaseClass - Found Element By {by.toString()}
2024-04-17 18:32:06,454 [main] INFO  base.BaseClass - Trying to find Element By {by.toString()})
2024-04-17 18:32:06,497 [main] INFO  base.BaseClass - Found Element By {by.toString()}
2024-04-17 18:32:07,028 [main] INFO  base.BaseClass - Trying to find Element By {by.toString()})
2024-04-17 18:32:07,040 [main] INFO  base.BaseClass - Found Element By {by.toString()}
2024-04-17 18:32:07,557 [main] INFO  base.BaseClass - Trying to find Element By {by.toString()})
2024-04-17 18:32:07,570 [main] INFO  base.BaseClass - Found Element By {by.toString()}
2024-04-17 18:32:08,097 [main] INFO  base.BaseClass - Trying to find Element By {by.toString()})
2024-04-17 18:32:08,119 [main] INFO  base.BaseClass - Found Element By {by.toString()}
2024-04-17 18:32:08,643 [main] INFO  base.BaseClass - Trying to find Element By {by.toString()})
2024-04-17 18:32:08,657 [main] INFO  base.BaseClass - Found Element By {by.toString()}
2024-04-17 18:32:09,188 [main] INFO  base.BaseClass - Trying to find Element By {by.toString()})
2024-04-17 18:32:09,208 [main] INFO  base.BaseClass - Found Element By {by.toString()}
2024-04-17 18:32:09,734 [main] INFO  base.BaseClass - Trying to find Element By {by.toString()})
2024-04-17 18:32:09,770 [main] INFO  base.BaseClass - Found Element By {by.toString()}
2024-04-17 18:32:10,327 [main] INFO  base.BaseClass - Trying to find Element By {by.toString()})
2024-04-17 18:32:10,369 [main] INFO  base.BaseClass - Found Element By {by.toString()}
2024-04-17 18:32:10,905 [main] INFO  base.BaseClass - Trying to find Element By {by.toString()})
2024-04-17 18:32:10,917 [main] INFO  base.BaseClass - Found Element By {by.toString()}
2024-04-17 18:32:11,434 [main] INFO  base.BaseClass - Trying to find Element By {by.toString()})
2024-04-17 18:32:11,445 [main] INFO  base.BaseClass - Found Element By {by.toString()}
2024-04-17 18:32:11,967 [main] INFO  base.BaseClass - Trying to find Element By {by.toString()})
2024-04-17 18:32:11,991 [main] INFO  base.BaseClass - Found Element By {by.toString()}
2024-04-17 18:32:12,532 [main] INFO  base.BaseClass - Trying to find Element By {by.toString()})
2024-04-17 18:32:12,553 [main] INFO  base.BaseClass - Found Element By {by.toString()}
2024-04-17 18:32:13,074 [main] INFO  base.BaseClass - Trying to find Element By {by.toString()})
2024-04-17 18:32:13,099 [main] INFO  base.BaseClass - Found Element By {by.toString()}
2024-04-17 18:32:13,630 [main] INFO  base.BaseClass - Trying to find Element By {by.toString()})
2024-04-17 18:32:13,649 [main] INFO  base.BaseClass - Found Element By {by.toString()}
2024-04-17 18:32:14,190 [main] INFO  base.BaseClass - Trying to find Element By {by.toString()})
2024-04-17 18:32:14,206 [main] INFO  base.BaseClass - Found Element By {by.toString()}
2024-04-17 18:32:14,735 [main] INFO  base.BaseClass - Trying to find Element By {by.toString()})
2024-04-17 18:32:14,754 [main] INFO  base.BaseClass - Found Element By {by.toString()}
2024-04-17 18:32:15,294 [main] INFO  base.BaseClass - Trying to find Element By {by.toString()})
2024-04-17 18:32:15,315 [main] INFO  base.BaseClass - Found Element By {by.toString()}
2024-04-17 18:32:15,837 [main] INFO  base.BaseClass - Trying to find Element By {by.toString()})
2024-04-17 18:32:15,872 [main] INFO  base.BaseClass - Found Element By {by.toString()}
2024-04-17 18:32:16,410 [main] INFO  base.BaseClass - Trying to find Element By {by.toString()})
2024-04-17 18:32:16,441 [main] INFO  base.BaseClass - Found Element By {by.toString()}
2024-04-17 18:32:16,971 [main] INFO  base.BaseClass - Trying to find Element By {by.toString()})
2024-04-17 18:32:16,998 [main] INFO  base.BaseClass - Found Element By {by.toString()}
2024-04-17 18:32:17,530 [main] INFO  base.BaseClass - Trying to find Element By {by.toString()})
2024-04-17 18:32:17,543 [main] INFO  base.BaseClass - Found Element By {by.toString()}
2024-04-17 18:32:18,074 [main] INFO  base.BaseClass - Trying to find Element By {by.toString()})
2024-04-17 18:32:18,089 [main] INFO  base.BaseClass - Found Element By {by.toString()}
2024-04-17 18:32:18,618 [main] INFO  base.BaseClass - Trying to find Element By {by.toString()})
2024-04-17 18:32:18,639 [main] INFO  base.BaseClass - Found Element By {by.toString()}
2024-04-17 18:32:19,177 [main] INFO  base.BaseClass - Trying to find Element By {by.toString()})
2024-04-17 18:32:19,198 [main] INFO  base.BaseClass - Found Element By {by.toString()}
2024-04-17 18:32:19,726 [main] INFO  base.BaseClass - Trying to find Element By {by.toString()})
2024-04-17 18:32:19,798 [main] INFO  base.BaseClass - Found Element By {by.toString()}
2024-04-17 18:32:20,333 [main] INFO  base.BaseClass - Trying to find Element By {by.toString()})
2024-04-17 18:32:20,346 [main] INFO  base.BaseClass - Found Element By {by.toString()}
2024-04-17 18:32:20,871 [main] INFO  base.BaseClass - Trying to find Element By {by.toString()})
2024-04-17 18:32:20,906 [main] INFO  base.BaseClass - Found Element By {by.toString()}
2024-04-17 18:32:21,446 [main] INFO  base.BaseClass - Trying to find Element By {by.toString()})
2024-04-17 18:32:21,470 [main] INFO  base.BaseClass - Found Element By {by.toString()}
2024-04-17 18:32:22,009 [main] INFO  base.BaseClass - Trying to find Element By {by.toString()})
2024-04-17 18:32:22,036 [main] INFO  base.BaseClass - Found Element By {by.toString()}
2024-04-17 18:32:22,568 [main] INFO  base.BaseClass - Trying to find Element By {by.toString()})
2024-04-17 18:32:22,592 [main] INFO  base.BaseClass - Found Element By {by.toString()}
2024-04-17 18:32:23,114 [main] INFO  base.BaseClass - Trying to find Element By {by.toString()})
2024-04-17 18:32:23,146 [main] INFO  base.BaseClass - Found Element By {by.toString()}
2024-04-17 18:32:23,687 [main] INFO  base.BaseClass - Trying to find Element By {by.toString()})
2024-04-17 18:32:23,712 [main] INFO  base.BaseClass - Found Element By {by.toString()}
2024-04-17 18:32:24,262 [main] INFO  base.BaseClass - Trying to find Element By {by.toString()})
2024-04-17 18:32:24,289 [main] INFO  base.BaseClass - Found Element By {by.toString()}
2024-04-17 18:32:24,819 [main] INFO  base.BaseClass - Trying to find Element By {by.toString()})
2024-04-17 18:32:24,836 [main] INFO  base.BaseClass - Found Element By {by.toString()}
2024-04-17 18:32:25,376 [main] INFO  base.BaseClass - Trying to find Element By {by.toString()})
2024-04-17 18:32:25,409 [main] INFO  base.BaseClass - Found Element By {by.toString()}
2024-04-17 18:32:25,937 [main] INFO  base.BaseClass - Trying to find Element By {by.toString()})
2024-04-17 18:32:25,952 [main] INFO  base.BaseClass - Found Element By {by.toString()}
TimeoutException occurred: Expected condition failed: waiting for helper.WaitUtility$5@3002f163 (tried for 30 second(s) with 500 milliseconds interval)
Build info: version: '3.141.59', revision: 'e82be7d358', time: '2018-11-14T08:17:03'
System info: host: 'DPLAP166', ip: '137.237.2.236', os.name: 'Windows 10', os.arch: 'amd64', os.version: '10.0', java.version: '19.0.1'
Driver info: org.openqa.selenium.support.events.EventFiringWebDriver
Capabilities {acceptInsecureCerts: true, browserName: chrome, browserVersion: 123.0.6312.123, chrome: {chromedriverVersion: 123.0.6312.122 (31f8248cdd9..., userDataDir: C:\Users\dP-PL\AppData\Loca...}, fedcm:accounts: true, goog:chromeOptions: {debuggerAddress: localhost:51256}, javascriptEnabled: true, networkConnectionEnabled: false, pageLoadStrategy: normal, platform: WINDOWS, platformName: WINDOWS, proxy: Proxy(), setWindowRect: true, strictFileInteractability: false, timeouts: {implicit: 0, pageLoad: 300000, script: 30000}, unhandledPromptBehavior: dismiss and notify, webauthn:extension:credBlob: true, webauthn:extension:largeBlob: true, webauthn:extension:minPinLength: true, webauthn:extension:prf: true, webauthn:virtualAuthenticators: true}
Session ID: a59c4df4811f82049fe754efe723d3c1
2024-04-17 18:32:25,970 [main] ERROR RotationCopy_test - Element did not become visible within the specified time: Expected condition failed: waiting for helper.WaitUtility$5@3002f163 (tried for 30 second(s) with 500 milliseconds interval)
Build info: version: '3.141.59', revision: 'e82be7d358', time: '2018-11-14T08:17:03'
System info: host: 'DPLAP166', ip: '137.237.2.236', os.name: 'Windows 10', os.arch: 'amd64', os.version: '10.0', java.version: '19.0.1'
Driver info: org.openqa.selenium.support.events.EventFiringWebDriver
Capabilities {acceptInsecureCerts: true, browserName: chrome, browserVersion: 123.0.6312.123, chrome: {chromedriverVersion: 123.0.6312.122 (31f8248cdd9..., userDataDir: C:\Users\dP-PL\AppData\Loca...}, fedcm:accounts: true, goog:chromeOptions: {debuggerAddress: localhost:51256}, javascriptEnabled: true, networkConnectionEnabled: false, pageLoadStrategy: normal, platform: WINDOWS, platformName: WINDOWS, proxy: Proxy(), setWindowRect: true, strictFileInteractability: false, timeouts: {implicit: 0, pageLoad: 300000, script: 30000}, unhandledPromptBehavior: dismiss and notify, webauthn:extension:credBlob: true, webauthn:extension:largeBlob: true, webauthn:extension:minPinLength: true, webauthn:extension:prf: true, webauthn:virtualAuthenticators: true}
Session ID: a59c4df4811f82049fe754efe723d3c1
2024-04-17 18:32:25,970 [main] INFO  base.BaseClass - Trying to find Element By {by.toString()})
2024-04-17 18:32:25,982 [main] INFO  base.BaseClass - Found Element By {by.toString()}
2024-04-17 18:32:25,982 [main] INFO  base.BaseClass - Trying to click on: {element.toString()}
2024-04-17 18:32:26,130 [main] INFO  base.BaseClass - Clicked on: {element.toString()}
2024-04-17 18:32:26,137 [main] INFO  base.BaseClass - Trying to find Element By {by.toString()})
2024-04-17 18:32:26,158 [main] INFO  base.BaseClass - Found Element By {by.toString()}
2024-04-17 18:32:26,681 [main] INFO  base.BaseClass - Trying to find Element By {by.toString()})
2024-04-17 18:32:26,742 [main] INFO  base.BaseClass - Found Element By {by.toString()}
2024-04-17 18:32:27,287 [main] INFO  base.BaseClass - Trying to find Element By {by.toString()})
2024-04-17 18:32:27,313 [main] INFO  base.BaseClass - Found Element By {by.toString()}
2024-04-17 18:32:27,863 [main] INFO  base.BaseClass - Trying to find Element By {by.toString()})
2024-04-17 18:32:27,883 [main] INFO  base.BaseClass - Found Element By {by.toString()}
2024-04-17 18:32:28,409 [main] INFO  base.BaseClass - Trying to find Element By {by.toString()})
2024-04-17 18:32:28,422 [main] INFO  base.BaseClass - Found Element By {by.toString()}
2024-04-17 18:32:28,954 [main] INFO  base.BaseClass - Trying to find Element By {by.toString()})
2024-04-17 18:32:28,985 [main] INFO  base.BaseClass - Found Element By {by.toString()}
2024-04-17 18:32:29,519 [main] INFO  base.BaseClass - Trying to find Element By {by.toString()})
2024-04-17 18:32:29,543 [main] INFO  base.BaseClass - Found Element By {by.toString()}
2024-04-17 18:32:30,076 [main] INFO  base.BaseClass - Trying to find Element By {by.toString()})
2024-04-17 18:32:30,091 [main] INFO  base.BaseClass - Found Element By {by.toString()}
2024-04-17 18:32:30,620 [main] INFO  base.BaseClass - Trying to find Element By {by.toString()})
2024-04-17 18:32:30,646 [main] INFO  base.BaseClass - Found Element By {by.toString()}
2024-04-17 18:32:31,183 [main] INFO  base.BaseClass - Trying to find Element By {by.toString()})
2024-04-17 18:32:31,199 [main] INFO  base.BaseClass - Found Element By {by.toString()}
2024-04-17 18:32:31,725 [main] INFO  base.BaseClass - Trying to find Element By {by.toString()})
2024-04-17 18:32:31,741 [main] INFO  base.BaseClass - Found Element By {by.toString()}
2024-04-17 18:32:32,271 [main] INFO  base.BaseClass - Trying to find Element By {by.toString()})
2024-04-17 18:32:32,295 [main] INFO  base.BaseClass - Found Element By {by.toString()}
2024-04-17 18:32:32,827 [main] INFO  base.BaseClass - Trying to find Element By {by.toString()})
2024-04-17 18:32:32,850 [main] INFO  base.BaseClass - Found Element By {by.toString()}
2024-04-17 18:32:33,390 [main] INFO  base.BaseClass - Trying to find Element By {by.toString()})
2024-04-17 18:32:33,407 [main] INFO  base.BaseClass - Found Element By {by.toString()}
2024-04-17 18:32:33,935 [main] INFO  base.BaseClass - Trying to find Element By {by.toString()})
2024-04-17 18:32:33,952 [main] INFO  base.BaseClass - Found Element By {by.toString()}
2024-04-17 18:32:34,494 [main] INFO  base.BaseClass - Trying to find Element By {by.toString()})
2024-04-17 18:32:34,527 [main] INFO  base.BaseClass - Found Element By {by.toString()}
2024-04-17 18:32:35,056 [main] INFO  base.BaseClass - Trying to find Element By {by.toString()})
2024-04-17 18:32:35,078 [main] INFO  base.BaseClass - Found Element By {by.toString()}
2024-04-17 18:32:35,614 [main] INFO  base.BaseClass - Trying to find Element By {by.toString()})
2024-04-17 18:32:35,631 [main] INFO  base.BaseClass - Found Element By {by.toString()}
2024-04-17 18:32:36,158 [main] INFO  base.BaseClass - Trying to find Element By {by.toString()})
2024-04-17 18:32:36,178 [main] INFO  base.BaseClass - Found Element By {by.toString()}
2024-04-17 18:32:36,717 [main] INFO  base.BaseClass - Trying to find Element By {by.toString()})
2024-04-17 18:32:36,734 [main] INFO  base.BaseClass - Found Element By {by.toString()}
2024-04-17 18:32:37,275 [main] INFO  base.BaseClass - Trying to find Element By {by.toString()})
2024-04-17 18:32:37,341 [main] INFO  base.BaseClass - Found Element By {by.toString()}
2024-04-17 18:32:37,866 [main] INFO  base.BaseClass - Trying to find Element By {by.toString()})
2024-04-17 18:32:37,885 [main] INFO  base.BaseClass - Found Element By {by.toString()}
2024-04-17 18:32:38,409 [main] INFO  base.BaseClass - Trying to find Element By {by.toString()})
2024-04-17 18:32:38,438 [main] INFO  base.BaseClass - Found Element By {by.toString()}
2024-04-17 18:32:38,969 [main] INFO  base.BaseClass - Trying to find Element By {by.toString()})
2024-04-17 18:32:38,993 [main] INFO  base.BaseClass - Found Element By {by.toString()}
2024-04-17 18:32:39,528 [main] INFO  base.BaseClass - Trying to find Element By {by.toString()})
2024-04-17 18:32:39,542 [main] INFO  base.BaseClass - Found Element By {by.toString()}
2024-04-17 18:32:40,071 [main] INFO  base.BaseClass - Trying to find Element By {by.toString()})
2024-04-17 18:32:40,091 [main] INFO  base.BaseClass - Found Element By {by.toString()}
2024-04-17 18:32:40,614 [main] INFO  base.BaseClass - Trying to find Element By {by.toString()})
2024-04-17 18:32:40,642 [main] INFO  base.BaseClass - Found Element By {by.toString()}
2024-04-17 18:32:41,170 [main] INFO  base.BaseClass - Trying to find Element By {by.toString()})
2024-04-17 18:32:41,193 [main] INFO  base.BaseClass - Found Element By {by.toString()}
2024-04-17 18:32:41,716 [main] INFO  base.BaseClass - Trying to find Element By {by.toString()})
2024-04-17 18:32:41,740 [main] INFO  base.BaseClass - Found Element By {by.toString()}
2024-04-17 18:32:42,276 [main] INFO  base.BaseClass - Trying to find Element By {by.toString()})
2024-04-17 18:32:42,290 [main] INFO  base.BaseClass - Found Element By {by.toString()}
2024-04-17 18:32:42,809 [main] INFO  base.BaseClass - Trying to find Element By {by.toString()})
2024-04-17 18:32:42,822 [main] INFO  base.BaseClass - Found Element By {by.toString()}
2024-04-17 18:32:43,351 [main] INFO  base.BaseClass - Trying to find Element By {by.toString()})
2024-04-17 18:32:43,363 [main] INFO  base.BaseClass - Found Element By {by.toString()}
2024-04-17 18:32:43,890 [main] INFO  base.BaseClass - Trying to find Element By {by.toString()})
2024-04-17 18:32:43,916 [main] INFO  base.BaseClass - Found Element By {by.toString()}
2024-04-17 18:32:44,451 [main] INFO  base.BaseClass - Trying to find Element By {by.toString()})
2024-04-17 18:32:44,471 [main] INFO  base.BaseClass - Found Element By {by.toString()}
2024-04-17 18:32:45,005 [main] INFO  base.BaseClass - Trying to find Element By {by.toString()})
2024-04-17 18:32:45,022 [main] INFO  base.BaseClass - Found Element By {by.toString()}
2024-04-17 18:32:45,551 [main] INFO  base.BaseClass - Trying to find Element By {by.toString()})
2024-04-17 18:32:45,583 [main] INFO  base.BaseClass - Found Element By {by.toString()}
2024-04-17 18:32:46,107 [main] INFO  base.BaseClass - Trying to find Element By {by.toString()})
2024-04-17 18:32:46,120 [main] INFO  base.BaseClass - Found Element By {by.toString()}
2024-04-17 18:32:46,653 [main] INFO  base.BaseClass - Trying to find Element By {by.toString()})
2024-04-17 18:32:46,686 [main] INFO  base.BaseClass - Found Element By {by.toString()}
2024-04-17 18:32:47,213 [main] INFO  base.BaseClass - Trying to find Element By {by.toString()})
2024-04-17 18:32:47,229 [main] INFO  base.BaseClass - Found Element By {by.toString()}
2024-04-17 18:32:47,758 [main] INFO  base.BaseClass - Trying to find Element By {by.toString()})
2024-04-17 18:32:47,787 [main] INFO  base.BaseClass - Found Element By {by.toString()}
2024-04-17 18:32:48,319 [main] INFO  base.BaseClass - Trying to find Element By {by.toString()})
2024-04-17 18:32:48,349 [main] INFO  base.BaseClass - Found Element By {by.toString()}
2024-04-17 18:32:48,880 [main] INFO  base.BaseClass - Trying to find Element By {by.toString()})
2024-04-17 18:32:48,897 [main] INFO  base.BaseClass - Found Element By {by.toString()}
2024-04-17 18:32:49,425 [main] INFO  base.BaseClass - Trying to find Element By {by.toString()})
2024-04-17 18:32:49,453 [main] INFO  base.BaseClass - Found Element By {by.toString()}
2024-04-17 18:32:49,987 [main] INFO  base.BaseClass - Trying to find Element By {by.toString()})
2024-04-17 18:32:50,015 [main] INFO  base.BaseClass - Found Element By {by.toString()}
2024-04-17 18:32:50,562 [main] INFO  base.BaseClass - Trying to find Element By {by.toString()})
2024-04-17 18:32:50,589 [main] INFO  base.BaseClass - Found Element By {by.toString()}
2024-04-17 18:32:51,121 [main] INFO  base.BaseClass - Trying to find Element By {by.toString()})
2024-04-17 18:32:51,155 [main] INFO  base.BaseClass - Found Element By {by.toString()}
2024-04-17 18:32:51,696 [main] INFO  base.BaseClass - Trying to find Element By {by.toString()})
2024-04-17 18:32:51,716 [main] INFO  base.BaseClass - Found Element By {by.toString()}
2024-04-17 18:32:52,244 [main] INFO  base.BaseClass - Trying to find Element By {by.toString()})
2024-04-17 18:32:52,263 [main] INFO  base.BaseClass - Found Element By {by.toString()}
2024-04-17 18:32:52,789 [main] INFO  base.BaseClass - Trying to find Element By {by.toString()})
2024-04-17 18:32:52,818 [main] INFO  base.BaseClass - Found Element By {by.toString()}
2024-04-17 18:32:53,348 [main] INFO  base.BaseClass - Trying to find Element By {by.toString()})
2024-04-17 18:32:53,370 [main] INFO  base.BaseClass - Found Element By {by.toString()}
2024-04-17 18:32:53,907 [main] INFO  base.BaseClass - Trying to find Element By {by.toString()})
2024-04-17 18:32:53,927 [main] INFO  base.BaseClass - Found Element By {by.toString()}
2024-04-17 18:32:54,454 [main] INFO  base.BaseClass - Trying to find Element By {by.toString()})
2024-04-17 18:32:54,472 [main] INFO  base.BaseClass - Found Element By {by.toString()}
2024-04-17 18:32:55,000 [main] INFO  base.BaseClass - Trying to find Element By {by.toString()})
2024-04-17 18:32:55,020 [main] INFO  base.BaseClass - Found Element By {by.toString()}
2024-04-17 18:32:55,557 [main] INFO  base.BaseClass - Trying to find Element By {by.toString()})
2024-04-17 18:32:55,579 [main] INFO  base.BaseClass - Found Element By {by.toString()}
2024-04-17 18:32:56,117 [main] INFO  base.BaseClass - Trying to find Element By {by.toString()})
2024-04-17 18:32:56,151 [main] INFO  base.BaseClass - Found Element By {by.toString()}
TimeoutException occurred: Expected condition failed: waiting for helper.WaitUtility$5@6d8666df (tried for 30 second(s) with 500 milliseconds interval)
Build info: version: '3.141.59', revision: 'e82be7d358', time: '2018-11-14T08:17:03'
System info: host: 'DPLAP166', ip: '137.237.2.236', os.name: 'Windows 10', os.arch: 'amd64', os.version: '10.0', java.version: '19.0.1'
Driver info: org.openqa.selenium.support.events.EventFiringWebDriver
Capabilities {acceptInsecureCerts: true, browserName: chrome, browserVersion: 123.0.6312.123, chrome: {chromedriverVersion: 123.0.6312.122 (31f8248cdd9..., userDataDir: C:\Users\dP-PL\AppData\Loca...}, fedcm:accounts: true, goog:chromeOptions: {debuggerAddress: localhost:51256}, javascriptEnabled: true, networkConnectionEnabled: false, pageLoadStrategy: normal, platform: WINDOWS, platformName: WINDOWS, proxy: Proxy(), setWindowRect: true, strictFileInteractability: false, timeouts: {implicit: 0, pageLoad: 300000, script: 30000}, unhandledPromptBehavior: dismiss and notify, webauthn:extension:credBlob: true, webauthn:extension:largeBlob: true, webauthn:extension:minPinLength: true, webauthn:extension:prf: true, webauthn:virtualAuthenticators: true}
Session ID: a59c4df4811f82049fe754efe723d3c1
2024-04-17 18:32:56,176 [main] ERROR RotationCopy_test - Element did not become visible within the specified time: Expected condition failed: waiting for helper.WaitUtility$5@6d8666df (tried for 30 second(s) with 500 milliseconds interval)
Build info: version: '3.141.59', revision: 'e82be7d358', time: '2018-11-14T08:17:03'
System info: host: 'DPLAP166', ip: '137.237.2.236', os.name: 'Windows 10', os.arch: 'amd64', os.version: '10.0', java.version: '19.0.1'
Driver info: org.openqa.selenium.support.events.EventFiringWebDriver
Capabilities {acceptInsecureCerts: true, browserName: chrome, browserVersion: 123.0.6312.123, chrome: {chromedriverVersion: 123.0.6312.122 (31f8248cdd9..., userDataDir: C:\Users\dP-PL\AppData\Loca...}, fedcm:accounts: true, goog:chromeOptions: {debuggerAddress: localhost:51256}, javascriptEnabled: true, networkConnectionEnabled: false, pageLoadStrategy: normal, platform: WINDOWS, platformName: WINDOWS, proxy: Proxy(), setWindowRect: true, strictFileInteractability: false, timeouts: {implicit: 0, pageLoad: 300000, script: 30000}, unhandledPromptBehavior: dismiss and notify, webauthn:extension:credBlob: true, webauthn:extension:largeBlob: true, webauthn:extension:minPinLength: true, webauthn:extension:prf: true, webauthn:virtualAuthenticators: true}
Session ID: a59c4df4811f82049fe754efe723d3c1
2024-04-17 18:32:56,176 [main] INFO  base.BaseClass - Trying to find Element By {by.toString()})
2024-04-17 18:32:56,187 [main] INFO  base.BaseClass - Found Element By {by.toString()}
2024-04-17 18:32:56,187 [main] INFO  base.BaseClass - Trying to click on: {element.toString()}
2024-04-17 18:32:56,264 [main] INFO  base.BaseClass - Clicked on: {element.toString()}
2024-04-17 18:32:56,272 [main] INFO  base.BaseClass - Trying to find Element By {by.toString()})
2024-04-17 18:32:56,287 [main] INFO  base.BaseClass - Found Element By {by.toString()}
2024-04-17 18:32:56,804 [main] INFO  base.BaseClass - Trying to find Element By {by.toString()})
2024-04-17 18:32:57,197 [main] INFO  base.BaseClass - Found Element By {by.toString()}
2024-04-17 18:32:57,735 [main] INFO  base.BaseClass - Trying to find Element By {by.toString()})
2024-04-17 18:32:57,759 [main] INFO  base.BaseClass - Found Element By {by.toString()}
2024-04-17 18:32:58,280 [main] INFO  base.BaseClass - Trying to find Element By {by.toString()})
2024-04-17 18:32:58,293 [main] INFO  base.BaseClass - Found Element By {by.toString()}
2024-04-17 18:32:58,825 [main] INFO  base.BaseClass - Trying to find Element By {by.toString()})
2024-04-17 18:32:58,848 [main] INFO  base.BaseClass - Found Element By {by.toString()}
2024-04-17 18:32:59,399 [main] INFO  base.BaseClass - Trying to find Element By {by.toString()})
2024-04-17 18:32:59,432 [main] INFO  base.BaseClass - Found Element By {by.toString()}
2024-04-17 18:33:00,006 [main] INFO  base.BaseClass - Trying to find Element By {by.toString()})
2024-04-17 18:33:00,026 [main] INFO  base.BaseClass - Found Element By {by.toString()}
2024-04-17 18:33:00,550 [main] INFO  base.BaseClass - Trying to find Element By {by.toString()})
2024-04-17 18:33:00,574 [main] INFO  base.BaseClass - Found Element By {by.toString()}
2024-04-17 18:33:01,098 [main] INFO  base.BaseClass - Trying to find Element By {by.toString()})
2024-04-17 18:33:01,128 [main] INFO  base.BaseClass - Found Element By {by.toString()}
2024-04-17 18:33:01,657 [main] INFO  base.BaseClass - Trying to find Element By {by.toString()})
2024-04-17 18:33:01,684 [main] INFO  base.BaseClass - Found Element By {by.toString()}
2024-04-17 18:33:02,219 [main] INFO  base.BaseClass - Trying to find Element By {by.toString()})
2024-04-17 18:33:02,247 [main] INFO  base.BaseClass - Found Element By {by.toString()}
2024-04-17 18:33:02,778 [main] INFO  base.BaseClass - Trying to find Element By {by.toString()})
2024-04-17 18:33:02,802 [main] INFO  base.BaseClass - Found Element By {by.toString()}
2024-04-17 18:33:03,337 [main] INFO  base.BaseClass - Trying to find Element By {by.toString()})
2024-04-17 18:33:03,358 [main] INFO  base.BaseClass - Found Element By {by.toString()}
2024-04-17 18:33:03,881 [main] INFO  base.BaseClass - Trying to find Element By {by.toString()})
2024-04-17 18:33:03,907 [main] INFO  base.BaseClass - Found Element By {by.toString()}
2024-04-17 18:33:04,438 [main] INFO  base.BaseClass - Trying to find Element By {by.toString()})
2024-04-17 18:33:04,458 [main] INFO  base.BaseClass - Found Element By {by.toString()}
2024-04-17 18:33:04,983 [main] INFO  base.BaseClass - Trying to find Element By {by.toString()})
2024-04-17 18:33:05,008 [main] INFO  base.BaseClass - Found Element By {by.toString()}
2024-04-17 18:33:05,543 [main] INFO  base.BaseClass - Trying to find Element By {by.toString()})
2024-04-17 18:33:05,561 [main] INFO  base.BaseClass - Found Element By {by.toString()}
2024-04-17 18:33:06,084 [main] INFO  base.BaseClass - Trying to find Element By {by.toString()})
2024-04-17 18:33:06,114 [main] INFO  base.BaseClass - Found Element By {by.toString()}
2024-04-17 18:33:06,646 [main] INFO  base.BaseClass - Trying to find Element By {by.toString()})
2024-04-17 18:33:06,666 [main] INFO  base.BaseClass - Found Element By {by.toString()}
2024-04-17 18:33:07,192 [main] INFO  base.BaseClass - Trying to find Element By {by.toString()})
2024-04-17 18:33:07,204 [main] INFO  base.BaseClass - Found Element By {by.toString()}
2024-04-17 18:33:07,735 [main] INFO  base.BaseClass - Trying to find Element By {by.toString()})
2024-04-17 18:33:07,777 [main] INFO  base.BaseClass - Found Element By {by.toString()}
2024-04-17 18:33:08,298 [main] INFO  base.BaseClass - Trying to find Element By {by.toString()})
2024-04-17 18:33:08,319 [main] INFO  base.BaseClass - Found Element By {by.toString()}
2024-04-17 18:33:08,856 [main] INFO  base.BaseClass - Trying to find Element By {by.toString()})
2024-04-17 18:33:08,875 [main] INFO  base.BaseClass - Found Element By {by.toString()}
2024-04-17 18:33:09,415 [main] INFO  base.BaseClass - Trying to find Element By {by.toString()})
2024-04-17 18:33:09,435 [main] INFO  base.BaseClass - Found Element By {by.toString()}
2024-04-17 18:33:09,962 [main] INFO  base.BaseClass - Trying to find Element By {by.toString()})
2024-04-17 18:33:09,991 [main] INFO  base.BaseClass - Found Element By {by.toString()}
2024-04-17 18:33:10,522 [main] INFO  base.BaseClass - Trying to find Element By {by.toString()})
2024-04-17 18:33:10,551 [main] INFO  base.BaseClass - Found Element By {by.toString()}
2024-04-17 18:33:11,084 [main] INFO  base.BaseClass - Trying to find Element By {by.toString()})
2024-04-17 18:33:11,098 [main] INFO  base.BaseClass - Found Element By {by.toString()}
2024-04-17 18:33:11,629 [main] INFO  base.BaseClass - Trying to find Element By {by.toString()})
2024-04-17 18:33:11,649 [main] INFO  base.BaseClass - Found Element By {by.toString()}
2024-04-17 18:33:12,204 [main] INFO  base.BaseClass - Trying to find Element By {by.toString()})
2024-04-17 18:33:12,221 [main] INFO  base.BaseClass - Found Element By {by.toString()}
2024-04-17 18:33:12,747 [main] INFO  base.BaseClass - Trying to find Element By {by.toString()})
2024-04-17 18:33:12,764 [main] INFO  base.BaseClass - Found Element By {by.toString()}
2024-04-17 18:33:13,292 [main] INFO  base.BaseClass - Trying to find Element By {by.toString()})
2024-04-17 18:33:13,314 [main] INFO  base.BaseClass - Found Element By {by.toString()}
2024-04-17 18:33:13,851 [main] INFO  base.BaseClass - Trying to find Element By {by.toString()})
2024-04-17 18:33:13,878 [main] INFO  base.BaseClass - Found Element By {by.toString()}
2024-04-17 18:33:14,411 [main] INFO  base.BaseClass - Trying to find Element By {by.toString()})
2024-04-17 18:33:14,439 [main] INFO  base.BaseClass - Found Element By {by.toString()}
2024-04-17 18:33:14,970 [main] INFO  base.BaseClass - Trying to find Element By {by.toString()})
2024-04-17 18:33:14,996 [main] INFO  base.BaseClass - Found Element By {by.toString()}
2024-04-17 18:33:15,532 [main] INFO  base.BaseClass - Trying to find Element By {by.toString()})
2024-04-17 18:33:15,556 [main] INFO  base.BaseClass - Found Element By {by.toString()}
2024-04-17 18:33:16,091 [main] INFO  base.BaseClass - Trying to find Element By {by.toString()})
2024-04-17 18:33:16,111 [main] INFO  base.BaseClass - Found Element By {by.toString()}
2024-04-17 18:33:16,635 [main] INFO  base.BaseClass - Trying to find Element By {by.toString()})
2024-04-17 18:33:16,661 [main] INFO  base.BaseClass - Found Element By {by.toString()}
2024-04-17 18:33:17,197 [main] INFO  base.BaseClass - Trying to find Element By {by.toString()})
2024-04-17 18:33:17,213 [main] INFO  base.BaseClass - Found Element By {by.toString()}
2024-04-17 18:33:17,740 [main] INFO  base.BaseClass - Trying to find Element By {by.toString()})
2024-04-17 18:33:17,768 [main] INFO  base.BaseClass - Found Element By {by.toString()}
2024-04-17 18:33:18,301 [main] INFO  base.BaseClass - Trying to find Element By {by.toString()})
2024-04-17 18:33:18,325 [main] INFO  base.BaseClass - Found Element By {by.toString()}
2024-04-17 18:33:18,861 [main] INFO  base.BaseClass - Trying to find Element By {by.toString()})
2024-04-17 18:33:18,874 [main] INFO  base.BaseClass - Found Element By {by.toString()}
2024-04-17 18:33:19,405 [main] INFO  base.BaseClass - Trying to find Element By {by.toString()})
2024-04-17 18:33:19,430 [main] INFO  base.BaseClass - Found Element By {by.toString()}
2024-04-17 18:33:20,030 [main] INFO  base.BaseClass - Trying to find Element By {by.toString()})
2024-04-17 18:33:20,055 [main] INFO  base.BaseClass - Found Element By {by.toString()}
2024-04-17 18:33:20,589 [main] INFO  base.BaseClass - Trying to find Element By {by.toString()})
2024-04-17 18:33:20,614 [main] INFO  base.BaseClass - Found Element By {by.toString()}
2024-04-17 18:33:21,148 [main] INFO  base.BaseClass - Trying to find Element By {by.toString()})
2024-04-17 18:33:21,162 [main] INFO  base.BaseClass - Found Element By {by.toString()}
2024-04-17 18:33:21,691 [main] INFO  base.BaseClass - Trying to find Element By {by.toString()})
2024-04-17 18:33:21,716 [main] INFO  base.BaseClass - Found Element By {by.toString()}
2024-04-17 18:33:22,250 [main] INFO  base.BaseClass - Trying to find Element By {by.toString()})
2024-04-17 18:33:22,275 [main] INFO  base.BaseClass - Found Element By {by.toString()}
2024-04-17 18:33:22,808 [main] INFO  base.BaseClass - Trying to find Element By {by.toString()})
2024-04-17 18:33:22,826 [main] INFO  base.BaseClass - Found Element By {by.toString()}
2024-04-17 18:33:23,354 [main] INFO  base.BaseClass - Trying to find Element By {by.toString()})
2024-04-17 18:33:23,377 [main] INFO  base.BaseClass - Found Element By {by.toString()}
2024-04-17 18:33:23,911 [main] INFO  base.BaseClass - Trying to find Element By {by.toString()})
2024-04-17 18:33:23,927 [main] INFO  base.BaseClass - Found Element By {by.toString()}
2024-04-17 18:33:24,454 [main] INFO  base.BaseClass - Trying to find Element By {by.toString()})
2024-04-17 18:33:24,469 [main] INFO  base.BaseClass - Found Element By {by.toString()}
2024-04-17 18:33:24,996 [main] INFO  base.BaseClass - Trying to find Element By {by.toString()})
2024-04-17 18:33:25,016 [main] INFO  base.BaseClass - Found Element By {by.toString()}
2024-04-17 18:33:25,540 [main] INFO  base.BaseClass - Trying to find Element By {by.toString()})
2024-04-17 18:33:25,566 [main] INFO  base.BaseClass - Found Element By {by.toString()}
2024-04-17 18:33:26,102 [main] INFO  base.BaseClass - Trying to find Element By {by.toString()})
2024-04-17 18:33:26,126 [main] INFO  base.BaseClass - Found Element By {by.toString()}
2024-04-17 18:33:26,662 [main] INFO  base.BaseClass - Trying to find Element By {by.toString()})
2024-04-17 18:33:26,682 [main] INFO  base.BaseClass - Found Element By {by.toString()}
TimeoutException occurred: Expected condition failed: waiting for helper.WaitUtility$5@358858df (tried for 30 second(s) with 500 milliseconds interval)
Build info: version: '3.141.59', revision: 'e82be7d358', time: '2018-11-14T08:17:03'
System info: host: 'DPLAP166', ip: '137.237.2.236', os.name: 'Windows 10', os.arch: 'amd64', os.version: '10.0', java.version: '19.0.1'
Driver info: org.openqa.selenium.support.events.EventFiringWebDriver
Capabilities {acceptInsecureCerts: true, browserName: chrome, browserVersion: 123.0.6312.123, chrome: {chromedriverVersion: 123.0.6312.122 (31f8248cdd9..., userDataDir: C:\Users\dP-PL\AppData\Loca...}, fedcm:accounts: true, goog:chromeOptions: {debuggerAddress: localhost:51256}, javascriptEnabled: true, networkConnectionEnabled: false, pageLoadStrategy: normal, platform: WINDOWS, platformName: WINDOWS, proxy: Proxy(), setWindowRect: true, strictFileInteractability: false, timeouts: {implicit: 0, pageLoad: 300000, script: 30000}, unhandledPromptBehavior: dismiss and notify, webauthn:extension:credBlob: true, webauthn:extension:largeBlob: true, webauthn:extension:minPinLength: true, webauthn:extension:prf: true, webauthn:virtualAuthenticators: true}
Session ID: a59c4df4811f82049fe754efe723d3c1
2024-04-17 18:33:26,704 [main] ERROR RotationCopy_test - Element did not become visible within the specified time: Expected condition failed: waiting for helper.WaitUtility$5@358858df (tried for 30 second(s) with 500 milliseconds interval)
Build info: version: '3.141.59', revision: 'e82be7d358', time: '2018-11-14T08:17:03'
System info: host: 'DPLAP166', ip: '137.237.2.236', os.name: 'Windows 10', os.arch: 'amd64', os.version: '10.0', java.version: '19.0.1'
Driver info: org.openqa.selenium.support.events.EventFiringWebDriver
Capabilities {acceptInsecureCerts: true, browserName: chrome, browserVersion: 123.0.6312.123, chrome: {chromedriverVersion: 123.0.6312.122 (31f8248cdd9..., userDataDir: C:\Users\dP-PL\AppData\Loca...}, fedcm:accounts: true, goog:chromeOptions: {debuggerAddress: localhost:51256}, javascriptEnabled: true, networkConnectionEnabled: false, pageLoadStrategy: normal, platform: WINDOWS, platformName: WINDOWS, proxy: Proxy(), setWindowRect: true, strictFileInteractability: false, timeouts: {implicit: 0, pageLoad: 300000, script: 30000}, unhandledPromptBehavior: dismiss and notify, webauthn:extension:credBlob: true, webauthn:extension:largeBlob: true, webauthn:extension:minPinLength: true, webauthn:extension:prf: true, webauthn:virtualAuthenticators: true}
Session ID: a59c4df4811f82049fe754efe723d3c1
2024-04-17 18:33:26,704 [main] INFO  base.BaseClass - Trying to find Element By {by.toString()})
2024-04-17 18:33:26,716 [main] INFO  base.BaseClass - Found Element By {by.toString()}
2024-04-17 18:33:26,716 [main] INFO  base.BaseClass - Trying to click on: {element.toString()}
2024-04-17 18:33:26,861 [main] INFO  base.BaseClass - Clicked on: {element.toString()}
2024-04-17 18:33:26,861 [main] INFO  base.BaseClass - Trying to find Element By {by.toString()})
2024-04-17 18:33:27,806 [main] INFO  base.BaseClass - Found Element By {by.toString()}
2024-04-17 18:33:28,339 [main] INFO  base.BaseClass - Trying to find Element By {by.toString()})
2024-04-17 18:33:28,368 [main] INFO  base.BaseClass - Found Element By {by.toString()}
2024-04-17 18:33:28,898 [main] INFO  base.BaseClass - Trying to find Element By {by.toString()})
2024-04-17 18:33:28,920 [main] INFO  base.BaseClass - Found Element By {by.toString()}
2024-04-17 18:33:29,453 [main] INFO  base.BaseClass - Trying to find Element By {by.toString()})
2024-04-17 18:33:29,466 [main] INFO  base.BaseClass - Found Element By {by.toString()}
2024-04-17 18:33:29,998 [main] INFO  base.BaseClass - Trying to find Element By {by.toString()})
2024-04-17 18:33:30,030 [main] INFO  base.BaseClass - Found Element By {by.toString()}
2024-04-17 18:33:30,559 [main] INFO  base.BaseClass - Trying to find Element By {by.toString()})
2024-04-17 18:33:30,573 [main] INFO  base.BaseClass - Found Element By {by.toString()}
2024-04-17 18:33:31,103 [main] INFO  base.BaseClass - Trying to find Element By {by.toString()})
2024-04-17 18:33:31,131 [main] INFO  base.BaseClass - Found Element By {by.toString()}
2024-04-17 18:33:31,668 [main] INFO  base.BaseClass - Trying to find Element By {by.toString()})
2024-04-17 18:33:31,693 [main] INFO  base.BaseClass - Found Element By {by.toString()}
2024-04-17 18:33:32,226 [main] INFO  base.BaseClass - Trying to find Element By {by.toString()})
2024-04-17 18:33:32,248 [main] INFO  base.BaseClass - Found Element By {by.toString()}
2024-04-17 18:33:32,783 [main] INFO  base.BaseClass - Trying to find Element By {by.toString()})
2024-04-17 18:33:32,794 [main] INFO  base.BaseClass - Found Element By {by.toString()}
2024-04-17 18:33:33,313 [main] INFO  base.BaseClass - Trying to find Element By {by.toString()})
2024-04-17 18:33:33,332 [main] INFO  base.BaseClass - Found Element By {by.toString()}
2024-04-17 18:33:33,859 [main] INFO  base.BaseClass - Trying to find Element By {by.toString()})
2024-04-17 18:33:33,881 [main] INFO  base.BaseClass - Found Element By {by.toString()}
2024-04-17 18:33:34,419 [main] INFO  base.BaseClass - Trying to find Element By {by.toString()})
2024-04-17 18:33:34,440 [main] INFO  base.BaseClass - Found Element By {by.toString()}
2024-04-17 18:33:34,977 [main] INFO  base.BaseClass - Trying to find Element By {by.toString()})
2024-04-17 18:33:35,000 [main] INFO  base.BaseClass - Found Element By {by.toString()}
2024-04-17 18:33:35,537 [main] INFO  base.BaseClass - Trying to find Element By {by.toString()})
2024-04-17 18:33:35,564 [main] INFO  base.BaseClass - Found Element By {by.toString()}
2024-04-17 18:33:36,095 [main] INFO  base.BaseClass - Trying to find Element By {by.toString()})
2024-04-17 18:33:36,114 [main] INFO  base.BaseClass - Found Element By {by.toString()}
2024-04-17 18:33:36,642 [main] INFO  base.BaseClass - Trying to find Element By {by.toString()})
2024-04-17 18:33:36,675 [main] INFO  base.BaseClass - Found Element By {by.toString()}
2024-04-17 18:33:37,218 [main] INFO  base.BaseClass - Trying to find Element By {by.toString()})
2024-04-17 18:33:37,239 [main] INFO  base.BaseClass - Found Element By {by.toString()}
2024-04-17 18:33:37,763 [main] INFO  base.BaseClass - Trying to find Element By {by.toString()})
2024-04-17 18:33:37,793 [main] INFO  base.BaseClass - Found Element By {by.toString()}
2024-04-17 18:33:38,324 [main] INFO  base.BaseClass - Trying to find Element By {by.toString()})
2024-04-17 18:33:38,341 [main] INFO  base.BaseClass - Found Element By {by.toString()}
2024-04-17 18:33:38,883 [main] INFO  base.BaseClass - Trying to find Element By {by.toString()})
2024-04-17 18:33:38,905 [main] INFO  base.BaseClass - Found Element By {by.toString()}
2024-04-17 18:33:39,437 [main] INFO  base.BaseClass - Trying to find Element By {by.toString()})
2024-04-17 18:33:39,523 [main] INFO  base.BaseClass - Found Element By {by.toString()}
2024-04-17 18:33:40,056 [main] INFO  base.BaseClass - Trying to find Element By {by.toString()})
2024-04-17 18:33:40,086 [main] INFO  base.BaseClass - Found Element By {by.toString()}
2024-04-17 18:33:40,603 [main] INFO  base.BaseClass - Trying to find Element By {by.toString()})
2024-04-17 18:33:40,624 [main] INFO  base.BaseClass - Found Element By {by.toString()}
2024-04-17 18:33:41,148 [main] INFO  base.BaseClass - Trying to find Element By {by.toString()})
2024-04-17 18:33:41,184 [main] INFO  base.BaseClass - Found Element By {by.toString()}
2024-04-17 18:33:41,721 [main] INFO  base.BaseClass - Trying to find Element By {by.toString()})
2024-04-17 18:33:41,746 [main] INFO  base.BaseClass - Found Element By {by.toString()}
2024-04-17 18:33:42,282 [main] INFO  base.BaseClass - Trying to find Element By {by.toString()})
2024-04-17 18:33:42,313 [main] INFO  base.BaseClass - Found Element By {by.toString()}
2024-04-17 18:33:42,841 [main] INFO  base.BaseClass - Trying to find Element By {by.toString()})
2024-04-17 18:33:42,853 [main] INFO  base.BaseClass - Found Element By {by.toString()}
2024-04-17 18:33:43,383 [main] INFO  base.BaseClass - Trying to find Element By {by.toString()})
2024-04-17 18:33:43,394 [main] INFO  base.BaseClass - Found Element By {by.toString()}
2024-04-17 18:33:43,911 [main] INFO  base.BaseClass - Trying to find Element By {by.toString()})
2024-04-17 18:33:43,926 [main] INFO  base.BaseClass - Found Element By {by.toString()}
2024-04-17 18:33:44,451 [main] INFO  base.BaseClass - Trying to find Element By {by.toString()})
2024-04-17 18:33:44,473 [main] INFO  base.BaseClass - Found Element By {by.toString()}
2024-04-17 18:33:45,009 [main] INFO  base.BaseClass - Trying to find Element By {by.toString()})
2024-04-17 18:33:45,031 [main] INFO  base.BaseClass - Found Element By {by.toString()}
2024-04-17 18:33:45,567 [main] INFO  base.BaseClass - Trying to find Element By {by.toString()})
2024-04-17 18:33:45,588 [main] INFO  base.BaseClass - Found Element By {by.toString()}
2024-04-17 18:33:46,125 [main] INFO  base.BaseClass - Trying to find Element By {by.toString()})
2024-04-17 18:33:46,148 [main] INFO  base.BaseClass - Found Element By {by.toString()}
2024-04-17 18:33:46,684 [main] INFO  base.BaseClass - Trying to find Element By {by.toString()})
2024-04-17 18:33:46,710 [main] INFO  base.BaseClass - Found Element By {by.toString()}
2024-04-17 18:33:47,244 [main] INFO  base.BaseClass - Trying to find Element By {by.toString()})
2024-04-17 18:33:47,265 [main] INFO  base.BaseClass - Found Element By {by.toString()}
2024-04-17 18:33:47,802 [main] INFO  base.BaseClass - Trying to find Element By {by.toString()})
2024-04-17 18:33:47,913 [main] INFO  base.BaseClass - Found Element By {by.toString()}
2024-04-17 18:33:48,439 [main] INFO  base.BaseClass - Trying to find Element By {by.toString()})
2024-04-17 18:33:48,471 [main] INFO  base.BaseClass - Found Element By {by.toString()}
2024-04-17 18:33:49,001 [main] INFO  base.BaseClass - Trying to find Element By {by.toString()})
2024-04-17 18:33:49,038 [main] INFO  base.BaseClass - Found Element By {by.toString()}
2024-04-17 18:33:49,593 [main] INFO  base.BaseClass - Trying to find Element By {by.toString()})
2024-04-17 18:33:49,623 [main] INFO  base.BaseClass - Found Element By {by.toString()}
2024-04-17 18:33:50,156 [main] INFO  base.BaseClass - Trying to find Element By {by.toString()})
2024-04-17 18:33:50,171 [main] INFO  base.BaseClass - Found Element By {by.toString()}
2024-04-17 18:33:50,700 [main] INFO  base.BaseClass - Trying to find Element By {by.toString()})
2024-04-17 18:33:50,711 [main] INFO  base.BaseClass - Found Element By {by.toString()}
2024-04-17 18:33:51,229 [main] INFO  base.BaseClass - Trying to find Element By {by.toString()})
2024-04-17 18:33:51,253 [main] INFO  base.BaseClass - Found Element By {by.toString()}
2024-04-17 18:33:51,791 [main] INFO  base.BaseClass - Trying to find Element By {by.toString()})
2024-04-17 18:33:51,827 [main] INFO  base.BaseClass - Found Element By {by.toString()}
2024-04-17 18:33:52,366 [main] INFO  base.BaseClass - Trying to find Element By {by.toString()})
2024-04-17 18:33:52,386 [main] INFO  base.BaseClass - Found Element By {by.toString()}
2024-04-17 18:33:52,912 [main] INFO  base.BaseClass - Trying to find Element By {by.toString()})
2024-04-17 18:33:52,933 [main] INFO  base.BaseClass - Found Element By {by.toString()}
2024-04-17 18:33:53,470 [main] INFO  base.BaseClass - Trying to find Element By {by.toString()})
2024-04-17 18:33:53,525 [main] INFO  base.BaseClass - Found Element By {by.toString()}
2024-04-17 18:33:54,063 [main] INFO  base.BaseClass - Trying to find Element By {by.toString()})
2024-04-17 18:33:54,081 [main] INFO  base.BaseClass - Found Element By {by.toString()}
2024-04-17 18:33:54,605 [main] INFO  base.BaseClass - Trying to find Element By {by.toString()})
2024-04-17 18:33:54,624 [main] INFO  base.BaseClass - Found Element By {by.toString()}
2024-04-17 18:33:55,150 [main] INFO  base.BaseClass - Trying to find Element By {by.toString()})
2024-04-17 18:33:55,181 [main] INFO  base.BaseClass - Found Element By {by.toString()}
2024-04-17 18:33:55,711 [main] INFO  base.BaseClass - Trying to find Element By {by.toString()})
2024-04-17 18:33:55,732 [main] INFO  base.BaseClass - Found Element By {by.toString()}
2024-04-17 18:33:56,271 [main] INFO  base.BaseClass - Trying to find Element By {by.toString()})
2024-04-17 18:33:56,298 [main] INFO  base.BaseClass - Found Element By {by.toString()}
2024-04-17 18:33:56,833 [main] INFO  base.BaseClass - Trying to find Element By {by.toString()})
2024-04-17 18:33:56,855 [main] INFO  base.BaseClass - Found Element By {by.toString()}
TimeoutException occurred: Expected condition failed: waiting for helper.WaitUtility$5@396d23b4 (tried for 30 second(s) with 500 milliseconds interval)
Build info: version: '3.141.59', revision: 'e82be7d358', time: '2018-11-14T08:17:03'
System info: host: 'DPLAP166', ip: '137.237.2.236', os.name: 'Windows 10', os.arch: 'amd64', os.version: '10.0', java.version: '19.0.1'
Driver info: org.openqa.selenium.support.events.EventFiringWebDriver
Capabilities {acceptInsecureCerts: true, browserName: chrome, browserVersion: 123.0.6312.123, chrome: {chromedriverVersion: 123.0.6312.122 (31f8248cdd9..., userDataDir: C:\Users\dP-PL\AppData\Loca...}, fedcm:accounts: true, goog:chromeOptions: {debuggerAddress: localhost:51256}, javascriptEnabled: true, networkConnectionEnabled: false, pageLoadStrategy: normal, platform: WINDOWS, platformName: WINDOWS, proxy: Proxy(), setWindowRect: true, strictFileInteractability: false, timeouts: {implicit: 0, pageLoad: 300000, script: 30000}, unhandledPromptBehavior: dismiss and notify, webauthn:extension:credBlob: true, webauthn:extension:largeBlob: true, webauthn:extension:minPinLength: true, webauthn:extension:prf: true, webauthn:virtualAuthenticators: true}
Session ID: a59c4df4811f82049fe754efe723d3c1
2024-04-17 18:33:56,885 [main] ERROR RotationCopy_test - Element did not become visible within the specified time: Expected condition failed: waiting for helper.WaitUtility$5@396d23b4 (tried for 30 second(s) with 500 milliseconds interval)
Build info: version: '3.141.59', revision: 'e82be7d358', time: '2018-11-14T08:17:03'
System info: host: 'DPLAP166', ip: '137.237.2.236', os.name: 'Windows 10', os.arch: 'amd64', os.version: '10.0', java.version: '19.0.1'
Driver info: org.openqa.selenium.support.events.EventFiringWebDriver
Capabilities {acceptInsecureCerts: true, browserName: chrome, browserVersion: 123.0.6312.123, chrome: {chromedriverVersion: 123.0.6312.122 (31f8248cdd9..., userDataDir: C:\Users\dP-PL\AppData\Loca...}, fedcm:accounts: true, goog:chromeOptions: {debuggerAddress: localhost:51256}, javascriptEnabled: true, networkConnectionEnabled: false, pageLoadStrategy: normal, platform: WINDOWS, platformName: WINDOWS, proxy: Proxy(), setWindowRect: true, strictFileInteractability: false, timeouts: {implicit: 0, pageLoad: 300000, script: 30000}, unhandledPromptBehavior: dismiss and notify, webauthn:extension:credBlob: true, webauthn:extension:largeBlob: true, webauthn:extension:minPinLength: true, webauthn:extension:prf: true, webauthn:virtualAuthenticators: true}
Session ID: a59c4df4811f82049fe754efe723d3c1
2024-04-17 18:33:56,885 [main] INFO  base.BaseClass - Trying to find Element By {by.toString()})
2024-04-17 18:33:56,904 [main] INFO  base.BaseClass - Found Element By {by.toString()}
2024-04-17 18:33:56,904 [main] INFO  base.BaseClass - Trying to click on: {element.toString()}
2024-04-17 18:33:56,995 [main] INFO  base.BaseClass - Clicked on: {element.toString()}
2024-04-17 18:33:56,995 [main] INFO  base.BaseClass - Trying to find Element By {by.toString()})
2024-04-17 18:33:57,011 [main] INFO  base.BaseClass - Found Element By {by.toString()}
2024-04-17 18:33:57,532 [main] INFO  base.BaseClass - Trying to find Element By {by.toString()})
2024-04-17 18:33:57,556 [main] INFO  base.BaseClass - Found Element By {by.toString()}
2024-04-17 18:33:58,081 [main] INFO  base.BaseClass - Trying to find Element By {by.toString()})
2024-04-17 18:33:58,097 [main] INFO  base.BaseClass - Found Element By {by.toString()}
2024-04-17 18:33:58,624 [main] INFO  base.BaseClass - Trying to find Element By {by.toString()})
2024-04-17 18:33:58,649 [main] INFO  base.BaseClass - Found Element By {by.toString()}
2024-04-17 18:33:59,181 [main] INFO  base.BaseClass - Trying to find Element By {by.toString()})
2024-04-17 18:33:59,200 [main] INFO  base.BaseClass - Found Element By {by.toString()}
2024-04-17 18:33:59,726 [main] INFO  base.BaseClass - Trying to find Element By {by.toString()})
2024-04-17 18:33:59,746 [main] INFO  base.BaseClass - Found Element By {by.toString()}
2024-04-17 18:34:00,272 [main] INFO  base.BaseClass - Trying to find Element By {by.toString()})
2024-04-17 18:34:00,301 [main] INFO  base.BaseClass - Found Element By {by.toString()}
2024-04-17 18:34:00,834 [main] INFO  base.BaseClass - Trying to find Element By {by.toString()})
2024-04-17 18:34:00,858 [main] INFO  base.BaseClass - Found Element By {by.toString()}
2024-04-17 18:34:01,394 [main] INFO  base.BaseClass - Trying to find Element By {by.toString()})
2024-04-17 18:34:01,426 [main] INFO  base.BaseClass - Found Element By {by.toString()}
2024-04-17 18:34:01,955 [main] INFO  base.BaseClass - Trying to find Element By {by.toString()})
2024-04-17 18:34:01,978 [main] INFO  base.BaseClass - Found Element By {by.toString()}
2024-04-17 18:34:02,514 [main] INFO  base.BaseClass - Trying to find Element By {by.toString()})
2024-04-17 18:34:02,541 [main] INFO  base.BaseClass - Found Element By {by.toString()}
2024-04-17 18:34:03,072 [main] INFO  base.BaseClass - Trying to find Element By {by.toString()})
2024-04-17 18:34:03,105 [main] INFO  base.BaseClass - Found Element By {by.toString()}
2024-04-17 18:34:03,648 [main] INFO  base.BaseClass - Trying to find Element By {by.toString()})
2024-04-17 18:34:03,661 [main] INFO  base.BaseClass - Found Element By {by.toString()}
2024-04-17 18:34:04,191 [main] INFO  base.BaseClass - Trying to find Element By {by.toString()})
2024-04-17 18:34:04,203 [main] INFO  base.BaseClass - Found Element By {by.toString()}
2024-04-17 18:34:04,720 [main] INFO  base.BaseClass - Trying to find Element By {by.toString()})
2024-04-17 18:34:04,737 [main] INFO  base.BaseClass - Found Element By {by.toString()}
2024-04-17 18:34:05,264 [main] INFO  base.BaseClass - Trying to find Element By {by.toString()})
2024-04-17 18:34:05,318 [main] INFO  base.BaseClass - Found Element By {by.toString()}
2024-04-17 18:34:05,855 [main] INFO  base.BaseClass - Trying to find Element By {by.toString()})
2024-04-17 18:34:05,878 [main] INFO  base.BaseClass - Found Element By {by.toString()}
2024-04-17 18:34:06,413 [main] INFO  base.BaseClass - Trying to find Element By {by.toString()})
2024-04-17 18:34:06,436 [main] INFO  base.BaseClass - Found Element By {by.toString()}
2024-04-17 18:34:06,969 [main] INFO  base.BaseClass - Trying to find Element By {by.toString()})
2024-04-17 18:34:07,001 [main] INFO  base.BaseClass - Found Element By {by.toString()}
2024-04-17 18:34:07,531 [main] INFO  base.BaseClass - Trying to find Element By {by.toString()})
2024-04-17 18:34:07,557 [main] INFO  base.BaseClass - Found Element By {by.toString()}
2024-04-17 18:34:08,090 [main] INFO  base.BaseClass - Trying to find Element By {by.toString()})
2024-04-17 18:34:08,116 [main] INFO  base.BaseClass - Found Element By {by.toString()}
2024-04-17 18:34:08,648 [main] INFO  base.BaseClass - Trying to find Element By {by.toString()})
2024-04-17 18:34:08,672 [main] INFO  base.BaseClass - Found Element By {by.toString()}
2024-04-17 18:34:09,204 [main] INFO  base.BaseClass - Trying to find Element By {by.toString()})
2024-04-17 18:34:09,235 [main] INFO  base.BaseClass - Found Element By {by.toString()}
2024-04-17 18:34:09,778 [main] INFO  base.BaseClass - Trying to find Element By {by.toString()})
2024-04-17 18:34:09,802 [main] INFO  base.BaseClass - Found Element By {by.toString()}
2024-04-17 18:34:10,338 [main] INFO  base.BaseClass - Trying to find Element By {by.toString()})
2024-04-17 18:34:10,353 [main] INFO  base.BaseClass - Found Element By {by.toString()}
2024-04-17 18:34:10,880 [main] INFO  base.BaseClass - Trying to find Element By {by.toString()})
2024-04-17 18:34:10,906 [main] INFO  base.BaseClass - Found Element By {by.toString()}
2024-04-17 18:34:11,437 [main] INFO  base.BaseClass - Trying to find Element By {by.toString()})
2024-04-17 18:34:11,461 [main] INFO  base.BaseClass - Found Element By {by.toString()}
2024-04-17 18:34:11,995 [main] INFO  base.BaseClass - Trying to find Element By {by.toString()})
2024-04-17 18:34:12,020 [main] INFO  base.BaseClass - Found Element By {by.toString()}
2024-04-17 18:34:12,554 [main] INFO  base.BaseClass - Trying to find Element By {by.toString()})
2024-04-17 18:34:12,580 [main] INFO  base.BaseClass - Found Element By {by.toString()}
2024-04-17 18:34:13,111 [main] INFO  base.BaseClass - Trying to find Element By {by.toString()})
2024-04-17 18:34:13,132 [main] INFO  base.BaseClass - Found Element By {by.toString()}
2024-04-17 18:34:13,656 [main] INFO  base.BaseClass - Trying to find Element By {by.toString()})
2024-04-17 18:34:13,683 [main] INFO  base.BaseClass - Found Element By {by.toString()}
2024-04-17 18:34:14,215 [main] INFO  base.BaseClass - Trying to find Element By {by.toString()})
2024-04-17 18:34:14,249 [main] INFO  base.BaseClass - Found Element By {by.toString()}
2024-04-17 18:34:14,772 [main] INFO  base.BaseClass - Trying to find Element By {by.toString()})
2024-04-17 18:34:14,794 [main] INFO  base.BaseClass - Found Element By {by.toString()}
2024-04-17 18:34:15,321 [main] INFO  base.BaseClass - Trying to find Element By {by.toString()})
2024-04-17 18:34:15,338 [main] INFO  base.BaseClass - Found Element By {by.toString()}
2024-04-17 18:34:15,866 [main] INFO  base.BaseClass - Trying to find Element By {by.toString()})
2024-04-17 18:34:15,898 [main] INFO  base.BaseClass - Found Element By {by.toString()}
2024-04-17 18:34:16,434 [main] INFO  base.BaseClass - Trying to find Element By {by.toString()})
2024-04-17 18:34:16,456 [main] INFO  base.BaseClass - Found Element By {by.toString()}
2024-04-17 18:34:16,990 [main] INFO  base.BaseClass - Trying to find Element By {by.toString()})
2024-04-17 18:34:17,019 [main] INFO  base.BaseClass - Found Element By {by.toString()}
2024-04-17 18:34:17,554 [main] INFO  base.BaseClass - Trying to find Element By {by.toString()})
2024-04-17 18:34:17,583 [main] INFO  base.BaseClass - Found Element By {by.toString()}
2024-04-17 18:34:18,125 [main] INFO  base.BaseClass - Trying to find Element By {by.toString()})
2024-04-17 18:34:18,153 [main] INFO  base.BaseClass - Found Element By {by.toString()}
2024-04-17 18:34:18,685 [main] INFO  base.BaseClass - Trying to find Element By {by.toString()})
2024-04-17 18:34:18,701 [main] INFO  base.BaseClass - Found Element By {by.toString()}
2024-04-17 18:34:19,227 [main] INFO  base.BaseClass - Trying to find Element By {by.toString()})
2024-04-17 18:34:19,241 [main] INFO  base.BaseClass - Found Element By {by.toString()}
2024-04-17 18:34:19,772 [main] INFO  base.BaseClass - Trying to find Element By {by.toString()})
2024-04-17 18:34:19,795 [main] INFO  base.BaseClass - Found Element By {by.toString()}
2024-04-17 18:34:20,330 [main] INFO  base.BaseClass - Trying to find Element By {by.toString()})
2024-04-17 18:34:20,344 [main] INFO  base.BaseClass - Found Element By {by.toString()}
2024-04-17 18:34:20,872 [main] INFO  base.BaseClass - Trying to find Element By {by.toString()})
2024-04-17 18:34:20,894 [main] INFO  base.BaseClass - Found Element By {by.toString()}
2024-04-17 18:34:21,431 [main] INFO  base.BaseClass - Trying to find Element By {by.toString()})
2024-04-17 18:34:21,465 [main] INFO  base.BaseClass - Found Element By {by.toString()}
2024-04-17 18:34:21,992 [main] INFO  base.BaseClass - Trying to find Element By {by.toString()})
2024-04-17 18:34:22,013 [main] INFO  base.BaseClass - Found Element By {by.toString()}
2024-04-17 18:34:22,549 [main] INFO  base.BaseClass - Trying to find Element By {by.toString()})
2024-04-17 18:34:22,571 [main] INFO  base.BaseClass - Found Element By {by.toString()}
2024-04-17 18:34:23,105 [main] INFO  base.BaseClass - Trying to find Element By {by.toString()})
2024-04-17 18:34:23,138 [main] INFO  base.BaseClass - Found Element By {by.toString()}
2024-04-17 18:34:23,667 [main] INFO  base.BaseClass - Trying to find Element By {by.toString()})
2024-04-17 18:34:23,691 [main] INFO  base.BaseClass - Found Element By {by.toString()}
2024-04-17 18:34:24,227 [main] INFO  base.BaseClass - Trying to find Element By {by.toString()})
2024-04-17 18:34:24,255 [main] INFO  base.BaseClass - Found Element By {by.toString()}
2024-04-17 18:34:24,787 [main] INFO  base.BaseClass - Trying to find Element By {by.toString()})
2024-04-17 18:34:24,804 [main] INFO  base.BaseClass - Found Element By {by.toString()}
2024-04-17 18:34:25,332 [main] INFO  base.BaseClass - Trying to find Element By {by.toString()})
2024-04-17 18:34:25,350 [main] INFO  base.BaseClass - Found Element By {by.toString()}
2024-04-17 18:34:25,877 [main] INFO  base.BaseClass - Trying to find Element By {by.toString()})
2024-04-17 18:34:25,903 [main] INFO  base.BaseClass - Found Element By {by.toString()}
2024-04-17 18:34:26,437 [main] INFO  base.BaseClass - Trying to find Element By {by.toString()})
2024-04-17 18:34:26,456 [main] INFO  base.BaseClass - Found Element By {by.toString()}
2024-04-17 18:34:26,982 [main] INFO  base.BaseClass - Trying to find Element By {by.toString()})
2024-04-17 18:34:27,011 [main] INFO  base.BaseClass - Found Element By {by.toString()}
TimeoutException occurred: Expected condition failed: waiting for helper.WaitUtility$5@2f4c401c (tried for 30 second(s) with 500 milliseconds interval)
Build info: version: '3.141.59', revision: 'e82be7d358', time: '2018-11-14T08:17:03'
System info: host: 'DPLAP166', ip: '137.237.2.236', os.name: 'Windows 10', os.arch: 'amd64', os.version: '10.0', java.version: '19.0.1'
Driver info: org.openqa.selenium.support.events.EventFiringWebDriver
Capabilities {acceptInsecureCerts: true, browserName: chrome, browserVersion: 123.0.6312.123, chrome: {chromedriverVersion: 123.0.6312.122 (31f8248cdd9..., userDataDir: C:\Users\dP-PL\AppData\Loca...}, fedcm:accounts: true, goog:chromeOptions: {debuggerAddress: localhost:51256}, javascriptEnabled: true, networkConnectionEnabled: false, pageLoadStrategy: normal, platform: WINDOWS, platformName: WINDOWS, proxy: Proxy(), setWindowRect: true, strictFileInteractability: false, timeouts: {implicit: 0, pageLoad: 300000, script: 30000}, unhandledPromptBehavior: dismiss and notify, webauthn:extension:credBlob: true, webauthn:extension:largeBlob: true, webauthn:extension:minPinLength: true, webauthn:extension:prf: true, webauthn:virtualAuthenticators: true}
Session ID: a59c4df4811f82049fe754efe723d3c1
2024-04-17 18:34:27,031 [main] ERROR RotationCopy_test - Element did not become visible within the specified time: Expected condition failed: waiting for helper.WaitUtility$5@2f4c401c (tried for 30 second(s) with 500 milliseconds interval)
Build info: version: '3.141.59', revision: 'e82be7d358', time: '2018-11-14T08:17:03'
System info: host: 'DPLAP166', ip: '137.237.2.236', os.name: 'Windows 10', os.arch: 'amd64', os.version: '10.0', java.version: '19.0.1'
Driver info: org.openqa.selenium.support.events.EventFiringWebDriver
Capabilities {acceptInsecureCerts: true, browserName: chrome, browserVersion: 123.0.6312.123, chrome: {chromedriverVersion: 123.0.6312.122 (31f8248cdd9..., userDataDir: C:\Users\dP-PL\AppData\Loca...}, fedcm:accounts: true, goog:chromeOptions: {debuggerAddress: localhost:51256}, javascriptEnabled: true, networkConnectionEnabled: false, pageLoadStrategy: normal, platform: WINDOWS, platformName: WINDOWS, proxy: Proxy(), setWindowRect: true, strictFileInteractability: false, timeouts: {implicit: 0, pageLoad: 300000, script: 30000}, unhandledPromptBehavior: dismiss and notify, webauthn:extension:credBlob: true, webauthn:extension:largeBlob: true, webauthn:extension:minPinLength: true, webauthn:extension:prf: true, webauthn:virtualAuthenticators: true}
Session ID: a59c4df4811f82049fe754efe723d3c1
2024-04-17 18:34:27,032 [main] INFO  base.BaseClass - Trying to find Element By {by.toString()})
2024-04-17 18:34:27,044 [main] INFO  base.BaseClass - Found Element By {by.toString()}
2024-04-17 18:34:27,044 [main] INFO  base.BaseClass - Trying to click on: {element.toString()}
2024-04-17 18:34:27,181 [main] INFO  base.BaseClass - Clicked on: {element.toString()}
2024-04-17 18:34:27,188 [main] INFO  base.BaseClass - Trying to find Element By {by.toString()})
2024-04-17 18:34:27,262 [main] INFO  base.BaseClass - Found Element By {by.toString()}
2024-04-17 18:34:27,791 [main] INFO  base.BaseClass - Trying to find Element By {by.toString()})
2024-04-17 18:34:27,825 [main] INFO  base.BaseClass - Found Element By {by.toString()}
2024-04-17 18:34:28,366 [main] INFO  base.BaseClass - Trying to find Element By {by.toString()})
2024-04-17 18:34:28,393 [main] INFO  base.BaseClass - Found Element By {by.toString()}
2024-04-17 18:34:28,926 [main] INFO  base.BaseClass - Trying to find Element By {by.toString()})
2024-04-17 18:34:28,946 [main] INFO  base.BaseClass - Found Element By {by.toString()}
2024-04-17 18:34:29,464 [main] INFO  base.BaseClass - Trying to find Element By {by.toString()})
2024-04-17 18:34:29,489 [main] INFO  base.BaseClass - Found Element By {by.toString()}
2024-04-17 18:34:30,023 [main] INFO  base.BaseClass - Trying to find Element By {by.toString()})
2024-04-17 18:34:30,033 [main] INFO  base.BaseClass - Found Element By {by.toString()}
2024-04-17 18:34:30,553 [main] INFO  base.BaseClass - Trying to find Element By {by.toString()})
2024-04-17 18:34:30,569 [main] INFO  base.BaseClass - Found Element By {by.toString()}
2024-04-17 18:34:31,094 [main] INFO  base.BaseClass - Trying to find Element By {by.toString()})
2024-04-17 18:34:31,107 [main] INFO  base.BaseClass - Found Element By {by.toString()}
2024-04-17 18:34:31,632 [main] INFO  base.BaseClass - Trying to find Element By {by.toString()})
2024-04-17 18:34:31,650 [main] INFO  base.BaseClass - Found Element By {by.toString()}
2024-04-17 18:34:32,178 [main] INFO  base.BaseClass - Trying to find Element By {by.toString()})
2024-04-17 18:34:32,187 [main] INFO  base.BaseClass - Found Element By {by.toString()}
2024-04-17 18:34:32,709 [main] INFO  base.BaseClass - Trying to find Element By {by.toString()})
2024-04-17 18:34:32,733 [main] INFO  base.BaseClass - Found Element By {by.toString()}
2024-04-17 18:34:33,255 [main] INFO  base.BaseClass - Trying to find Element By {by.toString()})
2024-04-17 18:34:33,286 [main] INFO  base.BaseClass - Found Element By {by.toString()}
2024-04-17 18:34:33,813 [main] INFO  base.BaseClass - Trying to find Element By {by.toString()})
2024-04-17 18:34:33,832 [main] INFO  base.BaseClass - Found Element By {by.toString()}
2024-04-17 18:34:34,370 [main] INFO  base.BaseClass - Trying to find Element By {by.toString()})
2024-04-17 18:34:34,394 [main] INFO  base.BaseClass - Found Element By {by.toString()}
2024-04-17 18:34:34,931 [main] INFO  base.BaseClass - Trying to find Element By {by.toString()})
2024-04-17 18:34:34,955 [main] INFO  base.BaseClass - Found Element By {by.toString()}
2024-04-17 18:34:35,490 [main] INFO  base.BaseClass - Trying to find Element By {by.toString()})
2024-04-17 18:34:35,516 [main] INFO  base.BaseClass - Found Element By {by.toString()}
2024-04-17 18:34:36,051 [main] INFO  base.BaseClass - Trying to find Element By {by.toString()})
2024-04-17 18:34:36,082 [main] INFO  base.BaseClass - Found Element By {by.toString()}
2024-04-17 18:34:36,624 [main] INFO  base.BaseClass - Trying to find Element By {by.toString()})
2024-04-17 18:34:36,646 [main] INFO  base.BaseClass - Found Element By {by.toString()}
2024-04-17 18:34:37,181 [main] INFO  base.BaseClass - Trying to find Element By {by.toString()})
2024-04-17 18:34:37,197 [main] INFO  base.BaseClass - Found Element By {by.toString()}
2024-04-17 18:34:37,727 [main] INFO  base.BaseClass - Trying to find Element By {by.toString()})
2024-04-17 18:34:37,741 [main] INFO  base.BaseClass - Found Element By {by.toString()}
2024-04-17 18:34:38,270 [main] INFO  base.BaseClass - Trying to find Element By {by.toString()})
2024-04-17 18:34:38,282 [main] INFO  base.BaseClass - Found Element By {by.toString()}
2024-04-17 18:34:38,814 [main] INFO  base.BaseClass - Trying to find Element By {by.toString()})
2024-04-17 18:34:38,836 [main] INFO  base.BaseClass - Found Element By {by.toString()}
2024-04-17 18:34:39,360 [main] INFO  base.BaseClass - Trying to find Element By {by.toString()})
2024-04-17 18:34:39,390 [main] INFO  base.BaseClass - Found Element By {by.toString()}
2024-04-17 18:34:39,933 [main] INFO  base.BaseClass - Trying to find Element By {by.toString()})
2024-04-17 18:34:39,950 [main] INFO  base.BaseClass - Found Element By {by.toString()}
2024-04-17 18:34:40,477 [main] INFO  base.BaseClass - Trying to find Element By {by.toString()})
2024-04-17 18:34:40,506 [main] INFO  base.BaseClass - Found Element By {by.toString()}
2024-04-17 18:34:41,034 [main] INFO  base.BaseClass - Trying to find Element By {by.toString()})
2024-04-17 18:34:41,058 [main] INFO  base.BaseClass - Found Element By {by.toString()}
2024-04-17 18:34:41,594 [main] INFO  base.BaseClass - Trying to find Element By {by.toString()})
2024-04-17 18:34:41,610 [main] INFO  base.BaseClass - Found Element By {by.toString()}
2024-04-17 18:34:42,137 [main] INFO  base.BaseClass - Trying to find Element By {by.toString()})
2024-04-17 18:34:42,157 [main] INFO  base.BaseClass - Found Element By {by.toString()}
2024-04-17 18:34:42,697 [main] INFO  base.BaseClass - Trying to find Element By {by.toString()})
2024-04-17 18:34:42,712 [main] INFO  base.BaseClass - Found Element By {by.toString()}
2024-04-17 18:34:43,242 [main] INFO  base.BaseClass - Trying to find Element By {by.toString()})
2024-04-17 18:34:43,252 [main] INFO  base.BaseClass - Found Element By {by.toString()}
2024-04-17 18:34:43,770 [main] INFO  base.BaseClass - Trying to find Element By {by.toString()})
2024-04-17 18:34:43,794 [main] INFO  base.BaseClass - Found Element By {by.toString()}
2024-04-17 18:34:44,317 [main] INFO  base.BaseClass - Trying to find Element By {by.toString()})
2024-04-17 18:34:44,346 [main] INFO  base.BaseClass - Found Element By {by.toString()}
2024-04-17 18:34:44,876 [main] INFO  base.BaseClass - Trying to find Element By {by.toString()})
2024-04-17 18:34:44,901 [main] INFO  base.BaseClass - Found Element By {by.toString()}
2024-04-17 18:34:45,434 [main] INFO  base.BaseClass - Trying to find Element By {by.toString()})
2024-04-17 18:34:45,452 [main] INFO  base.BaseClass - Found Element By {by.toString()}
2024-04-17 18:34:45,977 [main] INFO  base.BaseClass - Trying to find Element By {by.toString()})
2024-04-17 18:34:45,990 [main] INFO  base.BaseClass - Found Element By {by.toString()}
2024-04-17 18:34:46,521 [main] INFO  base.BaseClass - Trying to find Element By {by.toString()})
2024-04-17 18:34:46,550 [main] INFO  base.BaseClass - Found Element By {by.toString()}
2024-04-17 18:34:47,079 [main] INFO  base.BaseClass - Trying to find Element By {by.toString()})
2024-04-17 18:34:47,096 [main] INFO  base.BaseClass - Found Element By {by.toString()}
2024-04-17 18:34:47,624 [main] INFO  base.BaseClass - Trying to find Element By {by.toString()})
2024-04-17 18:34:47,641 [main] INFO  base.BaseClass - Found Element By {by.toString()}
2024-04-17 18:34:48,183 [main] INFO  base.BaseClass - Trying to find Element By {by.toString()})
2024-04-17 18:34:48,200 [main] INFO  base.BaseClass - Found Element By {by.toString()}
2024-04-17 18:34:48,728 [main] INFO  base.BaseClass - Trying to find Element By {by.toString()})
2024-04-17 18:34:48,748 [main] INFO  base.BaseClass - Found Element By {by.toString()}
2024-04-17 18:34:49,287 [main] INFO  base.BaseClass - Trying to find Element By {by.toString()})
2024-04-17 18:34:49,299 [main] INFO  base.BaseClass - Found Element By {by.toString()}
2024-04-17 18:34:49,829 [main] INFO  base.BaseClass - Trying to find Element By {by.toString()})
2024-04-17 18:34:49,849 [main] INFO  base.BaseClass - Found Element By {by.toString()}
2024-04-17 18:34:50,401 [main] INFO  base.BaseClass - Trying to find Element By {by.toString()})
2024-04-17 18:34:50,431 [main] INFO  base.BaseClass - Found Element By {by.toString()}
2024-04-17 18:34:50,959 [main] INFO  base.BaseClass - Trying to find Element By {by.toString()})
2024-04-17 18:34:50,979 [main] INFO  base.BaseClass - Found Element By {by.toString()}
2024-04-17 18:34:51,505 [main] INFO  base.BaseClass - Trying to find Element By {by.toString()})
2024-04-17 18:34:51,522 [main] INFO  base.BaseClass - Found Element By {by.toString()}
2024-04-17 18:34:52,047 [main] INFO  base.BaseClass - Trying to find Element By {by.toString()})
2024-04-17 18:34:52,079 [main] INFO  base.BaseClass - Found Element By {by.toString()}
2024-04-17 18:34:52,607 [main] INFO  base.BaseClass - Trying to find Element By {by.toString()})
2024-04-17 18:34:52,634 [main] INFO  base.BaseClass - Found Element By {by.toString()}
2024-04-17 18:34:53,165 [main] INFO  base.BaseClass - Trying to find Element By {by.toString()})
2024-04-17 18:34:53,177 [main] INFO  base.BaseClass - Found Element By {by.toString()}
2024-04-17 18:34:53,696 [main] INFO  base.BaseClass - Trying to find Element By {by.toString()})
2024-04-17 18:34:53,715 [main] INFO  base.BaseClass - Found Element By {by.toString()}
2024-04-17 18:34:54,243 [main] INFO  base.BaseClass - Trying to find Element By {by.toString()})
2024-04-17 18:34:54,268 [main] INFO  base.BaseClass - Found Element By {by.toString()}
2024-04-17 18:34:54,804 [main] INFO  base.BaseClass - Trying to find Element By {by.toString()})
2024-04-17 18:34:54,825 [main] INFO  base.BaseClass - Found Element By {by.toString()}
2024-04-17 18:34:55,362 [main] INFO  base.BaseClass - Trying to find Element By {by.toString()})
2024-04-17 18:34:55,373 [main] INFO  base.BaseClass - Found Element By {by.toString()}
2024-04-17 18:34:55,906 [main] INFO  base.BaseClass - Trying to find Element By {by.toString()})
2024-04-17 18:34:55,926 [main] INFO  base.BaseClass - Found Element By {by.toString()}
2024-04-17 18:34:56,450 [main] INFO  base.BaseClass - Trying to find Element By {by.toString()})
2024-04-17 18:34:56,469 [main] INFO  base.BaseClass - Found Element By {by.toString()}
2024-04-17 18:34:57,007 [main] INFO  base.BaseClass - Trying to find Element By {by.toString()})
2024-04-17 18:34:57,025 [main] INFO  base.BaseClass - Found Element By {by.toString()}
2024-04-17 18:34:57,551 [main] INFO  base.BaseClass - Trying to find Element By {by.toString()})
2024-04-17 18:34:57,571 [main] INFO  base.BaseClass - Found Element By {by.toString()}
TimeoutException occurred: Expected condition failed: waiting for helper.WaitUtility$5@7390774a (tried for 30 second(s) with 500 milliseconds interval)
Build info: version: '3.141.59', revision: 'e82be7d358', time: '2018-11-14T08:17:03'
System info: host: 'DPLAP166', ip: '137.237.2.236', os.name: 'Windows 10', os.arch: 'amd64', os.version: '10.0', java.version: '19.0.1'
Driver info: org.openqa.selenium.support.events.EventFiringWebDriver
Capabilities {acceptInsecureCerts: true, browserName: chrome, browserVersion: 123.0.6312.123, chrome: {chromedriverVersion: 123.0.6312.122 (31f8248cdd9..., userDataDir: C:\Users\dP-PL\AppData\Loca...}, fedcm:accounts: true, goog:chromeOptions: {debuggerAddress: localhost:51256}, javascriptEnabled: true, networkConnectionEnabled: false, pageLoadStrategy: normal, platform: WINDOWS, platformName: WINDOWS, proxy: Proxy(), setWindowRect: true, strictFileInteractability: false, timeouts: {implicit: 0, pageLoad: 300000, script: 30000}, unhandledPromptBehavior: dismiss and notify, webauthn:extension:credBlob: true, webauthn:extension:largeBlob: true, webauthn:extension:minPinLength: true, webauthn:extension:prf: true, webauthn:virtualAuthenticators: true}
Session ID: a59c4df4811f82049fe754efe723d3c1
2024-04-17 18:34:57,592 [main] ERROR RotationCopy_test - Element did not become visible within the specified time: Expected condition failed: waiting for helper.WaitUtility$5@7390774a (tried for 30 second(s) with 500 milliseconds interval)
Build info: version: '3.141.59', revision: 'e82be7d358', time: '2018-11-14T08:17:03'
System info: host: 'DPLAP166', ip: '137.237.2.236', os.name: 'Windows 10', os.arch: 'amd64', os.version: '10.0', java.version: '19.0.1'
Driver info: org.openqa.selenium.support.events.EventFiringWebDriver
Capabilities {acceptInsecureCerts: true, browserName: chrome, browserVersion: 123.0.6312.123, chrome: {chromedriverVersion: 123.0.6312.122 (31f8248cdd9..., userDataDir: C:\Users\dP-PL\AppData\Loca...}, fedcm:accounts: true, goog:chromeOptions: {debuggerAddress: localhost:51256}, javascriptEnabled: true, networkConnectionEnabled: false, pageLoadStrategy: normal, platform: WINDOWS, platformName: WINDOWS, proxy: Proxy(), setWindowRect: true, strictFileInteractability: false, timeouts: {implicit: 0, pageLoad: 300000, script: 30000}, unhandledPromptBehavior: dismiss and notify, webauthn:extension:credBlob: true, webauthn:extension:largeBlob: true, webauthn:extension:minPinLength: true, webauthn:extension:prf: true, webauthn:virtualAuthenticators: true}
Session ID: a59c4df4811f82049fe754efe723d3c1
2024-04-17 18:34:57,592 [main] INFO  base.BaseClass - Trying to find Element By {by.toString()})
2024-04-17 18:34:57,603 [main] INFO  base.BaseClass - Found Element By {by.toString()}
2024-04-17 18:34:57,603 [main] INFO  base.BaseClass - Trying to click on: {element.toString()}
2024-04-17 18:34:57,692 [main] INFO  base.BaseClass - Clicked on: {element.toString()}
2024-04-17 18:34:57,699 [main] INFO  base.BaseClass - Trying to find Element By {by.toString()})
2024-04-17 18:34:57,716 [main] INFO  base.BaseClass - Found Element By {by.toString()}
2024-04-17 18:34:58,234 [main] INFO  base.BaseClass - Trying to find Element By {by.toString()})
2024-04-17 18:34:58,651 [main] INFO  base.BaseClass - Found Element By {by.toString()}
2024-04-17 18:34:59,180 [main] INFO  base.BaseClass - Trying to find Element By {by.toString()})
2024-04-17 18:34:59,201 [main] INFO  base.BaseClass - Found Element By {by.toString()}
2024-04-17 18:34:59,721 [main] INFO  base.BaseClass - Trying to find Element By {by.toString()})
2024-04-17 18:34:59,734 [main] INFO  base.BaseClass - Found Element By {by.toString()}
2024-04-17 18:35:00,262 [main] INFO  base.BaseClass - Trying to find Element By {by.toString()})
2024-04-17 18:35:00,277 [main] INFO  base.BaseClass - Found Element By {by.toString()}
2024-04-17 18:35:00,821 [main] INFO  base.BaseClass - Trying to find Element By {by.toString()})
2024-04-17 18:35:00,838 [main] INFO  base.BaseClass - Found Element By {by.toString()}
2024-04-17 18:35:01,381 [main] INFO  base.BaseClass - Trying to find Element By {by.toString()})
2024-04-17 18:35:01,401 [main] INFO  base.BaseClass - Found Element By {by.toString()}
2024-04-17 18:35:01,928 [main] INFO  base.BaseClass - Trying to find Element By {by.toString()})
2024-04-17 18:35:01,943 [main] INFO  base.BaseClass - Found Element By {by.toString()}
2024-04-17 18:35:02,472 [main] INFO  base.BaseClass - Trying to find Element By {by.toString()})
2024-04-17 18:35:02,494 [main] INFO  base.BaseClass - Found Element By {by.toString()}
2024-04-17 18:35:03,015 [main] INFO  base.BaseClass - Trying to find Element By {by.toString()})
2024-04-17 18:35:03,038 [main] INFO  base.BaseClass - Found Element By {by.toString()}
2024-04-17 18:35:03,573 [main] INFO  base.BaseClass - Trying to find Element By {by.toString()})
2024-04-17 18:35:03,602 [main] INFO  base.BaseClass - Found Element By {by.toString()}
2024-04-17 18:35:04,146 [main] INFO  base.BaseClass - Trying to find Element By {by.toString()})
2024-04-17 18:35:04,174 [main] INFO  base.BaseClass - Found Element By {by.toString()}
2024-04-17 18:35:04,706 [main] INFO  base.BaseClass - Trying to find Element By {by.toString()})
2024-04-17 18:35:04,728 [main] INFO  base.BaseClass - Found Element By {by.toString()}
2024-04-17 18:35:05,272 [main] INFO  base.BaseClass - Trying to find Element By {by.toString()})
2024-04-17 18:35:05,298 [main] INFO  base.BaseClass - Found Element By {by.toString()}
2024-04-17 18:35:05,849 [main] INFO  base.BaseClass - Trying to find Element By {by.toString()})
2024-04-17 18:35:05,865 [main] INFO  base.BaseClass - Found Element By {by.toString()}
2024-04-17 18:35:06,393 [main] INFO  base.BaseClass - Trying to find Element By {by.toString()})
2024-04-17 18:35:06,411 [main] INFO  base.BaseClass - Found Element By {by.toString()}
2024-04-17 18:35:06,952 [main] INFO  base.BaseClass - Trying to find Element By {by.toString()})
2024-04-17 18:35:06,976 [main] INFO  base.BaseClass - Found Element By {by.toString()}
2024-04-17 18:35:07,510 [main] INFO  base.BaseClass - Trying to find Element By {by.toString()})
2024-04-17 18:35:07,540 [main] INFO  base.BaseClass - Found Element By {by.toString()}
2024-04-17 18:35:08,072 [main] INFO  base.BaseClass - Trying to find Element By {by.toString()})
2024-04-17 18:35:08,097 [main] INFO  base.BaseClass - Found Element By {by.toString()}
2024-04-17 18:35:08,635 [main] INFO  base.BaseClass - Trying to find Element By {by.toString()})
2024-04-17 18:35:08,663 [main] INFO  base.BaseClass - Found Element By {by.toString()}
2024-04-17 18:35:09,194 [main] INFO  base.BaseClass - Trying to find Element By {by.toString()})
2024-04-17 18:35:09,214 [main] INFO  base.BaseClass - Found Element By {by.toString()}
2024-04-17 18:35:09,755 [main] INFO  base.BaseClass - Trying to find Element By {by.toString()})
2024-04-17 18:35:09,784 [main] INFO  base.BaseClass - Found Element By {by.toString()}
2024-04-17 18:35:10,316 [main] INFO  base.BaseClass - Trying to find Element By {by.toString()})
2024-04-17 18:35:10,347 [main] INFO  base.BaseClass - Found Element By {by.toString()}
2024-04-17 18:35:10,874 [main] INFO  base.BaseClass - Trying to find Element By {by.toString()})
2024-04-17 18:35:10,888 [main] INFO  base.BaseClass - Found Element By {by.toString()}
2024-04-17 18:35:11,420 [main] INFO  base.BaseClass - Trying to find Element By {by.toString()})
2024-04-17 18:35:11,445 [main] INFO  base.BaseClass - Found Element By {by.toString()}
2024-04-17 18:35:11,976 [main] INFO  base.BaseClass - Trying to find Element By {by.toString()})
2024-04-17 18:35:11,998 [main] INFO  base.BaseClass - Found Element By {by.toString()}
2024-04-17 18:35:12,533 [main] INFO  base.BaseClass - Trying to find Element By {by.toString()})
2024-04-17 18:35:12,558 [main] INFO  base.BaseClass - Found Element By {by.toString()}
2024-04-17 18:35:13,093 [main] INFO  base.BaseClass - Trying to find Element By {by.toString()})
2024-04-17 18:35:13,122 [main] INFO  base.BaseClass - Found Element By {by.toString()}
2024-04-17 18:35:13,650 [main] INFO  base.BaseClass - Trying to find Element By {by.toString()})
2024-04-17 18:35:13,670 [main] INFO  base.BaseClass - Found Element By {by.toString()}
2024-04-17 18:35:14,195 [main] INFO  base.BaseClass - Trying to find Element By {by.toString()})
2024-04-17 18:35:14,209 [main] INFO  base.BaseClass - Found Element By {by.toString()}
2024-04-17 18:35:14,739 [main] INFO  base.BaseClass - Trying to find Element By {by.toString()})
2024-04-17 18:35:14,769 [main] INFO  base.BaseClass - Found Element By {by.toString()}
2024-04-17 18:35:15,299 [main] INFO  base.BaseClass - Trying to find Element By {by.toString()})
2024-04-17 18:35:15,325 [main] INFO  base.BaseClass - Found Element By {by.toString()}
2024-04-17 18:35:15,872 [main] INFO  base.BaseClass - Trying to find Element By {by.toString()})
2024-04-17 18:35:15,895 [main] INFO  base.BaseClass - Found Element By {by.toString()}
2024-04-17 18:35:16,433 [main] INFO  base.BaseClass - Trying to find Element By {by.toString()})
2024-04-17 18:35:16,448 [main] INFO  base.BaseClass - Found Element By {by.toString()}
2024-04-17 18:35:16,977 [main] INFO  base.BaseClass - Trying to find Element By {by.toString()})
2024-04-17 18:35:16,999 [main] INFO  base.BaseClass - Found Element By {by.toString()}
2024-04-17 18:35:17,535 [main] INFO  base.BaseClass - Trying to find Element By {by.toString()})
2024-04-17 18:35:17,564 [main] INFO  base.BaseClass - Found Element By {by.toString()}
2024-04-17 18:35:18,107 [main] INFO  base.BaseClass - Trying to find Element By {by.toString()})
2024-04-17 18:35:18,132 [main] INFO  base.BaseClass - Found Element By {by.toString()}
2024-04-17 18:35:18,678 [main] INFO  base.BaseClass - Trying to find Element By {by.toString()})
2024-04-17 18:35:18,708 [main] INFO  base.BaseClass - Found Element By {by.toString()}
2024-04-17 18:35:19,237 [main] INFO  base.BaseClass - Trying to find Element By {by.toString()})
2024-04-17 18:35:19,264 [main] INFO  base.BaseClass - Found Element By {by.toString()}
2024-04-17 18:35:19,813 [main] INFO  base.BaseClass - Trying to find Element By {by.toString()})
2024-04-17 18:35:19,844 [main] INFO  base.BaseClass - Found Element By {by.toString()}
2024-04-17 18:35:20,371 [main] INFO  base.BaseClass - Trying to find Element By {by.toString()})
2024-04-17 18:35:20,389 [main] INFO  base.BaseClass - Found Element By {by.toString()}
2024-04-17 18:35:20,914 [main] INFO  base.BaseClass - Trying to find Element By {by.toString()})
2024-04-17 18:35:20,930 [main] INFO  base.BaseClass - Found Element By {by.toString()}
2024-04-17 18:35:21,461 [main] INFO  base.BaseClass - Trying to find Element By {by.toString()})
2024-04-17 18:35:21,490 [main] INFO  base.BaseClass - Found Element By {by.toString()}
2024-04-17 18:35:22,022 [main] INFO  base.BaseClass - Trying to find Element By {by.toString()})
2024-04-17 18:35:22,044 [main] INFO  base.BaseClass - Found Element By {by.toString()}
2024-04-17 18:35:22,580 [main] INFO  base.BaseClass - Trying to find Element By {by.toString()})
2024-04-17 18:35:22,603 [main] INFO  base.BaseClass - Found Element By {by.toString()}
2024-04-17 18:35:23,125 [main] INFO  base.BaseClass - Trying to find Element By {by.toString()})
2024-04-17 18:35:23,148 [main] INFO  base.BaseClass - Found Element By {by.toString()}
2024-04-17 18:35:23,684 [main] INFO  base.BaseClass - Trying to find Element By {by.toString()})
2024-04-17 18:35:23,708 [main] INFO  base.BaseClass - Found Element By {by.toString()}
2024-04-17 18:35:24,243 [main] INFO  base.BaseClass - Trying to find Element By {by.toString()})
2024-04-17 18:35:24,268 [main] INFO  base.BaseClass - Found Element By {by.toString()}
2024-04-17 18:35:24,805 [main] INFO  base.BaseClass - Trying to find Element By {by.toString()})
2024-04-17 18:35:24,826 [main] INFO  base.BaseClass - Found Element By {by.toString()}
2024-04-17 18:35:25,352 [main] INFO  base.BaseClass - Trying to find Element By {by.toString()})
2024-04-17 18:35:25,372 [main] INFO  base.BaseClass - Found Element By {by.toString()}
2024-04-17 18:35:25,897 [main] INFO  base.BaseClass - Trying to find Element By {by.toString()})
2024-04-17 18:35:25,911 [main] INFO  base.BaseClass - Found Element By {by.toString()}
2024-04-17 18:35:26,440 [main] INFO  base.BaseClass - Trying to find Element By {by.toString()})
2024-04-17 18:35:26,455 [main] INFO  base.BaseClass - Found Element By {by.toString()}
2024-04-17 18:35:26,982 [main] INFO  base.BaseClass - Trying to find Element By {by.toString()})
2024-04-17 18:35:26,997 [main] INFO  base.BaseClass - Found Element By {by.toString()}
2024-04-17 18:35:27,524 [main] INFO  base.BaseClass - Trying to find Element By {by.toString()})
2024-04-17 18:35:27,542 [main] INFO  base.BaseClass - Found Element By {by.toString()}
2024-04-17 18:35:28,084 [main] INFO  base.BaseClass - Trying to find Element By {by.toString()})
2024-04-17 18:35:28,117 [main] INFO  base.BaseClass - Found Element By {by.toString()}
TimeoutException occurred: Expected condition failed: waiting for helper.WaitUtility$5@60f2ee78 (tried for 30 second(s) with 500 milliseconds interval)
Build info: version: '3.141.59', revision: 'e82be7d358', time: '2018-11-14T08:17:03'
System info: host: 'DPLAP166', ip: '137.237.2.236', os.name: 'Windows 10', os.arch: 'amd64', os.version: '10.0', java.version: '19.0.1'
Driver info: org.openqa.selenium.support.events.EventFiringWebDriver
Capabilities {acceptInsecureCerts: true, browserName: chrome, browserVersion: 123.0.6312.123, chrome: {chromedriverVersion: 123.0.6312.122 (31f8248cdd9..., userDataDir: C:\Users\dP-PL\AppData\Loca...}, fedcm:accounts: true, goog:chromeOptions: {debuggerAddress: localhost:51256}, javascriptEnabled: true, networkConnectionEnabled: false, pageLoadStrategy: normal, platform: WINDOWS, platformName: WINDOWS, proxy: Proxy(), setWindowRect: true, strictFileInteractability: false, timeouts: {implicit: 0, pageLoad: 300000, script: 30000}, unhandledPromptBehavior: dismiss and notify, webauthn:extension:credBlob: true, webauthn:extension:largeBlob: true, webauthn:extension:minPinLength: true, webauthn:extension:prf: true, webauthn:virtualAuthenticators: true}
Session ID: a59c4df4811f82049fe754efe723d3c1
2024-04-17 18:35:28,149 [main] ERROR RotationCopy_test - Element did not become visible within the specified time: Expected condition failed: waiting for helper.WaitUtility$5@60f2ee78 (tried for 30 second(s) with 500 milliseconds interval)
Build info: version: '3.141.59', revision: 'e82be7d358', time: '2018-11-14T08:17:03'
System info: host: 'DPLAP166', ip: '137.237.2.236', os.name: 'Windows 10', os.arch: 'amd64', os.version: '10.0', java.version: '19.0.1'
Driver info: org.openqa.selenium.support.events.EventFiringWebDriver
Capabilities {acceptInsecureCerts: true, browserName: chrome, browserVersion: 123.0.6312.123, chrome: {chromedriverVersion: 123.0.6312.122 (31f8248cdd9..., userDataDir: C:\Users\dP-PL\AppData\Loca...}, fedcm:accounts: true, goog:chromeOptions: {debuggerAddress: localhost:51256}, javascriptEnabled: true, networkConnectionEnabled: false, pageLoadStrategy: normal, platform: WINDOWS, platformName: WINDOWS, proxy: Proxy(), setWindowRect: true, strictFileInteractability: false, timeouts: {implicit: 0, pageLoad: 300000, script: 30000}, unhandledPromptBehavior: dismiss and notify, webauthn:extension:credBlob: true, webauthn:extension:largeBlob: true, webauthn:extension:minPinLength: true, webauthn:extension:prf: true, webauthn:virtualAuthenticators: true}
Session ID: a59c4df4811f82049fe754efe723d3c1
2024-04-17 18:35:28,149 [main] INFO  base.BaseClass - Trying to find Element By {by.toString()})
2024-04-17 18:35:28,161 [main] INFO  base.BaseClass - Found Element By {by.toString()}
2024-04-17 18:35:28,161 [main] INFO  base.BaseClass - Trying to click on: {element.toString()}
2024-04-17 18:35:28,297 [main] INFO  base.BaseClass - Clicked on: {element.toString()}
2024-04-17 18:35:28,297 [main] INFO  base.BaseClass - Trying to find Element By {by.toString()})
2024-04-17 18:35:29,157 [main] INFO  base.BaseClass - Found Element By {by.toString()}
2024-04-17 18:35:29,688 [main] INFO  base.BaseClass - Trying to find Element By {by.toString()})
2024-04-17 18:35:29,704 [main] INFO  base.BaseClass - Found Element By {by.toString()}
2024-04-17 18:35:30,249 [main] INFO  base.BaseClass - Trying to find Element By {by.toString()})
2024-04-17 18:35:30,278 [main] INFO  base.BaseClass - Found Element By {by.toString()}
2024-04-17 18:35:30,811 [main] INFO  base.BaseClass - Trying to find Element By {by.toString()})
2024-04-17 18:35:30,830 [main] INFO  base.BaseClass - Found Element By {by.toString()}
2024-04-17 18:35:31,353 [main] INFO  base.BaseClass - Trying to find Element By {by.toString()})
2024-04-17 18:35:31,372 [main] INFO  base.BaseClass - Found Element By {by.toString()}
2024-04-17 18:35:31,910 [main] INFO  base.BaseClass - Trying to find Element By {by.toString()})
2024-04-17 18:35:31,934 [main] INFO  base.BaseClass - Found Element By {by.toString()}
2024-04-17 18:35:32,469 [main] INFO  base.BaseClass - Trying to find Element By {by.toString()})
2024-04-17 18:35:32,489 [main] INFO  base.BaseClass - Found Element By {by.toString()}
2024-04-17 18:35:33,028 [main] INFO  base.BaseClass - Trying to find Element By {by.toString()})
2024-04-17 18:35:33,045 [main] INFO  base.BaseClass - Found Element By {by.toString()}
2024-04-17 18:35:33,572 [main] INFO  base.BaseClass - Trying to find Element By {by.toString()})
2024-04-17 18:35:33,592 [main] INFO  base.BaseClass - Found Element By {by.toString()}
2024-04-17 18:35:34,118 [main] INFO  base.BaseClass - Trying to find Element By {by.toString()})
2024-04-17 18:35:34,140 [main] INFO  base.BaseClass - Found Element By {by.toString()}
2024-04-17 18:35:34,677 [main] INFO  base.BaseClass - Trying to find Element By {by.toString()})
2024-04-17 18:35:34,701 [main] INFO  base.BaseClass - Found Element By {by.toString()}
2024-04-17 18:35:35,235 [main] INFO  base.BaseClass - Trying to find Element By {by.toString()})
2024-04-17 18:35:35,263 [main] INFO  base.BaseClass - Found Element By {by.toString()}
2024-04-17 18:35:35,811 [main] INFO  base.BaseClass - Trying to find Element By {by.toString()})
2024-04-17 18:35:35,834 [main] INFO  base.BaseClass - Found Element By {by.toString()}
2024-04-17 18:35:36,373 [main] INFO  base.BaseClass - Trying to find Element By {by.toString()})
2024-04-17 18:35:36,398 [main] INFO  base.BaseClass - Found Element By {by.toString()}
2024-04-17 18:35:36,935 [main] INFO  base.BaseClass - Trying to find Element By {by.toString()})
2024-04-17 18:35:36,958 [main] INFO  base.BaseClass - Found Element By {by.toString()}
2024-04-17 18:35:37,539 [main] INFO  base.BaseClass - Trying to find Element By {by.toString()})
2024-04-17 18:35:37,566 [main] INFO  base.BaseClass - Found Element By {by.toString()}
2024-04-17 18:35:38,100 [main] INFO  base.BaseClass - Trying to find Element By {by.toString()})
2024-04-17 18:35:38,127 [main] INFO  base.BaseClass - Found Element By {by.toString()}
2024-04-17 18:35:38,657 [main] INFO  base.BaseClass - Trying to find Element By {by.toString()})
2024-04-17 18:35:38,680 [main] INFO  base.BaseClass - Found Element By {by.toString()}
2024-04-17 18:35:39,214 [main] INFO  base.BaseClass - Trying to find Element By {by.toString()})
2024-04-17 18:35:39,245 [main] INFO  base.BaseClass - Found Element By {by.toString()}
2024-04-17 18:35:39,773 [main] INFO  base.BaseClass - Trying to find Element By {by.toString()})
2024-04-17 18:35:39,797 [main] INFO  base.BaseClass - Found Element By {by.toString()}
2024-04-17 18:35:40,333 [main] INFO  base.BaseClass - Trying to find Element By {by.toString()})
2024-04-17 18:35:40,359 [main] INFO  base.BaseClass - Found Element By {by.toString()}
2024-04-17 18:35:40,895 [main] INFO  base.BaseClass - Trying to find Element By {by.toString()})
2024-04-17 18:35:40,922 [main] INFO  base.BaseClass - Found Element By {by.toString()}
2024-04-17 18:35:41,453 [main] INFO  base.BaseClass - Trying to find Element By {by.toString()})
2024-04-17 18:35:41,466 [main] INFO  base.BaseClass - Found Element By {by.toString()}
2024-04-17 18:35:41,997 [main] INFO  base.BaseClass - Trying to find Element By {by.toString()})
2024-04-17 18:35:42,026 [main] INFO  base.BaseClass - Found Element By {by.toString()}
2024-04-17 18:35:42,554 [main] INFO  base.BaseClass - Trying to find Element By {by.toString()})
2024-04-17 18:35:42,569 [main] INFO  base.BaseClass - Found Element By {by.toString()}
2024-04-17 18:35:43,112 [main] INFO  base.BaseClass - Trying to find Element By {by.toString()})
2024-04-17 18:35:43,138 [main] INFO  base.BaseClass - Found Element By {by.toString()}
2024-04-17 18:35:43,674 [main] INFO  base.BaseClass - Trying to find Element By {by.toString()})
2024-04-17 18:35:43,685 [main] INFO  base.BaseClass - Found Element By {by.toString()}
2024-04-17 18:35:44,214 [main] INFO  base.BaseClass - Trying to find Element By {by.toString()})
2024-04-17 18:35:44,240 [main] INFO  base.BaseClass - Found Element By {by.toString()}
2024-04-17 18:35:44,776 [main] INFO  base.BaseClass - Trying to find Element By {by.toString()})
2024-04-17 18:35:44,795 [main] INFO  base.BaseClass - Found Element By {by.toString()}
2024-04-17 18:35:45,321 [main] INFO  base.BaseClass - Trying to find Element By {by.toString()})
2024-04-17 18:35:45,336 [main] INFO  base.BaseClass - Found Element By {by.toString()}
2024-04-17 18:35:45,864 [main] INFO  base.BaseClass - Trying to find Element By {by.toString()})
2024-04-17 18:35:45,891 [main] INFO  base.BaseClass - Found Element By {by.toString()}
2024-04-17 18:35:46,420 [main] INFO  base.BaseClass - Trying to find Element By {by.toString()})
2024-04-17 18:35:46,445 [main] INFO  base.BaseClass - Found Element By {by.toString()}
2024-04-17 18:35:46,980 [main] INFO  base.BaseClass - Trying to find Element By {by.toString()})
2024-04-17 18:35:47,011 [main] INFO  base.BaseClass - Found Element By {by.toString()}
2024-04-17 18:35:47,553 [main] INFO  base.BaseClass - Trying to find Element By {by.toString()})
2024-04-17 18:35:47,584 [main] INFO  base.BaseClass - Found Element By {by.toString()}
2024-04-17 18:35:48,125 [main] INFO  base.BaseClass - Trying to find Element By {by.toString()})
2024-04-17 18:35:48,142 [main] INFO  base.BaseClass - Found Element By {by.toString()}
2024-04-17 18:35:48,668 [main] INFO  base.BaseClass - Trying to find Element By {by.toString()})
2024-04-17 18:35:48,696 [main] INFO  base.BaseClass - Found Element By {by.toString()}
2024-04-17 18:35:49,229 [main] INFO  base.BaseClass - Trying to find Element By {by.toString()})
2024-04-17 18:35:49,254 [main] INFO  base.BaseClass - Found Element By {by.toString()}
2024-04-17 18:35:49,788 [main] INFO  base.BaseClass - Trying to find Element By {by.toString()})
2024-04-17 18:35:49,813 [main] INFO  base.BaseClass - Found Element By {by.toString()}
2024-04-17 18:35:50,344 [main] INFO  base.BaseClass - Trying to find Element By {by.toString()})
2024-04-17 18:35:50,363 [main] INFO  base.BaseClass - Found Element By {by.toString()}
2024-04-17 18:35:50,887 [main] INFO  base.BaseClass - Trying to find Element By {by.toString()})
2024-04-17 18:35:50,909 [main] INFO  base.BaseClass - Found Element By {by.toString()}
2024-04-17 18:35:51,445 [main] INFO  base.BaseClass - Trying to find Element By {by.toString()})
2024-04-17 18:35:51,467 [main] INFO  base.BaseClass - Found Element By {by.toString()}
2024-04-17 18:35:51,990 [main] INFO  base.BaseClass - Trying to find Element By {by.toString()})
2024-04-17 18:35:52,039 [main] INFO  base.BaseClass - Found Element By {by.toString()}
2024-04-17 18:35:52,567 [main] INFO  base.BaseClass - Trying to find Element By {by.toString()})
2024-04-17 18:35:52,592 [main] INFO  base.BaseClass - Found Element By {by.toString()}
2024-04-17 18:35:53,137 [main] INFO  base.BaseClass - Trying to find Element By {by.toString()})
2024-04-17 18:35:53,151 [main] INFO  base.BaseClass - Found Element By {by.toString()}
2024-04-17 18:35:53,680 [main] INFO  base.BaseClass - Trying to find Element By {by.toString()})
2024-04-17 18:35:53,712 [main] INFO  base.BaseClass - Found Element By {by.toString()}
2024-04-17 18:35:54,251 [main] INFO  base.BaseClass - Trying to find Element By {by.toString()})
2024-04-17 18:35:54,281 [main] INFO  base.BaseClass - Found Element By {by.toString()}
2024-04-17 18:35:54,810 [main] INFO  base.BaseClass - Trying to find Element By {by.toString()})
2024-04-17 18:35:54,830 [main] INFO  base.BaseClass - Found Element By {by.toString()}
2024-04-17 18:35:55,365 [main] INFO  base.BaseClass - Trying to find Element By {by.toString()})
2024-04-17 18:35:55,390 [main] INFO  base.BaseClass - Found Element By {by.toString()}
2024-04-17 18:35:55,926 [main] INFO  base.BaseClass - Trying to find Element By {by.toString()})
2024-04-17 18:35:55,945 [main] INFO  base.BaseClass - Found Element By {by.toString()}
2024-04-17 18:35:56,470 [main] INFO  base.BaseClass - Trying to find Element By {by.toString()})
2024-04-17 18:35:56,486 [main] INFO  base.BaseClass - Found Element By {by.toString()}
2024-04-17 18:35:57,014 [main] INFO  base.BaseClass - Trying to find Element By {by.toString()})
2024-04-17 18:35:57,042 [main] INFO  base.BaseClass - Found Element By {by.toString()}
2024-04-17 18:35:57,573 [main] INFO  base.BaseClass - Trying to find Element By {by.toString()})
2024-04-17 18:35:57,594 [main] INFO  base.BaseClass - Found Element By {by.toString()}
2024-04-17 18:35:58,120 [main] INFO  base.BaseClass - Trying to find Element By {by.toString()})
2024-04-17 18:35:58,155 [main] INFO  base.BaseClass - Found Element By {by.toString()}
2024-04-17 18:35:58,697 [main] INFO  base.BaseClass - Trying to find Element By {by.toString()})
2024-04-17 18:35:58,726 [main] INFO  base.BaseClass - Found Element By {by.toString()}
TimeoutException occurred: Expected condition failed: waiting for helper.WaitUtility$5@15e71233 (tried for 30 second(s) with 500 milliseconds interval)
Build info: version: '3.141.59', revision: 'e82be7d358', time: '2018-11-14T08:17:03'
System info: host: 'DPLAP166', ip: '137.237.2.236', os.name: 'Windows 10', os.arch: 'amd64', os.version: '10.0', java.version: '19.0.1'
Driver info: org.openqa.selenium.support.events.EventFiringWebDriver
Capabilities {acceptInsecureCerts: true, browserName: chrome, browserVersion: 123.0.6312.123, chrome: {chromedriverVersion: 123.0.6312.122 (31f8248cdd9..., userDataDir: C:\Users\dP-PL\AppData\Loca...}, fedcm:accounts: true, goog:chromeOptions: {debuggerAddress: localhost:51256}, javascriptEnabled: true, networkConnectionEnabled: false, pageLoadStrategy: normal, platform: WINDOWS, platformName: WINDOWS, proxy: Proxy(), setWindowRect: true, strictFileInteractability: false, timeouts: {implicit: 0, pageLoad: 300000, script: 30000}, unhandledPromptBehavior: dismiss and notify, webauthn:extension:credBlob: true, webauthn:extension:largeBlob: true, webauthn:extension:minPinLength: true, webauthn:extension:prf: true, webauthn:virtualAuthenticators: true}
Session ID: a59c4df4811f82049fe754efe723d3c1
2024-04-17 18:35:58,754 [main] ERROR RotationCopy_test - Element did not become visible within the specified time: Expected condition failed: waiting for helper.WaitUtility$5@15e71233 (tried for 30 second(s) with 500 milliseconds interval)
Build info: version: '3.141.59', revision: 'e82be7d358', time: '2018-11-14T08:17:03'
System info: host: 'DPLAP166', ip: '137.237.2.236', os.name: 'Windows 10', os.arch: 'amd64', os.version: '10.0', java.version: '19.0.1'
Driver info: org.openqa.selenium.support.events.EventFiringWebDriver
Capabilities {acceptInsecureCerts: true, browserName: chrome, browserVersion: 123.0.6312.123, chrome: {chromedriverVersion: 123.0.6312.122 (31f8248cdd9..., userDataDir: C:\Users\dP-PL\AppData\Loca...}, fedcm:accounts: true, goog:chromeOptions: {debuggerAddress: localhost:51256}, javascriptEnabled: true, networkConnectionEnabled: false, pageLoadStrategy: normal, platform: WINDOWS, platformName: WINDOWS, proxy: Proxy(), setWindowRect: true, strictFileInteractability: false, timeouts: {implicit: 0, pageLoad: 300000, script: 30000}, unhandledPromptBehavior: dismiss and notify, webauthn:extension:credBlob: true, webauthn:extension:largeBlob: true, webauthn:extension:minPinLength: true, webauthn:extension:prf: true, webauthn:virtualAuthenticators: true}
Session ID: a59c4df4811f82049fe754efe723d3c1
2024-04-17 18:35:58,754 [main] INFO  base.BaseClass - Trying to find Element By {by.toString()})
2024-04-17 18:35:58,764 [main] INFO  base.BaseClass - Found Element By {by.toString()}
2024-04-17 18:35:58,764 [main] INFO  base.BaseClass - Trying to click on: {element.toString()}
2024-04-17 18:35:58,851 [main] INFO  base.BaseClass - Clicked on: {element.toString()}
2024-04-17 18:35:58,852 [main] INFO  base.BaseClass - Trying to find Element By {by.toString()})
2024-04-17 18:35:58,868 [main] INFO  base.BaseClass - Found Element By {by.toString()}
2024-04-17 18:35:59,397 [main] INFO  base.BaseClass - Trying to find Element By {by.toString()})
2024-04-17 18:35:59,428 [main] INFO  base.BaseClass - Found Element By {by.toString()}
2024-04-17 18:35:59,959 [main] INFO  base.BaseClass - Trying to find Element By {by.toString()})
2024-04-17 18:35:59,991 [main] INFO  base.BaseClass - Found Element By {by.toString()}
2024-04-17 18:36:00,531 [main] INFO  base.BaseClass - Trying to find Element By {by.toString()})
2024-04-17 18:36:00,557 [main] INFO  base.BaseClass - Found Element By {by.toString()}
2024-04-17 18:36:01,091 [main] INFO  base.BaseClass - Trying to find Element By {by.toString()})
2024-04-17 18:36:01,114 [main] INFO  base.BaseClass - Found Element By {by.toString()}
2024-04-17 18:36:01,653 [main] INFO  base.BaseClass - Trying to find Element By {by.toString()})
2024-04-17 18:36:01,677 [main] INFO  base.BaseClass - Found Element By {by.toString()}
2024-04-17 18:36:02,213 [main] INFO  base.BaseClass - Trying to find Element By {by.toString()})
2024-04-17 18:36:02,225 [main] INFO  base.BaseClass - Found Element By {by.toString()}
2024-04-17 18:36:02,759 [main] INFO  base.BaseClass - Trying to find Element By {by.toString()})
2024-04-17 18:36:02,788 [main] INFO  base.BaseClass - Found Element By {by.toString()}
2024-04-17 18:36:03,329 [main] INFO  base.BaseClass - Trying to find Element By {by.toString()})
2024-04-17 18:36:03,352 [main] INFO  base.BaseClass - Found Element By {by.toString()}
2024-04-17 18:36:03,885 [main] INFO  base.BaseClass - Trying to find Element By {by.toString()})
2024-04-17 18:36:03,916 [main] INFO  base.BaseClass - Found Element By {by.toString()}
2024-04-17 18:36:04,459 [main] INFO  base.BaseClass - Trying to find Element By {by.toString()})
2024-04-17 18:36:04,522 [main] INFO  base.BaseClass - Found Element By {by.toString()}
2024-04-17 18:36:05,065 [main] INFO  base.BaseClass - Trying to find Element By {by.toString()})
2024-04-17 18:36:05,093 [main] INFO  base.BaseClass - Found Element By {by.toString()}
2024-04-17 18:36:05,626 [main] INFO  base.BaseClass - Trying to find Element By {by.toString()})
2024-04-17 18:36:05,650 [main] INFO  base.BaseClass - Found Element By {by.toString()}
2024-04-17 18:36:06,181 [main] INFO  base.BaseClass - Trying to find Element By {by.toString()})
2024-04-17 18:36:06,202 [main] INFO  base.BaseClass - Found Element By {by.toString()}
2024-04-17 18:36:06,727 [main] INFO  base.BaseClass - Trying to find Element By {by.toString()})
2024-04-17 18:36:06,749 [main] INFO  base.BaseClass - Found Element By {by.toString()}
2024-04-17 18:36:07,285 [main] INFO  base.BaseClass - Trying to find Element By {by.toString()})
2024-04-17 18:36:07,298 [main] INFO  base.BaseClass - Found Element By {by.toString()}
2024-04-17 18:36:07,828 [main] INFO  base.BaseClass - Trying to find Element By {by.toString()})
2024-04-17 18:36:07,845 [main] INFO  base.BaseClass - Found Element By {by.toString()}
2024-04-17 18:36:08,368 [main] INFO  base.BaseClass - Trying to find Element By {by.toString()})
2024-04-17 18:36:08,386 [main] INFO  base.BaseClass - Found Element By {by.toString()}
2024-04-17 18:36:08,909 [main] INFO  base.BaseClass - Trying to find Element By {by.toString()})
2024-04-17 18:36:08,933 [main] INFO  base.BaseClass - Found Element By {by.toString()}
2024-04-17 18:36:09,466 [main] INFO  base.BaseClass - Trying to find Element By {by.toString()})
2024-04-17 18:36:09,494 [main] INFO  base.BaseClass - Found Element By {by.toString()}
2024-04-17 18:36:10,028 [main] INFO  base.BaseClass - Trying to find Element By {by.toString()})
2024-04-17 18:36:10,050 [main] INFO  base.BaseClass - Found Element By {by.toString()}
2024-04-17 18:36:10,587 [main] INFO  base.BaseClass - Trying to find Element By {by.toString()})
2024-04-17 18:36:10,605 [main] INFO  base.BaseClass - Found Element By {by.toString()}
2024-04-17 18:36:11,130 [main] INFO  base.BaseClass - Trying to find Element By {by.toString()})
2024-04-17 18:36:11,165 [main] INFO  base.BaseClass - Found Element By {by.toString()}
2024-04-17 18:36:11,703 [main] INFO  base.BaseClass - Trying to find Element By {by.toString()})
2024-04-17 18:36:11,731 [main] INFO  base.BaseClass - Found Element By {by.toString()}
2024-04-17 18:36:12,262 [main] INFO  base.BaseClass - Trying to find Element By {by.toString()})
2024-04-17 18:36:12,283 [main] INFO  base.BaseClass - Found Element By {by.toString()}
2024-04-17 18:36:12,825 [main] INFO  base.BaseClass - Trying to find Element By {by.toString()})
2024-04-17 18:36:12,845 [main] INFO  base.BaseClass - Found Element By {by.toString()}
2024-04-17 18:36:13,368 [main] INFO  base.BaseClass - Trying to find Element By {by.toString()})
2024-04-17 18:36:13,382 [main] INFO  base.BaseClass - Found Element By {by.toString()}
2024-04-17 18:36:13,910 [main] INFO  base.BaseClass - Trying to find Element By {by.toString()})
2024-04-17 18:36:13,934 [main] INFO  base.BaseClass - Found Element By {by.toString()}
2024-04-17 18:36:14,465 [main] INFO  base.BaseClass - Trying to find Element By {by.toString()})
2024-04-17 18:36:14,483 [main] INFO  base.BaseClass - Found Element By {by.toString()}
2024-04-17 18:36:15,011 [main] INFO  base.BaseClass - Trying to find Element By {by.toString()})
2024-04-17 18:36:15,031 [main] INFO  base.BaseClass - Found Element By {by.toString()}
2024-04-17 18:36:15,556 [main] INFO  base.BaseClass - Trying to find Element By {by.toString()})
2024-04-17 18:36:15,568 [main] INFO  base.BaseClass - Found Element By {by.toString()}
2024-04-17 18:36:16,086 [main] INFO  base.BaseClass - Trying to find Element By {by.toString()})
2024-04-17 18:36:16,107 [main] INFO  base.BaseClass - Found Element By {by.toString()}
2024-04-17 18:36:16,645 [main] INFO  base.BaseClass - Trying to find Element By {by.toString()})
2024-04-17 18:36:16,673 [main] INFO  base.BaseClass - Found Element By {by.toString()}
2024-04-17 18:36:17,205 [main] INFO  base.BaseClass - Trying to find Element By {by.toString()})
2024-04-17 18:36:17,220 [main] INFO  base.BaseClass - Found Element By {by.toString()}
2024-04-17 18:36:17,796 [main] INFO  base.BaseClass - Trying to find Element By {by.toString()})
2024-04-17 18:36:17,836 [main] INFO  base.BaseClass - Found Element By {by.toString()}
2024-04-17 18:36:18,372 [main] INFO  base.BaseClass - Trying to find Element By {by.toString()})
2024-04-17 18:36:18,391 [main] INFO  base.BaseClass - Found Element By {by.toString()}
2024-04-17 18:36:18,929 [main] INFO  base.BaseClass - Trying to find Element By {by.toString()})
2024-04-17 18:36:18,952 [main] INFO  base.BaseClass - Found Element By {by.toString()}
2024-04-17 18:36:19,490 [main] INFO  base.BaseClass - Trying to find Element By {by.toString()})
2024-04-17 18:36:19,509 [main] INFO  base.BaseClass - Found Element By {by.toString()}
2024-04-17 18:36:20,033 [main] INFO  base.BaseClass - Trying to find Element By {by.toString()})
2024-04-17 18:36:20,056 [main] INFO  base.BaseClass - Found Element By {by.toString()}
2024-04-17 18:36:20,591 [main] INFO  base.BaseClass - Trying to find Element By {by.toString()})
2024-04-17 18:36:20,610 [main] INFO  base.BaseClass - Found Element By {by.toString()}
2024-04-17 18:36:21,136 [main] INFO  base.BaseClass - Trying to find Element By {by.toString()})
2024-04-17 18:36:21,152 [main] INFO  base.BaseClass - Found Element By {by.toString()}
2024-04-17 18:36:21,678 [main] INFO  base.BaseClass - Trying to find Element By {by.toString()})
2024-04-17 18:36:21,698 [main] INFO  base.BaseClass - Found Element By {by.toString()}
2024-04-17 18:36:22,236 [main] INFO  base.BaseClass - Trying to find Element By {by.toString()})
2024-04-17 18:36:22,250 [main] INFO  base.BaseClass - Found Element By {by.toString()}
2024-04-17 18:36:22,782 [main] INFO  base.BaseClass - Trying to find Element By {by.toString()})
2024-04-17 18:36:22,804 [main] INFO  base.BaseClass - Found Element By {by.toString()}
2024-04-17 18:36:23,327 [main] INFO  base.BaseClass - Trying to find Element By {by.toString()})
2024-04-17 18:36:23,348 [main] INFO  base.BaseClass - Found Element By {by.toString()}
2024-04-17 18:36:23,887 [main] INFO  base.BaseClass - Trying to find Element By {by.toString()})
2024-04-17 18:36:23,907 [main] INFO  base.BaseClass - Found Element By {by.toString()}
2024-04-17 18:36:24,446 [main] INFO  base.BaseClass - Trying to find Element By {by.toString()})
2024-04-17 18:36:24,473 [main] INFO  base.BaseClass - Found Element By {by.toString()}
2024-04-17 18:36:25,003 [main] INFO  base.BaseClass - Trying to find Element By {by.toString()})
2024-04-17 18:36:25,024 [main] INFO  base.BaseClass - Found Element By {by.toString()}
2024-04-17 18:36:25,561 [main] INFO  base.BaseClass - Trying to find Element By {by.toString()})
2024-04-17 18:36:25,588 [main] INFO  base.BaseClass - Found Element By {by.toString()}
2024-04-17 18:36:26,122 [main] INFO  base.BaseClass - Trying to find Element By {by.toString()})
2024-04-17 18:36:26,151 [main] INFO  base.BaseClass - Found Element By {by.toString()}
2024-04-17 18:36:26,682 [main] INFO  base.BaseClass - Trying to find Element By {by.toString()})
2024-04-17 18:36:26,709 [main] INFO  base.BaseClass - Found Element By {by.toString()}
2024-04-17 18:36:27,242 [main] INFO  base.BaseClass - Trying to find Element By {by.toString()})
2024-04-17 18:36:27,264 [main] INFO  base.BaseClass - Found Element By {by.toString()}
2024-04-17 18:36:27,800 [main] INFO  base.BaseClass - Trying to find Element By {by.toString()})
2024-04-17 18:36:27,829 [main] INFO  base.BaseClass - Found Element By {by.toString()}
2024-04-17 18:36:28,362 [main] INFO  base.BaseClass - Trying to find Element By {by.toString()})
2024-04-17 18:36:28,377 [main] INFO  base.BaseClass - Found Element By {by.toString()}
2024-04-17 18:36:28,907 [main] INFO  base.BaseClass - Trying to find Element By {by.toString()})
2024-04-17 18:36:28,935 [main] INFO  base.BaseClass - Found Element By {by.toString()}
TimeoutException occurred: Expected condition failed: waiting for helper.WaitUtility$5@7328ed95 (tried for 30 second(s) with 500 milliseconds interval)
Build info: version: '3.141.59', revision: 'e82be7d358', time: '2018-11-14T08:17:03'
System info: host: 'DPLAP166', ip: '137.237.2.236', os.name: 'Windows 10', os.arch: 'amd64', os.version: '10.0', java.version: '19.0.1'
Driver info: org.openqa.selenium.support.events.EventFiringWebDriver
Capabilities {acceptInsecureCerts: true, browserName: chrome, browserVersion: 123.0.6312.123, chrome: {chromedriverVersion: 123.0.6312.122 (31f8248cdd9..., userDataDir: C:\Users\dP-PL\AppData\Loca...}, fedcm:accounts: true, goog:chromeOptions: {debuggerAddress: localhost:51256}, javascriptEnabled: true, networkConnectionEnabled: false, pageLoadStrategy: normal, platform: WINDOWS, platformName: WINDOWS, proxy: Proxy(), setWindowRect: true, strictFileInteractability: false, timeouts: {implicit: 0, pageLoad: 300000, script: 30000}, unhandledPromptBehavior: dismiss and notify, webauthn:extension:credBlob: true, webauthn:extension:largeBlob: true, webauthn:extension:minPinLength: true, webauthn:extension:prf: true, webauthn:virtualAuthenticators: true}
Session ID: a59c4df4811f82049fe754efe723d3c1
2024-04-17 18:36:28,952 [main] ERROR RotationCopy_test - Element did not become visible within the specified time: Expected condition failed: waiting for helper.WaitUtility$5@7328ed95 (tried for 30 second(s) with 500 milliseconds interval)
Build info: version: '3.141.59', revision: 'e82be7d358', time: '2018-11-14T08:17:03'
System info: host: 'DPLAP166', ip: '137.237.2.236', os.name: 'Windows 10', os.arch: 'amd64', os.version: '10.0', java.version: '19.0.1'
Driver info: org.openqa.selenium.support.events.EventFiringWebDriver
Capabilities {acceptInsecureCerts: true, browserName: chrome, browserVersion: 123.0.6312.123, chrome: {chromedriverVersion: 123.0.6312.122 (31f8248cdd9..., userDataDir: C:\Users\dP-PL\AppData\Loca...}, fedcm:accounts: true, goog:chromeOptions: {debuggerAddress: localhost:51256}, javascriptEnabled: true, networkConnectionEnabled: false, pageLoadStrategy: normal, platform: WINDOWS, platformName: WINDOWS, proxy: Proxy(), setWindowRect: true, strictFileInteractability: false, timeouts: {implicit: 0, pageLoad: 300000, script: 30000}, unhandledPromptBehavior: dismiss and notify, webauthn:extension:credBlob: true, webauthn:extension:largeBlob: true, webauthn:extension:minPinLength: true, webauthn:extension:prf: true, webauthn:virtualAuthenticators: true}
Session ID: a59c4df4811f82049fe754efe723d3c1
2024-04-17 18:36:28,952 [main] INFO  base.BaseClass - Trying to find Element By {by.toString()})
2024-04-17 18:36:28,962 [main] INFO  base.BaseClass - Found Element By {by.toString()}
2024-04-17 18:36:28,962 [main] INFO  base.BaseClass - Trying to click on: {element.toString()}
2024-04-17 18:36:29,096 [main] INFO  base.BaseClass - Clicked on: {element.toString()}
2024-04-17 18:36:29,103 [main] INFO  base.BaseClass - Trying to find Element By {by.toString()})
2024-04-17 18:36:29,175 [main] INFO  base.BaseClass - Found Element By {by.toString()}
2024-04-17 18:36:29,697 [main] INFO  base.BaseClass - Trying to find Element By {by.toString()})
2024-04-17 18:36:29,729 [main] INFO  base.BaseClass - Found Element By {by.toString()}
2024-04-17 18:36:30,260 [main] INFO  base.BaseClass - Trying to find Element By {by.toString()})
2024-04-17 18:36:30,282 [main] INFO  base.BaseClass - Found Element By {by.toString()}
2024-04-17 18:36:30,819 [main] INFO  base.BaseClass - Trying to find Element By {by.toString()})
2024-04-17 18:36:30,839 [main] INFO  base.BaseClass - Found Element By {by.toString()}
2024-04-17 18:36:31,380 [main] INFO  base.BaseClass - Trying to find Element By {by.toString()})
2024-04-17 18:36:31,409 [main] INFO  base.BaseClass - Found Element By {by.toString()}
2024-04-17 18:36:31,956 [main] INFO  base.BaseClass - Trying to find Element By {by.toString()})
2024-04-17 18:36:31,976 [main] INFO  base.BaseClass - Found Element By {by.toString()}
2024-04-17 18:36:32,501 [main] INFO  base.BaseClass - Trying to find Element By {by.toString()})
2024-04-17 18:36:32,521 [main] INFO  base.BaseClass - Found Element By {by.toString()}
2024-04-17 18:36:33,056 [main] INFO  base.BaseClass - Trying to find Element By {by.toString()})
2024-04-17 18:36:33,078 [main] INFO  base.BaseClass - Found Element By {by.toString()}
2024-04-17 18:36:33,614 [main] INFO  base.BaseClass - Trying to find Element By {by.toString()})
2024-04-17 18:36:33,641 [main] INFO  base.BaseClass - Found Element By {by.toString()}
2024-04-17 18:36:34,175 [main] INFO  base.BaseClass - Trying to find Element By {by.toString()})
2024-04-17 18:36:34,193 [main] INFO  base.BaseClass - Found Element By {by.toString()}
2024-04-17 18:36:34,723 [main] INFO  base.BaseClass - Trying to find Element By {by.toString()})
2024-04-17 18:36:34,748 [main] INFO  base.BaseClass - Found Element By {by.toString()}
2024-04-17 18:36:35,279 [main] INFO  base.BaseClass - Trying to find Element By {by.toString()})
2024-04-17 18:36:35,310 [main] INFO  base.BaseClass - Found Element By {by.toString()}
2024-04-17 18:36:35,840 [main] INFO  base.BaseClass - Trying to find Element By {by.toString()})
2024-04-17 18:36:35,866 [main] INFO  base.BaseClass - Found Element By {by.toString()}
2024-04-17 18:36:36,389 [main] INFO  base.BaseClass - Trying to find Element By {by.toString()})
2024-04-17 18:36:36,406 [main] INFO  base.BaseClass - Found Element By {by.toString()}
2024-04-17 18:36:36,948 [main] INFO  base.BaseClass - Trying to find Element By {by.toString()})
2024-04-17 18:36:36,974 [main] INFO  base.BaseClass - Found Element By {by.toString()}
2024-04-17 18:36:37,508 [main] INFO  base.BaseClass - Trying to find Element By {by.toString()})
2024-04-17 18:36:37,529 [main] INFO  base.BaseClass - Found Element By {by.toString()}
2024-04-17 18:36:38,052 [main] INFO  base.BaseClass - Trying to find Element By {by.toString()})
2024-04-17 18:36:38,084 [main] INFO  base.BaseClass - Found Element By {by.toString()}
2024-04-17 18:36:38,624 [main] INFO  base.BaseClass - Trying to find Element By {by.toString()})
2024-04-17 18:36:38,643 [main] INFO  base.BaseClass - Found Element By {by.toString()}
2024-04-17 18:36:39,166 [main] INFO  base.BaseClass - Trying to find Element By {by.toString()})
2024-04-17 18:36:39,186 [main] INFO  base.BaseClass - Found Element By {by.toString()}
2024-04-17 18:36:39,709 [main] INFO  base.BaseClass - Trying to find Element By {by.toString()})
2024-04-17 18:36:39,727 [main] INFO  base.BaseClass - Found Element By {by.toString()}
2024-04-17 18:36:40,250 [main] INFO  base.BaseClass - Trying to find Element By {by.toString()})
2024-04-17 18:36:40,283 [main] INFO  base.BaseClass - Found Element By {by.toString()}
2024-04-17 18:36:40,827 [main] INFO  base.BaseClass - Trying to find Element By {by.toString()})
2024-04-17 18:36:40,854 [main] INFO  base.BaseClass - Found Element By {by.toString()}
2024-04-17 18:36:41,375 [main] INFO  base.BaseClass - Trying to find Element By {by.toString()})
2024-04-17 18:36:41,397 [main] INFO  base.BaseClass - Found Element By {by.toString()}
2024-04-17 18:36:41,933 [main] INFO  base.BaseClass - Trying to find Element By {by.toString()})
2024-04-17 18:36:41,948 [main] INFO  base.BaseClass - Found Element By {by.toString()}
2024-04-17 18:36:42,479 [main] INFO  base.BaseClass - Trying to find Element By {by.toString()})
2024-04-17 18:36:42,505 [main] INFO  base.BaseClass - Found Element By {by.toString()}
2024-04-17 18:36:43,037 [main] INFO  base.BaseClass - Trying to find Element By {by.toString()})
2024-04-17 18:36:43,051 [main] INFO  base.BaseClass - Found Element By {by.toString()}
2024-04-17 18:36:43,582 [main] INFO  base.BaseClass - Trying to find Element By {by.toString()})
2024-04-17 18:36:43,611 [main] INFO  base.BaseClass - Found Element By {by.toString()}
2024-04-17 18:36:44,144 [main] INFO  base.BaseClass - Trying to find Element By {by.toString()})
2024-04-17 18:36:44,166 [main] INFO  base.BaseClass - Found Element By {by.toString()}
2024-04-17 18:36:44,688 [main] INFO  base.BaseClass - Trying to find Element By {by.toString()})
2024-04-17 18:36:44,709 [main] INFO  base.BaseClass - Found Element By {by.toString()}
2024-04-17 18:36:45,246 [main] INFO  base.BaseClass - Trying to find Element By {by.toString()})
2024-04-17 18:36:45,265 [main] INFO  base.BaseClass - Found Element By {by.toString()}
2024-04-17 18:36:45,806 [main] INFO  base.BaseClass - Trying to find Element By {by.toString()})
2024-04-17 18:36:45,839 [main] INFO  base.BaseClass - Found Element By {by.toString()}
2024-04-17 18:36:46,396 [main] INFO  base.BaseClass - Trying to find Element By {by.toString()})
2024-04-17 18:36:46,425 [main] INFO  base.BaseClass - Found Element By {by.toString()}
2024-04-17 18:36:46,955 [main] INFO  base.BaseClass - Trying to find Element By {by.toString()})
2024-04-17 18:36:46,975 [main] INFO  base.BaseClass - Found Element By {by.toString()}
2024-04-17 18:36:47,513 [main] INFO  base.BaseClass - Trying to find Element By {by.toString()})
2024-04-17 18:36:47,546 [main] INFO  base.BaseClass - Found Element By {by.toString()}
2024-04-17 18:36:48,076 [main] INFO  base.BaseClass - Trying to find Element By {by.toString()})
2024-04-17 18:36:48,101 [main] INFO  base.BaseClass - Found Element By {by.toString()}
2024-04-17 18:36:48,634 [main] INFO  base.BaseClass - Trying to find Element By {by.toString()})
2024-04-17 18:36:48,648 [main] INFO  base.BaseClass - Found Element By {by.toString()}
2024-04-17 18:36:49,178 [main] INFO  base.BaseClass - Trying to find Element By {by.toString()})
2024-04-17 18:36:49,200 [main] INFO  base.BaseClass - Found Element By {by.toString()}
2024-04-17 18:36:49,725 [main] INFO  base.BaseClass - Trying to find Element By {by.toString()})
2024-04-17 18:36:49,746 [main] INFO  base.BaseClass - Found Element By {by.toString()}
2024-04-17 18:36:50,283 [main] INFO  base.BaseClass - Trying to find Element By {by.toString()})
2024-04-17 18:36:50,306 [main] INFO  base.BaseClass - Found Element By {by.toString()}
2024-04-17 18:36:50,828 [main] INFO  base.BaseClass - Trying to find Element By {by.toString()})
2024-04-17 18:36:50,856 [main] INFO  base.BaseClass - Found Element By {by.toString()}
2024-04-17 18:36:51,398 [main] INFO  base.BaseClass - Trying to find Element By {by.toString()})
2024-04-17 18:36:51,414 [main] INFO  base.BaseClass - Found Element By {by.toString()}
2024-04-17 18:36:51,939 [main] INFO  base.BaseClass - Trying to find Element By {by.toString()})
2024-04-17 18:36:51,960 [main] INFO  base.BaseClass - Found Element By {by.toString()}
2024-04-17 18:36:52,485 [main] INFO  base.BaseClass - Trying to find Element By {by.toString()})
2024-04-17 18:36:52,498 [main] INFO  base.BaseClass - Found Element By {by.toString()}
2024-04-17 18:36:53,026 [main] INFO  base.BaseClass - Trying to find Element By {by.toString()})
2024-04-17 18:36:53,041 [main] INFO  base.BaseClass - Found Element By {by.toString()}
2024-04-17 18:36:53,569 [main] INFO  base.BaseClass - Trying to find Element By {by.toString()})
2024-04-17 18:36:53,587 [main] INFO  base.BaseClass - Found Element By {by.toString()}
2024-04-17 18:36:54,116 [main] INFO  base.BaseClass - Trying to find Element By {by.toString()})
2024-04-17 18:36:54,147 [main] INFO  base.BaseClass - Found Element By {by.toString()}
2024-04-17 18:36:54,695 [main] INFO  base.BaseClass - Trying to find Element By {by.toString()})
2024-04-17 18:36:54,729 [main] INFO  base.BaseClass - Found Element By {by.toString()}
2024-04-17 18:36:55,283 [main] INFO  base.BaseClass - Trying to find Element By {by.toString()})
2024-04-17 18:36:55,295 [main] INFO  base.BaseClass - Found Element By {by.toString()}
2024-04-17 18:36:55,824 [main] INFO  base.BaseClass - Trying to find Element By {by.toString()})
2024-04-17 18:36:55,859 [main] INFO  base.BaseClass - Found Element By {by.toString()}
2024-04-17 18:36:56,415 [main] INFO  base.BaseClass - Trying to find Element By {by.toString()})
2024-04-17 18:36:56,435 [main] INFO  base.BaseClass - Found Element By {by.toString()}
2024-04-17 18:36:56,961 [main] INFO  base.BaseClass - Trying to find Element By {by.toString()})
2024-04-17 18:36:56,987 [main] INFO  base.BaseClass - Found Element By {by.toString()}
2024-04-17 18:36:57,524 [main] INFO  base.BaseClass - Trying to find Element By {by.toString()})
2024-04-17 18:36:57,550 [main] INFO  base.BaseClass - Found Element By {by.toString()}
2024-04-17 18:36:58,096 [main] INFO  base.BaseClass - Trying to find Element By {by.toString()})
2024-04-17 18:36:58,122 [main] INFO  base.BaseClass - Found Element By {by.toString()}
2024-04-17 18:36:58,656 [main] INFO  base.BaseClass - Trying to find Element By {by.toString()})
2024-04-17 18:36:58,671 [main] INFO  base.BaseClass - Found Element By {by.toString()}
2024-04-17 18:36:59,196 [main] INFO  base.BaseClass - Trying to find Element By {by.toString()})
2024-04-17 18:36:59,208 [main] INFO  base.BaseClass - Found Element By {by.toString()}
TimeoutException occurred: Expected condition failed: waiting for helper.WaitUtility$5@1f968b81 (tried for 30 second(s) with 500 milliseconds interval)
Build info: version: '3.141.59', revision: 'e82be7d358', time: '2018-11-14T08:17:03'
System info: host: 'DPLAP166', ip: '137.237.2.236', os.name: 'Windows 10', os.arch: 'amd64', os.version: '10.0', java.version: '19.0.1'
Driver info: org.openqa.selenium.support.events.EventFiringWebDriver
Capabilities {acceptInsecureCerts: true, browserName: chrome, browserVersion: 123.0.6312.123, chrome: {chromedriverVersion: 123.0.6312.122 (31f8248cdd9..., userDataDir: C:\Users\dP-PL\AppData\Loca...}, fedcm:accounts: true, goog:chromeOptions: {debuggerAddress: localhost:51256}, javascriptEnabled: true, networkConnectionEnabled: false, pageLoadStrategy: normal, platform: WINDOWS, platformName: WINDOWS, proxy: Proxy(), setWindowRect: true, strictFileInteractability: false, timeouts: {implicit: 0, pageLoad: 300000, script: 30000}, unhandledPromptBehavior: dismiss and notify, webauthn:extension:credBlob: true, webauthn:extension:largeBlob: true, webauthn:extension:minPinLength: true, webauthn:extension:prf: true, webauthn:virtualAuthenticators: true}
Session ID: a59c4df4811f82049fe754efe723d3c1
2024-04-17 18:36:59,227 [main] ERROR RotationCopy_test - Element did not become visible within the specified time: Expected condition failed: waiting for helper.WaitUtility$5@1f968b81 (tried for 30 second(s) with 500 milliseconds interval)
Build info: version: '3.141.59', revision: 'e82be7d358', time: '2018-11-14T08:17:03'
System info: host: 'DPLAP166', ip: '137.237.2.236', os.name: 'Windows 10', os.arch: 'amd64', os.version: '10.0', java.version: '19.0.1'
Driver info: org.openqa.selenium.support.events.EventFiringWebDriver
Capabilities {acceptInsecureCerts: true, browserName: chrome, browserVersion: 123.0.6312.123, chrome: {chromedriverVersion: 123.0.6312.122 (31f8248cdd9..., userDataDir: C:\Users\dP-PL\AppData\Loca...}, fedcm:accounts: true, goog:chromeOptions: {debuggerAddress: localhost:51256}, javascriptEnabled: true, networkConnectionEnabled: false, pageLoadStrategy: normal, platform: WINDOWS, platformName: WINDOWS, proxy: Proxy(), setWindowRect: true, strictFileInteractability: false, timeouts: {implicit: 0, pageLoad: 300000, script: 30000}, unhandledPromptBehavior: dismiss and notify, webauthn:extension:credBlob: true, webauthn:extension:largeBlob: true, webauthn:extension:minPinLength: true, webauthn:extension:prf: true, webauthn:virtualAuthenticators: true}
Session ID: a59c4df4811f82049fe754efe723d3c1
2024-04-17 18:36:59,227 [main] INFO  base.BaseClass - Trying to find Element By {by.toString()})
2024-04-17 18:36:59,239 [main] INFO  base.BaseClass - Found Element By {by.toString()}
2024-04-17 18:36:59,239 [main] INFO  base.BaseClass - Trying to click on: {element.toString()}
2024-04-17 18:36:59,317 [main] INFO  base.BaseClass - Clicked on: {element.toString()}
2024-04-17 18:36:59,324 [main] INFO  base.BaseClass - Trying to find Element By {by.toString()})
2024-04-17 18:36:59,337 [main] INFO  base.BaseClass - Found Element By {by.toString()}
2024-04-17 18:36:59,864 [main] INFO  base.BaseClass - Trying to find Element By {by.toString()})
2024-04-17 18:36:59,878 [main] INFO  base.BaseClass - Found Element By {by.toString()}
StaleElementReferenceException occurred: stale element reference: stale element not found in the current frame
  (Session info: chrome=123.0.6312.123)
For documentation on this error, please visit: https://www.seleniumhq.org/exceptions/stale_element_reference.html
Build info: version: '3.141.59', revision: 'e82be7d358', time: '2018-11-14T08:17:03'
System info: host: 'DPLAP166', ip: '137.237.2.236', os.name: 'Windows 10', os.arch: 'amd64', os.version: '10.0', java.version: '19.0.1'
Driver info: org.openqa.selenium.chrome.ChromeDriver
Capabilities {acceptInsecureCerts: true, browserName: chrome, browserVersion: 123.0.6312.123, chrome: {chromedriverVersion: 123.0.6312.122 (31f8248cdd9..., userDataDir: C:\Users\dP-PL\AppData\Loca...}, fedcm:accounts: true, goog:chromeOptions: {debuggerAddress: localhost:51256}, javascriptEnabled: true, networkConnectionEnabled: false, pageLoadStrategy: normal, platform: WINDOWS, platformName: WINDOWS, proxy: Proxy(), setWindowRect: true, strictFileInteractability: false, timeouts: {implicit: 0, pageLoad: 300000, script: 30000}, unhandledPromptBehavior: dismiss and notify, webauthn:extension:credBlob: true, webauthn:extension:largeBlob: true, webauthn:extension:minPinLength: true, webauthn:extension:prf: true, webauthn:virtualAuthenticators: true}
Session ID: a59c4df4811f82049fe754efe723d3c1
2024-04-17 18:36:59,989 [main] ERROR RotationCopy_test - Element did not become visible within the specified time: stale element reference: stale element not found in the current frame
  (Session info: chrome=123.0.6312.123)
For documentation on this error, please visit: https://www.seleniumhq.org/exceptions/stale_element_reference.html
Build info: version: '3.141.59', revision: 'e82be7d358', time: '2018-11-14T08:17:03'
System info: host: 'DPLAP166', ip: '137.237.2.236', os.name: 'Windows 10', os.arch: 'amd64', os.version: '10.0', java.version: '19.0.1'
Driver info: org.openqa.selenium.chrome.ChromeDriver
Capabilities {acceptInsecureCerts: true, browserName: chrome, browserVersion: 123.0.6312.123, chrome: {chromedriverVersion: 123.0.6312.122 (31f8248cdd9..., userDataDir: C:\Users\dP-PL\AppData\Loca...}, fedcm:accounts: true, goog:chromeOptions: {debuggerAddress: localhost:51256}, javascriptEnabled: true, networkConnectionEnabled: false, pageLoadStrategy: normal, platform: WINDOWS, platformName: WINDOWS, proxy: Proxy(), setWindowRect: true, strictFileInteractability: false, timeouts: {implicit: 0, pageLoad: 300000, script: 30000}, unhandledPromptBehavior: dismiss and notify, webauthn:extension:credBlob: true, webauthn:extension:largeBlob: true, webauthn:extension:minPinLength: true, webauthn:extension:prf: true, webauthn:virtualAuthenticators: true}
Session ID: a59c4df4811f82049fe754efe723d3c1
2024-04-17 18:36:59,989 [main] INFO  base.BaseClass - Trying to find Element By {by.toString()})
2024-04-17 18:37:00,484 [main] INFO  base.BaseClass - Found Element By {by.toString()}
2024-04-17 18:37:00,484 [main] INFO  base.BaseClass - Trying to click on: {element.toString()}
2024-04-17 18:37:00,626 [main] INFO  base.BaseClass - Clicked on: {element.toString()}
2024-04-17 18:37:00,626 [main] INFO  base.BaseClass - Trying to find Element By {by.toString()})
2024-04-17 18:37:01,507 [main] INFO  base.BaseClass - Found Element By {by.toString()}
2024-04-17 18:37:02,039 [main] INFO  base.BaseClass - Trying to find Element By {by.toString()})
2024-04-17 18:37:02,064 [main] INFO  base.BaseClass - Found Element By {by.toString()}
2024-04-17 18:37:02,619 [main] INFO  base.BaseClass - Trying to find Element By {by.toString()})
2024-04-17 18:37:02,655 [main] INFO  base.BaseClass - Found Element By {by.toString()}
2024-04-17 18:37:03,193 [main] INFO  base.BaseClass - Trying to find Element By {by.toString()})
2024-04-17 18:37:03,207 [main] INFO  base.BaseClass - Found Element By {by.toString()}
2024-04-17 18:37:03,736 [main] INFO  base.BaseClass - Trying to find Element By {by.toString()})
2024-04-17 18:37:03,765 [main] INFO  base.BaseClass - Found Element By {by.toString()}
2024-04-17 18:37:04,295 [main] INFO  base.BaseClass - Trying to find Element By {by.toString()})
2024-04-17 18:37:04,323 [main] INFO  base.BaseClass - Found Element By {by.toString()}
2024-04-17 18:37:04,872 [main] INFO  base.BaseClass - Trying to find Element By {by.toString()})
2024-04-17 18:37:04,891 [main] INFO  base.BaseClass - Found Element By {by.toString()}
2024-04-17 18:37:05,418 [main] INFO  base.BaseClass - Trying to find Element By {by.toString()})
2024-04-17 18:37:05,440 [main] INFO  base.BaseClass - Found Element By {by.toString()}
2024-04-17 18:37:05,965 [main] INFO  base.BaseClass - Trying to find Element By {by.toString()})
2024-04-17 18:37:05,981 [main] INFO  base.BaseClass - Found Element By {by.toString()}
2024-04-17 18:37:06,508 [main] INFO  base.BaseClass - Trying to find Element By {by.toString()})
2024-04-17 18:37:06,531 [main] INFO  base.BaseClass - Found Element By {by.toString()}
2024-04-17 18:37:07,070 [main] INFO  base.BaseClass - Trying to find Element By {by.toString()})
2024-04-17 18:37:07,095 [main] INFO  base.BaseClass - Found Element By {by.toString()}
2024-04-17 18:37:07,628 [main] INFO  base.BaseClass - Trying to find Element By {by.toString()})
2024-04-17 18:37:07,642 [main] INFO  base.BaseClass - Found Element By {by.toString()}
2024-04-17 18:37:08,172 [main] INFO  base.BaseClass - Trying to find Element By {by.toString()})
2024-04-17 18:37:08,192 [main] INFO  base.BaseClass - Found Element By {by.toString()}
2024-04-17 18:37:08,715 [main] INFO  base.BaseClass - Trying to find Element By {by.toString()})
2024-04-17 18:37:08,747 [main] INFO  base.BaseClass - Found Element By {by.toString()}
2024-04-17 18:37:09,274 [main] INFO  base.BaseClass - Trying to find Element By {by.toString()})
2024-04-17 18:37:09,303 [main] INFO  base.BaseClass - Found Element By {by.toString()}
2024-04-17 18:37:09,848 [main] INFO  base.BaseClass - Trying to find Element By {by.toString()})
2024-04-17 18:37:09,862 [main] INFO  base.BaseClass - Found Element By {by.toString()}
2024-04-17 18:37:10,391 [main] INFO  base.BaseClass - Trying to find Element By {by.toString()})
2024-04-17 18:37:10,418 [main] INFO  base.BaseClass - Found Element By {by.toString()}
2024-04-17 18:37:10,953 [main] INFO  base.BaseClass - Trying to find Element By {by.toString()})
2024-04-17 18:37:10,980 [main] INFO  base.BaseClass - Found Element By {by.toString()}
2024-04-17 18:37:11,513 [main] INFO  base.BaseClass - Trying to find Element By {by.toString()})
2024-04-17 18:37:11,540 [main] INFO  base.BaseClass - Found Element By {by.toString()}
2024-04-17 18:37:12,075 [main] INFO  base.BaseClass - Trying to find Element By {by.toString()})
2024-04-17 18:37:12,102 [main] INFO  base.BaseClass - Found Element By {by.toString()}
2024-04-17 18:37:12,632 [main] INFO  base.BaseClass - Trying to find Element By {by.toString()})
2024-04-17 18:37:12,661 [main] INFO  base.BaseClass - Found Element By {by.toString()}
2024-04-17 18:37:13,206 [main] INFO  base.BaseClass - Trying to find Element By {by.toString()})
2024-04-17 18:37:13,229 [main] INFO  base.BaseClass - Found Element By {by.toString()}
2024-04-17 18:37:13,767 [main] INFO  base.BaseClass - Trying to find Element By {by.toString()})
2024-04-17 18:37:13,786 [main] INFO  base.BaseClass - Found Element By {by.toString()}
2024-04-17 18:37:14,307 [main] INFO  base.BaseClass - Trying to find Element By {by.toString()})
2024-04-17 18:37:14,325 [main] INFO  base.BaseClass - Found Element By {by.toString()}
2024-04-17 18:37:14,851 [main] INFO  base.BaseClass - Trying to find Element By {by.toString()})
2024-04-17 18:37:14,876 [main] INFO  base.BaseClass - Found Element By {by.toString()}
2024-04-17 18:37:15,411 [main] INFO  base.BaseClass - Trying to find Element By {by.toString()})
2024-04-17 18:37:15,437 [main] INFO  base.BaseClass - Found Element By {by.toString()}
2024-04-17 18:37:15,968 [main] INFO  base.BaseClass - Trying to find Element By {by.toString()})
2024-04-17 18:37:15,996 [main] INFO  base.BaseClass - Found Element By {by.toString()}
2024-04-17 18:37:16,524 [main] INFO  base.BaseClass - Trying to find Element By {by.toString()})
2024-04-17 18:37:16,544 [main] INFO  base.BaseClass - Found Element By {by.toString()}
2024-04-17 18:37:17,082 [main] INFO  base.BaseClass - Trying to find Element By {by.toString()})
2024-04-17 18:37:17,113 [main] INFO  base.BaseClass - Found Element By {by.toString()}
2024-04-17 18:37:17,656 [main] INFO  base.BaseClass - Trying to find Element By {by.toString()})
2024-04-17 18:37:17,684 [main] INFO  base.BaseClass - Found Element By {by.toString()}
2024-04-17 18:37:18,218 [main] INFO  base.BaseClass - Trying to find Element By {by.toString()})
2024-04-17 18:37:18,232 [main] INFO  base.BaseClass - Found Element By {by.toString()}
2024-04-17 18:37:18,763 [main] INFO  base.BaseClass - Trying to find Element By {by.toString()})
2024-04-17 18:37:18,791 [main] INFO  base.BaseClass - Found Element By {by.toString()}
2024-04-17 18:37:19,339 [main] INFO  base.BaseClass - Trying to find Element By {by.toString()})
2024-04-17 18:37:19,356 [main] INFO  base.BaseClass - Found Element By {by.toString()}
2024-04-17 18:37:19,899 [main] INFO  base.BaseClass - Trying to find Element By {by.toString()})
2024-04-17 18:37:19,922 [main] INFO  base.BaseClass - Found Element By {by.toString()}
2024-04-17 18:37:20,460 [main] INFO  base.BaseClass - Trying to find Element By {by.toString()})
2024-04-17 18:37:20,491 [main] INFO  base.BaseClass - Found Element By {by.toString()}
2024-04-17 18:37:21,023 [main] INFO  base.BaseClass - Trying to find Element By {by.toString()})
2024-04-17 18:37:21,045 [main] INFO  base.BaseClass - Found Element By {by.toString()}
2024-04-17 18:37:21,578 [main] INFO  base.BaseClass - Trying to find Element By {by.toString()})
2024-04-17 18:37:21,589 [main] INFO  base.BaseClass - Found Element By {by.toString()}
2024-04-17 18:37:22,106 [main] INFO  base.BaseClass - Trying to find Element By {by.toString()})
2024-04-17 18:37:22,127 [main] INFO  base.BaseClass - Found Element By {by.toString()}
2024-04-17 18:37:22,667 [main] INFO  base.BaseClass - Trying to find Element By {by.toString()})
2024-04-17 18:37:22,693 [main] INFO  base.BaseClass - Found Element By {by.toString()}
2024-04-17 18:37:23,229 [main] INFO  base.BaseClass - Trying to find Element By {by.toString()})
2024-04-17 18:37:23,248 [main] INFO  base.BaseClass - Found Element By {by.toString()}
2024-04-17 18:37:23,773 [main] INFO  base.BaseClass - Trying to find Element By {by.toString()})
2024-04-17 18:37:23,848 [main] INFO  base.BaseClass - Found Element By {by.toString()}
2024-04-17 18:37:24,382 [main] INFO  base.BaseClass - Trying to find Element By {by.toString()})
2024-04-17 18:37:24,406 [main] INFO  base.BaseClass - Found Element By {by.toString()}
2024-04-17 18:37:24,944 [main] INFO  base.BaseClass - Trying to find Element By {by.toString()})
2024-04-17 18:37:24,970 [main] INFO  base.BaseClass - Found Element By {by.toString()}
2024-04-17 18:37:25,507 [main] INFO  base.BaseClass - Trying to find Element By {by.toString()})
2024-04-17 18:37:25,540 [main] INFO  base.BaseClass - Found Element By {by.toString()}
2024-04-17 18:37:26,066 [main] INFO  base.BaseClass - Trying to find Element By {by.toString()})
2024-04-17 18:37:26,089 [main] INFO  base.BaseClass - Found Element By {by.toString()}
2024-04-17 18:37:26,626 [main] INFO  base.BaseClass - Trying to find Element By {by.toString()})
2024-04-17 18:37:26,656 [main] INFO  base.BaseClass - Found Element By {by.toString()}
2024-04-17 18:37:27,190 [main] INFO  base.BaseClass - Trying to find Element By {by.toString()})
2024-04-17 18:37:27,205 [main] INFO  base.BaseClass - Found Element By {by.toString()}
2024-04-17 18:37:27,730 [main] INFO  base.BaseClass - Trying to find Element By {by.toString()})
2024-04-17 18:37:27,755 [main] INFO  base.BaseClass - Found Element By {by.toString()}
2024-04-17 18:37:28,288 [main] INFO  base.BaseClass - Trying to find Element By {by.toString()})
2024-04-17 18:37:28,312 [main] INFO  base.BaseClass - Found Element By {by.toString()}
2024-04-17 18:37:28,848 [main] INFO  base.BaseClass - Trying to find Element By {by.toString()})
2024-04-17 18:37:28,860 [main] INFO  base.BaseClass - Found Element By {by.toString()}
2024-04-17 18:37:29,392 [main] INFO  base.BaseClass - Trying to find Element By {by.toString()})
2024-04-17 18:37:29,425 [main] INFO  base.BaseClass - Found Element By {by.toString()}
2024-04-17 18:37:29,965 [main] INFO  base.BaseClass - Trying to find Element By {by.toString()})
2024-04-17 18:37:29,988 [main] INFO  base.BaseClass - Found Element By {by.toString()}
2024-04-17 18:37:30,526 [main] INFO  base.BaseClass - Trying to find Element By {by.toString()})
2024-04-17 18:37:30,547 [main] INFO  base.BaseClass - Found Element By {by.toString()}
2024-04-17 18:37:31,086 [main] INFO  base.BaseClass - Trying to find Element By {by.toString()})
2024-04-17 18:37:31,110 [main] INFO  base.BaseClass - Found Element By {by.toString()}
TimeoutException occurred: Expected condition failed: waiting for helper.WaitUtility$5@218744f3 (tried for 30 second(s) with 500 milliseconds interval)
Build info: version: '3.141.59', revision: 'e82be7d358', time: '2018-11-14T08:17:03'
System info: host: 'DPLAP166', ip: '137.237.2.236', os.name: 'Windows 10', os.arch: 'amd64', os.version: '10.0', java.version: '19.0.1'
Driver info: org.openqa.selenium.support.events.EventFiringWebDriver
Capabilities {acceptInsecureCerts: true, browserName: chrome, browserVersion: 123.0.6312.123, chrome: {chromedriverVersion: 123.0.6312.122 (31f8248cdd9..., userDataDir: C:\Users\dP-PL\AppData\Loca...}, fedcm:accounts: true, goog:chromeOptions: {debuggerAddress: localhost:51256}, javascriptEnabled: true, networkConnectionEnabled: false, pageLoadStrategy: normal, platform: WINDOWS, platformName: WINDOWS, proxy: Proxy(), setWindowRect: true, strictFileInteractability: false, timeouts: {implicit: 0, pageLoad: 300000, script: 30000}, unhandledPromptBehavior: dismiss and notify, webauthn:extension:credBlob: true, webauthn:extension:largeBlob: true, webauthn:extension:minPinLength: true, webauthn:extension:prf: true, webauthn:virtualAuthenticators: true}
Session ID: a59c4df4811f82049fe754efe723d3c1
2024-04-17 18:37:31,142 [main] ERROR RotationCopy_test - Element did not become visible within the specified time: Expected condition failed: waiting for helper.WaitUtility$5@218744f3 (tried for 30 second(s) with 500 milliseconds interval)
Build info: version: '3.141.59', revision: 'e82be7d358', time: '2018-11-14T08:17:03'
System info: host: 'DPLAP166', ip: '137.237.2.236', os.name: 'Windows 10', os.arch: 'amd64', os.version: '10.0', java.version: '19.0.1'
Driver info: org.openqa.selenium.support.events.EventFiringWebDriver
Capabilities {acceptInsecureCerts: true, browserName: chrome, browserVersion: 123.0.6312.123, chrome: {chromedriverVersion: 123.0.6312.122 (31f8248cdd9..., userDataDir: C:\Users\dP-PL\AppData\Loca...}, fedcm:accounts: true, goog:chromeOptions: {debuggerAddress: localhost:51256}, javascriptEnabled: true, networkConnectionEnabled: false, pageLoadStrategy: normal, platform: WINDOWS, platformName: WINDOWS, proxy: Proxy(), setWindowRect: true, strictFileInteractability: false, timeouts: {implicit: 0, pageLoad: 300000, script: 30000}, unhandledPromptBehavior: dismiss and notify, webauthn:extension:credBlob: true, webauthn:extension:largeBlob: true, webauthn:extension:minPinLength: true, webauthn:extension:prf: true, webauthn:virtualAuthenticators: true}
Session ID: a59c4df4811f82049fe754efe723d3c1
2024-04-17 18:37:31,142 [main] INFO  base.BaseClass - Trying to find Element By {by.toString()})
2024-04-17 18:37:31,157 [main] INFO  base.BaseClass - Found Element By {by.toString()}
2024-04-17 18:37:31,157 [main] INFO  base.BaseClass - Trying to click on: {element.toString()}
2024-04-17 18:37:31,236 [main] INFO  base.BaseClass - Clicked on: {element.toString()}
2024-04-17 18:37:31,236 [main] INFO  base.BaseClass - Trying to find Element By {by.toString()})
2024-04-17 18:37:31,249 [main] INFO  base.BaseClass - Found Element By {by.toString()}
2024-04-17 18:37:31,771 [main] INFO  base.BaseClass - Trying to find Element By {by.toString()})
2024-04-17 18:37:31,800 [main] INFO  base.BaseClass - Found Element By {by.toString()}
2024-04-17 18:37:32,328 [main] INFO  base.BaseClass - Trying to find Element By {by.toString()})
2024-04-17 18:37:32,359 [main] INFO  base.BaseClass - Found Element By {by.toString()}
2024-04-17 18:37:32,890 [main] INFO  base.BaseClass - Trying to find Element By {by.toString()})
2024-04-17 18:37:32,919 [main] INFO  base.BaseClass - Found Element By {by.toString()}
2024-04-17 18:37:33,449 [main] INFO  base.BaseClass - Trying to find Element By {by.toString()})
2024-04-17 18:37:33,467 [main] INFO  base.BaseClass - Found Element By {by.toString()}
2024-04-17 18:37:33,994 [main] INFO  base.BaseClass - Trying to find Element By {by.toString()})
2024-04-17 18:37:34,024 [main] INFO  base.BaseClass - Found Element By {by.toString()}
2024-04-17 18:37:34,569 [main] INFO  base.BaseClass - Trying to find Element By {by.toString()})
2024-04-17 18:37:34,591 [main] INFO  base.BaseClass - Found Element By {by.toString()}
2024-04-17 18:37:35,128 [main] INFO  base.BaseClass - Trying to find Element By {by.toString()})
2024-04-17 18:37:35,153 [main] INFO  base.BaseClass - Found Element By {by.toString()}
2024-04-17 18:37:35,676 [main] INFO  base.BaseClass - Trying to find Element By {by.toString()})
2024-04-17 18:37:35,703 [main] INFO  base.BaseClass - Found Element By {by.toString()}
2024-04-17 18:37:36,236 [main] INFO  base.BaseClass - Trying to find Element By {by.toString()})
2024-04-17 18:37:36,254 [main] INFO  base.BaseClass - Found Element By {by.toString()}
2024-04-17 18:37:36,796 [main] INFO  base.BaseClass - Trying to find Element By {by.toString()})
2024-04-17 18:37:36,867 [main] INFO  base.BaseClass - Found Element By {by.toString()}
2024-04-17 18:37:37,403 [main] INFO  base.BaseClass - Trying to find Element By {by.toString()})
2024-04-17 18:37:37,428 [main] INFO  base.BaseClass - Found Element By {by.toString()}
2024-04-17 18:37:37,963 [main] INFO  base.BaseClass - Trying to find Element By {by.toString()})
2024-04-17 18:37:37,987 [main] INFO  base.BaseClass - Found Element By {by.toString()}
2024-04-17 18:37:38,523 [main] INFO  base.BaseClass - Trying to find Element By {by.toString()})
2024-04-17 18:37:38,551 [main] INFO  base.BaseClass - Found Element By {by.toString()}
2024-04-17 18:37:39,084 [main] INFO  base.BaseClass - Trying to find Element By {by.toString()})
2024-04-17 18:37:39,108 [main] INFO  base.BaseClass - Found Element By {by.toString()}
2024-04-17 18:37:39,641 [main] INFO  base.BaseClass - Trying to find Element By {by.toString()})
2024-04-17 18:37:39,656 [main] INFO  base.BaseClass - Found Element By {by.toString()}
2024-04-17 18:37:40,182 [main] INFO  base.BaseClass - Trying to find Element By {by.toString()})
2024-04-17 18:37:40,212 [main] INFO  base.BaseClass - Found Element By {by.toString()}
2024-04-17 18:37:40,742 [main] INFO  base.BaseClass - Trying to find Element By {by.toString()})
2024-04-17 18:37:40,764 [main] INFO  base.BaseClass - Found Element By {by.toString()}
2024-04-17 18:37:41,288 [main] INFO  base.BaseClass - Trying to find Element By {by.toString()})
2024-04-17 18:37:41,312 [main] INFO  base.BaseClass - Found Element By {by.toString()}
2024-04-17 18:37:41,849 [main] INFO  base.BaseClass - Trying to find Element By {by.toString()})
2024-04-17 18:37:41,883 [main] INFO  base.BaseClass - Found Element By {by.toString()}
2024-04-17 18:37:42,424 [main] INFO  base.BaseClass - Trying to find Element By {by.toString()})
2024-04-17 18:37:42,447 [main] INFO  base.BaseClass - Found Element By {by.toString()}
2024-04-17 18:37:42,983 [main] INFO  base.BaseClass - Trying to find Element By {by.toString()})
2024-04-17 18:37:42,999 [main] INFO  base.BaseClass - Found Element By {by.toString()}
2024-04-17 18:37:43,528 [main] INFO  base.BaseClass - Trying to find Element By {by.toString()})
2024-04-17 18:37:43,553 [main] INFO  base.BaseClass - Found Element By {by.toString()}
2024-04-17 18:37:44,101 [main] INFO  base.BaseClass - Trying to find Element By {by.toString()})
2024-04-17 18:37:44,133 [main] INFO  base.BaseClass - Found Element By {by.toString()}
2024-04-17 18:37:44,677 [main] INFO  base.BaseClass - Trying to find Element By {by.toString()})
2024-04-17 18:37:44,692 [main] INFO  base.BaseClass - Found Element By {by.toString()}
2024-04-17 18:37:45,220 [main] INFO  base.BaseClass - Trying to find Element By {by.toString()})
2024-04-17 18:37:45,238 [main] INFO  base.BaseClass - Found Element By {by.toString()}
2024-04-17 18:37:45,766 [main] INFO  base.BaseClass - Trying to find Element By {by.toString()})
2024-04-17 18:37:45,789 [main] INFO  base.BaseClass - Found Element By {by.toString()}
2024-04-17 18:37:46,311 [main] INFO  base.BaseClass - Trying to find Element By {by.toString()})
2024-04-17 18:37:46,331 [main] INFO  base.BaseClass - Found Element By {by.toString()}
2024-04-17 18:37:46,856 [main] INFO  base.BaseClass - Trying to find Element By {by.toString()})
2024-04-17 18:37:46,881 [main] INFO  base.BaseClass - Found Element By {by.toString()}
2024-04-17 18:37:47,418 [main] INFO  base.BaseClass - Trying to find Element By {by.toString()})
2024-04-17 18:37:47,441 [main] INFO  base.BaseClass - Found Element By {by.toString()}
2024-04-17 18:37:47,979 [main] INFO  base.BaseClass - Trying to find Element By {by.toString()})
2024-04-17 18:37:47,993 [main] INFO  base.BaseClass - Found Element By {by.toString()}
2024-04-17 18:37:48,524 [main] INFO  base.BaseClass - Trying to find Element By {by.toString()})
2024-04-17 18:37:48,552 [main] INFO  base.BaseClass - Found Element By {by.toString()}
2024-04-17 18:37:49,085 [main] INFO  base.BaseClass - Trying to find Element By {by.toString()})
2024-04-17 18:37:49,101 [main] INFO  base.BaseClass - Found Element By {by.toString()}
2024-04-17 18:37:49,624 [main] INFO  base.BaseClass - Trying to find Element By {by.toString()})
2024-04-17 18:37:49,647 [main] INFO  base.BaseClass - Found Element By {by.toString()}
2024-04-17 18:37:50,169 [main] INFO  base.BaseClass - Trying to find Element By {by.toString()})
2024-04-17 18:37:50,253 [main] INFO  base.BaseClass - Found Element By {by.toString()}
2024-04-17 18:37:50,779 [main] INFO  base.BaseClass - Trying to find Element By {by.toString()})
2024-04-17 18:37:50,802 [main] INFO  base.BaseClass - Found Element By {by.toString()}
2024-04-17 18:37:51,322 [main] INFO  base.BaseClass - Trying to find Element By {by.toString()})
2024-04-17 18:37:51,342 [main] INFO  base.BaseClass - Found Element By {by.toString()}
2024-04-17 18:37:51,879 [main] INFO  base.BaseClass - Trying to find Element By {by.toString()})
2024-04-17 18:37:51,905 [main] INFO  base.BaseClass - Found Element By {by.toString()}
2024-04-17 18:37:52,450 [main] INFO  base.BaseClass - Trying to find Element By {by.toString()})
2024-04-17 18:37:52,473 [main] INFO  base.BaseClass - Found Element By {by.toString()}
2024-04-17 18:37:53,009 [main] INFO  base.BaseClass - Trying to find Element By {by.toString()})
2024-04-17 18:37:53,028 [main] INFO  base.BaseClass - Found Element By {by.toString()}
2024-04-17 18:37:53,554 [main] INFO  base.BaseClass - Trying to find Element By {by.toString()})
2024-04-17 18:37:53,589 [main] INFO  base.BaseClass - Found Element By {by.toString()}
2024-04-17 18:37:54,127 [main] INFO  base.BaseClass - Trying to find Element By {by.toString()})
2024-04-17 18:37:54,162 [main] INFO  base.BaseClass - Found Element By {by.toString()}
2024-04-17 18:37:54,690 [main] INFO  base.BaseClass - Trying to find Element By {by.toString()})
2024-04-17 18:37:54,708 [main] INFO  base.BaseClass - Found Element By {by.toString()}
2024-04-17 18:37:55,249 [main] INFO  base.BaseClass - Trying to find Element By {by.toString()})
2024-04-17 18:37:55,280 [main] INFO  base.BaseClass - Found Element By {by.toString()}
2024-04-17 18:37:55,808 [main] INFO  base.BaseClass - Trying to find Element By {by.toString()})
2024-04-17 18:37:55,837 [main] INFO  base.BaseClass - Found Element By {by.toString()}
2024-04-17 18:37:56,372 [main] INFO  base.BaseClass - Trying to find Element By {by.toString()})
2024-04-17 18:37:56,402 [main] INFO  base.BaseClass - Found Element By {by.toString()}
2024-04-17 18:37:56,930 [main] INFO  base.BaseClass - Trying to find Element By {by.toString()})
2024-04-17 18:37:56,942 [main] INFO  base.BaseClass - Found Element By {by.toString()}
2024-04-17 18:37:57,458 [main] INFO  base.BaseClass - Trying to find Element By {by.toString()})
2024-04-17 18:37:57,475 [main] INFO  base.BaseClass - Found Element By {by.toString()}
2024-04-17 18:37:58,004 [main] INFO  base.BaseClass - Trying to find Element By {by.toString()})
2024-04-17 18:37:58,034 [main] INFO  base.BaseClass - Found Element By {by.toString()}
2024-04-17 18:37:58,566 [main] INFO  base.BaseClass - Trying to find Element By {by.toString()})
2024-04-17 18:37:58,579 [main] INFO  base.BaseClass - Found Element By {by.toString()}
2024-04-17 18:37:59,097 [main] INFO  base.BaseClass - Trying to find Element By {by.toString()})
2024-04-17 18:37:59,117 [main] INFO  base.BaseClass - Found Element By {by.toString()}
2024-04-17 18:37:59,642 [main] INFO  base.BaseClass - Trying to find Element By {by.toString()})
2024-04-17 18:37:59,663 [main] INFO  base.BaseClass - Found Element By {by.toString()}
2024-04-17 18:38:00,203 [main] INFO  base.BaseClass - Trying to find Element By {by.toString()})
2024-04-17 18:38:00,251 [main] INFO  base.BaseClass - Found Element By {by.toString()}
2024-04-17 18:38:00,780 [main] INFO  base.BaseClass - Trying to find Element By {by.toString()})
2024-04-17 18:38:00,817 [main] INFO  base.BaseClass - Found Element By {by.toString()}
2024-04-17 18:38:01,355 [main] INFO  base.BaseClass - Trying to find Element By {by.toString()})
2024-04-17 18:38:01,371 [main] INFO  base.BaseClass - Found Element By {by.toString()}
TimeoutException occurred: Expected condition failed: waiting for helper.WaitUtility$5@cb63423 (tried for 30 second(s) with 500 milliseconds interval)
Build info: version: '3.141.59', revision: 'e82be7d358', time: '2018-11-14T08:17:03'
System info: host: 'DPLAP166', ip: '137.237.2.236', os.name: 'Windows 10', os.arch: 'amd64', os.version: '10.0', java.version: '19.0.1'
Driver info: org.openqa.selenium.support.events.EventFiringWebDriver
Capabilities {acceptInsecureCerts: true, browserName: chrome, browserVersion: 123.0.6312.123, chrome: {chromedriverVersion: 123.0.6312.122 (31f8248cdd9..., userDataDir: C:\Users\dP-PL\AppData\Loca...}, fedcm:accounts: true, goog:chromeOptions: {debuggerAddress: localhost:51256}, javascriptEnabled: true, networkConnectionEnabled: false, pageLoadStrategy: normal, platform: WINDOWS, platformName: WINDOWS, proxy: Proxy(), setWindowRect: true, strictFileInteractability: false, timeouts: {implicit: 0, pageLoad: 300000, script: 30000}, unhandledPromptBehavior: dismiss and notify, webauthn:extension:credBlob: true, webauthn:extension:largeBlob: true, webauthn:extension:minPinLength: true, webauthn:extension:prf: true, webauthn:virtualAuthenticators: true}
Session ID: a59c4df4811f82049fe754efe723d3c1
2024-04-17 18:38:01,395 [main] ERROR RotationCopy_test - Element did not become visible within the specified time: Expected condition failed: waiting for helper.WaitUtility$5@cb63423 (tried for 30 second(s) with 500 milliseconds interval)
Build info: version: '3.141.59', revision: 'e82be7d358', time: '2018-11-14T08:17:03'
System info: host: 'DPLAP166', ip: '137.237.2.236', os.name: 'Windows 10', os.arch: 'amd64', os.version: '10.0', java.version: '19.0.1'
Driver info: org.openqa.selenium.support.events.EventFiringWebDriver
Capabilities {acceptInsecureCerts: true, browserName: chrome, browserVersion: 123.0.6312.123, chrome: {chromedriverVersion: 123.0.6312.122 (31f8248cdd9..., userDataDir: C:\Users\dP-PL\AppData\Loca...}, fedcm:accounts: true, goog:chromeOptions: {debuggerAddress: localhost:51256}, javascriptEnabled: true, networkConnectionEnabled: false, pageLoadStrategy: normal, platform: WINDOWS, platformName: WINDOWS, proxy: Proxy(), setWindowRect: true, strictFileInteractability: false, timeouts: {implicit: 0, pageLoad: 300000, script: 30000}, unhandledPromptBehavior: dismiss and notify, webauthn:extension:credBlob: true, webauthn:extension:largeBlob: true, webauthn:extension:minPinLength: true, webauthn:extension:prf: true, webauthn:virtualAuthenticators: true}
Session ID: a59c4df4811f82049fe754efe723d3c1
2024-04-17 18:38:01,396 [main] INFO  base.BaseClass - Trying to find Element By {by.toString()})
2024-04-17 18:38:01,407 [main] INFO  base.BaseClass - Found Element By {by.toString()}
2024-04-17 18:38:01,408 [main] INFO  base.BaseClass - Trying to click on: {element.toString()}
2024-04-17 18:38:01,551 [main] INFO  base.BaseClass - Clicked on: {element.toString()}
2024-04-17 18:38:01,557 [main] INFO  base.BaseClass - Trying to find Element By {by.toString()})
2024-04-17 18:38:01,632 [main] INFO  base.BaseClass - Found Element By {by.toString()}
2024-04-17 18:38:02,165 [main] INFO  base.BaseClass - Trying to find Element By {by.toString()})
2024-04-17 18:38:02,178 [main] INFO  base.BaseClass - Found Element By {by.toString()}
2024-04-17 18:38:02,694 [main] INFO  base.BaseClass - Trying to find Element By {by.toString()})
2024-04-17 18:38:02,716 [main] INFO  base.BaseClass - Found Element By {by.toString()}
2024-04-17 18:38:03,250 [main] INFO  base.BaseClass - Trying to find Element By {by.toString()})
2024-04-17 18:38:03,271 [main] INFO  base.BaseClass - Found Element By {by.toString()}
2024-04-17 18:38:03,794 [main] INFO  base.BaseClass - Trying to find Element By {by.toString()})
2024-04-17 18:38:03,817 [main] INFO  base.BaseClass - Found Element By {by.toString()}
2024-04-17 18:38:04,351 [main] INFO  base.BaseClass - Trying to find Element By {by.toString()})
2024-04-17 18:38:04,370 [main] INFO  base.BaseClass - Found Element By {by.toString()}
2024-04-17 18:38:04,894 [main] INFO  base.BaseClass - Trying to find Element By {by.toString()})
2024-04-17 18:38:04,905 [main] INFO  base.BaseClass - Found Element By {by.toString()}
2024-04-17 18:38:05,426 [main] INFO  base.BaseClass - Trying to find Element By {by.toString()})
2024-04-17 18:38:05,438 [main] INFO  base.BaseClass - Found Element By {by.toString()}
2024-04-17 18:38:05,959 [main] INFO  base.BaseClass - Trying to find Element By {by.toString()})
2024-04-17 18:38:05,973 [main] INFO  base.BaseClass - Found Element By {by.toString()}
2024-04-17 18:38:06,505 [main] INFO  base.BaseClass - Trying to find Element By {by.toString()})
2024-04-17 18:38:06,523 [main] INFO  base.BaseClass - Found Element By {by.toString()}
2024-04-17 18:38:07,060 [main] INFO  base.BaseClass - Trying to find Element By {by.toString()})
2024-04-17 18:38:07,083 [main] INFO  base.BaseClass - Found Element By {by.toString()}
2024-04-17 18:38:07,615 [main] INFO  base.BaseClass - Trying to find Element By {by.toString()})
2024-04-17 18:38:07,632 [main] INFO  base.BaseClass - Found Element By {by.toString()}
2024-04-17 18:38:08,158 [main] INFO  base.BaseClass - Trying to find Element By {by.toString()})
2024-04-17 18:38:08,170 [main] INFO  base.BaseClass - Found Element By {by.toString()}
2024-04-17 18:38:08,698 [main] INFO  base.BaseClass - Trying to find Element By {by.toString()})
2024-04-17 18:38:08,722 [main] INFO  base.BaseClass - Found Element By {by.toString()}
2024-04-17 18:38:09,256 [main] INFO  base.BaseClass - Trying to find Element By {by.toString()})
2024-04-17 18:38:09,273 [main] INFO  base.BaseClass - Found Element By {by.toString()}
2024-04-17 18:38:09,811 [main] INFO  base.BaseClass - Trying to find Element By {by.toString()})
2024-04-17 18:38:09,831 [main] INFO  base.BaseClass - Found Element By {by.toString()}
2024-04-17 18:38:10,355 [main] INFO  base.BaseClass - Trying to find Element By {by.toString()})
2024-04-17 18:38:10,368 [main] INFO  base.BaseClass - Found Element By {by.toString()}
2024-04-17 18:38:10,897 [main] INFO  base.BaseClass - Trying to find Element By {by.toString()})
2024-04-17 18:38:10,914 [main] INFO  base.BaseClass - Found Element By {by.toString()}
2024-04-17 18:38:11,443 [main] INFO  base.BaseClass - Trying to find Element By {by.toString()})
2024-04-17 18:38:11,465 [main] INFO  base.BaseClass - Found Element By {by.toString()}
2024-04-17 18:38:11,999 [main] INFO  base.BaseClass - Trying to find Element By {by.toString()})
2024-04-17 18:38:12,013 [main] INFO  base.BaseClass - Found Element By {by.toString()}
2024-04-17 18:38:12,544 [main] INFO  base.BaseClass - Trying to find Element By {by.toString()})
2024-04-17 18:38:12,574 [main] INFO  base.BaseClass - Found Element By {by.toString()}
2024-04-17 18:38:13,103 [main] INFO  base.BaseClass - Trying to find Element By {by.toString()})
2024-04-17 18:38:13,122 [main] INFO  base.BaseClass - Found Element By {by.toString()}
2024-04-17 18:38:13,647 [main] INFO  base.BaseClass - Trying to find Element By {by.toString()})
2024-04-17 18:38:13,666 [main] INFO  base.BaseClass - Found Element By {by.toString()}
2024-04-17 18:38:14,207 [main] INFO  base.BaseClass - Trying to find Element By {by.toString()})
2024-04-17 18:38:14,217 [main] INFO  base.BaseClass - Found Element By {by.toString()}
2024-04-17 18:38:14,732 [main] INFO  base.BaseClass - Trying to find Element By {by.toString()})
2024-04-17 18:38:14,765 [main] INFO  base.BaseClass - Found Element By {by.toString()}
2024-04-17 18:38:15,308 [main] INFO  base.BaseClass - Trying to find Element By {by.toString()})
2024-04-17 18:38:15,330 [main] INFO  base.BaseClass - Found Element By {by.toString()}
2024-04-17 18:38:15,853 [main] INFO  base.BaseClass - Trying to find Element By {by.toString()})
2024-04-17 18:38:15,867 [main] INFO  base.BaseClass - Found Element By {by.toString()}
2024-04-17 18:38:16,397 [main] INFO  base.BaseClass - Trying to find Element By {by.toString()})
2024-04-17 18:38:16,423 [main] INFO  base.BaseClass - Found Element By {by.toString()}
2024-04-17 18:38:16,958 [main] INFO  base.BaseClass - Trying to find Element By {by.toString()})
2024-04-17 18:38:16,977 [main] INFO  base.BaseClass - Found Element By {by.toString()}
2024-04-17 18:38:17,517 [main] INFO  base.BaseClass - Trying to find Element By {by.toString()})
2024-04-17 18:38:17,546 [main] INFO  base.BaseClass - Found Element By {by.toString()}
2024-04-17 18:38:18,077 [main] INFO  base.BaseClass - Trying to find Element By {by.toString()})
2024-04-17 18:38:18,096 [main] INFO  base.BaseClass - Found Element By {by.toString()}
2024-04-17 18:38:18,635 [main] INFO  base.BaseClass - Trying to find Element By {by.toString()})
2024-04-17 18:38:18,654 [main] INFO  base.BaseClass - Found Element By {by.toString()}
2024-04-17 18:38:19,194 [main] INFO  base.BaseClass - Trying to find Element By {by.toString()})
2024-04-17 18:38:19,207 [main] INFO  base.BaseClass - Found Element By {by.toString()}
2024-04-17 18:38:19,740 [main] INFO  base.BaseClass - Trying to find Element By {by.toString()})
2024-04-17 18:38:19,765 [main] INFO  base.BaseClass - Found Element By {by.toString()}
2024-04-17 18:38:20,300 [main] INFO  base.BaseClass - Trying to find Element By {by.toString()})
2024-04-17 18:38:20,313 [main] INFO  base.BaseClass - Found Element By {by.toString()}
2024-04-17 18:38:20,830 [main] INFO  base.BaseClass - Trying to find Element By {by.toString()})
2024-04-17 18:38:20,839 [main] INFO  base.BaseClass - Found Element By {by.toString()}
2024-04-17 18:38:21,359 [main] INFO  base.BaseClass - Trying to find Element By {by.toString()})
2024-04-17 18:38:21,378 [main] INFO  base.BaseClass - Found Element By {by.toString()}
2024-04-17 18:38:21,919 [main] INFO  base.BaseClass - Trying to find Element By {by.toString()})
2024-04-17 18:38:21,938 [main] INFO  base.BaseClass - Found Element By {by.toString()}
2024-04-17 18:38:22,464 [main] INFO  base.BaseClass - Trying to find Element By {by.toString()})
2024-04-17 18:38:22,483 [main] INFO  base.BaseClass - Found Element By {by.toString()}
2024-04-17 18:38:23,021 [main] INFO  base.BaseClass - Trying to find Element By {by.toString()})
2024-04-17 18:38:23,043 [main] INFO  base.BaseClass - Found Element By {by.toString()}
2024-04-17 18:38:23,565 [main] INFO  base.BaseClass - Trying to find Element By {by.toString()})
2024-04-17 18:38:23,589 [main] INFO  base.BaseClass - Found Element By {by.toString()}
2024-04-17 18:38:24,120 [main] INFO  base.BaseClass - Trying to find Element By {by.toString()})
2024-04-17 18:38:24,137 [main] INFO  base.BaseClass - Found Element By {by.toString()}
2024-04-17 18:38:24,679 [main] INFO  base.BaseClass - Trying to find Element By {by.toString()})
2024-04-17 18:38:24,704 [main] INFO  base.BaseClass - Found Element By {by.toString()}
2024-04-17 18:38:25,235 [main] INFO  base.BaseClass - Trying to find Element By {by.toString()})
2024-04-17 18:38:25,251 [main] INFO  base.BaseClass - Found Element By {by.toString()}
2024-04-17 18:38:25,779 [main] INFO  base.BaseClass - Trying to find Element By {by.toString()})
2024-04-17 18:38:25,801 [main] INFO  base.BaseClass - Found Element By {by.toString()}
2024-04-17 18:38:26,324 [main] INFO  base.BaseClass - Trying to find Element By {by.toString()})
2024-04-17 18:38:26,350 [main] INFO  base.BaseClass - Found Element By {by.toString()}
2024-04-17 18:38:26,885 [main] INFO  base.BaseClass - Trying to find Element By {by.toString()})
2024-04-17 18:38:26,906 [main] INFO  base.BaseClass - Found Element By {by.toString()}
2024-04-17 18:38:27,443 [main] INFO  base.BaseClass - Trying to find Element By {by.toString()})
2024-04-17 18:38:27,464 [main] INFO  base.BaseClass - Found Element By {by.toString()}
2024-04-17 18:38:28,004 [main] INFO  base.BaseClass - Trying to find Element By {by.toString()})
2024-04-17 18:38:28,024 [main] INFO  base.BaseClass - Found Element By {by.toString()}
2024-04-17 18:38:28,564 [main] INFO  base.BaseClass - Trying to find Element By {by.toString()})
2024-04-17 18:38:28,582 [main] INFO  base.BaseClass - Found Element By {by.toString()}
2024-04-17 18:38:29,110 [main] INFO  base.BaseClass - Trying to find Element By {by.toString()})
2024-04-17 18:38:29,124 [main] INFO  base.BaseClass - Found Element By {by.toString()}
2024-04-17 18:38:29,654 [main] INFO  base.BaseClass - Trying to find Element By {by.toString()})
2024-04-17 18:38:29,679 [main] INFO  base.BaseClass - Found Element By {by.toString()}
2024-04-17 18:38:30,210 [main] INFO  base.BaseClass - Trying to find Element By {by.toString()})
2024-04-17 18:38:30,229 [main] INFO  base.BaseClass - Found Element By {by.toString()}
2024-04-17 18:38:30,771 [main] INFO  base.BaseClass - Trying to find Element By {by.toString()})
2024-04-17 18:38:30,796 [main] INFO  base.BaseClass - Found Element By {by.toString()}
2024-04-17 18:38:31,334 [main] INFO  base.BaseClass - Trying to find Element By {by.toString()})
2024-04-17 18:38:31,348 [main] INFO  base.BaseClass - Found Element By {by.toString()}
2024-04-17 18:38:31,880 [main] INFO  base.BaseClass - Trying to find Element By {by.toString()})
2024-04-17 18:38:31,902 [main] INFO  base.BaseClass - Found Element By {by.toString()}
TimeoutException occurred: Expected condition failed: waiting for helper.WaitUtility$5@5ae7d274 (tried for 30 second(s) with 500 milliseconds interval)
Build info: version: '3.141.59', revision: 'e82be7d358', time: '2018-11-14T08:17:03'
System info: host: 'DPLAP166', ip: '137.237.2.236', os.name: 'Windows 10', os.arch: 'amd64', os.version: '10.0', java.version: '19.0.1'
Driver info: org.openqa.selenium.support.events.EventFiringWebDriver
Capabilities {acceptInsecureCerts: true, browserName: chrome, browserVersion: 123.0.6312.123, chrome: {chromedriverVersion: 123.0.6312.122 (31f8248cdd9..., userDataDir: C:\Users\dP-PL\AppData\Loca...}, fedcm:accounts: true, goog:chromeOptions: {debuggerAddress: localhost:51256}, javascriptEnabled: true, networkConnectionEnabled: false, pageLoadStrategy: normal, platform: WINDOWS, platformName: WINDOWS, proxy: Proxy(), setWindowRect: true, strictFileInteractability: false, timeouts: {implicit: 0, pageLoad: 300000, script: 30000}, unhandledPromptBehavior: dismiss and notify, webauthn:extension:credBlob: true, webauthn:extension:largeBlob: true, webauthn:extension:minPinLength: true, webauthn:extension:prf: true, webauthn:virtualAuthenticators: true}
Session ID: a59c4df4811f82049fe754efe723d3c1
2024-04-17 18:38:31,929 [main] ERROR RotationCopy_test - Element did not become visible within the specified time: Expected condition failed: waiting for helper.WaitUtility$5@5ae7d274 (tried for 30 second(s) with 500 milliseconds interval)
Build info: version: '3.141.59', revision: 'e82be7d358', time: '2018-11-14T08:17:03'
System info: host: 'DPLAP166', ip: '137.237.2.236', os.name: 'Windows 10', os.arch: 'amd64', os.version: '10.0', java.version: '19.0.1'
Driver info: org.openqa.selenium.support.events.EventFiringWebDriver
Capabilities {acceptInsecureCerts: true, browserName: chrome, browserVersion: 123.0.6312.123, chrome: {chromedriverVersion: 123.0.6312.122 (31f8248cdd9..., userDataDir: C:\Users\dP-PL\AppData\Loca...}, fedcm:accounts: true, goog:chromeOptions: {debuggerAddress: localhost:51256}, javascriptEnabled: true, networkConnectionEnabled: false, pageLoadStrategy: normal, platform: WINDOWS, platformName: WINDOWS, proxy: Proxy(), setWindowRect: true, strictFileInteractability: false, timeouts: {implicit: 0, pageLoad: 300000, script: 30000}, unhandledPromptBehavior: dismiss and notify, webauthn:extension:credBlob: true, webauthn:extension:largeBlob: true, webauthn:extension:minPinLength: true, webauthn:extension:prf: true, webauthn:virtualAuthenticators: true}
Session ID: a59c4df4811f82049fe754efe723d3c1
2024-04-17 18:38:31,929 [main] INFO  base.BaseClass - Trying to find Element By {by.toString()})
2024-04-17 18:38:31,943 [main] INFO  base.BaseClass - Found Element By {by.toString()}
2024-04-17 18:38:31,943 [main] INFO  base.BaseClass - Trying to click on: {element.toString()}
2024-04-17 18:38:32,030 [main] INFO  base.BaseClass - Clicked on: {element.toString()}
2024-04-17 18:38:32,036 [main] INFO  base.BaseClass - Trying to find Element By {by.toString()})
2024-04-17 18:38:32,050 [main] INFO  base.BaseClass - Found Element By {by.toString()}
2024-04-17 18:38:32,579 [main] INFO  base.BaseClass - Trying to find Element By {by.toString()})
2024-04-17 18:38:32,934 [main] INFO  base.BaseClass - Found Element By {by.toString()}
2024-04-17 18:38:33,465 [main] INFO  base.BaseClass - Trying to find Element By {by.toString()})
2024-04-17 18:38:33,476 [main] INFO  base.BaseClass - Found Element By {by.toString()}
2024-04-17 18:38:33,993 [main] INFO  base.BaseClass - Trying to find Element By {by.toString()})
2024-04-17 18:38:34,028 [main] INFO  base.BaseClass - Found Element By {by.toString()}
2024-04-17 18:38:34,566 [main] INFO  base.BaseClass - Trying to find Element By {by.toString()})
2024-04-17 18:38:34,584 [main] INFO  base.BaseClass - Found Element By {by.toString()}
2024-04-17 18:38:35,111 [main] INFO  base.BaseClass - Trying to find Element By {by.toString()})
2024-04-17 18:38:35,132 [main] INFO  base.BaseClass - Found Element By {by.toString()}
2024-04-17 18:38:35,655 [main] INFO  base.BaseClass - Trying to find Element By {by.toString()})
2024-04-17 18:38:35,669 [main] INFO  base.BaseClass - Found Element By {by.toString()}
2024-04-17 18:38:36,197 [main] INFO  base.BaseClass - Trying to find Element By {by.toString()})
2024-04-17 18:38:36,226 [main] INFO  base.BaseClass - Found Element By {by.toString()}
2024-04-17 18:38:36,758 [main] INFO  base.BaseClass - Trying to find Element By {by.toString()})
2024-04-17 18:38:36,788 [main] INFO  base.BaseClass - Found Element By {by.toString()}
2024-04-17 18:38:37,328 [main] INFO  base.BaseClass - Trying to find Element By {by.toString()})
2024-04-17 18:38:37,347 [main] INFO  base.BaseClass - Found Element By {by.toString()}
2024-04-17 18:38:37,870 [main] INFO  base.BaseClass - Trying to find Element By {by.toString()})
2024-04-17 18:38:37,889 [main] INFO  base.BaseClass - Found Element By {by.toString()}
2024-04-17 18:38:38,429 [main] INFO  base.BaseClass - Trying to find Element By {by.toString()})
2024-04-17 18:38:38,445 [main] INFO  base.BaseClass - Found Element By {by.toString()}
2024-04-17 18:38:38,973 [main] INFO  base.BaseClass - Trying to find Element By {by.toString()})
2024-04-17 18:38:39,004 [main] INFO  base.BaseClass - Found Element By {by.toString()}
2024-04-17 18:38:39,549 [main] INFO  base.BaseClass - Trying to find Element By {by.toString()})
2024-04-17 18:38:39,577 [main] INFO  base.BaseClass - Found Element By {by.toString()}
2024-04-17 18:38:40,108 [main] INFO  base.BaseClass - Trying to find Element By {by.toString()})
2024-04-17 18:38:40,119 [main] INFO  base.BaseClass - Found Element By {by.toString()}
2024-04-17 18:38:40,637 [main] INFO  base.BaseClass - Trying to find Element By {by.toString()})
2024-04-17 18:38:40,654 [main] INFO  base.BaseClass - Found Element By {by.toString()}
2024-04-17 18:38:41,197 [main] INFO  base.BaseClass - Trying to find Element By {by.toString()})
2024-04-17 18:38:41,214 [main] INFO  base.BaseClass - Found Element By {by.toString()}
2024-04-17 18:38:41,755 [main] INFO  base.BaseClass - Trying to find Element By {by.toString()})
2024-04-17 18:38:41,771 [main] INFO  base.BaseClass - Found Element By {by.toString()}
2024-04-17 18:38:42,299 [main] INFO  base.BaseClass - Trying to find Element By {by.toString()})
2024-04-17 18:38:42,319 [main] INFO  base.BaseClass - Found Element By {by.toString()}
2024-04-17 18:38:42,860 [main] INFO  base.BaseClass - Trying to find Element By {by.toString()})
2024-04-17 18:38:42,879 [main] INFO  base.BaseClass - Found Element By {by.toString()}
2024-04-17 18:38:43,406 [main] INFO  base.BaseClass - Trying to find Element By {by.toString()})
2024-04-17 18:38:43,424 [main] INFO  base.BaseClass - Found Element By {by.toString()}
2024-04-17 18:38:43,950 [main] INFO  base.BaseClass - Trying to find Element By {by.toString()})
2024-04-17 18:38:43,978 [main] INFO  base.BaseClass - Found Element By {by.toString()}
2024-04-17 18:38:44,523 [main] INFO  base.BaseClass - Trying to find Element By {by.toString()})
2024-04-17 18:38:44,553 [main] INFO  base.BaseClass - Found Element By {by.toString()}
2024-04-17 18:38:45,095 [main] INFO  base.BaseClass - Trying to find Element By {by.toString()})
2024-04-17 18:38:45,114 [main] INFO  base.BaseClass - Found Element By {by.toString()}
2024-04-17 18:38:45,653 [main] INFO  base.BaseClass - Trying to find Element By {by.toString()})
2024-04-17 18:38:45,682 [main] INFO  base.BaseClass - Found Element By {by.toString()}
2024-04-17 18:38:46,210 [main] INFO  base.BaseClass - Trying to find Element By {by.toString()})
2024-04-17 18:38:46,223 [main] INFO  base.BaseClass - Found Element By {by.toString()}
2024-04-17 18:38:46,754 [main] INFO  base.BaseClass - Trying to find Element By {by.toString()})
2024-04-17 18:38:46,771 [main] INFO  base.BaseClass - Found Element By {by.toString()}
2024-04-17 18:38:47,298 [main] INFO  base.BaseClass - Trying to find Element By {by.toString()})
2024-04-17 18:38:47,321 [main] INFO  base.BaseClass - Found Element By {by.toString()}
2024-04-17 18:38:47,857 [main] INFO  base.BaseClass - Trying to find Element By {by.toString()})
2024-04-17 18:38:47,874 [main] INFO  base.BaseClass - Found Element By {by.toString()}
2024-04-17 18:38:48,404 [main] INFO  base.BaseClass - Trying to find Element By {by.toString()})
2024-04-17 18:38:48,428 [main] INFO  base.BaseClass - Found Element By {by.toString()}
2024-04-17 18:38:48,960 [main] INFO  base.BaseClass - Trying to find Element By {by.toString()})
2024-04-17 18:38:48,975 [main] INFO  base.BaseClass - Found Element By {by.toString()}
2024-04-17 18:38:49,503 [main] INFO  base.BaseClass - Trying to find Element By {by.toString()})
2024-04-17 18:38:49,524 [main] INFO  base.BaseClass - Found Element By {by.toString()}
2024-04-17 18:38:50,048 [main] INFO  base.BaseClass - Trying to find Element By {by.toString()})
2024-04-17 18:38:50,065 [main] INFO  base.BaseClass - Found Element By {by.toString()}
2024-04-17 18:38:50,592 [main] INFO  base.BaseClass - Trying to find Element By {by.toString()})
2024-04-17 18:38:50,607 [main] INFO  base.BaseClass - Found Element By {by.toString()}
2024-04-17 18:38:51,134 [main] INFO  base.BaseClass - Trying to find Element By {by.toString()})
2024-04-17 18:38:51,157 [main] INFO  base.BaseClass - Found Element By {by.toString()}
2024-04-17 18:38:51,691 [main] INFO  base.BaseClass - Trying to find Element By {by.toString()})
2024-04-17 18:38:51,705 [main] INFO  base.BaseClass - Found Element By {by.toString()}
2024-04-17 18:38:52,233 [main] INFO  base.BaseClass - Trying to find Element By {by.toString()})
2024-04-17 18:38:52,244 [main] INFO  base.BaseClass - Found Element By {by.toString()}
2024-04-17 18:38:52,763 [main] INFO  base.BaseClass - Trying to find Element By {by.toString()})
2024-04-17 18:38:52,788 [main] INFO  base.BaseClass - Found Element By {by.toString()}
2024-04-17 18:38:53,326 [main] INFO  base.BaseClass - Trying to find Element By {by.toString()})
2024-04-17 18:38:53,356 [main] INFO  base.BaseClass - Found Element By {by.toString()}
2024-04-17 18:38:53,886 [main] INFO  base.BaseClass - Trying to find Element By {by.toString()})
2024-04-17 18:38:53,916 [main] INFO  base.BaseClass - Found Element By {by.toString()}
2024-04-17 18:38:54,446 [main] INFO  base.BaseClass - Trying to find Element By {by.toString()})
2024-04-17 18:38:54,461 [main] INFO  base.BaseClass - Found Element By {by.toString()}
2024-04-17 18:38:54,989 [main] INFO  base.BaseClass - Trying to find Element By {by.toString()})
2024-04-17 18:38:55,006 [main] INFO  base.BaseClass - Found Element By {by.toString()}
2024-04-17 18:38:55,534 [main] INFO  base.BaseClass - Trying to find Element By {by.toString()})
2024-04-17 18:38:55,555 [main] INFO  base.BaseClass - Found Element By {by.toString()}
2024-04-17 18:38:56,093 [main] INFO  base.BaseClass - Trying to find Element By {by.toString()})
2024-04-17 18:38:56,119 [main] INFO  base.BaseClass - Found Element By {by.toString()}
2024-04-17 18:38:56,669 [main] INFO  base.BaseClass - Trying to find Element By {by.toString()})
2024-04-17 18:38:56,691 [main] INFO  base.BaseClass - Found Element By {by.toString()}
2024-04-17 18:38:57,213 [main] INFO  base.BaseClass - Trying to find Element By {by.toString()})
2024-04-17 18:38:57,236 [main] INFO  base.BaseClass - Found Element By {by.toString()}
2024-04-17 18:38:57,758 [main] INFO  base.BaseClass - Trying to find Element By {by.toString()})
2024-04-17 18:38:57,777 [main] INFO  base.BaseClass - Found Element By {by.toString()}
2024-04-17 18:38:58,301 [main] INFO  base.BaseClass - Trying to find Element By {by.toString()})
2024-04-17 18:38:58,318 [main] INFO  base.BaseClass - Found Element By {by.toString()}
2024-04-17 18:38:58,858 [main] INFO  base.BaseClass - Trying to find Element By {by.toString()})
2024-04-17 18:38:58,879 [main] INFO  base.BaseClass - Found Element By {by.toString()}
2024-04-17 18:38:59,419 [main] INFO  base.BaseClass - Trying to find Element By {by.toString()})
2024-04-17 18:38:59,439 [main] INFO  base.BaseClass - Found Element By {by.toString()}
2024-04-17 18:38:59,965 [main] INFO  base.BaseClass - Trying to find Element By {by.toString()})
2024-04-17 18:38:59,991 [main] INFO  base.BaseClass - Found Element By {by.toString()}
2024-04-17 18:39:00,524 [main] INFO  base.BaseClass - Trying to find Element By {by.toString()})
2024-04-17 18:39:00,549 [main] INFO  base.BaseClass - Found Element By {by.toString()}
2024-04-17 18:39:01,084 [main] INFO  base.BaseClass - Trying to find Element By {by.toString()})
2024-04-17 18:39:01,103 [main] INFO  base.BaseClass - Found Element By {by.toString()}
2024-04-17 18:39:01,647 [main] INFO  base.BaseClass - Trying to find Element By {by.toString()})
2024-04-17 18:39:01,661 [main] INFO  base.BaseClass - Found Element By {by.toString()}
2024-04-17 18:39:02,192 [main] INFO  base.BaseClass - Trying to find Element By {by.toString()})
2024-04-17 18:39:02,208 [main] INFO  base.BaseClass - Found Element By {by.toString()}
TimeoutException occurred: Expected condition failed: waiting for helper.WaitUtility$5@c1eaa31 (tried for 30 second(s) with 500 milliseconds interval)
Build info: version: '3.141.59', revision: 'e82be7d358', time: '2018-11-14T08:17:03'
System info: host: 'DPLAP166', ip: '137.237.2.236', os.name: 'Windows 10', os.arch: 'amd64', os.version: '10.0', java.version: '19.0.1'
Driver info: org.openqa.selenium.support.events.EventFiringWebDriver
Capabilities {acceptInsecureCerts: true, browserName: chrome, browserVersion: 123.0.6312.123, chrome: {chromedriverVersion: 123.0.6312.122 (31f8248cdd9..., userDataDir: C:\Users\dP-PL\AppData\Loca...}, fedcm:accounts: true, goog:chromeOptions: {debuggerAddress: localhost:51256}, javascriptEnabled: true, networkConnectionEnabled: false, pageLoadStrategy: normal, platform: WINDOWS, platformName: WINDOWS, proxy: Proxy(), setWindowRect: true, strictFileInteractability: false, timeouts: {implicit: 0, pageLoad: 300000, script: 30000}, unhandledPromptBehavior: dismiss and notify, webauthn:extension:credBlob: true, webauthn:extension:largeBlob: true, webauthn:extension:minPinLength: true, webauthn:extension:prf: true, webauthn:virtualAuthenticators: true}
Session ID: a59c4df4811f82049fe754efe723d3c1
2024-04-17 18:39:02,227 [main] ERROR RotationCopy_test - Element did not become visible within the specified time: Expected condition failed: waiting for helper.WaitUtility$5@c1eaa31 (tried for 30 second(s) with 500 milliseconds interval)
Build info: version: '3.141.59', revision: 'e82be7d358', time: '2018-11-14T08:17:03'
System info: host: 'DPLAP166', ip: '137.237.2.236', os.name: 'Windows 10', os.arch: 'amd64', os.version: '10.0', java.version: '19.0.1'
Driver info: org.openqa.selenium.support.events.EventFiringWebDriver
Capabilities {acceptInsecureCerts: true, browserName: chrome, browserVersion: 123.0.6312.123, chrome: {chromedriverVersion: 123.0.6312.122 (31f8248cdd9..., userDataDir: C:\Users\dP-PL\AppData\Loca...}, fedcm:accounts: true, goog:chromeOptions: {debuggerAddress: localhost:51256}, javascriptEnabled: true, networkConnectionEnabled: false, pageLoadStrategy: normal, platform: WINDOWS, platformName: WINDOWS, proxy: Proxy(), setWindowRect: true, strictFileInteractability: false, timeouts: {implicit: 0, pageLoad: 300000, script: 30000}, unhandledPromptBehavior: dismiss and notify, webauthn:extension:credBlob: true, webauthn:extension:largeBlob: true, webauthn:extension:minPinLength: true, webauthn:extension:prf: true, webauthn:virtualAuthenticators: true}
Session ID: a59c4df4811f82049fe754efe723d3c1
2024-04-17 18:39:02,227 [main] INFO  base.BaseClass - Trying to find Element By {by.toString()})
2024-04-17 18:39:02,238 [main] INFO  base.BaseClass - Found Element By {by.toString()}
2024-04-17 18:39:02,238 [main] INFO  base.BaseClass - Trying to click on: {element.toString()}
2024-04-17 18:39:02,375 [main] INFO  base.BaseClass - Clicked on: {element.toString()}
2024-04-17 18:39:02,375 [main] INFO  base.BaseClass - Trying to find Element By {by.toString()})
2024-04-17 18:39:03,213 [main] INFO  base.BaseClass - Found Element By {by.toString()}
2024-04-17 18:39:03,733 [main] INFO  base.BaseClass - Trying to find Element By {by.toString()})
2024-04-17 18:39:03,742 [main] INFO  base.BaseClass - Found Element By {by.toString()}
2024-04-17 18:39:04,260 [main] INFO  base.BaseClass - Trying to find Element By {by.toString()})
2024-04-17 18:39:04,290 [main] INFO  base.BaseClass - Found Element By {by.toString()}
2024-04-17 18:39:04,820 [main] INFO  base.BaseClass - Trying to find Element By {by.toString()})
2024-04-17 18:39:04,841 [main] INFO  base.BaseClass - Found Element By {by.toString()}
2024-04-17 18:39:05,365 [main] INFO  base.BaseClass - Trying to find Element By {by.toString()})
2024-04-17 18:39:05,378 [main] INFO  base.BaseClass - Found Element By {by.toString()}
2024-04-17 18:39:05,907 [main] INFO  base.BaseClass - Trying to find Element By {by.toString()})
2024-04-17 18:39:05,931 [main] INFO  base.BaseClass - Found Element By {by.toString()}
2024-04-17 18:39:06,468 [main] INFO  base.BaseClass - Trying to find Element By {by.toString()})
2024-04-17 18:39:06,481 [main] INFO  base.BaseClass - Found Element By {by.toString()}
2024-04-17 18:39:07,014 [main] INFO  base.BaseClass - Trying to find Element By {by.toString()})
2024-04-17 18:39:07,032 [main] INFO  base.BaseClass - Found Element By {by.toString()}
2024-04-17 18:39:07,555 [main] INFO  base.BaseClass - Trying to find Element By {by.toString()})
2024-04-17 18:39:07,581 [main] INFO  base.BaseClass - Found Element By {by.toString()}
2024-04-17 18:39:08,115 [main] INFO  base.BaseClass - Trying to find Element By {by.toString()})
2024-04-17 18:39:08,130 [main] INFO  base.BaseClass - Found Element By {by.toString()}
2024-04-17 18:39:08,660 [main] INFO  base.BaseClass - Trying to find Element By {by.toString()})
2024-04-17 18:39:08,672 [main] INFO  base.BaseClass - Found Element By {by.toString()}
2024-04-17 18:39:09,189 [main] INFO  base.BaseClass - Trying to find Element By {by.toString()})
2024-04-17 18:39:09,200 [main] INFO  base.BaseClass - Found Element By {by.toString()}
2024-04-17 18:39:09,717 [main] INFO  base.BaseClass - Trying to find Element By {by.toString()})
2024-04-17 18:39:09,730 [main] INFO  base.BaseClass - Found Element By {by.toString()}
2024-04-17 18:39:10,262 [main] INFO  base.BaseClass - Trying to find Element By {by.toString()})
2024-04-17 18:39:10,280 [main] INFO  base.BaseClass - Found Element By {by.toString()}
2024-04-17 18:39:10,802 [main] INFO  base.BaseClass - Trying to find Element By {by.toString()})
2024-04-17 18:39:10,818 [main] INFO  base.BaseClass - Found Element By {by.toString()}
2024-04-17 18:39:11,345 [main] INFO  base.BaseClass - Trying to find Element By {by.toString()})
2024-04-17 18:39:11,361 [main] INFO  base.BaseClass - Found Element By {by.toString()}
2024-04-17 18:39:11,890 [main] INFO  base.BaseClass - Trying to find Element By {by.toString()})
2024-04-17 18:39:11,917 [main] INFO  base.BaseClass - Found Element By {by.toString()}
2024-04-17 18:39:12,509 [main] INFO  base.BaseClass - Trying to find Element By {by.toString()})
2024-04-17 18:39:12,531 [main] INFO  base.BaseClass - Found Element By {by.toString()}
2024-04-17 18:39:13,057 [main] INFO  base.BaseClass - Trying to find Element By {by.toString()})
2024-04-17 18:39:13,088 [main] INFO  base.BaseClass - Found Element By {by.toString()}
2024-04-17 18:39:13,617 [main] INFO  base.BaseClass - Trying to find Element By {by.toString()})
2024-04-17 18:39:13,651 [main] INFO  base.BaseClass - Found Element By {by.toString()}
2024-04-17 18:39:14,189 [main] INFO  base.BaseClass - Trying to find Element By {by.toString()})
2024-04-17 18:39:14,206 [main] INFO  base.BaseClass - Found Element By {by.toString()}
2024-04-17 18:39:14,731 [main] INFO  base.BaseClass - Trying to find Element By {by.toString()})
2024-04-17 18:39:14,744 [main] INFO  base.BaseClass - Found Element By {by.toString()}
2024-04-17 18:39:15,274 [main] INFO  base.BaseClass - Trying to find Element By {by.toString()})
2024-04-17 18:39:15,293 [main] INFO  base.BaseClass - Found Element By {by.toString()}
2024-04-17 18:39:15,820 [main] INFO  base.BaseClass - Trying to find Element By {by.toString()})
2024-04-17 18:39:15,855 [main] INFO  base.BaseClass - Found Element By {by.toString()}
2024-04-17 18:39:16,385 [main] INFO  base.BaseClass - Trying to find Element By {by.toString()})
2024-04-17 18:39:16,407 [main] INFO  base.BaseClass - Found Element By {by.toString()}
2024-04-17 18:39:16,939 [main] INFO  base.BaseClass - Trying to find Element By {by.toString()})
2024-04-17 18:39:16,968 [main] INFO  base.BaseClass - Found Element By {by.toString()}
2024-04-17 18:39:17,503 [main] INFO  base.BaseClass - Trying to find Element By {by.toString()})
2024-04-17 18:39:17,525 [main] INFO  base.BaseClass - Found Element By {by.toString()}
2024-04-17 18:39:18,065 [main] INFO  base.BaseClass - Trying to find Element By {by.toString()})
2024-04-17 18:39:18,090 [main] INFO  base.BaseClass - Found Element By {by.toString()}
2024-04-17 18:39:18,609 [main] INFO  base.BaseClass - Trying to find Element By {by.toString()})
2024-04-17 18:39:18,620 [main] INFO  base.BaseClass - Found Element By {by.toString()}
2024-04-17 18:39:19,149 [main] INFO  base.BaseClass - Trying to find Element By {by.toString()})
2024-04-17 18:39:19,165 [main] INFO  base.BaseClass - Found Element By {by.toString()}
2024-04-17 18:39:19,698 [main] INFO  base.BaseClass - Trying to find Element By {by.toString()})
2024-04-17 18:39:19,715 [main] INFO  base.BaseClass - Found Element By {by.toString()}
2024-04-17 18:39:20,244 [main] INFO  base.BaseClass - Trying to find Element By {by.toString()})
2024-04-17 18:39:20,261 [main] INFO  base.BaseClass - Found Element By {by.toString()}
2024-04-17 18:39:20,790 [main] INFO  base.BaseClass - Trying to find Element By {by.toString()})
2024-04-17 18:39:20,802 [main] INFO  base.BaseClass - Found Element By {by.toString()}
2024-04-17 18:39:21,318 [main] INFO  base.BaseClass - Trying to find Element By {by.toString()})
2024-04-17 18:39:21,340 [main] INFO  base.BaseClass - Found Element By {by.toString()}
2024-04-17 18:39:21,875 [main] INFO  base.BaseClass - Trying to find Element By {by.toString()})
2024-04-17 18:39:21,888 [main] INFO  base.BaseClass - Found Element By {by.toString()}
2024-04-17 18:39:22,408 [main] INFO  base.BaseClass - Trying to find Element By {by.toString()})
2024-04-17 18:39:22,423 [main] INFO  base.BaseClass - Found Element By {by.toString()}
2024-04-17 18:39:22,952 [main] INFO  base.BaseClass - Trying to find Element By {by.toString()})
2024-04-17 18:39:22,965 [main] INFO  base.BaseClass - Found Element By {by.toString()}
2024-04-17 18:39:23,496 [main] INFO  base.BaseClass - Trying to find Element By {by.toString()})
2024-04-17 18:39:23,511 [main] INFO  base.BaseClass - Found Element By {by.toString()}
2024-04-17 18:39:24,044 [main] INFO  base.BaseClass - Trying to find Element By {by.toString()})
2024-04-17 18:39:24,070 [main] INFO  base.BaseClass - Found Element By {by.toString()}
2024-04-17 18:39:24,603 [main] INFO  base.BaseClass - Trying to find Element By {by.toString()})
2024-04-17 18:39:24,613 [main] INFO  base.BaseClass - Found Element By {by.toString()}
2024-04-17 18:39:25,130 [main] INFO  base.BaseClass - Trying to find Element By {by.toString()})
2024-04-17 18:39:25,161 [main] INFO  base.BaseClass - Found Element By {by.toString()}
2024-04-17 18:39:25,691 [main] INFO  base.BaseClass - Trying to find Element By {by.toString()})
2024-04-17 18:39:25,721 [main] INFO  base.BaseClass - Found Element By {by.toString()}
2024-04-17 18:39:26,268 [main] INFO  base.BaseClass - Trying to find Element By {by.toString()})
2024-04-17 18:39:26,309 [main] INFO  base.BaseClass - Found Element By {by.toString()}
2024-04-17 18:39:26,877 [main] INFO  base.BaseClass - Trying to find Element By {by.toString()})
2024-04-17 18:39:26,927 [main] INFO  base.BaseClass - Found Element By {by.toString()}
2024-04-17 18:39:27,455 [main] INFO  base.BaseClass - Trying to find Element By {by.toString()})
2024-04-17 18:39:27,472 [main] INFO  base.BaseClass - Found Element By {by.toString()}
2024-04-17 18:39:28,001 [main] INFO  base.BaseClass - Trying to find Element By {by.toString()})
2024-04-17 18:39:28,016 [main] INFO  base.BaseClass - Found Element By {by.toString()}
2024-04-17 18:39:28,546 [main] INFO  base.BaseClass - Trying to find Element By {by.toString()})
2024-04-17 18:39:28,560 [main] INFO  base.BaseClass - Found Element By {by.toString()}
2024-04-17 18:39:29,091 [main] INFO  base.BaseClass - Trying to find Element By {by.toString()})
2024-04-17 18:39:29,108 [main] INFO  base.BaseClass - Found Element By {by.toString()}
2024-04-17 18:39:29,633 [main] INFO  base.BaseClass - Trying to find Element By {by.toString()})
2024-04-17 18:39:29,659 [main] INFO  base.BaseClass - Found Element By {by.toString()}
2024-04-17 18:39:30,194 [main] INFO  base.BaseClass - Trying to find Element By {by.toString()})
2024-04-17 18:39:30,209 [main] INFO  base.BaseClass - Found Element By {by.toString()}
2024-04-17 18:39:30,738 [main] INFO  base.BaseClass - Trying to find Element By {by.toString()})
2024-04-17 18:39:30,753 [main] INFO  base.BaseClass - Found Element By {by.toString()}
2024-04-17 18:39:31,284 [main] INFO  base.BaseClass - Trying to find Element By {by.toString()})
2024-04-17 18:39:31,295 [main] INFO  base.BaseClass - Found Element By {by.toString()}
2024-04-17 18:39:31,814 [main] INFO  base.BaseClass - Trying to find Element By {by.toString()})
2024-04-17 18:39:31,843 [main] INFO  base.BaseClass - Found Element By {by.toString()}
2024-04-17 18:39:32,377 [main] INFO  base.BaseClass - Trying to find Element By {by.toString()})
2024-04-17 18:39:32,405 [main] INFO  base.BaseClass - Found Element By {by.toString()}
TimeoutException occurred: Expected condition failed: waiting for helper.WaitUtility$5@141eaeda (tried for 30 second(s) with 500 milliseconds interval)
Build info: version: '3.141.59', revision: 'e82be7d358', time: '2018-11-14T08:17:03'
System info: host: 'DPLAP166', ip: '137.237.2.236', os.name: 'Windows 10', os.arch: 'amd64', os.version: '10.0', java.version: '19.0.1'
Driver info: org.openqa.selenium.support.events.EventFiringWebDriver
Capabilities {acceptInsecureCerts: true, browserName: chrome, browserVersion: 123.0.6312.123, chrome: {chromedriverVersion: 123.0.6312.122 (31f8248cdd9..., userDataDir: C:\Users\dP-PL\AppData\Loca...}, fedcm:accounts: true, goog:chromeOptions: {debuggerAddress: localhost:51256}, javascriptEnabled: true, networkConnectionEnabled: false, pageLoadStrategy: normal, platform: WINDOWS, platformName: WINDOWS, proxy: Proxy(), setWindowRect: true, strictFileInteractability: false, timeouts: {implicit: 0, pageLoad: 300000, script: 30000}, unhandledPromptBehavior: dismiss and notify, webauthn:extension:credBlob: true, webauthn:extension:largeBlob: true, webauthn:extension:minPinLength: true, webauthn:extension:prf: true, webauthn:virtualAuthenticators: true}
Session ID: a59c4df4811f82049fe754efe723d3c1
2024-04-17 18:39:32,433 [main] ERROR RotationCopy_test - Element did not become visible within the specified time: Expected condition failed: waiting for helper.WaitUtility$5@141eaeda (tried for 30 second(s) with 500 milliseconds interval)
Build info: version: '3.141.59', revision: 'e82be7d358', time: '2018-11-14T08:17:03'
System info: host: 'DPLAP166', ip: '137.237.2.236', os.name: 'Windows 10', os.arch: 'amd64', os.version: '10.0', java.version: '19.0.1'
Driver info: org.openqa.selenium.support.events.EventFiringWebDriver
Capabilities {acceptInsecureCerts: true, browserName: chrome, browserVersion: 123.0.6312.123, chrome: {chromedriverVersion: 123.0.6312.122 (31f8248cdd9..., userDataDir: C:\Users\dP-PL\AppData\Loca...}, fedcm:accounts: true, goog:chromeOptions: {debuggerAddress: localhost:51256}, javascriptEnabled: true, networkConnectionEnabled: false, pageLoadStrategy: normal, platform: WINDOWS, platformName: WINDOWS, proxy: Proxy(), setWindowRect: true, strictFileInteractability: false, timeouts: {implicit: 0, pageLoad: 300000, script: 30000}, unhandledPromptBehavior: dismiss and notify, webauthn:extension:credBlob: true, webauthn:extension:largeBlob: true, webauthn:extension:minPinLength: true, webauthn:extension:prf: true, webauthn:virtualAuthenticators: true}
Session ID: a59c4df4811f82049fe754efe723d3c1
2024-04-17 18:39:32,433 [main] INFO  base.BaseClass - Trying to find Element By {by.toString()})
2024-04-17 18:39:32,445 [main] INFO  base.BaseClass - Found Element By {by.toString()}
2024-04-17 18:39:32,445 [main] INFO  base.BaseClass - Trying to click on: {element.toString()}
2024-04-17 18:39:32,531 [main] INFO  base.BaseClass - Clicked on: {element.toString()}
2024-04-17 18:39:32,531 [main] INFO  base.BaseClass - Trying to find Element By {by.toString()})
2024-04-17 18:39:32,547 [main] INFO  base.BaseClass - Found Element By {by.toString()}
2024-04-17 18:39:33,076 [main] INFO  base.BaseClass - Trying to find Element By {by.toString()})
2024-04-17 18:39:33,095 [main] INFO  base.BaseClass - Found Element By {by.toString()}
2024-04-17 18:39:33,619 [main] INFO  base.BaseClass - Trying to find Element By {by.toString()})
2024-04-17 18:39:33,642 [main] INFO  base.BaseClass - Found Element By {by.toString()}
2024-04-17 18:39:34,180 [main] INFO  base.BaseClass - Trying to find Element By {by.toString()})
2024-04-17 18:39:34,203 [main] INFO  base.BaseClass - Found Element By {by.toString()}
2024-04-17 18:39:34,725 [main] INFO  base.BaseClass - Trying to find Element By {by.toString()})
2024-04-17 18:39:34,748 [main] INFO  base.BaseClass - Found Element By {by.toString()}
2024-04-17 18:39:35,285 [main] INFO  base.BaseClass - Trying to find Element By {by.toString()})
2024-04-17 18:39:35,309 [main] INFO  base.BaseClass - Found Element By {by.toString()}
2024-04-17 18:39:35,832 [main] INFO  base.BaseClass - Trying to find Element By {by.toString()})
2024-04-17 18:39:35,857 [main] INFO  base.BaseClass - Found Element By {by.toString()}
2024-04-17 18:39:36,393 [main] INFO  base.BaseClass - Trying to find Element By {by.toString()})
2024-04-17 18:39:36,422 [main] INFO  base.BaseClass - Found Element By {by.toString()}
2024-04-17 18:39:36,954 [main] INFO  base.BaseClass - Trying to find Element By {by.toString()})
2024-04-17 18:39:36,982 [main] INFO  base.BaseClass - Found Element By {by.toString()}
2024-04-17 18:39:37,512 [main] INFO  base.BaseClass - Trying to find Element By {by.toString()})
2024-04-17 18:39:37,542 [main] INFO  base.BaseClass - Found Element By {by.toString()}
2024-04-17 18:39:38,073 [main] INFO  base.BaseClass - Trying to find Element By {by.toString()})
2024-04-17 18:39:38,094 [main] INFO  base.BaseClass - Found Element By {by.toString()}
2024-04-17 18:39:38,619 [main] INFO  base.BaseClass - Trying to find Element By {by.toString()})
2024-04-17 18:39:38,636 [main] INFO  base.BaseClass - Found Element By {by.toString()}
2024-04-17 18:39:39,176 [main] INFO  base.BaseClass - Trying to find Element By {by.toString()})
2024-04-17 18:39:39,201 [main] INFO  base.BaseClass - Found Element By {by.toString()}
2024-04-17 18:39:39,766 [main] INFO  base.BaseClass - Trying to find Element By {by.toString()})
2024-04-17 18:39:39,799 [main] INFO  base.BaseClass - Found Element By {by.toString()}
2024-04-17 18:39:40,325 [main] INFO  base.BaseClass - Trying to find Element By {by.toString()})
2024-04-17 18:39:40,340 [main] INFO  base.BaseClass - Found Element By {by.toString()}
2024-04-17 18:39:40,869 [main] INFO  base.BaseClass - Trying to find Element By {by.toString()})
2024-04-17 18:39:40,893 [main] INFO  base.BaseClass - Found Element By {by.toString()}
2024-04-17 18:39:41,431 [main] INFO  base.BaseClass - Trying to find Element By {by.toString()})
2024-04-17 18:39:41,446 [main] INFO  base.BaseClass - Found Element By {by.toString()}
2024-04-17 18:39:41,972 [main] INFO  base.BaseClass - Trying to find Element By {by.toString()})
2024-04-17 18:39:42,004 [main] INFO  base.BaseClass - Found Element By {by.toString()}
2024-04-17 18:39:42,545 [main] INFO  base.BaseClass - Trying to find Element By {by.toString()})
2024-04-17 18:39:42,574 [main] INFO  base.BaseClass - Found Element By {by.toString()}
2024-04-17 18:39:43,104 [main] INFO  base.BaseClass - Trying to find Element By {by.toString()})
2024-04-17 18:39:43,116 [main] INFO  base.BaseClass - Found Element By {by.toString()}
2024-04-17 18:39:43,649 [main] INFO  base.BaseClass - Trying to find Element By {by.toString()})
2024-04-17 18:39:43,669 [main] INFO  base.BaseClass - Found Element By {by.toString()}
2024-04-17 18:39:44,207 [main] INFO  base.BaseClass - Trying to find Element By {by.toString()})
2024-04-17 18:39:44,223 [main] INFO  base.BaseClass - Found Element By {by.toString()}
2024-04-17 18:39:44,752 [main] INFO  base.BaseClass - Trying to find Element By {by.toString()})
2024-04-17 18:39:44,787 [main] INFO  base.BaseClass - Found Element By {by.toString()}
2024-04-17 18:39:45,328 [main] INFO  base.BaseClass - Trying to find Element By {by.toString()})
2024-04-17 18:39:45,351 [main] INFO  base.BaseClass - Found Element By {by.toString()}
2024-04-17 18:39:45,873 [main] INFO  base.BaseClass - Trying to find Element By {by.toString()})
2024-04-17 18:39:45,889 [main] INFO  base.BaseClass - Found Element By {by.toString()}
2024-04-17 18:39:46,423 [main] INFO  base.BaseClass - Trying to find Element By {by.toString()})
2024-04-17 18:39:46,434 [main] INFO  base.BaseClass - Found Element By {by.toString()}
2024-04-17 18:39:46,954 [main] INFO  base.BaseClass - Trying to find Element By {by.toString()})
2024-04-17 18:39:46,966 [main] INFO  base.BaseClass - Found Element By {by.toString()}
2024-04-17 18:39:47,485 [main] INFO  base.BaseClass - Trying to find Element By {by.toString()})
2024-04-17 18:39:47,498 [main] INFO  base.BaseClass - Found Element By {by.toString()}
2024-04-17 18:39:48,015 [main] INFO  base.BaseClass - Trying to find Element By {by.toString()})
2024-04-17 18:39:48,033 [main] INFO  base.BaseClass - Found Element By {by.toString()}
2024-04-17 18:39:48,563 [main] INFO  base.BaseClass - Trying to find Element By {by.toString()})
2024-04-17 18:39:48,575 [main] INFO  base.BaseClass - Found Element By {by.toString()}
2024-04-17 18:39:49,091 [main] INFO  base.BaseClass - Trying to find Element By {by.toString()})
2024-04-17 18:39:49,106 [main] INFO  base.BaseClass - Found Element By {by.toString()}
2024-04-17 18:39:49,635 [main] INFO  base.BaseClass - Trying to find Element By {by.toString()})
2024-04-17 18:39:49,646 [main] INFO  base.BaseClass - Found Element By {by.toString()}
2024-04-17 18:39:50,179 [main] INFO  base.BaseClass - Trying to find Element By {by.toString()})
2024-04-17 18:39:50,194 [main] INFO  base.BaseClass - Found Element By {by.toString()}
2024-04-17 18:39:50,722 [main] INFO  base.BaseClass - Trying to find Element By {by.toString()})
2024-04-17 18:39:50,735 [main] INFO  base.BaseClass - Found Element By {by.toString()}
2024-04-17 18:39:51,254 [main] INFO  base.BaseClass - Trying to find Element By {by.toString()})
2024-04-17 18:39:51,273 [main] INFO  base.BaseClass - Found Element By {by.toString()}
2024-04-17 18:39:51,796 [main] INFO  base.BaseClass - Trying to find Element By {by.toString()})
2024-04-17 18:39:51,818 [main] INFO  base.BaseClass - Found Element By {by.toString()}
2024-04-17 18:39:52,339 [main] INFO  base.BaseClass - Trying to find Element By {by.toString()})
2024-04-17 18:39:52,374 [main] INFO  base.BaseClass - Found Element By {by.toString()}
2024-04-17 18:39:52,915 [main] INFO  base.BaseClass - Trying to find Element By {by.toString()})
2024-04-17 18:39:52,995 [main] INFO  base.BaseClass - Found Element By {by.toString()}
2024-04-17 18:39:53,534 [main] INFO  base.BaseClass - Trying to find Element By {by.toString()})
2024-04-17 18:39:53,570 [main] INFO  base.BaseClass - Found Element By {by.toString()}
2024-04-17 18:39:54,124 [main] INFO  base.BaseClass - Trying to find Element By {by.toString()})
2024-04-17 18:39:54,138 [main] INFO  base.BaseClass - Found Element By {by.toString()}
2024-04-17 18:39:54,668 [main] INFO  base.BaseClass - Trying to find Element By {by.toString()})
2024-04-17 18:39:54,682 [main] INFO  base.BaseClass - Found Element By {by.toString()}
2024-04-17 18:39:55,213 [main] INFO  base.BaseClass - Trying to find Element By {by.toString()})
2024-04-17 18:39:55,230 [main] INFO  base.BaseClass - Found Element By {by.toString()}
2024-04-17 18:39:55,758 [main] INFO  base.BaseClass - Trying to find Element By {by.toString()})
2024-04-17 18:39:55,778 [main] INFO  base.BaseClass - Found Element By {by.toString()}
2024-04-17 18:39:56,301 [main] INFO  base.BaseClass - Trying to find Element By {by.toString()})
2024-04-17 18:39:56,320 [main] INFO  base.BaseClass - Found Element By {by.toString()}
2024-04-17 18:39:56,859 [main] INFO  base.BaseClass - Trying to find Element By {by.toString()})
2024-04-17 18:39:56,873 [main] INFO  base.BaseClass - Found Element By {by.toString()}
2024-04-17 18:39:57,402 [main] INFO  base.BaseClass - Trying to find Element By {by.toString()})
2024-04-17 18:39:57,426 [main] INFO  base.BaseClass - Found Element By {by.toString()}
2024-04-17 18:39:57,958 [main] INFO  base.BaseClass - Trying to find Element By {by.toString()})
2024-04-17 18:39:57,971 [main] INFO  base.BaseClass - Found Element By {by.toString()}
2024-04-17 18:39:58,500 [main] INFO  base.BaseClass - Trying to find Element By {by.toString()})
2024-04-17 18:39:58,537 [main] INFO  base.BaseClass - Found Element By {by.toString()}
2024-04-17 18:39:59,090 [main] INFO  base.BaseClass - Trying to find Element By {by.toString()})
2024-04-17 18:39:59,118 [main] INFO  base.BaseClass - Found Element By {by.toString()}
2024-04-17 18:39:59,650 [main] INFO  base.BaseClass - Trying to find Element By {by.toString()})
2024-04-17 18:39:59,668 [main] INFO  base.BaseClass - Found Element By {by.toString()}
2024-04-17 18:40:00,196 [main] INFO  base.BaseClass - Trying to find Element By {by.toString()})
2024-04-17 18:40:00,205 [main] INFO  base.BaseClass - Found Element By {by.toString()}
2024-04-17 18:40:00,724 [main] INFO  base.BaseClass - Trying to find Element By {by.toString()})
2024-04-17 18:40:00,736 [main] INFO  base.BaseClass - Found Element By {by.toString()}
2024-04-17 18:40:01,253 [main] INFO  base.BaseClass - Trying to find Element By {by.toString()})
2024-04-17 18:40:01,277 [main] INFO  base.BaseClass - Found Element By {by.toString()}
2024-04-17 18:40:01,798 [main] INFO  base.BaseClass - Trying to find Element By {by.toString()})
2024-04-17 18:40:01,813 [main] INFO  base.BaseClass - Found Element By {by.toString()}
2024-04-17 18:40:02,338 [main] INFO  base.BaseClass - Trying to find Element By {by.toString()})
2024-04-17 18:40:02,352 [main] INFO  base.BaseClass - Found Element By {by.toString()}
2024-04-17 18:40:02,867 [main] INFO  base.BaseClass - Trying to find Element By {by.toString()})
2024-04-17 18:40:02,890 [main] INFO  base.BaseClass - Found Element By {by.toString()}
TimeoutException occurred: Expected condition failed: waiting for helper.WaitUtility$5@42d3e6ed (tried for 30 second(s) with 500 milliseconds interval)
Build info: version: '3.141.59', revision: 'e82be7d358', time: '2018-11-14T08:17:03'
System info: host: 'DPLAP166', ip: '137.237.2.236', os.name: 'Windows 10', os.arch: 'amd64', os.version: '10.0', java.version: '19.0.1'
Driver info: org.openqa.selenium.support.events.EventFiringWebDriver
Capabilities {acceptInsecureCerts: true, browserName: chrome, browserVersion: 123.0.6312.123, chrome: {chromedriverVersion: 123.0.6312.122 (31f8248cdd9..., userDataDir: C:\Users\dP-PL\AppData\Loca...}, fedcm:accounts: true, goog:chromeOptions: {debuggerAddress: localhost:51256}, javascriptEnabled: true, networkConnectionEnabled: false, pageLoadStrategy: normal, platform: WINDOWS, platformName: WINDOWS, proxy: Proxy(), setWindowRect: true, strictFileInteractability: false, timeouts: {implicit: 0, pageLoad: 300000, script: 30000}, unhandledPromptBehavior: dismiss and notify, webauthn:extension:credBlob: true, webauthn:extension:largeBlob: true, webauthn:extension:minPinLength: true, webauthn:extension:prf: true, webauthn:virtualAuthenticators: true}
Session ID: a59c4df4811f82049fe754efe723d3c1
2024-04-17 18:40:02,916 [main] ERROR RotationCopy_test - Element did not become visible within the specified time: Expected condition failed: waiting for helper.WaitUtility$5@42d3e6ed (tried for 30 second(s) with 500 milliseconds interval)
Build info: version: '3.141.59', revision: 'e82be7d358', time: '2018-11-14T08:17:03'
System info: host: 'DPLAP166', ip: '137.237.2.236', os.name: 'Windows 10', os.arch: 'amd64', os.version: '10.0', java.version: '19.0.1'
Driver info: org.openqa.selenium.support.events.EventFiringWebDriver
Capabilities {acceptInsecureCerts: true, browserName: chrome, browserVersion: 123.0.6312.123, chrome: {chromedriverVersion: 123.0.6312.122 (31f8248cdd9..., userDataDir: C:\Users\dP-PL\AppData\Loca...}, fedcm:accounts: true, goog:chromeOptions: {debuggerAddress: localhost:51256}, javascriptEnabled: true, networkConnectionEnabled: false, pageLoadStrategy: normal, platform: WINDOWS, platformName: WINDOWS, proxy: Proxy(), setWindowRect: true, strictFileInteractability: false, timeouts: {implicit: 0, pageLoad: 300000, script: 30000}, unhandledPromptBehavior: dismiss and notify, webauthn:extension:credBlob: true, webauthn:extension:largeBlob: true, webauthn:extension:minPinLength: true, webauthn:extension:prf: true, webauthn:virtualAuthenticators: true}
Session ID: a59c4df4811f82049fe754efe723d3c1
2024-04-17 18:40:02,916 [main] INFO  base.BaseClass - Trying to find Element By {by.toString()})
2024-04-17 18:40:02,930 [main] INFO  base.BaseClass - Found Element By {by.toString()}
2024-04-17 18:40:02,930 [main] INFO  base.BaseClass - Trying to click on: {element.toString()}
2024-04-17 18:40:03,076 [main] INFO  base.BaseClass - Clicked on: {element.toString()}
2024-04-17 18:40:03,084 [main] INFO  base.BaseClass - Trying to find Element By {by.toString()})
2024-04-17 18:40:03,167 [main] INFO  base.BaseClass - Found Element By {by.toString()}
2024-04-17 18:40:03,691 [main] INFO  base.BaseClass - Trying to find Element By {by.toString()})
2024-04-17 18:40:03,704 [main] INFO  base.BaseClass - Found Element By {by.toString()}
2024-04-17 18:40:04,232 [main] INFO  base.BaseClass - Trying to find Element By {by.toString()})
2024-04-17 18:40:04,244 [main] INFO  base.BaseClass - Found Element By {by.toString()}
2024-04-17 18:40:04,776 [main] INFO  base.BaseClass - Trying to find Element By {by.toString()})
2024-04-17 18:40:04,794 [main] INFO  base.BaseClass - Found Element By {by.toString()}
2024-04-17 18:40:05,321 [main] INFO  base.BaseClass - Trying to find Element By {by.toString()})
2024-04-17 18:40:05,334 [main] INFO  base.BaseClass - Found Element By {by.toString()}
2024-04-17 18:40:05,851 [main] INFO  base.BaseClass - Trying to find Element By {by.toString()})
2024-04-17 18:40:05,864 [main] INFO  base.BaseClass - Found Element By {by.toString()}
2024-04-17 18:40:06,393 [main] INFO  base.BaseClass - Trying to find Element By {by.toString()})
2024-04-17 18:40:06,427 [main] INFO  base.BaseClass - Found Element By {by.toString()}
2024-04-17 18:40:06,954 [main] INFO  base.BaseClass - Trying to find Element By {by.toString()})
2024-04-17 18:40:06,987 [main] INFO  base.BaseClass - Found Element By {by.toString()}
2024-04-17 18:40:07,517 [main] INFO  base.BaseClass - Trying to find Element By {by.toString()})
2024-04-17 18:40:07,534 [main] INFO  base.BaseClass - Found Element By {by.toString()}
2024-04-17 18:40:08,060 [main] INFO  base.BaseClass - Trying to find Element By {by.toString()})
2024-04-17 18:40:08,076 [main] INFO  base.BaseClass - Found Element By {by.toString()}
2024-04-17 18:40:08,606 [main] INFO  base.BaseClass - Trying to find Element By {by.toString()})
2024-04-17 18:40:08,628 [main] INFO  base.BaseClass - Found Element By {by.toString()}
2024-04-17 18:40:09,177 [main] INFO  base.BaseClass - Trying to find Element By {by.toString()})
2024-04-17 18:40:09,193 [main] INFO  base.BaseClass - Found Element By {by.toString()}
2024-04-17 18:40:09,722 [main] INFO  base.BaseClass - Trying to find Element By {by.toString()})
2024-04-17 18:40:09,750 [main] INFO  base.BaseClass - Found Element By {by.toString()}
2024-04-17 18:40:10,281 [main] INFO  base.BaseClass - Trying to find Element By {by.toString()})
2024-04-17 18:40:10,303 [main] INFO  base.BaseClass - Found Element By {by.toString()}
2024-04-17 18:40:10,828 [main] INFO  base.BaseClass - Trying to find Element By {by.toString()})
2024-04-17 18:40:10,843 [main] INFO  base.BaseClass - Found Element By {by.toString()}
2024-04-17 18:40:11,371 [main] INFO  base.BaseClass - Trying to find Element By {by.toString()})
2024-04-17 18:40:11,393 [main] INFO  base.BaseClass - Found Element By {by.toString()}
2024-04-17 18:40:11,930 [main] INFO  base.BaseClass - Trying to find Element By {by.toString()})
2024-04-17 18:40:11,945 [main] INFO  base.BaseClass - Found Element By {by.toString()}
2024-04-17 18:40:12,477 [main] INFO  base.BaseClass - Trying to find Element By {by.toString()})
2024-04-17 18:40:12,504 [main] INFO  base.BaseClass - Found Element By {by.toString()}
2024-04-17 18:40:13,035 [main] INFO  base.BaseClass - Trying to find Element By {by.toString()})
2024-04-17 18:40:13,059 [main] INFO  base.BaseClass - Found Element By {by.toString()}
2024-04-17 18:40:13,598 [main] INFO  base.BaseClass - Trying to find Element By {by.toString()})
2024-04-17 18:40:13,632 [main] INFO  base.BaseClass - Found Element By {by.toString()}
2024-04-17 18:40:14,169 [main] INFO  base.BaseClass - Trying to find Element By {by.toString()})
2024-04-17 18:40:14,183 [main] INFO  base.BaseClass - Found Element By {by.toString()}
2024-04-17 18:40:14,712 [main] INFO  base.BaseClass - Trying to find Element By {by.toString()})
2024-04-17 18:40:14,727 [main] INFO  base.BaseClass - Found Element By {by.toString()}
2024-04-17 18:40:15,258 [main] INFO  base.BaseClass - Trying to find Element By {by.toString()})
2024-04-17 18:40:15,275 [main] INFO  base.BaseClass - Found Element By {by.toString()}
2024-04-17 18:40:15,806 [main] INFO  base.BaseClass - Trying to find Element By {by.toString()})
2024-04-17 18:40:15,833 [main] INFO  base.BaseClass - Found Element By {by.toString()}
2024-04-17 18:40:16,367 [main] INFO  base.BaseClass - Trying to find Element By {by.toString()})
2024-04-17 18:40:16,393 [main] INFO  base.BaseClass - Found Element By {by.toString()}
2024-04-17 18:40:16,921 [main] INFO  base.BaseClass - Trying to find Element By {by.toString()})
2024-04-17 18:40:16,954 [main] INFO  base.BaseClass - Found Element By {by.toString()}
2024-04-17 18:40:17,497 [main] INFO  base.BaseClass - Trying to find Element By {by.toString()})
2024-04-17 18:40:17,523 [main] INFO  base.BaseClass - Found Element By {by.toString()}
2024-04-17 18:40:18,058 [main] INFO  base.BaseClass - Trying to find Element By {by.toString()})
2024-04-17 18:40:18,085 [main] INFO  base.BaseClass - Found Element By {by.toString()}
2024-04-17 18:40:18,617 [main] INFO  base.BaseClass - Trying to find Element By {by.toString()})
2024-04-17 18:40:18,641 [main] INFO  base.BaseClass - Found Element By {by.toString()}
2024-04-17 18:40:19,162 [main] INFO  base.BaseClass - Trying to find Element By {by.toString()})
2024-04-17 18:40:19,190 [main] INFO  base.BaseClass - Found Element By {by.toString()}
2024-04-17 18:40:19,722 [main] INFO  base.BaseClass - Trying to find Element By {by.toString()})
2024-04-17 18:40:19,740 [main] INFO  base.BaseClass - Found Element By {by.toString()}
2024-04-17 18:40:20,283 [main] INFO  base.BaseClass - Trying to find Element By {by.toString()})
2024-04-17 18:40:20,295 [main] INFO  base.BaseClass - Found Element By {by.toString()}
2024-04-17 18:40:20,826 [main] INFO  base.BaseClass - Trying to find Element By {by.toString()})
2024-04-17 18:40:20,849 [main] INFO  base.BaseClass - Found Element By {by.toString()}
2024-04-17 18:40:21,387 [main] INFO  base.BaseClass - Trying to find Element By {by.toString()})
2024-04-17 18:40:21,410 [main] INFO  base.BaseClass - Found Element By {by.toString()}
2024-04-17 18:40:21,944 [main] INFO  base.BaseClass - Trying to find Element By {by.toString()})
2024-04-17 18:40:21,961 [main] INFO  base.BaseClass - Found Element By {by.toString()}
2024-04-17 18:40:22,489 [main] INFO  base.BaseClass - Trying to find Element By {by.toString()})
2024-04-17 18:40:22,515 [main] INFO  base.BaseClass - Found Element By {by.toString()}
2024-04-17 18:40:23,048 [main] INFO  base.BaseClass - Trying to find Element By {by.toString()})
2024-04-17 18:40:23,065 [main] INFO  base.BaseClass - Found Element By {by.toString()}
2024-04-17 18:40:23,590 [main] INFO  base.BaseClass - Trying to find Element By {by.toString()})
2024-04-17 18:40:23,612 [main] INFO  base.BaseClass - Found Element By {by.toString()}
2024-04-17 18:40:24,133 [main] INFO  base.BaseClass - Trying to find Element By {by.toString()})
2024-04-17 18:40:24,152 [main] INFO  base.BaseClass - Found Element By {by.toString()}
2024-04-17 18:40:24,674 [main] INFO  base.BaseClass - Trying to find Element By {by.toString()})
2024-04-17 18:40:24,693 [main] INFO  base.BaseClass - Found Element By {by.toString()}
2024-04-17 18:40:25,219 [main] INFO  base.BaseClass - Trying to find Element By {by.toString()})
2024-04-17 18:40:25,236 [main] INFO  base.BaseClass - Found Element By {by.toString()}
2024-04-17 18:40:25,761 [main] INFO  base.BaseClass - Trying to find Element By {by.toString()})
2024-04-17 18:40:25,784 [main] INFO  base.BaseClass - Found Element By {by.toString()}
2024-04-17 18:40:26,308 [main] INFO  base.BaseClass - Trying to find Element By {by.toString()})
2024-04-17 18:40:26,325 [main] INFO  base.BaseClass - Found Element By {by.toString()}
2024-04-17 18:40:26,851 [main] INFO  base.BaseClass - Trying to find Element By {by.toString()})
2024-04-17 18:40:26,874 [main] INFO  base.BaseClass - Found Element By {by.toString()}
2024-04-17 18:40:27,408 [main] INFO  base.BaseClass - Trying to find Element By {by.toString()})
2024-04-17 18:40:27,433 [main] INFO  base.BaseClass - Found Element By {by.toString()}
2024-04-17 18:40:27,968 [main] INFO  base.BaseClass - Trying to find Element By {by.toString()})
2024-04-17 18:40:27,978 [main] INFO  base.BaseClass - Found Element By {by.toString()}
2024-04-17 18:40:28,498 [main] INFO  base.BaseClass - Trying to find Element By {by.toString()})
2024-04-17 18:40:28,512 [main] INFO  base.BaseClass - Found Element By {by.toString()}
2024-04-17 18:40:29,044 [main] INFO  base.BaseClass - Trying to find Element By {by.toString()})
2024-04-17 18:40:29,060 [main] INFO  base.BaseClass - Found Element By {by.toString()}
2024-04-17 18:40:29,603 [main] INFO  base.BaseClass - Trying to find Element By {by.toString()})
2024-04-17 18:40:29,638 [main] INFO  base.BaseClass - Found Element By {by.toString()}
2024-04-17 18:40:30,194 [main] INFO  base.BaseClass - Trying to find Element By {by.toString()})
2024-04-17 18:40:30,227 [main] INFO  base.BaseClass - Found Element By {by.toString()}
2024-04-17 18:40:30,786 [main] INFO  base.BaseClass - Trying to find Element By {by.toString()})
2024-04-17 18:40:30,813 [main] INFO  base.BaseClass - Found Element By {by.toString()}
2024-04-17 18:40:31,348 [main] INFO  base.BaseClass - Trying to find Element By {by.toString()})
2024-04-17 18:40:31,363 [main] INFO  base.BaseClass - Found Element By {by.toString()}
2024-04-17 18:40:31,886 [main] INFO  base.BaseClass - Trying to find Element By {by.toString()})
2024-04-17 18:40:31,906 [main] INFO  base.BaseClass - Found Element By {by.toString()}
2024-04-17 18:40:32,430 [main] INFO  base.BaseClass - Trying to find Element By {by.toString()})
2024-04-17 18:40:32,441 [main] INFO  base.BaseClass - Found Element By {by.toString()}
2024-04-17 18:40:32,959 [main] INFO  base.BaseClass - Trying to find Element By {by.toString()})
2024-04-17 18:40:32,978 [main] INFO  base.BaseClass - Found Element By {by.toString()}
2024-04-17 18:40:33,501 [main] INFO  base.BaseClass - Trying to find Element By {by.toString()})
2024-04-17 18:40:33,524 [main] INFO  base.BaseClass - Found Element By {by.toString()}
TimeoutException occurred: Expected condition failed: waiting for helper.WaitUtility$5@32ce89f1 (tried for 30 second(s) with 500 milliseconds interval)
Build info: version: '3.141.59', revision: 'e82be7d358', time: '2018-11-14T08:17:03'
System info: host: 'DPLAP166', ip: '137.237.2.236', os.name: 'Windows 10', os.arch: 'amd64', os.version: '10.0', java.version: '19.0.1'
Driver info: org.openqa.selenium.support.events.EventFiringWebDriver
Capabilities {acceptInsecureCerts: true, browserName: chrome, browserVersion: 123.0.6312.123, chrome: {chromedriverVersion: 123.0.6312.122 (31f8248cdd9..., userDataDir: C:\Users\dP-PL\AppData\Loca...}, fedcm:accounts: true, goog:chromeOptions: {debuggerAddress: localhost:51256}, javascriptEnabled: true, networkConnectionEnabled: false, pageLoadStrategy: normal, platform: WINDOWS, platformName: WINDOWS, proxy: Proxy(), setWindowRect: true, strictFileInteractability: false, timeouts: {implicit: 0, pageLoad: 300000, script: 30000}, unhandledPromptBehavior: dismiss and notify, webauthn:extension:credBlob: true, webauthn:extension:largeBlob: true, webauthn:extension:minPinLength: true, webauthn:extension:prf: true, webauthn:virtualAuthenticators: true}
Session ID: a59c4df4811f82049fe754efe723d3c1
2024-04-17 18:40:33,548 [main] ERROR RotationCopy_test - Element did not become visible within the specified time: Expected condition failed: waiting for helper.WaitUtility$5@32ce89f1 (tried for 30 second(s) with 500 milliseconds interval)
Build info: version: '3.141.59', revision: 'e82be7d358', time: '2018-11-14T08:17:03'
System info: host: 'DPLAP166', ip: '137.237.2.236', os.name: 'Windows 10', os.arch: 'amd64', os.version: '10.0', java.version: '19.0.1'
Driver info: org.openqa.selenium.support.events.EventFiringWebDriver
Capabilities {acceptInsecureCerts: true, browserName: chrome, browserVersion: 123.0.6312.123, chrome: {chromedriverVersion: 123.0.6312.122 (31f8248cdd9..., userDataDir: C:\Users\dP-PL\AppData\Loca...}, fedcm:accounts: true, goog:chromeOptions: {debuggerAddress: localhost:51256}, javascriptEnabled: true, networkConnectionEnabled: false, pageLoadStrategy: normal, platform: WINDOWS, platformName: WINDOWS, proxy: Proxy(), setWindowRect: true, strictFileInteractability: false, timeouts: {implicit: 0, pageLoad: 300000, script: 30000}, unhandledPromptBehavior: dismiss and notify, webauthn:extension:credBlob: true, webauthn:extension:largeBlob: true, webauthn:extension:minPinLength: true, webauthn:extension:prf: true, webauthn:virtualAuthenticators: true}
Session ID: a59c4df4811f82049fe754efe723d3c1
2024-04-17 18:40:33,548 [main] INFO  base.BaseClass - Trying to find Element By {by.toString()})
2024-04-17 18:40:33,561 [main] INFO  base.BaseClass - Found Element By {by.toString()}
2024-04-17 18:40:33,561 [main] INFO  base.BaseClass - Trying to click on: {element.toString()}
2024-04-17 18:40:33,640 [main] INFO  base.BaseClass - Clicked on: {element.toString()}
2024-04-17 18:40:33,646 [main] INFO  base.BaseClass - Trying to find Element By {by.toString()})
2024-04-17 18:40:33,660 [main] INFO  base.BaseClass - Found Element By {by.toString()}
2024-04-17 18:40:34,185 [main] INFO  base.BaseClass - Trying to find Element By {by.toString()})
2024-04-17 18:40:34,568 [main] INFO  base.BaseClass - Found Element By {by.toString()}
2024-04-17 18:40:35,130 [main] INFO  base.BaseClass - Trying to find Element By {by.toString()})
2024-04-17 18:40:35,167 [main] INFO  base.BaseClass - Found Element By {by.toString()}
2024-04-17 18:40:35,723 [main] INFO  base.BaseClass - Trying to find Element By {by.toString()})
2024-04-17 18:40:35,738 [main] INFO  base.BaseClass - Found Element By {by.toString()}
2024-04-17 18:40:36,267 [main] INFO  base.BaseClass - Trying to find Element By {by.toString()})
2024-04-17 18:40:36,285 [main] INFO  base.BaseClass - Found Element By {by.toString()}
2024-04-17 18:40:36,809 [main] INFO  base.BaseClass - Trying to find Element By {by.toString()})
2024-04-17 18:40:36,841 [main] INFO  base.BaseClass - Found Element By {by.toString()}
2024-04-17 18:40:37,370 [main] INFO  base.BaseClass - Trying to find Element By {by.toString()})
2024-04-17 18:40:37,389 [main] INFO  base.BaseClass - Found Element By {by.toString()}
2024-04-17 18:40:37,928 [main] INFO  base.BaseClass - Trying to find Element By {by.toString()})
2024-04-17 18:40:37,946 [main] INFO  base.BaseClass - Found Element By {by.toString()}
2024-04-17 18:40:38,470 [main] INFO  base.BaseClass - Trying to find Element By {by.toString()})
2024-04-17 18:40:38,489 [main] INFO  base.BaseClass - Found Element By {by.toString()}
2024-04-17 18:40:39,012 [main] INFO  base.BaseClass - Trying to find Element By {by.toString()})
2024-04-17 18:40:39,026 [main] INFO  base.BaseClass - Found Element By {by.toString()}
2024-04-17 18:40:39,555 [main] INFO  base.BaseClass - Trying to find Element By {by.toString()})
2024-04-17 18:40:39,593 [main] INFO  base.BaseClass - Found Element By {by.toString()}
2024-04-17 18:40:40,146 [main] INFO  base.BaseClass - Trying to find Element By {by.toString()})
2024-04-17 18:40:40,159 [main] INFO  base.BaseClass - Found Element By {by.toString()}
2024-04-17 18:40:40,689 [main] INFO  base.BaseClass - Trying to find Element By {by.toString()})
2024-04-17 18:40:40,702 [main] INFO  base.BaseClass - Found Element By {by.toString()}
2024-04-17 18:40:41,236 [main] INFO  base.BaseClass - Trying to find Element By {by.toString()})
2024-04-17 18:40:41,250 [main] INFO  base.BaseClass - Found Element By {by.toString()}
2024-04-17 18:40:41,778 [main] INFO  base.BaseClass - Trying to find Element By {by.toString()})
2024-04-17 18:40:41,790 [main] INFO  base.BaseClass - Found Element By {by.toString()}
2024-04-17 18:40:42,305 [main] INFO  base.BaseClass - Trying to find Element By {by.toString()})
2024-04-17 18:40:42,325 [main] INFO  base.BaseClass - Found Element By {by.toString()}
2024-04-17 18:40:42,848 [main] INFO  base.BaseClass - Trying to find Element By {by.toString()})
2024-04-17 18:40:42,870 [main] INFO  base.BaseClass - Found Element By {by.toString()}
2024-04-17 18:40:43,404 [main] INFO  base.BaseClass - Trying to find Element By {by.toString()})
2024-04-17 18:40:43,415 [main] INFO  base.BaseClass - Found Element By {by.toString()}
2024-04-17 18:40:43,933 [main] INFO  base.BaseClass - Trying to find Element By {by.toString()})
2024-04-17 18:40:43,959 [main] INFO  base.BaseClass - Found Element By {by.toString()}
2024-04-17 18:40:44,493 [main] INFO  base.BaseClass - Trying to find Element By {by.toString()})
2024-04-17 18:40:44,511 [main] INFO  base.BaseClass - Found Element By {by.toString()}
2024-04-17 18:40:45,037 [main] INFO  base.BaseClass - Trying to find Element By {by.toString()})
2024-04-17 18:40:45,052 [main] INFO  base.BaseClass - Found Element By {by.toString()}
2024-04-17 18:40:45,578 [main] INFO  base.BaseClass - Trying to find Element By {by.toString()})
2024-04-17 18:40:45,590 [main] INFO  base.BaseClass - Found Element By {by.toString()}
2024-04-17 18:40:46,108 [main] INFO  base.BaseClass - Trying to find Element By {by.toString()})
2024-04-17 18:40:46,122 [main] INFO  base.BaseClass - Found Element By {by.toString()}
2024-04-17 18:40:46,649 [main] INFO  base.BaseClass - Trying to find Element By {by.toString()})
2024-04-17 18:40:46,669 [main] INFO  base.BaseClass - Found Element By {by.toString()}
2024-04-17 18:40:47,205 [main] INFO  base.BaseClass - Trying to find Element By {by.toString()})
2024-04-17 18:40:47,220 [main] INFO  base.BaseClass - Found Element By {by.toString()}
2024-04-17 18:40:47,749 [main] INFO  base.BaseClass - Trying to find Element By {by.toString()})
2024-04-17 18:40:47,768 [main] INFO  base.BaseClass - Found Element By {by.toString()}
2024-04-17 18:40:48,294 [main] INFO  base.BaseClass - Trying to find Element By {by.toString()})
2024-04-17 18:40:48,316 [main] INFO  base.BaseClass - Found Element By {by.toString()}
2024-04-17 18:40:48,850 [main] INFO  base.BaseClass - Trying to find Element By {by.toString()})
2024-04-17 18:40:48,868 [main] INFO  base.BaseClass - Found Element By {by.toString()}
2024-04-17 18:40:49,394 [main] INFO  base.BaseClass - Trying to find Element By {by.toString()})
2024-04-17 18:40:49,410 [main] INFO  base.BaseClass - Found Element By {by.toString()}
2024-04-17 18:40:49,937 [main] INFO  base.BaseClass - Trying to find Element By {by.toString()})
2024-04-17 18:40:49,952 [main] INFO  base.BaseClass - Found Element By {by.toString()}
2024-04-17 18:40:50,483 [main] INFO  base.BaseClass - Trying to find Element By {by.toString()})
2024-04-17 18:40:50,496 [main] INFO  base.BaseClass - Found Element By {by.toString()}
2024-04-17 18:40:51,025 [main] INFO  base.BaseClass - Trying to find Element By {by.toString()})
2024-04-17 18:40:51,042 [main] INFO  base.BaseClass - Found Element By {by.toString()}
2024-04-17 18:40:51,572 [main] INFO  base.BaseClass - Trying to find Element By {by.toString()})
2024-04-17 18:40:51,595 [main] INFO  base.BaseClass - Found Element By {by.toString()}
2024-04-17 18:40:52,133 [main] INFO  base.BaseClass - Trying to find Element By {by.toString()})
2024-04-17 18:40:52,152 [main] INFO  base.BaseClass - Found Element By {by.toString()}
2024-04-17 18:40:52,689 [main] INFO  base.BaseClass - Trying to find Element By {by.toString()})
2024-04-17 18:40:52,703 [main] INFO  base.BaseClass - Found Element By {by.toString()}
2024-04-17 18:40:53,232 [main] INFO  base.BaseClass - Trying to find Element By {by.toString()})
2024-04-17 18:40:53,256 [main] INFO  base.BaseClass - Found Element By {by.toString()}
2024-04-17 18:40:53,777 [main] INFO  base.BaseClass - Trying to find Element By {by.toString()})
2024-04-17 18:40:53,796 [main] INFO  base.BaseClass - Found Element By {by.toString()}
2024-04-17 18:40:54,321 [main] INFO  base.BaseClass - Trying to find Element By {by.toString()})
2024-04-17 18:40:54,335 [main] INFO  base.BaseClass - Found Element By {by.toString()}
2024-04-17 18:40:54,863 [main] INFO  base.BaseClass - Trying to find Element By {by.toString()})
2024-04-17 18:40:54,881 [main] INFO  base.BaseClass - Found Element By {by.toString()}
2024-04-17 18:40:55,424 [main] INFO  base.BaseClass - Trying to find Element By {by.toString()})
2024-04-17 18:40:55,436 [main] INFO  base.BaseClass - Found Element By {by.toString()}
2024-04-17 18:40:55,953 [main] INFO  base.BaseClass - Trying to find Element By {by.toString()})
2024-04-17 18:40:55,974 [main] INFO  base.BaseClass - Found Element By {by.toString()}
2024-04-17 18:40:56,511 [main] INFO  base.BaseClass - Trying to find Element By {by.toString()})
2024-04-17 18:40:56,532 [main] INFO  base.BaseClass - Found Element By {by.toString()}
2024-04-17 18:40:57,071 [main] INFO  base.BaseClass - Trying to find Element By {by.toString()})
2024-04-17 18:40:57,100 [main] INFO  base.BaseClass - Found Element By {by.toString()}
2024-04-17 18:40:57,628 [main] INFO  base.BaseClass - Trying to find Element By {by.toString()})
2024-04-17 18:40:57,646 [main] INFO  base.BaseClass - Found Element By {by.toString()}
2024-04-17 18:40:58,173 [main] INFO  base.BaseClass - Trying to find Element By {by.toString()})
2024-04-17 18:40:58,239 [main] INFO  base.BaseClass - Found Element By {by.toString()}
2024-04-17 18:40:58,823 [main] INFO  base.BaseClass - Trying to find Element By {by.toString()})
2024-04-17 18:40:58,856 [main] INFO  base.BaseClass - Found Element By {by.toString()}
2024-04-17 18:40:59,412 [main] INFO  base.BaseClass - Trying to find Element By {by.toString()})
2024-04-17 18:40:59,428 [main] INFO  base.BaseClass - Found Element By {by.toString()}
2024-04-17 18:40:59,958 [main] INFO  base.BaseClass - Trying to find Element By {by.toString()})
2024-04-17 18:40:59,984 [main] INFO  base.BaseClass - Found Element By {by.toString()}
2024-04-17 18:41:00,518 [main] INFO  base.BaseClass - Trying to find Element By {by.toString()})
2024-04-17 18:41:00,545 [main] INFO  base.BaseClass - Found Element By {by.toString()}
2024-04-17 18:41:01,079 [main] INFO  base.BaseClass - Trying to find Element By {by.toString()})
2024-04-17 18:41:01,112 [main] INFO  base.BaseClass - Found Element By {by.toString()}
2024-04-17 18:41:01,652 [main] INFO  base.BaseClass - Trying to find Element By {by.toString()})
2024-04-17 18:41:01,679 [main] INFO  base.BaseClass - Found Element By {by.toString()}
2024-04-17 18:41:02,211 [main] INFO  base.BaseClass - Trying to find Element By {by.toString()})
2024-04-17 18:41:02,229 [main] INFO  base.BaseClass - Found Element By {by.toString()}
2024-04-17 18:41:02,755 [main] INFO  base.BaseClass - Trying to find Element By {by.toString()})
2024-04-17 18:41:02,770 [main] INFO  base.BaseClass - Found Element By {by.toString()}
2024-04-17 18:41:03,297 [main] INFO  base.BaseClass - Trying to find Element By {by.toString()})
2024-04-17 18:41:03,325 [main] INFO  base.BaseClass - Found Element By {by.toString()}
2024-04-17 18:41:03,857 [main] INFO  base.BaseClass - Trying to find Element By {by.toString()})
2024-04-17 18:41:03,882 [main] INFO  base.BaseClass - Found Element By {by.toString()}
TimeoutException occurred: Expected condition failed: waiting for helper.WaitUtility$5@79bf2f1 (tried for 30 second(s) with 500 milliseconds interval)
Build info: version: '3.141.59', revision: 'e82be7d358', time: '2018-11-14T08:17:03'
System info: host: 'DPLAP166', ip: '137.237.2.236', os.name: 'Windows 10', os.arch: 'amd64', os.version: '10.0', java.version: '19.0.1'
Driver info: org.openqa.selenium.support.events.EventFiringWebDriver
Capabilities {acceptInsecureCerts: true, browserName: chrome, browserVersion: 123.0.6312.123, chrome: {chromedriverVersion: 123.0.6312.122 (31f8248cdd9..., userDataDir: C:\Users\dP-PL\AppData\Loca...}, fedcm:accounts: true, goog:chromeOptions: {debuggerAddress: localhost:51256}, javascriptEnabled: true, networkConnectionEnabled: false, pageLoadStrategy: normal, platform: WINDOWS, platformName: WINDOWS, proxy: Proxy(), setWindowRect: true, strictFileInteractability: false, timeouts: {implicit: 0, pageLoad: 300000, script: 30000}, unhandledPromptBehavior: dismiss and notify, webauthn:extension:credBlob: true, webauthn:extension:largeBlob: true, webauthn:extension:minPinLength: true, webauthn:extension:prf: true, webauthn:virtualAuthenticators: true}
Session ID: a59c4df4811f82049fe754efe723d3c1
2024-04-17 18:41:03,908 [main] ERROR RotationCopy_test - Element did not become visible within the specified time: Expected condition failed: waiting for helper.WaitUtility$5@79bf2f1 (tried for 30 second(s) with 500 milliseconds interval)
Build info: version: '3.141.59', revision: 'e82be7d358', time: '2018-11-14T08:17:03'
System info: host: 'DPLAP166', ip: '137.237.2.236', os.name: 'Windows 10', os.arch: 'amd64', os.version: '10.0', java.version: '19.0.1'
Driver info: org.openqa.selenium.support.events.EventFiringWebDriver
Capabilities {acceptInsecureCerts: true, browserName: chrome, browserVersion: 123.0.6312.123, chrome: {chromedriverVersion: 123.0.6312.122 (31f8248cdd9..., userDataDir: C:\Users\dP-PL\AppData\Loca...}, fedcm:accounts: true, goog:chromeOptions: {debuggerAddress: localhost:51256}, javascriptEnabled: true, networkConnectionEnabled: false, pageLoadStrategy: normal, platform: WINDOWS, platformName: WINDOWS, proxy: Proxy(), setWindowRect: true, strictFileInteractability: false, timeouts: {implicit: 0, pageLoad: 300000, script: 30000}, unhandledPromptBehavior: dismiss and notify, webauthn:extension:credBlob: true, webauthn:extension:largeBlob: true, webauthn:extension:minPinLength: true, webauthn:extension:prf: true, webauthn:virtualAuthenticators: true}
Session ID: a59c4df4811f82049fe754efe723d3c1
2024-04-17 18:41:03,908 [main] INFO  base.BaseClass - Trying to find Element By {by.toString()})
2024-04-17 18:41:03,920 [main] INFO  base.BaseClass - Found Element By {by.toString()}
2024-04-17 18:41:03,920 [main] INFO  base.BaseClass - Trying to click on: {element.toString()}
2024-04-17 18:41:04,072 [main] INFO  base.BaseClass - Clicked on: {element.toString()}
2024-04-17 18:41:04,073 [main] INFO  base.BaseClass - Trying to find Element By {by.toString()})
2024-04-17 18:41:04,933 [main] INFO  base.BaseClass - Found Element By {by.toString()}
2024-04-17 18:41:05,457 [main] INFO  base.BaseClass - Trying to find Element By {by.toString()})
2024-04-17 18:41:05,473 [main] INFO  base.BaseClass - Found Element By {by.toString()}
2024-04-17 18:41:06,003 [main] INFO  base.BaseClass - Trying to find Element By {by.toString()})
2024-04-17 18:41:06,018 [main] INFO  base.BaseClass - Found Element By {by.toString()}
2024-04-17 18:41:06,549 [main] INFO  base.BaseClass - Trying to find Element By {by.toString()})
2024-04-17 18:41:06,566 [main] INFO  base.BaseClass - Found Element By {by.toString()}
2024-04-17 18:41:07,092 [main] INFO  base.BaseClass - Trying to find Element By {by.toString()})
2024-04-17 18:41:07,106 [main] INFO  base.BaseClass - Found Element By {by.toString()}
2024-04-17 18:41:07,636 [main] INFO  base.BaseClass - Trying to find Element By {by.toString()})
2024-04-17 18:41:07,660 [main] INFO  base.BaseClass - Found Element By {by.toString()}
2024-04-17 18:41:08,194 [main] INFO  base.BaseClass - Trying to find Element By {by.toString()})
2024-04-17 18:41:08,208 [main] INFO  base.BaseClass - Found Element By {by.toString()}
2024-04-17 18:41:08,739 [main] INFO  base.BaseClass - Trying to find Element By {by.toString()})
2024-04-17 18:41:08,759 [main] INFO  base.BaseClass - Found Element By {by.toString()}
2024-04-17 18:41:09,297 [main] INFO  base.BaseClass - Trying to find Element By {by.toString()})
2024-04-17 18:41:09,310 [main] INFO  base.BaseClass - Found Element By {by.toString()}
2024-04-17 18:41:09,842 [main] INFO  base.BaseClass - Trying to find Element By {by.toString()})
2024-04-17 18:41:09,879 [main] INFO  base.BaseClass - Found Element By {by.toString()}
2024-04-17 18:41:10,434 [main] INFO  base.BaseClass - Trying to find Element By {by.toString()})
2024-04-17 18:41:10,471 [main] INFO  base.BaseClass - Found Element By {by.toString()}
2024-04-17 18:41:11,011 [main] INFO  base.BaseClass - Trying to find Element By {by.toString()})
2024-04-17 18:41:11,037 [main] INFO  base.BaseClass - Found Element By {by.toString()}
2024-04-17 18:41:11,572 [main] INFO  base.BaseClass - Trying to find Element By {by.toString()})
2024-04-17 18:41:11,593 [main] INFO  base.BaseClass - Found Element By {by.toString()}
2024-04-17 18:41:12,129 [main] INFO  base.BaseClass - Trying to find Element By {by.toString()})
2024-04-17 18:41:12,151 [main] INFO  base.BaseClass - Found Element By {by.toString()}
2024-04-17 18:41:12,691 [main] INFO  base.BaseClass - Trying to find Element By {by.toString()})
2024-04-17 18:41:12,715 [main] INFO  base.BaseClass - Found Element By {by.toString()}
2024-04-17 18:41:13,250 [main] INFO  base.BaseClass - Trying to find Element By {by.toString()})
2024-04-17 18:41:13,282 [main] INFO  base.BaseClass - Found Element By {by.toString()}
2024-04-17 18:41:13,823 [main] INFO  base.BaseClass - Trying to find Element By {by.toString()})
2024-04-17 18:41:13,841 [main] INFO  base.BaseClass - Found Element By {by.toString()}
2024-04-17 18:41:14,369 [main] INFO  base.BaseClass - Trying to find Element By {by.toString()})
2024-04-17 18:41:14,384 [main] INFO  base.BaseClass - Found Element By {by.toString()}
2024-04-17 18:41:14,914 [main] INFO  base.BaseClass - Trying to find Element By {by.toString()})
2024-04-17 18:41:14,937 [main] INFO  base.BaseClass - Found Element By {by.toString()}
2024-04-17 18:41:15,473 [main] INFO  base.BaseClass - Trying to find Element By {by.toString()})
2024-04-17 18:41:15,500 [main] INFO  base.BaseClass - Found Element By {by.toString()}
2024-04-17 18:41:16,079 [main] INFO  base.BaseClass - Trying to find Element By {by.toString()})
2024-04-17 18:41:16,102 [main] INFO  base.BaseClass - Found Element By {by.toString()}
2024-04-17 18:41:16,638 [main] INFO  base.BaseClass - Trying to find Element By {by.toString()})
2024-04-17 18:41:16,666 [main] INFO  base.BaseClass - Found Element By {by.toString()}
2024-04-17 18:41:17,197 [main] INFO  base.BaseClass - Trying to find Element By {by.toString()})
2024-04-17 18:41:17,215 [main] INFO  base.BaseClass - Found Element By {by.toString()}
2024-04-17 18:41:17,744 [main] INFO  base.BaseClass - Trying to find Element By {by.toString()})
2024-04-17 18:41:17,758 [main] INFO  base.BaseClass - Found Element By {by.toString()}
2024-04-17 18:41:18,287 [main] INFO  base.BaseClass - Trying to find Element By {by.toString()})
2024-04-17 18:41:18,313 [main] INFO  base.BaseClass - Found Element By {by.toString()}
2024-04-17 18:41:18,845 [main] INFO  base.BaseClass - Trying to find Element By {by.toString()})
2024-04-17 18:41:18,863 [main] INFO  base.BaseClass - Found Element By {by.toString()}
2024-04-17 18:41:19,388 [main] INFO  base.BaseClass - Trying to find Element By {by.toString()})
2024-04-17 18:41:19,408 [main] INFO  base.BaseClass - Found Element By {by.toString()}
2024-04-17 18:41:19,944 [main] INFO  base.BaseClass - Trying to find Element By {by.toString()})
2024-04-17 18:41:19,966 [main] INFO  base.BaseClass - Found Element By {by.toString()}
2024-04-17 18:41:20,503 [main] INFO  base.BaseClass - Trying to find Element By {by.toString()})
2024-04-17 18:41:20,524 [main] INFO  base.BaseClass - Found Element By {by.toString()}
2024-04-17 18:41:21,061 [main] INFO  base.BaseClass - Trying to find Element By {by.toString()})
2024-04-17 18:41:21,076 [main] INFO  base.BaseClass - Found Element By {by.toString()}
2024-04-17 18:41:21,608 [main] INFO  base.BaseClass - Trying to find Element By {by.toString()})
2024-04-17 18:41:21,635 [main] INFO  base.BaseClass - Found Element By {by.toString()}
2024-04-17 18:41:22,170 [main] INFO  base.BaseClass - Trying to find Element By {by.toString()})
2024-04-17 18:41:22,196 [main] INFO  base.BaseClass - Found Element By {by.toString()}
2024-04-17 18:41:22,710 [main] INFO  base.BaseClass - Trying to find Element By {by.toString()})
2024-04-17 18:41:22,724 [main] INFO  base.BaseClass - Found Element By {by.toString()}
2024-04-17 18:41:23,252 [main] INFO  base.BaseClass - Trying to find Element By {by.toString()})
2024-04-17 18:41:23,272 [main] INFO  base.BaseClass - Found Element By {by.toString()}
2024-04-17 18:41:23,805 [main] INFO  base.BaseClass - Trying to find Element By {by.toString()})
2024-04-17 18:41:23,830 [main] INFO  base.BaseClass - Found Element By {by.toString()}
2024-04-17 18:41:24,362 [main] INFO  base.BaseClass - Trying to find Element By {by.toString()})
2024-04-17 18:41:24,390 [main] INFO  base.BaseClass - Found Element By {by.toString()}
2024-04-17 18:41:24,921 [main] INFO  base.BaseClass - Trying to find Element By {by.toString()})
2024-04-17 18:41:24,943 [main] INFO  base.BaseClass - Found Element By {by.toString()}
2024-04-17 18:41:25,465 [main] INFO  base.BaseClass - Trying to find Element By {by.toString()})
2024-04-17 18:41:25,499 [main] INFO  base.BaseClass - Found Element By {by.toString()}
2024-04-17 18:41:26,027 [main] INFO  base.BaseClass - Trying to find Element By {by.toString()})
2024-04-17 18:41:26,052 [main] INFO  base.BaseClass - Found Element By {by.toString()}
2024-04-17 18:41:26,588 [main] INFO  base.BaseClass - Trying to find Element By {by.toString()})
2024-04-17 18:41:26,612 [main] INFO  base.BaseClass - Found Element By {by.toString()}
2024-04-17 18:41:27,146 [main] INFO  base.BaseClass - Trying to find Element By {by.toString()})
2024-04-17 18:41:27,174 [main] INFO  base.BaseClass - Found Element By {by.toString()}
2024-04-17 18:41:27,704 [main] INFO  base.BaseClass - Trying to find Element By {by.toString()})
2024-04-17 18:41:27,726 [main] INFO  base.BaseClass - Found Element By {by.toString()}
2024-04-17 18:41:28,250 [main] INFO  base.BaseClass - Trying to find Element By {by.toString()})
2024-04-17 18:41:28,267 [main] INFO  base.BaseClass - Found Element By {by.toString()}
2024-04-17 18:41:28,793 [main] INFO  base.BaseClass - Trying to find Element By {by.toString()})
2024-04-17 18:41:28,818 [main] INFO  base.BaseClass - Found Element By {by.toString()}
2024-04-17 18:41:29,356 [main] INFO  base.BaseClass - Trying to find Element By {by.toString()})
2024-04-17 18:41:29,371 [main] INFO  base.BaseClass - Found Element By {by.toString()}
2024-04-17 18:41:29,900 [main] INFO  base.BaseClass - Trying to find Element By {by.toString()})
2024-04-17 18:41:29,931 [main] INFO  base.BaseClass - Found Element By {by.toString()}
2024-04-17 18:41:30,458 [main] INFO  base.BaseClass - Trying to find Element By {by.toString()})
2024-04-17 18:41:30,521 [main] INFO  base.BaseClass - Found Element By {by.toString()}
2024-04-17 18:41:31,043 [main] INFO  base.BaseClass - Trying to find Element By {by.toString()})
2024-04-17 18:41:31,063 [main] INFO  base.BaseClass - Found Element By {by.toString()}
2024-04-17 18:41:31,602 [main] INFO  base.BaseClass - Trying to find Element By {by.toString()})
2024-04-17 18:41:31,632 [main] INFO  base.BaseClass - Found Element By {by.toString()}
2024-04-17 18:41:32,161 [main] INFO  base.BaseClass - Trying to find Element By {by.toString()})
2024-04-17 18:41:32,191 [main] INFO  base.BaseClass - Found Element By {by.toString()}
2024-04-17 18:41:32,721 [main] INFO  base.BaseClass - Trying to find Element By {by.toString()})
2024-04-17 18:41:32,747 [main] INFO  base.BaseClass - Found Element By {by.toString()}
2024-04-17 18:41:33,296 [main] INFO  base.BaseClass - Trying to find Element By {by.toString()})
2024-04-17 18:41:33,328 [main] INFO  base.BaseClass - Found Element By {by.toString()}
2024-04-17 18:41:33,857 [main] INFO  base.BaseClass - Trying to find Element By {by.toString()})
2024-04-17 18:41:33,872 [main] INFO  base.BaseClass - Found Element By {by.toString()}
2024-04-17 18:41:34,402 [main] INFO  base.BaseClass - Trying to find Element By {by.toString()})
2024-04-17 18:41:34,434 [main] INFO  base.BaseClass - Found Element By {by.toString()}
TimeoutException occurred: Expected condition failed: waiting for helper.WaitUtility$5@31b9a07b (tried for 30 second(s) with 500 milliseconds interval)
Build info: version: '3.141.59', revision: 'e82be7d358', time: '2018-11-14T08:17:03'
System info: host: 'DPLAP166', ip: '137.237.2.236', os.name: 'Windows 10', os.arch: 'amd64', os.version: '10.0', java.version: '19.0.1'
Driver info: org.openqa.selenium.support.events.EventFiringWebDriver
Capabilities {acceptInsecureCerts: true, browserName: chrome, browserVersion: 123.0.6312.123, chrome: {chromedriverVersion: 123.0.6312.122 (31f8248cdd9..., userDataDir: C:\Users\dP-PL\AppData\Loca...}, fedcm:accounts: true, goog:chromeOptions: {debuggerAddress: localhost:51256}, javascriptEnabled: true, networkConnectionEnabled: false, pageLoadStrategy: normal, platform: WINDOWS, platformName: WINDOWS, proxy: Proxy(), setWindowRect: true, strictFileInteractability: false, timeouts: {implicit: 0, pageLoad: 300000, script: 30000}, unhandledPromptBehavior: dismiss and notify, webauthn:extension:credBlob: true, webauthn:extension:largeBlob: true, webauthn:extension:minPinLength: true, webauthn:extension:prf: true, webauthn:virtualAuthenticators: true}
Session ID: a59c4df4811f82049fe754efe723d3c1
2024-04-17 18:41:34,454 [main] ERROR RotationCopy_test - Element did not become visible within the specified time: Expected condition failed: waiting for helper.WaitUtility$5@31b9a07b (tried for 30 second(s) with 500 milliseconds interval)
Build info: version: '3.141.59', revision: 'e82be7d358', time: '2018-11-14T08:17:03'
System info: host: 'DPLAP166', ip: '137.237.2.236', os.name: 'Windows 10', os.arch: 'amd64', os.version: '10.0', java.version: '19.0.1'
Driver info: org.openqa.selenium.support.events.EventFiringWebDriver
Capabilities {acceptInsecureCerts: true, browserName: chrome, browserVersion: 123.0.6312.123, chrome: {chromedriverVersion: 123.0.6312.122 (31f8248cdd9..., userDataDir: C:\Users\dP-PL\AppData\Loca...}, fedcm:accounts: true, goog:chromeOptions: {debuggerAddress: localhost:51256}, javascriptEnabled: true, networkConnectionEnabled: false, pageLoadStrategy: normal, platform: WINDOWS, platformName: WINDOWS, proxy: Proxy(), setWindowRect: true, strictFileInteractability: false, timeouts: {implicit: 0, pageLoad: 300000, script: 30000}, unhandledPromptBehavior: dismiss and notify, webauthn:extension:credBlob: true, webauthn:extension:largeBlob: true, webauthn:extension:minPinLength: true, webauthn:extension:prf: true, webauthn:virtualAuthenticators: true}
Session ID: a59c4df4811f82049fe754efe723d3c1
2024-04-17 18:41:34,454 [main] INFO  base.BaseClass - Trying to find Element By {by.toString()})
2024-04-17 18:41:34,466 [main] INFO  base.BaseClass - Found Element By {by.toString()}
2024-04-17 18:41:34,466 [main] INFO  base.BaseClass - Trying to click on: {element.toString()}
2024-04-17 18:41:34,560 [main] INFO  base.BaseClass - Clicked on: {element.toString()}
2024-04-17 18:41:34,560 [main] INFO  base.BaseClass - Trying to find Element By {by.toString()})
2024-04-17 18:41:34,579 [main] INFO  base.BaseClass - Found Element By {by.toString()}
2024-04-17 18:41:35,097 [main] INFO  base.BaseClass - Trying to find Element By {by.toString()})
2024-04-17 18:41:35,115 [main] INFO  base.BaseClass - Found Element By {by.toString()}
2024-04-17 18:41:35,644 [main] INFO  base.BaseClass - Trying to find Element By {by.toString()})
2024-04-17 18:41:35,670 [main] INFO  base.BaseClass - Found Element By {by.toString()}
2024-04-17 18:41:36,204 [main] INFO  base.BaseClass - Trying to find Element By {by.toString()})
2024-04-17 18:41:36,226 [main] INFO  base.BaseClass - Found Element By {by.toString()}
2024-04-17 18:41:36,762 [main] INFO  base.BaseClass - Trying to find Element By {by.toString()})
2024-04-17 18:41:36,776 [main] INFO  base.BaseClass - Found Element By {by.toString()}
2024-04-17 18:41:37,310 [main] INFO  base.BaseClass - Trying to find Element By {by.toString()})
2024-04-17 18:41:37,345 [main] INFO  base.BaseClass - Found Element By {by.toString()}
2024-04-17 18:41:37,884 [main] INFO  base.BaseClass - Trying to find Element By {by.toString()})
2024-04-17 18:41:37,908 [main] INFO  base.BaseClass - Found Element By {by.toString()}
2024-04-17 18:41:38,442 [main] INFO  base.BaseClass - Trying to find Element By {by.toString()})
2024-04-17 18:41:38,474 [main] INFO  base.BaseClass - Found Element By {by.toString()}
2024-04-17 18:41:39,004 [main] INFO  base.BaseClass - Trying to find Element By {by.toString()})
2024-04-17 18:41:39,023 [main] INFO  base.BaseClass - Found Element By {by.toString()}
2024-04-17 18:41:39,548 [main] INFO  base.BaseClass - Trying to find Element By {by.toString()})
2024-04-17 18:41:39,573 [main] INFO  base.BaseClass - Found Element By {by.toString()}
2024-04-17 18:41:40,107 [main] INFO  base.BaseClass - Trying to find Element By {by.toString()})
2024-04-17 18:41:40,119 [main] INFO  base.BaseClass - Found Element By {by.toString()}
2024-04-17 18:41:40,650 [main] INFO  base.BaseClass - Trying to find Element By {by.toString()})
2024-04-17 18:41:40,668 [main] INFO  base.BaseClass - Found Element By {by.toString()}
2024-04-17 18:41:41,207 [main] INFO  base.BaseClass - Trying to find Element By {by.toString()})
2024-04-17 18:41:41,231 [main] INFO  base.BaseClass - Found Element By {by.toString()}
2024-04-17 18:41:41,763 [main] INFO  base.BaseClass - Trying to find Element By {by.toString()})
2024-04-17 18:41:41,790 [main] INFO  base.BaseClass - Found Element By {by.toString()}
2024-04-17 18:41:42,322 [main] INFO  base.BaseClass - Trying to find Element By {by.toString()})
2024-04-17 18:41:42,345 [main] INFO  base.BaseClass - Found Element By {by.toString()}
2024-04-17 18:41:42,885 [main] INFO  base.BaseClass - Trying to find Element By {by.toString()})
2024-04-17 18:41:42,905 [main] INFO  base.BaseClass - Found Element By {by.toString()}
2024-04-17 18:41:43,428 [main] INFO  base.BaseClass - Trying to find Element By {by.toString()})
2024-04-17 18:41:43,483 [main] INFO  base.BaseClass - Found Element By {by.toString()}
2024-04-17 18:41:44,003 [main] INFO  base.BaseClass - Trying to find Element By {by.toString()})
2024-04-17 18:41:44,018 [main] INFO  base.BaseClass - Found Element By {by.toString()}
2024-04-17 18:41:44,546 [main] INFO  base.BaseClass - Trying to find Element By {by.toString()})
2024-04-17 18:41:44,571 [main] INFO  base.BaseClass - Found Element By {by.toString()}
2024-04-17 18:41:45,105 [main] INFO  base.BaseClass - Trying to find Element By {by.toString()})
2024-04-17 18:41:45,124 [main] INFO  base.BaseClass - Found Element By {by.toString()}
2024-04-17 18:41:45,652 [main] INFO  base.BaseClass - Trying to find Element By {by.toString()})
2024-04-17 18:41:45,687 [main] INFO  base.BaseClass - Found Element By {by.toString()}
2024-04-17 18:41:46,226 [main] INFO  base.BaseClass - Trying to find Element By {by.toString()})
2024-04-17 18:41:46,240 [main] INFO  base.BaseClass - Found Element By {by.toString()}
2024-04-17 18:41:46,771 [main] INFO  base.BaseClass - Trying to find Element By {by.toString()})
2024-04-17 18:41:46,793 [main] INFO  base.BaseClass - Found Element By {by.toString()}
2024-04-17 18:41:47,329 [main] INFO  base.BaseClass - Trying to find Element By {by.toString()})
2024-04-17 18:41:47,353 [main] INFO  base.BaseClass - Found Element By {by.toString()}
2024-04-17 18:41:47,874 [main] INFO  base.BaseClass - Trying to find Element By {by.toString()})
2024-04-17 18:41:47,894 [main] INFO  base.BaseClass - Found Element By {by.toString()}
2024-04-17 18:41:48,424 [main] INFO  base.BaseClass - Trying to find Element By {by.toString()})
2024-04-17 18:41:48,442 [main] INFO  base.BaseClass - Found Element By {by.toString()}
2024-04-17 18:41:48,981 [main] INFO  base.BaseClass - Trying to find Element By {by.toString()})
2024-04-17 18:41:49,009 [main] INFO  base.BaseClass - Found Element By {by.toString()}
2024-04-17 18:41:49,537 [main] INFO  base.BaseClass - Trying to find Element By {by.toString()})
2024-04-17 18:41:49,559 [main] INFO  base.BaseClass - Found Element By {by.toString()}
2024-04-17 18:41:50,095 [main] INFO  base.BaseClass - Trying to find Element By {by.toString()})
2024-04-17 18:41:50,128 [main] INFO  base.BaseClass - Found Element By {by.toString()}
2024-04-17 18:41:50,670 [main] INFO  base.BaseClass - Trying to find Element By {by.toString()})
2024-04-17 18:41:50,701 [main] INFO  base.BaseClass - Found Element By {by.toString()}
2024-04-17 18:41:51,227 [main] INFO  base.BaseClass - Trying to find Element By {by.toString()})
2024-04-17 18:41:51,249 [main] INFO  base.BaseClass - Found Element By {by.toString()}
2024-04-17 18:41:51,787 [main] INFO  base.BaseClass - Trying to find Element By {by.toString()})
2024-04-17 18:41:51,806 [main] INFO  base.BaseClass - Found Element By {by.toString()}
2024-04-17 18:41:52,325 [main] INFO  base.BaseClass - Trying to find Element By {by.toString()})
2024-04-17 18:41:52,353 [main] INFO  base.BaseClass - Found Element By {by.toString()}
2024-04-17 18:41:52,886 [main] INFO  base.BaseClass - Trying to find Element By {by.toString()})
2024-04-17 18:41:52,911 [main] INFO  base.BaseClass - Found Element By {by.toString()}
2024-04-17 18:41:53,443 [main] INFO  base.BaseClass - Trying to find Element By {by.toString()})
2024-04-17 18:41:53,462 [main] INFO  base.BaseClass - Found Element By {by.toString()}
2024-04-17 18:41:53,989 [main] INFO  base.BaseClass - Trying to find Element By {by.toString()})
2024-04-17 18:41:54,012 [main] INFO  base.BaseClass - Found Element By {by.toString()}
2024-04-17 18:41:54,548 [main] INFO  base.BaseClass - Trying to find Element By {by.toString()})
2024-04-17 18:41:54,571 [main] INFO  base.BaseClass - Found Element By {by.toString()}
2024-04-17 18:41:55,106 [main] INFO  base.BaseClass - Trying to find Element By {by.toString()})
2024-04-17 18:41:55,139 [main] INFO  base.BaseClass - Found Element By {by.toString()}
2024-04-17 18:41:55,665 [main] INFO  base.BaseClass - Trying to find Element By {by.toString()})
2024-04-17 18:41:55,693 [main] INFO  base.BaseClass - Found Element By {by.toString()}
2024-04-17 18:41:56,225 [main] INFO  base.BaseClass - Trying to find Element By {by.toString()})
2024-04-17 18:41:56,248 [main] INFO  base.BaseClass - Found Element By {by.toString()}
2024-04-17 18:41:56,786 [main] INFO  base.BaseClass - Trying to find Element By {by.toString()})
2024-04-17 18:41:56,884 [main] INFO  base.BaseClass - Found Element By {by.toString()}
2024-04-17 18:41:57,408 [main] INFO  base.BaseClass - Trying to find Element By {by.toString()})
2024-04-17 18:41:57,433 [main] INFO  base.BaseClass - Found Element By {by.toString()}
2024-04-17 18:41:57,967 [main] INFO  base.BaseClass - Trying to find Element By {by.toString()})
2024-04-17 18:41:57,984 [main] INFO  base.BaseClass - Found Element By {by.toString()}
2024-04-17 18:41:58,511 [main] INFO  base.BaseClass - Trying to find Element By {by.toString()})
2024-04-17 18:41:58,529 [main] INFO  base.BaseClass - Found Element By {by.toString()}
2024-04-17 18:41:59,056 [main] INFO  base.BaseClass - Trying to find Element By {by.toString()})
2024-04-17 18:41:59,068 [main] INFO  base.BaseClass - Found Element By {by.toString()}
2024-04-17 18:41:59,582 [main] INFO  base.BaseClass - Trying to find Element By {by.toString()})
2024-04-17 18:41:59,605 [main] INFO  base.BaseClass - Found Element By {by.toString()}
2024-04-17 18:42:00,129 [main] INFO  base.BaseClass - Trying to find Element By {by.toString()})
2024-04-17 18:42:00,155 [main] INFO  base.BaseClass - Found Element By {by.toString()}
2024-04-17 18:42:00,692 [main] INFO  base.BaseClass - Trying to find Element By {by.toString()})
2024-04-17 18:42:00,705 [main] INFO  base.BaseClass - Found Element By {by.toString()}
2024-04-17 18:42:01,236 [main] INFO  base.BaseClass - Trying to find Element By {by.toString()})
2024-04-17 18:42:01,267 [main] INFO  base.BaseClass - Found Element By {by.toString()}
2024-04-17 18:42:01,795 [main] INFO  base.BaseClass - Trying to find Element By {by.toString()})
2024-04-17 18:42:01,822 [main] INFO  base.BaseClass - Found Element By {by.toString()}
2024-04-17 18:42:02,353 [main] INFO  base.BaseClass - Trying to find Element By {by.toString()})
2024-04-17 18:42:02,374 [main] INFO  base.BaseClass - Found Element By {by.toString()}
2024-04-17 18:42:02,912 [main] INFO  base.BaseClass - Trying to find Element By {by.toString()})
2024-04-17 18:42:02,942 [main] INFO  base.BaseClass - Found Element By {by.toString()}
2024-04-17 18:42:03,471 [main] INFO  base.BaseClass - Trying to find Element By {by.toString()})
2024-04-17 18:42:03,500 [main] INFO  base.BaseClass - Found Element By {by.toString()}
2024-04-17 18:42:04,028 [main] INFO  base.BaseClass - Trying to find Element By {by.toString()})
2024-04-17 18:42:04,057 [main] INFO  base.BaseClass - Found Element By {by.toString()}
2024-04-17 18:42:04,587 [main] INFO  base.BaseClass - Trying to find Element By {by.toString()})
2024-04-17 18:42:04,620 [main] INFO  base.BaseClass - Found Element By {by.toString()}
TimeoutException occurred: Expected condition failed: waiting for helper.WaitUtility$5@6e68d8f0 (tried for 30 second(s) with 500 milliseconds interval)
Build info: version: '3.141.59', revision: 'e82be7d358', time: '2018-11-14T08:17:03'
System info: host: 'DPLAP166', ip: '137.237.2.236', os.name: 'Windows 10', os.arch: 'amd64', os.version: '10.0', java.version: '19.0.1'
Driver info: org.openqa.selenium.support.events.EventFiringWebDriver
Capabilities {acceptInsecureCerts: true, browserName: chrome, browserVersion: 123.0.6312.123, chrome: {chromedriverVersion: 123.0.6312.122 (31f8248cdd9..., userDataDir: C:\Users\dP-PL\AppData\Loca...}, fedcm:accounts: true, goog:chromeOptions: {debuggerAddress: localhost:51256}, javascriptEnabled: true, networkConnectionEnabled: false, pageLoadStrategy: normal, platform: WINDOWS, platformName: WINDOWS, proxy: Proxy(), setWindowRect: true, strictFileInteractability: false, timeouts: {implicit: 0, pageLoad: 300000, script: 30000}, unhandledPromptBehavior: dismiss and notify, webauthn:extension:credBlob: true, webauthn:extension:largeBlob: true, webauthn:extension:minPinLength: true, webauthn:extension:prf: true, webauthn:virtualAuthenticators: true}
Session ID: a59c4df4811f82049fe754efe723d3c1
2024-04-17 18:42:04,647 [main] ERROR RotationCopy_test - Element did not become visible within the specified time: Expected condition failed: waiting for helper.WaitUtility$5@6e68d8f0 (tried for 30 second(s) with 500 milliseconds interval)
Build info: version: '3.141.59', revision: 'e82be7d358', time: '2018-11-14T08:17:03'
System info: host: 'DPLAP166', ip: '137.237.2.236', os.name: 'Windows 10', os.arch: 'amd64', os.version: '10.0', java.version: '19.0.1'
Driver info: org.openqa.selenium.support.events.EventFiringWebDriver
Capabilities {acceptInsecureCerts: true, browserName: chrome, browserVersion: 123.0.6312.123, chrome: {chromedriverVersion: 123.0.6312.122 (31f8248cdd9..., userDataDir: C:\Users\dP-PL\AppData\Loca...}, fedcm:accounts: true, goog:chromeOptions: {debuggerAddress: localhost:51256}, javascriptEnabled: true, networkConnectionEnabled: false, pageLoadStrategy: normal, platform: WINDOWS, platformName: WINDOWS, proxy: Proxy(), setWindowRect: true, strictFileInteractability: false, timeouts: {implicit: 0, pageLoad: 300000, script: 30000}, unhandledPromptBehavior: dismiss and notify, webauthn:extension:credBlob: true, webauthn:extension:largeBlob: true, webauthn:extension:minPinLength: true, webauthn:extension:prf: true, webauthn:virtualAuthenticators: true}
Session ID: a59c4df4811f82049fe754efe723d3c1
2024-04-17 18:42:04,647 [main] INFO  base.BaseClass - Trying to find Element By {by.toString()})
2024-04-17 18:42:04,660 [main] INFO  base.BaseClass - Found Element By {by.toString()}
2024-04-17 18:42:04,660 [main] INFO  base.BaseClass - Trying to click on: {element.toString()}
2024-04-17 18:42:04,802 [main] INFO  base.BaseClass - Clicked on: {element.toString()}
2024-04-17 18:42:04,807 [main] INFO  base.BaseClass - Trying to find Element By {by.toString()})
2024-04-17 18:42:04,826 [main] INFO  base.BaseClass - Found Element By {by.toString()}
2024-04-17 18:42:05,348 [main] INFO  base.BaseClass - Trying to find Element By {by.toString()})
2024-04-17 18:42:05,378 [main] INFO  base.BaseClass - Found Element By {by.toString()}
2024-04-17 18:42:05,906 [main] INFO  base.BaseClass - Trying to find Element By {by.toString()})
2024-04-17 18:42:05,939 [main] INFO  base.BaseClass - Found Element By {by.toString()}
2024-04-17 18:42:06,468 [main] INFO  base.BaseClass - Trying to find Element By {by.toString()})
2024-04-17 18:42:06,487 [main] INFO  base.BaseClass - Found Element By {by.toString()}
2024-04-17 18:42:07,027 [main] INFO  base.BaseClass - Trying to find Element By {by.toString()})
2024-04-17 18:42:07,051 [main] INFO  base.BaseClass - Found Element By {by.toString()}
2024-04-17 18:42:07,586 [main] INFO  base.BaseClass - Trying to find Element By {by.toString()})
2024-04-17 18:42:07,607 [main] INFO  base.BaseClass - Found Element By {by.toString()}
2024-04-17 18:42:08,144 [main] INFO  base.BaseClass - Trying to find Element By {by.toString()})
2024-04-17 18:42:08,172 [main] INFO  base.BaseClass - Found Element By {by.toString()}
2024-04-17 18:42:08,709 [main] INFO  base.BaseClass - Trying to find Element By {by.toString()})
2024-04-17 18:42:08,731 [main] INFO  base.BaseClass - Found Element By {by.toString()}
2024-04-17 18:42:09,254 [main] INFO  base.BaseClass - Trying to find Element By {by.toString()})
2024-04-17 18:42:09,281 [main] INFO  base.BaseClass - Found Element By {by.toString()}
2024-04-17 18:42:09,811 [main] INFO  base.BaseClass - Trying to find Element By {by.toString()})
2024-04-17 18:42:09,834 [main] INFO  base.BaseClass - Found Element By {by.toString()}
2024-04-17 18:42:10,371 [main] INFO  base.BaseClass - Trying to find Element By {by.toString()})
2024-04-17 18:42:10,385 [main] INFO  base.BaseClass - Found Element By {by.toString()}
2024-04-17 18:42:10,918 [main] INFO  base.BaseClass - Trying to find Element By {by.toString()})
2024-04-17 18:42:10,939 [main] INFO  base.BaseClass - Found Element By {by.toString()}
2024-04-17 18:42:11,477 [main] INFO  base.BaseClass - Trying to find Element By {by.toString()})
2024-04-17 18:42:11,500 [main] INFO  base.BaseClass - Found Element By {by.toString()}
2024-04-17 18:42:12,036 [main] INFO  base.BaseClass - Trying to find Element By {by.toString()})
2024-04-17 18:42:12,061 [main] INFO  base.BaseClass - Found Element By {by.toString()}
2024-04-17 18:42:12,593 [main] INFO  base.BaseClass - Trying to find Element By {by.toString()})
2024-04-17 18:42:12,611 [main] INFO  base.BaseClass - Found Element By {by.toString()}
2024-04-17 18:42:13,137 [main] INFO  base.BaseClass - Trying to find Element By {by.toString()})
2024-04-17 18:42:13,158 [main] INFO  base.BaseClass - Found Element By {by.toString()}
2024-04-17 18:42:13,698 [main] INFO  base.BaseClass - Trying to find Element By {by.toString()})
2024-04-17 18:42:13,724 [main] INFO  base.BaseClass - Found Element By {by.toString()}
2024-04-17 18:42:14,258 [main] INFO  base.BaseClass - Trying to find Element By {by.toString()})
2024-04-17 18:42:14,282 [main] INFO  base.BaseClass - Found Element By {by.toString()}
2024-04-17 18:42:14,805 [main] INFO  base.BaseClass - Trying to find Element By {by.toString()})
2024-04-17 18:42:14,826 [main] INFO  base.BaseClass - Found Element By {by.toString()}
2024-04-17 18:42:15,351 [main] INFO  base.BaseClass - Trying to find Element By {by.toString()})
2024-04-17 18:42:15,372 [main] INFO  base.BaseClass - Found Element By {by.toString()}
2024-04-17 18:42:15,912 [main] INFO  base.BaseClass - Trying to find Element By {by.toString()})
2024-04-17 18:42:15,923 [main] INFO  base.BaseClass - Found Element By {by.toString()}
2024-04-17 18:42:16,441 [main] INFO  base.BaseClass - Trying to find Element By {by.toString()})
2024-04-17 18:42:16,779 [main] INFO  base.BaseClass - Found Element By {by.toString()}
2024-04-17 18:42:17,310 [main] INFO  base.BaseClass - Trying to find Element By {by.toString()})
2024-04-17 18:42:17,333 [main] INFO  base.BaseClass - Found Element By {by.toString()}
2024-04-17 18:42:17,871 [main] INFO  base.BaseClass - Trying to find Element By {by.toString()})
2024-04-17 18:42:17,886 [main] INFO  base.BaseClass - Found Element By {by.toString()}
2024-04-17 18:42:18,417 [main] INFO  base.BaseClass - Trying to find Element By {by.toString()})
2024-04-17 18:42:18,444 [main] INFO  base.BaseClass - Found Element By {by.toString()}
2024-04-17 18:42:18,973 [main] INFO  base.BaseClass - Trying to find Element By {by.toString()})
2024-04-17 18:42:18,994 [main] INFO  base.BaseClass - Found Element By {by.toString()}
2024-04-17 18:42:19,515 [main] INFO  base.BaseClass - Trying to find Element By {by.toString()})
2024-04-17 18:42:19,537 [main] INFO  base.BaseClass - Found Element By {by.toString()}
2024-04-17 18:42:20,061 [main] INFO  base.BaseClass - Trying to find Element By {by.toString()})
2024-04-17 18:42:20,091 [main] INFO  base.BaseClass - Found Element By {by.toString()}
2024-04-17 18:42:20,619 [main] INFO  base.BaseClass - Trying to find Element By {by.toString()})
2024-04-17 18:42:20,643 [main] INFO  base.BaseClass - Found Element By {by.toString()}
2024-04-17 18:42:21,164 [main] INFO  base.BaseClass - Trying to find Element By {by.toString()})
2024-04-17 18:42:21,176 [main] INFO  base.BaseClass - Found Element By {by.toString()}
2024-04-17 18:42:21,692 [main] INFO  base.BaseClass - Trying to find Element By {by.toString()})
2024-04-17 18:42:21,711 [main] INFO  base.BaseClass - Found Element By {by.toString()}
2024-04-17 18:42:22,252 [main] INFO  base.BaseClass - Trying to find Element By {by.toString()})
2024-04-17 18:42:22,263 [main] INFO  base.BaseClass - Found Element By {by.toString()}
2024-04-17 18:42:22,782 [main] INFO  base.BaseClass - Trying to find Element By {by.toString()})
2024-04-17 18:42:22,802 [main] INFO  base.BaseClass - Found Element By {by.toString()}
2024-04-17 18:42:23,324 [main] INFO  base.BaseClass - Trying to find Element By {by.toString()})
2024-04-17 18:42:23,354 [main] INFO  base.BaseClass - Found Element By {by.toString()}
2024-04-17 18:42:23,885 [main] INFO  base.BaseClass - Trying to find Element By {by.toString()})
2024-04-17 18:42:23,906 [main] INFO  base.BaseClass - Found Element By {by.toString()}
2024-04-17 18:42:24,445 [main] INFO  base.BaseClass - Trying to find Element By {by.toString()})
2024-04-17 18:42:24,465 [main] INFO  base.BaseClass - Found Element By {by.toString()}
2024-04-17 18:42:25,006 [main] INFO  base.BaseClass - Trying to find Element By {by.toString()})
2024-04-17 18:42:25,031 [main] INFO  base.BaseClass - Found Element By {by.toString()}
2024-04-17 18:42:25,570 [main] INFO  base.BaseClass - Trying to find Element By {by.toString()})
2024-04-17 18:42:25,597 [main] INFO  base.BaseClass - Found Element By {by.toString()}
2024-04-17 18:42:26,144 [main] INFO  base.BaseClass - Trying to find Element By {by.toString()})
2024-04-17 18:42:26,176 [main] INFO  base.BaseClass - Found Element By {by.toString()}
2024-04-17 18:42:26,703 [main] INFO  base.BaseClass - Trying to find Element By {by.toString()})
2024-04-17 18:42:26,720 [main] INFO  base.BaseClass - Found Element By {by.toString()}
2024-04-17 18:42:27,248 [main] INFO  base.BaseClass - Trying to find Element By {by.toString()})
2024-04-17 18:42:27,271 [main] INFO  base.BaseClass - Found Element By {by.toString()}
2024-04-17 18:42:27,807 [main] INFO  base.BaseClass - Trying to find Element By {by.toString()})
2024-04-17 18:42:27,835 [main] INFO  base.BaseClass - Found Element By {by.toString()}
2024-04-17 18:42:28,366 [main] INFO  base.BaseClass - Trying to find Element By {by.toString()})
2024-04-17 18:42:28,379 [main] INFO  base.BaseClass - Found Element By {by.toString()}
2024-04-17 18:42:28,896 [main] INFO  base.BaseClass - Trying to find Element By {by.toString()})
2024-04-17 18:42:28,922 [main] INFO  base.BaseClass - Found Element By {by.toString()}
2024-04-17 18:42:29,457 [main] INFO  base.BaseClass - Trying to find Element By {by.toString()})
2024-04-17 18:42:29,476 [main] INFO  base.BaseClass - Found Element By {by.toString()}
2024-04-17 18:42:30,017 [main] INFO  base.BaseClass - Trying to find Element By {by.toString()})
2024-04-17 18:42:30,043 [main] INFO  base.BaseClass - Found Element By {by.toString()}
2024-04-17 18:42:30,577 [main] INFO  base.BaseClass - Trying to find Element By {by.toString()})
2024-04-17 18:42:30,603 [main] INFO  base.BaseClass - Found Element By {by.toString()}
2024-04-17 18:42:31,137 [main] INFO  base.BaseClass - Trying to find Element By {by.toString()})
2024-04-17 18:42:31,165 [main] INFO  base.BaseClass - Found Element By {by.toString()}
2024-04-17 18:42:31,697 [main] INFO  base.BaseClass - Trying to find Element By {by.toString()})
2024-04-17 18:42:31,723 [main] INFO  base.BaseClass - Found Element By {by.toString()}
2024-04-17 18:42:32,244 [main] INFO  base.BaseClass - Trying to find Element By {by.toString()})
2024-04-17 18:42:32,265 [main] INFO  base.BaseClass - Found Element By {by.toString()}
2024-04-17 18:42:32,802 [main] INFO  base.BaseClass - Trying to find Element By {by.toString()})
2024-04-17 18:42:32,829 [main] INFO  base.BaseClass - Found Element By {by.toString()}
2024-04-17 18:42:33,360 [main] INFO  base.BaseClass - Trying to find Element By {by.toString()})
2024-04-17 18:42:33,377 [main] INFO  base.BaseClass - Found Element By {by.toString()}
2024-04-17 18:42:33,902 [main] INFO  base.BaseClass - Trying to find Element By {by.toString()})
2024-04-17 18:42:33,929 [main] INFO  base.BaseClass - Found Element By {by.toString()}
2024-04-17 18:42:34,462 [main] INFO  base.BaseClass - Trying to find Element By {by.toString()})
2024-04-17 18:42:34,479 [main] INFO  base.BaseClass - Found Element By {by.toString()}
2024-04-17 18:42:35,021 [main] INFO  base.BaseClass - Trying to find Element By {by.toString()})
2024-04-17 18:42:35,042 [main] INFO  base.BaseClass - Found Element By {by.toString()}
TimeoutException occurred: Expected condition failed: waiting for helper.WaitUtility$5@410f79ea (tried for 30 second(s) with 500 milliseconds interval)
Build info: version: '3.141.59', revision: 'e82be7d358', time: '2018-11-14T08:17:03'
System info: host: 'DPLAP166', ip: '137.237.2.236', os.name: 'Windows 10', os.arch: 'amd64', os.version: '10.0', java.version: '19.0.1'
Driver info: org.openqa.selenium.support.events.EventFiringWebDriver
Capabilities {acceptInsecureCerts: true, browserName: chrome, browserVersion: 123.0.6312.123, chrome: {chromedriverVersion: 123.0.6312.122 (31f8248cdd9..., userDataDir: C:\Users\dP-PL\AppData\Loca...}, fedcm:accounts: true, goog:chromeOptions: {debuggerAddress: localhost:51256}, javascriptEnabled: true, networkConnectionEnabled: false, pageLoadStrategy: normal, platform: WINDOWS, platformName: WINDOWS, proxy: Proxy(), setWindowRect: true, strictFileInteractability: false, timeouts: {implicit: 0, pageLoad: 300000, script: 30000}, unhandledPromptBehavior: dismiss and notify, webauthn:extension:credBlob: true, webauthn:extension:largeBlob: true, webauthn:extension:minPinLength: true, webauthn:extension:prf: true, webauthn:virtualAuthenticators: true}
Session ID: a59c4df4811f82049fe754efe723d3c1
2024-04-17 18:42:35,072 [main] ERROR RotationCopy_test - Element did not become visible within the specified time: Expected condition failed: waiting for helper.WaitUtility$5@410f79ea (tried for 30 second(s) with 500 milliseconds interval)
Build info: version: '3.141.59', revision: 'e82be7d358', time: '2018-11-14T08:17:03'
System info: host: 'DPLAP166', ip: '137.237.2.236', os.name: 'Windows 10', os.arch: 'amd64', os.version: '10.0', java.version: '19.0.1'
Driver info: org.openqa.selenium.support.events.EventFiringWebDriver
Capabilities {acceptInsecureCerts: true, browserName: chrome, browserVersion: 123.0.6312.123, chrome: {chromedriverVersion: 123.0.6312.122 (31f8248cdd9..., userDataDir: C:\Users\dP-PL\AppData\Loca...}, fedcm:accounts: true, goog:chromeOptions: {debuggerAddress: localhost:51256}, javascriptEnabled: true, networkConnectionEnabled: false, pageLoadStrategy: normal, platform: WINDOWS, platformName: WINDOWS, proxy: Proxy(), setWindowRect: true, strictFileInteractability: false, timeouts: {implicit: 0, pageLoad: 300000, script: 30000}, unhandledPromptBehavior: dismiss and notify, webauthn:extension:credBlob: true, webauthn:extension:largeBlob: true, webauthn:extension:minPinLength: true, webauthn:extension:prf: true, webauthn:virtualAuthenticators: true}
Session ID: a59c4df4811f82049fe754efe723d3c1
2024-04-17 18:42:35,072 [main] INFO  base.BaseClass - Trying to find Element By {by.toString()})
2024-04-17 18:42:35,086 [main] INFO  base.BaseClass - Found Element By {by.toString()}
2024-04-17 18:42:35,086 [main] INFO  base.BaseClass - Trying to click on: {element.toString()}
2024-04-17 18:42:35,163 [main] INFO  base.BaseClass - Clicked on: {element.toString()}
2024-04-17 18:42:35,169 [main] INFO  base.BaseClass - Trying to find Element By {by.toString()})
2024-04-17 18:42:35,185 [main] INFO  base.BaseClass - Found Element By {by.toString()}
2024-04-17 18:42:35,705 [main] INFO  base.BaseClass - Trying to find Element By {by.toString()})
2024-04-17 18:42:36,023 [main] INFO  base.BaseClass - Found Element By {by.toString()}
2024-04-17 18:42:36,560 [main] INFO  base.BaseClass - Trying to find Element By {by.toString()})
2024-04-17 18:42:36,585 [main] INFO  base.BaseClass - Found Element By {by.toString()}
2024-04-17 18:42:37,106 [main] INFO  base.BaseClass - Trying to find Element By {by.toString()})
2024-04-17 18:42:37,133 [main] INFO  base.BaseClass - Found Element By {by.toString()}
2024-04-17 18:42:37,669 [main] INFO  base.BaseClass - Trying to find Element By {by.toString()})
2024-04-17 18:42:37,691 [main] INFO  base.BaseClass - Found Element By {by.toString()}
2024-04-17 18:42:38,213 [main] INFO  base.BaseClass - Trying to find Element By {by.toString()})
2024-04-17 18:42:38,227 [main] INFO  base.BaseClass - Found Element By {by.toString()}
2024-04-17 18:42:38,757 [main] INFO  base.BaseClass - Trying to find Element By {by.toString()})
2024-04-17 18:42:38,776 [main] INFO  base.BaseClass - Found Element By {by.toString()}
2024-04-17 18:42:39,315 [main] INFO  base.BaseClass - Trying to find Element By {by.toString()})
2024-04-17 18:42:39,330 [main] INFO  base.BaseClass - Found Element By {by.toString()}
2024-04-17 18:42:39,860 [main] INFO  base.BaseClass - Trying to find Element By {by.toString()})
2024-04-17 18:42:39,885 [main] INFO  base.BaseClass - Found Element By {by.toString()}
2024-04-17 18:42:40,418 [main] INFO  base.BaseClass - Trying to find Element By {by.toString()})
2024-04-17 18:42:40,435 [main] INFO  base.BaseClass - Found Element By {by.toString()}
2024-04-17 18:42:40,964 [main] INFO  base.BaseClass - Trying to find Element By {by.toString()})
2024-04-17 18:42:40,991 [main] INFO  base.BaseClass - Found Element By {by.toString()}
2024-04-17 18:42:41,522 [main] INFO  base.BaseClass - Trying to find Element By {by.toString()})
2024-04-17 18:42:41,544 [main] INFO  base.BaseClass - Found Element By {by.toString()}
2024-04-17 18:42:42,082 [main] INFO  base.BaseClass - Trying to find Element By {by.toString()})
2024-04-17 18:42:42,103 [main] INFO  base.BaseClass - Found Element By {by.toString()}
2024-04-17 18:42:42,625 [main] INFO  base.BaseClass - Trying to find Element By {by.toString()})
2024-04-17 18:42:42,700 [main] INFO  base.BaseClass - Found Element By {by.toString()}
2024-04-17 18:42:43,247 [main] INFO  base.BaseClass - Trying to find Element By {by.toString()})
2024-04-17 18:42:43,278 [main] INFO  base.BaseClass - Found Element By {by.toString()}
2024-04-17 18:42:43,808 [main] INFO  base.BaseClass - Trying to find Element By {by.toString()})
2024-04-17 18:42:43,828 [main] INFO  base.BaseClass - Found Element By {by.toString()}
2024-04-17 18:42:44,355 [main] INFO  base.BaseClass - Trying to find Element By {by.toString()})
2024-04-17 18:42:44,372 [main] INFO  base.BaseClass - Found Element By {by.toString()}
2024-04-17 18:42:44,897 [main] INFO  base.BaseClass - Trying to find Element By {by.toString()})
2024-04-17 18:42:44,911 [main] INFO  base.BaseClass - Found Element By {by.toString()}
2024-04-17 18:42:45,428 [main] INFO  base.BaseClass - Trying to find Element By {by.toString()})
2024-04-17 18:42:45,453 [main] INFO  base.BaseClass - Found Element By {by.toString()}
2024-04-17 18:42:45,987 [main] INFO  base.BaseClass - Trying to find Element By {by.toString()})
2024-04-17 18:42:46,006 [main] INFO  base.BaseClass - Found Element By {by.toString()}
2024-04-17 18:42:46,544 [main] INFO  base.BaseClass - Trying to find Element By {by.toString()})
2024-04-17 18:42:46,562 [main] INFO  base.BaseClass - Found Element By {by.toString()}
2024-04-17 18:42:47,088 [main] INFO  base.BaseClass - Trying to find Element By {by.toString()})
2024-04-17 18:42:47,117 [main] INFO  base.BaseClass - Found Element By {by.toString()}
2024-04-17 18:42:47,644 [main] INFO  base.BaseClass - Trying to find Element By {by.toString()})
2024-04-17 18:42:47,669 [main] INFO  base.BaseClass - Found Element By {by.toString()}
2024-04-17 18:42:48,203 [main] INFO  base.BaseClass - Trying to find Element By {by.toString()})
2024-04-17 18:42:48,220 [main] INFO  base.BaseClass - Found Element By {by.toString()}
2024-04-17 18:42:48,748 [main] INFO  base.BaseClass - Trying to find Element By {by.toString()})
2024-04-17 18:42:48,761 [main] INFO  base.BaseClass - Found Element By {by.toString()}
2024-04-17 18:42:49,290 [main] INFO  base.BaseClass - Trying to find Element By {by.toString()})
2024-04-17 18:42:49,314 [main] INFO  base.BaseClass - Found Element By {by.toString()}
2024-04-17 18:42:49,849 [main] INFO  base.BaseClass - Trying to find Element By {by.toString()})
2024-04-17 18:42:49,869 [main] INFO  base.BaseClass - Found Element By {by.toString()}
2024-04-17 18:42:50,396 [main] INFO  base.BaseClass - Trying to find Element By {by.toString()})
2024-04-17 18:42:50,423 [main] INFO  base.BaseClass - Found Element By {by.toString()}
2024-04-17 18:42:50,941 [main] INFO  base.BaseClass - Trying to find Element By {by.toString()})
2024-04-17 18:42:51,037 [main] INFO  base.BaseClass - Found Element By {by.toString()}
2024-04-17 18:42:51,560 [main] INFO  base.BaseClass - Trying to find Element By {by.toString()})
2024-04-17 18:42:51,586 [main] INFO  base.BaseClass - Found Element By {by.toString()}
2024-04-17 18:42:52,117 [main] INFO  base.BaseClass - Trying to find Element By {by.toString()})
2024-04-17 18:42:52,154 [main] INFO  base.BaseClass - Found Element By {by.toString()}
2024-04-17 18:42:52,709 [main] INFO  base.BaseClass - Trying to find Element By {by.toString()})
2024-04-17 18:42:52,747 [main] INFO  base.BaseClass - Found Element By {by.toString()}
2024-04-17 18:42:53,298 [main] INFO  base.BaseClass - Trying to find Element By {by.toString()})
2024-04-17 18:42:53,324 [main] INFO  base.BaseClass - Found Element By {by.toString()}
2024-04-17 18:42:53,862 [main] INFO  base.BaseClass - Trying to find Element By {by.toString()})
2024-04-17 18:42:53,877 [main] INFO  base.BaseClass - Found Element By {by.toString()}
2024-04-17 18:42:54,406 [main] INFO  base.BaseClass - Trying to find Element By {by.toString()})
2024-04-17 18:42:54,435 [main] INFO  base.BaseClass - Found Element By {by.toString()}
2024-04-17 18:42:54,964 [main] INFO  base.BaseClass - Trying to find Element By {by.toString()})
2024-04-17 18:42:54,998 [main] INFO  base.BaseClass - Found Element By {by.toString()}
2024-04-17 18:42:55,524 [main] INFO  base.BaseClass - Trying to find Element By {by.toString()})
2024-04-17 18:42:55,551 [main] INFO  base.BaseClass - Found Element By {by.toString()}
2024-04-17 18:42:56,084 [main] INFO  base.BaseClass - Trying to find Element By {by.toString()})
2024-04-17 18:42:56,114 [main] INFO  base.BaseClass - Found Element By {by.toString()}
2024-04-17 18:42:56,657 [main] INFO  base.BaseClass - Trying to find Element By {by.toString()})
2024-04-17 18:42:56,689 [main] INFO  base.BaseClass - Found Element By {by.toString()}
2024-04-17 18:42:57,233 [main] INFO  base.BaseClass - Trying to find Element By {by.toString()})
2024-04-17 18:42:57,253 [main] INFO  base.BaseClass - Found Element By {by.toString()}
2024-04-17 18:42:57,795 [main] INFO  base.BaseClass - Trying to find Element By {by.toString()})
2024-04-17 18:42:57,819 [main] INFO  base.BaseClass - Found Element By {by.toString()}
2024-04-17 18:42:58,353 [main] INFO  base.BaseClass - Trying to find Element By {by.toString()})
2024-04-17 18:42:58,382 [main] INFO  base.BaseClass - Found Element By {by.toString()}
2024-04-17 18:42:58,913 [main] INFO  base.BaseClass - Trying to find Element By {by.toString()})
2024-04-17 18:42:58,932 [main] INFO  base.BaseClass - Found Element By {by.toString()}
2024-04-17 18:42:59,459 [main] INFO  base.BaseClass - Trying to find Element By {by.toString()})
2024-04-17 18:42:59,477 [main] INFO  base.BaseClass - Found Element By {by.toString()}
2024-04-17 18:43:00,004 [main] INFO  base.BaseClass - Trying to find Element By {by.toString()})
2024-04-17 18:43:00,025 [main] INFO  base.BaseClass - Found Element By {by.toString()}
2024-04-17 18:43:00,547 [main] INFO  base.BaseClass - Trying to find Element By {by.toString()})
2024-04-17 18:43:00,569 [main] INFO  base.BaseClass - Found Element By {by.toString()}
2024-04-17 18:43:01,091 [main] INFO  base.BaseClass - Trying to find Element By {by.toString()})
2024-04-17 18:43:01,122 [main] INFO  base.BaseClass - Found Element By {by.toString()}
2024-04-17 18:43:01,664 [main] INFO  base.BaseClass - Trying to find Element By {by.toString()})
2024-04-17 18:43:01,687 [main] INFO  base.BaseClass - Found Element By {by.toString()}
2024-04-17 18:43:02,223 [main] INFO  base.BaseClass - Trying to find Element By {by.toString()})
2024-04-17 18:43:02,244 [main] INFO  base.BaseClass - Found Element By {by.toString()}
2024-04-17 18:43:02,784 [main] INFO  base.BaseClass - Trying to find Element By {by.toString()})
2024-04-17 18:43:02,805 [main] INFO  base.BaseClass - Found Element By {by.toString()}
2024-04-17 18:43:03,328 [main] INFO  base.BaseClass - Trying to find Element By {by.toString()})
2024-04-17 18:43:03,362 [main] INFO  base.BaseClass - Found Element By {by.toString()}
2024-04-17 18:43:03,892 [main] INFO  base.BaseClass - Trying to find Element By {by.toString()})
2024-04-17 18:43:03,916 [main] INFO  base.BaseClass - Found Element By {by.toString()}
2024-04-17 18:43:04,437 [main] INFO  base.BaseClass - Trying to find Element By {by.toString()})
2024-04-17 18:43:04,452 [main] INFO  base.BaseClass - Found Element By {by.toString()}
2024-04-17 18:43:04,980 [main] INFO  base.BaseClass - Trying to find Element By {by.toString()})
2024-04-17 18:43:04,993 [main] INFO  base.BaseClass - Found Element By {by.toString()}
2024-04-17 18:43:05,523 [main] INFO  base.BaseClass - Trying to find Element By {by.toString()})
2024-04-17 18:43:05,553 [main] INFO  base.BaseClass - Found Element By {by.toString()}
TimeoutException occurred: Expected condition failed: waiting for helper.WaitUtility$5@418096b1 (tried for 30 second(s) with 500 milliseconds interval)
Build info: version: '3.141.59', revision: 'e82be7d358', time: '2018-11-14T08:17:03'
System info: host: 'DPLAP166', ip: '137.237.2.236', os.name: 'Windows 10', os.arch: 'amd64', os.version: '10.0', java.version: '19.0.1'
Driver info: org.openqa.selenium.support.events.EventFiringWebDriver
Capabilities {acceptInsecureCerts: true, browserName: chrome, browserVersion: 123.0.6312.123, chrome: {chromedriverVersion: 123.0.6312.122 (31f8248cdd9..., userDataDir: C:\Users\dP-PL\AppData\Loca...}, fedcm:accounts: true, goog:chromeOptions: {debuggerAddress: localhost:51256}, javascriptEnabled: true, networkConnectionEnabled: false, pageLoadStrategy: normal, platform: WINDOWS, platformName: WINDOWS, proxy: Proxy(), setWindowRect: true, strictFileInteractability: false, timeouts: {implicit: 0, pageLoad: 300000, script: 30000}, unhandledPromptBehavior: dismiss and notify, webauthn:extension:credBlob: true, webauthn:extension:largeBlob: true, webauthn:extension:minPinLength: true, webauthn:extension:prf: true, webauthn:virtualAuthenticators: true}
Session ID: a59c4df4811f82049fe754efe723d3c1
2024-04-17 18:43:05,581 [main] ERROR RotationCopy_test - Element did not become visible within the specified time: Expected condition failed: waiting for helper.WaitUtility$5@418096b1 (tried for 30 second(s) with 500 milliseconds interval)
Build info: version: '3.141.59', revision: 'e82be7d358', time: '2018-11-14T08:17:03'
System info: host: 'DPLAP166', ip: '137.237.2.236', os.name: 'Windows 10', os.arch: 'amd64', os.version: '10.0', java.version: '19.0.1'
Driver info: org.openqa.selenium.support.events.EventFiringWebDriver
Capabilities {acceptInsecureCerts: true, browserName: chrome, browserVersion: 123.0.6312.123, chrome: {chromedriverVersion: 123.0.6312.122 (31f8248cdd9..., userDataDir: C:\Users\dP-PL\AppData\Loca...}, fedcm:accounts: true, goog:chromeOptions: {debuggerAddress: localhost:51256}, javascriptEnabled: true, networkConnectionEnabled: false, pageLoadStrategy: normal, platform: WINDOWS, platformName: WINDOWS, proxy: Proxy(), setWindowRect: true, strictFileInteractability: false, timeouts: {implicit: 0, pageLoad: 300000, script: 30000}, unhandledPromptBehavior: dismiss and notify, webauthn:extension:credBlob: true, webauthn:extension:largeBlob: true, webauthn:extension:minPinLength: true, webauthn:extension:prf: true, webauthn:virtualAuthenticators: true}
Session ID: a59c4df4811f82049fe754efe723d3c1
2024-04-17 18:43:05,581 [main] INFO  base.BaseClass - Trying to find Element By {by.toString()})
2024-04-17 18:43:05,592 [main] INFO  base.BaseClass - Found Element By {by.toString()}
2024-04-17 18:43:05,592 [main] INFO  base.BaseClass - Trying to click on: {element.toString()}
2024-04-17 18:43:05,743 [main] INFO  base.BaseClass - Clicked on: {element.toString()}
2024-04-17 18:43:05,743 [main] INFO  base.BaseClass - Trying to find Element By {by.toString()})
2024-04-17 18:43:06,639 [main] INFO  base.BaseClass - Found Element By {by.toString()}
2024-04-17 18:43:07,170 [main] INFO  base.BaseClass - Trying to find Element By {by.toString()})
2024-04-17 18:43:07,184 [main] INFO  base.BaseClass - Found Element By {by.toString()}
2024-04-17 18:43:07,714 [main] INFO  base.BaseClass - Trying to find Element By {by.toString()})
2024-04-17 18:43:07,728 [main] INFO  base.BaseClass - Found Element By {by.toString()}
2024-04-17 18:43:08,256 [main] INFO  base.BaseClass - Trying to find Element By {by.toString()})
2024-04-17 18:43:08,271 [main] INFO  base.BaseClass - Found Element By {by.toString()}
2024-04-17 18:43:08,798 [main] INFO  base.BaseClass - Trying to find Element By {by.toString()})
2024-04-17 18:43:08,810 [main] INFO  base.BaseClass - Found Element By {by.toString()}
2024-04-17 18:43:09,327 [main] INFO  base.BaseClass - Trying to find Element By {by.toString()})
2024-04-17 18:43:09,351 [main] INFO  base.BaseClass - Found Element By {by.toString()}
2024-04-17 18:43:09,906 [main] INFO  base.BaseClass - Trying to find Element By {by.toString()})
2024-04-17 18:43:09,943 [main] INFO  base.BaseClass - Found Element By {by.toString()}
2024-04-17 18:43:10,493 [main] INFO  base.BaseClass - Trying to find Element By {by.toString()})
2024-04-17 18:43:10,506 [main] INFO  base.BaseClass - Found Element By {by.toString()}
2024-04-17 18:43:11,036 [main] INFO  base.BaseClass - Trying to find Element By {by.toString()})
2024-04-17 18:43:11,058 [main] INFO  base.BaseClass - Found Element By {by.toString()}
2024-04-17 18:43:11,598 [main] INFO  base.BaseClass - Trying to find Element By {by.toString()})
2024-04-17 18:43:11,632 [main] INFO  base.BaseClass - Found Element By {by.toString()}
2024-04-17 18:43:12,159 [main] INFO  base.BaseClass - Trying to find Element By {by.toString()})
2024-04-17 18:43:12,191 [main] INFO  base.BaseClass - Found Element By {by.toString()}
2024-04-17 18:43:12,736 [main] INFO  base.BaseClass - Trying to find Element By {by.toString()})
2024-04-17 18:43:12,773 [main] INFO  base.BaseClass - Found Element By {by.toString()}
2024-04-17 18:43:13,312 [main] INFO  base.BaseClass - Trying to find Element By {by.toString()})
2024-04-17 18:43:13,348 [main] INFO  base.BaseClass - Found Element By {by.toString()}
2024-04-17 18:43:13,903 [main] INFO  base.BaseClass - Trying to find Element By {by.toString()})
2024-04-17 18:43:13,936 [main] INFO  base.BaseClass - Found Element By {by.toString()}
2024-04-17 18:43:14,481 [main] INFO  base.BaseClass - Trying to find Element By {by.toString()})
2024-04-17 18:43:14,517 [main] INFO  base.BaseClass - Found Element By {by.toString()}
2024-04-17 18:43:15,077 [main] INFO  base.BaseClass - Trying to find Element By {by.toString()})
2024-04-17 18:43:15,098 [main] INFO  base.BaseClass - Found Element By {by.toString()}
2024-04-17 18:43:15,640 [main] INFO  base.BaseClass - Trying to find Element By {by.toString()})
2024-04-17 18:43:15,674 [main] INFO  base.BaseClass - Found Element By {by.toString()}
2024-04-17 18:43:16,231 [main] INFO  base.BaseClass - Trying to find Element By {by.toString()})
2024-04-17 18:43:16,263 [main] INFO  base.BaseClass - Found Element By {by.toString()}
2024-04-17 18:43:16,794 [main] INFO  base.BaseClass - Trying to find Element By {by.toString()})
2024-04-17 18:43:16,829 [main] INFO  base.BaseClass - Found Element By {by.toString()}
2024-04-17 18:43:17,374 [main] INFO  base.BaseClass - Trying to find Element By {by.toString()})
2024-04-17 18:43:17,398 [main] INFO  base.BaseClass - Found Element By {by.toString()}
2024-04-17 18:43:17,939 [main] INFO  base.BaseClass - Trying to find Element By {by.toString()})
2024-04-17 18:43:17,957 [main] INFO  base.BaseClass - Found Element By {by.toString()}
2024-04-17 18:43:18,489 [main] INFO  base.BaseClass - Trying to find Element By {by.toString()})
2024-04-17 18:43:18,501 [main] INFO  base.BaseClass - Found Element By {by.toString()}
2024-04-17 18:43:19,020 [main] INFO  base.BaseClass - Trying to find Element By {by.toString()})
2024-04-17 18:43:19,052 [main] INFO  base.BaseClass - Found Element By {by.toString()}
2024-04-17 18:43:19,584 [main] INFO  base.BaseClass - Trying to find Element By {by.toString()})
2024-04-17 18:43:19,616 [main] INFO  base.BaseClass - Found Element By {by.toString()}
2024-04-17 18:43:20,147 [main] INFO  base.BaseClass - Trying to find Element By {by.toString()})
2024-04-17 18:43:20,177 [main] INFO  base.BaseClass - Found Element By {by.toString()}
2024-04-17 18:43:20,723 [main] INFO  base.BaseClass - Trying to find Element By {by.toString()})
2024-04-17 18:43:20,744 [main] INFO  base.BaseClass - Found Element By {by.toString()}
2024-04-17 18:43:21,301 [main] INFO  base.BaseClass - Trying to find Element By {by.toString()})
2024-04-17 18:43:21,330 [main] INFO  base.BaseClass - Found Element By {by.toString()}
2024-04-17 18:43:21,876 [main] INFO  base.BaseClass - Trying to find Element By {by.toString()})
2024-04-17 18:43:21,907 [main] INFO  base.BaseClass - Found Element By {by.toString()}
2024-04-17 18:43:22,439 [main] INFO  base.BaseClass - Trying to find Element By {by.toString()})
2024-04-17 18:43:22,470 [main] INFO  base.BaseClass - Found Element By {by.toString()}
2024-04-17 18:43:23,018 [main] INFO  base.BaseClass - Trying to find Element By {by.toString()})
2024-04-17 18:43:23,048 [main] INFO  base.BaseClass - Found Element By {by.toString()}
2024-04-17 18:43:23,594 [main] INFO  base.BaseClass - Trying to find Element By {by.toString()})
2024-04-17 18:43:23,625 [main] INFO  base.BaseClass - Found Element By {by.toString()}
2024-04-17 18:43:24,171 [main] INFO  base.BaseClass - Trying to find Element By {by.toString()})
2024-04-17 18:43:24,201 [main] INFO  base.BaseClass - Found Element By {by.toString()}
2024-04-17 18:43:24,748 [main] INFO  base.BaseClass - Trying to find Element By {by.toString()})
2024-04-17 18:43:24,777 [main] INFO  base.BaseClass - Found Element By {by.toString()}
2024-04-17 18:43:25,325 [main] INFO  base.BaseClass - Trying to find Element By {by.toString()})
2024-04-17 18:43:25,357 [main] INFO  base.BaseClass - Found Element By {by.toString()}
2024-04-17 18:43:25,904 [main] INFO  base.BaseClass - Trying to find Element By {by.toString()})
2024-04-17 18:43:25,936 [main] INFO  base.BaseClass - Found Element By {by.toString()}
2024-04-17 18:43:26,559 [main] INFO  base.BaseClass - Trying to find Element By {by.toString()})
2024-04-17 18:43:26,590 [main] INFO  base.BaseClass - Found Element By {by.toString()}
2024-04-17 18:43:27,137 [main] INFO  base.BaseClass - Trying to find Element By {by.toString()})
2024-04-17 18:43:27,170 [main] INFO  base.BaseClass - Found Element By {by.toString()}
2024-04-17 18:43:27,714 [main] INFO  base.BaseClass - Trying to find Element By {by.toString()})
2024-04-17 18:43:27,744 [main] INFO  base.BaseClass - Found Element By {by.toString()}
2024-04-17 18:43:28,292 [main] INFO  base.BaseClass - Trying to find Element By {by.toString()})
2024-04-17 18:43:28,402 [main] INFO  base.BaseClass - Found Element By {by.toString()}
2024-04-17 18:43:28,937 [main] INFO  base.BaseClass - Trying to find Element By {by.toString()})
2024-04-17 18:43:28,969 [main] INFO  base.BaseClass - Found Element By {by.toString()}
2024-04-17 18:43:29,517 [main] INFO  base.BaseClass - Trying to find Element By {by.toString()})
2024-04-17 18:43:29,547 [main] INFO  base.BaseClass - Found Element By {by.toString()}
2024-04-17 18:43:30,093 [main] INFO  base.BaseClass - Trying to find Element By {by.toString()})
2024-04-17 18:43:30,125 [main] INFO  base.BaseClass - Found Element By {by.toString()}
2024-04-17 18:43:30,671 [main] INFO  base.BaseClass - Trying to find Element By {by.toString()})
2024-04-17 18:43:30,702 [main] INFO  base.BaseClass - Found Element By {by.toString()}
2024-04-17 18:43:31,250 [main] INFO  base.BaseClass - Trying to find Element By {by.toString()})
2024-04-17 18:43:31,278 [main] INFO  base.BaseClass - Found Element By {by.toString()}
2024-04-17 18:43:31,811 [main] INFO  base.BaseClass - Trying to find Element By {by.toString()})
2024-04-17 18:43:31,842 [main] INFO  base.BaseClass - Found Element By {by.toString()}
2024-04-17 18:43:32,389 [main] INFO  base.BaseClass - Trying to find Element By {by.toString()})
2024-04-17 18:43:32,421 [main] INFO  base.BaseClass - Found Element By {by.toString()}
2024-04-17 18:43:32,966 [main] INFO  base.BaseClass - Trying to find Element By {by.toString()})
2024-04-17 18:43:32,996 [main] INFO  base.BaseClass - Found Element By {by.toString()}
2024-04-17 18:43:33,531 [main] INFO  base.BaseClass - Trying to find Element By {by.toString()})
2024-04-17 18:43:33,550 [main] INFO  base.BaseClass - Found Element By {by.toString()}
2024-04-17 18:43:34,078 [main] INFO  base.BaseClass - Trying to find Element By {by.toString()})
2024-04-17 18:43:34,108 [main] INFO  base.BaseClass - Found Element By {by.toString()}
2024-04-17 18:43:34,655 [main] INFO  base.BaseClass - Trying to find Element By {by.toString()})
2024-04-17 18:43:34,685 [main] INFO  base.BaseClass - Found Element By {by.toString()}
2024-04-17 18:43:35,227 [main] INFO  base.BaseClass - Trying to find Element By {by.toString()})
2024-04-17 18:43:35,256 [main] INFO  base.BaseClass - Found Element By {by.toString()}
2024-04-17 18:43:35,804 [main] INFO  base.BaseClass - Trying to find Element By {by.toString()})
2024-04-17 18:43:35,826 [main] INFO  base.BaseClass - Found Element By {by.toString()}
TimeoutException occurred: Expected condition failed: waiting for helper.WaitUtility$5@337fb3e7 (tried for 30 second(s) with 500 milliseconds interval)
Build info: version: '3.141.59', revision: 'e82be7d358', time: '2018-11-14T08:17:03'
System info: host: 'DPLAP166', ip: '137.237.2.236', os.name: 'Windows 10', os.arch: 'amd64', os.version: '10.0', java.version: '19.0.1'
Driver info: org.openqa.selenium.support.events.EventFiringWebDriver
Capabilities {acceptInsecureCerts: true, browserName: chrome, browserVersion: 123.0.6312.123, chrome: {chromedriverVersion: 123.0.6312.122 (31f8248cdd9..., userDataDir: C:\Users\dP-PL\AppData\Loca...}, fedcm:accounts: true, goog:chromeOptions: {debuggerAddress: localhost:51256}, javascriptEnabled: true, networkConnectionEnabled: false, pageLoadStrategy: normal, platform: WINDOWS, platformName: WINDOWS, proxy: Proxy(), setWindowRect: true, strictFileInteractability: false, timeouts: {implicit: 0, pageLoad: 300000, script: 30000}, unhandledPromptBehavior: dismiss and notify, webauthn:extension:credBlob: true, webauthn:extension:largeBlob: true, webauthn:extension:minPinLength: true, webauthn:extension:prf: true, webauthn:virtualAuthenticators: true}
Session ID: a59c4df4811f82049fe754efe723d3c1
2024-04-17 18:43:35,864 [main] ERROR RotationCopy_test - Element did not become visible within the specified time: Expected condition failed: waiting for helper.WaitUtility$5@337fb3e7 (tried for 30 second(s) with 500 milliseconds interval)
Build info: version: '3.141.59', revision: 'e82be7d358', time: '2018-11-14T08:17:03'
System info: host: 'DPLAP166', ip: '137.237.2.236', os.name: 'Windows 10', os.arch: 'amd64', os.version: '10.0', java.version: '19.0.1'
Driver info: org.openqa.selenium.support.events.EventFiringWebDriver
Capabilities {acceptInsecureCerts: true, browserName: chrome, browserVersion: 123.0.6312.123, chrome: {chromedriverVersion: 123.0.6312.122 (31f8248cdd9..., userDataDir: C:\Users\dP-PL\AppData\Loca...}, fedcm:accounts: true, goog:chromeOptions: {debuggerAddress: localhost:51256}, javascriptEnabled: true, networkConnectionEnabled: false, pageLoadStrategy: normal, platform: WINDOWS, platformName: WINDOWS, proxy: Proxy(), setWindowRect: true, strictFileInteractability: false, timeouts: {implicit: 0, pageLoad: 300000, script: 30000}, unhandledPromptBehavior: dismiss and notify, webauthn:extension:credBlob: true, webauthn:extension:largeBlob: true, webauthn:extension:minPinLength: true, webauthn:extension:prf: true, webauthn:virtualAuthenticators: true}
Session ID: a59c4df4811f82049fe754efe723d3c1
2024-04-17 18:43:35,864 [main] INFO  base.BaseClass - Trying to find Element By {by.toString()})
2024-04-17 18:43:35,891 [main] INFO  base.BaseClass - Found Element By {by.toString()}
2024-04-17 18:43:35,892 [main] INFO  base.BaseClass - Trying to click on: {element.toString()}
2024-04-17 18:43:36,053 [main] INFO  base.BaseClass - Clicked on: {element.toString()}
2024-04-17 18:43:36,053 [main] INFO  base.BaseClass - Trying to find Element By {by.toString()})
2024-04-17 18:43:36,073 [main] INFO  base.BaseClass - Found Element By {by.toString()}
2024-04-17 18:43:36,603 [main] INFO  base.BaseClass - Trying to find Element By {by.toString()})
2024-04-17 18:43:36,635 [main] INFO  base.BaseClass - Found Element By {by.toString()}
2024-04-17 18:43:37,180 [main] INFO  base.BaseClass - Trying to find Element By {by.toString()})
2024-04-17 18:43:37,214 [main] INFO  base.BaseClass - Found Element By {by.toString()}
2024-04-17 18:43:37,744 [main] INFO  base.BaseClass - Trying to find Element By {by.toString()})
2024-04-17 18:43:37,774 [main] INFO  base.BaseClass - Found Element By {by.toString()}
2024-04-17 18:43:38,320 [main] INFO  base.BaseClass - Trying to find Element By {by.toString()})
2024-04-17 18:43:38,331 [main] INFO  base.BaseClass - Found Element By {by.toString()}
2024-04-17 18:43:38,851 [main] INFO  base.BaseClass - Trying to find Element By {by.toString()})
2024-04-17 18:43:38,885 [main] INFO  base.BaseClass - Found Element By {by.toString()}
2024-04-17 18:43:39,431 [main] INFO  base.BaseClass - Trying to find Element By {by.toString()})
2024-04-17 18:43:39,460 [main] INFO  base.BaseClass - Found Element By {by.toString()}
2024-04-17 18:43:40,056 [main] INFO  base.BaseClass - Trying to find Element By {by.toString()})
2024-04-17 18:43:40,085 [main] INFO  base.BaseClass - Found Element By {by.toString()}
2024-04-17 18:43:40,602 [main] INFO  base.BaseClass - Trying to find Element By {by.toString()})
2024-04-17 18:43:40,632 [main] INFO  base.BaseClass - Found Element By {by.toString()}
2024-04-17 18:43:41,184 [main] INFO  base.BaseClass - Trying to find Element By {by.toString()})
2024-04-17 18:43:41,213 [main] INFO  base.BaseClass - Found Element By {by.toString()}
2024-04-17 18:43:41,761 [main] INFO  base.BaseClass - Trying to find Element By {by.toString()})
2024-04-17 18:43:41,822 [main] INFO  base.BaseClass - Found Element By {by.toString()}
2024-04-17 18:43:42,400 [main] INFO  base.BaseClass - Trying to find Element By {by.toString()})
2024-04-17 18:43:42,430 [main] INFO  base.BaseClass - Found Element By {by.toString()}
2024-04-17 18:43:42,978 [main] INFO  base.BaseClass - Trying to find Element By {by.toString()})
2024-04-17 18:43:43,006 [main] INFO  base.BaseClass - Found Element By {by.toString()}
2024-04-17 18:43:43,540 [main] INFO  base.BaseClass - Trying to find Element By {by.toString()})
2024-04-17 18:43:43,570 [main] INFO  base.BaseClass - Found Element By {by.toString()}
2024-04-17 18:43:44,102 [main] INFO  base.BaseClass - Trying to find Element By {by.toString()})
2024-04-17 18:43:44,133 [main] INFO  base.BaseClass - Found Element By {by.toString()}
2024-04-17 18:43:44,678 [main] INFO  base.BaseClass - Trying to find Element By {by.toString()})
2024-04-17 18:43:44,708 [main] INFO  base.BaseClass - Found Element By {by.toString()}
2024-04-17 18:43:45,257 [main] INFO  base.BaseClass - Trying to find Element By {by.toString()})
2024-04-17 18:43:45,288 [main] INFO  base.BaseClass - Found Element By {by.toString()}
2024-04-17 18:43:45,821 [main] INFO  base.BaseClass - Trying to find Element By {by.toString()})
2024-04-17 18:43:45,851 [main] INFO  base.BaseClass - Found Element By {by.toString()}
2024-04-17 18:43:46,395 [main] INFO  base.BaseClass - Trying to find Element By {by.toString()})
2024-04-17 18:43:46,424 [main] INFO  base.BaseClass - Found Element By {by.toString()}
2024-04-17 18:43:46,975 [main] INFO  base.BaseClass - Trying to find Element By {by.toString()})
2024-04-17 18:43:47,005 [main] INFO  base.BaseClass - Found Element By {by.toString()}
2024-04-17 18:43:47,553 [main] INFO  base.BaseClass - Trying to find Element By {by.toString()})
2024-04-17 18:43:47,583 [main] INFO  base.BaseClass - Found Element By {by.toString()}
2024-04-17 18:43:48,127 [main] INFO  base.BaseClass - Trying to find Element By {by.toString()})
2024-04-17 18:43:48,366 [main] INFO  base.BaseClass - Found Element By {by.toString()}
2024-04-17 18:43:48,894 [main] INFO  base.BaseClass - Trying to find Element By {by.toString()})
2024-04-17 18:43:48,924 [main] INFO  base.BaseClass - Found Element By {by.toString()}
2024-04-17 18:43:49,474 [main] INFO  base.BaseClass - Trying to find Element By {by.toString()})
2024-04-17 18:43:49,505 [main] INFO  base.BaseClass - Found Element By {by.toString()}
2024-04-17 18:43:50,053 [main] INFO  base.BaseClass - Trying to find Element By {by.toString()})
2024-04-17 18:43:50,084 [main] INFO  base.BaseClass - Found Element By {by.toString()}
2024-04-17 18:43:50,634 [main] INFO  base.BaseClass - Trying to find Element By {by.toString()})
2024-04-17 18:43:50,665 [main] INFO  base.BaseClass - Found Element By {by.toString()}
2024-04-17 18:43:51,213 [main] INFO  base.BaseClass - Trying to find Element By {by.toString()})
2024-04-17 18:43:51,244 [main] INFO  base.BaseClass - Found Element By {by.toString()}
2024-04-17 18:43:51,793 [main] INFO  base.BaseClass - Trying to find Element By {by.toString()})
2024-04-17 18:43:51,824 [main] INFO  base.BaseClass - Found Element By {by.toString()}
2024-04-17 18:43:52,376 [main] INFO  base.BaseClass - Trying to find Element By {by.toString()})
2024-04-17 18:43:52,404 [main] INFO  base.BaseClass - Found Element By {by.toString()}
2024-04-17 18:43:52,954 [main] INFO  base.BaseClass - Trying to find Element By {by.toString()})
2024-04-17 18:43:52,984 [main] INFO  base.BaseClass - Found Element By {by.toString()}
2024-04-17 18:43:53,531 [main] INFO  base.BaseClass - Trying to find Element By {by.toString()})
2024-04-17 18:43:53,561 [main] INFO  base.BaseClass - Found Element By {by.toString()}
2024-04-17 18:43:54,110 [main] INFO  base.BaseClass - Trying to find Element By {by.toString()})
2024-04-17 18:43:54,130 [main] INFO  base.BaseClass - Found Element By {by.toString()}
2024-04-17 18:43:54,656 [main] INFO  base.BaseClass - Trying to find Element By {by.toString()})
2024-04-17 18:43:54,688 [main] INFO  base.BaseClass - Found Element By {by.toString()}
2024-04-17 18:43:55,238 [main] INFO  base.BaseClass - Trying to find Element By {by.toString()})
2024-04-17 18:43:55,269 [main] INFO  base.BaseClass - Found Element By {by.toString()}
2024-04-17 18:43:55,821 [main] INFO  base.BaseClass - Trying to find Element By {by.toString()})
2024-04-17 18:43:55,851 [main] INFO  base.BaseClass - Found Element By {by.toString()}
2024-04-17 18:43:56,399 [main] INFO  base.BaseClass - Trying to find Element By {by.toString()})
2024-04-17 18:43:56,418 [main] INFO  base.BaseClass - Found Element By {by.toString()}
2024-04-17 18:43:57,010 [main] INFO  base.BaseClass - Trying to find Element By {by.toString()})
2024-04-17 18:43:57,040 [main] INFO  base.BaseClass - Found Element By {by.toString()}
2024-04-17 18:43:57,586 [main] INFO  base.BaseClass - Trying to find Element By {by.toString()})
2024-04-17 18:43:57,618 [main] INFO  base.BaseClass - Found Element By {by.toString()}
2024-04-17 18:43:58,148 [main] INFO  base.BaseClass - Trying to find Element By {by.toString()})
2024-04-17 18:43:58,177 [main] INFO  base.BaseClass - Found Element By {by.toString()}
2024-04-17 18:43:58,726 [main] INFO  base.BaseClass - Trying to find Element By {by.toString()})
2024-04-17 18:43:58,758 [main] INFO  base.BaseClass - Found Element By {by.toString()}
2024-04-17 18:43:59,306 [main] INFO  base.BaseClass - Trying to find Element By {by.toString()})
2024-04-17 18:43:59,317 [main] INFO  base.BaseClass - Found Element By {by.toString()}
2024-04-17 18:43:59,840 [main] INFO  base.BaseClass - Trying to find Element By {by.toString()})
2024-04-17 18:43:59,870 [main] INFO  base.BaseClass - Found Element By {by.toString()}
2024-04-17 18:44:00,418 [main] INFO  base.BaseClass - Trying to find Element By {by.toString()})
2024-04-17 18:44:00,439 [main] INFO  base.BaseClass - Found Element By {by.toString()}
2024-04-17 18:44:00,971 [main] INFO  base.BaseClass - Trying to find Element By {by.toString()})
2024-04-17 18:44:01,002 [main] INFO  base.BaseClass - Found Element By {by.toString()}
2024-04-17 18:44:01,563 [main] INFO  base.BaseClass - Trying to find Element By {by.toString()})
2024-04-17 18:44:01,595 [main] INFO  base.BaseClass - Found Element By {by.toString()}
2024-04-17 18:44:02,144 [main] INFO  base.BaseClass - Trying to find Element By {by.toString()})
2024-04-17 18:44:02,176 [main] INFO  base.BaseClass - Found Element By {by.toString()}
2024-04-17 18:44:02,722 [main] INFO  base.BaseClass - Trying to find Element By {by.toString()})
2024-04-17 18:44:02,753 [main] INFO  base.BaseClass - Found Element By {by.toString()}
2024-04-17 18:44:03,304 [main] INFO  base.BaseClass - Trying to find Element By {by.toString()})
2024-04-17 18:44:03,335 [main] INFO  base.BaseClass - Found Element By {by.toString()}
2024-04-17 18:44:03,871 [main] INFO  base.BaseClass - Trying to find Element By {by.toString()})
2024-04-17 18:44:03,902 [main] INFO  base.BaseClass - Found Element By {by.toString()}
2024-04-17 18:44:04,450 [main] INFO  base.BaseClass - Trying to find Element By {by.toString()})
2024-04-17 18:44:04,480 [main] INFO  base.BaseClass - Found Element By {by.toString()}
2024-04-17 18:44:05,028 [main] INFO  base.BaseClass - Trying to find Element By {by.toString()})
2024-04-17 18:44:05,058 [main] INFO  base.BaseClass - Found Element By {by.toString()}
2024-04-17 18:44:05,604 [main] INFO  base.BaseClass - Trying to find Element By {by.toString()})
2024-04-17 18:44:05,630 [main] INFO  base.BaseClass - Found Element By {by.toString()}
2024-04-17 18:44:06,167 [main] INFO  base.BaseClass - Trying to find Element By {by.toString()})
2024-04-17 18:44:06,199 [main] INFO  base.BaseClass - Found Element By {by.toString()}
TimeoutException occurred: Expected condition failed: waiting for helper.WaitUtility$5@7e4c2fd4 (tried for 30 second(s) with 500 milliseconds interval)
Build info: version: '3.141.59', revision: 'e82be7d358', time: '2018-11-14T08:17:03'
System info: host: 'DPLAP166', ip: '137.237.2.236', os.name: 'Windows 10', os.arch: 'amd64', os.version: '10.0', java.version: '19.0.1'
Driver info: org.openqa.selenium.support.events.EventFiringWebDriver
Capabilities {acceptInsecureCerts: true, browserName: chrome, browserVersion: 123.0.6312.123, chrome: {chromedriverVersion: 123.0.6312.122 (31f8248cdd9..., userDataDir: C:\Users\dP-PL\AppData\Loca...}, fedcm:accounts: true, goog:chromeOptions: {debuggerAddress: localhost:51256}, javascriptEnabled: true, networkConnectionEnabled: false, pageLoadStrategy: normal, platform: WINDOWS, platformName: WINDOWS, proxy: Proxy(), setWindowRect: true, strictFileInteractability: false, timeouts: {implicit: 0, pageLoad: 300000, script: 30000}, unhandledPromptBehavior: dismiss and notify, webauthn:extension:credBlob: true, webauthn:extension:largeBlob: true, webauthn:extension:minPinLength: true, webauthn:extension:prf: true, webauthn:virtualAuthenticators: true}
Session ID: a59c4df4811f82049fe754efe723d3c1
2024-04-17 18:44:06,228 [main] ERROR RotationCopy_test - Element did not become visible within the specified time: Expected condition failed: waiting for helper.WaitUtility$5@7e4c2fd4 (tried for 30 second(s) with 500 milliseconds interval)
Build info: version: '3.141.59', revision: 'e82be7d358', time: '2018-11-14T08:17:03'
System info: host: 'DPLAP166', ip: '137.237.2.236', os.name: 'Windows 10', os.arch: 'amd64', os.version: '10.0', java.version: '19.0.1'
Driver info: org.openqa.selenium.support.events.EventFiringWebDriver
Capabilities {acceptInsecureCerts: true, browserName: chrome, browserVersion: 123.0.6312.123, chrome: {chromedriverVersion: 123.0.6312.122 (31f8248cdd9..., userDataDir: C:\Users\dP-PL\AppData\Loca...}, fedcm:accounts: true, goog:chromeOptions: {debuggerAddress: localhost:51256}, javascriptEnabled: true, networkConnectionEnabled: false, pageLoadStrategy: normal, platform: WINDOWS, platformName: WINDOWS, proxy: Proxy(), setWindowRect: true, strictFileInteractability: false, timeouts: {implicit: 0, pageLoad: 300000, script: 30000}, unhandledPromptBehavior: dismiss and notify, webauthn:extension:credBlob: true, webauthn:extension:largeBlob: true, webauthn:extension:minPinLength: true, webauthn:extension:prf: true, webauthn:virtualAuthenticators: true}
Session ID: a59c4df4811f82049fe754efe723d3c1
2024-04-17 18:44:06,228 [main] INFO  base.BaseClass - Trying to find Element By {by.toString()})
2024-04-17 18:44:06,250 [main] INFO  base.BaseClass - Found Element By {by.toString()}
2024-04-17 18:44:06,250 [main] INFO  base.BaseClass - Trying to click on: {element.toString()}
2024-04-17 18:44:06,427 [main] INFO  base.BaseClass - Clicked on: {element.toString()}
2024-04-17 18:44:06,433 [main] INFO  base.BaseClass - Trying to find Element By {by.toString()})
2024-04-17 18:44:06,451 [main] INFO  base.BaseClass - Found Element By {by.toString()}
2024-04-17 18:44:06,977 [main] INFO  base.BaseClass - Trying to find Element By {by.toString()})
2024-04-17 18:44:07,016 [main] INFO  base.BaseClass - Found Element By {by.toString()}
2024-04-17 18:44:07,570 [main] INFO  base.BaseClass - Trying to find Element By {by.toString()})
2024-04-17 18:44:07,601 [main] INFO  base.BaseClass - Found Element By {by.toString()}
2024-04-17 18:44:08,152 [main] INFO  base.BaseClass - Trying to find Element By {by.toString()})
2024-04-17 18:44:08,184 [main] INFO  base.BaseClass - Found Element By {by.toString()}
2024-04-17 18:44:08,730 [main] INFO  base.BaseClass - Trying to find Element By {by.toString()})
2024-04-17 18:44:08,758 [main] INFO  base.BaseClass - Found Element By {by.toString()}
2024-04-17 18:44:09,306 [main] INFO  base.BaseClass - Trying to find Element By {by.toString()})
2024-04-17 18:44:09,337 [main] INFO  base.BaseClass - Found Element By {by.toString()}
2024-04-17 18:44:09,885 [main] INFO  base.BaseClass - Trying to find Element By {by.toString()})
2024-04-17 18:44:09,913 [main] INFO  base.BaseClass - Found Element By {by.toString()}
2024-04-17 18:44:10,461 [main] INFO  base.BaseClass - Trying to find Element By {by.toString()})
2024-04-17 18:44:10,489 [main] INFO  base.BaseClass - Found Element By {by.toString()}
2024-04-17 18:44:11,022 [main] INFO  base.BaseClass - Trying to find Element By {by.toString()})
2024-04-17 18:44:11,051 [main] INFO  base.BaseClass - Found Element By {by.toString()}
2024-04-17 18:44:11,602 [main] INFO  base.BaseClass - Trying to find Element By {by.toString()})
2024-04-17 18:44:11,631 [main] INFO  base.BaseClass - Found Element By {by.toString()}
2024-04-17 18:44:12,176 [main] INFO  base.BaseClass - Trying to find Element By {by.toString()})
2024-04-17 18:44:12,205 [main] INFO  base.BaseClass - Found Element By {by.toString()}
2024-04-17 18:44:12,754 [main] INFO  base.BaseClass - Trying to find Element By {by.toString()})
2024-04-17 18:44:12,782 [main] INFO  base.BaseClass - Found Element By {by.toString()}
2024-04-17 18:44:13,334 [main] INFO  base.BaseClass - Trying to find Element By {by.toString()})
2024-04-17 18:44:13,362 [main] INFO  base.BaseClass - Found Element By {by.toString()}
2024-04-17 18:44:13,900 [main] INFO  base.BaseClass - Trying to find Element By {by.toString()})
2024-04-17 18:44:13,927 [main] INFO  base.BaseClass - Found Element By {by.toString()}
2024-04-17 18:44:14,478 [main] INFO  base.BaseClass - Trying to find Element By {by.toString()})
2024-04-17 18:44:14,505 [main] INFO  base.BaseClass - Found Element By {by.toString()}
2024-04-17 18:44:15,044 [main] INFO  base.BaseClass - Trying to find Element By {by.toString()})
2024-04-17 18:44:15,072 [main] INFO  base.BaseClass - Found Element By {by.toString()}
2024-04-17 18:44:15,619 [main] INFO  base.BaseClass - Trying to find Element By {by.toString()})
2024-04-17 18:44:15,652 [main] INFO  base.BaseClass - Found Element By {by.toString()}
2024-04-17 18:44:16,196 [main] INFO  base.BaseClass - Trying to find Element By {by.toString()})
2024-04-17 18:44:16,222 [main] INFO  base.BaseClass - Found Element By {by.toString()}
2024-04-17 18:44:16,773 [main] INFO  base.BaseClass - Trying to find Element By {by.toString()})
2024-04-17 18:44:16,801 [main] INFO  base.BaseClass - Found Element By {by.toString()}
2024-04-17 18:44:17,350 [main] INFO  base.BaseClass - Trying to find Element By {by.toString()})
2024-04-17 18:44:17,366 [main] INFO  base.BaseClass - Found Element By {by.toString()}
2024-04-17 18:44:17,895 [main] INFO  base.BaseClass - Trying to find Element By {by.toString()})
2024-04-17 18:44:17,905 [main] INFO  base.BaseClass - Found Element By {by.toString()}
2024-04-17 18:44:18,424 [main] INFO  base.BaseClass - Trying to find Element By {by.toString()})
2024-04-17 18:44:18,454 [main] INFO  base.BaseClass - Found Element By {by.toString()}
2024-04-17 18:44:19,002 [main] INFO  base.BaseClass - Trying to find Element By {by.toString()})
2024-04-17 18:44:19,013 [main] INFO  base.BaseClass - Found Element By {by.toString()}
2024-04-17 18:44:19,533 [main] INFO  base.BaseClass - Trying to find Element By {by.toString()})
2024-04-17 18:44:19,561 [main] INFO  base.BaseClass - Found Element By {by.toString()}
2024-04-17 18:44:20,111 [main] INFO  base.BaseClass - Trying to find Element By {by.toString()})
2024-04-17 18:44:20,138 [main] INFO  base.BaseClass - Found Element By {by.toString()}
2024-04-17 18:44:20,687 [main] INFO  base.BaseClass - Trying to find Element By {by.toString()})
2024-04-17 18:44:20,696 [main] INFO  base.BaseClass - Found Element By {by.toString()}
2024-04-17 18:44:21,221 [main] INFO  base.BaseClass - Trying to find Element By {by.toString()})
2024-04-17 18:44:21,250 [main] INFO  base.BaseClass - Found Element By {by.toString()}
2024-04-17 18:44:21,802 [main] INFO  base.BaseClass - Trying to find Element By {by.toString()})
2024-04-17 18:44:21,831 [main] INFO  base.BaseClass - Found Element By {by.toString()}
2024-04-17 18:44:22,383 [main] INFO  base.BaseClass - Trying to find Element By {by.toString()})
2024-04-17 18:44:22,400 [main] INFO  base.BaseClass - Found Element By {by.toString()}
2024-04-17 18:44:22,941 [main] INFO  base.BaseClass - Trying to find Element By {by.toString()})
2024-04-17 18:44:22,970 [main] INFO  base.BaseClass - Found Element By {by.toString()}
2024-04-17 18:44:23,518 [main] INFO  base.BaseClass - Trying to find Element By {by.toString()})
2024-04-17 18:44:23,546 [main] INFO  base.BaseClass - Found Element By {by.toString()}
2024-04-17 18:44:24,096 [main] INFO  base.BaseClass - Trying to find Element By {by.toString()})
2024-04-17 18:44:24,112 [main] INFO  base.BaseClass - Found Element By {by.toString()}
2024-04-17 18:44:24,644 [main] INFO  base.BaseClass - Trying to find Element By {by.toString()})
2024-04-17 18:44:24,669 [main] INFO  base.BaseClass - Found Element By {by.toString()}
2024-04-17 18:44:25,221 [main] INFO  base.BaseClass - Trying to find Element By {by.toString()})
2024-04-17 18:44:25,249 [main] INFO  base.BaseClass - Found Element By {by.toString()}
2024-04-17 18:44:25,798 [main] INFO  base.BaseClass - Trying to find Element By {by.toString()})
2024-04-17 18:44:25,825 [main] INFO  base.BaseClass - Found Element By {by.toString()}
2024-04-17 18:44:26,362 [main] INFO  base.BaseClass - Trying to find Element By {by.toString()})
2024-04-17 18:44:26,389 [main] INFO  base.BaseClass - Found Element By {by.toString()}
2024-04-17 18:44:26,937 [main] INFO  base.BaseClass - Trying to find Element By {by.toString()})
2024-04-17 18:44:26,966 [main] INFO  base.BaseClass - Found Element By {by.toString()}
2024-04-17 18:44:27,513 [main] INFO  base.BaseClass - Trying to find Element By {by.toString()})
2024-04-17 18:44:27,540 [main] INFO  base.BaseClass - Found Element By {by.toString()}
2024-04-17 18:44:28,091 [main] INFO  base.BaseClass - Trying to find Element By {by.toString()})
2024-04-17 18:44:28,120 [main] INFO  base.BaseClass - Found Element By {by.toString()}
2024-04-17 18:44:28,672 [main] INFO  base.BaseClass - Trying to find Element By {by.toString()})
2024-04-17 18:44:28,689 [main] INFO  base.BaseClass - Found Element By {by.toString()}
2024-04-17 18:44:29,230 [main] INFO  base.BaseClass - Trying to find Element By {by.toString()})
2024-04-17 18:44:29,257 [main] INFO  base.BaseClass - Found Element By {by.toString()}
2024-04-17 18:44:29,798 [main] INFO  base.BaseClass - Trying to find Element By {by.toString()})
2024-04-17 18:44:29,825 [main] INFO  base.BaseClass - Found Element By {by.toString()}
2024-04-17 18:44:30,361 [main] INFO  base.BaseClass - Trying to find Element By {by.toString()})
2024-04-17 18:44:30,389 [main] INFO  base.BaseClass - Found Element By {by.toString()}
2024-04-17 18:44:30,937 [main] INFO  base.BaseClass - Trying to find Element By {by.toString()})
2024-04-17 18:44:30,965 [main] INFO  base.BaseClass - Found Element By {by.toString()}
2024-04-17 18:44:31,514 [main] INFO  base.BaseClass - Trying to find Element By {by.toString()})
2024-04-17 18:44:31,588 [main] INFO  base.BaseClass - Found Element By {by.toString()}
2024-04-17 18:44:32,108 [main] INFO  base.BaseClass - Trying to find Element By {by.toString()})
2024-04-17 18:44:32,136 [main] INFO  base.BaseClass - Found Element By {by.toString()}
2024-04-17 18:44:32,685 [main] INFO  base.BaseClass - Trying to find Element By {by.toString()})
2024-04-17 18:44:32,705 [main] INFO  base.BaseClass - Found Element By {by.toString()}
2024-04-17 18:44:33,231 [main] INFO  base.BaseClass - Trying to find Element By {by.toString()})
2024-04-17 18:44:33,258 [main] INFO  base.BaseClass - Found Element By {by.toString()}
2024-04-17 18:44:33,807 [main] INFO  base.BaseClass - Trying to find Element By {by.toString()})
2024-04-17 18:44:33,834 [main] INFO  base.BaseClass - Found Element By {by.toString()}
2024-04-17 18:44:34,373 [main] INFO  base.BaseClass - Trying to find Element By {by.toString()})
2024-04-17 18:44:34,384 [main] INFO  base.BaseClass - Found Element By {by.toString()}
2024-04-17 18:44:34,906 [main] INFO  base.BaseClass - Trying to find Element By {by.toString()})
2024-04-17 18:44:34,934 [main] INFO  base.BaseClass - Found Element By {by.toString()}
2024-04-17 18:44:35,483 [main] INFO  base.BaseClass - Trying to find Element By {by.toString()})
2024-04-17 18:44:35,511 [main] INFO  base.BaseClass - Found Element By {by.toString()}
2024-04-17 18:44:36,060 [main] INFO  base.BaseClass - Trying to find Element By {by.toString()})
2024-04-17 18:44:36,092 [main] INFO  base.BaseClass - Found Element By {by.toString()}
2024-04-17 18:44:36,638 [main] INFO  base.BaseClass - Trying to find Element By {by.toString()})
2024-04-17 18:44:36,667 [main] INFO  base.BaseClass - Found Element By {by.toString()}
TimeoutException occurred: Expected condition failed: waiting for helper.WaitUtility$5@7093b1f5 (tried for 30 second(s) with 500 milliseconds interval)
Build info: version: '3.141.59', revision: 'e82be7d358', time: '2018-11-14T08:17:03'
System info: host: 'DPLAP166', ip: '137.237.2.236', os.name: 'Windows 10', os.arch: 'amd64', os.version: '10.0', java.version: '19.0.1'
Driver info: org.openqa.selenium.support.events.EventFiringWebDriver
Capabilities {acceptInsecureCerts: true, browserName: chrome, browserVersion: 123.0.6312.123, chrome: {chromedriverVersion: 123.0.6312.122 (31f8248cdd9..., userDataDir: C:\Users\dP-PL\AppData\Loca...}, fedcm:accounts: true, goog:chromeOptions: {debuggerAddress: localhost:51256}, javascriptEnabled: true, networkConnectionEnabled: false, pageLoadStrategy: normal, platform: WINDOWS, platformName: WINDOWS, proxy: Proxy(), setWindowRect: true, strictFileInteractability: false, timeouts: {implicit: 0, pageLoad: 300000, script: 30000}, unhandledPromptBehavior: dismiss and notify, webauthn:extension:credBlob: true, webauthn:extension:largeBlob: true, webauthn:extension:minPinLength: true, webauthn:extension:prf: true, webauthn:virtualAuthenticators: true}
Session ID: a59c4df4811f82049fe754efe723d3c1
2024-04-17 18:44:36,708 [main] ERROR RotationCopy_test - Element did not become visible within the specified time: Expected condition failed: waiting for helper.WaitUtility$5@7093b1f5 (tried for 30 second(s) with 500 milliseconds interval)
Build info: version: '3.141.59', revision: 'e82be7d358', time: '2018-11-14T08:17:03'
System info: host: 'DPLAP166', ip: '137.237.2.236', os.name: 'Windows 10', os.arch: 'amd64', os.version: '10.0', java.version: '19.0.1'
Driver info: org.openqa.selenium.support.events.EventFiringWebDriver
Capabilities {acceptInsecureCerts: true, browserName: chrome, browserVersion: 123.0.6312.123, chrome: {chromedriverVersion: 123.0.6312.122 (31f8248cdd9..., userDataDir: C:\Users\dP-PL\AppData\Loca...}, fedcm:accounts: true, goog:chromeOptions: {debuggerAddress: localhost:51256}, javascriptEnabled: true, networkConnectionEnabled: false, pageLoadStrategy: normal, platform: WINDOWS, platformName: WINDOWS, proxy: Proxy(), setWindowRect: true, strictFileInteractability: false, timeouts: {implicit: 0, pageLoad: 300000, script: 30000}, unhandledPromptBehavior: dismiss and notify, webauthn:extension:credBlob: true, webauthn:extension:largeBlob: true, webauthn:extension:minPinLength: true, webauthn:extension:prf: true, webauthn:virtualAuthenticators: true}
Session ID: a59c4df4811f82049fe754efe723d3c1
2024-04-17 18:44:36,709 [main] INFO  base.BaseClass - Trying to find Element By {by.toString()})
2024-04-17 18:44:36,722 [main] INFO  base.BaseClass - Found Element By {by.toString()}
2024-04-17 18:44:36,723 [main] INFO  base.BaseClass - Trying to click on: {element.toString()}
2024-04-17 18:44:36,822 [main] INFO  base.BaseClass - Clicked on: {element.toString()}
2024-04-17 18:44:36,829 [main] INFO  base.BaseClass - Trying to find Element By {by.toString()})
2024-04-17 18:44:36,845 [main] INFO  base.BaseClass - Found Element By {by.toString()}
2024-04-17 18:44:37,370 [main] INFO  base.BaseClass - Trying to find Element By {by.toString()})
2024-04-17 18:44:37,734 [main] INFO  base.BaseClass - Found Element By {by.toString()}
2024-04-17 18:44:38,259 [main] INFO  base.BaseClass - Trying to find Element By {by.toString()})
2024-04-17 18:44:38,272 [main] INFO  base.BaseClass - Found Element By {by.toString()}
2024-04-17 18:44:38,791 [main] INFO  base.BaseClass - Trying to find Element By {by.toString()})
2024-04-17 18:44:38,818 [main] INFO  base.BaseClass - Found Element By {by.toString()}
2024-04-17 18:44:39,369 [main] INFO  base.BaseClass - Trying to find Element By {by.toString()})
2024-04-17 18:44:39,399 [main] INFO  base.BaseClass - Found Element By {by.toString()}
2024-04-17 18:44:39,945 [main] INFO  base.BaseClass - Trying to find Element By {by.toString()})
2024-04-17 18:44:39,975 [main] INFO  base.BaseClass - Found Element By {by.toString()}
2024-04-17 18:44:40,509 [main] INFO  base.BaseClass - Trying to find Element By {by.toString()})
2024-04-17 18:44:40,536 [main] INFO  base.BaseClass - Found Element By {by.toString()}
2024-04-17 18:44:41,071 [main] INFO  base.BaseClass - Trying to find Element By {by.toString()})
2024-04-17 18:44:41,100 [main] INFO  base.BaseClass - Found Element By {by.toString()}
2024-04-17 18:44:41,648 [main] INFO  base.BaseClass - Trying to find Element By {by.toString()})
2024-04-17 18:44:41,676 [main] INFO  base.BaseClass - Found Element By {by.toString()}
2024-04-17 18:44:42,224 [main] INFO  base.BaseClass - Trying to find Element By {by.toString()})
2024-04-17 18:44:42,252 [main] INFO  base.BaseClass - Found Element By {by.toString()}
2024-04-17 18:44:42,801 [main] INFO  base.BaseClass - Trying to find Element By {by.toString()})
2024-04-17 18:44:42,821 [main] INFO  base.BaseClass - Found Element By {by.toString()}
2024-04-17 18:44:43,364 [main] INFO  base.BaseClass - Trying to find Element By {by.toString()})
2024-04-17 18:44:43,383 [main] INFO  base.BaseClass - Found Element By {by.toString()}
2024-04-17 18:44:43,913 [main] INFO  base.BaseClass - Trying to find Element By {by.toString()})
2024-04-17 18:44:43,941 [main] INFO  base.BaseClass - Found Element By {by.toString()}
2024-04-17 18:44:44,493 [main] INFO  base.BaseClass - Trying to find Element By {by.toString()})
2024-04-17 18:44:44,518 [main] INFO  base.BaseClass - Found Element By {by.toString()}
2024-04-17 18:44:45,042 [main] INFO  base.BaseClass - Trying to find Element By {by.toString()})
2024-04-17 18:44:45,071 [main] INFO  base.BaseClass - Found Element By {by.toString()}
2024-04-17 18:44:45,619 [main] INFO  base.BaseClass - Trying to find Element By {by.toString()})
2024-04-17 18:44:45,633 [main] INFO  base.BaseClass - Found Element By {by.toString()}
2024-04-17 18:44:46,155 [main] INFO  base.BaseClass - Trying to find Element By {by.toString()})
2024-04-17 18:44:46,168 [main] INFO  base.BaseClass - Found Element By {by.toString()}
2024-04-17 18:44:46,691 [main] INFO  base.BaseClass - Trying to find Element By {by.toString()})
2024-04-17 18:44:46,705 [main] INFO  base.BaseClass - Found Element By {by.toString()}
2024-04-17 18:44:47,240 [main] INFO  base.BaseClass - Trying to find Element By {by.toString()})
2024-04-17 18:44:47,255 [main] INFO  base.BaseClass - Found Element By {by.toString()}
2024-04-17 18:44:47,787 [main] INFO  base.BaseClass - Trying to find Element By {by.toString()})
2024-04-17 18:44:47,814 [main] INFO  base.BaseClass - Found Element By {by.toString()}
2024-04-17 18:44:48,354 [main] INFO  base.BaseClass - Trying to find Element By {by.toString()})
2024-04-17 18:44:48,384 [main] INFO  base.BaseClass - Found Element By {by.toString()}
2024-04-17 18:44:48,935 [main] INFO  base.BaseClass - Trying to find Element By {by.toString()})
2024-04-17 18:44:48,963 [main] INFO  base.BaseClass - Found Element By {by.toString()}
2024-04-17 18:44:49,515 [main] INFO  base.BaseClass - Trying to find Element By {by.toString()})
2024-04-17 18:44:49,538 [main] INFO  base.BaseClass - Found Element By {by.toString()}
2024-04-17 18:44:50,073 [main] INFO  base.BaseClass - Trying to find Element By {by.toString()})
2024-04-17 18:44:50,103 [main] INFO  base.BaseClass - Found Element By {by.toString()}
2024-04-17 18:44:50,654 [main] INFO  base.BaseClass - Trying to find Element By {by.toString()})
2024-04-17 18:44:50,683 [main] INFO  base.BaseClass - Found Element By {by.toString()}
2024-04-17 18:44:51,232 [main] INFO  base.BaseClass - Trying to find Element By {by.toString()})
2024-04-17 18:44:51,261 [main] INFO  base.BaseClass - Found Element By {by.toString()}
2024-04-17 18:44:51,814 [main] INFO  base.BaseClass - Trying to find Element By {by.toString()})
2024-04-17 18:44:51,841 [main] INFO  base.BaseClass - Found Element By {by.toString()}
2024-04-17 18:44:52,376 [main] INFO  base.BaseClass - Trying to find Element By {by.toString()})
2024-04-17 18:44:52,404 [main] INFO  base.BaseClass - Found Element By {by.toString()}
2024-04-17 18:44:52,954 [main] INFO  base.BaseClass - Trying to find Element By {by.toString()})
2024-04-17 18:44:53,032 [main] INFO  base.BaseClass - Found Element By {by.toString()}
2024-04-17 18:44:53,563 [main] INFO  base.BaseClass - Trying to find Element By {by.toString()})
2024-04-17 18:44:53,594 [main] INFO  base.BaseClass - Found Element By {by.toString()}
2024-04-17 18:44:54,146 [main] INFO  base.BaseClass - Trying to find Element By {by.toString()})
2024-04-17 18:44:54,178 [main] INFO  base.BaseClass - Found Element By {by.toString()}
2024-04-17 18:44:54,710 [main] INFO  base.BaseClass - Trying to find Element By {by.toString()})
2024-04-17 18:44:54,737 [main] INFO  base.BaseClass - Found Element By {by.toString()}
2024-04-17 18:44:55,288 [main] INFO  base.BaseClass - Trying to find Element By {by.toString()})
2024-04-17 18:44:55,318 [main] INFO  base.BaseClass - Found Element By {by.toString()}
2024-04-17 18:44:55,863 [main] INFO  base.BaseClass - Trying to find Element By {by.toString()})
2024-04-17 18:44:55,880 [main] INFO  base.BaseClass - Found Element By {by.toString()}
2024-04-17 18:44:56,407 [main] INFO  base.BaseClass - Trying to find Element By {by.toString()})
2024-04-17 18:44:56,437 [main] INFO  base.BaseClass - Found Element By {by.toString()}
2024-04-17 18:44:56,985 [main] INFO  base.BaseClass - Trying to find Element By {by.toString()})
2024-04-17 18:44:57,013 [main] INFO  base.BaseClass - Found Element By {by.toString()}
2024-04-17 18:44:57,563 [main] INFO  base.BaseClass - Trying to find Element By {by.toString()})
2024-04-17 18:44:57,590 [main] INFO  base.BaseClass - Found Element By {by.toString()}
2024-04-17 18:44:58,126 [main] INFO  base.BaseClass - Trying to find Element By {by.toString()})
2024-04-17 18:44:58,153 [main] INFO  base.BaseClass - Found Element By {by.toString()}
2024-04-17 18:44:58,704 [main] INFO  base.BaseClass - Trying to find Element By {by.toString()})
2024-04-17 18:44:58,733 [main] INFO  base.BaseClass - Found Element By {by.toString()}
2024-04-17 18:44:59,284 [main] INFO  base.BaseClass - Trying to find Element By {by.toString()})
2024-04-17 18:44:59,314 [main] INFO  base.BaseClass - Found Element By {by.toString()}
2024-04-17 18:44:59,850 [main] INFO  base.BaseClass - Trying to find Element By {by.toString()})
2024-04-17 18:44:59,881 [main] INFO  base.BaseClass - Found Element By {by.toString()}
2024-04-17 18:45:00,413 [main] INFO  base.BaseClass - Trying to find Element By {by.toString()})
2024-04-17 18:45:00,440 [main] INFO  base.BaseClass - Found Element By {by.toString()}
2024-04-17 18:45:00,976 [main] INFO  base.BaseClass - Trying to find Element By {by.toString()})
2024-04-17 18:45:01,004 [main] INFO  base.BaseClass - Found Element By {by.toString()}
2024-04-17 18:45:01,556 [main] INFO  base.BaseClass - Trying to find Element By {by.toString()})
2024-04-17 18:45:01,586 [main] INFO  base.BaseClass - Found Element By {by.toString()}
2024-04-17 18:45:02,134 [main] INFO  base.BaseClass - Trying to find Element By {by.toString()})
2024-04-17 18:45:02,161 [main] INFO  base.BaseClass - Found Element By {by.toString()}
2024-04-17 18:45:02,697 [main] INFO  base.BaseClass - Trying to find Element By {by.toString()})
2024-04-17 18:45:02,724 [main] INFO  base.BaseClass - Found Element By {by.toString()}
2024-04-17 18:45:03,277 [main] INFO  base.BaseClass - Trying to find Element By {by.toString()})
2024-04-17 18:45:03,304 [main] INFO  base.BaseClass - Found Element By {by.toString()}
2024-04-17 18:45:03,854 [main] INFO  base.BaseClass - Trying to find Element By {by.toString()})
2024-04-17 18:45:03,883 [main] INFO  base.BaseClass - Found Element By {by.toString()}
2024-04-17 18:45:04,416 [main] INFO  base.BaseClass - Trying to find Element By {by.toString()})
2024-04-17 18:45:04,444 [main] INFO  base.BaseClass - Found Element By {by.toString()}
2024-04-17 18:45:04,992 [main] INFO  base.BaseClass - Trying to find Element By {by.toString()})
2024-04-17 18:45:05,020 [main] INFO  base.BaseClass - Found Element By {by.toString()}
2024-04-17 18:45:05,568 [main] INFO  base.BaseClass - Trying to find Element By {by.toString()})
2024-04-17 18:45:05,597 [main] INFO  base.BaseClass - Found Element By {by.toString()}
2024-04-17 18:45:06,143 [main] INFO  base.BaseClass - Trying to find Element By {by.toString()})
2024-04-17 18:45:06,170 [main] INFO  base.BaseClass - Found Element By {by.toString()}
2024-04-17 18:45:06,709 [main] INFO  base.BaseClass - Trying to find Element By {by.toString()})
2024-04-17 18:45:06,737 [main] INFO  base.BaseClass - Found Element By {by.toString()}
2024-04-17 18:45:07,284 [main] INFO  base.BaseClass - Trying to find Element By {by.toString()})
2024-04-17 18:45:07,327 [main] INFO  base.BaseClass - Found Element By {by.toString()}
TimeoutException occurred: Expected condition failed: waiting for helper.WaitUtility$5@3268b3a2 (tried for 30 second(s) with 500 milliseconds interval)
Build info: version: '3.141.59', revision: 'e82be7d358', time: '2018-11-14T08:17:03'
System info: host: 'DPLAP166', ip: '137.237.2.236', os.name: 'Windows 10', os.arch: 'amd64', os.version: '10.0', java.version: '19.0.1'
Driver info: org.openqa.selenium.support.events.EventFiringWebDriver
Capabilities {acceptInsecureCerts: true, browserName: chrome, browserVersion: 123.0.6312.123, chrome: {chromedriverVersion: 123.0.6312.122 (31f8248cdd9..., userDataDir: C:\Users\dP-PL\AppData\Loca...}, fedcm:accounts: true, goog:chromeOptions: {debuggerAddress: localhost:51256}, javascriptEnabled: true, networkConnectionEnabled: false, pageLoadStrategy: normal, platform: WINDOWS, platformName: WINDOWS, proxy: Proxy(), setWindowRect: true, strictFileInteractability: false, timeouts: {implicit: 0, pageLoad: 300000, script: 30000}, unhandledPromptBehavior: dismiss and notify, webauthn:extension:credBlob: true, webauthn:extension:largeBlob: true, webauthn:extension:minPinLength: true, webauthn:extension:prf: true, webauthn:virtualAuthenticators: true}
Session ID: a59c4df4811f82049fe754efe723d3c1
2024-04-17 18:45:07,356 [main] ERROR RotationCopy_test - Element did not become visible within the specified time: Expected condition failed: waiting for helper.WaitUtility$5@3268b3a2 (tried for 30 second(s) with 500 milliseconds interval)
Build info: version: '3.141.59', revision: 'e82be7d358', time: '2018-11-14T08:17:03'
System info: host: 'DPLAP166', ip: '137.237.2.236', os.name: 'Windows 10', os.arch: 'amd64', os.version: '10.0', java.version: '19.0.1'
Driver info: org.openqa.selenium.support.events.EventFiringWebDriver
Capabilities {acceptInsecureCerts: true, browserName: chrome, browserVersion: 123.0.6312.123, chrome: {chromedriverVersion: 123.0.6312.122 (31f8248cdd9..., userDataDir: C:\Users\dP-PL\AppData\Loca...}, fedcm:accounts: true, goog:chromeOptions: {debuggerAddress: localhost:51256}, javascriptEnabled: true, networkConnectionEnabled: false, pageLoadStrategy: normal, platform: WINDOWS, platformName: WINDOWS, proxy: Proxy(), setWindowRect: true, strictFileInteractability: false, timeouts: {implicit: 0, pageLoad: 300000, script: 30000}, unhandledPromptBehavior: dismiss and notify, webauthn:extension:credBlob: true, webauthn:extension:largeBlob: true, webauthn:extension:minPinLength: true, webauthn:extension:prf: true, webauthn:virtualAuthenticators: true}
Session ID: a59c4df4811f82049fe754efe723d3c1
2024-04-17 18:45:07,356 [main] INFO  base.BaseClass - Trying to find Element By {by.toString()})
2024-04-17 18:45:07,369 [main] INFO  base.BaseClass - Found Element By {by.toString()}
2024-04-17 18:45:07,369 [main] INFO  base.BaseClass - Trying to click on: {element.toString()}
2024-04-17 18:45:07,535 [main] INFO  base.BaseClass - Clicked on: {element.toString()}
2024-04-17 18:45:07,535 [main] INFO  base.BaseClass - Trying to find Element By {by.toString()})
2024-04-17 18:45:08,538 [main] INFO  base.BaseClass - Found Element By {by.toString()}
2024-04-17 18:45:09,067 [main] INFO  base.BaseClass - Trying to find Element By {by.toString()})
2024-04-17 18:45:09,101 [main] INFO  base.BaseClass - Found Element By {by.toString()}
2024-04-17 18:45:09,646 [main] INFO  base.BaseClass - Trying to find Element By {by.toString()})
2024-04-17 18:45:09,679 [main] INFO  base.BaseClass - Found Element By {by.toString()}
2024-04-17 18:45:10,207 [main] INFO  base.BaseClass - Trying to find Element By {by.toString()})
2024-04-17 18:45:10,237 [main] INFO  base.BaseClass - Found Element By {by.toString()}
2024-04-17 18:45:10,786 [main] INFO  base.BaseClass - Trying to find Element By {by.toString()})
2024-04-17 18:45:10,817 [main] INFO  base.BaseClass - Found Element By {by.toString()}
2024-04-17 18:45:11,360 [main] INFO  base.BaseClass - Trying to find Element By {by.toString()})
2024-04-17 18:45:11,388 [main] INFO  base.BaseClass - Found Element By {by.toString()}
2024-04-17 18:45:11,939 [main] INFO  base.BaseClass - Trying to find Element By {by.toString()})
2024-04-17 18:45:11,971 [main] INFO  base.BaseClass - Found Element By {by.toString()}
2024-04-17 18:45:12,503 [main] INFO  base.BaseClass - Trying to find Element By {by.toString()})
2024-04-17 18:45:12,537 [main] INFO  base.BaseClass - Found Element By {by.toString()}
2024-04-17 18:45:13,083 [main] INFO  base.BaseClass - Trying to find Element By {by.toString()})
2024-04-17 18:45:13,112 [main] INFO  base.BaseClass - Found Element By {by.toString()}
2024-04-17 18:45:13,657 [main] INFO  base.BaseClass - Trying to find Element By {by.toString()})
2024-04-17 18:45:13,672 [main] INFO  base.BaseClass - Found Element By {by.toString()}
2024-04-17 18:45:14,206 [main] INFO  base.BaseClass - Trying to find Element By {by.toString()})
2024-04-17 18:45:14,237 [main] INFO  base.BaseClass - Found Element By {by.toString()}
2024-04-17 18:45:14,786 [main] INFO  base.BaseClass - Trying to find Element By {by.toString()})
2024-04-17 18:45:14,817 [main] INFO  base.BaseClass - Found Element By {by.toString()}
2024-04-17 18:45:15,367 [main] INFO  base.BaseClass - Trying to find Element By {by.toString()})
2024-04-17 18:45:15,398 [main] INFO  base.BaseClass - Found Element By {by.toString()}
2024-04-17 18:45:15,947 [main] INFO  base.BaseClass - Trying to find Element By {by.toString()})
2024-04-17 18:45:15,977 [main] INFO  base.BaseClass - Found Element By {by.toString()}
2024-04-17 18:45:16,521 [main] INFO  base.BaseClass - Trying to find Element By {by.toString()})
2024-04-17 18:45:16,552 [main] INFO  base.BaseClass - Found Element By {by.toString()}
2024-04-17 18:45:17,101 [main] INFO  base.BaseClass - Trying to find Element By {by.toString()})
2024-04-17 18:45:17,132 [main] INFO  base.BaseClass - Found Element By {by.toString()}
2024-04-17 18:45:17,681 [main] INFO  base.BaseClass - Trying to find Element By {by.toString()})
2024-04-17 18:45:17,698 [main] INFO  base.BaseClass - Found Element By {by.toString()}
2024-04-17 18:45:18,229 [main] INFO  base.BaseClass - Trying to find Element By {by.toString()})
2024-04-17 18:45:18,259 [main] INFO  base.BaseClass - Found Element By {by.toString()}
2024-04-17 18:45:18,805 [main] INFO  base.BaseClass - Trying to find Element By {by.toString()})
2024-04-17 18:45:18,836 [main] INFO  base.BaseClass - Found Element By {by.toString()}
2024-04-17 18:45:19,383 [main] INFO  base.BaseClass - Trying to find Element By {by.toString()})
2024-04-17 18:45:19,414 [main] INFO  base.BaseClass - Found Element By {by.toString()}
2024-04-17 18:45:19,962 [main] INFO  base.BaseClass - Trying to find Element By {by.toString()})
2024-04-17 18:45:19,993 [main] INFO  base.BaseClass - Found Element By {by.toString()}
2024-04-17 18:45:20,539 [main] INFO  base.BaseClass - Trying to find Element By {by.toString()})
2024-04-17 18:45:20,570 [main] INFO  base.BaseClass - Found Element By {by.toString()}
2024-04-17 18:45:21,119 [main] INFO  base.BaseClass - Trying to find Element By {by.toString()})
2024-04-17 18:45:21,140 [main] INFO  base.BaseClass - Found Element By {by.toString()}
2024-04-17 18:45:21,664 [main] INFO  base.BaseClass - Trying to find Element By {by.toString()})
2024-04-17 18:45:21,693 [main] INFO  base.BaseClass - Found Element By {by.toString()}
2024-04-17 18:45:22,226 [main] INFO  base.BaseClass - Trying to find Element By {by.toString()})
2024-04-17 18:45:22,252 [main] INFO  base.BaseClass - Found Element By {by.toString()}
2024-04-17 18:45:22,788 [main] INFO  base.BaseClass - Trying to find Element By {by.toString()})
2024-04-17 18:45:22,818 [main] INFO  base.BaseClass - Found Element By {by.toString()}
2024-04-17 18:45:23,363 [main] INFO  base.BaseClass - Trying to find Element By {by.toString()})
2024-04-17 18:45:23,393 [main] INFO  base.BaseClass - Found Element By {by.toString()}
2024-04-17 18:45:23,942 [main] INFO  base.BaseClass - Trying to find Element By {by.toString()})
2024-04-17 18:45:23,972 [main] INFO  base.BaseClass - Found Element By {by.toString()}
2024-04-17 18:45:24,521 [main] INFO  base.BaseClass - Trying to find Element By {by.toString()})
2024-04-17 18:45:24,553 [main] INFO  base.BaseClass - Found Element By {by.toString()}
2024-04-17 18:45:25,098 [main] INFO  base.BaseClass - Trying to find Element By {by.toString()})
2024-04-17 18:45:25,121 [main] INFO  base.BaseClass - Found Element By {by.toString()}
2024-04-17 18:45:25,658 [main] INFO  base.BaseClass - Trying to find Element By {by.toString()})
2024-04-17 18:45:25,688 [main] INFO  base.BaseClass - Found Element By {by.toString()}
2024-04-17 18:45:26,239 [main] INFO  base.BaseClass - Trying to find Element By {by.toString()})
2024-04-17 18:45:26,269 [main] INFO  base.BaseClass - Found Element By {by.toString()}
2024-04-17 18:45:26,819 [main] INFO  base.BaseClass - Trying to find Element By {by.toString()})
2024-04-17 18:45:26,850 [main] INFO  base.BaseClass - Found Element By {by.toString()}
2024-04-17 18:45:27,396 [main] INFO  base.BaseClass - Trying to find Element By {by.toString()})
2024-04-17 18:45:27,427 [main] INFO  base.BaseClass - Found Element By {by.toString()}
2024-04-17 18:45:27,975 [main] INFO  base.BaseClass - Trying to find Element By {by.toString()})
2024-04-17 18:45:28,004 [main] INFO  base.BaseClass - Found Element By {by.toString()}
2024-04-17 18:45:28,552 [main] INFO  base.BaseClass - Trying to find Element By {by.toString()})
2024-04-17 18:45:28,583 [main] INFO  base.BaseClass - Found Element By {by.toString()}
2024-04-17 18:45:29,128 [main] INFO  base.BaseClass - Trying to find Element By {by.toString()})
2024-04-17 18:45:29,148 [main] INFO  base.BaseClass - Found Element By {by.toString()}
2024-04-17 18:45:29,678 [main] INFO  base.BaseClass - Trying to find Element By {by.toString()})
2024-04-17 18:45:29,714 [main] INFO  base.BaseClass - Found Element By {by.toString()}
2024-04-17 18:45:30,245 [main] INFO  base.BaseClass - Trying to find Element By {by.toString()})
2024-04-17 18:45:30,275 [main] INFO  base.BaseClass - Found Element By {by.toString()}
2024-04-17 18:45:30,821 [main] INFO  base.BaseClass - Trying to find Element By {by.toString()})
2024-04-17 18:45:30,853 [main] INFO  base.BaseClass - Found Element By {by.toString()}
2024-04-17 18:45:31,400 [main] INFO  base.BaseClass - Trying to find Element By {by.toString()})
2024-04-17 18:45:31,427 [main] INFO  base.BaseClass - Found Element By {by.toString()}
2024-04-17 18:45:31,949 [main] INFO  base.BaseClass - Trying to find Element By {by.toString()})
2024-04-17 18:45:32,017 [main] INFO  base.BaseClass - Found Element By {by.toString()}
2024-04-17 18:45:32,579 [main] INFO  base.BaseClass - Trying to find Element By {by.toString()})
2024-04-17 18:45:32,609 [main] INFO  base.BaseClass - Found Element By {by.toString()}
2024-04-17 18:45:33,158 [main] INFO  base.BaseClass - Trying to find Element By {by.toString()})
2024-04-17 18:45:33,180 [main] INFO  base.BaseClass - Found Element By {by.toString()}
2024-04-17 18:45:33,720 [main] INFO  base.BaseClass - Trying to find Element By {by.toString()})
2024-04-17 18:45:33,751 [main] INFO  base.BaseClass - Found Element By {by.toString()}
2024-04-17 18:45:34,301 [main] INFO  base.BaseClass - Trying to find Element By {by.toString()})
2024-04-17 18:45:34,332 [main] INFO  base.BaseClass - Found Element By {by.toString()}
2024-04-17 18:45:34,881 [main] INFO  base.BaseClass - Trying to find Element By {by.toString()})
2024-04-17 18:45:34,912 [main] INFO  base.BaseClass - Found Element By {by.toString()}
2024-04-17 18:45:35,465 [main] INFO  base.BaseClass - Trying to find Element By {by.toString()})
2024-04-17 18:45:36,177 [main] INFO  base.BaseClass - Found Element By {by.toString()}
2024-04-17 18:45:36,713 [main] INFO  base.BaseClass - Trying to find Element By {by.toString()})
2024-04-17 18:45:36,744 [main] INFO  base.BaseClass - Found Element By {by.toString()}
2024-04-17 18:45:37,274 [main] INFO  base.BaseClass - Trying to find Element By {by.toString()})
2024-04-17 18:45:37,306 [main] INFO  base.BaseClass - Found Element By {by.toString()}
2024-04-17 18:45:37,853 [main] INFO  base.BaseClass - Trying to find Element By {by.toString()})
2024-04-17 18:45:37,883 [main] INFO  base.BaseClass - Found Element By {by.toString()}
TimeoutException occurred: Expected condition failed: waiting for helper.WaitUtility$5@174122b2 (tried for 30 second(s) with 500 milliseconds interval)
Build info: version: '3.141.59', revision: 'e82be7d358', time: '2018-11-14T08:17:03'
System info: host: 'DPLAP166', ip: '137.237.2.236', os.name: 'Windows 10', os.arch: 'amd64', os.version: '10.0', java.version: '19.0.1'
Driver info: org.openqa.selenium.support.events.EventFiringWebDriver
Capabilities {acceptInsecureCerts: true, browserName: chrome, browserVersion: 123.0.6312.123, chrome: {chromedriverVersion: 123.0.6312.122 (31f8248cdd9..., userDataDir: C:\Users\dP-PL\AppData\Loca...}, fedcm:accounts: true, goog:chromeOptions: {debuggerAddress: localhost:51256}, javascriptEnabled: true, networkConnectionEnabled: false, pageLoadStrategy: normal, platform: WINDOWS, platformName: WINDOWS, proxy: Proxy(), setWindowRect: true, strictFileInteractability: false, timeouts: {implicit: 0, pageLoad: 300000, script: 30000}, unhandledPromptBehavior: dismiss and notify, webauthn:extension:credBlob: true, webauthn:extension:largeBlob: true, webauthn:extension:minPinLength: true, webauthn:extension:prf: true, webauthn:virtualAuthenticators: true}
Session ID: a59c4df4811f82049fe754efe723d3c1
2024-04-17 18:45:37,926 [main] ERROR RotationCopy_test - Element did not become visible within the specified time: Expected condition failed: waiting for helper.WaitUtility$5@174122b2 (tried for 30 second(s) with 500 milliseconds interval)
Build info: version: '3.141.59', revision: 'e82be7d358', time: '2018-11-14T08:17:03'
System info: host: 'DPLAP166', ip: '137.237.2.236', os.name: 'Windows 10', os.arch: 'amd64', os.version: '10.0', java.version: '19.0.1'
Driver info: org.openqa.selenium.support.events.EventFiringWebDriver
Capabilities {acceptInsecureCerts: true, browserName: chrome, browserVersion: 123.0.6312.123, chrome: {chromedriverVersion: 123.0.6312.122 (31f8248cdd9..., userDataDir: C:\Users\dP-PL\AppData\Loca...}, fedcm:accounts: true, goog:chromeOptions: {debuggerAddress: localhost:51256}, javascriptEnabled: true, networkConnectionEnabled: false, pageLoadStrategy: normal, platform: WINDOWS, platformName: WINDOWS, proxy: Proxy(), setWindowRect: true, strictFileInteractability: false, timeouts: {implicit: 0, pageLoad: 300000, script: 30000}, unhandledPromptBehavior: dismiss and notify, webauthn:extension:credBlob: true, webauthn:extension:largeBlob: true, webauthn:extension:minPinLength: true, webauthn:extension:prf: true, webauthn:virtualAuthenticators: true}
Session ID: a59c4df4811f82049fe754efe723d3c1
2024-04-17 18:45:37,926 [main] INFO  base.BaseClass - Trying to find Element By {by.toString()})
2024-04-17 18:45:37,948 [main] INFO  base.BaseClass - Found Element By {by.toString()}
2024-04-17 18:45:37,948 [main] INFO  base.BaseClass - Trying to click on: {element.toString()}
2024-04-17 18:45:38,098 [main] INFO  base.BaseClass - Clicked on: {element.toString()}
2024-04-17 18:45:38,098 [main] INFO  base.BaseClass - Trying to find Element By {by.toString()})
2024-04-17 18:45:38,115 [main] INFO  base.BaseClass - Found Element By {by.toString()}
2024-04-17 18:45:38,645 [main] INFO  base.BaseClass - Trying to find Element By {by.toString()})
2024-04-17 18:45:38,678 [main] INFO  base.BaseClass - Found Element By {by.toString()}
2024-04-17 18:45:39,223 [main] INFO  base.BaseClass - Trying to find Element By {by.toString()})
2024-04-17 18:45:39,244 [main] INFO  base.BaseClass - Found Element By {by.toString()}
2024-04-17 18:45:39,785 [main] INFO  base.BaseClass - Trying to find Element By {by.toString()})
2024-04-17 18:45:39,817 [main] INFO  base.BaseClass - Found Element By {by.toString()}
2024-04-17 18:45:40,361 [main] INFO  base.BaseClass - Trying to find Element By {by.toString()})
2024-04-17 18:45:40,383 [main] INFO  base.BaseClass - Found Element By {by.toString()}
2024-04-17 18:45:40,905 [main] INFO  base.BaseClass - Trying to find Element By {by.toString()})
2024-04-17 18:45:40,938 [main] INFO  base.BaseClass - Found Element By {by.toString()}
2024-04-17 18:45:41,488 [main] INFO  base.BaseClass - Trying to find Element By {by.toString()})
2024-04-17 18:45:41,520 [main] INFO  base.BaseClass - Found Element By {by.toString()}
2024-04-17 18:45:42,068 [main] INFO  base.BaseClass - Trying to find Element By {by.toString()})
2024-04-17 18:45:42,099 [main] INFO  base.BaseClass - Found Element By {by.toString()}
2024-04-17 18:45:42,645 [main] INFO  base.BaseClass - Trying to find Element By {by.toString()})
2024-04-17 18:45:42,675 [main] INFO  base.BaseClass - Found Element By {by.toString()}
2024-04-17 18:45:43,221 [main] INFO  base.BaseClass - Trying to find Element By {by.toString()})
2024-04-17 18:45:43,251 [main] INFO  base.BaseClass - Found Element By {by.toString()}
2024-04-17 18:45:43,784 [main] INFO  base.BaseClass - Trying to find Element By {by.toString()})
2024-04-17 18:45:43,814 [main] INFO  base.BaseClass - Found Element By {by.toString()}
2024-04-17 18:45:44,360 [main] INFO  base.BaseClass - Trying to find Element By {by.toString()})
2024-04-17 18:45:44,390 [main] INFO  base.BaseClass - Found Element By {by.toString()}
2024-04-17 18:45:44,939 [main] INFO  base.BaseClass - Trying to find Element By {by.toString()})
2024-04-17 18:45:44,970 [main] INFO  base.BaseClass - Found Element By {by.toString()}
2024-04-17 18:45:45,517 [main] INFO  base.BaseClass - Trying to find Element By {by.toString()})
2024-04-17 18:45:45,548 [main] INFO  base.BaseClass - Found Element By {by.toString()}
2024-04-17 18:45:46,093 [main] INFO  base.BaseClass - Trying to find Element By {by.toString()})
2024-04-17 18:45:46,189 [main] INFO  base.BaseClass - Found Element By {by.toString()}
2024-04-17 18:45:46,717 [main] INFO  base.BaseClass - Trying to find Element By {by.toString()})
2024-04-17 18:45:46,748 [main] INFO  base.BaseClass - Found Element By {by.toString()}
2024-04-17 18:45:47,295 [main] INFO  base.BaseClass - Trying to find Element By {by.toString()})
2024-04-17 18:45:47,322 [main] INFO  base.BaseClass - Found Element By {by.toString()}
2024-04-17 18:45:47,871 [main] INFO  base.BaseClass - Trying to find Element By {by.toString()})
2024-04-17 18:45:47,901 [main] INFO  base.BaseClass - Found Element By {by.toString()}
2024-04-17 18:45:48,447 [main] INFO  base.BaseClass - Trying to find Element By {by.toString()})
2024-04-17 18:45:48,478 [main] INFO  base.BaseClass - Found Element By {by.toString()}
2024-04-17 18:45:49,028 [main] INFO  base.BaseClass - Trying to find Element By {by.toString()})
2024-04-17 18:45:49,057 [main] INFO  base.BaseClass - Found Element By {by.toString()}
2024-04-17 18:45:49,607 [main] INFO  base.BaseClass - Trying to find Element By {by.toString()})
2024-04-17 18:45:49,637 [main] INFO  base.BaseClass - Found Element By {by.toString()}
2024-04-17 18:45:50,185 [main] INFO  base.BaseClass - Trying to find Element By {by.toString()})
2024-04-17 18:45:50,207 [main] INFO  base.BaseClass - Found Element By {by.toString()}
2024-04-17 18:45:50,748 [main] INFO  base.BaseClass - Trying to find Element By {by.toString()})
2024-04-17 18:45:50,778 [main] INFO  base.BaseClass - Found Element By {by.toString()}
2024-04-17 18:45:51,325 [main] INFO  base.BaseClass - Trying to find Element By {by.toString()})
2024-04-17 18:45:51,342 [main] INFO  base.BaseClass - Found Element By {by.toString()}
2024-04-17 18:45:51,876 [main] INFO  base.BaseClass - Trying to find Element By {by.toString()})
2024-04-17 18:45:51,906 [main] INFO  base.BaseClass - Found Element By {by.toString()}
2024-04-17 18:45:52,455 [main] INFO  base.BaseClass - Trying to find Element By {by.toString()})
2024-04-17 18:45:52,485 [main] INFO  base.BaseClass - Found Element By {by.toString()}
2024-04-17 18:45:53,021 [main] INFO  base.BaseClass - Trying to find Element By {by.toString()})
2024-04-17 18:45:53,052 [main] INFO  base.BaseClass - Found Element By {by.toString()}
2024-04-17 18:45:53,598 [main] INFO  base.BaseClass - Trying to find Element By {by.toString()})
2024-04-17 18:45:53,627 [main] INFO  base.BaseClass - Found Element By {by.toString()}
2024-04-17 18:45:54,161 [main] INFO  base.BaseClass - Trying to find Element By {by.toString()})
2024-04-17 18:45:54,191 [main] INFO  base.BaseClass - Found Element By {by.toString()}
2024-04-17 18:45:54,737 [main] INFO  base.BaseClass - Trying to find Element By {by.toString()})
2024-04-17 18:45:54,767 [main] INFO  base.BaseClass - Found Element By {by.toString()}
2024-04-17 18:45:55,317 [main] INFO  base.BaseClass - Trying to find Element By {by.toString()})
2024-04-17 18:45:55,344 [main] INFO  base.BaseClass - Found Element By {by.toString()}
2024-04-17 18:45:55,878 [main] INFO  base.BaseClass - Trying to find Element By {by.toString()})
2024-04-17 18:45:55,911 [main] INFO  base.BaseClass - Found Element By {by.toString()}
2024-04-17 18:45:56,443 [main] INFO  base.BaseClass - Trying to find Element By {by.toString()})
2024-04-17 18:45:56,474 [main] INFO  base.BaseClass - Found Element By {by.toString()}
2024-04-17 18:45:57,019 [main] INFO  base.BaseClass - Trying to find Element By {by.toString()})
2024-04-17 18:45:57,050 [main] INFO  base.BaseClass - Found Element By {by.toString()}
2024-04-17 18:45:57,596 [main] INFO  base.BaseClass - Trying to find Element By {by.toString()})
2024-04-17 18:45:57,626 [main] INFO  base.BaseClass - Found Element By {by.toString()}
2024-04-17 18:45:58,177 [main] INFO  base.BaseClass - Trying to find Element By {by.toString()})
2024-04-17 18:45:58,197 [main] INFO  base.BaseClass - Found Element By {by.toString()}
2024-04-17 18:45:58,726 [main] INFO  base.BaseClass - Trying to find Element By {by.toString()})
2024-04-17 18:45:58,749 [main] INFO  base.BaseClass - Found Element By {by.toString()}
2024-04-17 18:45:59,286 [main] INFO  base.BaseClass - Trying to find Element By {by.toString()})
2024-04-17 18:45:59,316 [main] INFO  base.BaseClass - Found Element By {by.toString()}
2024-04-17 18:45:59,852 [main] INFO  base.BaseClass - Trying to find Element By {by.toString()})
2024-04-17 18:45:59,883 [main] INFO  base.BaseClass - Found Element By {by.toString()}
2024-04-17 18:46:00,428 [main] INFO  base.BaseClass - Trying to find Element By {by.toString()})
2024-04-17 18:46:00,458 [main] INFO  base.BaseClass - Found Element By {by.toString()}
2024-04-17 18:46:01,009 [main] INFO  base.BaseClass - Trying to find Element By {by.toString()})
2024-04-17 18:46:01,076 [main] INFO  base.BaseClass - Found Element By {by.toString()}
2024-04-17 18:46:01,650 [main] INFO  base.BaseClass - Trying to find Element By {by.toString()})
2024-04-17 18:46:01,681 [main] INFO  base.BaseClass - Found Element By {by.toString()}
2024-04-17 18:46:02,231 [main] INFO  base.BaseClass - Trying to find Element By {by.toString()})
2024-04-17 18:46:02,262 [main] INFO  base.BaseClass - Found Element By {by.toString()}
2024-04-17 18:46:02,811 [main] INFO  base.BaseClass - Trying to find Element By {by.toString()})
2024-04-17 18:46:02,841 [main] INFO  base.BaseClass - Found Element By {by.toString()}
2024-04-17 18:46:03,392 [main] INFO  base.BaseClass - Trying to find Element By {by.toString()})
2024-04-17 18:46:03,414 [main] INFO  base.BaseClass - Found Element By {by.toString()}
2024-04-17 18:46:03,957 [main] INFO  base.BaseClass - Trying to find Element By {by.toString()})
2024-04-17 18:46:03,986 [main] INFO  base.BaseClass - Found Element By {by.toString()}
2024-04-17 18:46:04,533 [main] INFO  base.BaseClass - Trying to find Element By {by.toString()})
2024-04-17 18:46:04,564 [main] INFO  base.BaseClass - Found Element By {by.toString()}
2024-04-17 18:46:05,113 [main] INFO  base.BaseClass - Trying to find Element By {by.toString()})
2024-04-17 18:46:05,143 [main] INFO  base.BaseClass - Found Element By {by.toString()}
2024-04-17 18:46:05,689 [main] INFO  base.BaseClass - Trying to find Element By {by.toString()})
2024-04-17 18:46:05,719 [main] INFO  base.BaseClass - Found Element By {by.toString()}
2024-04-17 18:46:06,268 [main] INFO  base.BaseClass - Trying to find Element By {by.toString()})
2024-04-17 18:46:06,298 [main] INFO  base.BaseClass - Found Element By {by.toString()}
2024-04-17 18:46:06,845 [main] INFO  base.BaseClass - Trying to find Element By {by.toString()})
2024-04-17 18:46:06,875 [main] INFO  base.BaseClass - Found Element By {by.toString()}
2024-04-17 18:46:07,408 [main] INFO  base.BaseClass - Trying to find Element By {by.toString()})
2024-04-17 18:46:07,435 [main] INFO  base.BaseClass - Found Element By {by.toString()}
2024-04-17 18:46:07,969 [main] INFO  base.BaseClass - Trying to find Element By {by.toString()})
2024-04-17 18:46:07,999 [main] INFO  base.BaseClass - Found Element By {by.toString()}
2024-04-17 18:46:08,548 [main] INFO  base.BaseClass - Trying to find Element By {by.toString()})
2024-04-17 18:46:08,579 [main] INFO  base.BaseClass - Found Element By {by.toString()}
TimeoutException occurred: Expected condition failed: waiting for helper.WaitUtility$5@408511b2 (tried for 30 second(s) with 500 milliseconds interval)
Build info: version: '3.141.59', revision: 'e82be7d358', time: '2018-11-14T08:17:03'
System info: host: 'DPLAP166', ip: '137.237.2.236', os.name: 'Windows 10', os.arch: 'amd64', os.version: '10.0', java.version: '19.0.1'
Driver info: org.openqa.selenium.support.events.EventFiringWebDriver
Capabilities {acceptInsecureCerts: true, browserName: chrome, browserVersion: 123.0.6312.123, chrome: {chromedriverVersion: 123.0.6312.122 (31f8248cdd9..., userDataDir: C:\Users\dP-PL\AppData\Loca...}, fedcm:accounts: true, goog:chromeOptions: {debuggerAddress: localhost:51256}, javascriptEnabled: true, networkConnectionEnabled: false, pageLoadStrategy: normal, platform: WINDOWS, platformName: WINDOWS, proxy: Proxy(), setWindowRect: true, strictFileInteractability: false, timeouts: {implicit: 0, pageLoad: 300000, script: 30000}, unhandledPromptBehavior: dismiss and notify, webauthn:extension:credBlob: true, webauthn:extension:largeBlob: true, webauthn:extension:minPinLength: true, webauthn:extension:prf: true, webauthn:virtualAuthenticators: true}
Session ID: a59c4df4811f82049fe754efe723d3c1
2024-04-17 18:46:08,620 [main] ERROR RotationCopy_test - Element did not become visible within the specified time: Expected condition failed: waiting for helper.WaitUtility$5@408511b2 (tried for 30 second(s) with 500 milliseconds interval)
Build info: version: '3.141.59', revision: 'e82be7d358', time: '2018-11-14T08:17:03'
System info: host: 'DPLAP166', ip: '137.237.2.236', os.name: 'Windows 10', os.arch: 'amd64', os.version: '10.0', java.version: '19.0.1'
Driver info: org.openqa.selenium.support.events.EventFiringWebDriver
Capabilities {acceptInsecureCerts: true, browserName: chrome, browserVersion: 123.0.6312.123, chrome: {chromedriverVersion: 123.0.6312.122 (31f8248cdd9..., userDataDir: C:\Users\dP-PL\AppData\Loca...}, fedcm:accounts: true, goog:chromeOptions: {debuggerAddress: localhost:51256}, javascriptEnabled: true, networkConnectionEnabled: false, pageLoadStrategy: normal, platform: WINDOWS, platformName: WINDOWS, proxy: Proxy(), setWindowRect: true, strictFileInteractability: false, timeouts: {implicit: 0, pageLoad: 300000, script: 30000}, unhandledPromptBehavior: dismiss and notify, webauthn:extension:credBlob: true, webauthn:extension:largeBlob: true, webauthn:extension:minPinLength: true, webauthn:extension:prf: true, webauthn:virtualAuthenticators: true}
Session ID: a59c4df4811f82049fe754efe723d3c1
2024-04-17 18:46:08,620 [main] INFO  base.BaseClass - Trying to find Element By {by.toString()})
2024-04-17 18:46:08,649 [main] INFO  base.BaseClass - Found Element By {by.toString()}
2024-04-17 18:46:08,650 [main] INFO  base.BaseClass - Trying to click on: {element.toString()}
2024-04-17 18:46:08,876 [main] INFO  base.BaseClass - Clicked on: {element.toString()}
2024-04-17 18:46:08,882 [main] INFO  base.BaseClass - Trying to find Element By {by.toString()})
2024-04-17 18:46:08,899 [main] INFO  base.BaseClass - Found Element By {by.toString()}
2024-04-17 18:46:09,424 [main] INFO  base.BaseClass - Trying to find Element By {by.toString()})
2024-04-17 18:46:09,446 [main] INFO  base.BaseClass - Found Element By {by.toString()}
2024-04-17 18:46:09,972 [main] INFO  base.BaseClass - Trying to find Element By {by.toString()})
2024-04-17 18:46:10,004 [main] INFO  base.BaseClass - Found Element By {by.toString()}
2024-04-17 18:46:10,549 [main] INFO  base.BaseClass - Trying to find Element By {by.toString()})
2024-04-17 18:46:10,579 [main] INFO  base.BaseClass - Found Element By {by.toString()}
2024-04-17 18:46:11,220 [main] INFO  base.BaseClass - Trying to find Element By {by.toString()})
2024-04-17 18:46:11,252 [main] INFO  base.BaseClass - Found Element By {by.toString()}
2024-04-17 18:46:11,799 [main] INFO  base.BaseClass - Trying to find Element By {by.toString()})
2024-04-17 18:46:11,829 [main] INFO  base.BaseClass - Found Element By {by.toString()}
2024-04-17 18:46:12,375 [main] INFO  base.BaseClass - Trying to find Element By {by.toString()})
2024-04-17 18:46:12,401 [main] INFO  base.BaseClass - Found Element By {by.toString()}
2024-04-17 18:46:12,955 [main] INFO  base.BaseClass - Trying to find Element By {by.toString()})
2024-04-17 18:46:12,983 [main] INFO  base.BaseClass - Found Element By {by.toString()}
2024-04-17 18:46:13,535 [main] INFO  base.BaseClass - Trying to find Element By {by.toString()})
2024-04-17 18:46:13,563 [main] INFO  base.BaseClass - Found Element By {by.toString()}
2024-04-17 18:46:14,115 [main] INFO  base.BaseClass - Trying to find Element By {by.toString()})
2024-04-17 18:46:14,146 [main] INFO  base.BaseClass - Found Element By {by.toString()}
2024-04-17 18:46:14,691 [main] INFO  base.BaseClass - Trying to find Element By {by.toString()})
2024-04-17 18:46:14,718 [main] INFO  base.BaseClass - Found Element By {by.toString()}
2024-04-17 18:46:15,271 [main] INFO  base.BaseClass - Trying to find Element By {by.toString()})
2024-04-17 18:46:15,300 [main] INFO  base.BaseClass - Found Element By {by.toString()}
2024-04-17 18:46:15,847 [main] INFO  base.BaseClass - Trying to find Element By {by.toString()})
2024-04-17 18:46:15,875 [main] INFO  base.BaseClass - Found Element By {by.toString()}
2024-04-17 18:46:16,425 [main] INFO  base.BaseClass - Trying to find Element By {by.toString()})
2024-04-17 18:46:16,454 [main] INFO  base.BaseClass - Found Element By {by.toString()}
2024-04-17 18:46:17,003 [main] INFO  base.BaseClass - Trying to find Element By {by.toString()})
2024-04-17 18:46:17,032 [main] INFO  base.BaseClass - Found Element By {by.toString()}
2024-04-17 18:46:17,583 [main] INFO  base.BaseClass - Trying to find Element By {by.toString()})
2024-04-17 18:46:17,611 [main] INFO  base.BaseClass - Found Element By {by.toString()}
2024-04-17 18:46:18,160 [main] INFO  base.BaseClass - Trying to find Element By {by.toString()})
2024-04-17 18:46:18,187 [main] INFO  base.BaseClass - Found Element By {by.toString()}
2024-04-17 18:46:18,742 [main] INFO  base.BaseClass - Trying to find Element By {by.toString()})
2024-04-17 18:46:18,769 [main] INFO  base.BaseClass - Found Element By {by.toString()}
2024-04-17 18:46:19,321 [main] INFO  base.BaseClass - Trying to find Element By {by.toString()})
2024-04-17 18:46:20,202 [main] INFO  base.BaseClass - Found Element By {by.toString()}
2024-04-17 18:46:20,746 [main] INFO  base.BaseClass - Trying to find Element By {by.toString()})
2024-04-17 18:46:20,763 [main] INFO  base.BaseClass - Found Element By {by.toString()}
2024-04-17 18:46:21,311 [main] INFO  base.BaseClass - Trying to find Element By {by.toString()})
2024-04-17 18:46:21,340 [main] INFO  base.BaseClass - Found Element By {by.toString()}
2024-04-17 18:46:21,892 [main] INFO  base.BaseClass - Trying to find Element By {by.toString()})
2024-04-17 18:46:21,912 [main] INFO  base.BaseClass - Found Element By {by.toString()}
2024-04-17 18:46:22,441 [main] INFO  base.BaseClass - Trying to find Element By {by.toString()})
2024-04-17 18:46:22,448 [main] INFO  base.BaseClass - Found Element By {by.toString()}
2024-04-17 18:46:22,974 [main] INFO  base.BaseClass - Trying to find Element By {by.toString()})
2024-04-17 18:46:23,001 [main] INFO  base.BaseClass - Found Element By {by.toString()}
2024-04-17 18:46:23,552 [main] INFO  base.BaseClass - Trying to find Element By {by.toString()})
2024-04-17 18:46:23,580 [main] INFO  base.BaseClass - Found Element By {by.toString()}
2024-04-17 18:46:24,113 [main] INFO  base.BaseClass - Trying to find Element By {by.toString()})
2024-04-17 18:46:24,131 [main] INFO  base.BaseClass - Found Element By {by.toString()}
2024-04-17 18:46:24,675 [main] INFO  base.BaseClass - Trying to find Element By {by.toString()})
2024-04-17 18:46:24,980 [main] INFO  base.BaseClass - Found Element By {by.toString()}
2024-04-17 18:46:25,532 [main] INFO  base.BaseClass - Trying to find Element By {by.toString()})
2024-04-17 18:46:25,562 [main] INFO  base.BaseClass - Found Element By {by.toString()}
2024-04-17 18:46:26,096 [main] INFO  base.BaseClass - Trying to find Element By {by.toString()})
2024-04-17 18:46:27,079 [main] INFO  base.BaseClass - Found Element By {by.toString()}
2024-04-17 18:46:27,623 [main] INFO  base.BaseClass - Trying to find Element By {by.toString()})
2024-04-17 18:46:27,643 [main] INFO  base.BaseClass - Found Element By {by.toString()}
2024-04-17 18:46:28,186 [main] INFO  base.BaseClass - Trying to find Element By {by.toString()})
2024-04-17 18:46:28,213 [main] INFO  base.BaseClass - Found Element By {by.toString()}
2024-04-17 18:46:28,763 [main] INFO  base.BaseClass - Trying to find Element By {by.toString()})
2024-04-17 18:46:28,777 [main] INFO  base.BaseClass - Found Element By {by.toString()}
2024-04-17 18:46:29,296 [main] INFO  base.BaseClass - Trying to find Element By {by.toString()})
2024-04-17 18:46:29,326 [main] INFO  base.BaseClass - Found Element By {by.toString()}
2024-04-17 18:46:29,859 [main] INFO  base.BaseClass - Trying to find Element By {by.toString()})
2024-04-17 18:46:29,891 [main] INFO  base.BaseClass - Found Element By {by.toString()}
2024-04-17 18:46:30,436 [main] INFO  base.BaseClass - Trying to find Element By {by.toString()})
2024-04-17 18:46:30,468 [main] INFO  base.BaseClass - Found Element By {by.toString()}
2024-04-17 18:46:31,014 [main] INFO  base.BaseClass - Trying to find Element By {by.toString()})
2024-04-17 18:46:31,045 [main] INFO  base.BaseClass - Found Element By {by.toString()}
2024-04-17 18:46:31,597 [main] INFO  base.BaseClass - Trying to find Element By {by.toString()})
2024-04-17 18:46:31,627 [main] INFO  base.BaseClass - Found Element By {by.toString()}
2024-04-17 18:46:32,176 [main] INFO  base.BaseClass - Trying to find Element By {by.toString()})
2024-04-17 18:46:32,203 [main] INFO  base.BaseClass - Found Element By {by.toString()}
2024-04-17 18:46:32,756 [main] INFO  base.BaseClass - Trying to find Element By {by.toString()})
2024-04-17 18:46:32,783 [main] INFO  base.BaseClass - Found Element By {by.toString()}
2024-04-17 18:46:33,339 [main] INFO  base.BaseClass - Trying to find Element By {by.toString()})
2024-04-17 18:46:33,367 [main] INFO  base.BaseClass - Found Element By {by.toString()}
2024-04-17 18:46:33,921 [main] INFO  base.BaseClass - Trying to find Element By {by.toString()})
2024-04-17 18:46:33,950 [main] INFO  base.BaseClass - Found Element By {by.toString()}
2024-04-17 18:46:34,501 [main] INFO  base.BaseClass - Trying to find Element By {by.toString()})
2024-04-17 18:46:34,534 [main] INFO  base.BaseClass - Found Element By {by.toString()}
2024-04-17 18:46:35,082 [main] INFO  base.BaseClass - Trying to find Element By {by.toString()})
2024-04-17 18:46:35,112 [main] INFO  base.BaseClass - Found Element By {by.toString()}
2024-04-17 18:46:35,662 [main] INFO  base.BaseClass - Trying to find Element By {by.toString()})
2024-04-17 18:46:35,679 [main] INFO  base.BaseClass - Found Element By {by.toString()}
2024-04-17 18:46:36,211 [main] INFO  base.BaseClass - Trying to find Element By {by.toString()})
2024-04-17 18:46:36,240 [main] INFO  base.BaseClass - Found Element By {by.toString()}
2024-04-17 18:46:36,773 [main] INFO  base.BaseClass - Trying to find Element By {by.toString()})
2024-04-17 18:46:36,800 [main] INFO  base.BaseClass - Found Element By {by.toString()}
2024-04-17 18:46:37,354 [main] INFO  base.BaseClass - Trying to find Element By {by.toString()})
2024-04-17 18:46:37,381 [main] INFO  base.BaseClass - Found Element By {by.toString()}
2024-04-17 18:46:37,927 [main] INFO  base.BaseClass - Trying to find Element By {by.toString()})
2024-04-17 18:46:37,955 [main] INFO  base.BaseClass - Found Element By {by.toString()}
2024-04-17 18:46:38,488 [main] INFO  base.BaseClass - Trying to find Element By {by.toString()})
2024-04-17 18:46:38,515 [main] INFO  base.BaseClass - Found Element By {by.toString()}
2024-04-17 18:46:39,051 [main] INFO  base.BaseClass - Trying to find Element By {by.toString()})
2024-04-17 18:46:39,078 [main] INFO  base.BaseClass - Found Element By {by.toString()}
TimeoutException occurred: Expected condition failed: waiting for helper.WaitUtility$5@6f588f6 (tried for 30 second(s) with 500 milliseconds interval)
Build info: version: '3.141.59', revision: 'e82be7d358', time: '2018-11-14T08:17:03'
System info: host: 'DPLAP166', ip: '137.237.2.236', os.name: 'Windows 10', os.arch: 'amd64', os.version: '10.0', java.version: '19.0.1'
Driver info: org.openqa.selenium.support.events.EventFiringWebDriver
Capabilities {acceptInsecureCerts: true, browserName: chrome, browserVersion: 123.0.6312.123, chrome: {chromedriverVersion: 123.0.6312.122 (31f8248cdd9..., userDataDir: C:\Users\dP-PL\AppData\Loca...}, fedcm:accounts: true, goog:chromeOptions: {debuggerAddress: localhost:51256}, javascriptEnabled: true, networkConnectionEnabled: false, pageLoadStrategy: normal, platform: WINDOWS, platformName: WINDOWS, proxy: Proxy(), setWindowRect: true, strictFileInteractability: false, timeouts: {implicit: 0, pageLoad: 300000, script: 30000}, unhandledPromptBehavior: dismiss and notify, webauthn:extension:credBlob: true, webauthn:extension:largeBlob: true, webauthn:extension:minPinLength: true, webauthn:extension:prf: true, webauthn:virtualAuthenticators: true}
Session ID: a59c4df4811f82049fe754efe723d3c1
2024-04-17 18:46:39,117 [main] ERROR RotationCopy_test - Element did not become visible within the specified time: Expected condition failed: waiting for helper.WaitUtility$5@6f588f6 (tried for 30 second(s) with 500 milliseconds interval)
Build info: version: '3.141.59', revision: 'e82be7d358', time: '2018-11-14T08:17:03'
System info: host: 'DPLAP166', ip: '137.237.2.236', os.name: 'Windows 10', os.arch: 'amd64', os.version: '10.0', java.version: '19.0.1'
Driver info: org.openqa.selenium.support.events.EventFiringWebDriver
Capabilities {acceptInsecureCerts: true, browserName: chrome, browserVersion: 123.0.6312.123, chrome: {chromedriverVersion: 123.0.6312.122 (31f8248cdd9..., userDataDir: C:\Users\dP-PL\AppData\Loca...}, fedcm:accounts: true, goog:chromeOptions: {debuggerAddress: localhost:51256}, javascriptEnabled: true, networkConnectionEnabled: false, pageLoadStrategy: normal, platform: WINDOWS, platformName: WINDOWS, proxy: Proxy(), setWindowRect: true, strictFileInteractability: false, timeouts: {implicit: 0, pageLoad: 300000, script: 30000}, unhandledPromptBehavior: dismiss and notify, webauthn:extension:credBlob: true, webauthn:extension:largeBlob: true, webauthn:extension:minPinLength: true, webauthn:extension:prf: true, webauthn:virtualAuthenticators: true}
Session ID: a59c4df4811f82049fe754efe723d3c1
2024-04-17 18:46:39,117 [main] INFO  base.BaseClass - Trying to find Element By {by.toString()})
2024-04-17 18:46:39,139 [main] INFO  base.BaseClass - Found Element By {by.toString()}
2024-04-17 18:46:39,139 [main] INFO  base.BaseClass - Trying to click on: {element.toString()}
2024-04-17 18:46:39,235 [main] INFO  base.BaseClass - Clicked on: {element.toString()}
2024-04-17 18:46:39,241 [main] INFO  base.BaseClass - Trying to find Element By {by.toString()})
2024-04-17 18:46:39,256 [main] INFO  base.BaseClass - Found Element By {by.toString()}
2024-04-17 18:46:39,785 [main] INFO  base.BaseClass - Trying to find Element By {by.toString()})
2024-04-17 18:46:40,122 [main] INFO  base.BaseClass - Found Element By {by.toString()}
2024-04-17 18:46:40,646 [main] INFO  base.BaseClass - Trying to find Element By {by.toString()})
2024-04-17 18:46:40,677 [main] INFO  base.BaseClass - Found Element By {by.toString()}
2024-04-17 18:46:41,212 [main] INFO  base.BaseClass - Trying to find Element By {by.toString()})
2024-04-17 18:46:41,244 [main] INFO  base.BaseClass - Found Element By {by.toString()}
2024-04-17 18:46:41,790 [main] INFO  base.BaseClass - Trying to find Element By {by.toString()})
2024-04-17 18:46:41,817 [main] INFO  base.BaseClass - Found Element By {by.toString()}
2024-04-17 18:46:42,374 [main] INFO  base.BaseClass - Trying to find Element By {by.toString()})
2024-04-17 18:46:42,401 [main] INFO  base.BaseClass - Found Element By {by.toString()}
2024-04-17 18:46:42,934 [main] INFO  base.BaseClass - Trying to find Element By {by.toString()})
2024-04-17 18:46:42,946 [main] INFO  base.BaseClass - Found Element By {by.toString()}
2024-04-17 18:46:43,466 [main] INFO  base.BaseClass - Trying to find Element By {by.toString()})
2024-04-17 18:46:43,477 [main] INFO  base.BaseClass - Found Element By {by.toString()}
2024-04-17 18:46:43,999 [main] INFO  base.BaseClass - Trying to find Element By {by.toString()})
2024-04-17 18:46:44,028 [main] INFO  base.BaseClass - Found Element By {by.toString()}
2024-04-17 18:46:44,580 [main] INFO  base.BaseClass - Trying to find Element By {by.toString()})
2024-04-17 18:46:44,609 [main] INFO  base.BaseClass - Found Element By {by.toString()}
2024-04-17 18:46:45,161 [main] INFO  base.BaseClass - Trying to find Element By {by.toString()})
2024-04-17 18:46:45,190 [main] INFO  base.BaseClass - Found Element By {by.toString()}
2024-04-17 18:46:45,738 [main] INFO  base.BaseClass - Trying to find Element By {by.toString()})
2024-04-17 18:46:45,759 [main] INFO  base.BaseClass - Found Element By {by.toString()}
2024-04-17 18:46:46,301 [main] INFO  base.BaseClass - Trying to find Element By {by.toString()})
2024-04-17 18:46:46,315 [main] INFO  base.BaseClass - Found Element By {by.toString()}
2024-04-17 18:46:46,850 [main] INFO  base.BaseClass - Trying to find Element By {by.toString()})
2024-04-17 18:46:46,880 [main] INFO  base.BaseClass - Found Element By {by.toString()}
2024-04-17 18:46:47,429 [main] INFO  base.BaseClass - Trying to find Element By {by.toString()})
2024-04-17 18:46:47,458 [main] INFO  base.BaseClass - Found Element By {by.toString()}
2024-04-17 18:46:48,005 [main] INFO  base.BaseClass - Trying to find Element By {by.toString()})
2024-04-17 18:46:48,032 [main] INFO  base.BaseClass - Found Element By {by.toString()}
2024-04-17 18:46:48,553 [main] INFO  base.BaseClass - Trying to find Element By {by.toString()})
2024-04-17 18:46:48,581 [main] INFO  base.BaseClass - Found Element By {by.toString()}
2024-04-17 18:46:49,131 [main] INFO  base.BaseClass - Trying to find Element By {by.toString()})
2024-04-17 18:46:49,160 [main] INFO  base.BaseClass - Found Element By {by.toString()}
2024-04-17 18:46:49,707 [main] INFO  base.BaseClass - Trying to find Element By {by.toString()})
2024-04-17 18:46:49,737 [main] INFO  base.BaseClass - Found Element By {by.toString()}
2024-04-17 18:46:50,287 [main] INFO  base.BaseClass - Trying to find Element By {by.toString()})
2024-04-17 18:46:50,313 [main] INFO  base.BaseClass - Found Element By {by.toString()}
2024-04-17 18:46:50,865 [main] INFO  base.BaseClass - Trying to find Element By {by.toString()})
2024-04-17 18:46:50,895 [main] INFO  base.BaseClass - Found Element By {by.toString()}
2024-04-17 18:46:51,444 [main] INFO  base.BaseClass - Trying to find Element By {by.toString()})
2024-04-17 18:46:51,473 [main] INFO  base.BaseClass - Found Element By {by.toString()}
2024-04-17 18:46:52,024 [main] INFO  base.BaseClass - Trying to find Element By {by.toString()})
2024-04-17 18:46:52,046 [main] INFO  base.BaseClass - Found Element By {by.toString()}
2024-04-17 18:46:52,588 [main] INFO  base.BaseClass - Trying to find Element By {by.toString()})
2024-04-17 18:46:52,617 [main] INFO  base.BaseClass - Found Element By {by.toString()}
2024-04-17 18:46:53,167 [main] INFO  base.BaseClass - Trying to find Element By {by.toString()})
2024-04-17 18:46:53,196 [main] INFO  base.BaseClass - Found Element By {by.toString()}
2024-04-17 18:46:53,742 [main] INFO  base.BaseClass - Trying to find Element By {by.toString()})
2024-04-17 18:46:53,769 [main] INFO  base.BaseClass - Found Element By {by.toString()}
2024-04-17 18:46:54,305 [main] INFO  base.BaseClass - Trying to find Element By {by.toString()})
2024-04-17 18:46:54,332 [main] INFO  base.BaseClass - Found Element By {by.toString()}
2024-04-17 18:46:54,881 [main] INFO  base.BaseClass - Trying to find Element By {by.toString()})
2024-04-17 18:46:54,945 [main] INFO  base.BaseClass - Found Element By {by.toString()}
2024-04-17 18:46:55,524 [main] INFO  base.BaseClass - Trying to find Element By {by.toString()})
2024-04-17 18:46:55,552 [main] INFO  base.BaseClass - Found Element By {by.toString()}
2024-04-17 18:46:56,102 [main] INFO  base.BaseClass - Trying to find Element By {by.toString()})
2024-04-17 18:46:56,131 [main] INFO  base.BaseClass - Found Element By {by.toString()}
2024-04-17 18:46:56,680 [main] INFO  base.BaseClass - Trying to find Element By {by.toString()})
2024-04-17 18:46:56,709 [main] INFO  base.BaseClass - Found Element By {by.toString()}
2024-04-17 18:46:57,260 [main] INFO  base.BaseClass - Trying to find Element By {by.toString()})
2024-04-17 18:46:57,288 [main] INFO  base.BaseClass - Found Element By {by.toString()}
2024-04-17 18:46:57,852 [main] INFO  base.BaseClass - Trying to find Element By {by.toString()})
2024-04-17 18:46:57,880 [main] INFO  base.BaseClass - Found Element By {by.toString()}
2024-04-17 18:46:58,430 [main] INFO  base.BaseClass - Trying to find Element By {by.toString()})
2024-04-17 18:46:58,459 [main] INFO  base.BaseClass - Found Element By {by.toString()}
2024-04-17 18:46:59,008 [main] INFO  base.BaseClass - Trying to find Element By {by.toString()})
2024-04-17 18:46:59,036 [main] INFO  base.BaseClass - Found Element By {by.toString()}
2024-04-17 18:46:59,584 [main] INFO  base.BaseClass - Trying to find Element By {by.toString()})
2024-04-17 18:46:59,612 [main] INFO  base.BaseClass - Found Element By {by.toString()}
2024-04-17 18:47:00,151 [main] INFO  base.BaseClass - Trying to find Element By {by.toString()})
2024-04-17 18:47:00,167 [main] INFO  base.BaseClass - Found Element By {by.toString()}
2024-04-17 18:47:00,702 [main] INFO  base.BaseClass - Trying to find Element By {by.toString()})
2024-04-17 18:47:00,729 [main] INFO  base.BaseClass - Found Element By {by.toString()}
2024-04-17 18:47:01,278 [main] INFO  base.BaseClass - Trying to find Element By {by.toString()})
2024-04-17 18:47:01,307 [main] INFO  base.BaseClass - Found Element By {by.toString()}
2024-04-17 18:47:01,857 [main] INFO  base.BaseClass - Trying to find Element By {by.toString()})
2024-04-17 18:47:01,882 [main] INFO  base.BaseClass - Found Element By {by.toString()}
2024-04-17 18:47:02,433 [main] INFO  base.BaseClass - Trying to find Element By {by.toString()})
2024-04-17 18:47:02,458 [main] INFO  base.BaseClass - Found Element By {by.toString()}
2024-04-17 18:47:02,982 [main] INFO  base.BaseClass - Trying to find Element By {by.toString()})
2024-04-17 18:47:03,011 [main] INFO  base.BaseClass - Found Element By {by.toString()}
2024-04-17 18:47:03,561 [main] INFO  base.BaseClass - Trying to find Element By {by.toString()})
2024-04-17 18:47:03,591 [main] INFO  base.BaseClass - Found Element By {by.toString()}
2024-04-17 18:47:04,143 [main] INFO  base.BaseClass - Trying to find Element By {by.toString()})
2024-04-17 18:47:04,171 [main] INFO  base.BaseClass - Found Element By {by.toString()}
2024-04-17 18:47:04,722 [main] INFO  base.BaseClass - Trying to find Element By {by.toString()})
2024-04-17 18:47:04,749 [main] INFO  base.BaseClass - Found Element By {by.toString()}
2024-04-17 18:47:05,301 [main] INFO  base.BaseClass - Trying to find Element By {by.toString()})
2024-04-17 18:47:05,334 [main] INFO  base.BaseClass - Found Element By {by.toString()}
2024-04-17 18:47:05,878 [main] INFO  base.BaseClass - Trying to find Element By {by.toString()})
2024-04-17 18:47:05,892 [main] INFO  base.BaseClass - Found Element By {by.toString()}
2024-04-17 18:47:06,424 [main] INFO  base.BaseClass - Trying to find Element By {by.toString()})
2024-04-17 18:47:06,443 [main] INFO  base.BaseClass - Found Element By {by.toString()}
2024-04-17 18:47:06,970 [main] INFO  base.BaseClass - Trying to find Element By {by.toString()})
2024-04-17 18:47:07,000 [main] INFO  base.BaseClass - Found Element By {by.toString()}
2024-04-17 18:47:07,547 [main] INFO  base.BaseClass - Trying to find Element By {by.toString()})
2024-04-17 18:47:07,572 [main] INFO  base.BaseClass - Found Element By {by.toString()}
2024-04-17 18:47:08,109 [main] INFO  base.BaseClass - Trying to find Element By {by.toString()})
2024-04-17 18:47:08,126 [main] INFO  base.BaseClass - Found Element By {by.toString()}
2024-04-17 18:47:08,656 [main] INFO  base.BaseClass - Trying to find Element By {by.toString()})
2024-04-17 18:47:08,665 [main] INFO  base.BaseClass - Found Element By {by.toString()}
2024-04-17 18:47:09,183 [main] INFO  base.BaseClass - Trying to find Element By {by.toString()})
2024-04-17 18:47:09,216 [main] INFO  base.BaseClass - Found Element By {by.toString()}
TimeoutException occurred: Expected condition failed: waiting for helper.WaitUtility$5@68cc5e2b (tried for 30 second(s) with 500 milliseconds interval)
Build info: version: '3.141.59', revision: 'e82be7d358', time: '2018-11-14T08:17:03'
System info: host: 'DPLAP166', ip: '137.237.2.236', os.name: 'Windows 10', os.arch: 'amd64', os.version: '10.0', java.version: '19.0.1'
Driver info: org.openqa.selenium.support.events.EventFiringWebDriver
Capabilities {acceptInsecureCerts: true, browserName: chrome, browserVersion: 123.0.6312.123, chrome: {chromedriverVersion: 123.0.6312.122 (31f8248cdd9..., userDataDir: C:\Users\dP-PL\AppData\Loca...}, fedcm:accounts: true, goog:chromeOptions: {debuggerAddress: localhost:51256}, javascriptEnabled: true, networkConnectionEnabled: false, pageLoadStrategy: normal, platform: WINDOWS, platformName: WINDOWS, proxy: Proxy(), setWindowRect: true, strictFileInteractability: false, timeouts: {implicit: 0, pageLoad: 300000, script: 30000}, unhandledPromptBehavior: dismiss and notify, webauthn:extension:credBlob: true, webauthn:extension:largeBlob: true, webauthn:extension:minPinLength: true, webauthn:extension:prf: true, webauthn:virtualAuthenticators: true}
Session ID: a59c4df4811f82049fe754efe723d3c1
2024-04-17 18:47:09,260 [main] ERROR RotationCopy_test - Element did not become visible within the specified time: Expected condition failed: waiting for helper.WaitUtility$5@68cc5e2b (tried for 30 second(s) with 500 milliseconds interval)
Build info: version: '3.141.59', revision: 'e82be7d358', time: '2018-11-14T08:17:03'
System info: host: 'DPLAP166', ip: '137.237.2.236', os.name: 'Windows 10', os.arch: 'amd64', os.version: '10.0', java.version: '19.0.1'
Driver info: org.openqa.selenium.support.events.EventFiringWebDriver
Capabilities {acceptInsecureCerts: true, browserName: chrome, browserVersion: 123.0.6312.123, chrome: {chromedriverVersion: 123.0.6312.122 (31f8248cdd9..., userDataDir: C:\Users\dP-PL\AppData\Loca...}, fedcm:accounts: true, goog:chromeOptions: {debuggerAddress: localhost:51256}, javascriptEnabled: true, networkConnectionEnabled: false, pageLoadStrategy: normal, platform: WINDOWS, platformName: WINDOWS, proxy: Proxy(), setWindowRect: true, strictFileInteractability: false, timeouts: {implicit: 0, pageLoad: 300000, script: 30000}, unhandledPromptBehavior: dismiss and notify, webauthn:extension:credBlob: true, webauthn:extension:largeBlob: true, webauthn:extension:minPinLength: true, webauthn:extension:prf: true, webauthn:virtualAuthenticators: true}
Session ID: a59c4df4811f82049fe754efe723d3c1
2024-04-17 18:47:09,261 [main] INFO  base.BaseClass - Trying to find Element By {by.toString()})
2024-04-17 18:47:09,285 [main] INFO  base.BaseClass - Found Element By {by.toString()}
2024-04-17 18:47:09,285 [main] INFO  base.BaseClass - Trying to click on: {element.toString()}
2024-04-17 18:47:09,515 [main] INFO  base.BaseClass - Clicked on: {element.toString()}
2024-04-17 18:47:09,515 [main] INFO  base.BaseClass - Trying to find Element By {by.toString()})
2024-04-17 18:47:10,548 [main] INFO  base.BaseClass - Found Element By {by.toString()}
2024-04-17 18:47:11,080 [main] INFO  base.BaseClass - Trying to find Element By {by.toString()})
2024-04-17 18:47:11,119 [main] INFO  base.BaseClass - Found Element By {by.toString()}
2024-04-17 18:47:11,674 [main] INFO  base.BaseClass - Trying to find Element By {by.toString()})
2024-04-17 18:47:11,711 [main] INFO  base.BaseClass - Found Element By {by.toString()}
2024-04-17 18:47:12,250 [main] INFO  base.BaseClass - Trying to find Element By {by.toString()})
2024-04-17 18:47:12,284 [main] INFO  base.BaseClass - Found Element By {by.toString()}
2024-04-17 18:47:12,813 [main] INFO  base.BaseClass - Trying to find Element By {by.toString()})
2024-04-17 18:47:12,850 [main] INFO  base.BaseClass - Found Element By {by.toString()}
2024-04-17 18:47:13,406 [main] INFO  base.BaseClass - Trying to find Element By {by.toString()})
2024-04-17 18:47:13,444 [main] INFO  base.BaseClass - Found Element By {by.toString()}
2024-04-17 18:47:13,996 [main] INFO  base.BaseClass - Trying to find Element By {by.toString()})
2024-04-17 18:47:14,015 [main] INFO  base.BaseClass - Found Element By {by.toString()}
2024-04-17 18:47:14,553 [main] INFO  base.BaseClass - Trying to find Element By {by.toString()})
2024-04-17 18:47:14,589 [main] INFO  base.BaseClass - Found Element By {by.toString()}
2024-04-17 18:47:15,146 [main] INFO  base.BaseClass - Trying to find Element By {by.toString()})
2024-04-17 18:47:15,182 [main] INFO  base.BaseClass - Found Element By {by.toString()}
2024-04-17 18:47:15,723 [main] INFO  base.BaseClass - Trying to find Element By {by.toString()})
2024-04-17 18:47:15,759 [main] INFO  base.BaseClass - Found Element By {by.toString()}
2024-04-17 18:47:16,305 [main] INFO  base.BaseClass - Trying to find Element By {by.toString()})
2024-04-17 18:47:16,338 [main] INFO  base.BaseClass - Found Element By {by.toString()}
2024-04-17 18:47:16,887 [main] INFO  base.BaseClass - Trying to find Element By {by.toString()})
2024-04-17 18:47:16,918 [main] INFO  base.BaseClass - Found Element By {by.toString()}
2024-04-17 18:47:17,467 [main] INFO  base.BaseClass - Trying to find Element By {by.toString()})
2024-04-17 18:47:17,499 [main] INFO  base.BaseClass - Found Element By {by.toString()}
2024-04-17 18:47:18,049 [main] INFO  base.BaseClass - Trying to find Element By {by.toString()})
2024-04-17 18:47:18,079 [main] INFO  base.BaseClass - Found Element By {by.toString()}
2024-04-17 18:47:18,632 [main] INFO  base.BaseClass - Trying to find Element By {by.toString()})
2024-04-17 18:47:18,663 [main] INFO  base.BaseClass - Found Element By {by.toString()}
2024-04-17 18:47:19,210 [main] INFO  base.BaseClass - Trying to find Element By {by.toString()})
2024-04-17 18:47:19,244 [main] INFO  base.BaseClass - Found Element By {by.toString()}
2024-04-17 18:47:19,790 [main] INFO  base.BaseClass - Trying to find Element By {by.toString()})
2024-04-17 18:47:19,821 [main] INFO  base.BaseClass - Found Element By {by.toString()}
2024-04-17 18:47:20,351 [main] INFO  base.BaseClass - Trying to find Element By {by.toString()})
2024-04-17 18:47:20,384 [main] INFO  base.BaseClass - Found Element By {by.toString()}
2024-04-17 18:47:20,930 [main] INFO  base.BaseClass - Trying to find Element By {by.toString()})
2024-04-17 18:47:20,963 [main] INFO  base.BaseClass - Found Element By {by.toString()}
2024-04-17 18:47:21,507 [main] INFO  base.BaseClass - Trying to find Element By {by.toString()})
2024-04-17 18:47:21,537 [main] INFO  base.BaseClass - Found Element By {by.toString()}
2024-04-17 18:47:22,085 [main] INFO  base.BaseClass - Trying to find Element By {by.toString()})
2024-04-17 18:47:22,115 [main] INFO  base.BaseClass - Found Element By {by.toString()}
2024-04-17 18:47:22,663 [main] INFO  base.BaseClass - Trying to find Element By {by.toString()})
2024-04-17 18:47:22,693 [main] INFO  base.BaseClass - Found Element By {by.toString()}
2024-04-17 18:47:23,245 [main] INFO  base.BaseClass - Trying to find Element By {by.toString()})
2024-04-17 18:47:23,274 [main] INFO  base.BaseClass - Found Element By {by.toString()}
2024-04-17 18:47:23,826 [main] INFO  base.BaseClass - Trying to find Element By {by.toString()})
2024-04-17 18:47:23,857 [main] INFO  base.BaseClass - Found Element By {by.toString()}
2024-04-17 18:47:24,406 [main] INFO  base.BaseClass - Trying to find Element By {by.toString()})
2024-04-17 18:47:24,439 [main] INFO  base.BaseClass - Found Element By {by.toString()}
2024-04-17 18:47:24,986 [main] INFO  base.BaseClass - Trying to find Element By {by.toString()})
2024-04-17 18:47:25,015 [main] INFO  base.BaseClass - Found Element By {by.toString()}
2024-04-17 18:47:25,561 [main] INFO  base.BaseClass - Trying to find Element By {by.toString()})
2024-04-17 18:47:25,591 [main] INFO  base.BaseClass - Found Element By {by.toString()}
2024-04-17 18:47:26,136 [main] INFO  base.BaseClass - Trying to find Element By {by.toString()})
2024-04-17 18:47:26,164 [main] INFO  base.BaseClass - Found Element By {by.toString()}
2024-04-17 18:47:26,701 [main] INFO  base.BaseClass - Trying to find Element By {by.toString()})
2024-04-17 18:47:26,727 [main] INFO  base.BaseClass - Found Element By {by.toString()}
2024-04-17 18:47:27,265 [main] INFO  base.BaseClass - Trying to find Element By {by.toString()})
2024-04-17 18:47:27,295 [main] INFO  base.BaseClass - Found Element By {by.toString()}
2024-04-17 18:47:27,848 [main] INFO  base.BaseClass - Trying to find Element By {by.toString()})
2024-04-17 18:47:27,860 [main] INFO  base.BaseClass - Found Element By {by.toString()}
2024-04-17 18:47:28,386 [main] INFO  base.BaseClass - Trying to find Element By {by.toString()})
2024-04-17 18:47:28,401 [main] INFO  base.BaseClass - Found Element By {by.toString()}
2024-04-17 18:47:28,931 [main] INFO  base.BaseClass - Trying to find Element By {by.toString()})
2024-04-17 18:47:28,954 [main] INFO  base.BaseClass - Found Element By {by.toString()}
2024-04-17 18:47:29,479 [main] INFO  base.BaseClass - Trying to find Element By {by.toString()})
2024-04-17 18:47:29,516 [main] INFO  base.BaseClass - Found Element By {by.toString()}
2024-04-17 18:47:30,056 [main] INFO  base.BaseClass - Trying to find Element By {by.toString()})
2024-04-17 18:47:30,082 [main] INFO  base.BaseClass - Found Element By {by.toString()}
2024-04-17 18:47:30,617 [main] INFO  base.BaseClass - Trying to find Element By {by.toString()})
2024-04-17 18:47:30,653 [main] INFO  base.BaseClass - Found Element By {by.toString()}
2024-04-17 18:47:31,196 [main] INFO  base.BaseClass - Trying to find Element By {by.toString()})
2024-04-17 18:47:31,216 [main] INFO  base.BaseClass - Found Element By {by.toString()}
2024-04-17 18:47:31,741 [main] INFO  base.BaseClass - Trying to find Element By {by.toString()})
2024-04-17 18:47:31,773 [main] INFO  base.BaseClass - Found Element By {by.toString()}
2024-04-17 18:47:32,319 [main] INFO  base.BaseClass - Trying to find Element By {by.toString()})
2024-04-17 18:47:32,349 [main] INFO  base.BaseClass - Found Element By {by.toString()}
2024-04-17 18:47:32,897 [main] INFO  base.BaseClass - Trying to find Element By {by.toString()})
2024-04-17 18:47:32,930 [main] INFO  base.BaseClass - Found Element By {by.toString()}
2024-04-17 18:47:33,459 [main] INFO  base.BaseClass - Trying to find Element By {by.toString()})
2024-04-17 18:47:33,489 [main] INFO  base.BaseClass - Found Element By {by.toString()}
2024-04-17 18:47:34,037 [main] INFO  base.BaseClass - Trying to find Element By {by.toString()})
2024-04-17 18:47:34,129 [main] INFO  base.BaseClass - Found Element By {by.toString()}
2024-04-17 18:47:34,666 [main] INFO  base.BaseClass - Trying to find Element By {by.toString()})
2024-04-17 18:47:34,687 [main] INFO  base.BaseClass - Found Element By {by.toString()}
2024-04-17 18:47:35,215 [main] INFO  base.BaseClass - Trying to find Element By {by.toString()})
2024-04-17 18:47:35,245 [main] INFO  base.BaseClass - Found Element By {by.toString()}
2024-04-17 18:47:35,795 [main] INFO  base.BaseClass - Trying to find Element By {by.toString()})
2024-04-17 18:47:35,826 [main] INFO  base.BaseClass - Found Element By {by.toString()}
2024-04-17 18:47:36,373 [main] INFO  base.BaseClass - Trying to find Element By {by.toString()})
2024-04-17 18:47:36,403 [main] INFO  base.BaseClass - Found Element By {by.toString()}
2024-04-17 18:47:36,950 [main] INFO  base.BaseClass - Trying to find Element By {by.toString()})
2024-04-17 18:47:36,980 [main] INFO  base.BaseClass - Found Element By {by.toString()}
2024-04-17 18:47:37,527 [main] INFO  base.BaseClass - Trying to find Element By {by.toString()})
2024-04-17 18:47:37,548 [main] INFO  base.BaseClass - Found Element By {by.toString()}
2024-04-17 18:47:38,088 [main] INFO  base.BaseClass - Trying to find Element By {by.toString()})
2024-04-17 18:47:38,120 [main] INFO  base.BaseClass - Found Element By {by.toString()}
2024-04-17 18:47:38,650 [main] INFO  base.BaseClass - Trying to find Element By {by.toString()})
2024-04-17 18:47:38,681 [main] INFO  base.BaseClass - Found Element By {by.toString()}
2024-04-17 18:47:39,226 [main] INFO  base.BaseClass - Trying to find Element By {by.toString()})
2024-04-17 18:47:39,255 [main] INFO  base.BaseClass - Found Element By {by.toString()}
2024-04-17 18:47:39,776 [main] INFO  base.BaseClass - Trying to find Element By {by.toString()})
2024-04-17 18:47:39,806 [main] INFO  base.BaseClass - Found Element By {by.toString()}
TimeoutException occurred: Expected condition failed: waiting for helper.WaitUtility$5@b5b19b8 (tried for 30 second(s) with 500 milliseconds interval)
Build info: version: '3.141.59', revision: 'e82be7d358', time: '2018-11-14T08:17:03'
System info: host: 'DPLAP166', ip: '137.237.2.236', os.name: 'Windows 10', os.arch: 'amd64', os.version: '10.0', java.version: '19.0.1'
Driver info: org.openqa.selenium.support.events.EventFiringWebDriver
Capabilities {acceptInsecureCerts: true, browserName: chrome, browserVersion: 123.0.6312.123, chrome: {chromedriverVersion: 123.0.6312.122 (31f8248cdd9..., userDataDir: C:\Users\dP-PL\AppData\Loca...}, fedcm:accounts: true, goog:chromeOptions: {debuggerAddress: localhost:51256}, javascriptEnabled: true, networkConnectionEnabled: false, pageLoadStrategy: normal, platform: WINDOWS, platformName: WINDOWS, proxy: Proxy(), setWindowRect: true, strictFileInteractability: false, timeouts: {implicit: 0, pageLoad: 300000, script: 30000}, unhandledPromptBehavior: dismiss and notify, webauthn:extension:credBlob: true, webauthn:extension:largeBlob: true, webauthn:extension:minPinLength: true, webauthn:extension:prf: true, webauthn:virtualAuthenticators: true}
Session ID: a59c4df4811f82049fe754efe723d3c1
2024-04-17 18:47:39,850 [main] ERROR RotationCopy_test - Element did not become visible within the specified time: Expected condition failed: waiting for helper.WaitUtility$5@b5b19b8 (tried for 30 second(s) with 500 milliseconds interval)
Build info: version: '3.141.59', revision: 'e82be7d358', time: '2018-11-14T08:17:03'
System info: host: 'DPLAP166', ip: '137.237.2.236', os.name: 'Windows 10', os.arch: 'amd64', os.version: '10.0', java.version: '19.0.1'
Driver info: org.openqa.selenium.support.events.EventFiringWebDriver
Capabilities {acceptInsecureCerts: true, browserName: chrome, browserVersion: 123.0.6312.123, chrome: {chromedriverVersion: 123.0.6312.122 (31f8248cdd9..., userDataDir: C:\Users\dP-PL\AppData\Loca...}, fedcm:accounts: true, goog:chromeOptions: {debuggerAddress: localhost:51256}, javascriptEnabled: true, networkConnectionEnabled: false, pageLoadStrategy: normal, platform: WINDOWS, platformName: WINDOWS, proxy: Proxy(), setWindowRect: true, strictFileInteractability: false, timeouts: {implicit: 0, pageLoad: 300000, script: 30000}, unhandledPromptBehavior: dismiss and notify, webauthn:extension:credBlob: true, webauthn:extension:largeBlob: true, webauthn:extension:minPinLength: true, webauthn:extension:prf: true, webauthn:virtualAuthenticators: true}
Session ID: a59c4df4811f82049fe754efe723d3c1
2024-04-17 18:47:39,850 [main] INFO  base.BaseClass - Trying to find Element By {by.toString()})
2024-04-17 18:47:39,885 [main] INFO  base.BaseClass - Found Element By {by.toString()}
2024-04-17 18:47:39,887 [main] INFO  base.BaseClass - Trying to click on: {element.toString()}
2024-04-17 18:47:40,022 [main] INFO  base.BaseClass - Clicked on: {element.toString()}
2024-04-17 18:47:40,022 [main] INFO  base.BaseClass - Trying to find Element By {by.toString()})
2024-04-17 18:47:40,036 [main] INFO  base.BaseClass - Found Element By {by.toString()}
2024-04-17 18:47:40,561 [main] INFO  base.BaseClass - Trying to find Element By {by.toString()})
2024-04-17 18:47:40,594 [main] INFO  base.BaseClass - Found Element By {by.toString()}
2024-04-17 18:47:41,153 [main] INFO  base.BaseClass - Trying to find Element By {by.toString()})
2024-04-17 18:47:41,172 [main] INFO  base.BaseClass - Found Element By {by.toString()}
2024-04-17 18:47:41,700 [main] INFO  base.BaseClass - Trying to find Element By {by.toString()})
2024-04-17 18:47:41,731 [main] INFO  base.BaseClass - Found Element By {by.toString()}
2024-04-17 18:47:42,281 [main] INFO  base.BaseClass - Trying to find Element By {by.toString()})
2024-04-17 18:47:42,313 [main] INFO  base.BaseClass - Found Element By {by.toString()}
2024-04-17 18:47:42,862 [main] INFO  base.BaseClass - Trying to find Element By {by.toString()})
2024-04-17 18:47:42,895 [main] INFO  base.BaseClass - Found Element By {by.toString()}
2024-04-17 18:47:43,443 [main] INFO  base.BaseClass - Trying to find Element By {by.toString()})
2024-04-17 18:47:43,456 [main] INFO  base.BaseClass - Found Element By {by.toString()}
2024-04-17 18:47:43,974 [main] INFO  base.BaseClass - Trying to find Element By {by.toString()})
2024-04-17 18:47:44,007 [main] INFO  base.BaseClass - Found Element By {by.toString()}
2024-04-17 18:47:44,552 [main] INFO  base.BaseClass - Trying to find Element By {by.toString()})
2024-04-17 18:47:44,583 [main] INFO  base.BaseClass - Found Element By {by.toString()}
2024-04-17 18:47:45,128 [main] INFO  base.BaseClass - Trying to find Element By {by.toString()})
2024-04-17 18:47:45,149 [main] INFO  base.BaseClass - Found Element By {by.toString()}
2024-04-17 18:47:45,691 [main] INFO  base.BaseClass - Trying to find Element By {by.toString()})
2024-04-17 18:47:45,720 [main] INFO  base.BaseClass - Found Element By {by.toString()}
2024-04-17 18:47:46,251 [main] INFO  base.BaseClass - Trying to find Element By {by.toString()})
2024-04-17 18:47:46,280 [main] INFO  base.BaseClass - Found Element By {by.toString()}
2024-04-17 18:47:46,830 [main] INFO  base.BaseClass - Trying to find Element By {by.toString()})
2024-04-17 18:47:46,860 [main] INFO  base.BaseClass - Found Element By {by.toString()}
2024-04-17 18:47:47,408 [main] INFO  base.BaseClass - Trying to find Element By {by.toString()})
2024-04-17 18:47:47,439 [main] INFO  base.BaseClass - Found Element By {by.toString()}
2024-04-17 18:47:47,988 [main] INFO  base.BaseClass - Trying to find Element By {by.toString()})
2024-04-17 18:47:48,063 [main] INFO  base.BaseClass - Found Element By {by.toString()}
2024-04-17 18:47:48,658 [main] INFO  base.BaseClass - Trying to find Element By {by.toString()})
2024-04-17 18:47:48,691 [main] INFO  base.BaseClass - Found Element By {by.toString()}
2024-04-17 18:47:49,236 [main] INFO  base.BaseClass - Trying to find Element By {by.toString()})
2024-04-17 18:47:49,256 [main] INFO  base.BaseClass - Found Element By {by.toString()}
2024-04-17 18:47:49,786 [main] INFO  base.BaseClass - Trying to find Element By {by.toString()})
2024-04-17 18:47:49,815 [main] INFO  base.BaseClass - Found Element By {by.toString()}
2024-04-17 18:47:50,365 [main] INFO  base.BaseClass - Trying to find Element By {by.toString()})
2024-04-17 18:47:50,395 [main] INFO  base.BaseClass - Found Element By {by.toString()}
2024-04-17 18:47:50,946 [main] INFO  base.BaseClass - Trying to find Element By {by.toString()})
2024-04-17 18:47:50,977 [main] INFO  base.BaseClass - Found Element By {by.toString()}
2024-04-17 18:47:51,528 [main] INFO  base.BaseClass - Trying to find Element By {by.toString()})
2024-04-17 18:47:51,543 [main] INFO  base.BaseClass - Found Element By {by.toString()}
2024-04-17 18:47:52,077 [main] INFO  base.BaseClass - Trying to find Element By {by.toString()})
2024-04-17 18:47:52,107 [main] INFO  base.BaseClass - Found Element By {by.toString()}
2024-04-17 18:47:52,656 [main] INFO  base.BaseClass - Trying to find Element By {by.toString()})
2024-04-17 18:47:52,686 [main] INFO  base.BaseClass - Found Element By {by.toString()}
2024-04-17 18:47:53,231 [main] INFO  base.BaseClass - Trying to find Element By {by.toString()})
2024-04-17 18:47:53,260 [main] INFO  base.BaseClass - Found Element By {by.toString()}
2024-04-17 18:47:53,792 [main] INFO  base.BaseClass - Trying to find Element By {by.toString()})
2024-04-17 18:47:53,822 [main] INFO  base.BaseClass - Found Element By {by.toString()}
2024-04-17 18:47:54,355 [main] INFO  base.BaseClass - Trying to find Element By {by.toString()})
2024-04-17 18:47:54,380 [main] INFO  base.BaseClass - Found Element By {by.toString()}
2024-04-17 18:47:54,906 [main] INFO  base.BaseClass - Trying to find Element By {by.toString()})
2024-04-17 18:47:54,936 [main] INFO  base.BaseClass - Found Element By {by.toString()}
2024-04-17 18:47:55,484 [main] INFO  base.BaseClass - Trying to find Element By {by.toString()})
2024-04-17 18:47:55,514 [main] INFO  base.BaseClass - Found Element By {by.toString()}
2024-04-17 18:47:56,063 [main] INFO  base.BaseClass - Trying to find Element By {by.toString()})
2024-04-17 18:47:56,092 [main] INFO  base.BaseClass - Found Element By {by.toString()}
2024-04-17 18:47:56,641 [main] INFO  base.BaseClass - Trying to find Element By {by.toString()})
2024-04-17 18:47:56,671 [main] INFO  base.BaseClass - Found Element By {by.toString()}
2024-04-17 18:47:57,218 [main] INFO  base.BaseClass - Trying to find Element By {by.toString()})
2024-04-17 18:47:57,248 [main] INFO  base.BaseClass - Found Element By {by.toString()}
2024-04-17 18:47:57,798 [main] INFO  base.BaseClass - Trying to find Element By {by.toString()})
2024-04-17 18:47:57,831 [main] INFO  base.BaseClass - Found Element By {by.toString()}
2024-04-17 18:47:58,364 [main] INFO  base.BaseClass - Trying to find Element By {by.toString()})
2024-04-17 18:47:58,394 [main] INFO  base.BaseClass - Found Element By {by.toString()}
2024-04-17 18:47:58,942 [main] INFO  base.BaseClass - Trying to find Element By {by.toString()})
2024-04-17 18:47:58,973 [main] INFO  base.BaseClass - Found Element By {by.toString()}
2024-04-17 18:47:59,520 [main] INFO  base.BaseClass - Trying to find Element By {by.toString()})
2024-04-17 18:47:59,550 [main] INFO  base.BaseClass - Found Element By {by.toString()}
2024-04-17 18:48:00,098 [main] INFO  base.BaseClass - Trying to find Element By {by.toString()})
2024-04-17 18:48:00,122 [main] INFO  base.BaseClass - Found Element By {by.toString()}
2024-04-17 18:48:00,658 [main] INFO  base.BaseClass - Trying to find Element By {by.toString()})
2024-04-17 18:48:00,688 [main] INFO  base.BaseClass - Found Element By {by.toString()}
2024-04-17 18:48:01,236 [main] INFO  base.BaseClass - Trying to find Element By {by.toString()})
2024-04-17 18:48:01,256 [main] INFO  base.BaseClass - Found Element By {by.toString()}
2024-04-17 18:48:01,796 [main] INFO  base.BaseClass - Trying to find Element By {by.toString()})
2024-04-17 18:48:01,826 [main] INFO  base.BaseClass - Found Element By {by.toString()}
2024-04-17 18:48:02,376 [main] INFO  base.BaseClass - Trying to find Element By {by.toString()})
2024-04-17 18:48:02,406 [main] INFO  base.BaseClass - Found Element By {by.toString()}
2024-04-17 18:48:02,957 [main] INFO  base.BaseClass - Trying to find Element By {by.toString()})
2024-04-17 18:48:03,047 [main] INFO  base.BaseClass - Found Element By {by.toString()}
2024-04-17 18:48:03,582 [main] INFO  base.BaseClass - Trying to find Element By {by.toString()})
2024-04-17 18:48:03,613 [main] INFO  base.BaseClass - Found Element By {by.toString()}
2024-04-17 18:48:04,155 [main] INFO  base.BaseClass - Trying to find Element By {by.toString()})
2024-04-17 18:48:04,185 [main] INFO  base.BaseClass - Found Element By {by.toString()}
2024-04-17 18:48:04,718 [main] INFO  base.BaseClass - Trying to find Element By {by.toString()})
2024-04-17 18:48:04,748 [main] INFO  base.BaseClass - Found Element By {by.toString()}
2024-04-17 18:48:05,297 [main] INFO  base.BaseClass - Trying to find Element By {by.toString()})
2024-04-17 18:48:05,327 [main] INFO  base.BaseClass - Found Element By {by.toString()}
2024-04-17 18:48:05,869 [main] INFO  base.BaseClass - Trying to find Element By {by.toString()})
2024-04-17 18:48:05,881 [main] INFO  base.BaseClass - Found Element By {by.toString()}
2024-04-17 18:48:06,416 [main] INFO  base.BaseClass - Trying to find Element By {by.toString()})
2024-04-17 18:48:06,446 [main] INFO  base.BaseClass - Found Element By {by.toString()}
2024-04-17 18:48:06,995 [main] INFO  base.BaseClass - Trying to find Element By {by.toString()})
2024-04-17 18:48:07,026 [main] INFO  base.BaseClass - Found Element By {by.toString()}
2024-04-17 18:48:07,572 [main] INFO  base.BaseClass - Trying to find Element By {by.toString()})
2024-04-17 18:48:07,602 [main] INFO  base.BaseClass - Found Element By {by.toString()}
2024-04-17 18:48:08,153 [main] INFO  base.BaseClass - Trying to find Element By {by.toString()})
2024-04-17 18:48:08,350 [main] INFO  base.BaseClass - Found Element By {by.toString()}
2024-04-17 18:48:08,903 [main] INFO  base.BaseClass - Trying to find Element By {by.toString()})
2024-04-17 18:48:08,920 [main] INFO  base.BaseClass - Found Element By {by.toString()}
2024-04-17 18:48:09,448 [main] INFO  base.BaseClass - Trying to find Element By {by.toString()})
2024-04-17 18:48:09,483 [main] INFO  base.BaseClass - Found Element By {by.toString()}
2024-04-17 18:48:10,023 [main] INFO  base.BaseClass - Trying to find Element By {by.toString()})
2024-04-17 18:48:10,099 [main] INFO  base.BaseClass - Found Element By {by.toString()}
TimeoutException occurred: Expected condition failed: waiting for helper.WaitUtility$5@581ff7f5 (tried for 30 second(s) with 500 milliseconds interval)
Build info: version: '3.141.59', revision: 'e82be7d358', time: '2018-11-14T08:17:03'
System info: host: 'DPLAP166', ip: '137.237.2.236', os.name: 'Windows 10', os.arch: 'amd64', os.version: '10.0', java.version: '19.0.1'
Driver info: org.openqa.selenium.support.events.EventFiringWebDriver
Capabilities {acceptInsecureCerts: true, browserName: chrome, browserVersion: 123.0.6312.123, chrome: {chromedriverVersion: 123.0.6312.122 (31f8248cdd9..., userDataDir: C:\Users\dP-PL\AppData\Loca...}, fedcm:accounts: true, goog:chromeOptions: {debuggerAddress: localhost:51256}, javascriptEnabled: true, networkConnectionEnabled: false, pageLoadStrategy: normal, platform: WINDOWS, platformName: WINDOWS, proxy: Proxy(), setWindowRect: true, strictFileInteractability: false, timeouts: {implicit: 0, pageLoad: 300000, script: 30000}, unhandledPromptBehavior: dismiss and notify, webauthn:extension:credBlob: true, webauthn:extension:largeBlob: true, webauthn:extension:minPinLength: true, webauthn:extension:prf: true, webauthn:virtualAuthenticators: true}
Session ID: a59c4df4811f82049fe754efe723d3c1
2024-04-17 18:48:10,113 [main] ERROR RotationCopy_test - Element did not become visible within the specified time: Expected condition failed: waiting for helper.WaitUtility$5@581ff7f5 (tried for 30 second(s) with 500 milliseconds interval)
Build info: version: '3.141.59', revision: 'e82be7d358', time: '2018-11-14T08:17:03'
System info: host: 'DPLAP166', ip: '137.237.2.236', os.name: 'Windows 10', os.arch: 'amd64', os.version: '10.0', java.version: '19.0.1'
Driver info: org.openqa.selenium.support.events.EventFiringWebDriver
Capabilities {acceptInsecureCerts: true, browserName: chrome, browserVersion: 123.0.6312.123, chrome: {chromedriverVersion: 123.0.6312.122 (31f8248cdd9..., userDataDir: C:\Users\dP-PL\AppData\Loca...}, fedcm:accounts: true, goog:chromeOptions: {debuggerAddress: localhost:51256}, javascriptEnabled: true, networkConnectionEnabled: false, pageLoadStrategy: normal, platform: WINDOWS, platformName: WINDOWS, proxy: Proxy(), setWindowRect: true, strictFileInteractability: false, timeouts: {implicit: 0, pageLoad: 300000, script: 30000}, unhandledPromptBehavior: dismiss and notify, webauthn:extension:credBlob: true, webauthn:extension:largeBlob: true, webauthn:extension:minPinLength: true, webauthn:extension:prf: true, webauthn:virtualAuthenticators: true}
Session ID: a59c4df4811f82049fe754efe723d3c1
2024-04-17 18:48:10,113 [main] INFO  base.BaseClass - Trying to find Element By {by.toString()})
2024-04-17 18:48:10,124 [main] INFO  base.BaseClass - Found Element By {by.toString()}
2024-04-17 18:48:10,124 [main] INFO  base.BaseClass - Trying to click on: {element.toString()}
2024-04-17 18:48:10,314 [main] INFO  base.BaseClass - Clicked on: {element.toString()}
2024-04-17 18:48:10,320 [main] INFO  base.BaseClass - Trying to find Element By {by.toString()})
2024-04-17 18:48:10,338 [main] INFO  base.BaseClass - Found Element By {by.toString()}
2024-04-17 18:48:10,859 [main] INFO  base.BaseClass - Trying to find Element By {by.toString()})
2024-04-17 18:48:10,870 [main] INFO  base.BaseClass - Found Element By {by.toString()}
2024-04-17 18:48:11,389 [main] INFO  base.BaseClass - Trying to find Element By {by.toString()})
2024-04-17 18:48:11,398 [main] INFO  base.BaseClass - Found Element By {by.toString()}
2024-04-17 18:48:11,919 [main] INFO  base.BaseClass - Trying to find Element By {by.toString()})
2024-04-17 18:48:11,929 [main] INFO  base.BaseClass - Found Element By {by.toString()}
2024-04-17 18:48:12,448 [main] INFO  base.BaseClass - Trying to find Element By {by.toString()})
2024-04-17 18:48:12,469 [main] INFO  base.BaseClass - Found Element By {by.toString()}
2024-04-17 18:48:13,012 [main] INFO  base.BaseClass - Trying to find Element By {by.toString()})
2024-04-17 18:48:13,050 [main] INFO  base.BaseClass - Found Element By {by.toString()}
2024-04-17 18:48:13,588 [main] INFO  base.BaseClass - Trying to find Element By {by.toString()})
2024-04-17 18:48:13,617 [main] INFO  base.BaseClass - Found Element By {by.toString()}
2024-04-17 18:48:14,162 [main] INFO  base.BaseClass - Trying to find Element By {by.toString()})
2024-04-17 18:48:14,193 [main] INFO  base.BaseClass - Found Element By {by.toString()}
2024-04-17 18:48:14,722 [main] INFO  base.BaseClass - Trying to find Element By {by.toString()})
2024-04-17 18:48:14,752 [main] INFO  base.BaseClass - Found Element By {by.toString()}
2024-04-17 18:48:15,301 [main] INFO  base.BaseClass - Trying to find Element By {by.toString()})
2024-04-17 18:48:15,394 [main] INFO  base.BaseClass - Found Element By {by.toString()}
2024-04-17 18:48:15,939 [main] INFO  base.BaseClass - Trying to find Element By {by.toString()})
2024-04-17 18:48:15,970 [main] INFO  base.BaseClass - Found Element By {by.toString()}
2024-04-17 18:48:16,501 [main] INFO  base.BaseClass - Trying to find Element By {by.toString()})
2024-04-17 18:48:16,530 [main] INFO  base.BaseClass - Found Element By {by.toString()}
2024-04-17 18:48:17,079 [main] INFO  base.BaseClass - Trying to find Element By {by.toString()})
2024-04-17 18:48:17,107 [main] INFO  base.BaseClass - Found Element By {by.toString()}
2024-04-17 18:48:17,657 [main] INFO  base.BaseClass - Trying to find Element By {by.toString()})
2024-04-17 18:48:17,686 [main] INFO  base.BaseClass - Found Element By {by.toString()}
2024-04-17 18:48:18,232 [main] INFO  base.BaseClass - Trying to find Element By {by.toString()})
2024-04-17 18:48:18,261 [main] INFO  base.BaseClass - Found Element By {by.toString()}
2024-04-17 18:48:18,809 [main] INFO  base.BaseClass - Trying to find Element By {by.toString()})
2024-04-17 18:48:18,839 [main] INFO  base.BaseClass - Found Element By {by.toString()}
2024-04-17 18:48:19,370 [main] INFO  base.BaseClass - Trying to find Element By {by.toString()})
2024-04-17 18:48:19,398 [main] INFO  base.BaseClass - Found Element By {by.toString()}
2024-04-17 18:48:19,949 [main] INFO  base.BaseClass - Trying to find Element By {by.toString()})
2024-04-17 18:48:19,976 [main] INFO  base.BaseClass - Found Element By {by.toString()}
2024-04-17 18:48:20,525 [main] INFO  base.BaseClass - Trying to find Element By {by.toString()})
2024-04-17 18:48:20,537 [main] INFO  base.BaseClass - Found Element By {by.toString()}
2024-04-17 18:48:21,058 [main] INFO  base.BaseClass - Trying to find Element By {by.toString()})
2024-04-17 18:48:21,085 [main] INFO  base.BaseClass - Found Element By {by.toString()}
2024-04-17 18:48:21,633 [main] INFO  base.BaseClass - Trying to find Element By {by.toString()})
2024-04-17 18:48:21,662 [main] INFO  base.BaseClass - Found Element By {by.toString()}
2024-04-17 18:48:22,210 [main] INFO  base.BaseClass - Trying to find Element By {by.toString()})
2024-04-17 18:48:22,220 [main] INFO  base.BaseClass - Found Element By {by.toString()}
2024-04-17 18:48:22,743 [main] INFO  base.BaseClass - Trying to find Element By {by.toString()})
2024-04-17 18:48:22,775 [main] INFO  base.BaseClass - Found Element By {by.toString()}
2024-04-17 18:48:23,341 [main] INFO  base.BaseClass - Trying to find Element By {by.toString()})
2024-04-17 18:48:23,365 [main] INFO  base.BaseClass - Found Element By {by.toString()}
2024-04-17 18:48:23,905 [main] INFO  base.BaseClass - Trying to find Element By {by.toString()})
2024-04-17 18:48:23,921 [main] INFO  base.BaseClass - Found Element By {by.toString()}
2024-04-17 18:48:24,441 [main] INFO  base.BaseClass - Trying to find Element By {by.toString()})
2024-04-17 18:48:24,474 [main] INFO  base.BaseClass - Found Element By {by.toString()}
2024-04-17 18:48:25,023 [main] INFO  base.BaseClass - Trying to find Element By {by.toString()})
2024-04-17 18:48:25,057 [main] INFO  base.BaseClass - Found Element By {by.toString()}
2024-04-17 18:48:25,600 [main] INFO  base.BaseClass - Trying to find Element By {by.toString()})
2024-04-17 18:48:25,628 [main] INFO  base.BaseClass - Found Element By {by.toString()}
2024-04-17 18:48:26,162 [main] INFO  base.BaseClass - Trying to find Element By {by.toString()})
2024-04-17 18:48:26,192 [main] INFO  base.BaseClass - Found Element By {by.toString()}
2024-04-17 18:48:26,739 [main] INFO  base.BaseClass - Trying to find Element By {by.toString()})
2024-04-17 18:48:26,767 [main] INFO  base.BaseClass - Found Element By {by.toString()}
2024-04-17 18:48:27,318 [main] INFO  base.BaseClass - Trying to find Element By {by.toString()})
2024-04-17 18:48:27,345 [main] INFO  base.BaseClass - Found Element By {by.toString()}
2024-04-17 18:48:27,900 [main] INFO  base.BaseClass - Trying to find Element By {by.toString()})
2024-04-17 18:48:27,912 [main] INFO  base.BaseClass - Found Element By {by.toString()}
2024-04-17 18:48:28,444 [main] INFO  base.BaseClass - Trying to find Element By {by.toString()})
2024-04-17 18:48:28,472 [main] INFO  base.BaseClass - Found Element By {by.toString()}
2024-04-17 18:48:29,024 [main] INFO  base.BaseClass - Trying to find Element By {by.toString()})
2024-04-17 18:48:29,052 [main] INFO  base.BaseClass - Found Element By {by.toString()}
2024-04-17 18:48:29,587 [main] INFO  base.BaseClass - Trying to find Element By {by.toString()})
2024-04-17 18:48:29,601 [main] INFO  base.BaseClass - Found Element By {by.toString()}
2024-04-17 18:48:30,133 [main] INFO  base.BaseClass - Trying to find Element By {by.toString()})
2024-04-17 18:48:30,160 [main] INFO  base.BaseClass - Found Element By {by.toString()}
2024-04-17 18:48:30,710 [main] INFO  base.BaseClass - Trying to find Element By {by.toString()})
2024-04-17 18:48:30,738 [main] INFO  base.BaseClass - Found Element By {by.toString()}
2024-04-17 18:48:31,288 [main] INFO  base.BaseClass - Trying to find Element By {by.toString()})
2024-04-17 18:48:31,315 [main] INFO  base.BaseClass - Found Element By {by.toString()}
2024-04-17 18:48:31,865 [main] INFO  base.BaseClass - Trying to find Element By {by.toString()})
2024-04-17 18:48:31,893 [main] INFO  base.BaseClass - Found Element By {by.toString()}
2024-04-17 18:48:32,430 [main] INFO  base.BaseClass - Trying to find Element By {by.toString()})
2024-04-17 18:48:32,458 [main] INFO  base.BaseClass - Found Element By {by.toString()}
2024-04-17 18:48:33,007 [main] INFO  base.BaseClass - Trying to find Element By {by.toString()})
2024-04-17 18:48:33,035 [main] INFO  base.BaseClass - Found Element By {by.toString()}
2024-04-17 18:48:33,583 [main] INFO  base.BaseClass - Trying to find Element By {by.toString()})
2024-04-17 18:48:33,611 [main] INFO  base.BaseClass - Found Element By {by.toString()}
2024-04-17 18:48:34,160 [main] INFO  base.BaseClass - Trying to find Element By {by.toString()})
2024-04-17 18:48:34,190 [main] INFO  base.BaseClass - Found Element By {by.toString()}
2024-04-17 18:48:34,735 [main] INFO  base.BaseClass - Trying to find Element By {by.toString()})
2024-04-17 18:48:34,763 [main] INFO  base.BaseClass - Found Element By {by.toString()}
2024-04-17 18:48:35,313 [main] INFO  base.BaseClass - Trying to find Element By {by.toString()})
2024-04-17 18:48:35,328 [main] INFO  base.BaseClass - Found Element By {by.toString()}
2024-04-17 18:48:35,862 [main] INFO  base.BaseClass - Trying to find Element By {by.toString()})
2024-04-17 18:48:35,891 [main] INFO  base.BaseClass - Found Element By {by.toString()}
2024-04-17 18:48:36,441 [main] INFO  base.BaseClass - Trying to find Element By {by.toString()})
2024-04-17 18:48:36,471 [main] INFO  base.BaseClass - Found Element By {by.toString()}
2024-04-17 18:48:37,025 [main] INFO  base.BaseClass - Trying to find Element By {by.toString()})
2024-04-17 18:48:37,056 [main] INFO  base.BaseClass - Found Element By {by.toString()}
2024-04-17 18:48:37,604 [main] INFO  base.BaseClass - Trying to find Element By {by.toString()})
2024-04-17 18:48:37,633 [main] INFO  base.BaseClass - Found Element By {by.toString()}
2024-04-17 18:48:38,182 [main] INFO  base.BaseClass - Trying to find Element By {by.toString()})
2024-04-17 18:48:38,213 [main] INFO  base.BaseClass - Found Element By {by.toString()}
2024-04-17 18:48:38,759 [main] INFO  base.BaseClass - Trying to find Element By {by.toString()})
2024-04-17 18:48:38,790 [main] INFO  base.BaseClass - Found Element By {by.toString()}
2024-04-17 18:48:39,339 [main] INFO  base.BaseClass - Trying to find Element By {by.toString()})
2024-04-17 18:48:39,371 [main] INFO  base.BaseClass - Found Element By {by.toString()}
2024-04-17 18:48:39,919 [main] INFO  base.BaseClass - Trying to find Element By {by.toString()})
2024-04-17 18:48:39,941 [main] INFO  base.BaseClass - Found Element By {by.toString()}
2024-04-17 18:48:40,471 [main] INFO  base.BaseClass - Trying to find Element By {by.toString()})
2024-04-17 18:48:40,500 [main] INFO  base.BaseClass - Found Element By {by.toString()}
TimeoutException occurred: Expected condition failed: waiting for helper.WaitUtility$5@7f5a1530 (tried for 30 second(s) with 500 milliseconds interval)
Build info: version: '3.141.59', revision: 'e82be7d358', time: '2018-11-14T08:17:03'
System info: host: 'DPLAP166', ip: '137.237.2.236', os.name: 'Windows 10', os.arch: 'amd64', os.version: '10.0', java.version: '19.0.1'
Driver info: org.openqa.selenium.support.events.EventFiringWebDriver
Capabilities {acceptInsecureCerts: true, browserName: chrome, browserVersion: 123.0.6312.123, chrome: {chromedriverVersion: 123.0.6312.122 (31f8248cdd9..., userDataDir: C:\Users\dP-PL\AppData\Loca...}, fedcm:accounts: true, goog:chromeOptions: {debuggerAddress: localhost:51256}, javascriptEnabled: true, networkConnectionEnabled: false, pageLoadStrategy: normal, platform: WINDOWS, platformName: WINDOWS, proxy: Proxy(), setWindowRect: true, strictFileInteractability: false, timeouts: {implicit: 0, pageLoad: 300000, script: 30000}, unhandledPromptBehavior: dismiss and notify, webauthn:extension:credBlob: true, webauthn:extension:largeBlob: true, webauthn:extension:minPinLength: true, webauthn:extension:prf: true, webauthn:virtualAuthenticators: true}
Session ID: a59c4df4811f82049fe754efe723d3c1
2024-04-17 18:48:40,540 [main] ERROR RotationCopy_test - Element did not become visible within the specified time: Expected condition failed: waiting for helper.WaitUtility$5@7f5a1530 (tried for 30 second(s) with 500 milliseconds interval)
Build info: version: '3.141.59', revision: 'e82be7d358', time: '2018-11-14T08:17:03'
System info: host: 'DPLAP166', ip: '137.237.2.236', os.name: 'Windows 10', os.arch: 'amd64', os.version: '10.0', java.version: '19.0.1'
Driver info: org.openqa.selenium.support.events.EventFiringWebDriver
Capabilities {acceptInsecureCerts: true, browserName: chrome, browserVersion: 123.0.6312.123, chrome: {chromedriverVersion: 123.0.6312.122 (31f8248cdd9..., userDataDir: C:\Users\dP-PL\AppData\Loca...}, fedcm:accounts: true, goog:chromeOptions: {debuggerAddress: localhost:51256}, javascriptEnabled: true, networkConnectionEnabled: false, pageLoadStrategy: normal, platform: WINDOWS, platformName: WINDOWS, proxy: Proxy(), setWindowRect: true, strictFileInteractability: false, timeouts: {implicit: 0, pageLoad: 300000, script: 30000}, unhandledPromptBehavior: dismiss and notify, webauthn:extension:credBlob: true, webauthn:extension:largeBlob: true, webauthn:extension:minPinLength: true, webauthn:extension:prf: true, webauthn:virtualAuthenticators: true}
Session ID: a59c4df4811f82049fe754efe723d3c1
2024-04-17 18:48:40,540 [main] INFO  base.BaseClass - Trying to find Element By {by.toString()})
2024-04-17 18:48:40,560 [main] INFO  base.BaseClass - Found Element By {by.toString()}
2024-04-17 18:48:40,560 [main] INFO  base.BaseClass - Trying to click on: {element.toString()}
2024-04-17 18:48:40,675 [main] INFO  base.BaseClass - Clicked on: {element.toString()}
2024-04-17 18:48:40,682 [main] INFO  base.BaseClass - Trying to find Element By {by.toString()})
2024-04-17 18:48:40,695 [main] INFO  base.BaseClass - Found Element By {by.toString()}
2024-04-17 18:48:41,220 [main] INFO  base.BaseClass - Trying to find Element By {by.toString()})
2024-04-17 18:48:41,581 [main] INFO  base.BaseClass - Found Element By {by.toString()}
2024-04-17 18:48:42,108 [main] INFO  base.BaseClass - Trying to find Element By {by.toString()})
2024-04-17 18:48:42,138 [main] INFO  base.BaseClass - Found Element By {by.toString()}
2024-04-17 18:48:42,684 [main] INFO  base.BaseClass - Trying to find Element By {by.toString()})
2024-04-17 18:48:42,714 [main] INFO  base.BaseClass - Found Element By {by.toString()}
2024-04-17 18:48:43,246 [main] INFO  base.BaseClass - Trying to find Element By {by.toString()})
2024-04-17 18:48:43,275 [main] INFO  base.BaseClass - Found Element By {by.toString()}
2024-04-17 18:48:43,823 [main] INFO  base.BaseClass - Trying to find Element By {by.toString()})
2024-04-17 18:48:43,853 [main] INFO  base.BaseClass - Found Element By {by.toString()}
2024-04-17 18:48:44,401 [main] INFO  base.BaseClass - Trying to find Element By {by.toString()})
2024-04-17 18:48:44,429 [main] INFO  base.BaseClass - Found Element By {by.toString()}
2024-04-17 18:48:44,981 [main] INFO  base.BaseClass - Trying to find Element By {by.toString()})
2024-04-17 18:48:45,009 [main] INFO  base.BaseClass - Found Element By {by.toString()}
2024-04-17 18:48:45,547 [main] INFO  base.BaseClass - Trying to find Element By {by.toString()})
2024-04-17 18:48:45,575 [main] INFO  base.BaseClass - Found Element By {by.toString()}
2024-04-17 18:48:46,128 [main] INFO  base.BaseClass - Trying to find Element By {by.toString()})
2024-04-17 18:48:46,156 [main] INFO  base.BaseClass - Found Element By {by.toString()}
2024-04-17 18:48:46,705 [main] INFO  base.BaseClass - Trying to find Element By {by.toString()})
2024-04-17 18:48:46,735 [main] INFO  base.BaseClass - Found Element By {by.toString()}
2024-04-17 18:48:47,269 [main] INFO  base.BaseClass - Trying to find Element By {by.toString()})
2024-04-17 18:48:47,300 [main] INFO  base.BaseClass - Found Element By {by.toString()}
2024-04-17 18:48:47,847 [main] INFO  base.BaseClass - Trying to find Element By {by.toString()})
2024-04-17 18:48:47,875 [main] INFO  base.BaseClass - Found Element By {by.toString()}
2024-04-17 18:48:48,428 [main] INFO  base.BaseClass - Trying to find Element By {by.toString()})
2024-04-17 18:48:48,458 [main] INFO  base.BaseClass - Found Element By {by.toString()}
2024-04-17 18:48:48,994 [main] INFO  base.BaseClass - Trying to find Element By {by.toString()})
2024-04-17 18:48:49,022 [main] INFO  base.BaseClass - Found Element By {by.toString()}
2024-04-17 18:48:49,573 [main] INFO  base.BaseClass - Trying to find Element By {by.toString()})
2024-04-17 18:48:49,602 [main] INFO  base.BaseClass - Found Element By {by.toString()}
2024-04-17 18:48:50,146 [main] INFO  base.BaseClass - Trying to find Element By {by.toString()})
2024-04-17 18:48:50,174 [main] INFO  base.BaseClass - Found Element By {by.toString()}
2024-04-17 18:48:50,724 [main] INFO  base.BaseClass - Trying to find Element By {by.toString()})
2024-04-17 18:48:50,753 [main] INFO  base.BaseClass - Found Element By {by.toString()}
2024-04-17 18:48:51,288 [main] INFO  base.BaseClass - Trying to find Element By {by.toString()})
2024-04-17 18:48:51,317 [main] INFO  base.BaseClass - Found Element By {by.toString()}
2024-04-17 18:48:51,864 [main] INFO  base.BaseClass - Trying to find Element By {by.toString()})
2024-04-17 18:48:51,892 [main] INFO  base.BaseClass - Found Element By {by.toString()}
2024-04-17 18:48:52,429 [main] INFO  base.BaseClass - Trying to find Element By {by.toString()})
2024-04-17 18:48:52,462 [main] INFO  base.BaseClass - Found Element By {by.toString()}
2024-04-17 18:48:53,007 [main] INFO  base.BaseClass - Trying to find Element By {by.toString()})
2024-04-17 18:48:53,037 [main] INFO  base.BaseClass - Found Element By {by.toString()}
2024-04-17 18:48:53,583 [main] INFO  base.BaseClass - Trying to find Element By {by.toString()})
2024-04-17 18:48:53,612 [main] INFO  base.BaseClass - Found Element By {by.toString()}
2024-04-17 18:48:54,161 [main] INFO  base.BaseClass - Trying to find Element By {by.toString()})
2024-04-17 18:48:54,189 [main] INFO  base.BaseClass - Found Element By {by.toString()}
2024-04-17 18:48:54,739 [main] INFO  base.BaseClass - Trying to find Element By {by.toString()})
2024-04-17 18:48:54,827 [main] INFO  base.BaseClass - Found Element By {by.toString()}
2024-04-17 18:48:55,362 [main] INFO  base.BaseClass - Trying to find Element By {by.toString()})
2024-04-17 18:48:55,379 [main] INFO  base.BaseClass - Found Element By {by.toString()}
2024-04-17 18:48:55,905 [main] INFO  base.BaseClass - Trying to find Element By {by.toString()})
2024-04-17 18:48:55,936 [main] INFO  base.BaseClass - Found Element By {by.toString()}
2024-04-17 18:48:56,487 [main] INFO  base.BaseClass - Trying to find Element By {by.toString()})
2024-04-17 18:48:56,518 [main] INFO  base.BaseClass - Found Element By {by.toString()}
2024-04-17 18:48:57,067 [main] INFO  base.BaseClass - Trying to find Element By {by.toString()})
2024-04-17 18:48:57,094 [main] INFO  base.BaseClass - Found Element By {by.toString()}
2024-04-17 18:48:57,630 [main] INFO  base.BaseClass - Trying to find Element By {by.toString()})
2024-04-17 18:48:57,658 [main] INFO  base.BaseClass - Found Element By {by.toString()}
2024-04-17 18:48:58,204 [main] INFO  base.BaseClass - Trying to find Element By {by.toString()})
2024-04-17 18:48:58,220 [main] INFO  base.BaseClass - Found Element By {by.toString()}
2024-04-17 18:48:58,754 [main] INFO  base.BaseClass - Trying to find Element By {by.toString()})
2024-04-17 18:48:58,779 [main] INFO  base.BaseClass - Found Element By {by.toString()}
2024-04-17 18:48:59,319 [main] INFO  base.BaseClass - Trying to find Element By {by.toString()})
2024-04-17 18:48:59,346 [main] INFO  base.BaseClass - Found Element By {by.toString()}
2024-04-17 18:48:59,895 [main] INFO  base.BaseClass - Trying to find Element By {by.toString()})
2024-04-17 18:48:59,925 [main] INFO  base.BaseClass - Found Element By {by.toString()}
2024-04-17 18:49:00,474 [main] INFO  base.BaseClass - Trying to find Element By {by.toString()})
2024-04-17 18:49:00,503 [main] INFO  base.BaseClass - Found Element By {by.toString()}
2024-04-17 18:49:01,052 [main] INFO  base.BaseClass - Trying to find Element By {by.toString()})
2024-04-17 18:49:01,080 [main] INFO  base.BaseClass - Found Element By {by.toString()}
2024-04-17 18:49:01,634 [main] INFO  base.BaseClass - Trying to find Element By {by.toString()})
2024-04-17 18:49:01,661 [main] INFO  base.BaseClass - Found Element By {by.toString()}
2024-04-17 18:49:02,210 [main] INFO  base.BaseClass - Trying to find Element By {by.toString()})
2024-04-17 18:49:02,238 [main] INFO  base.BaseClass - Found Element By {by.toString()}
2024-04-17 18:49:02,788 [main] INFO  base.BaseClass - Trying to find Element By {by.toString()})
2024-04-17 18:49:02,816 [main] INFO  base.BaseClass - Found Element By {by.toString()}
2024-04-17 18:49:03,368 [main] INFO  base.BaseClass - Trying to find Element By {by.toString()})
2024-04-17 18:49:03,394 [main] INFO  base.BaseClass - Found Element By {by.toString()}
2024-04-17 18:49:03,917 [main] INFO  base.BaseClass - Trying to find Element By {by.toString()})
2024-04-17 18:49:03,942 [main] INFO  base.BaseClass - Found Element By {by.toString()}
2024-04-17 18:49:04,482 [main] INFO  base.BaseClass - Trying to find Element By {by.toString()})
2024-04-17 18:49:04,510 [main] INFO  base.BaseClass - Found Element By {by.toString()}
2024-04-17 18:49:05,060 [main] INFO  base.BaseClass - Trying to find Element By {by.toString()})
2024-04-17 18:49:05,088 [main] INFO  base.BaseClass - Found Element By {by.toString()}
2024-04-17 18:49:05,636 [main] INFO  base.BaseClass - Trying to find Element By {by.toString()})
2024-04-17 18:49:05,665 [main] INFO  base.BaseClass - Found Element By {by.toString()}
2024-04-17 18:49:06,212 [main] INFO  base.BaseClass - Trying to find Element By {by.toString()})
2024-04-17 18:49:06,239 [main] INFO  base.BaseClass - Found Element By {by.toString()}
2024-04-17 18:49:06,788 [main] INFO  base.BaseClass - Trying to find Element By {by.toString()})
2024-04-17 18:49:06,817 [main] INFO  base.BaseClass - Found Element By {by.toString()}
2024-04-17 18:49:07,365 [main] INFO  base.BaseClass - Trying to find Element By {by.toString()})
2024-04-17 18:49:07,390 [main] INFO  base.BaseClass - Found Element By {by.toString()}
2024-04-17 18:49:07,927 [main] INFO  base.BaseClass - Trying to find Element By {by.toString()})
2024-04-17 18:49:07,955 [main] INFO  base.BaseClass - Found Element By {by.toString()}
2024-04-17 18:49:08,489 [main] INFO  base.BaseClass - Trying to find Element By {by.toString()})
2024-04-17 18:49:08,518 [main] INFO  base.BaseClass - Found Element By {by.toString()}
2024-04-17 18:49:09,052 [main] INFO  base.BaseClass - Trying to find Element By {by.toString()})
2024-04-17 18:49:09,079 [main] INFO  base.BaseClass - Found Element By {by.toString()}
2024-04-17 18:49:09,627 [main] INFO  base.BaseClass - Trying to find Element By {by.toString()})
2024-04-17 18:49:09,658 [main] INFO  base.BaseClass - Found Element By {by.toString()}
2024-04-17 18:49:10,206 [main] INFO  base.BaseClass - Trying to find Element By {by.toString()})
2024-04-17 18:49:10,235 [main] INFO  base.BaseClass - Found Element By {by.toString()}
2024-04-17 18:49:10,783 [main] INFO  base.BaseClass - Trying to find Element By {by.toString()})
2024-04-17 18:49:10,811 [main] INFO  base.BaseClass - Found Element By {by.toString()}
TimeoutException occurred: Expected condition failed: waiting for helper.WaitUtility$5@1516e399 (tried for 30 second(s) with 500 milliseconds interval)
Build info: version: '3.141.59', revision: 'e82be7d358', time: '2018-11-14T08:17:03'
System info: host: 'DPLAP166', ip: '137.237.2.236', os.name: 'Windows 10', os.arch: 'amd64', os.version: '10.0', java.version: '19.0.1'
Driver info: org.openqa.selenium.support.events.EventFiringWebDriver
Capabilities {acceptInsecureCerts: true, browserName: chrome, browserVersion: 123.0.6312.123, chrome: {chromedriverVersion: 123.0.6312.122 (31f8248cdd9..., userDataDir: C:\Users\dP-PL\AppData\Loca...}, fedcm:accounts: true, goog:chromeOptions: {debuggerAddress: localhost:51256}, javascriptEnabled: true, networkConnectionEnabled: false, pageLoadStrategy: normal, platform: WINDOWS, platformName: WINDOWS, proxy: Proxy(), setWindowRect: true, strictFileInteractability: false, timeouts: {implicit: 0, pageLoad: 300000, script: 30000}, unhandledPromptBehavior: dismiss and notify, webauthn:extension:credBlob: true, webauthn:extension:largeBlob: true, webauthn:extension:minPinLength: true, webauthn:extension:prf: true, webauthn:virtualAuthenticators: true}
Session ID: a59c4df4811f82049fe754efe723d3c1
2024-04-17 18:49:10,850 [main] ERROR RotationCopy_test - Element did not become visible within the specified time: Expected condition failed: waiting for helper.WaitUtility$5@1516e399 (tried for 30 second(s) with 500 milliseconds interval)
Build info: version: '3.141.59', revision: 'e82be7d358', time: '2018-11-14T08:17:03'
System info: host: 'DPLAP166', ip: '137.237.2.236', os.name: 'Windows 10', os.arch: 'amd64', os.version: '10.0', java.version: '19.0.1'
Driver info: org.openqa.selenium.support.events.EventFiringWebDriver
Capabilities {acceptInsecureCerts: true, browserName: chrome, browserVersion: 123.0.6312.123, chrome: {chromedriverVersion: 123.0.6312.122 (31f8248cdd9..., userDataDir: C:\Users\dP-PL\AppData\Loca...}, fedcm:accounts: true, goog:chromeOptions: {debuggerAddress: localhost:51256}, javascriptEnabled: true, networkConnectionEnabled: false, pageLoadStrategy: normal, platform: WINDOWS, platformName: WINDOWS, proxy: Proxy(), setWindowRect: true, strictFileInteractability: false, timeouts: {implicit: 0, pageLoad: 300000, script: 30000}, unhandledPromptBehavior: dismiss and notify, webauthn:extension:credBlob: true, webauthn:extension:largeBlob: true, webauthn:extension:minPinLength: true, webauthn:extension:prf: true, webauthn:virtualAuthenticators: true}
Session ID: a59c4df4811f82049fe754efe723d3c1
2024-04-17 18:49:10,850 [main] INFO  base.BaseClass - Trying to find Element By {by.toString()})
2024-04-17 18:49:10,870 [main] INFO  base.BaseClass - Found Element By {by.toString()}
2024-04-17 18:49:10,870 [main] INFO  base.BaseClass - Trying to click on: {element.toString()}
2024-04-17 18:49:11,086 [main] INFO  base.BaseClass - Clicked on: {element.toString()}
2024-04-17 18:49:11,086 [main] INFO  base.BaseClass - Trying to find Element By {by.toString()})
2024-04-17 18:49:12,109 [main] INFO  base.BaseClass - Found Element By {by.toString()}
2024-04-17 18:49:12,645 [main] INFO  base.BaseClass - Trying to find Element By {by.toString()})
2024-04-17 18:49:12,677 [main] INFO  base.BaseClass - Found Element By {by.toString()}
2024-04-17 18:49:13,226 [main] INFO  base.BaseClass - Trying to find Element By {by.toString()})
2024-04-17 18:49:13,258 [main] INFO  base.BaseClass - Found Element By {by.toString()}
2024-04-17 18:49:13,817 [main] INFO  base.BaseClass - Trying to find Element By {by.toString()})
2024-04-17 18:49:13,847 [main] INFO  base.BaseClass - Found Element By {by.toString()}
2024-04-17 18:49:14,392 [main] INFO  base.BaseClass - Trying to find Element By {by.toString()})
2024-04-17 18:49:14,415 [main] INFO  base.BaseClass - Found Element By {by.toString()}
2024-04-17 18:49:14,955 [main] INFO  base.BaseClass - Trying to find Element By {by.toString()})
2024-04-17 18:49:14,985 [main] INFO  base.BaseClass - Found Element By {by.toString()}
2024-04-17 18:49:15,532 [main] INFO  base.BaseClass - Trying to find Element By {by.toString()})
2024-04-17 18:49:15,563 [main] INFO  base.BaseClass - Found Element By {by.toString()}
2024-04-17 18:49:16,094 [main] INFO  base.BaseClass - Trying to find Element By {by.toString()})
2024-04-17 18:49:16,124 [main] INFO  base.BaseClass - Found Element By {by.toString()}
2024-04-17 18:49:16,670 [main] INFO  base.BaseClass - Trying to find Element By {by.toString()})
2024-04-17 18:49:16,698 [main] INFO  base.BaseClass - Found Element By {by.toString()}
2024-04-17 18:49:17,248 [main] INFO  base.BaseClass - Trying to find Element By {by.toString()})
2024-04-17 18:49:17,259 [main] INFO  base.BaseClass - Found Element By {by.toString()}
2024-04-17 18:49:17,777 [main] INFO  base.BaseClass - Trying to find Element By {by.toString()})
2024-04-17 18:49:17,789 [main] INFO  base.BaseClass - Found Element By {by.toString()}
2024-04-17 18:49:18,306 [main] INFO  base.BaseClass - Trying to find Element By {by.toString()})
2024-04-17 18:49:18,337 [main] INFO  base.BaseClass - Found Element By {by.toString()}
2024-04-17 18:49:18,882 [main] INFO  base.BaseClass - Trying to find Element By {by.toString()})
2024-04-17 18:49:18,900 [main] INFO  base.BaseClass - Found Element By {by.toString()}
2024-04-17 18:49:19,427 [main] INFO  base.BaseClass - Trying to find Element By {by.toString()})
2024-04-17 18:49:19,462 [main] INFO  base.BaseClass - Found Element By {by.toString()}
2024-04-17 18:49:20,007 [main] INFO  base.BaseClass - Trying to find Element By {by.toString()})
2024-04-17 18:49:20,022 [main] INFO  base.BaseClass - Found Element By {by.toString()}
2024-04-17 18:49:20,553 [main] INFO  base.BaseClass - Trying to find Element By {by.toString()})
2024-04-17 18:49:20,574 [main] INFO  base.BaseClass - Found Element By {by.toString()}
2024-04-17 18:49:21,114 [main] INFO  base.BaseClass - Trying to find Element By {by.toString()})
2024-04-17 18:49:21,130 [main] INFO  base.BaseClass - Found Element By {by.toString()}
2024-04-17 18:49:21,661 [main] INFO  base.BaseClass - Trying to find Element By {by.toString()})
2024-04-17 18:49:21,672 [main] INFO  base.BaseClass - Found Element By {by.toString()}
2024-04-17 18:49:22,197 [main] INFO  base.BaseClass - Trying to find Element By {by.toString()})
2024-04-17 18:49:22,206 [main] INFO  base.BaseClass - Found Element By {by.toString()}
2024-04-17 18:49:22,733 [main] INFO  base.BaseClass - Trying to find Element By {by.toString()})
2024-04-17 18:49:22,758 [main] INFO  base.BaseClass - Found Element By {by.toString()}
2024-04-17 18:49:23,300 [main] INFO  base.BaseClass - Trying to find Element By {by.toString()})
2024-04-17 18:49:23,314 [main] INFO  base.BaseClass - Found Element By {by.toString()}
2024-04-17 18:49:23,848 [main] INFO  base.BaseClass - Trying to find Element By {by.toString()})
2024-04-17 18:49:23,875 [main] INFO  base.BaseClass - Found Element By {by.toString()}
2024-04-17 18:49:24,429 [main] INFO  base.BaseClass - Trying to find Element By {by.toString()})
2024-04-17 18:49:24,459 [main] INFO  base.BaseClass - Found Element By {by.toString()}
2024-04-17 18:49:25,009 [main] INFO  base.BaseClass - Trying to find Element By {by.toString()})
2024-04-17 18:49:25,025 [main] INFO  base.BaseClass - Found Element By {by.toString()}
2024-04-17 18:49:25,558 [main] INFO  base.BaseClass - Trying to find Element By {by.toString()})
2024-04-17 18:49:25,589 [main] INFO  base.BaseClass - Found Element By {by.toString()}
2024-04-17 18:49:26,135 [main] INFO  base.BaseClass - Trying to find Element By {by.toString()})
2024-04-17 18:49:26,165 [main] INFO  base.BaseClass - Found Element By {by.toString()}
2024-04-17 18:49:26,715 [main] INFO  base.BaseClass - Trying to find Element By {by.toString()})
2024-04-17 18:49:26,746 [main] INFO  base.BaseClass - Found Element By {by.toString()}
2024-04-17 18:49:27,296 [main] INFO  base.BaseClass - Trying to find Element By {by.toString()})
2024-04-17 18:49:27,325 [main] INFO  base.BaseClass - Found Element By {by.toString()}
2024-04-17 18:49:27,878 [main] INFO  base.BaseClass - Trying to find Element By {by.toString()})
2024-04-17 18:49:27,908 [main] INFO  base.BaseClass - Found Element By {by.toString()}
2024-04-17 18:49:28,460 [main] INFO  base.BaseClass - Trying to find Element By {by.toString()})
2024-04-17 18:49:28,490 [main] INFO  base.BaseClass - Found Element By {by.toString()}
2024-04-17 18:49:29,039 [main] INFO  base.BaseClass - Trying to find Element By {by.toString()})
2024-04-17 18:49:29,070 [main] INFO  base.BaseClass - Found Element By {by.toString()}
2024-04-17 18:49:29,620 [main] INFO  base.BaseClass - Trying to find Element By {by.toString()})
2024-04-17 18:49:29,650 [main] INFO  base.BaseClass - Found Element By {by.toString()}
2024-04-17 18:49:30,201 [main] INFO  base.BaseClass - Trying to find Element By {by.toString()})
2024-04-17 18:49:30,230 [main] INFO  base.BaseClass - Found Element By {by.toString()}
2024-04-17 18:49:30,778 [main] INFO  base.BaseClass - Trying to find Element By {by.toString()})
2024-04-17 18:49:30,795 [main] INFO  base.BaseClass - Found Element By {by.toString()}
2024-04-17 18:49:31,326 [main] INFO  base.BaseClass - Trying to find Element By {by.toString()})
2024-04-17 18:49:31,360 [main] INFO  base.BaseClass - Found Element By {by.toString()}
2024-04-17 18:49:31,904 [main] INFO  base.BaseClass - Trying to find Element By {by.toString()})
2024-04-17 18:49:32,002 [main] INFO  base.BaseClass - Found Element By {by.toString()}
2024-04-17 18:49:32,533 [main] INFO  base.BaseClass - Trying to find Element By {by.toString()})
2024-04-17 18:49:32,562 [main] INFO  base.BaseClass - Found Element By {by.toString()}
2024-04-17 18:49:33,110 [main] INFO  base.BaseClass - Trying to find Element By {by.toString()})
2024-04-17 18:49:33,140 [main] INFO  base.BaseClass - Found Element By {by.toString()}
2024-04-17 18:49:33,674 [main] INFO  base.BaseClass - Trying to find Element By {by.toString()})
2024-04-17 18:49:33,703 [main] INFO  base.BaseClass - Found Element By {by.toString()}
2024-04-17 18:49:34,249 [main] INFO  base.BaseClass - Trying to find Element By {by.toString()})
2024-04-17 18:49:34,276 [main] INFO  base.BaseClass - Found Element By {by.toString()}
2024-04-17 18:49:34,826 [main] INFO  base.BaseClass - Trying to find Element By {by.toString()})
2024-04-17 18:49:34,856 [main] INFO  base.BaseClass - Found Element By {by.toString()}
2024-04-17 18:49:35,404 [main] INFO  base.BaseClass - Trying to find Element By {by.toString()})
2024-04-17 18:49:35,429 [main] INFO  base.BaseClass - Found Element By {by.toString()}
2024-04-17 18:49:35,953 [main] INFO  base.BaseClass - Trying to find Element By {by.toString()})
2024-04-17 18:49:36,335 [main] INFO  base.BaseClass - Found Element By {by.toString()}
2024-04-17 18:49:36,882 [main] INFO  base.BaseClass - Trying to find Element By {by.toString()})
2024-04-17 18:49:36,913 [main] INFO  base.BaseClass - Found Element By {by.toString()}
2024-04-17 18:49:37,459 [main] INFO  base.BaseClass - Trying to find Element By {by.toString()})
2024-04-17 18:49:37,490 [main] INFO  base.BaseClass - Found Element By {by.toString()}
2024-04-17 18:49:38,040 [main] INFO  base.BaseClass - Trying to find Element By {by.toString()})
2024-04-17 18:49:38,070 [main] INFO  base.BaseClass - Found Element By {by.toString()}
2024-04-17 18:49:38,618 [main] INFO  base.BaseClass - Trying to find Element By {by.toString()})
2024-04-17 18:49:38,650 [main] INFO  base.BaseClass - Found Element By {by.toString()}
2024-04-17 18:49:39,192 [main] INFO  base.BaseClass - Trying to find Element By {by.toString()})
2024-04-17 18:49:39,217 [main] INFO  base.BaseClass - Found Element By {by.toString()}
2024-04-17 18:49:39,755 [main] INFO  base.BaseClass - Trying to find Element By {by.toString()})
2024-04-17 18:49:39,787 [main] INFO  base.BaseClass - Found Element By {by.toString()}
2024-04-17 18:49:40,336 [main] INFO  base.BaseClass - Trying to find Element By {by.toString()})
2024-04-17 18:49:40,370 [main] INFO  base.BaseClass - Found Element By {by.toString()}
2024-04-17 18:49:40,919 [main] INFO  base.BaseClass - Trying to find Element By {by.toString()})
2024-04-17 18:49:40,951 [main] INFO  base.BaseClass - Found Element By {by.toString()}
2024-04-17 18:49:41,497 [main] INFO  base.BaseClass - Trying to find Element By {by.toString()})
2024-04-17 18:49:41,527 [main] INFO  base.BaseClass - Found Element By {by.toString()}
TimeoutException occurred: Expected condition failed: waiting for helper.WaitUtility$5@5e3dd193 (tried for 30 second(s) with 500 milliseconds interval)
Build info: version: '3.141.59', revision: 'e82be7d358', time: '2018-11-14T08:17:03'
System info: host: 'DPLAP166', ip: '137.237.2.236', os.name: 'Windows 10', os.arch: 'amd64', os.version: '10.0', java.version: '19.0.1'
Driver info: org.openqa.selenium.support.events.EventFiringWebDriver
Capabilities {acceptInsecureCerts: true, browserName: chrome, browserVersion: 123.0.6312.123, chrome: {chromedriverVersion: 123.0.6312.122 (31f8248cdd9..., userDataDir: C:\Users\dP-PL\AppData\Loca...}, fedcm:accounts: true, goog:chromeOptions: {debuggerAddress: localhost:51256}, javascriptEnabled: true, networkConnectionEnabled: false, pageLoadStrategy: normal, platform: WINDOWS, platformName: WINDOWS, proxy: Proxy(), setWindowRect: true, strictFileInteractability: false, timeouts: {implicit: 0, pageLoad: 300000, script: 30000}, unhandledPromptBehavior: dismiss and notify, webauthn:extension:credBlob: true, webauthn:extension:largeBlob: true, webauthn:extension:minPinLength: true, webauthn:extension:prf: true, webauthn:virtualAuthenticators: true}
Session ID: a59c4df4811f82049fe754efe723d3c1
2024-04-17 18:49:41,572 [main] ERROR RotationCopy_test - Element did not become visible within the specified time: Expected condition failed: waiting for helper.WaitUtility$5@5e3dd193 (tried for 30 second(s) with 500 milliseconds interval)
Build info: version: '3.141.59', revision: 'e82be7d358', time: '2018-11-14T08:17:03'
System info: host: 'DPLAP166', ip: '137.237.2.236', os.name: 'Windows 10', os.arch: 'amd64', os.version: '10.0', java.version: '19.0.1'
Driver info: org.openqa.selenium.support.events.EventFiringWebDriver
Capabilities {acceptInsecureCerts: true, browserName: chrome, browserVersion: 123.0.6312.123, chrome: {chromedriverVersion: 123.0.6312.122 (31f8248cdd9..., userDataDir: C:\Users\dP-PL\AppData\Loca...}, fedcm:accounts: true, goog:chromeOptions: {debuggerAddress: localhost:51256}, javascriptEnabled: true, networkConnectionEnabled: false, pageLoadStrategy: normal, platform: WINDOWS, platformName: WINDOWS, proxy: Proxy(), setWindowRect: true, strictFileInteractability: false, timeouts: {implicit: 0, pageLoad: 300000, script: 30000}, unhandledPromptBehavior: dismiss and notify, webauthn:extension:credBlob: true, webauthn:extension:largeBlob: true, webauthn:extension:minPinLength: true, webauthn:extension:prf: true, webauthn:virtualAuthenticators: true}
Session ID: a59c4df4811f82049fe754efe723d3c1
2024-04-17 18:49:41,572 [main] INFO  base.BaseClass - Trying to find Element By {by.toString()})
2024-04-17 18:49:41,600 [main] INFO  base.BaseClass - Found Element By {by.toString()}
2024-04-17 18:49:41,600 [main] INFO  base.BaseClass - Trying to click on: {element.toString()}
2024-04-17 18:49:41,755 [main] INFO  base.BaseClass - Clicked on: {element.toString()}
2024-04-17 18:49:41,755 [main] INFO  base.BaseClass - Trying to find Element By {by.toString()})
2024-04-17 18:49:41,774 [main] INFO  base.BaseClass - Found Element By {by.toString()}
2024-04-17 18:49:42,308 [main] INFO  base.BaseClass - Trying to find Element By {by.toString()})
2024-04-17 18:49:42,340 [main] INFO  base.BaseClass - Found Element By {by.toString()}
2024-04-17 18:49:42,884 [main] INFO  base.BaseClass - Trying to find Element By {by.toString()})
2024-04-17 18:49:42,917 [main] INFO  base.BaseClass - Found Element By {by.toString()}
2024-04-17 18:49:43,460 [main] INFO  base.BaseClass - Trying to find Element By {by.toString()})
2024-04-17 18:49:43,477 [main] INFO  base.BaseClass - Found Element By {by.toString()}
2024-04-17 18:49:44,006 [main] INFO  base.BaseClass - Trying to find Element By {by.toString()})
2024-04-17 18:49:44,037 [main] INFO  base.BaseClass - Found Element By {by.toString()}
2024-04-17 18:49:44,600 [main] INFO  base.BaseClass - Trying to find Element By {by.toString()})
2024-04-17 18:49:44,629 [main] INFO  base.BaseClass - Found Element By {by.toString()}
2024-04-17 18:49:45,179 [main] INFO  base.BaseClass - Trying to find Element By {by.toString()})
2024-04-17 18:49:45,206 [main] INFO  base.BaseClass - Found Element By {by.toString()}
2024-04-17 18:49:45,733 [main] INFO  base.BaseClass - Trying to find Element By {by.toString()})
2024-04-17 18:49:45,749 [main] INFO  base.BaseClass - Found Element By {by.toString()}
2024-04-17 18:49:46,271 [main] INFO  base.BaseClass - Trying to find Element By {by.toString()})
2024-04-17 18:49:46,329 [main] INFO  base.BaseClass - Found Element By {by.toString()}
2024-04-17 18:49:46,868 [main] INFO  base.BaseClass - Trying to find Element By {by.toString()})
2024-04-17 18:49:46,883 [main] INFO  base.BaseClass - Found Element By {by.toString()}
2024-04-17 18:49:47,408 [main] INFO  base.BaseClass - Trying to find Element By {by.toString()})
2024-04-17 18:49:47,421 [main] INFO  base.BaseClass - Found Element By {by.toString()}
2024-04-17 18:49:47,943 [main] INFO  base.BaseClass - Trying to find Element By {by.toString()})
2024-04-17 18:49:47,959 [main] INFO  base.BaseClass - Found Element By {by.toString()}
2024-04-17 18:49:48,495 [main] INFO  base.BaseClass - Trying to find Element By {by.toString()})
2024-04-17 18:49:48,510 [main] INFO  base.BaseClass - Found Element By {by.toString()}
2024-04-17 18:49:49,048 [main] INFO  base.BaseClass - Trying to find Element By {by.toString()})
2024-04-17 18:49:49,060 [main] INFO  base.BaseClass - Found Element By {by.toString()}
2024-04-17 18:49:49,586 [main] INFO  base.BaseClass - Trying to find Element By {by.toString()})
2024-04-17 18:49:49,600 [main] INFO  base.BaseClass - Found Element By {by.toString()}
2024-04-17 18:49:50,120 [main] INFO  base.BaseClass - Trying to find Element By {by.toString()})
2024-04-17 18:49:50,141 [main] INFO  base.BaseClass - Found Element By {by.toString()}
2024-04-17 18:49:50,674 [main] INFO  base.BaseClass - Trying to find Element By {by.toString()})
2024-04-17 18:49:50,685 [main] INFO  base.BaseClass - Found Element By {by.toString()}
2024-04-17 18:49:51,213 [main] INFO  base.BaseClass - Trying to find Element By {by.toString()})
2024-04-17 18:49:51,229 [main] INFO  base.BaseClass - Found Element By {by.toString()}
2024-04-17 18:49:51,765 [main] INFO  base.BaseClass - Trying to find Element By {by.toString()})
2024-04-17 18:49:51,777 [main] INFO  base.BaseClass - Found Element By {by.toString()}
2024-04-17 18:49:52,299 [main] INFO  base.BaseClass - Trying to find Element By {by.toString()})
2024-04-17 18:49:52,322 [main] INFO  base.BaseClass - Found Element By {by.toString()}
2024-04-17 18:49:52,862 [main] INFO  base.BaseClass - Trying to find Element By {by.toString()})
2024-04-17 18:49:52,889 [main] INFO  base.BaseClass - Found Element By {by.toString()}
2024-04-17 18:49:53,426 [main] INFO  base.BaseClass - Trying to find Element By {by.toString()})
2024-04-17 18:49:53,454 [main] INFO  base.BaseClass - Found Element By {by.toString()}
2024-04-17 18:49:54,002 [main] INFO  base.BaseClass - Trying to find Element By {by.toString()})
2024-04-17 18:49:54,033 [main] INFO  base.BaseClass - Found Element By {by.toString()}
2024-04-17 18:49:54,580 [main] INFO  base.BaseClass - Trying to find Element By {by.toString()})
2024-04-17 18:49:54,609 [main] INFO  base.BaseClass - Found Element By {by.toString()}
2024-04-17 18:49:55,144 [main] INFO  base.BaseClass - Trying to find Element By {by.toString()})
2024-04-17 18:49:55,172 [main] INFO  base.BaseClass - Found Element By {by.toString()}
2024-04-17 18:49:55,710 [main] INFO  base.BaseClass - Trying to find Element By {by.toString()})
2024-04-17 18:49:55,740 [main] INFO  base.BaseClass - Found Element By {by.toString()}
2024-04-17 18:49:56,271 [main] INFO  base.BaseClass - Trying to find Element By {by.toString()})
2024-04-17 18:49:56,304 [main] INFO  base.BaseClass - Found Element By {by.toString()}
2024-04-17 18:49:56,834 [main] INFO  base.BaseClass - Trying to find Element By {by.toString()})
2024-04-17 18:49:56,864 [main] INFO  base.BaseClass - Found Element By {by.toString()}
2024-04-17 18:49:57,413 [main] INFO  base.BaseClass - Trying to find Element By {by.toString()})
2024-04-17 18:49:57,443 [main] INFO  base.BaseClass - Found Element By {by.toString()}
2024-04-17 18:49:57,989 [main] INFO  base.BaseClass - Trying to find Element By {by.toString()})
2024-04-17 18:49:58,248 [main] INFO  base.BaseClass - Found Element By {by.toString()}
2024-04-17 18:49:58,802 [main] INFO  base.BaseClass - Trying to find Element By {by.toString()})
2024-04-17 18:49:58,823 [main] INFO  base.BaseClass - Found Element By {by.toString()}
2024-04-17 18:49:59,360 [main] INFO  base.BaseClass - Trying to find Element By {by.toString()})
2024-04-17 18:49:59,377 [main] INFO  base.BaseClass - Found Element By {by.toString()}
2024-04-17 18:49:59,905 [main] INFO  base.BaseClass - Trying to find Element By {by.toString()})
2024-04-17 18:49:59,935 [main] INFO  base.BaseClass - Found Element By {by.toString()}
2024-04-17 18:50:00,483 [main] INFO  base.BaseClass - Trying to find Element By {by.toString()})
2024-04-17 18:50:00,518 [main] INFO  base.BaseClass - Found Element By {by.toString()}
2024-04-17 18:50:01,075 [main] INFO  base.BaseClass - Trying to find Element By {by.toString()})
2024-04-17 18:50:01,178 [main] INFO  base.BaseClass - Found Element By {by.toString()}
2024-04-17 18:50:01,731 [main] INFO  base.BaseClass - Trying to find Element By {by.toString()})
2024-04-17 18:50:01,761 [main] INFO  base.BaseClass - Found Element By {by.toString()}
2024-04-17 18:50:02,309 [main] INFO  base.BaseClass - Trying to find Element By {by.toString()})
2024-04-17 18:50:02,914 [main] INFO  base.BaseClass - Found Element By {by.toString()}
2024-04-17 18:50:03,458 [main] INFO  base.BaseClass - Trying to find Element By {by.toString()})
2024-04-17 18:50:03,491 [main] INFO  base.BaseClass - Found Element By {by.toString()}
2024-04-17 18:50:04,036 [main] INFO  base.BaseClass - Trying to find Element By {by.toString()})
2024-04-17 18:50:04,068 [main] INFO  base.BaseClass - Found Element By {by.toString()}
2024-04-17 18:50:04,626 [main] INFO  base.BaseClass - Trying to find Element By {by.toString()})
2024-04-17 18:50:05,011 [main] INFO  base.BaseClass - Found Element By {by.toString()}
2024-04-17 18:50:05,564 [main] INFO  base.BaseClass - Trying to find Element By {by.toString()})
2024-04-17 18:50:05,600 [main] INFO  base.BaseClass - Found Element By {by.toString()}
2024-04-17 18:50:06,143 [main] INFO  base.BaseClass - Trying to find Element By {by.toString()})
2024-04-17 18:50:06,169 [main] INFO  base.BaseClass - Found Element By {by.toString()}
2024-04-17 18:50:06,705 [main] INFO  base.BaseClass - Trying to find Element By {by.toString()})
2024-04-17 18:50:06,739 [main] INFO  base.BaseClass - Found Element By {by.toString()}
2024-04-17 18:50:07,297 [main] INFO  base.BaseClass - Trying to find Element By {by.toString()})
2024-04-17 18:50:07,325 [main] INFO  base.BaseClass - Found Element By {by.toString()}
2024-04-17 18:50:07,878 [main] INFO  base.BaseClass - Trying to find Element By {by.toString()})
2024-04-17 18:50:07,908 [main] INFO  base.BaseClass - Found Element By {by.toString()}
2024-04-17 18:50:08,443 [main] INFO  base.BaseClass - Trying to find Element By {by.toString()})
2024-04-17 18:50:08,472 [main] INFO  base.BaseClass - Found Element By {by.toString()}
2024-04-17 18:50:09,021 [main] INFO  base.BaseClass - Trying to find Element By {by.toString()})
2024-04-17 18:50:09,035 [main] INFO  base.BaseClass - Found Element By {by.toString()}
2024-04-17 18:50:09,552 [main] INFO  base.BaseClass - Trying to find Element By {by.toString()})
2024-04-17 18:50:09,574 [main] INFO  base.BaseClass - Found Element By {by.toString()}
2024-04-17 18:50:10,114 [main] INFO  base.BaseClass - Trying to find Element By {by.toString()})
2024-04-17 18:50:10,128 [main] INFO  base.BaseClass - Found Element By {by.toString()}
2024-04-17 18:50:10,665 [main] INFO  base.BaseClass - Trying to find Element By {by.toString()})
2024-04-17 18:50:10,695 [main] INFO  base.BaseClass - Found Element By {by.toString()}
2024-04-17 18:50:11,242 [main] INFO  base.BaseClass - Trying to find Element By {by.toString()})
2024-04-17 18:50:11,275 [main] INFO  base.BaseClass - Found Element By {by.toString()}
2024-04-17 18:50:11,821 [main] INFO  base.BaseClass - Trying to find Element By {by.toString()})
2024-04-17 18:50:11,855 [main] INFO  base.BaseClass - Found Element By {by.toString()}
TimeoutException occurred: Expected condition failed: waiting for helper.WaitUtility$5@3eacf1af (tried for 30 second(s) with 500 milliseconds interval)
Build info: version: '3.141.59', revision: 'e82be7d358', time: '2018-11-14T08:17:03'
System info: host: 'DPLAP166', ip: '137.237.2.236', os.name: 'Windows 10', os.arch: 'amd64', os.version: '10.0', java.version: '19.0.1'
Driver info: org.openqa.selenium.support.events.EventFiringWebDriver
Capabilities {acceptInsecureCerts: true, browserName: chrome, browserVersion: 123.0.6312.123, chrome: {chromedriverVersion: 123.0.6312.122 (31f8248cdd9..., userDataDir: C:\Users\dP-PL\AppData\Loca...}, fedcm:accounts: true, goog:chromeOptions: {debuggerAddress: localhost:51256}, javascriptEnabled: true, networkConnectionEnabled: false, pageLoadStrategy: normal, platform: WINDOWS, platformName: WINDOWS, proxy: Proxy(), setWindowRect: true, strictFileInteractability: false, timeouts: {implicit: 0, pageLoad: 300000, script: 30000}, unhandledPromptBehavior: dismiss and notify, webauthn:extension:credBlob: true, webauthn:extension:largeBlob: true, webauthn:extension:minPinLength: true, webauthn:extension:prf: true, webauthn:virtualAuthenticators: true}
Session ID: a59c4df4811f82049fe754efe723d3c1
2024-04-17 18:50:11,900 [main] ERROR RotationCopy_test - Element did not become visible within the specified time: Expected condition failed: waiting for helper.WaitUtility$5@3eacf1af (tried for 30 second(s) with 500 milliseconds interval)
Build info: version: '3.141.59', revision: 'e82be7d358', time: '2018-11-14T08:17:03'
System info: host: 'DPLAP166', ip: '137.237.2.236', os.name: 'Windows 10', os.arch: 'amd64', os.version: '10.0', java.version: '19.0.1'
Driver info: org.openqa.selenium.support.events.EventFiringWebDriver
Capabilities {acceptInsecureCerts: true, browserName: chrome, browserVersion: 123.0.6312.123, chrome: {chromedriverVersion: 123.0.6312.122 (31f8248cdd9..., userDataDir: C:\Users\dP-PL\AppData\Loca...}, fedcm:accounts: true, goog:chromeOptions: {debuggerAddress: localhost:51256}, javascriptEnabled: true, networkConnectionEnabled: false, pageLoadStrategy: normal, platform: WINDOWS, platformName: WINDOWS, proxy: Proxy(), setWindowRect: true, strictFileInteractability: false, timeouts: {implicit: 0, pageLoad: 300000, script: 30000}, unhandledPromptBehavior: dismiss and notify, webauthn:extension:credBlob: true, webauthn:extension:largeBlob: true, webauthn:extension:minPinLength: true, webauthn:extension:prf: true, webauthn:virtualAuthenticators: true}
Session ID: a59c4df4811f82049fe754efe723d3c1
2024-04-17 18:50:11,901 [main] INFO  base.BaseClass - Trying to find Element By {by.toString()})
2024-04-17 18:50:11,924 [main] INFO  base.BaseClass - Found Element By {by.toString()}
2024-04-17 18:50:11,924 [main] INFO  base.BaseClass - Trying to click on: {element.toString()}
2024-04-17 18:50:12,158 [main] INFO  base.BaseClass - Clicked on: {element.toString()}
2024-04-17 18:50:12,164 [main] INFO  base.BaseClass - Trying to find Element By {by.toString()})
2024-04-17 18:50:12,224 [main] INFO  base.BaseClass - Found Element By {by.toString()}
2024-04-17 18:50:12,790 [main] INFO  base.BaseClass - Trying to find Element By {by.toString()})
2024-04-17 18:50:12,818 [main] INFO  base.BaseClass - Found Element By {by.toString()}
2024-04-17 18:50:13,340 [main] INFO  base.BaseClass - Trying to find Element By {by.toString()})
2024-04-17 18:50:13,373 [main] INFO  base.BaseClass - Found Element By {by.toString()}
2024-04-17 18:50:13,922 [main] INFO  base.BaseClass - Trying to find Element By {by.toString()})
2024-04-17 18:50:13,953 [main] INFO  base.BaseClass - Found Element By {by.toString()}
2024-04-17 18:50:14,498 [main] INFO  base.BaseClass - Trying to find Element By {by.toString()})
2024-04-17 18:50:14,528 [main] INFO  base.BaseClass - Found Element By {by.toString()}
2024-04-17 18:50:15,075 [main] INFO  base.BaseClass - Trying to find Element By {by.toString()})
2024-04-17 18:50:15,103 [main] INFO  base.BaseClass - Found Element By {by.toString()}
2024-04-17 18:50:15,654 [main] INFO  base.BaseClass - Trying to find Element By {by.toString()})
2024-04-17 18:50:15,681 [main] INFO  base.BaseClass - Found Element By {by.toString()}
2024-04-17 18:50:16,231 [main] INFO  base.BaseClass - Trying to find Element By {by.toString()})
2024-04-17 18:50:16,259 [main] INFO  base.BaseClass - Found Element By {by.toString()}
2024-04-17 18:50:16,806 [main] INFO  base.BaseClass - Trying to find Element By {by.toString()})
2024-04-17 18:50:16,834 [main] INFO  base.BaseClass - Found Element By {by.toString()}
2024-04-17 18:50:17,384 [main] INFO  base.BaseClass - Trying to find Element By {by.toString()})
2024-04-17 18:50:17,414 [main] INFO  base.BaseClass - Found Element By {by.toString()}
2024-04-17 18:50:17,949 [main] INFO  base.BaseClass - Trying to find Element By {by.toString()})
2024-04-17 18:50:17,977 [main] INFO  base.BaseClass - Found Element By {by.toString()}
2024-04-17 18:50:18,516 [main] INFO  base.BaseClass - Trying to find Element By {by.toString()})
2024-04-17 18:50:18,539 [main] INFO  base.BaseClass - Found Element By {by.toString()}
2024-04-17 18:50:19,090 [main] INFO  base.BaseClass - Trying to find Element By {by.toString()})
2024-04-17 18:50:19,112 [main] INFO  base.BaseClass - Found Element By {by.toString()}
2024-04-17 18:50:19,654 [main] INFO  base.BaseClass - Trying to find Element By {by.toString()})
2024-04-17 18:50:19,684 [main] INFO  base.BaseClass - Found Element By {by.toString()}
2024-04-17 18:50:20,232 [main] INFO  base.BaseClass - Trying to find Element By {by.toString()})
2024-04-17 18:50:20,260 [main] INFO  base.BaseClass - Found Element By {by.toString()}
2024-04-17 18:50:20,808 [main] INFO  base.BaseClass - Trying to find Element By {by.toString()})
2024-04-17 18:50:20,837 [main] INFO  base.BaseClass - Found Element By {by.toString()}
2024-04-17 18:50:21,383 [main] INFO  base.BaseClass - Trying to find Element By {by.toString()})
2024-04-17 18:50:21,413 [main] INFO  base.BaseClass - Found Element By {by.toString()}
2024-04-17 18:50:21,960 [main] INFO  base.BaseClass - Trying to find Element By {by.toString()})
2024-04-17 18:50:21,989 [main] INFO  base.BaseClass - Found Element By {by.toString()}
2024-04-17 18:50:22,524 [main] INFO  base.BaseClass - Trying to find Element By {by.toString()})
2024-04-17 18:50:22,552 [main] INFO  base.BaseClass - Found Element By {by.toString()}
2024-04-17 18:50:23,100 [main] INFO  base.BaseClass - Trying to find Element By {by.toString()})
2024-04-17 18:50:23,130 [main] INFO  base.BaseClass - Found Element By {by.toString()}
2024-04-17 18:50:23,678 [main] INFO  base.BaseClass - Trying to find Element By {by.toString()})
2024-04-17 18:50:23,710 [main] INFO  base.BaseClass - Found Element By {by.toString()}
2024-04-17 18:50:24,247 [main] INFO  base.BaseClass - Trying to find Element By {by.toString()})
2024-04-17 18:50:24,276 [main] INFO  base.BaseClass - Found Element By {by.toString()}
2024-04-17 18:50:24,824 [main] INFO  base.BaseClass - Trying to find Element By {by.toString()})
2024-04-17 18:50:24,853 [main] INFO  base.BaseClass - Found Element By {by.toString()}
2024-04-17 18:50:25,404 [main] INFO  base.BaseClass - Trying to find Element By {by.toString()})
2024-04-17 18:50:25,417 [main] INFO  base.BaseClass - Found Element By {by.toString()}
2024-04-17 18:50:25,949 [main] INFO  base.BaseClass - Trying to find Element By {by.toString()})
2024-04-17 18:50:25,977 [main] INFO  base.BaseClass - Found Element By {by.toString()}
2024-04-17 18:50:26,526 [main] INFO  base.BaseClass - Trying to find Element By {by.toString()})
2024-04-17 18:50:26,550 [main] INFO  base.BaseClass - Found Element By {by.toString()}
2024-04-17 18:50:27,086 [main] INFO  base.BaseClass - Trying to find Element By {by.toString()})
2024-04-17 18:50:27,118 [main] INFO  base.BaseClass - Found Element By {by.toString()}
2024-04-17 18:50:27,663 [main] INFO  base.BaseClass - Trying to find Element By {by.toString()})
2024-04-17 18:50:27,687 [main] INFO  base.BaseClass - Found Element By {by.toString()}
2024-04-17 18:50:28,222 [main] INFO  base.BaseClass - Trying to find Element By {by.toString()})
2024-04-17 18:50:28,251 [main] INFO  base.BaseClass - Found Element By {by.toString()}
2024-04-17 18:50:28,800 [main] INFO  base.BaseClass - Trying to find Element By {by.toString()})
2024-04-17 18:50:28,819 [main] INFO  base.BaseClass - Found Element By {by.toString()}
2024-04-17 18:50:29,361 [main] INFO  base.BaseClass - Trying to find Element By {by.toString()})
2024-04-17 18:50:29,388 [main] INFO  base.BaseClass - Found Element By {by.toString()}
2024-04-17 18:50:29,940 [main] INFO  base.BaseClass - Trying to find Element By {by.toString()})
2024-04-17 18:50:29,970 [main] INFO  base.BaseClass - Found Element By {by.toString()}
2024-04-17 18:50:30,522 [main] INFO  base.BaseClass - Trying to find Element By {by.toString()})
2024-04-17 18:50:30,551 [main] INFO  base.BaseClass - Found Element By {by.toString()}
2024-04-17 18:50:31,099 [main] INFO  base.BaseClass - Trying to find Element By {by.toString()})
2024-04-17 18:50:31,127 [main] INFO  base.BaseClass - Found Element By {by.toString()}
2024-04-17 18:50:31,675 [main] INFO  base.BaseClass - Trying to find Element By {by.toString()})
2024-04-17 18:50:31,705 [main] INFO  base.BaseClass - Found Element By {by.toString()}
2024-04-17 18:50:32,253 [main] INFO  base.BaseClass - Trying to find Element By {by.toString()})
2024-04-17 18:50:32,282 [main] INFO  base.BaseClass - Found Element By {by.toString()}
2024-04-17 18:50:32,830 [main] INFO  base.BaseClass - Trying to find Element By {by.toString()})
2024-04-17 18:50:32,849 [main] INFO  base.BaseClass - Found Element By {by.toString()}
2024-04-17 18:50:33,391 [main] INFO  base.BaseClass - Trying to find Element By {by.toString()})
2024-04-17 18:50:33,420 [main] INFO  base.BaseClass - Found Element By {by.toString()}
2024-04-17 18:50:33,970 [main] INFO  base.BaseClass - Trying to find Element By {by.toString()})
2024-04-17 18:50:33,998 [main] INFO  base.BaseClass - Found Element By {by.toString()}
2024-04-17 18:50:34,546 [main] INFO  base.BaseClass - Trying to find Element By {by.toString()})
2024-04-17 18:50:34,574 [main] INFO  base.BaseClass - Found Element By {by.toString()}
2024-04-17 18:50:35,125 [main] INFO  base.BaseClass - Trying to find Element By {by.toString()})
2024-04-17 18:50:35,153 [main] INFO  base.BaseClass - Found Element By {by.toString()}
2024-04-17 18:50:35,704 [main] INFO  base.BaseClass - Trying to find Element By {by.toString()})
2024-04-17 18:50:35,733 [main] INFO  base.BaseClass - Found Element By {by.toString()}
2024-04-17 18:50:36,296 [main] INFO  base.BaseClass - Trying to find Element By {by.toString()})
2024-04-17 18:50:36,323 [main] INFO  base.BaseClass - Found Element By {by.toString()}
2024-04-17 18:50:36,873 [main] INFO  base.BaseClass - Trying to find Element By {by.toString()})
2024-04-17 18:50:36,884 [main] INFO  base.BaseClass - Found Element By {by.toString()}
2024-04-17 18:50:37,402 [main] INFO  base.BaseClass - Trying to find Element By {by.toString()})
2024-04-17 18:50:37,413 [main] INFO  base.BaseClass - Found Element By {by.toString()}
2024-04-17 18:50:37,935 [main] INFO  base.BaseClass - Trying to find Element By {by.toString()})
2024-04-17 18:50:37,949 [main] INFO  base.BaseClass - Found Element By {by.toString()}
2024-04-17 18:50:38,481 [main] INFO  base.BaseClass - Trying to find Element By {by.toString()})
2024-04-17 18:50:38,498 [main] INFO  base.BaseClass - Found Element By {by.toString()}
2024-04-17 18:50:39,025 [main] INFO  base.BaseClass - Trying to find Element By {by.toString()})
2024-04-17 18:50:39,058 [main] INFO  base.BaseClass - Found Element By {by.toString()}
2024-04-17 18:50:39,603 [main] INFO  base.BaseClass - Trying to find Element By {by.toString()})
2024-04-17 18:50:39,621 [main] INFO  base.BaseClass - Found Element By {by.toString()}
2024-04-17 18:50:40,148 [main] INFO  base.BaseClass - Trying to find Element By {by.toString()})
2024-04-17 18:50:40,160 [main] INFO  base.BaseClass - Found Element By {by.toString()}
2024-04-17 18:50:40,677 [main] INFO  base.BaseClass - Trying to find Element By {by.toString()})
2024-04-17 18:50:40,685 [main] INFO  base.BaseClass - Found Element By {by.toString()}
2024-04-17 18:50:41,206 [main] INFO  base.BaseClass - Trying to find Element By {by.toString()})
2024-04-17 18:50:41,238 [main] INFO  base.BaseClass - Found Element By {by.toString()}
2024-04-17 18:50:41,786 [main] INFO  base.BaseClass - Trying to find Element By {by.toString()})
2024-04-17 18:50:41,810 [main] INFO  base.BaseClass - Found Element By {by.toString()}
2024-04-17 18:50:42,351 [main] INFO  base.BaseClass - Trying to find Element By {by.toString()})
2024-04-17 18:50:42,381 [main] INFO  base.BaseClass - Found Element By {by.toString()}
TimeoutException occurred: Expected condition failed: waiting for helper.WaitUtility$5@65f023be (tried for 30 second(s) with 500 milliseconds interval)
Build info: version: '3.141.59', revision: 'e82be7d358', time: '2018-11-14T08:17:03'
System info: host: 'DPLAP166', ip: '137.237.2.236', os.name: 'Windows 10', os.arch: 'amd64', os.version: '10.0', java.version: '19.0.1'
Driver info: org.openqa.selenium.support.events.EventFiringWebDriver
Capabilities {acceptInsecureCerts: true, browserName: chrome, browserVersion: 123.0.6312.123, chrome: {chromedriverVersion: 123.0.6312.122 (31f8248cdd9..., userDataDir: C:\Users\dP-PL\AppData\Loca...}, fedcm:accounts: true, goog:chromeOptions: {debuggerAddress: localhost:51256}, javascriptEnabled: true, networkConnectionEnabled: false, pageLoadStrategy: normal, platform: WINDOWS, platformName: WINDOWS, proxy: Proxy(), setWindowRect: true, strictFileInteractability: false, timeouts: {implicit: 0, pageLoad: 300000, script: 30000}, unhandledPromptBehavior: dismiss and notify, webauthn:extension:credBlob: true, webauthn:extension:largeBlob: true, webauthn:extension:minPinLength: true, webauthn:extension:prf: true, webauthn:virtualAuthenticators: true}
Session ID: a59c4df4811f82049fe754efe723d3c1
2024-04-17 18:50:42,421 [main] ERROR RotationCopy_test - Element did not become visible within the specified time: Expected condition failed: waiting for helper.WaitUtility$5@65f023be (tried for 30 second(s) with 500 milliseconds interval)
Build info: version: '3.141.59', revision: 'e82be7d358', time: '2018-11-14T08:17:03'
System info: host: 'DPLAP166', ip: '137.237.2.236', os.name: 'Windows 10', os.arch: 'amd64', os.version: '10.0', java.version: '19.0.1'
Driver info: org.openqa.selenium.support.events.EventFiringWebDriver
Capabilities {acceptInsecureCerts: true, browserName: chrome, browserVersion: 123.0.6312.123, chrome: {chromedriverVersion: 123.0.6312.122 (31f8248cdd9..., userDataDir: C:\Users\dP-PL\AppData\Loca...}, fedcm:accounts: true, goog:chromeOptions: {debuggerAddress: localhost:51256}, javascriptEnabled: true, networkConnectionEnabled: false, pageLoadStrategy: normal, platform: WINDOWS, platformName: WINDOWS, proxy: Proxy(), setWindowRect: true, strictFileInteractability: false, timeouts: {implicit: 0, pageLoad: 300000, script: 30000}, unhandledPromptBehavior: dismiss and notify, webauthn:extension:credBlob: true, webauthn:extension:largeBlob: true, webauthn:extension:minPinLength: true, webauthn:extension:prf: true, webauthn:virtualAuthenticators: true}
Session ID: a59c4df4811f82049fe754efe723d3c1
2024-04-17 18:50:42,421 [main] INFO  base.BaseClass - Trying to find Element By {by.toString()})
2024-04-17 18:50:42,436 [main] INFO  base.BaseClass - Found Element By {by.toString()}
2024-04-17 18:50:42,436 [main] INFO  base.BaseClass - Trying to click on: {element.toString()}
2024-04-17 18:50:42,538 [main] INFO  base.BaseClass - Clicked on: {element.toString()}
2024-04-17 18:50:42,544 [main] INFO  base.BaseClass - Trying to find Element By {by.toString()})
2024-04-17 18:50:42,557 [main] INFO  base.BaseClass - Found Element By {by.toString()}
2024-04-17 18:50:43,082 [main] INFO  base.BaseClass - Trying to find Element By {by.toString()})
2024-04-17 18:50:43,575 [main] INFO  base.BaseClass - Found Element By {by.toString()}
2024-04-17 18:50:44,111 [main] INFO  base.BaseClass - Trying to find Element By {by.toString()})
2024-04-17 18:50:44,147 [main] INFO  base.BaseClass - Found Element By {by.toString()}
2024-04-17 18:50:44,703 [main] INFO  base.BaseClass - Trying to find Element By {by.toString()})
2024-04-17 18:50:44,735 [main] INFO  base.BaseClass - Found Element By {by.toString()}
2024-04-17 18:50:45,270 [main] INFO  base.BaseClass - Trying to find Element By {by.toString()})
2024-04-17 18:50:45,286 [main] INFO  base.BaseClass - Found Element By {by.toString()}
2024-04-17 18:50:45,818 [main] INFO  base.BaseClass - Trying to find Element By {by.toString()})
2024-04-17 18:50:45,851 [main] INFO  base.BaseClass - Found Element By {by.toString()}
2024-04-17 18:50:46,379 [main] INFO  base.BaseClass - Trying to find Element By {by.toString()})
2024-04-17 18:50:46,412 [main] INFO  base.BaseClass - Found Element By {by.toString()}
2024-04-17 18:50:46,957 [main] INFO  base.BaseClass - Trying to find Element By {by.toString()})
2024-04-17 18:50:46,985 [main] INFO  base.BaseClass - Found Element By {by.toString()}
2024-04-17 18:50:47,534 [main] INFO  base.BaseClass - Trying to find Element By {by.toString()})
2024-04-17 18:50:47,565 [main] INFO  base.BaseClass - Found Element By {by.toString()}
2024-04-17 18:50:48,111 [main] INFO  base.BaseClass - Trying to find Element By {by.toString()})
2024-04-17 18:50:48,121 [main] INFO  base.BaseClass - Found Element By {by.toString()}
2024-04-17 18:50:48,638 [main] INFO  base.BaseClass - Trying to find Element By {by.toString()})
2024-04-17 18:50:48,718 [main] INFO  base.BaseClass - Found Element By {by.toString()}
2024-04-17 18:50:49,249 [main] INFO  base.BaseClass - Trying to find Element By {by.toString()})
2024-04-17 18:50:49,261 [main] INFO  base.BaseClass - Found Element By {by.toString()}
2024-04-17 18:50:49,781 [main] INFO  base.BaseClass - Trying to find Element By {by.toString()})
2024-04-17 18:50:49,804 [main] INFO  base.BaseClass - Found Element By {by.toString()}
2024-04-17 18:50:50,341 [main] INFO  base.BaseClass - Trying to find Element By {by.toString()})
2024-04-17 18:50:50,373 [main] INFO  base.BaseClass - Found Element By {by.toString()}
2024-04-17 18:50:50,918 [main] INFO  base.BaseClass - Trying to find Element By {by.toString()})
2024-04-17 18:50:50,946 [main] INFO  base.BaseClass - Found Element By {by.toString()}
2024-04-17 18:50:51,481 [main] INFO  base.BaseClass - Trying to find Element By {by.toString()})
2024-04-17 18:50:51,514 [main] INFO  base.BaseClass - Found Element By {by.toString()}
2024-04-17 18:50:52,060 [main] INFO  base.BaseClass - Trying to find Element By {by.toString()})
2024-04-17 18:50:52,091 [main] INFO  base.BaseClass - Found Element By {by.toString()}
2024-04-17 18:50:52,635 [main] INFO  base.BaseClass - Trying to find Element By {by.toString()})
2024-04-17 18:50:52,662 [main] INFO  base.BaseClass - Found Element By {by.toString()}
2024-04-17 18:50:53,201 [main] INFO  base.BaseClass - Trying to find Element By {by.toString()})
2024-04-17 18:50:53,230 [main] INFO  base.BaseClass - Found Element By {by.toString()}
2024-04-17 18:50:53,782 [main] INFO  base.BaseClass - Trying to find Element By {by.toString()})
2024-04-17 18:50:53,813 [main] INFO  base.BaseClass - Found Element By {by.toString()}
2024-04-17 18:50:54,341 [main] INFO  base.BaseClass - Trying to find Element By {by.toString()})
2024-04-17 18:50:54,370 [main] INFO  base.BaseClass - Found Element By {by.toString()}
2024-04-17 18:50:54,917 [main] INFO  base.BaseClass - Trying to find Element By {by.toString()})
2024-04-17 18:50:54,946 [main] INFO  base.BaseClass - Found Element By {by.toString()}
2024-04-17 18:50:55,493 [main] INFO  base.BaseClass - Trying to find Element By {by.toString()})
2024-04-17 18:50:55,523 [main] INFO  base.BaseClass - Found Element By {by.toString()}
2024-04-17 18:50:56,074 [main] INFO  base.BaseClass - Trying to find Element By {by.toString()})
2024-04-17 18:50:56,104 [main] INFO  base.BaseClass - Found Element By {by.toString()}
2024-04-17 18:50:56,641 [main] INFO  base.BaseClass - Trying to find Element By {by.toString()})
2024-04-17 18:50:56,671 [main] INFO  base.BaseClass - Found Element By {by.toString()}
2024-04-17 18:50:57,202 [main] INFO  base.BaseClass - Trying to find Element By {by.toString()})
2024-04-17 18:50:57,232 [main] INFO  base.BaseClass - Found Element By {by.toString()}
2024-04-17 18:50:57,779 [main] INFO  base.BaseClass - Trying to find Element By {by.toString()})
2024-04-17 18:50:57,809 [main] INFO  base.BaseClass - Found Element By {by.toString()}
2024-04-17 18:50:58,356 [main] INFO  base.BaseClass - Trying to find Element By {by.toString()})
2024-04-17 18:50:58,373 [main] INFO  base.BaseClass - Found Element By {by.toString()}
2024-04-17 18:50:58,904 [main] INFO  base.BaseClass - Trying to find Element By {by.toString()})
2024-04-17 18:50:58,918 [main] INFO  base.BaseClass - Found Element By {by.toString()}
2024-04-17 18:50:59,446 [main] INFO  base.BaseClass - Trying to find Element By {by.toString()})
2024-04-17 18:50:59,478 [main] INFO  base.BaseClass - Found Element By {by.toString()}
2024-04-17 18:51:00,024 [main] INFO  base.BaseClass - Trying to find Element By {by.toString()})
2024-04-17 18:51:00,044 [main] INFO  base.BaseClass - Found Element By {by.toString()}
2024-04-17 18:51:00,571 [main] INFO  base.BaseClass - Trying to find Element By {by.toString()})
2024-04-17 18:51:00,604 [main] INFO  base.BaseClass - Found Element By {by.toString()}
2024-04-17 18:51:01,151 [main] INFO  base.BaseClass - Trying to find Element By {by.toString()})
2024-04-17 18:51:01,185 [main] INFO  base.BaseClass - Found Element By {by.toString()}
2024-04-17 18:51:01,733 [main] INFO  base.BaseClass - Trying to find Element By {by.toString()})
2024-04-17 18:51:01,757 [main] INFO  base.BaseClass - Found Element By {by.toString()}
2024-04-17 18:51:02,279 [main] INFO  base.BaseClass - Trying to find Element By {by.toString()})
2024-04-17 18:51:02,309 [main] INFO  base.BaseClass - Found Element By {by.toString()}
2024-04-17 18:51:02,858 [main] INFO  base.BaseClass - Trying to find Element By {by.toString()})
2024-04-17 18:51:02,886 [main] INFO  base.BaseClass - Found Element By {by.toString()}
2024-04-17 18:51:03,419 [main] INFO  base.BaseClass - Trying to find Element By {by.toString()})
2024-04-17 18:51:03,447 [main] INFO  base.BaseClass - Found Element By {by.toString()}
2024-04-17 18:51:03,998 [main] INFO  base.BaseClass - Trying to find Element By {by.toString()})
2024-04-17 18:51:04,027 [main] INFO  base.BaseClass - Found Element By {by.toString()}
2024-04-17 18:51:04,573 [main] INFO  base.BaseClass - Trying to find Element By {by.toString()})
2024-04-17 18:51:04,603 [main] INFO  base.BaseClass - Found Element By {by.toString()}
2024-04-17 18:51:05,151 [main] INFO  base.BaseClass - Trying to find Element By {by.toString()})
2024-04-17 18:51:05,181 [main] INFO  base.BaseClass - Found Element By {by.toString()}
2024-04-17 18:51:05,729 [main] INFO  base.BaseClass - Trying to find Element By {by.toString()})
2024-04-17 18:51:05,758 [main] INFO  base.BaseClass - Found Element By {by.toString()}
2024-04-17 18:51:06,310 [main] INFO  base.BaseClass - Trying to find Element By {by.toString()})
2024-04-17 18:51:06,339 [main] INFO  base.BaseClass - Found Element By {by.toString()}
2024-04-17 18:51:06,873 [main] INFO  base.BaseClass - Trying to find Element By {by.toString()})
2024-04-17 18:51:06,902 [main] INFO  base.BaseClass - Found Element By {by.toString()}
2024-04-17 18:51:07,434 [main] INFO  base.BaseClass - Trying to find Element By {by.toString()})
2024-04-17 18:51:07,464 [main] INFO  base.BaseClass - Found Element By {by.toString()}
2024-04-17 18:51:08,010 [main] INFO  base.BaseClass - Trying to find Element By {by.toString()})
2024-04-17 18:51:08,040 [main] INFO  base.BaseClass - Found Element By {by.toString()}
2024-04-17 18:51:08,590 [main] INFO  base.BaseClass - Trying to find Element By {by.toString()})
2024-04-17 18:51:08,621 [main] INFO  base.BaseClass - Found Element By {by.toString()}
2024-04-17 18:51:09,170 [main] INFO  base.BaseClass - Trying to find Element By {by.toString()})
2024-04-17 18:51:09,197 [main] INFO  base.BaseClass - Found Element By {by.toString()}
2024-04-17 18:51:09,748 [main] INFO  base.BaseClass - Trying to find Element By {by.toString()})
2024-04-17 18:51:09,778 [main] INFO  base.BaseClass - Found Element By {by.toString()}
2024-04-17 18:51:10,330 [main] INFO  base.BaseClass - Trying to find Element By {by.toString()})
2024-04-17 18:51:10,361 [main] INFO  base.BaseClass - Found Element By {by.toString()}
2024-04-17 18:51:10,894 [main] INFO  base.BaseClass - Trying to find Element By {by.toString()})
2024-04-17 18:51:10,923 [main] INFO  base.BaseClass - Found Element By {by.toString()}
2024-04-17 18:51:11,475 [main] INFO  base.BaseClass - Trying to find Element By {by.toString()})
2024-04-17 18:51:11,505 [main] INFO  base.BaseClass - Found Element By {by.toString()}
2024-04-17 18:51:12,054 [main] INFO  base.BaseClass - Trying to find Element By {by.toString()})
2024-04-17 18:51:12,083 [main] INFO  base.BaseClass - Found Element By {by.toString()}
2024-04-17 18:51:12,634 [main] INFO  base.BaseClass - Trying to find Element By {by.toString()})
2024-04-17 18:51:12,664 [main] INFO  base.BaseClass - Found Element By {by.toString()}
TimeoutException occurred: Expected condition failed: waiting for helper.WaitUtility$5@67fb7d6e (tried for 30 second(s) with 500 milliseconds interval)
Build info: version: '3.141.59', revision: 'e82be7d358', time: '2018-11-14T08:17:03'
System info: host: 'DPLAP166', ip: '137.237.2.236', os.name: 'Windows 10', os.arch: 'amd64', os.version: '10.0', java.version: '19.0.1'
Driver info: org.openqa.selenium.support.events.EventFiringWebDriver
Capabilities {acceptInsecureCerts: true, browserName: chrome, browserVersion: 123.0.6312.123, chrome: {chromedriverVersion: 123.0.6312.122 (31f8248cdd9..., userDataDir: C:\Users\dP-PL\AppData\Loca...}, fedcm:accounts: true, goog:chromeOptions: {debuggerAddress: localhost:51256}, javascriptEnabled: true, networkConnectionEnabled: false, pageLoadStrategy: normal, platform: WINDOWS, platformName: WINDOWS, proxy: Proxy(), setWindowRect: true, strictFileInteractability: false, timeouts: {implicit: 0, pageLoad: 300000, script: 30000}, unhandledPromptBehavior: dismiss and notify, webauthn:extension:credBlob: true, webauthn:extension:largeBlob: true, webauthn:extension:minPinLength: true, webauthn:extension:prf: true, webauthn:virtualAuthenticators: true}
Session ID: a59c4df4811f82049fe754efe723d3c1
2024-04-17 18:51:12,708 [main] ERROR RotationCopy_test - Element did not become visible within the specified time: Expected condition failed: waiting for helper.WaitUtility$5@67fb7d6e (tried for 30 second(s) with 500 milliseconds interval)
Build info: version: '3.141.59', revision: 'e82be7d358', time: '2018-11-14T08:17:03'
System info: host: 'DPLAP166', ip: '137.237.2.236', os.name: 'Windows 10', os.arch: 'amd64', os.version: '10.0', java.version: '19.0.1'
Driver info: org.openqa.selenium.support.events.EventFiringWebDriver
Capabilities {acceptInsecureCerts: true, browserName: chrome, browserVersion: 123.0.6312.123, chrome: {chromedriverVersion: 123.0.6312.122 (31f8248cdd9..., userDataDir: C:\Users\dP-PL\AppData\Loca...}, fedcm:accounts: true, goog:chromeOptions: {debuggerAddress: localhost:51256}, javascriptEnabled: true, networkConnectionEnabled: false, pageLoadStrategy: normal, platform: WINDOWS, platformName: WINDOWS, proxy: Proxy(), setWindowRect: true, strictFileInteractability: false, timeouts: {implicit: 0, pageLoad: 300000, script: 30000}, unhandledPromptBehavior: dismiss and notify, webauthn:extension:credBlob: true, webauthn:extension:largeBlob: true, webauthn:extension:minPinLength: true, webauthn:extension:prf: true, webauthn:virtualAuthenticators: true}
Session ID: a59c4df4811f82049fe754efe723d3c1
2024-04-17 18:51:12,708 [main] INFO  base.BaseClass - Trying to find Element By {by.toString()})
2024-04-17 18:51:12,729 [main] INFO  base.BaseClass - Found Element By {by.toString()}
2024-04-17 18:51:12,729 [main] INFO  base.BaseClass - Trying to click on: {element.toString()}
2024-04-17 18:51:12,860 [main] INFO  base.BaseClass - Clicked on: {element.toString()}
2024-04-17 18:51:12,860 [main] INFO  base.BaseClass - Trying to find Element By {by.toString()})
2024-04-17 18:51:13,781 [main] INFO  base.BaseClass - Found Element By {by.toString()}
2024-04-17 18:51:14,308 [main] INFO  base.BaseClass - Trying to find Element By {by.toString()})
2024-04-17 18:51:14,341 [main] INFO  base.BaseClass - Found Element By {by.toString()}
2024-04-17 18:51:14,886 [main] INFO  base.BaseClass - Trying to find Element By {by.toString()})
2024-04-17 18:51:14,917 [main] INFO  base.BaseClass - Found Element By {by.toString()}
2024-04-17 18:51:15,462 [main] INFO  base.BaseClass - Trying to find Element By {by.toString()})
2024-04-17 18:51:15,493 [main] INFO  base.BaseClass - Found Element By {by.toString()}
2024-04-17 18:51:16,040 [main] INFO  base.BaseClass - Trying to find Element By {by.toString()})
2024-04-17 18:51:16,069 [main] INFO  base.BaseClass - Found Element By {by.toString()}
2024-04-17 18:51:16,606 [main] INFO  base.BaseClass - Trying to find Element By {by.toString()})
2024-04-17 18:51:16,637 [main] INFO  base.BaseClass - Found Element By {by.toString()}
2024-04-17 18:51:17,170 [main] INFO  base.BaseClass - Trying to find Element By {by.toString()})
2024-04-17 18:51:17,200 [main] INFO  base.BaseClass - Found Element By {by.toString()}
2024-04-17 18:51:17,749 [main] INFO  base.BaseClass - Trying to find Element By {by.toString()})
2024-04-17 18:51:17,780 [main] INFO  base.BaseClass - Found Element By {by.toString()}
2024-04-17 18:51:18,328 [main] INFO  base.BaseClass - Trying to find Element By {by.toString()})
2024-04-17 18:51:18,354 [main] INFO  base.BaseClass - Found Element By {by.toString()}
2024-04-17 18:51:18,876 [main] INFO  base.BaseClass - Trying to find Element By {by.toString()})
2024-04-17 18:51:18,907 [main] INFO  base.BaseClass - Found Element By {by.toString()}
2024-04-17 18:51:19,438 [main] INFO  base.BaseClass - Trying to find Element By {by.toString()})
2024-04-17 18:51:19,468 [main] INFO  base.BaseClass - Found Element By {by.toString()}
2024-04-17 18:51:20,015 [main] INFO  base.BaseClass - Trying to find Element By {by.toString()})
2024-04-17 18:51:20,034 [main] INFO  base.BaseClass - Found Element By {by.toString()}
2024-04-17 18:51:20,560 [main] INFO  base.BaseClass - Trying to find Element By {by.toString()})
2024-04-17 18:51:20,592 [main] INFO  base.BaseClass - Found Element By {by.toString()}
2024-04-17 18:51:21,126 [main] INFO  base.BaseClass - Trying to find Element By {by.toString()})
2024-04-17 18:51:21,157 [main] INFO  base.BaseClass - Found Element By {by.toString()}
2024-04-17 18:51:21,686 [main] INFO  base.BaseClass - Trying to find Element By {by.toString()})
2024-04-17 18:51:21,718 [main] INFO  base.BaseClass - Found Element By {by.toString()}
2024-04-17 18:51:22,264 [main] INFO  base.BaseClass - Trying to find Element By {by.toString()})
2024-04-17 18:51:22,295 [main] INFO  base.BaseClass - Found Element By {by.toString()}
2024-04-17 18:51:22,842 [main] INFO  base.BaseClass - Trying to find Element By {by.toString()})
2024-04-17 18:51:22,875 [main] INFO  base.BaseClass - Found Element By {by.toString()}
2024-04-17 18:51:23,421 [main] INFO  base.BaseClass - Trying to find Element By {by.toString()})
2024-04-17 18:51:23,453 [main] INFO  base.BaseClass - Found Element By {by.toString()}
2024-04-17 18:51:23,997 [main] INFO  base.BaseClass - Trying to find Element By {by.toString()})
2024-04-17 18:51:24,029 [main] INFO  base.BaseClass - Found Element By {by.toString()}
2024-04-17 18:51:24,575 [main] INFO  base.BaseClass - Trying to find Element By {by.toString()})
2024-04-17 18:51:24,607 [main] INFO  base.BaseClass - Found Element By {by.toString()}
2024-04-17 18:51:25,153 [main] INFO  base.BaseClass - Trying to find Element By {by.toString()})
2024-04-17 18:51:25,184 [main] INFO  base.BaseClass - Found Element By {by.toString()}
2024-04-17 18:51:25,730 [main] INFO  base.BaseClass - Trying to find Element By {by.toString()})
2024-04-17 18:51:25,762 [main] INFO  base.BaseClass - Found Element By {by.toString()}
2024-04-17 18:51:26,312 [main] INFO  base.BaseClass - Trying to find Element By {by.toString()})
2024-04-17 18:51:26,344 [main] INFO  base.BaseClass - Found Element By {by.toString()}
2024-04-17 18:51:26,891 [main] INFO  base.BaseClass - Trying to find Element By {by.toString()})
2024-04-17 18:51:26,959 [main] INFO  base.BaseClass - Found Element By {by.toString()}
2024-04-17 18:51:27,488 [main] INFO  base.BaseClass - Trying to find Element By {by.toString()})
2024-04-17 18:51:27,520 [main] INFO  base.BaseClass - Found Element By {by.toString()}
2024-04-17 18:51:28,066 [main] INFO  base.BaseClass - Trying to find Element By {by.toString()})
2024-04-17 18:51:28,094 [main] INFO  base.BaseClass - Found Element By {by.toString()}
2024-04-17 18:51:28,629 [main] INFO  base.BaseClass - Trying to find Element By {by.toString()})
2024-04-17 18:51:28,659 [main] INFO  base.BaseClass - Found Element By {by.toString()}
2024-04-17 18:51:29,211 [main] INFO  base.BaseClass - Trying to find Element By {by.toString()})
2024-04-17 18:51:29,242 [main] INFO  base.BaseClass - Found Element By {by.toString()}
2024-04-17 18:51:29,789 [main] INFO  base.BaseClass - Trying to find Element By {by.toString()})
2024-04-17 18:51:29,820 [main] INFO  base.BaseClass - Found Element By {by.toString()}
2024-04-17 18:51:30,357 [main] INFO  base.BaseClass - Trying to find Element By {by.toString()})
2024-04-17 18:51:30,387 [main] INFO  base.BaseClass - Found Element By {by.toString()}
2024-04-17 18:51:30,923 [main] INFO  base.BaseClass - Trying to find Element By {by.toString()})
2024-04-17 18:51:30,955 [main] INFO  base.BaseClass - Found Element By {by.toString()}
2024-04-17 18:51:31,501 [main] INFO  base.BaseClass - Trying to find Element By {by.toString()})
2024-04-17 18:51:31,533 [main] INFO  base.BaseClass - Found Element By {by.toString()}
2024-04-17 18:51:32,082 [main] INFO  base.BaseClass - Trying to find Element By {by.toString()})
2024-04-17 18:51:32,111 [main] INFO  base.BaseClass - Found Element By {by.toString()}
2024-04-17 18:51:32,644 [main] INFO  base.BaseClass - Trying to find Element By {by.toString()})
2024-04-17 18:51:32,655 [main] INFO  base.BaseClass - Found Element By {by.toString()}
2024-04-17 18:51:33,178 [main] INFO  base.BaseClass - Trying to find Element By {by.toString()})
2024-04-17 18:51:33,210 [main] INFO  base.BaseClass - Found Element By {by.toString()}
2024-04-17 18:51:33,757 [main] INFO  base.BaseClass - Trying to find Element By {by.toString()})
2024-04-17 18:51:33,788 [main] INFO  base.BaseClass - Found Element By {by.toString()}
2024-04-17 18:51:34,332 [main] INFO  base.BaseClass - Trying to find Element By {by.toString()})
2024-04-17 18:51:34,363 [main] INFO  base.BaseClass - Found Element By {by.toString()}
2024-04-17 18:51:34,909 [main] INFO  base.BaseClass - Trying to find Element By {by.toString()})
2024-04-17 18:51:34,941 [main] INFO  base.BaseClass - Found Element By {by.toString()}
2024-04-17 18:51:35,487 [main] INFO  base.BaseClass - Trying to find Element By {by.toString()})
2024-04-17 18:51:35,519 [main] INFO  base.BaseClass - Found Element By {by.toString()}
2024-04-17 18:51:36,064 [main] INFO  base.BaseClass - Trying to find Element By {by.toString()})
2024-04-17 18:51:36,357 [main] INFO  base.BaseClass - Found Element By {by.toString()}
2024-04-17 18:51:36,891 [main] INFO  base.BaseClass - Trying to find Element By {by.toString()})
2024-04-17 18:51:36,921 [main] INFO  base.BaseClass - Found Element By {by.toString()}
2024-04-17 18:51:37,469 [main] INFO  base.BaseClass - Trying to find Element By {by.toString()})
2024-04-17 18:51:37,498 [main] INFO  base.BaseClass - Found Element By {by.toString()}
2024-04-17 18:51:38,033 [main] INFO  base.BaseClass - Trying to find Element By {by.toString()})
2024-04-17 18:51:38,065 [main] INFO  base.BaseClass - Found Element By {by.toString()}
2024-04-17 18:51:38,598 [main] INFO  base.BaseClass - Trying to find Element By {by.toString()})
2024-04-17 18:51:38,630 [main] INFO  base.BaseClass - Found Element By {by.toString()}
2024-04-17 18:51:39,176 [main] INFO  base.BaseClass - Trying to find Element By {by.toString()})
2024-04-17 18:51:39,206 [main] INFO  base.BaseClass - Found Element By {by.toString()}
2024-04-17 18:51:39,757 [main] INFO  base.BaseClass - Trying to find Element By {by.toString()})
2024-04-17 18:51:39,786 [main] INFO  base.BaseClass - Found Element By {by.toString()}
2024-04-17 18:51:40,319 [main] INFO  base.BaseClass - Trying to find Element By {by.toString()})
2024-04-17 18:51:40,342 [main] INFO  base.BaseClass - Found Element By {by.toString()}
2024-04-17 18:51:40,883 [main] INFO  base.BaseClass - Trying to find Element By {by.toString()})
2024-04-17 18:51:40,917 [main] INFO  base.BaseClass - Found Element By {by.toString()}
2024-04-17 18:51:41,461 [main] INFO  base.BaseClass - Trying to find Element By {by.toString()})
2024-04-17 18:51:41,492 [main] INFO  base.BaseClass - Found Element By {by.toString()}
2024-04-17 18:51:42,040 [main] INFO  base.BaseClass - Trying to find Element By {by.toString()})
2024-04-17 18:51:42,070 [main] INFO  base.BaseClass - Found Element By {by.toString()}
2024-04-17 18:51:42,619 [main] INFO  base.BaseClass - Trying to find Element By {by.toString()})
2024-04-17 18:51:42,649 [main] INFO  base.BaseClass - Found Element By {by.toString()}
2024-04-17 18:51:43,195 [main] INFO  base.BaseClass - Trying to find Element By {by.toString()})
2024-04-17 18:51:43,221 [main] INFO  base.BaseClass - Found Element By {by.toString()}
TimeoutException occurred: Expected condition failed: waiting for helper.WaitUtility$5@18c41638 (tried for 30 second(s) with 500 milliseconds interval)
Build info: version: '3.141.59', revision: 'e82be7d358', time: '2018-11-14T08:17:03'
System info: host: 'DPLAP166', ip: '137.237.2.236', os.name: 'Windows 10', os.arch: 'amd64', os.version: '10.0', java.version: '19.0.1'
Driver info: org.openqa.selenium.support.events.EventFiringWebDriver
Capabilities {acceptInsecureCerts: true, browserName: chrome, browserVersion: 123.0.6312.123, chrome: {chromedriverVersion: 123.0.6312.122 (31f8248cdd9..., userDataDir: C:\Users\dP-PL\AppData\Loca...}, fedcm:accounts: true, goog:chromeOptions: {debuggerAddress: localhost:51256}, javascriptEnabled: true, networkConnectionEnabled: false, pageLoadStrategy: normal, platform: WINDOWS, platformName: WINDOWS, proxy: Proxy(), setWindowRect: true, strictFileInteractability: false, timeouts: {implicit: 0, pageLoad: 300000, script: 30000}, unhandledPromptBehavior: dismiss and notify, webauthn:extension:credBlob: true, webauthn:extension:largeBlob: true, webauthn:extension:minPinLength: true, webauthn:extension:prf: true, webauthn:virtualAuthenticators: true}
Session ID: a59c4df4811f82049fe754efe723d3c1
2024-04-17 18:51:43,242 [main] ERROR RotationCopy_test - Element did not become visible within the specified time: Expected condition failed: waiting for helper.WaitUtility$5@18c41638 (tried for 30 second(s) with 500 milliseconds interval)
Build info: version: '3.141.59', revision: 'e82be7d358', time: '2018-11-14T08:17:03'
System info: host: 'DPLAP166', ip: '137.237.2.236', os.name: 'Windows 10', os.arch: 'amd64', os.version: '10.0', java.version: '19.0.1'
Driver info: org.openqa.selenium.support.events.EventFiringWebDriver
Capabilities {acceptInsecureCerts: true, browserName: chrome, browserVersion: 123.0.6312.123, chrome: {chromedriverVersion: 123.0.6312.122 (31f8248cdd9..., userDataDir: C:\Users\dP-PL\AppData\Loca...}, fedcm:accounts: true, goog:chromeOptions: {debuggerAddress: localhost:51256}, javascriptEnabled: true, networkConnectionEnabled: false, pageLoadStrategy: normal, platform: WINDOWS, platformName: WINDOWS, proxy: Proxy(), setWindowRect: true, strictFileInteractability: false, timeouts: {implicit: 0, pageLoad: 300000, script: 30000}, unhandledPromptBehavior: dismiss and notify, webauthn:extension:credBlob: true, webauthn:extension:largeBlob: true, webauthn:extension:minPinLength: true, webauthn:extension:prf: true, webauthn:virtualAuthenticators: true}
Session ID: a59c4df4811f82049fe754efe723d3c1
2024-04-17 18:51:43,242 [main] INFO  base.BaseClass - Trying to find Element By {by.toString()})
2024-04-17 18:51:43,288 [main] INFO  base.BaseClass - Found Element By {by.toString()}
2024-04-17 18:51:43,288 [main] INFO  base.BaseClass - Trying to click on: {element.toString()}
2024-04-17 18:51:43,369 [main] INFO  base.BaseClass - Clicked on: {element.toString()}
2024-04-17 18:51:43,369 [main] INFO  base.BaseClass - Trying to find Element By {by.toString()})
2024-04-17 18:51:43,383 [main] INFO  base.BaseClass - Found Element By {by.toString()}
2024-04-17 18:51:43,898 [main] INFO  base.BaseClass - Trying to find Element By {by.toString()})
2024-04-17 18:51:43,931 [main] INFO  base.BaseClass - Found Element By {by.toString()}
2024-04-17 18:51:44,478 [main] INFO  base.BaseClass - Trying to find Element By {by.toString()})
2024-04-17 18:51:44,509 [main] INFO  base.BaseClass - Found Element By {by.toString()}
2024-04-17 18:51:45,057 [main] INFO  base.BaseClass - Trying to find Element By {by.toString()})
2024-04-17 18:51:45,089 [main] INFO  base.BaseClass - Found Element By {by.toString()}
2024-04-17 18:51:45,620 [main] INFO  base.BaseClass - Trying to find Element By {by.toString()})
2024-04-17 18:51:45,651 [main] INFO  base.BaseClass - Found Element By {by.toString()}
2024-04-17 18:51:46,200 [main] INFO  base.BaseClass - Trying to find Element By {by.toString()})
2024-04-17 18:51:46,231 [main] INFO  base.BaseClass - Found Element By {by.toString()}
2024-04-17 18:51:46,764 [main] INFO  base.BaseClass - Trying to find Element By {by.toString()})
2024-04-17 18:51:46,797 [main] INFO  base.BaseClass - Found Element By {by.toString()}
2024-04-17 18:51:47,342 [main] INFO  base.BaseClass - Trying to find Element By {by.toString()})
2024-04-17 18:51:47,374 [main] INFO  base.BaseClass - Found Element By {by.toString()}
2024-04-17 18:51:47,919 [main] INFO  base.BaseClass - Trying to find Element By {by.toString()})
2024-04-17 18:51:47,946 [main] INFO  base.BaseClass - Found Element By {by.toString()}
2024-04-17 18:51:48,469 [main] INFO  base.BaseClass - Trying to find Element By {by.toString()})
2024-04-17 18:51:48,502 [main] INFO  base.BaseClass - Found Element By {by.toString()}
2024-04-17 18:51:49,033 [main] INFO  base.BaseClass - Trying to find Element By {by.toString()})
2024-04-17 18:51:49,065 [main] INFO  base.BaseClass - Found Element By {by.toString()}
2024-04-17 18:51:49,622 [main] INFO  base.BaseClass - Trying to find Element By {by.toString()})
2024-04-17 18:51:49,653 [main] INFO  base.BaseClass - Found Element By {by.toString()}
2024-04-17 18:51:50,204 [main] INFO  base.BaseClass - Trying to find Element By {by.toString()})
2024-04-17 18:51:50,233 [main] INFO  base.BaseClass - Found Element By {by.toString()}
2024-04-17 18:51:50,764 [main] INFO  base.BaseClass - Trying to find Element By {by.toString()})
2024-04-17 18:51:50,797 [main] INFO  base.BaseClass - Found Element By {by.toString()}
2024-04-17 18:51:51,346 [main] INFO  base.BaseClass - Trying to find Element By {by.toString()})
2024-04-17 18:51:51,378 [main] INFO  base.BaseClass - Found Element By {by.toString()}
2024-04-17 18:51:51,925 [main] INFO  base.BaseClass - Trying to find Element By {by.toString()})
2024-04-17 18:51:51,956 [main] INFO  base.BaseClass - Found Element By {by.toString()}
2024-04-17 18:51:52,490 [main] INFO  base.BaseClass - Trying to find Element By {by.toString()})
2024-04-17 18:51:52,523 [main] INFO  base.BaseClass - Found Element By {by.toString()}
2024-04-17 18:51:53,071 [main] INFO  base.BaseClass - Trying to find Element By {by.toString()})
2024-04-17 18:51:53,103 [main] INFO  base.BaseClass - Found Element By {by.toString()}
2024-04-17 18:51:53,648 [main] INFO  base.BaseClass - Trying to find Element By {by.toString()})
2024-04-17 18:51:53,674 [main] INFO  base.BaseClass - Found Element By {by.toString()}
2024-04-17 18:51:54,210 [main] INFO  base.BaseClass - Trying to find Element By {by.toString()})
2024-04-17 18:51:54,241 [main] INFO  base.BaseClass - Found Element By {by.toString()}
2024-04-17 18:51:54,773 [main] INFO  base.BaseClass - Trying to find Element By {by.toString()})
2024-04-17 18:51:54,804 [main] INFO  base.BaseClass - Found Element By {by.toString()}
2024-04-17 18:51:55,350 [main] INFO  base.BaseClass - Trying to find Element By {by.toString()})
2024-04-17 18:51:55,377 [main] INFO  base.BaseClass - Found Element By {by.toString()}
2024-04-17 18:51:55,910 [main] INFO  base.BaseClass - Trying to find Element By {by.toString()})
2024-04-17 18:51:55,941 [main] INFO  base.BaseClass - Found Element By {by.toString()}
2024-04-17 18:51:56,487 [main] INFO  base.BaseClass - Trying to find Element By {by.toString()})
2024-04-17 18:51:56,519 [main] INFO  base.BaseClass - Found Element By {by.toString()}
2024-04-17 18:51:57,051 [main] INFO  base.BaseClass - Trying to find Element By {by.toString()})
2024-04-17 18:51:57,116 [main] INFO  base.BaseClass - Found Element By {by.toString()}
2024-04-17 18:51:57,649 [main] INFO  base.BaseClass - Trying to find Element By {by.toString()})
2024-04-17 18:51:57,682 [main] INFO  base.BaseClass - Found Element By {by.toString()}
2024-04-17 18:51:58,224 [main] INFO  base.BaseClass - Trying to find Element By {by.toString()})
2024-04-17 18:51:58,251 [main] INFO  base.BaseClass - Found Element By {by.toString()}
2024-04-17 18:51:58,785 [main] INFO  base.BaseClass - Trying to find Element By {by.toString()})
2024-04-17 18:51:58,815 [main] INFO  base.BaseClass - Found Element By {by.toString()}
2024-04-17 18:51:59,347 [main] INFO  base.BaseClass - Trying to find Element By {by.toString()})
2024-04-17 18:51:59,375 [main] INFO  base.BaseClass - Found Element By {by.toString()}
2024-04-17 18:51:59,909 [main] INFO  base.BaseClass - Trying to find Element By {by.toString()})
2024-04-17 18:51:59,940 [main] INFO  base.BaseClass - Found Element By {by.toString()}
2024-04-17 18:52:00,469 [main] INFO  base.BaseClass - Trying to find Element By {by.toString()})
2024-04-17 18:52:00,502 [main] INFO  base.BaseClass - Found Element By {by.toString()}
2024-04-17 18:52:01,043 [main] INFO  base.BaseClass - Trying to find Element By {by.toString()})
2024-04-17 18:52:01,074 [main] INFO  base.BaseClass - Found Element By {by.toString()}
2024-04-17 18:52:01,610 [main] INFO  base.BaseClass - Trying to find Element By {by.toString()})
2024-04-17 18:52:01,640 [main] INFO  base.BaseClass - Found Element By {by.toString()}
2024-04-17 18:52:02,172 [main] INFO  base.BaseClass - Trying to find Element By {by.toString()})
2024-04-17 18:52:02,981 [main] INFO  base.BaseClass - Found Element By {by.toString()}
2024-04-17 18:52:03,532 [main] INFO  base.BaseClass - Trying to find Element By {by.toString()})
2024-04-17 18:52:03,557 [main] INFO  base.BaseClass - Found Element By {by.toString()}
2024-04-17 18:52:04,078 [main] INFO  base.BaseClass - Trying to find Element By {by.toString()})
2024-04-17 18:52:04,109 [main] INFO  base.BaseClass - Found Element By {by.toString()}
2024-04-17 18:52:04,639 [main] INFO  base.BaseClass - Trying to find Element By {by.toString()})
2024-04-17 18:52:04,670 [main] INFO  base.BaseClass - Found Element By {by.toString()}
2024-04-17 18:52:05,219 [main] INFO  base.BaseClass - Trying to find Element By {by.toString()})
2024-04-17 18:52:05,249 [main] INFO  base.BaseClass - Found Element By {by.toString()}
2024-04-17 18:52:05,801 [main] INFO  base.BaseClass - Trying to find Element By {by.toString()})
2024-04-17 18:52:05,834 [main] INFO  base.BaseClass - Found Element By {by.toString()}
2024-04-17 18:52:06,381 [main] INFO  base.BaseClass - Trying to find Element By {by.toString()})
2024-04-17 18:52:06,403 [main] INFO  base.BaseClass - Found Element By {by.toString()}
2024-04-17 18:52:06,930 [main] INFO  base.BaseClass - Trying to find Element By {by.toString()})
2024-04-17 18:52:06,951 [main] INFO  base.BaseClass - Found Element By {by.toString()}
2024-04-17 18:52:07,479 [main] INFO  base.BaseClass - Trying to find Element By {by.toString()})
2024-04-17 18:52:07,512 [main] INFO  base.BaseClass - Found Element By {by.toString()}
2024-04-17 18:52:08,058 [main] INFO  base.BaseClass - Trying to find Element By {by.toString()})
2024-04-17 18:52:08,090 [main] INFO  base.BaseClass - Found Element By {by.toString()}
2024-04-17 18:52:08,640 [main] INFO  base.BaseClass - Trying to find Element By {by.toString()})
2024-04-17 18:52:08,655 [main] INFO  base.BaseClass - Found Element By {by.toString()}
2024-04-17 18:52:09,183 [main] INFO  base.BaseClass - Trying to find Element By {by.toString()})
2024-04-17 18:52:09,215 [main] INFO  base.BaseClass - Found Element By {by.toString()}
2024-04-17 18:52:09,761 [main] INFO  base.BaseClass - Trying to find Element By {by.toString()})
2024-04-17 18:52:09,793 [main] INFO  base.BaseClass - Found Element By {by.toString()}
2024-04-17 18:52:10,339 [main] INFO  base.BaseClass - Trying to find Element By {by.toString()})
2024-04-17 18:52:10,372 [main] INFO  base.BaseClass - Found Element By {by.toString()}
2024-04-17 18:52:10,920 [main] INFO  base.BaseClass - Trying to find Element By {by.toString()})
2024-04-17 18:52:10,951 [main] INFO  base.BaseClass - Found Element By {by.toString()}
2024-04-17 18:52:11,501 [main] INFO  base.BaseClass - Trying to find Element By {by.toString()})
2024-04-17 18:52:11,526 [main] INFO  base.BaseClass - Found Element By {by.toString()}
2024-04-17 18:52:12,066 [main] INFO  base.BaseClass - Trying to find Element By {by.toString()})
2024-04-17 18:52:12,097 [main] INFO  base.BaseClass - Found Element By {by.toString()}
2024-04-17 18:52:12,644 [main] INFO  base.BaseClass - Trying to find Element By {by.toString()})
2024-04-17 18:52:12,711 [main] INFO  base.BaseClass - Found Element By {by.toString()}
2024-04-17 18:52:13,241 [main] INFO  base.BaseClass - Trying to find Element By {by.toString()})
2024-04-17 18:52:13,261 [main] INFO  base.BaseClass - Found Element By {by.toString()}
2024-04-17 18:52:13,799 [main] INFO  base.BaseClass - Trying to find Element By {by.toString()})
2024-04-17 18:52:13,816 [main] INFO  base.BaseClass - Found Element By {by.toString()}
TimeoutException occurred: Expected condition failed: waiting for helper.WaitUtility$5@69d4671e (tried for 30 second(s) with 500 milliseconds interval)
Build info: version: '3.141.59', revision: 'e82be7d358', time: '2018-11-14T08:17:03'
System info: host: 'DPLAP166', ip: '137.237.2.236', os.name: 'Windows 10', os.arch: 'amd64', os.version: '10.0', java.version: '19.0.1'
Driver info: org.openqa.selenium.support.events.EventFiringWebDriver
Capabilities {acceptInsecureCerts: true, browserName: chrome, browserVersion: 123.0.6312.123, chrome: {chromedriverVersion: 123.0.6312.122 (31f8248cdd9..., userDataDir: C:\Users\dP-PL\AppData\Loca...}, fedcm:accounts: true, goog:chromeOptions: {debuggerAddress: localhost:51256}, javascriptEnabled: true, networkConnectionEnabled: false, pageLoadStrategy: normal, platform: WINDOWS, platformName: WINDOWS, proxy: Proxy(), setWindowRect: true, strictFileInteractability: false, timeouts: {implicit: 0, pageLoad: 300000, script: 30000}, unhandledPromptBehavior: dismiss and notify, webauthn:extension:credBlob: true, webauthn:extension:largeBlob: true, webauthn:extension:minPinLength: true, webauthn:extension:prf: true, webauthn:virtualAuthenticators: true}
Session ID: a59c4df4811f82049fe754efe723d3c1
2024-04-17 18:52:13,832 [main] ERROR RotationCopy_test - Element did not become visible within the specified time: Expected condition failed: waiting for helper.WaitUtility$5@69d4671e (tried for 30 second(s) with 500 milliseconds interval)
Build info: version: '3.141.59', revision: 'e82be7d358', time: '2018-11-14T08:17:03'
System info: host: 'DPLAP166', ip: '137.237.2.236', os.name: 'Windows 10', os.arch: 'amd64', os.version: '10.0', java.version: '19.0.1'
Driver info: org.openqa.selenium.support.events.EventFiringWebDriver
Capabilities {acceptInsecureCerts: true, browserName: chrome, browserVersion: 123.0.6312.123, chrome: {chromedriverVersion: 123.0.6312.122 (31f8248cdd9..., userDataDir: C:\Users\dP-PL\AppData\Loca...}, fedcm:accounts: true, goog:chromeOptions: {debuggerAddress: localhost:51256}, javascriptEnabled: true, networkConnectionEnabled: false, pageLoadStrategy: normal, platform: WINDOWS, platformName: WINDOWS, proxy: Proxy(), setWindowRect: true, strictFileInteractability: false, timeouts: {implicit: 0, pageLoad: 300000, script: 30000}, unhandledPromptBehavior: dismiss and notify, webauthn:extension:credBlob: true, webauthn:extension:largeBlob: true, webauthn:extension:minPinLength: true, webauthn:extension:prf: true, webauthn:virtualAuthenticators: true}
Session ID: a59c4df4811f82049fe754efe723d3c1
2024-04-17 18:52:13,832 [main] INFO  base.BaseClass - Trying to find Element By {by.toString()})
2024-04-17 18:52:13,842 [main] INFO  base.BaseClass - Found Element By {by.toString()}
2024-04-17 18:52:13,842 [main] INFO  base.BaseClass - Trying to click on: {element.toString()}
2024-04-17 18:52:13,944 [main] INFO  base.BaseClass - Clicked on: {element.toString()}
2024-04-17 18:52:13,950 [main] INFO  base.BaseClass - Trying to find Element By {by.toString()})
2024-04-17 18:52:13,964 [main] INFO  base.BaseClass - Found Element By {by.toString()}
2024-04-17 18:52:14,484 [main] INFO  base.BaseClass - Trying to find Element By {by.toString()})
2024-04-17 18:52:14,506 [main] INFO  base.BaseClass - Found Element By {by.toString()}
2024-04-17 18:52:15,044 [main] INFO  base.BaseClass - Trying to find Element By {by.toString()})
2024-04-17 18:52:15,074 [main] INFO  base.BaseClass - Found Element By {by.toString()}
2024-04-17 18:52:15,622 [main] INFO  base.BaseClass - Trying to find Element By {by.toString()})
2024-04-17 18:52:15,652 [main] INFO  base.BaseClass - Found Element By {by.toString()}
2024-04-17 18:52:16,200 [main] INFO  base.BaseClass - Trying to find Element By {by.toString()})
2024-04-17 18:52:16,229 [main] INFO  base.BaseClass - Found Element By {by.toString()}
2024-04-17 18:52:16,767 [main] INFO  base.BaseClass - Trying to find Element By {by.toString()})
2024-04-17 18:52:16,796 [main] INFO  base.BaseClass - Found Element By {by.toString()}
2024-04-17 18:52:17,348 [main] INFO  base.BaseClass - Trying to find Element By {by.toString()})
2024-04-17 18:52:17,378 [main] INFO  base.BaseClass - Found Element By {by.toString()}
2024-04-17 18:52:17,924 [main] INFO  base.BaseClass - Trying to find Element By {by.toString()})
2024-04-17 18:52:17,952 [main] INFO  base.BaseClass - Found Element By {by.toString()}
2024-04-17 18:52:18,502 [main] INFO  base.BaseClass - Trying to find Element By {by.toString()})
2024-04-17 18:52:18,529 [main] INFO  base.BaseClass - Found Element By {by.toString()}
2024-04-17 18:52:19,079 [main] INFO  base.BaseClass - Trying to find Element By {by.toString()})
2024-04-17 18:52:19,108 [main] INFO  base.BaseClass - Found Element By {by.toString()}
2024-04-17 18:52:19,655 [main] INFO  base.BaseClass - Trying to find Element By {by.toString()})
2024-04-17 18:52:19,669 [main] INFO  base.BaseClass - Found Element By {by.toString()}
2024-04-17 18:52:20,205 [main] INFO  base.BaseClass - Trying to find Element By {by.toString()})
2024-04-17 18:52:20,234 [main] INFO  base.BaseClass - Found Element By {by.toString()}
2024-04-17 18:52:20,784 [main] INFO  base.BaseClass - Trying to find Element By {by.toString()})
2024-04-17 18:52:20,813 [main] INFO  base.BaseClass - Found Element By {by.toString()}
2024-04-17 18:52:21,364 [main] INFO  base.BaseClass - Trying to find Element By {by.toString()})
2024-04-17 18:52:21,393 [main] INFO  base.BaseClass - Found Element By {by.toString()}
2024-04-17 18:52:21,944 [main] INFO  base.BaseClass - Trying to find Element By {by.toString()})
2024-04-17 18:52:21,975 [main] INFO  base.BaseClass - Found Element By {by.toString()}
2024-04-17 18:52:22,521 [main] INFO  base.BaseClass - Trying to find Element By {by.toString()})
2024-04-17 18:52:22,544 [main] INFO  base.BaseClass - Found Element By {by.toString()}
2024-04-17 18:52:23,082 [main] INFO  base.BaseClass - Trying to find Element By {by.toString()})
2024-04-17 18:52:23,111 [main] INFO  base.BaseClass - Found Element By {by.toString()}
2024-04-17 18:52:23,661 [main] INFO  base.BaseClass - Trying to find Element By {by.toString()})
2024-04-17 18:52:23,676 [main] INFO  base.BaseClass - Found Element By {by.toString()}
2024-04-17 18:52:24,206 [main] INFO  base.BaseClass - Trying to find Element By {by.toString()})
2024-04-17 18:52:24,234 [main] INFO  base.BaseClass - Found Element By {by.toString()}
2024-04-17 18:52:24,769 [main] INFO  base.BaseClass - Trying to find Element By {by.toString()})
2024-04-17 18:52:24,798 [main] INFO  base.BaseClass - Found Element By {by.toString()}
2024-04-17 18:52:25,348 [main] INFO  base.BaseClass - Trying to find Element By {by.toString()})
2024-04-17 18:52:25,378 [main] INFO  base.BaseClass - Found Element By {by.toString()}
2024-04-17 18:52:25,908 [main] INFO  base.BaseClass - Trying to find Element By {by.toString()})
2024-04-17 18:52:25,939 [main] INFO  base.BaseClass - Found Element By {by.toString()}
2024-04-17 18:52:26,485 [main] INFO  base.BaseClass - Trying to find Element By {by.toString()})
2024-04-17 18:52:26,514 [main] INFO  base.BaseClass - Found Element By {by.toString()}
2024-04-17 18:52:27,064 [main] INFO  base.BaseClass - Trying to find Element By {by.toString()})
2024-04-17 18:52:27,093 [main] INFO  base.BaseClass - Found Element By {by.toString()}
2024-04-17 18:52:27,640 [main] INFO  base.BaseClass - Trying to find Element By {by.toString()})
2024-04-17 18:52:27,668 [main] INFO  base.BaseClass - Found Element By {by.toString()}
2024-04-17 18:52:28,220 [main] INFO  base.BaseClass - Trying to find Element By {by.toString()})
2024-04-17 18:52:28,246 [main] INFO  base.BaseClass - Found Element By {by.toString()}
2024-04-17 18:52:28,783 [main] INFO  base.BaseClass - Trying to find Element By {by.toString()})
2024-04-17 18:52:28,797 [main] INFO  base.BaseClass - Found Element By {by.toString()}
2024-04-17 18:52:29,328 [main] INFO  base.BaseClass - Trying to find Element By {by.toString()})
2024-04-17 18:52:29,357 [main] INFO  base.BaseClass - Found Element By {by.toString()}
2024-04-17 18:52:29,904 [main] INFO  base.BaseClass - Trying to find Element By {by.toString()})
2024-04-17 18:52:29,932 [main] INFO  base.BaseClass - Found Element By {by.toString()}
2024-04-17 18:52:30,466 [main] INFO  base.BaseClass - Trying to find Element By {by.toString()})
2024-04-17 18:52:30,493 [main] INFO  base.BaseClass - Found Element By {by.toString()}
2024-04-17 18:52:31,027 [main] INFO  base.BaseClass - Trying to find Element By {by.toString()})
2024-04-17 18:52:31,051 [main] INFO  base.BaseClass - Found Element By {by.toString()}
2024-04-17 18:52:31,589 [main] INFO  base.BaseClass - Trying to find Element By {by.toString()})
2024-04-17 18:52:31,600 [main] INFO  base.BaseClass - Found Element By {by.toString()}
2024-04-17 18:52:32,118 [main] INFO  base.BaseClass - Trying to find Element By {by.toString()})
2024-04-17 18:52:32,147 [main] INFO  base.BaseClass - Found Element By {by.toString()}
2024-04-17 18:52:32,698 [main] INFO  base.BaseClass - Trying to find Element By {by.toString()})
2024-04-17 18:52:32,722 [main] INFO  base.BaseClass - Found Element By {by.toString()}
2024-04-17 18:52:33,244 [main] INFO  base.BaseClass - Trying to find Element By {by.toString()})
2024-04-17 18:52:33,278 [main] INFO  base.BaseClass - Found Element By {by.toString()}
2024-04-17 18:52:33,817 [main] INFO  base.BaseClass - Trying to find Element By {by.toString()})
2024-04-17 18:52:33,850 [main] INFO  base.BaseClass - Found Element By {by.toString()}
2024-04-17 18:52:34,394 [main] INFO  base.BaseClass - Trying to find Element By {by.toString()})
2024-04-17 18:52:34,427 [main] INFO  base.BaseClass - Found Element By {by.toString()}
2024-04-17 18:52:34,971 [main] INFO  base.BaseClass - Trying to find Element By {by.toString()})
2024-04-17 18:52:35,005 [main] INFO  base.BaseClass - Found Element By {by.toString()}
2024-04-17 18:52:35,535 [main] INFO  base.BaseClass - Trying to find Element By {by.toString()})
2024-04-17 18:52:35,569 [main] INFO  base.BaseClass - Found Element By {by.toString()}
2024-04-17 18:52:36,114 [main] INFO  base.BaseClass - Trying to find Element By {by.toString()})
2024-04-17 18:52:36,145 [main] INFO  base.BaseClass - Found Element By {by.toString()}
2024-04-17 18:52:36,689 [main] INFO  base.BaseClass - Trying to find Element By {by.toString()})
2024-04-17 18:52:36,722 [main] INFO  base.BaseClass - Found Element By {by.toString()}
2024-04-17 18:52:37,252 [main] INFO  base.BaseClass - Trying to find Element By {by.toString()})
2024-04-17 18:52:37,285 [main] INFO  base.BaseClass - Found Element By {by.toString()}
2024-04-17 18:52:37,816 [main] INFO  base.BaseClass - Trying to find Element By {by.toString()})
2024-04-17 18:52:37,844 [main] INFO  base.BaseClass - Found Element By {by.toString()}
2024-04-17 18:52:38,379 [main] INFO  base.BaseClass - Trying to find Element By {by.toString()})
2024-04-17 18:52:38,399 [main] INFO  base.BaseClass - Found Element By {by.toString()}
2024-04-17 18:52:38,922 [main] INFO  base.BaseClass - Trying to find Element By {by.toString()})
2024-04-17 18:52:38,938 [main] INFO  base.BaseClass - Found Element By {by.toString()}
2024-04-17 18:52:39,466 [main] INFO  base.BaseClass - Trying to find Element By {by.toString()})
2024-04-17 18:52:39,478 [main] INFO  base.BaseClass - Found Element By {by.toString()}
2024-04-17 18:52:39,995 [main] INFO  base.BaseClass - Trying to find Element By {by.toString()})
2024-04-17 18:52:40,010 [main] INFO  base.BaseClass - Found Element By {by.toString()}
2024-04-17 18:52:40,530 [main] INFO  base.BaseClass - Trying to find Element By {by.toString()})
2024-04-17 18:52:40,542 [main] INFO  base.BaseClass - Found Element By {by.toString()}
2024-04-17 18:52:41,064 [main] INFO  base.BaseClass - Trying to find Element By {by.toString()})
2024-04-17 18:52:41,091 [main] INFO  base.BaseClass - Found Element By {by.toString()}
2024-04-17 18:52:41,618 [main] INFO  base.BaseClass - Trying to find Element By {by.toString()})
2024-04-17 18:52:41,633 [main] INFO  base.BaseClass - Found Element By {by.toString()}
2024-04-17 18:52:42,166 [main] INFO  base.BaseClass - Trying to find Element By {by.toString()})
2024-04-17 18:52:42,198 [main] INFO  base.BaseClass - Found Element By {by.toString()}
2024-04-17 18:52:42,727 [main] INFO  base.BaseClass - Trying to find Element By {by.toString()})
2024-04-17 18:52:42,744 [main] INFO  base.BaseClass - Found Element By {by.toString()}
2024-04-17 18:52:43,274 [main] INFO  base.BaseClass - Trying to find Element By {by.toString()})
2024-04-17 18:52:43,288 [main] INFO  base.BaseClass - Found Element By {by.toString()}
2024-04-17 18:52:43,818 [main] INFO  base.BaseClass - Trying to find Element By {by.toString()})
2024-04-17 18:52:43,834 [main] INFO  base.BaseClass - Found Element By {by.toString()}
2024-04-17 18:52:44,366 [main] INFO  base.BaseClass - Trying to find Element By {by.toString()})
2024-04-17 18:52:44,389 [main] INFO  base.BaseClass - Found Element By {by.toString()}
TimeoutException occurred: Expected condition failed: waiting for helper.WaitUtility$5@178d4913 (tried for 30 second(s) with 500 milliseconds interval)
Build info: version: '3.141.59', revision: 'e82be7d358', time: '2018-11-14T08:17:03'
System info: host: 'DPLAP166', ip: '137.237.2.236', os.name: 'Windows 10', os.arch: 'amd64', os.version: '10.0', java.version: '19.0.1'
Driver info: org.openqa.selenium.support.events.EventFiringWebDriver
Capabilities {acceptInsecureCerts: true, browserName: chrome, browserVersion: 123.0.6312.123, chrome: {chromedriverVersion: 123.0.6312.122 (31f8248cdd9..., userDataDir: C:\Users\dP-PL\AppData\Loca...}, fedcm:accounts: true, goog:chromeOptions: {debuggerAddress: localhost:51256}, javascriptEnabled: true, networkConnectionEnabled: false, pageLoadStrategy: normal, platform: WINDOWS, platformName: WINDOWS, proxy: Proxy(), setWindowRect: true, strictFileInteractability: false, timeouts: {implicit: 0, pageLoad: 300000, script: 30000}, unhandledPromptBehavior: dismiss and notify, webauthn:extension:credBlob: true, webauthn:extension:largeBlob: true, webauthn:extension:minPinLength: true, webauthn:extension:prf: true, webauthn:virtualAuthenticators: true}
Session ID: a59c4df4811f82049fe754efe723d3c1
2024-04-17 18:52:44,416 [main] ERROR RotationCopy_test - Element did not become visible within the specified time: Expected condition failed: waiting for helper.WaitUtility$5@178d4913 (tried for 30 second(s) with 500 milliseconds interval)
Build info: version: '3.141.59', revision: 'e82be7d358', time: '2018-11-14T08:17:03'
System info: host: 'DPLAP166', ip: '137.237.2.236', os.name: 'Windows 10', os.arch: 'amd64', os.version: '10.0', java.version: '19.0.1'
Driver info: org.openqa.selenium.support.events.EventFiringWebDriver
Capabilities {acceptInsecureCerts: true, browserName: chrome, browserVersion: 123.0.6312.123, chrome: {chromedriverVersion: 123.0.6312.122 (31f8248cdd9..., userDataDir: C:\Users\dP-PL\AppData\Loca...}, fedcm:accounts: true, goog:chromeOptions: {debuggerAddress: localhost:51256}, javascriptEnabled: true, networkConnectionEnabled: false, pageLoadStrategy: normal, platform: WINDOWS, platformName: WINDOWS, proxy: Proxy(), setWindowRect: true, strictFileInteractability: false, timeouts: {implicit: 0, pageLoad: 300000, script: 30000}, unhandledPromptBehavior: dismiss and notify, webauthn:extension:credBlob: true, webauthn:extension:largeBlob: true, webauthn:extension:minPinLength: true, webauthn:extension:prf: true, webauthn:virtualAuthenticators: true}
Session ID: a59c4df4811f82049fe754efe723d3c1
2024-04-17 18:52:44,416 [main] INFO  base.BaseClass - Trying to find Element By {by.toString()})
2024-04-17 18:52:44,426 [main] INFO  base.BaseClass - Found Element By {by.toString()}
2024-04-17 18:52:44,426 [main] INFO  base.BaseClass - Trying to click on: {element.toString()}
2024-04-17 18:52:44,495 [main] INFO  base.BaseClass - Clicked on: {element.toString()}
2024-04-17 18:52:44,501 [main] INFO  base.BaseClass - Trying to find Element By {by.toString()})
2024-04-17 18:52:44,514 [main] INFO  base.BaseClass - Found Element By {by.toString()}
2024-04-17 18:52:45,036 [main] INFO  base.BaseClass - Trying to find Element By {by.toString()})
2024-04-17 18:52:45,448 [main] INFO  base.BaseClass - Found Element By {by.toString()}
2024-04-17 18:52:45,975 [main] INFO  base.BaseClass - Trying to find Element By {by.toString()})
2024-04-17 18:52:46,007 [main] INFO  base.BaseClass - Found Element By {by.toString()}
2024-04-17 18:52:46,540 [main] INFO  base.BaseClass - Trying to find Element By {by.toString()})
2024-04-17 18:52:46,562 [main] INFO  base.BaseClass - Found Element By {by.toString()}
2024-04-17 18:52:47,093 [main] INFO  base.BaseClass - Trying to find Element By {by.toString()})
2024-04-17 18:52:47,110 [main] INFO  base.BaseClass - Found Element By {by.toString()}
2024-04-17 18:52:47,641 [main] INFO  base.BaseClass - Trying to find Element By {by.toString()})
2024-04-17 18:52:47,669 [main] INFO  base.BaseClass - Found Element By {by.toString()}
2024-04-17 18:52:48,206 [main] INFO  base.BaseClass - Trying to find Element By {by.toString()})
2024-04-17 18:52:48,233 [main] INFO  base.BaseClass - Found Element By {by.toString()}
2024-04-17 18:52:48,765 [main] INFO  base.BaseClass - Trying to find Element By {by.toString()})
2024-04-17 18:52:48,783 [main] INFO  base.BaseClass - Found Element By {by.toString()}
2024-04-17 18:52:49,315 [main] INFO  base.BaseClass - Trying to find Element By {by.toString()})
2024-04-17 18:52:49,331 [main] INFO  base.BaseClass - Found Element By {by.toString()}
2024-04-17 18:52:49,861 [main] INFO  base.BaseClass - Trying to find Element By {by.toString()})
2024-04-17 18:52:49,881 [main] INFO  base.BaseClass - Found Element By {by.toString()}
2024-04-17 18:52:50,405 [main] INFO  base.BaseClass - Trying to find Element By {by.toString()})
2024-04-17 18:52:50,419 [main] INFO  base.BaseClass - Found Element By {by.toString()}
2024-04-17 18:52:50,951 [main] INFO  base.BaseClass - Trying to find Element By {by.toString()})
2024-04-17 18:52:50,981 [main] INFO  base.BaseClass - Found Element By {by.toString()}
2024-04-17 18:52:51,513 [main] INFO  base.BaseClass - Trying to find Element By {by.toString()})
2024-04-17 18:52:51,528 [main] INFO  base.BaseClass - Found Element By {by.toString()}
2024-04-17 18:52:52,062 [main] INFO  base.BaseClass - Trying to find Element By {by.toString()})
2024-04-17 18:52:52,090 [main] INFO  base.BaseClass - Found Element By {by.toString()}
2024-04-17 18:52:52,636 [main] INFO  base.BaseClass - Trying to find Element By {by.toString()})
2024-04-17 18:52:52,653 [main] INFO  base.BaseClass - Found Element By {by.toString()}
2024-04-17 18:52:53,183 [main] INFO  base.BaseClass - Trying to find Element By {by.toString()})
2024-04-17 18:52:53,207 [main] INFO  base.BaseClass - Found Element By {by.toString()}
2024-04-17 18:52:53,743 [main] INFO  base.BaseClass - Trying to find Element By {by.toString()})
2024-04-17 18:52:53,754 [main] INFO  base.BaseClass - Found Element By {by.toString()}
2024-04-17 18:52:54,277 [main] INFO  base.BaseClass - Trying to find Element By {by.toString()})
2024-04-17 18:52:54,298 [main] INFO  base.BaseClass - Found Element By {by.toString()}
2024-04-17 18:52:54,828 [main] INFO  base.BaseClass - Trying to find Element By {by.toString()})
2024-04-17 18:52:54,840 [main] INFO  base.BaseClass - Found Element By {by.toString()}
2024-04-17 18:52:55,365 [main] INFO  base.BaseClass - Trying to find Element By {by.toString()})
2024-04-17 18:52:55,381 [main] INFO  base.BaseClass - Found Element By {by.toString()}
2024-04-17 18:52:55,914 [main] INFO  base.BaseClass - Trying to find Element By {by.toString()})
2024-04-17 18:52:55,944 [main] INFO  base.BaseClass - Found Element By {by.toString()}
2024-04-17 18:52:56,495 [main] INFO  base.BaseClass - Trying to find Element By {by.toString()})
2024-04-17 18:52:56,522 [main] INFO  base.BaseClass - Found Element By {by.toString()}
2024-04-17 18:52:57,041 [main] INFO  base.BaseClass - Trying to find Element By {by.toString()})
2024-04-17 18:52:57,066 [main] INFO  base.BaseClass - Found Element By {by.toString()}
2024-04-17 18:52:57,601 [main] INFO  base.BaseClass - Trying to find Element By {by.toString()})
2024-04-17 18:52:57,635 [main] INFO  base.BaseClass - Found Element By {by.toString()}
2024-04-17 18:52:58,165 [main] INFO  base.BaseClass - Trying to find Element By {by.toString()})
2024-04-17 18:52:58,194 [main] INFO  base.BaseClass - Found Element By {by.toString()}
2024-04-17 18:52:58,737 [main] INFO  base.BaseClass - Trying to find Element By {by.toString()})
2024-04-17 18:52:58,768 [main] INFO  base.BaseClass - Found Element By {by.toString()}
2024-04-17 18:52:59,312 [main] INFO  base.BaseClass - Trying to find Element By {by.toString()})
2024-04-17 18:52:59,340 [main] INFO  base.BaseClass - Found Element By {by.toString()}
2024-04-17 18:52:59,873 [main] INFO  base.BaseClass - Trying to find Element By {by.toString()})
2024-04-17 18:52:59,902 [main] INFO  base.BaseClass - Found Element By {by.toString()}
2024-04-17 18:53:00,436 [main] INFO  base.BaseClass - Trying to find Element By {by.toString()})
2024-04-17 18:53:00,470 [main] INFO  base.BaseClass - Found Element By {by.toString()}
2024-04-17 18:53:01,026 [main] INFO  base.BaseClass - Trying to find Element By {by.toString()})
2024-04-17 18:53:01,041 [main] INFO  base.BaseClass - Found Element By {by.toString()}
2024-04-17 18:53:01,558 [main] INFO  base.BaseClass - Trying to find Element By {by.toString()})
2024-04-17 18:53:01,593 [main] INFO  base.BaseClass - Found Element By {by.toString()}
2024-04-17 18:53:02,138 [main] INFO  base.BaseClass - Trying to find Element By {by.toString()})
2024-04-17 18:53:02,164 [main] INFO  base.BaseClass - Found Element By {by.toString()}
2024-04-17 18:53:02,699 [main] INFO  base.BaseClass - Trying to find Element By {by.toString()})
2024-04-17 18:53:02,712 [main] INFO  base.BaseClass - Found Element By {by.toString()}
2024-04-17 18:53:03,234 [main] INFO  base.BaseClass - Trying to find Element By {by.toString()})
2024-04-17 18:53:03,260 [main] INFO  base.BaseClass - Found Element By {by.toString()}
2024-04-17 18:53:03,809 [main] INFO  base.BaseClass - Trying to find Element By {by.toString()})
2024-04-17 18:53:03,843 [main] INFO  base.BaseClass - Found Element By {by.toString()}
2024-04-17 18:53:04,373 [main] INFO  base.BaseClass - Trying to find Element By {by.toString()})
2024-04-17 18:53:04,405 [main] INFO  base.BaseClass - Found Element By {by.toString()}
2024-04-17 18:53:04,949 [main] INFO  base.BaseClass - Trying to find Element By {by.toString()})
2024-04-17 18:53:04,976 [main] INFO  base.BaseClass - Found Element By {by.toString()}
2024-04-17 18:53:05,495 [main] INFO  base.BaseClass - Trying to find Element By {by.toString()})
2024-04-17 18:53:05,518 [main] INFO  base.BaseClass - Found Element By {by.toString()}
2024-04-17 18:53:06,045 [main] INFO  base.BaseClass - Trying to find Element By {by.toString()})
2024-04-17 18:53:06,061 [main] INFO  base.BaseClass - Found Element By {by.toString()}
2024-04-17 18:53:06,593 [main] INFO  base.BaseClass - Trying to find Element By {by.toString()})
2024-04-17 18:53:06,624 [main] INFO  base.BaseClass - Found Element By {by.toString()}
2024-04-17 18:53:07,170 [main] INFO  base.BaseClass - Trying to find Element By {by.toString()})
2024-04-17 18:53:07,201 [main] INFO  base.BaseClass - Found Element By {by.toString()}
2024-04-17 18:53:07,747 [main] INFO  base.BaseClass - Trying to find Element By {by.toString()})
2024-04-17 18:53:07,768 [main] INFO  base.BaseClass - Found Element By {by.toString()}
2024-04-17 18:53:08,294 [main] INFO  base.BaseClass - Trying to find Element By {by.toString()})
2024-04-17 18:53:08,324 [main] INFO  base.BaseClass - Found Element By {by.toString()}
2024-04-17 18:53:08,875 [main] INFO  base.BaseClass - Trying to find Element By {by.toString()})
2024-04-17 18:53:08,892 [main] INFO  base.BaseClass - Found Element By {by.toString()}
2024-04-17 18:53:09,424 [main] INFO  base.BaseClass - Trying to find Element By {by.toString()})
2024-04-17 18:53:09,454 [main] INFO  base.BaseClass - Found Element By {by.toString()}
2024-04-17 18:53:09,999 [main] INFO  base.BaseClass - Trying to find Element By {by.toString()})
2024-04-17 18:53:10,026 [main] INFO  base.BaseClass - Found Element By {by.toString()}
2024-04-17 18:53:10,577 [main] INFO  base.BaseClass - Trying to find Element By {by.toString()})
2024-04-17 18:53:10,607 [main] INFO  base.BaseClass - Found Element By {by.toString()}
2024-04-17 18:53:11,158 [main] INFO  base.BaseClass - Trying to find Element By {by.toString()})
2024-04-17 18:53:11,187 [main] INFO  base.BaseClass - Found Element By {by.toString()}
2024-04-17 18:53:11,735 [main] INFO  base.BaseClass - Trying to find Element By {by.toString()})
2024-04-17 18:53:11,766 [main] INFO  base.BaseClass - Found Element By {by.toString()}
2024-04-17 18:53:12,315 [main] INFO  base.BaseClass - Trying to find Element By {by.toString()})
2024-04-17 18:53:12,346 [main] INFO  base.BaseClass - Found Element By {by.toString()}
2024-04-17 18:53:12,876 [main] INFO  base.BaseClass - Trying to find Element By {by.toString()})
2024-04-17 18:53:12,906 [main] INFO  base.BaseClass - Found Element By {by.toString()}
2024-04-17 18:53:13,440 [main] INFO  base.BaseClass - Trying to find Element By {by.toString()})
2024-04-17 18:53:13,470 [main] INFO  base.BaseClass - Found Element By {by.toString()}
2024-04-17 18:53:14,015 [main] INFO  base.BaseClass - Trying to find Element By {by.toString()})
2024-04-17 18:53:14,041 [main] INFO  base.BaseClass - Found Element By {by.toString()}
2024-04-17 18:53:14,578 [main] INFO  base.BaseClass - Trying to find Element By {by.toString()})
2024-04-17 18:53:14,608 [main] INFO  base.BaseClass - Found Element By {by.toString()}
TimeoutException occurred: Expected condition failed: waiting for helper.WaitUtility$5@48d8f051 (tried for 30 second(s) with 500 milliseconds interval)
Build info: version: '3.141.59', revision: 'e82be7d358', time: '2018-11-14T08:17:03'
System info: host: 'DPLAP166', ip: '137.237.2.236', os.name: 'Windows 10', os.arch: 'amd64', os.version: '10.0', java.version: '19.0.1'
Driver info: org.openqa.selenium.support.events.EventFiringWebDriver
Capabilities {acceptInsecureCerts: true, browserName: chrome, browserVersion: 123.0.6312.123, chrome: {chromedriverVersion: 123.0.6312.122 (31f8248cdd9..., userDataDir: C:\Users\dP-PL\AppData\Loca...}, fedcm:accounts: true, goog:chromeOptions: {debuggerAddress: localhost:51256}, javascriptEnabled: true, networkConnectionEnabled: false, pageLoadStrategy: normal, platform: WINDOWS, platformName: WINDOWS, proxy: Proxy(), setWindowRect: true, strictFileInteractability: false, timeouts: {implicit: 0, pageLoad: 300000, script: 30000}, unhandledPromptBehavior: dismiss and notify, webauthn:extension:credBlob: true, webauthn:extension:largeBlob: true, webauthn:extension:minPinLength: true, webauthn:extension:prf: true, webauthn:virtualAuthenticators: true}
Session ID: a59c4df4811f82049fe754efe723d3c1
2024-04-17 18:53:14,650 [main] ERROR RotationCopy_test - Element did not become visible within the specified time: Expected condition failed: waiting for helper.WaitUtility$5@48d8f051 (tried for 30 second(s) with 500 milliseconds interval)
Build info: version: '3.141.59', revision: 'e82be7d358', time: '2018-11-14T08:17:03'
System info: host: 'DPLAP166', ip: '137.237.2.236', os.name: 'Windows 10', os.arch: 'amd64', os.version: '10.0', java.version: '19.0.1'
Driver info: org.openqa.selenium.support.events.EventFiringWebDriver
Capabilities {acceptInsecureCerts: true, browserName: chrome, browserVersion: 123.0.6312.123, chrome: {chromedriverVersion: 123.0.6312.122 (31f8248cdd9..., userDataDir: C:\Users\dP-PL\AppData\Loca...}, fedcm:accounts: true, goog:chromeOptions: {debuggerAddress: localhost:51256}, javascriptEnabled: true, networkConnectionEnabled: false, pageLoadStrategy: normal, platform: WINDOWS, platformName: WINDOWS, proxy: Proxy(), setWindowRect: true, strictFileInteractability: false, timeouts: {implicit: 0, pageLoad: 300000, script: 30000}, unhandledPromptBehavior: dismiss and notify, webauthn:extension:credBlob: true, webauthn:extension:largeBlob: true, webauthn:extension:minPinLength: true, webauthn:extension:prf: true, webauthn:virtualAuthenticators: true}
Session ID: a59c4df4811f82049fe754efe723d3c1
2024-04-17 18:53:14,650 [main] INFO  base.BaseClass - Trying to find Element By {by.toString()})
2024-04-17 18:53:14,673 [main] INFO  base.BaseClass - Found Element By {by.toString()}
2024-04-17 18:53:14,673 [main] INFO  base.BaseClass - Trying to click on: {element.toString()}
2024-04-17 18:53:14,865 [main] INFO  base.BaseClass - Clicked on: {element.toString()}
2024-04-17 18:53:14,865 [main] INFO  base.BaseClass - Trying to find Element By {by.toString()})
2024-04-17 18:53:15,717 [main] INFO  base.BaseClass - Found Element By {by.toString()}
2024-04-17 18:53:16,231 [main] INFO  base.BaseClass - Trying to find Element By {by.toString()})
2024-04-17 18:53:16,265 [main] INFO  base.BaseClass - Found Element By {by.toString()}
2024-04-17 18:53:16,793 [main] INFO  base.BaseClass - Trying to find Element By {by.toString()})
2024-04-17 18:53:16,827 [main] INFO  base.BaseClass - Found Element By {by.toString()}
2024-04-17 18:53:17,371 [main] INFO  base.BaseClass - Trying to find Element By {by.toString()})
2024-04-17 18:53:17,404 [main] INFO  base.BaseClass - Found Element By {by.toString()}
2024-04-17 18:53:17,948 [main] INFO  base.BaseClass - Trying to find Element By {by.toString()})
2024-04-17 18:53:17,979 [main] INFO  base.BaseClass - Found Element By {by.toString()}
2024-04-17 18:53:18,512 [main] INFO  base.BaseClass - Trying to find Element By {by.toString()})
2024-04-17 18:53:18,542 [main] INFO  base.BaseClass - Found Element By {by.toString()}
2024-04-17 18:53:19,078 [main] INFO  base.BaseClass - Trying to find Element By {by.toString()})
2024-04-17 18:53:19,097 [main] INFO  base.BaseClass - Found Element By {by.toString()}
2024-04-17 18:53:19,636 [main] INFO  base.BaseClass - Trying to find Element By {by.toString()})
2024-04-17 18:53:19,668 [main] INFO  base.BaseClass - Found Element By {by.toString()}
2024-04-17 18:53:20,215 [main] INFO  base.BaseClass - Trying to find Element By {by.toString()})
2024-04-17 18:53:20,241 [main] INFO  base.BaseClass - Found Element By {by.toString()}
2024-04-17 18:53:20,792 [main] INFO  base.BaseClass - Trying to find Element By {by.toString()})
2024-04-17 18:53:20,821 [main] INFO  base.BaseClass - Found Element By {by.toString()}
2024-04-17 18:53:21,371 [main] INFO  base.BaseClass - Trying to find Element By {by.toString()})
2024-04-17 18:53:21,404 [main] INFO  base.BaseClass - Found Element By {by.toString()}
2024-04-17 18:53:21,936 [main] INFO  base.BaseClass - Trying to find Element By {by.toString()})
2024-04-17 18:53:21,966 [main] INFO  base.BaseClass - Found Element By {by.toString()}
2024-04-17 18:53:22,499 [main] INFO  base.BaseClass - Trying to find Element By {by.toString()})
2024-04-17 18:53:22,533 [main] INFO  base.BaseClass - Found Element By {by.toString()}
2024-04-17 18:53:23,074 [main] INFO  base.BaseClass - Trying to find Element By {by.toString()})
2024-04-17 18:53:23,103 [main] INFO  base.BaseClass - Found Element By {by.toString()}
2024-04-17 18:53:23,649 [main] INFO  base.BaseClass - Trying to find Element By {by.toString()})
2024-04-17 18:53:23,680 [main] INFO  base.BaseClass - Found Element By {by.toString()}
2024-04-17 18:53:24,214 [main] INFO  base.BaseClass - Trying to find Element By {by.toString()})
2024-04-17 18:53:24,246 [main] INFO  base.BaseClass - Found Element By {by.toString()}
2024-04-17 18:53:24,791 [main] INFO  base.BaseClass - Trying to find Element By {by.toString()})
2024-04-17 18:53:24,823 [main] INFO  base.BaseClass - Found Element By {by.toString()}
2024-04-17 18:53:25,369 [main] INFO  base.BaseClass - Trying to find Element By {by.toString()})
2024-04-17 18:53:25,401 [main] INFO  base.BaseClass - Found Element By {by.toString()}
2024-04-17 18:53:25,952 [main] INFO  base.BaseClass - Trying to find Element By {by.toString()})
2024-04-17 18:53:25,982 [main] INFO  base.BaseClass - Found Element By {by.toString()}
2024-04-17 18:53:26,533 [main] INFO  base.BaseClass - Trying to find Element By {by.toString()})
2024-04-17 18:53:26,564 [main] INFO  base.BaseClass - Found Element By {by.toString()}
2024-04-17 18:53:27,108 [main] INFO  base.BaseClass - Trying to find Element By {by.toString()})
2024-04-17 18:53:27,131 [main] INFO  base.BaseClass - Found Element By {by.toString()}
2024-04-17 18:53:27,671 [main] INFO  base.BaseClass - Trying to find Element By {by.toString()})
2024-04-17 18:53:27,700 [main] INFO  base.BaseClass - Found Element By {by.toString()}
2024-04-17 18:53:28,235 [main] INFO  base.BaseClass - Trying to find Element By {by.toString()})
2024-04-17 18:53:28,269 [main] INFO  base.BaseClass - Found Element By {by.toString()}
2024-04-17 18:53:28,815 [main] INFO  base.BaseClass - Trying to find Element By {by.toString()})
2024-04-17 18:53:28,844 [main] INFO  base.BaseClass - Found Element By {by.toString()}
2024-04-17 18:53:29,366 [main] INFO  base.BaseClass - Trying to find Element By {by.toString()})
2024-04-17 18:53:29,396 [main] INFO  base.BaseClass - Found Element By {by.toString()}
2024-04-17 18:53:29,945 [main] INFO  base.BaseClass - Trying to find Element By {by.toString()})
2024-04-17 18:53:29,976 [main] INFO  base.BaseClass - Found Element By {by.toString()}
2024-04-17 18:53:30,528 [main] INFO  base.BaseClass - Trying to find Element By {by.toString()})
2024-04-17 18:53:30,590 [main] INFO  base.BaseClass - Found Element By {by.toString()}
2024-04-17 18:53:31,123 [main] INFO  base.BaseClass - Trying to find Element By {by.toString()})
2024-04-17 18:53:31,149 [main] INFO  base.BaseClass - Found Element By {by.toString()}
2024-04-17 18:53:31,702 [main] INFO  base.BaseClass - Trying to find Element By {by.toString()})
2024-04-17 18:53:31,732 [main] INFO  base.BaseClass - Found Element By {by.toString()}
2024-04-17 18:53:32,283 [main] INFO  base.BaseClass - Trying to find Element By {by.toString()})
2024-04-17 18:53:32,314 [main] INFO  base.BaseClass - Found Element By {by.toString()}
2024-04-17 18:53:32,862 [main] INFO  base.BaseClass - Trying to find Element By {by.toString()})
2024-04-17 18:53:32,892 [main] INFO  base.BaseClass - Found Element By {by.toString()}
2024-04-17 18:53:33,439 [main] INFO  base.BaseClass - Trying to find Element By {by.toString()})
2024-04-17 18:53:33,463 [main] INFO  base.BaseClass - Found Element By {by.toString()}
2024-04-17 18:53:33,999 [main] INFO  base.BaseClass - Trying to find Element By {by.toString()})
2024-04-17 18:53:34,031 [main] INFO  base.BaseClass - Found Element By {by.toString()}
2024-04-17 18:53:34,577 [main] INFO  base.BaseClass - Trying to find Element By {by.toString()})
2024-04-17 18:53:34,609 [main] INFO  base.BaseClass - Found Element By {by.toString()}
2024-04-17 18:53:35,156 [main] INFO  base.BaseClass - Trying to find Element By {by.toString()})
2024-04-17 18:53:35,187 [main] INFO  base.BaseClass - Found Element By {by.toString()}
2024-04-17 18:53:35,731 [main] INFO  base.BaseClass - Trying to find Element By {by.toString()})
2024-04-17 18:53:35,765 [main] INFO  base.BaseClass - Found Element By {by.toString()}
2024-04-17 18:53:36,295 [main] INFO  base.BaseClass - Trying to find Element By {by.toString()})
2024-04-17 18:53:36,326 [main] INFO  base.BaseClass - Found Element By {by.toString()}
2024-04-17 18:53:36,875 [main] INFO  base.BaseClass - Trying to find Element By {by.toString()})
2024-04-17 18:53:36,908 [main] INFO  base.BaseClass - Found Element By {by.toString()}
2024-04-17 18:53:37,459 [main] INFO  base.BaseClass - Trying to find Element By {by.toString()})
2024-04-17 18:53:37,478 [main] INFO  base.BaseClass - Found Element By {by.toString()}
2024-04-17 18:53:38,007 [main] INFO  base.BaseClass - Trying to find Element By {by.toString()})
2024-04-17 18:53:38,039 [main] INFO  base.BaseClass - Found Element By {by.toString()}
2024-04-17 18:53:38,585 [main] INFO  base.BaseClass - Trying to find Element By {by.toString()})
2024-04-17 18:53:38,611 [main] INFO  base.BaseClass - Found Element By {by.toString()}
2024-04-17 18:53:39,162 [main] INFO  base.BaseClass - Trying to find Element By {by.toString()})
2024-04-17 18:53:39,184 [main] INFO  base.BaseClass - Found Element By {by.toString()}
2024-04-17 18:53:39,725 [main] INFO  base.BaseClass - Trying to find Element By {by.toString()})
2024-04-17 18:53:39,758 [main] INFO  base.BaseClass - Found Element By {by.toString()}
2024-04-17 18:53:40,306 [main] INFO  base.BaseClass - Trying to find Element By {by.toString()})
2024-04-17 18:53:40,338 [main] INFO  base.BaseClass - Found Element By {by.toString()}
2024-04-17 18:53:40,884 [main] INFO  base.BaseClass - Trying to find Element By {by.toString()})
2024-04-17 18:53:40,916 [main] INFO  base.BaseClass - Found Element By {by.toString()}
2024-04-17 18:53:41,466 [main] INFO  base.BaseClass - Trying to find Element By {by.toString()})
2024-04-17 18:53:41,492 [main] INFO  base.BaseClass - Found Element By {by.toString()}
2024-04-17 18:53:42,031 [main] INFO  base.BaseClass - Trying to find Element By {by.toString()})
2024-04-17 18:53:42,063 [main] INFO  base.BaseClass - Found Element By {by.toString()}
2024-04-17 18:53:42,611 [main] INFO  base.BaseClass - Trying to find Element By {by.toString()})
2024-04-17 18:53:42,643 [main] INFO  base.BaseClass - Found Element By {by.toString()}
2024-04-17 18:53:43,192 [main] INFO  base.BaseClass - Trying to find Element By {by.toString()})
2024-04-17 18:53:43,220 [main] INFO  base.BaseClass - Found Element By {by.toString()}
2024-04-17 18:53:43,753 [main] INFO  base.BaseClass - Trying to find Element By {by.toString()})
2024-04-17 18:53:43,781 [main] INFO  base.BaseClass - Found Element By {by.toString()}
2024-04-17 18:53:44,331 [main] INFO  base.BaseClass - Trying to find Element By {by.toString()})
2024-04-17 18:53:44,342 [main] INFO  base.BaseClass - Found Element By {by.toString()}
2024-04-17 18:53:44,864 [main] INFO  base.BaseClass - Trying to find Element By {by.toString()})
2024-04-17 18:53:44,895 [main] INFO  base.BaseClass - Found Element By {by.toString()}
TimeoutException occurred: Expected condition failed: waiting for helper.WaitUtility$5@3d916921 (tried for 30 second(s) with 500 milliseconds interval)
Build info: version: '3.141.59', revision: 'e82be7d358', time: '2018-11-14T08:17:03'
System info: host: 'DPLAP166', ip: '137.237.2.236', os.name: 'Windows 10', os.arch: 'amd64', os.version: '10.0', java.version: '19.0.1'
Driver info: org.openqa.selenium.support.events.EventFiringWebDriver
Capabilities {acceptInsecureCerts: true, browserName: chrome, browserVersion: 123.0.6312.123, chrome: {chromedriverVersion: 123.0.6312.122 (31f8248cdd9..., userDataDir: C:\Users\dP-PL\AppData\Loca...}, fedcm:accounts: true, goog:chromeOptions: {debuggerAddress: localhost:51256}, javascriptEnabled: true, networkConnectionEnabled: false, pageLoadStrategy: normal, platform: WINDOWS, platformName: WINDOWS, proxy: Proxy(), setWindowRect: true, strictFileInteractability: false, timeouts: {implicit: 0, pageLoad: 300000, script: 30000}, unhandledPromptBehavior: dismiss and notify, webauthn:extension:credBlob: true, webauthn:extension:largeBlob: true, webauthn:extension:minPinLength: true, webauthn:extension:prf: true, webauthn:virtualAuthenticators: true}
Session ID: a59c4df4811f82049fe754efe723d3c1
2024-04-17 18:53:44,931 [main] ERROR RotationCopy_test - Element did not become visible within the specified time: Expected condition failed: waiting for helper.WaitUtility$5@3d916921 (tried for 30 second(s) with 500 milliseconds interval)
Build info: version: '3.141.59', revision: 'e82be7d358', time: '2018-11-14T08:17:03'
System info: host: 'DPLAP166', ip: '137.237.2.236', os.name: 'Windows 10', os.arch: 'amd64', os.version: '10.0', java.version: '19.0.1'
Driver info: org.openqa.selenium.support.events.EventFiringWebDriver
Capabilities {acceptInsecureCerts: true, browserName: chrome, browserVersion: 123.0.6312.123, chrome: {chromedriverVersion: 123.0.6312.122 (31f8248cdd9..., userDataDir: C:\Users\dP-PL\AppData\Loca...}, fedcm:accounts: true, goog:chromeOptions: {debuggerAddress: localhost:51256}, javascriptEnabled: true, networkConnectionEnabled: false, pageLoadStrategy: normal, platform: WINDOWS, platformName: WINDOWS, proxy: Proxy(), setWindowRect: true, strictFileInteractability: false, timeouts: {implicit: 0, pageLoad: 300000, script: 30000}, unhandledPromptBehavior: dismiss and notify, webauthn:extension:credBlob: true, webauthn:extension:largeBlob: true, webauthn:extension:minPinLength: true, webauthn:extension:prf: true, webauthn:virtualAuthenticators: true}
Session ID: a59c4df4811f82049fe754efe723d3c1
2024-04-17 18:53:44,931 [main] INFO  base.BaseClass - Trying to find Element By {by.toString()})
2024-04-17 18:53:44,943 [main] INFO  base.BaseClass - Found Element By {by.toString()}
2024-04-17 18:53:44,943 [main] INFO  base.BaseClass - Trying to click on: {element.toString()}
2024-04-17 18:53:45,008 [main] INFO  base.BaseClass - Clicked on: {element.toString()}
2024-04-17 18:53:45,008 [main] INFO  base.BaseClass - Trying to find Element By {by.toString()})
2024-04-17 18:53:45,021 [main] INFO  base.BaseClass - Found Element By {by.toString()}
2024-04-17 18:53:45,537 [main] INFO  base.BaseClass - Trying to find Element By {by.toString()})
2024-04-17 18:53:45,613 [main] INFO  base.BaseClass - Found Element By {by.toString()}
2024-04-17 18:53:46,130 [main] INFO  base.BaseClass - Trying to find Element By {by.toString()})
2024-04-17 18:53:46,161 [main] INFO  base.BaseClass - Found Element By {by.toString()}
2024-04-17 18:53:46,691 [main] INFO  base.BaseClass - Trying to find Element By {by.toString()})
2024-04-17 18:53:46,721 [main] INFO  base.BaseClass - Found Element By {by.toString()}
2024-04-17 18:53:47,252 [main] INFO  base.BaseClass - Trying to find Element By {by.toString()})
2024-04-17 18:53:47,282 [main] INFO  base.BaseClass - Found Element By {by.toString()}
2024-04-17 18:53:47,832 [main] INFO  base.BaseClass - Trying to find Element By {by.toString()})
2024-04-17 18:53:47,863 [main] INFO  base.BaseClass - Found Element By {by.toString()}
2024-04-17 18:53:48,406 [main] INFO  base.BaseClass - Trying to find Element By {by.toString()})
2024-04-17 18:53:48,437 [main] INFO  base.BaseClass - Found Element By {by.toString()}
2024-04-17 18:53:48,986 [main] INFO  base.BaseClass - Trying to find Element By {by.toString()})
2024-04-17 18:53:49,019 [main] INFO  base.BaseClass - Found Element By {by.toString()}
2024-04-17 18:53:49,560 [main] INFO  base.BaseClass - Trying to find Element By {by.toString()})
2024-04-17 18:53:49,592 [main] INFO  base.BaseClass - Found Element By {by.toString()}
2024-04-17 18:53:50,125 [main] INFO  base.BaseClass - Trying to find Element By {by.toString()})
2024-04-17 18:53:50,155 [main] INFO  base.BaseClass - Found Element By {by.toString()}
2024-04-17 18:53:50,704 [main] INFO  base.BaseClass - Trying to find Element By {by.toString()})
2024-04-17 18:53:50,736 [main] INFO  base.BaseClass - Found Element By {by.toString()}
2024-04-17 18:53:51,284 [main] INFO  base.BaseClass - Trying to find Element By {by.toString()})
2024-04-17 18:53:51,303 [main] INFO  base.BaseClass - Found Element By {by.toString()}
2024-04-17 18:53:51,842 [main] INFO  base.BaseClass - Trying to find Element By {by.toString()})
2024-04-17 18:53:51,865 [main] INFO  base.BaseClass - Found Element By {by.toString()}
2024-04-17 18:53:52,390 [main] INFO  base.BaseClass - Trying to find Element By {by.toString()})
2024-04-17 18:53:52,417 [main] INFO  base.BaseClass - Found Element By {by.toString()}
2024-04-17 18:53:52,952 [main] INFO  base.BaseClass - Trying to find Element By {by.toString()})
2024-04-17 18:53:52,984 [main] INFO  base.BaseClass - Found Element By {by.toString()}
2024-04-17 18:53:53,533 [main] INFO  base.BaseClass - Trying to find Element By {by.toString()})
2024-04-17 18:53:53,565 [main] INFO  base.BaseClass - Found Element By {by.toString()}
2024-04-17 18:53:54,099 [main] INFO  base.BaseClass - Trying to find Element By {by.toString()})
2024-04-17 18:53:54,126 [main] INFO  base.BaseClass - Found Element By {by.toString()}
2024-04-17 18:53:54,663 [main] INFO  base.BaseClass - Trying to find Element By {by.toString()})
2024-04-17 18:53:54,694 [main] INFO  base.BaseClass - Found Element By {by.toString()}
2024-04-17 18:53:55,222 [main] INFO  base.BaseClass - Trying to find Element By {by.toString()})
2024-04-17 18:53:55,238 [main] INFO  base.BaseClass - Found Element By {by.toString()}
2024-04-17 18:53:55,756 [main] INFO  base.BaseClass - Trying to find Element By {by.toString()})
2024-04-17 18:53:55,787 [main] INFO  base.BaseClass - Found Element By {by.toString()}
2024-04-17 18:53:56,320 [main] INFO  base.BaseClass - Trying to find Element By {by.toString()})
2024-04-17 18:53:56,557 [main] INFO  base.BaseClass - Found Element By {by.toString()}
2024-04-17 18:53:57,098 [main] INFO  base.BaseClass - Trying to find Element By {by.toString()})
2024-04-17 18:53:57,131 [main] INFO  base.BaseClass - Found Element By {by.toString()}
2024-04-17 18:53:57,691 [main] INFO  base.BaseClass - Trying to find Element By {by.toString()})
2024-04-17 18:53:57,723 [main] INFO  base.BaseClass - Found Element By {by.toString()}
2024-04-17 18:53:58,270 [main] INFO  base.BaseClass - Trying to find Element By {by.toString()})
2024-04-17 18:53:58,299 [main] INFO  base.BaseClass - Found Element By {by.toString()}
2024-04-17 18:53:58,833 [main] INFO  base.BaseClass - Trying to find Element By {by.toString()})
2024-04-17 18:53:58,864 [main] INFO  base.BaseClass - Found Element By {by.toString()}
2024-04-17 18:53:59,411 [main] INFO  base.BaseClass - Trying to find Element By {by.toString()})
2024-04-17 18:53:59,441 [main] INFO  base.BaseClass - Found Element By {by.toString()}
2024-04-17 18:53:59,988 [main] INFO  base.BaseClass - Trying to find Element By {by.toString()})
2024-04-17 18:54:00,018 [main] INFO  base.BaseClass - Found Element By {by.toString()}
2024-04-17 18:54:00,551 [main] INFO  base.BaseClass - Trying to find Element By {by.toString()})
2024-04-17 18:54:00,583 [main] INFO  base.BaseClass - Found Element By {by.toString()}
2024-04-17 18:54:01,128 [main] INFO  base.BaseClass - Trying to find Element By {by.toString()})
2024-04-17 18:54:01,191 [main] INFO  base.BaseClass - Found Element By {by.toString()}
2024-04-17 18:54:01,737 [main] INFO  base.BaseClass - Trying to find Element By {by.toString()})
2024-04-17 18:54:01,769 [main] INFO  base.BaseClass - Found Element By {by.toString()}
2024-04-17 18:54:02,314 [main] INFO  base.BaseClass - Trying to find Element By {by.toString()})
2024-04-17 18:54:02,347 [main] INFO  base.BaseClass - Found Element By {by.toString()}
2024-04-17 18:54:02,877 [main] INFO  base.BaseClass - Trying to find Element By {by.toString()})
2024-04-17 18:54:02,908 [main] INFO  base.BaseClass - Found Element By {by.toString()}
2024-04-17 18:54:03,457 [main] INFO  base.BaseClass - Trying to find Element By {by.toString()})
2024-04-17 18:54:03,479 [main] INFO  base.BaseClass - Found Element By {by.toString()}
2024-04-17 18:54:04,005 [main] INFO  base.BaseClass - Trying to find Element By {by.toString()})
2024-04-17 18:54:04,036 [main] INFO  base.BaseClass - Found Element By {by.toString()}
2024-04-17 18:54:04,585 [main] INFO  base.BaseClass - Trying to find Element By {by.toString()})
2024-04-17 18:54:04,617 [main] INFO  base.BaseClass - Found Element By {by.toString()}
2024-04-17 18:54:05,166 [main] INFO  base.BaseClass - Trying to find Element By {by.toString()})
2024-04-17 18:54:05,197 [main] INFO  base.BaseClass - Found Element By {by.toString()}
2024-04-17 18:54:05,744 [main] INFO  base.BaseClass - Trying to find Element By {by.toString()})
2024-04-17 18:54:05,776 [main] INFO  base.BaseClass - Found Element By {by.toString()}
2024-04-17 18:54:06,324 [main] INFO  base.BaseClass - Trying to find Element By {by.toString()})
2024-04-17 18:54:06,355 [main] INFO  base.BaseClass - Found Element By {by.toString()}
2024-04-17 18:54:06,885 [main] INFO  base.BaseClass - Trying to find Element By {by.toString()})
2024-04-17 18:54:06,916 [main] INFO  base.BaseClass - Found Element By {by.toString()}
2024-04-17 18:54:07,465 [main] INFO  base.BaseClass - Trying to find Element By {by.toString()})
2024-04-17 18:54:07,497 [main] INFO  base.BaseClass - Found Element By {by.toString()}
2024-04-17 18:54:08,033 [main] INFO  base.BaseClass - Trying to find Element By {by.toString()})
2024-04-17 18:54:08,064 [main] INFO  base.BaseClass - Found Element By {by.toString()}
2024-04-17 18:54:08,594 [main] INFO  base.BaseClass - Trying to find Element By {by.toString()})
2024-04-17 18:54:08,625 [main] INFO  base.BaseClass - Found Element By {by.toString()}
2024-04-17 18:54:09,171 [main] INFO  base.BaseClass - Trying to find Element By {by.toString()})
2024-04-17 18:54:09,201 [main] INFO  base.BaseClass - Found Element By {by.toString()}
2024-04-17 18:54:09,751 [main] INFO  base.BaseClass - Trying to find Element By {by.toString()})
2024-04-17 18:54:09,783 [main] INFO  base.BaseClass - Found Element By {by.toString()}
2024-04-17 18:54:10,326 [main] INFO  base.BaseClass - Trying to find Element By {by.toString()})
2024-04-17 18:54:10,352 [main] INFO  base.BaseClass - Found Element By {by.toString()}
2024-04-17 18:54:10,888 [main] INFO  base.BaseClass - Trying to find Element By {by.toString()})
2024-04-17 18:54:10,921 [main] INFO  base.BaseClass - Found Element By {by.toString()}
2024-04-17 18:54:11,467 [main] INFO  base.BaseClass - Trying to find Element By {by.toString()})
2024-04-17 18:54:11,497 [main] INFO  base.BaseClass - Found Element By {by.toString()}
2024-04-17 18:54:12,032 [main] INFO  base.BaseClass - Trying to find Element By {by.toString()})
2024-04-17 18:54:12,063 [main] INFO  base.BaseClass - Found Element By {by.toString()}
2024-04-17 18:54:12,612 [main] INFO  base.BaseClass - Trying to find Element By {by.toString()})
2024-04-17 18:54:12,643 [main] INFO  base.BaseClass - Found Element By {by.toString()}
2024-04-17 18:54:13,193 [main] INFO  base.BaseClass - Trying to find Element By {by.toString()})
2024-04-17 18:54:13,224 [main] INFO  base.BaseClass - Found Element By {by.toString()}
2024-04-17 18:54:13,768 [main] INFO  base.BaseClass - Trying to find Element By {by.toString()})
2024-04-17 18:54:13,783 [main] INFO  base.BaseClass - Found Element By {by.toString()}
2024-04-17 18:54:14,302 [main] INFO  base.BaseClass - Trying to find Element By {by.toString()})
2024-04-17 18:54:14,332 [main] INFO  base.BaseClass - Found Element By {by.toString()}
2024-04-17 18:54:14,878 [main] INFO  base.BaseClass - Trying to find Element By {by.toString()})
2024-04-17 18:54:14,908 [main] INFO  base.BaseClass - Found Element By {by.toString()}
2024-04-17 18:54:15,457 [main] INFO  base.BaseClass - Trying to find Element By {by.toString()})
2024-04-17 18:54:15,485 [main] INFO  base.BaseClass - Found Element By {by.toString()}
TimeoutException occurred: Expected condition failed: waiting for helper.WaitUtility$5@6044dc6 (tried for 30 second(s) with 500 milliseconds interval)
Build info: version: '3.141.59', revision: 'e82be7d358', time: '2018-11-14T08:17:03'
System info: host: 'DPLAP166', ip: '137.237.2.236', os.name: 'Windows 10', os.arch: 'amd64', os.version: '10.0', java.version: '19.0.1'
Driver info: org.openqa.selenium.support.events.EventFiringWebDriver
Capabilities {acceptInsecureCerts: true, browserName: chrome, browserVersion: 123.0.6312.123, chrome: {chromedriverVersion: 123.0.6312.122 (31f8248cdd9..., userDataDir: C:\Users\dP-PL\AppData\Loca...}, fedcm:accounts: true, goog:chromeOptions: {debuggerAddress: localhost:51256}, javascriptEnabled: true, networkConnectionEnabled: false, pageLoadStrategy: normal, platform: WINDOWS, platformName: WINDOWS, proxy: Proxy(), setWindowRect: true, strictFileInteractability: false, timeouts: {implicit: 0, pageLoad: 300000, script: 30000}, unhandledPromptBehavior: dismiss and notify, webauthn:extension:credBlob: true, webauthn:extension:largeBlob: true, webauthn:extension:minPinLength: true, webauthn:extension:prf: true, webauthn:virtualAuthenticators: true}
Session ID: a59c4df4811f82049fe754efe723d3c1
2024-04-17 18:54:15,519 [main] ERROR RotationCopy_test - Element did not become visible within the specified time: Expected condition failed: waiting for helper.WaitUtility$5@6044dc6 (tried for 30 second(s) with 500 milliseconds interval)
Build info: version: '3.141.59', revision: 'e82be7d358', time: '2018-11-14T08:17:03'
System info: host: 'DPLAP166', ip: '137.237.2.236', os.name: 'Windows 10', os.arch: 'amd64', os.version: '10.0', java.version: '19.0.1'
Driver info: org.openqa.selenium.support.events.EventFiringWebDriver
Capabilities {acceptInsecureCerts: true, browserName: chrome, browserVersion: 123.0.6312.123, chrome: {chromedriverVersion: 123.0.6312.122 (31f8248cdd9..., userDataDir: C:\Users\dP-PL\AppData\Loca...}, fedcm:accounts: true, goog:chromeOptions: {debuggerAddress: localhost:51256}, javascriptEnabled: true, networkConnectionEnabled: false, pageLoadStrategy: normal, platform: WINDOWS, platformName: WINDOWS, proxy: Proxy(), setWindowRect: true, strictFileInteractability: false, timeouts: {implicit: 0, pageLoad: 300000, script: 30000}, unhandledPromptBehavior: dismiss and notify, webauthn:extension:credBlob: true, webauthn:extension:largeBlob: true, webauthn:extension:minPinLength: true, webauthn:extension:prf: true, webauthn:virtualAuthenticators: true}
Session ID: a59c4df4811f82049fe754efe723d3c1
2024-04-17 18:54:15,519 [main] INFO  base.BaseClass - Trying to find Element By {by.toString()})
2024-04-17 18:54:15,539 [main] INFO  base.BaseClass - Found Element By {by.toString()}
2024-04-17 18:54:15,539 [main] INFO  base.BaseClass - Trying to click on: {element.toString()}
2024-04-17 18:54:15,703 [main] INFO  base.BaseClass - Clicked on: {element.toString()}
2024-04-17 18:54:15,709 [main] INFO  base.BaseClass - Trying to find Element By {by.toString()})
2024-04-17 18:54:15,734 [main] INFO  base.BaseClass - Found Element By {by.toString()}
2024-04-17 18:54:16,263 [main] INFO  base.BaseClass - Trying to find Element By {by.toString()})
2024-04-17 18:54:16,294 [main] INFO  base.BaseClass - Found Element By {by.toString()}
2024-04-17 18:54:16,842 [main] INFO  base.BaseClass - Trying to find Element By {by.toString()})
2024-04-17 18:54:16,860 [main] INFO  base.BaseClass - Found Element By {by.toString()}
2024-04-17 18:54:17,391 [main] INFO  base.BaseClass - Trying to find Element By {by.toString()})
2024-04-17 18:54:17,419 [main] INFO  base.BaseClass - Found Element By {by.toString()}
2024-04-17 18:54:17,970 [main] INFO  base.BaseClass - Trying to find Element By {by.toString()})
2024-04-17 18:54:18,001 [main] INFO  base.BaseClass - Found Element By {by.toString()}
2024-04-17 18:54:18,550 [main] INFO  base.BaseClass - Trying to find Element By {by.toString()})
2024-04-17 18:54:18,581 [main] INFO  base.BaseClass - Found Element By {by.toString()}
2024-04-17 18:54:19,114 [main] INFO  base.BaseClass - Trying to find Element By {by.toString()})
2024-04-17 18:54:19,144 [main] INFO  base.BaseClass - Found Element By {by.toString()}
2024-04-17 18:54:19,693 [main] INFO  base.BaseClass - Trying to find Element By {by.toString()})
2024-04-17 18:54:19,723 [main] INFO  base.BaseClass - Found Element By {by.toString()}
2024-04-17 18:54:20,273 [main] INFO  base.BaseClass - Trying to find Element By {by.toString()})
2024-04-17 18:54:20,302 [main] INFO  base.BaseClass - Found Element By {by.toString()}
2024-04-17 18:54:20,835 [main] INFO  base.BaseClass - Trying to find Element By {by.toString()})
2024-04-17 18:54:20,863 [main] INFO  base.BaseClass - Found Element By {by.toString()}
2024-04-17 18:54:21,412 [main] INFO  base.BaseClass - Trying to find Element By {by.toString()})
2024-04-17 18:54:21,442 [main] INFO  base.BaseClass - Found Element By {by.toString()}
2024-04-17 18:54:21,992 [main] INFO  base.BaseClass - Trying to find Element By {by.toString()})
2024-04-17 18:54:22,021 [main] INFO  base.BaseClass - Found Element By {by.toString()}
2024-04-17 18:54:22,569 [main] INFO  base.BaseClass - Trying to find Element By {by.toString()})
2024-04-17 18:54:22,599 [main] INFO  base.BaseClass - Found Element By {by.toString()}
2024-04-17 18:54:23,151 [main] INFO  base.BaseClass - Trying to find Element By {by.toString()})
2024-04-17 18:54:23,181 [main] INFO  base.BaseClass - Found Element By {by.toString()}
2024-04-17 18:54:23,730 [main] INFO  base.BaseClass - Trying to find Element By {by.toString()})
2024-04-17 18:54:23,759 [main] INFO  base.BaseClass - Found Element By {by.toString()}
2024-04-17 18:54:24,308 [main] INFO  base.BaseClass - Trying to find Element By {by.toString()})
2024-04-17 18:54:24,338 [main] INFO  base.BaseClass - Found Element By {by.toString()}
2024-04-17 18:54:24,871 [main] INFO  base.BaseClass - Trying to find Element By {by.toString()})
2024-04-17 18:54:24,892 [main] INFO  base.BaseClass - Found Element By {by.toString()}
2024-04-17 18:54:25,418 [main] INFO  base.BaseClass - Trying to find Element By {by.toString()})
2024-04-17 18:54:25,447 [main] INFO  base.BaseClass - Found Element By {by.toString()}
2024-04-17 18:54:25,999 [main] INFO  base.BaseClass - Trying to find Element By {by.toString()})
2024-04-17 18:54:26,028 [main] INFO  base.BaseClass - Found Element By {by.toString()}
2024-04-17 18:54:26,578 [main] INFO  base.BaseClass - Trying to find Element By {by.toString()})
2024-04-17 18:54:26,607 [main] INFO  base.BaseClass - Found Element By {by.toString()}
2024-04-17 18:54:27,157 [main] INFO  base.BaseClass - Trying to find Element By {by.toString()})
2024-04-17 18:54:27,186 [main] INFO  base.BaseClass - Found Element By {by.toString()}
2024-04-17 18:54:27,707 [main] INFO  base.BaseClass - Trying to find Element By {by.toString()})
2024-04-17 18:54:27,737 [main] INFO  base.BaseClass - Found Element By {by.toString()}
2024-04-17 18:54:28,287 [main] INFO  base.BaseClass - Trying to find Element By {by.toString()})
2024-04-17 18:54:28,311 [main] INFO  base.BaseClass - Found Element By {by.toString()}
2024-04-17 18:54:28,837 [main] INFO  base.BaseClass - Trying to find Element By {by.toString()})
2024-04-17 18:54:28,857 [main] INFO  base.BaseClass - Found Element By {by.toString()}
2024-04-17 18:54:29,388 [main] INFO  base.BaseClass - Trying to find Element By {by.toString()})
2024-04-17 18:54:29,419 [main] INFO  base.BaseClass - Found Element By {by.toString()}
2024-04-17 18:54:29,969 [main] INFO  base.BaseClass - Trying to find Element By {by.toString()})
2024-04-17 18:54:29,999 [main] INFO  base.BaseClass - Found Element By {by.toString()}
2024-04-17 18:54:30,535 [main] INFO  base.BaseClass - Trying to find Element By {by.toString()})
2024-04-17 18:54:30,562 [main] INFO  base.BaseClass - Found Element By {by.toString()}
2024-04-17 18:54:31,103 [main] INFO  base.BaseClass - Trying to find Element By {by.toString()})
2024-04-17 18:54:31,131 [main] INFO  base.BaseClass - Found Element By {by.toString()}
2024-04-17 18:54:31,685 [main] INFO  base.BaseClass - Trying to find Element By {by.toString()})
2024-04-17 18:54:31,714 [main] INFO  base.BaseClass - Found Element By {by.toString()}
2024-04-17 18:54:32,248 [main] INFO  base.BaseClass - Trying to find Element By {by.toString()})
2024-04-17 18:54:32,276 [main] INFO  base.BaseClass - Found Element By {by.toString()}
2024-04-17 18:54:32,828 [main] INFO  base.BaseClass - Trying to find Element By {by.toString()})
2024-04-17 18:54:32,857 [main] INFO  base.BaseClass - Found Element By {by.toString()}
2024-04-17 18:54:33,407 [main] INFO  base.BaseClass - Trying to find Element By {by.toString()})
2024-04-17 18:54:33,436 [main] INFO  base.BaseClass - Found Element By {by.toString()}
2024-04-17 18:54:33,989 [main] INFO  base.BaseClass - Trying to find Element By {by.toString()})
2024-04-17 18:54:34,017 [main] INFO  base.BaseClass - Found Element By {by.toString()}
2024-04-17 18:54:34,566 [main] INFO  base.BaseClass - Trying to find Element By {by.toString()})
2024-04-17 18:54:34,593 [main] INFO  base.BaseClass - Found Element By {by.toString()}
2024-04-17 18:54:35,128 [main] INFO  base.BaseClass - Trying to find Element By {by.toString()})
2024-04-17 18:54:35,156 [main] INFO  base.BaseClass - Found Element By {by.toString()}
2024-04-17 18:54:35,707 [main] INFO  base.BaseClass - Trying to find Element By {by.toString()})
2024-04-17 18:54:35,736 [main] INFO  base.BaseClass - Found Element By {by.toString()}
2024-04-17 18:54:36,286 [main] INFO  base.BaseClass - Trying to find Element By {by.toString()})
2024-04-17 18:54:36,316 [main] INFO  base.BaseClass - Found Element By {by.toString()}
2024-04-17 18:54:36,863 [main] INFO  base.BaseClass - Trying to find Element By {by.toString()})
2024-04-17 18:54:36,892 [main] INFO  base.BaseClass - Found Element By {by.toString()}
2024-04-17 18:54:37,439 [main] INFO  base.BaseClass - Trying to find Element By {by.toString()})
2024-04-17 18:54:37,452 [main] INFO  base.BaseClass - Found Element By {by.toString()}
2024-04-17 18:54:37,977 [main] INFO  base.BaseClass - Trying to find Element By {by.toString()})
2024-04-17 18:54:37,990 [main] INFO  base.BaseClass - Found Element By {by.toString()}
2024-04-17 18:54:38,521 [main] INFO  base.BaseClass - Trying to find Element By {by.toString()})
2024-04-17 18:54:38,530 [main] INFO  base.BaseClass - Found Element By {by.toString()}
2024-04-17 18:54:39,052 [main] INFO  base.BaseClass - Trying to find Element By {by.toString()})
2024-04-17 18:54:39,075 [main] INFO  base.BaseClass - Found Element By {by.toString()}
2024-04-17 18:54:39,599 [main] INFO  base.BaseClass - Trying to find Element By {by.toString()})
2024-04-17 18:54:39,615 [main] INFO  base.BaseClass - Found Element By {by.toString()}
2024-04-17 18:54:40,144 [main] INFO  base.BaseClass - Trying to find Element By {by.toString()})
2024-04-17 18:54:40,158 [main] INFO  base.BaseClass - Found Element By {by.toString()}
2024-04-17 18:54:40,689 [main] INFO  base.BaseClass - Trying to find Element By {by.toString()})
2024-04-17 18:54:40,700 [main] INFO  base.BaseClass - Found Element By {by.toString()}
2024-04-17 18:54:41,220 [main] INFO  base.BaseClass - Trying to find Element By {by.toString()})
2024-04-17 18:54:41,228 [main] INFO  base.BaseClass - Found Element By {by.toString()}
2024-04-17 18:54:41,756 [main] INFO  base.BaseClass - Trying to find Element By {by.toString()})
2024-04-17 18:54:41,785 [main] INFO  base.BaseClass - Found Element By {by.toString()}
2024-04-17 18:54:42,336 [main] INFO  base.BaseClass - Trying to find Element By {by.toString()})
2024-04-17 18:54:42,366 [main] INFO  base.BaseClass - Found Element By {by.toString()}
2024-04-17 18:54:42,911 [main] INFO  base.BaseClass - Trying to find Element By {by.toString()})
2024-04-17 18:54:42,940 [main] INFO  base.BaseClass - Found Element By {by.toString()}
2024-04-17 18:54:43,488 [main] INFO  base.BaseClass - Trying to find Element By {by.toString()})
2024-04-17 18:54:43,499 [main] INFO  base.BaseClass - Found Element By {by.toString()}
2024-04-17 18:54:44,022 [main] INFO  base.BaseClass - Trying to find Element By {by.toString()})
2024-04-17 18:54:44,051 [main] INFO  base.BaseClass - Found Element By {by.toString()}
2024-04-17 18:54:44,602 [main] INFO  base.BaseClass - Trying to find Element By {by.toString()})
2024-04-17 18:54:44,628 [main] INFO  base.BaseClass - Found Element By {by.toString()}
2024-04-17 18:54:45,162 [main] INFO  base.BaseClass - Trying to find Element By {by.toString()})
2024-04-17 18:54:45,195 [main] INFO  base.BaseClass - Found Element By {by.toString()}
2024-04-17 18:54:45,739 [main] INFO  base.BaseClass - Trying to find Element By {by.toString()})
2024-04-17 18:54:45,768 [main] INFO  base.BaseClass - Found Element By {by.toString()}
TimeoutException occurred: Expected condition failed: waiting for helper.WaitUtility$5@40b7e096 (tried for 30 second(s) with 500 milliseconds interval)
Build info: version: '3.141.59', revision: 'e82be7d358', time: '2018-11-14T08:17:03'
System info: host: 'DPLAP166', ip: '137.237.2.236', os.name: 'Windows 10', os.arch: 'amd64', os.version: '10.0', java.version: '19.0.1'
Driver info: org.openqa.selenium.support.events.EventFiringWebDriver
Capabilities {acceptInsecureCerts: true, browserName: chrome, browserVersion: 123.0.6312.123, chrome: {chromedriverVersion: 123.0.6312.122 (31f8248cdd9..., userDataDir: C:\Users\dP-PL\AppData\Loca...}, fedcm:accounts: true, goog:chromeOptions: {debuggerAddress: localhost:51256}, javascriptEnabled: true, networkConnectionEnabled: false, pageLoadStrategy: normal, platform: WINDOWS, platformName: WINDOWS, proxy: Proxy(), setWindowRect: true, strictFileInteractability: false, timeouts: {implicit: 0, pageLoad: 300000, script: 30000}, unhandledPromptBehavior: dismiss and notify, webauthn:extension:credBlob: true, webauthn:extension:largeBlob: true, webauthn:extension:minPinLength: true, webauthn:extension:prf: true, webauthn:virtualAuthenticators: true}
Session ID: a59c4df4811f82049fe754efe723d3c1
2024-04-17 18:54:45,793 [main] ERROR RotationCopy_test - Element did not become visible within the specified time: Expected condition failed: waiting for helper.WaitUtility$5@40b7e096 (tried for 30 second(s) with 500 milliseconds interval)
Build info: version: '3.141.59', revision: 'e82be7d358', time: '2018-11-14T08:17:03'
System info: host: 'DPLAP166', ip: '137.237.2.236', os.name: 'Windows 10', os.arch: 'amd64', os.version: '10.0', java.version: '19.0.1'
Driver info: org.openqa.selenium.support.events.EventFiringWebDriver
Capabilities {acceptInsecureCerts: true, browserName: chrome, browserVersion: 123.0.6312.123, chrome: {chromedriverVersion: 123.0.6312.122 (31f8248cdd9..., userDataDir: C:\Users\dP-PL\AppData\Loca...}, fedcm:accounts: true, goog:chromeOptions: {debuggerAddress: localhost:51256}, javascriptEnabled: true, networkConnectionEnabled: false, pageLoadStrategy: normal, platform: WINDOWS, platformName: WINDOWS, proxy: Proxy(), setWindowRect: true, strictFileInteractability: false, timeouts: {implicit: 0, pageLoad: 300000, script: 30000}, unhandledPromptBehavior: dismiss and notify, webauthn:extension:credBlob: true, webauthn:extension:largeBlob: true, webauthn:extension:minPinLength: true, webauthn:extension:prf: true, webauthn:virtualAuthenticators: true}
Session ID: a59c4df4811f82049fe754efe723d3c1
2024-04-17 18:54:45,793 [main] INFO  base.BaseClass - Trying to find Element By {by.toString()})
2024-04-17 18:54:45,804 [main] INFO  base.BaseClass - Found Element By {by.toString()}
2024-04-17 18:54:45,804 [main] INFO  base.BaseClass - Trying to click on: {element.toString()}
2024-04-17 18:54:45,867 [main] INFO  base.BaseClass - Clicked on: {element.toString()}
2024-04-17 18:54:45,872 [main] INFO  base.BaseClass - Trying to find Element By {by.toString()})
2024-04-17 18:54:45,886 [main] INFO  base.BaseClass - Found Element By {by.toString()}
2024-04-17 18:54:46,410 [main] INFO  base.BaseClass - Trying to find Element By {by.toString()})
2024-04-17 18:54:46,793 [main] INFO  base.BaseClass - Found Element By {by.toString()}
2024-04-17 18:54:47,317 [main] INFO  base.BaseClass - Trying to find Element By {by.toString()})
2024-04-17 18:54:47,353 [main] INFO  base.BaseClass - Found Element By {by.toString()}
2024-04-17 18:54:47,882 [main] INFO  base.BaseClass - Trying to find Element By {by.toString()})
2024-04-17 18:54:47,901 [main] INFO  base.BaseClass - Found Element By {by.toString()}
2024-04-17 18:54:48,431 [main] INFO  base.BaseClass - Trying to find Element By {by.toString()})
2024-04-17 18:54:48,453 [main] INFO  base.BaseClass - Found Element By {by.toString()}
2024-04-17 18:54:48,997 [main] INFO  base.BaseClass - Trying to find Element By {by.toString()})
2024-04-17 18:54:49,024 [main] INFO  base.BaseClass - Found Element By {by.toString()}
2024-04-17 18:54:49,547 [main] INFO  base.BaseClass - Trying to find Element By {by.toString()})
2024-04-17 18:54:49,561 [main] INFO  base.BaseClass - Found Element By {by.toString()}
2024-04-17 18:54:50,078 [main] INFO  base.BaseClass - Trying to find Element By {by.toString()})
2024-04-17 18:54:50,110 [main] INFO  base.BaseClass - Found Element By {by.toString()}
2024-04-17 18:54:50,655 [main] INFO  base.BaseClass - Trying to find Element By {by.toString()})
2024-04-17 18:54:50,676 [main] INFO  base.BaseClass - Found Element By {by.toString()}
2024-04-17 18:54:51,214 [main] INFO  base.BaseClass - Trying to find Element By {by.toString()})
2024-04-17 18:54:51,245 [main] INFO  base.BaseClass - Found Element By {by.toString()}
2024-04-17 18:54:51,793 [main] INFO  base.BaseClass - Trying to find Element By {by.toString()})
2024-04-17 18:54:51,808 [main] INFO  base.BaseClass - Found Element By {by.toString()}
2024-04-17 18:54:52,340 [main] INFO  base.BaseClass - Trying to find Element By {by.toString()})
2024-04-17 18:54:52,370 [main] INFO  base.BaseClass - Found Element By {by.toString()}
2024-04-17 18:54:52,917 [main] INFO  base.BaseClass - Trying to find Element By {by.toString()})
2024-04-17 18:54:52,950 [main] INFO  base.BaseClass - Found Element By {by.toString()}
2024-04-17 18:54:53,496 [main] INFO  base.BaseClass - Trying to find Element By {by.toString()})
2024-04-17 18:54:53,526 [main] INFO  base.BaseClass - Found Element By {by.toString()}
2024-04-17 18:54:54,076 [main] INFO  base.BaseClass - Trying to find Element By {by.toString()})
2024-04-17 18:54:54,106 [main] INFO  base.BaseClass - Found Element By {by.toString()}
2024-04-17 18:54:54,656 [main] INFO  base.BaseClass - Trying to find Element By {by.toString()})
2024-04-17 18:54:54,683 [main] INFO  base.BaseClass - Found Element By {by.toString()}
2024-04-17 18:54:55,203 [main] INFO  base.BaseClass - Trying to find Element By {by.toString()})
2024-04-17 18:54:55,233 [main] INFO  base.BaseClass - Found Element By {by.toString()}
2024-04-17 18:54:55,783 [main] INFO  base.BaseClass - Trying to find Element By {by.toString()})
2024-04-17 18:54:55,811 [main] INFO  base.BaseClass - Found Element By {by.toString()}
2024-04-17 18:54:56,342 [main] INFO  base.BaseClass - Trying to find Element By {by.toString()})
2024-04-17 18:54:56,373 [main] INFO  base.BaseClass - Found Element By {by.toString()}
2024-04-17 18:54:56,907 [main] INFO  base.BaseClass - Trying to find Element By {by.toString()})
2024-04-17 18:54:56,936 [main] INFO  base.BaseClass - Found Element By {by.toString()}
2024-04-17 18:54:57,484 [main] INFO  base.BaseClass - Trying to find Element By {by.toString()})
2024-04-17 18:54:57,513 [main] INFO  base.BaseClass - Found Element By {by.toString()}
2024-04-17 18:54:58,063 [main] INFO  base.BaseClass - Trying to find Element By {by.toString()})
2024-04-17 18:54:58,092 [main] INFO  base.BaseClass - Found Element By {by.toString()}
2024-04-17 18:54:58,641 [main] INFO  base.BaseClass - Trying to find Element By {by.toString()})
2024-04-17 18:54:58,670 [main] INFO  base.BaseClass - Found Element By {by.toString()}
2024-04-17 18:54:59,219 [main] INFO  base.BaseClass - Trying to find Element By {by.toString()})
2024-04-17 18:54:59,248 [main] INFO  base.BaseClass - Found Element By {by.toString()}
2024-04-17 18:54:59,828 [main] INFO  base.BaseClass - Trying to find Element By {by.toString()})
2024-04-17 18:54:59,857 [main] INFO  base.BaseClass - Found Element By {by.toString()}
2024-04-17 18:55:00,390 [main] INFO  base.BaseClass - Trying to find Element By {by.toString()})
2024-04-17 18:55:00,421 [main] INFO  base.BaseClass - Found Element By {by.toString()}
2024-04-17 18:55:00,969 [main] INFO  base.BaseClass - Trying to find Element By {by.toString()})
2024-04-17 18:55:00,998 [main] INFO  base.BaseClass - Found Element By {by.toString()}
2024-04-17 18:55:01,547 [main] INFO  base.BaseClass - Trying to find Element By {by.toString()})
2024-04-17 18:55:01,576 [main] INFO  base.BaseClass - Found Element By {by.toString()}
2024-04-17 18:55:02,126 [main] INFO  base.BaseClass - Trying to find Element By {by.toString()})
2024-04-17 18:55:02,157 [main] INFO  base.BaseClass - Found Element By {by.toString()}
2024-04-17 18:55:02,705 [main] INFO  base.BaseClass - Trying to find Element By {by.toString()})
2024-04-17 18:55:02,735 [main] INFO  base.BaseClass - Found Element By {by.toString()}
2024-04-17 18:55:03,267 [main] INFO  base.BaseClass - Trying to find Element By {by.toString()})
2024-04-17 18:55:03,295 [main] INFO  base.BaseClass - Found Element By {by.toString()}
2024-04-17 18:55:03,842 [main] INFO  base.BaseClass - Trying to find Element By {by.toString()})
2024-04-17 18:55:03,872 [main] INFO  base.BaseClass - Found Element By {by.toString()}
2024-04-17 18:55:04,421 [main] INFO  base.BaseClass - Trying to find Element By {by.toString()})
2024-04-17 18:55:04,450 [main] INFO  base.BaseClass - Found Element By {by.toString()}
2024-04-17 18:55:04,997 [main] INFO  base.BaseClass - Trying to find Element By {by.toString()})
2024-04-17 18:55:05,026 [main] INFO  base.BaseClass - Found Element By {by.toString()}
2024-04-17 18:55:05,573 [main] INFO  base.BaseClass - Trying to find Element By {by.toString()})
2024-04-17 18:55:05,592 [main] INFO  base.BaseClass - Found Element By {by.toString()}
2024-04-17 18:55:06,120 [main] INFO  base.BaseClass - Trying to find Element By {by.toString()})
2024-04-17 18:55:06,150 [main] INFO  base.BaseClass - Found Element By {by.toString()}
2024-04-17 18:55:06,698 [main] INFO  base.BaseClass - Trying to find Element By {by.toString()})
2024-04-17 18:55:06,727 [main] INFO  base.BaseClass - Found Element By {by.toString()}
2024-04-17 18:55:07,261 [main] INFO  base.BaseClass - Trying to find Element By {by.toString()})
2024-04-17 18:55:07,289 [main] INFO  base.BaseClass - Found Element By {by.toString()}
2024-04-17 18:55:07,838 [main] INFO  base.BaseClass - Trying to find Element By {by.toString()})
2024-04-17 18:55:07,868 [main] INFO  base.BaseClass - Found Element By {by.toString()}
2024-04-17 18:55:08,417 [main] INFO  base.BaseClass - Trying to find Element By {by.toString()})
2024-04-17 18:55:08,446 [main] INFO  base.BaseClass - Found Element By {by.toString()}
2024-04-17 18:55:08,993 [main] INFO  base.BaseClass - Trying to find Element By {by.toString()})
2024-04-17 18:55:09,020 [main] INFO  base.BaseClass - Found Element By {by.toString()}
2024-04-17 18:55:09,553 [main] INFO  base.BaseClass - Trying to find Element By {by.toString()})
2024-04-17 18:55:09,582 [main] INFO  base.BaseClass - Found Element By {by.toString()}
2024-04-17 18:55:10,119 [main] INFO  base.BaseClass - Trying to find Element By {by.toString()})
2024-04-17 18:55:10,144 [main] INFO  base.BaseClass - Found Element By {by.toString()}
2024-04-17 18:55:10,681 [main] INFO  base.BaseClass - Trying to find Element By {by.toString()})
2024-04-17 18:55:10,709 [main] INFO  base.BaseClass - Found Element By {by.toString()}
2024-04-17 18:55:11,258 [main] INFO  base.BaseClass - Trying to find Element By {by.toString()})
2024-04-17 18:55:11,287 [main] INFO  base.BaseClass - Found Element By {by.toString()}
2024-04-17 18:55:11,820 [main] INFO  base.BaseClass - Trying to find Element By {by.toString()})
2024-04-17 18:55:11,843 [main] INFO  base.BaseClass - Found Element By {by.toString()}
2024-04-17 18:55:12,365 [main] INFO  base.BaseClass - Trying to find Element By {by.toString()})
2024-04-17 18:55:12,394 [main] INFO  base.BaseClass - Found Element By {by.toString()}
2024-04-17 18:55:12,944 [main] INFO  base.BaseClass - Trying to find Element By {by.toString()})
2024-04-17 18:55:12,972 [main] INFO  base.BaseClass - Found Element By {by.toString()}
2024-04-17 18:55:13,505 [main] INFO  base.BaseClass - Trying to find Element By {by.toString()})
2024-04-17 18:55:13,534 [main] INFO  base.BaseClass - Found Element By {by.toString()}
2024-04-17 18:55:14,084 [main] INFO  base.BaseClass - Trying to find Element By {by.toString()})
2024-04-17 18:55:14,113 [main] INFO  base.BaseClass - Found Element By {by.toString()}
2024-04-17 18:55:14,662 [main] INFO  base.BaseClass - Trying to find Element By {by.toString()})
2024-04-17 18:55:14,691 [main] INFO  base.BaseClass - Found Element By {by.toString()}
2024-04-17 18:55:15,240 [main] INFO  base.BaseClass - Trying to find Element By {by.toString()})
2024-04-17 18:55:15,269 [main] INFO  base.BaseClass - Found Element By {by.toString()}
2024-04-17 18:55:15,822 [main] INFO  base.BaseClass - Trying to find Element By {by.toString()})
2024-04-17 18:55:15,851 [main] INFO  base.BaseClass - Found Element By {by.toString()}
TimeoutException occurred: Expected condition failed: waiting for helper.WaitUtility$5@209a47ac (tried for 30 second(s) with 500 milliseconds interval)
Build info: version: '3.141.59', revision: 'e82be7d358', time: '2018-11-14T08:17:03'
System info: host: 'DPLAP166', ip: '137.237.2.236', os.name: 'Windows 10', os.arch: 'amd64', os.version: '10.0', java.version: '19.0.1'
Driver info: org.openqa.selenium.support.events.EventFiringWebDriver
Capabilities {acceptInsecureCerts: true, browserName: chrome, browserVersion: 123.0.6312.123, chrome: {chromedriverVersion: 123.0.6312.122 (31f8248cdd9..., userDataDir: C:\Users\dP-PL\AppData\Loca...}, fedcm:accounts: true, goog:chromeOptions: {debuggerAddress: localhost:51256}, javascriptEnabled: true, networkConnectionEnabled: false, pageLoadStrategy: normal, platform: WINDOWS, platformName: WINDOWS, proxy: Proxy(), setWindowRect: true, strictFileInteractability: false, timeouts: {implicit: 0, pageLoad: 300000, script: 30000}, unhandledPromptBehavior: dismiss and notify, webauthn:extension:credBlob: true, webauthn:extension:largeBlob: true, webauthn:extension:minPinLength: true, webauthn:extension:prf: true, webauthn:virtualAuthenticators: true}
Session ID: a59c4df4811f82049fe754efe723d3c1
2024-04-17 18:55:15,882 [main] ERROR RotationCopy_test - Element did not become visible within the specified time: Expected condition failed: waiting for helper.WaitUtility$5@209a47ac (tried for 30 second(s) with 500 milliseconds interval)
Build info: version: '3.141.59', revision: 'e82be7d358', time: '2018-11-14T08:17:03'
System info: host: 'DPLAP166', ip: '137.237.2.236', os.name: 'Windows 10', os.arch: 'amd64', os.version: '10.0', java.version: '19.0.1'
Driver info: org.openqa.selenium.support.events.EventFiringWebDriver
Capabilities {acceptInsecureCerts: true, browserName: chrome, browserVersion: 123.0.6312.123, chrome: {chromedriverVersion: 123.0.6312.122 (31f8248cdd9..., userDataDir: C:\Users\dP-PL\AppData\Loca...}, fedcm:accounts: true, goog:chromeOptions: {debuggerAddress: localhost:51256}, javascriptEnabled: true, networkConnectionEnabled: false, pageLoadStrategy: normal, platform: WINDOWS, platformName: WINDOWS, proxy: Proxy(), setWindowRect: true, strictFileInteractability: false, timeouts: {implicit: 0, pageLoad: 300000, script: 30000}, unhandledPromptBehavior: dismiss and notify, webauthn:extension:credBlob: true, webauthn:extension:largeBlob: true, webauthn:extension:minPinLength: true, webauthn:extension:prf: true, webauthn:virtualAuthenticators: true}
Session ID: a59c4df4811f82049fe754efe723d3c1
2024-04-17 18:55:15,882 [main] INFO  base.BaseClass - Trying to find Element By {by.toString()})
2024-04-17 18:55:15,893 [main] INFO  base.BaseClass - Found Element By {by.toString()}
2024-04-17 18:55:15,893 [main] INFO  base.BaseClass - Trying to click on: {element.toString()}
2024-04-17 18:55:16,002 [main] INFO  base.BaseClass - Clicked on: {element.toString()}
2024-04-17 18:55:16,002 [main] INFO  base.BaseClass - Trying to find Element By {by.toString()})
2024-04-17 18:55:16,918 [main] INFO  base.BaseClass - Found Element By {by.toString()}
2024-04-17 18:55:17,444 [main] INFO  base.BaseClass - Trying to find Element By {by.toString()})
2024-04-17 18:55:17,475 [main] INFO  base.BaseClass - Found Element By {by.toString()}
2024-04-17 18:55:18,009 [main] INFO  base.BaseClass - Trying to find Element By {by.toString()})
2024-04-17 18:55:18,043 [main] INFO  base.BaseClass - Found Element By {by.toString()}
2024-04-17 18:55:18,587 [main] INFO  base.BaseClass - Trying to find Element By {by.toString()})
2024-04-17 18:55:18,620 [main] INFO  base.BaseClass - Found Element By {by.toString()}
2024-04-17 18:55:19,150 [main] INFO  base.BaseClass - Trying to find Element By {by.toString()})
2024-04-17 18:55:19,182 [main] INFO  base.BaseClass - Found Element By {by.toString()}
2024-04-17 18:55:19,733 [main] INFO  base.BaseClass - Trying to find Element By {by.toString()})
2024-04-17 18:55:19,765 [main] INFO  base.BaseClass - Found Element By {by.toString()}
2024-04-17 18:55:20,311 [main] INFO  base.BaseClass - Trying to find Element By {by.toString()})
2024-04-17 18:55:20,341 [main] INFO  base.BaseClass - Found Element By {by.toString()}
2024-04-17 18:55:20,888 [main] INFO  base.BaseClass - Trying to find Element By {by.toString()})
2024-04-17 18:55:20,918 [main] INFO  base.BaseClass - Found Element By {by.toString()}
2024-04-17 18:55:21,450 [main] INFO  base.BaseClass - Trying to find Element By {by.toString()})
2024-04-17 18:55:21,483 [main] INFO  base.BaseClass - Found Element By {by.toString()}
2024-04-17 18:55:22,028 [main] INFO  base.BaseClass - Trying to find Element By {by.toString()})
2024-04-17 18:55:22,059 [main] INFO  base.BaseClass - Found Element By {by.toString()}
2024-04-17 18:55:22,608 [main] INFO  base.BaseClass - Trying to find Element By {by.toString()})
2024-04-17 18:55:22,640 [main] INFO  base.BaseClass - Found Element By {by.toString()}
2024-04-17 18:55:23,202 [main] INFO  base.BaseClass - Trying to find Element By {by.toString()})
2024-04-17 18:55:23,234 [main] INFO  base.BaseClass - Found Element By {by.toString()}
2024-04-17 18:55:23,780 [main] INFO  base.BaseClass - Trying to find Element By {by.toString()})
2024-04-17 18:55:23,809 [main] INFO  base.BaseClass - Found Element By {by.toString()}
2024-04-17 18:55:24,356 [main] INFO  base.BaseClass - Trying to find Element By {by.toString()})
2024-04-17 18:55:24,383 [main] INFO  base.BaseClass - Found Element By {by.toString()}
2024-04-17 18:55:24,935 [main] INFO  base.BaseClass - Trying to find Element By {by.toString()})
2024-04-17 18:55:24,967 [main] INFO  base.BaseClass - Found Element By {by.toString()}
2024-04-17 18:55:25,499 [main] INFO  base.BaseClass - Trying to find Element By {by.toString()})
2024-04-17 18:55:25,531 [main] INFO  base.BaseClass - Found Element By {by.toString()}
2024-04-17 18:55:26,065 [main] INFO  base.BaseClass - Trying to find Element By {by.toString()})
2024-04-17 18:55:26,095 [main] INFO  base.BaseClass - Found Element By {by.toString()}
2024-04-17 18:55:26,642 [main] INFO  base.BaseClass - Trying to find Element By {by.toString()})
2024-04-17 18:55:26,676 [main] INFO  base.BaseClass - Found Element By {by.toString()}
2024-04-17 18:55:27,221 [main] INFO  base.BaseClass - Trying to find Element By {by.toString()})
2024-04-17 18:55:27,252 [main] INFO  base.BaseClass - Found Element By {by.toString()}
2024-04-17 18:55:27,798 [main] INFO  base.BaseClass - Trying to find Element By {by.toString()})
2024-04-17 18:55:27,830 [main] INFO  base.BaseClass - Found Element By {by.toString()}
2024-04-17 18:55:28,375 [main] INFO  base.BaseClass - Trying to find Element By {by.toString()})
2024-04-17 18:55:28,401 [main] INFO  base.BaseClass - Found Element By {by.toString()}
2024-04-17 18:55:28,937 [main] INFO  base.BaseClass - Trying to find Element By {by.toString()})
2024-04-17 18:55:28,970 [main] INFO  base.BaseClass - Found Element By {by.toString()}
2024-04-17 18:55:29,502 [main] INFO  base.BaseClass - Trying to find Element By {by.toString()})
2024-04-17 18:55:29,534 [main] INFO  base.BaseClass - Found Element By {by.toString()}
2024-04-17 18:55:30,077 [main] INFO  base.BaseClass - Trying to find Element By {by.toString()})
2024-04-17 18:55:30,095 [main] INFO  base.BaseClass - Found Element By {by.toString()}
2024-04-17 18:55:30,626 [main] INFO  base.BaseClass - Trying to find Element By {by.toString()})
2024-04-17 18:55:30,639 [main] INFO  base.BaseClass - Found Element By {by.toString()}
2024-04-17 18:55:31,163 [main] INFO  base.BaseClass - Trying to find Element By {by.toString()})
2024-04-17 18:55:31,176 [main] INFO  base.BaseClass - Found Element By {by.toString()}
2024-04-17 18:55:31,700 [main] INFO  base.BaseClass - Trying to find Element By {by.toString()})
2024-04-17 18:55:31,712 [main] INFO  base.BaseClass - Found Element By {by.toString()}
2024-04-17 18:55:32,234 [main] INFO  base.BaseClass - Trying to find Element By {by.toString()})
2024-04-17 18:55:32,249 [main] INFO  base.BaseClass - Found Element By {by.toString()}
2024-04-17 18:55:32,770 [main] INFO  base.BaseClass - Trying to find Element By {by.toString()})
2024-04-17 18:55:32,788 [main] INFO  base.BaseClass - Found Element By {by.toString()}
2024-04-17 18:55:33,320 [main] INFO  base.BaseClass - Trying to find Element By {by.toString()})
2024-04-17 18:55:33,347 [main] INFO  base.BaseClass - Found Element By {by.toString()}
2024-04-17 18:55:33,883 [main] INFO  base.BaseClass - Trying to find Element By {by.toString()})
2024-04-17 18:55:33,911 [main] INFO  base.BaseClass - Found Element By {by.toString()}
2024-04-17 18:55:34,447 [main] INFO  base.BaseClass - Trying to find Element By {by.toString()})
2024-04-17 18:55:34,476 [main] INFO  base.BaseClass - Found Element By {by.toString()}
2024-04-17 18:55:35,024 [main] INFO  base.BaseClass - Trying to find Element By {by.toString()})
2024-04-17 18:55:35,090 [main] INFO  base.BaseClass - Found Element By {by.toString()}
2024-04-17 18:55:35,619 [main] INFO  base.BaseClass - Trying to find Element By {by.toString()})
2024-04-17 18:55:35,652 [main] INFO  base.BaseClass - Found Element By {by.toString()}
2024-04-17 18:55:36,197 [main] INFO  base.BaseClass - Trying to find Element By {by.toString()})
2024-04-17 18:55:36,225 [main] INFO  base.BaseClass - Found Element By {by.toString()}
2024-04-17 18:55:36,759 [main] INFO  base.BaseClass - Trying to find Element By {by.toString()})
2024-04-17 18:55:36,789 [main] INFO  base.BaseClass - Found Element By {by.toString()}
2024-04-17 18:55:37,335 [main] INFO  base.BaseClass - Trying to find Element By {by.toString()})
2024-04-17 18:55:37,406 [main] INFO  base.BaseClass - Found Element By {by.toString()}
2024-04-17 18:55:37,931 [main] INFO  base.BaseClass - Trying to find Element By {by.toString()})
2024-04-17 18:55:37,958 [main] INFO  base.BaseClass - Found Element By {by.toString()}
2024-04-17 18:55:38,493 [main] INFO  base.BaseClass - Trying to find Element By {by.toString()})
2024-04-17 18:55:38,507 [main] INFO  base.BaseClass - Found Element By {by.toString()}
2024-04-17 18:55:39,025 [main] INFO  base.BaseClass - Trying to find Element By {by.toString()})
2024-04-17 18:55:39,051 [main] INFO  base.BaseClass - Found Element By {by.toString()}
2024-04-17 18:55:39,587 [main] INFO  base.BaseClass - Trying to find Element By {by.toString()})
2024-04-17 18:55:39,620 [main] INFO  base.BaseClass - Found Element By {by.toString()}
2024-04-17 18:55:40,149 [main] INFO  base.BaseClass - Trying to find Element By {by.toString()})
2024-04-17 18:55:40,163 [main] INFO  base.BaseClass - Found Element By {by.toString()}
2024-04-17 18:55:40,698 [main] INFO  base.BaseClass - Trying to find Element By {by.toString()})
2024-04-17 18:55:40,729 [main] INFO  base.BaseClass - Found Element By {by.toString()}
2024-04-17 18:55:41,265 [main] INFO  base.BaseClass - Trying to find Element By {by.toString()})
2024-04-17 18:55:41,296 [main] INFO  base.BaseClass - Found Element By {by.toString()}
2024-04-17 18:55:41,829 [main] INFO  base.BaseClass - Trying to find Element By {by.toString()})
2024-04-17 18:55:41,843 [main] INFO  base.BaseClass - Found Element By {by.toString()}
2024-04-17 18:55:42,375 [main] INFO  base.BaseClass - Trying to find Element By {by.toString()})
2024-04-17 18:55:42,406 [main] INFO  base.BaseClass - Found Element By {by.toString()}
2024-04-17 18:55:42,951 [main] INFO  base.BaseClass - Trying to find Element By {by.toString()})
2024-04-17 18:55:42,983 [main] INFO  base.BaseClass - Found Element By {by.toString()}
2024-04-17 18:55:43,530 [main] INFO  base.BaseClass - Trying to find Element By {by.toString()})
2024-04-17 18:55:43,542 [main] INFO  base.BaseClass - Found Element By {by.toString()}
2024-04-17 18:55:44,064 [main] INFO  base.BaseClass - Trying to find Element By {by.toString()})
2024-04-17 18:55:44,092 [main] INFO  base.BaseClass - Found Element By {by.toString()}
2024-04-17 18:55:44,626 [main] INFO  base.BaseClass - Trying to find Element By {by.toString()})
2024-04-17 18:55:44,658 [main] INFO  base.BaseClass - Found Element By {by.toString()}
2024-04-17 18:55:45,204 [main] INFO  base.BaseClass - Trying to find Element By {by.toString()})
2024-04-17 18:55:45,235 [main] INFO  base.BaseClass - Found Element By {by.toString()}
2024-04-17 18:55:45,770 [main] INFO  base.BaseClass - Trying to find Element By {by.toString()})
2024-04-17 18:55:45,802 [main] INFO  base.BaseClass - Found Element By {by.toString()}
2024-04-17 18:55:46,350 [main] INFO  base.BaseClass - Trying to find Element By {by.toString()})
2024-04-17 18:55:46,381 [main] INFO  base.BaseClass - Found Element By {by.toString()}
TimeoutException occurred: Expected condition failed: waiting for helper.WaitUtility$5@23ae1b66 (tried for 30 second(s) with 500 milliseconds interval)
Build info: version: '3.141.59', revision: 'e82be7d358', time: '2018-11-14T08:17:03'
System info: host: 'DPLAP166', ip: '137.237.2.236', os.name: 'Windows 10', os.arch: 'amd64', os.version: '10.0', java.version: '19.0.1'
Driver info: org.openqa.selenium.support.events.EventFiringWebDriver
Capabilities {acceptInsecureCerts: true, browserName: chrome, browserVersion: 123.0.6312.123, chrome: {chromedriverVersion: 123.0.6312.122 (31f8248cdd9..., userDataDir: C:\Users\dP-PL\AppData\Loca...}, fedcm:accounts: true, goog:chromeOptions: {debuggerAddress: localhost:51256}, javascriptEnabled: true, networkConnectionEnabled: false, pageLoadStrategy: normal, platform: WINDOWS, platformName: WINDOWS, proxy: Proxy(), setWindowRect: true, strictFileInteractability: false, timeouts: {implicit: 0, pageLoad: 300000, script: 30000}, unhandledPromptBehavior: dismiss and notify, webauthn:extension:credBlob: true, webauthn:extension:largeBlob: true, webauthn:extension:minPinLength: true, webauthn:extension:prf: true, webauthn:virtualAuthenticators: true}
Session ID: a59c4df4811f82049fe754efe723d3c1
2024-04-17 18:55:46,412 [main] ERROR RotationCopy_test - Element did not become visible within the specified time: Expected condition failed: waiting for helper.WaitUtility$5@23ae1b66 (tried for 30 second(s) with 500 milliseconds interval)
Build info: version: '3.141.59', revision: 'e82be7d358', time: '2018-11-14T08:17:03'
System info: host: 'DPLAP166', ip: '137.237.2.236', os.name: 'Windows 10', os.arch: 'amd64', os.version: '10.0', java.version: '19.0.1'
Driver info: org.openqa.selenium.support.events.EventFiringWebDriver
Capabilities {acceptInsecureCerts: true, browserName: chrome, browserVersion: 123.0.6312.123, chrome: {chromedriverVersion: 123.0.6312.122 (31f8248cdd9..., userDataDir: C:\Users\dP-PL\AppData\Loca...}, fedcm:accounts: true, goog:chromeOptions: {debuggerAddress: localhost:51256}, javascriptEnabled: true, networkConnectionEnabled: false, pageLoadStrategy: normal, platform: WINDOWS, platformName: WINDOWS, proxy: Proxy(), setWindowRect: true, strictFileInteractability: false, timeouts: {implicit: 0, pageLoad: 300000, script: 30000}, unhandledPromptBehavior: dismiss and notify, webauthn:extension:credBlob: true, webauthn:extension:largeBlob: true, webauthn:extension:minPinLength: true, webauthn:extension:prf: true, webauthn:virtualAuthenticators: true}
Session ID: a59c4df4811f82049fe754efe723d3c1
2024-04-17 18:55:46,412 [main] INFO  base.BaseClass - Trying to find Element By {by.toString()})
2024-04-17 18:55:46,425 [main] INFO  base.BaseClass - Found Element By {by.toString()}
2024-04-17 18:55:46,425 [main] INFO  base.BaseClass - Trying to click on: {element.toString()}
2024-04-17 18:55:46,492 [main] INFO  base.BaseClass - Clicked on: {element.toString()}
2024-04-17 18:55:46,492 [main] INFO  base.BaseClass - Trying to find Element By {by.toString()})
2024-04-17 18:55:46,503 [main] INFO  base.BaseClass - Found Element By {by.toString()}
2024-04-17 18:55:47,023 [main] INFO  base.BaseClass - Trying to find Element By {by.toString()})
2024-04-17 18:55:47,050 [main] INFO  base.BaseClass - Found Element By {by.toString()}
2024-04-17 18:55:47,585 [main] INFO  base.BaseClass - Trying to find Element By {by.toString()})
2024-04-17 18:55:47,617 [main] INFO  base.BaseClass - Found Element By {by.toString()}
2024-04-17 18:55:48,148 [main] INFO  base.BaseClass - Trying to find Element By {by.toString()})
2024-04-17 18:55:48,171 [main] INFO  base.BaseClass - Found Element By {by.toString()}
2024-04-17 18:55:48,728 [main] INFO  base.BaseClass - Trying to find Element By {by.toString()})
2024-04-17 18:55:48,761 [main] INFO  base.BaseClass - Found Element By {by.toString()}
2024-04-17 18:55:49,292 [main] INFO  base.BaseClass - Trying to find Element By {by.toString()})
2024-04-17 18:55:49,324 [main] INFO  base.BaseClass - Found Element By {by.toString()}
2024-04-17 18:55:49,868 [main] INFO  base.BaseClass - Trying to find Element By {by.toString()})
2024-04-17 18:55:49,884 [main] INFO  base.BaseClass - Found Element By {by.toString()}
2024-04-17 18:55:50,417 [main] INFO  base.BaseClass - Trying to find Element By {by.toString()})
2024-04-17 18:55:50,477 [main] INFO  base.BaseClass - Found Element By {by.toString()}
2024-04-17 18:55:51,027 [main] INFO  base.BaseClass - Trying to find Element By {by.toString()})
2024-04-17 18:55:51,059 [main] INFO  base.BaseClass - Found Element By {by.toString()}
2024-04-17 18:55:51,614 [main] INFO  base.BaseClass - Trying to find Element By {by.toString()})
2024-04-17 18:55:51,646 [main] INFO  base.BaseClass - Found Element By {by.toString()}
2024-04-17 18:55:52,193 [main] INFO  base.BaseClass - Trying to find Element By {by.toString()})
2024-04-17 18:55:52,202 [main] INFO  base.BaseClass - Found Element By {by.toString()}
2024-04-17 18:55:52,723 [main] INFO  base.BaseClass - Trying to find Element By {by.toString()})
2024-04-17 18:55:52,754 [main] INFO  base.BaseClass - Found Element By {by.toString()}
2024-04-17 18:55:53,301 [main] INFO  base.BaseClass - Trying to find Element By {by.toString()})
2024-04-17 18:55:53,333 [main] INFO  base.BaseClass - Found Element By {by.toString()}
2024-04-17 18:55:53,884 [main] INFO  base.BaseClass - Trying to find Element By {by.toString()})
2024-04-17 18:55:53,897 [main] INFO  base.BaseClass - Found Element By {by.toString()}
2024-04-17 18:55:54,417 [main] INFO  base.BaseClass - Trying to find Element By {by.toString()})
2024-04-17 18:55:54,447 [main] INFO  base.BaseClass - Found Element By {by.toString()}
2024-04-17 18:55:54,982 [main] INFO  base.BaseClass - Trying to find Element By {by.toString()})
2024-04-17 18:55:55,014 [main] INFO  base.BaseClass - Found Element By {by.toString()}
2024-04-17 18:55:55,548 [main] INFO  base.BaseClass - Trying to find Element By {by.toString()})
2024-04-17 18:55:55,563 [main] INFO  base.BaseClass - Found Element By {by.toString()}
2024-04-17 18:55:56,085 [main] INFO  base.BaseClass - Trying to find Element By {by.toString()})
2024-04-17 18:55:56,099 [main] INFO  base.BaseClass - Found Element By {by.toString()}
2024-04-17 18:55:56,618 [main] INFO  base.BaseClass - Trying to find Element By {by.toString()})
2024-04-17 18:55:56,648 [main] INFO  base.BaseClass - Found Element By {by.toString()}
2024-04-17 18:55:57,177 [main] INFO  base.BaseClass - Trying to find Element By {by.toString()})
2024-04-17 18:55:57,206 [main] INFO  base.BaseClass - Found Element By {by.toString()}
2024-04-17 18:55:57,736 [main] INFO  base.BaseClass - Trying to find Element By {by.toString()})
2024-04-17 18:55:57,765 [main] INFO  base.BaseClass - Found Element By {by.toString()}
2024-04-17 18:55:58,295 [main] INFO  base.BaseClass - Trying to find Element By {by.toString()})
2024-04-17 18:55:58,322 [main] INFO  base.BaseClass - Found Element By {by.toString()}
2024-04-17 18:55:58,860 [main] INFO  base.BaseClass - Trying to find Element By {by.toString()})
2024-04-17 18:55:58,892 [main] INFO  base.BaseClass - Found Element By {by.toString()}
2024-04-17 18:55:59,455 [main] INFO  base.BaseClass - Trying to find Element By {by.toString()})
2024-04-17 18:55:59,486 [main] INFO  base.BaseClass - Found Element By {by.toString()}
2024-04-17 18:56:00,037 [main] INFO  base.BaseClass - Trying to find Element By {by.toString()})
2024-04-17 18:56:00,059 [main] INFO  base.BaseClass - Found Element By {by.toString()}
2024-04-17 18:56:00,585 [main] INFO  base.BaseClass - Trying to find Element By {by.toString()})
2024-04-17 18:56:00,615 [main] INFO  base.BaseClass - Found Element By {by.toString()}
2024-04-17 18:56:01,166 [main] INFO  base.BaseClass - Trying to find Element By {by.toString()})
2024-04-17 18:56:01,200 [main] INFO  base.BaseClass - Found Element By {by.toString()}
2024-04-17 18:56:01,733 [main] INFO  base.BaseClass - Trying to find Element By {by.toString()})
2024-04-17 18:56:01,746 [main] INFO  base.BaseClass - Found Element By {by.toString()}
2024-04-17 18:56:02,278 [main] INFO  base.BaseClass - Trying to find Element By {by.toString()})
2024-04-17 18:56:02,307 [main] INFO  base.BaseClass - Found Element By {by.toString()}
2024-04-17 18:56:02,854 [main] INFO  base.BaseClass - Trying to find Element By {by.toString()})
2024-04-17 18:56:02,870 [main] INFO  base.BaseClass - Found Element By {by.toString()}
2024-04-17 18:56:03,402 [main] INFO  base.BaseClass - Trying to find Element By {by.toString()})
2024-04-17 18:56:03,420 [main] INFO  base.BaseClass - Found Element By {by.toString()}
2024-04-17 18:56:03,954 [main] INFO  base.BaseClass - Trying to find Element By {by.toString()})
2024-04-17 18:56:03,985 [main] INFO  base.BaseClass - Found Element By {by.toString()}
2024-04-17 18:56:04,531 [main] INFO  base.BaseClass - Trying to find Element By {by.toString()})
2024-04-17 18:56:04,561 [main] INFO  base.BaseClass - Found Element By {by.toString()}
2024-04-17 18:56:05,097 [main] INFO  base.BaseClass - Trying to find Element By {by.toString()})
2024-04-17 18:56:05,127 [main] INFO  base.BaseClass - Found Element By {by.toString()}
2024-04-17 18:56:05,677 [main] INFO  base.BaseClass - Trying to find Element By {by.toString()})
2024-04-17 18:56:05,707 [main] INFO  base.BaseClass - Found Element By {by.toString()}
2024-04-17 18:56:06,259 [main] INFO  base.BaseClass - Trying to find Element By {by.toString()})
2024-04-17 18:56:06,313 [main] INFO  base.BaseClass - Found Element By {by.toString()}
2024-04-17 18:56:06,851 [main] INFO  base.BaseClass - Trying to find Element By {by.toString()})
2024-04-17 18:56:06,883 [main] INFO  base.BaseClass - Found Element By {by.toString()}
2024-04-17 18:56:07,429 [main] INFO  base.BaseClass - Trying to find Element By {by.toString()})
2024-04-17 18:56:07,462 [main] INFO  base.BaseClass - Found Element By {by.toString()}
2024-04-17 18:56:08,010 [main] INFO  base.BaseClass - Trying to find Element By {by.toString()})
2024-04-17 18:56:08,018 [main] INFO  base.BaseClass - Found Element By {by.toString()}
2024-04-17 18:56:08,545 [main] INFO  base.BaseClass - Trying to find Element By {by.toString()})
2024-04-17 18:56:08,553 [main] INFO  base.BaseClass - Found Element By {by.toString()}
2024-04-17 18:56:09,078 [main] INFO  base.BaseClass - Trying to find Element By {by.toString()})
2024-04-17 18:56:09,089 [main] INFO  base.BaseClass - Found Element By {by.toString()}
2024-04-17 18:56:09,611 [main] INFO  base.BaseClass - Trying to find Element By {by.toString()})
2024-04-17 18:56:09,645 [main] INFO  base.BaseClass - Found Element By {by.toString()}
2024-04-17 18:56:10,191 [main] INFO  base.BaseClass - Trying to find Element By {by.toString()})
2024-04-17 18:56:10,222 [main] INFO  base.BaseClass - Found Element By {by.toString()}
2024-04-17 18:56:10,767 [main] INFO  base.BaseClass - Trying to find Element By {by.toString()})
2024-04-17 18:56:10,799 [main] INFO  base.BaseClass - Found Element By {by.toString()}
2024-04-17 18:56:11,345 [main] INFO  base.BaseClass - Trying to find Element By {by.toString()})
2024-04-17 18:56:11,366 [main] INFO  base.BaseClass - Found Element By {by.toString()}
2024-04-17 18:56:11,909 [main] INFO  base.BaseClass - Trying to find Element By {by.toString()})
2024-04-17 18:56:11,941 [main] INFO  base.BaseClass - Found Element By {by.toString()}
2024-04-17 18:56:12,486 [main] INFO  base.BaseClass - Trying to find Element By {by.toString()})
2024-04-17 18:56:12,517 [main] INFO  base.BaseClass - Found Element By {by.toString()}
2024-04-17 18:56:13,063 [main] INFO  base.BaseClass - Trying to find Element By {by.toString()})
2024-04-17 18:56:13,092 [main] INFO  base.BaseClass - Found Element By {by.toString()}
2024-04-17 18:56:13,627 [main] INFO  base.BaseClass - Trying to find Element By {by.toString()})
2024-04-17 18:56:13,655 [main] INFO  base.BaseClass - Found Element By {by.toString()}
2024-04-17 18:56:14,189 [main] INFO  base.BaseClass - Trying to find Element By {by.toString()})
2024-04-17 18:56:14,216 [main] INFO  base.BaseClass - Found Element By {by.toString()}
2024-04-17 18:56:14,755 [main] INFO  base.BaseClass - Trying to find Element By {by.toString()})
2024-04-17 18:56:14,788 [main] INFO  base.BaseClass - Found Element By {by.toString()}
2024-04-17 18:56:15,336 [main] INFO  base.BaseClass - Trying to find Element By {by.toString()})
2024-04-17 18:56:15,365 [main] INFO  base.BaseClass - Found Element By {by.toString()}
2024-04-17 18:56:15,915 [main] INFO  base.BaseClass - Trying to find Element By {by.toString()})
2024-04-17 18:56:15,947 [main] INFO  base.BaseClass - Found Element By {by.toString()}
2024-04-17 18:56:16,481 [main] INFO  base.BaseClass - Trying to find Element By {by.toString()})
2024-04-17 18:56:16,514 [main] INFO  base.BaseClass - Found Element By {by.toString()}
TimeoutException occurred: Expected condition failed: waiting for helper.WaitUtility$5@32f9fe2c (tried for 30 second(s) with 500 milliseconds interval)
Build info: version: '3.141.59', revision: 'e82be7d358', time: '2018-11-14T08:17:03'
System info: host: 'DPLAP166', ip: '137.237.2.236', os.name: 'Windows 10', os.arch: 'amd64', os.version: '10.0', java.version: '19.0.1'
Driver info: org.openqa.selenium.support.events.EventFiringWebDriver
Capabilities {acceptInsecureCerts: true, browserName: chrome, browserVersion: 123.0.6312.123, chrome: {chromedriverVersion: 123.0.6312.122 (31f8248cdd9..., userDataDir: C:\Users\dP-PL\AppData\Loca...}, fedcm:accounts: true, goog:chromeOptions: {debuggerAddress: localhost:51256}, javascriptEnabled: true, networkConnectionEnabled: false, pageLoadStrategy: normal, platform: WINDOWS, platformName: WINDOWS, proxy: Proxy(), setWindowRect: true, strictFileInteractability: false, timeouts: {implicit: 0, pageLoad: 300000, script: 30000}, unhandledPromptBehavior: dismiss and notify, webauthn:extension:credBlob: true, webauthn:extension:largeBlob: true, webauthn:extension:minPinLength: true, webauthn:extension:prf: true, webauthn:virtualAuthenticators: true}
Session ID: a59c4df4811f82049fe754efe723d3c1
2024-04-17 18:56:16,547 [main] ERROR RotationCopy_test - Element did not become visible within the specified time: Expected condition failed: waiting for helper.WaitUtility$5@32f9fe2c (tried for 30 second(s) with 500 milliseconds interval)
Build info: version: '3.141.59', revision: 'e82be7d358', time: '2018-11-14T08:17:03'
System info: host: 'DPLAP166', ip: '137.237.2.236', os.name: 'Windows 10', os.arch: 'amd64', os.version: '10.0', java.version: '19.0.1'
Driver info: org.openqa.selenium.support.events.EventFiringWebDriver
Capabilities {acceptInsecureCerts: true, browserName: chrome, browserVersion: 123.0.6312.123, chrome: {chromedriverVersion: 123.0.6312.122 (31f8248cdd9..., userDataDir: C:\Users\dP-PL\AppData\Loca...}, fedcm:accounts: true, goog:chromeOptions: {debuggerAddress: localhost:51256}, javascriptEnabled: true, networkConnectionEnabled: false, pageLoadStrategy: normal, platform: WINDOWS, platformName: WINDOWS, proxy: Proxy(), setWindowRect: true, strictFileInteractability: false, timeouts: {implicit: 0, pageLoad: 300000, script: 30000}, unhandledPromptBehavior: dismiss and notify, webauthn:extension:credBlob: true, webauthn:extension:largeBlob: true, webauthn:extension:minPinLength: true, webauthn:extension:prf: true, webauthn:virtualAuthenticators: true}
Session ID: a59c4df4811f82049fe754efe723d3c1
2024-04-17 18:56:16,547 [main] INFO  base.BaseClass - Trying to find Element By {by.toString()})
2024-04-17 18:56:16,560 [main] INFO  base.BaseClass - Found Element By {by.toString()}
2024-04-17 18:56:16,560 [main] INFO  base.BaseClass - Trying to click on: {element.toString()}
2024-04-17 18:56:16,669 [main] INFO  base.BaseClass - Clicked on: {element.toString()}
2024-04-17 18:56:16,675 [main] INFO  base.BaseClass - Trying to find Element By {by.toString()})
2024-04-17 18:56:16,688 [main] INFO  base.BaseClass - Found Element By {by.toString()}
2024-04-17 18:56:17,203 [main] INFO  base.BaseClass - Trying to find Element By {by.toString()})
2024-04-17 18:56:17,220 [main] INFO  base.BaseClass - Found Element By {by.toString()}
2024-04-17 18:56:17,746 [main] INFO  base.BaseClass - Trying to find Element By {by.toString()})
2024-04-17 18:56:17,777 [main] INFO  base.BaseClass - Found Element By {by.toString()}
2024-04-17 18:56:18,325 [main] INFO  base.BaseClass - Trying to find Element By {by.toString()})
2024-04-17 18:56:18,344 [main] INFO  base.BaseClass - Found Element By {by.toString()}
2024-04-17 18:56:18,872 [main] INFO  base.BaseClass - Trying to find Element By {by.toString()})
2024-04-17 18:56:18,902 [main] INFO  base.BaseClass - Found Element By {by.toString()}
2024-04-17 18:56:19,451 [main] INFO  base.BaseClass - Trying to find Element By {by.toString()})
2024-04-17 18:56:19,481 [main] INFO  base.BaseClass - Found Element By {by.toString()}
2024-04-17 18:56:20,029 [main] INFO  base.BaseClass - Trying to find Element By {by.toString()})
2024-04-17 18:56:20,058 [main] INFO  base.BaseClass - Found Element By {by.toString()}
2024-04-17 18:56:20,605 [main] INFO  base.BaseClass - Trying to find Element By {by.toString()})
2024-04-17 18:56:20,635 [main] INFO  base.BaseClass - Found Element By {by.toString()}
2024-04-17 18:56:21,184 [main] INFO  base.BaseClass - Trying to find Element By {by.toString()})
2024-04-17 18:56:21,208 [main] INFO  base.BaseClass - Found Element By {by.toString()}
2024-04-17 18:56:21,749 [main] INFO  base.BaseClass - Trying to find Element By {by.toString()})
2024-04-17 18:56:21,780 [main] INFO  base.BaseClass - Found Element By {by.toString()}
2024-04-17 18:56:22,331 [main] INFO  base.BaseClass - Trying to find Element By {by.toString()})
2024-04-17 18:56:22,358 [main] INFO  base.BaseClass - Found Element By {by.toString()}
2024-04-17 18:56:22,891 [main] INFO  base.BaseClass - Trying to find Element By {by.toString()})
2024-04-17 18:56:22,924 [main] INFO  base.BaseClass - Found Element By {by.toString()}
2024-04-17 18:56:23,456 [main] INFO  base.BaseClass - Trying to find Element By {by.toString()})
2024-04-17 18:56:23,485 [main] INFO  base.BaseClass - Found Element By {by.toString()}
2024-04-17 18:56:24,037 [main] INFO  base.BaseClass - Trying to find Element By {by.toString()})
2024-04-17 18:56:24,066 [main] INFO  base.BaseClass - Found Element By {by.toString()}
2024-04-17 18:56:24,600 [main] INFO  base.BaseClass - Trying to find Element By {by.toString()})
2024-04-17 18:56:24,614 [main] INFO  base.BaseClass - Found Element By {by.toString()}
2024-04-17 18:56:25,133 [main] INFO  base.BaseClass - Trying to find Element By {by.toString()})
2024-04-17 18:56:25,162 [main] INFO  base.BaseClass - Found Element By {by.toString()}
2024-04-17 18:56:25,703 [main] INFO  base.BaseClass - Trying to find Element By {by.toString()})
2024-04-17 18:56:25,730 [main] INFO  base.BaseClass - Found Element By {by.toString()}
2024-04-17 18:56:26,266 [main] INFO  base.BaseClass - Trying to find Element By {by.toString()})
2024-04-17 18:56:26,296 [main] INFO  base.BaseClass - Found Element By {by.toString()}
2024-04-17 18:56:26,843 [main] INFO  base.BaseClass - Trying to find Element By {by.toString()})
2024-04-17 18:56:26,869 [main] INFO  base.BaseClass - Found Element By {by.toString()}
2024-04-17 18:56:27,420 [main] INFO  base.BaseClass - Trying to find Element By {by.toString()})
2024-04-17 18:56:27,448 [main] INFO  base.BaseClass - Found Element By {by.toString()}
2024-04-17 18:56:27,987 [main] INFO  base.BaseClass - Trying to find Element By {by.toString()})
2024-04-17 18:56:28,010 [main] INFO  base.BaseClass - Found Element By {by.toString()}
2024-04-17 18:56:28,548 [main] INFO  base.BaseClass - Trying to find Element By {by.toString()})
2024-04-17 18:56:28,577 [main] INFO  base.BaseClass - Found Element By {by.toString()}
2024-04-17 18:56:29,130 [main] INFO  base.BaseClass - Trying to find Element By {by.toString()})
2024-04-17 18:56:29,158 [main] INFO  base.BaseClass - Found Element By {by.toString()}
2024-04-17 18:56:29,708 [main] INFO  base.BaseClass - Trying to find Element By {by.toString()})
2024-04-17 18:56:29,740 [main] INFO  base.BaseClass - Found Element By {by.toString()}
2024-04-17 18:56:30,287 [main] INFO  base.BaseClass - Trying to find Element By {by.toString()})
2024-04-17 18:56:30,315 [main] INFO  base.BaseClass - Found Element By {by.toString()}
2024-04-17 18:56:30,867 [main] INFO  base.BaseClass - Trying to find Element By {by.toString()})
2024-04-17 18:56:30,896 [main] INFO  base.BaseClass - Found Element By {by.toString()}
2024-04-17 18:56:31,432 [main] INFO  base.BaseClass - Trying to find Element By {by.toString()})
2024-04-17 18:56:31,457 [main] INFO  base.BaseClass - Found Element By {by.toString()}
2024-04-17 18:56:32,010 [main] INFO  base.BaseClass - Trying to find Element By {by.toString()})
2024-04-17 18:56:32,038 [main] INFO  base.BaseClass - Found Element By {by.toString()}
2024-04-17 18:56:32,587 [main] INFO  base.BaseClass - Trying to find Element By {by.toString()})
2024-04-17 18:56:32,616 [main] INFO  base.BaseClass - Found Element By {by.toString()}
2024-04-17 18:56:33,170 [main] INFO  base.BaseClass - Trying to find Element By {by.toString()})
2024-04-17 18:56:33,199 [main] INFO  base.BaseClass - Found Element By {by.toString()}
2024-04-17 18:56:33,753 [main] INFO  base.BaseClass - Trying to find Element By {by.toString()})
2024-04-17 18:56:33,769 [main] INFO  base.BaseClass - Found Element By {by.toString()}
2024-04-17 18:56:34,301 [main] INFO  base.BaseClass - Trying to find Element By {by.toString()})
2024-04-17 18:56:34,330 [main] INFO  base.BaseClass - Found Element By {by.toString()}
2024-04-17 18:56:34,867 [main] INFO  base.BaseClass - Trying to find Element By {by.toString()})
2024-04-17 18:56:34,883 [main] INFO  base.BaseClass - Found Element By {by.toString()}
2024-04-17 18:56:35,413 [main] INFO  base.BaseClass - Trying to find Element By {by.toString()})
2024-04-17 18:56:35,433 [main] INFO  base.BaseClass - Found Element By {by.toString()}
2024-04-17 18:56:35,964 [main] INFO  base.BaseClass - Trying to find Element By {by.toString()})
2024-04-17 18:56:35,992 [main] INFO  base.BaseClass - Found Element By {by.toString()}
2024-04-17 18:56:36,526 [main] INFO  base.BaseClass - Trying to find Element By {by.toString()})
2024-04-17 18:56:36,554 [main] INFO  base.BaseClass - Found Element By {by.toString()}
2024-04-17 18:56:37,089 [main] INFO  base.BaseClass - Trying to find Element By {by.toString()})
2024-04-17 18:56:37,117 [main] INFO  base.BaseClass - Found Element By {by.toString()}
2024-04-17 18:56:37,670 [main] INFO  base.BaseClass - Trying to find Element By {by.toString()})
2024-04-17 18:56:37,699 [main] INFO  base.BaseClass - Found Element By {by.toString()}
2024-04-17 18:56:38,220 [main] INFO  base.BaseClass - Trying to find Element By {by.toString()})
2024-04-17 18:56:38,249 [main] INFO  base.BaseClass - Found Element By {by.toString()}
2024-04-17 18:56:38,797 [main] INFO  base.BaseClass - Trying to find Element By {by.toString()})
2024-04-17 18:56:38,823 [main] INFO  base.BaseClass - Found Element By {by.toString()}
2024-04-17 18:56:39,372 [main] INFO  base.BaseClass - Trying to find Element By {by.toString()})
2024-04-17 18:56:39,400 [main] INFO  base.BaseClass - Found Element By {by.toString()}
2024-04-17 18:56:39,951 [main] INFO  base.BaseClass - Trying to find Element By {by.toString()})
2024-04-17 18:56:39,979 [main] INFO  base.BaseClass - Found Element By {by.toString()}
2024-04-17 18:56:40,511 [main] INFO  base.BaseClass - Trying to find Element By {by.toString()})
2024-04-17 18:56:40,539 [main] INFO  base.BaseClass - Found Element By {by.toString()}
2024-04-17 18:56:41,078 [main] INFO  base.BaseClass - Trying to find Element By {by.toString()})
2024-04-17 18:56:41,098 [main] INFO  base.BaseClass - Found Element By {by.toString()}
2024-04-17 18:56:41,621 [main] INFO  base.BaseClass - Trying to find Element By {by.toString()})
2024-04-17 18:56:41,650 [main] INFO  base.BaseClass - Found Element By {by.toString()}
2024-04-17 18:56:42,187 [main] INFO  base.BaseClass - Trying to find Element By {by.toString()})
2024-04-17 18:56:42,199 [main] INFO  base.BaseClass - Found Element By {by.toString()}
2024-04-17 18:56:42,716 [main] INFO  base.BaseClass - Trying to find Element By {by.toString()})
2024-04-17 18:56:42,745 [main] INFO  base.BaseClass - Found Element By {by.toString()}
2024-04-17 18:56:43,290 [main] INFO  base.BaseClass - Trying to find Element By {by.toString()})
2024-04-17 18:56:43,321 [main] INFO  base.BaseClass - Found Element By {by.toString()}
2024-04-17 18:56:43,870 [main] INFO  base.BaseClass - Trying to find Element By {by.toString()})
2024-04-17 18:56:43,899 [main] INFO  base.BaseClass - Found Element By {by.toString()}
2024-04-17 18:56:44,445 [main] INFO  base.BaseClass - Trying to find Element By {by.toString()})
2024-04-17 18:56:44,475 [main] INFO  base.BaseClass - Found Element By {by.toString()}
2024-04-17 18:56:45,009 [main] INFO  base.BaseClass - Trying to find Element By {by.toString()})
2024-04-17 18:56:45,036 [main] INFO  base.BaseClass - Found Element By {by.toString()}
2024-04-17 18:56:45,569 [main] INFO  base.BaseClass - Trying to find Element By {by.toString()})
2024-04-17 18:56:45,596 [main] INFO  base.BaseClass - Found Element By {by.toString()}
2024-04-17 18:56:46,133 [main] INFO  base.BaseClass - Trying to find Element By {by.toString()})
2024-04-17 18:56:46,164 [main] INFO  base.BaseClass - Found Element By {by.toString()}
2024-04-17 18:56:46,712 [main] INFO  base.BaseClass - Trying to find Element By {by.toString()})
2024-04-17 18:56:46,741 [main] INFO  base.BaseClass - Found Element By {by.toString()}
TimeoutException occurred: Expected condition failed: waiting for helper.WaitUtility$5@3d58b1ad (tried for 30 second(s) with 500 milliseconds interval)
Build info: version: '3.141.59', revision: 'e82be7d358', time: '2018-11-14T08:17:03'
System info: host: 'DPLAP166', ip: '137.237.2.236', os.name: 'Windows 10', os.arch: 'amd64', os.version: '10.0', java.version: '19.0.1'
Driver info: org.openqa.selenium.support.events.EventFiringWebDriver
Capabilities {acceptInsecureCerts: true, browserName: chrome, browserVersion: 123.0.6312.123, chrome: {chromedriverVersion: 123.0.6312.122 (31f8248cdd9..., userDataDir: C:\Users\dP-PL\AppData\Loca...}, fedcm:accounts: true, goog:chromeOptions: {debuggerAddress: localhost:51256}, javascriptEnabled: true, networkConnectionEnabled: false, pageLoadStrategy: normal, platform: WINDOWS, platformName: WINDOWS, proxy: Proxy(), setWindowRect: true, strictFileInteractability: false, timeouts: {implicit: 0, pageLoad: 300000, script: 30000}, unhandledPromptBehavior: dismiss and notify, webauthn:extension:credBlob: true, webauthn:extension:largeBlob: true, webauthn:extension:minPinLength: true, webauthn:extension:prf: true, webauthn:virtualAuthenticators: true}
Session ID: a59c4df4811f82049fe754efe723d3c1
2024-04-17 18:56:46,778 [main] ERROR RotationCopy_test - Element did not become visible within the specified time: Expected condition failed: waiting for helper.WaitUtility$5@3d58b1ad (tried for 30 second(s) with 500 milliseconds interval)
Build info: version: '3.141.59', revision: 'e82be7d358', time: '2018-11-14T08:17:03'
System info: host: 'DPLAP166', ip: '137.237.2.236', os.name: 'Windows 10', os.arch: 'amd64', os.version: '10.0', java.version: '19.0.1'
Driver info: org.openqa.selenium.support.events.EventFiringWebDriver
Capabilities {acceptInsecureCerts: true, browserName: chrome, browserVersion: 123.0.6312.123, chrome: {chromedriverVersion: 123.0.6312.122 (31f8248cdd9..., userDataDir: C:\Users\dP-PL\AppData\Loca...}, fedcm:accounts: true, goog:chromeOptions: {debuggerAddress: localhost:51256}, javascriptEnabled: true, networkConnectionEnabled: false, pageLoadStrategy: normal, platform: WINDOWS, platformName: WINDOWS, proxy: Proxy(), setWindowRect: true, strictFileInteractability: false, timeouts: {implicit: 0, pageLoad: 300000, script: 30000}, unhandledPromptBehavior: dismiss and notify, webauthn:extension:credBlob: true, webauthn:extension:largeBlob: true, webauthn:extension:minPinLength: true, webauthn:extension:prf: true, webauthn:virtualAuthenticators: true}
Session ID: a59c4df4811f82049fe754efe723d3c1
2024-04-17 18:56:46,778 [main] INFO  base.BaseClass - Trying to find Element By {by.toString()})
2024-04-17 18:56:46,798 [main] INFO  base.BaseClass - Found Element By {by.toString()}
2024-04-17 18:56:46,798 [main] INFO  base.BaseClass - Trying to click on: {element.toString()}
2024-04-17 18:56:46,872 [main] INFO  base.BaseClass - Clicked on: {element.toString()}
2024-04-17 18:56:46,879 [main] INFO  base.BaseClass - Trying to find Element By {by.toString()})
2024-04-17 18:56:46,892 [main] INFO  base.BaseClass - Found Element By {by.toString()}
2024-04-17 18:56:47,417 [main] INFO  base.BaseClass - Trying to find Element By {by.toString()})
2024-04-17 18:56:47,739 [main] INFO  base.BaseClass - Found Element By {by.toString()}
2024-04-17 18:56:48,258 [main] INFO  base.BaseClass - Trying to find Element By {by.toString()})
2024-04-17 18:56:48,289 [main] INFO  base.BaseClass - Found Element By {by.toString()}
2024-04-17 18:56:48,824 [main] INFO  base.BaseClass - Trying to find Element By {by.toString()})
2024-04-17 18:56:48,850 [main] INFO  base.BaseClass - Found Element By {by.toString()}
2024-04-17 18:56:49,390 [main] INFO  base.BaseClass - Trying to find Element By {by.toString()})
2024-04-17 18:56:49,419 [main] INFO  base.BaseClass - Found Element By {by.toString()}
2024-04-17 18:56:49,967 [main] INFO  base.BaseClass - Trying to find Element By {by.toString()})
2024-04-17 18:56:49,996 [main] INFO  base.BaseClass - Found Element By {by.toString()}
2024-04-17 18:56:50,548 [main] INFO  base.BaseClass - Trying to find Element By {by.toString()})
2024-04-17 18:56:50,578 [main] INFO  base.BaseClass - Found Element By {by.toString()}
2024-04-17 18:56:51,128 [main] INFO  base.BaseClass - Trying to find Element By {by.toString()})
2024-04-17 18:56:51,158 [main] INFO  base.BaseClass - Found Element By {by.toString()}
2024-04-17 18:56:51,706 [main] INFO  base.BaseClass - Trying to find Element By {by.toString()})
2024-04-17 18:56:51,736 [main] INFO  base.BaseClass - Found Element By {by.toString()}
2024-04-17 18:56:52,283 [main] INFO  base.BaseClass - Trying to find Element By {by.toString()})
2024-04-17 18:56:52,314 [main] INFO  base.BaseClass - Found Element By {by.toString()}
2024-04-17 18:56:52,860 [main] INFO  base.BaseClass - Trying to find Element By {by.toString()})
2024-04-17 18:56:52,889 [main] INFO  base.BaseClass - Found Element By {by.toString()}
2024-04-17 18:56:53,436 [main] INFO  base.BaseClass - Trying to find Element By {by.toString()})
2024-04-17 18:56:53,465 [main] INFO  base.BaseClass - Found Element By {by.toString()}
2024-04-17 18:56:54,000 [main] INFO  base.BaseClass - Trying to find Element By {by.toString()})
2024-04-17 18:56:54,029 [main] INFO  base.BaseClass - Found Element By {by.toString()}
2024-04-17 18:56:54,576 [main] INFO  base.BaseClass - Trying to find Element By {by.toString()})
2024-04-17 18:56:54,603 [main] INFO  base.BaseClass - Found Element By {by.toString()}
2024-04-17 18:56:55,151 [main] INFO  base.BaseClass - Trying to find Element By {by.toString()})
2024-04-17 18:56:55,183 [main] INFO  base.BaseClass - Found Element By {by.toString()}
2024-04-17 18:56:55,729 [main] INFO  base.BaseClass - Trying to find Element By {by.toString()})
2024-04-17 18:56:55,757 [main] INFO  base.BaseClass - Found Element By {by.toString()}
2024-04-17 18:56:56,305 [main] INFO  base.BaseClass - Trying to find Element By {by.toString()})
2024-04-17 18:56:56,334 [main] INFO  base.BaseClass - Found Element By {by.toString()}
2024-04-17 18:56:56,884 [main] INFO  base.BaseClass - Trying to find Element By {by.toString()})
2024-04-17 18:56:56,913 [main] INFO  base.BaseClass - Found Element By {by.toString()}
2024-04-17 18:56:57,460 [main] INFO  base.BaseClass - Trying to find Element By {by.toString()})
2024-04-17 18:56:57,489 [main] INFO  base.BaseClass - Found Element By {by.toString()}
2024-04-17 18:56:58,037 [main] INFO  base.BaseClass - Trying to find Element By {by.toString()})
2024-04-17 18:56:58,067 [main] INFO  base.BaseClass - Found Element By {by.toString()}
2024-04-17 18:56:58,616 [main] INFO  base.BaseClass - Trying to find Element By {by.toString()})
2024-04-17 18:56:58,644 [main] INFO  base.BaseClass - Found Element By {by.toString()}
2024-04-17 18:56:59,181 [main] INFO  base.BaseClass - Trying to find Element By {by.toString()})
2024-04-17 18:56:59,211 [main] INFO  base.BaseClass - Found Element By {by.toString()}
2024-04-17 18:56:59,746 [main] INFO  base.BaseClass - Trying to find Element By {by.toString()})
2024-04-17 18:56:59,768 [main] INFO  base.BaseClass - Found Element By {by.toString()}
2024-04-17 18:57:00,297 [main] INFO  base.BaseClass - Trying to find Element By {by.toString()})
2024-04-17 18:57:00,310 [main] INFO  base.BaseClass - Found Element By {by.toString()}
2024-04-17 18:57:00,833 [main] INFO  base.BaseClass - Trying to find Element By {by.toString()})
2024-04-17 18:57:00,847 [main] INFO  base.BaseClass - Found Element By {by.toString()}
2024-04-17 18:57:01,387 [main] INFO  base.BaseClass - Trying to find Element By {by.toString()})
2024-04-17 18:57:01,402 [main] INFO  base.BaseClass - Found Element By {by.toString()}
2024-04-17 18:57:01,922 [main] INFO  base.BaseClass - Trying to find Element By {by.toString()})
2024-04-17 18:57:01,946 [main] INFO  base.BaseClass - Found Element By {by.toString()}
2024-04-17 18:57:02,483 [main] INFO  base.BaseClass - Trying to find Element By {by.toString()})
2024-04-17 18:57:02,513 [main] INFO  base.BaseClass - Found Element By {by.toString()}
2024-04-17 18:57:03,044 [main] INFO  base.BaseClass - Trying to find Element By {by.toString()})
2024-04-17 18:57:03,071 [main] INFO  base.BaseClass - Found Element By {by.toString()}
2024-04-17 18:57:03,604 [main] INFO  base.BaseClass - Trying to find Element By {by.toString()})
2024-04-17 18:57:03,667 [main] INFO  base.BaseClass - Found Element By {by.toString()}
2024-04-17 18:57:04,200 [main] INFO  base.BaseClass - Trying to find Element By {by.toString()})
2024-04-17 18:57:04,219 [main] INFO  base.BaseClass - Found Element By {by.toString()}
2024-04-17 18:57:04,746 [main] INFO  base.BaseClass - Trying to find Element By {by.toString()})
2024-04-17 18:57:04,776 [main] INFO  base.BaseClass - Found Element By {by.toString()}
2024-04-17 18:57:05,322 [main] INFO  base.BaseClass - Trying to find Element By {by.toString()})
2024-04-17 18:57:05,350 [main] INFO  base.BaseClass - Found Element By {by.toString()}
2024-04-17 18:57:05,901 [main] INFO  base.BaseClass - Trying to find Element By {by.toString()})
2024-04-17 18:57:05,931 [main] INFO  base.BaseClass - Found Element By {by.toString()}
2024-04-17 18:57:06,480 [main] INFO  base.BaseClass - Trying to find Element By {by.toString()})
2024-04-17 18:57:06,508 [main] INFO  base.BaseClass - Found Element By {by.toString()}
2024-04-17 18:57:07,061 [main] INFO  base.BaseClass - Trying to find Element By {by.toString()})
2024-04-17 18:57:07,089 [main] INFO  base.BaseClass - Found Element By {by.toString()}
2024-04-17 18:57:07,626 [main] INFO  base.BaseClass - Trying to find Element By {by.toString()})
2024-04-17 18:57:07,655 [main] INFO  base.BaseClass - Found Element By {by.toString()}
2024-04-17 18:57:08,192 [main] INFO  base.BaseClass - Trying to find Element By {by.toString()})
2024-04-17 18:57:08,204 [main] INFO  base.BaseClass - Found Element By {by.toString()}
2024-04-17 18:57:08,726 [main] INFO  base.BaseClass - Trying to find Element By {by.toString()})
2024-04-17 18:57:08,738 [main] INFO  base.BaseClass - Found Element By {by.toString()}
2024-04-17 18:57:09,255 [main] INFO  base.BaseClass - Trying to find Element By {by.toString()})
2024-04-17 18:57:09,273 [main] INFO  base.BaseClass - Found Element By {by.toString()}
2024-04-17 18:57:09,804 [main] INFO  base.BaseClass - Trying to find Element By {by.toString()})
2024-04-17 18:57:09,832 [main] INFO  base.BaseClass - Found Element By {by.toString()}
2024-04-17 18:57:10,380 [main] INFO  base.BaseClass - Trying to find Element By {by.toString()})
2024-04-17 18:57:10,410 [main] INFO  base.BaseClass - Found Element By {by.toString()}
2024-04-17 18:57:10,945 [main] INFO  base.BaseClass - Trying to find Element By {by.toString()})
2024-04-17 18:57:10,962 [main] INFO  base.BaseClass - Found Element By {by.toString()}
2024-04-17 18:57:11,488 [main] INFO  base.BaseClass - Trying to find Element By {by.toString()})
2024-04-17 18:57:11,517 [main] INFO  base.BaseClass - Found Element By {by.toString()}
2024-04-17 18:57:12,063 [main] INFO  base.BaseClass - Trying to find Element By {by.toString()})
2024-04-17 18:57:12,093 [main] INFO  base.BaseClass - Found Element By {by.toString()}
2024-04-17 18:57:12,640 [main] INFO  base.BaseClass - Trying to find Element By {by.toString()})
2024-04-17 18:57:12,670 [main] INFO  base.BaseClass - Found Element By {by.toString()}
2024-04-17 18:57:13,221 [main] INFO  base.BaseClass - Trying to find Element By {by.toString()})
2024-04-17 18:57:13,251 [main] INFO  base.BaseClass - Found Element By {by.toString()}
2024-04-17 18:57:13,804 [main] INFO  base.BaseClass - Trying to find Element By {by.toString()})
2024-04-17 18:57:13,833 [main] INFO  base.BaseClass - Found Element By {by.toString()}
2024-04-17 18:57:14,383 [main] INFO  base.BaseClass - Trying to find Element By {by.toString()})
2024-04-17 18:57:14,413 [main] INFO  base.BaseClass - Found Element By {by.toString()}
2024-04-17 18:57:14,959 [main] INFO  base.BaseClass - Trying to find Element By {by.toString()})
2024-04-17 18:57:14,984 [main] INFO  base.BaseClass - Found Element By {by.toString()}
2024-04-17 18:57:15,535 [main] INFO  base.BaseClass - Trying to find Element By {by.toString()})
2024-04-17 18:57:15,564 [main] INFO  base.BaseClass - Found Element By {by.toString()}
2024-04-17 18:57:16,115 [main] INFO  base.BaseClass - Trying to find Element By {by.toString()})
2024-04-17 18:57:16,144 [main] INFO  base.BaseClass - Found Element By {by.toString()}
2024-04-17 18:57:16,695 [main] INFO  base.BaseClass - Trying to find Element By {by.toString()})
2024-04-17 18:57:16,724 [main] INFO  base.BaseClass - Found Element By {by.toString()}
2024-04-17 18:57:17,257 [main] INFO  base.BaseClass - Trying to find Element By {by.toString()})
2024-04-17 18:57:17,285 [main] INFO  base.BaseClass - Found Element By {by.toString()}
TimeoutException occurred: Expected condition failed: waiting for helper.WaitUtility$5@3edf5dbf (tried for 30 second(s) with 500 milliseconds interval)
Build info: version: '3.141.59', revision: 'e82be7d358', time: '2018-11-14T08:17:03'
System info: host: 'DPLAP166', ip: '137.237.2.236', os.name: 'Windows 10', os.arch: 'amd64', os.version: '10.0', java.version: '19.0.1'
Driver info: org.openqa.selenium.support.events.EventFiringWebDriver
Capabilities {acceptInsecureCerts: true, browserName: chrome, browserVersion: 123.0.6312.123, chrome: {chromedriverVersion: 123.0.6312.122 (31f8248cdd9..., userDataDir: C:\Users\dP-PL\AppData\Loca...}, fedcm:accounts: true, goog:chromeOptions: {debuggerAddress: localhost:51256}, javascriptEnabled: true, networkConnectionEnabled: false, pageLoadStrategy: normal, platform: WINDOWS, platformName: WINDOWS, proxy: Proxy(), setWindowRect: true, strictFileInteractability: false, timeouts: {implicit: 0, pageLoad: 300000, script: 30000}, unhandledPromptBehavior: dismiss and notify, webauthn:extension:credBlob: true, webauthn:extension:largeBlob: true, webauthn:extension:minPinLength: true, webauthn:extension:prf: true, webauthn:virtualAuthenticators: true}
Session ID: a59c4df4811f82049fe754efe723d3c1
2024-04-17 18:57:17,328 [main] ERROR RotationCopy_test - Element did not become visible within the specified time: Expected condition failed: waiting for helper.WaitUtility$5@3edf5dbf (tried for 30 second(s) with 500 milliseconds interval)
Build info: version: '3.141.59', revision: 'e82be7d358', time: '2018-11-14T08:17:03'
System info: host: 'DPLAP166', ip: '137.237.2.236', os.name: 'Windows 10', os.arch: 'amd64', os.version: '10.0', java.version: '19.0.1'
Driver info: org.openqa.selenium.support.events.EventFiringWebDriver
Capabilities {acceptInsecureCerts: true, browserName: chrome, browserVersion: 123.0.6312.123, chrome: {chromedriverVersion: 123.0.6312.122 (31f8248cdd9..., userDataDir: C:\Users\dP-PL\AppData\Loca...}, fedcm:accounts: true, goog:chromeOptions: {debuggerAddress: localhost:51256}, javascriptEnabled: true, networkConnectionEnabled: false, pageLoadStrategy: normal, platform: WINDOWS, platformName: WINDOWS, proxy: Proxy(), setWindowRect: true, strictFileInteractability: false, timeouts: {implicit: 0, pageLoad: 300000, script: 30000}, unhandledPromptBehavior: dismiss and notify, webauthn:extension:credBlob: true, webauthn:extension:largeBlob: true, webauthn:extension:minPinLength: true, webauthn:extension:prf: true, webauthn:virtualAuthenticators: true}
Session ID: a59c4df4811f82049fe754efe723d3c1
2024-04-17 18:57:17,328 [main] INFO  base.BaseClass - Trying to find Element By {by.toString()})
2024-04-17 18:57:17,347 [main] INFO  base.BaseClass - Found Element By {by.toString()}
2024-04-17 18:57:17,347 [main] INFO  base.BaseClass - Trying to click on: {element.toString()}
2024-04-17 18:57:17,460 [main] INFO  base.BaseClass - Clicked on: {element.toString()}
2024-04-17 18:57:17,460 [main] INFO  base.BaseClass - Trying to find Element By {by.toString()})
2024-04-17 18:57:18,378 [main] INFO  base.BaseClass - Found Element By {by.toString()}
2024-04-17 18:57:18,910 [main] INFO  base.BaseClass - Trying to find Element By {by.toString()})
2024-04-17 18:57:18,943 [main] INFO  base.BaseClass - Found Element By {by.toString()}
2024-04-17 18:57:19,476 [main] INFO  base.BaseClass - Trying to find Element By {by.toString()})
2024-04-17 18:57:19,510 [main] INFO  base.BaseClass - Found Element By {by.toString()}
2024-04-17 18:57:20,053 [main] INFO  base.BaseClass - Trying to find Element By {by.toString()})
2024-04-17 18:57:20,083 [main] INFO  base.BaseClass - Found Element By {by.toString()}
2024-04-17 18:57:20,634 [main] INFO  base.BaseClass - Trying to find Element By {by.toString()})
2024-04-17 18:57:21,094 [main] INFO  base.BaseClass - Found Element By {by.toString()}
2024-04-17 18:57:21,632 [main] INFO  base.BaseClass - Trying to find Element By {by.toString()})
2024-04-17 18:57:21,655 [main] INFO  base.BaseClass - Found Element By {by.toString()}
2024-04-17 18:57:22,178 [main] INFO  base.BaseClass - Trying to find Element By {by.toString()})
2024-04-17 18:57:22,201 [main] INFO  base.BaseClass - Found Element By {by.toString()}
2024-04-17 18:57:22,727 [main] INFO  base.BaseClass - Trying to find Element By {by.toString()})
2024-04-17 18:57:22,758 [main] INFO  base.BaseClass - Found Element By {by.toString()}
2024-04-17 18:57:23,307 [main] INFO  base.BaseClass - Trying to find Element By {by.toString()})
2024-04-17 18:57:23,338 [main] INFO  base.BaseClass - Found Element By {by.toString()}
2024-04-17 18:57:23,872 [main] INFO  base.BaseClass - Trying to find Element By {by.toString()})
2024-04-17 18:57:23,904 [main] INFO  base.BaseClass - Found Element By {by.toString()}
2024-04-17 18:57:24,449 [main] INFO  base.BaseClass - Trying to find Element By {by.toString()})
2024-04-17 18:57:24,478 [main] INFO  base.BaseClass - Found Element By {by.toString()}
2024-04-17 18:57:25,015 [main] INFO  base.BaseClass - Trying to find Element By {by.toString()})
2024-04-17 18:57:25,047 [main] INFO  base.BaseClass - Found Element By {by.toString()}
2024-04-17 18:57:25,581 [main] INFO  base.BaseClass - Trying to find Element By {by.toString()})
2024-04-17 18:57:25,613 [main] INFO  base.BaseClass - Found Element By {by.toString()}
2024-04-17 18:57:26,163 [main] INFO  base.BaseClass - Trying to find Element By {by.toString()})
2024-04-17 18:57:26,195 [main] INFO  base.BaseClass - Found Element By {by.toString()}
2024-04-17 18:57:26,726 [main] INFO  base.BaseClass - Trying to find Element By {by.toString()})
2024-04-17 18:57:26,758 [main] INFO  base.BaseClass - Found Element By {by.toString()}
2024-04-17 18:57:27,287 [main] INFO  base.BaseClass - Trying to find Element By {by.toString()})
2024-04-17 18:57:27,319 [main] INFO  base.BaseClass - Found Element By {by.toString()}
2024-04-17 18:57:27,864 [main] INFO  base.BaseClass - Trying to find Element By {by.toString()})
2024-04-17 18:57:27,876 [main] INFO  base.BaseClass - Found Element By {by.toString()}
2024-04-17 18:57:28,396 [main] INFO  base.BaseClass - Trying to find Element By {by.toString()})
2024-04-17 18:57:28,425 [main] INFO  base.BaseClass - Found Element By {by.toString()}
2024-04-17 18:57:28,961 [main] INFO  base.BaseClass - Trying to find Element By {by.toString()})
2024-04-17 18:57:28,991 [main] INFO  base.BaseClass - Found Element By {by.toString()}
2024-04-17 18:57:29,524 [main] INFO  base.BaseClass - Trying to find Element By {by.toString()})
2024-04-17 18:57:29,555 [main] INFO  base.BaseClass - Found Element By {by.toString()}
2024-04-17 18:57:30,100 [main] INFO  base.BaseClass - Trying to find Element By {by.toString()})
2024-04-17 18:57:30,132 [main] INFO  base.BaseClass - Found Element By {by.toString()}
2024-04-17 18:57:30,677 [main] INFO  base.BaseClass - Trying to find Element By {by.toString()})
2024-04-17 18:57:30,709 [main] INFO  base.BaseClass - Found Element By {by.toString()}
2024-04-17 18:57:31,258 [main] INFO  base.BaseClass - Trying to find Element By {by.toString()})
2024-04-17 18:57:31,293 [main] INFO  base.BaseClass - Found Element By {by.toString()}
2024-04-17 18:57:31,838 [main] INFO  base.BaseClass - Trying to find Element By {by.toString()})
2024-04-17 18:57:31,868 [main] INFO  base.BaseClass - Found Element By {by.toString()}
2024-04-17 18:57:32,402 [main] INFO  base.BaseClass - Trying to find Element By {by.toString()})
2024-04-17 18:57:32,435 [main] INFO  base.BaseClass - Found Element By {by.toString()}
2024-04-17 18:57:32,962 [main] INFO  base.BaseClass - Trying to find Element By {by.toString()})
2024-04-17 18:57:32,995 [main] INFO  base.BaseClass - Found Element By {by.toString()}
2024-04-17 18:57:33,542 [main] INFO  base.BaseClass - Trying to find Element By {by.toString()})
2024-04-17 18:57:33,554 [main] INFO  base.BaseClass - Found Element By {by.toString()}
2024-04-17 18:57:34,072 [main] INFO  base.BaseClass - Trying to find Element By {by.toString()})
2024-04-17 18:57:34,195 [main] INFO  base.BaseClass - Found Element By {by.toString()}
2024-04-17 18:57:34,716 [main] INFO  base.BaseClass - Trying to find Element By {by.toString()})
2024-04-17 18:57:34,747 [main] INFO  base.BaseClass - Found Element By {by.toString()}
2024-04-17 18:57:35,296 [main] INFO  base.BaseClass - Trying to find Element By {by.toString()})
2024-04-17 18:57:35,328 [main] INFO  base.BaseClass - Found Element By {by.toString()}
2024-04-17 18:57:35,873 [main] INFO  base.BaseClass - Trying to find Element By {by.toString()})
2024-04-17 18:57:35,904 [main] INFO  base.BaseClass - Found Element By {by.toString()}
2024-04-17 18:57:36,434 [main] INFO  base.BaseClass - Trying to find Element By {by.toString()})
2024-04-17 18:57:36,465 [main] INFO  base.BaseClass - Found Element By {by.toString()}
2024-04-17 18:57:37,011 [main] INFO  base.BaseClass - Trying to find Element By {by.toString()})
2024-04-17 18:57:37,044 [main] INFO  base.BaseClass - Found Element By {by.toString()}
2024-04-17 18:57:37,590 [main] INFO  base.BaseClass - Trying to find Element By {by.toString()})
2024-04-17 18:57:37,618 [main] INFO  base.BaseClass - Found Element By {by.toString()}
2024-04-17 18:57:38,167 [main] INFO  base.BaseClass - Trying to find Element By {by.toString()})
2024-04-17 18:57:38,240 [main] INFO  base.BaseClass - Found Element By {by.toString()}
2024-04-17 18:57:38,779 [main] INFO  base.BaseClass - Trying to find Element By {by.toString()})
2024-04-17 18:57:38,810 [main] INFO  base.BaseClass - Found Element By {by.toString()}
2024-04-17 18:57:39,359 [main] INFO  base.BaseClass - Trying to find Element By {by.toString()})
2024-04-17 18:57:39,392 [main] INFO  base.BaseClass - Found Element By {by.toString()}
2024-04-17 18:57:39,923 [main] INFO  base.BaseClass - Trying to find Element By {by.toString()})
2024-04-17 18:57:39,949 [main] INFO  base.BaseClass - Found Element By {by.toString()}
2024-04-17 18:57:40,485 [main] INFO  base.BaseClass - Trying to find Element By {by.toString()})
2024-04-17 18:57:40,516 [main] INFO  base.BaseClass - Found Element By {by.toString()}
2024-04-17 18:57:41,066 [main] INFO  base.BaseClass - Trying to find Element By {by.toString()})
2024-04-17 18:57:41,098 [main] INFO  base.BaseClass - Found Element By {by.toString()}
2024-04-17 18:57:41,630 [main] INFO  base.BaseClass - Trying to find Element By {by.toString()})
2024-04-17 18:57:41,661 [main] INFO  base.BaseClass - Found Element By {by.toString()}
2024-04-17 18:57:42,208 [main] INFO  base.BaseClass - Trying to find Element By {by.toString()})
2024-04-17 18:57:42,239 [main] INFO  base.BaseClass - Found Element By {by.toString()}
2024-04-17 18:57:42,785 [main] INFO  base.BaseClass - Trying to find Element By {by.toString()})
2024-04-17 18:57:42,817 [main] INFO  base.BaseClass - Found Element By {by.toString()}
2024-04-17 18:57:43,362 [main] INFO  base.BaseClass - Trying to find Element By {by.toString()})
2024-04-17 18:57:43,378 [main] INFO  base.BaseClass - Found Element By {by.toString()}
2024-04-17 18:57:43,912 [main] INFO  base.BaseClass - Trying to find Element By {by.toString()})
2024-04-17 18:57:43,942 [main] INFO  base.BaseClass - Found Element By {by.toString()}
2024-04-17 18:57:44,476 [main] INFO  base.BaseClass - Trying to find Element By {by.toString()})
2024-04-17 18:57:44,506 [main] INFO  base.BaseClass - Found Element By {by.toString()}
2024-04-17 18:57:45,057 [main] INFO  base.BaseClass - Trying to find Element By {by.toString()})
2024-04-17 18:57:45,069 [main] INFO  base.BaseClass - Found Element By {by.toString()}
2024-04-17 18:57:45,592 [main] INFO  base.BaseClass - Trying to find Element By {by.toString()})
2024-04-17 18:57:45,624 [main] INFO  base.BaseClass - Found Element By {by.toString()}
2024-04-17 18:57:46,170 [main] INFO  base.BaseClass - Trying to find Element By {by.toString()})
2024-04-17 18:57:46,201 [main] INFO  base.BaseClass - Found Element By {by.toString()}
2024-04-17 18:57:46,732 [main] INFO  base.BaseClass - Trying to find Element By {by.toString()})
2024-04-17 18:57:46,764 [main] INFO  base.BaseClass - Found Element By {by.toString()}
2024-04-17 18:57:47,310 [main] INFO  base.BaseClass - Trying to find Element By {by.toString()})
2024-04-17 18:57:47,341 [main] INFO  base.BaseClass - Found Element By {by.toString()}
2024-04-17 18:57:47,887 [main] INFO  base.BaseClass - Trying to find Element By {by.toString()})
2024-04-17 18:57:47,907 [main] INFO  base.BaseClass - Found Element By {by.toString()}
TimeoutException occurred: Expected condition failed: waiting for helper.WaitUtility$5@447a09db (tried for 30 second(s) with 500 milliseconds interval)
Build info: version: '3.141.59', revision: 'e82be7d358', time: '2018-11-14T08:17:03'
System info: host: 'DPLAP166', ip: '137.237.2.236', os.name: 'Windows 10', os.arch: 'amd64', os.version: '10.0', java.version: '19.0.1'
Driver info: org.openqa.selenium.support.events.EventFiringWebDriver
Capabilities {acceptInsecureCerts: true, browserName: chrome, browserVersion: 123.0.6312.123, chrome: {chromedriverVersion: 123.0.6312.122 (31f8248cdd9..., userDataDir: C:\Users\dP-PL\AppData\Loca...}, fedcm:accounts: true, goog:chromeOptions: {debuggerAddress: localhost:51256}, javascriptEnabled: true, networkConnectionEnabled: false, pageLoadStrategy: normal, platform: WINDOWS, platformName: WINDOWS, proxy: Proxy(), setWindowRect: true, strictFileInteractability: false, timeouts: {implicit: 0, pageLoad: 300000, script: 30000}, unhandledPromptBehavior: dismiss and notify, webauthn:extension:credBlob: true, webauthn:extension:largeBlob: true, webauthn:extension:minPinLength: true, webauthn:extension:prf: true, webauthn:virtualAuthenticators: true}
Session ID: a59c4df4811f82049fe754efe723d3c1
2024-04-17 18:57:47,928 [main] ERROR RotationCopy_test - Element did not become visible within the specified time: Expected condition failed: waiting for helper.WaitUtility$5@447a09db (tried for 30 second(s) with 500 milliseconds interval)
Build info: version: '3.141.59', revision: 'e82be7d358', time: '2018-11-14T08:17:03'
System info: host: 'DPLAP166', ip: '137.237.2.236', os.name: 'Windows 10', os.arch: 'amd64', os.version: '10.0', java.version: '19.0.1'
Driver info: org.openqa.selenium.support.events.EventFiringWebDriver
Capabilities {acceptInsecureCerts: true, browserName: chrome, browserVersion: 123.0.6312.123, chrome: {chromedriverVersion: 123.0.6312.122 (31f8248cdd9..., userDataDir: C:\Users\dP-PL\AppData\Loca...}, fedcm:accounts: true, goog:chromeOptions: {debuggerAddress: localhost:51256}, javascriptEnabled: true, networkConnectionEnabled: false, pageLoadStrategy: normal, platform: WINDOWS, platformName: WINDOWS, proxy: Proxy(), setWindowRect: true, strictFileInteractability: false, timeouts: {implicit: 0, pageLoad: 300000, script: 30000}, unhandledPromptBehavior: dismiss and notify, webauthn:extension:credBlob: true, webauthn:extension:largeBlob: true, webauthn:extension:minPinLength: true, webauthn:extension:prf: true, webauthn:virtualAuthenticators: true}
Session ID: a59c4df4811f82049fe754efe723d3c1
2024-04-17 18:57:47,928 [main] INFO  base.BaseClass - Trying to find Element By {by.toString()})
2024-04-17 18:57:47,943 [main] INFO  base.BaseClass - Found Element By {by.toString()}
2024-04-17 18:57:47,943 [main] INFO  base.BaseClass - Trying to click on: {element.toString()}
2024-04-17 18:57:48,014 [main] INFO  base.BaseClass - Clicked on: {element.toString()}
2024-04-17 18:57:48,014 [main] INFO  base.BaseClass - Trying to find Element By {by.toString()})
2024-04-17 18:57:48,024 [main] INFO  base.BaseClass - Found Element By {by.toString()}
2024-04-17 18:57:48,542 [main] INFO  base.BaseClass - Trying to find Element By {by.toString()})
2024-04-17 18:57:48,575 [main] INFO  base.BaseClass - Found Element By {by.toString()}
2024-04-17 18:57:49,123 [main] INFO  base.BaseClass - Trying to find Element By {by.toString()})
2024-04-17 18:57:49,157 [main] INFO  base.BaseClass - Found Element By {by.toString()}
2024-04-17 18:57:49,690 [main] INFO  base.BaseClass - Trying to find Element By {by.toString()})
2024-04-17 18:57:49,721 [main] INFO  base.BaseClass - Found Element By {by.toString()}
2024-04-17 18:57:50,270 [main] INFO  base.BaseClass - Trying to find Element By {by.toString()})
2024-04-17 18:57:50,293 [main] INFO  base.BaseClass - Found Element By {by.toString()}
2024-04-17 18:57:50,818 [main] INFO  base.BaseClass - Trying to find Element By {by.toString()})
2024-04-17 18:57:50,849 [main] INFO  base.BaseClass - Found Element By {by.toString()}
2024-04-17 18:57:51,393 [main] INFO  base.BaseClass - Trying to find Element By {by.toString()})
2024-04-17 18:57:51,425 [main] INFO  base.BaseClass - Found Element By {by.toString()}
2024-04-17 18:57:51,956 [main] INFO  base.BaseClass - Trying to find Element By {by.toString()})
2024-04-17 18:57:51,987 [main] INFO  base.BaseClass - Found Element By {by.toString()}
2024-04-17 18:57:52,517 [main] INFO  base.BaseClass - Trying to find Element By {by.toString()})
2024-04-17 18:57:52,549 [main] INFO  base.BaseClass - Found Element By {by.toString()}
2024-04-17 18:57:53,094 [main] INFO  base.BaseClass - Trying to find Element By {by.toString()})
2024-04-17 18:57:53,316 [main] INFO  base.BaseClass - Found Element By {by.toString()}
2024-04-17 18:57:53,862 [main] INFO  base.BaseClass - Trying to find Element By {by.toString()})
2024-04-17 18:57:53,923 [main] INFO  base.BaseClass - Found Element By {by.toString()}
2024-04-17 18:57:54,474 [main] INFO  base.BaseClass - Trying to find Element By {by.toString()})
2024-04-17 18:57:54,505 [main] INFO  base.BaseClass - Found Element By {by.toString()}
2024-04-17 18:57:55,053 [main] INFO  base.BaseClass - Trying to find Element By {by.toString()})
2024-04-17 18:57:55,083 [main] INFO  base.BaseClass - Found Element By {by.toString()}
2024-04-17 18:57:55,617 [main] INFO  base.BaseClass - Trying to find Element By {by.toString()})
2024-04-17 18:57:55,647 [main] INFO  base.BaseClass - Found Element By {by.toString()}
2024-04-17 18:57:56,182 [main] INFO  base.BaseClass - Trying to find Element By {by.toString()})
2024-04-17 18:57:56,212 [main] INFO  base.BaseClass - Found Element By {by.toString()}
2024-04-17 18:57:56,758 [main] INFO  base.BaseClass - Trying to find Element By {by.toString()})
2024-04-17 18:57:56,788 [main] INFO  base.BaseClass - Found Element By {by.toString()}
2024-04-17 18:57:57,336 [main] INFO  base.BaseClass - Trying to find Element By {by.toString()})
2024-04-17 18:57:57,368 [main] INFO  base.BaseClass - Found Element By {by.toString()}
2024-04-17 18:57:57,913 [main] INFO  base.BaseClass - Trying to find Element By {by.toString()})
2024-04-17 18:57:57,944 [main] INFO  base.BaseClass - Found Element By {by.toString()}
2024-04-17 18:57:58,492 [main] INFO  base.BaseClass - Trying to find Element By {by.toString()})
2024-04-17 18:57:58,519 [main] INFO  base.BaseClass - Found Element By {by.toString()}
2024-04-17 18:57:59,053 [main] INFO  base.BaseClass - Trying to find Element By {by.toString()})
2024-04-17 18:57:59,077 [main] INFO  base.BaseClass - Found Element By {by.toString()}
2024-04-17 18:57:59,602 [main] INFO  base.BaseClass - Trying to find Element By {by.toString()})
2024-04-17 18:57:59,632 [main] INFO  base.BaseClass - Found Element By {by.toString()}
2024-04-17 18:58:00,177 [main] INFO  base.BaseClass - Trying to find Element By {by.toString()})
2024-04-17 18:58:00,207 [main] INFO  base.BaseClass - Found Element By {by.toString()}
2024-04-17 18:58:00,754 [main] INFO  base.BaseClass - Trying to find Element By {by.toString()})
2024-04-17 18:58:00,783 [main] INFO  base.BaseClass - Found Element By {by.toString()}
2024-04-17 18:58:01,333 [main] INFO  base.BaseClass - Trying to find Element By {by.toString()})
2024-04-17 18:58:01,364 [main] INFO  base.BaseClass - Found Element By {by.toString()}
2024-04-17 18:58:01,912 [main] INFO  base.BaseClass - Trying to find Element By {by.toString()})
2024-04-17 18:58:01,944 [main] INFO  base.BaseClass - Found Element By {by.toString()}
2024-04-17 18:58:02,491 [main] INFO  base.BaseClass - Trying to find Element By {by.toString()})
2024-04-17 18:58:02,522 [main] INFO  base.BaseClass - Found Element By {by.toString()}
2024-04-17 18:58:03,070 [main] INFO  base.BaseClass - Trying to find Element By {by.toString()})
2024-04-17 18:58:03,102 [main] INFO  base.BaseClass - Found Element By {by.toString()}
2024-04-17 18:58:03,632 [main] INFO  base.BaseClass - Trying to find Element By {by.toString()})
2024-04-17 18:58:03,665 [main] INFO  base.BaseClass - Found Element By {by.toString()}
2024-04-17 18:58:04,209 [main] INFO  base.BaseClass - Trying to find Element By {by.toString()})
2024-04-17 18:58:04,373 [main] INFO  base.BaseClass - Found Element By {by.toString()}
2024-04-17 18:58:04,913 [main] INFO  base.BaseClass - Trying to find Element By {by.toString()})
2024-04-17 18:58:04,944 [main] INFO  base.BaseClass - Found Element By {by.toString()}
2024-04-17 18:58:05,493 [main] INFO  base.BaseClass - Trying to find Element By {by.toString()})
2024-04-17 18:58:05,525 [main] INFO  base.BaseClass - Found Element By {by.toString()}
2024-04-17 18:58:06,053 [main] INFO  base.BaseClass - Trying to find Element By {by.toString()})
2024-04-17 18:58:06,084 [main] INFO  base.BaseClass - Found Element By {by.toString()}
2024-04-17 18:58:06,632 [main] INFO  base.BaseClass - Trying to find Element By {by.toString()})
2024-04-17 18:58:06,664 [main] INFO  base.BaseClass - Found Element By {by.toString()}
2024-04-17 18:58:07,197 [main] INFO  base.BaseClass - Trying to find Element By {by.toString()})
2024-04-17 18:58:07,228 [main] INFO  base.BaseClass - Found Element By {by.toString()}
2024-04-17 18:58:07,778 [main] INFO  base.BaseClass - Trying to find Element By {by.toString()})
2024-04-17 18:58:07,806 [main] INFO  base.BaseClass - Found Element By {by.toString()}
2024-04-17 18:58:08,342 [main] INFO  base.BaseClass - Trying to find Element By {by.toString()})
2024-04-17 18:58:08,372 [main] INFO  base.BaseClass - Found Element By {by.toString()}
2024-04-17 18:58:08,906 [main] INFO  base.BaseClass - Trying to find Element By {by.toString()})
2024-04-17 18:58:08,938 [main] INFO  base.BaseClass - Found Element By {by.toString()}
2024-04-17 18:58:09,484 [main] INFO  base.BaseClass - Trying to find Element By {by.toString()})
2024-04-17 18:58:09,513 [main] INFO  base.BaseClass - Found Element By {by.toString()}
2024-04-17 18:58:10,061 [main] INFO  base.BaseClass - Trying to find Element By {by.toString()})
2024-04-17 18:58:10,129 [main] INFO  base.BaseClass - Found Element By {by.toString()}
2024-04-17 18:58:10,655 [main] INFO  base.BaseClass - Trying to find Element By {by.toString()})
2024-04-17 18:58:10,687 [main] INFO  base.BaseClass - Found Element By {by.toString()}
2024-04-17 18:58:11,232 [main] INFO  base.BaseClass - Trying to find Element By {by.toString()})
2024-04-17 18:58:11,264 [main] INFO  base.BaseClass - Found Element By {by.toString()}
2024-04-17 18:58:11,811 [main] INFO  base.BaseClass - Trying to find Element By {by.toString()})
2024-04-17 18:58:11,826 [main] INFO  base.BaseClass - Found Element By {by.toString()}
2024-04-17 18:58:12,344 [main] INFO  base.BaseClass - Trying to find Element By {by.toString()})
2024-04-17 18:58:12,376 [main] INFO  base.BaseClass - Found Element By {by.toString()}
2024-04-17 18:58:12,921 [main] INFO  base.BaseClass - Trying to find Element By {by.toString()})
2024-04-17 18:58:12,951 [main] INFO  base.BaseClass - Found Element By {by.toString()}
2024-04-17 18:58:13,502 [main] INFO  base.BaseClass - Trying to find Element By {by.toString()})
2024-04-17 18:58:13,527 [main] INFO  base.BaseClass - Found Element By {by.toString()}
2024-04-17 18:58:14,080 [main] INFO  base.BaseClass - Trying to find Element By {by.toString()})
2024-04-17 18:58:14,106 [main] INFO  base.BaseClass - Found Element By {by.toString()}
2024-04-17 18:58:14,629 [main] INFO  base.BaseClass - Trying to find Element By {by.toString()})
2024-04-17 18:58:14,660 [main] INFO  base.BaseClass - Found Element By {by.toString()}
2024-04-17 18:58:15,206 [main] INFO  base.BaseClass - Trying to find Element By {by.toString()})
2024-04-17 18:58:15,587 [main] INFO  base.BaseClass - Found Element By {by.toString()}
2024-04-17 18:58:16,145 [main] INFO  base.BaseClass - Trying to find Element By {by.toString()})
2024-04-17 18:58:16,176 [main] INFO  base.BaseClass - Found Element By {by.toString()}
2024-04-17 18:58:16,724 [main] INFO  base.BaseClass - Trying to find Element By {by.toString()})
2024-04-17 18:58:16,755 [main] INFO  base.BaseClass - Found Element By {by.toString()}
2024-04-17 18:58:17,303 [main] INFO  base.BaseClass - Trying to find Element By {by.toString()})
2024-04-17 18:58:17,334 [main] INFO  base.BaseClass - Found Element By {by.toString()}
2024-04-17 18:58:17,879 [main] INFO  base.BaseClass - Trying to find Element By {by.toString()})
2024-04-17 18:58:17,910 [main] INFO  base.BaseClass - Found Element By {by.toString()}
2024-04-17 18:58:18,443 [main] INFO  base.BaseClass - Trying to find Element By {by.toString()})
2024-04-17 18:58:18,475 [main] INFO  base.BaseClass - Found Element By {by.toString()}
TimeoutException occurred: Expected condition failed: waiting for helper.WaitUtility$5@749b2854 (tried for 30 second(s) with 500 milliseconds interval)
Build info: version: '3.141.59', revision: 'e82be7d358', time: '2018-11-14T08:17:03'
System info: host: 'DPLAP166', ip: '137.237.2.236', os.name: 'Windows 10', os.arch: 'amd64', os.version: '10.0', java.version: '19.0.1'
Driver info: org.openqa.selenium.support.events.EventFiringWebDriver
Capabilities {acceptInsecureCerts: true, browserName: chrome, browserVersion: 123.0.6312.123, chrome: {chromedriverVersion: 123.0.6312.122 (31f8248cdd9..., userDataDir: C:\Users\dP-PL\AppData\Loca...}, fedcm:accounts: true, goog:chromeOptions: {debuggerAddress: localhost:51256}, javascriptEnabled: true, networkConnectionEnabled: false, pageLoadStrategy: normal, platform: WINDOWS, platformName: WINDOWS, proxy: Proxy(), setWindowRect: true, strictFileInteractability: false, timeouts: {implicit: 0, pageLoad: 300000, script: 30000}, unhandledPromptBehavior: dismiss and notify, webauthn:extension:credBlob: true, webauthn:extension:largeBlob: true, webauthn:extension:minPinLength: true, webauthn:extension:prf: true, webauthn:virtualAuthenticators: true}
Session ID: a59c4df4811f82049fe754efe723d3c1
2024-04-17 18:58:18,507 [main] ERROR RotationCopy_test - Element did not become visible within the specified time: Expected condition failed: waiting for helper.WaitUtility$5@749b2854 (tried for 30 second(s) with 500 milliseconds interval)
Build info: version: '3.141.59', revision: 'e82be7d358', time: '2018-11-14T08:17:03'
System info: host: 'DPLAP166', ip: '137.237.2.236', os.name: 'Windows 10', os.arch: 'amd64', os.version: '10.0', java.version: '19.0.1'
Driver info: org.openqa.selenium.support.events.EventFiringWebDriver
Capabilities {acceptInsecureCerts: true, browserName: chrome, browserVersion: 123.0.6312.123, chrome: {chromedriverVersion: 123.0.6312.122 (31f8248cdd9..., userDataDir: C:\Users\dP-PL\AppData\Loca...}, fedcm:accounts: true, goog:chromeOptions: {debuggerAddress: localhost:51256}, javascriptEnabled: true, networkConnectionEnabled: false, pageLoadStrategy: normal, platform: WINDOWS, platformName: WINDOWS, proxy: Proxy(), setWindowRect: true, strictFileInteractability: false, timeouts: {implicit: 0, pageLoad: 300000, script: 30000}, unhandledPromptBehavior: dismiss and notify, webauthn:extension:credBlob: true, webauthn:extension:largeBlob: true, webauthn:extension:minPinLength: true, webauthn:extension:prf: true, webauthn:virtualAuthenticators: true}
Session ID: a59c4df4811f82049fe754efe723d3c1
2024-04-17 18:58:18,507 [main] INFO  base.BaseClass - Trying to find Element By {by.toString()})
2024-04-17 18:58:18,528 [main] INFO  base.BaseClass - Found Element By {by.toString()}
2024-04-17 18:58:18,528 [main] INFO  base.BaseClass - Trying to click on: {element.toString()}
2024-04-17 18:58:18,665 [main] INFO  base.BaseClass - Clicked on: {element.toString()}
2024-04-17 18:58:18,671 [main] INFO  base.BaseClass - Trying to find Element By {by.toString()})
2024-04-17 18:58:18,684 [main] INFO  base.BaseClass - Found Element By {by.toString()}
2024-04-17 18:58:19,205 [main] INFO  base.BaseClass - Trying to find Element By {by.toString()})
2024-04-17 18:58:19,214 [main] INFO  base.BaseClass - Found Element By {by.toString()}
2024-04-17 18:58:19,733 [main] INFO  base.BaseClass - Trying to find Element By {by.toString()})
2024-04-17 18:58:19,758 [main] INFO  base.BaseClass - Found Element By {by.toString()}
2024-04-17 18:58:20,294 [main] INFO  base.BaseClass - Trying to find Element By {by.toString()})
2024-04-17 18:58:20,329 [main] INFO  base.BaseClass - Found Element By {by.toString()}
2024-04-17 18:58:20,866 [main] INFO  base.BaseClass - Trying to find Element By {by.toString()})
2024-04-17 18:58:20,898 [main] INFO  base.BaseClass - Found Element By {by.toString()}
2024-04-17 18:58:21,426 [main] INFO  base.BaseClass - Trying to find Element By {by.toString()})
2024-04-17 18:58:21,443 [main] INFO  base.BaseClass - Found Element By {by.toString()}
2024-04-17 18:58:21,972 [main] INFO  base.BaseClass - Trying to find Element By {by.toString()})
2024-04-17 18:58:22,003 [main] INFO  base.BaseClass - Found Element By {by.toString()}
2024-04-17 18:58:22,555 [main] INFO  base.BaseClass - Trying to find Element By {by.toString()})
2024-04-17 18:58:22,586 [main] INFO  base.BaseClass - Found Element By {by.toString()}
2024-04-17 18:58:23,133 [main] INFO  base.BaseClass - Trying to find Element By {by.toString()})
2024-04-17 18:58:23,164 [main] INFO  base.BaseClass - Found Element By {by.toString()}
2024-04-17 18:58:23,712 [main] INFO  base.BaseClass - Trying to find Element By {by.toString()})
2024-04-17 18:58:23,740 [main] INFO  base.BaseClass - Found Element By {by.toString()}
2024-04-17 18:58:24,262 [main] INFO  base.BaseClass - Trying to find Element By {by.toString()})
2024-04-17 18:58:24,282 [main] INFO  base.BaseClass - Found Element By {by.toString()}
2024-04-17 18:58:24,811 [main] INFO  base.BaseClass - Trying to find Element By {by.toString()})
2024-04-17 18:58:24,840 [main] INFO  base.BaseClass - Found Element By {by.toString()}
2024-04-17 18:58:25,392 [main] INFO  base.BaseClass - Trying to find Element By {by.toString()})
2024-04-17 18:58:25,421 [main] INFO  base.BaseClass - Found Element By {by.toString()}
2024-04-17 18:58:25,970 [main] INFO  base.BaseClass - Trying to find Element By {by.toString()})
2024-04-17 18:58:25,999 [main] INFO  base.BaseClass - Found Element By {by.toString()}
2024-04-17 18:58:26,548 [main] INFO  base.BaseClass - Trying to find Element By {by.toString()})
2024-04-17 18:58:26,578 [main] INFO  base.BaseClass - Found Element By {by.toString()}
2024-04-17 18:58:27,116 [main] INFO  base.BaseClass - Trying to find Element By {by.toString()})
2024-04-17 18:58:27,145 [main] INFO  base.BaseClass - Found Element By {by.toString()}
2024-04-17 18:58:27,692 [main] INFO  base.BaseClass - Trying to find Element By {by.toString()})
2024-04-17 18:58:27,722 [main] INFO  base.BaseClass - Found Element By {by.toString()}
2024-04-17 18:58:28,258 [main] INFO  base.BaseClass - Trying to find Element By {by.toString()})
2024-04-17 18:58:28,281 [main] INFO  base.BaseClass - Found Element By {by.toString()}
2024-04-17 18:58:28,817 [main] INFO  base.BaseClass - Trying to find Element By {by.toString()})
2024-04-17 18:58:28,846 [main] INFO  base.BaseClass - Found Element By {by.toString()}
2024-04-17 18:58:29,395 [main] INFO  base.BaseClass - Trying to find Element By {by.toString()})
2024-04-17 18:58:29,424 [main] INFO  base.BaseClass - Found Element By {by.toString()}
2024-04-17 18:58:29,976 [main] INFO  base.BaseClass - Trying to find Element By {by.toString()})
2024-04-17 18:58:30,005 [main] INFO  base.BaseClass - Found Element By {by.toString()}
2024-04-17 18:58:30,559 [main] INFO  base.BaseClass - Trying to find Element By {by.toString()})
2024-04-17 18:58:30,588 [main] INFO  base.BaseClass - Found Element By {by.toString()}
2024-04-17 18:58:31,137 [main] INFO  base.BaseClass - Trying to find Element By {by.toString()})
2024-04-17 18:58:31,166 [main] INFO  base.BaseClass - Found Element By {by.toString()}
2024-04-17 18:58:31,718 [main] INFO  base.BaseClass - Trying to find Element By {by.toString()})
2024-04-17 18:58:31,746 [main] INFO  base.BaseClass - Found Element By {by.toString()}
2024-04-17 18:58:32,328 [main] INFO  base.BaseClass - Trying to find Element By {by.toString()})
2024-04-17 18:58:32,355 [main] INFO  base.BaseClass - Found Element By {by.toString()}
2024-04-17 18:58:32,890 [main] INFO  base.BaseClass - Trying to find Element By {by.toString()})
2024-04-17 18:58:32,909 [main] INFO  base.BaseClass - Found Element By {by.toString()}
2024-04-17 18:58:33,436 [main] INFO  base.BaseClass - Trying to find Element By {by.toString()})
2024-04-17 18:58:33,462 [main] INFO  base.BaseClass - Found Element By {by.toString()}
2024-04-17 18:58:33,999 [main] INFO  base.BaseClass - Trying to find Element By {by.toString()})
2024-04-17 18:58:34,028 [main] INFO  base.BaseClass - Found Element By {by.toString()}
2024-04-17 18:58:34,577 [main] INFO  base.BaseClass - Trying to find Element By {by.toString()})
2024-04-17 18:58:34,607 [main] INFO  base.BaseClass - Found Element By {by.toString()}
2024-04-17 18:58:35,157 [main] INFO  base.BaseClass - Trying to find Element By {by.toString()})
2024-04-17 18:58:35,184 [main] INFO  base.BaseClass - Found Element By {by.toString()}
2024-04-17 18:58:35,719 [main] INFO  base.BaseClass - Trying to find Element By {by.toString()})
2024-04-17 18:58:35,748 [main] INFO  base.BaseClass - Found Element By {by.toString()}
2024-04-17 18:58:36,300 [main] INFO  base.BaseClass - Trying to find Element By {by.toString()})
2024-04-17 18:58:36,328 [main] INFO  base.BaseClass - Found Element By {by.toString()}
2024-04-17 18:58:36,874 [main] INFO  base.BaseClass - Trying to find Element By {by.toString()})
2024-04-17 18:58:36,903 [main] INFO  base.BaseClass - Found Element By {by.toString()}
2024-04-17 18:58:37,454 [main] INFO  base.BaseClass - Trying to find Element By {by.toString()})
2024-04-17 18:58:37,482 [main] INFO  base.BaseClass - Found Element By {by.toString()}
2024-04-17 18:58:38,017 [main] INFO  base.BaseClass - Trying to find Element By {by.toString()})
2024-04-17 18:58:38,049 [main] INFO  base.BaseClass - Found Element By {by.toString()}
2024-04-17 18:58:38,595 [main] INFO  base.BaseClass - Trying to find Element By {by.toString()})
2024-04-17 18:58:38,608 [main] INFO  base.BaseClass - Found Element By {by.toString()}
2024-04-17 18:58:39,126 [main] INFO  base.BaseClass - Trying to find Element By {by.toString()})
2024-04-17 18:58:39,154 [main] INFO  base.BaseClass - Found Element By {by.toString()}
2024-04-17 18:58:39,688 [main] INFO  base.BaseClass - Trying to find Element By {by.toString()})
2024-04-17 18:58:39,717 [main] INFO  base.BaseClass - Found Element By {by.toString()}
2024-04-17 18:58:40,266 [main] INFO  base.BaseClass - Trying to find Element By {by.toString()})
2024-04-17 18:58:40,295 [main] INFO  base.BaseClass - Found Element By {by.toString()}
2024-04-17 18:58:40,845 [main] INFO  base.BaseClass - Trying to find Element By {by.toString()})
2024-04-17 18:58:40,874 [main] INFO  base.BaseClass - Found Element By {by.toString()}
2024-04-17 18:58:41,420 [main] INFO  base.BaseClass - Trying to find Element By {by.toString()})
2024-04-17 18:58:41,445 [main] INFO  base.BaseClass - Found Element By {by.toString()}
2024-04-17 18:58:41,998 [main] INFO  base.BaseClass - Trying to find Element By {by.toString()})
2024-04-17 18:58:42,026 [main] INFO  base.BaseClass - Found Element By {by.toString()}
2024-04-17 18:58:42,575 [main] INFO  base.BaseClass - Trying to find Element By {by.toString()})
2024-04-17 18:58:42,603 [main] INFO  base.BaseClass - Found Element By {by.toString()}
2024-04-17 18:58:43,154 [main] INFO  base.BaseClass - Trying to find Element By {by.toString()})
2024-04-17 18:58:43,182 [main] INFO  base.BaseClass - Found Element By {by.toString()}
2024-04-17 18:58:43,716 [main] INFO  base.BaseClass - Trying to find Element By {by.toString()})
2024-04-17 18:58:43,744 [main] INFO  base.BaseClass - Found Element By {by.toString()}
2024-04-17 18:58:44,293 [main] INFO  base.BaseClass - Trying to find Element By {by.toString()})
2024-04-17 18:58:44,321 [main] INFO  base.BaseClass - Found Element By {by.toString()}
2024-04-17 18:58:44,855 [main] INFO  base.BaseClass - Trying to find Element By {by.toString()})
2024-04-17 18:58:44,883 [main] INFO  base.BaseClass - Found Element By {by.toString()}
2024-04-17 18:58:45,434 [main] INFO  base.BaseClass - Trying to find Element By {by.toString()})
2024-04-17 18:58:45,462 [main] INFO  base.BaseClass - Found Element By {by.toString()}
2024-04-17 18:58:46,011 [main] INFO  base.BaseClass - Trying to find Element By {by.toString()})
2024-04-17 18:58:46,040 [main] INFO  base.BaseClass - Found Element By {by.toString()}
2024-04-17 18:58:46,587 [main] INFO  base.BaseClass - Trying to find Element By {by.toString()})
2024-04-17 18:58:46,616 [main] INFO  base.BaseClass - Found Element By {by.toString()}
2024-04-17 18:58:47,166 [main] INFO  base.BaseClass - Trying to find Element By {by.toString()})
2024-04-17 18:58:47,195 [main] INFO  base.BaseClass - Found Element By {by.toString()}
2024-04-17 18:58:47,743 [main] INFO  base.BaseClass - Trying to find Element By {by.toString()})
2024-04-17 18:58:47,772 [main] INFO  base.BaseClass - Found Element By {by.toString()}
2024-04-17 18:58:48,318 [main] INFO  base.BaseClass - Trying to find Element By {by.toString()})
2024-04-17 18:58:48,346 [main] INFO  base.BaseClass - Found Element By {by.toString()}
2024-04-17 18:58:48,896 [main] INFO  base.BaseClass - Trying to find Element By {by.toString()})
2024-04-17 18:58:48,925 [main] INFO  base.BaseClass - Found Element By {by.toString()}
TimeoutException occurred: Expected condition failed: waiting for helper.WaitUtility$5@700fa48e (tried for 30 second(s) with 500 milliseconds interval)
Build info: version: '3.141.59', revision: 'e82be7d358', time: '2018-11-14T08:17:03'
System info: host: 'DPLAP166', ip: '137.237.2.236', os.name: 'Windows 10', os.arch: 'amd64', os.version: '10.0', java.version: '19.0.1'
Driver info: org.openqa.selenium.support.events.EventFiringWebDriver
Capabilities {acceptInsecureCerts: true, browserName: chrome, browserVersion: 123.0.6312.123, chrome: {chromedriverVersion: 123.0.6312.122 (31f8248cdd9..., userDataDir: C:\Users\dP-PL\AppData\Loca...}, fedcm:accounts: true, goog:chromeOptions: {debuggerAddress: localhost:51256}, javascriptEnabled: true, networkConnectionEnabled: false, pageLoadStrategy: normal, platform: WINDOWS, platformName: WINDOWS, proxy: Proxy(), setWindowRect: true, strictFileInteractability: false, timeouts: {implicit: 0, pageLoad: 300000, script: 30000}, unhandledPromptBehavior: dismiss and notify, webauthn:extension:credBlob: true, webauthn:extension:largeBlob: true, webauthn:extension:minPinLength: true, webauthn:extension:prf: true, webauthn:virtualAuthenticators: true}
Session ID: a59c4df4811f82049fe754efe723d3c1
2024-04-17 18:58:48,965 [main] ERROR RotationCopy_test - Element did not become visible within the specified time: Expected condition failed: waiting for helper.WaitUtility$5@700fa48e (tried for 30 second(s) with 500 milliseconds interval)
Build info: version: '3.141.59', revision: 'e82be7d358', time: '2018-11-14T08:17:03'
System info: host: 'DPLAP166', ip: '137.237.2.236', os.name: 'Windows 10', os.arch: 'amd64', os.version: '10.0', java.version: '19.0.1'
Driver info: org.openqa.selenium.support.events.EventFiringWebDriver
Capabilities {acceptInsecureCerts: true, browserName: chrome, browserVersion: 123.0.6312.123, chrome: {chromedriverVersion: 123.0.6312.122 (31f8248cdd9..., userDataDir: C:\Users\dP-PL\AppData\Loca...}, fedcm:accounts: true, goog:chromeOptions: {debuggerAddress: localhost:51256}, javascriptEnabled: true, networkConnectionEnabled: false, pageLoadStrategy: normal, platform: WINDOWS, platformName: WINDOWS, proxy: Proxy(), setWindowRect: true, strictFileInteractability: false, timeouts: {implicit: 0, pageLoad: 300000, script: 30000}, unhandledPromptBehavior: dismiss and notify, webauthn:extension:credBlob: true, webauthn:extension:largeBlob: true, webauthn:extension:minPinLength: true, webauthn:extension:prf: true, webauthn:virtualAuthenticators: true}
Session ID: a59c4df4811f82049fe754efe723d3c1
2024-04-17 18:58:48,965 [main] INFO  base.BaseClass - Trying to find Element By {by.toString()})
2024-04-17 18:58:48,990 [main] INFO  base.BaseClass - Found Element By {by.toString()}
2024-04-17 18:58:48,990 [main] INFO  base.BaseClass - Trying to click on: {element.toString()}
2024-04-17 18:58:49,064 [main] INFO  base.BaseClass - Clicked on: {element.toString()}
2024-04-17 18:58:49,070 [main] INFO  base.BaseClass - Trying to find Element By {by.toString()})
2024-04-17 18:58:49,082 [main] INFO  base.BaseClass - Found Element By {by.toString()}
2024-04-17 18:58:49,598 [main] INFO  base.BaseClass - Trying to find Element By {by.toString()})
2024-04-17 18:58:49,931 [main] INFO  base.BaseClass - Found Element By {by.toString()}
2024-04-17 18:58:50,456 [main] INFO  base.BaseClass - Trying to find Element By {by.toString()})
2024-04-17 18:58:50,477 [main] INFO  base.BaseClass - Found Element By {by.toString()}
2024-04-17 18:58:51,020 [main] INFO  base.BaseClass - Trying to find Element By {by.toString()})
2024-04-17 18:58:51,054 [main] INFO  base.BaseClass - Found Element By {by.toString()}
2024-04-17 18:58:51,600 [main] INFO  base.BaseClass - Trying to find Element By {by.toString()})
2024-04-17 18:58:51,629 [main] INFO  base.BaseClass - Found Element By {by.toString()}
2024-04-17 18:58:52,161 [main] INFO  base.BaseClass - Trying to find Element By {by.toString()})
2024-04-17 18:58:52,191 [main] INFO  base.BaseClass - Found Element By {by.toString()}
2024-04-17 18:58:52,709 [main] INFO  base.BaseClass - Trying to find Element By {by.toString()})
2024-04-17 18:58:52,740 [main] INFO  base.BaseClass - Found Element By {by.toString()}
2024-04-17 18:58:53,290 [main] INFO  base.BaseClass - Trying to find Element By {by.toString()})
2024-04-17 18:58:53,318 [main] INFO  base.BaseClass - Found Element By {by.toString()}
2024-04-17 18:58:53,854 [main] INFO  base.BaseClass - Trying to find Element By {by.toString()})
2024-04-17 18:58:53,882 [main] INFO  base.BaseClass - Found Element By {by.toString()}
2024-04-17 18:58:54,416 [main] INFO  base.BaseClass - Trying to find Element By {by.toString()})
2024-04-17 18:58:54,445 [main] INFO  base.BaseClass - Found Element By {by.toString()}
2024-04-17 18:58:54,976 [main] INFO  base.BaseClass - Trying to find Element By {by.toString()})
2024-04-17 18:58:55,005 [main] INFO  base.BaseClass - Found Element By {by.toString()}
2024-04-17 18:58:55,543 [main] INFO  base.BaseClass - Trying to find Element By {by.toString()})
2024-04-17 18:58:55,571 [main] INFO  base.BaseClass - Found Element By {by.toString()}
2024-04-17 18:58:56,119 [main] INFO  base.BaseClass - Trying to find Element By {by.toString()})
2024-04-17 18:58:56,148 [main] INFO  base.BaseClass - Found Element By {by.toString()}
2024-04-17 18:58:56,697 [main] INFO  base.BaseClass - Trying to find Element By {by.toString()})
2024-04-17 18:58:56,727 [main] INFO  base.BaseClass - Found Element By {by.toString()}
2024-04-17 18:58:57,275 [main] INFO  base.BaseClass - Trying to find Element By {by.toString()})
2024-04-17 18:58:57,306 [main] INFO  base.BaseClass - Found Element By {by.toString()}
2024-04-17 18:58:57,849 [main] INFO  base.BaseClass - Trying to find Element By {by.toString()})
2024-04-17 18:58:57,878 [main] INFO  base.BaseClass - Found Element By {by.toString()}
2024-04-17 18:58:58,413 [main] INFO  base.BaseClass - Trying to find Element By {by.toString()})
2024-04-17 18:58:58,445 [main] INFO  base.BaseClass - Found Element By {by.toString()}
2024-04-17 18:58:58,990 [main] INFO  base.BaseClass - Trying to find Element By {by.toString()})
2024-04-17 18:58:59,021 [main] INFO  base.BaseClass - Found Element By {by.toString()}
2024-04-17 18:58:59,567 [main] INFO  base.BaseClass - Trying to find Element By {by.toString()})
2024-04-17 18:58:59,598 [main] INFO  base.BaseClass - Found Element By {by.toString()}
2024-04-17 18:59:00,149 [main] INFO  base.BaseClass - Trying to find Element By {by.toString()})
2024-04-17 18:59:00,177 [main] INFO  base.BaseClass - Found Element By {by.toString()}
2024-04-17 18:59:00,712 [main] INFO  base.BaseClass - Trying to find Element By {by.toString()})
2024-04-17 18:59:00,741 [main] INFO  base.BaseClass - Found Element By {by.toString()}
2024-04-17 18:59:01,292 [main] INFO  base.BaseClass - Trying to find Element By {by.toString()})
2024-04-17 18:59:01,322 [main] INFO  base.BaseClass - Found Element By {by.toString()}
2024-04-17 18:59:01,868 [main] INFO  base.BaseClass - Trying to find Element By {by.toString()})
2024-04-17 18:59:01,897 [main] INFO  base.BaseClass - Found Element By {by.toString()}
2024-04-17 18:59:02,445 [main] INFO  base.BaseClass - Trying to find Element By {by.toString()})
2024-04-17 18:59:02,474 [main] INFO  base.BaseClass - Found Element By {by.toString()}
2024-04-17 18:59:03,024 [main] INFO  base.BaseClass - Trying to find Element By {by.toString()})
2024-04-17 18:59:03,054 [main] INFO  base.BaseClass - Found Element By {by.toString()}
2024-04-17 18:59:03,606 [main] INFO  base.BaseClass - Trying to find Element By {by.toString()})
2024-04-17 18:59:03,636 [main] INFO  base.BaseClass - Found Element By {by.toString()}
2024-04-17 18:59:04,175 [main] INFO  base.BaseClass - Trying to find Element By {by.toString()})
2024-04-17 18:59:04,205 [main] INFO  base.BaseClass - Found Element By {by.toString()}
2024-04-17 18:59:04,753 [main] INFO  base.BaseClass - Trying to find Element By {by.toString()})
2024-04-17 18:59:04,782 [main] INFO  base.BaseClass - Found Element By {by.toString()}
2024-04-17 18:59:05,328 [main] INFO  base.BaseClass - Trying to find Element By {by.toString()})
2024-04-17 18:59:05,358 [main] INFO  base.BaseClass - Found Element By {by.toString()}
2024-04-17 18:59:05,891 [main] INFO  base.BaseClass - Trying to find Element By {by.toString()})
2024-04-17 18:59:05,919 [main] INFO  base.BaseClass - Found Element By {by.toString()}
2024-04-17 18:59:06,457 [main] INFO  base.BaseClass - Trying to find Element By {by.toString()})
2024-04-17 18:59:06,486 [main] INFO  base.BaseClass - Found Element By {by.toString()}
2024-04-17 18:59:07,021 [main] INFO  base.BaseClass - Trying to find Element By {by.toString()})
2024-04-17 18:59:07,050 [main] INFO  base.BaseClass - Found Element By {by.toString()}
2024-04-17 18:59:07,598 [main] INFO  base.BaseClass - Trying to find Element By {by.toString()})
2024-04-17 18:59:07,627 [main] INFO  base.BaseClass - Found Element By {by.toString()}
2024-04-17 18:59:08,177 [main] INFO  base.BaseClass - Trying to find Element By {by.toString()})
2024-04-17 18:59:08,285 [main] INFO  base.BaseClass - Found Element By {by.toString()}
2024-04-17 18:59:08,818 [main] INFO  base.BaseClass - Trying to find Element By {by.toString()})
2024-04-17 18:59:08,847 [main] INFO  base.BaseClass - Found Element By {by.toString()}
2024-04-17 18:59:09,395 [main] INFO  base.BaseClass - Trying to find Element By {by.toString()})
2024-04-17 18:59:09,425 [main] INFO  base.BaseClass - Found Element By {by.toString()}
2024-04-17 18:59:09,975 [main] INFO  base.BaseClass - Trying to find Element By {by.toString()})
2024-04-17 18:59:10,003 [main] INFO  base.BaseClass - Found Element By {by.toString()}
2024-04-17 18:59:10,554 [main] INFO  base.BaseClass - Trying to find Element By {by.toString()})
2024-04-17 18:59:10,581 [main] INFO  base.BaseClass - Found Element By {by.toString()}
2024-04-17 18:59:11,101 [main] INFO  base.BaseClass - Trying to find Element By {by.toString()})
2024-04-17 18:59:11,132 [main] INFO  base.BaseClass - Found Element By {by.toString()}
2024-04-17 18:59:11,681 [main] INFO  base.BaseClass - Trying to find Element By {by.toString()})
2024-04-17 18:59:11,710 [main] INFO  base.BaseClass - Found Element By {by.toString()}
2024-04-17 18:59:12,260 [main] INFO  base.BaseClass - Trying to find Element By {by.toString()})
2024-04-17 18:59:12,289 [main] INFO  base.BaseClass - Found Element By {by.toString()}
2024-04-17 18:59:12,837 [main] INFO  base.BaseClass - Trying to find Element By {by.toString()})
2024-04-17 18:59:12,864 [main] INFO  base.BaseClass - Found Element By {by.toString()}
2024-04-17 18:59:13,399 [main] INFO  base.BaseClass - Trying to find Element By {by.toString()})
2024-04-17 18:59:13,424 [main] INFO  base.BaseClass - Found Element By {by.toString()}
2024-04-17 18:59:13,961 [main] INFO  base.BaseClass - Trying to find Element By {by.toString()})
2024-04-17 18:59:13,991 [main] INFO  base.BaseClass - Found Element By {by.toString()}
2024-04-17 18:59:14,537 [main] INFO  base.BaseClass - Trying to find Element By {by.toString()})
2024-04-17 18:59:14,567 [main] INFO  base.BaseClass - Found Element By {by.toString()}
2024-04-17 18:59:15,116 [main] INFO  base.BaseClass - Trying to find Element By {by.toString()})
2024-04-17 18:59:15,146 [main] INFO  base.BaseClass - Found Element By {by.toString()}
2024-04-17 18:59:15,695 [main] INFO  base.BaseClass - Trying to find Element By {by.toString()})
2024-04-17 18:59:15,725 [main] INFO  base.BaseClass - Found Element By {by.toString()}
2024-04-17 18:59:16,275 [main] INFO  base.BaseClass - Trying to find Element By {by.toString()})
2024-04-17 18:59:16,306 [main] INFO  base.BaseClass - Found Element By {by.toString()}
2024-04-17 18:59:16,840 [main] INFO  base.BaseClass - Trying to find Element By {by.toString()})
2024-04-17 18:59:16,869 [main] INFO  base.BaseClass - Found Element By {by.toString()}
2024-04-17 18:59:17,408 [main] INFO  base.BaseClass - Trying to find Element By {by.toString()})
2024-04-17 18:59:17,436 [main] INFO  base.BaseClass - Found Element By {by.toString()}
2024-04-17 18:59:17,970 [main] INFO  base.BaseClass - Trying to find Element By {by.toString()})
2024-04-17 18:59:17,995 [main] INFO  base.BaseClass - Found Element By {by.toString()}
2024-04-17 18:59:18,515 [main] INFO  base.BaseClass - Trying to find Element By {by.toString()})
2024-04-17 18:59:18,544 [main] INFO  base.BaseClass - Found Element By {by.toString()}
2024-04-17 18:59:19,095 [main] INFO  base.BaseClass - Trying to find Element By {by.toString()})
2024-04-17 18:59:19,125 [main] INFO  base.BaseClass - Found Element By {by.toString()}
TimeoutException occurred: Expected condition failed: waiting for helper.WaitUtility$5@25d9fa1e (tried for 30 second(s) with 500 milliseconds interval)
Build info: version: '3.141.59', revision: 'e82be7d358', time: '2018-11-14T08:17:03'
System info: host: 'DPLAP166', ip: '137.237.2.236', os.name: 'Windows 10', os.arch: 'amd64', os.version: '10.0', java.version: '19.0.1'
Driver info: org.openqa.selenium.support.events.EventFiringWebDriver
Capabilities {acceptInsecureCerts: true, browserName: chrome, browserVersion: 123.0.6312.123, chrome: {chromedriverVersion: 123.0.6312.122 (31f8248cdd9..., userDataDir: C:\Users\dP-PL\AppData\Loca...}, fedcm:accounts: true, goog:chromeOptions: {debuggerAddress: localhost:51256}, javascriptEnabled: true, networkConnectionEnabled: false, pageLoadStrategy: normal, platform: WINDOWS, platformName: WINDOWS, proxy: Proxy(), setWindowRect: true, strictFileInteractability: false, timeouts: {implicit: 0, pageLoad: 300000, script: 30000}, unhandledPromptBehavior: dismiss and notify, webauthn:extension:credBlob: true, webauthn:extension:largeBlob: true, webauthn:extension:minPinLength: true, webauthn:extension:prf: true, webauthn:virtualAuthenticators: true}
Session ID: a59c4df4811f82049fe754efe723d3c1
2024-04-17 18:59:19,159 [main] ERROR RotationCopy_test - Element did not become visible within the specified time: Expected condition failed: waiting for helper.WaitUtility$5@25d9fa1e (tried for 30 second(s) with 500 milliseconds interval)
Build info: version: '3.141.59', revision: 'e82be7d358', time: '2018-11-14T08:17:03'
System info: host: 'DPLAP166', ip: '137.237.2.236', os.name: 'Windows 10', os.arch: 'amd64', os.version: '10.0', java.version: '19.0.1'
Driver info: org.openqa.selenium.support.events.EventFiringWebDriver
Capabilities {acceptInsecureCerts: true, browserName: chrome, browserVersion: 123.0.6312.123, chrome: {chromedriverVersion: 123.0.6312.122 (31f8248cdd9..., userDataDir: C:\Users\dP-PL\AppData\Loca...}, fedcm:accounts: true, goog:chromeOptions: {debuggerAddress: localhost:51256}, javascriptEnabled: true, networkConnectionEnabled: false, pageLoadStrategy: normal, platform: WINDOWS, platformName: WINDOWS, proxy: Proxy(), setWindowRect: true, strictFileInteractability: false, timeouts: {implicit: 0, pageLoad: 300000, script: 30000}, unhandledPromptBehavior: dismiss and notify, webauthn:extension:credBlob: true, webauthn:extension:largeBlob: true, webauthn:extension:minPinLength: true, webauthn:extension:prf: true, webauthn:virtualAuthenticators: true}
Session ID: a59c4df4811f82049fe754efe723d3c1
2024-04-17 18:59:19,159 [main] INFO  base.BaseClass - Trying to find Element By {by.toString()})
2024-04-17 18:59:19,171 [main] INFO  base.BaseClass - Found Element By {by.toString()}
2024-04-17 18:59:19,171 [main] INFO  base.BaseClass - Trying to click on: {element.toString()}
2024-04-17 18:59:19,280 [main] INFO  base.BaseClass - Clicked on: {element.toString()}
2024-04-17 18:59:19,280 [main] INFO  base.BaseClass - Trying to find Element By {by.toString()})
2024-04-17 18:59:20,133 [main] INFO  base.BaseClass - Found Element By {by.toString()}
2024-04-17 18:59:20,647 [main] INFO  base.BaseClass - Trying to find Element By {by.toString()})
2024-04-17 18:59:20,670 [main] INFO  base.BaseClass - Found Element By {by.toString()}
2024-04-17 18:59:21,206 [main] INFO  base.BaseClass - Trying to find Element By {by.toString()})
2024-04-17 18:59:21,238 [main] INFO  base.BaseClass - Found Element By {by.toString()}
2024-04-17 18:59:21,785 [main] INFO  base.BaseClass - Trying to find Element By {by.toString()})
2024-04-17 18:59:21,818 [main] INFO  base.BaseClass - Found Element By {by.toString()}
2024-04-17 18:59:22,360 [main] INFO  base.BaseClass - Trying to find Element By {by.toString()})
2024-04-17 18:59:22,393 [main] INFO  base.BaseClass - Found Element By {by.toString()}
2024-04-17 18:59:22,941 [main] INFO  base.BaseClass - Trying to find Element By {by.toString()})
2024-04-17 18:59:23,017 [main] INFO  base.BaseClass - Found Element By {by.toString()}
2024-04-17 18:59:23,551 [main] INFO  base.BaseClass - Trying to find Element By {by.toString()})
2024-04-17 18:59:23,565 [main] INFO  base.BaseClass - Found Element By {by.toString()}
2024-04-17 18:59:24,085 [main] INFO  base.BaseClass - Trying to find Element By {by.toString()})
2024-04-17 18:59:24,102 [main] INFO  base.BaseClass - Found Element By {by.toString()}
2024-04-17 18:59:24,631 [main] INFO  base.BaseClass - Trying to find Element By {by.toString()})
2024-04-17 18:59:24,660 [main] INFO  base.BaseClass - Found Element By {by.toString()}
2024-04-17 18:59:25,210 [main] INFO  base.BaseClass - Trying to find Element By {by.toString()})
2024-04-17 18:59:25,240 [main] INFO  base.BaseClass - Found Element By {by.toString()}
2024-04-17 18:59:25,789 [main] INFO  base.BaseClass - Trying to find Element By {by.toString()})
2024-04-17 18:59:25,810 [main] INFO  base.BaseClass - Found Element By {by.toString()}
2024-04-17 18:59:26,341 [main] INFO  base.BaseClass - Trying to find Element By {by.toString()})
2024-04-17 18:59:26,358 [main] INFO  base.BaseClass - Found Element By {by.toString()}
2024-04-17 18:59:26,883 [main] INFO  base.BaseClass - Trying to find Element By {by.toString()})
2024-04-17 18:59:26,914 [main] INFO  base.BaseClass - Found Element By {by.toString()}
2024-04-17 18:59:27,459 [main] INFO  base.BaseClass - Trying to find Element By {by.toString()})
2024-04-17 18:59:27,491 [main] INFO  base.BaseClass - Found Element By {by.toString()}
2024-04-17 18:59:28,036 [main] INFO  base.BaseClass - Trying to find Element By {by.toString()})
2024-04-17 18:59:28,046 [main] INFO  base.BaseClass - Found Element By {by.toString()}
2024-04-17 18:59:28,571 [main] INFO  base.BaseClass - Trying to find Element By {by.toString()})
2024-04-17 18:59:28,581 [main] INFO  base.BaseClass - Found Element By {by.toString()}
2024-04-17 18:59:29,103 [main] INFO  base.BaseClass - Trying to find Element By {by.toString()})
2024-04-17 18:59:29,132 [main] INFO  base.BaseClass - Found Element By {by.toString()}
2024-04-17 18:59:29,676 [main] INFO  base.BaseClass - Trying to find Element By {by.toString()})
2024-04-17 18:59:29,702 [main] INFO  base.BaseClass - Found Element By {by.toString()}
2024-04-17 18:59:30,234 [main] INFO  base.BaseClass - Trying to find Element By {by.toString()})
2024-04-17 18:59:30,264 [main] INFO  base.BaseClass - Found Element By {by.toString()}
2024-04-17 18:59:30,800 [main] INFO  base.BaseClass - Trying to find Element By {by.toString()})
2024-04-17 18:59:30,833 [main] INFO  base.BaseClass - Found Element By {by.toString()}
2024-04-17 18:59:31,379 [main] INFO  base.BaseClass - Trying to find Element By {by.toString()})
2024-04-17 18:59:31,411 [main] INFO  base.BaseClass - Found Element By {by.toString()}
2024-04-17 18:59:31,971 [main] INFO  base.BaseClass - Trying to find Element By {by.toString()})
2024-04-17 18:59:32,008 [main] INFO  base.BaseClass - Found Element By {by.toString()}
2024-04-17 18:59:32,545 [main] INFO  base.BaseClass - Trying to find Element By {by.toString()})
2024-04-17 18:59:32,566 [main] INFO  base.BaseClass - Found Element By {by.toString()}
2024-04-17 18:59:33,093 [main] INFO  base.BaseClass - Trying to find Element By {by.toString()})
2024-04-17 18:59:33,107 [main] INFO  base.BaseClass - Found Element By {by.toString()}
2024-04-17 18:59:33,625 [main] INFO  base.BaseClass - Trying to find Element By {by.toString()})
2024-04-17 18:59:33,635 [main] INFO  base.BaseClass - Found Element By {by.toString()}
2024-04-17 18:59:34,159 [main] INFO  base.BaseClass - Trying to find Element By {by.toString()})
2024-04-17 18:59:34,192 [main] INFO  base.BaseClass - Found Element By {by.toString()}
2024-04-17 18:59:34,736 [main] INFO  base.BaseClass - Trying to find Element By {by.toString()})
2024-04-17 18:59:34,754 [main] INFO  base.BaseClass - Found Element By {by.toString()}
2024-04-17 18:59:35,272 [main] INFO  base.BaseClass - Trying to find Element By {by.toString()})
2024-04-17 18:59:35,302 [main] INFO  base.BaseClass - Found Element By {by.toString()}
2024-04-17 18:59:35,833 [main] INFO  base.BaseClass - Trying to find Element By {by.toString()})
2024-04-17 18:59:35,865 [main] INFO  base.BaseClass - Found Element By {by.toString()}
2024-04-17 18:59:36,412 [main] INFO  base.BaseClass - Trying to find Element By {by.toString()})
2024-04-17 18:59:36,433 [main] INFO  base.BaseClass - Found Element By {by.toString()}
2024-04-17 18:59:36,977 [main] INFO  base.BaseClass - Trying to find Element By {by.toString()})
2024-04-17 18:59:37,009 [main] INFO  base.BaseClass - Found Element By {by.toString()}
2024-04-17 18:59:37,543 [main] INFO  base.BaseClass - Trying to find Element By {by.toString()})
2024-04-17 18:59:37,576 [main] INFO  base.BaseClass - Found Element By {by.toString()}
2024-04-17 18:59:38,123 [main] INFO  base.BaseClass - Trying to find Element By {by.toString()})
2024-04-17 18:59:38,156 [main] INFO  base.BaseClass - Found Element By {by.toString()}
2024-04-17 18:59:38,701 [main] INFO  base.BaseClass - Trying to find Element By {by.toString()})
2024-04-17 18:59:38,734 [main] INFO  base.BaseClass - Found Element By {by.toString()}
2024-04-17 18:59:39,283 [main] INFO  base.BaseClass - Trying to find Element By {by.toString()})
2024-04-17 18:59:39,317 [main] INFO  base.BaseClass - Found Element By {by.toString()}
2024-04-17 18:59:39,877 [main] INFO  base.BaseClass - Trying to find Element By {by.toString()})
2024-04-17 18:59:39,912 [main] INFO  base.BaseClass - Found Element By {by.toString()}
2024-04-17 18:59:40,470 [main] INFO  base.BaseClass - Trying to find Element By {by.toString()})
2024-04-17 18:59:40,501 [main] INFO  base.BaseClass - Found Element By {by.toString()}
2024-04-17 18:59:41,048 [main] INFO  base.BaseClass - Trying to find Element By {by.toString()})
2024-04-17 18:59:41,079 [main] INFO  base.BaseClass - Found Element By {by.toString()}
2024-04-17 18:59:41,627 [main] INFO  base.BaseClass - Trying to find Element By {by.toString()})
2024-04-17 18:59:41,660 [main] INFO  base.BaseClass - Found Element By {by.toString()}
2024-04-17 18:59:42,205 [main] INFO  base.BaseClass - Trying to find Element By {by.toString()})
2024-04-17 18:59:42,271 [main] INFO  base.BaseClass - Found Element By {by.toString()}
2024-04-17 18:59:42,816 [main] INFO  base.BaseClass - Trying to find Element By {by.toString()})
2024-04-17 18:59:42,844 [main] INFO  base.BaseClass - Found Element By {by.toString()}
2024-04-17 18:59:43,380 [main] INFO  base.BaseClass - Trying to find Element By {by.toString()})
2024-04-17 18:59:43,414 [main] INFO  base.BaseClass - Found Element By {by.toString()}
2024-04-17 18:59:43,959 [main] INFO  base.BaseClass - Trying to find Element By {by.toString()})
2024-04-17 18:59:43,990 [main] INFO  base.BaseClass - Found Element By {by.toString()}
2024-04-17 18:59:44,538 [main] INFO  base.BaseClass - Trying to find Element By {by.toString()})
2024-04-17 18:59:44,570 [main] INFO  base.BaseClass - Found Element By {by.toString()}
2024-04-17 18:59:45,113 [main] INFO  base.BaseClass - Trying to find Element By {by.toString()})
2024-04-17 18:59:45,142 [main] INFO  base.BaseClass - Found Element By {by.toString()}
2024-04-17 18:59:45,691 [main] INFO  base.BaseClass - Trying to find Element By {by.toString()})
2024-04-17 18:59:45,721 [main] INFO  base.BaseClass - Found Element By {by.toString()}
2024-04-17 18:59:46,268 [main] INFO  base.BaseClass - Trying to find Element By {by.toString()})
2024-04-17 18:59:46,298 [main] INFO  base.BaseClass - Found Element By {by.toString()}
2024-04-17 18:59:46,832 [main] INFO  base.BaseClass - Trying to find Element By {by.toString()})
2024-04-17 18:59:46,860 [main] INFO  base.BaseClass - Found Element By {by.toString()}
2024-04-17 18:59:47,394 [main] INFO  base.BaseClass - Trying to find Element By {by.toString()})
2024-04-17 18:59:47,424 [main] INFO  base.BaseClass - Found Element By {by.toString()}
2024-04-17 18:59:47,971 [main] INFO  base.BaseClass - Trying to find Element By {by.toString()})
2024-04-17 18:59:48,001 [main] INFO  base.BaseClass - Found Element By {by.toString()}
2024-04-17 18:59:48,549 [main] INFO  base.BaseClass - Trying to find Element By {by.toString()})
2024-04-17 18:59:48,579 [main] INFO  base.BaseClass - Found Element By {by.toString()}
2024-04-17 18:59:49,128 [main] INFO  base.BaseClass - Trying to find Element By {by.toString()})
2024-04-17 18:59:49,160 [main] INFO  base.BaseClass - Found Element By {by.toString()}
2024-04-17 18:59:49,690 [main] INFO  base.BaseClass - Trying to find Element By {by.toString()})
2024-04-17 18:59:49,722 [main] INFO  base.BaseClass - Found Element By {by.toString()}
TimeoutException occurred: Expected condition failed: waiting for helper.WaitUtility$5@66bc6b2b (tried for 30 second(s) with 500 milliseconds interval)
Build info: version: '3.141.59', revision: 'e82be7d358', time: '2018-11-14T08:17:03'
System info: host: 'DPLAP166', ip: '137.237.2.236', os.name: 'Windows 10', os.arch: 'amd64', os.version: '10.0', java.version: '19.0.1'
Driver info: org.openqa.selenium.support.events.EventFiringWebDriver
Capabilities {acceptInsecureCerts: true, browserName: chrome, browserVersion: 123.0.6312.123, chrome: {chromedriverVersion: 123.0.6312.122 (31f8248cdd9..., userDataDir: C:\Users\dP-PL\AppData\Loca...}, fedcm:accounts: true, goog:chromeOptions: {debuggerAddress: localhost:51256}, javascriptEnabled: true, networkConnectionEnabled: false, pageLoadStrategy: normal, platform: WINDOWS, platformName: WINDOWS, proxy: Proxy(), setWindowRect: true, strictFileInteractability: false, timeouts: {implicit: 0, pageLoad: 300000, script: 30000}, unhandledPromptBehavior: dismiss and notify, webauthn:extension:credBlob: true, webauthn:extension:largeBlob: true, webauthn:extension:minPinLength: true, webauthn:extension:prf: true, webauthn:virtualAuthenticators: true}
Session ID: a59c4df4811f82049fe754efe723d3c1
2024-04-17 18:59:49,745 [main] ERROR RotationCopy_test - Element did not become visible within the specified time: Expected condition failed: waiting for helper.WaitUtility$5@66bc6b2b (tried for 30 second(s) with 500 milliseconds interval)
Build info: version: '3.141.59', revision: 'e82be7d358', time: '2018-11-14T08:17:03'
System info: host: 'DPLAP166', ip: '137.237.2.236', os.name: 'Windows 10', os.arch: 'amd64', os.version: '10.0', java.version: '19.0.1'
Driver info: org.openqa.selenium.support.events.EventFiringWebDriver
Capabilities {acceptInsecureCerts: true, browserName: chrome, browserVersion: 123.0.6312.123, chrome: {chromedriverVersion: 123.0.6312.122 (31f8248cdd9..., userDataDir: C:\Users\dP-PL\AppData\Loca...}, fedcm:accounts: true, goog:chromeOptions: {debuggerAddress: localhost:51256}, javascriptEnabled: true, networkConnectionEnabled: false, pageLoadStrategy: normal, platform: WINDOWS, platformName: WINDOWS, proxy: Proxy(), setWindowRect: true, strictFileInteractability: false, timeouts: {implicit: 0, pageLoad: 300000, script: 30000}, unhandledPromptBehavior: dismiss and notify, webauthn:extension:credBlob: true, webauthn:extension:largeBlob: true, webauthn:extension:minPinLength: true, webauthn:extension:prf: true, webauthn:virtualAuthenticators: true}
Session ID: a59c4df4811f82049fe754efe723d3c1
2024-04-17 18:59:49,745 [main] INFO  base.BaseClass - Trying to find Element By {by.toString()})
2024-04-17 18:59:49,756 [main] INFO  base.BaseClass - Found Element By {by.toString()}
2024-04-17 18:59:49,756 [main] INFO  base.BaseClass - Trying to click on: {element.toString()}
2024-04-17 18:59:49,823 [main] INFO  base.BaseClass - Clicked on: {element.toString()}
2024-04-17 18:59:49,823 [main] INFO  base.BaseClass - Trying to find Element By {by.toString()})
2024-04-17 18:59:49,834 [main] INFO  base.BaseClass - Found Element By {by.toString()}
2024-04-17 18:59:50,350 [main] INFO  base.BaseClass - Trying to find Element By {by.toString()})
2024-04-17 18:59:50,382 [main] INFO  base.BaseClass - Found Element By {by.toString()}
2024-04-17 18:59:50,927 [main] INFO  base.BaseClass - Trying to find Element By {by.toString()})
2024-04-17 18:59:50,959 [main] INFO  base.BaseClass - Found Element By {by.toString()}
2024-04-17 18:59:51,488 [main] INFO  base.BaseClass - Trying to find Element By {by.toString()})
2024-04-17 18:59:51,520 [main] INFO  base.BaseClass - Found Element By {by.toString()}
2024-04-17 18:59:52,065 [main] INFO  base.BaseClass - Trying to find Element By {by.toString()})
2024-04-17 18:59:52,097 [main] INFO  base.BaseClass - Found Element By {by.toString()}
2024-04-17 18:59:52,642 [main] INFO  base.BaseClass - Trying to find Element By {by.toString()})
2024-04-17 18:59:52,674 [main] INFO  base.BaseClass - Found Element By {by.toString()}
2024-04-17 18:59:53,221 [main] INFO  base.BaseClass - Trying to find Element By {by.toString()})
2024-04-17 18:59:53,254 [main] INFO  base.BaseClass - Found Element By {by.toString()}
2024-04-17 18:59:53,786 [main] INFO  base.BaseClass - Trying to find Element By {by.toString()})
2024-04-17 18:59:53,818 [main] INFO  base.BaseClass - Found Element By {by.toString()}
2024-04-17 18:59:54,350 [main] INFO  base.BaseClass - Trying to find Element By {by.toString()})
2024-04-17 18:59:54,382 [main] INFO  base.BaseClass - Found Element By {by.toString()}
2024-04-17 18:59:54,927 [main] INFO  base.BaseClass - Trying to find Element By {by.toString()})
2024-04-17 18:59:54,959 [main] INFO  base.BaseClass - Found Element By {by.toString()}
2024-04-17 18:59:55,506 [main] INFO  base.BaseClass - Trying to find Element By {by.toString()})
2024-04-17 18:59:55,537 [main] INFO  base.BaseClass - Found Element By {by.toString()}
2024-04-17 18:59:56,085 [main] INFO  base.BaseClass - Trying to find Element By {by.toString()})
2024-04-17 18:59:56,116 [main] INFO  base.BaseClass - Found Element By {by.toString()}
2024-04-17 18:59:56,662 [main] INFO  base.BaseClass - Trying to find Element By {by.toString()})
2024-04-17 18:59:56,693 [main] INFO  base.BaseClass - Found Element By {by.toString()}
2024-04-17 18:59:57,241 [main] INFO  base.BaseClass - Trying to find Element By {by.toString()})
2024-04-17 18:59:57,273 [main] INFO  base.BaseClass - Found Element By {by.toString()}
2024-04-17 18:59:57,824 [main] INFO  base.BaseClass - Trying to find Element By {by.toString()})
2024-04-17 18:59:57,887 [main] INFO  base.BaseClass - Found Element By {by.toString()}
2024-04-17 18:59:58,431 [main] INFO  base.BaseClass - Trying to find Element By {by.toString()})
2024-04-17 18:59:58,462 [main] INFO  base.BaseClass - Found Element By {by.toString()}
2024-04-17 18:59:59,009 [main] INFO  base.BaseClass - Trying to find Element By {by.toString()})
2024-04-17 18:59:59,040 [main] INFO  base.BaseClass - Found Element By {by.toString()}
2024-04-17 18:59:59,569 [main] INFO  base.BaseClass - Trying to find Element By {by.toString()})
2024-04-17 18:59:59,601 [main] INFO  base.BaseClass - Found Element By {by.toString()}
2024-04-17 19:00:00,147 [main] INFO  base.BaseClass - Trying to find Element By {by.toString()})
2024-04-17 19:00:00,165 [main] INFO  base.BaseClass - Found Element By {by.toString()}
2024-04-17 19:00:00,695 [main] INFO  base.BaseClass - Trying to find Element By {by.toString()})
2024-04-17 19:00:00,714 [main] INFO  base.BaseClass - Found Element By {by.toString()}
2024-04-17 19:00:01,239 [main] INFO  base.BaseClass - Trying to find Element By {by.toString()})
2024-04-17 19:00:01,271 [main] INFO  base.BaseClass - Found Element By {by.toString()}
2024-04-17 19:00:01,818 [main] INFO  base.BaseClass - Trying to find Element By {by.toString()})
2024-04-17 19:00:01,849 [main] INFO  base.BaseClass - Found Element By {by.toString()}
2024-04-17 19:00:02,396 [main] INFO  base.BaseClass - Trying to find Element By {by.toString()})
2024-04-17 19:00:02,428 [main] INFO  base.BaseClass - Found Element By {by.toString()}
2024-04-17 19:00:02,975 [main] INFO  base.BaseClass - Trying to find Element By {by.toString()})
2024-04-17 19:00:03,006 [main] INFO  base.BaseClass - Found Element By {by.toString()}
2024-04-17 19:00:03,556 [main] INFO  base.BaseClass - Trying to find Element By {by.toString()})
2024-04-17 19:00:03,587 [main] INFO  base.BaseClass - Found Element By {by.toString()}
2024-04-17 19:00:04,140 [main] INFO  base.BaseClass - Trying to find Element By {by.toString()})
2024-04-17 19:00:04,171 [main] INFO  base.BaseClass - Found Element By {by.toString()}
2024-04-17 19:00:04,722 [main] INFO  base.BaseClass - Trying to find Element By {by.toString()})
2024-04-17 19:00:04,753 [main] INFO  base.BaseClass - Found Element By {by.toString()}
2024-04-17 19:00:05,302 [main] INFO  base.BaseClass - Trying to find Element By {by.toString()})
2024-04-17 19:00:05,332 [main] INFO  base.BaseClass - Found Element By {by.toString()}
2024-04-17 19:00:05,881 [main] INFO  base.BaseClass - Trying to find Element By {by.toString()})
2024-04-17 19:00:05,912 [main] INFO  base.BaseClass - Found Element By {by.toString()}
2024-04-17 19:00:06,446 [main] INFO  base.BaseClass - Trying to find Element By {by.toString()})
2024-04-17 19:00:06,476 [main] INFO  base.BaseClass - Found Element By {by.toString()}
2024-04-17 19:00:07,024 [main] INFO  base.BaseClass - Trying to find Element By {by.toString()})
2024-04-17 19:00:07,056 [main] INFO  base.BaseClass - Found Element By {by.toString()}
2024-04-17 19:00:07,601 [main] INFO  base.BaseClass - Trying to find Element By {by.toString()})
2024-04-17 19:00:07,635 [main] INFO  base.BaseClass - Found Element By {by.toString()}
2024-04-17 19:00:08,181 [main] INFO  base.BaseClass - Trying to find Element By {by.toString()})
2024-04-17 19:00:08,211 [main] INFO  base.BaseClass - Found Element By {by.toString()}
2024-04-17 19:00:08,759 [main] INFO  base.BaseClass - Trying to find Element By {by.toString()})
2024-04-17 19:00:08,790 [main] INFO  base.BaseClass - Found Element By {by.toString()}
2024-04-17 19:00:09,341 [main] INFO  base.BaseClass - Trying to find Element By {by.toString()})
2024-04-17 19:00:09,354 [main] INFO  base.BaseClass - Found Element By {by.toString()}
2024-04-17 19:00:09,875 [main] INFO  base.BaseClass - Trying to find Element By {by.toString()})
2024-04-17 19:00:09,907 [main] INFO  base.BaseClass - Found Element By {by.toString()}
2024-04-17 19:00:10,439 [main] INFO  base.BaseClass - Trying to find Element By {by.toString()})
2024-04-17 19:00:10,471 [main] INFO  base.BaseClass - Found Element By {by.toString()}
2024-04-17 19:00:11,016 [main] INFO  base.BaseClass - Trying to find Element By {by.toString()})
2024-04-17 19:00:11,046 [main] INFO  base.BaseClass - Found Element By {by.toString()}
2024-04-17 19:00:11,595 [main] INFO  base.BaseClass - Trying to find Element By {by.toString()})
2024-04-17 19:00:11,629 [main] INFO  base.BaseClass - Found Element By {by.toString()}
2024-04-17 19:00:12,170 [main] INFO  base.BaseClass - Trying to find Element By {by.toString()})
2024-04-17 19:00:12,202 [main] INFO  base.BaseClass - Found Element By {by.toString()}
2024-04-17 19:00:12,751 [main] INFO  base.BaseClass - Trying to find Element By {by.toString()})
2024-04-17 19:00:12,781 [main] INFO  base.BaseClass - Found Element By {by.toString()}
2024-04-17 19:00:13,329 [main] INFO  base.BaseClass - Trying to find Element By {by.toString()})
2024-04-17 19:00:13,359 [main] INFO  base.BaseClass - Found Element By {by.toString()}
2024-04-17 19:00:13,907 [main] INFO  base.BaseClass - Trying to find Element By {by.toString()})
2024-04-17 19:00:13,970 [main] INFO  base.BaseClass - Found Element By {by.toString()}
2024-04-17 19:00:14,516 [main] INFO  base.BaseClass - Trying to find Element By {by.toString()})
2024-04-17 19:00:14,550 [main] INFO  base.BaseClass - Found Element By {by.toString()}
2024-04-17 19:00:15,092 [main] INFO  base.BaseClass - Trying to find Element By {by.toString()})
2024-04-17 19:00:15,119 [main] INFO  base.BaseClass - Found Element By {by.toString()}
2024-04-17 19:00:15,641 [main] INFO  base.BaseClass - Trying to find Element By {by.toString()})
2024-04-17 19:00:15,672 [main] INFO  base.BaseClass - Found Element By {by.toString()}
2024-04-17 19:00:16,218 [main] INFO  base.BaseClass - Trying to find Element By {by.toString()})
2024-04-17 19:00:16,248 [main] INFO  base.BaseClass - Found Element By {by.toString()}
2024-04-17 19:00:16,793 [main] INFO  base.BaseClass - Trying to find Element By {by.toString()})
2024-04-17 19:00:16,824 [main] INFO  base.BaseClass - Found Element By {by.toString()}
2024-04-17 19:00:17,372 [main] INFO  base.BaseClass - Trying to find Element By {by.toString()})
2024-04-17 19:00:17,404 [main] INFO  base.BaseClass - Found Element By {by.toString()}
2024-04-17 19:00:17,948 [main] INFO  base.BaseClass - Trying to find Element By {by.toString()})
2024-04-17 19:00:17,974 [main] INFO  base.BaseClass - Found Element By {by.toString()}
2024-04-17 19:00:18,512 [main] INFO  base.BaseClass - Trying to find Element By {by.toString()})
2024-04-17 19:00:18,542 [main] INFO  base.BaseClass - Found Element By {by.toString()}
2024-04-17 19:00:19,079 [main] INFO  base.BaseClass - Trying to find Element By {by.toString()})
2024-04-17 19:00:19,109 [main] INFO  base.BaseClass - Found Element By {by.toString()}
2024-04-17 19:00:19,656 [main] INFO  base.BaseClass - Trying to find Element By {by.toString()})
2024-04-17 19:00:19,687 [main] INFO  base.BaseClass - Found Element By {by.toString()}
2024-04-17 19:00:20,222 [main] INFO  base.BaseClass - Trying to find Element By {by.toString()})
2024-04-17 19:00:20,253 [main] INFO  base.BaseClass - Found Element By {by.toString()}
TimeoutException occurred: Expected condition failed: waiting for helper.WaitUtility$5@28b03430 (tried for 30 second(s) with 500 milliseconds interval)
Build info: version: '3.141.59', revision: 'e82be7d358', time: '2018-11-14T08:17:03'
System info: host: 'DPLAP166', ip: '137.237.2.236', os.name: 'Windows 10', os.arch: 'amd64', os.version: '10.0', java.version: '19.0.1'
Driver info: org.openqa.selenium.support.events.EventFiringWebDriver
Capabilities {acceptInsecureCerts: true, browserName: chrome, browserVersion: 123.0.6312.123, chrome: {chromedriverVersion: 123.0.6312.122 (31f8248cdd9..., userDataDir: C:\Users\dP-PL\AppData\Loca...}, fedcm:accounts: true, goog:chromeOptions: {debuggerAddress: localhost:51256}, javascriptEnabled: true, networkConnectionEnabled: false, pageLoadStrategy: normal, platform: WINDOWS, platformName: WINDOWS, proxy: Proxy(), setWindowRect: true, strictFileInteractability: false, timeouts: {implicit: 0, pageLoad: 300000, script: 30000}, unhandledPromptBehavior: dismiss and notify, webauthn:extension:credBlob: true, webauthn:extension:largeBlob: true, webauthn:extension:minPinLength: true, webauthn:extension:prf: true, webauthn:virtualAuthenticators: true}
Session ID: a59c4df4811f82049fe754efe723d3c1
2024-04-17 19:00:20,292 [main] ERROR RotationCopy_test - Element did not become visible within the specified time: Expected condition failed: waiting for helper.WaitUtility$5@28b03430 (tried for 30 second(s) with 500 milliseconds interval)
Build info: version: '3.141.59', revision: 'e82be7d358', time: '2018-11-14T08:17:03'
System info: host: 'DPLAP166', ip: '137.237.2.236', os.name: 'Windows 10', os.arch: 'amd64', os.version: '10.0', java.version: '19.0.1'
Driver info: org.openqa.selenium.support.events.EventFiringWebDriver
Capabilities {acceptInsecureCerts: true, browserName: chrome, browserVersion: 123.0.6312.123, chrome: {chromedriverVersion: 123.0.6312.122 (31f8248cdd9..., userDataDir: C:\Users\dP-PL\AppData\Loca...}, fedcm:accounts: true, goog:chromeOptions: {debuggerAddress: localhost:51256}, javascriptEnabled: true, networkConnectionEnabled: false, pageLoadStrategy: normal, platform: WINDOWS, platformName: WINDOWS, proxy: Proxy(), setWindowRect: true, strictFileInteractability: false, timeouts: {implicit: 0, pageLoad: 300000, script: 30000}, unhandledPromptBehavior: dismiss and notify, webauthn:extension:credBlob: true, webauthn:extension:largeBlob: true, webauthn:extension:minPinLength: true, webauthn:extension:prf: true, webauthn:virtualAuthenticators: true}
Session ID: a59c4df4811f82049fe754efe723d3c1
2024-04-17 19:00:20,292 [main] INFO  base.BaseClass - Trying to find Element By {by.toString()})
2024-04-17 19:00:20,310 [main] INFO  base.BaseClass - Found Element By {by.toString()}
2024-04-17 19:00:20,310 [main] INFO  base.BaseClass - Trying to click on: {element.toString()}
2024-04-17 19:00:20,423 [main] INFO  base.BaseClass - Clicked on: {element.toString()}
2024-04-17 19:00:20,430 [main] INFO  base.BaseClass - Trying to find Element By {by.toString()})
2024-04-17 19:00:20,444 [main] INFO  base.BaseClass - Found Element By {by.toString()}
2024-04-17 19:00:20,972 [main] INFO  base.BaseClass - Trying to find Element By {by.toString()})
2024-04-17 19:00:20,990 [main] INFO  base.BaseClass - Found Element By {by.toString()}
2024-04-17 19:00:21,515 [main] INFO  base.BaseClass - Trying to find Element By {by.toString()})
2024-04-17 19:00:21,546 [main] INFO  base.BaseClass - Found Element By {by.toString()}
2024-04-17 19:00:22,092 [main] INFO  base.BaseClass - Trying to find Element By {by.toString()})
2024-04-17 19:00:22,122 [main] INFO  base.BaseClass - Found Element By {by.toString()}
2024-04-17 19:00:22,667 [main] INFO  base.BaseClass - Trying to find Element By {by.toString()})
2024-04-17 19:00:22,696 [main] INFO  base.BaseClass - Found Element By {by.toString()}
2024-04-17 19:00:23,231 [main] INFO  base.BaseClass - Trying to find Element By {by.toString()})
2024-04-17 19:00:23,260 [main] INFO  base.BaseClass - Found Element By {by.toString()}
2024-04-17 19:00:23,808 [main] INFO  base.BaseClass - Trying to find Element By {by.toString()})
2024-04-17 19:00:23,838 [main] INFO  base.BaseClass - Found Element By {by.toString()}
2024-04-17 19:00:24,386 [main] INFO  base.BaseClass - Trying to find Element By {by.toString()})
2024-04-17 19:00:24,416 [main] INFO  base.BaseClass - Found Element By {by.toString()}
2024-04-17 19:00:24,962 [main] INFO  base.BaseClass - Trying to find Element By {by.toString()})
2024-04-17 19:00:24,990 [main] INFO  base.BaseClass - Found Element By {by.toString()}
2024-04-17 19:00:25,539 [main] INFO  base.BaseClass - Trying to find Element By {by.toString()})
2024-04-17 19:00:25,567 [main] INFO  base.BaseClass - Found Element By {by.toString()}
2024-04-17 19:00:26,102 [main] INFO  base.BaseClass - Trying to find Element By {by.toString()})
2024-04-17 19:00:26,124 [main] INFO  base.BaseClass - Found Element By {by.toString()}
2024-04-17 19:00:26,668 [main] INFO  base.BaseClass - Trying to find Element By {by.toString()})
2024-04-17 19:00:26,692 [main] INFO  base.BaseClass - Found Element By {by.toString()}
2024-04-17 19:00:27,214 [main] INFO  base.BaseClass - Trying to find Element By {by.toString()})
2024-04-17 19:00:27,247 [main] INFO  base.BaseClass - Found Element By {by.toString()}
2024-04-17 19:00:27,774 [main] INFO  base.BaseClass - Trying to find Element By {by.toString()})
2024-04-17 19:00:27,803 [main] INFO  base.BaseClass - Found Element By {by.toString()}
2024-04-17 19:00:28,355 [main] INFO  base.BaseClass - Trying to find Element By {by.toString()})
2024-04-17 19:00:28,387 [main] INFO  base.BaseClass - Found Element By {by.toString()}
2024-04-17 19:00:28,935 [main] INFO  base.BaseClass - Trying to find Element By {by.toString()})
2024-04-17 19:00:28,963 [main] INFO  base.BaseClass - Found Element By {by.toString()}
2024-04-17 19:00:29,513 [main] INFO  base.BaseClass - Trying to find Element By {by.toString()})
2024-04-17 19:00:29,542 [main] INFO  base.BaseClass - Found Element By {by.toString()}
2024-04-17 19:00:30,090 [main] INFO  base.BaseClass - Trying to find Element By {by.toString()})
2024-04-17 19:00:30,110 [main] INFO  base.BaseClass - Found Element By {by.toString()}
2024-04-17 19:00:30,652 [main] INFO  base.BaseClass - Trying to find Element By {by.toString()})
2024-04-17 19:00:30,679 [main] INFO  base.BaseClass - Found Element By {by.toString()}
2024-04-17 19:00:31,216 [main] INFO  base.BaseClass - Trying to find Element By {by.toString()})
2024-04-17 19:00:31,244 [main] INFO  base.BaseClass - Found Element By {by.toString()}
2024-04-17 19:00:31,790 [main] INFO  base.BaseClass - Trying to find Element By {by.toString()})
2024-04-17 19:00:31,819 [main] INFO  base.BaseClass - Found Element By {by.toString()}
2024-04-17 19:00:32,366 [main] INFO  base.BaseClass - Trying to find Element By {by.toString()})
2024-04-17 19:00:32,395 [main] INFO  base.BaseClass - Found Element By {by.toString()}
2024-04-17 19:00:32,947 [main] INFO  base.BaseClass - Trying to find Element By {by.toString()})
2024-04-17 19:00:32,975 [main] INFO  base.BaseClass - Found Element By {by.toString()}
2024-04-17 19:00:33,524 [main] INFO  base.BaseClass - Trying to find Element By {by.toString()})
2024-04-17 19:00:33,542 [main] INFO  base.BaseClass - Found Element By {by.toString()}
2024-04-17 19:00:34,073 [main] INFO  base.BaseClass - Trying to find Element By {by.toString()})
2024-04-17 19:00:34,102 [main] INFO  base.BaseClass - Found Element By {by.toString()}
2024-04-17 19:00:34,650 [main] INFO  base.BaseClass - Trying to find Element By {by.toString()})
2024-04-17 19:00:34,679 [main] INFO  base.BaseClass - Found Element By {by.toString()}
2024-04-17 19:00:35,215 [main] INFO  base.BaseClass - Trying to find Element By {by.toString()})
2024-04-17 19:00:35,242 [main] INFO  base.BaseClass - Found Element By {by.toString()}
2024-04-17 19:00:35,794 [main] INFO  base.BaseClass - Trying to find Element By {by.toString()})
2024-04-17 19:00:35,824 [main] INFO  base.BaseClass - Found Element By {by.toString()}
2024-04-17 19:00:36,368 [main] INFO  base.BaseClass - Trying to find Element By {by.toString()})
2024-04-17 19:00:36,398 [main] INFO  base.BaseClass - Found Element By {by.toString()}
2024-04-17 19:00:36,934 [main] INFO  base.BaseClass - Trying to find Element By {by.toString()})
2024-04-17 19:00:36,963 [main] INFO  base.BaseClass - Found Element By {by.toString()}
2024-04-17 19:00:37,508 [main] INFO  base.BaseClass - Trying to find Element By {by.toString()})
2024-04-17 19:00:37,525 [main] INFO  base.BaseClass - Found Element By {by.toString()}
2024-04-17 19:00:38,053 [main] INFO  base.BaseClass - Trying to find Element By {by.toString()})
2024-04-17 19:00:38,080 [main] INFO  base.BaseClass - Found Element By {by.toString()}
2024-04-17 19:00:38,632 [main] INFO  base.BaseClass - Trying to find Element By {by.toString()})
2024-04-17 19:00:38,643 [main] INFO  base.BaseClass - Found Element By {by.toString()}
2024-04-17 19:00:39,166 [main] INFO  base.BaseClass - Trying to find Element By {by.toString()})
2024-04-17 19:00:39,185 [main] INFO  base.BaseClass - Found Element By {by.toString()}
2024-04-17 19:00:39,712 [main] INFO  base.BaseClass - Trying to find Element By {by.toString()})
2024-04-17 19:00:39,741 [main] INFO  base.BaseClass - Found Element By {by.toString()}
2024-04-17 19:00:40,291 [main] INFO  base.BaseClass - Trying to find Element By {by.toString()})
2024-04-17 19:00:40,320 [main] INFO  base.BaseClass - Found Element By {by.toString()}
2024-04-17 19:00:40,869 [main] INFO  base.BaseClass - Trying to find Element By {by.toString()})
2024-04-17 19:00:40,898 [main] INFO  base.BaseClass - Found Element By {by.toString()}
2024-04-17 19:00:41,447 [main] INFO  base.BaseClass - Trying to find Element By {by.toString()})
2024-04-17 19:00:41,474 [main] INFO  base.BaseClass - Found Element By {by.toString()}
2024-04-17 19:00:42,024 [main] INFO  base.BaseClass - Trying to find Element By {by.toString()})
2024-04-17 19:00:42,053 [main] INFO  base.BaseClass - Found Element By {by.toString()}
2024-04-17 19:00:42,601 [main] INFO  base.BaseClass - Trying to find Element By {by.toString()})
2024-04-17 19:00:42,631 [main] INFO  base.BaseClass - Found Element By {by.toString()}
2024-04-17 19:00:43,178 [main] INFO  base.BaseClass - Trying to find Element By {by.toString()})
2024-04-17 19:00:43,207 [main] INFO  base.BaseClass - Found Element By {by.toString()}
2024-04-17 19:00:43,739 [main] INFO  base.BaseClass - Trying to find Element By {by.toString()})
2024-04-17 19:00:43,754 [main] INFO  base.BaseClass - Found Element By {by.toString()}
2024-04-17 19:00:44,287 [main] INFO  base.BaseClass - Trying to find Element By {by.toString()})
2024-04-17 19:00:44,317 [main] INFO  base.BaseClass - Found Element By {by.toString()}
2024-04-17 19:00:44,865 [main] INFO  base.BaseClass - Trying to find Element By {by.toString()})
2024-04-17 19:00:44,894 [main] INFO  base.BaseClass - Found Element By {by.toString()}
2024-04-17 19:00:45,441 [main] INFO  base.BaseClass - Trying to find Element By {by.toString()})
2024-04-17 19:00:45,470 [main] INFO  base.BaseClass - Found Element By {by.toString()}
2024-04-17 19:00:46,018 [main] INFO  base.BaseClass - Trying to find Element By {by.toString()})
2024-04-17 19:00:46,047 [main] INFO  base.BaseClass - Found Element By {by.toString()}
2024-04-17 19:00:46,584 [main] INFO  base.BaseClass - Trying to find Element By {by.toString()})
2024-04-17 19:00:46,647 [main] INFO  base.BaseClass - Found Element By {by.toString()}
2024-04-17 19:00:47,194 [main] INFO  base.BaseClass - Trying to find Element By {by.toString()})
2024-04-17 19:00:47,224 [main] INFO  base.BaseClass - Found Element By {by.toString()}
2024-04-17 19:00:47,774 [main] INFO  base.BaseClass - Trying to find Element By {by.toString()})
2024-04-17 19:00:47,803 [main] INFO  base.BaseClass - Found Element By {by.toString()}
2024-04-17 19:00:48,351 [main] INFO  base.BaseClass - Trying to find Element By {by.toString()})
2024-04-17 19:00:48,379 [main] INFO  base.BaseClass - Found Element By {by.toString()}
2024-04-17 19:00:48,917 [main] INFO  base.BaseClass - Trying to find Element By {by.toString()})
2024-04-17 19:00:48,944 [main] INFO  base.BaseClass - Found Element By {by.toString()}
2024-04-17 19:00:49,478 [main] INFO  base.BaseClass - Trying to find Element By {by.toString()})
2024-04-17 19:00:49,620 [main] INFO  base.BaseClass - Found Element By {by.toString()}
2024-04-17 19:00:50,165 [main] INFO  base.BaseClass - Trying to find Element By {by.toString()})
2024-04-17 19:00:50,193 [main] INFO  base.BaseClass - Found Element By {by.toString()}
2024-04-17 19:00:50,742 [main] INFO  base.BaseClass - Trying to find Element By {by.toString()})
2024-04-17 19:00:51,360 [main] INFO  base.BaseClass - Found Element By {by.toString()}
TimeoutException occurred: Expected condition failed: waiting for helper.WaitUtility$5@7855ca2c (tried for 30 second(s) with 500 milliseconds interval)
Build info: version: '3.141.59', revision: 'e82be7d358', time: '2018-11-14T08:17:03'
System info: host: 'DPLAP166', ip: '137.237.2.236', os.name: 'Windows 10', os.arch: 'amd64', os.version: '10.0', java.version: '19.0.1'
Driver info: org.openqa.selenium.support.events.EventFiringWebDriver
Capabilities {acceptInsecureCerts: true, browserName: chrome, browserVersion: 123.0.6312.123, chrome: {chromedriverVersion: 123.0.6312.122 (31f8248cdd9..., userDataDir: C:\Users\dP-PL\AppData\Loca...}, fedcm:accounts: true, goog:chromeOptions: {debuggerAddress: localhost:51256}, javascriptEnabled: true, networkConnectionEnabled: false, pageLoadStrategy: normal, platform: WINDOWS, platformName: WINDOWS, proxy: Proxy(), setWindowRect: true, strictFileInteractability: false, timeouts: {implicit: 0, pageLoad: 300000, script: 30000}, unhandledPromptBehavior: dismiss and notify, webauthn:extension:credBlob: true, webauthn:extension:largeBlob: true, webauthn:extension:minPinLength: true, webauthn:extension:prf: true, webauthn:virtualAuthenticators: true}
Session ID: a59c4df4811f82049fe754efe723d3c1
2024-04-17 19:00:51,388 [main] ERROR RotationCopy_test - Element did not become visible within the specified time: Expected condition failed: waiting for helper.WaitUtility$5@7855ca2c (tried for 30 second(s) with 500 milliseconds interval)
Build info: version: '3.141.59', revision: 'e82be7d358', time: '2018-11-14T08:17:03'
System info: host: 'DPLAP166', ip: '137.237.2.236', os.name: 'Windows 10', os.arch: 'amd64', os.version: '10.0', java.version: '19.0.1'
Driver info: org.openqa.selenium.support.events.EventFiringWebDriver
Capabilities {acceptInsecureCerts: true, browserName: chrome, browserVersion: 123.0.6312.123, chrome: {chromedriverVersion: 123.0.6312.122 (31f8248cdd9..., userDataDir: C:\Users\dP-PL\AppData\Loca...}, fedcm:accounts: true, goog:chromeOptions: {debuggerAddress: localhost:51256}, javascriptEnabled: true, networkConnectionEnabled: false, pageLoadStrategy: normal, platform: WINDOWS, platformName: WINDOWS, proxy: Proxy(), setWindowRect: true, strictFileInteractability: false, timeouts: {implicit: 0, pageLoad: 300000, script: 30000}, unhandledPromptBehavior: dismiss and notify, webauthn:extension:credBlob: true, webauthn:extension:largeBlob: true, webauthn:extension:minPinLength: true, webauthn:extension:prf: true, webauthn:virtualAuthenticators: true}
Session ID: a59c4df4811f82049fe754efe723d3c1
2024-04-17 19:00:51,388 [main] INFO  base.BaseClass - Trying to find Element By {by.toString()})
2024-04-17 19:00:51,398 [main] INFO  base.BaseClass - Found Element By {by.toString()}
2024-04-17 19:00:51,398 [main] INFO  base.BaseClass - Trying to click on: {element.toString()}
2024-04-17 19:00:51,463 [main] INFO  base.BaseClass - Clicked on: {element.toString()}
2024-04-17 19:00:51,469 [main] INFO  base.BaseClass - Trying to find Element By {by.toString()})
2024-04-17 19:00:51,481 [main] INFO  base.BaseClass - Found Element By {by.toString()}
2024-04-17 19:00:51,997 [main] INFO  base.BaseClass - Trying to find Element By {by.toString()})
2024-04-17 19:00:52,368 [main] INFO  base.BaseClass - Found Element By {by.toString()}
2024-04-17 19:00:52,890 [main] INFO  base.BaseClass - Trying to find Element By {by.toString()})
2024-04-17 19:00:52,924 [main] INFO  base.BaseClass - Found Element By {by.toString()}
2024-04-17 19:00:53,484 [main] INFO  base.BaseClass - Trying to find Element By {by.toString()})
2024-04-17 19:00:53,499 [main] INFO  base.BaseClass - Found Element By {by.toString()}
2024-04-17 19:00:54,032 [main] INFO  base.BaseClass - Trying to find Element By {by.toString()})
2024-04-17 19:00:54,065 [main] INFO  base.BaseClass - Found Element By {by.toString()}
2024-04-17 19:00:54,611 [main] INFO  base.BaseClass - Trying to find Element By {by.toString()})
2024-04-17 19:00:54,642 [main] INFO  base.BaseClass - Found Element By {by.toString()}
2024-04-17 19:00:55,191 [main] INFO  base.BaseClass - Trying to find Element By {by.toString()})
2024-04-17 19:00:55,220 [main] INFO  base.BaseClass - Found Element By {by.toString()}
2024-04-17 19:00:55,773 [main] INFO  base.BaseClass - Trying to find Element By {by.toString()})
2024-04-17 19:00:55,802 [main] INFO  base.BaseClass - Found Element By {by.toString()}
2024-04-17 19:00:56,349 [main] INFO  base.BaseClass - Trying to find Element By {by.toString()})
2024-04-17 19:00:56,378 [main] INFO  base.BaseClass - Found Element By {by.toString()}
2024-04-17 19:00:56,926 [main] INFO  base.BaseClass - Trying to find Element By {by.toString()})
2024-04-17 19:00:56,957 [main] INFO  base.BaseClass - Found Element By {by.toString()}
2024-04-17 19:00:57,505 [main] INFO  base.BaseClass - Trying to find Element By {by.toString()})
2024-04-17 19:00:57,528 [main] INFO  base.BaseClass - Found Element By {by.toString()}
2024-04-17 19:00:58,050 [main] INFO  base.BaseClass - Trying to find Element By {by.toString()})
2024-04-17 19:00:58,082 [main] INFO  base.BaseClass - Found Element By {by.toString()}
2024-04-17 19:00:58,628 [main] INFO  base.BaseClass - Trying to find Element By {by.toString()})
2024-04-17 19:00:58,656 [main] INFO  base.BaseClass - Found Element By {by.toString()}
2024-04-17 19:00:59,195 [main] INFO  base.BaseClass - Trying to find Element By {by.toString()})
2024-04-17 19:00:59,217 [main] INFO  base.BaseClass - Found Element By {by.toString()}
2024-04-17 19:00:59,743 [main] INFO  base.BaseClass - Trying to find Element By {by.toString()})
2024-04-17 19:00:59,772 [main] INFO  base.BaseClass - Found Element By {by.toString()}
2024-04-17 19:01:00,323 [main] INFO  base.BaseClass - Trying to find Element By {by.toString()})
2024-04-17 19:01:00,988 [main] INFO  base.BaseClass - Found Element By {by.toString()}
2024-04-17 19:01:01,524 [main] INFO  base.BaseClass - Trying to find Element By {by.toString()})
2024-04-17 19:01:01,537 [main] INFO  base.BaseClass - Found Element By {by.toString()}
2024-04-17 19:01:02,069 [main] INFO  base.BaseClass - Trying to find Element By {by.toString()})
2024-04-17 19:01:02,099 [main] INFO  base.BaseClass - Found Element By {by.toString()}
2024-04-17 19:01:02,649 [main] INFO  base.BaseClass - Trying to find Element By {by.toString()})
2024-04-17 19:01:02,678 [main] INFO  base.BaseClass - Found Element By {by.toString()}
2024-04-17 19:01:03,221 [main] INFO  base.BaseClass - Trying to find Element By {by.toString()})
2024-04-17 19:01:03,250 [main] INFO  base.BaseClass - Found Element By {by.toString()}
2024-04-17 19:01:03,800 [main] INFO  base.BaseClass - Trying to find Element By {by.toString()})
2024-04-17 19:01:03,829 [main] INFO  base.BaseClass - Found Element By {by.toString()}
2024-04-17 19:01:04,381 [main] INFO  base.BaseClass - Trying to find Element By {by.toString()})
2024-04-17 19:01:04,398 [main] INFO  base.BaseClass - Found Element By {by.toString()}
2024-04-17 19:01:04,931 [main] INFO  base.BaseClass - Trying to find Element By {by.toString()})
2024-04-17 19:01:04,960 [main] INFO  base.BaseClass - Found Element By {by.toString()}
2024-04-17 19:01:05,509 [main] INFO  base.BaseClass - Trying to find Element By {by.toString()})
2024-04-17 19:01:05,539 [main] INFO  base.BaseClass - Found Element By {by.toString()}
2024-04-17 19:01:06,087 [main] INFO  base.BaseClass - Trying to find Element By {by.toString()})
2024-04-17 19:01:06,117 [main] INFO  base.BaseClass - Found Element By {by.toString()}
2024-04-17 19:01:06,663 [main] INFO  base.BaseClass - Trying to find Element By {by.toString()})
2024-04-17 19:01:06,692 [main] INFO  base.BaseClass - Found Element By {by.toString()}
2024-04-17 19:01:07,242 [main] INFO  base.BaseClass - Trying to find Element By {by.toString()})
2024-04-17 19:01:07,271 [main] INFO  base.BaseClass - Found Element By {by.toString()}
2024-04-17 19:01:07,822 [main] INFO  base.BaseClass - Trying to find Element By {by.toString()})
2024-04-17 19:01:07,852 [main] INFO  base.BaseClass - Found Element By {by.toString()}
2024-04-17 19:01:08,401 [main] INFO  base.BaseClass - Trying to find Element By {by.toString()})
2024-04-17 19:01:08,424 [main] INFO  base.BaseClass - Found Element By {by.toString()}
2024-04-17 19:01:08,963 [main] INFO  base.BaseClass - Trying to find Element By {by.toString()})
2024-04-17 19:01:08,991 [main] INFO  base.BaseClass - Found Element By {by.toString()}
2024-04-17 19:01:09,540 [main] INFO  base.BaseClass - Trying to find Element By {by.toString()})
2024-04-17 19:01:09,570 [main] INFO  base.BaseClass - Found Element By {by.toString()}
2024-04-17 19:01:10,121 [main] INFO  base.BaseClass - Trying to find Element By {by.toString()})
2024-04-17 19:01:10,133 [main] INFO  base.BaseClass - Found Element By {by.toString()}
2024-04-17 19:01:10,664 [main] INFO  base.BaseClass - Trying to find Element By {by.toString()})
2024-04-17 19:01:10,693 [main] INFO  base.BaseClass - Found Element By {by.toString()}
2024-04-17 19:01:11,244 [main] INFO  base.BaseClass - Trying to find Element By {by.toString()})
2024-04-17 19:01:11,273 [main] INFO  base.BaseClass - Found Element By {by.toString()}
2024-04-17 19:01:11,819 [main] INFO  base.BaseClass - Trying to find Element By {by.toString()})
2024-04-17 19:01:11,845 [main] INFO  base.BaseClass - Found Element By {by.toString()}
2024-04-17 19:01:12,397 [main] INFO  base.BaseClass - Trying to find Element By {by.toString()})
2024-04-17 19:01:12,422 [main] INFO  base.BaseClass - Found Element By {by.toString()}
2024-04-17 19:01:12,958 [main] INFO  base.BaseClass - Trying to find Element By {by.toString()})
2024-04-17 19:01:12,987 [main] INFO  base.BaseClass - Found Element By {by.toString()}
2024-04-17 19:01:13,535 [main] INFO  base.BaseClass - Trying to find Element By {by.toString()})
2024-04-17 19:01:13,557 [main] INFO  base.BaseClass - Found Element By {by.toString()}
2024-04-17 19:01:14,095 [main] INFO  base.BaseClass - Trying to find Element By {by.toString()})
2024-04-17 19:01:14,120 [main] INFO  base.BaseClass - Found Element By {by.toString()}
2024-04-17 19:01:14,641 [main] INFO  base.BaseClass - Trying to find Element By {by.toString()})
2024-04-17 19:01:14,670 [main] INFO  base.BaseClass - Found Element By {by.toString()}
2024-04-17 19:01:15,219 [main] INFO  base.BaseClass - Trying to find Element By {by.toString()})
2024-04-17 19:01:15,249 [main] INFO  base.BaseClass - Found Element By {by.toString()}
2024-04-17 19:01:15,798 [main] INFO  base.BaseClass - Trying to find Element By {by.toString()})
2024-04-17 19:01:15,829 [main] INFO  base.BaseClass - Found Element By {by.toString()}
2024-04-17 19:01:16,373 [main] INFO  base.BaseClass - Trying to find Element By {by.toString()})
2024-04-17 19:01:16,402 [main] INFO  base.BaseClass - Found Element By {by.toString()}
2024-04-17 19:01:16,953 [main] INFO  base.BaseClass - Trying to find Element By {by.toString()})
2024-04-17 19:01:16,983 [main] INFO  base.BaseClass - Found Element By {by.toString()}
2024-04-17 19:01:17,519 [main] INFO  base.BaseClass - Trying to find Element By {by.toString()})
2024-04-17 19:01:17,549 [main] INFO  base.BaseClass - Found Element By {by.toString()}
2024-04-17 19:01:18,097 [main] INFO  base.BaseClass - Trying to find Element By {by.toString()})
2024-04-17 19:01:18,126 [main] INFO  base.BaseClass - Found Element By {by.toString()}
2024-04-17 19:01:18,677 [main] INFO  base.BaseClass - Trying to find Element By {by.toString()})
2024-04-17 19:01:18,705 [main] INFO  base.BaseClass - Found Element By {by.toString()}
2024-04-17 19:01:19,254 [main] INFO  base.BaseClass - Trying to find Element By {by.toString()})
2024-04-17 19:01:19,283 [main] INFO  base.BaseClass - Found Element By {by.toString()}
2024-04-17 19:01:19,830 [main] INFO  base.BaseClass - Trying to find Element By {by.toString()})
2024-04-17 19:01:19,859 [main] INFO  base.BaseClass - Found Element By {by.toString()}
2024-04-17 19:01:20,405 [main] INFO  base.BaseClass - Trying to find Element By {by.toString()})
2024-04-17 19:01:20,420 [main] INFO  base.BaseClass - Found Element By {by.toString()}
2024-04-17 19:01:20,939 [main] INFO  base.BaseClass - Trying to find Element By {by.toString()})
2024-04-17 19:01:20,970 [main] INFO  base.BaseClass - Found Element By {by.toString()}
2024-04-17 19:01:21,500 [main] INFO  base.BaseClass - Trying to find Element By {by.toString()})
2024-04-17 19:01:21,516 [main] INFO  base.BaseClass - Found Element By {by.toString()}
TimeoutException occurred: Expected condition failed: waiting for helper.WaitUtility$5@61e520c3 (tried for 30 second(s) with 500 milliseconds interval)
Build info: version: '3.141.59', revision: 'e82be7d358', time: '2018-11-14T08:17:03'
System info: host: 'DPLAP166', ip: '137.237.2.236', os.name: 'Windows 10', os.arch: 'amd64', os.version: '10.0', java.version: '19.0.1'
Driver info: org.openqa.selenium.support.events.EventFiringWebDriver
Capabilities {acceptInsecureCerts: true, browserName: chrome, browserVersion: 123.0.6312.123, chrome: {chromedriverVersion: 123.0.6312.122 (31f8248cdd9..., userDataDir: C:\Users\dP-PL\AppData\Loca...}, fedcm:accounts: true, goog:chromeOptions: {debuggerAddress: localhost:51256}, javascriptEnabled: true, networkConnectionEnabled: false, pageLoadStrategy: normal, platform: WINDOWS, platformName: WINDOWS, proxy: Proxy(), setWindowRect: true, strictFileInteractability: false, timeouts: {implicit: 0, pageLoad: 300000, script: 30000}, unhandledPromptBehavior: dismiss and notify, webauthn:extension:credBlob: true, webauthn:extension:largeBlob: true, webauthn:extension:minPinLength: true, webauthn:extension:prf: true, webauthn:virtualAuthenticators: true}
Session ID: a59c4df4811f82049fe754efe723d3c1
2024-04-17 19:01:21,534 [main] ERROR RotationCopy_test - Element did not become visible within the specified time: Expected condition failed: waiting for helper.WaitUtility$5@61e520c3 (tried for 30 second(s) with 500 milliseconds interval)
Build info: version: '3.141.59', revision: 'e82be7d358', time: '2018-11-14T08:17:03'
System info: host: 'DPLAP166', ip: '137.237.2.236', os.name: 'Windows 10', os.arch: 'amd64', os.version: '10.0', java.version: '19.0.1'
Driver info: org.openqa.selenium.support.events.EventFiringWebDriver
Capabilities {acceptInsecureCerts: true, browserName: chrome, browserVersion: 123.0.6312.123, chrome: {chromedriverVersion: 123.0.6312.122 (31f8248cdd9..., userDataDir: C:\Users\dP-PL\AppData\Loca...}, fedcm:accounts: true, goog:chromeOptions: {debuggerAddress: localhost:51256}, javascriptEnabled: true, networkConnectionEnabled: false, pageLoadStrategy: normal, platform: WINDOWS, platformName: WINDOWS, proxy: Proxy(), setWindowRect: true, strictFileInteractability: false, timeouts: {implicit: 0, pageLoad: 300000, script: 30000}, unhandledPromptBehavior: dismiss and notify, webauthn:extension:credBlob: true, webauthn:extension:largeBlob: true, webauthn:extension:minPinLength: true, webauthn:extension:prf: true, webauthn:virtualAuthenticators: true}
Session ID: a59c4df4811f82049fe754efe723d3c1
2024-04-17 19:01:21,534 [main] INFO  base.BaseClass - Trying to find Element By {by.toString()})
2024-04-17 19:01:21,543 [main] INFO  base.BaseClass - Found Element By {by.toString()}
2024-04-17 19:01:21,543 [main] INFO  base.BaseClass - Trying to click on: {element.toString()}
2024-04-17 19:01:21,685 [main] INFO  base.BaseClass - Clicked on: {element.toString()}
2024-04-17 19:01:21,685 [main] INFO  base.BaseClass - Trying to find Element By {by.toString()})
2024-04-17 19:01:22,518 [main] INFO  base.BaseClass - Found Element By {by.toString()}
2024-04-17 19:01:23,040 [main] INFO  base.BaseClass - Trying to find Element By {by.toString()})
2024-04-17 19:01:23,071 [main] INFO  base.BaseClass - Found Element By {by.toString()}
2024-04-17 19:01:23,606 [main] INFO  base.BaseClass - Trying to find Element By {by.toString()})
2024-04-17 19:01:23,637 [main] INFO  base.BaseClass - Found Element By {by.toString()}
2024-04-17 19:01:24,188 [main] INFO  base.BaseClass - Trying to find Element By {by.toString()})
2024-04-17 19:01:24,221 [main] INFO  base.BaseClass - Found Element By {by.toString()}
2024-04-17 19:01:24,766 [main] INFO  base.BaseClass - Trying to find Element By {by.toString()})
2024-04-17 19:01:24,794 [main] INFO  base.BaseClass - Found Element By {by.toString()}
2024-04-17 19:01:25,347 [main] INFO  base.BaseClass - Trying to find Element By {by.toString()})
2024-04-17 19:01:25,378 [main] INFO  base.BaseClass - Found Element By {by.toString()}
2024-04-17 19:01:25,925 [main] INFO  base.BaseClass - Trying to find Element By {by.toString()})
2024-04-17 19:01:25,956 [main] INFO  base.BaseClass - Found Element By {by.toString()}
2024-04-17 19:01:26,503 [main] INFO  base.BaseClass - Trying to find Element By {by.toString()})
2024-04-17 19:01:26,526 [main] INFO  base.BaseClass - Found Element By {by.toString()}
2024-04-17 19:01:27,062 [main] INFO  base.BaseClass - Trying to find Element By {by.toString()})
2024-04-17 19:01:27,093 [main] INFO  base.BaseClass - Found Element By {by.toString()}
2024-04-17 19:01:27,638 [main] INFO  base.BaseClass - Trying to find Element By {by.toString()})
2024-04-17 19:01:27,653 [main] INFO  base.BaseClass - Found Element By {by.toString()}
2024-04-17 19:01:28,183 [main] INFO  base.BaseClass - Trying to find Element By {by.toString()})
2024-04-17 19:01:28,215 [main] INFO  base.BaseClass - Found Element By {by.toString()}
2024-04-17 19:01:28,760 [main] INFO  base.BaseClass - Trying to find Element By {by.toString()})
2024-04-17 19:01:28,793 [main] INFO  base.BaseClass - Found Element By {by.toString()}
2024-04-17 19:01:29,339 [main] INFO  base.BaseClass - Trying to find Element By {by.toString()})
2024-04-17 19:01:29,369 [main] INFO  base.BaseClass - Found Element By {by.toString()}
2024-04-17 19:01:29,915 [main] INFO  base.BaseClass - Trying to find Element By {by.toString()})
2024-04-17 19:01:29,948 [main] INFO  base.BaseClass - Found Element By {by.toString()}
2024-04-17 19:01:30,491 [main] INFO  base.BaseClass - Trying to find Element By {by.toString()})
2024-04-17 19:01:30,525 [main] INFO  base.BaseClass - Found Element By {by.toString()}
2024-04-17 19:01:31,070 [main] INFO  base.BaseClass - Trying to find Element By {by.toString()})
2024-04-17 19:01:31,090 [main] INFO  base.BaseClass - Found Element By {by.toString()}
2024-04-17 19:01:31,629 [main] INFO  base.BaseClass - Trying to find Element By {by.toString()})
2024-04-17 19:01:31,659 [main] INFO  base.BaseClass - Found Element By {by.toString()}
2024-04-17 19:01:32,190 [main] INFO  base.BaseClass - Trying to find Element By {by.toString()})
2024-04-17 19:01:32,221 [main] INFO  base.BaseClass - Found Element By {by.toString()}
2024-04-17 19:01:32,768 [main] INFO  base.BaseClass - Trying to find Element By {by.toString()})
2024-04-17 19:01:32,798 [main] INFO  base.BaseClass - Found Element By {by.toString()}
2024-04-17 19:01:33,361 [main] INFO  base.BaseClass - Trying to find Element By {by.toString()})
2024-04-17 19:01:33,393 [main] INFO  base.BaseClass - Found Element By {by.toString()}
2024-04-17 19:01:33,939 [main] INFO  base.BaseClass - Trying to find Element By {by.toString()})
2024-04-17 19:01:33,971 [main] INFO  base.BaseClass - Found Element By {by.toString()}
2024-04-17 19:01:34,515 [main] INFO  base.BaseClass - Trying to find Element By {by.toString()})
2024-04-17 19:01:34,549 [main] INFO  base.BaseClass - Found Element By {by.toString()}
2024-04-17 19:01:35,095 [main] INFO  base.BaseClass - Trying to find Element By {by.toString()})
2024-04-17 19:01:35,125 [main] INFO  base.BaseClass - Found Element By {by.toString()}
2024-04-17 19:01:35,659 [main] INFO  base.BaseClass - Trying to find Element By {by.toString()})
2024-04-17 19:01:35,689 [main] INFO  base.BaseClass - Found Element By {by.toString()}
2024-04-17 19:01:36,240 [main] INFO  base.BaseClass - Trying to find Element By {by.toString()})
2024-04-17 19:01:36,271 [main] INFO  base.BaseClass - Found Element By {by.toString()}
2024-04-17 19:01:36,820 [main] INFO  base.BaseClass - Trying to find Element By {by.toString()})
2024-04-17 19:01:36,836 [main] INFO  base.BaseClass - Found Element By {by.toString()}
2024-04-17 19:01:37,369 [main] INFO  base.BaseClass - Trying to find Element By {by.toString()})
2024-04-17 19:01:37,400 [main] INFO  base.BaseClass - Found Element By {by.toString()}
2024-04-17 19:01:37,945 [main] INFO  base.BaseClass - Trying to find Element By {by.toString()})
2024-04-17 19:01:37,976 [main] INFO  base.BaseClass - Found Element By {by.toString()}
2024-04-17 19:01:38,511 [main] INFO  base.BaseClass - Trying to find Element By {by.toString()})
2024-04-17 19:01:38,527 [main] INFO  base.BaseClass - Found Element By {by.toString()}
2024-04-17 19:01:39,044 [main] INFO  base.BaseClass - Trying to find Element By {by.toString()})
2024-04-17 19:01:39,077 [main] INFO  base.BaseClass - Found Element By {by.toString()}
2024-04-17 19:01:39,619 [main] INFO  base.BaseClass - Trying to find Element By {by.toString()})
2024-04-17 19:01:39,640 [main] INFO  base.BaseClass - Found Element By {by.toString()}
2024-04-17 19:01:40,164 [main] INFO  base.BaseClass - Trying to find Element By {by.toString()})
2024-04-17 19:01:40,192 [main] INFO  base.BaseClass - Found Element By {by.toString()}
2024-04-17 19:01:40,724 [main] INFO  base.BaseClass - Trying to find Element By {by.toString()})
2024-04-17 19:01:40,754 [main] INFO  base.BaseClass - Found Element By {by.toString()}
2024-04-17 19:01:41,303 [main] INFO  base.BaseClass - Trying to find Element By {by.toString()})
2024-04-17 19:01:41,336 [main] INFO  base.BaseClass - Found Element By {by.toString()}
2024-04-17 19:01:41,879 [main] INFO  base.BaseClass - Trying to find Element By {by.toString()})
2024-04-17 19:01:41,901 [main] INFO  base.BaseClass - Found Element By {by.toString()}
2024-04-17 19:01:42,427 [main] INFO  base.BaseClass - Trying to find Element By {by.toString()})
2024-04-17 19:01:42,460 [main] INFO  base.BaseClass - Found Element By {by.toString()}
2024-04-17 19:01:43,003 [main] INFO  base.BaseClass - Trying to find Element By {by.toString()})
2024-04-17 19:01:43,033 [main] INFO  base.BaseClass - Found Element By {by.toString()}
2024-04-17 19:01:43,579 [main] INFO  base.BaseClass - Trying to find Element By {by.toString()})
2024-04-17 19:01:43,602 [main] INFO  base.BaseClass - Found Element By {by.toString()}
2024-04-17 19:01:44,139 [main] INFO  base.BaseClass - Trying to find Element By {by.toString()})
2024-04-17 19:01:44,155 [main] INFO  base.BaseClass - Found Element By {by.toString()}
2024-04-17 19:01:44,683 [main] INFO  base.BaseClass - Trying to find Element By {by.toString()})
2024-04-17 19:01:44,702 [main] INFO  base.BaseClass - Found Element By {by.toString()}
2024-04-17 19:01:45,232 [main] INFO  base.BaseClass - Trying to find Element By {by.toString()})
2024-04-17 19:01:45,266 [main] INFO  base.BaseClass - Found Element By {by.toString()}
2024-04-17 19:01:45,810 [main] INFO  base.BaseClass - Trying to find Element By {by.toString()})
2024-04-17 19:01:45,840 [main] INFO  base.BaseClass - Found Element By {by.toString()}
2024-04-17 19:01:46,389 [main] INFO  base.BaseClass - Trying to find Element By {by.toString()})
2024-04-17 19:01:46,420 [main] INFO  base.BaseClass - Found Element By {by.toString()}
2024-04-17 19:01:46,969 [main] INFO  base.BaseClass - Trying to find Element By {by.toString()})
2024-04-17 19:01:47,001 [main] INFO  base.BaseClass - Found Element By {by.toString()}
2024-04-17 19:01:47,550 [main] INFO  base.BaseClass - Trying to find Element By {by.toString()})
2024-04-17 19:01:47,581 [main] INFO  base.BaseClass - Found Element By {by.toString()}
2024-04-17 19:01:48,129 [main] INFO  base.BaseClass - Trying to find Element By {by.toString()})
2024-04-17 19:01:48,160 [main] INFO  base.BaseClass - Found Element By {by.toString()}
2024-04-17 19:01:48,708 [main] INFO  base.BaseClass - Trying to find Element By {by.toString()})
2024-04-17 19:01:48,732 [main] INFO  base.BaseClass - Found Element By {by.toString()}
2024-04-17 19:01:49,255 [main] INFO  base.BaseClass - Trying to find Element By {by.toString()})
2024-04-17 19:01:49,287 [main] INFO  base.BaseClass - Found Element By {by.toString()}
2024-04-17 19:01:49,833 [main] INFO  base.BaseClass - Trying to find Element By {by.toString()})
2024-04-17 19:01:49,865 [main] INFO  base.BaseClass - Found Element By {by.toString()}
2024-04-17 19:01:50,412 [main] INFO  base.BaseClass - Trying to find Element By {by.toString()})
2024-04-17 19:01:50,443 [main] INFO  base.BaseClass - Found Element By {by.toString()}
2024-04-17 19:01:50,993 [main] INFO  base.BaseClass - Trying to find Element By {by.toString()})
2024-04-17 19:01:51,061 [main] INFO  base.BaseClass - Found Element By {by.toString()}
2024-04-17 19:01:51,591 [main] INFO  base.BaseClass - Trying to find Element By {by.toString()})
2024-04-17 19:01:51,622 [main] INFO  base.BaseClass - Found Element By {by.toString()}
2024-04-17 19:01:52,171 [main] INFO  base.BaseClass - Trying to find Element By {by.toString()})
2024-04-17 19:01:52,203 [main] INFO  base.BaseClass - Found Element By {by.toString()}
TimeoutException occurred: Expected condition failed: waiting for helper.WaitUtility$5@40653e4 (tried for 30 second(s) with 500 milliseconds interval)
Build info: version: '3.141.59', revision: 'e82be7d358', time: '2018-11-14T08:17:03'
System info: host: 'DPLAP166', ip: '137.237.2.236', os.name: 'Windows 10', os.arch: 'amd64', os.version: '10.0', java.version: '19.0.1'
Driver info: org.openqa.selenium.support.events.EventFiringWebDriver
Capabilities {acceptInsecureCerts: true, browserName: chrome, browserVersion: 123.0.6312.123, chrome: {chromedriverVersion: 123.0.6312.122 (31f8248cdd9..., userDataDir: C:\Users\dP-PL\AppData\Loca...}, fedcm:accounts: true, goog:chromeOptions: {debuggerAddress: localhost:51256}, javascriptEnabled: true, networkConnectionEnabled: false, pageLoadStrategy: normal, platform: WINDOWS, platformName: WINDOWS, proxy: Proxy(), setWindowRect: true, strictFileInteractability: false, timeouts: {implicit: 0, pageLoad: 300000, script: 30000}, unhandledPromptBehavior: dismiss and notify, webauthn:extension:credBlob: true, webauthn:extension:largeBlob: true, webauthn:extension:minPinLength: true, webauthn:extension:prf: true, webauthn:virtualAuthenticators: true}
Session ID: a59c4df4811f82049fe754efe723d3c1
2024-04-17 19:01:52,218 [main] ERROR RotationCopy_test - Element did not become visible within the specified time: Expected condition failed: waiting for helper.WaitUtility$5@40653e4 (tried for 30 second(s) with 500 milliseconds interval)
Build info: version: '3.141.59', revision: 'e82be7d358', time: '2018-11-14T08:17:03'
System info: host: 'DPLAP166', ip: '137.237.2.236', os.name: 'Windows 10', os.arch: 'amd64', os.version: '10.0', java.version: '19.0.1'
Driver info: org.openqa.selenium.support.events.EventFiringWebDriver
Capabilities {acceptInsecureCerts: true, browserName: chrome, browserVersion: 123.0.6312.123, chrome: {chromedriverVersion: 123.0.6312.122 (31f8248cdd9..., userDataDir: C:\Users\dP-PL\AppData\Loca...}, fedcm:accounts: true, goog:chromeOptions: {debuggerAddress: localhost:51256}, javascriptEnabled: true, networkConnectionEnabled: false, pageLoadStrategy: normal, platform: WINDOWS, platformName: WINDOWS, proxy: Proxy(), setWindowRect: true, strictFileInteractability: false, timeouts: {implicit: 0, pageLoad: 300000, script: 30000}, unhandledPromptBehavior: dismiss and notify, webauthn:extension:credBlob: true, webauthn:extension:largeBlob: true, webauthn:extension:minPinLength: true, webauthn:extension:prf: true, webauthn:virtualAuthenticators: true}
Session ID: a59c4df4811f82049fe754efe723d3c1
2024-04-17 19:01:52,218 [main] INFO  base.BaseClass - Trying to find Element By {by.toString()})
2024-04-17 19:01:52,226 [main] INFO  base.BaseClass - Found Element By {by.toString()}
2024-04-17 19:01:52,226 [main] INFO  base.BaseClass - Trying to click on: {element.toString()}
2024-04-17 19:01:52,293 [main] INFO  base.BaseClass - Clicked on: {element.toString()}
2024-04-17 19:01:52,294 [main] INFO  base.BaseClass - Trying to find Element By {by.toString()})
2024-04-17 19:01:52,304 [main] INFO  base.BaseClass - Found Element By {by.toString()}
2024-04-17 19:01:52,829 [main] INFO  base.BaseClass - Trying to find Element By {by.toString()})
2024-04-17 19:01:52,860 [main] INFO  base.BaseClass - Found Element By {by.toString()}
2024-04-17 19:01:53,405 [main] INFO  base.BaseClass - Trying to find Element By {by.toString()})
2024-04-17 19:01:53,439 [main] INFO  base.BaseClass - Found Element By {by.toString()}
2024-04-17 19:01:53,983 [main] INFO  base.BaseClass - Trying to find Element By {by.toString()})
2024-04-17 19:01:54,018 [main] INFO  base.BaseClass - Found Element By {by.toString()}
2024-04-17 19:01:54,564 [main] INFO  base.BaseClass - Trying to find Element By {by.toString()})
2024-04-17 19:01:54,595 [main] INFO  base.BaseClass - Found Element By {by.toString()}
2024-04-17 19:01:55,145 [main] INFO  base.BaseClass - Trying to find Element By {by.toString()})
2024-04-17 19:01:55,177 [main] INFO  base.BaseClass - Found Element By {by.toString()}
2024-04-17 19:01:55,727 [main] INFO  base.BaseClass - Trying to find Element By {by.toString()})
2024-04-17 19:01:55,750 [main] INFO  base.BaseClass - Found Element By {by.toString()}
2024-04-17 19:01:56,277 [main] INFO  base.BaseClass - Trying to find Element By {by.toString()})
2024-04-17 19:01:56,309 [main] INFO  base.BaseClass - Found Element By {by.toString()}
2024-04-17 19:01:56,857 [main] INFO  base.BaseClass - Trying to find Element By {by.toString()})
2024-04-17 19:01:56,885 [main] INFO  base.BaseClass - Found Element By {by.toString()}
2024-04-17 19:01:57,419 [main] INFO  base.BaseClass - Trying to find Element By {by.toString()})
2024-04-17 19:01:57,445 [main] INFO  base.BaseClass - Found Element By {by.toString()}
2024-04-17 19:01:57,965 [main] INFO  base.BaseClass - Trying to find Element By {by.toString()})
2024-04-17 19:01:57,975 [main] INFO  base.BaseClass - Found Element By {by.toString()}
2024-04-17 19:01:58,497 [main] INFO  base.BaseClass - Trying to find Element By {by.toString()})
2024-04-17 19:01:58,530 [main] INFO  base.BaseClass - Found Element By {by.toString()}
2024-04-17 19:01:59,074 [main] INFO  base.BaseClass - Trying to find Element By {by.toString()})
2024-04-17 19:01:59,105 [main] INFO  base.BaseClass - Found Element By {by.toString()}
2024-04-17 19:01:59,637 [main] INFO  base.BaseClass - Trying to find Element By {by.toString()})
2024-04-17 19:01:59,670 [main] INFO  base.BaseClass - Found Element By {by.toString()}
2024-04-17 19:02:00,219 [main] INFO  base.BaseClass - Trying to find Element By {by.toString()})
2024-04-17 19:02:00,253 [main] INFO  base.BaseClass - Found Element By {by.toString()}
2024-04-17 19:02:00,800 [main] INFO  base.BaseClass - Trying to find Element By {by.toString()})
2024-04-17 19:02:00,824 [main] INFO  base.BaseClass - Found Element By {by.toString()}
2024-04-17 19:02:01,365 [main] INFO  base.BaseClass - Trying to find Element By {by.toString()})
2024-04-17 19:02:01,398 [main] INFO  base.BaseClass - Found Element By {by.toString()}
2024-04-17 19:02:01,940 [main] INFO  base.BaseClass - Trying to find Element By {by.toString()})
2024-04-17 19:02:01,972 [main] INFO  base.BaseClass - Found Element By {by.toString()}
2024-04-17 19:02:02,517 [main] INFO  base.BaseClass - Trying to find Element By {by.toString()})
2024-04-17 19:02:02,549 [main] INFO  base.BaseClass - Found Element By {by.toString()}
2024-04-17 19:02:03,095 [main] INFO  base.BaseClass - Trying to find Element By {by.toString()})
2024-04-17 19:02:03,125 [main] INFO  base.BaseClass - Found Element By {by.toString()}
2024-04-17 19:02:03,684 [main] INFO  base.BaseClass - Trying to find Element By {by.toString()})
2024-04-17 19:02:03,715 [main] INFO  base.BaseClass - Found Element By {by.toString()}
2024-04-17 19:02:04,263 [main] INFO  base.BaseClass - Trying to find Element By {by.toString()})
2024-04-17 19:02:04,294 [main] INFO  base.BaseClass - Found Element By {by.toString()}
2024-04-17 19:02:04,844 [main] INFO  base.BaseClass - Trying to find Element By {by.toString()})
2024-04-17 19:02:04,862 [main] INFO  base.BaseClass - Found Element By {by.toString()}
2024-04-17 19:02:05,391 [main] INFO  base.BaseClass - Trying to find Element By {by.toString()})
2024-04-17 19:02:05,421 [main] INFO  base.BaseClass - Found Element By {by.toString()}
2024-04-17 19:02:05,969 [main] INFO  base.BaseClass - Trying to find Element By {by.toString()})
2024-04-17 19:02:06,004 [main] INFO  base.BaseClass - Found Element By {by.toString()}
2024-04-17 19:02:06,536 [main] INFO  base.BaseClass - Trying to find Element By {by.toString()})
2024-04-17 19:02:06,596 [main] INFO  base.BaseClass - Found Element By {by.toString()}
2024-04-17 19:02:07,149 [main] INFO  base.BaseClass - Trying to find Element By {by.toString()})
2024-04-17 19:02:07,167 [main] INFO  base.BaseClass - Found Element By {by.toString()}
2024-04-17 19:02:07,693 [main] INFO  base.BaseClass - Trying to find Element By {by.toString()})
2024-04-17 19:02:07,724 [main] INFO  base.BaseClass - Found Element By {by.toString()}
2024-04-17 19:02:08,273 [main] INFO  base.BaseClass - Trying to find Element By {by.toString()})
2024-04-17 19:02:08,306 [main] INFO  base.BaseClass - Found Element By {by.toString()}
2024-04-17 19:02:08,853 [main] INFO  base.BaseClass - Trying to find Element By {by.toString()})
2024-04-17 19:02:08,880 [main] INFO  base.BaseClass - Found Element By {by.toString()}
2024-04-17 19:02:09,412 [main] INFO  base.BaseClass - Trying to find Element By {by.toString()})
2024-04-17 19:02:09,441 [main] INFO  base.BaseClass - Found Element By {by.toString()}
2024-04-17 19:02:09,991 [main] INFO  base.BaseClass - Trying to find Element By {by.toString()})
2024-04-17 19:02:10,023 [main] INFO  base.BaseClass - Found Element By {by.toString()}
2024-04-17 19:02:10,555 [main] INFO  base.BaseClass - Trying to find Element By {by.toString()})
2024-04-17 19:02:10,586 [main] INFO  base.BaseClass - Found Element By {by.toString()}
2024-04-17 19:02:11,136 [main] INFO  base.BaseClass - Trying to find Element By {by.toString()})
2024-04-17 19:02:11,167 [main] INFO  base.BaseClass - Found Element By {by.toString()}
2024-04-17 19:02:11,713 [main] INFO  base.BaseClass - Trying to find Element By {by.toString()})
2024-04-17 19:02:11,744 [main] INFO  base.BaseClass - Found Element By {by.toString()}
2024-04-17 19:02:12,293 [main] INFO  base.BaseClass - Trying to find Element By {by.toString()})
2024-04-17 19:02:12,325 [main] INFO  base.BaseClass - Found Element By {by.toString()}
2024-04-17 19:02:12,855 [main] INFO  base.BaseClass - Trying to find Element By {by.toString()})
2024-04-17 19:02:12,886 [main] INFO  base.BaseClass - Found Element By {by.toString()}
2024-04-17 19:02:13,415 [main] INFO  base.BaseClass - Trying to find Element By {by.toString()})
2024-04-17 19:02:13,446 [main] INFO  base.BaseClass - Found Element By {by.toString()}
2024-04-17 19:02:13,992 [main] INFO  base.BaseClass - Trying to find Element By {by.toString()})
2024-04-17 19:02:14,022 [main] INFO  base.BaseClass - Found Element By {by.toString()}
2024-04-17 19:02:14,555 [main] INFO  base.BaseClass - Trying to find Element By {by.toString()})
2024-04-17 19:02:14,587 [main] INFO  base.BaseClass - Found Element By {by.toString()}
2024-04-17 19:02:15,133 [main] INFO  base.BaseClass - Trying to find Element By {by.toString()})
2024-04-17 19:02:15,166 [main] INFO  base.BaseClass - Found Element By {by.toString()}
2024-04-17 19:02:15,714 [main] INFO  base.BaseClass - Trying to find Element By {by.toString()})
2024-04-17 19:02:15,746 [main] INFO  base.BaseClass - Found Element By {by.toString()}
2024-04-17 19:02:16,293 [main] INFO  base.BaseClass - Trying to find Element By {by.toString()})
2024-04-17 19:02:16,325 [main] INFO  base.BaseClass - Found Element By {by.toString()}
2024-04-17 19:02:16,870 [main] INFO  base.BaseClass - Trying to find Element By {by.toString()})
2024-04-17 19:02:16,901 [main] INFO  base.BaseClass - Found Element By {by.toString()}
2024-04-17 19:02:17,448 [main] INFO  base.BaseClass - Trying to find Element By {by.toString()})
2024-04-17 19:02:17,479 [main] INFO  base.BaseClass - Found Element By {by.toString()}
2024-04-17 19:02:18,009 [main] INFO  base.BaseClass - Trying to find Element By {by.toString()})
2024-04-17 19:02:18,038 [main] INFO  base.BaseClass - Found Element By {by.toString()}
2024-04-17 19:02:18,570 [main] INFO  base.BaseClass - Trying to find Element By {by.toString()})
2024-04-17 19:02:18,603 [main] INFO  base.BaseClass - Found Element By {by.toString()}
2024-04-17 19:02:19,135 [main] INFO  base.BaseClass - Trying to find Element By {by.toString()})
2024-04-17 19:02:19,165 [main] INFO  base.BaseClass - Found Element By {by.toString()}
2024-04-17 19:02:19,714 [main] INFO  base.BaseClass - Trying to find Element By {by.toString()})
2024-04-17 19:02:19,746 [main] INFO  base.BaseClass - Found Element By {by.toString()}
2024-04-17 19:02:20,292 [main] INFO  base.BaseClass - Trying to find Element By {by.toString()})
2024-04-17 19:02:20,320 [main] INFO  base.BaseClass - Found Element By {by.toString()}
2024-04-17 19:02:20,869 [main] INFO  base.BaseClass - Trying to find Element By {by.toString()})
2024-04-17 19:02:20,897 [main] INFO  base.BaseClass - Found Element By {by.toString()}
2024-04-17 19:02:21,445 [main] INFO  base.BaseClass - Trying to find Element By {by.toString()})
2024-04-17 19:02:21,476 [main] INFO  base.BaseClass - Found Element By {by.toString()}
2024-04-17 19:02:22,024 [main] INFO  base.BaseClass - Trying to find Element By {by.toString()})
2024-04-17 19:02:22,055 [main] INFO  base.BaseClass - Found Element By {by.toString()}
2024-04-17 19:02:22,601 [main] INFO  base.BaseClass - Trying to find Element By {by.toString()})
2024-04-17 19:02:22,664 [main] INFO  base.BaseClass - Found Element By {by.toString()}
TimeoutException occurred: Expected condition failed: waiting for helper.WaitUtility$5@6ed344e0 (tried for 30 second(s) with 500 milliseconds interval)
Build info: version: '3.141.59', revision: 'e82be7d358', time: '2018-11-14T08:17:03'
System info: host: 'DPLAP166', ip: '137.237.2.236', os.name: 'Windows 10', os.arch: 'amd64', os.version: '10.0', java.version: '19.0.1'
Driver info: org.openqa.selenium.support.events.EventFiringWebDriver
Capabilities {acceptInsecureCerts: true, browserName: chrome, browserVersion: 123.0.6312.123, chrome: {chromedriverVersion: 123.0.6312.122 (31f8248cdd9..., userDataDir: C:\Users\dP-PL\AppData\Loca...}, fedcm:accounts: true, goog:chromeOptions: {debuggerAddress: localhost:51256}, javascriptEnabled: true, networkConnectionEnabled: false, pageLoadStrategy: normal, platform: WINDOWS, platformName: WINDOWS, proxy: Proxy(), setWindowRect: true, strictFileInteractability: false, timeouts: {implicit: 0, pageLoad: 300000, script: 30000}, unhandledPromptBehavior: dismiss and notify, webauthn:extension:credBlob: true, webauthn:extension:largeBlob: true, webauthn:extension:minPinLength: true, webauthn:extension:prf: true, webauthn:virtualAuthenticators: true}
Session ID: a59c4df4811f82049fe754efe723d3c1
2024-04-17 19:02:22,698 [main] ERROR RotationCopy_test - Element did not become visible within the specified time: Expected condition failed: waiting for helper.WaitUtility$5@6ed344e0 (tried for 30 second(s) with 500 milliseconds interval)
Build info: version: '3.141.59', revision: 'e82be7d358', time: '2018-11-14T08:17:03'
System info: host: 'DPLAP166', ip: '137.237.2.236', os.name: 'Windows 10', os.arch: 'amd64', os.version: '10.0', java.version: '19.0.1'
Driver info: org.openqa.selenium.support.events.EventFiringWebDriver
Capabilities {acceptInsecureCerts: true, browserName: chrome, browserVersion: 123.0.6312.123, chrome: {chromedriverVersion: 123.0.6312.122 (31f8248cdd9..., userDataDir: C:\Users\dP-PL\AppData\Loca...}, fedcm:accounts: true, goog:chromeOptions: {debuggerAddress: localhost:51256}, javascriptEnabled: true, networkConnectionEnabled: false, pageLoadStrategy: normal, platform: WINDOWS, platformName: WINDOWS, proxy: Proxy(), setWindowRect: true, strictFileInteractability: false, timeouts: {implicit: 0, pageLoad: 300000, script: 30000}, unhandledPromptBehavior: dismiss and notify, webauthn:extension:credBlob: true, webauthn:extension:largeBlob: true, webauthn:extension:minPinLength: true, webauthn:extension:prf: true, webauthn:virtualAuthenticators: true}
Session ID: a59c4df4811f82049fe754efe723d3c1
2024-04-17 19:02:22,698 [main] INFO  base.BaseClass - Trying to find Element By {by.toString()})
2024-04-17 19:02:22,708 [main] INFO  base.BaseClass - Found Element By {by.toString()}
2024-04-17 19:02:22,708 [main] INFO  base.BaseClass - Trying to click on: {element.toString()}
2024-04-17 19:02:22,814 [main] INFO  base.BaseClass - Clicked on: {element.toString()}
2024-04-17 19:02:22,820 [main] INFO  base.BaseClass - Trying to find Element By {by.toString()})
2024-04-17 19:02:22,833 [main] INFO  base.BaseClass - Found Element By {by.toString()}
2024-04-17 19:02:23,361 [main] INFO  base.BaseClass - Trying to find Element By {by.toString()})
2024-04-17 19:02:23,374 [main] INFO  base.BaseClass - Found Element By {by.toString()}
2024-04-17 19:02:23,895 [main] INFO  base.BaseClass - Trying to find Element By {by.toString()})
2024-04-17 19:02:23,927 [main] INFO  base.BaseClass - Found Element By {by.toString()}
2024-04-17 19:02:24,479 [main] INFO  base.BaseClass - Trying to find Element By {by.toString()})
2024-04-17 19:02:24,511 [main] INFO  base.BaseClass - Found Element By {by.toString()}
2024-04-17 19:02:25,044 [main] INFO  base.BaseClass - Trying to find Element By {by.toString()})
2024-04-17 19:02:25,072 [main] INFO  base.BaseClass - Found Element By {by.toString()}
2024-04-17 19:02:25,622 [main] INFO  base.BaseClass - Trying to find Element By {by.toString()})
2024-04-17 19:02:25,650 [main] INFO  base.BaseClass - Found Element By {by.toString()}
2024-04-17 19:02:26,201 [main] INFO  base.BaseClass - Trying to find Element By {by.toString()})
2024-04-17 19:02:26,230 [main] INFO  base.BaseClass - Found Element By {by.toString()}
2024-04-17 19:02:26,782 [main] INFO  base.BaseClass - Trying to find Element By {by.toString()})
2024-04-17 19:02:26,813 [main] INFO  base.BaseClass - Found Element By {by.toString()}
2024-04-17 19:02:27,360 [main] INFO  base.BaseClass - Trying to find Element By {by.toString()})
2024-04-17 19:02:27,390 [main] INFO  base.BaseClass - Found Element By {by.toString()}
2024-04-17 19:02:27,939 [main] INFO  base.BaseClass - Trying to find Element By {by.toString()})
2024-04-17 19:02:27,963 [main] INFO  base.BaseClass - Found Element By {by.toString()}
2024-04-17 19:02:28,501 [main] INFO  base.BaseClass - Trying to find Element By {by.toString()})
2024-04-17 19:02:28,522 [main] INFO  base.BaseClass - Found Element By {by.toString()}
2024-04-17 19:02:29,066 [main] INFO  base.BaseClass - Trying to find Element By {by.toString()})
2024-04-17 19:02:29,094 [main] INFO  base.BaseClass - Found Element By {by.toString()}
2024-04-17 19:02:29,645 [main] INFO  base.BaseClass - Trying to find Element By {by.toString()})
2024-04-17 19:02:29,663 [main] INFO  base.BaseClass - Found Element By {by.toString()}
2024-04-17 19:02:30,203 [main] INFO  base.BaseClass - Trying to find Element By {by.toString()})
2024-04-17 19:02:30,232 [main] INFO  base.BaseClass - Found Element By {by.toString()}
2024-04-17 19:02:30,781 [main] INFO  base.BaseClass - Trying to find Element By {by.toString()})
2024-04-17 19:02:30,808 [main] INFO  base.BaseClass - Found Element By {by.toString()}
2024-04-17 19:02:31,358 [main] INFO  base.BaseClass - Trying to find Element By {by.toString()})
2024-04-17 19:02:31,389 [main] INFO  base.BaseClass - Found Element By {by.toString()}
2024-04-17 19:02:31,936 [main] INFO  base.BaseClass - Trying to find Element By {by.toString()})
2024-04-17 19:02:31,968 [main] INFO  base.BaseClass - Found Element By {by.toString()}
2024-04-17 19:02:32,515 [main] INFO  base.BaseClass - Trying to find Element By {by.toString()})
2024-04-17 19:02:32,541 [main] INFO  base.BaseClass - Found Element By {by.toString()}
2024-04-17 19:02:33,063 [main] INFO  base.BaseClass - Trying to find Element By {by.toString()})
2024-04-17 19:02:33,087 [main] INFO  base.BaseClass - Found Element By {by.toString()}
2024-04-17 19:02:33,605 [main] INFO  base.BaseClass - Trying to find Element By {by.toString()})
2024-04-17 19:02:33,634 [main] INFO  base.BaseClass - Found Element By {by.toString()}
2024-04-17 19:02:34,186 [main] INFO  base.BaseClass - Trying to find Element By {by.toString()})
2024-04-17 19:02:34,215 [main] INFO  base.BaseClass - Found Element By {by.toString()}
2024-04-17 19:02:34,764 [main] INFO  base.BaseClass - Trying to find Element By {by.toString()})
2024-04-17 19:02:34,793 [main] INFO  base.BaseClass - Found Element By {by.toString()}
2024-04-17 19:02:35,340 [main] INFO  base.BaseClass - Trying to find Element By {by.toString()})
2024-04-17 19:02:35,369 [main] INFO  base.BaseClass - Found Element By {by.toString()}
2024-04-17 19:02:35,921 [main] INFO  base.BaseClass - Trying to find Element By {by.toString()})
2024-04-17 19:02:35,950 [main] INFO  base.BaseClass - Found Element By {by.toString()}
2024-04-17 19:02:36,486 [main] INFO  base.BaseClass - Trying to find Element By {by.toString()})
2024-04-17 19:02:36,513 [main] INFO  base.BaseClass - Found Element By {by.toString()}
2024-04-17 19:02:37,064 [main] INFO  base.BaseClass - Trying to find Element By {by.toString()})
2024-04-17 19:02:37,094 [main] INFO  base.BaseClass - Found Element By {by.toString()}
2024-04-17 19:02:37,640 [main] INFO  base.BaseClass - Trying to find Element By {by.toString()})
2024-04-17 19:02:37,668 [main] INFO  base.BaseClass - Found Element By {by.toString()}
2024-04-17 19:02:38,217 [main] INFO  base.BaseClass - Trying to find Element By {by.toString()})
2024-04-17 19:02:38,247 [main] INFO  base.BaseClass - Found Element By {by.toString()}
2024-04-17 19:02:38,797 [main] INFO  base.BaseClass - Trying to find Element By {by.toString()})
2024-04-17 19:02:38,826 [main] INFO  base.BaseClass - Found Element By {by.toString()}
2024-04-17 19:02:39,361 [main] INFO  base.BaseClass - Trying to find Element By {by.toString()})
2024-04-17 19:02:39,390 [main] INFO  base.BaseClass - Found Element By {by.toString()}
2024-04-17 19:02:39,926 [main] INFO  base.BaseClass - Trying to find Element By {by.toString()})
2024-04-17 19:02:39,954 [main] INFO  base.BaseClass - Found Element By {by.toString()}
2024-04-17 19:02:40,506 [main] INFO  base.BaseClass - Trying to find Element By {by.toString()})
2024-04-17 19:02:40,535 [main] INFO  base.BaseClass - Found Element By {by.toString()}
2024-04-17 19:02:41,087 [main] INFO  base.BaseClass - Trying to find Element By {by.toString()})
2024-04-17 19:02:41,115 [main] INFO  base.BaseClass - Found Element By {by.toString()}
2024-04-17 19:02:41,667 [main] INFO  base.BaseClass - Trying to find Element By {by.toString()})
2024-04-17 19:02:41,697 [main] INFO  base.BaseClass - Found Element By {by.toString()}
2024-04-17 19:02:42,243 [main] INFO  base.BaseClass - Trying to find Element By {by.toString()})
2024-04-17 19:02:42,271 [main] INFO  base.BaseClass - Found Element By {by.toString()}
2024-04-17 19:02:42,809 [main] INFO  base.BaseClass - Trying to find Element By {by.toString()})
2024-04-17 19:02:42,837 [main] INFO  base.BaseClass - Found Element By {by.toString()}
2024-04-17 19:02:43,389 [main] INFO  base.BaseClass - Trying to find Element By {by.toString()})
2024-04-17 19:02:43,410 [main] INFO  base.BaseClass - Found Element By {by.toString()}
2024-04-17 19:02:43,936 [main] INFO  base.BaseClass - Trying to find Element By {by.toString()})
2024-04-17 19:02:43,965 [main] INFO  base.BaseClass - Found Element By {by.toString()}
2024-04-17 19:02:44,519 [main] INFO  base.BaseClass - Trying to find Element By {by.toString()})
2024-04-17 19:02:44,548 [main] INFO  base.BaseClass - Found Element By {by.toString()}
2024-04-17 19:02:45,101 [main] INFO  base.BaseClass - Trying to find Element By {by.toString()})
2024-04-17 19:02:45,130 [main] INFO  base.BaseClass - Found Element By {by.toString()}
2024-04-17 19:02:45,667 [main] INFO  base.BaseClass - Trying to find Element By {by.toString()})
2024-04-17 19:02:45,696 [main] INFO  base.BaseClass - Found Element By {by.toString()}
2024-04-17 19:02:46,246 [main] INFO  base.BaseClass - Trying to find Element By {by.toString()})
2024-04-17 19:02:46,275 [main] INFO  base.BaseClass - Found Element By {by.toString()}
2024-04-17 19:02:46,826 [main] INFO  base.BaseClass - Trying to find Element By {by.toString()})
2024-04-17 19:02:46,855 [main] INFO  base.BaseClass - Found Element By {by.toString()}
2024-04-17 19:02:47,405 [main] INFO  base.BaseClass - Trying to find Element By {by.toString()})
2024-04-17 19:02:47,433 [main] INFO  base.BaseClass - Found Element By {by.toString()}
2024-04-17 19:02:47,983 [main] INFO  base.BaseClass - Trying to find Element By {by.toString()})
2024-04-17 19:02:48,012 [main] INFO  base.BaseClass - Found Element By {by.toString()}
2024-04-17 19:02:48,561 [main] INFO  base.BaseClass - Trying to find Element By {by.toString()})
2024-04-17 19:02:48,588 [main] INFO  base.BaseClass - Found Element By {by.toString()}
2024-04-17 19:02:49,127 [main] INFO  base.BaseClass - Trying to find Element By {by.toString()})
2024-04-17 19:02:49,156 [main] INFO  base.BaseClass - Found Element By {by.toString()}
2024-04-17 19:02:49,702 [main] INFO  base.BaseClass - Trying to find Element By {by.toString()})
2024-04-17 19:02:49,731 [main] INFO  base.BaseClass - Found Element By {by.toString()}
2024-04-17 19:02:50,280 [main] INFO  base.BaseClass - Trying to find Element By {by.toString()})
2024-04-17 19:02:50,300 [main] INFO  base.BaseClass - Found Element By {by.toString()}
2024-04-17 19:02:50,844 [main] INFO  base.BaseClass - Trying to find Element By {by.toString()})
2024-04-17 19:02:50,872 [main] INFO  base.BaseClass - Found Element By {by.toString()}
2024-04-17 19:02:51,421 [main] INFO  base.BaseClass - Trying to find Element By {by.toString()})
2024-04-17 19:02:51,450 [main] INFO  base.BaseClass - Found Element By {by.toString()}
2024-04-17 19:02:51,996 [main] INFO  base.BaseClass - Trying to find Element By {by.toString()})
2024-04-17 19:02:52,024 [main] INFO  base.BaseClass - Found Element By {by.toString()}
2024-04-17 19:02:52,557 [main] INFO  base.BaseClass - Trying to find Element By {by.toString()})
2024-04-17 19:02:52,586 [main] INFO  base.BaseClass - Found Element By {by.toString()}
2024-04-17 19:02:53,138 [main] INFO  base.BaseClass - Trying to find Element By {by.toString()})
2024-04-17 19:02:53,165 [main] INFO  base.BaseClass - Found Element By {by.toString()}
TimeoutException occurred: Expected condition failed: waiting for helper.WaitUtility$5@354dd3e0 (tried for 30 second(s) with 500 milliseconds interval)
Build info: version: '3.141.59', revision: 'e82be7d358', time: '2018-11-14T08:17:03'
System info: host: 'DPLAP166', ip: '137.237.2.236', os.name: 'Windows 10', os.arch: 'amd64', os.version: '10.0', java.version: '19.0.1'
Driver info: org.openqa.selenium.support.events.EventFiringWebDriver
Capabilities {acceptInsecureCerts: true, browserName: chrome, browserVersion: 123.0.6312.123, chrome: {chromedriverVersion: 123.0.6312.122 (31f8248cdd9..., userDataDir: C:\Users\dP-PL\AppData\Loca...}, fedcm:accounts: true, goog:chromeOptions: {debuggerAddress: localhost:51256}, javascriptEnabled: true, networkConnectionEnabled: false, pageLoadStrategy: normal, platform: WINDOWS, platformName: WINDOWS, proxy: Proxy(), setWindowRect: true, strictFileInteractability: false, timeouts: {implicit: 0, pageLoad: 300000, script: 30000}, unhandledPromptBehavior: dismiss and notify, webauthn:extension:credBlob: true, webauthn:extension:largeBlob: true, webauthn:extension:minPinLength: true, webauthn:extension:prf: true, webauthn:virtualAuthenticators: true}
Session ID: a59c4df4811f82049fe754efe723d3c1
2024-04-17 19:02:53,197 [main] ERROR RotationCopy_test - Element did not become visible within the specified time: Expected condition failed: waiting for helper.WaitUtility$5@354dd3e0 (tried for 30 second(s) with 500 milliseconds interval)
Build info: version: '3.141.59', revision: 'e82be7d358', time: '2018-11-14T08:17:03'
System info: host: 'DPLAP166', ip: '137.237.2.236', os.name: 'Windows 10', os.arch: 'amd64', os.version: '10.0', java.version: '19.0.1'
Driver info: org.openqa.selenium.support.events.EventFiringWebDriver
Capabilities {acceptInsecureCerts: true, browserName: chrome, browserVersion: 123.0.6312.123, chrome: {chromedriverVersion: 123.0.6312.122 (31f8248cdd9..., userDataDir: C:\Users\dP-PL\AppData\Loca...}, fedcm:accounts: true, goog:chromeOptions: {debuggerAddress: localhost:51256}, javascriptEnabled: true, networkConnectionEnabled: false, pageLoadStrategy: normal, platform: WINDOWS, platformName: WINDOWS, proxy: Proxy(), setWindowRect: true, strictFileInteractability: false, timeouts: {implicit: 0, pageLoad: 300000, script: 30000}, unhandledPromptBehavior: dismiss and notify, webauthn:extension:credBlob: true, webauthn:extension:largeBlob: true, webauthn:extension:minPinLength: true, webauthn:extension:prf: true, webauthn:virtualAuthenticators: true}
Session ID: a59c4df4811f82049fe754efe723d3c1
2024-04-17 19:02:53,197 [main] INFO  base.BaseClass - Trying to find Element By {by.toString()})
2024-04-17 19:02:53,217 [main] INFO  base.BaseClass - Found Element By {by.toString()}
2024-04-17 19:02:53,217 [main] INFO  base.BaseClass - Trying to click on: {element.toString()}
2024-04-17 19:02:53,286 [main] INFO  base.BaseClass - Clicked on: {element.toString()}
2024-04-17 19:02:53,292 [main] INFO  base.BaseClass - Trying to find Element By {by.toString()})
2024-04-17 19:02:53,304 [main] INFO  base.BaseClass - Found Element By {by.toString()}
2024-04-17 19:02:53,822 [main] INFO  base.BaseClass - Trying to find Element By {by.toString()})
2024-04-17 19:02:54,186 [main] INFO  base.BaseClass - Found Element By {by.toString()}
2024-04-17 19:02:54,708 [main] INFO  base.BaseClass - Trying to find Element By {by.toString()})
2024-04-17 19:02:54,738 [main] INFO  base.BaseClass - Found Element By {by.toString()}
2024-04-17 19:02:55,274 [main] INFO  base.BaseClass - Trying to find Element By {by.toString()})
2024-04-17 19:02:55,298 [main] INFO  base.BaseClass - Found Element By {by.toString()}
2024-04-17 19:02:55,837 [main] INFO  base.BaseClass - Trying to find Element By {by.toString()})
2024-04-17 19:02:55,867 [main] INFO  base.BaseClass - Found Element By {by.toString()}
2024-04-17 19:02:56,414 [main] INFO  base.BaseClass - Trying to find Element By {by.toString()})
2024-04-17 19:02:56,446 [main] INFO  base.BaseClass - Found Element By {by.toString()}
2024-04-17 19:02:56,990 [main] INFO  base.BaseClass - Trying to find Element By {by.toString()})
2024-04-17 19:02:57,019 [main] INFO  base.BaseClass - Found Element By {by.toString()}
2024-04-17 19:02:57,568 [main] INFO  base.BaseClass - Trying to find Element By {by.toString()})
2024-04-17 19:02:57,597 [main] INFO  base.BaseClass - Found Element By {by.toString()}
2024-04-17 19:02:58,148 [main] INFO  base.BaseClass - Trying to find Element By {by.toString()})
2024-04-17 19:02:58,177 [main] INFO  base.BaseClass - Found Element By {by.toString()}
2024-04-17 19:02:58,713 [main] INFO  base.BaseClass - Trying to find Element By {by.toString()})
2024-04-17 19:02:58,743 [main] INFO  base.BaseClass - Found Element By {by.toString()}
2024-04-17 19:02:59,292 [main] INFO  base.BaseClass - Trying to find Element By {by.toString()})
2024-04-17 19:02:59,312 [main] INFO  base.BaseClass - Found Element By {by.toString()}
2024-04-17 19:02:59,854 [main] INFO  base.BaseClass - Trying to find Element By {by.toString()})
2024-04-17 19:02:59,884 [main] INFO  base.BaseClass - Found Element By {by.toString()}
2024-04-17 19:03:00,434 [main] INFO  base.BaseClass - Trying to find Element By {by.toString()})
2024-04-17 19:03:00,463 [main] INFO  base.BaseClass - Found Element By {by.toString()}
2024-04-17 19:03:01,010 [main] INFO  base.BaseClass - Trying to find Element By {by.toString()})
2024-04-17 19:03:01,040 [main] INFO  base.BaseClass - Found Element By {by.toString()}
2024-04-17 19:03:01,587 [main] INFO  base.BaseClass - Trying to find Element By {by.toString()})
2024-04-17 19:03:01,614 [main] INFO  base.BaseClass - Found Element By {by.toString()}
2024-04-17 19:03:02,166 [main] INFO  base.BaseClass - Trying to find Element By {by.toString()})
2024-04-17 19:03:02,266 [main] INFO  base.BaseClass - Found Element By {by.toString()}
2024-04-17 19:03:02,781 [main] INFO  base.BaseClass - Trying to find Element By {by.toString()})
2024-04-17 19:03:02,812 [main] INFO  base.BaseClass - Found Element By {by.toString()}
2024-04-17 19:03:03,347 [main] INFO  base.BaseClass - Trying to find Element By {by.toString()})
2024-04-17 19:03:03,364 [main] INFO  base.BaseClass - Found Element By {by.toString()}
2024-04-17 19:03:03,893 [main] INFO  base.BaseClass - Trying to find Element By {by.toString()})
2024-04-17 19:03:03,922 [main] INFO  base.BaseClass - Found Element By {by.toString()}
2024-04-17 19:03:04,471 [main] INFO  base.BaseClass - Trying to find Element By {by.toString()})
2024-04-17 19:03:04,502 [main] INFO  base.BaseClass - Found Element By {by.toString()}
2024-04-17 19:03:05,045 [main] INFO  base.BaseClass - Trying to find Element By {by.toString()})
2024-04-17 19:03:05,074 [main] INFO  base.BaseClass - Found Element By {by.toString()}
2024-04-17 19:03:05,625 [main] INFO  base.BaseClass - Trying to find Element By {by.toString()})
2024-04-17 19:03:05,645 [main] INFO  base.BaseClass - Found Element By {by.toString()}
2024-04-17 19:03:06,182 [main] INFO  base.BaseClass - Trying to find Element By {by.toString()})
2024-04-17 19:03:06,213 [main] INFO  base.BaseClass - Found Element By {by.toString()}
2024-04-17 19:03:06,759 [main] INFO  base.BaseClass - Trying to find Element By {by.toString()})
2024-04-17 19:03:06,781 [main] INFO  base.BaseClass - Found Element By {by.toString()}
2024-04-17 19:03:07,307 [main] INFO  base.BaseClass - Trying to find Element By {by.toString()})
2024-04-17 19:03:07,335 [main] INFO  base.BaseClass - Found Element By {by.toString()}
2024-04-17 19:03:07,868 [main] INFO  base.BaseClass - Trying to find Element By {by.toString()})
2024-04-17 19:03:07,897 [main] INFO  base.BaseClass - Found Element By {by.toString()}
2024-04-17 19:03:08,443 [main] INFO  base.BaseClass - Trying to find Element By {by.toString()})
2024-04-17 19:03:08,473 [main] INFO  base.BaseClass - Found Element By {by.toString()}
2024-04-17 19:03:09,021 [main] INFO  base.BaseClass - Trying to find Element By {by.toString()})
2024-04-17 19:03:09,051 [main] INFO  base.BaseClass - Found Element By {by.toString()}
2024-04-17 19:03:09,583 [main] INFO  base.BaseClass - Trying to find Element By {by.toString()})
2024-04-17 19:03:09,612 [main] INFO  base.BaseClass - Found Element By {by.toString()}
2024-04-17 19:03:10,162 [main] INFO  base.BaseClass - Trying to find Element By {by.toString()})
2024-04-17 19:03:10,191 [main] INFO  base.BaseClass - Found Element By {by.toString()}
2024-04-17 19:03:10,740 [main] INFO  base.BaseClass - Trying to find Element By {by.toString()})
2024-04-17 19:03:10,769 [main] INFO  base.BaseClass - Found Element By {by.toString()}
2024-04-17 19:03:11,317 [main] INFO  base.BaseClass - Trying to find Element By {by.toString()})
2024-04-17 19:03:11,348 [main] INFO  base.BaseClass - Found Element By {by.toString()}
2024-04-17 19:03:11,895 [main] INFO  base.BaseClass - Trying to find Element By {by.toString()})
2024-04-17 19:03:11,926 [main] INFO  base.BaseClass - Found Element By {by.toString()}
2024-04-17 19:03:12,476 [main] INFO  base.BaseClass - Trying to find Element By {by.toString()})
2024-04-17 19:03:12,503 [main] INFO  base.BaseClass - Found Element By {by.toString()}
2024-04-17 19:03:13,043 [main] INFO  base.BaseClass - Trying to find Element By {by.toString()})
2024-04-17 19:03:13,071 [main] INFO  base.BaseClass - Found Element By {by.toString()}
2024-04-17 19:03:13,622 [main] INFO  base.BaseClass - Trying to find Element By {by.toString()})
2024-04-17 19:03:13,636 [main] INFO  base.BaseClass - Found Element By {by.toString()}
2024-04-17 19:03:14,169 [main] INFO  base.BaseClass - Trying to find Element By {by.toString()})
2024-04-17 19:03:14,187 [main] INFO  base.BaseClass - Found Element By {by.toString()}
2024-04-17 19:03:14,715 [main] INFO  base.BaseClass - Trying to find Element By {by.toString()})
2024-04-17 19:03:14,744 [main] INFO  base.BaseClass - Found Element By {by.toString()}
2024-04-17 19:03:15,278 [main] INFO  base.BaseClass - Trying to find Element By {by.toString()})
2024-04-17 19:03:15,304 [main] INFO  base.BaseClass - Found Element By {by.toString()}
2024-04-17 19:03:15,837 [main] INFO  base.BaseClass - Trying to find Element By {by.toString()})
2024-04-17 19:03:15,866 [main] INFO  base.BaseClass - Found Element By {by.toString()}
2024-04-17 19:03:16,419 [main] INFO  base.BaseClass - Trying to find Element By {by.toString()})
2024-04-17 19:03:16,446 [main] INFO  base.BaseClass - Found Element By {by.toString()}
2024-04-17 19:03:16,980 [main] INFO  base.BaseClass - Trying to find Element By {by.toString()})
2024-04-17 19:03:17,012 [main] INFO  base.BaseClass - Found Element By {by.toString()}
2024-04-17 19:03:17,542 [main] INFO  base.BaseClass - Trying to find Element By {by.toString()})
2024-04-17 19:03:17,571 [main] INFO  base.BaseClass - Found Element By {by.toString()}
2024-04-17 19:03:18,120 [main] INFO  base.BaseClass - Trying to find Element By {by.toString()})
2024-04-17 19:03:18,148 [main] INFO  base.BaseClass - Found Element By {by.toString()}
2024-04-17 19:03:18,684 [main] INFO  base.BaseClass - Trying to find Element By {by.toString()})
2024-04-17 19:03:18,714 [main] INFO  base.BaseClass - Found Element By {by.toString()}
2024-04-17 19:03:19,248 [main] INFO  base.BaseClass - Trying to find Element By {by.toString()})
2024-04-17 19:03:19,278 [main] INFO  base.BaseClass - Found Element By {by.toString()}
2024-04-17 19:03:19,827 [main] INFO  base.BaseClass - Trying to find Element By {by.toString()})
2024-04-17 19:03:19,857 [main] INFO  base.BaseClass - Found Element By {by.toString()}
2024-04-17 19:03:20,395 [main] INFO  base.BaseClass - Trying to find Element By {by.toString()})
2024-04-17 19:03:20,424 [main] INFO  base.BaseClass - Found Element By {by.toString()}
2024-04-17 19:03:20,957 [main] INFO  base.BaseClass - Trying to find Element By {by.toString()})
2024-04-17 19:03:20,987 [main] INFO  base.BaseClass - Found Element By {by.toString()}
2024-04-17 19:03:21,533 [main] INFO  base.BaseClass - Trying to find Element By {by.toString()})
2024-04-17 19:03:21,563 [main] INFO  base.BaseClass - Found Element By {by.toString()}
2024-04-17 19:03:22,111 [main] INFO  base.BaseClass - Trying to find Element By {by.toString()})
2024-04-17 19:03:22,141 [main] INFO  base.BaseClass - Found Element By {by.toString()}
2024-04-17 19:03:22,691 [main] INFO  base.BaseClass - Trying to find Element By {by.toString()})
2024-04-17 19:03:22,708 [main] INFO  base.BaseClass - Found Element By {by.toString()}
2024-04-17 19:03:23,238 [main] INFO  base.BaseClass - Trying to find Element By {by.toString()})
2024-04-17 19:03:23,267 [main] INFO  base.BaseClass - Found Element By {by.toString()}
TimeoutException occurred: Expected condition failed: waiting for helper.WaitUtility$5@35dcabed (tried for 30 second(s) with 500 milliseconds interval)
Build info: version: '3.141.59', revision: 'e82be7d358', time: '2018-11-14T08:17:03'
System info: host: 'DPLAP166', ip: '137.237.2.236', os.name: 'Windows 10', os.arch: 'amd64', os.version: '10.0', java.version: '19.0.1'
Driver info: org.openqa.selenium.support.events.EventFiringWebDriver
Capabilities {acceptInsecureCerts: true, browserName: chrome, browserVersion: 123.0.6312.123, chrome: {chromedriverVersion: 123.0.6312.122 (31f8248cdd9..., userDataDir: C:\Users\dP-PL\AppData\Loca...}, fedcm:accounts: true, goog:chromeOptions: {debuggerAddress: localhost:51256}, javascriptEnabled: true, networkConnectionEnabled: false, pageLoadStrategy: normal, platform: WINDOWS, platformName: WINDOWS, proxy: Proxy(), setWindowRect: true, strictFileInteractability: false, timeouts: {implicit: 0, pageLoad: 300000, script: 30000}, unhandledPromptBehavior: dismiss and notify, webauthn:extension:credBlob: true, webauthn:extension:largeBlob: true, webauthn:extension:minPinLength: true, webauthn:extension:prf: true, webauthn:virtualAuthenticators: true}
Session ID: a59c4df4811f82049fe754efe723d3c1
2024-04-17 19:03:23,309 [main] ERROR RotationCopy_test - Element did not become visible within the specified time: Expected condition failed: waiting for helper.WaitUtility$5@35dcabed (tried for 30 second(s) with 500 milliseconds interval)
Build info: version: '3.141.59', revision: 'e82be7d358', time: '2018-11-14T08:17:03'
System info: host: 'DPLAP166', ip: '137.237.2.236', os.name: 'Windows 10', os.arch: 'amd64', os.version: '10.0', java.version: '19.0.1'
Driver info: org.openqa.selenium.support.events.EventFiringWebDriver
Capabilities {acceptInsecureCerts: true, browserName: chrome, browserVersion: 123.0.6312.123, chrome: {chromedriverVersion: 123.0.6312.122 (31f8248cdd9..., userDataDir: C:\Users\dP-PL\AppData\Loca...}, fedcm:accounts: true, goog:chromeOptions: {debuggerAddress: localhost:51256}, javascriptEnabled: true, networkConnectionEnabled: false, pageLoadStrategy: normal, platform: WINDOWS, platformName: WINDOWS, proxy: Proxy(), setWindowRect: true, strictFileInteractability: false, timeouts: {implicit: 0, pageLoad: 300000, script: 30000}, unhandledPromptBehavior: dismiss and notify, webauthn:extension:credBlob: true, webauthn:extension:largeBlob: true, webauthn:extension:minPinLength: true, webauthn:extension:prf: true, webauthn:virtualAuthenticators: true}
Session ID: a59c4df4811f82049fe754efe723d3c1
2024-04-17 19:03:23,309 [main] INFO  base.BaseClass - Trying to find Element By {by.toString()})
2024-04-17 19:03:23,326 [main] INFO  base.BaseClass - Found Element By {by.toString()}
2024-04-17 19:03:23,326 [main] INFO  base.BaseClass - Trying to click on: {element.toString()}
2024-04-17 19:03:23,434 [main] INFO  base.BaseClass - Clicked on: {element.toString()}
2024-04-17 19:03:23,434 [main] INFO  base.BaseClass - Trying to find Element By {by.toString()})
2024-04-17 19:03:24,325 [main] INFO  base.BaseClass - Found Element By {by.toString()}
2024-04-17 19:03:24,848 [main] INFO  base.BaseClass - Trying to find Element By {by.toString()})
2024-04-17 19:03:24,880 [main] INFO  base.BaseClass - Found Element By {by.toString()}
2024-04-17 19:03:25,425 [main] INFO  base.BaseClass - Trying to find Element By {by.toString()})
2024-04-17 19:03:25,458 [main] INFO  base.BaseClass - Found Element By {by.toString()}
2024-04-17 19:03:26,001 [main] INFO  base.BaseClass - Trying to find Element By {by.toString()})
2024-04-17 19:03:26,031 [main] INFO  base.BaseClass - Found Element By {by.toString()}
2024-04-17 19:03:26,564 [main] INFO  base.BaseClass - Trying to find Element By {by.toString()})
2024-04-17 19:03:26,594 [main] INFO  base.BaseClass - Found Element By {by.toString()}
2024-04-17 19:03:27,139 [main] INFO  base.BaseClass - Trying to find Element By {by.toString()})
2024-04-17 19:03:27,169 [main] INFO  base.BaseClass - Found Element By {by.toString()}
2024-04-17 19:03:27,718 [main] INFO  base.BaseClass - Trying to find Element By {by.toString()})
2024-04-17 19:03:27,749 [main] INFO  base.BaseClass - Found Element By {by.toString()}
2024-04-17 19:03:28,296 [main] INFO  base.BaseClass - Trying to find Element By {by.toString()})
2024-04-17 19:03:28,328 [main] INFO  base.BaseClass - Found Element By {by.toString()}
2024-04-17 19:03:28,873 [main] INFO  base.BaseClass - Trying to find Element By {by.toString()})
2024-04-17 19:03:28,905 [main] INFO  base.BaseClass - Found Element By {by.toString()}
2024-04-17 19:03:29,437 [main] INFO  base.BaseClass - Trying to find Element By {by.toString()})
2024-04-17 19:03:29,469 [main] INFO  base.BaseClass - Found Element By {by.toString()}
2024-04-17 19:03:30,016 [main] INFO  base.BaseClass - Trying to find Element By {by.toString()})
2024-04-17 19:03:30,047 [main] INFO  base.BaseClass - Found Element By {by.toString()}
2024-04-17 19:03:30,597 [main] INFO  base.BaseClass - Trying to find Element By {by.toString()})
2024-04-17 19:03:30,626 [main] INFO  base.BaseClass - Found Element By {by.toString()}
2024-04-17 19:03:31,144 [main] INFO  base.BaseClass - Trying to find Element By {by.toString()})
2024-04-17 19:03:31,173 [main] INFO  base.BaseClass - Found Element By {by.toString()}
2024-04-17 19:03:31,726 [main] INFO  base.BaseClass - Trying to find Element By {by.toString()})
2024-04-17 19:03:31,758 [main] INFO  base.BaseClass - Found Element By {by.toString()}
2024-04-17 19:03:32,304 [main] INFO  base.BaseClass - Trying to find Element By {by.toString()})
2024-04-17 19:03:32,335 [main] INFO  base.BaseClass - Found Element By {by.toString()}
2024-04-17 19:03:32,881 [main] INFO  base.BaseClass - Trying to find Element By {by.toString()})
2024-04-17 19:03:32,912 [main] INFO  base.BaseClass - Found Element By {by.toString()}
2024-04-17 19:03:33,463 [main] INFO  base.BaseClass - Trying to find Element By {by.toString()})
2024-04-17 19:03:33,496 [main] INFO  base.BaseClass - Found Element By {by.toString()}
2024-04-17 19:03:34,042 [main] INFO  base.BaseClass - Trying to find Element By {by.toString()})
2024-04-17 19:03:34,058 [main] INFO  base.BaseClass - Found Element By {by.toString()}
2024-04-17 19:03:34,588 [main] INFO  base.BaseClass - Trying to find Element By {by.toString()})
2024-04-17 19:03:34,619 [main] INFO  base.BaseClass - Found Element By {by.toString()}
2024-04-17 19:03:35,153 [main] INFO  base.BaseClass - Trying to find Element By {by.toString()})
2024-04-17 19:03:35,183 [main] INFO  base.BaseClass - Found Element By {by.toString()}
2024-04-17 19:03:35,729 [main] INFO  base.BaseClass - Trying to find Element By {by.toString()})
2024-04-17 19:03:35,764 [main] INFO  base.BaseClass - Found Element By {by.toString()}
2024-04-17 19:03:36,310 [main] INFO  base.BaseClass - Trying to find Element By {by.toString()})
2024-04-17 19:03:36,339 [main] INFO  base.BaseClass - Found Element By {by.toString()}
2024-04-17 19:03:36,873 [main] INFO  base.BaseClass - Trying to find Element By {by.toString()})
2024-04-17 19:03:36,906 [main] INFO  base.BaseClass - Found Element By {by.toString()}
2024-04-17 19:03:37,453 [main] INFO  base.BaseClass - Trying to find Element By {by.toString()})
2024-04-17 19:03:37,484 [main] INFO  base.BaseClass - Found Element By {by.toString()}
2024-04-17 19:03:38,029 [main] INFO  base.BaseClass - Trying to find Element By {by.toString()})
2024-04-17 19:03:38,061 [main] INFO  base.BaseClass - Found Element By {by.toString()}
2024-04-17 19:03:38,608 [main] INFO  base.BaseClass - Trying to find Element By {by.toString()})
2024-04-17 19:03:38,620 [main] INFO  base.BaseClass - Found Element By {by.toString()}
2024-04-17 19:03:39,143 [main] INFO  base.BaseClass - Trying to find Element By {by.toString()})
2024-04-17 19:03:39,174 [main] INFO  base.BaseClass - Found Element By {by.toString()}
2024-04-17 19:03:39,720 [main] INFO  base.BaseClass - Trying to find Element By {by.toString()})
2024-04-17 19:03:39,747 [main] INFO  base.BaseClass - Found Element By {by.toString()}
2024-04-17 19:03:40,299 [main] INFO  base.BaseClass - Trying to find Element By {by.toString()})
2024-04-17 19:03:40,331 [main] INFO  base.BaseClass - Found Element By {by.toString()}
2024-04-17 19:03:40,877 [main] INFO  base.BaseClass - Trying to find Element By {by.toString()})
2024-04-17 19:03:40,893 [main] INFO  base.BaseClass - Found Element By {by.toString()}
2024-04-17 19:03:41,421 [main] INFO  base.BaseClass - Trying to find Element By {by.toString()})
2024-04-17 19:03:41,452 [main] INFO  base.BaseClass - Found Element By {by.toString()}
2024-04-17 19:03:41,999 [main] INFO  base.BaseClass - Trying to find Element By {by.toString()})
2024-04-17 19:03:42,029 [main] INFO  base.BaseClass - Found Element By {by.toString()}
2024-04-17 19:03:42,576 [main] INFO  base.BaseClass - Trying to find Element By {by.toString()})
2024-04-17 19:03:42,599 [main] INFO  base.BaseClass - Found Element By {by.toString()}
2024-04-17 19:03:43,139 [main] INFO  base.BaseClass - Trying to find Element By {by.toString()})
2024-04-17 19:03:43,163 [main] INFO  base.BaseClass - Found Element By {by.toString()}
2024-04-17 19:03:43,687 [main] INFO  base.BaseClass - Trying to find Element By {by.toString()})
2024-04-17 19:03:43,698 [main] INFO  base.BaseClass - Found Element By {by.toString()}
2024-04-17 19:03:44,221 [main] INFO  base.BaseClass - Trying to find Element By {by.toString()})
2024-04-17 19:03:44,283 [main] INFO  base.BaseClass - Found Element By {by.toString()}
2024-04-17 19:03:44,828 [main] INFO  base.BaseClass - Trying to find Element By {by.toString()})
2024-04-17 19:03:44,861 [main] INFO  base.BaseClass - Found Element By {by.toString()}
2024-04-17 19:03:45,388 [main] INFO  base.BaseClass - Trying to find Element By {by.toString()})
2024-04-17 19:03:45,418 [main] INFO  base.BaseClass - Found Element By {by.toString()}
2024-04-17 19:03:45,964 [main] INFO  base.BaseClass - Trying to find Element By {by.toString()})
2024-04-17 19:03:45,995 [main] INFO  base.BaseClass - Found Element By {by.toString()}
2024-04-17 19:03:46,547 [main] INFO  base.BaseClass - Trying to find Element By {by.toString()})
2024-04-17 19:03:46,578 [main] INFO  base.BaseClass - Found Element By {by.toString()}
2024-04-17 19:03:47,127 [main] INFO  base.BaseClass - Trying to find Element By {by.toString()})
2024-04-17 19:03:47,158 [main] INFO  base.BaseClass - Found Element By {by.toString()}
2024-04-17 19:03:47,708 [main] INFO  base.BaseClass - Trying to find Element By {by.toString()})
2024-04-17 19:03:47,738 [main] INFO  base.BaseClass - Found Element By {by.toString()}
2024-04-17 19:03:48,289 [main] INFO  base.BaseClass - Trying to find Element By {by.toString()})
2024-04-17 19:03:48,320 [main] INFO  base.BaseClass - Found Element By {by.toString()}
2024-04-17 19:03:48,868 [main] INFO  base.BaseClass - Trying to find Element By {by.toString()})
2024-04-17 19:03:48,901 [main] INFO  base.BaseClass - Found Element By {by.toString()}
2024-04-17 19:03:49,443 [main] INFO  base.BaseClass - Trying to find Element By {by.toString()})
2024-04-17 19:03:49,474 [main] INFO  base.BaseClass - Found Element By {by.toString()}
2024-04-17 19:03:50,021 [main] INFO  base.BaseClass - Trying to find Element By {by.toString()})
2024-04-17 19:03:50,039 [main] INFO  base.BaseClass - Found Element By {by.toString()}
2024-04-17 19:03:50,564 [main] INFO  base.BaseClass - Trying to find Element By {by.toString()})
2024-04-17 19:03:50,596 [main] INFO  base.BaseClass - Found Element By {by.toString()}
2024-04-17 19:03:51,141 [main] INFO  base.BaseClass - Trying to find Element By {by.toString()})
2024-04-17 19:03:51,171 [main] INFO  base.BaseClass - Found Element By {by.toString()}
2024-04-17 19:03:51,719 [main] INFO  base.BaseClass - Trying to find Element By {by.toString()})
2024-04-17 19:03:51,749 [main] INFO  base.BaseClass - Found Element By {by.toString()}
2024-04-17 19:03:52,298 [main] INFO  base.BaseClass - Trying to find Element By {by.toString()})
2024-04-17 19:03:52,329 [main] INFO  base.BaseClass - Found Element By {by.toString()}
2024-04-17 19:03:52,878 [main] INFO  base.BaseClass - Trying to find Element By {by.toString()})
2024-04-17 19:03:52,909 [main] INFO  base.BaseClass - Found Element By {by.toString()}
2024-04-17 19:03:53,454 [main] INFO  base.BaseClass - Trying to find Element By {by.toString()})
2024-04-17 19:03:53,486 [main] INFO  base.BaseClass - Found Element By {by.toString()}
TimeoutException occurred: Expected condition failed: waiting for helper.WaitUtility$5@216c3648 (tried for 30 second(s) with 500 milliseconds interval)
Build info: version: '3.141.59', revision: 'e82be7d358', time: '2018-11-14T08:17:03'
System info: host: 'DPLAP166', ip: '137.237.2.236', os.name: 'Windows 10', os.arch: 'amd64', os.version: '10.0', java.version: '19.0.1'
Driver info: org.openqa.selenium.support.events.EventFiringWebDriver
Capabilities {acceptInsecureCerts: true, browserName: chrome, browserVersion: 123.0.6312.123, chrome: {chromedriverVersion: 123.0.6312.122 (31f8248cdd9..., userDataDir: C:\Users\dP-PL\AppData\Loca...}, fedcm:accounts: true, goog:chromeOptions: {debuggerAddress: localhost:51256}, javascriptEnabled: true, networkConnectionEnabled: false, pageLoadStrategy: normal, platform: WINDOWS, platformName: WINDOWS, proxy: Proxy(), setWindowRect: true, strictFileInteractability: false, timeouts: {implicit: 0, pageLoad: 300000, script: 30000}, unhandledPromptBehavior: dismiss and notify, webauthn:extension:credBlob: true, webauthn:extension:largeBlob: true, webauthn:extension:minPinLength: true, webauthn:extension:prf: true, webauthn:virtualAuthenticators: true}
Session ID: a59c4df4811f82049fe754efe723d3c1
2024-04-17 19:03:53,529 [main] ERROR RotationCopy_test - Element did not become visible within the specified time: Expected condition failed: waiting for helper.WaitUtility$5@216c3648 (tried for 30 second(s) with 500 milliseconds interval)
Build info: version: '3.141.59', revision: 'e82be7d358', time: '2018-11-14T08:17:03'
System info: host: 'DPLAP166', ip: '137.237.2.236', os.name: 'Windows 10', os.arch: 'amd64', os.version: '10.0', java.version: '19.0.1'
Driver info: org.openqa.selenium.support.events.EventFiringWebDriver
Capabilities {acceptInsecureCerts: true, browserName: chrome, browserVersion: 123.0.6312.123, chrome: {chromedriverVersion: 123.0.6312.122 (31f8248cdd9..., userDataDir: C:\Users\dP-PL\AppData\Loca...}, fedcm:accounts: true, goog:chromeOptions: {debuggerAddress: localhost:51256}, javascriptEnabled: true, networkConnectionEnabled: false, pageLoadStrategy: normal, platform: WINDOWS, platformName: WINDOWS, proxy: Proxy(), setWindowRect: true, strictFileInteractability: false, timeouts: {implicit: 0, pageLoad: 300000, script: 30000}, unhandledPromptBehavior: dismiss and notify, webauthn:extension:credBlob: true, webauthn:extension:largeBlob: true, webauthn:extension:minPinLength: true, webauthn:extension:prf: true, webauthn:virtualAuthenticators: true}
Session ID: a59c4df4811f82049fe754efe723d3c1
2024-04-17 19:03:53,529 [main] INFO  base.BaseClass - Trying to find Element By {by.toString()})
2024-04-17 19:03:53,551 [main] INFO  base.BaseClass - Found Element By {by.toString()}
2024-04-17 19:03:53,551 [main] INFO  base.BaseClass - Trying to click on: {element.toString()}
2024-04-17 19:03:53,640 [main] INFO  base.BaseClass - Clicked on: {element.toString()}
2024-04-17 19:03:53,640 [main] INFO  base.BaseClass - Trying to find Element By {by.toString()})
2024-04-17 19:03:53,657 [main] INFO  base.BaseClass - Found Element By {by.toString()}
2024-04-17 19:03:54,170 [main] INFO  base.BaseClass - Trying to find Element By {by.toString()})
2024-04-17 19:03:54,202 [main] INFO  base.BaseClass - Found Element By {by.toString()}
2024-04-17 19:03:54,748 [main] INFO  base.BaseClass - Trying to find Element By {by.toString()})
2024-04-17 19:03:54,770 [main] INFO  base.BaseClass - Found Element By {by.toString()}
2024-04-17 19:03:55,301 [main] INFO  base.BaseClass - Trying to find Element By {by.toString()})
2024-04-17 19:03:55,334 [main] INFO  base.BaseClass - Found Element By {by.toString()}
2024-04-17 19:03:55,880 [main] INFO  base.BaseClass - Trying to find Element By {by.toString()})
2024-04-17 19:03:55,912 [main] INFO  base.BaseClass - Found Element By {by.toString()}
2024-04-17 19:03:56,459 [main] INFO  base.BaseClass - Trying to find Element By {by.toString()})
2024-04-17 19:03:56,491 [main] INFO  base.BaseClass - Found Element By {by.toString()}
2024-04-17 19:03:57,036 [main] INFO  base.BaseClass - Trying to find Element By {by.toString()})
2024-04-17 19:03:57,067 [main] INFO  base.BaseClass - Found Element By {by.toString()}
2024-04-17 19:03:57,601 [main] INFO  base.BaseClass - Trying to find Element By {by.toString()})
2024-04-17 19:03:57,632 [main] INFO  base.BaseClass - Found Element By {by.toString()}
2024-04-17 19:03:58,182 [main] INFO  base.BaseClass - Trying to find Element By {by.toString()})
2024-04-17 19:03:58,213 [main] INFO  base.BaseClass - Found Element By {by.toString()}
2024-04-17 19:03:58,764 [main] INFO  base.BaseClass - Trying to find Element By {by.toString()})
2024-04-17 19:03:58,795 [main] INFO  base.BaseClass - Found Element By {by.toString()}
2024-04-17 19:03:59,343 [main] INFO  base.BaseClass - Trying to find Element By {by.toString()})
2024-04-17 19:03:59,369 [main] INFO  base.BaseClass - Found Element By {by.toString()}
2024-04-17 19:03:59,919 [main] INFO  base.BaseClass - Trying to find Element By {by.toString()})
2024-04-17 19:03:59,937 [main] INFO  base.BaseClass - Found Element By {by.toString()}
2024-04-17 19:04:00,468 [main] INFO  base.BaseClass - Trying to find Element By {by.toString()})
2024-04-17 19:04:00,531 [main] INFO  base.BaseClass - Found Element By {by.toString()}
2024-04-17 19:04:01,078 [main] INFO  base.BaseClass - Trying to find Element By {by.toString()})
2024-04-17 19:04:01,110 [main] INFO  base.BaseClass - Found Element By {by.toString()}
2024-04-17 19:04:01,655 [main] INFO  base.BaseClass - Trying to find Element By {by.toString()})
2024-04-17 19:04:01,687 [main] INFO  base.BaseClass - Found Element By {by.toString()}
2024-04-17 19:04:02,233 [main] INFO  base.BaseClass - Trying to find Element By {by.toString()})
2024-04-17 19:04:02,264 [main] INFO  base.BaseClass - Found Element By {by.toString()}
2024-04-17 19:04:02,814 [main] INFO  base.BaseClass - Trying to find Element By {by.toString()})
2024-04-17 19:04:04,063 [main] INFO  base.BaseClass - Found Element By {by.toString()}
2024-04-17 19:04:04,608 [main] INFO  base.BaseClass - Trying to find Element By {by.toString()})
2024-04-17 19:04:04,642 [main] INFO  base.BaseClass - Found Element By {by.toString()}
2024-04-17 19:04:05,187 [main] INFO  base.BaseClass - Trying to find Element By {by.toString()})
2024-04-17 19:04:05,220 [main] INFO  base.BaseClass - Found Element By {by.toString()}
2024-04-17 19:04:05,752 [main] INFO  base.BaseClass - Trying to find Element By {by.toString()})
2024-04-17 19:04:05,772 [main] INFO  base.BaseClass - Found Element By {by.toString()}
2024-04-17 19:04:06,303 [main] INFO  base.BaseClass - Trying to find Element By {by.toString()})
2024-04-17 19:04:06,323 [main] INFO  base.BaseClass - Found Element By {by.toString()}
2024-04-17 19:04:06,853 [main] INFO  base.BaseClass - Trying to find Element By {by.toString()})
2024-04-17 19:04:06,869 [main] INFO  base.BaseClass - Found Element By {by.toString()}
2024-04-17 19:04:07,405 [main] INFO  base.BaseClass - Trying to find Element By {by.toString()})
2024-04-17 19:04:07,436 [main] INFO  base.BaseClass - Found Element By {by.toString()}
2024-04-17 19:04:07,984 [main] INFO  base.BaseClass - Trying to find Element By {by.toString()})
2024-04-17 19:04:08,015 [main] INFO  base.BaseClass - Found Element By {by.toString()}
2024-04-17 19:04:08,563 [main] INFO  base.BaseClass - Trying to find Element By {by.toString()})
2024-04-17 19:04:08,590 [main] INFO  base.BaseClass - Found Element By {by.toString()}
2024-04-17 19:04:09,123 [main] INFO  base.BaseClass - Trying to find Element By {by.toString()})
2024-04-17 19:04:09,136 [main] INFO  base.BaseClass - Found Element By {by.toString()}
2024-04-17 19:04:09,653 [main] INFO  base.BaseClass - Trying to find Element By {by.toString()})
2024-04-17 19:04:09,686 [main] INFO  base.BaseClass - Found Element By {by.toString()}
2024-04-17 19:04:10,230 [main] INFO  base.BaseClass - Trying to find Element By {by.toString()})
2024-04-17 19:04:10,262 [main] INFO  base.BaseClass - Found Element By {by.toString()}
2024-04-17 19:04:10,808 [main] INFO  base.BaseClass - Trying to find Element By {by.toString()})
2024-04-17 19:04:10,838 [main] INFO  base.BaseClass - Found Element By {by.toString()}
2024-04-17 19:04:11,385 [main] INFO  base.BaseClass - Trying to find Element By {by.toString()})
2024-04-17 19:04:11,415 [main] INFO  base.BaseClass - Found Element By {by.toString()}
2024-04-17 19:04:11,951 [main] INFO  base.BaseClass - Trying to find Element By {by.toString()})
2024-04-17 19:04:11,982 [main] INFO  base.BaseClass - Found Element By {by.toString()}
2024-04-17 19:04:12,516 [main] INFO  base.BaseClass - Trying to find Element By {by.toString()})
2024-04-17 19:04:12,547 [main] INFO  base.BaseClass - Found Element By {by.toString()}
2024-04-17 19:04:13,093 [main] INFO  base.BaseClass - Trying to find Element By {by.toString()})
2024-04-17 19:04:13,125 [main] INFO  base.BaseClass - Found Element By {by.toString()}
2024-04-17 19:04:13,674 [main] INFO  base.BaseClass - Trying to find Element By {by.toString()})
2024-04-17 19:04:13,698 [main] INFO  base.BaseClass - Found Element By {by.toString()}
2024-04-17 19:04:14,237 [main] INFO  base.BaseClass - Trying to find Element By {by.toString()})
2024-04-17 19:04:14,257 [main] INFO  base.BaseClass - Found Element By {by.toString()}
2024-04-17 19:04:14,782 [main] INFO  base.BaseClass - Trying to find Element By {by.toString()})
2024-04-17 19:04:14,813 [main] INFO  base.BaseClass - Found Element By {by.toString()}
2024-04-17 19:04:15,345 [main] INFO  base.BaseClass - Trying to find Element By {by.toString()})
2024-04-17 19:04:15,374 [main] INFO  base.BaseClass - Found Element By {by.toString()}
2024-04-17 19:04:15,908 [main] INFO  base.BaseClass - Trying to find Element By {by.toString()})
2024-04-17 19:04:15,937 [main] INFO  base.BaseClass - Found Element By {by.toString()}
2024-04-17 19:04:16,488 [main] INFO  base.BaseClass - Trying to find Element By {by.toString()})
2024-04-17 19:04:16,518 [main] INFO  base.BaseClass - Found Element By {by.toString()}
2024-04-17 19:04:17,066 [main] INFO  base.BaseClass - Trying to find Element By {by.toString()})
2024-04-17 19:04:17,097 [main] INFO  base.BaseClass - Found Element By {by.toString()}
2024-04-17 19:04:17,647 [main] INFO  base.BaseClass - Trying to find Element By {by.toString()})
2024-04-17 19:04:17,660 [main] INFO  base.BaseClass - Found Element By {by.toString()}
2024-04-17 19:04:18,180 [main] INFO  base.BaseClass - Trying to find Element By {by.toString()})
2024-04-17 19:04:18,189 [main] INFO  base.BaseClass - Found Element By {by.toString()}
2024-04-17 19:04:18,714 [main] INFO  base.BaseClass - Trying to find Element By {by.toString()})
2024-04-17 19:04:18,789 [main] INFO  base.BaseClass - Found Element By {by.toString()}
2024-04-17 19:04:19,327 [main] INFO  base.BaseClass - Trying to find Element By {by.toString()})
2024-04-17 19:04:19,359 [main] INFO  base.BaseClass - Found Element By {by.toString()}
2024-04-17 19:04:19,892 [main] INFO  base.BaseClass - Trying to find Element By {by.toString()})
2024-04-17 19:04:19,924 [main] INFO  base.BaseClass - Found Element By {by.toString()}
2024-04-17 19:04:20,467 [main] INFO  base.BaseClass - Trying to find Element By {by.toString()})
2024-04-17 19:04:20,499 [main] INFO  base.BaseClass - Found Element By {by.toString()}
2024-04-17 19:04:21,047 [main] INFO  base.BaseClass - Trying to find Element By {by.toString()})
2024-04-17 19:04:21,079 [main] INFO  base.BaseClass - Found Element By {by.toString()}
2024-04-17 19:04:21,609 [main] INFO  base.BaseClass - Trying to find Element By {by.toString()})
2024-04-17 19:04:21,636 [main] INFO  base.BaseClass - Found Element By {by.toString()}
2024-04-17 19:04:22,169 [main] INFO  base.BaseClass - Trying to find Element By {by.toString()})
2024-04-17 19:04:22,197 [main] INFO  base.BaseClass - Found Element By {by.toString()}
2024-04-17 19:04:22,714 [main] INFO  base.BaseClass - Trying to find Element By {by.toString()})
2024-04-17 19:04:22,744 [main] INFO  base.BaseClass - Found Element By {by.toString()}
2024-04-17 19:04:23,291 [main] INFO  base.BaseClass - Trying to find Element By {by.toString()})
2024-04-17 19:04:23,322 [main] INFO  base.BaseClass - Found Element By {by.toString()}
2024-04-17 19:04:23,868 [main] INFO  base.BaseClass - Trying to find Element By {by.toString()})
2024-04-17 19:04:23,890 [main] INFO  base.BaseClass - Found Element By {by.toString()}
TimeoutException occurred: Expected condition failed: waiting for helper.WaitUtility$5@7410611e (tried for 30 second(s) with 500 milliseconds interval)
Build info: version: '3.141.59', revision: 'e82be7d358', time: '2018-11-14T08:17:03'
System info: host: 'DPLAP166', ip: '137.237.2.236', os.name: 'Windows 10', os.arch: 'amd64', os.version: '10.0', java.version: '19.0.1'
Driver info: org.openqa.selenium.support.events.EventFiringWebDriver
Capabilities {acceptInsecureCerts: true, browserName: chrome, browserVersion: 123.0.6312.123, chrome: {chromedriverVersion: 123.0.6312.122 (31f8248cdd9..., userDataDir: C:\Users\dP-PL\AppData\Loca...}, fedcm:accounts: true, goog:chromeOptions: {debuggerAddress: localhost:51256}, javascriptEnabled: true, networkConnectionEnabled: false, pageLoadStrategy: normal, platform: WINDOWS, platformName: WINDOWS, proxy: Proxy(), setWindowRect: true, strictFileInteractability: false, timeouts: {implicit: 0, pageLoad: 300000, script: 30000}, unhandledPromptBehavior: dismiss and notify, webauthn:extension:credBlob: true, webauthn:extension:largeBlob: true, webauthn:extension:minPinLength: true, webauthn:extension:prf: true, webauthn:virtualAuthenticators: true}
Session ID: a59c4df4811f82049fe754efe723d3c1
2024-04-17 19:04:23,924 [main] ERROR RotationCopy_test - Element did not become visible within the specified time: Expected condition failed: waiting for helper.WaitUtility$5@7410611e (tried for 30 second(s) with 500 milliseconds interval)
Build info: version: '3.141.59', revision: 'e82be7d358', time: '2018-11-14T08:17:03'
System info: host: 'DPLAP166', ip: '137.237.2.236', os.name: 'Windows 10', os.arch: 'amd64', os.version: '10.0', java.version: '19.0.1'
Driver info: org.openqa.selenium.support.events.EventFiringWebDriver
Capabilities {acceptInsecureCerts: true, browserName: chrome, browserVersion: 123.0.6312.123, chrome: {chromedriverVersion: 123.0.6312.122 (31f8248cdd9..., userDataDir: C:\Users\dP-PL\AppData\Loca...}, fedcm:accounts: true, goog:chromeOptions: {debuggerAddress: localhost:51256}, javascriptEnabled: true, networkConnectionEnabled: false, pageLoadStrategy: normal, platform: WINDOWS, platformName: WINDOWS, proxy: Proxy(), setWindowRect: true, strictFileInteractability: false, timeouts: {implicit: 0, pageLoad: 300000, script: 30000}, unhandledPromptBehavior: dismiss and notify, webauthn:extension:credBlob: true, webauthn:extension:largeBlob: true, webauthn:extension:minPinLength: true, webauthn:extension:prf: true, webauthn:virtualAuthenticators: true}
Session ID: a59c4df4811f82049fe754efe723d3c1
2024-04-17 19:04:23,924 [main] INFO  base.BaseClass - Trying to find Element By {by.toString()})
2024-04-17 19:04:23,950 [main] INFO  base.BaseClass - Found Element By {by.toString()}
2024-04-17 19:04:23,950 [main] INFO  base.BaseClass - Trying to click on: {element.toString()}
2024-04-17 19:04:24,075 [main] INFO  base.BaseClass - Clicked on: {element.toString()}
2024-04-17 19:04:24,081 [main] INFO  base.BaseClass - Trying to find Element By {by.toString()})
2024-04-17 19:04:24,094 [main] INFO  base.BaseClass - Found Element By {by.toString()}
2024-04-17 19:04:24,618 [main] INFO  base.BaseClass - Trying to find Element By {by.toString()})
2024-04-17 19:04:24,635 [main] INFO  base.BaseClass - Found Element By {by.toString()}
2024-04-17 19:04:25,167 [main] INFO  base.BaseClass - Trying to find Element By {by.toString()})
2024-04-17 19:04:25,197 [main] INFO  base.BaseClass - Found Element By {by.toString()}
2024-04-17 19:04:25,744 [main] INFO  base.BaseClass - Trying to find Element By {by.toString()})
2024-04-17 19:04:25,760 [main] INFO  base.BaseClass - Found Element By {by.toString()}
2024-04-17 19:04:26,294 [main] INFO  base.BaseClass - Trying to find Element By {by.toString()})
2024-04-17 19:04:26,324 [main] INFO  base.BaseClass - Found Element By {by.toString()}
2024-04-17 19:04:26,871 [main] INFO  base.BaseClass - Trying to find Element By {by.toString()})
2024-04-17 19:04:26,890 [main] INFO  base.BaseClass - Found Element By {by.toString()}
2024-04-17 19:04:27,420 [main] INFO  base.BaseClass - Trying to find Element By {by.toString()})
2024-04-17 19:04:27,444 [main] INFO  base.BaseClass - Found Element By {by.toString()}
2024-04-17 19:04:27,980 [main] INFO  base.BaseClass - Trying to find Element By {by.toString()})
2024-04-17 19:04:28,007 [main] INFO  base.BaseClass - Found Element By {by.toString()}
2024-04-17 19:04:28,543 [main] INFO  base.BaseClass - Trying to find Element By {by.toString()})
2024-04-17 19:04:28,574 [main] INFO  base.BaseClass - Found Element By {by.toString()}
2024-04-17 19:04:29,120 [main] INFO  base.BaseClass - Trying to find Element By {by.toString()})
2024-04-17 19:04:29,148 [main] INFO  base.BaseClass - Found Element By {by.toString()}
2024-04-17 19:04:29,698 [main] INFO  base.BaseClass - Trying to find Element By {by.toString()})
2024-04-17 19:04:29,727 [main] INFO  base.BaseClass - Found Element By {by.toString()}
2024-04-17 19:04:30,276 [main] INFO  base.BaseClass - Trying to find Element By {by.toString()})
2024-04-17 19:04:30,305 [main] INFO  base.BaseClass - Found Element By {by.toString()}
2024-04-17 19:04:30,842 [main] INFO  base.BaseClass - Trying to find Element By {by.toString()})
2024-04-17 19:04:30,855 [main] INFO  base.BaseClass - Found Element By {by.toString()}
2024-04-17 19:04:31,376 [main] INFO  base.BaseClass - Trying to find Element By {by.toString()})
2024-04-17 19:04:31,402 [main] INFO  base.BaseClass - Found Element By {by.toString()}
2024-04-17 19:04:31,938 [main] INFO  base.BaseClass - Trying to find Element By {by.toString()})
2024-04-17 19:04:31,949 [main] INFO  base.BaseClass - Found Element By {by.toString()}
2024-04-17 19:04:32,471 [main] INFO  base.BaseClass - Trying to find Element By {by.toString()})
2024-04-17 19:04:32,503 [main] INFO  base.BaseClass - Found Element By {by.toString()}
2024-04-17 19:04:33,051 [main] INFO  base.BaseClass - Trying to find Element By {by.toString()})
2024-04-17 19:04:33,080 [main] INFO  base.BaseClass - Found Element By {by.toString()}
2024-04-17 19:04:33,628 [main] INFO  base.BaseClass - Trying to find Element By {by.toString()})
2024-04-17 19:04:33,645 [main] INFO  base.BaseClass - Found Element By {by.toString()}
2024-04-17 19:04:34,175 [main] INFO  base.BaseClass - Trying to find Element By {by.toString()})
2024-04-17 19:04:34,277 [main] INFO  base.BaseClass - Found Element By {by.toString()}
2024-04-17 19:04:34,831 [main] INFO  base.BaseClass - Trying to find Element By {by.toString()})
2024-04-17 19:04:34,861 [main] INFO  base.BaseClass - Found Element By {by.toString()}
2024-04-17 19:04:35,409 [main] INFO  base.BaseClass - Trying to find Element By {by.toString()})
2024-04-17 19:04:35,438 [main] INFO  base.BaseClass - Found Element By {by.toString()}
2024-04-17 19:04:35,991 [main] INFO  base.BaseClass - Trying to find Element By {by.toString()})
2024-04-17 19:04:36,019 [main] INFO  base.BaseClass - Found Element By {by.toString()}
2024-04-17 19:04:36,569 [main] INFO  base.BaseClass - Trying to find Element By {by.toString()})
2024-04-17 19:04:36,598 [main] INFO  base.BaseClass - Found Element By {by.toString()}
2024-04-17 19:04:37,149 [main] INFO  base.BaseClass - Trying to find Element By {by.toString()})
2024-04-17 19:04:37,178 [main] INFO  base.BaseClass - Found Element By {by.toString()}
2024-04-17 19:04:37,712 [main] INFO  base.BaseClass - Trying to find Element By {by.toString()})
2024-04-17 19:04:37,730 [main] INFO  base.BaseClass - Found Element By {by.toString()}
2024-04-17 19:04:38,273 [main] INFO  base.BaseClass - Trying to find Element By {by.toString()})
2024-04-17 19:04:38,983 [main] INFO  base.BaseClass - Found Element By {by.toString()}
2024-04-17 19:04:39,520 [main] INFO  base.BaseClass - Trying to find Element By {by.toString()})
2024-04-17 19:04:39,550 [main] INFO  base.BaseClass - Found Element By {by.toString()}
2024-04-17 19:04:40,098 [main] INFO  base.BaseClass - Trying to find Element By {by.toString()})
2024-04-17 19:04:40,108 [main] INFO  base.BaseClass - Found Element By {by.toString()}
2024-04-17 19:04:40,631 [main] INFO  base.BaseClass - Trying to find Element By {by.toString()})
2024-04-17 19:04:40,661 [main] INFO  base.BaseClass - Found Element By {by.toString()}
2024-04-17 19:04:41,212 [main] INFO  base.BaseClass - Trying to find Element By {by.toString()})
2024-04-17 19:04:41,241 [main] INFO  base.BaseClass - Found Element By {by.toString()}
2024-04-17 19:04:41,793 [main] INFO  base.BaseClass - Trying to find Element By {by.toString()})
2024-04-17 19:04:41,816 [main] INFO  base.BaseClass - Found Element By {by.toString()}
2024-04-17 19:04:42,369 [main] INFO  base.BaseClass - Trying to find Element By {by.toString()})
2024-04-17 19:04:42,398 [main] INFO  base.BaseClass - Found Element By {by.toString()}
2024-04-17 19:04:42,949 [main] INFO  base.BaseClass - Trying to find Element By {by.toString()})
2024-04-17 19:04:42,980 [main] INFO  base.BaseClass - Found Element By {by.toString()}
2024-04-17 19:04:43,531 [main] INFO  base.BaseClass - Trying to find Element By {by.toString()})
2024-04-17 19:04:43,561 [main] INFO  base.BaseClass - Found Element By {by.toString()}
2024-04-17 19:04:44,112 [main] INFO  base.BaseClass - Trying to find Element By {by.toString()})
2024-04-17 19:04:44,142 [main] INFO  base.BaseClass - Found Element By {by.toString()}
2024-04-17 19:04:44,691 [main] INFO  base.BaseClass - Trying to find Element By {by.toString()})
2024-04-17 19:04:44,721 [main] INFO  base.BaseClass - Found Element By {by.toString()}
2024-04-17 19:04:45,272 [main] INFO  base.BaseClass - Trying to find Element By {by.toString()})
2024-04-17 19:04:45,300 [main] INFO  base.BaseClass - Found Element By {by.toString()}
2024-04-17 19:04:45,836 [main] INFO  base.BaseClass - Trying to find Element By {by.toString()})
2024-04-17 19:04:45,864 [main] INFO  base.BaseClass - Found Element By {by.toString()}
2024-04-17 19:04:46,414 [main] INFO  base.BaseClass - Trying to find Element By {by.toString()})
2024-04-17 19:04:46,444 [main] INFO  base.BaseClass - Found Element By {by.toString()}
2024-04-17 19:04:46,993 [main] INFO  base.BaseClass - Trying to find Element By {by.toString()})
2024-04-17 19:04:47,006 [main] INFO  base.BaseClass - Found Element By {by.toString()}
2024-04-17 19:04:47,528 [main] INFO  base.BaseClass - Trying to find Element By {by.toString()})
2024-04-17 19:04:47,558 [main] INFO  base.BaseClass - Found Element By {by.toString()}
2024-04-17 19:04:48,101 [main] INFO  base.BaseClass - Trying to find Element By {by.toString()})
2024-04-17 19:04:48,127 [main] INFO  base.BaseClass - Found Element By {by.toString()}
2024-04-17 19:04:48,663 [main] INFO  base.BaseClass - Trying to find Element By {by.toString()})
2024-04-17 19:04:48,693 [main] INFO  base.BaseClass - Found Element By {by.toString()}
2024-04-17 19:04:49,242 [main] INFO  base.BaseClass - Trying to find Element By {by.toString()})
2024-04-17 19:04:49,271 [main] INFO  base.BaseClass - Found Element By {by.toString()}
2024-04-17 19:04:49,817 [main] INFO  base.BaseClass - Trying to find Element By {by.toString()})
2024-04-17 19:04:49,847 [main] INFO  base.BaseClass - Found Element By {by.toString()}
2024-04-17 19:04:50,394 [main] INFO  base.BaseClass - Trying to find Element By {by.toString()})
2024-04-17 19:04:50,422 [main] INFO  base.BaseClass - Found Element By {by.toString()}
2024-04-17 19:04:50,971 [main] INFO  base.BaseClass - Trying to find Element By {by.toString()})
2024-04-17 19:04:51,001 [main] INFO  base.BaseClass - Found Element By {by.toString()}
2024-04-17 19:04:51,552 [main] INFO  base.BaseClass - Trying to find Element By {by.toString()})
2024-04-17 19:04:51,582 [main] INFO  base.BaseClass - Found Element By {by.toString()}
2024-04-17 19:04:52,132 [main] INFO  base.BaseClass - Trying to find Element By {by.toString()})
2024-04-17 19:04:52,160 [main] INFO  base.BaseClass - Found Element By {by.toString()}
2024-04-17 19:04:52,699 [main] INFO  base.BaseClass - Trying to find Element By {by.toString()})
2024-04-17 19:04:52,729 [main] INFO  base.BaseClass - Found Element By {by.toString()}
2024-04-17 19:04:53,260 [main] INFO  base.BaseClass - Trying to find Element By {by.toString()})
2024-04-17 19:04:53,289 [main] INFO  base.BaseClass - Found Element By {by.toString()}
2024-04-17 19:04:53,839 [main] INFO  base.BaseClass - Trying to find Element By {by.toString()})
2024-04-17 19:04:53,868 [main] INFO  base.BaseClass - Found Element By {by.toString()}
2024-04-17 19:04:54,418 [main] INFO  base.BaseClass - Trying to find Element By {by.toString()})
2024-04-17 19:04:54,446 [main] INFO  base.BaseClass - Found Element By {by.toString()}
TimeoutException occurred: Expected condition failed: waiting for helper.WaitUtility$5@3199d893 (tried for 30 second(s) with 500 milliseconds interval)
Build info: version: '3.141.59', revision: 'e82be7d358', time: '2018-11-14T08:17:03'
System info: host: 'DPLAP166', ip: '137.237.2.236', os.name: 'Windows 10', os.arch: 'amd64', os.version: '10.0', java.version: '19.0.1'
Driver info: org.openqa.selenium.support.events.EventFiringWebDriver
Capabilities {acceptInsecureCerts: true, browserName: chrome, browserVersion: 123.0.6312.123, chrome: {chromedriverVersion: 123.0.6312.122 (31f8248cdd9..., userDataDir: C:\Users\dP-PL\AppData\Loca...}, fedcm:accounts: true, goog:chromeOptions: {debuggerAddress: localhost:51256}, javascriptEnabled: true, networkConnectionEnabled: false, pageLoadStrategy: normal, platform: WINDOWS, platformName: WINDOWS, proxy: Proxy(), setWindowRect: true, strictFileInteractability: false, timeouts: {implicit: 0, pageLoad: 300000, script: 30000}, unhandledPromptBehavior: dismiss and notify, webauthn:extension:credBlob: true, webauthn:extension:largeBlob: true, webauthn:extension:minPinLength: true, webauthn:extension:prf: true, webauthn:virtualAuthenticators: true}
Session ID: a59c4df4811f82049fe754efe723d3c1
2024-04-17 19:04:54,484 [main] ERROR RotationCopy_test - Element did not become visible within the specified time: Expected condition failed: waiting for helper.WaitUtility$5@3199d893 (tried for 30 second(s) with 500 milliseconds interval)
Build info: version: '3.141.59', revision: 'e82be7d358', time: '2018-11-14T08:17:03'
System info: host: 'DPLAP166', ip: '137.237.2.236', os.name: 'Windows 10', os.arch: 'amd64', os.version: '10.0', java.version: '19.0.1'
Driver info: org.openqa.selenium.support.events.EventFiringWebDriver
Capabilities {acceptInsecureCerts: true, browserName: chrome, browserVersion: 123.0.6312.123, chrome: {chromedriverVersion: 123.0.6312.122 (31f8248cdd9..., userDataDir: C:\Users\dP-PL\AppData\Loca...}, fedcm:accounts: true, goog:chromeOptions: {debuggerAddress: localhost:51256}, javascriptEnabled: true, networkConnectionEnabled: false, pageLoadStrategy: normal, platform: WINDOWS, platformName: WINDOWS, proxy: Proxy(), setWindowRect: true, strictFileInteractability: false, timeouts: {implicit: 0, pageLoad: 300000, script: 30000}, unhandledPromptBehavior: dismiss and notify, webauthn:extension:credBlob: true, webauthn:extension:largeBlob: true, webauthn:extension:minPinLength: true, webauthn:extension:prf: true, webauthn:virtualAuthenticators: true}
Session ID: a59c4df4811f82049fe754efe723d3c1
2024-04-17 19:04:54,484 [main] INFO  base.BaseClass - Trying to find Element By {by.toString()})
2024-04-17 19:04:54,498 [main] INFO  base.BaseClass - Found Element By {by.toString()}
2024-04-17 19:04:54,498 [main] INFO  base.BaseClass - Trying to click on: {element.toString()}
2024-04-17 19:04:54,564 [main] INFO  base.BaseClass - Clicked on: {element.toString()}
2024-04-17 19:04:54,571 [main] INFO  base.BaseClass - Trying to find Element By {by.toString()})
2024-04-17 19:04:54,580 [main] INFO  base.BaseClass - Found Element By {by.toString()}
2024-04-17 19:04:55,102 [main] INFO  base.BaseClass - Trying to find Element By {by.toString()})
2024-04-17 19:04:55,424 [main] INFO  base.BaseClass - Found Element By {by.toString()}
2024-04-17 19:04:55,947 [main] INFO  base.BaseClass - Trying to find Element By {by.toString()})
2024-04-17 19:04:55,980 [main] INFO  base.BaseClass - Found Element By {by.toString()}
2024-04-17 19:04:56,529 [main] INFO  base.BaseClass - Trying to find Element By {by.toString()})
2024-04-17 19:04:56,562 [main] INFO  base.BaseClass - Found Element By {by.toString()}
2024-04-17 19:04:57,108 [main] INFO  base.BaseClass - Trying to find Element By {by.toString()})
2024-04-17 19:04:57,130 [main] INFO  base.BaseClass - Found Element By {by.toString()}
2024-04-17 19:04:57,674 [main] INFO  base.BaseClass - Trying to find Element By {by.toString()})
2024-04-17 19:04:57,704 [main] INFO  base.BaseClass - Found Element By {by.toString()}
2024-04-17 19:04:58,236 [main] INFO  base.BaseClass - Trying to find Element By {by.toString()})
2024-04-17 19:04:58,265 [main] INFO  base.BaseClass - Found Element By {by.toString()}
2024-04-17 19:04:58,797 [main] INFO  base.BaseClass - Trying to find Element By {by.toString()})
2024-04-17 19:04:58,826 [main] INFO  base.BaseClass - Found Element By {by.toString()}
2024-04-17 19:04:59,378 [main] INFO  base.BaseClass - Trying to find Element By {by.toString()})
2024-04-17 19:04:59,408 [main] INFO  base.BaseClass - Found Element By {by.toString()}
2024-04-17 19:04:59,955 [main] INFO  base.BaseClass - Trying to find Element By {by.toString()})
2024-04-17 19:04:59,985 [main] INFO  base.BaseClass - Found Element By {by.toString()}
2024-04-17 19:05:00,536 [main] INFO  base.BaseClass - Trying to find Element By {by.toString()})
2024-04-17 19:05:00,565 [main] INFO  base.BaseClass - Found Element By {by.toString()}
2024-04-17 19:05:01,115 [main] INFO  base.BaseClass - Trying to find Element By {by.toString()})
2024-04-17 19:05:01,146 [main] INFO  base.BaseClass - Found Element By {by.toString()}
2024-04-17 19:05:01,681 [main] INFO  base.BaseClass - Trying to find Element By {by.toString()})
2024-04-17 19:05:01,710 [main] INFO  base.BaseClass - Found Element By {by.toString()}
2024-04-17 19:05:02,263 [main] INFO  base.BaseClass - Trying to find Element By {by.toString()})
2024-04-17 19:05:02,296 [main] INFO  base.BaseClass - Found Element By {by.toString()}
2024-04-17 19:05:02,843 [main] INFO  base.BaseClass - Trying to find Element By {by.toString()})
2024-04-17 19:05:02,874 [main] INFO  base.BaseClass - Found Element By {by.toString()}
2024-04-17 19:05:03,422 [main] INFO  base.BaseClass - Trying to find Element By {by.toString()})
2024-04-17 19:05:03,450 [main] INFO  base.BaseClass - Found Element By {by.toString()}
2024-04-17 19:05:04,001 [main] INFO  base.BaseClass - Trying to find Element By {by.toString()})
2024-04-17 19:05:04,030 [main] INFO  base.BaseClass - Found Element By {by.toString()}
2024-04-17 19:05:04,579 [main] INFO  base.BaseClass - Trying to find Element By {by.toString()})
2024-04-17 19:05:04,608 [main] INFO  base.BaseClass - Found Element By {by.toString()}
2024-04-17 19:05:05,154 [main] INFO  base.BaseClass - Trying to find Element By {by.toString()})
2024-04-17 19:05:05,171 [main] INFO  base.BaseClass - Found Element By {by.toString()}
2024-04-17 19:05:05,699 [main] INFO  base.BaseClass - Trying to find Element By {by.toString()})
2024-04-17 19:05:05,728 [main] INFO  base.BaseClass - Found Element By {by.toString()}
2024-04-17 19:05:06,276 [main] INFO  base.BaseClass - Trying to find Element By {by.toString()})
2024-04-17 19:05:06,303 [main] INFO  base.BaseClass - Found Element By {by.toString()}
2024-04-17 19:05:06,822 [main] INFO  base.BaseClass - Trying to find Element By {by.toString()})
2024-04-17 19:05:06,853 [main] INFO  base.BaseClass - Found Element By {by.toString()}
2024-04-17 19:05:07,403 [main] INFO  base.BaseClass - Trying to find Element By {by.toString()})
2024-04-17 19:05:07,432 [main] INFO  base.BaseClass - Found Element By {by.toString()}
2024-04-17 19:05:07,983 [main] INFO  base.BaseClass - Trying to find Element By {by.toString()})
2024-04-17 19:05:08,012 [main] INFO  base.BaseClass - Found Element By {by.toString()}
2024-04-17 19:05:08,558 [main] INFO  base.BaseClass - Trying to find Element By {by.toString()})
2024-04-17 19:05:08,588 [main] INFO  base.BaseClass - Found Element By {by.toString()}
2024-04-17 19:05:09,140 [main] INFO  base.BaseClass - Trying to find Element By {by.toString()})
2024-04-17 19:05:09,152 [main] INFO  base.BaseClass - Found Element By {by.toString()}
2024-04-17 19:05:09,673 [main] INFO  base.BaseClass - Trying to find Element By {by.toString()})
2024-04-17 19:05:09,704 [main] INFO  base.BaseClass - Found Element By {by.toString()}
2024-04-17 19:05:10,252 [main] INFO  base.BaseClass - Trying to find Element By {by.toString()})
2024-04-17 19:05:10,280 [main] INFO  base.BaseClass - Found Element By {by.toString()}
2024-04-17 19:05:10,818 [main] INFO  base.BaseClass - Trying to find Element By {by.toString()})
2024-04-17 19:05:10,848 [main] INFO  base.BaseClass - Found Element By {by.toString()}
2024-04-17 19:05:11,386 [main] INFO  base.BaseClass - Trying to find Element By {by.toString()})
2024-04-17 19:05:11,416 [main] INFO  base.BaseClass - Found Element By {by.toString()}
2024-04-17 19:05:11,964 [main] INFO  base.BaseClass - Trying to find Element By {by.toString()})
2024-04-17 19:05:11,994 [main] INFO  base.BaseClass - Found Element By {by.toString()}
2024-04-17 19:05:12,543 [main] INFO  base.BaseClass - Trying to find Element By {by.toString()})
2024-04-17 19:05:12,563 [main] INFO  base.BaseClass - Found Element By {by.toString()}
2024-04-17 19:05:13,092 [main] INFO  base.BaseClass - Trying to find Element By {by.toString()})
2024-04-17 19:05:13,123 [main] INFO  base.BaseClass - Found Element By {by.toString()}
2024-04-17 19:05:13,668 [main] INFO  base.BaseClass - Trying to find Element By {by.toString()})
2024-04-17 19:05:13,694 [main] INFO  base.BaseClass - Found Element By {by.toString()}
2024-04-17 19:05:14,231 [main] INFO  base.BaseClass - Trying to find Element By {by.toString()})
2024-04-17 19:05:14,247 [main] INFO  base.BaseClass - Found Element By {by.toString()}
2024-04-17 19:05:14,778 [main] INFO  base.BaseClass - Trying to find Element By {by.toString()})
2024-04-17 19:05:14,806 [main] INFO  base.BaseClass - Found Element By {by.toString()}
2024-04-17 19:05:15,355 [main] INFO  base.BaseClass - Trying to find Element By {by.toString()})
2024-04-17 19:05:15,385 [main] INFO  base.BaseClass - Found Element By {by.toString()}
2024-04-17 19:05:15,921 [main] INFO  base.BaseClass - Trying to find Element By {by.toString()})
2024-04-17 19:05:15,950 [main] INFO  base.BaseClass - Found Element By {by.toString()}
2024-04-17 19:05:16,488 [main] INFO  base.BaseClass - Trying to find Element By {by.toString()})
2024-04-17 19:05:16,519 [main] INFO  base.BaseClass - Found Element By {by.toString()}
2024-04-17 19:05:17,069 [main] INFO  base.BaseClass - Trying to find Element By {by.toString()})
2024-04-17 19:05:17,097 [main] INFO  base.BaseClass - Found Element By {by.toString()}
2024-04-17 19:05:17,647 [main] INFO  base.BaseClass - Trying to find Element By {by.toString()})
2024-04-17 19:05:17,676 [main] INFO  base.BaseClass - Found Element By {by.toString()}
2024-04-17 19:05:18,213 [main] INFO  base.BaseClass - Trying to find Element By {by.toString()})
2024-04-17 19:05:18,239 [main] INFO  base.BaseClass - Found Element By {by.toString()}
2024-04-17 19:05:18,762 [main] INFO  base.BaseClass - Trying to find Element By {by.toString()})
2024-04-17 19:05:18,792 [main] INFO  base.BaseClass - Found Element By {by.toString()}
2024-04-17 19:05:19,339 [main] INFO  base.BaseClass - Trying to find Element By {by.toString()})
2024-04-17 19:05:19,368 [main] INFO  base.BaseClass - Found Element By {by.toString()}
2024-04-17 19:05:19,917 [main] INFO  base.BaseClass - Trying to find Element By {by.toString()})
2024-04-17 19:05:19,947 [main] INFO  base.BaseClass - Found Element By {by.toString()}
2024-04-17 19:05:20,495 [main] INFO  base.BaseClass - Trying to find Element By {by.toString()})
2024-04-17 19:05:20,525 [main] INFO  base.BaseClass - Found Element By {by.toString()}
2024-04-17 19:05:21,075 [main] INFO  base.BaseClass - Trying to find Element By {by.toString()})
2024-04-17 19:05:21,101 [main] INFO  base.BaseClass - Found Element By {by.toString()}
2024-04-17 19:05:21,624 [main] INFO  base.BaseClass - Trying to find Element By {by.toString()})
2024-04-17 19:05:21,653 [main] INFO  base.BaseClass - Found Element By {by.toString()}
2024-04-17 19:05:22,187 [main] INFO  base.BaseClass - Trying to find Element By {by.toString()})
2024-04-17 19:05:22,195 [main] INFO  base.BaseClass - Found Element By {by.toString()}
2024-04-17 19:05:22,719 [main] INFO  base.BaseClass - Trying to find Element By {by.toString()})
2024-04-17 19:05:22,736 [main] INFO  base.BaseClass - Found Element By {by.toString()}
2024-04-17 19:05:23,266 [main] INFO  base.BaseClass - Trying to find Element By {by.toString()})
2024-04-17 19:05:23,407 [main] INFO  base.BaseClass - Found Element By {by.toString()}
2024-04-17 19:05:23,954 [main] INFO  base.BaseClass - Trying to find Element By {by.toString()})
2024-04-17 19:05:23,985 [main] INFO  base.BaseClass - Found Element By {by.toString()}
2024-04-17 19:05:24,523 [main] INFO  base.BaseClass - Trying to find Element By {by.toString()})
2024-04-17 19:05:24,552 [main] INFO  base.BaseClass - Found Element By {by.toString()}
TimeoutException occurred: Expected condition failed: waiting for helper.WaitUtility$5@2cf3cd4f (tried for 30 second(s) with 500 milliseconds interval)
Build info: version: '3.141.59', revision: 'e82be7d358', time: '2018-11-14T08:17:03'
System info: host: 'DPLAP166', ip: '137.237.2.236', os.name: 'Windows 10', os.arch: 'amd64', os.version: '10.0', java.version: '19.0.1'
Driver info: org.openqa.selenium.support.events.EventFiringWebDriver
Capabilities {acceptInsecureCerts: true, browserName: chrome, browserVersion: 123.0.6312.123, chrome: {chromedriverVersion: 123.0.6312.122 (31f8248cdd9..., userDataDir: C:\Users\dP-PL\AppData\Loca...}, fedcm:accounts: true, goog:chromeOptions: {debuggerAddress: localhost:51256}, javascriptEnabled: true, networkConnectionEnabled: false, pageLoadStrategy: normal, platform: WINDOWS, platformName: WINDOWS, proxy: Proxy(), setWindowRect: true, strictFileInteractability: false, timeouts: {implicit: 0, pageLoad: 300000, script: 30000}, unhandledPromptBehavior: dismiss and notify, webauthn:extension:credBlob: true, webauthn:extension:largeBlob: true, webauthn:extension:minPinLength: true, webauthn:extension:prf: true, webauthn:virtualAuthenticators: true}
Session ID: a59c4df4811f82049fe754efe723d3c1
2024-04-17 19:05:24,577 [main] ERROR RotationCopy_test - Element did not become visible within the specified time: Expected condition failed: waiting for helper.WaitUtility$5@2cf3cd4f (tried for 30 second(s) with 500 milliseconds interval)
Build info: version: '3.141.59', revision: 'e82be7d358', time: '2018-11-14T08:17:03'
System info: host: 'DPLAP166', ip: '137.237.2.236', os.name: 'Windows 10', os.arch: 'amd64', os.version: '10.0', java.version: '19.0.1'
Driver info: org.openqa.selenium.support.events.EventFiringWebDriver
Capabilities {acceptInsecureCerts: true, browserName: chrome, browserVersion: 123.0.6312.123, chrome: {chromedriverVersion: 123.0.6312.122 (31f8248cdd9..., userDataDir: C:\Users\dP-PL\AppData\Loca...}, fedcm:accounts: true, goog:chromeOptions: {debuggerAddress: localhost:51256}, javascriptEnabled: true, networkConnectionEnabled: false, pageLoadStrategy: normal, platform: WINDOWS, platformName: WINDOWS, proxy: Proxy(), setWindowRect: true, strictFileInteractability: false, timeouts: {implicit: 0, pageLoad: 300000, script: 30000}, unhandledPromptBehavior: dismiss and notify, webauthn:extension:credBlob: true, webauthn:extension:largeBlob: true, webauthn:extension:minPinLength: true, webauthn:extension:prf: true, webauthn:virtualAuthenticators: true}
Session ID: a59c4df4811f82049fe754efe723d3c1
2024-04-17 19:05:24,577 [main] INFO  base.BaseClass - Trying to find Element By {by.toString()})
2024-04-17 19:05:24,594 [main] INFO  base.BaseClass - Found Element By {by.toString()}
2024-04-17 19:05:24,594 [main] INFO  base.BaseClass - Trying to click on: {element.toString()}
2024-04-17 19:05:24,708 [main] INFO  base.BaseClass - Clicked on: {element.toString()}
2024-04-17 19:05:24,708 [main] INFO  base.BaseClass - Trying to find Element By {by.toString()})
2024-04-17 19:05:25,554 [main] INFO  base.BaseClass - Found Element By {by.toString()}
2024-04-17 19:05:26,072 [main] INFO  base.BaseClass - Trying to find Element By {by.toString()})
2024-04-17 19:05:26,107 [main] INFO  base.BaseClass - Found Element By {by.toString()}
2024-04-17 19:05:26,649 [main] INFO  base.BaseClass - Trying to find Element By {by.toString()})
2024-04-17 19:05:26,680 [main] INFO  base.BaseClass - Found Element By {by.toString()}
2024-04-17 19:05:27,228 [main] INFO  base.BaseClass - Trying to find Element By {by.toString()})
2024-04-17 19:05:27,259 [main] INFO  base.BaseClass - Found Element By {by.toString()}
2024-04-17 19:05:27,790 [main] INFO  base.BaseClass - Trying to find Element By {by.toString()})
2024-04-17 19:05:27,821 [main] INFO  base.BaseClass - Found Element By {by.toString()}
2024-04-17 19:05:28,365 [main] INFO  base.BaseClass - Trying to find Element By {by.toString()})
2024-04-17 19:05:28,395 [main] INFO  base.BaseClass - Found Element By {by.toString()}
2024-04-17 19:05:28,946 [main] INFO  base.BaseClass - Trying to find Element By {by.toString()})
2024-04-17 19:05:28,977 [main] INFO  base.BaseClass - Found Element By {by.toString()}
2024-04-17 19:05:29,528 [main] INFO  base.BaseClass - Trying to find Element By {by.toString()})
2024-04-17 19:05:29,542 [main] INFO  base.BaseClass - Found Element By {by.toString()}
2024-04-17 19:05:30,061 [main] INFO  base.BaseClass - Trying to find Element By {by.toString()})
2024-04-17 19:05:30,093 [main] INFO  base.BaseClass - Found Element By {by.toString()}
2024-04-17 19:05:30,627 [main] INFO  base.BaseClass - Trying to find Element By {by.toString()})
2024-04-17 19:05:30,659 [main] INFO  base.BaseClass - Found Element By {by.toString()}
2024-04-17 19:05:31,206 [main] INFO  base.BaseClass - Trying to find Element By {by.toString()})
2024-04-17 19:05:31,238 [main] INFO  base.BaseClass - Found Element By {by.toString()}
2024-04-17 19:05:31,780 [main] INFO  base.BaseClass - Trying to find Element By {by.toString()})
2024-04-17 19:05:31,811 [main] INFO  base.BaseClass - Found Element By {by.toString()}
2024-04-17 19:05:32,358 [main] INFO  base.BaseClass - Trying to find Element By {by.toString()})
2024-04-17 19:05:32,373 [main] INFO  base.BaseClass - Found Element By {by.toString()}
2024-04-17 19:05:32,906 [main] INFO  base.BaseClass - Trying to find Element By {by.toString()})
2024-04-17 19:05:32,937 [main] INFO  base.BaseClass - Found Element By {by.toString()}
2024-04-17 19:05:33,483 [main] INFO  base.BaseClass - Trying to find Element By {by.toString()})
2024-04-17 19:05:33,514 [main] INFO  base.BaseClass - Found Element By {by.toString()}
2024-04-17 19:05:34,060 [main] INFO  base.BaseClass - Trying to find Element By {by.toString()})
2024-04-17 19:05:34,080 [main] INFO  base.BaseClass - Found Element By {by.toString()}
2024-04-17 19:05:34,620 [main] INFO  base.BaseClass - Trying to find Element By {by.toString()})
2024-04-17 19:05:34,653 [main] INFO  base.BaseClass - Found Element By {by.toString()}
2024-04-17 19:05:35,181 [main] INFO  base.BaseClass - Trying to find Element By {by.toString()})
2024-04-17 19:05:35,212 [main] INFO  base.BaseClass - Found Element By {by.toString()}
2024-04-17 19:05:35,760 [main] INFO  base.BaseClass - Trying to find Element By {by.toString()})
2024-04-17 19:05:35,791 [main] INFO  base.BaseClass - Found Element By {by.toString()}
2024-04-17 19:05:36,337 [main] INFO  base.BaseClass - Trying to find Element By {by.toString()})
2024-04-17 19:05:36,361 [main] INFO  base.BaseClass - Found Element By {by.toString()}
2024-04-17 19:05:36,897 [main] INFO  base.BaseClass - Trying to find Element By {by.toString()})
2024-04-17 19:05:36,929 [main] INFO  base.BaseClass - Found Element By {by.toString()}
2024-04-17 19:05:37,476 [main] INFO  base.BaseClass - Trying to find Element By {by.toString()})
2024-04-17 19:05:37,507 [main] INFO  base.BaseClass - Found Element By {by.toString()}
2024-04-17 19:05:38,054 [main] INFO  base.BaseClass - Trying to find Element By {by.toString()})
2024-04-17 19:05:38,069 [main] INFO  base.BaseClass - Found Element By {by.toString()}
2024-04-17 19:05:38,601 [main] INFO  base.BaseClass - Trying to find Element By {by.toString()})
2024-04-17 19:05:38,612 [main] INFO  base.BaseClass - Found Element By {by.toString()}
2024-04-17 19:05:39,136 [main] INFO  base.BaseClass - Trying to find Element By {by.toString()})
2024-04-17 19:05:39,165 [main] INFO  base.BaseClass - Found Element By {by.toString()}
2024-04-17 19:05:39,701 [main] INFO  base.BaseClass - Trying to find Element By {by.toString()})
2024-04-17 19:05:39,729 [main] INFO  base.BaseClass - Found Element By {by.toString()}
2024-04-17 19:05:40,249 [main] INFO  base.BaseClass - Trying to find Element By {by.toString()})
2024-04-17 19:05:40,280 [main] INFO  base.BaseClass - Found Element By {by.toString()}
2024-04-17 19:05:40,826 [main] INFO  base.BaseClass - Trying to find Element By {by.toString()})
2024-04-17 19:05:40,858 [main] INFO  base.BaseClass - Found Element By {by.toString()}
2024-04-17 19:05:41,449 [main] INFO  base.BaseClass - Trying to find Element By {by.toString()})
2024-04-17 19:05:41,478 [main] INFO  base.BaseClass - Found Element By {by.toString()}
2024-04-17 19:05:42,014 [main] INFO  base.BaseClass - Trying to find Element By {by.toString()})
2024-04-17 19:05:42,045 [main] INFO  base.BaseClass - Found Element By {by.toString()}
2024-04-17 19:05:42,594 [main] INFO  base.BaseClass - Trying to find Element By {by.toString()})
2024-04-17 19:05:42,619 [main] INFO  base.BaseClass - Found Element By {by.toString()}
2024-04-17 19:05:43,144 [main] INFO  base.BaseClass - Trying to find Element By {by.toString()})
2024-04-17 19:05:43,175 [main] INFO  base.BaseClass - Found Element By {by.toString()}
2024-04-17 19:05:43,722 [main] INFO  base.BaseClass - Trying to find Element By {by.toString()})
2024-04-17 19:05:43,732 [main] INFO  base.BaseClass - Found Element By {by.toString()}
2024-04-17 19:05:44,252 [main] INFO  base.BaseClass - Trying to find Element By {by.toString()})
2024-04-17 19:05:44,266 [main] INFO  base.BaseClass - Found Element By {by.toString()}
2024-04-17 19:05:44,783 [main] INFO  base.BaseClass - Trying to find Element By {by.toString()})
2024-04-17 19:05:44,808 [main] INFO  base.BaseClass - Found Element By {by.toString()}
2024-04-17 19:05:45,331 [main] INFO  base.BaseClass - Trying to find Element By {by.toString()})
2024-04-17 19:05:45,361 [main] INFO  base.BaseClass - Found Element By {by.toString()}
2024-04-17 19:05:45,908 [main] INFO  base.BaseClass - Trying to find Element By {by.toString()})
2024-04-17 19:05:45,940 [main] INFO  base.BaseClass - Found Element By {by.toString()}
2024-04-17 19:05:46,486 [main] INFO  base.BaseClass - Trying to find Element By {by.toString()})
2024-04-17 19:05:46,517 [main] INFO  base.BaseClass - Found Element By {by.toString()}
2024-04-17 19:05:47,061 [main] INFO  base.BaseClass - Trying to find Element By {by.toString()})
2024-04-17 19:05:47,090 [main] INFO  base.BaseClass - Found Element By {by.toString()}
2024-04-17 19:05:47,642 [main] INFO  base.BaseClass - Trying to find Element By {by.toString()})
2024-04-17 19:05:47,673 [main] INFO  base.BaseClass - Found Element By {by.toString()}
2024-04-17 19:05:48,221 [main] INFO  base.BaseClass - Trying to find Element By {by.toString()})
2024-04-17 19:05:48,251 [main] INFO  base.BaseClass - Found Element By {by.toString()}
2024-04-17 19:05:48,772 [main] INFO  base.BaseClass - Trying to find Element By {by.toString()})
2024-04-17 19:05:48,805 [main] INFO  base.BaseClass - Found Element By {by.toString()}
2024-04-17 19:05:49,352 [main] INFO  base.BaseClass - Trying to find Element By {by.toString()})
2024-04-17 19:05:49,383 [main] INFO  base.BaseClass - Found Element By {by.toString()}
2024-04-17 19:05:49,930 [main] INFO  base.BaseClass - Trying to find Element By {by.toString()})
2024-04-17 19:05:49,961 [main] INFO  base.BaseClass - Found Element By {by.toString()}
2024-04-17 19:05:50,508 [main] INFO  base.BaseClass - Trying to find Element By {by.toString()})
2024-04-17 19:05:51,121 [main] INFO  base.BaseClass - Found Element By {by.toString()}
2024-04-17 19:05:51,664 [main] INFO  base.BaseClass - Trying to find Element By {by.toString()})
2024-04-17 19:05:51,695 [main] INFO  base.BaseClass - Found Element By {by.toString()}
2024-04-17 19:05:52,226 [main] INFO  base.BaseClass - Trying to find Element By {by.toString()})
2024-04-17 19:05:52,239 [main] INFO  base.BaseClass - Found Element By {by.toString()}
2024-04-17 19:05:52,759 [main] INFO  base.BaseClass - Trying to find Element By {by.toString()})
2024-04-17 19:05:52,790 [main] INFO  base.BaseClass - Found Element By {by.toString()}
2024-04-17 19:05:53,352 [main] INFO  base.BaseClass - Trying to find Element By {by.toString()})
2024-04-17 19:05:53,384 [main] INFO  base.BaseClass - Found Element By {by.toString()}
2024-04-17 19:05:53,932 [main] INFO  base.BaseClass - Trying to find Element By {by.toString()})
2024-04-17 19:05:53,960 [main] INFO  base.BaseClass - Found Element By {by.toString()}
2024-04-17 19:05:54,509 [main] INFO  base.BaseClass - Trying to find Element By {by.toString()})
2024-04-17 19:05:54,531 [main] INFO  base.BaseClass - Found Element By {by.toString()}
2024-04-17 19:05:55,069 [main] INFO  base.BaseClass - Trying to find Element By {by.toString()})
2024-04-17 19:05:55,101 [main] INFO  base.BaseClass - Found Element By {by.toString()}
TimeoutException occurred: Expected condition failed: waiting for helper.WaitUtility$5@35b02805 (tried for 30 second(s) with 500 milliseconds interval)
Build info: version: '3.141.59', revision: 'e82be7d358', time: '2018-11-14T08:17:03'
System info: host: 'DPLAP166', ip: '137.237.2.236', os.name: 'Windows 10', os.arch: 'amd64', os.version: '10.0', java.version: '19.0.1'
Driver info: org.openqa.selenium.support.events.EventFiringWebDriver
Capabilities {acceptInsecureCerts: true, browserName: chrome, browserVersion: 123.0.6312.123, chrome: {chromedriverVersion: 123.0.6312.122 (31f8248cdd9..., userDataDir: C:\Users\dP-PL\AppData\Loca...}, fedcm:accounts: true, goog:chromeOptions: {debuggerAddress: localhost:51256}, javascriptEnabled: true, networkConnectionEnabled: false, pageLoadStrategy: normal, platform: WINDOWS, platformName: WINDOWS, proxy: Proxy(), setWindowRect: true, strictFileInteractability: false, timeouts: {implicit: 0, pageLoad: 300000, script: 30000}, unhandledPromptBehavior: dismiss and notify, webauthn:extension:credBlob: true, webauthn:extension:largeBlob: true, webauthn:extension:minPinLength: true, webauthn:extension:prf: true, webauthn:virtualAuthenticators: true}
Session ID: a59c4df4811f82049fe754efe723d3c1
2024-04-17 19:05:55,142 [main] ERROR RotationCopy_test - Element did not become visible within the specified time: Expected condition failed: waiting for helper.WaitUtility$5@35b02805 (tried for 30 second(s) with 500 milliseconds interval)
Build info: version: '3.141.59', revision: 'e82be7d358', time: '2018-11-14T08:17:03'
System info: host: 'DPLAP166', ip: '137.237.2.236', os.name: 'Windows 10', os.arch: 'amd64', os.version: '10.0', java.version: '19.0.1'
Driver info: org.openqa.selenium.support.events.EventFiringWebDriver
Capabilities {acceptInsecureCerts: true, browserName: chrome, browserVersion: 123.0.6312.123, chrome: {chromedriverVersion: 123.0.6312.122 (31f8248cdd9..., userDataDir: C:\Users\dP-PL\AppData\Loca...}, fedcm:accounts: true, goog:chromeOptions: {debuggerAddress: localhost:51256}, javascriptEnabled: true, networkConnectionEnabled: false, pageLoadStrategy: normal, platform: WINDOWS, platformName: WINDOWS, proxy: Proxy(), setWindowRect: true, strictFileInteractability: false, timeouts: {implicit: 0, pageLoad: 300000, script: 30000}, unhandledPromptBehavior: dismiss and notify, webauthn:extension:credBlob: true, webauthn:extension:largeBlob: true, webauthn:extension:minPinLength: true, webauthn:extension:prf: true, webauthn:virtualAuthenticators: true}
Session ID: a59c4df4811f82049fe754efe723d3c1
2024-04-17 19:05:55,142 [main] INFO  base.BaseClass - Trying to find Element By {by.toString()})
2024-04-17 19:05:55,161 [main] INFO  base.BaseClass - Found Element By {by.toString()}
2024-04-17 19:05:55,161 [main] INFO  base.BaseClass - Trying to click on: {element.toString()}
2024-04-17 19:05:55,236 [main] INFO  base.BaseClass - Clicked on: {element.toString()}
2024-04-17 19:05:55,236 [main] INFO  base.BaseClass - Trying to find Element By {by.toString()})
2024-04-17 19:05:55,246 [main] INFO  base.BaseClass - Found Element By {by.toString()}
2024-04-17 19:05:55,771 [main] INFO  base.BaseClass - Trying to find Element By {by.toString()})
2024-04-17 19:05:55,803 [main] INFO  base.BaseClass - Found Element By {by.toString()}
2024-04-17 19:05:56,351 [main] INFO  base.BaseClass - Trying to find Element By {by.toString()})
2024-04-17 19:05:56,382 [main] INFO  base.BaseClass - Found Element By {by.toString()}
2024-04-17 19:05:56,916 [main] INFO  base.BaseClass - Trying to find Element By {by.toString()})
2024-04-17 19:05:56,943 [main] INFO  base.BaseClass - Found Element By {by.toString()}
2024-04-17 19:05:57,493 [main] INFO  base.BaseClass - Trying to find Element By {by.toString()})
2024-04-17 19:05:57,524 [main] INFO  base.BaseClass - Found Element By {by.toString()}
2024-04-17 19:05:58,056 [main] INFO  base.BaseClass - Trying to find Element By {by.toString()})
2024-04-17 19:05:58,087 [main] INFO  base.BaseClass - Found Element By {by.toString()}
2024-04-17 19:05:58,635 [main] INFO  base.BaseClass - Trying to find Element By {by.toString()})
2024-04-17 19:05:58,703 [main] INFO  base.BaseClass - Found Element By {by.toString()}
2024-04-17 19:05:59,242 [main] INFO  base.BaseClass - Trying to find Element By {by.toString()})
2024-04-17 19:05:59,272 [main] INFO  base.BaseClass - Found Element By {by.toString()}
2024-04-17 19:05:59,807 [main] INFO  base.BaseClass - Trying to find Element By {by.toString()})
2024-04-17 19:05:59,839 [main] INFO  base.BaseClass - Found Element By {by.toString()}
2024-04-17 19:06:00,388 [main] INFO  base.BaseClass - Trying to find Element By {by.toString()})
2024-04-17 19:06:00,419 [main] INFO  base.BaseClass - Found Element By {by.toString()}
2024-04-17 19:06:00,953 [main] INFO  base.BaseClass - Trying to find Element By {by.toString()})
2024-04-17 19:06:00,984 [main] INFO  base.BaseClass - Found Element By {by.toString()}
2024-04-17 19:06:01,528 [main] INFO  base.BaseClass - Trying to find Element By {by.toString()})
2024-04-17 19:06:01,556 [main] INFO  base.BaseClass - Found Element By {by.toString()}
2024-04-17 19:06:02,090 [main] INFO  base.BaseClass - Trying to find Element By {by.toString()})
2024-04-17 19:06:02,120 [main] INFO  base.BaseClass - Found Element By {by.toString()}
2024-04-17 19:06:02,670 [main] INFO  base.BaseClass - Trying to find Element By {by.toString()})
2024-04-17 19:06:02,702 [main] INFO  base.BaseClass - Found Element By {by.toString()}
2024-04-17 19:06:03,251 [main] INFO  base.BaseClass - Trying to find Element By {by.toString()})
2024-04-17 19:06:03,283 [main] INFO  base.BaseClass - Found Element By {by.toString()}
2024-04-17 19:06:03,827 [main] INFO  base.BaseClass - Trying to find Element By {by.toString()})
2024-04-17 19:06:03,858 [main] INFO  base.BaseClass - Found Element By {by.toString()}
2024-04-17 19:06:04,408 [main] INFO  base.BaseClass - Trying to find Element By {by.toString()})
2024-04-17 19:06:04,439 [main] INFO  base.BaseClass - Found Element By {by.toString()}
2024-04-17 19:06:04,987 [main] INFO  base.BaseClass - Trying to find Element By {by.toString()})
2024-04-17 19:06:05,018 [main] INFO  base.BaseClass - Found Element By {by.toString()}
2024-04-17 19:06:05,563 [main] INFO  base.BaseClass - Trying to find Element By {by.toString()})
2024-04-17 19:06:05,591 [main] INFO  base.BaseClass - Found Element By {by.toString()}
2024-04-17 19:06:06,126 [main] INFO  base.BaseClass - Trying to find Element By {by.toString()})
2024-04-17 19:06:06,155 [main] INFO  base.BaseClass - Found Element By {by.toString()}
2024-04-17 19:06:06,687 [main] INFO  base.BaseClass - Trying to find Element By {by.toString()})
2024-04-17 19:06:06,719 [main] INFO  base.BaseClass - Found Element By {by.toString()}
2024-04-17 19:06:07,267 [main] INFO  base.BaseClass - Trying to find Element By {by.toString()})
2024-04-17 19:06:07,281 [main] INFO  base.BaseClass - Found Element By {by.toString()}
2024-04-17 19:06:07,811 [main] INFO  base.BaseClass - Trying to find Element By {by.toString()})
2024-04-17 19:06:07,842 [main] INFO  base.BaseClass - Found Element By {by.toString()}
2024-04-17 19:06:08,389 [main] INFO  base.BaseClass - Trying to find Element By {by.toString()})
2024-04-17 19:06:08,421 [main] INFO  base.BaseClass - Found Element By {by.toString()}
2024-04-17 19:06:08,970 [main] INFO  base.BaseClass - Trying to find Element By {by.toString()})
2024-04-17 19:06:09,002 [main] INFO  base.BaseClass - Found Element By {by.toString()}
2024-04-17 19:06:09,551 [main] INFO  base.BaseClass - Trying to find Element By {by.toString()})
2024-04-17 19:06:09,582 [main] INFO  base.BaseClass - Found Element By {by.toString()}
2024-04-17 19:06:10,131 [main] INFO  base.BaseClass - Trying to find Element By {by.toString()})
2024-04-17 19:06:10,153 [main] INFO  base.BaseClass - Found Element By {by.toString()}
2024-04-17 19:06:10,698 [main] INFO  base.BaseClass - Trying to find Element By {by.toString()})
2024-04-17 19:06:10,730 [main] INFO  base.BaseClass - Found Element By {by.toString()}
2024-04-17 19:06:11,263 [main] INFO  base.BaseClass - Trying to find Element By {by.toString()})
2024-04-17 19:06:11,296 [main] INFO  base.BaseClass - Found Element By {by.toString()}
2024-04-17 19:06:11,841 [main] INFO  base.BaseClass - Trying to find Element By {by.toString()})
2024-04-17 19:06:11,873 [main] INFO  base.BaseClass - Found Element By {by.toString()}
2024-04-17 19:06:12,420 [main] INFO  base.BaseClass - Trying to find Element By {by.toString()})
2024-04-17 19:06:12,445 [main] INFO  base.BaseClass - Found Element By {by.toString()}
2024-04-17 19:06:12,995 [main] INFO  base.BaseClass - Trying to find Element By {by.toString()})
2024-04-17 19:06:13,016 [main] INFO  base.BaseClass - Found Element By {by.toString()}
2024-04-17 19:06:13,540 [main] INFO  base.BaseClass - Trying to find Element By {by.toString()})
2024-04-17 19:06:13,571 [main] INFO  base.BaseClass - Found Element By {by.toString()}
2024-04-17 19:06:14,114 [main] INFO  base.BaseClass - Trying to find Element By {by.toString()})
2024-04-17 19:06:14,146 [main] INFO  base.BaseClass - Found Element By {by.toString()}
2024-04-17 19:06:14,673 [main] INFO  base.BaseClass - Trying to find Element By {by.toString()})
2024-04-17 19:06:14,701 [main] INFO  base.BaseClass - Found Element By {by.toString()}
2024-04-17 19:06:15,233 [main] INFO  base.BaseClass - Trying to find Element By {by.toString()})
2024-04-17 19:06:15,263 [main] INFO  base.BaseClass - Found Element By {by.toString()}
2024-04-17 19:06:15,811 [main] INFO  base.BaseClass - Trying to find Element By {by.toString()})
2024-04-17 19:06:15,865 [main] INFO  base.BaseClass - Found Element By {by.toString()}
2024-04-17 19:06:16,407 [main] INFO  base.BaseClass - Trying to find Element By {by.toString()})
2024-04-17 19:06:16,438 [main] INFO  base.BaseClass - Found Element By {by.toString()}
2024-04-17 19:06:16,986 [main] INFO  base.BaseClass - Trying to find Element By {by.toString()})
2024-04-17 19:06:17,019 [main] INFO  base.BaseClass - Found Element By {by.toString()}
2024-04-17 19:06:17,563 [main] INFO  base.BaseClass - Trying to find Element By {by.toString()})
2024-04-17 19:06:17,593 [main] INFO  base.BaseClass - Found Element By {by.toString()}
2024-04-17 19:06:18,138 [main] INFO  base.BaseClass - Trying to find Element By {by.toString()})
2024-04-17 19:06:18,167 [main] INFO  base.BaseClass - Found Element By {by.toString()}
2024-04-17 19:06:18,716 [main] INFO  base.BaseClass - Trying to find Element By {by.toString()})
2024-04-17 19:06:18,745 [main] INFO  base.BaseClass - Found Element By {by.toString()}
2024-04-17 19:06:19,293 [main] INFO  base.BaseClass - Trying to find Element By {by.toString()})
2024-04-17 19:06:19,325 [main] INFO  base.BaseClass - Found Element By {by.toString()}
2024-04-17 19:06:19,870 [main] INFO  base.BaseClass - Trying to find Element By {by.toString()})
2024-04-17 19:06:19,901 [main] INFO  base.BaseClass - Found Element By {by.toString()}
2024-04-17 19:06:20,451 [main] INFO  base.BaseClass - Trying to find Element By {by.toString()})
2024-04-17 19:06:20,481 [main] INFO  base.BaseClass - Found Element By {by.toString()}
2024-04-17 19:06:21,017 [main] INFO  base.BaseClass - Trying to find Element By {by.toString()})
2024-04-17 19:06:21,047 [main] INFO  base.BaseClass - Found Element By {by.toString()}
2024-04-17 19:06:21,584 [main] INFO  base.BaseClass - Trying to find Element By {by.toString()})
2024-04-17 19:06:21,615 [main] INFO  base.BaseClass - Found Element By {by.toString()}
2024-04-17 19:06:22,167 [main] INFO  base.BaseClass - Trying to find Element By {by.toString()})
2024-04-17 19:06:22,193 [main] INFO  base.BaseClass - Found Element By {by.toString()}
2024-04-17 19:06:22,718 [main] INFO  base.BaseClass - Trying to find Element By {by.toString()})
2024-04-17 19:06:22,739 [main] INFO  base.BaseClass - Found Element By {by.toString()}
2024-04-17 19:06:23,279 [main] INFO  base.BaseClass - Trying to find Element By {by.toString()})
2024-04-17 19:06:23,312 [main] INFO  base.BaseClass - Found Element By {by.toString()}
2024-04-17 19:06:23,826 [main] INFO  base.BaseClass - Trying to find Element By {by.toString()})
2024-04-17 19:06:23,844 [main] INFO  base.BaseClass - Found Element By {by.toString()}
2024-04-17 19:06:24,372 [main] INFO  base.BaseClass - Trying to find Element By {by.toString()})
2024-04-17 19:06:24,404 [main] INFO  base.BaseClass - Found Element By {by.toString()}
2024-04-17 19:06:24,951 [main] INFO  base.BaseClass - Trying to find Element By {by.toString()})
2024-04-17 19:06:24,983 [main] INFO  base.BaseClass - Found Element By {by.toString()}
2024-04-17 19:06:25,532 [main] INFO  base.BaseClass - Trying to find Element By {by.toString()})
2024-04-17 19:06:25,563 [main] INFO  base.BaseClass - Found Element By {by.toString()}
TimeoutException occurred: Expected condition failed: waiting for helper.WaitUtility$5@20aeebe8 (tried for 30 second(s) with 500 milliseconds interval)
Build info: version: '3.141.59', revision: 'e82be7d358', time: '2018-11-14T08:17:03'
System info: host: 'DPLAP166', ip: '137.237.2.236', os.name: 'Windows 10', os.arch: 'amd64', os.version: '10.0', java.version: '19.0.1'
Driver info: org.openqa.selenium.support.events.EventFiringWebDriver
Capabilities {acceptInsecureCerts: true, browserName: chrome, browserVersion: 123.0.6312.123, chrome: {chromedriverVersion: 123.0.6312.122 (31f8248cdd9..., userDataDir: C:\Users\dP-PL\AppData\Loca...}, fedcm:accounts: true, goog:chromeOptions: {debuggerAddress: localhost:51256}, javascriptEnabled: true, networkConnectionEnabled: false, pageLoadStrategy: normal, platform: WINDOWS, platformName: WINDOWS, proxy: Proxy(), setWindowRect: true, strictFileInteractability: false, timeouts: {implicit: 0, pageLoad: 300000, script: 30000}, unhandledPromptBehavior: dismiss and notify, webauthn:extension:credBlob: true, webauthn:extension:largeBlob: true, webauthn:extension:minPinLength: true, webauthn:extension:prf: true, webauthn:virtualAuthenticators: true}
Session ID: a59c4df4811f82049fe754efe723d3c1
2024-04-17 19:06:25,605 [main] ERROR RotationCopy_test - Element did not become visible within the specified time: Expected condition failed: waiting for helper.WaitUtility$5@20aeebe8 (tried for 30 second(s) with 500 milliseconds interval)
Build info: version: '3.141.59', revision: 'e82be7d358', time: '2018-11-14T08:17:03'
System info: host: 'DPLAP166', ip: '137.237.2.236', os.name: 'Windows 10', os.arch: 'amd64', os.version: '10.0', java.version: '19.0.1'
Driver info: org.openqa.selenium.support.events.EventFiringWebDriver
Capabilities {acceptInsecureCerts: true, browserName: chrome, browserVersion: 123.0.6312.123, chrome: {chromedriverVersion: 123.0.6312.122 (31f8248cdd9..., userDataDir: C:\Users\dP-PL\AppData\Loca...}, fedcm:accounts: true, goog:chromeOptions: {debuggerAddress: localhost:51256}, javascriptEnabled: true, networkConnectionEnabled: false, pageLoadStrategy: normal, platform: WINDOWS, platformName: WINDOWS, proxy: Proxy(), setWindowRect: true, strictFileInteractability: false, timeouts: {implicit: 0, pageLoad: 300000, script: 30000}, unhandledPromptBehavior: dismiss and notify, webauthn:extension:credBlob: true, webauthn:extension:largeBlob: true, webauthn:extension:minPinLength: true, webauthn:extension:prf: true, webauthn:virtualAuthenticators: true}
Session ID: a59c4df4811f82049fe754efe723d3c1
2024-04-17 19:06:25,605 [main] INFO  base.BaseClass - Trying to find Element By {by.toString()})
2024-04-17 19:06:25,628 [main] INFO  base.BaseClass - Found Element By {by.toString()}
2024-04-17 19:06:25,628 [main] INFO  base.BaseClass - Trying to click on: {element.toString()}
2024-04-17 19:06:25,744 [main] INFO  base.BaseClass - Clicked on: {element.toString()}
2024-04-17 19:06:25,751 [main] INFO  base.BaseClass - Trying to find Element By {by.toString()})
2024-04-17 19:06:25,764 [main] INFO  base.BaseClass - Found Element By {by.toString()}
2024-04-17 19:06:26,278 [main] INFO  base.BaseClass - Trying to find Element By {by.toString()})
2024-04-17 19:06:26,308 [main] INFO  base.BaseClass - Found Element By {by.toString()}
2024-04-17 19:06:26,838 [main] INFO  base.BaseClass - Trying to find Element By {by.toString()})
2024-04-17 19:06:26,868 [main] INFO  base.BaseClass - Found Element By {by.toString()}
2024-04-17 19:06:27,421 [main] INFO  base.BaseClass - Trying to find Element By {by.toString()})
2024-04-17 19:06:27,452 [main] INFO  base.BaseClass - Found Element By {by.toString()}
2024-04-17 19:06:27,999 [main] INFO  base.BaseClass - Trying to find Element By {by.toString()})
2024-04-17 19:06:28,012 [main] INFO  base.BaseClass - Found Element By {by.toString()}
2024-04-17 19:06:28,529 [main] INFO  base.BaseClass - Trying to find Element By {by.toString()})
2024-04-17 19:06:28,557 [main] INFO  base.BaseClass - Found Element By {by.toString()}
2024-04-17 19:06:29,106 [main] INFO  base.BaseClass - Trying to find Element By {by.toString()})
2024-04-17 19:06:29,135 [main] INFO  base.BaseClass - Found Element By {by.toString()}
2024-04-17 19:06:29,689 [main] INFO  base.BaseClass - Trying to find Element By {by.toString()})
2024-04-17 19:06:29,719 [main] INFO  base.BaseClass - Found Element By {by.toString()}
2024-04-17 19:06:30,279 [main] INFO  base.BaseClass - Trying to find Element By {by.toString()})
2024-04-17 19:06:30,309 [main] INFO  base.BaseClass - Found Element By {by.toString()}
2024-04-17 19:06:30,857 [main] INFO  base.BaseClass - Trying to find Element By {by.toString()})
2024-04-17 19:06:30,879 [main] INFO  base.BaseClass - Found Element By {by.toString()}
2024-04-17 19:06:31,431 [main] INFO  base.BaseClass - Trying to find Element By {by.toString()})
2024-04-17 19:06:31,458 [main] INFO  base.BaseClass - Found Element By {by.toString()}
2024-04-17 19:06:32,008 [main] INFO  base.BaseClass - Trying to find Element By {by.toString()})
2024-04-17 19:06:32,037 [main] INFO  base.BaseClass - Found Element By {by.toString()}
2024-04-17 19:06:32,587 [main] INFO  base.BaseClass - Trying to find Element By {by.toString()})
2024-04-17 19:06:32,615 [main] INFO  base.BaseClass - Found Element By {by.toString()}
2024-04-17 19:06:33,163 [main] INFO  base.BaseClass - Trying to find Element By {by.toString()})
2024-04-17 19:06:33,190 [main] INFO  base.BaseClass - Found Element By {by.toString()}
2024-04-17 19:06:33,740 [main] INFO  base.BaseClass - Trying to find Element By {by.toString()})
2024-04-17 19:06:33,770 [main] INFO  base.BaseClass - Found Element By {by.toString()}
2024-04-17 19:06:34,316 [main] INFO  base.BaseClass - Trying to find Element By {by.toString()})
2024-04-17 19:06:34,344 [main] INFO  base.BaseClass - Found Element By {by.toString()}
2024-04-17 19:06:34,895 [main] INFO  base.BaseClass - Trying to find Element By {by.toString()})
2024-04-17 19:06:34,910 [main] INFO  base.BaseClass - Found Element By {by.toString()}
2024-04-17 19:06:35,439 [main] INFO  base.BaseClass - Trying to find Element By {by.toString()})
2024-04-17 19:06:35,470 [main] INFO  base.BaseClass - Found Element By {by.toString()}
2024-04-17 19:06:36,018 [main] INFO  base.BaseClass - Trying to find Element By {by.toString()})
2024-04-17 19:06:36,048 [main] INFO  base.BaseClass - Found Element By {by.toString()}
2024-04-17 19:06:36,596 [main] INFO  base.BaseClass - Trying to find Element By {by.toString()})
2024-04-17 19:06:36,624 [main] INFO  base.BaseClass - Found Element By {by.toString()}
2024-04-17 19:06:37,174 [main] INFO  base.BaseClass - Trying to find Element By {by.toString()})
2024-04-17 19:06:37,205 [main] INFO  base.BaseClass - Found Element By {by.toString()}
2024-04-17 19:06:37,754 [main] INFO  base.BaseClass - Trying to find Element By {by.toString()})
2024-04-17 19:06:37,783 [main] INFO  base.BaseClass - Found Element By {by.toString()}
2024-04-17 19:06:38,336 [main] INFO  base.BaseClass - Trying to find Element By {by.toString()})
2024-04-17 19:06:38,363 [main] INFO  base.BaseClass - Found Element By {by.toString()}
2024-04-17 19:06:38,911 [main] INFO  base.BaseClass - Trying to find Element By {by.toString()})
2024-04-17 19:06:38,936 [main] INFO  base.BaseClass - Found Element By {by.toString()}
2024-04-17 19:06:39,475 [main] INFO  base.BaseClass - Trying to find Element By {by.toString()})
2024-04-17 19:06:39,504 [main] INFO  base.BaseClass - Found Element By {by.toString()}
2024-04-17 19:06:40,054 [main] INFO  base.BaseClass - Trying to find Element By {by.toString()})
2024-04-17 19:06:40,083 [main] INFO  base.BaseClass - Found Element By {by.toString()}
2024-04-17 19:06:40,599 [main] INFO  base.BaseClass - Trying to find Element By {by.toString()})
2024-04-17 19:06:40,613 [main] INFO  base.BaseClass - Found Element By {by.toString()}
2024-04-17 19:06:41,148 [main] INFO  base.BaseClass - Trying to find Element By {by.toString()})
2024-04-17 19:06:41,177 [main] INFO  base.BaseClass - Found Element By {by.toString()}
2024-04-17 19:06:41,723 [main] INFO  base.BaseClass - Trying to find Element By {by.toString()})
2024-04-17 19:06:41,752 [main] INFO  base.BaseClass - Found Element By {by.toString()}
2024-04-17 19:06:42,300 [main] INFO  base.BaseClass - Trying to find Element By {by.toString()})
2024-04-17 19:06:42,329 [main] INFO  base.BaseClass - Found Element By {by.toString()}
2024-04-17 19:06:42,881 [main] INFO  base.BaseClass - Trying to find Element By {by.toString()})
2024-04-17 19:06:42,909 [main] INFO  base.BaseClass - Found Element By {by.toString()}
2024-04-17 19:06:43,449 [main] INFO  base.BaseClass - Trying to find Element By {by.toString()})
2024-04-17 19:06:43,478 [main] INFO  base.BaseClass - Found Element By {by.toString()}
2024-04-17 19:06:44,016 [main] INFO  base.BaseClass - Trying to find Element By {by.toString()})
2024-04-17 19:06:44,045 [main] INFO  base.BaseClass - Found Element By {by.toString()}
2024-04-17 19:06:44,594 [main] INFO  base.BaseClass - Trying to find Element By {by.toString()})
2024-04-17 19:06:44,621 [main] INFO  base.BaseClass - Found Element By {by.toString()}
2024-04-17 19:06:45,174 [main] INFO  base.BaseClass - Trying to find Element By {by.toString()})
2024-04-17 19:06:45,201 [main] INFO  base.BaseClass - Found Element By {by.toString()}
2024-04-17 19:06:45,751 [main] INFO  base.BaseClass - Trying to find Element By {by.toString()})
2024-04-17 19:06:45,780 [main] INFO  base.BaseClass - Found Element By {by.toString()}
2024-04-17 19:06:46,329 [main] INFO  base.BaseClass - Trying to find Element By {by.toString()})
2024-04-17 19:06:46,358 [main] INFO  base.BaseClass - Found Element By {by.toString()}
2024-04-17 19:06:46,896 [main] INFO  base.BaseClass - Trying to find Element By {by.toString()})
2024-04-17 19:06:46,924 [main] INFO  base.BaseClass - Found Element By {by.toString()}
2024-04-17 19:06:47,459 [main] INFO  base.BaseClass - Trying to find Element By {by.toString()})
2024-04-17 19:06:47,488 [main] INFO  base.BaseClass - Found Element By {by.toString()}
2024-04-17 19:06:48,038 [main] INFO  base.BaseClass - Trying to find Element By {by.toString()})
2024-04-17 19:06:48,066 [main] INFO  base.BaseClass - Found Element By {by.toString()}
2024-04-17 19:06:48,618 [main] INFO  base.BaseClass - Trying to find Element By {by.toString()})
2024-04-17 19:06:48,646 [main] INFO  base.BaseClass - Found Element By {by.toString()}
2024-04-17 19:06:49,195 [main] INFO  base.BaseClass - Trying to find Element By {by.toString()})
2024-04-17 19:06:49,223 [main] INFO  base.BaseClass - Found Element By {by.toString()}
2024-04-17 19:06:49,758 [main] INFO  base.BaseClass - Trying to find Element By {by.toString()})
2024-04-17 19:06:49,787 [main] INFO  base.BaseClass - Found Element By {by.toString()}
2024-04-17 19:06:50,333 [main] INFO  base.BaseClass - Trying to find Element By {by.toString()})
2024-04-17 19:06:50,360 [main] INFO  base.BaseClass - Found Element By {by.toString()}
2024-04-17 19:06:50,910 [main] INFO  base.BaseClass - Trying to find Element By {by.toString()})
2024-04-17 19:06:50,938 [main] INFO  base.BaseClass - Found Element By {by.toString()}
2024-04-17 19:06:51,491 [main] INFO  base.BaseClass - Trying to find Element By {by.toString()})
2024-04-17 19:06:51,519 [main] INFO  base.BaseClass - Found Element By {by.toString()}
2024-04-17 19:06:52,071 [main] INFO  base.BaseClass - Trying to find Element By {by.toString()})
2024-04-17 19:06:52,100 [main] INFO  base.BaseClass - Found Element By {by.toString()}
2024-04-17 19:06:52,632 [main] INFO  base.BaseClass - Trying to find Element By {by.toString()})
2024-04-17 19:06:52,661 [main] INFO  base.BaseClass - Found Element By {by.toString()}
2024-04-17 19:06:53,197 [main] INFO  base.BaseClass - Trying to find Element By {by.toString()})
2024-04-17 19:06:53,222 [main] INFO  base.BaseClass - Found Element By {by.toString()}
2024-04-17 19:06:53,757 [main] INFO  base.BaseClass - Trying to find Element By {by.toString()})
2024-04-17 19:06:53,785 [main] INFO  base.BaseClass - Found Element By {by.toString()}
2024-04-17 19:06:54,335 [main] INFO  base.BaseClass - Trying to find Element By {by.toString()})
2024-04-17 19:06:54,363 [main] INFO  base.BaseClass - Found Element By {by.toString()}
2024-04-17 19:06:54,899 [main] INFO  base.BaseClass - Trying to find Element By {by.toString()})
2024-04-17 19:06:54,927 [main] INFO  base.BaseClass - Found Element By {by.toString()}
2024-04-17 19:06:55,478 [main] INFO  base.BaseClass - Trying to find Element By {by.toString()})
2024-04-17 19:06:55,507 [main] INFO  base.BaseClass - Found Element By {by.toString()}
2024-04-17 19:06:56,055 [main] INFO  base.BaseClass - Trying to find Element By {by.toString()})
2024-04-17 19:06:56,190 [main] INFO  base.BaseClass - Found Element By {by.toString()}
TimeoutException occurred: Expected condition failed: waiting for helper.WaitUtility$5@3ac5c1e2 (tried for 30 second(s) with 500 milliseconds interval)
Build info: version: '3.141.59', revision: 'e82be7d358', time: '2018-11-14T08:17:03'
System info: host: 'DPLAP166', ip: '137.237.2.236', os.name: 'Windows 10', os.arch: 'amd64', os.version: '10.0', java.version: '19.0.1'
Driver info: org.openqa.selenium.support.events.EventFiringWebDriver
Capabilities {acceptInsecureCerts: true, browserName: chrome, browserVersion: 123.0.6312.123, chrome: {chromedriverVersion: 123.0.6312.122 (31f8248cdd9..., userDataDir: C:\Users\dP-PL\AppData\Loca...}, fedcm:accounts: true, goog:chromeOptions: {debuggerAddress: localhost:51256}, javascriptEnabled: true, networkConnectionEnabled: false, pageLoadStrategy: normal, platform: WINDOWS, platformName: WINDOWS, proxy: Proxy(), setWindowRect: true, strictFileInteractability: false, timeouts: {implicit: 0, pageLoad: 300000, script: 30000}, unhandledPromptBehavior: dismiss and notify, webauthn:extension:credBlob: true, webauthn:extension:largeBlob: true, webauthn:extension:minPinLength: true, webauthn:extension:prf: true, webauthn:virtualAuthenticators: true}
Session ID: a59c4df4811f82049fe754efe723d3c1
2024-04-17 19:06:56,211 [main] ERROR RotationCopy_test - Element did not become visible within the specified time: Expected condition failed: waiting for helper.WaitUtility$5@3ac5c1e2 (tried for 30 second(s) with 500 milliseconds interval)
Build info: version: '3.141.59', revision: 'e82be7d358', time: '2018-11-14T08:17:03'
System info: host: 'DPLAP166', ip: '137.237.2.236', os.name: 'Windows 10', os.arch: 'amd64', os.version: '10.0', java.version: '19.0.1'
Driver info: org.openqa.selenium.support.events.EventFiringWebDriver
Capabilities {acceptInsecureCerts: true, browserName: chrome, browserVersion: 123.0.6312.123, chrome: {chromedriverVersion: 123.0.6312.122 (31f8248cdd9..., userDataDir: C:\Users\dP-PL\AppData\Loca...}, fedcm:accounts: true, goog:chromeOptions: {debuggerAddress: localhost:51256}, javascriptEnabled: true, networkConnectionEnabled: false, pageLoadStrategy: normal, platform: WINDOWS, platformName: WINDOWS, proxy: Proxy(), setWindowRect: true, strictFileInteractability: false, timeouts: {implicit: 0, pageLoad: 300000, script: 30000}, unhandledPromptBehavior: dismiss and notify, webauthn:extension:credBlob: true, webauthn:extension:largeBlob: true, webauthn:extension:minPinLength: true, webauthn:extension:prf: true, webauthn:virtualAuthenticators: true}
Session ID: a59c4df4811f82049fe754efe723d3c1
2024-04-17 19:06:56,211 [main] INFO  base.BaseClass - Trying to find Element By {by.toString()})
2024-04-17 19:06:56,222 [main] INFO  base.BaseClass - Found Element By {by.toString()}
2024-04-17 19:06:56,222 [main] INFO  base.BaseClass - Trying to click on: {element.toString()}
2024-04-17 19:06:56,289 [main] INFO  base.BaseClass - Clicked on: {element.toString()}
2024-04-17 19:06:56,295 [main] INFO  base.BaseClass - Trying to find Element By {by.toString()})
2024-04-17 19:06:56,308 [main] INFO  base.BaseClass - Found Element By {by.toString()}
2024-04-17 19:06:56,835 [main] INFO  base.BaseClass - Trying to find Element By {by.toString()})
2024-04-17 19:06:57,153 [main] INFO  base.BaseClass - Found Element By {by.toString()}
2024-04-17 19:06:57,680 [main] INFO  base.BaseClass - Trying to find Element By {by.toString()})
2024-04-17 19:06:57,707 [main] INFO  base.BaseClass - Found Element By {by.toString()}
2024-04-17 19:06:58,245 [main] INFO  base.BaseClass - Trying to find Element By {by.toString()})
2024-04-17 19:06:58,275 [main] INFO  base.BaseClass - Found Element By {by.toString()}
2024-04-17 19:06:58,815 [main] INFO  base.BaseClass - Trying to find Element By {by.toString()})
2024-04-17 19:06:58,843 [main] INFO  base.BaseClass - Found Element By {by.toString()}
2024-04-17 19:06:59,395 [main] INFO  base.BaseClass - Trying to find Element By {by.toString()})
2024-04-17 19:06:59,418 [main] INFO  base.BaseClass - Found Element By {by.toString()}
2024-04-17 19:06:59,956 [main] INFO  base.BaseClass - Trying to find Element By {by.toString()})
2024-04-17 19:06:59,986 [main] INFO  base.BaseClass - Found Element By {by.toString()}
2024-04-17 19:07:00,533 [main] INFO  base.BaseClass - Trying to find Element By {by.toString()})
2024-04-17 19:07:00,565 [main] INFO  base.BaseClass - Found Element By {by.toString()}
2024-04-17 19:07:01,101 [main] INFO  base.BaseClass - Trying to find Element By {by.toString()})
2024-04-17 19:07:01,131 [main] INFO  base.BaseClass - Found Element By {by.toString()}
2024-04-17 19:07:01,678 [main] INFO  base.BaseClass - Trying to find Element By {by.toString()})
2024-04-17 19:07:01,707 [main] INFO  base.BaseClass - Found Element By {by.toString()}
2024-04-17 19:07:02,256 [main] INFO  base.BaseClass - Trying to find Element By {by.toString()})
2024-04-17 19:07:02,286 [main] INFO  base.BaseClass - Found Element By {by.toString()}
2024-04-17 19:07:02,817 [main] INFO  base.BaseClass - Trying to find Element By {by.toString()})
2024-04-17 19:07:02,846 [main] INFO  base.BaseClass - Found Element By {by.toString()}
2024-04-17 19:07:03,395 [main] INFO  base.BaseClass - Trying to find Element By {by.toString()})
2024-04-17 19:07:03,424 [main] INFO  base.BaseClass - Found Element By {by.toString()}
2024-04-17 19:07:03,958 [main] INFO  base.BaseClass - Trying to find Element By {by.toString()})
2024-04-17 19:07:03,988 [main] INFO  base.BaseClass - Found Element By {by.toString()}
2024-04-17 19:07:04,521 [main] INFO  base.BaseClass - Trying to find Element By {by.toString()})
2024-04-17 19:07:04,550 [main] INFO  base.BaseClass - Found Element By {by.toString()}
2024-04-17 19:07:05,097 [main] INFO  base.BaseClass - Trying to find Element By {by.toString()})
2024-04-17 19:07:05,117 [main] INFO  base.BaseClass - Found Element By {by.toString()}
2024-04-17 19:07:05,659 [main] INFO  base.BaseClass - Trying to find Element By {by.toString()})
2024-04-17 19:07:05,688 [main] INFO  base.BaseClass - Found Element By {by.toString()}
2024-04-17 19:07:06,221 [main] INFO  base.BaseClass - Trying to find Element By {by.toString()})
2024-04-17 19:07:06,253 [main] INFO  base.BaseClass - Found Element By {by.toString()}
2024-04-17 19:07:06,797 [main] INFO  base.BaseClass - Trying to find Element By {by.toString()})
2024-04-17 19:07:06,825 [main] INFO  base.BaseClass - Found Element By {by.toString()}
2024-04-17 19:07:07,375 [main] INFO  base.BaseClass - Trying to find Element By {by.toString()})
2024-04-17 19:07:07,406 [main] INFO  base.BaseClass - Found Element By {by.toString()}
2024-04-17 19:07:07,953 [main] INFO  base.BaseClass - Trying to find Element By {by.toString()})
2024-04-17 19:07:07,983 [main] INFO  base.BaseClass - Found Element By {by.toString()}
2024-04-17 19:07:08,532 [main] INFO  base.BaseClass - Trying to find Element By {by.toString()})
2024-04-17 19:07:08,566 [main] INFO  base.BaseClass - Found Element By {by.toString()}
2024-04-17 19:07:09,112 [main] INFO  base.BaseClass - Trying to find Element By {by.toString()})
2024-04-17 19:07:09,124 [main] INFO  base.BaseClass - Found Element By {by.toString()}
2024-04-17 19:07:09,646 [main] INFO  base.BaseClass - Trying to find Element By {by.toString()})
2024-04-17 19:07:09,674 [main] INFO  base.BaseClass - Found Element By {by.toString()}
2024-04-17 19:07:10,226 [main] INFO  base.BaseClass - Trying to find Element By {by.toString()})
2024-04-17 19:07:10,250 [main] INFO  base.BaseClass - Found Element By {by.toString()}
2024-04-17 19:07:10,776 [main] INFO  base.BaseClass - Trying to find Element By {by.toString()})
2024-04-17 19:07:10,789 [main] INFO  base.BaseClass - Found Element By {by.toString()}
2024-04-17 19:07:11,306 [main] INFO  base.BaseClass - Trying to find Element By {by.toString()})
2024-04-17 19:07:11,336 [main] INFO  base.BaseClass - Found Element By {by.toString()}
2024-04-17 19:07:11,885 [main] INFO  base.BaseClass - Trying to find Element By {by.toString()})
2024-04-17 19:07:11,915 [main] INFO  base.BaseClass - Found Element By {by.toString()}
2024-04-17 19:07:12,462 [main] INFO  base.BaseClass - Trying to find Element By {by.toString()})
2024-04-17 19:07:12,491 [main] INFO  base.BaseClass - Found Element By {by.toString()}
2024-04-17 19:07:13,040 [main] INFO  base.BaseClass - Trying to find Element By {by.toString()})
2024-04-17 19:07:13,070 [main] INFO  base.BaseClass - Found Element By {by.toString()}
2024-04-17 19:07:13,603 [main] INFO  base.BaseClass - Trying to find Element By {by.toString()})
2024-04-17 19:07:13,632 [main] INFO  base.BaseClass - Found Element By {by.toString()}
2024-04-17 19:07:14,166 [main] INFO  base.BaseClass - Trying to find Element By {by.toString()})
2024-04-17 19:07:14,185 [main] INFO  base.BaseClass - Found Element By {by.toString()}
2024-04-17 19:07:14,709 [main] INFO  base.BaseClass - Trying to find Element By {by.toString()})
2024-04-17 19:07:14,738 [main] INFO  base.BaseClass - Found Element By {by.toString()}
2024-04-17 19:07:15,289 [main] INFO  base.BaseClass - Trying to find Element By {by.toString()})
2024-04-17 19:07:15,318 [main] INFO  base.BaseClass - Found Element By {by.toString()}
2024-04-17 19:07:15,867 [main] INFO  base.BaseClass - Trying to find Element By {by.toString()})
2024-04-17 19:07:15,895 [main] INFO  base.BaseClass - Found Element By {by.toString()}
2024-04-17 19:07:16,447 [main] INFO  base.BaseClass - Trying to find Element By {by.toString()})
2024-04-17 19:07:16,477 [main] INFO  base.BaseClass - Found Element By {by.toString()}
2024-04-17 19:07:17,023 [main] INFO  base.BaseClass - Trying to find Element By {by.toString()})
2024-04-17 19:07:17,053 [main] INFO  base.BaseClass - Found Element By {by.toString()}
2024-04-17 19:07:17,585 [main] INFO  base.BaseClass - Trying to find Element By {by.toString()})
2024-04-17 19:07:17,615 [main] INFO  base.BaseClass - Found Element By {by.toString()}
2024-04-17 19:07:18,164 [main] INFO  base.BaseClass - Trying to find Element By {by.toString()})
2024-04-17 19:07:18,193 [main] INFO  base.BaseClass - Found Element By {by.toString()}
2024-04-17 19:07:18,723 [main] INFO  base.BaseClass - Trying to find Element By {by.toString()})
2024-04-17 19:07:18,752 [main] INFO  base.BaseClass - Found Element By {by.toString()}
2024-04-17 19:07:19,303 [main] INFO  base.BaseClass - Trying to find Element By {by.toString()})
2024-04-17 19:07:19,326 [main] INFO  base.BaseClass - Found Element By {by.toString()}
2024-04-17 19:07:19,869 [main] INFO  base.BaseClass - Trying to find Element By {by.toString()})
2024-04-17 19:07:19,898 [main] INFO  base.BaseClass - Found Element By {by.toString()}
2024-04-17 19:07:20,449 [main] INFO  base.BaseClass - Trying to find Element By {by.toString()})
2024-04-17 19:07:20,478 [main] INFO  base.BaseClass - Found Element By {by.toString()}
2024-04-17 19:07:21,026 [main] INFO  base.BaseClass - Trying to find Element By {by.toString()})
2024-04-17 19:07:21,052 [main] INFO  base.BaseClass - Found Element By {by.toString()}
2024-04-17 19:07:21,588 [main] INFO  base.BaseClass - Trying to find Element By {by.toString()})
2024-04-17 19:07:21,617 [main] INFO  base.BaseClass - Found Element By {by.toString()}
2024-04-17 19:07:22,196 [main] INFO  base.BaseClass - Trying to find Element By {by.toString()})
2024-04-17 19:07:22,205 [main] INFO  base.BaseClass - Found Element By {by.toString()}
2024-04-17 19:07:22,727 [main] INFO  base.BaseClass - Trying to find Element By {by.toString()})
2024-04-17 19:07:22,757 [main] INFO  base.BaseClass - Found Element By {by.toString()}
2024-04-17 19:07:23,290 [main] INFO  base.BaseClass - Trying to find Element By {by.toString()})
2024-04-17 19:07:23,317 [main] INFO  base.BaseClass - Found Element By {by.toString()}
2024-04-17 19:07:23,868 [main] INFO  base.BaseClass - Trying to find Element By {by.toString()})
2024-04-17 19:07:23,897 [main] INFO  base.BaseClass - Found Element By {by.toString()}
2024-04-17 19:07:24,448 [main] INFO  base.BaseClass - Trying to find Element By {by.toString()})
2024-04-17 19:07:24,478 [main] INFO  base.BaseClass - Found Element By {by.toString()}
2024-04-17 19:07:25,027 [main] INFO  base.BaseClass - Trying to find Element By {by.toString()})
2024-04-17 19:07:25,057 [main] INFO  base.BaseClass - Found Element By {by.toString()}
2024-04-17 19:07:25,610 [main] INFO  base.BaseClass - Trying to find Element By {by.toString()})
2024-04-17 19:07:25,639 [main] INFO  base.BaseClass - Found Element By {by.toString()}
2024-04-17 19:07:26,193 [main] INFO  base.BaseClass - Trying to find Element By {by.toString()})
2024-04-17 19:07:26,224 [main] INFO  base.BaseClass - Found Element By {by.toString()}
2024-04-17 19:07:26,770 [main] INFO  base.BaseClass - Trying to find Element By {by.toString()})
2024-04-17 19:07:26,799 [main] INFO  base.BaseClass - Found Element By {by.toString()}
TimeoutException occurred: Expected condition failed: waiting for helper.WaitUtility$5@3db83ad6 (tried for 30 second(s) with 500 milliseconds interval)
Build info: version: '3.141.59', revision: 'e82be7d358', time: '2018-11-14T08:17:03'
System info: host: 'DPLAP166', ip: '137.237.2.236', os.name: 'Windows 10', os.arch: 'amd64', os.version: '10.0', java.version: '19.0.1'
Driver info: org.openqa.selenium.support.events.EventFiringWebDriver
Capabilities {acceptInsecureCerts: true, browserName: chrome, browserVersion: 123.0.6312.123, chrome: {chromedriverVersion: 123.0.6312.122 (31f8248cdd9..., userDataDir: C:\Users\dP-PL\AppData\Loca...}, fedcm:accounts: true, goog:chromeOptions: {debuggerAddress: localhost:51256}, javascriptEnabled: true, networkConnectionEnabled: false, pageLoadStrategy: normal, platform: WINDOWS, platformName: WINDOWS, proxy: Proxy(), setWindowRect: true, strictFileInteractability: false, timeouts: {implicit: 0, pageLoad: 300000, script: 30000}, unhandledPromptBehavior: dismiss and notify, webauthn:extension:credBlob: true, webauthn:extension:largeBlob: true, webauthn:extension:minPinLength: true, webauthn:extension:prf: true, webauthn:virtualAuthenticators: true}
Session ID: a59c4df4811f82049fe754efe723d3c1
2024-04-17 19:07:26,836 [main] ERROR RotationCopy_test - Element did not become visible within the specified time: Expected condition failed: waiting for helper.WaitUtility$5@3db83ad6 (tried for 30 second(s) with 500 milliseconds interval)
Build info: version: '3.141.59', revision: 'e82be7d358', time: '2018-11-14T08:17:03'
System info: host: 'DPLAP166', ip: '137.237.2.236', os.name: 'Windows 10', os.arch: 'amd64', os.version: '10.0', java.version: '19.0.1'
Driver info: org.openqa.selenium.support.events.EventFiringWebDriver
Capabilities {acceptInsecureCerts: true, browserName: chrome, browserVersion: 123.0.6312.123, chrome: {chromedriverVersion: 123.0.6312.122 (31f8248cdd9..., userDataDir: C:\Users\dP-PL\AppData\Loca...}, fedcm:accounts: true, goog:chromeOptions: {debuggerAddress: localhost:51256}, javascriptEnabled: true, networkConnectionEnabled: false, pageLoadStrategy: normal, platform: WINDOWS, platformName: WINDOWS, proxy: Proxy(), setWindowRect: true, strictFileInteractability: false, timeouts: {implicit: 0, pageLoad: 300000, script: 30000}, unhandledPromptBehavior: dismiss and notify, webauthn:extension:credBlob: true, webauthn:extension:largeBlob: true, webauthn:extension:minPinLength: true, webauthn:extension:prf: true, webauthn:virtualAuthenticators: true}
Session ID: a59c4df4811f82049fe754efe723d3c1
2024-04-17 19:07:26,836 [main] INFO  base.BaseClass - Trying to find Element By {by.toString()})
2024-04-17 19:07:26,860 [main] INFO  base.BaseClass - Found Element By {by.toString()}
2024-04-17 19:07:26,860 [main] INFO  base.BaseClass - Trying to click on: {element.toString()}
2024-04-17 19:07:26,977 [main] INFO  base.BaseClass - Clicked on: {element.toString()}
2024-04-17 19:07:26,977 [main] INFO  base.BaseClass - Trying to find Element By {by.toString()})
2024-04-17 19:07:27,830 [main] INFO  base.BaseClass - Found Element By {by.toString()}
2024-04-17 19:07:28,345 [main] INFO  base.BaseClass - Trying to find Element By {by.toString()})
2024-04-17 19:07:28,379 [main] INFO  base.BaseClass - Found Element By {by.toString()}
2024-04-17 19:07:28,926 [main] INFO  base.BaseClass - Trying to find Element By {by.toString()})
2024-04-17 19:07:28,958 [main] INFO  base.BaseClass - Found Element By {by.toString()}
2024-04-17 19:07:29,504 [main] INFO  base.BaseClass - Trying to find Element By {by.toString()})
2024-04-17 19:07:29,535 [main] INFO  base.BaseClass - Found Element By {by.toString()}
2024-04-17 19:07:30,081 [main] INFO  base.BaseClass - Trying to find Element By {by.toString()})
2024-04-17 19:07:30,113 [main] INFO  base.BaseClass - Found Element By {by.toString()}
2024-04-17 19:07:30,659 [main] INFO  base.BaseClass - Trying to find Element By {by.toString()})
2024-04-17 19:07:30,691 [main] INFO  base.BaseClass - Found Element By {by.toString()}
2024-04-17 19:07:31,237 [main] INFO  base.BaseClass - Trying to find Element By {by.toString()})
2024-04-17 19:07:31,270 [main] INFO  base.BaseClass - Found Element By {by.toString()}
2024-04-17 19:07:31,815 [main] INFO  base.BaseClass - Trying to find Element By {by.toString()})
2024-04-17 19:07:31,846 [main] INFO  base.BaseClass - Found Element By {by.toString()}
2024-04-17 19:07:32,442 [main] INFO  base.BaseClass - Trying to find Element By {by.toString()})
2024-04-17 19:07:32,473 [main] INFO  base.BaseClass - Found Element By {by.toString()}
2024-04-17 19:07:33,019 [main] INFO  base.BaseClass - Trying to find Element By {by.toString()})
2024-04-17 19:07:33,050 [main] INFO  base.BaseClass - Found Element By {by.toString()}
2024-04-17 19:07:33,582 [main] INFO  base.BaseClass - Trying to find Element By {by.toString()})
2024-04-17 19:07:33,613 [main] INFO  base.BaseClass - Found Element By {by.toString()}
2024-04-17 19:07:34,162 [main] INFO  base.BaseClass - Trying to find Element By {by.toString()})
2024-04-17 19:07:34,195 [main] INFO  base.BaseClass - Found Element By {by.toString()}
2024-04-17 19:07:34,744 [main] INFO  base.BaseClass - Trying to find Element By {by.toString()})
2024-04-17 19:07:34,777 [main] INFO  base.BaseClass - Found Element By {by.toString()}
2024-04-17 19:07:35,325 [main] INFO  base.BaseClass - Trying to find Element By {by.toString()})
2024-04-17 19:07:35,353 [main] INFO  base.BaseClass - Found Element By {by.toString()}
2024-04-17 19:07:35,889 [main] INFO  base.BaseClass - Trying to find Element By {by.toString()})
2024-04-17 19:07:35,921 [main] INFO  base.BaseClass - Found Element By {by.toString()}
2024-04-17 19:07:36,449 [main] INFO  base.BaseClass - Trying to find Element By {by.toString()})
2024-04-17 19:07:36,481 [main] INFO  base.BaseClass - Found Element By {by.toString()}
2024-04-17 19:07:37,012 [main] INFO  base.BaseClass - Trying to find Element By {by.toString()})
2024-04-17 19:07:37,045 [main] INFO  base.BaseClass - Found Element By {by.toString()}
2024-04-17 19:07:37,576 [main] INFO  base.BaseClass - Trying to find Element By {by.toString()})
2024-04-17 19:07:37,606 [main] INFO  base.BaseClass - Found Element By {by.toString()}
2024-04-17 19:07:38,155 [main] INFO  base.BaseClass - Trying to find Element By {by.toString()})
2024-04-17 19:07:38,186 [main] INFO  base.BaseClass - Found Element By {by.toString()}
2024-04-17 19:07:38,732 [main] INFO  base.BaseClass - Trying to find Element By {by.toString()})
2024-04-17 19:07:38,764 [main] INFO  base.BaseClass - Found Element By {by.toString()}
2024-04-17 19:07:39,310 [main] INFO  base.BaseClass - Trying to find Element By {by.toString()})
2024-04-17 19:07:39,341 [main] INFO  base.BaseClass - Found Element By {by.toString()}
2024-04-17 19:07:39,872 [main] INFO  base.BaseClass - Trying to find Element By {by.toString()})
2024-04-17 19:07:39,903 [main] INFO  base.BaseClass - Found Element By {by.toString()}
2024-04-17 19:07:40,451 [main] INFO  base.BaseClass - Trying to find Element By {by.toString()})
2024-04-17 19:07:40,473 [main] INFO  base.BaseClass - Found Element By {by.toString()}
2024-04-17 19:07:41,008 [main] INFO  base.BaseClass - Trying to find Element By {by.toString()})
2024-04-17 19:07:41,039 [main] INFO  base.BaseClass - Found Element By {by.toString()}
2024-04-17 19:07:41,586 [main] INFO  base.BaseClass - Trying to find Element By {by.toString()})
2024-04-17 19:07:41,617 [main] INFO  base.BaseClass - Found Element By {by.toString()}
2024-04-17 19:07:42,165 [main] INFO  base.BaseClass - Trying to find Element By {by.toString()})
2024-04-17 19:07:42,197 [main] INFO  base.BaseClass - Found Element By {by.toString()}
2024-04-17 19:07:42,748 [main] INFO  base.BaseClass - Trying to find Element By {by.toString()})
2024-04-17 19:07:42,778 [main] INFO  base.BaseClass - Found Element By {by.toString()}
2024-04-17 19:07:43,309 [main] INFO  base.BaseClass - Trying to find Element By {by.toString()})
2024-04-17 19:07:43,338 [main] INFO  base.BaseClass - Found Element By {by.toString()}
2024-04-17 19:07:43,869 [main] INFO  base.BaseClass - Trying to find Element By {by.toString()})
2024-04-17 19:07:43,899 [main] INFO  base.BaseClass - Found Element By {by.toString()}
2024-04-17 19:07:44,429 [main] INFO  base.BaseClass - Trying to find Element By {by.toString()})
2024-04-17 19:07:44,458 [main] INFO  base.BaseClass - Found Element By {by.toString()}
2024-04-17 19:07:44,995 [main] INFO  base.BaseClass - Trying to find Element By {by.toString()})
2024-04-17 19:07:45,026 [main] INFO  base.BaseClass - Found Element By {by.toString()}
2024-04-17 19:07:45,558 [main] INFO  base.BaseClass - Trying to find Element By {by.toString()})
2024-04-17 19:07:45,590 [main] INFO  base.BaseClass - Found Element By {by.toString()}
2024-04-17 19:07:46,136 [main] INFO  base.BaseClass - Trying to find Element By {by.toString()})
2024-04-17 19:07:46,150 [main] INFO  base.BaseClass - Found Element By {by.toString()}
2024-04-17 19:07:46,668 [main] INFO  base.BaseClass - Trying to find Element By {by.toString()})
2024-04-17 19:07:46,699 [main] INFO  base.BaseClass - Found Element By {by.toString()}
2024-04-17 19:07:47,244 [main] INFO  base.BaseClass - Trying to find Element By {by.toString()})
2024-04-17 19:07:47,275 [main] INFO  base.BaseClass - Found Element By {by.toString()}
2024-04-17 19:07:47,822 [main] INFO  base.BaseClass - Trying to find Element By {by.toString()})
2024-04-17 19:07:47,853 [main] INFO  base.BaseClass - Found Element By {by.toString()}
2024-04-17 19:07:48,397 [main] INFO  base.BaseClass - Trying to find Element By {by.toString()})
2024-04-17 19:07:48,429 [main] INFO  base.BaseClass - Found Element By {by.toString()}
2024-04-17 19:07:48,977 [main] INFO  base.BaseClass - Trying to find Element By {by.toString()})
2024-04-17 19:07:49,006 [main] INFO  base.BaseClass - Found Element By {by.toString()}
2024-04-17 19:07:49,555 [main] INFO  base.BaseClass - Trying to find Element By {by.toString()})
2024-04-17 19:07:49,585 [main] INFO  base.BaseClass - Found Element By {by.toString()}
2024-04-17 19:07:50,116 [main] INFO  base.BaseClass - Trying to find Element By {by.toString()})
2024-04-17 19:07:50,147 [main] INFO  base.BaseClass - Found Element By {by.toString()}
2024-04-17 19:07:50,692 [main] INFO  base.BaseClass - Trying to find Element By {by.toString()})
2024-04-17 19:07:50,722 [main] INFO  base.BaseClass - Found Element By {by.toString()}
2024-04-17 19:07:51,270 [main] INFO  base.BaseClass - Trying to find Element By {by.toString()})
2024-04-17 19:07:51,304 [main] INFO  base.BaseClass - Found Element By {by.toString()}
2024-04-17 19:07:51,851 [main] INFO  base.BaseClass - Trying to find Element By {by.toString()})
2024-04-17 19:07:51,882 [main] INFO  base.BaseClass - Found Element By {by.toString()}
2024-04-17 19:07:52,415 [main] INFO  base.BaseClass - Trying to find Element By {by.toString()})
2024-04-17 19:07:52,446 [main] INFO  base.BaseClass - Found Element By {by.toString()}
2024-04-17 19:07:52,978 [main] INFO  base.BaseClass - Trying to find Element By {by.toString()})
2024-04-17 19:07:53,010 [main] INFO  base.BaseClass - Found Element By {by.toString()}
2024-04-17 19:07:53,555 [main] INFO  base.BaseClass - Trying to find Element By {by.toString()})
2024-04-17 19:07:53,583 [main] INFO  base.BaseClass - Found Element By {by.toString()}
2024-04-17 19:07:54,136 [main] INFO  base.BaseClass - Trying to find Element By {by.toString()})
2024-04-17 19:07:54,198 [main] INFO  base.BaseClass - Found Element By {by.toString()}
2024-04-17 19:07:54,747 [main] INFO  base.BaseClass - Trying to find Element By {by.toString()})
2024-04-17 19:07:54,778 [main] INFO  base.BaseClass - Found Element By {by.toString()}
2024-04-17 19:07:55,325 [main] INFO  base.BaseClass - Trying to find Element By {by.toString()})
2024-04-17 19:07:55,350 [main] INFO  base.BaseClass - Found Element By {by.toString()}
2024-04-17 19:07:55,890 [main] INFO  base.BaseClass - Trying to find Element By {by.toString()})
2024-04-17 19:07:55,921 [main] INFO  base.BaseClass - Found Element By {by.toString()}
2024-04-17 19:07:56,469 [main] INFO  base.BaseClass - Trying to find Element By {by.toString()})
2024-04-17 19:07:56,501 [main] INFO  base.BaseClass - Found Element By {by.toString()}
2024-04-17 19:07:57,060 [main] INFO  base.BaseClass - Trying to find Element By {by.toString()})
2024-04-17 19:07:57,078 [main] INFO  base.BaseClass - Found Element By {by.toString()}
TimeoutException occurred: Expected condition failed: waiting for helper.WaitUtility$5@b9ff50b (tried for 30 second(s) with 500 milliseconds interval)
Build info: version: '3.141.59', revision: 'e82be7d358', time: '2018-11-14T08:17:03'
System info: host: 'DPLAP166', ip: '137.237.2.236', os.name: 'Windows 10', os.arch: 'amd64', os.version: '10.0', java.version: '19.0.1'
Driver info: org.openqa.selenium.support.events.EventFiringWebDriver
Capabilities {acceptInsecureCerts: true, browserName: chrome, browserVersion: 123.0.6312.123, chrome: {chromedriverVersion: 123.0.6312.122 (31f8248cdd9..., userDataDir: C:\Users\dP-PL\AppData\Loca...}, fedcm:accounts: true, goog:chromeOptions: {debuggerAddress: localhost:51256}, javascriptEnabled: true, networkConnectionEnabled: false, pageLoadStrategy: normal, platform: WINDOWS, platformName: WINDOWS, proxy: Proxy(), setWindowRect: true, strictFileInteractability: false, timeouts: {implicit: 0, pageLoad: 300000, script: 30000}, unhandledPromptBehavior: dismiss and notify, webauthn:extension:credBlob: true, webauthn:extension:largeBlob: true, webauthn:extension:minPinLength: true, webauthn:extension:prf: true, webauthn:virtualAuthenticators: true}
Session ID: a59c4df4811f82049fe754efe723d3c1
2024-04-17 19:07:57,095 [main] ERROR RotationCopy_test - Element did not become visible within the specified time: Expected condition failed: waiting for helper.WaitUtility$5@b9ff50b (tried for 30 second(s) with 500 milliseconds interval)
Build info: version: '3.141.59', revision: 'e82be7d358', time: '2018-11-14T08:17:03'
System info: host: 'DPLAP166', ip: '137.237.2.236', os.name: 'Windows 10', os.arch: 'amd64', os.version: '10.0', java.version: '19.0.1'
Driver info: org.openqa.selenium.support.events.EventFiringWebDriver
Capabilities {acceptInsecureCerts: true, browserName: chrome, browserVersion: 123.0.6312.123, chrome: {chromedriverVersion: 123.0.6312.122 (31f8248cdd9..., userDataDir: C:\Users\dP-PL\AppData\Loca...}, fedcm:accounts: true, goog:chromeOptions: {debuggerAddress: localhost:51256}, javascriptEnabled: true, networkConnectionEnabled: false, pageLoadStrategy: normal, platform: WINDOWS, platformName: WINDOWS, proxy: Proxy(), setWindowRect: true, strictFileInteractability: false, timeouts: {implicit: 0, pageLoad: 300000, script: 30000}, unhandledPromptBehavior: dismiss and notify, webauthn:extension:credBlob: true, webauthn:extension:largeBlob: true, webauthn:extension:minPinLength: true, webauthn:extension:prf: true, webauthn:virtualAuthenticators: true}
Session ID: a59c4df4811f82049fe754efe723d3c1
2024-04-17 19:07:57,095 [main] INFO  base.BaseClass - Trying to find Element By {by.toString()})
2024-04-17 19:07:57,105 [main] INFO  base.BaseClass - Found Element By {by.toString()}
2024-04-17 19:07:57,105 [main] INFO  base.BaseClass - Trying to click on: {element.toString()}
2024-04-17 19:07:57,172 [main] INFO  base.BaseClass - Clicked on: {element.toString()}
2024-04-17 19:07:57,172 [main] INFO  base.BaseClass - Trying to find Element By {by.toString()})
2024-04-17 19:07:57,185 [main] INFO  base.BaseClass - Found Element By {by.toString()}
2024-04-17 19:07:57,716 [main] INFO  base.BaseClass - Trying to find Element By {by.toString()})
2024-04-17 19:07:57,727 [main] INFO  base.BaseClass - Found Element By {by.toString()}
2024-04-17 19:07:58,245 [main] INFO  base.BaseClass - Trying to find Element By {by.toString()})
2024-04-17 19:07:58,275 [main] INFO  base.BaseClass - Found Element By {by.toString()}
2024-04-17 19:07:58,808 [main] INFO  base.BaseClass - Trying to find Element By {by.toString()})
2024-04-17 19:07:58,840 [main] INFO  base.BaseClass - Found Element By {by.toString()}
2024-04-17 19:07:59,385 [main] INFO  base.BaseClass - Trying to find Element By {by.toString()})
2024-04-17 19:07:59,401 [main] INFO  base.BaseClass - Found Element By {by.toString()}
2024-04-17 19:07:59,930 [main] INFO  base.BaseClass - Trying to find Element By {by.toString()})
2024-04-17 19:07:59,959 [main] INFO  base.BaseClass - Found Element By {by.toString()}
2024-04-17 19:08:00,491 [main] INFO  base.BaseClass - Trying to find Element By {by.toString()})
2024-04-17 19:08:00,522 [main] INFO  base.BaseClass - Found Element By {by.toString()}
2024-04-17 19:08:01,065 [main] INFO  base.BaseClass - Trying to find Element By {by.toString()})
2024-04-17 19:08:01,097 [main] INFO  base.BaseClass - Found Element By {by.toString()}
2024-04-17 19:08:01,645 [main] INFO  base.BaseClass - Trying to find Element By {by.toString()})
2024-04-17 19:08:01,680 [main] INFO  base.BaseClass - Found Element By {by.toString()}
2024-04-17 19:08:02,229 [main] INFO  base.BaseClass - Trying to find Element By {by.toString()})
2024-04-17 19:08:02,266 [main] INFO  base.BaseClass - Found Element By {by.toString()}
2024-04-17 19:08:02,809 [main] INFO  base.BaseClass - Trying to find Element By {by.toString()})
2024-04-17 19:08:02,826 [main] INFO  base.BaseClass - Found Element By {by.toString()}
2024-04-17 19:08:03,345 [main] INFO  base.BaseClass - Trying to find Element By {by.toString()})
2024-04-17 19:08:03,369 [main] INFO  base.BaseClass - Found Element By {by.toString()}
2024-04-17 19:08:03,896 [main] INFO  base.BaseClass - Trying to find Element By {by.toString()})
2024-04-17 19:08:03,933 [main] INFO  base.BaseClass - Found Element By {by.toString()}
2024-04-17 19:08:04,474 [main] INFO  base.BaseClass - Trying to find Element By {by.toString()})
2024-04-17 19:08:04,509 [main] INFO  base.BaseClass - Found Element By {by.toString()}
2024-04-17 19:08:05,055 [main] INFO  base.BaseClass - Trying to find Element By {by.toString()})
2024-04-17 19:08:05,087 [main] INFO  base.BaseClass - Found Element By {by.toString()}
2024-04-17 19:08:05,620 [main] INFO  base.BaseClass - Trying to find Element By {by.toString()})
2024-04-17 19:08:05,639 [main] INFO  base.BaseClass - Found Element By {by.toString()}
2024-04-17 19:08:06,168 [main] INFO  base.BaseClass - Trying to find Element By {by.toString()})
2024-04-17 19:08:06,202 [main] INFO  base.BaseClass - Found Element By {by.toString()}
2024-04-17 19:08:06,744 [main] INFO  base.BaseClass - Trying to find Element By {by.toString()})
2024-04-17 19:08:06,775 [main] INFO  base.BaseClass - Found Element By {by.toString()}
2024-04-17 19:08:07,327 [main] INFO  base.BaseClass - Trying to find Element By {by.toString()})
2024-04-17 19:08:07,345 [main] INFO  base.BaseClass - Found Element By {by.toString()}
2024-04-17 19:08:07,872 [main] INFO  base.BaseClass - Trying to find Element By {by.toString()})
2024-04-17 19:08:07,903 [main] INFO  base.BaseClass - Found Element By {by.toString()}
2024-04-17 19:08:08,449 [main] INFO  base.BaseClass - Trying to find Element By {by.toString()})
2024-04-17 19:08:08,481 [main] INFO  base.BaseClass - Found Element By {by.toString()}
2024-04-17 19:08:09,030 [main] INFO  base.BaseClass - Trying to find Element By {by.toString()})
2024-04-17 19:08:09,061 [main] INFO  base.BaseClass - Found Element By {by.toString()}
2024-04-17 19:08:09,597 [main] INFO  base.BaseClass - Trying to find Element By {by.toString()})
2024-04-17 19:08:09,627 [main] INFO  base.BaseClass - Found Element By {by.toString()}
2024-04-17 19:08:10,160 [main] INFO  base.BaseClass - Trying to find Element By {by.toString()})
2024-04-17 19:08:10,202 [main] INFO  base.BaseClass - Found Element By {by.toString()}
2024-04-17 19:08:10,752 [main] INFO  base.BaseClass - Trying to find Element By {by.toString()})
2024-04-17 19:08:10,783 [main] INFO  base.BaseClass - Found Element By {by.toString()}
2024-04-17 19:08:11,321 [main] INFO  base.BaseClass - Trying to find Element By {by.toString()})
2024-04-17 19:08:11,354 [main] INFO  base.BaseClass - Found Element By {by.toString()}
2024-04-17 19:08:11,899 [main] INFO  base.BaseClass - Trying to find Element By {by.toString()})
2024-04-17 19:08:11,930 [main] INFO  base.BaseClass - Found Element By {by.toString()}
2024-04-17 19:08:12,479 [main] INFO  base.BaseClass - Trying to find Element By {by.toString()})
2024-04-17 19:08:12,510 [main] INFO  base.BaseClass - Found Element By {by.toString()}
2024-04-17 19:08:13,058 [main] INFO  base.BaseClass - Trying to find Element By {by.toString()})
2024-04-17 19:08:13,082 [main] INFO  base.BaseClass - Found Element By {by.toString()}
2024-04-17 19:08:13,622 [main] INFO  base.BaseClass - Trying to find Element By {by.toString()})
2024-04-17 19:08:13,652 [main] INFO  base.BaseClass - Found Element By {by.toString()}
2024-04-17 19:08:14,185 [main] INFO  base.BaseClass - Trying to find Element By {by.toString()})
2024-04-17 19:08:14,212 [main] INFO  base.BaseClass - Found Element By {by.toString()}
2024-04-17 19:08:14,734 [main] INFO  base.BaseClass - Trying to find Element By {by.toString()})
2024-04-17 19:08:14,764 [main] INFO  base.BaseClass - Found Element By {by.toString()}
2024-04-17 19:08:15,300 [main] INFO  base.BaseClass - Trying to find Element By {by.toString()})
2024-04-17 19:08:15,331 [main] INFO  base.BaseClass - Found Element By {by.toString()}
2024-04-17 19:08:15,878 [main] INFO  base.BaseClass - Trying to find Element By {by.toString()})
2024-04-17 19:08:15,910 [main] INFO  base.BaseClass - Found Element By {by.toString()}
2024-04-17 19:08:16,456 [main] INFO  base.BaseClass - Trying to find Element By {by.toString()})
2024-04-17 19:08:16,487 [main] INFO  base.BaseClass - Found Element By {by.toString()}
2024-04-17 19:08:17,034 [main] INFO  base.BaseClass - Trying to find Element By {by.toString()})
2024-04-17 19:08:17,065 [main] INFO  base.BaseClass - Found Element By {by.toString()}
2024-04-17 19:08:17,611 [main] INFO  base.BaseClass - Trying to find Element By {by.toString()})
2024-04-17 19:08:17,642 [main] INFO  base.BaseClass - Found Element By {by.toString()}
2024-04-17 19:08:18,188 [main] INFO  base.BaseClass - Trying to find Element By {by.toString()})
2024-04-17 19:08:18,217 [main] INFO  base.BaseClass - Found Element By {by.toString()}
2024-04-17 19:08:18,764 [main] INFO  base.BaseClass - Trying to find Element By {by.toString()})
2024-04-17 19:08:18,791 [main] INFO  base.BaseClass - Found Element By {by.toString()}
2024-04-17 19:08:19,323 [main] INFO  base.BaseClass - Trying to find Element By {by.toString()})
2024-04-17 19:08:19,355 [main] INFO  base.BaseClass - Found Element By {by.toString()}
2024-04-17 19:08:19,903 [main] INFO  base.BaseClass - Trying to find Element By {by.toString()})
2024-04-17 19:08:19,936 [main] INFO  base.BaseClass - Found Element By {by.toString()}
2024-04-17 19:08:20,484 [main] INFO  base.BaseClass - Trying to find Element By {by.toString()})
2024-04-17 19:08:20,514 [main] INFO  base.BaseClass - Found Element By {by.toString()}
2024-04-17 19:08:21,048 [main] INFO  base.BaseClass - Trying to find Element By {by.toString()})
2024-04-17 19:08:21,079 [main] INFO  base.BaseClass - Found Element By {by.toString()}
2024-04-17 19:08:21,622 [main] INFO  base.BaseClass - Trying to find Element By {by.toString()})
2024-04-17 19:08:21,653 [main] INFO  base.BaseClass - Found Element By {by.toString()}
2024-04-17 19:08:22,191 [main] INFO  base.BaseClass - Trying to find Element By {by.toString()})
2024-04-17 19:08:22,200 [main] INFO  base.BaseClass - Found Element By {by.toString()}
2024-04-17 19:08:22,723 [main] INFO  base.BaseClass - Trying to find Element By {by.toString()})
2024-04-17 19:08:22,749 [main] INFO  base.BaseClass - Found Element By {by.toString()}
2024-04-17 19:08:23,269 [main] INFO  base.BaseClass - Trying to find Element By {by.toString()})
2024-04-17 19:08:23,299 [main] INFO  base.BaseClass - Found Element By {by.toString()}
2024-04-17 19:08:23,848 [main] INFO  base.BaseClass - Trying to find Element By {by.toString()})
2024-04-17 19:08:23,879 [main] INFO  base.BaseClass - Found Element By {by.toString()}
2024-04-17 19:08:24,423 [main] INFO  base.BaseClass - Trying to find Element By {by.toString()})
2024-04-17 19:08:24,454 [main] INFO  base.BaseClass - Found Element By {by.toString()}
2024-04-17 19:08:25,000 [main] INFO  base.BaseClass - Trying to find Element By {by.toString()})
2024-04-17 19:08:25,032 [main] INFO  base.BaseClass - Found Element By {by.toString()}
2024-04-17 19:08:25,580 [main] INFO  base.BaseClass - Trying to find Element By {by.toString()})
2024-04-17 19:08:25,611 [main] INFO  base.BaseClass - Found Element By {by.toString()}
2024-04-17 19:08:26,157 [main] INFO  base.BaseClass - Trying to find Element By {by.toString()})
2024-04-17 19:08:26,188 [main] INFO  base.BaseClass - Found Element By {by.toString()}
2024-04-17 19:08:26,738 [main] INFO  base.BaseClass - Trying to find Element By {by.toString()})
2024-04-17 19:08:26,768 [main] INFO  base.BaseClass - Found Element By {by.toString()}
2024-04-17 19:08:27,299 [main] INFO  base.BaseClass - Trying to find Element By {by.toString()})
2024-04-17 19:08:27,330 [main] INFO  base.BaseClass - Found Element By {by.toString()}
TimeoutException occurred: Expected condition failed: waiting for helper.WaitUtility$5@49442159 (tried for 30 second(s) with 500 milliseconds interval)
Build info: version: '3.141.59', revision: 'e82be7d358', time: '2018-11-14T08:17:03'
System info: host: 'DPLAP166', ip: '137.237.2.236', os.name: 'Windows 10', os.arch: 'amd64', os.version: '10.0', java.version: '19.0.1'
Driver info: org.openqa.selenium.support.events.EventFiringWebDriver
Capabilities {acceptInsecureCerts: true, browserName: chrome, browserVersion: 123.0.6312.123, chrome: {chromedriverVersion: 123.0.6312.122 (31f8248cdd9..., userDataDir: C:\Users\dP-PL\AppData\Loca...}, fedcm:accounts: true, goog:chromeOptions: {debuggerAddress: localhost:51256}, javascriptEnabled: true, networkConnectionEnabled: false, pageLoadStrategy: normal, platform: WINDOWS, platformName: WINDOWS, proxy: Proxy(), setWindowRect: true, strictFileInteractability: false, timeouts: {implicit: 0, pageLoad: 300000, script: 30000}, unhandledPromptBehavior: dismiss and notify, webauthn:extension:credBlob: true, webauthn:extension:largeBlob: true, webauthn:extension:minPinLength: true, webauthn:extension:prf: true, webauthn:virtualAuthenticators: true}
Session ID: a59c4df4811f82049fe754efe723d3c1
2024-04-17 19:08:27,369 [main] ERROR RotationCopy_test - Element did not become visible within the specified time: Expected condition failed: waiting for helper.WaitUtility$5@49442159 (tried for 30 second(s) with 500 milliseconds interval)
Build info: version: '3.141.59', revision: 'e82be7d358', time: '2018-11-14T08:17:03'
System info: host: 'DPLAP166', ip: '137.237.2.236', os.name: 'Windows 10', os.arch: 'amd64', os.version: '10.0', java.version: '19.0.1'
Driver info: org.openqa.selenium.support.events.EventFiringWebDriver
Capabilities {acceptInsecureCerts: true, browserName: chrome, browserVersion: 123.0.6312.123, chrome: {chromedriverVersion: 123.0.6312.122 (31f8248cdd9..., userDataDir: C:\Users\dP-PL\AppData\Loca...}, fedcm:accounts: true, goog:chromeOptions: {debuggerAddress: localhost:51256}, javascriptEnabled: true, networkConnectionEnabled: false, pageLoadStrategy: normal, platform: WINDOWS, platformName: WINDOWS, proxy: Proxy(), setWindowRect: true, strictFileInteractability: false, timeouts: {implicit: 0, pageLoad: 300000, script: 30000}, unhandledPromptBehavior: dismiss and notify, webauthn:extension:credBlob: true, webauthn:extension:largeBlob: true, webauthn:extension:minPinLength: true, webauthn:extension:prf: true, webauthn:virtualAuthenticators: true}
Session ID: a59c4df4811f82049fe754efe723d3c1
2024-04-17 19:08:27,369 [main] INFO  base.BaseClass - Trying to find Element By {by.toString()})
2024-04-17 19:08:27,418 [main] INFO  base.BaseClass - Found Element By {by.toString()}
2024-04-17 19:08:27,418 [main] INFO  base.BaseClass - Trying to click on: {element.toString()}
2024-04-17 19:08:27,551 [main] INFO  base.BaseClass - Clicked on: {element.toString()}
2024-04-17 19:08:27,557 [main] INFO  base.BaseClass - Trying to find Element By {by.toString()})
2024-04-17 19:08:27,570 [main] INFO  base.BaseClass - Found Element By {by.toString()}
2024-04-17 19:08:28,094 [main] INFO  base.BaseClass - Trying to find Element By {by.toString()})
2024-04-17 19:08:28,112 [main] INFO  base.BaseClass - Found Element By {by.toString()}
2024-04-17 19:08:28,636 [main] INFO  base.BaseClass - Trying to find Element By {by.toString()})
2024-04-17 19:08:28,665 [main] INFO  base.BaseClass - Found Element By {by.toString()}
2024-04-17 19:08:29,214 [main] INFO  base.BaseClass - Trying to find Element By {by.toString()})
2024-04-17 19:08:29,246 [main] INFO  base.BaseClass - Found Element By {by.toString()}
2024-04-17 19:08:29,776 [main] INFO  base.BaseClass - Trying to find Element By {by.toString()})
2024-04-17 19:08:29,808 [main] INFO  base.BaseClass - Found Element By {by.toString()}
2024-04-17 19:08:30,354 [main] INFO  base.BaseClass - Trying to find Element By {by.toString()})
2024-04-17 19:08:30,384 [main] INFO  base.BaseClass - Found Element By {by.toString()}
2024-04-17 19:08:30,942 [main] INFO  base.BaseClass - Trying to find Element By {by.toString()})
2024-04-17 19:08:30,972 [main] INFO  base.BaseClass - Found Element By {by.toString()}
2024-04-17 19:08:31,522 [main] INFO  base.BaseClass - Trying to find Element By {by.toString()})
2024-04-17 19:08:31,550 [main] INFO  base.BaseClass - Found Element By {by.toString()}
2024-04-17 19:08:32,099 [main] INFO  base.BaseClass - Trying to find Element By {by.toString()})
2024-04-17 19:08:32,107 [main] INFO  base.BaseClass - Found Element By {by.toString()}
2024-04-17 19:08:32,628 [main] INFO  base.BaseClass - Trying to find Element By {by.toString()})
2024-04-17 19:08:32,659 [main] INFO  base.BaseClass - Found Element By {by.toString()}
2024-04-17 19:08:33,206 [main] INFO  base.BaseClass - Trying to find Element By {by.toString()})
2024-04-17 19:08:33,236 [main] INFO  base.BaseClass - Found Element By {by.toString()}
2024-04-17 19:08:33,766 [main] INFO  base.BaseClass - Trying to find Element By {by.toString()})
2024-04-17 19:08:33,794 [main] INFO  base.BaseClass - Found Element By {by.toString()}
2024-04-17 19:08:34,327 [main] INFO  base.BaseClass - Trying to find Element By {by.toString()})
2024-04-17 19:08:34,353 [main] INFO  base.BaseClass - Found Element By {by.toString()}
2024-04-17 19:08:34,886 [main] INFO  base.BaseClass - Trying to find Element By {by.toString()})
2024-04-17 19:08:34,916 [main] INFO  base.BaseClass - Found Element By {by.toString()}
2024-04-17 19:08:35,466 [main] INFO  base.BaseClass - Trying to find Element By {by.toString()})
2024-04-17 19:08:35,498 [main] INFO  base.BaseClass - Found Element By {by.toString()}
2024-04-17 19:08:36,046 [main] INFO  base.BaseClass - Trying to find Element By {by.toString()})
2024-04-17 19:08:36,076 [main] INFO  base.BaseClass - Found Element By {by.toString()}
2024-04-17 19:08:36,622 [main] INFO  base.BaseClass - Trying to find Element By {by.toString()})
2024-04-17 19:08:36,652 [main] INFO  base.BaseClass - Found Element By {by.toString()}
2024-04-17 19:08:37,201 [main] INFO  base.BaseClass - Trying to find Element By {by.toString()})
2024-04-17 19:08:37,230 [main] INFO  base.BaseClass - Found Element By {by.toString()}
2024-04-17 19:08:37,778 [main] INFO  base.BaseClass - Trying to find Element By {by.toString()})
2024-04-17 19:08:37,808 [main] INFO  base.BaseClass - Found Element By {by.toString()}
2024-04-17 19:08:38,355 [main] INFO  base.BaseClass - Trying to find Element By {by.toString()})
2024-04-17 19:08:38,383 [main] INFO  base.BaseClass - Found Element By {by.toString()}
2024-04-17 19:08:38,919 [main] INFO  base.BaseClass - Trying to find Element By {by.toString()})
2024-04-17 19:08:38,942 [main] INFO  base.BaseClass - Found Element By {by.toString()}
2024-04-17 19:08:39,482 [main] INFO  base.BaseClass - Trying to find Element By {by.toString()})
2024-04-17 19:08:39,510 [main] INFO  base.BaseClass - Found Element By {by.toString()}
2024-04-17 19:08:40,063 [main] INFO  base.BaseClass - Trying to find Element By {by.toString()})
2024-04-17 19:08:40,088 [main] INFO  base.BaseClass - Found Element By {by.toString()}
2024-04-17 19:08:40,608 [main] INFO  base.BaseClass - Trying to find Element By {by.toString()})
2024-04-17 19:08:40,637 [main] INFO  base.BaseClass - Found Element By {by.toString()}
2024-04-17 19:08:41,187 [main] INFO  base.BaseClass - Trying to find Element By {by.toString()})
2024-04-17 19:08:41,216 [main] INFO  base.BaseClass - Found Element By {by.toString()}
2024-04-17 19:08:41,764 [main] INFO  base.BaseClass - Trying to find Element By {by.toString()})
2024-04-17 19:08:41,792 [main] INFO  base.BaseClass - Found Element By {by.toString()}
2024-04-17 19:08:42,340 [main] INFO  base.BaseClass - Trying to find Element By {by.toString()})
2024-04-17 19:08:42,368 [main] INFO  base.BaseClass - Found Element By {by.toString()}
2024-04-17 19:08:42,917 [main] INFO  base.BaseClass - Trying to find Element By {by.toString()})
2024-04-17 19:08:42,945 [main] INFO  base.BaseClass - Found Element By {by.toString()}
2024-04-17 19:08:43,496 [main] INFO  base.BaseClass - Trying to find Element By {by.toString()})
2024-04-17 19:08:43,525 [main] INFO  base.BaseClass - Found Element By {by.toString()}
2024-04-17 19:08:44,074 [main] INFO  base.BaseClass - Trying to find Element By {by.toString()})
2024-04-17 19:08:44,104 [main] INFO  base.BaseClass - Found Element By {by.toString()}
2024-04-17 19:08:44,655 [main] INFO  base.BaseClass - Trying to find Element By {by.toString()})
2024-04-17 19:08:44,684 [main] INFO  base.BaseClass - Found Element By {by.toString()}
2024-04-17 19:08:45,220 [main] INFO  base.BaseClass - Trying to find Element By {by.toString()})
2024-04-17 19:08:45,249 [main] INFO  base.BaseClass - Found Element By {by.toString()}
2024-04-17 19:08:45,782 [main] INFO  base.BaseClass - Trying to find Element By {by.toString()})
2024-04-17 19:08:45,811 [main] INFO  base.BaseClass - Found Element By {by.toString()}
2024-04-17 19:08:46,357 [main] INFO  base.BaseClass - Trying to find Element By {by.toString()})
2024-04-17 19:08:46,386 [main] INFO  base.BaseClass - Found Element By {by.toString()}
2024-04-17 19:08:46,933 [main] INFO  base.BaseClass - Trying to find Element By {by.toString()})
2024-04-17 19:08:46,952 [main] INFO  base.BaseClass - Found Element By {by.toString()}
2024-04-17 19:08:47,482 [main] INFO  base.BaseClass - Trying to find Element By {by.toString()})
2024-04-17 19:08:47,511 [main] INFO  base.BaseClass - Found Element By {by.toString()}
2024-04-17 19:08:48,063 [main] INFO  base.BaseClass - Trying to find Element By {by.toString()})
2024-04-17 19:08:48,092 [main] INFO  base.BaseClass - Found Element By {by.toString()}
2024-04-17 19:08:48,643 [main] INFO  base.BaseClass - Trying to find Element By {by.toString()})
2024-04-17 19:08:48,657 [main] INFO  base.BaseClass - Found Element By {by.toString()}
2024-04-17 19:08:49,189 [main] INFO  base.BaseClass - Trying to find Element By {by.toString()})
2024-04-17 19:08:49,218 [main] INFO  base.BaseClass - Found Element By {by.toString()}
2024-04-17 19:08:49,768 [main] INFO  base.BaseClass - Trying to find Element By {by.toString()})
2024-04-17 19:08:49,797 [main] INFO  base.BaseClass - Found Element By {by.toString()}
2024-04-17 19:08:50,345 [main] INFO  base.BaseClass - Trying to find Element By {by.toString()})
2024-04-17 19:08:50,374 [main] INFO  base.BaseClass - Found Element By {by.toString()}
2024-04-17 19:08:50,907 [main] INFO  base.BaseClass - Trying to find Element By {by.toString()})
2024-04-17 19:08:50,934 [main] INFO  base.BaseClass - Found Element By {by.toString()}
2024-04-17 19:08:51,471 [main] INFO  base.BaseClass - Trying to find Element By {by.toString()})
2024-04-17 19:08:51,503 [main] INFO  base.BaseClass - Found Element By {by.toString()}
2024-04-17 19:08:52,060 [main] INFO  base.BaseClass - Trying to find Element By {by.toString()})
2024-04-17 19:08:52,089 [main] INFO  base.BaseClass - Found Element By {by.toString()}
2024-04-17 19:08:52,639 [main] INFO  base.BaseClass - Trying to find Element By {by.toString()})
2024-04-17 19:08:52,668 [main] INFO  base.BaseClass - Found Element By {by.toString()}
2024-04-17 19:08:53,217 [main] INFO  base.BaseClass - Trying to find Element By {by.toString()})
2024-04-17 19:08:53,231 [main] INFO  base.BaseClass - Found Element By {by.toString()}
2024-04-17 19:08:53,752 [main] INFO  base.BaseClass - Trying to find Element By {by.toString()})
2024-04-17 19:08:53,782 [main] INFO  base.BaseClass - Found Element By {by.toString()}
2024-04-17 19:08:54,317 [main] INFO  base.BaseClass - Trying to find Element By {by.toString()})
2024-04-17 19:08:54,346 [main] INFO  base.BaseClass - Found Element By {by.toString()}
2024-04-17 19:08:54,896 [main] INFO  base.BaseClass - Trying to find Element By {by.toString()})
2024-04-17 19:08:54,918 [main] INFO  base.BaseClass - Found Element By {by.toString()}
2024-04-17 19:08:55,442 [main] INFO  base.BaseClass - Trying to find Element By {by.toString()})
2024-04-17 19:08:55,472 [main] INFO  base.BaseClass - Found Element By {by.toString()}
2024-04-17 19:08:56,019 [main] INFO  base.BaseClass - Trying to find Element By {by.toString()})
2024-04-17 19:08:56,039 [main] INFO  base.BaseClass - Found Element By {by.toString()}
2024-04-17 19:08:56,583 [main] INFO  base.BaseClass - Trying to find Element By {by.toString()})
2024-04-17 19:08:56,612 [main] INFO  base.BaseClass - Found Element By {by.toString()}
2024-04-17 19:08:57,159 [main] INFO  base.BaseClass - Trying to find Element By {by.toString()})
2024-04-17 19:08:57,176 [main] INFO  base.BaseClass - Found Element By {by.toString()}
2024-04-17 19:08:57,705 [main] INFO  base.BaseClass - Trying to find Element By {by.toString()})
2024-04-17 19:08:57,734 [main] INFO  base.BaseClass - Found Element By {by.toString()}
TimeoutException occurred: Expected condition failed: waiting for helper.WaitUtility$5@35d77ae9 (tried for 30 second(s) with 500 milliseconds interval)
Build info: version: '3.141.59', revision: 'e82be7d358', time: '2018-11-14T08:17:03'
System info: host: 'DPLAP166', ip: '137.237.2.236', os.name: 'Windows 10', os.arch: 'amd64', os.version: '10.0', java.version: '19.0.1'
Driver info: org.openqa.selenium.support.events.EventFiringWebDriver
Capabilities {acceptInsecureCerts: true, browserName: chrome, browserVersion: 123.0.6312.123, chrome: {chromedriverVersion: 123.0.6312.122 (31f8248cdd9..., userDataDir: C:\Users\dP-PL\AppData\Loca...}, fedcm:accounts: true, goog:chromeOptions: {debuggerAddress: localhost:51256}, javascriptEnabled: true, networkConnectionEnabled: false, pageLoadStrategy: normal, platform: WINDOWS, platformName: WINDOWS, proxy: Proxy(), setWindowRect: true, strictFileInteractability: false, timeouts: {implicit: 0, pageLoad: 300000, script: 30000}, unhandledPromptBehavior: dismiss and notify, webauthn:extension:credBlob: true, webauthn:extension:largeBlob: true, webauthn:extension:minPinLength: true, webauthn:extension:prf: true, webauthn:virtualAuthenticators: true}
Session ID: a59c4df4811f82049fe754efe723d3c1
2024-04-17 19:08:57,772 [main] ERROR RotationCopy_test - Element did not become visible within the specified time: Expected condition failed: waiting for helper.WaitUtility$5@35d77ae9 (tried for 30 second(s) with 500 milliseconds interval)
Build info: version: '3.141.59', revision: 'e82be7d358', time: '2018-11-14T08:17:03'
System info: host: 'DPLAP166', ip: '137.237.2.236', os.name: 'Windows 10', os.arch: 'amd64', os.version: '10.0', java.version: '19.0.1'
Driver info: org.openqa.selenium.support.events.EventFiringWebDriver
Capabilities {acceptInsecureCerts: true, browserName: chrome, browserVersion: 123.0.6312.123, chrome: {chromedriverVersion: 123.0.6312.122 (31f8248cdd9..., userDataDir: C:\Users\dP-PL\AppData\Loca...}, fedcm:accounts: true, goog:chromeOptions: {debuggerAddress: localhost:51256}, javascriptEnabled: true, networkConnectionEnabled: false, pageLoadStrategy: normal, platform: WINDOWS, platformName: WINDOWS, proxy: Proxy(), setWindowRect: true, strictFileInteractability: false, timeouts: {implicit: 0, pageLoad: 300000, script: 30000}, unhandledPromptBehavior: dismiss and notify, webauthn:extension:credBlob: true, webauthn:extension:largeBlob: true, webauthn:extension:minPinLength: true, webauthn:extension:prf: true, webauthn:virtualAuthenticators: true}
Session ID: a59c4df4811f82049fe754efe723d3c1
2024-04-17 19:08:57,772 [main] INFO  base.BaseClass - Trying to find Element By {by.toString()})
2024-04-17 19:08:57,794 [main] INFO  base.BaseClass - Found Element By {by.toString()}
2024-04-17 19:08:57,794 [main] INFO  base.BaseClass - Trying to click on: {element.toString()}
2024-04-17 19:08:57,880 [main] INFO  base.BaseClass - Clicked on: {element.toString()}
2024-04-17 19:08:57,886 [main] INFO  base.BaseClass - Trying to find Element By {by.toString()})
2024-04-17 19:08:57,896 [main] INFO  base.BaseClass - Found Element By {by.toString()}
2024-04-17 19:08:58,423 [main] INFO  base.BaseClass - Trying to find Element By {by.toString()})
2024-04-17 19:08:58,750 [main] INFO  base.BaseClass - Found Element By {by.toString()}
2024-04-17 19:08:59,281 [main] INFO  base.BaseClass - Trying to find Element By {by.toString()})
2024-04-17 19:08:59,307 [main] INFO  base.BaseClass - Found Element By {by.toString()}
2024-04-17 19:08:59,831 [main] INFO  base.BaseClass - Trying to find Element By {by.toString()})
2024-04-17 19:08:59,862 [main] INFO  base.BaseClass - Found Element By {by.toString()}
2024-04-17 19:09:00,407 [main] INFO  base.BaseClass - Trying to find Element By {by.toString()})
2024-04-17 19:09:00,437 [main] INFO  base.BaseClass - Found Element By {by.toString()}
2024-04-17 19:09:00,957 [main] INFO  base.BaseClass - Trying to find Element By {by.toString()})
2024-04-17 19:09:00,986 [main] INFO  base.BaseClass - Found Element By {by.toString()}
2024-04-17 19:09:01,536 [main] INFO  base.BaseClass - Trying to find Element By {by.toString()})
2024-04-17 19:09:01,597 [main] INFO  base.BaseClass - Found Element By {by.toString()}
2024-04-17 19:09:02,145 [main] INFO  base.BaseClass - Trying to find Element By {by.toString()})
2024-04-17 19:09:02,176 [main] INFO  base.BaseClass - Found Element By {by.toString()}
2024-04-17 19:09:02,721 [main] INFO  base.BaseClass - Trying to find Element By {by.toString()})
2024-04-17 19:09:02,751 [main] INFO  base.BaseClass - Found Element By {by.toString()}
2024-04-17 19:09:03,297 [main] INFO  base.BaseClass - Trying to find Element By {by.toString()})
2024-04-17 19:09:03,326 [main] INFO  base.BaseClass - Found Element By {by.toString()}
2024-04-17 19:09:03,860 [main] INFO  base.BaseClass - Trying to find Element By {by.toString()})
2024-04-17 19:09:03,888 [main] INFO  base.BaseClass - Found Element By {by.toString()}
2024-04-17 19:09:04,435 [main] INFO  base.BaseClass - Trying to find Element By {by.toString()})
2024-04-17 19:09:04,464 [main] INFO  base.BaseClass - Found Element By {by.toString()}
2024-04-17 19:09:05,016 [main] INFO  base.BaseClass - Trying to find Element By {by.toString()})
2024-04-17 19:09:05,045 [main] INFO  base.BaseClass - Found Element By {by.toString()}
2024-04-17 19:09:05,593 [main] INFO  base.BaseClass - Trying to find Element By {by.toString()})
2024-04-17 19:09:05,622 [main] INFO  base.BaseClass - Found Element By {by.toString()}
2024-04-17 19:09:06,160 [main] INFO  base.BaseClass - Trying to find Element By {by.toString()})
2024-04-17 19:09:06,188 [main] INFO  base.BaseClass - Found Element By {by.toString()}
2024-04-17 19:09:06,736 [main] INFO  base.BaseClass - Trying to find Element By {by.toString()})
2024-04-17 19:09:06,766 [main] INFO  base.BaseClass - Found Element By {by.toString()}
2024-04-17 19:09:07,315 [main] INFO  base.BaseClass - Trying to find Element By {by.toString()})
2024-04-17 19:09:07,381 [main] INFO  base.BaseClass - Found Element By {by.toString()}
2024-04-17 19:09:07,929 [main] INFO  base.BaseClass - Trying to find Element By {by.toString()})
2024-04-17 19:09:07,960 [main] INFO  base.BaseClass - Found Element By {by.toString()}
2024-04-17 19:09:08,508 [main] INFO  base.BaseClass - Trying to find Element By {by.toString()})
2024-04-17 19:09:08,538 [main] INFO  base.BaseClass - Found Element By {by.toString()}
2024-04-17 19:09:09,086 [main] INFO  base.BaseClass - Trying to find Element By {by.toString()})
2024-04-17 19:09:09,105 [main] INFO  base.BaseClass - Found Element By {by.toString()}
2024-04-17 19:09:09,630 [main] INFO  base.BaseClass - Trying to find Element By {by.toString()})
2024-04-17 19:09:09,660 [main] INFO  base.BaseClass - Found Element By {by.toString()}
2024-04-17 19:09:10,206 [main] INFO  base.BaseClass - Trying to find Element By {by.toString()})
2024-04-17 19:09:10,235 [main] INFO  base.BaseClass - Found Element By {by.toString()}
2024-04-17 19:09:10,784 [main] INFO  base.BaseClass - Trying to find Element By {by.toString()})
2024-04-17 19:09:10,814 [main] INFO  base.BaseClass - Found Element By {by.toString()}
2024-04-17 19:09:11,364 [main] INFO  base.BaseClass - Trying to find Element By {by.toString()})
2024-04-17 19:09:11,394 [main] INFO  base.BaseClass - Found Element By {by.toString()}
2024-04-17 19:09:11,942 [main] INFO  base.BaseClass - Trying to find Element By {by.toString()})
2024-04-17 19:09:11,971 [main] INFO  base.BaseClass - Found Element By {by.toString()}
2024-04-17 19:09:12,507 [main] INFO  base.BaseClass - Trying to find Element By {by.toString()})
2024-04-17 19:09:12,536 [main] INFO  base.BaseClass - Found Element By {by.toString()}
2024-04-17 19:09:13,082 [main] INFO  base.BaseClass - Trying to find Element By {by.toString()})
2024-04-17 19:09:13,111 [main] INFO  base.BaseClass - Found Element By {by.toString()}
2024-04-17 19:09:13,647 [main] INFO  base.BaseClass - Trying to find Element By {by.toString()})
2024-04-17 19:09:13,668 [main] INFO  base.BaseClass - Found Element By {by.toString()}
2024-04-17 19:09:14,190 [main] INFO  base.BaseClass - Trying to find Element By {by.toString()})
2024-04-17 19:09:14,214 [main] INFO  base.BaseClass - Found Element By {by.toString()}
2024-04-17 19:09:14,751 [main] INFO  base.BaseClass - Trying to find Element By {by.toString()})
2024-04-17 19:09:14,782 [main] INFO  base.BaseClass - Found Element By {by.toString()}
2024-04-17 19:09:15,330 [main] INFO  base.BaseClass - Trying to find Element By {by.toString()})
2024-04-17 19:09:15,359 [main] INFO  base.BaseClass - Found Element By {by.toString()}
2024-04-17 19:09:15,906 [main] INFO  base.BaseClass - Trying to find Element By {by.toString()})
2024-04-17 19:09:15,936 [main] INFO  base.BaseClass - Found Element By {by.toString()}
2024-04-17 19:09:16,483 [main] INFO  base.BaseClass - Trying to find Element By {by.toString()})
2024-04-17 19:09:16,512 [main] INFO  base.BaseClass - Found Element By {by.toString()}
2024-04-17 19:09:17,061 [main] INFO  base.BaseClass - Trying to find Element By {by.toString()})
2024-04-17 19:09:17,091 [main] INFO  base.BaseClass - Found Element By {by.toString()}
2024-04-17 19:09:17,637 [main] INFO  base.BaseClass - Trying to find Element By {by.toString()})
2024-04-17 19:09:17,660 [main] INFO  base.BaseClass - Found Element By {by.toString()}
2024-04-17 19:09:18,199 [main] INFO  base.BaseClass - Trying to find Element By {by.toString()})
2024-04-17 19:09:18,220 [main] INFO  base.BaseClass - Found Element By {by.toString()}
2024-04-17 19:09:18,760 [main] INFO  base.BaseClass - Trying to find Element By {by.toString()})
2024-04-17 19:09:18,790 [main] INFO  base.BaseClass - Found Element By {by.toString()}
2024-04-17 19:09:19,340 [main] INFO  base.BaseClass - Trying to find Element By {by.toString()})
2024-04-17 19:09:19,369 [main] INFO  base.BaseClass - Found Element By {by.toString()}
2024-04-17 19:09:19,917 [main] INFO  base.BaseClass - Trying to find Element By {by.toString()})
2024-04-17 19:09:19,946 [main] INFO  base.BaseClass - Found Element By {by.toString()}
2024-04-17 19:09:20,494 [main] INFO  base.BaseClass - Trying to find Element By {by.toString()})
2024-04-17 19:09:20,524 [main] INFO  base.BaseClass - Found Element By {by.toString()}
2024-04-17 19:09:21,058 [main] INFO  base.BaseClass - Trying to find Element By {by.toString()})
2024-04-17 19:09:21,087 [main] INFO  base.BaseClass - Found Element By {by.toString()}
2024-04-17 19:09:21,632 [main] INFO  base.BaseClass - Trying to find Element By {by.toString()})
2024-04-17 19:09:21,663 [main] INFO  base.BaseClass - Found Element By {by.toString()}
2024-04-17 19:09:22,196 [main] INFO  base.BaseClass - Trying to find Element By {by.toString()})
2024-04-17 19:09:22,213 [main] INFO  base.BaseClass - Found Element By {by.toString()}
2024-04-17 19:09:22,730 [main] INFO  base.BaseClass - Trying to find Element By {by.toString()})
2024-04-17 19:09:22,759 [main] INFO  base.BaseClass - Found Element By {by.toString()}
2024-04-17 19:09:23,307 [main] INFO  base.BaseClass - Trying to find Element By {by.toString()})
2024-04-17 19:09:23,336 [main] INFO  base.BaseClass - Found Element By {by.toString()}
2024-04-17 19:09:23,887 [main] INFO  base.BaseClass - Trying to find Element By {by.toString()})
2024-04-17 19:09:23,917 [main] INFO  base.BaseClass - Found Element By {by.toString()}
2024-04-17 19:09:24,464 [main] INFO  base.BaseClass - Trying to find Element By {by.toString()})
2024-04-17 19:09:24,486 [main] INFO  base.BaseClass - Found Element By {by.toString()}
2024-04-17 19:09:25,031 [main] INFO  base.BaseClass - Trying to find Element By {by.toString()})
2024-04-17 19:09:25,052 [main] INFO  base.BaseClass - Found Element By {by.toString()}
2024-04-17 19:09:25,597 [main] INFO  base.BaseClass - Trying to find Element By {by.toString()})
2024-04-17 19:09:25,613 [main] INFO  base.BaseClass - Found Element By {by.toString()}
2024-04-17 19:09:26,150 [main] INFO  base.BaseClass - Trying to find Element By {by.toString()})
2024-04-17 19:09:26,175 [main] INFO  base.BaseClass - Found Element By {by.toString()}
2024-04-17 19:09:26,715 [main] INFO  base.BaseClass - Trying to find Element By {by.toString()})
2024-04-17 19:09:26,743 [main] INFO  base.BaseClass - Found Element By {by.toString()}
2024-04-17 19:09:27,290 [main] INFO  base.BaseClass - Trying to find Element By {by.toString()})
2024-04-17 19:09:27,315 [main] INFO  base.BaseClass - Found Element By {by.toString()}
2024-04-17 19:09:27,853 [main] INFO  base.BaseClass - Trying to find Element By {by.toString()})
2024-04-17 19:09:27,881 [main] INFO  base.BaseClass - Found Element By {by.toString()}
TimeoutException occurred: Expected condition failed: waiting for helper.WaitUtility$5@290f53b5 (tried for 30 second(s) with 500 milliseconds interval)
Build info: version: '3.141.59', revision: 'e82be7d358', time: '2018-11-14T08:17:03'
System info: host: 'DPLAP166', ip: '137.237.2.236', os.name: 'Windows 10', os.arch: 'amd64', os.version: '10.0', java.version: '19.0.1'
Driver info: org.openqa.selenium.support.events.EventFiringWebDriver
Capabilities {acceptInsecureCerts: true, browserName: chrome, browserVersion: 123.0.6312.123, chrome: {chromedriverVersion: 123.0.6312.122 (31f8248cdd9..., userDataDir: C:\Users\dP-PL\AppData\Loca...}, fedcm:accounts: true, goog:chromeOptions: {debuggerAddress: localhost:51256}, javascriptEnabled: true, networkConnectionEnabled: false, pageLoadStrategy: normal, platform: WINDOWS, platformName: WINDOWS, proxy: Proxy(), setWindowRect: true, strictFileInteractability: false, timeouts: {implicit: 0, pageLoad: 300000, script: 30000}, unhandledPromptBehavior: dismiss and notify, webauthn:extension:credBlob: true, webauthn:extension:largeBlob: true, webauthn:extension:minPinLength: true, webauthn:extension:prf: true, webauthn:virtualAuthenticators: true}
Session ID: a59c4df4811f82049fe754efe723d3c1
2024-04-17 19:09:27,918 [main] ERROR RotationCopy_test - Element did not become visible within the specified time: Expected condition failed: waiting for helper.WaitUtility$5@290f53b5 (tried for 30 second(s) with 500 milliseconds interval)
Build info: version: '3.141.59', revision: 'e82be7d358', time: '2018-11-14T08:17:03'
System info: host: 'DPLAP166', ip: '137.237.2.236', os.name: 'Windows 10', os.arch: 'amd64', os.version: '10.0', java.version: '19.0.1'
Driver info: org.openqa.selenium.support.events.EventFiringWebDriver
Capabilities {acceptInsecureCerts: true, browserName: chrome, browserVersion: 123.0.6312.123, chrome: {chromedriverVersion: 123.0.6312.122 (31f8248cdd9..., userDataDir: C:\Users\dP-PL\AppData\Loca...}, fedcm:accounts: true, goog:chromeOptions: {debuggerAddress: localhost:51256}, javascriptEnabled: true, networkConnectionEnabled: false, pageLoadStrategy: normal, platform: WINDOWS, platformName: WINDOWS, proxy: Proxy(), setWindowRect: true, strictFileInteractability: false, timeouts: {implicit: 0, pageLoad: 300000, script: 30000}, unhandledPromptBehavior: dismiss and notify, webauthn:extension:credBlob: true, webauthn:extension:largeBlob: true, webauthn:extension:minPinLength: true, webauthn:extension:prf: true, webauthn:virtualAuthenticators: true}
Session ID: a59c4df4811f82049fe754efe723d3c1
2024-04-17 19:09:27,918 [main] INFO  base.BaseClass - Trying to find Element By {by.toString()})
2024-04-17 19:09:27,943 [main] INFO  base.BaseClass - Found Element By {by.toString()}
2024-04-17 19:09:27,943 [main] INFO  base.BaseClass - Trying to click on: {element.toString()}
2024-04-17 19:09:28,059 [main] INFO  base.BaseClass - Clicked on: {element.toString()}
2024-04-17 19:09:28,059 [main] INFO  base.BaseClass - Trying to find Element By {by.toString()})
2024-04-17 19:09:28,944 [main] INFO  base.BaseClass - Found Element By {by.toString()}
2024-04-17 19:09:29,468 [main] INFO  base.BaseClass - Trying to find Element By {by.toString()})
2024-04-17 19:09:29,491 [main] INFO  base.BaseClass - Found Element By {by.toString()}
2024-04-17 19:09:30,030 [main] INFO  base.BaseClass - Trying to find Element By {by.toString()})
2024-04-17 19:09:30,062 [main] INFO  base.BaseClass - Found Element By {by.toString()}
2024-04-17 19:09:30,608 [main] INFO  base.BaseClass - Trying to find Element By {by.toString()})
2024-04-17 19:09:30,634 [main] INFO  base.BaseClass - Found Element By {by.toString()}
2024-04-17 19:09:31,158 [main] INFO  base.BaseClass - Trying to find Element By {by.toString()})
2024-04-17 19:09:31,191 [main] INFO  base.BaseClass - Found Element By {by.toString()}
2024-04-17 19:09:31,735 [main] INFO  base.BaseClass - Trying to find Element By {by.toString()})
2024-04-17 19:09:31,766 [main] INFO  base.BaseClass - Found Element By {by.toString()}
2024-04-17 19:09:32,314 [main] INFO  base.BaseClass - Trying to find Element By {by.toString()})
2024-04-17 19:09:32,344 [main] INFO  base.BaseClass - Found Element By {by.toString()}
2024-04-17 19:09:32,894 [main] INFO  base.BaseClass - Trying to find Element By {by.toString()})
2024-04-17 19:09:32,926 [main] INFO  base.BaseClass - Found Element By {by.toString()}
2024-04-17 19:09:33,477 [main] INFO  base.BaseClass - Trying to find Element By {by.toString()})
2024-04-17 19:09:33,507 [main] INFO  base.BaseClass - Found Element By {by.toString()}
2024-04-17 19:09:34,042 [main] INFO  base.BaseClass - Trying to find Element By {by.toString()})
2024-04-17 19:09:34,073 [main] INFO  base.BaseClass - Found Element By {by.toString()}
2024-04-17 19:09:34,622 [main] INFO  base.BaseClass - Trying to find Element By {by.toString()})
2024-04-17 19:09:34,652 [main] INFO  base.BaseClass - Found Element By {by.toString()}
2024-04-17 19:09:35,203 [main] INFO  base.BaseClass - Trying to find Element By {by.toString()})
2024-04-17 19:09:35,234 [main] INFO  base.BaseClass - Found Element By {by.toString()}
2024-04-17 19:09:35,768 [main] INFO  base.BaseClass - Trying to find Element By {by.toString()})
2024-04-17 19:09:35,799 [main] INFO  base.BaseClass - Found Element By {by.toString()}
2024-04-17 19:09:36,346 [main] INFO  base.BaseClass - Trying to find Element By {by.toString()})
2024-04-17 19:09:36,376 [main] INFO  base.BaseClass - Found Element By {by.toString()}
2024-04-17 19:09:36,921 [main] INFO  base.BaseClass - Trying to find Element By {by.toString()})
2024-04-17 19:09:36,952 [main] INFO  base.BaseClass - Found Element By {by.toString()}
2024-04-17 19:09:37,500 [main] INFO  base.BaseClass - Trying to find Element By {by.toString()})
2024-04-17 19:09:37,533 [main] INFO  base.BaseClass - Found Element By {by.toString()}
2024-04-17 19:09:38,063 [main] INFO  base.BaseClass - Trying to find Element By {by.toString()})
2024-04-17 19:09:38,095 [main] INFO  base.BaseClass - Found Element By {by.toString()}
2024-04-17 19:09:38,638 [main] INFO  base.BaseClass - Trying to find Element By {by.toString()})
2024-04-17 19:09:38,687 [main] INFO  base.BaseClass - Found Element By {by.toString()}
2024-04-17 19:09:39,205 [main] INFO  base.BaseClass - Trying to find Element By {by.toString()})
2024-04-17 19:09:39,232 [main] INFO  base.BaseClass - Found Element By {by.toString()}
2024-04-17 19:09:39,766 [main] INFO  base.BaseClass - Trying to find Element By {by.toString()})
2024-04-17 19:09:39,791 [main] INFO  base.BaseClass - Found Element By {by.toString()}
2024-04-17 19:09:40,318 [main] INFO  base.BaseClass - Trying to find Element By {by.toString()})
2024-04-17 19:09:40,348 [main] INFO  base.BaseClass - Found Element By {by.toString()}
2024-04-17 19:09:40,884 [main] INFO  base.BaseClass - Trying to find Element By {by.toString()})
2024-04-17 19:09:40,915 [main] INFO  base.BaseClass - Found Element By {by.toString()}
2024-04-17 19:09:41,463 [main] INFO  base.BaseClass - Trying to find Element By {by.toString()})
2024-04-17 19:09:41,495 [main] INFO  base.BaseClass - Found Element By {by.toString()}
2024-04-17 19:09:42,041 [main] INFO  base.BaseClass - Trying to find Element By {by.toString()})
2024-04-17 19:09:42,072 [main] INFO  base.BaseClass - Found Element By {by.toString()}
2024-04-17 19:09:42,622 [main] INFO  base.BaseClass - Trying to find Element By {by.toString()})
2024-04-17 19:09:42,653 [main] INFO  base.BaseClass - Found Element By {by.toString()}
2024-04-17 19:09:43,187 [main] INFO  base.BaseClass - Trying to find Element By {by.toString()})
2024-04-17 19:09:43,219 [main] INFO  base.BaseClass - Found Element By {by.toString()}
2024-04-17 19:09:43,768 [main] INFO  base.BaseClass - Trying to find Element By {by.toString()})
2024-04-17 19:09:43,797 [main] INFO  base.BaseClass - Found Element By {by.toString()}
2024-04-17 19:09:44,347 [main] INFO  base.BaseClass - Trying to find Element By {by.toString()})
2024-04-17 19:09:44,369 [main] INFO  base.BaseClass - Found Element By {by.toString()}
2024-04-17 19:09:44,896 [main] INFO  base.BaseClass - Trying to find Element By {by.toString()})
2024-04-17 19:09:44,928 [main] INFO  base.BaseClass - Found Element By {by.toString()}
2024-04-17 19:09:45,475 [main] INFO  base.BaseClass - Trying to find Element By {by.toString()})
2024-04-17 19:09:45,507 [main] INFO  base.BaseClass - Found Element By {by.toString()}
2024-04-17 19:09:46,055 [main] INFO  base.BaseClass - Trying to find Element By {by.toString()})
2024-04-17 19:09:46,086 [main] INFO  base.BaseClass - Found Element By {by.toString()}
2024-04-17 19:09:46,634 [main] INFO  base.BaseClass - Trying to find Element By {by.toString()})
2024-04-17 19:09:46,665 [main] INFO  base.BaseClass - Found Element By {by.toString()}
2024-04-17 19:09:47,210 [main] INFO  base.BaseClass - Trying to find Element By {by.toString()})
2024-04-17 19:09:47,242 [main] INFO  base.BaseClass - Found Element By {by.toString()}
2024-04-17 19:09:47,790 [main] INFO  base.BaseClass - Trying to find Element By {by.toString()})
2024-04-17 19:09:47,822 [main] INFO  base.BaseClass - Found Element By {by.toString()}
2024-04-17 19:09:48,366 [main] INFO  base.BaseClass - Trying to find Element By {by.toString()})
2024-04-17 19:09:48,389 [main] INFO  base.BaseClass - Found Element By {by.toString()}
2024-04-17 19:09:48,929 [main] INFO  base.BaseClass - Trying to find Element By {by.toString()})
2024-04-17 19:09:48,961 [main] INFO  base.BaseClass - Found Element By {by.toString()}
2024-04-17 19:09:49,506 [main] INFO  base.BaseClass - Trying to find Element By {by.toString()})
2024-04-17 19:09:49,565 [main] INFO  base.BaseClass - Found Element By {by.toString()}
2024-04-17 19:09:50,115 [main] INFO  base.BaseClass - Trying to find Element By {by.toString()})
2024-04-17 19:09:50,147 [main] INFO  base.BaseClass - Found Element By {by.toString()}
2024-04-17 19:09:50,695 [main] INFO  base.BaseClass - Trying to find Element By {by.toString()})
2024-04-17 19:09:50,727 [main] INFO  base.BaseClass - Found Element By {by.toString()}
2024-04-17 19:09:51,275 [main] INFO  base.BaseClass - Trying to find Element By {by.toString()})
2024-04-17 19:09:51,307 [main] INFO  base.BaseClass - Found Element By {by.toString()}
2024-04-17 19:09:51,852 [main] INFO  base.BaseClass - Trying to find Element By {by.toString()})
2024-04-17 19:09:51,883 [main] INFO  base.BaseClass - Found Element By {by.toString()}
2024-04-17 19:09:52,427 [main] INFO  base.BaseClass - Trying to find Element By {by.toString()})
2024-04-17 19:09:52,443 [main] INFO  base.BaseClass - Found Element By {by.toString()}
2024-04-17 19:09:52,972 [main] INFO  base.BaseClass - Trying to find Element By {by.toString()})
2024-04-17 19:09:53,002 [main] INFO  base.BaseClass - Found Element By {by.toString()}
2024-04-17 19:09:53,553 [main] INFO  base.BaseClass - Trying to find Element By {by.toString()})
2024-04-17 19:09:53,583 [main] INFO  base.BaseClass - Found Element By {by.toString()}
2024-04-17 19:09:54,135 [main] INFO  base.BaseClass - Trying to find Element By {by.toString()})
2024-04-17 19:09:54,164 [main] INFO  base.BaseClass - Found Element By {by.toString()}
2024-04-17 19:09:54,697 [main] INFO  base.BaseClass - Trying to find Element By {by.toString()})
2024-04-17 19:09:54,728 [main] INFO  base.BaseClass - Found Element By {by.toString()}
2024-04-17 19:09:55,275 [main] INFO  base.BaseClass - Trying to find Element By {by.toString()})
2024-04-17 19:09:55,306 [main] INFO  base.BaseClass - Found Element By {by.toString()}
2024-04-17 19:09:55,841 [main] INFO  base.BaseClass - Trying to find Element By {by.toString()})
2024-04-17 19:09:55,870 [main] INFO  base.BaseClass - Found Element By {by.toString()}
2024-04-17 19:09:56,417 [main] INFO  base.BaseClass - Trying to find Element By {by.toString()})
2024-04-17 19:09:56,448 [main] INFO  base.BaseClass - Found Element By {by.toString()}
2024-04-17 19:09:56,983 [main] INFO  base.BaseClass - Trying to find Element By {by.toString()})
2024-04-17 19:09:57,014 [main] INFO  base.BaseClass - Found Element By {by.toString()}
2024-04-17 19:09:57,560 [main] INFO  base.BaseClass - Trying to find Element By {by.toString()})
2024-04-17 19:09:57,591 [main] INFO  base.BaseClass - Found Element By {by.toString()}
2024-04-17 19:09:58,137 [main] INFO  base.BaseClass - Trying to find Element By {by.toString()})
2024-04-17 19:09:58,167 [main] INFO  base.BaseClass - Found Element By {by.toString()}
TimeoutException occurred: Expected condition failed: waiting for helper.WaitUtility$5@5d652b76 (tried for 30 second(s) with 500 milliseconds interval)
Build info: version: '3.141.59', revision: 'e82be7d358', time: '2018-11-14T08:17:03'
System info: host: 'DPLAP166', ip: '137.237.2.236', os.name: 'Windows 10', os.arch: 'amd64', os.version: '10.0', java.version: '19.0.1'
Driver info: org.openqa.selenium.support.events.EventFiringWebDriver
Capabilities {acceptInsecureCerts: true, browserName: chrome, browserVersion: 123.0.6312.123, chrome: {chromedriverVersion: 123.0.6312.122 (31f8248cdd9..., userDataDir: C:\Users\dP-PL\AppData\Loca...}, fedcm:accounts: true, goog:chromeOptions: {debuggerAddress: localhost:51256}, javascriptEnabled: true, networkConnectionEnabled: false, pageLoadStrategy: normal, platform: WINDOWS, platformName: WINDOWS, proxy: Proxy(), setWindowRect: true, strictFileInteractability: false, timeouts: {implicit: 0, pageLoad: 300000, script: 30000}, unhandledPromptBehavior: dismiss and notify, webauthn:extension:credBlob: true, webauthn:extension:largeBlob: true, webauthn:extension:minPinLength: true, webauthn:extension:prf: true, webauthn:virtualAuthenticators: true}
Session ID: a59c4df4811f82049fe754efe723d3c1
2024-04-17 19:09:58,206 [main] ERROR RotationCopy_test - Element did not become visible within the specified time: Expected condition failed: waiting for helper.WaitUtility$5@5d652b76 (tried for 30 second(s) with 500 milliseconds interval)
Build info: version: '3.141.59', revision: 'e82be7d358', time: '2018-11-14T08:17:03'
System info: host: 'DPLAP166', ip: '137.237.2.236', os.name: 'Windows 10', os.arch: 'amd64', os.version: '10.0', java.version: '19.0.1'
Driver info: org.openqa.selenium.support.events.EventFiringWebDriver
Capabilities {acceptInsecureCerts: true, browserName: chrome, browserVersion: 123.0.6312.123, chrome: {chromedriverVersion: 123.0.6312.122 (31f8248cdd9..., userDataDir: C:\Users\dP-PL\AppData\Loca...}, fedcm:accounts: true, goog:chromeOptions: {debuggerAddress: localhost:51256}, javascriptEnabled: true, networkConnectionEnabled: false, pageLoadStrategy: normal, platform: WINDOWS, platformName: WINDOWS, proxy: Proxy(), setWindowRect: true, strictFileInteractability: false, timeouts: {implicit: 0, pageLoad: 300000, script: 30000}, unhandledPromptBehavior: dismiss and notify, webauthn:extension:credBlob: true, webauthn:extension:largeBlob: true, webauthn:extension:minPinLength: true, webauthn:extension:prf: true, webauthn:virtualAuthenticators: true}
Session ID: a59c4df4811f82049fe754efe723d3c1
2024-04-17 19:09:58,206 [main] INFO  base.BaseClass - Trying to find Element By {by.toString()})
2024-04-17 19:09:58,225 [main] INFO  base.BaseClass - Found Element By {by.toString()}
2024-04-17 19:09:58,225 [main] INFO  base.BaseClass - Trying to click on: {element.toString()}
2024-04-17 19:09:58,295 [main] INFO  base.BaseClass - Clicked on: {element.toString()}
2024-04-17 19:09:58,295 [main] INFO  base.BaseClass - Trying to find Element By {by.toString()})
2024-04-17 19:09:58,305 [main] INFO  base.BaseClass - Found Element By {by.toString()}
2024-04-17 19:09:58,824 [main] INFO  base.BaseClass - Trying to find Element By {by.toString()})
2024-04-17 19:09:58,851 [main] INFO  base.BaseClass - Found Element By {by.toString()}
2024-04-17 19:09:59,401 [main] INFO  base.BaseClass - Trying to find Element By {by.toString()})
2024-04-17 19:09:59,417 [main] INFO  base.BaseClass - Found Element By {by.toString()}
2024-04-17 19:09:59,948 [main] INFO  base.BaseClass - Trying to find Element By {by.toString()})
2024-04-17 19:09:59,979 [main] INFO  base.BaseClass - Found Element By {by.toString()}
2024-04-17 19:10:00,528 [main] INFO  base.BaseClass - Trying to find Element By {by.toString()})
2024-04-17 19:10:00,559 [main] INFO  base.BaseClass - Found Element By {by.toString()}
2024-04-17 19:10:01,090 [main] INFO  base.BaseClass - Trying to find Element By {by.toString()})
2024-04-17 19:10:01,122 [main] INFO  base.BaseClass - Found Element By {by.toString()}
2024-04-17 19:10:01,655 [main] INFO  base.BaseClass - Trying to find Element By {by.toString()})
2024-04-17 19:10:01,687 [main] INFO  base.BaseClass - Found Element By {by.toString()}
2024-04-17 19:10:02,232 [main] INFO  base.BaseClass - Trying to find Element By {by.toString()})
2024-04-17 19:10:02,262 [main] INFO  base.BaseClass - Found Element By {by.toString()}
2024-04-17 19:10:02,812 [main] INFO  base.BaseClass - Trying to find Element By {by.toString()})
2024-04-17 19:10:02,842 [main] INFO  base.BaseClass - Found Element By {by.toString()}
2024-04-17 19:10:03,393 [main] INFO  base.BaseClass - Trying to find Element By {by.toString()})
2024-04-17 19:10:03,423 [main] INFO  base.BaseClass - Found Element By {by.toString()}
2024-04-17 19:10:03,974 [main] INFO  base.BaseClass - Trying to find Element By {by.toString()})
2024-04-17 19:10:04,006 [main] INFO  base.BaseClass - Found Element By {by.toString()}
2024-04-17 19:10:04,555 [main] INFO  base.BaseClass - Trying to find Element By {by.toString()})
2024-04-17 19:10:04,585 [main] INFO  base.BaseClass - Found Element By {by.toString()}
2024-04-17 19:10:05,118 [main] INFO  base.BaseClass - Trying to find Element By {by.toString()})
2024-04-17 19:10:05,148 [main] INFO  base.BaseClass - Found Element By {by.toString()}
2024-04-17 19:10:05,698 [main] INFO  base.BaseClass - Trying to find Element By {by.toString()})
2024-04-17 19:10:05,730 [main] INFO  base.BaseClass - Found Element By {by.toString()}
2024-04-17 19:10:06,274 [main] INFO  base.BaseClass - Trying to find Element By {by.toString()})
2024-04-17 19:10:06,305 [main] INFO  base.BaseClass - Found Element By {by.toString()}
2024-04-17 19:10:06,852 [main] INFO  base.BaseClass - Trying to find Element By {by.toString()})
2024-04-17 19:10:06,915 [main] INFO  base.BaseClass - Found Element By {by.toString()}
2024-04-17 19:10:07,466 [main] INFO  base.BaseClass - Trying to find Element By {by.toString()})
2024-04-17 19:10:07,498 [main] INFO  base.BaseClass - Found Element By {by.toString()}
2024-04-17 19:10:08,029 [main] INFO  base.BaseClass - Trying to find Element By {by.toString()})
2024-04-17 19:10:08,061 [main] INFO  base.BaseClass - Found Element By {by.toString()}
2024-04-17 19:10:08,611 [main] INFO  base.BaseClass - Trying to find Element By {by.toString()})
2024-04-17 19:10:08,640 [main] INFO  base.BaseClass - Found Element By {by.toString()}
2024-04-17 19:10:09,190 [main] INFO  base.BaseClass - Trying to find Element By {by.toString()})
2024-04-17 19:10:09,202 [main] INFO  base.BaseClass - Found Element By {by.toString()}
2024-04-17 19:10:09,724 [main] INFO  base.BaseClass - Trying to find Element By {by.toString()})
2024-04-17 19:10:09,756 [main] INFO  base.BaseClass - Found Element By {by.toString()}
2024-04-17 19:10:10,291 [main] INFO  base.BaseClass - Trying to find Element By {by.toString()})
2024-04-17 19:10:10,323 [main] INFO  base.BaseClass - Found Element By {by.toString()}
2024-04-17 19:10:10,866 [main] INFO  base.BaseClass - Trying to find Element By {by.toString()})
2024-04-17 19:10:10,897 [main] INFO  base.BaseClass - Found Element By {by.toString()}
2024-04-17 19:10:11,444 [main] INFO  base.BaseClass - Trying to find Element By {by.toString()})
2024-04-17 19:10:11,476 [main] INFO  base.BaseClass - Found Element By {by.toString()}
2024-04-17 19:10:12,021 [main] INFO  base.BaseClass - Trying to find Element By {by.toString()})
2024-04-17 19:10:12,052 [main] INFO  base.BaseClass - Found Element By {by.toString()}
2024-04-17 19:10:12,599 [main] INFO  base.BaseClass - Trying to find Element By {by.toString()})
2024-04-17 19:10:12,626 [main] INFO  base.BaseClass - Found Element By {by.toString()}
2024-04-17 19:10:13,175 [main] INFO  base.BaseClass - Trying to find Element By {by.toString()})
2024-04-17 19:10:13,206 [main] INFO  base.BaseClass - Found Element By {by.toString()}
2024-04-17 19:10:13,740 [main] INFO  base.BaseClass - Trying to find Element By {by.toString()})
2024-04-17 19:10:13,772 [main] INFO  base.BaseClass - Found Element By {by.toString()}
2024-04-17 19:10:14,305 [main] INFO  base.BaseClass - Trying to find Element By {by.toString()})
2024-04-17 19:10:14,322 [main] INFO  base.BaseClass - Found Element By {by.toString()}
2024-04-17 19:10:14,839 [main] INFO  base.BaseClass - Trying to find Element By {by.toString()})
2024-04-17 19:10:14,870 [main] INFO  base.BaseClass - Found Element By {by.toString()}
2024-04-17 19:10:15,418 [main] INFO  base.BaseClass - Trying to find Element By {by.toString()})
2024-04-17 19:10:15,449 [main] INFO  base.BaseClass - Found Element By {by.toString()}
2024-04-17 19:10:15,986 [main] INFO  base.BaseClass - Trying to find Element By {by.toString()})
2024-04-17 19:10:16,018 [main] INFO  base.BaseClass - Found Element By {by.toString()}
2024-04-17 19:10:16,570 [main] INFO  base.BaseClass - Trying to find Element By {by.toString()})
2024-04-17 19:10:16,587 [main] INFO  base.BaseClass - Found Element By {by.toString()}
2024-04-17 19:10:17,116 [main] INFO  base.BaseClass - Trying to find Element By {by.toString()})
2024-04-17 19:10:17,147 [main] INFO  base.BaseClass - Found Element By {by.toString()}
2024-04-17 19:10:17,678 [main] INFO  base.BaseClass - Trying to find Element By {by.toString()})
2024-04-17 19:10:17,710 [main] INFO  base.BaseClass - Found Element By {by.toString()}
2024-04-17 19:10:18,255 [main] INFO  base.BaseClass - Trying to find Element By {by.toString()})
2024-04-17 19:10:18,286 [main] INFO  base.BaseClass - Found Element By {by.toString()}
2024-04-17 19:10:18,832 [main] INFO  base.BaseClass - Trying to find Element By {by.toString()})
2024-04-17 19:10:18,864 [main] INFO  base.BaseClass - Found Element By {by.toString()}
2024-04-17 19:10:19,410 [main] INFO  base.BaseClass - Trying to find Element By {by.toString()})
2024-04-17 19:10:19,442 [main] INFO  base.BaseClass - Found Element By {by.toString()}
2024-04-17 19:10:19,986 [main] INFO  base.BaseClass - Trying to find Element By {by.toString()})
2024-04-17 19:10:20,016 [main] INFO  base.BaseClass - Found Element By {by.toString()}
2024-04-17 19:10:20,568 [main] INFO  base.BaseClass - Trying to find Element By {by.toString()})
2024-04-17 19:10:20,599 [main] INFO  base.BaseClass - Found Element By {by.toString()}
2024-04-17 19:10:21,133 [main] INFO  base.BaseClass - Trying to find Element By {by.toString()})
2024-04-17 19:10:21,164 [main] INFO  base.BaseClass - Found Element By {by.toString()}
2024-04-17 19:10:21,714 [main] INFO  base.BaseClass - Trying to find Element By {by.toString()})
2024-04-17 19:10:21,745 [main] INFO  base.BaseClass - Found Element By {by.toString()}
2024-04-17 19:10:22,289 [main] INFO  base.BaseClass - Trying to find Element By {by.toString()})
2024-04-17 19:10:22,317 [main] INFO  base.BaseClass - Found Element By {by.toString()}
2024-04-17 19:10:22,865 [main] INFO  base.BaseClass - Trying to find Element By {by.toString()})
2024-04-17 19:10:22,897 [main] INFO  base.BaseClass - Found Element By {by.toString()}
2024-04-17 19:10:23,447 [main] INFO  base.BaseClass - Trying to find Element By {by.toString()})
2024-04-17 19:10:23,478 [main] INFO  base.BaseClass - Found Element By {by.toString()}
2024-04-17 19:10:24,029 [main] INFO  base.BaseClass - Trying to find Element By {by.toString()})
2024-04-17 19:10:24,063 [main] INFO  base.BaseClass - Found Element By {by.toString()}
2024-04-17 19:10:24,608 [main] INFO  base.BaseClass - Trying to find Element By {by.toString()})
2024-04-17 19:10:24,671 [main] INFO  base.BaseClass - Found Element By {by.toString()}
2024-04-17 19:10:25,203 [main] INFO  base.BaseClass - Trying to find Element By {by.toString()})
2024-04-17 19:10:25,233 [main] INFO  base.BaseClass - Found Element By {by.toString()}
2024-04-17 19:10:25,781 [main] INFO  base.BaseClass - Trying to find Element By {by.toString()})
2024-04-17 19:10:25,814 [main] INFO  base.BaseClass - Found Element By {by.toString()}
2024-04-17 19:10:26,373 [main] INFO  base.BaseClass - Trying to find Element By {by.toString()})
2024-04-17 19:10:26,404 [main] INFO  base.BaseClass - Found Element By {by.toString()}
2024-04-17 19:10:26,936 [main] INFO  base.BaseClass - Trying to find Element By {by.toString()})
2024-04-17 19:10:26,966 [main] INFO  base.BaseClass - Found Element By {by.toString()}
2024-04-17 19:10:27,514 [main] INFO  base.BaseClass - Trying to find Element By {by.toString()})
2024-04-17 19:10:27,546 [main] INFO  base.BaseClass - Found Element By {by.toString()}
2024-04-17 19:10:28,075 [main] INFO  base.BaseClass - Trying to find Element By {by.toString()})
2024-04-17 19:10:28,100 [main] INFO  base.BaseClass - Found Element By {by.toString()}
2024-04-17 19:10:28,624 [main] INFO  base.BaseClass - Trying to find Element By {by.toString()})
2024-04-17 19:10:28,653 [main] INFO  base.BaseClass - Found Element By {by.toString()}
TimeoutException occurred: Expected condition failed: waiting for helper.WaitUtility$5@1777d91d (tried for 30 second(s) with 500 milliseconds interval)
Build info: version: '3.141.59', revision: 'e82be7d358', time: '2018-11-14T08:17:03'
System info: host: 'DPLAP166', ip: '137.237.2.236', os.name: 'Windows 10', os.arch: 'amd64', os.version: '10.0', java.version: '19.0.1'
Driver info: org.openqa.selenium.support.events.EventFiringWebDriver
Capabilities {acceptInsecureCerts: true, browserName: chrome, browserVersion: 123.0.6312.123, chrome: {chromedriverVersion: 123.0.6312.122 (31f8248cdd9..., userDataDir: C:\Users\dP-PL\AppData\Loca...}, fedcm:accounts: true, goog:chromeOptions: {debuggerAddress: localhost:51256}, javascriptEnabled: true, networkConnectionEnabled: false, pageLoadStrategy: normal, platform: WINDOWS, platformName: WINDOWS, proxy: Proxy(), setWindowRect: true, strictFileInteractability: false, timeouts: {implicit: 0, pageLoad: 300000, script: 30000}, unhandledPromptBehavior: dismiss and notify, webauthn:extension:credBlob: true, webauthn:extension:largeBlob: true, webauthn:extension:minPinLength: true, webauthn:extension:prf: true, webauthn:virtualAuthenticators: true}
Session ID: a59c4df4811f82049fe754efe723d3c1
2024-04-17 19:10:28,669 [main] ERROR RotationCopy_test - Element did not become visible within the specified time: Expected condition failed: waiting for helper.WaitUtility$5@1777d91d (tried for 30 second(s) with 500 milliseconds interval)
Build info: version: '3.141.59', revision: 'e82be7d358', time: '2018-11-14T08:17:03'
System info: host: 'DPLAP166', ip: '137.237.2.236', os.name: 'Windows 10', os.arch: 'amd64', os.version: '10.0', java.version: '19.0.1'
Driver info: org.openqa.selenium.support.events.EventFiringWebDriver
Capabilities {acceptInsecureCerts: true, browserName: chrome, browserVersion: 123.0.6312.123, chrome: {chromedriverVersion: 123.0.6312.122 (31f8248cdd9..., userDataDir: C:\Users\dP-PL\AppData\Loca...}, fedcm:accounts: true, goog:chromeOptions: {debuggerAddress: localhost:51256}, javascriptEnabled: true, networkConnectionEnabled: false, pageLoadStrategy: normal, platform: WINDOWS, platformName: WINDOWS, proxy: Proxy(), setWindowRect: true, strictFileInteractability: false, timeouts: {implicit: 0, pageLoad: 300000, script: 30000}, unhandledPromptBehavior: dismiss and notify, webauthn:extension:credBlob: true, webauthn:extension:largeBlob: true, webauthn:extension:minPinLength: true, webauthn:extension:prf: true, webauthn:virtualAuthenticators: true}
Session ID: a59c4df4811f82049fe754efe723d3c1
2024-04-17 19:10:28,669 [main] INFO  base.BaseClass - Trying to find Element By {by.toString()})
2024-04-17 19:10:28,678 [main] INFO  base.BaseClass - Found Element By {by.toString()}
2024-04-17 19:10:28,678 [main] INFO  base.BaseClass - Trying to click on: {element.toString()}
2024-04-17 19:10:28,785 [main] INFO  base.BaseClass - Clicked on: {element.toString()}
2024-04-17 19:10:28,791 [main] INFO  base.BaseClass - Trying to find Element By {by.toString()})
2024-04-17 19:10:28,804 [main] INFO  base.BaseClass - Found Element By {by.toString()}
2024-04-17 19:10:29,326 [main] INFO  base.BaseClass - Trying to find Element By {by.toString()})
2024-04-17 19:10:29,343 [main] INFO  base.BaseClass - Found Element By {by.toString()}
2024-04-17 19:10:29,872 [main] INFO  base.BaseClass - Trying to find Element By {by.toString()})
2024-04-17 19:10:29,892 [main] INFO  base.BaseClass - Found Element By {by.toString()}
2024-04-17 19:10:30,420 [main] INFO  base.BaseClass - Trying to find Element By {by.toString()})
2024-04-17 19:10:30,449 [main] INFO  base.BaseClass - Found Element By {by.toString()}
2024-04-17 19:10:30,987 [main] INFO  base.BaseClass - Trying to find Element By {by.toString()})
2024-04-17 19:10:31,016 [main] INFO  base.BaseClass - Found Element By {by.toString()}
2024-04-17 19:10:31,553 [main] INFO  base.BaseClass - Trying to find Element By {by.toString()})
2024-04-17 19:10:31,570 [main] INFO  base.BaseClass - Found Element By {by.toString()}
2024-04-17 19:10:32,113 [main] INFO  base.BaseClass - Trying to find Element By {by.toString()})
2024-04-17 19:10:32,142 [main] INFO  base.BaseClass - Found Element By {by.toString()}
2024-04-17 19:10:32,695 [main] INFO  base.BaseClass - Trying to find Element By {by.toString()})
2024-04-17 19:10:32,717 [main] INFO  base.BaseClass - Found Element By {by.toString()}
2024-04-17 19:10:33,249 [main] INFO  base.BaseClass - Trying to find Element By {by.toString()})
2024-04-17 19:10:33,266 [main] INFO  base.BaseClass - Found Element By {by.toString()}
2024-04-17 19:10:33,797 [main] INFO  base.BaseClass - Trying to find Element By {by.toString()})
2024-04-17 19:10:33,812 [main] INFO  base.BaseClass - Found Element By {by.toString()}
2024-04-17 19:10:34,333 [main] INFO  base.BaseClass - Trying to find Element By {by.toString()})
2024-04-17 19:10:34,347 [main] INFO  base.BaseClass - Found Element By {by.toString()}
2024-04-17 19:10:34,869 [main] INFO  base.BaseClass - Trying to find Element By {by.toString()})
2024-04-17 19:10:34,880 [main] INFO  base.BaseClass - Found Element By {by.toString()}
2024-04-17 19:10:35,409 [main] INFO  base.BaseClass - Trying to find Element By {by.toString()})
2024-04-17 19:10:35,428 [main] INFO  base.BaseClass - Found Element By {by.toString()}
2024-04-17 19:10:35,957 [main] INFO  base.BaseClass - Trying to find Element By {by.toString()})
2024-04-17 19:10:35,983 [main] INFO  base.BaseClass - Found Element By {by.toString()}
2024-04-17 19:10:36,533 [main] INFO  base.BaseClass - Trying to find Element By {by.toString()})
2024-04-17 19:10:36,560 [main] INFO  base.BaseClass - Found Element By {by.toString()}
2024-04-17 19:10:37,111 [main] INFO  base.BaseClass - Trying to find Element By {by.toString()})
2024-04-17 19:10:37,138 [main] INFO  base.BaseClass - Found Element By {by.toString()}
2024-04-17 19:10:37,675 [main] INFO  base.BaseClass - Trying to find Element By {by.toString()})
2024-04-17 19:10:37,706 [main] INFO  base.BaseClass - Found Element By {by.toString()}
2024-04-17 19:10:38,238 [main] INFO  base.BaseClass - Trying to find Element By {by.toString()})
2024-04-17 19:10:38,266 [main] INFO  base.BaseClass - Found Element By {by.toString()}
2024-04-17 19:10:38,806 [main] INFO  base.BaseClass - Trying to find Element By {by.toString()})
2024-04-17 19:10:38,834 [main] INFO  base.BaseClass - Found Element By {by.toString()}
2024-04-17 19:10:39,370 [main] INFO  base.BaseClass - Trying to find Element By {by.toString()})
2024-04-17 19:10:39,399 [main] INFO  base.BaseClass - Found Element By {by.toString()}
2024-04-17 19:10:39,935 [main] INFO  base.BaseClass - Trying to find Element By {by.toString()})
2024-04-17 19:10:39,964 [main] INFO  base.BaseClass - Found Element By {by.toString()}
2024-04-17 19:10:40,509 [main] INFO  base.BaseClass - Trying to find Element By {by.toString()})
2024-04-17 19:10:40,538 [main] INFO  base.BaseClass - Found Element By {by.toString()}
2024-04-17 19:10:41,073 [main] INFO  base.BaseClass - Trying to find Element By {by.toString()})
2024-04-17 19:10:41,102 [main] INFO  base.BaseClass - Found Element By {by.toString()}
2024-04-17 19:10:41,638 [main] INFO  base.BaseClass - Trying to find Element By {by.toString()})
2024-04-17 19:10:41,668 [main] INFO  base.BaseClass - Found Element By {by.toString()}
2024-04-17 19:10:42,203 [main] INFO  base.BaseClass - Trying to find Element By {by.toString()})
2024-04-17 19:10:42,231 [main] INFO  base.BaseClass - Found Element By {by.toString()}
2024-04-17 19:10:42,781 [main] INFO  base.BaseClass - Trying to find Element By {by.toString()})
2024-04-17 19:10:42,829 [main] INFO  base.BaseClass - Found Element By {by.toString()}
2024-04-17 19:10:43,380 [main] INFO  base.BaseClass - Trying to find Element By {by.toString()})
2024-04-17 19:10:43,408 [main] INFO  base.BaseClass - Found Element By {by.toString()}
2024-04-17 19:10:43,942 [main] INFO  base.BaseClass - Trying to find Element By {by.toString()})
2024-04-17 19:10:43,971 [main] INFO  base.BaseClass - Found Element By {by.toString()}
2024-04-17 19:10:44,505 [main] INFO  base.BaseClass - Trying to find Element By {by.toString()})
2024-04-17 19:10:44,529 [main] INFO  base.BaseClass - Found Element By {by.toString()}
2024-04-17 19:10:45,056 [main] INFO  base.BaseClass - Trying to find Element By {by.toString()})
2024-04-17 19:10:45,085 [main] INFO  base.BaseClass - Found Element By {by.toString()}
2024-04-17 19:10:45,634 [main] INFO  base.BaseClass - Trying to find Element By {by.toString()})
2024-04-17 19:10:45,664 [main] INFO  base.BaseClass - Found Element By {by.toString()}
2024-04-17 19:10:46,215 [main] INFO  base.BaseClass - Trying to find Element By {by.toString()})
2024-04-17 19:10:46,243 [main] INFO  base.BaseClass - Found Element By {by.toString()}
2024-04-17 19:10:46,792 [main] INFO  base.BaseClass - Trying to find Element By {by.toString()})
2024-04-17 19:10:46,821 [main] INFO  base.BaseClass - Found Element By {by.toString()}
2024-04-17 19:10:47,368 [main] INFO  base.BaseClass - Trying to find Element By {by.toString()})
2024-04-17 19:10:47,397 [main] INFO  base.BaseClass - Found Element By {by.toString()}
2024-04-17 19:10:47,946 [main] INFO  base.BaseClass - Trying to find Element By {by.toString()})
2024-04-17 19:10:47,974 [main] INFO  base.BaseClass - Found Element By {by.toString()}
2024-04-17 19:10:48,524 [main] INFO  base.BaseClass - Trying to find Element By {by.toString()})
2024-04-17 19:10:48,552 [main] INFO  base.BaseClass - Found Element By {by.toString()}
2024-04-17 19:10:49,089 [main] INFO  base.BaseClass - Trying to find Element By {by.toString()})
2024-04-17 19:10:49,114 [main] INFO  base.BaseClass - Found Element By {by.toString()}
2024-04-17 19:10:49,652 [main] INFO  base.BaseClass - Trying to find Element By {by.toString()})
2024-04-17 19:10:49,680 [main] INFO  base.BaseClass - Found Element By {by.toString()}
2024-04-17 19:10:50,228 [main] INFO  base.BaseClass - Trying to find Element By {by.toString()})
2024-04-17 19:10:50,257 [main] INFO  base.BaseClass - Found Element By {by.toString()}
2024-04-17 19:10:50,805 [main] INFO  base.BaseClass - Trying to find Element By {by.toString()})
2024-04-17 19:10:50,825 [main] INFO  base.BaseClass - Found Element By {by.toString()}
2024-04-17 19:10:51,368 [main] INFO  base.BaseClass - Trying to find Element By {by.toString()})
2024-04-17 19:10:51,395 [main] INFO  base.BaseClass - Found Element By {by.toString()}
2024-04-17 19:10:51,948 [main] INFO  base.BaseClass - Trying to find Element By {by.toString()})
2024-04-17 19:10:51,977 [main] INFO  base.BaseClass - Found Element By {by.toString()}
2024-04-17 19:10:52,523 [main] INFO  base.BaseClass - Trying to find Element By {by.toString()})
2024-04-17 19:10:52,551 [main] INFO  base.BaseClass - Found Element By {by.toString()}
2024-04-17 19:10:53,102 [main] INFO  base.BaseClass - Trying to find Element By {by.toString()})
2024-04-17 19:10:53,127 [main] INFO  base.BaseClass - Found Element By {by.toString()}
2024-04-17 19:10:53,668 [main] INFO  base.BaseClass - Trying to find Element By {by.toString()})
2024-04-17 19:10:53,696 [main] INFO  base.BaseClass - Found Element By {by.toString()}
2024-04-17 19:10:54,243 [main] INFO  base.BaseClass - Trying to find Element By {by.toString()})
2024-04-17 19:10:54,271 [main] INFO  base.BaseClass - Found Element By {by.toString()}
2024-04-17 19:10:54,821 [main] INFO  base.BaseClass - Trying to find Element By {by.toString()})
2024-04-17 19:10:54,838 [main] INFO  base.BaseClass - Found Element By {by.toString()}
2024-04-17 19:10:55,366 [main] INFO  base.BaseClass - Trying to find Element By {by.toString()})
2024-04-17 19:10:55,394 [main] INFO  base.BaseClass - Found Element By {by.toString()}
2024-04-17 19:10:55,932 [main] INFO  base.BaseClass - Trying to find Element By {by.toString()})
2024-04-17 19:10:55,959 [main] INFO  base.BaseClass - Found Element By {by.toString()}
2024-04-17 19:10:56,505 [main] INFO  base.BaseClass - Trying to find Element By {by.toString()})
2024-04-17 19:10:56,533 [main] INFO  base.BaseClass - Found Element By {by.toString()}
2024-04-17 19:10:57,068 [main] INFO  base.BaseClass - Trying to find Element By {by.toString()})
2024-04-17 19:10:57,096 [main] INFO  base.BaseClass - Found Element By {by.toString()}
2024-04-17 19:10:57,632 [main] INFO  base.BaseClass - Trying to find Element By {by.toString()})
2024-04-17 19:10:57,661 [main] INFO  base.BaseClass - Found Element By {by.toString()}
2024-04-17 19:10:58,210 [main] INFO  base.BaseClass - Trying to find Element By {by.toString()})
2024-04-17 19:10:58,239 [main] INFO  base.BaseClass - Found Element By {by.toString()}
2024-04-17 19:10:58,785 [main] INFO  base.BaseClass - Trying to find Element By {by.toString()})
2024-04-17 19:10:58,814 [main] INFO  base.BaseClass - Found Element By {by.toString()}
TimeoutException occurred: Expected condition failed: waiting for helper.WaitUtility$5@3dcf6e58 (tried for 30 second(s) with 500 milliseconds interval)
Build info: version: '3.141.59', revision: 'e82be7d358', time: '2018-11-14T08:17:03'
System info: host: 'DPLAP166', ip: '137.237.2.236', os.name: 'Windows 10', os.arch: 'amd64', os.version: '10.0', java.version: '19.0.1'
Driver info: org.openqa.selenium.support.events.EventFiringWebDriver
Capabilities {acceptInsecureCerts: true, browserName: chrome, browserVersion: 123.0.6312.123, chrome: {chromedriverVersion: 123.0.6312.122 (31f8248cdd9..., userDataDir: C:\Users\dP-PL\AppData\Loca...}, fedcm:accounts: true, goog:chromeOptions: {debuggerAddress: localhost:51256}, javascriptEnabled: true, networkConnectionEnabled: false, pageLoadStrategy: normal, platform: WINDOWS, platformName: WINDOWS, proxy: Proxy(), setWindowRect: true, strictFileInteractability: false, timeouts: {implicit: 0, pageLoad: 300000, script: 30000}, unhandledPromptBehavior: dismiss and notify, webauthn:extension:credBlob: true, webauthn:extension:largeBlob: true, webauthn:extension:minPinLength: true, webauthn:extension:prf: true, webauthn:virtualAuthenticators: true}
Session ID: a59c4df4811f82049fe754efe723d3c1
2024-04-17 19:10:58,847 [main] ERROR RotationCopy_test - Element did not become visible within the specified time: Expected condition failed: waiting for helper.WaitUtility$5@3dcf6e58 (tried for 30 second(s) with 500 milliseconds interval)
Build info: version: '3.141.59', revision: 'e82be7d358', time: '2018-11-14T08:17:03'
System info: host: 'DPLAP166', ip: '137.237.2.236', os.name: 'Windows 10', os.arch: 'amd64', os.version: '10.0', java.version: '19.0.1'
Driver info: org.openqa.selenium.support.events.EventFiringWebDriver
Capabilities {acceptInsecureCerts: true, browserName: chrome, browserVersion: 123.0.6312.123, chrome: {chromedriverVersion: 123.0.6312.122 (31f8248cdd9..., userDataDir: C:\Users\dP-PL\AppData\Loca...}, fedcm:accounts: true, goog:chromeOptions: {debuggerAddress: localhost:51256}, javascriptEnabled: true, networkConnectionEnabled: false, pageLoadStrategy: normal, platform: WINDOWS, platformName: WINDOWS, proxy: Proxy(), setWindowRect: true, strictFileInteractability: false, timeouts: {implicit: 0, pageLoad: 300000, script: 30000}, unhandledPromptBehavior: dismiss and notify, webauthn:extension:credBlob: true, webauthn:extension:largeBlob: true, webauthn:extension:minPinLength: true, webauthn:extension:prf: true, webauthn:virtualAuthenticators: true}
Session ID: a59c4df4811f82049fe754efe723d3c1
2024-04-17 19:10:58,848 [main] INFO  base.BaseClass - Trying to find Element By {by.toString()})
2024-04-17 19:10:58,861 [main] INFO  base.BaseClass - Found Element By {by.toString()}
2024-04-17 19:10:58,861 [main] INFO  base.BaseClass - Trying to click on: {element.toString()}
2024-04-17 19:10:58,931 [main] INFO  base.BaseClass - Clicked on: {element.toString()}
2024-04-17 19:10:58,937 [main] INFO  base.BaseClass - Trying to find Element By {by.toString()})
2024-04-17 19:10:58,946 [main] INFO  base.BaseClass - Found Element By {by.toString()}
2024-04-17 19:10:59,460 [main] INFO  base.BaseClass - Trying to find Element By {by.toString()})
2024-04-17 19:10:59,808 [main] INFO  base.BaseClass - Found Element By {by.toString()}
2024-04-17 19:11:00,334 [main] INFO  base.BaseClass - Trying to find Element By {by.toString()})
2024-04-17 19:11:00,367 [main] INFO  base.BaseClass - Found Element By {by.toString()}
2024-04-17 19:11:00,912 [main] INFO  base.BaseClass - Trying to find Element By {by.toString()})
2024-04-17 19:11:00,944 [main] INFO  base.BaseClass - Found Element By {by.toString()}
2024-04-17 19:11:01,489 [main] INFO  base.BaseClass - Trying to find Element By {by.toString()})
2024-04-17 19:11:01,518 [main] INFO  base.BaseClass - Found Element By {by.toString()}
2024-04-17 19:11:02,068 [main] INFO  base.BaseClass - Trying to find Element By {by.toString()})
2024-04-17 19:11:02,098 [main] INFO  base.BaseClass - Found Element By {by.toString()}
2024-04-17 19:11:02,645 [main] INFO  base.BaseClass - Trying to find Element By {by.toString()})
2024-04-17 19:11:02,674 [main] INFO  base.BaseClass - Found Element By {by.toString()}
2024-04-17 19:11:03,223 [main] INFO  base.BaseClass - Trying to find Element By {by.toString()})
2024-04-17 19:11:03,252 [main] INFO  base.BaseClass - Found Element By {by.toString()}
2024-04-17 19:11:03,799 [main] INFO  base.BaseClass - Trying to find Element By {by.toString()})
2024-04-17 19:11:03,828 [main] INFO  base.BaseClass - Found Element By {by.toString()}
2024-04-17 19:11:04,384 [main] INFO  base.BaseClass - Trying to find Element By {by.toString()})
2024-04-17 19:11:04,414 [main] INFO  base.BaseClass - Found Element By {by.toString()}
2024-04-17 19:11:04,964 [main] INFO  base.BaseClass - Trying to find Element By {by.toString()})
2024-04-17 19:11:04,979 [main] INFO  base.BaseClass - Found Element By {by.toString()}
2024-04-17 19:11:05,496 [main] INFO  base.BaseClass - Trying to find Element By {by.toString()})
2024-04-17 19:11:05,526 [main] INFO  base.BaseClass - Found Element By {by.toString()}
2024-04-17 19:11:06,074 [main] INFO  base.BaseClass - Trying to find Element By {by.toString()})
2024-04-17 19:11:06,104 [main] INFO  base.BaseClass - Found Element By {by.toString()}
2024-04-17 19:11:06,654 [main] INFO  base.BaseClass - Trying to find Element By {by.toString()})
2024-04-17 19:11:06,684 [main] INFO  base.BaseClass - Found Element By {by.toString()}
2024-04-17 19:11:07,217 [main] INFO  base.BaseClass - Trying to find Element By {by.toString()})
2024-04-17 19:11:07,246 [main] INFO  base.BaseClass - Found Element By {by.toString()}
2024-04-17 19:11:07,798 [main] INFO  base.BaseClass - Trying to find Element By {by.toString()})
2024-04-17 19:11:07,827 [main] INFO  base.BaseClass - Found Element By {by.toString()}
2024-04-17 19:11:08,373 [main] INFO  base.BaseClass - Trying to find Element By {by.toString()})
2024-04-17 19:11:08,404 [main] INFO  base.BaseClass - Found Element By {by.toString()}
2024-04-17 19:11:08,953 [main] INFO  base.BaseClass - Trying to find Element By {by.toString()})
2024-04-17 19:11:08,980 [main] INFO  base.BaseClass - Found Element By {by.toString()}
2024-04-17 19:11:09,533 [main] INFO  base.BaseClass - Trying to find Element By {by.toString()})
2024-04-17 19:11:09,562 [main] INFO  base.BaseClass - Found Element By {by.toString()}
2024-04-17 19:11:10,095 [main] INFO  base.BaseClass - Trying to find Element By {by.toString()})
2024-04-17 19:11:10,103 [main] INFO  base.BaseClass - Found Element By {by.toString()}
2024-04-17 19:11:10,628 [main] INFO  base.BaseClass - Trying to find Element By {by.toString()})
2024-04-17 19:11:10,657 [main] INFO  base.BaseClass - Found Element By {by.toString()}
2024-04-17 19:11:11,208 [main] INFO  base.BaseClass - Trying to find Element By {by.toString()})
2024-04-17 19:11:11,238 [main] INFO  base.BaseClass - Found Element By {by.toString()}
2024-04-17 19:11:11,786 [main] INFO  base.BaseClass - Trying to find Element By {by.toString()})
2024-04-17 19:11:11,814 [main] INFO  base.BaseClass - Found Element By {by.toString()}
2024-04-17 19:11:12,365 [main] INFO  base.BaseClass - Trying to find Element By {by.toString()})
2024-04-17 19:11:12,394 [main] INFO  base.BaseClass - Found Element By {by.toString()}
2024-04-17 19:11:12,944 [main] INFO  base.BaseClass - Trying to find Element By {by.toString()})
2024-04-17 19:11:12,970 [main] INFO  base.BaseClass - Found Element By {by.toString()}
2024-04-17 19:11:13,508 [main] INFO  base.BaseClass - Trying to find Element By {by.toString()})
2024-04-17 19:11:13,534 [main] INFO  base.BaseClass - Found Element By {by.toString()}
2024-04-17 19:11:14,076 [main] INFO  base.BaseClass - Trying to find Element By {by.toString()})
2024-04-17 19:11:14,105 [main] INFO  base.BaseClass - Found Element By {by.toString()}
2024-04-17 19:11:14,654 [main] INFO  base.BaseClass - Trying to find Element By {by.toString()})
2024-04-17 19:11:14,681 [main] INFO  base.BaseClass - Found Element By {by.toString()}
2024-04-17 19:11:15,231 [main] INFO  base.BaseClass - Trying to find Element By {by.toString()})
2024-04-17 19:11:15,260 [main] INFO  base.BaseClass - Found Element By {by.toString()}
2024-04-17 19:11:15,809 [main] INFO  base.BaseClass - Trying to find Element By {by.toString()})
2024-04-17 19:11:15,838 [main] INFO  base.BaseClass - Found Element By {by.toString()}
2024-04-17 19:11:16,386 [main] INFO  base.BaseClass - Trying to find Element By {by.toString()})
2024-04-17 19:11:16,415 [main] INFO  base.BaseClass - Found Element By {by.toString()}
2024-04-17 19:11:16,952 [main] INFO  base.BaseClass - Trying to find Element By {by.toString()})
2024-04-17 19:11:16,973 [main] INFO  base.BaseClass - Found Element By {by.toString()}
2024-04-17 19:11:17,498 [main] INFO  base.BaseClass - Trying to find Element By {by.toString()})
2024-04-17 19:11:17,526 [main] INFO  base.BaseClass - Found Element By {by.toString()}
2024-04-17 19:11:18,062 [main] INFO  base.BaseClass - Trying to find Element By {by.toString()})
2024-04-17 19:11:18,090 [main] INFO  base.BaseClass - Found Element By {by.toString()}
2024-04-17 19:11:18,637 [main] INFO  base.BaseClass - Trying to find Element By {by.toString()})
2024-04-17 19:11:18,665 [main] INFO  base.BaseClass - Found Element By {by.toString()}
2024-04-17 19:11:19,201 [main] INFO  base.BaseClass - Trying to find Element By {by.toString()})
2024-04-17 19:11:19,230 [main] INFO  base.BaseClass - Found Element By {by.toString()}
2024-04-17 19:11:19,779 [main] INFO  base.BaseClass - Trying to find Element By {by.toString()})
2024-04-17 19:11:19,996 [main] INFO  base.BaseClass - Found Element By {by.toString()}
2024-04-17 19:11:20,527 [main] INFO  base.BaseClass - Trying to find Element By {by.toString()})
2024-04-17 19:11:20,558 [main] INFO  base.BaseClass - Found Element By {by.toString()}
2024-04-17 19:11:21,107 [main] INFO  base.BaseClass - Trying to find Element By {by.toString()})
2024-04-17 19:11:21,137 [main] INFO  base.BaseClass - Found Element By {by.toString()}
2024-04-17 19:11:21,687 [main] INFO  base.BaseClass - Trying to find Element By {by.toString()})
2024-04-17 19:11:21,717 [main] INFO  base.BaseClass - Found Element By {by.toString()}
2024-04-17 19:11:22,264 [main] INFO  base.BaseClass - Trying to find Element By {by.toString()})
2024-04-17 19:11:22,294 [main] INFO  base.BaseClass - Found Element By {by.toString()}
2024-04-17 19:11:22,845 [main] INFO  base.BaseClass - Trying to find Element By {by.toString()})
2024-04-17 19:11:22,876 [main] INFO  base.BaseClass - Found Element By {by.toString()}
2024-04-17 19:11:23,419 [main] INFO  base.BaseClass - Trying to find Element By {by.toString()})
2024-04-17 19:11:23,449 [main] INFO  base.BaseClass - Found Element By {by.toString()}
2024-04-17 19:11:23,998 [main] INFO  base.BaseClass - Trying to find Element By {by.toString()})
2024-04-17 19:11:24,027 [main] INFO  base.BaseClass - Found Element By {by.toString()}
2024-04-17 19:11:24,560 [main] INFO  base.BaseClass - Trying to find Element By {by.toString()})
2024-04-17 19:11:24,589 [main] INFO  base.BaseClass - Found Element By {by.toString()}
2024-04-17 19:11:25,137 [main] INFO  base.BaseClass - Trying to find Element By {by.toString()})
2024-04-17 19:11:25,165 [main] INFO  base.BaseClass - Found Element By {by.toString()}
2024-04-17 19:11:25,714 [main] INFO  base.BaseClass - Trying to find Element By {by.toString()})
2024-04-17 19:11:25,743 [main] INFO  base.BaseClass - Found Element By {by.toString()}
2024-04-17 19:11:26,292 [main] INFO  base.BaseClass - Trying to find Element By {by.toString()})
2024-04-17 19:11:26,321 [main] INFO  base.BaseClass - Found Element By {by.toString()}
2024-04-17 19:11:26,871 [main] INFO  base.BaseClass - Trying to find Element By {by.toString()})
2024-04-17 19:11:26,899 [main] INFO  base.BaseClass - Found Element By {by.toString()}
2024-04-17 19:11:27,445 [main] INFO  base.BaseClass - Trying to find Element By {by.toString()})
2024-04-17 19:11:27,474 [main] INFO  base.BaseClass - Found Element By {by.toString()}
2024-04-17 19:11:28,023 [main] INFO  base.BaseClass - Trying to find Element By {by.toString()})
2024-04-17 19:11:28,051 [main] INFO  base.BaseClass - Found Element By {by.toString()}
2024-04-17 19:11:28,586 [main] INFO  base.BaseClass - Trying to find Element By {by.toString()})
2024-04-17 19:11:28,614 [main] INFO  base.BaseClass - Found Element By {by.toString()}
2024-04-17 19:11:29,163 [main] INFO  base.BaseClass - Trying to find Element By {by.toString()})
2024-04-17 19:11:29,192 [main] INFO  base.BaseClass - Found Element By {by.toString()}
TimeoutException occurred: Expected condition failed: waiting for helper.WaitUtility$5@5ac52256 (tried for 30 second(s) with 500 milliseconds interval)
Build info: version: '3.141.59', revision: 'e82be7d358', time: '2018-11-14T08:17:03'
System info: host: 'DPLAP166', ip: '137.237.2.236', os.name: 'Windows 10', os.arch: 'amd64', os.version: '10.0', java.version: '19.0.1'
Driver info: org.openqa.selenium.support.events.EventFiringWebDriver
Capabilities {acceptInsecureCerts: true, browserName: chrome, browserVersion: 123.0.6312.123, chrome: {chromedriverVersion: 123.0.6312.122 (31f8248cdd9..., userDataDir: C:\Users\dP-PL\AppData\Loca...}, fedcm:accounts: true, goog:chromeOptions: {debuggerAddress: localhost:51256}, javascriptEnabled: true, networkConnectionEnabled: false, pageLoadStrategy: normal, platform: WINDOWS, platformName: WINDOWS, proxy: Proxy(), setWindowRect: true, strictFileInteractability: false, timeouts: {implicit: 0, pageLoad: 300000, script: 30000}, unhandledPromptBehavior: dismiss and notify, webauthn:extension:credBlob: true, webauthn:extension:largeBlob: true, webauthn:extension:minPinLength: true, webauthn:extension:prf: true, webauthn:virtualAuthenticators: true}
Session ID: a59c4df4811f82049fe754efe723d3c1
2024-04-17 19:11:29,232 [main] ERROR RotationCopy_test - Element did not become visible within the specified time: Expected condition failed: waiting for helper.WaitUtility$5@5ac52256 (tried for 30 second(s) with 500 milliseconds interval)
Build info: version: '3.141.59', revision: 'e82be7d358', time: '2018-11-14T08:17:03'
System info: host: 'DPLAP166', ip: '137.237.2.236', os.name: 'Windows 10', os.arch: 'amd64', os.version: '10.0', java.version: '19.0.1'
Driver info: org.openqa.selenium.support.events.EventFiringWebDriver
Capabilities {acceptInsecureCerts: true, browserName: chrome, browserVersion: 123.0.6312.123, chrome: {chromedriverVersion: 123.0.6312.122 (31f8248cdd9..., userDataDir: C:\Users\dP-PL\AppData\Loca...}, fedcm:accounts: true, goog:chromeOptions: {debuggerAddress: localhost:51256}, javascriptEnabled: true, networkConnectionEnabled: false, pageLoadStrategy: normal, platform: WINDOWS, platformName: WINDOWS, proxy: Proxy(), setWindowRect: true, strictFileInteractability: false, timeouts: {implicit: 0, pageLoad: 300000, script: 30000}, unhandledPromptBehavior: dismiss and notify, webauthn:extension:credBlob: true, webauthn:extension:largeBlob: true, webauthn:extension:minPinLength: true, webauthn:extension:prf: true, webauthn:virtualAuthenticators: true}
Session ID: a59c4df4811f82049fe754efe723d3c1
2024-04-17 19:11:29,232 [main] INFO  base.BaseClass - Trying to find Element By {by.toString()})
2024-04-17 19:11:29,244 [main] INFO  base.BaseClass - Found Element By {by.toString()}
2024-04-17 19:11:29,244 [main] INFO  base.BaseClass - Trying to click on: {element.toString()}
2024-04-17 19:11:29,351 [main] INFO  base.BaseClass - Clicked on: {element.toString()}
2024-04-17 19:11:29,351 [main] INFO  base.BaseClass - Trying to find Element By {by.toString()})
2024-04-17 19:11:30,250 [main] INFO  base.BaseClass - Found Element By {by.toString()}
2024-04-17 19:11:30,767 [main] INFO  base.BaseClass - Trying to find Element By {by.toString()})
2024-04-17 19:11:30,786 [main] INFO  base.BaseClass - Found Element By {by.toString()}
2024-04-17 19:11:31,310 [main] INFO  base.BaseClass - Trying to find Element By {by.toString()})
2024-04-17 19:11:31,320 [main] INFO  base.BaseClass - Found Element By {by.toString()}
2024-04-17 19:11:31,842 [main] INFO  base.BaseClass - Trying to find Element By {by.toString()})
2024-04-17 19:11:31,876 [main] INFO  base.BaseClass - Found Element By {by.toString()}
2024-04-17 19:11:32,421 [main] INFO  base.BaseClass - Trying to find Element By {by.toString()})
2024-04-17 19:11:32,449 [main] INFO  base.BaseClass - Found Element By {by.toString()}
2024-04-17 19:11:32,997 [main] INFO  base.BaseClass - Trying to find Element By {by.toString()})
2024-04-17 19:11:33,028 [main] INFO  base.BaseClass - Found Element By {by.toString()}
2024-04-17 19:11:33,576 [main] INFO  base.BaseClass - Trying to find Element By {by.toString()})
2024-04-17 19:11:33,606 [main] INFO  base.BaseClass - Found Element By {by.toString()}
2024-04-17 19:11:34,155 [main] INFO  base.BaseClass - Trying to find Element By {by.toString()})
2024-04-17 19:11:34,186 [main] INFO  base.BaseClass - Found Element By {by.toString()}
2024-04-17 19:11:34,715 [main] INFO  base.BaseClass - Trying to find Element By {by.toString()})
2024-04-17 19:11:34,744 [main] INFO  base.BaseClass - Found Element By {by.toString()}
2024-04-17 19:11:35,293 [main] INFO  base.BaseClass - Trying to find Element By {by.toString()})
2024-04-17 19:11:35,324 [main] INFO  base.BaseClass - Found Element By {by.toString()}
2024-04-17 19:11:35,868 [main] INFO  base.BaseClass - Trying to find Element By {by.toString()})
2024-04-17 19:11:36,092 [main] INFO  base.BaseClass - Found Element By {by.toString()}
2024-04-17 19:11:36,632 [main] INFO  base.BaseClass - Trying to find Element By {by.toString()})
2024-04-17 19:11:36,664 [main] INFO  base.BaseClass - Found Element By {by.toString()}
2024-04-17 19:11:37,210 [main] INFO  base.BaseClass - Trying to find Element By {by.toString()})
2024-04-17 19:11:37,242 [main] INFO  base.BaseClass - Found Element By {by.toString()}
2024-04-17 19:11:37,789 [main] INFO  base.BaseClass - Trying to find Element By {by.toString()})
2024-04-17 19:11:37,820 [main] INFO  base.BaseClass - Found Element By {by.toString()}
2024-04-17 19:11:38,364 [main] INFO  base.BaseClass - Trying to find Element By {by.toString()})
2024-04-17 19:11:38,394 [main] INFO  base.BaseClass - Found Element By {by.toString()}
2024-04-17 19:11:38,928 [main] INFO  base.BaseClass - Trying to find Element By {by.toString()})
2024-04-17 19:11:38,959 [main] INFO  base.BaseClass - Found Element By {by.toString()}
2024-04-17 19:11:39,509 [main] INFO  base.BaseClass - Trying to find Element By {by.toString()})
2024-04-17 19:11:39,541 [main] INFO  base.BaseClass - Found Element By {by.toString()}
2024-04-17 19:11:40,086 [main] INFO  base.BaseClass - Trying to find Element By {by.toString()})
2024-04-17 19:11:40,095 [main] INFO  base.BaseClass - Found Element By {by.toString()}
2024-04-17 19:11:40,615 [main] INFO  base.BaseClass - Trying to find Element By {by.toString()})
2024-04-17 19:11:40,645 [main] INFO  base.BaseClass - Found Element By {by.toString()}
2024-04-17 19:11:41,195 [main] INFO  base.BaseClass - Trying to find Element By {by.toString()})
2024-04-17 19:11:41,224 [main] INFO  base.BaseClass - Found Element By {by.toString()}
2024-04-17 19:11:41,770 [main] INFO  base.BaseClass - Trying to find Element By {by.toString()})
2024-04-17 19:11:41,803 [main] INFO  base.BaseClass - Found Element By {by.toString()}
2024-04-17 19:11:42,338 [main] INFO  base.BaseClass - Trying to find Element By {by.toString()})
2024-04-17 19:11:42,370 [main] INFO  base.BaseClass - Found Element By {by.toString()}
2024-04-17 19:11:42,917 [main] INFO  base.BaseClass - Trying to find Element By {by.toString()})
2024-04-17 19:11:42,947 [main] INFO  base.BaseClass - Found Element By {by.toString()}
2024-04-17 19:11:43,501 [main] INFO  base.BaseClass - Trying to find Element By {by.toString()})
2024-04-17 19:11:43,532 [main] INFO  base.BaseClass - Found Element By {by.toString()}
2024-04-17 19:11:44,078 [main] INFO  base.BaseClass - Trying to find Element By {by.toString()})
2024-04-17 19:11:44,108 [main] INFO  base.BaseClass - Found Element By {by.toString()}
2024-04-17 19:11:44,642 [main] INFO  base.BaseClass - Trying to find Element By {by.toString()})
2024-04-17 19:11:44,674 [main] INFO  base.BaseClass - Found Element By {by.toString()}
2024-04-17 19:11:45,223 [main] INFO  base.BaseClass - Trying to find Element By {by.toString()})
2024-04-17 19:11:45,239 [main] INFO  base.BaseClass - Found Element By {by.toString()}
2024-04-17 19:11:45,771 [main] INFO  base.BaseClass - Trying to find Element By {by.toString()})
2024-04-17 19:11:45,803 [main] INFO  base.BaseClass - Found Element By {by.toString()}
2024-04-17 19:11:46,353 [main] INFO  base.BaseClass - Trying to find Element By {by.toString()})
2024-04-17 19:11:46,385 [main] INFO  base.BaseClass - Found Element By {by.toString()}
2024-04-17 19:11:46,928 [main] INFO  base.BaseClass - Trying to find Element By {by.toString()})
2024-04-17 19:11:46,958 [main] INFO  base.BaseClass - Found Element By {by.toString()}
2024-04-17 19:11:47,494 [main] INFO  base.BaseClass - Trying to find Element By {by.toString()})
2024-04-17 19:11:47,520 [main] INFO  base.BaseClass - Found Element By {by.toString()}
2024-04-17 19:11:48,056 [main] INFO  base.BaseClass - Trying to find Element By {by.toString()})
2024-04-17 19:11:48,088 [main] INFO  base.BaseClass - Found Element By {by.toString()}
2024-04-17 19:11:48,630 [main] INFO  base.BaseClass - Trying to find Element By {by.toString()})
2024-04-17 19:11:48,661 [main] INFO  base.BaseClass - Found Element By {by.toString()}
2024-04-17 19:11:49,210 [main] INFO  base.BaseClass - Trying to find Element By {by.toString()})
2024-04-17 19:11:49,238 [main] INFO  base.BaseClass - Found Element By {by.toString()}
2024-04-17 19:11:49,775 [main] INFO  base.BaseClass - Trying to find Element By {by.toString()})
2024-04-17 19:11:49,809 [main] INFO  base.BaseClass - Found Element By {by.toString()}
2024-04-17 19:11:50,358 [main] INFO  base.BaseClass - Trying to find Element By {by.toString()})
2024-04-17 19:11:50,389 [main] INFO  base.BaseClass - Found Element By {by.toString()}
2024-04-17 19:11:50,938 [main] INFO  base.BaseClass - Trying to find Element By {by.toString()})
2024-04-17 19:11:50,970 [main] INFO  base.BaseClass - Found Element By {by.toString()}
2024-04-17 19:11:51,515 [main] INFO  base.BaseClass - Trying to find Element By {by.toString()})
2024-04-17 19:11:51,576 [main] INFO  base.BaseClass - Found Element By {by.toString()}
2024-04-17 19:11:52,129 [main] INFO  base.BaseClass - Trying to find Element By {by.toString()})
2024-04-17 19:11:52,161 [main] INFO  base.BaseClass - Found Element By {by.toString()}
2024-04-17 19:11:52,693 [main] INFO  base.BaseClass - Trying to find Element By {by.toString()})
2024-04-17 19:11:52,725 [main] INFO  base.BaseClass - Found Element By {by.toString()}
2024-04-17 19:11:53,268 [main] INFO  base.BaseClass - Trying to find Element By {by.toString()})
2024-04-17 19:11:53,290 [main] INFO  base.BaseClass - Found Element By {by.toString()}
2024-04-17 19:11:53,815 [main] INFO  base.BaseClass - Trying to find Element By {by.toString()})
2024-04-17 19:11:53,845 [main] INFO  base.BaseClass - Found Element By {by.toString()}
2024-04-17 19:11:54,393 [main] INFO  base.BaseClass - Trying to find Element By {by.toString()})
2024-04-17 19:11:54,424 [main] INFO  base.BaseClass - Found Element By {by.toString()}
2024-04-17 19:11:54,959 [main] INFO  base.BaseClass - Trying to find Element By {by.toString()})
2024-04-17 19:11:54,990 [main] INFO  base.BaseClass - Found Element By {by.toString()}
2024-04-17 19:11:55,537 [main] INFO  base.BaseClass - Trying to find Element By {by.toString()})
2024-04-17 19:11:55,569 [main] INFO  base.BaseClass - Found Element By {by.toString()}
2024-04-17 19:11:56,112 [main] INFO  base.BaseClass - Trying to find Element By {by.toString()})
2024-04-17 19:11:56,144 [main] INFO  base.BaseClass - Found Element By {by.toString()}
2024-04-17 19:11:56,690 [main] INFO  base.BaseClass - Trying to find Element By {by.toString()})
2024-04-17 19:11:56,723 [main] INFO  base.BaseClass - Found Element By {by.toString()}
2024-04-17 19:11:57,250 [main] INFO  base.BaseClass - Trying to find Element By {by.toString()})
2024-04-17 19:11:57,280 [main] INFO  base.BaseClass - Found Element By {by.toString()}
2024-04-17 19:11:57,816 [main] INFO  base.BaseClass - Trying to find Element By {by.toString()})
2024-04-17 19:11:57,847 [main] INFO  base.BaseClass - Found Element By {by.toString()}
2024-04-17 19:11:58,397 [main] INFO  base.BaseClass - Trying to find Element By {by.toString()})
2024-04-17 19:11:58,428 [main] INFO  base.BaseClass - Found Element By {by.toString()}
2024-04-17 19:11:58,974 [main] INFO  base.BaseClass - Trying to find Element By {by.toString()})
2024-04-17 19:11:59,003 [main] INFO  base.BaseClass - Found Element By {by.toString()}
2024-04-17 19:11:59,552 [main] INFO  base.BaseClass - Trying to find Element By {by.toString()})
2024-04-17 19:11:59,585 [main] INFO  base.BaseClass - Found Element By {by.toString()}
TimeoutException occurred: Expected condition failed: waiting for helper.WaitUtility$5@4c05c3d8 (tried for 30 second(s) with 500 milliseconds interval)
Build info: version: '3.141.59', revision: 'e82be7d358', time: '2018-11-14T08:17:03'
System info: host: 'DPLAP166', ip: '137.237.2.236', os.name: 'Windows 10', os.arch: 'amd64', os.version: '10.0', java.version: '19.0.1'
Driver info: org.openqa.selenium.support.events.EventFiringWebDriver
Capabilities {acceptInsecureCerts: true, browserName: chrome, browserVersion: 123.0.6312.123, chrome: {chromedriverVersion: 123.0.6312.122 (31f8248cdd9..., userDataDir: C:\Users\dP-PL\AppData\Loca...}, fedcm:accounts: true, goog:chromeOptions: {debuggerAddress: localhost:51256}, javascriptEnabled: true, networkConnectionEnabled: false, pageLoadStrategy: normal, platform: WINDOWS, platformName: WINDOWS, proxy: Proxy(), setWindowRect: true, strictFileInteractability: false, timeouts: {implicit: 0, pageLoad: 300000, script: 30000}, unhandledPromptBehavior: dismiss and notify, webauthn:extension:credBlob: true, webauthn:extension:largeBlob: true, webauthn:extension:minPinLength: true, webauthn:extension:prf: true, webauthn:virtualAuthenticators: true}
Session ID: a59c4df4811f82049fe754efe723d3c1
2024-04-17 19:11:59,623 [main] ERROR RotationCopy_test - Element did not become visible within the specified time: Expected condition failed: waiting for helper.WaitUtility$5@4c05c3d8 (tried for 30 second(s) with 500 milliseconds interval)
Build info: version: '3.141.59', revision: 'e82be7d358', time: '2018-11-14T08:17:03'
System info: host: 'DPLAP166', ip: '137.237.2.236', os.name: 'Windows 10', os.arch: 'amd64', os.version: '10.0', java.version: '19.0.1'
Driver info: org.openqa.selenium.support.events.EventFiringWebDriver
Capabilities {acceptInsecureCerts: true, browserName: chrome, browserVersion: 123.0.6312.123, chrome: {chromedriverVersion: 123.0.6312.122 (31f8248cdd9..., userDataDir: C:\Users\dP-PL\AppData\Loca...}, fedcm:accounts: true, goog:chromeOptions: {debuggerAddress: localhost:51256}, javascriptEnabled: true, networkConnectionEnabled: false, pageLoadStrategy: normal, platform: WINDOWS, platformName: WINDOWS, proxy: Proxy(), setWindowRect: true, strictFileInteractability: false, timeouts: {implicit: 0, pageLoad: 300000, script: 30000}, unhandledPromptBehavior: dismiss and notify, webauthn:extension:credBlob: true, webauthn:extension:largeBlob: true, webauthn:extension:minPinLength: true, webauthn:extension:prf: true, webauthn:virtualAuthenticators: true}
Session ID: a59c4df4811f82049fe754efe723d3c1
2024-04-17 19:11:59,623 [main] INFO  base.BaseClass - Trying to find Element By {by.toString()})
2024-04-17 19:11:59,641 [main] INFO  base.BaseClass - Found Element By {by.toString()}
2024-04-17 19:11:59,641 [main] INFO  base.BaseClass - Trying to click on: {element.toString()}
2024-04-17 19:11:59,708 [main] INFO  base.BaseClass - Clicked on: {element.toString()}
2024-04-17 19:11:59,708 [main] INFO  base.BaseClass - Trying to find Element By {by.toString()})
2024-04-17 19:11:59,720 [main] INFO  base.BaseClass - Found Element By {by.toString()}
2024-04-17 19:12:00,241 [main] INFO  base.BaseClass - Trying to find Element By {by.toString()})
2024-04-17 19:12:00,255 [main] INFO  base.BaseClass - Found Element By {by.toString()}
2024-04-17 19:12:00,774 [main] INFO  base.BaseClass - Trying to find Element By {by.toString()})
2024-04-17 19:12:00,808 [main] INFO  base.BaseClass - Found Element By {by.toString()}
2024-04-17 19:12:01,340 [main] INFO  base.BaseClass - Trying to find Element By {by.toString()})
2024-04-17 19:12:01,366 [main] INFO  base.BaseClass - Found Element By {by.toString()}
2024-04-17 19:12:01,918 [main] INFO  base.BaseClass - Trying to find Element By {by.toString()})
2024-04-17 19:12:01,951 [main] INFO  base.BaseClass - Found Element By {by.toString()}
2024-04-17 19:12:02,496 [main] INFO  base.BaseClass - Trying to find Element By {by.toString()})
2024-04-17 19:12:02,528 [main] INFO  base.BaseClass - Found Element By {by.toString()}
2024-04-17 19:12:03,073 [main] INFO  base.BaseClass - Trying to find Element By {by.toString()})
2024-04-17 19:12:03,106 [main] INFO  base.BaseClass - Found Element By {by.toString()}
2024-04-17 19:12:04,089 [main] INFO  base.BaseClass - Trying to find Element By {by.toString()})
2024-04-17 19:12:04,122 [main] INFO  base.BaseClass - Found Element By {by.toString()}
2024-04-17 19:12:04,655 [main] INFO  base.BaseClass - Trying to find Element By {by.toString()})
2024-04-17 19:12:04,690 [main] INFO  base.BaseClass - Found Element By {by.toString()}
2024-04-17 19:12:05,239 [main] INFO  base.BaseClass - Trying to find Element By {by.toString()})
2024-04-17 19:12:05,258 [main] INFO  base.BaseClass - Found Element By {by.toString()}
2024-04-17 19:12:05,790 [main] INFO  base.BaseClass - Trying to find Element By {by.toString()})
2024-04-17 19:12:05,824 [main] INFO  base.BaseClass - Found Element By {by.toString()}
2024-04-17 19:12:06,367 [main] INFO  base.BaseClass - Trying to find Element By {by.toString()})
2024-04-17 19:12:06,391 [main] INFO  base.BaseClass - Found Element By {by.toString()}
2024-04-17 19:12:06,928 [main] INFO  base.BaseClass - Trying to find Element By {by.toString()})
2024-04-17 19:12:06,961 [main] INFO  base.BaseClass - Found Element By {by.toString()}
2024-04-17 19:12:07,508 [main] INFO  base.BaseClass - Trying to find Element By {by.toString()})
2024-04-17 19:12:07,539 [main] INFO  base.BaseClass - Found Element By {by.toString()}
2024-04-17 19:12:08,074 [main] INFO  base.BaseClass - Trying to find Element By {by.toString()})
2024-04-17 19:12:08,105 [main] INFO  base.BaseClass - Found Element By {by.toString()}
2024-04-17 19:12:08,656 [main] INFO  base.BaseClass - Trying to find Element By {by.toString()})
2024-04-17 19:12:08,687 [main] INFO  base.BaseClass - Found Element By {by.toString()}
2024-04-17 19:12:09,233 [main] INFO  base.BaseClass - Trying to find Element By {by.toString()})
2024-04-17 19:12:09,249 [main] INFO  base.BaseClass - Found Element By {by.toString()}
2024-04-17 19:12:09,808 [main] INFO  base.BaseClass - Trying to find Element By {by.toString()})
2024-04-17 19:12:09,840 [main] INFO  base.BaseClass - Found Element By {by.toString()}
2024-04-17 19:12:10,393 [main] INFO  base.BaseClass - Trying to find Element By {by.toString()})
2024-04-17 19:12:10,416 [main] INFO  base.BaseClass - Found Element By {by.toString()}
2024-04-17 19:12:10,956 [main] INFO  base.BaseClass - Trying to find Element By {by.toString()})
2024-04-17 19:12:10,988 [main] INFO  base.BaseClass - Found Element By {by.toString()}
2024-04-17 19:12:11,530 [main] INFO  base.BaseClass - Trying to find Element By {by.toString()})
2024-04-17 19:12:11,562 [main] INFO  base.BaseClass - Found Element By {by.toString()}
2024-04-17 19:12:12,113 [main] INFO  base.BaseClass - Trying to find Element By {by.toString()})
2024-04-17 19:12:12,145 [main] INFO  base.BaseClass - Found Element By {by.toString()}
2024-04-17 19:12:12,692 [main] INFO  base.BaseClass - Trying to find Element By {by.toString()})
2024-04-17 19:12:12,723 [main] INFO  base.BaseClass - Found Element By {by.toString()}
2024-04-17 19:12:13,272 [main] INFO  base.BaseClass - Trying to find Element By {by.toString()})
2024-04-17 19:12:13,303 [main] INFO  base.BaseClass - Found Element By {by.toString()}
2024-04-17 19:12:13,851 [main] INFO  base.BaseClass - Trying to find Element By {by.toString()})
2024-04-17 19:12:13,881 [main] INFO  base.BaseClass - Found Element By {by.toString()}
2024-04-17 19:12:14,428 [main] INFO  base.BaseClass - Trying to find Element By {by.toString()})
2024-04-17 19:12:14,447 [main] INFO  base.BaseClass - Found Element By {by.toString()}
2024-04-17 19:12:14,974 [main] INFO  base.BaseClass - Trying to find Element By {by.toString()})
2024-04-17 19:12:15,005 [main] INFO  base.BaseClass - Found Element By {by.toString()}
2024-04-17 19:12:15,555 [main] INFO  base.BaseClass - Trying to find Element By {by.toString()})
2024-04-17 19:12:15,586 [main] INFO  base.BaseClass - Found Element By {by.toString()}
2024-04-17 19:12:16,130 [main] INFO  base.BaseClass - Trying to find Element By {by.toString()})
2024-04-17 19:12:16,161 [main] INFO  base.BaseClass - Found Element By {by.toString()}
2024-04-17 19:12:16,709 [main] INFO  base.BaseClass - Trying to find Element By {by.toString()})
2024-04-17 19:12:16,727 [main] INFO  base.BaseClass - Found Element By {by.toString()}
2024-04-17 19:12:17,272 [main] INFO  base.BaseClass - Trying to find Element By {by.toString()})
2024-04-17 19:12:17,303 [main] INFO  base.BaseClass - Found Element By {by.toString()}
2024-04-17 19:12:17,854 [main] INFO  base.BaseClass - Trying to find Element By {by.toString()})
2024-04-17 19:12:17,888 [main] INFO  base.BaseClass - Found Element By {by.toString()}
2024-04-17 19:12:18,432 [main] INFO  base.BaseClass - Trying to find Element By {by.toString()})
2024-04-17 19:12:18,463 [main] INFO  base.BaseClass - Found Element By {by.toString()}
2024-04-17 19:12:18,986 [main] INFO  base.BaseClass - Trying to find Element By {by.toString()})
2024-04-17 19:12:19,018 [main] INFO  base.BaseClass - Found Element By {by.toString()}
2024-04-17 19:12:19,563 [main] INFO  base.BaseClass - Trying to find Element By {by.toString()})
2024-04-17 19:12:19,593 [main] INFO  base.BaseClass - Found Element By {by.toString()}
2024-04-17 19:12:20,140 [main] INFO  base.BaseClass - Trying to find Element By {by.toString()})
2024-04-17 19:12:20,172 [main] INFO  base.BaseClass - Found Element By {by.toString()}
2024-04-17 19:12:20,719 [main] INFO  base.BaseClass - Trying to find Element By {by.toString()})
2024-04-17 19:12:20,751 [main] INFO  base.BaseClass - Found Element By {by.toString()}
2024-04-17 19:12:21,296 [main] INFO  base.BaseClass - Trying to find Element By {by.toString()})
2024-04-17 19:12:21,330 [main] INFO  base.BaseClass - Found Element By {by.toString()}
2024-04-17 19:12:21,858 [main] INFO  base.BaseClass - Trying to find Element By {by.toString()})
2024-04-17 19:12:21,889 [main] INFO  base.BaseClass - Found Element By {by.toString()}
2024-04-17 19:12:22,436 [main] INFO  base.BaseClass - Trying to find Element By {by.toString()})
2024-04-17 19:12:22,466 [main] INFO  base.BaseClass - Found Element By {by.toString()}
2024-04-17 19:12:23,013 [main] INFO  base.BaseClass - Trying to find Element By {by.toString()})
2024-04-17 19:12:23,041 [main] INFO  base.BaseClass - Found Element By {by.toString()}
2024-04-17 19:12:23,592 [main] INFO  base.BaseClass - Trying to find Element By {by.toString()})
2024-04-17 19:12:23,621 [main] INFO  base.BaseClass - Found Element By {by.toString()}
2024-04-17 19:12:24,173 [main] INFO  base.BaseClass - Trying to find Element By {by.toString()})
2024-04-17 19:12:24,203 [main] INFO  base.BaseClass - Found Element By {by.toString()}
2024-04-17 19:12:24,751 [main] INFO  base.BaseClass - Trying to find Element By {by.toString()})
2024-04-17 19:12:24,783 [main] INFO  base.BaseClass - Found Element By {by.toString()}
2024-04-17 19:12:25,327 [main] INFO  base.BaseClass - Trying to find Element By {by.toString()})
2024-04-17 19:12:25,359 [main] INFO  base.BaseClass - Found Element By {by.toString()}
2024-04-17 19:12:25,907 [main] INFO  base.BaseClass - Trying to find Element By {by.toString()})
2024-04-17 19:12:25,937 [main] INFO  base.BaseClass - Found Element By {by.toString()}
2024-04-17 19:12:26,488 [main] INFO  base.BaseClass - Trying to find Element By {by.toString()})
2024-04-17 19:12:26,516 [main] INFO  base.BaseClass - Found Element By {by.toString()}
2024-04-17 19:12:27,038 [main] INFO  base.BaseClass - Trying to find Element By {by.toString()})
2024-04-17 19:12:27,068 [main] INFO  base.BaseClass - Found Element By {by.toString()}
2024-04-17 19:12:27,601 [main] INFO  base.BaseClass - Trying to find Element By {by.toString()})
2024-04-17 19:12:27,664 [main] INFO  base.BaseClass - Found Element By {by.toString()}
2024-04-17 19:12:28,212 [main] INFO  base.BaseClass - Trying to find Element By {by.toString()})
2024-04-17 19:12:28,243 [main] INFO  base.BaseClass - Found Element By {by.toString()}
2024-04-17 19:12:28,794 [main] INFO  base.BaseClass - Trying to find Element By {by.toString()})
2024-04-17 19:12:28,825 [main] INFO  base.BaseClass - Found Element By {by.toString()}
2024-04-17 19:12:29,358 [main] INFO  base.BaseClass - Trying to find Element By {by.toString()})
2024-04-17 19:12:29,390 [main] INFO  base.BaseClass - Found Element By {by.toString()}
2024-04-17 19:12:29,935 [main] INFO  base.BaseClass - Trying to find Element By {by.toString()})
2024-04-17 19:12:29,965 [main] INFO  base.BaseClass - Found Element By {by.toString()}
TimeoutException occurred: Expected condition failed: waiting for helper.WaitUtility$5@276accb4 (tried for 30 second(s) with 500 milliseconds interval)
Build info: version: '3.141.59', revision: 'e82be7d358', time: '2018-11-14T08:17:03'
System info: host: 'DPLAP166', ip: '137.237.2.236', os.name: 'Windows 10', os.arch: 'amd64', os.version: '10.0', java.version: '19.0.1'
Driver info: org.openqa.selenium.support.events.EventFiringWebDriver
Capabilities {acceptInsecureCerts: true, browserName: chrome, browserVersion: 123.0.6312.123, chrome: {chromedriverVersion: 123.0.6312.122 (31f8248cdd9..., userDataDir: C:\Users\dP-PL\AppData\Loca...}, fedcm:accounts: true, goog:chromeOptions: {debuggerAddress: localhost:51256}, javascriptEnabled: true, networkConnectionEnabled: false, pageLoadStrategy: normal, platform: WINDOWS, platformName: WINDOWS, proxy: Proxy(), setWindowRect: true, strictFileInteractability: false, timeouts: {implicit: 0, pageLoad: 300000, script: 30000}, unhandledPromptBehavior: dismiss and notify, webauthn:extension:credBlob: true, webauthn:extension:largeBlob: true, webauthn:extension:minPinLength: true, webauthn:extension:prf: true, webauthn:virtualAuthenticators: true}
Session ID: a59c4df4811f82049fe754efe723d3c1
2024-04-17 19:12:29,999 [main] ERROR RotationCopy_test - Element did not become visible within the specified time: Expected condition failed: waiting for helper.WaitUtility$5@276accb4 (tried for 30 second(s) with 500 milliseconds interval)
Build info: version: '3.141.59', revision: 'e82be7d358', time: '2018-11-14T08:17:03'
System info: host: 'DPLAP166', ip: '137.237.2.236', os.name: 'Windows 10', os.arch: 'amd64', os.version: '10.0', java.version: '19.0.1'
Driver info: org.openqa.selenium.support.events.EventFiringWebDriver
Capabilities {acceptInsecureCerts: true, browserName: chrome, browserVersion: 123.0.6312.123, chrome: {chromedriverVersion: 123.0.6312.122 (31f8248cdd9..., userDataDir: C:\Users\dP-PL\AppData\Loca...}, fedcm:accounts: true, goog:chromeOptions: {debuggerAddress: localhost:51256}, javascriptEnabled: true, networkConnectionEnabled: false, pageLoadStrategy: normal, platform: WINDOWS, platformName: WINDOWS, proxy: Proxy(), setWindowRect: true, strictFileInteractability: false, timeouts: {implicit: 0, pageLoad: 300000, script: 30000}, unhandledPromptBehavior: dismiss and notify, webauthn:extension:credBlob: true, webauthn:extension:largeBlob: true, webauthn:extension:minPinLength: true, webauthn:extension:prf: true, webauthn:virtualAuthenticators: true}
Session ID: a59c4df4811f82049fe754efe723d3c1
2024-04-17 19:12:29,999 [main] INFO  base.BaseClass - Trying to find Element By {by.toString()})
2024-04-17 19:12:30,016 [main] INFO  base.BaseClass - Found Element By {by.toString()}
2024-04-17 19:12:30,016 [main] INFO  base.BaseClass - Trying to click on: {element.toString()}
2024-04-17 19:12:30,140 [main] INFO  base.BaseClass - Clicked on: {element.toString()}
2024-04-17 19:12:30,146 [main] INFO  base.BaseClass - Trying to find Element By {by.toString()})
2024-04-17 19:12:30,159 [main] INFO  base.BaseClass - Found Element By {by.toString()}
2024-04-17 19:12:30,682 [main] INFO  base.BaseClass - Trying to find Element By {by.toString()})
2024-04-17 19:12:30,693 [main] INFO  base.BaseClass - Found Element By {by.toString()}
2024-04-17 19:12:31,219 [main] INFO  base.BaseClass - Trying to find Element By {by.toString()})
2024-04-17 19:12:31,250 [main] INFO  base.BaseClass - Found Element By {by.toString()}
2024-04-17 19:12:31,795 [main] INFO  base.BaseClass - Trying to find Element By {by.toString()})
2024-04-17 19:12:31,826 [main] INFO  base.BaseClass - Found Element By {by.toString()}
2024-04-17 19:12:32,374 [main] INFO  base.BaseClass - Trying to find Element By {by.toString()})
2024-04-17 19:12:32,404 [main] INFO  base.BaseClass - Found Element By {by.toString()}
2024-04-17 19:12:32,954 [main] INFO  base.BaseClass - Trying to find Element By {by.toString()})
2024-04-17 19:12:32,983 [main] INFO  base.BaseClass - Found Element By {by.toString()}
2024-04-17 19:12:33,520 [main] INFO  base.BaseClass - Trying to find Element By {by.toString()})
2024-04-17 19:12:33,547 [main] INFO  base.BaseClass - Found Element By {by.toString()}
2024-04-17 19:12:34,086 [main] INFO  base.BaseClass - Trying to find Element By {by.toString()})
2024-04-17 19:12:34,116 [main] INFO  base.BaseClass - Found Element By {by.toString()}
2024-04-17 19:12:34,662 [main] INFO  base.BaseClass - Trying to find Element By {by.toString()})
2024-04-17 19:12:34,690 [main] INFO  base.BaseClass - Found Element By {by.toString()}
2024-04-17 19:12:35,240 [main] INFO  base.BaseClass - Trying to find Element By {by.toString()})
2024-04-17 19:12:35,269 [main] INFO  base.BaseClass - Found Element By {by.toString()}
2024-04-17 19:12:35,806 [main] INFO  base.BaseClass - Trying to find Element By {by.toString()})
2024-04-17 19:12:35,821 [main] INFO  base.BaseClass - Found Element By {by.toString()}
2024-04-17 19:12:36,350 [main] INFO  base.BaseClass - Trying to find Element By {by.toString()})
2024-04-17 19:12:36,379 [main] INFO  base.BaseClass - Found Element By {by.toString()}
2024-04-17 19:12:36,927 [main] INFO  base.BaseClass - Trying to find Element By {by.toString()})
2024-04-17 19:12:36,955 [main] INFO  base.BaseClass - Found Element By {by.toString()}
2024-04-17 19:12:37,508 [main] INFO  base.BaseClass - Trying to find Element By {by.toString()})
2024-04-17 19:12:37,538 [main] INFO  base.BaseClass - Found Element By {by.toString()}
2024-04-17 19:12:38,087 [main] INFO  base.BaseClass - Trying to find Element By {by.toString()})
2024-04-17 19:12:38,116 [main] INFO  base.BaseClass - Found Element By {by.toString()}
2024-04-17 19:12:38,666 [main] INFO  base.BaseClass - Trying to find Element By {by.toString()})
2024-04-17 19:12:38,680 [main] INFO  base.BaseClass - Found Element By {by.toString()}
2024-04-17 19:12:39,213 [main] INFO  base.BaseClass - Trying to find Element By {by.toString()})
2024-04-17 19:12:39,242 [main] INFO  base.BaseClass - Found Element By {by.toString()}
2024-04-17 19:12:39,793 [main] INFO  base.BaseClass - Trying to find Element By {by.toString()})
2024-04-17 19:12:39,822 [main] INFO  base.BaseClass - Found Element By {by.toString()}
2024-04-17 19:12:40,368 [main] INFO  base.BaseClass - Trying to find Element By {by.toString()})
2024-04-17 19:12:40,397 [main] INFO  base.BaseClass - Found Element By {by.toString()}
2024-04-17 19:12:40,947 [main] INFO  base.BaseClass - Trying to find Element By {by.toString()})
2024-04-17 19:12:40,975 [main] INFO  base.BaseClass - Found Element By {by.toString()}
2024-04-17 19:12:41,521 [main] INFO  base.BaseClass - Trying to find Element By {by.toString()})
2024-04-17 19:12:41,534 [main] INFO  base.BaseClass - Found Element By {by.toString()}
2024-04-17 19:12:42,054 [main] INFO  base.BaseClass - Trying to find Element By {by.toString()})
2024-04-17 19:12:42,084 [main] INFO  base.BaseClass - Found Element By {by.toString()}
2024-04-17 19:12:42,634 [main] INFO  base.BaseClass - Trying to find Element By {by.toString()})
2024-04-17 19:12:42,650 [main] INFO  base.BaseClass - Found Element By {by.toString()}
2024-04-17 19:12:43,178 [main] INFO  base.BaseClass - Trying to find Element By {by.toString()})
2024-04-17 19:12:43,207 [main] INFO  base.BaseClass - Found Element By {by.toString()}
2024-04-17 19:12:43,745 [main] INFO  base.BaseClass - Trying to find Element By {by.toString()})
2024-04-17 19:12:43,755 [main] INFO  base.BaseClass - Found Element By {by.toString()}
2024-04-17 19:12:44,276 [main] INFO  base.BaseClass - Trying to find Element By {by.toString()})
2024-04-17 19:12:44,305 [main] INFO  base.BaseClass - Found Element By {by.toString()}
2024-04-17 19:12:44,837 [main] INFO  base.BaseClass - Trying to find Element By {by.toString()})
2024-04-17 19:12:44,866 [main] INFO  base.BaseClass - Found Element By {by.toString()}
2024-04-17 19:12:45,415 [main] INFO  base.BaseClass - Trying to find Element By {by.toString()})
2024-04-17 19:12:45,444 [main] INFO  base.BaseClass - Found Element By {by.toString()}
2024-04-17 19:12:45,994 [main] INFO  base.BaseClass - Trying to find Element By {by.toString()})
2024-04-17 19:12:46,023 [main] INFO  base.BaseClass - Found Element By {by.toString()}
2024-04-17 19:12:46,571 [main] INFO  base.BaseClass - Trying to find Element By {by.toString()})
2024-04-17 19:12:46,601 [main] INFO  base.BaseClass - Found Element By {by.toString()}
2024-04-17 19:12:47,147 [main] INFO  base.BaseClass - Trying to find Element By {by.toString()})
2024-04-17 19:12:47,176 [main] INFO  base.BaseClass - Found Element By {by.toString()}
2024-04-17 19:12:47,726 [main] INFO  base.BaseClass - Trying to find Element By {by.toString()})
2024-04-17 19:12:47,755 [main] INFO  base.BaseClass - Found Element By {by.toString()}
2024-04-17 19:12:48,304 [main] INFO  base.BaseClass - Trying to find Element By {by.toString()})
2024-04-17 19:12:48,333 [main] INFO  base.BaseClass - Found Element By {by.toString()}
2024-04-17 19:12:48,867 [main] INFO  base.BaseClass - Trying to find Element By {by.toString()})
2024-04-17 19:12:48,894 [main] INFO  base.BaseClass - Found Element By {by.toString()}
2024-04-17 19:12:49,444 [main] INFO  base.BaseClass - Trying to find Element By {by.toString()})
2024-04-17 19:12:49,471 [main] INFO  base.BaseClass - Found Element By {by.toString()}
2024-04-17 19:12:50,023 [main] INFO  base.BaseClass - Trying to find Element By {by.toString()})
2024-04-17 19:12:50,053 [main] INFO  base.BaseClass - Found Element By {by.toString()}
2024-04-17 19:12:50,603 [main] INFO  base.BaseClass - Trying to find Element By {by.toString()})
2024-04-17 19:12:50,633 [main] INFO  base.BaseClass - Found Element By {by.toString()}
2024-04-17 19:12:51,165 [main] INFO  base.BaseClass - Trying to find Element By {by.toString()})
2024-04-17 19:12:51,193 [main] INFO  base.BaseClass - Found Element By {by.toString()}
2024-04-17 19:12:51,741 [main] INFO  base.BaseClass - Trying to find Element By {by.toString()})
2024-04-17 19:12:51,770 [main] INFO  base.BaseClass - Found Element By {by.toString()}
2024-04-17 19:12:52,318 [main] INFO  base.BaseClass - Trying to find Element By {by.toString()})
2024-04-17 19:12:52,347 [main] INFO  base.BaseClass - Found Element By {by.toString()}
2024-04-17 19:12:52,883 [main] INFO  base.BaseClass - Trying to find Element By {by.toString()})
2024-04-17 19:12:52,912 [main] INFO  base.BaseClass - Found Element By {by.toString()}
2024-04-17 19:12:53,448 [main] INFO  base.BaseClass - Trying to find Element By {by.toString()})
2024-04-17 19:12:53,477 [main] INFO  base.BaseClass - Found Element By {by.toString()}
2024-04-17 19:12:54,012 [main] INFO  base.BaseClass - Trying to find Element By {by.toString()})
2024-04-17 19:12:54,041 [main] INFO  base.BaseClass - Found Element By {by.toString()}
2024-04-17 19:12:54,589 [main] INFO  base.BaseClass - Trying to find Element By {by.toString()})
2024-04-17 19:12:54,618 [main] INFO  base.BaseClass - Found Element By {by.toString()}
2024-04-17 19:12:55,166 [main] INFO  base.BaseClass - Trying to find Element By {by.toString()})
2024-04-17 19:12:55,196 [main] INFO  base.BaseClass - Found Element By {by.toString()}
2024-04-17 19:12:55,742 [main] INFO  base.BaseClass - Trying to find Element By {by.toString()})
2024-04-17 19:12:55,768 [main] INFO  base.BaseClass - Found Element By {by.toString()}
2024-04-17 19:12:56,320 [main] INFO  base.BaseClass - Trying to find Element By {by.toString()})
2024-04-17 19:12:56,349 [main] INFO  base.BaseClass - Found Element By {by.toString()}
2024-04-17 19:12:56,897 [main] INFO  base.BaseClass - Trying to find Element By {by.toString()})
2024-04-17 19:12:56,926 [main] INFO  base.BaseClass - Found Element By {by.toString()}
2024-04-17 19:12:57,475 [main] INFO  base.BaseClass - Trying to find Element By {by.toString()})
2024-04-17 19:12:57,504 [main] INFO  base.BaseClass - Found Element By {by.toString()}
2024-04-17 19:12:58,056 [main] INFO  base.BaseClass - Trying to find Element By {by.toString()})
2024-04-17 19:12:58,085 [main] INFO  base.BaseClass - Found Element By {by.toString()}
2024-04-17 19:12:58,636 [main] INFO  base.BaseClass - Trying to find Element By {by.toString()})
2024-04-17 19:12:58,664 [main] INFO  base.BaseClass - Found Element By {by.toString()}
2024-04-17 19:12:59,215 [main] INFO  base.BaseClass - Trying to find Element By {by.toString()})
2024-04-17 19:12:59,243 [main] INFO  base.BaseClass - Found Element By {by.toString()}
2024-04-17 19:12:59,791 [main] INFO  base.BaseClass - Trying to find Element By {by.toString()})
2024-04-17 19:12:59,816 [main] INFO  base.BaseClass - Found Element By {by.toString()}
2024-04-17 19:13:00,354 [main] INFO  base.BaseClass - Trying to find Element By {by.toString()})
2024-04-17 19:13:00,384 [main] INFO  base.BaseClass - Found Element By {by.toString()}
TimeoutException occurred: Expected condition failed: waiting for helper.WaitUtility$5@216e5051 (tried for 30 second(s) with 500 milliseconds interval)
Build info: version: '3.141.59', revision: 'e82be7d358', time: '2018-11-14T08:17:03'
System info: host: 'DPLAP166', ip: '137.237.2.236', os.name: 'Windows 10', os.arch: 'amd64', os.version: '10.0', java.version: '19.0.1'
Driver info: org.openqa.selenium.support.events.EventFiringWebDriver
Capabilities {acceptInsecureCerts: true, browserName: chrome, browserVersion: 123.0.6312.123, chrome: {chromedriverVersion: 123.0.6312.122 (31f8248cdd9..., userDataDir: C:\Users\dP-PL\AppData\Loca...}, fedcm:accounts: true, goog:chromeOptions: {debuggerAddress: localhost:51256}, javascriptEnabled: true, networkConnectionEnabled: false, pageLoadStrategy: normal, platform: WINDOWS, platformName: WINDOWS, proxy: Proxy(), setWindowRect: true, strictFileInteractability: false, timeouts: {implicit: 0, pageLoad: 300000, script: 30000}, unhandledPromptBehavior: dismiss and notify, webauthn:extension:credBlob: true, webauthn:extension:largeBlob: true, webauthn:extension:minPinLength: true, webauthn:extension:prf: true, webauthn:virtualAuthenticators: true}
Session ID: a59c4df4811f82049fe754efe723d3c1
2024-04-17 19:13:00,418 [main] ERROR RotationCopy_test - Element did not become visible within the specified time: Expected condition failed: waiting for helper.WaitUtility$5@216e5051 (tried for 30 second(s) with 500 milliseconds interval)
Build info: version: '3.141.59', revision: 'e82be7d358', time: '2018-11-14T08:17:03'
System info: host: 'DPLAP166', ip: '137.237.2.236', os.name: 'Windows 10', os.arch: 'amd64', os.version: '10.0', java.version: '19.0.1'
Driver info: org.openqa.selenium.support.events.EventFiringWebDriver
Capabilities {acceptInsecureCerts: true, browserName: chrome, browserVersion: 123.0.6312.123, chrome: {chromedriverVersion: 123.0.6312.122 (31f8248cdd9..., userDataDir: C:\Users\dP-PL\AppData\Loca...}, fedcm:accounts: true, goog:chromeOptions: {debuggerAddress: localhost:51256}, javascriptEnabled: true, networkConnectionEnabled: false, pageLoadStrategy: normal, platform: WINDOWS, platformName: WINDOWS, proxy: Proxy(), setWindowRect: true, strictFileInteractability: false, timeouts: {implicit: 0, pageLoad: 300000, script: 30000}, unhandledPromptBehavior: dismiss and notify, webauthn:extension:credBlob: true, webauthn:extension:largeBlob: true, webauthn:extension:minPinLength: true, webauthn:extension:prf: true, webauthn:virtualAuthenticators: true}
Session ID: a59c4df4811f82049fe754efe723d3c1
2024-04-17 19:13:00,418 [main] INFO  base.BaseClass - Trying to find Element By {by.toString()})
2024-04-17 19:13:00,437 [main] INFO  base.BaseClass - Found Element By {by.toString()}
2024-04-17 19:13:00,437 [main] INFO  base.BaseClass - Trying to click on: {element.toString()}
2024-04-17 19:13:00,532 [main] INFO  base.BaseClass - Clicked on: {element.toString()}
2024-04-17 19:13:00,540 [main] INFO  base.BaseClass - Trying to find Element By {by.toString()})
2024-04-17 19:13:00,549 [main] INFO  base.BaseClass - Found Element By {by.toString()}
2024-04-17 19:13:01,071 [main] INFO  base.BaseClass - Trying to find Element By {by.toString()})
2024-04-17 19:13:01,445 [main] INFO  base.BaseClass - Found Element By {by.toString()}
2024-04-17 19:13:01,962 [main] INFO  base.BaseClass - Trying to find Element By {by.toString()})
2024-04-17 19:13:01,993 [main] INFO  base.BaseClass - Found Element By {by.toString()}
2024-04-17 19:13:02,539 [main] INFO  base.BaseClass - Trying to find Element By {by.toString()})
2024-04-17 19:13:02,568 [main] INFO  base.BaseClass - Found Element By {by.toString()}
2024-04-17 19:13:03,118 [main] INFO  base.BaseClass - Trying to find Element By {by.toString()})
2024-04-17 19:13:03,148 [main] INFO  base.BaseClass - Found Element By {by.toString()}
2024-04-17 19:13:03,693 [main] INFO  base.BaseClass - Trying to find Element By {by.toString()})
2024-04-17 19:13:03,722 [main] INFO  base.BaseClass - Found Element By {by.toString()}
2024-04-17 19:13:04,271 [main] INFO  base.BaseClass - Trying to find Element By {by.toString()})
2024-04-17 19:13:04,301 [main] INFO  base.BaseClass - Found Element By {by.toString()}
2024-04-17 19:13:04,849 [main] INFO  base.BaseClass - Trying to find Element By {by.toString()})
2024-04-17 19:13:04,877 [main] INFO  base.BaseClass - Found Element By {by.toString()}
2024-04-17 19:13:05,409 [main] INFO  base.BaseClass - Trying to find Element By {by.toString()})
2024-04-17 19:13:05,438 [main] INFO  base.BaseClass - Found Element By {by.toString()}
2024-04-17 19:13:05,974 [main] INFO  base.BaseClass - Trying to find Element By {by.toString()})
2024-04-17 19:13:06,003 [main] INFO  base.BaseClass - Found Element By {by.toString()}
2024-04-17 19:13:06,553 [main] INFO  base.BaseClass - Trying to find Element By {by.toString()})
2024-04-17 19:13:06,583 [main] INFO  base.BaseClass - Found Element By {by.toString()}
2024-04-17 19:13:07,131 [main] INFO  base.BaseClass - Trying to find Element By {by.toString()})
2024-04-17 19:13:07,160 [main] INFO  base.BaseClass - Found Element By {by.toString()}
2024-04-17 19:13:07,706 [main] INFO  base.BaseClass - Trying to find Element By {by.toString()})
2024-04-17 19:13:07,736 [main] INFO  base.BaseClass - Found Element By {by.toString()}
2024-04-17 19:13:08,287 [main] INFO  base.BaseClass - Trying to find Element By {by.toString()})
2024-04-17 19:13:08,317 [main] INFO  base.BaseClass - Found Element By {by.toString()}
2024-04-17 19:13:08,866 [main] INFO  base.BaseClass - Trying to find Element By {by.toString()})
2024-04-17 19:13:08,894 [main] INFO  base.BaseClass - Found Element By {by.toString()}
2024-04-17 19:13:09,429 [main] INFO  base.BaseClass - Trying to find Element By {by.toString()})
2024-04-17 19:13:09,514 [main] INFO  base.BaseClass - Found Element By {by.toString()}
2024-04-17 19:13:10,040 [main] INFO  base.BaseClass - Trying to find Element By {by.toString()})
2024-04-17 19:13:10,069 [main] INFO  base.BaseClass - Found Element By {by.toString()}
2024-04-17 19:13:10,604 [main] INFO  base.BaseClass - Trying to find Element By {by.toString()})
2024-04-17 19:13:10,637 [main] INFO  base.BaseClass - Found Element By {by.toString()}
2024-04-17 19:13:11,176 [main] INFO  base.BaseClass - Trying to find Element By {by.toString()})
2024-04-17 19:13:11,207 [main] INFO  base.BaseClass - Found Element By {by.toString()}
2024-04-17 19:13:11,755 [main] INFO  base.BaseClass - Trying to find Element By {by.toString()})
2024-04-17 19:13:11,785 [main] INFO  base.BaseClass - Found Element By {by.toString()}
2024-04-17 19:13:12,333 [main] INFO  base.BaseClass - Trying to find Element By {by.toString()})
2024-04-17 19:13:12,365 [main] INFO  base.BaseClass - Found Element By {by.toString()}
2024-04-17 19:13:12,894 [main] INFO  base.BaseClass - Trying to find Element By {by.toString()})
2024-04-17 19:13:12,925 [main] INFO  base.BaseClass - Found Element By {by.toString()}
2024-04-17 19:13:13,475 [main] INFO  base.BaseClass - Trying to find Element By {by.toString()})
2024-04-17 19:13:13,506 [main] INFO  base.BaseClass - Found Element By {by.toString()}
2024-04-17 19:13:14,057 [main] INFO  base.BaseClass - Trying to find Element By {by.toString()})
2024-04-17 19:13:14,083 [main] INFO  base.BaseClass - Found Element By {by.toString()}
2024-04-17 19:13:14,620 [main] INFO  base.BaseClass - Trying to find Element By {by.toString()})
2024-04-17 19:13:14,648 [main] INFO  base.BaseClass - Found Element By {by.toString()}
2024-04-17 19:13:15,185 [main] INFO  base.BaseClass - Trying to find Element By {by.toString()})
2024-04-17 19:13:15,215 [main] INFO  base.BaseClass - Found Element By {by.toString()}
2024-04-17 19:13:15,766 [main] INFO  base.BaseClass - Trying to find Element By {by.toString()})
2024-04-17 19:13:15,796 [main] INFO  base.BaseClass - Found Element By {by.toString()}
2024-04-17 19:13:16,341 [main] INFO  base.BaseClass - Trying to find Element By {by.toString()})
2024-04-17 19:13:16,371 [main] INFO  base.BaseClass - Found Element By {by.toString()}
2024-04-17 19:13:16,918 [main] INFO  base.BaseClass - Trying to find Element By {by.toString()})
2024-04-17 19:13:16,947 [main] INFO  base.BaseClass - Found Element By {by.toString()}
2024-04-17 19:13:17,500 [main] INFO  base.BaseClass - Trying to find Element By {by.toString()})
2024-04-17 19:13:17,530 [main] INFO  base.BaseClass - Found Element By {by.toString()}
2024-04-17 19:13:18,065 [main] INFO  base.BaseClass - Trying to find Element By {by.toString()})
2024-04-17 19:13:18,095 [main] INFO  base.BaseClass - Found Element By {by.toString()}
2024-04-17 19:13:18,642 [main] INFO  base.BaseClass - Trying to find Element By {by.toString()})
2024-04-17 19:13:18,670 [main] INFO  base.BaseClass - Found Element By {by.toString()}
2024-04-17 19:13:19,222 [main] INFO  base.BaseClass - Trying to find Element By {by.toString()})
2024-04-17 19:13:19,252 [main] INFO  base.BaseClass - Found Element By {by.toString()}
2024-04-17 19:13:19,803 [main] INFO  base.BaseClass - Trying to find Element By {by.toString()})
2024-04-17 19:13:19,832 [main] INFO  base.BaseClass - Found Element By {by.toString()}
2024-04-17 19:13:20,368 [main] INFO  base.BaseClass - Trying to find Element By {by.toString()})
2024-04-17 19:13:20,398 [main] INFO  base.BaseClass - Found Element By {by.toString()}
2024-04-17 19:13:20,949 [main] INFO  base.BaseClass - Trying to find Element By {by.toString()})
2024-04-17 19:13:20,969 [main] INFO  base.BaseClass - Found Element By {by.toString()}
2024-04-17 19:13:21,511 [main] INFO  base.BaseClass - Trying to find Element By {by.toString()})
2024-04-17 19:13:21,540 [main] INFO  base.BaseClass - Found Element By {by.toString()}
2024-04-17 19:13:22,089 [main] INFO  base.BaseClass - Trying to find Element By {by.toString()})
2024-04-17 19:13:22,118 [main] INFO  base.BaseClass - Found Element By {by.toString()}
2024-04-17 19:13:22,668 [main] INFO  base.BaseClass - Trying to find Element By {by.toString()})
2024-04-17 19:13:22,698 [main] INFO  base.BaseClass - Found Element By {by.toString()}
2024-04-17 19:13:23,247 [main] INFO  base.BaseClass - Trying to find Element By {by.toString()})
2024-04-17 19:13:23,277 [main] INFO  base.BaseClass - Found Element By {by.toString()}
2024-04-17 19:13:23,809 [main] INFO  base.BaseClass - Trying to find Element By {by.toString()})
2024-04-17 19:13:23,838 [main] INFO  base.BaseClass - Found Element By {by.toString()}
2024-04-17 19:13:24,390 [main] INFO  base.BaseClass - Trying to find Element By {by.toString()})
2024-04-17 19:13:24,413 [main] INFO  base.BaseClass - Found Element By {by.toString()}
2024-04-17 19:13:24,953 [main] INFO  base.BaseClass - Trying to find Element By {by.toString()})
2024-04-17 19:13:24,980 [main] INFO  base.BaseClass - Found Element By {by.toString()}
2024-04-17 19:13:25,530 [main] INFO  base.BaseClass - Trying to find Element By {by.toString()})
2024-04-17 19:13:25,559 [main] INFO  base.BaseClass - Found Element By {by.toString()}
2024-04-17 19:13:26,095 [main] INFO  base.BaseClass - Trying to find Element By {by.toString()})
2024-04-17 19:13:26,124 [main] INFO  base.BaseClass - Found Element By {by.toString()}
2024-04-17 19:13:26,674 [main] INFO  base.BaseClass - Trying to find Element By {by.toString()})
2024-04-17 19:13:26,703 [main] INFO  base.BaseClass - Found Element By {by.toString()}
2024-04-17 19:13:27,240 [main] INFO  base.BaseClass - Trying to find Element By {by.toString()})
2024-04-17 19:13:27,270 [main] INFO  base.BaseClass - Found Element By {by.toString()}
2024-04-17 19:13:27,819 [main] INFO  base.BaseClass - Trying to find Element By {by.toString()})
2024-04-17 19:13:27,849 [main] INFO  base.BaseClass - Found Element By {by.toString()}
2024-04-17 19:13:28,395 [main] INFO  base.BaseClass - Trying to find Element By {by.toString()})
2024-04-17 19:13:28,424 [main] INFO  base.BaseClass - Found Element By {by.toString()}
2024-04-17 19:13:28,955 [main] INFO  base.BaseClass - Trying to find Element By {by.toString()})
2024-04-17 19:13:28,971 [main] INFO  base.BaseClass - Found Element By {by.toString()}
2024-04-17 19:13:29,488 [main] INFO  base.BaseClass - Trying to find Element By {by.toString()})
2024-04-17 19:13:29,517 [main] INFO  base.BaseClass - Found Element By {by.toString()}
2024-04-17 19:13:30,068 [main] INFO  base.BaseClass - Trying to find Element By {by.toString()})
2024-04-17 19:13:30,097 [main] INFO  base.BaseClass - Found Element By {by.toString()}
2024-04-17 19:13:30,644 [main] INFO  base.BaseClass - Trying to find Element By {by.toString()})
2024-04-17 19:13:30,673 [main] INFO  base.BaseClass - Found Element By {by.toString()}
TimeoutException occurred: Expected condition failed: waiting for helper.WaitUtility$5@7dfe4df7 (tried for 30 second(s) with 500 milliseconds interval)
Build info: version: '3.141.59', revision: 'e82be7d358', time: '2018-11-14T08:17:03'
System info: host: 'DPLAP166', ip: '137.237.2.236', os.name: 'Windows 10', os.arch: 'amd64', os.version: '10.0', java.version: '19.0.1'
Driver info: org.openqa.selenium.support.events.EventFiringWebDriver
Capabilities {acceptInsecureCerts: true, browserName: chrome, browserVersion: 123.0.6312.123, chrome: {chromedriverVersion: 123.0.6312.122 (31f8248cdd9..., userDataDir: C:\Users\dP-PL\AppData\Loca...}, fedcm:accounts: true, goog:chromeOptions: {debuggerAddress: localhost:51256}, javascriptEnabled: true, networkConnectionEnabled: false, pageLoadStrategy: normal, platform: WINDOWS, platformName: WINDOWS, proxy: Proxy(), setWindowRect: true, strictFileInteractability: false, timeouts: {implicit: 0, pageLoad: 300000, script: 30000}, unhandledPromptBehavior: dismiss and notify, webauthn:extension:credBlob: true, webauthn:extension:largeBlob: true, webauthn:extension:minPinLength: true, webauthn:extension:prf: true, webauthn:virtualAuthenticators: true}
Session ID: a59c4df4811f82049fe754efe723d3c1
2024-04-17 19:13:30,714 [main] ERROR RotationCopy_test - Element did not become visible within the specified time: Expected condition failed: waiting for helper.WaitUtility$5@7dfe4df7 (tried for 30 second(s) with 500 milliseconds interval)
Build info: version: '3.141.59', revision: 'e82be7d358', time: '2018-11-14T08:17:03'
System info: host: 'DPLAP166', ip: '137.237.2.236', os.name: 'Windows 10', os.arch: 'amd64', os.version: '10.0', java.version: '19.0.1'
Driver info: org.openqa.selenium.support.events.EventFiringWebDriver
Capabilities {acceptInsecureCerts: true, browserName: chrome, browserVersion: 123.0.6312.123, chrome: {chromedriverVersion: 123.0.6312.122 (31f8248cdd9..., userDataDir: C:\Users\dP-PL\AppData\Loca...}, fedcm:accounts: true, goog:chromeOptions: {debuggerAddress: localhost:51256}, javascriptEnabled: true, networkConnectionEnabled: false, pageLoadStrategy: normal, platform: WINDOWS, platformName: WINDOWS, proxy: Proxy(), setWindowRect: true, strictFileInteractability: false, timeouts: {implicit: 0, pageLoad: 300000, script: 30000}, unhandledPromptBehavior: dismiss and notify, webauthn:extension:credBlob: true, webauthn:extension:largeBlob: true, webauthn:extension:minPinLength: true, webauthn:extension:prf: true, webauthn:virtualAuthenticators: true}
Session ID: a59c4df4811f82049fe754efe723d3c1
2024-04-17 19:13:30,714 [main] INFO  base.BaseClass - Trying to find Element By {by.toString()})
2024-04-17 19:13:30,728 [main] INFO  base.BaseClass - Found Element By {by.toString()}
2024-04-17 19:13:30,728 [main] INFO  base.BaseClass - Trying to click on: {element.toString()}
2024-04-17 19:13:30,836 [main] INFO  base.BaseClass - Clicked on: {element.toString()}
2024-04-17 19:13:30,836 [main] INFO  base.BaseClass - Trying to find Element By {by.toString()})
2024-04-17 19:13:31,712 [main] INFO  base.BaseClass - Found Element By {by.toString()}
2024-04-17 19:13:32,264 [main] INFO  base.BaseClass - Trying to find Element By {by.toString()})
2024-04-17 19:13:32,294 [main] INFO  base.BaseClass - Found Element By {by.toString()}
2024-04-17 19:13:32,843 [main] INFO  base.BaseClass - Trying to find Element By {by.toString()})
2024-04-17 19:13:32,855 [main] INFO  base.BaseClass - Found Element By {by.toString()}
2024-04-17 19:13:33,375 [main] INFO  base.BaseClass - Trying to find Element By {by.toString()})
2024-04-17 19:13:33,407 [main] INFO  base.BaseClass - Found Element By {by.toString()}
2024-04-17 19:13:33,953 [main] INFO  base.BaseClass - Trying to find Element By {by.toString()})
2024-04-17 19:13:33,980 [main] INFO  base.BaseClass - Found Element By {by.toString()}
2024-04-17 19:13:34,515 [main] INFO  base.BaseClass - Trying to find Element By {by.toString()})
2024-04-17 19:13:34,546 [main] INFO  base.BaseClass - Found Element By {by.toString()}
2024-04-17 19:13:35,097 [main] INFO  base.BaseClass - Trying to find Element By {by.toString()})
2024-04-17 19:13:35,128 [main] INFO  base.BaseClass - Found Element By {by.toString()}
2024-04-17 19:13:35,675 [main] INFO  base.BaseClass - Trying to find Element By {by.toString()})
2024-04-17 19:13:35,705 [main] INFO  base.BaseClass - Found Element By {by.toString()}
2024-04-17 19:13:36,254 [main] INFO  base.BaseClass - Trying to find Element By {by.toString()})
2024-04-17 19:13:36,286 [main] INFO  base.BaseClass - Found Element By {by.toString()}
2024-04-17 19:13:36,831 [main] INFO  base.BaseClass - Trying to find Element By {by.toString()})
2024-04-17 19:13:36,863 [main] INFO  base.BaseClass - Found Element By {by.toString()}
2024-04-17 19:13:37,407 [main] INFO  base.BaseClass - Trying to find Element By {by.toString()})
2024-04-17 19:13:37,438 [main] INFO  base.BaseClass - Found Element By {by.toString()}
2024-04-17 19:13:37,986 [main] INFO  base.BaseClass - Trying to find Element By {by.toString()})
2024-04-17 19:13:38,014 [main] INFO  base.BaseClass - Found Element By {by.toString()}
2024-04-17 19:13:38,548 [main] INFO  base.BaseClass - Trying to find Element By {by.toString()})
2024-04-17 19:13:38,576 [main] INFO  base.BaseClass - Found Element By {by.toString()}
2024-04-17 19:13:39,110 [main] INFO  base.BaseClass - Trying to find Element By {by.toString()})
2024-04-17 19:13:39,138 [main] INFO  base.BaseClass - Found Element By {by.toString()}
2024-04-17 19:13:39,671 [main] INFO  base.BaseClass - Trying to find Element By {by.toString()})
2024-04-17 19:13:39,703 [main] INFO  base.BaseClass - Found Element By {by.toString()}
2024-04-17 19:13:40,249 [main] INFO  base.BaseClass - Trying to find Element By {by.toString()})
2024-04-17 19:13:40,281 [main] INFO  base.BaseClass - Found Element By {by.toString()}
2024-04-17 19:13:40,827 [main] INFO  base.BaseClass - Trying to find Element By {by.toString()})
2024-04-17 19:13:40,851 [main] INFO  base.BaseClass - Found Element By {by.toString()}
2024-04-17 19:13:41,388 [main] INFO  base.BaseClass - Trying to find Element By {by.toString()})
2024-04-17 19:13:41,418 [main] INFO  base.BaseClass - Found Element By {by.toString()}
2024-04-17 19:13:41,952 [main] INFO  base.BaseClass - Trying to find Element By {by.toString()})
2024-04-17 19:13:41,983 [main] INFO  base.BaseClass - Found Element By {by.toString()}
2024-04-17 19:13:42,533 [main] INFO  base.BaseClass - Trying to find Element By {by.toString()})
2024-04-17 19:13:42,565 [main] INFO  base.BaseClass - Found Element By {by.toString()}
2024-04-17 19:13:43,114 [main] INFO  base.BaseClass - Trying to find Element By {by.toString()})
2024-04-17 19:13:43,147 [main] INFO  base.BaseClass - Found Element By {by.toString()}
2024-04-17 19:13:43,688 [main] INFO  base.BaseClass - Trying to find Element By {by.toString()})
2024-04-17 19:13:43,708 [main] INFO  base.BaseClass - Found Element By {by.toString()}
2024-04-17 19:13:44,235 [main] INFO  base.BaseClass - Trying to find Element By {by.toString()})
2024-04-17 19:13:44,267 [main] INFO  base.BaseClass - Found Element By {by.toString()}
2024-04-17 19:13:44,813 [main] INFO  base.BaseClass - Trying to find Element By {by.toString()})
2024-04-17 19:13:44,844 [main] INFO  base.BaseClass - Found Element By {by.toString()}
2024-04-17 19:13:45,390 [main] INFO  base.BaseClass - Trying to find Element By {by.toString()})
2024-04-17 19:13:45,421 [main] INFO  base.BaseClass - Found Element By {by.toString()}
2024-04-17 19:13:45,963 [main] INFO  base.BaseClass - Trying to find Element By {by.toString()})
2024-04-17 19:13:45,996 [main] INFO  base.BaseClass - Found Element By {by.toString()}
2024-04-17 19:13:46,543 [main] INFO  base.BaseClass - Trying to find Element By {by.toString()})
2024-04-17 19:13:46,574 [main] INFO  base.BaseClass - Found Element By {by.toString()}
2024-04-17 19:13:47,110 [main] INFO  base.BaseClass - Trying to find Element By {by.toString()})
2024-04-17 19:13:47,130 [main] INFO  base.BaseClass - Found Element By {by.toString()}
2024-04-17 19:13:47,674 [main] INFO  base.BaseClass - Trying to find Element By {by.toString()})
2024-04-17 19:13:47,701 [main] INFO  base.BaseClass - Found Element By {by.toString()}
2024-04-17 19:13:48,236 [main] INFO  base.BaseClass - Trying to find Element By {by.toString()})
2024-04-17 19:13:48,268 [main] INFO  base.BaseClass - Found Element By {by.toString()}
2024-04-17 19:13:48,815 [main] INFO  base.BaseClass - Trying to find Element By {by.toString()})
2024-04-17 19:13:48,846 [main] INFO  base.BaseClass - Found Element By {by.toString()}
2024-04-17 19:13:49,394 [main] INFO  base.BaseClass - Trying to find Element By {by.toString()})
2024-04-17 19:13:49,426 [main] INFO  base.BaseClass - Found Element By {by.toString()}
2024-04-17 19:13:49,972 [main] INFO  base.BaseClass - Trying to find Element By {by.toString()})
2024-04-17 19:13:50,002 [main] INFO  base.BaseClass - Found Element By {by.toString()}
2024-04-17 19:13:50,548 [main] INFO  base.BaseClass - Trying to find Element By {by.toString()})
2024-04-17 19:13:50,578 [main] INFO  base.BaseClass - Found Element By {by.toString()}
2024-04-17 19:13:51,113 [main] INFO  base.BaseClass - Trying to find Element By {by.toString()})
2024-04-17 19:13:51,144 [main] INFO  base.BaseClass - Found Element By {by.toString()}
2024-04-17 19:13:51,694 [main] INFO  base.BaseClass - Trying to find Element By {by.toString()})
2024-04-17 19:13:51,725 [main] INFO  base.BaseClass - Found Element By {by.toString()}
2024-04-17 19:13:52,258 [main] INFO  base.BaseClass - Trying to find Element By {by.toString()})
2024-04-17 19:13:52,271 [main] INFO  base.BaseClass - Found Element By {by.toString()}
2024-04-17 19:13:52,793 [main] INFO  base.BaseClass - Trying to find Element By {by.toString()})
2024-04-17 19:13:52,824 [main] INFO  base.BaseClass - Found Element By {by.toString()}
2024-04-17 19:13:53,372 [main] INFO  base.BaseClass - Trying to find Element By {by.toString()})
2024-04-17 19:13:53,405 [main] INFO  base.BaseClass - Found Element By {by.toString()}
2024-04-17 19:13:53,948 [main] INFO  base.BaseClass - Trying to find Element By {by.toString()})
2024-04-17 19:13:53,980 [main] INFO  base.BaseClass - Found Element By {by.toString()}
2024-04-17 19:13:54,514 [main] INFO  base.BaseClass - Trying to find Element By {by.toString()})
2024-04-17 19:13:54,542 [main] INFO  base.BaseClass - Found Element By {by.toString()}
2024-04-17 19:13:55,091 [main] INFO  base.BaseClass - Trying to find Element By {by.toString()})
2024-04-17 19:13:55,117 [main] INFO  base.BaseClass - Found Element By {by.toString()}
2024-04-17 19:13:55,640 [main] INFO  base.BaseClass - Trying to find Element By {by.toString()})
2024-04-17 19:13:55,668 [main] INFO  base.BaseClass - Found Element By {by.toString()}
2024-04-17 19:13:56,215 [main] INFO  base.BaseClass - Trying to find Element By {by.toString()})
2024-04-17 19:13:56,246 [main] INFO  base.BaseClass - Found Element By {by.toString()}
2024-04-17 19:13:56,793 [main] INFO  base.BaseClass - Trying to find Element By {by.toString()})
2024-04-17 19:13:56,823 [main] INFO  base.BaseClass - Found Element By {by.toString()}
2024-04-17 19:13:57,371 [main] INFO  base.BaseClass - Trying to find Element By {by.toString()})
2024-04-17 19:13:57,402 [main] INFO  base.BaseClass - Found Element By {by.toString()}
2024-04-17 19:13:57,949 [main] INFO  base.BaseClass - Trying to find Element By {by.toString()})
2024-04-17 19:13:57,981 [main] INFO  base.BaseClass - Found Element By {by.toString()}
2024-04-17 19:13:58,515 [main] INFO  base.BaseClass - Trying to find Element By {by.toString()})
2024-04-17 19:13:58,548 [main] INFO  base.BaseClass - Found Element By {by.toString()}
2024-04-17 19:13:59,096 [main] INFO  base.BaseClass - Trying to find Element By {by.toString()})
2024-04-17 19:13:59,440 [main] INFO  base.BaseClass - Found Element By {by.toString()}
2024-04-17 19:13:59,973 [main] INFO  base.BaseClass - Trying to find Element By {by.toString()})
2024-04-17 19:14:00,002 [main] INFO  base.BaseClass - Found Element By {by.toString()}
2024-04-17 19:14:00,536 [main] INFO  base.BaseClass - Trying to find Element By {by.toString()})
2024-04-17 19:14:00,566 [main] INFO  base.BaseClass - Found Element By {by.toString()}
2024-04-17 19:14:01,115 [main] INFO  base.BaseClass - Trying to find Element By {by.toString()})
2024-04-17 19:14:01,147 [main] INFO  base.BaseClass - Found Element By {by.toString()}
TimeoutException occurred: Expected condition failed: waiting for helper.WaitUtility$5@6d182f47 (tried for 30 second(s) with 500 milliseconds interval)
Build info: version: '3.141.59', revision: 'e82be7d358', time: '2018-11-14T08:17:03'
System info: host: 'DPLAP166', ip: '137.237.2.236', os.name: 'Windows 10', os.arch: 'amd64', os.version: '10.0', java.version: '19.0.1'
Driver info: org.openqa.selenium.support.events.EventFiringWebDriver
Capabilities {acceptInsecureCerts: true, browserName: chrome, browserVersion: 123.0.6312.123, chrome: {chromedriverVersion: 123.0.6312.122 (31f8248cdd9..., userDataDir: C:\Users\dP-PL\AppData\Loca...}, fedcm:accounts: true, goog:chromeOptions: {debuggerAddress: localhost:51256}, javascriptEnabled: true, networkConnectionEnabled: false, pageLoadStrategy: normal, platform: WINDOWS, platformName: WINDOWS, proxy: Proxy(), setWindowRect: true, strictFileInteractability: false, timeouts: {implicit: 0, pageLoad: 300000, script: 30000}, unhandledPromptBehavior: dismiss and notify, webauthn:extension:credBlob: true, webauthn:extension:largeBlob: true, webauthn:extension:minPinLength: true, webauthn:extension:prf: true, webauthn:virtualAuthenticators: true}
Session ID: a59c4df4811f82049fe754efe723d3c1
2024-04-17 19:14:01,180 [main] ERROR RotationCopy_test - Element did not become visible within the specified time: Expected condition failed: waiting for helper.WaitUtility$5@6d182f47 (tried for 30 second(s) with 500 milliseconds interval)
Build info: version: '3.141.59', revision: 'e82be7d358', time: '2018-11-14T08:17:03'
System info: host: 'DPLAP166', ip: '137.237.2.236', os.name: 'Windows 10', os.arch: 'amd64', os.version: '10.0', java.version: '19.0.1'
Driver info: org.openqa.selenium.support.events.EventFiringWebDriver
Capabilities {acceptInsecureCerts: true, browserName: chrome, browserVersion: 123.0.6312.123, chrome: {chromedriverVersion: 123.0.6312.122 (31f8248cdd9..., userDataDir: C:\Users\dP-PL\AppData\Loca...}, fedcm:accounts: true, goog:chromeOptions: {debuggerAddress: localhost:51256}, javascriptEnabled: true, networkConnectionEnabled: false, pageLoadStrategy: normal, platform: WINDOWS, platformName: WINDOWS, proxy: Proxy(), setWindowRect: true, strictFileInteractability: false, timeouts: {implicit: 0, pageLoad: 300000, script: 30000}, unhandledPromptBehavior: dismiss and notify, webauthn:extension:credBlob: true, webauthn:extension:largeBlob: true, webauthn:extension:minPinLength: true, webauthn:extension:prf: true, webauthn:virtualAuthenticators: true}
Session ID: a59c4df4811f82049fe754efe723d3c1
2024-04-17 19:14:01,180 [main] INFO  base.BaseClass - Trying to find Element By {by.toString()})
2024-04-17 19:14:01,193 [main] INFO  base.BaseClass - Found Element By {by.toString()}
2024-04-17 19:14:01,193 [main] INFO  base.BaseClass - Trying to click on: {element.toString()}
2024-04-17 19:14:01,262 [main] INFO  base.BaseClass - Clicked on: {element.toString()}
2024-04-17 19:14:01,262 [main] INFO  base.BaseClass - Trying to find Element By {by.toString()})
2024-04-17 19:14:01,277 [main] INFO  base.BaseClass - Found Element By {by.toString()}
2024-04-17 19:14:01,802 [main] INFO  base.BaseClass - Trying to find Element By {by.toString()})
2024-04-17 19:14:02,109 [main] INFO  base.BaseClass - Found Element By {by.toString()}
2024-04-17 19:14:02,664 [main] INFO  base.BaseClass - Trying to find Element By {by.toString()})
2024-04-17 19:14:02,696 [main] INFO  base.BaseClass - Found Element By {by.toString()}
2024-04-17 19:14:03,229 [main] INFO  base.BaseClass - Trying to find Element By {by.toString()})
2024-04-17 19:14:03,248 [main] INFO  base.BaseClass - Found Element By {by.toString()}
2024-04-17 19:14:03,793 [main] INFO  base.BaseClass - Trying to find Element By {by.toString()})
2024-04-17 19:14:03,825 [main] INFO  base.BaseClass - Found Element By {by.toString()}
2024-04-17 19:14:04,360 [main] INFO  base.BaseClass - Trying to find Element By {by.toString()})
2024-04-17 19:14:04,393 [main] INFO  base.BaseClass - Found Element By {by.toString()}
2024-04-17 19:14:04,940 [main] INFO  base.BaseClass - Trying to find Element By {by.toString()})
2024-04-17 19:14:04,971 [main] INFO  base.BaseClass - Found Element By {by.toString()}
2024-04-17 19:14:05,520 [main] INFO  base.BaseClass - Trying to find Element By {by.toString()})
2024-04-17 19:14:05,552 [main] INFO  base.BaseClass - Found Element By {by.toString()}
2024-04-17 19:14:06,103 [main] INFO  base.BaseClass - Trying to find Element By {by.toString()})
2024-04-17 19:14:06,136 [main] INFO  base.BaseClass - Found Element By {by.toString()}
2024-04-17 19:14:06,681 [main] INFO  base.BaseClass - Trying to find Element By {by.toString()})
2024-04-17 19:14:06,713 [main] INFO  base.BaseClass - Found Element By {by.toString()}
2024-04-17 19:14:07,263 [main] INFO  base.BaseClass - Trying to find Element By {by.toString()})
2024-04-17 19:14:07,295 [main] INFO  base.BaseClass - Found Element By {by.toString()}
2024-04-17 19:14:07,840 [main] INFO  base.BaseClass - Trying to find Element By {by.toString()})
2024-04-17 19:14:07,871 [main] INFO  base.BaseClass - Found Element By {by.toString()}
2024-04-17 19:14:08,419 [main] INFO  base.BaseClass - Trying to find Element By {by.toString()})
2024-04-17 19:14:08,441 [main] INFO  base.BaseClass - Found Element By {by.toString()}
2024-04-17 19:14:08,985 [main] INFO  base.BaseClass - Trying to find Element By {by.toString()})
2024-04-17 19:14:09,016 [main] INFO  base.BaseClass - Found Element By {by.toString()}
2024-04-17 19:14:09,566 [main] INFO  base.BaseClass - Trying to find Element By {by.toString()})
2024-04-17 19:14:09,597 [main] INFO  base.BaseClass - Found Element By {by.toString()}
2024-04-17 19:14:10,146 [main] INFO  base.BaseClass - Trying to find Element By {by.toString()})
2024-04-17 19:14:10,167 [main] INFO  base.BaseClass - Found Element By {by.toString()}
2024-04-17 19:14:10,693 [main] INFO  base.BaseClass - Trying to find Element By {by.toString()})
2024-04-17 19:14:10,724 [main] INFO  base.BaseClass - Found Element By {by.toString()}
2024-04-17 19:14:11,260 [main] INFO  base.BaseClass - Trying to find Element By {by.toString()})
2024-04-17 19:14:11,328 [main] INFO  base.BaseClass - Found Element By {by.toString()}
2024-04-17 19:14:11,872 [main] INFO  base.BaseClass - Trying to find Element By {by.toString()})
2024-04-17 19:14:11,903 [main] INFO  base.BaseClass - Found Element By {by.toString()}
2024-04-17 19:14:12,447 [main] INFO  base.BaseClass - Trying to find Element By {by.toString()})
2024-04-17 19:14:12,479 [main] INFO  base.BaseClass - Found Element By {by.toString()}
2024-04-17 19:14:13,012 [main] INFO  base.BaseClass - Trying to find Element By {by.toString()})
2024-04-17 19:14:13,044 [main] INFO  base.BaseClass - Found Element By {by.toString()}
2024-04-17 19:14:13,580 [main] INFO  base.BaseClass - Trying to find Element By {by.toString()})
2024-04-17 19:14:13,611 [main] INFO  base.BaseClass - Found Element By {by.toString()}
2024-04-17 19:14:14,157 [main] INFO  base.BaseClass - Trying to find Element By {by.toString()})
2024-04-17 19:14:14,186 [main] INFO  base.BaseClass - Found Element By {by.toString()}
2024-04-17 19:14:14,734 [main] INFO  base.BaseClass - Trying to find Element By {by.toString()})
2024-04-17 19:14:14,767 [main] INFO  base.BaseClass - Found Element By {by.toString()}
2024-04-17 19:14:15,311 [main] INFO  base.BaseClass - Trying to find Element By {by.toString()})
2024-04-17 19:14:15,343 [main] INFO  base.BaseClass - Found Element By {by.toString()}
2024-04-17 19:14:15,890 [main] INFO  base.BaseClass - Trying to find Element By {by.toString()})
2024-04-17 19:14:15,921 [main] INFO  base.BaseClass - Found Element By {by.toString()}
2024-04-17 19:14:16,468 [main] INFO  base.BaseClass - Trying to find Element By {by.toString()})
2024-04-17 19:14:16,500 [main] INFO  base.BaseClass - Found Element By {by.toString()}
2024-04-17 19:14:17,030 [main] INFO  base.BaseClass - Trying to find Element By {by.toString()})
2024-04-17 19:14:17,063 [main] INFO  base.BaseClass - Found Element By {by.toString()}
2024-04-17 19:14:17,598 [main] INFO  base.BaseClass - Trying to find Element By {by.toString()})
2024-04-17 19:14:17,609 [main] INFO  base.BaseClass - Found Element By {by.toString()}
2024-04-17 19:14:18,127 [main] INFO  base.BaseClass - Trying to find Element By {by.toString()})
2024-04-17 19:14:18,157 [main] INFO  base.BaseClass - Found Element By {by.toString()}
2024-04-17 19:14:18,705 [main] INFO  base.BaseClass - Trying to find Element By {by.toString()})
2024-04-17 19:14:18,736 [main] INFO  base.BaseClass - Found Element By {by.toString()}
2024-04-17 19:14:19,285 [main] INFO  base.BaseClass - Trying to find Element By {by.toString()})
2024-04-17 19:14:19,317 [main] INFO  base.BaseClass - Found Element By {by.toString()}
2024-04-17 19:14:19,863 [main] INFO  base.BaseClass - Trying to find Element By {by.toString()})
2024-04-17 19:14:19,896 [main] INFO  base.BaseClass - Found Element By {by.toString()}
2024-04-17 19:14:20,451 [main] INFO  base.BaseClass - Trying to find Element By {by.toString()})
2024-04-17 19:14:20,467 [main] INFO  base.BaseClass - Found Element By {by.toString()}
2024-04-17 19:14:20,998 [main] INFO  base.BaseClass - Trying to find Element By {by.toString()})
2024-04-17 19:14:21,030 [main] INFO  base.BaseClass - Found Element By {by.toString()}
2024-04-17 19:14:21,576 [main] INFO  base.BaseClass - Trying to find Element By {by.toString()})
2024-04-17 19:14:21,594 [main] INFO  base.BaseClass - Found Element By {by.toString()}
2024-04-17 19:14:22,126 [main] INFO  base.BaseClass - Trying to find Element By {by.toString()})
2024-04-17 19:14:22,155 [main] INFO  base.BaseClass - Found Element By {by.toString()}
2024-04-17 19:14:22,687 [main] INFO  base.BaseClass - Trying to find Element By {by.toString()})
2024-04-17 19:14:22,718 [main] INFO  base.BaseClass - Found Element By {by.toString()}
2024-04-17 19:14:23,265 [main] INFO  base.BaseClass - Trying to find Element By {by.toString()})
2024-04-17 19:14:23,297 [main] INFO  base.BaseClass - Found Element By {by.toString()}
2024-04-17 19:14:23,826 [main] INFO  base.BaseClass - Trying to find Element By {by.toString()})
2024-04-17 19:14:23,840 [main] INFO  base.BaseClass - Found Element By {by.toString()}
2024-04-17 19:14:24,357 [main] INFO  base.BaseClass - Trying to find Element By {by.toString()})
2024-04-17 19:14:24,388 [main] INFO  base.BaseClass - Found Element By {by.toString()}
2024-04-17 19:14:24,936 [main] INFO  base.BaseClass - Trying to find Element By {by.toString()})
2024-04-17 19:14:24,965 [main] INFO  base.BaseClass - Found Element By {by.toString()}
2024-04-17 19:14:25,511 [main] INFO  base.BaseClass - Trying to find Element By {by.toString()})
2024-04-17 19:14:25,542 [main] INFO  base.BaseClass - Found Element By {by.toString()}
2024-04-17 19:14:26,089 [main] INFO  base.BaseClass - Trying to find Element By {by.toString()})
2024-04-17 19:14:26,125 [main] INFO  base.BaseClass - Found Element By {by.toString()}
2024-04-17 19:14:26,664 [main] INFO  base.BaseClass - Trying to find Element By {by.toString()})
2024-04-17 19:14:26,696 [main] INFO  base.BaseClass - Found Element By {by.toString()}
2024-04-17 19:14:27,244 [main] INFO  base.BaseClass - Trying to find Element By {by.toString()})
2024-04-17 19:14:27,289 [main] INFO  base.BaseClass - Found Element By {by.toString()}
2024-04-17 19:14:27,821 [main] INFO  base.BaseClass - Trying to find Element By {by.toString()})
2024-04-17 19:14:27,852 [main] INFO  base.BaseClass - Found Element By {by.toString()}
2024-04-17 19:14:28,400 [main] INFO  base.BaseClass - Trying to find Element By {by.toString()})
2024-04-17 19:14:28,431 [main] INFO  base.BaseClass - Found Element By {by.toString()}
2024-04-17 19:14:28,978 [main] INFO  base.BaseClass - Trying to find Element By {by.toString()})
2024-04-17 19:14:29,062 [main] INFO  base.BaseClass - Found Element By {by.toString()}
2024-04-17 19:14:29,591 [main] INFO  base.BaseClass - Trying to find Element By {by.toString()})
2024-04-17 19:14:29,612 [main] INFO  base.BaseClass - Found Element By {by.toString()}
2024-04-17 19:14:30,140 [main] INFO  base.BaseClass - Trying to find Element By {by.toString()})
2024-04-17 19:14:30,170 [main] INFO  base.BaseClass - Found Element By {by.toString()}
2024-04-17 19:14:30,717 [main] INFO  base.BaseClass - Trying to find Element By {by.toString()})
2024-04-17 19:14:30,748 [main] INFO  base.BaseClass - Found Element By {by.toString()}
2024-04-17 19:14:31,297 [main] INFO  base.BaseClass - Trying to find Element By {by.toString()})
2024-04-17 19:14:31,327 [main] INFO  base.BaseClass - Found Element By {by.toString()}
TimeoutException occurred: Expected condition failed: waiting for helper.WaitUtility$5@adf142b (tried for 30 second(s) with 500 milliseconds interval)
Build info: version: '3.141.59', revision: 'e82be7d358', time: '2018-11-14T08:17:03'
System info: host: 'DPLAP166', ip: '137.237.2.236', os.name: 'Windows 10', os.arch: 'amd64', os.version: '10.0', java.version: '19.0.1'
Driver info: org.openqa.selenium.support.events.EventFiringWebDriver
Capabilities {acceptInsecureCerts: true, browserName: chrome, browserVersion: 123.0.6312.123, chrome: {chromedriverVersion: 123.0.6312.122 (31f8248cdd9..., userDataDir: C:\Users\dP-PL\AppData\Loca...}, fedcm:accounts: true, goog:chromeOptions: {debuggerAddress: localhost:51256}, javascriptEnabled: true, networkConnectionEnabled: false, pageLoadStrategy: normal, platform: WINDOWS, platformName: WINDOWS, proxy: Proxy(), setWindowRect: true, strictFileInteractability: false, timeouts: {implicit: 0, pageLoad: 300000, script: 30000}, unhandledPromptBehavior: dismiss and notify, webauthn:extension:credBlob: true, webauthn:extension:largeBlob: true, webauthn:extension:minPinLength: true, webauthn:extension:prf: true, webauthn:virtualAuthenticators: true}
Session ID: a59c4df4811f82049fe754efe723d3c1
2024-04-17 19:14:31,364 [main] ERROR RotationCopy_test - Element did not become visible within the specified time: Expected condition failed: waiting for helper.WaitUtility$5@adf142b (tried for 30 second(s) with 500 milliseconds interval)
Build info: version: '3.141.59', revision: 'e82be7d358', time: '2018-11-14T08:17:03'
System info: host: 'DPLAP166', ip: '137.237.2.236', os.name: 'Windows 10', os.arch: 'amd64', os.version: '10.0', java.version: '19.0.1'
Driver info: org.openqa.selenium.support.events.EventFiringWebDriver
Capabilities {acceptInsecureCerts: true, browserName: chrome, browserVersion: 123.0.6312.123, chrome: {chromedriverVersion: 123.0.6312.122 (31f8248cdd9..., userDataDir: C:\Users\dP-PL\AppData\Loca...}, fedcm:accounts: true, goog:chromeOptions: {debuggerAddress: localhost:51256}, javascriptEnabled: true, networkConnectionEnabled: false, pageLoadStrategy: normal, platform: WINDOWS, platformName: WINDOWS, proxy: Proxy(), setWindowRect: true, strictFileInteractability: false, timeouts: {implicit: 0, pageLoad: 300000, script: 30000}, unhandledPromptBehavior: dismiss and notify, webauthn:extension:credBlob: true, webauthn:extension:largeBlob: true, webauthn:extension:minPinLength: true, webauthn:extension:prf: true, webauthn:virtualAuthenticators: true}
Session ID: a59c4df4811f82049fe754efe723d3c1
2024-04-17 19:14:31,364 [main] INFO  base.BaseClass - Trying to find Element By {by.toString()})
2024-04-17 19:14:31,376 [main] INFO  base.BaseClass - Found Element By {by.toString()}
2024-04-17 19:14:31,377 [main] INFO  base.BaseClass - Trying to click on: {element.toString()}
2024-04-17 19:14:31,483 [main] INFO  base.BaseClass - Clicked on: {element.toString()}
2024-04-17 19:14:31,489 [main] INFO  base.BaseClass - Trying to find Element By {by.toString()})
2024-04-17 19:14:31,502 [main] INFO  base.BaseClass - Found Element By {by.toString()}
2024-04-17 19:14:32,027 [main] INFO  base.BaseClass - Trying to find Element By {by.toString()})
2024-04-17 19:14:32,582 [main] INFO  base.BaseClass - Found Element By {by.toString()}
2024-04-17 19:14:33,134 [main] INFO  base.BaseClass - Trying to find Element By {by.toString()})
2024-04-17 19:14:33,166 [main] INFO  base.BaseClass - Found Element By {by.toString()}
2024-04-17 19:14:33,714 [main] INFO  base.BaseClass - Trying to find Element By {by.toString()})
2024-04-17 19:14:33,745 [main] INFO  base.BaseClass - Found Element By {by.toString()}
2024-04-17 19:14:34,291 [main] INFO  base.BaseClass - Trying to find Element By {by.toString()})
2024-04-17 19:14:34,319 [main] INFO  base.BaseClass - Found Element By {by.toString()}
2024-04-17 19:14:34,869 [main] INFO  base.BaseClass - Trying to find Element By {by.toString()})
2024-04-17 19:14:34,899 [main] INFO  base.BaseClass - Found Element By {by.toString()}
2024-04-17 19:14:35,446 [main] INFO  base.BaseClass - Trying to find Element By {by.toString()})
2024-04-17 19:14:35,475 [main] INFO  base.BaseClass - Found Element By {by.toString()}
2024-04-17 19:14:36,013 [main] INFO  base.BaseClass - Trying to find Element By {by.toString()})
2024-04-17 19:14:36,041 [main] INFO  base.BaseClass - Found Element By {by.toString()}
2024-04-17 19:14:36,587 [main] INFO  base.BaseClass - Trying to find Element By {by.toString()})
2024-04-17 19:14:36,615 [main] INFO  base.BaseClass - Found Element By {by.toString()}
2024-04-17 19:14:37,169 [main] INFO  base.BaseClass - Trying to find Element By {by.toString()})
2024-04-17 19:14:37,199 [main] INFO  base.BaseClass - Found Element By {by.toString()}
2024-04-17 19:14:37,745 [main] INFO  base.BaseClass - Trying to find Element By {by.toString()})
2024-04-17 19:14:37,772 [main] INFO  base.BaseClass - Found Element By {by.toString()}
2024-04-17 19:14:38,323 [main] INFO  base.BaseClass - Trying to find Element By {by.toString()})
2024-04-17 19:14:38,351 [main] INFO  base.BaseClass - Found Element By {by.toString()}
2024-04-17 19:14:38,900 [main] INFO  base.BaseClass - Trying to find Element By {by.toString()})
2024-04-17 19:14:38,931 [main] INFO  base.BaseClass - Found Element By {by.toString()}
2024-04-17 19:14:39,477 [main] INFO  base.BaseClass - Trying to find Element By {by.toString()})
2024-04-17 19:14:39,505 [main] INFO  base.BaseClass - Found Element By {by.toString()}
2024-04-17 19:14:40,039 [main] INFO  base.BaseClass - Trying to find Element By {by.toString()})
2024-04-17 19:14:40,067 [main] INFO  base.BaseClass - Found Element By {by.toString()}
2024-04-17 19:14:40,601 [main] INFO  base.BaseClass - Trying to find Element By {by.toString()})
2024-04-17 19:14:40,630 [main] INFO  base.BaseClass - Found Element By {by.toString()}
2024-04-17 19:14:41,179 [main] INFO  base.BaseClass - Trying to find Element By {by.toString()})
2024-04-17 19:14:41,208 [main] INFO  base.BaseClass - Found Element By {by.toString()}
2024-04-17 19:14:41,755 [main] INFO  base.BaseClass - Trying to find Element By {by.toString()})
2024-04-17 19:14:41,784 [main] INFO  base.BaseClass - Found Element By {by.toString()}
2024-04-17 19:14:42,336 [main] INFO  base.BaseClass - Trying to find Element By {by.toString()})
2024-04-17 19:14:42,364 [main] INFO  base.BaseClass - Found Element By {by.toString()}
2024-04-17 19:14:42,915 [main] INFO  base.BaseClass - Trying to find Element By {by.toString()})
2024-04-17 19:14:42,945 [main] INFO  base.BaseClass - Found Element By {by.toString()}
2024-04-17 19:14:43,492 [main] INFO  base.BaseClass - Trying to find Element By {by.toString()})
2024-04-17 19:14:43,513 [main] INFO  base.BaseClass - Found Element By {by.toString()}
2024-04-17 19:14:44,038 [main] INFO  base.BaseClass - Trying to find Element By {by.toString()})
2024-04-17 19:14:44,051 [main] INFO  base.BaseClass - Found Element By {by.toString()}
2024-04-17 19:14:44,571 [main] INFO  base.BaseClass - Trying to find Element By {by.toString()})
2024-04-17 19:14:44,597 [main] INFO  base.BaseClass - Found Element By {by.toString()}
2024-04-17 19:14:45,129 [main] INFO  base.BaseClass - Trying to find Element By {by.toString()})
2024-04-17 19:14:45,158 [main] INFO  base.BaseClass - Found Element By {by.toString()}
2024-04-17 19:14:45,705 [main] INFO  base.BaseClass - Trying to find Element By {by.toString()})
2024-04-17 19:14:45,734 [main] INFO  base.BaseClass - Found Element By {by.toString()}
2024-04-17 19:14:46,285 [main] INFO  base.BaseClass - Trying to find Element By {by.toString()})
2024-04-17 19:14:46,314 [main] INFO  base.BaseClass - Found Element By {by.toString()}
2024-04-17 19:14:46,862 [main] INFO  base.BaseClass - Trying to find Element By {by.toString()})
2024-04-17 19:14:46,892 [main] INFO  base.BaseClass - Found Element By {by.toString()}
2024-04-17 19:14:47,437 [main] INFO  base.BaseClass - Trying to find Element By {by.toString()})
2024-04-17 19:14:47,464 [main] INFO  base.BaseClass - Found Element By {by.toString()}
2024-04-17 19:14:48,003 [main] INFO  base.BaseClass - Trying to find Element By {by.toString()})
2024-04-17 19:14:48,032 [main] INFO  base.BaseClass - Found Element By {by.toString()}
2024-04-17 19:14:48,584 [main] INFO  base.BaseClass - Trying to find Element By {by.toString()})
2024-04-17 19:14:48,613 [main] INFO  base.BaseClass - Found Element By {by.toString()}
2024-04-17 19:14:49,164 [main] INFO  base.BaseClass - Trying to find Element By {by.toString()})
2024-04-17 19:14:49,194 [main] INFO  base.BaseClass - Found Element By {by.toString()}
2024-04-17 19:14:49,745 [main] INFO  base.BaseClass - Trying to find Element By {by.toString()})
2024-04-17 19:14:49,773 [main] INFO  base.BaseClass - Found Element By {by.toString()}
2024-04-17 19:14:50,327 [main] INFO  base.BaseClass - Trying to find Element By {by.toString()})
2024-04-17 19:14:50,359 [main] INFO  base.BaseClass - Found Element By {by.toString()}
2024-04-17 19:14:50,905 [main] INFO  base.BaseClass - Trying to find Element By {by.toString()})
2024-04-17 19:14:50,933 [main] INFO  base.BaseClass - Found Element By {by.toString()}
2024-04-17 19:14:51,483 [main] INFO  base.BaseClass - Trying to find Element By {by.toString()})
2024-04-17 19:14:51,511 [main] INFO  base.BaseClass - Found Element By {by.toString()}
2024-04-17 19:14:52,049 [main] INFO  base.BaseClass - Trying to find Element By {by.toString()})
2024-04-17 19:14:52,079 [main] INFO  base.BaseClass - Found Element By {by.toString()}
2024-04-17 19:14:52,628 [main] INFO  base.BaseClass - Trying to find Element By {by.toString()})
2024-04-17 19:14:52,657 [main] INFO  base.BaseClass - Found Element By {by.toString()}
2024-04-17 19:14:53,195 [main] INFO  base.BaseClass - Trying to find Element By {by.toString()})
2024-04-17 19:14:53,222 [main] INFO  base.BaseClass - Found Element By {by.toString()}
2024-04-17 19:14:53,773 [main] INFO  base.BaseClass - Trying to find Element By {by.toString()})
2024-04-17 19:14:53,801 [main] INFO  base.BaseClass - Found Element By {by.toString()}
2024-04-17 19:14:54,354 [main] INFO  base.BaseClass - Trying to find Element By {by.toString()})
2024-04-17 19:14:54,383 [main] INFO  base.BaseClass - Found Element By {by.toString()}
2024-04-17 19:14:54,933 [main] INFO  base.BaseClass - Trying to find Element By {by.toString()})
2024-04-17 19:14:54,954 [main] INFO  base.BaseClass - Found Element By {by.toString()}
2024-04-17 19:14:55,484 [main] INFO  base.BaseClass - Trying to find Element By {by.toString()})
2024-04-17 19:14:55,513 [main] INFO  base.BaseClass - Found Element By {by.toString()}
2024-04-17 19:14:56,067 [main] INFO  base.BaseClass - Trying to find Element By {by.toString()})
2024-04-17 19:14:56,095 [main] INFO  base.BaseClass - Found Element By {by.toString()}
2024-04-17 19:14:56,647 [main] INFO  base.BaseClass - Trying to find Element By {by.toString()})
2024-04-17 19:14:56,663 [main] INFO  base.BaseClass - Found Element By {by.toString()}
2024-04-17 19:14:57,196 [main] INFO  base.BaseClass - Trying to find Element By {by.toString()})
2024-04-17 19:14:57,224 [main] INFO  base.BaseClass - Found Element By {by.toString()}
2024-04-17 19:14:57,757 [main] INFO  base.BaseClass - Trying to find Element By {by.toString()})
2024-04-17 19:14:57,784 [main] INFO  base.BaseClass - Found Element By {by.toString()}
2024-04-17 19:14:58,336 [main] INFO  base.BaseClass - Trying to find Element By {by.toString()})
2024-04-17 19:14:58,365 [main] INFO  base.BaseClass - Found Element By {by.toString()}
2024-04-17 19:14:58,914 [main] INFO  base.BaseClass - Trying to find Element By {by.toString()})
2024-04-17 19:14:58,932 [main] INFO  base.BaseClass - Found Element By {by.toString()}
2024-04-17 19:14:59,472 [main] INFO  base.BaseClass - Trying to find Element By {by.toString()})
2024-04-17 19:14:59,501 [main] INFO  base.BaseClass - Found Element By {by.toString()}
2024-04-17 19:15:00,052 [main] INFO  base.BaseClass - Trying to find Element By {by.toString()})
2024-04-17 19:15:00,080 [main] INFO  base.BaseClass - Found Element By {by.toString()}
2024-04-17 19:15:00,612 [main] INFO  base.BaseClass - Trying to find Element By {by.toString()})
2024-04-17 19:15:00,632 [main] INFO  base.BaseClass - Found Element By {by.toString()}
2024-04-17 19:15:01,175 [main] INFO  base.BaseClass - Trying to find Element By {by.toString()})
2024-04-17 19:15:01,205 [main] INFO  base.BaseClass - Found Element By {by.toString()}
2024-04-17 19:15:01,753 [main] INFO  base.BaseClass - Trying to find Element By {by.toString()})
2024-04-17 19:15:01,782 [main] INFO  base.BaseClass - Found Element By {by.toString()}
TimeoutException occurred: Expected condition failed: waiting for helper.WaitUtility$5@4c1ccf67 (tried for 30 second(s) with 500 milliseconds interval)
Build info: version: '3.141.59', revision: 'e82be7d358', time: '2018-11-14T08:17:03'
System info: host: 'DPLAP166', ip: '137.237.2.236', os.name: 'Windows 10', os.arch: 'amd64', os.version: '10.0', java.version: '19.0.1'
Driver info: org.openqa.selenium.support.events.EventFiringWebDriver
Capabilities {acceptInsecureCerts: true, browserName: chrome, browserVersion: 123.0.6312.123, chrome: {chromedriverVersion: 123.0.6312.122 (31f8248cdd9..., userDataDir: C:\Users\dP-PL\AppData\Loca...}, fedcm:accounts: true, goog:chromeOptions: {debuggerAddress: localhost:51256}, javascriptEnabled: true, networkConnectionEnabled: false, pageLoadStrategy: normal, platform: WINDOWS, platformName: WINDOWS, proxy: Proxy(), setWindowRect: true, strictFileInteractability: false, timeouts: {implicit: 0, pageLoad: 300000, script: 30000}, unhandledPromptBehavior: dismiss and notify, webauthn:extension:credBlob: true, webauthn:extension:largeBlob: true, webauthn:extension:minPinLength: true, webauthn:extension:prf: true, webauthn:virtualAuthenticators: true}
Session ID: a59c4df4811f82049fe754efe723d3c1
2024-04-17 19:15:01,818 [main] ERROR RotationCopy_test - Element did not become visible within the specified time: Expected condition failed: waiting for helper.WaitUtility$5@4c1ccf67 (tried for 30 second(s) with 500 milliseconds interval)
Build info: version: '3.141.59', revision: 'e82be7d358', time: '2018-11-14T08:17:03'
System info: host: 'DPLAP166', ip: '137.237.2.236', os.name: 'Windows 10', os.arch: 'amd64', os.version: '10.0', java.version: '19.0.1'
Driver info: org.openqa.selenium.support.events.EventFiringWebDriver
Capabilities {acceptInsecureCerts: true, browserName: chrome, browserVersion: 123.0.6312.123, chrome: {chromedriverVersion: 123.0.6312.122 (31f8248cdd9..., userDataDir: C:\Users\dP-PL\AppData\Loca...}, fedcm:accounts: true, goog:chromeOptions: {debuggerAddress: localhost:51256}, javascriptEnabled: true, networkConnectionEnabled: false, pageLoadStrategy: normal, platform: WINDOWS, platformName: WINDOWS, proxy: Proxy(), setWindowRect: true, strictFileInteractability: false, timeouts: {implicit: 0, pageLoad: 300000, script: 30000}, unhandledPromptBehavior: dismiss and notify, webauthn:extension:credBlob: true, webauthn:extension:largeBlob: true, webauthn:extension:minPinLength: true, webauthn:extension:prf: true, webauthn:virtualAuthenticators: true}
Session ID: a59c4df4811f82049fe754efe723d3c1
2024-04-17 19:15:01,818 [main] INFO  base.BaseClass - Trying to find Element By {by.toString()})
2024-04-17 19:15:01,832 [main] INFO  base.BaseClass - Found Element By {by.toString()}
2024-04-17 19:15:01,832 [main] INFO  base.BaseClass - Trying to click on: {element.toString()}
2024-04-17 19:15:01,897 [main] INFO  base.BaseClass - Clicked on: {element.toString()}
2024-04-17 19:15:01,903 [main] INFO  base.BaseClass - Trying to find Element By {by.toString()})
2024-04-17 19:15:01,912 [main] INFO  base.BaseClass - Found Element By {by.toString()}
2024-04-17 19:15:02,437 [main] INFO  base.BaseClass - Trying to find Element By {by.toString()})
2024-04-17 19:15:02,797 [main] INFO  base.BaseClass - Found Element By {by.toString()}
2024-04-17 19:15:03,344 [main] INFO  base.BaseClass - Trying to find Element By {by.toString()})
2024-04-17 19:15:03,379 [main] INFO  base.BaseClass - Found Element By {by.toString()}
2024-04-17 19:15:03,909 [main] INFO  base.BaseClass - Trying to find Element By {by.toString()})
2024-04-17 19:15:03,938 [main] INFO  base.BaseClass - Found Element By {by.toString()}
2024-04-17 19:15:04,490 [main] INFO  base.BaseClass - Trying to find Element By {by.toString()})
2024-04-17 19:15:04,518 [main] INFO  base.BaseClass - Found Element By {by.toString()}
2024-04-17 19:15:05,070 [main] INFO  base.BaseClass - Trying to find Element By {by.toString()})
2024-04-17 19:15:05,100 [main] INFO  base.BaseClass - Found Element By {by.toString()}
2024-04-17 19:15:05,648 [main] INFO  base.BaseClass - Trying to find Element By {by.toString()})
2024-04-17 19:15:05,666 [main] INFO  base.BaseClass - Found Element By {by.toString()}
2024-04-17 19:15:06,194 [main] INFO  base.BaseClass - Trying to find Element By {by.toString()})
2024-04-17 19:15:06,223 [main] INFO  base.BaseClass - Found Element By {by.toString()}
2024-04-17 19:15:06,771 [main] INFO  base.BaseClass - Trying to find Element By {by.toString()})
2024-04-17 19:15:06,800 [main] INFO  base.BaseClass - Found Element By {by.toString()}
2024-04-17 19:15:07,333 [main] INFO  base.BaseClass - Trying to find Element By {by.toString()})
2024-04-17 19:15:07,362 [main] INFO  base.BaseClass - Found Element By {by.toString()}
2024-04-17 19:15:07,910 [main] INFO  base.BaseClass - Trying to find Element By {by.toString()})
2024-04-17 19:15:07,930 [main] INFO  base.BaseClass - Found Element By {by.toString()}
2024-04-17 19:15:08,460 [main] INFO  base.BaseClass - Trying to find Element By {by.toString()})
2024-04-17 19:15:08,479 [main] INFO  base.BaseClass - Found Element By {by.toString()}
2024-04-17 19:15:09,023 [main] INFO  base.BaseClass - Trying to find Element By {by.toString()})
2024-04-17 19:15:09,051 [main] INFO  base.BaseClass - Found Element By {by.toString()}
2024-04-17 19:15:09,585 [main] INFO  base.BaseClass - Trying to find Element By {by.toString()})
2024-04-17 19:15:09,615 [main] INFO  base.BaseClass - Found Element By {by.toString()}
2024-04-17 19:15:10,162 [main] INFO  base.BaseClass - Trying to find Element By {by.toString()})
2024-04-17 19:15:10,188 [main] INFO  base.BaseClass - Found Element By {by.toString()}
2024-04-17 19:15:10,739 [main] INFO  base.BaseClass - Trying to find Element By {by.toString()})
2024-04-17 19:15:10,770 [main] INFO  base.BaseClass - Found Element By {by.toString()}
2024-04-17 19:15:11,314 [main] INFO  base.BaseClass - Trying to find Element By {by.toString()})
2024-04-17 19:15:11,343 [main] INFO  base.BaseClass - Found Element By {by.toString()}
2024-04-17 19:15:11,879 [main] INFO  base.BaseClass - Trying to find Element By {by.toString()})
2024-04-17 19:15:11,909 [main] INFO  base.BaseClass - Found Element By {by.toString()}
2024-04-17 19:15:12,453 [main] INFO  base.BaseClass - Trying to find Element By {by.toString()})
2024-04-17 19:15:12,480 [main] INFO  base.BaseClass - Found Element By {by.toString()}
2024-04-17 19:15:13,015 [main] INFO  base.BaseClass - Trying to find Element By {by.toString()})
2024-04-17 19:15:13,044 [main] INFO  base.BaseClass - Found Element By {by.toString()}
2024-04-17 19:15:13,597 [main] INFO  base.BaseClass - Trying to find Element By {by.toString()})
2024-04-17 19:15:13,626 [main] INFO  base.BaseClass - Found Element By {by.toString()}
2024-04-17 19:15:14,160 [main] INFO  base.BaseClass - Trying to find Element By {by.toString()})
2024-04-17 19:15:14,179 [main] INFO  base.BaseClass - Found Element By {by.toString()}
2024-04-17 19:15:14,704 [main] INFO  base.BaseClass - Trying to find Element By {by.toString()})
2024-04-17 19:15:14,729 [main] INFO  base.BaseClass - Found Element By {by.toString()}
2024-04-17 19:15:15,271 [main] INFO  base.BaseClass - Trying to find Element By {by.toString()})
2024-04-17 19:15:15,300 [main] INFO  base.BaseClass - Found Element By {by.toString()}
2024-04-17 19:15:15,850 [main] INFO  base.BaseClass - Trying to find Element By {by.toString()})
2024-04-17 19:15:15,881 [main] INFO  base.BaseClass - Found Element By {by.toString()}
2024-04-17 19:15:16,412 [main] INFO  base.BaseClass - Trying to find Element By {by.toString()})
2024-04-17 19:15:16,442 [main] INFO  base.BaseClass - Found Element By {by.toString()}
2024-04-17 19:15:16,974 [main] INFO  base.BaseClass - Trying to find Element By {by.toString()})
2024-04-17 19:15:17,003 [main] INFO  base.BaseClass - Found Element By {by.toString()}
2024-04-17 19:15:17,553 [main] INFO  base.BaseClass - Trying to find Element By {by.toString()})
2024-04-17 19:15:17,582 [main] INFO  base.BaseClass - Found Element By {by.toString()}
2024-04-17 19:15:18,131 [main] INFO  base.BaseClass - Trying to find Element By {by.toString()})
2024-04-17 19:15:18,161 [main] INFO  base.BaseClass - Found Element By {by.toString()}
2024-04-17 19:15:18,707 [main] INFO  base.BaseClass - Trying to find Element By {by.toString()})
2024-04-17 19:15:18,738 [main] INFO  base.BaseClass - Found Element By {by.toString()}
2024-04-17 19:15:19,268 [main] INFO  base.BaseClass - Trying to find Element By {by.toString()})
2024-04-17 19:15:19,296 [main] INFO  base.BaseClass - Found Element By {by.toString()}
2024-04-17 19:15:19,847 [main] INFO  base.BaseClass - Trying to find Element By {by.toString()})
2024-04-17 19:15:19,876 [main] INFO  base.BaseClass - Found Element By {by.toString()}
2024-04-17 19:15:20,414 [main] INFO  base.BaseClass - Trying to find Element By {by.toString()})
2024-04-17 19:15:20,443 [main] INFO  base.BaseClass - Found Element By {by.toString()}
2024-04-17 19:15:20,990 [main] INFO  base.BaseClass - Trying to find Element By {by.toString()})
2024-04-17 19:15:21,018 [main] INFO  base.BaseClass - Found Element By {by.toString()}
2024-04-17 19:15:21,567 [main] INFO  base.BaseClass - Trying to find Element By {by.toString()})
2024-04-17 19:15:21,596 [main] INFO  base.BaseClass - Found Element By {by.toString()}
2024-04-17 19:15:22,130 [main] INFO  base.BaseClass - Trying to find Element By {by.toString()})
2024-04-17 19:15:22,159 [main] INFO  base.BaseClass - Found Element By {by.toString()}
2024-04-17 19:15:22,694 [main] INFO  base.BaseClass - Trying to find Element By {by.toString()})
2024-04-17 19:15:22,722 [main] INFO  base.BaseClass - Found Element By {by.toString()}
2024-04-17 19:15:23,269 [main] INFO  base.BaseClass - Trying to find Element By {by.toString()})
2024-04-17 19:15:23,298 [main] INFO  base.BaseClass - Found Element By {by.toString()}
2024-04-17 19:15:23,852 [main] INFO  base.BaseClass - Trying to find Element By {by.toString()})
2024-04-17 19:15:23,882 [main] INFO  base.BaseClass - Found Element By {by.toString()}
2024-04-17 19:15:24,417 [main] INFO  base.BaseClass - Trying to find Element By {by.toString()})
2024-04-17 19:15:24,448 [main] INFO  base.BaseClass - Found Element By {by.toString()}
2024-04-17 19:15:24,996 [main] INFO  base.BaseClass - Trying to find Element By {by.toString()})
2024-04-17 19:15:25,025 [main] INFO  base.BaseClass - Found Element By {by.toString()}
2024-04-17 19:15:25,573 [main] INFO  base.BaseClass - Trying to find Element By {by.toString()})
2024-04-17 19:15:25,595 [main] INFO  base.BaseClass - Found Element By {by.toString()}
2024-04-17 19:15:26,135 [main] INFO  base.BaseClass - Trying to find Element By {by.toString()})
2024-04-17 19:15:26,164 [main] INFO  base.BaseClass - Found Element By {by.toString()}
2024-04-17 19:15:26,712 [main] INFO  base.BaseClass - Trying to find Element By {by.toString()})
2024-04-17 19:15:26,741 [main] INFO  base.BaseClass - Found Element By {by.toString()}
2024-04-17 19:15:27,287 [main] INFO  base.BaseClass - Trying to find Element By {by.toString()})
2024-04-17 19:15:27,317 [main] INFO  base.BaseClass - Found Element By {by.toString()}
2024-04-17 19:15:27,853 [main] INFO  base.BaseClass - Trying to find Element By {by.toString()})
2024-04-17 19:15:27,882 [main] INFO  base.BaseClass - Found Element By {by.toString()}
2024-04-17 19:15:28,428 [main] INFO  base.BaseClass - Trying to find Element By {by.toString()})
2024-04-17 19:15:28,458 [main] INFO  base.BaseClass - Found Element By {by.toString()}
2024-04-17 19:15:29,007 [main] INFO  base.BaseClass - Trying to find Element By {by.toString()})
2024-04-17 19:15:29,036 [main] INFO  base.BaseClass - Found Element By {by.toString()}
2024-04-17 19:15:29,586 [main] INFO  base.BaseClass - Trying to find Element By {by.toString()})
2024-04-17 19:15:29,617 [main] INFO  base.BaseClass - Found Element By {by.toString()}
2024-04-17 19:15:30,163 [main] INFO  base.BaseClass - Trying to find Element By {by.toString()})
2024-04-17 19:15:30,192 [main] INFO  base.BaseClass - Found Element By {by.toString()}
2024-04-17 19:15:30,739 [main] INFO  base.BaseClass - Trying to find Element By {by.toString()})
2024-04-17 19:15:30,767 [main] INFO  base.BaseClass - Found Element By {by.toString()}
2024-04-17 19:15:31,303 [main] INFO  base.BaseClass - Trying to find Element By {by.toString()})
2024-04-17 19:15:31,332 [main] INFO  base.BaseClass - Found Element By {by.toString()}
2024-04-17 19:15:31,880 [main] INFO  base.BaseClass - Trying to find Element By {by.toString()})
2024-04-17 19:15:31,902 [main] INFO  base.BaseClass - Found Element By {by.toString()}
TimeoutException occurred: Expected condition failed: waiting for helper.WaitUtility$5@20c0fceb (tried for 30 second(s) with 500 milliseconds interval)
Build info: version: '3.141.59', revision: 'e82be7d358', time: '2018-11-14T08:17:03'
System info: host: 'DPLAP166', ip: '137.237.2.236', os.name: 'Windows 10', os.arch: 'amd64', os.version: '10.0', java.version: '19.0.1'
Driver info: org.openqa.selenium.support.events.EventFiringWebDriver
Capabilities {acceptInsecureCerts: true, browserName: chrome, browserVersion: 123.0.6312.123, chrome: {chromedriverVersion: 123.0.6312.122 (31f8248cdd9..., userDataDir: C:\Users\dP-PL\AppData\Loca...}, fedcm:accounts: true, goog:chromeOptions: {debuggerAddress: localhost:51256}, javascriptEnabled: true, networkConnectionEnabled: false, pageLoadStrategy: normal, platform: WINDOWS, platformName: WINDOWS, proxy: Proxy(), setWindowRect: true, strictFileInteractability: false, timeouts: {implicit: 0, pageLoad: 300000, script: 30000}, unhandledPromptBehavior: dismiss and notify, webauthn:extension:credBlob: true, webauthn:extension:largeBlob: true, webauthn:extension:minPinLength: true, webauthn:extension:prf: true, webauthn:virtualAuthenticators: true}
Session ID: a59c4df4811f82049fe754efe723d3c1
2024-04-17 19:15:31,932 [main] ERROR RotationCopy_test - Element did not become visible within the specified time: Expected condition failed: waiting for helper.WaitUtility$5@20c0fceb (tried for 30 second(s) with 500 milliseconds interval)
Build info: version: '3.141.59', revision: 'e82be7d358', time: '2018-11-14T08:17:03'
System info: host: 'DPLAP166', ip: '137.237.2.236', os.name: 'Windows 10', os.arch: 'amd64', os.version: '10.0', java.version: '19.0.1'
Driver info: org.openqa.selenium.support.events.EventFiringWebDriver
Capabilities {acceptInsecureCerts: true, browserName: chrome, browserVersion: 123.0.6312.123, chrome: {chromedriverVersion: 123.0.6312.122 (31f8248cdd9..., userDataDir: C:\Users\dP-PL\AppData\Loca...}, fedcm:accounts: true, goog:chromeOptions: {debuggerAddress: localhost:51256}, javascriptEnabled: true, networkConnectionEnabled: false, pageLoadStrategy: normal, platform: WINDOWS, platformName: WINDOWS, proxy: Proxy(), setWindowRect: true, strictFileInteractability: false, timeouts: {implicit: 0, pageLoad: 300000, script: 30000}, unhandledPromptBehavior: dismiss and notify, webauthn:extension:credBlob: true, webauthn:extension:largeBlob: true, webauthn:extension:minPinLength: true, webauthn:extension:prf: true, webauthn:virtualAuthenticators: true}
Session ID: a59c4df4811f82049fe754efe723d3c1
2024-04-17 19:15:31,933 [main] INFO  base.BaseClass - Trying to find Element By {by.toString()})
2024-04-17 19:15:31,952 [main] INFO  base.BaseClass - Found Element By {by.toString()}
2024-04-17 19:15:31,952 [main] INFO  base.BaseClass - Trying to click on: {element.toString()}
2024-04-17 19:15:32,092 [main] INFO  base.BaseClass - Clicked on: {element.toString()}
2024-04-17 19:15:32,092 [main] INFO  base.BaseClass - Trying to find Element By {by.toString()})
2024-04-17 19:15:32,991 [main] INFO  base.BaseClass - Found Element By {by.toString()}
2024-04-17 19:15:33,519 [main] INFO  base.BaseClass - Trying to find Element By {by.toString()})
2024-04-17 19:15:33,550 [main] INFO  base.BaseClass - Found Element By {by.toString()}
2024-04-17 19:15:34,097 [main] INFO  base.BaseClass - Trying to find Element By {by.toString()})
2024-04-17 19:15:34,132 [main] INFO  base.BaseClass - Found Element By {by.toString()}
2024-04-17 19:15:34,690 [main] INFO  base.BaseClass - Trying to find Element By {by.toString()})
2024-04-17 19:15:34,722 [main] INFO  base.BaseClass - Found Element By {by.toString()}
2024-04-17 19:15:35,269 [main] INFO  base.BaseClass - Trying to find Element By {by.toString()})
2024-04-17 19:15:35,302 [main] INFO  base.BaseClass - Found Element By {by.toString()}
2024-04-17 19:15:35,849 [main] INFO  base.BaseClass - Trying to find Element By {by.toString()})
2024-04-17 19:15:35,878 [main] INFO  base.BaseClass - Found Element By {by.toString()}
2024-04-17 19:15:36,416 [main] INFO  base.BaseClass - Trying to find Element By {by.toString()})
2024-04-17 19:15:36,445 [main] INFO  base.BaseClass - Found Element By {by.toString()}
2024-04-17 19:15:36,978 [main] INFO  base.BaseClass - Trying to find Element By {by.toString()})
2024-04-17 19:15:36,991 [main] INFO  base.BaseClass - Found Element By {by.toString()}
2024-04-17 19:15:37,512 [main] INFO  base.BaseClass - Trying to find Element By {by.toString()})
2024-04-17 19:15:37,523 [main] INFO  base.BaseClass - Found Element By {by.toString()}
2024-04-17 19:15:38,040 [main] INFO  base.BaseClass - Trying to find Element By {by.toString()})
2024-04-17 19:15:38,071 [main] INFO  base.BaseClass - Found Element By {by.toString()}
2024-04-17 19:15:38,618 [main] INFO  base.BaseClass - Trying to find Element By {by.toString()})
2024-04-17 19:15:38,632 [main] INFO  base.BaseClass - Found Element By {by.toString()}
2024-04-17 19:15:39,151 [main] INFO  base.BaseClass - Trying to find Element By {by.toString()})
2024-04-17 19:15:39,182 [main] INFO  base.BaseClass - Found Element By {by.toString()}
2024-04-17 19:15:39,726 [main] INFO  base.BaseClass - Trying to find Element By {by.toString()})
2024-04-17 19:15:39,758 [main] INFO  base.BaseClass - Found Element By {by.toString()}
2024-04-17 19:15:40,302 [main] INFO  base.BaseClass - Trying to find Element By {by.toString()})
2024-04-17 19:15:40,333 [main] INFO  base.BaseClass - Found Element By {by.toString()}
2024-04-17 19:15:40,879 [main] INFO  base.BaseClass - Trying to find Element By {by.toString()})
2024-04-17 19:15:40,914 [main] INFO  base.BaseClass - Found Element By {by.toString()}
2024-04-17 19:15:41,456 [main] INFO  base.BaseClass - Trying to find Element By {by.toString()})
2024-04-17 19:15:41,478 [main] INFO  base.BaseClass - Found Element By {by.toString()}
2024-04-17 19:15:42,019 [main] INFO  base.BaseClass - Trying to find Element By {by.toString()})
2024-04-17 19:15:42,050 [main] INFO  base.BaseClass - Found Element By {by.toString()}
2024-04-17 19:15:42,598 [main] INFO  base.BaseClass - Trying to find Element By {by.toString()})
2024-04-17 19:15:42,630 [main] INFO  base.BaseClass - Found Element By {by.toString()}
2024-04-17 19:15:43,176 [main] INFO  base.BaseClass - Trying to find Element By {by.toString()})
2024-04-17 19:15:43,208 [main] INFO  base.BaseClass - Found Element By {by.toString()}
2024-04-17 19:15:43,757 [main] INFO  base.BaseClass - Trying to find Element By {by.toString()})
2024-04-17 19:15:43,789 [main] INFO  base.BaseClass - Found Element By {by.toString()}
2024-04-17 19:15:44,317 [main] INFO  base.BaseClass - Trying to find Element By {by.toString()})
2024-04-17 19:15:44,344 [main] INFO  base.BaseClass - Found Element By {by.toString()}
2024-04-17 19:15:44,883 [main] INFO  base.BaseClass - Trying to find Element By {by.toString()})
2024-04-17 19:15:44,914 [main] INFO  base.BaseClass - Found Element By {by.toString()}
2024-04-17 19:15:45,462 [main] INFO  base.BaseClass - Trying to find Element By {by.toString()})
2024-04-17 19:15:45,494 [main] INFO  base.BaseClass - Found Element By {by.toString()}
2024-04-17 19:15:46,038 [main] INFO  base.BaseClass - Trying to find Element By {by.toString()})
2024-04-17 19:15:46,068 [main] INFO  base.BaseClass - Found Element By {by.toString()}
2024-04-17 19:15:46,602 [main] INFO  base.BaseClass - Trying to find Element By {by.toString()})
2024-04-17 19:15:46,634 [main] INFO  base.BaseClass - Found Element By {by.toString()}
2024-04-17 19:15:47,182 [main] INFO  base.BaseClass - Trying to find Element By {by.toString()})
2024-04-17 19:15:47,213 [main] INFO  base.BaseClass - Found Element By {by.toString()}
2024-04-17 19:15:47,757 [main] INFO  base.BaseClass - Trying to find Element By {by.toString()})
2024-04-17 19:15:47,770 [main] INFO  base.BaseClass - Found Element By {by.toString()}
2024-04-17 19:15:48,291 [main] INFO  base.BaseClass - Trying to find Element By {by.toString()})
2024-04-17 19:15:48,324 [main] INFO  base.BaseClass - Found Element By {by.toString()}
2024-04-17 19:15:48,871 [main] INFO  base.BaseClass - Trying to find Element By {by.toString()})
2024-04-17 19:15:48,900 [main] INFO  base.BaseClass - Found Element By {by.toString()}
2024-04-17 19:15:49,434 [main] INFO  base.BaseClass - Trying to find Element By {by.toString()})
2024-04-17 19:15:49,465 [main] INFO  base.BaseClass - Found Element By {by.toString()}
2024-04-17 19:15:50,013 [main] INFO  base.BaseClass - Trying to find Element By {by.toString()})
2024-04-17 19:15:50,040 [main] INFO  base.BaseClass - Found Element By {by.toString()}
2024-04-17 19:15:50,573 [main] INFO  base.BaseClass - Trying to find Element By {by.toString()})
2024-04-17 19:15:50,603 [main] INFO  base.BaseClass - Found Element By {by.toString()}
2024-04-17 19:15:51,150 [main] INFO  base.BaseClass - Trying to find Element By {by.toString()})
2024-04-17 19:15:51,181 [main] INFO  base.BaseClass - Found Element By {by.toString()}
2024-04-17 19:15:51,730 [main] INFO  base.BaseClass - Trying to find Element By {by.toString()})
2024-04-17 19:15:51,761 [main] INFO  base.BaseClass - Found Element By {by.toString()}
2024-04-17 19:15:52,312 [main] INFO  base.BaseClass - Trying to find Element By {by.toString()})
2024-04-17 19:15:52,343 [main] INFO  base.BaseClass - Found Element By {by.toString()}
2024-04-17 19:15:52,875 [main] INFO  base.BaseClass - Trying to find Element By {by.toString()})
2024-04-17 19:15:52,908 [main] INFO  base.BaseClass - Found Element By {by.toString()}
2024-04-17 19:15:53,452 [main] INFO  base.BaseClass - Trying to find Element By {by.toString()})
2024-04-17 19:15:53,483 [main] INFO  base.BaseClass - Found Element By {by.toString()}
2024-04-17 19:15:54,060 [main] INFO  base.BaseClass - Trying to find Element By {by.toString()})
2024-04-17 19:15:54,087 [main] INFO  base.BaseClass - Found Element By {by.toString()}
2024-04-17 19:15:54,626 [main] INFO  base.BaseClass - Trying to find Element By {by.toString()})
2024-04-17 19:15:54,657 [main] INFO  base.BaseClass - Found Element By {by.toString()}
2024-04-17 19:15:55,205 [main] INFO  base.BaseClass - Trying to find Element By {by.toString()})
2024-04-17 19:15:55,235 [main] INFO  base.BaseClass - Found Element By {by.toString()}
2024-04-17 19:15:55,787 [main] INFO  base.BaseClass - Trying to find Element By {by.toString()})
2024-04-17 19:15:55,817 [main] INFO  base.BaseClass - Found Element By {by.toString()}
2024-04-17 19:15:56,366 [main] INFO  base.BaseClass - Trying to find Element By {by.toString()})
2024-04-17 19:15:56,393 [main] INFO  base.BaseClass - Found Element By {by.toString()}
2024-04-17 19:15:56,928 [main] INFO  base.BaseClass - Trying to find Element By {by.toString()})
2024-04-17 19:15:56,959 [main] INFO  base.BaseClass - Found Element By {by.toString()}
2024-04-17 19:15:57,504 [main] INFO  base.BaseClass - Trying to find Element By {by.toString()})
2024-04-17 19:15:57,534 [main] INFO  base.BaseClass - Found Element By {by.toString()}
2024-04-17 19:15:58,068 [main] INFO  base.BaseClass - Trying to find Element By {by.toString()})
2024-04-17 19:15:58,088 [main] INFO  base.BaseClass - Found Element By {by.toString()}
2024-04-17 19:15:58,630 [main] INFO  base.BaseClass - Trying to find Element By {by.toString()})
2024-04-17 19:15:58,661 [main] INFO  base.BaseClass - Found Element By {by.toString()}
2024-04-17 19:15:59,206 [main] INFO  base.BaseClass - Trying to find Element By {by.toString()})
2024-04-17 19:15:59,237 [main] INFO  base.BaseClass - Found Element By {by.toString()}
2024-04-17 19:15:59,769 [main] INFO  base.BaseClass - Trying to find Element By {by.toString()})
2024-04-17 19:15:59,797 [main] INFO  base.BaseClass - Found Element By {by.toString()}
2024-04-17 19:16:00,334 [main] INFO  base.BaseClass - Trying to find Element By {by.toString()})
2024-04-17 19:16:00,365 [main] INFO  base.BaseClass - Found Element By {by.toString()}
2024-04-17 19:16:00,913 [main] INFO  base.BaseClass - Trying to find Element By {by.toString()})
2024-04-17 19:16:00,945 [main] INFO  base.BaseClass - Found Element By {by.toString()}
2024-04-17 19:16:01,492 [main] INFO  base.BaseClass - Trying to find Element By {by.toString()})
2024-04-17 19:16:01,523 [main] INFO  base.BaseClass - Found Element By {by.toString()}
2024-04-17 19:16:02,056 [main] INFO  base.BaseClass - Trying to find Element By {by.toString()})
2024-04-17 19:16:02,087 [main] INFO  base.BaseClass - Found Element By {by.toString()}
TimeoutException occurred: Expected condition failed: waiting for helper.WaitUtility$5@59fbd246 (tried for 30 second(s) with 500 milliseconds interval)
Build info: version: '3.141.59', revision: 'e82be7d358', time: '2018-11-14T08:17:03'
System info: host: 'DPLAP166', ip: '137.237.2.236', os.name: 'Windows 10', os.arch: 'amd64', os.version: '10.0', java.version: '19.0.1'
Driver info: org.openqa.selenium.support.events.EventFiringWebDriver
Capabilities {acceptInsecureCerts: true, browserName: chrome, browserVersion: 123.0.6312.123, chrome: {chromedriverVersion: 123.0.6312.122 (31f8248cdd9..., userDataDir: C:\Users\dP-PL\AppData\Loca...}, fedcm:accounts: true, goog:chromeOptions: {debuggerAddress: localhost:51256}, javascriptEnabled: true, networkConnectionEnabled: false, pageLoadStrategy: normal, platform: WINDOWS, platformName: WINDOWS, proxy: Proxy(), setWindowRect: true, strictFileInteractability: false, timeouts: {implicit: 0, pageLoad: 300000, script: 30000}, unhandledPromptBehavior: dismiss and notify, webauthn:extension:credBlob: true, webauthn:extension:largeBlob: true, webauthn:extension:minPinLength: true, webauthn:extension:prf: true, webauthn:virtualAuthenticators: true}
Session ID: a59c4df4811f82049fe754efe723d3c1
2024-04-17 19:16:02,117 [main] ERROR RotationCopy_test - Element did not become visible within the specified time: Expected condition failed: waiting for helper.WaitUtility$5@59fbd246 (tried for 30 second(s) with 500 milliseconds interval)
Build info: version: '3.141.59', revision: 'e82be7d358', time: '2018-11-14T08:17:03'
System info: host: 'DPLAP166', ip: '137.237.2.236', os.name: 'Windows 10', os.arch: 'amd64', os.version: '10.0', java.version: '19.0.1'
Driver info: org.openqa.selenium.support.events.EventFiringWebDriver
Capabilities {acceptInsecureCerts: true, browserName: chrome, browserVersion: 123.0.6312.123, chrome: {chromedriverVersion: 123.0.6312.122 (31f8248cdd9..., userDataDir: C:\Users\dP-PL\AppData\Loca...}, fedcm:accounts: true, goog:chromeOptions: {debuggerAddress: localhost:51256}, javascriptEnabled: true, networkConnectionEnabled: false, pageLoadStrategy: normal, platform: WINDOWS, platformName: WINDOWS, proxy: Proxy(), setWindowRect: true, strictFileInteractability: false, timeouts: {implicit: 0, pageLoad: 300000, script: 30000}, unhandledPromptBehavior: dismiss and notify, webauthn:extension:credBlob: true, webauthn:extension:largeBlob: true, webauthn:extension:minPinLength: true, webauthn:extension:prf: true, webauthn:virtualAuthenticators: true}
Session ID: a59c4df4811f82049fe754efe723d3c1
2024-04-17 19:16:02,117 [main] INFO  base.BaseClass - Trying to find Element By {by.toString()})
2024-04-17 19:16:02,134 [main] INFO  base.BaseClass - Found Element By {by.toString()}
2024-04-17 19:16:02,134 [main] INFO  base.BaseClass - Trying to click on: {element.toString()}
2024-04-17 19:16:02,204 [main] INFO  base.BaseClass - Clicked on: {element.toString()}
2024-04-17 19:16:02,204 [main] INFO  base.BaseClass - Trying to find Element By {by.toString()})
2024-04-17 19:16:02,214 [main] INFO  base.BaseClass - Found Element By {by.toString()}
2024-04-17 19:16:02,742 [main] INFO  base.BaseClass - Trying to find Element By {by.toString()})
2024-04-17 19:16:02,774 [main] INFO  base.BaseClass - Found Element By {by.toString()}
2024-04-17 19:16:03,320 [main] INFO  base.BaseClass - Trying to find Element By {by.toString()})
2024-04-17 19:16:03,353 [main] INFO  base.BaseClass - Found Element By {by.toString()}
2024-04-17 19:16:03,896 [main] INFO  base.BaseClass - Trying to find Element By {by.toString()})
2024-04-17 19:16:03,930 [main] INFO  base.BaseClass - Found Element By {by.toString()}
2024-04-17 19:16:04,473 [main] INFO  base.BaseClass - Trying to find Element By {by.toString()})
2024-04-17 19:16:04,507 [main] INFO  base.BaseClass - Found Element By {by.toString()}
2024-04-17 19:16:05,051 [main] INFO  base.BaseClass - Trying to find Element By {by.toString()})
2024-04-17 19:16:05,082 [main] INFO  base.BaseClass - Found Element By {by.toString()}
2024-04-17 19:16:05,627 [main] INFO  base.BaseClass - Trying to find Element By {by.toString()})
2024-04-17 19:16:05,658 [main] INFO  base.BaseClass - Found Element By {by.toString()}
2024-04-17 19:16:06,189 [main] INFO  base.BaseClass - Trying to find Element By {by.toString()})
2024-04-17 19:16:06,212 [main] INFO  base.BaseClass - Found Element By {by.toString()}
2024-04-17 19:16:06,735 [main] INFO  base.BaseClass - Trying to find Element By {by.toString()})
2024-04-17 19:16:06,765 [main] INFO  base.BaseClass - Found Element By {by.toString()}
2024-04-17 19:16:07,296 [main] INFO  base.BaseClass - Trying to find Element By {by.toString()})
2024-04-17 19:16:07,322 [main] INFO  base.BaseClass - Found Element By {by.toString()}
2024-04-17 19:16:07,874 [main] INFO  base.BaseClass - Trying to find Element By {by.toString()})
2024-04-17 19:16:07,906 [main] INFO  base.BaseClass - Found Element By {by.toString()}
2024-04-17 19:16:08,454 [main] INFO  base.BaseClass - Trying to find Element By {by.toString()})
2024-04-17 19:16:08,484 [main] INFO  base.BaseClass - Found Element By {by.toString()}
2024-04-17 19:16:09,021 [main] INFO  base.BaseClass - Trying to find Element By {by.toString()})
2024-04-17 19:16:09,051 [main] INFO  base.BaseClass - Found Element By {by.toString()}
2024-04-17 19:16:09,597 [main] INFO  base.BaseClass - Trying to find Element By {by.toString()})
2024-04-17 19:16:09,628 [main] INFO  base.BaseClass - Found Element By {by.toString()}
2024-04-17 19:16:10,174 [main] INFO  base.BaseClass - Trying to find Element By {by.toString()})
2024-04-17 19:16:10,197 [main] INFO  base.BaseClass - Found Element By {by.toString()}
2024-04-17 19:16:10,740 [main] INFO  base.BaseClass - Trying to find Element By {by.toString()})
2024-04-17 19:16:10,771 [main] INFO  base.BaseClass - Found Element By {by.toString()}
2024-04-17 19:16:11,319 [main] INFO  base.BaseClass - Trying to find Element By {by.toString()})
2024-04-17 19:16:11,407 [main] INFO  base.BaseClass - Found Element By {by.toString()}
2024-04-17 19:16:11,930 [main] INFO  base.BaseClass - Trying to find Element By {by.toString()})
2024-04-17 19:16:11,960 [main] INFO  base.BaseClass - Found Element By {by.toString()}
2024-04-17 19:16:12,509 [main] INFO  base.BaseClass - Trying to find Element By {by.toString()})
2024-04-17 19:16:12,540 [main] INFO  base.BaseClass - Found Element By {by.toString()}
2024-04-17 19:16:13,084 [main] INFO  base.BaseClass - Trying to find Element By {by.toString()})
2024-04-17 19:16:13,115 [main] INFO  base.BaseClass - Found Element By {by.toString()}
2024-04-17 19:16:13,664 [main] INFO  base.BaseClass - Trying to find Element By {by.toString()})
2024-04-17 19:16:13,696 [main] INFO  base.BaseClass - Found Element By {by.toString()}
2024-04-17 19:16:14,228 [main] INFO  base.BaseClass - Trying to find Element By {by.toString()})
2024-04-17 19:16:14,248 [main] INFO  base.BaseClass - Found Element By {by.toString()}
2024-04-17 19:16:14,779 [main] INFO  base.BaseClass - Trying to find Element By {by.toString()})
2024-04-17 19:16:14,811 [main] INFO  base.BaseClass - Found Element By {by.toString()}
2024-04-17 19:16:15,356 [main] INFO  base.BaseClass - Trying to find Element By {by.toString()})
2024-04-17 19:16:15,386 [main] INFO  base.BaseClass - Found Element By {by.toString()}
2024-04-17 19:16:15,933 [main] INFO  base.BaseClass - Trying to find Element By {by.toString()})
2024-04-17 19:16:15,963 [main] INFO  base.BaseClass - Found Element By {by.toString()}
2024-04-17 19:16:16,511 [main] INFO  base.BaseClass - Trying to find Element By {by.toString()})
2024-04-17 19:16:16,542 [main] INFO  base.BaseClass - Found Element By {by.toString()}
2024-04-17 19:16:17,073 [main] INFO  base.BaseClass - Trying to find Element By {by.toString()})
2024-04-17 19:16:17,104 [main] INFO  base.BaseClass - Found Element By {by.toString()}
2024-04-17 19:16:17,648 [main] INFO  base.BaseClass - Trying to find Element By {by.toString()})
2024-04-17 19:16:17,660 [main] INFO  base.BaseClass - Found Element By {by.toString()}
2024-04-17 19:16:18,181 [main] INFO  base.BaseClass - Trying to find Element By {by.toString()})
2024-04-17 19:16:18,212 [main] INFO  base.BaseClass - Found Element By {by.toString()}
2024-04-17 19:16:18,764 [main] INFO  base.BaseClass - Trying to find Element By {by.toString()})
2024-04-17 19:16:18,794 [main] INFO  base.BaseClass - Found Element By {by.toString()}
2024-04-17 19:16:19,343 [main] INFO  base.BaseClass - Trying to find Element By {by.toString()})
2024-04-17 19:16:19,375 [main] INFO  base.BaseClass - Found Element By {by.toString()}
2024-04-17 19:16:19,909 [main] INFO  base.BaseClass - Trying to find Element By {by.toString()})
2024-04-17 19:16:19,941 [main] INFO  base.BaseClass - Found Element By {by.toString()}
2024-04-17 19:16:20,475 [main] INFO  base.BaseClass - Trying to find Element By {by.toString()})
2024-04-17 19:16:20,504 [main] INFO  base.BaseClass - Found Element By {by.toString()}
2024-04-17 19:16:21,052 [main] INFO  base.BaseClass - Trying to find Element By {by.toString()})
2024-04-17 19:16:21,082 [main] INFO  base.BaseClass - Found Element By {by.toString()}
2024-04-17 19:16:21,632 [main] INFO  base.BaseClass - Trying to find Element By {by.toString()})
2024-04-17 19:16:21,663 [main] INFO  base.BaseClass - Found Element By {by.toString()}
2024-04-17 19:16:22,209 [main] INFO  base.BaseClass - Trying to find Element By {by.toString()})
2024-04-17 19:16:22,513 [main] INFO  base.BaseClass - Found Element By {by.toString()}
2024-04-17 19:16:23,036 [main] INFO  base.BaseClass - Trying to find Element By {by.toString()})
2024-04-17 19:16:23,062 [main] INFO  base.BaseClass - Found Element By {by.toString()}
2024-04-17 19:16:23,601 [main] INFO  base.BaseClass - Trying to find Element By {by.toString()})
2024-04-17 19:16:23,632 [main] INFO  base.BaseClass - Found Element By {by.toString()}
2024-04-17 19:16:24,183 [main] INFO  base.BaseClass - Trying to find Element By {by.toString()})
2024-04-17 19:16:24,213 [main] INFO  base.BaseClass - Found Element By {by.toString()}
2024-04-17 19:16:24,746 [main] INFO  base.BaseClass - Trying to find Element By {by.toString()})
2024-04-17 19:16:24,778 [main] INFO  base.BaseClass - Found Element By {by.toString()}
2024-04-17 19:16:25,323 [main] INFO  base.BaseClass - Trying to find Element By {by.toString()})
2024-04-17 19:16:25,353 [main] INFO  base.BaseClass - Found Element By {by.toString()}
2024-04-17 19:16:25,888 [main] INFO  base.BaseClass - Trying to find Element By {by.toString()})
2024-04-17 19:16:25,918 [main] INFO  base.BaseClass - Found Element By {by.toString()}
2024-04-17 19:16:26,465 [main] INFO  base.BaseClass - Trying to find Element By {by.toString()})
2024-04-17 19:16:26,496 [main] INFO  base.BaseClass - Found Element By {by.toString()}
2024-04-17 19:16:27,042 [main] INFO  base.BaseClass - Trying to find Element By {by.toString()})
2024-04-17 19:16:27,074 [main] INFO  base.BaseClass - Found Element By {by.toString()}
2024-04-17 19:16:27,622 [main] INFO  base.BaseClass - Trying to find Element By {by.toString()})
2024-04-17 19:16:27,643 [main] INFO  base.BaseClass - Found Element By {by.toString()}
2024-04-17 19:16:28,182 [main] INFO  base.BaseClass - Trying to find Element By {by.toString()})
2024-04-17 19:16:28,211 [main] INFO  base.BaseClass - Found Element By {by.toString()}
2024-04-17 19:16:28,762 [main] INFO  base.BaseClass - Trying to find Element By {by.toString()})
2024-04-17 19:16:28,792 [main] INFO  base.BaseClass - Found Element By {by.toString()}
2024-04-17 19:16:29,341 [main] INFO  base.BaseClass - Trying to find Element By {by.toString()})
2024-04-17 19:16:29,367 [main] INFO  base.BaseClass - Found Element By {by.toString()}
2024-04-17 19:16:29,906 [main] INFO  base.BaseClass - Trying to find Element By {by.toString()})
2024-04-17 19:16:29,937 [main] INFO  base.BaseClass - Found Element By {by.toString()}
2024-04-17 19:16:30,469 [main] INFO  base.BaseClass - Trying to find Element By {by.toString()})
2024-04-17 19:16:30,528 [main] INFO  base.BaseClass - Found Element By {by.toString()}
2024-04-17 19:16:31,081 [main] INFO  base.BaseClass - Trying to find Element By {by.toString()})
2024-04-17 19:16:31,112 [main] INFO  base.BaseClass - Found Element By {by.toString()}
2024-04-17 19:16:31,657 [main] INFO  base.BaseClass - Trying to find Element By {by.toString()})
2024-04-17 19:16:31,689 [main] INFO  base.BaseClass - Found Element By {by.toString()}
2024-04-17 19:16:32,235 [main] INFO  base.BaseClass - Trying to find Element By {by.toString()})
2024-04-17 19:16:32,258 [main] INFO  base.BaseClass - Found Element By {by.toString()}
TimeoutException occurred: Expected condition failed: waiting for helper.WaitUtility$5@34323c9c (tried for 30 second(s) with 500 milliseconds interval)
Build info: version: '3.141.59', revision: 'e82be7d358', time: '2018-11-14T08:17:03'
System info: host: 'DPLAP166', ip: '137.237.2.236', os.name: 'Windows 10', os.arch: 'amd64', os.version: '10.0', java.version: '19.0.1'
Driver info: org.openqa.selenium.support.events.EventFiringWebDriver
Capabilities {acceptInsecureCerts: true, browserName: chrome, browserVersion: 123.0.6312.123, chrome: {chromedriverVersion: 123.0.6312.122 (31f8248cdd9..., userDataDir: C:\Users\dP-PL\AppData\Loca...}, fedcm:accounts: true, goog:chromeOptions: {debuggerAddress: localhost:51256}, javascriptEnabled: true, networkConnectionEnabled: false, pageLoadStrategy: normal, platform: WINDOWS, platformName: WINDOWS, proxy: Proxy(), setWindowRect: true, strictFileInteractability: false, timeouts: {implicit: 0, pageLoad: 300000, script: 30000}, unhandledPromptBehavior: dismiss and notify, webauthn:extension:credBlob: true, webauthn:extension:largeBlob: true, webauthn:extension:minPinLength: true, webauthn:extension:prf: true, webauthn:virtualAuthenticators: true}
Session ID: a59c4df4811f82049fe754efe723d3c1
2024-04-17 19:16:32,285 [main] ERROR RotationCopy_test - Element did not become visible within the specified time: Expected condition failed: waiting for helper.WaitUtility$5@34323c9c (tried for 30 second(s) with 500 milliseconds interval)
Build info: version: '3.141.59', revision: 'e82be7d358', time: '2018-11-14T08:17:03'
System info: host: 'DPLAP166', ip: '137.237.2.236', os.name: 'Windows 10', os.arch: 'amd64', os.version: '10.0', java.version: '19.0.1'
Driver info: org.openqa.selenium.support.events.EventFiringWebDriver
Capabilities {acceptInsecureCerts: true, browserName: chrome, browserVersion: 123.0.6312.123, chrome: {chromedriverVersion: 123.0.6312.122 (31f8248cdd9..., userDataDir: C:\Users\dP-PL\AppData\Loca...}, fedcm:accounts: true, goog:chromeOptions: {debuggerAddress: localhost:51256}, javascriptEnabled: true, networkConnectionEnabled: false, pageLoadStrategy: normal, platform: WINDOWS, platformName: WINDOWS, proxy: Proxy(), setWindowRect: true, strictFileInteractability: false, timeouts: {implicit: 0, pageLoad: 300000, script: 30000}, unhandledPromptBehavior: dismiss and notify, webauthn:extension:credBlob: true, webauthn:extension:largeBlob: true, webauthn:extension:minPinLength: true, webauthn:extension:prf: true, webauthn:virtualAuthenticators: true}
Session ID: a59c4df4811f82049fe754efe723d3c1
2024-04-17 19:16:32,285 [main] INFO  base.BaseClass - Trying to find Element By {by.toString()})
2024-04-17 19:16:32,303 [main] INFO  base.BaseClass - Found Element By {by.toString()}
2024-04-17 19:16:32,304 [main] INFO  base.BaseClass - Trying to click on: {element.toString()}
2024-04-17 19:16:32,421 [main] INFO  base.BaseClass - Clicked on: {element.toString()}
2024-04-17 19:16:32,428 [main] INFO  base.BaseClass - Trying to find Element By {by.toString()})
2024-04-17 19:16:32,442 [main] INFO  base.BaseClass - Found Element By {by.toString()}
2024-04-17 19:16:32,968 [main] INFO  base.BaseClass - Trying to find Element By {by.toString()})
2024-04-17 19:16:32,979 [main] INFO  base.BaseClass - Found Element By {by.toString()}
2024-04-17 19:16:33,499 [main] INFO  base.BaseClass - Trying to find Element By {by.toString()})
2024-04-17 19:16:33,526 [main] INFO  base.BaseClass - Found Element By {by.toString()}
2024-04-17 19:16:34,064 [main] INFO  base.BaseClass - Trying to find Element By {by.toString()})
2024-04-17 19:16:34,095 [main] INFO  base.BaseClass - Found Element By {by.toString()}
2024-04-17 19:16:34,641 [main] INFO  base.BaseClass - Trying to find Element By {by.toString()})
2024-04-17 19:16:34,670 [main] INFO  base.BaseClass - Found Element By {by.toString()}
2024-04-17 19:16:35,216 [main] INFO  base.BaseClass - Trying to find Element By {by.toString()})
2024-04-17 19:16:35,243 [main] INFO  base.BaseClass - Found Element By {by.toString()}
2024-04-17 19:16:35,764 [main] INFO  base.BaseClass - Trying to find Element By {by.toString()})
2024-04-17 19:16:35,794 [main] INFO  base.BaseClass - Found Element By {by.toString()}
2024-04-17 19:16:36,343 [main] INFO  base.BaseClass - Trying to find Element By {by.toString()})
2024-04-17 19:16:36,369 [main] INFO  base.BaseClass - Found Element By {by.toString()}
2024-04-17 19:16:36,905 [main] INFO  base.BaseClass - Trying to find Element By {by.toString()})
2024-04-17 19:16:36,934 [main] INFO  base.BaseClass - Found Element By {by.toString()}
2024-04-17 19:16:37,470 [main] INFO  base.BaseClass - Trying to find Element By {by.toString()})
2024-04-17 19:16:37,496 [main] INFO  base.BaseClass - Found Element By {by.toString()}
2024-04-17 19:16:38,036 [main] INFO  base.BaseClass - Trying to find Element By {by.toString()})
2024-04-17 19:16:38,063 [main] INFO  base.BaseClass - Found Element By {by.toString()}
2024-04-17 19:16:38,600 [main] INFO  base.BaseClass - Trying to find Element By {by.toString()})
2024-04-17 19:16:38,621 [main] INFO  base.BaseClass - Found Element By {by.toString()}
2024-04-17 19:16:39,147 [main] INFO  base.BaseClass - Trying to find Element By {by.toString()})
2024-04-17 19:16:39,176 [main] INFO  base.BaseClass - Found Element By {by.toString()}
2024-04-17 19:16:39,728 [main] INFO  base.BaseClass - Trying to find Element By {by.toString()})
2024-04-17 19:16:39,760 [main] INFO  base.BaseClass - Found Element By {by.toString()}
2024-04-17 19:16:40,309 [main] INFO  base.BaseClass - Trying to find Element By {by.toString()})
2024-04-17 19:16:40,338 [main] INFO  base.BaseClass - Found Element By {by.toString()}
2024-04-17 19:16:40,871 [main] INFO  base.BaseClass - Trying to find Element By {by.toString()})
2024-04-17 19:16:40,899 [main] INFO  base.BaseClass - Found Element By {by.toString()}
2024-04-17 19:16:41,454 [main] INFO  base.BaseClass - Trying to find Element By {by.toString()})
2024-04-17 19:16:41,484 [main] INFO  base.BaseClass - Found Element By {by.toString()}
2024-04-17 19:16:42,030 [main] INFO  base.BaseClass - Trying to find Element By {by.toString()})
2024-04-17 19:16:42,060 [main] INFO  base.BaseClass - Found Element By {by.toString()}
2024-04-17 19:16:42,606 [main] INFO  base.BaseClass - Trying to find Element By {by.toString()})
2024-04-17 19:16:42,637 [main] INFO  base.BaseClass - Found Element By {by.toString()}
2024-04-17 19:16:43,171 [main] INFO  base.BaseClass - Trying to find Element By {by.toString()})
2024-04-17 19:16:43,199 [main] INFO  base.BaseClass - Found Element By {by.toString()}
2024-04-17 19:16:43,753 [main] INFO  base.BaseClass - Trying to find Element By {by.toString()})
2024-04-17 19:16:43,782 [main] INFO  base.BaseClass - Found Element By {by.toString()}
2024-04-17 19:16:44,315 [main] INFO  base.BaseClass - Trying to find Element By {by.toString()})
2024-04-17 19:16:44,345 [main] INFO  base.BaseClass - Found Element By {by.toString()}
2024-04-17 19:16:44,893 [main] INFO  base.BaseClass - Trying to find Element By {by.toString()})
2024-04-17 19:16:44,922 [main] INFO  base.BaseClass - Found Element By {by.toString()}
2024-04-17 19:16:45,467 [main] INFO  base.BaseClass - Trying to find Element By {by.toString()})
2024-04-17 19:16:45,495 [main] INFO  base.BaseClass - Found Element By {by.toString()}
2024-04-17 19:16:46,045 [main] INFO  base.BaseClass - Trying to find Element By {by.toString()})
2024-04-17 19:16:46,064 [main] INFO  base.BaseClass - Found Element By {by.toString()}
2024-04-17 19:16:46,592 [main] INFO  base.BaseClass - Trying to find Element By {by.toString()})
2024-04-17 19:16:46,622 [main] INFO  base.BaseClass - Found Element By {by.toString()}
2024-04-17 19:16:47,172 [main] INFO  base.BaseClass - Trying to find Element By {by.toString()})
2024-04-17 19:16:47,201 [main] INFO  base.BaseClass - Found Element By {by.toString()}
2024-04-17 19:16:47,753 [main] INFO  base.BaseClass - Trying to find Element By {by.toString()})
2024-04-17 19:16:47,770 [main] INFO  base.BaseClass - Found Element By {by.toString()}
2024-04-17 19:16:48,302 [main] INFO  base.BaseClass - Trying to find Element By {by.toString()})
2024-04-17 19:16:48,331 [main] INFO  base.BaseClass - Found Element By {by.toString()}
2024-04-17 19:16:48,867 [main] INFO  base.BaseClass - Trying to find Element By {by.toString()})
2024-04-17 19:16:48,896 [main] INFO  base.BaseClass - Found Element By {by.toString()}
2024-04-17 19:16:49,443 [main] INFO  base.BaseClass - Trying to find Element By {by.toString()})
2024-04-17 19:16:49,464 [main] INFO  base.BaseClass - Found Element By {by.toString()}
2024-04-17 19:16:50,005 [main] INFO  base.BaseClass - Trying to find Element By {by.toString()})
2024-04-17 19:16:50,021 [main] INFO  base.BaseClass - Found Element By {by.toString()}
2024-04-17 19:16:50,550 [main] INFO  base.BaseClass - Trying to find Element By {by.toString()})
2024-04-17 19:16:50,578 [main] INFO  base.BaseClass - Found Element By {by.toString()}
2024-04-17 19:16:51,129 [main] INFO  base.BaseClass - Trying to find Element By {by.toString()})
2024-04-17 19:16:51,157 [main] INFO  base.BaseClass - Found Element By {by.toString()}
2024-04-17 19:16:51,695 [main] INFO  base.BaseClass - Trying to find Element By {by.toString()})
2024-04-17 19:16:51,724 [main] INFO  base.BaseClass - Found Element By {by.toString()}
2024-04-17 19:16:52,258 [main] INFO  base.BaseClass - Trying to find Element By {by.toString()})
2024-04-17 19:16:52,280 [main] INFO  base.BaseClass - Found Element By {by.toString()}
2024-04-17 19:16:52,824 [main] INFO  base.BaseClass - Trying to find Element By {by.toString()})
2024-04-17 19:16:52,853 [main] INFO  base.BaseClass - Found Element By {by.toString()}
2024-04-17 19:16:53,387 [main] INFO  base.BaseClass - Trying to find Element By {by.toString()})
2024-04-17 19:16:53,414 [main] INFO  base.BaseClass - Found Element By {by.toString()}
2024-04-17 19:16:53,966 [main] INFO  base.BaseClass - Trying to find Element By {by.toString()})
2024-04-17 19:16:53,987 [main] INFO  base.BaseClass - Found Element By {by.toString()}
2024-04-17 19:16:54,514 [main] INFO  base.BaseClass - Trying to find Element By {by.toString()})
2024-04-17 19:16:54,543 [main] INFO  base.BaseClass - Found Element By {by.toString()}
2024-04-17 19:16:55,092 [main] INFO  base.BaseClass - Trying to find Element By {by.toString()})
2024-04-17 19:16:55,118 [main] INFO  base.BaseClass - Found Element By {by.toString()}
2024-04-17 19:16:55,651 [main] INFO  base.BaseClass - Trying to find Element By {by.toString()})
2024-04-17 19:16:55,680 [main] INFO  base.BaseClass - Found Element By {by.toString()}
2024-04-17 19:16:56,221 [main] INFO  base.BaseClass - Trying to find Element By {by.toString()})
2024-04-17 19:16:56,250 [main] INFO  base.BaseClass - Found Element By {by.toString()}
2024-04-17 19:16:56,785 [main] INFO  base.BaseClass - Trying to find Element By {by.toString()})
2024-04-17 19:16:56,812 [main] INFO  base.BaseClass - Found Element By {by.toString()}
2024-04-17 19:16:57,359 [main] INFO  base.BaseClass - Trying to find Element By {by.toString()})
2024-04-17 19:16:57,388 [main] INFO  base.BaseClass - Found Element By {by.toString()}
2024-04-17 19:16:57,924 [main] INFO  base.BaseClass - Trying to find Element By {by.toString()})
2024-04-17 19:16:57,953 [main] INFO  base.BaseClass - Found Element By {by.toString()}
2024-04-17 19:16:58,501 [main] INFO  base.BaseClass - Trying to find Element By {by.toString()})
2024-04-17 19:16:58,529 [main] INFO  base.BaseClass - Found Element By {by.toString()}
2024-04-17 19:16:59,061 [main] INFO  base.BaseClass - Trying to find Element By {by.toString()})
2024-04-17 19:16:59,090 [main] INFO  base.BaseClass - Found Element By {by.toString()}
2024-04-17 19:16:59,640 [main] INFO  base.BaseClass - Trying to find Element By {by.toString()})
2024-04-17 19:16:59,669 [main] INFO  base.BaseClass - Found Element By {by.toString()}
2024-04-17 19:17:00,204 [main] INFO  base.BaseClass - Trying to find Element By {by.toString()})
2024-04-17 19:17:00,231 [main] INFO  base.BaseClass - Found Element By {by.toString()}
2024-04-17 19:17:00,783 [main] INFO  base.BaseClass - Trying to find Element By {by.toString()})
2024-04-17 19:17:00,811 [main] INFO  base.BaseClass - Found Element By {by.toString()}
2024-04-17 19:17:01,346 [main] INFO  base.BaseClass - Trying to find Element By {by.toString()})
2024-04-17 19:17:01,360 [main] INFO  base.BaseClass - Found Element By {by.toString()}
2024-04-17 19:17:01,891 [main] INFO  base.BaseClass - Trying to find Element By {by.toString()})
2024-04-17 19:17:01,920 [main] INFO  base.BaseClass - Found Element By {by.toString()}
2024-04-17 19:17:02,464 [main] INFO  base.BaseClass - Trying to find Element By {by.toString()})
2024-04-17 19:17:02,491 [main] INFO  base.BaseClass - Found Element By {by.toString()}
TimeoutException occurred: Expected condition failed: waiting for helper.WaitUtility$5@7fffbb87 (tried for 30 second(s) with 500 milliseconds interval)
Build info: version: '3.141.59', revision: 'e82be7d358', time: '2018-11-14T08:17:03'
System info: host: 'DPLAP166', ip: '137.237.2.236', os.name: 'Windows 10', os.arch: 'amd64', os.version: '10.0', java.version: '19.0.1'
Driver info: org.openqa.selenium.support.events.EventFiringWebDriver
Capabilities {acceptInsecureCerts: true, browserName: chrome, browserVersion: 123.0.6312.123, chrome: {chromedriverVersion: 123.0.6312.122 (31f8248cdd9..., userDataDir: C:\Users\dP-PL\AppData\Loca...}, fedcm:accounts: true, goog:chromeOptions: {debuggerAddress: localhost:51256}, javascriptEnabled: true, networkConnectionEnabled: false, pageLoadStrategy: normal, platform: WINDOWS, platformName: WINDOWS, proxy: Proxy(), setWindowRect: true, strictFileInteractability: false, timeouts: {implicit: 0, pageLoad: 300000, script: 30000}, unhandledPromptBehavior: dismiss and notify, webauthn:extension:credBlob: true, webauthn:extension:largeBlob: true, webauthn:extension:minPinLength: true, webauthn:extension:prf: true, webauthn:virtualAuthenticators: true}
Session ID: a59c4df4811f82049fe754efe723d3c1
2024-04-17 19:17:02,528 [main] ERROR RotationCopy_test - Element did not become visible within the specified time: Expected condition failed: waiting for helper.WaitUtility$5@7fffbb87 (tried for 30 second(s) with 500 milliseconds interval)
Build info: version: '3.141.59', revision: 'e82be7d358', time: '2018-11-14T08:17:03'
System info: host: 'DPLAP166', ip: '137.237.2.236', os.name: 'Windows 10', os.arch: 'amd64', os.version: '10.0', java.version: '19.0.1'
Driver info: org.openqa.selenium.support.events.EventFiringWebDriver
Capabilities {acceptInsecureCerts: true, browserName: chrome, browserVersion: 123.0.6312.123, chrome: {chromedriverVersion: 123.0.6312.122 (31f8248cdd9..., userDataDir: C:\Users\dP-PL\AppData\Loca...}, fedcm:accounts: true, goog:chromeOptions: {debuggerAddress: localhost:51256}, javascriptEnabled: true, networkConnectionEnabled: false, pageLoadStrategy: normal, platform: WINDOWS, platformName: WINDOWS, proxy: Proxy(), setWindowRect: true, strictFileInteractability: false, timeouts: {implicit: 0, pageLoad: 300000, script: 30000}, unhandledPromptBehavior: dismiss and notify, webauthn:extension:credBlob: true, webauthn:extension:largeBlob: true, webauthn:extension:minPinLength: true, webauthn:extension:prf: true, webauthn:virtualAuthenticators: true}
Session ID: a59c4df4811f82049fe754efe723d3c1
2024-04-17 19:17:02,528 [main] INFO  base.BaseClass - Trying to find Element By {by.toString()})
2024-04-17 19:17:02,549 [main] INFO  base.BaseClass - Found Element By {by.toString()}
2024-04-17 19:17:02,549 [main] INFO  base.BaseClass - Trying to click on: {element.toString()}
2024-04-17 19:17:02,616 [main] INFO  base.BaseClass - Clicked on: {element.toString()}
2024-04-17 19:17:02,621 [main] INFO  base.BaseClass - Trying to find Element By {by.toString()})
2024-04-17 19:17:02,630 [main] INFO  base.BaseClass - Found Element By {by.toString()}
2024-04-17 19:17:03,148 [main] INFO  base.BaseClass - Trying to find Element By {by.toString()})
2024-04-17 19:17:03,503 [main] INFO  base.BaseClass - Found Element By {by.toString()}
2024-04-17 19:17:04,047 [main] INFO  base.BaseClass - Trying to find Element By {by.toString()})
2024-04-17 19:17:04,077 [main] INFO  base.BaseClass - Found Element By {by.toString()}
2024-04-17 19:17:04,629 [main] INFO  base.BaseClass - Trying to find Element By {by.toString()})
2024-04-17 19:17:04,660 [main] INFO  base.BaseClass - Found Element By {by.toString()}
2024-04-17 19:17:05,208 [main] INFO  base.BaseClass - Trying to find Element By {by.toString()})
2024-04-17 19:17:05,237 [main] INFO  base.BaseClass - Found Element By {by.toString()}
2024-04-17 19:17:05,791 [main] INFO  base.BaseClass - Trying to find Element By {by.toString()})
2024-04-17 19:17:05,821 [main] INFO  base.BaseClass - Found Element By {by.toString()}
2024-04-17 19:17:06,371 [main] INFO  base.BaseClass - Trying to find Element By {by.toString()})
2024-04-17 19:17:06,401 [main] INFO  base.BaseClass - Found Element By {by.toString()}
2024-04-17 19:17:06,936 [main] INFO  base.BaseClass - Trying to find Element By {by.toString()})
2024-04-17 19:17:06,965 [main] INFO  base.BaseClass - Found Element By {by.toString()}
2024-04-17 19:17:07,500 [main] INFO  base.BaseClass - Trying to find Element By {by.toString()})
2024-04-17 19:17:07,530 [main] INFO  base.BaseClass - Found Element By {by.toString()}
2024-04-17 19:17:08,065 [main] INFO  base.BaseClass - Trying to find Element By {by.toString()})
2024-04-17 19:17:08,095 [main] INFO  base.BaseClass - Found Element By {by.toString()}
2024-04-17 19:17:08,644 [main] INFO  base.BaseClass - Trying to find Element By {by.toString()})
2024-04-17 19:17:08,673 [main] INFO  base.BaseClass - Found Element By {by.toString()}
2024-04-17 19:17:09,221 [main] INFO  base.BaseClass - Trying to find Element By {by.toString()})
2024-04-17 19:17:09,237 [main] INFO  base.BaseClass - Found Element By {by.toString()}
2024-04-17 19:17:09,767 [main] INFO  base.BaseClass - Trying to find Element By {by.toString()})
2024-04-17 19:17:09,796 [main] INFO  base.BaseClass - Found Element By {by.toString()}
2024-04-17 19:17:10,377 [main] INFO  base.BaseClass - Trying to find Element By {by.toString()})
2024-04-17 19:17:10,409 [main] INFO  base.BaseClass - Found Element By {by.toString()}
2024-04-17 19:17:10,955 [main] INFO  base.BaseClass - Trying to find Element By {by.toString()})
2024-04-17 19:17:10,983 [main] INFO  base.BaseClass - Found Element By {by.toString()}
2024-04-17 19:17:11,530 [main] INFO  base.BaseClass - Trying to find Element By {by.toString()})
2024-04-17 19:17:11,562 [main] INFO  base.BaseClass - Found Element By {by.toString()}
2024-04-17 19:17:12,111 [main] INFO  base.BaseClass - Trying to find Element By {by.toString()})
2024-04-17 19:17:12,139 [main] INFO  base.BaseClass - Found Element By {by.toString()}
2024-04-17 19:17:12,688 [main] INFO  base.BaseClass - Trying to find Element By {by.toString()})
2024-04-17 19:17:12,712 [main] INFO  base.BaseClass - Found Element By {by.toString()}
2024-04-17 19:17:13,253 [main] INFO  base.BaseClass - Trying to find Element By {by.toString()})
2024-04-17 19:17:13,282 [main] INFO  base.BaseClass - Found Element By {by.toString()}
2024-04-17 19:17:13,821 [main] INFO  base.BaseClass - Trying to find Element By {by.toString()})
2024-04-17 19:17:13,852 [main] INFO  base.BaseClass - Found Element By {by.toString()}
2024-04-17 19:17:14,399 [main] INFO  base.BaseClass - Trying to find Element By {by.toString()})
2024-04-17 19:17:14,429 [main] INFO  base.BaseClass - Found Element By {by.toString()}
2024-04-17 19:17:14,979 [main] INFO  base.BaseClass - Trying to find Element By {by.toString()})
2024-04-17 19:17:15,009 [main] INFO  base.BaseClass - Found Element By {by.toString()}
2024-04-17 19:17:15,556 [main] INFO  base.BaseClass - Trying to find Element By {by.toString()})
2024-04-17 19:17:15,586 [main] INFO  base.BaseClass - Found Element By {by.toString()}
2024-04-17 19:17:16,121 [main] INFO  base.BaseClass - Trying to find Element By {by.toString()})
2024-04-17 19:17:16,149 [main] INFO  base.BaseClass - Found Element By {by.toString()}
2024-04-17 19:17:16,696 [main] INFO  base.BaseClass - Trying to find Element By {by.toString()})
2024-04-17 19:17:16,725 [main] INFO  base.BaseClass - Found Element By {by.toString()}
2024-04-17 19:17:17,275 [main] INFO  base.BaseClass - Trying to find Element By {by.toString()})
2024-04-17 19:17:17,305 [main] INFO  base.BaseClass - Found Element By {by.toString()}
2024-04-17 19:17:17,855 [main] INFO  base.BaseClass - Trying to find Element By {by.toString()})
2024-04-17 19:17:17,884 [main] INFO  base.BaseClass - Found Element By {by.toString()}
2024-04-17 19:17:18,420 [main] INFO  base.BaseClass - Trying to find Element By {by.toString()})
2024-04-17 19:17:18,450 [main] INFO  base.BaseClass - Found Element By {by.toString()}
2024-04-17 19:17:18,983 [main] INFO  base.BaseClass - Trying to find Element By {by.toString()})
2024-04-17 19:17:19,012 [main] INFO  base.BaseClass - Found Element By {by.toString()}
2024-04-17 19:17:19,564 [main] INFO  base.BaseClass - Trying to find Element By {by.toString()})
2024-04-17 19:17:19,592 [main] INFO  base.BaseClass - Found Element By {by.toString()}
2024-04-17 19:17:20,129 [main] INFO  base.BaseClass - Trying to find Element By {by.toString()})
2024-04-17 19:17:20,160 [main] INFO  base.BaseClass - Found Element By {by.toString()}
2024-04-17 19:17:20,704 [main] INFO  base.BaseClass - Trying to find Element By {by.toString()})
2024-04-17 19:17:20,731 [main] INFO  base.BaseClass - Found Element By {by.toString()}
2024-04-17 19:17:21,284 [main] INFO  base.BaseClass - Trying to find Element By {by.toString()})
2024-04-17 19:17:21,312 [main] INFO  base.BaseClass - Found Element By {by.toString()}
2024-04-17 19:17:21,859 [main] INFO  base.BaseClass - Trying to find Element By {by.toString()})
2024-04-17 19:17:21,889 [main] INFO  base.BaseClass - Found Element By {by.toString()}
2024-04-17 19:17:22,439 [main] INFO  base.BaseClass - Trying to find Element By {by.toString()})
2024-04-17 19:17:22,467 [main] INFO  base.BaseClass - Found Element By {by.toString()}
2024-04-17 19:17:23,016 [main] INFO  base.BaseClass - Trying to find Element By {by.toString()})
2024-04-17 19:17:23,047 [main] INFO  base.BaseClass - Found Element By {by.toString()}
2024-04-17 19:17:23,581 [main] INFO  base.BaseClass - Trying to find Element By {by.toString()})
2024-04-17 19:17:23,609 [main] INFO  base.BaseClass - Found Element By {by.toString()}
2024-04-17 19:17:24,163 [main] INFO  base.BaseClass - Trying to find Element By {by.toString()})
2024-04-17 19:17:24,193 [main] INFO  base.BaseClass - Found Element By {by.toString()}
2024-04-17 19:17:24,742 [main] INFO  base.BaseClass - Trying to find Element By {by.toString()})
2024-04-17 19:17:24,772 [main] INFO  base.BaseClass - Found Element By {by.toString()}
2024-04-17 19:17:25,319 [main] INFO  base.BaseClass - Trying to find Element By {by.toString()})
2024-04-17 19:17:25,348 [main] INFO  base.BaseClass - Found Element By {by.toString()}
2024-04-17 19:17:25,896 [main] INFO  base.BaseClass - Trying to find Element By {by.toString()})
2024-04-17 19:17:25,924 [main] INFO  base.BaseClass - Found Element By {by.toString()}
2024-04-17 19:17:26,475 [main] INFO  base.BaseClass - Trying to find Element By {by.toString()})
2024-04-17 19:17:26,504 [main] INFO  base.BaseClass - Found Element By {by.toString()}
2024-04-17 19:17:27,052 [main] INFO  base.BaseClass - Trying to find Element By {by.toString()})
2024-04-17 19:17:27,081 [main] INFO  base.BaseClass - Found Element By {by.toString()}
2024-04-17 19:17:27,631 [main] INFO  base.BaseClass - Trying to find Element By {by.toString()})
2024-04-17 19:17:27,658 [main] INFO  base.BaseClass - Found Element By {by.toString()}
2024-04-17 19:17:28,210 [main] INFO  base.BaseClass - Trying to find Element By {by.toString()})
2024-04-17 19:17:28,238 [main] INFO  base.BaseClass - Found Element By {by.toString()}
2024-04-17 19:17:28,791 [main] INFO  base.BaseClass - Trying to find Element By {by.toString()})
2024-04-17 19:17:28,821 [main] INFO  base.BaseClass - Found Element By {by.toString()}
2024-04-17 19:17:29,369 [main] INFO  base.BaseClass - Trying to find Element By {by.toString()})
2024-04-17 19:17:29,398 [main] INFO  base.BaseClass - Found Element By {by.toString()}
2024-04-17 19:17:29,950 [main] INFO  base.BaseClass - Trying to find Element By {by.toString()})
2024-04-17 19:17:29,980 [main] INFO  base.BaseClass - Found Element By {by.toString()}
2024-04-17 19:17:30,531 [main] INFO  base.BaseClass - Trying to find Element By {by.toString()})
2024-04-17 19:17:30,559 [main] INFO  base.BaseClass - Found Element By {by.toString()}
2024-04-17 19:17:31,079 [main] INFO  base.BaseClass - Trying to find Element By {by.toString()})
2024-04-17 19:17:31,108 [main] INFO  base.BaseClass - Found Element By {by.toString()}
2024-04-17 19:17:31,662 [main] INFO  base.BaseClass - Trying to find Element By {by.toString()})
2024-04-17 19:17:31,691 [main] INFO  base.BaseClass - Found Element By {by.toString()}
2024-04-17 19:17:32,238 [main] INFO  base.BaseClass - Trying to find Element By {by.toString()})
2024-04-17 19:17:32,268 [main] INFO  base.BaseClass - Found Element By {by.toString()}
2024-04-17 19:17:32,815 [main] INFO  base.BaseClass - Trying to find Element By {by.toString()})
2024-04-17 19:17:32,843 [main] INFO  base.BaseClass - Found Element By {by.toString()}
TimeoutException occurred: Expected condition failed: waiting for helper.WaitUtility$5@1d56d0a6 (tried for 30 second(s) with 500 milliseconds interval)
Build info: version: '3.141.59', revision: 'e82be7d358', time: '2018-11-14T08:17:03'
System info: host: 'DPLAP166', ip: '137.237.2.236', os.name: 'Windows 10', os.arch: 'amd64', os.version: '10.0', java.version: '19.0.1'
Driver info: org.openqa.selenium.support.events.EventFiringWebDriver
Capabilities {acceptInsecureCerts: true, browserName: chrome, browserVersion: 123.0.6312.123, chrome: {chromedriverVersion: 123.0.6312.122 (31f8248cdd9..., userDataDir: C:\Users\dP-PL\AppData\Loca...}, fedcm:accounts: true, goog:chromeOptions: {debuggerAddress: localhost:51256}, javascriptEnabled: true, networkConnectionEnabled: false, pageLoadStrategy: normal, platform: WINDOWS, platformName: WINDOWS, proxy: Proxy(), setWindowRect: true, strictFileInteractability: false, timeouts: {implicit: 0, pageLoad: 300000, script: 30000}, unhandledPromptBehavior: dismiss and notify, webauthn:extension:credBlob: true, webauthn:extension:largeBlob: true, webauthn:extension:minPinLength: true, webauthn:extension:prf: true, webauthn:virtualAuthenticators: true}
Session ID: a59c4df4811f82049fe754efe723d3c1
2024-04-17 19:17:32,884 [main] ERROR RotationCopy_test - Element did not become visible within the specified time: Expected condition failed: waiting for helper.WaitUtility$5@1d56d0a6 (tried for 30 second(s) with 500 milliseconds interval)
Build info: version: '3.141.59', revision: 'e82be7d358', time: '2018-11-14T08:17:03'
System info: host: 'DPLAP166', ip: '137.237.2.236', os.name: 'Windows 10', os.arch: 'amd64', os.version: '10.0', java.version: '19.0.1'
Driver info: org.openqa.selenium.support.events.EventFiringWebDriver
Capabilities {acceptInsecureCerts: true, browserName: chrome, browserVersion: 123.0.6312.123, chrome: {chromedriverVersion: 123.0.6312.122 (31f8248cdd9..., userDataDir: C:\Users\dP-PL\AppData\Loca...}, fedcm:accounts: true, goog:chromeOptions: {debuggerAddress: localhost:51256}, javascriptEnabled: true, networkConnectionEnabled: false, pageLoadStrategy: normal, platform: WINDOWS, platformName: WINDOWS, proxy: Proxy(), setWindowRect: true, strictFileInteractability: false, timeouts: {implicit: 0, pageLoad: 300000, script: 30000}, unhandledPromptBehavior: dismiss and notify, webauthn:extension:credBlob: true, webauthn:extension:largeBlob: true, webauthn:extension:minPinLength: true, webauthn:extension:prf: true, webauthn:virtualAuthenticators: true}
Session ID: a59c4df4811f82049fe754efe723d3c1
2024-04-17 19:17:32,884 [main] INFO  base.BaseClass - Trying to find Element By {by.toString()})
2024-04-17 19:17:32,907 [main] INFO  base.BaseClass - Found Element By {by.toString()}
2024-04-17 19:17:32,907 [main] INFO  base.BaseClass - Trying to click on: {element.toString()}
2024-04-17 19:17:33,025 [main] INFO  base.BaseClass - Clicked on: {element.toString()}
2024-04-17 19:17:33,025 [main] INFO  base.BaseClass - Trying to find Element By {by.toString()})
2024-04-17 19:17:33,910 [main] INFO  base.BaseClass - Found Element By {by.toString()}
2024-04-17 19:17:34,426 [main] INFO  base.BaseClass - Trying to find Element By {by.toString()})
2024-04-17 19:17:34,459 [main] INFO  base.BaseClass - Found Element By {by.toString()}
2024-04-17 19:17:35,006 [main] INFO  base.BaseClass - Trying to find Element By {by.toString()})
2024-04-17 19:17:35,038 [main] INFO  base.BaseClass - Found Element By {by.toString()}
2024-04-17 19:17:35,580 [main] INFO  base.BaseClass - Trying to find Element By {by.toString()})
2024-04-17 19:17:35,612 [main] INFO  base.BaseClass - Found Element By {by.toString()}
2024-04-17 19:17:36,158 [main] INFO  base.BaseClass - Trying to find Element By {by.toString()})
2024-04-17 19:17:36,189 [main] INFO  base.BaseClass - Found Element By {by.toString()}
2024-04-17 19:17:36,735 [main] INFO  base.BaseClass - Trying to find Element By {by.toString()})
2024-04-17 19:17:36,766 [main] INFO  base.BaseClass - Found Element By {by.toString()}
2024-04-17 19:17:37,298 [main] INFO  base.BaseClass - Trying to find Element By {by.toString()})
2024-04-17 19:17:37,327 [main] INFO  base.BaseClass - Found Element By {by.toString()}
2024-04-17 19:17:37,864 [main] INFO  base.BaseClass - Trying to find Element By {by.toString()})
2024-04-17 19:17:37,896 [main] INFO  base.BaseClass - Found Element By {by.toString()}
2024-04-17 19:17:38,442 [main] INFO  base.BaseClass - Trying to find Element By {by.toString()})
2024-04-17 19:17:38,475 [main] INFO  base.BaseClass - Found Element By {by.toString()}
2024-04-17 19:17:39,018 [main] INFO  base.BaseClass - Trying to find Element By {by.toString()})
2024-04-17 19:17:39,049 [main] INFO  base.BaseClass - Found Element By {by.toString()}
2024-04-17 19:17:39,595 [main] INFO  base.BaseClass - Trying to find Element By {by.toString()})
2024-04-17 19:17:39,624 [main] INFO  base.BaseClass - Found Element By {by.toString()}
2024-04-17 19:17:40,157 [main] INFO  base.BaseClass - Trying to find Element By {by.toString()})
2024-04-17 19:17:40,182 [main] INFO  base.BaseClass - Found Element By {by.toString()}
2024-04-17 19:17:40,722 [main] INFO  base.BaseClass - Trying to find Element By {by.toString()})
2024-04-17 19:17:40,753 [main] INFO  base.BaseClass - Found Element By {by.toString()}
2024-04-17 19:17:41,302 [main] INFO  base.BaseClass - Trying to find Element By {by.toString()})
2024-04-17 19:17:41,332 [main] INFO  base.BaseClass - Found Element By {by.toString()}
2024-04-17 19:17:41,869 [main] INFO  base.BaseClass - Trying to find Element By {by.toString()})
2024-04-17 19:17:41,900 [main] INFO  base.BaseClass - Found Element By {by.toString()}
2024-04-17 19:17:42,433 [main] INFO  base.BaseClass - Trying to find Element By {by.toString()})
2024-04-17 19:17:42,462 [main] INFO  base.BaseClass - Found Element By {by.toString()}
2024-04-17 19:17:43,017 [main] INFO  base.BaseClass - Trying to find Element By {by.toString()})
2024-04-17 19:17:43,049 [main] INFO  base.BaseClass - Found Element By {by.toString()}
2024-04-17 19:17:43,578 [main] INFO  base.BaseClass - Trying to find Element By {by.toString()})
2024-04-17 19:17:43,610 [main] INFO  base.BaseClass - Found Element By {by.toString()}
2024-04-17 19:17:44,156 [main] INFO  base.BaseClass - Trying to find Element By {by.toString()})
2024-04-17 19:17:44,182 [main] INFO  base.BaseClass - Found Element By {by.toString()}
2024-04-17 19:17:44,720 [main] INFO  base.BaseClass - Trying to find Element By {by.toString()})
2024-04-17 19:17:44,738 [main] INFO  base.BaseClass - Found Element By {by.toString()}
2024-04-17 19:17:45,266 [main] INFO  base.BaseClass - Trying to find Element By {by.toString()})
2024-04-17 19:17:45,305 [main] INFO  base.BaseClass - Found Element By {by.toString()}
2024-04-17 19:17:45,832 [main] INFO  base.BaseClass - Trying to find Element By {by.toString()})
2024-04-17 19:17:45,858 [main] INFO  base.BaseClass - Found Element By {by.toString()}
2024-04-17 19:17:46,394 [main] INFO  base.BaseClass - Trying to find Element By {by.toString()})
2024-04-17 19:17:46,426 [main] INFO  base.BaseClass - Found Element By {by.toString()}
2024-04-17 19:17:46,972 [main] INFO  base.BaseClass - Trying to find Element By {by.toString()})
2024-04-17 19:17:47,004 [main] INFO  base.BaseClass - Found Element By {by.toString()}
2024-04-17 19:17:47,538 [main] INFO  base.BaseClass - Trying to find Element By {by.toString()})
2024-04-17 19:17:47,546 [main] INFO  base.BaseClass - Found Element By {by.toString()}
2024-04-17 19:17:48,069 [main] INFO  base.BaseClass - Trying to find Element By {by.toString()})
2024-04-17 19:17:48,085 [main] INFO  base.BaseClass - Found Element By {by.toString()}
2024-04-17 19:17:48,615 [main] INFO  base.BaseClass - Trying to find Element By {by.toString()})
2024-04-17 19:17:48,646 [main] INFO  base.BaseClass - Found Element By {by.toString()}
2024-04-17 19:17:49,192 [main] INFO  base.BaseClass - Trying to find Element By {by.toString()})
2024-04-17 19:17:49,224 [main] INFO  base.BaseClass - Found Element By {by.toString()}
2024-04-17 19:17:49,771 [main] INFO  base.BaseClass - Trying to find Element By {by.toString()})
2024-04-17 19:17:49,801 [main] INFO  base.BaseClass - Found Element By {by.toString()}
2024-04-17 19:17:50,348 [main] INFO  base.BaseClass - Trying to find Element By {by.toString()})
2024-04-17 19:17:50,379 [main] INFO  base.BaseClass - Found Element By {by.toString()}
2024-04-17 19:17:50,927 [main] INFO  base.BaseClass - Trying to find Element By {by.toString()})
2024-04-17 19:17:50,958 [main] INFO  base.BaseClass - Found Element By {by.toString()}
2024-04-17 19:17:51,502 [main] INFO  base.BaseClass - Trying to find Element By {by.toString()})
2024-04-17 19:17:51,533 [main] INFO  base.BaseClass - Found Element By {by.toString()}
2024-04-17 19:17:52,065 [main] INFO  base.BaseClass - Trying to find Element By {by.toString()})
2024-04-17 19:17:52,093 [main] INFO  base.BaseClass - Found Element By {by.toString()}
2024-04-17 19:17:52,630 [main] INFO  base.BaseClass - Trying to find Element By {by.toString()})
2024-04-17 19:17:52,662 [main] INFO  base.BaseClass - Found Element By {by.toString()}
2024-04-17 19:17:53,209 [main] INFO  base.BaseClass - Trying to find Element By {by.toString()})
2024-04-17 19:17:53,240 [main] INFO  base.BaseClass - Found Element By {by.toString()}
2024-04-17 19:17:53,786 [main] INFO  base.BaseClass - Trying to find Element By {by.toString()})
2024-04-17 19:17:53,818 [main] INFO  base.BaseClass - Found Element By {by.toString()}
2024-04-17 19:17:54,365 [main] INFO  base.BaseClass - Trying to find Element By {by.toString()})
2024-04-17 19:17:54,393 [main] INFO  base.BaseClass - Found Element By {by.toString()}
2024-04-17 19:17:54,929 [main] INFO  base.BaseClass - Trying to find Element By {by.toString()})
2024-04-17 19:17:54,959 [main] INFO  base.BaseClass - Found Element By {by.toString()}
2024-04-17 19:17:55,492 [main] INFO  base.BaseClass - Trying to find Element By {by.toString()})
2024-04-17 19:17:55,555 [main] INFO  base.BaseClass - Found Element By {by.toString()}
2024-04-17 19:17:56,117 [main] INFO  base.BaseClass - Trying to find Element By {by.toString()})
2024-04-17 19:17:56,149 [main] INFO  base.BaseClass - Found Element By {by.toString()}
2024-04-17 19:17:56,696 [main] INFO  base.BaseClass - Trying to find Element By {by.toString()})
2024-04-17 19:17:56,725 [main] INFO  base.BaseClass - Found Element By {by.toString()}
2024-04-17 19:17:57,261 [main] INFO  base.BaseClass - Trying to find Element By {by.toString()})
2024-04-17 19:17:57,291 [main] INFO  base.BaseClass - Found Element By {by.toString()}
2024-04-17 19:17:57,842 [main] INFO  base.BaseClass - Trying to find Element By {by.toString()})
2024-04-17 19:17:57,872 [main] INFO  base.BaseClass - Found Element By {by.toString()}
2024-04-17 19:17:58,422 [main] INFO  base.BaseClass - Trying to find Element By {by.toString()})
2024-04-17 19:17:58,440 [main] INFO  base.BaseClass - Found Element By {by.toString()}
2024-04-17 19:17:58,968 [main] INFO  base.BaseClass - Trying to find Element By {by.toString()})
2024-04-17 19:17:58,999 [main] INFO  base.BaseClass - Found Element By {by.toString()}
2024-04-17 19:17:59,545 [main] INFO  base.BaseClass - Trying to find Element By {by.toString()})
2024-04-17 19:17:59,568 [main] INFO  base.BaseClass - Found Element By {by.toString()}
2024-04-17 19:18:00,105 [main] INFO  base.BaseClass - Trying to find Element By {by.toString()})
2024-04-17 19:18:00,119 [main] INFO  base.BaseClass - Found Element By {by.toString()}
2024-04-17 19:18:00,650 [main] INFO  base.BaseClass - Trying to find Element By {by.toString()})
2024-04-17 19:18:00,679 [main] INFO  base.BaseClass - Found Element By {by.toString()}
2024-04-17 19:18:01,214 [main] INFO  base.BaseClass - Trying to find Element By {by.toString()})
2024-04-17 19:18:01,247 [main] INFO  base.BaseClass - Found Element By {by.toString()}
2024-04-17 19:18:01,790 [main] INFO  base.BaseClass - Trying to find Element By {by.toString()})
2024-04-17 19:18:01,825 [main] INFO  base.BaseClass - Found Element By {by.toString()}
2024-04-17 19:18:02,365 [main] INFO  base.BaseClass - Trying to find Element By {by.toString()})
2024-04-17 19:18:02,398 [main] INFO  base.BaseClass - Found Element By {by.toString()}
2024-04-17 19:18:02,941 [main] INFO  base.BaseClass - Trying to find Element By {by.toString()})
2024-04-17 19:18:02,970 [main] INFO  base.BaseClass - Found Element By {by.toString()}
2024-04-17 19:18:03,503 [main] INFO  base.BaseClass - Trying to find Element By {by.toString()})
2024-04-17 19:18:03,534 [main] INFO  base.BaseClass - Found Element By {by.toString()}
TimeoutException occurred: Expected condition failed: waiting for helper.WaitUtility$5@7994c959 (tried for 30 second(s) with 500 milliseconds interval)
Build info: version: '3.141.59', revision: 'e82be7d358', time: '2018-11-14T08:17:03'
System info: host: 'DPLAP166', ip: '137.237.2.236', os.name: 'Windows 10', os.arch: 'amd64', os.version: '10.0', java.version: '19.0.1'
Driver info: org.openqa.selenium.support.events.EventFiringWebDriver
Capabilities {acceptInsecureCerts: true, browserName: chrome, browserVersion: 123.0.6312.123, chrome: {chromedriverVersion: 123.0.6312.122 (31f8248cdd9..., userDataDir: C:\Users\dP-PL\AppData\Loca...}, fedcm:accounts: true, goog:chromeOptions: {debuggerAddress: localhost:51256}, javascriptEnabled: true, networkConnectionEnabled: false, pageLoadStrategy: normal, platform: WINDOWS, platformName: WINDOWS, proxy: Proxy(), setWindowRect: true, strictFileInteractability: false, timeouts: {implicit: 0, pageLoad: 300000, script: 30000}, unhandledPromptBehavior: dismiss and notify, webauthn:extension:credBlob: true, webauthn:extension:largeBlob: true, webauthn:extension:minPinLength: true, webauthn:extension:prf: true, webauthn:virtualAuthenticators: true}
Session ID: a59c4df4811f82049fe754efe723d3c1
2024-04-17 19:18:03,576 [main] ERROR RotationCopy_test - Element did not become visible within the specified time: Expected condition failed: waiting for helper.WaitUtility$5@7994c959 (tried for 30 second(s) with 500 milliseconds interval)
Build info: version: '3.141.59', revision: 'e82be7d358', time: '2018-11-14T08:17:03'
System info: host: 'DPLAP166', ip: '137.237.2.236', os.name: 'Windows 10', os.arch: 'amd64', os.version: '10.0', java.version: '19.0.1'
Driver info: org.openqa.selenium.support.events.EventFiringWebDriver
Capabilities {acceptInsecureCerts: true, browserName: chrome, browserVersion: 123.0.6312.123, chrome: {chromedriverVersion: 123.0.6312.122 (31f8248cdd9..., userDataDir: C:\Users\dP-PL\AppData\Loca...}, fedcm:accounts: true, goog:chromeOptions: {debuggerAddress: localhost:51256}, javascriptEnabled: true, networkConnectionEnabled: false, pageLoadStrategy: normal, platform: WINDOWS, platformName: WINDOWS, proxy: Proxy(), setWindowRect: true, strictFileInteractability: false, timeouts: {implicit: 0, pageLoad: 300000, script: 30000}, unhandledPromptBehavior: dismiss and notify, webauthn:extension:credBlob: true, webauthn:extension:largeBlob: true, webauthn:extension:minPinLength: true, webauthn:extension:prf: true, webauthn:virtualAuthenticators: true}
Session ID: a59c4df4811f82049fe754efe723d3c1
2024-04-17 19:18:03,576 [main] INFO  base.BaseClass - Trying to find Element By {by.toString()})
2024-04-17 19:18:03,599 [main] INFO  base.BaseClass - Found Element By {by.toString()}
2024-04-17 19:18:03,599 [main] INFO  base.BaseClass - Trying to click on: {element.toString()}
2024-04-17 19:18:03,683 [main] INFO  base.BaseClass - Clicked on: {element.toString()}
2024-04-17 19:18:03,683 [main] INFO  base.BaseClass - Trying to find Element By {by.toString()})
2024-04-17 19:18:03,695 [main] INFO  base.BaseClass - Found Element By {by.toString()}
2024-04-17 19:18:04,208 [main] INFO  base.BaseClass - Trying to find Element By {by.toString()})
2024-04-17 19:18:04,227 [main] INFO  base.BaseClass - Found Element By {by.toString()}
2024-04-17 19:18:04,758 [main] INFO  base.BaseClass - Trying to find Element By {by.toString()})
2024-04-17 19:18:04,791 [main] INFO  base.BaseClass - Found Element By {by.toString()}
2024-04-17 19:18:05,337 [main] INFO  base.BaseClass - Trying to find Element By {by.toString()})
2024-04-17 19:18:05,369 [main] INFO  base.BaseClass - Found Element By {by.toString()}
2024-04-17 19:18:05,914 [main] INFO  base.BaseClass - Trying to find Element By {by.toString()})
2024-04-17 19:18:05,945 [main] INFO  base.BaseClass - Found Element By {by.toString()}
2024-04-17 19:18:06,475 [main] INFO  base.BaseClass - Trying to find Element By {by.toString()})
2024-04-17 19:18:06,509 [main] INFO  base.BaseClass - Found Element By {by.toString()}
2024-04-17 19:18:07,054 [main] INFO  base.BaseClass - Trying to find Element By {by.toString()})
2024-04-17 19:18:07,086 [main] INFO  base.BaseClass - Found Element By {by.toString()}
2024-04-17 19:18:07,632 [main] INFO  base.BaseClass - Trying to find Element By {by.toString()})
2024-04-17 19:18:07,659 [main] INFO  base.BaseClass - Found Element By {by.toString()}
2024-04-17 19:18:08,192 [main] INFO  base.BaseClass - Trying to find Element By {by.toString()})
2024-04-17 19:18:08,222 [main] INFO  base.BaseClass - Found Element By {by.toString()}
2024-04-17 19:18:08,770 [main] INFO  base.BaseClass - Trying to find Element By {by.toString()})
2024-04-17 19:18:08,801 [main] INFO  base.BaseClass - Found Element By {by.toString()}
2024-04-17 19:18:09,349 [main] INFO  base.BaseClass - Trying to find Element By {by.toString()})
2024-04-17 19:18:09,361 [main] INFO  base.BaseClass - Found Element By {by.toString()}
2024-04-17 19:18:09,878 [main] INFO  base.BaseClass - Trying to find Element By {by.toString()})
2024-04-17 19:18:09,910 [main] INFO  base.BaseClass - Found Element By {by.toString()}
2024-04-17 19:18:10,456 [main] INFO  base.BaseClass - Trying to find Element By {by.toString()})
2024-04-17 19:18:10,487 [main] INFO  base.BaseClass - Found Element By {by.toString()}
2024-04-17 19:18:11,036 [main] INFO  base.BaseClass - Trying to find Element By {by.toString()})
2024-04-17 19:18:11,064 [main] INFO  base.BaseClass - Found Element By {by.toString()}
2024-04-17 19:18:11,613 [main] INFO  base.BaseClass - Trying to find Element By {by.toString()})
2024-04-17 19:18:11,644 [main] INFO  base.BaseClass - Found Element By {by.toString()}
2024-04-17 19:18:12,191 [main] INFO  base.BaseClass - Trying to find Element By {by.toString()})
2024-04-17 19:18:12,221 [main] INFO  base.BaseClass - Found Element By {by.toString()}
2024-04-17 19:18:12,769 [main] INFO  base.BaseClass - Trying to find Element By {by.toString()})
2024-04-17 19:18:12,799 [main] INFO  base.BaseClass - Found Element By {by.toString()}
2024-04-17 19:18:13,335 [main] INFO  base.BaseClass - Trying to find Element By {by.toString()})
2024-04-17 19:18:13,366 [main] INFO  base.BaseClass - Found Element By {by.toString()}
2024-04-17 19:18:13,914 [main] INFO  base.BaseClass - Trying to find Element By {by.toString()})
2024-04-17 19:18:13,971 [main] INFO  base.BaseClass - Found Element By {by.toString()}
2024-04-17 19:18:14,511 [main] INFO  base.BaseClass - Trying to find Element By {by.toString()})
2024-04-17 19:18:14,542 [main] INFO  base.BaseClass - Found Element By {by.toString()}
2024-04-17 19:18:15,091 [main] INFO  base.BaseClass - Trying to find Element By {by.toString()})
2024-04-17 19:18:15,121 [main] INFO  base.BaseClass - Found Element By {by.toString()}
2024-04-17 19:18:15,669 [main] INFO  base.BaseClass - Trying to find Element By {by.toString()})
2024-04-17 19:18:15,701 [main] INFO  base.BaseClass - Found Element By {by.toString()}
2024-04-17 19:18:16,246 [main] INFO  base.BaseClass - Trying to find Element By {by.toString()})
2024-04-17 19:18:16,276 [main] INFO  base.BaseClass - Found Element By {by.toString()}
2024-04-17 19:18:16,825 [main] INFO  base.BaseClass - Trying to find Element By {by.toString()})
2024-04-17 19:18:16,855 [main] INFO  base.BaseClass - Found Element By {by.toString()}
2024-04-17 19:18:17,401 [main] INFO  base.BaseClass - Trying to find Element By {by.toString()})
2024-04-17 19:18:17,432 [main] INFO  base.BaseClass - Found Element By {by.toString()}
2024-04-17 19:18:17,981 [main] INFO  base.BaseClass - Trying to find Element By {by.toString()})
2024-04-17 19:18:18,010 [main] INFO  base.BaseClass - Found Element By {by.toString()}
2024-04-17 19:18:18,543 [main] INFO  base.BaseClass - Trying to find Element By {by.toString()})
2024-04-17 19:18:18,576 [main] INFO  base.BaseClass - Found Element By {by.toString()}
2024-04-17 19:18:19,120 [main] INFO  base.BaseClass - Trying to find Element By {by.toString()})
2024-04-17 19:18:19,131 [main] INFO  base.BaseClass - Found Element By {by.toString()}
2024-04-17 19:18:19,650 [main] INFO  base.BaseClass - Trying to find Element By {by.toString()})
2024-04-17 19:18:19,675 [main] INFO  base.BaseClass - Found Element By {by.toString()}
2024-04-17 19:18:20,195 [main] INFO  base.BaseClass - Trying to find Element By {by.toString()})
2024-04-17 19:18:20,212 [main] INFO  base.BaseClass - Found Element By {by.toString()}
2024-04-17 19:18:20,742 [main] INFO  base.BaseClass - Trying to find Element By {by.toString()})
2024-04-17 19:18:20,767 [main] INFO  base.BaseClass - Found Element By {by.toString()}
2024-04-17 19:18:21,288 [main] INFO  base.BaseClass - Trying to find Element By {by.toString()})
2024-04-17 19:18:21,322 [main] INFO  base.BaseClass - Found Element By {by.toString()}
2024-04-17 19:18:21,862 [main] INFO  base.BaseClass - Trying to find Element By {by.toString()})
2024-04-17 19:18:21,896 [main] INFO  base.BaseClass - Found Element By {by.toString()}
2024-04-17 19:18:22,437 [main] INFO  base.BaseClass - Trying to find Element By {by.toString()})
2024-04-17 19:18:22,472 [main] INFO  base.BaseClass - Found Element By {by.toString()}
2024-04-17 19:18:23,000 [main] INFO  base.BaseClass - Trying to find Element By {by.toString()})
2024-04-17 19:18:23,032 [main] INFO  base.BaseClass - Found Element By {by.toString()}
2024-04-17 19:18:23,561 [main] INFO  base.BaseClass - Trying to find Element By {by.toString()})
2024-04-17 19:18:23,596 [main] INFO  base.BaseClass - Found Element By {by.toString()}
2024-04-17 19:18:24,125 [main] INFO  base.BaseClass - Trying to find Element By {by.toString()})
2024-04-17 19:18:24,143 [main] INFO  base.BaseClass - Found Element By {by.toString()}
2024-04-17 19:18:24,670 [main] INFO  base.BaseClass - Trying to find Element By {by.toString()})
2024-04-17 19:18:24,702 [main] INFO  base.BaseClass - Found Element By {by.toString()}
2024-04-17 19:18:25,230 [main] INFO  base.BaseClass - Trying to find Element By {by.toString()})
2024-04-17 19:18:25,260 [main] INFO  base.BaseClass - Found Element By {by.toString()}
2024-04-17 19:18:25,792 [main] INFO  base.BaseClass - Trying to find Element By {by.toString()})
2024-04-17 19:18:25,826 [main] INFO  base.BaseClass - Found Element By {by.toString()}
2024-04-17 19:18:26,370 [main] INFO  base.BaseClass - Trying to find Element By {by.toString()})
2024-04-17 19:18:26,406 [main] INFO  base.BaseClass - Found Element By {by.toString()}
2024-04-17 19:18:26,947 [main] INFO  base.BaseClass - Trying to find Element By {by.toString()})
2024-04-17 19:18:26,983 [main] INFO  base.BaseClass - Found Element By {by.toString()}
2024-04-17 19:18:27,523 [main] INFO  base.BaseClass - Trying to find Element By {by.toString()})
2024-04-17 19:18:27,558 [main] INFO  base.BaseClass - Found Element By {by.toString()}
2024-04-17 19:18:28,103 [main] INFO  base.BaseClass - Trying to find Element By {by.toString()})
2024-04-17 19:18:28,128 [main] INFO  base.BaseClass - Found Element By {by.toString()}
2024-04-17 19:18:28,651 [main] INFO  base.BaseClass - Trying to find Element By {by.toString()})
2024-04-17 19:18:28,684 [main] INFO  base.BaseClass - Found Element By {by.toString()}
2024-04-17 19:18:29,230 [main] INFO  base.BaseClass - Trying to find Element By {by.toString()})
2024-04-17 19:18:29,258 [main] INFO  base.BaseClass - Found Element By {by.toString()}
2024-04-17 19:18:29,806 [main] INFO  base.BaseClass - Trying to find Element By {by.toString()})
2024-04-17 19:18:29,837 [main] INFO  base.BaseClass - Found Element By {by.toString()}
2024-04-17 19:18:30,384 [main] INFO  base.BaseClass - Trying to find Element By {by.toString()})
2024-04-17 19:18:30,415 [main] INFO  base.BaseClass - Found Element By {by.toString()}
2024-04-17 19:18:30,959 [main] INFO  base.BaseClass - Trying to find Element By {by.toString()})
2024-04-17 19:18:30,990 [main] INFO  base.BaseClass - Found Element By {by.toString()}
2024-04-17 19:18:31,510 [main] INFO  base.BaseClass - Trying to find Element By {by.toString()})
2024-04-17 19:18:31,539 [main] INFO  base.BaseClass - Found Element By {by.toString()}
2024-04-17 19:18:32,071 [main] INFO  base.BaseClass - Trying to find Element By {by.toString()})
2024-04-17 19:18:32,103 [main] INFO  base.BaseClass - Found Element By {by.toString()}
2024-04-17 19:18:32,647 [main] INFO  base.BaseClass - Trying to find Element By {by.toString()})
2024-04-17 19:18:32,737 [main] INFO  base.BaseClass - Found Element By {by.toString()}
2024-04-17 19:18:33,268 [main] INFO  base.BaseClass - Trying to find Element By {by.toString()})
2024-04-17 19:18:33,282 [main] INFO  base.BaseClass - Found Element By {by.toString()}
2024-04-17 19:18:33,813 [main] INFO  base.BaseClass - Trying to find Element By {by.toString()})
2024-04-17 19:18:33,844 [main] INFO  base.BaseClass - Found Element By {by.toString()}
TimeoutException occurred: Expected condition failed: waiting for helper.WaitUtility$5@55d7922 (tried for 30 second(s) with 500 milliseconds interval)
Build info: version: '3.141.59', revision: 'e82be7d358', time: '2018-11-14T08:17:03'
System info: host: 'DPLAP166', ip: '137.237.2.236', os.name: 'Windows 10', os.arch: 'amd64', os.version: '10.0', java.version: '19.0.1'
Driver info: org.openqa.selenium.support.events.EventFiringWebDriver
Capabilities {acceptInsecureCerts: true, browserName: chrome, browserVersion: 123.0.6312.123, chrome: {chromedriverVersion: 123.0.6312.122 (31f8248cdd9..., userDataDir: C:\Users\dP-PL\AppData\Loca...}, fedcm:accounts: true, goog:chromeOptions: {debuggerAddress: localhost:51256}, javascriptEnabled: true, networkConnectionEnabled: false, pageLoadStrategy: normal, platform: WINDOWS, platformName: WINDOWS, proxy: Proxy(), setWindowRect: true, strictFileInteractability: false, timeouts: {implicit: 0, pageLoad: 300000, script: 30000}, unhandledPromptBehavior: dismiss and notify, webauthn:extension:credBlob: true, webauthn:extension:largeBlob: true, webauthn:extension:minPinLength: true, webauthn:extension:prf: true, webauthn:virtualAuthenticators: true}
Session ID: a59c4df4811f82049fe754efe723d3c1
2024-04-17 19:18:33,865 [main] ERROR RotationCopy_test - Element did not become visible within the specified time: Expected condition failed: waiting for helper.WaitUtility$5@55d7922 (tried for 30 second(s) with 500 milliseconds interval)
Build info: version: '3.141.59', revision: 'e82be7d358', time: '2018-11-14T08:17:03'
System info: host: 'DPLAP166', ip: '137.237.2.236', os.name: 'Windows 10', os.arch: 'amd64', os.version: '10.0', java.version: '19.0.1'
Driver info: org.openqa.selenium.support.events.EventFiringWebDriver
Capabilities {acceptInsecureCerts: true, browserName: chrome, browserVersion: 123.0.6312.123, chrome: {chromedriverVersion: 123.0.6312.122 (31f8248cdd9..., userDataDir: C:\Users\dP-PL\AppData\Loca...}, fedcm:accounts: true, goog:chromeOptions: {debuggerAddress: localhost:51256}, javascriptEnabled: true, networkConnectionEnabled: false, pageLoadStrategy: normal, platform: WINDOWS, platformName: WINDOWS, proxy: Proxy(), setWindowRect: true, strictFileInteractability: false, timeouts: {implicit: 0, pageLoad: 300000, script: 30000}, unhandledPromptBehavior: dismiss and notify, webauthn:extension:credBlob: true, webauthn:extension:largeBlob: true, webauthn:extension:minPinLength: true, webauthn:extension:prf: true, webauthn:virtualAuthenticators: true}
Session ID: a59c4df4811f82049fe754efe723d3c1
2024-04-17 19:18:33,865 [main] INFO  base.BaseClass - Trying to find Element By {by.toString()})
2024-04-17 19:18:33,874 [main] INFO  base.BaseClass - Found Element By {by.toString()}
2024-04-17 19:18:33,874 [main] INFO  base.BaseClass - Trying to click on: {element.toString()}
2024-04-17 19:18:33,981 [main] INFO  base.BaseClass - Clicked on: {element.toString()}
2024-04-17 19:18:33,987 [main] INFO  base.BaseClass - Trying to find Element By {by.toString()})
2024-04-17 19:18:33,999 [main] INFO  base.BaseClass - Found Element By {by.toString()}
2024-04-17 19:18:34,516 [main] INFO  base.BaseClass - Trying to find Element By {by.toString()})
2024-04-17 19:18:34,534 [main] INFO  base.BaseClass - Found Element By {by.toString()}
2024-04-17 19:18:35,063 [main] INFO  base.BaseClass - Trying to find Element By {by.toString()})
2024-04-17 19:18:35,094 [main] INFO  base.BaseClass - Found Element By {by.toString()}
2024-04-17 19:18:35,627 [main] INFO  base.BaseClass - Trying to find Element By {by.toString()})
2024-04-17 19:18:35,657 [main] INFO  base.BaseClass - Found Element By {by.toString()}
2024-04-17 19:18:36,176 [main] INFO  base.BaseClass - Trying to find Element By {by.toString()})
2024-04-17 19:18:36,188 [main] INFO  base.BaseClass - Found Element By {by.toString()}
2024-04-17 19:18:36,708 [main] INFO  base.BaseClass - Trying to find Element By {by.toString()})
2024-04-17 19:18:36,718 [main] INFO  base.BaseClass - Found Element By {by.toString()}
2024-04-17 19:18:37,241 [main] INFO  base.BaseClass - Trying to find Element By {by.toString()})
2024-04-17 19:18:37,259 [main] INFO  base.BaseClass - Found Element By {by.toString()}
2024-04-17 19:18:37,791 [main] INFO  base.BaseClass - Trying to find Element By {by.toString()})
2024-04-17 19:18:37,825 [main] INFO  base.BaseClass - Found Element By {by.toString()}
2024-04-17 19:18:38,372 [main] INFO  base.BaseClass - Trying to find Element By {by.toString()})
2024-04-17 19:18:38,382 [main] INFO  base.BaseClass - Found Element By {by.toString()}
2024-04-17 19:18:38,905 [main] INFO  base.BaseClass - Trying to find Element By {by.toString()})
2024-04-17 19:18:38,935 [main] INFO  base.BaseClass - Found Element By {by.toString()}
2024-04-17 19:18:39,484 [main] INFO  base.BaseClass - Trying to find Element By {by.toString()})
2024-04-17 19:18:39,508 [main] INFO  base.BaseClass - Found Element By {by.toString()}
2024-04-17 19:18:40,032 [main] INFO  base.BaseClass - Trying to find Element By {by.toString()})
2024-04-17 19:18:40,045 [main] INFO  base.BaseClass - Found Element By {by.toString()}
2024-04-17 19:18:40,562 [main] INFO  base.BaseClass - Trying to find Element By {by.toString()})
2024-04-17 19:18:40,582 [main] INFO  base.BaseClass - Found Element By {by.toString()}
2024-04-17 19:18:41,137 [main] INFO  base.BaseClass - Trying to find Element By {by.toString()})
2024-04-17 19:18:41,168 [main] INFO  base.BaseClass - Found Element By {by.toString()}
2024-04-17 19:18:41,714 [main] INFO  base.BaseClass - Trying to find Element By {by.toString()})
2024-04-17 19:18:41,744 [main] INFO  base.BaseClass - Found Element By {by.toString()}
2024-04-17 19:18:42,290 [main] INFO  base.BaseClass - Trying to find Element By {by.toString()})
2024-04-17 19:18:42,318 [main] INFO  base.BaseClass - Found Element By {by.toString()}
2024-04-17 19:18:42,871 [main] INFO  base.BaseClass - Trying to find Element By {by.toString()})
2024-04-17 19:18:42,900 [main] INFO  base.BaseClass - Found Element By {by.toString()}
2024-04-17 19:18:43,446 [main] INFO  base.BaseClass - Trying to find Element By {by.toString()})
2024-04-17 19:18:43,478 [main] INFO  base.BaseClass - Found Element By {by.toString()}
2024-04-17 19:18:44,022 [main] INFO  base.BaseClass - Trying to find Element By {by.toString()})
2024-04-17 19:18:44,047 [main] INFO  base.BaseClass - Found Element By {by.toString()}
2024-04-17 19:18:44,584 [main] INFO  base.BaseClass - Trying to find Element By {by.toString()})
2024-04-17 19:18:44,608 [main] INFO  base.BaseClass - Found Element By {by.toString()}
2024-04-17 19:18:45,160 [main] INFO  base.BaseClass - Trying to find Element By {by.toString()})
2024-04-17 19:18:45,178 [main] INFO  base.BaseClass - Found Element By {by.toString()}
2024-04-17 19:18:45,722 [main] INFO  base.BaseClass - Trying to find Element By {by.toString()})
2024-04-17 19:18:45,735 [main] INFO  base.BaseClass - Found Element By {by.toString()}
2024-04-17 19:18:46,256 [main] INFO  base.BaseClass - Trying to find Element By {by.toString()})
2024-04-17 19:18:46,265 [main] INFO  base.BaseClass - Found Element By {by.toString()}
2024-04-17 19:18:46,790 [main] INFO  base.BaseClass - Trying to find Element By {by.toString()})
2024-04-17 19:18:46,800 [main] INFO  base.BaseClass - Found Element By {by.toString()}
2024-04-17 19:18:47,319 [main] INFO  base.BaseClass - Trying to find Element By {by.toString()})
2024-04-17 19:18:47,331 [main] INFO  base.BaseClass - Found Element By {by.toString()}
2024-04-17 19:18:47,850 [main] INFO  base.BaseClass - Trying to find Element By {by.toString()})
2024-04-17 19:18:47,866 [main] INFO  base.BaseClass - Found Element By {by.toString()}
2024-04-17 19:18:48,397 [main] INFO  base.BaseClass - Trying to find Element By {by.toString()})
2024-04-17 19:18:48,414 [main] INFO  base.BaseClass - Found Element By {by.toString()}
2024-04-17 19:18:48,940 [main] INFO  base.BaseClass - Trying to find Element By {by.toString()})
2024-04-17 19:18:48,963 [main] INFO  base.BaseClass - Found Element By {by.toString()}
2024-04-17 19:18:49,502 [main] INFO  base.BaseClass - Trying to find Element By {by.toString()})
2024-04-17 19:18:49,527 [main] INFO  base.BaseClass - Found Element By {by.toString()}
2024-04-17 19:18:50,065 [main] INFO  base.BaseClass - Trying to find Element By {by.toString()})
2024-04-17 19:18:50,080 [main] INFO  base.BaseClass - Found Element By {by.toString()}
2024-04-17 19:18:50,608 [main] INFO  base.BaseClass - Trying to find Element By {by.toString()})
2024-04-17 19:18:50,641 [main] INFO  base.BaseClass - Found Element By {by.toString()}
2024-04-17 19:18:51,170 [main] INFO  base.BaseClass - Trying to find Element By {by.toString()})
2024-04-17 19:18:51,202 [main] INFO  base.BaseClass - Found Element By {by.toString()}
2024-04-17 19:18:51,748 [main] INFO  base.BaseClass - Trying to find Element By {by.toString()})
2024-04-17 19:18:51,765 [main] INFO  base.BaseClass - Found Element By {by.toString()}
2024-04-17 19:18:52,295 [main] INFO  base.BaseClass - Trying to find Element By {by.toString()})
2024-04-17 19:18:52,312 [main] INFO  base.BaseClass - Found Element By {by.toString()}
2024-04-17 19:18:52,856 [main] INFO  base.BaseClass - Trying to find Element By {by.toString()})
2024-04-17 19:18:52,881 [main] INFO  base.BaseClass - Found Element By {by.toString()}
2024-04-17 19:18:53,415 [main] INFO  base.BaseClass - Trying to find Element By {by.toString()})
2024-04-17 19:18:53,447 [main] INFO  base.BaseClass - Found Element By {by.toString()}
2024-04-17 19:18:53,978 [main] INFO  base.BaseClass - Trying to find Element By {by.toString()})
2024-04-17 19:18:54,006 [main] INFO  base.BaseClass - Found Element By {by.toString()}
2024-04-17 19:18:54,553 [main] INFO  base.BaseClass - Trying to find Element By {by.toString()})
2024-04-17 19:18:54,573 [main] INFO  base.BaseClass - Found Element By {by.toString()}
2024-04-17 19:18:55,103 [main] INFO  base.BaseClass - Trying to find Element By {by.toString()})
2024-04-17 19:18:55,134 [main] INFO  base.BaseClass - Found Element By {by.toString()}
2024-04-17 19:18:55,683 [main] INFO  base.BaseClass - Trying to find Element By {by.toString()})
2024-04-17 19:18:55,711 [main] INFO  base.BaseClass - Found Element By {by.toString()}
2024-04-17 19:18:56,258 [main] INFO  base.BaseClass - Trying to find Element By {by.toString()})
2024-04-17 19:18:56,288 [main] INFO  base.BaseClass - Found Element By {by.toString()}
2024-04-17 19:18:56,834 [main] INFO  base.BaseClass - Trying to find Element By {by.toString()})
2024-04-17 19:18:56,863 [main] INFO  base.BaseClass - Found Element By {by.toString()}
2024-04-17 19:18:57,398 [main] INFO  base.BaseClass - Trying to find Element By {by.toString()})
2024-04-17 19:18:57,424 [main] INFO  base.BaseClass - Found Element By {by.toString()}
2024-04-17 19:18:57,959 [main] INFO  base.BaseClass - Trying to find Element By {by.toString()})
2024-04-17 19:18:57,988 [main] INFO  base.BaseClass - Found Element By {by.toString()}
2024-04-17 19:18:58,537 [main] INFO  base.BaseClass - Trying to find Element By {by.toString()})
2024-04-17 19:18:58,566 [main] INFO  base.BaseClass - Found Element By {by.toString()}
2024-04-17 19:18:59,115 [main] INFO  base.BaseClass - Trying to find Element By {by.toString()})
2024-04-17 19:18:59,129 [main] INFO  base.BaseClass - Found Element By {by.toString()}
2024-04-17 19:18:59,650 [main] INFO  base.BaseClass - Trying to find Element By {by.toString()})
2024-04-17 19:18:59,662 [main] INFO  base.BaseClass - Found Element By {by.toString()}
2024-04-17 19:19:00,187 [main] INFO  base.BaseClass - Trying to find Element By {by.toString()})
2024-04-17 19:19:00,198 [main] INFO  base.BaseClass - Found Element By {by.toString()}
2024-04-17 19:19:00,725 [main] INFO  base.BaseClass - Trying to find Element By {by.toString()})
2024-04-17 19:19:00,743 [main] INFO  base.BaseClass - Found Element By {by.toString()}
2024-04-17 19:19:01,277 [main] INFO  base.BaseClass - Trying to find Element By {by.toString()})
2024-04-17 19:19:01,286 [main] INFO  base.BaseClass - Found Element By {by.toString()}
2024-04-17 19:19:01,811 [main] INFO  base.BaseClass - Trying to find Element By {by.toString()})
2024-04-17 19:19:01,833 [main] INFO  base.BaseClass - Found Element By {by.toString()}
2024-04-17 19:19:02,357 [main] INFO  base.BaseClass - Trying to find Element By {by.toString()})
2024-04-17 19:19:02,382 [main] INFO  base.BaseClass - Found Element By {by.toString()}
2024-04-17 19:19:02,934 [main] INFO  base.BaseClass - Trying to find Element By {by.toString()})
2024-04-17 19:19:02,962 [main] INFO  base.BaseClass - Found Element By {by.toString()}
2024-04-17 19:19:03,508 [main] INFO  base.BaseClass - Trying to find Element By {by.toString()})
2024-04-17 19:19:03,531 [main] INFO  base.BaseClass - Found Element By {by.toString()}
2024-04-17 19:19:04,054 [main] INFO  base.BaseClass - Trying to find Element By {by.toString()})
2024-04-17 19:19:04,084 [main] INFO  base.BaseClass - Found Element By {by.toString()}
TimeoutException occurred: Expected condition failed: waiting for helper.WaitUtility$5@7885491f (tried for 30 second(s) with 500 milliseconds interval)
Build info: version: '3.141.59', revision: 'e82be7d358', time: '2018-11-14T08:17:03'
System info: host: 'DPLAP166', ip: '137.237.2.236', os.name: 'Windows 10', os.arch: 'amd64', os.version: '10.0', java.version: '19.0.1'
Driver info: org.openqa.selenium.support.events.EventFiringWebDriver
Capabilities {acceptInsecureCerts: true, browserName: chrome, browserVersion: 123.0.6312.123, chrome: {chromedriverVersion: 123.0.6312.122 (31f8248cdd9..., userDataDir: C:\Users\dP-PL\AppData\Loca...}, fedcm:accounts: true, goog:chromeOptions: {debuggerAddress: localhost:51256}, javascriptEnabled: true, networkConnectionEnabled: false, pageLoadStrategy: normal, platform: WINDOWS, platformName: WINDOWS, proxy: Proxy(), setWindowRect: true, strictFileInteractability: false, timeouts: {implicit: 0, pageLoad: 300000, script: 30000}, unhandledPromptBehavior: dismiss and notify, webauthn:extension:credBlob: true, webauthn:extension:largeBlob: true, webauthn:extension:minPinLength: true, webauthn:extension:prf: true, webauthn:virtualAuthenticators: true}
Session ID: a59c4df4811f82049fe754efe723d3c1
2024-04-17 19:19:04,129 [main] ERROR RotationCopy_test - Element did not become visible within the specified time: Expected condition failed: waiting for helper.WaitUtility$5@7885491f (tried for 30 second(s) with 500 milliseconds interval)
Build info: version: '3.141.59', revision: 'e82be7d358', time: '2018-11-14T08:17:03'
System info: host: 'DPLAP166', ip: '137.237.2.236', os.name: 'Windows 10', os.arch: 'amd64', os.version: '10.0', java.version: '19.0.1'
Driver info: org.openqa.selenium.support.events.EventFiringWebDriver
Capabilities {acceptInsecureCerts: true, browserName: chrome, browserVersion: 123.0.6312.123, chrome: {chromedriverVersion: 123.0.6312.122 (31f8248cdd9..., userDataDir: C:\Users\dP-PL\AppData\Loca...}, fedcm:accounts: true, goog:chromeOptions: {debuggerAddress: localhost:51256}, javascriptEnabled: true, networkConnectionEnabled: false, pageLoadStrategy: normal, platform: WINDOWS, platformName: WINDOWS, proxy: Proxy(), setWindowRect: true, strictFileInteractability: false, timeouts: {implicit: 0, pageLoad: 300000, script: 30000}, unhandledPromptBehavior: dismiss and notify, webauthn:extension:credBlob: true, webauthn:extension:largeBlob: true, webauthn:extension:minPinLength: true, webauthn:extension:prf: true, webauthn:virtualAuthenticators: true}
Session ID: a59c4df4811f82049fe754efe723d3c1
2024-04-17 19:19:04,129 [main] INFO  base.BaseClass - Trying to find Element By {by.toString()})
2024-04-17 19:19:04,151 [main] INFO  base.BaseClass - Found Element By {by.toString()}
2024-04-17 19:19:04,151 [main] INFO  base.BaseClass - Trying to click on: {element.toString()}
2024-04-17 19:19:04,222 [main] INFO  base.BaseClass - Clicked on: {element.toString()}
2024-04-17 19:19:04,229 [main] INFO  base.BaseClass - Trying to find Element By {by.toString()})
2024-04-17 19:19:04,238 [main] INFO  base.BaseClass - Found Element By {by.toString()}
2024-04-17 19:19:04,756 [main] INFO  base.BaseClass - Trying to find Element By {by.toString()})
2024-04-17 19:19:05,077 [main] INFO  base.BaseClass - Found Element By {by.toString()}
2024-04-17 19:19:05,596 [main] INFO  base.BaseClass - Trying to find Element By {by.toString()})
2024-04-17 19:19:05,621 [main] INFO  base.BaseClass - Found Element By {by.toString()}
2024-04-17 19:19:06,157 [main] INFO  base.BaseClass - Trying to find Element By {by.toString()})
2024-04-17 19:19:06,185 [main] INFO  base.BaseClass - Found Element By {by.toString()}
2024-04-17 19:19:06,716 [main] INFO  base.BaseClass - Trying to find Element By {by.toString()})
2024-04-17 19:19:06,779 [main] INFO  base.BaseClass - Found Element By {by.toString()}
2024-04-17 19:19:07,328 [main] INFO  base.BaseClass - Trying to find Element By {by.toString()})
2024-04-17 19:19:07,362 [main] INFO  base.BaseClass - Found Element By {by.toString()}
2024-04-17 19:19:07,906 [main] INFO  base.BaseClass - Trying to find Element By {by.toString()})
2024-04-17 19:19:07,927 [main] INFO  base.BaseClass - Found Element By {by.toString()}
2024-04-17 19:19:08,454 [main] INFO  base.BaseClass - Trying to find Element By {by.toString()})
2024-04-17 19:19:08,481 [main] INFO  base.BaseClass - Found Element By {by.toString()}
2024-04-17 19:19:09,015 [main] INFO  base.BaseClass - Trying to find Element By {by.toString()})
2024-04-17 19:19:09,039 [main] INFO  base.BaseClass - Found Element By {by.toString()}
2024-04-17 19:19:09,575 [main] INFO  base.BaseClass - Trying to find Element By {by.toString()})
2024-04-17 19:19:09,602 [main] INFO  base.BaseClass - Found Element By {by.toString()}
2024-04-17 19:19:10,139 [main] INFO  base.BaseClass - Trying to find Element By {by.toString()})
2024-04-17 19:19:10,157 [main] INFO  base.BaseClass - Found Element By {by.toString()}
2024-04-17 19:19:10,683 [main] INFO  base.BaseClass - Trying to find Element By {by.toString()})
2024-04-17 19:19:10,702 [main] INFO  base.BaseClass - Found Element By {by.toString()}
2024-04-17 19:19:11,230 [main] INFO  base.BaseClass - Trying to find Element By {by.toString()})
2024-04-17 19:19:11,245 [main] INFO  base.BaseClass - Found Element By {by.toString()}
2024-04-17 19:19:11,771 [main] INFO  base.BaseClass - Trying to find Element By {by.toString()})
2024-04-17 19:19:11,788 [main] INFO  base.BaseClass - Found Element By {by.toString()}
2024-04-17 19:19:12,318 [main] INFO  base.BaseClass - Trying to find Element By {by.toString()})
2024-04-17 19:19:12,341 [main] INFO  base.BaseClass - Found Element By {by.toString()}
2024-04-17 19:19:12,882 [main] INFO  base.BaseClass - Trying to find Element By {by.toString()})
2024-04-17 19:19:12,892 [main] INFO  base.BaseClass - Found Element By {by.toString()}
2024-04-17 19:19:13,411 [main] INFO  base.BaseClass - Trying to find Element By {by.toString()})
2024-04-17 19:19:13,427 [main] INFO  base.BaseClass - Found Element By {by.toString()}
2024-04-17 19:19:13,961 [main] INFO  base.BaseClass - Trying to find Element By {by.toString()})
2024-04-17 19:19:13,992 [main] INFO  base.BaseClass - Found Element By {by.toString()}
2024-04-17 19:19:14,535 [main] INFO  base.BaseClass - Trying to find Element By {by.toString()})
2024-04-17 19:19:14,548 [main] INFO  base.BaseClass - Found Element By {by.toString()}
2024-04-17 19:19:15,066 [main] INFO  base.BaseClass - Trying to find Element By {by.toString()})
2024-04-17 19:19:15,099 [main] INFO  base.BaseClass - Found Element By {by.toString()}
2024-04-17 19:19:15,643 [main] INFO  base.BaseClass - Trying to find Element By {by.toString()})
2024-04-17 19:19:15,657 [main] INFO  base.BaseClass - Found Element By {by.toString()}
2024-04-17 19:19:16,189 [main] INFO  base.BaseClass - Trying to find Element By {by.toString()})
2024-04-17 19:19:16,203 [main] INFO  base.BaseClass - Found Element By {by.toString()}
2024-04-17 19:19:16,733 [main] INFO  base.BaseClass - Trying to find Element By {by.toString()})
2024-04-17 19:19:16,746 [main] INFO  base.BaseClass - Found Element By {by.toString()}
2024-04-17 19:19:17,279 [main] INFO  base.BaseClass - Trying to find Element By {by.toString()})
2024-04-17 19:19:17,293 [main] INFO  base.BaseClass - Found Element By {by.toString()}
2024-04-17 19:19:17,823 [main] INFO  base.BaseClass - Trying to find Element By {by.toString()})
2024-04-17 19:19:17,860 [main] INFO  base.BaseClass - Found Element By {by.toString()}
2024-04-17 19:19:18,403 [main] INFO  base.BaseClass - Trying to find Element By {by.toString()})
2024-04-17 19:19:18,436 [main] INFO  base.BaseClass - Found Element By {by.toString()}
2024-04-17 19:19:18,965 [main] INFO  base.BaseClass - Trying to find Element By {by.toString()})
2024-04-17 19:19:18,975 [main] INFO  base.BaseClass - Found Element By {by.toString()}
2024-04-17 19:19:19,497 [main] INFO  base.BaseClass - Trying to find Element By {by.toString()})
2024-04-17 19:19:19,529 [main] INFO  base.BaseClass - Found Element By {by.toString()}
2024-04-17 19:19:20,077 [main] INFO  base.BaseClass - Trying to find Element By {by.toString()})
2024-04-17 19:19:20,107 [main] INFO  base.BaseClass - Found Element By {by.toString()}
2024-04-17 19:19:20,657 [main] INFO  base.BaseClass - Trying to find Element By {by.toString()})
2024-04-17 19:19:20,685 [main] INFO  base.BaseClass - Found Element By {by.toString()}
2024-04-17 19:19:21,232 [main] INFO  base.BaseClass - Trying to find Element By {by.toString()})
2024-04-17 19:19:21,261 [main] INFO  base.BaseClass - Found Element By {by.toString()}
2024-04-17 19:19:21,808 [main] INFO  base.BaseClass - Trying to find Element By {by.toString()})
2024-04-17 19:19:21,837 [main] INFO  base.BaseClass - Found Element By {by.toString()}
2024-04-17 19:19:22,390 [main] INFO  base.BaseClass - Trying to find Element By {by.toString()})
2024-04-17 19:19:22,419 [main] INFO  base.BaseClass - Found Element By {by.toString()}
2024-04-17 19:19:22,938 [main] INFO  base.BaseClass - Trying to find Element By {by.toString()})
2024-04-17 19:19:22,968 [main] INFO  base.BaseClass - Found Element By {by.toString()}
2024-04-17 19:19:23,520 [main] INFO  base.BaseClass - Trying to find Element By {by.toString()})
2024-04-17 19:19:23,549 [main] INFO  base.BaseClass - Found Element By {by.toString()}
2024-04-17 19:19:24,102 [main] INFO  base.BaseClass - Trying to find Element By {by.toString()})
2024-04-17 19:19:24,129 [main] INFO  base.BaseClass - Found Element By {by.toString()}
2024-04-17 19:19:24,665 [main] INFO  base.BaseClass - Trying to find Element By {by.toString()})
2024-04-17 19:19:24,682 [main] INFO  base.BaseClass - Found Element By {by.toString()}
2024-04-17 19:19:25,215 [main] INFO  base.BaseClass - Trying to find Element By {by.toString()})
2024-04-17 19:19:25,245 [main] INFO  base.BaseClass - Found Element By {by.toString()}
2024-04-17 19:19:25,782 [main] INFO  base.BaseClass - Trying to find Element By {by.toString()})
2024-04-17 19:19:25,811 [main] INFO  base.BaseClass - Found Element By {by.toString()}
2024-04-17 19:19:26,362 [main] INFO  base.BaseClass - Trying to find Element By {by.toString()})
2024-04-17 19:19:26,383 [main] INFO  base.BaseClass - Found Element By {by.toString()}
2024-04-17 19:19:26,929 [main] INFO  base.BaseClass - Trying to find Element By {by.toString()})
2024-04-17 19:19:26,946 [main] INFO  base.BaseClass - Found Element By {by.toString()}
2024-04-17 19:19:27,476 [main] INFO  base.BaseClass - Trying to find Element By {by.toString()})
2024-04-17 19:19:27,493 [main] INFO  base.BaseClass - Found Element By {by.toString()}
2024-04-17 19:19:28,030 [main] INFO  base.BaseClass - Trying to find Element By {by.toString()})
2024-04-17 19:19:28,043 [main] INFO  base.BaseClass - Found Element By {by.toString()}
2024-04-17 19:19:28,569 [main] INFO  base.BaseClass - Trying to find Element By {by.toString()})
2024-04-17 19:19:28,588 [main] INFO  base.BaseClass - Found Element By {by.toString()}
2024-04-17 19:19:29,120 [main] INFO  base.BaseClass - Trying to find Element By {by.toString()})
2024-04-17 19:19:29,143 [main] INFO  base.BaseClass - Found Element By {by.toString()}
2024-04-17 19:19:29,685 [main] INFO  base.BaseClass - Trying to find Element By {by.toString()})
2024-04-17 19:19:29,712 [main] INFO  base.BaseClass - Found Element By {by.toString()}
2024-04-17 19:19:30,263 [main] INFO  base.BaseClass - Trying to find Element By {by.toString()})
2024-04-17 19:19:30,291 [main] INFO  base.BaseClass - Found Element By {by.toString()}
2024-04-17 19:19:30,837 [main] INFO  base.BaseClass - Trying to find Element By {by.toString()})
2024-04-17 19:19:30,866 [main] INFO  base.BaseClass - Found Element By {by.toString()}
2024-04-17 19:19:31,415 [main] INFO  base.BaseClass - Trying to find Element By {by.toString()})
2024-04-17 19:19:31,445 [main] INFO  base.BaseClass - Found Element By {by.toString()}
2024-04-17 19:19:31,993 [main] INFO  base.BaseClass - Trying to find Element By {by.toString()})
2024-04-17 19:19:32,023 [main] INFO  base.BaseClass - Found Element By {by.toString()}
2024-04-17 19:19:32,560 [main] INFO  base.BaseClass - Trying to find Element By {by.toString()})
2024-04-17 19:19:32,588 [main] INFO  base.BaseClass - Found Element By {by.toString()}
2024-04-17 19:19:33,139 [main] INFO  base.BaseClass - Trying to find Element By {by.toString()})
2024-04-17 19:19:33,167 [main] INFO  base.BaseClass - Found Element By {by.toString()}
2024-04-17 19:19:33,718 [main] INFO  base.BaseClass - Trying to find Element By {by.toString()})
2024-04-17 19:19:33,735 [main] INFO  base.BaseClass - Found Element By {by.toString()}
2024-04-17 19:19:34,265 [main] INFO  base.BaseClass - Trying to find Element By {by.toString()})
2024-04-17 19:19:34,291 [main] INFO  base.BaseClass - Found Element By {by.toString()}
TimeoutException occurred: Expected condition failed: waiting for helper.WaitUtility$5@15e7a8a (tried for 30 second(s) with 500 milliseconds interval)
Build info: version: '3.141.59', revision: 'e82be7d358', time: '2018-11-14T08:17:03'
System info: host: 'DPLAP166', ip: '137.237.2.236', os.name: 'Windows 10', os.arch: 'amd64', os.version: '10.0', java.version: '19.0.1'
Driver info: org.openqa.selenium.support.events.EventFiringWebDriver
Capabilities {acceptInsecureCerts: true, browserName: chrome, browserVersion: 123.0.6312.123, chrome: {chromedriverVersion: 123.0.6312.122 (31f8248cdd9..., userDataDir: C:\Users\dP-PL\AppData\Loca...}, fedcm:accounts: true, goog:chromeOptions: {debuggerAddress: localhost:51256}, javascriptEnabled: true, networkConnectionEnabled: false, pageLoadStrategy: normal, platform: WINDOWS, platformName: WINDOWS, proxy: Proxy(), setWindowRect: true, strictFileInteractability: false, timeouts: {implicit: 0, pageLoad: 300000, script: 30000}, unhandledPromptBehavior: dismiss and notify, webauthn:extension:credBlob: true, webauthn:extension:largeBlob: true, webauthn:extension:minPinLength: true, webauthn:extension:prf: true, webauthn:virtualAuthenticators: true}
Session ID: a59c4df4811f82049fe754efe723d3c1
2024-04-17 19:19:34,328 [main] ERROR RotationCopy_test - Element did not become visible within the specified time: Expected condition failed: waiting for helper.WaitUtility$5@15e7a8a (tried for 30 second(s) with 500 milliseconds interval)
Build info: version: '3.141.59', revision: 'e82be7d358', time: '2018-11-14T08:17:03'
System info: host: 'DPLAP166', ip: '137.237.2.236', os.name: 'Windows 10', os.arch: 'amd64', os.version: '10.0', java.version: '19.0.1'
Driver info: org.openqa.selenium.support.events.EventFiringWebDriver
Capabilities {acceptInsecureCerts: true, browserName: chrome, browserVersion: 123.0.6312.123, chrome: {chromedriverVersion: 123.0.6312.122 (31f8248cdd9..., userDataDir: C:\Users\dP-PL\AppData\Loca...}, fedcm:accounts: true, goog:chromeOptions: {debuggerAddress: localhost:51256}, javascriptEnabled: true, networkConnectionEnabled: false, pageLoadStrategy: normal, platform: WINDOWS, platformName: WINDOWS, proxy: Proxy(), setWindowRect: true, strictFileInteractability: false, timeouts: {implicit: 0, pageLoad: 300000, script: 30000}, unhandledPromptBehavior: dismiss and notify, webauthn:extension:credBlob: true, webauthn:extension:largeBlob: true, webauthn:extension:minPinLength: true, webauthn:extension:prf: true, webauthn:virtualAuthenticators: true}
Session ID: a59c4df4811f82049fe754efe723d3c1
2024-04-17 19:19:34,328 [main] INFO  base.BaseClass - Trying to find Element By {by.toString()})
2024-04-17 19:19:34,351 [main] INFO  base.BaseClass - Found Element By {by.toString()}
2024-04-17 19:19:34,351 [main] INFO  base.BaseClass - Trying to click on: {element.toString()}
2024-04-17 19:19:34,463 [main] INFO  base.BaseClass - Clicked on: {element.toString()}
2024-04-17 19:19:34,463 [main] INFO  base.BaseClass - Trying to find Element By {by.toString()})
2024-04-17 19:19:35,364 [main] INFO  base.BaseClass - Found Element By {by.toString()}
2024-04-17 19:19:35,911 [main] INFO  base.BaseClass - Trying to find Element By {by.toString()})
2024-04-17 19:19:35,943 [main] INFO  base.BaseClass - Found Element By {by.toString()}
2024-04-17 19:19:36,490 [main] INFO  base.BaseClass - Trying to find Element By {by.toString()})
2024-04-17 19:19:36,506 [main] INFO  base.BaseClass - Found Element By {by.toString()}
2024-04-17 19:19:37,022 [main] INFO  base.BaseClass - Trying to find Element By {by.toString()})
2024-04-17 19:19:37,040 [main] INFO  base.BaseClass - Found Element By {by.toString()}
2024-04-17 19:19:37,570 [main] INFO  base.BaseClass - Trying to find Element By {by.toString()})
2024-04-17 19:19:37,584 [main] INFO  base.BaseClass - Found Element By {by.toString()}
2024-04-17 19:19:38,111 [main] INFO  base.BaseClass - Trying to find Element By {by.toString()})
2024-04-17 19:19:38,144 [main] INFO  base.BaseClass - Found Element By {by.toString()}
2024-04-17 19:19:38,687 [main] INFO  base.BaseClass - Trying to find Element By {by.toString()})
2024-04-17 19:19:38,706 [main] INFO  base.BaseClass - Found Element By {by.toString()}
2024-04-17 19:19:39,236 [main] INFO  base.BaseClass - Trying to find Element By {by.toString()})
2024-04-17 19:19:39,248 [main] INFO  base.BaseClass - Found Element By {by.toString()}
2024-04-17 19:19:39,780 [main] INFO  base.BaseClass - Trying to find Element By {by.toString()})
2024-04-17 19:19:39,798 [main] INFO  base.BaseClass - Found Element By {by.toString()}
2024-04-17 19:19:40,327 [main] INFO  base.BaseClass - Trying to find Element By {by.toString()})
2024-04-17 19:19:40,358 [main] INFO  base.BaseClass - Found Element By {by.toString()}
2024-04-17 19:19:40,903 [main] INFO  base.BaseClass - Trying to find Element By {by.toString()})
2024-04-17 19:19:40,935 [main] INFO  base.BaseClass - Found Element By {by.toString()}
2024-04-17 19:19:41,481 [main] INFO  base.BaseClass - Trying to find Element By {by.toString()})
2024-04-17 19:19:41,511 [main] INFO  base.BaseClass - Found Element By {by.toString()}
2024-04-17 19:19:42,042 [main] INFO  base.BaseClass - Trying to find Element By {by.toString()})
2024-04-17 19:19:42,073 [main] INFO  base.BaseClass - Found Element By {by.toString()}
2024-04-17 19:19:42,620 [main] INFO  base.BaseClass - Trying to find Element By {by.toString()})
2024-04-17 19:19:42,639 [main] INFO  base.BaseClass - Found Element By {by.toString()}
2024-04-17 19:19:43,167 [main] INFO  base.BaseClass - Trying to find Element By {by.toString()})
2024-04-17 19:19:43,197 [main] INFO  base.BaseClass - Found Element By {by.toString()}
2024-04-17 19:19:43,746 [main] INFO  base.BaseClass - Trying to find Element By {by.toString()})
2024-04-17 19:19:43,777 [main] INFO  base.BaseClass - Found Element By {by.toString()}
2024-04-17 19:19:44,321 [main] INFO  base.BaseClass - Trying to find Element By {by.toString()})
2024-04-17 19:19:44,350 [main] INFO  base.BaseClass - Found Element By {by.toString()}
2024-04-17 19:19:44,884 [main] INFO  base.BaseClass - Trying to find Element By {by.toString()})
2024-04-17 19:19:44,917 [main] INFO  base.BaseClass - Found Element By {by.toString()}
2024-04-17 19:19:45,464 [main] INFO  base.BaseClass - Trying to find Element By {by.toString()})
2024-04-17 19:19:45,485 [main] INFO  base.BaseClass - Found Element By {by.toString()}
2024-04-17 19:19:46,012 [main] INFO  base.BaseClass - Trying to find Element By {by.toString()})
2024-04-17 19:19:46,043 [main] INFO  base.BaseClass - Found Element By {by.toString()}
2024-04-17 19:19:46,589 [main] INFO  base.BaseClass - Trying to find Element By {by.toString()})
2024-04-17 19:19:46,620 [main] INFO  base.BaseClass - Found Element By {by.toString()}
2024-04-17 19:19:47,139 [main] INFO  base.BaseClass - Trying to find Element By {by.toString()})
2024-04-17 19:19:47,171 [main] INFO  base.BaseClass - Found Element By {by.toString()}
2024-04-17 19:19:47,720 [main] INFO  base.BaseClass - Trying to find Element By {by.toString()})
2024-04-17 19:19:47,751 [main] INFO  base.BaseClass - Found Element By {by.toString()}
2024-04-17 19:19:48,299 [main] INFO  base.BaseClass - Trying to find Element By {by.toString()})
2024-04-17 19:19:48,330 [main] INFO  base.BaseClass - Found Element By {by.toString()}
2024-04-17 19:19:48,879 [main] INFO  base.BaseClass - Trying to find Element By {by.toString()})
2024-04-17 19:19:48,901 [main] INFO  base.BaseClass - Found Element By {by.toString()}
2024-04-17 19:19:49,439 [main] INFO  base.BaseClass - Trying to find Element By {by.toString()})
2024-04-17 19:19:49,470 [main] INFO  base.BaseClass - Found Element By {by.toString()}
2024-04-17 19:19:50,002 [main] INFO  base.BaseClass - Trying to find Element By {by.toString()})
2024-04-17 19:19:50,032 [main] INFO  base.BaseClass - Found Element By {by.toString()}
2024-04-17 19:19:50,565 [main] INFO  base.BaseClass - Trying to find Element By {by.toString()})
2024-04-17 19:19:50,593 [main] INFO  base.BaseClass - Found Element By {by.toString()}
2024-04-17 19:19:51,127 [main] INFO  base.BaseClass - Trying to find Element By {by.toString()})
2024-04-17 19:19:51,157 [main] INFO  base.BaseClass - Found Element By {by.toString()}
2024-04-17 19:19:51,689 [main] INFO  base.BaseClass - Trying to find Element By {by.toString()})
2024-04-17 19:19:51,720 [main] INFO  base.BaseClass - Found Element By {by.toString()}
2024-04-17 19:19:52,270 [main] INFO  base.BaseClass - Trying to find Element By {by.toString()})
2024-04-17 19:19:52,300 [main] INFO  base.BaseClass - Found Element By {by.toString()}
2024-04-17 19:19:52,847 [main] INFO  base.BaseClass - Trying to find Element By {by.toString()})
2024-04-17 19:19:52,876 [main] INFO  base.BaseClass - Found Element By {by.toString()}
2024-04-17 19:19:53,410 [main] INFO  base.BaseClass - Trying to find Element By {by.toString()})
2024-04-17 19:19:53,441 [main] INFO  base.BaseClass - Found Element By {by.toString()}
2024-04-17 19:19:53,972 [main] INFO  base.BaseClass - Trying to find Element By {by.toString()})
2024-04-17 19:19:54,002 [main] INFO  base.BaseClass - Found Element By {by.toString()}
2024-04-17 19:19:54,551 [main] INFO  base.BaseClass - Trying to find Element By {by.toString()})
2024-04-17 19:19:54,582 [main] INFO  base.BaseClass - Found Element By {by.toString()}
2024-04-17 19:19:55,133 [main] INFO  base.BaseClass - Trying to find Element By {by.toString()})
2024-04-17 19:19:55,165 [main] INFO  base.BaseClass - Found Element By {by.toString()}
2024-04-17 19:19:55,712 [main] INFO  base.BaseClass - Trying to find Element By {by.toString()})
2024-04-17 19:19:55,743 [main] INFO  base.BaseClass - Found Element By {by.toString()}
2024-04-17 19:19:56,272 [main] INFO  base.BaseClass - Trying to find Element By {by.toString()})
2024-04-17 19:19:56,302 [main] INFO  base.BaseClass - Found Element By {by.toString()}
2024-04-17 19:19:56,851 [main] INFO  base.BaseClass - Trying to find Element By {by.toString()})
2024-04-17 19:19:56,881 [main] INFO  base.BaseClass - Found Element By {by.toString()}
2024-04-17 19:19:57,413 [main] INFO  base.BaseClass - Trying to find Element By {by.toString()})
2024-04-17 19:19:57,445 [main] INFO  base.BaseClass - Found Element By {by.toString()}
2024-04-17 19:19:57,991 [main] INFO  base.BaseClass - Trying to find Element By {by.toString()})
2024-04-17 19:19:58,022 [main] INFO  base.BaseClass - Found Element By {by.toString()}
2024-04-17 19:19:58,601 [main] INFO  base.BaseClass - Trying to find Element By {by.toString()})
2024-04-17 19:19:58,633 [main] INFO  base.BaseClass - Found Element By {by.toString()}
2024-04-17 19:19:59,179 [main] INFO  base.BaseClass - Trying to find Element By {by.toString()})
2024-04-17 19:19:59,197 [main] INFO  base.BaseClass - Found Element By {by.toString()}
2024-04-17 19:19:59,728 [main] INFO  base.BaseClass - Trying to find Element By {by.toString()})
2024-04-17 19:19:59,749 [main] INFO  base.BaseClass - Found Element By {by.toString()}
2024-04-17 19:20:00,272 [main] INFO  base.BaseClass - Trying to find Element By {by.toString()})
2024-04-17 19:20:00,303 [main] INFO  base.BaseClass - Found Element By {by.toString()}
2024-04-17 19:20:00,836 [main] INFO  base.BaseClass - Trying to find Element By {by.toString()})
2024-04-17 19:20:00,866 [main] INFO  base.BaseClass - Found Element By {by.toString()}
2024-04-17 19:20:01,416 [main] INFO  base.BaseClass - Trying to find Element By {by.toString()})
2024-04-17 19:20:01,447 [main] INFO  base.BaseClass - Found Element By {by.toString()}
2024-04-17 19:20:01,992 [main] INFO  base.BaseClass - Trying to find Element By {by.toString()})
2024-04-17 19:20:02,022 [main] INFO  base.BaseClass - Found Element By {by.toString()}
2024-04-17 19:20:02,569 [main] INFO  base.BaseClass - Trying to find Element By {by.toString()})
2024-04-17 19:20:02,600 [main] INFO  base.BaseClass - Found Element By {by.toString()}
2024-04-17 19:20:03,148 [main] INFO  base.BaseClass - Trying to find Element By {by.toString()})
2024-04-17 19:20:03,170 [main] INFO  base.BaseClass - Found Element By {by.toString()}
2024-04-17 19:20:03,706 [main] INFO  base.BaseClass - Trying to find Element By {by.toString()})
2024-04-17 19:20:03,736 [main] INFO  base.BaseClass - Found Element By {by.toString()}
2024-04-17 19:20:04,283 [main] INFO  base.BaseClass - Trying to find Element By {by.toString()})
2024-04-17 19:20:04,314 [main] INFO  base.BaseClass - Found Element By {by.toString()}
2024-04-17 19:20:04,861 [main] INFO  base.BaseClass - Trying to find Element By {by.toString()})
2024-04-17 19:20:04,892 [main] INFO  base.BaseClass - Found Element By {by.toString()}
TimeoutException occurred: Expected condition failed: waiting for helper.WaitUtility$5@4159f0ea (tried for 30 second(s) with 500 milliseconds interval)
Build info: version: '3.141.59', revision: 'e82be7d358', time: '2018-11-14T08:17:03'
System info: host: 'DPLAP166', ip: '137.237.2.236', os.name: 'Windows 10', os.arch: 'amd64', os.version: '10.0', java.version: '19.0.1'
Driver info: org.openqa.selenium.support.events.EventFiringWebDriver
Capabilities {acceptInsecureCerts: true, browserName: chrome, browserVersion: 123.0.6312.123, chrome: {chromedriverVersion: 123.0.6312.122 (31f8248cdd9..., userDataDir: C:\Users\dP-PL\AppData\Loca...}, fedcm:accounts: true, goog:chromeOptions: {debuggerAddress: localhost:51256}, javascriptEnabled: true, networkConnectionEnabled: false, pageLoadStrategy: normal, platform: WINDOWS, platformName: WINDOWS, proxy: Proxy(), setWindowRect: true, strictFileInteractability: false, timeouts: {implicit: 0, pageLoad: 300000, script: 30000}, unhandledPromptBehavior: dismiss and notify, webauthn:extension:credBlob: true, webauthn:extension:largeBlob: true, webauthn:extension:minPinLength: true, webauthn:extension:prf: true, webauthn:virtualAuthenticators: true}
Session ID: a59c4df4811f82049fe754efe723d3c1
2024-04-17 19:20:04,922 [main] ERROR RotationCopy_test - Element did not become visible within the specified time: Expected condition failed: waiting for helper.WaitUtility$5@4159f0ea (tried for 30 second(s) with 500 milliseconds interval)
Build info: version: '3.141.59', revision: 'e82be7d358', time: '2018-11-14T08:17:03'
System info: host: 'DPLAP166', ip: '137.237.2.236', os.name: 'Windows 10', os.arch: 'amd64', os.version: '10.0', java.version: '19.0.1'
Driver info: org.openqa.selenium.support.events.EventFiringWebDriver
Capabilities {acceptInsecureCerts: true, browserName: chrome, browserVersion: 123.0.6312.123, chrome: {chromedriverVersion: 123.0.6312.122 (31f8248cdd9..., userDataDir: C:\Users\dP-PL\AppData\Loca...}, fedcm:accounts: true, goog:chromeOptions: {debuggerAddress: localhost:51256}, javascriptEnabled: true, networkConnectionEnabled: false, pageLoadStrategy: normal, platform: WINDOWS, platformName: WINDOWS, proxy: Proxy(), setWindowRect: true, strictFileInteractability: false, timeouts: {implicit: 0, pageLoad: 300000, script: 30000}, unhandledPromptBehavior: dismiss and notify, webauthn:extension:credBlob: true, webauthn:extension:largeBlob: true, webauthn:extension:minPinLength: true, webauthn:extension:prf: true, webauthn:virtualAuthenticators: true}
Session ID: a59c4df4811f82049fe754efe723d3c1
2024-04-17 19:20:04,922 [main] INFO  base.BaseClass - Trying to find Element By {by.toString()})
2024-04-17 19:20:04,933 [main] INFO  base.BaseClass - Found Element By {by.toString()}
2024-04-17 19:20:04,933 [main] INFO  base.BaseClass - Trying to click on: {element.toString()}
2024-04-17 19:20:05,002 [main] INFO  base.BaseClass - Clicked on: {element.toString()}
2024-04-17 19:20:05,002 [main] INFO  base.BaseClass - Trying to find Element By {by.toString()})
2024-04-17 19:20:05,013 [main] INFO  base.BaseClass - Found Element By {by.toString()}
2024-04-17 19:20:05,530 [main] INFO  base.BaseClass - Trying to find Element By {by.toString()})
2024-04-17 19:20:05,562 [main] INFO  base.BaseClass - Found Element By {by.toString()}
2024-04-17 19:20:06,110 [main] INFO  base.BaseClass - Trying to find Element By {by.toString()})
2024-04-17 19:20:06,142 [main] INFO  base.BaseClass - Found Element By {by.toString()}
2024-04-17 19:20:06,688 [main] INFO  base.BaseClass - Trying to find Element By {by.toString()})
2024-04-17 19:20:06,719 [main] INFO  base.BaseClass - Found Element By {by.toString()}
2024-04-17 19:20:07,268 [main] INFO  base.BaseClass - Trying to find Element By {by.toString()})
2024-04-17 19:20:07,300 [main] INFO  base.BaseClass - Found Element By {by.toString()}
2024-04-17 19:20:07,844 [main] INFO  base.BaseClass - Trying to find Element By {by.toString()})
2024-04-17 19:20:07,874 [main] INFO  base.BaseClass - Found Element By {by.toString()}
2024-04-17 19:20:08,421 [main] INFO  base.BaseClass - Trying to find Element By {by.toString()})
2024-04-17 19:20:08,452 [main] INFO  base.BaseClass - Found Element By {by.toString()}
2024-04-17 19:20:09,000 [main] INFO  base.BaseClass - Trying to find Element By {by.toString()})
2024-04-17 19:20:09,032 [main] INFO  base.BaseClass - Found Element By {by.toString()}
2024-04-17 19:20:09,562 [main] INFO  base.BaseClass - Trying to find Element By {by.toString()})
2024-04-17 19:20:09,593 [main] INFO  base.BaseClass - Found Element By {by.toString()}
2024-04-17 19:20:10,128 [main] INFO  base.BaseClass - Trying to find Element By {by.toString()})
2024-04-17 19:20:10,141 [main] INFO  base.BaseClass - Found Element By {by.toString()}
2024-04-17 19:20:10,671 [main] INFO  base.BaseClass - Trying to find Element By {by.toString()})
2024-04-17 19:20:10,701 [main] INFO  base.BaseClass - Found Element By {by.toString()}
2024-04-17 19:20:11,249 [main] INFO  base.BaseClass - Trying to find Element By {by.toString()})
2024-04-17 19:20:11,282 [main] INFO  base.BaseClass - Found Element By {by.toString()}
2024-04-17 19:20:11,810 [main] INFO  base.BaseClass - Trying to find Element By {by.toString()})
2024-04-17 19:20:11,840 [main] INFO  base.BaseClass - Found Element By {by.toString()}
2024-04-17 19:20:12,386 [main] INFO  base.BaseClass - Trying to find Element By {by.toString()})
2024-04-17 19:20:12,417 [main] INFO  base.BaseClass - Found Element By {by.toString()}
2024-04-17 19:20:12,950 [main] INFO  base.BaseClass - Trying to find Element By {by.toString()})
2024-04-17 19:20:12,965 [main] INFO  base.BaseClass - Found Element By {by.toString()}
2024-04-17 19:20:13,494 [main] INFO  base.BaseClass - Trying to find Element By {by.toString()})
2024-04-17 19:20:13,523 [main] INFO  base.BaseClass - Found Element By {by.toString()}
2024-04-17 19:20:14,042 [main] INFO  base.BaseClass - Trying to find Element By {by.toString()})
2024-04-17 19:20:14,074 [main] INFO  base.BaseClass - Found Element By {by.toString()}
2024-04-17 19:20:14,618 [main] INFO  base.BaseClass - Trying to find Element By {by.toString()})
2024-04-17 19:20:14,649 [main] INFO  base.BaseClass - Found Element By {by.toString()}
2024-04-17 19:20:15,181 [main] INFO  base.BaseClass - Trying to find Element By {by.toString()})
2024-04-17 19:20:15,194 [main] INFO  base.BaseClass - Found Element By {by.toString()}
2024-04-17 19:20:15,713 [main] INFO  base.BaseClass - Trying to find Element By {by.toString()})
2024-04-17 19:20:15,739 [main] INFO  base.BaseClass - Found Element By {by.toString()}
2024-04-17 19:20:16,278 [main] INFO  base.BaseClass - Trying to find Element By {by.toString()})
2024-04-17 19:20:16,367 [main] INFO  base.BaseClass - Found Element By {by.toString()}
2024-04-17 19:20:16,890 [main] INFO  base.BaseClass - Trying to find Element By {by.toString()})
2024-04-17 19:20:16,900 [main] INFO  base.BaseClass - Found Element By {by.toString()}
2024-04-17 19:20:17,419 [main] INFO  base.BaseClass - Trying to find Element By {by.toString()})
2024-04-17 19:20:17,444 [main] INFO  base.BaseClass - Found Element By {by.toString()}
2024-04-17 19:20:17,970 [main] INFO  base.BaseClass - Trying to find Element By {by.toString()})
2024-04-17 19:20:18,003 [main] INFO  base.BaseClass - Found Element By {by.toString()}
2024-04-17 19:20:18,536 [main] INFO  base.BaseClass - Trying to find Element By {by.toString()})
2024-04-17 19:20:18,567 [main] INFO  base.BaseClass - Found Element By {by.toString()}
2024-04-17 19:20:19,097 [main] INFO  base.BaseClass - Trying to find Element By {by.toString()})
2024-04-17 19:20:19,113 [main] INFO  base.BaseClass - Found Element By {by.toString()}
2024-04-17 19:20:19,644 [main] INFO  base.BaseClass - Trying to find Element By {by.toString()})
2024-04-17 19:20:19,676 [main] INFO  base.BaseClass - Found Element By {by.toString()}
2024-04-17 19:20:20,209 [main] INFO  base.BaseClass - Trying to find Element By {by.toString()})
2024-04-17 19:20:20,238 [main] INFO  base.BaseClass - Found Element By {by.toString()}
2024-04-17 19:20:20,758 [main] INFO  base.BaseClass - Trying to find Element By {by.toString()})
2024-04-17 19:20:20,785 [main] INFO  base.BaseClass - Found Element By {by.toString()}
2024-04-17 19:20:21,320 [main] INFO  base.BaseClass - Trying to find Element By {by.toString()})
2024-04-17 19:20:21,353 [main] INFO  base.BaseClass - Found Element By {by.toString()}
2024-04-17 19:20:21,883 [main] INFO  base.BaseClass - Trying to find Element By {by.toString()})
2024-04-17 19:20:21,918 [main] INFO  base.BaseClass - Found Element By {by.toString()}
2024-04-17 19:20:22,454 [main] INFO  base.BaseClass - Trying to find Element By {by.toString()})
2024-04-17 19:20:22,487 [main] INFO  base.BaseClass - Found Element By {by.toString()}
2024-04-17 19:20:23,031 [main] INFO  base.BaseClass - Trying to find Element By {by.toString()})
2024-04-17 19:20:23,066 [main] INFO  base.BaseClass - Found Element By {by.toString()}
2024-04-17 19:20:23,593 [main] INFO  base.BaseClass - Trying to find Element By {by.toString()})
2024-04-17 19:20:23,622 [main] INFO  base.BaseClass - Found Element By {by.toString()}
2024-04-17 19:20:24,159 [main] INFO  base.BaseClass - Trying to find Element By {by.toString()})
2024-04-17 19:20:24,184 [main] INFO  base.BaseClass - Found Element By {by.toString()}
2024-04-17 19:20:24,740 [main] INFO  base.BaseClass - Trying to find Element By {by.toString()})
2024-04-17 19:20:24,772 [main] INFO  base.BaseClass - Found Element By {by.toString()}
2024-04-17 19:20:25,303 [main] INFO  base.BaseClass - Trying to find Element By {by.toString()})
2024-04-17 19:20:25,333 [main] INFO  base.BaseClass - Found Element By {by.toString()}
2024-04-17 19:20:25,867 [main] INFO  base.BaseClass - Trying to find Element By {by.toString()})
2024-04-17 19:20:25,903 [main] INFO  base.BaseClass - Found Element By {by.toString()}
2024-04-17 19:20:26,430 [main] INFO  base.BaseClass - Trying to find Element By {by.toString()})
2024-04-17 19:20:26,462 [main] INFO  base.BaseClass - Found Element By {by.toString()}
2024-04-17 19:20:26,994 [main] INFO  base.BaseClass - Trying to find Element By {by.toString()})
2024-04-17 19:20:27,023 [main] INFO  base.BaseClass - Found Element By {by.toString()}
2024-04-17 19:20:27,560 [main] INFO  base.BaseClass - Trying to find Element By {by.toString()})
2024-04-17 19:20:27,595 [main] INFO  base.BaseClass - Found Element By {by.toString()}
2024-04-17 19:20:28,134 [main] INFO  base.BaseClass - Trying to find Element By {by.toString()})
2024-04-17 19:20:28,151 [main] INFO  base.BaseClass - Found Element By {by.toString()}
2024-04-17 19:20:28,681 [main] INFO  base.BaseClass - Trying to find Element By {by.toString()})
2024-04-17 19:20:28,713 [main] INFO  base.BaseClass - Found Element By {by.toString()}
2024-04-17 19:20:29,258 [main] INFO  base.BaseClass - Trying to find Element By {by.toString()})
2024-04-17 19:20:29,284 [main] INFO  base.BaseClass - Found Element By {by.toString()}
2024-04-17 19:20:29,822 [main] INFO  base.BaseClass - Trying to find Element By {by.toString()})
2024-04-17 19:20:29,834 [main] INFO  base.BaseClass - Found Element By {by.toString()}
2024-04-17 19:20:30,368 [main] INFO  base.BaseClass - Trying to find Element By {by.toString()})
2024-04-17 19:20:30,399 [main] INFO  base.BaseClass - Found Element By {by.toString()}
2024-04-17 19:20:30,929 [main] INFO  base.BaseClass - Trying to find Element By {by.toString()})
2024-04-17 19:20:30,963 [main] INFO  base.BaseClass - Found Element By {by.toString()}
2024-04-17 19:20:31,492 [main] INFO  base.BaseClass - Trying to find Element By {by.toString()})
2024-04-17 19:20:31,507 [main] INFO  base.BaseClass - Found Element By {by.toString()}
2024-04-17 19:20:32,034 [main] INFO  base.BaseClass - Trying to find Element By {by.toString()})
2024-04-17 19:20:32,071 [main] INFO  base.BaseClass - Found Element By {by.toString()}
2024-04-17 19:20:32,612 [main] INFO  base.BaseClass - Trying to find Element By {by.toString()})
2024-04-17 19:20:32,645 [main] INFO  base.BaseClass - Found Element By {by.toString()}
2024-04-17 19:20:33,191 [main] INFO  base.BaseClass - Trying to find Element By {by.toString()})
2024-04-17 19:20:33,211 [main] INFO  base.BaseClass - Found Element By {by.toString()}
2024-04-17 19:20:33,739 [main] INFO  base.BaseClass - Trying to find Element By {by.toString()})
2024-04-17 19:20:33,769 [main] INFO  base.BaseClass - Found Element By {by.toString()}
2024-04-17 19:20:34,314 [main] INFO  base.BaseClass - Trying to find Element By {by.toString()})
2024-04-17 19:20:34,346 [main] INFO  base.BaseClass - Found Element By {by.toString()}
2024-04-17 19:20:34,894 [main] INFO  base.BaseClass - Trying to find Element By {by.toString()})
2024-04-17 19:20:34,924 [main] INFO  base.BaseClass - Found Element By {by.toString()}
2024-04-17 19:20:35,459 [main] INFO  base.BaseClass - Trying to find Element By {by.toString()})
2024-04-17 19:20:35,489 [main] INFO  base.BaseClass - Found Element By {by.toString()}
TimeoutException occurred: Expected condition failed: waiting for helper.WaitUtility$5@62404a5a (tried for 30 second(s) with 500 milliseconds interval)
Build info: version: '3.141.59', revision: 'e82be7d358', time: '2018-11-14T08:17:03'
System info: host: 'DPLAP166', ip: '137.237.2.236', os.name: 'Windows 10', os.arch: 'amd64', os.version: '10.0', java.version: '19.0.1'
Driver info: org.openqa.selenium.support.events.EventFiringWebDriver
Capabilities {acceptInsecureCerts: true, browserName: chrome, browserVersion: 123.0.6312.123, chrome: {chromedriverVersion: 123.0.6312.122 (31f8248cdd9..., userDataDir: C:\Users\dP-PL\AppData\Loca...}, fedcm:accounts: true, goog:chromeOptions: {debuggerAddress: localhost:51256}, javascriptEnabled: true, networkConnectionEnabled: false, pageLoadStrategy: normal, platform: WINDOWS, platformName: WINDOWS, proxy: Proxy(), setWindowRect: true, strictFileInteractability: false, timeouts: {implicit: 0, pageLoad: 300000, script: 30000}, unhandledPromptBehavior: dismiss and notify, webauthn:extension:credBlob: true, webauthn:extension:largeBlob: true, webauthn:extension:minPinLength: true, webauthn:extension:prf: true, webauthn:virtualAuthenticators: true}
Session ID: a59c4df4811f82049fe754efe723d3c1
2024-04-17 19:20:35,516 [main] ERROR RotationCopy_test - Element did not become visible within the specified time: Expected condition failed: waiting for helper.WaitUtility$5@62404a5a (tried for 30 second(s) with 500 milliseconds interval)
Build info: version: '3.141.59', revision: 'e82be7d358', time: '2018-11-14T08:17:03'
System info: host: 'DPLAP166', ip: '137.237.2.236', os.name: 'Windows 10', os.arch: 'amd64', os.version: '10.0', java.version: '19.0.1'
Driver info: org.openqa.selenium.support.events.EventFiringWebDriver
Capabilities {acceptInsecureCerts: true, browserName: chrome, browserVersion: 123.0.6312.123, chrome: {chromedriverVersion: 123.0.6312.122 (31f8248cdd9..., userDataDir: C:\Users\dP-PL\AppData\Loca...}, fedcm:accounts: true, goog:chromeOptions: {debuggerAddress: localhost:51256}, javascriptEnabled: true, networkConnectionEnabled: false, pageLoadStrategy: normal, platform: WINDOWS, platformName: WINDOWS, proxy: Proxy(), setWindowRect: true, strictFileInteractability: false, timeouts: {implicit: 0, pageLoad: 300000, script: 30000}, unhandledPromptBehavior: dismiss and notify, webauthn:extension:credBlob: true, webauthn:extension:largeBlob: true, webauthn:extension:minPinLength: true, webauthn:extension:prf: true, webauthn:virtualAuthenticators: true}
Session ID: a59c4df4811f82049fe754efe723d3c1
2024-04-17 19:20:35,516 [main] INFO  base.BaseClass - Trying to find Element By {by.toString()})
2024-04-17 19:20:35,564 [main] INFO  base.BaseClass - Found Element By {by.toString()}
2024-04-17 19:20:35,564 [main] INFO  base.BaseClass - Trying to click on: {element.toString()}
2024-04-17 19:20:35,698 [main] INFO  base.BaseClass - Clicked on: {element.toString()}
2024-04-17 19:20:35,704 [main] INFO  base.BaseClass - Trying to find Element By {by.toString()})
2024-04-17 19:20:35,716 [main] INFO  base.BaseClass - Found Element By {by.toString()}
2024-04-17 19:20:36,240 [main] INFO  base.BaseClass - Trying to find Element By {by.toString()})
2024-04-17 19:20:36,262 [main] INFO  base.BaseClass - Found Element By {by.toString()}
2024-04-17 19:20:36,788 [main] INFO  base.BaseClass - Trying to find Element By {by.toString()})
2024-04-17 19:20:36,816 [main] INFO  base.BaseClass - Found Element By {by.toString()}
2024-04-17 19:20:37,350 [main] INFO  base.BaseClass - Trying to find Element By {by.toString()})
2024-04-17 19:20:37,378 [main] INFO  base.BaseClass - Found Element By {by.toString()}
2024-04-17 19:20:37,926 [main] INFO  base.BaseClass - Trying to find Element By {by.toString()})
2024-04-17 19:20:37,944 [main] INFO  base.BaseClass - Found Element By {by.toString()}
2024-04-17 19:20:38,460 [main] INFO  base.BaseClass - Trying to find Element By {by.toString()})
2024-04-17 19:20:38,490 [main] INFO  base.BaseClass - Found Element By {by.toString()}
2024-04-17 19:20:39,038 [main] INFO  base.BaseClass - Trying to find Element By {by.toString()})
2024-04-17 19:20:39,065 [main] INFO  base.BaseClass - Found Element By {by.toString()}
2024-04-17 19:20:39,584 [main] INFO  base.BaseClass - Trying to find Element By {by.toString()})
2024-04-17 19:20:39,613 [main] INFO  base.BaseClass - Found Element By {by.toString()}
2024-04-17 19:20:40,162 [main] INFO  base.BaseClass - Trying to find Element By {by.toString()})
2024-04-17 19:20:40,191 [main] INFO  base.BaseClass - Found Element By {by.toString()}
2024-04-17 19:20:40,740 [main] INFO  base.BaseClass - Trying to find Element By {by.toString()})
2024-04-17 19:20:40,768 [main] INFO  base.BaseClass - Found Element By {by.toString()}
2024-04-17 19:20:41,303 [main] INFO  base.BaseClass - Trying to find Element By {by.toString()})
2024-04-17 19:20:41,316 [main] INFO  base.BaseClass - Found Element By {by.toString()}
2024-04-17 19:20:41,834 [main] INFO  base.BaseClass - Trying to find Element By {by.toString()})
2024-04-17 19:20:41,863 [main] INFO  base.BaseClass - Found Element By {by.toString()}
2024-04-17 19:20:42,411 [main] INFO  base.BaseClass - Trying to find Element By {by.toString()})
2024-04-17 19:20:42,441 [main] INFO  base.BaseClass - Found Element By {by.toString()}
2024-04-17 19:20:42,991 [main] INFO  base.BaseClass - Trying to find Element By {by.toString()})
2024-04-17 19:20:43,019 [main] INFO  base.BaseClass - Found Element By {by.toString()}
2024-04-17 19:20:43,554 [main] INFO  base.BaseClass - Trying to find Element By {by.toString()})
2024-04-17 19:20:43,581 [main] INFO  base.BaseClass - Found Element By {by.toString()}
2024-04-17 19:20:44,117 [main] INFO  base.BaseClass - Trying to find Element By {by.toString()})
2024-04-17 19:20:44,146 [main] INFO  base.BaseClass - Found Element By {by.toString()}
2024-04-17 19:20:44,693 [main] INFO  base.BaseClass - Trying to find Element By {by.toString()})
2024-04-17 19:20:44,726 [main] INFO  base.BaseClass - Found Element By {by.toString()}
2024-04-17 19:20:45,270 [main] INFO  base.BaseClass - Trying to find Element By {by.toString()})
2024-04-17 19:20:45,288 [main] INFO  base.BaseClass - Found Element By {by.toString()}
2024-04-17 19:20:45,814 [main] INFO  base.BaseClass - Trying to find Element By {by.toString()})
2024-04-17 19:20:45,843 [main] INFO  base.BaseClass - Found Element By {by.toString()}
2024-04-17 19:20:46,390 [main] INFO  base.BaseClass - Trying to find Element By {by.toString()})
2024-04-17 19:20:46,418 [main] INFO  base.BaseClass - Found Element By {by.toString()}
2024-04-17 19:20:46,967 [main] INFO  base.BaseClass - Trying to find Element By {by.toString()})
2024-04-17 19:20:46,997 [main] INFO  base.BaseClass - Found Element By {by.toString()}
2024-04-17 19:20:47,534 [main] INFO  base.BaseClass - Trying to find Element By {by.toString()})
2024-04-17 19:20:47,563 [main] INFO  base.BaseClass - Found Element By {by.toString()}
2024-04-17 19:20:48,111 [main] INFO  base.BaseClass - Trying to find Element By {by.toString()})
2024-04-17 19:20:48,132 [main] INFO  base.BaseClass - Found Element By {by.toString()}
2024-04-17 19:20:48,683 [main] INFO  base.BaseClass - Trying to find Element By {by.toString()})
2024-04-17 19:20:48,715 [main] INFO  base.BaseClass - Found Element By {by.toString()}
2024-04-17 19:20:49,262 [main] INFO  base.BaseClass - Trying to find Element By {by.toString()})
2024-04-17 19:20:49,292 [main] INFO  base.BaseClass - Found Element By {by.toString()}
2024-04-17 19:20:49,827 [main] INFO  base.BaseClass - Trying to find Element By {by.toString()})
2024-04-17 19:20:49,856 [main] INFO  base.BaseClass - Found Element By {by.toString()}
2024-04-17 19:20:50,404 [main] INFO  base.BaseClass - Trying to find Element By {by.toString()})
2024-04-17 19:20:50,433 [main] INFO  base.BaseClass - Found Element By {by.toString()}
2024-04-17 19:20:50,981 [main] INFO  base.BaseClass - Trying to find Element By {by.toString()})
2024-04-17 19:20:50,991 [main] INFO  base.BaseClass - Found Element By {by.toString()}
2024-04-17 19:20:51,512 [main] INFO  base.BaseClass - Trying to find Element By {by.toString()})
2024-04-17 19:20:51,541 [main] INFO  base.BaseClass - Found Element By {by.toString()}
2024-04-17 19:20:52,089 [main] INFO  base.BaseClass - Trying to find Element By {by.toString()})
2024-04-17 19:20:52,116 [main] INFO  base.BaseClass - Found Element By {by.toString()}
2024-04-17 19:20:52,651 [main] INFO  base.BaseClass - Trying to find Element By {by.toString()})
2024-04-17 19:20:52,679 [main] INFO  base.BaseClass - Found Element By {by.toString()}
2024-04-17 19:20:53,232 [main] INFO  base.BaseClass - Trying to find Element By {by.toString()})
2024-04-17 19:20:53,261 [main] INFO  base.BaseClass - Found Element By {by.toString()}
2024-04-17 19:20:53,794 [main] INFO  base.BaseClass - Trying to find Element By {by.toString()})
2024-04-17 19:20:53,817 [main] INFO  base.BaseClass - Found Element By {by.toString()}
2024-04-17 19:20:54,358 [main] INFO  base.BaseClass - Trying to find Element By {by.toString()})
2024-04-17 19:20:54,383 [main] INFO  base.BaseClass - Found Element By {by.toString()}
2024-04-17 19:20:54,921 [main] INFO  base.BaseClass - Trying to find Element By {by.toString()})
2024-04-17 19:20:54,936 [main] INFO  base.BaseClass - Found Element By {by.toString()}
2024-04-17 19:20:55,467 [main] INFO  base.BaseClass - Trying to find Element By {by.toString()})
2024-04-17 19:20:55,496 [main] INFO  base.BaseClass - Found Element By {by.toString()}
2024-04-17 19:20:56,042 [main] INFO  base.BaseClass - Trying to find Element By {by.toString()})
2024-04-17 19:20:56,071 [main] INFO  base.BaseClass - Found Element By {by.toString()}
2024-04-17 19:20:56,619 [main] INFO  base.BaseClass - Trying to find Element By {by.toString()})
2024-04-17 19:20:56,648 [main] INFO  base.BaseClass - Found Element By {by.toString()}
2024-04-17 19:20:57,200 [main] INFO  base.BaseClass - Trying to find Element By {by.toString()})
2024-04-17 19:20:57,214 [main] INFO  base.BaseClass - Found Element By {by.toString()}
2024-04-17 19:20:57,744 [main] INFO  base.BaseClass - Trying to find Element By {by.toString()})
2024-04-17 19:20:57,772 [main] INFO  base.BaseClass - Found Element By {by.toString()}
2024-04-17 19:20:58,309 [main] INFO  base.BaseClass - Trying to find Element By {by.toString()})
2024-04-17 19:20:58,336 [main] INFO  base.BaseClass - Found Element By {by.toString()}
2024-04-17 19:20:58,874 [main] INFO  base.BaseClass - Trying to find Element By {by.toString()})
2024-04-17 19:20:58,902 [main] INFO  base.BaseClass - Found Element By {by.toString()}
2024-04-17 19:20:59,450 [main] INFO  base.BaseClass - Trying to find Element By {by.toString()})
2024-04-17 19:20:59,482 [main] INFO  base.BaseClass - Found Element By {by.toString()}
2024-04-17 19:21:00,031 [main] INFO  base.BaseClass - Trying to find Element By {by.toString()})
2024-04-17 19:21:00,053 [main] INFO  base.BaseClass - Found Element By {by.toString()}
2024-04-17 19:21:00,593 [main] INFO  base.BaseClass - Trying to find Element By {by.toString()})
2024-04-17 19:21:00,623 [main] INFO  base.BaseClass - Found Element By {by.toString()}
2024-04-17 19:21:01,170 [main] INFO  base.BaseClass - Trying to find Element By {by.toString()})
2024-04-17 19:21:01,198 [main] INFO  base.BaseClass - Found Element By {by.toString()}
2024-04-17 19:21:01,752 [main] INFO  base.BaseClass - Trying to find Element By {by.toString()})
2024-04-17 19:21:01,781 [main] INFO  base.BaseClass - Found Element By {by.toString()}
2024-04-17 19:21:02,329 [main] INFO  base.BaseClass - Trying to find Element By {by.toString()})
2024-04-17 19:21:02,359 [main] INFO  base.BaseClass - Found Element By {by.toString()}
2024-04-17 19:21:02,890 [main] INFO  base.BaseClass - Trying to find Element By {by.toString()})
2024-04-17 19:21:02,918 [main] INFO  base.BaseClass - Found Element By {by.toString()}
2024-04-17 19:21:03,453 [main] INFO  base.BaseClass - Trying to find Element By {by.toString()})
2024-04-17 19:21:03,481 [main] INFO  base.BaseClass - Found Element By {by.toString()}
2024-04-17 19:21:04,029 [main] INFO  base.BaseClass - Trying to find Element By {by.toString()})
2024-04-17 19:21:04,057 [main] INFO  base.BaseClass - Found Element By {by.toString()}
2024-04-17 19:21:04,611 [main] INFO  base.BaseClass - Trying to find Element By {by.toString()})
2024-04-17 19:21:04,640 [main] INFO  base.BaseClass - Found Element By {by.toString()}
2024-04-17 19:21:05,176 [main] INFO  base.BaseClass - Trying to find Element By {by.toString()})
2024-04-17 19:21:05,205 [main] INFO  base.BaseClass - Found Element By {by.toString()}
2024-04-17 19:21:05,757 [main] INFO  base.BaseClass - Trying to find Element By {by.toString()})
2024-04-17 19:21:05,784 [main] INFO  base.BaseClass - Found Element By {by.toString()}
TimeoutException occurred: Expected condition failed: waiting for helper.WaitUtility$5@428257d1 (tried for 30 second(s) with 500 milliseconds interval)
Build info: version: '3.141.59', revision: 'e82be7d358', time: '2018-11-14T08:17:03'
System info: host: 'DPLAP166', ip: '137.237.2.236', os.name: 'Windows 10', os.arch: 'amd64', os.version: '10.0', java.version: '19.0.1'
Driver info: org.openqa.selenium.support.events.EventFiringWebDriver
Capabilities {acceptInsecureCerts: true, browserName: chrome, browserVersion: 123.0.6312.123, chrome: {chromedriverVersion: 123.0.6312.122 (31f8248cdd9..., userDataDir: C:\Users\dP-PL\AppData\Loca...}, fedcm:accounts: true, goog:chromeOptions: {debuggerAddress: localhost:51256}, javascriptEnabled: true, networkConnectionEnabled: false, pageLoadStrategy: normal, platform: WINDOWS, platformName: WINDOWS, proxy: Proxy(), setWindowRect: true, strictFileInteractability: false, timeouts: {implicit: 0, pageLoad: 300000, script: 30000}, unhandledPromptBehavior: dismiss and notify, webauthn:extension:credBlob: true, webauthn:extension:largeBlob: true, webauthn:extension:minPinLength: true, webauthn:extension:prf: true, webauthn:virtualAuthenticators: true}
Session ID: a59c4df4811f82049fe754efe723d3c1
2024-04-17 19:21:05,817 [main] ERROR RotationCopy_test - Element did not become visible within the specified time: Expected condition failed: waiting for helper.WaitUtility$5@428257d1 (tried for 30 second(s) with 500 milliseconds interval)
Build info: version: '3.141.59', revision: 'e82be7d358', time: '2018-11-14T08:17:03'
System info: host: 'DPLAP166', ip: '137.237.2.236', os.name: 'Windows 10', os.arch: 'amd64', os.version: '10.0', java.version: '19.0.1'
Driver info: org.openqa.selenium.support.events.EventFiringWebDriver
Capabilities {acceptInsecureCerts: true, browserName: chrome, browserVersion: 123.0.6312.123, chrome: {chromedriverVersion: 123.0.6312.122 (31f8248cdd9..., userDataDir: C:\Users\dP-PL\AppData\Loca...}, fedcm:accounts: true, goog:chromeOptions: {debuggerAddress: localhost:51256}, javascriptEnabled: true, networkConnectionEnabled: false, pageLoadStrategy: normal, platform: WINDOWS, platformName: WINDOWS, proxy: Proxy(), setWindowRect: true, strictFileInteractability: false, timeouts: {implicit: 0, pageLoad: 300000, script: 30000}, unhandledPromptBehavior: dismiss and notify, webauthn:extension:credBlob: true, webauthn:extension:largeBlob: true, webauthn:extension:minPinLength: true, webauthn:extension:prf: true, webauthn:virtualAuthenticators: true}
Session ID: a59c4df4811f82049fe754efe723d3c1
2024-04-17 19:21:05,817 [main] INFO  base.BaseClass - Trying to find Element By {by.toString()})
2024-04-17 19:21:05,837 [main] INFO  base.BaseClass - Found Element By {by.toString()}
2024-04-17 19:21:05,837 [main] INFO  base.BaseClass - Trying to click on: {element.toString()}
2024-04-17 19:21:05,908 [main] INFO  base.BaseClass - Clicked on: {element.toString()}
2024-04-17 19:21:05,914 [main] INFO  base.BaseClass - Trying to find Element By {by.toString()})
2024-04-17 19:21:05,923 [main] INFO  base.BaseClass - Found Element By {by.toString()}
2024-04-17 19:21:06,447 [main] INFO  base.BaseClass - Trying to find Element By {by.toString()})
2024-04-17 19:21:06,761 [main] INFO  base.BaseClass - Found Element By {by.toString()}
2024-04-17 19:21:07,287 [main] INFO  base.BaseClass - Trying to find Element By {by.toString()})
2024-04-17 19:21:07,319 [main] INFO  base.BaseClass - Found Element By {by.toString()}
2024-04-17 19:21:07,869 [main] INFO  base.BaseClass - Trying to find Element By {by.toString()})
2024-04-17 19:21:07,899 [main] INFO  base.BaseClass - Found Element By {by.toString()}
2024-04-17 19:21:08,435 [main] INFO  base.BaseClass - Trying to find Element By {by.toString()})
2024-04-17 19:21:08,462 [main] INFO  base.BaseClass - Found Element By {by.toString()}
2024-04-17 19:21:09,002 [main] INFO  base.BaseClass - Trying to find Element By {by.toString()})
2024-04-17 19:21:09,030 [main] INFO  base.BaseClass - Found Element By {by.toString()}
2024-04-17 19:21:09,580 [main] INFO  base.BaseClass - Trying to find Element By {by.toString()})
2024-04-17 19:21:09,609 [main] INFO  base.BaseClass - Found Element By {by.toString()}
2024-04-17 19:21:10,155 [main] INFO  base.BaseClass - Trying to find Element By {by.toString()})
2024-04-17 19:21:10,185 [main] INFO  base.BaseClass - Found Element By {by.toString()}
2024-04-17 19:21:10,734 [main] INFO  base.BaseClass - Trying to find Element By {by.toString()})
2024-04-17 19:21:10,762 [main] INFO  base.BaseClass - Found Element By {by.toString()}
2024-04-17 19:21:11,312 [main] INFO  base.BaseClass - Trying to find Element By {by.toString()})
2024-04-17 19:21:11,342 [main] INFO  base.BaseClass - Found Element By {by.toString()}
2024-04-17 19:21:11,889 [main] INFO  base.BaseClass - Trying to find Element By {by.toString()})
2024-04-17 19:21:11,917 [main] INFO  base.BaseClass - Found Element By {by.toString()}
2024-04-17 19:21:12,466 [main] INFO  base.BaseClass - Trying to find Element By {by.toString()})
2024-04-17 19:21:12,495 [main] INFO  base.BaseClass - Found Element By {by.toString()}
2024-04-17 19:21:13,047 [main] INFO  base.BaseClass - Trying to find Element By {by.toString()})
2024-04-17 19:21:13,074 [main] INFO  base.BaseClass - Found Element By {by.toString()}
2024-04-17 19:21:13,622 [main] INFO  base.BaseClass - Trying to find Element By {by.toString()})
2024-04-17 19:21:13,651 [main] INFO  base.BaseClass - Found Element By {by.toString()}
2024-04-17 19:21:14,202 [main] INFO  base.BaseClass - Trying to find Element By {by.toString()})
2024-04-17 19:21:14,221 [main] INFO  base.BaseClass - Found Element By {by.toString()}
2024-04-17 19:21:14,753 [main] INFO  base.BaseClass - Trying to find Element By {by.toString()})
2024-04-17 19:21:14,779 [main] INFO  base.BaseClass - Found Element By {by.toString()}
2024-04-17 19:21:15,311 [main] INFO  base.BaseClass - Trying to find Element By {by.toString()})
2024-04-17 19:21:15,341 [main] INFO  base.BaseClass - Found Element By {by.toString()}
2024-04-17 19:21:15,889 [main] INFO  base.BaseClass - Trying to find Element By {by.toString()})
2024-04-17 19:21:15,918 [main] INFO  base.BaseClass - Found Element By {by.toString()}
2024-04-17 19:21:16,465 [main] INFO  base.BaseClass - Trying to find Element By {by.toString()})
2024-04-17 19:21:16,484 [main] INFO  base.BaseClass - Found Element By {by.toString()}
2024-04-17 19:21:17,016 [main] INFO  base.BaseClass - Trying to find Element By {by.toString()})
2024-04-17 19:21:17,045 [main] INFO  base.BaseClass - Found Element By {by.toString()}
2024-04-17 19:21:17,595 [main] INFO  base.BaseClass - Trying to find Element By {by.toString()})
2024-04-17 19:21:17,625 [main] INFO  base.BaseClass - Found Element By {by.toString()}
2024-04-17 19:21:18,174 [main] INFO  base.BaseClass - Trying to find Element By {by.toString()})
2024-04-17 19:21:18,205 [main] INFO  base.BaseClass - Found Element By {by.toString()}
2024-04-17 19:21:18,750 [main] INFO  base.BaseClass - Trying to find Element By {by.toString()})
2024-04-17 19:21:18,797 [main] INFO  base.BaseClass - Found Element By {by.toString()}
2024-04-17 19:21:19,343 [main] INFO  base.BaseClass - Trying to find Element By {by.toString()})
2024-04-17 19:21:19,373 [main] INFO  base.BaseClass - Found Element By {by.toString()}
2024-04-17 19:21:19,921 [main] INFO  base.BaseClass - Trying to find Element By {by.toString()})
2024-04-17 19:21:19,949 [main] INFO  base.BaseClass - Found Element By {by.toString()}
2024-04-17 19:21:20,503 [main] INFO  base.BaseClass - Trying to find Element By {by.toString()})
2024-04-17 19:21:20,521 [main] INFO  base.BaseClass - Found Element By {by.toString()}
2024-04-17 19:21:21,041 [main] INFO  base.BaseClass - Trying to find Element By {by.toString()})
2024-04-17 19:21:21,070 [main] INFO  base.BaseClass - Found Element By {by.toString()}
2024-04-17 19:21:21,619 [main] INFO  base.BaseClass - Trying to find Element By {by.toString()})
2024-04-17 19:21:21,646 [main] INFO  base.BaseClass - Found Element By {by.toString()}
2024-04-17 19:21:22,196 [main] INFO  base.BaseClass - Trying to find Element By {by.toString()})
2024-04-17 19:21:22,210 [main] INFO  base.BaseClass - Found Element By {by.toString()}
2024-04-17 19:21:22,727 [main] INFO  base.BaseClass - Trying to find Element By {by.toString()})
2024-04-17 19:21:22,755 [main] INFO  base.BaseClass - Found Element By {by.toString()}
2024-04-17 19:21:23,291 [main] INFO  base.BaseClass - Trying to find Element By {by.toString()})
2024-04-17 19:21:23,319 [main] INFO  base.BaseClass - Found Element By {by.toString()}
2024-04-17 19:21:23,869 [main] INFO  base.BaseClass - Trying to find Element By {by.toString()})
2024-04-17 19:21:23,897 [main] INFO  base.BaseClass - Found Element By {by.toString()}
2024-04-17 19:21:24,449 [main] INFO  base.BaseClass - Trying to find Element By {by.toString()})
2024-04-17 19:21:24,477 [main] INFO  base.BaseClass - Found Element By {by.toString()}
2024-04-17 19:21:25,031 [main] INFO  base.BaseClass - Trying to find Element By {by.toString()})
2024-04-17 19:21:25,060 [main] INFO  base.BaseClass - Found Element By {by.toString()}
2024-04-17 19:21:25,610 [main] INFO  base.BaseClass - Trying to find Element By {by.toString()})
2024-04-17 19:21:25,637 [main] INFO  base.BaseClass - Found Element By {by.toString()}
2024-04-17 19:21:26,177 [main] INFO  base.BaseClass - Trying to find Element By {by.toString()})
2024-04-17 19:21:26,209 [main] INFO  base.BaseClass - Found Element By {by.toString()}
2024-04-17 19:21:26,742 [main] INFO  base.BaseClass - Trying to find Element By {by.toString()})
2024-04-17 19:21:26,772 [main] INFO  base.BaseClass - Found Element By {by.toString()}
2024-04-17 19:21:27,318 [main] INFO  base.BaseClass - Trying to find Element By {by.toString()})
2024-04-17 19:21:27,350 [main] INFO  base.BaseClass - Found Element By {by.toString()}
2024-04-17 19:21:27,895 [main] INFO  base.BaseClass - Trying to find Element By {by.toString()})
2024-04-17 19:21:27,926 [main] INFO  base.BaseClass - Found Element By {by.toString()}
2024-04-17 19:21:28,484 [main] INFO  base.BaseClass - Trying to find Element By {by.toString()})
2024-04-17 19:21:28,512 [main] INFO  base.BaseClass - Found Element By {by.toString()}
2024-04-17 19:21:29,047 [main] INFO  base.BaseClass - Trying to find Element By {by.toString()})
2024-04-17 19:21:29,073 [main] INFO  base.BaseClass - Found Element By {by.toString()}
2024-04-17 19:21:29,608 [main] INFO  base.BaseClass - Trying to find Element By {by.toString()})
2024-04-17 19:21:29,624 [main] INFO  base.BaseClass - Found Element By {by.toString()}
2024-04-17 19:21:30,157 [main] INFO  base.BaseClass - Trying to find Element By {by.toString()})
2024-04-17 19:21:30,189 [main] INFO  base.BaseClass - Found Element By {by.toString()}
2024-04-17 19:21:30,734 [main] INFO  base.BaseClass - Trying to find Element By {by.toString()})
2024-04-17 19:21:30,765 [main] INFO  base.BaseClass - Found Element By {by.toString()}
2024-04-17 19:21:31,313 [main] INFO  base.BaseClass - Trying to find Element By {by.toString()})
2024-04-17 19:21:31,345 [main] INFO  base.BaseClass - Found Element By {by.toString()}
2024-04-17 19:21:31,892 [main] INFO  base.BaseClass - Trying to find Element By {by.toString()})
2024-04-17 19:21:31,924 [main] INFO  base.BaseClass - Found Element By {by.toString()}
2024-04-17 19:21:32,471 [main] INFO  base.BaseClass - Trying to find Element By {by.toString()})
2024-04-17 19:21:32,486 [main] INFO  base.BaseClass - Found Element By {by.toString()}
2024-04-17 19:21:33,020 [main] INFO  base.BaseClass - Trying to find Element By {by.toString()})
2024-04-17 19:21:33,053 [main] INFO  base.BaseClass - Found Element By {by.toString()}
2024-04-17 19:21:33,597 [main] INFO  base.BaseClass - Trying to find Element By {by.toString()})
2024-04-17 19:21:33,618 [main] INFO  base.BaseClass - Found Element By {by.toString()}
2024-04-17 19:21:34,143 [main] INFO  base.BaseClass - Trying to find Element By {by.toString()})
2024-04-17 19:21:34,176 [main] INFO  base.BaseClass - Found Element By {by.toString()}
2024-04-17 19:21:34,721 [main] INFO  base.BaseClass - Trying to find Element By {by.toString()})
2024-04-17 19:21:34,753 [main] INFO  base.BaseClass - Found Element By {by.toString()}
2024-04-17 19:21:35,297 [main] INFO  base.BaseClass - Trying to find Element By {by.toString()})
2024-04-17 19:21:35,329 [main] INFO  base.BaseClass - Found Element By {by.toString()}
2024-04-17 19:21:35,889 [main] INFO  base.BaseClass - Trying to find Element By {by.toString()})
2024-04-17 19:21:35,924 [main] INFO  base.BaseClass - Found Element By {by.toString()}
TimeoutException occurred: Expected condition failed: waiting for helper.WaitUtility$5@27a2e7a4 (tried for 30 second(s) with 500 milliseconds interval)
Build info: version: '3.141.59', revision: 'e82be7d358', time: '2018-11-14T08:17:03'
System info: host: 'DPLAP166', ip: '137.237.2.236', os.name: 'Windows 10', os.arch: 'amd64', os.version: '10.0', java.version: '19.0.1'
Driver info: org.openqa.selenium.support.events.EventFiringWebDriver
Capabilities {acceptInsecureCerts: true, browserName: chrome, browserVersion: 123.0.6312.123, chrome: {chromedriverVersion: 123.0.6312.122 (31f8248cdd9..., userDataDir: C:\Users\dP-PL\AppData\Loca...}, fedcm:accounts: true, goog:chromeOptions: {debuggerAddress: localhost:51256}, javascriptEnabled: true, networkConnectionEnabled: false, pageLoadStrategy: normal, platform: WINDOWS, platformName: WINDOWS, proxy: Proxy(), setWindowRect: true, strictFileInteractability: false, timeouts: {implicit: 0, pageLoad: 300000, script: 30000}, unhandledPromptBehavior: dismiss and notify, webauthn:extension:credBlob: true, webauthn:extension:largeBlob: true, webauthn:extension:minPinLength: true, webauthn:extension:prf: true, webauthn:virtualAuthenticators: true}
Session ID: a59c4df4811f82049fe754efe723d3c1
2024-04-17 19:21:35,962 [main] ERROR RotationCopy_test - Element did not become visible within the specified time: Expected condition failed: waiting for helper.WaitUtility$5@27a2e7a4 (tried for 30 second(s) with 500 milliseconds interval)
Build info: version: '3.141.59', revision: 'e82be7d358', time: '2018-11-14T08:17:03'
System info: host: 'DPLAP166', ip: '137.237.2.236', os.name: 'Windows 10', os.arch: 'amd64', os.version: '10.0', java.version: '19.0.1'
Driver info: org.openqa.selenium.support.events.EventFiringWebDriver
Capabilities {acceptInsecureCerts: true, browserName: chrome, browserVersion: 123.0.6312.123, chrome: {chromedriverVersion: 123.0.6312.122 (31f8248cdd9..., userDataDir: C:\Users\dP-PL\AppData\Loca...}, fedcm:accounts: true, goog:chromeOptions: {debuggerAddress: localhost:51256}, javascriptEnabled: true, networkConnectionEnabled: false, pageLoadStrategy: normal, platform: WINDOWS, platformName: WINDOWS, proxy: Proxy(), setWindowRect: true, strictFileInteractability: false, timeouts: {implicit: 0, pageLoad: 300000, script: 30000}, unhandledPromptBehavior: dismiss and notify, webauthn:extension:credBlob: true, webauthn:extension:largeBlob: true, webauthn:extension:minPinLength: true, webauthn:extension:prf: true, webauthn:virtualAuthenticators: true}
Session ID: a59c4df4811f82049fe754efe723d3c1
2024-04-17 19:21:35,962 [main] INFO  base.BaseClass - Trying to find Element By {by.toString()})
2024-04-17 19:21:35,981 [main] INFO  base.BaseClass - Found Element By {by.toString()}
2024-04-17 19:21:35,981 [main] INFO  base.BaseClass - Trying to click on: {element.toString()}
2024-04-17 19:21:36,097 [main] INFO  base.BaseClass - Clicked on: {element.toString()}
2024-04-17 19:21:36,097 [main] INFO  base.BaseClass - Trying to find Element By {by.toString()})
2024-04-17 19:21:36,932 [main] INFO  base.BaseClass - Found Element By {by.toString()}
2024-04-17 19:21:37,512 [main] INFO  base.BaseClass - Trying to find Element By {by.toString()})
2024-04-17 19:21:37,546 [main] INFO  base.BaseClass - Found Element By {by.toString()}
2024-04-17 19:21:38,086 [main] INFO  base.BaseClass - Trying to find Element By {by.toString()})
2024-04-17 19:21:38,122 [main] INFO  base.BaseClass - Found Element By {by.toString()}
2024-04-17 19:21:38,649 [main] INFO  base.BaseClass - Trying to find Element By {by.toString()})
2024-04-17 19:21:38,664 [main] INFO  base.BaseClass - Found Element By {by.toString()}
2024-04-17 19:21:39,182 [main] INFO  base.BaseClass - Trying to find Element By {by.toString()})
2024-04-17 19:21:39,217 [main] INFO  base.BaseClass - Found Element By {by.toString()}
2024-04-17 19:21:39,748 [main] INFO  base.BaseClass - Trying to find Element By {by.toString()})
2024-04-17 19:21:39,782 [main] INFO  base.BaseClass - Found Element By {by.toString()}
2024-04-17 19:21:40,325 [main] INFO  base.BaseClass - Trying to find Element By {by.toString()})
2024-04-17 19:21:40,362 [main] INFO  base.BaseClass - Found Element By {by.toString()}
2024-04-17 19:21:40,919 [main] INFO  base.BaseClass - Trying to find Element By {by.toString()})
2024-04-17 19:21:40,951 [main] INFO  base.BaseClass - Found Element By {by.toString()}
2024-04-17 19:21:41,481 [main] INFO  base.BaseClass - Trying to find Element By {by.toString()})
2024-04-17 19:21:41,514 [main] INFO  base.BaseClass - Found Element By {by.toString()}
2024-04-17 19:21:42,044 [main] INFO  base.BaseClass - Trying to find Element By {by.toString()})
2024-04-17 19:21:42,100 [main] INFO  base.BaseClass - Found Element By {by.toString()}
2024-04-17 19:21:42,665 [main] INFO  base.BaseClass - Trying to find Element By {by.toString()})
2024-04-17 19:21:42,699 [main] INFO  base.BaseClass - Found Element By {by.toString()}
2024-04-17 19:21:43,230 [main] INFO  base.BaseClass - Trying to find Element By {by.toString()})
2024-04-17 19:21:43,263 [main] INFO  base.BaseClass - Found Element By {by.toString()}
2024-04-17 19:21:43,807 [main] INFO  base.BaseClass - Trying to find Element By {by.toString()})
2024-04-17 19:21:43,835 [main] INFO  base.BaseClass - Found Element By {by.toString()}
2024-04-17 19:21:44,369 [main] INFO  base.BaseClass - Trying to find Element By {by.toString()})
2024-04-17 19:21:44,401 [main] INFO  base.BaseClass - Found Element By {by.toString()}
2024-04-17 19:21:44,944 [main] INFO  base.BaseClass - Trying to find Element By {by.toString()})
2024-04-17 19:21:44,974 [main] INFO  base.BaseClass - Found Element By {by.toString()}
2024-04-17 19:21:45,523 [main] INFO  base.BaseClass - Trying to find Element By {by.toString()})
2024-04-17 19:21:45,554 [main] INFO  base.BaseClass - Found Element By {by.toString()}
2024-04-17 19:21:46,101 [main] INFO  base.BaseClass - Trying to find Element By {by.toString()})
2024-04-17 19:21:46,133 [main] INFO  base.BaseClass - Found Element By {by.toString()}
2024-04-17 19:21:46,680 [main] INFO  base.BaseClass - Trying to find Element By {by.toString()})
2024-04-17 19:21:46,712 [main] INFO  base.BaseClass - Found Element By {by.toString()}
2024-04-17 19:21:47,257 [main] INFO  base.BaseClass - Trying to find Element By {by.toString()})
2024-04-17 19:21:47,302 [main] INFO  base.BaseClass - Found Element By {by.toString()}
2024-04-17 19:21:47,819 [main] INFO  base.BaseClass - Trying to find Element By {by.toString()})
2024-04-17 19:21:47,850 [main] INFO  base.BaseClass - Found Element By {by.toString()}
2024-04-17 19:21:48,397 [main] INFO  base.BaseClass - Trying to find Element By {by.toString()})
2024-04-17 19:21:48,429 [main] INFO  base.BaseClass - Found Element By {by.toString()}
2024-04-17 19:21:48,975 [main] INFO  base.BaseClass - Trying to find Element By {by.toString()})
2024-04-17 19:21:48,992 [main] INFO  base.BaseClass - Found Element By {by.toString()}
2024-04-17 19:21:49,520 [main] INFO  base.BaseClass - Trying to find Element By {by.toString()})
2024-04-17 19:21:49,548 [main] INFO  base.BaseClass - Found Element By {by.toString()}
2024-04-17 19:21:50,080 [main] INFO  base.BaseClass - Trying to find Element By {by.toString()})
2024-04-17 19:21:50,111 [main] INFO  base.BaseClass - Found Element By {by.toString()}
2024-04-17 19:21:50,660 [main] INFO  base.BaseClass - Trying to find Element By {by.toString()})
2024-04-17 19:21:50,693 [main] INFO  base.BaseClass - Found Element By {by.toString()}
2024-04-17 19:21:51,239 [main] INFO  base.BaseClass - Trying to find Element By {by.toString()})
2024-04-17 19:21:51,272 [main] INFO  base.BaseClass - Found Element By {by.toString()}
2024-04-17 19:21:51,818 [main] INFO  base.BaseClass - Trying to find Element By {by.toString()})
2024-04-17 19:21:51,839 [main] INFO  base.BaseClass - Found Element By {by.toString()}
2024-04-17 19:21:52,381 [main] INFO  base.BaseClass - Trying to find Element By {by.toString()})
2024-04-17 19:21:52,413 [main] INFO  base.BaseClass - Found Element By {by.toString()}
2024-04-17 19:21:52,959 [main] INFO  base.BaseClass - Trying to find Element By {by.toString()})
2024-04-17 19:21:52,990 [main] INFO  base.BaseClass - Found Element By {by.toString()}
2024-04-17 19:21:53,536 [main] INFO  base.BaseClass - Trying to find Element By {by.toString()})
2024-04-17 19:21:53,568 [main] INFO  base.BaseClass - Found Element By {by.toString()}
2024-04-17 19:21:54,111 [main] INFO  base.BaseClass - Trying to find Element By {by.toString()})
2024-04-17 19:21:54,132 [main] INFO  base.BaseClass - Found Element By {by.toString()}
2024-04-17 19:21:54,660 [main] INFO  base.BaseClass - Trying to find Element By {by.toString()})
2024-04-17 19:21:54,692 [main] INFO  base.BaseClass - Found Element By {by.toString()}
2024-04-17 19:21:55,236 [main] INFO  base.BaseClass - Trying to find Element By {by.toString()})
2024-04-17 19:21:55,254 [main] INFO  base.BaseClass - Found Element By {by.toString()}
2024-04-17 19:21:55,771 [main] INFO  base.BaseClass - Trying to find Element By {by.toString()})
2024-04-17 19:21:55,799 [main] INFO  base.BaseClass - Found Element By {by.toString()}
2024-04-17 19:21:56,333 [main] INFO  base.BaseClass - Trying to find Element By {by.toString()})
2024-04-17 19:21:56,364 [main] INFO  base.BaseClass - Found Element By {by.toString()}
2024-04-17 19:21:56,910 [main] INFO  base.BaseClass - Trying to find Element By {by.toString()})
2024-04-17 19:21:56,940 [main] INFO  base.BaseClass - Found Element By {by.toString()}
2024-04-17 19:21:57,486 [main] INFO  base.BaseClass - Trying to find Element By {by.toString()})
2024-04-17 19:21:57,517 [main] INFO  base.BaseClass - Found Element By {by.toString()}
2024-04-17 19:21:58,062 [main] INFO  base.BaseClass - Trying to find Element By {by.toString()})
2024-04-17 19:21:58,093 [main] INFO  base.BaseClass - Found Element By {by.toString()}
2024-04-17 19:21:58,640 [main] INFO  base.BaseClass - Trying to find Element By {by.toString()})
2024-04-17 19:21:58,672 [main] INFO  base.BaseClass - Found Element By {by.toString()}
2024-04-17 19:21:59,220 [main] INFO  base.BaseClass - Trying to find Element By {by.toString()})
2024-04-17 19:21:59,248 [main] INFO  base.BaseClass - Found Element By {by.toString()}
2024-04-17 19:21:59,785 [main] INFO  base.BaseClass - Trying to find Element By {by.toString()})
2024-04-17 19:21:59,816 [main] INFO  base.BaseClass - Found Element By {by.toString()}
2024-04-17 19:22:00,350 [main] INFO  base.BaseClass - Trying to find Element By {by.toString()})
2024-04-17 19:22:00,381 [main] INFO  base.BaseClass - Found Element By {by.toString()}
2024-04-17 19:22:00,931 [main] INFO  base.BaseClass - Trying to find Element By {by.toString()})
2024-04-17 19:22:00,963 [main] INFO  base.BaseClass - Found Element By {by.toString()}
2024-04-17 19:22:01,498 [main] INFO  base.BaseClass - Trying to find Element By {by.toString()})
2024-04-17 19:22:01,516 [main] INFO  base.BaseClass - Found Element By {by.toString()}
2024-04-17 19:22:02,045 [main] INFO  base.BaseClass - Trying to find Element By {by.toString()})
2024-04-17 19:22:02,076 [main] INFO  base.BaseClass - Found Element By {by.toString()}
2024-04-17 19:22:02,626 [main] INFO  base.BaseClass - Trying to find Element By {by.toString()})
2024-04-17 19:22:02,658 [main] INFO  base.BaseClass - Found Element By {by.toString()}
2024-04-17 19:22:03,205 [main] INFO  base.BaseClass - Trying to find Element By {by.toString()})
2024-04-17 19:22:03,233 [main] INFO  base.BaseClass - Found Element By {by.toString()}
2024-04-17 19:22:03,768 [main] INFO  base.BaseClass - Trying to find Element By {by.toString()})
2024-04-17 19:22:03,833 [main] INFO  base.BaseClass - Found Element By {by.toString()}
2024-04-17 19:22:04,390 [main] INFO  base.BaseClass - Trying to find Element By {by.toString()})
2024-04-17 19:22:04,422 [main] INFO  base.BaseClass - Found Element By {by.toString()}
2024-04-17 19:22:04,970 [main] INFO  base.BaseClass - Trying to find Element By {by.toString()})
2024-04-17 19:22:04,999 [main] INFO  base.BaseClass - Found Element By {by.toString()}
2024-04-17 19:22:05,550 [main] INFO  base.BaseClass - Trying to find Element By {by.toString()})
2024-04-17 19:22:05,585 [main] INFO  base.BaseClass - Found Element By {by.toString()}
2024-04-17 19:22:06,110 [main] INFO  base.BaseClass - Trying to find Element By {by.toString()})
2024-04-17 19:22:06,141 [main] INFO  base.BaseClass - Found Element By {by.toString()}
TimeoutException occurred: Expected condition failed: waiting for helper.WaitUtility$5@6dc02788 (tried for 30 second(s) with 500 milliseconds interval)
Build info: version: '3.141.59', revision: 'e82be7d358', time: '2018-11-14T08:17:03'
System info: host: 'DPLAP166', ip: '137.237.2.236', os.name: 'Windows 10', os.arch: 'amd64', os.version: '10.0', java.version: '19.0.1'
Driver info: org.openqa.selenium.support.events.EventFiringWebDriver
Capabilities {acceptInsecureCerts: true, browserName: chrome, browserVersion: 123.0.6312.123, chrome: {chromedriverVersion: 123.0.6312.122 (31f8248cdd9..., userDataDir: C:\Users\dP-PL\AppData\Loca...}, fedcm:accounts: true, goog:chromeOptions: {debuggerAddress: localhost:51256}, javascriptEnabled: true, networkConnectionEnabled: false, pageLoadStrategy: normal, platform: WINDOWS, platformName: WINDOWS, proxy: Proxy(), setWindowRect: true, strictFileInteractability: false, timeouts: {implicit: 0, pageLoad: 300000, script: 30000}, unhandledPromptBehavior: dismiss and notify, webauthn:extension:credBlob: true, webauthn:extension:largeBlob: true, webauthn:extension:minPinLength: true, webauthn:extension:prf: true, webauthn:virtualAuthenticators: true}
Session ID: a59c4df4811f82049fe754efe723d3c1
2024-04-17 19:22:06,181 [main] ERROR RotationCopy_test - Element did not become visible within the specified time: Expected condition failed: waiting for helper.WaitUtility$5@6dc02788 (tried for 30 second(s) with 500 milliseconds interval)
Build info: version: '3.141.59', revision: 'e82be7d358', time: '2018-11-14T08:17:03'
System info: host: 'DPLAP166', ip: '137.237.2.236', os.name: 'Windows 10', os.arch: 'amd64', os.version: '10.0', java.version: '19.0.1'
Driver info: org.openqa.selenium.support.events.EventFiringWebDriver
Capabilities {acceptInsecureCerts: true, browserName: chrome, browserVersion: 123.0.6312.123, chrome: {chromedriverVersion: 123.0.6312.122 (31f8248cdd9..., userDataDir: C:\Users\dP-PL\AppData\Loca...}, fedcm:accounts: true, goog:chromeOptions: {debuggerAddress: localhost:51256}, javascriptEnabled: true, networkConnectionEnabled: false, pageLoadStrategy: normal, platform: WINDOWS, platformName: WINDOWS, proxy: Proxy(), setWindowRect: true, strictFileInteractability: false, timeouts: {implicit: 0, pageLoad: 300000, script: 30000}, unhandledPromptBehavior: dismiss and notify, webauthn:extension:credBlob: true, webauthn:extension:largeBlob: true, webauthn:extension:minPinLength: true, webauthn:extension:prf: true, webauthn:virtualAuthenticators: true}
Session ID: a59c4df4811f82049fe754efe723d3c1
2024-04-17 19:22:06,182 [main] INFO  base.BaseClass - Trying to find Element By {by.toString()})
2024-04-17 19:22:06,207 [main] INFO  base.BaseClass - Found Element By {by.toString()}
2024-04-17 19:22:06,207 [main] INFO  base.BaseClass - Trying to click on: {element.toString()}
2024-04-17 19:22:06,287 [main] INFO  base.BaseClass - Clicked on: {element.toString()}
2024-04-17 19:22:06,288 [main] INFO  base.BaseClass - Trying to find Element By {by.toString()})
2024-04-17 19:22:06,301 [main] INFO  base.BaseClass - Found Element By {by.toString()}
2024-04-17 19:22:06,826 [main] INFO  base.BaseClass - Trying to find Element By {by.toString()})
2024-04-17 19:22:06,857 [main] INFO  base.BaseClass - Found Element By {by.toString()}
2024-04-17 19:22:07,405 [main] INFO  base.BaseClass - Trying to find Element By {by.toString()})
2024-04-17 19:22:07,437 [main] INFO  base.BaseClass - Found Element By {by.toString()}
2024-04-17 19:22:07,987 [main] INFO  base.BaseClass - Trying to find Element By {by.toString()})
2024-04-17 19:22:08,019 [main] INFO  base.BaseClass - Found Element By {by.toString()}
2024-04-17 19:22:08,567 [main] INFO  base.BaseClass - Trying to find Element By {by.toString()})
2024-04-17 19:22:08,599 [main] INFO  base.BaseClass - Found Element By {by.toString()}
2024-04-17 19:22:09,147 [main] INFO  base.BaseClass - Trying to find Element By {by.toString()})
2024-04-17 19:22:09,177 [main] INFO  base.BaseClass - Found Element By {by.toString()}
2024-04-17 19:22:09,726 [main] INFO  base.BaseClass - Trying to find Element By {by.toString()})
2024-04-17 19:22:09,757 [main] INFO  base.BaseClass - Found Element By {by.toString()}
2024-04-17 19:22:10,304 [main] INFO  base.BaseClass - Trying to find Element By {by.toString()})
2024-04-17 19:22:10,335 [main] INFO  base.BaseClass - Found Element By {by.toString()}
2024-04-17 19:22:10,883 [main] INFO  base.BaseClass - Trying to find Element By {by.toString()})
2024-04-17 19:22:10,897 [main] INFO  base.BaseClass - Found Element By {by.toString()}
2024-04-17 19:22:11,416 [main] INFO  base.BaseClass - Trying to find Element By {by.toString()})
2024-04-17 19:22:11,448 [main] INFO  base.BaseClass - Found Element By {by.toString()}
2024-04-17 19:22:11,993 [main] INFO  base.BaseClass - Trying to find Element By {by.toString()})
2024-04-17 19:22:12,022 [main] INFO  base.BaseClass - Found Element By {by.toString()}
2024-04-17 19:22:12,558 [main] INFO  base.BaseClass - Trying to find Element By {by.toString()})
2024-04-17 19:22:12,590 [main] INFO  base.BaseClass - Found Element By {by.toString()}
2024-04-17 19:22:13,138 [main] INFO  base.BaseClass - Trying to find Element By {by.toString()})
2024-04-17 19:22:13,168 [main] INFO  base.BaseClass - Found Element By {by.toString()}
2024-04-17 19:22:13,714 [main] INFO  base.BaseClass - Trying to find Element By {by.toString()})
2024-04-17 19:22:13,746 [main] INFO  base.BaseClass - Found Element By {by.toString()}
2024-04-17 19:22:14,292 [main] INFO  base.BaseClass - Trying to find Element By {by.toString()})
2024-04-17 19:22:14,326 [main] INFO  base.BaseClass - Found Element By {by.toString()}
2024-04-17 19:22:14,871 [main] INFO  base.BaseClass - Trying to find Element By {by.toString()})
2024-04-17 19:22:14,903 [main] INFO  base.BaseClass - Found Element By {by.toString()}
2024-04-17 19:22:15,436 [main] INFO  base.BaseClass - Trying to find Element By {by.toString()})
2024-04-17 19:22:15,468 [main] INFO  base.BaseClass - Found Element By {by.toString()}
2024-04-17 19:22:16,014 [main] INFO  base.BaseClass - Trying to find Element By {by.toString()})
2024-04-17 19:22:16,030 [main] INFO  base.BaseClass - Found Element By {by.toString()}
2024-04-17 19:22:16,558 [main] INFO  base.BaseClass - Trying to find Element By {by.toString()})
2024-04-17 19:22:16,590 [main] INFO  base.BaseClass - Found Element By {by.toString()}
2024-04-17 19:22:17,134 [main] INFO  base.BaseClass - Trying to find Element By {by.toString()})
2024-04-17 19:22:17,165 [main] INFO  base.BaseClass - Found Element By {by.toString()}
2024-04-17 19:22:17,711 [main] INFO  base.BaseClass - Trying to find Element By {by.toString()})
2024-04-17 19:22:17,741 [main] INFO  base.BaseClass - Found Element By {by.toString()}
2024-04-17 19:22:18,292 [main] INFO  base.BaseClass - Trying to find Element By {by.toString()})
2024-04-17 19:22:18,323 [main] INFO  base.BaseClass - Found Element By {by.toString()}
2024-04-17 19:22:18,868 [main] INFO  base.BaseClass - Trying to find Element By {by.toString()})
2024-04-17 19:22:18,898 [main] INFO  base.BaseClass - Found Element By {by.toString()}
2024-04-17 19:22:19,435 [main] INFO  base.BaseClass - Trying to find Element By {by.toString()})
2024-04-17 19:22:19,464 [main] INFO  base.BaseClass - Found Element By {by.toString()}
2024-04-17 19:22:20,010 [main] INFO  base.BaseClass - Trying to find Element By {by.toString()})
2024-04-17 19:22:20,027 [main] INFO  base.BaseClass - Found Element By {by.toString()}
2024-04-17 19:22:20,554 [main] INFO  base.BaseClass - Trying to find Element By {by.toString()})
2024-04-17 19:22:20,585 [main] INFO  base.BaseClass - Found Element By {by.toString()}
2024-04-17 19:22:21,132 [main] INFO  base.BaseClass - Trying to find Element By {by.toString()})
2024-04-17 19:22:21,163 [main] INFO  base.BaseClass - Found Element By {by.toString()}
2024-04-17 19:22:21,756 [main] INFO  base.BaseClass - Trying to find Element By {by.toString()})
2024-04-17 19:22:21,773 [main] INFO  base.BaseClass - Found Element By {by.toString()}
2024-04-17 19:22:22,304 [main] INFO  base.BaseClass - Trying to find Element By {by.toString()})
2024-04-17 19:22:22,337 [main] INFO  base.BaseClass - Found Element By {by.toString()}
2024-04-17 19:22:22,880 [main] INFO  base.BaseClass - Trying to find Element By {by.toString()})
2024-04-17 19:22:22,911 [main] INFO  base.BaseClass - Found Element By {by.toString()}
2024-04-17 19:22:23,459 [main] INFO  base.BaseClass - Trying to find Element By {by.toString()})
2024-04-17 19:22:23,492 [main] INFO  base.BaseClass - Found Element By {by.toString()}
2024-04-17 19:22:24,038 [main] INFO  base.BaseClass - Trying to find Element By {by.toString()})
2024-04-17 19:22:24,069 [main] INFO  base.BaseClass - Found Element By {by.toString()}
2024-04-17 19:22:24,613 [main] INFO  base.BaseClass - Trying to find Element By {by.toString()})
2024-04-17 19:22:24,643 [main] INFO  base.BaseClass - Found Element By {by.toString()}
2024-04-17 19:22:25,191 [main] INFO  base.BaseClass - Trying to find Element By {by.toString()})
2024-04-17 19:22:25,221 [main] INFO  base.BaseClass - Found Element By {by.toString()}
2024-04-17 19:22:25,769 [main] INFO  base.BaseClass - Trying to find Element By {by.toString()})
2024-04-17 19:22:25,790 [main] INFO  base.BaseClass - Found Element By {by.toString()}
2024-04-17 19:22:26,333 [main] INFO  base.BaseClass - Trying to find Element By {by.toString()})
2024-04-17 19:22:26,360 [main] INFO  base.BaseClass - Found Element By {by.toString()}
2024-04-17 19:22:26,899 [main] INFO  base.BaseClass - Trying to find Element By {by.toString()})
2024-04-17 19:22:26,929 [main] INFO  base.BaseClass - Found Element By {by.toString()}
2024-04-17 19:22:27,474 [main] INFO  base.BaseClass - Trying to find Element By {by.toString()})
2024-04-17 19:22:27,506 [main] INFO  base.BaseClass - Found Element By {by.toString()}
2024-04-17 19:22:28,054 [main] INFO  base.BaseClass - Trying to find Element By {by.toString()})
2024-04-17 19:22:28,070 [main] INFO  base.BaseClass - Found Element By {by.toString()}
2024-04-17 19:22:28,600 [main] INFO  base.BaseClass - Trying to find Element By {by.toString()})
2024-04-17 19:22:28,630 [main] INFO  base.BaseClass - Found Element By {by.toString()}
2024-04-17 19:22:29,177 [main] INFO  base.BaseClass - Trying to find Element By {by.toString()})
2024-04-17 19:22:29,206 [main] INFO  base.BaseClass - Found Element By {by.toString()}
2024-04-17 19:22:29,757 [main] INFO  base.BaseClass - Trying to find Element By {by.toString()})
2024-04-17 19:22:29,788 [main] INFO  base.BaseClass - Found Element By {by.toString()}
2024-04-17 19:22:30,318 [main] INFO  base.BaseClass - Trying to find Element By {by.toString()})
2024-04-17 19:22:30,347 [main] INFO  base.BaseClass - Found Element By {by.toString()}
2024-04-17 19:22:30,881 [main] INFO  base.BaseClass - Trying to find Element By {by.toString()})
2024-04-17 19:22:30,912 [main] INFO  base.BaseClass - Found Element By {by.toString()}
2024-04-17 19:22:31,461 [main] INFO  base.BaseClass - Trying to find Element By {by.toString()})
2024-04-17 19:22:31,492 [main] INFO  base.BaseClass - Found Element By {by.toString()}
2024-04-17 19:22:32,037 [main] INFO  base.BaseClass - Trying to find Element By {by.toString()})
2024-04-17 19:22:32,067 [main] INFO  base.BaseClass - Found Element By {by.toString()}
2024-04-17 19:22:32,613 [main] INFO  base.BaseClass - Trying to find Element By {by.toString()})
2024-04-17 19:22:32,644 [main] INFO  base.BaseClass - Found Element By {by.toString()}
2024-04-17 19:22:33,189 [main] INFO  base.BaseClass - Trying to find Element By {by.toString()})
2024-04-17 19:22:33,219 [main] INFO  base.BaseClass - Found Element By {by.toString()}
2024-04-17 19:22:33,756 [main] INFO  base.BaseClass - Trying to find Element By {by.toString()})
2024-04-17 19:22:33,785 [main] INFO  base.BaseClass - Found Element By {by.toString()}
2024-04-17 19:22:34,323 [main] INFO  base.BaseClass - Trying to find Element By {by.toString()})
2024-04-17 19:22:34,353 [main] INFO  base.BaseClass - Found Element By {by.toString()}
2024-04-17 19:22:34,900 [main] INFO  base.BaseClass - Trying to find Element By {by.toString()})
2024-04-17 19:22:34,931 [main] INFO  base.BaseClass - Found Element By {by.toString()}
2024-04-17 19:22:35,481 [main] INFO  base.BaseClass - Trying to find Element By {by.toString()})
2024-04-17 19:22:35,510 [main] INFO  base.BaseClass - Found Element By {by.toString()}
2024-04-17 19:22:36,059 [main] INFO  base.BaseClass - Trying to find Element By {by.toString()})
2024-04-17 19:22:36,090 [main] INFO  base.BaseClass - Found Element By {by.toString()}
2024-04-17 19:22:36,637 [main] INFO  base.BaseClass - Trying to find Element By {by.toString()})
2024-04-17 19:22:36,668 [main] INFO  base.BaseClass - Found Element By {by.toString()}
TimeoutException occurred: Expected condition failed: waiting for helper.WaitUtility$5@1bc33d20 (tried for 30 second(s) with 500 milliseconds interval)
Build info: version: '3.141.59', revision: 'e82be7d358', time: '2018-11-14T08:17:03'
System info: host: 'DPLAP166', ip: '137.237.2.236', os.name: 'Windows 10', os.arch: 'amd64', os.version: '10.0', java.version: '19.0.1'
Driver info: org.openqa.selenium.support.events.EventFiringWebDriver
Capabilities {acceptInsecureCerts: true, browserName: chrome, browserVersion: 123.0.6312.123, chrome: {chromedriverVersion: 123.0.6312.122 (31f8248cdd9..., userDataDir: C:\Users\dP-PL\AppData\Loca...}, fedcm:accounts: true, goog:chromeOptions: {debuggerAddress: localhost:51256}, javascriptEnabled: true, networkConnectionEnabled: false, pageLoadStrategy: normal, platform: WINDOWS, platformName: WINDOWS, proxy: Proxy(), setWindowRect: true, strictFileInteractability: false, timeouts: {implicit: 0, pageLoad: 300000, script: 30000}, unhandledPromptBehavior: dismiss and notify, webauthn:extension:credBlob: true, webauthn:extension:largeBlob: true, webauthn:extension:minPinLength: true, webauthn:extension:prf: true, webauthn:virtualAuthenticators: true}
Session ID: a59c4df4811f82049fe754efe723d3c1
2024-04-17 19:22:36,706 [main] ERROR RotationCopy_test - Element did not become visible within the specified time: Expected condition failed: waiting for helper.WaitUtility$5@1bc33d20 (tried for 30 second(s) with 500 milliseconds interval)
Build info: version: '3.141.59', revision: 'e82be7d358', time: '2018-11-14T08:17:03'
System info: host: 'DPLAP166', ip: '137.237.2.236', os.name: 'Windows 10', os.arch: 'amd64', os.version: '10.0', java.version: '19.0.1'
Driver info: org.openqa.selenium.support.events.EventFiringWebDriver
Capabilities {acceptInsecureCerts: true, browserName: chrome, browserVersion: 123.0.6312.123, chrome: {chromedriverVersion: 123.0.6312.122 (31f8248cdd9..., userDataDir: C:\Users\dP-PL\AppData\Loca...}, fedcm:accounts: true, goog:chromeOptions: {debuggerAddress: localhost:51256}, javascriptEnabled: true, networkConnectionEnabled: false, pageLoadStrategy: normal, platform: WINDOWS, platformName: WINDOWS, proxy: Proxy(), setWindowRect: true, strictFileInteractability: false, timeouts: {implicit: 0, pageLoad: 300000, script: 30000}, unhandledPromptBehavior: dismiss and notify, webauthn:extension:credBlob: true, webauthn:extension:largeBlob: true, webauthn:extension:minPinLength: true, webauthn:extension:prf: true, webauthn:virtualAuthenticators: true}
Session ID: a59c4df4811f82049fe754efe723d3c1
2024-04-17 19:22:36,706 [main] INFO  base.BaseClass - Trying to find Element By {by.toString()})
2024-04-17 19:22:36,721 [main] INFO  base.BaseClass - Found Element By {by.toString()}
2024-04-17 19:22:36,721 [main] INFO  base.BaseClass - Trying to click on: {element.toString()}
2024-04-17 19:22:36,830 [main] INFO  base.BaseClass - Clicked on: {element.toString()}
2024-04-17 19:22:36,836 [main] INFO  base.BaseClass - Trying to find Element By {by.toString()})
2024-04-17 19:22:36,920 [main] INFO  base.BaseClass - Found Element By {by.toString()}
2024-04-17 19:22:37,438 [main] INFO  base.BaseClass - Trying to find Element By {by.toString()})
2024-04-17 19:22:37,468 [main] INFO  base.BaseClass - Found Element By {by.toString()}
2024-04-17 19:22:38,017 [main] INFO  base.BaseClass - Trying to find Element By {by.toString()})
2024-04-17 19:22:38,049 [main] INFO  base.BaseClass - Found Element By {by.toString()}
2024-04-17 19:22:38,577 [main] INFO  base.BaseClass - Trying to find Element By {by.toString()})
2024-04-17 19:22:38,593 [main] INFO  base.BaseClass - Found Element By {by.toString()}
2024-04-17 19:22:39,122 [main] INFO  base.BaseClass - Trying to find Element By {by.toString()})
2024-04-17 19:22:39,149 [main] INFO  base.BaseClass - Found Element By {by.toString()}
2024-04-17 19:22:39,690 [main] INFO  base.BaseClass - Trying to find Element By {by.toString()})
2024-04-17 19:22:39,720 [main] INFO  base.BaseClass - Found Element By {by.toString()}
2024-04-17 19:22:40,272 [main] INFO  base.BaseClass - Trying to find Element By {by.toString()})
2024-04-17 19:22:40,299 [main] INFO  base.BaseClass - Found Element By {by.toString()}
2024-04-17 19:22:40,849 [main] INFO  base.BaseClass - Trying to find Element By {by.toString()})
2024-04-17 19:22:40,878 [main] INFO  base.BaseClass - Found Element By {by.toString()}
2024-04-17 19:22:41,425 [main] INFO  base.BaseClass - Trying to find Element By {by.toString()})
2024-04-17 19:22:41,453 [main] INFO  base.BaseClass - Found Element By {by.toString()}
2024-04-17 19:22:41,992 [main] INFO  base.BaseClass - Trying to find Element By {by.toString()})
2024-04-17 19:22:42,021 [main] INFO  base.BaseClass - Found Element By {by.toString()}
2024-04-17 19:22:42,540 [main] INFO  base.BaseClass - Trying to find Element By {by.toString()})
2024-04-17 19:22:42,568 [main] INFO  base.BaseClass - Found Element By {by.toString()}
2024-04-17 19:22:43,105 [main] INFO  base.BaseClass - Trying to find Element By {by.toString()})
2024-04-17 19:22:43,135 [main] INFO  base.BaseClass - Found Element By {by.toString()}
2024-04-17 19:22:43,681 [main] INFO  base.BaseClass - Trying to find Element By {by.toString()})
2024-04-17 19:22:43,709 [main] INFO  base.BaseClass - Found Element By {by.toString()}
2024-04-17 19:22:44,260 [main] INFO  base.BaseClass - Trying to find Element By {by.toString()})
2024-04-17 19:22:44,282 [main] INFO  base.BaseClass - Found Element By {by.toString()}
2024-04-17 19:22:44,821 [main] INFO  base.BaseClass - Trying to find Element By {by.toString()})
2024-04-17 19:22:44,845 [main] INFO  base.BaseClass - Found Element By {by.toString()}
2024-04-17 19:22:45,387 [main] INFO  base.BaseClass - Trying to find Element By {by.toString()})
2024-04-17 19:22:45,415 [main] INFO  base.BaseClass - Found Element By {by.toString()}
2024-04-17 19:22:45,955 [main] INFO  base.BaseClass - Trying to find Element By {by.toString()})
2024-04-17 19:22:45,983 [main] INFO  base.BaseClass - Found Element By {by.toString()}
2024-04-17 19:22:46,530 [main] INFO  base.BaseClass - Trying to find Element By {by.toString()})
2024-04-17 19:22:46,558 [main] INFO  base.BaseClass - Found Element By {by.toString()}
2024-04-17 19:22:47,111 [main] INFO  base.BaseClass - Trying to find Element By {by.toString()})
2024-04-17 19:22:47,140 [main] INFO  base.BaseClass - Found Element By {by.toString()}
2024-04-17 19:22:47,692 [main] INFO  base.BaseClass - Trying to find Element By {by.toString()})
2024-04-17 19:22:47,721 [main] INFO  base.BaseClass - Found Element By {by.toString()}
2024-04-17 19:22:48,256 [main] INFO  base.BaseClass - Trying to find Element By {by.toString()})
2024-04-17 19:22:48,286 [main] INFO  base.BaseClass - Found Element By {by.toString()}
2024-04-17 19:22:48,837 [main] INFO  base.BaseClass - Trying to find Element By {by.toString()})
2024-04-17 19:22:48,865 [main] INFO  base.BaseClass - Found Element By {by.toString()}
2024-04-17 19:22:49,413 [main] INFO  base.BaseClass - Trying to find Element By {by.toString()})
2024-04-17 19:22:49,442 [main] INFO  base.BaseClass - Found Element By {by.toString()}
2024-04-17 19:22:49,991 [main] INFO  base.BaseClass - Trying to find Element By {by.toString()})
2024-04-17 19:22:50,020 [main] INFO  base.BaseClass - Found Element By {by.toString()}
2024-04-17 19:22:50,552 [main] INFO  base.BaseClass - Trying to find Element By {by.toString()})
2024-04-17 19:22:50,581 [main] INFO  base.BaseClass - Found Element By {by.toString()}
2024-04-17 19:22:51,118 [main] INFO  base.BaseClass - Trying to find Element By {by.toString()})
2024-04-17 19:22:51,145 [main] INFO  base.BaseClass - Found Element By {by.toString()}
2024-04-17 19:22:51,694 [main] INFO  base.BaseClass - Trying to find Element By {by.toString()})
2024-04-17 19:22:51,722 [main] INFO  base.BaseClass - Found Element By {by.toString()}
2024-04-17 19:22:52,273 [main] INFO  base.BaseClass - Trying to find Element By {by.toString()})
2024-04-17 19:22:52,299 [main] INFO  base.BaseClass - Found Element By {by.toString()}
2024-04-17 19:22:52,834 [main] INFO  base.BaseClass - Trying to find Element By {by.toString()})
2024-04-17 19:22:52,862 [main] INFO  base.BaseClass - Found Element By {by.toString()}
2024-04-17 19:22:53,415 [main] INFO  base.BaseClass - Trying to find Element By {by.toString()})
2024-04-17 19:22:53,442 [main] INFO  base.BaseClass - Found Element By {by.toString()}
2024-04-17 19:22:53,976 [main] INFO  base.BaseClass - Trying to find Element By {by.toString()})
2024-04-17 19:22:54,005 [main] INFO  base.BaseClass - Found Element By {by.toString()}
2024-04-17 19:22:54,553 [main] INFO  base.BaseClass - Trying to find Element By {by.toString()})
2024-04-17 19:22:54,582 [main] INFO  base.BaseClass - Found Element By {by.toString()}
2024-04-17 19:22:55,133 [main] INFO  base.BaseClass - Trying to find Element By {by.toString()})
2024-04-17 19:22:55,165 [main] INFO  base.BaseClass - Found Element By {by.toString()}
2024-04-17 19:22:55,699 [main] INFO  base.BaseClass - Trying to find Element By {by.toString()})
2024-04-17 19:22:55,727 [main] INFO  base.BaseClass - Found Element By {by.toString()}
2024-04-17 19:22:56,280 [main] INFO  base.BaseClass - Trying to find Element By {by.toString()})
2024-04-17 19:22:56,304 [main] INFO  base.BaseClass - Found Element By {by.toString()}
2024-04-17 19:22:56,843 [main] INFO  base.BaseClass - Trying to find Element By {by.toString()})
2024-04-17 19:22:56,872 [main] INFO  base.BaseClass - Found Element By {by.toString()}
2024-04-17 19:22:57,423 [main] INFO  base.BaseClass - Trying to find Element By {by.toString()})
2024-04-17 19:22:57,452 [main] INFO  base.BaseClass - Found Element By {by.toString()}
2024-04-17 19:22:57,990 [main] INFO  base.BaseClass - Trying to find Element By {by.toString()})
2024-04-17 19:22:58,006 [main] INFO  base.BaseClass - Found Element By {by.toString()}
2024-04-17 19:22:58,538 [main] INFO  base.BaseClass - Trying to find Element By {by.toString()})
2024-04-17 19:22:58,567 [main] INFO  base.BaseClass - Found Element By {by.toString()}
2024-04-17 19:22:59,098 [main] INFO  base.BaseClass - Trying to find Element By {by.toString()})
2024-04-17 19:22:59,125 [main] INFO  base.BaseClass - Found Element By {by.toString()}
2024-04-17 19:22:59,677 [main] INFO  base.BaseClass - Trying to find Element By {by.toString()})
2024-04-17 19:22:59,691 [main] INFO  base.BaseClass - Found Element By {by.toString()}
2024-04-17 19:23:00,217 [main] INFO  base.BaseClass - Trying to find Element By {by.toString()})
2024-04-17 19:23:00,227 [main] INFO  base.BaseClass - Found Element By {by.toString()}
2024-04-17 19:23:00,750 [main] INFO  base.BaseClass - Trying to find Element By {by.toString()})
2024-04-17 19:23:00,778 [main] INFO  base.BaseClass - Found Element By {by.toString()}
2024-04-17 19:23:01,330 [main] INFO  base.BaseClass - Trying to find Element By {by.toString()})
2024-04-17 19:23:01,351 [main] INFO  base.BaseClass - Found Element By {by.toString()}
2024-04-17 19:23:01,893 [main] INFO  base.BaseClass - Trying to find Element By {by.toString()})
2024-04-17 19:23:01,927 [main] INFO  base.BaseClass - Found Element By {by.toString()}
2024-04-17 19:23:02,469 [main] INFO  base.BaseClass - Trying to find Element By {by.toString()})
2024-04-17 19:23:02,478 [main] INFO  base.BaseClass - Found Element By {by.toString()}
2024-04-17 19:23:03,000 [main] INFO  base.BaseClass - Trying to find Element By {by.toString()})
2024-04-17 19:23:03,026 [main] INFO  base.BaseClass - Found Element By {by.toString()}
2024-04-17 19:23:03,580 [main] INFO  base.BaseClass - Trying to find Element By {by.toString()})
2024-04-17 19:23:03,612 [main] INFO  base.BaseClass - Found Element By {by.toString()}
2024-04-17 19:23:04,157 [main] INFO  base.BaseClass - Trying to find Element By {by.toString()})
2024-04-17 19:23:04,188 [main] INFO  base.BaseClass - Found Element By {by.toString()}
2024-04-17 19:23:04,735 [main] INFO  base.BaseClass - Trying to find Element By {by.toString()})
2024-04-17 19:23:04,763 [main] INFO  base.BaseClass - Found Element By {by.toString()}
2024-04-17 19:23:05,283 [main] INFO  base.BaseClass - Trying to find Element By {by.toString()})
2024-04-17 19:23:05,311 [main] INFO  base.BaseClass - Found Element By {by.toString()}
2024-04-17 19:23:05,846 [main] INFO  base.BaseClass - Trying to find Element By {by.toString()})
2024-04-17 19:23:05,874 [main] INFO  base.BaseClass - Found Element By {by.toString()}
2024-04-17 19:23:06,425 [main] INFO  base.BaseClass - Trying to find Element By {by.toString()})
2024-04-17 19:23:06,454 [main] INFO  base.BaseClass - Found Element By {by.toString()}
2024-04-17 19:23:07,003 [main] INFO  base.BaseClass - Trying to find Element By {by.toString()})
2024-04-17 19:23:07,031 [main] INFO  base.BaseClass - Found Element By {by.toString()}
TimeoutException occurred: Expected condition failed: waiting for helper.WaitUtility$5@63965489 (tried for 30 second(s) with 500 milliseconds interval)
Build info: version: '3.141.59', revision: 'e82be7d358', time: '2018-11-14T08:17:03'
System info: host: 'DPLAP166', ip: '137.237.2.236', os.name: 'Windows 10', os.arch: 'amd64', os.version: '10.0', java.version: '19.0.1'
Driver info: org.openqa.selenium.support.events.EventFiringWebDriver
Capabilities {acceptInsecureCerts: true, browserName: chrome, browserVersion: 123.0.6312.123, chrome: {chromedriverVersion: 123.0.6312.122 (31f8248cdd9..., userDataDir: C:\Users\dP-PL\AppData\Loca...}, fedcm:accounts: true, goog:chromeOptions: {debuggerAddress: localhost:51256}, javascriptEnabled: true, networkConnectionEnabled: false, pageLoadStrategy: normal, platform: WINDOWS, platformName: WINDOWS, proxy: Proxy(), setWindowRect: true, strictFileInteractability: false, timeouts: {implicit: 0, pageLoad: 300000, script: 30000}, unhandledPromptBehavior: dismiss and notify, webauthn:extension:credBlob: true, webauthn:extension:largeBlob: true, webauthn:extension:minPinLength: true, webauthn:extension:prf: true, webauthn:virtualAuthenticators: true}
Session ID: a59c4df4811f82049fe754efe723d3c1
2024-04-17 19:23:07,071 [main] ERROR RotationCopy_test - Element did not become visible within the specified time: Expected condition failed: waiting for helper.WaitUtility$5@63965489 (tried for 30 second(s) with 500 milliseconds interval)
Build info: version: '3.141.59', revision: 'e82be7d358', time: '2018-11-14T08:17:03'
System info: host: 'DPLAP166', ip: '137.237.2.236', os.name: 'Windows 10', os.arch: 'amd64', os.version: '10.0', java.version: '19.0.1'
Driver info: org.openqa.selenium.support.events.EventFiringWebDriver
Capabilities {acceptInsecureCerts: true, browserName: chrome, browserVersion: 123.0.6312.123, chrome: {chromedriverVersion: 123.0.6312.122 (31f8248cdd9..., userDataDir: C:\Users\dP-PL\AppData\Loca...}, fedcm:accounts: true, goog:chromeOptions: {debuggerAddress: localhost:51256}, javascriptEnabled: true, networkConnectionEnabled: false, pageLoadStrategy: normal, platform: WINDOWS, platformName: WINDOWS, proxy: Proxy(), setWindowRect: true, strictFileInteractability: false, timeouts: {implicit: 0, pageLoad: 300000, script: 30000}, unhandledPromptBehavior: dismiss and notify, webauthn:extension:credBlob: true, webauthn:extension:largeBlob: true, webauthn:extension:minPinLength: true, webauthn:extension:prf: true, webauthn:virtualAuthenticators: true}
Session ID: a59c4df4811f82049fe754efe723d3c1
2024-04-17 19:23:07,071 [main] INFO  base.BaseClass - Trying to find Element By {by.toString()})
2024-04-17 19:23:07,090 [main] INFO  base.BaseClass - Found Element By {by.toString()}
2024-04-17 19:23:07,090 [main] INFO  base.BaseClass - Trying to click on: {element.toString()}
2024-04-17 19:23:07,160 [main] INFO  base.BaseClass - Clicked on: {element.toString()}
2024-04-17 19:23:07,166 [main] INFO  base.BaseClass - Trying to find Element By {by.toString()})
2024-04-17 19:23:07,174 [main] INFO  base.BaseClass - Found Element By {by.toString()}
2024-04-17 19:23:07,693 [main] INFO  base.BaseClass - Trying to find Element By {by.toString()})
2024-04-17 19:23:08,020 [main] INFO  base.BaseClass - Found Element By {by.toString()}
2024-04-17 19:23:08,549 [main] INFO  base.BaseClass - Trying to find Element By {by.toString()})
2024-04-17 19:23:08,578 [main] INFO  base.BaseClass - Found Element By {by.toString()}
2024-04-17 19:23:09,127 [main] INFO  base.BaseClass - Trying to find Element By {by.toString()})
2024-04-17 19:23:09,158 [main] INFO  base.BaseClass - Found Element By {by.toString()}
2024-04-17 19:23:09,707 [main] INFO  base.BaseClass - Trying to find Element By {by.toString()})
2024-04-17 19:23:09,733 [main] INFO  base.BaseClass - Found Element By {by.toString()}
2024-04-17 19:23:10,267 [main] INFO  base.BaseClass - Trying to find Element By {by.toString()})
2024-04-17 19:23:10,295 [main] INFO  base.BaseClass - Found Element By {by.toString()}
2024-04-17 19:23:10,846 [main] INFO  base.BaseClass - Trying to find Element By {by.toString()})
2024-04-17 19:23:10,874 [main] INFO  base.BaseClass - Found Element By {by.toString()}
2024-04-17 19:23:11,425 [main] INFO  base.BaseClass - Trying to find Element By {by.toString()})
2024-04-17 19:23:11,454 [main] INFO  base.BaseClass - Found Element By {by.toString()}
2024-04-17 19:23:12,001 [main] INFO  base.BaseClass - Trying to find Element By {by.toString()})
2024-04-17 19:23:12,031 [main] INFO  base.BaseClass - Found Element By {by.toString()}
2024-04-17 19:23:12,577 [main] INFO  base.BaseClass - Trying to find Element By {by.toString()})
2024-04-17 19:23:12,594 [main] INFO  base.BaseClass - Found Element By {by.toString()}
2024-04-17 19:23:13,126 [main] INFO  base.BaseClass - Trying to find Element By {by.toString()})
2024-04-17 19:23:13,155 [main] INFO  base.BaseClass - Found Element By {by.toString()}
2024-04-17 19:23:13,707 [main] INFO  base.BaseClass - Trying to find Element By {by.toString()})
2024-04-17 19:23:13,738 [main] INFO  base.BaseClass - Found Element By {by.toString()}
2024-04-17 19:23:14,281 [main] INFO  base.BaseClass - Trying to find Element By {by.toString()})
2024-04-17 19:23:14,305 [main] INFO  base.BaseClass - Found Element By {by.toString()}
2024-04-17 19:23:14,842 [main] INFO  base.BaseClass - Trying to find Element By {by.toString()})
2024-04-17 19:23:14,858 [main] INFO  base.BaseClass - Found Element By {by.toString()}
2024-04-17 19:23:15,375 [main] INFO  base.BaseClass - Trying to find Element By {by.toString()})
2024-04-17 19:23:15,403 [main] INFO  base.BaseClass - Found Element By {by.toString()}
2024-04-17 19:23:15,941 [main] INFO  base.BaseClass - Trying to find Element By {by.toString()})
2024-04-17 19:23:15,971 [main] INFO  base.BaseClass - Found Element By {by.toString()}
2024-04-17 19:23:16,516 [main] INFO  base.BaseClass - Trying to find Element By {by.toString()})
2024-04-17 19:23:16,542 [main] INFO  base.BaseClass - Found Element By {by.toString()}
2024-04-17 19:23:17,081 [main] INFO  base.BaseClass - Trying to find Element By {by.toString()})
2024-04-17 19:23:17,110 [main] INFO  base.BaseClass - Found Element By {by.toString()}
2024-04-17 19:23:17,659 [main] INFO  base.BaseClass - Trying to find Element By {by.toString()})
2024-04-17 19:23:17,681 [main] INFO  base.BaseClass - Found Element By {by.toString()}
2024-04-17 19:23:18,209 [main] INFO  base.BaseClass - Trying to find Element By {by.toString()})
2024-04-17 19:23:18,238 [main] INFO  base.BaseClass - Found Element By {by.toString()}
2024-04-17 19:23:18,787 [main] INFO  base.BaseClass - Trying to find Element By {by.toString()})
2024-04-17 19:23:18,816 [main] INFO  base.BaseClass - Found Element By {by.toString()}
2024-04-17 19:23:19,365 [main] INFO  base.BaseClass - Trying to find Element By {by.toString()})
2024-04-17 19:23:19,393 [main] INFO  base.BaseClass - Found Element By {by.toString()}
2024-04-17 19:23:19,927 [main] INFO  base.BaseClass - Trying to find Element By {by.toString()})
2024-04-17 19:23:19,949 [main] INFO  base.BaseClass - Found Element By {by.toString()}
2024-04-17 19:23:20,473 [main] INFO  base.BaseClass - Trying to find Element By {by.toString()})
2024-04-17 19:23:20,503 [main] INFO  base.BaseClass - Found Element By {by.toString()}
2024-04-17 19:23:21,052 [main] INFO  base.BaseClass - Trying to find Element By {by.toString()})
2024-04-17 19:23:21,082 [main] INFO  base.BaseClass - Found Element By {by.toString()}
2024-04-17 19:23:21,631 [main] INFO  base.BaseClass - Trying to find Element By {by.toString()})
2024-04-17 19:23:21,660 [main] INFO  base.BaseClass - Found Element By {by.toString()}
2024-04-17 19:23:22,207 [main] INFO  base.BaseClass - Trying to find Element By {by.toString()})
2024-04-17 19:23:22,218 [main] INFO  base.BaseClass - Found Element By {by.toString()}
2024-04-17 19:23:22,736 [main] INFO  base.BaseClass - Trying to find Element By {by.toString()})
2024-04-17 19:23:22,765 [main] INFO  base.BaseClass - Found Element By {by.toString()}
2024-04-17 19:23:23,299 [main] INFO  base.BaseClass - Trying to find Element By {by.toString()})
2024-04-17 19:23:23,327 [main] INFO  base.BaseClass - Found Element By {by.toString()}
2024-04-17 19:23:23,876 [main] INFO  base.BaseClass - Trying to find Element By {by.toString()})
2024-04-17 19:23:23,904 [main] INFO  base.BaseClass - Found Element By {by.toString()}
2024-04-17 19:23:24,438 [main] INFO  base.BaseClass - Trying to find Element By {by.toString()})
2024-04-17 19:23:24,464 [main] INFO  base.BaseClass - Found Element By {by.toString()}
2024-04-17 19:23:25,000 [main] INFO  base.BaseClass - Trying to find Element By {by.toString()})
2024-04-17 19:23:25,029 [main] INFO  base.BaseClass - Found Element By {by.toString()}
2024-04-17 19:23:25,576 [main] INFO  base.BaseClass - Trying to find Element By {by.toString()})
2024-04-17 19:23:25,604 [main] INFO  base.BaseClass - Found Element By {by.toString()}
2024-04-17 19:23:26,153 [main] INFO  base.BaseClass - Trying to find Element By {by.toString()})
2024-04-17 19:23:26,180 [main] INFO  base.BaseClass - Found Element By {by.toString()}
2024-04-17 19:23:26,714 [main] INFO  base.BaseClass - Trying to find Element By {by.toString()})
2024-04-17 19:23:26,743 [main] INFO  base.BaseClass - Found Element By {by.toString()}
2024-04-17 19:23:27,293 [main] INFO  base.BaseClass - Trying to find Element By {by.toString()})
2024-04-17 19:23:27,322 [main] INFO  base.BaseClass - Found Element By {by.toString()}
2024-04-17 19:23:27,874 [main] INFO  base.BaseClass - Trying to find Element By {by.toString()})
2024-04-17 19:23:27,909 [main] INFO  base.BaseClass - Found Element By {by.toString()}
2024-04-17 19:23:28,436 [main] INFO  base.BaseClass - Trying to find Element By {by.toString()})
2024-04-17 19:23:28,464 [main] INFO  base.BaseClass - Found Element By {by.toString()}
2024-04-17 19:23:29,010 [main] INFO  base.BaseClass - Trying to find Element By {by.toString()})
2024-04-17 19:23:29,040 [main] INFO  base.BaseClass - Found Element By {by.toString()}
2024-04-17 19:23:29,587 [main] INFO  base.BaseClass - Trying to find Element By {by.toString()})
2024-04-17 19:23:29,617 [main] INFO  base.BaseClass - Found Element By {by.toString()}
2024-04-17 19:23:30,164 [main] INFO  base.BaseClass - Trying to find Element By {by.toString()})
2024-04-17 19:23:30,193 [main] INFO  base.BaseClass - Found Element By {by.toString()}
2024-04-17 19:23:30,742 [main] INFO  base.BaseClass - Trying to find Element By {by.toString()})
2024-04-17 19:23:30,763 [main] INFO  base.BaseClass - Found Element By {by.toString()}
2024-04-17 19:23:31,289 [main] INFO  base.BaseClass - Trying to find Element By {by.toString()})
2024-04-17 19:23:31,319 [main] INFO  base.BaseClass - Found Element By {by.toString()}
2024-04-17 19:23:31,867 [main] INFO  base.BaseClass - Trying to find Element By {by.toString()})
2024-04-17 19:23:31,896 [main] INFO  base.BaseClass - Found Element By {by.toString()}
2024-04-17 19:23:32,444 [main] INFO  base.BaseClass - Trying to find Element By {by.toString()})
2024-04-17 19:23:32,473 [main] INFO  base.BaseClass - Found Element By {by.toString()}
2024-04-17 19:23:33,025 [main] INFO  base.BaseClass - Trying to find Element By {by.toString()})
2024-04-17 19:23:33,054 [main] INFO  base.BaseClass - Found Element By {by.toString()}
2024-04-17 19:23:33,602 [main] INFO  base.BaseClass - Trying to find Element By {by.toString()})
2024-04-17 19:23:33,632 [main] INFO  base.BaseClass - Found Element By {by.toString()}
2024-04-17 19:23:34,182 [main] INFO  base.BaseClass - Trying to find Element By {by.toString()})
2024-04-17 19:23:34,211 [main] INFO  base.BaseClass - Found Element By {by.toString()}
2024-04-17 19:23:34,746 [main] INFO  base.BaseClass - Trying to find Element By {by.toString()})
2024-04-17 19:23:34,776 [main] INFO  base.BaseClass - Found Element By {by.toString()}
2024-04-17 19:23:35,323 [main] INFO  base.BaseClass - Trying to find Element By {by.toString()})
2024-04-17 19:23:35,353 [main] INFO  base.BaseClass - Found Element By {by.toString()}
2024-04-17 19:23:35,900 [main] INFO  base.BaseClass - Trying to find Element By {by.toString()})
2024-04-17 19:23:35,955 [main] INFO  base.BaseClass - Found Element By {by.toString()}
2024-04-17 19:23:36,524 [main] INFO  base.BaseClass - Trying to find Element By {by.toString()})
2024-04-17 19:23:36,554 [main] INFO  base.BaseClass - Found Element By {by.toString()}
2024-04-17 19:23:37,085 [main] INFO  base.BaseClass - Trying to find Element By {by.toString()})
2024-04-17 19:23:37,413 [main] INFO  base.BaseClass - Found Element By {by.toString()}
TimeoutException occurred: Expected condition failed: waiting for helper.WaitUtility$5@2a1d9f60 (tried for 30 second(s) with 500 milliseconds interval)
Build info: version: '3.141.59', revision: 'e82be7d358', time: '2018-11-14T08:17:03'
System info: host: 'DPLAP166', ip: '137.237.2.236', os.name: 'Windows 10', os.arch: 'amd64', os.version: '10.0', java.version: '19.0.1'
Driver info: org.openqa.selenium.support.events.EventFiringWebDriver
Capabilities {acceptInsecureCerts: true, browserName: chrome, browserVersion: 123.0.6312.123, chrome: {chromedriverVersion: 123.0.6312.122 (31f8248cdd9..., userDataDir: C:\Users\dP-PL\AppData\Loca...}, fedcm:accounts: true, goog:chromeOptions: {debuggerAddress: localhost:51256}, javascriptEnabled: true, networkConnectionEnabled: false, pageLoadStrategy: normal, platform: WINDOWS, platformName: WINDOWS, proxy: Proxy(), setWindowRect: true, strictFileInteractability: false, timeouts: {implicit: 0, pageLoad: 300000, script: 30000}, unhandledPromptBehavior: dismiss and notify, webauthn:extension:credBlob: true, webauthn:extension:largeBlob: true, webauthn:extension:minPinLength: true, webauthn:extension:prf: true, webauthn:virtualAuthenticators: true}
Session ID: a59c4df4811f82049fe754efe723d3c1
2024-04-17 19:23:37,441 [main] ERROR RotationCopy_test - Element did not become visible within the specified time: Expected condition failed: waiting for helper.WaitUtility$5@2a1d9f60 (tried for 30 second(s) with 500 milliseconds interval)
Build info: version: '3.141.59', revision: 'e82be7d358', time: '2018-11-14T08:17:03'
System info: host: 'DPLAP166', ip: '137.237.2.236', os.name: 'Windows 10', os.arch: 'amd64', os.version: '10.0', java.version: '19.0.1'
Driver info: org.openqa.selenium.support.events.EventFiringWebDriver
Capabilities {acceptInsecureCerts: true, browserName: chrome, browserVersion: 123.0.6312.123, chrome: {chromedriverVersion: 123.0.6312.122 (31f8248cdd9..., userDataDir: C:\Users\dP-PL\AppData\Loca...}, fedcm:accounts: true, goog:chromeOptions: {debuggerAddress: localhost:51256}, javascriptEnabled: true, networkConnectionEnabled: false, pageLoadStrategy: normal, platform: WINDOWS, platformName: WINDOWS, proxy: Proxy(), setWindowRect: true, strictFileInteractability: false, timeouts: {implicit: 0, pageLoad: 300000, script: 30000}, unhandledPromptBehavior: dismiss and notify, webauthn:extension:credBlob: true, webauthn:extension:largeBlob: true, webauthn:extension:minPinLength: true, webauthn:extension:prf: true, webauthn:virtualAuthenticators: true}
Session ID: a59c4df4811f82049fe754efe723d3c1
2024-04-17 19:23:37,441 [main] INFO  base.BaseClass - Trying to find Element By {by.toString()})
2024-04-17 19:23:37,453 [main] INFO  base.BaseClass - Found Element By {by.toString()}
2024-04-17 19:23:37,453 [main] INFO  base.BaseClass - Trying to click on: {element.toString()}
2024-04-17 19:23:37,561 [main] INFO  base.BaseClass - Clicked on: {element.toString()}
2024-04-17 19:23:37,561 [main] INFO  base.BaseClass - Trying to find Element By {by.toString()})
2024-04-17 19:23:38,418 [main] INFO  base.BaseClass - Found Element By {by.toString()}
2024-04-17 19:23:38,944 [main] INFO  base.BaseClass - Trying to find Element By {by.toString()})
2024-04-17 19:23:38,976 [main] INFO  base.BaseClass - Found Element By {by.toString()}
2024-04-17 19:23:39,512 [main] INFO  base.BaseClass - Trying to find Element By {by.toString()})
2024-04-17 19:23:39,535 [main] INFO  base.BaseClass - Found Element By {by.toString()}
2024-04-17 19:23:40,076 [main] INFO  base.BaseClass - Trying to find Element By {by.toString()})
2024-04-17 19:23:40,108 [main] INFO  base.BaseClass - Found Element By {by.toString()}
2024-04-17 19:23:40,641 [main] INFO  base.BaseClass - Trying to find Element By {by.toString()})
2024-04-17 19:23:40,672 [main] INFO  base.BaseClass - Found Element By {by.toString()}
2024-04-17 19:23:41,221 [main] INFO  base.BaseClass - Trying to find Element By {by.toString()})
2024-04-17 19:23:41,253 [main] INFO  base.BaseClass - Found Element By {by.toString()}
2024-04-17 19:23:41,800 [main] INFO  base.BaseClass - Trying to find Element By {by.toString()})
2024-04-17 19:23:41,833 [main] INFO  base.BaseClass - Found Element By {by.toString()}
2024-04-17 19:23:42,379 [main] INFO  base.BaseClass - Trying to find Element By {by.toString()})
2024-04-17 19:23:42,410 [main] INFO  base.BaseClass - Found Element By {by.toString()}
2024-04-17 19:23:42,942 [main] INFO  base.BaseClass - Trying to find Element By {by.toString()})
2024-04-17 19:23:42,973 [main] INFO  base.BaseClass - Found Element By {by.toString()}
2024-04-17 19:23:43,518 [main] INFO  base.BaseClass - Trying to find Element By {by.toString()})
2024-04-17 19:23:43,549 [main] INFO  base.BaseClass - Found Element By {by.toString()}
2024-04-17 19:23:44,096 [main] INFO  base.BaseClass - Trying to find Element By {by.toString()})
2024-04-17 19:23:44,128 [main] INFO  base.BaseClass - Found Element By {by.toString()}
2024-04-17 19:23:44,676 [main] INFO  base.BaseClass - Trying to find Element By {by.toString()})
2024-04-17 19:23:44,708 [main] INFO  base.BaseClass - Found Element By {by.toString()}
2024-04-17 19:23:45,242 [main] INFO  base.BaseClass - Trying to find Element By {by.toString()})
2024-04-17 19:23:45,274 [main] INFO  base.BaseClass - Found Element By {by.toString()}
2024-04-17 19:23:45,824 [main] INFO  base.BaseClass - Trying to find Element By {by.toString()})
2024-04-17 19:23:45,855 [main] INFO  base.BaseClass - Found Element By {by.toString()}
2024-04-17 19:23:46,404 [main] INFO  base.BaseClass - Trying to find Element By {by.toString()})
2024-04-17 19:23:46,437 [main] INFO  base.BaseClass - Found Element By {by.toString()}
2024-04-17 19:23:46,983 [main] INFO  base.BaseClass - Trying to find Element By {by.toString()})
2024-04-17 19:23:47,016 [main] INFO  base.BaseClass - Found Element By {by.toString()}
2024-04-17 19:23:47,562 [main] INFO  base.BaseClass - Trying to find Element By {by.toString()})
2024-04-17 19:23:47,592 [main] INFO  base.BaseClass - Found Element By {by.toString()}
2024-04-17 19:23:48,144 [main] INFO  base.BaseClass - Trying to find Element By {by.toString()})
2024-04-17 19:23:48,174 [main] INFO  base.BaseClass - Found Element By {by.toString()}
2024-04-17 19:23:48,740 [main] INFO  base.BaseClass - Trying to find Element By {by.toString()})
2024-04-17 19:23:48,771 [main] INFO  base.BaseClass - Found Element By {by.toString()}
2024-04-17 19:23:49,320 [main] INFO  base.BaseClass - Trying to find Element By {by.toString()})
2024-04-17 19:23:49,351 [main] INFO  base.BaseClass - Found Element By {by.toString()}
2024-04-17 19:23:49,901 [main] INFO  base.BaseClass - Trying to find Element By {by.toString()})
2024-04-17 19:23:49,933 [main] INFO  base.BaseClass - Found Element By {by.toString()}
2024-04-17 19:23:50,478 [main] INFO  base.BaseClass - Trying to find Element By {by.toString()})
2024-04-17 19:23:50,508 [main] INFO  base.BaseClass - Found Element By {by.toString()}
2024-04-17 19:23:51,059 [main] INFO  base.BaseClass - Trying to find Element By {by.toString()})
2024-04-17 19:23:51,091 [main] INFO  base.BaseClass - Found Element By {by.toString()}
2024-04-17 19:23:51,639 [main] INFO  base.BaseClass - Trying to find Element By {by.toString()})
2024-04-17 19:23:51,666 [main] INFO  base.BaseClass - Found Element By {by.toString()}
2024-04-17 19:23:52,202 [main] INFO  base.BaseClass - Trying to find Element By {by.toString()})
2024-04-17 19:23:52,211 [main] INFO  base.BaseClass - Found Element By {by.toString()}
2024-04-17 19:23:52,735 [main] INFO  base.BaseClass - Trying to find Element By {by.toString()})
2024-04-17 19:23:52,751 [main] INFO  base.BaseClass - Found Element By {by.toString()}
2024-04-17 19:23:53,285 [main] INFO  base.BaseClass - Trying to find Element By {by.toString()})
2024-04-17 19:23:53,318 [main] INFO  base.BaseClass - Found Element By {by.toString()}
2024-04-17 19:23:53,865 [main] INFO  base.BaseClass - Trying to find Element By {by.toString()})
2024-04-17 19:23:53,896 [main] INFO  base.BaseClass - Found Element By {by.toString()}
2024-04-17 19:23:54,443 [main] INFO  base.BaseClass - Trying to find Element By {by.toString()})
2024-04-17 19:23:54,474 [main] INFO  base.BaseClass - Found Element By {by.toString()}
2024-04-17 19:23:55,019 [main] INFO  base.BaseClass - Trying to find Element By {by.toString()})
2024-04-17 19:23:55,047 [main] INFO  base.BaseClass - Found Element By {by.toString()}
2024-04-17 19:23:55,569 [main] INFO  base.BaseClass - Trying to find Element By {by.toString()})
2024-04-17 19:23:55,600 [main] INFO  base.BaseClass - Found Element By {by.toString()}
2024-04-17 19:23:56,150 [main] INFO  base.BaseClass - Trying to find Element By {by.toString()})
2024-04-17 19:23:56,182 [main] INFO  base.BaseClass - Found Element By {by.toString()}
2024-04-17 19:23:56,726 [main] INFO  base.BaseClass - Trying to find Element By {by.toString()})
2024-04-17 19:23:56,757 [main] INFO  base.BaseClass - Found Element By {by.toString()}
2024-04-17 19:23:57,307 [main] INFO  base.BaseClass - Trying to find Element By {by.toString()})
2024-04-17 19:23:57,339 [main] INFO  base.BaseClass - Found Element By {by.toString()}
2024-04-17 19:23:57,882 [main] INFO  base.BaseClass - Trying to find Element By {by.toString()})
2024-04-17 19:23:57,913 [main] INFO  base.BaseClass - Found Element By {by.toString()}
2024-04-17 19:23:58,446 [main] INFO  base.BaseClass - Trying to find Element By {by.toString()})
2024-04-17 19:23:58,476 [main] INFO  base.BaseClass - Found Element By {by.toString()}
2024-04-17 19:23:59,007 [main] INFO  base.BaseClass - Trying to find Element By {by.toString()})
2024-04-17 19:23:59,041 [main] INFO  base.BaseClass - Found Element By {by.toString()}
2024-04-17 19:23:59,579 [main] INFO  base.BaseClass - Trying to find Element By {by.toString()})
2024-04-17 19:23:59,611 [main] INFO  base.BaseClass - Found Element By {by.toString()}
2024-04-17 19:24:00,157 [main] INFO  base.BaseClass - Trying to find Element By {by.toString()})
2024-04-17 19:24:00,186 [main] INFO  base.BaseClass - Found Element By {by.toString()}
2024-04-17 19:24:00,722 [main] INFO  base.BaseClass - Trying to find Element By {by.toString()})
2024-04-17 19:24:00,741 [main] INFO  base.BaseClass - Found Element By {by.toString()}
2024-04-17 19:24:01,266 [main] INFO  base.BaseClass - Trying to find Element By {by.toString()})
2024-04-17 19:24:01,294 [main] INFO  base.BaseClass - Found Element By {by.toString()}
2024-04-17 19:24:01,844 [main] INFO  base.BaseClass - Trying to find Element By {by.toString()})
2024-04-17 19:24:01,859 [main] INFO  base.BaseClass - Found Element By {by.toString()}
2024-04-17 19:24:02,378 [main] INFO  base.BaseClass - Trying to find Element By {by.toString()})
2024-04-17 19:24:02,410 [main] INFO  base.BaseClass - Found Element By {by.toString()}
2024-04-17 19:24:02,956 [main] INFO  base.BaseClass - Trying to find Element By {by.toString()})
2024-04-17 19:24:02,987 [main] INFO  base.BaseClass - Found Element By {by.toString()}
2024-04-17 19:24:03,532 [main] INFO  base.BaseClass - Trying to find Element By {by.toString()})
2024-04-17 19:24:03,563 [main] INFO  base.BaseClass - Found Element By {by.toString()}
2024-04-17 19:24:04,110 [main] INFO  base.BaseClass - Trying to find Element By {by.toString()})
2024-04-17 19:24:04,141 [main] INFO  base.BaseClass - Found Element By {by.toString()}
2024-04-17 19:24:04,688 [main] INFO  base.BaseClass - Trying to find Element By {by.toString()})
2024-04-17 19:24:04,719 [main] INFO  base.BaseClass - Found Element By {by.toString()}
2024-04-17 19:24:05,264 [main] INFO  base.BaseClass - Trying to find Element By {by.toString()})
2024-04-17 19:24:05,294 [main] INFO  base.BaseClass - Found Element By {by.toString()}
2024-04-17 19:24:05,844 [main] INFO  base.BaseClass - Trying to find Element By {by.toString()})
2024-04-17 19:24:05,874 [main] INFO  base.BaseClass - Found Element By {by.toString()}
2024-04-17 19:24:06,423 [main] INFO  base.BaseClass - Trying to find Element By {by.toString()})
2024-04-17 19:24:06,454 [main] INFO  base.BaseClass - Found Element By {by.toString()}
2024-04-17 19:24:07,000 [main] INFO  base.BaseClass - Trying to find Element By {by.toString()})
2024-04-17 19:24:07,031 [main] INFO  base.BaseClass - Found Element By {by.toString()}
2024-04-17 19:24:07,577 [main] INFO  base.BaseClass - Trying to find Element By {by.toString()})
2024-04-17 19:24:07,609 [main] INFO  base.BaseClass - Found Element By {by.toString()}
TimeoutException occurred: Expected condition failed: waiting for helper.WaitUtility$5@4ef1a293 (tried for 30 second(s) with 500 milliseconds interval)
Build info: version: '3.141.59', revision: 'e82be7d358', time: '2018-11-14T08:17:03'
System info: host: 'DPLAP166', ip: '137.237.2.236', os.name: 'Windows 10', os.arch: 'amd64', os.version: '10.0', java.version: '19.0.1'
Driver info: org.openqa.selenium.support.events.EventFiringWebDriver
Capabilities {acceptInsecureCerts: true, browserName: chrome, browserVersion: 123.0.6312.123, chrome: {chromedriverVersion: 123.0.6312.122 (31f8248cdd9..., userDataDir: C:\Users\dP-PL\AppData\Loca...}, fedcm:accounts: true, goog:chromeOptions: {debuggerAddress: localhost:51256}, javascriptEnabled: true, networkConnectionEnabled: false, pageLoadStrategy: normal, platform: WINDOWS, platformName: WINDOWS, proxy: Proxy(), setWindowRect: true, strictFileInteractability: false, timeouts: {implicit: 0, pageLoad: 300000, script: 30000}, unhandledPromptBehavior: dismiss and notify, webauthn:extension:credBlob: true, webauthn:extension:largeBlob: true, webauthn:extension:minPinLength: true, webauthn:extension:prf: true, webauthn:virtualAuthenticators: true}
Session ID: a59c4df4811f82049fe754efe723d3c1
2024-04-17 19:24:07,641 [main] ERROR RotationCopy_test - Element did not become visible within the specified time: Expected condition failed: waiting for helper.WaitUtility$5@4ef1a293 (tried for 30 second(s) with 500 milliseconds interval)
Build info: version: '3.141.59', revision: 'e82be7d358', time: '2018-11-14T08:17:03'
System info: host: 'DPLAP166', ip: '137.237.2.236', os.name: 'Windows 10', os.arch: 'amd64', os.version: '10.0', java.version: '19.0.1'
Driver info: org.openqa.selenium.support.events.EventFiringWebDriver
Capabilities {acceptInsecureCerts: true, browserName: chrome, browserVersion: 123.0.6312.123, chrome: {chromedriverVersion: 123.0.6312.122 (31f8248cdd9..., userDataDir: C:\Users\dP-PL\AppData\Loca...}, fedcm:accounts: true, goog:chromeOptions: {debuggerAddress: localhost:51256}, javascriptEnabled: true, networkConnectionEnabled: false, pageLoadStrategy: normal, platform: WINDOWS, platformName: WINDOWS, proxy: Proxy(), setWindowRect: true, strictFileInteractability: false, timeouts: {implicit: 0, pageLoad: 300000, script: 30000}, unhandledPromptBehavior: dismiss and notify, webauthn:extension:credBlob: true, webauthn:extension:largeBlob: true, webauthn:extension:minPinLength: true, webauthn:extension:prf: true, webauthn:virtualAuthenticators: true}
Session ID: a59c4df4811f82049fe754efe723d3c1
2024-04-17 19:24:07,641 [main] INFO  base.BaseClass - Trying to find Element By {by.toString()})
2024-04-17 19:24:07,663 [main] INFO  base.BaseClass - Found Element By {by.toString()}
2024-04-17 19:24:07,663 [main] INFO  base.BaseClass - Trying to click on: {element.toString()}
2024-04-17 19:24:07,702 [main] INFO  base.BaseClass - Clicked on: {element.toString()}
2024-04-17 19:24:07,702 [main] INFO  base.BaseClass - Trying to find Element By {by.toString()})
2024-04-17 19:24:07,712 [main] INFO  base.BaseClass - Found Element By {by.toString()}
2024-04-17 19:24:08,232 [main] INFO  base.BaseClass - Trying to find Element By {by.toString()})
2024-04-17 19:24:08,296 [main] INFO  base.BaseClass - Found Element By {by.toString()}
2024-04-17 19:24:08,853 [main] INFO  base.BaseClass - Trying to find Element By {by.toString()})
2024-04-17 19:24:08,882 [main] INFO  base.BaseClass - Found Element By {by.toString()}
2024-04-17 19:24:09,435 [main] INFO  base.BaseClass - Trying to find Element By {by.toString()})
2024-04-17 19:24:09,467 [main] INFO  base.BaseClass - Found Element By {by.toString()}
2024-04-17 19:24:10,011 [main] INFO  base.BaseClass - Trying to find Element By {by.toString()})
2024-04-17 19:24:10,044 [main] INFO  base.BaseClass - Found Element By {by.toString()}
2024-04-17 19:24:10,588 [main] INFO  base.BaseClass - Trying to find Element By {by.toString()})
2024-04-17 19:24:10,619 [main] INFO  base.BaseClass - Found Element By {by.toString()}
2024-04-17 19:24:11,169 [main] INFO  base.BaseClass - Trying to find Element By {by.toString()})
2024-04-17 19:24:11,201 [main] INFO  base.BaseClass - Found Element By {by.toString()}
2024-04-17 19:24:11,746 [main] INFO  base.BaseClass - Trying to find Element By {by.toString()})
2024-04-17 19:24:11,776 [main] INFO  base.BaseClass - Found Element By {by.toString()}
2024-04-17 19:24:12,322 [main] INFO  base.BaseClass - Trying to find Element By {by.toString()})
2024-04-17 19:24:12,352 [main] INFO  base.BaseClass - Found Element By {by.toString()}
2024-04-17 19:24:12,903 [main] INFO  base.BaseClass - Trying to find Element By {by.toString()})
2024-04-17 19:24:12,934 [main] INFO  base.BaseClass - Found Element By {by.toString()}
2024-04-17 19:24:13,485 [main] INFO  base.BaseClass - Trying to find Element By {by.toString()})
2024-04-17 19:24:13,516 [main] INFO  base.BaseClass - Found Element By {by.toString()}
2024-04-17 19:24:14,061 [main] INFO  base.BaseClass - Trying to find Element By {by.toString()})
2024-04-17 19:24:14,091 [main] INFO  base.BaseClass - Found Element By {by.toString()}
2024-04-17 19:24:14,637 [main] INFO  base.BaseClass - Trying to find Element By {by.toString()})
2024-04-17 19:24:14,668 [main] INFO  base.BaseClass - Found Element By {by.toString()}
2024-04-17 19:24:15,215 [main] INFO  base.BaseClass - Trying to find Element By {by.toString()})
2024-04-17 19:24:15,246 [main] INFO  base.BaseClass - Found Element By {by.toString()}
2024-04-17 19:24:15,778 [main] INFO  base.BaseClass - Trying to find Element By {by.toString()})
2024-04-17 19:24:15,809 [main] INFO  base.BaseClass - Found Element By {by.toString()}
2024-04-17 19:24:16,356 [main] INFO  base.BaseClass - Trying to find Element By {by.toString()})
2024-04-17 19:24:16,387 [main] INFO  base.BaseClass - Found Element By {by.toString()}
2024-04-17 19:24:16,934 [main] INFO  base.BaseClass - Trying to find Element By {by.toString()})
2024-04-17 19:24:16,965 [main] INFO  base.BaseClass - Found Element By {by.toString()}
2024-04-17 19:24:17,512 [main] INFO  base.BaseClass - Trying to find Element By {by.toString()})
2024-04-17 19:24:17,543 [main] INFO  base.BaseClass - Found Element By {by.toString()}
2024-04-17 19:24:18,089 [main] INFO  base.BaseClass - Trying to find Element By {by.toString()})
2024-04-17 19:24:18,122 [main] INFO  base.BaseClass - Found Element By {by.toString()}
2024-04-17 19:24:18,669 [main] INFO  base.BaseClass - Trying to find Element By {by.toString()})
2024-04-17 19:24:18,701 [main] INFO  base.BaseClass - Found Element By {by.toString()}
2024-04-17 19:24:19,246 [main] INFO  base.BaseClass - Trying to find Element By {by.toString()})
2024-04-17 19:24:19,276 [main] INFO  base.BaseClass - Found Element By {by.toString()}
2024-04-17 19:24:19,822 [main] INFO  base.BaseClass - Trying to find Element By {by.toString()})
2024-04-17 19:24:19,852 [main] INFO  base.BaseClass - Found Element By {by.toString()}
2024-04-17 19:24:20,403 [main] INFO  base.BaseClass - Trying to find Element By {by.toString()})
2024-04-17 19:24:20,435 [main] INFO  base.BaseClass - Found Element By {by.toString()}
2024-04-17 19:24:20,982 [main] INFO  base.BaseClass - Trying to find Element By {by.toString()})
2024-04-17 19:24:21,009 [main] INFO  base.BaseClass - Found Element By {by.toString()}
2024-04-17 19:24:21,531 [main] INFO  base.BaseClass - Trying to find Element By {by.toString()})
2024-04-17 19:24:21,558 [main] INFO  base.BaseClass - Found Element By {by.toString()}
2024-04-17 19:24:22,091 [main] INFO  base.BaseClass - Trying to find Element By {by.toString()})
2024-04-17 19:24:22,122 [main] INFO  base.BaseClass - Found Element By {by.toString()}
2024-04-17 19:24:22,653 [main] INFO  base.BaseClass - Trying to find Element By {by.toString()})
2024-04-17 19:24:22,685 [main] INFO  base.BaseClass - Found Element By {by.toString()}
2024-04-17 19:24:23,234 [main] INFO  base.BaseClass - Trying to find Element By {by.toString()})
2024-04-17 19:24:23,265 [main] INFO  base.BaseClass - Found Element By {by.toString()}
2024-04-17 19:24:23,812 [main] INFO  base.BaseClass - Trying to find Element By {by.toString()})
2024-04-17 19:24:23,842 [main] INFO  base.BaseClass - Found Element By {by.toString()}
2024-04-17 19:24:24,393 [main] INFO  base.BaseClass - Trying to find Element By {by.toString()})
2024-04-17 19:24:24,429 [main] INFO  base.BaseClass - Found Element By {by.toString()}
2024-04-17 19:24:24,973 [main] INFO  base.BaseClass - Trying to find Element By {by.toString()})
2024-04-17 19:24:25,002 [main] INFO  base.BaseClass - Found Element By {by.toString()}
2024-04-17 19:24:25,552 [main] INFO  base.BaseClass - Trying to find Element By {by.toString()})
2024-04-17 19:24:25,578 [main] INFO  base.BaseClass - Found Element By {by.toString()}
2024-04-17 19:24:26,127 [main] INFO  base.BaseClass - Trying to find Element By {by.toString()})
2024-04-17 19:24:26,158 [main] INFO  base.BaseClass - Found Element By {by.toString()}
2024-04-17 19:24:26,706 [main] INFO  base.BaseClass - Trying to find Element By {by.toString()})
2024-04-17 19:24:26,736 [main] INFO  base.BaseClass - Found Element By {by.toString()}
2024-04-17 19:24:27,281 [main] INFO  base.BaseClass - Trying to find Element By {by.toString()})
2024-04-17 19:24:27,310 [main] INFO  base.BaseClass - Found Element By {by.toString()}
2024-04-17 19:24:27,862 [main] INFO  base.BaseClass - Trying to find Element By {by.toString()})
2024-04-17 19:24:27,890 [main] INFO  base.BaseClass - Found Element By {by.toString()}
2024-04-17 19:24:28,422 [main] INFO  base.BaseClass - Trying to find Element By {by.toString()})
2024-04-17 19:24:28,465 [main] INFO  base.BaseClass - Found Element By {by.toString()}
2024-04-17 19:24:29,032 [main] INFO  base.BaseClass - Trying to find Element By {by.toString()})
2024-04-17 19:24:29,063 [main] INFO  base.BaseClass - Found Element By {by.toString()}
2024-04-17 19:24:29,612 [main] INFO  base.BaseClass - Trying to find Element By {by.toString()})
2024-04-17 19:24:29,643 [main] INFO  base.BaseClass - Found Element By {by.toString()}
2024-04-17 19:24:30,188 [main] INFO  base.BaseClass - Trying to find Element By {by.toString()})
2024-04-17 19:24:30,218 [main] INFO  base.BaseClass - Found Element By {by.toString()}
2024-04-17 19:24:30,756 [main] INFO  base.BaseClass - Trying to find Element By {by.toString()})
2024-04-17 19:24:30,786 [main] INFO  base.BaseClass - Found Element By {by.toString()}
2024-04-17 19:24:31,332 [main] INFO  base.BaseClass - Trying to find Element By {by.toString()})
2024-04-17 19:24:31,362 [main] INFO  base.BaseClass - Found Element By {by.toString()}
2024-04-17 19:24:31,914 [main] INFO  base.BaseClass - Trying to find Element By {by.toString()})
2024-04-17 19:24:31,944 [main] INFO  base.BaseClass - Found Element By {by.toString()}
2024-04-17 19:24:32,491 [main] INFO  base.BaseClass - Trying to find Element By {by.toString()})
2024-04-17 19:24:32,521 [main] INFO  base.BaseClass - Found Element By {by.toString()}
2024-04-17 19:24:33,067 [main] INFO  base.BaseClass - Trying to find Element By {by.toString()})
2024-04-17 19:24:33,099 [main] INFO  base.BaseClass - Found Element By {by.toString()}
2024-04-17 19:24:33,645 [main] INFO  base.BaseClass - Trying to find Element By {by.toString()})
2024-04-17 19:24:33,677 [main] INFO  base.BaseClass - Found Element By {by.toString()}
2024-04-17 19:24:34,226 [main] INFO  base.BaseClass - Trying to find Element By {by.toString()})
2024-04-17 19:24:34,254 [main] INFO  base.BaseClass - Found Element By {by.toString()}
2024-04-17 19:24:34,803 [main] INFO  base.BaseClass - Trying to find Element By {by.toString()})
2024-04-17 19:24:34,836 [main] INFO  base.BaseClass - Found Element By {by.toString()}
2024-04-17 19:24:35,361 [main] INFO  base.BaseClass - Trying to find Element By {by.toString()})
2024-04-17 19:24:35,390 [main] INFO  base.BaseClass - Found Element By {by.toString()}
2024-04-17 19:24:35,923 [main] INFO  base.BaseClass - Trying to find Element By {by.toString()})
2024-04-17 19:24:35,952 [main] INFO  base.BaseClass - Found Element By {by.toString()}
2024-04-17 19:24:36,501 [main] INFO  base.BaseClass - Trying to find Element By {by.toString()})
2024-04-17 19:24:36,533 [main] INFO  base.BaseClass - Found Element By {by.toString()}
2024-04-17 19:24:37,085 [main] INFO  base.BaseClass - Trying to find Element By {by.toString()})
2024-04-17 19:24:37,117 [main] INFO  base.BaseClass - Found Element By {by.toString()}
2024-04-17 19:24:37,661 [main] INFO  base.BaseClass - Trying to find Element By {by.toString()})
2024-04-17 19:24:37,683 [main] INFO  base.BaseClass - Found Element By {by.toString()}
TimeoutException occurred: Expected condition failed: waiting for helper.WaitUtility$5@5b6e4c63 (tried for 30 second(s) with 500 milliseconds interval)
Build info: version: '3.141.59', revision: 'e82be7d358', time: '2018-11-14T08:17:03'
System info: host: 'DPLAP166', ip: '137.237.2.236', os.name: 'Windows 10', os.arch: 'amd64', os.version: '10.0', java.version: '19.0.1'
Driver info: org.openqa.selenium.support.events.EventFiringWebDriver
Capabilities {acceptInsecureCerts: true, browserName: chrome, browserVersion: 123.0.6312.123, chrome: {chromedriverVersion: 123.0.6312.122 (31f8248cdd9..., userDataDir: C:\Users\dP-PL\AppData\Loca...}, fedcm:accounts: true, goog:chromeOptions: {debuggerAddress: localhost:51256}, javascriptEnabled: true, networkConnectionEnabled: false, pageLoadStrategy: normal, platform: WINDOWS, platformName: WINDOWS, proxy: Proxy(), setWindowRect: true, strictFileInteractability: false, timeouts: {implicit: 0, pageLoad: 300000, script: 30000}, unhandledPromptBehavior: dismiss and notify, webauthn:extension:credBlob: true, webauthn:extension:largeBlob: true, webauthn:extension:minPinLength: true, webauthn:extension:prf: true, webauthn:virtualAuthenticators: true}
Session ID: a59c4df4811f82049fe754efe723d3c1
2024-04-17 19:24:37,717 [main] ERROR RotationCopy_test - Element did not become visible within the specified time: Expected condition failed: waiting for helper.WaitUtility$5@5b6e4c63 (tried for 30 second(s) with 500 milliseconds interval)
Build info: version: '3.141.59', revision: 'e82be7d358', time: '2018-11-14T08:17:03'
System info: host: 'DPLAP166', ip: '137.237.2.236', os.name: 'Windows 10', os.arch: 'amd64', os.version: '10.0', java.version: '19.0.1'
Driver info: org.openqa.selenium.support.events.EventFiringWebDriver
Capabilities {acceptInsecureCerts: true, browserName: chrome, browserVersion: 123.0.6312.123, chrome: {chromedriverVersion: 123.0.6312.122 (31f8248cdd9..., userDataDir: C:\Users\dP-PL\AppData\Loca...}, fedcm:accounts: true, goog:chromeOptions: {debuggerAddress: localhost:51256}, javascriptEnabled: true, networkConnectionEnabled: false, pageLoadStrategy: normal, platform: WINDOWS, platformName: WINDOWS, proxy: Proxy(), setWindowRect: true, strictFileInteractability: false, timeouts: {implicit: 0, pageLoad: 300000, script: 30000}, unhandledPromptBehavior: dismiss and notify, webauthn:extension:credBlob: true, webauthn:extension:largeBlob: true, webauthn:extension:minPinLength: true, webauthn:extension:prf: true, webauthn:virtualAuthenticators: true}
Session ID: a59c4df4811f82049fe754efe723d3c1
2024-04-17 19:24:37,718 [main] INFO  base.BaseClass - Trying to find Element By {by.toString()})
2024-04-17 19:24:37,739 [main] INFO  base.BaseClass - Found Element By {by.toString()}
2024-04-17 19:24:37,739 [main] INFO  base.BaseClass - Trying to click on: {element.toString()}
2024-04-17 19:24:37,848 [main] INFO  base.BaseClass - Clicked on: {element.toString()}
2024-04-17 19:24:37,854 [main] INFO  base.BaseClass - Trying to find Element By {by.toString()})
2024-04-17 19:24:37,863 [main] INFO  base.BaseClass - Found Element By {by.toString()}
2024-04-17 19:24:38,381 [main] INFO  base.BaseClass - Trying to find Element By {by.toString()})
2024-04-17 19:24:38,395 [main] INFO  base.BaseClass - Found Element By {by.toString()}
2024-04-17 19:24:38,915 [main] INFO  base.BaseClass - Trying to find Element By {by.toString()})
2024-04-17 19:24:38,946 [main] INFO  base.BaseClass - Found Element By {by.toString()}
2024-04-17 19:24:39,497 [main] INFO  base.BaseClass - Trying to find Element By {by.toString()})
2024-04-17 19:24:39,527 [main] INFO  base.BaseClass - Found Element By {by.toString()}
2024-04-17 19:24:40,079 [main] INFO  base.BaseClass - Trying to find Element By {by.toString()})
2024-04-17 19:24:40,098 [main] INFO  base.BaseClass - Found Element By {by.toString()}
2024-04-17 19:24:40,616 [main] INFO  base.BaseClass - Trying to find Element By {by.toString()})
2024-04-17 19:24:40,645 [main] INFO  base.BaseClass - Found Element By {by.toString()}
2024-04-17 19:24:41,194 [main] INFO  base.BaseClass - Trying to find Element By {by.toString()})
2024-04-17 19:24:41,224 [main] INFO  base.BaseClass - Found Element By {by.toString()}
2024-04-17 19:24:41,767 [main] INFO  base.BaseClass - Trying to find Element By {by.toString()})
2024-04-17 19:24:41,796 [main] INFO  base.BaseClass - Found Element By {by.toString()}
2024-04-17 19:24:42,345 [main] INFO  base.BaseClass - Trying to find Element By {by.toString()})
2024-04-17 19:24:42,373 [main] INFO  base.BaseClass - Found Element By {by.toString()}
2024-04-17 19:24:42,893 [main] INFO  base.BaseClass - Trying to find Element By {by.toString()})
2024-04-17 19:24:42,922 [main] INFO  base.BaseClass - Found Element By {by.toString()}
2024-04-17 19:24:43,472 [main] INFO  base.BaseClass - Trying to find Element By {by.toString()})
2024-04-17 19:24:43,500 [main] INFO  base.BaseClass - Found Element By {by.toString()}
2024-04-17 19:24:44,054 [main] INFO  base.BaseClass - Trying to find Element By {by.toString()})
2024-04-17 19:24:44,071 [main] INFO  base.BaseClass - Found Element By {by.toString()}
2024-04-17 19:24:44,605 [main] INFO  base.BaseClass - Trying to find Element By {by.toString()})
2024-04-17 19:24:44,634 [main] INFO  base.BaseClass - Found Element By {by.toString()}
2024-04-17 19:24:45,183 [main] INFO  base.BaseClass - Trying to find Element By {by.toString()})
2024-04-17 19:24:45,212 [main] INFO  base.BaseClass - Found Element By {by.toString()}
2024-04-17 19:24:45,746 [main] INFO  base.BaseClass - Trying to find Element By {by.toString()})
2024-04-17 19:24:45,777 [main] INFO  base.BaseClass - Found Element By {by.toString()}
2024-04-17 19:24:46,325 [main] INFO  base.BaseClass - Trying to find Element By {by.toString()})
2024-04-17 19:24:46,354 [main] INFO  base.BaseClass - Found Element By {by.toString()}
2024-04-17 19:24:46,906 [main] INFO  base.BaseClass - Trying to find Element By {by.toString()})
2024-04-17 19:24:46,935 [main] INFO  base.BaseClass - Found Element By {by.toString()}
2024-04-17 19:24:47,484 [main] INFO  base.BaseClass - Trying to find Element By {by.toString()})
2024-04-17 19:24:47,513 [main] INFO  base.BaseClass - Found Element By {by.toString()}
2024-04-17 19:24:48,061 [main] INFO  base.BaseClass - Trying to find Element By {by.toString()})
2024-04-17 19:24:48,089 [main] INFO  base.BaseClass - Found Element By {by.toString()}
2024-04-17 19:24:48,640 [main] INFO  base.BaseClass - Trying to find Element By {by.toString()})
2024-04-17 19:24:48,669 [main] INFO  base.BaseClass - Found Element By {by.toString()}
2024-04-17 19:24:49,214 [main] INFO  base.BaseClass - Trying to find Element By {by.toString()})
2024-04-17 19:24:49,243 [main] INFO  base.BaseClass - Found Element By {by.toString()}
2024-04-17 19:24:49,793 [main] INFO  base.BaseClass - Trying to find Element By {by.toString()})
2024-04-17 19:24:49,821 [main] INFO  base.BaseClass - Found Element By {by.toString()}
2024-04-17 19:24:50,371 [main] INFO  base.BaseClass - Trying to find Element By {by.toString()})
2024-04-17 19:24:50,398 [main] INFO  base.BaseClass - Found Element By {by.toString()}
2024-04-17 19:24:50,934 [main] INFO  base.BaseClass - Trying to find Element By {by.toString()})
2024-04-17 19:24:50,963 [main] INFO  base.BaseClass - Found Element By {by.toString()}
2024-04-17 19:24:51,495 [main] INFO  base.BaseClass - Trying to find Element By {by.toString()})
2024-04-17 19:24:51,523 [main] INFO  base.BaseClass - Found Element By {by.toString()}
2024-04-17 19:24:52,074 [main] INFO  base.BaseClass - Trying to find Element By {by.toString()})
2024-04-17 19:24:52,103 [main] INFO  base.BaseClass - Found Element By {by.toString()}
2024-04-17 19:24:52,655 [main] INFO  base.BaseClass - Trying to find Element By {by.toString()})
2024-04-17 19:24:52,684 [main] INFO  base.BaseClass - Found Element By {by.toString()}
2024-04-17 19:24:53,233 [main] INFO  base.BaseClass - Trying to find Element By {by.toString()})
2024-04-17 19:24:53,255 [main] INFO  base.BaseClass - Found Element By {by.toString()}
2024-04-17 19:24:53,798 [main] INFO  base.BaseClass - Trying to find Element By {by.toString()})
2024-04-17 19:24:53,828 [main] INFO  base.BaseClass - Found Element By {by.toString()}
2024-04-17 19:24:54,378 [main] INFO  base.BaseClass - Trying to find Element By {by.toString()})
2024-04-17 19:24:54,406 [main] INFO  base.BaseClass - Found Element By {by.toString()}
2024-04-17 19:24:54,943 [main] INFO  base.BaseClass - Trying to find Element By {by.toString()})
2024-04-17 19:24:54,972 [main] INFO  base.BaseClass - Found Element By {by.toString()}
2024-04-17 19:24:55,517 [main] INFO  base.BaseClass - Trying to find Element By {by.toString()})
2024-04-17 19:24:55,530 [main] INFO  base.BaseClass - Found Element By {by.toString()}
2024-04-17 19:24:56,047 [main] INFO  base.BaseClass - Trying to find Element By {by.toString()})
2024-04-17 19:24:56,075 [main] INFO  base.BaseClass - Found Element By {by.toString()}
2024-04-17 19:24:56,627 [main] INFO  base.BaseClass - Trying to find Element By {by.toString()})
2024-04-17 19:24:56,655 [main] INFO  base.BaseClass - Found Element By {by.toString()}
2024-04-17 19:24:57,206 [main] INFO  base.BaseClass - Trying to find Element By {by.toString()})
2024-04-17 19:24:57,232 [main] INFO  base.BaseClass - Found Element By {by.toString()}
2024-04-17 19:24:57,783 [main] INFO  base.BaseClass - Trying to find Element By {by.toString()})
2024-04-17 19:24:57,813 [main] INFO  base.BaseClass - Found Element By {by.toString()}
2024-04-17 19:24:58,348 [main] INFO  base.BaseClass - Trying to find Element By {by.toString()})
2024-04-17 19:24:58,376 [main] INFO  base.BaseClass - Found Element By {by.toString()}
2024-04-17 19:24:58,924 [main] INFO  base.BaseClass - Trying to find Element By {by.toString()})
2024-04-17 19:24:58,952 [main] INFO  base.BaseClass - Found Element By {by.toString()}
2024-04-17 19:24:59,502 [main] INFO  base.BaseClass - Trying to find Element By {by.toString()})
2024-04-17 19:24:59,531 [main] INFO  base.BaseClass - Found Element By {by.toString()}
2024-04-17 19:25:00,080 [main] INFO  base.BaseClass - Trying to find Element By {by.toString()})
2024-04-17 19:25:00,096 [main] INFO  base.BaseClass - Found Element By {by.toString()}
2024-04-17 19:25:00,623 [main] INFO  base.BaseClass - Trying to find Element By {by.toString()})
2024-04-17 19:25:00,647 [main] INFO  base.BaseClass - Found Element By {by.toString()}
2024-04-17 19:25:01,194 [main] INFO  base.BaseClass - Trying to find Element By {by.toString()})
2024-04-17 19:25:01,223 [main] INFO  base.BaseClass - Found Element By {by.toString()}
2024-04-17 19:25:01,755 [main] INFO  base.BaseClass - Trying to find Element By {by.toString()})
2024-04-17 19:25:01,783 [main] INFO  base.BaseClass - Found Element By {by.toString()}
2024-04-17 19:25:02,316 [main] INFO  base.BaseClass - Trying to find Element By {by.toString()})
2024-04-17 19:25:02,343 [main] INFO  base.BaseClass - Found Element By {by.toString()}
2024-04-17 19:25:02,891 [main] INFO  base.BaseClass - Trying to find Element By {by.toString()})
2024-04-17 19:25:02,921 [main] INFO  base.BaseClass - Found Element By {by.toString()}
2024-04-17 19:25:03,468 [main] INFO  base.BaseClass - Trying to find Element By {by.toString()})
2024-04-17 19:25:03,481 [main] INFO  base.BaseClass - Found Element By {by.toString()}
2024-04-17 19:25:04,010 [main] INFO  base.BaseClass - Trying to find Element By {by.toString()})
2024-04-17 19:25:04,019 [main] INFO  base.BaseClass - Found Element By {by.toString()}
2024-04-17 19:25:04,543 [main] INFO  base.BaseClass - Trying to find Element By {by.toString()})
2024-04-17 19:25:04,575 [main] INFO  base.BaseClass - Found Element By {by.toString()}
2024-04-17 19:25:05,119 [main] INFO  base.BaseClass - Trying to find Element By {by.toString()})
2024-04-17 19:25:05,149 [main] INFO  base.BaseClass - Found Element By {by.toString()}
2024-04-17 19:25:05,698 [main] INFO  base.BaseClass - Trying to find Element By {by.toString()})
2024-04-17 19:25:05,730 [main] INFO  base.BaseClass - Found Element By {by.toString()}
2024-04-17 19:25:06,275 [main] INFO  base.BaseClass - Trying to find Element By {by.toString()})
2024-04-17 19:25:06,293 [main] INFO  base.BaseClass - Found Element By {by.toString()}
2024-04-17 19:25:06,823 [main] INFO  base.BaseClass - Trying to find Element By {by.toString()})
2024-04-17 19:25:06,851 [main] INFO  base.BaseClass - Found Element By {by.toString()}
2024-04-17 19:25:07,391 [main] INFO  base.BaseClass - Trying to find Element By {by.toString()})
2024-04-17 19:25:07,422 [main] INFO  base.BaseClass - Found Element By {by.toString()}
2024-04-17 19:25:07,995 [main] INFO  base.BaseClass - Trying to find Element By {by.toString()})
2024-04-17 19:25:08,027 [main] INFO  base.BaseClass - Found Element By {by.toString()}
TimeoutException occurred: Expected condition failed: waiting for helper.WaitUtility$5@742db917 (tried for 30 second(s) with 500 milliseconds interval)
Build info: version: '3.141.59', revision: 'e82be7d358', time: '2018-11-14T08:17:03'
System info: host: 'DPLAP166', ip: '137.237.2.236', os.name: 'Windows 10', os.arch: 'amd64', os.version: '10.0', java.version: '19.0.1'
Driver info: org.openqa.selenium.support.events.EventFiringWebDriver
Capabilities {acceptInsecureCerts: true, browserName: chrome, browserVersion: 123.0.6312.123, chrome: {chromedriverVersion: 123.0.6312.122 (31f8248cdd9..., userDataDir: C:\Users\dP-PL\AppData\Loca...}, fedcm:accounts: true, goog:chromeOptions: {debuggerAddress: localhost:51256}, javascriptEnabled: true, networkConnectionEnabled: false, pageLoadStrategy: normal, platform: WINDOWS, platformName: WINDOWS, proxy: Proxy(), setWindowRect: true, strictFileInteractability: false, timeouts: {implicit: 0, pageLoad: 300000, script: 30000}, unhandledPromptBehavior: dismiss and notify, webauthn:extension:credBlob: true, webauthn:extension:largeBlob: true, webauthn:extension:minPinLength: true, webauthn:extension:prf: true, webauthn:virtualAuthenticators: true}
Session ID: a59c4df4811f82049fe754efe723d3c1
2024-04-17 19:25:08,065 [main] ERROR RotationCopy_test - Element did not become visible within the specified time: Expected condition failed: waiting for helper.WaitUtility$5@742db917 (tried for 30 second(s) with 500 milliseconds interval)
Build info: version: '3.141.59', revision: 'e82be7d358', time: '2018-11-14T08:17:03'
System info: host: 'DPLAP166', ip: '137.237.2.236', os.name: 'Windows 10', os.arch: 'amd64', os.version: '10.0', java.version: '19.0.1'
Driver info: org.openqa.selenium.support.events.EventFiringWebDriver
Capabilities {acceptInsecureCerts: true, browserName: chrome, browserVersion: 123.0.6312.123, chrome: {chromedriverVersion: 123.0.6312.122 (31f8248cdd9..., userDataDir: C:\Users\dP-PL\AppData\Loca...}, fedcm:accounts: true, goog:chromeOptions: {debuggerAddress: localhost:51256}, javascriptEnabled: true, networkConnectionEnabled: false, pageLoadStrategy: normal, platform: WINDOWS, platformName: WINDOWS, proxy: Proxy(), setWindowRect: true, strictFileInteractability: false, timeouts: {implicit: 0, pageLoad: 300000, script: 30000}, unhandledPromptBehavior: dismiss and notify, webauthn:extension:credBlob: true, webauthn:extension:largeBlob: true, webauthn:extension:minPinLength: true, webauthn:extension:prf: true, webauthn:virtualAuthenticators: true}
Session ID: a59c4df4811f82049fe754efe723d3c1
2024-04-17 19:25:08,065 [main] INFO  base.BaseClass - Trying to find Element By {by.toString()})
2024-04-17 19:25:08,079 [main] INFO  base.BaseClass - Found Element By {by.toString()}
2024-04-17 19:25:08,079 [main] INFO  base.BaseClass - Trying to click on: {element.toString()}
2024-04-17 19:25:08,144 [main] INFO  base.BaseClass - Clicked on: {element.toString()}
2024-04-17 19:25:08,150 [main] INFO  base.BaseClass - Trying to find Element By {by.toString()})
2024-04-17 19:25:08,160 [main] INFO  base.BaseClass - Found Element By {by.toString()}
2024-04-17 19:25:08,687 [main] INFO  base.BaseClass - Trying to find Element By {by.toString()})
2024-04-17 19:25:09,004 [main] INFO  base.BaseClass - Found Element By {by.toString()}
2024-04-17 19:25:09,530 [main] INFO  base.BaseClass - Trying to find Element By {by.toString()})
2024-04-17 19:25:09,560 [main] INFO  base.BaseClass - Found Element By {by.toString()}
2024-04-17 19:25:10,111 [main] INFO  base.BaseClass - Trying to find Element By {by.toString()})
2024-04-17 19:25:10,141 [main] INFO  base.BaseClass - Found Element By {by.toString()}
2024-04-17 19:25:10,686 [main] INFO  base.BaseClass - Trying to find Element By {by.toString()})
2024-04-17 19:25:10,717 [main] INFO  base.BaseClass - Found Element By {by.toString()}
2024-04-17 19:25:11,266 [main] INFO  base.BaseClass - Trying to find Element By {by.toString()})
2024-04-17 19:25:11,296 [main] INFO  base.BaseClass - Found Element By {by.toString()}
2024-04-17 19:25:11,829 [main] INFO  base.BaseClass - Trying to find Element By {by.toString()})
2024-04-17 19:25:11,858 [main] INFO  base.BaseClass - Found Element By {by.toString()}
2024-04-17 19:25:12,405 [main] INFO  base.BaseClass - Trying to find Element By {by.toString()})
2024-04-17 19:25:12,434 [main] INFO  base.BaseClass - Found Element By {by.toString()}
2024-04-17 19:25:12,985 [main] INFO  base.BaseClass - Trying to find Element By {by.toString()})
2024-04-17 19:25:13,015 [main] INFO  base.BaseClass - Found Element By {by.toString()}
2024-04-17 19:25:13,560 [main] INFO  base.BaseClass - Trying to find Element By {by.toString()})
2024-04-17 19:25:13,590 [main] INFO  base.BaseClass - Found Element By {by.toString()}
2024-04-17 19:25:14,139 [main] INFO  base.BaseClass - Trying to find Element By {by.toString()})
2024-04-17 19:25:14,170 [main] INFO  base.BaseClass - Found Element By {by.toString()}
2024-04-17 19:25:14,716 [main] INFO  base.BaseClass - Trying to find Element By {by.toString()})
2024-04-17 19:25:14,748 [main] INFO  base.BaseClass - Found Element By {by.toString()}
2024-04-17 19:25:15,293 [main] INFO  base.BaseClass - Trying to find Element By {by.toString()})
2024-04-17 19:25:15,323 [main] INFO  base.BaseClass - Found Element By {by.toString()}
2024-04-17 19:25:15,871 [main] INFO  base.BaseClass - Trying to find Element By {by.toString()})
2024-04-17 19:25:15,882 [main] INFO  base.BaseClass - Found Element By {by.toString()}
2024-04-17 19:25:16,401 [main] INFO  base.BaseClass - Trying to find Element By {by.toString()})
2024-04-17 19:25:16,429 [main] INFO  base.BaseClass - Found Element By {by.toString()}
2024-04-17 19:25:16,981 [main] INFO  base.BaseClass - Trying to find Element By {by.toString()})
2024-04-17 19:25:17,011 [main] INFO  base.BaseClass - Found Element By {by.toString()}
2024-04-17 19:25:17,547 [main] INFO  base.BaseClass - Trying to find Element By {by.toString()})
2024-04-17 19:25:17,568 [main] INFO  base.BaseClass - Found Element By {by.toString()}
2024-04-17 19:25:18,112 [main] INFO  base.BaseClass - Trying to find Element By {by.toString()})
2024-04-17 19:25:18,141 [main] INFO  base.BaseClass - Found Element By {by.toString()}
2024-04-17 19:25:18,692 [main] INFO  base.BaseClass - Trying to find Element By {by.toString()})
2024-04-17 19:25:18,720 [main] INFO  base.BaseClass - Found Element By {by.toString()}
2024-04-17 19:25:19,258 [main] INFO  base.BaseClass - Trying to find Element By {by.toString()})
2024-04-17 19:25:19,287 [main] INFO  base.BaseClass - Found Element By {by.toString()}
2024-04-17 19:25:19,834 [main] INFO  base.BaseClass - Trying to find Element By {by.toString()})
2024-04-17 19:25:19,863 [main] INFO  base.BaseClass - Found Element By {by.toString()}
2024-04-17 19:25:20,416 [main] INFO  base.BaseClass - Trying to find Element By {by.toString()})
2024-04-17 19:25:20,441 [main] INFO  base.BaseClass - Found Element By {by.toString()}
2024-04-17 19:25:20,996 [main] INFO  base.BaseClass - Trying to find Element By {by.toString()})
2024-04-17 19:25:21,025 [main] INFO  base.BaseClass - Found Element By {by.toString()}
2024-04-17 19:25:21,559 [main] INFO  base.BaseClass - Trying to find Element By {by.toString()})
2024-04-17 19:25:21,587 [main] INFO  base.BaseClass - Found Element By {by.toString()}
2024-04-17 19:25:22,137 [main] INFO  base.BaseClass - Trying to find Element By {by.toString()})
2024-04-17 19:25:22,166 [main] INFO  base.BaseClass - Found Element By {by.toString()}
2024-04-17 19:25:22,699 [main] INFO  base.BaseClass - Trying to find Element By {by.toString()})
2024-04-17 19:25:22,729 [main] INFO  base.BaseClass - Found Element By {by.toString()}
2024-04-17 19:25:23,277 [main] INFO  base.BaseClass - Trying to find Element By {by.toString()})
2024-04-17 19:25:23,303 [main] INFO  base.BaseClass - Found Element By {by.toString()}
2024-04-17 19:25:23,843 [main] INFO  base.BaseClass - Trying to find Element By {by.toString()})
2024-04-17 19:25:23,871 [main] INFO  base.BaseClass - Found Element By {by.toString()}
2024-04-17 19:25:24,424 [main] INFO  base.BaseClass - Trying to find Element By {by.toString()})
2024-04-17 19:25:24,444 [main] INFO  base.BaseClass - Found Element By {by.toString()}
2024-04-17 19:25:24,990 [main] INFO  base.BaseClass - Trying to find Element By {by.toString()})
2024-04-17 19:25:25,019 [main] INFO  base.BaseClass - Found Element By {by.toString()}
2024-04-17 19:25:25,556 [main] INFO  base.BaseClass - Trying to find Element By {by.toString()})
2024-04-17 19:25:25,585 [main] INFO  base.BaseClass - Found Element By {by.toString()}
2024-04-17 19:25:26,132 [main] INFO  base.BaseClass - Trying to find Element By {by.toString()})
2024-04-17 19:25:26,161 [main] INFO  base.BaseClass - Found Element By {by.toString()}
2024-04-17 19:25:26,697 [main] INFO  base.BaseClass - Trying to find Element By {by.toString()})
2024-04-17 19:25:26,726 [main] INFO  base.BaseClass - Found Element By {by.toString()}
2024-04-17 19:25:27,271 [main] INFO  base.BaseClass - Trying to find Element By {by.toString()})
2024-04-17 19:25:27,301 [main] INFO  base.BaseClass - Found Element By {by.toString()}
2024-04-17 19:25:27,832 [main] INFO  base.BaseClass - Trying to find Element By {by.toString()})
2024-04-17 19:25:27,863 [main] INFO  base.BaseClass - Found Element By {by.toString()}
2024-04-17 19:25:28,410 [main] INFO  base.BaseClass - Trying to find Element By {by.toString()})
2024-04-17 19:25:28,439 [main] INFO  base.BaseClass - Found Element By {by.toString()}
2024-04-17 19:25:28,986 [main] INFO  base.BaseClass - Trying to find Element By {by.toString()})
2024-04-17 19:25:29,015 [main] INFO  base.BaseClass - Found Element By {by.toString()}
2024-04-17 19:25:29,568 [main] INFO  base.BaseClass - Trying to find Element By {by.toString()})
2024-04-17 19:25:29,596 [main] INFO  base.BaseClass - Found Element By {by.toString()}
2024-04-17 19:25:30,147 [main] INFO  base.BaseClass - Trying to find Element By {by.toString()})
2024-04-17 19:25:30,177 [main] INFO  base.BaseClass - Found Element By {by.toString()}
2024-04-17 19:25:30,711 [main] INFO  base.BaseClass - Trying to find Element By {by.toString()})
2024-04-17 19:25:30,739 [main] INFO  base.BaseClass - Found Element By {by.toString()}
2024-04-17 19:25:31,274 [main] INFO  base.BaseClass - Trying to find Element By {by.toString()})
2024-04-17 19:25:31,294 [main] INFO  base.BaseClass - Found Element By {by.toString()}
2024-04-17 19:25:31,835 [main] INFO  base.BaseClass - Trying to find Element By {by.toString()})
2024-04-17 19:25:31,863 [main] INFO  base.BaseClass - Found Element By {by.toString()}
2024-04-17 19:25:32,415 [main] INFO  base.BaseClass - Trying to find Element By {by.toString()})
2024-04-17 19:25:32,445 [main] INFO  base.BaseClass - Found Element By {by.toString()}
2024-04-17 19:25:32,978 [main] INFO  base.BaseClass - Trying to find Element By {by.toString()})
2024-04-17 19:25:33,007 [main] INFO  base.BaseClass - Found Element By {by.toString()}
2024-04-17 19:25:33,547 [main] INFO  base.BaseClass - Trying to find Element By {by.toString()})
2024-04-17 19:25:33,574 [main] INFO  base.BaseClass - Found Element By {by.toString()}
2024-04-17 19:25:34,112 [main] INFO  base.BaseClass - Trying to find Element By {by.toString()})
2024-04-17 19:25:34,140 [main] INFO  base.BaseClass - Found Element By {by.toString()}
2024-04-17 19:25:34,674 [main] INFO  base.BaseClass - Trying to find Element By {by.toString()})
2024-04-17 19:25:34,703 [main] INFO  base.BaseClass - Found Element By {by.toString()}
2024-04-17 19:25:35,256 [main] INFO  base.BaseClass - Trying to find Element By {by.toString()})
2024-04-17 19:25:35,285 [main] INFO  base.BaseClass - Found Element By {by.toString()}
2024-04-17 19:25:35,819 [main] INFO  base.BaseClass - Trying to find Element By {by.toString()})
2024-04-17 19:25:35,848 [main] INFO  base.BaseClass - Found Element By {by.toString()}
2024-04-17 19:25:36,389 [main] INFO  base.BaseClass - Trying to find Element By {by.toString()})
2024-04-17 19:25:36,403 [main] INFO  base.BaseClass - Found Element By {by.toString()}
2024-04-17 19:25:36,939 [main] INFO  base.BaseClass - Trying to find Element By {by.toString()})
2024-04-17 19:25:36,957 [main] INFO  base.BaseClass - Found Element By {by.toString()}
2024-04-17 19:25:37,486 [main] INFO  base.BaseClass - Trying to find Element By {by.toString()})
2024-04-17 19:25:37,498 [main] INFO  base.BaseClass - Found Element By {by.toString()}
2024-04-17 19:25:38,023 [main] INFO  base.BaseClass - Trying to find Element By {by.toString()})
2024-04-17 19:25:38,037 [main] INFO  base.BaseClass - Found Element By {by.toString()}
2024-04-17 19:25:38,556 [main] INFO  base.BaseClass - Trying to find Element By {by.toString()})
2024-04-17 19:25:38,569 [main] INFO  base.BaseClass - Found Element By {by.toString()}
TimeoutException occurred: Expected condition failed: waiting for helper.WaitUtility$5@6c874d77 (tried for 30 second(s) with 500 milliseconds interval)
Build info: version: '3.141.59', revision: 'e82be7d358', time: '2018-11-14T08:17:03'
System info: host: 'DPLAP166', ip: '137.237.2.236', os.name: 'Windows 10', os.arch: 'amd64', os.version: '10.0', java.version: '19.0.1'
Driver info: org.openqa.selenium.support.events.EventFiringWebDriver
Capabilities {acceptInsecureCerts: true, browserName: chrome, browserVersion: 123.0.6312.123, chrome: {chromedriverVersion: 123.0.6312.122 (31f8248cdd9..., userDataDir: C:\Users\dP-PL\AppData\Loca...}, fedcm:accounts: true, goog:chromeOptions: {debuggerAddress: localhost:51256}, javascriptEnabled: true, networkConnectionEnabled: false, pageLoadStrategy: normal, platform: WINDOWS, platformName: WINDOWS, proxy: Proxy(), setWindowRect: true, strictFileInteractability: false, timeouts: {implicit: 0, pageLoad: 300000, script: 30000}, unhandledPromptBehavior: dismiss and notify, webauthn:extension:credBlob: true, webauthn:extension:largeBlob: true, webauthn:extension:minPinLength: true, webauthn:extension:prf: true, webauthn:virtualAuthenticators: true}
Session ID: a59c4df4811f82049fe754efe723d3c1
2024-04-17 19:25:38,584 [main] ERROR RotationCopy_test - Element did not become visible within the specified time: Expected condition failed: waiting for helper.WaitUtility$5@6c874d77 (tried for 30 second(s) with 500 milliseconds interval)
Build info: version: '3.141.59', revision: 'e82be7d358', time: '2018-11-14T08:17:03'
System info: host: 'DPLAP166', ip: '137.237.2.236', os.name: 'Windows 10', os.arch: 'amd64', os.version: '10.0', java.version: '19.0.1'
Driver info: org.openqa.selenium.support.events.EventFiringWebDriver
Capabilities {acceptInsecureCerts: true, browserName: chrome, browserVersion: 123.0.6312.123, chrome: {chromedriverVersion: 123.0.6312.122 (31f8248cdd9..., userDataDir: C:\Users\dP-PL\AppData\Loca...}, fedcm:accounts: true, goog:chromeOptions: {debuggerAddress: localhost:51256}, javascriptEnabled: true, networkConnectionEnabled: false, pageLoadStrategy: normal, platform: WINDOWS, platformName: WINDOWS, proxy: Proxy(), setWindowRect: true, strictFileInteractability: false, timeouts: {implicit: 0, pageLoad: 300000, script: 30000}, unhandledPromptBehavior: dismiss and notify, webauthn:extension:credBlob: true, webauthn:extension:largeBlob: true, webauthn:extension:minPinLength: true, webauthn:extension:prf: true, webauthn:virtualAuthenticators: true}
Session ID: a59c4df4811f82049fe754efe723d3c1
2024-04-17 19:25:38,584 [main] INFO  base.BaseClass - Trying to find Element By {by.toString()})
2024-04-17 19:25:38,593 [main] INFO  base.BaseClass - Found Element By {by.toString()}
2024-04-17 19:25:38,594 [main] INFO  base.BaseClass - Trying to click on: {element.toString()}
2024-04-17 19:25:38,679 [main] INFO  base.BaseClass - Clicked on: {element.toString()}
2024-04-17 19:25:38,679 [main] INFO  base.BaseClass - Trying to find Element By {by.toString()})
2024-04-17 19:25:39,510 [main] INFO  base.BaseClass - Found Element By {by.toString()}
2024-04-17 19:25:40,029 [main] INFO  base.BaseClass - Trying to find Element By {by.toString()})
2024-04-17 19:25:40,060 [main] INFO  base.BaseClass - Found Element By {by.toString()}
2024-04-17 19:25:40,610 [main] INFO  base.BaseClass - Trying to find Element By {by.toString()})
2024-04-17 19:25:40,629 [main] INFO  base.BaseClass - Found Element By {by.toString()}
2024-04-17 19:25:41,172 [main] INFO  base.BaseClass - Trying to find Element By {by.toString()})
2024-04-17 19:25:41,203 [main] INFO  base.BaseClass - Found Element By {by.toString()}
2024-04-17 19:25:41,734 [main] INFO  base.BaseClass - Trying to find Element By {by.toString()})
2024-04-17 19:25:41,765 [main] INFO  base.BaseClass - Found Element By {by.toString()}
2024-04-17 19:25:42,312 [main] INFO  base.BaseClass - Trying to find Element By {by.toString()})
2024-04-17 19:25:42,343 [main] INFO  base.BaseClass - Found Element By {by.toString()}
2024-04-17 19:25:42,892 [main] INFO  base.BaseClass - Trying to find Element By {by.toString()})
2024-04-17 19:25:42,922 [main] INFO  base.BaseClass - Found Element By {by.toString()}
2024-04-17 19:25:43,469 [main] INFO  base.BaseClass - Trying to find Element By {by.toString()})
2024-04-17 19:25:43,500 [main] INFO  base.BaseClass - Found Element By {by.toString()}
2024-04-17 19:25:44,047 [main] INFO  base.BaseClass - Trying to find Element By {by.toString()})
2024-04-17 19:25:44,059 [main] INFO  base.BaseClass - Found Element By {by.toString()}
2024-04-17 19:25:44,580 [main] INFO  base.BaseClass - Trying to find Element By {by.toString()})
2024-04-17 19:25:44,609 [main] INFO  base.BaseClass - Found Element By {by.toString()}
2024-04-17 19:25:45,158 [main] INFO  base.BaseClass - Trying to find Element By {by.toString()})
2024-04-17 19:25:45,189 [main] INFO  base.BaseClass - Found Element By {by.toString()}
2024-04-17 19:25:45,723 [main] INFO  base.BaseClass - Trying to find Element By {by.toString()})
2024-04-17 19:25:45,751 [main] INFO  base.BaseClass - Found Element By {by.toString()}
2024-04-17 19:25:46,302 [main] INFO  base.BaseClass - Trying to find Element By {by.toString()})
2024-04-17 19:25:46,333 [main] INFO  base.BaseClass - Found Element By {by.toString()}
2024-04-17 19:25:46,880 [main] INFO  base.BaseClass - Trying to find Element By {by.toString()})
2024-04-17 19:25:46,912 [main] INFO  base.BaseClass - Found Element By {by.toString()}
2024-04-17 19:25:47,460 [main] INFO  base.BaseClass - Trying to find Element By {by.toString()})
2024-04-17 19:25:47,484 [main] INFO  base.BaseClass - Found Element By {by.toString()}
2024-04-17 19:25:48,022 [main] INFO  base.BaseClass - Trying to find Element By {by.toString()})
2024-04-17 19:25:48,052 [main] INFO  base.BaseClass - Found Element By {by.toString()}
2024-04-17 19:25:48,586 [main] INFO  base.BaseClass - Trying to find Element By {by.toString()})
2024-04-17 19:25:48,615 [main] INFO  base.BaseClass - Found Element By {by.toString()}
2024-04-17 19:25:49,163 [main] INFO  base.BaseClass - Trying to find Element By {by.toString()})
2024-04-17 19:25:49,194 [main] INFO  base.BaseClass - Found Element By {by.toString()}
2024-04-17 19:25:49,744 [main] INFO  base.BaseClass - Trying to find Element By {by.toString()})
2024-04-17 19:25:49,776 [main] INFO  base.BaseClass - Found Element By {by.toString()}
2024-04-17 19:25:50,327 [main] INFO  base.BaseClass - Trying to find Element By {by.toString()})
2024-04-17 19:25:50,359 [main] INFO  base.BaseClass - Found Element By {by.toString()}
2024-04-17 19:25:50,903 [main] INFO  base.BaseClass - Trying to find Element By {by.toString()})
2024-04-17 19:25:50,934 [main] INFO  base.BaseClass - Found Element By {by.toString()}
2024-04-17 19:25:51,486 [main] INFO  base.BaseClass - Trying to find Element By {by.toString()})
2024-04-17 19:25:51,519 [main] INFO  base.BaseClass - Found Element By {by.toString()}
2024-04-17 19:25:52,052 [main] INFO  base.BaseClass - Trying to find Element By {by.toString()})
2024-04-17 19:25:52,084 [main] INFO  base.BaseClass - Found Element By {by.toString()}
2024-04-17 19:25:52,628 [main] INFO  base.BaseClass - Trying to find Element By {by.toString()})
2024-04-17 19:25:52,656 [main] INFO  base.BaseClass - Found Element By {by.toString()}
2024-04-17 19:25:53,190 [main] INFO  base.BaseClass - Trying to find Element By {by.toString()})
2024-04-17 19:25:53,222 [main] INFO  base.BaseClass - Found Element By {by.toString()}
2024-04-17 19:25:53,767 [main] INFO  base.BaseClass - Trying to find Element By {by.toString()})
2024-04-17 19:25:53,799 [main] INFO  base.BaseClass - Found Element By {by.toString()}
2024-04-17 19:25:54,344 [main] INFO  base.BaseClass - Trying to find Element By {by.toString()})
2024-04-17 19:25:54,374 [main] INFO  base.BaseClass - Found Element By {by.toString()}
2024-04-17 19:25:54,920 [main] INFO  base.BaseClass - Trying to find Element By {by.toString()})
2024-04-17 19:25:54,951 [main] INFO  base.BaseClass - Found Element By {by.toString()}
2024-04-17 19:25:55,498 [main] INFO  base.BaseClass - Trying to find Element By {by.toString()})
2024-04-17 19:25:55,528 [main] INFO  base.BaseClass - Found Element By {by.toString()}
2024-04-17 19:25:56,075 [main] INFO  base.BaseClass - Trying to find Element By {by.toString()})
2024-04-17 19:25:56,105 [main] INFO  base.BaseClass - Found Element By {by.toString()}
2024-04-17 19:25:56,651 [main] INFO  base.BaseClass - Trying to find Element By {by.toString()})
2024-04-17 19:25:56,682 [main] INFO  base.BaseClass - Found Element By {by.toString()}
2024-04-17 19:25:57,229 [main] INFO  base.BaseClass - Trying to find Element By {by.toString()})
2024-04-17 19:25:57,259 [main] INFO  base.BaseClass - Found Element By {by.toString()}
2024-04-17 19:25:57,794 [main] INFO  base.BaseClass - Trying to find Element By {by.toString()})
2024-04-17 19:25:57,826 [main] INFO  base.BaseClass - Found Element By {by.toString()}
2024-04-17 19:25:58,372 [main] INFO  base.BaseClass - Trying to find Element By {by.toString()})
2024-04-17 19:25:58,403 [main] INFO  base.BaseClass - Found Element By {by.toString()}
2024-04-17 19:25:58,950 [main] INFO  base.BaseClass - Trying to find Element By {by.toString()})
2024-04-17 19:25:59,014 [main] INFO  base.BaseClass - Found Element By {by.toString()}
2024-04-17 19:25:59,561 [main] INFO  base.BaseClass - Trying to find Element By {by.toString()})
2024-04-17 19:25:59,592 [main] INFO  base.BaseClass - Found Element By {by.toString()}
2024-04-17 19:26:00,138 [main] INFO  base.BaseClass - Trying to find Element By {by.toString()})
2024-04-17 19:26:00,163 [main] INFO  base.BaseClass - Found Element By {by.toString()}
2024-04-17 19:26:00,706 [main] INFO  base.BaseClass - Trying to find Element By {by.toString()})
2024-04-17 19:26:00,736 [main] INFO  base.BaseClass - Found Element By {by.toString()}
2024-04-17 19:26:01,270 [main] INFO  base.BaseClass - Trying to find Element By {by.toString()})
2024-04-17 19:26:01,301 [main] INFO  base.BaseClass - Found Element By {by.toString()}
2024-04-17 19:26:01,849 [main] INFO  base.BaseClass - Trying to find Element By {by.toString()})
2024-04-17 19:26:01,879 [main] INFO  base.BaseClass - Found Element By {by.toString()}
2024-04-17 19:26:02,424 [main] INFO  base.BaseClass - Trying to find Element By {by.toString()})
2024-04-17 19:26:02,454 [main] INFO  base.BaseClass - Found Element By {by.toString()}
2024-04-17 19:26:03,004 [main] INFO  base.BaseClass - Trying to find Element By {by.toString()})
2024-04-17 19:26:03,035 [main] INFO  base.BaseClass - Found Element By {by.toString()}
2024-04-17 19:26:03,586 [main] INFO  base.BaseClass - Trying to find Element By {by.toString()})
2024-04-17 19:26:03,618 [main] INFO  base.BaseClass - Found Element By {by.toString()}
2024-04-17 19:26:04,152 [main] INFO  base.BaseClass - Trying to find Element By {by.toString()})
2024-04-17 19:26:04,184 [main] INFO  base.BaseClass - Found Element By {by.toString()}
2024-04-17 19:26:04,729 [main] INFO  base.BaseClass - Trying to find Element By {by.toString()})
2024-04-17 19:26:04,760 [main] INFO  base.BaseClass - Found Element By {by.toString()}
2024-04-17 19:26:05,295 [main] INFO  base.BaseClass - Trying to find Element By {by.toString()})
2024-04-17 19:26:05,326 [main] INFO  base.BaseClass - Found Element By {by.toString()}
2024-04-17 19:26:05,869 [main] INFO  base.BaseClass - Trying to find Element By {by.toString()})
2024-04-17 19:26:05,899 [main] INFO  base.BaseClass - Found Element By {by.toString()}
2024-04-17 19:26:06,432 [main] INFO  base.BaseClass - Trying to find Element By {by.toString()})
2024-04-17 19:26:06,463 [main] INFO  base.BaseClass - Found Element By {by.toString()}
2024-04-17 19:26:07,012 [main] INFO  base.BaseClass - Trying to find Element By {by.toString()})
2024-04-17 19:26:07,043 [main] INFO  base.BaseClass - Found Element By {by.toString()}
2024-04-17 19:26:07,587 [main] INFO  base.BaseClass - Trying to find Element By {by.toString()})
2024-04-17 19:26:07,603 [main] INFO  base.BaseClass - Found Element By {by.toString()}
2024-04-17 19:26:08,136 [main] INFO  base.BaseClass - Trying to find Element By {by.toString()})
2024-04-17 19:26:08,168 [main] INFO  base.BaseClass - Found Element By {by.toString()}
2024-04-17 19:26:08,714 [main] INFO  base.BaseClass - Trying to find Element By {by.toString()})
2024-04-17 19:26:08,746 [main] INFO  base.BaseClass - Found Element By {by.toString()}
TimeoutException occurred: Expected condition failed: waiting for helper.WaitUtility$5@5d23cd73 (tried for 30 second(s) with 500 milliseconds interval)
Build info: version: '3.141.59', revision: 'e82be7d358', time: '2018-11-14T08:17:03'
System info: host: 'DPLAP166', ip: '137.237.2.236', os.name: 'Windows 10', os.arch: 'amd64', os.version: '10.0', java.version: '19.0.1'
Driver info: org.openqa.selenium.support.events.EventFiringWebDriver
Capabilities {acceptInsecureCerts: true, browserName: chrome, browserVersion: 123.0.6312.123, chrome: {chromedriverVersion: 123.0.6312.122 (31f8248cdd9..., userDataDir: C:\Users\dP-PL\AppData\Loca...}, fedcm:accounts: true, goog:chromeOptions: {debuggerAddress: localhost:51256}, javascriptEnabled: true, networkConnectionEnabled: false, pageLoadStrategy: normal, platform: WINDOWS, platformName: WINDOWS, proxy: Proxy(), setWindowRect: true, strictFileInteractability: false, timeouts: {implicit: 0, pageLoad: 300000, script: 30000}, unhandledPromptBehavior: dismiss and notify, webauthn:extension:credBlob: true, webauthn:extension:largeBlob: true, webauthn:extension:minPinLength: true, webauthn:extension:prf: true, webauthn:virtualAuthenticators: true}
Session ID: a59c4df4811f82049fe754efe723d3c1
2024-04-17 19:26:08,778 [main] ERROR RotationCopy_test - Element did not become visible within the specified time: Expected condition failed: waiting for helper.WaitUtility$5@5d23cd73 (tried for 30 second(s) with 500 milliseconds interval)
Build info: version: '3.141.59', revision: 'e82be7d358', time: '2018-11-14T08:17:03'
System info: host: 'DPLAP166', ip: '137.237.2.236', os.name: 'Windows 10', os.arch: 'amd64', os.version: '10.0', java.version: '19.0.1'
Driver info: org.openqa.selenium.support.events.EventFiringWebDriver
Capabilities {acceptInsecureCerts: true, browserName: chrome, browserVersion: 123.0.6312.123, chrome: {chromedriverVersion: 123.0.6312.122 (31f8248cdd9..., userDataDir: C:\Users\dP-PL\AppData\Loca...}, fedcm:accounts: true, goog:chromeOptions: {debuggerAddress: localhost:51256}, javascriptEnabled: true, networkConnectionEnabled: false, pageLoadStrategy: normal, platform: WINDOWS, platformName: WINDOWS, proxy: Proxy(), setWindowRect: true, strictFileInteractability: false, timeouts: {implicit: 0, pageLoad: 300000, script: 30000}, unhandledPromptBehavior: dismiss and notify, webauthn:extension:credBlob: true, webauthn:extension:largeBlob: true, webauthn:extension:minPinLength: true, webauthn:extension:prf: true, webauthn:virtualAuthenticators: true}
Session ID: a59c4df4811f82049fe754efe723d3c1
2024-04-17 19:26:08,778 [main] INFO  base.BaseClass - Trying to find Element By {by.toString()})
2024-04-17 19:26:08,792 [main] INFO  base.BaseClass - Found Element By {by.toString()}
2024-04-17 19:26:08,792 [main] INFO  base.BaseClass - Trying to click on: {element.toString()}
2024-04-17 19:26:08,862 [main] INFO  base.BaseClass - Clicked on: {element.toString()}
2024-04-17 19:26:08,862 [main] INFO  base.BaseClass - Trying to find Element By {by.toString()})
2024-04-17 19:26:08,873 [main] INFO  base.BaseClass - Found Element By {by.toString()}
2024-04-17 19:26:09,399 [main] INFO  base.BaseClass - Trying to find Element By {by.toString()})
2024-04-17 19:26:09,413 [main] INFO  base.BaseClass - Found Element By {by.toString()}
2024-04-17 19:26:09,946 [main] INFO  base.BaseClass - Trying to find Element By {by.toString()})
2024-04-17 19:26:09,979 [main] INFO  base.BaseClass - Found Element By {by.toString()}
2024-04-17 19:26:10,526 [main] INFO  base.BaseClass - Trying to find Element By {by.toString()})
2024-04-17 19:26:10,557 [main] INFO  base.BaseClass - Found Element By {by.toString()}
2024-04-17 19:26:11,107 [main] INFO  base.BaseClass - Trying to find Element By {by.toString()})
2024-04-17 19:26:11,138 [main] INFO  base.BaseClass - Found Element By {by.toString()}
2024-04-17 19:26:11,670 [main] INFO  base.BaseClass - Trying to find Element By {by.toString()})
2024-04-17 19:26:11,704 [main] INFO  base.BaseClass - Found Element By {by.toString()}
2024-04-17 19:26:12,248 [main] INFO  base.BaseClass - Trying to find Element By {by.toString()})
2024-04-17 19:26:12,280 [main] INFO  base.BaseClass - Found Element By {by.toString()}
2024-04-17 19:26:12,824 [main] INFO  base.BaseClass - Trying to find Element By {by.toString()})
2024-04-17 19:26:12,854 [main] INFO  base.BaseClass - Found Element By {by.toString()}
2024-04-17 19:26:13,390 [main] INFO  base.BaseClass - Trying to find Element By {by.toString()})
2024-04-17 19:26:13,420 [main] INFO  base.BaseClass - Found Element By {by.toString()}
2024-04-17 19:26:13,968 [main] INFO  base.BaseClass - Trying to find Element By {by.toString()})
2024-04-17 19:26:13,999 [main] INFO  base.BaseClass - Found Element By {by.toString()}
2024-04-17 19:26:14,549 [main] INFO  base.BaseClass - Trying to find Element By {by.toString()})
2024-04-17 19:26:14,580 [main] INFO  base.BaseClass - Found Element By {by.toString()}
2024-04-17 19:26:15,125 [main] INFO  base.BaseClass - Trying to find Element By {by.toString()})
2024-04-17 19:26:15,576 [main] INFO  base.BaseClass - Found Element By {by.toString()}
2024-04-17 19:26:16,123 [main] INFO  base.BaseClass - Trying to find Element By {by.toString()})
2024-04-17 19:26:16,154 [main] INFO  base.BaseClass - Found Element By {by.toString()}
2024-04-17 19:26:16,699 [main] INFO  base.BaseClass - Trying to find Element By {by.toString()})
2024-04-17 19:26:16,732 [main] INFO  base.BaseClass - Found Element By {by.toString()}
2024-04-17 19:26:17,262 [main] INFO  base.BaseClass - Trying to find Element By {by.toString()})
2024-04-17 19:26:17,293 [main] INFO  base.BaseClass - Found Element By {by.toString()}
2024-04-17 19:26:17,842 [main] INFO  base.BaseClass - Trying to find Element By {by.toString()})
2024-04-17 19:26:17,873 [main] INFO  base.BaseClass - Found Element By {by.toString()}
2024-04-17 19:26:18,424 [main] INFO  base.BaseClass - Trying to find Element By {by.toString()})
2024-04-17 19:26:18,448 [main] INFO  base.BaseClass - Found Element By {by.toString()}
2024-04-17 19:26:18,973 [main] INFO  base.BaseClass - Trying to find Element By {by.toString()})
2024-04-17 19:26:19,036 [main] INFO  base.BaseClass - Found Element By {by.toString()}
2024-04-17 19:26:19,597 [main] INFO  base.BaseClass - Trying to find Element By {by.toString()})
2024-04-17 19:26:19,629 [main] INFO  base.BaseClass - Found Element By {by.toString()}
2024-04-17 19:26:20,172 [main] INFO  base.BaseClass - Trying to find Element By {by.toString()})
2024-04-17 19:26:20,204 [main] INFO  base.BaseClass - Found Element By {by.toString()}
2024-04-17 19:26:20,749 [main] INFO  base.BaseClass - Trying to find Element By {by.toString()})
2024-04-17 19:26:20,779 [main] INFO  base.BaseClass - Found Element By {by.toString()}
2024-04-17 19:26:21,312 [main] INFO  base.BaseClass - Trying to find Element By {by.toString()})
2024-04-17 19:26:21,343 [main] INFO  base.BaseClass - Found Element By {by.toString()}
2024-04-17 19:26:21,890 [main] INFO  base.BaseClass - Trying to find Element By {by.toString()})
2024-04-17 19:26:21,921 [main] INFO  base.BaseClass - Found Element By {by.toString()}
2024-04-17 19:26:22,466 [main] INFO  base.BaseClass - Trying to find Element By {by.toString()})
2024-04-17 19:26:22,497 [main] INFO  base.BaseClass - Found Element By {by.toString()}
2024-04-17 19:26:23,046 [main] INFO  base.BaseClass - Trying to find Element By {by.toString()})
2024-04-17 19:26:23,077 [main] INFO  base.BaseClass - Found Element By {by.toString()}
2024-04-17 19:26:23,625 [main] INFO  base.BaseClass - Trying to find Element By {by.toString()})
2024-04-17 19:26:23,655 [main] INFO  base.BaseClass - Found Element By {by.toString()}
2024-04-17 19:26:24,206 [main] INFO  base.BaseClass - Trying to find Element By {by.toString()})
2024-04-17 19:26:24,238 [main] INFO  base.BaseClass - Found Element By {by.toString()}
2024-04-17 19:26:24,786 [main] INFO  base.BaseClass - Trying to find Element By {by.toString()})
2024-04-17 19:26:24,816 [main] INFO  base.BaseClass - Found Element By {by.toString()}
2024-04-17 19:26:25,348 [main] INFO  base.BaseClass - Trying to find Element By {by.toString()})
2024-04-17 19:26:25,379 [main] INFO  base.BaseClass - Found Element By {by.toString()}
2024-04-17 19:26:25,928 [main] INFO  base.BaseClass - Trying to find Element By {by.toString()})
2024-04-17 19:26:25,959 [main] INFO  base.BaseClass - Found Element By {by.toString()}
2024-04-17 19:26:26,507 [main] INFO  base.BaseClass - Trying to find Element By {by.toString()})
2024-04-17 19:26:26,538 [main] INFO  base.BaseClass - Found Element By {by.toString()}
2024-04-17 19:26:27,083 [main] INFO  base.BaseClass - Trying to find Element By {by.toString()})
2024-04-17 19:26:27,114 [main] INFO  base.BaseClass - Found Element By {by.toString()}
2024-04-17 19:26:27,662 [main] INFO  base.BaseClass - Trying to find Element By {by.toString()})
2024-04-17 19:26:27,694 [main] INFO  base.BaseClass - Found Element By {by.toString()}
2024-04-17 19:26:28,236 [main] INFO  base.BaseClass - Trying to find Element By {by.toString()})
2024-04-17 19:26:28,266 [main] INFO  base.BaseClass - Found Element By {by.toString()}
2024-04-17 19:26:28,814 [main] INFO  base.BaseClass - Trying to find Element By {by.toString()})
2024-04-17 19:26:28,847 [main] INFO  base.BaseClass - Found Element By {by.toString()}
2024-04-17 19:26:29,391 [main] INFO  base.BaseClass - Trying to find Element By {by.toString()})
2024-04-17 19:26:29,411 [main] INFO  base.BaseClass - Found Element By {by.toString()}
2024-04-17 19:26:29,940 [main] INFO  base.BaseClass - Trying to find Element By {by.toString()})
2024-04-17 19:26:29,964 [main] INFO  base.BaseClass - Found Element By {by.toString()}
2024-04-17 19:26:30,504 [main] INFO  base.BaseClass - Trying to find Element By {by.toString()})
2024-04-17 19:26:30,536 [main] INFO  base.BaseClass - Found Element By {by.toString()}
2024-04-17 19:26:31,080 [main] INFO  base.BaseClass - Trying to find Element By {by.toString()})
2024-04-17 19:26:31,112 [main] INFO  base.BaseClass - Found Element By {by.toString()}
2024-04-17 19:26:31,661 [main] INFO  base.BaseClass - Trying to find Element By {by.toString()})
2024-04-17 19:26:31,691 [main] INFO  base.BaseClass - Found Element By {by.toString()}
2024-04-17 19:26:32,242 [main] INFO  base.BaseClass - Trying to find Element By {by.toString()})
2024-04-17 19:26:32,272 [main] INFO  base.BaseClass - Found Element By {by.toString()}
2024-04-17 19:26:32,822 [main] INFO  base.BaseClass - Trying to find Element By {by.toString()})
2024-04-17 19:26:32,853 [main] INFO  base.BaseClass - Found Element By {by.toString()}
2024-04-17 19:26:33,401 [main] INFO  base.BaseClass - Trying to find Element By {by.toString()})
2024-04-17 19:26:33,433 [main] INFO  base.BaseClass - Found Element By {by.toString()}
2024-04-17 19:26:33,980 [main] INFO  base.BaseClass - Trying to find Element By {by.toString()})
2024-04-17 19:26:34,010 [main] INFO  base.BaseClass - Found Element By {by.toString()}
2024-04-17 19:26:34,554 [main] INFO  base.BaseClass - Trying to find Element By {by.toString()})
2024-04-17 19:26:34,585 [main] INFO  base.BaseClass - Found Element By {by.toString()}
2024-04-17 19:26:35,132 [main] INFO  base.BaseClass - Trying to find Element By {by.toString()})
2024-04-17 19:26:35,161 [main] INFO  base.BaseClass - Found Element By {by.toString()}
2024-04-17 19:26:35,708 [main] INFO  base.BaseClass - Trying to find Element By {by.toString()})
2024-04-17 19:26:35,737 [main] INFO  base.BaseClass - Found Element By {by.toString()}
2024-04-17 19:26:36,287 [main] INFO  base.BaseClass - Trying to find Element By {by.toString()})
2024-04-17 19:26:36,317 [main] INFO  base.BaseClass - Found Element By {by.toString()}
2024-04-17 19:26:36,867 [main] INFO  base.BaseClass - Trying to find Element By {by.toString()})
2024-04-17 19:26:36,898 [main] INFO  base.BaseClass - Found Element By {by.toString()}
2024-04-17 19:26:37,447 [main] INFO  base.BaseClass - Trying to find Element By {by.toString()})
2024-04-17 19:26:37,477 [main] INFO  base.BaseClass - Found Element By {by.toString()}
2024-04-17 19:26:38,008 [main] INFO  base.BaseClass - Trying to find Element By {by.toString()})
2024-04-17 19:26:38,037 [main] INFO  base.BaseClass - Found Element By {by.toString()}
2024-04-17 19:26:38,585 [main] INFO  base.BaseClass - Trying to find Element By {by.toString()})
2024-04-17 19:26:38,615 [main] INFO  base.BaseClass - Found Element By {by.toString()}
2024-04-17 19:26:39,163 [main] INFO  base.BaseClass - Trying to find Element By {by.toString()})
2024-04-17 19:26:39,203 [main] INFO  base.BaseClass - Found Element By {by.toString()}
TimeoutException occurred: Expected condition failed: waiting for helper.WaitUtility$5@1a5eff2 (tried for 30 second(s) with 500 milliseconds interval)
Build info: version: '3.141.59', revision: 'e82be7d358', time: '2018-11-14T08:17:03'
System info: host: 'DPLAP166', ip: '137.237.2.236', os.name: 'Windows 10', os.arch: 'amd64', os.version: '10.0', java.version: '19.0.1'
Driver info: org.openqa.selenium.support.events.EventFiringWebDriver
Capabilities {acceptInsecureCerts: true, browserName: chrome, browserVersion: 123.0.6312.123, chrome: {chromedriverVersion: 123.0.6312.122 (31f8248cdd9..., userDataDir: C:\Users\dP-PL\AppData\Loca...}, fedcm:accounts: true, goog:chromeOptions: {debuggerAddress: localhost:51256}, javascriptEnabled: true, networkConnectionEnabled: false, pageLoadStrategy: normal, platform: WINDOWS, platformName: WINDOWS, proxy: Proxy(), setWindowRect: true, strictFileInteractability: false, timeouts: {implicit: 0, pageLoad: 300000, script: 30000}, unhandledPromptBehavior: dismiss and notify, webauthn:extension:credBlob: true, webauthn:extension:largeBlob: true, webauthn:extension:minPinLength: true, webauthn:extension:prf: true, webauthn:virtualAuthenticators: true}
Session ID: a59c4df4811f82049fe754efe723d3c1
2024-04-17 19:26:39,276 [main] ERROR RotationCopy_test - Element did not become visible within the specified time: Expected condition failed: waiting for helper.WaitUtility$5@1a5eff2 (tried for 30 second(s) with 500 milliseconds interval)
Build info: version: '3.141.59', revision: 'e82be7d358', time: '2018-11-14T08:17:03'
System info: host: 'DPLAP166', ip: '137.237.2.236', os.name: 'Windows 10', os.arch: 'amd64', os.version: '10.0', java.version: '19.0.1'
Driver info: org.openqa.selenium.support.events.EventFiringWebDriver
Capabilities {acceptInsecureCerts: true, browserName: chrome, browserVersion: 123.0.6312.123, chrome: {chromedriverVersion: 123.0.6312.122 (31f8248cdd9..., userDataDir: C:\Users\dP-PL\AppData\Loca...}, fedcm:accounts: true, goog:chromeOptions: {debuggerAddress: localhost:51256}, javascriptEnabled: true, networkConnectionEnabled: false, pageLoadStrategy: normal, platform: WINDOWS, platformName: WINDOWS, proxy: Proxy(), setWindowRect: true, strictFileInteractability: false, timeouts: {implicit: 0, pageLoad: 300000, script: 30000}, unhandledPromptBehavior: dismiss and notify, webauthn:extension:credBlob: true, webauthn:extension:largeBlob: true, webauthn:extension:minPinLength: true, webauthn:extension:prf: true, webauthn:virtualAuthenticators: true}
Session ID: a59c4df4811f82049fe754efe723d3c1
2024-04-17 19:26:39,276 [main] INFO  base.BaseClass - Trying to find Element By {by.toString()})
2024-04-17 19:26:39,286 [main] INFO  base.BaseClass - Found Element By {by.toString()}
2024-04-17 19:26:39,286 [main] INFO  base.BaseClass - Trying to click on: {element.toString()}
2024-04-17 19:26:39,392 [main] INFO  base.BaseClass - Clicked on: {element.toString()}
2024-04-17 19:26:39,398 [main] INFO  base.BaseClass - Trying to find Element By {by.toString()})
2024-04-17 19:26:39,408 [main] INFO  base.BaseClass - Found Element By {by.toString()}
2024-04-17 19:26:39,928 [main] INFO  base.BaseClass - Trying to find Element By {by.toString()})
2024-04-17 19:26:39,948 [main] INFO  base.BaseClass - Found Element By {by.toString()}
2024-04-17 19:26:40,475 [main] INFO  base.BaseClass - Trying to find Element By {by.toString()})
2024-04-17 19:26:40,501 [main] INFO  base.BaseClass - Found Element By {by.toString()}
2024-04-17 19:26:41,038 [main] INFO  base.BaseClass - Trying to find Element By {by.toString()})
2024-04-17 19:26:41,068 [main] INFO  base.BaseClass - Found Element By {by.toString()}
2024-04-17 19:26:41,629 [main] INFO  base.BaseClass - Trying to find Element By {by.toString()})
2024-04-17 19:26:41,658 [main] INFO  base.BaseClass - Found Element By {by.toString()}
2024-04-17 19:26:42,205 [main] INFO  base.BaseClass - Trying to find Element By {by.toString()})
2024-04-17 19:26:42,234 [main] INFO  base.BaseClass - Found Element By {by.toString()}
2024-04-17 19:26:42,785 [main] INFO  base.BaseClass - Trying to find Element By {by.toString()})
2024-04-17 19:26:42,813 [main] INFO  base.BaseClass - Found Element By {by.toString()}
2024-04-17 19:26:43,364 [main] INFO  base.BaseClass - Trying to find Element By {by.toString()})
2024-04-17 19:26:43,392 [main] INFO  base.BaseClass - Found Element By {by.toString()}
2024-04-17 19:26:43,940 [main] INFO  base.BaseClass - Trying to find Element By {by.toString()})
2024-04-17 19:26:43,959 [main] INFO  base.BaseClass - Found Element By {by.toString()}
2024-04-17 19:26:44,490 [main] INFO  base.BaseClass - Trying to find Element By {by.toString()})
2024-04-17 19:26:44,520 [main] INFO  base.BaseClass - Found Element By {by.toString()}
2024-04-17 19:26:45,067 [main] INFO  base.BaseClass - Trying to find Element By {by.toString()})
2024-04-17 19:26:45,095 [main] INFO  base.BaseClass - Found Element By {by.toString()}
2024-04-17 19:26:45,629 [main] INFO  base.BaseClass - Trying to find Element By {by.toString()})
2024-04-17 19:26:45,658 [main] INFO  base.BaseClass - Found Element By {by.toString()}
2024-04-17 19:26:46,209 [main] INFO  base.BaseClass - Trying to find Element By {by.toString()})
2024-04-17 19:26:46,238 [main] INFO  base.BaseClass - Found Element By {by.toString()}
2024-04-17 19:26:46,787 [main] INFO  base.BaseClass - Trying to find Element By {by.toString()})
2024-04-17 19:26:46,818 [main] INFO  base.BaseClass - Found Element By {by.toString()}
2024-04-17 19:26:47,353 [main] INFO  base.BaseClass - Trying to find Element By {by.toString()})
2024-04-17 19:26:47,382 [main] INFO  base.BaseClass - Found Element By {by.toString()}
2024-04-17 19:26:47,917 [main] INFO  base.BaseClass - Trying to find Element By {by.toString()})
2024-04-17 19:26:47,946 [main] INFO  base.BaseClass - Found Element By {by.toString()}
2024-04-17 19:26:48,482 [main] INFO  base.BaseClass - Trying to find Element By {by.toString()})
2024-04-17 19:26:48,508 [main] INFO  base.BaseClass - Found Element By {by.toString()}
2024-04-17 19:26:49,051 [main] INFO  base.BaseClass - Trying to find Element By {by.toString()})
2024-04-17 19:26:49,079 [main] INFO  base.BaseClass - Found Element By {by.toString()}
2024-04-17 19:26:49,629 [main] INFO  base.BaseClass - Trying to find Element By {by.toString()})
2024-04-17 19:26:49,658 [main] INFO  base.BaseClass - Found Element By {by.toString()}
2024-04-17 19:26:50,210 [main] INFO  base.BaseClass - Trying to find Element By {by.toString()})
2024-04-17 19:26:50,238 [main] INFO  base.BaseClass - Found Element By {by.toString()}
2024-04-17 19:26:50,789 [main] INFO  base.BaseClass - Trying to find Element By {by.toString()})
2024-04-17 19:26:50,817 [main] INFO  base.BaseClass - Found Element By {by.toString()}
2024-04-17 19:26:51,353 [main] INFO  base.BaseClass - Trying to find Element By {by.toString()})
2024-04-17 19:26:51,380 [main] INFO  base.BaseClass - Found Element By {by.toString()}
2024-04-17 19:26:51,918 [main] INFO  base.BaseClass - Trying to find Element By {by.toString()})
2024-04-17 19:26:51,947 [main] INFO  base.BaseClass - Found Element By {by.toString()}
2024-04-17 19:26:52,494 [main] INFO  base.BaseClass - Trying to find Element By {by.toString()})
2024-04-17 19:26:52,523 [main] INFO  base.BaseClass - Found Element By {by.toString()}
2024-04-17 19:26:53,058 [main] INFO  base.BaseClass - Trying to find Element By {by.toString()})
2024-04-17 19:26:53,085 [main] INFO  base.BaseClass - Found Element By {by.toString()}
2024-04-17 19:26:53,639 [main] INFO  base.BaseClass - Trying to find Element By {by.toString()})
2024-04-17 19:26:53,668 [main] INFO  base.BaseClass - Found Element By {by.toString()}
2024-04-17 19:26:54,202 [main] INFO  base.BaseClass - Trying to find Element By {by.toString()})
2024-04-17 19:26:54,231 [main] INFO  base.BaseClass - Found Element By {by.toString()}
2024-04-17 19:26:54,780 [main] INFO  base.BaseClass - Trying to find Element By {by.toString()})
2024-04-17 19:26:54,808 [main] INFO  base.BaseClass - Found Element By {by.toString()}
2024-04-17 19:26:55,361 [main] INFO  base.BaseClass - Trying to find Element By {by.toString()})
2024-04-17 19:26:55,379 [main] INFO  base.BaseClass - Found Element By {by.toString()}
2024-04-17 19:26:55,923 [main] INFO  base.BaseClass - Trying to find Element By {by.toString()})
2024-04-17 19:26:55,952 [main] INFO  base.BaseClass - Found Element By {by.toString()}
2024-04-17 19:26:56,504 [main] INFO  base.BaseClass - Trying to find Element By {by.toString()})
2024-04-17 19:26:56,533 [main] INFO  base.BaseClass - Found Element By {by.toString()}
2024-04-17 19:26:57,066 [main] INFO  base.BaseClass - Trying to find Element By {by.toString()})
2024-04-17 19:26:57,094 [main] INFO  base.BaseClass - Found Element By {by.toString()}
2024-04-17 19:26:57,626 [main] INFO  base.BaseClass - Trying to find Element By {by.toString()})
2024-04-17 19:26:57,656 [main] INFO  base.BaseClass - Found Element By {by.toString()}
2024-04-17 19:26:58,203 [main] INFO  base.BaseClass - Trying to find Element By {by.toString()})
2024-04-17 19:26:58,232 [main] INFO  base.BaseClass - Found Element By {by.toString()}
2024-04-17 19:26:58,766 [main] INFO  base.BaseClass - Trying to find Element By {by.toString()})
2024-04-17 19:26:58,795 [main] INFO  base.BaseClass - Found Element By {by.toString()}
2024-04-17 19:26:59,345 [main] INFO  base.BaseClass - Trying to find Element By {by.toString()})
2024-04-17 19:26:59,374 [main] INFO  base.BaseClass - Found Element By {by.toString()}
2024-04-17 19:26:59,909 [main] INFO  base.BaseClass - Trying to find Element By {by.toString()})
2024-04-17 19:26:59,938 [main] INFO  base.BaseClass - Found Element By {by.toString()}
2024-04-17 19:27:00,484 [main] INFO  base.BaseClass - Trying to find Element By {by.toString()})
2024-04-17 19:27:00,513 [main] INFO  base.BaseClass - Found Element By {by.toString()}
2024-04-17 19:27:01,063 [main] INFO  base.BaseClass - Trying to find Element By {by.toString()})
2024-04-17 19:27:01,080 [main] INFO  base.BaseClass - Found Element By {by.toString()}
2024-04-17 19:27:01,610 [main] INFO  base.BaseClass - Trying to find Element By {by.toString()})
2024-04-17 19:27:01,624 [main] INFO  base.BaseClass - Found Element By {by.toString()}
2024-04-17 19:27:02,140 [main] INFO  base.BaseClass - Trying to find Element By {by.toString()})
2024-04-17 19:27:02,168 [main] INFO  base.BaseClass - Found Element By {by.toString()}
2024-04-17 19:27:02,717 [main] INFO  base.BaseClass - Trying to find Element By {by.toString()})
2024-04-17 19:27:02,746 [main] INFO  base.BaseClass - Found Element By {by.toString()}
2024-04-17 19:27:03,296 [main] INFO  base.BaseClass - Trying to find Element By {by.toString()})
2024-04-17 19:27:03,326 [main] INFO  base.BaseClass - Found Element By {by.toString()}
2024-04-17 19:27:03,873 [main] INFO  base.BaseClass - Trying to find Element By {by.toString()})
2024-04-17 19:27:03,902 [main] INFO  base.BaseClass - Found Element By {by.toString()}
2024-04-17 19:27:04,452 [main] INFO  base.BaseClass - Trying to find Element By {by.toString()})
2024-04-17 19:27:04,482 [main] INFO  base.BaseClass - Found Element By {by.toString()}
2024-04-17 19:27:05,032 [main] INFO  base.BaseClass - Trying to find Element By {by.toString()})
2024-04-17 19:27:05,061 [main] INFO  base.BaseClass - Found Element By {by.toString()}
2024-04-17 19:27:05,600 [main] INFO  base.BaseClass - Trying to find Element By {by.toString()})
2024-04-17 19:27:05,628 [main] INFO  base.BaseClass - Found Element By {by.toString()}
2024-04-17 19:27:06,171 [main] INFO  base.BaseClass - Trying to find Element By {by.toString()})
2024-04-17 19:27:06,200 [main] INFO  base.BaseClass - Found Element By {by.toString()}
2024-04-17 19:27:06,730 [main] INFO  base.BaseClass - Trying to find Element By {by.toString()})
2024-04-17 19:27:06,761 [main] INFO  base.BaseClass - Found Element By {by.toString()}
2024-04-17 19:27:07,293 [main] INFO  base.BaseClass - Trying to find Element By {by.toString()})
2024-04-17 19:27:07,322 [main] INFO  base.BaseClass - Found Element By {by.toString()}
2024-04-17 19:27:07,871 [main] INFO  base.BaseClass - Trying to find Element By {by.toString()})
2024-04-17 19:27:07,901 [main] INFO  base.BaseClass - Found Element By {by.toString()}
2024-04-17 19:27:08,445 [main] INFO  base.BaseClass - Trying to find Element By {by.toString()})
2024-04-17 19:27:08,474 [main] INFO  base.BaseClass - Found Element By {by.toString()}
2024-04-17 19:27:09,025 [main] INFO  base.BaseClass - Trying to find Element By {by.toString()})
2024-04-17 19:27:09,055 [main] INFO  base.BaseClass - Found Element By {by.toString()}
2024-04-17 19:27:09,600 [main] INFO  base.BaseClass - Trying to find Element By {by.toString()})
2024-04-17 19:27:09,629 [main] INFO  base.BaseClass - Found Element By {by.toString()}
TimeoutException occurred: Expected condition failed: waiting for helper.WaitUtility$5@39709412 (tried for 30 second(s) with 500 milliseconds interval)
Build info: version: '3.141.59', revision: 'e82be7d358', time: '2018-11-14T08:17:03'
System info: host: 'DPLAP166', ip: '137.237.2.236', os.name: 'Windows 10', os.arch: 'amd64', os.version: '10.0', java.version: '19.0.1'
Driver info: org.openqa.selenium.support.events.EventFiringWebDriver
Capabilities {acceptInsecureCerts: true, browserName: chrome, browserVersion: 123.0.6312.123, chrome: {chromedriverVersion: 123.0.6312.122 (31f8248cdd9..., userDataDir: C:\Users\dP-PL\AppData\Loca...}, fedcm:accounts: true, goog:chromeOptions: {debuggerAddress: localhost:51256}, javascriptEnabled: true, networkConnectionEnabled: false, pageLoadStrategy: normal, platform: WINDOWS, platformName: WINDOWS, proxy: Proxy(), setWindowRect: true, strictFileInteractability: false, timeouts: {implicit: 0, pageLoad: 300000, script: 30000}, unhandledPromptBehavior: dismiss and notify, webauthn:extension:credBlob: true, webauthn:extension:largeBlob: true, webauthn:extension:minPinLength: true, webauthn:extension:prf: true, webauthn:virtualAuthenticators: true}
Session ID: a59c4df4811f82049fe754efe723d3c1
2024-04-17 19:27:09,664 [main] ERROR RotationCopy_test - Element did not become visible within the specified time: Expected condition failed: waiting for helper.WaitUtility$5@39709412 (tried for 30 second(s) with 500 milliseconds interval)
Build info: version: '3.141.59', revision: 'e82be7d358', time: '2018-11-14T08:17:03'
System info: host: 'DPLAP166', ip: '137.237.2.236', os.name: 'Windows 10', os.arch: 'amd64', os.version: '10.0', java.version: '19.0.1'
Driver info: org.openqa.selenium.support.events.EventFiringWebDriver
Capabilities {acceptInsecureCerts: true, browserName: chrome, browserVersion: 123.0.6312.123, chrome: {chromedriverVersion: 123.0.6312.122 (31f8248cdd9..., userDataDir: C:\Users\dP-PL\AppData\Loca...}, fedcm:accounts: true, goog:chromeOptions: {debuggerAddress: localhost:51256}, javascriptEnabled: true, networkConnectionEnabled: false, pageLoadStrategy: normal, platform: WINDOWS, platformName: WINDOWS, proxy: Proxy(), setWindowRect: true, strictFileInteractability: false, timeouts: {implicit: 0, pageLoad: 300000, script: 30000}, unhandledPromptBehavior: dismiss and notify, webauthn:extension:credBlob: true, webauthn:extension:largeBlob: true, webauthn:extension:minPinLength: true, webauthn:extension:prf: true, webauthn:virtualAuthenticators: true}
Session ID: a59c4df4811f82049fe754efe723d3c1
2024-04-17 19:27:09,664 [main] INFO  base.BaseClass - Trying to find Element By {by.toString()})
2024-04-17 19:27:09,678 [main] INFO  base.BaseClass - Found Element By {by.toString()}
2024-04-17 19:27:09,678 [main] INFO  base.BaseClass - Trying to click on: {element.toString()}
2024-04-17 19:27:09,714 [main] INFO  base.BaseClass - Clicked on: {element.toString()}
2024-04-17 19:27:09,720 [main] INFO  base.BaseClass - Trying to find Element By {by.toString()})
2024-04-17 19:27:09,729 [main] INFO  base.BaseClass - Found Element By {by.toString()}
2024-04-17 19:27:10,243 [main] INFO  base.BaseClass - Trying to find Element By {by.toString()})
2024-04-17 19:27:10,624 [main] INFO  base.BaseClass - Found Element By {by.toString()}
2024-04-17 19:27:11,151 [main] INFO  base.BaseClass - Trying to find Element By {by.toString()})
2024-04-17 19:27:11,166 [main] INFO  base.BaseClass - Found Element By {by.toString()}
2024-04-17 19:27:11,689 [main] INFO  base.BaseClass - Trying to find Element By {by.toString()})
2024-04-17 19:27:11,702 [main] INFO  base.BaseClass - Found Element By {by.toString()}
2024-04-17 19:27:12,235 [main] INFO  base.BaseClass - Trying to find Element By {by.toString()})
2024-04-17 19:27:12,248 [main] INFO  base.BaseClass - Found Element By {by.toString()}
2024-04-17 19:27:12,769 [main] INFO  base.BaseClass - Trying to find Element By {by.toString()})
2024-04-17 19:27:12,781 [main] INFO  base.BaseClass - Found Element By {by.toString()}
2024-04-17 19:27:13,300 [main] INFO  base.BaseClass - Trying to find Element By {by.toString()})
2024-04-17 19:27:13,330 [main] INFO  base.BaseClass - Found Element By {by.toString()}
2024-04-17 19:27:13,879 [main] INFO  base.BaseClass - Trying to find Element By {by.toString()})
2024-04-17 19:27:13,908 [main] INFO  base.BaseClass - Found Element By {by.toString()}
2024-04-17 19:27:14,456 [main] INFO  base.BaseClass - Trying to find Element By {by.toString()})
2024-04-17 19:27:14,479 [main] INFO  base.BaseClass - Found Element By {by.toString()}
2024-04-17 19:27:15,021 [main] INFO  base.BaseClass - Trying to find Element By {by.toString()})
2024-04-17 19:27:15,040 [main] INFO  base.BaseClass - Found Element By {by.toString()}
2024-04-17 19:27:15,571 [main] INFO  base.BaseClass - Trying to find Element By {by.toString()})
2024-04-17 19:27:15,600 [main] INFO  base.BaseClass - Found Element By {by.toString()}
2024-04-17 19:27:16,150 [main] INFO  base.BaseClass - Trying to find Element By {by.toString()})
2024-04-17 19:27:16,177 [main] INFO  base.BaseClass - Found Element By {by.toString()}
2024-04-17 19:27:16,711 [main] INFO  base.BaseClass - Trying to find Element By {by.toString()})
2024-04-17 19:27:16,734 [main] INFO  base.BaseClass - Found Element By {by.toString()}
2024-04-17 19:27:17,287 [main] INFO  base.BaseClass - Trying to find Element By {by.toString()})
2024-04-17 19:27:17,320 [main] INFO  base.BaseClass - Found Element By {by.toString()}
2024-04-17 19:27:17,866 [main] INFO  base.BaseClass - Trying to find Element By {by.toString()})
2024-04-17 19:27:17,896 [main] INFO  base.BaseClass - Found Element By {by.toString()}
2024-04-17 19:27:18,444 [main] INFO  base.BaseClass - Trying to find Element By {by.toString()})
2024-04-17 19:27:18,474 [main] INFO  base.BaseClass - Found Element By {by.toString()}
2024-04-17 19:27:19,008 [main] INFO  base.BaseClass - Trying to find Element By {by.toString()})
2024-04-17 19:27:19,036 [main] INFO  base.BaseClass - Found Element By {by.toString()}
2024-04-17 19:27:19,586 [main] INFO  base.BaseClass - Trying to find Element By {by.toString()})
2024-04-17 19:27:19,615 [main] INFO  base.BaseClass - Found Element By {by.toString()}
2024-04-17 19:27:20,162 [main] INFO  base.BaseClass - Trying to find Element By {by.toString()})
2024-04-17 19:27:20,191 [main] INFO  base.BaseClass - Found Element By {by.toString()}
2024-04-17 19:27:20,723 [main] INFO  base.BaseClass - Trying to find Element By {by.toString()})
2024-04-17 19:27:20,752 [main] INFO  base.BaseClass - Found Element By {by.toString()}
2024-04-17 19:27:21,301 [main] INFO  base.BaseClass - Trying to find Element By {by.toString()})
2024-04-17 19:27:21,328 [main] INFO  base.BaseClass - Found Element By {by.toString()}
2024-04-17 19:27:21,863 [main] INFO  base.BaseClass - Trying to find Element By {by.toString()})
2024-04-17 19:27:21,892 [main] INFO  base.BaseClass - Found Element By {by.toString()}
2024-04-17 19:27:22,441 [main] INFO  base.BaseClass - Trying to find Element By {by.toString()})
2024-04-17 19:27:22,469 [main] INFO  base.BaseClass - Found Element By {by.toString()}
2024-04-17 19:27:23,017 [main] INFO  base.BaseClass - Trying to find Element By {by.toString()})
2024-04-17 19:27:23,046 [main] INFO  base.BaseClass - Found Element By {by.toString()}
2024-04-17 19:27:23,596 [main] INFO  base.BaseClass - Trying to find Element By {by.toString()})
2024-04-17 19:27:23,625 [main] INFO  base.BaseClass - Found Element By {by.toString()}
2024-04-17 19:27:24,175 [main] INFO  base.BaseClass - Trying to find Element By {by.toString()})
2024-04-17 19:27:24,203 [main] INFO  base.BaseClass - Found Element By {by.toString()}
2024-04-17 19:27:24,751 [main] INFO  base.BaseClass - Trying to find Element By {by.toString()})
2024-04-17 19:27:24,781 [main] INFO  base.BaseClass - Found Element By {by.toString()}
2024-04-17 19:27:25,329 [main] INFO  base.BaseClass - Trying to find Element By {by.toString()})
2024-04-17 19:27:25,387 [main] INFO  base.BaseClass - Found Element By {by.toString()}
2024-04-17 19:27:25,938 [main] INFO  base.BaseClass - Trying to find Element By {by.toString()})
2024-04-17 19:27:25,968 [main] INFO  base.BaseClass - Found Element By {by.toString()}
2024-04-17 19:27:26,513 [main] INFO  base.BaseClass - Trying to find Element By {by.toString()})
2024-04-17 19:27:26,542 [main] INFO  base.BaseClass - Found Element By {by.toString()}
2024-04-17 19:27:27,091 [main] INFO  base.BaseClass - Trying to find Element By {by.toString()})
2024-04-17 19:27:27,119 [main] INFO  base.BaseClass - Found Element By {by.toString()}
2024-04-17 19:27:27,666 [main] INFO  base.BaseClass - Trying to find Element By {by.toString()})
2024-04-17 19:27:27,695 [main] INFO  base.BaseClass - Found Element By {by.toString()}
2024-04-17 19:27:28,229 [main] INFO  base.BaseClass - Trying to find Element By {by.toString()})
2024-04-17 19:27:28,259 [main] INFO  base.BaseClass - Found Element By {by.toString()}
2024-04-17 19:27:28,806 [main] INFO  base.BaseClass - Trying to find Element By {by.toString()})
2024-04-17 19:27:28,837 [main] INFO  base.BaseClass - Found Element By {by.toString()}
2024-04-17 19:27:29,383 [main] INFO  base.BaseClass - Trying to find Element By {by.toString()})
2024-04-17 19:27:29,409 [main] INFO  base.BaseClass - Found Element By {by.toString()}
2024-04-17 19:27:29,944 [main] INFO  base.BaseClass - Trying to find Element By {by.toString()})
2024-04-17 19:27:29,968 [main] INFO  base.BaseClass - Found Element By {by.toString()}
2024-04-17 19:27:30,490 [main] INFO  base.BaseClass - Trying to find Element By {by.toString()})
2024-04-17 19:27:30,513 [main] INFO  base.BaseClass - Found Element By {by.toString()}
2024-04-17 19:27:31,052 [main] INFO  base.BaseClass - Trying to find Element By {by.toString()})
2024-04-17 19:27:31,079 [main] INFO  base.BaseClass - Found Element By {by.toString()}
2024-04-17 19:27:31,617 [main] INFO  base.BaseClass - Trying to find Element By {by.toString()})
2024-04-17 19:27:31,646 [main] INFO  base.BaseClass - Found Element By {by.toString()}
2024-04-17 19:27:32,195 [main] INFO  base.BaseClass - Trying to find Element By {by.toString()})
2024-04-17 19:27:32,224 [main] INFO  base.BaseClass - Found Element By {by.toString()}
2024-04-17 19:27:32,770 [main] INFO  base.BaseClass - Trying to find Element By {by.toString()})
2024-04-17 19:27:32,799 [main] INFO  base.BaseClass - Found Element By {by.toString()}
2024-04-17 19:27:33,349 [main] INFO  base.BaseClass - Trying to find Element By {by.toString()})
2024-04-17 19:27:33,378 [main] INFO  base.BaseClass - Found Element By {by.toString()}
2024-04-17 19:27:33,927 [main] INFO  base.BaseClass - Trying to find Element By {by.toString()})
2024-04-17 19:27:33,958 [main] INFO  base.BaseClass - Found Element By {by.toString()}
2024-04-17 19:27:34,501 [main] INFO  base.BaseClass - Trying to find Element By {by.toString()})
2024-04-17 19:27:34,532 [main] INFO  base.BaseClass - Found Element By {by.toString()}
2024-04-17 19:27:35,079 [main] INFO  base.BaseClass - Trying to find Element By {by.toString()})
2024-04-17 19:27:35,109 [main] INFO  base.BaseClass - Found Element By {by.toString()}
2024-04-17 19:27:35,658 [main] INFO  base.BaseClass - Trying to find Element By {by.toString()})
2024-04-17 19:27:35,689 [main] INFO  base.BaseClass - Found Element By {by.toString()}
2024-04-17 19:27:36,234 [main] INFO  base.BaseClass - Trying to find Element By {by.toString()})
2024-04-17 19:27:36,262 [main] INFO  base.BaseClass - Found Element By {by.toString()}
2024-04-17 19:27:36,812 [main] INFO  base.BaseClass - Trying to find Element By {by.toString()})
2024-04-17 19:27:36,842 [main] INFO  base.BaseClass - Found Element By {by.toString()}
2024-04-17 19:27:37,390 [main] INFO  base.BaseClass - Trying to find Element By {by.toString()})
2024-04-17 19:27:37,417 [main] INFO  base.BaseClass - Found Element By {by.toString()}
2024-04-17 19:27:37,954 [main] INFO  base.BaseClass - Trying to find Element By {by.toString()})
2024-04-17 19:27:37,983 [main] INFO  base.BaseClass - Found Element By {by.toString()}
2024-04-17 19:27:38,534 [main] INFO  base.BaseClass - Trying to find Element By {by.toString()})
2024-04-17 19:27:38,562 [main] INFO  base.BaseClass - Found Element By {by.toString()}
2024-04-17 19:27:39,109 [main] INFO  base.BaseClass - Trying to find Element By {by.toString()})
2024-04-17 19:27:39,138 [main] INFO  base.BaseClass - Found Element By {by.toString()}
2024-04-17 19:27:39,689 [main] INFO  base.BaseClass - Trying to find Element By {by.toString()})
2024-04-17 19:27:39,718 [main] INFO  base.BaseClass - Found Element By {by.toString()}
TimeoutException occurred: Expected condition failed: waiting for helper.WaitUtility$5@45155eb (tried for 30 second(s) with 500 milliseconds interval)
Build info: version: '3.141.59', revision: 'e82be7d358', time: '2018-11-14T08:17:03'
System info: host: 'DPLAP166', ip: '137.237.2.236', os.name: 'Windows 10', os.arch: 'amd64', os.version: '10.0', java.version: '19.0.1'
Driver info: org.openqa.selenium.support.events.EventFiringWebDriver
Capabilities {acceptInsecureCerts: true, browserName: chrome, browserVersion: 123.0.6312.123, chrome: {chromedriverVersion: 123.0.6312.122 (31f8248cdd9..., userDataDir: C:\Users\dP-PL\AppData\Loca...}, fedcm:accounts: true, goog:chromeOptions: {debuggerAddress: localhost:51256}, javascriptEnabled: true, networkConnectionEnabled: false, pageLoadStrategy: normal, platform: WINDOWS, platformName: WINDOWS, proxy: Proxy(), setWindowRect: true, strictFileInteractability: false, timeouts: {implicit: 0, pageLoad: 300000, script: 30000}, unhandledPromptBehavior: dismiss and notify, webauthn:extension:credBlob: true, webauthn:extension:largeBlob: true, webauthn:extension:minPinLength: true, webauthn:extension:prf: true, webauthn:virtualAuthenticators: true}
Session ID: a59c4df4811f82049fe754efe723d3c1
2024-04-17 19:27:39,759 [main] ERROR RotationCopy_test - Element did not become visible within the specified time: Expected condition failed: waiting for helper.WaitUtility$5@45155eb (tried for 30 second(s) with 500 milliseconds interval)
Build info: version: '3.141.59', revision: 'e82be7d358', time: '2018-11-14T08:17:03'
System info: host: 'DPLAP166', ip: '137.237.2.236', os.name: 'Windows 10', os.arch: 'amd64', os.version: '10.0', java.version: '19.0.1'
Driver info: org.openqa.selenium.support.events.EventFiringWebDriver
Capabilities {acceptInsecureCerts: true, browserName: chrome, browserVersion: 123.0.6312.123, chrome: {chromedriverVersion: 123.0.6312.122 (31f8248cdd9..., userDataDir: C:\Users\dP-PL\AppData\Loca...}, fedcm:accounts: true, goog:chromeOptions: {debuggerAddress: localhost:51256}, javascriptEnabled: true, networkConnectionEnabled: false, pageLoadStrategy: normal, platform: WINDOWS, platformName: WINDOWS, proxy: Proxy(), setWindowRect: true, strictFileInteractability: false, timeouts: {implicit: 0, pageLoad: 300000, script: 30000}, unhandledPromptBehavior: dismiss and notify, webauthn:extension:credBlob: true, webauthn:extension:largeBlob: true, webauthn:extension:minPinLength: true, webauthn:extension:prf: true, webauthn:virtualAuthenticators: true}
Session ID: a59c4df4811f82049fe754efe723d3c1
2024-04-17 19:27:39,760 [main] INFO  base.BaseClass - Trying to find Element By {by.toString()})
2024-04-17 19:27:39,779 [main] INFO  base.BaseClass - Found Element By {by.toString()}
2024-04-17 19:27:39,779 [main] INFO  base.BaseClass - Trying to click on: {element.toString()}
2024-04-17 19:27:39,899 [main] INFO  base.BaseClass - Clicked on: {element.toString()}
2024-04-17 19:27:39,899 [main] INFO  base.BaseClass - Trying to find Element By {by.toString()})
2024-04-17 19:27:40,744 [main] INFO  base.BaseClass - Found Element By {by.toString()}
2024-04-17 19:27:41,273 [main] INFO  base.BaseClass - Trying to find Element By {by.toString()})
2024-04-17 19:27:41,309 [main] INFO  base.BaseClass - Found Element By {by.toString()}
2024-04-17 19:27:41,851 [main] INFO  base.BaseClass - Trying to find Element By {by.toString()})
2024-04-17 19:27:41,884 [main] INFO  base.BaseClass - Found Element By {by.toString()}
2024-04-17 19:27:42,430 [main] INFO  base.BaseClass - Trying to find Element By {by.toString()})
2024-04-17 19:27:42,449 [main] INFO  base.BaseClass - Found Element By {by.toString()}
2024-04-17 19:27:42,991 [main] INFO  base.BaseClass - Trying to find Element By {by.toString()})
2024-04-17 19:27:43,023 [main] INFO  base.BaseClass - Found Element By {by.toString()}
2024-04-17 19:27:43,568 [main] INFO  base.BaseClass - Trying to find Element By {by.toString()})
2024-04-17 19:27:43,599 [main] INFO  base.BaseClass - Found Element By {by.toString()}
2024-04-17 19:27:44,132 [main] INFO  base.BaseClass - Trying to find Element By {by.toString()})
2024-04-17 19:27:44,164 [main] INFO  base.BaseClass - Found Element By {by.toString()}
2024-04-17 19:27:44,710 [main] INFO  base.BaseClass - Trying to find Element By {by.toString()})
2024-04-17 19:27:44,743 [main] INFO  base.BaseClass - Found Element By {by.toString()}
2024-04-17 19:27:45,288 [main] INFO  base.BaseClass - Trying to find Element By {by.toString()})
2024-04-17 19:27:45,316 [main] INFO  base.BaseClass - Found Element By {by.toString()}
2024-04-17 19:27:45,895 [main] INFO  base.BaseClass - Trying to find Element By {by.toString()})
2024-04-17 19:27:45,927 [main] INFO  base.BaseClass - Found Element By {by.toString()}
2024-04-17 19:27:46,474 [main] INFO  base.BaseClass - Trying to find Element By {by.toString()})
2024-04-17 19:27:46,504 [main] INFO  base.BaseClass - Found Element By {by.toString()}
2024-04-17 19:27:47,050 [main] INFO  base.BaseClass - Trying to find Element By {by.toString()})
2024-04-17 19:27:47,079 [main] INFO  base.BaseClass - Found Element By {by.toString()}
2024-04-17 19:27:47,630 [main] INFO  base.BaseClass - Trying to find Element By {by.toString()})
2024-04-17 19:27:47,662 [main] INFO  base.BaseClass - Found Element By {by.toString()}
2024-04-17 19:27:48,206 [main] INFO  base.BaseClass - Trying to find Element By {by.toString()})
2024-04-17 19:27:48,225 [main] INFO  base.BaseClass - Found Element By {by.toString()}
2024-04-17 19:27:48,757 [main] INFO  base.BaseClass - Trying to find Element By {by.toString()})
2024-04-17 19:27:48,785 [main] INFO  base.BaseClass - Found Element By {by.toString()}
2024-04-17 19:27:49,322 [main] INFO  base.BaseClass - Trying to find Element By {by.toString()})
2024-04-17 19:27:49,353 [main] INFO  base.BaseClass - Found Element By {by.toString()}
2024-04-17 19:27:49,899 [main] INFO  base.BaseClass - Trying to find Element By {by.toString()})
2024-04-17 19:27:49,930 [main] INFO  base.BaseClass - Found Element By {by.toString()}
2024-04-17 19:27:50,462 [main] INFO  base.BaseClass - Trying to find Element By {by.toString()})
2024-04-17 19:27:50,482 [main] INFO  base.BaseClass - Found Element By {by.toString()}
2024-04-17 19:27:51,011 [main] INFO  base.BaseClass - Trying to find Element By {by.toString()})
2024-04-17 19:27:51,044 [main] INFO  base.BaseClass - Found Element By {by.toString()}
2024-04-17 19:27:51,589 [main] INFO  base.BaseClass - Trying to find Element By {by.toString()})
2024-04-17 19:27:51,623 [main] INFO  base.BaseClass - Found Element By {by.toString()}
2024-04-17 19:27:52,172 [main] INFO  base.BaseClass - Trying to find Element By {by.toString()})
2024-04-17 19:27:52,186 [main] INFO  base.BaseClass - Found Element By {by.toString()}
2024-04-17 19:27:52,703 [main] INFO  base.BaseClass - Trying to find Element By {by.toString()})
2024-04-17 19:27:52,733 [main] INFO  base.BaseClass - Found Element By {by.toString()}
2024-04-17 19:27:53,264 [main] INFO  base.BaseClass - Trying to find Element By {by.toString()})
2024-04-17 19:27:53,296 [main] INFO  base.BaseClass - Found Element By {by.toString()}
2024-04-17 19:27:53,843 [main] INFO  base.BaseClass - Trying to find Element By {by.toString()})
2024-04-17 19:27:53,873 [main] INFO  base.BaseClass - Found Element By {by.toString()}
2024-04-17 19:27:54,404 [main] INFO  base.BaseClass - Trying to find Element By {by.toString()})
2024-04-17 19:27:54,435 [main] INFO  base.BaseClass - Found Element By {by.toString()}
2024-04-17 19:27:54,981 [main] INFO  base.BaseClass - Trying to find Element By {by.toString()})
2024-04-17 19:27:55,016 [main] INFO  base.BaseClass - Found Element By {by.toString()}
2024-04-17 19:27:55,559 [main] INFO  base.BaseClass - Trying to find Element By {by.toString()})
2024-04-17 19:27:55,590 [main] INFO  base.BaseClass - Found Element By {by.toString()}
2024-04-17 19:27:56,137 [main] INFO  base.BaseClass - Trying to find Element By {by.toString()})
2024-04-17 19:27:56,169 [main] INFO  base.BaseClass - Found Element By {by.toString()}
2024-04-17 19:27:56,711 [main] INFO  base.BaseClass - Trying to find Element By {by.toString()})
2024-04-17 19:27:56,743 [main] INFO  base.BaseClass - Found Element By {by.toString()}
2024-04-17 19:27:57,290 [main] INFO  base.BaseClass - Trying to find Element By {by.toString()})
2024-04-17 19:27:57,322 [main] INFO  base.BaseClass - Found Element By {by.toString()}
2024-04-17 19:27:57,869 [main] INFO  base.BaseClass - Trying to find Element By {by.toString()})
2024-04-17 19:27:57,900 [main] INFO  base.BaseClass - Found Element By {by.toString()}
2024-04-17 19:27:58,447 [main] INFO  base.BaseClass - Trying to find Element By {by.toString()})
2024-04-17 19:27:58,478 [main] INFO  base.BaseClass - Found Element By {by.toString()}
2024-04-17 19:27:59,010 [main] INFO  base.BaseClass - Trying to find Element By {by.toString()})
2024-04-17 19:27:59,042 [main] INFO  base.BaseClass - Found Element By {by.toString()}
2024-04-17 19:27:59,587 [main] INFO  base.BaseClass - Trying to find Element By {by.toString()})
2024-04-17 19:27:59,618 [main] INFO  base.BaseClass - Found Element By {by.toString()}
2024-04-17 19:28:00,148 [main] INFO  base.BaseClass - Trying to find Element By {by.toString()})
2024-04-17 19:28:00,422 [main] INFO  base.BaseClass - Found Element By {by.toString()}
2024-04-17 19:28:00,976 [main] INFO  base.BaseClass - Trying to find Element By {by.toString()})
2024-04-17 19:28:01,009 [main] INFO  base.BaseClass - Found Element By {by.toString()}
2024-04-17 19:28:01,538 [main] INFO  base.BaseClass - Trying to find Element By {by.toString()})
2024-04-17 19:28:01,561 [main] INFO  base.BaseClass - Found Element By {by.toString()}
2024-04-17 19:28:02,100 [main] INFO  base.BaseClass - Trying to find Element By {by.toString()})
2024-04-17 19:28:02,135 [main] INFO  base.BaseClass - Found Element By {by.toString()}
2024-04-17 19:28:02,680 [main] INFO  base.BaseClass - Trying to find Element By {by.toString()})
2024-04-17 19:28:02,712 [main] INFO  base.BaseClass - Found Element By {by.toString()}
2024-04-17 19:28:03,258 [main] INFO  base.BaseClass - Trying to find Element By {by.toString()})
2024-04-17 19:28:03,290 [main] INFO  base.BaseClass - Found Element By {by.toString()}
2024-04-17 19:28:03,837 [main] INFO  base.BaseClass - Trying to find Element By {by.toString()})
2024-04-17 19:28:03,866 [main] INFO  base.BaseClass - Found Element By {by.toString()}
2024-04-17 19:28:04,400 [main] INFO  base.BaseClass - Trying to find Element By {by.toString()})
2024-04-17 19:28:04,431 [main] INFO  base.BaseClass - Found Element By {by.toString()}
2024-04-17 19:28:04,977 [main] INFO  base.BaseClass - Trying to find Element By {by.toString()})
2024-04-17 19:28:05,009 [main] INFO  base.BaseClass - Found Element By {by.toString()}
2024-04-17 19:28:05,558 [main] INFO  base.BaseClass - Trying to find Element By {by.toString()})
2024-04-17 19:28:05,584 [main] INFO  base.BaseClass - Found Element By {by.toString()}
2024-04-17 19:28:06,123 [main] INFO  base.BaseClass - Trying to find Element By {by.toString()})
2024-04-17 19:28:06,155 [main] INFO  base.BaseClass - Found Element By {by.toString()}
2024-04-17 19:28:06,701 [main] INFO  base.BaseClass - Trying to find Element By {by.toString()})
2024-04-17 19:28:06,728 [main] INFO  base.BaseClass - Found Element By {by.toString()}
2024-04-17 19:28:07,250 [main] INFO  base.BaseClass - Trying to find Element By {by.toString()})
2024-04-17 19:28:07,282 [main] INFO  base.BaseClass - Found Element By {by.toString()}
2024-04-17 19:28:07,828 [main] INFO  base.BaseClass - Trying to find Element By {by.toString()})
2024-04-17 19:28:07,905 [main] INFO  base.BaseClass - Found Element By {by.toString()}
2024-04-17 19:28:08,453 [main] INFO  base.BaseClass - Trying to find Element By {by.toString()})
2024-04-17 19:28:08,485 [main] INFO  base.BaseClass - Found Element By {by.toString()}
2024-04-17 19:28:09,033 [main] INFO  base.BaseClass - Trying to find Element By {by.toString()})
2024-04-17 19:28:09,064 [main] INFO  base.BaseClass - Found Element By {by.toString()}
2024-04-17 19:28:09,615 [main] INFO  base.BaseClass - Trying to find Element By {by.toString()})
2024-04-17 19:28:09,645 [main] INFO  base.BaseClass - Found Element By {by.toString()}
2024-04-17 19:28:10,194 [main] INFO  base.BaseClass - Trying to find Element By {by.toString()})
2024-04-17 19:28:10,224 [main] INFO  base.BaseClass - Found Element By {by.toString()}
TimeoutException occurred: Expected condition failed: waiting for helper.WaitUtility$5@726ba0d4 (tried for 30 second(s) with 500 milliseconds interval)
Build info: version: '3.141.59', revision: 'e82be7d358', time: '2018-11-14T08:17:03'
System info: host: 'DPLAP166', ip: '137.237.2.236', os.name: 'Windows 10', os.arch: 'amd64', os.version: '10.0', java.version: '19.0.1'
Driver info: org.openqa.selenium.support.events.EventFiringWebDriver
Capabilities {acceptInsecureCerts: true, browserName: chrome, browserVersion: 123.0.6312.123, chrome: {chromedriverVersion: 123.0.6312.122 (31f8248cdd9..., userDataDir: C:\Users\dP-PL\AppData\Loca...}, fedcm:accounts: true, goog:chromeOptions: {debuggerAddress: localhost:51256}, javascriptEnabled: true, networkConnectionEnabled: false, pageLoadStrategy: normal, platform: WINDOWS, platformName: WINDOWS, proxy: Proxy(), setWindowRect: true, strictFileInteractability: false, timeouts: {implicit: 0, pageLoad: 300000, script: 30000}, unhandledPromptBehavior: dismiss and notify, webauthn:extension:credBlob: true, webauthn:extension:largeBlob: true, webauthn:extension:minPinLength: true, webauthn:extension:prf: true, webauthn:virtualAuthenticators: true}
Session ID: a59c4df4811f82049fe754efe723d3c1
2024-04-17 19:28:10,265 [main] ERROR RotationCopy_test - Element did not become visible within the specified time: Expected condition failed: waiting for helper.WaitUtility$5@726ba0d4 (tried for 30 second(s) with 500 milliseconds interval)
Build info: version: '3.141.59', revision: 'e82be7d358', time: '2018-11-14T08:17:03'
System info: host: 'DPLAP166', ip: '137.237.2.236', os.name: 'Windows 10', os.arch: 'amd64', os.version: '10.0', java.version: '19.0.1'
Driver info: org.openqa.selenium.support.events.EventFiringWebDriver
Capabilities {acceptInsecureCerts: true, browserName: chrome, browserVersion: 123.0.6312.123, chrome: {chromedriverVersion: 123.0.6312.122 (31f8248cdd9..., userDataDir: C:\Users\dP-PL\AppData\Loca...}, fedcm:accounts: true, goog:chromeOptions: {debuggerAddress: localhost:51256}, javascriptEnabled: true, networkConnectionEnabled: false, pageLoadStrategy: normal, platform: WINDOWS, platformName: WINDOWS, proxy: Proxy(), setWindowRect: true, strictFileInteractability: false, timeouts: {implicit: 0, pageLoad: 300000, script: 30000}, unhandledPromptBehavior: dismiss and notify, webauthn:extension:credBlob: true, webauthn:extension:largeBlob: true, webauthn:extension:minPinLength: true, webauthn:extension:prf: true, webauthn:virtualAuthenticators: true}
Session ID: a59c4df4811f82049fe754efe723d3c1
2024-04-17 19:28:10,265 [main] INFO  base.BaseClass - Trying to find Element By {by.toString()})
2024-04-17 19:28:10,278 [main] INFO  base.BaseClass - Found Element By {by.toString()}
2024-04-17 19:28:10,278 [main] INFO  base.BaseClass - Trying to click on: {element.toString()}
2024-04-17 19:28:10,350 [main] INFO  base.BaseClass - Clicked on: {element.toString()}
2024-04-17 19:28:10,350 [main] INFO  base.BaseClass - Trying to find Element By {by.toString()})
2024-04-17 19:28:10,360 [main] INFO  base.BaseClass - Found Element By {by.toString()}
2024-04-17 19:28:10,877 [main] INFO  base.BaseClass - Trying to find Element By {by.toString()})
2024-04-17 19:28:10,908 [main] INFO  base.BaseClass - Found Element By {by.toString()}
2024-04-17 19:28:11,438 [main] INFO  base.BaseClass - Trying to find Element By {by.toString()})
2024-04-17 19:28:11,468 [main] INFO  base.BaseClass - Found Element By {by.toString()}
2024-04-17 19:28:12,016 [main] INFO  base.BaseClass - Trying to find Element By {by.toString()})
2024-04-17 19:28:12,049 [main] INFO  base.BaseClass - Found Element By {by.toString()}
2024-04-17 19:28:12,609 [main] INFO  base.BaseClass - Trying to find Element By {by.toString()})
2024-04-17 19:28:12,630 [main] INFO  base.BaseClass - Found Element By {by.toString()}
2024-04-17 19:28:13,156 [main] INFO  base.BaseClass - Trying to find Element By {by.toString()})
2024-04-17 19:28:13,187 [main] INFO  base.BaseClass - Found Element By {by.toString()}
2024-04-17 19:28:13,734 [main] INFO  base.BaseClass - Trying to find Element By {by.toString()})
2024-04-17 19:28:13,764 [main] INFO  base.BaseClass - Found Element By {by.toString()}
2024-04-17 19:28:14,313 [main] INFO  base.BaseClass - Trying to find Element By {by.toString()})
2024-04-17 19:28:14,346 [main] INFO  base.BaseClass - Found Element By {by.toString()}
2024-04-17 19:28:14,876 [main] INFO  base.BaseClass - Trying to find Element By {by.toString()})
2024-04-17 19:28:14,906 [main] INFO  base.BaseClass - Found Element By {by.toString()}
2024-04-17 19:28:15,451 [main] INFO  base.BaseClass - Trying to find Element By {by.toString()})
2024-04-17 19:28:15,481 [main] INFO  base.BaseClass - Found Element By {by.toString()}
2024-04-17 19:28:16,031 [main] INFO  base.BaseClass - Trying to find Element By {by.toString()})
2024-04-17 19:28:16,061 [main] INFO  base.BaseClass - Found Element By {by.toString()}
2024-04-17 19:28:16,609 [main] INFO  base.BaseClass - Trying to find Element By {by.toString()})
2024-04-17 19:28:16,642 [main] INFO  base.BaseClass - Found Element By {by.toString()}
2024-04-17 19:28:17,172 [main] INFO  base.BaseClass - Trying to find Element By {by.toString()})
2024-04-17 19:28:17,203 [main] INFO  base.BaseClass - Found Element By {by.toString()}
2024-04-17 19:28:17,742 [main] INFO  base.BaseClass - Trying to find Element By {by.toString()})
2024-04-17 19:28:17,772 [main] INFO  base.BaseClass - Found Element By {by.toString()}
2024-04-17 19:28:18,323 [main] INFO  base.BaseClass - Trying to find Element By {by.toString()})
2024-04-17 19:28:18,354 [main] INFO  base.BaseClass - Found Element By {by.toString()}
2024-04-17 19:28:18,889 [main] INFO  base.BaseClass - Trying to find Element By {by.toString()})
2024-04-17 19:28:18,911 [main] INFO  base.BaseClass - Found Element By {by.toString()}
2024-04-17 19:28:19,431 [main] INFO  base.BaseClass - Trying to find Element By {by.toString()})
2024-04-17 19:28:19,458 [main] INFO  base.BaseClass - Found Element By {by.toString()}
2024-04-17 19:28:20,012 [main] INFO  base.BaseClass - Trying to find Element By {by.toString()})
2024-04-17 19:28:20,043 [main] INFO  base.BaseClass - Found Element By {by.toString()}
2024-04-17 19:28:20,604 [main] INFO  base.BaseClass - Trying to find Element By {by.toString()})
2024-04-17 19:28:20,636 [main] INFO  base.BaseClass - Found Element By {by.toString()}
2024-04-17 19:28:21,165 [main] INFO  base.BaseClass - Trying to find Element By {by.toString()})
2024-04-17 19:28:21,191 [main] INFO  base.BaseClass - Found Element By {by.toString()}
2024-04-17 19:28:21,724 [main] INFO  base.BaseClass - Trying to find Element By {by.toString()})
2024-04-17 19:28:21,756 [main] INFO  base.BaseClass - Found Element By {by.toString()}
2024-04-17 19:28:22,304 [main] INFO  base.BaseClass - Trying to find Element By {by.toString()})
2024-04-17 19:28:22,336 [main] INFO  base.BaseClass - Found Element By {by.toString()}
2024-04-17 19:28:22,869 [main] INFO  base.BaseClass - Trying to find Element By {by.toString()})
2024-04-17 19:28:22,900 [main] INFO  base.BaseClass - Found Element By {by.toString()}
2024-04-17 19:28:23,449 [main] INFO  base.BaseClass - Trying to find Element By {by.toString()})
2024-04-17 19:28:23,479 [main] INFO  base.BaseClass - Found Element By {by.toString()}
2024-04-17 19:28:24,027 [main] INFO  base.BaseClass - Trying to find Element By {by.toString()})
2024-04-17 19:28:24,041 [main] INFO  base.BaseClass - Found Element By {by.toString()}
2024-04-17 19:28:24,573 [main] INFO  base.BaseClass - Trying to find Element By {by.toString()})
2024-04-17 19:28:24,604 [main] INFO  base.BaseClass - Found Element By {by.toString()}
2024-04-17 19:28:25,148 [main] INFO  base.BaseClass - Trying to find Element By {by.toString()})
2024-04-17 19:28:25,180 [main] INFO  base.BaseClass - Found Element By {by.toString()}
2024-04-17 19:28:25,727 [main] INFO  base.BaseClass - Trying to find Element By {by.toString()})
2024-04-17 19:28:25,755 [main] INFO  base.BaseClass - Found Element By {by.toString()}
2024-04-17 19:28:26,291 [main] INFO  base.BaseClass - Trying to find Element By {by.toString()})
2024-04-17 19:28:26,323 [main] INFO  base.BaseClass - Found Element By {by.toString()}
2024-04-17 19:28:26,859 [main] INFO  base.BaseClass - Trying to find Element By {by.toString()})
2024-04-17 19:28:26,881 [main] INFO  base.BaseClass - Found Element By {by.toString()}
2024-04-17 19:28:27,407 [main] INFO  base.BaseClass - Trying to find Element By {by.toString()})
2024-04-17 19:28:27,468 [main] INFO  base.BaseClass - Found Element By {by.toString()}
2024-04-17 19:28:28,017 [main] INFO  base.BaseClass - Trying to find Element By {by.toString()})
2024-04-17 19:28:28,052 [main] INFO  base.BaseClass - Found Element By {by.toString()}
2024-04-17 19:28:28,580 [main] INFO  base.BaseClass - Trying to find Element By {by.toString()})
2024-04-17 19:28:28,612 [main] INFO  base.BaseClass - Found Element By {by.toString()}
2024-04-17 19:28:29,157 [main] INFO  base.BaseClass - Trying to find Element By {by.toString()})
2024-04-17 19:28:29,188 [main] INFO  base.BaseClass - Found Element By {by.toString()}
2024-04-17 19:28:29,738 [main] INFO  base.BaseClass - Trying to find Element By {by.toString()})
2024-04-17 19:28:29,757 [main] INFO  base.BaseClass - Found Element By {by.toString()}
2024-04-17 19:28:30,289 [main] INFO  base.BaseClass - Trying to find Element By {by.toString()})
2024-04-17 19:28:30,319 [main] INFO  base.BaseClass - Found Element By {by.toString()}
2024-04-17 19:28:30,866 [main] INFO  base.BaseClass - Trying to find Element By {by.toString()})
2024-04-17 19:28:30,898 [main] INFO  base.BaseClass - Found Element By {by.toString()}
2024-04-17 19:28:31,441 [main] INFO  base.BaseClass - Trying to find Element By {by.toString()})
2024-04-17 19:28:31,461 [main] INFO  base.BaseClass - Found Element By {by.toString()}
2024-04-17 19:28:32,002 [main] INFO  base.BaseClass - Trying to find Element By {by.toString()})
2024-04-17 19:28:32,034 [main] INFO  base.BaseClass - Found Element By {by.toString()}
2024-04-17 19:28:32,563 [main] INFO  base.BaseClass - Trying to find Element By {by.toString()})
2024-04-17 19:28:32,594 [main] INFO  base.BaseClass - Found Element By {by.toString()}
2024-04-17 19:28:33,129 [main] INFO  base.BaseClass - Trying to find Element By {by.toString()})
2024-04-17 19:28:33,161 [main] INFO  base.BaseClass - Found Element By {by.toString()}
2024-04-17 19:28:33,709 [main] INFO  base.BaseClass - Trying to find Element By {by.toString()})
2024-04-17 19:28:33,740 [main] INFO  base.BaseClass - Found Element By {by.toString()}
2024-04-17 19:28:34,271 [main] INFO  base.BaseClass - Trying to find Element By {by.toString()})
2024-04-17 19:28:34,319 [main] INFO  base.BaseClass - Found Element By {by.toString()}
2024-04-17 19:28:34,839 [main] INFO  base.BaseClass - Trying to find Element By {by.toString()})
2024-04-17 19:28:34,872 [main] INFO  base.BaseClass - Found Element By {by.toString()}
2024-04-17 19:28:35,416 [main] INFO  base.BaseClass - Trying to find Element By {by.toString()})
2024-04-17 19:28:35,447 [main] INFO  base.BaseClass - Found Element By {by.toString()}
2024-04-17 19:28:35,993 [main] INFO  base.BaseClass - Trying to find Element By {by.toString()})
2024-04-17 19:28:36,023 [main] INFO  base.BaseClass - Found Element By {by.toString()}
2024-04-17 19:28:36,559 [main] INFO  base.BaseClass - Trying to find Element By {by.toString()})
2024-04-17 19:28:36,598 [main] INFO  base.BaseClass - Found Element By {by.toString()}
2024-04-17 19:28:37,153 [main] INFO  base.BaseClass - Trying to find Element By {by.toString()})
2024-04-17 19:28:37,185 [main] INFO  base.BaseClass - Found Element By {by.toString()}
2024-04-17 19:28:37,730 [main] INFO  base.BaseClass - Trying to find Element By {by.toString()})
2024-04-17 19:28:37,753 [main] INFO  base.BaseClass - Found Element By {by.toString()}
2024-04-17 19:28:38,291 [main] INFO  base.BaseClass - Trying to find Element By {by.toString()})
2024-04-17 19:28:38,325 [main] INFO  base.BaseClass - Found Element By {by.toString()}
2024-04-17 19:28:38,871 [main] INFO  base.BaseClass - Trying to find Element By {by.toString()})
2024-04-17 19:28:38,902 [main] INFO  base.BaseClass - Found Element By {by.toString()}
2024-04-17 19:28:39,433 [main] INFO  base.BaseClass - Trying to find Element By {by.toString()})
2024-04-17 19:28:39,465 [main] INFO  base.BaseClass - Found Element By {by.toString()}
2024-04-17 19:28:40,023 [main] INFO  base.BaseClass - Trying to find Element By {by.toString()})
2024-04-17 19:28:40,043 [main] INFO  base.BaseClass - Found Element By {by.toString()}
2024-04-17 19:28:40,588 [main] INFO  base.BaseClass - Trying to find Element By {by.toString()})
2024-04-17 19:28:40,620 [main] INFO  base.BaseClass - Found Element By {by.toString()}
TimeoutException occurred: Expected condition failed: waiting for helper.WaitUtility$5@25768ba9 (tried for 30 second(s) with 500 milliseconds interval)
Build info: version: '3.141.59', revision: 'e82be7d358', time: '2018-11-14T08:17:03'
System info: host: 'DPLAP166', ip: '137.237.2.236', os.name: 'Windows 10', os.arch: 'amd64', os.version: '10.0', java.version: '19.0.1'
Driver info: org.openqa.selenium.support.events.EventFiringWebDriver
Capabilities {acceptInsecureCerts: true, browserName: chrome, browserVersion: 123.0.6312.123, chrome: {chromedriverVersion: 123.0.6312.122 (31f8248cdd9..., userDataDir: C:\Users\dP-PL\AppData\Loca...}, fedcm:accounts: true, goog:chromeOptions: {debuggerAddress: localhost:51256}, javascriptEnabled: true, networkConnectionEnabled: false, pageLoadStrategy: normal, platform: WINDOWS, platformName: WINDOWS, proxy: Proxy(), setWindowRect: true, strictFileInteractability: false, timeouts: {implicit: 0, pageLoad: 300000, script: 30000}, unhandledPromptBehavior: dismiss and notify, webauthn:extension:credBlob: true, webauthn:extension:largeBlob: true, webauthn:extension:minPinLength: true, webauthn:extension:prf: true, webauthn:virtualAuthenticators: true}
Session ID: a59c4df4811f82049fe754efe723d3c1
2024-04-17 19:28:40,661 [main] ERROR RotationCopy_test - Element did not become visible within the specified time: Expected condition failed: waiting for helper.WaitUtility$5@25768ba9 (tried for 30 second(s) with 500 milliseconds interval)
Build info: version: '3.141.59', revision: 'e82be7d358', time: '2018-11-14T08:17:03'
System info: host: 'DPLAP166', ip: '137.237.2.236', os.name: 'Windows 10', os.arch: 'amd64', os.version: '10.0', java.version: '19.0.1'
Driver info: org.openqa.selenium.support.events.EventFiringWebDriver
Capabilities {acceptInsecureCerts: true, browserName: chrome, browserVersion: 123.0.6312.123, chrome: {chromedriverVersion: 123.0.6312.122 (31f8248cdd9..., userDataDir: C:\Users\dP-PL\AppData\Loca...}, fedcm:accounts: true, goog:chromeOptions: {debuggerAddress: localhost:51256}, javascriptEnabled: true, networkConnectionEnabled: false, pageLoadStrategy: normal, platform: WINDOWS, platformName: WINDOWS, proxy: Proxy(), setWindowRect: true, strictFileInteractability: false, timeouts: {implicit: 0, pageLoad: 300000, script: 30000}, unhandledPromptBehavior: dismiss and notify, webauthn:extension:credBlob: true, webauthn:extension:largeBlob: true, webauthn:extension:minPinLength: true, webauthn:extension:prf: true, webauthn:virtualAuthenticators: true}
Session ID: a59c4df4811f82049fe754efe723d3c1
2024-04-17 19:28:40,661 [main] INFO  base.BaseClass - Trying to find Element By {by.toString()})
2024-04-17 19:28:40,679 [main] INFO  base.BaseClass - Found Element By {by.toString()}
2024-04-17 19:28:40,679 [main] INFO  base.BaseClass - Trying to click on: {element.toString()}
2024-04-17 19:28:40,783 [main] INFO  base.BaseClass - Clicked on: {element.toString()}
2024-04-17 19:28:40,789 [main] INFO  base.BaseClass - Trying to find Element By {by.toString()})
2024-04-17 19:28:40,799 [main] INFO  base.BaseClass - Found Element By {by.toString()}
2024-04-17 19:28:41,322 [main] INFO  base.BaseClass - Trying to find Element By {by.toString()})
2024-04-17 19:28:41,337 [main] INFO  base.BaseClass - Found Element By {by.toString()}
2024-04-17 19:28:41,854 [main] INFO  base.BaseClass - Trying to find Element By {by.toString()})
2024-04-17 19:28:41,872 [main] INFO  base.BaseClass - Found Element By {by.toString()}
2024-04-17 19:28:42,401 [main] INFO  base.BaseClass - Trying to find Element By {by.toString()})
2024-04-17 19:28:42,430 [main] INFO  base.BaseClass - Found Element By {by.toString()}
2024-04-17 19:28:42,977 [main] INFO  base.BaseClass - Trying to find Element By {by.toString()})
2024-04-17 19:28:43,008 [main] INFO  base.BaseClass - Found Element By {by.toString()}
2024-04-17 19:28:43,540 [main] INFO  base.BaseClass - Trying to find Element By {by.toString()})
2024-04-17 19:28:43,572 [main] INFO  base.BaseClass - Found Element By {by.toString()}
2024-04-17 19:28:44,117 [main] INFO  base.BaseClass - Trying to find Element By {by.toString()})
2024-04-17 19:28:44,128 [main] INFO  base.BaseClass - Found Element By {by.toString()}
2024-04-17 19:28:44,649 [main] INFO  base.BaseClass - Trying to find Element By {by.toString()})
2024-04-17 19:28:44,675 [main] INFO  base.BaseClass - Found Element By {by.toString()}
2024-04-17 19:28:45,209 [main] INFO  base.BaseClass - Trying to find Element By {by.toString()})
2024-04-17 19:28:45,239 [main] INFO  base.BaseClass - Found Element By {by.toString()}
2024-04-17 19:28:45,774 [main] INFO  base.BaseClass - Trying to find Element By {by.toString()})
2024-04-17 19:28:45,805 [main] INFO  base.BaseClass - Found Element By {by.toString()}
2024-04-17 19:28:46,383 [main] INFO  base.BaseClass - Trying to find Element By {by.toString()})
2024-04-17 19:28:46,403 [main] INFO  base.BaseClass - Found Element By {by.toString()}
2024-04-17 19:28:46,934 [main] INFO  base.BaseClass - Trying to find Element By {by.toString()})
2024-04-17 19:28:46,963 [main] INFO  base.BaseClass - Found Element By {by.toString()}
2024-04-17 19:28:47,500 [main] INFO  base.BaseClass - Trying to find Element By {by.toString()})
2024-04-17 19:28:47,528 [main] INFO  base.BaseClass - Found Element By {by.toString()}
2024-04-17 19:28:48,113 [main] INFO  base.BaseClass - Trying to find Element By {by.toString()})
2024-04-17 19:28:48,143 [main] INFO  base.BaseClass - Found Element By {by.toString()}
2024-04-17 19:28:48,695 [main] INFO  base.BaseClass - Trying to find Element By {by.toString()})
2024-04-17 19:28:48,726 [main] INFO  base.BaseClass - Found Element By {by.toString()}
2024-04-17 19:28:49,275 [main] INFO  base.BaseClass - Trying to find Element By {by.toString()})
2024-04-17 19:28:49,304 [main] INFO  base.BaseClass - Found Element By {by.toString()}
2024-04-17 19:28:49,856 [main] INFO  base.BaseClass - Trying to find Element By {by.toString()})
2024-04-17 19:28:49,885 [main] INFO  base.BaseClass - Found Element By {by.toString()}
2024-04-17 19:28:50,419 [main] INFO  base.BaseClass - Trying to find Element By {by.toString()})
2024-04-17 19:28:50,441 [main] INFO  base.BaseClass - Found Element By {by.toString()}
2024-04-17 19:28:50,980 [main] INFO  base.BaseClass - Trying to find Element By {by.toString()})
2024-04-17 19:28:51,006 [main] INFO  base.BaseClass - Found Element By {by.toString()}
2024-04-17 19:28:51,542 [main] INFO  base.BaseClass - Trying to find Element By {by.toString()})
2024-04-17 19:28:51,570 [main] INFO  base.BaseClass - Found Element By {by.toString()}
2024-04-17 19:28:52,126 [main] INFO  base.BaseClass - Trying to find Element By {by.toString()})
2024-04-17 19:28:52,156 [main] INFO  base.BaseClass - Found Element By {by.toString()}
2024-04-17 19:28:52,691 [main] INFO  base.BaseClass - Trying to find Element By {by.toString()})
2024-04-17 19:28:52,719 [main] INFO  base.BaseClass - Found Element By {by.toString()}
2024-04-17 19:28:53,257 [main] INFO  base.BaseClass - Trying to find Element By {by.toString()})
2024-04-17 19:28:53,287 [main] INFO  base.BaseClass - Found Element By {by.toString()}
2024-04-17 19:28:53,835 [main] INFO  base.BaseClass - Trying to find Element By {by.toString()})
2024-04-17 19:28:53,862 [main] INFO  base.BaseClass - Found Element By {by.toString()}
2024-04-17 19:28:54,396 [main] INFO  base.BaseClass - Trying to find Element By {by.toString()})
2024-04-17 19:28:54,426 [main] INFO  base.BaseClass - Found Element By {by.toString()}
2024-04-17 19:28:54,977 [main] INFO  base.BaseClass - Trying to find Element By {by.toString()})
2024-04-17 19:28:55,006 [main] INFO  base.BaseClass - Found Element By {by.toString()}
2024-04-17 19:28:55,546 [main] INFO  base.BaseClass - Trying to find Element By {by.toString()})
2024-04-17 19:28:55,575 [main] INFO  base.BaseClass - Found Element By {by.toString()}
2024-04-17 19:28:56,124 [main] INFO  base.BaseClass - Trying to find Element By {by.toString()})
2024-04-17 19:28:56,153 [main] INFO  base.BaseClass - Found Element By {by.toString()}
2024-04-17 19:28:56,703 [main] INFO  base.BaseClass - Trying to find Element By {by.toString()})
2024-04-17 19:28:56,731 [main] INFO  base.BaseClass - Found Element By {by.toString()}
2024-04-17 19:28:57,281 [main] INFO  base.BaseClass - Trying to find Element By {by.toString()})
2024-04-17 19:28:57,310 [main] INFO  base.BaseClass - Found Element By {by.toString()}
2024-04-17 19:28:57,861 [main] INFO  base.BaseClass - Trying to find Element By {by.toString()})
2024-04-17 19:28:57,890 [main] INFO  base.BaseClass - Found Element By {by.toString()}
2024-04-17 19:28:58,429 [main] INFO  base.BaseClass - Trying to find Element By {by.toString()})
2024-04-17 19:28:58,457 [main] INFO  base.BaseClass - Found Element By {by.toString()}
2024-04-17 19:28:58,995 [main] INFO  base.BaseClass - Trying to find Element By {by.toString()})
2024-04-17 19:28:59,023 [main] INFO  base.BaseClass - Found Element By {by.toString()}
2024-04-17 19:28:59,572 [main] INFO  base.BaseClass - Trying to find Element By {by.toString()})
2024-04-17 19:28:59,591 [main] INFO  base.BaseClass - Found Element By {by.toString()}
2024-04-17 19:29:00,116 [main] INFO  base.BaseClass - Trying to find Element By {by.toString()})
2024-04-17 19:29:00,129 [main] INFO  base.BaseClass - Found Element By {by.toString()}
2024-04-17 19:29:00,649 [main] INFO  base.BaseClass - Trying to find Element By {by.toString()})
2024-04-17 19:29:00,678 [main] INFO  base.BaseClass - Found Element By {by.toString()}
2024-04-17 19:29:01,230 [main] INFO  base.BaseClass - Trying to find Element By {by.toString()})
2024-04-17 19:29:01,262 [main] INFO  base.BaseClass - Found Element By {by.toString()}
2024-04-17 19:29:01,813 [main] INFO  base.BaseClass - Trying to find Element By {by.toString()})
2024-04-17 19:29:01,843 [main] INFO  base.BaseClass - Found Element By {by.toString()}
2024-04-17 19:29:02,392 [main] INFO  base.BaseClass - Trying to find Element By {by.toString()})
2024-04-17 19:29:02,421 [main] INFO  base.BaseClass - Found Element By {by.toString()}
2024-04-17 19:29:02,968 [main] INFO  base.BaseClass - Trying to find Element By {by.toString()})
2024-04-17 19:29:02,986 [main] INFO  base.BaseClass - Found Element By {by.toString()}
2024-04-17 19:29:03,516 [main] INFO  base.BaseClass - Trying to find Element By {by.toString()})
2024-04-17 19:29:03,544 [main] INFO  base.BaseClass - Found Element By {by.toString()}
2024-04-17 19:29:04,097 [main] INFO  base.BaseClass - Trying to find Element By {by.toString()})
2024-04-17 19:29:04,113 [main] INFO  base.BaseClass - Found Element By {by.toString()}
2024-04-17 19:29:04,660 [main] INFO  base.BaseClass - Trying to find Element By {by.toString()})
2024-04-17 19:29:04,688 [main] INFO  base.BaseClass - Found Element By {by.toString()}
2024-04-17 19:29:05,223 [main] INFO  base.BaseClass - Trying to find Element By {by.toString()})
2024-04-17 19:29:05,252 [main] INFO  base.BaseClass - Found Element By {by.toString()}
2024-04-17 19:29:05,803 [main] INFO  base.BaseClass - Trying to find Element By {by.toString()})
2024-04-17 19:29:05,832 [main] INFO  base.BaseClass - Found Element By {by.toString()}
2024-04-17 19:29:06,380 [main] INFO  base.BaseClass - Trying to find Element By {by.toString()})
2024-04-17 19:29:06,409 [main] INFO  base.BaseClass - Found Element By {by.toString()}
2024-04-17 19:29:06,961 [main] INFO  base.BaseClass - Trying to find Element By {by.toString()})
2024-04-17 19:29:06,989 [main] INFO  base.BaseClass - Found Element By {by.toString()}
2024-04-17 19:29:07,523 [main] INFO  base.BaseClass - Trying to find Element By {by.toString()})
2024-04-17 19:29:07,553 [main] INFO  base.BaseClass - Found Element By {by.toString()}
2024-04-17 19:29:08,085 [main] INFO  base.BaseClass - Trying to find Element By {by.toString()})
2024-04-17 19:29:08,114 [main] INFO  base.BaseClass - Found Element By {by.toString()}
2024-04-17 19:29:08,662 [main] INFO  base.BaseClass - Trying to find Element By {by.toString()})
2024-04-17 19:29:08,691 [main] INFO  base.BaseClass - Found Element By {by.toString()}
2024-04-17 19:29:09,241 [main] INFO  base.BaseClass - Trying to find Element By {by.toString()})
2024-04-17 19:29:09,272 [main] INFO  base.BaseClass - Found Element By {by.toString()}
2024-04-17 19:29:09,803 [main] INFO  base.BaseClass - Trying to find Element By {by.toString()})
2024-04-17 19:29:09,831 [main] INFO  base.BaseClass - Found Element By {by.toString()}
2024-04-17 19:29:10,378 [main] INFO  base.BaseClass - Trying to find Element By {by.toString()})
2024-04-17 19:29:10,406 [main] INFO  base.BaseClass - Found Element By {by.toString()}
2024-04-17 19:29:10,959 [main] INFO  base.BaseClass - Trying to find Element By {by.toString()})
2024-04-17 19:29:10,988 [main] INFO  base.BaseClass - Found Element By {by.toString()}
TimeoutException occurred: Expected condition failed: waiting for helper.WaitUtility$5@34632dc7 (tried for 30 second(s) with 500 milliseconds interval)
Build info: version: '3.141.59', revision: 'e82be7d358', time: '2018-11-14T08:17:03'
System info: host: 'DPLAP166', ip: '137.237.2.236', os.name: 'Windows 10', os.arch: 'amd64', os.version: '10.0', java.version: '19.0.1'
Driver info: org.openqa.selenium.support.events.EventFiringWebDriver
Capabilities {acceptInsecureCerts: true, browserName: chrome, browserVersion: 123.0.6312.123, chrome: {chromedriverVersion: 123.0.6312.122 (31f8248cdd9..., userDataDir: C:\Users\dP-PL\AppData\Loca...}, fedcm:accounts: true, goog:chromeOptions: {debuggerAddress: localhost:51256}, javascriptEnabled: true, networkConnectionEnabled: false, pageLoadStrategy: normal, platform: WINDOWS, platformName: WINDOWS, proxy: Proxy(), setWindowRect: true, strictFileInteractability: false, timeouts: {implicit: 0, pageLoad: 300000, script: 30000}, unhandledPromptBehavior: dismiss and notify, webauthn:extension:credBlob: true, webauthn:extension:largeBlob: true, webauthn:extension:minPinLength: true, webauthn:extension:prf: true, webauthn:virtualAuthenticators: true}
Session ID: a59c4df4811f82049fe754efe723d3c1
2024-04-17 19:29:11,024 [main] ERROR RotationCopy_test - Element did not become visible within the specified time: Expected condition failed: waiting for helper.WaitUtility$5@34632dc7 (tried for 30 second(s) with 500 milliseconds interval)
Build info: version: '3.141.59', revision: 'e82be7d358', time: '2018-11-14T08:17:03'
System info: host: 'DPLAP166', ip: '137.237.2.236', os.name: 'Windows 10', os.arch: 'amd64', os.version: '10.0', java.version: '19.0.1'
Driver info: org.openqa.selenium.support.events.EventFiringWebDriver
Capabilities {acceptInsecureCerts: true, browserName: chrome, browserVersion: 123.0.6312.123, chrome: {chromedriverVersion: 123.0.6312.122 (31f8248cdd9..., userDataDir: C:\Users\dP-PL\AppData\Loca...}, fedcm:accounts: true, goog:chromeOptions: {debuggerAddress: localhost:51256}, javascriptEnabled: true, networkConnectionEnabled: false, pageLoadStrategy: normal, platform: WINDOWS, platformName: WINDOWS, proxy: Proxy(), setWindowRect: true, strictFileInteractability: false, timeouts: {implicit: 0, pageLoad: 300000, script: 30000}, unhandledPromptBehavior: dismiss and notify, webauthn:extension:credBlob: true, webauthn:extension:largeBlob: true, webauthn:extension:minPinLength: true, webauthn:extension:prf: true, webauthn:virtualAuthenticators: true}
Session ID: a59c4df4811f82049fe754efe723d3c1
2024-04-17 19:29:11,024 [main] INFO  base.BaseClass - Trying to find Element By {by.toString()})
2024-04-17 19:29:11,037 [main] INFO  base.BaseClass - Found Element By {by.toString()}
2024-04-17 19:29:11,037 [main] INFO  base.BaseClass - Trying to click on: {element.toString()}
2024-04-17 19:29:11,102 [main] INFO  base.BaseClass - Clicked on: {element.toString()}
2024-04-17 19:29:11,108 [main] INFO  base.BaseClass - Trying to find Element By {by.toString()})
2024-04-17 19:29:11,118 [main] INFO  base.BaseClass - Found Element By {by.toString()}
2024-04-17 19:29:11,646 [main] INFO  base.BaseClass - Trying to find Element By {by.toString()})
2024-04-17 19:29:11,975 [main] INFO  base.BaseClass - Found Element By {by.toString()}
2024-04-17 19:29:12,504 [main] INFO  base.BaseClass - Trying to find Element By {by.toString()})
2024-04-17 19:29:12,537 [main] INFO  base.BaseClass - Found Element By {by.toString()}
2024-04-17 19:29:13,080 [main] INFO  base.BaseClass - Trying to find Element By {by.toString()})
2024-04-17 19:29:13,107 [main] INFO  base.BaseClass - Found Element By {by.toString()}
2024-04-17 19:29:13,643 [main] INFO  base.BaseClass - Trying to find Element By {by.toString()})
2024-04-17 19:29:13,673 [main] INFO  base.BaseClass - Found Element By {by.toString()}
2024-04-17 19:29:14,224 [main] INFO  base.BaseClass - Trying to find Element By {by.toString()})
2024-04-17 19:29:14,253 [main] INFO  base.BaseClass - Found Element By {by.toString()}
2024-04-17 19:29:14,801 [main] INFO  base.BaseClass - Trying to find Element By {by.toString()})
2024-04-17 19:29:14,830 [main] INFO  base.BaseClass - Found Element By {by.toString()}
2024-04-17 19:29:15,382 [main] INFO  base.BaseClass - Trying to find Element By {by.toString()})
2024-04-17 19:29:15,410 [main] INFO  base.BaseClass - Found Element By {by.toString()}
2024-04-17 19:29:15,931 [main] INFO  base.BaseClass - Trying to find Element By {by.toString()})
2024-04-17 19:29:15,961 [main] INFO  base.BaseClass - Found Element By {by.toString()}
2024-04-17 19:29:16,511 [main] INFO  base.BaseClass - Trying to find Element By {by.toString()})
2024-04-17 19:29:16,540 [main] INFO  base.BaseClass - Found Element By {by.toString()}
2024-04-17 19:29:17,090 [main] INFO  base.BaseClass - Trying to find Element By {by.toString()})
2024-04-17 19:29:17,110 [main] INFO  base.BaseClass - Found Element By {by.toString()}
2024-04-17 19:29:17,639 [main] INFO  base.BaseClass - Trying to find Element By {by.toString()})
2024-04-17 19:29:17,669 [main] INFO  base.BaseClass - Found Element By {by.toString()}
2024-04-17 19:29:18,216 [main] INFO  base.BaseClass - Trying to find Element By {by.toString()})
2024-04-17 19:29:18,244 [main] INFO  base.BaseClass - Found Element By {by.toString()}
2024-04-17 19:29:18,795 [main] INFO  base.BaseClass - Trying to find Element By {by.toString()})
2024-04-17 19:29:18,826 [main] INFO  base.BaseClass - Found Element By {by.toString()}
2024-04-17 19:29:19,372 [main] INFO  base.BaseClass - Trying to find Element By {by.toString()})
2024-04-17 19:29:19,402 [main] INFO  base.BaseClass - Found Element By {by.toString()}
2024-04-17 19:29:19,950 [main] INFO  base.BaseClass - Trying to find Element By {by.toString()})
2024-04-17 19:29:19,979 [main] INFO  base.BaseClass - Found Element By {by.toString()}
2024-04-17 19:29:20,527 [main] INFO  base.BaseClass - Trying to find Element By {by.toString()})
2024-04-17 19:29:20,556 [main] INFO  base.BaseClass - Found Element By {by.toString()}
2024-04-17 19:29:21,105 [main] INFO  base.BaseClass - Trying to find Element By {by.toString()})
2024-04-17 19:29:21,122 [main] INFO  base.BaseClass - Found Element By {by.toString()}
2024-04-17 19:29:21,650 [main] INFO  base.BaseClass - Trying to find Element By {by.toString()})
2024-04-17 19:29:21,679 [main] INFO  base.BaseClass - Found Element By {by.toString()}
2024-04-17 19:29:22,211 [main] INFO  base.BaseClass - Trying to find Element By {by.toString()})
2024-04-17 19:29:22,223 [main] INFO  base.BaseClass - Found Element By {by.toString()}
2024-04-17 19:29:22,744 [main] INFO  base.BaseClass - Trying to find Element By {by.toString()})
2024-04-17 19:29:22,773 [main] INFO  base.BaseClass - Found Element By {by.toString()}
2024-04-17 19:29:23,309 [main] INFO  base.BaseClass - Trying to find Element By {by.toString()})
2024-04-17 19:29:23,339 [main] INFO  base.BaseClass - Found Element By {by.toString()}
2024-04-17 19:29:23,886 [main] INFO  base.BaseClass - Trying to find Element By {by.toString()})
2024-04-17 19:29:23,916 [main] INFO  base.BaseClass - Found Element By {by.toString()}
2024-04-17 19:29:24,463 [main] INFO  base.BaseClass - Trying to find Element By {by.toString()})
2024-04-17 19:29:24,492 [main] INFO  base.BaseClass - Found Element By {by.toString()}
2024-04-17 19:29:25,040 [main] INFO  base.BaseClass - Trying to find Element By {by.toString()})
2024-04-17 19:29:25,070 [main] INFO  base.BaseClass - Found Element By {by.toString()}
2024-04-17 19:29:25,619 [main] INFO  base.BaseClass - Trying to find Element By {by.toString()})
2024-04-17 19:29:25,702 [main] INFO  base.BaseClass - Found Element By {by.toString()}
2024-04-17 19:29:26,244 [main] INFO  base.BaseClass - Trying to find Element By {by.toString()})
2024-04-17 19:29:26,271 [main] INFO  base.BaseClass - Found Element By {by.toString()}
2024-04-17 19:29:26,822 [main] INFO  base.BaseClass - Trying to find Element By {by.toString()})
2024-04-17 19:29:26,851 [main] INFO  base.BaseClass - Found Element By {by.toString()}
2024-04-17 19:29:27,402 [main] INFO  base.BaseClass - Trying to find Element By {by.toString()})
2024-04-17 19:29:27,430 [main] INFO  base.BaseClass - Found Element By {by.toString()}
2024-04-17 19:29:27,979 [main] INFO  base.BaseClass - Trying to find Element By {by.toString()})
2024-04-17 19:29:28,009 [main] INFO  base.BaseClass - Found Element By {by.toString()}
2024-04-17 19:29:28,558 [main] INFO  base.BaseClass - Trying to find Element By {by.toString()})
2024-04-17 19:29:28,587 [main] INFO  base.BaseClass - Found Element By {by.toString()}
2024-04-17 19:29:29,134 [main] INFO  base.BaseClass - Trying to find Element By {by.toString()})
2024-04-17 19:29:29,152 [main] INFO  base.BaseClass - Found Element By {by.toString()}
2024-04-17 19:29:29,684 [main] INFO  base.BaseClass - Trying to find Element By {by.toString()})
2024-04-17 19:29:29,697 [main] INFO  base.BaseClass - Found Element By {by.toString()}
2024-04-17 19:29:30,221 [main] INFO  base.BaseClass - Trying to find Element By {by.toString()})
2024-04-17 19:29:30,233 [main] INFO  base.BaseClass - Found Element By {by.toString()}
2024-04-17 19:29:30,761 [main] INFO  base.BaseClass - Trying to find Element By {by.toString()})
2024-04-17 19:29:30,779 [main] INFO  base.BaseClass - Found Element By {by.toString()}
2024-04-17 19:29:31,310 [main] INFO  base.BaseClass - Trying to find Element By {by.toString()})
2024-04-17 19:29:31,339 [main] INFO  base.BaseClass - Found Element By {by.toString()}
2024-04-17 19:29:31,875 [main] INFO  base.BaseClass - Trying to find Element By {by.toString()})
2024-04-17 19:29:31,904 [main] INFO  base.BaseClass - Found Element By {by.toString()}
2024-04-17 19:29:32,451 [main] INFO  base.BaseClass - Trying to find Element By {by.toString()})
2024-04-17 19:29:32,480 [main] INFO  base.BaseClass - Found Element By {by.toString()}
2024-04-17 19:29:33,031 [main] INFO  base.BaseClass - Trying to find Element By {by.toString()})
2024-04-17 19:29:33,060 [main] INFO  base.BaseClass - Found Element By {by.toString()}
2024-04-17 19:29:33,611 [main] INFO  base.BaseClass - Trying to find Element By {by.toString()})
2024-04-17 19:29:33,641 [main] INFO  base.BaseClass - Found Element By {by.toString()}
2024-04-17 19:29:34,190 [main] INFO  base.BaseClass - Trying to find Element By {by.toString()})
2024-04-17 19:29:34,212 [main] INFO  base.BaseClass - Found Element By {by.toString()}
2024-04-17 19:29:34,737 [main] INFO  base.BaseClass - Trying to find Element By {by.toString()})
2024-04-17 19:29:34,766 [main] INFO  base.BaseClass - Found Element By {by.toString()}
2024-04-17 19:29:35,311 [main] INFO  base.BaseClass - Trying to find Element By {by.toString()})
2024-04-17 19:29:35,341 [main] INFO  base.BaseClass - Found Element By {by.toString()}
2024-04-17 19:29:35,888 [main] INFO  base.BaseClass - Trying to find Element By {by.toString()})
2024-04-17 19:29:35,915 [main] INFO  base.BaseClass - Found Element By {by.toString()}
2024-04-17 19:29:36,452 [main] INFO  base.BaseClass - Trying to find Element By {by.toString()})
2024-04-17 19:29:36,482 [main] INFO  base.BaseClass - Found Element By {by.toString()}
2024-04-17 19:29:37,030 [main] INFO  base.BaseClass - Trying to find Element By {by.toString()})
2024-04-17 19:29:37,060 [main] INFO  base.BaseClass - Found Element By {by.toString()}
2024-04-17 19:29:37,607 [main] INFO  base.BaseClass - Trying to find Element By {by.toString()})
2024-04-17 19:29:37,636 [main] INFO  base.BaseClass - Found Element By {by.toString()}
2024-04-17 19:29:38,185 [main] INFO  base.BaseClass - Trying to find Element By {by.toString()})
2024-04-17 19:29:38,215 [main] INFO  base.BaseClass - Found Element By {by.toString()}
2024-04-17 19:29:38,752 [main] INFO  base.BaseClass - Trying to find Element By {by.toString()})
2024-04-17 19:29:38,782 [main] INFO  base.BaseClass - Found Element By {by.toString()}
2024-04-17 19:29:39,309 [main] INFO  base.BaseClass - Trying to find Element By {by.toString()})
2024-04-17 19:29:39,340 [main] INFO  base.BaseClass - Found Element By {by.toString()}
2024-04-17 19:29:39,892 [main] INFO  base.BaseClass - Trying to find Element By {by.toString()})
2024-04-17 19:29:39,922 [main] INFO  base.BaseClass - Found Element By {by.toString()}
2024-04-17 19:29:40,454 [main] INFO  base.BaseClass - Trying to find Element By {by.toString()})
2024-04-17 19:29:40,469 [main] INFO  base.BaseClass - Found Element By {by.toString()}
2024-04-17 19:29:41,003 [main] INFO  base.BaseClass - Trying to find Element By {by.toString()})
2024-04-17 19:29:41,033 [main] INFO  base.BaseClass - Found Element By {by.toString()}
2024-04-17 19:29:41,581 [main] INFO  base.BaseClass - Trying to find Element By {by.toString()})
2024-04-17 19:29:41,610 [main] INFO  base.BaseClass - Found Element By {by.toString()}
TimeoutException occurred: Expected condition failed: waiting for helper.WaitUtility$5@5cf6c9e2 (tried for 30 second(s) with 500 milliseconds interval)
Build info: version: '3.141.59', revision: 'e82be7d358', time: '2018-11-14T08:17:03'
System info: host: 'DPLAP166', ip: '137.237.2.236', os.name: 'Windows 10', os.arch: 'amd64', os.version: '10.0', java.version: '19.0.1'
Driver info: org.openqa.selenium.support.events.EventFiringWebDriver
Capabilities {acceptInsecureCerts: true, browserName: chrome, browserVersion: 123.0.6312.123, chrome: {chromedriverVersion: 123.0.6312.122 (31f8248cdd9..., userDataDir: C:\Users\dP-PL\AppData\Loca...}, fedcm:accounts: true, goog:chromeOptions: {debuggerAddress: localhost:51256}, javascriptEnabled: true, networkConnectionEnabled: false, pageLoadStrategy: normal, platform: WINDOWS, platformName: WINDOWS, proxy: Proxy(), setWindowRect: true, strictFileInteractability: false, timeouts: {implicit: 0, pageLoad: 300000, script: 30000}, unhandledPromptBehavior: dismiss and notify, webauthn:extension:credBlob: true, webauthn:extension:largeBlob: true, webauthn:extension:minPinLength: true, webauthn:extension:prf: true, webauthn:virtualAuthenticators: true}
Session ID: a59c4df4811f82049fe754efe723d3c1
2024-04-17 19:29:41,647 [main] ERROR RotationCopy_test - Element did not become visible within the specified time: Expected condition failed: waiting for helper.WaitUtility$5@5cf6c9e2 (tried for 30 second(s) with 500 milliseconds interval)
Build info: version: '3.141.59', revision: 'e82be7d358', time: '2018-11-14T08:17:03'
System info: host: 'DPLAP166', ip: '137.237.2.236', os.name: 'Windows 10', os.arch: 'amd64', os.version: '10.0', java.version: '19.0.1'
Driver info: org.openqa.selenium.support.events.EventFiringWebDriver
Capabilities {acceptInsecureCerts: true, browserName: chrome, browserVersion: 123.0.6312.123, chrome: {chromedriverVersion: 123.0.6312.122 (31f8248cdd9..., userDataDir: C:\Users\dP-PL\AppData\Loca...}, fedcm:accounts: true, goog:chromeOptions: {debuggerAddress: localhost:51256}, javascriptEnabled: true, networkConnectionEnabled: false, pageLoadStrategy: normal, platform: WINDOWS, platformName: WINDOWS, proxy: Proxy(), setWindowRect: true, strictFileInteractability: false, timeouts: {implicit: 0, pageLoad: 300000, script: 30000}, unhandledPromptBehavior: dismiss and notify, webauthn:extension:credBlob: true, webauthn:extension:largeBlob: true, webauthn:extension:minPinLength: true, webauthn:extension:prf: true, webauthn:virtualAuthenticators: true}
Session ID: a59c4df4811f82049fe754efe723d3c1
2024-04-17 19:29:41,647 [main] INFO  base.BaseClass - Trying to find Element By {by.toString()})
2024-04-17 19:29:41,668 [main] INFO  base.BaseClass - Found Element By {by.toString()}
2024-04-17 19:29:41,668 [main] INFO  base.BaseClass - Trying to click on: {element.toString()}
2024-04-17 19:29:41,866 [main] INFO  base.BaseClass - Clicked on: {element.toString()}
2024-04-17 19:29:41,866 [main] INFO  base.BaseClass - Trying to find Element By {by.toString()})
2024-04-17 19:29:42,707 [main] INFO  base.BaseClass - Found Element By {by.toString()}
2024-04-17 19:29:43,234 [main] INFO  base.BaseClass - Trying to find Element By {by.toString()})
2024-04-17 19:29:43,268 [main] INFO  base.BaseClass - Found Element By {by.toString()}
2024-04-17 19:29:43,811 [main] INFO  base.BaseClass - Trying to find Element By {by.toString()})
2024-04-17 19:29:43,846 [main] INFO  base.BaseClass - Found Element By {by.toString()}
2024-04-17 19:29:44,391 [main] INFO  base.BaseClass - Trying to find Element By {by.toString()})
2024-04-17 19:29:44,414 [main] INFO  base.BaseClass - Found Element By {by.toString()}
2024-04-17 19:29:44,953 [main] INFO  base.BaseClass - Trying to find Element By {by.toString()})
2024-04-17 19:29:44,984 [main] INFO  base.BaseClass - Found Element By {by.toString()}
2024-04-17 19:29:45,528 [main] INFO  base.BaseClass - Trying to find Element By {by.toString()})
2024-04-17 19:29:45,559 [main] INFO  base.BaseClass - Found Element By {by.toString()}
2024-04-17 19:29:46,107 [main] INFO  base.BaseClass - Trying to find Element By {by.toString()})
2024-04-17 19:29:46,138 [main] INFO  base.BaseClass - Found Element By {by.toString()}
2024-04-17 19:29:46,683 [main] INFO  base.BaseClass - Trying to find Element By {by.toString()})
2024-04-17 19:29:46,713 [main] INFO  base.BaseClass - Found Element By {by.toString()}
2024-04-17 19:29:47,265 [main] INFO  base.BaseClass - Trying to find Element By {by.toString()})
2024-04-17 19:29:47,296 [main] INFO  base.BaseClass - Found Element By {by.toString()}
2024-04-17 19:29:47,830 [main] INFO  base.BaseClass - Trying to find Element By {by.toString()})
2024-04-17 19:29:47,861 [main] INFO  base.BaseClass - Found Element By {by.toString()}
2024-04-17 19:29:48,407 [main] INFO  base.BaseClass - Trying to find Element By {by.toString()})
2024-04-17 19:29:48,438 [main] INFO  base.BaseClass - Found Element By {by.toString()}
2024-04-17 19:29:48,984 [main] INFO  base.BaseClass - Trying to find Element By {by.toString()})
2024-04-17 19:29:49,016 [main] INFO  base.BaseClass - Found Element By {by.toString()}
2024-04-17 19:29:49,564 [main] INFO  base.BaseClass - Trying to find Element By {by.toString()})
2024-04-17 19:29:49,596 [main] INFO  base.BaseClass - Found Element By {by.toString()}
2024-04-17 19:29:50,144 [main] INFO  base.BaseClass - Trying to find Element By {by.toString()})
2024-04-17 19:29:50,233 [main] INFO  base.BaseClass - Found Element By {by.toString()}
2024-04-17 19:29:50,757 [main] INFO  base.BaseClass - Trying to find Element By {by.toString()})
2024-04-17 19:29:50,788 [main] INFO  base.BaseClass - Found Element By {by.toString()}
2024-04-17 19:29:51,366 [main] INFO  base.BaseClass - Trying to find Element By {by.toString()})
2024-04-17 19:29:51,395 [main] INFO  base.BaseClass - Found Element By {by.toString()}
2024-04-17 19:29:51,929 [main] INFO  base.BaseClass - Trying to find Element By {by.toString()})
2024-04-17 19:29:51,961 [main] INFO  base.BaseClass - Found Element By {by.toString()}
2024-04-17 19:29:52,490 [main] INFO  base.BaseClass - Trying to find Element By {by.toString()})
2024-04-17 19:29:52,520 [main] INFO  base.BaseClass - Found Element By {by.toString()}
2024-04-17 19:29:53,068 [main] INFO  base.BaseClass - Trying to find Element By {by.toString()})
2024-04-17 19:29:53,100 [main] INFO  base.BaseClass - Found Element By {by.toString()}
2024-04-17 19:29:53,634 [main] INFO  base.BaseClass - Trying to find Element By {by.toString()})
2024-04-17 19:29:53,666 [main] INFO  base.BaseClass - Found Element By {by.toString()}
2024-04-17 19:29:54,213 [main] INFO  base.BaseClass - Trying to find Element By {by.toString()})
2024-04-17 19:29:54,242 [main] INFO  base.BaseClass - Found Element By {by.toString()}
2024-04-17 19:29:54,779 [main] INFO  base.BaseClass - Trying to find Element By {by.toString()})
2024-04-17 19:29:54,810 [main] INFO  base.BaseClass - Found Element By {by.toString()}
2024-04-17 19:29:55,359 [main] INFO  base.BaseClass - Trying to find Element By {by.toString()})
2024-04-17 19:29:55,383 [main] INFO  base.BaseClass - Found Element By {by.toString()}
2024-04-17 19:29:55,919 [main] INFO  base.BaseClass - Trying to find Element By {by.toString()})
2024-04-17 19:29:55,952 [main] INFO  base.BaseClass - Found Element By {by.toString()}
2024-04-17 19:29:56,496 [main] INFO  base.BaseClass - Trying to find Element By {by.toString()})
2024-04-17 19:29:56,526 [main] INFO  base.BaseClass - Found Element By {by.toString()}
2024-04-17 19:29:57,072 [main] INFO  base.BaseClass - Trying to find Element By {by.toString()})
2024-04-17 19:29:57,103 [main] INFO  base.BaseClass - Found Element By {by.toString()}
2024-04-17 19:29:57,653 [main] INFO  base.BaseClass - Trying to find Element By {by.toString()})
2024-04-17 19:29:57,684 [main] INFO  base.BaseClass - Found Element By {by.toString()}
2024-04-17 19:29:58,227 [main] INFO  base.BaseClass - Trying to find Element By {by.toString()})
2024-04-17 19:29:58,257 [main] INFO  base.BaseClass - Found Element By {by.toString()}
2024-04-17 19:29:58,803 [main] INFO  base.BaseClass - Trying to find Element By {by.toString()})
2024-04-17 19:29:58,834 [main] INFO  base.BaseClass - Found Element By {by.toString()}
2024-04-17 19:29:59,382 [main] INFO  base.BaseClass - Trying to find Element By {by.toString()})
2024-04-17 19:29:59,406 [main] INFO  base.BaseClass - Found Element By {by.toString()}
2024-04-17 19:29:59,928 [main] INFO  base.BaseClass - Trying to find Element By {by.toString()})
2024-04-17 19:29:59,959 [main] INFO  base.BaseClass - Found Element By {by.toString()}
2024-04-17 19:30:00,492 [main] INFO  base.BaseClass - Trying to find Element By {by.toString()})
2024-04-17 19:30:00,524 [main] INFO  base.BaseClass - Found Element By {by.toString()}
2024-04-17 19:30:01,060 [main] INFO  base.BaseClass - Trying to find Element By {by.toString()})
2024-04-17 19:30:01,092 [main] INFO  base.BaseClass - Found Element By {by.toString()}
2024-04-17 19:30:01,637 [main] INFO  base.BaseClass - Trying to find Element By {by.toString()})
2024-04-17 19:30:01,668 [main] INFO  base.BaseClass - Found Element By {by.toString()}
2024-04-17 19:30:02,216 [main] INFO  base.BaseClass - Trying to find Element By {by.toString()})
2024-04-17 19:30:02,247 [main] INFO  base.BaseClass - Found Element By {by.toString()}
2024-04-17 19:30:02,781 [main] INFO  base.BaseClass - Trying to find Element By {by.toString()})
2024-04-17 19:30:02,810 [main] INFO  base.BaseClass - Found Element By {by.toString()}
2024-04-17 19:30:03,342 [main] INFO  base.BaseClass - Trying to find Element By {by.toString()})
2024-04-17 19:30:03,374 [main] INFO  base.BaseClass - Found Element By {by.toString()}
2024-04-17 19:30:03,922 [main] INFO  base.BaseClass - Trying to find Element By {by.toString()})
2024-04-17 19:30:03,953 [main] INFO  base.BaseClass - Found Element By {by.toString()}
2024-04-17 19:30:04,498 [main] INFO  base.BaseClass - Trying to find Element By {by.toString()})
2024-04-17 19:30:04,530 [main] INFO  base.BaseClass - Found Element By {by.toString()}
2024-04-17 19:30:05,065 [main] INFO  base.BaseClass - Trying to find Element By {by.toString()})
2024-04-17 19:30:05,096 [main] INFO  base.BaseClass - Found Element By {by.toString()}
2024-04-17 19:30:05,641 [main] INFO  base.BaseClass - Trying to find Element By {by.toString()})
2024-04-17 19:30:05,684 [main] INFO  base.BaseClass - Found Element By {by.toString()}
2024-04-17 19:30:06,221 [main] INFO  base.BaseClass - Trying to find Element By {by.toString()})
2024-04-17 19:30:06,253 [main] INFO  base.BaseClass - Found Element By {by.toString()}
2024-04-17 19:30:06,802 [main] INFO  base.BaseClass - Trying to find Element By {by.toString()})
2024-04-17 19:30:06,834 [main] INFO  base.BaseClass - Found Element By {by.toString()}
2024-04-17 19:30:07,369 [main] INFO  base.BaseClass - Trying to find Element By {by.toString()})
2024-04-17 19:30:07,401 [main] INFO  base.BaseClass - Found Element By {by.toString()}
2024-04-17 19:30:07,946 [main] INFO  base.BaseClass - Trying to find Element By {by.toString()})
2024-04-17 19:30:07,977 [main] INFO  base.BaseClass - Found Element By {by.toString()}
2024-04-17 19:30:08,527 [main] INFO  base.BaseClass - Trying to find Element By {by.toString()})
2024-04-17 19:30:08,558 [main] INFO  base.BaseClass - Found Element By {by.toString()}
2024-04-17 19:30:09,106 [main] INFO  base.BaseClass - Trying to find Element By {by.toString()})
2024-04-17 19:30:09,138 [main] INFO  base.BaseClass - Found Element By {by.toString()}
2024-04-17 19:30:09,672 [main] INFO  base.BaseClass - Trying to find Element By {by.toString()})
2024-04-17 19:30:09,703 [main] INFO  base.BaseClass - Found Element By {by.toString()}
2024-04-17 19:30:10,249 [main] INFO  base.BaseClass - Trying to find Element By {by.toString()})
2024-04-17 19:30:10,281 [main] INFO  base.BaseClass - Found Element By {by.toString()}
2024-04-17 19:30:10,828 [main] INFO  base.BaseClass - Trying to find Element By {by.toString()})
2024-04-17 19:30:10,857 [main] INFO  base.BaseClass - Found Element By {by.toString()}
2024-04-17 19:30:11,405 [main] INFO  base.BaseClass - Trying to find Element By {by.toString()})
2024-04-17 19:30:11,437 [main] INFO  base.BaseClass - Found Element By {by.toString()}
2024-04-17 19:30:11,979 [main] INFO  base.BaseClass - Trying to find Element By {by.toString()})
2024-04-17 19:30:12,010 [main] INFO  base.BaseClass - Found Element By {by.toString()}
TimeoutException occurred: Expected condition failed: waiting for helper.WaitUtility$5@5165f4f5 (tried for 30 second(s) with 500 milliseconds interval)
Build info: version: '3.141.59', revision: 'e82be7d358', time: '2018-11-14T08:17:03'
System info: host: 'DPLAP166', ip: '137.237.2.236', os.name: 'Windows 10', os.arch: 'amd64', os.version: '10.0', java.version: '19.0.1'
Driver info: org.openqa.selenium.support.events.EventFiringWebDriver
Capabilities {acceptInsecureCerts: true, browserName: chrome, browserVersion: 123.0.6312.123, chrome: {chromedriverVersion: 123.0.6312.122 (31f8248cdd9..., userDataDir: C:\Users\dP-PL\AppData\Loca...}, fedcm:accounts: true, goog:chromeOptions: {debuggerAddress: localhost:51256}, javascriptEnabled: true, networkConnectionEnabled: false, pageLoadStrategy: normal, platform: WINDOWS, platformName: WINDOWS, proxy: Proxy(), setWindowRect: true, strictFileInteractability: false, timeouts: {implicit: 0, pageLoad: 300000, script: 30000}, unhandledPromptBehavior: dismiss and notify, webauthn:extension:credBlob: true, webauthn:extension:largeBlob: true, webauthn:extension:minPinLength: true, webauthn:extension:prf: true, webauthn:virtualAuthenticators: true}
Session ID: a59c4df4811f82049fe754efe723d3c1
2024-04-17 19:30:12,041 [main] ERROR RotationCopy_test - Element did not become visible within the specified time: Expected condition failed: waiting for helper.WaitUtility$5@5165f4f5 (tried for 30 second(s) with 500 milliseconds interval)
Build info: version: '3.141.59', revision: 'e82be7d358', time: '2018-11-14T08:17:03'
System info: host: 'DPLAP166', ip: '137.237.2.236', os.name: 'Windows 10', os.arch: 'amd64', os.version: '10.0', java.version: '19.0.1'
Driver info: org.openqa.selenium.support.events.EventFiringWebDriver
Capabilities {acceptInsecureCerts: true, browserName: chrome, browserVersion: 123.0.6312.123, chrome: {chromedriverVersion: 123.0.6312.122 (31f8248cdd9..., userDataDir: C:\Users\dP-PL\AppData\Loca...}, fedcm:accounts: true, goog:chromeOptions: {debuggerAddress: localhost:51256}, javascriptEnabled: true, networkConnectionEnabled: false, pageLoadStrategy: normal, platform: WINDOWS, platformName: WINDOWS, proxy: Proxy(), setWindowRect: true, strictFileInteractability: false, timeouts: {implicit: 0, pageLoad: 300000, script: 30000}, unhandledPromptBehavior: dismiss and notify, webauthn:extension:credBlob: true, webauthn:extension:largeBlob: true, webauthn:extension:minPinLength: true, webauthn:extension:prf: true, webauthn:virtualAuthenticators: true}
Session ID: a59c4df4811f82049fe754efe723d3c1
2024-04-17 19:30:12,041 [main] INFO  base.BaseClass - Trying to find Element By {by.toString()})
2024-04-17 19:30:12,054 [main] INFO  base.BaseClass - Found Element By {by.toString()}
2024-04-17 19:30:12,054 [main] INFO  base.BaseClass - Trying to click on: {element.toString()}
2024-04-17 19:30:12,123 [main] INFO  base.BaseClass - Clicked on: {element.toString()}
2024-04-17 19:30:12,124 [main] INFO  base.BaseClass - Trying to find Element By {by.toString()})
2024-04-17 19:30:12,175 [main] INFO  base.BaseClass - Found Element By {by.toString()}
2024-04-17 19:30:12,723 [main] INFO  base.BaseClass - Trying to find Element By {by.toString()})
2024-04-17 19:30:12,755 [main] INFO  base.BaseClass - Found Element By {by.toString()}
2024-04-17 19:30:13,301 [main] INFO  base.BaseClass - Trying to find Element By {by.toString()})
2024-04-17 19:30:13,311 [main] INFO  base.BaseClass - Found Element By {by.toString()}
2024-04-17 19:30:13,832 [main] INFO  base.BaseClass - Trying to find Element By {by.toString()})
2024-04-17 19:30:13,863 [main] INFO  base.BaseClass - Found Element By {by.toString()}
2024-04-17 19:30:14,413 [main] INFO  base.BaseClass - Trying to find Element By {by.toString()})
2024-04-17 19:30:14,440 [main] INFO  base.BaseClass - Found Element By {by.toString()}
2024-04-17 19:30:14,974 [main] INFO  base.BaseClass - Trying to find Element By {by.toString()})
2024-04-17 19:30:15,006 [main] INFO  base.BaseClass - Found Element By {by.toString()}
2024-04-17 19:30:15,559 [main] INFO  base.BaseClass - Trying to find Element By {by.toString()})
2024-04-17 19:30:15,591 [main] INFO  base.BaseClass - Found Element By {by.toString()}
2024-04-17 19:30:16,139 [main] INFO  base.BaseClass - Trying to find Element By {by.toString()})
2024-04-17 19:30:16,171 [main] INFO  base.BaseClass - Found Element By {by.toString()}
2024-04-17 19:30:16,718 [main] INFO  base.BaseClass - Trying to find Element By {by.toString()})
2024-04-17 19:30:16,750 [main] INFO  base.BaseClass - Found Element By {by.toString()}
2024-04-17 19:30:17,282 [main] INFO  base.BaseClass - Trying to find Element By {by.toString()})
2024-04-17 19:30:17,312 [main] INFO  base.BaseClass - Found Element By {by.toString()}
2024-04-17 19:30:17,859 [main] INFO  base.BaseClass - Trying to find Element By {by.toString()})
2024-04-17 19:30:17,889 [main] INFO  base.BaseClass - Found Element By {by.toString()}
2024-04-17 19:30:18,439 [main] INFO  base.BaseClass - Trying to find Element By {by.toString()})
2024-04-17 19:30:18,470 [main] INFO  base.BaseClass - Found Element By {by.toString()}
2024-04-17 19:30:19,014 [main] INFO  base.BaseClass - Trying to find Element By {by.toString()})
2024-04-17 19:30:19,043 [main] INFO  base.BaseClass - Found Element By {by.toString()}
2024-04-17 19:30:19,592 [main] INFO  base.BaseClass - Trying to find Element By {by.toString()})
2024-04-17 19:30:19,623 [main] INFO  base.BaseClass - Found Element By {by.toString()}
2024-04-17 19:30:20,167 [main] INFO  base.BaseClass - Trying to find Element By {by.toString()})
2024-04-17 19:30:20,199 [main] INFO  base.BaseClass - Found Element By {by.toString()}
2024-04-17 19:30:20,745 [main] INFO  base.BaseClass - Trying to find Element By {by.toString()})
2024-04-17 19:30:20,777 [main] INFO  base.BaseClass - Found Element By {by.toString()}
2024-04-17 19:30:21,323 [main] INFO  base.BaseClass - Trying to find Element By {by.toString()})
2024-04-17 19:30:21,354 [main] INFO  base.BaseClass - Found Element By {by.toString()}
2024-04-17 19:30:21,900 [main] INFO  base.BaseClass - Trying to find Element By {by.toString()})
2024-04-17 19:30:21,931 [main] INFO  base.BaseClass - Found Element By {by.toString()}
2024-04-17 19:30:22,480 [main] INFO  base.BaseClass - Trying to find Element By {by.toString()})
2024-04-17 19:30:22,512 [main] INFO  base.BaseClass - Found Element By {by.toString()}
2024-04-17 19:30:23,061 [main] INFO  base.BaseClass - Trying to find Element By {by.toString()})
2024-04-17 19:30:23,092 [main] INFO  base.BaseClass - Found Element By {by.toString()}
2024-04-17 19:30:23,638 [main] INFO  base.BaseClass - Trying to find Element By {by.toString()})
2024-04-17 19:30:23,668 [main] INFO  base.BaseClass - Found Element By {by.toString()}
2024-04-17 19:30:24,201 [main] INFO  base.BaseClass - Trying to find Element By {by.toString()})
2024-04-17 19:30:24,232 [main] INFO  base.BaseClass - Found Element By {by.toString()}
2024-04-17 19:30:24,766 [main] INFO  base.BaseClass - Trying to find Element By {by.toString()})
2024-04-17 19:30:24,798 [main] INFO  base.BaseClass - Found Element By {by.toString()}
2024-04-17 19:30:25,331 [main] INFO  base.BaseClass - Trying to find Element By {by.toString()})
2024-04-17 19:30:25,363 [main] INFO  base.BaseClass - Found Element By {by.toString()}
2024-04-17 19:30:25,911 [main] INFO  base.BaseClass - Trying to find Element By {by.toString()})
2024-04-17 19:30:25,943 [main] INFO  base.BaseClass - Found Element By {by.toString()}
2024-04-17 19:30:26,489 [main] INFO  base.BaseClass - Trying to find Element By {by.toString()})
2024-04-17 19:30:26,520 [main] INFO  base.BaseClass - Found Element By {by.toString()}
2024-04-17 19:30:27,068 [main] INFO  base.BaseClass - Trying to find Element By {by.toString()})
2024-04-17 19:30:27,101 [main] INFO  base.BaseClass - Found Element By {by.toString()}
2024-04-17 19:30:27,646 [main] INFO  base.BaseClass - Trying to find Element By {by.toString()})
2024-04-17 19:30:27,673 [main] INFO  base.BaseClass - Found Element By {by.toString()}
2024-04-17 19:30:28,223 [main] INFO  base.BaseClass - Trying to find Element By {by.toString()})
2024-04-17 19:30:28,249 [main] INFO  base.BaseClass - Found Element By {by.toString()}
2024-04-17 19:30:28,788 [main] INFO  base.BaseClass - Trying to find Element By {by.toString()})
2024-04-17 19:30:28,819 [main] INFO  base.BaseClass - Found Element By {by.toString()}
2024-04-17 19:30:29,369 [main] INFO  base.BaseClass - Trying to find Element By {by.toString()})
2024-04-17 19:30:29,402 [main] INFO  base.BaseClass - Found Element By {by.toString()}
2024-04-17 19:30:29,950 [main] INFO  base.BaseClass - Trying to find Element By {by.toString()})
2024-04-17 19:30:29,981 [main] INFO  base.BaseClass - Found Element By {by.toString()}
2024-04-17 19:30:30,516 [main] INFO  base.BaseClass - Trying to find Element By {by.toString()})
2024-04-17 19:30:30,547 [main] INFO  base.BaseClass - Found Element By {by.toString()}
2024-04-17 19:30:31,097 [main] INFO  base.BaseClass - Trying to find Element By {by.toString()})
2024-04-17 19:30:31,127 [main] INFO  base.BaseClass - Found Element By {by.toString()}
2024-04-17 19:30:31,677 [main] INFO  base.BaseClass - Trying to find Element By {by.toString()})
2024-04-17 19:30:31,705 [main] INFO  base.BaseClass - Found Element By {by.toString()}
2024-04-17 19:30:32,257 [main] INFO  base.BaseClass - Trying to find Element By {by.toString()})
2024-04-17 19:30:32,320 [main] INFO  base.BaseClass - Found Element By {by.toString()}
2024-04-17 19:30:32,879 [main] INFO  base.BaseClass - Trying to find Element By {by.toString()})
2024-04-17 19:30:32,911 [main] INFO  base.BaseClass - Found Element By {by.toString()}
2024-04-17 19:30:33,459 [main] INFO  base.BaseClass - Trying to find Element By {by.toString()})
2024-04-17 19:30:33,490 [main] INFO  base.BaseClass - Found Element By {by.toString()}
2024-04-17 19:30:34,038 [main] INFO  base.BaseClass - Trying to find Element By {by.toString()})
2024-04-17 19:30:34,068 [main] INFO  base.BaseClass - Found Element By {by.toString()}
2024-04-17 19:30:34,615 [main] INFO  base.BaseClass - Trying to find Element By {by.toString()})
2024-04-17 19:30:34,642 [main] INFO  base.BaseClass - Found Element By {by.toString()}
2024-04-17 19:30:35,177 [main] INFO  base.BaseClass - Trying to find Element By {by.toString()})
2024-04-17 19:30:35,208 [main] INFO  base.BaseClass - Found Element By {by.toString()}
2024-04-17 19:30:35,758 [main] INFO  base.BaseClass - Trying to find Element By {by.toString()})
2024-04-17 19:30:35,789 [main] INFO  base.BaseClass - Found Element By {by.toString()}
2024-04-17 19:30:36,337 [main] INFO  base.BaseClass - Trying to find Element By {by.toString()})
2024-04-17 19:30:36,368 [main] INFO  base.BaseClass - Found Element By {by.toString()}
2024-04-17 19:30:36,914 [main] INFO  base.BaseClass - Trying to find Element By {by.toString()})
2024-04-17 19:30:36,945 [main] INFO  base.BaseClass - Found Element By {by.toString()}
2024-04-17 19:30:37,490 [main] INFO  base.BaseClass - Trying to find Element By {by.toString()})
2024-04-17 19:30:37,520 [main] INFO  base.BaseClass - Found Element By {by.toString()}
2024-04-17 19:30:38,068 [main] INFO  base.BaseClass - Trying to find Element By {by.toString()})
2024-04-17 19:30:38,099 [main] INFO  base.BaseClass - Found Element By {by.toString()}
2024-04-17 19:30:38,644 [main] INFO  base.BaseClass - Trying to find Element By {by.toString()})
2024-04-17 19:30:38,672 [main] INFO  base.BaseClass - Found Element By {by.toString()}
2024-04-17 19:30:39,206 [main] INFO  base.BaseClass - Trying to find Element By {by.toString()})
2024-04-17 19:30:39,237 [main] INFO  base.BaseClass - Found Element By {by.toString()}
2024-04-17 19:30:39,788 [main] INFO  base.BaseClass - Trying to find Element By {by.toString()})
2024-04-17 19:30:39,818 [main] INFO  base.BaseClass - Found Element By {by.toString()}
2024-04-17 19:30:40,366 [main] INFO  base.BaseClass - Trying to find Element By {by.toString()})
2024-04-17 19:30:40,397 [main] INFO  base.BaseClass - Found Element By {by.toString()}
2024-04-17 19:30:40,942 [main] INFO  base.BaseClass - Trying to find Element By {by.toString()})
2024-04-17 19:30:40,972 [main] INFO  base.BaseClass - Found Element By {by.toString()}
2024-04-17 19:30:41,520 [main] INFO  base.BaseClass - Trying to find Element By {by.toString()})
2024-04-17 19:30:41,552 [main] INFO  base.BaseClass - Found Element By {by.toString()}
2024-04-17 19:30:42,098 [main] INFO  base.BaseClass - Trying to find Element By {by.toString()})
2024-04-17 19:30:42,130 [main] INFO  base.BaseClass - Found Element By {by.toString()}
TimeoutException occurred: Expected condition failed: waiting for helper.WaitUtility$5@426cbee7 (tried for 30 second(s) with 500 milliseconds interval)
Build info: version: '3.141.59', revision: 'e82be7d358', time: '2018-11-14T08:17:03'
System info: host: 'DPLAP166', ip: '137.237.2.236', os.name: 'Windows 10', os.arch: 'amd64', os.version: '10.0', java.version: '19.0.1'
Driver info: org.openqa.selenium.support.events.EventFiringWebDriver
Capabilities {acceptInsecureCerts: true, browserName: chrome, browserVersion: 123.0.6312.123, chrome: {chromedriverVersion: 123.0.6312.122 (31f8248cdd9..., userDataDir: C:\Users\dP-PL\AppData\Loca...}, fedcm:accounts: true, goog:chromeOptions: {debuggerAddress: localhost:51256}, javascriptEnabled: true, networkConnectionEnabled: false, pageLoadStrategy: normal, platform: WINDOWS, platformName: WINDOWS, proxy: Proxy(), setWindowRect: true, strictFileInteractability: false, timeouts: {implicit: 0, pageLoad: 300000, script: 30000}, unhandledPromptBehavior: dismiss and notify, webauthn:extension:credBlob: true, webauthn:extension:largeBlob: true, webauthn:extension:minPinLength: true, webauthn:extension:prf: true, webauthn:virtualAuthenticators: true}
Session ID: a59c4df4811f82049fe754efe723d3c1
2024-04-17 19:30:42,168 [main] ERROR RotationCopy_test - Element did not become visible within the specified time: Expected condition failed: waiting for helper.WaitUtility$5@426cbee7 (tried for 30 second(s) with 500 milliseconds interval)
Build info: version: '3.141.59', revision: 'e82be7d358', time: '2018-11-14T08:17:03'
System info: host: 'DPLAP166', ip: '137.237.2.236', os.name: 'Windows 10', os.arch: 'amd64', os.version: '10.0', java.version: '19.0.1'
Driver info: org.openqa.selenium.support.events.EventFiringWebDriver
Capabilities {acceptInsecureCerts: true, browserName: chrome, browserVersion: 123.0.6312.123, chrome: {chromedriverVersion: 123.0.6312.122 (31f8248cdd9..., userDataDir: C:\Users\dP-PL\AppData\Loca...}, fedcm:accounts: true, goog:chromeOptions: {debuggerAddress: localhost:51256}, javascriptEnabled: true, networkConnectionEnabled: false, pageLoadStrategy: normal, platform: WINDOWS, platformName: WINDOWS, proxy: Proxy(), setWindowRect: true, strictFileInteractability: false, timeouts: {implicit: 0, pageLoad: 300000, script: 30000}, unhandledPromptBehavior: dismiss and notify, webauthn:extension:credBlob: true, webauthn:extension:largeBlob: true, webauthn:extension:minPinLength: true, webauthn:extension:prf: true, webauthn:virtualAuthenticators: true}
Session ID: a59c4df4811f82049fe754efe723d3c1
2024-04-17 19:30:42,168 [main] INFO  base.BaseClass - Trying to find Element By {by.toString()})
2024-04-17 19:30:42,188 [main] INFO  base.BaseClass - Found Element By {by.toString()}
2024-04-17 19:30:42,189 [main] INFO  base.BaseClass - Trying to click on: {element.toString()}
2024-04-17 19:30:42,301 [main] INFO  base.BaseClass - Clicked on: {element.toString()}
2024-04-17 19:30:42,307 [main] INFO  base.BaseClass - Trying to find Element By {by.toString()})
2024-04-17 19:30:42,321 [main] INFO  base.BaseClass - Found Element By {by.toString()}
2024-04-17 19:30:42,843 [main] INFO  base.BaseClass - Trying to find Element By {by.toString()})
2024-04-17 19:30:42,852 [main] INFO  base.BaseClass - Found Element By {by.toString()}
2024-04-17 19:30:43,376 [main] INFO  base.BaseClass - Trying to find Element By {by.toString()})
2024-04-17 19:30:43,407 [main] INFO  base.BaseClass - Found Element By {by.toString()}
2024-04-17 19:30:43,958 [main] INFO  base.BaseClass - Trying to find Element By {by.toString()})
2024-04-17 19:30:43,970 [main] INFO  base.BaseClass - Found Element By {by.toString()}
2024-04-17 19:30:44,488 [main] INFO  base.BaseClass - Trying to find Element By {by.toString()})
2024-04-17 19:30:44,515 [main] INFO  base.BaseClass - Found Element By {by.toString()}
2024-04-17 19:30:45,035 [main] INFO  base.BaseClass - Trying to find Element By {by.toString()})
2024-04-17 19:30:45,066 [main] INFO  base.BaseClass - Found Element By {by.toString()}
2024-04-17 19:30:45,611 [main] INFO  base.BaseClass - Trying to find Element By {by.toString()})
2024-04-17 19:30:45,640 [main] INFO  base.BaseClass - Found Element By {by.toString()}
2024-04-17 19:30:46,189 [main] INFO  base.BaseClass - Trying to find Element By {by.toString()})
2024-04-17 19:30:46,218 [main] INFO  base.BaseClass - Found Element By {by.toString()}
2024-04-17 19:30:46,766 [main] INFO  base.BaseClass - Trying to find Element By {by.toString()})
2024-04-17 19:30:46,789 [main] INFO  base.BaseClass - Found Element By {by.toString()}
2024-04-17 19:30:47,342 [main] INFO  base.BaseClass - Trying to find Element By {by.toString()})
2024-04-17 19:30:47,371 [main] INFO  base.BaseClass - Found Element By {by.toString()}
2024-04-17 19:30:47,918 [main] INFO  base.BaseClass - Trying to find Element By {by.toString()})
2024-04-17 19:30:47,948 [main] INFO  base.BaseClass - Found Element By {by.toString()}
2024-04-17 19:30:48,499 [main] INFO  base.BaseClass - Trying to find Element By {by.toString()})
2024-04-17 19:30:48,529 [main] INFO  base.BaseClass - Found Element By {by.toString()}
2024-04-17 19:30:49,077 [main] INFO  base.BaseClass - Trying to find Element By {by.toString()})
2024-04-17 19:30:49,106 [main] INFO  base.BaseClass - Found Element By {by.toString()}
2024-04-17 19:30:49,656 [main] INFO  base.BaseClass - Trying to find Element By {by.toString()})
2024-04-17 19:30:49,687 [main] INFO  base.BaseClass - Found Element By {by.toString()}
2024-04-17 19:30:50,234 [main] INFO  base.BaseClass - Trying to find Element By {by.toString()})
2024-04-17 19:30:50,263 [main] INFO  base.BaseClass - Found Element By {by.toString()}
2024-04-17 19:30:50,815 [main] INFO  base.BaseClass - Trying to find Element By {by.toString()})
2024-04-17 19:30:50,835 [main] INFO  base.BaseClass - Found Element By {by.toString()}
2024-04-17 19:30:51,365 [main] INFO  base.BaseClass - Trying to find Element By {by.toString()})
2024-04-17 19:30:51,393 [main] INFO  base.BaseClass - Found Element By {by.toString()}
2024-04-17 19:30:51,944 [main] INFO  base.BaseClass - Trying to find Element By {by.toString()})
2024-04-17 19:30:51,974 [main] INFO  base.BaseClass - Found Element By {by.toString()}
2024-04-17 19:30:52,523 [main] INFO  base.BaseClass - Trying to find Element By {by.toString()})
2024-04-17 19:30:52,552 [main] INFO  base.BaseClass - Found Element By {by.toString()}
2024-04-17 19:30:53,100 [main] INFO  base.BaseClass - Trying to find Element By {by.toString()})
2024-04-17 19:30:53,130 [main] INFO  base.BaseClass - Found Element By {by.toString()}
2024-04-17 19:30:53,677 [main] INFO  base.BaseClass - Trying to find Element By {by.toString()})
2024-04-17 19:30:53,707 [main] INFO  base.BaseClass - Found Element By {by.toString()}
2024-04-17 19:30:54,255 [main] INFO  base.BaseClass - Trying to find Element By {by.toString()})
2024-04-17 19:30:54,284 [main] INFO  base.BaseClass - Found Element By {by.toString()}
2024-04-17 19:30:54,819 [main] INFO  base.BaseClass - Trying to find Element By {by.toString()})
2024-04-17 19:30:54,837 [main] INFO  base.BaseClass - Found Element By {by.toString()}
2024-04-17 19:30:55,368 [main] INFO  base.BaseClass - Trying to find Element By {by.toString()})
2024-04-17 19:30:55,397 [main] INFO  base.BaseClass - Found Element By {by.toString()}
2024-04-17 19:30:55,950 [main] INFO  base.BaseClass - Trying to find Element By {by.toString()})
2024-04-17 19:30:55,979 [main] INFO  base.BaseClass - Found Element By {by.toString()}
2024-04-17 19:30:56,515 [main] INFO  base.BaseClass - Trying to find Element By {by.toString()})
2024-04-17 19:30:56,531 [main] INFO  base.BaseClass - Found Element By {by.toString()}
2024-04-17 19:30:57,064 [main] INFO  base.BaseClass - Trying to find Element By {by.toString()})
2024-04-17 19:30:57,093 [main] INFO  base.BaseClass - Found Element By {by.toString()}
2024-04-17 19:30:57,625 [main] INFO  base.BaseClass - Trying to find Element By {by.toString()})
2024-04-17 19:30:57,655 [main] INFO  base.BaseClass - Found Element By {by.toString()}
2024-04-17 19:30:58,206 [main] INFO  base.BaseClass - Trying to find Element By {by.toString()})
2024-04-17 19:30:58,235 [main] INFO  base.BaseClass - Found Element By {by.toString()}
2024-04-17 19:30:58,783 [main] INFO  base.BaseClass - Trying to find Element By {by.toString()})
2024-04-17 19:30:58,813 [main] INFO  base.BaseClass - Found Element By {by.toString()}
2024-04-17 19:30:59,350 [main] INFO  base.BaseClass - Trying to find Element By {by.toString()})
2024-04-17 19:30:59,376 [main] INFO  base.BaseClass - Found Element By {by.toString()}
2024-04-17 19:30:59,912 [main] INFO  base.BaseClass - Trying to find Element By {by.toString()})
2024-04-17 19:30:59,941 [main] INFO  base.BaseClass - Found Element By {by.toString()}
2024-04-17 19:31:00,476 [main] INFO  base.BaseClass - Trying to find Element By {by.toString()})
2024-04-17 19:31:00,505 [main] INFO  base.BaseClass - Found Element By {by.toString()}
2024-04-17 19:31:01,052 [main] INFO  base.BaseClass - Trying to find Element By {by.toString()})
2024-04-17 19:31:01,080 [main] INFO  base.BaseClass - Found Element By {by.toString()}
2024-04-17 19:31:01,630 [main] INFO  base.BaseClass - Trying to find Element By {by.toString()})
2024-04-17 19:31:01,656 [main] INFO  base.BaseClass - Found Element By {by.toString()}
2024-04-17 19:31:02,195 [main] INFO  base.BaseClass - Trying to find Element By {by.toString()})
2024-04-17 19:31:02,223 [main] INFO  base.BaseClass - Found Element By {by.toString()}
2024-04-17 19:31:02,775 [main] INFO  base.BaseClass - Trying to find Element By {by.toString()})
2024-04-17 19:31:02,804 [main] INFO  base.BaseClass - Found Element By {by.toString()}
2024-04-17 19:31:03,356 [main] INFO  base.BaseClass - Trying to find Element By {by.toString()})
2024-04-17 19:31:03,385 [main] INFO  base.BaseClass - Found Element By {by.toString()}
2024-04-17 19:31:03,938 [main] INFO  base.BaseClass - Trying to find Element By {by.toString()})
2024-04-17 19:31:03,967 [main] INFO  base.BaseClass - Found Element By {by.toString()}
2024-04-17 19:31:04,515 [main] INFO  base.BaseClass - Trying to find Element By {by.toString()})
2024-04-17 19:31:04,545 [main] INFO  base.BaseClass - Found Element By {by.toString()}
2024-04-17 19:31:05,091 [main] INFO  base.BaseClass - Trying to find Element By {by.toString()})
2024-04-17 19:31:05,120 [main] INFO  base.BaseClass - Found Element By {by.toString()}
2024-04-17 19:31:05,669 [main] INFO  base.BaseClass - Trying to find Element By {by.toString()})
2024-04-17 19:31:05,699 [main] INFO  base.BaseClass - Found Element By {by.toString()}
2024-04-17 19:31:06,247 [main] INFO  base.BaseClass - Trying to find Element By {by.toString()})
2024-04-17 19:31:06,277 [main] INFO  base.BaseClass - Found Element By {by.toString()}
2024-04-17 19:31:06,825 [main] INFO  base.BaseClass - Trying to find Element By {by.toString()})
2024-04-17 19:31:06,853 [main] INFO  base.BaseClass - Found Element By {by.toString()}
2024-04-17 19:31:07,373 [main] INFO  base.BaseClass - Trying to find Element By {by.toString()})
2024-04-17 19:31:07,401 [main] INFO  base.BaseClass - Found Element By {by.toString()}
2024-04-17 19:31:07,933 [main] INFO  base.BaseClass - Trying to find Element By {by.toString()})
2024-04-17 19:31:07,951 [main] INFO  base.BaseClass - Found Element By {by.toString()}
2024-04-17 19:31:08,496 [main] INFO  base.BaseClass - Trying to find Element By {by.toString()})
2024-04-17 19:31:08,525 [main] INFO  base.BaseClass - Found Element By {by.toString()}
2024-04-17 19:31:09,077 [main] INFO  base.BaseClass - Trying to find Element By {by.toString()})
2024-04-17 19:31:09,106 [main] INFO  base.BaseClass - Found Element By {by.toString()}
2024-04-17 19:31:09,656 [main] INFO  base.BaseClass - Trying to find Element By {by.toString()})
2024-04-17 19:31:09,677 [main] INFO  base.BaseClass - Found Element By {by.toString()}
2024-04-17 19:31:10,219 [main] INFO  base.BaseClass - Trying to find Element By {by.toString()})
2024-04-17 19:31:10,248 [main] INFO  base.BaseClass - Found Element By {by.toString()}
2024-04-17 19:31:10,797 [main] INFO  base.BaseClass - Trying to find Element By {by.toString()})
2024-04-17 19:31:10,826 [main] INFO  base.BaseClass - Found Element By {by.toString()}
2024-04-17 19:31:11,375 [main] INFO  base.BaseClass - Trying to find Element By {by.toString()})
2024-04-17 19:31:11,404 [main] INFO  base.BaseClass - Found Element By {by.toString()}
2024-04-17 19:31:11,952 [main] INFO  base.BaseClass - Trying to find Element By {by.toString()})
2024-04-17 19:31:11,981 [main] INFO  base.BaseClass - Found Element By {by.toString()}
2024-04-17 19:31:12,528 [main] INFO  base.BaseClass - Trying to find Element By {by.toString()})
2024-04-17 19:31:12,557 [main] INFO  base.BaseClass - Found Element By {by.toString()}
TimeoutException occurred: Expected condition failed: waiting for helper.WaitUtility$5@5dc7983f (tried for 30 second(s) with 500 milliseconds interval)
Build info: version: '3.141.59', revision: 'e82be7d358', time: '2018-11-14T08:17:03'
System info: host: 'DPLAP166', ip: '137.237.2.236', os.name: 'Windows 10', os.arch: 'amd64', os.version: '10.0', java.version: '19.0.1'
Driver info: org.openqa.selenium.support.events.EventFiringWebDriver
Capabilities {acceptInsecureCerts: true, browserName: chrome, browserVersion: 123.0.6312.123, chrome: {chromedriverVersion: 123.0.6312.122 (31f8248cdd9..., userDataDir: C:\Users\dP-PL\AppData\Loca...}, fedcm:accounts: true, goog:chromeOptions: {debuggerAddress: localhost:51256}, javascriptEnabled: true, networkConnectionEnabled: false, pageLoadStrategy: normal, platform: WINDOWS, platformName: WINDOWS, proxy: Proxy(), setWindowRect: true, strictFileInteractability: false, timeouts: {implicit: 0, pageLoad: 300000, script: 30000}, unhandledPromptBehavior: dismiss and notify, webauthn:extension:credBlob: true, webauthn:extension:largeBlob: true, webauthn:extension:minPinLength: true, webauthn:extension:prf: true, webauthn:virtualAuthenticators: true}
Session ID: a59c4df4811f82049fe754efe723d3c1
2024-04-17 19:31:12,592 [main] ERROR RotationCopy_test - Element did not become visible within the specified time: Expected condition failed: waiting for helper.WaitUtility$5@5dc7983f (tried for 30 second(s) with 500 milliseconds interval)
Build info: version: '3.141.59', revision: 'e82be7d358', time: '2018-11-14T08:17:03'
System info: host: 'DPLAP166', ip: '137.237.2.236', os.name: 'Windows 10', os.arch: 'amd64', os.version: '10.0', java.version: '19.0.1'
Driver info: org.openqa.selenium.support.events.EventFiringWebDriver
Capabilities {acceptInsecureCerts: true, browserName: chrome, browserVersion: 123.0.6312.123, chrome: {chromedriverVersion: 123.0.6312.122 (31f8248cdd9..., userDataDir: C:\Users\dP-PL\AppData\Loca...}, fedcm:accounts: true, goog:chromeOptions: {debuggerAddress: localhost:51256}, javascriptEnabled: true, networkConnectionEnabled: false, pageLoadStrategy: normal, platform: WINDOWS, platformName: WINDOWS, proxy: Proxy(), setWindowRect: true, strictFileInteractability: false, timeouts: {implicit: 0, pageLoad: 300000, script: 30000}, unhandledPromptBehavior: dismiss and notify, webauthn:extension:credBlob: true, webauthn:extension:largeBlob: true, webauthn:extension:minPinLength: true, webauthn:extension:prf: true, webauthn:virtualAuthenticators: true}
Session ID: a59c4df4811f82049fe754efe723d3c1
2024-04-17 19:31:12,592 [main] INFO  base.BaseClass - Trying to find Element By {by.toString()})
2024-04-17 19:31:12,603 [main] INFO  base.BaseClass - Found Element By {by.toString()}
2024-04-17 19:31:12,603 [main] INFO  base.BaseClass - Trying to click on: {element.toString()}
2024-04-17 19:31:12,710 [main] INFO  base.BaseClass - Clicked on: {element.toString()}
2024-04-17 19:31:12,716 [main] INFO  base.BaseClass - Trying to find Element By {by.toString()})
2024-04-17 19:31:12,746 [main] INFO  base.BaseClass - Found Element By {by.toString()}
2024-04-17 19:31:13,264 [main] INFO  base.BaseClass - Trying to find Element By {by.toString()})
2024-04-17 19:31:13,567 [main] INFO  base.BaseClass - Found Element By {by.toString()}
2024-04-17 19:31:14,087 [main] INFO  base.BaseClass - Trying to find Element By {by.toString()})
2024-04-17 19:31:14,118 [main] INFO  base.BaseClass - Found Element By {by.toString()}
2024-04-17 19:31:14,670 [main] INFO  base.BaseClass - Trying to find Element By {by.toString()})
2024-04-17 19:31:14,699 [main] INFO  base.BaseClass - Found Element By {by.toString()}
2024-04-17 19:31:15,249 [main] INFO  base.BaseClass - Trying to find Element By {by.toString()})
2024-04-17 19:31:15,279 [main] INFO  base.BaseClass - Found Element By {by.toString()}
2024-04-17 19:31:15,809 [main] INFO  base.BaseClass - Trying to find Element By {by.toString()})
2024-04-17 19:31:15,839 [main] INFO  base.BaseClass - Found Element By {by.toString()}
2024-04-17 19:31:16,383 [main] INFO  base.BaseClass - Trying to find Element By {by.toString()})
2024-04-17 19:31:16,413 [main] INFO  base.BaseClass - Found Element By {by.toString()}
2024-04-17 19:31:16,964 [main] INFO  base.BaseClass - Trying to find Element By {by.toString()})
2024-04-17 19:31:16,988 [main] INFO  base.BaseClass - Found Element By {by.toString()}
2024-04-17 19:31:17,512 [main] INFO  base.BaseClass - Trying to find Element By {by.toString()})
2024-04-17 19:31:17,541 [main] INFO  base.BaseClass - Found Element By {by.toString()}
2024-04-17 19:31:18,088 [main] INFO  base.BaseClass - Trying to find Element By {by.toString()})
2024-04-17 19:31:18,118 [main] INFO  base.BaseClass - Found Element By {by.toString()}
2024-04-17 19:31:18,667 [main] INFO  base.BaseClass - Trying to find Element By {by.toString()})
2024-04-17 19:31:18,696 [main] INFO  base.BaseClass - Found Element By {by.toString()}
2024-04-17 19:31:19,230 [main] INFO  base.BaseClass - Trying to find Element By {by.toString()})
2024-04-17 19:31:19,259 [main] INFO  base.BaseClass - Found Element By {by.toString()}
2024-04-17 19:31:19,806 [main] INFO  base.BaseClass - Trying to find Element By {by.toString()})
2024-04-17 19:31:19,835 [main] INFO  base.BaseClass - Found Element By {by.toString()}
2024-04-17 19:31:20,385 [main] INFO  base.BaseClass - Trying to find Element By {by.toString()})
2024-04-17 19:31:20,416 [main] INFO  base.BaseClass - Found Element By {by.toString()}
2024-04-17 19:31:20,965 [main] INFO  base.BaseClass - Trying to find Element By {by.toString()})
2024-04-17 19:31:20,994 [main] INFO  base.BaseClass - Found Element By {by.toString()}
2024-04-17 19:31:21,529 [main] INFO  base.BaseClass - Trying to find Element By {by.toString()})
2024-04-17 19:31:21,558 [main] INFO  base.BaseClass - Found Element By {by.toString()}
2024-04-17 19:31:22,108 [main] INFO  base.BaseClass - Trying to find Element By {by.toString()})
2024-04-17 19:31:22,138 [main] INFO  base.BaseClass - Found Element By {by.toString()}
2024-04-17 19:31:22,685 [main] INFO  base.BaseClass - Trying to find Element By {by.toString()})
2024-04-17 19:31:22,714 [main] INFO  base.BaseClass - Found Element By {by.toString()}
2024-04-17 19:31:23,263 [main] INFO  base.BaseClass - Trying to find Element By {by.toString()})
2024-04-17 19:31:23,294 [main] INFO  base.BaseClass - Found Element By {by.toString()}
2024-04-17 19:31:23,829 [main] INFO  base.BaseClass - Trying to find Element By {by.toString()})
2024-04-17 19:31:23,858 [main] INFO  base.BaseClass - Found Element By {by.toString()}
2024-04-17 19:31:24,408 [main] INFO  base.BaseClass - Trying to find Element By {by.toString()})
2024-04-17 19:31:24,438 [main] INFO  base.BaseClass - Found Element By {by.toString()}
2024-04-17 19:31:24,987 [main] INFO  base.BaseClass - Trying to find Element By {by.toString()})
2024-04-17 19:31:25,017 [main] INFO  base.BaseClass - Found Element By {by.toString()}
2024-04-17 19:31:25,550 [main] INFO  base.BaseClass - Trying to find Element By {by.toString()})
2024-04-17 19:31:25,581 [main] INFO  base.BaseClass - Found Element By {by.toString()}
2024-04-17 19:31:26,127 [main] INFO  base.BaseClass - Trying to find Element By {by.toString()})
2024-04-17 19:31:26,156 [main] INFO  base.BaseClass - Found Element By {by.toString()}
2024-04-17 19:31:26,704 [main] INFO  base.BaseClass - Trying to find Element By {by.toString()})
2024-04-17 19:31:26,734 [main] INFO  base.BaseClass - Found Element By {by.toString()}
2024-04-17 19:31:27,284 [main] INFO  base.BaseClass - Trying to find Element By {by.toString()})
2024-04-17 19:31:27,314 [main] INFO  base.BaseClass - Found Element By {by.toString()}
2024-04-17 19:31:27,863 [main] INFO  base.BaseClass - Trying to find Element By {by.toString()})
2024-04-17 19:31:27,882 [main] INFO  base.BaseClass - Found Element By {by.toString()}
2024-04-17 19:31:28,413 [main] INFO  base.BaseClass - Trying to find Element By {by.toString()})
2024-04-17 19:31:28,442 [main] INFO  base.BaseClass - Found Element By {by.toString()}
2024-04-17 19:31:28,990 [main] INFO  base.BaseClass - Trying to find Element By {by.toString()})
2024-04-17 19:31:29,019 [main] INFO  base.BaseClass - Found Element By {by.toString()}
2024-04-17 19:31:29,567 [main] INFO  base.BaseClass - Trying to find Element By {by.toString()})
2024-04-17 19:31:29,585 [main] INFO  base.BaseClass - Found Element By {by.toString()}
2024-04-17 19:31:30,115 [main] INFO  base.BaseClass - Trying to find Element By {by.toString()})
2024-04-17 19:31:30,128 [main] INFO  base.BaseClass - Found Element By {by.toString()}
2024-04-17 19:31:30,649 [main] INFO  base.BaseClass - Trying to find Element By {by.toString()})
2024-04-17 19:31:30,680 [main] INFO  base.BaseClass - Found Element By {by.toString()}
2024-04-17 19:31:31,214 [main] INFO  base.BaseClass - Trying to find Element By {by.toString()})
2024-04-17 19:31:31,244 [main] INFO  base.BaseClass - Found Element By {by.toString()}
2024-04-17 19:31:31,794 [main] INFO  base.BaseClass - Trying to find Element By {by.toString()})
2024-04-17 19:31:31,822 [main] INFO  base.BaseClass - Found Element By {by.toString()}
2024-04-17 19:31:32,370 [main] INFO  base.BaseClass - Trying to find Element By {by.toString()})
2024-04-17 19:31:32,401 [main] INFO  base.BaseClass - Found Element By {by.toString()}
2024-04-17 19:31:32,932 [main] INFO  base.BaseClass - Trying to find Element By {by.toString()})
2024-04-17 19:31:32,963 [main] INFO  base.BaseClass - Found Element By {by.toString()}
2024-04-17 19:31:33,510 [main] INFO  base.BaseClass - Trying to find Element By {by.toString()})
2024-04-17 19:31:33,540 [main] INFO  base.BaseClass - Found Element By {by.toString()}
2024-04-17 19:31:34,087 [main] INFO  base.BaseClass - Trying to find Element By {by.toString()})
2024-04-17 19:31:34,119 [main] INFO  base.BaseClass - Found Element By {by.toString()}
2024-04-17 19:31:34,649 [main] INFO  base.BaseClass - Trying to find Element By {by.toString()})
2024-04-17 19:31:34,681 [main] INFO  base.BaseClass - Found Element By {by.toString()}
2024-04-17 19:31:35,226 [main] INFO  base.BaseClass - Trying to find Element By {by.toString()})
2024-04-17 19:31:35,256 [main] INFO  base.BaseClass - Found Element By {by.toString()}
2024-04-17 19:31:35,788 [main] INFO  base.BaseClass - Trying to find Element By {by.toString()})
2024-04-17 19:31:35,822 [main] INFO  base.BaseClass - Found Element By {by.toString()}
2024-04-17 19:31:36,365 [main] INFO  base.BaseClass - Trying to find Element By {by.toString()})
2024-04-17 19:31:36,397 [main] INFO  base.BaseClass - Found Element By {by.toString()}
2024-04-17 19:31:36,926 [main] INFO  base.BaseClass - Trying to find Element By {by.toString()})
2024-04-17 19:31:36,956 [main] INFO  base.BaseClass - Found Element By {by.toString()}
2024-04-17 19:31:37,505 [main] INFO  base.BaseClass - Trying to find Element By {by.toString()})
2024-04-17 19:31:37,538 [main] INFO  base.BaseClass - Found Element By {by.toString()}
2024-04-17 19:31:38,083 [main] INFO  base.BaseClass - Trying to find Element By {by.toString()})
2024-04-17 19:31:38,116 [main] INFO  base.BaseClass - Found Element By {by.toString()}
2024-04-17 19:31:38,659 [main] INFO  base.BaseClass - Trying to find Element By {by.toString()})
2024-04-17 19:31:38,687 [main] INFO  base.BaseClass - Found Element By {by.toString()}
2024-04-17 19:31:39,220 [main] INFO  base.BaseClass - Trying to find Element By {by.toString()})
2024-04-17 19:31:39,281 [main] INFO  base.BaseClass - Found Element By {by.toString()}
2024-04-17 19:31:39,815 [main] INFO  base.BaseClass - Trying to find Element By {by.toString()})
2024-04-17 19:31:39,844 [main] INFO  base.BaseClass - Found Element By {by.toString()}
2024-04-17 19:31:40,396 [main] INFO  base.BaseClass - Trying to find Element By {by.toString()})
2024-04-17 19:31:40,426 [main] INFO  base.BaseClass - Found Element By {by.toString()}
2024-04-17 19:31:40,978 [main] INFO  base.BaseClass - Trying to find Element By {by.toString()})
2024-04-17 19:31:41,008 [main] INFO  base.BaseClass - Found Element By {by.toString()}
2024-04-17 19:31:41,543 [main] INFO  base.BaseClass - Trying to find Element By {by.toString()})
2024-04-17 19:31:41,571 [main] INFO  base.BaseClass - Found Element By {by.toString()}
2024-04-17 19:31:42,124 [main] INFO  base.BaseClass - Trying to find Element By {by.toString()})
2024-04-17 19:31:42,153 [main] INFO  base.BaseClass - Found Element By {by.toString()}
2024-04-17 19:31:42,684 [main] INFO  base.BaseClass - Trying to find Element By {by.toString()})
2024-04-17 19:31:42,713 [main] INFO  base.BaseClass - Found Element By {by.toString()}
TimeoutException occurred: Expected condition failed: waiting for helper.WaitUtility$5@1e83a716 (tried for 30 second(s) with 500 milliseconds interval)
Build info: version: '3.141.59', revision: 'e82be7d358', time: '2018-11-14T08:17:03'
System info: host: 'DPLAP166', ip: '137.237.2.236', os.name: 'Windows 10', os.arch: 'amd64', os.version: '10.0', java.version: '19.0.1'
Driver info: org.openqa.selenium.support.events.EventFiringWebDriver
Capabilities {acceptInsecureCerts: true, browserName: chrome, browserVersion: 123.0.6312.123, chrome: {chromedriverVersion: 123.0.6312.122 (31f8248cdd9..., userDataDir: C:\Users\dP-PL\AppData\Loca...}, fedcm:accounts: true, goog:chromeOptions: {debuggerAddress: localhost:51256}, javascriptEnabled: true, networkConnectionEnabled: false, pageLoadStrategy: normal, platform: WINDOWS, platformName: WINDOWS, proxy: Proxy(), setWindowRect: true, strictFileInteractability: false, timeouts: {implicit: 0, pageLoad: 300000, script: 30000}, unhandledPromptBehavior: dismiss and notify, webauthn:extension:credBlob: true, webauthn:extension:largeBlob: true, webauthn:extension:minPinLength: true, webauthn:extension:prf: true, webauthn:virtualAuthenticators: true}
Session ID: a59c4df4811f82049fe754efe723d3c1
2024-04-17 19:31:42,756 [main] ERROR RotationCopy_test - Element did not become visible within the specified time: Expected condition failed: waiting for helper.WaitUtility$5@1e83a716 (tried for 30 second(s) with 500 milliseconds interval)
Build info: version: '3.141.59', revision: 'e82be7d358', time: '2018-11-14T08:17:03'
System info: host: 'DPLAP166', ip: '137.237.2.236', os.name: 'Windows 10', os.arch: 'amd64', os.version: '10.0', java.version: '19.0.1'
Driver info: org.openqa.selenium.support.events.EventFiringWebDriver
Capabilities {acceptInsecureCerts: true, browserName: chrome, browserVersion: 123.0.6312.123, chrome: {chromedriverVersion: 123.0.6312.122 (31f8248cdd9..., userDataDir: C:\Users\dP-PL\AppData\Loca...}, fedcm:accounts: true, goog:chromeOptions: {debuggerAddress: localhost:51256}, javascriptEnabled: true, networkConnectionEnabled: false, pageLoadStrategy: normal, platform: WINDOWS, platformName: WINDOWS, proxy: Proxy(), setWindowRect: true, strictFileInteractability: false, timeouts: {implicit: 0, pageLoad: 300000, script: 30000}, unhandledPromptBehavior: dismiss and notify, webauthn:extension:credBlob: true, webauthn:extension:largeBlob: true, webauthn:extension:minPinLength: true, webauthn:extension:prf: true, webauthn:virtualAuthenticators: true}
Session ID: a59c4df4811f82049fe754efe723d3c1
2024-04-17 19:31:42,756 [main] INFO  base.BaseClass - Trying to find Element By {by.toString()})
2024-04-17 19:31:42,783 [main] INFO  base.BaseClass - Found Element By {by.toString()}
2024-04-17 19:31:42,783 [main] INFO  base.BaseClass - Trying to click on: {element.toString()}
2024-04-17 19:31:42,916 [main] INFO  base.BaseClass - Clicked on: {element.toString()}
2024-04-17 19:31:42,916 [main] INFO  base.BaseClass - Trying to find Element By {by.toString()})
2024-04-17 19:31:43,801 [main] INFO  base.BaseClass - Found Element By {by.toString()}
2024-04-17 19:31:44,322 [main] INFO  base.BaseClass - Trying to find Element By {by.toString()})
2024-04-17 19:31:44,354 [main] INFO  base.BaseClass - Found Element By {by.toString()}
2024-04-17 19:31:44,899 [main] INFO  base.BaseClass - Trying to find Element By {by.toString()})
2024-04-17 19:31:44,931 [main] INFO  base.BaseClass - Found Element By {by.toString()}
2024-04-17 19:31:45,461 [main] INFO  base.BaseClass - Trying to find Element By {by.toString()})
2024-04-17 19:31:45,491 [main] INFO  base.BaseClass - Found Element By {by.toString()}
2024-04-17 19:31:46,025 [main] INFO  base.BaseClass - Trying to find Element By {by.toString()})
2024-04-17 19:31:46,055 [main] INFO  base.BaseClass - Found Element By {by.toString()}
2024-04-17 19:31:46,588 [main] INFO  base.BaseClass - Trying to find Element By {by.toString()})
2024-04-17 19:31:46,621 [main] INFO  base.BaseClass - Found Element By {by.toString()}
2024-04-17 19:31:47,167 [main] INFO  base.BaseClass - Trying to find Element By {by.toString()})
2024-04-17 19:31:47,200 [main] INFO  base.BaseClass - Found Element By {by.toString()}
2024-04-17 19:31:47,744 [main] INFO  base.BaseClass - Trying to find Element By {by.toString()})
2024-04-17 19:31:47,774 [main] INFO  base.BaseClass - Found Element By {by.toString()}
2024-04-17 19:31:48,321 [main] INFO  base.BaseClass - Trying to find Element By {by.toString()})
2024-04-17 19:31:48,341 [main] INFO  base.BaseClass - Found Element By {by.toString()}
2024-04-17 19:31:48,869 [main] INFO  base.BaseClass - Trying to find Element By {by.toString()})
2024-04-17 19:31:48,901 [main] INFO  base.BaseClass - Found Element By {by.toString()}
2024-04-17 19:31:49,448 [main] INFO  base.BaseClass - Trying to find Element By {by.toString()})
2024-04-17 19:31:49,479 [main] INFO  base.BaseClass - Found Element By {by.toString()}
2024-04-17 19:31:50,029 [main] INFO  base.BaseClass - Trying to find Element By {by.toString()})
2024-04-17 19:31:50,061 [main] INFO  base.BaseClass - Found Element By {by.toString()}
2024-04-17 19:31:50,610 [main] INFO  base.BaseClass - Trying to find Element By {by.toString()})
2024-04-17 19:31:50,641 [main] INFO  base.BaseClass - Found Element By {by.toString()}
2024-04-17 19:31:51,190 [main] INFO  base.BaseClass - Trying to find Element By {by.toString()})
2024-04-17 19:31:51,220 [main] INFO  base.BaseClass - Found Element By {by.toString()}
2024-04-17 19:31:51,769 [main] INFO  base.BaseClass - Trying to find Element By {by.toString()})
2024-04-17 19:31:51,799 [main] INFO  base.BaseClass - Found Element By {by.toString()}
2024-04-17 19:31:52,347 [main] INFO  base.BaseClass - Trying to find Element By {by.toString()})
2024-04-17 19:31:52,379 [main] INFO  base.BaseClass - Found Element By {by.toString()}
2024-04-17 19:31:52,927 [main] INFO  base.BaseClass - Trying to find Element By {by.toString()})
2024-04-17 19:31:52,958 [main] INFO  base.BaseClass - Found Element By {by.toString()}
2024-04-17 19:31:53,502 [main] INFO  base.BaseClass - Trying to find Element By {by.toString()})
2024-04-17 19:31:53,537 [main] INFO  base.BaseClass - Found Element By {by.toString()}
2024-04-17 19:31:54,081 [main] INFO  base.BaseClass - Trying to find Element By {by.toString()})
2024-04-17 19:31:54,102 [main] INFO  base.BaseClass - Found Element By {by.toString()}
2024-04-17 19:31:54,627 [main] INFO  base.BaseClass - Trying to find Element By {by.toString()})
2024-04-17 19:31:54,658 [main] INFO  base.BaseClass - Found Element By {by.toString()}
2024-04-17 19:31:55,203 [main] INFO  base.BaseClass - Trying to find Element By {by.toString()})
2024-04-17 19:31:55,233 [main] INFO  base.BaseClass - Found Element By {by.toString()}
2024-04-17 19:31:55,781 [main] INFO  base.BaseClass - Trying to find Element By {by.toString()})
2024-04-17 19:31:55,811 [main] INFO  base.BaseClass - Found Element By {by.toString()}
2024-04-17 19:31:56,360 [main] INFO  base.BaseClass - Trying to find Element By {by.toString()})
2024-04-17 19:31:56,389 [main] INFO  base.BaseClass - Found Element By {by.toString()}
2024-04-17 19:31:56,936 [main] INFO  base.BaseClass - Trying to find Element By {by.toString()})
2024-04-17 19:31:56,968 [main] INFO  base.BaseClass - Found Element By {by.toString()}
2024-04-17 19:31:57,514 [main] INFO  base.BaseClass - Trying to find Element By {by.toString()})
2024-04-17 19:31:57,530 [main] INFO  base.BaseClass - Found Element By {by.toString()}
2024-04-17 19:31:58,061 [main] INFO  base.BaseClass - Trying to find Element By {by.toString()})
2024-04-17 19:31:58,094 [main] INFO  base.BaseClass - Found Element By {by.toString()}
2024-04-17 19:31:58,637 [main] INFO  base.BaseClass - Trying to find Element By {by.toString()})
2024-04-17 19:31:58,667 [main] INFO  base.BaseClass - Found Element By {by.toString()}
2024-04-17 19:31:59,217 [main] INFO  base.BaseClass - Trying to find Element By {by.toString()})
2024-04-17 19:31:59,248 [main] INFO  base.BaseClass - Found Element By {by.toString()}
2024-04-17 19:31:59,794 [main] INFO  base.BaseClass - Trying to find Element By {by.toString()})
2024-04-17 19:31:59,824 [main] INFO  base.BaseClass - Found Element By {by.toString()}
2024-04-17 19:32:00,355 [main] INFO  base.BaseClass - Trying to find Element By {by.toString()})
2024-04-17 19:32:00,380 [main] INFO  base.BaseClass - Found Element By {by.toString()}
2024-04-17 19:32:00,916 [main] INFO  base.BaseClass - Trying to find Element By {by.toString()})
2024-04-17 19:32:00,947 [main] INFO  base.BaseClass - Found Element By {by.toString()}
2024-04-17 19:32:01,494 [main] INFO  base.BaseClass - Trying to find Element By {by.toString()})
2024-04-17 19:32:01,525 [main] INFO  base.BaseClass - Found Element By {by.toString()}
2024-04-17 19:32:02,072 [main] INFO  base.BaseClass - Trying to find Element By {by.toString()})
2024-04-17 19:32:02,102 [main] INFO  base.BaseClass - Found Element By {by.toString()}
2024-04-17 19:32:02,648 [main] INFO  base.BaseClass - Trying to find Element By {by.toString()})
2024-04-17 19:32:02,679 [main] INFO  base.BaseClass - Found Element By {by.toString()}
2024-04-17 19:32:03,226 [main] INFO  base.BaseClass - Trying to find Element By {by.toString()})
2024-04-17 19:32:03,254 [main] INFO  base.BaseClass - Found Element By {by.toString()}
2024-04-17 19:32:03,804 [main] INFO  base.BaseClass - Trying to find Element By {by.toString()})
2024-04-17 19:32:03,868 [main] INFO  base.BaseClass - Found Element By {by.toString()}
2024-04-17 19:32:04,431 [main] INFO  base.BaseClass - Trying to find Element By {by.toString()})
2024-04-17 19:32:04,462 [main] INFO  base.BaseClass - Found Element By {by.toString()}
2024-04-17 19:32:05,010 [main] INFO  base.BaseClass - Trying to find Element By {by.toString()})
2024-04-17 19:32:05,042 [main] INFO  base.BaseClass - Found Element By {by.toString()}
2024-04-17 19:32:05,574 [main] INFO  base.BaseClass - Trying to find Element By {by.toString()})
2024-04-17 19:32:05,604 [main] INFO  base.BaseClass - Found Element By {by.toString()}
2024-04-17 19:32:06,155 [main] INFO  base.BaseClass - Trying to find Element By {by.toString()})
2024-04-17 19:32:06,187 [main] INFO  base.BaseClass - Found Element By {by.toString()}
2024-04-17 19:32:06,734 [main] INFO  base.BaseClass - Trying to find Element By {by.toString()})
2024-04-17 19:32:06,765 [main] INFO  base.BaseClass - Found Element By {by.toString()}
2024-04-17 19:32:07,309 [main] INFO  base.BaseClass - Trying to find Element By {by.toString()})
2024-04-17 19:32:07,340 [main] INFO  base.BaseClass - Found Element By {by.toString()}
2024-04-17 19:32:07,888 [main] INFO  base.BaseClass - Trying to find Element By {by.toString()})
2024-04-17 19:32:07,919 [main] INFO  base.BaseClass - Found Element By {by.toString()}
2024-04-17 19:32:08,467 [main] INFO  base.BaseClass - Trying to find Element By {by.toString()})
2024-04-17 19:32:08,497 [main] INFO  base.BaseClass - Found Element By {by.toString()}
2024-04-17 19:32:09,027 [main] INFO  base.BaseClass - Trying to find Element By {by.toString()})
2024-04-17 19:32:09,058 [main] INFO  base.BaseClass - Found Element By {by.toString()}
2024-04-17 19:32:09,606 [main] INFO  base.BaseClass - Trying to find Element By {by.toString()})
2024-04-17 19:32:09,634 [main] INFO  base.BaseClass - Found Element By {by.toString()}
2024-04-17 19:32:10,186 [main] INFO  base.BaseClass - Trying to find Element By {by.toString()})
2024-04-17 19:32:10,217 [main] INFO  base.BaseClass - Found Element By {by.toString()}
2024-04-17 19:32:10,762 [main] INFO  base.BaseClass - Trying to find Element By {by.toString()})
2024-04-17 19:32:10,792 [main] INFO  base.BaseClass - Found Element By {by.toString()}
2024-04-17 19:32:11,342 [main] INFO  base.BaseClass - Trying to find Element By {by.toString()})
2024-04-17 19:32:11,370 [main] INFO  base.BaseClass - Found Element By {by.toString()}
2024-04-17 19:32:11,920 [main] INFO  base.BaseClass - Trying to find Element By {by.toString()})
2024-04-17 19:32:11,952 [main] INFO  base.BaseClass - Found Element By {by.toString()}
2024-04-17 19:32:12,482 [main] INFO  base.BaseClass - Trying to find Element By {by.toString()})
2024-04-17 19:32:12,513 [main] INFO  base.BaseClass - Found Element By {by.toString()}
2024-04-17 19:32:13,059 [main] INFO  base.BaseClass - Trying to find Element By {by.toString()})
2024-04-17 19:32:13,090 [main] INFO  base.BaseClass - Found Element By {by.toString()}
TimeoutException occurred: Expected condition failed: waiting for helper.WaitUtility$5@1d4ec120 (tried for 30 second(s) with 500 milliseconds interval)
Build info: version: '3.141.59', revision: 'e82be7d358', time: '2018-11-14T08:17:03'
System info: host: 'DPLAP166', ip: '137.237.2.236', os.name: 'Windows 10', os.arch: 'amd64', os.version: '10.0', java.version: '19.0.1'
Driver info: org.openqa.selenium.support.events.EventFiringWebDriver
Capabilities {acceptInsecureCerts: true, browserName: chrome, browserVersion: 123.0.6312.123, chrome: {chromedriverVersion: 123.0.6312.122 (31f8248cdd9..., userDataDir: C:\Users\dP-PL\AppData\Loca...}, fedcm:accounts: true, goog:chromeOptions: {debuggerAddress: localhost:51256}, javascriptEnabled: true, networkConnectionEnabled: false, pageLoadStrategy: normal, platform: WINDOWS, platformName: WINDOWS, proxy: Proxy(), setWindowRect: true, strictFileInteractability: false, timeouts: {implicit: 0, pageLoad: 300000, script: 30000}, unhandledPromptBehavior: dismiss and notify, webauthn:extension:credBlob: true, webauthn:extension:largeBlob: true, webauthn:extension:minPinLength: true, webauthn:extension:prf: true, webauthn:virtualAuthenticators: true}
Session ID: a59c4df4811f82049fe754efe723d3c1
2024-04-17 19:32:13,130 [main] ERROR RotationCopy_test - Element did not become visible within the specified time: Expected condition failed: waiting for helper.WaitUtility$5@1d4ec120 (tried for 30 second(s) with 500 milliseconds interval)
Build info: version: '3.141.59', revision: 'e82be7d358', time: '2018-11-14T08:17:03'
System info: host: 'DPLAP166', ip: '137.237.2.236', os.name: 'Windows 10', os.arch: 'amd64', os.version: '10.0', java.version: '19.0.1'
Driver info: org.openqa.selenium.support.events.EventFiringWebDriver
Capabilities {acceptInsecureCerts: true, browserName: chrome, browserVersion: 123.0.6312.123, chrome: {chromedriverVersion: 123.0.6312.122 (31f8248cdd9..., userDataDir: C:\Users\dP-PL\AppData\Loca...}, fedcm:accounts: true, goog:chromeOptions: {debuggerAddress: localhost:51256}, javascriptEnabled: true, networkConnectionEnabled: false, pageLoadStrategy: normal, platform: WINDOWS, platformName: WINDOWS, proxy: Proxy(), setWindowRect: true, strictFileInteractability: false, timeouts: {implicit: 0, pageLoad: 300000, script: 30000}, unhandledPromptBehavior: dismiss and notify, webauthn:extension:credBlob: true, webauthn:extension:largeBlob: true, webauthn:extension:minPinLength: true, webauthn:extension:prf: true, webauthn:virtualAuthenticators: true}
Session ID: a59c4df4811f82049fe754efe723d3c1
2024-04-17 19:32:13,131 [main] INFO  base.BaseClass - Trying to find Element By {by.toString()})
2024-04-17 19:32:13,153 [main] INFO  base.BaseClass - Found Element By {by.toString()}
2024-04-17 19:32:13,153 [main] INFO  base.BaseClass - Trying to click on: {element.toString()}
2024-04-17 19:32:13,226 [main] INFO  base.BaseClass - Clicked on: {element.toString()}
2024-04-17 19:32:13,226 [main] INFO  base.BaseClass - Trying to find Element By {by.toString()})
2024-04-17 19:32:13,237 [main] INFO  base.BaseClass - Found Element By {by.toString()}
2024-04-17 19:32:13,759 [main] INFO  base.BaseClass - Trying to find Element By {by.toString()})
2024-04-17 19:32:13,790 [main] INFO  base.BaseClass - Found Element By {by.toString()}
2024-04-17 19:32:14,337 [main] INFO  base.BaseClass - Trying to find Element By {by.toString()})
2024-04-17 19:32:14,367 [main] INFO  base.BaseClass - Found Element By {by.toString()}
2024-04-17 19:32:14,899 [main] INFO  base.BaseClass - Trying to find Element By {by.toString()})
2024-04-17 19:32:14,932 [main] INFO  base.BaseClass - Found Element By {by.toString()}
2024-04-17 19:32:15,480 [main] INFO  base.BaseClass - Trying to find Element By {by.toString()})
2024-04-17 19:32:15,513 [main] INFO  base.BaseClass - Found Element By {by.toString()}
2024-04-17 19:32:16,060 [main] INFO  base.BaseClass - Trying to find Element By {by.toString()})
2024-04-17 19:32:16,092 [main] INFO  base.BaseClass - Found Element By {by.toString()}
2024-04-17 19:32:16,637 [main] INFO  base.BaseClass - Trying to find Element By {by.toString()})
2024-04-17 19:32:16,665 [main] INFO  base.BaseClass - Found Element By {by.toString()}
2024-04-17 19:32:17,199 [main] INFO  base.BaseClass - Trying to find Element By {by.toString()})
2024-04-17 19:32:17,231 [main] INFO  base.BaseClass - Found Element By {by.toString()}
2024-04-17 19:32:17,775 [main] INFO  base.BaseClass - Trying to find Element By {by.toString()})
2024-04-17 19:32:17,808 [main] INFO  base.BaseClass - Found Element By {by.toString()}
2024-04-17 19:32:18,353 [main] INFO  base.BaseClass - Trying to find Element By {by.toString()})
2024-04-17 19:32:18,382 [main] INFO  base.BaseClass - Found Element By {by.toString()}
2024-04-17 19:32:18,913 [main] INFO  base.BaseClass - Trying to find Element By {by.toString()})
2024-04-17 19:32:18,945 [main] INFO  base.BaseClass - Found Element By {by.toString()}
2024-04-17 19:32:19,492 [main] INFO  base.BaseClass - Trying to find Element By {by.toString()})
2024-04-17 19:32:19,510 [main] INFO  base.BaseClass - Found Element By {by.toString()}
2024-04-17 19:32:20,039 [main] INFO  base.BaseClass - Trying to find Element By {by.toString()})
2024-04-17 19:32:20,069 [main] INFO  base.BaseClass - Found Element By {by.toString()}
2024-04-17 19:32:20,616 [main] INFO  base.BaseClass - Trying to find Element By {by.toString()})
2024-04-17 19:32:20,646 [main] INFO  base.BaseClass - Found Element By {by.toString()}
2024-04-17 19:32:21,198 [main] INFO  base.BaseClass - Trying to find Element By {by.toString()})
2024-04-17 19:32:21,229 [main] INFO  base.BaseClass - Found Element By {by.toString()}
2024-04-17 19:32:21,779 [main] INFO  base.BaseClass - Trying to find Element By {by.toString()})
2024-04-17 19:32:21,809 [main] INFO  base.BaseClass - Found Element By {by.toString()}
2024-04-17 19:32:22,358 [main] INFO  base.BaseClass - Trying to find Element By {by.toString()})
2024-04-17 19:32:22,389 [main] INFO  base.BaseClass - Found Element By {by.toString()}
2024-04-17 19:32:22,922 [main] INFO  base.BaseClass - Trying to find Element By {by.toString()})
2024-04-17 19:32:22,952 [main] INFO  base.BaseClass - Found Element By {by.toString()}
2024-04-17 19:32:23,501 [main] INFO  base.BaseClass - Trying to find Element By {by.toString()})
2024-04-17 19:32:23,522 [main] INFO  base.BaseClass - Found Element By {by.toString()}
2024-04-17 19:32:24,046 [main] INFO  base.BaseClass - Trying to find Element By {by.toString()})
2024-04-17 19:32:24,066 [main] INFO  base.BaseClass - Found Element By {by.toString()}
2024-04-17 19:32:24,592 [main] INFO  base.BaseClass - Trying to find Element By {by.toString()})
2024-04-17 19:32:24,657 [main] INFO  base.BaseClass - Found Element By {by.toString()}
2024-04-17 19:32:25,217 [main] INFO  base.BaseClass - Trying to find Element By {by.toString()})
2024-04-17 19:32:25,248 [main] INFO  base.BaseClass - Found Element By {by.toString()}
2024-04-17 19:32:25,795 [main] INFO  base.BaseClass - Trying to find Element By {by.toString()})
2024-04-17 19:32:25,826 [main] INFO  base.BaseClass - Found Element By {by.toString()}
2024-04-17 19:32:26,360 [main] INFO  base.BaseClass - Trying to find Element By {by.toString()})
2024-04-17 19:32:26,390 [main] INFO  base.BaseClass - Found Element By {by.toString()}
2024-04-17 19:32:26,937 [main] INFO  base.BaseClass - Trying to find Element By {by.toString()})
2024-04-17 19:32:26,967 [main] INFO  base.BaseClass - Found Element By {by.toString()}
2024-04-17 19:32:27,514 [main] INFO  base.BaseClass - Trying to find Element By {by.toString()})
2024-04-17 19:32:27,541 [main] INFO  base.BaseClass - Found Element By {by.toString()}
2024-04-17 19:32:28,061 [main] INFO  base.BaseClass - Trying to find Element By {by.toString()})
2024-04-17 19:32:28,083 [main] INFO  base.BaseClass - Found Element By {by.toString()}
2024-04-17 19:32:28,623 [main] INFO  base.BaseClass - Trying to find Element By {by.toString()})
2024-04-17 19:32:28,647 [main] INFO  base.BaseClass - Found Element By {by.toString()}
2024-04-17 19:32:29,200 [main] INFO  base.BaseClass - Trying to find Element By {by.toString()})
2024-04-17 19:32:29,232 [main] INFO  base.BaseClass - Found Element By {by.toString()}
2024-04-17 19:32:29,780 [main] INFO  base.BaseClass - Trying to find Element By {by.toString()})
2024-04-17 19:32:29,810 [main] INFO  base.BaseClass - Found Element By {by.toString()}
2024-04-17 19:32:30,360 [main] INFO  base.BaseClass - Trying to find Element By {by.toString()})
2024-04-17 19:32:30,393 [main] INFO  base.BaseClass - Found Element By {by.toString()}
2024-04-17 19:32:30,937 [main] INFO  base.BaseClass - Trying to find Element By {by.toString()})
2024-04-17 19:32:30,968 [main] INFO  base.BaseClass - Found Element By {by.toString()}
2024-04-17 19:32:31,515 [main] INFO  base.BaseClass - Trying to find Element By {by.toString()})
2024-04-17 19:32:31,545 [main] INFO  base.BaseClass - Found Element By {by.toString()}
2024-04-17 19:32:32,093 [main] INFO  base.BaseClass - Trying to find Element By {by.toString()})
2024-04-17 19:32:32,124 [main] INFO  base.BaseClass - Found Element By {by.toString()}
2024-04-17 19:32:32,670 [main] INFO  base.BaseClass - Trying to find Element By {by.toString()})
2024-04-17 19:32:32,702 [main] INFO  base.BaseClass - Found Element By {by.toString()}
2024-04-17 19:32:33,249 [main] INFO  base.BaseClass - Trying to find Element By {by.toString()})
2024-04-17 19:32:33,280 [main] INFO  base.BaseClass - Found Element By {by.toString()}
2024-04-17 19:32:33,829 [main] INFO  base.BaseClass - Trying to find Element By {by.toString()})
2024-04-17 19:32:33,860 [main] INFO  base.BaseClass - Found Element By {by.toString()}
2024-04-17 19:32:34,405 [main] INFO  base.BaseClass - Trying to find Element By {by.toString()})
2024-04-17 19:32:34,437 [main] INFO  base.BaseClass - Found Element By {by.toString()}
2024-04-17 19:32:34,983 [main] INFO  base.BaseClass - Trying to find Element By {by.toString()})
2024-04-17 19:32:35,015 [main] INFO  base.BaseClass - Found Element By {by.toString()}
2024-04-17 19:32:35,561 [main] INFO  base.BaseClass - Trying to find Element By {by.toString()})
2024-04-17 19:32:35,591 [main] INFO  base.BaseClass - Found Element By {by.toString()}
2024-04-17 19:32:36,139 [main] INFO  base.BaseClass - Trying to find Element By {by.toString()})
2024-04-17 19:32:36,169 [main] INFO  base.BaseClass - Found Element By {by.toString()}
2024-04-17 19:32:36,715 [main] INFO  base.BaseClass - Trying to find Element By {by.toString()})
2024-04-17 19:32:36,746 [main] INFO  base.BaseClass - Found Element By {by.toString()}
2024-04-17 19:32:37,293 [main] INFO  base.BaseClass - Trying to find Element By {by.toString()})
2024-04-17 19:32:37,326 [main] INFO  base.BaseClass - Found Element By {by.toString()}
2024-04-17 19:32:37,871 [main] INFO  base.BaseClass - Trying to find Element By {by.toString()})
2024-04-17 19:32:37,977 [main] INFO  base.BaseClass - Found Element By {by.toString()}
2024-04-17 19:32:38,516 [main] INFO  base.BaseClass - Trying to find Element By {by.toString()})
2024-04-17 19:32:38,540 [main] INFO  base.BaseClass - Found Element By {by.toString()}
2024-04-17 19:32:39,080 [main] INFO  base.BaseClass - Trying to find Element By {by.toString()})
2024-04-17 19:32:39,112 [main] INFO  base.BaseClass - Found Element By {by.toString()}
2024-04-17 19:32:39,642 [main] INFO  base.BaseClass - Trying to find Element By {by.toString()})
2024-04-17 19:32:39,663 [main] INFO  base.BaseClass - Found Element By {by.toString()}
2024-04-17 19:32:40,205 [main] INFO  base.BaseClass - Trying to find Element By {by.toString()})
2024-04-17 19:32:40,224 [main] INFO  base.BaseClass - Found Element By {by.toString()}
2024-04-17 19:32:40,767 [main] INFO  base.BaseClass - Trying to find Element By {by.toString()})
2024-04-17 19:32:40,798 [main] INFO  base.BaseClass - Found Element By {by.toString()}
2024-04-17 19:32:41,345 [main] INFO  base.BaseClass - Trying to find Element By {by.toString()})
2024-04-17 19:32:41,377 [main] INFO  base.BaseClass - Found Element By {by.toString()}
2024-04-17 19:32:41,923 [main] INFO  base.BaseClass - Trying to find Element By {by.toString()})
2024-04-17 19:32:41,954 [main] INFO  base.BaseClass - Found Element By {by.toString()}
2024-04-17 19:32:42,499 [main] INFO  base.BaseClass - Trying to find Element By {by.toString()})
2024-04-17 19:32:42,529 [main] INFO  base.BaseClass - Found Element By {by.toString()}
2024-04-17 19:32:43,080 [main] INFO  base.BaseClass - Trying to find Element By {by.toString()})
2024-04-17 19:32:43,111 [main] INFO  base.BaseClass - Found Element By {by.toString()}
2024-04-17 19:32:43,657 [main] INFO  base.BaseClass - Trying to find Element By {by.toString()})
2024-04-17 19:32:43,684 [main] INFO  base.BaseClass - Found Element By {by.toString()}
TimeoutException occurred: Expected condition failed: waiting for helper.WaitUtility$5@53b407aa (tried for 30 second(s) with 500 milliseconds interval)
Build info: version: '3.141.59', revision: 'e82be7d358', time: '2018-11-14T08:17:03'
System info: host: 'DPLAP166', ip: '137.237.2.236', os.name: 'Windows 10', os.arch: 'amd64', os.version: '10.0', java.version: '19.0.1'
Driver info: org.openqa.selenium.support.events.EventFiringWebDriver
Capabilities {acceptInsecureCerts: true, browserName: chrome, browserVersion: 123.0.6312.123, chrome: {chromedriverVersion: 123.0.6312.122 (31f8248cdd9..., userDataDir: C:\Users\dP-PL\AppData\Loca...}, fedcm:accounts: true, goog:chromeOptions: {debuggerAddress: localhost:51256}, javascriptEnabled: true, networkConnectionEnabled: false, pageLoadStrategy: normal, platform: WINDOWS, platformName: WINDOWS, proxy: Proxy(), setWindowRect: true, strictFileInteractability: false, timeouts: {implicit: 0, pageLoad: 300000, script: 30000}, unhandledPromptBehavior: dismiss and notify, webauthn:extension:credBlob: true, webauthn:extension:largeBlob: true, webauthn:extension:minPinLength: true, webauthn:extension:prf: true, webauthn:virtualAuthenticators: true}
Session ID: a59c4df4811f82049fe754efe723d3c1
2024-04-17 19:32:43,707 [main] ERROR RotationCopy_test - Element did not become visible within the specified time: Expected condition failed: waiting for helper.WaitUtility$5@53b407aa (tried for 30 second(s) with 500 milliseconds interval)
Build info: version: '3.141.59', revision: 'e82be7d358', time: '2018-11-14T08:17:03'
System info: host: 'DPLAP166', ip: '137.237.2.236', os.name: 'Windows 10', os.arch: 'amd64', os.version: '10.0', java.version: '19.0.1'
Driver info: org.openqa.selenium.support.events.EventFiringWebDriver
Capabilities {acceptInsecureCerts: true, browserName: chrome, browserVersion: 123.0.6312.123, chrome: {chromedriverVersion: 123.0.6312.122 (31f8248cdd9..., userDataDir: C:\Users\dP-PL\AppData\Loca...}, fedcm:accounts: true, goog:chromeOptions: {debuggerAddress: localhost:51256}, javascriptEnabled: true, networkConnectionEnabled: false, pageLoadStrategy: normal, platform: WINDOWS, platformName: WINDOWS, proxy: Proxy(), setWindowRect: true, strictFileInteractability: false, timeouts: {implicit: 0, pageLoad: 300000, script: 30000}, unhandledPromptBehavior: dismiss and notify, webauthn:extension:credBlob: true, webauthn:extension:largeBlob: true, webauthn:extension:minPinLength: true, webauthn:extension:prf: true, webauthn:virtualAuthenticators: true}
Session ID: a59c4df4811f82049fe754efe723d3c1
2024-04-17 19:32:43,707 [main] INFO  base.BaseClass - Trying to find Element By {by.toString()})
2024-04-17 19:32:43,715 [main] INFO  base.BaseClass - Found Element By {by.toString()}
2024-04-17 19:32:43,716 [main] INFO  base.BaseClass - Trying to click on: {element.toString()}
2024-04-17 19:32:43,816 [main] INFO  base.BaseClass - Clicked on: {element.toString()}
2024-04-17 19:32:43,822 [main] INFO  base.BaseClass - Trying to find Element By {by.toString()})
2024-04-17 19:32:43,909 [main] INFO  base.BaseClass - Found Element By {by.toString()}
2024-04-17 19:32:44,437 [main] INFO  base.BaseClass - Trying to find Element By {by.toString()})
2024-04-17 19:32:44,471 [main] INFO  base.BaseClass - Found Element By {by.toString()}
2024-04-17 19:32:45,018 [main] INFO  base.BaseClass - Trying to find Element By {by.toString()})
2024-04-17 19:32:45,046 [main] INFO  base.BaseClass - Found Element By {by.toString()}
2024-04-17 19:32:45,579 [main] INFO  base.BaseClass - Trying to find Element By {by.toString()})
2024-04-17 19:32:45,608 [main] INFO  base.BaseClass - Found Element By {by.toString()}
2024-04-17 19:32:46,159 [main] INFO  base.BaseClass - Trying to find Element By {by.toString()})
2024-04-17 19:32:46,191 [main] INFO  base.BaseClass - Found Element By {by.toString()}
2024-04-17 19:32:46,723 [main] INFO  base.BaseClass - Trying to find Element By {by.toString()})
2024-04-17 19:32:46,743 [main] INFO  base.BaseClass - Found Element By {by.toString()}
2024-04-17 19:32:47,291 [main] INFO  base.BaseClass - Trying to find Element By {by.toString()})
2024-04-17 19:32:47,319 [main] INFO  base.BaseClass - Found Element By {by.toString()}
2024-04-17 19:32:47,868 [main] INFO  base.BaseClass - Trying to find Element By {by.toString()})
2024-04-17 19:32:47,896 [main] INFO  base.BaseClass - Found Element By {by.toString()}
2024-04-17 19:32:48,449 [main] INFO  base.BaseClass - Trying to find Element By {by.toString()})
2024-04-17 19:32:48,478 [main] INFO  base.BaseClass - Found Element By {by.toString()}
2024-04-17 19:32:49,026 [main] INFO  base.BaseClass - Trying to find Element By {by.toString()})
2024-04-17 19:32:49,056 [main] INFO  base.BaseClass - Found Element By {by.toString()}
2024-04-17 19:32:49,603 [main] INFO  base.BaseClass - Trying to find Element By {by.toString()})
2024-04-17 19:32:49,632 [main] INFO  base.BaseClass - Found Element By {by.toString()}
2024-04-17 19:32:50,180 [main] INFO  base.BaseClass - Trying to find Element By {by.toString()})
2024-04-17 19:32:50,210 [main] INFO  base.BaseClass - Found Element By {by.toString()}
2024-04-17 19:32:50,746 [main] INFO  base.BaseClass - Trying to find Element By {by.toString()})
2024-04-17 19:32:50,765 [main] INFO  base.BaseClass - Found Element By {by.toString()}
2024-04-17 19:32:51,307 [main] INFO  base.BaseClass - Trying to find Element By {by.toString()})
2024-04-17 19:32:51,335 [main] INFO  base.BaseClass - Found Element By {by.toString()}
2024-04-17 19:32:51,885 [main] INFO  base.BaseClass - Trying to find Element By {by.toString()})
2024-04-17 19:32:51,914 [main] INFO  base.BaseClass - Found Element By {by.toString()}
2024-04-17 19:32:52,462 [main] INFO  base.BaseClass - Trying to find Element By {by.toString()})
2024-04-17 19:32:52,488 [main] INFO  base.BaseClass - Found Element By {by.toString()}
2024-04-17 19:32:53,038 [main] INFO  base.BaseClass - Trying to find Element By {by.toString()})
2024-04-17 19:32:53,079 [main] INFO  base.BaseClass - Found Element By {by.toString()}
2024-04-17 19:32:53,601 [main] INFO  base.BaseClass - Trying to find Element By {by.toString()})
2024-04-17 19:32:53,624 [main] INFO  base.BaseClass - Found Element By {by.toString()}
2024-04-17 19:32:54,160 [main] INFO  base.BaseClass - Trying to find Element By {by.toString()})
2024-04-17 19:32:54,190 [main] INFO  base.BaseClass - Found Element By {by.toString()}
2024-04-17 19:32:54,739 [main] INFO  base.BaseClass - Trying to find Element By {by.toString()})
2024-04-17 19:32:54,767 [main] INFO  base.BaseClass - Found Element By {by.toString()}
2024-04-17 19:32:55,317 [main] INFO  base.BaseClass - Trying to find Element By {by.toString()})
2024-04-17 19:32:55,345 [main] INFO  base.BaseClass - Found Element By {by.toString()}
2024-04-17 19:32:55,893 [main] INFO  base.BaseClass - Trying to find Element By {by.toString()})
2024-04-17 19:32:55,923 [main] INFO  base.BaseClass - Found Element By {by.toString()}
2024-04-17 19:32:56,469 [main] INFO  base.BaseClass - Trying to find Element By {by.toString()})
2024-04-17 19:32:56,496 [main] INFO  base.BaseClass - Found Element By {by.toString()}
2024-04-17 19:32:57,031 [main] INFO  base.BaseClass - Trying to find Element By {by.toString()})
2024-04-17 19:32:57,060 [main] INFO  base.BaseClass - Found Element By {by.toString()}
2024-04-17 19:32:57,609 [main] INFO  base.BaseClass - Trying to find Element By {by.toString()})
2024-04-17 19:32:57,638 [main] INFO  base.BaseClass - Found Element By {by.toString()}
2024-04-17 19:32:58,185 [main] INFO  base.BaseClass - Trying to find Element By {by.toString()})
2024-04-17 19:32:58,213 [main] INFO  base.BaseClass - Found Element By {by.toString()}
2024-04-17 19:32:58,764 [main] INFO  base.BaseClass - Trying to find Element By {by.toString()})
2024-04-17 19:32:58,793 [main] INFO  base.BaseClass - Found Element By {by.toString()}
2024-04-17 19:32:59,345 [main] INFO  base.BaseClass - Trying to find Element By {by.toString()})
2024-04-17 19:32:59,374 [main] INFO  base.BaseClass - Found Element By {by.toString()}
2024-04-17 19:32:59,908 [main] INFO  base.BaseClass - Trying to find Element By {by.toString()})
2024-04-17 19:32:59,936 [main] INFO  base.BaseClass - Found Element By {by.toString()}
2024-04-17 19:33:00,472 [main] INFO  base.BaseClass - Trying to find Element By {by.toString()})
2024-04-17 19:33:00,501 [main] INFO  base.BaseClass - Found Element By {by.toString()}
2024-04-17 19:33:01,052 [main] INFO  base.BaseClass - Trying to find Element By {by.toString()})
2024-04-17 19:33:01,080 [main] INFO  base.BaseClass - Found Element By {by.toString()}
2024-04-17 19:33:01,633 [main] INFO  base.BaseClass - Trying to find Element By {by.toString()})
2024-04-17 19:33:01,662 [main] INFO  base.BaseClass - Found Element By {by.toString()}
2024-04-17 19:33:02,210 [main] INFO  base.BaseClass - Trying to find Element By {by.toString()})
2024-04-17 19:33:02,240 [main] INFO  base.BaseClass - Found Element By {by.toString()}
2024-04-17 19:33:02,791 [main] INFO  base.BaseClass - Trying to find Element By {by.toString()})
2024-04-17 19:33:02,819 [main] INFO  base.BaseClass - Found Element By {by.toString()}
2024-04-17 19:33:03,355 [main] INFO  base.BaseClass - Trying to find Element By {by.toString()})
2024-04-17 19:33:03,383 [main] INFO  base.BaseClass - Found Element By {by.toString()}
2024-04-17 19:33:03,932 [main] INFO  base.BaseClass - Trying to find Element By {by.toString()})
2024-04-17 19:33:03,960 [main] INFO  base.BaseClass - Found Element By {by.toString()}
2024-04-17 19:33:04,508 [main] INFO  base.BaseClass - Trying to find Element By {by.toString()})
2024-04-17 19:33:04,539 [main] INFO  base.BaseClass - Found Element By {by.toString()}
2024-04-17 19:33:05,071 [main] INFO  base.BaseClass - Trying to find Element By {by.toString()})
2024-04-17 19:33:05,100 [main] INFO  base.BaseClass - Found Element By {by.toString()}
2024-04-17 19:33:05,637 [main] INFO  base.BaseClass - Trying to find Element By {by.toString()})
2024-04-17 19:33:05,666 [main] INFO  base.BaseClass - Found Element By {by.toString()}
2024-04-17 19:33:06,214 [main] INFO  base.BaseClass - Trying to find Element By {by.toString()})
2024-04-17 19:33:06,243 [main] INFO  base.BaseClass - Found Element By {by.toString()}
2024-04-17 19:33:06,790 [main] INFO  base.BaseClass - Trying to find Element By {by.toString()})
2024-04-17 19:33:06,817 [main] INFO  base.BaseClass - Found Element By {by.toString()}
2024-04-17 19:33:07,354 [main] INFO  base.BaseClass - Trying to find Element By {by.toString()})
2024-04-17 19:33:07,383 [main] INFO  base.BaseClass - Found Element By {by.toString()}
2024-04-17 19:33:07,920 [main] INFO  base.BaseClass - Trying to find Element By {by.toString()})
2024-04-17 19:33:07,947 [main] INFO  base.BaseClass - Found Element By {by.toString()}
2024-04-17 19:33:08,498 [main] INFO  base.BaseClass - Trying to find Element By {by.toString()})
2024-04-17 19:33:08,527 [main] INFO  base.BaseClass - Found Element By {by.toString()}
2024-04-17 19:33:09,076 [main] INFO  base.BaseClass - Trying to find Element By {by.toString()})
2024-04-17 19:33:09,105 [main] INFO  base.BaseClass - Found Element By {by.toString()}
2024-04-17 19:33:09,655 [main] INFO  base.BaseClass - Trying to find Element By {by.toString()})
2024-04-17 19:33:09,673 [main] INFO  base.BaseClass - Found Element By {by.toString()}
2024-04-17 19:33:10,200 [main] INFO  base.BaseClass - Trying to find Element By {by.toString()})
2024-04-17 19:33:10,229 [main] INFO  base.BaseClass - Found Element By {by.toString()}
2024-04-17 19:33:10,780 [main] INFO  base.BaseClass - Trying to find Element By {by.toString()})
2024-04-17 19:33:10,809 [main] INFO  base.BaseClass - Found Element By {by.toString()}
2024-04-17 19:33:11,361 [main] INFO  base.BaseClass - Trying to find Element By {by.toString()})
2024-04-17 19:33:11,390 [main] INFO  base.BaseClass - Found Element By {by.toString()}
2024-04-17 19:33:11,944 [main] INFO  base.BaseClass - Trying to find Element By {by.toString()})
2024-04-17 19:33:11,971 [main] INFO  base.BaseClass - Found Element By {by.toString()}
2024-04-17 19:33:12,525 [main] INFO  base.BaseClass - Trying to find Element By {by.toString()})
2024-04-17 19:33:12,554 [main] INFO  base.BaseClass - Found Element By {by.toString()}
2024-04-17 19:33:13,090 [main] INFO  base.BaseClass - Trying to find Element By {by.toString()})
2024-04-17 19:33:13,118 [main] INFO  base.BaseClass - Found Element By {by.toString()}
2024-04-17 19:33:13,671 [main] INFO  base.BaseClass - Trying to find Element By {by.toString()})
2024-04-17 19:33:13,700 [main] INFO  base.BaseClass - Found Element By {by.toString()}
2024-04-17 19:33:14,249 [main] INFO  base.BaseClass - Trying to find Element By {by.toString()})
2024-04-17 19:33:14,277 [main] INFO  base.BaseClass - Found Element By {by.toString()}
TimeoutException occurred: Expected condition failed: waiting for helper.WaitUtility$5@28dfe77c (tried for 30 second(s) with 500 milliseconds interval)
Build info: version: '3.141.59', revision: 'e82be7d358', time: '2018-11-14T08:17:03'
System info: host: 'DPLAP166', ip: '137.237.2.236', os.name: 'Windows 10', os.arch: 'amd64', os.version: '10.0', java.version: '19.0.1'
Driver info: org.openqa.selenium.support.events.EventFiringWebDriver
Capabilities {acceptInsecureCerts: true, browserName: chrome, browserVersion: 123.0.6312.123, chrome: {chromedriverVersion: 123.0.6312.122 (31f8248cdd9..., userDataDir: C:\Users\dP-PL\AppData\Loca...}, fedcm:accounts: true, goog:chromeOptions: {debuggerAddress: localhost:51256}, javascriptEnabled: true, networkConnectionEnabled: false, pageLoadStrategy: normal, platform: WINDOWS, platformName: WINDOWS, proxy: Proxy(), setWindowRect: true, strictFileInteractability: false, timeouts: {implicit: 0, pageLoad: 300000, script: 30000}, unhandledPromptBehavior: dismiss and notify, webauthn:extension:credBlob: true, webauthn:extension:largeBlob: true, webauthn:extension:minPinLength: true, webauthn:extension:prf: true, webauthn:virtualAuthenticators: true}
Session ID: a59c4df4811f82049fe754efe723d3c1
2024-04-17 19:33:14,315 [main] ERROR RotationCopy_test - Element did not become visible within the specified time: Expected condition failed: waiting for helper.WaitUtility$5@28dfe77c (tried for 30 second(s) with 500 milliseconds interval)
Build info: version: '3.141.59', revision: 'e82be7d358', time: '2018-11-14T08:17:03'
System info: host: 'DPLAP166', ip: '137.237.2.236', os.name: 'Windows 10', os.arch: 'amd64', os.version: '10.0', java.version: '19.0.1'
Driver info: org.openqa.selenium.support.events.EventFiringWebDriver
Capabilities {acceptInsecureCerts: true, browserName: chrome, browserVersion: 123.0.6312.123, chrome: {chromedriverVersion: 123.0.6312.122 (31f8248cdd9..., userDataDir: C:\Users\dP-PL\AppData\Loca...}, fedcm:accounts: true, goog:chromeOptions: {debuggerAddress: localhost:51256}, javascriptEnabled: true, networkConnectionEnabled: false, pageLoadStrategy: normal, platform: WINDOWS, platformName: WINDOWS, proxy: Proxy(), setWindowRect: true, strictFileInteractability: false, timeouts: {implicit: 0, pageLoad: 300000, script: 30000}, unhandledPromptBehavior: dismiss and notify, webauthn:extension:credBlob: true, webauthn:extension:largeBlob: true, webauthn:extension:minPinLength: true, webauthn:extension:prf: true, webauthn:virtualAuthenticators: true}
Session ID: a59c4df4811f82049fe754efe723d3c1
2024-04-17 19:33:14,316 [main] INFO  base.BaseClass - Trying to find Element By {by.toString()})
2024-04-17 19:33:14,332 [main] INFO  base.BaseClass - Found Element By {by.toString()}
2024-04-17 19:33:14,333 [main] INFO  base.BaseClass - Trying to click on: {element.toString()}
2024-04-17 19:33:14,400 [main] INFO  base.BaseClass - Clicked on: {element.toString()}
2024-04-17 19:33:14,406 [main] INFO  base.BaseClass - Trying to find Element By {by.toString()})
2024-04-17 19:33:14,416 [main] INFO  base.BaseClass - Found Element By {by.toString()}
2024-04-17 19:33:14,937 [main] INFO  base.BaseClass - Trying to find Element By {by.toString()})
2024-04-17 19:33:15,269 [main] INFO  base.BaseClass - Found Element By {by.toString()}
2024-04-17 19:33:15,792 [main] INFO  base.BaseClass - Trying to find Element By {by.toString()})
2024-04-17 19:33:15,825 [main] INFO  base.BaseClass - Found Element By {by.toString()}
2024-04-17 19:33:16,372 [main] INFO  base.BaseClass - Trying to find Element By {by.toString()})
2024-04-17 19:33:16,403 [main] INFO  base.BaseClass - Found Element By {by.toString()}
2024-04-17 19:33:16,932 [main] INFO  base.BaseClass - Trying to find Element By {by.toString()})
2024-04-17 19:33:16,965 [main] INFO  base.BaseClass - Found Element By {by.toString()}
2024-04-17 19:33:17,499 [main] INFO  base.BaseClass - Trying to find Element By {by.toString()})
2024-04-17 19:33:17,527 [main] INFO  base.BaseClass - Found Element By {by.toString()}
2024-04-17 19:33:18,063 [main] INFO  base.BaseClass - Trying to find Element By {by.toString()})
2024-04-17 19:33:18,092 [main] INFO  base.BaseClass - Found Element By {by.toString()}
2024-04-17 19:33:18,642 [main] INFO  base.BaseClass - Trying to find Element By {by.toString()})
2024-04-17 19:33:18,672 [main] INFO  base.BaseClass - Found Element By {by.toString()}
2024-04-17 19:33:19,220 [main] INFO  base.BaseClass - Trying to find Element By {by.toString()})
2024-04-17 19:33:19,237 [main] INFO  base.BaseClass - Found Element By {by.toString()}
2024-04-17 19:33:19,765 [main] INFO  base.BaseClass - Trying to find Element By {by.toString()})
2024-04-17 19:33:19,795 [main] INFO  base.BaseClass - Found Element By {by.toString()}
2024-04-17 19:33:20,343 [main] INFO  base.BaseClass - Trying to find Element By {by.toString()})
2024-04-17 19:33:20,371 [main] INFO  base.BaseClass - Found Element By {by.toString()}
2024-04-17 19:33:20,920 [main] INFO  base.BaseClass - Trying to find Element By {by.toString()})
2024-04-17 19:33:20,948 [main] INFO  base.BaseClass - Found Element By {by.toString()}
2024-04-17 19:33:21,482 [main] INFO  base.BaseClass - Trying to find Element By {by.toString()})
2024-04-17 19:33:21,511 [main] INFO  base.BaseClass - Found Element By {by.toString()}
2024-04-17 19:33:22,059 [main] INFO  base.BaseClass - Trying to find Element By {by.toString()})
2024-04-17 19:33:22,089 [main] INFO  base.BaseClass - Found Element By {by.toString()}
2024-04-17 19:33:22,637 [main] INFO  base.BaseClass - Trying to find Element By {by.toString()})
2024-04-17 19:33:22,666 [main] INFO  base.BaseClass - Found Element By {by.toString()}
2024-04-17 19:33:23,215 [main] INFO  base.BaseClass - Trying to find Element By {by.toString()})
2024-04-17 19:33:23,244 [main] INFO  base.BaseClass - Found Element By {by.toString()}
2024-04-17 19:33:23,794 [main] INFO  base.BaseClass - Trying to find Element By {by.toString()})
2024-04-17 19:33:23,824 [main] INFO  base.BaseClass - Found Element By {by.toString()}
2024-04-17 19:33:24,376 [main] INFO  base.BaseClass - Trying to find Element By {by.toString()})
2024-04-17 19:33:24,407 [main] INFO  base.BaseClass - Found Element By {by.toString()}
2024-04-17 19:33:24,953 [main] INFO  base.BaseClass - Trying to find Element By {by.toString()})
2024-04-17 19:33:24,982 [main] INFO  base.BaseClass - Found Element By {by.toString()}
2024-04-17 19:33:25,532 [main] INFO  base.BaseClass - Trying to find Element By {by.toString()})
2024-04-17 19:33:25,561 [main] INFO  base.BaseClass - Found Element By {by.toString()}
2024-04-17 19:33:26,111 [main] INFO  base.BaseClass - Trying to find Element By {by.toString()})
2024-04-17 19:33:26,140 [main] INFO  base.BaseClass - Found Element By {by.toString()}
2024-04-17 19:33:26,675 [main] INFO  base.BaseClass - Trying to find Element By {by.toString()})
2024-04-17 19:33:26,703 [main] INFO  base.BaseClass - Found Element By {by.toString()}
2024-04-17 19:33:27,241 [main] INFO  base.BaseClass - Trying to find Element By {by.toString()})
2024-04-17 19:33:27,261 [main] INFO  base.BaseClass - Found Element By {by.toString()}
2024-04-17 19:33:27,801 [main] INFO  base.BaseClass - Trying to find Element By {by.toString()})
2024-04-17 19:33:27,830 [main] INFO  base.BaseClass - Found Element By {by.toString()}
2024-04-17 19:33:28,377 [main] INFO  base.BaseClass - Trying to find Element By {by.toString()})
2024-04-17 19:33:28,406 [main] INFO  base.BaseClass - Found Element By {by.toString()}
2024-04-17 19:33:28,955 [main] INFO  base.BaseClass - Trying to find Element By {by.toString()})
2024-04-17 19:33:28,982 [main] INFO  base.BaseClass - Found Element By {by.toString()}
2024-04-17 19:33:29,521 [main] INFO  base.BaseClass - Trying to find Element By {by.toString()})
2024-04-17 19:33:29,550 [main] INFO  base.BaseClass - Found Element By {by.toString()}
2024-04-17 19:33:30,087 [main] INFO  base.BaseClass - Trying to find Element By {by.toString()})
2024-04-17 19:33:30,114 [main] INFO  base.BaseClass - Found Element By {by.toString()}
2024-04-17 19:33:30,668 [main] INFO  base.BaseClass - Trying to find Element By {by.toString()})
2024-04-17 19:33:30,696 [main] INFO  base.BaseClass - Found Element By {by.toString()}
2024-04-17 19:33:31,243 [main] INFO  base.BaseClass - Trying to find Element By {by.toString()})
2024-04-17 19:33:31,273 [main] INFO  base.BaseClass - Found Element By {by.toString()}
2024-04-17 19:33:31,805 [main] INFO  base.BaseClass - Trying to find Element By {by.toString()})
2024-04-17 19:33:31,833 [main] INFO  base.BaseClass - Found Element By {by.toString()}
2024-04-17 19:33:32,373 [main] INFO  base.BaseClass - Trying to find Element By {by.toString()})
2024-04-17 19:33:32,402 [main] INFO  base.BaseClass - Found Element By {by.toString()}
2024-04-17 19:33:32,953 [main] INFO  base.BaseClass - Trying to find Element By {by.toString()})
2024-04-17 19:33:32,982 [main] INFO  base.BaseClass - Found Element By {by.toString()}
2024-04-17 19:33:33,518 [main] INFO  base.BaseClass - Trying to find Element By {by.toString()})
2024-04-17 19:33:33,547 [main] INFO  base.BaseClass - Found Element By {by.toString()}
2024-04-17 19:33:34,100 [main] INFO  base.BaseClass - Trying to find Element By {by.toString()})
2024-04-17 19:33:34,129 [main] INFO  base.BaseClass - Found Element By {by.toString()}
2024-04-17 19:33:34,647 [main] INFO  base.BaseClass - Trying to find Element By {by.toString()})
2024-04-17 19:33:34,676 [main] INFO  base.BaseClass - Found Element By {by.toString()}
2024-04-17 19:33:35,229 [main] INFO  base.BaseClass - Trying to find Element By {by.toString()})
2024-04-17 19:33:35,258 [main] INFO  base.BaseClass - Found Element By {by.toString()}
2024-04-17 19:33:35,810 [main] INFO  base.BaseClass - Trying to find Element By {by.toString()})
2024-04-17 19:33:35,838 [main] INFO  base.BaseClass - Found Element By {by.toString()}
2024-04-17 19:33:36,388 [main] INFO  base.BaseClass - Trying to find Element By {by.toString()})
2024-04-17 19:33:36,406 [main] INFO  base.BaseClass - Found Element By {by.toString()}
2024-04-17 19:33:36,935 [main] INFO  base.BaseClass - Trying to find Element By {by.toString()})
2024-04-17 19:33:36,968 [main] INFO  base.BaseClass - Found Element By {by.toString()}
2024-04-17 19:33:37,497 [main] INFO  base.BaseClass - Trying to find Element By {by.toString()})
2024-04-17 19:33:37,526 [main] INFO  base.BaseClass - Found Element By {by.toString()}
2024-04-17 19:33:38,074 [main] INFO  base.BaseClass - Trying to find Element By {by.toString()})
2024-04-17 19:33:38,102 [main] INFO  base.BaseClass - Found Element By {by.toString()}
2024-04-17 19:33:38,635 [main] INFO  base.BaseClass - Trying to find Element By {by.toString()})
2024-04-17 19:33:38,664 [main] INFO  base.BaseClass - Found Element By {by.toString()}
2024-04-17 19:33:39,214 [main] INFO  base.BaseClass - Trying to find Element By {by.toString()})
2024-04-17 19:33:39,224 [main] INFO  base.BaseClass - Found Element By {by.toString()}
2024-04-17 19:33:39,743 [main] INFO  base.BaseClass - Trying to find Element By {by.toString()})
2024-04-17 19:33:39,763 [main] INFO  base.BaseClass - Found Element By {by.toString()}
2024-04-17 19:33:40,290 [main] INFO  base.BaseClass - Trying to find Element By {by.toString()})
2024-04-17 19:33:40,319 [main] INFO  base.BaseClass - Found Element By {by.toString()}
2024-04-17 19:33:40,867 [main] INFO  base.BaseClass - Trying to find Element By {by.toString()})
2024-04-17 19:33:40,897 [main] INFO  base.BaseClass - Found Element By {by.toString()}
2024-04-17 19:33:41,447 [main] INFO  base.BaseClass - Trying to find Element By {by.toString()})
2024-04-17 19:33:41,477 [main] INFO  base.BaseClass - Found Element By {by.toString()}
2024-04-17 19:33:42,023 [main] INFO  base.BaseClass - Trying to find Element By {by.toString()})
2024-04-17 19:33:42,051 [main] INFO  base.BaseClass - Found Element By {by.toString()}
2024-04-17 19:33:42,588 [main] INFO  base.BaseClass - Trying to find Element By {by.toString()})
2024-04-17 19:33:42,649 [main] INFO  base.BaseClass - Found Element By {by.toString()}
2024-04-17 19:33:43,211 [main] INFO  base.BaseClass - Trying to find Element By {by.toString()})
2024-04-17 19:33:43,241 [main] INFO  base.BaseClass - Found Element By {by.toString()}
2024-04-17 19:33:43,788 [main] INFO  base.BaseClass - Trying to find Element By {by.toString()})
2024-04-17 19:33:43,815 [main] INFO  base.BaseClass - Found Element By {by.toString()}
2024-04-17 19:33:44,352 [main] INFO  base.BaseClass - Trying to find Element By {by.toString()})
2024-04-17 19:33:44,380 [main] INFO  base.BaseClass - Found Element By {by.toString()}
TimeoutException occurred: Expected condition failed: waiting for helper.WaitUtility$5@6e4d9e38 (tried for 30 second(s) with 500 milliseconds interval)
Build info: version: '3.141.59', revision: 'e82be7d358', time: '2018-11-14T08:17:03'
System info: host: 'DPLAP166', ip: '137.237.2.236', os.name: 'Windows 10', os.arch: 'amd64', os.version: '10.0', java.version: '19.0.1'
Driver info: org.openqa.selenium.support.events.EventFiringWebDriver
Capabilities {acceptInsecureCerts: true, browserName: chrome, browserVersion: 123.0.6312.123, chrome: {chromedriverVersion: 123.0.6312.122 (31f8248cdd9..., userDataDir: C:\Users\dP-PL\AppData\Loca...}, fedcm:accounts: true, goog:chromeOptions: {debuggerAddress: localhost:51256}, javascriptEnabled: true, networkConnectionEnabled: false, pageLoadStrategy: normal, platform: WINDOWS, platformName: WINDOWS, proxy: Proxy(), setWindowRect: true, strictFileInteractability: false, timeouts: {implicit: 0, pageLoad: 300000, script: 30000}, unhandledPromptBehavior: dismiss and notify, webauthn:extension:credBlob: true, webauthn:extension:largeBlob: true, webauthn:extension:minPinLength: true, webauthn:extension:prf: true, webauthn:virtualAuthenticators: true}
Session ID: a59c4df4811f82049fe754efe723d3c1
2024-04-17 19:33:44,411 [main] ERROR RotationCopy_test - Element did not become visible within the specified time: Expected condition failed: waiting for helper.WaitUtility$5@6e4d9e38 (tried for 30 second(s) with 500 milliseconds interval)
Build info: version: '3.141.59', revision: 'e82be7d358', time: '2018-11-14T08:17:03'
System info: host: 'DPLAP166', ip: '137.237.2.236', os.name: 'Windows 10', os.arch: 'amd64', os.version: '10.0', java.version: '19.0.1'
Driver info: org.openqa.selenium.support.events.EventFiringWebDriver
Capabilities {acceptInsecureCerts: true, browserName: chrome, browserVersion: 123.0.6312.123, chrome: {chromedriverVersion: 123.0.6312.122 (31f8248cdd9..., userDataDir: C:\Users\dP-PL\AppData\Loca...}, fedcm:accounts: true, goog:chromeOptions: {debuggerAddress: localhost:51256}, javascriptEnabled: true, networkConnectionEnabled: false, pageLoadStrategy: normal, platform: WINDOWS, platformName: WINDOWS, proxy: Proxy(), setWindowRect: true, strictFileInteractability: false, timeouts: {implicit: 0, pageLoad: 300000, script: 30000}, unhandledPromptBehavior: dismiss and notify, webauthn:extension:credBlob: true, webauthn:extension:largeBlob: true, webauthn:extension:minPinLength: true, webauthn:extension:prf: true, webauthn:virtualAuthenticators: true}
Session ID: a59c4df4811f82049fe754efe723d3c1
2024-04-17 19:33:44,411 [main] INFO  base.BaseClass - Trying to find Element By {by.toString()})
2024-04-17 19:33:44,429 [main] INFO  base.BaseClass - Found Element By {by.toString()}
2024-04-17 19:33:44,429 [main] INFO  base.BaseClass - Trying to click on: {element.toString()}
2024-04-17 19:33:44,539 [main] INFO  base.BaseClass - Clicked on: {element.toString()}
2024-04-17 19:33:44,539 [main] INFO  base.BaseClass - Trying to find Element By {by.toString()})
2024-04-17 19:33:45,381 [main] INFO  base.BaseClass - Found Element By {by.toString()}
2024-04-17 19:33:45,902 [main] INFO  base.BaseClass - Trying to find Element By {by.toString()})
2024-04-17 19:33:45,934 [main] INFO  base.BaseClass - Found Element By {by.toString()}
2024-04-17 19:33:46,467 [main] INFO  base.BaseClass - Trying to find Element By {by.toString()})
2024-04-17 19:33:46,493 [main] INFO  base.BaseClass - Found Element By {by.toString()}
2024-04-17 19:33:47,030 [main] INFO  base.BaseClass - Trying to find Element By {by.toString()})
2024-04-17 19:33:47,056 [main] INFO  base.BaseClass - Found Element By {by.toString()}
2024-04-17 19:33:47,579 [main] INFO  base.BaseClass - Trying to find Element By {by.toString()})
2024-04-17 19:33:47,611 [main] INFO  base.BaseClass - Found Element By {by.toString()}
2024-04-17 19:33:48,159 [main] INFO  base.BaseClass - Trying to find Element By {by.toString()})
2024-04-17 19:33:48,192 [main] INFO  base.BaseClass - Found Element By {by.toString()}
2024-04-17 19:33:48,722 [main] INFO  base.BaseClass - Trying to find Element By {by.toString()})
2024-04-17 19:33:48,753 [main] INFO  base.BaseClass - Found Element By {by.toString()}
2024-04-17 19:33:49,303 [main] INFO  base.BaseClass - Trying to find Element By {by.toString()})
2024-04-17 19:33:49,334 [main] INFO  base.BaseClass - Found Element By {by.toString()}
2024-04-17 19:33:49,883 [main] INFO  base.BaseClass - Trying to find Element By {by.toString()})
2024-04-17 19:33:49,915 [main] INFO  base.BaseClass - Found Element By {by.toString()}
2024-04-17 19:33:50,461 [main] INFO  base.BaseClass - Trying to find Element By {by.toString()})
2024-04-17 19:33:50,493 [main] INFO  base.BaseClass - Found Element By {by.toString()}
2024-04-17 19:33:51,022 [main] INFO  base.BaseClass - Trying to find Element By {by.toString()})
2024-04-17 19:33:51,054 [main] INFO  base.BaseClass - Found Element By {by.toString()}
2024-04-17 19:33:51,600 [main] INFO  base.BaseClass - Trying to find Element By {by.toString()})
2024-04-17 19:33:51,633 [main] INFO  base.BaseClass - Found Element By {by.toString()}
2024-04-17 19:33:52,182 [main] INFO  base.BaseClass - Trying to find Element By {by.toString()})
2024-04-17 19:33:52,209 [main] INFO  base.BaseClass - Found Element By {by.toString()}
2024-04-17 19:33:52,730 [main] INFO  base.BaseClass - Trying to find Element By {by.toString()})
2024-04-17 19:33:52,761 [main] INFO  base.BaseClass - Found Element By {by.toString()}
2024-04-17 19:33:53,310 [main] INFO  base.BaseClass - Trying to find Element By {by.toString()})
2024-04-17 19:33:53,342 [main] INFO  base.BaseClass - Found Element By {by.toString()}
2024-04-17 19:33:53,887 [main] INFO  base.BaseClass - Trying to find Element By {by.toString()})
2024-04-17 19:33:53,920 [main] INFO  base.BaseClass - Found Element By {by.toString()}
2024-04-17 19:33:54,464 [main] INFO  base.BaseClass - Trying to find Element By {by.toString()})
2024-04-17 19:33:54,496 [main] INFO  base.BaseClass - Found Element By {by.toString()}
2024-04-17 19:33:55,045 [main] INFO  base.BaseClass - Trying to find Element By {by.toString()})
2024-04-17 19:33:55,077 [main] INFO  base.BaseClass - Found Element By {by.toString()}
2024-04-17 19:33:55,620 [main] INFO  base.BaseClass - Trying to find Element By {by.toString()})
2024-04-17 19:33:55,653 [main] INFO  base.BaseClass - Found Element By {by.toString()}
2024-04-17 19:33:56,199 [main] INFO  base.BaseClass - Trying to find Element By {by.toString()})
2024-04-17 19:33:56,232 [main] INFO  base.BaseClass - Found Element By {by.toString()}
2024-04-17 19:33:56,807 [main] INFO  base.BaseClass - Trying to find Element By {by.toString()})
2024-04-17 19:33:56,840 [main] INFO  base.BaseClass - Found Element By {by.toString()}
2024-04-17 19:33:57,382 [main] INFO  base.BaseClass - Trying to find Element By {by.toString()})
2024-04-17 19:33:57,415 [main] INFO  base.BaseClass - Found Element By {by.toString()}
2024-04-17 19:33:57,963 [main] INFO  base.BaseClass - Trying to find Element By {by.toString()})
2024-04-17 19:33:57,996 [main] INFO  base.BaseClass - Found Element By {by.toString()}
2024-04-17 19:33:58,544 [main] INFO  base.BaseClass - Trying to find Element By {by.toString()})
2024-04-17 19:33:58,575 [main] INFO  base.BaseClass - Found Element By {by.toString()}
2024-04-17 19:33:59,124 [main] INFO  base.BaseClass - Trying to find Element By {by.toString()})
2024-04-17 19:33:59,156 [main] INFO  base.BaseClass - Found Element By {by.toString()}
2024-04-17 19:33:59,686 [main] INFO  base.BaseClass - Trying to find Element By {by.toString()})
2024-04-17 19:33:59,868 [main] INFO  base.BaseClass - Found Element By {by.toString()}
2024-04-17 19:34:00,422 [main] INFO  base.BaseClass - Trying to find Element By {by.toString()})
2024-04-17 19:34:00,449 [main] INFO  base.BaseClass - Found Element By {by.toString()}
2024-04-17 19:34:00,988 [main] INFO  base.BaseClass - Trying to find Element By {by.toString()})
2024-04-17 19:34:01,018 [main] INFO  base.BaseClass - Found Element By {by.toString()}
2024-04-17 19:34:01,563 [main] INFO  base.BaseClass - Trying to find Element By {by.toString()})
2024-04-17 19:34:01,596 [main] INFO  base.BaseClass - Found Element By {by.toString()}
2024-04-17 19:34:02,140 [main] INFO  base.BaseClass - Trying to find Element By {by.toString()})
2024-04-17 19:34:02,172 [main] INFO  base.BaseClass - Found Element By {by.toString()}
2024-04-17 19:34:02,718 [main] INFO  base.BaseClass - Trying to find Element By {by.toString()})
2024-04-17 19:34:02,749 [main] INFO  base.BaseClass - Found Element By {by.toString()}
2024-04-17 19:34:03,294 [main] INFO  base.BaseClass - Trying to find Element By {by.toString()})
2024-04-17 19:34:03,318 [main] INFO  base.BaseClass - Found Element By {by.toString()}
2024-04-17 19:34:03,858 [main] INFO  base.BaseClass - Trying to find Element By {by.toString()})
2024-04-17 19:34:03,889 [main] INFO  base.BaseClass - Found Element By {by.toString()}
2024-04-17 19:34:04,439 [main] INFO  base.BaseClass - Trying to find Element By {by.toString()})
2024-04-17 19:34:04,470 [main] INFO  base.BaseClass - Found Element By {by.toString()}
2024-04-17 19:34:05,017 [main] INFO  base.BaseClass - Trying to find Element By {by.toString()})
2024-04-17 19:34:05,047 [main] INFO  base.BaseClass - Found Element By {by.toString()}
2024-04-17 19:34:05,594 [main] INFO  base.BaseClass - Trying to find Element By {by.toString()})
2024-04-17 19:34:05,624 [main] INFO  base.BaseClass - Found Element By {by.toString()}
2024-04-17 19:34:06,156 [main] INFO  base.BaseClass - Trying to find Element By {by.toString()})
2024-04-17 19:34:06,188 [main] INFO  base.BaseClass - Found Element By {by.toString()}
2024-04-17 19:34:06,736 [main] INFO  base.BaseClass - Trying to find Element By {by.toString()})
2024-04-17 19:34:06,768 [main] INFO  base.BaseClass - Found Element By {by.toString()}
2024-04-17 19:34:07,314 [main] INFO  base.BaseClass - Trying to find Element By {by.toString()})
2024-04-17 19:34:07,340 [main] INFO  base.BaseClass - Found Element By {by.toString()}
2024-04-17 19:34:07,876 [main] INFO  base.BaseClass - Trying to find Element By {by.toString()})
2024-04-17 19:34:07,906 [main] INFO  base.BaseClass - Found Element By {by.toString()}
2024-04-17 19:34:08,453 [main] INFO  base.BaseClass - Trying to find Element By {by.toString()})
2024-04-17 19:34:08,485 [main] INFO  base.BaseClass - Found Element By {by.toString()}
2024-04-17 19:34:09,033 [main] INFO  base.BaseClass - Trying to find Element By {by.toString()})
2024-04-17 19:34:09,065 [main] INFO  base.BaseClass - Found Element By {by.toString()}
2024-04-17 19:34:09,610 [main] INFO  base.BaseClass - Trying to find Element By {by.toString()})
2024-04-17 19:34:09,636 [main] INFO  base.BaseClass - Found Element By {by.toString()}
2024-04-17 19:34:10,173 [main] INFO  base.BaseClass - Trying to find Element By {by.toString()})
2024-04-17 19:34:10,205 [main] INFO  base.BaseClass - Found Element By {by.toString()}
2024-04-17 19:34:10,748 [main] INFO  base.BaseClass - Trying to find Element By {by.toString()})
2024-04-17 19:34:10,780 [main] INFO  base.BaseClass - Found Element By {by.toString()}
2024-04-17 19:34:11,328 [main] INFO  base.BaseClass - Trying to find Element By {by.toString()})
2024-04-17 19:34:11,349 [main] INFO  base.BaseClass - Found Element By {by.toString()}
2024-04-17 19:34:11,873 [main] INFO  base.BaseClass - Trying to find Element By {by.toString()})
2024-04-17 19:34:11,904 [main] INFO  base.BaseClass - Found Element By {by.toString()}
2024-04-17 19:34:12,450 [main] INFO  base.BaseClass - Trying to find Element By {by.toString()})
2024-04-17 19:34:12,476 [main] INFO  base.BaseClass - Found Element By {by.toString()}
2024-04-17 19:34:13,010 [main] INFO  base.BaseClass - Trying to find Element By {by.toString()})
2024-04-17 19:34:13,041 [main] INFO  base.BaseClass - Found Element By {by.toString()}
2024-04-17 19:34:13,588 [main] INFO  base.BaseClass - Trying to find Element By {by.toString()})
2024-04-17 19:34:13,621 [main] INFO  base.BaseClass - Found Element By {by.toString()}
2024-04-17 19:34:14,170 [main] INFO  base.BaseClass - Trying to find Element By {by.toString()})
2024-04-17 19:34:14,193 [main] INFO  base.BaseClass - Found Element By {by.toString()}
2024-04-17 19:34:14,734 [main] INFO  base.BaseClass - Trying to find Element By {by.toString()})
2024-04-17 19:34:14,755 [main] INFO  base.BaseClass - Found Element By {by.toString()}
TimeoutException occurred: Expected condition failed: waiting for helper.WaitUtility$5@5458b9e4 (tried for 30 second(s) with 500 milliseconds interval)
Build info: version: '3.141.59', revision: 'e82be7d358', time: '2018-11-14T08:17:03'
System info: host: 'DPLAP166', ip: '137.237.2.236', os.name: 'Windows 10', os.arch: 'amd64', os.version: '10.0', java.version: '19.0.1'
Driver info: org.openqa.selenium.support.events.EventFiringWebDriver
Capabilities {acceptInsecureCerts: true, browserName: chrome, browserVersion: 123.0.6312.123, chrome: {chromedriverVersion: 123.0.6312.122 (31f8248cdd9..., userDataDir: C:\Users\dP-PL\AppData\Loca...}, fedcm:accounts: true, goog:chromeOptions: {debuggerAddress: localhost:51256}, javascriptEnabled: true, networkConnectionEnabled: false, pageLoadStrategy: normal, platform: WINDOWS, platformName: WINDOWS, proxy: Proxy(), setWindowRect: true, strictFileInteractability: false, timeouts: {implicit: 0, pageLoad: 300000, script: 30000}, unhandledPromptBehavior: dismiss and notify, webauthn:extension:credBlob: true, webauthn:extension:largeBlob: true, webauthn:extension:minPinLength: true, webauthn:extension:prf: true, webauthn:virtualAuthenticators: true}
Session ID: a59c4df4811f82049fe754efe723d3c1
2024-04-17 19:34:14,776 [main] ERROR RotationCopy_test - Element did not become visible within the specified time: Expected condition failed: waiting for helper.WaitUtility$5@5458b9e4 (tried for 30 second(s) with 500 milliseconds interval)
Build info: version: '3.141.59', revision: 'e82be7d358', time: '2018-11-14T08:17:03'
System info: host: 'DPLAP166', ip: '137.237.2.236', os.name: 'Windows 10', os.arch: 'amd64', os.version: '10.0', java.version: '19.0.1'
Driver info: org.openqa.selenium.support.events.EventFiringWebDriver
Capabilities {acceptInsecureCerts: true, browserName: chrome, browserVersion: 123.0.6312.123, chrome: {chromedriverVersion: 123.0.6312.122 (31f8248cdd9..., userDataDir: C:\Users\dP-PL\AppData\Loca...}, fedcm:accounts: true, goog:chromeOptions: {debuggerAddress: localhost:51256}, javascriptEnabled: true, networkConnectionEnabled: false, pageLoadStrategy: normal, platform: WINDOWS, platformName: WINDOWS, proxy: Proxy(), setWindowRect: true, strictFileInteractability: false, timeouts: {implicit: 0, pageLoad: 300000, script: 30000}, unhandledPromptBehavior: dismiss and notify, webauthn:extension:credBlob: true, webauthn:extension:largeBlob: true, webauthn:extension:minPinLength: true, webauthn:extension:prf: true, webauthn:virtualAuthenticators: true}
Session ID: a59c4df4811f82049fe754efe723d3c1
2024-04-17 19:34:14,776 [main] INFO  base.BaseClass - Trying to find Element By {by.toString()})
2024-04-17 19:34:14,791 [main] INFO  base.BaseClass - Found Element By {by.toString()}
2024-04-17 19:34:14,791 [main] INFO  base.BaseClass - Trying to click on: {element.toString()}
2024-04-17 19:34:14,830 [main] INFO  base.BaseClass - Clicked on: {element.toString()}
2024-04-17 19:34:14,830 [main] INFO  base.BaseClass - Trying to find Element By {by.toString()})
2024-04-17 19:34:14,841 [main] INFO  base.BaseClass - Found Element By {by.toString()}
2024-04-17 19:34:15,356 [main] INFO  base.BaseClass - Trying to find Element By {by.toString()})
2024-04-17 19:34:15,367 [main] INFO  base.BaseClass - Found Element By {by.toString()}
2024-04-17 19:34:15,889 [main] INFO  base.BaseClass - Trying to find Element By {by.toString()})
2024-04-17 19:34:15,922 [main] INFO  base.BaseClass - Found Element By {by.toString()}
2024-04-17 19:34:16,469 [main] INFO  base.BaseClass - Trying to find Element By {by.toString()})
2024-04-17 19:34:16,501 [main] INFO  base.BaseClass - Found Element By {by.toString()}
2024-04-17 19:34:17,049 [main] INFO  base.BaseClass - Trying to find Element By {by.toString()})
2024-04-17 19:34:17,082 [main] INFO  base.BaseClass - Found Element By {by.toString()}
2024-04-17 19:34:17,627 [main] INFO  base.BaseClass - Trying to find Element By {by.toString()})
2024-04-17 19:34:17,658 [main] INFO  base.BaseClass - Found Element By {by.toString()}
2024-04-17 19:34:18,207 [main] INFO  base.BaseClass - Trying to find Element By {by.toString()})
2024-04-17 19:34:18,252 [main] INFO  base.BaseClass - Found Element By {by.toString()}
2024-04-17 19:34:18,830 [main] INFO  base.BaseClass - Trying to find Element By {by.toString()})
2024-04-17 19:34:18,862 [main] INFO  base.BaseClass - Found Element By {by.toString()}
2024-04-17 19:34:19,407 [main] INFO  base.BaseClass - Trying to find Element By {by.toString()})
2024-04-17 19:34:19,428 [main] INFO  base.BaseClass - Found Element By {by.toString()}
2024-04-17 19:34:19,968 [main] INFO  base.BaseClass - Trying to find Element By {by.toString()})
2024-04-17 19:34:19,999 [main] INFO  base.BaseClass - Found Element By {by.toString()}
2024-04-17 19:34:20,547 [main] INFO  base.BaseClass - Trying to find Element By {by.toString()})
2024-04-17 19:34:20,577 [main] INFO  base.BaseClass - Found Element By {by.toString()}
2024-04-17 19:34:21,123 [main] INFO  base.BaseClass - Trying to find Element By {by.toString()})
2024-04-17 19:34:21,134 [main] INFO  base.BaseClass - Found Element By {by.toString()}
2024-04-17 19:34:21,654 [main] INFO  base.BaseClass - Trying to find Element By {by.toString()})
2024-04-17 19:34:21,669 [main] INFO  base.BaseClass - Found Element By {by.toString()}
2024-04-17 19:34:22,184 [main] INFO  base.BaseClass - Trying to find Element By {by.toString()})
2024-04-17 19:34:22,208 [main] INFO  base.BaseClass - Found Element By {by.toString()}
2024-04-17 19:34:22,734 [main] INFO  base.BaseClass - Trying to find Element By {by.toString()})
2024-04-17 19:34:22,759 [main] INFO  base.BaseClass - Found Element By {by.toString()}
2024-04-17 19:34:23,283 [main] INFO  base.BaseClass - Trying to find Element By {by.toString()})
2024-04-17 19:34:23,313 [main] INFO  base.BaseClass - Found Element By {by.toString()}
2024-04-17 19:34:23,856 [main] INFO  base.BaseClass - Trying to find Element By {by.toString()})
2024-04-17 19:34:23,888 [main] INFO  base.BaseClass - Found Element By {by.toString()}
2024-04-17 19:34:24,420 [main] INFO  base.BaseClass - Trying to find Element By {by.toString()})
2024-04-17 19:34:24,443 [main] INFO  base.BaseClass - Found Element By {by.toString()}
2024-04-17 19:34:24,980 [main] INFO  base.BaseClass - Trying to find Element By {by.toString()})
2024-04-17 19:34:25,011 [main] INFO  base.BaseClass - Found Element By {by.toString()}
2024-04-17 19:34:25,558 [main] INFO  base.BaseClass - Trying to find Element By {by.toString()})
2024-04-17 19:34:25,589 [main] INFO  base.BaseClass - Found Element By {by.toString()}
2024-04-17 19:34:26,120 [main] INFO  base.BaseClass - Trying to find Element By {by.toString()})
2024-04-17 19:34:26,149 [main] INFO  base.BaseClass - Found Element By {by.toString()}
2024-04-17 19:34:26,697 [main] INFO  base.BaseClass - Trying to find Element By {by.toString()})
2024-04-17 19:34:26,730 [main] INFO  base.BaseClass - Found Element By {by.toString()}
2024-04-17 19:34:27,275 [main] INFO  base.BaseClass - Trying to find Element By {by.toString()})
2024-04-17 19:34:27,307 [main] INFO  base.BaseClass - Found Element By {by.toString()}
2024-04-17 19:34:27,852 [main] INFO  base.BaseClass - Trying to find Element By {by.toString()})
2024-04-17 19:34:27,883 [main] INFO  base.BaseClass - Found Element By {by.toString()}
2024-04-17 19:34:28,417 [main] INFO  base.BaseClass - Trying to find Element By {by.toString()})
2024-04-17 19:34:28,448 [main] INFO  base.BaseClass - Found Element By {by.toString()}
2024-04-17 19:34:28,994 [main] INFO  base.BaseClass - Trying to find Element By {by.toString()})
2024-04-17 19:34:29,026 [main] INFO  base.BaseClass - Found Element By {by.toString()}
2024-04-17 19:34:29,575 [main] INFO  base.BaseClass - Trying to find Element By {by.toString()})
2024-04-17 19:34:29,609 [main] INFO  base.BaseClass - Found Element By {by.toString()}
2024-04-17 19:34:30,154 [main] INFO  base.BaseClass - Trying to find Element By {by.toString()})
2024-04-17 19:34:30,175 [main] INFO  base.BaseClass - Found Element By {by.toString()}
2024-04-17 19:34:30,698 [main] INFO  base.BaseClass - Trying to find Element By {by.toString()})
2024-04-17 19:34:30,730 [main] INFO  base.BaseClass - Found Element By {by.toString()}
2024-04-17 19:34:31,277 [main] INFO  base.BaseClass - Trying to find Element By {by.toString()})
2024-04-17 19:34:31,308 [main] INFO  base.BaseClass - Found Element By {by.toString()}
2024-04-17 19:34:31,858 [main] INFO  base.BaseClass - Trying to find Element By {by.toString()})
2024-04-17 19:34:31,890 [main] INFO  base.BaseClass - Found Element By {by.toString()}
2024-04-17 19:34:32,424 [main] INFO  base.BaseClass - Trying to find Element By {by.toString()})
2024-04-17 19:34:32,457 [main] INFO  base.BaseClass - Found Element By {by.toString()}
2024-04-17 19:34:32,997 [main] INFO  base.BaseClass - Trying to find Element By {by.toString()})
2024-04-17 19:34:33,027 [main] INFO  base.BaseClass - Found Element By {by.toString()}
2024-04-17 19:34:33,562 [main] INFO  base.BaseClass - Trying to find Element By {by.toString()})
2024-04-17 19:34:33,594 [main] INFO  base.BaseClass - Found Element By {by.toString()}
2024-04-17 19:34:34,140 [main] INFO  base.BaseClass - Trying to find Element By {by.toString()})
2024-04-17 19:34:34,172 [main] INFO  base.BaseClass - Found Element By {by.toString()}
2024-04-17 19:34:34,720 [main] INFO  base.BaseClass - Trying to find Element By {by.toString()})
2024-04-17 19:34:34,753 [main] INFO  base.BaseClass - Found Element By {by.toString()}
2024-04-17 19:34:35,298 [main] INFO  base.BaseClass - Trying to find Element By {by.toString()})
2024-04-17 19:34:35,328 [main] INFO  base.BaseClass - Found Element By {by.toString()}
2024-04-17 19:34:35,874 [main] INFO  base.BaseClass - Trying to find Element By {by.toString()})
2024-04-17 19:34:35,905 [main] INFO  base.BaseClass - Found Element By {by.toString()}
2024-04-17 19:34:36,452 [main] INFO  base.BaseClass - Trying to find Element By {by.toString()})
2024-04-17 19:34:36,483 [main] INFO  base.BaseClass - Found Element By {by.toString()}
2024-04-17 19:34:37,028 [main] INFO  base.BaseClass - Trying to find Element By {by.toString()})
2024-04-17 19:34:37,059 [main] INFO  base.BaseClass - Found Element By {by.toString()}
2024-04-17 19:34:37,593 [main] INFO  base.BaseClass - Trying to find Element By {by.toString()})
2024-04-17 19:34:37,623 [main] INFO  base.BaseClass - Found Element By {by.toString()}
2024-04-17 19:34:38,158 [main] INFO  base.BaseClass - Trying to find Element By {by.toString()})
2024-04-17 19:34:38,189 [main] INFO  base.BaseClass - Found Element By {by.toString()}
2024-04-17 19:34:38,723 [main] INFO  base.BaseClass - Trying to find Element By {by.toString()})
2024-04-17 19:34:38,745 [main] INFO  base.BaseClass - Found Element By {by.toString()}
2024-04-17 19:34:39,298 [main] INFO  base.BaseClass - Trying to find Element By {by.toString()})
2024-04-17 19:34:39,379 [main] INFO  base.BaseClass - Found Element By {by.toString()}
2024-04-17 19:34:39,909 [main] INFO  base.BaseClass - Trying to find Element By {by.toString()})
2024-04-17 19:34:39,941 [main] INFO  base.BaseClass - Found Element By {by.toString()}
2024-04-17 19:34:40,485 [main] INFO  base.BaseClass - Trying to find Element By {by.toString()})
2024-04-17 19:34:40,518 [main] INFO  base.BaseClass - Found Element By {by.toString()}
2024-04-17 19:34:41,048 [main] INFO  base.BaseClass - Trying to find Element By {by.toString()})
2024-04-17 19:34:41,078 [main] INFO  base.BaseClass - Found Element By {by.toString()}
2024-04-17 19:34:41,630 [main] INFO  base.BaseClass - Trying to find Element By {by.toString()})
2024-04-17 19:34:41,660 [main] INFO  base.BaseClass - Found Element By {by.toString()}
2024-04-17 19:34:42,211 [main] INFO  base.BaseClass - Trying to find Element By {by.toString()})
2024-04-17 19:34:42,243 [main] INFO  base.BaseClass - Found Element By {by.toString()}
2024-04-17 19:34:42,791 [main] INFO  base.BaseClass - Trying to find Element By {by.toString()})
2024-04-17 19:34:42,822 [main] INFO  base.BaseClass - Found Element By {by.toString()}
2024-04-17 19:34:43,351 [main] INFO  base.BaseClass - Trying to find Element By {by.toString()})
2024-04-17 19:34:43,381 [main] INFO  base.BaseClass - Found Element By {by.toString()}
2024-04-17 19:34:43,930 [main] INFO  base.BaseClass - Trying to find Element By {by.toString()})
2024-04-17 19:34:43,960 [main] INFO  base.BaseClass - Found Element By {by.toString()}
2024-04-17 19:34:44,493 [main] INFO  base.BaseClass - Trying to find Element By {by.toString()})
2024-04-17 19:34:44,524 [main] INFO  base.BaseClass - Found Element By {by.toString()}
2024-04-17 19:34:45,060 [main] INFO  base.BaseClass - Trying to find Element By {by.toString()})
2024-04-17 19:34:45,092 [main] INFO  base.BaseClass - Found Element By {by.toString()}
TimeoutException occurred: Expected condition failed: waiting for helper.WaitUtility$5@2b38d0b2 (tried for 30 second(s) with 500 milliseconds interval)
Build info: version: '3.141.59', revision: 'e82be7d358', time: '2018-11-14T08:17:03'
System info: host: 'DPLAP166', ip: '137.237.2.236', os.name: 'Windows 10', os.arch: 'amd64', os.version: '10.0', java.version: '19.0.1'
Driver info: org.openqa.selenium.support.events.EventFiringWebDriver
Capabilities {acceptInsecureCerts: true, browserName: chrome, browserVersion: 123.0.6312.123, chrome: {chromedriverVersion: 123.0.6312.122 (31f8248cdd9..., userDataDir: C:\Users\dP-PL\AppData\Loca...}, fedcm:accounts: true, goog:chromeOptions: {debuggerAddress: localhost:51256}, javascriptEnabled: true, networkConnectionEnabled: false, pageLoadStrategy: normal, platform: WINDOWS, platformName: WINDOWS, proxy: Proxy(), setWindowRect: true, strictFileInteractability: false, timeouts: {implicit: 0, pageLoad: 300000, script: 30000}, unhandledPromptBehavior: dismiss and notify, webauthn:extension:credBlob: true, webauthn:extension:largeBlob: true, webauthn:extension:minPinLength: true, webauthn:extension:prf: true, webauthn:virtualAuthenticators: true}
Session ID: a59c4df4811f82049fe754efe723d3c1
2024-04-17 19:34:45,129 [main] ERROR RotationCopy_test - Element did not become visible within the specified time: Expected condition failed: waiting for helper.WaitUtility$5@2b38d0b2 (tried for 30 second(s) with 500 milliseconds interval)
Build info: version: '3.141.59', revision: 'e82be7d358', time: '2018-11-14T08:17:03'
System info: host: 'DPLAP166', ip: '137.237.2.236', os.name: 'Windows 10', os.arch: 'amd64', os.version: '10.0', java.version: '19.0.1'
Driver info: org.openqa.selenium.support.events.EventFiringWebDriver
Capabilities {acceptInsecureCerts: true, browserName: chrome, browserVersion: 123.0.6312.123, chrome: {chromedriverVersion: 123.0.6312.122 (31f8248cdd9..., userDataDir: C:\Users\dP-PL\AppData\Loca...}, fedcm:accounts: true, goog:chromeOptions: {debuggerAddress: localhost:51256}, javascriptEnabled: true, networkConnectionEnabled: false, pageLoadStrategy: normal, platform: WINDOWS, platformName: WINDOWS, proxy: Proxy(), setWindowRect: true, strictFileInteractability: false, timeouts: {implicit: 0, pageLoad: 300000, script: 30000}, unhandledPromptBehavior: dismiss and notify, webauthn:extension:credBlob: true, webauthn:extension:largeBlob: true, webauthn:extension:minPinLength: true, webauthn:extension:prf: true, webauthn:virtualAuthenticators: true}
Session ID: a59c4df4811f82049fe754efe723d3c1
2024-04-17 19:34:45,129 [main] INFO  base.BaseClass - Trying to find Element By {by.toString()})
2024-04-17 19:34:45,145 [main] INFO  base.BaseClass - Found Element By {by.toString()}
2024-04-17 19:34:45,145 [main] INFO  base.BaseClass - Trying to click on: {element.toString()}
2024-04-17 19:34:45,255 [main] INFO  base.BaseClass - Clicked on: {element.toString()}
2024-04-17 19:34:45,260 [main] INFO  base.BaseClass - Trying to find Element By {by.toString()})
2024-04-17 19:34:45,270 [main] INFO  base.BaseClass - Found Element By {by.toString()}
2024-04-17 19:34:45,796 [main] INFO  base.BaseClass - Trying to find Element By {by.toString()})
2024-04-17 19:34:45,814 [main] INFO  base.BaseClass - Found Element By {by.toString()}
2024-04-17 19:34:46,344 [main] INFO  base.BaseClass - Trying to find Element By {by.toString()})
2024-04-17 19:34:46,374 [main] INFO  base.BaseClass - Found Element By {by.toString()}
2024-04-17 19:34:46,923 [main] INFO  base.BaseClass - Trying to find Element By {by.toString()})
2024-04-17 19:34:46,953 [main] INFO  base.BaseClass - Found Element By {by.toString()}
2024-04-17 19:34:47,504 [main] INFO  base.BaseClass - Trying to find Element By {by.toString()})
2024-04-17 19:34:47,534 [main] INFO  base.BaseClass - Found Element By {by.toString()}
2024-04-17 19:34:48,084 [main] INFO  base.BaseClass - Trying to find Element By {by.toString()})
2024-04-17 19:34:48,112 [main] INFO  base.BaseClass - Found Element By {by.toString()}
2024-04-17 19:34:48,658 [main] INFO  base.BaseClass - Trying to find Element By {by.toString()})
2024-04-17 19:34:48,687 [main] INFO  base.BaseClass - Found Element By {by.toString()}
2024-04-17 19:34:49,232 [main] INFO  base.BaseClass - Trying to find Element By {by.toString()})
2024-04-17 19:34:49,259 [main] INFO  base.BaseClass - Found Element By {by.toString()}
2024-04-17 19:34:49,811 [main] INFO  base.BaseClass - Trying to find Element By {by.toString()})
2024-04-17 19:34:49,839 [main] INFO  base.BaseClass - Found Element By {by.toString()}
2024-04-17 19:34:50,390 [main] INFO  base.BaseClass - Trying to find Element By {by.toString()})
2024-04-17 19:34:50,420 [main] INFO  base.BaseClass - Found Element By {by.toString()}
2024-04-17 19:34:50,966 [main] INFO  base.BaseClass - Trying to find Element By {by.toString()})
2024-04-17 19:34:50,990 [main] INFO  base.BaseClass - Found Element By {by.toString()}
2024-04-17 19:34:51,527 [main] INFO  base.BaseClass - Trying to find Element By {by.toString()})
2024-04-17 19:34:51,555 [main] INFO  base.BaseClass - Found Element By {by.toString()}
2024-04-17 19:34:52,104 [main] INFO  base.BaseClass - Trying to find Element By {by.toString()})
2024-04-17 19:34:52,132 [main] INFO  base.BaseClass - Found Element By {by.toString()}
2024-04-17 19:34:52,680 [main] INFO  base.BaseClass - Trying to find Element By {by.toString()})
2024-04-17 19:34:52,708 [main] INFO  base.BaseClass - Found Element By {by.toString()}
2024-04-17 19:34:53,260 [main] INFO  base.BaseClass - Trying to find Element By {by.toString()})
2024-04-17 19:34:53,289 [main] INFO  base.BaseClass - Found Element By {by.toString()}
2024-04-17 19:34:53,837 [main] INFO  base.BaseClass - Trying to find Element By {by.toString()})
2024-04-17 19:34:53,864 [main] INFO  base.BaseClass - Found Element By {by.toString()}
2024-04-17 19:34:54,415 [main] INFO  base.BaseClass - Trying to find Element By {by.toString()})
2024-04-17 19:34:54,432 [main] INFO  base.BaseClass - Found Element By {by.toString()}
2024-04-17 19:34:54,960 [main] INFO  base.BaseClass - Trying to find Element By {by.toString()})
2024-04-17 19:34:54,989 [main] INFO  base.BaseClass - Found Element By {by.toString()}
2024-04-17 19:34:55,537 [main] INFO  base.BaseClass - Trying to find Element By {by.toString()})
2024-04-17 19:34:55,566 [main] INFO  base.BaseClass - Found Element By {by.toString()}
2024-04-17 19:34:56,105 [main] INFO  base.BaseClass - Trying to find Element By {by.toString()})
2024-04-17 19:34:56,134 [main] INFO  base.BaseClass - Found Element By {by.toString()}
2024-04-17 19:34:56,680 [main] INFO  base.BaseClass - Trying to find Element By {by.toString()})
2024-04-17 19:34:56,706 [main] INFO  base.BaseClass - Found Element By {by.toString()}
2024-04-17 19:34:57,257 [main] INFO  base.BaseClass - Trying to find Element By {by.toString()})
2024-04-17 19:34:57,286 [main] INFO  base.BaseClass - Found Element By {by.toString()}
2024-04-17 19:34:57,833 [main] INFO  base.BaseClass - Trying to find Element By {by.toString()})
2024-04-17 19:34:57,862 [main] INFO  base.BaseClass - Found Element By {by.toString()}
2024-04-17 19:34:58,410 [main] INFO  base.BaseClass - Trying to find Element By {by.toString()})
2024-04-17 19:34:58,439 [main] INFO  base.BaseClass - Found Element By {by.toString()}
2024-04-17 19:34:58,988 [main] INFO  base.BaseClass - Trying to find Element By {by.toString()})
2024-04-17 19:34:59,017 [main] INFO  base.BaseClass - Found Element By {by.toString()}
2024-04-17 19:34:59,551 [main] INFO  base.BaseClass - Trying to find Element By {by.toString()})
2024-04-17 19:34:59,578 [main] INFO  base.BaseClass - Found Element By {by.toString()}
2024-04-17 19:35:00,191 [main] INFO  base.BaseClass - Trying to find Element By {by.toString()})
2024-04-17 19:35:00,220 [main] INFO  base.BaseClass - Found Element By {by.toString()}
2024-04-17 19:35:00,769 [main] INFO  base.BaseClass - Trying to find Element By {by.toString()})
2024-04-17 19:35:00,798 [main] INFO  base.BaseClass - Found Element By {by.toString()}
2024-04-17 19:35:01,346 [main] INFO  base.BaseClass - Trying to find Element By {by.toString()})
2024-04-17 19:35:01,375 [main] INFO  base.BaseClass - Found Element By {by.toString()}
2024-04-17 19:35:01,924 [main] INFO  base.BaseClass - Trying to find Element By {by.toString()})
2024-04-17 19:35:01,953 [main] INFO  base.BaseClass - Found Element By {by.toString()}
2024-04-17 19:35:02,501 [main] INFO  base.BaseClass - Trying to find Element By {by.toString()})
2024-04-17 19:35:02,528 [main] INFO  base.BaseClass - Found Element By {by.toString()}
2024-04-17 19:35:03,064 [main] INFO  base.BaseClass - Trying to find Element By {by.toString()})
2024-04-17 19:35:03,086 [main] INFO  base.BaseClass - Found Element By {by.toString()}
2024-04-17 19:35:03,612 [main] INFO  base.BaseClass - Trying to find Element By {by.toString()})
2024-04-17 19:35:03,641 [main] INFO  base.BaseClass - Found Element By {by.toString()}
2024-04-17 19:35:04,194 [main] INFO  base.BaseClass - Trying to find Element By {by.toString()})
2024-04-17 19:35:04,223 [main] INFO  base.BaseClass - Found Element By {by.toString()}
2024-04-17 19:35:04,761 [main] INFO  base.BaseClass - Trying to find Element By {by.toString()})
2024-04-17 19:35:04,787 [main] INFO  base.BaseClass - Found Element By {by.toString()}
2024-04-17 19:35:05,339 [main] INFO  base.BaseClass - Trying to find Element By {by.toString()})
2024-04-17 19:35:05,367 [main] INFO  base.BaseClass - Found Element By {by.toString()}
2024-04-17 19:35:05,917 [main] INFO  base.BaseClass - Trying to find Element By {by.toString()})
2024-04-17 19:35:05,946 [main] INFO  base.BaseClass - Found Element By {by.toString()}
2024-04-17 19:35:06,482 [main] INFO  base.BaseClass - Trying to find Element By {by.toString()})
2024-04-17 19:35:06,511 [main] INFO  base.BaseClass - Found Element By {by.toString()}
2024-04-17 19:35:07,056 [main] INFO  base.BaseClass - Trying to find Element By {by.toString()})
2024-04-17 19:35:07,085 [main] INFO  base.BaseClass - Found Element By {by.toString()}
2024-04-17 19:35:07,618 [main] INFO  base.BaseClass - Trying to find Element By {by.toString()})
2024-04-17 19:35:07,646 [main] INFO  base.BaseClass - Found Element By {by.toString()}
2024-04-17 19:35:08,194 [main] INFO  base.BaseClass - Trying to find Element By {by.toString()})
2024-04-17 19:35:08,223 [main] INFO  base.BaseClass - Found Element By {by.toString()}
2024-04-17 19:35:08,772 [main] INFO  base.BaseClass - Trying to find Element By {by.toString()})
2024-04-17 19:35:08,799 [main] INFO  base.BaseClass - Found Element By {by.toString()}
2024-04-17 19:35:09,335 [main] INFO  base.BaseClass - Trying to find Element By {by.toString()})
2024-04-17 19:35:09,350 [main] INFO  base.BaseClass - Found Element By {by.toString()}
2024-04-17 19:35:09,882 [main] INFO  base.BaseClass - Trying to find Element By {by.toString()})
2024-04-17 19:35:09,911 [main] INFO  base.BaseClass - Found Element By {by.toString()}
2024-04-17 19:35:10,447 [main] INFO  base.BaseClass - Trying to find Element By {by.toString()})
2024-04-17 19:35:10,476 [main] INFO  base.BaseClass - Found Element By {by.toString()}
2024-04-17 19:35:11,026 [main] INFO  base.BaseClass - Trying to find Element By {by.toString()})
2024-04-17 19:35:11,055 [main] INFO  base.BaseClass - Found Element By {by.toString()}
2024-04-17 19:35:11,602 [main] INFO  base.BaseClass - Trying to find Element By {by.toString()})
2024-04-17 19:35:11,631 [main] INFO  base.BaseClass - Found Element By {by.toString()}
2024-04-17 19:35:12,170 [main] INFO  base.BaseClass - Trying to find Element By {by.toString()})
2024-04-17 19:35:12,198 [main] INFO  base.BaseClass - Found Element By {by.toString()}
2024-04-17 19:35:12,744 [main] INFO  base.BaseClass - Trying to find Element By {by.toString()})
2024-04-17 19:35:12,773 [main] INFO  base.BaseClass - Found Element By {by.toString()}
2024-04-17 19:35:13,325 [main] INFO  base.BaseClass - Trying to find Element By {by.toString()})
2024-04-17 19:35:13,349 [main] INFO  base.BaseClass - Found Element By {by.toString()}
2024-04-17 19:35:13,869 [main] INFO  base.BaseClass - Trying to find Element By {by.toString()})
2024-04-17 19:35:13,888 [main] INFO  base.BaseClass - Found Element By {by.toString()}
2024-04-17 19:35:14,431 [main] INFO  base.BaseClass - Trying to find Element By {by.toString()})
2024-04-17 19:35:14,459 [main] INFO  base.BaseClass - Found Element By {by.toString()}
2024-04-17 19:35:14,995 [main] INFO  base.BaseClass - Trying to find Element By {by.toString()})
2024-04-17 19:35:15,023 [main] INFO  base.BaseClass - Found Element By {by.toString()}
2024-04-17 19:35:15,574 [main] INFO  base.BaseClass - Trying to find Element By {by.toString()})
2024-04-17 19:35:15,604 [main] INFO  base.BaseClass - Found Element By {by.toString()}
TimeoutException occurred: Expected condition failed: waiting for helper.WaitUtility$5@598caea9 (tried for 30 second(s) with 500 milliseconds interval)
Build info: version: '3.141.59', revision: 'e82be7d358', time: '2018-11-14T08:17:03'
System info: host: 'DPLAP166', ip: '137.237.2.236', os.name: 'Windows 10', os.arch: 'amd64', os.version: '10.0', java.version: '19.0.1'
Driver info: org.openqa.selenium.support.events.EventFiringWebDriver
Capabilities {acceptInsecureCerts: true, browserName: chrome, browserVersion: 123.0.6312.123, chrome: {chromedriverVersion: 123.0.6312.122 (31f8248cdd9..., userDataDir: C:\Users\dP-PL\AppData\Loca...}, fedcm:accounts: true, goog:chromeOptions: {debuggerAddress: localhost:51256}, javascriptEnabled: true, networkConnectionEnabled: false, pageLoadStrategy: normal, platform: WINDOWS, platformName: WINDOWS, proxy: Proxy(), setWindowRect: true, strictFileInteractability: false, timeouts: {implicit: 0, pageLoad: 300000, script: 30000}, unhandledPromptBehavior: dismiss and notify, webauthn:extension:credBlob: true, webauthn:extension:largeBlob: true, webauthn:extension:minPinLength: true, webauthn:extension:prf: true, webauthn:virtualAuthenticators: true}
Session ID: a59c4df4811f82049fe754efe723d3c1
2024-04-17 19:35:15,643 [main] ERROR RotationCopy_test - Element did not become visible within the specified time: Expected condition failed: waiting for helper.WaitUtility$5@598caea9 (tried for 30 second(s) with 500 milliseconds interval)
Build info: version: '3.141.59', revision: 'e82be7d358', time: '2018-11-14T08:17:03'
System info: host: 'DPLAP166', ip: '137.237.2.236', os.name: 'Windows 10', os.arch: 'amd64', os.version: '10.0', java.version: '19.0.1'
Driver info: org.openqa.selenium.support.events.EventFiringWebDriver
Capabilities {acceptInsecureCerts: true, browserName: chrome, browserVersion: 123.0.6312.123, chrome: {chromedriverVersion: 123.0.6312.122 (31f8248cdd9..., userDataDir: C:\Users\dP-PL\AppData\Loca...}, fedcm:accounts: true, goog:chromeOptions: {debuggerAddress: localhost:51256}, javascriptEnabled: true, networkConnectionEnabled: false, pageLoadStrategy: normal, platform: WINDOWS, platformName: WINDOWS, proxy: Proxy(), setWindowRect: true, strictFileInteractability: false, timeouts: {implicit: 0, pageLoad: 300000, script: 30000}, unhandledPromptBehavior: dismiss and notify, webauthn:extension:credBlob: true, webauthn:extension:largeBlob: true, webauthn:extension:minPinLength: true, webauthn:extension:prf: true, webauthn:virtualAuthenticators: true}
Session ID: a59c4df4811f82049fe754efe723d3c1
2024-04-17 19:35:15,644 [main] INFO  base.BaseClass - Trying to find Element By {by.toString()})
2024-04-17 19:35:15,665 [main] INFO  base.BaseClass - Found Element By {by.toString()}
2024-04-17 19:35:15,665 [main] INFO  base.BaseClass - Trying to click on: {element.toString()}
2024-04-17 19:35:15,707 [main] INFO  base.BaseClass - Clicked on: {element.toString()}
2024-04-17 19:35:15,714 [main] INFO  base.BaseClass - Trying to find Element By {by.toString()})
2024-04-17 19:35:15,723 [main] INFO  base.BaseClass - Found Element By {by.toString()}
2024-04-17 19:35:16,246 [main] INFO  base.BaseClass - Trying to find Element By {by.toString()})
2024-04-17 19:35:16,578 [main] INFO  base.BaseClass - Found Element By {by.toString()}
2024-04-17 19:35:17,103 [main] INFO  base.BaseClass - Trying to find Element By {by.toString()})
2024-04-17 19:35:17,133 [main] INFO  base.BaseClass - Found Element By {by.toString()}
2024-04-17 19:35:17,680 [main] INFO  base.BaseClass - Trying to find Element By {by.toString()})
2024-04-17 19:35:17,713 [main] INFO  base.BaseClass - Found Element By {by.toString()}
2024-04-17 19:35:18,258 [main] INFO  base.BaseClass - Trying to find Element By {by.toString()})
2024-04-17 19:35:18,287 [main] INFO  base.BaseClass - Found Element By {by.toString()}
2024-04-17 19:35:18,836 [main] INFO  base.BaseClass - Trying to find Element By {by.toString()})
2024-04-17 19:35:18,867 [main] INFO  base.BaseClass - Found Element By {by.toString()}
2024-04-17 19:35:19,412 [main] INFO  base.BaseClass - Trying to find Element By {by.toString()})
2024-04-17 19:35:19,441 [main] INFO  base.BaseClass - Found Element By {by.toString()}
2024-04-17 19:35:19,990 [main] INFO  base.BaseClass - Trying to find Element By {by.toString()})
2024-04-17 19:35:20,020 [main] INFO  base.BaseClass - Found Element By {by.toString()}
2024-04-17 19:35:20,568 [main] INFO  base.BaseClass - Trying to find Element By {by.toString()})
2024-04-17 19:35:20,596 [main] INFO  base.BaseClass - Found Element By {by.toString()}
2024-04-17 19:35:21,132 [main] INFO  base.BaseClass - Trying to find Element By {by.toString()})
2024-04-17 19:35:21,159 [main] INFO  base.BaseClass - Found Element By {by.toString()}
2024-04-17 19:35:21,708 [main] INFO  base.BaseClass - Trying to find Element By {by.toString()})
2024-04-17 19:35:21,788 [main] INFO  base.BaseClass - Found Element By {by.toString()}
2024-04-17 19:35:22,334 [main] INFO  base.BaseClass - Trying to find Element By {by.toString()})
2024-04-17 19:35:22,364 [main] INFO  base.BaseClass - Found Element By {by.toString()}
2024-04-17 19:35:22,912 [main] INFO  base.BaseClass - Trying to find Element By {by.toString()})
2024-04-17 19:35:22,933 [main] INFO  base.BaseClass - Found Element By {by.toString()}
2024-04-17 19:35:23,456 [main] INFO  base.BaseClass - Trying to find Element By {by.toString()})
2024-04-17 19:35:23,487 [main] INFO  base.BaseClass - Found Element By {by.toString()}
2024-04-17 19:35:24,034 [main] INFO  base.BaseClass - Trying to find Element By {by.toString()})
2024-04-17 19:35:24,050 [main] INFO  base.BaseClass - Found Element By {by.toString()}
2024-04-17 19:35:24,585 [main] INFO  base.BaseClass - Trying to find Element By {by.toString()})
2024-04-17 19:35:24,614 [main] INFO  base.BaseClass - Found Element By {by.toString()}
2024-04-17 19:35:25,148 [main] INFO  base.BaseClass - Trying to find Element By {by.toString()})
2024-04-17 19:35:25,178 [main] INFO  base.BaseClass - Found Element By {by.toString()}
2024-04-17 19:35:25,725 [main] INFO  base.BaseClass - Trying to find Element By {by.toString()})
2024-04-17 19:35:25,756 [main] INFO  base.BaseClass - Found Element By {by.toString()}
2024-04-17 19:35:26,304 [main] INFO  base.BaseClass - Trying to find Element By {by.toString()})
2024-04-17 19:35:26,334 [main] INFO  base.BaseClass - Found Element By {by.toString()}
2024-04-17 19:35:26,866 [main] INFO  base.BaseClass - Trying to find Element By {by.toString()})
2024-04-17 19:35:27,154 [main] INFO  base.BaseClass - Found Element By {by.toString()}
2024-04-17 19:35:27,709 [main] INFO  base.BaseClass - Trying to find Element By {by.toString()})
2024-04-17 19:35:27,738 [main] INFO  base.BaseClass - Found Element By {by.toString()}
2024-04-17 19:35:28,287 [main] INFO  base.BaseClass - Trying to find Element By {by.toString()})
2024-04-17 19:35:28,317 [main] INFO  base.BaseClass - Found Element By {by.toString()}
2024-04-17 19:35:28,864 [main] INFO  base.BaseClass - Trying to find Element By {by.toString()})
2024-04-17 19:35:28,893 [main] INFO  base.BaseClass - Found Element By {by.toString()}
2024-04-17 19:35:29,440 [main] INFO  base.BaseClass - Trying to find Element By {by.toString()})
2024-04-17 19:35:29,469 [main] INFO  base.BaseClass - Found Element By {by.toString()}
2024-04-17 19:35:30,020 [main] INFO  base.BaseClass - Trying to find Element By {by.toString()})
2024-04-17 19:35:30,043 [main] INFO  base.BaseClass - Found Element By {by.toString()}
2024-04-17 19:35:30,571 [main] INFO  base.BaseClass - Trying to find Element By {by.toString()})
2024-04-17 19:35:30,597 [main] INFO  base.BaseClass - Found Element By {by.toString()}
2024-04-17 19:35:31,120 [main] INFO  base.BaseClass - Trying to find Element By {by.toString()})
2024-04-17 19:35:31,149 [main] INFO  base.BaseClass - Found Element By {by.toString()}
2024-04-17 19:35:31,700 [main] INFO  base.BaseClass - Trying to find Element By {by.toString()})
2024-04-17 19:35:31,728 [main] INFO  base.BaseClass - Found Element By {by.toString()}
2024-04-17 19:35:32,279 [main] INFO  base.BaseClass - Trying to find Element By {by.toString()})
2024-04-17 19:35:32,310 [main] INFO  base.BaseClass - Found Element By {by.toString()}
2024-04-17 19:35:32,826 [main] INFO  base.BaseClass - Trying to find Element By {by.toString()})
2024-04-17 19:35:32,855 [main] INFO  base.BaseClass - Found Element By {by.toString()}
2024-04-17 19:35:33,407 [main] INFO  base.BaseClass - Trying to find Element By {by.toString()})
2024-04-17 19:35:33,438 [main] INFO  base.BaseClass - Found Element By {by.toString()}
2024-04-17 19:35:33,975 [main] INFO  base.BaseClass - Trying to find Element By {by.toString()})
2024-04-17 19:35:34,004 [main] INFO  base.BaseClass - Found Element By {by.toString()}
2024-04-17 19:35:34,538 [main] INFO  base.BaseClass - Trying to find Element By {by.toString()})
2024-04-17 19:35:34,568 [main] INFO  base.BaseClass - Found Element By {by.toString()}
2024-04-17 19:35:35,120 [main] INFO  base.BaseClass - Trying to find Element By {by.toString()})
2024-04-17 19:35:35,150 [main] INFO  base.BaseClass - Found Element By {by.toString()}
2024-04-17 19:35:35,697 [main] INFO  base.BaseClass - Trying to find Element By {by.toString()})
2024-04-17 19:35:35,726 [main] INFO  base.BaseClass - Found Element By {by.toString()}
2024-04-17 19:35:36,276 [main] INFO  base.BaseClass - Trying to find Element By {by.toString()})
2024-04-17 19:35:36,305 [main] INFO  base.BaseClass - Found Element By {by.toString()}
2024-04-17 19:35:36,854 [main] INFO  base.BaseClass - Trying to find Element By {by.toString()})
2024-04-17 19:35:36,884 [main] INFO  base.BaseClass - Found Element By {by.toString()}
2024-04-17 19:35:37,436 [main] INFO  base.BaseClass - Trying to find Element By {by.toString()})
2024-04-17 19:35:37,466 [main] INFO  base.BaseClass - Found Element By {by.toString()}
2024-04-17 19:35:38,015 [main] INFO  base.BaseClass - Trying to find Element By {by.toString()})
2024-04-17 19:35:38,043 [main] INFO  base.BaseClass - Found Element By {by.toString()}
2024-04-17 19:35:38,576 [main] INFO  base.BaseClass - Trying to find Element By {by.toString()})
2024-04-17 19:35:38,591 [main] INFO  base.BaseClass - Found Element By {by.toString()}
2024-04-17 19:35:39,110 [main] INFO  base.BaseClass - Trying to find Element By {by.toString()})
2024-04-17 19:35:39,186 [main] INFO  base.BaseClass - Found Element By {by.toString()}
2024-04-17 19:35:39,721 [main] INFO  base.BaseClass - Trying to find Element By {by.toString()})
2024-04-17 19:35:39,747 [main] INFO  base.BaseClass - Found Element By {by.toString()}
2024-04-17 19:35:40,287 [main] INFO  base.BaseClass - Trying to find Element By {by.toString()})
2024-04-17 19:35:40,316 [main] INFO  base.BaseClass - Found Element By {by.toString()}
2024-04-17 19:35:40,864 [main] INFO  base.BaseClass - Trying to find Element By {by.toString()})
2024-04-17 19:35:40,893 [main] INFO  base.BaseClass - Found Element By {by.toString()}
2024-04-17 19:35:41,442 [main] INFO  base.BaseClass - Trying to find Element By {by.toString()})
2024-04-17 19:35:41,471 [main] INFO  base.BaseClass - Found Element By {by.toString()}
2024-04-17 19:35:42,020 [main] INFO  base.BaseClass - Trying to find Element By {by.toString()})
2024-04-17 19:35:42,050 [main] INFO  base.BaseClass - Found Element By {by.toString()}
2024-04-17 19:35:42,598 [main] INFO  base.BaseClass - Trying to find Element By {by.toString()})
2024-04-17 19:35:42,628 [main] INFO  base.BaseClass - Found Element By {by.toString()}
2024-04-17 19:35:43,176 [main] INFO  base.BaseClass - Trying to find Element By {by.toString()})
2024-04-17 19:35:43,204 [main] INFO  base.BaseClass - Found Element By {by.toString()}
2024-04-17 19:35:43,751 [main] INFO  base.BaseClass - Trying to find Element By {by.toString()})
2024-04-17 19:35:43,780 [main] INFO  base.BaseClass - Found Element By {by.toString()}
2024-04-17 19:35:44,331 [main] INFO  base.BaseClass - Trying to find Element By {by.toString()})
2024-04-17 19:35:44,360 [main] INFO  base.BaseClass - Found Element By {by.toString()}
2024-04-17 19:35:44,895 [main] INFO  base.BaseClass - Trying to find Element By {by.toString()})
2024-04-17 19:35:44,924 [main] INFO  base.BaseClass - Found Element By {by.toString()}
2024-04-17 19:35:45,476 [main] INFO  base.BaseClass - Trying to find Element By {by.toString()})
2024-04-17 19:35:45,505 [main] INFO  base.BaseClass - Found Element By {by.toString()}
2024-04-17 19:35:46,054 [main] INFO  base.BaseClass - Trying to find Element By {by.toString()})
2024-04-17 19:35:46,085 [main] INFO  base.BaseClass - Found Element By {by.toString()}
TimeoutException occurred: Expected condition failed: waiting for helper.WaitUtility$5@a6260d9 (tried for 30 second(s) with 500 milliseconds interval)
Build info: version: '3.141.59', revision: 'e82be7d358', time: '2018-11-14T08:17:03'
System info: host: 'DPLAP166', ip: '137.237.2.236', os.name: 'Windows 10', os.arch: 'amd64', os.version: '10.0', java.version: '19.0.1'
Driver info: org.openqa.selenium.support.events.EventFiringWebDriver
Capabilities {acceptInsecureCerts: true, browserName: chrome, browserVersion: 123.0.6312.123, chrome: {chromedriverVersion: 123.0.6312.122 (31f8248cdd9..., userDataDir: C:\Users\dP-PL\AppData\Loca...}, fedcm:accounts: true, goog:chromeOptions: {debuggerAddress: localhost:51256}, javascriptEnabled: true, networkConnectionEnabled: false, pageLoadStrategy: normal, platform: WINDOWS, platformName: WINDOWS, proxy: Proxy(), setWindowRect: true, strictFileInteractability: false, timeouts: {implicit: 0, pageLoad: 300000, script: 30000}, unhandledPromptBehavior: dismiss and notify, webauthn:extension:credBlob: true, webauthn:extension:largeBlob: true, webauthn:extension:minPinLength: true, webauthn:extension:prf: true, webauthn:virtualAuthenticators: true}
Session ID: a59c4df4811f82049fe754efe723d3c1
2024-04-17 19:35:46,117 [main] ERROR RotationCopy_test - Element did not become visible within the specified time: Expected condition failed: waiting for helper.WaitUtility$5@a6260d9 (tried for 30 second(s) with 500 milliseconds interval)
Build info: version: '3.141.59', revision: 'e82be7d358', time: '2018-11-14T08:17:03'
System info: host: 'DPLAP166', ip: '137.237.2.236', os.name: 'Windows 10', os.arch: 'amd64', os.version: '10.0', java.version: '19.0.1'
Driver info: org.openqa.selenium.support.events.EventFiringWebDriver
Capabilities {acceptInsecureCerts: true, browserName: chrome, browserVersion: 123.0.6312.123, chrome: {chromedriverVersion: 123.0.6312.122 (31f8248cdd9..., userDataDir: C:\Users\dP-PL\AppData\Loca...}, fedcm:accounts: true, goog:chromeOptions: {debuggerAddress: localhost:51256}, javascriptEnabled: true, networkConnectionEnabled: false, pageLoadStrategy: normal, platform: WINDOWS, platformName: WINDOWS, proxy: Proxy(), setWindowRect: true, strictFileInteractability: false, timeouts: {implicit: 0, pageLoad: 300000, script: 30000}, unhandledPromptBehavior: dismiss and notify, webauthn:extension:credBlob: true, webauthn:extension:largeBlob: true, webauthn:extension:minPinLength: true, webauthn:extension:prf: true, webauthn:virtualAuthenticators: true}
Session ID: a59c4df4811f82049fe754efe723d3c1
2024-04-17 19:35:46,117 [main] INFO  base.BaseClass - Trying to find Element By {by.toString()})
2024-04-17 19:35:46,128 [main] INFO  base.BaseClass - Found Element By {by.toString()}
2024-04-17 19:35:46,128 [main] INFO  base.BaseClass - Trying to click on: {element.toString()}
2024-04-17 19:35:46,207 [main] INFO  base.BaseClass - Clicked on: {element.toString()}
2024-04-17 19:35:46,207 [main] INFO  base.BaseClass - Trying to find Element By {by.toString()})
2024-04-17 19:35:47,047 [main] INFO  base.BaseClass - Found Element By {by.toString()}
2024-04-17 19:35:47,571 [main] INFO  base.BaseClass - Trying to find Element By {by.toString()})
2024-04-17 19:35:47,605 [main] INFO  base.BaseClass - Found Element By {by.toString()}
2024-04-17 19:35:48,152 [main] INFO  base.BaseClass - Trying to find Element By {by.toString()})
2024-04-17 19:35:48,175 [main] INFO  base.BaseClass - Found Element By {by.toString()}
2024-04-17 19:35:48,718 [main] INFO  base.BaseClass - Trying to find Element By {by.toString()})
2024-04-17 19:35:48,756 [main] INFO  base.BaseClass - Found Element By {by.toString()}
2024-04-17 19:35:49,338 [main] INFO  base.BaseClass - Trying to find Element By {by.toString()})
2024-04-17 19:35:49,370 [main] INFO  base.BaseClass - Found Element By {by.toString()}
2024-04-17 19:35:49,916 [main] INFO  base.BaseClass - Trying to find Element By {by.toString()})
2024-04-17 19:35:49,947 [main] INFO  base.BaseClass - Found Element By {by.toString()}
2024-04-17 19:35:50,479 [main] INFO  base.BaseClass - Trying to find Element By {by.toString()})
2024-04-17 19:35:50,511 [main] INFO  base.BaseClass - Found Element By {by.toString()}
2024-04-17 19:35:51,056 [main] INFO  base.BaseClass - Trying to find Element By {by.toString()})
2024-04-17 19:35:51,087 [main] INFO  base.BaseClass - Found Element By {by.toString()}
2024-04-17 19:35:51,635 [main] INFO  base.BaseClass - Trying to find Element By {by.toString()})
2024-04-17 19:35:51,666 [main] INFO  base.BaseClass - Found Element By {by.toString()}
2024-04-17 19:35:52,212 [main] INFO  base.BaseClass - Trying to find Element By {by.toString()})
2024-04-17 19:35:52,223 [main] INFO  base.BaseClass - Found Element By {by.toString()}
2024-04-17 19:35:52,744 [main] INFO  base.BaseClass - Trying to find Element By {by.toString()})
2024-04-17 19:35:52,775 [main] INFO  base.BaseClass - Found Element By {by.toString()}
2024-04-17 19:35:53,327 [main] INFO  base.BaseClass - Trying to find Element By {by.toString()})
2024-04-17 19:35:53,357 [main] INFO  base.BaseClass - Found Element By {by.toString()}
2024-04-17 19:35:53,890 [main] INFO  base.BaseClass - Trying to find Element By {by.toString()})
2024-04-17 19:35:53,922 [main] INFO  base.BaseClass - Found Element By {by.toString()}
2024-04-17 19:35:54,472 [main] INFO  base.BaseClass - Trying to find Element By {by.toString()})
2024-04-17 19:35:54,503 [main] INFO  base.BaseClass - Found Element By {by.toString()}
2024-04-17 19:35:55,037 [main] INFO  base.BaseClass - Trying to find Element By {by.toString()})
2024-04-17 19:35:55,068 [main] INFO  base.BaseClass - Found Element By {by.toString()}
2024-04-17 19:35:55,618 [main] INFO  base.BaseClass - Trying to find Element By {by.toString()})
2024-04-17 19:35:55,650 [main] INFO  base.BaseClass - Found Element By {by.toString()}
2024-04-17 19:35:56,197 [main] INFO  base.BaseClass - Trying to find Element By {by.toString()})
2024-04-17 19:35:56,222 [main] INFO  base.BaseClass - Found Element By {by.toString()}
2024-04-17 19:35:56,756 [main] INFO  base.BaseClass - Trying to find Element By {by.toString()})
2024-04-17 19:35:56,787 [main] INFO  base.BaseClass - Found Element By {by.toString()}
2024-04-17 19:35:57,333 [main] INFO  base.BaseClass - Trying to find Element By {by.toString()})
2024-04-17 19:35:57,365 [main] INFO  base.BaseClass - Found Element By {by.toString()}
2024-04-17 19:35:57,912 [main] INFO  base.BaseClass - Trying to find Element By {by.toString()})
2024-04-17 19:35:57,944 [main] INFO  base.BaseClass - Found Element By {by.toString()}
2024-04-17 19:35:58,479 [main] INFO  base.BaseClass - Trying to find Element By {by.toString()})
2024-04-17 19:35:58,511 [main] INFO  base.BaseClass - Found Element By {by.toString()}
2024-04-17 19:35:59,056 [main] INFO  base.BaseClass - Trying to find Element By {by.toString()})
2024-04-17 19:35:59,087 [main] INFO  base.BaseClass - Found Element By {by.toString()}
2024-04-17 19:35:59,634 [main] INFO  base.BaseClass - Trying to find Element By {by.toString()})
2024-04-17 19:35:59,658 [main] INFO  base.BaseClass - Found Element By {by.toString()}
2024-04-17 19:36:00,185 [main] INFO  base.BaseClass - Trying to find Element By {by.toString()})
2024-04-17 19:36:00,218 [main] INFO  base.BaseClass - Found Element By {by.toString()}
2024-04-17 19:36:00,750 [main] INFO  base.BaseClass - Trying to find Element By {by.toString()})
2024-04-17 19:36:00,782 [main] INFO  base.BaseClass - Found Element By {by.toString()}
2024-04-17 19:36:01,317 [main] INFO  base.BaseClass - Trying to find Element By {by.toString()})
2024-04-17 19:36:01,347 [main] INFO  base.BaseClass - Found Element By {by.toString()}
2024-04-17 19:36:01,895 [main] INFO  base.BaseClass - Trying to find Element By {by.toString()})
2024-04-17 19:36:01,926 [main] INFO  base.BaseClass - Found Element By {by.toString()}
2024-04-17 19:36:02,472 [main] INFO  base.BaseClass - Trying to find Element By {by.toString()})
2024-04-17 19:36:02,503 [main] INFO  base.BaseClass - Found Element By {by.toString()}
2024-04-17 19:36:03,039 [main] INFO  base.BaseClass - Trying to find Element By {by.toString()})
2024-04-17 19:36:03,069 [main] INFO  base.BaseClass - Found Element By {by.toString()}
2024-04-17 19:36:03,602 [main] INFO  base.BaseClass - Trying to find Element By {by.toString()})
2024-04-17 19:36:03,633 [main] INFO  base.BaseClass - Found Element By {by.toString()}
2024-04-17 19:36:04,179 [main] INFO  base.BaseClass - Trying to find Element By {by.toString()})
2024-04-17 19:36:04,212 [main] INFO  base.BaseClass - Found Element By {by.toString()}
2024-04-17 19:36:04,756 [main] INFO  base.BaseClass - Trying to find Element By {by.toString()})
2024-04-17 19:36:04,779 [main] INFO  base.BaseClass - Found Element By {by.toString()}
2024-04-17 19:36:05,307 [main] INFO  base.BaseClass - Trying to find Element By {by.toString()})
2024-04-17 19:36:05,317 [main] INFO  base.BaseClass - Found Element By {by.toString()}
2024-04-17 19:36:05,841 [main] INFO  base.BaseClass - Trying to find Element By {by.toString()})
2024-04-17 19:36:05,852 [main] INFO  base.BaseClass - Found Element By {by.toString()}
2024-04-17 19:36:06,370 [main] INFO  base.BaseClass - Trying to find Element By {by.toString()})
2024-04-17 19:36:06,401 [main] INFO  base.BaseClass - Found Element By {by.toString()}
2024-04-17 19:36:06,932 [main] INFO  base.BaseClass - Trying to find Element By {by.toString()})
2024-04-17 19:36:06,964 [main] INFO  base.BaseClass - Found Element By {by.toString()}
2024-04-17 19:36:07,510 [main] INFO  base.BaseClass - Trying to find Element By {by.toString()})
2024-04-17 19:36:07,543 [main] INFO  base.BaseClass - Found Element By {by.toString()}
2024-04-17 19:36:08,077 [main] INFO  base.BaseClass - Trying to find Element By {by.toString()})
2024-04-17 19:36:08,094 [main] INFO  base.BaseClass - Found Element By {by.toString()}
2024-04-17 19:36:08,623 [main] INFO  base.BaseClass - Trying to find Element By {by.toString()})
2024-04-17 19:36:08,656 [main] INFO  base.BaseClass - Found Element By {by.toString()}
2024-04-17 19:36:09,202 [main] INFO  base.BaseClass - Trying to find Element By {by.toString()})
2024-04-17 19:36:09,283 [main] INFO  base.BaseClass - Found Element By {by.toString()}
2024-04-17 19:36:09,823 [main] INFO  base.BaseClass - Trying to find Element By {by.toString()})
2024-04-17 19:36:09,856 [main] INFO  base.BaseClass - Found Element By {by.toString()}
2024-04-17 19:36:10,383 [main] INFO  base.BaseClass - Trying to find Element By {by.toString()})
2024-04-17 19:36:10,419 [main] INFO  base.BaseClass - Found Element By {by.toString()}
2024-04-17 19:36:10,957 [main] INFO  base.BaseClass - Trying to find Element By {by.toString()})
2024-04-17 19:36:11,512 [main] INFO  base.BaseClass - Found Element By {by.toString()}
2024-04-17 19:36:12,062 [main] INFO  base.BaseClass - Trying to find Element By {by.toString()})
2024-04-17 19:36:12,099 [main] INFO  base.BaseClass - Found Element By {by.toString()}
2024-04-17 19:36:12,652 [main] INFO  base.BaseClass - Trying to find Element By {by.toString()})
2024-04-17 19:36:12,671 [main] INFO  base.BaseClass - Found Element By {by.toString()}
2024-04-17 19:36:13,212 [main] INFO  base.BaseClass - Trying to find Element By {by.toString()})
2024-04-17 19:36:13,237 [main] INFO  base.BaseClass - Found Element By {by.toString()}
2024-04-17 19:36:13,772 [main] INFO  base.BaseClass - Trying to find Element By {by.toString()})
2024-04-17 19:36:13,809 [main] INFO  base.BaseClass - Found Element By {by.toString()}
2024-04-17 19:36:14,350 [main] INFO  base.BaseClass - Trying to find Element By {by.toString()})
2024-04-17 19:36:14,440 [main] INFO  base.BaseClass - Found Element By {by.toString()}
2024-04-17 19:36:14,973 [main] INFO  base.BaseClass - Trying to find Element By {by.toString()})
2024-04-17 19:36:15,010 [main] INFO  base.BaseClass - Found Element By {by.toString()}
2024-04-17 19:36:15,550 [main] INFO  base.BaseClass - Trying to find Element By {by.toString()})
2024-04-17 19:36:15,582 [main] INFO  base.BaseClass - Found Element By {by.toString()}
2024-04-17 19:36:16,112 [main] INFO  base.BaseClass - Trying to find Element By {by.toString()})
2024-04-17 19:36:16,146 [main] INFO  base.BaseClass - Found Element By {by.toString()}
2024-04-17 19:36:16,687 [main] INFO  base.BaseClass - Trying to find Element By {by.toString()})
2024-04-17 19:36:16,721 [main] INFO  base.BaseClass - Found Element By {by.toString()}
TimeoutException occurred: Expected condition failed: waiting for helper.WaitUtility$5@29622208 (tried for 30 second(s) with 500 milliseconds interval)
Build info: version: '3.141.59', revision: 'e82be7d358', time: '2018-11-14T08:17:03'
System info: host: 'DPLAP166', ip: '137.237.2.236', os.name: 'Windows 10', os.arch: 'amd64', os.version: '10.0', java.version: '19.0.1'
Driver info: org.openqa.selenium.support.events.EventFiringWebDriver
Capabilities {acceptInsecureCerts: true, browserName: chrome, browserVersion: 123.0.6312.123, chrome: {chromedriverVersion: 123.0.6312.122 (31f8248cdd9..., userDataDir: C:\Users\dP-PL\AppData\Loca...}, fedcm:accounts: true, goog:chromeOptions: {debuggerAddress: localhost:51256}, javascriptEnabled: true, networkConnectionEnabled: false, pageLoadStrategy: normal, platform: WINDOWS, platformName: WINDOWS, proxy: Proxy(), setWindowRect: true, strictFileInteractability: false, timeouts: {implicit: 0, pageLoad: 300000, script: 30000}, unhandledPromptBehavior: dismiss and notify, webauthn:extension:credBlob: true, webauthn:extension:largeBlob: true, webauthn:extension:minPinLength: true, webauthn:extension:prf: true, webauthn:virtualAuthenticators: true}
Session ID: a59c4df4811f82049fe754efe723d3c1
2024-04-17 19:36:16,760 [main] ERROR RotationCopy_test - Element did not become visible within the specified time: Expected condition failed: waiting for helper.WaitUtility$5@29622208 (tried for 30 second(s) with 500 milliseconds interval)
Build info: version: '3.141.59', revision: 'e82be7d358', time: '2018-11-14T08:17:03'
System info: host: 'DPLAP166', ip: '137.237.2.236', os.name: 'Windows 10', os.arch: 'amd64', os.version: '10.0', java.version: '19.0.1'
Driver info: org.openqa.selenium.support.events.EventFiringWebDriver
Capabilities {acceptInsecureCerts: true, browserName: chrome, browserVersion: 123.0.6312.123, chrome: {chromedriverVersion: 123.0.6312.122 (31f8248cdd9..., userDataDir: C:\Users\dP-PL\AppData\Loca...}, fedcm:accounts: true, goog:chromeOptions: {debuggerAddress: localhost:51256}, javascriptEnabled: true, networkConnectionEnabled: false, pageLoadStrategy: normal, platform: WINDOWS, platformName: WINDOWS, proxy: Proxy(), setWindowRect: true, strictFileInteractability: false, timeouts: {implicit: 0, pageLoad: 300000, script: 30000}, unhandledPromptBehavior: dismiss and notify, webauthn:extension:credBlob: true, webauthn:extension:largeBlob: true, webauthn:extension:minPinLength: true, webauthn:extension:prf: true, webauthn:virtualAuthenticators: true}
Session ID: a59c4df4811f82049fe754efe723d3c1
2024-04-17 19:36:16,760 [main] INFO  base.BaseClass - Trying to find Element By {by.toString()})
2024-04-17 19:36:16,775 [main] INFO  base.BaseClass - Found Element By {by.toString()}
2024-04-17 19:36:16,775 [main] INFO  base.BaseClass - Trying to click on: {element.toString()}
2024-04-17 19:36:16,846 [main] INFO  base.BaseClass - Clicked on: {element.toString()}
2024-04-17 19:36:16,846 [main] INFO  base.BaseClass - Trying to find Element By {by.toString()})
2024-04-17 19:36:16,856 [main] INFO  base.BaseClass - Found Element By {by.toString()}
2024-04-17 19:36:17,373 [main] INFO  base.BaseClass - Trying to find Element By {by.toString()})
2024-04-17 19:36:17,399 [main] INFO  base.BaseClass - Found Element By {by.toString()}
2024-04-17 19:36:17,920 [main] INFO  base.BaseClass - Trying to find Element By {by.toString()})
2024-04-17 19:36:17,953 [main] INFO  base.BaseClass - Found Element By {by.toString()}
2024-04-17 19:36:18,495 [main] INFO  base.BaseClass - Trying to find Element By {by.toString()})
2024-04-17 19:36:18,530 [main] INFO  base.BaseClass - Found Element By {by.toString()}
2024-04-17 19:36:19,071 [main] INFO  base.BaseClass - Trying to find Element By {by.toString()})
2024-04-17 19:36:19,086 [main] INFO  base.BaseClass - Found Element By {by.toString()}
2024-04-17 19:36:19,618 [main] INFO  base.BaseClass - Trying to find Element By {by.toString()})
2024-04-17 19:36:19,638 [main] INFO  base.BaseClass - Found Element By {by.toString()}
2024-04-17 19:36:20,164 [main] INFO  base.BaseClass - Trying to find Element By {by.toString()})
2024-04-17 19:36:20,179 [main] INFO  base.BaseClass - Found Element By {by.toString()}
2024-04-17 19:36:20,696 [main] INFO  base.BaseClass - Trying to find Element By {by.toString()})
2024-04-17 19:36:20,729 [main] INFO  base.BaseClass - Found Element By {by.toString()}
2024-04-17 19:36:21,273 [main] INFO  base.BaseClass - Trying to find Element By {by.toString()})
2024-04-17 19:36:21,305 [main] INFO  base.BaseClass - Found Element By {by.toString()}
2024-04-17 19:36:21,850 [main] INFO  base.BaseClass - Trying to find Element By {by.toString()})
2024-04-17 19:36:21,874 [main] INFO  base.BaseClass - Found Element By {by.toString()}
2024-04-17 19:36:22,412 [main] INFO  base.BaseClass - Trying to find Element By {by.toString()})
2024-04-17 19:36:22,439 [main] INFO  base.BaseClass - Found Element By {by.toString()}
2024-04-17 19:36:22,976 [main] INFO  base.BaseClass - Trying to find Element By {by.toString()})
2024-04-17 19:36:22,999 [main] INFO  base.BaseClass - Found Element By {by.toString()}
2024-04-17 19:36:23,526 [main] INFO  base.BaseClass - Trying to find Element By {by.toString()})
2024-04-17 19:36:23,540 [main] INFO  base.BaseClass - Found Element By {by.toString()}
2024-04-17 19:36:24,057 [main] INFO  base.BaseClass - Trying to find Element By {by.toString()})
2024-04-17 19:36:24,091 [main] INFO  base.BaseClass - Found Element By {by.toString()}
2024-04-17 19:36:24,636 [main] INFO  base.BaseClass - Trying to find Element By {by.toString()})
2024-04-17 19:36:24,670 [main] INFO  base.BaseClass - Found Element By {by.toString()}
2024-04-17 19:36:25,214 [main] INFO  base.BaseClass - Trying to find Element By {by.toString()})
2024-04-17 19:36:25,232 [main] INFO  base.BaseClass - Found Element By {by.toString()}
2024-04-17 19:36:25,762 [main] INFO  base.BaseClass - Trying to find Element By {by.toString()})
2024-04-17 19:36:25,794 [main] INFO  base.BaseClass - Found Element By {by.toString()}
2024-04-17 19:36:26,337 [main] INFO  base.BaseClass - Trying to find Element By {by.toString()})
2024-04-17 19:36:26,371 [main] INFO  base.BaseClass - Found Element By {by.toString()}
2024-04-17 19:36:26,914 [main] INFO  base.BaseClass - Trying to find Element By {by.toString()})
2024-04-17 19:36:26,950 [main] INFO  base.BaseClass - Found Element By {by.toString()}
2024-04-17 19:36:27,508 [main] INFO  base.BaseClass - Trying to find Element By {by.toString()})
2024-04-17 19:36:27,522 [main] INFO  base.BaseClass - Found Element By {by.toString()}
2024-04-17 19:36:28,040 [main] INFO  base.BaseClass - Trying to find Element By {by.toString()})
2024-04-17 19:36:28,075 [main] INFO  base.BaseClass - Found Element By {by.toString()}
2024-04-17 19:36:28,600 [main] INFO  base.BaseClass - Trying to find Element By {by.toString()})
2024-04-17 19:36:28,636 [main] INFO  base.BaseClass - Found Element By {by.toString()}
2024-04-17 19:36:29,189 [main] INFO  base.BaseClass - Trying to find Element By {by.toString()})
2024-04-17 19:36:29,210 [main] INFO  base.BaseClass - Found Element By {by.toString()}
2024-04-17 19:36:29,734 [main] INFO  base.BaseClass - Trying to find Element By {by.toString()})
2024-04-17 19:36:29,769 [main] INFO  base.BaseClass - Found Element By {by.toString()}
2024-04-17 19:36:30,305 [main] INFO  base.BaseClass - Trying to find Element By {by.toString()})
2024-04-17 19:36:30,325 [main] INFO  base.BaseClass - Found Element By {by.toString()}
2024-04-17 19:36:30,851 [main] INFO  base.BaseClass - Trying to find Element By {by.toString()})
2024-04-17 19:36:30,871 [main] INFO  base.BaseClass - Found Element By {by.toString()}
2024-04-17 19:36:31,398 [main] INFO  base.BaseClass - Trying to find Element By {by.toString()})
2024-04-17 19:36:31,410 [main] INFO  base.BaseClass - Found Element By {by.toString()}
2024-04-17 19:36:31,928 [main] INFO  base.BaseClass - Trying to find Element By {by.toString()})
2024-04-17 19:36:31,951 [main] INFO  base.BaseClass - Found Element By {by.toString()}
2024-04-17 19:36:32,487 [main] INFO  base.BaseClass - Trying to find Element By {by.toString()})
2024-04-17 19:36:32,503 [main] INFO  base.BaseClass - Found Element By {by.toString()}
2024-04-17 19:36:33,021 [main] INFO  base.BaseClass - Trying to find Element By {by.toString()})
2024-04-17 19:36:33,052 [main] INFO  base.BaseClass - Found Element By {by.toString()}
2024-04-17 19:36:33,600 [main] INFO  base.BaseClass - Trying to find Element By {by.toString()})
2024-04-17 19:36:33,628 [main] INFO  base.BaseClass - Found Element By {by.toString()}
2024-04-17 19:36:34,160 [main] INFO  base.BaseClass - Trying to find Element By {by.toString()})
2024-04-17 19:36:34,190 [main] INFO  base.BaseClass - Found Element By {by.toString()}
2024-04-17 19:36:34,739 [main] INFO  base.BaseClass - Trying to find Element By {by.toString()})
2024-04-17 19:36:34,803 [main] INFO  base.BaseClass - Found Element By {by.toString()}
2024-04-17 19:36:35,363 [main] INFO  base.BaseClass - Trying to find Element By {by.toString()})
2024-04-17 19:36:35,394 [main] INFO  base.BaseClass - Found Element By {by.toString()}
2024-04-17 19:36:35,941 [main] INFO  base.BaseClass - Trying to find Element By {by.toString()})
2024-04-17 19:36:35,971 [main] INFO  base.BaseClass - Found Element By {by.toString()}
2024-04-17 19:36:36,518 [main] INFO  base.BaseClass - Trying to find Element By {by.toString()})
2024-04-17 19:36:36,546 [main] INFO  base.BaseClass - Found Element By {by.toString()}
2024-04-17 19:36:37,076 [main] INFO  base.BaseClass - Trying to find Element By {by.toString()})
2024-04-17 19:36:37,107 [main] INFO  base.BaseClass - Found Element By {by.toString()}
2024-04-17 19:36:37,655 [main] INFO  base.BaseClass - Trying to find Element By {by.toString()})
2024-04-17 19:36:37,687 [main] INFO  base.BaseClass - Found Element By {by.toString()}
2024-04-17 19:36:38,232 [main] INFO  base.BaseClass - Trying to find Element By {by.toString()})
2024-04-17 19:36:38,266 [main] INFO  base.BaseClass - Found Element By {by.toString()}
2024-04-17 19:36:38,813 [main] INFO  base.BaseClass - Trying to find Element By {by.toString()})
2024-04-17 19:36:38,845 [main] INFO  base.BaseClass - Found Element By {by.toString()}
2024-04-17 19:36:39,388 [main] INFO  base.BaseClass - Trying to find Element By {by.toString()})
2024-04-17 19:36:39,420 [main] INFO  base.BaseClass - Found Element By {by.toString()}
2024-04-17 19:36:39,969 [main] INFO  base.BaseClass - Trying to find Element By {by.toString()})
2024-04-17 19:36:40,000 [main] INFO  base.BaseClass - Found Element By {by.toString()}
2024-04-17 19:36:40,547 [main] INFO  base.BaseClass - Trying to find Element By {by.toString()})
2024-04-17 19:36:40,582 [main] INFO  base.BaseClass - Found Element By {by.toString()}
2024-04-17 19:36:41,108 [main] INFO  base.BaseClass - Trying to find Element By {by.toString()})
2024-04-17 19:36:41,141 [main] INFO  base.BaseClass - Found Element By {by.toString()}
2024-04-17 19:36:41,684 [main] INFO  base.BaseClass - Trying to find Element By {by.toString()})
2024-04-17 19:36:41,715 [main] INFO  base.BaseClass - Found Element By {by.toString()}
2024-04-17 19:36:42,263 [main] INFO  base.BaseClass - Trying to find Element By {by.toString()})
2024-04-17 19:36:42,294 [main] INFO  base.BaseClass - Found Element By {by.toString()}
2024-04-17 19:36:42,838 [main] INFO  base.BaseClass - Trying to find Element By {by.toString()})
2024-04-17 19:36:42,869 [main] INFO  base.BaseClass - Found Element By {by.toString()}
2024-04-17 19:36:43,401 [main] INFO  base.BaseClass - Trying to find Element By {by.toString()})
2024-04-17 19:36:43,433 [main] INFO  base.BaseClass - Found Element By {by.toString()}
2024-04-17 19:36:43,979 [main] INFO  base.BaseClass - Trying to find Element By {by.toString()})
2024-04-17 19:36:43,999 [main] INFO  base.BaseClass - Found Element By {by.toString()}
2024-04-17 19:36:44,526 [main] INFO  base.BaseClass - Trying to find Element By {by.toString()})
2024-04-17 19:36:44,558 [main] INFO  base.BaseClass - Found Element By {by.toString()}
2024-04-17 19:36:45,104 [main] INFO  base.BaseClass - Trying to find Element By {by.toString()})
2024-04-17 19:36:45,134 [main] INFO  base.BaseClass - Found Element By {by.toString()}
2024-04-17 19:36:45,669 [main] INFO  base.BaseClass - Trying to find Element By {by.toString()})
2024-04-17 19:36:45,697 [main] INFO  base.BaseClass - Found Element By {by.toString()}
2024-04-17 19:36:46,252 [main] INFO  base.BaseClass - Trying to find Element By {by.toString()})
2024-04-17 19:36:46,283 [main] INFO  base.BaseClass - Found Element By {by.toString()}
2024-04-17 19:36:46,831 [main] INFO  base.BaseClass - Trying to find Element By {by.toString()})
2024-04-17 19:36:46,862 [main] INFO  base.BaseClass - Found Element By {by.toString()}
TimeoutException occurred: Expected condition failed: waiting for helper.WaitUtility$5@7f4cba19 (tried for 30 second(s) with 500 milliseconds interval)
Build info: version: '3.141.59', revision: 'e82be7d358', time: '2018-11-14T08:17:03'
System info: host: 'DPLAP166', ip: '137.237.2.236', os.name: 'Windows 10', os.arch: 'amd64', os.version: '10.0', java.version: '19.0.1'
Driver info: org.openqa.selenium.support.events.EventFiringWebDriver
Capabilities {acceptInsecureCerts: true, browserName: chrome, browserVersion: 123.0.6312.123, chrome: {chromedriverVersion: 123.0.6312.122 (31f8248cdd9..., userDataDir: C:\Users\dP-PL\AppData\Loca...}, fedcm:accounts: true, goog:chromeOptions: {debuggerAddress: localhost:51256}, javascriptEnabled: true, networkConnectionEnabled: false, pageLoadStrategy: normal, platform: WINDOWS, platformName: WINDOWS, proxy: Proxy(), setWindowRect: true, strictFileInteractability: false, timeouts: {implicit: 0, pageLoad: 300000, script: 30000}, unhandledPromptBehavior: dismiss and notify, webauthn:extension:credBlob: true, webauthn:extension:largeBlob: true, webauthn:extension:minPinLength: true, webauthn:extension:prf: true, webauthn:virtualAuthenticators: true}
Session ID: a59c4df4811f82049fe754efe723d3c1
2024-04-17 19:36:46,896 [main] ERROR RotationCopy_test - Element did not become visible within the specified time: Expected condition failed: waiting for helper.WaitUtility$5@7f4cba19 (tried for 30 second(s) with 500 milliseconds interval)
Build info: version: '3.141.59', revision: 'e82be7d358', time: '2018-11-14T08:17:03'
System info: host: 'DPLAP166', ip: '137.237.2.236', os.name: 'Windows 10', os.arch: 'amd64', os.version: '10.0', java.version: '19.0.1'
Driver info: org.openqa.selenium.support.events.EventFiringWebDriver
Capabilities {acceptInsecureCerts: true, browserName: chrome, browserVersion: 123.0.6312.123, chrome: {chromedriverVersion: 123.0.6312.122 (31f8248cdd9..., userDataDir: C:\Users\dP-PL\AppData\Loca...}, fedcm:accounts: true, goog:chromeOptions: {debuggerAddress: localhost:51256}, javascriptEnabled: true, networkConnectionEnabled: false, pageLoadStrategy: normal, platform: WINDOWS, platformName: WINDOWS, proxy: Proxy(), setWindowRect: true, strictFileInteractability: false, timeouts: {implicit: 0, pageLoad: 300000, script: 30000}, unhandledPromptBehavior: dismiss and notify, webauthn:extension:credBlob: true, webauthn:extension:largeBlob: true, webauthn:extension:minPinLength: true, webauthn:extension:prf: true, webauthn:virtualAuthenticators: true}
Session ID: a59c4df4811f82049fe754efe723d3c1
2024-04-17 19:36:46,896 [main] INFO  base.BaseClass - Trying to find Element By {by.toString()})
2024-04-17 19:36:46,914 [main] INFO  base.BaseClass - Found Element By {by.toString()}
2024-04-17 19:36:46,914 [main] INFO  base.BaseClass - Trying to click on: {element.toString()}
2024-04-17 19:36:47,013 [main] INFO  base.BaseClass - Clicked on: {element.toString()}
2024-04-17 19:36:47,019 [main] INFO  base.BaseClass - Trying to find Element By {by.toString()})
2024-04-17 19:36:47,029 [main] INFO  base.BaseClass - Found Element By {by.toString()}
2024-04-17 19:36:47,550 [main] INFO  base.BaseClass - Trying to find Element By {by.toString()})
2024-04-17 19:36:47,563 [main] INFO  base.BaseClass - Found Element By {by.toString()}
2024-04-17 19:36:48,081 [main] INFO  base.BaseClass - Trying to find Element By {by.toString()})
2024-04-17 19:36:48,111 [main] INFO  base.BaseClass - Found Element By {by.toString()}
2024-04-17 19:36:48,659 [main] INFO  base.BaseClass - Trying to find Element By {by.toString()})
2024-04-17 19:36:48,678 [main] INFO  base.BaseClass - Found Element By {by.toString()}
2024-04-17 19:36:49,220 [main] INFO  base.BaseClass - Trying to find Element By {by.toString()})
2024-04-17 19:36:49,250 [main] INFO  base.BaseClass - Found Element By {by.toString()}
2024-04-17 19:36:49,800 [main] INFO  base.BaseClass - Trying to find Element By {by.toString()})
2024-04-17 19:36:49,831 [main] INFO  base.BaseClass - Found Element By {by.toString()}
2024-04-17 19:36:50,381 [main] INFO  base.BaseClass - Trying to find Element By {by.toString()})
2024-04-17 19:36:50,412 [main] INFO  base.BaseClass - Found Element By {by.toString()}
2024-04-17 19:36:50,959 [main] INFO  base.BaseClass - Trying to find Element By {by.toString()})
2024-04-17 19:36:50,988 [main] INFO  base.BaseClass - Found Element By {by.toString()}
2024-04-17 19:36:51,539 [main] INFO  base.BaseClass - Trying to find Element By {by.toString()})
2024-04-17 19:36:51,568 [main] INFO  base.BaseClass - Found Element By {by.toString()}
2024-04-17 19:36:52,119 [main] INFO  base.BaseClass - Trying to find Element By {by.toString()})
2024-04-17 19:36:52,149 [main] INFO  base.BaseClass - Found Element By {by.toString()}
2024-04-17 19:36:52,696 [main] INFO  base.BaseClass - Trying to find Element By {by.toString()})
2024-04-17 19:36:52,723 [main] INFO  base.BaseClass - Found Element By {by.toString()}
2024-04-17 19:36:53,271 [main] INFO  base.BaseClass - Trying to find Element By {by.toString()})
2024-04-17 19:36:53,300 [main] INFO  base.BaseClass - Found Element By {by.toString()}
2024-04-17 19:36:53,852 [main] INFO  base.BaseClass - Trying to find Element By {by.toString()})
2024-04-17 19:36:53,880 [main] INFO  base.BaseClass - Found Element By {by.toString()}
2024-04-17 19:36:54,433 [main] INFO  base.BaseClass - Trying to find Element By {by.toString()})
2024-04-17 19:36:54,461 [main] INFO  base.BaseClass - Found Element By {by.toString()}
2024-04-17 19:36:55,012 [main] INFO  base.BaseClass - Trying to find Element By {by.toString()})
2024-04-17 19:36:55,040 [main] INFO  base.BaseClass - Found Element By {by.toString()}
2024-04-17 19:36:55,588 [main] INFO  base.BaseClass - Trying to find Element By {by.toString()})
2024-04-17 19:36:55,617 [main] INFO  base.BaseClass - Found Element By {by.toString()}
2024-04-17 19:36:56,167 [main] INFO  base.BaseClass - Trying to find Element By {by.toString()})
2024-04-17 19:36:56,196 [main] INFO  base.BaseClass - Found Element By {by.toString()}
2024-04-17 19:36:56,744 [main] INFO  base.BaseClass - Trying to find Element By {by.toString()})
2024-04-17 19:36:56,773 [main] INFO  base.BaseClass - Found Element By {by.toString()}
2024-04-17 19:36:57,322 [main] INFO  base.BaseClass - Trying to find Element By {by.toString()})
2024-04-17 19:36:57,351 [main] INFO  base.BaseClass - Found Element By {by.toString()}
2024-04-17 19:36:57,900 [main] INFO  base.BaseClass - Trying to find Element By {by.toString()})
2024-04-17 19:36:57,928 [main] INFO  base.BaseClass - Found Element By {by.toString()}
2024-04-17 19:36:58,476 [main] INFO  base.BaseClass - Trying to find Element By {by.toString()})
2024-04-17 19:36:58,505 [main] INFO  base.BaseClass - Found Element By {by.toString()}
2024-04-17 19:36:59,054 [main] INFO  base.BaseClass - Trying to find Element By {by.toString()})
2024-04-17 19:36:59,083 [main] INFO  base.BaseClass - Found Element By {by.toString()}
2024-04-17 19:36:59,633 [main] INFO  base.BaseClass - Trying to find Element By {by.toString()})
2024-04-17 19:36:59,662 [main] INFO  base.BaseClass - Found Element By {by.toString()}
2024-04-17 19:37:00,197 [main] INFO  base.BaseClass - Trying to find Element By {by.toString()})
2024-04-17 19:37:00,229 [main] INFO  base.BaseClass - Found Element By {by.toString()}
2024-04-17 19:37:00,759 [main] INFO  base.BaseClass - Trying to find Element By {by.toString()})
2024-04-17 19:37:00,783 [main] INFO  base.BaseClass - Found Element By {by.toString()}
2024-04-17 19:37:01,325 [main] INFO  base.BaseClass - Trying to find Element By {by.toString()})
2024-04-17 19:37:01,353 [main] INFO  base.BaseClass - Found Element By {by.toString()}
2024-04-17 19:37:01,901 [main] INFO  base.BaseClass - Trying to find Element By {by.toString()})
2024-04-17 19:37:01,926 [main] INFO  base.BaseClass - Found Element By {by.toString()}
2024-04-17 19:37:02,461 [main] INFO  base.BaseClass - Trying to find Element By {by.toString()})
2024-04-17 19:37:02,488 [main] INFO  base.BaseClass - Found Element By {by.toString()}
2024-04-17 19:37:03,027 [main] INFO  base.BaseClass - Trying to find Element By {by.toString()})
2024-04-17 19:37:03,055 [main] INFO  base.BaseClass - Found Element By {by.toString()}
2024-04-17 19:37:03,607 [main] INFO  base.BaseClass - Trying to find Element By {by.toString()})
2024-04-17 19:37:03,635 [main] INFO  base.BaseClass - Found Element By {by.toString()}
2024-04-17 19:37:04,173 [main] INFO  base.BaseClass - Trying to find Element By {by.toString()})
2024-04-17 19:37:04,202 [main] INFO  base.BaseClass - Found Element By {by.toString()}
2024-04-17 19:37:04,756 [main] INFO  base.BaseClass - Trying to find Element By {by.toString()})
2024-04-17 19:37:04,784 [main] INFO  base.BaseClass - Found Element By {by.toString()}
2024-04-17 19:37:05,335 [main] INFO  base.BaseClass - Trying to find Element By {by.toString()})
2024-04-17 19:37:05,354 [main] INFO  base.BaseClass - Found Element By {by.toString()}
2024-04-17 19:37:05,882 [main] INFO  base.BaseClass - Trying to find Element By {by.toString()})
2024-04-17 19:37:05,912 [main] INFO  base.BaseClass - Found Element By {by.toString()}
2024-04-17 19:37:06,446 [main] INFO  base.BaseClass - Trying to find Element By {by.toString()})
2024-04-17 19:37:06,474 [main] INFO  base.BaseClass - Found Element By {by.toString()}
2024-04-17 19:37:07,013 [main] INFO  base.BaseClass - Trying to find Element By {by.toString()})
2024-04-17 19:37:07,039 [main] INFO  base.BaseClass - Found Element By {by.toString()}
2024-04-17 19:37:07,577 [main] INFO  base.BaseClass - Trying to find Element By {by.toString()})
2024-04-17 19:37:07,606 [main] INFO  base.BaseClass - Found Element By {by.toString()}
2024-04-17 19:37:08,153 [main] INFO  base.BaseClass - Trying to find Element By {by.toString()})
2024-04-17 19:37:08,181 [main] INFO  base.BaseClass - Found Element By {by.toString()}
2024-04-17 19:37:08,730 [main] INFO  base.BaseClass - Trying to find Element By {by.toString()})
2024-04-17 19:37:08,758 [main] INFO  base.BaseClass - Found Element By {by.toString()}
2024-04-17 19:37:09,291 [main] INFO  base.BaseClass - Trying to find Element By {by.toString()})
2024-04-17 19:37:09,321 [main] INFO  base.BaseClass - Found Element By {by.toString()}
2024-04-17 19:37:09,867 [main] INFO  base.BaseClass - Trying to find Element By {by.toString()})
2024-04-17 19:37:09,896 [main] INFO  base.BaseClass - Found Element By {by.toString()}
2024-04-17 19:37:10,446 [main] INFO  base.BaseClass - Trying to find Element By {by.toString()})
2024-04-17 19:37:10,475 [main] INFO  base.BaseClass - Found Element By {by.toString()}
2024-04-17 19:37:11,026 [main] INFO  base.BaseClass - Trying to find Element By {by.toString()})
2024-04-17 19:37:11,053 [main] INFO  base.BaseClass - Found Element By {by.toString()}
2024-04-17 19:37:11,604 [main] INFO  base.BaseClass - Trying to find Element By {by.toString()})
2024-04-17 19:37:11,636 [main] INFO  base.BaseClass - Found Element By {by.toString()}
2024-04-17 19:37:12,186 [main] INFO  base.BaseClass - Trying to find Element By {by.toString()})
2024-04-17 19:37:12,216 [main] INFO  base.BaseClass - Found Element By {by.toString()}
2024-04-17 19:37:12,764 [main] INFO  base.BaseClass - Trying to find Element By {by.toString()})
2024-04-17 19:37:12,789 [main] INFO  base.BaseClass - Found Element By {by.toString()}
2024-04-17 19:37:13,324 [main] INFO  base.BaseClass - Trying to find Element By {by.toString()})
2024-04-17 19:37:13,354 [main] INFO  base.BaseClass - Found Element By {by.toString()}
2024-04-17 19:37:13,887 [main] INFO  base.BaseClass - Trying to find Element By {by.toString()})
2024-04-17 19:37:13,917 [main] INFO  base.BaseClass - Found Element By {by.toString()}
2024-04-17 19:37:14,486 [main] INFO  base.BaseClass - Trying to find Element By {by.toString()})
2024-04-17 19:37:14,516 [main] INFO  base.BaseClass - Found Element By {by.toString()}
2024-04-17 19:37:15,065 [main] INFO  base.BaseClass - Trying to find Element By {by.toString()})
2024-04-17 19:37:15,089 [main] INFO  base.BaseClass - Found Element By {by.toString()}
2024-04-17 19:37:15,625 [main] INFO  base.BaseClass - Trying to find Element By {by.toString()})
2024-04-17 19:37:15,635 [main] INFO  base.BaseClass - Found Element By {by.toString()}
2024-04-17 19:37:16,158 [main] INFO  base.BaseClass - Trying to find Element By {by.toString()})
2024-04-17 19:37:16,187 [main] INFO  base.BaseClass - Found Element By {by.toString()}
2024-04-17 19:37:16,737 [main] INFO  base.BaseClass - Trying to find Element By {by.toString()})
2024-04-17 19:37:16,766 [main] INFO  base.BaseClass - Found Element By {by.toString()}
2024-04-17 19:37:17,319 [main] INFO  base.BaseClass - Trying to find Element By {by.toString()})
2024-04-17 19:37:17,348 [main] INFO  base.BaseClass - Found Element By {by.toString()}
TimeoutException occurred: Expected condition failed: waiting for helper.WaitUtility$5@77556f0 (tried for 30 second(s) with 500 milliseconds interval)
Build info: version: '3.141.59', revision: 'e82be7d358', time: '2018-11-14T08:17:03'
System info: host: 'DPLAP166', ip: '137.237.2.236', os.name: 'Windows 10', os.arch: 'amd64', os.version: '10.0', java.version: '19.0.1'
Driver info: org.openqa.selenium.support.events.EventFiringWebDriver
Capabilities {acceptInsecureCerts: true, browserName: chrome, browserVersion: 123.0.6312.123, chrome: {chromedriverVersion: 123.0.6312.122 (31f8248cdd9..., userDataDir: C:\Users\dP-PL\AppData\Loca...}, fedcm:accounts: true, goog:chromeOptions: {debuggerAddress: localhost:51256}, javascriptEnabled: true, networkConnectionEnabled: false, pageLoadStrategy: normal, platform: WINDOWS, platformName: WINDOWS, proxy: Proxy(), setWindowRect: true, strictFileInteractability: false, timeouts: {implicit: 0, pageLoad: 300000, script: 30000}, unhandledPromptBehavior: dismiss and notify, webauthn:extension:credBlob: true, webauthn:extension:largeBlob: true, webauthn:extension:minPinLength: true, webauthn:extension:prf: true, webauthn:virtualAuthenticators: true}
Session ID: a59c4df4811f82049fe754efe723d3c1
2024-04-17 19:37:17,388 [main] ERROR RotationCopy_test - Element did not become visible within the specified time: Expected condition failed: waiting for helper.WaitUtility$5@77556f0 (tried for 30 second(s) with 500 milliseconds interval)
Build info: version: '3.141.59', revision: 'e82be7d358', time: '2018-11-14T08:17:03'
System info: host: 'DPLAP166', ip: '137.237.2.236', os.name: 'Windows 10', os.arch: 'amd64', os.version: '10.0', java.version: '19.0.1'
Driver info: org.openqa.selenium.support.events.EventFiringWebDriver
Capabilities {acceptInsecureCerts: true, browserName: chrome, browserVersion: 123.0.6312.123, chrome: {chromedriverVersion: 123.0.6312.122 (31f8248cdd9..., userDataDir: C:\Users\dP-PL\AppData\Loca...}, fedcm:accounts: true, goog:chromeOptions: {debuggerAddress: localhost:51256}, javascriptEnabled: true, networkConnectionEnabled: false, pageLoadStrategy: normal, platform: WINDOWS, platformName: WINDOWS, proxy: Proxy(), setWindowRect: true, strictFileInteractability: false, timeouts: {implicit: 0, pageLoad: 300000, script: 30000}, unhandledPromptBehavior: dismiss and notify, webauthn:extension:credBlob: true, webauthn:extension:largeBlob: true, webauthn:extension:minPinLength: true, webauthn:extension:prf: true, webauthn:virtualAuthenticators: true}
Session ID: a59c4df4811f82049fe754efe723d3c1
2024-04-17 19:37:17,388 [main] INFO  base.BaseClass - Trying to find Element By {by.toString()})
2024-04-17 19:37:17,416 [main] INFO  base.BaseClass - Found Element By {by.toString()}
2024-04-17 19:37:17,416 [main] INFO  base.BaseClass - Trying to click on: {element.toString()}
2024-04-17 19:37:17,489 [main] INFO  base.BaseClass - Clicked on: {element.toString()}
2024-04-17 19:37:17,495 [main] INFO  base.BaseClass - Trying to find Element By {by.toString()})
2024-04-17 19:37:17,504 [main] INFO  base.BaseClass - Found Element By {by.toString()}
2024-04-17 19:37:18,022 [main] INFO  base.BaseClass - Trying to find Element By {by.toString()})
2024-04-17 19:37:18,350 [main] INFO  base.BaseClass - Found Element By {by.toString()}
2024-04-17 19:37:18,880 [main] INFO  base.BaseClass - Trying to find Element By {by.toString()})
2024-04-17 19:37:18,896 [main] INFO  base.BaseClass - Found Element By {by.toString()}
2024-04-17 19:37:19,424 [main] INFO  base.BaseClass - Trying to find Element By {by.toString()})
2024-04-17 19:37:19,455 [main] INFO  base.BaseClass - Found Element By {by.toString()}
2024-04-17 19:37:19,988 [main] INFO  base.BaseClass - Trying to find Element By {by.toString()})
2024-04-17 19:37:20,019 [main] INFO  base.BaseClass - Found Element By {by.toString()}
2024-04-17 19:37:20,569 [main] INFO  base.BaseClass - Trying to find Element By {by.toString()})
2024-04-17 19:37:20,599 [main] INFO  base.BaseClass - Found Element By {by.toString()}
2024-04-17 19:37:21,148 [main] INFO  base.BaseClass - Trying to find Element By {by.toString()})
2024-04-17 19:37:21,174 [main] INFO  base.BaseClass - Found Element By {by.toString()}
2024-04-17 19:37:21,726 [main] INFO  base.BaseClass - Trying to find Element By {by.toString()})
2024-04-17 19:37:21,741 [main] INFO  base.BaseClass - Found Element By {by.toString()}
2024-04-17 19:37:22,262 [main] INFO  base.BaseClass - Trying to find Element By {by.toString()})
2024-04-17 19:37:22,292 [main] INFO  base.BaseClass - Found Element By {by.toString()}
2024-04-17 19:37:22,827 [main] INFO  base.BaseClass - Trying to find Element By {by.toString()})
2024-04-17 19:37:22,838 [main] INFO  base.BaseClass - Found Element By {by.toString()}
2024-04-17 19:37:23,361 [main] INFO  base.BaseClass - Trying to find Element By {by.toString()})
2024-04-17 19:37:23,387 [main] INFO  base.BaseClass - Found Element By {by.toString()}
2024-04-17 19:37:23,927 [main] INFO  base.BaseClass - Trying to find Element By {by.toString()})
2024-04-17 19:37:23,956 [main] INFO  base.BaseClass - Found Element By {by.toString()}
2024-04-17 19:37:24,505 [main] INFO  base.BaseClass - Trying to find Element By {by.toString()})
2024-04-17 19:37:24,533 [main] INFO  base.BaseClass - Found Element By {by.toString()}
2024-04-17 19:37:25,083 [main] INFO  base.BaseClass - Trying to find Element By {by.toString()})
2024-04-17 19:37:25,113 [main] INFO  base.BaseClass - Found Element By {by.toString()}
2024-04-17 19:37:25,661 [main] INFO  base.BaseClass - Trying to find Element By {by.toString()})
2024-04-17 19:37:25,689 [main] INFO  base.BaseClass - Found Element By {by.toString()}
2024-04-17 19:37:26,223 [main] INFO  base.BaseClass - Trying to find Element By {by.toString()})
2024-04-17 19:37:26,254 [main] INFO  base.BaseClass - Found Element By {by.toString()}
2024-04-17 19:37:26,802 [main] INFO  base.BaseClass - Trying to find Element By {by.toString()})
2024-04-17 19:37:26,832 [main] INFO  base.BaseClass - Found Element By {by.toString()}
2024-04-17 19:37:27,380 [main] INFO  base.BaseClass - Trying to find Element By {by.toString()})
2024-04-17 19:37:27,412 [main] INFO  base.BaseClass - Found Element By {by.toString()}
2024-04-17 19:37:27,943 [main] INFO  base.BaseClass - Trying to find Element By {by.toString()})
2024-04-17 19:37:27,972 [main] INFO  base.BaseClass - Found Element By {by.toString()}
2024-04-17 19:37:28,518 [main] INFO  base.BaseClass - Trying to find Element By {by.toString()})
2024-04-17 19:37:28,736 [main] INFO  base.BaseClass - Found Element By {by.toString()}
2024-04-17 19:37:29,286 [main] INFO  base.BaseClass - Trying to find Element By {by.toString()})
2024-04-17 19:37:29,317 [main] INFO  base.BaseClass - Found Element By {by.toString()}
2024-04-17 19:37:29,866 [main] INFO  base.BaseClass - Trying to find Element By {by.toString()})
2024-04-17 19:37:29,897 [main] INFO  base.BaseClass - Found Element By {by.toString()}
2024-04-17 19:37:30,428 [main] INFO  base.BaseClass - Trying to find Element By {by.toString()})
2024-04-17 19:37:30,456 [main] INFO  base.BaseClass - Found Element By {by.toString()}
2024-04-17 19:37:30,991 [main] INFO  base.BaseClass - Trying to find Element By {by.toString()})
2024-04-17 19:37:31,020 [main] INFO  base.BaseClass - Found Element By {by.toString()}
2024-04-17 19:37:31,571 [main] INFO  base.BaseClass - Trying to find Element By {by.toString()})
2024-04-17 19:37:31,600 [main] INFO  base.BaseClass - Found Element By {by.toString()}
2024-04-17 19:37:32,148 [main] INFO  base.BaseClass - Trying to find Element By {by.toString()})
2024-04-17 19:37:32,178 [main] INFO  base.BaseClass - Found Element By {by.toString()}
2024-04-17 19:37:32,727 [main] INFO  base.BaseClass - Trying to find Element By {by.toString()})
2024-04-17 19:37:32,756 [main] INFO  base.BaseClass - Found Element By {by.toString()}
2024-04-17 19:37:33,308 [main] INFO  base.BaseClass - Trying to find Element By {by.toString()})
2024-04-17 19:37:33,337 [main] INFO  base.BaseClass - Found Element By {by.toString()}
2024-04-17 19:37:33,878 [main] INFO  base.BaseClass - Trying to find Element By {by.toString()})
2024-04-17 19:37:33,906 [main] INFO  base.BaseClass - Found Element By {by.toString()}
2024-04-17 19:37:34,442 [main] INFO  base.BaseClass - Trying to find Element By {by.toString()})
2024-04-17 19:37:34,468 [main] INFO  base.BaseClass - Found Element By {by.toString()}
2024-04-17 19:37:35,007 [main] INFO  base.BaseClass - Trying to find Element By {by.toString()})
2024-04-17 19:37:35,036 [main] INFO  base.BaseClass - Found Element By {by.toString()}
2024-04-17 19:37:35,585 [main] INFO  base.BaseClass - Trying to find Element By {by.toString()})
2024-04-17 19:37:35,614 [main] INFO  base.BaseClass - Found Element By {by.toString()}
2024-04-17 19:37:36,163 [main] INFO  base.BaseClass - Trying to find Element By {by.toString()})
2024-04-17 19:37:36,193 [main] INFO  base.BaseClass - Found Element By {by.toString()}
2024-04-17 19:37:36,728 [main] INFO  base.BaseClass - Trying to find Element By {by.toString()})
2024-04-17 19:37:36,758 [main] INFO  base.BaseClass - Found Element By {by.toString()}
2024-04-17 19:37:37,303 [main] INFO  base.BaseClass - Trying to find Element By {by.toString()})
2024-04-17 19:37:37,332 [main] INFO  base.BaseClass - Found Element By {by.toString()}
2024-04-17 19:37:37,883 [main] INFO  base.BaseClass - Trying to find Element By {by.toString()})
2024-04-17 19:37:37,913 [main] INFO  base.BaseClass - Found Element By {by.toString()}
2024-04-17 19:37:38,454 [main] INFO  base.BaseClass - Trying to find Element By {by.toString()})
2024-04-17 19:37:38,482 [main] INFO  base.BaseClass - Found Element By {by.toString()}
2024-04-17 19:37:39,032 [main] INFO  base.BaseClass - Trying to find Element By {by.toString()})
2024-04-17 19:37:39,060 [main] INFO  base.BaseClass - Found Element By {by.toString()}
2024-04-17 19:37:39,594 [main] INFO  base.BaseClass - Trying to find Element By {by.toString()})
2024-04-17 19:37:39,622 [main] INFO  base.BaseClass - Found Element By {by.toString()}
2024-04-17 19:37:40,168 [main] INFO  base.BaseClass - Trying to find Element By {by.toString()})
2024-04-17 19:37:40,199 [main] INFO  base.BaseClass - Found Element By {by.toString()}
2024-04-17 19:37:40,747 [main] INFO  base.BaseClass - Trying to find Element By {by.toString()})
2024-04-17 19:37:40,777 [main] INFO  base.BaseClass - Found Element By {by.toString()}
2024-04-17 19:37:41,313 [main] INFO  base.BaseClass - Trying to find Element By {by.toString()})
2024-04-17 19:37:41,342 [main] INFO  base.BaseClass - Found Element By {by.toString()}
2024-04-17 19:37:41,889 [main] INFO  base.BaseClass - Trying to find Element By {by.toString()})
2024-04-17 19:37:41,917 [main] INFO  base.BaseClass - Found Element By {by.toString()}
2024-04-17 19:37:42,452 [main] INFO  base.BaseClass - Trying to find Element By {by.toString()})
2024-04-17 19:37:42,468 [main] INFO  base.BaseClass - Found Element By {by.toString()}
2024-04-17 19:37:42,998 [main] INFO  base.BaseClass - Trying to find Element By {by.toString()})
2024-04-17 19:37:43,011 [main] INFO  base.BaseClass - Found Element By {by.toString()}
2024-04-17 19:37:43,529 [main] INFO  base.BaseClass - Trying to find Element By {by.toString()})
2024-04-17 19:37:43,560 [main] INFO  base.BaseClass - Found Element By {by.toString()}
2024-04-17 19:37:44,105 [main] INFO  base.BaseClass - Trying to find Element By {by.toString()})
2024-04-17 19:37:44,118 [main] INFO  base.BaseClass - Found Element By {by.toString()}
2024-04-17 19:37:44,645 [main] INFO  base.BaseClass - Trying to find Element By {by.toString()})
2024-04-17 19:37:44,667 [main] INFO  base.BaseClass - Found Element By {by.toString()}
2024-04-17 19:37:45,208 [main] INFO  base.BaseClass - Trying to find Element By {by.toString()})
2024-04-17 19:37:45,238 [main] INFO  base.BaseClass - Found Element By {by.toString()}
2024-04-17 19:37:45,783 [main] INFO  base.BaseClass - Trying to find Element By {by.toString()})
2024-04-17 19:37:45,813 [main] INFO  base.BaseClass - Found Element By {by.toString()}
2024-04-17 19:37:46,361 [main] INFO  base.BaseClass - Trying to find Element By {by.toString()})
2024-04-17 19:37:46,392 [main] INFO  base.BaseClass - Found Element By {by.toString()}
2024-04-17 19:37:46,938 [main] INFO  base.BaseClass - Trying to find Element By {by.toString()})
2024-04-17 19:37:46,967 [main] INFO  base.BaseClass - Found Element By {by.toString()}
2024-04-17 19:37:47,515 [main] INFO  base.BaseClass - Trying to find Element By {by.toString()})
2024-04-17 19:37:47,545 [main] INFO  base.BaseClass - Found Element By {by.toString()}
TimeoutException occurred: Expected condition failed: waiting for helper.WaitUtility$5@6ee74856 (tried for 30 second(s) with 500 milliseconds interval)
Build info: version: '3.141.59', revision: 'e82be7d358', time: '2018-11-14T08:17:03'
System info: host: 'DPLAP166', ip: '137.237.2.236', os.name: 'Windows 10', os.arch: 'amd64', os.version: '10.0', java.version: '19.0.1'
Driver info: org.openqa.selenium.support.events.EventFiringWebDriver
Capabilities {acceptInsecureCerts: true, browserName: chrome, browserVersion: 123.0.6312.123, chrome: {chromedriverVersion: 123.0.6312.122 (31f8248cdd9..., userDataDir: C:\Users\dP-PL\AppData\Loca...}, fedcm:accounts: true, goog:chromeOptions: {debuggerAddress: localhost:51256}, javascriptEnabled: true, networkConnectionEnabled: false, pageLoadStrategy: normal, platform: WINDOWS, platformName: WINDOWS, proxy: Proxy(), setWindowRect: true, strictFileInteractability: false, timeouts: {implicit: 0, pageLoad: 300000, script: 30000}, unhandledPromptBehavior: dismiss and notify, webauthn:extension:credBlob: true, webauthn:extension:largeBlob: true, webauthn:extension:minPinLength: true, webauthn:extension:prf: true, webauthn:virtualAuthenticators: true}
Session ID: a59c4df4811f82049fe754efe723d3c1
2024-04-17 19:37:47,584 [main] ERROR RotationCopy_test - Element did not become visible within the specified time: Expected condition failed: waiting for helper.WaitUtility$5@6ee74856 (tried for 30 second(s) with 500 milliseconds interval)
Build info: version: '3.141.59', revision: 'e82be7d358', time: '2018-11-14T08:17:03'
System info: host: 'DPLAP166', ip: '137.237.2.236', os.name: 'Windows 10', os.arch: 'amd64', os.version: '10.0', java.version: '19.0.1'
Driver info: org.openqa.selenium.support.events.EventFiringWebDriver
Capabilities {acceptInsecureCerts: true, browserName: chrome, browserVersion: 123.0.6312.123, chrome: {chromedriverVersion: 123.0.6312.122 (31f8248cdd9..., userDataDir: C:\Users\dP-PL\AppData\Loca...}, fedcm:accounts: true, goog:chromeOptions: {debuggerAddress: localhost:51256}, javascriptEnabled: true, networkConnectionEnabled: false, pageLoadStrategy: normal, platform: WINDOWS, platformName: WINDOWS, proxy: Proxy(), setWindowRect: true, strictFileInteractability: false, timeouts: {implicit: 0, pageLoad: 300000, script: 30000}, unhandledPromptBehavior: dismiss and notify, webauthn:extension:credBlob: true, webauthn:extension:largeBlob: true, webauthn:extension:minPinLength: true, webauthn:extension:prf: true, webauthn:virtualAuthenticators: true}
Session ID: a59c4df4811f82049fe754efe723d3c1
2024-04-17 19:37:47,584 [main] INFO  base.BaseClass - Trying to find Element By {by.toString()})
2024-04-17 19:37:47,600 [main] INFO  base.BaseClass - Found Element By {by.toString()}
2024-04-17 19:37:47,600 [main] INFO  base.BaseClass - Trying to click on: {element.toString()}
2024-04-17 19:37:47,683 [main] INFO  base.BaseClass - Clicked on: {element.toString()}
2024-04-17 19:37:47,684 [main] INFO  base.BaseClass - Trying to find Element By {by.toString()})
2024-04-17 19:37:48,553 [main] INFO  base.BaseClass - Found Element By {by.toString()}
2024-04-17 19:37:49,078 [main] INFO  base.BaseClass - Trying to find Element By {by.toString()})
2024-04-17 19:37:49,110 [main] INFO  base.BaseClass - Found Element By {by.toString()}
2024-04-17 19:37:49,661 [main] INFO  base.BaseClass - Trying to find Element By {by.toString()})
2024-04-17 19:37:49,677 [main] INFO  base.BaseClass - Found Element By {by.toString()}
2024-04-17 19:37:50,212 [main] INFO  base.BaseClass - Trying to find Element By {by.toString()})
2024-04-17 19:37:50,245 [main] INFO  base.BaseClass - Found Element By {by.toString()}
2024-04-17 19:37:50,792 [main] INFO  base.BaseClass - Trying to find Element By {by.toString()})
2024-04-17 19:37:50,824 [main] INFO  base.BaseClass - Found Element By {by.toString()}
2024-04-17 19:37:51,367 [main] INFO  base.BaseClass - Trying to find Element By {by.toString()})
2024-04-17 19:37:51,398 [main] INFO  base.BaseClass - Found Element By {by.toString()}
2024-04-17 19:37:51,945 [main] INFO  base.BaseClass - Trying to find Element By {by.toString()})
2024-04-17 19:37:51,977 [main] INFO  base.BaseClass - Found Element By {by.toString()}
2024-04-17 19:37:52,529 [main] INFO  base.BaseClass - Trying to find Element By {by.toString()})
2024-04-17 19:37:52,560 [main] INFO  base.BaseClass - Found Element By {by.toString()}
2024-04-17 19:37:53,095 [main] INFO  base.BaseClass - Trying to find Element By {by.toString()})
2024-04-17 19:37:53,123 [main] INFO  base.BaseClass - Found Element By {by.toString()}
2024-04-17 19:37:53,673 [main] INFO  base.BaseClass - Trying to find Element By {by.toString()})
2024-04-17 19:37:53,704 [main] INFO  base.BaseClass - Found Element By {by.toString()}
2024-04-17 19:37:54,249 [main] INFO  base.BaseClass - Trying to find Element By {by.toString()})
2024-04-17 19:37:54,281 [main] INFO  base.BaseClass - Found Element By {by.toString()}
2024-04-17 19:37:54,828 [main] INFO  base.BaseClass - Trying to find Element By {by.toString()})
2024-04-17 19:37:54,859 [main] INFO  base.BaseClass - Found Element By {by.toString()}
2024-04-17 19:37:55,389 [main] INFO  base.BaseClass - Trying to find Element By {by.toString()})
2024-04-17 19:37:55,420 [main] INFO  base.BaseClass - Found Element By {by.toString()}
2024-04-17 19:37:55,969 [main] INFO  base.BaseClass - Trying to find Element By {by.toString()})
2024-04-17 19:37:55,999 [main] INFO  base.BaseClass - Found Element By {by.toString()}
2024-04-17 19:37:56,545 [main] INFO  base.BaseClass - Trying to find Element By {by.toString()})
2024-04-17 19:37:56,578 [main] INFO  base.BaseClass - Found Element By {by.toString()}
2024-04-17 19:37:57,123 [main] INFO  base.BaseClass - Trying to find Element By {by.toString()})
2024-04-17 19:37:57,141 [main] INFO  base.BaseClass - Found Element By {by.toString()}
2024-04-17 19:37:57,669 [main] INFO  base.BaseClass - Trying to find Element By {by.toString()})
2024-04-17 19:37:57,703 [main] INFO  base.BaseClass - Found Element By {by.toString()}
2024-04-17 19:37:58,245 [main] INFO  base.BaseClass - Trying to find Element By {by.toString()})
2024-04-17 19:37:58,257 [main] INFO  base.BaseClass - Found Element By {by.toString()}
2024-04-17 19:37:58,778 [main] INFO  base.BaseClass - Trying to find Element By {by.toString()})
2024-04-17 19:37:58,813 [main] INFO  base.BaseClass - Found Element By {by.toString()}
2024-04-17 19:37:59,355 [main] INFO  base.BaseClass - Trying to find Element By {by.toString()})
2024-04-17 19:37:59,377 [main] INFO  base.BaseClass - Found Element By {by.toString()}
2024-04-17 19:37:59,901 [main] INFO  base.BaseClass - Trying to find Element By {by.toString()})
2024-04-17 19:37:59,912 [main] INFO  base.BaseClass - Found Element By {by.toString()}
2024-04-17 19:38:00,435 [main] INFO  base.BaseClass - Trying to find Element By {by.toString()})
2024-04-17 19:38:00,449 [main] INFO  base.BaseClass - Found Element By {by.toString()}
2024-04-17 19:38:00,983 [main] INFO  base.BaseClass - Trying to find Element By {by.toString()})
2024-04-17 19:38:01,008 [main] INFO  base.BaseClass - Found Element By {by.toString()}
2024-04-17 19:38:01,547 [main] INFO  base.BaseClass - Trying to find Element By {by.toString()})
2024-04-17 19:38:01,571 [main] INFO  base.BaseClass - Found Element By {by.toString()}
2024-04-17 19:38:02,106 [main] INFO  base.BaseClass - Trying to find Element By {by.toString()})
2024-04-17 19:38:02,144 [main] INFO  base.BaseClass - Found Element By {by.toString()}
2024-04-17 19:38:02,682 [main] INFO  base.BaseClass - Trying to find Element By {by.toString()})
2024-04-17 19:38:02,716 [main] INFO  base.BaseClass - Found Element By {by.toString()}
2024-04-17 19:38:03,258 [main] INFO  base.BaseClass - Trying to find Element By {by.toString()})
2024-04-17 19:38:03,282 [main] INFO  base.BaseClass - Found Element By {by.toString()}
2024-04-17 19:38:03,819 [main] INFO  base.BaseClass - Trying to find Element By {by.toString()})
2024-04-17 19:38:03,852 [main] INFO  base.BaseClass - Found Element By {by.toString()}
2024-04-17 19:38:04,382 [main] INFO  base.BaseClass - Trying to find Element By {by.toString()})
2024-04-17 19:38:04,417 [main] INFO  base.BaseClass - Found Element By {by.toString()}
2024-04-17 19:38:04,978 [main] INFO  base.BaseClass - Trying to find Element By {by.toString()})
2024-04-17 19:38:05,012 [main] INFO  base.BaseClass - Found Element By {by.toString()}
2024-04-17 19:38:05,560 [main] INFO  base.BaseClass - Trying to find Element By {by.toString()})
2024-04-17 19:38:05,592 [main] INFO  base.BaseClass - Found Element By {by.toString()}
2024-04-17 19:38:06,140 [main] INFO  base.BaseClass - Trying to find Element By {by.toString()})
2024-04-17 19:38:06,169 [main] INFO  base.BaseClass - Found Element By {by.toString()}
2024-04-17 19:38:06,704 [main] INFO  base.BaseClass - Trying to find Element By {by.toString()})
2024-04-17 19:38:06,735 [main] INFO  base.BaseClass - Found Element By {by.toString()}
2024-04-17 19:38:07,283 [main] INFO  base.BaseClass - Trying to find Element By {by.toString()})
2024-04-17 19:38:07,314 [main] INFO  base.BaseClass - Found Element By {by.toString()}
2024-04-17 19:38:07,864 [main] INFO  base.BaseClass - Trying to find Element By {by.toString()})
2024-04-17 19:38:07,895 [main] INFO  base.BaseClass - Found Element By {by.toString()}
2024-04-17 19:38:08,441 [main] INFO  base.BaseClass - Trying to find Element By {by.toString()})
2024-04-17 19:38:08,472 [main] INFO  base.BaseClass - Found Element By {by.toString()}
2024-04-17 19:38:09,018 [main] INFO  base.BaseClass - Trying to find Element By {by.toString()})
2024-04-17 19:38:09,048 [main] INFO  base.BaseClass - Found Element By {by.toString()}
2024-04-17 19:38:09,583 [main] INFO  base.BaseClass - Trying to find Element By {by.toString()})
2024-04-17 19:38:09,605 [main] INFO  base.BaseClass - Found Element By {by.toString()}
2024-04-17 19:38:10,143 [main] INFO  base.BaseClass - Trying to find Element By {by.toString()})
2024-04-17 19:38:10,206 [main] INFO  base.BaseClass - Found Element By {by.toString()}
2024-04-17 19:38:10,768 [main] INFO  base.BaseClass - Trying to find Element By {by.toString()})
2024-04-17 19:38:10,799 [main] INFO  base.BaseClass - Found Element By {by.toString()}
2024-04-17 19:38:11,346 [main] INFO  base.BaseClass - Trying to find Element By {by.toString()})
2024-04-17 19:38:11,378 [main] INFO  base.BaseClass - Found Element By {by.toString()}
2024-04-17 19:38:11,910 [main] INFO  base.BaseClass - Trying to find Element By {by.toString()})
2024-04-17 19:38:11,941 [main] INFO  base.BaseClass - Found Element By {by.toString()}
2024-04-17 19:38:12,489 [main] INFO  base.BaseClass - Trying to find Element By {by.toString()})
2024-04-17 19:38:12,519 [main] INFO  base.BaseClass - Found Element By {by.toString()}
2024-04-17 19:38:13,055 [main] INFO  base.BaseClass - Trying to find Element By {by.toString()})
2024-04-17 19:38:13,085 [main] INFO  base.BaseClass - Found Element By {by.toString()}
2024-04-17 19:38:13,634 [main] INFO  base.BaseClass - Trying to find Element By {by.toString()})
2024-04-17 19:38:13,666 [main] INFO  base.BaseClass - Found Element By {by.toString()}
2024-04-17 19:38:14,217 [main] INFO  base.BaseClass - Trying to find Element By {by.toString()})
2024-04-17 19:38:14,248 [main] INFO  base.BaseClass - Found Element By {by.toString()}
2024-04-17 19:38:14,780 [main] INFO  base.BaseClass - Trying to find Element By {by.toString()})
2024-04-17 19:38:14,805 [main] INFO  base.BaseClass - Found Element By {by.toString()}
2024-04-17 19:38:15,331 [main] INFO  base.BaseClass - Trying to find Element By {by.toString()})
2024-04-17 19:38:15,357 [main] INFO  base.BaseClass - Found Element By {by.toString()}
2024-04-17 19:38:15,878 [main] INFO  base.BaseClass - Trying to find Element By {by.toString()})
2024-04-17 19:38:15,907 [main] INFO  base.BaseClass - Found Element By {by.toString()}
2024-04-17 19:38:16,438 [main] INFO  base.BaseClass - Trying to find Element By {by.toString()})
2024-04-17 19:38:16,469 [main] INFO  base.BaseClass - Found Element By {by.toString()}
2024-04-17 19:38:17,018 [main] INFO  base.BaseClass - Trying to find Element By {by.toString()})
2024-04-17 19:38:17,049 [main] INFO  base.BaseClass - Found Element By {by.toString()}
2024-04-17 19:38:17,581 [main] INFO  base.BaseClass - Trying to find Element By {by.toString()})
2024-04-17 19:38:17,612 [main] INFO  base.BaseClass - Found Element By {by.toString()}
2024-04-17 19:38:18,157 [main] INFO  base.BaseClass - Trying to find Element By {by.toString()})
2024-04-17 19:38:18,189 [main] INFO  base.BaseClass - Found Element By {by.toString()}
TimeoutException occurred: Expected condition failed: waiting for helper.WaitUtility$5@5767de18 (tried for 30 second(s) with 500 milliseconds interval)
Build info: version: '3.141.59', revision: 'e82be7d358', time: '2018-11-14T08:17:03'
System info: host: 'DPLAP166', ip: '137.237.2.236', os.name: 'Windows 10', os.arch: 'amd64', os.version: '10.0', java.version: '19.0.1'
Driver info: org.openqa.selenium.support.events.EventFiringWebDriver
Capabilities {acceptInsecureCerts: true, browserName: chrome, browserVersion: 123.0.6312.123, chrome: {chromedriverVersion: 123.0.6312.122 (31f8248cdd9..., userDataDir: C:\Users\dP-PL\AppData\Loca...}, fedcm:accounts: true, goog:chromeOptions: {debuggerAddress: localhost:51256}, javascriptEnabled: true, networkConnectionEnabled: false, pageLoadStrategy: normal, platform: WINDOWS, platformName: WINDOWS, proxy: Proxy(), setWindowRect: true, strictFileInteractability: false, timeouts: {implicit: 0, pageLoad: 300000, script: 30000}, unhandledPromptBehavior: dismiss and notify, webauthn:extension:credBlob: true, webauthn:extension:largeBlob: true, webauthn:extension:minPinLength: true, webauthn:extension:prf: true, webauthn:virtualAuthenticators: true}
Session ID: a59c4df4811f82049fe754efe723d3c1
2024-04-17 19:38:18,227 [main] ERROR RotationCopy_test - Element did not become visible within the specified time: Expected condition failed: waiting for helper.WaitUtility$5@5767de18 (tried for 30 second(s) with 500 milliseconds interval)
Build info: version: '3.141.59', revision: 'e82be7d358', time: '2018-11-14T08:17:03'
System info: host: 'DPLAP166', ip: '137.237.2.236', os.name: 'Windows 10', os.arch: 'amd64', os.version: '10.0', java.version: '19.0.1'
Driver info: org.openqa.selenium.support.events.EventFiringWebDriver
Capabilities {acceptInsecureCerts: true, browserName: chrome, browserVersion: 123.0.6312.123, chrome: {chromedriverVersion: 123.0.6312.122 (31f8248cdd9..., userDataDir: C:\Users\dP-PL\AppData\Loca...}, fedcm:accounts: true, goog:chromeOptions: {debuggerAddress: localhost:51256}, javascriptEnabled: true, networkConnectionEnabled: false, pageLoadStrategy: normal, platform: WINDOWS, platformName: WINDOWS, proxy: Proxy(), setWindowRect: true, strictFileInteractability: false, timeouts: {implicit: 0, pageLoad: 300000, script: 30000}, unhandledPromptBehavior: dismiss and notify, webauthn:extension:credBlob: true, webauthn:extension:largeBlob: true, webauthn:extension:minPinLength: true, webauthn:extension:prf: true, webauthn:virtualAuthenticators: true}
Session ID: a59c4df4811f82049fe754efe723d3c1
2024-04-17 19:38:18,227 [main] INFO  base.BaseClass - Trying to find Element By {by.toString()})
2024-04-17 19:38:18,245 [main] INFO  base.BaseClass - Found Element By {by.toString()}
2024-04-17 19:38:18,245 [main] INFO  base.BaseClass - Trying to click on: {element.toString()}
2024-04-17 19:38:18,287 [main] INFO  base.BaseClass - Clicked on: {element.toString()}
2024-04-17 19:38:18,287 [main] INFO  base.BaseClass - Trying to find Element By {by.toString()})
2024-04-17 19:38:18,297 [main] INFO  base.BaseClass - Found Element By {by.toString()}
2024-04-17 19:38:18,812 [main] INFO  base.BaseClass - Trying to find Element By {by.toString()})
2024-04-17 19:38:18,831 [main] INFO  base.BaseClass - Found Element By {by.toString()}
2024-04-17 19:38:19,358 [main] INFO  base.BaseClass - Trying to find Element By {by.toString()})
2024-04-17 19:38:19,390 [main] INFO  base.BaseClass - Found Element By {by.toString()}
2024-04-17 19:38:19,937 [main] INFO  base.BaseClass - Trying to find Element By {by.toString()})
2024-04-17 19:38:19,970 [main] INFO  base.BaseClass - Found Element By {by.toString()}
2024-04-17 19:38:20,514 [main] INFO  base.BaseClass - Trying to find Element By {by.toString()})
2024-04-17 19:38:20,544 [main] INFO  base.BaseClass - Found Element By {by.toString()}
2024-04-17 19:38:21,078 [main] INFO  base.BaseClass - Trying to find Element By {by.toString()})
2024-04-17 19:38:21,111 [main] INFO  base.BaseClass - Found Element By {by.toString()}
2024-04-17 19:38:21,643 [main] INFO  base.BaseClass - Trying to find Element By {by.toString()})
2024-04-17 19:38:21,677 [main] INFO  base.BaseClass - Found Element By {by.toString()}
2024-04-17 19:38:22,209 [main] INFO  base.BaseClass - Trying to find Element By {by.toString()})
2024-04-17 19:38:22,221 [main] INFO  base.BaseClass - Found Element By {by.toString()}
2024-04-17 19:38:22,739 [main] INFO  base.BaseClass - Trying to find Element By {by.toString()})
2024-04-17 19:38:22,771 [main] INFO  base.BaseClass - Found Element By {by.toString()}
2024-04-17 19:38:23,318 [main] INFO  base.BaseClass - Trying to find Element By {by.toString()})
2024-04-17 19:38:23,339 [main] INFO  base.BaseClass - Found Element By {by.toString()}
2024-04-17 19:38:23,863 [main] INFO  base.BaseClass - Trying to find Element By {by.toString()})
2024-04-17 19:38:23,894 [main] INFO  base.BaseClass - Found Element By {by.toString()}
2024-04-17 19:38:24,442 [main] INFO  base.BaseClass - Trying to find Element By {by.toString()})
2024-04-17 19:38:24,473 [main] INFO  base.BaseClass - Found Element By {by.toString()}
2024-04-17 19:38:25,018 [main] INFO  base.BaseClass - Trying to find Element By {by.toString()})
2024-04-17 19:38:25,048 [main] INFO  base.BaseClass - Found Element By {by.toString()}
2024-04-17 19:38:25,597 [main] INFO  base.BaseClass - Trying to find Element By {by.toString()})
2024-04-17 19:38:25,629 [main] INFO  base.BaseClass - Found Element By {by.toString()}
2024-04-17 19:38:26,185 [main] INFO  base.BaseClass - Trying to find Element By {by.toString()})
2024-04-17 19:38:26,209 [main] INFO  base.BaseClass - Found Element By {by.toString()}
2024-04-17 19:38:26,749 [main] INFO  base.BaseClass - Trying to find Element By {by.toString()})
2024-04-17 19:38:26,780 [main] INFO  base.BaseClass - Found Element By {by.toString()}
2024-04-17 19:38:27,326 [main] INFO  base.BaseClass - Trying to find Element By {by.toString()})
2024-04-17 19:38:27,358 [main] INFO  base.BaseClass - Found Element By {by.toString()}
2024-04-17 19:38:27,892 [main] INFO  base.BaseClass - Trying to find Element By {by.toString()})
2024-04-17 19:38:27,923 [main] INFO  base.BaseClass - Found Element By {by.toString()}
2024-04-17 19:38:28,470 [main] INFO  base.BaseClass - Trying to find Element By {by.toString()})
2024-04-17 19:38:28,501 [main] INFO  base.BaseClass - Found Element By {by.toString()}
2024-04-17 19:38:29,046 [main] INFO  base.BaseClass - Trying to find Element By {by.toString()})
2024-04-17 19:38:29,077 [main] INFO  base.BaseClass - Found Element By {by.toString()}
2024-04-17 19:38:29,627 [main] INFO  base.BaseClass - Trying to find Element By {by.toString()})
2024-04-17 19:38:29,661 [main] INFO  base.BaseClass - Found Element By {by.toString()}
2024-04-17 19:38:30,206 [main] INFO  base.BaseClass - Trying to find Element By {by.toString()})
2024-04-17 19:38:30,235 [main] INFO  base.BaseClass - Found Element By {by.toString()}
2024-04-17 19:38:30,767 [main] INFO  base.BaseClass - Trying to find Element By {by.toString()})
2024-04-17 19:38:30,797 [main] INFO  base.BaseClass - Found Element By {by.toString()}
2024-04-17 19:38:31,346 [main] INFO  base.BaseClass - Trying to find Element By {by.toString()})
2024-04-17 19:38:31,409 [main] INFO  base.BaseClass - Found Element By {by.toString()}
2024-04-17 19:38:31,975 [main] INFO  base.BaseClass - Trying to find Element By {by.toString()})
2024-04-17 19:38:32,006 [main] INFO  base.BaseClass - Found Element By {by.toString()}
2024-04-17 19:38:32,551 [main] INFO  base.BaseClass - Trying to find Element By {by.toString()})
2024-04-17 19:38:32,583 [main] INFO  base.BaseClass - Found Element By {by.toString()}
2024-04-17 19:38:33,131 [main] INFO  base.BaseClass - Trying to find Element By {by.toString()})
2024-04-17 19:38:33,162 [main] INFO  base.BaseClass - Found Element By {by.toString()}
2024-04-17 19:38:33,712 [main] INFO  base.BaseClass - Trying to find Element By {by.toString()})
2024-04-17 19:38:33,742 [main] INFO  base.BaseClass - Found Element By {by.toString()}
2024-04-17 19:38:34,289 [main] INFO  base.BaseClass - Trying to find Element By {by.toString()})
2024-04-17 19:38:34,320 [main] INFO  base.BaseClass - Found Element By {by.toString()}
2024-04-17 19:38:34,868 [main] INFO  base.BaseClass - Trying to find Element By {by.toString()})
2024-04-17 19:38:34,899 [main] INFO  base.BaseClass - Found Element By {by.toString()}
2024-04-17 19:38:35,447 [main] INFO  base.BaseClass - Trying to find Element By {by.toString()})
2024-04-17 19:38:35,467 [main] INFO  base.BaseClass - Found Element By {by.toString()}
2024-04-17 19:38:36,000 [main] INFO  base.BaseClass - Trying to find Element By {by.toString()})
2024-04-17 19:38:36,029 [main] INFO  base.BaseClass - Found Element By {by.toString()}
2024-04-17 19:38:36,578 [main] INFO  base.BaseClass - Trying to find Element By {by.toString()})
2024-04-17 19:38:36,609 [main] INFO  base.BaseClass - Found Element By {by.toString()}
2024-04-17 19:38:37,159 [main] INFO  base.BaseClass - Trying to find Element By {by.toString()})
2024-04-17 19:38:37,190 [main] INFO  base.BaseClass - Found Element By {by.toString()}
2024-04-17 19:38:37,733 [main] INFO  base.BaseClass - Trying to find Element By {by.toString()})
2024-04-17 19:38:37,764 [main] INFO  base.BaseClass - Found Element By {by.toString()}
2024-04-17 19:38:38,296 [main] INFO  base.BaseClass - Trying to find Element By {by.toString()})
2024-04-17 19:38:38,327 [main] INFO  base.BaseClass - Found Element By {by.toString()}
2024-04-17 19:38:38,873 [main] INFO  base.BaseClass - Trying to find Element By {by.toString()})
2024-04-17 19:38:38,903 [main] INFO  base.BaseClass - Found Element By {by.toString()}
2024-04-17 19:38:39,436 [main] INFO  base.BaseClass - Trying to find Element By {by.toString()})
2024-04-17 19:38:39,468 [main] INFO  base.BaseClass - Found Element By {by.toString()}
2024-04-17 19:38:39,998 [main] INFO  base.BaseClass - Trying to find Element By {by.toString()})
2024-04-17 19:38:40,015 [main] INFO  base.BaseClass - Found Element By {by.toString()}
2024-04-17 19:38:40,548 [main] INFO  base.BaseClass - Trying to find Element By {by.toString()})
2024-04-17 19:38:40,579 [main] INFO  base.BaseClass - Found Element By {by.toString()}
2024-04-17 19:38:41,124 [main] INFO  base.BaseClass - Trying to find Element By {by.toString()})
2024-04-17 19:38:41,156 [main] INFO  base.BaseClass - Found Element By {by.toString()}
2024-04-17 19:38:41,706 [main] INFO  base.BaseClass - Trying to find Element By {by.toString()})
2024-04-17 19:38:41,723 [main] INFO  base.BaseClass - Found Element By {by.toString()}
2024-04-17 19:38:42,239 [main] INFO  base.BaseClass - Trying to find Element By {by.toString()})
2024-04-17 19:38:42,271 [main] INFO  base.BaseClass - Found Element By {by.toString()}
2024-04-17 19:38:42,817 [main] INFO  base.BaseClass - Trying to find Element By {by.toString()})
2024-04-17 19:38:42,848 [main] INFO  base.BaseClass - Found Element By {by.toString()}
2024-04-17 19:38:43,394 [main] INFO  base.BaseClass - Trying to find Element By {by.toString()})
2024-04-17 19:38:43,425 [main] INFO  base.BaseClass - Found Element By {by.toString()}
2024-04-17 19:38:43,970 [main] INFO  base.BaseClass - Trying to find Element By {by.toString()})
2024-04-17 19:38:43,986 [main] INFO  base.BaseClass - Found Element By {by.toString()}
2024-04-17 19:38:44,502 [main] INFO  base.BaseClass - Trying to find Element By {by.toString()})
2024-04-17 19:38:44,530 [main] INFO  base.BaseClass - Found Element By {by.toString()}
2024-04-17 19:38:45,076 [main] INFO  base.BaseClass - Trying to find Element By {by.toString()})
2024-04-17 19:38:45,109 [main] INFO  base.BaseClass - Found Element By {by.toString()}
2024-04-17 19:38:45,657 [main] INFO  base.BaseClass - Trying to find Element By {by.toString()})
2024-04-17 19:38:45,686 [main] INFO  base.BaseClass - Found Element By {by.toString()}
2024-04-17 19:38:46,233 [main] INFO  base.BaseClass - Trying to find Element By {by.toString()})
2024-04-17 19:38:46,264 [main] INFO  base.BaseClass - Found Element By {by.toString()}
2024-04-17 19:38:46,812 [main] INFO  base.BaseClass - Trying to find Element By {by.toString()})
2024-04-17 19:38:46,843 [main] INFO  base.BaseClass - Found Element By {by.toString()}
2024-04-17 19:38:47,387 [main] INFO  base.BaseClass - Trying to find Element By {by.toString()})
2024-04-17 19:38:47,419 [main] INFO  base.BaseClass - Found Element By {by.toString()}
2024-04-17 19:38:47,964 [main] INFO  base.BaseClass - Trying to find Element By {by.toString()})
2024-04-17 19:38:47,995 [main] INFO  base.BaseClass - Found Element By {by.toString()}
2024-04-17 19:38:48,545 [main] INFO  base.BaseClass - Trying to find Element By {by.toString()})
2024-04-17 19:38:48,575 [main] INFO  base.BaseClass - Found Element By {by.toString()}
TimeoutException occurred: Expected condition failed: waiting for helper.WaitUtility$5@566b6b1d (tried for 30 second(s) with 500 milliseconds interval)
Build info: version: '3.141.59', revision: 'e82be7d358', time: '2018-11-14T08:17:03'
System info: host: 'DPLAP166', ip: '137.237.2.236', os.name: 'Windows 10', os.arch: 'amd64', os.version: '10.0', java.version: '19.0.1'
Driver info: org.openqa.selenium.support.events.EventFiringWebDriver
Capabilities {acceptInsecureCerts: true, browserName: chrome, browserVersion: 123.0.6312.123, chrome: {chromedriverVersion: 123.0.6312.122 (31f8248cdd9..., userDataDir: C:\Users\dP-PL\AppData\Loca...}, fedcm:accounts: true, goog:chromeOptions: {debuggerAddress: localhost:51256}, javascriptEnabled: true, networkConnectionEnabled: false, pageLoadStrategy: normal, platform: WINDOWS, platformName: WINDOWS, proxy: Proxy(), setWindowRect: true, strictFileInteractability: false, timeouts: {implicit: 0, pageLoad: 300000, script: 30000}, unhandledPromptBehavior: dismiss and notify, webauthn:extension:credBlob: true, webauthn:extension:largeBlob: true, webauthn:extension:minPinLength: true, webauthn:extension:prf: true, webauthn:virtualAuthenticators: true}
Session ID: a59c4df4811f82049fe754efe723d3c1
2024-04-17 19:38:48,595 [main] ERROR RotationCopy_test - Element did not become visible within the specified time: Expected condition failed: waiting for helper.WaitUtility$5@566b6b1d (tried for 30 second(s) with 500 milliseconds interval)
Build info: version: '3.141.59', revision: 'e82be7d358', time: '2018-11-14T08:17:03'
System info: host: 'DPLAP166', ip: '137.237.2.236', os.name: 'Windows 10', os.arch: 'amd64', os.version: '10.0', java.version: '19.0.1'
Driver info: org.openqa.selenium.support.events.EventFiringWebDriver
Capabilities {acceptInsecureCerts: true, browserName: chrome, browserVersion: 123.0.6312.123, chrome: {chromedriverVersion: 123.0.6312.122 (31f8248cdd9..., userDataDir: C:\Users\dP-PL\AppData\Loca...}, fedcm:accounts: true, goog:chromeOptions: {debuggerAddress: localhost:51256}, javascriptEnabled: true, networkConnectionEnabled: false, pageLoadStrategy: normal, platform: WINDOWS, platformName: WINDOWS, proxy: Proxy(), setWindowRect: true, strictFileInteractability: false, timeouts: {implicit: 0, pageLoad: 300000, script: 30000}, unhandledPromptBehavior: dismiss and notify, webauthn:extension:credBlob: true, webauthn:extension:largeBlob: true, webauthn:extension:minPinLength: true, webauthn:extension:prf: true, webauthn:virtualAuthenticators: true}
Session ID: a59c4df4811f82049fe754efe723d3c1
2024-04-17 19:38:48,595 [main] INFO  base.BaseClass - Trying to find Element By {by.toString()})
2024-04-17 19:38:48,608 [main] INFO  base.BaseClass - Found Element By {by.toString()}
2024-04-17 19:38:48,609 [main] INFO  base.BaseClass - Trying to click on: {element.toString()}
2024-04-17 19:38:48,712 [main] INFO  base.BaseClass - Clicked on: {element.toString()}
2024-04-17 19:38:48,718 [main] INFO  base.BaseClass - Trying to find Element By {by.toString()})
2024-04-17 19:38:48,729 [main] INFO  base.BaseClass - Found Element By {by.toString()}
2024-04-17 19:38:49,261 [main] INFO  base.BaseClass - Trying to find Element By {by.toString()})
2024-04-17 19:38:49,276 [main] INFO  base.BaseClass - Found Element By {by.toString()}
2024-04-17 19:38:49,808 [main] INFO  base.BaseClass - Trying to find Element By {by.toString()})
2024-04-17 19:38:49,828 [main] INFO  base.BaseClass - Found Element By {by.toString()}
2024-04-17 19:38:50,354 [main] INFO  base.BaseClass - Trying to find Element By {by.toString()})
2024-04-17 19:38:50,382 [main] INFO  base.BaseClass - Found Element By {by.toString()}
2024-04-17 19:38:50,917 [main] INFO  base.BaseClass - Trying to find Element By {by.toString()})
2024-04-17 19:38:50,935 [main] INFO  base.BaseClass - Found Element By {by.toString()}
2024-04-17 19:38:51,477 [main] INFO  base.BaseClass - Trying to find Element By {by.toString()})
2024-04-17 19:38:51,510 [main] INFO  base.BaseClass - Found Element By {by.toString()}
2024-04-17 19:38:52,056 [main] INFO  base.BaseClass - Trying to find Element By {by.toString()})
2024-04-17 19:38:52,090 [main] INFO  base.BaseClass - Found Element By {by.toString()}
2024-04-17 19:38:52,631 [main] INFO  base.BaseClass - Trying to find Element By {by.toString()})
2024-04-17 19:38:52,652 [main] INFO  base.BaseClass - Found Element By {by.toString()}
2024-04-17 19:38:53,195 [main] INFO  base.BaseClass - Trying to find Element By {by.toString()})
2024-04-17 19:38:53,224 [main] INFO  base.BaseClass - Found Element By {by.toString()}
2024-04-17 19:38:53,773 [main] INFO  base.BaseClass - Trying to find Element By {by.toString()})
2024-04-17 19:38:53,803 [main] INFO  base.BaseClass - Found Element By {by.toString()}
2024-04-17 19:38:54,356 [main] INFO  base.BaseClass - Trying to find Element By {by.toString()})
2024-04-17 19:38:54,386 [main] INFO  base.BaseClass - Found Element By {by.toString()}
2024-04-17 19:38:54,933 [main] INFO  base.BaseClass - Trying to find Element By {by.toString()})
2024-04-17 19:38:54,961 [main] INFO  base.BaseClass - Found Element By {by.toString()}
2024-04-17 19:38:55,509 [main] INFO  base.BaseClass - Trying to find Element By {by.toString()})
2024-04-17 19:38:55,538 [main] INFO  base.BaseClass - Found Element By {by.toString()}
2024-04-17 19:38:56,075 [main] INFO  base.BaseClass - Trying to find Element By {by.toString()})
2024-04-17 19:38:56,103 [main] INFO  base.BaseClass - Found Element By {by.toString()}
2024-04-17 19:38:56,649 [main] INFO  base.BaseClass - Trying to find Element By {by.toString()})
2024-04-17 19:38:56,677 [main] INFO  base.BaseClass - Found Element By {by.toString()}
2024-04-17 19:38:57,224 [main] INFO  base.BaseClass - Trying to find Element By {by.toString()})
2024-04-17 19:38:57,253 [main] INFO  base.BaseClass - Found Element By {by.toString()}
2024-04-17 19:38:57,801 [main] INFO  base.BaseClass - Trying to find Element By {by.toString()})
2024-04-17 19:38:57,830 [main] INFO  base.BaseClass - Found Element By {by.toString()}
2024-04-17 19:38:58,381 [main] INFO  base.BaseClass - Trying to find Element By {by.toString()})
2024-04-17 19:38:58,476 [main] INFO  base.BaseClass - Found Element By {by.toString()}
2024-04-17 19:38:59,018 [main] INFO  base.BaseClass - Trying to find Element By {by.toString()})
2024-04-17 19:38:59,042 [main] INFO  base.BaseClass - Found Element By {by.toString()}
2024-04-17 19:38:59,563 [main] INFO  base.BaseClass - Trying to find Element By {by.toString()})
2024-04-17 19:38:59,592 [main] INFO  base.BaseClass - Found Element By {by.toString()}
2024-04-17 19:39:00,128 [main] INFO  base.BaseClass - Trying to find Element By {by.toString()})
2024-04-17 19:39:00,147 [main] INFO  base.BaseClass - Found Element By {by.toString()}
2024-04-17 19:39:00,675 [main] INFO  base.BaseClass - Trying to find Element By {by.toString()})
2024-04-17 19:39:00,696 [main] INFO  base.BaseClass - Found Element By {by.toString()}
2024-04-17 19:39:01,221 [main] INFO  base.BaseClass - Trying to find Element By {by.toString()})
2024-04-17 19:39:01,248 [main] INFO  base.BaseClass - Found Element By {by.toString()}
2024-04-17 19:39:01,798 [main] INFO  base.BaseClass - Trying to find Element By {by.toString()})
2024-04-17 19:39:01,828 [main] INFO  base.BaseClass - Found Element By {by.toString()}
2024-04-17 19:39:02,379 [main] INFO  base.BaseClass - Trying to find Element By {by.toString()})
2024-04-17 19:39:02,407 [main] INFO  base.BaseClass - Found Element By {by.toString()}
2024-04-17 19:39:02,959 [main] INFO  base.BaseClass - Trying to find Element By {by.toString()})
2024-04-17 19:39:02,988 [main] INFO  base.BaseClass - Found Element By {by.toString()}
2024-04-17 19:39:03,524 [main] INFO  base.BaseClass - Trying to find Element By {by.toString()})
2024-04-17 19:39:03,554 [main] INFO  base.BaseClass - Found Element By {by.toString()}
2024-04-17 19:39:04,104 [main] INFO  base.BaseClass - Trying to find Element By {by.toString()})
2024-04-17 19:39:04,133 [main] INFO  base.BaseClass - Found Element By {by.toString()}
2024-04-17 19:39:04,670 [main] INFO  base.BaseClass - Trying to find Element By {by.toString()})
2024-04-17 19:39:04,700 [main] INFO  base.BaseClass - Found Element By {by.toString()}
2024-04-17 19:39:05,233 [main] INFO  base.BaseClass - Trying to find Element By {by.toString()})
2024-04-17 19:39:05,261 [main] INFO  base.BaseClass - Found Element By {by.toString()}
2024-04-17 19:39:05,813 [main] INFO  base.BaseClass - Trying to find Element By {by.toString()})
2024-04-17 19:39:05,842 [main] INFO  base.BaseClass - Found Element By {by.toString()}
2024-04-17 19:39:06,390 [main] INFO  base.BaseClass - Trying to find Element By {by.toString()})
2024-04-17 19:39:06,418 [main] INFO  base.BaseClass - Found Element By {by.toString()}
2024-04-17 19:39:06,968 [main] INFO  base.BaseClass - Trying to find Element By {by.toString()})
2024-04-17 19:39:06,997 [main] INFO  base.BaseClass - Found Element By {by.toString()}
2024-04-17 19:39:07,550 [main] INFO  base.BaseClass - Trying to find Element By {by.toString()})
2024-04-17 19:39:07,580 [main] INFO  base.BaseClass - Found Element By {by.toString()}
2024-04-17 19:39:08,126 [main] INFO  base.BaseClass - Trying to find Element By {by.toString()})
2024-04-17 19:39:08,155 [main] INFO  base.BaseClass - Found Element By {by.toString()}
2024-04-17 19:39:08,701 [main] INFO  base.BaseClass - Trying to find Element By {by.toString()})
2024-04-17 19:39:08,729 [main] INFO  base.BaseClass - Found Element By {by.toString()}
2024-04-17 19:39:09,249 [main] INFO  base.BaseClass - Trying to find Element By {by.toString()})
2024-04-17 19:39:09,278 [main] INFO  base.BaseClass - Found Element By {by.toString()}
2024-04-17 19:39:09,825 [main] INFO  base.BaseClass - Trying to find Element By {by.toString()})
2024-04-17 19:39:09,854 [main] INFO  base.BaseClass - Found Element By {by.toString()}
2024-04-17 19:39:10,403 [main] INFO  base.BaseClass - Trying to find Element By {by.toString()})
2024-04-17 19:39:10,431 [main] INFO  base.BaseClass - Found Element By {by.toString()}
2024-04-17 19:39:10,981 [main] INFO  base.BaseClass - Trying to find Element By {by.toString()})
2024-04-17 19:39:11,010 [main] INFO  base.BaseClass - Found Element By {by.toString()}
2024-04-17 19:39:11,560 [main] INFO  base.BaseClass - Trying to find Element By {by.toString()})
2024-04-17 19:39:11,588 [main] INFO  base.BaseClass - Found Element By {by.toString()}
2024-04-17 19:39:12,134 [main] INFO  base.BaseClass - Trying to find Element By {by.toString()})
2024-04-17 19:39:12,162 [main] INFO  base.BaseClass - Found Element By {by.toString()}
2024-04-17 19:39:12,712 [main] INFO  base.BaseClass - Trying to find Element By {by.toString()})
2024-04-17 19:39:12,740 [main] INFO  base.BaseClass - Found Element By {by.toString()}
2024-04-17 19:39:13,274 [main] INFO  base.BaseClass - Trying to find Element By {by.toString()})
2024-04-17 19:39:13,302 [main] INFO  base.BaseClass - Found Element By {by.toString()}
2024-04-17 19:39:13,851 [main] INFO  base.BaseClass - Trying to find Element By {by.toString()})
2024-04-17 19:39:13,880 [main] INFO  base.BaseClass - Found Element By {by.toString()}
2024-04-17 19:39:14,428 [main] INFO  base.BaseClass - Trying to find Element By {by.toString()})
2024-04-17 19:39:14,459 [main] INFO  base.BaseClass - Found Element By {by.toString()}
2024-04-17 19:39:15,008 [main] INFO  base.BaseClass - Trying to find Element By {by.toString()})
2024-04-17 19:39:15,035 [main] INFO  base.BaseClass - Found Element By {by.toString()}
2024-04-17 19:39:15,559 [main] INFO  base.BaseClass - Trying to find Element By {by.toString()})
2024-04-17 19:39:15,588 [main] INFO  base.BaseClass - Found Element By {by.toString()}
2024-04-17 19:39:16,138 [main] INFO  base.BaseClass - Trying to find Element By {by.toString()})
2024-04-17 19:39:16,168 [main] INFO  base.BaseClass - Found Element By {by.toString()}
2024-04-17 19:39:16,704 [main] INFO  base.BaseClass - Trying to find Element By {by.toString()})
2024-04-17 19:39:16,731 [main] INFO  base.BaseClass - Found Element By {by.toString()}
2024-04-17 19:39:17,272 [main] INFO  base.BaseClass - Trying to find Element By {by.toString()})
2024-04-17 19:39:17,299 [main] INFO  base.BaseClass - Found Element By {by.toString()}
2024-04-17 19:39:17,852 [main] INFO  base.BaseClass - Trying to find Element By {by.toString()})
2024-04-17 19:39:17,878 [main] INFO  base.BaseClass - Found Element By {by.toString()}
2024-04-17 19:39:18,431 [main] INFO  base.BaseClass - Trying to find Element By {by.toString()})
2024-04-17 19:39:18,460 [main] INFO  base.BaseClass - Found Element By {by.toString()}
2024-04-17 19:39:19,009 [main] INFO  base.BaseClass - Trying to find Element By {by.toString()})
2024-04-17 19:39:19,037 [main] INFO  base.BaseClass - Found Element By {by.toString()}
TimeoutException occurred: Expected condition failed: waiting for helper.WaitUtility$5@465c3b05 (tried for 30 second(s) with 500 milliseconds interval)
Build info: version: '3.141.59', revision: 'e82be7d358', time: '2018-11-14T08:17:03'
System info: host: 'DPLAP166', ip: '137.237.2.236', os.name: 'Windows 10', os.arch: 'amd64', os.version: '10.0', java.version: '19.0.1'
Driver info: org.openqa.selenium.support.events.EventFiringWebDriver
Capabilities {acceptInsecureCerts: true, browserName: chrome, browserVersion: 123.0.6312.123, chrome: {chromedriverVersion: 123.0.6312.122 (31f8248cdd9..., userDataDir: C:\Users\dP-PL\AppData\Loca...}, fedcm:accounts: true, goog:chromeOptions: {debuggerAddress: localhost:51256}, javascriptEnabled: true, networkConnectionEnabled: false, pageLoadStrategy: normal, platform: WINDOWS, platformName: WINDOWS, proxy: Proxy(), setWindowRect: true, strictFileInteractability: false, timeouts: {implicit: 0, pageLoad: 300000, script: 30000}, unhandledPromptBehavior: dismiss and notify, webauthn:extension:credBlob: true, webauthn:extension:largeBlob: true, webauthn:extension:minPinLength: true, webauthn:extension:prf: true, webauthn:virtualAuthenticators: true}
Session ID: a59c4df4811f82049fe754efe723d3c1
2024-04-17 19:39:19,075 [main] ERROR RotationCopy_test - Element did not become visible within the specified time: Expected condition failed: waiting for helper.WaitUtility$5@465c3b05 (tried for 30 second(s) with 500 milliseconds interval)
Build info: version: '3.141.59', revision: 'e82be7d358', time: '2018-11-14T08:17:03'
System info: host: 'DPLAP166', ip: '137.237.2.236', os.name: 'Windows 10', os.arch: 'amd64', os.version: '10.0', java.version: '19.0.1'
Driver info: org.openqa.selenium.support.events.EventFiringWebDriver
Capabilities {acceptInsecureCerts: true, browserName: chrome, browserVersion: 123.0.6312.123, chrome: {chromedriverVersion: 123.0.6312.122 (31f8248cdd9..., userDataDir: C:\Users\dP-PL\AppData\Loca...}, fedcm:accounts: true, goog:chromeOptions: {debuggerAddress: localhost:51256}, javascriptEnabled: true, networkConnectionEnabled: false, pageLoadStrategy: normal, platform: WINDOWS, platformName: WINDOWS, proxy: Proxy(), setWindowRect: true, strictFileInteractability: false, timeouts: {implicit: 0, pageLoad: 300000, script: 30000}, unhandledPromptBehavior: dismiss and notify, webauthn:extension:credBlob: true, webauthn:extension:largeBlob: true, webauthn:extension:minPinLength: true, webauthn:extension:prf: true, webauthn:virtualAuthenticators: true}
Session ID: a59c4df4811f82049fe754efe723d3c1
2024-04-17 19:39:19,075 [main] INFO  base.BaseClass - Trying to find Element By {by.toString()})
2024-04-17 19:39:19,094 [main] INFO  base.BaseClass - Found Element By {by.toString()}
2024-04-17 19:39:19,094 [main] INFO  base.BaseClass - Trying to click on: {element.toString()}
2024-04-17 19:39:19,131 [main] INFO  base.BaseClass - Clicked on: {element.toString()}
2024-04-17 19:39:19,137 [main] INFO  base.BaseClass - Trying to find Element By {by.toString()})
2024-04-17 19:39:19,145 [main] INFO  base.BaseClass - Found Element By {by.toString()}
2024-04-17 19:39:19,663 [main] INFO  base.BaseClass - Trying to find Element By {by.toString()})
2024-04-17 19:39:20,044 [main] INFO  base.BaseClass - Found Element By {by.toString()}
2024-04-17 19:39:20,567 [main] INFO  base.BaseClass - Trying to find Element By {by.toString()})
2024-04-17 19:39:20,598 [main] INFO  base.BaseClass - Found Element By {by.toString()}
2024-04-17 19:39:21,144 [main] INFO  base.BaseClass - Trying to find Element By {by.toString()})
2024-04-17 19:39:21,171 [main] INFO  base.BaseClass - Found Element By {by.toString()}
2024-04-17 19:39:21,709 [main] INFO  base.BaseClass - Trying to find Element By {by.toString()})
2024-04-17 19:39:21,738 [main] INFO  base.BaseClass - Found Element By {by.toString()}
2024-04-17 19:39:22,272 [main] INFO  base.BaseClass - Trying to find Element By {by.toString()})
2024-04-17 19:39:22,302 [main] INFO  base.BaseClass - Found Element By {by.toString()}
2024-04-17 19:39:22,835 [main] INFO  base.BaseClass - Trying to find Element By {by.toString()})
2024-04-17 19:39:22,856 [main] INFO  base.BaseClass - Found Element By {by.toString()}
2024-04-17 19:39:23,381 [main] INFO  base.BaseClass - Trying to find Element By {by.toString()})
2024-04-17 19:39:23,410 [main] INFO  base.BaseClass - Found Element By {by.toString()}
2024-04-17 19:39:23,961 [main] INFO  base.BaseClass - Trying to find Element By {by.toString()})
2024-04-17 19:39:23,971 [main] INFO  base.BaseClass - Found Element By {by.toString()}
2024-04-17 19:39:24,485 [main] INFO  base.BaseClass - Trying to find Element By {by.toString()})
2024-04-17 19:39:24,495 [main] INFO  base.BaseClass - Found Element By {by.toString()}
2024-04-17 19:39:25,019 [main] INFO  base.BaseClass - Trying to find Element By {by.toString()})
2024-04-17 19:39:25,028 [main] INFO  base.BaseClass - Found Element By {by.toString()}
2024-04-17 19:39:25,547 [main] INFO  base.BaseClass - Trying to find Element By {by.toString()})
2024-04-17 19:39:25,575 [main] INFO  base.BaseClass - Found Element By {by.toString()}
2024-04-17 19:39:26,109 [main] INFO  base.BaseClass - Trying to find Element By {by.toString()})
2024-04-17 19:39:26,138 [main] INFO  base.BaseClass - Found Element By {by.toString()}
2024-04-17 19:39:26,677 [main] INFO  base.BaseClass - Trying to find Element By {by.toString()})
2024-04-17 19:39:26,710 [main] INFO  base.BaseClass - Found Element By {by.toString()}
2024-04-17 19:39:27,243 [main] INFO  base.BaseClass - Trying to find Element By {by.toString()})
2024-04-17 19:39:27,258 [main] INFO  base.BaseClass - Found Element By {by.toString()}
2024-04-17 19:39:27,787 [main] INFO  base.BaseClass - Trying to find Element By {by.toString()})
2024-04-17 19:39:27,816 [main] INFO  base.BaseClass - Found Element By {by.toString()}
2024-04-17 19:39:28,366 [main] INFO  base.BaseClass - Trying to find Element By {by.toString()})
2024-04-17 19:39:28,395 [main] INFO  base.BaseClass - Found Element By {by.toString()}
2024-04-17 19:39:28,927 [main] INFO  base.BaseClass - Trying to find Element By {by.toString()})
2024-04-17 19:39:28,945 [main] INFO  base.BaseClass - Found Element By {by.toString()}
2024-04-17 19:39:29,473 [main] INFO  base.BaseClass - Trying to find Element By {by.toString()})
2024-04-17 19:39:29,503 [main] INFO  base.BaseClass - Found Element By {by.toString()}
2024-04-17 19:39:30,039 [main] INFO  base.BaseClass - Trying to find Element By {by.toString()})
2024-04-17 19:39:30,069 [main] INFO  base.BaseClass - Found Element By {by.toString()}
2024-04-17 19:39:30,615 [main] INFO  base.BaseClass - Trying to find Element By {by.toString()})
2024-04-17 19:39:30,644 [main] INFO  base.BaseClass - Found Element By {by.toString()}
2024-04-17 19:39:31,195 [main] INFO  base.BaseClass - Trying to find Element By {by.toString()})
2024-04-17 19:39:31,220 [main] INFO  base.BaseClass - Found Element By {by.toString()}
2024-04-17 19:39:31,746 [main] INFO  base.BaseClass - Trying to find Element By {by.toString()})
2024-04-17 19:39:31,760 [main] INFO  base.BaseClass - Found Element By {by.toString()}
2024-04-17 19:39:32,282 [main] INFO  base.BaseClass - Trying to find Element By {by.toString()})
2024-04-17 19:39:32,297 [main] INFO  base.BaseClass - Found Element By {by.toString()}
2024-04-17 19:39:32,834 [main] INFO  base.BaseClass - Trying to find Element By {by.toString()})
2024-04-17 19:39:32,844 [main] INFO  base.BaseClass - Found Element By {by.toString()}
2024-04-17 19:39:33,369 [main] INFO  base.BaseClass - Trying to find Element By {by.toString()})
2024-04-17 19:39:33,379 [main] INFO  base.BaseClass - Found Element By {by.toString()}
2024-04-17 19:39:33,907 [main] INFO  base.BaseClass - Trying to find Element By {by.toString()})
2024-04-17 19:39:33,926 [main] INFO  base.BaseClass - Found Element By {by.toString()}
2024-04-17 19:39:34,459 [main] INFO  base.BaseClass - Trying to find Element By {by.toString()})
2024-04-17 19:39:34,481 [main] INFO  base.BaseClass - Found Element By {by.toString()}
2024-04-17 19:39:35,021 [main] INFO  base.BaseClass - Trying to find Element By {by.toString()})
2024-04-17 19:39:35,036 [main] INFO  base.BaseClass - Found Element By {by.toString()}
2024-04-17 19:39:35,570 [main] INFO  base.BaseClass - Trying to find Element By {by.toString()})
2024-04-17 19:39:35,598 [main] INFO  base.BaseClass - Found Element By {by.toString()}
2024-04-17 19:39:36,148 [main] INFO  base.BaseClass - Trying to find Element By {by.toString()})
2024-04-17 19:39:36,168 [main] INFO  base.BaseClass - Found Element By {by.toString()}
2024-04-17 19:39:36,695 [main] INFO  base.BaseClass - Trying to find Element By {by.toString()})
2024-04-17 19:39:36,724 [main] INFO  base.BaseClass - Found Element By {by.toString()}
2024-04-17 19:39:37,274 [main] INFO  base.BaseClass - Trying to find Element By {by.toString()})
2024-04-17 19:39:37,304 [main] INFO  base.BaseClass - Found Element By {by.toString()}
2024-04-17 19:39:37,852 [main] INFO  base.BaseClass - Trying to find Element By {by.toString()})
2024-04-17 19:39:37,881 [main] INFO  base.BaseClass - Found Element By {by.toString()}
2024-04-17 19:39:38,428 [main] INFO  base.BaseClass - Trying to find Element By {by.toString()})
2024-04-17 19:39:38,457 [main] INFO  base.BaseClass - Found Element By {by.toString()}
2024-04-17 19:39:39,007 [main] INFO  base.BaseClass - Trying to find Element By {by.toString()})
2024-04-17 19:39:39,030 [main] INFO  base.BaseClass - Found Element By {by.toString()}
2024-04-17 19:39:39,568 [main] INFO  base.BaseClass - Trying to find Element By {by.toString()})
2024-04-17 19:39:39,598 [main] INFO  base.BaseClass - Found Element By {by.toString()}
2024-04-17 19:39:40,146 [main] INFO  base.BaseClass - Trying to find Element By {by.toString()})
2024-04-17 19:39:40,175 [main] INFO  base.BaseClass - Found Element By {by.toString()}
2024-04-17 19:39:40,711 [main] INFO  base.BaseClass - Trying to find Element By {by.toString()})
2024-04-17 19:39:40,740 [main] INFO  base.BaseClass - Found Element By {by.toString()}
2024-04-17 19:39:41,294 [main] INFO  base.BaseClass - Trying to find Element By {by.toString()})
2024-04-17 19:39:41,321 [main] INFO  base.BaseClass - Found Element By {by.toString()}
2024-04-17 19:39:41,858 [main] INFO  base.BaseClass - Trying to find Element By {by.toString()})
2024-04-17 19:39:41,889 [main] INFO  base.BaseClass - Found Element By {by.toString()}
2024-04-17 19:39:42,421 [main] INFO  base.BaseClass - Trying to find Element By {by.toString()})
2024-04-17 19:39:42,449 [main] INFO  base.BaseClass - Found Element By {by.toString()}
2024-04-17 19:39:42,987 [main] INFO  base.BaseClass - Trying to find Element By {by.toString()})
2024-04-17 19:39:43,016 [main] INFO  base.BaseClass - Found Element By {by.toString()}
2024-04-17 19:39:43,549 [main] INFO  base.BaseClass - Trying to find Element By {by.toString()})
2024-04-17 19:39:43,578 [main] INFO  base.BaseClass - Found Element By {by.toString()}
2024-04-17 19:39:44,126 [main] INFO  base.BaseClass - Trying to find Element By {by.toString()})
2024-04-17 19:39:44,146 [main] INFO  base.BaseClass - Found Element By {by.toString()}
2024-04-17 19:39:44,689 [main] INFO  base.BaseClass - Trying to find Element By {by.toString()})
2024-04-17 19:39:44,719 [main] INFO  base.BaseClass - Found Element By {by.toString()}
2024-04-17 19:39:45,255 [main] INFO  base.BaseClass - Trying to find Element By {by.toString()})
2024-04-17 19:39:45,289 [main] INFO  base.BaseClass - Found Element By {by.toString()}
2024-04-17 19:39:45,833 [main] INFO  base.BaseClass - Trying to find Element By {by.toString()})
2024-04-17 19:39:45,845 [main] INFO  base.BaseClass - Found Element By {by.toString()}
2024-04-17 19:39:46,369 [main] INFO  base.BaseClass - Trying to find Element By {by.toString()})
2024-04-17 19:39:46,380 [main] INFO  base.BaseClass - Found Element By {by.toString()}
2024-04-17 19:39:46,906 [main] INFO  base.BaseClass - Trying to find Element By {by.toString()})
2024-04-17 19:39:46,926 [main] INFO  base.BaseClass - Found Element By {by.toString()}
2024-04-17 19:39:47,458 [main] INFO  base.BaseClass - Trying to find Element By {by.toString()})
2024-04-17 19:39:47,471 [main] INFO  base.BaseClass - Found Element By {by.toString()}
2024-04-17 19:39:47,992 [main] INFO  base.BaseClass - Trying to find Element By {by.toString()})
2024-04-17 19:39:48,005 [main] INFO  base.BaseClass - Found Element By {by.toString()}
2024-04-17 19:39:48,527 [main] INFO  base.BaseClass - Trying to find Element By {by.toString()})
2024-04-17 19:39:48,538 [main] INFO  base.BaseClass - Found Element By {by.toString()}
2024-04-17 19:39:49,059 [main] INFO  base.BaseClass - Trying to find Element By {by.toString()})
2024-04-17 19:39:49,076 [main] INFO  base.BaseClass - Found Element By {by.toString()}
2024-04-17 19:39:49,609 [main] INFO  base.BaseClass - Trying to find Element By {by.toString()})
2024-04-17 19:39:49,639 [main] INFO  base.BaseClass - Found Element By {by.toString()}
TimeoutException occurred: Expected condition failed: waiting for helper.WaitUtility$5@7a5e7c84 (tried for 30 second(s) with 500 milliseconds interval)
Build info: version: '3.141.59', revision: 'e82be7d358', time: '2018-11-14T08:17:03'
System info: host: 'DPLAP166', ip: '137.237.2.236', os.name: 'Windows 10', os.arch: 'amd64', os.version: '10.0', java.version: '19.0.1'
Driver info: org.openqa.selenium.support.events.EventFiringWebDriver
Capabilities {acceptInsecureCerts: true, browserName: chrome, browserVersion: 123.0.6312.123, chrome: {chromedriverVersion: 123.0.6312.122 (31f8248cdd9..., userDataDir: C:\Users\dP-PL\AppData\Loca...}, fedcm:accounts: true, goog:chromeOptions: {debuggerAddress: localhost:51256}, javascriptEnabled: true, networkConnectionEnabled: false, pageLoadStrategy: normal, platform: WINDOWS, platformName: WINDOWS, proxy: Proxy(), setWindowRect: true, strictFileInteractability: false, timeouts: {implicit: 0, pageLoad: 300000, script: 30000}, unhandledPromptBehavior: dismiss and notify, webauthn:extension:credBlob: true, webauthn:extension:largeBlob: true, webauthn:extension:minPinLength: true, webauthn:extension:prf: true, webauthn:virtualAuthenticators: true}
Session ID: a59c4df4811f82049fe754efe723d3c1
2024-04-17 19:39:49,671 [main] ERROR RotationCopy_test - Element did not become visible within the specified time: Expected condition failed: waiting for helper.WaitUtility$5@7a5e7c84 (tried for 30 second(s) with 500 milliseconds interval)
Build info: version: '3.141.59', revision: 'e82be7d358', time: '2018-11-14T08:17:03'
System info: host: 'DPLAP166', ip: '137.237.2.236', os.name: 'Windows 10', os.arch: 'amd64', os.version: '10.0', java.version: '19.0.1'
Driver info: org.openqa.selenium.support.events.EventFiringWebDriver
Capabilities {acceptInsecureCerts: true, browserName: chrome, browserVersion: 123.0.6312.123, chrome: {chromedriverVersion: 123.0.6312.122 (31f8248cdd9..., userDataDir: C:\Users\dP-PL\AppData\Loca...}, fedcm:accounts: true, goog:chromeOptions: {debuggerAddress: localhost:51256}, javascriptEnabled: true, networkConnectionEnabled: false, pageLoadStrategy: normal, platform: WINDOWS, platformName: WINDOWS, proxy: Proxy(), setWindowRect: true, strictFileInteractability: false, timeouts: {implicit: 0, pageLoad: 300000, script: 30000}, unhandledPromptBehavior: dismiss and notify, webauthn:extension:credBlob: true, webauthn:extension:largeBlob: true, webauthn:extension:minPinLength: true, webauthn:extension:prf: true, webauthn:virtualAuthenticators: true}
Session ID: a59c4df4811f82049fe754efe723d3c1
2024-04-17 19:39:49,671 [main] INFO  base.BaseClass - Trying to find Element By {by.toString()})
2024-04-17 19:39:49,685 [main] INFO  base.BaseClass - Found Element By {by.toString()}
2024-04-17 19:39:49,686 [main] INFO  base.BaseClass - Trying to click on: {element.toString()}
2024-04-17 19:39:49,829 [main] INFO  base.BaseClass - Clicked on: {element.toString()}
2024-04-17 19:39:49,829 [main] INFO  base.BaseClass - Trying to find Element By {by.toString()})
2024-04-17 19:39:50,647 [main] INFO  base.BaseClass - Found Element By {by.toString()}
2024-04-17 19:39:51,172 [main] INFO  base.BaseClass - Trying to find Element By {by.toString()})
2024-04-17 19:39:51,183 [main] INFO  base.BaseClass - Found Element By {by.toString()}
2024-04-17 19:39:51,702 [main] INFO  base.BaseClass - Trying to find Element By {by.toString()})
2024-04-17 19:39:51,732 [main] INFO  base.BaseClass - Found Element By {by.toString()}
2024-04-17 19:39:52,278 [main] INFO  base.BaseClass - Trying to find Element By {by.toString()})
2024-04-17 19:39:52,309 [main] INFO  base.BaseClass - Found Element By {by.toString()}
2024-04-17 19:39:52,855 [main] INFO  base.BaseClass - Trying to find Element By {by.toString()})
2024-04-17 19:39:52,875 [main] INFO  base.BaseClass - Found Element By {by.toString()}
2024-04-17 19:39:53,418 [main] INFO  base.BaseClass - Trying to find Element By {by.toString()})
2024-04-17 19:39:53,447 [main] INFO  base.BaseClass - Found Element By {by.toString()}
2024-04-17 19:39:53,998 [main] INFO  base.BaseClass - Trying to find Element By {by.toString()})
2024-04-17 19:39:54,024 [main] INFO  base.BaseClass - Found Element By {by.toString()}
2024-04-17 19:39:54,548 [main] INFO  base.BaseClass - Trying to find Element By {by.toString()})
2024-04-17 19:39:54,579 [main] INFO  base.BaseClass - Found Element By {by.toString()}
2024-04-17 19:39:55,127 [main] INFO  base.BaseClass - Trying to find Element By {by.toString()})
2024-04-17 19:39:55,154 [main] INFO  base.BaseClass - Found Element By {by.toString()}
2024-04-17 19:39:55,690 [main] INFO  base.BaseClass - Trying to find Element By {by.toString()})
2024-04-17 19:39:55,721 [main] INFO  base.BaseClass - Found Element By {by.toString()}
2024-04-17 19:39:56,267 [main] INFO  base.BaseClass - Trying to find Element By {by.toString()})
2024-04-17 19:39:56,298 [main] INFO  base.BaseClass - Found Element By {by.toString()}
2024-04-17 19:39:56,844 [main] INFO  base.BaseClass - Trying to find Element By {by.toString()})
2024-04-17 19:39:56,874 [main] INFO  base.BaseClass - Found Element By {by.toString()}
2024-04-17 19:39:57,423 [main] INFO  base.BaseClass - Trying to find Element By {by.toString()})
2024-04-17 19:39:57,455 [main] INFO  base.BaseClass - Found Element By {by.toString()}
2024-04-17 19:39:57,987 [main] INFO  base.BaseClass - Trying to find Element By {by.toString()})
2024-04-17 19:39:58,192 [main] INFO  base.BaseClass - Found Element By {by.toString()}
2024-04-17 19:39:58,717 [main] INFO  base.BaseClass - Trying to find Element By {by.toString()})
2024-04-17 19:39:58,740 [main] INFO  base.BaseClass - Found Element By {by.toString()}
2024-04-17 19:39:59,264 [main] INFO  base.BaseClass - Trying to find Element By {by.toString()})
2024-04-17 19:39:59,285 [main] INFO  base.BaseClass - Found Element By {by.toString()}
2024-04-17 19:39:59,814 [main] INFO  base.BaseClass - Trying to find Element By {by.toString()})
2024-04-17 19:39:59,837 [main] INFO  base.BaseClass - Found Element By {by.toString()}
2024-04-17 19:40:00,376 [main] INFO  base.BaseClass - Trying to find Element By {by.toString()})
2024-04-17 19:40:00,406 [main] INFO  base.BaseClass - Found Element By {by.toString()}
2024-04-17 19:40:00,937 [main] INFO  base.BaseClass - Trying to find Element By {by.toString()})
2024-04-17 19:40:00,970 [main] INFO  base.BaseClass - Found Element By {by.toString()}
2024-04-17 19:40:01,516 [main] INFO  base.BaseClass - Trying to find Element By {by.toString()})
2024-04-17 19:40:01,545 [main] INFO  base.BaseClass - Found Element By {by.toString()}
2024-04-17 19:40:02,095 [main] INFO  base.BaseClass - Trying to find Element By {by.toString()})
2024-04-17 19:40:02,126 [main] INFO  base.BaseClass - Found Element By {by.toString()}
2024-04-17 19:40:02,660 [main] INFO  base.BaseClass - Trying to find Element By {by.toString()})
2024-04-17 19:40:02,691 [main] INFO  base.BaseClass - Found Element By {by.toString()}
2024-04-17 19:40:03,240 [main] INFO  base.BaseClass - Trying to find Element By {by.toString()})
2024-04-17 19:40:03,272 [main] INFO  base.BaseClass - Found Element By {by.toString()}
2024-04-17 19:40:03,817 [main] INFO  base.BaseClass - Trying to find Element By {by.toString()})
2024-04-17 19:40:03,847 [main] INFO  base.BaseClass - Found Element By {by.toString()}
2024-04-17 19:40:04,394 [main] INFO  base.BaseClass - Trying to find Element By {by.toString()})
2024-04-17 19:40:04,424 [main] INFO  base.BaseClass - Found Element By {by.toString()}
2024-04-17 19:40:04,946 [main] INFO  base.BaseClass - Trying to find Element By {by.toString()})
2024-04-17 19:40:04,976 [main] INFO  base.BaseClass - Found Element By {by.toString()}
2024-04-17 19:40:05,509 [main] INFO  base.BaseClass - Trying to find Element By {by.toString()})
2024-04-17 19:40:05,540 [main] INFO  base.BaseClass - Found Element By {by.toString()}
2024-04-17 19:40:06,089 [main] INFO  base.BaseClass - Trying to find Element By {by.toString()})
2024-04-17 19:40:06,119 [main] INFO  base.BaseClass - Found Element By {by.toString()}
2024-04-17 19:40:06,654 [main] INFO  base.BaseClass - Trying to find Element By {by.toString()})
2024-04-17 19:40:06,686 [main] INFO  base.BaseClass - Found Element By {by.toString()}
2024-04-17 19:40:07,221 [main] INFO  base.BaseClass - Trying to find Element By {by.toString()})
2024-04-17 19:40:07,238 [main] INFO  base.BaseClass - Found Element By {by.toString()}
2024-04-17 19:40:07,770 [main] INFO  base.BaseClass - Trying to find Element By {by.toString()})
2024-04-17 19:40:07,803 [main] INFO  base.BaseClass - Found Element By {by.toString()}
2024-04-17 19:40:08,347 [main] INFO  base.BaseClass - Trying to find Element By {by.toString()})
2024-04-17 19:40:08,378 [main] INFO  base.BaseClass - Found Element By {by.toString()}
2024-04-17 19:40:08,925 [main] INFO  base.BaseClass - Trying to find Element By {by.toString()})
2024-04-17 19:40:08,956 [main] INFO  base.BaseClass - Found Element By {by.toString()}
2024-04-17 19:40:09,499 [main] INFO  base.BaseClass - Trying to find Element By {by.toString()})
2024-04-17 19:40:09,510 [main] INFO  base.BaseClass - Found Element By {by.toString()}
2024-04-17 19:40:10,033 [main] INFO  base.BaseClass - Trying to find Element By {by.toString()})
2024-04-17 19:40:10,064 [main] INFO  base.BaseClass - Found Element By {by.toString()}
2024-04-17 19:40:10,596 [main] INFO  base.BaseClass - Trying to find Element By {by.toString()})
2024-04-17 19:40:10,626 [main] INFO  base.BaseClass - Found Element By {by.toString()}
2024-04-17 19:40:11,174 [main] INFO  base.BaseClass - Trying to find Element By {by.toString()})
2024-04-17 19:40:11,206 [main] INFO  base.BaseClass - Found Element By {by.toString()}
2024-04-17 19:40:11,754 [main] INFO  base.BaseClass - Trying to find Element By {by.toString()})
2024-04-17 19:40:11,786 [main] INFO  base.BaseClass - Found Element By {by.toString()}
2024-04-17 19:40:12,335 [main] INFO  base.BaseClass - Trying to find Element By {by.toString()})
2024-04-17 19:40:12,365 [main] INFO  base.BaseClass - Found Element By {by.toString()}
2024-04-17 19:40:12,914 [main] INFO  base.BaseClass - Trying to find Element By {by.toString()})
2024-04-17 19:40:12,946 [main] INFO  base.BaseClass - Found Element By {by.toString()}
2024-04-17 19:40:13,497 [main] INFO  base.BaseClass - Trying to find Element By {by.toString()})
2024-04-17 19:40:13,527 [main] INFO  base.BaseClass - Found Element By {by.toString()}
2024-04-17 19:40:14,076 [main] INFO  base.BaseClass - Trying to find Element By {by.toString()})
2024-04-17 19:40:14,106 [main] INFO  base.BaseClass - Found Element By {by.toString()}
2024-04-17 19:40:14,642 [main] INFO  base.BaseClass - Trying to find Element By {by.toString()})
2024-04-17 19:40:14,674 [main] INFO  base.BaseClass - Found Element By {by.toString()}
2024-04-17 19:40:15,224 [main] INFO  base.BaseClass - Trying to find Element By {by.toString()})
2024-04-17 19:40:15,253 [main] INFO  base.BaseClass - Found Element By {by.toString()}
2024-04-17 19:40:15,789 [main] INFO  base.BaseClass - Trying to find Element By {by.toString()})
2024-04-17 19:40:15,819 [main] INFO  base.BaseClass - Found Element By {by.toString()}
2024-04-17 19:40:16,367 [main] INFO  base.BaseClass - Trying to find Element By {by.toString()})
2024-04-17 19:40:16,398 [main] INFO  base.BaseClass - Found Element By {by.toString()}
2024-04-17 19:40:16,943 [main] INFO  base.BaseClass - Trying to find Element By {by.toString()})
2024-04-17 19:40:16,975 [main] INFO  base.BaseClass - Found Element By {by.toString()}
2024-04-17 19:40:17,519 [main] INFO  base.BaseClass - Trying to find Element By {by.toString()})
2024-04-17 19:40:17,548 [main] INFO  base.BaseClass - Found Element By {by.toString()}
2024-04-17 19:40:18,084 [main] INFO  base.BaseClass - Trying to find Element By {by.toString()})
2024-04-17 19:40:18,112 [main] INFO  base.BaseClass - Found Element By {by.toString()}
2024-04-17 19:40:18,660 [main] INFO  base.BaseClass - Trying to find Element By {by.toString()})
2024-04-17 19:40:18,690 [main] INFO  base.BaseClass - Found Element By {by.toString()}
2024-04-17 19:40:19,236 [main] INFO  base.BaseClass - Trying to find Element By {by.toString()})
2024-04-17 19:40:19,266 [main] INFO  base.BaseClass - Found Element By {by.toString()}
2024-04-17 19:40:19,811 [main] INFO  base.BaseClass - Trying to find Element By {by.toString()})
2024-04-17 19:40:19,842 [main] INFO  base.BaseClass - Found Element By {by.toString()}
TimeoutException occurred: Expected condition failed: waiting for helper.WaitUtility$5@58550067 (tried for 30 second(s) with 500 milliseconds interval)
Build info: version: '3.141.59', revision: 'e82be7d358', time: '2018-11-14T08:17:03'
System info: host: 'DPLAP166', ip: '137.237.2.236', os.name: 'Windows 10', os.arch: 'amd64', os.version: '10.0', java.version: '19.0.1'
Driver info: org.openqa.selenium.support.events.EventFiringWebDriver
Capabilities {acceptInsecureCerts: true, browserName: chrome, browserVersion: 123.0.6312.123, chrome: {chromedriverVersion: 123.0.6312.122 (31f8248cdd9..., userDataDir: C:\Users\dP-PL\AppData\Loca...}, fedcm:accounts: true, goog:chromeOptions: {debuggerAddress: localhost:51256}, javascriptEnabled: true, networkConnectionEnabled: false, pageLoadStrategy: normal, platform: WINDOWS, platformName: WINDOWS, proxy: Proxy(), setWindowRect: true, strictFileInteractability: false, timeouts: {implicit: 0, pageLoad: 300000, script: 30000}, unhandledPromptBehavior: dismiss and notify, webauthn:extension:credBlob: true, webauthn:extension:largeBlob: true, webauthn:extension:minPinLength: true, webauthn:extension:prf: true, webauthn:virtualAuthenticators: true}
Session ID: a59c4df4811f82049fe754efe723d3c1
2024-04-17 19:40:19,879 [main] ERROR RotationCopy_test - Element did not become visible within the specified time: Expected condition failed: waiting for helper.WaitUtility$5@58550067 (tried for 30 second(s) with 500 milliseconds interval)
Build info: version: '3.141.59', revision: 'e82be7d358', time: '2018-11-14T08:17:03'
System info: host: 'DPLAP166', ip: '137.237.2.236', os.name: 'Windows 10', os.arch: 'amd64', os.version: '10.0', java.version: '19.0.1'
Driver info: org.openqa.selenium.support.events.EventFiringWebDriver
Capabilities {acceptInsecureCerts: true, browserName: chrome, browserVersion: 123.0.6312.123, chrome: {chromedriverVersion: 123.0.6312.122 (31f8248cdd9..., userDataDir: C:\Users\dP-PL\AppData\Loca...}, fedcm:accounts: true, goog:chromeOptions: {debuggerAddress: localhost:51256}, javascriptEnabled: true, networkConnectionEnabled: false, pageLoadStrategy: normal, platform: WINDOWS, platformName: WINDOWS, proxy: Proxy(), setWindowRect: true, strictFileInteractability: false, timeouts: {implicit: 0, pageLoad: 300000, script: 30000}, unhandledPromptBehavior: dismiss and notify, webauthn:extension:credBlob: true, webauthn:extension:largeBlob: true, webauthn:extension:minPinLength: true, webauthn:extension:prf: true, webauthn:virtualAuthenticators: true}
Session ID: a59c4df4811f82049fe754efe723d3c1
2024-04-17 19:40:19,879 [main] INFO  base.BaseClass - Trying to find Element By {by.toString()})
2024-04-17 19:40:19,900 [main] INFO  base.BaseClass - Found Element By {by.toString()}
2024-04-17 19:40:19,900 [main] INFO  base.BaseClass - Trying to click on: {element.toString()}
2024-04-17 19:40:19,972 [main] INFO  base.BaseClass - Clicked on: {element.toString()}
2024-04-17 19:40:19,972 [main] INFO  base.BaseClass - Trying to find Element By {by.toString()})
2024-04-17 19:40:19,984 [main] INFO  base.BaseClass - Found Element By {by.toString()}
2024-04-17 19:40:20,500 [main] INFO  base.BaseClass - Trying to find Element By {by.toString()})
2024-04-17 19:40:20,531 [main] INFO  base.BaseClass - Found Element By {by.toString()}
2024-04-17 19:40:21,076 [main] INFO  base.BaseClass - Trying to find Element By {by.toString()})
2024-04-17 19:40:21,107 [main] INFO  base.BaseClass - Found Element By {by.toString()}
2024-04-17 19:40:21,644 [main] INFO  base.BaseClass - Trying to find Element By {by.toString()})
2024-04-17 19:40:21,701 [main] INFO  base.BaseClass - Found Element By {by.toString()}
2024-04-17 19:40:22,235 [main] INFO  base.BaseClass - Trying to find Element By {by.toString()})
2024-04-17 19:40:22,249 [main] INFO  base.BaseClass - Found Element By {by.toString()}
2024-04-17 19:40:22,770 [main] INFO  base.BaseClass - Trying to find Element By {by.toString()})
2024-04-17 19:40:22,800 [main] INFO  base.BaseClass - Found Element By {by.toString()}
2024-04-17 19:40:23,322 [main] INFO  base.BaseClass - Trying to find Element By {by.toString()})
2024-04-17 19:40:23,344 [main] INFO  base.BaseClass - Found Element By {by.toString()}
2024-04-17 19:40:23,870 [main] INFO  base.BaseClass - Trying to find Element By {by.toString()})
2024-04-17 19:40:23,901 [main] INFO  base.BaseClass - Found Element By {by.toString()}
2024-04-17 19:40:24,436 [main] INFO  base.BaseClass - Trying to find Element By {by.toString()})
2024-04-17 19:40:24,469 [main] INFO  base.BaseClass - Found Element By {by.toString()}
2024-04-17 19:40:25,000 [main] INFO  base.BaseClass - Trying to find Element By {by.toString()})
2024-04-17 19:40:25,030 [main] INFO  base.BaseClass - Found Element By {by.toString()}
2024-04-17 19:40:25,579 [main] INFO  base.BaseClass - Trying to find Element By {by.toString()})
2024-04-17 19:40:25,607 [main] INFO  base.BaseClass - Found Element By {by.toString()}
2024-04-17 19:40:26,147 [main] INFO  base.BaseClass - Trying to find Element By {by.toString()})
2024-04-17 19:40:26,176 [main] INFO  base.BaseClass - Found Element By {by.toString()}
2024-04-17 19:40:26,712 [main] INFO  base.BaseClass - Trying to find Element By {by.toString()})
2024-04-17 19:40:26,744 [main] INFO  base.BaseClass - Found Element By {by.toString()}
2024-04-17 19:40:27,292 [main] INFO  base.BaseClass - Trying to find Element By {by.toString()})
2024-04-17 19:40:27,323 [main] INFO  base.BaseClass - Found Element By {by.toString()}
2024-04-17 19:40:27,871 [main] INFO  base.BaseClass - Trying to find Element By {by.toString()})
2024-04-17 19:40:27,903 [main] INFO  base.BaseClass - Found Element By {by.toString()}
2024-04-17 19:40:28,452 [main] INFO  base.BaseClass - Trying to find Element By {by.toString()})
2024-04-17 19:40:28,481 [main] INFO  base.BaseClass - Found Element By {by.toString()}
2024-04-17 19:40:29,029 [main] INFO  base.BaseClass - Trying to find Element By {by.toString()})
2024-04-17 19:40:29,058 [main] INFO  base.BaseClass - Found Element By {by.toString()}
2024-04-17 19:40:29,608 [main] INFO  base.BaseClass - Trying to find Element By {by.toString()})
2024-04-17 19:40:29,638 [main] INFO  base.BaseClass - Found Element By {by.toString()}
2024-04-17 19:40:30,173 [main] INFO  base.BaseClass - Trying to find Element By {by.toString()})
2024-04-17 19:40:30,204 [main] INFO  base.BaseClass - Found Element By {by.toString()}
2024-04-17 19:40:30,751 [main] INFO  base.BaseClass - Trying to find Element By {by.toString()})
2024-04-17 19:40:30,781 [main] INFO  base.BaseClass - Found Element By {by.toString()}
2024-04-17 19:40:31,316 [main] INFO  base.BaseClass - Trying to find Element By {by.toString()})
2024-04-17 19:40:31,345 [main] INFO  base.BaseClass - Found Element By {by.toString()}
2024-04-17 19:40:31,878 [main] INFO  base.BaseClass - Trying to find Element By {by.toString()})
2024-04-17 19:40:31,909 [main] INFO  base.BaseClass - Found Element By {by.toString()}
2024-04-17 19:40:32,457 [main] INFO  base.BaseClass - Trying to find Element By {by.toString()})
2024-04-17 19:40:32,488 [main] INFO  base.BaseClass - Found Element By {by.toString()}
2024-04-17 19:40:33,032 [main] INFO  base.BaseClass - Trying to find Element By {by.toString()})
2024-04-17 19:40:33,061 [main] INFO  base.BaseClass - Found Element By {by.toString()}
2024-04-17 19:40:33,594 [main] INFO  base.BaseClass - Trying to find Element By {by.toString()})
2024-04-17 19:40:33,623 [main] INFO  base.BaseClass - Found Element By {by.toString()}
2024-04-17 19:40:34,157 [main] INFO  base.BaseClass - Trying to find Element By {by.toString()})
2024-04-17 19:40:34,189 [main] INFO  base.BaseClass - Found Element By {by.toString()}
2024-04-17 19:40:34,732 [main] INFO  base.BaseClass - Trying to find Element By {by.toString()})
2024-04-17 19:40:34,764 [main] INFO  base.BaseClass - Found Element By {by.toString()}
2024-04-17 19:40:35,309 [main] INFO  base.BaseClass - Trying to find Element By {by.toString()})
2024-04-17 19:40:35,340 [main] INFO  base.BaseClass - Found Element By {by.toString()}
2024-04-17 19:40:35,874 [main] INFO  base.BaseClass - Trying to find Element By {by.toString()})
2024-04-17 19:40:35,905 [main] INFO  base.BaseClass - Found Element By {by.toString()}
2024-04-17 19:40:36,452 [main] INFO  base.BaseClass - Trying to find Element By {by.toString()})
2024-04-17 19:40:36,677 [main] INFO  base.BaseClass - Found Element By {by.toString()}
2024-04-17 19:40:37,215 [main] INFO  base.BaseClass - Trying to find Element By {by.toString()})
2024-04-17 19:40:37,244 [main] INFO  base.BaseClass - Found Element By {by.toString()}
2024-04-17 19:40:37,781 [main] INFO  base.BaseClass - Trying to find Element By {by.toString()})
2024-04-17 19:40:37,804 [main] INFO  base.BaseClass - Found Element By {by.toString()}
2024-04-17 19:40:38,355 [main] INFO  base.BaseClass - Trying to find Element By {by.toString()})
2024-04-17 19:40:38,387 [main] INFO  base.BaseClass - Found Element By {by.toString()}
2024-04-17 19:40:38,940 [main] INFO  base.BaseClass - Trying to find Element By {by.toString()})
2024-04-17 19:40:38,964 [main] INFO  base.BaseClass - Found Element By {by.toString()}
2024-04-17 19:40:39,507 [main] INFO  base.BaseClass - Trying to find Element By {by.toString()})
2024-04-17 19:40:39,522 [main] INFO  base.BaseClass - Found Element By {by.toString()}
2024-04-17 19:40:40,046 [main] INFO  base.BaseClass - Trying to find Element By {by.toString()})
2024-04-17 19:40:40,070 [main] INFO  base.BaseClass - Found Element By {by.toString()}
2024-04-17 19:40:40,614 [main] INFO  base.BaseClass - Trying to find Element By {by.toString()})
2024-04-17 19:40:40,625 [main] INFO  base.BaseClass - Found Element By {by.toString()}
2024-04-17 19:40:41,149 [main] INFO  base.BaseClass - Trying to find Element By {by.toString()})
2024-04-17 19:40:41,163 [main] INFO  base.BaseClass - Found Element By {by.toString()}
2024-04-17 19:40:41,698 [main] INFO  base.BaseClass - Trying to find Element By {by.toString()})
2024-04-17 19:40:41,726 [main] INFO  base.BaseClass - Found Element By {by.toString()}
2024-04-17 19:40:42,274 [main] INFO  base.BaseClass - Trying to find Element By {by.toString()})
2024-04-17 19:40:42,302 [main] INFO  base.BaseClass - Found Element By {by.toString()}
2024-04-17 19:40:42,837 [main] INFO  base.BaseClass - Trying to find Element By {by.toString()})
2024-04-17 19:40:42,866 [main] INFO  base.BaseClass - Found Element By {by.toString()}
2024-04-17 19:40:43,413 [main] INFO  base.BaseClass - Trying to find Element By {by.toString()})
2024-04-17 19:40:43,441 [main] INFO  base.BaseClass - Found Element By {by.toString()}
2024-04-17 19:40:43,991 [main] INFO  base.BaseClass - Trying to find Element By {by.toString()})
2024-04-17 19:40:44,032 [main] INFO  base.BaseClass - Found Element By {by.toString()}
2024-04-17 19:40:44,600 [main] INFO  base.BaseClass - Trying to find Element By {by.toString()})
2024-04-17 19:40:44,633 [main] INFO  base.BaseClass - Found Element By {by.toString()}
2024-04-17 19:40:45,175 [main] INFO  base.BaseClass - Trying to find Element By {by.toString()})
2024-04-17 19:40:45,205 [main] INFO  base.BaseClass - Found Element By {by.toString()}
2024-04-17 19:40:45,742 [main] INFO  base.BaseClass - Trying to find Element By {by.toString()})
2024-04-17 19:40:45,773 [main] INFO  base.BaseClass - Found Element By {by.toString()}
2024-04-17 19:40:46,320 [main] INFO  base.BaseClass - Trying to find Element By {by.toString()})
2024-04-17 19:40:46,352 [main] INFO  base.BaseClass - Found Element By {by.toString()}
2024-04-17 19:40:46,902 [main] INFO  base.BaseClass - Trying to find Element By {by.toString()})
2024-04-17 19:40:46,932 [main] INFO  base.BaseClass - Found Element By {by.toString()}
2024-04-17 19:40:47,477 [main] INFO  base.BaseClass - Trying to find Element By {by.toString()})
2024-04-17 19:40:47,507 [main] INFO  base.BaseClass - Found Element By {by.toString()}
2024-04-17 19:40:48,040 [main] INFO  base.BaseClass - Trying to find Element By {by.toString()})
2024-04-17 19:40:48,067 [main] INFO  base.BaseClass - Found Element By {by.toString()}
2024-04-17 19:40:48,590 [main] INFO  base.BaseClass - Trying to find Element By {by.toString()})
2024-04-17 19:40:48,620 [main] INFO  base.BaseClass - Found Element By {by.toString()}
2024-04-17 19:40:49,166 [main] INFO  base.BaseClass - Trying to find Element By {by.toString()})
2024-04-17 19:40:49,196 [main] INFO  base.BaseClass - Found Element By {by.toString()}
2024-04-17 19:40:49,742 [main] INFO  base.BaseClass - Trying to find Element By {by.toString()})
2024-04-17 19:40:49,773 [main] INFO  base.BaseClass - Found Element By {by.toString()}
2024-04-17 19:40:50,322 [main] INFO  base.BaseClass - Trying to find Element By {by.toString()})
2024-04-17 19:40:50,354 [main] INFO  base.BaseClass - Found Element By {by.toString()}
TimeoutException occurred: Expected condition failed: waiting for helper.WaitUtility$5@d007022 (tried for 30 second(s) with 500 milliseconds interval)
Build info: version: '3.141.59', revision: 'e82be7d358', time: '2018-11-14T08:17:03'
System info: host: 'DPLAP166', ip: '137.237.2.236', os.name: 'Windows 10', os.arch: 'amd64', os.version: '10.0', java.version: '19.0.1'
Driver info: org.openqa.selenium.support.events.EventFiringWebDriver
Capabilities {acceptInsecureCerts: true, browserName: chrome, browserVersion: 123.0.6312.123, chrome: {chromedriverVersion: 123.0.6312.122 (31f8248cdd9..., userDataDir: C:\Users\dP-PL\AppData\Loca...}, fedcm:accounts: true, goog:chromeOptions: {debuggerAddress: localhost:51256}, javascriptEnabled: true, networkConnectionEnabled: false, pageLoadStrategy: normal, platform: WINDOWS, platformName: WINDOWS, proxy: Proxy(), setWindowRect: true, strictFileInteractability: false, timeouts: {implicit: 0, pageLoad: 300000, script: 30000}, unhandledPromptBehavior: dismiss and notify, webauthn:extension:credBlob: true, webauthn:extension:largeBlob: true, webauthn:extension:minPinLength: true, webauthn:extension:prf: true, webauthn:virtualAuthenticators: true}
Session ID: a59c4df4811f82049fe754efe723d3c1
2024-04-17 19:40:50,385 [main] ERROR RotationCopy_test - Element did not become visible within the specified time: Expected condition failed: waiting for helper.WaitUtility$5@d007022 (tried for 30 second(s) with 500 milliseconds interval)
Build info: version: '3.141.59', revision: 'e82be7d358', time: '2018-11-14T08:17:03'
System info: host: 'DPLAP166', ip: '137.237.2.236', os.name: 'Windows 10', os.arch: 'amd64', os.version: '10.0', java.version: '19.0.1'
Driver info: org.openqa.selenium.support.events.EventFiringWebDriver
Capabilities {acceptInsecureCerts: true, browserName: chrome, browserVersion: 123.0.6312.123, chrome: {chromedriverVersion: 123.0.6312.122 (31f8248cdd9..., userDataDir: C:\Users\dP-PL\AppData\Loca...}, fedcm:accounts: true, goog:chromeOptions: {debuggerAddress: localhost:51256}, javascriptEnabled: true, networkConnectionEnabled: false, pageLoadStrategy: normal, platform: WINDOWS, platformName: WINDOWS, proxy: Proxy(), setWindowRect: true, strictFileInteractability: false, timeouts: {implicit: 0, pageLoad: 300000, script: 30000}, unhandledPromptBehavior: dismiss and notify, webauthn:extension:credBlob: true, webauthn:extension:largeBlob: true, webauthn:extension:minPinLength: true, webauthn:extension:prf: true, webauthn:virtualAuthenticators: true}
Session ID: a59c4df4811f82049fe754efe723d3c1
2024-04-17 19:40:50,385 [main] INFO  base.BaseClass - Trying to find Element By {by.toString()})
2024-04-17 19:40:50,403 [main] INFO  base.BaseClass - Found Element By {by.toString()}
2024-04-17 19:40:50,403 [main] INFO  base.BaseClass - Trying to click on: {element.toString()}
2024-04-17 19:40:50,520 [main] INFO  base.BaseClass - Clicked on: {element.toString()}
2024-04-17 19:40:50,526 [main] INFO  base.BaseClass - Trying to find Element By {by.toString()})
2024-04-17 19:40:50,539 [main] INFO  base.BaseClass - Found Element By {by.toString()}
2024-04-17 19:40:51,058 [main] INFO  base.BaseClass - Trying to find Element By {by.toString()})
2024-04-17 19:40:51,080 [main] INFO  base.BaseClass - Found Element By {by.toString()}
2024-04-17 19:40:51,618 [main] INFO  base.BaseClass - Trying to find Element By {by.toString()})
2024-04-17 19:40:51,637 [main] INFO  base.BaseClass - Found Element By {by.toString()}
2024-04-17 19:40:52,179 [main] INFO  base.BaseClass - Trying to find Element By {by.toString()})
2024-04-17 19:40:52,199 [main] INFO  base.BaseClass - Found Element By {by.toString()}
2024-04-17 19:40:52,712 [main] INFO  base.BaseClass - Trying to find Element By {by.toString()})
2024-04-17 19:40:52,742 [main] INFO  base.BaseClass - Found Element By {by.toString()}
2024-04-17 19:40:53,291 [main] INFO  base.BaseClass - Trying to find Element By {by.toString()})
2024-04-17 19:40:53,323 [main] INFO  base.BaseClass - Found Element By {by.toString()}
2024-04-17 19:40:53,868 [main] INFO  base.BaseClass - Trying to find Element By {by.toString()})
2024-04-17 19:40:53,898 [main] INFO  base.BaseClass - Found Element By {by.toString()}
2024-04-17 19:40:54,435 [main] INFO  base.BaseClass - Trying to find Element By {by.toString()})
2024-04-17 19:40:54,464 [main] INFO  base.BaseClass - Found Element By {by.toString()}
2024-04-17 19:40:55,015 [main] INFO  base.BaseClass - Trying to find Element By {by.toString()})
2024-04-17 19:40:55,041 [main] INFO  base.BaseClass - Found Element By {by.toString()}
2024-04-17 19:40:55,580 [main] INFO  base.BaseClass - Trying to find Element By {by.toString()})
2024-04-17 19:40:55,603 [main] INFO  base.BaseClass - Found Element By {by.toString()}
2024-04-17 19:40:56,145 [main] INFO  base.BaseClass - Trying to find Element By {by.toString()})
2024-04-17 19:40:56,174 [main] INFO  base.BaseClass - Found Element By {by.toString()}
2024-04-17 19:40:56,725 [main] INFO  base.BaseClass - Trying to find Element By {by.toString()})
2024-04-17 19:40:56,757 [main] INFO  base.BaseClass - Found Element By {by.toString()}
2024-04-17 19:40:57,292 [main] INFO  base.BaseClass - Trying to find Element By {by.toString()})
2024-04-17 19:40:57,320 [main] INFO  base.BaseClass - Found Element By {by.toString()}
2024-04-17 19:40:57,868 [main] INFO  base.BaseClass - Trying to find Element By {by.toString()})
2024-04-17 19:40:57,896 [main] INFO  base.BaseClass - Found Element By {by.toString()}
2024-04-17 19:40:58,445 [main] INFO  base.BaseClass - Trying to find Element By {by.toString()})
2024-04-17 19:40:58,474 [main] INFO  base.BaseClass - Found Element By {by.toString()}
2024-04-17 19:40:59,024 [main] INFO  base.BaseClass - Trying to find Element By {by.toString()})
2024-04-17 19:40:59,054 [main] INFO  base.BaseClass - Found Element By {by.toString()}
2024-04-17 19:40:59,601 [main] INFO  base.BaseClass - Trying to find Element By {by.toString()})
2024-04-17 19:40:59,619 [main] INFO  base.BaseClass - Found Element By {by.toString()}
2024-04-17 19:41:00,148 [main] INFO  base.BaseClass - Trying to find Element By {by.toString()})
2024-04-17 19:41:00,172 [main] INFO  base.BaseClass - Found Element By {by.toString()}
2024-04-17 19:41:00,725 [main] INFO  base.BaseClass - Trying to find Element By {by.toString()})
2024-04-17 19:41:00,754 [main] INFO  base.BaseClass - Found Element By {by.toString()}
2024-04-17 19:41:01,306 [main] INFO  base.BaseClass - Trying to find Element By {by.toString()})
2024-04-17 19:41:01,336 [main] INFO  base.BaseClass - Found Element By {by.toString()}
2024-04-17 19:41:01,890 [main] INFO  base.BaseClass - Trying to find Element By {by.toString()})
2024-04-17 19:41:01,905 [main] INFO  base.BaseClass - Found Element By {by.toString()}
2024-04-17 19:41:02,425 [main] INFO  base.BaseClass - Trying to find Element By {by.toString()})
2024-04-17 19:41:02,455 [main] INFO  base.BaseClass - Found Element By {by.toString()}
2024-04-17 19:41:03,004 [main] INFO  base.BaseClass - Trying to find Element By {by.toString()})
2024-04-17 19:41:03,032 [main] INFO  base.BaseClass - Found Element By {by.toString()}
2024-04-17 19:41:03,585 [main] INFO  base.BaseClass - Trying to find Element By {by.toString()})
2024-04-17 19:41:03,615 [main] INFO  base.BaseClass - Found Element By {by.toString()}
2024-04-17 19:41:04,149 [main] INFO  base.BaseClass - Trying to find Element By {by.toString()})
2024-04-17 19:41:04,176 [main] INFO  base.BaseClass - Found Element By {by.toString()}
2024-04-17 19:41:04,712 [main] INFO  base.BaseClass - Trying to find Element By {by.toString()})
2024-04-17 19:41:04,742 [main] INFO  base.BaseClass - Found Element By {by.toString()}
2024-04-17 19:41:05,278 [main] INFO  base.BaseClass - Trying to find Element By {by.toString()})
2024-04-17 19:41:05,296 [main] INFO  base.BaseClass - Found Element By {by.toString()}
2024-04-17 19:41:05,828 [main] INFO  base.BaseClass - Trying to find Element By {by.toString()})
2024-04-17 19:41:05,857 [main] INFO  base.BaseClass - Found Element By {by.toString()}
2024-04-17 19:41:06,395 [main] INFO  base.BaseClass - Trying to find Element By {by.toString()})
2024-04-17 19:41:06,443 [main] INFO  base.BaseClass - Found Element By {by.toString()}
2024-04-17 19:41:06,989 [main] INFO  base.BaseClass - Trying to find Element By {by.toString()})
2024-04-17 19:41:07,018 [main] INFO  base.BaseClass - Found Element By {by.toString()}
2024-04-17 19:41:07,554 [main] INFO  base.BaseClass - Trying to find Element By {by.toString()})
2024-04-17 19:41:07,583 [main] INFO  base.BaseClass - Found Element By {by.toString()}
2024-04-17 19:41:08,133 [main] INFO  base.BaseClass - Trying to find Element By {by.toString()})
2024-04-17 19:41:08,161 [main] INFO  base.BaseClass - Found Element By {by.toString()}
2024-04-17 19:41:08,712 [main] INFO  base.BaseClass - Trying to find Element By {by.toString()})
2024-04-17 19:41:08,742 [main] INFO  base.BaseClass - Found Element By {by.toString()}
2024-04-17 19:41:09,292 [main] INFO  base.BaseClass - Trying to find Element By {by.toString()})
2024-04-17 19:41:09,310 [main] INFO  base.BaseClass - Found Element By {by.toString()}
2024-04-17 19:41:09,837 [main] INFO  base.BaseClass - Trying to find Element By {by.toString()})
2024-04-17 19:41:09,866 [main] INFO  base.BaseClass - Found Element By {by.toString()}
2024-04-17 19:41:10,412 [main] INFO  base.BaseClass - Trying to find Element By {by.toString()})
2024-04-17 19:41:10,440 [main] INFO  base.BaseClass - Found Element By {by.toString()}
2024-04-17 19:41:10,988 [main] INFO  base.BaseClass - Trying to find Element By {by.toString()})
2024-04-17 19:41:11,018 [main] INFO  base.BaseClass - Found Element By {by.toString()}
2024-04-17 19:41:11,552 [main] INFO  base.BaseClass - Trying to find Element By {by.toString()})
2024-04-17 19:41:11,580 [main] INFO  base.BaseClass - Found Element By {by.toString()}
2024-04-17 19:41:12,129 [main] INFO  base.BaseClass - Trying to find Element By {by.toString()})
2024-04-17 19:41:12,158 [main] INFO  base.BaseClass - Found Element By {by.toString()}
2024-04-17 19:41:12,709 [main] INFO  base.BaseClass - Trying to find Element By {by.toString()})
2024-04-17 19:41:12,736 [main] INFO  base.BaseClass - Found Element By {by.toString()}
2024-04-17 19:41:13,287 [main] INFO  base.BaseClass - Trying to find Element By {by.toString()})
2024-04-17 19:41:13,299 [main] INFO  base.BaseClass - Found Element By {by.toString()}
2024-04-17 19:41:13,818 [main] INFO  base.BaseClass - Trying to find Element By {by.toString()})
2024-04-17 19:41:13,845 [main] INFO  base.BaseClass - Found Element By {by.toString()}
2024-04-17 19:41:14,397 [main] INFO  base.BaseClass - Trying to find Element By {by.toString()})
2024-04-17 19:41:14,426 [main] INFO  base.BaseClass - Found Element By {by.toString()}
2024-04-17 19:41:14,974 [main] INFO  base.BaseClass - Trying to find Element By {by.toString()})
2024-04-17 19:41:15,002 [main] INFO  base.BaseClass - Found Element By {by.toString()}
2024-04-17 19:41:15,539 [main] INFO  base.BaseClass - Trying to find Element By {by.toString()})
2024-04-17 19:41:15,568 [main] INFO  base.BaseClass - Found Element By {by.toString()}
2024-04-17 19:41:16,119 [main] INFO  base.BaseClass - Trying to find Element By {by.toString()})
2024-04-17 19:41:16,149 [main] INFO  base.BaseClass - Found Element By {by.toString()}
2024-04-17 19:41:16,698 [main] INFO  base.BaseClass - Trying to find Element By {by.toString()})
2024-04-17 19:41:16,725 [main] INFO  base.BaseClass - Found Element By {by.toString()}
2024-04-17 19:41:17,280 [main] INFO  base.BaseClass - Trying to find Element By {by.toString()})
2024-04-17 19:41:17,304 [main] INFO  base.BaseClass - Found Element By {by.toString()}
2024-04-17 19:41:17,846 [main] INFO  base.BaseClass - Trying to find Element By {by.toString()})
2024-04-17 19:41:17,875 [main] INFO  base.BaseClass - Found Element By {by.toString()}
2024-04-17 19:41:18,410 [main] INFO  base.BaseClass - Trying to find Element By {by.toString()})
2024-04-17 19:41:18,439 [main] INFO  base.BaseClass - Found Element By {by.toString()}
2024-04-17 19:41:18,987 [main] INFO  base.BaseClass - Trying to find Element By {by.toString()})
2024-04-17 19:41:19,016 [main] INFO  base.BaseClass - Found Element By {by.toString()}
2024-04-17 19:41:19,563 [main] INFO  base.BaseClass - Trying to find Element By {by.toString()})
2024-04-17 19:41:19,592 [main] INFO  base.BaseClass - Found Element By {by.toString()}
2024-04-17 19:41:20,141 [main] INFO  base.BaseClass - Trying to find Element By {by.toString()})
2024-04-17 19:41:20,170 [main] INFO  base.BaseClass - Found Element By {by.toString()}
2024-04-17 19:41:20,717 [main] INFO  base.BaseClass - Trying to find Element By {by.toString()})
2024-04-17 19:41:20,744 [main] INFO  base.BaseClass - Found Element By {by.toString()}
TimeoutException occurred: Expected condition failed: waiting for helper.WaitUtility$5@7862e765 (tried for 30 second(s) with 500 milliseconds interval)
Build info: version: '3.141.59', revision: 'e82be7d358', time: '2018-11-14T08:17:03'
System info: host: 'DPLAP166', ip: '137.237.2.236', os.name: 'Windows 10', os.arch: 'amd64', os.version: '10.0', java.version: '19.0.1'
Driver info: org.openqa.selenium.support.events.EventFiringWebDriver
Capabilities {acceptInsecureCerts: true, browserName: chrome, browserVersion: 123.0.6312.123, chrome: {chromedriverVersion: 123.0.6312.122 (31f8248cdd9..., userDataDir: C:\Users\dP-PL\AppData\Loca...}, fedcm:accounts: true, goog:chromeOptions: {debuggerAddress: localhost:51256}, javascriptEnabled: true, networkConnectionEnabled: false, pageLoadStrategy: normal, platform: WINDOWS, platformName: WINDOWS, proxy: Proxy(), setWindowRect: true, strictFileInteractability: false, timeouts: {implicit: 0, pageLoad: 300000, script: 30000}, unhandledPromptBehavior: dismiss and notify, webauthn:extension:credBlob: true, webauthn:extension:largeBlob: true, webauthn:extension:minPinLength: true, webauthn:extension:prf: true, webauthn:virtualAuthenticators: true}
Session ID: a59c4df4811f82049fe754efe723d3c1
2024-04-17 19:41:20,769 [main] ERROR RotationCopy_test - Element did not become visible within the specified time: Expected condition failed: waiting for helper.WaitUtility$5@7862e765 (tried for 30 second(s) with 500 milliseconds interval)
Build info: version: '3.141.59', revision: 'e82be7d358', time: '2018-11-14T08:17:03'
System info: host: 'DPLAP166', ip: '137.237.2.236', os.name: 'Windows 10', os.arch: 'amd64', os.version: '10.0', java.version: '19.0.1'
Driver info: org.openqa.selenium.support.events.EventFiringWebDriver
Capabilities {acceptInsecureCerts: true, browserName: chrome, browserVersion: 123.0.6312.123, chrome: {chromedriverVersion: 123.0.6312.122 (31f8248cdd9..., userDataDir: C:\Users\dP-PL\AppData\Loca...}, fedcm:accounts: true, goog:chromeOptions: {debuggerAddress: localhost:51256}, javascriptEnabled: true, networkConnectionEnabled: false, pageLoadStrategy: normal, platform: WINDOWS, platformName: WINDOWS, proxy: Proxy(), setWindowRect: true, strictFileInteractability: false, timeouts: {implicit: 0, pageLoad: 300000, script: 30000}, unhandledPromptBehavior: dismiss and notify, webauthn:extension:credBlob: true, webauthn:extension:largeBlob: true, webauthn:extension:minPinLength: true, webauthn:extension:prf: true, webauthn:virtualAuthenticators: true}
Session ID: a59c4df4811f82049fe754efe723d3c1
2024-04-17 19:41:20,769 [main] INFO  base.BaseClass - Trying to find Element By {by.toString()})
2024-04-17 19:41:20,778 [main] INFO  base.BaseClass - Found Element By {by.toString()}
2024-04-17 19:41:20,778 [main] INFO  base.BaseClass - Trying to click on: {element.toString()}
2024-04-17 19:41:20,844 [main] INFO  base.BaseClass - Clicked on: {element.toString()}
2024-04-17 19:41:20,850 [main] INFO  base.BaseClass - Trying to find Element By {by.toString()})
2024-04-17 19:41:20,863 [main] INFO  base.BaseClass - Found Element By {by.toString()}
2024-04-17 19:41:21,390 [main] INFO  base.BaseClass - Trying to find Element By {by.toString()})
2024-04-17 19:41:21,725 [main] INFO  base.BaseClass - Found Element By {by.toString()}
2024-04-17 19:41:22,245 [main] INFO  base.BaseClass - Trying to find Element By {by.toString()})
2024-04-17 19:41:22,260 [main] INFO  base.BaseClass - Found Element By {by.toString()}
2024-04-17 19:41:22,794 [main] INFO  base.BaseClass - Trying to find Element By {by.toString()})
2024-04-17 19:41:22,825 [main] INFO  base.BaseClass - Found Element By {by.toString()}
2024-04-17 19:41:23,373 [main] INFO  base.BaseClass - Trying to find Element By {by.toString()})
2024-04-17 19:41:23,403 [main] INFO  base.BaseClass - Found Element By {by.toString()}
2024-04-17 19:41:23,953 [main] INFO  base.BaseClass - Trying to find Element By {by.toString()})
2024-04-17 19:41:23,982 [main] INFO  base.BaseClass - Found Element By {by.toString()}
2024-04-17 19:41:24,520 [main] INFO  base.BaseClass - Trying to find Element By {by.toString()})
2024-04-17 19:41:24,550 [main] INFO  base.BaseClass - Found Element By {by.toString()}
2024-04-17 19:41:25,093 [main] INFO  base.BaseClass - Trying to find Element By {by.toString()})
2024-04-17 19:41:25,121 [main] INFO  base.BaseClass - Found Element By {by.toString()}
2024-04-17 19:41:25,675 [main] INFO  base.BaseClass - Trying to find Element By {by.toString()})
2024-04-17 19:41:25,704 [main] INFO  base.BaseClass - Found Element By {by.toString()}
2024-04-17 19:41:26,256 [main] INFO  base.BaseClass - Trying to find Element By {by.toString()})
2024-04-17 19:41:26,285 [main] INFO  base.BaseClass - Found Element By {by.toString()}
2024-04-17 19:41:26,837 [main] INFO  base.BaseClass - Trying to find Element By {by.toString()})
2024-04-17 19:41:26,865 [main] INFO  base.BaseClass - Found Element By {by.toString()}
2024-04-17 19:41:27,404 [main] INFO  base.BaseClass - Trying to find Element By {by.toString()})
2024-04-17 19:41:27,434 [main] INFO  base.BaseClass - Found Element By {by.toString()}
2024-04-17 19:41:27,986 [main] INFO  base.BaseClass - Trying to find Element By {by.toString()})
2024-04-17 19:41:28,014 [main] INFO  base.BaseClass - Found Element By {by.toString()}
2024-04-17 19:41:28,566 [main] INFO  base.BaseClass - Trying to find Element By {by.toString()})
2024-04-17 19:41:28,596 [main] INFO  base.BaseClass - Found Element By {by.toString()}
2024-04-17 19:41:29,146 [main] INFO  base.BaseClass - Trying to find Element By {by.toString()})
2024-04-17 19:41:29,175 [main] INFO  base.BaseClass - Found Element By {by.toString()}
2024-04-17 19:41:29,725 [main] INFO  base.BaseClass - Trying to find Element By {by.toString()})
2024-04-17 19:41:29,757 [main] INFO  base.BaseClass - Found Element By {by.toString()}
2024-04-17 19:41:30,301 [main] INFO  base.BaseClass - Trying to find Element By {by.toString()})
2024-04-17 19:41:30,316 [main] INFO  base.BaseClass - Found Element By {by.toString()}
2024-04-17 19:41:30,846 [main] INFO  base.BaseClass - Trying to find Element By {by.toString()})
2024-04-17 19:41:30,876 [main] INFO  base.BaseClass - Found Element By {by.toString()}
2024-04-17 19:41:31,411 [main] INFO  base.BaseClass - Trying to find Element By {by.toString()})
2024-04-17 19:41:31,440 [main] INFO  base.BaseClass - Found Element By {by.toString()}
2024-04-17 19:41:31,990 [main] INFO  base.BaseClass - Trying to find Element By {by.toString()})
2024-04-17 19:41:32,013 [main] INFO  base.BaseClass - Found Element By {by.toString()}
2024-04-17 19:41:32,566 [main] INFO  base.BaseClass - Trying to find Element By {by.toString()})
2024-04-17 19:41:32,594 [main] INFO  base.BaseClass - Found Element By {by.toString()}
2024-04-17 19:41:33,145 [main] INFO  base.BaseClass - Trying to find Element By {by.toString()})
2024-04-17 19:41:33,174 [main] INFO  base.BaseClass - Found Element By {by.toString()}
2024-04-17 19:41:33,723 [main] INFO  base.BaseClass - Trying to find Element By {by.toString()})
2024-04-17 19:41:33,752 [main] INFO  base.BaseClass - Found Element By {by.toString()}
2024-04-17 19:41:34,302 [main] INFO  base.BaseClass - Trying to find Element By {by.toString()})
2024-04-17 19:41:34,330 [main] INFO  base.BaseClass - Found Element By {by.toString()}
2024-04-17 19:41:34,864 [main] INFO  base.BaseClass - Trying to find Element By {by.toString()})
2024-04-17 19:41:34,889 [main] INFO  base.BaseClass - Found Element By {by.toString()}
2024-04-17 19:41:35,424 [main] INFO  base.BaseClass - Trying to find Element By {by.toString()})
2024-04-17 19:41:35,453 [main] INFO  base.BaseClass - Found Element By {by.toString()}
2024-04-17 19:41:36,006 [main] INFO  base.BaseClass - Trying to find Element By {by.toString()})
2024-04-17 19:41:36,035 [main] INFO  base.BaseClass - Found Element By {by.toString()}
2024-04-17 19:41:36,585 [main] INFO  base.BaseClass - Trying to find Element By {by.toString()})
2024-04-17 19:41:36,599 [main] INFO  base.BaseClass - Found Element By {by.toString()}
2024-04-17 19:41:37,130 [main] INFO  base.BaseClass - Trying to find Element By {by.toString()})
2024-04-17 19:41:37,161 [main] INFO  base.BaseClass - Found Element By {by.toString()}
2024-04-17 19:41:37,706 [main] INFO  base.BaseClass - Trying to find Element By {by.toString()})
2024-04-17 19:41:37,737 [main] INFO  base.BaseClass - Found Element By {by.toString()}
2024-04-17 19:41:38,269 [main] INFO  base.BaseClass - Trying to find Element By {by.toString()})
2024-04-17 19:41:38,298 [main] INFO  base.BaseClass - Found Element By {by.toString()}
2024-04-17 19:41:38,846 [main] INFO  base.BaseClass - Trying to find Element By {by.toString()})
2024-04-17 19:41:38,866 [main] INFO  base.BaseClass - Found Element By {by.toString()}
2024-04-17 19:41:39,408 [main] INFO  base.BaseClass - Trying to find Element By {by.toString()})
2024-04-17 19:41:39,436 [main] INFO  base.BaseClass - Found Element By {by.toString()}
2024-04-17 19:41:39,970 [main] INFO  base.BaseClass - Trying to find Element By {by.toString()})
2024-04-17 19:41:40,000 [main] INFO  base.BaseClass - Found Element By {by.toString()}
2024-04-17 19:41:40,547 [main] INFO  base.BaseClass - Trying to find Element By {by.toString()})
2024-04-17 19:41:40,576 [main] INFO  base.BaseClass - Found Element By {by.toString()}
2024-04-17 19:41:41,110 [main] INFO  base.BaseClass - Trying to find Element By {by.toString()})
2024-04-17 19:41:41,139 [main] INFO  base.BaseClass - Found Element By {by.toString()}
2024-04-17 19:41:41,686 [main] INFO  base.BaseClass - Trying to find Element By {by.toString()})
2024-04-17 19:41:41,716 [main] INFO  base.BaseClass - Found Element By {by.toString()}
2024-04-17 19:41:42,263 [main] INFO  base.BaseClass - Trying to find Element By {by.toString()})
2024-04-17 19:41:42,289 [main] INFO  base.BaseClass - Found Element By {by.toString()}
2024-04-17 19:41:42,827 [main] INFO  base.BaseClass - Trying to find Element By {by.toString()})
2024-04-17 19:41:42,843 [main] INFO  base.BaseClass - Found Element By {by.toString()}
2024-04-17 19:41:43,377 [main] INFO  base.BaseClass - Trying to find Element By {by.toString()})
2024-04-17 19:41:43,406 [main] INFO  base.BaseClass - Found Element By {by.toString()}
2024-04-17 19:41:43,955 [main] INFO  base.BaseClass - Trying to find Element By {by.toString()})
2024-04-17 19:41:43,983 [main] INFO  base.BaseClass - Found Element By {by.toString()}
2024-04-17 19:41:44,515 [main] INFO  base.BaseClass - Trying to find Element By {by.toString()})
2024-04-17 19:41:44,544 [main] INFO  base.BaseClass - Found Element By {by.toString()}
2024-04-17 19:41:45,093 [main] INFO  base.BaseClass - Trying to find Element By {by.toString()})
2024-04-17 19:41:45,123 [main] INFO  base.BaseClass - Found Element By {by.toString()}
2024-04-17 19:41:45,655 [main] INFO  base.BaseClass - Trying to find Element By {by.toString()})
2024-04-17 19:41:45,683 [main] INFO  base.BaseClass - Found Element By {by.toString()}
2024-04-17 19:41:46,228 [main] INFO  base.BaseClass - Trying to find Element By {by.toString()})
2024-04-17 19:41:46,254 [main] INFO  base.BaseClass - Found Element By {by.toString()}
2024-04-17 19:41:46,790 [main] INFO  base.BaseClass - Trying to find Element By {by.toString()})
2024-04-17 19:41:46,820 [main] INFO  base.BaseClass - Found Element By {by.toString()}
2024-04-17 19:41:47,368 [main] INFO  base.BaseClass - Trying to find Element By {by.toString()})
2024-04-17 19:41:47,388 [main] INFO  base.BaseClass - Found Element By {by.toString()}
2024-04-17 19:41:47,935 [main] INFO  base.BaseClass - Trying to find Element By {by.toString()})
2024-04-17 19:41:47,963 [main] INFO  base.BaseClass - Found Element By {by.toString()}
2024-04-17 19:41:48,515 [main] INFO  base.BaseClass - Trying to find Element By {by.toString()})
2024-04-17 19:41:48,544 [main] INFO  base.BaseClass - Found Element By {by.toString()}
2024-04-17 19:41:49,096 [main] INFO  base.BaseClass - Trying to find Element By {by.toString()})
2024-04-17 19:41:49,126 [main] INFO  base.BaseClass - Found Element By {by.toString()}
2024-04-17 19:41:49,674 [main] INFO  base.BaseClass - Trying to find Element By {by.toString()})
2024-04-17 19:41:49,703 [main] INFO  base.BaseClass - Found Element By {by.toString()}
2024-04-17 19:41:50,240 [main] INFO  base.BaseClass - Trying to find Element By {by.toString()})
2024-04-17 19:41:50,268 [main] INFO  base.BaseClass - Found Element By {by.toString()}
2024-04-17 19:41:50,820 [main] INFO  base.BaseClass - Trying to find Element By {by.toString()})
2024-04-17 19:41:50,836 [main] INFO  base.BaseClass - Found Element By {by.toString()}
TimeoutException occurred: Expected condition failed: waiting for helper.WaitUtility$5@4650e9d1 (tried for 30 second(s) with 500 milliseconds interval)
Build info: version: '3.141.59', revision: 'e82be7d358', time: '2018-11-14T08:17:03'
System info: host: 'DPLAP166', ip: '137.237.2.236', os.name: 'Windows 10', os.arch: 'amd64', os.version: '10.0', java.version: '19.0.1'
Driver info: org.openqa.selenium.support.events.EventFiringWebDriver
Capabilities {acceptInsecureCerts: true, browserName: chrome, browserVersion: 123.0.6312.123, chrome: {chromedriverVersion: 123.0.6312.122 (31f8248cdd9..., userDataDir: C:\Users\dP-PL\AppData\Loca...}, fedcm:accounts: true, goog:chromeOptions: {debuggerAddress: localhost:51256}, javascriptEnabled: true, networkConnectionEnabled: false, pageLoadStrategy: normal, platform: WINDOWS, platformName: WINDOWS, proxy: Proxy(), setWindowRect: true, strictFileInteractability: false, timeouts: {implicit: 0, pageLoad: 300000, script: 30000}, unhandledPromptBehavior: dismiss and notify, webauthn:extension:credBlob: true, webauthn:extension:largeBlob: true, webauthn:extension:minPinLength: true, webauthn:extension:prf: true, webauthn:virtualAuthenticators: true}
Session ID: a59c4df4811f82049fe754efe723d3c1
2024-04-17 19:41:50,855 [main] ERROR RotationCopy_test - Element did not become visible within the specified time: Expected condition failed: waiting for helper.WaitUtility$5@4650e9d1 (tried for 30 second(s) with 500 milliseconds interval)
Build info: version: '3.141.59', revision: 'e82be7d358', time: '2018-11-14T08:17:03'
System info: host: 'DPLAP166', ip: '137.237.2.236', os.name: 'Windows 10', os.arch: 'amd64', os.version: '10.0', java.version: '19.0.1'
Driver info: org.openqa.selenium.support.events.EventFiringWebDriver
Capabilities {acceptInsecureCerts: true, browserName: chrome, browserVersion: 123.0.6312.123, chrome: {chromedriverVersion: 123.0.6312.122 (31f8248cdd9..., userDataDir: C:\Users\dP-PL\AppData\Loca...}, fedcm:accounts: true, goog:chromeOptions: {debuggerAddress: localhost:51256}, javascriptEnabled: true, networkConnectionEnabled: false, pageLoadStrategy: normal, platform: WINDOWS, platformName: WINDOWS, proxy: Proxy(), setWindowRect: true, strictFileInteractability: false, timeouts: {implicit: 0, pageLoad: 300000, script: 30000}, unhandledPromptBehavior: dismiss and notify, webauthn:extension:credBlob: true, webauthn:extension:largeBlob: true, webauthn:extension:minPinLength: true, webauthn:extension:prf: true, webauthn:virtualAuthenticators: true}
Session ID: a59c4df4811f82049fe754efe723d3c1
2024-04-17 19:41:50,855 [main] INFO  base.BaseClass - Trying to find Element By {by.toString()})
2024-04-17 19:41:50,866 [main] INFO  base.BaseClass - Found Element By {by.toString()}
2024-04-17 19:41:50,866 [main] INFO  base.BaseClass - Trying to click on: {element.toString()}
2024-04-17 19:41:50,972 [main] INFO  base.BaseClass - Clicked on: {element.toString()}
2024-04-17 19:41:50,972 [main] INFO  base.BaseClass - Trying to find Element By {by.toString()})
2024-04-17 19:41:51,814 [main] INFO  base.BaseClass - Found Element By {by.toString()}
2024-04-17 19:41:52,339 [main] INFO  base.BaseClass - Trying to find Element By {by.toString()})
2024-04-17 19:41:52,371 [main] INFO  base.BaseClass - Found Element By {by.toString()}
2024-04-17 19:41:52,921 [main] INFO  base.BaseClass - Trying to find Element By {by.toString()})
2024-04-17 19:41:52,954 [main] INFO  base.BaseClass - Found Element By {by.toString()}
2024-04-17 19:41:53,486 [main] INFO  base.BaseClass - Trying to find Element By {by.toString()})
2024-04-17 19:41:53,518 [main] INFO  base.BaseClass - Found Element By {by.toString()}
2024-04-17 19:41:54,050 [main] INFO  base.BaseClass - Trying to find Element By {by.toString()})
2024-04-17 19:41:54,103 [main] INFO  base.BaseClass - Found Element By {by.toString()}
2024-04-17 19:41:54,656 [main] INFO  base.BaseClass - Trying to find Element By {by.toString()})
2024-04-17 19:41:54,690 [main] INFO  base.BaseClass - Found Element By {by.toString()}
2024-04-17 19:41:55,235 [main] INFO  base.BaseClass - Trying to find Element By {by.toString()})
2024-04-17 19:41:55,269 [main] INFO  base.BaseClass - Found Element By {by.toString()}
2024-04-17 19:41:55,811 [main] INFO  base.BaseClass - Trying to find Element By {by.toString()})
2024-04-17 19:41:55,844 [main] INFO  base.BaseClass - Found Element By {by.toString()}
2024-04-17 19:41:56,391 [main] INFO  base.BaseClass - Trying to find Element By {by.toString()})
2024-04-17 19:41:56,422 [main] INFO  base.BaseClass - Found Element By {by.toString()}
2024-04-17 19:41:56,969 [main] INFO  base.BaseClass - Trying to find Element By {by.toString()})
2024-04-17 19:41:56,989 [main] INFO  base.BaseClass - Found Element By {by.toString()}
2024-04-17 19:41:57,531 [main] INFO  base.BaseClass - Trying to find Element By {by.toString()})
2024-04-17 19:41:57,562 [main] INFO  base.BaseClass - Found Element By {by.toString()}
2024-04-17 19:41:58,094 [main] INFO  base.BaseClass - Trying to find Element By {by.toString()})
2024-04-17 19:41:58,124 [main] INFO  base.BaseClass - Found Element By {by.toString()}
2024-04-17 19:41:58,671 [main] INFO  base.BaseClass - Trying to find Element By {by.toString()})
2024-04-17 19:41:58,704 [main] INFO  base.BaseClass - Found Element By {by.toString()}
2024-04-17 19:41:59,249 [main] INFO  base.BaseClass - Trying to find Element By {by.toString()})
2024-04-17 19:41:59,283 [main] INFO  base.BaseClass - Found Element By {by.toString()}
2024-04-17 19:41:59,826 [main] INFO  base.BaseClass - Trying to find Element By {by.toString()})
2024-04-17 19:41:59,858 [main] INFO  base.BaseClass - Found Element By {by.toString()}
2024-04-17 19:42:00,404 [main] INFO  base.BaseClass - Trying to find Element By {by.toString()})
2024-04-17 19:42:00,435 [main] INFO  base.BaseClass - Found Element By {by.toString()}
2024-04-17 19:42:00,981 [main] INFO  base.BaseClass - Trying to find Element By {by.toString()})
2024-04-17 19:42:01,003 [main] INFO  base.BaseClass - Found Element By {by.toString()}
2024-04-17 19:42:01,545 [main] INFO  base.BaseClass - Trying to find Element By {by.toString()})
2024-04-17 19:42:01,572 [main] INFO  base.BaseClass - Found Element By {by.toString()}
2024-04-17 19:42:02,112 [main] INFO  base.BaseClass - Trying to find Element By {by.toString()})
2024-04-17 19:42:02,133 [main] INFO  base.BaseClass - Found Element By {by.toString()}
2024-04-17 19:42:02,674 [main] INFO  base.BaseClass - Trying to find Element By {by.toString()})
2024-04-17 19:42:02,703 [main] INFO  base.BaseClass - Found Element By {by.toString()}
2024-04-17 19:42:03,252 [main] INFO  base.BaseClass - Trying to find Element By {by.toString()})
2024-04-17 19:42:03,284 [main] INFO  base.BaseClass - Found Element By {by.toString()}
2024-04-17 19:42:03,829 [main] INFO  base.BaseClass - Trying to find Element By {by.toString()})
2024-04-17 19:42:03,860 [main] INFO  base.BaseClass - Found Element By {by.toString()}
2024-04-17 19:42:04,407 [main] INFO  base.BaseClass - Trying to find Element By {by.toString()})
2024-04-17 19:42:04,437 [main] INFO  base.BaseClass - Found Element By {by.toString()}
2024-04-17 19:42:04,970 [main] INFO  base.BaseClass - Trying to find Element By {by.toString()})
2024-04-17 19:42:05,002 [main] INFO  base.BaseClass - Found Element By {by.toString()}
2024-04-17 19:42:05,552 [main] INFO  base.BaseClass - Trying to find Element By {by.toString()})
2024-04-17 19:42:05,583 [main] INFO  base.BaseClass - Found Element By {by.toString()}
2024-04-17 19:42:06,118 [main] INFO  base.BaseClass - Trying to find Element By {by.toString()})
2024-04-17 19:42:06,150 [main] INFO  base.BaseClass - Found Element By {by.toString()}
2024-04-17 19:42:06,694 [main] INFO  base.BaseClass - Trying to find Element By {by.toString()})
2024-04-17 19:42:06,725 [main] INFO  base.BaseClass - Found Element By {by.toString()}
2024-04-17 19:42:07,274 [main] INFO  base.BaseClass - Trying to find Element By {by.toString()})
2024-04-17 19:42:07,305 [main] INFO  base.BaseClass - Found Element By {by.toString()}
2024-04-17 19:42:07,849 [main] INFO  base.BaseClass - Trying to find Element By {by.toString()})
2024-04-17 19:42:07,881 [main] INFO  base.BaseClass - Found Element By {by.toString()}
2024-04-17 19:42:08,413 [main] INFO  base.BaseClass - Trying to find Element By {by.toString()})
2024-04-17 19:42:08,444 [main] INFO  base.BaseClass - Found Element By {by.toString()}
2024-04-17 19:42:08,978 [main] INFO  base.BaseClass - Trying to find Element By {by.toString()})
2024-04-17 19:42:09,010 [main] INFO  base.BaseClass - Found Element By {by.toString()}
2024-04-17 19:42:09,558 [main] INFO  base.BaseClass - Trying to find Element By {by.toString()})
2024-04-17 19:42:09,589 [main] INFO  base.BaseClass - Found Element By {by.toString()}
2024-04-17 19:42:10,134 [main] INFO  base.BaseClass - Trying to find Element By {by.toString()})
2024-04-17 19:42:10,166 [main] INFO  base.BaseClass - Found Element By {by.toString()}
2024-04-17 19:42:10,711 [main] INFO  base.BaseClass - Trying to find Element By {by.toString()})
2024-04-17 19:42:10,742 [main] INFO  base.BaseClass - Found Element By {by.toString()}
2024-04-17 19:42:11,290 [main] INFO  base.BaseClass - Trying to find Element By {by.toString()})
2024-04-17 19:42:11,322 [main] INFO  base.BaseClass - Found Element By {by.toString()}
2024-04-17 19:42:11,862 [main] INFO  base.BaseClass - Trying to find Element By {by.toString()})
2024-04-17 19:42:11,893 [main] INFO  base.BaseClass - Found Element By {by.toString()}
2024-04-17 19:42:12,424 [main] INFO  base.BaseClass - Trying to find Element By {by.toString()})
2024-04-17 19:42:12,454 [main] INFO  base.BaseClass - Found Element By {by.toString()}
2024-04-17 19:42:12,998 [main] INFO  base.BaseClass - Trying to find Element By {by.toString()})
2024-04-17 19:42:13,031 [main] INFO  base.BaseClass - Found Element By {by.toString()}
2024-04-17 19:42:13,576 [main] INFO  base.BaseClass - Trying to find Element By {by.toString()})
2024-04-17 19:42:13,607 [main] INFO  base.BaseClass - Found Element By {by.toString()}
2024-04-17 19:42:14,152 [main] INFO  base.BaseClass - Trying to find Element By {by.toString()})
2024-04-17 19:42:14,183 [main] INFO  base.BaseClass - Found Element By {by.toString()}
2024-04-17 19:42:14,717 [main] INFO  base.BaseClass - Trying to find Element By {by.toString()})
2024-04-17 19:42:14,748 [main] INFO  base.BaseClass - Found Element By {by.toString()}
2024-04-17 19:42:15,291 [main] INFO  base.BaseClass - Trying to find Element By {by.toString()})
2024-04-17 19:42:15,322 [main] INFO  base.BaseClass - Found Element By {by.toString()}
2024-04-17 19:42:15,864 [main] INFO  base.BaseClass - Trying to find Element By {by.toString()})
2024-04-17 19:42:15,894 [main] INFO  base.BaseClass - Found Element By {by.toString()}
2024-04-17 19:42:16,430 [main] INFO  base.BaseClass - Trying to find Element By {by.toString()})
2024-04-17 19:42:16,461 [main] INFO  base.BaseClass - Found Element By {by.toString()}
2024-04-17 19:42:17,010 [main] INFO  base.BaseClass - Trying to find Element By {by.toString()})
2024-04-17 19:42:17,041 [main] INFO  base.BaseClass - Found Element By {by.toString()}
2024-04-17 19:42:17,587 [main] INFO  base.BaseClass - Trying to find Element By {by.toString()})
2024-04-17 19:42:17,618 [main] INFO  base.BaseClass - Found Element By {by.toString()}
2024-04-17 19:42:18,165 [main] INFO  base.BaseClass - Trying to find Element By {by.toString()})
2024-04-17 19:42:18,193 [main] INFO  base.BaseClass - Found Element By {by.toString()}
2024-04-17 19:42:18,744 [main] INFO  base.BaseClass - Trying to find Element By {by.toString()})
2024-04-17 19:42:18,774 [main] INFO  base.BaseClass - Found Element By {by.toString()}
2024-04-17 19:42:19,303 [main] INFO  base.BaseClass - Trying to find Element By {by.toString()})
2024-04-17 19:42:19,321 [main] INFO  base.BaseClass - Found Element By {by.toString()}
2024-04-17 19:42:19,848 [main] INFO  base.BaseClass - Trying to find Element By {by.toString()})
2024-04-17 19:42:19,913 [main] INFO  base.BaseClass - Found Element By {by.toString()}
2024-04-17 19:42:20,472 [main] INFO  base.BaseClass - Trying to find Element By {by.toString()})
2024-04-17 19:42:20,504 [main] INFO  base.BaseClass - Found Element By {by.toString()}
2024-04-17 19:42:21,048 [main] INFO  base.BaseClass - Trying to find Element By {by.toString()})
2024-04-17 19:42:21,081 [main] INFO  base.BaseClass - Found Element By {by.toString()}
TimeoutException occurred: Expected condition failed: waiting for helper.WaitUtility$5@34d34afb (tried for 30 second(s) with 500 milliseconds interval)
Build info: version: '3.141.59', revision: 'e82be7d358', time: '2018-11-14T08:17:03'
System info: host: 'DPLAP166', ip: '137.237.2.236', os.name: 'Windows 10', os.arch: 'amd64', os.version: '10.0', java.version: '19.0.1'
Driver info: org.openqa.selenium.support.events.EventFiringWebDriver
Capabilities {acceptInsecureCerts: true, browserName: chrome, browserVersion: 123.0.6312.123, chrome: {chromedriverVersion: 123.0.6312.122 (31f8248cdd9..., userDataDir: C:\Users\dP-PL\AppData\Loca...}, fedcm:accounts: true, goog:chromeOptions: {debuggerAddress: localhost:51256}, javascriptEnabled: true, networkConnectionEnabled: false, pageLoadStrategy: normal, platform: WINDOWS, platformName: WINDOWS, proxy: Proxy(), setWindowRect: true, strictFileInteractability: false, timeouts: {implicit: 0, pageLoad: 300000, script: 30000}, unhandledPromptBehavior: dismiss and notify, webauthn:extension:credBlob: true, webauthn:extension:largeBlob: true, webauthn:extension:minPinLength: true, webauthn:extension:prf: true, webauthn:virtualAuthenticators: true}
Session ID: a59c4df4811f82049fe754efe723d3c1
2024-04-17 19:42:21,116 [main] ERROR RotationCopy_test - Element did not become visible within the specified time: Expected condition failed: waiting for helper.WaitUtility$5@34d34afb (tried for 30 second(s) with 500 milliseconds interval)
Build info: version: '3.141.59', revision: 'e82be7d358', time: '2018-11-14T08:17:03'
System info: host: 'DPLAP166', ip: '137.237.2.236', os.name: 'Windows 10', os.arch: 'amd64', os.version: '10.0', java.version: '19.0.1'
Driver info: org.openqa.selenium.support.events.EventFiringWebDriver
Capabilities {acceptInsecureCerts: true, browserName: chrome, browserVersion: 123.0.6312.123, chrome: {chromedriverVersion: 123.0.6312.122 (31f8248cdd9..., userDataDir: C:\Users\dP-PL\AppData\Loca...}, fedcm:accounts: true, goog:chromeOptions: {debuggerAddress: localhost:51256}, javascriptEnabled: true, networkConnectionEnabled: false, pageLoadStrategy: normal, platform: WINDOWS, platformName: WINDOWS, proxy: Proxy(), setWindowRect: true, strictFileInteractability: false, timeouts: {implicit: 0, pageLoad: 300000, script: 30000}, unhandledPromptBehavior: dismiss and notify, webauthn:extension:credBlob: true, webauthn:extension:largeBlob: true, webauthn:extension:minPinLength: true, webauthn:extension:prf: true, webauthn:virtualAuthenticators: true}
Session ID: a59c4df4811f82049fe754efe723d3c1
2024-04-17 19:42:21,116 [main] INFO  base.BaseClass - Trying to find Element By {by.toString()})
2024-04-17 19:42:21,135 [main] INFO  base.BaseClass - Found Element By {by.toString()}
2024-04-17 19:42:21,135 [main] INFO  base.BaseClass - Trying to click on: {element.toString()}
2024-04-17 19:42:21,203 [main] INFO  base.BaseClass - Clicked on: {element.toString()}
2024-04-17 19:42:21,203 [main] INFO  base.BaseClass - Trying to find Element By {by.toString()})
2024-04-17 19:42:21,213 [main] INFO  base.BaseClass - Found Element By {by.toString()}
2024-04-17 19:42:21,735 [main] INFO  base.BaseClass - Trying to find Element By {by.toString()})
2024-04-17 19:42:21,767 [main] INFO  base.BaseClass - Found Element By {by.toString()}
2024-04-17 19:42:22,314 [main] INFO  base.BaseClass - Trying to find Element By {by.toString()})
2024-04-17 19:42:22,342 [main] INFO  base.BaseClass - Found Element By {by.toString()}
2024-04-17 19:42:22,891 [main] INFO  base.BaseClass - Trying to find Element By {by.toString()})
2024-04-17 19:42:22,922 [main] INFO  base.BaseClass - Found Element By {by.toString()}
2024-04-17 19:42:23,472 [main] INFO  base.BaseClass - Trying to find Element By {by.toString()})
2024-04-17 19:42:23,503 [main] INFO  base.BaseClass - Found Element By {by.toString()}
2024-04-17 19:42:24,052 [main] INFO  base.BaseClass - Trying to find Element By {by.toString()})
2024-04-17 19:42:24,079 [main] INFO  base.BaseClass - Found Element By {by.toString()}
2024-04-17 19:42:24,613 [main] INFO  base.BaseClass - Trying to find Element By {by.toString()})
2024-04-17 19:42:24,644 [main] INFO  base.BaseClass - Found Element By {by.toString()}
2024-04-17 19:42:25,195 [main] INFO  base.BaseClass - Trying to find Element By {by.toString()})
2024-04-17 19:42:25,217 [main] INFO  base.BaseClass - Found Element By {by.toString()}
2024-04-17 19:42:25,756 [main] INFO  base.BaseClass - Trying to find Element By {by.toString()})
2024-04-17 19:42:25,787 [main] INFO  base.BaseClass - Found Element By {by.toString()}
2024-04-17 19:42:26,336 [main] INFO  base.BaseClass - Trying to find Element By {by.toString()})
2024-04-17 19:42:26,367 [main] INFO  base.BaseClass - Found Element By {by.toString()}
2024-04-17 19:42:26,913 [main] INFO  base.BaseClass - Trying to find Element By {by.toString()})
2024-04-17 19:42:26,944 [main] INFO  base.BaseClass - Found Element By {by.toString()}
2024-04-17 19:42:27,490 [main] INFO  base.BaseClass - Trying to find Element By {by.toString()})
2024-04-17 19:42:27,521 [main] INFO  base.BaseClass - Found Element By {by.toString()}
2024-04-17 19:42:28,069 [main] INFO  base.BaseClass - Trying to find Element By {by.toString()})
2024-04-17 19:42:28,102 [main] INFO  base.BaseClass - Found Element By {by.toString()}
2024-04-17 19:42:28,635 [main] INFO  base.BaseClass - Trying to find Element By {by.toString()})
2024-04-17 19:42:28,666 [main] INFO  base.BaseClass - Found Element By {by.toString()}
2024-04-17 19:42:29,211 [main] INFO  base.BaseClass - Trying to find Element By {by.toString()})
2024-04-17 19:42:29,229 [main] INFO  base.BaseClass - Found Element By {by.toString()}
2024-04-17 19:42:29,757 [main] INFO  base.BaseClass - Trying to find Element By {by.toString()})
2024-04-17 19:42:29,985 [main] INFO  base.BaseClass - Found Element By {by.toString()}
2024-04-17 19:42:30,510 [main] INFO  base.BaseClass - Trying to find Element By {by.toString()})
2024-04-17 19:42:30,541 [main] INFO  base.BaseClass - Found Element By {by.toString()}
2024-04-17 19:42:31,071 [main] INFO  base.BaseClass - Trying to find Element By {by.toString()})
2024-04-17 19:42:31,104 [main] INFO  base.BaseClass - Found Element By {by.toString()}
2024-04-17 19:42:31,652 [main] INFO  base.BaseClass - Trying to find Element By {by.toString()})
2024-04-17 19:42:31,683 [main] INFO  base.BaseClass - Found Element By {by.toString()}
2024-04-17 19:42:32,233 [main] INFO  base.BaseClass - Trying to find Element By {by.toString()})
2024-04-17 19:42:32,253 [main] INFO  base.BaseClass - Found Element By {by.toString()}
2024-04-17 19:42:32,778 [main] INFO  base.BaseClass - Trying to find Element By {by.toString()})
2024-04-17 19:42:32,810 [main] INFO  base.BaseClass - Found Element By {by.toString()}
2024-04-17 19:42:33,357 [main] INFO  base.BaseClass - Trying to find Element By {by.toString()})
2024-04-17 19:42:33,388 [main] INFO  base.BaseClass - Found Element By {by.toString()}
2024-04-17 19:42:33,933 [main] INFO  base.BaseClass - Trying to find Element By {by.toString()})
2024-04-17 19:42:33,965 [main] INFO  base.BaseClass - Found Element By {by.toString()}
2024-04-17 19:42:34,497 [main] INFO  base.BaseClass - Trying to find Element By {by.toString()})
2024-04-17 19:42:34,528 [main] INFO  base.BaseClass - Found Element By {by.toString()}
2024-04-17 19:42:35,074 [main] INFO  base.BaseClass - Trying to find Element By {by.toString()})
2024-04-17 19:42:35,104 [main] INFO  base.BaseClass - Found Element By {by.toString()}
2024-04-17 19:42:35,650 [main] INFO  base.BaseClass - Trying to find Element By {by.toString()})
2024-04-17 19:42:35,682 [main] INFO  base.BaseClass - Found Element By {by.toString()}
2024-04-17 19:42:36,228 [main] INFO  base.BaseClass - Trying to find Element By {by.toString()})
2024-04-17 19:42:36,259 [main] INFO  base.BaseClass - Found Element By {by.toString()}
2024-04-17 19:42:36,791 [main] INFO  base.BaseClass - Trying to find Element By {by.toString()})
2024-04-17 19:42:36,823 [main] INFO  base.BaseClass - Found Element By {by.toString()}
2024-04-17 19:42:37,354 [main] INFO  base.BaseClass - Trying to find Element By {by.toString()})
2024-04-17 19:42:37,385 [main] INFO  base.BaseClass - Found Element By {by.toString()}
2024-04-17 19:42:37,918 [main] INFO  base.BaseClass - Trying to find Element By {by.toString()})
2024-04-17 19:42:37,945 [main] INFO  base.BaseClass - Found Element By {by.toString()}
2024-04-17 19:42:38,494 [main] INFO  base.BaseClass - Trying to find Element By {by.toString()})
2024-04-17 19:42:38,526 [main] INFO  base.BaseClass - Found Element By {by.toString()}
2024-04-17 19:42:39,072 [main] INFO  base.BaseClass - Trying to find Element By {by.toString()})
2024-04-17 19:42:39,102 [main] INFO  base.BaseClass - Found Element By {by.toString()}
2024-04-17 19:42:39,653 [main] INFO  base.BaseClass - Trying to find Element By {by.toString()})
2024-04-17 19:42:39,685 [main] INFO  base.BaseClass - Found Element By {by.toString()}
2024-04-17 19:42:40,227 [main] INFO  base.BaseClass - Trying to find Element By {by.toString()})
2024-04-17 19:42:40,258 [main] INFO  base.BaseClass - Found Element By {by.toString()}
2024-04-17 19:42:40,804 [main] INFO  base.BaseClass - Trying to find Element By {by.toString()})
2024-04-17 19:42:40,836 [main] INFO  base.BaseClass - Found Element By {by.toString()}
2024-04-17 19:42:41,383 [main] INFO  base.BaseClass - Trying to find Element By {by.toString()})
2024-04-17 19:42:41,409 [main] INFO  base.BaseClass - Found Element By {by.toString()}
2024-04-17 19:42:41,994 [main] INFO  base.BaseClass - Trying to find Element By {by.toString()})
2024-04-17 19:42:42,025 [main] INFO  base.BaseClass - Found Element By {by.toString()}
2024-04-17 19:42:42,574 [main] INFO  base.BaseClass - Trying to find Element By {by.toString()})
2024-04-17 19:42:42,608 [main] INFO  base.BaseClass - Found Element By {by.toString()}
2024-04-17 19:42:43,154 [main] INFO  base.BaseClass - Trying to find Element By {by.toString()})
2024-04-17 19:42:43,186 [main] INFO  base.BaseClass - Found Element By {by.toString()}
2024-04-17 19:42:43,718 [main] INFO  base.BaseClass - Trying to find Element By {by.toString()})
2024-04-17 19:42:43,748 [main] INFO  base.BaseClass - Found Element By {by.toString()}
2024-04-17 19:42:44,295 [main] INFO  base.BaseClass - Trying to find Element By {by.toString()})
2024-04-17 19:42:44,323 [main] INFO  base.BaseClass - Found Element By {by.toString()}
2024-04-17 19:42:44,858 [main] INFO  base.BaseClass - Trying to find Element By {by.toString()})
2024-04-17 19:42:44,883 [main] INFO  base.BaseClass - Found Element By {by.toString()}
2024-04-17 19:42:45,418 [main] INFO  base.BaseClass - Trying to find Element By {by.toString()})
2024-04-17 19:42:45,448 [main] INFO  base.BaseClass - Found Element By {by.toString()}
2024-04-17 19:42:45,983 [main] INFO  base.BaseClass - Trying to find Element By {by.toString()})
2024-04-17 19:42:46,015 [main] INFO  base.BaseClass - Found Element By {by.toString()}
2024-04-17 19:42:46,555 [main] INFO  base.BaseClass - Trying to find Element By {by.toString()})
2024-04-17 19:42:46,586 [main] INFO  base.BaseClass - Found Element By {by.toString()}
2024-04-17 19:42:47,134 [main] INFO  base.BaseClass - Trying to find Element By {by.toString()})
2024-04-17 19:42:47,164 [main] INFO  base.BaseClass - Found Element By {by.toString()}
2024-04-17 19:42:47,710 [main] INFO  base.BaseClass - Trying to find Element By {by.toString()})
2024-04-17 19:42:47,742 [main] INFO  base.BaseClass - Found Element By {by.toString()}
2024-04-17 19:42:48,287 [main] INFO  base.BaseClass - Trying to find Element By {by.toString()})
2024-04-17 19:42:48,317 [main] INFO  base.BaseClass - Found Element By {by.toString()}
2024-04-17 19:42:48,867 [main] INFO  base.BaseClass - Trying to find Element By {by.toString()})
2024-04-17 19:42:48,898 [main] INFO  base.BaseClass - Found Element By {by.toString()}
2024-04-17 19:42:49,448 [main] INFO  base.BaseClass - Trying to find Element By {by.toString()})
2024-04-17 19:42:49,466 [main] INFO  base.BaseClass - Found Element By {by.toString()}
2024-04-17 19:42:49,997 [main] INFO  base.BaseClass - Trying to find Element By {by.toString()})
2024-04-17 19:42:50,026 [main] INFO  base.BaseClass - Found Element By {by.toString()}
2024-04-17 19:42:50,574 [main] INFO  base.BaseClass - Trying to find Element By {by.toString()})
2024-04-17 19:42:50,604 [main] INFO  base.BaseClass - Found Element By {by.toString()}
2024-04-17 19:42:51,151 [main] INFO  base.BaseClass - Trying to find Element By {by.toString()})
2024-04-17 19:42:51,183 [main] INFO  base.BaseClass - Found Element By {by.toString()}
TimeoutException occurred: Expected condition failed: waiting for helper.WaitUtility$5@3b521600 (tried for 30 second(s) with 500 milliseconds interval)
Build info: version: '3.141.59', revision: 'e82be7d358', time: '2018-11-14T08:17:03'
System info: host: 'DPLAP166', ip: '137.237.2.236', os.name: 'Windows 10', os.arch: 'amd64', os.version: '10.0', java.version: '19.0.1'
Driver info: org.openqa.selenium.support.events.EventFiringWebDriver
Capabilities {acceptInsecureCerts: true, browserName: chrome, browserVersion: 123.0.6312.123, chrome: {chromedriverVersion: 123.0.6312.122 (31f8248cdd9..., userDataDir: C:\Users\dP-PL\AppData\Loca...}, fedcm:accounts: true, goog:chromeOptions: {debuggerAddress: localhost:51256}, javascriptEnabled: true, networkConnectionEnabled: false, pageLoadStrategy: normal, platform: WINDOWS, platformName: WINDOWS, proxy: Proxy(), setWindowRect: true, strictFileInteractability: false, timeouts: {implicit: 0, pageLoad: 300000, script: 30000}, unhandledPromptBehavior: dismiss and notify, webauthn:extension:credBlob: true, webauthn:extension:largeBlob: true, webauthn:extension:minPinLength: true, webauthn:extension:prf: true, webauthn:virtualAuthenticators: true}
Session ID: a59c4df4811f82049fe754efe723d3c1
2024-04-17 19:42:51,223 [main] ERROR RotationCopy_test - Element did not become visible within the specified time: Expected condition failed: waiting for helper.WaitUtility$5@3b521600 (tried for 30 second(s) with 500 milliseconds interval)
Build info: version: '3.141.59', revision: 'e82be7d358', time: '2018-11-14T08:17:03'
System info: host: 'DPLAP166', ip: '137.237.2.236', os.name: 'Windows 10', os.arch: 'amd64', os.version: '10.0', java.version: '19.0.1'
Driver info: org.openqa.selenium.support.events.EventFiringWebDriver
Capabilities {acceptInsecureCerts: true, browserName: chrome, browserVersion: 123.0.6312.123, chrome: {chromedriverVersion: 123.0.6312.122 (31f8248cdd9..., userDataDir: C:\Users\dP-PL\AppData\Loca...}, fedcm:accounts: true, goog:chromeOptions: {debuggerAddress: localhost:51256}, javascriptEnabled: true, networkConnectionEnabled: false, pageLoadStrategy: normal, platform: WINDOWS, platformName: WINDOWS, proxy: Proxy(), setWindowRect: true, strictFileInteractability: false, timeouts: {implicit: 0, pageLoad: 300000, script: 30000}, unhandledPromptBehavior: dismiss and notify, webauthn:extension:credBlob: true, webauthn:extension:largeBlob: true, webauthn:extension:minPinLength: true, webauthn:extension:prf: true, webauthn:virtualAuthenticators: true}
Session ID: a59c4df4811f82049fe754efe723d3c1
2024-04-17 19:42:51,223 [main] INFO  base.BaseClass - Trying to find Element By {by.toString()})
2024-04-17 19:42:51,245 [main] INFO  base.BaseClass - Found Element By {by.toString()}
2024-04-17 19:42:51,245 [main] INFO  base.BaseClass - Trying to click on: {element.toString()}
2024-04-17 19:42:51,346 [main] INFO  base.BaseClass - Clicked on: {element.toString()}
2024-04-17 19:42:51,352 [main] INFO  base.BaseClass - Trying to find Element By {by.toString()})
2024-04-17 19:42:51,361 [main] INFO  base.BaseClass - Found Element By {by.toString()}
2024-04-17 19:42:51,886 [main] INFO  base.BaseClass - Trying to find Element By {by.toString()})
2024-04-17 19:42:51,911 [main] INFO  base.BaseClass - Found Element By {by.toString()}
2024-04-17 19:42:52,430 [main] INFO  base.BaseClass - Trying to find Element By {by.toString()})
2024-04-17 19:42:52,461 [main] INFO  base.BaseClass - Found Element By {by.toString()}
2024-04-17 19:42:53,008 [main] INFO  base.BaseClass - Trying to find Element By {by.toString()})
2024-04-17 19:42:53,040 [main] INFO  base.BaseClass - Found Element By {by.toString()}
2024-04-17 19:42:53,585 [main] INFO  base.BaseClass - Trying to find Element By {by.toString()})
2024-04-17 19:42:53,615 [main] INFO  base.BaseClass - Found Element By {by.toString()}
2024-04-17 19:42:54,162 [main] INFO  base.BaseClass - Trying to find Element By {by.toString()})
2024-04-17 19:42:54,191 [main] INFO  base.BaseClass - Found Element By {by.toString()}
2024-04-17 19:42:54,739 [main] INFO  base.BaseClass - Trying to find Element By {by.toString()})
2024-04-17 19:42:54,768 [main] INFO  base.BaseClass - Found Element By {by.toString()}
2024-04-17 19:42:55,319 [main] INFO  base.BaseClass - Trying to find Element By {by.toString()})
2024-04-17 19:42:55,349 [main] INFO  base.BaseClass - Found Element By {by.toString()}
2024-04-17 19:42:55,898 [main] INFO  base.BaseClass - Trying to find Element By {by.toString()})
2024-04-17 19:42:55,926 [main] INFO  base.BaseClass - Found Element By {by.toString()}
2024-04-17 19:42:56,474 [main] INFO  base.BaseClass - Trying to find Element By {by.toString()})
2024-04-17 19:42:56,493 [main] INFO  base.BaseClass - Found Element By {by.toString()}
2024-04-17 19:42:57,036 [main] INFO  base.BaseClass - Trying to find Element By {by.toString()})
2024-04-17 19:42:57,065 [main] INFO  base.BaseClass - Found Element By {by.toString()}
2024-04-17 19:42:57,618 [main] INFO  base.BaseClass - Trying to find Element By {by.toString()})
2024-04-17 19:42:57,647 [main] INFO  base.BaseClass - Found Element By {by.toString()}
2024-04-17 19:42:58,196 [main] INFO  base.BaseClass - Trying to find Element By {by.toString()})
2024-04-17 19:42:58,227 [main] INFO  base.BaseClass - Found Element By {by.toString()}
2024-04-17 19:42:58,775 [main] INFO  base.BaseClass - Trying to find Element By {by.toString()})
2024-04-17 19:42:58,804 [main] INFO  base.BaseClass - Found Element By {by.toString()}
2024-04-17 19:42:59,352 [main] INFO  base.BaseClass - Trying to find Element By {by.toString()})
2024-04-17 19:42:59,380 [main] INFO  base.BaseClass - Found Element By {by.toString()}
2024-04-17 19:42:59,928 [main] INFO  base.BaseClass - Trying to find Element By {by.toString()})
2024-04-17 19:42:59,947 [main] INFO  base.BaseClass - Found Element By {by.toString()}
2024-04-17 19:43:00,477 [main] INFO  base.BaseClass - Trying to find Element By {by.toString()})
2024-04-17 19:43:00,495 [main] INFO  base.BaseClass - Found Element By {by.toString()}
2024-04-17 19:43:01,021 [main] INFO  base.BaseClass - Trying to find Element By {by.toString()})
2024-04-17 19:43:01,049 [main] INFO  base.BaseClass - Found Element By {by.toString()}
2024-04-17 19:43:01,601 [main] INFO  base.BaseClass - Trying to find Element By {by.toString()})
2024-04-17 19:43:01,630 [main] INFO  base.BaseClass - Found Element By {by.toString()}
2024-04-17 19:43:02,168 [main] INFO  base.BaseClass - Trying to find Element By {by.toString()})
2024-04-17 19:43:02,197 [main] INFO  base.BaseClass - Found Element By {by.toString()}
2024-04-17 19:43:02,745 [main] INFO  base.BaseClass - Trying to find Element By {by.toString()})
2024-04-17 19:43:02,773 [main] INFO  base.BaseClass - Found Element By {by.toString()}
2024-04-17 19:43:03,310 [main] INFO  base.BaseClass - Trying to find Element By {by.toString()})
2024-04-17 19:43:03,338 [main] INFO  base.BaseClass - Found Element By {by.toString()}
2024-04-17 19:43:03,877 [main] INFO  base.BaseClass - Trying to find Element By {by.toString()})
2024-04-17 19:43:03,906 [main] INFO  base.BaseClass - Found Element By {by.toString()}
2024-04-17 19:43:04,443 [main] INFO  base.BaseClass - Trying to find Element By {by.toString()})
2024-04-17 19:43:04,468 [main] INFO  base.BaseClass - Found Element By {by.toString()}
2024-04-17 19:43:05,006 [main] INFO  base.BaseClass - Trying to find Element By {by.toString()})
2024-04-17 19:43:05,034 [main] INFO  base.BaseClass - Found Element By {by.toString()}
2024-04-17 19:43:05,583 [main] INFO  base.BaseClass - Trying to find Element By {by.toString()})
2024-04-17 19:43:05,610 [main] INFO  base.BaseClass - Found Element By {by.toString()}
2024-04-17 19:43:06,161 [main] INFO  base.BaseClass - Trying to find Element By {by.toString()})
2024-04-17 19:43:06,189 [main] INFO  base.BaseClass - Found Element By {by.toString()}
2024-04-17 19:43:06,723 [main] INFO  base.BaseClass - Trying to find Element By {by.toString()})
2024-04-17 19:43:06,752 [main] INFO  base.BaseClass - Found Element By {by.toString()}
2024-04-17 19:43:07,300 [main] INFO  base.BaseClass - Trying to find Element By {by.toString()})
2024-04-17 19:43:07,328 [main] INFO  base.BaseClass - Found Element By {by.toString()}
2024-04-17 19:43:07,863 [main] INFO  base.BaseClass - Trying to find Element By {by.toString()})
2024-04-17 19:43:07,892 [main] INFO  base.BaseClass - Found Element By {by.toString()}
2024-04-17 19:43:08,440 [main] INFO  base.BaseClass - Trying to find Element By {by.toString()})
2024-04-17 19:43:08,469 [main] INFO  base.BaseClass - Found Element By {by.toString()}
2024-04-17 19:43:09,014 [main] INFO  base.BaseClass - Trying to find Element By {by.toString()})
2024-04-17 19:43:09,042 [main] INFO  base.BaseClass - Found Element By {by.toString()}
2024-04-17 19:43:09,595 [main] INFO  base.BaseClass - Trying to find Element By {by.toString()})
2024-04-17 19:43:09,621 [main] INFO  base.BaseClass - Found Element By {by.toString()}
2024-04-17 19:43:10,156 [main] INFO  base.BaseClass - Trying to find Element By {by.toString()})
2024-04-17 19:43:10,185 [main] INFO  base.BaseClass - Found Element By {by.toString()}
2024-04-17 19:43:10,731 [main] INFO  base.BaseClass - Trying to find Element By {by.toString()})
2024-04-17 19:43:10,761 [main] INFO  base.BaseClass - Found Element By {by.toString()}
2024-04-17 19:43:11,308 [main] INFO  base.BaseClass - Trying to find Element By {by.toString()})
2024-04-17 19:43:11,336 [main] INFO  base.BaseClass - Found Element By {by.toString()}
2024-04-17 19:43:11,885 [main] INFO  base.BaseClass - Trying to find Element By {by.toString()})
2024-04-17 19:43:11,913 [main] INFO  base.BaseClass - Found Element By {by.toString()}
2024-04-17 19:43:12,463 [main] INFO  base.BaseClass - Trying to find Element By {by.toString()})
2024-04-17 19:43:12,492 [main] INFO  base.BaseClass - Found Element By {by.toString()}
2024-04-17 19:43:13,039 [main] INFO  base.BaseClass - Trying to find Element By {by.toString()})
2024-04-17 19:43:13,064 [main] INFO  base.BaseClass - Found Element By {by.toString()}
2024-04-17 19:43:13,602 [main] INFO  base.BaseClass - Trying to find Element By {by.toString()})
2024-04-17 19:43:13,629 [main] INFO  base.BaseClass - Found Element By {by.toString()}
2024-04-17 19:43:14,162 [main] INFO  base.BaseClass - Trying to find Element By {by.toString()})
2024-04-17 19:43:14,191 [main] INFO  base.BaseClass - Found Element By {by.toString()}
2024-04-17 19:43:14,739 [main] INFO  base.BaseClass - Trying to find Element By {by.toString()})
2024-04-17 19:43:14,765 [main] INFO  base.BaseClass - Found Element By {by.toString()}
2024-04-17 19:43:15,286 [main] INFO  base.BaseClass - Trying to find Element By {by.toString()})
2024-04-17 19:43:15,315 [main] INFO  base.BaseClass - Found Element By {by.toString()}
2024-04-17 19:43:15,864 [main] INFO  base.BaseClass - Trying to find Element By {by.toString()})
2024-04-17 19:43:15,892 [main] INFO  base.BaseClass - Found Element By {by.toString()}
2024-04-17 19:43:16,427 [main] INFO  base.BaseClass - Trying to find Element By {by.toString()})
2024-04-17 19:43:16,455 [main] INFO  base.BaseClass - Found Element By {by.toString()}
2024-04-17 19:43:17,004 [main] INFO  base.BaseClass - Trying to find Element By {by.toString()})
2024-04-17 19:43:17,033 [main] INFO  base.BaseClass - Found Element By {by.toString()}
2024-04-17 19:43:17,579 [main] INFO  base.BaseClass - Trying to find Element By {by.toString()})
2024-04-17 19:43:17,608 [main] INFO  base.BaseClass - Found Element By {by.toString()}
2024-04-17 19:43:18,159 [main] INFO  base.BaseClass - Trying to find Element By {by.toString()})
2024-04-17 19:43:18,187 [main] INFO  base.BaseClass - Found Element By {by.toString()}
2024-04-17 19:43:18,736 [main] INFO  base.BaseClass - Trying to find Element By {by.toString()})
2024-04-17 19:43:18,758 [main] INFO  base.BaseClass - Found Element By {by.toString()}
2024-04-17 19:43:19,299 [main] INFO  base.BaseClass - Trying to find Element By {by.toString()})
2024-04-17 19:43:19,329 [main] INFO  base.BaseClass - Found Element By {by.toString()}
2024-04-17 19:43:19,875 [main] INFO  base.BaseClass - Trying to find Element By {by.toString()})
2024-04-17 19:43:19,903 [main] INFO  base.BaseClass - Found Element By {by.toString()}
2024-04-17 19:43:20,455 [main] INFO  base.BaseClass - Trying to find Element By {by.toString()})
2024-04-17 19:43:20,467 [main] INFO  base.BaseClass - Found Element By {by.toString()}
2024-04-17 19:43:20,987 [main] INFO  base.BaseClass - Trying to find Element By {by.toString()})
2024-04-17 19:43:21,015 [main] INFO  base.BaseClass - Found Element By {by.toString()}
2024-04-17 19:43:21,562 [main] INFO  base.BaseClass - Trying to find Element By {by.toString()})
2024-04-17 19:43:21,591 [main] INFO  base.BaseClass - Found Element By {by.toString()}
TimeoutException occurred: Expected condition failed: waiting for helper.WaitUtility$5@6a34d07a (tried for 30 second(s) with 500 milliseconds interval)
Build info: version: '3.141.59', revision: 'e82be7d358', time: '2018-11-14T08:17:03'
System info: host: 'DPLAP166', ip: '137.237.2.236', os.name: 'Windows 10', os.arch: 'amd64', os.version: '10.0', java.version: '19.0.1'
Driver info: org.openqa.selenium.support.events.EventFiringWebDriver
Capabilities {acceptInsecureCerts: true, browserName: chrome, browserVersion: 123.0.6312.123, chrome: {chromedriverVersion: 123.0.6312.122 (31f8248cdd9..., userDataDir: C:\Users\dP-PL\AppData\Loca...}, fedcm:accounts: true, goog:chromeOptions: {debuggerAddress: localhost:51256}, javascriptEnabled: true, networkConnectionEnabled: false, pageLoadStrategy: normal, platform: WINDOWS, platformName: WINDOWS, proxy: Proxy(), setWindowRect: true, strictFileInteractability: false, timeouts: {implicit: 0, pageLoad: 300000, script: 30000}, unhandledPromptBehavior: dismiss and notify, webauthn:extension:credBlob: true, webauthn:extension:largeBlob: true, webauthn:extension:minPinLength: true, webauthn:extension:prf: true, webauthn:virtualAuthenticators: true}
Session ID: a59c4df4811f82049fe754efe723d3c1
2024-04-17 19:43:21,625 [main] ERROR RotationCopy_test - Element did not become visible within the specified time: Expected condition failed: waiting for helper.WaitUtility$5@6a34d07a (tried for 30 second(s) with 500 milliseconds interval)
Build info: version: '3.141.59', revision: 'e82be7d358', time: '2018-11-14T08:17:03'
System info: host: 'DPLAP166', ip: '137.237.2.236', os.name: 'Windows 10', os.arch: 'amd64', os.version: '10.0', java.version: '19.0.1'
Driver info: org.openqa.selenium.support.events.EventFiringWebDriver
Capabilities {acceptInsecureCerts: true, browserName: chrome, browserVersion: 123.0.6312.123, chrome: {chromedriverVersion: 123.0.6312.122 (31f8248cdd9..., userDataDir: C:\Users\dP-PL\AppData\Loca...}, fedcm:accounts: true, goog:chromeOptions: {debuggerAddress: localhost:51256}, javascriptEnabled: true, networkConnectionEnabled: false, pageLoadStrategy: normal, platform: WINDOWS, platformName: WINDOWS, proxy: Proxy(), setWindowRect: true, strictFileInteractability: false, timeouts: {implicit: 0, pageLoad: 300000, script: 30000}, unhandledPromptBehavior: dismiss and notify, webauthn:extension:credBlob: true, webauthn:extension:largeBlob: true, webauthn:extension:minPinLength: true, webauthn:extension:prf: true, webauthn:virtualAuthenticators: true}
Session ID: a59c4df4811f82049fe754efe723d3c1
2024-04-17 19:43:21,625 [main] INFO  base.BaseClass - Trying to find Element By {by.toString()})
2024-04-17 19:43:21,636 [main] INFO  base.BaseClass - Found Element By {by.toString()}
2024-04-17 19:43:21,636 [main] INFO  base.BaseClass - Trying to click on: {element.toString()}
2024-04-17 19:43:21,669 [main] INFO  base.BaseClass - Clicked on: {element.toString()}
2024-04-17 19:43:21,675 [main] INFO  base.BaseClass - Trying to find Element By {by.toString()})
2024-04-17 19:43:21,683 [main] INFO  base.BaseClass - Found Element By {by.toString()}
2024-04-17 19:43:22,203 [main] INFO  base.BaseClass - Trying to find Element By {by.toString()})
2024-04-17 19:43:22,539 [main] INFO  base.BaseClass - Found Element By {by.toString()}
2024-04-17 19:43:23,066 [main] INFO  base.BaseClass - Trying to find Element By {by.toString()})
2024-04-17 19:43:23,098 [main] INFO  base.BaseClass - Found Element By {by.toString()}
2024-04-17 19:43:23,646 [main] INFO  base.BaseClass - Trying to find Element By {by.toString()})
2024-04-17 19:43:23,676 [main] INFO  base.BaseClass - Found Element By {by.toString()}
2024-04-17 19:43:24,223 [main] INFO  base.BaseClass - Trying to find Element By {by.toString()})
2024-04-17 19:43:24,252 [main] INFO  base.BaseClass - Found Element By {by.toString()}
2024-04-17 19:43:24,802 [main] INFO  base.BaseClass - Trying to find Element By {by.toString()})
2024-04-17 19:43:24,832 [main] INFO  base.BaseClass - Found Element By {by.toString()}
2024-04-17 19:43:25,380 [main] INFO  base.BaseClass - Trying to find Element By {by.toString()})
2024-04-17 19:43:25,407 [main] INFO  base.BaseClass - Found Element By {by.toString()}
2024-04-17 19:43:25,946 [main] INFO  base.BaseClass - Trying to find Element By {by.toString()})
2024-04-17 19:43:25,976 [main] INFO  base.BaseClass - Found Element By {by.toString()}
2024-04-17 19:43:26,508 [main] INFO  base.BaseClass - Trying to find Element By {by.toString()})
2024-04-17 19:43:26,537 [main] INFO  base.BaseClass - Found Element By {by.toString()}
2024-04-17 19:43:27,072 [main] INFO  base.BaseClass - Trying to find Element By {by.toString()})
2024-04-17 19:43:27,101 [main] INFO  base.BaseClass - Found Element By {by.toString()}
2024-04-17 19:43:27,647 [main] INFO  base.BaseClass - Trying to find Element By {by.toString()})
2024-04-17 19:43:27,677 [main] INFO  base.BaseClass - Found Element By {by.toString()}
2024-04-17 19:43:28,224 [main] INFO  base.BaseClass - Trying to find Element By {by.toString()})
2024-04-17 19:43:28,253 [main] INFO  base.BaseClass - Found Element By {by.toString()}
2024-04-17 19:43:28,800 [main] INFO  base.BaseClass - Trying to find Element By {by.toString()})
2024-04-17 19:43:28,828 [main] INFO  base.BaseClass - Found Element By {by.toString()}
2024-04-17 19:43:29,378 [main] INFO  base.BaseClass - Trying to find Element By {by.toString()})
2024-04-17 19:43:29,408 [main] INFO  base.BaseClass - Found Element By {by.toString()}
2024-04-17 19:43:29,953 [main] INFO  base.BaseClass - Trying to find Element By {by.toString()})
2024-04-17 19:43:29,978 [main] INFO  base.BaseClass - Found Element By {by.toString()}
2024-04-17 19:43:30,517 [main] INFO  base.BaseClass - Trying to find Element By {by.toString()})
2024-04-17 19:43:30,534 [main] INFO  base.BaseClass - Found Element By {by.toString()}
2024-04-17 19:43:31,063 [main] INFO  base.BaseClass - Trying to find Element By {by.toString()})
2024-04-17 19:43:31,094 [main] INFO  base.BaseClass - Found Element By {by.toString()}
2024-04-17 19:43:31,640 [main] INFO  base.BaseClass - Trying to find Element By {by.toString()})
2024-04-17 19:43:31,670 [main] INFO  base.BaseClass - Found Element By {by.toString()}
2024-04-17 19:43:32,199 [main] INFO  base.BaseClass - Trying to find Element By {by.toString()})
2024-04-17 19:43:32,237 [main] INFO  base.BaseClass - Found Element By {by.toString()}
2024-04-17 19:43:32,767 [main] INFO  base.BaseClass - Trying to find Element By {by.toString()})
2024-04-17 19:43:32,796 [main] INFO  base.BaseClass - Found Element By {by.toString()}
2024-04-17 19:43:33,331 [main] INFO  base.BaseClass - Trying to find Element By {by.toString()})
2024-04-17 19:43:33,361 [main] INFO  base.BaseClass - Found Element By {by.toString()}
2024-04-17 19:43:33,913 [main] INFO  base.BaseClass - Trying to find Element By {by.toString()})
2024-04-17 19:43:33,943 [main] INFO  base.BaseClass - Found Element By {by.toString()}
2024-04-17 19:43:34,489 [main] INFO  base.BaseClass - Trying to find Element By {by.toString()})
2024-04-17 19:43:34,518 [main] INFO  base.BaseClass - Found Element By {by.toString()}
2024-04-17 19:43:35,051 [main] INFO  base.BaseClass - Trying to find Element By {by.toString()})
2024-04-17 19:43:35,080 [main] INFO  base.BaseClass - Found Element By {by.toString()}
2024-04-17 19:43:35,628 [main] INFO  base.BaseClass - Trying to find Element By {by.toString()})
2024-04-17 19:43:35,658 [main] INFO  base.BaseClass - Found Element By {by.toString()}
2024-04-17 19:43:36,204 [main] INFO  base.BaseClass - Trying to find Element By {by.toString()})
2024-04-17 19:43:36,233 [main] INFO  base.BaseClass - Found Element By {by.toString()}
2024-04-17 19:43:36,767 [main] INFO  base.BaseClass - Trying to find Element By {by.toString()})
2024-04-17 19:43:36,796 [main] INFO  base.BaseClass - Found Element By {by.toString()}
2024-04-17 19:43:37,345 [main] INFO  base.BaseClass - Trying to find Element By {by.toString()})
2024-04-17 19:43:37,377 [main] INFO  base.BaseClass - Found Element By {by.toString()}
2024-04-17 19:43:37,906 [main] INFO  base.BaseClass - Trying to find Element By {by.toString()})
2024-04-17 19:43:37,932 [main] INFO  base.BaseClass - Found Element By {by.toString()}
2024-04-17 19:43:38,470 [main] INFO  base.BaseClass - Trying to find Element By {by.toString()})
2024-04-17 19:43:38,499 [main] INFO  base.BaseClass - Found Element By {by.toString()}
2024-04-17 19:43:39,046 [main] INFO  base.BaseClass - Trying to find Element By {by.toString()})
2024-04-17 19:43:39,074 [main] INFO  base.BaseClass - Found Element By {by.toString()}
2024-04-17 19:43:39,623 [main] INFO  base.BaseClass - Trying to find Element By {by.toString()})
2024-04-17 19:43:39,651 [main] INFO  base.BaseClass - Found Element By {by.toString()}
2024-04-17 19:43:40,186 [main] INFO  base.BaseClass - Trying to find Element By {by.toString()})
2024-04-17 19:43:40,210 [main] INFO  base.BaseClass - Found Element By {by.toString()}
2024-04-17 19:43:40,747 [main] INFO  base.BaseClass - Trying to find Element By {by.toString()})
2024-04-17 19:43:40,776 [main] INFO  base.BaseClass - Found Element By {by.toString()}
2024-04-17 19:43:41,324 [main] INFO  base.BaseClass - Trying to find Element By {by.toString()})
2024-04-17 19:43:41,354 [main] INFO  base.BaseClass - Found Element By {by.toString()}
2024-04-17 19:43:41,901 [main] INFO  base.BaseClass - Trying to find Element By {by.toString()})
2024-04-17 19:43:41,931 [main] INFO  base.BaseClass - Found Element By {by.toString()}
2024-04-17 19:43:42,462 [main] INFO  base.BaseClass - Trying to find Element By {by.toString()})
2024-04-17 19:43:42,492 [main] INFO  base.BaseClass - Found Element By {by.toString()}
2024-04-17 19:43:43,027 [main] INFO  base.BaseClass - Trying to find Element By {by.toString()})
2024-04-17 19:43:43,056 [main] INFO  base.BaseClass - Found Element By {by.toString()}
2024-04-17 19:43:43,604 [main] INFO  base.BaseClass - Trying to find Element By {by.toString()})
2024-04-17 19:43:43,633 [main] INFO  base.BaseClass - Found Element By {by.toString()}
2024-04-17 19:43:44,182 [main] INFO  base.BaseClass - Trying to find Element By {by.toString()})
2024-04-17 19:43:44,209 [main] INFO  base.BaseClass - Found Element By {by.toString()}
2024-04-17 19:43:44,759 [main] INFO  base.BaseClass - Trying to find Element By {by.toString()})
2024-04-17 19:43:44,785 [main] INFO  base.BaseClass - Found Element By {by.toString()}
2024-04-17 19:43:45,337 [main] INFO  base.BaseClass - Trying to find Element By {by.toString()})
2024-04-17 19:43:45,365 [main] INFO  base.BaseClass - Found Element By {by.toString()}
2024-04-17 19:43:45,916 [main] INFO  base.BaseClass - Trying to find Element By {by.toString()})
2024-04-17 19:43:45,933 [main] INFO  base.BaseClass - Found Element By {by.toString()}
2024-04-17 19:43:46,462 [main] INFO  base.BaseClass - Trying to find Element By {by.toString()})
2024-04-17 19:43:46,491 [main] INFO  base.BaseClass - Found Element By {by.toString()}
2024-04-17 19:43:47,041 [main] INFO  base.BaseClass - Trying to find Element By {by.toString()})
2024-04-17 19:43:47,056 [main] INFO  base.BaseClass - Found Element By {by.toString()}
2024-04-17 19:43:47,588 [main] INFO  base.BaseClass - Trying to find Element By {by.toString()})
2024-04-17 19:43:47,617 [main] INFO  base.BaseClass - Found Element By {by.toString()}
2024-04-17 19:43:48,165 [main] INFO  base.BaseClass - Trying to find Element By {by.toString()})
2024-04-17 19:43:48,193 [main] INFO  base.BaseClass - Found Element By {by.toString()}
2024-04-17 19:43:48,729 [main] INFO  base.BaseClass - Trying to find Element By {by.toString()})
2024-04-17 19:43:48,758 [main] INFO  base.BaseClass - Found Element By {by.toString()}
2024-04-17 19:43:49,292 [main] INFO  base.BaseClass - Trying to find Element By {by.toString()})
2024-04-17 19:43:49,320 [main] INFO  base.BaseClass - Found Element By {by.toString()}
2024-04-17 19:43:49,854 [main] INFO  base.BaseClass - Trying to find Element By {by.toString()})
2024-04-17 19:43:49,882 [main] INFO  base.BaseClass - Found Element By {by.toString()}
2024-04-17 19:43:50,431 [main] INFO  base.BaseClass - Trying to find Element By {by.toString()})
2024-04-17 19:43:50,460 [main] INFO  base.BaseClass - Found Element By {by.toString()}
2024-04-17 19:43:50,996 [main] INFO  base.BaseClass - Trying to find Element By {by.toString()})
2024-04-17 19:43:51,025 [main] INFO  base.BaseClass - Found Element By {by.toString()}
2024-04-17 19:43:51,561 [main] INFO  base.BaseClass - Trying to find Element By {by.toString()})
2024-04-17 19:43:51,590 [main] INFO  base.BaseClass - Found Element By {by.toString()}
2024-04-17 19:43:52,141 [main] INFO  base.BaseClass - Trying to find Element By {by.toString()})
2024-04-17 19:43:52,169 [main] INFO  base.BaseClass - Found Element By {by.toString()}
TimeoutException occurred: Expected condition failed: waiting for helper.WaitUtility$5@14871ede (tried for 30 second(s) with 500 milliseconds interval)
Build info: version: '3.141.59', revision: 'e82be7d358', time: '2018-11-14T08:17:03'
System info: host: 'DPLAP166', ip: '137.237.2.236', os.name: 'Windows 10', os.arch: 'amd64', os.version: '10.0', java.version: '19.0.1'
Driver info: org.openqa.selenium.support.events.EventFiringWebDriver
Capabilities {acceptInsecureCerts: true, browserName: chrome, browserVersion: 123.0.6312.123, chrome: {chromedriverVersion: 123.0.6312.122 (31f8248cdd9..., userDataDir: C:\Users\dP-PL\AppData\Loca...}, fedcm:accounts: true, goog:chromeOptions: {debuggerAddress: localhost:51256}, javascriptEnabled: true, networkConnectionEnabled: false, pageLoadStrategy: normal, platform: WINDOWS, platformName: WINDOWS, proxy: Proxy(), setWindowRect: true, strictFileInteractability: false, timeouts: {implicit: 0, pageLoad: 300000, script: 30000}, unhandledPromptBehavior: dismiss and notify, webauthn:extension:credBlob: true, webauthn:extension:largeBlob: true, webauthn:extension:minPinLength: true, webauthn:extension:prf: true, webauthn:virtualAuthenticators: true}
Session ID: a59c4df4811f82049fe754efe723d3c1
2024-04-17 19:43:52,197 [main] ERROR RotationCopy_test - Element did not become visible within the specified time: Expected condition failed: waiting for helper.WaitUtility$5@14871ede (tried for 30 second(s) with 500 milliseconds interval)
Build info: version: '3.141.59', revision: 'e82be7d358', time: '2018-11-14T08:17:03'
System info: host: 'DPLAP166', ip: '137.237.2.236', os.name: 'Windows 10', os.arch: 'amd64', os.version: '10.0', java.version: '19.0.1'
Driver info: org.openqa.selenium.support.events.EventFiringWebDriver
Capabilities {acceptInsecureCerts: true, browserName: chrome, browserVersion: 123.0.6312.123, chrome: {chromedriverVersion: 123.0.6312.122 (31f8248cdd9..., userDataDir: C:\Users\dP-PL\AppData\Loca...}, fedcm:accounts: true, goog:chromeOptions: {debuggerAddress: localhost:51256}, javascriptEnabled: true, networkConnectionEnabled: false, pageLoadStrategy: normal, platform: WINDOWS, platformName: WINDOWS, proxy: Proxy(), setWindowRect: true, strictFileInteractability: false, timeouts: {implicit: 0, pageLoad: 300000, script: 30000}, unhandledPromptBehavior: dismiss and notify, webauthn:extension:credBlob: true, webauthn:extension:largeBlob: true, webauthn:extension:minPinLength: true, webauthn:extension:prf: true, webauthn:virtualAuthenticators: true}
Session ID: a59c4df4811f82049fe754efe723d3c1
2024-04-17 19:43:52,197 [main] INFO  base.BaseClass - Trying to find Element By {by.toString()})
2024-04-17 19:43:52,206 [main] INFO  base.BaseClass - Found Element By {by.toString()}
2024-04-17 19:43:52,206 [main] INFO  base.BaseClass - Trying to click on: {element.toString()}
2024-04-17 19:43:52,282 [main] INFO  base.BaseClass - Clicked on: {element.toString()}
2024-04-17 19:43:52,282 [main] INFO  base.BaseClass - Trying to find Element By {by.toString()})
2024-04-17 19:43:53,118 [main] INFO  base.BaseClass - Found Element By {by.toString()}
2024-04-17 19:43:53,640 [main] INFO  base.BaseClass - Trying to find Element By {by.toString()})
2024-04-17 19:43:53,670 [main] INFO  base.BaseClass - Found Element By {by.toString()}
2024-04-17 19:43:54,203 [main] INFO  base.BaseClass - Trying to find Element By {by.toString()})
2024-04-17 19:43:54,236 [main] INFO  base.BaseClass - Found Element By {by.toString()}
2024-04-17 19:43:54,784 [main] INFO  base.BaseClass - Trying to find Element By {by.toString()})
2024-04-17 19:43:54,816 [main] INFO  base.BaseClass - Found Element By {by.toString()}
2024-04-17 19:43:55,364 [main] INFO  base.BaseClass - Trying to find Element By {by.toString()})
2024-04-17 19:43:55,395 [main] INFO  base.BaseClass - Found Element By {by.toString()}
2024-04-17 19:43:55,945 [main] INFO  base.BaseClass - Trying to find Element By {by.toString()})
2024-04-17 19:43:55,977 [main] INFO  base.BaseClass - Found Element By {by.toString()}
2024-04-17 19:43:56,539 [main] INFO  base.BaseClass - Trying to find Element By {by.toString()})
2024-04-17 19:43:56,572 [main] INFO  base.BaseClass - Found Element By {by.toString()}
2024-04-17 19:43:57,116 [main] INFO  base.BaseClass - Trying to find Element By {by.toString()})
2024-04-17 19:43:57,143 [main] INFO  base.BaseClass - Found Element By {by.toString()}
2024-04-17 19:43:57,673 [main] INFO  base.BaseClass - Trying to find Element By {by.toString()})
2024-04-17 19:43:57,703 [main] INFO  base.BaseClass - Found Element By {by.toString()}
2024-04-17 19:43:58,254 [main] INFO  base.BaseClass - Trying to find Element By {by.toString()})
2024-04-17 19:43:58,301 [main] INFO  base.BaseClass - Found Element By {by.toString()}
2024-04-17 19:43:58,832 [main] INFO  base.BaseClass - Trying to find Element By {by.toString()})
2024-04-17 19:43:58,864 [main] INFO  base.BaseClass - Found Element By {by.toString()}
2024-04-17 19:43:59,413 [main] INFO  base.BaseClass - Trying to find Element By {by.toString()})
2024-04-17 19:43:59,443 [main] INFO  base.BaseClass - Found Element By {by.toString()}
2024-04-17 19:43:59,975 [main] INFO  base.BaseClass - Trying to find Element By {by.toString()})
2024-04-17 19:44:00,003 [main] INFO  base.BaseClass - Found Element By {by.toString()}
2024-04-17 19:44:00,551 [main] INFO  base.BaseClass - Trying to find Element By {by.toString()})
2024-04-17 19:44:00,568 [main] INFO  base.BaseClass - Found Element By {by.toString()}
2024-04-17 19:44:01,098 [main] INFO  base.BaseClass - Trying to find Element By {by.toString()})
2024-04-17 19:44:01,130 [main] INFO  base.BaseClass - Found Element By {by.toString()}
2024-04-17 19:44:01,664 [main] INFO  base.BaseClass - Trying to find Element By {by.toString()})
2024-04-17 19:44:01,696 [main] INFO  base.BaseClass - Found Element By {by.toString()}
2024-04-17 19:44:02,243 [main] INFO  base.BaseClass - Trying to find Element By {by.toString()})
2024-04-17 19:44:02,275 [main] INFO  base.BaseClass - Found Element By {by.toString()}
2024-04-17 19:44:02,822 [main] INFO  base.BaseClass - Trying to find Element By {by.toString()})
2024-04-17 19:44:02,852 [main] INFO  base.BaseClass - Found Element By {by.toString()}
2024-04-17 19:44:03,398 [main] INFO  base.BaseClass - Trying to find Element By {by.toString()})
2024-04-17 19:44:03,429 [main] INFO  base.BaseClass - Found Element By {by.toString()}
2024-04-17 19:44:03,977 [main] INFO  base.BaseClass - Trying to find Element By {by.toString()})
2024-04-17 19:44:04,009 [main] INFO  base.BaseClass - Found Element By {by.toString()}
2024-04-17 19:44:04,557 [main] INFO  base.BaseClass - Trying to find Element By {by.toString()})
2024-04-17 19:44:04,588 [main] INFO  base.BaseClass - Found Element By {by.toString()}
2024-04-17 19:44:05,118 [main] INFO  base.BaseClass - Trying to find Element By {by.toString()})
2024-04-17 19:44:05,152 [main] INFO  base.BaseClass - Found Element By {by.toString()}
2024-04-17 19:44:05,696 [main] INFO  base.BaseClass - Trying to find Element By {by.toString()})
2024-04-17 19:44:05,727 [main] INFO  base.BaseClass - Found Element By {by.toString()}
2024-04-17 19:44:06,258 [main] INFO  base.BaseClass - Trying to find Element By {by.toString()})
2024-04-17 19:44:06,289 [main] INFO  base.BaseClass - Found Element By {by.toString()}
2024-04-17 19:44:06,835 [main] INFO  base.BaseClass - Trying to find Element By {by.toString()})
2024-04-17 19:44:06,866 [main] INFO  base.BaseClass - Found Element By {by.toString()}
2024-04-17 19:44:07,412 [main] INFO  base.BaseClass - Trying to find Element By {by.toString()})
2024-04-17 19:44:07,440 [main] INFO  base.BaseClass - Found Element By {by.toString()}
2024-04-17 19:44:07,975 [main] INFO  base.BaseClass - Trying to find Element By {by.toString()})
2024-04-17 19:44:08,003 [main] INFO  base.BaseClass - Found Element By {by.toString()}
2024-04-17 19:44:08,551 [main] INFO  base.BaseClass - Trying to find Element By {by.toString()})
2024-04-17 19:44:08,582 [main] INFO  base.BaseClass - Found Element By {by.toString()}
2024-04-17 19:44:09,131 [main] INFO  base.BaseClass - Trying to find Element By {by.toString()})
2024-04-17 19:44:09,162 [main] INFO  base.BaseClass - Found Element By {by.toString()}
2024-04-17 19:44:09,703 [main] INFO  base.BaseClass - Trying to find Element By {by.toString()})
2024-04-17 19:44:09,734 [main] INFO  base.BaseClass - Found Element By {by.toString()}
2024-04-17 19:44:10,269 [main] INFO  base.BaseClass - Trying to find Element By {by.toString()})
2024-04-17 19:44:10,299 [main] INFO  base.BaseClass - Found Element By {by.toString()}
2024-04-17 19:44:10,834 [main] INFO  base.BaseClass - Trying to find Element By {by.toString()})
2024-04-17 19:44:10,865 [main] INFO  base.BaseClass - Found Element By {by.toString()}
2024-04-17 19:44:11,413 [main] INFO  base.BaseClass - Trying to find Element By {by.toString()})
2024-04-17 19:44:11,445 [main] INFO  base.BaseClass - Found Element By {by.toString()}
2024-04-17 19:44:11,990 [main] INFO  base.BaseClass - Trying to find Element By {by.toString()})
2024-04-17 19:44:12,020 [main] INFO  base.BaseClass - Found Element By {by.toString()}
2024-04-17 19:44:12,555 [main] INFO  base.BaseClass - Trying to find Element By {by.toString()})
2024-04-17 19:44:12,584 [main] INFO  base.BaseClass - Found Element By {by.toString()}
2024-04-17 19:44:13,130 [main] INFO  base.BaseClass - Trying to find Element By {by.toString()})
2024-04-17 19:44:13,162 [main] INFO  base.BaseClass - Found Element By {by.toString()}
2024-04-17 19:44:13,721 [main] INFO  base.BaseClass - Trying to find Element By {by.toString()})
2024-04-17 19:44:13,752 [main] INFO  base.BaseClass - Found Element By {by.toString()}
2024-04-17 19:44:14,300 [main] INFO  base.BaseClass - Trying to find Element By {by.toString()})
2024-04-17 19:44:14,328 [main] INFO  base.BaseClass - Found Element By {by.toString()}
2024-04-17 19:44:14,873 [main] INFO  base.BaseClass - Trying to find Element By {by.toString()})
2024-04-17 19:44:14,904 [main] INFO  base.BaseClass - Found Element By {by.toString()}
2024-04-17 19:44:15,455 [main] INFO  base.BaseClass - Trying to find Element By {by.toString()})
2024-04-17 19:44:15,487 [main] INFO  base.BaseClass - Found Element By {by.toString()}
2024-04-17 19:44:16,019 [main] INFO  base.BaseClass - Trying to find Element By {by.toString()})
2024-04-17 19:44:16,051 [main] INFO  base.BaseClass - Found Element By {by.toString()}
2024-04-17 19:44:16,598 [main] INFO  base.BaseClass - Trying to find Element By {by.toString()})
2024-04-17 19:44:16,629 [main] INFO  base.BaseClass - Found Element By {by.toString()}
2024-04-17 19:44:17,173 [main] INFO  base.BaseClass - Trying to find Element By {by.toString()})
2024-04-17 19:44:17,203 [main] INFO  base.BaseClass - Found Element By {by.toString()}
2024-04-17 19:44:17,737 [main] INFO  base.BaseClass - Trying to find Element By {by.toString()})
2024-04-17 19:44:17,768 [main] INFO  base.BaseClass - Found Element By {by.toString()}
2024-04-17 19:44:18,317 [main] INFO  base.BaseClass - Trying to find Element By {by.toString()})
2024-04-17 19:44:18,346 [main] INFO  base.BaseClass - Found Element By {by.toString()}
2024-04-17 19:44:18,894 [main] INFO  base.BaseClass - Trying to find Element By {by.toString()})
2024-04-17 19:44:18,927 [main] INFO  base.BaseClass - Found Element By {by.toString()}
2024-04-17 19:44:19,472 [main] INFO  base.BaseClass - Trying to find Element By {by.toString()})
2024-04-17 19:44:19,500 [main] INFO  base.BaseClass - Found Element By {by.toString()}
2024-04-17 19:44:20,051 [main] INFO  base.BaseClass - Trying to find Element By {by.toString()})
2024-04-17 19:44:20,081 [main] INFO  base.BaseClass - Found Element By {by.toString()}
2024-04-17 19:44:20,615 [main] INFO  base.BaseClass - Trying to find Element By {by.toString()})
2024-04-17 19:44:20,646 [main] INFO  base.BaseClass - Found Element By {by.toString()}
2024-04-17 19:44:21,193 [main] INFO  base.BaseClass - Trying to find Element By {by.toString()})
2024-04-17 19:44:21,224 [main] INFO  base.BaseClass - Found Element By {by.toString()}
2024-04-17 19:44:21,758 [main] INFO  base.BaseClass - Trying to find Element By {by.toString()})
2024-04-17 19:44:21,787 [main] INFO  base.BaseClass - Found Element By {by.toString()}
2024-04-17 19:44:22,322 [main] INFO  base.BaseClass - Trying to find Element By {by.toString()})
2024-04-17 19:44:22,383 [main] INFO  base.BaseClass - Found Element By {by.toString()}
TimeoutException occurred: Expected condition failed: waiting for helper.WaitUtility$5@1ed0d89b (tried for 30 second(s) with 500 milliseconds interval)
Build info: version: '3.141.59', revision: 'e82be7d358', time: '2018-11-14T08:17:03'
System info: host: 'DPLAP166', ip: '137.237.2.236', os.name: 'Windows 10', os.arch: 'amd64', os.version: '10.0', java.version: '19.0.1'
Driver info: org.openqa.selenium.support.events.EventFiringWebDriver
Capabilities {acceptInsecureCerts: true, browserName: chrome, browserVersion: 123.0.6312.123, chrome: {chromedriverVersion: 123.0.6312.122 (31f8248cdd9..., userDataDir: C:\Users\dP-PL\AppData\Loca...}, fedcm:accounts: true, goog:chromeOptions: {debuggerAddress: localhost:51256}, javascriptEnabled: true, networkConnectionEnabled: false, pageLoadStrategy: normal, platform: WINDOWS, platformName: WINDOWS, proxy: Proxy(), setWindowRect: true, strictFileInteractability: false, timeouts: {implicit: 0, pageLoad: 300000, script: 30000}, unhandledPromptBehavior: dismiss and notify, webauthn:extension:credBlob: true, webauthn:extension:largeBlob: true, webauthn:extension:minPinLength: true, webauthn:extension:prf: true, webauthn:virtualAuthenticators: true}
Session ID: a59c4df4811f82049fe754efe723d3c1
2024-04-17 19:44:22,437 [main] ERROR RotationCopy_test - Element did not become visible within the specified time: Expected condition failed: waiting for helper.WaitUtility$5@1ed0d89b (tried for 30 second(s) with 500 milliseconds interval)
Build info: version: '3.141.59', revision: 'e82be7d358', time: '2018-11-14T08:17:03'
System info: host: 'DPLAP166', ip: '137.237.2.236', os.name: 'Windows 10', os.arch: 'amd64', os.version: '10.0', java.version: '19.0.1'
Driver info: org.openqa.selenium.support.events.EventFiringWebDriver
Capabilities {acceptInsecureCerts: true, browserName: chrome, browserVersion: 123.0.6312.123, chrome: {chromedriverVersion: 123.0.6312.122 (31f8248cdd9..., userDataDir: C:\Users\dP-PL\AppData\Loca...}, fedcm:accounts: true, goog:chromeOptions: {debuggerAddress: localhost:51256}, javascriptEnabled: true, networkConnectionEnabled: false, pageLoadStrategy: normal, platform: WINDOWS, platformName: WINDOWS, proxy: Proxy(), setWindowRect: true, strictFileInteractability: false, timeouts: {implicit: 0, pageLoad: 300000, script: 30000}, unhandledPromptBehavior: dismiss and notify, webauthn:extension:credBlob: true, webauthn:extension:largeBlob: true, webauthn:extension:minPinLength: true, webauthn:extension:prf: true, webauthn:virtualAuthenticators: true}
Session ID: a59c4df4811f82049fe754efe723d3c1
2024-04-17 19:44:22,437 [main] INFO  base.BaseClass - Trying to find Element By {by.toString()})
2024-04-17 19:44:22,447 [main] INFO  base.BaseClass - Found Element By {by.toString()}
2024-04-17 19:44:22,447 [main] INFO  base.BaseClass - Trying to click on: {element.toString()}
2024-04-17 19:44:22,483 [main] INFO  base.BaseClass - Clicked on: {element.toString()}
2024-04-17 19:44:22,483 [main] INFO  base.BaseClass - Trying to find Element By {by.toString()})
2024-04-17 19:44:22,493 [main] INFO  base.BaseClass - Found Element By {by.toString()}
2024-04-17 19:44:23,008 [main] INFO  base.BaseClass - Trying to find Element By {by.toString()})
2024-04-17 19:44:23,039 [main] INFO  base.BaseClass - Found Element By {by.toString()}
2024-04-17 19:44:23,572 [main] INFO  base.BaseClass - Trying to find Element By {by.toString()})
2024-04-17 19:44:23,605 [main] INFO  base.BaseClass - Found Element By {by.toString()}
2024-04-17 19:44:24,163 [main] INFO  base.BaseClass - Trying to find Element By {by.toString()})
2024-04-17 19:44:24,191 [main] INFO  base.BaseClass - Found Element By {by.toString()}
2024-04-17 19:44:24,728 [main] INFO  base.BaseClass - Trying to find Element By {by.toString()})
2024-04-17 19:44:24,759 [main] INFO  base.BaseClass - Found Element By {by.toString()}
2024-04-17 19:44:25,297 [main] INFO  base.BaseClass - Trying to find Element By {by.toString()})
2024-04-17 19:44:25,328 [main] INFO  base.BaseClass - Found Element By {by.toString()}
2024-04-17 19:44:25,857 [main] INFO  base.BaseClass - Trying to find Element By {by.toString()})
2024-04-17 19:44:25,888 [main] INFO  base.BaseClass - Found Element By {by.toString()}
2024-04-17 19:44:26,435 [main] INFO  base.BaseClass - Trying to find Element By {by.toString()})
2024-04-17 19:44:26,465 [main] INFO  base.BaseClass - Found Element By {by.toString()}
2024-04-17 19:44:27,015 [main] INFO  base.BaseClass - Trying to find Element By {by.toString()})
2024-04-17 19:44:27,046 [main] INFO  base.BaseClass - Found Element By {by.toString()}
2024-04-17 19:44:27,596 [main] INFO  base.BaseClass - Trying to find Element By {by.toString()})
2024-04-17 19:44:27,627 [main] INFO  base.BaseClass - Found Element By {by.toString()}
2024-04-17 19:44:28,178 [main] INFO  base.BaseClass - Trying to find Element By {by.toString()})
2024-04-17 19:44:28,196 [main] INFO  base.BaseClass - Found Element By {by.toString()}
2024-04-17 19:44:28,729 [main] INFO  base.BaseClass - Trying to find Element By {by.toString()})
2024-04-17 19:44:28,751 [main] INFO  base.BaseClass - Found Element By {by.toString()}
2024-04-17 19:44:29,276 [main] INFO  base.BaseClass - Trying to find Element By {by.toString()})
2024-04-17 19:44:29,307 [main] INFO  base.BaseClass - Found Element By {by.toString()}
2024-04-17 19:44:29,840 [main] INFO  base.BaseClass - Trying to find Element By {by.toString()})
2024-04-17 19:44:29,868 [main] INFO  base.BaseClass - Found Element By {by.toString()}
2024-04-17 19:44:30,416 [main] INFO  base.BaseClass - Trying to find Element By {by.toString()})
2024-04-17 19:44:30,445 [main] INFO  base.BaseClass - Found Element By {by.toString()}
2024-04-17 19:44:30,982 [main] INFO  base.BaseClass - Trying to find Element By {by.toString()})
2024-04-17 19:44:31,012 [main] INFO  base.BaseClass - Found Element By {by.toString()}
2024-04-17 19:44:31,545 [main] INFO  base.BaseClass - Trying to find Element By {by.toString()})
2024-04-17 19:44:31,577 [main] INFO  base.BaseClass - Found Element By {by.toString()}
2024-04-17 19:44:32,124 [main] INFO  base.BaseClass - Trying to find Element By {by.toString()})
2024-04-17 19:44:32,142 [main] INFO  base.BaseClass - Found Element By {by.toString()}
2024-04-17 19:44:32,687 [main] INFO  base.BaseClass - Trying to find Element By {by.toString()})
2024-04-17 19:44:32,719 [main] INFO  base.BaseClass - Found Element By {by.toString()}
2024-04-17 19:44:33,265 [main] INFO  base.BaseClass - Trying to find Element By {by.toString()})
2024-04-17 19:44:33,298 [main] INFO  base.BaseClass - Found Element By {by.toString()}
2024-04-17 19:44:33,844 [main] INFO  base.BaseClass - Trying to find Element By {by.toString()})
2024-04-17 19:44:33,874 [main] INFO  base.BaseClass - Found Element By {by.toString()}
2024-04-17 19:44:34,425 [main] INFO  base.BaseClass - Trying to find Element By {by.toString()})
2024-04-17 19:44:34,454 [main] INFO  base.BaseClass - Found Element By {by.toString()}
2024-04-17 19:44:35,004 [main] INFO  base.BaseClass - Trying to find Element By {by.toString()})
2024-04-17 19:44:35,035 [main] INFO  base.BaseClass - Found Element By {by.toString()}
2024-04-17 19:44:35,581 [main] INFO  base.BaseClass - Trying to find Element By {by.toString()})
2024-04-17 19:44:35,612 [main] INFO  base.BaseClass - Found Element By {by.toString()}
2024-04-17 19:44:36,161 [main] INFO  base.BaseClass - Trying to find Element By {by.toString()})
2024-04-17 19:44:36,194 [main] INFO  base.BaseClass - Found Element By {by.toString()}
2024-04-17 19:44:36,737 [main] INFO  base.BaseClass - Trying to find Element By {by.toString()})
2024-04-17 19:44:36,769 [main] INFO  base.BaseClass - Found Element By {by.toString()}
2024-04-17 19:44:37,300 [main] INFO  base.BaseClass - Trying to find Element By {by.toString()})
2024-04-17 19:44:37,330 [main] INFO  base.BaseClass - Found Element By {by.toString()}
2024-04-17 19:44:37,862 [main] INFO  base.BaseClass - Trying to find Element By {by.toString()})
2024-04-17 19:44:38,280 [main] INFO  base.BaseClass - Found Element By {by.toString()}
2024-04-17 19:44:38,813 [main] INFO  base.BaseClass - Trying to find Element By {by.toString()})
2024-04-17 19:44:38,845 [main] INFO  base.BaseClass - Found Element By {by.toString()}
2024-04-17 19:44:39,390 [main] INFO  base.BaseClass - Trying to find Element By {by.toString()})
2024-04-17 19:44:39,416 [main] INFO  base.BaseClass - Found Element By {by.toString()}
2024-04-17 19:44:39,967 [main] INFO  base.BaseClass - Trying to find Element By {by.toString()})
2024-04-17 19:44:39,997 [main] INFO  base.BaseClass - Found Element By {by.toString()}
2024-04-17 19:44:40,544 [main] INFO  base.BaseClass - Trying to find Element By {by.toString()})
2024-04-17 19:44:40,575 [main] INFO  base.BaseClass - Found Element By {by.toString()}
2024-04-17 19:44:41,123 [main] INFO  base.BaseClass - Trying to find Element By {by.toString()})
2024-04-17 19:44:41,154 [main] INFO  base.BaseClass - Found Element By {by.toString()}
2024-04-17 19:44:41,685 [main] INFO  base.BaseClass - Trying to find Element By {by.toString()})
2024-04-17 19:44:41,717 [main] INFO  base.BaseClass - Found Element By {by.toString()}
2024-04-17 19:44:42,262 [main] INFO  base.BaseClass - Trying to find Element By {by.toString()})
2024-04-17 19:44:42,294 [main] INFO  base.BaseClass - Found Element By {by.toString()}
2024-04-17 19:44:42,839 [main] INFO  base.BaseClass - Trying to find Element By {by.toString()})
2024-04-17 19:44:42,870 [main] INFO  base.BaseClass - Found Element By {by.toString()}
2024-04-17 19:44:43,418 [main] INFO  base.BaseClass - Trying to find Element By {by.toString()})
2024-04-17 19:44:43,450 [main] INFO  base.BaseClass - Found Element By {by.toString()}
2024-04-17 19:44:43,999 [main] INFO  base.BaseClass - Trying to find Element By {by.toString()})
2024-04-17 19:44:44,022 [main] INFO  base.BaseClass - Found Element By {by.toString()}
2024-04-17 19:44:44,544 [main] INFO  base.BaseClass - Trying to find Element By {by.toString()})
2024-04-17 19:44:44,605 [main] INFO  base.BaseClass - Found Element By {by.toString()}
2024-04-17 19:44:45,181 [main] INFO  base.BaseClass - Trying to find Element By {by.toString()})
2024-04-17 19:44:45,212 [main] INFO  base.BaseClass - Found Element By {by.toString()}
2024-04-17 19:44:45,764 [main] INFO  base.BaseClass - Trying to find Element By {by.toString()})
2024-04-17 19:44:45,780 [main] INFO  base.BaseClass - Found Element By {by.toString()}
2024-04-17 19:44:46,301 [main] INFO  base.BaseClass - Trying to find Element By {by.toString()})
2024-04-17 19:44:46,319 [main] INFO  base.BaseClass - Found Element By {by.toString()}
2024-04-17 19:44:46,852 [main] INFO  base.BaseClass - Trying to find Element By {by.toString()})
2024-04-17 19:44:46,864 [main] INFO  base.BaseClass - Found Element By {by.toString()}
2024-04-17 19:44:47,386 [main] INFO  base.BaseClass - Trying to find Element By {by.toString()})
2024-04-17 19:44:47,416 [main] INFO  base.BaseClass - Found Element By {by.toString()}
2024-04-17 19:44:47,965 [main] INFO  base.BaseClass - Trying to find Element By {by.toString()})
2024-04-17 19:44:47,980 [main] INFO  base.BaseClass - Found Element By {by.toString()}
2024-04-17 19:44:48,517 [main] INFO  base.BaseClass - Trying to find Element By {by.toString()})
2024-04-17 19:44:48,531 [main] INFO  base.BaseClass - Found Element By {by.toString()}
2024-04-17 19:44:49,053 [main] INFO  base.BaseClass - Trying to find Element By {by.toString()})
2024-04-17 19:44:49,080 [main] INFO  base.BaseClass - Found Element By {by.toString()}
2024-04-17 19:44:49,630 [main] INFO  base.BaseClass - Trying to find Element By {by.toString()})
2024-04-17 19:44:49,661 [main] INFO  base.BaseClass - Found Element By {by.toString()}
2024-04-17 19:44:50,211 [main] INFO  base.BaseClass - Trying to find Element By {by.toString()})
2024-04-17 19:44:50,241 [main] INFO  base.BaseClass - Found Element By {by.toString()}
2024-04-17 19:44:50,791 [main] INFO  base.BaseClass - Trying to find Element By {by.toString()})
2024-04-17 19:44:50,821 [main] INFO  base.BaseClass - Found Element By {by.toString()}
2024-04-17 19:44:51,371 [main] INFO  base.BaseClass - Trying to find Element By {by.toString()})
2024-04-17 19:44:51,382 [main] INFO  base.BaseClass - Found Element By {by.toString()}
2024-04-17 19:44:51,903 [main] INFO  base.BaseClass - Trying to find Element By {by.toString()})
2024-04-17 19:44:51,934 [main] INFO  base.BaseClass - Found Element By {by.toString()}
2024-04-17 19:44:52,478 [main] INFO  base.BaseClass - Trying to find Element By {by.toString()})
2024-04-17 19:44:52,511 [main] INFO  base.BaseClass - Found Element By {by.toString()}
TimeoutException occurred: Expected condition failed: waiting for helper.WaitUtility$5@6f2c8e92 (tried for 30 second(s) with 500 milliseconds interval)
Build info: version: '3.141.59', revision: 'e82be7d358', time: '2018-11-14T08:17:03'
System info: host: 'DPLAP166', ip: '137.237.2.236', os.name: 'Windows 10', os.arch: 'amd64', os.version: '10.0', java.version: '19.0.1'
Driver info: org.openqa.selenium.support.events.EventFiringWebDriver
Capabilities {acceptInsecureCerts: true, browserName: chrome, browserVersion: 123.0.6312.123, chrome: {chromedriverVersion: 123.0.6312.122 (31f8248cdd9..., userDataDir: C:\Users\dP-PL\AppData\Loca...}, fedcm:accounts: true, goog:chromeOptions: {debuggerAddress: localhost:51256}, javascriptEnabled: true, networkConnectionEnabled: false, pageLoadStrategy: normal, platform: WINDOWS, platformName: WINDOWS, proxy: Proxy(), setWindowRect: true, strictFileInteractability: false, timeouts: {implicit: 0, pageLoad: 300000, script: 30000}, unhandledPromptBehavior: dismiss and notify, webauthn:extension:credBlob: true, webauthn:extension:largeBlob: true, webauthn:extension:minPinLength: true, webauthn:extension:prf: true, webauthn:virtualAuthenticators: true}
Session ID: a59c4df4811f82049fe754efe723d3c1
2024-04-17 19:44:52,547 [main] ERROR RotationCopy_test - Element did not become visible within the specified time: Expected condition failed: waiting for helper.WaitUtility$5@6f2c8e92 (tried for 30 second(s) with 500 milliseconds interval)
Build info: version: '3.141.59', revision: 'e82be7d358', time: '2018-11-14T08:17:03'
System info: host: 'DPLAP166', ip: '137.237.2.236', os.name: 'Windows 10', os.arch: 'amd64', os.version: '10.0', java.version: '19.0.1'
Driver info: org.openqa.selenium.support.events.EventFiringWebDriver
Capabilities {acceptInsecureCerts: true, browserName: chrome, browserVersion: 123.0.6312.123, chrome: {chromedriverVersion: 123.0.6312.122 (31f8248cdd9..., userDataDir: C:\Users\dP-PL\AppData\Loca...}, fedcm:accounts: true, goog:chromeOptions: {debuggerAddress: localhost:51256}, javascriptEnabled: true, networkConnectionEnabled: false, pageLoadStrategy: normal, platform: WINDOWS, platformName: WINDOWS, proxy: Proxy(), setWindowRect: true, strictFileInteractability: false, timeouts: {implicit: 0, pageLoad: 300000, script: 30000}, unhandledPromptBehavior: dismiss and notify, webauthn:extension:credBlob: true, webauthn:extension:largeBlob: true, webauthn:extension:minPinLength: true, webauthn:extension:prf: true, webauthn:virtualAuthenticators: true}
Session ID: a59c4df4811f82049fe754efe723d3c1
2024-04-17 19:44:52,547 [main] INFO  base.BaseClass - Trying to find Element By {by.toString()})
2024-04-17 19:44:52,563 [main] INFO  base.BaseClass - Found Element By {by.toString()}
2024-04-17 19:44:52,563 [main] INFO  base.BaseClass - Trying to click on: {element.toString()}
2024-04-17 19:44:52,674 [main] INFO  base.BaseClass - Clicked on: {element.toString()}
2024-04-17 19:44:52,680 [main] INFO  base.BaseClass - Trying to find Element By {by.toString()})
2024-04-17 19:44:52,689 [main] INFO  base.BaseClass - Found Element By {by.toString()}
2024-04-17 19:44:53,207 [main] INFO  base.BaseClass - Trying to find Element By {by.toString()})
2024-04-17 19:44:53,228 [main] INFO  base.BaseClass - Found Element By {by.toString()}
2024-04-17 19:44:53,767 [main] INFO  base.BaseClass - Trying to find Element By {by.toString()})
2024-04-17 19:44:53,794 [main] INFO  base.BaseClass - Found Element By {by.toString()}
2024-04-17 19:44:54,344 [main] INFO  base.BaseClass - Trying to find Element By {by.toString()})
2024-04-17 19:44:54,367 [main] INFO  base.BaseClass - Found Element By {by.toString()}
2024-04-17 19:44:54,891 [main] INFO  base.BaseClass - Trying to find Element By {by.toString()})
2024-04-17 19:44:54,924 [main] INFO  base.BaseClass - Found Element By {by.toString()}
2024-04-17 19:44:55,474 [main] INFO  base.BaseClass - Trying to find Element By {by.toString()})
2024-04-17 19:44:55,496 [main] INFO  base.BaseClass - Found Element By {by.toString()}
2024-04-17 19:44:56,019 [main] INFO  base.BaseClass - Trying to find Element By {by.toString()})
2024-04-17 19:44:56,030 [main] INFO  base.BaseClass - Found Element By {by.toString()}
2024-04-17 19:44:56,548 [main] INFO  base.BaseClass - Trying to find Element By {by.toString()})
2024-04-17 19:44:56,582 [main] INFO  base.BaseClass - Found Element By {by.toString()}
2024-04-17 19:44:57,115 [main] INFO  base.BaseClass - Trying to find Element By {by.toString()})
2024-04-17 19:44:57,146 [main] INFO  base.BaseClass - Found Element By {by.toString()}
2024-04-17 19:44:57,691 [main] INFO  base.BaseClass - Trying to find Element By {by.toString()})
2024-04-17 19:44:57,722 [main] INFO  base.BaseClass - Found Element By {by.toString()}
2024-04-17 19:44:58,267 [main] INFO  base.BaseClass - Trying to find Element By {by.toString()})
2024-04-17 19:44:58,298 [main] INFO  base.BaseClass - Found Element By {by.toString()}
2024-04-17 19:44:58,846 [main] INFO  base.BaseClass - Trying to find Element By {by.toString()})
2024-04-17 19:44:58,880 [main] INFO  base.BaseClass - Found Element By {by.toString()}
2024-04-17 19:44:59,425 [main] INFO  base.BaseClass - Trying to find Element By {by.toString()})
2024-04-17 19:44:59,456 [main] INFO  base.BaseClass - Found Element By {by.toString()}
2024-04-17 19:44:59,986 [main] INFO  base.BaseClass - Trying to find Element By {by.toString()})
2024-04-17 19:45:00,014 [main] INFO  base.BaseClass - Found Element By {by.toString()}
2024-04-17 19:45:00,548 [main] INFO  base.BaseClass - Trying to find Element By {by.toString()})
2024-04-17 19:45:00,570 [main] INFO  base.BaseClass - Found Element By {by.toString()}
2024-04-17 19:45:01,094 [main] INFO  base.BaseClass - Trying to find Element By {by.toString()})
2024-04-17 19:45:01,126 [main] INFO  base.BaseClass - Found Element By {by.toString()}
2024-04-17 19:45:01,670 [main] INFO  base.BaseClass - Trying to find Element By {by.toString()})
2024-04-17 19:45:01,697 [main] INFO  base.BaseClass - Found Element By {by.toString()}
2024-04-17 19:45:02,249 [main] INFO  base.BaseClass - Trying to find Element By {by.toString()})
2024-04-17 19:45:02,278 [main] INFO  base.BaseClass - Found Element By {by.toString()}
2024-04-17 19:45:02,827 [main] INFO  base.BaseClass - Trying to find Element By {by.toString()})
2024-04-17 19:45:02,859 [main] INFO  base.BaseClass - Found Element By {by.toString()}
2024-04-17 19:45:03,405 [main] INFO  base.BaseClass - Trying to find Element By {by.toString()})
2024-04-17 19:45:03,436 [main] INFO  base.BaseClass - Found Element By {by.toString()}
2024-04-17 19:45:03,963 [main] INFO  base.BaseClass - Trying to find Element By {by.toString()})
2024-04-17 19:45:03,993 [main] INFO  base.BaseClass - Found Element By {by.toString()}
2024-04-17 19:45:04,526 [main] INFO  base.BaseClass - Trying to find Element By {by.toString()})
2024-04-17 19:45:04,559 [main] INFO  base.BaseClass - Found Element By {by.toString()}
2024-04-17 19:45:05,103 [main] INFO  base.BaseClass - Trying to find Element By {by.toString()})
2024-04-17 19:45:05,137 [main] INFO  base.BaseClass - Found Element By {by.toString()}
2024-04-17 19:45:05,681 [main] INFO  base.BaseClass - Trying to find Element By {by.toString()})
2024-04-17 19:45:05,697 [main] INFO  base.BaseClass - Found Element By {by.toString()}
2024-04-17 19:45:06,240 [main] INFO  base.BaseClass - Trying to find Element By {by.toString()})
2024-04-17 19:45:06,272 [main] INFO  base.BaseClass - Found Element By {by.toString()}
2024-04-17 19:45:06,806 [main] INFO  base.BaseClass - Trying to find Element By {by.toString()})
2024-04-17 19:45:06,837 [main] INFO  base.BaseClass - Found Element By {by.toString()}
2024-04-17 19:45:07,369 [main] INFO  base.BaseClass - Trying to find Element By {by.toString()})
2024-04-17 19:45:07,401 [main] INFO  base.BaseClass - Found Element By {by.toString()}
2024-04-17 19:45:07,947 [main] INFO  base.BaseClass - Trying to find Element By {by.toString()})
2024-04-17 19:45:07,977 [main] INFO  base.BaseClass - Found Element By {by.toString()}
2024-04-17 19:45:08,523 [main] INFO  base.BaseClass - Trying to find Element By {by.toString()})
2024-04-17 19:45:08,553 [main] INFO  base.BaseClass - Found Element By {by.toString()}
2024-04-17 19:45:09,100 [main] INFO  base.BaseClass - Trying to find Element By {by.toString()})
2024-04-17 19:45:09,130 [main] INFO  base.BaseClass - Found Element By {by.toString()}
2024-04-17 19:45:09,679 [main] INFO  base.BaseClass - Trying to find Element By {by.toString()})
2024-04-17 19:45:09,710 [main] INFO  base.BaseClass - Found Element By {by.toString()}
2024-04-17 19:45:10,241 [main] INFO  base.BaseClass - Trying to find Element By {by.toString()})
2024-04-17 19:45:10,271 [main] INFO  base.BaseClass - Found Element By {by.toString()}
2024-04-17 19:45:10,820 [main] INFO  base.BaseClass - Trying to find Element By {by.toString()})
2024-04-17 19:45:10,849 [main] INFO  base.BaseClass - Found Element By {by.toString()}
2024-04-17 19:45:11,385 [main] INFO  base.BaseClass - Trying to find Element By {by.toString()})
2024-04-17 19:45:11,414 [main] INFO  base.BaseClass - Found Element By {by.toString()}
2024-04-17 19:45:11,964 [main] INFO  base.BaseClass - Trying to find Element By {by.toString()})
2024-04-17 19:45:11,992 [main] INFO  base.BaseClass - Found Element By {by.toString()}
2024-04-17 19:45:12,543 [main] INFO  base.BaseClass - Trying to find Element By {by.toString()})
2024-04-17 19:45:12,572 [main] INFO  base.BaseClass - Found Element By {by.toString()}
2024-04-17 19:45:13,103 [main] INFO  base.BaseClass - Trying to find Element By {by.toString()})
2024-04-17 19:45:13,129 [main] INFO  base.BaseClass - Found Element By {by.toString()}
2024-04-17 19:45:13,664 [main] INFO  base.BaseClass - Trying to find Element By {by.toString()})
2024-04-17 19:45:13,693 [main] INFO  base.BaseClass - Found Element By {by.toString()}
2024-04-17 19:45:14,244 [main] INFO  base.BaseClass - Trying to find Element By {by.toString()})
2024-04-17 19:45:14,273 [main] INFO  base.BaseClass - Found Element By {by.toString()}
2024-04-17 19:45:14,822 [main] INFO  base.BaseClass - Trying to find Element By {by.toString()})
2024-04-17 19:45:14,850 [main] INFO  base.BaseClass - Found Element By {by.toString()}
2024-04-17 19:45:15,398 [main] INFO  base.BaseClass - Trying to find Element By {by.toString()})
2024-04-17 19:45:15,427 [main] INFO  base.BaseClass - Found Element By {by.toString()}
2024-04-17 19:45:15,965 [main] INFO  base.BaseClass - Trying to find Element By {by.toString()})
2024-04-17 19:45:15,994 [main] INFO  base.BaseClass - Found Element By {by.toString()}
2024-04-17 19:45:16,546 [main] INFO  base.BaseClass - Trying to find Element By {by.toString()})
2024-04-17 19:45:16,575 [main] INFO  base.BaseClass - Found Element By {by.toString()}
2024-04-17 19:45:17,125 [main] INFO  base.BaseClass - Trying to find Element By {by.toString()})
2024-04-17 19:45:17,154 [main] INFO  base.BaseClass - Found Element By {by.toString()}
2024-04-17 19:45:17,705 [main] INFO  base.BaseClass - Trying to find Element By {by.toString()})
2024-04-17 19:45:17,724 [main] INFO  base.BaseClass - Found Element By {by.toString()}
2024-04-17 19:45:18,252 [main] INFO  base.BaseClass - Trying to find Element By {by.toString()})
2024-04-17 19:45:18,282 [main] INFO  base.BaseClass - Found Element By {by.toString()}
2024-04-17 19:45:18,830 [main] INFO  base.BaseClass - Trying to find Element By {by.toString()})
2024-04-17 19:45:18,860 [main] INFO  base.BaseClass - Found Element By {by.toString()}
2024-04-17 19:45:19,406 [main] INFO  base.BaseClass - Trying to find Element By {by.toString()})
2024-04-17 19:45:19,433 [main] INFO  base.BaseClass - Found Element By {by.toString()}
2024-04-17 19:45:19,973 [main] INFO  base.BaseClass - Trying to find Element By {by.toString()})
2024-04-17 19:45:20,001 [main] INFO  base.BaseClass - Found Element By {by.toString()}
2024-04-17 19:45:20,537 [main] INFO  base.BaseClass - Trying to find Element By {by.toString()})
2024-04-17 19:45:20,564 [main] INFO  base.BaseClass - Found Element By {by.toString()}
2024-04-17 19:45:21,117 [main] INFO  base.BaseClass - Trying to find Element By {by.toString()})
2024-04-17 19:45:21,146 [main] INFO  base.BaseClass - Found Element By {by.toString()}
2024-04-17 19:45:21,680 [main] INFO  base.BaseClass - Trying to find Element By {by.toString()})
2024-04-17 19:45:21,708 [main] INFO  base.BaseClass - Found Element By {by.toString()}
2024-04-17 19:45:22,242 [main] INFO  base.BaseClass - Trying to find Element By {by.toString()})
2024-04-17 19:45:22,253 [main] INFO  base.BaseClass - Found Element By {by.toString()}
2024-04-17 19:45:22,774 [main] INFO  base.BaseClass - Trying to find Element By {by.toString()})
2024-04-17 19:45:22,802 [main] INFO  base.BaseClass - Found Element By {by.toString()}
TimeoutException occurred: Expected condition failed: waiting for helper.WaitUtility$5@512f23b2 (tried for 30 second(s) with 500 milliseconds interval)
Build info: version: '3.141.59', revision: 'e82be7d358', time: '2018-11-14T08:17:03'
System info: host: 'DPLAP166', ip: '137.237.2.236', os.name: 'Windows 10', os.arch: 'amd64', os.version: '10.0', java.version: '19.0.1'
Driver info: org.openqa.selenium.support.events.EventFiringWebDriver
Capabilities {acceptInsecureCerts: true, browserName: chrome, browserVersion: 123.0.6312.123, chrome: {chromedriverVersion: 123.0.6312.122 (31f8248cdd9..., userDataDir: C:\Users\dP-PL\AppData\Loca...}, fedcm:accounts: true, goog:chromeOptions: {debuggerAddress: localhost:51256}, javascriptEnabled: true, networkConnectionEnabled: false, pageLoadStrategy: normal, platform: WINDOWS, platformName: WINDOWS, proxy: Proxy(), setWindowRect: true, strictFileInteractability: false, timeouts: {implicit: 0, pageLoad: 300000, script: 30000}, unhandledPromptBehavior: dismiss and notify, webauthn:extension:credBlob: true, webauthn:extension:largeBlob: true, webauthn:extension:minPinLength: true, webauthn:extension:prf: true, webauthn:virtualAuthenticators: true}
Session ID: a59c4df4811f82049fe754efe723d3c1
2024-04-17 19:45:22,825 [main] ERROR RotationCopy_test - Element did not become visible within the specified time: Expected condition failed: waiting for helper.WaitUtility$5@512f23b2 (tried for 30 second(s) with 500 milliseconds interval)
Build info: version: '3.141.59', revision: 'e82be7d358', time: '2018-11-14T08:17:03'
System info: host: 'DPLAP166', ip: '137.237.2.236', os.name: 'Windows 10', os.arch: 'amd64', os.version: '10.0', java.version: '19.0.1'
Driver info: org.openqa.selenium.support.events.EventFiringWebDriver
Capabilities {acceptInsecureCerts: true, browserName: chrome, browserVersion: 123.0.6312.123, chrome: {chromedriverVersion: 123.0.6312.122 (31f8248cdd9..., userDataDir: C:\Users\dP-PL\AppData\Loca...}, fedcm:accounts: true, goog:chromeOptions: {debuggerAddress: localhost:51256}, javascriptEnabled: true, networkConnectionEnabled: false, pageLoadStrategy: normal, platform: WINDOWS, platformName: WINDOWS, proxy: Proxy(), setWindowRect: true, strictFileInteractability: false, timeouts: {implicit: 0, pageLoad: 300000, script: 30000}, unhandledPromptBehavior: dismiss and notify, webauthn:extension:credBlob: true, webauthn:extension:largeBlob: true, webauthn:extension:minPinLength: true, webauthn:extension:prf: true, webauthn:virtualAuthenticators: true}
Session ID: a59c4df4811f82049fe754efe723d3c1
2024-04-17 19:45:22,825 [main] INFO  base.BaseClass - Trying to find Element By {by.toString()})
2024-04-17 19:45:22,834 [main] INFO  base.BaseClass - Found Element By {by.toString()}
2024-04-17 19:45:22,834 [main] INFO  base.BaseClass - Trying to click on: {element.toString()}
2024-04-17 19:45:22,866 [main] INFO  base.BaseClass - Clicked on: {element.toString()}
2024-04-17 19:45:22,872 [main] INFO  base.BaseClass - Trying to find Element By {by.toString()})
2024-04-17 19:45:22,881 [main] INFO  base.BaseClass - Found Element By {by.toString()}
2024-04-17 19:45:23,401 [main] INFO  base.BaseClass - Trying to find Element By {by.toString()})
2024-04-17 19:45:23,805 [main] INFO  base.BaseClass - Found Element By {by.toString()}
2024-04-17 19:45:24,321 [main] INFO  base.BaseClass - Trying to find Element By {by.toString()})
2024-04-17 19:45:24,354 [main] INFO  base.BaseClass - Found Element By {by.toString()}
2024-04-17 19:45:24,896 [main] INFO  base.BaseClass - Trying to find Element By {by.toString()})
2024-04-17 19:45:24,925 [main] INFO  base.BaseClass - Found Element By {by.toString()}
2024-04-17 19:45:25,475 [main] INFO  base.BaseClass - Trying to find Element By {by.toString()})
2024-04-17 19:45:25,502 [main] INFO  base.BaseClass - Found Element By {by.toString()}
2024-04-17 19:45:26,035 [main] INFO  base.BaseClass - Trying to find Element By {by.toString()})
2024-04-17 19:45:26,062 [main] INFO  base.BaseClass - Found Element By {by.toString()}
2024-04-17 19:45:26,598 [main] INFO  base.BaseClass - Trying to find Element By {by.toString()})
2024-04-17 19:45:26,627 [main] INFO  base.BaseClass - Found Element By {by.toString()}
2024-04-17 19:45:27,176 [main] INFO  base.BaseClass - Trying to find Element By {by.toString()})
2024-04-17 19:45:27,206 [main] INFO  base.BaseClass - Found Element By {by.toString()}
2024-04-17 19:45:27,757 [main] INFO  base.BaseClass - Trying to find Element By {by.toString()})
2024-04-17 19:45:27,778 [main] INFO  base.BaseClass - Found Element By {by.toString()}
2024-04-17 19:45:28,303 [main] INFO  base.BaseClass - Trying to find Element By {by.toString()})
2024-04-17 19:45:28,332 [main] INFO  base.BaseClass - Found Element By {by.toString()}
2024-04-17 19:45:28,868 [main] INFO  base.BaseClass - Trying to find Element By {by.toString()})
2024-04-17 19:45:28,891 [main] INFO  base.BaseClass - Found Element By {by.toString()}
2024-04-17 19:45:29,414 [main] INFO  base.BaseClass - Trying to find Element By {by.toString()})
2024-04-17 19:45:29,443 [main] INFO  base.BaseClass - Found Element By {by.toString()}
2024-04-17 19:45:29,994 [main] INFO  base.BaseClass - Trying to find Element By {by.toString()})
2024-04-17 19:45:30,015 [main] INFO  base.BaseClass - Found Element By {by.toString()}
2024-04-17 19:45:30,543 [main] INFO  base.BaseClass - Trying to find Element By {by.toString()})
2024-04-17 19:45:30,570 [main] INFO  base.BaseClass - Found Element By {by.toString()}
2024-04-17 19:45:31,107 [main] INFO  base.BaseClass - Trying to find Element By {by.toString()})
2024-04-17 19:45:31,137 [main] INFO  base.BaseClass - Found Element By {by.toString()}
2024-04-17 19:45:31,688 [main] INFO  base.BaseClass - Trying to find Element By {by.toString()})
2024-04-17 19:45:31,714 [main] INFO  base.BaseClass - Found Element By {by.toString()}
2024-04-17 19:45:32,251 [main] INFO  base.BaseClass - Trying to find Element By {by.toString()})
2024-04-17 19:45:32,281 [main] INFO  base.BaseClass - Found Element By {by.toString()}
2024-04-17 19:45:32,832 [main] INFO  base.BaseClass - Trying to find Element By {by.toString()})
2024-04-17 19:45:32,863 [main] INFO  base.BaseClass - Found Element By {by.toString()}
2024-04-17 19:45:33,397 [main] INFO  base.BaseClass - Trying to find Element By {by.toString()})
2024-04-17 19:45:33,425 [main] INFO  base.BaseClass - Found Element By {by.toString()}
2024-04-17 19:45:33,976 [main] INFO  base.BaseClass - Trying to find Element By {by.toString()})
2024-04-17 19:45:34,003 [main] INFO  base.BaseClass - Found Element By {by.toString()}
2024-04-17 19:45:34,554 [main] INFO  base.BaseClass - Trying to find Element By {by.toString()})
2024-04-17 19:45:34,582 [main] INFO  base.BaseClass - Found Element By {by.toString()}
2024-04-17 19:45:35,134 [main] INFO  base.BaseClass - Trying to find Element By {by.toString()})
2024-04-17 19:45:35,163 [main] INFO  base.BaseClass - Found Element By {by.toString()}
2024-04-17 19:45:35,713 [main] INFO  base.BaseClass - Trying to find Element By {by.toString()})
2024-04-17 19:45:35,742 [main] INFO  base.BaseClass - Found Element By {by.toString()}
2024-04-17 19:45:36,289 [main] INFO  base.BaseClass - Trying to find Element By {by.toString()})
2024-04-17 19:45:36,320 [main] INFO  base.BaseClass - Found Element By {by.toString()}
2024-04-17 19:45:36,854 [main] INFO  base.BaseClass - Trying to find Element By {by.toString()})
2024-04-17 19:45:36,881 [main] INFO  base.BaseClass - Found Element By {by.toString()}
2024-04-17 19:45:37,430 [main] INFO  base.BaseClass - Trying to find Element By {by.toString()})
2024-04-17 19:45:37,458 [main] INFO  base.BaseClass - Found Element By {by.toString()}
2024-04-17 19:45:38,007 [main] INFO  base.BaseClass - Trying to find Element By {by.toString()})
2024-04-17 19:45:38,036 [main] INFO  base.BaseClass - Found Element By {by.toString()}
2024-04-17 19:45:38,570 [main] INFO  base.BaseClass - Trying to find Element By {by.toString()})
2024-04-17 19:45:38,595 [main] INFO  base.BaseClass - Found Element By {by.toString()}
2024-04-17 19:45:39,136 [main] INFO  base.BaseClass - Trying to find Element By {by.toString()})
2024-04-17 19:45:39,165 [main] INFO  base.BaseClass - Found Element By {by.toString()}
2024-04-17 19:45:39,697 [main] INFO  base.BaseClass - Trying to find Element By {by.toString()})
2024-04-17 19:45:39,726 [main] INFO  base.BaseClass - Found Element By {by.toString()}
2024-04-17 19:45:40,276 [main] INFO  base.BaseClass - Trying to find Element By {by.toString()})
2024-04-17 19:45:40,305 [main] INFO  base.BaseClass - Found Element By {by.toString()}
2024-04-17 19:45:40,857 [main] INFO  base.BaseClass - Trying to find Element By {by.toString()})
2024-04-17 19:45:40,886 [main] INFO  base.BaseClass - Found Element By {by.toString()}
2024-04-17 19:45:41,436 [main] INFO  base.BaseClass - Trying to find Element By {by.toString()})
2024-04-17 19:45:41,465 [main] INFO  base.BaseClass - Found Element By {by.toString()}
2024-04-17 19:45:42,013 [main] INFO  base.BaseClass - Trying to find Element By {by.toString()})
2024-04-17 19:45:42,039 [main] INFO  base.BaseClass - Found Element By {by.toString()}
2024-04-17 19:45:42,576 [main] INFO  base.BaseClass - Trying to find Element By {by.toString()})
2024-04-17 19:45:42,606 [main] INFO  base.BaseClass - Found Element By {by.toString()}
2024-04-17 19:45:43,155 [main] INFO  base.BaseClass - Trying to find Element By {by.toString()})
2024-04-17 19:45:43,183 [main] INFO  base.BaseClass - Found Element By {by.toString()}
2024-04-17 19:45:43,724 [main] INFO  base.BaseClass - Trying to find Element By {by.toString()})
2024-04-17 19:45:43,754 [main] INFO  base.BaseClass - Found Element By {by.toString()}
2024-04-17 19:45:44,301 [main] INFO  base.BaseClass - Trying to find Element By {by.toString()})
2024-04-17 19:45:44,330 [main] INFO  base.BaseClass - Found Element By {by.toString()}
2024-04-17 19:45:44,876 [main] INFO  base.BaseClass - Trying to find Element By {by.toString()})
2024-04-17 19:45:44,901 [main] INFO  base.BaseClass - Found Element By {by.toString()}
2024-04-17 19:45:45,424 [main] INFO  base.BaseClass - Trying to find Element By {by.toString()})
2024-04-17 19:45:45,448 [main] INFO  base.BaseClass - Found Element By {by.toString()}
2024-04-17 19:45:45,971 [main] INFO  base.BaseClass - Trying to find Element By {by.toString()})
2024-04-17 19:45:46,000 [main] INFO  base.BaseClass - Found Element By {by.toString()}
2024-04-17 19:45:46,548 [main] INFO  base.BaseClass - Trying to find Element By {by.toString()})
2024-04-17 19:45:46,577 [main] INFO  base.BaseClass - Found Element By {by.toString()}
2024-04-17 19:45:47,126 [main] INFO  base.BaseClass - Trying to find Element By {by.toString()})
2024-04-17 19:45:47,155 [main] INFO  base.BaseClass - Found Element By {by.toString()}
2024-04-17 19:45:47,708 [main] INFO  base.BaseClass - Trying to find Element By {by.toString()})
2024-04-17 19:45:47,732 [main] INFO  base.BaseClass - Found Element By {by.toString()}
2024-04-17 19:45:48,272 [main] INFO  base.BaseClass - Trying to find Element By {by.toString()})
2024-04-17 19:45:48,302 [main] INFO  base.BaseClass - Found Element By {by.toString()}
2024-04-17 19:45:48,855 [main] INFO  base.BaseClass - Trying to find Element By {by.toString()})
2024-04-17 19:45:48,885 [main] INFO  base.BaseClass - Found Element By {by.toString()}
2024-04-17 19:45:49,437 [main] INFO  base.BaseClass - Trying to find Element By {by.toString()})
2024-04-17 19:45:49,457 [main] INFO  base.BaseClass - Found Element By {by.toString()}
2024-04-17 19:45:49,984 [main] INFO  base.BaseClass - Trying to find Element By {by.toString()})
2024-04-17 19:45:50,013 [main] INFO  base.BaseClass - Found Element By {by.toString()}
2024-04-17 19:45:50,547 [main] INFO  base.BaseClass - Trying to find Element By {by.toString()})
2024-04-17 19:45:50,577 [main] INFO  base.BaseClass - Found Element By {by.toString()}
2024-04-17 19:45:51,122 [main] INFO  base.BaseClass - Trying to find Element By {by.toString()})
2024-04-17 19:45:51,150 [main] INFO  base.BaseClass - Found Element By {by.toString()}
2024-04-17 19:45:51,688 [main] INFO  base.BaseClass - Trying to find Element By {by.toString()})
2024-04-17 19:45:51,717 [main] INFO  base.BaseClass - Found Element By {by.toString()}
2024-04-17 19:45:52,254 [main] INFO  base.BaseClass - Trying to find Element By {by.toString()})
2024-04-17 19:45:52,266 [main] INFO  base.BaseClass - Found Element By {by.toString()}
2024-04-17 19:45:52,780 [main] INFO  base.BaseClass - Trying to find Element By {by.toString()})
2024-04-17 19:45:52,809 [main] INFO  base.BaseClass - Found Element By {by.toString()}
2024-04-17 19:45:53,361 [main] INFO  base.BaseClass - Trying to find Element By {by.toString()})
2024-04-17 19:45:53,390 [main] INFO  base.BaseClass - Found Element By {by.toString()}
TimeoutException occurred: Expected condition failed: waiting for helper.WaitUtility$5@2657bdfc (tried for 30 second(s) with 500 milliseconds interval)
Build info: version: '3.141.59', revision: 'e82be7d358', time: '2018-11-14T08:17:03'
System info: host: 'DPLAP166', ip: '137.237.2.236', os.name: 'Windows 10', os.arch: 'amd64', os.version: '10.0', java.version: '19.0.1'
Driver info: org.openqa.selenium.support.events.EventFiringWebDriver
Capabilities {acceptInsecureCerts: true, browserName: chrome, browserVersion: 123.0.6312.123, chrome: {chromedriverVersion: 123.0.6312.122 (31f8248cdd9..., userDataDir: C:\Users\dP-PL\AppData\Loca...}, fedcm:accounts: true, goog:chromeOptions: {debuggerAddress: localhost:51256}, javascriptEnabled: true, networkConnectionEnabled: false, pageLoadStrategy: normal, platform: WINDOWS, platformName: WINDOWS, proxy: Proxy(), setWindowRect: true, strictFileInteractability: false, timeouts: {implicit: 0, pageLoad: 300000, script: 30000}, unhandledPromptBehavior: dismiss and notify, webauthn:extension:credBlob: true, webauthn:extension:largeBlob: true, webauthn:extension:minPinLength: true, webauthn:extension:prf: true, webauthn:virtualAuthenticators: true}
Session ID: a59c4df4811f82049fe754efe723d3c1
2024-04-17 19:45:53,427 [main] ERROR RotationCopy_test - Element did not become visible within the specified time: Expected condition failed: waiting for helper.WaitUtility$5@2657bdfc (tried for 30 second(s) with 500 milliseconds interval)
Build info: version: '3.141.59', revision: 'e82be7d358', time: '2018-11-14T08:17:03'
System info: host: 'DPLAP166', ip: '137.237.2.236', os.name: 'Windows 10', os.arch: 'amd64', os.version: '10.0', java.version: '19.0.1'
Driver info: org.openqa.selenium.support.events.EventFiringWebDriver
Capabilities {acceptInsecureCerts: true, browserName: chrome, browserVersion: 123.0.6312.123, chrome: {chromedriverVersion: 123.0.6312.122 (31f8248cdd9..., userDataDir: C:\Users\dP-PL\AppData\Loca...}, fedcm:accounts: true, goog:chromeOptions: {debuggerAddress: localhost:51256}, javascriptEnabled: true, networkConnectionEnabled: false, pageLoadStrategy: normal, platform: WINDOWS, platformName: WINDOWS, proxy: Proxy(), setWindowRect: true, strictFileInteractability: false, timeouts: {implicit: 0, pageLoad: 300000, script: 30000}, unhandledPromptBehavior: dismiss and notify, webauthn:extension:credBlob: true, webauthn:extension:largeBlob: true, webauthn:extension:minPinLength: true, webauthn:extension:prf: true, webauthn:virtualAuthenticators: true}
Session ID: a59c4df4811f82049fe754efe723d3c1
2024-04-17 19:45:53,427 [main] INFO  base.BaseClass - Trying to find Element By {by.toString()})
2024-04-17 19:45:53,446 [main] INFO  base.BaseClass - Found Element By {by.toString()}
2024-04-17 19:45:53,446 [main] INFO  base.BaseClass - Trying to click on: {element.toString()}
2024-04-17 19:45:53,542 [main] INFO  base.BaseClass - Clicked on: {element.toString()}
2024-04-17 19:45:53,542 [main] INFO  base.BaseClass - Trying to find Element By {by.toString()})
2024-04-17 19:45:54,404 [main] INFO  base.BaseClass - Found Element By {by.toString()}
2024-04-17 19:45:54,920 [main] INFO  base.BaseClass - Trying to find Element By {by.toString()})
2024-04-17 19:45:54,946 [main] INFO  base.BaseClass - Found Element By {by.toString()}
2024-04-17 19:45:55,483 [main] INFO  base.BaseClass - Trying to find Element By {by.toString()})
2024-04-17 19:45:55,514 [main] INFO  base.BaseClass - Found Element By {by.toString()}
2024-04-17 19:45:56,044 [main] INFO  base.BaseClass - Trying to find Element By {by.toString()})
2024-04-17 19:45:56,076 [main] INFO  base.BaseClass - Found Element By {by.toString()}
2024-04-17 19:45:56,601 [main] INFO  base.BaseClass - Trying to find Element By {by.toString()})
2024-04-17 19:45:56,634 [main] INFO  base.BaseClass - Found Element By {by.toString()}
2024-04-17 19:45:57,178 [main] INFO  base.BaseClass - Trying to find Element By {by.toString()})
2024-04-17 19:45:57,211 [main] INFO  base.BaseClass - Found Element By {by.toString()}
2024-04-17 19:45:57,758 [main] INFO  base.BaseClass - Trying to find Element By {by.toString()})
2024-04-17 19:45:57,790 [main] INFO  base.BaseClass - Found Element By {by.toString()}
2024-04-17 19:45:58,335 [main] INFO  base.BaseClass - Trying to find Element By {by.toString()})
2024-04-17 19:45:58,400 [main] INFO  base.BaseClass - Found Element By {by.toString()}
2024-04-17 19:45:58,976 [main] INFO  base.BaseClass - Trying to find Element By {by.toString()})
2024-04-17 19:45:59,009 [main] INFO  base.BaseClass - Found Element By {by.toString()}
2024-04-17 19:45:59,554 [main] INFO  base.BaseClass - Trying to find Element By {by.toString()})
2024-04-17 19:45:59,586 [main] INFO  base.BaseClass - Found Element By {by.toString()}
2024-04-17 19:46:00,135 [main] INFO  base.BaseClass - Trying to find Element By {by.toString()})
2024-04-17 19:46:00,150 [main] INFO  base.BaseClass - Found Element By {by.toString()}
2024-04-17 19:46:00,668 [main] INFO  base.BaseClass - Trying to find Element By {by.toString()})
2024-04-17 19:46:00,697 [main] INFO  base.BaseClass - Found Element By {by.toString()}
2024-04-17 19:46:01,236 [main] INFO  base.BaseClass - Trying to find Element By {by.toString()})
2024-04-17 19:46:01,265 [main] INFO  base.BaseClass - Found Element By {by.toString()}
2024-04-17 19:46:01,801 [main] INFO  base.BaseClass - Trying to find Element By {by.toString()})
2024-04-17 19:46:01,831 [main] INFO  base.BaseClass - Found Element By {by.toString()}
2024-04-17 19:46:02,384 [main] INFO  base.BaseClass - Trying to find Element By {by.toString()})
2024-04-17 19:46:02,414 [main] INFO  base.BaseClass - Found Element By {by.toString()}
2024-04-17 19:46:02,960 [main] INFO  base.BaseClass - Trying to find Element By {by.toString()})
2024-04-17 19:46:02,991 [main] INFO  base.BaseClass - Found Element By {by.toString()}
2024-04-17 19:46:03,536 [main] INFO  base.BaseClass - Trying to find Element By {by.toString()})
2024-04-17 19:46:03,568 [main] INFO  base.BaseClass - Found Element By {by.toString()}
2024-04-17 19:46:04,098 [main] INFO  base.BaseClass - Trying to find Element By {by.toString()})
2024-04-17 19:46:04,129 [main] INFO  base.BaseClass - Found Element By {by.toString()}
2024-04-17 19:46:04,663 [main] INFO  base.BaseClass - Trying to find Element By {by.toString()})
2024-04-17 19:46:04,692 [main] INFO  base.BaseClass - Found Element By {by.toString()}
2024-04-17 19:46:05,243 [main] INFO  base.BaseClass - Trying to find Element By {by.toString()})
2024-04-17 19:46:05,274 [main] INFO  base.BaseClass - Found Element By {by.toString()}
2024-04-17 19:46:05,819 [main] INFO  base.BaseClass - Trying to find Element By {by.toString()})
2024-04-17 19:46:05,847 [main] INFO  base.BaseClass - Found Element By {by.toString()}
2024-04-17 19:46:06,381 [main] INFO  base.BaseClass - Trying to find Element By {by.toString()})
2024-04-17 19:46:06,411 [main] INFO  base.BaseClass - Found Element By {by.toString()}
2024-04-17 19:46:06,961 [main] INFO  base.BaseClass - Trying to find Element By {by.toString()})
2024-04-17 19:46:06,993 [main] INFO  base.BaseClass - Found Element By {by.toString()}
2024-04-17 19:46:07,538 [main] INFO  base.BaseClass - Trying to find Element By {by.toString()})
2024-04-17 19:46:07,569 [main] INFO  base.BaseClass - Found Element By {by.toString()}
2024-04-17 19:46:08,117 [main] INFO  base.BaseClass - Trying to find Element By {by.toString()})
2024-04-17 19:46:08,149 [main] INFO  base.BaseClass - Found Element By {by.toString()}
2024-04-17 19:46:08,680 [main] INFO  base.BaseClass - Trying to find Element By {by.toString()})
2024-04-17 19:46:08,711 [main] INFO  base.BaseClass - Found Element By {by.toString()}
2024-04-17 19:46:09,259 [main] INFO  base.BaseClass - Trying to find Element By {by.toString()})
2024-04-17 19:46:09,291 [main] INFO  base.BaseClass - Found Element By {by.toString()}
2024-04-17 19:46:09,834 [main] INFO  base.BaseClass - Trying to find Element By {by.toString()})
2024-04-17 19:46:09,866 [main] INFO  base.BaseClass - Found Element By {by.toString()}
2024-04-17 19:46:10,397 [main] INFO  base.BaseClass - Trying to find Element By {by.toString()})
2024-04-17 19:46:10,421 [main] INFO  base.BaseClass - Found Element By {by.toString()}
2024-04-17 19:46:10,973 [main] INFO  base.BaseClass - Trying to find Element By {by.toString()})
2024-04-17 19:46:11,005 [main] INFO  base.BaseClass - Found Element By {by.toString()}
2024-04-17 19:46:11,553 [main] INFO  base.BaseClass - Trying to find Element By {by.toString()})
2024-04-17 19:46:11,571 [main] INFO  base.BaseClass - Found Element By {by.toString()}
2024-04-17 19:46:12,098 [main] INFO  base.BaseClass - Trying to find Element By {by.toString()})
2024-04-17 19:46:12,129 [main] INFO  base.BaseClass - Found Element By {by.toString()}
2024-04-17 19:46:12,676 [main] INFO  base.BaseClass - Trying to find Element By {by.toString()})
2024-04-17 19:46:12,707 [main] INFO  base.BaseClass - Found Element By {by.toString()}
2024-04-17 19:46:13,267 [main] INFO  base.BaseClass - Trying to find Element By {by.toString()})
2024-04-17 19:46:13,298 [main] INFO  base.BaseClass - Found Element By {by.toString()}
2024-04-17 19:46:13,846 [main] INFO  base.BaseClass - Trying to find Element By {by.toString()})
2024-04-17 19:46:13,877 [main] INFO  base.BaseClass - Found Element By {by.toString()}
2024-04-17 19:46:14,425 [main] INFO  base.BaseClass - Trying to find Element By {by.toString()})
2024-04-17 19:46:14,458 [main] INFO  base.BaseClass - Found Element By {by.toString()}
2024-04-17 19:46:15,005 [main] INFO  base.BaseClass - Trying to find Element By {by.toString()})
2024-04-17 19:46:15,024 [main] INFO  base.BaseClass - Found Element By {by.toString()}
2024-04-17 19:46:15,554 [main] INFO  base.BaseClass - Trying to find Element By {by.toString()})
2024-04-17 19:46:15,565 [main] INFO  base.BaseClass - Found Element By {by.toString()}
2024-04-17 19:46:16,086 [main] INFO  base.BaseClass - Trying to find Element By {by.toString()})
2024-04-17 19:46:16,117 [main] INFO  base.BaseClass - Found Element By {by.toString()}
2024-04-17 19:46:16,664 [main] INFO  base.BaseClass - Trying to find Element By {by.toString()})
2024-04-17 19:46:16,696 [main] INFO  base.BaseClass - Found Element By {by.toString()}
2024-04-17 19:46:17,242 [main] INFO  base.BaseClass - Trying to find Element By {by.toString()})
2024-04-17 19:46:17,265 [main] INFO  base.BaseClass - Found Element By {by.toString()}
2024-04-17 19:46:17,790 [main] INFO  base.BaseClass - Trying to find Element By {by.toString()})
2024-04-17 19:46:17,822 [main] INFO  base.BaseClass - Found Element By {by.toString()}
2024-04-17 19:46:18,369 [main] INFO  base.BaseClass - Trying to find Element By {by.toString()})
2024-04-17 19:46:18,399 [main] INFO  base.BaseClass - Found Element By {by.toString()}
2024-04-17 19:46:18,948 [main] INFO  base.BaseClass - Trying to find Element By {by.toString()})
2024-04-17 19:46:18,978 [main] INFO  base.BaseClass - Found Element By {by.toString()}
2024-04-17 19:46:19,527 [main] INFO  base.BaseClass - Trying to find Element By {by.toString()})
2024-04-17 19:46:19,554 [main] INFO  base.BaseClass - Found Element By {by.toString()}
2024-04-17 19:46:20,088 [main] INFO  base.BaseClass - Trying to find Element By {by.toString()})
2024-04-17 19:46:20,119 [main] INFO  base.BaseClass - Found Element By {by.toString()}
2024-04-17 19:46:20,669 [main] INFO  base.BaseClass - Trying to find Element By {by.toString()})
2024-04-17 19:46:20,701 [main] INFO  base.BaseClass - Found Element By {by.toString()}
2024-04-17 19:46:21,235 [main] INFO  base.BaseClass - Trying to find Element By {by.toString()})
2024-04-17 19:46:21,265 [main] INFO  base.BaseClass - Found Element By {by.toString()}
2024-04-17 19:46:21,797 [main] INFO  base.BaseClass - Trying to find Element By {by.toString()})
2024-04-17 19:46:21,829 [main] INFO  base.BaseClass - Found Element By {by.toString()}
2024-04-17 19:46:22,375 [main] INFO  base.BaseClass - Trying to find Element By {by.toString()})
2024-04-17 19:46:22,405 [main] INFO  base.BaseClass - Found Element By {by.toString()}
2024-04-17 19:46:22,936 [main] INFO  base.BaseClass - Trying to find Element By {by.toString()})
2024-04-17 19:46:22,954 [main] INFO  base.BaseClass - Found Element By {by.toString()}
2024-04-17 19:46:23,485 [main] INFO  base.BaseClass - Trying to find Element By {by.toString()})
2024-04-17 19:46:23,517 [main] INFO  base.BaseClass - Found Element By {by.toString()}
TimeoutException occurred: Expected condition failed: waiting for helper.WaitUtility$5@39d8e482 (tried for 30 second(s) with 500 milliseconds interval)
Build info: version: '3.141.59', revision: 'e82be7d358', time: '2018-11-14T08:17:03'
System info: host: 'DPLAP166', ip: '137.237.2.236', os.name: 'Windows 10', os.arch: 'amd64', os.version: '10.0', java.version: '19.0.1'
Driver info: org.openqa.selenium.support.events.EventFiringWebDriver
Capabilities {acceptInsecureCerts: true, browserName: chrome, browserVersion: 123.0.6312.123, chrome: {chromedriverVersion: 123.0.6312.122 (31f8248cdd9..., userDataDir: C:\Users\dP-PL\AppData\Loca...}, fedcm:accounts: true, goog:chromeOptions: {debuggerAddress: localhost:51256}, javascriptEnabled: true, networkConnectionEnabled: false, pageLoadStrategy: normal, platform: WINDOWS, platformName: WINDOWS, proxy: Proxy(), setWindowRect: true, strictFileInteractability: false, timeouts: {implicit: 0, pageLoad: 300000, script: 30000}, unhandledPromptBehavior: dismiss and notify, webauthn:extension:credBlob: true, webauthn:extension:largeBlob: true, webauthn:extension:minPinLength: true, webauthn:extension:prf: true, webauthn:virtualAuthenticators: true}
Session ID: a59c4df4811f82049fe754efe723d3c1
2024-04-17 19:46:23,545 [main] ERROR RotationCopy_test - Element did not become visible within the specified time: Expected condition failed: waiting for helper.WaitUtility$5@39d8e482 (tried for 30 second(s) with 500 milliseconds interval)
Build info: version: '3.141.59', revision: 'e82be7d358', time: '2018-11-14T08:17:03'
System info: host: 'DPLAP166', ip: '137.237.2.236', os.name: 'Windows 10', os.arch: 'amd64', os.version: '10.0', java.version: '19.0.1'
Driver info: org.openqa.selenium.support.events.EventFiringWebDriver
Capabilities {acceptInsecureCerts: true, browserName: chrome, browserVersion: 123.0.6312.123, chrome: {chromedriverVersion: 123.0.6312.122 (31f8248cdd9..., userDataDir: C:\Users\dP-PL\AppData\Loca...}, fedcm:accounts: true, goog:chromeOptions: {debuggerAddress: localhost:51256}, javascriptEnabled: true, networkConnectionEnabled: false, pageLoadStrategy: normal, platform: WINDOWS, platformName: WINDOWS, proxy: Proxy(), setWindowRect: true, strictFileInteractability: false, timeouts: {implicit: 0, pageLoad: 300000, script: 30000}, unhandledPromptBehavior: dismiss and notify, webauthn:extension:credBlob: true, webauthn:extension:largeBlob: true, webauthn:extension:minPinLength: true, webauthn:extension:prf: true, webauthn:virtualAuthenticators: true}
Session ID: a59c4df4811f82049fe754efe723d3c1
2024-04-17 19:46:23,545 [main] INFO  base.BaseClass - Trying to find Element By {by.toString()})
2024-04-17 19:46:23,558 [main] INFO  base.BaseClass - Found Element By {by.toString()}
2024-04-17 19:46:23,559 [main] INFO  base.BaseClass - Trying to click on: {element.toString()}
2024-04-17 19:46:23,600 [main] INFO  base.BaseClass - Clicked on: {element.toString()}
2024-04-17 19:46:23,600 [main] INFO  base.BaseClass - Trying to find Element By {by.toString()})
2024-04-17 19:46:23,635 [main] INFO  base.BaseClass - Found Element By {by.toString()}
2024-04-17 19:46:24,204 [main] INFO  base.BaseClass - Trying to find Element By {by.toString()})
2024-04-17 19:46:24,237 [main] INFO  base.BaseClass - Found Element By {by.toString()}
2024-04-17 19:46:24,764 [main] INFO  base.BaseClass - Trying to find Element By {by.toString()})
2024-04-17 19:46:24,796 [main] INFO  base.BaseClass - Found Element By {by.toString()}
2024-04-17 19:46:25,342 [main] INFO  base.BaseClass - Trying to find Element By {by.toString()})
2024-04-17 19:46:25,373 [main] INFO  base.BaseClass - Found Element By {by.toString()}
2024-04-17 19:46:25,920 [main] INFO  base.BaseClass - Trying to find Element By {by.toString()})
2024-04-17 19:46:25,950 [main] INFO  base.BaseClass - Found Element By {by.toString()}
2024-04-17 19:46:26,500 [main] INFO  base.BaseClass - Trying to find Element By {by.toString()})
2024-04-17 19:46:26,530 [main] INFO  base.BaseClass - Found Element By {by.toString()}
2024-04-17 19:46:27,067 [main] INFO  base.BaseClass - Trying to find Element By {by.toString()})
2024-04-17 19:46:27,096 [main] INFO  base.BaseClass - Found Element By {by.toString()}
2024-04-17 19:46:27,647 [main] INFO  base.BaseClass - Trying to find Element By {by.toString()})
2024-04-17 19:46:27,677 [main] INFO  base.BaseClass - Found Element By {by.toString()}
2024-04-17 19:46:28,228 [main] INFO  base.BaseClass - Trying to find Element By {by.toString()})
2024-04-17 19:46:28,285 [main] INFO  base.BaseClass - Found Element By {by.toString()}
2024-04-17 19:46:28,810 [main] INFO  base.BaseClass - Trying to find Element By {by.toString()})
2024-04-17 19:46:28,842 [main] INFO  base.BaseClass - Found Element By {by.toString()}
2024-04-17 19:46:29,389 [main] INFO  base.BaseClass - Trying to find Element By {by.toString()})
2024-04-17 19:46:29,414 [main] INFO  base.BaseClass - Found Element By {by.toString()}
2024-04-17 19:46:29,938 [main] INFO  base.BaseClass - Trying to find Element By {by.toString()})
2024-04-17 19:46:29,972 [main] INFO  base.BaseClass - Found Element By {by.toString()}
2024-04-17 19:46:30,530 [main] INFO  base.BaseClass - Trying to find Element By {by.toString()})
2024-04-17 19:46:30,563 [main] INFO  base.BaseClass - Found Element By {by.toString()}
2024-04-17 19:46:31,089 [main] INFO  base.BaseClass - Trying to find Element By {by.toString()})
2024-04-17 19:46:31,119 [main] INFO  base.BaseClass - Found Element By {by.toString()}
2024-04-17 19:46:31,667 [main] INFO  base.BaseClass - Trying to find Element By {by.toString()})
2024-04-17 19:46:31,697 [main] INFO  base.BaseClass - Found Element By {by.toString()}
2024-04-17 19:46:32,246 [main] INFO  base.BaseClass - Trying to find Element By {by.toString()})
2024-04-17 19:46:32,267 [main] INFO  base.BaseClass - Found Element By {by.toString()}
2024-04-17 19:46:32,792 [main] INFO  base.BaseClass - Trying to find Element By {by.toString()})
2024-04-17 19:46:32,823 [main] INFO  base.BaseClass - Found Element By {by.toString()}
2024-04-17 19:46:33,370 [main] INFO  base.BaseClass - Trying to find Element By {by.toString()})
2024-04-17 19:46:33,390 [main] INFO  base.BaseClass - Found Element By {by.toString()}
2024-04-17 19:46:33,918 [main] INFO  base.BaseClass - Trying to find Element By {by.toString()})
2024-04-17 19:46:33,949 [main] INFO  base.BaseClass - Found Element By {by.toString()}
2024-04-17 19:46:34,485 [main] INFO  base.BaseClass - Trying to find Element By {by.toString()})
2024-04-17 19:46:34,515 [main] INFO  base.BaseClass - Found Element By {by.toString()}
2024-04-17 19:46:35,051 [main] INFO  base.BaseClass - Trying to find Element By {by.toString()})
2024-04-17 19:46:35,081 [main] INFO  base.BaseClass - Found Element By {by.toString()}
2024-04-17 19:46:35,629 [main] INFO  base.BaseClass - Trying to find Element By {by.toString()})
2024-04-17 19:46:35,660 [main] INFO  base.BaseClass - Found Element By {by.toString()}
2024-04-17 19:46:36,211 [main] INFO  base.BaseClass - Trying to find Element By {by.toString()})
2024-04-17 19:46:36,226 [main] INFO  base.BaseClass - Found Element By {by.toString()}
2024-04-17 19:46:36,745 [main] INFO  base.BaseClass - Trying to find Element By {by.toString()})
2024-04-17 19:46:36,772 [main] INFO  base.BaseClass - Found Element By {by.toString()}
2024-04-17 19:46:37,323 [main] INFO  base.BaseClass - Trying to find Element By {by.toString()})
2024-04-17 19:46:37,357 [main] INFO  base.BaseClass - Found Element By {by.toString()}
2024-04-17 19:46:37,900 [main] INFO  base.BaseClass - Trying to find Element By {by.toString()})
2024-04-17 19:46:37,927 [main] INFO  base.BaseClass - Found Element By {by.toString()}
2024-04-17 19:46:38,463 [main] INFO  base.BaseClass - Trying to find Element By {by.toString()})
2024-04-17 19:46:38,494 [main] INFO  base.BaseClass - Found Element By {by.toString()}
2024-04-17 19:46:39,041 [main] INFO  base.BaseClass - Trying to find Element By {by.toString()})
2024-04-17 19:46:39,071 [main] INFO  base.BaseClass - Found Element By {by.toString()}
2024-04-17 19:46:39,622 [main] INFO  base.BaseClass - Trying to find Element By {by.toString()})
2024-04-17 19:46:39,654 [main] INFO  base.BaseClass - Found Element By {by.toString()}
2024-04-17 19:46:40,196 [main] INFO  base.BaseClass - Trying to find Element By {by.toString()})
2024-04-17 19:46:40,227 [main] INFO  base.BaseClass - Found Element By {by.toString()}
2024-04-17 19:46:40,760 [main] INFO  base.BaseClass - Trying to find Element By {by.toString()})
2024-04-17 19:46:40,791 [main] INFO  base.BaseClass - Found Element By {by.toString()}
2024-04-17 19:46:41,337 [main] INFO  base.BaseClass - Trying to find Element By {by.toString()})
2024-04-17 19:46:41,369 [main] INFO  base.BaseClass - Found Element By {by.toString()}
2024-04-17 19:46:41,914 [main] INFO  base.BaseClass - Trying to find Element By {by.toString()})
2024-04-17 19:46:41,943 [main] INFO  base.BaseClass - Found Element By {by.toString()}
2024-04-17 19:46:42,493 [main] INFO  base.BaseClass - Trying to find Element By {by.toString()})
2024-04-17 19:46:42,524 [main] INFO  base.BaseClass - Found Element By {by.toString()}
2024-04-17 19:46:43,070 [main] INFO  base.BaseClass - Trying to find Element By {by.toString()})
2024-04-17 19:46:43,099 [main] INFO  base.BaseClass - Found Element By {by.toString()}
2024-04-17 19:46:43,647 [main] INFO  base.BaseClass - Trying to find Element By {by.toString()})
2024-04-17 19:46:43,677 [main] INFO  base.BaseClass - Found Element By {by.toString()}
2024-04-17 19:46:44,211 [main] INFO  base.BaseClass - Trying to find Element By {by.toString()})
2024-04-17 19:46:44,239 [main] INFO  base.BaseClass - Found Element By {by.toString()}
2024-04-17 19:46:44,788 [main] INFO  base.BaseClass - Trying to find Element By {by.toString()})
2024-04-17 19:46:44,820 [main] INFO  base.BaseClass - Found Element By {by.toString()}
2024-04-17 19:46:45,369 [main] INFO  base.BaseClass - Trying to find Element By {by.toString()})
2024-04-17 19:46:45,401 [main] INFO  base.BaseClass - Found Element By {by.toString()}
2024-04-17 19:46:45,949 [main] INFO  base.BaseClass - Trying to find Element By {by.toString()})
2024-04-17 19:46:45,980 [main] INFO  base.BaseClass - Found Element By {by.toString()}
2024-04-17 19:46:46,527 [main] INFO  base.BaseClass - Trying to find Element By {by.toString()})
2024-04-17 19:46:46,558 [main] INFO  base.BaseClass - Found Element By {by.toString()}
2024-04-17 19:46:47,104 [main] INFO  base.BaseClass - Trying to find Element By {by.toString()})
2024-04-17 19:46:47,169 [main] INFO  base.BaseClass - Found Element By {by.toString()}
2024-04-17 19:46:47,729 [main] INFO  base.BaseClass - Trying to find Element By {by.toString()})
2024-04-17 19:46:47,762 [main] INFO  base.BaseClass - Found Element By {by.toString()}
2024-04-17 19:46:48,309 [main] INFO  base.BaseClass - Trying to find Element By {by.toString()})
2024-04-17 19:46:48,342 [main] INFO  base.BaseClass - Found Element By {by.toString()}
2024-04-17 19:46:48,885 [main] INFO  base.BaseClass - Trying to find Element By {by.toString()})
2024-04-17 19:46:48,916 [main] INFO  base.BaseClass - Found Element By {by.toString()}
2024-04-17 19:46:49,462 [main] INFO  base.BaseClass - Trying to find Element By {by.toString()})
2024-04-17 19:46:49,489 [main] INFO  base.BaseClass - Found Element By {by.toString()}
2024-04-17 19:46:50,025 [main] INFO  base.BaseClass - Trying to find Element By {by.toString()})
2024-04-17 19:46:50,055 [main] INFO  base.BaseClass - Found Element By {by.toString()}
2024-04-17 19:46:50,605 [main] INFO  base.BaseClass - Trying to find Element By {by.toString()})
2024-04-17 19:46:50,637 [main] INFO  base.BaseClass - Found Element By {by.toString()}
2024-04-17 19:46:51,181 [main] INFO  base.BaseClass - Trying to find Element By {by.toString()})
2024-04-17 19:46:51,209 [main] INFO  base.BaseClass - Found Element By {by.toString()}
2024-04-17 19:46:51,758 [main] INFO  base.BaseClass - Trying to find Element By {by.toString()})
2024-04-17 19:46:51,789 [main] INFO  base.BaseClass - Found Element By {by.toString()}
2024-04-17 19:46:52,335 [main] INFO  base.BaseClass - Trying to find Element By {by.toString()})
2024-04-17 19:46:52,365 [main] INFO  base.BaseClass - Found Element By {by.toString()}
2024-04-17 19:46:52,898 [main] INFO  base.BaseClass - Trying to find Element By {by.toString()})
2024-04-17 19:46:52,929 [main] INFO  base.BaseClass - Found Element By {by.toString()}
2024-04-17 19:46:53,459 [main] INFO  base.BaseClass - Trying to find Element By {by.toString()})
2024-04-17 19:46:53,489 [main] INFO  base.BaseClass - Found Element By {by.toString()}
2024-04-17 19:46:54,023 [main] INFO  base.BaseClass - Trying to find Element By {by.toString()})
2024-04-17 19:46:54,051 [main] INFO  base.BaseClass - Found Element By {by.toString()}
TimeoutException occurred: Expected condition failed: waiting for helper.WaitUtility$5@1f99e8e7 (tried for 30 second(s) with 500 milliseconds interval)
Build info: version: '3.141.59', revision: 'e82be7d358', time: '2018-11-14T08:17:03'
System info: host: 'DPLAP166', ip: '137.237.2.236', os.name: 'Windows 10', os.arch: 'amd64', os.version: '10.0', java.version: '19.0.1'
Driver info: org.openqa.selenium.support.events.EventFiringWebDriver
Capabilities {acceptInsecureCerts: true, browserName: chrome, browserVersion: 123.0.6312.123, chrome: {chromedriverVersion: 123.0.6312.122 (31f8248cdd9..., userDataDir: C:\Users\dP-PL\AppData\Loca...}, fedcm:accounts: true, goog:chromeOptions: {debuggerAddress: localhost:51256}, javascriptEnabled: true, networkConnectionEnabled: false, pageLoadStrategy: normal, platform: WINDOWS, platformName: WINDOWS, proxy: Proxy(), setWindowRect: true, strictFileInteractability: false, timeouts: {implicit: 0, pageLoad: 300000, script: 30000}, unhandledPromptBehavior: dismiss and notify, webauthn:extension:credBlob: true, webauthn:extension:largeBlob: true, webauthn:extension:minPinLength: true, webauthn:extension:prf: true, webauthn:virtualAuthenticators: true}
Session ID: a59c4df4811f82049fe754efe723d3c1
2024-04-17 19:46:54,074 [main] ERROR RotationCopy_test - Element did not become visible within the specified time: Expected condition failed: waiting for helper.WaitUtility$5@1f99e8e7 (tried for 30 second(s) with 500 milliseconds interval)
Build info: version: '3.141.59', revision: 'e82be7d358', time: '2018-11-14T08:17:03'
System info: host: 'DPLAP166', ip: '137.237.2.236', os.name: 'Windows 10', os.arch: 'amd64', os.version: '10.0', java.version: '19.0.1'
Driver info: org.openqa.selenium.support.events.EventFiringWebDriver
Capabilities {acceptInsecureCerts: true, browserName: chrome, browserVersion: 123.0.6312.123, chrome: {chromedriverVersion: 123.0.6312.122 (31f8248cdd9..., userDataDir: C:\Users\dP-PL\AppData\Loca...}, fedcm:accounts: true, goog:chromeOptions: {debuggerAddress: localhost:51256}, javascriptEnabled: true, networkConnectionEnabled: false, pageLoadStrategy: normal, platform: WINDOWS, platformName: WINDOWS, proxy: Proxy(), setWindowRect: true, strictFileInteractability: false, timeouts: {implicit: 0, pageLoad: 300000, script: 30000}, unhandledPromptBehavior: dismiss and notify, webauthn:extension:credBlob: true, webauthn:extension:largeBlob: true, webauthn:extension:minPinLength: true, webauthn:extension:prf: true, webauthn:virtualAuthenticators: true}
Session ID: a59c4df4811f82049fe754efe723d3c1
2024-04-17 19:46:54,074 [main] INFO  base.BaseClass - Trying to find Element By {by.toString()})
2024-04-17 19:46:54,085 [main] INFO  base.BaseClass - Found Element By {by.toString()}
2024-04-17 19:46:54,085 [main] INFO  base.BaseClass - Trying to click on: {element.toString()}
2024-04-17 19:46:54,176 [main] INFO  base.BaseClass - Clicked on: {element.toString()}
2024-04-17 19:46:54,182 [main] INFO  base.BaseClass - Trying to find Element By {by.toString()})
2024-04-17 19:46:54,191 [main] INFO  base.BaseClass - Found Element By {by.toString()}
2024-04-17 19:46:54,711 [main] INFO  base.BaseClass - Trying to find Element By {by.toString()})
2024-04-17 19:46:54,732 [main] INFO  base.BaseClass - Found Element By {by.toString()}
2024-04-17 19:46:55,257 [main] INFO  base.BaseClass - Trying to find Element By {by.toString()})
2024-04-17 19:46:55,288 [main] INFO  base.BaseClass - Found Element By {by.toString()}
2024-04-17 19:46:55,837 [main] INFO  base.BaseClass - Trying to find Element By {by.toString()})
2024-04-17 19:46:55,866 [main] INFO  base.BaseClass - Found Element By {by.toString()}
2024-04-17 19:46:56,414 [main] INFO  base.BaseClass - Trying to find Element By {by.toString()})
2024-04-17 19:46:56,443 [main] INFO  base.BaseClass - Found Element By {by.toString()}
2024-04-17 19:46:56,993 [main] INFO  base.BaseClass - Trying to find Element By {by.toString()})
2024-04-17 19:46:57,022 [main] INFO  base.BaseClass - Found Element By {by.toString()}
2024-04-17 19:46:57,573 [main] INFO  base.BaseClass - Trying to find Element By {by.toString()})
2024-04-17 19:46:57,602 [main] INFO  base.BaseClass - Found Element By {by.toString()}
2024-04-17 19:46:58,136 [main] INFO  base.BaseClass - Trying to find Element By {by.toString()})
2024-04-17 19:46:58,165 [main] INFO  base.BaseClass - Found Element By {by.toString()}
2024-04-17 19:46:58,701 [main] INFO  base.BaseClass - Trying to find Element By {by.toString()})
2024-04-17 19:46:58,728 [main] INFO  base.BaseClass - Found Element By {by.toString()}
2024-04-17 19:46:59,271 [main] INFO  base.BaseClass - Trying to find Element By {by.toString()})
2024-04-17 19:46:59,299 [main] INFO  base.BaseClass - Found Element By {by.toString()}
2024-04-17 19:46:59,834 [main] INFO  base.BaseClass - Trying to find Element By {by.toString()})
2024-04-17 19:46:59,862 [main] INFO  base.BaseClass - Found Element By {by.toString()}
2024-04-17 19:47:00,413 [main] INFO  base.BaseClass - Trying to find Element By {by.toString()})
2024-04-17 19:47:00,441 [main] INFO  base.BaseClass - Found Element By {by.toString()}
2024-04-17 19:47:00,988 [main] INFO  base.BaseClass - Trying to find Element By {by.toString()})
2024-04-17 19:47:01,014 [main] INFO  base.BaseClass - Found Element By {by.toString()}
2024-04-17 19:47:01,565 [main] INFO  base.BaseClass - Trying to find Element By {by.toString()})
2024-04-17 19:47:01,584 [main] INFO  base.BaseClass - Found Element By {by.toString()}
2024-04-17 19:47:02,113 [main] INFO  base.BaseClass - Trying to find Element By {by.toString()})
2024-04-17 19:47:02,142 [main] INFO  base.BaseClass - Found Element By {by.toString()}
2024-04-17 19:47:02,694 [main] INFO  base.BaseClass - Trying to find Element By {by.toString()})
2024-04-17 19:47:02,722 [main] INFO  base.BaseClass - Found Element By {by.toString()}
2024-04-17 19:47:03,272 [main] INFO  base.BaseClass - Trying to find Element By {by.toString()})
2024-04-17 19:47:03,301 [main] INFO  base.BaseClass - Found Element By {by.toString()}
2024-04-17 19:47:03,850 [main] INFO  base.BaseClass - Trying to find Element By {by.toString()})
2024-04-17 19:47:03,878 [main] INFO  base.BaseClass - Found Element By {by.toString()}
2024-04-17 19:47:04,428 [main] INFO  base.BaseClass - Trying to find Element By {by.toString()})
2024-04-17 19:47:04,457 [main] INFO  base.BaseClass - Found Element By {by.toString()}
2024-04-17 19:47:05,005 [main] INFO  base.BaseClass - Trying to find Element By {by.toString()})
2024-04-17 19:47:05,034 [main] INFO  base.BaseClass - Found Element By {by.toString()}
2024-04-17 19:47:05,585 [main] INFO  base.BaseClass - Trying to find Element By {by.toString()})
2024-04-17 19:47:05,609 [main] INFO  base.BaseClass - Found Element By {by.toString()}
2024-04-17 19:47:06,133 [main] INFO  base.BaseClass - Trying to find Element By {by.toString()})
2024-04-17 19:47:06,162 [main] INFO  base.BaseClass - Found Element By {by.toString()}
2024-04-17 19:47:06,698 [main] INFO  base.BaseClass - Trying to find Element By {by.toString()})
2024-04-17 19:47:06,728 [main] INFO  base.BaseClass - Found Element By {by.toString()}
2024-04-17 19:47:07,280 [main] INFO  base.BaseClass - Trying to find Element By {by.toString()})
2024-04-17 19:47:07,308 [main] INFO  base.BaseClass - Found Element By {by.toString()}
2024-04-17 19:47:07,858 [main] INFO  base.BaseClass - Trying to find Element By {by.toString()})
2024-04-17 19:47:07,887 [main] INFO  base.BaseClass - Found Element By {by.toString()}
2024-04-17 19:47:08,437 [main] INFO  base.BaseClass - Trying to find Element By {by.toString()})
2024-04-17 19:47:08,466 [main] INFO  base.BaseClass - Found Element By {by.toString()}
2024-04-17 19:47:09,003 [main] INFO  base.BaseClass - Trying to find Element By {by.toString()})
2024-04-17 19:47:09,034 [main] INFO  base.BaseClass - Found Element By {by.toString()}
2024-04-17 19:47:09,572 [main] INFO  base.BaseClass - Trying to find Element By {by.toString()})
2024-04-17 19:47:09,582 [main] INFO  base.BaseClass - Found Element By {by.toString()}
2024-04-17 19:47:10,105 [main] INFO  base.BaseClass - Trying to find Element By {by.toString()})
2024-04-17 19:47:10,135 [main] INFO  base.BaseClass - Found Element By {by.toString()}
2024-04-17 19:47:10,670 [main] INFO  base.BaseClass - Trying to find Element By {by.toString()})
2024-04-17 19:47:10,700 [main] INFO  base.BaseClass - Found Element By {by.toString()}
2024-04-17 19:47:11,246 [main] INFO  base.BaseClass - Trying to find Element By {by.toString()})
2024-04-17 19:47:11,274 [main] INFO  base.BaseClass - Found Element By {by.toString()}
2024-04-17 19:47:11,809 [main] INFO  base.BaseClass - Trying to find Element By {by.toString()})
2024-04-17 19:47:11,823 [main] INFO  base.BaseClass - Found Element By {by.toString()}
2024-04-17 19:47:12,356 [main] INFO  base.BaseClass - Trying to find Element By {by.toString()})
2024-04-17 19:47:12,385 [main] INFO  base.BaseClass - Found Element By {by.toString()}
2024-04-17 19:47:12,937 [main] INFO  base.BaseClass - Trying to find Element By {by.toString()})
2024-04-17 19:47:12,966 [main] INFO  base.BaseClass - Found Element By {by.toString()}
2024-04-17 19:47:13,505 [main] INFO  base.BaseClass - Trying to find Element By {by.toString()})
2024-04-17 19:47:13,520 [main] INFO  base.BaseClass - Found Element By {by.toString()}
2024-04-17 19:47:14,055 [main] INFO  base.BaseClass - Trying to find Element By {by.toString()})
2024-04-17 19:47:14,084 [main] INFO  base.BaseClass - Found Element By {by.toString()}
2024-04-17 19:47:14,631 [main] INFO  base.BaseClass - Trying to find Element By {by.toString()})
2024-04-17 19:47:14,656 [main] INFO  base.BaseClass - Found Element By {by.toString()}
2024-04-17 19:47:15,177 [main] INFO  base.BaseClass - Trying to find Element By {by.toString()})
2024-04-17 19:47:15,207 [main] INFO  base.BaseClass - Found Element By {by.toString()}
2024-04-17 19:47:15,759 [main] INFO  base.BaseClass - Trying to find Element By {by.toString()})
2024-04-17 19:47:15,788 [main] INFO  base.BaseClass - Found Element By {by.toString()}
2024-04-17 19:47:16,326 [main] INFO  base.BaseClass - Trying to find Element By {by.toString()})
2024-04-17 19:47:16,342 [main] INFO  base.BaseClass - Found Element By {by.toString()}
2024-04-17 19:47:16,876 [main] INFO  base.BaseClass - Trying to find Element By {by.toString()})
2024-04-17 19:47:16,905 [main] INFO  base.BaseClass - Found Element By {by.toString()}
2024-04-17 19:47:17,457 [main] INFO  base.BaseClass - Trying to find Element By {by.toString()})
2024-04-17 19:47:17,485 [main] INFO  base.BaseClass - Found Element By {by.toString()}
2024-04-17 19:47:18,024 [main] INFO  base.BaseClass - Trying to find Element By {by.toString()})
2024-04-17 19:47:18,053 [main] INFO  base.BaseClass - Found Element By {by.toString()}
2024-04-17 19:47:18,596 [main] INFO  base.BaseClass - Trying to find Element By {by.toString()})
2024-04-17 19:47:18,625 [main] INFO  base.BaseClass - Found Element By {by.toString()}
2024-04-17 19:47:19,175 [main] INFO  base.BaseClass - Trying to find Element By {by.toString()})
2024-04-17 19:47:19,207 [main] INFO  base.BaseClass - Found Element By {by.toString()}
2024-04-17 19:47:19,740 [main] INFO  base.BaseClass - Trying to find Element By {by.toString()})
2024-04-17 19:47:19,769 [main] INFO  base.BaseClass - Found Element By {by.toString()}
2024-04-17 19:47:20,317 [main] INFO  base.BaseClass - Trying to find Element By {by.toString()})
2024-04-17 19:47:20,346 [main] INFO  base.BaseClass - Found Element By {by.toString()}
2024-04-17 19:47:20,896 [main] INFO  base.BaseClass - Trying to find Element By {by.toString()})
2024-04-17 19:47:20,923 [main] INFO  base.BaseClass - Found Element By {by.toString()}
2024-04-17 19:47:21,462 [main] INFO  base.BaseClass - Trying to find Element By {by.toString()})
2024-04-17 19:47:21,491 [main] INFO  base.BaseClass - Found Element By {by.toString()}
2024-04-17 19:47:22,043 [main] INFO  base.BaseClass - Trying to find Element By {by.toString()})
2024-04-17 19:47:22,072 [main] INFO  base.BaseClass - Found Element By {by.toString()}
2024-04-17 19:47:22,606 [main] INFO  base.BaseClass - Trying to find Element By {by.toString()})
2024-04-17 19:47:23,018 [main] INFO  base.BaseClass - Found Element By {by.toString()}
2024-04-17 19:47:23,561 [main] INFO  base.BaseClass - Trying to find Element By {by.toString()})
2024-04-17 19:47:23,590 [main] INFO  base.BaseClass - Found Element By {by.toString()}
2024-04-17 19:47:24,143 [main] INFO  base.BaseClass - Trying to find Element By {by.toString()})
2024-04-17 19:47:24,351 [main] INFO  base.BaseClass - Found Element By {by.toString()}
TimeoutException occurred: Expected condition failed: waiting for helper.WaitUtility$5@6ff0ee30 (tried for 30 second(s) with 500 milliseconds interval)
Build info: version: '3.141.59', revision: 'e82be7d358', time: '2018-11-14T08:17:03'
System info: host: 'DPLAP166', ip: '137.237.2.236', os.name: 'Windows 10', os.arch: 'amd64', os.version: '10.0', java.version: '19.0.1'
Driver info: org.openqa.selenium.support.events.EventFiringWebDriver
Capabilities {acceptInsecureCerts: true, browserName: chrome, browserVersion: 123.0.6312.123, chrome: {chromedriverVersion: 123.0.6312.122 (31f8248cdd9..., userDataDir: C:\Users\dP-PL\AppData\Loca...}, fedcm:accounts: true, goog:chromeOptions: {debuggerAddress: localhost:51256}, javascriptEnabled: true, networkConnectionEnabled: false, pageLoadStrategy: normal, platform: WINDOWS, platformName: WINDOWS, proxy: Proxy(), setWindowRect: true, strictFileInteractability: false, timeouts: {implicit: 0, pageLoad: 300000, script: 30000}, unhandledPromptBehavior: dismiss and notify, webauthn:extension:credBlob: true, webauthn:extension:largeBlob: true, webauthn:extension:minPinLength: true, webauthn:extension:prf: true, webauthn:virtualAuthenticators: true}
Session ID: a59c4df4811f82049fe754efe723d3c1
2024-04-17 19:47:24,392 [main] ERROR RotationCopy_test - Element did not become visible within the specified time: Expected condition failed: waiting for helper.WaitUtility$5@6ff0ee30 (tried for 30 second(s) with 500 milliseconds interval)
Build info: version: '3.141.59', revision: 'e82be7d358', time: '2018-11-14T08:17:03'
System info: host: 'DPLAP166', ip: '137.237.2.236', os.name: 'Windows 10', os.arch: 'amd64', os.version: '10.0', java.version: '19.0.1'
Driver info: org.openqa.selenium.support.events.EventFiringWebDriver
Capabilities {acceptInsecureCerts: true, browserName: chrome, browserVersion: 123.0.6312.123, chrome: {chromedriverVersion: 123.0.6312.122 (31f8248cdd9..., userDataDir: C:\Users\dP-PL\AppData\Loca...}, fedcm:accounts: true, goog:chromeOptions: {debuggerAddress: localhost:51256}, javascriptEnabled: true, networkConnectionEnabled: false, pageLoadStrategy: normal, platform: WINDOWS, platformName: WINDOWS, proxy: Proxy(), setWindowRect: true, strictFileInteractability: false, timeouts: {implicit: 0, pageLoad: 300000, script: 30000}, unhandledPromptBehavior: dismiss and notify, webauthn:extension:credBlob: true, webauthn:extension:largeBlob: true, webauthn:extension:minPinLength: true, webauthn:extension:prf: true, webauthn:virtualAuthenticators: true}
Session ID: a59c4df4811f82049fe754efe723d3c1
2024-04-17 19:47:24,392 [main] INFO  base.BaseClass - Trying to find Element By {by.toString()})
2024-04-17 19:47:24,414 [main] INFO  base.BaseClass - Found Element By {by.toString()}
2024-04-17 19:47:24,414 [main] INFO  base.BaseClass - Trying to click on: {element.toString()}
2024-04-17 19:47:24,462 [main] INFO  base.BaseClass - Clicked on: {element.toString()}
2024-04-17 19:47:24,468 [main] INFO  base.BaseClass - Trying to find Element By {by.toString()})
2024-04-17 19:47:24,476 [main] INFO  base.BaseClass - Found Element By {by.toString()}
2024-04-17 19:47:24,998 [main] INFO  base.BaseClass - Trying to find Element By {by.toString()})
2024-04-17 19:47:25,320 [main] INFO  base.BaseClass - Found Element By {by.toString()}
2024-04-17 19:47:25,847 [main] INFO  base.BaseClass - Trying to find Element By {by.toString()})
2024-04-17 19:47:25,941 [main] INFO  base.BaseClass - Found Element By {by.toString()}
2024-04-17 19:47:26,485 [main] INFO  base.BaseClass - Trying to find Element By {by.toString()})
2024-04-17 19:47:26,499 [main] INFO  base.BaseClass - Found Element By {by.toString()}
2024-04-17 19:47:27,021 [main] INFO  base.BaseClass - Trying to find Element By {by.toString()})
2024-04-17 19:47:27,032 [main] INFO  base.BaseClass - Found Element By {by.toString()}
2024-04-17 19:47:27,552 [main] INFO  base.BaseClass - Trying to find Element By {by.toString()})
2024-04-17 19:47:27,582 [main] INFO  base.BaseClass - Found Element By {by.toString()}
2024-04-17 19:47:28,128 [main] INFO  base.BaseClass - Trying to find Element By {by.toString()})
2024-04-17 19:47:28,157 [main] INFO  base.BaseClass - Found Element By {by.toString()}
2024-04-17 19:47:28,706 [main] INFO  base.BaseClass - Trying to find Element By {by.toString()})
2024-04-17 19:47:28,736 [main] INFO  base.BaseClass - Found Element By {by.toString()}
2024-04-17 19:47:29,276 [main] INFO  base.BaseClass - Trying to find Element By {by.toString()})
2024-04-17 19:47:29,308 [main] INFO  base.BaseClass - Found Element By {by.toString()}
2024-04-17 19:47:29,840 [main] INFO  base.BaseClass - Trying to find Element By {by.toString()})
2024-04-17 19:47:29,869 [main] INFO  base.BaseClass - Found Element By {by.toString()}
2024-04-17 19:47:30,423 [main] INFO  base.BaseClass - Trying to find Element By {by.toString()})
2024-04-17 19:47:30,452 [main] INFO  base.BaseClass - Found Element By {by.toString()}
2024-04-17 19:47:31,001 [main] INFO  base.BaseClass - Trying to find Element By {by.toString()})
2024-04-17 19:47:31,030 [main] INFO  base.BaseClass - Found Element By {by.toString()}
2024-04-17 19:47:31,581 [main] INFO  base.BaseClass - Trying to find Element By {by.toString()})
2024-04-17 19:47:31,611 [main] INFO  base.BaseClass - Found Element By {by.toString()}
2024-04-17 19:47:32,146 [main] INFO  base.BaseClass - Trying to find Element By {by.toString()})
2024-04-17 19:47:32,176 [main] INFO  base.BaseClass - Found Element By {by.toString()}
2024-04-17 19:47:32,725 [main] INFO  base.BaseClass - Trying to find Element By {by.toString()})
2024-04-17 19:47:32,755 [main] INFO  base.BaseClass - Found Element By {by.toString()}
2024-04-17 19:47:33,290 [main] INFO  base.BaseClass - Trying to find Element By {by.toString()})
2024-04-17 19:47:33,319 [main] INFO  base.BaseClass - Found Element By {by.toString()}
2024-04-17 19:47:33,867 [main] INFO  base.BaseClass - Trying to find Element By {by.toString()})
2024-04-17 19:47:33,896 [main] INFO  base.BaseClass - Found Element By {by.toString()}
2024-04-17 19:47:34,443 [main] INFO  base.BaseClass - Trying to find Element By {by.toString()})
2024-04-17 19:47:34,465 [main] INFO  base.BaseClass - Found Element By {by.toString()}
2024-04-17 19:47:34,990 [main] INFO  base.BaseClass - Trying to find Element By {by.toString()})
2024-04-17 19:47:35,017 [main] INFO  base.BaseClass - Found Element By {by.toString()}
2024-04-17 19:47:35,567 [main] INFO  base.BaseClass - Trying to find Element By {by.toString()})
2024-04-17 19:47:35,596 [main] INFO  base.BaseClass - Found Element By {by.toString()}
2024-04-17 19:47:36,147 [main] INFO  base.BaseClass - Trying to find Element By {by.toString()})
2024-04-17 19:47:36,176 [main] INFO  base.BaseClass - Found Element By {by.toString()}
2024-04-17 19:47:36,710 [main] INFO  base.BaseClass - Trying to find Element By {by.toString()})
2024-04-17 19:47:36,739 [main] INFO  base.BaseClass - Found Element By {by.toString()}
2024-04-17 19:47:37,272 [main] INFO  base.BaseClass - Trying to find Element By {by.toString()})
2024-04-17 19:47:37,301 [main] INFO  base.BaseClass - Found Element By {by.toString()}
2024-04-17 19:47:37,852 [main] INFO  base.BaseClass - Trying to find Element By {by.toString()})
2024-04-17 19:47:37,878 [main] INFO  base.BaseClass - Found Element By {by.toString()}
2024-04-17 19:47:38,418 [main] INFO  base.BaseClass - Trying to find Element By {by.toString()})
2024-04-17 19:47:38,448 [main] INFO  base.BaseClass - Found Element By {by.toString()}
2024-04-17 19:47:39,000 [main] INFO  base.BaseClass - Trying to find Element By {by.toString()})
2024-04-17 19:47:39,029 [main] INFO  base.BaseClass - Found Element By {by.toString()}
2024-04-17 19:47:39,580 [main] INFO  base.BaseClass - Trying to find Element By {by.toString()})
2024-04-17 19:47:39,599 [main] INFO  base.BaseClass - Found Element By {by.toString()}
2024-04-17 19:47:40,129 [main] INFO  base.BaseClass - Trying to find Element By {by.toString()})
2024-04-17 19:47:40,158 [main] INFO  base.BaseClass - Found Element By {by.toString()}
2024-04-17 19:47:40,693 [main] INFO  base.BaseClass - Trying to find Element By {by.toString()})
2024-04-17 19:47:40,722 [main] INFO  base.BaseClass - Found Element By {by.toString()}
2024-04-17 19:47:41,260 [main] INFO  base.BaseClass - Trying to find Element By {by.toString()})
2024-04-17 19:47:41,290 [main] INFO  base.BaseClass - Found Element By {by.toString()}
2024-04-17 19:47:41,841 [main] INFO  base.BaseClass - Trying to find Element By {by.toString()})
2024-04-17 19:47:41,870 [main] INFO  base.BaseClass - Found Element By {by.toString()}
2024-04-17 19:47:42,417 [main] INFO  base.BaseClass - Trying to find Element By {by.toString()})
2024-04-17 19:47:42,447 [main] INFO  base.BaseClass - Found Element By {by.toString()}
2024-04-17 19:47:42,996 [main] INFO  base.BaseClass - Trying to find Element By {by.toString()})
2024-04-17 19:47:43,025 [main] INFO  base.BaseClass - Found Element By {by.toString()}
2024-04-17 19:47:43,576 [main] INFO  base.BaseClass - Trying to find Element By {by.toString()})
2024-04-17 19:47:43,605 [main] INFO  base.BaseClass - Found Element By {by.toString()}
2024-04-17 19:47:44,139 [main] INFO  base.BaseClass - Trying to find Element By {by.toString()})
2024-04-17 19:47:44,151 [main] INFO  base.BaseClass - Found Element By {by.toString()}
2024-04-17 19:47:44,674 [main] INFO  base.BaseClass - Trying to find Element By {by.toString()})
2024-04-17 19:47:44,702 [main] INFO  base.BaseClass - Found Element By {by.toString()}
2024-04-17 19:47:45,241 [main] INFO  base.BaseClass - Trying to find Element By {by.toString()})
2024-04-17 19:47:45,270 [main] INFO  base.BaseClass - Found Element By {by.toString()}
2024-04-17 19:47:45,820 [main] INFO  base.BaseClass - Trying to find Element By {by.toString()})
2024-04-17 19:47:45,850 [main] INFO  base.BaseClass - Found Element By {by.toString()}
2024-04-17 19:47:46,397 [main] INFO  base.BaseClass - Trying to find Element By {by.toString()})
2024-04-17 19:47:46,426 [main] INFO  base.BaseClass - Found Element By {by.toString()}
2024-04-17 19:47:46,974 [main] INFO  base.BaseClass - Trying to find Element By {by.toString()})
2024-04-17 19:47:47,003 [main] INFO  base.BaseClass - Found Element By {by.toString()}
2024-04-17 19:47:47,552 [main] INFO  base.BaseClass - Trying to find Element By {by.toString()})
2024-04-17 19:47:47,581 [main] INFO  base.BaseClass - Found Element By {by.toString()}
2024-04-17 19:47:48,117 [main] INFO  base.BaseClass - Trying to find Element By {by.toString()})
2024-04-17 19:47:48,146 [main] INFO  base.BaseClass - Found Element By {by.toString()}
2024-04-17 19:47:48,679 [main] INFO  base.BaseClass - Trying to find Element By {by.toString()})
2024-04-17 19:47:48,709 [main] INFO  base.BaseClass - Found Element By {by.toString()}
2024-04-17 19:47:49,244 [main] INFO  base.BaseClass - Trying to find Element By {by.toString()})
2024-04-17 19:47:49,273 [main] INFO  base.BaseClass - Found Element By {by.toString()}
2024-04-17 19:47:49,821 [main] INFO  base.BaseClass - Trying to find Element By {by.toString()})
2024-04-17 19:47:49,850 [main] INFO  base.BaseClass - Found Element By {by.toString()}
2024-04-17 19:47:50,395 [main] INFO  base.BaseClass - Trying to find Element By {by.toString()})
2024-04-17 19:47:50,422 [main] INFO  base.BaseClass - Found Element By {by.toString()}
2024-04-17 19:47:50,958 [main] INFO  base.BaseClass - Trying to find Element By {by.toString()})
2024-04-17 19:47:50,987 [main] INFO  base.BaseClass - Found Element By {by.toString()}
2024-04-17 19:47:51,525 [main] INFO  base.BaseClass - Trying to find Element By {by.toString()})
2024-04-17 19:47:51,554 [main] INFO  base.BaseClass - Found Element By {by.toString()}
2024-04-17 19:47:52,104 [main] INFO  base.BaseClass - Trying to find Element By {by.toString()})
2024-04-17 19:47:52,132 [main] INFO  base.BaseClass - Found Element By {by.toString()}
2024-04-17 19:47:52,681 [main] INFO  base.BaseClass - Trying to find Element By {by.toString()})
2024-04-17 19:47:52,711 [main] INFO  base.BaseClass - Found Element By {by.toString()}
2024-04-17 19:47:53,258 [main] INFO  base.BaseClass - Trying to find Element By {by.toString()})
2024-04-17 19:47:53,287 [main] INFO  base.BaseClass - Found Element By {by.toString()}
2024-04-17 19:47:53,841 [main] INFO  base.BaseClass - Trying to find Element By {by.toString()})
2024-04-17 19:47:53,869 [main] INFO  base.BaseClass - Found Element By {by.toString()}
2024-04-17 19:47:54,419 [main] INFO  base.BaseClass - Trying to find Element By {by.toString()})
2024-04-17 19:47:54,448 [main] INFO  base.BaseClass - Found Element By {by.toString()}
TimeoutException occurred: Expected condition failed: waiting for helper.WaitUtility$5@bd396fc (tried for 30 second(s) with 500 milliseconds interval)
Build info: version: '3.141.59', revision: 'e82be7d358', time: '2018-11-14T08:17:03'
System info: host: 'DPLAP166', ip: '137.237.2.236', os.name: 'Windows 10', os.arch: 'amd64', os.version: '10.0', java.version: '19.0.1'
Driver info: org.openqa.selenium.support.events.EventFiringWebDriver
Capabilities {acceptInsecureCerts: true, browserName: chrome, browserVersion: 123.0.6312.123, chrome: {chromedriverVersion: 123.0.6312.122 (31f8248cdd9..., userDataDir: C:\Users\dP-PL\AppData\Loca...}, fedcm:accounts: true, goog:chromeOptions: {debuggerAddress: localhost:51256}, javascriptEnabled: true, networkConnectionEnabled: false, pageLoadStrategy: normal, platform: WINDOWS, platformName: WINDOWS, proxy: Proxy(), setWindowRect: true, strictFileInteractability: false, timeouts: {implicit: 0, pageLoad: 300000, script: 30000}, unhandledPromptBehavior: dismiss and notify, webauthn:extension:credBlob: true, webauthn:extension:largeBlob: true, webauthn:extension:minPinLength: true, webauthn:extension:prf: true, webauthn:virtualAuthenticators: true}
Session ID: a59c4df4811f82049fe754efe723d3c1
2024-04-17 19:47:54,482 [main] ERROR RotationCopy_test - Element did not become visible within the specified time: Expected condition failed: waiting for helper.WaitUtility$5@bd396fc (tried for 30 second(s) with 500 milliseconds interval)
Build info: version: '3.141.59', revision: 'e82be7d358', time: '2018-11-14T08:17:03'
System info: host: 'DPLAP166', ip: '137.237.2.236', os.name: 'Windows 10', os.arch: 'amd64', os.version: '10.0', java.version: '19.0.1'
Driver info: org.openqa.selenium.support.events.EventFiringWebDriver
Capabilities {acceptInsecureCerts: true, browserName: chrome, browserVersion: 123.0.6312.123, chrome: {chromedriverVersion: 123.0.6312.122 (31f8248cdd9..., userDataDir: C:\Users\dP-PL\AppData\Loca...}, fedcm:accounts: true, goog:chromeOptions: {debuggerAddress: localhost:51256}, javascriptEnabled: true, networkConnectionEnabled: false, pageLoadStrategy: normal, platform: WINDOWS, platformName: WINDOWS, proxy: Proxy(), setWindowRect: true, strictFileInteractability: false, timeouts: {implicit: 0, pageLoad: 300000, script: 30000}, unhandledPromptBehavior: dismiss and notify, webauthn:extension:credBlob: true, webauthn:extension:largeBlob: true, webauthn:extension:minPinLength: true, webauthn:extension:prf: true, webauthn:virtualAuthenticators: true}
Session ID: a59c4df4811f82049fe754efe723d3c1
2024-04-17 19:47:54,483 [main] INFO  base.BaseClass - Trying to find Element By {by.toString()})
2024-04-17 19:47:54,499 [main] INFO  base.BaseClass - Found Element By {by.toString()}
2024-04-17 19:47:54,499 [main] INFO  base.BaseClass - Trying to click on: {element.toString()}
2024-04-17 19:47:54,581 [main] INFO  base.BaseClass - Clicked on: {element.toString()}
2024-04-17 19:47:54,581 [main] INFO  base.BaseClass - Trying to find Element By {by.toString()})
2024-04-17 19:47:55,442 [main] INFO  base.BaseClass - Found Element By {by.toString()}
2024-04-17 19:47:55,963 [main] INFO  base.BaseClass - Trying to find Element By {by.toString()})
2024-04-17 19:47:55,983 [main] INFO  base.BaseClass - Found Element By {by.toString()}
2024-04-17 19:47:56,512 [main] INFO  base.BaseClass - Trying to find Element By {by.toString()})
2024-04-17 19:47:56,537 [main] INFO  base.BaseClass - Found Element By {by.toString()}
2024-04-17 19:47:57,064 [main] INFO  base.BaseClass - Trying to find Element By {by.toString()})
2024-04-17 19:47:57,097 [main] INFO  base.BaseClass - Found Element By {by.toString()}
2024-04-17 19:47:57,641 [main] INFO  base.BaseClass - Trying to find Element By {by.toString()})
2024-04-17 19:47:57,672 [main] INFO  base.BaseClass - Found Element By {by.toString()}
2024-04-17 19:47:58,220 [main] INFO  base.BaseClass - Trying to find Element By {by.toString()})
2024-04-17 19:47:58,252 [main] INFO  base.BaseClass - Found Element By {by.toString()}
2024-04-17 19:47:58,799 [main] INFO  base.BaseClass - Trying to find Element By {by.toString()})
2024-04-17 19:47:58,829 [main] INFO  base.BaseClass - Found Element By {by.toString()}
2024-04-17 19:47:59,366 [main] INFO  base.BaseClass - Trying to find Element By {by.toString()})
2024-04-17 19:47:59,398 [main] INFO  base.BaseClass - Found Element By {by.toString()}
2024-04-17 19:47:59,945 [main] INFO  base.BaseClass - Trying to find Element By {by.toString()})
2024-04-17 19:47:59,973 [main] INFO  base.BaseClass - Found Element By {by.toString()}
2024-04-17 19:48:00,510 [main] INFO  base.BaseClass - Trying to find Element By {by.toString()})
2024-04-17 19:48:00,539 [main] INFO  base.BaseClass - Found Element By {by.toString()}
2024-04-17 19:48:01,077 [main] INFO  base.BaseClass - Trying to find Element By {by.toString()})
2024-04-17 19:48:01,107 [main] INFO  base.BaseClass - Found Element By {by.toString()}
2024-04-17 19:48:01,656 [main] INFO  base.BaseClass - Trying to find Element By {by.toString()})
2024-04-17 19:48:01,679 [main] INFO  base.BaseClass - Found Element By {by.toString()}
2024-04-17 19:48:02,220 [main] INFO  base.BaseClass - Trying to find Element By {by.toString()})
2024-04-17 19:48:02,250 [main] INFO  base.BaseClass - Found Element By {by.toString()}
2024-04-17 19:48:02,799 [main] INFO  base.BaseClass - Trying to find Element By {by.toString()})
2024-04-17 19:48:02,831 [main] INFO  base.BaseClass - Found Element By {by.toString()}
2024-04-17 19:48:03,366 [main] INFO  base.BaseClass - Trying to find Element By {by.toString()})
2024-04-17 19:48:03,397 [main] INFO  base.BaseClass - Found Element By {by.toString()}
2024-04-17 19:48:03,944 [main] INFO  base.BaseClass - Trying to find Element By {by.toString()})
2024-04-17 19:48:03,974 [main] INFO  base.BaseClass - Found Element By {by.toString()}
2024-04-17 19:48:04,512 [main] INFO  base.BaseClass - Trying to find Element By {by.toString()})
2024-04-17 19:48:04,543 [main] INFO  base.BaseClass - Found Element By {by.toString()}
2024-04-17 19:48:05,074 [main] INFO  base.BaseClass - Trying to find Element By {by.toString()})
2024-04-17 19:48:05,105 [main] INFO  base.BaseClass - Found Element By {by.toString()}
2024-04-17 19:48:05,651 [main] INFO  base.BaseClass - Trying to find Element By {by.toString()})
2024-04-17 19:48:05,681 [main] INFO  base.BaseClass - Found Element By {by.toString()}
2024-04-17 19:48:06,228 [main] INFO  base.BaseClass - Trying to find Element By {by.toString()})
2024-04-17 19:48:06,257 [main] INFO  base.BaseClass - Found Element By {by.toString()}
2024-04-17 19:48:06,788 [main] INFO  base.BaseClass - Trying to find Element By {by.toString()})
2024-04-17 19:48:06,819 [main] INFO  base.BaseClass - Found Element By {by.toString()}
2024-04-17 19:48:07,368 [main] INFO  base.BaseClass - Trying to find Element By {by.toString()})
2024-04-17 19:48:07,398 [main] INFO  base.BaseClass - Found Element By {by.toString()}
2024-04-17 19:48:07,944 [main] INFO  base.BaseClass - Trying to find Element By {by.toString()})
2024-04-17 19:48:07,974 [main] INFO  base.BaseClass - Found Element By {by.toString()}
2024-04-17 19:48:08,527 [main] INFO  base.BaseClass - Trying to find Element By {by.toString()})
2024-04-17 19:48:08,558 [main] INFO  base.BaseClass - Found Element By {by.toString()}
2024-04-17 19:48:09,109 [main] INFO  base.BaseClass - Trying to find Element By {by.toString()})
2024-04-17 19:48:09,139 [main] INFO  base.BaseClass - Found Element By {by.toString()}
2024-04-17 19:48:09,672 [main] INFO  base.BaseClass - Trying to find Element By {by.toString()})
2024-04-17 19:48:09,702 [main] INFO  base.BaseClass - Found Element By {by.toString()}
2024-04-17 19:48:10,255 [main] INFO  base.BaseClass - Trying to find Element By {by.toString()})
2024-04-17 19:48:10,287 [main] INFO  base.BaseClass - Found Element By {by.toString()}
2024-04-17 19:48:10,832 [main] INFO  base.BaseClass - Trying to find Element By {by.toString()})
2024-04-17 19:48:10,862 [main] INFO  base.BaseClass - Found Element By {by.toString()}
2024-04-17 19:48:11,410 [main] INFO  base.BaseClass - Trying to find Element By {by.toString()})
2024-04-17 19:48:11,427 [main] INFO  base.BaseClass - Found Element By {by.toString()}
2024-04-17 19:48:11,955 [main] INFO  base.BaseClass - Trying to find Element By {by.toString()})
2024-04-17 19:48:11,986 [main] INFO  base.BaseClass - Found Element By {by.toString()}
2024-04-17 19:48:12,520 [main] INFO  base.BaseClass - Trying to find Element By {by.toString()})
2024-04-17 19:48:12,552 [main] INFO  base.BaseClass - Found Element By {by.toString()}
2024-04-17 19:48:13,100 [main] INFO  base.BaseClass - Trying to find Element By {by.toString()})
2024-04-17 19:48:13,123 [main] INFO  base.BaseClass - Found Element By {by.toString()}
2024-04-17 19:48:13,660 [main] INFO  base.BaseClass - Trying to find Element By {by.toString()})
2024-04-17 19:48:13,691 [main] INFO  base.BaseClass - Found Element By {by.toString()}
2024-04-17 19:48:14,238 [main] INFO  base.BaseClass - Trying to find Element By {by.toString()})
2024-04-17 19:48:14,269 [main] INFO  base.BaseClass - Found Element By {by.toString()}
2024-04-17 19:48:14,820 [main] INFO  base.BaseClass - Trying to find Element By {by.toString()})
2024-04-17 19:48:14,850 [main] INFO  base.BaseClass - Found Element By {by.toString()}
2024-04-17 19:48:15,384 [main] INFO  base.BaseClass - Trying to find Element By {by.toString()})
2024-04-17 19:48:15,416 [main] INFO  base.BaseClass - Found Element By {by.toString()}
2024-04-17 19:48:15,968 [main] INFO  base.BaseClass - Trying to find Element By {by.toString()})
2024-04-17 19:48:15,986 [main] INFO  base.BaseClass - Found Element By {by.toString()}
2024-04-17 19:48:16,513 [main] INFO  base.BaseClass - Trying to find Element By {by.toString()})
2024-04-17 19:48:16,543 [main] INFO  base.BaseClass - Found Element By {by.toString()}
2024-04-17 19:48:17,078 [main] INFO  base.BaseClass - Trying to find Element By {by.toString()})
2024-04-17 19:48:17,107 [main] INFO  base.BaseClass - Found Element By {by.toString()}
2024-04-17 19:48:17,641 [main] INFO  base.BaseClass - Trying to find Element By {by.toString()})
2024-04-17 19:48:17,672 [main] INFO  base.BaseClass - Found Element By {by.toString()}
2024-04-17 19:48:18,219 [main] INFO  base.BaseClass - Trying to find Element By {by.toString()})
2024-04-17 19:48:18,249 [main] INFO  base.BaseClass - Found Element By {by.toString()}
2024-04-17 19:48:18,797 [main] INFO  base.BaseClass - Trying to find Element By {by.toString()})
2024-04-17 19:48:18,829 [main] INFO  base.BaseClass - Found Element By {by.toString()}
2024-04-17 19:48:19,359 [main] INFO  base.BaseClass - Trying to find Element By {by.toString()})
2024-04-17 19:48:19,392 [main] INFO  base.BaseClass - Found Element By {by.toString()}
2024-04-17 19:48:19,935 [main] INFO  base.BaseClass - Trying to find Element By {by.toString()})
2024-04-17 19:48:19,966 [main] INFO  base.BaseClass - Found Element By {by.toString()}
2024-04-17 19:48:20,513 [main] INFO  base.BaseClass - Trying to find Element By {by.toString()})
2024-04-17 19:48:20,543 [main] INFO  base.BaseClass - Found Element By {by.toString()}
2024-04-17 19:48:21,074 [main] INFO  base.BaseClass - Trying to find Element By {by.toString()})
2024-04-17 19:48:21,105 [main] INFO  base.BaseClass - Found Element By {by.toString()}
2024-04-17 19:48:21,652 [main] INFO  base.BaseClass - Trying to find Element By {by.toString()})
2024-04-17 19:48:21,681 [main] INFO  base.BaseClass - Found Element By {by.toString()}
2024-04-17 19:48:22,201 [main] INFO  base.BaseClass - Trying to find Element By {by.toString()})
2024-04-17 19:48:22,209 [main] INFO  base.BaseClass - Found Element By {by.toString()}
2024-04-17 19:48:22,734 [main] INFO  base.BaseClass - Trying to find Element By {by.toString()})
2024-04-17 19:48:22,769 [main] INFO  base.BaseClass - Found Element By {by.toString()}
2024-04-17 19:48:23,314 [main] INFO  base.BaseClass - Trying to find Element By {by.toString()})
2024-04-17 19:48:23,346 [main] INFO  base.BaseClass - Found Element By {by.toString()}
2024-04-17 19:48:23,879 [main] INFO  base.BaseClass - Trying to find Element By {by.toString()})
2024-04-17 19:48:23,908 [main] INFO  base.BaseClass - Found Element By {by.toString()}
2024-04-17 19:48:24,446 [main] INFO  base.BaseClass - Trying to find Element By {by.toString()})
2024-04-17 19:48:24,475 [main] INFO  base.BaseClass - Found Element By {by.toString()}
2024-04-17 19:48:25,006 [main] INFO  base.BaseClass - Trying to find Element By {by.toString()})
2024-04-17 19:48:25,037 [main] INFO  base.BaseClass - Found Element By {by.toString()}
TimeoutException occurred: Expected condition failed: waiting for helper.WaitUtility$5@4de9eae (tried for 30 second(s) with 500 milliseconds interval)
Build info: version: '3.141.59', revision: 'e82be7d358', time: '2018-11-14T08:17:03'
System info: host: 'DPLAP166', ip: '137.237.2.236', os.name: 'Windows 10', os.arch: 'amd64', os.version: '10.0', java.version: '19.0.1'
Driver info: org.openqa.selenium.support.events.EventFiringWebDriver
Capabilities {acceptInsecureCerts: true, browserName: chrome, browserVersion: 123.0.6312.123, chrome: {chromedriverVersion: 123.0.6312.122 (31f8248cdd9..., userDataDir: C:\Users\dP-PL\AppData\Loca...}, fedcm:accounts: true, goog:chromeOptions: {debuggerAddress: localhost:51256}, javascriptEnabled: true, networkConnectionEnabled: false, pageLoadStrategy: normal, platform: WINDOWS, platformName: WINDOWS, proxy: Proxy(), setWindowRect: true, strictFileInteractability: false, timeouts: {implicit: 0, pageLoad: 300000, script: 30000}, unhandledPromptBehavior: dismiss and notify, webauthn:extension:credBlob: true, webauthn:extension:largeBlob: true, webauthn:extension:minPinLength: true, webauthn:extension:prf: true, webauthn:virtualAuthenticators: true}
Session ID: a59c4df4811f82049fe754efe723d3c1
2024-04-17 19:48:25,083 [main] ERROR RotationCopy_test - Element did not become visible within the specified time: Expected condition failed: waiting for helper.WaitUtility$5@4de9eae (tried for 30 second(s) with 500 milliseconds interval)
Build info: version: '3.141.59', revision: 'e82be7d358', time: '2018-11-14T08:17:03'
System info: host: 'DPLAP166', ip: '137.237.2.236', os.name: 'Windows 10', os.arch: 'amd64', os.version: '10.0', java.version: '19.0.1'
Driver info: org.openqa.selenium.support.events.EventFiringWebDriver
Capabilities {acceptInsecureCerts: true, browserName: chrome, browserVersion: 123.0.6312.123, chrome: {chromedriverVersion: 123.0.6312.122 (31f8248cdd9..., userDataDir: C:\Users\dP-PL\AppData\Loca...}, fedcm:accounts: true, goog:chromeOptions: {debuggerAddress: localhost:51256}, javascriptEnabled: true, networkConnectionEnabled: false, pageLoadStrategy: normal, platform: WINDOWS, platformName: WINDOWS, proxy: Proxy(), setWindowRect: true, strictFileInteractability: false, timeouts: {implicit: 0, pageLoad: 300000, script: 30000}, unhandledPromptBehavior: dismiss and notify, webauthn:extension:credBlob: true, webauthn:extension:largeBlob: true, webauthn:extension:minPinLength: true, webauthn:extension:prf: true, webauthn:virtualAuthenticators: true}
Session ID: a59c4df4811f82049fe754efe723d3c1
2024-04-17 19:48:25,083 [main] INFO  base.BaseClass - Trying to find Element By {by.toString()})
2024-04-17 19:48:25,141 [main] INFO  base.BaseClass - Found Element By {by.toString()}
2024-04-17 19:48:25,141 [main] INFO  base.BaseClass - Trying to click on: {element.toString()}
2024-04-17 19:48:25,260 [main] INFO  base.BaseClass - Clicked on: {element.toString()}
2024-04-17 19:48:25,260 [main] INFO  base.BaseClass - Trying to find Element By {by.toString()})
2024-04-17 19:48:25,270 [main] INFO  base.BaseClass - Found Element By {by.toString()}
2024-04-17 19:48:25,790 [main] INFO  base.BaseClass - Trying to find Element By {by.toString()})
2024-04-17 19:48:25,823 [main] INFO  base.BaseClass - Found Element By {by.toString()}
2024-04-17 19:48:26,365 [main] INFO  base.BaseClass - Trying to find Element By {by.toString()})
2024-04-17 19:48:26,397 [main] INFO  base.BaseClass - Found Element By {by.toString()}
2024-04-17 19:48:26,929 [main] INFO  base.BaseClass - Trying to find Element By {by.toString()})
2024-04-17 19:48:26,958 [main] INFO  base.BaseClass - Found Element By {by.toString()}
2024-04-17 19:48:27,493 [main] INFO  base.BaseClass - Trying to find Element By {by.toString()})
2024-04-17 19:48:27,522 [main] INFO  base.BaseClass - Found Element By {by.toString()}
2024-04-17 19:48:28,070 [main] INFO  base.BaseClass - Trying to find Element By {by.toString()})
2024-04-17 19:48:28,099 [main] INFO  base.BaseClass - Found Element By {by.toString()}
2024-04-17 19:48:28,633 [main] INFO  base.BaseClass - Trying to find Element By {by.toString()})
2024-04-17 19:48:28,664 [main] INFO  base.BaseClass - Found Element By {by.toString()}
2024-04-17 19:48:29,197 [main] INFO  base.BaseClass - Trying to find Element By {by.toString()})
2024-04-17 19:48:29,220 [main] INFO  base.BaseClass - Found Element By {by.toString()}
2024-04-17 19:48:29,741 [main] INFO  base.BaseClass - Trying to find Element By {by.toString()})
2024-04-17 19:48:29,772 [main] INFO  base.BaseClass - Found Element By {by.toString()}
2024-04-17 19:48:30,320 [main] INFO  base.BaseClass - Trying to find Element By {by.toString()})
2024-04-17 19:48:30,352 [main] INFO  base.BaseClass - Found Element By {by.toString()}
2024-04-17 19:48:30,896 [main] INFO  base.BaseClass - Trying to find Element By {by.toString()})
2024-04-17 19:48:30,926 [main] INFO  base.BaseClass - Found Element By {by.toString()}
2024-04-17 19:48:31,474 [main] INFO  base.BaseClass - Trying to find Element By {by.toString()})
2024-04-17 19:48:31,509 [main] INFO  base.BaseClass - Found Element By {by.toString()}
2024-04-17 19:48:32,049 [main] INFO  base.BaseClass - Trying to find Element By {by.toString()})
2024-04-17 19:48:32,080 [main] INFO  base.BaseClass - Found Element By {by.toString()}
2024-04-17 19:48:32,627 [main] INFO  base.BaseClass - Trying to find Element By {by.toString()})
2024-04-17 19:48:32,657 [main] INFO  base.BaseClass - Found Element By {by.toString()}
2024-04-17 19:48:33,197 [main] INFO  base.BaseClass - Trying to find Element By {by.toString()})
2024-04-17 19:48:33,229 [main] INFO  base.BaseClass - Found Element By {by.toString()}
2024-04-17 19:48:33,760 [main] INFO  base.BaseClass - Trying to find Element By {by.toString()})
2024-04-17 19:48:33,791 [main] INFO  base.BaseClass - Found Element By {by.toString()}
2024-04-17 19:48:34,322 [main] INFO  base.BaseClass - Trying to find Element By {by.toString()})
2024-04-17 19:48:34,354 [main] INFO  base.BaseClass - Found Element By {by.toString()}
2024-04-17 19:48:34,903 [main] INFO  base.BaseClass - Trying to find Element By {by.toString()})
2024-04-17 19:48:34,922 [main] INFO  base.BaseClass - Found Element By {by.toString()}
2024-04-17 19:48:35,452 [main] INFO  base.BaseClass - Trying to find Element By {by.toString()})
2024-04-17 19:48:35,484 [main] INFO  base.BaseClass - Found Element By {by.toString()}
2024-04-17 19:48:36,030 [main] INFO  base.BaseClass - Trying to find Element By {by.toString()})
2024-04-17 19:48:36,062 [main] INFO  base.BaseClass - Found Element By {by.toString()}
2024-04-17 19:48:36,596 [main] INFO  base.BaseClass - Trying to find Element By {by.toString()})
2024-04-17 19:48:36,609 [main] INFO  base.BaseClass - Found Element By {by.toString()}
2024-04-17 19:48:37,130 [main] INFO  base.BaseClass - Trying to find Element By {by.toString()})
2024-04-17 19:48:37,160 [main] INFO  base.BaseClass - Found Element By {by.toString()}
2024-04-17 19:48:37,694 [main] INFO  base.BaseClass - Trying to find Element By {by.toString()})
2024-04-17 19:48:37,726 [main] INFO  base.BaseClass - Found Element By {by.toString()}
2024-04-17 19:48:38,257 [main] INFO  base.BaseClass - Trying to find Element By {by.toString()})
2024-04-17 19:48:38,287 [main] INFO  base.BaseClass - Found Element By {by.toString()}
2024-04-17 19:48:38,823 [main] INFO  base.BaseClass - Trying to find Element By {by.toString()})
2024-04-17 19:48:38,845 [main] INFO  base.BaseClass - Found Element By {by.toString()}
2024-04-17 19:48:39,370 [main] INFO  base.BaseClass - Trying to find Element By {by.toString()})
2024-04-17 19:48:39,382 [main] INFO  base.BaseClass - Found Element By {by.toString()}
2024-04-17 19:48:39,901 [main] INFO  base.BaseClass - Trying to find Element By {by.toString()})
2024-04-17 19:48:39,933 [main] INFO  base.BaseClass - Found Element By {by.toString()}
2024-04-17 19:48:40,479 [main] INFO  base.BaseClass - Trying to find Element By {by.toString()})
2024-04-17 19:48:40,496 [main] INFO  base.BaseClass - Found Element By {by.toString()}
2024-04-17 19:48:41,026 [main] INFO  base.BaseClass - Trying to find Element By {by.toString()})
2024-04-17 19:48:41,057 [main] INFO  base.BaseClass - Found Element By {by.toString()}
2024-04-17 19:48:41,604 [main] INFO  base.BaseClass - Trying to find Element By {by.toString()})
2024-04-17 19:48:41,635 [main] INFO  base.BaseClass - Found Element By {by.toString()}
2024-04-17 19:48:42,181 [main] INFO  base.BaseClass - Trying to find Element By {by.toString()})
2024-04-17 19:48:42,211 [main] INFO  base.BaseClass - Found Element By {by.toString()}
2024-04-17 19:48:42,759 [main] INFO  base.BaseClass - Trying to find Element By {by.toString()})
2024-04-17 19:48:42,790 [main] INFO  base.BaseClass - Found Element By {by.toString()}
2024-04-17 19:48:43,322 [main] INFO  base.BaseClass - Trying to find Element By {by.toString()})
2024-04-17 19:48:43,350 [main] INFO  base.BaseClass - Found Element By {by.toString()}
2024-04-17 19:48:43,882 [main] INFO  base.BaseClass - Trying to find Element By {by.toString()})
2024-04-17 19:48:43,913 [main] INFO  base.BaseClass - Found Element By {by.toString()}
2024-04-17 19:48:44,458 [main] INFO  base.BaseClass - Trying to find Element By {by.toString()})
2024-04-17 19:48:44,488 [main] INFO  base.BaseClass - Found Element By {by.toString()}
2024-04-17 19:48:45,036 [main] INFO  base.BaseClass - Trying to find Element By {by.toString()})
2024-04-17 19:48:45,063 [main] INFO  base.BaseClass - Found Element By {by.toString()}
2024-04-17 19:48:45,602 [main] INFO  base.BaseClass - Trying to find Element By {by.toString()})
2024-04-17 19:48:45,625 [main] INFO  base.BaseClass - Found Element By {by.toString()}
2024-04-17 19:48:46,148 [main] INFO  base.BaseClass - Trying to find Element By {by.toString()})
2024-04-17 19:48:46,169 [main] INFO  base.BaseClass - Found Element By {by.toString()}
2024-04-17 19:48:46,709 [main] INFO  base.BaseClass - Trying to find Element By {by.toString()})
2024-04-17 19:48:46,739 [main] INFO  base.BaseClass - Found Element By {by.toString()}
2024-04-17 19:48:47,288 [main] INFO  base.BaseClass - Trying to find Element By {by.toString()})
2024-04-17 19:48:47,318 [main] INFO  base.BaseClass - Found Element By {by.toString()}
2024-04-17 19:48:47,901 [main] INFO  base.BaseClass - Trying to find Element By {by.toString()})
2024-04-17 19:48:47,931 [main] INFO  base.BaseClass - Found Element By {by.toString()}
2024-04-17 19:48:48,463 [main] INFO  base.BaseClass - Trying to find Element By {by.toString()})
2024-04-17 19:48:48,493 [main] INFO  base.BaseClass - Found Element By {by.toString()}
2024-04-17 19:48:49,026 [main] INFO  base.BaseClass - Trying to find Element By {by.toString()})
2024-04-17 19:48:49,056 [main] INFO  base.BaseClass - Found Element By {by.toString()}
2024-04-17 19:48:49,602 [main] INFO  base.BaseClass - Trying to find Element By {by.toString()})
2024-04-17 19:48:49,633 [main] INFO  base.BaseClass - Found Element By {by.toString()}
2024-04-17 19:48:50,180 [main] INFO  base.BaseClass - Trying to find Element By {by.toString()})
2024-04-17 19:48:50,210 [main] INFO  base.BaseClass - Found Element By {by.toString()}
2024-04-17 19:48:50,740 [main] INFO  base.BaseClass - Trying to find Element By {by.toString()})
2024-04-17 19:48:50,771 [main] INFO  base.BaseClass - Found Element By {by.toString()}
2024-04-17 19:48:51,319 [main] INFO  base.BaseClass - Trying to find Element By {by.toString()})
2024-04-17 19:48:51,352 [main] INFO  base.BaseClass - Found Element By {by.toString()}
2024-04-17 19:48:51,900 [main] INFO  base.BaseClass - Trying to find Element By {by.toString()})
2024-04-17 19:48:51,926 [main] INFO  base.BaseClass - Found Element By {by.toString()}
2024-04-17 19:48:52,462 [main] INFO  base.BaseClass - Trying to find Element By {by.toString()})
2024-04-17 19:48:52,492 [main] INFO  base.BaseClass - Found Element By {by.toString()}
2024-04-17 19:48:53,044 [main] INFO  base.BaseClass - Trying to find Element By {by.toString()})
2024-04-17 19:48:53,074 [main] INFO  base.BaseClass - Found Element By {by.toString()}
2024-04-17 19:48:53,608 [main] INFO  base.BaseClass - Trying to find Element By {by.toString()})
2024-04-17 19:48:53,642 [main] INFO  base.BaseClass - Found Element By {by.toString()}
2024-04-17 19:48:54,171 [main] INFO  base.BaseClass - Trying to find Element By {by.toString()})
2024-04-17 19:48:54,201 [main] INFO  base.BaseClass - Found Element By {by.toString()}
2024-04-17 19:48:54,746 [main] INFO  base.BaseClass - Trying to find Element By {by.toString()})
2024-04-17 19:48:54,778 [main] INFO  base.BaseClass - Found Element By {by.toString()}
2024-04-17 19:48:55,311 [main] INFO  base.BaseClass - Trying to find Element By {by.toString()})
2024-04-17 19:48:55,340 [main] INFO  base.BaseClass - Found Element By {by.toString()}
TimeoutException occurred: Expected condition failed: waiting for helper.WaitUtility$5@5681f637 (tried for 30 second(s) with 500 milliseconds interval)
Build info: version: '3.141.59', revision: 'e82be7d358', time: '2018-11-14T08:17:03'
System info: host: 'DPLAP166', ip: '137.237.2.236', os.name: 'Windows 10', os.arch: 'amd64', os.version: '10.0', java.version: '19.0.1'
Driver info: org.openqa.selenium.support.events.EventFiringWebDriver
Capabilities {acceptInsecureCerts: true, browserName: chrome, browserVersion: 123.0.6312.123, chrome: {chromedriverVersion: 123.0.6312.122 (31f8248cdd9..., userDataDir: C:\Users\dP-PL\AppData\Loca...}, fedcm:accounts: true, goog:chromeOptions: {debuggerAddress: localhost:51256}, javascriptEnabled: true, networkConnectionEnabled: false, pageLoadStrategy: normal, platform: WINDOWS, platformName: WINDOWS, proxy: Proxy(), setWindowRect: true, strictFileInteractability: false, timeouts: {implicit: 0, pageLoad: 300000, script: 30000}, unhandledPromptBehavior: dismiss and notify, webauthn:extension:credBlob: true, webauthn:extension:largeBlob: true, webauthn:extension:minPinLength: true, webauthn:extension:prf: true, webauthn:virtualAuthenticators: true}
Session ID: a59c4df4811f82049fe754efe723d3c1
2024-04-17 19:48:55,381 [main] ERROR RotationCopy_test - Element did not become visible within the specified time: Expected condition failed: waiting for helper.WaitUtility$5@5681f637 (tried for 30 second(s) with 500 milliseconds interval)
Build info: version: '3.141.59', revision: 'e82be7d358', time: '2018-11-14T08:17:03'
System info: host: 'DPLAP166', ip: '137.237.2.236', os.name: 'Windows 10', os.arch: 'amd64', os.version: '10.0', java.version: '19.0.1'
Driver info: org.openqa.selenium.support.events.EventFiringWebDriver
Capabilities {acceptInsecureCerts: true, browserName: chrome, browserVersion: 123.0.6312.123, chrome: {chromedriverVersion: 123.0.6312.122 (31f8248cdd9..., userDataDir: C:\Users\dP-PL\AppData\Loca...}, fedcm:accounts: true, goog:chromeOptions: {debuggerAddress: localhost:51256}, javascriptEnabled: true, networkConnectionEnabled: false, pageLoadStrategy: normal, platform: WINDOWS, platformName: WINDOWS, proxy: Proxy(), setWindowRect: true, strictFileInteractability: false, timeouts: {implicit: 0, pageLoad: 300000, script: 30000}, unhandledPromptBehavior: dismiss and notify, webauthn:extension:credBlob: true, webauthn:extension:largeBlob: true, webauthn:extension:minPinLength: true, webauthn:extension:prf: true, webauthn:virtualAuthenticators: true}
Session ID: a59c4df4811f82049fe754efe723d3c1
2024-04-17 19:48:55,381 [main] INFO  base.BaseClass - Trying to find Element By {by.toString()})
2024-04-17 19:48:55,401 [main] INFO  base.BaseClass - Found Element By {by.toString()}
2024-04-17 19:48:55,401 [main] INFO  base.BaseClass - Trying to click on: {element.toString()}
2024-04-17 19:48:55,502 [main] INFO  base.BaseClass - Clicked on: {element.toString()}
2024-04-17 19:48:55,508 [main] INFO  base.BaseClass - Trying to find Element By {by.toString()})
2024-04-17 19:48:55,518 [main] INFO  base.BaseClass - Found Element By {by.toString()}
2024-04-17 19:48:56,035 [main] INFO  base.BaseClass - Trying to find Element By {by.toString()})
2024-04-17 19:48:56,060 [main] INFO  base.BaseClass - Found Element By {by.toString()}
2024-04-17 19:48:56,595 [main] INFO  base.BaseClass - Trying to find Element By {by.toString()})
2024-04-17 19:48:56,612 [main] INFO  base.BaseClass - Found Element By {by.toString()}
2024-04-17 19:48:57,142 [main] INFO  base.BaseClass - Trying to find Element By {by.toString()})
2024-04-17 19:48:57,172 [main] INFO  base.BaseClass - Found Element By {by.toString()}
2024-04-17 19:48:57,719 [main] INFO  base.BaseClass - Trying to find Element By {by.toString()})
2024-04-17 19:48:57,749 [main] INFO  base.BaseClass - Found Element By {by.toString()}
2024-04-17 19:48:58,297 [main] INFO  base.BaseClass - Trying to find Element By {by.toString()})
2024-04-17 19:48:58,326 [main] INFO  base.BaseClass - Found Element By {by.toString()}
2024-04-17 19:48:58,874 [main] INFO  base.BaseClass - Trying to find Element By {by.toString()})
2024-04-17 19:48:58,905 [main] INFO  base.BaseClass - Found Element By {by.toString()}
2024-04-17 19:48:59,442 [main] INFO  base.BaseClass - Trying to find Element By {by.toString()})
2024-04-17 19:48:59,458 [main] INFO  base.BaseClass - Found Element By {by.toString()}
2024-04-17 19:48:59,990 [main] INFO  base.BaseClass - Trying to find Element By {by.toString()})
2024-04-17 19:49:00,022 [main] INFO  base.BaseClass - Found Element By {by.toString()}
2024-04-17 19:49:00,562 [main] INFO  base.BaseClass - Trying to find Element By {by.toString()})
2024-04-17 19:49:00,592 [main] INFO  base.BaseClass - Found Element By {by.toString()}
2024-04-17 19:49:01,125 [main] INFO  base.BaseClass - Trying to find Element By {by.toString()})
2024-04-17 19:49:01,150 [main] INFO  base.BaseClass - Found Element By {by.toString()}
2024-04-17 19:49:01,688 [main] INFO  base.BaseClass - Trying to find Element By {by.toString()})
2024-04-17 19:49:01,717 [main] INFO  base.BaseClass - Found Element By {by.toString()}
2024-04-17 19:49:02,268 [main] INFO  base.BaseClass - Trying to find Element By {by.toString()})
2024-04-17 19:49:02,297 [main] INFO  base.BaseClass - Found Element By {by.toString()}
2024-04-17 19:49:02,835 [main] INFO  base.BaseClass - Trying to find Element By {by.toString()})
2024-04-17 19:49:02,865 [main] INFO  base.BaseClass - Found Element By {by.toString()}
2024-04-17 19:49:03,414 [main] INFO  base.BaseClass - Trying to find Element By {by.toString()})
2024-04-17 19:49:03,442 [main] INFO  base.BaseClass - Found Element By {by.toString()}
2024-04-17 19:49:03,980 [main] INFO  base.BaseClass - Trying to find Element By {by.toString()})
2024-04-17 19:49:04,009 [main] INFO  base.BaseClass - Found Element By {by.toString()}
2024-04-17 19:49:04,561 [main] INFO  base.BaseClass - Trying to find Element By {by.toString()})
2024-04-17 19:49:04,587 [main] INFO  base.BaseClass - Found Element By {by.toString()}
2024-04-17 19:49:05,123 [main] INFO  base.BaseClass - Trying to find Element By {by.toString()})
2024-04-17 19:49:05,151 [main] INFO  base.BaseClass - Found Element By {by.toString()}
2024-04-17 19:49:05,703 [main] INFO  base.BaseClass - Trying to find Element By {by.toString()})
2024-04-17 19:49:05,731 [main] INFO  base.BaseClass - Found Element By {by.toString()}
2024-04-17 19:49:06,282 [main] INFO  base.BaseClass - Trying to find Element By {by.toString()})
2024-04-17 19:49:06,311 [main] INFO  base.BaseClass - Found Element By {by.toString()}
2024-04-17 19:49:06,844 [main] INFO  base.BaseClass - Trying to find Element By {by.toString()})
2024-04-17 19:49:06,873 [main] INFO  base.BaseClass - Found Element By {by.toString()}
2024-04-17 19:49:07,422 [main] INFO  base.BaseClass - Trying to find Element By {by.toString()})
2024-04-17 19:49:07,451 [main] INFO  base.BaseClass - Found Element By {by.toString()}
2024-04-17 19:49:07,989 [main] INFO  base.BaseClass - Trying to find Element By {by.toString()})
2024-04-17 19:49:08,002 [main] INFO  base.BaseClass - Found Element By {by.toString()}
2024-04-17 19:49:08,521 [main] INFO  base.BaseClass - Trying to find Element By {by.toString()})
2024-04-17 19:49:08,545 [main] INFO  base.BaseClass - Found Element By {by.toString()}
2024-04-17 19:49:09,084 [main] INFO  base.BaseClass - Trying to find Element By {by.toString()})
2024-04-17 19:49:09,113 [main] INFO  base.BaseClass - Found Element By {by.toString()}
2024-04-17 19:49:09,661 [main] INFO  base.BaseClass - Trying to find Element By {by.toString()})
2024-04-17 19:49:09,681 [main] INFO  base.BaseClass - Found Element By {by.toString()}
2024-04-17 19:49:10,223 [main] INFO  base.BaseClass - Trying to find Element By {by.toString()})
2024-04-17 19:49:10,250 [main] INFO  base.BaseClass - Found Element By {by.toString()}
2024-04-17 19:49:10,801 [main] INFO  base.BaseClass - Trying to find Element By {by.toString()})
2024-04-17 19:49:10,829 [main] INFO  base.BaseClass - Found Element By {by.toString()}
2024-04-17 19:49:11,380 [main] INFO  base.BaseClass - Trying to find Element By {by.toString()})
2024-04-17 19:49:11,408 [main] INFO  base.BaseClass - Found Element By {by.toString()}
2024-04-17 19:49:11,961 [main] INFO  base.BaseClass - Trying to find Element By {by.toString()})
2024-04-17 19:49:11,990 [main] INFO  base.BaseClass - Found Element By {by.toString()}
2024-04-17 19:49:12,536 [main] INFO  base.BaseClass - Trying to find Element By {by.toString()})
2024-04-17 19:49:12,556 [main] INFO  base.BaseClass - Found Element By {by.toString()}
2024-04-17 19:49:13,085 [main] INFO  base.BaseClass - Trying to find Element By {by.toString()})
2024-04-17 19:49:13,116 [main] INFO  base.BaseClass - Found Element By {by.toString()}
2024-04-17 19:49:13,665 [main] INFO  base.BaseClass - Trying to find Element By {by.toString()})
2024-04-17 19:49:13,694 [main] INFO  base.BaseClass - Found Element By {by.toString()}
2024-04-17 19:49:14,248 [main] INFO  base.BaseClass - Trying to find Element By {by.toString()})
2024-04-17 19:49:14,277 [main] INFO  base.BaseClass - Found Element By {by.toString()}
2024-04-17 19:49:14,827 [main] INFO  base.BaseClass - Trying to find Element By {by.toString()})
2024-04-17 19:49:14,856 [main] INFO  base.BaseClass - Found Element By {by.toString()}
2024-04-17 19:49:15,407 [main] INFO  base.BaseClass - Trying to find Element By {by.toString()})
2024-04-17 19:49:15,436 [main] INFO  base.BaseClass - Found Element By {by.toString()}
2024-04-17 19:49:15,987 [main] INFO  base.BaseClass - Trying to find Element By {by.toString()})
2024-04-17 19:49:16,016 [main] INFO  base.BaseClass - Found Element By {by.toString()}
2024-04-17 19:49:16,565 [main] INFO  base.BaseClass - Trying to find Element By {by.toString()})
2024-04-17 19:49:16,584 [main] INFO  base.BaseClass - Found Element By {by.toString()}
2024-04-17 19:49:17,110 [main] INFO  base.BaseClass - Trying to find Element By {by.toString()})
2024-04-17 19:49:17,137 [main] INFO  base.BaseClass - Found Element By {by.toString()}
2024-04-17 19:49:17,686 [main] INFO  base.BaseClass - Trying to find Element By {by.toString()})
2024-04-17 19:49:17,715 [main] INFO  base.BaseClass - Found Element By {by.toString()}
2024-04-17 19:49:18,267 [main] INFO  base.BaseClass - Trying to find Element By {by.toString()})
2024-04-17 19:49:18,296 [main] INFO  base.BaseClass - Found Element By {by.toString()}
2024-04-17 19:49:18,846 [main] INFO  base.BaseClass - Trying to find Element By {by.toString()})
2024-04-17 19:49:18,874 [main] INFO  base.BaseClass - Found Element By {by.toString()}
2024-04-17 19:49:19,407 [main] INFO  base.BaseClass - Trying to find Element By {by.toString()})
2024-04-17 19:49:19,436 [main] INFO  base.BaseClass - Found Element By {by.toString()}
2024-04-17 19:49:19,984 [main] INFO  base.BaseClass - Trying to find Element By {by.toString()})
2024-04-17 19:49:20,012 [main] INFO  base.BaseClass - Found Element By {by.toString()}
2024-04-17 19:49:20,559 [main] INFO  base.BaseClass - Trying to find Element By {by.toString()})
2024-04-17 19:49:20,586 [main] INFO  base.BaseClass - Found Element By {by.toString()}
2024-04-17 19:49:21,122 [main] INFO  base.BaseClass - Trying to find Element By {by.toString()})
2024-04-17 19:49:21,151 [main] INFO  base.BaseClass - Found Element By {by.toString()}
2024-04-17 19:49:21,698 [main] INFO  base.BaseClass - Trying to find Element By {by.toString()})
2024-04-17 19:49:21,726 [main] INFO  base.BaseClass - Found Element By {by.toString()}
2024-04-17 19:49:22,277 [main] INFO  base.BaseClass - Trying to find Element By {by.toString()})
2024-04-17 19:49:22,307 [main] INFO  base.BaseClass - Found Element By {by.toString()}
2024-04-17 19:49:22,841 [main] INFO  base.BaseClass - Trying to find Element By {by.toString()})
2024-04-17 19:49:22,868 [main] INFO  base.BaseClass - Found Element By {by.toString()}
2024-04-17 19:49:23,405 [main] INFO  base.BaseClass - Trying to find Element By {by.toString()})
2024-04-17 19:49:23,434 [main] INFO  base.BaseClass - Found Element By {by.toString()}
2024-04-17 19:49:23,985 [main] INFO  base.BaseClass - Trying to find Element By {by.toString()})
2024-04-17 19:49:24,015 [main] INFO  base.BaseClass - Found Element By {by.toString()}
2024-04-17 19:49:24,566 [main] INFO  base.BaseClass - Trying to find Element By {by.toString()})
2024-04-17 19:49:24,596 [main] INFO  base.BaseClass - Found Element By {by.toString()}
2024-04-17 19:49:25,141 [main] INFO  base.BaseClass - Trying to find Element By {by.toString()})
2024-04-17 19:49:25,161 [main] INFO  base.BaseClass - Found Element By {by.toString()}
2024-04-17 19:49:25,703 [main] INFO  base.BaseClass - Trying to find Element By {by.toString()})
2024-04-17 19:49:25,734 [main] INFO  base.BaseClass - Found Element By {by.toString()}
TimeoutException occurred: Expected condition failed: waiting for helper.WaitUtility$5@74cb8111 (tried for 30 second(s) with 500 milliseconds interval)
Build info: version: '3.141.59', revision: 'e82be7d358', time: '2018-11-14T08:17:03'
System info: host: 'DPLAP166', ip: '137.237.2.236', os.name: 'Windows 10', os.arch: 'amd64', os.version: '10.0', java.version: '19.0.1'
Driver info: org.openqa.selenium.support.events.EventFiringWebDriver
Capabilities {acceptInsecureCerts: true, browserName: chrome, browserVersion: 123.0.6312.123, chrome: {chromedriverVersion: 123.0.6312.122 (31f8248cdd9..., userDataDir: C:\Users\dP-PL\AppData\Loca...}, fedcm:accounts: true, goog:chromeOptions: {debuggerAddress: localhost:51256}, javascriptEnabled: true, networkConnectionEnabled: false, pageLoadStrategy: normal, platform: WINDOWS, platformName: WINDOWS, proxy: Proxy(), setWindowRect: true, strictFileInteractability: false, timeouts: {implicit: 0, pageLoad: 300000, script: 30000}, unhandledPromptBehavior: dismiss and notify, webauthn:extension:credBlob: true, webauthn:extension:largeBlob: true, webauthn:extension:minPinLength: true, webauthn:extension:prf: true, webauthn:virtualAuthenticators: true}
Session ID: a59c4df4811f82049fe754efe723d3c1
2024-04-17 19:49:25,771 [main] ERROR RotationCopy_test - Element did not become visible within the specified time: Expected condition failed: waiting for helper.WaitUtility$5@74cb8111 (tried for 30 second(s) with 500 milliseconds interval)
Build info: version: '3.141.59', revision: 'e82be7d358', time: '2018-11-14T08:17:03'
System info: host: 'DPLAP166', ip: '137.237.2.236', os.name: 'Windows 10', os.arch: 'amd64', os.version: '10.0', java.version: '19.0.1'
Driver info: org.openqa.selenium.support.events.EventFiringWebDriver
Capabilities {acceptInsecureCerts: true, browserName: chrome, browserVersion: 123.0.6312.123, chrome: {chromedriverVersion: 123.0.6312.122 (31f8248cdd9..., userDataDir: C:\Users\dP-PL\AppData\Loca...}, fedcm:accounts: true, goog:chromeOptions: {debuggerAddress: localhost:51256}, javascriptEnabled: true, networkConnectionEnabled: false, pageLoadStrategy: normal, platform: WINDOWS, platformName: WINDOWS, proxy: Proxy(), setWindowRect: true, strictFileInteractability: false, timeouts: {implicit: 0, pageLoad: 300000, script: 30000}, unhandledPromptBehavior: dismiss and notify, webauthn:extension:credBlob: true, webauthn:extension:largeBlob: true, webauthn:extension:minPinLength: true, webauthn:extension:prf: true, webauthn:virtualAuthenticators: true}
Session ID: a59c4df4811f82049fe754efe723d3c1
2024-04-17 19:49:25,771 [main] INFO  base.BaseClass - Trying to find Element By {by.toString()})
2024-04-17 19:49:25,788 [main] INFO  base.BaseClass - Found Element By {by.toString()}
2024-04-17 19:49:25,788 [main] INFO  base.BaseClass - Trying to click on: {element.toString()}
2024-04-17 19:49:25,832 [main] INFO  base.BaseClass - Clicked on: {element.toString()}
2024-04-17 19:49:25,838 [main] INFO  base.BaseClass - Trying to find Element By {by.toString()})
2024-04-17 19:49:25,847 [main] INFO  base.BaseClass - Found Element By {by.toString()}
2024-04-17 19:49:26,375 [main] INFO  base.BaseClass - Trying to find Element By {by.toString()})
2024-04-17 19:49:26,680 [main] INFO  base.BaseClass - Found Element By {by.toString()}
2024-04-17 19:49:28,624 [main] INFO  base.BaseClass - Trying to find Element By {by.toString()})
2024-04-17 19:49:28,651 [main] INFO  base.BaseClass - Found Element By {by.toString()}
2024-04-17 19:49:29,175 [main] INFO  base.BaseClass - Trying to find Element By {by.toString()})
2024-04-17 19:49:29,205 [main] INFO  base.BaseClass - Found Element By {by.toString()}
2024-04-17 19:49:29,741 [main] INFO  base.BaseClass - Trying to find Element By {by.toString()})
2024-04-17 19:49:29,771 [main] INFO  base.BaseClass - Found Element By {by.toString()}
2024-04-17 19:49:30,320 [main] INFO  base.BaseClass - Trying to find Element By {by.toString()})
2024-04-17 19:49:30,349 [main] INFO  base.BaseClass - Found Element By {by.toString()}
2024-04-17 19:49:30,901 [main] INFO  base.BaseClass - Trying to find Element By {by.toString()})
2024-04-17 19:49:30,931 [main] INFO  base.BaseClass - Found Element By {by.toString()}
2024-04-17 19:49:31,482 [main] INFO  base.BaseClass - Trying to find Element By {by.toString()})
2024-04-17 19:49:31,511 [main] INFO  base.BaseClass - Found Element By {by.toString()}
2024-04-17 19:49:32,061 [main] INFO  base.BaseClass - Trying to find Element By {by.toString()})
2024-04-17 19:49:32,091 [main] INFO  base.BaseClass - Found Element By {by.toString()}
2024-04-17 19:49:32,642 [main] INFO  base.BaseClass - Trying to find Element By {by.toString()})
2024-04-17 19:49:32,661 [main] INFO  base.BaseClass - Found Element By {by.toString()}
2024-04-17 19:49:33,192 [main] INFO  base.BaseClass - Trying to find Element By {by.toString()})
2024-04-17 19:49:33,204 [main] INFO  base.BaseClass - Found Element By {by.toString()}
2024-04-17 19:49:33,730 [main] INFO  base.BaseClass - Trying to find Element By {by.toString()})
2024-04-17 19:49:33,745 [main] INFO  base.BaseClass - Found Element By {by.toString()}
2024-04-17 19:49:34,283 [main] INFO  base.BaseClass - Trying to find Element By {by.toString()})
2024-04-17 19:49:34,301 [main] INFO  base.BaseClass - Found Element By {by.toString()}
2024-04-17 19:49:34,829 [main] INFO  base.BaseClass - Trying to find Element By {by.toString()})
2024-04-17 19:49:34,876 [main] INFO  base.BaseClass - Found Element By {by.toString()}
2024-04-17 19:49:35,391 [main] INFO  base.BaseClass - Trying to find Element By {by.toString()})
2024-04-17 19:49:35,419 [main] INFO  base.BaseClass - Found Element By {by.toString()}
2024-04-17 19:49:35,953 [main] INFO  base.BaseClass - Trying to find Element By {by.toString()})
2024-04-17 19:49:35,984 [main] INFO  base.BaseClass - Found Element By {by.toString()}
2024-04-17 19:49:36,533 [main] INFO  base.BaseClass - Trying to find Element By {by.toString()})
2024-04-17 19:49:36,563 [main] INFO  base.BaseClass - Found Element By {by.toString()}
2024-04-17 19:49:37,109 [main] INFO  base.BaseClass - Trying to find Element By {by.toString()})
2024-04-17 19:49:37,138 [main] INFO  base.BaseClass - Found Element By {by.toString()}
2024-04-17 19:49:37,686 [main] INFO  base.BaseClass - Trying to find Element By {by.toString()})
2024-04-17 19:49:37,713 [main] INFO  base.BaseClass - Found Element By {by.toString()}
2024-04-17 19:49:38,247 [main] INFO  base.BaseClass - Trying to find Element By {by.toString()})
2024-04-17 19:49:38,261 [main] INFO  base.BaseClass - Found Element By {by.toString()}
2024-04-17 19:49:38,794 [main] INFO  base.BaseClass - Trying to find Element By {by.toString()})
2024-04-17 19:49:38,823 [main] INFO  base.BaseClass - Found Element By {by.toString()}
2024-04-17 19:49:39,370 [main] INFO  base.BaseClass - Trying to find Element By {by.toString()})
2024-04-17 19:49:39,442 [main] INFO  base.BaseClass - Found Element By {by.toString()}
2024-04-17 19:49:39,981 [main] INFO  base.BaseClass - Trying to find Element By {by.toString()})
2024-04-17 19:49:40,011 [main] INFO  base.BaseClass - Found Element By {by.toString()}
2024-04-17 19:49:40,561 [main] INFO  base.BaseClass - Trying to find Element By {by.toString()})
2024-04-17 19:49:40,590 [main] INFO  base.BaseClass - Found Element By {by.toString()}
2024-04-17 19:49:41,137 [main] INFO  base.BaseClass - Trying to find Element By {by.toString()})
2024-04-17 19:49:41,166 [main] INFO  base.BaseClass - Found Element By {by.toString()}
2024-04-17 19:49:41,715 [main] INFO  base.BaseClass - Trying to find Element By {by.toString()})
2024-04-17 19:49:41,745 [main] INFO  base.BaseClass - Found Element By {by.toString()}
2024-04-17 19:49:42,277 [main] INFO  base.BaseClass - Trying to find Element By {by.toString()})
2024-04-17 19:49:42,306 [main] INFO  base.BaseClass - Found Element By {by.toString()}
2024-04-17 19:49:42,860 [main] INFO  base.BaseClass - Trying to find Element By {by.toString()})
2024-04-17 19:49:42,889 [main] INFO  base.BaseClass - Found Element By {by.toString()}
2024-04-17 19:49:43,425 [main] INFO  base.BaseClass - Trying to find Element By {by.toString()})
2024-04-17 19:49:43,453 [main] INFO  base.BaseClass - Found Element By {by.toString()}
2024-04-17 19:49:44,003 [main] INFO  base.BaseClass - Trying to find Element By {by.toString()})
2024-04-17 19:49:44,032 [main] INFO  base.BaseClass - Found Element By {by.toString()}
2024-04-17 19:49:44,564 [main] INFO  base.BaseClass - Trying to find Element By {by.toString()})
2024-04-17 19:49:44,593 [main] INFO  base.BaseClass - Found Element By {by.toString()}
2024-04-17 19:49:45,145 [main] INFO  base.BaseClass - Trying to find Element By {by.toString()})
2024-04-17 19:49:45,176 [main] INFO  base.BaseClass - Found Element By {by.toString()}
2024-04-17 19:49:45,710 [main] INFO  base.BaseClass - Trying to find Element By {by.toString()})
2024-04-17 19:49:45,723 [main] INFO  base.BaseClass - Found Element By {by.toString()}
2024-04-17 19:49:46,239 [main] INFO  base.BaseClass - Trying to find Element By {by.toString()})
2024-04-17 19:49:46,251 [main] INFO  base.BaseClass - Found Element By {by.toString()}
2024-04-17 19:49:46,775 [main] INFO  base.BaseClass - Trying to find Element By {by.toString()})
2024-04-17 19:49:46,788 [main] INFO  base.BaseClass - Found Element By {by.toString()}
2024-04-17 19:49:47,311 [main] INFO  base.BaseClass - Trying to find Element By {by.toString()})
2024-04-17 19:49:47,323 [main] INFO  base.BaseClass - Found Element By {by.toString()}
2024-04-17 19:49:47,846 [main] INFO  base.BaseClass - Trying to find Element By {by.toString()})
2024-04-17 19:49:47,871 [main] INFO  base.BaseClass - Found Element By {by.toString()}
2024-04-17 19:49:48,408 [main] INFO  base.BaseClass - Trying to find Element By {by.toString()})
2024-04-17 19:49:48,435 [main] INFO  base.BaseClass - Found Element By {by.toString()}
2024-04-17 19:49:48,969 [main] INFO  base.BaseClass - Trying to find Element By {by.toString()})
2024-04-17 19:49:48,999 [main] INFO  base.BaseClass - Found Element By {by.toString()}
2024-04-17 19:49:49,545 [main] INFO  base.BaseClass - Trying to find Element By {by.toString()})
2024-04-17 19:49:49,575 [main] INFO  base.BaseClass - Found Element By {by.toString()}
2024-04-17 19:49:50,111 [main] INFO  base.BaseClass - Trying to find Element By {by.toString()})
2024-04-17 19:49:50,140 [main] INFO  base.BaseClass - Found Element By {by.toString()}
2024-04-17 19:49:50,688 [main] INFO  base.BaseClass - Trying to find Element By {by.toString()})
2024-04-17 19:49:50,717 [main] INFO  base.BaseClass - Found Element By {by.toString()}
2024-04-17 19:49:51,266 [main] INFO  base.BaseClass - Trying to find Element By {by.toString()})
2024-04-17 19:49:51,296 [main] INFO  base.BaseClass - Found Element By {by.toString()}
2024-04-17 19:49:51,834 [main] INFO  base.BaseClass - Trying to find Element By {by.toString()})
2024-04-17 19:49:51,860 [main] INFO  base.BaseClass - Found Element By {by.toString()}
2024-04-17 19:49:52,413 [main] INFO  base.BaseClass - Trying to find Element By {by.toString()})
2024-04-17 19:49:52,433 [main] INFO  base.BaseClass - Found Element By {by.toString()}
2024-04-17 19:49:52,961 [main] INFO  base.BaseClass - Trying to find Element By {by.toString()})
2024-04-17 19:49:52,989 [main] INFO  base.BaseClass - Found Element By {by.toString()}
2024-04-17 19:49:53,542 [main] INFO  base.BaseClass - Trying to find Element By {by.toString()})
2024-04-17 19:49:53,581 [main] INFO  base.BaseClass - Found Element By {by.toString()}
2024-04-17 19:49:54,108 [main] INFO  base.BaseClass - Trying to find Element By {by.toString()})
2024-04-17 19:49:54,131 [main] INFO  base.BaseClass - Found Element By {by.toString()}
2024-04-17 19:49:54,673 [main] INFO  base.BaseClass - Trying to find Element By {by.toString()})
2024-04-17 19:49:54,702 [main] INFO  base.BaseClass - Found Element By {by.toString()}
2024-04-17 19:49:55,248 [main] INFO  base.BaseClass - Trying to find Element By {by.toString()})
2024-04-17 19:49:55,277 [main] INFO  base.BaseClass - Found Element By {by.toString()}
2024-04-17 19:49:55,825 [main] INFO  base.BaseClass - Trying to find Element By {by.toString()})
2024-04-17 19:49:55,846 [main] INFO  base.BaseClass - Found Element By {by.toString()}
TimeoutException occurred: Expected condition failed: waiting for helper.WaitUtility$5@61c16436 (tried for 30 second(s) with 500 milliseconds interval)
Build info: version: '3.141.59', revision: 'e82be7d358', time: '2018-11-14T08:17:03'
System info: host: 'DPLAP166', ip: '137.237.2.236', os.name: 'Windows 10', os.arch: 'amd64', os.version: '10.0', java.version: '19.0.1'
Driver info: org.openqa.selenium.support.events.EventFiringWebDriver
Capabilities {acceptInsecureCerts: true, browserName: chrome, browserVersion: 123.0.6312.123, chrome: {chromedriverVersion: 123.0.6312.122 (31f8248cdd9..., userDataDir: C:\Users\dP-PL\AppData\Loca...}, fedcm:accounts: true, goog:chromeOptions: {debuggerAddress: localhost:51256}, javascriptEnabled: true, networkConnectionEnabled: false, pageLoadStrategy: normal, platform: WINDOWS, platformName: WINDOWS, proxy: Proxy(), setWindowRect: true, strictFileInteractability: false, timeouts: {implicit: 0, pageLoad: 300000, script: 30000}, unhandledPromptBehavior: dismiss and notify, webauthn:extension:credBlob: true, webauthn:extension:largeBlob: true, webauthn:extension:minPinLength: true, webauthn:extension:prf: true, webauthn:virtualAuthenticators: true}
Session ID: a59c4df4811f82049fe754efe723d3c1
2024-04-17 19:49:55,876 [main] ERROR RotationCopy_test - Element did not become visible within the specified time: Expected condition failed: waiting for helper.WaitUtility$5@61c16436 (tried for 30 second(s) with 500 milliseconds interval)
Build info: version: '3.141.59', revision: 'e82be7d358', time: '2018-11-14T08:17:03'
System info: host: 'DPLAP166', ip: '137.237.2.236', os.name: 'Windows 10', os.arch: 'amd64', os.version: '10.0', java.version: '19.0.1'
Driver info: org.openqa.selenium.support.events.EventFiringWebDriver
Capabilities {acceptInsecureCerts: true, browserName: chrome, browserVersion: 123.0.6312.123, chrome: {chromedriverVersion: 123.0.6312.122 (31f8248cdd9..., userDataDir: C:\Users\dP-PL\AppData\Loca...}, fedcm:accounts: true, goog:chromeOptions: {debuggerAddress: localhost:51256}, javascriptEnabled: true, networkConnectionEnabled: false, pageLoadStrategy: normal, platform: WINDOWS, platformName: WINDOWS, proxy: Proxy(), setWindowRect: true, strictFileInteractability: false, timeouts: {implicit: 0, pageLoad: 300000, script: 30000}, unhandledPromptBehavior: dismiss and notify, webauthn:extension:credBlob: true, webauthn:extension:largeBlob: true, webauthn:extension:minPinLength: true, webauthn:extension:prf: true, webauthn:virtualAuthenticators: true}
Session ID: a59c4df4811f82049fe754efe723d3c1
2024-04-17 19:49:55,876 [main] INFO  base.BaseClass - Trying to find Element By {by.toString()})
2024-04-17 19:49:55,900 [main] INFO  base.BaseClass - Found Element By {by.toString()}
2024-04-17 19:49:55,901 [main] INFO  base.BaseClass - Trying to click on: {element.toString()}
2024-04-17 19:49:56,013 [main] INFO  base.BaseClass - Clicked on: {element.toString()}
2024-04-17 19:49:56,013 [main] INFO  base.BaseClass - Trying to find Element By {by.toString()})
2024-04-17 19:49:56,871 [main] INFO  base.BaseClass - Found Element By {by.toString()}
2024-04-17 19:49:57,390 [main] INFO  base.BaseClass - Trying to find Element By {by.toString()})
2024-04-17 19:49:57,423 [main] INFO  base.BaseClass - Found Element By {by.toString()}
2024-04-17 19:49:57,957 [main] INFO  base.BaseClass - Trying to find Element By {by.toString()})
2024-04-17 19:49:57,987 [main] INFO  base.BaseClass - Found Element By {by.toString()}
2024-04-17 19:49:58,536 [main] INFO  base.BaseClass - Trying to find Element By {by.toString()})
2024-04-17 19:49:58,566 [main] INFO  base.BaseClass - Found Element By {by.toString()}
2024-04-17 19:49:59,112 [main] INFO  base.BaseClass - Trying to find Element By {by.toString()})
2024-04-17 19:49:59,144 [main] INFO  base.BaseClass - Found Element By {by.toString()}
2024-04-17 19:49:59,692 [main] INFO  base.BaseClass - Trying to find Element By {by.toString()})
2024-04-17 19:49:59,725 [main] INFO  base.BaseClass - Found Element By {by.toString()}
2024-04-17 19:50:00,274 [main] INFO  base.BaseClass - Trying to find Element By {by.toString()})
2024-04-17 19:50:00,305 [main] INFO  base.BaseClass - Found Element By {by.toString()}
2024-04-17 19:50:00,837 [main] INFO  base.BaseClass - Trying to find Element By {by.toString()})
2024-04-17 19:50:00,870 [main] INFO  base.BaseClass - Found Element By {by.toString()}
2024-04-17 19:50:01,417 [main] INFO  base.BaseClass - Trying to find Element By {by.toString()})
2024-04-17 19:50:01,449 [main] INFO  base.BaseClass - Found Element By {by.toString()}
2024-04-17 19:50:01,996 [main] INFO  base.BaseClass - Trying to find Element By {by.toString()})
2024-04-17 19:50:02,030 [main] INFO  base.BaseClass - Found Element By {by.toString()}
2024-04-17 19:50:02,560 [main] INFO  base.BaseClass - Trying to find Element By {by.toString()})
2024-04-17 19:50:02,593 [main] INFO  base.BaseClass - Found Element By {by.toString()}
2024-04-17 19:50:03,136 [main] INFO  base.BaseClass - Trying to find Element By {by.toString()})
2024-04-17 19:50:03,168 [main] INFO  base.BaseClass - Found Element By {by.toString()}
2024-04-17 19:50:03,716 [main] INFO  base.BaseClass - Trying to find Element By {by.toString()})
2024-04-17 19:50:03,746 [main] INFO  base.BaseClass - Found Element By {by.toString()}
2024-04-17 19:50:04,298 [main] INFO  base.BaseClass - Trying to find Element By {by.toString()})
2024-04-17 19:50:04,329 [main] INFO  base.BaseClass - Found Element By {by.toString()}
2024-04-17 19:50:04,880 [main] INFO  base.BaseClass - Trying to find Element By {by.toString()})
2024-04-17 19:50:04,905 [main] INFO  base.BaseClass - Found Element By {by.toString()}
2024-04-17 19:50:05,443 [main] INFO  base.BaseClass - Trying to find Element By {by.toString()})
2024-04-17 19:50:05,464 [main] INFO  base.BaseClass - Found Element By {by.toString()}
2024-04-17 19:50:06,006 [main] INFO  base.BaseClass - Trying to find Element By {by.toString()})
2024-04-17 19:50:06,036 [main] INFO  base.BaseClass - Found Element By {by.toString()}
2024-04-17 19:50:06,581 [main] INFO  base.BaseClass - Trying to find Element By {by.toString()})
2024-04-17 19:50:06,614 [main] INFO  base.BaseClass - Found Element By {by.toString()}
2024-04-17 19:50:07,160 [main] INFO  base.BaseClass - Trying to find Element By {by.toString()})
2024-04-17 19:50:07,192 [main] INFO  base.BaseClass - Found Element By {by.toString()}
2024-04-17 19:50:07,727 [main] INFO  base.BaseClass - Trying to find Element By {by.toString()})
2024-04-17 19:50:07,759 [main] INFO  base.BaseClass - Found Element By {by.toString()}
2024-04-17 19:50:08,295 [main] INFO  base.BaseClass - Trying to find Element By {by.toString()})
2024-04-17 19:50:08,326 [main] INFO  base.BaseClass - Found Element By {by.toString()}
2024-04-17 19:50:08,875 [main] INFO  base.BaseClass - Trying to find Element By {by.toString()})
2024-04-17 19:50:08,907 [main] INFO  base.BaseClass - Found Element By {by.toString()}
2024-04-17 19:50:09,441 [main] INFO  base.BaseClass - Trying to find Element By {by.toString()})
2024-04-17 19:50:09,472 [main] INFO  base.BaseClass - Found Element By {by.toString()}
2024-04-17 19:50:10,021 [main] INFO  base.BaseClass - Trying to find Element By {by.toString()})
2024-04-17 19:50:10,051 [main] INFO  base.BaseClass - Found Element By {by.toString()}
2024-04-17 19:50:10,601 [main] INFO  base.BaseClass - Trying to find Element By {by.toString()})
2024-04-17 19:50:10,631 [main] INFO  base.BaseClass - Found Element By {by.toString()}
2024-04-17 19:50:11,177 [main] INFO  base.BaseClass - Trying to find Element By {by.toString()})
2024-04-17 19:50:11,205 [main] INFO  base.BaseClass - Found Element By {by.toString()}
2024-04-17 19:50:11,742 [main] INFO  base.BaseClass - Trying to find Element By {by.toString()})
2024-04-17 19:50:11,773 [main] INFO  base.BaseClass - Found Element By {by.toString()}
2024-04-17 19:50:12,319 [main] INFO  base.BaseClass - Trying to find Element By {by.toString()})
2024-04-17 19:50:12,329 [main] INFO  base.BaseClass - Found Element By {by.toString()}
2024-04-17 19:50:12,849 [main] INFO  base.BaseClass - Trying to find Element By {by.toString()})
2024-04-17 19:50:12,863 [main] INFO  base.BaseClass - Found Element By {by.toString()}
2024-04-17 19:50:13,379 [main] INFO  base.BaseClass - Trying to find Element By {by.toString()})
2024-04-17 19:50:13,411 [main] INFO  base.BaseClass - Found Element By {by.toString()}
2024-04-17 19:50:13,955 [main] INFO  base.BaseClass - Trying to find Element By {by.toString()})
2024-04-17 19:50:13,974 [main] INFO  base.BaseClass - Found Element By {by.toString()}
2024-04-17 19:50:14,502 [main] INFO  base.BaseClass - Trying to find Element By {by.toString()})
2024-04-17 19:50:14,520 [main] INFO  base.BaseClass - Found Element By {by.toString()}
2024-04-17 19:50:15,047 [main] INFO  base.BaseClass - Trying to find Element By {by.toString()})
2024-04-17 19:50:15,081 [main] INFO  base.BaseClass - Found Element By {by.toString()}
2024-04-17 19:50:15,626 [main] INFO  base.BaseClass - Trying to find Element By {by.toString()})
2024-04-17 19:50:15,662 [main] INFO  base.BaseClass - Found Element By {by.toString()}
2024-04-17 19:50:16,201 [main] INFO  base.BaseClass - Trying to find Element By {by.toString()})
2024-04-17 19:50:16,236 [main] INFO  base.BaseClass - Found Element By {by.toString()}
2024-04-17 19:50:16,777 [main] INFO  base.BaseClass - Trying to find Element By {by.toString()})
2024-04-17 19:50:16,814 [main] INFO  base.BaseClass - Found Element By {by.toString()}
2024-04-17 19:50:17,369 [main] INFO  base.BaseClass - Trying to find Element By {by.toString()})
2024-04-17 19:50:17,405 [main] INFO  base.BaseClass - Found Element By {by.toString()}
2024-04-17 19:50:17,947 [main] INFO  base.BaseClass - Trying to find Element By {by.toString()})
2024-04-17 19:50:17,981 [main] INFO  base.BaseClass - Found Element By {by.toString()}
2024-04-17 19:50:18,526 [main] INFO  base.BaseClass - Trying to find Element By {by.toString()})
2024-04-17 19:50:18,562 [main] INFO  base.BaseClass - Found Element By {by.toString()}
2024-04-17 19:50:19,106 [main] INFO  base.BaseClass - Trying to find Element By {by.toString()})
2024-04-17 19:50:19,143 [main] INFO  base.BaseClass - Found Element By {by.toString()}
2024-04-17 19:50:19,686 [main] INFO  base.BaseClass - Trying to find Element By {by.toString()})
2024-04-17 19:50:19,719 [main] INFO  base.BaseClass - Found Element By {by.toString()}
2024-04-17 19:50:20,251 [main] INFO  base.BaseClass - Trying to find Element By {by.toString()})
2024-04-17 19:50:20,284 [main] INFO  base.BaseClass - Found Element By {by.toString()}
2024-04-17 19:50:20,817 [main] INFO  base.BaseClass - Trying to find Element By {by.toString()})
2024-04-17 19:50:20,852 [main] INFO  base.BaseClass - Found Element By {by.toString()}
2024-04-17 19:50:21,398 [main] INFO  base.BaseClass - Trying to find Element By {by.toString()})
2024-04-17 19:50:21,433 [main] INFO  base.BaseClass - Found Element By {by.toString()}
2024-04-17 19:50:21,970 [main] INFO  base.BaseClass - Trying to find Element By {by.toString()})
2024-04-17 19:50:22,006 [main] INFO  base.BaseClass - Found Element By {by.toString()}
2024-04-17 19:50:22,548 [main] INFO  base.BaseClass - Trying to find Element By {by.toString()})
2024-04-17 19:50:22,583 [main] INFO  base.BaseClass - Found Element By {by.toString()}
2024-04-17 19:50:23,128 [main] INFO  base.BaseClass - Trying to find Element By {by.toString()})
2024-04-17 19:50:23,159 [main] INFO  base.BaseClass - Found Element By {by.toString()}
2024-04-17 19:50:23,706 [main] INFO  base.BaseClass - Trying to find Element By {by.toString()})
2024-04-17 19:50:23,739 [main] INFO  base.BaseClass - Found Element By {by.toString()}
2024-04-17 19:50:24,270 [main] INFO  base.BaseClass - Trying to find Element By {by.toString()})
2024-04-17 19:50:24,301 [main] INFO  base.BaseClass - Found Element By {by.toString()}
2024-04-17 19:50:24,849 [main] INFO  base.BaseClass - Trying to find Element By {by.toString()})
2024-04-17 19:50:24,879 [main] INFO  base.BaseClass - Found Element By {by.toString()}
2024-04-17 19:50:25,413 [main] INFO  base.BaseClass - Trying to find Element By {by.toString()})
2024-04-17 19:50:25,444 [main] INFO  base.BaseClass - Found Element By {by.toString()}
2024-04-17 19:50:25,978 [main] INFO  base.BaseClass - Trying to find Element By {by.toString()})
2024-04-17 19:50:26,010 [main] INFO  base.BaseClass - Found Element By {by.toString()}
TimeoutException occurred: Expected condition failed: waiting for helper.WaitUtility$5@92887b7 (tried for 30 second(s) with 500 milliseconds interval)
Build info: version: '3.141.59', revision: 'e82be7d358', time: '2018-11-14T08:17:03'
System info: host: 'DPLAP166', ip: '137.237.2.236', os.name: 'Windows 10', os.arch: 'amd64', os.version: '10.0', java.version: '19.0.1'
Driver info: org.openqa.selenium.support.events.EventFiringWebDriver
Capabilities {acceptInsecureCerts: true, browserName: chrome, browserVersion: 123.0.6312.123, chrome: {chromedriverVersion: 123.0.6312.122 (31f8248cdd9..., userDataDir: C:\Users\dP-PL\AppData\Loca...}, fedcm:accounts: true, goog:chromeOptions: {debuggerAddress: localhost:51256}, javascriptEnabled: true, networkConnectionEnabled: false, pageLoadStrategy: normal, platform: WINDOWS, platformName: WINDOWS, proxy: Proxy(), setWindowRect: true, strictFileInteractability: false, timeouts: {implicit: 0, pageLoad: 300000, script: 30000}, unhandledPromptBehavior: dismiss and notify, webauthn:extension:credBlob: true, webauthn:extension:largeBlob: true, webauthn:extension:minPinLength: true, webauthn:extension:prf: true, webauthn:virtualAuthenticators: true}
Session ID: a59c4df4811f82049fe754efe723d3c1
2024-04-17 19:50:26,044 [main] ERROR RotationCopy_test - Element did not become visible within the specified time: Expected condition failed: waiting for helper.WaitUtility$5@92887b7 (tried for 30 second(s) with 500 milliseconds interval)
Build info: version: '3.141.59', revision: 'e82be7d358', time: '2018-11-14T08:17:03'
System info: host: 'DPLAP166', ip: '137.237.2.236', os.name: 'Windows 10', os.arch: 'amd64', os.version: '10.0', java.version: '19.0.1'
Driver info: org.openqa.selenium.support.events.EventFiringWebDriver
Capabilities {acceptInsecureCerts: true, browserName: chrome, browserVersion: 123.0.6312.123, chrome: {chromedriverVersion: 123.0.6312.122 (31f8248cdd9..., userDataDir: C:\Users\dP-PL\AppData\Loca...}, fedcm:accounts: true, goog:chromeOptions: {debuggerAddress: localhost:51256}, javascriptEnabled: true, networkConnectionEnabled: false, pageLoadStrategy: normal, platform: WINDOWS, platformName: WINDOWS, proxy: Proxy(), setWindowRect: true, strictFileInteractability: false, timeouts: {implicit: 0, pageLoad: 300000, script: 30000}, unhandledPromptBehavior: dismiss and notify, webauthn:extension:credBlob: true, webauthn:extension:largeBlob: true, webauthn:extension:minPinLength: true, webauthn:extension:prf: true, webauthn:virtualAuthenticators: true}
Session ID: a59c4df4811f82049fe754efe723d3c1
2024-04-17 19:50:26,045 [main] INFO  base.BaseClass - Trying to find Element By {by.toString()})
2024-04-17 19:50:26,055 [main] INFO  base.BaseClass - Found Element By {by.toString()}
2024-04-17 19:50:26,056 [main] INFO  base.BaseClass - Trying to click on: {element.toString()}
2024-04-17 19:50:26,122 [main] INFO  base.BaseClass - Clicked on: {element.toString()}
2024-04-17 19:50:26,122 [main] INFO  base.BaseClass - Trying to find Element By {by.toString()})
2024-04-17 19:50:26,132 [main] INFO  base.BaseClass - Found Element By {by.toString()}
2024-04-17 19:50:26,651 [main] INFO  base.BaseClass - Trying to find Element By {by.toString()})
2024-04-17 19:50:26,713 [main] INFO  base.BaseClass - Found Element By {by.toString()}
2024-04-17 19:50:27,276 [main] INFO  base.BaseClass - Trying to find Element By {by.toString()})
2024-04-17 19:50:27,309 [main] INFO  base.BaseClass - Found Element By {by.toString()}
2024-04-17 19:50:27,854 [main] INFO  base.BaseClass - Trying to find Element By {by.toString()})
2024-04-17 19:50:27,885 [main] INFO  base.BaseClass - Found Element By {by.toString()}
2024-04-17 19:50:28,431 [main] INFO  base.BaseClass - Trying to find Element By {by.toString()})
2024-04-17 19:50:28,462 [main] INFO  base.BaseClass - Found Element By {by.toString()}
2024-04-17 19:50:29,008 [main] INFO  base.BaseClass - Trying to find Element By {by.toString()})
2024-04-17 19:50:29,039 [main] INFO  base.BaseClass - Found Element By {by.toString()}
2024-04-17 19:50:29,585 [main] INFO  base.BaseClass - Trying to find Element By {by.toString()})
2024-04-17 19:50:29,619 [main] INFO  base.BaseClass - Found Element By {by.toString()}
2024-04-17 19:50:30,148 [main] INFO  base.BaseClass - Trying to find Element By {by.toString()})
2024-04-17 19:50:30,172 [main] INFO  base.BaseClass - Found Element By {by.toString()}
2024-04-17 19:50:30,712 [main] INFO  base.BaseClass - Trying to find Element By {by.toString()})
2024-04-17 19:50:30,732 [main] INFO  base.BaseClass - Found Element By {by.toString()}
2024-04-17 19:50:31,262 [main] INFO  base.BaseClass - Trying to find Element By {by.toString()})
2024-04-17 19:50:31,291 [main] INFO  base.BaseClass - Found Element By {by.toString()}
2024-04-17 19:50:31,840 [main] INFO  base.BaseClass - Trying to find Element By {by.toString()})
2024-04-17 19:50:31,868 [main] INFO  base.BaseClass - Found Element By {by.toString()}
2024-04-17 19:50:32,417 [main] INFO  base.BaseClass - Trying to find Element By {by.toString()})
2024-04-17 19:50:32,447 [main] INFO  base.BaseClass - Found Element By {by.toString()}
2024-04-17 19:50:32,999 [main] INFO  base.BaseClass - Trying to find Element By {by.toString()})
2024-04-17 19:50:33,030 [main] INFO  base.BaseClass - Found Element By {by.toString()}
2024-04-17 19:50:33,580 [main] INFO  base.BaseClass - Trying to find Element By {by.toString()})
2024-04-17 19:50:33,610 [main] INFO  base.BaseClass - Found Element By {by.toString()}
2024-04-17 19:50:34,158 [main] INFO  base.BaseClass - Trying to find Element By {by.toString()})
2024-04-17 19:50:34,186 [main] INFO  base.BaseClass - Found Element By {by.toString()}
2024-04-17 19:50:34,722 [main] INFO  base.BaseClass - Trying to find Element By {by.toString()})
2024-04-17 19:50:34,753 [main] INFO  base.BaseClass - Found Element By {by.toString()}
2024-04-17 19:50:35,283 [main] INFO  base.BaseClass - Trying to find Element By {by.toString()})
2024-04-17 19:50:35,314 [main] INFO  base.BaseClass - Found Element By {by.toString()}
2024-04-17 19:50:35,859 [main] INFO  base.BaseClass - Trying to find Element By {by.toString()})
2024-04-17 19:50:35,891 [main] INFO  base.BaseClass - Found Element By {by.toString()}
2024-04-17 19:50:36,438 [main] INFO  base.BaseClass - Trying to find Element By {by.toString()})
2024-04-17 19:50:36,470 [main] INFO  base.BaseClass - Found Element By {by.toString()}
2024-04-17 19:50:37,015 [main] INFO  base.BaseClass - Trying to find Element By {by.toString()})
2024-04-17 19:50:37,033 [main] INFO  base.BaseClass - Found Element By {by.toString()}
2024-04-17 19:50:37,561 [main] INFO  base.BaseClass - Trying to find Element By {by.toString()})
2024-04-17 19:50:37,594 [main] INFO  base.BaseClass - Found Element By {by.toString()}
2024-04-17 19:50:38,138 [main] INFO  base.BaseClass - Trying to find Element By {by.toString()})
2024-04-17 19:50:38,164 [main] INFO  base.BaseClass - Found Element By {by.toString()}
2024-04-17 19:50:38,699 [main] INFO  base.BaseClass - Trying to find Element By {by.toString()})
2024-04-17 19:50:38,730 [main] INFO  base.BaseClass - Found Element By {by.toString()}
2024-04-17 19:50:39,262 [main] INFO  base.BaseClass - Trying to find Element By {by.toString()})
2024-04-17 19:50:39,293 [main] INFO  base.BaseClass - Found Element By {by.toString()}
2024-04-17 19:50:39,824 [main] INFO  base.BaseClass - Trying to find Element By {by.toString()})
2024-04-17 19:50:39,855 [main] INFO  base.BaseClass - Found Element By {by.toString()}
2024-04-17 19:50:40,402 [main] INFO  base.BaseClass - Trying to find Element By {by.toString()})
2024-04-17 19:50:40,432 [main] INFO  base.BaseClass - Found Element By {by.toString()}
2024-04-17 19:50:40,966 [main] INFO  base.BaseClass - Trying to find Element By {by.toString()})
2024-04-17 19:50:40,998 [main] INFO  base.BaseClass - Found Element By {by.toString()}
2024-04-17 19:50:41,525 [main] INFO  base.BaseClass - Trying to find Element By {by.toString()})
2024-04-17 19:50:41,555 [main] INFO  base.BaseClass - Found Element By {by.toString()}
2024-04-17 19:50:42,104 [main] INFO  base.BaseClass - Trying to find Element By {by.toString()})
2024-04-17 19:50:42,134 [main] INFO  base.BaseClass - Found Element By {by.toString()}
2024-04-17 19:50:42,677 [main] INFO  base.BaseClass - Trying to find Element By {by.toString()})
2024-04-17 19:50:42,709 [main] INFO  base.BaseClass - Found Element By {by.toString()}
2024-04-17 19:50:43,255 [main] INFO  base.BaseClass - Trying to find Element By {by.toString()})
2024-04-17 19:50:43,288 [main] INFO  base.BaseClass - Found Element By {by.toString()}
2024-04-17 19:50:43,831 [main] INFO  base.BaseClass - Trying to find Element By {by.toString()})
2024-04-17 19:50:43,863 [main] INFO  base.BaseClass - Found Element By {by.toString()}
2024-04-17 19:50:44,395 [main] INFO  base.BaseClass - Trying to find Element By {by.toString()})
2024-04-17 19:50:44,426 [main] INFO  base.BaseClass - Found Element By {by.toString()}
2024-04-17 19:50:44,974 [main] INFO  base.BaseClass - Trying to find Element By {by.toString()})
2024-04-17 19:50:45,006 [main] INFO  base.BaseClass - Found Element By {by.toString()}
2024-04-17 19:50:45,539 [main] INFO  base.BaseClass - Trying to find Element By {by.toString()})
2024-04-17 19:50:45,570 [main] INFO  base.BaseClass - Found Element By {by.toString()}
2024-04-17 19:50:46,100 [main] INFO  base.BaseClass - Trying to find Element By {by.toString()})
2024-04-17 19:50:46,128 [main] INFO  base.BaseClass - Found Element By {by.toString()}
2024-04-17 19:50:46,661 [main] INFO  base.BaseClass - Trying to find Element By {by.toString()})
2024-04-17 19:50:46,693 [main] INFO  base.BaseClass - Found Element By {by.toString()}
2024-04-17 19:50:47,239 [main] INFO  base.BaseClass - Trying to find Element By {by.toString()})
2024-04-17 19:50:47,266 [main] INFO  base.BaseClass - Found Element By {by.toString()}
2024-04-17 19:50:47,798 [main] INFO  base.BaseClass - Trying to find Element By {by.toString()})
2024-04-17 19:50:47,828 [main] INFO  base.BaseClass - Found Element By {by.toString()}
2024-04-17 19:50:48,364 [main] INFO  base.BaseClass - Trying to find Element By {by.toString()})
2024-04-17 19:50:48,394 [main] INFO  base.BaseClass - Found Element By {by.toString()}
2024-04-17 19:50:48,940 [main] INFO  base.BaseClass - Trying to find Element By {by.toString()})
2024-04-17 19:50:48,972 [main] INFO  base.BaseClass - Found Element By {by.toString()}
2024-04-17 19:50:49,518 [main] INFO  base.BaseClass - Trying to find Element By {by.toString()})
2024-04-17 19:50:49,548 [main] INFO  base.BaseClass - Found Element By {by.toString()}
2024-04-17 19:50:50,092 [main] INFO  base.BaseClass - Trying to find Element By {by.toString()})
2024-04-17 19:50:50,125 [main] INFO  base.BaseClass - Found Element By {by.toString()}
2024-04-17 19:50:50,673 [main] INFO  base.BaseClass - Trying to find Element By {by.toString()})
2024-04-17 19:50:50,734 [main] INFO  base.BaseClass - Found Element By {by.toString()}
2024-04-17 19:50:51,298 [main] INFO  base.BaseClass - Trying to find Element By {by.toString()})
2024-04-17 19:50:51,318 [main] INFO  base.BaseClass - Found Element By {by.toString()}
2024-04-17 19:50:51,846 [main] INFO  base.BaseClass - Trying to find Element By {by.toString()})
2024-04-17 19:50:51,879 [main] INFO  base.BaseClass - Found Element By {by.toString()}
2024-04-17 19:50:52,410 [main] INFO  base.BaseClass - Trying to find Element By {by.toString()})
2024-04-17 19:50:52,440 [main] INFO  base.BaseClass - Found Element By {by.toString()}
2024-04-17 19:50:52,990 [main] INFO  base.BaseClass - Trying to find Element By {by.toString()})
2024-04-17 19:50:53,097 [main] INFO  base.BaseClass - Found Element By {by.toString()}
2024-04-17 19:50:53,644 [main] INFO  base.BaseClass - Trying to find Element By {by.toString()})
2024-04-17 19:50:53,675 [main] INFO  base.BaseClass - Found Element By {by.toString()}
2024-04-17 19:50:54,224 [main] INFO  base.BaseClass - Trying to find Element By {by.toString()})
2024-04-17 19:50:54,254 [main] INFO  base.BaseClass - Found Element By {by.toString()}
2024-04-17 19:50:54,788 [main] INFO  base.BaseClass - Trying to find Element By {by.toString()})
2024-04-17 19:50:54,817 [main] INFO  base.BaseClass - Found Element By {by.toString()}
2024-04-17 19:50:55,365 [main] INFO  base.BaseClass - Trying to find Element By {by.toString()})
2024-04-17 19:50:55,395 [main] INFO  base.BaseClass - Found Element By {by.toString()}
2024-04-17 19:50:55,942 [main] INFO  base.BaseClass - Trying to find Element By {by.toString()})
2024-04-17 19:50:55,973 [main] INFO  base.BaseClass - Found Element By {by.toString()}
2024-04-17 19:50:56,520 [main] INFO  base.BaseClass - Trying to find Element By {by.toString()})
2024-04-17 19:50:56,550 [main] INFO  base.BaseClass - Found Element By {by.toString()}
TimeoutException occurred: Expected condition failed: waiting for helper.WaitUtility$5@409e5f35 (tried for 30 second(s) with 500 milliseconds interval)
Build info: version: '3.141.59', revision: 'e82be7d358', time: '2018-11-14T08:17:03'
System info: host: 'DPLAP166', ip: '137.237.2.236', os.name: 'Windows 10', os.arch: 'amd64', os.version: '10.0', java.version: '19.0.1'
Driver info: org.openqa.selenium.support.events.EventFiringWebDriver
Capabilities {acceptInsecureCerts: true, browserName: chrome, browserVersion: 123.0.6312.123, chrome: {chromedriverVersion: 123.0.6312.122 (31f8248cdd9..., userDataDir: C:\Users\dP-PL\AppData\Loca...}, fedcm:accounts: true, goog:chromeOptions: {debuggerAddress: localhost:51256}, javascriptEnabled: true, networkConnectionEnabled: false, pageLoadStrategy: normal, platform: WINDOWS, platformName: WINDOWS, proxy: Proxy(), setWindowRect: true, strictFileInteractability: false, timeouts: {implicit: 0, pageLoad: 300000, script: 30000}, unhandledPromptBehavior: dismiss and notify, webauthn:extension:credBlob: true, webauthn:extension:largeBlob: true, webauthn:extension:minPinLength: true, webauthn:extension:prf: true, webauthn:virtualAuthenticators: true}
Session ID: a59c4df4811f82049fe754efe723d3c1
2024-04-17 19:50:56,584 [main] ERROR RotationCopy_test - Element did not become visible within the specified time: Expected condition failed: waiting for helper.WaitUtility$5@409e5f35 (tried for 30 second(s) with 500 milliseconds interval)
Build info: version: '3.141.59', revision: 'e82be7d358', time: '2018-11-14T08:17:03'
System info: host: 'DPLAP166', ip: '137.237.2.236', os.name: 'Windows 10', os.arch: 'amd64', os.version: '10.0', java.version: '19.0.1'
Driver info: org.openqa.selenium.support.events.EventFiringWebDriver
Capabilities {acceptInsecureCerts: true, browserName: chrome, browserVersion: 123.0.6312.123, chrome: {chromedriverVersion: 123.0.6312.122 (31f8248cdd9..., userDataDir: C:\Users\dP-PL\AppData\Loca...}, fedcm:accounts: true, goog:chromeOptions: {debuggerAddress: localhost:51256}, javascriptEnabled: true, networkConnectionEnabled: false, pageLoadStrategy: normal, platform: WINDOWS, platformName: WINDOWS, proxy: Proxy(), setWindowRect: true, strictFileInteractability: false, timeouts: {implicit: 0, pageLoad: 300000, script: 30000}, unhandledPromptBehavior: dismiss and notify, webauthn:extension:credBlob: true, webauthn:extension:largeBlob: true, webauthn:extension:minPinLength: true, webauthn:extension:prf: true, webauthn:virtualAuthenticators: true}
Session ID: a59c4df4811f82049fe754efe723d3c1
2024-04-17 19:50:56,585 [main] INFO  base.BaseClass - Trying to find Element By {by.toString()})
2024-04-17 19:50:56,597 [main] INFO  base.BaseClass - Found Element By {by.toString()}
2024-04-17 19:50:56,597 [main] INFO  base.BaseClass - Trying to click on: {element.toString()}
2024-04-17 19:50:56,699 [main] INFO  base.BaseClass - Clicked on: {element.toString()}
2024-04-17 19:50:56,705 [main] INFO  base.BaseClass - Trying to find Element By {by.toString()})
2024-04-17 19:50:56,718 [main] INFO  base.BaseClass - Found Element By {by.toString()}
2024-04-17 19:50:57,238 [main] INFO  base.BaseClass - Trying to find Element By {by.toString()})
2024-04-17 19:50:57,249 [main] INFO  base.BaseClass - Found Element By {by.toString()}
2024-04-17 19:50:57,767 [main] INFO  base.BaseClass - Trying to find Element By {by.toString()})
2024-04-17 19:50:57,794 [main] INFO  base.BaseClass - Found Element By {by.toString()}
2024-04-17 19:50:58,328 [main] INFO  base.BaseClass - Trying to find Element By {by.toString()})
2024-04-17 19:50:58,347 [main] INFO  base.BaseClass - Found Element By {by.toString()}
2024-04-17 19:50:58,874 [main] INFO  base.BaseClass - Trying to find Element By {by.toString()})
2024-04-17 19:50:58,905 [main] INFO  base.BaseClass - Found Element By {by.toString()}
2024-04-17 19:50:59,451 [main] INFO  base.BaseClass - Trying to find Element By {by.toString()})
2024-04-17 19:50:59,479 [main] INFO  base.BaseClass - Found Element By {by.toString()}
2024-04-17 19:51:00,030 [main] INFO  base.BaseClass - Trying to find Element By {by.toString()})
2024-04-17 19:51:00,051 [main] INFO  base.BaseClass - Found Element By {by.toString()}
2024-04-17 19:51:00,574 [main] INFO  base.BaseClass - Trying to find Element By {by.toString()})
2024-04-17 19:51:00,593 [main] INFO  base.BaseClass - Found Element By {by.toString()}
2024-04-17 19:51:01,138 [main] INFO  base.BaseClass - Trying to find Element By {by.toString()})
2024-04-17 19:51:01,166 [main] INFO  base.BaseClass - Found Element By {by.toString()}
2024-04-17 19:51:01,716 [main] INFO  base.BaseClass - Trying to find Element By {by.toString()})
2024-04-17 19:51:01,738 [main] INFO  base.BaseClass - Found Element By {by.toString()}
2024-04-17 19:51:02,277 [main] INFO  base.BaseClass - Trying to find Element By {by.toString()})
2024-04-17 19:51:02,307 [main] INFO  base.BaseClass - Found Element By {by.toString()}
2024-04-17 19:51:02,839 [main] INFO  base.BaseClass - Trying to find Element By {by.toString()})
2024-04-17 19:51:02,866 [main] INFO  base.BaseClass - Found Element By {by.toString()}
2024-04-17 19:51:03,417 [main] INFO  base.BaseClass - Trying to find Element By {by.toString()})
2024-04-17 19:51:03,444 [main] INFO  base.BaseClass - Found Element By {by.toString()}
2024-04-17 19:51:03,978 [main] INFO  base.BaseClass - Trying to find Element By {by.toString()})
2024-04-17 19:51:04,079 [main] INFO  base.BaseClass - Found Element By {by.toString()}
2024-04-17 19:51:04,617 [main] INFO  base.BaseClass - Trying to find Element By {by.toString()})
2024-04-17 19:51:04,645 [main] INFO  base.BaseClass - Found Element By {by.toString()}
2024-04-17 19:51:05,196 [main] INFO  base.BaseClass - Trying to find Element By {by.toString()})
2024-04-17 19:51:05,225 [main] INFO  base.BaseClass - Found Element By {by.toString()}
2024-04-17 19:51:05,774 [main] INFO  base.BaseClass - Trying to find Element By {by.toString()})
2024-04-17 19:51:05,805 [main] INFO  base.BaseClass - Found Element By {by.toString()}
2024-04-17 19:51:06,350 [main] INFO  base.BaseClass - Trying to find Element By {by.toString()})
2024-04-17 19:51:06,378 [main] INFO  base.BaseClass - Found Element By {by.toString()}
2024-04-17 19:51:06,929 [main] INFO  base.BaseClass - Trying to find Element By {by.toString()})
2024-04-17 19:51:06,957 [main] INFO  base.BaseClass - Found Element By {by.toString()}
2024-04-17 19:51:07,506 [main] INFO  base.BaseClass - Trying to find Element By {by.toString()})
2024-04-17 19:51:07,535 [main] INFO  base.BaseClass - Found Element By {by.toString()}
2024-04-17 19:51:08,071 [main] INFO  base.BaseClass - Trying to find Element By {by.toString()})
2024-04-17 19:51:08,099 [main] INFO  base.BaseClass - Found Element By {by.toString()}
2024-04-17 19:51:08,650 [main] INFO  base.BaseClass - Trying to find Element By {by.toString()})
2024-04-17 19:51:08,678 [main] INFO  base.BaseClass - Found Element By {by.toString()}
2024-04-17 19:51:09,230 [main] INFO  base.BaseClass - Trying to find Element By {by.toString()})
2024-04-17 19:51:09,444 [main] INFO  base.BaseClass - Found Element By {by.toString()}
2024-04-17 19:51:09,979 [main] INFO  base.BaseClass - Trying to find Element By {by.toString()})
2024-04-17 19:51:09,995 [main] INFO  base.BaseClass - Found Element By {by.toString()}
2024-04-17 19:51:10,525 [main] INFO  base.BaseClass - Trying to find Element By {by.toString()})
2024-04-17 19:51:10,555 [main] INFO  base.BaseClass - Found Element By {by.toString()}
2024-04-17 19:51:11,101 [main] INFO  base.BaseClass - Trying to find Element By {by.toString()})
2024-04-17 19:51:11,129 [main] INFO  base.BaseClass - Found Element By {by.toString()}
2024-04-17 19:51:11,665 [main] INFO  base.BaseClass - Trying to find Element By {by.toString()})
2024-04-17 19:51:11,694 [main] INFO  base.BaseClass - Found Element By {by.toString()}
2024-04-17 19:51:12,241 [main] INFO  base.BaseClass - Trying to find Element By {by.toString()})
2024-04-17 19:51:12,271 [main] INFO  base.BaseClass - Found Element By {by.toString()}
2024-04-17 19:51:12,808 [main] INFO  base.BaseClass - Trying to find Element By {by.toString()})
2024-04-17 19:51:12,837 [main] INFO  base.BaseClass - Found Element By {by.toString()}
2024-04-17 19:51:13,384 [main] INFO  base.BaseClass - Trying to find Element By {by.toString()})
2024-04-17 19:51:13,411 [main] INFO  base.BaseClass - Found Element By {by.toString()}
2024-04-17 19:51:13,948 [main] INFO  base.BaseClass - Trying to find Element By {by.toString()})
2024-04-17 19:51:13,977 [main] INFO  base.BaseClass - Found Element By {by.toString()}
2024-04-17 19:51:14,518 [main] INFO  base.BaseClass - Trying to find Element By {by.toString()})
2024-04-17 19:51:14,538 [main] INFO  base.BaseClass - Found Element By {by.toString()}
2024-04-17 19:51:15,065 [main] INFO  base.BaseClass - Trying to find Element By {by.toString()})
2024-04-17 19:51:15,091 [main] INFO  base.BaseClass - Found Element By {by.toString()}
2024-04-17 19:51:15,630 [main] INFO  base.BaseClass - Trying to find Element By {by.toString()})
2024-04-17 19:51:15,660 [main] INFO  base.BaseClass - Found Element By {by.toString()}
2024-04-17 19:51:16,213 [main] INFO  base.BaseClass - Trying to find Element By {by.toString()})
2024-04-17 19:51:16,242 [main] INFO  base.BaseClass - Found Element By {by.toString()}
2024-04-17 19:51:16,792 [main] INFO  base.BaseClass - Trying to find Element By {by.toString()})
2024-04-17 19:51:16,821 [main] INFO  base.BaseClass - Found Element By {by.toString()}
2024-04-17 19:51:17,374 [main] INFO  base.BaseClass - Trying to find Element By {by.toString()})
2024-04-17 19:51:17,403 [main] INFO  base.BaseClass - Found Element By {by.toString()}
2024-04-17 19:51:17,939 [main] INFO  base.BaseClass - Trying to find Element By {by.toString()})
2024-04-17 19:51:17,967 [main] INFO  base.BaseClass - Found Element By {by.toString()}
2024-04-17 19:51:18,507 [main] INFO  base.BaseClass - Trying to find Element By {by.toString()})
2024-04-17 19:51:18,529 [main] INFO  base.BaseClass - Found Element By {by.toString()}
2024-04-17 19:51:19,055 [main] INFO  base.BaseClass - Trying to find Element By {by.toString()})
2024-04-17 19:51:19,082 [main] INFO  base.BaseClass - Found Element By {by.toString()}
2024-04-17 19:51:19,632 [main] INFO  base.BaseClass - Trying to find Element By {by.toString()})
2024-04-17 19:51:19,661 [main] INFO  base.BaseClass - Found Element By {by.toString()}
2024-04-17 19:51:20,212 [main] INFO  base.BaseClass - Trying to find Element By {by.toString()})
2024-04-17 19:51:20,241 [main] INFO  base.BaseClass - Found Element By {by.toString()}
2024-04-17 19:51:20,788 [main] INFO  base.BaseClass - Trying to find Element By {by.toString()})
2024-04-17 19:51:20,816 [main] INFO  base.BaseClass - Found Element By {by.toString()}
2024-04-17 19:51:21,363 [main] INFO  base.BaseClass - Trying to find Element By {by.toString()})
2024-04-17 19:51:21,392 [main] INFO  base.BaseClass - Found Element By {by.toString()}
2024-04-17 19:51:21,944 [main] INFO  base.BaseClass - Trying to find Element By {by.toString()})
2024-04-17 19:51:21,974 [main] INFO  base.BaseClass - Found Element By {by.toString()}
2024-04-17 19:51:22,521 [main] INFO  base.BaseClass - Trying to find Element By {by.toString()})
2024-04-17 19:51:22,544 [main] INFO  base.BaseClass - Found Element By {by.toString()}
2024-04-17 19:51:23,069 [main] INFO  base.BaseClass - Trying to find Element By {by.toString()})
2024-04-17 19:51:23,094 [main] INFO  base.BaseClass - Found Element By {by.toString()}
2024-04-17 19:51:23,637 [main] INFO  base.BaseClass - Trying to find Element By {by.toString()})
2024-04-17 19:51:23,665 [main] INFO  base.BaseClass - Found Element By {by.toString()}
2024-04-17 19:51:24,213 [main] INFO  base.BaseClass - Trying to find Element By {by.toString()})
2024-04-17 19:51:24,241 [main] INFO  base.BaseClass - Found Element By {by.toString()}
2024-04-17 19:51:24,781 [main] INFO  base.BaseClass - Trying to find Element By {by.toString()})
2024-04-17 19:51:24,809 [main] INFO  base.BaseClass - Found Element By {by.toString()}
2024-04-17 19:51:25,359 [main] INFO  base.BaseClass - Trying to find Element By {by.toString()})
2024-04-17 19:51:25,388 [main] INFO  base.BaseClass - Found Element By {by.toString()}
2024-04-17 19:51:25,940 [main] INFO  base.BaseClass - Trying to find Element By {by.toString()})
2024-04-17 19:51:25,969 [main] INFO  base.BaseClass - Found Element By {by.toString()}
2024-04-17 19:51:26,520 [main] INFO  base.BaseClass - Trying to find Element By {by.toString()})
2024-04-17 19:51:26,546 [main] INFO  base.BaseClass - Found Element By {by.toString()}
2024-04-17 19:51:27,084 [main] INFO  base.BaseClass - Trying to find Element By {by.toString()})
2024-04-17 19:51:27,112 [main] INFO  base.BaseClass - Found Element By {by.toString()}
TimeoutException occurred: Expected condition failed: waiting for helper.WaitUtility$5@6daa8b5c (tried for 30 second(s) with 500 milliseconds interval)
Build info: version: '3.141.59', revision: 'e82be7d358', time: '2018-11-14T08:17:03'
System info: host: 'DPLAP166', ip: '137.237.2.236', os.name: 'Windows 10', os.arch: 'amd64', os.version: '10.0', java.version: '19.0.1'
Driver info: org.openqa.selenium.support.events.EventFiringWebDriver
Capabilities {acceptInsecureCerts: true, browserName: chrome, browserVersion: 123.0.6312.123, chrome: {chromedriverVersion: 123.0.6312.122 (31f8248cdd9..., userDataDir: C:\Users\dP-PL\AppData\Loca...}, fedcm:accounts: true, goog:chromeOptions: {debuggerAddress: localhost:51256}, javascriptEnabled: true, networkConnectionEnabled: false, pageLoadStrategy: normal, platform: WINDOWS, platformName: WINDOWS, proxy: Proxy(), setWindowRect: true, strictFileInteractability: false, timeouts: {implicit: 0, pageLoad: 300000, script: 30000}, unhandledPromptBehavior: dismiss and notify, webauthn:extension:credBlob: true, webauthn:extension:largeBlob: true, webauthn:extension:minPinLength: true, webauthn:extension:prf: true, webauthn:virtualAuthenticators: true}
Session ID: a59c4df4811f82049fe754efe723d3c1
2024-04-17 19:51:27,154 [main] ERROR RotationCopy_test - Element did not become visible within the specified time: Expected condition failed: waiting for helper.WaitUtility$5@6daa8b5c (tried for 30 second(s) with 500 milliseconds interval)
Build info: version: '3.141.59', revision: 'e82be7d358', time: '2018-11-14T08:17:03'
System info: host: 'DPLAP166', ip: '137.237.2.236', os.name: 'Windows 10', os.arch: 'amd64', os.version: '10.0', java.version: '19.0.1'
Driver info: org.openqa.selenium.support.events.EventFiringWebDriver
Capabilities {acceptInsecureCerts: true, browserName: chrome, browserVersion: 123.0.6312.123, chrome: {chromedriverVersion: 123.0.6312.122 (31f8248cdd9..., userDataDir: C:\Users\dP-PL\AppData\Loca...}, fedcm:accounts: true, goog:chromeOptions: {debuggerAddress: localhost:51256}, javascriptEnabled: true, networkConnectionEnabled: false, pageLoadStrategy: normal, platform: WINDOWS, platformName: WINDOWS, proxy: Proxy(), setWindowRect: true, strictFileInteractability: false, timeouts: {implicit: 0, pageLoad: 300000, script: 30000}, unhandledPromptBehavior: dismiss and notify, webauthn:extension:credBlob: true, webauthn:extension:largeBlob: true, webauthn:extension:minPinLength: true, webauthn:extension:prf: true, webauthn:virtualAuthenticators: true}
Session ID: a59c4df4811f82049fe754efe723d3c1
2024-04-17 19:51:27,154 [main] INFO  base.BaseClass - Trying to find Element By {by.toString()})
2024-04-17 19:51:27,177 [main] INFO  base.BaseClass - Found Element By {by.toString()}
2024-04-17 19:51:27,177 [main] INFO  base.BaseClass - Trying to click on: {element.toString()}
2024-04-17 19:51:27,250 [main] INFO  base.BaseClass - Clicked on: {element.toString()}
2024-04-17 19:51:27,255 [main] INFO  base.BaseClass - Trying to find Element By {by.toString()})
2024-04-17 19:51:27,264 [main] INFO  base.BaseClass - Found Element By {by.toString()}
2024-04-17 19:51:27,787 [main] INFO  base.BaseClass - Trying to find Element By {by.toString()})
2024-04-17 19:51:28,153 [main] INFO  base.BaseClass - Found Element By {by.toString()}
2024-04-17 19:51:28,678 [main] INFO  base.BaseClass - Trying to find Element By {by.toString()})
2024-04-17 19:51:28,708 [main] INFO  base.BaseClass - Found Element By {by.toString()}
2024-04-17 19:51:29,258 [main] INFO  base.BaseClass - Trying to find Element By {by.toString()})
2024-04-17 19:51:29,297 [main] INFO  base.BaseClass - Found Element By {by.toString()}
2024-04-17 19:51:29,823 [main] INFO  base.BaseClass - Trying to find Element By {by.toString()})
2024-04-17 19:51:29,886 [main] INFO  base.BaseClass - Found Element By {by.toString()}
2024-04-17 19:51:30,447 [main] INFO  base.BaseClass - Trying to find Element By {by.toString()})
2024-04-17 19:51:30,478 [main] INFO  base.BaseClass - Found Element By {by.toString()}
2024-04-17 19:51:31,013 [main] INFO  base.BaseClass - Trying to find Element By {by.toString()})
2024-04-17 19:51:31,044 [main] INFO  base.BaseClass - Found Element By {by.toString()}
2024-04-17 19:51:31,589 [main] INFO  base.BaseClass - Trying to find Element By {by.toString()})
2024-04-17 19:51:31,608 [main] INFO  base.BaseClass - Found Element By {by.toString()}
2024-04-17 19:51:32,153 [main] INFO  base.BaseClass - Trying to find Element By {by.toString()})
2024-04-17 19:51:32,182 [main] INFO  base.BaseClass - Found Element By {by.toString()}
2024-04-17 19:51:32,730 [main] INFO  base.BaseClass - Trying to find Element By {by.toString()})
2024-04-17 19:51:32,759 [main] INFO  base.BaseClass - Found Element By {by.toString()}
2024-04-17 19:51:33,293 [main] INFO  base.BaseClass - Trying to find Element By {by.toString()})
2024-04-17 19:51:33,322 [main] INFO  base.BaseClass - Found Element By {by.toString()}
2024-04-17 19:51:33,869 [main] INFO  base.BaseClass - Trying to find Element By {by.toString()})
2024-04-17 19:51:33,898 [main] INFO  base.BaseClass - Found Element By {by.toString()}
2024-04-17 19:51:34,450 [main] INFO  base.BaseClass - Trying to find Element By {by.toString()})
2024-04-17 19:51:34,478 [main] INFO  base.BaseClass - Found Element By {by.toString()}
2024-04-17 19:51:35,016 [main] INFO  base.BaseClass - Trying to find Element By {by.toString()})
2024-04-17 19:51:35,046 [main] INFO  base.BaseClass - Found Element By {by.toString()}
2024-04-17 19:51:35,597 [main] INFO  base.BaseClass - Trying to find Element By {by.toString()})
2024-04-17 19:51:35,626 [main] INFO  base.BaseClass - Found Element By {by.toString()}
2024-04-17 19:51:36,176 [main] INFO  base.BaseClass - Trying to find Element By {by.toString()})
2024-04-17 19:51:36,206 [main] INFO  base.BaseClass - Found Element By {by.toString()}
2024-04-17 19:51:36,753 [main] INFO  base.BaseClass - Trying to find Element By {by.toString()})
2024-04-17 19:51:36,782 [main] INFO  base.BaseClass - Found Element By {by.toString()}
2024-04-17 19:51:37,331 [main] INFO  base.BaseClass - Trying to find Element By {by.toString()})
2024-04-17 19:51:37,360 [main] INFO  base.BaseClass - Found Element By {by.toString()}
2024-04-17 19:51:37,906 [main] INFO  base.BaseClass - Trying to find Element By {by.toString()})
2024-04-17 19:51:37,935 [main] INFO  base.BaseClass - Found Element By {by.toString()}
2024-04-17 19:51:38,483 [main] INFO  base.BaseClass - Trying to find Element By {by.toString()})
2024-04-17 19:51:38,514 [main] INFO  base.BaseClass - Found Element By {by.toString()}
2024-04-17 19:51:39,061 [main] INFO  base.BaseClass - Trying to find Element By {by.toString()})
2024-04-17 19:51:39,090 [main] INFO  base.BaseClass - Found Element By {by.toString()}
2024-04-17 19:51:39,643 [main] INFO  base.BaseClass - Trying to find Element By {by.toString()})
2024-04-17 19:51:39,668 [main] INFO  base.BaseClass - Found Element By {by.toString()}
2024-04-17 19:51:40,209 [main] INFO  base.BaseClass - Trying to find Element By {by.toString()})
2024-04-17 19:51:40,239 [main] INFO  base.BaseClass - Found Element By {by.toString()}
2024-04-17 19:51:40,771 [main] INFO  base.BaseClass - Trying to find Element By {by.toString()})
2024-04-17 19:51:40,799 [main] INFO  base.BaseClass - Found Element By {by.toString()}
2024-04-17 19:51:41,348 [main] INFO  base.BaseClass - Trying to find Element By {by.toString()})
2024-04-17 19:51:41,377 [main] INFO  base.BaseClass - Found Element By {by.toString()}
2024-04-17 19:51:41,925 [main] INFO  base.BaseClass - Trying to find Element By {by.toString()})
2024-04-17 19:51:41,955 [main] INFO  base.BaseClass - Found Element By {by.toString()}
2024-04-17 19:51:42,504 [main] INFO  base.BaseClass - Trying to find Element By {by.toString()})
2024-04-17 19:51:42,533 [main] INFO  base.BaseClass - Found Element By {by.toString()}
2024-04-17 19:51:43,067 [main] INFO  base.BaseClass - Trying to find Element By {by.toString()})
2024-04-17 19:51:43,096 [main] INFO  base.BaseClass - Found Element By {by.toString()}
2024-04-17 19:51:43,646 [main] INFO  base.BaseClass - Trying to find Element By {by.toString()})
2024-04-17 19:51:43,673 [main] INFO  base.BaseClass - Found Element By {by.toString()}
2024-04-17 19:51:44,206 [main] INFO  base.BaseClass - Trying to find Element By {by.toString()})
2024-04-17 19:51:44,219 [main] INFO  base.BaseClass - Found Element By {by.toString()}
2024-04-17 19:51:44,735 [main] INFO  base.BaseClass - Trying to find Element By {by.toString()})
2024-04-17 19:51:44,750 [main] INFO  base.BaseClass - Found Element By {by.toString()}
2024-04-17 19:51:45,264 [main] INFO  base.BaseClass - Trying to find Element By {by.toString()})
2024-04-17 19:51:45,279 [main] INFO  base.BaseClass - Found Element By {by.toString()}
2024-04-17 19:51:45,811 [main] INFO  base.BaseClass - Trying to find Element By {by.toString()})
2024-04-17 19:51:45,838 [main] INFO  base.BaseClass - Found Element By {by.toString()}
2024-04-17 19:51:46,367 [main] INFO  base.BaseClass - Trying to find Element By {by.toString()})
2024-04-17 19:51:46,389 [main] INFO  base.BaseClass - Found Element By {by.toString()}
2024-04-17 19:51:46,930 [main] INFO  base.BaseClass - Trying to find Element By {by.toString()})
2024-04-17 19:51:46,950 [main] INFO  base.BaseClass - Found Element By {by.toString()}
2024-04-17 19:51:47,477 [main] INFO  base.BaseClass - Trying to find Element By {by.toString()})
2024-04-17 19:51:47,490 [main] INFO  base.BaseClass - Found Element By {by.toString()}
2024-04-17 19:51:48,007 [main] INFO  base.BaseClass - Trying to find Element By {by.toString()})
2024-04-17 19:51:48,031 [main] INFO  base.BaseClass - Found Element By {by.toString()}
2024-04-17 19:51:48,552 [main] INFO  base.BaseClass - Trying to find Element By {by.toString()})
2024-04-17 19:51:48,574 [main] INFO  base.BaseClass - Found Element By {by.toString()}
2024-04-17 19:51:49,110 [main] INFO  base.BaseClass - Trying to find Element By {by.toString()})
2024-04-17 19:51:49,131 [main] INFO  base.BaseClass - Found Element By {by.toString()}
2024-04-17 19:51:49,669 [main] INFO  base.BaseClass - Trying to find Element By {by.toString()})
2024-04-17 19:51:49,695 [main] INFO  base.BaseClass - Found Element By {by.toString()}
2024-04-17 19:51:50,213 [main] INFO  base.BaseClass - Trying to find Element By {by.toString()})
2024-04-17 19:51:50,224 [main] INFO  base.BaseClass - Found Element By {by.toString()}
2024-04-17 19:51:50,744 [main] INFO  base.BaseClass - Trying to find Element By {by.toString()})
2024-04-17 19:51:50,761 [main] INFO  base.BaseClass - Found Element By {by.toString()}
2024-04-17 19:51:51,289 [main] INFO  base.BaseClass - Trying to find Element By {by.toString()})
2024-04-17 19:51:51,305 [main] INFO  base.BaseClass - Found Element By {by.toString()}
2024-04-17 19:51:51,831 [main] INFO  base.BaseClass - Trying to find Element By {by.toString()})
2024-04-17 19:51:51,853 [main] INFO  base.BaseClass - Found Element By {by.toString()}
2024-04-17 19:51:52,394 [main] INFO  base.BaseClass - Trying to find Element By {by.toString()})
2024-04-17 19:51:52,415 [main] INFO  base.BaseClass - Found Element By {by.toString()}
2024-04-17 19:51:52,940 [main] INFO  base.BaseClass - Trying to find Element By {by.toString()})
2024-04-17 19:51:52,960 [main] INFO  base.BaseClass - Found Element By {by.toString()}
2024-04-17 19:51:53,498 [main] INFO  base.BaseClass - Trying to find Element By {by.toString()})
2024-04-17 19:51:53,519 [main] INFO  base.BaseClass - Found Element By {by.toString()}
2024-04-17 19:51:54,060 [main] INFO  base.BaseClass - Trying to find Element By {by.toString()})
2024-04-17 19:51:54,071 [main] INFO  base.BaseClass - Found Element By {by.toString()}
2024-04-17 19:51:54,591 [main] INFO  base.BaseClass - Trying to find Element By {by.toString()})
2024-04-17 19:51:54,625 [main] INFO  base.BaseClass - Found Element By {by.toString()}
2024-04-17 19:51:55,164 [main] INFO  base.BaseClass - Trying to find Element By {by.toString()})
2024-04-17 19:51:55,189 [main] INFO  base.BaseClass - Found Element By {by.toString()}
2024-04-17 19:51:55,725 [main] INFO  base.BaseClass - Trying to find Element By {by.toString()})
2024-04-17 19:51:55,746 [main] INFO  base.BaseClass - Found Element By {by.toString()}
2024-04-17 19:51:56,272 [main] INFO  base.BaseClass - Trying to find Element By {by.toString()})
2024-04-17 19:51:56,293 [main] INFO  base.BaseClass - Found Element By {by.toString()}
2024-04-17 19:51:56,819 [main] INFO  base.BaseClass - Trying to find Element By {by.toString()})
2024-04-17 19:51:56,829 [main] INFO  base.BaseClass - Found Element By {by.toString()}
2024-04-17 19:51:57,349 [main] INFO  base.BaseClass - Trying to find Element By {by.toString()})
2024-04-17 19:51:57,359 [main] INFO  base.BaseClass - Found Element By {by.toString()}
TimeoutException occurred: Expected condition failed: waiting for helper.WaitUtility$5@4a011ade (tried for 30 second(s) with 500 milliseconds interval)
Build info: version: '3.141.59', revision: 'e82be7d358', time: '2018-11-14T08:17:03'
System info: host: 'DPLAP166', ip: '137.237.2.236', os.name: 'Windows 10', os.arch: 'amd64', os.version: '10.0', java.version: '19.0.1'
Driver info: org.openqa.selenium.support.events.EventFiringWebDriver
Capabilities {acceptInsecureCerts: true, browserName: chrome, browserVersion: 123.0.6312.123, chrome: {chromedriverVersion: 123.0.6312.122 (31f8248cdd9..., userDataDir: C:\Users\dP-PL\AppData\Loca...}, fedcm:accounts: true, goog:chromeOptions: {debuggerAddress: localhost:51256}, javascriptEnabled: true, networkConnectionEnabled: false, pageLoadStrategy: normal, platform: WINDOWS, platformName: WINDOWS, proxy: Proxy(), setWindowRect: true, strictFileInteractability: false, timeouts: {implicit: 0, pageLoad: 300000, script: 30000}, unhandledPromptBehavior: dismiss and notify, webauthn:extension:credBlob: true, webauthn:extension:largeBlob: true, webauthn:extension:minPinLength: true, webauthn:extension:prf: true, webauthn:virtualAuthenticators: true}
Session ID: a59c4df4811f82049fe754efe723d3c1
2024-04-17 19:51:57,373 [main] ERROR RotationCopy_test - Element did not become visible within the specified time: Expected condition failed: waiting for helper.WaitUtility$5@4a011ade (tried for 30 second(s) with 500 milliseconds interval)
Build info: version: '3.141.59', revision: 'e82be7d358', time: '2018-11-14T08:17:03'
System info: host: 'DPLAP166', ip: '137.237.2.236', os.name: 'Windows 10', os.arch: 'amd64', os.version: '10.0', java.version: '19.0.1'
Driver info: org.openqa.selenium.support.events.EventFiringWebDriver
Capabilities {acceptInsecureCerts: true, browserName: chrome, browserVersion: 123.0.6312.123, chrome: {chromedriverVersion: 123.0.6312.122 (31f8248cdd9..., userDataDir: C:\Users\dP-PL\AppData\Loca...}, fedcm:accounts: true, goog:chromeOptions: {debuggerAddress: localhost:51256}, javascriptEnabled: true, networkConnectionEnabled: false, pageLoadStrategy: normal, platform: WINDOWS, platformName: WINDOWS, proxy: Proxy(), setWindowRect: true, strictFileInteractability: false, timeouts: {implicit: 0, pageLoad: 300000, script: 30000}, unhandledPromptBehavior: dismiss and notify, webauthn:extension:credBlob: true, webauthn:extension:largeBlob: true, webauthn:extension:minPinLength: true, webauthn:extension:prf: true, webauthn:virtualAuthenticators: true}
Session ID: a59c4df4811f82049fe754efe723d3c1
2024-04-17 19:51:57,373 [main] INFO  base.BaseClass - Trying to find Element By {by.toString()})
2024-04-17 19:51:57,382 [main] INFO  base.BaseClass - Found Element By {by.toString()}
2024-04-17 19:51:57,382 [main] INFO  base.BaseClass - Trying to click on: {element.toString()}
2024-04-17 19:51:57,481 [main] INFO  base.BaseClass - Clicked on: {element.toString()}
2024-04-17 19:51:57,481 [main] INFO  base.BaseClass - Trying to find Element By {by.toString()})
2024-04-17 19:51:58,356 [main] INFO  base.BaseClass - Found Element By {by.toString()}
2024-04-17 19:51:58,897 [main] INFO  base.BaseClass - Trying to find Element By {by.toString()})
2024-04-17 19:51:58,933 [main] INFO  base.BaseClass - Found Element By {by.toString()}
2024-04-17 19:51:59,462 [main] INFO  base.BaseClass - Trying to find Element By {by.toString()})
2024-04-17 19:51:59,482 [main] INFO  base.BaseClass - Found Element By {by.toString()}
2024-04-17 19:52:00,007 [main] INFO  base.BaseClass - Trying to find Element By {by.toString()})
2024-04-17 19:52:00,041 [main] INFO  base.BaseClass - Found Element By {by.toString()}
2024-04-17 19:52:00,582 [main] INFO  base.BaseClass - Trying to find Element By {by.toString()})
2024-04-17 19:52:00,593 [main] INFO  base.BaseClass - Found Element By {by.toString()}
2024-04-17 19:52:01,112 [main] INFO  base.BaseClass - Trying to find Element By {by.toString()})
2024-04-17 19:52:01,143 [main] INFO  base.BaseClass - Found Element By {by.toString()}
2024-04-17 19:52:01,688 [main] INFO  base.BaseClass - Trying to find Element By {by.toString()})
2024-04-17 19:52:01,724 [main] INFO  base.BaseClass - Found Element By {by.toString()}
2024-04-17 19:52:02,286 [main] INFO  base.BaseClass - Trying to find Element By {by.toString()})
2024-04-17 19:52:02,316 [main] INFO  base.BaseClass - Found Element By {by.toString()}
2024-04-17 19:52:02,856 [main] INFO  base.BaseClass - Trying to find Element By {by.toString()})
2024-04-17 19:52:02,869 [main] INFO  base.BaseClass - Found Element By {by.toString()}
2024-04-17 19:52:03,398 [main] INFO  base.BaseClass - Trying to find Element By {by.toString()})
2024-04-17 19:52:03,412 [main] INFO  base.BaseClass - Found Element By {by.toString()}
2024-04-17 19:52:03,976 [main] INFO  base.BaseClass - Trying to find Element By {by.toString()})
2024-04-17 19:52:03,996 [main] INFO  base.BaseClass - Found Element By {by.toString()}
2024-04-17 19:52:04,521 [main] INFO  base.BaseClass - Trying to find Element By {by.toString()})
2024-04-17 19:52:04,540 [main] INFO  base.BaseClass - Found Element By {by.toString()}
2024-04-17 19:52:05,079 [main] INFO  base.BaseClass - Trying to find Element By {by.toString()})
2024-04-17 19:52:05,090 [main] INFO  base.BaseClass - Found Element By {by.toString()}
2024-04-17 19:52:05,609 [main] INFO  base.BaseClass - Trying to find Element By {by.toString()})
2024-04-17 19:52:05,622 [main] INFO  base.BaseClass - Found Element By {by.toString()}
2024-04-17 19:52:06,153 [main] INFO  base.BaseClass - Trying to find Element By {by.toString()})
2024-04-17 19:52:06,174 [main] INFO  base.BaseClass - Found Element By {by.toString()}
2024-04-17 19:52:06,714 [main] INFO  base.BaseClass - Trying to find Element By {by.toString()})
2024-04-17 19:52:06,730 [main] INFO  base.BaseClass - Found Element By {by.toString()}
2024-04-17 19:52:07,260 [main] INFO  base.BaseClass - Trying to find Element By {by.toString()})
2024-04-17 19:52:07,281 [main] INFO  base.BaseClass - Found Element By {by.toString()}
2024-04-17 19:52:07,807 [main] INFO  base.BaseClass - Trying to find Element By {by.toString()})
2024-04-17 19:52:07,842 [main] INFO  base.BaseClass - Found Element By {by.toString()}
2024-04-17 19:52:08,382 [main] INFO  base.BaseClass - Trying to find Element By {by.toString()})
2024-04-17 19:52:08,417 [main] INFO  base.BaseClass - Found Element By {by.toString()}
2024-04-17 19:52:08,974 [main] INFO  base.BaseClass - Trying to find Element By {by.toString()})
2024-04-17 19:52:09,007 [main] INFO  base.BaseClass - Found Element By {by.toString()}
2024-04-17 19:52:09,554 [main] INFO  base.BaseClass - Trying to find Element By {by.toString()})
2024-04-17 19:52:09,571 [main] INFO  base.BaseClass - Found Element By {by.toString()}
2024-04-17 19:52:10,116 [main] INFO  base.BaseClass - Trying to find Element By {by.toString()})
2024-04-17 19:52:10,138 [main] INFO  base.BaseClass - Found Element By {by.toString()}
2024-04-17 19:52:10,665 [main] INFO  base.BaseClass - Trying to find Element By {by.toString()})
2024-04-17 19:52:10,689 [main] INFO  base.BaseClass - Found Element By {by.toString()}
2024-04-17 19:52:11,231 [main] INFO  base.BaseClass - Trying to find Element By {by.toString()})
2024-04-17 19:52:11,263 [main] INFO  base.BaseClass - Found Element By {by.toString()}
2024-04-17 19:52:11,794 [main] INFO  base.BaseClass - Trying to find Element By {by.toString()})
2024-04-17 19:52:11,806 [main] INFO  base.BaseClass - Found Element By {by.toString()}
2024-04-17 19:52:12,323 [main] INFO  base.BaseClass - Trying to find Element By {by.toString()})
2024-04-17 19:52:12,357 [main] INFO  base.BaseClass - Found Element By {by.toString()}
2024-04-17 19:52:12,884 [main] INFO  base.BaseClass - Trying to find Element By {by.toString()})
2024-04-17 19:52:12,902 [main] INFO  base.BaseClass - Found Element By {by.toString()}
2024-04-17 19:52:13,433 [main] INFO  base.BaseClass - Trying to find Element By {by.toString()})
2024-04-17 19:52:13,466 [main] INFO  base.BaseClass - Found Element By {by.toString()}
2024-04-17 19:52:14,007 [main] INFO  base.BaseClass - Trying to find Element By {by.toString()})
2024-04-17 19:52:14,017 [main] INFO  base.BaseClass - Found Element By {by.toString()}
2024-04-17 19:52:14,544 [main] INFO  base.BaseClass - Trying to find Element By {by.toString()})
2024-04-17 19:52:14,576 [main] INFO  base.BaseClass - Found Element By {by.toString()}
2024-04-17 19:52:15,122 [main] INFO  base.BaseClass - Trying to find Element By {by.toString()})
2024-04-17 19:52:15,147 [main] INFO  base.BaseClass - Found Element By {by.toString()}
2024-04-17 19:52:15,730 [main] INFO  base.BaseClass - Trying to find Element By {by.toString()})
2024-04-17 19:52:15,763 [main] INFO  base.BaseClass - Found Element By {by.toString()}
2024-04-17 19:52:16,306 [main] INFO  base.BaseClass - Trying to find Element By {by.toString()})
2024-04-17 19:52:16,323 [main] INFO  base.BaseClass - Found Element By {by.toString()}
2024-04-17 19:52:16,867 [main] INFO  base.BaseClass - Trying to find Element By {by.toString()})
2024-04-17 19:52:16,894 [main] INFO  base.BaseClass - Found Element By {by.toString()}
2024-04-17 19:52:17,432 [main] INFO  base.BaseClass - Trying to find Element By {by.toString()})
2024-04-17 19:52:17,463 [main] INFO  base.BaseClass - Found Element By {by.toString()}
2024-04-17 19:52:18,011 [main] INFO  base.BaseClass - Trying to find Element By {by.toString()})
2024-04-17 19:52:18,025 [main] INFO  base.BaseClass - Found Element By {by.toString()}
2024-04-17 19:52:18,559 [main] INFO  base.BaseClass - Trying to find Element By {by.toString()})
2024-04-17 19:52:18,574 [main] INFO  base.BaseClass - Found Element By {by.toString()}
2024-04-17 19:52:19,103 [main] INFO  base.BaseClass - Trying to find Element By {by.toString()})
2024-04-17 19:52:19,135 [main] INFO  base.BaseClass - Found Element By {by.toString()}
2024-04-17 19:52:19,681 [main] INFO  base.BaseClass - Trying to find Element By {by.toString()})
2024-04-17 19:52:19,715 [main] INFO  base.BaseClass - Found Element By {by.toString()}
2024-04-17 19:52:20,258 [main] INFO  base.BaseClass - Trying to find Element By {by.toString()})
2024-04-17 19:52:20,274 [main] INFO  base.BaseClass - Found Element By {by.toString()}
2024-04-17 19:52:20,803 [main] INFO  base.BaseClass - Trying to find Element By {by.toString()})
2024-04-17 19:52:20,837 [main] INFO  base.BaseClass - Found Element By {by.toString()}
2024-04-17 19:52:21,384 [main] INFO  base.BaseClass - Trying to find Element By {by.toString()})
2024-04-17 19:52:21,412 [main] INFO  base.BaseClass - Found Element By {by.toString()}
2024-04-17 19:52:21,946 [main] INFO  base.BaseClass - Trying to find Element By {by.toString()})
2024-04-17 19:52:21,982 [main] INFO  base.BaseClass - Found Element By {by.toString()}
2024-04-17 19:52:22,523 [main] INFO  base.BaseClass - Trying to find Element By {by.toString()})
2024-04-17 19:52:22,554 [main] INFO  base.BaseClass - Found Element By {by.toString()}
2024-04-17 19:52:23,101 [main] INFO  base.BaseClass - Trying to find Element By {by.toString()})
2024-04-17 19:52:23,131 [main] INFO  base.BaseClass - Found Element By {by.toString()}
2024-04-17 19:52:23,683 [main] INFO  base.BaseClass - Trying to find Element By {by.toString()})
2024-04-17 19:52:23,715 [main] INFO  base.BaseClass - Found Element By {by.toString()}
2024-04-17 19:52:24,262 [main] INFO  base.BaseClass - Trying to find Element By {by.toString()})
2024-04-17 19:52:24,298 [main] INFO  base.BaseClass - Found Element By {by.toString()}
2024-04-17 19:52:24,840 [main] INFO  base.BaseClass - Trying to find Element By {by.toString()})
2024-04-17 19:52:24,871 [main] INFO  base.BaseClass - Found Element By {by.toString()}
2024-04-17 19:52:25,417 [main] INFO  base.BaseClass - Trying to find Element By {by.toString()})
2024-04-17 19:52:25,447 [main] INFO  base.BaseClass - Found Element By {by.toString()}
2024-04-17 19:52:25,993 [main] INFO  base.BaseClass - Trying to find Element By {by.toString()})
2024-04-17 19:52:26,028 [main] INFO  base.BaseClass - Found Element By {by.toString()}
2024-04-17 19:52:26,574 [main] INFO  base.BaseClass - Trying to find Element By {by.toString()})
2024-04-17 19:52:26,607 [main] INFO  base.BaseClass - Found Element By {by.toString()}
2024-04-17 19:52:27,152 [main] INFO  base.BaseClass - Trying to find Element By {by.toString()})
2024-04-17 19:52:27,182 [main] INFO  base.BaseClass - Found Element By {by.toString()}
2024-04-17 19:52:27,733 [main] INFO  base.BaseClass - Trying to find Element By {by.toString()})
2024-04-17 19:52:27,765 [main] INFO  base.BaseClass - Found Element By {by.toString()}
TimeoutException occurred: Expected condition failed: waiting for helper.WaitUtility$5@55b9c8c0 (tried for 30 second(s) with 500 milliseconds interval)
Build info: version: '3.141.59', revision: 'e82be7d358', time: '2018-11-14T08:17:03'
System info: host: 'DPLAP166', ip: '137.237.2.236', os.name: 'Windows 10', os.arch: 'amd64', os.version: '10.0', java.version: '19.0.1'
Driver info: org.openqa.selenium.support.events.EventFiringWebDriver
Capabilities {acceptInsecureCerts: true, browserName: chrome, browserVersion: 123.0.6312.123, chrome: {chromedriverVersion: 123.0.6312.122 (31f8248cdd9..., userDataDir: C:\Users\dP-PL\AppData\Loca...}, fedcm:accounts: true, goog:chromeOptions: {debuggerAddress: localhost:51256}, javascriptEnabled: true, networkConnectionEnabled: false, pageLoadStrategy: normal, platform: WINDOWS, platformName: WINDOWS, proxy: Proxy(), setWindowRect: true, strictFileInteractability: false, timeouts: {implicit: 0, pageLoad: 300000, script: 30000}, unhandledPromptBehavior: dismiss and notify, webauthn:extension:credBlob: true, webauthn:extension:largeBlob: true, webauthn:extension:minPinLength: true, webauthn:extension:prf: true, webauthn:virtualAuthenticators: true}
Session ID: a59c4df4811f82049fe754efe723d3c1
2024-04-17 19:52:27,796 [main] ERROR RotationCopy_test - Element did not become visible within the specified time: Expected condition failed: waiting for helper.WaitUtility$5@55b9c8c0 (tried for 30 second(s) with 500 milliseconds interval)
Build info: version: '3.141.59', revision: 'e82be7d358', time: '2018-11-14T08:17:03'
System info: host: 'DPLAP166', ip: '137.237.2.236', os.name: 'Windows 10', os.arch: 'amd64', os.version: '10.0', java.version: '19.0.1'
Driver info: org.openqa.selenium.support.events.EventFiringWebDriver
Capabilities {acceptInsecureCerts: true, browserName: chrome, browserVersion: 123.0.6312.123, chrome: {chromedriverVersion: 123.0.6312.122 (31f8248cdd9..., userDataDir: C:\Users\dP-PL\AppData\Loca...}, fedcm:accounts: true, goog:chromeOptions: {debuggerAddress: localhost:51256}, javascriptEnabled: true, networkConnectionEnabled: false, pageLoadStrategy: normal, platform: WINDOWS, platformName: WINDOWS, proxy: Proxy(), setWindowRect: true, strictFileInteractability: false, timeouts: {implicit: 0, pageLoad: 300000, script: 30000}, unhandledPromptBehavior: dismiss and notify, webauthn:extension:credBlob: true, webauthn:extension:largeBlob: true, webauthn:extension:minPinLength: true, webauthn:extension:prf: true, webauthn:virtualAuthenticators: true}
Session ID: a59c4df4811f82049fe754efe723d3c1
2024-04-17 19:52:27,796 [main] INFO  base.BaseClass - Trying to find Element By {by.toString()})
2024-04-17 19:52:27,811 [main] INFO  base.BaseClass - Found Element By {by.toString()}
2024-04-17 19:52:27,811 [main] INFO  base.BaseClass - Trying to click on: {element.toString()}
2024-04-17 19:52:27,869 [main] INFO  base.BaseClass - Clicked on: {element.toString()}
2024-04-17 19:52:27,869 [main] INFO  base.BaseClass - Trying to find Element By {by.toString()})
2024-04-17 19:52:27,882 [main] INFO  base.BaseClass - Found Element By {by.toString()}
2024-04-17 19:52:28,404 [main] INFO  base.BaseClass - Trying to find Element By {by.toString()})
2024-04-17 19:52:28,471 [main] INFO  base.BaseClass - Found Element By {by.toString()}
2024-04-17 19:52:29,103 [main] INFO  base.BaseClass - Trying to find Element By {by.toString()})
2024-04-17 19:52:29,121 [main] INFO  base.BaseClass - Found Element By {by.toString()}
2024-04-17 19:52:29,652 [main] INFO  base.BaseClass - Trying to find Element By {by.toString()})
2024-04-17 19:52:29,684 [main] INFO  base.BaseClass - Found Element By {by.toString()}
2024-04-17 19:52:30,228 [main] INFO  base.BaseClass - Trying to find Element By {by.toString()})
2024-04-17 19:52:30,248 [main] INFO  base.BaseClass - Found Element By {by.toString()}
2024-04-17 19:52:30,789 [main] INFO  base.BaseClass - Trying to find Element By {by.toString()})
2024-04-17 19:52:30,807 [main] INFO  base.BaseClass - Found Element By {by.toString()}
2024-04-17 19:52:31,337 [main] INFO  base.BaseClass - Trying to find Element By {by.toString()})
2024-04-17 19:52:31,349 [main] INFO  base.BaseClass - Found Element By {by.toString()}
2024-04-17 19:52:31,871 [main] INFO  base.BaseClass - Trying to find Element By {by.toString()})
2024-04-17 19:52:31,894 [main] INFO  base.BaseClass - Found Element By {by.toString()}
2024-04-17 19:52:32,432 [main] INFO  base.BaseClass - Trying to find Element By {by.toString()})
2024-04-17 19:52:32,463 [main] INFO  base.BaseClass - Found Element By {by.toString()}
2024-04-17 19:52:33,023 [main] INFO  base.BaseClass - Trying to find Element By {by.toString()})
2024-04-17 19:52:33,055 [main] INFO  base.BaseClass - Found Element By {by.toString()}
2024-04-17 19:52:33,602 [main] INFO  base.BaseClass - Trying to find Element By {by.toString()})
2024-04-17 19:52:33,628 [main] INFO  base.BaseClass - Found Element By {by.toString()}
2024-04-17 19:52:34,164 [main] INFO  base.BaseClass - Trying to find Element By {by.toString()})
2024-04-17 19:52:34,193 [main] INFO  base.BaseClass - Found Element By {by.toString()}
2024-04-17 19:52:34,740 [main] INFO  base.BaseClass - Trying to find Element By {by.toString()})
2024-04-17 19:52:34,776 [main] INFO  base.BaseClass - Found Element By {by.toString()}
2024-04-17 19:52:35,335 [main] INFO  base.BaseClass - Trying to find Element By {by.toString()})
2024-04-17 19:52:35,350 [main] INFO  base.BaseClass - Found Element By {by.toString()}
2024-04-17 19:52:35,880 [main] INFO  base.BaseClass - Trying to find Element By {by.toString()})
2024-04-17 19:52:35,915 [main] INFO  base.BaseClass - Found Element By {by.toString()}
2024-04-17 19:52:36,474 [main] INFO  base.BaseClass - Trying to find Element By {by.toString()})
2024-04-17 19:52:36,508 [main] INFO  base.BaseClass - Found Element By {by.toString()}
2024-04-17 19:52:37,035 [main] INFO  base.BaseClass - Trying to find Element By {by.toString()})
2024-04-17 19:52:37,069 [main] INFO  base.BaseClass - Found Element By {by.toString()}
2024-04-17 19:52:37,628 [main] INFO  base.BaseClass - Trying to find Element By {by.toString()})
2024-04-17 19:52:37,665 [main] INFO  base.BaseClass - Found Element By {by.toString()}
2024-04-17 19:52:38,193 [main] INFO  base.BaseClass - Trying to find Element By {by.toString()})
2024-04-17 19:52:38,207 [main] INFO  base.BaseClass - Found Element By {by.toString()}
2024-04-17 19:52:38,741 [main] INFO  base.BaseClass - Trying to find Element By {by.toString()})
2024-04-17 19:52:38,766 [main] INFO  base.BaseClass - Found Element By {by.toString()}
2024-04-17 19:52:39,307 [main] INFO  base.BaseClass - Trying to find Element By {by.toString()})
2024-04-17 19:52:39,319 [main] INFO  base.BaseClass - Found Element By {by.toString()}
2024-04-17 19:52:39,840 [main] INFO  base.BaseClass - Trying to find Element By {by.toString()})
2024-04-17 19:52:39,858 [main] INFO  base.BaseClass - Found Element By {by.toString()}
2024-04-17 19:52:40,392 [main] INFO  base.BaseClass - Trying to find Element By {by.toString()})
2024-04-17 19:52:40,420 [main] INFO  base.BaseClass - Found Element By {by.toString()}
2024-04-17 19:52:40,959 [main] INFO  base.BaseClass - Trying to find Element By {by.toString()})
2024-04-17 19:52:40,986 [main] INFO  base.BaseClass - Found Element By {by.toString()}
2024-04-17 19:52:41,540 [main] INFO  base.BaseClass - Trying to find Element By {by.toString()})
2024-04-17 19:52:41,556 [main] INFO  base.BaseClass - Found Element By {by.toString()}
2024-04-17 19:52:42,086 [main] INFO  base.BaseClass - Trying to find Element By {by.toString()})
2024-04-17 19:52:42,113 [main] INFO  base.BaseClass - Found Element By {by.toString()}
2024-04-17 19:52:42,662 [main] INFO  base.BaseClass - Trying to find Element By {by.toString()})
2024-04-17 19:52:42,690 [main] INFO  base.BaseClass - Found Element By {by.toString()}
2024-04-17 19:52:43,241 [main] INFO  base.BaseClass - Trying to find Element By {by.toString()})
2024-04-17 19:52:43,256 [main] INFO  base.BaseClass - Found Element By {by.toString()}
2024-04-17 19:52:43,788 [main] INFO  base.BaseClass - Trying to find Element By {by.toString()})
2024-04-17 19:52:43,801 [main] INFO  base.BaseClass - Found Element By {by.toString()}
2024-04-17 19:52:44,331 [main] INFO  base.BaseClass - Trying to find Element By {by.toString()})
2024-04-17 19:52:44,356 [main] INFO  base.BaseClass - Found Element By {by.toString()}
2024-04-17 19:52:44,894 [main] INFO  base.BaseClass - Trying to find Element By {by.toString()})
2024-04-17 19:52:44,926 [main] INFO  base.BaseClass - Found Element By {by.toString()}
2024-04-17 19:52:45,477 [main] INFO  base.BaseClass - Trying to find Element By {by.toString()})
2024-04-17 19:52:45,503 [main] INFO  base.BaseClass - Found Element By {by.toString()}
2024-04-17 19:52:46,024 [main] INFO  base.BaseClass - Trying to find Element By {by.toString()})
2024-04-17 19:52:46,037 [main] INFO  base.BaseClass - Found Element By {by.toString()}
2024-04-17 19:52:46,557 [main] INFO  base.BaseClass - Trying to find Element By {by.toString()})
2024-04-17 19:52:46,586 [main] INFO  base.BaseClass - Found Element By {by.toString()}
2024-04-17 19:52:47,120 [main] INFO  base.BaseClass - Trying to find Element By {by.toString()})
2024-04-17 19:52:47,149 [main] INFO  base.BaseClass - Found Element By {by.toString()}
2024-04-17 19:52:47,698 [main] INFO  base.BaseClass - Trying to find Element By {by.toString()})
2024-04-17 19:52:47,724 [main] INFO  base.BaseClass - Found Element By {by.toString()}
2024-04-17 19:52:48,265 [main] INFO  base.BaseClass - Trying to find Element By {by.toString()})
2024-04-17 19:52:48,277 [main] INFO  base.BaseClass - Found Element By {by.toString()}
2024-04-17 19:52:48,797 [main] INFO  base.BaseClass - Trying to find Element By {by.toString()})
2024-04-17 19:52:48,822 [main] INFO  base.BaseClass - Found Element By {by.toString()}
2024-04-17 19:52:49,374 [main] INFO  base.BaseClass - Trying to find Element By {by.toString()})
2024-04-17 19:52:49,392 [main] INFO  base.BaseClass - Found Element By {by.toString()}
2024-04-17 19:52:49,926 [main] INFO  base.BaseClass - Trying to find Element By {by.toString()})
2024-04-17 19:52:49,945 [main] INFO  base.BaseClass - Found Element By {by.toString()}
2024-04-17 19:52:50,475 [main] INFO  base.BaseClass - Trying to find Element By {by.toString()})
2024-04-17 19:52:50,493 [main] INFO  base.BaseClass - Found Element By {by.toString()}
2024-04-17 19:52:51,025 [main] INFO  base.BaseClass - Trying to find Element By {by.toString()})
2024-04-17 19:52:51,045 [main] INFO  base.BaseClass - Found Element By {by.toString()}
2024-04-17 19:52:51,588 [main] INFO  base.BaseClass - Trying to find Element By {by.toString()})
2024-04-17 19:52:51,605 [main] INFO  base.BaseClass - Found Element By {by.toString()}
2024-04-17 19:52:52,137 [main] INFO  base.BaseClass - Trying to find Element By {by.toString()})
2024-04-17 19:52:52,194 [main] INFO  base.BaseClass - Found Element By {by.toString()}
2024-04-17 19:52:52,810 [main] INFO  base.BaseClass - Trying to find Element By {by.toString()})
2024-04-17 19:52:52,828 [main] INFO  base.BaseClass - Found Element By {by.toString()}
2024-04-17 19:52:53,354 [main] INFO  base.BaseClass - Trying to find Element By {by.toString()})
2024-04-17 19:52:53,380 [main] INFO  base.BaseClass - Found Element By {by.toString()}
2024-04-17 19:52:53,913 [main] INFO  base.BaseClass - Trying to find Element By {by.toString()})
2024-04-17 19:52:53,928 [main] INFO  base.BaseClass - Found Element By {by.toString()}
2024-04-17 19:52:54,461 [main] INFO  base.BaseClass - Trying to find Element By {by.toString()})
2024-04-17 19:52:54,493 [main] INFO  base.BaseClass - Found Element By {by.toString()}
2024-04-17 19:52:55,024 [main] INFO  base.BaseClass - Trying to find Element By {by.toString()})
2024-04-17 19:52:55,045 [main] INFO  base.BaseClass - Found Element By {by.toString()}
2024-04-17 19:52:55,576 [main] INFO  base.BaseClass - Trying to find Element By {by.toString()})
2024-04-17 19:52:55,597 [main] INFO  base.BaseClass - Found Element By {by.toString()}
2024-04-17 19:52:56,125 [main] INFO  base.BaseClass - Trying to find Element By {by.toString()})
2024-04-17 19:52:56,137 [main] INFO  base.BaseClass - Found Element By {by.toString()}
2024-04-17 19:52:56,657 [main] INFO  base.BaseClass - Trying to find Element By {by.toString()})
2024-04-17 19:52:56,681 [main] INFO  base.BaseClass - Found Element By {by.toString()}
2024-04-17 19:52:57,221 [main] INFO  base.BaseClass - Trying to find Element By {by.toString()})
2024-04-17 19:52:57,252 [main] INFO  base.BaseClass - Found Element By {by.toString()}
2024-04-17 19:52:57,787 [main] INFO  base.BaseClass - Trying to find Element By {by.toString()})
2024-04-17 19:52:57,822 [main] INFO  base.BaseClass - Found Element By {by.toString()}
2024-04-17 19:52:58,378 [main] INFO  base.BaseClass - Trying to find Element By {by.toString()})
2024-04-17 19:52:58,414 [main] INFO  base.BaseClass - Found Element By {by.toString()}
TimeoutException occurred: Expected condition failed: waiting for helper.WaitUtility$5@15733f69 (tried for 30 second(s) with 500 milliseconds interval)
Build info: version: '3.141.59', revision: 'e82be7d358', time: '2018-11-14T08:17:03'
System info: host: 'DPLAP166', ip: '137.237.2.236', os.name: 'Windows 10', os.arch: 'amd64', os.version: '10.0', java.version: '19.0.1'
Driver info: org.openqa.selenium.support.events.EventFiringWebDriver
Capabilities {acceptInsecureCerts: true, browserName: chrome, browserVersion: 123.0.6312.123, chrome: {chromedriverVersion: 123.0.6312.122 (31f8248cdd9..., userDataDir: C:\Users\dP-PL\AppData\Loca...}, fedcm:accounts: true, goog:chromeOptions: {debuggerAddress: localhost:51256}, javascriptEnabled: true, networkConnectionEnabled: false, pageLoadStrategy: normal, platform: WINDOWS, platformName: WINDOWS, proxy: Proxy(), setWindowRect: true, strictFileInteractability: false, timeouts: {implicit: 0, pageLoad: 300000, script: 30000}, unhandledPromptBehavior: dismiss and notify, webauthn:extension:credBlob: true, webauthn:extension:largeBlob: true, webauthn:extension:minPinLength: true, webauthn:extension:prf: true, webauthn:virtualAuthenticators: true}
Session ID: a59c4df4811f82049fe754efe723d3c1
2024-04-17 19:52:58,445 [main] ERROR RotationCopy_test - Element did not become visible within the specified time: Expected condition failed: waiting for helper.WaitUtility$5@15733f69 (tried for 30 second(s) with 500 milliseconds interval)
Build info: version: '3.141.59', revision: 'e82be7d358', time: '2018-11-14T08:17:03'
System info: host: 'DPLAP166', ip: '137.237.2.236', os.name: 'Windows 10', os.arch: 'amd64', os.version: '10.0', java.version: '19.0.1'
Driver info: org.openqa.selenium.support.events.EventFiringWebDriver
Capabilities {acceptInsecureCerts: true, browserName: chrome, browserVersion: 123.0.6312.123, chrome: {chromedriverVersion: 123.0.6312.122 (31f8248cdd9..., userDataDir: C:\Users\dP-PL\AppData\Loca...}, fedcm:accounts: true, goog:chromeOptions: {debuggerAddress: localhost:51256}, javascriptEnabled: true, networkConnectionEnabled: false, pageLoadStrategy: normal, platform: WINDOWS, platformName: WINDOWS, proxy: Proxy(), setWindowRect: true, strictFileInteractability: false, timeouts: {implicit: 0, pageLoad: 300000, script: 30000}, unhandledPromptBehavior: dismiss and notify, webauthn:extension:credBlob: true, webauthn:extension:largeBlob: true, webauthn:extension:minPinLength: true, webauthn:extension:prf: true, webauthn:virtualAuthenticators: true}
Session ID: a59c4df4811f82049fe754efe723d3c1
2024-04-17 19:52:58,445 [main] INFO  base.BaseClass - Trying to find Element By {by.toString()})
2024-04-17 19:52:58,467 [main] INFO  base.BaseClass - Found Element By {by.toString()}
2024-04-17 19:52:58,467 [main] INFO  base.BaseClass - Trying to click on: {element.toString()}
2024-04-17 19:52:58,639 [main] INFO  base.BaseClass - Clicked on: {element.toString()}
2024-04-17 19:52:58,645 [main] INFO  base.BaseClass - Trying to find Element By {by.toString()})
2024-04-17 19:52:58,657 [main] INFO  base.BaseClass - Found Element By {by.toString()}
2024-04-17 19:52:59,191 [main] INFO  base.BaseClass - Trying to find Element By {by.toString()})
2024-04-17 19:52:59,227 [main] INFO  base.BaseClass - Found Element By {by.toString()}
2024-04-17 19:52:59,768 [main] INFO  base.BaseClass - Trying to find Element By {by.toString()})
2024-04-17 19:52:59,788 [main] INFO  base.BaseClass - Found Element By {by.toString()}
2024-04-17 19:53:00,313 [main] INFO  base.BaseClass - Trying to find Element By {by.toString()})
2024-04-17 19:53:00,336 [main] INFO  base.BaseClass - Found Element By {by.toString()}
2024-04-17 19:53:00,894 [main] INFO  base.BaseClass - Trying to find Element By {by.toString()})
2024-04-17 19:53:00,919 [main] INFO  base.BaseClass - Found Element By {by.toString()}
2024-04-17 19:53:01,471 [main] INFO  base.BaseClass - Trying to find Element By {by.toString()})
2024-04-17 19:53:01,486 [main] INFO  base.BaseClass - Found Element By {by.toString()}
2024-04-17 19:53:02,020 [main] INFO  base.BaseClass - Trying to find Element By {by.toString()})
2024-04-17 19:53:02,053 [main] INFO  base.BaseClass - Found Element By {by.toString()}
2024-04-17 19:53:02,598 [main] INFO  base.BaseClass - Trying to find Element By {by.toString()})
2024-04-17 19:53:02,625 [main] INFO  base.BaseClass - Found Element By {by.toString()}
2024-04-17 19:53:03,158 [main] INFO  base.BaseClass - Trying to find Element By {by.toString()})
2024-04-17 19:53:03,189 [main] INFO  base.BaseClass - Found Element By {by.toString()}
2024-04-17 19:53:03,722 [main] INFO  base.BaseClass - Trying to find Element By {by.toString()})
2024-04-17 19:53:03,755 [main] INFO  base.BaseClass - Found Element By {by.toString()}
2024-04-17 19:53:04,313 [main] INFO  base.BaseClass - Trying to find Element By {by.toString()})
2024-04-17 19:53:04,325 [main] INFO  base.BaseClass - Found Element By {by.toString()}
2024-04-17 19:53:04,851 [main] INFO  base.BaseClass - Trying to find Element By {by.toString()})
2024-04-17 19:53:04,866 [main] INFO  base.BaseClass - Found Element By {by.toString()}
2024-04-17 19:53:05,400 [main] INFO  base.BaseClass - Trying to find Element By {by.toString()})
2024-04-17 19:53:05,418 [main] INFO  base.BaseClass - Found Element By {by.toString()}
2024-04-17 19:53:05,949 [main] INFO  base.BaseClass - Trying to find Element By {by.toString()})
2024-04-17 19:53:05,973 [main] INFO  base.BaseClass - Found Element By {by.toString()}
2024-04-17 19:53:06,515 [main] INFO  base.BaseClass - Trying to find Element By {by.toString()})
2024-04-17 19:53:06,546 [main] INFO  base.BaseClass - Found Element By {by.toString()}
2024-04-17 19:53:07,079 [main] INFO  base.BaseClass - Trying to find Element By {by.toString()})
2024-04-17 19:53:07,107 [main] INFO  base.BaseClass - Found Element By {by.toString()}
2024-04-17 19:53:07,642 [main] INFO  base.BaseClass - Trying to find Element By {by.toString()})
2024-04-17 19:53:07,668 [main] INFO  base.BaseClass - Found Element By {by.toString()}
2024-04-17 19:53:08,189 [main] INFO  base.BaseClass - Trying to find Element By {by.toString()})
2024-04-17 19:53:08,202 [main] INFO  base.BaseClass - Found Element By {by.toString()}
2024-04-17 19:53:08,740 [main] INFO  base.BaseClass - Trying to find Element By {by.toString()})
2024-04-17 19:53:08,768 [main] INFO  base.BaseClass - Found Element By {by.toString()}
2024-04-17 19:53:09,319 [main] INFO  base.BaseClass - Trying to find Element By {by.toString()})
2024-04-17 19:53:09,333 [main] INFO  base.BaseClass - Found Element By {by.toString()}
2024-04-17 19:53:09,868 [main] INFO  base.BaseClass - Trying to find Element By {by.toString()})
2024-04-17 19:53:09,886 [main] INFO  base.BaseClass - Found Element By {by.toString()}
2024-04-17 19:53:10,430 [main] INFO  base.BaseClass - Trying to find Element By {by.toString()})
2024-04-17 19:53:10,457 [main] INFO  base.BaseClass - Found Element By {by.toString()}
2024-04-17 19:53:11,008 [main] INFO  base.BaseClass - Trying to find Element By {by.toString()})
2024-04-17 19:53:11,026 [main] INFO  base.BaseClass - Found Element By {by.toString()}
2024-04-17 19:53:11,568 [main] INFO  base.BaseClass - Trying to find Element By {by.toString()})
2024-04-17 19:53:11,594 [main] INFO  base.BaseClass - Found Element By {by.toString()}
2024-04-17 19:53:12,142 [main] INFO  base.BaseClass - Trying to find Element By {by.toString()})
2024-04-17 19:53:12,171 [main] INFO  base.BaseClass - Found Element By {by.toString()}
2024-04-17 19:53:12,721 [main] INFO  base.BaseClass - Trying to find Element By {by.toString()})
2024-04-17 19:53:12,749 [main] INFO  base.BaseClass - Found Element By {by.toString()}
2024-04-17 19:53:13,297 [main] INFO  base.BaseClass - Trying to find Element By {by.toString()})
2024-04-17 19:53:13,324 [main] INFO  base.BaseClass - Found Element By {by.toString()}
2024-04-17 19:53:13,858 [main] INFO  base.BaseClass - Trying to find Element By {by.toString()})
2024-04-17 19:53:13,886 [main] INFO  base.BaseClass - Found Element By {by.toString()}
2024-04-17 19:53:14,438 [main] INFO  base.BaseClass - Trying to find Element By {by.toString()})
2024-04-17 19:53:14,466 [main] INFO  base.BaseClass - Found Element By {by.toString()}
2024-04-17 19:53:15,005 [main] INFO  base.BaseClass - Trying to find Element By {by.toString()})
2024-04-17 19:53:15,032 [main] INFO  base.BaseClass - Found Element By {by.toString()}
2024-04-17 19:53:15,583 [main] INFO  base.BaseClass - Trying to find Element By {by.toString()})
2024-04-17 19:53:15,610 [main] INFO  base.BaseClass - Found Element By {by.toString()}
2024-04-17 19:53:16,163 [main] INFO  base.BaseClass - Trying to find Element By {by.toString()})
2024-04-17 19:53:16,190 [main] INFO  base.BaseClass - Found Element By {by.toString()}
2024-04-17 19:53:16,742 [main] INFO  base.BaseClass - Trying to find Element By {by.toString()})
2024-04-17 19:53:16,771 [main] INFO  base.BaseClass - Found Element By {by.toString()}
2024-04-17 19:53:17,321 [main] INFO  base.BaseClass - Trying to find Element By {by.toString()})
2024-04-17 19:53:17,349 [main] INFO  base.BaseClass - Found Element By {by.toString()}
2024-04-17 19:53:17,898 [main] INFO  base.BaseClass - Trying to find Element By {by.toString()})
2024-04-17 19:53:17,925 [main] INFO  base.BaseClass - Found Element By {by.toString()}
2024-04-17 19:53:18,481 [main] INFO  base.BaseClass - Trying to find Element By {by.toString()})
2024-04-17 19:53:18,508 [main] INFO  base.BaseClass - Found Element By {by.toString()}
2024-04-17 19:53:19,056 [main] INFO  base.BaseClass - Trying to find Element By {by.toString()})
2024-04-17 19:53:19,084 [main] INFO  base.BaseClass - Found Element By {by.toString()}
2024-04-17 19:53:19,634 [main] INFO  base.BaseClass - Trying to find Element By {by.toString()})
2024-04-17 19:53:19,662 [main] INFO  base.BaseClass - Found Element By {by.toString()}
2024-04-17 19:53:20,212 [main] INFO  base.BaseClass - Trying to find Element By {by.toString()})
2024-04-17 19:53:20,239 [main] INFO  base.BaseClass - Found Element By {by.toString()}
2024-04-17 19:53:20,773 [main] INFO  base.BaseClass - Trying to find Element By {by.toString()})
2024-04-17 19:53:20,801 [main] INFO  base.BaseClass - Found Element By {by.toString()}
2024-04-17 19:53:21,352 [main] INFO  base.BaseClass - Trying to find Element By {by.toString()})
2024-04-17 19:53:21,380 [main] INFO  base.BaseClass - Found Element By {by.toString()}
2024-04-17 19:53:21,931 [main] INFO  base.BaseClass - Trying to find Element By {by.toString()})
2024-04-17 19:53:21,952 [main] INFO  base.BaseClass - Found Element By {by.toString()}
2024-04-17 19:53:22,478 [main] INFO  base.BaseClass - Trying to find Element By {by.toString()})
2024-04-17 19:53:22,506 [main] INFO  base.BaseClass - Found Element By {by.toString()}
2024-04-17 19:53:23,055 [main] INFO  base.BaseClass - Trying to find Element By {by.toString()})
2024-04-17 19:53:23,083 [main] INFO  base.BaseClass - Found Element By {by.toString()}
2024-04-17 19:53:23,621 [main] INFO  base.BaseClass - Trying to find Element By {by.toString()})
2024-04-17 19:53:23,651 [main] INFO  base.BaseClass - Found Element By {by.toString()}
2024-04-17 19:53:24,202 [main] INFO  base.BaseClass - Trying to find Element By {by.toString()})
2024-04-17 19:53:24,229 [main] INFO  base.BaseClass - Found Element By {by.toString()}
2024-04-17 19:53:24,784 [main] INFO  base.BaseClass - Trying to find Element By {by.toString()})
2024-04-17 19:53:24,813 [main] INFO  base.BaseClass - Found Element By {by.toString()}
2024-04-17 19:53:25,361 [main] INFO  base.BaseClass - Trying to find Element By {by.toString()})
2024-04-17 19:53:25,389 [main] INFO  base.BaseClass - Found Element By {by.toString()}
2024-04-17 19:53:25,938 [main] INFO  base.BaseClass - Trying to find Element By {by.toString()})
2024-04-17 19:53:25,966 [main] INFO  base.BaseClass - Found Element By {by.toString()}
2024-04-17 19:53:26,519 [main] INFO  base.BaseClass - Trying to find Element By {by.toString()})
2024-04-17 19:53:26,547 [main] INFO  base.BaseClass - Found Element By {by.toString()}
2024-04-17 19:53:27,099 [main] INFO  base.BaseClass - Trying to find Element By {by.toString()})
2024-04-17 19:53:27,127 [main] INFO  base.BaseClass - Found Element By {by.toString()}
2024-04-17 19:53:27,680 [main] INFO  base.BaseClass - Trying to find Element By {by.toString()})
2024-04-17 19:53:27,707 [main] INFO  base.BaseClass - Found Element By {by.toString()}
2024-04-17 19:53:28,260 [main] INFO  base.BaseClass - Trying to find Element By {by.toString()})
2024-04-17 19:53:28,288 [main] INFO  base.BaseClass - Found Element By {by.toString()}
2024-04-17 19:53:28,840 [main] INFO  base.BaseClass - Trying to find Element By {by.toString()})
2024-04-17 19:53:28,869 [main] INFO  base.BaseClass - Found Element By {by.toString()}
TimeoutException occurred: Expected condition failed: waiting for helper.WaitUtility$5@99a8bc5 (tried for 30 second(s) with 500 milliseconds interval)
Build info: version: '3.141.59', revision: 'e82be7d358', time: '2018-11-14T08:17:03'
System info: host: 'DPLAP166', ip: '137.237.2.236', os.name: 'Windows 10', os.arch: 'amd64', os.version: '10.0', java.version: '19.0.1'
Driver info: org.openqa.selenium.support.events.EventFiringWebDriver
Capabilities {acceptInsecureCerts: true, browserName: chrome, browserVersion: 123.0.6312.123, chrome: {chromedriverVersion: 123.0.6312.122 (31f8248cdd9..., userDataDir: C:\Users\dP-PL\AppData\Loca...}, fedcm:accounts: true, goog:chromeOptions: {debuggerAddress: localhost:51256}, javascriptEnabled: true, networkConnectionEnabled: false, pageLoadStrategy: normal, platform: WINDOWS, platformName: WINDOWS, proxy: Proxy(), setWindowRect: true, strictFileInteractability: false, timeouts: {implicit: 0, pageLoad: 300000, script: 30000}, unhandledPromptBehavior: dismiss and notify, webauthn:extension:credBlob: true, webauthn:extension:largeBlob: true, webauthn:extension:minPinLength: true, webauthn:extension:prf: true, webauthn:virtualAuthenticators: true}
Session ID: a59c4df4811f82049fe754efe723d3c1
2024-04-17 19:53:28,895 [main] ERROR RotationCopy_test - Element did not become visible within the specified time: Expected condition failed: waiting for helper.WaitUtility$5@99a8bc5 (tried for 30 second(s) with 500 milliseconds interval)
Build info: version: '3.141.59', revision: 'e82be7d358', time: '2018-11-14T08:17:03'
System info: host: 'DPLAP166', ip: '137.237.2.236', os.name: 'Windows 10', os.arch: 'amd64', os.version: '10.0', java.version: '19.0.1'
Driver info: org.openqa.selenium.support.events.EventFiringWebDriver
Capabilities {acceptInsecureCerts: true, browserName: chrome, browserVersion: 123.0.6312.123, chrome: {chromedriverVersion: 123.0.6312.122 (31f8248cdd9..., userDataDir: C:\Users\dP-PL\AppData\Loca...}, fedcm:accounts: true, goog:chromeOptions: {debuggerAddress: localhost:51256}, javascriptEnabled: true, networkConnectionEnabled: false, pageLoadStrategy: normal, platform: WINDOWS, platformName: WINDOWS, proxy: Proxy(), setWindowRect: true, strictFileInteractability: false, timeouts: {implicit: 0, pageLoad: 300000, script: 30000}, unhandledPromptBehavior: dismiss and notify, webauthn:extension:credBlob: true, webauthn:extension:largeBlob: true, webauthn:extension:minPinLength: true, webauthn:extension:prf: true, webauthn:virtualAuthenticators: true}
Session ID: a59c4df4811f82049fe754efe723d3c1
2024-04-17 19:53:28,895 [main] INFO  base.BaseClass - Trying to find Element By {by.toString()})
2024-04-17 19:53:28,910 [main] INFO  base.BaseClass - Found Element By {by.toString()}
2024-04-17 19:53:28,910 [main] INFO  base.BaseClass - Trying to click on: {element.toString()}
2024-04-17 19:53:28,979 [main] INFO  base.BaseClass - Clicked on: {element.toString()}
2024-04-17 19:53:28,985 [main] INFO  base.BaseClass - Trying to find Element By {by.toString()})
2024-04-17 19:53:28,995 [main] INFO  base.BaseClass - Found Element By {by.toString()}
2024-04-17 19:53:29,510 [main] INFO  base.BaseClass - Trying to find Element By {by.toString()})
2024-04-17 19:53:29,539 [main] INFO  base.BaseClass - Found Element By {by.toString()}
2024-04-17 19:53:30,088 [main] INFO  base.BaseClass - Trying to find Element By {by.toString()})
2024-04-17 19:53:30,120 [main] INFO  base.BaseClass - Found Element By {by.toString()}
2024-04-17 19:53:30,663 [main] INFO  base.BaseClass - Trying to find Element By {by.toString()})
2024-04-17 19:53:30,691 [main] INFO  base.BaseClass - Found Element By {by.toString()}
2024-04-17 19:53:31,241 [main] INFO  base.BaseClass - Trying to find Element By {by.toString()})
2024-04-17 19:53:31,269 [main] INFO  base.BaseClass - Found Element By {by.toString()}
2024-04-17 19:53:31,820 [main] INFO  base.BaseClass - Trying to find Element By {by.toString()})
2024-04-17 19:53:31,848 [main] INFO  base.BaseClass - Found Element By {by.toString()}
2024-04-17 19:53:32,384 [main] INFO  base.BaseClass - Trying to find Element By {by.toString()})
2024-04-17 19:53:32,413 [main] INFO  base.BaseClass - Found Element By {by.toString()}
2024-04-17 19:53:32,964 [main] INFO  base.BaseClass - Trying to find Element By {by.toString()})
2024-04-17 19:53:32,992 [main] INFO  base.BaseClass - Found Element By {by.toString()}
2024-04-17 19:53:33,531 [main] INFO  base.BaseClass - Trying to find Element By {by.toString()})
2024-04-17 19:53:33,558 [main] INFO  base.BaseClass - Found Element By {by.toString()}
2024-04-17 19:53:34,108 [main] INFO  base.BaseClass - Trying to find Element By {by.toString()})
2024-04-17 19:53:34,137 [main] INFO  base.BaseClass - Found Element By {by.toString()}
2024-04-17 19:53:34,688 [main] INFO  base.BaseClass - Trying to find Element By {by.toString()})
2024-04-17 19:53:34,716 [main] INFO  base.BaseClass - Found Element By {by.toString()}
2024-04-17 19:53:35,265 [main] INFO  base.BaseClass - Trying to find Element By {by.toString()})
2024-04-17 19:53:35,292 [main] INFO  base.BaseClass - Found Element By {by.toString()}
2024-04-17 19:53:35,844 [main] INFO  base.BaseClass - Trying to find Element By {by.toString()})
2024-04-17 19:53:35,872 [main] INFO  base.BaseClass - Found Element By {by.toString()}
2024-04-17 19:53:36,422 [main] INFO  base.BaseClass - Trying to find Element By {by.toString()})
2024-04-17 19:53:36,452 [main] INFO  base.BaseClass - Found Element By {by.toString()}
2024-04-17 19:53:36,999 [main] INFO  base.BaseClass - Trying to find Element By {by.toString()})
2024-04-17 19:53:37,029 [main] INFO  base.BaseClass - Found Element By {by.toString()}
2024-04-17 19:53:37,577 [main] INFO  base.BaseClass - Trying to find Element By {by.toString()})
2024-04-17 19:53:37,605 [main] INFO  base.BaseClass - Found Element By {by.toString()}
2024-04-17 19:53:38,152 [main] INFO  base.BaseClass - Trying to find Element By {by.toString()})
2024-04-17 19:53:38,181 [main] INFO  base.BaseClass - Found Element By {by.toString()}
2024-04-17 19:53:38,717 [main] INFO  base.BaseClass - Trying to find Element By {by.toString()})
2024-04-17 19:53:38,747 [main] INFO  base.BaseClass - Found Element By {by.toString()}
2024-04-17 19:53:39,281 [main] INFO  base.BaseClass - Trying to find Element By {by.toString()})
2024-04-17 19:53:39,308 [main] INFO  base.BaseClass - Found Element By {by.toString()}
2024-04-17 19:53:39,843 [main] INFO  base.BaseClass - Trying to find Element By {by.toString()})
2024-04-17 19:53:39,872 [main] INFO  base.BaseClass - Found Element By {by.toString()}
2024-04-17 19:53:40,405 [main] INFO  base.BaseClass - Trying to find Element By {by.toString()})
2024-04-17 19:53:40,435 [main] INFO  base.BaseClass - Found Element By {by.toString()}
2024-04-17 19:53:40,984 [main] INFO  base.BaseClass - Trying to find Element By {by.toString()})
2024-04-17 19:53:41,012 [main] INFO  base.BaseClass - Found Element By {by.toString()}
2024-04-17 19:53:41,548 [main] INFO  base.BaseClass - Trying to find Element By {by.toString()})
2024-04-17 19:53:41,563 [main] INFO  base.BaseClass - Found Element By {by.toString()}
2024-04-17 19:53:42,096 [main] INFO  base.BaseClass - Trying to find Element By {by.toString()})
2024-04-17 19:53:42,124 [main] INFO  base.BaseClass - Found Element By {by.toString()}
2024-04-17 19:53:42,659 [main] INFO  base.BaseClass - Trying to find Element By {by.toString()})
2024-04-17 19:53:42,689 [main] INFO  base.BaseClass - Found Element By {by.toString()}
2024-04-17 19:53:43,236 [main] INFO  base.BaseClass - Trying to find Element By {by.toString()})
2024-04-17 19:53:43,265 [main] INFO  base.BaseClass - Found Element By {by.toString()}
2024-04-17 19:53:43,817 [main] INFO  base.BaseClass - Trying to find Element By {by.toString()})
2024-04-17 19:53:43,845 [main] INFO  base.BaseClass - Found Element By {by.toString()}
2024-04-17 19:53:44,395 [main] INFO  base.BaseClass - Trying to find Element By {by.toString()})
2024-04-17 19:53:44,423 [main] INFO  base.BaseClass - Found Element By {by.toString()}
2024-04-17 19:53:44,971 [main] INFO  base.BaseClass - Trying to find Element By {by.toString()})
2024-04-17 19:53:44,999 [main] INFO  base.BaseClass - Found Element By {by.toString()}
2024-04-17 19:53:45,551 [main] INFO  base.BaseClass - Trying to find Element By {by.toString()})
2024-04-17 19:53:45,572 [main] INFO  base.BaseClass - Found Element By {by.toString()}
2024-04-17 19:53:46,116 [main] INFO  base.BaseClass - Trying to find Element By {by.toString()})
2024-04-17 19:53:46,143 [main] INFO  base.BaseClass - Found Element By {by.toString()}
2024-04-17 19:53:46,694 [main] INFO  base.BaseClass - Trying to find Element By {by.toString()})
2024-04-17 19:53:46,722 [main] INFO  base.BaseClass - Found Element By {by.toString()}
2024-04-17 19:53:47,270 [main] INFO  base.BaseClass - Trying to find Element By {by.toString()})
2024-04-17 19:53:47,300 [main] INFO  base.BaseClass - Found Element By {by.toString()}
2024-04-17 19:53:47,848 [main] INFO  base.BaseClass - Trying to find Element By {by.toString()})
2024-04-17 19:53:47,876 [main] INFO  base.BaseClass - Found Element By {by.toString()}
2024-04-17 19:53:48,425 [main] INFO  base.BaseClass - Trying to find Element By {by.toString()})
2024-04-17 19:53:48,453 [main] INFO  base.BaseClass - Found Element By {by.toString()}
2024-04-17 19:53:49,005 [main] INFO  base.BaseClass - Trying to find Element By {by.toString()})
2024-04-17 19:53:49,034 [main] INFO  base.BaseClass - Found Element By {by.toString()}
2024-04-17 19:53:49,580 [main] INFO  base.BaseClass - Trying to find Element By {by.toString()})
2024-04-17 19:53:49,601 [main] INFO  base.BaseClass - Found Element By {by.toString()}
2024-04-17 19:53:50,128 [main] INFO  base.BaseClass - Trying to find Element By {by.toString()})
2024-04-17 19:53:50,154 [main] INFO  base.BaseClass - Found Element By {by.toString()}
2024-04-17 19:53:50,707 [main] INFO  base.BaseClass - Trying to find Element By {by.toString()})
2024-04-17 19:53:50,736 [main] INFO  base.BaseClass - Found Element By {by.toString()}
2024-04-17 19:53:51,284 [main] INFO  base.BaseClass - Trying to find Element By {by.toString()})
2024-04-17 19:53:51,490 [main] INFO  base.BaseClass - Found Element By {by.toString()}
2024-04-17 19:53:52,035 [main] INFO  base.BaseClass - Trying to find Element By {by.toString()})
2024-04-17 19:53:52,066 [main] INFO  base.BaseClass - Found Element By {by.toString()}
2024-04-17 19:53:52,615 [main] INFO  base.BaseClass - Trying to find Element By {by.toString()})
2024-04-17 19:53:52,636 [main] INFO  base.BaseClass - Found Element By {by.toString()}
2024-04-17 19:53:53,166 [main] INFO  base.BaseClass - Trying to find Element By {by.toString()})
2024-04-17 19:53:53,198 [main] INFO  base.BaseClass - Found Element By {by.toString()}
2024-04-17 19:53:53,732 [main] INFO  base.BaseClass - Trying to find Element By {by.toString()})
2024-04-17 19:53:53,763 [main] INFO  base.BaseClass - Found Element By {by.toString()}
2024-04-17 19:53:54,312 [main] INFO  base.BaseClass - Trying to find Element By {by.toString()})
2024-04-17 19:53:54,340 [main] INFO  base.BaseClass - Found Element By {by.toString()}
2024-04-17 19:53:54,890 [main] INFO  base.BaseClass - Trying to find Element By {by.toString()})
2024-04-17 19:53:54,919 [main] INFO  base.BaseClass - Found Element By {by.toString()}
2024-04-17 19:53:55,468 [main] INFO  base.BaseClass - Trying to find Element By {by.toString()})
2024-04-17 19:53:55,498 [main] INFO  base.BaseClass - Found Element By {by.toString()}
2024-04-17 19:53:56,046 [main] INFO  base.BaseClass - Trying to find Element By {by.toString()})
2024-04-17 19:53:56,075 [main] INFO  base.BaseClass - Found Element By {by.toString()}
2024-04-17 19:53:56,624 [main] INFO  base.BaseClass - Trying to find Element By {by.toString()})
2024-04-17 19:53:56,645 [main] INFO  base.BaseClass - Found Element By {by.toString()}
2024-04-17 19:53:57,173 [main] INFO  base.BaseClass - Trying to find Element By {by.toString()})
2024-04-17 19:53:57,204 [main] INFO  base.BaseClass - Found Element By {by.toString()}
2024-04-17 19:53:57,749 [main] INFO  base.BaseClass - Trying to find Element By {by.toString()})
2024-04-17 19:53:57,767 [main] INFO  base.BaseClass - Found Element By {by.toString()}
2024-04-17 19:53:58,296 [main] INFO  base.BaseClass - Trying to find Element By {by.toString()})
2024-04-17 19:53:58,323 [main] INFO  base.BaseClass - Found Element By {by.toString()}
2024-04-17 19:53:58,872 [main] INFO  base.BaseClass - Trying to find Element By {by.toString()})
2024-04-17 19:53:58,900 [main] INFO  base.BaseClass - Found Element By {by.toString()}
2024-04-17 19:53:59,452 [main] INFO  base.BaseClass - Trying to find Element By {by.toString()})
2024-04-17 19:53:59,480 [main] INFO  base.BaseClass - Found Element By {by.toString()}
TimeoutException occurred: Expected condition failed: waiting for helper.WaitUtility$5@7375638 (tried for 30 second(s) with 500 milliseconds interval)
Build info: version: '3.141.59', revision: 'e82be7d358', time: '2018-11-14T08:17:03'
System info: host: 'DPLAP166', ip: '137.237.2.236', os.name: 'Windows 10', os.arch: 'amd64', os.version: '10.0', java.version: '19.0.1'
Driver info: org.openqa.selenium.support.events.EventFiringWebDriver
Capabilities {acceptInsecureCerts: true, browserName: chrome, browserVersion: 123.0.6312.123, chrome: {chromedriverVersion: 123.0.6312.122 (31f8248cdd9..., userDataDir: C:\Users\dP-PL\AppData\Loca...}, fedcm:accounts: true, goog:chromeOptions: {debuggerAddress: localhost:51256}, javascriptEnabled: true, networkConnectionEnabled: false, pageLoadStrategy: normal, platform: WINDOWS, platformName: WINDOWS, proxy: Proxy(), setWindowRect: true, strictFileInteractability: false, timeouts: {implicit: 0, pageLoad: 300000, script: 30000}, unhandledPromptBehavior: dismiss and notify, webauthn:extension:credBlob: true, webauthn:extension:largeBlob: true, webauthn:extension:minPinLength: true, webauthn:extension:prf: true, webauthn:virtualAuthenticators: true}
Session ID: a59c4df4811f82049fe754efe723d3c1
2024-04-17 19:53:59,514 [main] ERROR RotationCopy_test - Element did not become visible within the specified time: Expected condition failed: waiting for helper.WaitUtility$5@7375638 (tried for 30 second(s) with 500 milliseconds interval)
Build info: version: '3.141.59', revision: 'e82be7d358', time: '2018-11-14T08:17:03'
System info: host: 'DPLAP166', ip: '137.237.2.236', os.name: 'Windows 10', os.arch: 'amd64', os.version: '10.0', java.version: '19.0.1'
Driver info: org.openqa.selenium.support.events.EventFiringWebDriver
Capabilities {acceptInsecureCerts: true, browserName: chrome, browserVersion: 123.0.6312.123, chrome: {chromedriverVersion: 123.0.6312.122 (31f8248cdd9..., userDataDir: C:\Users\dP-PL\AppData\Loca...}, fedcm:accounts: true, goog:chromeOptions: {debuggerAddress: localhost:51256}, javascriptEnabled: true, networkConnectionEnabled: false, pageLoadStrategy: normal, platform: WINDOWS, platformName: WINDOWS, proxy: Proxy(), setWindowRect: true, strictFileInteractability: false, timeouts: {implicit: 0, pageLoad: 300000, script: 30000}, unhandledPromptBehavior: dismiss and notify, webauthn:extension:credBlob: true, webauthn:extension:largeBlob: true, webauthn:extension:minPinLength: true, webauthn:extension:prf: true, webauthn:virtualAuthenticators: true}
Session ID: a59c4df4811f82049fe754efe723d3c1
2024-04-17 19:53:59,514 [main] INFO  base.BaseClass - Trying to find Element By {by.toString()})
2024-04-17 19:53:59,531 [main] INFO  base.BaseClass - Found Element By {by.toString()}
2024-04-17 19:53:59,531 [main] INFO  base.BaseClass - Trying to click on: {element.toString()}
2024-04-17 19:53:59,741 [main] INFO  base.BaseClass - Clicked on: {element.toString()}
2024-04-17 19:53:59,741 [main] INFO  base.BaseClass - Trying to find Element By {by.toString()})
TimeoutException occurred: Expected condition failed: waiting for helper.WaitUtility$5@47174710 (tried for 30 second(s) with 500 milliseconds interval)
2024-04-17 19:54:49,762 [main] ERROR RotationCopy_test - Element did not become visible within the specified time: Expected condition failed: waiting for helper.WaitUtility$5@47174710 (tried for 30 second(s) with 500 milliseconds interval)
2024-04-17 19:54:49,762 [main] INFO  base.BaseClass - Trying to find Element By {by.toString()})
CopyRotaionGroup failed!
]]></system-out>
    <system-err><![CDATA[SLF4J: Class path contains multiple SLF4J bindings.
SLF4J: Found binding in [jar:file:/C:/Users/dP-PL/.m2/repository/org/apache/logging/log4j/log4j-slf4j-impl/2.17.0/log4j-slf4j-impl-2.17.0.jar!/org/slf4j/impl/StaticLoggerBinder.class]
SLF4J: Found binding in [jar:file:/C:/Users/dP-PL/.m2/repository/org/sonatype/gossip/gossip/1.0/gossip-1.0.jar!/org/slf4j/impl/StaticLoggerBinder.class]
SLF4J: Found binding in [jar:file:/C:/Users/dP-PL/.m2/repository/org/slf4j/slf4j-nop/1.5.3/slf4j-nop-1.5.3.jar!/org/slf4j/impl/StaticLoggerBinder.class]
SLF4J: Found binding in [jar:file:/C:/Users/dP-PL/.m2/repository/org/slf4j/slf4j-jdk14/1.5.6/slf4j-jdk14-1.5.6.jar!/org/slf4j/impl/StaticLoggerBinder.class]
SLF4J: See http://www.slf4j.org/codes.html#multiple_bindings for an explanation.
SLF4J: Actual binding is of type [org.apache.logging.slf4j.Log4jLoggerFactory]
Starting ChromeDriver 123.0.6312.122 (31f8248cdd90acbac59f700b603fed0b5967ca50-refs/branch-heads/6312@{#824}) on port 5987
Only local connections are allowed.
Please see https://chromedriver.chromium.org/security-considerations for suggestions on keeping ChromeDriver safe.
ChromeDriver was started successfully.
Apr 17, 2024 5:43:42 PM org.openqa.selenium.remote.ProtocolHandshake createSession
INFO: Detected dialect: W3C
]]></system-err>
  </testcase>
</testsuite>