<?xml version="1.0" encoding="UTF-8"?>
<!-- Generated by org.testng.reporters.JUnitReportReporter -->
<testsuite hostname="dPLAP166" failures="0" tests="3" name="XGLT_6672_Test" time="388.856" errors="0" timestamp="2024-01-26T00:05:10 IST" skipped="2">
  <testcase classname="XGLT_6672_Test" name="CreateAdcopyoflen15" time="388.856"/>
  <system-out/>
  <testcase classname="XGLT_6672_Test" name="CreateSecondAdcopyoflen15">
    <skipped/>
  </testcase> <!-- CreateSecondAdcopyoflen15 -->
  <system-out/>
  <testcase classname="XGLT_6672_Test" name="CreateAdcopyoflen30">
    <skipped/>
  </testcase> <!-- CreateAdcopyoflen30 -->
  <system-out/>
</testsuite> <!-- XGLT_6672_Test -->
