<?xml version="1.0" encoding="UTF-8"?>
<!-- Generated by org.testng.reporters.JUnitReportReporter -->
<testsuite hostname="dPLAP166" failures="0" tests="2" name="XGLT_6692_Test" time="434.328" errors="0" timestamp="2024-01-26T00:05:10 IST" skipped="0">
  <testcase classname="XGLT_6692_Test" name="MCsetUser" time="427.496"/>
  <system-out/>
  <testcase classname="XGLT_6692_Test" name="getMCUsercounts" time="6.832"/>
  <system-out>
    <![CDATA[winActiveDir is 0
 logged in users is 1
 total xgl users 18
 total number of users is 0
Value in DB 18 and value on MC widget is 18]]>
  </system-out>
</testsuite> <!-- XGLT_6692_Test -->
