<?xml version="1.0" encoding="UTF-8"?>
<!-- Generated by org.testng.reporters.JUnitReportReporter -->
<testsuite hostname="dPLAP166" failures="0" tests="1" name="XGLT_6150_Test" time="21.436" errors="0" timestamp="2023-10-03T19:46:50 IST" skipped="0">
  <testcase classname="XGLT_6150_Test" name="CreateNewrevenuType" time="21.436"/>
  <system-out>
    <![CDATA[Value selected is LOCAL | Local]]>
  </system-out>
</testsuite> <!-- XGLT_6150_Test -->
