<?xml version="1.0" encoding="UTF-8"?>
<!-- Generated by org.testng.reporters.JUnitReportReporter -->
<testsuite hostname="dPLAP166" failures="0" tests="2" name="XGLT_6992_Test" time="12.551" errors="0" timestamp="2023-09-12T21:46:43 IST" skipped="0">
  <testcase classname="XGLT_6992_Test" name="MCsetUser" time="5.684"/>
  <system-out/>
  <testcase classname="XGLT_6992_Test" name="getMCUsercounts" time="6.867"/>
  <system-out>
    <![CDATA[winActiveDir is 0
 logged in users is 3
 total xgl users 76
 total number of users is 0
Value in DB 76 and value on MC widget is 76]]>
  </system-out>
</testsuite> <!-- XGLT_6992_Test -->
