<?xml version="1.0" encoding="UTF-8"?>
<!-- Generated by org.testng.reporters.JUnitReportReporter -->
<testsuite hostname="dPLAP166" failures="0" tests="2" name="XGLT_6756_Test" time="396.505" errors="0" timestamp="2024-03-07T23:43:15 IST" skipped="0">
  <testcase classname="XGLT_6756_Test" name="search_user_role" time="213.984"/>
  <system-out/>
  <testcase classname="XGLT_6756_Test" name="create_user_role" time="182.521"/>
  <system-out/>
</testsuite> <!-- XGLT_6756_Test -->
