<?xml version="1.0" encoding="UTF-8"?>
<!-- Generated by org.testng.reporters.JUnitReportReporter -->
<testsuite hostname="dPLAP166" failures="0" tests="4" name="XGLT_6685_Test" time="886.557" errors="0" timestamp="2024-01-26T00:05:10 IST" skipped="0">
  <testcase classname="XGLT_6685_Test" name="MCActivewithRevenue" time="520.349"/>
  <system-out>
    <![CDATA[MC Customer with active revenue value is 45
Customer page count for active revenue is 45]]>
  </system-out>
  <testcase classname="XGLT_6685_Test" name="MCinactivewithrev" time="122.272"/>
  <system-out>
    <![CDATA[MC Customer with inactive revenue value is 1
Customer page count for inactive revenue is 1]]>
  </system-out>
  <testcase classname="XGLT_6685_Test" name="MCactivewithoutrev" time="121.764"/>
  <system-out>
    <![CDATA[MC active without revenue value is 33
Customer page count for active without revenue is 33]]>
  </system-out>
  <testcase classname="XGLT_6685_Test" name="MCCredithold" time="122.172"/>
  <system-out>
    <![CDATA[MC credit hold value is 1
Customer page count for credit hold is 1]]>
  </system-out>
</testsuite> <!-- XGLT_6685_Test -->
