<?xml version="1.0" encoding="UTF-8"?>
<!-- Generated by org.testng.reporters.JUnitReportReporter -->
<testsuite hostname="dPLAP166" failures="0" tests="1" name="XGLT_6753_Test" time="21.349" errors="0" timestamp="2023-10-03T19:46:50 IST" skipped="0">
  <testcase classname="XGLT_6753_Test" name="CreateCommodityCode" time="21.349"/>
  <system-out/>
</testsuite> <!-- XGLT_6753_Test -->
