<?xml version="1.0" encoding="UTF-8"?>
<!-- Generated by org.testng.reporters.JUnitReportReporter -->
<testsuite hostname="dPLAP166" failures="0" tests="1" name="XGLT_6150_Test" time="21.505" errors="0" timestamp="2023-09-29T21:40:48 IST" skipped="0">
  <testcase classname="XGLT_6150_Test" name="CreateNewrevenuType" time="21.505"/>
  <system-out>
    <![CDATA[Value selected is Digital | Digital]]>
  </system-out>
</testsuite> <!-- XGLT_6150_Test -->
