<?xml version="1.0" encoding="UTF-8"?>
<!-- Generated by org.testng.reporters.JUnitReportReporter -->
<testsuite hostname="dPLAP166" failures="0" tests="1" name="ReadApiResponseOnWebpageWithUI" time="1.484" errors="0" timestamp="2023-12-13T16:11:04 IST" skipped="0">
  <testcase classname="ReadApiResponseOnWebpageWithUI" name="getresponse" time="1.484"/>
  <system-out/>
</testsuite> <!-- ReadApiResponseOnWebpageWithUI -->
