<?xml version="1.0" encoding="UTF-8"?>
<!-- Generated by org.testng.reporters.JUnitReportReporter -->
<testsuite hostname="dPLAP166" failures="0" tests="2" name="XGLT_6992_Test" time="12.962" errors="0" timestamp="2023-09-29T21:40:48 IST" skipped="0">
  <testcase classname="XGLT_6992_Test" name="MCsetUser" time="5.513"/>
  <system-out/>
  <testcase classname="XGLT_6992_Test" name="getMCUsercounts" time="7.449"/>
  <system-out>
    <![CDATA[winActiveDir is 0
 logged in users is 1
 total xgl users 84
 total number of users is 0
Value in DB 84 and value on MC widget is 84]]>
  </system-out>
</testsuite> <!-- XGLT_6992_Test -->
