<?xml version="1.0" encoding="UTF-8"?>
<!-- Generated by org.testng.reporters.JUnitReportReporter -->
<testsuite hostname="dPLAP166" failures="0" tests="1" name="XGLT_15177_Test" time="2.953" errors="0" timestamp="2023-10-03T19:46:50 IST" skipped="0">
  <testcase classname="XGLT_15177_Test" name="About" time="2.953"/>
  <system-out>
    <![CDATA[InstanceXGTXDB-SRCA - Spectrum Reach
InstanceXGTXDB-SRCA - Spectrum ReachData Service10.96.201.217:1521/xgtxdb
InstanceXGTXDB-SRCA - Spectrum ReachData Service10.96.201.217:1521/xgtxdbChannel CountChannelCount: 6377, HeadendCount=155
InstanceXGTXDB-SRCA - Spectrum ReachData Service10.96.201.217:1521/xgtxdbChannel CountChannelCount: 6377, HeadendCount=155Build Inforelease/2.5.3 | ID=c0a3f30 8a @ 08/18/23 05:33 PM**
InstanceXGTXDB-SRCA - Spectrum ReachData Service10.96.201.217:1521/xgtxdbChannel CountChannelCount: 6377, HeadendCount=155Build Inforelease/2.5.3 | ID=c0a3f30 8a @ 08/18/23 05:33 PM**Package InfoxGLinear 2.5.3 Azure Build at 08/18/2023 17:38:35
Pass: About information read]]>
  </system-out>
</testsuite> <!-- XGLT_15177_Test -->
