<?xml version="1.0" encoding="UTF-8"?>
<!-- Generated by org.testng.reporters.JUnitReportReporter -->
<testsuite hostname="dPLAP166" failures="0" tests="1" name="XGLT_6748_Test" time="21.924" errors="0" timestamp="2023-09-12T21:46:43 IST" skipped="0">
  <testcase classname="XGLT_6748_Test" name="CreateNewSalesPerson" time="21.924"/>
  <system-out>
    <![CDATA[Company entity selected is COLM | Columbus Sales Office
Company entity selected is 01 | Denver Interconnect]]>
  </system-out>
</testsuite> <!-- XGLT_6748_Test -->
