<?xml version="1.0" encoding="UTF-8"?>
<!-- Generated by org.testng.reporters.JUnitReportReporter -->
<testsuite hostname="dPLAP166" failures="0" tests="1" name="XGLT_6693_Test" time="5.671" errors="0" timestamp="2023-10-03T19:46:51 IST" skipped="0">
  <testcase classname="XGLT_6693_Test" name="MissonControlReset" time="5.671"/>
  <system-out>
    <![CDATA[Pass: Test XGLT-6693]]>
  </system-out>
</testsuite> <!-- XGLT_6693_Test -->
