<?xml version="1.0" encoding="UTF-8"?>
<!-- Generated by org.testng.reporters.JUnitReportReporter -->
<testsuite hostname="dPLAP166" failures="0" tests="1" name="XGLT_6751_Test" time="214.997" errors="0" timestamp="2024-03-07T23:43:15 IST" skipped="0">
  <testcase classname="XGLT_6751_Test" name="CreateNewRetailUnit" time="214.997"/>
  <system-out/>
</testsuite> <!-- XGLT_6751_Test -->
