<?xml version="1.0" encoding="UTF-8"?>
<!-- Generated by org.testng.reporters.JUnitReportReporter -->
<testsuite hostname="dPLAP166" failures="0" tests="1" name="XGLT_15177_Test" time="62.885" errors="0" timestamp="2024-03-07T23:43:15 IST" skipped="0">
  <testcase classname="XGLT_15177_Test" name="About" time="62.885"/>
  <system-out>
    <![CDATA[InstanceXGLDB-MS2 - XGCA
InstanceXGLDB-MS2 - XGCAData Service10.96.201.239:1521/xgldb
InstanceXGLDB-MS2 - XGCAData Service10.96.201.239:1521/xgldbChannel CountChannelCount: 6243, HeadendCount=160
InstanceXGLDB-MS2 - XGCAData Service10.96.201.239:1521/xgldbChannel CountChannelCount: 6243, HeadendCount=160Build Infodevelop | ID=7f50d75 00 @ 03/05/24 02:16 PM
InstanceXGLDB-MS2 - XGCAData Service10.96.201.239:1521/xgldbChannel CountChannelCount: 6243, HeadendCount=160Build Infodevelop | ID=7f50d75 00 @ 03/05/24 02:16 PMPackage InfoxGLinear 2.6.0 RC4 03/05/2024 14:21:36
Pass: About information read]]>
  </system-out>
</testsuite> <!-- XGLT_15177_Test -->
