<?xml version="1.0" encoding="UTF-8"?>
<!-- Generated by org.testng.reporters.JUnitReportReporter -->
<testsuite hostname="dPLAP166" failures="0" tests="1" name="XGLT_6751_Test" time="214.636" errors="0" timestamp="2024-01-26T00:05:10 IST" skipped="0">
  <testcase classname="XGLT_6751_Test" name="CreateNewRetailUnit" time="214.636"/>
  <system-out/>
</testsuite> <!-- XGLT_6751_Test -->
