<?xml version="1.0" encoding="UTF-8"?>
<!-- Generated by org.testng.reporters.JUnitReportReporter -->
<testsuite hostname="dPLAP166" failures="0" tests="1" name="XGLT_6748_Test" time="266.338" errors="0" timestamp="2024-01-26T00:05:10 IST" skipped="0">
  <testcase classname="XGLT_6748_Test" name="CreateNewSalesPerson" time="266.338"/>
  <system-out>
    <![CDATA[Value selected is 6V | 6Vsalesperson
Value selected is 01 | Denver Interconnect]]>
  </system-out>
</testsuite> <!-- XGLT_6748_Test -->
