<?xml version="1.0" encoding="UTF-8"?>
<!-- Generated by org.testng.reporters.JUnitReportReporter -->
<testsuite hostname="dPLAP166" failures="0" tests="1" name="XGL_CustomerCSVexport" time="70.387" errors="0" timestamp="2024-05-10T22:46:05 IST" skipped="0">
  <testcase classname="XGL_CustomerCSVexport" name="CustomerExportCSV" time="70.387"/>
  <system-out/>
</testsuite> <!-- XGL_CustomerCSVexport -->
