<?xml version="1.0" encoding="UTF-8"?>
<!-- Generated by org.testng.reporters.JUnitReportReporter -->
<testsuite hostname="dPLAP166" failures="0" tests="1" name="XGLT_6753_Test" time="22.051" errors="0" timestamp="2023-09-29T21:40:48 IST" skipped="0">
  <testcase classname="XGLT_6753_Test" name="CreateCommodityCode" time="22.051"/>
  <system-out/>
</testsuite> <!-- XGLT_6753_Test -->
