<?xml version="1.0" encoding="UTF-8"?>
<!-- Generated by org.testng.reporters.JUnitReportReporter -->
<testsuite hostname="dPLAP166" failures="0" tests="2" name="XGLT_6756_Test" time="397.706" errors="0" timestamp="2024-03-04T21:39:27 IST" skipped="0">
  <testcase classname="XGLT_6756_Test" name="search_user_role" time="212.722"/>
  <system-out/>
  <testcase classname="XGLT_6756_Test" name="create_user_role" time="184.984"/>
  <system-out/>
</testsuite> <!-- XGLT_6756_Test -->
