<?xml version="1.0" encoding="UTF-8"?>
<!-- Generated by org.testng.reporters.JUnitReportReporter -->
<testsuite hostname="dPLAP166" failures="0" tests="2" name="XGLT_6752_Test" time="7.368" errors="0" timestamp="2023-09-29T21:40:48 IST" skipped="0">
  <testcase classname="XGLT_6752_Test" name="CreateNewSoftRegion" time="3.611"/>
  <system-out/>
  <testcase classname="XGLT_6752_Test" name="CreateNewHardRegion" time="3.757"/>
  <system-out/>
</testsuite> <!-- XGLT_6752_Test -->
