<?xml version="1.0" encoding="UTF-8"?>
<!-- Generated by org.testng.reporters.JUnitReportReporter -->
<testsuite hostname="dPLAP166" failures="0" tests="1" name="XGLT_6749_Test" time="153.711" errors="0" timestamp="2024-01-26T00:05:10 IST" skipped="0">
  <testcase classname="XGLT_6749_Test" name="CreateNewSalesoffice" time="153.711"/>
  <system-out/>
</testsuite> <!-- XGLT_6749_Test -->
