<?xml version="1.0" encoding="UTF-8"?>
<!-- Generated by org.testng.reporters.JUnitReportReporter -->
<testsuite hostname="dPLAP166" failures="0" tests="1" name="XGLT_15177_Test" time="2.947" errors="0" timestamp="2023-09-12T21:46:43 IST" skipped="0">
  <testcase classname="XGLT_15177_Test" name="About" time="2.947"/>
  <system-out>
    <![CDATA[InstanceQA134-PS xGL DB
InstanceQA134-PS xGL DBData Service10.7.30.164:1521/xgldb
InstanceQA134-PS xGL DBData Service10.7.30.164:1521/xgldbChannel CountChannelCount: 580, HeadendCount=97
InstanceQA134-PS xGL DBData Service10.7.30.164:1521/xgldbChannel CountChannelCount: 580, HeadendCount=97Build Infodevelop | ID=89bdbb3 a4 @ 09/12/23 07:46 AM
InstanceQA134-PS xGL DBData Service10.7.30.164:1521/xgldbChannel CountChannelCount: 580, HeadendCount=97Build Infodevelop | ID=89bdbb3 a4 @ 09/12/23 07:46 AMPackage InfoxGLinear 2.6.0 Azure Build at 09/12/2023 07:50:50
Pass: About information read]]>
  </system-out>
</testsuite> <!-- XGLT_15177_Test -->
