<?xml version="1.0" encoding="UTF-8"?>
<!-- Generated by org.testng.reporters.JUnitReportReporter -->
<testsuite hostname="dPLAP166" failures="0" tests="2" name="Create_Network" time="274.311" errors="0" timestamp="2023-11-29T22:50:22 IST" skipped="0">
  <testcase classname="Create_Network" name="search_Network" time="213.468"/>
  <system-out/>
  <testcase classname="Create_Network" name="create_Network" time="60.843"/>
  <system-out/>
</testsuite> <!-- Create_Network -->
