<?xml version="1.0" encoding="UTF-8"?>
<!-- Generated by org.testng.reporters.JUnitReportReporter -->
<testsuite hostname="dPLAP166" failures="0" tests="1" name="pingTest" time="0.489" errors="0" timestamp="2024-01-26T00:05:10 IST" skipped="0">
  <testcase classname="pingTest" name="pingTest" time="0.489"/>
  <system-out>
    <![CDATA[Sending ping request to 10.7.30.134
Sending ping request to 10.7.30.164]]>
  </system-out>
</testsuite> <!-- pingTest -->
