<?xml version="1.0" encoding="UTF-8"?>
<!-- Generated by org.testng.reporters.JUnitReportReporter -->
<testsuite hostname="dPLAP166" failures="0" tests="2" name="Create_Network" time="1.859" errors="0" timestamp="2023-09-12T21:46:43 IST" skipped="0">
  <testcase classname="Create_Network" name="search_Network" time="1.365"/>
  <system-out/>
  <testcase classname="Create_Network" name="create_Network" time="0.494"/>
  <system-out/>
</testsuite> <!-- Create_Network -->
