<?xml version="1.0" encoding="UTF-8"?>
<!-- Generated by org.testng.reporters.JUnitReportReporter -->
<testsuite hostname="dPLAP166" failures="0" tests="1" name="XGLT_6150_Test" time="235.516" errors="0" timestamp="2024-03-07T23:43:15 IST" skipped="0">
  <testcase classname="XGLT_6150_Test" name="CreateNewrevenuType" time="235.516"/>
  <system-out>
    <![CDATA[Value selected is LOCAL | Local]]>
  </system-out>
</testsuite> <!-- XGLT_6150_Test -->
