<?xml version="1.0" encoding="UTF-8"?>
<!-- Generated by org.testng.reporters.JUnitReportReporter -->
<testsuite hostname="dPLAP166" failures="0" tests="1" name="XGLT_6748_Test" time="22.617" errors="0" timestamp="2023-10-03T19:46:50 IST" skipped="0">
  <testcase classname="XGLT_6748_Test" name="CreateNewSalesPerson" time="22.617"/>
  <system-out>
    <![CDATA[Value selected is 3PTY | 3rd Party
Value selected is 01 | *D-N-U* Spectrum Reach]]>
  </system-out>
</testsuite> <!-- XGLT_6748_Test -->
