<?xml version="1.0" encoding="UTF-8"?>
<!-- Generated by org.testng.reporters.JUnitReportReporter -->
<testsuite hostname="dPLAP166" failures="0" tests="1" name="XGLT_15177_Test" time="2.840" errors="0" timestamp="2023-09-29T21:40:48 IST" skipped="0">
  <testcase classname="XGLT_15177_Test" name="About" time="2.840"/>
  <system-out>
    <![CDATA[InstanceQA134-PS xGL DB
InstanceQA134-PS xGL DBData Service10.7.30.164:1521/xgldb
InstanceQA134-PS xGL DBData Service10.7.30.164:1521/xgldbChannel CountChannelCount: 585, HeadendCount=97
InstanceQA134-PS xGL DBData Service10.7.30.164:1521/xgldbChannel CountChannelCount: 585, HeadendCount=97Build Infodevelop | ID=ee188f4 b6 @ 09/29/23 11:03 AM
InstanceQA134-PS xGL DBData Service10.7.30.164:1521/xgldbChannel CountChannelCount: 585, HeadendCount=97Build Infodevelop | ID=ee188f4 b6 @ 09/29/23 11:03 AMPackage InfoxGLinear 2.6.0 Azure Build at 09/29/2023 11:09:04
Pass: About information read]]>
  </system-out>
</testsuite> <!-- XGLT_15177_Test -->
