<?xml version="1.0" encoding="UTF-8"?>
<!-- Generated by org.testng.reporters.JUnitReportReporter -->
<testsuite hostname="dPLAP166" failures="0" tests="1" name="XGLT_6748_Test" time="268.640" errors="0" timestamp="2023-11-29T22:50:22 IST" skipped="0">
  <testcase classname="XGLT_6748_Test" name="CreateNewSalesPerson" time="268.640"/>
  <system-out>
    <![CDATA[Value selected is 1304P | Pinellas LSM 1
Value selected is 01 | CHANGE ME]]>
  </system-out>
</testsuite> <!-- XGLT_6748_Test -->
