<?xml version="1.0" encoding="UTF-8"?>
<!-- Generated by org.testng.reporters.JUnitReportReporter -->
<testsuite hostname="dPLAP166" failures="0" tests="1" name="XGLT_6749_Test" time="0.783" errors="0" timestamp="2023-10-03T19:46:50 IST" skipped="0">
  <testcase classname="XGLT_6749_Test" name="CreateNewSalesoffice" time="0.783"/>
  <system-out/>
</testsuite> <!-- XGLT_6749_Test -->
