<?xml version="1.0" encoding="UTF-8"?>
<!-- Generated by org.testng.reporters.JUnitReportReporter -->
<testsuite hostname="dPLAP166" failures="0" tests="1" name="XGLT_6748_Test" time="25.618" errors="0" timestamp="2023-09-29T21:40:48 IST" skipped="0">
  <testcase classname="XGLT_6748_Test" name="CreateNewSalesPerson" time="25.618"/>
  <system-out>
    <![CDATA[Value selected is 7U | 7Usalesperson
Value selected is 01 | Denver Interconnect]]>
  </system-out>
</testsuite> <!-- XGLT_6748_Test -->
