<?xml version="1.0" encoding="UTF-8"?>
<!-- Generated by org.testng.reporters.JUnitReportReporter -->
<testsuite hostname="dPLAP166" failures="0" tests="1" name="XGLT_6751_Test" time="215.188" errors="0" timestamp="2023-11-29T22:50:22 IST" skipped="0">
  <testcase classname="XGLT_6751_Test" name="CreateNewRetailUnit" time="215.188"/>
  <system-out/>
</testsuite> <!-- XGLT_6751_Test -->
