<?xml version="1.0" encoding="UTF-8"?>
<!-- Generated by org.testng.reporters.JUnitReportReporter -->
<testsuite hostname="dPLAP166" failures="0" tests="2" name="XGLT_6692_Test" time="439.057" errors="0" timestamp="2024-03-07T23:43:15 IST" skipped="0">
  <testcase classname="XGLT_6692_Test" name="MCsetUser" time="429.481"/>
  <system-out/>
  <testcase classname="XGLT_6692_Test" name="getMCUsercounts" time="9.576"/>
  <system-out>
    <![CDATA[winActiveDir is 0
 logged in users is 1
 total xgl users 28
 total number of users is 3,360
Value in DB 3388 and value on MC widget is 3388]]>
  </system-out>
</testsuite> <!-- XGLT_6692_Test -->
