<?xml version="1.0" encoding="UTF-8"?>
<!-- Generated by org.testng.reporters.JUnitReportReporter -->
<testsuite hostname="dPLAP166" failures="0" tests="4" name="XGLT_6687_Test" time="935.016" errors="0" timestamp="2024-01-26T00:05:10 IST" skipped="0">
  <testcase classname="XGLT_6687_Test" name="setFinanceWidget" time="429.126"/>
  <system-out/>
  <testcase classname="XGLT_6687_Test" name="OpenRecord" time="92.259"/>
  <system-out>
    <![CDATA[MC value for open is 56
Billing submission count for open invoices is 56]]>
  </system-out>
  <testcase classname="XGLT_6687_Test" name="PreparedRecord" time="291.476"/>
  <system-out>
    <![CDATA[MC value for prepared is 0
Billing submission count for prepared invoices is 0]]>
  </system-out>
  <testcase classname="XGLT_6687_Test" name="SubmittedRecord" time="122.155"/>
  <system-out>
    <![CDATA[MC value for submitted is 5
Billing submission count for submitted invoices is 5]]>
  </system-out>
</testsuite> <!-- XGLT_6687_Test -->
