<?xml version="1.0" encoding="UTF-8"?>
<!-- Generated by org.testng.reporters.JUnitReportReporter -->
<testsuite hostname="dPLAP166" failures="0" tests="3" name="XGLT_6666_Test" time="274.881" errors="0" timestamp="2024-03-07T23:43:15 IST" skipped="2">
  <testcase classname="XGLT_6666_Test" name="CreateNewStandardCust" time="274.881"/>
  <system-out/>
  <testcase classname="XGLT_6666_Test" name="CreateNewAgencyCust">
    <skipped/>
  </testcase> <!-- CreateNewAgencyCust -->
  <system-out/>
  <testcase classname="XGLT_6666_Test" name="CreateNewRepCust">
    <skipped/>
  </testcase> <!-- CreateNewRepCust -->
  <system-out/>
</testsuite> <!-- XGLT_6666_Test -->
