<?xml version="1.0" encoding="UTF-8"?>
<!-- Generated by org.testng.reporters.JUnitReportReporter -->
<testsuite hostname="dPLAP166" failures="0" tests="1" name="XGLT_6749_Test" time="153.638" errors="0" timestamp="2024-03-07T23:43:15 IST" skipped="0">
  <testcase classname="XGLT_6749_Test" name="CreateNewSalesoffice" time="153.638"/>
  <system-out/>
</testsuite> <!-- XGLT_6749_Test -->
