<?xml version="1.0" encoding="UTF-8"?>
<!-- Generated by org.testng.reporters.JUnitReportReporter -->
<testsuite hostname="dPLAP166" failures="0" tests="1" name="XGLT_15177_Test" time="62.667" errors="0" timestamp="2023-11-29T22:50:22 IST" skipped="0">
  <testcase classname="XGLT_15177_Test" name="About" time="62.667"/>
  <system-out>
    <![CDATA[Instancexgldb-MS4 XGLDB - Spectrum Reach
Instancexgldb-MS4 XGLDB - Spectrum ReachData Service10.96.200.238:1521/xgldb
Instancexgldb-MS4 XGLDB - Spectrum ReachData Service10.96.200.238:1521/xgldbChannel CountChannelCount: 5492, HeadendCount=157
Instancexgldb-MS4 XGLDB - Spectrum ReachData Service10.96.200.238:1521/xgldbChannel CountChannelCount: 5492, HeadendCount=157Build Inforelease/2.5.3 | ID=bd63b94 23 @ 11/28/23 05:18 PM
Instancexgldb-MS4 XGLDB - Spectrum ReachData Service10.96.200.238:1521/xgldbChannel CountChannelCount: 5492, HeadendCount=157Build Inforelease/2.5.3 | ID=bd63b94 23 @ 11/28/23 05:18 PMPackage InfoxGLinear 2.5.3.7 RC5 11/28/2023 17:24:58
Pass: About information read]]>
  </system-out>
</testsuite> <!-- XGLT_15177_Test -->
