<?xml version="1.0" encoding="UTF-8"?>
<!-- Generated by org.testng.reporters.JUnitReportReporter -->
<testsuite hostname="dPLAP166" failures="0" tests="1" name="XGLT_15177_Test" time="62.730" errors="0" timestamp="2024-01-26T00:05:10 IST" skipped="0">
  <testcase classname="XGLT_15177_Test" name="About" time="62.730"/>
  <system-out>
    <![CDATA[InstanceQA03-QA03-PS xGL DB (Training DB)
InstanceQA03-QA03-PS xGL DB (Training DB)Data Service10.7.30.190:1521/xgldb
InstanceQA03-QA03-PS xGL DB (Training DB)Data Service10.7.30.190:1521/xgldbChannel CountChannelCount: 551, HeadendCount=57
InstanceQA03-QA03-PS xGL DB (Training DB)Data Service10.7.30.190:1521/xgldbChannel CountChannelCount: 551, HeadendCount=57Build Inforelease/2.5.3 | ID=c5f2364 b4 @ 01/24/24 04:46 PM
InstanceQA03-QA03-PS xGL DB (Training DB)Data Service10.7.30.190:1521/xgldbChannel CountChannelCount: 551, HeadendCount=57Build Inforelease/2.5.3 | ID=c5f2364 b4 @ 01/24/24 04:46 PMPackage InfoxGLinear 2.5.3.8 Azure Build at 01/24/2024 16:51:42
Pass: About information read]]>
  </system-out>
</testsuite> <!-- XGLT_15177_Test -->
