<?xml version="1.0" encoding="UTF-8"?>
<!-- Generated by org.testng.reporters.JUnitReportReporter -->
<testsuite hostname="dPLAP166" failures="0" tests="2" name="Create_Network" time="275.141" errors="0" timestamp="2024-03-07T23:43:15 IST" skipped="0">
  <testcase classname="Create_Network" name="search_Network" time="213.778"/>
  <system-out/>
  <testcase classname="Create_Network" name="create_Network" time="61.363"/>
  <system-out/>
</testsuite> <!-- Create_Network -->
