<?xml version="1.0" encoding="UTF-8"?>
<!-- Generated by org.testng.reporters.JUnitReportReporter -->
<testsuite hostname="dPLAP166" failures="0" tests="2" name="XGLT_6752_Test" time="367.264" errors="0" timestamp="2024-01-26T00:05:10 IST" skipped="1">
  <testcase classname="XGLT_6752_Test" name="CreateNewSoftRegion" time="367.264"/>
  <system-out/>
  <testcase classname="XGLT_6752_Test" name="CreateNewHardRegion">
    <skipped/>
  </testcase> <!-- CreateNewHardRegion -->
  <system-out/>
</testsuite> <!-- XGLT_6752_Test -->
