<?xml version="1.0" encoding="UTF-8"?>
<!-- Generated by org.testng.reporters.JUnitReportReporter -->
<testsuite hostname="dPLAP166" failures="0" tests="1" name="XGLT_6748_Test" time="266.688" errors="0" timestamp="2024-03-07T23:43:15 IST" skipped="0">
  <testcase classname="XGLT_6748_Test" name="CreateNewSalesPerson" time="266.688"/>
  <system-out>
    <![CDATA[Value selected is 3PTY | 3rd Party
Value selected is 01 | *D-N-U* Spectrum Reach]]>
  </system-out>
</testsuite> <!-- XGLT_6748_Test -->
